<?xml version="1.0" encoding="UTF-8"?>
<testsuite xmlns:xsi="http://www.w3.org/2001/XMLSchema-instance" xsi:noNamespaceSchemaLocation="https://maven.apache.org/surefire/maven-surefire-plugin/xsd/surefire-test-report.xsd" name="org.apache.hadoop.ozone.freon.TestFreonWithPipelineDestroy" time="33.54" tests="1" errors="1" skipped="0" failures="0">
  <properties>
    <property name="awt.toolkit" value="sun.awt.X11.XToolkit"/>
    <property name="file.encoding.pkg" value="sun.io"/>
    <property name="java.specification.version" value="1.8"/>
    <property name="sun.cpu.isalist" value=""/>
    <property name="sun.jnu.encoding" value="UTF-8"/>
    <property name="java.class.path" value="/workdir/hadoop-ozone/tools/target/test-classes:/workdir/hadoop-ozone/tools/target/classes:/home/user/.m2/repository/org/apache/hadoop/hadoop-ozone-ozone-manager/0.5.0-SNAPSHOT/hadoop-ozone-ozone-manager-0.5.0-SNAPSHOT.jar:/home/user/.m2/repository/org/apache/hadoop/hadoop-hdds-docs/0.5.0-SNAPSHOT/hadoop-hdds-docs-0.5.0-SNAPSHOT.jar:/home/user/.m2/repository/org/bouncycastle/bcprov-jdk15on/1.60/bcprov-jdk15on-1.60.jar:/home/user/.m2/repository/org/apache/hadoop/hadoop-ozone-common/0.5.0-SNAPSHOT/hadoop-ozone-common-0.5.0-SNAPSHOT.jar:/home/user/.m2/repository/org/apache/commons/commons-compress/1.4.1/commons-compress-1.4.1.jar:/home/user/.m2/repository/org/tukaani/xz/1.0/xz-1.0.jar:/home/user/.m2/repository/org/apache/hadoop/hadoop-hdfs-client/3.2.0/hadoop-hdfs-client-3.2.0.jar:/home/user/.m2/repository/com/fasterxml/jackson/core/jackson-annotations/2.9.5/jackson-annotations-2.9.5.jar:/home/user/.m2/repository/org/apache/hadoop/hadoop-hdds-common/0.5.0-SNAPSHOT/hadoop-hdds-common-0.5.0-SNAPSHOT.jar:/home/user/.m2/repository/org/apache/hadoop/hadoop-hdds-config/0.5.0-SNAPSHOT/hadoop-hdds-config-0.5.0-SNAPSHOT.jar:/home/user/.m2/repository/javax/annotation/javax.annotation-api/1.2/javax.annotation-api-1.2.jar:/home/user/.m2/repository/org/apache/ratis/ratis-server/0.4.0-2337318-SNAPSHOT/ratis-server-0.4.0-2337318-SNAPSHOT.jar:/home/user/.m2/repository/org/apache/ratis/ratis-thirdparty-misc/0.2.0/ratis-thirdparty-misc-0.2.0.jar:/home/user/.m2/repository/org/apache/ratis/ratis-proto/0.4.0-2337318-SNAPSHOT/ratis-proto-0.4.0-2337318-SNAPSHOT.jar:/home/user/.m2/repository/org/apache/ratis/ratis-common/0.4.0-2337318-SNAPSHOT/ratis-common-0.4.0-2337318-SNAPSHOT.jar:/home/user/.m2/repository/org/apache/ratis/ratis-client/0.4.0-2337318-SNAPSHOT/ratis-client-0.4.0-2337318-SNAPSHOT.jar:/home/user/.m2/repository/org/apache/ratis/ratis-metrics/0.4.0-2337318-SNAPSHOT/ratis-metrics-0.4.0-2337318-SNAPSHOT.jar:/home/user/.m2/repository/org/apache/ratis/ratis-netty/0.4.0-2337318-SNAPSHOT/ratis-netty-0.4.0-2337318-SNAPSHOT.jar:/home/user/.m2/repository/org/apache/ratis/ratis-grpc/0.4.0-2337318-SNAPSHOT/ratis-grpc-0.4.0-2337318-SNAPSHOT.jar:/home/user/.m2/repository/org/rocksdb/rocksdbjni/6.0.1/rocksdbjni-6.0.1.jar:/home/user/.m2/repository/org/apache/logging/log4j/log4j-api/2.11.0/log4j-api-2.11.0.jar:/home/user/.m2/repository/org/apache/logging/log4j/log4j-core/2.11.0/log4j-core-2.11.0.jar:/home/user/.m2/repository/com/lmax/disruptor/3.4.2/disruptor-3.4.2.jar:/home/user/.m2/repository/org/apache/commons/commons-pool2/2.6.0/commons-pool2-2.6.0.jar:/home/user/.m2/repository/org/bouncycastle/bcpkix-jdk15on/1.60/bcpkix-jdk15on-1.60.jar:/home/user/.m2/repository/commons-validator/commons-validator/1.6/commons-validator-1.6.jar:/home/user/.m2/repository/commons-digester/commons-digester/1.8.1/commons-digester-1.8.1.jar:/home/user/.m2/repository/io/jaegertracing/jaeger-client/0.33.1/jaeger-client-0.33.1.jar:/home/user/.m2/repository/io/jaegertracing/jaeger-thrift/0.33.1/jaeger-thrift-0.33.1.jar:/home/user/.m2/repository/org/apache/thrift/libthrift/0.11.0/libthrift-0.11.0.jar:/home/user/.m2/repository/com/squareup/okhttp3/okhttp/3.9.0/okhttp-3.9.0.jar:/home/user/.m2/repository/com/squareup/okio/okio/1.13.0/okio-1.13.0.jar:/home/user/.m2/repository/io/jaegertracing/jaeger-core/0.33.1/jaeger-core-0.33.1.jar:/home/user/.m2/repository/io/jaegertracing/jaeger-tracerresolver/0.33.1/jaeger-tracerresolver-0.33.1.jar:/home/user/.m2/repository/io/opentracing/contrib/opentracing-tracerresolver/0.1.5/opentracing-tracerresolver-0.1.5.jar:/home/user/.m2/repository/io/opentracing/opentracing-util/0.31.0/opentracing-util-0.31.0.jar:/home/user/.m2/repository/io/opentracing/opentracing-api/0.31.0/opentracing-api-0.31.0.jar:/home/user/.m2/repository/io/opentracing/opentracing-noop/0.31.0/opentracing-noop-0.31.0.jar:/home/user/.m2/repository/org/yaml/snakeyaml/1.16/snakeyaml-1.16.jar:/home/user/.m2/repository/org/apache/hadoop/hadoop-hdds-container-service/0.5.0-SNAPSHOT/hadoop-hdds-container-service-0.5.0-SNAPSHOT.jar:/home/user/.m2/repository/org/apache/hadoop/hadoop-hdds-client/0.5.0-SNAPSHOT/hadoop-hdds-client-0.5.0-SNAPSHOT.jar:/home/user/.m2/repository/org/apache/hadoop/hadoop-hdds-tools/0.5.0-SNAPSHOT/hadoop-hdds-tools-0.5.0-SNAPSHOT.jar:/home/user/.m2/repository/org/xerial/sqlite-jdbc/3.25.2/sqlite-jdbc-3.25.2.jar:/home/user/.m2/repository/org/apache/hadoop/hadoop-hdds-server-scm/0.5.0-SNAPSHOT/hadoop-hdds-server-scm-0.5.0-SNAPSHOT.jar:/home/user/.m2/repository/org/hamcrest/hamcrest-all/1.3/hamcrest-all-1.3.jar:/home/user/.m2/repository/info/picocli/picocli/3.9.6/picocli-3.9.6.jar:/home/user/.m2/repository/com/google/protobuf/protobuf-java/2.5.0/protobuf-java-2.5.0.jar:/home/user/.m2/repository/com/google/guava/guava/11.0.2/guava-11.0.2.jar:/home/user/.m2/repository/org/apache/hadoop/hadoop-ozone-client/0.5.0-SNAPSHOT/hadoop-ozone-client-0.5.0-SNAPSHOT.jar:/workdir/hadoop-ozone/ozonefs/target/classes:/home/user/.m2/repository/org/apache/hadoop/hadoop-hdds-server-framework/0.5.0-SNAPSHOT/hadoop-hdds-server-framework-0.5.0-SNAPSHOT.jar:/home/user/.m2/repository/org/apache/hadoop/hadoop-common/3.2.0/hadoop-common-3.2.0.jar:/home/user/.m2/repository/org/apache/hadoop/hadoop-annotations/3.2.0/hadoop-annotations-3.2.0.jar:/usr/lib/jvm/java-1.8-openjdk/jre/../lib/tools.jar:/home/user/.m2/repository/commons-cli/commons-cli/1.2/commons-cli-1.2.jar:/home/user/.m2/repository/org/apache/commons/commons-math3/3.1.1/commons-math3-3.1.1.jar:/home/user/.m2/repository/org/apache/httpcomponents/httpclient/4.5.2/httpclient-4.5.2.jar:/home/user/.m2/repository/org/apache/httpcomponents/httpcore/4.4.4/httpcore-4.4.4.jar:/home/user/.m2/repository/commons-codec/commons-codec/1.11/commons-codec-1.11.jar:/home/user/.m2/repository/commons-io/commons-io/2.5/commons-io-2.5.jar:/home/user/.m2/repository/commons-net/commons-net/3.6/commons-net-3.6.jar:/home/user/.m2/repository/commons-collections/commons-collections/3.2.2/commons-collections-3.2.2.jar:/home/user/.m2/repository/javax/servlet/javax.servlet-api/3.1.0/javax.servlet-api-3.1.0.jar:/home/user/.m2/repository/org/eclipse/jetty/jetty-server/9.3.24.v20180605/jetty-server-9.3.24.v20180605.jar:/home/user/.m2/repository/org/eclipse/jetty/jetty-http/9.3.24.v20180605/jetty-http-9.3.24.v20180605.jar:/home/user/.m2/repository/org/eclipse/jetty/jetty-io/9.3.24.v20180605/jetty-io-9.3.24.v20180605.jar:/home/user/.m2/repository/org/eclipse/jetty/jetty-util/9.3.24.v20180605/jetty-util-9.3.24.v20180605.jar:/home/user/.m2/repository/org/eclipse/jetty/jetty-servlet/9.3.24.v20180605/jetty-servlet-9.3.24.v20180605.jar:/home/user/.m2/repository/org/eclipse/jetty/jetty-security/9.3.24.v20180605/jetty-security-9.3.24.v20180605.jar:/home/user/.m2/repository/org/eclipse/jetty/jetty-webapp/9.3.24.v20180605/jetty-webapp-9.3.24.v20180605.jar:/home/user/.m2/repository/org/eclipse/jetty/jetty-xml/9.3.24.v20180605/jetty-xml-9.3.24.v20180605.jar:/home/user/.m2/repository/javax/servlet/jsp/jsp-api/2.1/jsp-api-2.1.jar:/home/user/.m2/repository/com/sun/jersey/jersey-core/1.19/jersey-core-1.19.jar:/home/user/.m2/repository/javax/ws/rs/jsr311-api/1.1.1/jsr311-api-1.1.1.jar:/home/user/.m2/repository/com/sun/jersey/jersey-servlet/1.19/jersey-servlet-1.19.jar:/home/user/.m2/repository/com/sun/jersey/jersey-json/1.19/jersey-json-1.19.jar:/home/user/.m2/repository/org/codehaus/jettison/jettison/1.1/jettison-1.1.jar:/home/user/.m2/repository/com/sun/xml/bind/jaxb-impl/2.3.0.1/jaxb-impl-2.3.0.1.jar:/home/user/.m2/repository/org/codehaus/jackson/jackson-core-asl/1.9.13/jackson-core-asl-1.9.13.jar:/home/user/.m2/repository/org/codehaus/jackson/jackson-mapper-asl/1.9.13/jackson-mapper-asl-1.9.13.jar:/home/user/.m2/repository/org/codehaus/jackson/jackson-jaxrs/1.9.13/jackson-jaxrs-1.9.13.jar:/home/user/.m2/repository/org/codehaus/jackson/jackson-xc/1.9.13/jackson-xc-1.9.13.jar:/home/user/.m2/repository/com/sun/jersey/jersey-server/1.19/jersey-server-1.19.jar:/home/user/.m2/repository/commons-logging/commons-logging/1.1.3/commons-logging-1.1.3.jar:/home/user/.m2/repository/log4j/log4j/1.2.17/log4j-1.2.17.jar:/home/user/.m2/repository/commons-beanutils/commons-beanutils/1.9.3/commons-beanutils-1.9.3.jar:/home/user/.m2/repository/org/apache/commons/commons-configuration2/2.1.1/commons-configuration2-2.1.1.jar:/home/user/.m2/repository/org/apache/commons/commons-lang3/3.7/commons-lang3-3.7.jar:/home/user/.m2/repository/org/apache/commons/commons-text/1.4/commons-text-1.4.jar:/home/user/.m2/repository/org/slf4j/slf4j-api/1.7.25/slf4j-api-1.7.25.jar:/home/user/.m2/repository/org/slf4j/slf4j-log4j12/1.7.25/slf4j-log4j12-1.7.25.jar:/home/user/.m2/repository/org/apache/avro/avro/1.7.7/avro-1.7.7.jar:/home/user/.m2/repository/com/thoughtworks/paranamer/paranamer/2.3/paranamer-2.3.jar:/home/user/.m2/repository/org/xerial/snappy/snappy-java/1.0.5/snappy-java-1.0.5.jar:/home/user/.m2/repository/com/google/re2j/re2j/1.1/re2j-1.1.jar:/home/user/.m2/repository/com/google/code/gson/gson/2.2.4/gson-2.2.4.jar:/home/user/.m2/repository/org/apache/hadoop/hadoop-auth/3.2.0/hadoop-auth-3.2.0.jar:/home/user/.m2/repository/com/nimbusds/nimbus-jose-jwt/4.41.1/nimbus-jose-jwt-4.41.1.jar:/home/user/.m2/repository/com/github/stephenc/jcip/jcip-annotations/1.0-1/jcip-annotations-1.0-1.jar:/home/user/.m2/repository/net/minidev/json-smart/2.3/json-smart-2.3.jar:/home/user/.m2/repository/net/minidev/accessors-smart/1.2/accessors-smart-1.2.jar:/home/user/.m2/repository/org/apache/curator/curator-framework/2.12.0/curator-framework-2.12.0.jar:/home/user/.m2/repository/com/jcraft/jsch/0.1.54/jsch-0.1.54.jar:/home/user/.m2/repository/org/apache/curator/curator-client/2.12.0/curator-client-2.12.0.jar:/home/user/.m2/repository/org/apache/curator/curator-recipes/2.12.0/curator-recipes-2.12.0.jar:/home/user/.m2/repository/com/google/code/findbugs/jsr305/3.0.0/jsr305-3.0.0.jar:/home/user/.m2/repository/org/apache/htrace/htrace-core4/4.1.0-incubating/htrace-core4-4.1.0-incubating.jar:/home/user/.m2/repository/org/apache/zookeeper/zookeeper/3.4.13/zookeeper-3.4.13.jar:/home/user/.m2/repository/org/apache/yetus/audience-annotations/0.5.0/audience-annotations-0.5.0.jar:/home/user/.m2/repository/org/apache/kerby/kerb-simplekdc/1.0.1/kerb-simplekdc-1.0.1.jar:/home/user/.m2/repository/org/apache/kerby/kerb-client/1.0.1/kerb-client-1.0.1.jar:/home/user/.m2/repository/org/apache/kerby/kerby-config/1.0.1/kerby-config-1.0.1.jar:/home/user/.m2/repository/org/apache/kerby/kerb-core/1.0.1/kerb-core-1.0.1.jar:/home/user/.m2/repository/org/apache/kerby/kerby-pkix/1.0.1/kerby-pkix-1.0.1.jar:/home/user/.m2/repository/org/apache/kerby/kerby-asn1/1.0.1/kerby-asn1-1.0.1.jar:/home/user/.m2/repository/org/apache/kerby/kerby-util/1.0.1/kerby-util-1.0.1.jar:/home/user/.m2/repository/org/apache/kerby/kerb-common/1.0.1/kerb-common-1.0.1.jar:/home/user/.m2/repository/org/apache/kerby/kerb-crypto/1.0.1/kerb-crypto-1.0.1.jar:/home/user/.m2/repository/org/apache/kerby/kerb-util/1.0.1/kerb-util-1.0.1.jar:/home/user/.m2/repository/org/apache/kerby/token-provider/1.0.1/token-provider-1.0.1.jar:/home/user/.m2/repository/org/apache/kerby/kerb-admin/1.0.1/kerb-admin-1.0.1.jar:/home/user/.m2/repository/org/apache/kerby/kerb-server/1.0.1/kerb-server-1.0.1.jar:/home/user/.m2/repository/org/apache/kerby/kerb-identity/1.0.1/kerb-identity-1.0.1.jar:/home/user/.m2/repository/org/apache/kerby/kerby-xdr/1.0.1/kerby-xdr-1.0.1.jar:/home/user/.m2/repository/com/fasterxml/jackson/core/jackson-databind/2.9.5/jackson-databind-2.9.5.jar:/home/user/.m2/repository/com/fasterxml/jackson/core/jackson-core/2.9.5/jackson-core-2.9.5.jar:/home/user/.m2/repository/org/codehaus/woodstox/stax2-api/3.1.4/stax2-api-3.1.4.jar:/home/user/.m2/repository/com/fasterxml/woodstox/woodstox-core/5.0.3/woodstox-core-5.0.3.jar:/home/user/.m2/repository/dnsjava/dnsjava/2.1.7/dnsjava-2.1.7.jar:/home/user/.m2/repository/org/apache/hadoop/hadoop-hdfs/3.2.0/hadoop-hdfs-3.2.0.jar:/home/user/.m2/repository/org/eclipse/jetty/jetty-util-ajax/9.3.24.v20180605/jetty-util-ajax-9.3.24.v20180605.jar:/home/user/.m2/repository/commons-daemon/commons-daemon/1.0.13/commons-daemon-1.0.13.jar:/home/user/.m2/repository/io/netty/netty/3.10.5.Final/netty-3.10.5.Final.jar:/home/user/.m2/repository/io/netty/netty-all/4.0.52.Final/netty-all-4.0.52.Final.jar:/home/user/.m2/repository/org/fusesource/leveldbjni/leveldbjni-all/1.8/leveldbjni-all-1.8.jar:/home/user/.m2/repository/com/sun/xml/bind/jaxb-core/2.3.0.1/jaxb-core-2.3.0.1.jar:/home/user/.m2/repository/javax/xml/bind/jaxb-api/2.3.0/jaxb-api-2.3.0.jar:/home/user/.m2/repository/javax/activation/activation/1.1.1/activation-1.1.1.jar:/home/user/.m2/repository/io/dropwizard/metrics/metrics-core/3.2.4/metrics-core-3.2.4.jar:/home/user/.m2/repository/org/openjdk/jmh/jmh-core/1.19/jmh-core-1.19.jar:/home/user/.m2/repository/net/sf/jopt-simple/jopt-simple/4.6/jopt-simple-4.6.jar:/home/user/.m2/repository/org/openjdk/jmh/jmh-generator-annprocess/1.19/jmh-generator-annprocess-1.19.jar:/home/user/.m2/repository/com/google/code/findbugs/findbugs/3.0.1/findbugs-3.0.1.jar:/home/user/.m2/repository/net/jcip/jcip-annotations/1.0/jcip-annotations-1.0.jar:/home/user/.m2/repository/com/google/code/findbugs/bcel-findbugs/6.0/bcel-findbugs-6.0.jar:/home/user/.m2/repository/com/google/code/findbugs/jFormatString/2.0.1/jFormatString-2.0.1.jar:/home/user/.m2/repository/dom4j/dom4j/1.6.1/dom4j-1.6.1.jar:/home/user/.m2/repository/xml-apis/xml-apis/1.0.b2/xml-apis-1.0.b2.jar:/home/user/.m2/repository/org/ow2/asm/asm-debug-all/5.0.2/asm-debug-all-5.0.2.jar:/home/user/.m2/repository/org/ow2/asm/asm-commons/5.0.2/asm-commons-5.0.2.jar:/home/user/.m2/repository/org/ow2/asm/asm-tree/5.0.2/asm-tree-5.0.2.jar:/home/user/.m2/repository/org/ow2/asm/asm/5.0.4/asm-5.0.4.jar:/home/user/.m2/repository/commons-lang/commons-lang/2.6/commons-lang-2.6.jar:/home/user/.m2/repository/com/apple/AppleJavaExtensions/1.4/AppleJavaExtensions-1.4.jar:/home/user/.m2/repository/jaxen/jaxen/1.1.6/jaxen-1.1.6.jar:/home/user/.m2/repository/junit/junit/4.11/junit-4.11.jar:/home/user/.m2/repository/org/hamcrest/hamcrest-core/1.3/hamcrest-core-1.3.jar:/home/user/.m2/repository/org/apache/hadoop/hadoop-common/3.2.0/hadoop-common-3.2.0-tests.jar:/workdir/hadoop-ozone/integration-test/target/test-classes:/home/user/.m2/repository/org/apache/hadoop/hadoop-ozone-objectstore-service/0.5.0-SNAPSHOT/hadoop-ozone-objectstore-service-0.5.0-SNAPSHOT.jar:/home/user/.m2/repository/org/apache/hadoop/hadoop-ozone-s3gateway/0.5.0-SNAPSHOT/hadoop-ozone-s3gateway-0.5.0-SNAPSHOT.jar:/home/user/.m2/repository/org/jboss/weld/servlet/weld-servlet/2.4.7.Final/weld-servlet-2.4.7.Final.jar:/home/user/.m2/repository/org/glassfish/jersey/containers/jersey-container-servlet-core/2.27/jersey-container-servlet-core-2.27.jar:/home/user/.m2/repository/org/glassfish/hk2/external/javax.inject/2.5.0-b42/javax.inject-2.5.0-b42.jar:/home/user/.m2/repository/org/glassfish/jersey/core/jersey-common/2.27/jersey-common-2.27.jar:/home/user/.m2/repository/org/glassfish/hk2/osgi-resource-locator/1.0.1/osgi-resource-locator-1.0.1.jar:/home/user/.m2/repository/javax/ws/rs/javax.ws.rs-api/2.1/javax.ws.rs-api-2.1.jar:/home/user/.m2/repository/org/glassfish/jersey/ext/cdi/jersey-cdi1x/2.27/jersey-cdi1x-2.27.jar:/home/user/.m2/repository/org/glassfish/jersey/inject/jersey-hk2/2.27/jersey-hk2-2.27.jar:/home/user/.m2/repository/org/glassfish/hk2/hk2-locator/2.5.0-b42/hk2-locator-2.5.0-b42.jar:/home/user/.m2/repository/org/javassist/javassist/3.22.0-CR2/javassist-3.22.0-CR2.jar:/home/user/.m2/repository/org/glassfish/hk2/hk2-api/2.5.0/hk2-api-2.5.0.jar:/home/user/.m2/repository/org/glassfish/hk2/external/jakarta.inject/2.5.0/jakarta.inject-2.5.0.jar:/home/user/.m2/repository/org/glassfish/hk2/hk2-utils/2.5.0/hk2-utils-2.5.0.jar:/home/user/.m2/repository/jakarta/annotation/jakarta.annotation-api/1.3.4/jakarta.annotation-api-1.3.4.jar:/home/user/.m2/repository/org/glassfish/hk2/external/aopalliance-repackaged/2.5.0/aopalliance-repackaged-2.5.0.jar:/home/user/.m2/repository/com/fasterxml/jackson/dataformat/jackson-dataformat-xml/2.9.0/jackson-dataformat-xml-2.9.0.jar:/home/user/.m2/repository/com/fasterxml/jackson/module/jackson-module-jaxb-annotations/2.9.5/jackson-module-jaxb-annotations-2.9.5.jar:/home/user/.m2/repository/javax/enterprise/cdi-api/1.2/cdi-api-1.2.jar:/home/user/.m2/repository/javax/el/javax.el-api/3.0.0/javax.el-api-3.0.0.jar:/home/user/.m2/repository/javax/interceptor/javax.interceptor-api/1.2/javax.interceptor-api-1.2.jar:/home/user/.m2/repository/javax/inject/javax.inject/1/javax.inject-1.jar:/home/user/.m2/repository/org/apache/hadoop/hadoop-ozone-csi/0.5.0-SNAPSHOT/hadoop-ozone-csi-0.5.0-SNAPSHOT.jar:/home/user/.m2/repository/com/google/protobuf/protobuf-java-util/3.5.1/protobuf-java-util-3.5.1.jar:/home/user/.m2/repository/io/grpc/grpc-netty/1.17.1/grpc-netty-1.17.1.jar:/home/user/.m2/repository/io/grpc/grpc-core/1.17.1/grpc-core-1.17.1.jar:/home/user/.m2/repository/io/grpc/grpc-context/1.17.1/grpc-context-1.17.1.jar:/home/user/.m2/repository/com/google/errorprone/error_prone_annotations/2.2.0/error_prone_annotations-2.2.0.jar:/home/user/.m2/repository/org/codehaus/mojo/animal-sniffer-annotations/1.17/animal-sniffer-annotations-1.17.jar:/home/user/.m2/repository/io/opencensus/opencensus-api/0.17.0/opencensus-api-0.17.0.jar:/home/user/.m2/repository/io/opencensus/opencensus-contrib-grpc-metrics/0.17.0/opencensus-contrib-grpc-metrics-0.17.0.jar:/home/user/.m2/repository/io/netty/netty-codec-http2/4.1.30.Final/netty-codec-http2-4.1.30.Final.jar:/home/user/.m2/repository/io/netty/netty-codec-http/4.1.30.Final/netty-codec-http-4.1.30.Final.jar:/home/user/.m2/repository/io/netty/netty-codec/4.1.30.Final/netty-codec-4.1.30.Final.jar:/home/user/.m2/repository/io/netty/netty-handler/4.1.30.Final/netty-handler-4.1.30.Final.jar:/home/user/.m2/repository/io/netty/netty-handler-proxy/4.1.30.Final/netty-handler-proxy-4.1.30.Final.jar:/home/user/.m2/repository/io/netty/netty-codec-socks/4.1.30.Final/netty-codec-socks-4.1.30.Final.jar:/home/user/.m2/repository/io/netty/netty-transport-native-epoll/4.1.30.Final/netty-transport-native-epoll-4.1.30.Final.jar:/home/user/.m2/repository/io/netty/netty-common/4.1.30.Final/netty-common-4.1.30.Final.jar:/home/user/.m2/repository/io/netty/netty-buffer/4.1.30.Final/netty-buffer-4.1.30.Final.jar:/home/user/.m2/repository/io/netty/netty-transport/4.1.30.Final/netty-transport-4.1.30.Final.jar:/home/user/.m2/repository/io/netty/netty-resolver/4.1.30.Final/netty-resolver-4.1.30.Final.jar:/home/user/.m2/repository/io/netty/netty-transport-native-unix-common/4.1.30.Final/netty-transport-native-unix-common-4.1.30.Final.jar:/home/user/.m2/repository/io/grpc/grpc-protobuf/1.17.1/grpc-protobuf-1.17.1.jar:/home/user/.m2/repository/com/google/api/grpc/proto-google-common-protos/1.0.0/proto-google-common-protos-1.0.0.jar:/home/user/.m2/repository/io/grpc/grpc-protobuf-lite/1.17.1/grpc-protobuf-lite-1.17.1.jar:/home/user/.m2/repository/io/grpc/grpc-stub/1.17.1/grpc-stub-1.17.1.jar:/home/user/.m2/repository/org/apache/hadoop/hadoop-ozone-recon/0.5.0-SNAPSHOT/hadoop-ozone-recon-0.5.0-SNAPSHOT.jar:/home/user/.m2/repository/org/apache/hadoop/hadoop-ozone-reconcodegen/0.5.0-SNAPSHOT/hadoop-ozone-reconcodegen-0.5.0-SNAPSHOT.jar:/home/user/.m2/repository/com/google/inject/extensions/guice-multibindings/4.0/guice-multibindings-4.0.jar:/home/user/.m2/repository/com/google/inject/guice/4.0/guice-4.0.jar:/home/user/.m2/repository/aopalliance/aopalliance/1.0/aopalliance-1.0.jar:/home/user/.m2/repository/com/google/inject/extensions/guice-servlet/4.0/guice-servlet-4.0.jar:/home/user/.m2/repository/org/glassfish/jersey/containers/jersey-container-servlet/2.27/jersey-container-servlet-2.27.jar:/home/user/.m2/repository/org/glassfish/hk2/guice-bridge/2.5.0/guice-bridge-2.5.0.jar:/home/user/.m2/repository/org/glassfish/jersey/core/jersey-server/2.27/jersey-server-2.27.jar:/home/user/.m2/repository/org/glassfish/jersey/core/jersey-client/2.27/jersey-client-2.27.jar:/home/user/.m2/repository/org/glassfish/jersey/media/jersey-media-jaxb/2.27/jersey-media-jaxb-2.27.jar:/home/user/.m2/repository/javax/validation/validation-api/1.1.0.Final/validation-api-1.1.0.Final.jar:/home/user/.m2/repository/org/glassfish/jersey/media/jersey-media-json-jackson/2.27/jersey-media-json-jackson-2.27.jar:/home/user/.m2/repository/org/glassfish/jersey/ext/jersey-entity-filtering/2.27/jersey-entity-filtering-2.27.jar:/home/user/.m2/repository/com/google/inject/extensions/guice-assistedinject/4.0/guice-assistedinject-4.0.jar:/home/user/.m2/repository/org/jooq/jooq/3.11.10/jooq-3.11.10.jar:/home/user/.m2/repository/org/jooq/jooq-meta/3.11.10/jooq-meta-3.11.10.jar:/home/user/.m2/repository/org/jooq/jooq-codegen/3.11.10/jooq-codegen-3.11.10.jar:/home/user/.m2/repository/com/jolbox/bonecp/0.8.0.RELEASE/bonecp-0.8.0.RELEASE.jar:/home/user/.m2/repository/org/springframework/spring-jdbc/5.1.3.RELEASE/spring-jdbc-5.1.3.RELEASE.jar:/home/user/.m2/repository/org/springframework/spring-beans/5.1.3.RELEASE/spring-beans-5.1.3.RELEASE.jar:/home/user/.m2/repository/org/springframework/spring-core/5.1.3.RELEASE/spring-core-5.1.3.RELEASE.jar:/home/user/.m2/repository/org/springframework/spring-jcl/5.1.3.RELEASE/spring-jcl-5.1.3.RELEASE.jar:/home/user/.m2/repository/org/springframework/spring-tx/5.1.3.RELEASE/spring-tx-5.1.3.RELEASE.jar:/home/user/.m2/repository/org/mockito/mockito-core/2.15.0/mockito-core-2.15.0.jar:/home/user/.m2/repository/net/bytebuddy/byte-buddy/1.7.9/byte-buddy-1.7.9.jar:/home/user/.m2/repository/net/bytebuddy/byte-buddy-agent/1.7.9/byte-buddy-agent-1.7.9.jar:/home/user/.m2/repository/org/objenesis/objenesis/1.0/objenesis-1.0.jar:"/>
    <property name="java.vm.vendor" value="IcedTea"/>
    <property name="sun.arch.data.model" value="64"/>
    <property name="test.build.dir" value="/workdir/hadoop-ozone/tools/target/test-dir"/>
    <property name="test.cache.data" value=""/>
    <property name="java.vendor.url" value="https://icedtea.classpath.org"/>
    <property name="user.timezone" value=""/>
    <property name="java.vm.specification.version" value="1.8"/>
    <property name="os.name" value="Linux"/>
    <property name="test.build.data" value="/workdir/hadoop-ozone/tools/target/test-dir"/>
    <property name="user.country" value="US"/>
    <property name="sun.java.launcher" value="SUN_STANDARD"/>
    <property name="sun.boot.library.path" value="/usr/lib/jvm/java-1.8-openjdk/jre/lib/amd64"/>
    <property name="sun.java.command" value="/workdir/hadoop-ozone/tools/target/surefire/surefirebooter9125876980504743990.jar /workdir/hadoop-ozone/tools/target/surefire 2019-09-20T03-36-44_923-jvmRun1 surefire5333679133082814319tmp surefire_1177846814365892175285tmp"/>
    <property name="test" value="!TestMiniChaosOzoneCluster"/>
    <property name="surefire.test.class.path" value="/workdir/hadoop-ozone/tools/target/test-classes:/workdir/hadoop-ozone/tools/target/classes:/home/user/.m2/repository/org/apache/hadoop/hadoop-ozone-ozone-manager/0.5.0-SNAPSHOT/hadoop-ozone-ozone-manager-0.5.0-SNAPSHOT.jar:/home/user/.m2/repository/org/apache/hadoop/hadoop-hdds-docs/0.5.0-SNAPSHOT/hadoop-hdds-docs-0.5.0-SNAPSHOT.jar:/home/user/.m2/repository/org/bouncycastle/bcprov-jdk15on/1.60/bcprov-jdk15on-1.60.jar:/home/user/.m2/repository/org/apache/hadoop/hadoop-ozone-common/0.5.0-SNAPSHOT/hadoop-ozone-common-0.5.0-SNAPSHOT.jar:/home/user/.m2/repository/org/apache/commons/commons-compress/1.4.1/commons-compress-1.4.1.jar:/home/user/.m2/repository/org/tukaani/xz/1.0/xz-1.0.jar:/home/user/.m2/repository/org/apache/hadoop/hadoop-hdfs-client/3.2.0/hadoop-hdfs-client-3.2.0.jar:/home/user/.m2/repository/com/fasterxml/jackson/core/jackson-annotations/2.9.5/jackson-annotations-2.9.5.jar:/home/user/.m2/repository/org/apache/hadoop/hadoop-hdds-common/0.5.0-SNAPSHOT/hadoop-hdds-common-0.5.0-SNAPSHOT.jar:/home/user/.m2/repository/org/apache/hadoop/hadoop-hdds-config/0.5.0-SNAPSHOT/hadoop-hdds-config-0.5.0-SNAPSHOT.jar:/home/user/.m2/repository/javax/annotation/javax.annotation-api/1.2/javax.annotation-api-1.2.jar:/home/user/.m2/repository/org/apache/ratis/ratis-server/0.4.0-2337318-SNAPSHOT/ratis-server-0.4.0-2337318-SNAPSHOT.jar:/home/user/.m2/repository/org/apache/ratis/ratis-thirdparty-misc/0.2.0/ratis-thirdparty-misc-0.2.0.jar:/home/user/.m2/repository/org/apache/ratis/ratis-proto/0.4.0-2337318-SNAPSHOT/ratis-proto-0.4.0-2337318-SNAPSHOT.jar:/home/user/.m2/repository/org/apache/ratis/ratis-common/0.4.0-2337318-SNAPSHOT/ratis-common-0.4.0-2337318-SNAPSHOT.jar:/home/user/.m2/repository/org/apache/ratis/ratis-client/0.4.0-2337318-SNAPSHOT/ratis-client-0.4.0-2337318-SNAPSHOT.jar:/home/user/.m2/repository/org/apache/ratis/ratis-metrics/0.4.0-2337318-SNAPSHOT/ratis-metrics-0.4.0-2337318-SNAPSHOT.jar:/home/user/.m2/repository/org/apache/ratis/ratis-netty/0.4.0-2337318-SNAPSHOT/ratis-netty-0.4.0-2337318-SNAPSHOT.jar:/home/user/.m2/repository/org/apache/ratis/ratis-grpc/0.4.0-2337318-SNAPSHOT/ratis-grpc-0.4.0-2337318-SNAPSHOT.jar:/home/user/.m2/repository/org/rocksdb/rocksdbjni/6.0.1/rocksdbjni-6.0.1.jar:/home/user/.m2/repository/org/apache/logging/log4j/log4j-api/2.11.0/log4j-api-2.11.0.jar:/home/user/.m2/repository/org/apache/logging/log4j/log4j-core/2.11.0/log4j-core-2.11.0.jar:/home/user/.m2/repository/com/lmax/disruptor/3.4.2/disruptor-3.4.2.jar:/home/user/.m2/repository/org/apache/commons/commons-pool2/2.6.0/commons-pool2-2.6.0.jar:/home/user/.m2/repository/org/bouncycastle/bcpkix-jdk15on/1.60/bcpkix-jdk15on-1.60.jar:/home/user/.m2/repository/commons-validator/commons-validator/1.6/commons-validator-1.6.jar:/home/user/.m2/repository/commons-digester/commons-digester/1.8.1/commons-digester-1.8.1.jar:/home/user/.m2/repository/io/jaegertracing/jaeger-client/0.33.1/jaeger-client-0.33.1.jar:/home/user/.m2/repository/io/jaegertracing/jaeger-thrift/0.33.1/jaeger-thrift-0.33.1.jar:/home/user/.m2/repository/org/apache/thrift/libthrift/0.11.0/libthrift-0.11.0.jar:/home/user/.m2/repository/com/squareup/okhttp3/okhttp/3.9.0/okhttp-3.9.0.jar:/home/user/.m2/repository/com/squareup/okio/okio/1.13.0/okio-1.13.0.jar:/home/user/.m2/repository/io/jaegertracing/jaeger-core/0.33.1/jaeger-core-0.33.1.jar:/home/user/.m2/repository/io/jaegertracing/jaeger-tracerresolver/0.33.1/jaeger-tracerresolver-0.33.1.jar:/home/user/.m2/repository/io/opentracing/contrib/opentracing-tracerresolver/0.1.5/opentracing-tracerresolver-0.1.5.jar:/home/user/.m2/repository/io/opentracing/opentracing-util/0.31.0/opentracing-util-0.31.0.jar:/home/user/.m2/repository/io/opentracing/opentracing-api/0.31.0/opentracing-api-0.31.0.jar:/home/user/.m2/repository/io/opentracing/opentracing-noop/0.31.0/opentracing-noop-0.31.0.jar:/home/user/.m2/repository/org/yaml/snakeyaml/1.16/snakeyaml-1.16.jar:/home/user/.m2/repository/org/apache/hadoop/hadoop-hdds-container-service/0.5.0-SNAPSHOT/hadoop-hdds-container-service-0.5.0-SNAPSHOT.jar:/home/user/.m2/repository/org/apache/hadoop/hadoop-hdds-client/0.5.0-SNAPSHOT/hadoop-hdds-client-0.5.0-SNAPSHOT.jar:/home/user/.m2/repository/org/apache/hadoop/hadoop-hdds-tools/0.5.0-SNAPSHOT/hadoop-hdds-tools-0.5.0-SNAPSHOT.jar:/home/user/.m2/repository/org/xerial/sqlite-jdbc/3.25.2/sqlite-jdbc-3.25.2.jar:/home/user/.m2/repository/org/apache/hadoop/hadoop-hdds-server-scm/0.5.0-SNAPSHOT/hadoop-hdds-server-scm-0.5.0-SNAPSHOT.jar:/home/user/.m2/repository/org/hamcrest/hamcrest-all/1.3/hamcrest-all-1.3.jar:/home/user/.m2/repository/info/picocli/picocli/3.9.6/picocli-3.9.6.jar:/home/user/.m2/repository/com/google/protobuf/protobuf-java/2.5.0/protobuf-java-2.5.0.jar:/home/user/.m2/repository/com/google/guava/guava/11.0.2/guava-11.0.2.jar:/home/user/.m2/repository/org/apache/hadoop/hadoop-ozone-client/0.5.0-SNAPSHOT/hadoop-ozone-client-0.5.0-SNAPSHOT.jar:/workdir/hadoop-ozone/ozonefs/target/classes:/home/user/.m2/repository/org/apache/hadoop/hadoop-hdds-server-framework/0.5.0-SNAPSHOT/hadoop-hdds-server-framework-0.5.0-SNAPSHOT.jar:/home/user/.m2/repository/org/apache/hadoop/hadoop-common/3.2.0/hadoop-common-3.2.0.jar:/home/user/.m2/repository/org/apache/hadoop/hadoop-annotations/3.2.0/hadoop-annotations-3.2.0.jar:/usr/lib/jvm/java-1.8-openjdk/jre/../lib/tools.jar:/home/user/.m2/repository/commons-cli/commons-cli/1.2/commons-cli-1.2.jar:/home/user/.m2/repository/org/apache/commons/commons-math3/3.1.1/commons-math3-3.1.1.jar:/home/user/.m2/repository/org/apache/httpcomponents/httpclient/4.5.2/httpclient-4.5.2.jar:/home/user/.m2/repository/org/apache/httpcomponents/httpcore/4.4.4/httpcore-4.4.4.jar:/home/user/.m2/repository/commons-codec/commons-codec/1.11/commons-codec-1.11.jar:/home/user/.m2/repository/commons-io/commons-io/2.5/commons-io-2.5.jar:/home/user/.m2/repository/commons-net/commons-net/3.6/commons-net-3.6.jar:/home/user/.m2/repository/commons-collections/commons-collections/3.2.2/commons-collections-3.2.2.jar:/home/user/.m2/repository/javax/servlet/javax.servlet-api/3.1.0/javax.servlet-api-3.1.0.jar:/home/user/.m2/repository/org/eclipse/jetty/jetty-server/9.3.24.v20180605/jetty-server-9.3.24.v20180605.jar:/home/user/.m2/repository/org/eclipse/jetty/jetty-http/9.3.24.v20180605/jetty-http-9.3.24.v20180605.jar:/home/user/.m2/repository/org/eclipse/jetty/jetty-io/9.3.24.v20180605/jetty-io-9.3.24.v20180605.jar:/home/user/.m2/repository/org/eclipse/jetty/jetty-util/9.3.24.v20180605/jetty-util-9.3.24.v20180605.jar:/home/user/.m2/repository/org/eclipse/jetty/jetty-servlet/9.3.24.v20180605/jetty-servlet-9.3.24.v20180605.jar:/home/user/.m2/repository/org/eclipse/jetty/jetty-security/9.3.24.v20180605/jetty-security-9.3.24.v20180605.jar:/home/user/.m2/repository/org/eclipse/jetty/jetty-webapp/9.3.24.v20180605/jetty-webapp-9.3.24.v20180605.jar:/home/user/.m2/repository/org/eclipse/jetty/jetty-xml/9.3.24.v20180605/jetty-xml-9.3.24.v20180605.jar:/home/user/.m2/repository/javax/servlet/jsp/jsp-api/2.1/jsp-api-2.1.jar:/home/user/.m2/repository/com/sun/jersey/jersey-core/1.19/jersey-core-1.19.jar:/home/user/.m2/repository/javax/ws/rs/jsr311-api/1.1.1/jsr311-api-1.1.1.jar:/home/user/.m2/repository/com/sun/jersey/jersey-servlet/1.19/jersey-servlet-1.19.jar:/home/user/.m2/repository/com/sun/jersey/jersey-json/1.19/jersey-json-1.19.jar:/home/user/.m2/repository/org/codehaus/jettison/jettison/1.1/jettison-1.1.jar:/home/user/.m2/repository/com/sun/xml/bind/jaxb-impl/2.3.0.1/jaxb-impl-2.3.0.1.jar:/home/user/.m2/repository/org/codehaus/jackson/jackson-core-asl/1.9.13/jackson-core-asl-1.9.13.jar:/home/user/.m2/repository/org/codehaus/jackson/jackson-mapper-asl/1.9.13/jackson-mapper-asl-1.9.13.jar:/home/user/.m2/repository/org/codehaus/jackson/jackson-jaxrs/1.9.13/jackson-jaxrs-1.9.13.jar:/home/user/.m2/repository/org/codehaus/jackson/jackson-xc/1.9.13/jackson-xc-1.9.13.jar:/home/user/.m2/repository/com/sun/jersey/jersey-server/1.19/jersey-server-1.19.jar:/home/user/.m2/repository/commons-logging/commons-logging/1.1.3/commons-logging-1.1.3.jar:/home/user/.m2/repository/log4j/log4j/1.2.17/log4j-1.2.17.jar:/home/user/.m2/repository/commons-beanutils/commons-beanutils/1.9.3/commons-beanutils-1.9.3.jar:/home/user/.m2/repository/org/apache/commons/commons-configuration2/2.1.1/commons-configuration2-2.1.1.jar:/home/user/.m2/repository/org/apache/commons/commons-lang3/3.7/commons-lang3-3.7.jar:/home/user/.m2/repository/org/apache/commons/commons-text/1.4/commons-text-1.4.jar:/home/user/.m2/repository/org/slf4j/slf4j-api/1.7.25/slf4j-api-1.7.25.jar:/home/user/.m2/repository/org/slf4j/slf4j-log4j12/1.7.25/slf4j-log4j12-1.7.25.jar:/home/user/.m2/repository/org/apache/avro/avro/1.7.7/avro-1.7.7.jar:/home/user/.m2/repository/com/thoughtworks/paranamer/paranamer/2.3/paranamer-2.3.jar:/home/user/.m2/repository/org/xerial/snappy/snappy-java/1.0.5/snappy-java-1.0.5.jar:/home/user/.m2/repository/com/google/re2j/re2j/1.1/re2j-1.1.jar:/home/user/.m2/repository/com/google/code/gson/gson/2.2.4/gson-2.2.4.jar:/home/user/.m2/repository/org/apache/hadoop/hadoop-auth/3.2.0/hadoop-auth-3.2.0.jar:/home/user/.m2/repository/com/nimbusds/nimbus-jose-jwt/4.41.1/nimbus-jose-jwt-4.41.1.jar:/home/user/.m2/repository/com/github/stephenc/jcip/jcip-annotations/1.0-1/jcip-annotations-1.0-1.jar:/home/user/.m2/repository/net/minidev/json-smart/2.3/json-smart-2.3.jar:/home/user/.m2/repository/net/minidev/accessors-smart/1.2/accessors-smart-1.2.jar:/home/user/.m2/repository/org/apache/curator/curator-framework/2.12.0/curator-framework-2.12.0.jar:/home/user/.m2/repository/com/jcraft/jsch/0.1.54/jsch-0.1.54.jar:/home/user/.m2/repository/org/apache/curator/curator-client/2.12.0/curator-client-2.12.0.jar:/home/user/.m2/repository/org/apache/curator/curator-recipes/2.12.0/curator-recipes-2.12.0.jar:/home/user/.m2/repository/com/google/code/findbugs/jsr305/3.0.0/jsr305-3.0.0.jar:/home/user/.m2/repository/org/apache/htrace/htrace-core4/4.1.0-incubating/htrace-core4-4.1.0-incubating.jar:/home/user/.m2/repository/org/apache/zookeeper/zookeeper/3.4.13/zookeeper-3.4.13.jar:/home/user/.m2/repository/org/apache/yetus/audience-annotations/0.5.0/audience-annotations-0.5.0.jar:/home/user/.m2/repository/org/apache/kerby/kerb-simplekdc/1.0.1/kerb-simplekdc-1.0.1.jar:/home/user/.m2/repository/org/apache/kerby/kerb-client/1.0.1/kerb-client-1.0.1.jar:/home/user/.m2/repository/org/apache/kerby/kerby-config/1.0.1/kerby-config-1.0.1.jar:/home/user/.m2/repository/org/apache/kerby/kerb-core/1.0.1/kerb-core-1.0.1.jar:/home/user/.m2/repository/org/apache/kerby/kerby-pkix/1.0.1/kerby-pkix-1.0.1.jar:/home/user/.m2/repository/org/apache/kerby/kerby-asn1/1.0.1/kerby-asn1-1.0.1.jar:/home/user/.m2/repository/org/apache/kerby/kerby-util/1.0.1/kerby-util-1.0.1.jar:/home/user/.m2/repository/org/apache/kerby/kerb-common/1.0.1/kerb-common-1.0.1.jar:/home/user/.m2/repository/org/apache/kerby/kerb-crypto/1.0.1/kerb-crypto-1.0.1.jar:/home/user/.m2/repository/org/apache/kerby/kerb-util/1.0.1/kerb-util-1.0.1.jar:/home/user/.m2/repository/org/apache/kerby/token-provider/1.0.1/token-provider-1.0.1.jar:/home/user/.m2/repository/org/apache/kerby/kerb-admin/1.0.1/kerb-admin-1.0.1.jar:/home/user/.m2/repository/org/apache/kerby/kerb-server/1.0.1/kerb-server-1.0.1.jar:/home/user/.m2/repository/org/apache/kerby/kerb-identity/1.0.1/kerb-identity-1.0.1.jar:/home/user/.m2/repository/org/apache/kerby/kerby-xdr/1.0.1/kerby-xdr-1.0.1.jar:/home/user/.m2/repository/com/fasterxml/jackson/core/jackson-databind/2.9.5/jackson-databind-2.9.5.jar:/home/user/.m2/repository/com/fasterxml/jackson/core/jackson-core/2.9.5/jackson-core-2.9.5.jar:/home/user/.m2/repository/org/codehaus/woodstox/stax2-api/3.1.4/stax2-api-3.1.4.jar:/home/user/.m2/repository/com/fasterxml/woodstox/woodstox-core/5.0.3/woodstox-core-5.0.3.jar:/home/user/.m2/repository/dnsjava/dnsjava/2.1.7/dnsjava-2.1.7.jar:/home/user/.m2/repository/org/apache/hadoop/hadoop-hdfs/3.2.0/hadoop-hdfs-3.2.0.jar:/home/user/.m2/repository/org/eclipse/jetty/jetty-util-ajax/9.3.24.v20180605/jetty-util-ajax-9.3.24.v20180605.jar:/home/user/.m2/repository/commons-daemon/commons-daemon/1.0.13/commons-daemon-1.0.13.jar:/home/user/.m2/repository/io/netty/netty/3.10.5.Final/netty-3.10.5.Final.jar:/home/user/.m2/repository/io/netty/netty-all/4.0.52.Final/netty-all-4.0.52.Final.jar:/home/user/.m2/repository/org/fusesource/leveldbjni/leveldbjni-all/1.8/leveldbjni-all-1.8.jar:/home/user/.m2/repository/com/sun/xml/bind/jaxb-core/2.3.0.1/jaxb-core-2.3.0.1.jar:/home/user/.m2/repository/javax/xml/bind/jaxb-api/2.3.0/jaxb-api-2.3.0.jar:/home/user/.m2/repository/javax/activation/activation/1.1.1/activation-1.1.1.jar:/home/user/.m2/repository/io/dropwizard/metrics/metrics-core/3.2.4/metrics-core-3.2.4.jar:/home/user/.m2/repository/org/openjdk/jmh/jmh-core/1.19/jmh-core-1.19.jar:/home/user/.m2/repository/net/sf/jopt-simple/jopt-simple/4.6/jopt-simple-4.6.jar:/home/user/.m2/repository/org/openjdk/jmh/jmh-generator-annprocess/1.19/jmh-generator-annprocess-1.19.jar:/home/user/.m2/repository/com/google/code/findbugs/findbugs/3.0.1/findbugs-3.0.1.jar:/home/user/.m2/repository/net/jcip/jcip-annotations/1.0/jcip-annotations-1.0.jar:/home/user/.m2/repository/com/google/code/findbugs/bcel-findbugs/6.0/bcel-findbugs-6.0.jar:/home/user/.m2/repository/com/google/code/findbugs/jFormatString/2.0.1/jFormatString-2.0.1.jar:/home/user/.m2/repository/dom4j/dom4j/1.6.1/dom4j-1.6.1.jar:/home/user/.m2/repository/xml-apis/xml-apis/1.0.b2/xml-apis-1.0.b2.jar:/home/user/.m2/repository/org/ow2/asm/asm-debug-all/5.0.2/asm-debug-all-5.0.2.jar:/home/user/.m2/repository/org/ow2/asm/asm-commons/5.0.2/asm-commons-5.0.2.jar:/home/user/.m2/repository/org/ow2/asm/asm-tree/5.0.2/asm-tree-5.0.2.jar:/home/user/.m2/repository/org/ow2/asm/asm/5.0.4/asm-5.0.4.jar:/home/user/.m2/repository/commons-lang/commons-lang/2.6/commons-lang-2.6.jar:/home/user/.m2/repository/com/apple/AppleJavaExtensions/1.4/AppleJavaExtensions-1.4.jar:/home/user/.m2/repository/jaxen/jaxen/1.1.6/jaxen-1.1.6.jar:/home/user/.m2/repository/junit/junit/4.11/junit-4.11.jar:/home/user/.m2/repository/org/hamcrest/hamcrest-core/1.3/hamcrest-core-1.3.jar:/home/user/.m2/repository/org/apache/hadoop/hadoop-common/3.2.0/hadoop-common-3.2.0-tests.jar:/workdir/hadoop-ozone/integration-test/target/test-classes:/home/user/.m2/repository/org/apache/hadoop/hadoop-ozone-objectstore-service/0.5.0-SNAPSHOT/hadoop-ozone-objectstore-service-0.5.0-SNAPSHOT.jar:/home/user/.m2/repository/org/apache/hadoop/hadoop-ozone-s3gateway/0.5.0-SNAPSHOT/hadoop-ozone-s3gateway-0.5.0-SNAPSHOT.jar:/home/user/.m2/repository/org/jboss/weld/servlet/weld-servlet/2.4.7.Final/weld-servlet-2.4.7.Final.jar:/home/user/.m2/repository/org/glassfish/jersey/containers/jersey-container-servlet-core/2.27/jersey-container-servlet-core-2.27.jar:/home/user/.m2/repository/org/glassfish/hk2/external/javax.inject/2.5.0-b42/javax.inject-2.5.0-b42.jar:/home/user/.m2/repository/org/glassfish/jersey/core/jersey-common/2.27/jersey-common-2.27.jar:/home/user/.m2/repository/org/glassfish/hk2/osgi-resource-locator/1.0.1/osgi-resource-locator-1.0.1.jar:/home/user/.m2/repository/javax/ws/rs/javax.ws.rs-api/2.1/javax.ws.rs-api-2.1.jar:/home/user/.m2/repository/org/glassfish/jersey/ext/cdi/jersey-cdi1x/2.27/jersey-cdi1x-2.27.jar:/home/user/.m2/repository/org/glassfish/jersey/inject/jersey-hk2/2.27/jersey-hk2-2.27.jar:/home/user/.m2/repository/org/glassfish/hk2/hk2-locator/2.5.0-b42/hk2-locator-2.5.0-b42.jar:/home/user/.m2/repository/org/javassist/javassist/3.22.0-CR2/javassist-3.22.0-CR2.jar:/home/user/.m2/repository/org/glassfish/hk2/hk2-api/2.5.0/hk2-api-2.5.0.jar:/home/user/.m2/repository/org/glassfish/hk2/external/jakarta.inject/2.5.0/jakarta.inject-2.5.0.jar:/home/user/.m2/repository/org/glassfish/hk2/hk2-utils/2.5.0/hk2-utils-2.5.0.jar:/home/user/.m2/repository/jakarta/annotation/jakarta.annotation-api/1.3.4/jakarta.annotation-api-1.3.4.jar:/home/user/.m2/repository/org/glassfish/hk2/external/aopalliance-repackaged/2.5.0/aopalliance-repackaged-2.5.0.jar:/home/user/.m2/repository/com/fasterxml/jackson/dataformat/jackson-dataformat-xml/2.9.0/jackson-dataformat-xml-2.9.0.jar:/home/user/.m2/repository/com/fasterxml/jackson/module/jackson-module-jaxb-annotations/2.9.5/jackson-module-jaxb-annotations-2.9.5.jar:/home/user/.m2/repository/javax/enterprise/cdi-api/1.2/cdi-api-1.2.jar:/home/user/.m2/repository/javax/el/javax.el-api/3.0.0/javax.el-api-3.0.0.jar:/home/user/.m2/repository/javax/interceptor/javax.interceptor-api/1.2/javax.interceptor-api-1.2.jar:/home/user/.m2/repository/javax/inject/javax.inject/1/javax.inject-1.jar:/home/user/.m2/repository/org/apache/hadoop/hadoop-ozone-csi/0.5.0-SNAPSHOT/hadoop-ozone-csi-0.5.0-SNAPSHOT.jar:/home/user/.m2/repository/com/google/protobuf/protobuf-java-util/3.5.1/protobuf-java-util-3.5.1.jar:/home/user/.m2/repository/io/grpc/grpc-netty/1.17.1/grpc-netty-1.17.1.jar:/home/user/.m2/repository/io/grpc/grpc-core/1.17.1/grpc-core-1.17.1.jar:/home/user/.m2/repository/io/grpc/grpc-context/1.17.1/grpc-context-1.17.1.jar:/home/user/.m2/repository/com/google/errorprone/error_prone_annotations/2.2.0/error_prone_annotations-2.2.0.jar:/home/user/.m2/repository/org/codehaus/mojo/animal-sniffer-annotations/1.17/animal-sniffer-annotations-1.17.jar:/home/user/.m2/repository/io/opencensus/opencensus-api/0.17.0/opencensus-api-0.17.0.jar:/home/user/.m2/repository/io/opencensus/opencensus-contrib-grpc-metrics/0.17.0/opencensus-contrib-grpc-metrics-0.17.0.jar:/home/user/.m2/repository/io/netty/netty-codec-http2/4.1.30.Final/netty-codec-http2-4.1.30.Final.jar:/home/user/.m2/repository/io/netty/netty-codec-http/4.1.30.Final/netty-codec-http-4.1.30.Final.jar:/home/user/.m2/repository/io/netty/netty-codec/4.1.30.Final/netty-codec-4.1.30.Final.jar:/home/user/.m2/repository/io/netty/netty-handler/4.1.30.Final/netty-handler-4.1.30.Final.jar:/home/user/.m2/repository/io/netty/netty-handler-proxy/4.1.30.Final/netty-handler-proxy-4.1.30.Final.jar:/home/user/.m2/repository/io/netty/netty-codec-socks/4.1.30.Final/netty-codec-socks-4.1.30.Final.jar:/home/user/.m2/repository/io/netty/netty-transport-native-epoll/4.1.30.Final/netty-transport-native-epoll-4.1.30.Final.jar:/home/user/.m2/repository/io/netty/netty-common/4.1.30.Final/netty-common-4.1.30.Final.jar:/home/user/.m2/repository/io/netty/netty-buffer/4.1.30.Final/netty-buffer-4.1.30.Final.jar:/home/user/.m2/repository/io/netty/netty-transport/4.1.30.Final/netty-transport-4.1.30.Final.jar:/home/user/.m2/repository/io/netty/netty-resolver/4.1.30.Final/netty-resolver-4.1.30.Final.jar:/home/user/.m2/repository/io/netty/netty-transport-native-unix-common/4.1.30.Final/netty-transport-native-unix-common-4.1.30.Final.jar:/home/user/.m2/repository/io/grpc/grpc-protobuf/1.17.1/grpc-protobuf-1.17.1.jar:/home/user/.m2/repository/com/google/api/grpc/proto-google-common-protos/1.0.0/proto-google-common-protos-1.0.0.jar:/home/user/.m2/repository/io/grpc/grpc-protobuf-lite/1.17.1/grpc-protobuf-lite-1.17.1.jar:/home/user/.m2/repository/io/grpc/grpc-stub/1.17.1/grpc-stub-1.17.1.jar:/home/user/.m2/repository/org/apache/hadoop/hadoop-ozone-recon/0.5.0-SNAPSHOT/hadoop-ozone-recon-0.5.0-SNAPSHOT.jar:/home/user/.m2/repository/org/apache/hadoop/hadoop-ozone-reconcodegen/0.5.0-SNAPSHOT/hadoop-ozone-reconcodegen-0.5.0-SNAPSHOT.jar:/home/user/.m2/repository/com/google/inject/extensions/guice-multibindings/4.0/guice-multibindings-4.0.jar:/home/user/.m2/repository/com/google/inject/guice/4.0/guice-4.0.jar:/home/user/.m2/repository/aopalliance/aopalliance/1.0/aopalliance-1.0.jar:/home/user/.m2/repository/com/google/inject/extensions/guice-servlet/4.0/guice-servlet-4.0.jar:/home/user/.m2/repository/org/glassfish/jersey/containers/jersey-container-servlet/2.27/jersey-container-servlet-2.27.jar:/home/user/.m2/repository/org/glassfish/hk2/guice-bridge/2.5.0/guice-bridge-2.5.0.jar:/home/user/.m2/repository/org/glassfish/jersey/core/jersey-server/2.27/jersey-server-2.27.jar:/home/user/.m2/repository/org/glassfish/jersey/core/jersey-client/2.27/jersey-client-2.27.jar:/home/user/.m2/repository/org/glassfish/jersey/media/jersey-media-jaxb/2.27/jersey-media-jaxb-2.27.jar:/home/user/.m2/repository/javax/validation/validation-api/1.1.0.Final/validation-api-1.1.0.Final.jar:/home/user/.m2/repository/org/glassfish/jersey/media/jersey-media-json-jackson/2.27/jersey-media-json-jackson-2.27.jar:/home/user/.m2/repository/org/glassfish/jersey/ext/jersey-entity-filtering/2.27/jersey-entity-filtering-2.27.jar:/home/user/.m2/repository/com/google/inject/extensions/guice-assistedinject/4.0/guice-assistedinject-4.0.jar:/home/user/.m2/repository/org/jooq/jooq/3.11.10/jooq-3.11.10.jar:/home/user/.m2/repository/org/jooq/jooq-meta/3.11.10/jooq-meta-3.11.10.jar:/home/user/.m2/repository/org/jooq/jooq-codegen/3.11.10/jooq-codegen-3.11.10.jar:/home/user/.m2/repository/com/jolbox/bonecp/0.8.0.RELEASE/bonecp-0.8.0.RELEASE.jar:/home/user/.m2/repository/org/springframework/spring-jdbc/5.1.3.RELEASE/spring-jdbc-5.1.3.RELEASE.jar:/home/user/.m2/repository/org/springframework/spring-beans/5.1.3.RELEASE/spring-beans-5.1.3.RELEASE.jar:/home/user/.m2/repository/org/springframework/spring-core/5.1.3.RELEASE/spring-core-5.1.3.RELEASE.jar:/home/user/.m2/repository/org/springframework/spring-jcl/5.1.3.RELEASE/spring-jcl-5.1.3.RELEASE.jar:/home/user/.m2/repository/org/springframework/spring-tx/5.1.3.RELEASE/spring-tx-5.1.3.RELEASE.jar:/home/user/.m2/repository/org/mockito/mockito-core/2.15.0/mockito-core-2.15.0.jar:/home/user/.m2/repository/net/bytebuddy/byte-buddy/1.7.9/byte-buddy-1.7.9.jar:/home/user/.m2/repository/net/bytebuddy/byte-buddy-agent/1.7.9/byte-buddy-agent-1.7.9.jar:/home/user/.m2/repository/org/objenesis/objenesis/1.0/objenesis-1.0.jar:"/>
    <property name="sun.cpu.endian" value="little"/>
    <property name="user.home" value="/home/user"/>
    <property name="user.language" value="en"/>
    <property name="java.specification.vendor" value="Oracle Corporation"/>
    <property name="java.home" value="/usr/lib/jvm/java-1.8-openjdk/jre"/>
    <property name="java.security.krb5.conf" value="/workdir/hadoop-ozone/tools/target/test-classes/krb5.conf"/>
    <property name="basedir" value="/workdir/hadoop-ozone/tools"/>
    <property name="file.separator" value="/"/>
    <property name="line.separator" value="&#10;"/>
    <property name="java.vm.specification.vendor" value="Oracle Corporation"/>
    <property name="java.specification.name" value="Java Platform API Specification"/>
    <property name="java.awt.graphicsenv" value="sun.awt.X11GraphicsEnvironment"/>
    <property name="surefire.real.class.path" value="/workdir/hadoop-ozone/tools/target/surefire/surefirebooter9125876980504743990.jar"/>
    <property name="hadoop.log.dir" value="/workdir/hadoop-ozone/tools/target/log"/>
    <property name="sun.boot.class.path" value="/usr/lib/jvm/java-1.8-openjdk/jre/lib/resources.jar:/usr/lib/jvm/java-1.8-openjdk/jre/lib/rt.jar:/usr/lib/jvm/java-1.8-openjdk/jre/lib/sunrsasign.jar:/usr/lib/jvm/java-1.8-openjdk/jre/lib/jsse.jar:/usr/lib/jvm/java-1.8-openjdk/jre/lib/jce.jar:/usr/lib/jvm/java-1.8-openjdk/jre/lib/charsets.jar:/usr/lib/jvm/java-1.8-openjdk/jre/lib/jfr.jar:/usr/lib/jvm/java-1.8-openjdk/jre/classes"/>
    <property name="sun.management.compiler" value="HotSpot 64-Bit Tiered Compilers"/>
    <property name="java.runtime.version" value="1.8.0_212-b04"/>
    <property name="java.net.preferIPv4Stack" value="true"/>
    <property name="user.name" value="jenkins1000"/>
    <property name="path.separator" value=":"/>
    <property name="java.security.egd" value="file:///dev/urandom"/>
    <property name="os.version" value="3.10.0-957.12.2.el7.x86_64"/>
    <property name="java.endorsed.dirs" value="/usr/lib/jvm/java-1.8-openjdk/jre/lib/endorsed"/>
    <property name="java.runtime.name" value="OpenJDK Runtime Environment"/>
    <property name="file.encoding" value="UTF-8"/>
    <property name="java.vm.name" value="OpenJDK 64-Bit Server VM"/>
    <property name="test.build.webapps" value=""/>
    <property name="localRepository" value="/home/user/.m2/repository"/>
    <property name="java.vendor.url.bug" value="https://icedtea.classpath.org/bugzilla"/>
    <property name="java.io.tmpdir" value="/tmp"/>
    <property name="require.test.libhadoop" value=""/>
    <property name="java.version" value="1.8.0_212"/>
    <property name="user.dir" value="/workdir/hadoop-ozone/tools"/>
    <property name="os.arch" value="amd64"/>
    <property name="java.vm.specification.name" value="Java Virtual Machine Specification"/>
    <property name="test.build.classes" value="/workdir/hadoop-ozone/tools/target/test-classes"/>
    <property name="java.awt.printerjob" value="sun.print.PSPrinterJob"/>
    <property name="sun.os.patch.level" value="unknown"/>
    <property name="hadoop.tmp.dir" value="/workdir/hadoop-ozone/tools/target/tmp"/>
    <property name="java.library.path" value="/usr/lib/jvm/java-1.8-openjdk/jre/lib/amd64/server:/usr/lib/jvm/java-1.8-openjdk/jre/lib/amd64:/usr/lib/jvm/java-1.8-openjdk/jre/../lib/amd64:/workdir/hadoop-ozone/tools/target/native/target/usr/local/lib:/workdir/hadoop-ozone/tools/../../hadoop-common-project/hadoop-common/target/native/target/usr/local/lib:/usr/java/packages/lib/amd64:/usr/lib64:/lib64:/lib:/usr/lib"/>
    <property name="java.vm.info" value="mixed mode"/>
    <property name="java.vendor" value="IcedTea"/>
    <property name="java.vm.version" value="25.212-b04"/>
    <property name="java.ext.dirs" value="/usr/lib/jvm/java-1.8-openjdk/jre/lib/ext:/usr/java/packages/lib/ext"/>
    <property name="sun.io.unicode.encoding" value="UnicodeLittle"/>
    <property name="java.class.version" value="52.0"/>
  </properties>
  <testcase name="testRestart" classname="org.apache.hadoop.ozone.freon.TestFreonWithPipelineDestroy" time="10.616">
    <error message="Allocated 0 blocks. Requested 5 blocks" type="INTERNAL_ERROR org.apache.hadoop.ozone.om.exceptions.OMException">INTERNAL_ERROR org.apache.hadoop.ozone.om.exceptions.OMException: Allocated 0 blocks. Requested 5 blocks
	at org.apache.hadoop.ozone.om.protocolPB.OzoneManagerProtocolClientSideTranslatorPB.handleError(OzoneManagerProtocolClientSideTranslatorPB.java:725)
	at org.apache.hadoop.ozone.om.protocolPB.OzoneManagerProtocolClientSideTranslatorPB.openKey(OzoneManagerProtocolClientSideTranslatorPB.java:716)
	at org.apache.hadoop.ozone.client.rpc.RpcClient.createKey(RpcClient.java:615)
	at org.apache.hadoop.ozone.client.OzoneBucket.createKey(OzoneBucket.java:323)
	at org.apache.hadoop.ozone.freon.RandomKeyGenerator.createKey(RandomKeyGenerator.java:686)
	at org.apache.hadoop.ozone.freon.RandomKeyGenerator.access$1100(RandomKeyGenerator.java:87)
	at org.apache.hadoop.ozone.freon.RandomKeyGenerator$ObjectCreator.run(RandomKeyGenerator.java:606)
	at java.util.concurrent.Executors$RunnableAdapter.call(Executors.java:511)
	at java.util.concurrent.FutureTask.run(FutureTask.java:266)
	at java.util.concurrent.ThreadPoolExecutor.runWorker(ThreadPoolExecutor.java:1149)
	at java.util.concurrent.ThreadPoolExecutor$Worker.run(ThreadPoolExecutor.java:624)
	at java.lang.Thread.run(Thread.java:748)
</error>
    <system-out><![CDATA[2019-09-20 08:29:17,465 [main] WARN  server.ServerUtils (ServerUtils.java:getScmDbDir(145)) - ozone.scm.db.dirs is not configured. We recommend adding this setting. Falling back to ozone.metadata.dirs instead.
2019-09-20 08:29:17,581 [main] WARN  server.ServerUtils (ServerUtils.java:getScmDbDir(145)) - ozone.scm.db.dirs is not configured. We recommend adding this setting. Falling back to ozone.metadata.dirs instead.
2019-09-20 08:29:17,584 [main] WARN  server.ServerUtils (ServerUtils.java:getScmDbDir(145)) - ozone.scm.db.dirs is not configured. We recommend adding this setting. Falling back to ozone.metadata.dirs instead.
2019-09-20 08:29:17,601 [main] INFO  util.log (Log.java:initialized(192)) - Logging initialized @1001ms
2019-09-20 08:29:17,705 [main] INFO  db.DBStoreBuilder (DBStoreBuilder.java:addTable(110)) - using custom profile for table: deletedBlocks
2019-09-20 08:29:17,706 [main] INFO  db.DBStoreBuilder (DBStoreBuilder.java:processTables(161)) - Using default column profile:DBProfile.DISK for Table:deletedBlocks
2019-09-20 08:29:17,706 [main] INFO  db.DBStoreBuilder (DBStoreBuilder.java:addTable(110)) - using custom profile for table: validCerts
2019-09-20 08:29:17,706 [main] INFO  db.DBStoreBuilder (DBStoreBuilder.java:processTables(161)) - Using default column profile:DBProfile.DISK for Table:validCerts
2019-09-20 08:29:17,707 [main] INFO  db.DBStoreBuilder (DBStoreBuilder.java:addTable(110)) - using custom profile for table: revokedCerts
2019-09-20 08:29:17,707 [main] INFO  db.DBStoreBuilder (DBStoreBuilder.java:processTables(161)) - Using default column profile:DBProfile.DISK for Table:revokedCerts
2019-09-20 08:29:17,720 [main] INFO  db.DBStoreBuilder (DBStoreBuilder.java:addTable(110)) - using custom profile for table: default
2019-09-20 08:29:17,721 [main] INFO  db.DBStoreBuilder (DBStoreBuilder.java:processTables(167)) - Using default column profile:DBProfile.DISK for Table:default
2019-09-20 08:29:17,722 [main] INFO  db.DBStoreBuilder (DBStoreBuilder.java:getDbProfile(198)) - Using default options. DBProfile.DISK
2019-09-20 08:29:17,927 [main] INFO  net.NodeSchemaLoader (NodeSchemaLoader.java:loadSchemaFromFile(125)) - Loading file from sun.misc.CompoundEnumeration@20deea7f
2019-09-20 08:29:17,929 [main] INFO  net.NodeSchemaLoader (NodeSchemaLoader.java:loadSchema(171)) - Loading network topology layer schema file
2019-09-20 08:29:18,012 [main] INFO  node.SCMNodeManager (SCMNodeManager.java:<init>(121)) - Entering startup safe mode.
2019-09-20 08:29:18,087 [main] INFO  algorithms.ContainerPlacementPolicyFactory (ContainerPlacementPolicyFactory.java:getPolicy(56)) - Create container placement policy of type org.apache.hadoop.hdds.scm.container.placement.algorithms.SCMContainerPlacementRandom
2019-09-20 08:29:18,103 [main] WARN  server.ServerUtils (ServerUtils.java:getScmDbDir(145)) - ozone.scm.db.dirs is not configured. We recommend adding this setting. Falling back to ozone.metadata.dirs instead.
2019-09-20 08:29:18,176 [main] INFO  pipeline.SCMPipelineManager (SCMPipelineManager.java:initializePipelineState(126)) - No pipeline exists in current db
2019-09-20 08:29:18,179 [main] WARN  server.ServerUtils (ServerUtils.java:getScmDbDir(145)) - ozone.scm.db.dirs is not configured. We recommend adding this setting. Falling back to ozone.metadata.dirs instead.
2019-09-20 08:29:18,308 [main] WARN  events.EventQueue (EventQueue.java:fireEvent(175)) - No event handler registered for event TypedEvent{payloadType=SafeModeStatus, name='SafeModeStatus'}
2019-09-20 08:29:18,800 [main] INFO  ipc.CallQueueManager (CallQueueManager.java:<init>(84)) - Using callQueue: class java.util.concurrent.LinkedBlockingQueue, queueCapacity: 2000, scheduler: class org.apache.hadoop.ipc.DefaultRpcScheduler, ipcBackoff: false.
2019-09-20 08:29:19,164 [Socket Reader #1 for port 41030] INFO  ipc.Server (Server.java:run(1074)) - Starting Socket Reader #1 for port 41030
2019-09-20 08:29:19,207 [main] INFO  ipc.CallQueueManager (CallQueueManager.java:<init>(84)) - Using callQueue: class java.util.concurrent.LinkedBlockingQueue, queueCapacity: 2000, scheduler: class org.apache.hadoop.ipc.DefaultRpcScheduler, ipcBackoff: false.
2019-09-20 08:29:19,209 [Socket Reader #1 for port 33158] INFO  ipc.Server (Server.java:run(1074)) - Starting Socket Reader #1 for port 33158
2019-09-20 08:29:19,219 [main] INFO  ipc.CallQueueManager (CallQueueManager.java:<init>(84)) - Using callQueue: class java.util.concurrent.LinkedBlockingQueue, queueCapacity: 2000, scheduler: class org.apache.hadoop.ipc.DefaultRpcScheduler, ipcBackoff: false.
2019-09-20 08:29:19,220 [Socket Reader #1 for port 39411] INFO  ipc.Server (Server.java:run(1074)) - Starting Socket Reader #1 for port 39411
2019-09-20 08:29:19,255 [main] INFO  hdfs.DFSUtil (DFSUtil.java:httpServerTemplateForNNAndJN(1641)) - Starting Web-server for scm at: http://0.0.0.0:0
2019-09-20 08:29:19,405 [main] INFO  server.AuthenticationFilter (AuthenticationFilter.java:constructSecretProvider(240)) - Unable to initialize FileSignerSecretProvider, falling back to use random secrets.
2019-09-20 08:29:19,420 [main] WARN  http.HttpRequestLog (HttpRequestLog.java:getRequestLog(97)) - Jetty request log can only be enabled using Log4j
2019-09-20 08:29:19,433 [main] INFO  http.HttpServer2 (HttpServer2.java:addGlobalFilter(975)) - Added global filter 'safety' (class=org.apache.hadoop.http.HttpServer2$QuotingInputFilter)
2019-09-20 08:29:19,438 [main] INFO  http.HttpServer2 (HttpServer2.java:addFilter(948)) - Added filter static_user_filter (class=org.apache.hadoop.http.lib.StaticUserWebFilter$StaticUserFilter) to context scm
2019-09-20 08:29:19,439 [main] INFO  http.HttpServer2 (HttpServer2.java:addFilter(958)) - Added filter static_user_filter (class=org.apache.hadoop.http.lib.StaticUserWebFilter$StaticUserFilter) to context logs
2019-09-20 08:29:19,439 [main] INFO  http.HttpServer2 (HttpServer2.java:addFilter(958)) - Added filter static_user_filter (class=org.apache.hadoop.http.lib.StaticUserWebFilter$StaticUserFilter) to context static
2019-09-20 08:29:19,467 [main] INFO  server.StorageContainerManager (StorageContainerManager.java:start(759)) - StorageContainerLocationProtocol RPC server is listening at /0.0.0.0:39411
2019-09-20 08:29:19,517 [main] WARN  impl.MetricsConfig (MetricsConfig.java:loadFirst(134)) - Cannot locate configuration: tried hadoop-metrics2-storagecontainermanager.properties,hadoop-metrics2.properties
2019-09-20 08:29:19,530 [main] INFO  impl.MetricsSystemImpl (MetricsSystemImpl.java:startTimer(374)) - Scheduled Metric snapshot period at 10 second(s).
2019-09-20 08:29:19,530 [main] INFO  impl.MetricsSystemImpl (MetricsSystemImpl.java:start(191)) - StorageContainerManager metrics system started
2019-09-20 08:29:19,704 [main] INFO  server.SCMClientProtocolServer (SCMClientProtocolServer.java:start(151)) - RPC server for Client  is listening at /0.0.0.0:39411
2019-09-20 08:29:19,705 [IPC Server Responder] INFO  ipc.Server (Server.java:run(1314)) - IPC Server Responder: starting
2019-09-20 08:29:19,705 [IPC Server listener on 39411] INFO  ipc.Server (Server.java:run(1153)) - IPC Server listener on 39411: starting
2019-09-20 08:29:19,707 [main] INFO  server.StorageContainerManager (StorageContainerManager.java:start(769)) - ScmBlockLocationProtocol RPC server is listening at /0.0.0.0:33158
2019-09-20 08:29:19,708 [main] INFO  server.SCMBlockProtocolServer (SCMBlockProtocolServer.java:start(140)) - RPC server for Block Protocol is listening at /0.0.0.0:33158
2019-09-20 08:29:19,708 [IPC Server Responder] INFO  ipc.Server (Server.java:run(1314)) - IPC Server Responder: starting
2019-09-20 08:29:19,708 [IPC Server listener on 33158] INFO  ipc.Server (Server.java:run(1153)) - IPC Server listener on 33158: starting
2019-09-20 08:29:19,711 [main] INFO  server.StorageContainerManager (StorageContainerManager.java:start(773)) - ScmDatanodeProtocl RPC server is listening at /0.0.0.0:41030
2019-09-20 08:29:19,711 [main] INFO  server.SCMDatanodeProtocolServer (SCMDatanodeProtocolServer.java:start(191)) - RPC server for DataNodes is listening at /0.0.0.0:41030
2019-09-20 08:29:19,711 [IPC Server Responder] INFO  ipc.Server (Server.java:run(1314)) - IPC Server Responder: starting
2019-09-20 08:29:19,711 [IPC Server listener on 41030] INFO  ipc.Server (Server.java:run(1153)) - IPC Server listener on 41030: starting
2019-09-20 08:29:19,715 [main] INFO  http.HttpServer2 (HttpServer2.java:bindListener(1191)) - Jetty bound to port 39187
2019-09-20 08:29:19,716 [main] INFO  server.Server (Server.java:doStart(351)) - jetty-9.3.24.v20180605, build timestamp: 2018-06-05T17:11:56Z, git hash: 84205aa28f11a4f31f2a3b86d1bba2cc8ab69827
2019-09-20 08:29:19,747 [main] INFO  handler.ContextHandler (ContextHandler.java:doStart(781)) - Started o.e.j.s.ServletContextHandler@4e70a728{/logs,file:///workdir/hadoop-ozone/tools/target/log,AVAILABLE}
2019-09-20 08:29:19,747 [main] INFO  handler.ContextHandler (ContextHandler.java:doStart(781)) - Started o.e.j.s.ServletContextHandler@1c3146bc{/static,jar:file:/home/user/.m2/repository/org/apache/hadoop/hadoop-hdds-server-scm/0.5.0-SNAPSHOT/hadoop-hdds-server-scm-0.5.0-SNAPSHOT.jar!/webapps/static,AVAILABLE}
2019-09-20 08:29:19,805 [main] INFO  handler.ContextHandler (ContextHandler.java:doStart(781)) - Started o.e.j.w.WebAppContext@72efb5c1{/,file:///tmp/jetty-0.0.0.0-39187-scm-_-any-658742169617599674.dir/webapp/,AVAILABLE}{/scm}
2019-09-20 08:29:19,810 [main] INFO  server.AbstractConnector (AbstractConnector.java:doStart(278)) - Started ServerConnector@7a0e1b5e{HTTP/1.1,[http/1.1]}{0.0.0.0:39187}
2019-09-20 08:29:19,810 [main] INFO  server.Server (Server.java:doStart(419)) - Started @3210ms
2019-09-20 08:29:19,812 [main] INFO  server.BaseHttpServer (BaseHttpServer.java:updateConnectorAddress(213)) - HTTP server of SCM is listening at http://0.0.0.0:39187
2019-09-20 08:29:19,817 [org.apache.hadoop.util.JvmPauseMonitor$Monitor@15bcf458] INFO  util.JvmPauseMonitor (JvmPauseMonitor.java:run(188)) - Starting JVM pause monitor
2019-09-20 08:29:19,819 [main] WARN  server.ServerUtils (ServerUtils.java:getDBPath(222)) - ozone.om.db.dirs is not configured. We recommend adding this setting. Falling back to ozone.metadata.dirs instead.
2019-09-20 08:29:19,900 [main] WARN  server.ServerUtils (ServerUtils.java:getDBPath(222)) - ozone.om.db.dirs is not configured. We recommend adding this setting. Falling back to ozone.metadata.dirs instead.
2019-09-20 08:29:19,900 [main] WARN  server.ServerUtils (ServerUtils.java:getDBPath(222)) - ozone.om.db.dirs is not configured. We recommend adding this setting. Falling back to ozone.metadata.dirs instead.
2019-09-20 08:29:19,901 [main] INFO  om.OzoneManager (OzoneManager.java:setOMNodeDetails(645)) - OM Service ID is not set. Setting it to the default ID: omServiceIdDefault
2019-09-20 08:29:19,901 [main] INFO  om.OzoneManager (OzoneManager.java:setOMNodeDetails(651)) - OM Node ID is not set. Setting it to the OmStorage's OmID: 5217958b-0c37-4676-a336-b6e92747cc9f
2019-09-20 08:29:19,902 [main] INFO  om.OzoneManager (OzoneManager.java:loadOMHAConfigs(602)) - Found matching OM address with OMServiceId: null, OMNodeId: null, RPC Address: localhost:0 and Ratis port: 9872
2019-09-20 08:29:20,144 | INFO  | SCMAudit | user=jenkins1000 | ip=192.168.34.27 | op=GET_SCM_INFO null | ret=SUCCESS |  
2019-09-20 08:29:20,617 [main] WARN  server.ServerUtils (ServerUtils.java:getDBPath(222)) - ozone.om.db.dirs is not configured. We recommend adding this setting. Falling back to ozone.metadata.dirs instead.
2019-09-20 08:29:20,625 [main] INFO  db.DBStoreBuilder (DBStoreBuilder.java:addTable(110)) - using custom profile for table: userTable
2019-09-20 08:29:20,625 [main] INFO  db.DBStoreBuilder (DBStoreBuilder.java:processTables(161)) - Using default column profile:DBProfile.DISK for Table:userTable
2019-09-20 08:29:20,625 [main] INFO  db.DBStoreBuilder (DBStoreBuilder.java:addTable(110)) - using custom profile for table: volumeTable
2019-09-20 08:29:20,625 [main] INFO  db.DBStoreBuilder (DBStoreBuilder.java:processTables(161)) - Using default column profile:DBProfile.DISK for Table:volumeTable
2019-09-20 08:29:20,626 [main] INFO  db.DBStoreBuilder (DBStoreBuilder.java:addTable(110)) - using custom profile for table: bucketTable
2019-09-20 08:29:20,626 [main] INFO  db.DBStoreBuilder (DBStoreBuilder.java:processTables(161)) - Using default column profile:DBProfile.DISK for Table:bucketTable
2019-09-20 08:29:20,626 [main] INFO  db.DBStoreBuilder (DBStoreBuilder.java:addTable(110)) - using custom profile for table: keyTable
2019-09-20 08:29:20,626 [main] INFO  db.DBStoreBuilder (DBStoreBuilder.java:processTables(161)) - Using default column profile:DBProfile.DISK for Table:keyTable
2019-09-20 08:29:20,627 [main] INFO  db.DBStoreBuilder (DBStoreBuilder.java:addTable(110)) - using custom profile for table: deletedTable
2019-09-20 08:29:20,627 [main] INFO  db.DBStoreBuilder (DBStoreBuilder.java:processTables(161)) - Using default column profile:DBProfile.DISK for Table:deletedTable
2019-09-20 08:29:20,627 [main] INFO  db.DBStoreBuilder (DBStoreBuilder.java:addTable(110)) - using custom profile for table: openKeyTable
2019-09-20 08:29:20,627 [main] INFO  db.DBStoreBuilder (DBStoreBuilder.java:processTables(161)) - Using default column profile:DBProfile.DISK for Table:openKeyTable
2019-09-20 08:29:20,628 [main] INFO  db.DBStoreBuilder (DBStoreBuilder.java:addTable(110)) - using custom profile for table: s3Table
2019-09-20 08:29:20,628 [main] INFO  db.DBStoreBuilder (DBStoreBuilder.java:processTables(161)) - Using default column profile:DBProfile.DISK for Table:s3Table
2019-09-20 08:29:20,628 [main] INFO  db.DBStoreBuilder (DBStoreBuilder.java:addTable(110)) - using custom profile for table: multipartInfoTable
2019-09-20 08:29:20,628 [main] INFO  db.DBStoreBuilder (DBStoreBuilder.java:processTables(161)) - Using default column profile:DBProfile.DISK for Table:multipartInfoTable
2019-09-20 08:29:20,629 [main] INFO  db.DBStoreBuilder (DBStoreBuilder.java:addTable(110)) - using custom profile for table: dTokenTable
2019-09-20 08:29:20,629 [main] INFO  db.DBStoreBuilder (DBStoreBuilder.java:processTables(161)) - Using default column profile:DBProfile.DISK for Table:dTokenTable
2019-09-20 08:29:20,629 [main] INFO  db.DBStoreBuilder (DBStoreBuilder.java:addTable(110)) - using custom profile for table: s3SecretTable
2019-09-20 08:29:20,629 [main] INFO  db.DBStoreBuilder (DBStoreBuilder.java:processTables(161)) - Using default column profile:DBProfile.DISK for Table:s3SecretTable
2019-09-20 08:29:20,630 [main] INFO  db.DBStoreBuilder (DBStoreBuilder.java:addTable(110)) - using custom profile for table: prefixTable
2019-09-20 08:29:20,630 [main] INFO  db.DBStoreBuilder (DBStoreBuilder.java:processTables(161)) - Using default column profile:DBProfile.DISK for Table:prefixTable
2019-09-20 08:29:20,630 [main] INFO  db.DBStoreBuilder (DBStoreBuilder.java:addTable(110)) - using custom profile for table: default
2019-09-20 08:29:20,630 [main] INFO  db.DBStoreBuilder (DBStoreBuilder.java:processTables(167)) - Using default column profile:DBProfile.DISK for Table:default
2019-09-20 08:29:20,630 [main] INFO  db.DBStoreBuilder (DBStoreBuilder.java:getDbProfile(198)) - Using default options. DBProfile.DISK
2019-09-20 08:29:21,240 [main] INFO  ipc.CallQueueManager (CallQueueManager.java:<init>(84)) - Using callQueue: class java.util.concurrent.LinkedBlockingQueue, queueCapacity: 2000, scheduler: class org.apache.hadoop.ipc.DefaultRpcScheduler, ipcBackoff: false.
2019-09-20 08:29:21,241 [Socket Reader #1 for port 40003] INFO  ipc.Server (Server.java:run(1074)) - Starting Socket Reader #1 for port 40003
2019-09-20 08:29:21,273 [main] INFO  om.OzoneManager (OzoneManager.java:start(1256)) - OzoneManager RPC server is listening at localhost/127.0.0.1:40003
2019-09-20 08:29:21,273 [main] INFO  impl.MetricsSystemImpl (MetricsSystemImpl.java:init(158)) - OzoneManager metrics system started (again)
2019-09-20 08:29:21,275 [IPC Server Responder] INFO  ipc.Server (Server.java:run(1314)) - IPC Server Responder: starting
2019-09-20 08:29:21,275 [IPC Server listener on 40003] INFO  ipc.Server (Server.java:run(1153)) - IPC Server listener on 40003: starting
2019-09-20 08:29:21,281 [main] INFO  hdfs.DFSUtil (DFSUtil.java:httpServerTemplateForNNAndJN(1641)) - Starting Web-server for ozoneManager at: http://0.0.0.0:0
2019-09-20 08:29:21,284 [main] INFO  server.AuthenticationFilter (AuthenticationFilter.java:constructSecretProvider(240)) - Unable to initialize FileSignerSecretProvider, falling back to use random secrets.
2019-09-20 08:29:21,284 [main] WARN  http.HttpRequestLog (HttpRequestLog.java:getRequestLog(97)) - Jetty request log can only be enabled using Log4j
2019-09-20 08:29:21,287 [main] INFO  http.HttpServer2 (HttpServer2.java:addGlobalFilter(975)) - Added global filter 'safety' (class=org.apache.hadoop.http.HttpServer2$QuotingInputFilter)
2019-09-20 08:29:21,289 [main] INFO  http.HttpServer2 (HttpServer2.java:addFilter(948)) - Added filter static_user_filter (class=org.apache.hadoop.http.lib.StaticUserWebFilter$StaticUserFilter) to context ozoneManager
2019-09-20 08:29:21,289 [main] INFO  http.HttpServer2 (HttpServer2.java:addFilter(958)) - Added filter static_user_filter (class=org.apache.hadoop.http.lib.StaticUserWebFilter$StaticUserFilter) to context logs
2019-09-20 08:29:21,289 [main] INFO  http.HttpServer2 (HttpServer2.java:addFilter(958)) - Added filter static_user_filter (class=org.apache.hadoop.http.lib.StaticUserWebFilter$StaticUserFilter) to context static
2019-09-20 08:29:21,293 [main] INFO  http.HttpServer2 (HttpServer2.java:bindListener(1191)) - Jetty bound to port 41008
2019-09-20 08:29:21,293 [main] INFO  server.Server (Server.java:doStart(351)) - jetty-9.3.24.v20180605, build timestamp: 2018-06-05T17:11:56Z, git hash: 84205aa28f11a4f31f2a3b86d1bba2cc8ab69827
2019-09-20 08:29:21,295 [main] INFO  handler.ContextHandler (ContextHandler.java:doStart(781)) - Started o.e.j.s.ServletContextHandler@782168b7{/logs,file:///workdir/hadoop-ozone/tools/target/log,AVAILABLE}
2019-09-20 08:29:21,296 [main] INFO  handler.ContextHandler (ContextHandler.java:doStart(781)) - Started o.e.j.s.ServletContextHandler@7435a578{/static,jar:file:/home/user/.m2/repository/org/apache/hadoop/hadoop-ozone-ozone-manager/0.5.0-SNAPSHOT/hadoop-ozone-ozone-manager-0.5.0-SNAPSHOT.jar!/webapps/static,AVAILABLE}
2019-09-20 08:29:21,359 [main] INFO  handler.ContextHandler (ContextHandler.java:doStart(781)) - Started o.e.j.w.WebAppContext@10876a6{/,file:///tmp/jetty-0.0.0.0-41008-ozoneManager-_-any-7764239648979564463.dir/webapp/,AVAILABLE}{/ozoneManager}
2019-09-20 08:29:21,360 [main] INFO  server.AbstractConnector (AbstractConnector.java:doStart(278)) - Started ServerConnector@71870da7{HTTP/1.1,[http/1.1]}{0.0.0.0:41008}
2019-09-20 08:29:21,361 [main] INFO  server.Server (Server.java:doStart(419)) - Started @4761ms
2019-09-20 08:29:21,362 [main] INFO  server.BaseHttpServer (BaseHttpServer.java:updateConnectorAddress(213)) - HTTP server of OZONEMANAGER is listening at http://0.0.0.0:41008
2019-09-20 08:29:21,720 [main] INFO  impl.MetricsSystemImpl (MetricsSystemImpl.java:init(158)) - HddsDatanode metrics system started (again)
2019-09-20 08:29:21,803 [main] INFO  ozone.HddsDatanodeService (HddsDatanodeService.java:start(184)) - HddsDatanodeService host:pr-hdds-1569-6tbh6-3362816358 ip:192.168.34.27
2019-09-20 08:29:21,838 [main] INFO  volume.HddsVolume (HddsVolume.java:<init>(176)) - Creating Volume: /workdir/hadoop-ozone/tools/target/test-dir/MiniOzoneClusterImpl-d51e23b7-a35f-4296-b546-392ac43315b2/datanode-0/data/containers/hdds of  storage type : DISK and capacity : 1482555576320
2019-09-20 08:29:21,839 [main] INFO  volume.VolumeSet (VolumeSet.java:initializeVolumeSet(170)) - Added Volume : /workdir/hadoop-ozone/tools/target/test-dir/MiniOzoneClusterImpl-d51e23b7-a35f-4296-b546-392ac43315b2/datanode-0/data/containers/hdds to VolumeSet
2019-09-20 08:29:21,842 [main] INFO  volume.ThrottledAsyncChecker (ThrottledAsyncChecker.java:schedule(140)) - Scheduling a check for org.apache.hadoop.ozone.container.common.volume.HddsVolume@4b869331
2019-09-20 08:29:21,860 [main] INFO  volume.HddsVolumeChecker (HddsVolumeChecker.java:checkAllVolumes(203)) - Scheduled health check for volume org.apache.hadoop.ozone.container.common.volume.HddsVolume@4b869331
2019-09-20 08:29:21,970 [main] INFO  impl.RaftServerProxy (ConfUtils.java:logGet(43)) - raft.rpc.type = GRPC (default)
2019-09-20 08:29:22,053 [main] INFO  grpc.GrpcFactory (GrpcFactory.java:checkPooledByteBufAllocatorUseCacheForAllThreads(45)) - PERFORMANCE WARNING: useCacheForAllThreads is true that may cause Netty to create a lot garbage objects and, as a result, trigger GC.
	It is recommended to disable useCacheForAllThreads by setting -Dorg.apache.ratis.thirdparty.io.netty.allocator.useCacheForAllThreads=false in command line.
2019-09-20 08:29:22,060 [main] INFO  grpc.GrpcConfigKeys$Server (ConfUtils.java:logGet(43)) - raft.grpc.server.port = 0 (default)
2019-09-20 08:29:22,061 [main] INFO  server.GrpcService (ConfUtils.java:logGet(43)) - raft.grpc.message.size.max = 33570816 (custom)
2019-09-20 08:29:22,063 [main] INFO  server.RaftServerConfigKeys (ConfUtils.java:logGet(43)) - raft.server.log.appender.buffer.byte-limit = 33554432 (custom)
2019-09-20 08:29:22,063 [main] INFO  server.GrpcService (ConfUtils.java:logGet(43)) - raft.grpc.flow.control.window = 1MB (=1048576) (default)
2019-09-20 08:29:22,064 [main] INFO  server.RaftServerConfigKeys (ConfUtils.java:logGet(43)) - raft.server.rpc.request.timeout = 3000ms (default)
2019-09-20 08:29:22,253 [main] INFO  server.RaftServerConfigKeys (ConfUtils.java:logGet(43)) - raft.server.storage.dir = [/workdir/hadoop-ozone/tools/target/test-dir/MiniOzoneClusterImpl-d51e23b7-a35f-4296-b546-392ac43315b2/datanode-0/data/ratis] (custom)
2019-09-20 08:29:22,297 [main] INFO  replication.SimpleContainerDownloader (SimpleContainerDownloader.java:<init>(72)) - Starting container downloader service to copy containers to replicate.
2019-09-20 08:29:22,313 [main] INFO  hdfs.DFSUtil (DFSUtil.java:httpServerTemplateForNNAndJN(1641)) - Starting Web-server for hddsDatanode at: http://0.0.0.0:0
2019-09-20 08:29:22,316 [main] INFO  server.AuthenticationFilter (AuthenticationFilter.java:constructSecretProvider(240)) - Unable to initialize FileSignerSecretProvider, falling back to use random secrets.
2019-09-20 08:29:22,319 [main] WARN  http.HttpRequestLog (HttpRequestLog.java:getRequestLog(97)) - Jetty request log can only be enabled using Log4j
2019-09-20 08:29:22,322 [main] INFO  http.HttpServer2 (HttpServer2.java:addGlobalFilter(975)) - Added global filter 'safety' (class=org.apache.hadoop.http.HttpServer2$QuotingInputFilter)
2019-09-20 08:29:22,323 [main] INFO  http.HttpServer2 (HttpServer2.java:addFilter(948)) - Added filter static_user_filter (class=org.apache.hadoop.http.lib.StaticUserWebFilter$StaticUserFilter) to context hddsDatanode
2019-09-20 08:29:22,323 [main] INFO  http.HttpServer2 (HttpServer2.java:addFilter(958)) - Added filter static_user_filter (class=org.apache.hadoop.http.lib.StaticUserWebFilter$StaticUserFilter) to context logs
2019-09-20 08:29:22,324 [main] INFO  http.HttpServer2 (HttpServer2.java:addFilter(958)) - Added filter static_user_filter (class=org.apache.hadoop.http.lib.StaticUserWebFilter$StaticUserFilter) to context static
2019-09-20 08:29:22,326 [main] INFO  http.HttpServer2 (HttpServer2.java:bindListener(1191)) - Jetty bound to port 35340
2019-09-20 08:29:22,326 [main] INFO  server.Server (Server.java:doStart(351)) - jetty-9.3.24.v20180605, build timestamp: 2018-06-05T17:11:56Z, git hash: 84205aa28f11a4f31f2a3b86d1bba2cc8ab69827
2019-09-20 08:29:22,329 [main] INFO  handler.ContextHandler (ContextHandler.java:doStart(781)) - Started o.e.j.s.ServletContextHandler@3bd2af5b{/logs,file:///workdir/hadoop-ozone/tools/target/log,AVAILABLE}
2019-09-20 08:29:22,330 [main] INFO  handler.ContextHandler (ContextHandler.java:doStart(781)) - Started o.e.j.s.ServletContextHandler@75d982d3{/static,jar:file:/home/user/.m2/repository/org/apache/hadoop/hadoop-hdds-container-service/0.5.0-SNAPSHOT/hadoop-hdds-container-service-0.5.0-SNAPSHOT.jar!/webapps/static,AVAILABLE}
2019-09-20 08:29:22,371 [main] INFO  handler.ContextHandler (ContextHandler.java:doStart(781)) - Started o.e.j.w.WebAppContext@2b7962a2{/,file:///tmp/jetty-0.0.0.0-35340-hddsDatanode-_-any-7870967538767713228.dir/webapp/,AVAILABLE}{/hddsDatanode}
2019-09-20 08:29:22,372 [main] INFO  server.AbstractConnector (AbstractConnector.java:doStart(278)) - Started ServerConnector@6ad16c5d{HTTP/1.1,[http/1.1]}{0.0.0.0:35340}
2019-09-20 08:29:22,373 [main] INFO  server.Server (Server.java:doStart(419)) - Started @5774ms
2019-09-20 08:29:22,375 [main] INFO  server.BaseHttpServer (BaseHttpServer.java:updateConnectorAddress(213)) - HTTP server of HDDSDATANODE is listening at http://0.0.0.0:35340
2019-09-20 08:29:23,382 | INFO  | ObjectStoreRestHttpServer | Listening HDDS REST traffic on /0.0.0.0:38798 |  
2019-09-20 08:29:23,384 [main] INFO  ozone.HddsDatanodeService (HddsDatanodeService.java:startPlugins(395)) - Started plug-in org.apache.hadoop.ozone.web.OzoneHddsDatanodeService@2bb62414
2019-09-20 08:29:23,386 [main] INFO  impl.MetricsSystemImpl (MetricsSystemImpl.java:init(158)) - HddsDatanode metrics system started (again)
2019-09-20 08:29:23,392 [main] INFO  ozone.HddsDatanodeService (HddsDatanodeService.java:start(184)) - HddsDatanodeService host:pr-hdds-1569-6tbh6-3362816358 ip:192.168.34.27
2019-09-20 08:29:23,402 [org.apache.hadoop.util.JvmPauseMonitor$Monitor@6142841d] INFO  util.JvmPauseMonitor (JvmPauseMonitor.java:run(188)) - Starting JVM pause monitor
2019-09-20 08:29:23,415 [main] INFO  volume.HddsVolume (HddsVolume.java:<init>(176)) - Creating Volume: /workdir/hadoop-ozone/tools/target/test-dir/MiniOzoneClusterImpl-d51e23b7-a35f-4296-b546-392ac43315b2/datanode-1/data/containers/hdds of  storage type : DISK and capacity : 1482555576320
2019-09-20 08:29:23,416 [main] INFO  volume.VolumeSet (VolumeSet.java:initializeVolumeSet(170)) - Added Volume : /workdir/hadoop-ozone/tools/target/test-dir/MiniOzoneClusterImpl-d51e23b7-a35f-4296-b546-392ac43315b2/datanode-1/data/containers/hdds to VolumeSet
2019-09-20 08:29:23,417 [main] INFO  volume.ThrottledAsyncChecker (ThrottledAsyncChecker.java:schedule(140)) - Scheduling a check for org.apache.hadoop.ozone.container.common.volume.HddsVolume@3b7c58e7
2019-09-20 08:29:23,419 [main] INFO  volume.HddsVolumeChecker (HddsVolumeChecker.java:checkAllVolumes(203)) - Scheduled health check for volume org.apache.hadoop.ozone.container.common.volume.HddsVolume@3b7c58e7
2019-09-20 08:29:23,441 [main] INFO  impl.RaftServerProxy (ConfUtils.java:logGet(43)) - raft.rpc.type = GRPC (default)
2019-09-20 08:29:23,441 [main] INFO  grpc.GrpcFactory (GrpcFactory.java:checkPooledByteBufAllocatorUseCacheForAllThreads(45)) - PERFORMANCE WARNING: useCacheForAllThreads is true that may cause Netty to create a lot garbage objects and, as a result, trigger GC.
	It is recommended to disable useCacheForAllThreads by setting -Dorg.apache.ratis.thirdparty.io.netty.allocator.useCacheForAllThreads=false in command line.
2019-09-20 08:29:23,441 [main] INFO  grpc.GrpcConfigKeys$Server (ConfUtils.java:logGet(43)) - raft.grpc.server.port = 0 (default)
2019-09-20 08:29:23,442 [main] INFO  server.GrpcService (ConfUtils.java:logGet(43)) - raft.grpc.message.size.max = 33570816 (custom)
2019-09-20 08:29:23,442 [main] INFO  server.RaftServerConfigKeys (ConfUtils.java:logGet(43)) - raft.server.log.appender.buffer.byte-limit = 33554432 (custom)
2019-09-20 08:29:23,442 [main] INFO  server.GrpcService (ConfUtils.java:logGet(43)) - raft.grpc.flow.control.window = 1MB (=1048576) (default)
2019-09-20 08:29:23,442 [main] INFO  server.RaftServerConfigKeys (ConfUtils.java:logGet(43)) - raft.server.rpc.request.timeout = 3000ms (default)
2019-09-20 08:29:23,443 [main] INFO  server.RaftServerConfigKeys (ConfUtils.java:logGet(43)) - raft.server.storage.dir = [/workdir/hadoop-ozone/tools/target/test-dir/MiniOzoneClusterImpl-d51e23b7-a35f-4296-b546-392ac43315b2/datanode-1/data/ratis] (custom)
2019-09-20 08:29:23,443 [main] INFO  replication.SimpleContainerDownloader (SimpleContainerDownloader.java:<init>(72)) - Starting container downloader service to copy containers to replicate.
2019-09-20 08:29:23,445 [main] INFO  hdfs.DFSUtil (DFSUtil.java:httpServerTemplateForNNAndJN(1641)) - Starting Web-server for hddsDatanode at: http://0.0.0.0:0
2019-09-20 08:29:23,446 [main] INFO  server.AuthenticationFilter (AuthenticationFilter.java:constructSecretProvider(240)) - Unable to initialize FileSignerSecretProvider, falling back to use random secrets.
2019-09-20 08:29:23,447 [main] WARN  http.HttpRequestLog (HttpRequestLog.java:getRequestLog(97)) - Jetty request log can only be enabled using Log4j
2019-09-20 08:29:23,449 [main] INFO  http.HttpServer2 (HttpServer2.java:addGlobalFilter(975)) - Added global filter 'safety' (class=org.apache.hadoop.http.HttpServer2$QuotingInputFilter)
2019-09-20 08:29:23,450 [main] INFO  http.HttpServer2 (HttpServer2.java:addFilter(948)) - Added filter static_user_filter (class=org.apache.hadoop.http.lib.StaticUserWebFilter$StaticUserFilter) to context hddsDatanode
2019-09-20 08:29:23,450 [main] INFO  http.HttpServer2 (HttpServer2.java:addFilter(958)) - Added filter static_user_filter (class=org.apache.hadoop.http.lib.StaticUserWebFilter$StaticUserFilter) to context static
2019-09-20 08:29:23,450 [main] INFO  http.HttpServer2 (HttpServer2.java:addFilter(958)) - Added filter static_user_filter (class=org.apache.hadoop.http.lib.StaticUserWebFilter$StaticUserFilter) to context logs
2019-09-20 08:29:23,451 [main] INFO  http.HttpServer2 (HttpServer2.java:bindListener(1191)) - Jetty bound to port 42527
2019-09-20 08:29:23,451 [main] INFO  server.Server (Server.java:doStart(351)) - jetty-9.3.24.v20180605, build timestamp: 2018-06-05T17:11:56Z, git hash: 84205aa28f11a4f31f2a3b86d1bba2cc8ab69827
2019-09-20 08:29:23,455 [main] INFO  handler.ContextHandler (ContextHandler.java:doStart(781)) - Started o.e.j.s.ServletContextHandler@7ab802f4{/logs,file:///workdir/hadoop-ozone/tools/target/log,AVAILABLE}
2019-09-20 08:29:23,455 [main] INFO  handler.ContextHandler (ContextHandler.java:doStart(781)) - Started o.e.j.s.ServletContextHandler@3b97907c{/static,jar:file:/home/user/.m2/repository/org/apache/hadoop/hadoop-hdds-container-service/0.5.0-SNAPSHOT/hadoop-hdds-container-service-0.5.0-SNAPSHOT.jar!/webapps/static,AVAILABLE}
2019-09-20 08:29:23,483 [main] INFO  handler.ContextHandler (ContextHandler.java:doStart(781)) - Started o.e.j.w.WebAppContext@4b88ca8e{/,file:///tmp/jetty-0.0.0.0-42527-hddsDatanode-_-any-355328169366490448.dir/webapp/,AVAILABLE}{/hddsDatanode}
2019-09-20 08:29:23,484 [main] INFO  server.AbstractConnector (AbstractConnector.java:doStart(278)) - Started ServerConnector@6fa02932{HTTP/1.1,[http/1.1]}{0.0.0.0:42527}
2019-09-20 08:29:23,487 [main] INFO  server.Server (Server.java:doStart(419)) - Started @6887ms
2019-09-20 08:29:23,487 [main] INFO  server.BaseHttpServer (BaseHttpServer.java:updateConnectorAddress(213)) - HTTP server of HDDSDATANODE is listening at http://0.0.0.0:42527
2019-09-20 08:29:23,518 [Datanode State Machine Thread - 0] INFO  datanode.InitDatanodeState (InitDatanodeState.java:persistContainerDatanodeDetails(140)) - DatanodeDetails is persisted to /workdir/hadoop-ozone/tools/target/test-dir/MiniOzoneClusterImpl-d51e23b7-a35f-4296-b546-392ac43315b2/datanode-0/meta/datanode.id
2019-09-20 08:29:23,617 | INFO  | ObjectStoreRestHttpServer | Listening HDDS REST traffic on /0.0.0.0:42059 |  
2019-09-20 08:29:23,617 [main] INFO  ozone.HddsDatanodeService (HddsDatanodeService.java:startPlugins(395)) - Started plug-in org.apache.hadoop.ozone.web.OzoneHddsDatanodeService@1a8e9ed9
2019-09-20 08:29:23,618 [main] INFO  impl.MetricsSystemImpl (MetricsSystemImpl.java:init(158)) - HddsDatanode metrics system started (again)
2019-09-20 08:29:23,621 [main] INFO  ozone.HddsDatanodeService (HddsDatanodeService.java:start(184)) - HddsDatanodeService host:pr-hdds-1569-6tbh6-3362816358 ip:192.168.34.27
2019-09-20 08:29:23,621 [org.apache.hadoop.util.JvmPauseMonitor$Monitor@53f7f06] INFO  util.JvmPauseMonitor (JvmPauseMonitor.java:run(188)) - Starting JVM pause monitor
2019-09-20 08:29:23,626 [Datanode State Machine Thread - 0] INFO  datanode.InitDatanodeState (InitDatanodeState.java:persistContainerDatanodeDetails(140)) - DatanodeDetails is persisted to /workdir/hadoop-ozone/tools/target/test-dir/MiniOzoneClusterImpl-d51e23b7-a35f-4296-b546-392ac43315b2/datanode-1/meta/datanode.id
2019-09-20 08:29:23,630 [main] INFO  volume.HddsVolume (HddsVolume.java:<init>(176)) - Creating Volume: /workdir/hadoop-ozone/tools/target/test-dir/MiniOzoneClusterImpl-d51e23b7-a35f-4296-b546-392ac43315b2/datanode-2/data/containers/hdds of  storage type : DISK and capacity : 1482555576320
2019-09-20 08:29:23,630 [main] INFO  volume.VolumeSet (VolumeSet.java:initializeVolumeSet(170)) - Added Volume : /workdir/hadoop-ozone/tools/target/test-dir/MiniOzoneClusterImpl-d51e23b7-a35f-4296-b546-392ac43315b2/datanode-2/data/containers/hdds to VolumeSet
2019-09-20 08:29:23,630 [main] INFO  volume.ThrottledAsyncChecker (ThrottledAsyncChecker.java:schedule(140)) - Scheduling a check for org.apache.hadoop.ozone.container.common.volume.HddsVolume@1f884bd6
2019-09-20 08:29:23,631 [main] INFO  volume.HddsVolumeChecker (HddsVolumeChecker.java:checkAllVolumes(203)) - Scheduled health check for volume org.apache.hadoop.ozone.container.common.volume.HddsVolume@1f884bd6
2019-09-20 08:29:23,646 [main] INFO  impl.RaftServerProxy (ConfUtils.java:logGet(43)) - raft.rpc.type = GRPC (default)
2019-09-20 08:29:23,647 [main] INFO  grpc.GrpcFactory (GrpcFactory.java:checkPooledByteBufAllocatorUseCacheForAllThreads(45)) - PERFORMANCE WARNING: useCacheForAllThreads is true that may cause Netty to create a lot garbage objects and, as a result, trigger GC.
	It is recommended to disable useCacheForAllThreads by setting -Dorg.apache.ratis.thirdparty.io.netty.allocator.useCacheForAllThreads=false in command line.
2019-09-20 08:29:23,647 [main] INFO  grpc.GrpcConfigKeys$Server (ConfUtils.java:logGet(43)) - raft.grpc.server.port = 0 (default)
2019-09-20 08:29:23,647 [main] INFO  server.GrpcService (ConfUtils.java:logGet(43)) - raft.grpc.message.size.max = 33570816 (custom)
2019-09-20 08:29:23,647 [main] INFO  server.RaftServerConfigKeys (ConfUtils.java:logGet(43)) - raft.server.log.appender.buffer.byte-limit = 33554432 (custom)
2019-09-20 08:29:23,648 [main] INFO  server.GrpcService (ConfUtils.java:logGet(43)) - raft.grpc.flow.control.window = 1MB (=1048576) (default)
2019-09-20 08:29:23,648 [main] INFO  server.RaftServerConfigKeys (ConfUtils.java:logGet(43)) - raft.server.rpc.request.timeout = 3000ms (default)
2019-09-20 08:29:23,648 [main] INFO  server.RaftServerConfigKeys (ConfUtils.java:logGet(43)) - raft.server.storage.dir = [/workdir/hadoop-ozone/tools/target/test-dir/MiniOzoneClusterImpl-d51e23b7-a35f-4296-b546-392ac43315b2/datanode-2/data/ratis] (custom)
2019-09-20 08:29:23,649 [main] INFO  replication.SimpleContainerDownloader (SimpleContainerDownloader.java:<init>(72)) - Starting container downloader service to copy containers to replicate.
2019-09-20 08:29:23,651 [main] INFO  hdfs.DFSUtil (DFSUtil.java:httpServerTemplateForNNAndJN(1641)) - Starting Web-server for hddsDatanode at: http://0.0.0.0:0
2019-09-20 08:29:23,652 [main] INFO  server.AuthenticationFilter (AuthenticationFilter.java:constructSecretProvider(240)) - Unable to initialize FileSignerSecretProvider, falling back to use random secrets.
2019-09-20 08:29:23,652 [main] WARN  http.HttpRequestLog (HttpRequestLog.java:getRequestLog(97)) - Jetty request log can only be enabled using Log4j
2019-09-20 08:29:23,654 [main] INFO  http.HttpServer2 (HttpServer2.java:addGlobalFilter(975)) - Added global filter 'safety' (class=org.apache.hadoop.http.HttpServer2$QuotingInputFilter)
2019-09-20 08:29:23,654 [main] INFO  http.HttpServer2 (HttpServer2.java:addFilter(948)) - Added filter static_user_filter (class=org.apache.hadoop.http.lib.StaticUserWebFilter$StaticUserFilter) to context hddsDatanode
2019-09-20 08:29:23,655 [main] INFO  http.HttpServer2 (HttpServer2.java:addFilter(958)) - Added filter static_user_filter (class=org.apache.hadoop.http.lib.StaticUserWebFilter$StaticUserFilter) to context static
2019-09-20 08:29:23,655 [main] INFO  http.HttpServer2 (HttpServer2.java:addFilter(958)) - Added filter static_user_filter (class=org.apache.hadoop.http.lib.StaticUserWebFilter$StaticUserFilter) to context logs
2019-09-20 08:29:23,655 [main] INFO  http.HttpServer2 (HttpServer2.java:bindListener(1191)) - Jetty bound to port 36426
2019-09-20 08:29:23,656 [main] INFO  server.Server (Server.java:doStart(351)) - jetty-9.3.24.v20180605, build timestamp: 2018-06-05T17:11:56Z, git hash: 84205aa28f11a4f31f2a3b86d1bba2cc8ab69827
2019-09-20 08:29:23,657 [main] INFO  handler.ContextHandler (ContextHandler.java:doStart(781)) - Started o.e.j.s.ServletContextHandler@7d2c345d{/logs,file:///workdir/hadoop-ozone/tools/target/log,AVAILABLE}
2019-09-20 08:29:23,658 [main] INFO  handler.ContextHandler (ContextHandler.java:doStart(781)) - Started o.e.j.s.ServletContextHandler@5db948c9{/static,jar:file:/home/user/.m2/repository/org/apache/hadoop/hadoop-hdds-container-service/0.5.0-SNAPSHOT/hadoop-hdds-container-service-0.5.0-SNAPSHOT.jar!/webapps/static,AVAILABLE}
2019-09-20 08:29:23,683 [main] INFO  handler.ContextHandler (ContextHandler.java:doStart(781)) - Started o.e.j.w.WebAppContext@58687fb7{/,file:///tmp/jetty-0.0.0.0-36426-hddsDatanode-_-any-8839583782351902746.dir/webapp/,AVAILABLE}{/hddsDatanode}
2019-09-20 08:29:23,683 [main] INFO  server.AbstractConnector (AbstractConnector.java:doStart(278)) - Started ServerConnector@3554bdc0{HTTP/1.1,[http/1.1]}{0.0.0.0:36426}
2019-09-20 08:29:23,684 [main] INFO  server.Server (Server.java:doStart(419)) - Started @7085ms
2019-09-20 08:29:23,685 [main] INFO  server.BaseHttpServer (BaseHttpServer.java:updateConnectorAddress(213)) - HTTP server of HDDSDATANODE is listening at http://0.0.0.0:36426
2019-09-20 08:29:23,818 | INFO  | ObjectStoreRestHttpServer | Listening HDDS REST traffic on /0.0.0.0:38501 |  
2019-09-20 08:29:23,819 [main] INFO  ozone.HddsDatanodeService (HddsDatanodeService.java:startPlugins(395)) - Started plug-in org.apache.hadoop.ozone.web.OzoneHddsDatanodeService@5d194314
2019-09-20 08:29:23,821 [main] INFO  ozone.MiniOzoneClusterImpl (MiniOzoneClusterImpl.java:lambda$waitForClusterToBeReady$0(142)) - Waiting for cluster to be ready. Got 0 of 3 DN Heartbeats.
2019-09-20 08:29:23,822 [org.apache.hadoop.util.JvmPauseMonitor$Monitor@254903de] INFO  util.JvmPauseMonitor (JvmPauseMonitor.java:run(188)) - Starting JVM pause monitor
2019-09-20 08:29:23,824 [Datanode State Machine Thread - 0] INFO  datanode.InitDatanodeState (InitDatanodeState.java:persistContainerDatanodeDetails(140)) - DatanodeDetails is persisted to /workdir/hadoop-ozone/tools/target/test-dir/MiniOzoneClusterImpl-d51e23b7-a35f-4296-b546-392ac43315b2/datanode-2/meta/datanode.id
2019-09-20 08:29:24,821 [main] INFO  ozone.MiniOzoneClusterImpl (MiniOzoneClusterImpl.java:lambda$waitForClusterToBeReady$0(142)) - Waiting for cluster to be ready. Got 0 of 3 DN Heartbeats.
2019-09-20 08:29:25,431 | INFO  | SCMAudit | user=jenkins1000 | ip=192.168.34.27 | op=GET_VERSION null | ret=SUCCESS |  
2019-09-20 08:29:25,453 [Datanode State Machine Thread - 0] INFO  ozoneimpl.OzoneContainer (OzoneContainer.java:start(186)) - Attempting to start container services.
2019-09-20 08:29:25,455 [Datanode State Machine Thread - 0] INFO  ozoneimpl.OzoneContainer (OzoneContainer.java:startContainerScrub(160)) - Background container scrubber has been disabled by hdds.containerscrub.enabled
2019-09-20 08:29:25,455 [Datanode State Machine Thread - 0] INFO  ratis.XceiverServerRatis (XceiverServerRatis.java:start(404)) - Starting XceiverServerRatis 62869313-87e7-4095-b37c-6162291b45c6 at port 0
2019-09-20 08:29:25,481 [Datanode State Machine Thread - 0] INFO  impl.RaftServerProxy (RaftServerProxy.java:lambda$start$3(299)) - 62869313-87e7-4095-b37c-6162291b45c6: start RPC server
2019-09-20 08:29:25,623 | INFO  | SCMAudit | user=jenkins1000 | ip=192.168.34.27 | op=GET_VERSION null | ret=SUCCESS |  
2019-09-20 08:29:25,628 [Datanode State Machine Thread - 0] INFO  server.GrpcService (GrpcService.java:startImpl(149)) - 62869313-87e7-4095-b37c-6162291b45c6: GrpcService started, listening on 0.0.0.0/0.0.0.0:38218
2019-09-20 08:29:25,629 [Datanode State Machine Thread - 0] INFO  ratis.XceiverServerRatis (XceiverServerRatis.java:start(414)) - XceiverServerRatis 62869313-87e7-4095-b37c-6162291b45c6 is started using port 38218
2019-09-20 08:29:25,632 [Datanode State Machine Thread - 0] INFO  server.XceiverServerGrpc (XceiverServerGrpc.java:start(163)) - XceiverServerGrpc 62869313-87e7-4095-b37c-6162291b45c6 is started using port 38366
2019-09-20 08:29:25,639 [Datanode State Machine Thread - 0] INFO  ozoneimpl.OzoneContainer (OzoneContainer.java:start(186)) - Attempting to start container services.
2019-09-20 08:29:25,641 [Datanode State Machine Thread - 0] INFO  ozoneimpl.OzoneContainer (OzoneContainer.java:startContainerScrub(160)) - Background container scrubber has been disabled by hdds.containerscrub.enabled
2019-09-20 08:29:25,641 [Datanode State Machine Thread - 0] INFO  ratis.XceiverServerRatis (XceiverServerRatis.java:start(404)) - Starting XceiverServerRatis 977c6be4-088e-49bb-bd18-954d6d3cf26e at port 0
2019-09-20 08:29:25,650 [Datanode State Machine Thread - 0] INFO  impl.RaftServerProxy (RaftServerProxy.java:lambda$start$3(299)) - 977c6be4-088e-49bb-bd18-954d6d3cf26e: start RPC server
2019-09-20 08:29:25,653 [Datanode State Machine Thread - 0] INFO  server.GrpcService (GrpcService.java:startImpl(149)) - 977c6be4-088e-49bb-bd18-954d6d3cf26e: GrpcService started, listening on 0.0.0.0/0.0.0.0:41596
2019-09-20 08:29:25,654 [Datanode State Machine Thread - 0] INFO  ratis.XceiverServerRatis (XceiverServerRatis.java:start(414)) - XceiverServerRatis 977c6be4-088e-49bb-bd18-954d6d3cf26e is started using port 41596
2019-09-20 08:29:25,656 [Datanode State Machine Thread - 0] INFO  server.XceiverServerGrpc (XceiverServerGrpc.java:start(163)) - XceiverServerGrpc 977c6be4-088e-49bb-bd18-954d6d3cf26e is started using port 43354
2019-09-20 08:29:25,822 [main] INFO  ozone.MiniOzoneClusterImpl (MiniOzoneClusterImpl.java:lambda$waitForClusterToBeReady$0(142)) - Waiting for cluster to be ready. Got 0 of 3 DN Heartbeats.
2019-09-20 08:29:25,824 | INFO  | SCMAudit | user=jenkins1000 | ip=192.168.34.27 | op=GET_VERSION null | ret=SUCCESS |  
2019-09-20 08:29:25,839 [Datanode State Machine Thread - 0] INFO  ozoneimpl.OzoneContainer (OzoneContainer.java:start(186)) - Attempting to start container services.
2019-09-20 08:29:25,841 [Datanode State Machine Thread - 0] INFO  ozoneimpl.OzoneContainer (OzoneContainer.java:startContainerScrub(160)) - Background container scrubber has been disabled by hdds.containerscrub.enabled
2019-09-20 08:29:25,841 [Datanode State Machine Thread - 0] INFO  ratis.XceiverServerRatis (XceiverServerRatis.java:start(404)) - Starting XceiverServerRatis b348fd93-74e1-48ea-bc11-2098387e019e at port 0
2019-09-20 08:29:25,851 [Datanode State Machine Thread - 0] INFO  impl.RaftServerProxy (RaftServerProxy.java:lambda$start$3(299)) - b348fd93-74e1-48ea-bc11-2098387e019e: start RPC server
2019-09-20 08:29:25,854 [Datanode State Machine Thread - 0] INFO  server.GrpcService (GrpcService.java:startImpl(149)) - b348fd93-74e1-48ea-bc11-2098387e019e: GrpcService started, listening on 0.0.0.0/0.0.0.0:38321
2019-09-20 08:29:25,854 [Datanode State Machine Thread - 0] INFO  ratis.XceiverServerRatis (XceiverServerRatis.java:start(414)) - XceiverServerRatis b348fd93-74e1-48ea-bc11-2098387e019e is started using port 38321
2019-09-20 08:29:25,857 [Datanode State Machine Thread - 0] INFO  server.XceiverServerGrpc (XceiverServerGrpc.java:start(163)) - XceiverServerGrpc b348fd93-74e1-48ea-bc11-2098387e019e is started using port 42375
2019-09-20 08:29:26,824 [main] INFO  ozone.MiniOzoneClusterImpl (MiniOzoneClusterImpl.java:lambda$waitForClusterToBeReady$0(142)) - Waiting for cluster to be ready. Got 0 of 3 DN Heartbeats.
2019-09-20 08:29:27,437 [IPC Server handler 1 on 41030] INFO  net.NetworkTopology (NetworkTopologyImpl.java:add(110)) - Added a new node: /default-rack/62869313-87e7-4095-b37c-6162291b45c6
2019-09-20 08:29:27,438 [IPC Server handler 1 on 41030] INFO  node.SCMNodeManager (SCMNodeManager.java:register(273)) - Registered Data node : 62869313-87e7-4095-b37c-6162291b45c6{ip: 192.168.34.27, host: pr-hdds-1569-6tbh6-3362816358, networkLocation: /default-rack, certSerialId: null}
2019-09-20 08:29:27,443 [EventQueue-NodeRegistrationContainerReportForDataNodeSafeModeRule] INFO  safemode.SCMSafeModeManager (DataNodeSafeModeRule.java:process(71)) - SCM in safe mode. 1 DataNodes registered, 1 required.
2019-09-20 08:29:27,443 [EventQueue-NodeRegistrationContainerReportForDataNodeSafeModeRule] INFO  safemode.SCMSafeModeManager (SCMSafeModeManager.java:validateSafeModeExitRules(177)) - ScmSafeModeManager, all rules are successfully validated
2019-09-20 08:29:27,444 [EventQueue-NodeRegistrationContainerReportForDataNodeSafeModeRule] INFO  safemode.SCMSafeModeManager (SCMSafeModeManager.java:exitSafeMode(193)) - SCM exiting safe mode.
2019-09-20 08:29:27,449 | INFO  | SCMAudit | user=jenkins1000 | ip=192.168.34.27 | op=REGISTER {datanodeDetails=62869313-87e7-4095-b37c-6162291b45c6{ip: 192.168.34.27, host: pr-hdds-1569-6tbh6-3362816358, networkLocation: /default-rack, certSerialId: null}} | ret=SUCCESS |  
2019-09-20 08:29:27,624 [IPC Server handler 3 on 41030] INFO  net.NetworkTopology (NetworkTopologyImpl.java:add(110)) - Added a new node: /default-rack/977c6be4-088e-49bb-bd18-954d6d3cf26e
2019-09-20 08:29:27,624 [IPC Server handler 3 on 41030] INFO  node.SCMNodeManager (SCMNodeManager.java:register(273)) - Registered Data node : 977c6be4-088e-49bb-bd18-954d6d3cf26e{ip: 192.168.34.27, host: pr-hdds-1569-6tbh6-3362816358, networkLocation: /default-rack, certSerialId: null}
2019-09-20 08:29:27,625 | INFO  | SCMAudit | user=jenkins1000 | ip=192.168.34.27 | op=REGISTER {datanodeDetails=977c6be4-088e-49bb-bd18-954d6d3cf26e{ip: 192.168.34.27, host: pr-hdds-1569-6tbh6-3362816358, networkLocation: /default-rack, certSerialId: null}} | ret=SUCCESS |  
2019-09-20 08:29:27,828 [main] INFO  ozone.MiniOzoneClusterImpl (MiniOzoneClusterImpl.java:lambda$waitForClusterToBeReady$0(142)) - Waiting for cluster to be ready. Got 2 of 3 DN Heartbeats.
2019-09-20 08:29:27,829 [IPC Server handler 0 on 41030] INFO  net.NetworkTopology (NetworkTopologyImpl.java:add(110)) - Added a new node: /default-rack/b348fd93-74e1-48ea-bc11-2098387e019e
2019-09-20 08:29:27,829 [IPC Server handler 0 on 41030] INFO  node.SCMNodeManager (SCMNodeManager.java:register(273)) - Registered Data node : b348fd93-74e1-48ea-bc11-2098387e019e{ip: 192.168.34.27, host: pr-hdds-1569-6tbh6-3362816358, networkLocation: /default-rack, certSerialId: null}
2019-09-20 08:29:27,830 | INFO  | SCMAudit | user=jenkins1000 | ip=192.168.34.27 | op=REGISTER {datanodeDetails=b348fd93-74e1-48ea-bc11-2098387e019e{ip: 192.168.34.27, host: pr-hdds-1569-6tbh6-3362816358, networkLocation: /default-rack, certSerialId: null}} | ret=SUCCESS |  
2019-09-20 08:29:28,515 [grpc-default-executor-0] INFO  impl.RaftServerProxy (RaftServerProxy.java:addNew(89)) - 62869313-87e7-4095-b37c-6162291b45c6: addNew group-EB949986BF1E:[62869313-87e7-4095-b37c-6162291b45c6:192.168.34.27:38218] returns group-EB949986BF1E:java.util.concurrent.CompletableFuture@55ed14e5[Not completed]
2019-09-20 08:29:28,540 [pool-27-thread-1] INFO  impl.RaftServerImpl (RaftServerImpl.java:<init>(93)) - 62869313-87e7-4095-b37c-6162291b45c6: new RaftServerImpl for group-EB949986BF1E:[62869313-87e7-4095-b37c-6162291b45c6:192.168.34.27:38218] with ContainerStateMachine:uninitialized
2019-09-20 08:29:28,543 [pool-27-thread-1] INFO  server.RaftServerConfigKeys (ConfUtils.java:logGet(43)) - raft.server.rpc.timeout.min = 5s (custom)
2019-09-20 08:29:28,544 [pool-27-thread-1] INFO  server.RaftServerConfigKeys (ConfUtils.java:logGet(43)) - raft.server.rpc.timeout.max = 5200ms (custom)
2019-09-20 08:29:28,544 [pool-27-thread-1] INFO  server.RaftServerConfigKeys (ConfUtils.java:logGet(43)) - raft.server.rpcslowness.timeout = 120s (custom)
2019-09-20 08:29:28,546 [pool-27-thread-1] INFO  server.RaftServerConfigKeys (ConfUtils.java:logGet(43)) - raft.server.sleep.deviation.threshold = 300 (default)
2019-09-20 08:29:28,547 [pool-27-thread-1] INFO  server.RaftServerConfigKeys (ConfUtils.java:logGet(43)) - raft.server.log.appender.install.snapshot.enabled = false (custom)
2019-09-20 08:29:28,559 [pool-27-thread-1] INFO  impl.RaftServerImpl (ServerState.java:<init>(105)) - 62869313-87e7-4095-b37c-6162291b45c6:group-EB949986BF1E ConfigurationManager, init=-1: [62869313-87e7-4095-b37c-6162291b45c6:192.168.34.27:38218], old=null, confs=<EMPTY_MAP>
2019-09-20 08:29:28,560 [pool-27-thread-1] INFO  server.RaftServerConfigKeys (ConfUtils.java:logGet(43)) - raft.server.storage.dir = [/workdir/hadoop-ozone/tools/target/test-dir/MiniOzoneClusterImpl-d51e23b7-a35f-4296-b546-392ac43315b2/datanode-0/data/ratis] (custom)
2019-09-20 08:29:28,571 [pool-27-thread-1] INFO  storage.RaftStorageDirectory (RaftStorageDirectory.java:analyzeStorage(246)) - The storage directory /workdir/hadoop-ozone/tools/target/test-dir/MiniOzoneClusterImpl-d51e23b7-a35f-4296-b546-392ac43315b2/datanode-0/data/ratis/d78eac0f-a44e-4a07-82d1-eb949986bf1e does not exist. Creating ...
2019-09-20 08:29:28,598 [pool-27-thread-1] INFO  storage.RaftStorageDirectory (RaftStorageDirectory.java:tryLock(328)) - Lock on /workdir/hadoop-ozone/tools/target/test-dir/MiniOzoneClusterImpl-d51e23b7-a35f-4296-b546-392ac43315b2/datanode-0/data/ratis/d78eac0f-a44e-4a07-82d1-eb949986bf1e/in_use.lock acquired by nodename 2528@pr-hdds-1569-6tbh6-3362816358
2019-09-20 08:29:28,614 [pool-27-thread-1] INFO  storage.RaftStorage (RaftStorage.java:format(72)) - Storage directory /workdir/hadoop-ozone/tools/target/test-dir/MiniOzoneClusterImpl-d51e23b7-a35f-4296-b546-392ac43315b2/datanode-0/data/ratis/d78eac0f-a44e-4a07-82d1-eb949986bf1e has been successfully formatted.
2019-09-20 08:29:28,616 [pool-27-thread-1] INFO  ratis.ContainerStateMachine (ContainerStateMachine.java:loadSnapshot(226)) - group-EB949986BF1E: The snapshot info is null. Setting the last applied indexto:(t:0, i:~)
2019-09-20 08:29:28,617 [pool-27-thread-1] INFO  server.RaftServerConfigKeys (ConfUtils.java:logGet(43)) - raft.server.leader.election.timeout = 120s (custom)
2019-09-20 08:29:28,620 [pool-27-thread-1] INFO  server.RaftServerConfigKeys (ConfUtils.java:logGet(43)) - raft.server.log.use.memory = false (default)
2019-09-20 08:29:28,627 [pool-27-thread-1] INFO  server.RaftServerConfigKeys (ConfUtils.java:logGet(43)) - raft.server.log.purge.gap = 1000000 (custom)
2019-09-20 08:29:28,627 [pool-27-thread-1] INFO  server.RaftServerConfigKeys (ConfUtils.java:logGet(43)) - raft.server.log.appender.buffer.byte-limit = 33554432 (custom)
2019-09-20 08:29:28,629 [pool-27-thread-1] INFO  server.RaftServerConfigKeys (ConfUtils.java:logGet(43)) - raft.server.log.segment.size.max = 1048576 (custom)
2019-09-20 08:29:28,635 [pool-27-thread-1] INFO  server.RaftServerConfigKeys (ConfUtils.java:logGet(43)) - raft.server.log.segment.cache.num.max = 2 (custom)
2019-09-20 08:29:28,642 [pool-27-thread-1] INFO  segmented.SegmentedRaftLogWorker (SegmentedRaftLogWorker.java:<init>(172)) - new 62869313-87e7-4095-b37c-6162291b45c6-SegmentedRaftLogWorker:Storage Directory /workdir/hadoop-ozone/tools/target/test-dir/MiniOzoneClusterImpl-d51e23b7-a35f-4296-b546-392ac43315b2/datanode-0/data/ratis/d78eac0f-a44e-4a07-82d1-eb949986bf1e for RaftStorage:Storage Directory /workdir/hadoop-ozone/tools/target/test-dir/MiniOzoneClusterImpl-d51e23b7-a35f-4296-b546-392ac43315b2/datanode-0/data/ratis/d78eac0f-a44e-4a07-82d1-eb949986bf1e
2019-09-20 08:29:28,658 [pool-27-thread-1] INFO  server.RaftServerConfigKeys (ConfUtils.java:logGet(43)) - raft.server.log.queue.byte-limit = 2147483647 (custom)
2019-09-20 08:29:28,659 [pool-27-thread-1] INFO  server.RaftServerConfigKeys (ConfUtils.java:logGet(43)) - raft.server.log.queue.element-limit = 1024 (custom)
2019-09-20 08:29:28,665 [pool-27-thread-1] INFO  server.RaftServerConfigKeys (ConfUtils.java:logGet(43)) - raft.server.log.segment.size.max = 1048576 (custom)
2019-09-20 08:29:28,665 [pool-27-thread-1] INFO  server.RaftServerConfigKeys (ConfUtils.java:logGet(43)) - raft.server.log.preallocated.size = 16384 (custom)
2019-09-20 08:29:28,666 [pool-27-thread-1] INFO  server.RaftServerConfigKeys (ConfUtils.java:logGet(43)) - raft.server.log.write.buffer.size = 33554432 (custom)
2019-09-20 08:29:28,666 [pool-27-thread-1] INFO  server.RaftServerConfigKeys (ConfUtils.java:logGet(43)) - raft.server.log.force.sync.num = 128 (default)
2019-09-20 08:29:28,668 [pool-27-thread-1] INFO  server.RaftServerConfigKeys (ConfUtils.java:logGet(43)) - raft.server.log.statemachine.data.sync = true (default)
2019-09-20 08:29:28,668 [pool-27-thread-1] INFO  server.RaftServerConfigKeys (ConfUtils.java:logGet(43)) - raft.server.log.statemachine.data.sync.timeout = 10s (default)
2019-09-20 08:29:28,668 [pool-27-thread-1] INFO  server.RaftServerConfigKeys (ConfUtils.java:logGet(43)) - raft.server.log.statemachine.data.sync.timeout.retry = -1 (default)
2019-09-20 08:29:28,681 [pool-27-thread-1] INFO  server.RaftServerConfigKeys (ConfUtils.java:logGet(43)) - raft.server.log.statemachine.data.caching.enabled = true (custom)
2019-09-20 08:29:28,686 [pool-27-thread-1] INFO  segmented.SegmentedRaftLogWorker (SegmentedRaftLogWorker.java:lambda$new$0(132)) - 62869313-87e7-4095-b37c-6162291b45c6-SegmentedRaftLogWorker:Storage Directory /workdir/hadoop-ozone/tools/target/test-dir/MiniOzoneClusterImpl-d51e23b7-a35f-4296-b546-392ac43315b2/datanode-0/data/ratis/d78eac0f-a44e-4a07-82d1-eb949986bf1e: flushIndex: setUnconditionally 0 -> -1
2019-09-20 08:29:28,690 [pool-27-thread-1] INFO  server.RaftServerConfigKeys (ConfUtils.java:logGet(43)) - raft.server.snapshot.auto.trigger.enabled = true (custom)
2019-09-20 08:29:28,691 [pool-27-thread-1] INFO  server.RaftServerConfigKeys (ConfUtils.java:logGet(43)) - raft.server.snapshot.auto.trigger.threshold = 10000 (custom)
2019-09-20 08:29:28,692 [pool-27-thread-1] INFO  server.RaftServerConfigKeys (ConfUtils.java:logGet(43)) - raft.server.retrycache.expirytime = 600000ms (custom)
2019-09-20 08:29:28,713 [pool-27-thread-1] INFO  impl.RaftServerImpl (RaftServerImpl.java:start(180)) - 62869313-87e7-4095-b37c-6162291b45c6: start group-EB949986BF1E
2019-09-20 08:29:28,715 [pool-27-thread-1] INFO  impl.RaftServerImpl (RaftServerImpl.java:setRole(171)) - 62869313-87e7-4095-b37c-6162291b45c6:group-EB949986BF1E changes role from null to FOLLOWER at term 0 for startAsFollower
2019-09-20 08:29:28,717 [pool-27-thread-1] INFO  impl.RoleInfo (RoleInfo.java:updateAndGet(143)) - 62869313-87e7-4095-b37c-6162291b45c6: start FollowerState
2019-09-20 08:29:28,719 [pool-27-thread-1] INFO  util.JmxRegister (JmxRegister.java:tryRegister(44)) - Successfully registered JMX Bean with object name Ratis:service=RaftServer,group=group-EB949986BF1E,id=62869313-87e7-4095-b37c-6162291b45c6
2019-09-20 08:29:28,792 [RatisPipelineUtilsThread] INFO  pipeline.PipelineStateManager (PipelineStateManager.java:addPipeline(56)) - Created pipeline Pipeline[ Id: d78eac0f-a44e-4a07-82d1-eb949986bf1e, Nodes: 62869313-87e7-4095-b37c-6162291b45c6{ip: 192.168.34.27, host: pr-hdds-1569-6tbh6-3362816358, networkLocation: /default-rack, certSerialId: null}, Type:RATIS, Factor:ONE, State:OPEN]
2019-09-20 08:29:28,818 [grpc-default-executor-0] INFO  impl.RaftServerProxy (RaftServerProxy.java:addNew(89)) - 977c6be4-088e-49bb-bd18-954d6d3cf26e: addNew group-2A8FDDE810EE:[977c6be4-088e-49bb-bd18-954d6d3cf26e:192.168.34.27:41596] returns group-2A8FDDE810EE:java.util.concurrent.CompletableFuture@7303ca50[Not completed]
2019-09-20 08:29:28,836 [main] INFO  ozone.MiniOzoneClusterImpl (MiniOzoneClusterImpl.java:lambda$waitForClusterToBeReady$0(142)) - Cluster is ready. Got 3 of 3 DN Heartbeats.
2019-09-20 08:29:28,857 [pool-38-thread-1] INFO  impl.RaftServerImpl (RaftServerImpl.java:<init>(93)) - 977c6be4-088e-49bb-bd18-954d6d3cf26e: new RaftServerImpl for group-2A8FDDE810EE:[977c6be4-088e-49bb-bd18-954d6d3cf26e:192.168.34.27:41596] with ContainerStateMachine:uninitialized
2019-09-20 08:29:28,859 [pool-38-thread-1] INFO  server.RaftServerConfigKeys (ConfUtils.java:logGet(43)) - raft.server.rpc.timeout.min = 5s (custom)
2019-09-20 08:29:28,860 [pool-38-thread-1] INFO  server.RaftServerConfigKeys (ConfUtils.java:logGet(43)) - raft.server.rpc.timeout.max = 5200ms (custom)
2019-09-20 08:29:28,860 [pool-38-thread-1] INFO  server.RaftServerConfigKeys (ConfUtils.java:logGet(43)) - raft.server.rpcslowness.timeout = 120s (custom)
2019-09-20 08:29:28,860 [pool-38-thread-1] INFO  server.RaftServerConfigKeys (ConfUtils.java:logGet(43)) - raft.server.sleep.deviation.threshold = 300 (default)
2019-09-20 08:29:28,860 [pool-38-thread-1] INFO  server.RaftServerConfigKeys (ConfUtils.java:logGet(43)) - raft.server.log.appender.install.snapshot.enabled = false (custom)
2019-09-20 08:29:28,861 [pool-38-thread-1] INFO  impl.RaftServerImpl (ServerState.java:<init>(105)) - 977c6be4-088e-49bb-bd18-954d6d3cf26e:group-2A8FDDE810EE ConfigurationManager, init=-1: [977c6be4-088e-49bb-bd18-954d6d3cf26e:192.168.34.27:41596], old=null, confs=<EMPTY_MAP>
2019-09-20 08:29:28,861 [pool-38-thread-1] INFO  server.RaftServerConfigKeys (ConfUtils.java:logGet(43)) - raft.server.storage.dir = [/workdir/hadoop-ozone/tools/target/test-dir/MiniOzoneClusterImpl-d51e23b7-a35f-4296-b546-392ac43315b2/datanode-1/data/ratis] (custom)
2019-09-20 08:29:28,862 [pool-38-thread-1] INFO  storage.RaftStorageDirectory (RaftStorageDirectory.java:analyzeStorage(246)) - The storage directory /workdir/hadoop-ozone/tools/target/test-dir/MiniOzoneClusterImpl-d51e23b7-a35f-4296-b546-392ac43315b2/datanode-1/data/ratis/1b2f7494-4f59-4b8a-9f0d-2a8fdde810ee does not exist. Creating ...
2019-09-20 08:29:28,891 [pool-38-thread-1] INFO  storage.RaftStorageDirectory (RaftStorageDirectory.java:tryLock(328)) - Lock on /workdir/hadoop-ozone/tools/target/test-dir/MiniOzoneClusterImpl-d51e23b7-a35f-4296-b546-392ac43315b2/datanode-1/data/ratis/1b2f7494-4f59-4b8a-9f0d-2a8fdde810ee/in_use.lock acquired by nodename 2528@pr-hdds-1569-6tbh6-3362816358
2019-09-20 08:29:28,906 [pool-38-thread-1] INFO  storage.RaftStorage (RaftStorage.java:format(72)) - Storage directory /workdir/hadoop-ozone/tools/target/test-dir/MiniOzoneClusterImpl-d51e23b7-a35f-4296-b546-392ac43315b2/datanode-1/data/ratis/1b2f7494-4f59-4b8a-9f0d-2a8fdde810ee has been successfully formatted.
2019-09-20 08:29:28,909 [pool-38-thread-1] INFO  ratis.ContainerStateMachine (ContainerStateMachine.java:loadSnapshot(226)) - group-2A8FDDE810EE: The snapshot info is null. Setting the last applied indexto:(t:0, i:~)
2019-09-20 08:29:28,910 [pool-38-thread-1] INFO  server.RaftServerConfigKeys (ConfUtils.java:logGet(43)) - raft.server.leader.election.timeout = 120s (custom)
2019-09-20 08:29:28,910 [pool-38-thread-1] INFO  server.RaftServerConfigKeys (ConfUtils.java:logGet(43)) - raft.server.log.use.memory = false (default)
2019-09-20 08:29:28,911 [pool-38-thread-1] INFO  server.RaftServerConfigKeys (ConfUtils.java:logGet(43)) - raft.server.log.purge.gap = 1000000 (custom)
2019-09-20 08:29:28,911 [pool-38-thread-1] INFO  server.RaftServerConfigKeys (ConfUtils.java:logGet(43)) - raft.server.log.appender.buffer.byte-limit = 33554432 (custom)
2019-09-20 08:29:28,911 [pool-38-thread-1] INFO  server.RaftServerConfigKeys (ConfUtils.java:logGet(43)) - raft.server.log.segment.size.max = 1048576 (custom)
2019-09-20 08:29:28,911 [pool-38-thread-1] INFO  server.RaftServerConfigKeys (ConfUtils.java:logGet(43)) - raft.server.log.segment.cache.num.max = 2 (custom)
2019-09-20 08:29:28,912 [pool-38-thread-1] INFO  segmented.SegmentedRaftLogWorker (SegmentedRaftLogWorker.java:<init>(172)) - new 977c6be4-088e-49bb-bd18-954d6d3cf26e-SegmentedRaftLogWorker:Storage Directory /workdir/hadoop-ozone/tools/target/test-dir/MiniOzoneClusterImpl-d51e23b7-a35f-4296-b546-392ac43315b2/datanode-1/data/ratis/1b2f7494-4f59-4b8a-9f0d-2a8fdde810ee for RaftStorage:Storage Directory /workdir/hadoop-ozone/tools/target/test-dir/MiniOzoneClusterImpl-d51e23b7-a35f-4296-b546-392ac43315b2/datanode-1/data/ratis/1b2f7494-4f59-4b8a-9f0d-2a8fdde810ee
2019-09-20 08:29:28,913 [pool-38-thread-1] INFO  server.RaftServerConfigKeys (ConfUtils.java:logGet(43)) - raft.server.log.queue.byte-limit = 2147483647 (custom)
2019-09-20 08:29:28,914 [pool-38-thread-1] INFO  server.RaftServerConfigKeys (ConfUtils.java:logGet(43)) - raft.server.log.queue.element-limit = 1024 (custom)
2019-09-20 08:29:28,914 [pool-38-thread-1] INFO  server.RaftServerConfigKeys (ConfUtils.java:logGet(43)) - raft.server.log.segment.size.max = 1048576 (custom)
2019-09-20 08:29:28,915 [pool-38-thread-1] INFO  server.RaftServerConfigKeys (ConfUtils.java:logGet(43)) - raft.server.log.preallocated.size = 16384 (custom)
2019-09-20 08:29:28,915 [pool-38-thread-1] INFO  server.RaftServerConfigKeys (ConfUtils.java:logGet(43)) - raft.server.log.write.buffer.size = 33554432 (custom)
2019-09-20 08:29:28,916 [pool-38-thread-1] INFO  server.RaftServerConfigKeys (ConfUtils.java:logGet(43)) - raft.server.log.force.sync.num = 128 (default)
2019-09-20 08:29:28,916 [pool-38-thread-1] INFO  server.RaftServerConfigKeys (ConfUtils.java:logGet(43)) - raft.server.log.statemachine.data.sync = true (default)
2019-09-20 08:29:28,916 [pool-38-thread-1] INFO  server.RaftServerConfigKeys (ConfUtils.java:logGet(43)) - raft.server.log.statemachine.data.sync.timeout = 10s (default)
2019-09-20 08:29:28,917 [pool-38-thread-1] INFO  server.RaftServerConfigKeys (ConfUtils.java:logGet(43)) - raft.server.log.statemachine.data.sync.timeout.retry = -1 (default)
2019-09-20 08:29:28,917 [pool-38-thread-1] INFO  server.RaftServerConfigKeys (ConfUtils.java:logGet(43)) - raft.server.log.statemachine.data.caching.enabled = true (custom)
2019-09-20 08:29:28,918 [pool-38-thread-1] INFO  segmented.SegmentedRaftLogWorker (SegmentedRaftLogWorker.java:lambda$new$0(132)) - 977c6be4-088e-49bb-bd18-954d6d3cf26e-SegmentedRaftLogWorker:Storage Directory /workdir/hadoop-ozone/tools/target/test-dir/MiniOzoneClusterImpl-d51e23b7-a35f-4296-b546-392ac43315b2/datanode-1/data/ratis/1b2f7494-4f59-4b8a-9f0d-2a8fdde810ee: flushIndex: setUnconditionally 0 -> -1
2019-09-20 08:29:28,919 [pool-38-thread-1] INFO  server.RaftServerConfigKeys (ConfUtils.java:logGet(43)) - raft.server.snapshot.auto.trigger.enabled = true (custom)
2019-09-20 08:29:28,919 [pool-38-thread-1] INFO  server.RaftServerConfigKeys (ConfUtils.java:logGet(43)) - raft.server.snapshot.auto.trigger.threshold = 10000 (custom)
2019-09-20 08:29:28,920 [pool-38-thread-1] INFO  server.RaftServerConfigKeys (ConfUtils.java:logGet(43)) - raft.server.retrycache.expirytime = 600000ms (custom)
2019-09-20 08:29:28,920 [pool-38-thread-1] INFO  impl.RaftServerImpl (RaftServerImpl.java:start(180)) - 977c6be4-088e-49bb-bd18-954d6d3cf26e: start group-2A8FDDE810EE
2019-09-20 08:29:28,920 [pool-38-thread-1] INFO  impl.RaftServerImpl (RaftServerImpl.java:setRole(171)) - 977c6be4-088e-49bb-bd18-954d6d3cf26e:group-2A8FDDE810EE changes role from null to FOLLOWER at term 0 for startAsFollower
2019-09-20 08:29:28,921 [pool-38-thread-1] INFO  impl.RoleInfo (RoleInfo.java:updateAndGet(143)) - 977c6be4-088e-49bb-bd18-954d6d3cf26e: start FollowerState
2019-09-20 08:29:28,922 [pool-38-thread-1] INFO  util.JmxRegister (JmxRegister.java:tryRegister(44)) - Successfully registered JMX Bean with object name Ratis:service=RaftServer,group=group-2A8FDDE810EE,id=977c6be4-088e-49bb-bd18-954d6d3cf26e
2019-09-20 08:29:28,951 [RatisPipelineUtilsThread] INFO  pipeline.PipelineStateManager (PipelineStateManager.java:addPipeline(56)) - Created pipeline Pipeline[ Id: 1b2f7494-4f59-4b8a-9f0d-2a8fdde810ee, Nodes: 977c6be4-088e-49bb-bd18-954d6d3cf26e{ip: 192.168.34.27, host: pr-hdds-1569-6tbh6-3362816358, networkLocation: /default-rack, certSerialId: null}, Type:RATIS, Factor:ONE, State:OPEN]
2019-09-20 08:29:28,976 [grpc-default-executor-0] INFO  impl.RaftServerProxy (RaftServerProxy.java:addNew(89)) - b348fd93-74e1-48ea-bc11-2098387e019e: addNew group-2C72DA122CED:[b348fd93-74e1-48ea-bc11-2098387e019e:192.168.34.27:38321] returns group-2C72DA122CED:java.util.concurrent.CompletableFuture@6654450f[Not completed]
2019-09-20 08:29:28,986 [pool-49-thread-1] INFO  impl.RaftServerImpl (RaftServerImpl.java:<init>(93)) - b348fd93-74e1-48ea-bc11-2098387e019e: new RaftServerImpl for group-2C72DA122CED:[b348fd93-74e1-48ea-bc11-2098387e019e:192.168.34.27:38321] with ContainerStateMachine:uninitialized
2019-09-20 08:29:28,987 [pool-49-thread-1] INFO  server.RaftServerConfigKeys (ConfUtils.java:logGet(43)) - raft.server.rpc.timeout.min = 5s (custom)
2019-09-20 08:29:28,987 [pool-49-thread-1] INFO  server.RaftServerConfigKeys (ConfUtils.java:logGet(43)) - raft.server.rpc.timeout.max = 5200ms (custom)
2019-09-20 08:29:28,987 [pool-49-thread-1] INFO  server.RaftServerConfigKeys (ConfUtils.java:logGet(43)) - raft.server.rpcslowness.timeout = 120s (custom)
2019-09-20 08:29:28,988 [pool-49-thread-1] INFO  server.RaftServerConfigKeys (ConfUtils.java:logGet(43)) - raft.server.sleep.deviation.threshold = 300 (default)
2019-09-20 08:29:28,988 [pool-49-thread-1] INFO  server.RaftServerConfigKeys (ConfUtils.java:logGet(43)) - raft.server.log.appender.install.snapshot.enabled = false (custom)
2019-09-20 08:29:28,988 [pool-49-thread-1] INFO  impl.RaftServerImpl (ServerState.java:<init>(105)) - b348fd93-74e1-48ea-bc11-2098387e019e:group-2C72DA122CED ConfigurationManager, init=-1: [b348fd93-74e1-48ea-bc11-2098387e019e:192.168.34.27:38321], old=null, confs=<EMPTY_MAP>
2019-09-20 08:29:28,988 [pool-49-thread-1] INFO  server.RaftServerConfigKeys (ConfUtils.java:logGet(43)) - raft.server.storage.dir = [/workdir/hadoop-ozone/tools/target/test-dir/MiniOzoneClusterImpl-d51e23b7-a35f-4296-b546-392ac43315b2/datanode-2/data/ratis] (custom)
2019-09-20 08:29:28,988 [pool-49-thread-1] INFO  storage.RaftStorageDirectory (RaftStorageDirectory.java:analyzeStorage(246)) - The storage directory /workdir/hadoop-ozone/tools/target/test-dir/MiniOzoneClusterImpl-d51e23b7-a35f-4296-b546-392ac43315b2/datanode-2/data/ratis/0ea6f14c-533a-46b7-876c-2c72da122ced does not exist. Creating ...
2019-09-20 08:29:29,001 [pool-49-thread-1] INFO  storage.RaftStorageDirectory (RaftStorageDirectory.java:tryLock(328)) - Lock on /workdir/hadoop-ozone/tools/target/test-dir/MiniOzoneClusterImpl-d51e23b7-a35f-4296-b546-392ac43315b2/datanode-2/data/ratis/0ea6f14c-533a-46b7-876c-2c72da122ced/in_use.lock acquired by nodename 2528@pr-hdds-1569-6tbh6-3362816358
2019-09-20 08:29:29,015 [pool-49-thread-1] INFO  storage.RaftStorage (RaftStorage.java:format(72)) - Storage directory /workdir/hadoop-ozone/tools/target/test-dir/MiniOzoneClusterImpl-d51e23b7-a35f-4296-b546-392ac43315b2/datanode-2/data/ratis/0ea6f14c-533a-46b7-876c-2c72da122ced has been successfully formatted.
2019-09-20 08:29:29,015 [pool-49-thread-1] INFO  ratis.ContainerStateMachine (ContainerStateMachine.java:loadSnapshot(226)) - group-2C72DA122CED: The snapshot info is null. Setting the last applied indexto:(t:0, i:~)
2019-09-20 08:29:29,015 [pool-49-thread-1] INFO  server.RaftServerConfigKeys (ConfUtils.java:logGet(43)) - raft.server.leader.election.timeout = 120s (custom)
2019-09-20 08:29:29,016 [pool-49-thread-1] INFO  server.RaftServerConfigKeys (ConfUtils.java:logGet(43)) - raft.server.log.use.memory = false (default)
2019-09-20 08:29:29,016 [pool-49-thread-1] INFO  server.RaftServerConfigKeys (ConfUtils.java:logGet(43)) - raft.server.log.purge.gap = 1000000 (custom)
2019-09-20 08:29:29,016 [pool-49-thread-1] INFO  server.RaftServerConfigKeys (ConfUtils.java:logGet(43)) - raft.server.log.appender.buffer.byte-limit = 33554432 (custom)
2019-09-20 08:29:29,016 [pool-49-thread-1] INFO  server.RaftServerConfigKeys (ConfUtils.java:logGet(43)) - raft.server.log.segment.size.max = 1048576 (custom)
2019-09-20 08:29:29,016 [pool-49-thread-1] INFO  server.RaftServerConfigKeys (ConfUtils.java:logGet(43)) - raft.server.log.segment.cache.num.max = 2 (custom)
2019-09-20 08:29:29,017 [pool-49-thread-1] INFO  segmented.SegmentedRaftLogWorker (SegmentedRaftLogWorker.java:<init>(172)) - new b348fd93-74e1-48ea-bc11-2098387e019e-SegmentedRaftLogWorker:Storage Directory /workdir/hadoop-ozone/tools/target/test-dir/MiniOzoneClusterImpl-d51e23b7-a35f-4296-b546-392ac43315b2/datanode-2/data/ratis/0ea6f14c-533a-46b7-876c-2c72da122ced for RaftStorage:Storage Directory /workdir/hadoop-ozone/tools/target/test-dir/MiniOzoneClusterImpl-d51e23b7-a35f-4296-b546-392ac43315b2/datanode-2/data/ratis/0ea6f14c-533a-46b7-876c-2c72da122ced
2019-09-20 08:29:29,017 [pool-49-thread-1] INFO  server.RaftServerConfigKeys (ConfUtils.java:logGet(43)) - raft.server.log.queue.byte-limit = 2147483647 (custom)
2019-09-20 08:29:29,017 [pool-49-thread-1] INFO  server.RaftServerConfigKeys (ConfUtils.java:logGet(43)) - raft.server.log.queue.element-limit = 1024 (custom)
2019-09-20 08:29:29,017 [pool-49-thread-1] INFO  server.RaftServerConfigKeys (ConfUtils.java:logGet(43)) - raft.server.log.segment.size.max = 1048576 (custom)
2019-09-20 08:29:29,018 [pool-49-thread-1] INFO  server.RaftServerConfigKeys (ConfUtils.java:logGet(43)) - raft.server.log.preallocated.size = 16384 (custom)
2019-09-20 08:29:29,018 [pool-49-thread-1] INFO  server.RaftServerConfigKeys (ConfUtils.java:logGet(43)) - raft.server.log.write.buffer.size = 33554432 (custom)
2019-09-20 08:29:29,018 [pool-49-thread-1] INFO  server.RaftServerConfigKeys (ConfUtils.java:logGet(43)) - raft.server.log.force.sync.num = 128 (default)
2019-09-20 08:29:29,018 [pool-49-thread-1] INFO  server.RaftServerConfigKeys (ConfUtils.java:logGet(43)) - raft.server.log.statemachine.data.sync = true (default)
2019-09-20 08:29:29,018 [pool-49-thread-1] INFO  server.RaftServerConfigKeys (ConfUtils.java:logGet(43)) - raft.server.log.statemachine.data.sync.timeout = 10s (default)
2019-09-20 08:29:29,019 [pool-49-thread-1] INFO  server.RaftServerConfigKeys (ConfUtils.java:logGet(43)) - raft.server.log.statemachine.data.sync.timeout.retry = -1 (default)
2019-09-20 08:29:29,019 [pool-49-thread-1] INFO  server.RaftServerConfigKeys (ConfUtils.java:logGet(43)) - raft.server.log.statemachine.data.caching.enabled = true (custom)
2019-09-20 08:29:29,020 [pool-49-thread-1] INFO  segmented.SegmentedRaftLogWorker (SegmentedRaftLogWorker.java:lambda$new$0(132)) - b348fd93-74e1-48ea-bc11-2098387e019e-SegmentedRaftLogWorker:Storage Directory /workdir/hadoop-ozone/tools/target/test-dir/MiniOzoneClusterImpl-d51e23b7-a35f-4296-b546-392ac43315b2/datanode-2/data/ratis/0ea6f14c-533a-46b7-876c-2c72da122ced: flushIndex: setUnconditionally 0 -> -1
2019-09-20 08:29:29,020 [pool-49-thread-1] INFO  server.RaftServerConfigKeys (ConfUtils.java:logGet(43)) - raft.server.snapshot.auto.trigger.enabled = true (custom)
2019-09-20 08:29:29,020 [pool-49-thread-1] INFO  server.RaftServerConfigKeys (ConfUtils.java:logGet(43)) - raft.server.snapshot.auto.trigger.threshold = 10000 (custom)
2019-09-20 08:29:29,020 [pool-49-thread-1] INFO  server.RaftServerConfigKeys (ConfUtils.java:logGet(43)) - raft.server.retrycache.expirytime = 600000ms (custom)
2019-09-20 08:29:29,021 [pool-49-thread-1] INFO  impl.RaftServerImpl (RaftServerImpl.java:start(180)) - b348fd93-74e1-48ea-bc11-2098387e019e: start group-2C72DA122CED
2019-09-20 08:29:29,021 [pool-49-thread-1] INFO  impl.RaftServerImpl (RaftServerImpl.java:setRole(171)) - b348fd93-74e1-48ea-bc11-2098387e019e:group-2C72DA122CED changes role from null to FOLLOWER at term 0 for startAsFollower
2019-09-20 08:29:29,021 [pool-49-thread-1] INFO  impl.RoleInfo (RoleInfo.java:updateAndGet(143)) - b348fd93-74e1-48ea-bc11-2098387e019e: start FollowerState
2019-09-20 08:29:29,022 [pool-49-thread-1] INFO  util.JmxRegister (JmxRegister.java:tryRegister(44)) - Successfully registered JMX Bean with object name Ratis:service=RaftServer,group=group-2C72DA122CED,id=b348fd93-74e1-48ea-bc11-2098387e019e
2019-09-20 08:29:29,034 [RatisPipelineUtilsThread] INFO  pipeline.PipelineStateManager (PipelineStateManager.java:addPipeline(56)) - Created pipeline Pipeline[ Id: 0ea6f14c-533a-46b7-876c-2c72da122ced, Nodes: b348fd93-74e1-48ea-bc11-2098387e019e{ip: 192.168.34.27, host: pr-hdds-1569-6tbh6-3362816358, networkLocation: /default-rack, certSerialId: null}, Type:RATIS, Factor:ONE, State:OPEN]
2019-09-20 08:29:29,052 [grpc-default-executor-0] INFO  impl.RaftServerProxy (RaftServerProxy.java:addNew(89)) - b348fd93-74e1-48ea-bc11-2098387e019e: addNew group-ABF96CB4D8E1:[b348fd93-74e1-48ea-bc11-2098387e019e:192.168.34.27:38321] returns group-ABF96CB4D8E1:java.util.concurrent.CompletableFuture@44c21681[Not completed]
2019-09-20 08:29:29,054 [pool-49-thread-1] INFO  impl.RaftServerImpl (RaftServerImpl.java:<init>(93)) - b348fd93-74e1-48ea-bc11-2098387e019e: new RaftServerImpl for group-ABF96CB4D8E1:[b348fd93-74e1-48ea-bc11-2098387e019e:192.168.34.27:38321] with ContainerStateMachine:uninitialized
2019-09-20 08:29:29,054 [pool-49-thread-1] INFO  server.RaftServerConfigKeys (ConfUtils.java:logGet(43)) - raft.server.rpc.timeout.min = 5s (custom)
2019-09-20 08:29:29,055 [pool-49-thread-1] INFO  server.RaftServerConfigKeys (ConfUtils.java:logGet(43)) - raft.server.rpc.timeout.max = 5200ms (custom)
2019-09-20 08:29:29,055 [pool-49-thread-1] INFO  server.RaftServerConfigKeys (ConfUtils.java:logGet(43)) - raft.server.rpcslowness.timeout = 120s (custom)
2019-09-20 08:29:29,055 [pool-49-thread-1] INFO  server.RaftServerConfigKeys (ConfUtils.java:logGet(43)) - raft.server.sleep.deviation.threshold = 300 (default)
2019-09-20 08:29:29,055 [pool-49-thread-1] INFO  server.RaftServerConfigKeys (ConfUtils.java:logGet(43)) - raft.server.log.appender.install.snapshot.enabled = false (custom)
2019-09-20 08:29:29,055 [pool-49-thread-1] INFO  impl.RaftServerImpl (ServerState.java:<init>(105)) - b348fd93-74e1-48ea-bc11-2098387e019e:group-ABF96CB4D8E1 ConfigurationManager, init=-1: [b348fd93-74e1-48ea-bc11-2098387e019e:192.168.34.27:38321], old=null, confs=<EMPTY_MAP>
2019-09-20 08:29:29,056 [pool-49-thread-1] INFO  server.RaftServerConfigKeys (ConfUtils.java:logGet(43)) - raft.server.storage.dir = [/workdir/hadoop-ozone/tools/target/test-dir/MiniOzoneClusterImpl-d51e23b7-a35f-4296-b546-392ac43315b2/datanode-2/data/ratis] (custom)
2019-09-20 08:29:29,056 [pool-49-thread-1] INFO  storage.RaftStorageDirectory (RaftStorageDirectory.java:analyzeStorage(246)) - The storage directory /workdir/hadoop-ozone/tools/target/test-dir/MiniOzoneClusterImpl-d51e23b7-a35f-4296-b546-392ac43315b2/datanode-2/data/ratis/606d8d07-ecfe-4ce8-beaf-abf96cb4d8e1 does not exist. Creating ...
2019-09-20 08:29:29,068 [pool-49-thread-1] INFO  storage.RaftStorageDirectory (RaftStorageDirectory.java:tryLock(328)) - Lock on /workdir/hadoop-ozone/tools/target/test-dir/MiniOzoneClusterImpl-d51e23b7-a35f-4296-b546-392ac43315b2/datanode-2/data/ratis/606d8d07-ecfe-4ce8-beaf-abf96cb4d8e1/in_use.lock acquired by nodename 2528@pr-hdds-1569-6tbh6-3362816358
2019-09-20 08:29:29,081 [pool-49-thread-1] INFO  storage.RaftStorage (RaftStorage.java:format(72)) - Storage directory /workdir/hadoop-ozone/tools/target/test-dir/MiniOzoneClusterImpl-d51e23b7-a35f-4296-b546-392ac43315b2/datanode-2/data/ratis/606d8d07-ecfe-4ce8-beaf-abf96cb4d8e1 has been successfully formatted.
2019-09-20 08:29:29,082 [pool-49-thread-1] INFO  ratis.ContainerStateMachine (ContainerStateMachine.java:loadSnapshot(226)) - group-ABF96CB4D8E1: The snapshot info is null. Setting the last applied indexto:(t:0, i:~)
2019-09-20 08:29:29,082 [pool-49-thread-1] INFO  server.RaftServerConfigKeys (ConfUtils.java:logGet(43)) - raft.server.leader.election.timeout = 120s (custom)
2019-09-20 08:29:29,082 [pool-49-thread-1] INFO  server.RaftServerConfigKeys (ConfUtils.java:logGet(43)) - raft.server.log.use.memory = false (default)
2019-09-20 08:29:29,082 [pool-49-thread-1] INFO  server.RaftServerConfigKeys (ConfUtils.java:logGet(43)) - raft.server.log.purge.gap = 1000000 (custom)
2019-09-20 08:29:29,083 [pool-49-thread-1] INFO  server.RaftServerConfigKeys (ConfUtils.java:logGet(43)) - raft.server.log.appender.buffer.byte-limit = 33554432 (custom)
2019-09-20 08:29:29,083 [pool-49-thread-1] INFO  server.RaftServerConfigKeys (ConfUtils.java:logGet(43)) - raft.server.log.segment.size.max = 1048576 (custom)
2019-09-20 08:29:29,083 [pool-49-thread-1] INFO  server.RaftServerConfigKeys (ConfUtils.java:logGet(43)) - raft.server.log.segment.cache.num.max = 2 (custom)
2019-09-20 08:29:29,083 [pool-49-thread-1] INFO  segmented.SegmentedRaftLogWorker (SegmentedRaftLogWorker.java:<init>(172)) - new b348fd93-74e1-48ea-bc11-2098387e019e-SegmentedRaftLogWorker:Storage Directory /workdir/hadoop-ozone/tools/target/test-dir/MiniOzoneClusterImpl-d51e23b7-a35f-4296-b546-392ac43315b2/datanode-2/data/ratis/606d8d07-ecfe-4ce8-beaf-abf96cb4d8e1 for RaftStorage:Storage Directory /workdir/hadoop-ozone/tools/target/test-dir/MiniOzoneClusterImpl-d51e23b7-a35f-4296-b546-392ac43315b2/datanode-2/data/ratis/606d8d07-ecfe-4ce8-beaf-abf96cb4d8e1
2019-09-20 08:29:29,083 [pool-49-thread-1] INFO  server.RaftServerConfigKeys (ConfUtils.java:logGet(43)) - raft.server.log.queue.byte-limit = 2147483647 (custom)
2019-09-20 08:29:29,084 [pool-49-thread-1] INFO  server.RaftServerConfigKeys (ConfUtils.java:logGet(43)) - raft.server.log.queue.element-limit = 1024 (custom)
2019-09-20 08:29:29,084 [pool-49-thread-1] INFO  server.RaftServerConfigKeys (ConfUtils.java:logGet(43)) - raft.server.log.segment.size.max = 1048576 (custom)
2019-09-20 08:29:29,084 [pool-49-thread-1] INFO  server.RaftServerConfigKeys (ConfUtils.java:logGet(43)) - raft.server.log.preallocated.size = 16384 (custom)
2019-09-20 08:29:29,084 [pool-49-thread-1] INFO  server.RaftServerConfigKeys (ConfUtils.java:logGet(43)) - raft.server.log.write.buffer.size = 33554432 (custom)
2019-09-20 08:29:29,085 [pool-49-thread-1] INFO  server.RaftServerConfigKeys (ConfUtils.java:logGet(43)) - raft.server.log.force.sync.num = 128 (default)
2019-09-20 08:29:29,085 [pool-49-thread-1] INFO  server.RaftServerConfigKeys (ConfUtils.java:logGet(43)) - raft.server.log.statemachine.data.sync = true (default)
2019-09-20 08:29:29,085 [pool-49-thread-1] INFO  server.RaftServerConfigKeys (ConfUtils.java:logGet(43)) - raft.server.log.statemachine.data.sync.timeout = 10s (default)
2019-09-20 08:29:29,085 [pool-49-thread-1] INFO  server.RaftServerConfigKeys (ConfUtils.java:logGet(43)) - raft.server.log.statemachine.data.sync.timeout.retry = -1 (default)
2019-09-20 08:29:29,085 [pool-49-thread-1] INFO  server.RaftServerConfigKeys (ConfUtils.java:logGet(43)) - raft.server.log.statemachine.data.caching.enabled = true (custom)
2019-09-20 08:29:29,086 [pool-49-thread-1] INFO  segmented.SegmentedRaftLogWorker (SegmentedRaftLogWorker.java:lambda$new$0(132)) - b348fd93-74e1-48ea-bc11-2098387e019e-SegmentedRaftLogWorker:Storage Directory /workdir/hadoop-ozone/tools/target/test-dir/MiniOzoneClusterImpl-d51e23b7-a35f-4296-b546-392ac43315b2/datanode-2/data/ratis/606d8d07-ecfe-4ce8-beaf-abf96cb4d8e1: flushIndex: setUnconditionally 0 -> -1
2019-09-20 08:29:29,086 [pool-49-thread-1] INFO  server.RaftServerConfigKeys (ConfUtils.java:logGet(43)) - raft.server.snapshot.auto.trigger.enabled = true (custom)
2019-09-20 08:29:29,086 [pool-49-thread-1] INFO  server.RaftServerConfigKeys (ConfUtils.java:logGet(43)) - raft.server.snapshot.auto.trigger.threshold = 10000 (custom)
2019-09-20 08:29:29,087 [pool-49-thread-1] INFO  server.RaftServerConfigKeys (ConfUtils.java:logGet(43)) - raft.server.retrycache.expirytime = 600000ms (custom)
2019-09-20 08:29:29,087 [pool-49-thread-1] INFO  impl.RaftServerImpl (RaftServerImpl.java:start(180)) - b348fd93-74e1-48ea-bc11-2098387e019e: start group-ABF96CB4D8E1
2019-09-20 08:29:29,087 [pool-49-thread-1] INFO  impl.RaftServerImpl (RaftServerImpl.java:setRole(171)) - b348fd93-74e1-48ea-bc11-2098387e019e:group-ABF96CB4D8E1 changes role from null to FOLLOWER at term 0 for startAsFollower
2019-09-20 08:29:29,087 [pool-49-thread-1] INFO  impl.RoleInfo (RoleInfo.java:updateAndGet(143)) - b348fd93-74e1-48ea-bc11-2098387e019e: start FollowerState
2019-09-20 08:29:29,088 [pool-49-thread-1] INFO  util.JmxRegister (JmxRegister.java:tryRegister(44)) - Successfully registered JMX Bean with object name Ratis:service=RaftServer,group=group-ABF96CB4D8E1,id=b348fd93-74e1-48ea-bc11-2098387e019e
2019-09-20 08:29:29,098 [RatisPipelineUtilsThread] INFO  pipeline.PipelineStateManager (PipelineStateManager.java:addPipeline(56)) - Created pipeline Pipeline[ Id: 606d8d07-ecfe-4ce8-beaf-abf96cb4d8e1, Nodes: b348fd93-74e1-48ea-bc11-2098387e019e{ip: 192.168.34.27, host: pr-hdds-1569-6tbh6-3362816358, networkLocation: /default-rack, certSerialId: null}, Type:RATIS, Factor:ONE, State:OPEN]
2019-09-20 08:29:29,116 [grpc-default-executor-0] INFO  impl.RaftServerProxy (RaftServerProxy.java:addNew(89)) - b348fd93-74e1-48ea-bc11-2098387e019e: addNew group-71266B6D6727:[b348fd93-74e1-48ea-bc11-2098387e019e:192.168.34.27:38321] returns group-71266B6D6727:java.util.concurrent.CompletableFuture@15774db2[Not completed]
2019-09-20 08:29:29,118 [pool-49-thread-1] INFO  impl.RaftServerImpl (RaftServerImpl.java:<init>(93)) - b348fd93-74e1-48ea-bc11-2098387e019e: new RaftServerImpl for group-71266B6D6727:[b348fd93-74e1-48ea-bc11-2098387e019e:192.168.34.27:38321] with ContainerStateMachine:uninitialized
2019-09-20 08:29:29,118 [pool-49-thread-1] INFO  server.RaftServerConfigKeys (ConfUtils.java:logGet(43)) - raft.server.rpc.timeout.min = 5s (custom)
2019-09-20 08:29:29,119 [pool-49-thread-1] INFO  server.RaftServerConfigKeys (ConfUtils.java:logGet(43)) - raft.server.rpc.timeout.max = 5200ms (custom)
2019-09-20 08:29:29,119 [pool-49-thread-1] INFO  server.RaftServerConfigKeys (ConfUtils.java:logGet(43)) - raft.server.rpcslowness.timeout = 120s (custom)
2019-09-20 08:29:29,119 [pool-49-thread-1] INFO  server.RaftServerConfigKeys (ConfUtils.java:logGet(43)) - raft.server.sleep.deviation.threshold = 300 (default)
2019-09-20 08:29:29,119 [pool-49-thread-1] INFO  server.RaftServerConfigKeys (ConfUtils.java:logGet(43)) - raft.server.log.appender.install.snapshot.enabled = false (custom)
2019-09-20 08:29:29,119 [pool-49-thread-1] INFO  impl.RaftServerImpl (ServerState.java:<init>(105)) - b348fd93-74e1-48ea-bc11-2098387e019e:group-71266B6D6727 ConfigurationManager, init=-1: [b348fd93-74e1-48ea-bc11-2098387e019e:192.168.34.27:38321], old=null, confs=<EMPTY_MAP>
2019-09-20 08:29:29,120 [pool-49-thread-1] INFO  server.RaftServerConfigKeys (ConfUtils.java:logGet(43)) - raft.server.storage.dir = [/workdir/hadoop-ozone/tools/target/test-dir/MiniOzoneClusterImpl-d51e23b7-a35f-4296-b546-392ac43315b2/datanode-2/data/ratis] (custom)
2019-09-20 08:29:29,120 [pool-49-thread-1] INFO  storage.RaftStorageDirectory (RaftStorageDirectory.java:analyzeStorage(246)) - The storage directory /workdir/hadoop-ozone/tools/target/test-dir/MiniOzoneClusterImpl-d51e23b7-a35f-4296-b546-392ac43315b2/datanode-2/data/ratis/3fe91122-2d34-49aa-9d85-71266b6d6727 does not exist. Creating ...
2019-09-20 08:29:29,134 [pool-49-thread-1] INFO  storage.RaftStorageDirectory (RaftStorageDirectory.java:tryLock(328)) - Lock on /workdir/hadoop-ozone/tools/target/test-dir/MiniOzoneClusterImpl-d51e23b7-a35f-4296-b546-392ac43315b2/datanode-2/data/ratis/3fe91122-2d34-49aa-9d85-71266b6d6727/in_use.lock acquired by nodename 2528@pr-hdds-1569-6tbh6-3362816358
2019-09-20 08:29:29,147 [pool-49-thread-1] INFO  storage.RaftStorage (RaftStorage.java:format(72)) - Storage directory /workdir/hadoop-ozone/tools/target/test-dir/MiniOzoneClusterImpl-d51e23b7-a35f-4296-b546-392ac43315b2/datanode-2/data/ratis/3fe91122-2d34-49aa-9d85-71266b6d6727 has been successfully formatted.
2019-09-20 08:29:29,147 [pool-49-thread-1] INFO  ratis.ContainerStateMachine (ContainerStateMachine.java:loadSnapshot(226)) - group-71266B6D6727: The snapshot info is null. Setting the last applied indexto:(t:0, i:~)
2019-09-20 08:29:29,147 [pool-49-thread-1] INFO  server.RaftServerConfigKeys (ConfUtils.java:logGet(43)) - raft.server.leader.election.timeout = 120s (custom)
2019-09-20 08:29:29,147 [pool-49-thread-1] INFO  server.RaftServerConfigKeys (ConfUtils.java:logGet(43)) - raft.server.log.use.memory = false (default)
2019-09-20 08:29:29,148 [pool-49-thread-1] INFO  server.RaftServerConfigKeys (ConfUtils.java:logGet(43)) - raft.server.log.purge.gap = 1000000 (custom)
2019-09-20 08:29:29,148 [pool-49-thread-1] INFO  server.RaftServerConfigKeys (ConfUtils.java:logGet(43)) - raft.server.log.appender.buffer.byte-limit = 33554432 (custom)
2019-09-20 08:29:29,148 [pool-49-thread-1] INFO  server.RaftServerConfigKeys (ConfUtils.java:logGet(43)) - raft.server.log.segment.size.max = 1048576 (custom)
2019-09-20 08:29:29,148 [pool-49-thread-1] INFO  server.RaftServerConfigKeys (ConfUtils.java:logGet(43)) - raft.server.log.segment.cache.num.max = 2 (custom)
2019-09-20 08:29:29,148 [pool-49-thread-1] INFO  segmented.SegmentedRaftLogWorker (SegmentedRaftLogWorker.java:<init>(172)) - new b348fd93-74e1-48ea-bc11-2098387e019e-SegmentedRaftLogWorker:Storage Directory /workdir/hadoop-ozone/tools/target/test-dir/MiniOzoneClusterImpl-d51e23b7-a35f-4296-b546-392ac43315b2/datanode-2/data/ratis/3fe91122-2d34-49aa-9d85-71266b6d6727 for RaftStorage:Storage Directory /workdir/hadoop-ozone/tools/target/test-dir/MiniOzoneClusterImpl-d51e23b7-a35f-4296-b546-392ac43315b2/datanode-2/data/ratis/3fe91122-2d34-49aa-9d85-71266b6d6727
2019-09-20 08:29:29,148 [pool-49-thread-1] INFO  server.RaftServerConfigKeys (ConfUtils.java:logGet(43)) - raft.server.log.queue.byte-limit = 2147483647 (custom)
2019-09-20 08:29:29,149 [pool-49-thread-1] INFO  server.RaftServerConfigKeys (ConfUtils.java:logGet(43)) - raft.server.log.queue.element-limit = 1024 (custom)
2019-09-20 08:29:29,149 [pool-49-thread-1] INFO  server.RaftServerConfigKeys (ConfUtils.java:logGet(43)) - raft.server.log.segment.size.max = 1048576 (custom)
2019-09-20 08:29:29,149 [pool-49-thread-1] INFO  server.RaftServerConfigKeys (ConfUtils.java:logGet(43)) - raft.server.log.preallocated.size = 16384 (custom)
2019-09-20 08:29:29,149 [pool-49-thread-1] INFO  server.RaftServerConfigKeys (ConfUtils.java:logGet(43)) - raft.server.log.write.buffer.size = 33554432 (custom)
2019-09-20 08:29:29,149 [pool-49-thread-1] INFO  server.RaftServerConfigKeys (ConfUtils.java:logGet(43)) - raft.server.log.force.sync.num = 128 (default)
2019-09-20 08:29:29,150 [pool-49-thread-1] INFO  server.RaftServerConfigKeys (ConfUtils.java:logGet(43)) - raft.server.log.statemachine.data.sync = true (default)
2019-09-20 08:29:29,150 [pool-49-thread-1] INFO  server.RaftServerConfigKeys (ConfUtils.java:logGet(43)) - raft.server.log.statemachine.data.sync.timeout = 10s (default)
2019-09-20 08:29:29,150 [pool-49-thread-1] INFO  server.RaftServerConfigKeys (ConfUtils.java:logGet(43)) - raft.server.log.statemachine.data.sync.timeout.retry = -1 (default)
2019-09-20 08:29:29,150 [pool-49-thread-1] INFO  server.RaftServerConfigKeys (ConfUtils.java:logGet(43)) - raft.server.log.statemachine.data.caching.enabled = true (custom)
2019-09-20 08:29:29,150 [pool-49-thread-1] INFO  segmented.SegmentedRaftLogWorker (SegmentedRaftLogWorker.java:lambda$new$0(132)) - b348fd93-74e1-48ea-bc11-2098387e019e-SegmentedRaftLogWorker:Storage Directory /workdir/hadoop-ozone/tools/target/test-dir/MiniOzoneClusterImpl-d51e23b7-a35f-4296-b546-392ac43315b2/datanode-2/data/ratis/3fe91122-2d34-49aa-9d85-71266b6d6727: flushIndex: setUnconditionally 0 -> -1
2019-09-20 08:29:29,151 [pool-49-thread-1] INFO  server.RaftServerConfigKeys (ConfUtils.java:logGet(43)) - raft.server.snapshot.auto.trigger.enabled = true (custom)
2019-09-20 08:29:29,151 [pool-49-thread-1] INFO  server.RaftServerConfigKeys (ConfUtils.java:logGet(43)) - raft.server.snapshot.auto.trigger.threshold = 10000 (custom)
2019-09-20 08:29:29,151 [pool-49-thread-1] INFO  server.RaftServerConfigKeys (ConfUtils.java:logGet(43)) - raft.server.retrycache.expirytime = 600000ms (custom)
2019-09-20 08:29:29,152 [pool-49-thread-1] INFO  impl.RaftServerImpl (RaftServerImpl.java:start(180)) - b348fd93-74e1-48ea-bc11-2098387e019e: start group-71266B6D6727
2019-09-20 08:29:29,152 [pool-49-thread-1] INFO  impl.RaftServerImpl (RaftServerImpl.java:setRole(171)) - b348fd93-74e1-48ea-bc11-2098387e019e:group-71266B6D6727 changes role from null to FOLLOWER at term 0 for startAsFollower
2019-09-20 08:29:29,152 [pool-49-thread-1] INFO  impl.RoleInfo (RoleInfo.java:updateAndGet(143)) - b348fd93-74e1-48ea-bc11-2098387e019e: start FollowerState
2019-09-20 08:29:29,152 [pool-49-thread-1] INFO  util.JmxRegister (JmxRegister.java:tryRegister(44)) - Successfully registered JMX Bean with object name Ratis:service=RaftServer,group=group-71266B6D6727,id=b348fd93-74e1-48ea-bc11-2098387e019e
2019-09-20 08:29:29,175 [RatisPipelineUtilsThread] INFO  pipeline.PipelineStateManager (PipelineStateManager.java:addPipeline(56)) - Created pipeline Pipeline[ Id: 3fe91122-2d34-49aa-9d85-71266b6d6727, Nodes: b348fd93-74e1-48ea-bc11-2098387e019e{ip: 192.168.34.27, host: pr-hdds-1569-6tbh6-3362816358, networkLocation: /default-rack, certSerialId: null}, Type:RATIS, Factor:ONE, State:OPEN]
2019-09-20 08:29:29,192 [grpc-default-executor-0] INFO  impl.RaftServerProxy (RaftServerProxy.java:addNew(89)) - 62869313-87e7-4095-b37c-6162291b45c6: addNew group-BCB57F39F6D9:[62869313-87e7-4095-b37c-6162291b45c6:192.168.34.27:38218] returns group-BCB57F39F6D9:java.util.concurrent.CompletableFuture@862e86e[Not completed]
2019-09-20 08:29:29,194 [pool-27-thread-1] INFO  impl.RaftServerImpl (RaftServerImpl.java:<init>(93)) - 62869313-87e7-4095-b37c-6162291b45c6: new RaftServerImpl for group-BCB57F39F6D9:[62869313-87e7-4095-b37c-6162291b45c6:192.168.34.27:38218] with ContainerStateMachine:uninitialized
2019-09-20 08:29:29,194 [pool-27-thread-1] INFO  server.RaftServerConfigKeys (ConfUtils.java:logGet(43)) - raft.server.rpc.timeout.min = 5s (custom)
2019-09-20 08:29:29,194 [pool-27-thread-1] INFO  server.RaftServerConfigKeys (ConfUtils.java:logGet(43)) - raft.server.rpc.timeout.max = 5200ms (custom)
2019-09-20 08:29:29,195 [pool-27-thread-1] INFO  server.RaftServerConfigKeys (ConfUtils.java:logGet(43)) - raft.server.rpcslowness.timeout = 120s (custom)
2019-09-20 08:29:29,195 [pool-27-thread-1] INFO  server.RaftServerConfigKeys (ConfUtils.java:logGet(43)) - raft.server.sleep.deviation.threshold = 300 (default)
2019-09-20 08:29:29,195 [pool-27-thread-1] INFO  server.RaftServerConfigKeys (ConfUtils.java:logGet(43)) - raft.server.log.appender.install.snapshot.enabled = false (custom)
2019-09-20 08:29:29,195 [pool-27-thread-1] INFO  impl.RaftServerImpl (ServerState.java:<init>(105)) - 62869313-87e7-4095-b37c-6162291b45c6:group-BCB57F39F6D9 ConfigurationManager, init=-1: [62869313-87e7-4095-b37c-6162291b45c6:192.168.34.27:38218], old=null, confs=<EMPTY_MAP>
2019-09-20 08:29:29,195 [pool-27-thread-1] INFO  server.RaftServerConfigKeys (ConfUtils.java:logGet(43)) - raft.server.storage.dir = [/workdir/hadoop-ozone/tools/target/test-dir/MiniOzoneClusterImpl-d51e23b7-a35f-4296-b546-392ac43315b2/datanode-0/data/ratis] (custom)
2019-09-20 08:29:29,196 [pool-27-thread-1] INFO  storage.RaftStorageDirectory (RaftStorageDirectory.java:analyzeStorage(246)) - The storage directory /workdir/hadoop-ozone/tools/target/test-dir/MiniOzoneClusterImpl-d51e23b7-a35f-4296-b546-392ac43315b2/datanode-0/data/ratis/197918b5-977b-4525-908b-bcb57f39f6d9 does not exist. Creating ...
2019-09-20 08:29:29,209 [pool-27-thread-1] INFO  storage.RaftStorageDirectory (RaftStorageDirectory.java:tryLock(328)) - Lock on /workdir/hadoop-ozone/tools/target/test-dir/MiniOzoneClusterImpl-d51e23b7-a35f-4296-b546-392ac43315b2/datanode-0/data/ratis/197918b5-977b-4525-908b-bcb57f39f6d9/in_use.lock acquired by nodename 2528@pr-hdds-1569-6tbh6-3362816358
2019-09-20 08:29:29,223 [pool-27-thread-1] INFO  storage.RaftStorage (RaftStorage.java:format(72)) - Storage directory /workdir/hadoop-ozone/tools/target/test-dir/MiniOzoneClusterImpl-d51e23b7-a35f-4296-b546-392ac43315b2/datanode-0/data/ratis/197918b5-977b-4525-908b-bcb57f39f6d9 has been successfully formatted.
2019-09-20 08:29:29,227 [pool-27-thread-1] INFO  ratis.ContainerStateMachine (ContainerStateMachine.java:loadSnapshot(226)) - group-BCB57F39F6D9: The snapshot info is null. Setting the last applied indexto:(t:0, i:~)
2019-09-20 08:29:29,230 [pool-27-thread-1] INFO  server.RaftServerConfigKeys (ConfUtils.java:logGet(43)) - raft.server.leader.election.timeout = 120s (custom)
2019-09-20 08:29:29,230 [pool-27-thread-1] INFO  server.RaftServerConfigKeys (ConfUtils.java:logGet(43)) - raft.server.log.use.memory = false (default)
2019-09-20 08:29:29,230 [pool-27-thread-1] INFO  server.RaftServerConfigKeys (ConfUtils.java:logGet(43)) - raft.server.log.purge.gap = 1000000 (custom)
2019-09-20 08:29:29,230 [pool-27-thread-1] INFO  server.RaftServerConfigKeys (ConfUtils.java:logGet(43)) - raft.server.log.appender.buffer.byte-limit = 33554432 (custom)
2019-09-20 08:29:29,231 [pool-27-thread-1] INFO  server.RaftServerConfigKeys (ConfUtils.java:logGet(43)) - raft.server.log.segment.size.max = 1048576 (custom)
2019-09-20 08:29:29,231 [pool-27-thread-1] INFO  server.RaftServerConfigKeys (ConfUtils.java:logGet(43)) - raft.server.log.segment.cache.num.max = 2 (custom)
2019-09-20 08:29:29,231 [pool-27-thread-1] INFO  segmented.SegmentedRaftLogWorker (SegmentedRaftLogWorker.java:<init>(172)) - new 62869313-87e7-4095-b37c-6162291b45c6-SegmentedRaftLogWorker:Storage Directory /workdir/hadoop-ozone/tools/target/test-dir/MiniOzoneClusterImpl-d51e23b7-a35f-4296-b546-392ac43315b2/datanode-0/data/ratis/197918b5-977b-4525-908b-bcb57f39f6d9 for RaftStorage:Storage Directory /workdir/hadoop-ozone/tools/target/test-dir/MiniOzoneClusterImpl-d51e23b7-a35f-4296-b546-392ac43315b2/datanode-0/data/ratis/197918b5-977b-4525-908b-bcb57f39f6d9
2019-09-20 08:29:29,231 [pool-27-thread-1] INFO  server.RaftServerConfigKeys (ConfUtils.java:logGet(43)) - raft.server.log.queue.byte-limit = 2147483647 (custom)
2019-09-20 08:29:29,231 [pool-27-thread-1] INFO  server.RaftServerConfigKeys (ConfUtils.java:logGet(43)) - raft.server.log.queue.element-limit = 1024 (custom)
2019-09-20 08:29:29,231 [pool-27-thread-1] INFO  server.RaftServerConfigKeys (ConfUtils.java:logGet(43)) - raft.server.log.segment.size.max = 1048576 (custom)
2019-09-20 08:29:29,232 [pool-27-thread-1] INFO  server.RaftServerConfigKeys (ConfUtils.java:logGet(43)) - raft.server.log.preallocated.size = 16384 (custom)
2019-09-20 08:29:29,232 [pool-27-thread-1] INFO  server.RaftServerConfigKeys (ConfUtils.java:logGet(43)) - raft.server.log.write.buffer.size = 33554432 (custom)
2019-09-20 08:29:29,232 [pool-27-thread-1] INFO  server.RaftServerConfigKeys (ConfUtils.java:logGet(43)) - raft.server.log.force.sync.num = 128 (default)
2019-09-20 08:29:29,232 [pool-27-thread-1] INFO  server.RaftServerConfigKeys (ConfUtils.java:logGet(43)) - raft.server.log.statemachine.data.sync = true (default)
2019-09-20 08:29:29,232 [pool-27-thread-1] INFO  server.RaftServerConfigKeys (ConfUtils.java:logGet(43)) - raft.server.log.statemachine.data.sync.timeout = 10s (default)
2019-09-20 08:29:29,232 [pool-27-thread-1] INFO  server.RaftServerConfigKeys (ConfUtils.java:logGet(43)) - raft.server.log.statemachine.data.sync.timeout.retry = -1 (default)
2019-09-20 08:29:29,233 [pool-27-thread-1] INFO  server.RaftServerConfigKeys (ConfUtils.java:logGet(43)) - raft.server.log.statemachine.data.caching.enabled = true (custom)
2019-09-20 08:29:29,233 [pool-27-thread-1] INFO  segmented.SegmentedRaftLogWorker (SegmentedRaftLogWorker.java:lambda$new$0(132)) - 62869313-87e7-4095-b37c-6162291b45c6-SegmentedRaftLogWorker:Storage Directory /workdir/hadoop-ozone/tools/target/test-dir/MiniOzoneClusterImpl-d51e23b7-a35f-4296-b546-392ac43315b2/datanode-0/data/ratis/197918b5-977b-4525-908b-bcb57f39f6d9: flushIndex: setUnconditionally 0 -> -1
2019-09-20 08:29:29,233 [pool-27-thread-1] INFO  server.RaftServerConfigKeys (ConfUtils.java:logGet(43)) - raft.server.snapshot.auto.trigger.enabled = true (custom)
2019-09-20 08:29:29,233 [pool-27-thread-1] INFO  server.RaftServerConfigKeys (ConfUtils.java:logGet(43)) - raft.server.snapshot.auto.trigger.threshold = 10000 (custom)
2019-09-20 08:29:29,234 [pool-27-thread-1] INFO  server.RaftServerConfigKeys (ConfUtils.java:logGet(43)) - raft.server.retrycache.expirytime = 600000ms (custom)
2019-09-20 08:29:29,234 [pool-27-thread-1] INFO  impl.RaftServerImpl (RaftServerImpl.java:start(180)) - 62869313-87e7-4095-b37c-6162291b45c6: start group-BCB57F39F6D9
2019-09-20 08:29:29,234 [pool-27-thread-1] INFO  impl.RaftServerImpl (RaftServerImpl.java:setRole(171)) - 62869313-87e7-4095-b37c-6162291b45c6:group-BCB57F39F6D9 changes role from null to FOLLOWER at term 0 for startAsFollower
2019-09-20 08:29:29,234 [pool-27-thread-1] INFO  impl.RoleInfo (RoleInfo.java:updateAndGet(143)) - 62869313-87e7-4095-b37c-6162291b45c6: start FollowerState
2019-09-20 08:29:29,235 [pool-27-thread-1] INFO  util.JmxRegister (JmxRegister.java:tryRegister(44)) - Successfully registered JMX Bean with object name Ratis:service=RaftServer,group=group-BCB57F39F6D9,id=62869313-87e7-4095-b37c-6162291b45c6
2019-09-20 08:29:29,244 [RatisPipelineUtilsThread] INFO  pipeline.PipelineStateManager (PipelineStateManager.java:addPipeline(56)) - Created pipeline Pipeline[ Id: 197918b5-977b-4525-908b-bcb57f39f6d9, Nodes: 62869313-87e7-4095-b37c-6162291b45c6{ip: 192.168.34.27, host: pr-hdds-1569-6tbh6-3362816358, networkLocation: /default-rack, certSerialId: null}, Type:RATIS, Factor:ONE, State:OPEN]
2019-09-20 08:29:29,263 [grpc-default-executor-0] INFO  impl.RaftServerProxy (RaftServerProxy.java:addNew(89)) - 977c6be4-088e-49bb-bd18-954d6d3cf26e: addNew group-6DE4131F0AB8:[977c6be4-088e-49bb-bd18-954d6d3cf26e:192.168.34.27:41596] returns group-6DE4131F0AB8:java.util.concurrent.CompletableFuture@e049e5c[Not completed]
2019-09-20 08:29:29,264 [pool-38-thread-1] INFO  impl.RaftServerImpl (RaftServerImpl.java:<init>(93)) - 977c6be4-088e-49bb-bd18-954d6d3cf26e: new RaftServerImpl for group-6DE4131F0AB8:[977c6be4-088e-49bb-bd18-954d6d3cf26e:192.168.34.27:41596] with ContainerStateMachine:uninitialized
2019-09-20 08:29:29,265 [pool-38-thread-1] INFO  server.RaftServerConfigKeys (ConfUtils.java:logGet(43)) - raft.server.rpc.timeout.min = 5s (custom)
2019-09-20 08:29:29,265 [pool-38-thread-1] INFO  server.RaftServerConfigKeys (ConfUtils.java:logGet(43)) - raft.server.rpc.timeout.max = 5200ms (custom)
2019-09-20 08:29:29,265 [pool-38-thread-1] INFO  server.RaftServerConfigKeys (ConfUtils.java:logGet(43)) - raft.server.rpcslowness.timeout = 120s (custom)
2019-09-20 08:29:29,265 [pool-38-thread-1] INFO  server.RaftServerConfigKeys (ConfUtils.java:logGet(43)) - raft.server.sleep.deviation.threshold = 300 (default)
2019-09-20 08:29:29,265 [pool-38-thread-1] INFO  server.RaftServerConfigKeys (ConfUtils.java:logGet(43)) - raft.server.log.appender.install.snapshot.enabled = false (custom)
2019-09-20 08:29:29,265 [pool-38-thread-1] INFO  impl.RaftServerImpl (ServerState.java:<init>(105)) - 977c6be4-088e-49bb-bd18-954d6d3cf26e:group-6DE4131F0AB8 ConfigurationManager, init=-1: [977c6be4-088e-49bb-bd18-954d6d3cf26e:192.168.34.27:41596], old=null, confs=<EMPTY_MAP>
2019-09-20 08:29:29,266 [pool-38-thread-1] INFO  server.RaftServerConfigKeys (ConfUtils.java:logGet(43)) - raft.server.storage.dir = [/workdir/hadoop-ozone/tools/target/test-dir/MiniOzoneClusterImpl-d51e23b7-a35f-4296-b546-392ac43315b2/datanode-1/data/ratis] (custom)
2019-09-20 08:29:29,266 [pool-38-thread-1] INFO  storage.RaftStorageDirectory (RaftStorageDirectory.java:analyzeStorage(246)) - The storage directory /workdir/hadoop-ozone/tools/target/test-dir/MiniOzoneClusterImpl-d51e23b7-a35f-4296-b546-392ac43315b2/datanode-1/data/ratis/7d6e13e2-f0f1-42a5-a058-6de4131f0ab8 does not exist. Creating ...
2019-09-20 08:29:29,280 [pool-38-thread-1] INFO  storage.RaftStorageDirectory (RaftStorageDirectory.java:tryLock(328)) - Lock on /workdir/hadoop-ozone/tools/target/test-dir/MiniOzoneClusterImpl-d51e23b7-a35f-4296-b546-392ac43315b2/datanode-1/data/ratis/7d6e13e2-f0f1-42a5-a058-6de4131f0ab8/in_use.lock acquired by nodename 2528@pr-hdds-1569-6tbh6-3362816358
2019-09-20 08:29:29,293 [pool-38-thread-1] INFO  storage.RaftStorage (RaftStorage.java:format(72)) - Storage directory /workdir/hadoop-ozone/tools/target/test-dir/MiniOzoneClusterImpl-d51e23b7-a35f-4296-b546-392ac43315b2/datanode-1/data/ratis/7d6e13e2-f0f1-42a5-a058-6de4131f0ab8 has been successfully formatted.
2019-09-20 08:29:29,293 [pool-38-thread-1] INFO  ratis.ContainerStateMachine (ContainerStateMachine.java:loadSnapshot(226)) - group-6DE4131F0AB8: The snapshot info is null. Setting the last applied indexto:(t:0, i:~)
2019-09-20 08:29:29,293 [pool-38-thread-1] INFO  server.RaftServerConfigKeys (ConfUtils.java:logGet(43)) - raft.server.leader.election.timeout = 120s (custom)
2019-09-20 08:29:29,294 [pool-38-thread-1] INFO  server.RaftServerConfigKeys (ConfUtils.java:logGet(43)) - raft.server.log.use.memory = false (default)
2019-09-20 08:29:29,294 [pool-38-thread-1] INFO  server.RaftServerConfigKeys (ConfUtils.java:logGet(43)) - raft.server.log.purge.gap = 1000000 (custom)
2019-09-20 08:29:29,294 [pool-38-thread-1] INFO  server.RaftServerConfigKeys (ConfUtils.java:logGet(43)) - raft.server.log.appender.buffer.byte-limit = 33554432 (custom)
2019-09-20 08:29:29,294 [pool-38-thread-1] INFO  server.RaftServerConfigKeys (ConfUtils.java:logGet(43)) - raft.server.log.segment.size.max = 1048576 (custom)
2019-09-20 08:29:29,294 [pool-38-thread-1] INFO  server.RaftServerConfigKeys (ConfUtils.java:logGet(43)) - raft.server.log.segment.cache.num.max = 2 (custom)
2019-09-20 08:29:29,294 [pool-38-thread-1] INFO  segmented.SegmentedRaftLogWorker (SegmentedRaftLogWorker.java:<init>(172)) - new 977c6be4-088e-49bb-bd18-954d6d3cf26e-SegmentedRaftLogWorker:Storage Directory /workdir/hadoop-ozone/tools/target/test-dir/MiniOzoneClusterImpl-d51e23b7-a35f-4296-b546-392ac43315b2/datanode-1/data/ratis/7d6e13e2-f0f1-42a5-a058-6de4131f0ab8 for RaftStorage:Storage Directory /workdir/hadoop-ozone/tools/target/test-dir/MiniOzoneClusterImpl-d51e23b7-a35f-4296-b546-392ac43315b2/datanode-1/data/ratis/7d6e13e2-f0f1-42a5-a058-6de4131f0ab8
2019-09-20 08:29:29,294 [pool-38-thread-1] INFO  server.RaftServerConfigKeys (ConfUtils.java:logGet(43)) - raft.server.log.queue.byte-limit = 2147483647 (custom)
2019-09-20 08:29:29,295 [pool-38-thread-1] INFO  server.RaftServerConfigKeys (ConfUtils.java:logGet(43)) - raft.server.log.queue.element-limit = 1024 (custom)
2019-09-20 08:29:29,295 [pool-38-thread-1] INFO  server.RaftServerConfigKeys (ConfUtils.java:logGet(43)) - raft.server.log.segment.size.max = 1048576 (custom)
2019-09-20 08:29:29,295 [pool-38-thread-1] INFO  server.RaftServerConfigKeys (ConfUtils.java:logGet(43)) - raft.server.log.preallocated.size = 16384 (custom)
2019-09-20 08:29:29,295 [pool-38-thread-1] INFO  server.RaftServerConfigKeys (ConfUtils.java:logGet(43)) - raft.server.log.write.buffer.size = 33554432 (custom)
2019-09-20 08:29:29,295 [pool-38-thread-1] INFO  server.RaftServerConfigKeys (ConfUtils.java:logGet(43)) - raft.server.log.force.sync.num = 128 (default)
2019-09-20 08:29:29,295 [pool-38-thread-1] INFO  server.RaftServerConfigKeys (ConfUtils.java:logGet(43)) - raft.server.log.statemachine.data.sync = true (default)
2019-09-20 08:29:29,295 [pool-38-thread-1] INFO  server.RaftServerConfigKeys (ConfUtils.java:logGet(43)) - raft.server.log.statemachine.data.sync.timeout = 10s (default)
2019-09-20 08:29:29,296 [pool-38-thread-1] INFO  server.RaftServerConfigKeys (ConfUtils.java:logGet(43)) - raft.server.log.statemachine.data.sync.timeout.retry = -1 (default)
2019-09-20 08:29:29,296 [pool-38-thread-1] INFO  server.RaftServerConfigKeys (ConfUtils.java:logGet(43)) - raft.server.log.statemachine.data.caching.enabled = true (custom)
2019-09-20 08:29:29,296 [pool-38-thread-1] INFO  segmented.SegmentedRaftLogWorker (SegmentedRaftLogWorker.java:lambda$new$0(132)) - 977c6be4-088e-49bb-bd18-954d6d3cf26e-SegmentedRaftLogWorker:Storage Directory /workdir/hadoop-ozone/tools/target/test-dir/MiniOzoneClusterImpl-d51e23b7-a35f-4296-b546-392ac43315b2/datanode-1/data/ratis/7d6e13e2-f0f1-42a5-a058-6de4131f0ab8: flushIndex: setUnconditionally 0 -> -1
2019-09-20 08:29:29,296 [pool-38-thread-1] INFO  server.RaftServerConfigKeys (ConfUtils.java:logGet(43)) - raft.server.snapshot.auto.trigger.enabled = true (custom)
2019-09-20 08:29:29,297 [pool-38-thread-1] INFO  server.RaftServerConfigKeys (ConfUtils.java:logGet(43)) - raft.server.snapshot.auto.trigger.threshold = 10000 (custom)
2019-09-20 08:29:29,297 [pool-38-thread-1] INFO  server.RaftServerConfigKeys (ConfUtils.java:logGet(43)) - raft.server.retrycache.expirytime = 600000ms (custom)
2019-09-20 08:29:29,298 [pool-38-thread-1] INFO  impl.RaftServerImpl (RaftServerImpl.java:start(180)) - 977c6be4-088e-49bb-bd18-954d6d3cf26e: start group-6DE4131F0AB8
2019-09-20 08:29:29,298 [pool-38-thread-1] INFO  impl.RaftServerImpl (RaftServerImpl.java:setRole(171)) - 977c6be4-088e-49bb-bd18-954d6d3cf26e:group-6DE4131F0AB8 changes role from null to FOLLOWER at term 0 for startAsFollower
2019-09-20 08:29:29,298 [pool-38-thread-1] INFO  impl.RoleInfo (RoleInfo.java:updateAndGet(143)) - 977c6be4-088e-49bb-bd18-954d6d3cf26e: start FollowerState
2019-09-20 08:29:29,298 [pool-38-thread-1] INFO  util.JmxRegister (JmxRegister.java:tryRegister(44)) - Successfully registered JMX Bean with object name Ratis:service=RaftServer,group=group-6DE4131F0AB8,id=977c6be4-088e-49bb-bd18-954d6d3cf26e
2019-09-20 08:29:29,308 [RatisPipelineUtilsThread] INFO  pipeline.PipelineStateManager (PipelineStateManager.java:addPipeline(56)) - Created pipeline Pipeline[ Id: 7d6e13e2-f0f1-42a5-a058-6de4131f0ab8, Nodes: 977c6be4-088e-49bb-bd18-954d6d3cf26e{ip: 192.168.34.27, host: pr-hdds-1569-6tbh6-3362816358, networkLocation: /default-rack, certSerialId: null}, Type:RATIS, Factor:ONE, State:OPEN]
2019-09-20 08:29:29,320 [grpc-default-executor-0] INFO  impl.RaftServerProxy (RaftServerProxy.java:addNew(89)) - 977c6be4-088e-49bb-bd18-954d6d3cf26e: addNew group-49C99A13AD5A:[977c6be4-088e-49bb-bd18-954d6d3cf26e:192.168.34.27:41596] returns group-49C99A13AD5A:java.util.concurrent.CompletableFuture@49f9f408[Not completed]
2019-09-20 08:29:29,322 [pool-38-thread-1] INFO  impl.RaftServerImpl (RaftServerImpl.java:<init>(93)) - 977c6be4-088e-49bb-bd18-954d6d3cf26e: new RaftServerImpl for group-49C99A13AD5A:[977c6be4-088e-49bb-bd18-954d6d3cf26e:192.168.34.27:41596] with ContainerStateMachine:uninitialized
2019-09-20 08:29:29,322 [pool-38-thread-1] INFO  server.RaftServerConfigKeys (ConfUtils.java:logGet(43)) - raft.server.rpc.timeout.min = 5s (custom)
2019-09-20 08:29:29,322 [pool-38-thread-1] INFO  server.RaftServerConfigKeys (ConfUtils.java:logGet(43)) - raft.server.rpc.timeout.max = 5200ms (custom)
2019-09-20 08:29:29,322 [pool-38-thread-1] INFO  server.RaftServerConfigKeys (ConfUtils.java:logGet(43)) - raft.server.rpcslowness.timeout = 120s (custom)
2019-09-20 08:29:29,322 [pool-38-thread-1] INFO  server.RaftServerConfigKeys (ConfUtils.java:logGet(43)) - raft.server.sleep.deviation.threshold = 300 (default)
2019-09-20 08:29:29,323 [pool-38-thread-1] INFO  server.RaftServerConfigKeys (ConfUtils.java:logGet(43)) - raft.server.log.appender.install.snapshot.enabled = false (custom)
2019-09-20 08:29:29,323 [pool-38-thread-1] INFO  impl.RaftServerImpl (ServerState.java:<init>(105)) - 977c6be4-088e-49bb-bd18-954d6d3cf26e:group-49C99A13AD5A ConfigurationManager, init=-1: [977c6be4-088e-49bb-bd18-954d6d3cf26e:192.168.34.27:41596], old=null, confs=<EMPTY_MAP>
2019-09-20 08:29:29,323 [pool-38-thread-1] INFO  server.RaftServerConfigKeys (ConfUtils.java:logGet(43)) - raft.server.storage.dir = [/workdir/hadoop-ozone/tools/target/test-dir/MiniOzoneClusterImpl-d51e23b7-a35f-4296-b546-392ac43315b2/datanode-1/data/ratis] (custom)
2019-09-20 08:29:29,323 [pool-38-thread-1] INFO  storage.RaftStorageDirectory (RaftStorageDirectory.java:analyzeStorage(246)) - The storage directory /workdir/hadoop-ozone/tools/target/test-dir/MiniOzoneClusterImpl-d51e23b7-a35f-4296-b546-392ac43315b2/datanode-1/data/ratis/3731f8b5-2de2-4f96-a6a3-49c99a13ad5a does not exist. Creating ...
2019-09-20 08:29:29,336 [pool-38-thread-1] INFO  storage.RaftStorageDirectory (RaftStorageDirectory.java:tryLock(328)) - Lock on /workdir/hadoop-ozone/tools/target/test-dir/MiniOzoneClusterImpl-d51e23b7-a35f-4296-b546-392ac43315b2/datanode-1/data/ratis/3731f8b5-2de2-4f96-a6a3-49c99a13ad5a/in_use.lock acquired by nodename 2528@pr-hdds-1569-6tbh6-3362816358
2019-09-20 08:29:29,348 [pool-38-thread-1] INFO  storage.RaftStorage (RaftStorage.java:format(72)) - Storage directory /workdir/hadoop-ozone/tools/target/test-dir/MiniOzoneClusterImpl-d51e23b7-a35f-4296-b546-392ac43315b2/datanode-1/data/ratis/3731f8b5-2de2-4f96-a6a3-49c99a13ad5a has been successfully formatted.
2019-09-20 08:29:29,349 [pool-38-thread-1] INFO  ratis.ContainerStateMachine (ContainerStateMachine.java:loadSnapshot(226)) - group-49C99A13AD5A: The snapshot info is null. Setting the last applied indexto:(t:0, i:~)
2019-09-20 08:29:29,349 [pool-38-thread-1] INFO  server.RaftServerConfigKeys (ConfUtils.java:logGet(43)) - raft.server.leader.election.timeout = 120s (custom)
2019-09-20 08:29:29,349 [pool-38-thread-1] INFO  server.RaftServerConfigKeys (ConfUtils.java:logGet(43)) - raft.server.log.use.memory = false (default)
2019-09-20 08:29:29,349 [pool-38-thread-1] INFO  server.RaftServerConfigKeys (ConfUtils.java:logGet(43)) - raft.server.log.purge.gap = 1000000 (custom)
2019-09-20 08:29:29,349 [pool-38-thread-1] INFO  server.RaftServerConfigKeys (ConfUtils.java:logGet(43)) - raft.server.log.appender.buffer.byte-limit = 33554432 (custom)
2019-09-20 08:29:29,350 [pool-38-thread-1] INFO  server.RaftServerConfigKeys (ConfUtils.java:logGet(43)) - raft.server.log.segment.size.max = 1048576 (custom)
2019-09-20 08:29:29,350 [pool-38-thread-1] INFO  server.RaftServerConfigKeys (ConfUtils.java:logGet(43)) - raft.server.log.segment.cache.num.max = 2 (custom)
2019-09-20 08:29:29,350 [pool-38-thread-1] INFO  segmented.SegmentedRaftLogWorker (SegmentedRaftLogWorker.java:<init>(172)) - new 977c6be4-088e-49bb-bd18-954d6d3cf26e-SegmentedRaftLogWorker:Storage Directory /workdir/hadoop-ozone/tools/target/test-dir/MiniOzoneClusterImpl-d51e23b7-a35f-4296-b546-392ac43315b2/datanode-1/data/ratis/3731f8b5-2de2-4f96-a6a3-49c99a13ad5a for RaftStorage:Storage Directory /workdir/hadoop-ozone/tools/target/test-dir/MiniOzoneClusterImpl-d51e23b7-a35f-4296-b546-392ac43315b2/datanode-1/data/ratis/3731f8b5-2de2-4f96-a6a3-49c99a13ad5a
2019-09-20 08:29:29,350 [pool-38-thread-1] INFO  server.RaftServerConfigKeys (ConfUtils.java:logGet(43)) - raft.server.log.queue.byte-limit = 2147483647 (custom)
2019-09-20 08:29:29,350 [pool-38-thread-1] INFO  server.RaftServerConfigKeys (ConfUtils.java:logGet(43)) - raft.server.log.queue.element-limit = 1024 (custom)
2019-09-20 08:29:29,350 [pool-38-thread-1] INFO  server.RaftServerConfigKeys (ConfUtils.java:logGet(43)) - raft.server.log.segment.size.max = 1048576 (custom)
2019-09-20 08:29:29,350 [pool-38-thread-1] INFO  server.RaftServerConfigKeys (ConfUtils.java:logGet(43)) - raft.server.log.preallocated.size = 16384 (custom)
2019-09-20 08:29:29,350 [pool-38-thread-1] INFO  server.RaftServerConfigKeys (ConfUtils.java:logGet(43)) - raft.server.log.write.buffer.size = 33554432 (custom)
2019-09-20 08:29:29,351 [pool-38-thread-1] INFO  server.RaftServerConfigKeys (ConfUtils.java:logGet(43)) - raft.server.log.force.sync.num = 128 (default)
2019-09-20 08:29:29,351 [pool-38-thread-1] INFO  server.RaftServerConfigKeys (ConfUtils.java:logGet(43)) - raft.server.log.statemachine.data.sync = true (default)
2019-09-20 08:29:29,351 [pool-38-thread-1] INFO  server.RaftServerConfigKeys (ConfUtils.java:logGet(43)) - raft.server.log.statemachine.data.sync.timeout = 10s (default)
2019-09-20 08:29:29,351 [pool-38-thread-1] INFO  server.RaftServerConfigKeys (ConfUtils.java:logGet(43)) - raft.server.log.statemachine.data.sync.timeout.retry = -1 (default)
2019-09-20 08:29:29,351 [pool-38-thread-1] INFO  server.RaftServerConfigKeys (ConfUtils.java:logGet(43)) - raft.server.log.statemachine.data.caching.enabled = true (custom)
2019-09-20 08:29:29,351 [pool-38-thread-1] INFO  segmented.SegmentedRaftLogWorker (SegmentedRaftLogWorker.java:lambda$new$0(132)) - 977c6be4-088e-49bb-bd18-954d6d3cf26e-SegmentedRaftLogWorker:Storage Directory /workdir/hadoop-ozone/tools/target/test-dir/MiniOzoneClusterImpl-d51e23b7-a35f-4296-b546-392ac43315b2/datanode-1/data/ratis/3731f8b5-2de2-4f96-a6a3-49c99a13ad5a: flushIndex: setUnconditionally 0 -> -1
2019-09-20 08:29:29,352 [pool-38-thread-1] INFO  server.RaftServerConfigKeys (ConfUtils.java:logGet(43)) - raft.server.snapshot.auto.trigger.enabled = true (custom)
2019-09-20 08:29:29,352 [pool-38-thread-1] INFO  server.RaftServerConfigKeys (ConfUtils.java:logGet(43)) - raft.server.snapshot.auto.trigger.threshold = 10000 (custom)
2019-09-20 08:29:29,352 [pool-38-thread-1] INFO  server.RaftServerConfigKeys (ConfUtils.java:logGet(43)) - raft.server.retrycache.expirytime = 600000ms (custom)
2019-09-20 08:29:29,352 [pool-38-thread-1] INFO  impl.RaftServerImpl (RaftServerImpl.java:start(180)) - 977c6be4-088e-49bb-bd18-954d6d3cf26e: start group-49C99A13AD5A
2019-09-20 08:29:29,353 [pool-38-thread-1] INFO  impl.RaftServerImpl (RaftServerImpl.java:setRole(171)) - 977c6be4-088e-49bb-bd18-954d6d3cf26e:group-49C99A13AD5A changes role from null to FOLLOWER at term 0 for startAsFollower
2019-09-20 08:29:29,353 [pool-38-thread-1] INFO  impl.RoleInfo (RoleInfo.java:updateAndGet(143)) - 977c6be4-088e-49bb-bd18-954d6d3cf26e: start FollowerState
2019-09-20 08:29:29,353 [pool-38-thread-1] INFO  util.JmxRegister (JmxRegister.java:tryRegister(44)) - Successfully registered JMX Bean with object name Ratis:service=RaftServer,group=group-49C99A13AD5A,id=977c6be4-088e-49bb-bd18-954d6d3cf26e
2019-09-20 08:29:29,364 [RatisPipelineUtilsThread] INFO  pipeline.PipelineStateManager (PipelineStateManager.java:addPipeline(56)) - Created pipeline Pipeline[ Id: 3731f8b5-2de2-4f96-a6a3-49c99a13ad5a, Nodes: 977c6be4-088e-49bb-bd18-954d6d3cf26e{ip: 192.168.34.27, host: pr-hdds-1569-6tbh6-3362816358, networkLocation: /default-rack, certSerialId: null}, Type:RATIS, Factor:ONE, State:OPEN]
2019-09-20 08:29:29,378 [grpc-default-executor-0] INFO  impl.RaftServerProxy (RaftServerProxy.java:addNew(89)) - b348fd93-74e1-48ea-bc11-2098387e019e: addNew group-C05BE20D02F6:[b348fd93-74e1-48ea-bc11-2098387e019e:192.168.34.27:38321] returns group-C05BE20D02F6:java.util.concurrent.CompletableFuture@48d7c534[Not completed]
2019-09-20 08:29:29,379 [pool-49-thread-1] INFO  impl.RaftServerImpl (RaftServerImpl.java:<init>(93)) - b348fd93-74e1-48ea-bc11-2098387e019e: new RaftServerImpl for group-C05BE20D02F6:[b348fd93-74e1-48ea-bc11-2098387e019e:192.168.34.27:38321] with ContainerStateMachine:uninitialized
2019-09-20 08:29:29,380 [pool-49-thread-1] INFO  server.RaftServerConfigKeys (ConfUtils.java:logGet(43)) - raft.server.rpc.timeout.min = 5s (custom)
2019-09-20 08:29:29,380 [pool-49-thread-1] INFO  server.RaftServerConfigKeys (ConfUtils.java:logGet(43)) - raft.server.rpc.timeout.max = 5200ms (custom)
2019-09-20 08:29:29,380 [pool-49-thread-1] INFO  server.RaftServerConfigKeys (ConfUtils.java:logGet(43)) - raft.server.rpcslowness.timeout = 120s (custom)
2019-09-20 08:29:29,380 [pool-49-thread-1] INFO  server.RaftServerConfigKeys (ConfUtils.java:logGet(43)) - raft.server.sleep.deviation.threshold = 300 (default)
2019-09-20 08:29:29,380 [pool-49-thread-1] INFO  server.RaftServerConfigKeys (ConfUtils.java:logGet(43)) - raft.server.log.appender.install.snapshot.enabled = false (custom)
2019-09-20 08:29:29,380 [pool-49-thread-1] INFO  impl.RaftServerImpl (ServerState.java:<init>(105)) - b348fd93-74e1-48ea-bc11-2098387e019e:group-C05BE20D02F6 ConfigurationManager, init=-1: [b348fd93-74e1-48ea-bc11-2098387e019e:192.168.34.27:38321], old=null, confs=<EMPTY_MAP>
2019-09-20 08:29:29,380 [pool-49-thread-1] INFO  server.RaftServerConfigKeys (ConfUtils.java:logGet(43)) - raft.server.storage.dir = [/workdir/hadoop-ozone/tools/target/test-dir/MiniOzoneClusterImpl-d51e23b7-a35f-4296-b546-392ac43315b2/datanode-2/data/ratis] (custom)
2019-09-20 08:29:29,381 [pool-49-thread-1] INFO  storage.RaftStorageDirectory (RaftStorageDirectory.java:analyzeStorage(246)) - The storage directory /workdir/hadoop-ozone/tools/target/test-dir/MiniOzoneClusterImpl-d51e23b7-a35f-4296-b546-392ac43315b2/datanode-2/data/ratis/b6111086-025c-4cd7-a3eb-c05be20d02f6 does not exist. Creating ...
2019-09-20 08:29:29,393 [pool-49-thread-1] INFO  storage.RaftStorageDirectory (RaftStorageDirectory.java:tryLock(328)) - Lock on /workdir/hadoop-ozone/tools/target/test-dir/MiniOzoneClusterImpl-d51e23b7-a35f-4296-b546-392ac43315b2/datanode-2/data/ratis/b6111086-025c-4cd7-a3eb-c05be20d02f6/in_use.lock acquired by nodename 2528@pr-hdds-1569-6tbh6-3362816358
2019-09-20 08:29:29,407 [pool-49-thread-1] INFO  storage.RaftStorage (RaftStorage.java:format(72)) - Storage directory /workdir/hadoop-ozone/tools/target/test-dir/MiniOzoneClusterImpl-d51e23b7-a35f-4296-b546-392ac43315b2/datanode-2/data/ratis/b6111086-025c-4cd7-a3eb-c05be20d02f6 has been successfully formatted.
2019-09-20 08:29:29,407 [pool-49-thread-1] INFO  ratis.ContainerStateMachine (ContainerStateMachine.java:loadSnapshot(226)) - group-C05BE20D02F6: The snapshot info is null. Setting the last applied indexto:(t:0, i:~)
2019-09-20 08:29:29,407 [pool-49-thread-1] INFO  server.RaftServerConfigKeys (ConfUtils.java:logGet(43)) - raft.server.leader.election.timeout = 120s (custom)
2019-09-20 08:29:29,407 [pool-49-thread-1] INFO  server.RaftServerConfigKeys (ConfUtils.java:logGet(43)) - raft.server.log.use.memory = false (default)
2019-09-20 08:29:29,408 [pool-49-thread-1] INFO  server.RaftServerConfigKeys (ConfUtils.java:logGet(43)) - raft.server.log.purge.gap = 1000000 (custom)
2019-09-20 08:29:29,408 [pool-49-thread-1] INFO  server.RaftServerConfigKeys (ConfUtils.java:logGet(43)) - raft.server.log.appender.buffer.byte-limit = 33554432 (custom)
2019-09-20 08:29:29,408 [pool-49-thread-1] INFO  server.RaftServerConfigKeys (ConfUtils.java:logGet(43)) - raft.server.log.segment.size.max = 1048576 (custom)
2019-09-20 08:29:29,408 [pool-49-thread-1] INFO  server.RaftServerConfigKeys (ConfUtils.java:logGet(43)) - raft.server.log.segment.cache.num.max = 2 (custom)
2019-09-20 08:29:29,408 [pool-49-thread-1] INFO  segmented.SegmentedRaftLogWorker (SegmentedRaftLogWorker.java:<init>(172)) - new b348fd93-74e1-48ea-bc11-2098387e019e-SegmentedRaftLogWorker:Storage Directory /workdir/hadoop-ozone/tools/target/test-dir/MiniOzoneClusterImpl-d51e23b7-a35f-4296-b546-392ac43315b2/datanode-2/data/ratis/b6111086-025c-4cd7-a3eb-c05be20d02f6 for RaftStorage:Storage Directory /workdir/hadoop-ozone/tools/target/test-dir/MiniOzoneClusterImpl-d51e23b7-a35f-4296-b546-392ac43315b2/datanode-2/data/ratis/b6111086-025c-4cd7-a3eb-c05be20d02f6
2019-09-20 08:29:29,408 [pool-49-thread-1] INFO  server.RaftServerConfigKeys (ConfUtils.java:logGet(43)) - raft.server.log.queue.byte-limit = 2147483647 (custom)
2019-09-20 08:29:29,408 [pool-49-thread-1] INFO  server.RaftServerConfigKeys (ConfUtils.java:logGet(43)) - raft.server.log.queue.element-limit = 1024 (custom)
2019-09-20 08:29:29,408 [pool-49-thread-1] INFO  server.RaftServerConfigKeys (ConfUtils.java:logGet(43)) - raft.server.log.segment.size.max = 1048576 (custom)
2019-09-20 08:29:29,409 [pool-49-thread-1] INFO  server.RaftServerConfigKeys (ConfUtils.java:logGet(43)) - raft.server.log.preallocated.size = 16384 (custom)
2019-09-20 08:29:29,409 [pool-49-thread-1] INFO  server.RaftServerConfigKeys (ConfUtils.java:logGet(43)) - raft.server.log.write.buffer.size = 33554432 (custom)
2019-09-20 08:29:29,409 [pool-49-thread-1] INFO  server.RaftServerConfigKeys (ConfUtils.java:logGet(43)) - raft.server.log.force.sync.num = 128 (default)
2019-09-20 08:29:29,409 [pool-49-thread-1] INFO  server.RaftServerConfigKeys (ConfUtils.java:logGet(43)) - raft.server.log.statemachine.data.sync = true (default)
2019-09-20 08:29:29,409 [pool-49-thread-1] INFO  server.RaftServerConfigKeys (ConfUtils.java:logGet(43)) - raft.server.log.statemachine.data.sync.timeout = 10s (default)
2019-09-20 08:29:29,409 [pool-49-thread-1] INFO  server.RaftServerConfigKeys (ConfUtils.java:logGet(43)) - raft.server.log.statemachine.data.sync.timeout.retry = -1 (default)
2019-09-20 08:29:29,409 [pool-49-thread-1] INFO  server.RaftServerConfigKeys (ConfUtils.java:logGet(43)) - raft.server.log.statemachine.data.caching.enabled = true (custom)
2019-09-20 08:29:29,410 [pool-49-thread-1] INFO  segmented.SegmentedRaftLogWorker (SegmentedRaftLogWorker.java:lambda$new$0(132)) - b348fd93-74e1-48ea-bc11-2098387e019e-SegmentedRaftLogWorker:Storage Directory /workdir/hadoop-ozone/tools/target/test-dir/MiniOzoneClusterImpl-d51e23b7-a35f-4296-b546-392ac43315b2/datanode-2/data/ratis/b6111086-025c-4cd7-a3eb-c05be20d02f6: flushIndex: setUnconditionally 0 -> -1
2019-09-20 08:29:29,410 [pool-49-thread-1] INFO  server.RaftServerConfigKeys (ConfUtils.java:logGet(43)) - raft.server.snapshot.auto.trigger.enabled = true (custom)
2019-09-20 08:29:29,410 [pool-49-thread-1] INFO  server.RaftServerConfigKeys (ConfUtils.java:logGet(43)) - raft.server.snapshot.auto.trigger.threshold = 10000 (custom)
2019-09-20 08:29:29,410 [pool-49-thread-1] INFO  server.RaftServerConfigKeys (ConfUtils.java:logGet(43)) - raft.server.retrycache.expirytime = 600000ms (custom)
2019-09-20 08:29:29,411 [pool-49-thread-1] INFO  impl.RaftServerImpl (RaftServerImpl.java:start(180)) - b348fd93-74e1-48ea-bc11-2098387e019e: start group-C05BE20D02F6
2019-09-20 08:29:29,411 [pool-49-thread-1] INFO  impl.RaftServerImpl (RaftServerImpl.java:setRole(171)) - b348fd93-74e1-48ea-bc11-2098387e019e:group-C05BE20D02F6 changes role from null to FOLLOWER at term 0 for startAsFollower
2019-09-20 08:29:29,411 [pool-49-thread-1] INFO  impl.RoleInfo (RoleInfo.java:updateAndGet(143)) - b348fd93-74e1-48ea-bc11-2098387e019e: start FollowerState
2019-09-20 08:29:29,411 [pool-49-thread-1] INFO  util.JmxRegister (JmxRegister.java:tryRegister(44)) - Successfully registered JMX Bean with object name Ratis:service=RaftServer,group=group-C05BE20D02F6,id=b348fd93-74e1-48ea-bc11-2098387e019e
2019-09-20 08:29:29,416 | INFO  | SCMAudit | user=jenkins1000 | ip=192.168.34.27 | op=SEND_HEARTBEAT {datanodeUUID=62869313-87e7-4095-b37c-6162291b45c6, command=[]} | ret=SUCCESS |  
2019-09-20 08:29:29,426 [RatisPipelineUtilsThread] INFO  pipeline.PipelineStateManager (PipelineStateManager.java:addPipeline(56)) - Created pipeline Pipeline[ Id: b6111086-025c-4cd7-a3eb-c05be20d02f6, Nodes: b348fd93-74e1-48ea-bc11-2098387e019e{ip: 192.168.34.27, host: pr-hdds-1569-6tbh6-3362816358, networkLocation: /default-rack, certSerialId: null}, Type:RATIS, Factor:ONE, State:OPEN]
2019-09-20 08:29:29,439 [grpc-default-executor-0] INFO  impl.RaftServerProxy (RaftServerProxy.java:addNew(89)) - 62869313-87e7-4095-b37c-6162291b45c6: addNew group-4ADC3911BBBB:[62869313-87e7-4095-b37c-6162291b45c6:192.168.34.27:38218] returns group-4ADC3911BBBB:java.util.concurrent.CompletableFuture@221a2c5b[Not completed]
2019-09-20 08:29:29,441 [pool-27-thread-1] INFO  impl.RaftServerImpl (RaftServerImpl.java:<init>(93)) - 62869313-87e7-4095-b37c-6162291b45c6: new RaftServerImpl for group-4ADC3911BBBB:[62869313-87e7-4095-b37c-6162291b45c6:192.168.34.27:38218] with ContainerStateMachine:uninitialized
2019-09-20 08:29:29,441 [pool-27-thread-1] INFO  server.RaftServerConfigKeys (ConfUtils.java:logGet(43)) - raft.server.rpc.timeout.min = 5s (custom)
2019-09-20 08:29:29,441 [pool-27-thread-1] INFO  server.RaftServerConfigKeys (ConfUtils.java:logGet(43)) - raft.server.rpc.timeout.max = 5200ms (custom)
2019-09-20 08:29:29,441 [pool-27-thread-1] INFO  server.RaftServerConfigKeys (ConfUtils.java:logGet(43)) - raft.server.rpcslowness.timeout = 120s (custom)
2019-09-20 08:29:29,442 [pool-27-thread-1] INFO  server.RaftServerConfigKeys (ConfUtils.java:logGet(43)) - raft.server.sleep.deviation.threshold = 300 (default)
2019-09-20 08:29:29,442 [pool-27-thread-1] INFO  server.RaftServerConfigKeys (ConfUtils.java:logGet(43)) - raft.server.log.appender.install.snapshot.enabled = false (custom)
2019-09-20 08:29:29,442 [pool-27-thread-1] INFO  impl.RaftServerImpl (ServerState.java:<init>(105)) - 62869313-87e7-4095-b37c-6162291b45c6:group-4ADC3911BBBB ConfigurationManager, init=-1: [62869313-87e7-4095-b37c-6162291b45c6:192.168.34.27:38218], old=null, confs=<EMPTY_MAP>
2019-09-20 08:29:29,442 [pool-27-thread-1] INFO  server.RaftServerConfigKeys (ConfUtils.java:logGet(43)) - raft.server.storage.dir = [/workdir/hadoop-ozone/tools/target/test-dir/MiniOzoneClusterImpl-d51e23b7-a35f-4296-b546-392ac43315b2/datanode-0/data/ratis] (custom)
2019-09-20 08:29:29,442 [pool-27-thread-1] INFO  storage.RaftStorageDirectory (RaftStorageDirectory.java:analyzeStorage(246)) - The storage directory /workdir/hadoop-ozone/tools/target/test-dir/MiniOzoneClusterImpl-d51e23b7-a35f-4296-b546-392ac43315b2/datanode-0/data/ratis/0fa28d0c-2fdd-4857-8b17-4adc3911bbbb does not exist. Creating ...
2019-09-20 08:29:29,454 [main] INFO  freon.RandomKeyGenerator (RandomKeyGenerator.java:call(275)) - Number of Threads: 10
2019-09-20 08:29:29,455 [pool-27-thread-1] INFO  storage.RaftStorageDirectory (RaftStorageDirectory.java:tryLock(328)) - Lock on /workdir/hadoop-ozone/tools/target/test-dir/MiniOzoneClusterImpl-d51e23b7-a35f-4296-b546-392ac43315b2/datanode-0/data/ratis/0fa28d0c-2fdd-4857-8b17-4adc3911bbbb/in_use.lock acquired by nodename 2528@pr-hdds-1569-6tbh6-3362816358
2019-09-20 08:29:29,455 [main] INFO  freon.RandomKeyGenerator (RandomKeyGenerator.java:call(280)) - Number of Volumes: 1.
2019-09-20 08:29:29,455 [main] INFO  freon.RandomKeyGenerator (RandomKeyGenerator.java:call(281)) - Number of Buckets per Volume: 1.
2019-09-20 08:29:29,456 [main] INFO  freon.RandomKeyGenerator (RandomKeyGenerator.java:call(282)) - Number of Keys per Bucket: 1.
2019-09-20 08:29:29,456 [main] INFO  freon.RandomKeyGenerator (RandomKeyGenerator.java:call(283)) - Key size: 20971520 bytes
2019-09-20 08:29:29,456 [main] INFO  freon.RandomKeyGenerator (RandomKeyGenerator.java:call(284)) - Buffer size: 4096 bytes
2019-09-20 08:29:29,460 [main] INFO  freon.RandomKeyGenerator (RandomKeyGenerator.java:call(298)) - Data validation is enabled.
2019-09-20 08:29:29,462 [main] INFO  freon.RandomKeyGenerator (RandomKeyGenerator.java:call(304)) - Starting progress bar Thread.

 0.00% |█                                                                                                    |  0/1 Time: 0:00:002019-09-20 08:29:29,468 [pool-27-thread-1] INFO  storage.RaftStorage (RaftStorage.java:format(72)) - Storage directory /workdir/hadoop-ozone/tools/target/test-dir/MiniOzoneClusterImpl-d51e23b7-a35f-4296-b546-392ac43315b2/datanode-0/data/ratis/0fa28d0c-2fdd-4857-8b17-4adc3911bbbb has been successfully formatted.
2019-09-20 08:29:29,468 [pool-27-thread-1] INFO  ratis.ContainerStateMachine (ContainerStateMachine.java:loadSnapshot(226)) - group-4ADC3911BBBB: The snapshot info is null. Setting the last applied indexto:(t:0, i:~)
2019-09-20 08:29:29,468 [pool-27-thread-1] INFO  server.RaftServerConfigKeys (ConfUtils.java:logGet(43)) - raft.server.leader.election.timeout = 120s (custom)
2019-09-20 08:29:29,469 [pool-27-thread-1] INFO  server.RaftServerConfigKeys (ConfUtils.java:logGet(43)) - raft.server.log.use.memory = false (default)
2019-09-20 08:29:29,469 [pool-27-thread-1] INFO  server.RaftServerConfigKeys (ConfUtils.java:logGet(43)) - raft.server.log.purge.gap = 1000000 (custom)
2019-09-20 08:29:29,469 [pool-27-thread-1] INFO  server.RaftServerConfigKeys (ConfUtils.java:logGet(43)) - raft.server.log.appender.buffer.byte-limit = 33554432 (custom)
2019-09-20 08:29:29,469 [pool-27-thread-1] INFO  server.RaftServerConfigKeys (ConfUtils.java:logGet(43)) - raft.server.log.segment.size.max = 1048576 (custom)
2019-09-20 08:29:29,470 [pool-27-thread-1] INFO  server.RaftServerConfigKeys (ConfUtils.java:logGet(43)) - raft.server.log.segment.cache.num.max = 2 (custom)
2019-09-20 08:29:29,470 [pool-27-thread-1] INFO  segmented.SegmentedRaftLogWorker (SegmentedRaftLogWorker.java:<init>(172)) - new 62869313-87e7-4095-b37c-6162291b45c6-SegmentedRaftLogWorker:Storage Directory /workdir/hadoop-ozone/tools/target/test-dir/MiniOzoneClusterImpl-d51e23b7-a35f-4296-b546-392ac43315b2/datanode-0/data/ratis/0fa28d0c-2fdd-4857-8b17-4adc3911bbbb for RaftStorage:Storage Directory /workdir/hadoop-ozone/tools/target/test-dir/MiniOzoneClusterImpl-d51e23b7-a35f-4296-b546-392ac43315b2/datanode-0/data/ratis/0fa28d0c-2fdd-4857-8b17-4adc3911bbbb
2019-09-20 08:29:29,470 [pool-27-thread-1] INFO  server.RaftServerConfigKeys (ConfUtils.java:logGet(43)) - raft.server.log.queue.byte-limit = 2147483647 (custom)
2019-09-20 08:29:29,470 [pool-27-thread-1] INFO  server.RaftServerConfigKeys (ConfUtils.java:logGet(43)) - raft.server.log.queue.element-limit = 1024 (custom)
2019-09-20 08:29:29,471 [pool-27-thread-1] INFO  server.RaftServerConfigKeys (ConfUtils.java:logGet(43)) - raft.server.log.segment.size.max = 1048576 (custom)
2019-09-20 08:29:29,471 [pool-27-thread-1] INFO  server.RaftServerConfigKeys (ConfUtils.java:logGet(43)) - raft.server.log.preallocated.size = 16384 (custom)
2019-09-20 08:29:29,471 [pool-27-thread-1] INFO  server.RaftServerConfigKeys (ConfUtils.java:logGet(43)) - raft.server.log.write.buffer.size = 33554432 (custom)
2019-09-20 08:29:29,471 [pool-27-thread-1] INFO  server.RaftServerConfigKeys (ConfUtils.java:logGet(43)) - raft.server.log.force.sync.num = 128 (default)
2019-09-20 08:29:29,472 [pool-27-thread-1] INFO  server.RaftServerConfigKeys (ConfUtils.java:logGet(43)) - raft.server.log.statemachine.data.sync = true (default)
2019-09-20 08:29:29,472 [pool-27-thread-1] INFO  server.RaftServerConfigKeys (ConfUtils.java:logGet(43)) - raft.server.log.statemachine.data.sync.timeout = 10s (default)
2019-09-20 08:29:29,472 [pool-27-thread-1] INFO  server.RaftServerConfigKeys (ConfUtils.java:logGet(43)) - raft.server.log.statemachine.data.sync.timeout.retry = -1 (default)
2019-09-20 08:29:29,472 [pool-27-thread-1] INFO  server.RaftServerConfigKeys (ConfUtils.java:logGet(43)) - raft.server.log.statemachine.data.caching.enabled = true (custom)
2019-09-20 08:29:29,472 [pool-27-thread-1] INFO  segmented.SegmentedRaftLogWorker (SegmentedRaftLogWorker.java:lambda$new$0(132)) - 62869313-87e7-4095-b37c-6162291b45c6-SegmentedRaftLogWorker:Storage Directory /workdir/hadoop-ozone/tools/target/test-dir/MiniOzoneClusterImpl-d51e23b7-a35f-4296-b546-392ac43315b2/datanode-0/data/ratis/0fa28d0c-2fdd-4857-8b17-4adc3911bbbb: flushIndex: setUnconditionally 0 -> -1
2019-09-20 08:29:29,473 [pool-27-thread-1] INFO  server.RaftServerConfigKeys (ConfUtils.java:logGet(43)) - raft.server.snapshot.auto.trigger.enabled = true (custom)
2019-09-20 08:29:29,473 [pool-27-thread-1] INFO  server.RaftServerConfigKeys (ConfUtils.java:logGet(43)) - raft.server.snapshot.auto.trigger.threshold = 10000 (custom)
2019-09-20 08:29:29,473 [pool-27-thread-1] INFO  server.RaftServerConfigKeys (ConfUtils.java:logGet(43)) - raft.server.retrycache.expirytime = 600000ms (custom)
2019-09-20 08:29:29,473 [pool-27-thread-1] INFO  impl.RaftServerImpl (RaftServerImpl.java:start(180)) - 62869313-87e7-4095-b37c-6162291b45c6: start group-4ADC3911BBBB
2019-09-20 08:29:29,473 [pool-27-thread-1] INFO  impl.RaftServerImpl (RaftServerImpl.java:setRole(171)) - 62869313-87e7-4095-b37c-6162291b45c6:group-4ADC3911BBBB changes role from null to FOLLOWER at term 0 for startAsFollower
2019-09-20 08:29:29,473 [pool-27-thread-1] INFO  impl.RoleInfo (RoleInfo.java:updateAndGet(143)) - 62869313-87e7-4095-b37c-6162291b45c6: start FollowerState
2019-09-20 08:29:29,474 [pool-27-thread-1] INFO  util.JmxRegister (JmxRegister.java:tryRegister(44)) - Successfully registered JMX Bean with object name Ratis:service=RaftServer,group=group-4ADC3911BBBB,id=62869313-87e7-4095-b37c-6162291b45c6
2019-09-20 08:29:29,487 [RatisPipelineUtilsThread] INFO  pipeline.PipelineStateManager (PipelineStateManager.java:addPipeline(56)) - Created pipeline Pipeline[ Id: 0fa28d0c-2fdd-4857-8b17-4adc3911bbbb, Nodes: 62869313-87e7-4095-b37c-6162291b45c6{ip: 192.168.34.27, host: pr-hdds-1569-6tbh6-3362816358, networkLocation: /default-rack, certSerialId: null}, Type:RATIS, Factor:ONE, State:OPEN]
2019-09-20 08:29:29,497 [pool-56-thread-1] INFO  rpc.RpcClient (RpcClient.java:createVolume(293)) - Creating Volume: vol-0-70030, with jenkins1000 as owner.
2019-09-20 08:29:29,501 [grpc-default-executor-0] INFO  impl.RaftServerProxy (RaftServerProxy.java:addNew(89)) - b348fd93-74e1-48ea-bc11-2098387e019e: addNew group-C4A419451954:[b348fd93-74e1-48ea-bc11-2098387e019e:192.168.34.27:38321] returns group-C4A419451954:java.util.concurrent.CompletableFuture@6cabc8b3[Not completed]
2019-09-20 08:29:29,503 [pool-49-thread-1] INFO  impl.RaftServerImpl (RaftServerImpl.java:<init>(93)) - b348fd93-74e1-48ea-bc11-2098387e019e: new RaftServerImpl for group-C4A419451954:[b348fd93-74e1-48ea-bc11-2098387e019e:192.168.34.27:38321] with ContainerStateMachine:uninitialized
2019-09-20 08:29:29,503 [pool-49-thread-1] INFO  server.RaftServerConfigKeys (ConfUtils.java:logGet(43)) - raft.server.rpc.timeout.min = 5s (custom)
2019-09-20 08:29:29,504 [pool-49-thread-1] INFO  server.RaftServerConfigKeys (ConfUtils.java:logGet(43)) - raft.server.rpc.timeout.max = 5200ms (custom)
2019-09-20 08:29:29,504 [pool-49-thread-1] INFO  server.RaftServerConfigKeys (ConfUtils.java:logGet(43)) - raft.server.rpcslowness.timeout = 120s (custom)
2019-09-20 08:29:29,504 [pool-49-thread-1] INFO  server.RaftServerConfigKeys (ConfUtils.java:logGet(43)) - raft.server.sleep.deviation.threshold = 300 (default)
2019-09-20 08:29:29,504 [pool-49-thread-1] INFO  server.RaftServerConfigKeys (ConfUtils.java:logGet(43)) - raft.server.log.appender.install.snapshot.enabled = false (custom)
2019-09-20 08:29:29,504 [pool-49-thread-1] INFO  impl.RaftServerImpl (ServerState.java:<init>(105)) - b348fd93-74e1-48ea-bc11-2098387e019e:group-C4A419451954 ConfigurationManager, init=-1: [b348fd93-74e1-48ea-bc11-2098387e019e:192.168.34.27:38321], old=null, confs=<EMPTY_MAP>
2019-09-20 08:29:29,505 [pool-49-thread-1] INFO  server.RaftServerConfigKeys (ConfUtils.java:logGet(43)) - raft.server.storage.dir = [/workdir/hadoop-ozone/tools/target/test-dir/MiniOzoneClusterImpl-d51e23b7-a35f-4296-b546-392ac43315b2/datanode-2/data/ratis] (custom)
2019-09-20 08:29:29,506 [pool-49-thread-1] INFO  storage.RaftStorageDirectory (RaftStorageDirectory.java:analyzeStorage(246)) - The storage directory /workdir/hadoop-ozone/tools/target/test-dir/MiniOzoneClusterImpl-d51e23b7-a35f-4296-b546-392ac43315b2/datanode-2/data/ratis/0414d888-26ef-4f42-813f-c4a419451954 does not exist. Creating ...
2019-09-20 08:29:29,524 | INFO  | OMAudit | user=jenkins1000 | ip=127.0.0.1 | op=CREATE_VOLUME {admin=jenkins1000, owner=jenkins1000, volume=vol-0-70030, creationTime=1568968169519, quotaInBytes=1152921504606846976} | ret=SUCCESS |  
2019-09-20 08:29:29,531 [pool-49-thread-1] INFO  storage.RaftStorageDirectory (RaftStorageDirectory.java:tryLock(328)) - Lock on /workdir/hadoop-ozone/tools/target/test-dir/MiniOzoneClusterImpl-d51e23b7-a35f-4296-b546-392ac43315b2/datanode-2/data/ratis/0414d888-26ef-4f42-813f-c4a419451954/in_use.lock acquired by nodename 2528@pr-hdds-1569-6tbh6-3362816358
2019-09-20 08:29:29,535 | INFO  | OMAudit | user=jenkins1000 | ip=127.0.0.1 | op=READ_VOLUME {volume=vol-0-70030} | ret=SUCCESS |  
2019-09-20 08:29:29,545 [pool-49-thread-1] INFO  storage.RaftStorage (RaftStorage.java:format(72)) - Storage directory /workdir/hadoop-ozone/tools/target/test-dir/MiniOzoneClusterImpl-d51e23b7-a35f-4296-b546-392ac43315b2/datanode-2/data/ratis/0414d888-26ef-4f42-813f-c4a419451954 has been successfully formatted.
2019-09-20 08:29:29,545 [pool-49-thread-1] INFO  ratis.ContainerStateMachine (ContainerStateMachine.java:loadSnapshot(226)) - group-C4A419451954: The snapshot info is null. Setting the last applied indexto:(t:0, i:~)
2019-09-20 08:29:29,545 [pool-49-thread-1] INFO  server.RaftServerConfigKeys (ConfUtils.java:logGet(43)) - raft.server.leader.election.timeout = 120s (custom)
2019-09-20 08:29:29,545 [pool-49-thread-1] INFO  server.RaftServerConfigKeys (ConfUtils.java:logGet(43)) - raft.server.log.use.memory = false (default)
2019-09-20 08:29:29,545 [pool-49-thread-1] INFO  server.RaftServerConfigKeys (ConfUtils.java:logGet(43)) - raft.server.log.purge.gap = 1000000 (custom)
2019-09-20 08:29:29,546 [pool-49-thread-1] INFO  server.RaftServerConfigKeys (ConfUtils.java:logGet(43)) - raft.server.log.appender.buffer.byte-limit = 33554432 (custom)
2019-09-20 08:29:29,546 [pool-49-thread-1] INFO  server.RaftServerConfigKeys (ConfUtils.java:logGet(43)) - raft.server.log.segment.size.max = 1048576 (custom)
2019-09-20 08:29:29,546 [pool-49-thread-1] INFO  server.RaftServerConfigKeys (ConfUtils.java:logGet(43)) - raft.server.log.segment.cache.num.max = 2 (custom)
2019-09-20 08:29:29,546 [pool-49-thread-1] INFO  segmented.SegmentedRaftLogWorker (SegmentedRaftLogWorker.java:<init>(172)) - new b348fd93-74e1-48ea-bc11-2098387e019e-SegmentedRaftLogWorker:Storage Directory /workdir/hadoop-ozone/tools/target/test-dir/MiniOzoneClusterImpl-d51e23b7-a35f-4296-b546-392ac43315b2/datanode-2/data/ratis/0414d888-26ef-4f42-813f-c4a419451954 for RaftStorage:Storage Directory /workdir/hadoop-ozone/tools/target/test-dir/MiniOzoneClusterImpl-d51e23b7-a35f-4296-b546-392ac43315b2/datanode-2/data/ratis/0414d888-26ef-4f42-813f-c4a419451954
2019-09-20 08:29:29,546 [pool-49-thread-1] INFO  server.RaftServerConfigKeys (ConfUtils.java:logGet(43)) - raft.server.log.queue.byte-limit = 2147483647 (custom)
2019-09-20 08:29:29,546 [pool-49-thread-1] INFO  server.RaftServerConfigKeys (ConfUtils.java:logGet(43)) - raft.server.log.queue.element-limit = 1024 (custom)
2019-09-20 08:29:29,546 [pool-49-thread-1] INFO  server.RaftServerConfigKeys (ConfUtils.java:logGet(43)) - raft.server.log.segment.size.max = 1048576 (custom)
2019-09-20 08:29:29,547 [pool-49-thread-1] INFO  server.RaftServerConfigKeys (ConfUtils.java:logGet(43)) - raft.server.log.preallocated.size = 16384 (custom)
2019-09-20 08:29:29,547 [pool-49-thread-1] INFO  server.RaftServerConfigKeys (ConfUtils.java:logGet(43)) - raft.server.log.write.buffer.size = 33554432 (custom)
2019-09-20 08:29:29,547 [pool-49-thread-1] INFO  server.RaftServerConfigKeys (ConfUtils.java:logGet(43)) - raft.server.log.force.sync.num = 128 (default)
2019-09-20 08:29:29,547 [pool-49-thread-1] INFO  server.RaftServerConfigKeys (ConfUtils.java:logGet(43)) - raft.server.log.statemachine.data.sync = true (default)
2019-09-20 08:29:29,547 [pool-49-thread-1] INFO  server.RaftServerConfigKeys (ConfUtils.java:logGet(43)) - raft.server.log.statemachine.data.sync.timeout = 10s (default)
2019-09-20 08:29:29,547 [pool-49-thread-1] INFO  server.RaftServerConfigKeys (ConfUtils.java:logGet(43)) - raft.server.log.statemachine.data.sync.timeout.retry = -1 (default)
2019-09-20 08:29:29,547 [pool-49-thread-1] INFO  server.RaftServerConfigKeys (ConfUtils.java:logGet(43)) - raft.server.log.statemachine.data.caching.enabled = true (custom)
2019-09-20 08:29:29,548 [pool-49-thread-1] INFO  segmented.SegmentedRaftLogWorker (SegmentedRaftLogWorker.java:lambda$new$0(132)) - b348fd93-74e1-48ea-bc11-2098387e019e-SegmentedRaftLogWorker:Storage Directory /workdir/hadoop-ozone/tools/target/test-dir/MiniOzoneClusterImpl-d51e23b7-a35f-4296-b546-392ac43315b2/datanode-2/data/ratis/0414d888-26ef-4f42-813f-c4a419451954: flushIndex: setUnconditionally 0 -> -1
2019-09-20 08:29:29,548 [pool-49-thread-1] INFO  server.RaftServerConfigKeys (ConfUtils.java:logGet(43)) - raft.server.snapshot.auto.trigger.enabled = true (custom)
2019-09-20 08:29:29,548 [pool-49-thread-1] INFO  server.RaftServerConfigKeys (ConfUtils.java:logGet(43)) - raft.server.snapshot.auto.trigger.threshold = 10000 (custom)
2019-09-20 08:29:29,549 [pool-49-thread-1] INFO  server.RaftServerConfigKeys (ConfUtils.java:logGet(43)) - raft.server.retrycache.expirytime = 600000ms (custom)
2019-09-20 08:29:29,549 [pool-49-thread-1] INFO  impl.RaftServerImpl (RaftServerImpl.java:start(180)) - b348fd93-74e1-48ea-bc11-2098387e019e: start group-C4A419451954
2019-09-20 08:29:29,549 [pool-49-thread-1] INFO  impl.RaftServerImpl (RaftServerImpl.java:setRole(171)) - b348fd93-74e1-48ea-bc11-2098387e019e:group-C4A419451954 changes role from null to FOLLOWER at term 0 for startAsFollower
2019-09-20 08:29:29,549 [pool-49-thread-1] INFO  impl.RoleInfo (RoleInfo.java:updateAndGet(143)) - b348fd93-74e1-48ea-bc11-2098387e019e: start FollowerState
2019-09-20 08:29:29,549 [pool-49-thread-1] INFO  util.JmxRegister (JmxRegister.java:tryRegister(44)) - Successfully registered JMX Bean with object name Ratis:service=RaftServer,group=group-C4A419451954,id=b348fd93-74e1-48ea-bc11-2098387e019e
2019-09-20 08:29:29,555 [pool-56-thread-2] INFO  rpc.RpcClient (RpcClient.java:createBucket(432)) - Creating Bucket: vol-0-70030/bucket-0-82795, with Versioning false and Storage Type set to DISK and Encryption set to false 
2019-09-20 08:29:29,560 [RatisPipelineUtilsThread] INFO  pipeline.PipelineStateManager (PipelineStateManager.java:addPipeline(56)) - Created pipeline Pipeline[ Id: 0414d888-26ef-4f42-813f-c4a419451954, Nodes: b348fd93-74e1-48ea-bc11-2098387e019e{ip: 192.168.34.27, host: pr-hdds-1569-6tbh6-3362816358, networkLocation: /default-rack, certSerialId: null}, Type:RATIS, Factor:ONE, State:OPEN]
2019-09-20 08:29:29,575 [grpc-default-executor-0] INFO  impl.RaftServerProxy (RaftServerProxy.java:addNew(89)) - b348fd93-74e1-48ea-bc11-2098387e019e: addNew group-03AFBAB94623:[b348fd93-74e1-48ea-bc11-2098387e019e:192.168.34.27:38321] returns group-03AFBAB94623:java.util.concurrent.CompletableFuture@15449682[Not completed]
2019-09-20 08:29:29,579 [pool-49-thread-1] INFO  impl.RaftServerImpl (RaftServerImpl.java:<init>(93)) - b348fd93-74e1-48ea-bc11-2098387e019e: new RaftServerImpl for group-03AFBAB94623:[b348fd93-74e1-48ea-bc11-2098387e019e:192.168.34.27:38321] with ContainerStateMachine:uninitialized
2019-09-20 08:29:29,579 [pool-49-thread-1] INFO  server.RaftServerConfigKeys (ConfUtils.java:logGet(43)) - raft.server.rpc.timeout.min = 5s (custom)
2019-09-20 08:29:29,579 [pool-49-thread-1] INFO  server.RaftServerConfigKeys (ConfUtils.java:logGet(43)) - raft.server.rpc.timeout.max = 5200ms (custom)
2019-09-20 08:29:29,579 [pool-49-thread-1] INFO  server.RaftServerConfigKeys (ConfUtils.java:logGet(43)) - raft.server.rpcslowness.timeout = 120s (custom)
2019-09-20 08:29:29,579 [pool-49-thread-1] INFO  server.RaftServerConfigKeys (ConfUtils.java:logGet(43)) - raft.server.sleep.deviation.threshold = 300 (default)
2019-09-20 08:29:29,580 [pool-49-thread-1] INFO  server.RaftServerConfigKeys (ConfUtils.java:logGet(43)) - raft.server.log.appender.install.snapshot.enabled = false (custom)
2019-09-20 08:29:29,580 [pool-49-thread-1] INFO  impl.RaftServerImpl (ServerState.java:<init>(105)) - b348fd93-74e1-48ea-bc11-2098387e019e:group-03AFBAB94623 ConfigurationManager, init=-1: [b348fd93-74e1-48ea-bc11-2098387e019e:192.168.34.27:38321], old=null, confs=<EMPTY_MAP>
2019-09-20 08:29:29,580 [pool-49-thread-1] INFO  server.RaftServerConfigKeys (ConfUtils.java:logGet(43)) - raft.server.storage.dir = [/workdir/hadoop-ozone/tools/target/test-dir/MiniOzoneClusterImpl-d51e23b7-a35f-4296-b546-392ac43315b2/datanode-2/data/ratis] (custom)
2019-09-20 08:29:29,580 [pool-49-thread-1] INFO  storage.RaftStorageDirectory (RaftStorageDirectory.java:analyzeStorage(246)) - The storage directory /workdir/hadoop-ozone/tools/target/test-dir/MiniOzoneClusterImpl-d51e23b7-a35f-4296-b546-392ac43315b2/datanode-2/data/ratis/d26e197a-5dd7-4a02-93d4-03afbab94623 does not exist. Creating ...
2019-09-20 08:29:29,585 | INFO  | OMAudit | user=jenkins1000 | ip=127.0.0.1 | op=CREATE_BUCKET {volume=vol-0-70030, bucket=bucket-0-82795, acls=[user:jenkins1000:a[ACCESS], group:default:a[ACCESS]], isVersionEnabled=false, storageType=DISK, creationTime=0} | ret=SUCCESS |  
2019-09-20 08:29:29,592 | INFO  | OMAudit | user=jenkins1000 | ip=127.0.0.1 | op=READ_BUCKET {volume=vol-0-70030, bucket=bucket-0-82795} | ret=SUCCESS |  
2019-09-20 08:29:29,593 [pool-49-thread-1] INFO  storage.RaftStorageDirectory (RaftStorageDirectory.java:tryLock(328)) - Lock on /workdir/hadoop-ozone/tools/target/test-dir/MiniOzoneClusterImpl-d51e23b7-a35f-4296-b546-392ac43315b2/datanode-2/data/ratis/d26e197a-5dd7-4a02-93d4-03afbab94623/in_use.lock acquired by nodename 2528@pr-hdds-1569-6tbh6-3362816358
2019-09-20 08:29:29,606 [pool-49-thread-1] INFO  storage.RaftStorage (RaftStorage.java:format(72)) - Storage directory /workdir/hadoop-ozone/tools/target/test-dir/MiniOzoneClusterImpl-d51e23b7-a35f-4296-b546-392ac43315b2/datanode-2/data/ratis/d26e197a-5dd7-4a02-93d4-03afbab94623 has been successfully formatted.
2019-09-20 08:29:29,606 [pool-49-thread-1] INFO  ratis.ContainerStateMachine (ContainerStateMachine.java:loadSnapshot(226)) - group-03AFBAB94623: The snapshot info is null. Setting the last applied indexto:(t:0, i:~)
2019-09-20 08:29:29,607 [pool-49-thread-1] INFO  server.RaftServerConfigKeys (ConfUtils.java:logGet(43)) - raft.server.leader.election.timeout = 120s (custom)
2019-09-20 08:29:29,607 [pool-49-thread-1] INFO  server.RaftServerConfigKeys (ConfUtils.java:logGet(43)) - raft.server.log.use.memory = false (default)
2019-09-20 08:29:29,607 [pool-49-thread-1] INFO  server.RaftServerConfigKeys (ConfUtils.java:logGet(43)) - raft.server.log.purge.gap = 1000000 (custom)
2019-09-20 08:29:29,607 [pool-49-thread-1] INFO  server.RaftServerConfigKeys (ConfUtils.java:logGet(43)) - raft.server.log.appender.buffer.byte-limit = 33554432 (custom)
2019-09-20 08:29:29,607 [pool-49-thread-1] INFO  server.RaftServerConfigKeys (ConfUtils.java:logGet(43)) - raft.server.log.segment.size.max = 1048576 (custom)
2019-09-20 08:29:29,607 [pool-49-thread-1] INFO  server.RaftServerConfigKeys (ConfUtils.java:logGet(43)) - raft.server.log.segment.cache.num.max = 2 (custom)
2019-09-20 08:29:29,607 [pool-49-thread-1] INFO  segmented.SegmentedRaftLogWorker (SegmentedRaftLogWorker.java:<init>(172)) - new b348fd93-74e1-48ea-bc11-2098387e019e-SegmentedRaftLogWorker:Storage Directory /workdir/hadoop-ozone/tools/target/test-dir/MiniOzoneClusterImpl-d51e23b7-a35f-4296-b546-392ac43315b2/datanode-2/data/ratis/d26e197a-5dd7-4a02-93d4-03afbab94623 for RaftStorage:Storage Directory /workdir/hadoop-ozone/tools/target/test-dir/MiniOzoneClusterImpl-d51e23b7-a35f-4296-b546-392ac43315b2/datanode-2/data/ratis/d26e197a-5dd7-4a02-93d4-03afbab94623
2019-09-20 08:29:29,608 [pool-49-thread-1] INFO  server.RaftServerConfigKeys (ConfUtils.java:logGet(43)) - raft.server.log.queue.byte-limit = 2147483647 (custom)
2019-09-20 08:29:29,608 [pool-49-thread-1] INFO  server.RaftServerConfigKeys (ConfUtils.java:logGet(43)) - raft.server.log.queue.element-limit = 1024 (custom)
2019-09-20 08:29:29,608 [pool-49-thread-1] INFO  server.RaftServerConfigKeys (ConfUtils.java:logGet(43)) - raft.server.log.segment.size.max = 1048576 (custom)
2019-09-20 08:29:29,608 [pool-49-thread-1] INFO  server.RaftServerConfigKeys (ConfUtils.java:logGet(43)) - raft.server.log.preallocated.size = 16384 (custom)
2019-09-20 08:29:29,608 [pool-49-thread-1] INFO  server.RaftServerConfigKeys (ConfUtils.java:logGet(43)) - raft.server.log.write.buffer.size = 33554432 (custom)
2019-09-20 08:29:29,609 [pool-49-thread-1] INFO  server.RaftServerConfigKeys (ConfUtils.java:logGet(43)) - raft.server.log.force.sync.num = 128 (default)
2019-09-20 08:29:29,609 [pool-49-thread-1] INFO  server.RaftServerConfigKeys (ConfUtils.java:logGet(43)) - raft.server.log.statemachine.data.sync = true (default)
2019-09-20 08:29:29,609 [pool-49-thread-1] INFO  server.RaftServerConfigKeys (ConfUtils.java:logGet(43)) - raft.server.log.statemachine.data.sync.timeout = 10s (default)
2019-09-20 08:29:29,609 [pool-49-thread-1] INFO  server.RaftServerConfigKeys (ConfUtils.java:logGet(43)) - raft.server.log.statemachine.data.sync.timeout.retry = -1 (default)
2019-09-20 08:29:29,609 [pool-49-thread-1] INFO  server.RaftServerConfigKeys (ConfUtils.java:logGet(43)) - raft.server.log.statemachine.data.caching.enabled = true (custom)
2019-09-20 08:29:29,610 [pool-49-thread-1] INFO  segmented.SegmentedRaftLogWorker (SegmentedRaftLogWorker.java:lambda$new$0(132)) - b348fd93-74e1-48ea-bc11-2098387e019e-SegmentedRaftLogWorker:Storage Directory /workdir/hadoop-ozone/tools/target/test-dir/MiniOzoneClusterImpl-d51e23b7-a35f-4296-b546-392ac43315b2/datanode-2/data/ratis/d26e197a-5dd7-4a02-93d4-03afbab94623: flushIndex: setUnconditionally 0 -> -1
2019-09-20 08:29:29,610 [pool-49-thread-1] INFO  server.RaftServerConfigKeys (ConfUtils.java:logGet(43)) - raft.server.snapshot.auto.trigger.enabled = true (custom)
2019-09-20 08:29:29,611 [pool-49-thread-1] INFO  server.RaftServerConfigKeys (ConfUtils.java:logGet(43)) - raft.server.snapshot.auto.trigger.threshold = 10000 (custom)
2019-09-20 08:29:29,612 [pool-49-thread-1] INFO  server.RaftServerConfigKeys (ConfUtils.java:logGet(43)) - raft.server.retrycache.expirytime = 600000ms (custom)
2019-09-20 08:29:29,612 [pool-49-thread-1] INFO  impl.RaftServerImpl (RaftServerImpl.java:start(180)) - b348fd93-74e1-48ea-bc11-2098387e019e: start group-03AFBAB94623
2019-09-20 08:29:29,612 [pool-49-thread-1] INFO  impl.RaftServerImpl (RaftServerImpl.java:setRole(171)) - b348fd93-74e1-48ea-bc11-2098387e019e:group-03AFBAB94623 changes role from null to FOLLOWER at term 0 for startAsFollower
2019-09-20 08:29:29,612 [pool-49-thread-1] INFO  impl.RoleInfo (RoleInfo.java:updateAndGet(143)) - b348fd93-74e1-48ea-bc11-2098387e019e: start FollowerState
2019-09-20 08:29:29,613 [pool-49-thread-1] INFO  util.JmxRegister (JmxRegister.java:tryRegister(44)) - Successfully registered JMX Bean with object name Ratis:service=RaftServer,group=group-03AFBAB94623,id=b348fd93-74e1-48ea-bc11-2098387e019e
2019-09-20 08:29:29,621 [RatisPipelineUtilsThread] INFO  pipeline.PipelineStateManager (PipelineStateManager.java:addPipeline(56)) - Created pipeline Pipeline[ Id: d26e197a-5dd7-4a02-93d4-03afbab94623, Nodes: b348fd93-74e1-48ea-bc11-2098387e019e{ip: 192.168.34.27, host: pr-hdds-1569-6tbh6-3362816358, networkLocation: /default-rack, certSerialId: null}, Type:RATIS, Factor:ONE, State:OPEN]
2019-09-20 08:29:29,622 [RatisPipelineUtilsThread] INFO  pipeline.PipelinePlacementPolicy (PipelinePlacementPolicy.java:meetCriteria(91)) - Pipeline Placement: Doesn't meet the criteria to be viable node： b348fd93-74e1-48ea-bc11-2098387e019e Heaviness: 6 limit: 5
2019-09-20 08:29:29,625 | INFO  | SCMAudit | user=jenkins1000 | ip=192.168.34.27 | op=SEND_HEARTBEAT {datanodeUUID=977c6be4-088e-49bb-bd18-954d6d3cf26e, command=[]} | ret=SUCCESS |  
2019-09-20 08:29:29,637 [grpc-default-executor-0] INFO  impl.RaftServerProxy (RaftServerProxy.java:addNew(89)) - 977c6be4-088e-49bb-bd18-954d6d3cf26e: addNew group-56113EE9A5B5:[977c6be4-088e-49bb-bd18-954d6d3cf26e:192.168.34.27:41596] returns group-56113EE9A5B5:java.util.concurrent.CompletableFuture@27be6ea3[Not completed]
2019-09-20 08:29:29,640 [pool-38-thread-1] INFO  impl.RaftServerImpl (RaftServerImpl.java:<init>(93)) - 977c6be4-088e-49bb-bd18-954d6d3cf26e: new RaftServerImpl for group-56113EE9A5B5:[977c6be4-088e-49bb-bd18-954d6d3cf26e:192.168.34.27:41596] with ContainerStateMachine:uninitialized
2019-09-20 08:29:29,640 [pool-38-thread-1] INFO  server.RaftServerConfigKeys (ConfUtils.java:logGet(43)) - raft.server.rpc.timeout.min = 5s (custom)
2019-09-20 08:29:29,640 [pool-38-thread-1] INFO  server.RaftServerConfigKeys (ConfUtils.java:logGet(43)) - raft.server.rpc.timeout.max = 5200ms (custom)
2019-09-20 08:29:29,640 [pool-38-thread-1] INFO  server.RaftServerConfigKeys (ConfUtils.java:logGet(43)) - raft.server.rpcslowness.timeout = 120s (custom)
2019-09-20 08:29:29,640 [pool-38-thread-1] INFO  server.RaftServerConfigKeys (ConfUtils.java:logGet(43)) - raft.server.sleep.deviation.threshold = 300 (default)
2019-09-20 08:29:29,640 [pool-38-thread-1] INFO  server.RaftServerConfigKeys (ConfUtils.java:logGet(43)) - raft.server.log.appender.install.snapshot.enabled = false (custom)
2019-09-20 08:29:29,641 [pool-38-thread-1] INFO  impl.RaftServerImpl (ServerState.java:<init>(105)) - 977c6be4-088e-49bb-bd18-954d6d3cf26e:group-56113EE9A5B5 ConfigurationManager, init=-1: [977c6be4-088e-49bb-bd18-954d6d3cf26e:192.168.34.27:41596], old=null, confs=<EMPTY_MAP>
2019-09-20 08:29:29,641 [pool-38-thread-1] INFO  server.RaftServerConfigKeys (ConfUtils.java:logGet(43)) - raft.server.storage.dir = [/workdir/hadoop-ozone/tools/target/test-dir/MiniOzoneClusterImpl-d51e23b7-a35f-4296-b546-392ac43315b2/datanode-1/data/ratis] (custom)
2019-09-20 08:29:29,641 [pool-38-thread-1] INFO  storage.RaftStorageDirectory (RaftStorageDirectory.java:analyzeStorage(246)) - The storage directory /workdir/hadoop-ozone/tools/target/test-dir/MiniOzoneClusterImpl-d51e23b7-a35f-4296-b546-392ac43315b2/datanode-1/data/ratis/c48d0f65-8318-421e-8132-56113ee9a5b5 does not exist. Creating ...
2019-09-20 08:29:29,654 [pool-38-thread-1] INFO  storage.RaftStorageDirectory (RaftStorageDirectory.java:tryLock(328)) - Lock on /workdir/hadoop-ozone/tools/target/test-dir/MiniOzoneClusterImpl-d51e23b7-a35f-4296-b546-392ac43315b2/datanode-1/data/ratis/c48d0f65-8318-421e-8132-56113ee9a5b5/in_use.lock acquired by nodename 2528@pr-hdds-1569-6tbh6-3362816358
2019-09-20 08:29:29,667 [pool-38-thread-1] INFO  storage.RaftStorage (RaftStorage.java:format(72)) - Storage directory /workdir/hadoop-ozone/tools/target/test-dir/MiniOzoneClusterImpl-d51e23b7-a35f-4296-b546-392ac43315b2/datanode-1/data/ratis/c48d0f65-8318-421e-8132-56113ee9a5b5 has been successfully formatted.
2019-09-20 08:29:29,667 [pool-38-thread-1] INFO  ratis.ContainerStateMachine (ContainerStateMachine.java:loadSnapshot(226)) - group-56113EE9A5B5: The snapshot info is null. Setting the last applied indexto:(t:0, i:~)
2019-09-20 08:29:29,668 [pool-38-thread-1] INFO  server.RaftServerConfigKeys (ConfUtils.java:logGet(43)) - raft.server.leader.election.timeout = 120s (custom)
2019-09-20 08:29:29,668 [pool-38-thread-1] INFO  server.RaftServerConfigKeys (ConfUtils.java:logGet(43)) - raft.server.log.use.memory = false (default)
2019-09-20 08:29:29,668 [pool-38-thread-1] INFO  server.RaftServerConfigKeys (ConfUtils.java:logGet(43)) - raft.server.log.purge.gap = 1000000 (custom)
2019-09-20 08:29:29,668 [pool-38-thread-1] INFO  server.RaftServerConfigKeys (ConfUtils.java:logGet(43)) - raft.server.log.appender.buffer.byte-limit = 33554432 (custom)
2019-09-20 08:29:29,668 [pool-38-thread-1] INFO  server.RaftServerConfigKeys (ConfUtils.java:logGet(43)) - raft.server.log.segment.size.max = 1048576 (custom)
2019-09-20 08:29:29,668 [pool-38-thread-1] INFO  server.RaftServerConfigKeys (ConfUtils.java:logGet(43)) - raft.server.log.segment.cache.num.max = 2 (custom)
2019-09-20 08:29:29,669 [pool-38-thread-1] INFO  segmented.SegmentedRaftLogWorker (SegmentedRaftLogWorker.java:<init>(172)) - new 977c6be4-088e-49bb-bd18-954d6d3cf26e-SegmentedRaftLogWorker:Storage Directory /workdir/hadoop-ozone/tools/target/test-dir/MiniOzoneClusterImpl-d51e23b7-a35f-4296-b546-392ac43315b2/datanode-1/data/ratis/c48d0f65-8318-421e-8132-56113ee9a5b5 for RaftStorage:Storage Directory /workdir/hadoop-ozone/tools/target/test-dir/MiniOzoneClusterImpl-d51e23b7-a35f-4296-b546-392ac43315b2/datanode-1/data/ratis/c48d0f65-8318-421e-8132-56113ee9a5b5
2019-09-20 08:29:29,669 [pool-38-thread-1] INFO  server.RaftServerConfigKeys (ConfUtils.java:logGet(43)) - raft.server.log.queue.byte-limit = 2147483647 (custom)
2019-09-20 08:29:29,669 [pool-38-thread-1] INFO  server.RaftServerConfigKeys (ConfUtils.java:logGet(43)) - raft.server.log.queue.element-limit = 1024 (custom)
2019-09-20 08:29:29,669 [pool-38-thread-1] INFO  server.RaftServerConfigKeys (ConfUtils.java:logGet(43)) - raft.server.log.segment.size.max = 1048576 (custom)
2019-09-20 08:29:29,669 [pool-38-thread-1] INFO  server.RaftServerConfigKeys (ConfUtils.java:logGet(43)) - raft.server.log.preallocated.size = 16384 (custom)
2019-09-20 08:29:29,669 [pool-38-thread-1] INFO  server.RaftServerConfigKeys (ConfUtils.java:logGet(43)) - raft.server.log.write.buffer.size = 33554432 (custom)
2019-09-20 08:29:29,670 [pool-38-thread-1] INFO  server.RaftServerConfigKeys (ConfUtils.java:logGet(43)) - raft.server.log.force.sync.num = 128 (default)
2019-09-20 08:29:29,670 [pool-38-thread-1] INFO  server.RaftServerConfigKeys (ConfUtils.java:logGet(43)) - raft.server.log.statemachine.data.sync = true (default)
2019-09-20 08:29:29,670 [pool-38-thread-1] INFO  server.RaftServerConfigKeys (ConfUtils.java:logGet(43)) - raft.server.log.statemachine.data.sync.timeout = 10s (default)
2019-09-20 08:29:29,670 [pool-38-thread-1] INFO  server.RaftServerConfigKeys (ConfUtils.java:logGet(43)) - raft.server.log.statemachine.data.sync.timeout.retry = -1 (default)
2019-09-20 08:29:29,670 [pool-38-thread-1] INFO  server.RaftServerConfigKeys (ConfUtils.java:logGet(43)) - raft.server.log.statemachine.data.caching.enabled = true (custom)
2019-09-20 08:29:29,671 [pool-38-thread-1] INFO  segmented.SegmentedRaftLogWorker (SegmentedRaftLogWorker.java:lambda$new$0(132)) - 977c6be4-088e-49bb-bd18-954d6d3cf26e-SegmentedRaftLogWorker:Storage Directory /workdir/hadoop-ozone/tools/target/test-dir/MiniOzoneClusterImpl-d51e23b7-a35f-4296-b546-392ac43315b2/datanode-1/data/ratis/c48d0f65-8318-421e-8132-56113ee9a5b5: flushIndex: setUnconditionally 0 -> -1
2019-09-20 08:29:29,671 [pool-38-thread-1] INFO  server.RaftServerConfigKeys (ConfUtils.java:logGet(43)) - raft.server.snapshot.auto.trigger.enabled = true (custom)
2019-09-20 08:29:29,671 [pool-38-thread-1] INFO  server.RaftServerConfigKeys (ConfUtils.java:logGet(43)) - raft.server.snapshot.auto.trigger.threshold = 10000 (custom)
2019-09-20 08:29:29,671 [pool-38-thread-1] INFO  server.RaftServerConfigKeys (ConfUtils.java:logGet(43)) - raft.server.retrycache.expirytime = 600000ms (custom)
2019-09-20 08:29:29,672 [pool-38-thread-1] INFO  impl.RaftServerImpl (RaftServerImpl.java:start(180)) - 977c6be4-088e-49bb-bd18-954d6d3cf26e: start group-56113EE9A5B5
2019-09-20 08:29:29,672 [pool-38-thread-1] INFO  impl.RaftServerImpl (RaftServerImpl.java:setRole(171)) - 977c6be4-088e-49bb-bd18-954d6d3cf26e:group-56113EE9A5B5 changes role from null to FOLLOWER at term 0 for startAsFollower
2019-09-20 08:29:29,672 [pool-38-thread-1] INFO  impl.RoleInfo (RoleInfo.java:updateAndGet(143)) - 977c6be4-088e-49bb-bd18-954d6d3cf26e: start FollowerState
2019-09-20 08:29:29,672 [pool-38-thread-1] INFO  util.JmxRegister (JmxRegister.java:tryRegister(44)) - Successfully registered JMX Bean with object name Ratis:service=RaftServer,group=group-56113EE9A5B5,id=977c6be4-088e-49bb-bd18-954d6d3cf26e
2019-09-20 08:29:29,680 [RatisPipelineUtilsThread] INFO  pipeline.PipelineStateManager (PipelineStateManager.java:addPipeline(56)) - Created pipeline Pipeline[ Id: c48d0f65-8318-421e-8132-56113ee9a5b5, Nodes: 977c6be4-088e-49bb-bd18-954d6d3cf26e{ip: 192.168.34.27, host: pr-hdds-1569-6tbh6-3362816358, networkLocation: /default-rack, certSerialId: null}, Type:RATIS, Factor:ONE, State:OPEN]
2019-09-20 08:29:29,682 [RatisPipelineUtilsThread] INFO  pipeline.PipelinePlacementPolicy (PipelinePlacementPolicy.java:meetCriteria(91)) - Pipeline Placement: Doesn't meet the criteria to be viable node： b348fd93-74e1-48ea-bc11-2098387e019e Heaviness: 6 limit: 5
2019-09-20 08:29:29,693 [grpc-default-executor-0] INFO  impl.RaftServerProxy (RaftServerProxy.java:addNew(89)) - 62869313-87e7-4095-b37c-6162291b45c6: addNew group-E3A397DCDBEB:[62869313-87e7-4095-b37c-6162291b45c6:192.168.34.27:38218] returns group-E3A397DCDBEB:java.util.concurrent.CompletableFuture@8195539[Not completed]
2019-09-20 08:29:29,694 [pool-27-thread-1] INFO  impl.RaftServerImpl (RaftServerImpl.java:<init>(93)) - 62869313-87e7-4095-b37c-6162291b45c6: new RaftServerImpl for group-E3A397DCDBEB:[62869313-87e7-4095-b37c-6162291b45c6:192.168.34.27:38218] with ContainerStateMachine:uninitialized
2019-09-20 08:29:29,694 [pool-27-thread-1] INFO  server.RaftServerConfigKeys (ConfUtils.java:logGet(43)) - raft.server.rpc.timeout.min = 5s (custom)
2019-09-20 08:29:29,694 [pool-27-thread-1] INFO  server.RaftServerConfigKeys (ConfUtils.java:logGet(43)) - raft.server.rpc.timeout.max = 5200ms (custom)
2019-09-20 08:29:29,694 [pool-27-thread-1] INFO  server.RaftServerConfigKeys (ConfUtils.java:logGet(43)) - raft.server.rpcslowness.timeout = 120s (custom)
2019-09-20 08:29:29,694 [pool-27-thread-1] INFO  server.RaftServerConfigKeys (ConfUtils.java:logGet(43)) - raft.server.sleep.deviation.threshold = 300 (default)
2019-09-20 08:29:29,694 [pool-27-thread-1] INFO  server.RaftServerConfigKeys (ConfUtils.java:logGet(43)) - raft.server.log.appender.install.snapshot.enabled = false (custom)
2019-09-20 08:29:29,694 [pool-27-thread-1] INFO  impl.RaftServerImpl (ServerState.java:<init>(105)) - 62869313-87e7-4095-b37c-6162291b45c6:group-E3A397DCDBEB ConfigurationManager, init=-1: [62869313-87e7-4095-b37c-6162291b45c6:192.168.34.27:38218], old=null, confs=<EMPTY_MAP>
2019-09-20 08:29:29,695 [pool-27-thread-1] INFO  server.RaftServerConfigKeys (ConfUtils.java:logGet(43)) - raft.server.storage.dir = [/workdir/hadoop-ozone/tools/target/test-dir/MiniOzoneClusterImpl-d51e23b7-a35f-4296-b546-392ac43315b2/datanode-0/data/ratis] (custom)
2019-09-20 08:29:29,695 [pool-27-thread-1] INFO  storage.RaftStorageDirectory (RaftStorageDirectory.java:analyzeStorage(246)) - The storage directory /workdir/hadoop-ozone/tools/target/test-dir/MiniOzoneClusterImpl-d51e23b7-a35f-4296-b546-392ac43315b2/datanode-0/data/ratis/88a77aec-1cd9-4432-8b65-e3a397dcdbeb does not exist. Creating ...
2019-09-20 08:29:29,708 [pool-27-thread-1] INFO  storage.RaftStorageDirectory (RaftStorageDirectory.java:tryLock(328)) - Lock on /workdir/hadoop-ozone/tools/target/test-dir/MiniOzoneClusterImpl-d51e23b7-a35f-4296-b546-392ac43315b2/datanode-0/data/ratis/88a77aec-1cd9-4432-8b65-e3a397dcdbeb/in_use.lock acquired by nodename 2528@pr-hdds-1569-6tbh6-3362816358
2019-09-20 08:29:29,722 [pool-27-thread-1] INFO  storage.RaftStorage (RaftStorage.java:format(72)) - Storage directory /workdir/hadoop-ozone/tools/target/test-dir/MiniOzoneClusterImpl-d51e23b7-a35f-4296-b546-392ac43315b2/datanode-0/data/ratis/88a77aec-1cd9-4432-8b65-e3a397dcdbeb has been successfully formatted.
2019-09-20 08:29:29,722 [pool-27-thread-1] INFO  ratis.ContainerStateMachine (ContainerStateMachine.java:loadSnapshot(226)) - group-E3A397DCDBEB: The snapshot info is null. Setting the last applied indexto:(t:0, i:~)
2019-09-20 08:29:29,722 [pool-27-thread-1] INFO  server.RaftServerConfigKeys (ConfUtils.java:logGet(43)) - raft.server.leader.election.timeout = 120s (custom)
2019-09-20 08:29:29,722 [pool-27-thread-1] INFO  server.RaftServerConfigKeys (ConfUtils.java:logGet(43)) - raft.server.log.use.memory = false (default)
2019-09-20 08:29:29,722 [pool-27-thread-1] INFO  server.RaftServerConfigKeys (ConfUtils.java:logGet(43)) - raft.server.log.purge.gap = 1000000 (custom)
2019-09-20 08:29:29,722 [pool-27-thread-1] INFO  server.RaftServerConfigKeys (ConfUtils.java:logGet(43)) - raft.server.log.appender.buffer.byte-limit = 33554432 (custom)
2019-09-20 08:29:29,723 [pool-27-thread-1] INFO  server.RaftServerConfigKeys (ConfUtils.java:logGet(43)) - raft.server.log.segment.size.max = 1048576 (custom)
2019-09-20 08:29:29,723 [pool-27-thread-1] INFO  server.RaftServerConfigKeys (ConfUtils.java:logGet(43)) - raft.server.log.segment.cache.num.max = 2 (custom)
2019-09-20 08:29:29,723 [pool-27-thread-1] INFO  segmented.SegmentedRaftLogWorker (SegmentedRaftLogWorker.java:<init>(172)) - new 62869313-87e7-4095-b37c-6162291b45c6-SegmentedRaftLogWorker:Storage Directory /workdir/hadoop-ozone/tools/target/test-dir/MiniOzoneClusterImpl-d51e23b7-a35f-4296-b546-392ac43315b2/datanode-0/data/ratis/88a77aec-1cd9-4432-8b65-e3a397dcdbeb for RaftStorage:Storage Directory /workdir/hadoop-ozone/tools/target/test-dir/MiniOzoneClusterImpl-d51e23b7-a35f-4296-b546-392ac43315b2/datanode-0/data/ratis/88a77aec-1cd9-4432-8b65-e3a397dcdbeb
2019-09-20 08:29:29,723 [pool-27-thread-1] INFO  server.RaftServerConfigKeys (ConfUtils.java:logGet(43)) - raft.server.log.queue.byte-limit = 2147483647 (custom)
2019-09-20 08:29:29,723 [pool-27-thread-1] INFO  server.RaftServerConfigKeys (ConfUtils.java:logGet(43)) - raft.server.log.queue.element-limit = 1024 (custom)
2019-09-20 08:29:29,723 [pool-27-thread-1] INFO  server.RaftServerConfigKeys (ConfUtils.java:logGet(43)) - raft.server.log.segment.size.max = 1048576 (custom)
2019-09-20 08:29:29,723 [pool-27-thread-1] INFO  server.RaftServerConfigKeys (ConfUtils.java:logGet(43)) - raft.server.log.preallocated.size = 16384 (custom)
2019-09-20 08:29:29,724 [pool-27-thread-1] INFO  server.RaftServerConfigKeys (ConfUtils.java:logGet(43)) - raft.server.log.write.buffer.size = 33554432 (custom)
2019-09-20 08:29:29,724 [pool-27-thread-1] INFO  server.RaftServerConfigKeys (ConfUtils.java:logGet(43)) - raft.server.log.force.sync.num = 128 (default)
2019-09-20 08:29:29,724 [pool-27-thread-1] INFO  server.RaftServerConfigKeys (ConfUtils.java:logGet(43)) - raft.server.log.statemachine.data.sync = true (default)
2019-09-20 08:29:29,724 [pool-27-thread-1] INFO  server.RaftServerConfigKeys (ConfUtils.java:logGet(43)) - raft.server.log.statemachine.data.sync.timeout = 10s (default)
2019-09-20 08:29:29,724 [pool-27-thread-1] INFO  server.RaftServerConfigKeys (ConfUtils.java:logGet(43)) - raft.server.log.statemachine.data.sync.timeout.retry = -1 (default)
2019-09-20 08:29:29,724 [pool-27-thread-1] INFO  server.RaftServerConfigKeys (ConfUtils.java:logGet(43)) - raft.server.log.statemachine.data.caching.enabled = true (custom)
2019-09-20 08:29:29,725 [pool-27-thread-1] INFO  segmented.SegmentedRaftLogWorker (SegmentedRaftLogWorker.java:lambda$new$0(132)) - 62869313-87e7-4095-b37c-6162291b45c6-SegmentedRaftLogWorker:Storage Directory /workdir/hadoop-ozone/tools/target/test-dir/MiniOzoneClusterImpl-d51e23b7-a35f-4296-b546-392ac43315b2/datanode-0/data/ratis/88a77aec-1cd9-4432-8b65-e3a397dcdbeb: flushIndex: setUnconditionally 0 -> -1
2019-09-20 08:29:29,725 [pool-27-thread-1] INFO  server.RaftServerConfigKeys (ConfUtils.java:logGet(43)) - raft.server.snapshot.auto.trigger.enabled = true (custom)
2019-09-20 08:29:29,725 [pool-27-thread-1] INFO  server.RaftServerConfigKeys (ConfUtils.java:logGet(43)) - raft.server.snapshot.auto.trigger.threshold = 10000 (custom)
2019-09-20 08:29:29,725 [pool-27-thread-1] INFO  server.RaftServerConfigKeys (ConfUtils.java:logGet(43)) - raft.server.retrycache.expirytime = 600000ms (custom)
2019-09-20 08:29:29,725 [pool-27-thread-1] INFO  impl.RaftServerImpl (RaftServerImpl.java:start(180)) - 62869313-87e7-4095-b37c-6162291b45c6: start group-E3A397DCDBEB
2019-09-20 08:29:29,726 [pool-27-thread-1] INFO  impl.RaftServerImpl (RaftServerImpl.java:setRole(171)) - 62869313-87e7-4095-b37c-6162291b45c6:group-E3A397DCDBEB changes role from null to FOLLOWER at term 0 for startAsFollower
2019-09-20 08:29:29,726 [pool-27-thread-1] INFO  impl.RoleInfo (RoleInfo.java:updateAndGet(143)) - 62869313-87e7-4095-b37c-6162291b45c6: start FollowerState
2019-09-20 08:29:29,726 [pool-27-thread-1] INFO  util.JmxRegister (JmxRegister.java:tryRegister(44)) - Successfully registered JMX Bean with object name Ratis:service=RaftServer,group=group-E3A397DCDBEB,id=62869313-87e7-4095-b37c-6162291b45c6
2019-09-20 08:29:29,735 [RatisPipelineUtilsThread] INFO  pipeline.PipelineStateManager (PipelineStateManager.java:addPipeline(56)) - Created pipeline Pipeline[ Id: 88a77aec-1cd9-4432-8b65-e3a397dcdbeb, Nodes: 62869313-87e7-4095-b37c-6162291b45c6{ip: 192.168.34.27, host: pr-hdds-1569-6tbh6-3362816358, networkLocation: /default-rack, certSerialId: null}, Type:RATIS, Factor:ONE, State:OPEN]
2019-09-20 08:29:29,737 [RatisPipelineUtilsThread] INFO  pipeline.PipelinePlacementPolicy (PipelinePlacementPolicy.java:meetCriteria(91)) - Pipeline Placement: Doesn't meet the criteria to be viable node： b348fd93-74e1-48ea-bc11-2098387e019e Heaviness: 6 limit: 5
2019-09-20 08:29:29,748 [grpc-default-executor-0] INFO  impl.RaftServerProxy (RaftServerProxy.java:addNew(89)) - 977c6be4-088e-49bb-bd18-954d6d3cf26e: addNew group-9647E39AB661:[977c6be4-088e-49bb-bd18-954d6d3cf26e:192.168.34.27:41596] returns group-9647E39AB661:java.util.concurrent.CompletableFuture@5f702f5c[Not completed]
2019-09-20 08:29:29,750 [pool-38-thread-1] INFO  impl.RaftServerImpl (RaftServerImpl.java:<init>(93)) - 977c6be4-088e-49bb-bd18-954d6d3cf26e: new RaftServerImpl for group-9647E39AB661:[977c6be4-088e-49bb-bd18-954d6d3cf26e:192.168.34.27:41596] with ContainerStateMachine:uninitialized
2019-09-20 08:29:29,750 [pool-38-thread-1] INFO  server.RaftServerConfigKeys (ConfUtils.java:logGet(43)) - raft.server.rpc.timeout.min = 5s (custom)
2019-09-20 08:29:29,750 [pool-38-thread-1] INFO  server.RaftServerConfigKeys (ConfUtils.java:logGet(43)) - raft.server.rpc.timeout.max = 5200ms (custom)
2019-09-20 08:29:29,750 [pool-38-thread-1] INFO  server.RaftServerConfigKeys (ConfUtils.java:logGet(43)) - raft.server.rpcslowness.timeout = 120s (custom)
2019-09-20 08:29:29,750 [pool-38-thread-1] INFO  server.RaftServerConfigKeys (ConfUtils.java:logGet(43)) - raft.server.sleep.deviation.threshold = 300 (default)
2019-09-20 08:29:29,750 [pool-38-thread-1] INFO  server.RaftServerConfigKeys (ConfUtils.java:logGet(43)) - raft.server.log.appender.install.snapshot.enabled = false (custom)
2019-09-20 08:29:29,751 [pool-38-thread-1] INFO  impl.RaftServerImpl (ServerState.java:<init>(105)) - 977c6be4-088e-49bb-bd18-954d6d3cf26e:group-9647E39AB661 ConfigurationManager, init=-1: [977c6be4-088e-49bb-bd18-954d6d3cf26e:192.168.34.27:41596], old=null, confs=<EMPTY_MAP>
2019-09-20 08:29:29,751 [pool-38-thread-1] INFO  server.RaftServerConfigKeys (ConfUtils.java:logGet(43)) - raft.server.storage.dir = [/workdir/hadoop-ozone/tools/target/test-dir/MiniOzoneClusterImpl-d51e23b7-a35f-4296-b546-392ac43315b2/datanode-1/data/ratis] (custom)
2019-09-20 08:29:29,751 [pool-38-thread-1] INFO  storage.RaftStorageDirectory (RaftStorageDirectory.java:analyzeStorage(246)) - The storage directory /workdir/hadoop-ozone/tools/target/test-dir/MiniOzoneClusterImpl-d51e23b7-a35f-4296-b546-392ac43315b2/datanode-1/data/ratis/5f2e1cdb-3e3c-4d6a-bda3-9647e39ab661 does not exist. Creating ...
2019-09-20 08:29:29,777 [pool-38-thread-1] INFO  storage.RaftStorageDirectory (RaftStorageDirectory.java:tryLock(328)) - Lock on /workdir/hadoop-ozone/tools/target/test-dir/MiniOzoneClusterImpl-d51e23b7-a35f-4296-b546-392ac43315b2/datanode-1/data/ratis/5f2e1cdb-3e3c-4d6a-bda3-9647e39ab661/in_use.lock acquired by nodename 2528@pr-hdds-1569-6tbh6-3362816358
2019-09-20 08:29:29,789 [pool-38-thread-1] INFO  storage.RaftStorage (RaftStorage.java:format(72)) - Storage directory /workdir/hadoop-ozone/tools/target/test-dir/MiniOzoneClusterImpl-d51e23b7-a35f-4296-b546-392ac43315b2/datanode-1/data/ratis/5f2e1cdb-3e3c-4d6a-bda3-9647e39ab661 has been successfully formatted.
2019-09-20 08:29:29,790 [pool-38-thread-1] INFO  ratis.ContainerStateMachine (ContainerStateMachine.java:loadSnapshot(226)) - group-9647E39AB661: The snapshot info is null. Setting the last applied indexto:(t:0, i:~)
2019-09-20 08:29:29,790 [pool-38-thread-1] INFO  server.RaftServerConfigKeys (ConfUtils.java:logGet(43)) - raft.server.leader.election.timeout = 120s (custom)
2019-09-20 08:29:29,790 [pool-38-thread-1] INFO  server.RaftServerConfigKeys (ConfUtils.java:logGet(43)) - raft.server.log.use.memory = false (default)
2019-09-20 08:29:29,790 [pool-38-thread-1] INFO  server.RaftServerConfigKeys (ConfUtils.java:logGet(43)) - raft.server.log.purge.gap = 1000000 (custom)
2019-09-20 08:29:29,790 [pool-38-thread-1] INFO  server.RaftServerConfigKeys (ConfUtils.java:logGet(43)) - raft.server.log.appender.buffer.byte-limit = 33554432 (custom)
2019-09-20 08:29:29,790 [pool-38-thread-1] INFO  server.RaftServerConfigKeys (ConfUtils.java:logGet(43)) - raft.server.log.segment.size.max = 1048576 (custom)
2019-09-20 08:29:29,791 [pool-38-thread-1] INFO  server.RaftServerConfigKeys (ConfUtils.java:logGet(43)) - raft.server.log.segment.cache.num.max = 2 (custom)
2019-09-20 08:29:29,791 [pool-38-thread-1] INFO  segmented.SegmentedRaftLogWorker (SegmentedRaftLogWorker.java:<init>(172)) - new 977c6be4-088e-49bb-bd18-954d6d3cf26e-SegmentedRaftLogWorker:Storage Directory /workdir/hadoop-ozone/tools/target/test-dir/MiniOzoneClusterImpl-d51e23b7-a35f-4296-b546-392ac43315b2/datanode-1/data/ratis/5f2e1cdb-3e3c-4d6a-bda3-9647e39ab661 for RaftStorage:Storage Directory /workdir/hadoop-ozone/tools/target/test-dir/MiniOzoneClusterImpl-d51e23b7-a35f-4296-b546-392ac43315b2/datanode-1/data/ratis/5f2e1cdb-3e3c-4d6a-bda3-9647e39ab661
2019-09-20 08:29:29,791 [pool-38-thread-1] INFO  server.RaftServerConfigKeys (ConfUtils.java:logGet(43)) - raft.server.log.queue.byte-limit = 2147483647 (custom)
2019-09-20 08:29:29,791 [pool-38-thread-1] INFO  server.RaftServerConfigKeys (ConfUtils.java:logGet(43)) - raft.server.log.queue.element-limit = 1024 (custom)
2019-09-20 08:29:29,791 [pool-38-thread-1] INFO  server.RaftServerConfigKeys (ConfUtils.java:logGet(43)) - raft.server.log.segment.size.max = 1048576 (custom)
2019-09-20 08:29:29,791 [pool-38-thread-1] INFO  server.RaftServerConfigKeys (ConfUtils.java:logGet(43)) - raft.server.log.preallocated.size = 16384 (custom)
2019-09-20 08:29:29,791 [pool-38-thread-1] INFO  server.RaftServerConfigKeys (ConfUtils.java:logGet(43)) - raft.server.log.write.buffer.size = 33554432 (custom)
2019-09-20 08:29:29,792 [pool-38-thread-1] INFO  server.RaftServerConfigKeys (ConfUtils.java:logGet(43)) - raft.server.log.force.sync.num = 128 (default)
2019-09-20 08:29:29,792 [pool-38-thread-1] INFO  server.RaftServerConfigKeys (ConfUtils.java:logGet(43)) - raft.server.log.statemachine.data.sync = true (default)
2019-09-20 08:29:29,792 [pool-38-thread-1] INFO  server.RaftServerConfigKeys (ConfUtils.java:logGet(43)) - raft.server.log.statemachine.data.sync.timeout = 10s (default)
2019-09-20 08:29:29,792 [pool-38-thread-1] INFO  server.RaftServerConfigKeys (ConfUtils.java:logGet(43)) - raft.server.log.statemachine.data.sync.timeout.retry = -1 (default)
2019-09-20 08:29:29,792 [pool-38-thread-1] INFO  server.RaftServerConfigKeys (ConfUtils.java:logGet(43)) - raft.server.log.statemachine.data.caching.enabled = true (custom)
2019-09-20 08:29:29,792 [pool-38-thread-1] INFO  segmented.SegmentedRaftLogWorker (SegmentedRaftLogWorker.java:lambda$new$0(132)) - 977c6be4-088e-49bb-bd18-954d6d3cf26e-SegmentedRaftLogWorker:Storage Directory /workdir/hadoop-ozone/tools/target/test-dir/MiniOzoneClusterImpl-d51e23b7-a35f-4296-b546-392ac43315b2/datanode-1/data/ratis/5f2e1cdb-3e3c-4d6a-bda3-9647e39ab661: flushIndex: setUnconditionally 0 -> -1
2019-09-20 08:29:29,793 [pool-38-thread-1] INFO  server.RaftServerConfigKeys (ConfUtils.java:logGet(43)) - raft.server.snapshot.auto.trigger.enabled = true (custom)
2019-09-20 08:29:29,793 [pool-38-thread-1] INFO  server.RaftServerConfigKeys (ConfUtils.java:logGet(43)) - raft.server.snapshot.auto.trigger.threshold = 10000 (custom)
2019-09-20 08:29:29,793 [pool-38-thread-1] INFO  server.RaftServerConfigKeys (ConfUtils.java:logGet(43)) - raft.server.retrycache.expirytime = 600000ms (custom)
2019-09-20 08:29:29,793 [pool-38-thread-1] INFO  impl.RaftServerImpl (RaftServerImpl.java:start(180)) - 977c6be4-088e-49bb-bd18-954d6d3cf26e: start group-9647E39AB661
2019-09-20 08:29:29,793 [pool-38-thread-1] INFO  impl.RaftServerImpl (RaftServerImpl.java:setRole(171)) - 977c6be4-088e-49bb-bd18-954d6d3cf26e:group-9647E39AB661 changes role from null to FOLLOWER at term 0 for startAsFollower
2019-09-20 08:29:29,794 [pool-38-thread-1] INFO  impl.RoleInfo (RoleInfo.java:updateAndGet(143)) - 977c6be4-088e-49bb-bd18-954d6d3cf26e: start FollowerState
2019-09-20 08:29:29,794 [pool-38-thread-1] INFO  util.JmxRegister (JmxRegister.java:tryRegister(44)) - Successfully registered JMX Bean with object name Ratis:service=RaftServer,group=group-9647E39AB661,id=977c6be4-088e-49bb-bd18-954d6d3cf26e
2019-09-20 08:29:29,799 [RatisPipelineUtilsThread] INFO  pipeline.PipelineStateManager (PipelineStateManager.java:addPipeline(56)) - Created pipeline Pipeline[ Id: 5f2e1cdb-3e3c-4d6a-bda3-9647e39ab661, Nodes: 977c6be4-088e-49bb-bd18-954d6d3cf26e{ip: 192.168.34.27, host: pr-hdds-1569-6tbh6-3362816358, networkLocation: /default-rack, certSerialId: null}, Type:RATIS, Factor:ONE, State:OPEN]
2019-09-20 08:29:29,801 [RatisPipelineUtilsThread] INFO  pipeline.PipelinePlacementPolicy (PipelinePlacementPolicy.java:meetCriteria(91)) - Pipeline Placement: Doesn't meet the criteria to be viable node： b348fd93-74e1-48ea-bc11-2098387e019e Heaviness: 6 limit: 5
2019-09-20 08:29:29,813 [grpc-default-executor-0] INFO  impl.RaftServerProxy (RaftServerProxy.java:addNew(89)) - 62869313-87e7-4095-b37c-6162291b45c6: addNew group-3FD65DC1DF1A:[62869313-87e7-4095-b37c-6162291b45c6:192.168.34.27:38218] returns group-3FD65DC1DF1A:java.util.concurrent.CompletableFuture@4c51f9ce[Not completed]
2019-09-20 08:29:29,815 [pool-27-thread-1] INFO  impl.RaftServerImpl (RaftServerImpl.java:<init>(93)) - 62869313-87e7-4095-b37c-6162291b45c6: new RaftServerImpl for group-3FD65DC1DF1A:[62869313-87e7-4095-b37c-6162291b45c6:192.168.34.27:38218] with ContainerStateMachine:uninitialized
2019-09-20 08:29:29,816 [pool-27-thread-1] INFO  server.RaftServerConfigKeys (ConfUtils.java:logGet(43)) - raft.server.rpc.timeout.min = 5s (custom)
2019-09-20 08:29:29,816 [pool-27-thread-1] INFO  server.RaftServerConfigKeys (ConfUtils.java:logGet(43)) - raft.server.rpc.timeout.max = 5200ms (custom)
2019-09-20 08:29:29,816 [pool-27-thread-1] INFO  server.RaftServerConfigKeys (ConfUtils.java:logGet(43)) - raft.server.rpcslowness.timeout = 120s (custom)
2019-09-20 08:29:29,816 [pool-27-thread-1] INFO  server.RaftServerConfigKeys (ConfUtils.java:logGet(43)) - raft.server.sleep.deviation.threshold = 300 (default)
2019-09-20 08:29:29,816 [pool-27-thread-1] INFO  server.RaftServerConfigKeys (ConfUtils.java:logGet(43)) - raft.server.log.appender.install.snapshot.enabled = false (custom)
2019-09-20 08:29:29,816 [pool-27-thread-1] INFO  impl.RaftServerImpl (ServerState.java:<init>(105)) - 62869313-87e7-4095-b37c-6162291b45c6:group-3FD65DC1DF1A ConfigurationManager, init=-1: [62869313-87e7-4095-b37c-6162291b45c6:192.168.34.27:38218], old=null, confs=<EMPTY_MAP>
2019-09-20 08:29:29,817 [pool-27-thread-1] INFO  server.RaftServerConfigKeys (ConfUtils.java:logGet(43)) - raft.server.storage.dir = [/workdir/hadoop-ozone/tools/target/test-dir/MiniOzoneClusterImpl-d51e23b7-a35f-4296-b546-392ac43315b2/datanode-0/data/ratis] (custom)
2019-09-20 08:29:29,817 [pool-27-thread-1] INFO  storage.RaftStorageDirectory (RaftStorageDirectory.java:analyzeStorage(246)) - The storage directory /workdir/hadoop-ozone/tools/target/test-dir/MiniOzoneClusterImpl-d51e23b7-a35f-4296-b546-392ac43315b2/datanode-0/data/ratis/d0610c2c-df80-4753-a051-3fd65dc1df1a does not exist. Creating ...
2019-09-20 08:29:29,824 | INFO  | SCMAudit | user=jenkins1000 | ip=192.168.34.27 | op=SEND_HEARTBEAT {datanodeUUID=b348fd93-74e1-48ea-bc11-2098387e019e, command=[]} | ret=SUCCESS |  
2019-09-20 08:29:29,830 [pool-27-thread-1] INFO  storage.RaftStorageDirectory (RaftStorageDirectory.java:tryLock(328)) - Lock on /workdir/hadoop-ozone/tools/target/test-dir/MiniOzoneClusterImpl-d51e23b7-a35f-4296-b546-392ac43315b2/datanode-0/data/ratis/d0610c2c-df80-4753-a051-3fd65dc1df1a/in_use.lock acquired by nodename 2528@pr-hdds-1569-6tbh6-3362816358
2019-09-20 08:29:29,843 [pool-27-thread-1] INFO  storage.RaftStorage (RaftStorage.java:format(72)) - Storage directory /workdir/hadoop-ozone/tools/target/test-dir/MiniOzoneClusterImpl-d51e23b7-a35f-4296-b546-392ac43315b2/datanode-0/data/ratis/d0610c2c-df80-4753-a051-3fd65dc1df1a has been successfully formatted.
2019-09-20 08:29:29,843 [pool-27-thread-1] INFO  ratis.ContainerStateMachine (ContainerStateMachine.java:loadSnapshot(226)) - group-3FD65DC1DF1A: The snapshot info is null. Setting the last applied indexto:(t:0, i:~)
2019-09-20 08:29:29,844 [pool-27-thread-1] INFO  server.RaftServerConfigKeys (ConfUtils.java:logGet(43)) - raft.server.leader.election.timeout = 120s (custom)
2019-09-20 08:29:29,844 [pool-27-thread-1] INFO  server.RaftServerConfigKeys (ConfUtils.java:logGet(43)) - raft.server.log.use.memory = false (default)
2019-09-20 08:29:29,844 [pool-27-thread-1] INFO  server.RaftServerConfigKeys (ConfUtils.java:logGet(43)) - raft.server.log.purge.gap = 1000000 (custom)
2019-09-20 08:29:29,844 [pool-27-thread-1] INFO  server.RaftServerConfigKeys (ConfUtils.java:logGet(43)) - raft.server.log.appender.buffer.byte-limit = 33554432 (custom)
2019-09-20 08:29:29,844 [pool-27-thread-1] INFO  server.RaftServerConfigKeys (ConfUtils.java:logGet(43)) - raft.server.log.segment.size.max = 1048576 (custom)
2019-09-20 08:29:29,845 [pool-27-thread-1] INFO  server.RaftServerConfigKeys (ConfUtils.java:logGet(43)) - raft.server.log.segment.cache.num.max = 2 (custom)
2019-09-20 08:29:29,845 [pool-27-thread-1] INFO  segmented.SegmentedRaftLogWorker (SegmentedRaftLogWorker.java:<init>(172)) - new 62869313-87e7-4095-b37c-6162291b45c6-SegmentedRaftLogWorker:Storage Directory /workdir/hadoop-ozone/tools/target/test-dir/MiniOzoneClusterImpl-d51e23b7-a35f-4296-b546-392ac43315b2/datanode-0/data/ratis/d0610c2c-df80-4753-a051-3fd65dc1df1a for RaftStorage:Storage Directory /workdir/hadoop-ozone/tools/target/test-dir/MiniOzoneClusterImpl-d51e23b7-a35f-4296-b546-392ac43315b2/datanode-0/data/ratis/d0610c2c-df80-4753-a051-3fd65dc1df1a
2019-09-20 08:29:29,845 [pool-27-thread-1] INFO  server.RaftServerConfigKeys (ConfUtils.java:logGet(43)) - raft.server.log.queue.byte-limit = 2147483647 (custom)
2019-09-20 08:29:29,845 [pool-27-thread-1] INFO  server.RaftServerConfigKeys (ConfUtils.java:logGet(43)) - raft.server.log.queue.element-limit = 1024 (custom)
2019-09-20 08:29:29,845 [pool-27-thread-1] INFO  server.RaftServerConfigKeys (ConfUtils.java:logGet(43)) - raft.server.log.segment.size.max = 1048576 (custom)
2019-09-20 08:29:29,846 [pool-27-thread-1] INFO  server.RaftServerConfigKeys (ConfUtils.java:logGet(43)) - raft.server.log.preallocated.size = 16384 (custom)
2019-09-20 08:29:29,846 [pool-27-thread-1] INFO  server.RaftServerConfigKeys (ConfUtils.java:logGet(43)) - raft.server.log.write.buffer.size = 33554432 (custom)
2019-09-20 08:29:29,846 [pool-27-thread-1] INFO  server.RaftServerConfigKeys (ConfUtils.java:logGet(43)) - raft.server.log.force.sync.num = 128 (default)
2019-09-20 08:29:29,846 [pool-27-thread-1] INFO  server.RaftServerConfigKeys (ConfUtils.java:logGet(43)) - raft.server.log.statemachine.data.sync = true (default)
2019-09-20 08:29:29,846 [pool-27-thread-1] INFO  server.RaftServerConfigKeys (ConfUtils.java:logGet(43)) - raft.server.log.statemachine.data.sync.timeout = 10s (default)
2019-09-20 08:29:29,847 [pool-27-thread-1] INFO  server.RaftServerConfigKeys (ConfUtils.java:logGet(43)) - raft.server.log.statemachine.data.sync.timeout.retry = -1 (default)
2019-09-20 08:29:29,847 [pool-27-thread-1] INFO  server.RaftServerConfigKeys (ConfUtils.java:logGet(43)) - raft.server.log.statemachine.data.caching.enabled = true (custom)
2019-09-20 08:29:29,847 [pool-27-thread-1] INFO  segmented.SegmentedRaftLogWorker (SegmentedRaftLogWorker.java:lambda$new$0(132)) - 62869313-87e7-4095-b37c-6162291b45c6-SegmentedRaftLogWorker:Storage Directory /workdir/hadoop-ozone/tools/target/test-dir/MiniOzoneClusterImpl-d51e23b7-a35f-4296-b546-392ac43315b2/datanode-0/data/ratis/d0610c2c-df80-4753-a051-3fd65dc1df1a: flushIndex: setUnconditionally 0 -> -1
2019-09-20 08:29:29,848 [pool-27-thread-1] INFO  server.RaftServerConfigKeys (ConfUtils.java:logGet(43)) - raft.server.snapshot.auto.trigger.enabled = true (custom)
2019-09-20 08:29:29,848 [pool-27-thread-1] INFO  server.RaftServerConfigKeys (ConfUtils.java:logGet(43)) - raft.server.snapshot.auto.trigger.threshold = 10000 (custom)
2019-09-20 08:29:29,848 [pool-27-thread-1] INFO  server.RaftServerConfigKeys (ConfUtils.java:logGet(43)) - raft.server.retrycache.expirytime = 600000ms (custom)
2019-09-20 08:29:29,848 [pool-27-thread-1] INFO  impl.RaftServerImpl (RaftServerImpl.java:start(180)) - 62869313-87e7-4095-b37c-6162291b45c6: start group-3FD65DC1DF1A
2019-09-20 08:29:29,849 [pool-27-thread-1] INFO  impl.RaftServerImpl (RaftServerImpl.java:setRole(171)) - 62869313-87e7-4095-b37c-6162291b45c6:group-3FD65DC1DF1A changes role from null to FOLLOWER at term 0 for startAsFollower
2019-09-20 08:29:29,849 [pool-27-thread-1] INFO  impl.RoleInfo (RoleInfo.java:updateAndGet(143)) - 62869313-87e7-4095-b37c-6162291b45c6: start FollowerState
2019-09-20 08:29:29,849 [pool-27-thread-1] INFO  util.JmxRegister (JmxRegister.java:tryRegister(44)) - Successfully registered JMX Bean with object name Ratis:service=RaftServer,group=group-3FD65DC1DF1A,id=62869313-87e7-4095-b37c-6162291b45c6
2019-09-20 08:29:29,854 [RatisPipelineUtilsThread] INFO  pipeline.PipelineStateManager (PipelineStateManager.java:addPipeline(56)) - Created pipeline Pipeline[ Id: d0610c2c-df80-4753-a051-3fd65dc1df1a, Nodes: 62869313-87e7-4095-b37c-6162291b45c6{ip: 192.168.34.27, host: pr-hdds-1569-6tbh6-3362816358, networkLocation: /default-rack, certSerialId: null}, Type:RATIS, Factor:ONE, State:OPEN]
2019-09-20 08:29:29,856 [RatisPipelineUtilsThread] INFO  pipeline.PipelinePlacementPolicy (PipelinePlacementPolicy.java:meetCriteria(91)) - Pipeline Placement: Doesn't meet the criteria to be viable node： b348fd93-74e1-48ea-bc11-2098387e019e Heaviness: 6 limit: 5
2019-09-20 08:29:29,870 [grpc-default-executor-0] INFO  impl.RaftServerProxy (RaftServerProxy.java:addNew(89)) - 977c6be4-088e-49bb-bd18-954d6d3cf26e: addNew group-63BE8E44591C:[977c6be4-088e-49bb-bd18-954d6d3cf26e:192.168.34.27:41596] returns group-63BE8E44591C:java.util.concurrent.CompletableFuture@1fbaac4f[Not completed]
2019-09-20 08:29:29,871 [pool-38-thread-1] INFO  impl.RaftServerImpl (RaftServerImpl.java:<init>(93)) - 977c6be4-088e-49bb-bd18-954d6d3cf26e: new RaftServerImpl for group-63BE8E44591C:[977c6be4-088e-49bb-bd18-954d6d3cf26e:192.168.34.27:41596] with ContainerStateMachine:uninitialized
2019-09-20 08:29:29,871 [pool-38-thread-1] INFO  server.RaftServerConfigKeys (ConfUtils.java:logGet(43)) - raft.server.rpc.timeout.min = 5s (custom)
2019-09-20 08:29:29,871 [pool-38-thread-1] INFO  server.RaftServerConfigKeys (ConfUtils.java:logGet(43)) - raft.server.rpc.timeout.max = 5200ms (custom)
2019-09-20 08:29:29,871 [pool-38-thread-1] INFO  server.RaftServerConfigKeys (ConfUtils.java:logGet(43)) - raft.server.rpcslowness.timeout = 120s (custom)
2019-09-20 08:29:29,872 [pool-38-thread-1] INFO  server.RaftServerConfigKeys (ConfUtils.java:logGet(43)) - raft.server.sleep.deviation.threshold = 300 (default)
2019-09-20 08:29:29,872 [pool-38-thread-1] INFO  server.RaftServerConfigKeys (ConfUtils.java:logGet(43)) - raft.server.log.appender.install.snapshot.enabled = false (custom)
2019-09-20 08:29:29,872 [pool-38-thread-1] INFO  impl.RaftServerImpl (ServerState.java:<init>(105)) - 977c6be4-088e-49bb-bd18-954d6d3cf26e:group-63BE8E44591C ConfigurationManager, init=-1: [977c6be4-088e-49bb-bd18-954d6d3cf26e:192.168.34.27:41596], old=null, confs=<EMPTY_MAP>
2019-09-20 08:29:29,872 [pool-38-thread-1] INFO  server.RaftServerConfigKeys (ConfUtils.java:logGet(43)) - raft.server.storage.dir = [/workdir/hadoop-ozone/tools/target/test-dir/MiniOzoneClusterImpl-d51e23b7-a35f-4296-b546-392ac43315b2/datanode-1/data/ratis] (custom)
2019-09-20 08:29:29,872 [pool-38-thread-1] INFO  storage.RaftStorageDirectory (RaftStorageDirectory.java:analyzeStorage(246)) - The storage directory /workdir/hadoop-ozone/tools/target/test-dir/MiniOzoneClusterImpl-d51e23b7-a35f-4296-b546-392ac43315b2/datanode-1/data/ratis/3d145344-d2f3-4def-81e6-63be8e44591c does not exist. Creating ...
2019-09-20 08:29:29,886 [pool-38-thread-1] INFO  storage.RaftStorageDirectory (RaftStorageDirectory.java:tryLock(328)) - Lock on /workdir/hadoop-ozone/tools/target/test-dir/MiniOzoneClusterImpl-d51e23b7-a35f-4296-b546-392ac43315b2/datanode-1/data/ratis/3d145344-d2f3-4def-81e6-63be8e44591c/in_use.lock acquired by nodename 2528@pr-hdds-1569-6tbh6-3362816358
2019-09-20 08:29:29,899 [pool-38-thread-1] INFO  storage.RaftStorage (RaftStorage.java:format(72)) - Storage directory /workdir/hadoop-ozone/tools/target/test-dir/MiniOzoneClusterImpl-d51e23b7-a35f-4296-b546-392ac43315b2/datanode-1/data/ratis/3d145344-d2f3-4def-81e6-63be8e44591c has been successfully formatted.
2019-09-20 08:29:29,900 [pool-38-thread-1] INFO  ratis.ContainerStateMachine (ContainerStateMachine.java:loadSnapshot(226)) - group-63BE8E44591C: The snapshot info is null. Setting the last applied indexto:(t:0, i:~)
2019-09-20 08:29:29,900 [pool-38-thread-1] INFO  server.RaftServerConfigKeys (ConfUtils.java:logGet(43)) - raft.server.leader.election.timeout = 120s (custom)
2019-09-20 08:29:29,900 [pool-38-thread-1] INFO  server.RaftServerConfigKeys (ConfUtils.java:logGet(43)) - raft.server.log.use.memory = false (default)
2019-09-20 08:29:29,900 [pool-38-thread-1] INFO  server.RaftServerConfigKeys (ConfUtils.java:logGet(43)) - raft.server.log.purge.gap = 1000000 (custom)
2019-09-20 08:29:29,901 [pool-38-thread-1] INFO  server.RaftServerConfigKeys (ConfUtils.java:logGet(43)) - raft.server.log.appender.buffer.byte-limit = 33554432 (custom)
2019-09-20 08:29:29,901 [pool-38-thread-1] INFO  server.RaftServerConfigKeys (ConfUtils.java:logGet(43)) - raft.server.log.segment.size.max = 1048576 (custom)
2019-09-20 08:29:29,901 [pool-38-thread-1] INFO  server.RaftServerConfigKeys (ConfUtils.java:logGet(43)) - raft.server.log.segment.cache.num.max = 2 (custom)
2019-09-20 08:29:29,901 [pool-38-thread-1] INFO  segmented.SegmentedRaftLogWorker (SegmentedRaftLogWorker.java:<init>(172)) - new 977c6be4-088e-49bb-bd18-954d6d3cf26e-SegmentedRaftLogWorker:Storage Directory /workdir/hadoop-ozone/tools/target/test-dir/MiniOzoneClusterImpl-d51e23b7-a35f-4296-b546-392ac43315b2/datanode-1/data/ratis/3d145344-d2f3-4def-81e6-63be8e44591c for RaftStorage:Storage Directory /workdir/hadoop-ozone/tools/target/test-dir/MiniOzoneClusterImpl-d51e23b7-a35f-4296-b546-392ac43315b2/datanode-1/data/ratis/3d145344-d2f3-4def-81e6-63be8e44591c
2019-09-20 08:29:29,901 [pool-38-thread-1] INFO  server.RaftServerConfigKeys (ConfUtils.java:logGet(43)) - raft.server.log.queue.byte-limit = 2147483647 (custom)
2019-09-20 08:29:29,902 [pool-38-thread-1] INFO  server.RaftServerConfigKeys (ConfUtils.java:logGet(43)) - raft.server.log.queue.element-limit = 1024 (custom)
2019-09-20 08:29:29,902 [pool-38-thread-1] INFO  server.RaftServerConfigKeys (ConfUtils.java:logGet(43)) - raft.server.log.segment.size.max = 1048576 (custom)
2019-09-20 08:29:29,902 [pool-38-thread-1] INFO  server.RaftServerConfigKeys (ConfUtils.java:logGet(43)) - raft.server.log.preallocated.size = 16384 (custom)
2019-09-20 08:29:29,902 [pool-38-thread-1] INFO  server.RaftServerConfigKeys (ConfUtils.java:logGet(43)) - raft.server.log.write.buffer.size = 33554432 (custom)
2019-09-20 08:29:29,902 [pool-38-thread-1] INFO  server.RaftServerConfigKeys (ConfUtils.java:logGet(43)) - raft.server.log.force.sync.num = 128 (default)
2019-09-20 08:29:29,902 [pool-38-thread-1] INFO  server.RaftServerConfigKeys (ConfUtils.java:logGet(43)) - raft.server.log.statemachine.data.sync = true (default)
2019-09-20 08:29:29,903 [pool-38-thread-1] INFO  server.RaftServerConfigKeys (ConfUtils.java:logGet(43)) - raft.server.log.statemachine.data.sync.timeout = 10s (default)
2019-09-20 08:29:29,903 [pool-38-thread-1] INFO  server.RaftServerConfigKeys (ConfUtils.java:logGet(43)) - raft.server.log.statemachine.data.sync.timeout.retry = -1 (default)
2019-09-20 08:29:29,903 [pool-38-thread-1] INFO  server.RaftServerConfigKeys (ConfUtils.java:logGet(43)) - raft.server.log.statemachine.data.caching.enabled = true (custom)
2019-09-20 08:29:29,904 [pool-38-thread-1] INFO  segmented.SegmentedRaftLogWorker (SegmentedRaftLogWorker.java:lambda$new$0(132)) - 977c6be4-088e-49bb-bd18-954d6d3cf26e-SegmentedRaftLogWorker:Storage Directory /workdir/hadoop-ozone/tools/target/test-dir/MiniOzoneClusterImpl-d51e23b7-a35f-4296-b546-392ac43315b2/datanode-1/data/ratis/3d145344-d2f3-4def-81e6-63be8e44591c: flushIndex: setUnconditionally 0 -> -1
2019-09-20 08:29:29,904 [pool-38-thread-1] INFO  server.RaftServerConfigKeys (ConfUtils.java:logGet(43)) - raft.server.snapshot.auto.trigger.enabled = true (custom)
2019-09-20 08:29:29,904 [pool-38-thread-1] INFO  server.RaftServerConfigKeys (ConfUtils.java:logGet(43)) - raft.server.snapshot.auto.trigger.threshold = 10000 (custom)
2019-09-20 08:29:29,904 [pool-38-thread-1] INFO  server.RaftServerConfigKeys (ConfUtils.java:logGet(43)) - raft.server.retrycache.expirytime = 600000ms (custom)
2019-09-20 08:29:29,905 [pool-38-thread-1] INFO  impl.RaftServerImpl (RaftServerImpl.java:start(180)) - 977c6be4-088e-49bb-bd18-954d6d3cf26e: start group-63BE8E44591C
2019-09-20 08:29:29,905 [pool-38-thread-1] INFO  impl.RaftServerImpl (RaftServerImpl.java:setRole(171)) - 977c6be4-088e-49bb-bd18-954d6d3cf26e:group-63BE8E44591C changes role from null to FOLLOWER at term 0 for startAsFollower
2019-09-20 08:29:29,905 [pool-38-thread-1] INFO  impl.RoleInfo (RoleInfo.java:updateAndGet(143)) - 977c6be4-088e-49bb-bd18-954d6d3cf26e: start FollowerState
2019-09-20 08:29:29,906 [pool-38-thread-1] INFO  util.JmxRegister (JmxRegister.java:tryRegister(44)) - Successfully registered JMX Bean with object name Ratis:service=RaftServer,group=group-63BE8E44591C,id=977c6be4-088e-49bb-bd18-954d6d3cf26e
2019-09-20 08:29:29,910 [RatisPipelineUtilsThread] INFO  pipeline.PipelineStateManager (PipelineStateManager.java:addPipeline(56)) - Created pipeline Pipeline[ Id: 3d145344-d2f3-4def-81e6-63be8e44591c, Nodes: 977c6be4-088e-49bb-bd18-954d6d3cf26e{ip: 192.168.34.27, host: pr-hdds-1569-6tbh6-3362816358, networkLocation: /default-rack, certSerialId: null}, Type:RATIS, Factor:ONE, State:OPEN]
2019-09-20 08:29:29,912 [RatisPipelineUtilsThread] INFO  pipeline.PipelinePlacementPolicy (PipelinePlacementPolicy.java:meetCriteria(91)) - Pipeline Placement: Doesn't meet the criteria to be viable node： b348fd93-74e1-48ea-bc11-2098387e019e Heaviness: 6 limit: 5
2019-09-20 08:29:29,912 [RatisPipelineUtilsThread] INFO  pipeline.PipelinePlacementPolicy (PipelinePlacementPolicy.java:meetCriteria(91)) - Pipeline Placement: Doesn't meet the criteria to be viable node： 977c6be4-088e-49bb-bd18-954d6d3cf26e Heaviness: 6 limit: 5
2019-09-20 08:29:29,921 [grpc-default-executor-0] INFO  impl.RaftServerProxy (RaftServerProxy.java:addNew(89)) - 62869313-87e7-4095-b37c-6162291b45c6: addNew group-DE7EF802BAC7:[62869313-87e7-4095-b37c-6162291b45c6:192.168.34.27:38218] returns group-DE7EF802BAC7:java.util.concurrent.CompletableFuture@67a81eaa[Not completed]
2019-09-20 08:29:29,923 [pool-27-thread-1] INFO  impl.RaftServerImpl (RaftServerImpl.java:<init>(93)) - 62869313-87e7-4095-b37c-6162291b45c6: new RaftServerImpl for group-DE7EF802BAC7:[62869313-87e7-4095-b37c-6162291b45c6:192.168.34.27:38218] with ContainerStateMachine:uninitialized
2019-09-20 08:29:29,923 [pool-27-thread-1] INFO  server.RaftServerConfigKeys (ConfUtils.java:logGet(43)) - raft.server.rpc.timeout.min = 5s (custom)
2019-09-20 08:29:29,924 [pool-27-thread-1] INFO  server.RaftServerConfigKeys (ConfUtils.java:logGet(43)) - raft.server.rpc.timeout.max = 5200ms (custom)
2019-09-20 08:29:29,924 [pool-27-thread-1] INFO  server.RaftServerConfigKeys (ConfUtils.java:logGet(43)) - raft.server.rpcslowness.timeout = 120s (custom)
2019-09-20 08:29:29,924 [pool-27-thread-1] INFO  server.RaftServerConfigKeys (ConfUtils.java:logGet(43)) - raft.server.sleep.deviation.threshold = 300 (default)
2019-09-20 08:29:29,924 [pool-27-thread-1] INFO  server.RaftServerConfigKeys (ConfUtils.java:logGet(43)) - raft.server.log.appender.install.snapshot.enabled = false (custom)
2019-09-20 08:29:29,924 [pool-27-thread-1] INFO  impl.RaftServerImpl (ServerState.java:<init>(105)) - 62869313-87e7-4095-b37c-6162291b45c6:group-DE7EF802BAC7 ConfigurationManager, init=-1: [62869313-87e7-4095-b37c-6162291b45c6:192.168.34.27:38218], old=null, confs=<EMPTY_MAP>
2019-09-20 08:29:29,925 [pool-27-thread-1] INFO  server.RaftServerConfigKeys (ConfUtils.java:logGet(43)) - raft.server.storage.dir = [/workdir/hadoop-ozone/tools/target/test-dir/MiniOzoneClusterImpl-d51e23b7-a35f-4296-b546-392ac43315b2/datanode-0/data/ratis] (custom)
2019-09-20 08:29:29,925 [pool-27-thread-1] INFO  storage.RaftStorageDirectory (RaftStorageDirectory.java:analyzeStorage(246)) - The storage directory /workdir/hadoop-ozone/tools/target/test-dir/MiniOzoneClusterImpl-d51e23b7-a35f-4296-b546-392ac43315b2/datanode-0/data/ratis/b05128ef-a291-4bf2-9127-de7ef802bac7 does not exist. Creating ...
2019-09-20 08:29:29,937 [pool-27-thread-1] INFO  storage.RaftStorageDirectory (RaftStorageDirectory.java:tryLock(328)) - Lock on /workdir/hadoop-ozone/tools/target/test-dir/MiniOzoneClusterImpl-d51e23b7-a35f-4296-b546-392ac43315b2/datanode-0/data/ratis/b05128ef-a291-4bf2-9127-de7ef802bac7/in_use.lock acquired by nodename 2528@pr-hdds-1569-6tbh6-3362816358
2019-09-20 08:29:29,950 [pool-27-thread-1] INFO  storage.RaftStorage (RaftStorage.java:format(72)) - Storage directory /workdir/hadoop-ozone/tools/target/test-dir/MiniOzoneClusterImpl-d51e23b7-a35f-4296-b546-392ac43315b2/datanode-0/data/ratis/b05128ef-a291-4bf2-9127-de7ef802bac7 has been successfully formatted.
2019-09-20 08:29:29,951 [pool-27-thread-1] INFO  ratis.ContainerStateMachine (ContainerStateMachine.java:loadSnapshot(226)) - group-DE7EF802BAC7: The snapshot info is null. Setting the last applied indexto:(t:0, i:~)
2019-09-20 08:29:29,951 [pool-27-thread-1] INFO  server.RaftServerConfigKeys (ConfUtils.java:logGet(43)) - raft.server.leader.election.timeout = 120s (custom)
2019-09-20 08:29:29,951 [pool-27-thread-1] INFO  server.RaftServerConfigKeys (ConfUtils.java:logGet(43)) - raft.server.log.use.memory = false (default)
2019-09-20 08:29:29,951 [pool-27-thread-1] INFO  server.RaftServerConfigKeys (ConfUtils.java:logGet(43)) - raft.server.log.purge.gap = 1000000 (custom)
2019-09-20 08:29:29,951 [pool-27-thread-1] INFO  server.RaftServerConfigKeys (ConfUtils.java:logGet(43)) - raft.server.log.appender.buffer.byte-limit = 33554432 (custom)
2019-09-20 08:29:29,952 [pool-27-thread-1] INFO  server.RaftServerConfigKeys (ConfUtils.java:logGet(43)) - raft.server.log.segment.size.max = 1048576 (custom)
2019-09-20 08:29:29,952 [pool-27-thread-1] INFO  server.RaftServerConfigKeys (ConfUtils.java:logGet(43)) - raft.server.log.segment.cache.num.max = 2 (custom)
2019-09-20 08:29:29,952 [pool-27-thread-1] INFO  segmented.SegmentedRaftLogWorker (SegmentedRaftLogWorker.java:<init>(172)) - new 62869313-87e7-4095-b37c-6162291b45c6-SegmentedRaftLogWorker:Storage Directory /workdir/hadoop-ozone/tools/target/test-dir/MiniOzoneClusterImpl-d51e23b7-a35f-4296-b546-392ac43315b2/datanode-0/data/ratis/b05128ef-a291-4bf2-9127-de7ef802bac7 for RaftStorage:Storage Directory /workdir/hadoop-ozone/tools/target/test-dir/MiniOzoneClusterImpl-d51e23b7-a35f-4296-b546-392ac43315b2/datanode-0/data/ratis/b05128ef-a291-4bf2-9127-de7ef802bac7
2019-09-20 08:29:29,952 [pool-27-thread-1] INFO  server.RaftServerConfigKeys (ConfUtils.java:logGet(43)) - raft.server.log.queue.byte-limit = 2147483647 (custom)
2019-09-20 08:29:29,952 [pool-27-thread-1] INFO  server.RaftServerConfigKeys (ConfUtils.java:logGet(43)) - raft.server.log.queue.element-limit = 1024 (custom)
2019-09-20 08:29:29,953 [pool-27-thread-1] INFO  server.RaftServerConfigKeys (ConfUtils.java:logGet(43)) - raft.server.log.segment.size.max = 1048576 (custom)
2019-09-20 08:29:29,953 [pool-27-thread-1] INFO  server.RaftServerConfigKeys (ConfUtils.java:logGet(43)) - raft.server.log.preallocated.size = 16384 (custom)
2019-09-20 08:29:29,953 [pool-27-thread-1] INFO  server.RaftServerConfigKeys (ConfUtils.java:logGet(43)) - raft.server.log.write.buffer.size = 33554432 (custom)
2019-09-20 08:29:29,953 [pool-27-thread-1] INFO  server.RaftServerConfigKeys (ConfUtils.java:logGet(43)) - raft.server.log.force.sync.num = 128 (default)
2019-09-20 08:29:29,953 [pool-27-thread-1] INFO  server.RaftServerConfigKeys (ConfUtils.java:logGet(43)) - raft.server.log.statemachine.data.sync = true (default)
2019-09-20 08:29:29,954 [pool-27-thread-1] INFO  server.RaftServerConfigKeys (ConfUtils.java:logGet(43)) - raft.server.log.statemachine.data.sync.timeout = 10s (default)
2019-09-20 08:29:29,954 [pool-27-thread-1] INFO  server.RaftServerConfigKeys (ConfUtils.java:logGet(43)) - raft.server.log.statemachine.data.sync.timeout.retry = -1 (default)
2019-09-20 08:29:29,954 [pool-27-thread-1] INFO  server.RaftServerConfigKeys (ConfUtils.java:logGet(43)) - raft.server.log.statemachine.data.caching.enabled = true (custom)
2019-09-20 08:29:29,955 [pool-27-thread-1] INFO  segmented.SegmentedRaftLogWorker (SegmentedRaftLogWorker.java:lambda$new$0(132)) - 62869313-87e7-4095-b37c-6162291b45c6-SegmentedRaftLogWorker:Storage Directory /workdir/hadoop-ozone/tools/target/test-dir/MiniOzoneClusterImpl-d51e23b7-a35f-4296-b546-392ac43315b2/datanode-0/data/ratis/b05128ef-a291-4bf2-9127-de7ef802bac7: flushIndex: setUnconditionally 0 -> -1
2019-09-20 08:29:29,955 [pool-27-thread-1] INFO  server.RaftServerConfigKeys (ConfUtils.java:logGet(43)) - raft.server.snapshot.auto.trigger.enabled = true (custom)
2019-09-20 08:29:29,955 [pool-27-thread-1] INFO  server.RaftServerConfigKeys (ConfUtils.java:logGet(43)) - raft.server.snapshot.auto.trigger.threshold = 10000 (custom)
2019-09-20 08:29:29,955 [pool-27-thread-1] INFO  server.RaftServerConfigKeys (ConfUtils.java:logGet(43)) - raft.server.retrycache.expirytime = 600000ms (custom)
2019-09-20 08:29:29,956 [pool-27-thread-1] INFO  impl.RaftServerImpl (RaftServerImpl.java:start(180)) - 62869313-87e7-4095-b37c-6162291b45c6: start group-DE7EF802BAC7
2019-09-20 08:29:29,956 [pool-27-thread-1] INFO  impl.RaftServerImpl (RaftServerImpl.java:setRole(171)) - 62869313-87e7-4095-b37c-6162291b45c6:group-DE7EF802BAC7 changes role from null to FOLLOWER at term 0 for startAsFollower
2019-09-20 08:29:29,956 [pool-27-thread-1] INFO  impl.RoleInfo (RoleInfo.java:updateAndGet(143)) - 62869313-87e7-4095-b37c-6162291b45c6: start FollowerState
2019-09-20 08:29:29,957 [pool-27-thread-1] INFO  util.JmxRegister (JmxRegister.java:tryRegister(44)) - Successfully registered JMX Bean with object name Ratis:service=RaftServer,group=group-DE7EF802BAC7,id=62869313-87e7-4095-b37c-6162291b45c6
2019-09-20 08:29:29,961 [RatisPipelineUtilsThread] INFO  pipeline.PipelineStateManager (PipelineStateManager.java:addPipeline(56)) - Created pipeline Pipeline[ Id: b05128ef-a291-4bf2-9127-de7ef802bac7, Nodes: 62869313-87e7-4095-b37c-6162291b45c6{ip: 192.168.34.27, host: pr-hdds-1569-6tbh6-3362816358, networkLocation: /default-rack, certSerialId: null}, Type:RATIS, Factor:ONE, State:OPEN]
2019-09-20 08:29:29,962 [RatisPipelineUtilsThread] INFO  pipeline.PipelinePlacementPolicy (PipelinePlacementPolicy.java:meetCriteria(91)) - Pipeline Placement: Doesn't meet the criteria to be viable node： 62869313-87e7-4095-b37c-6162291b45c6 Heaviness: 6 limit: 5
2019-09-20 08:29:29,963 [RatisPipelineUtilsThread] INFO  pipeline.PipelinePlacementPolicy (PipelinePlacementPolicy.java:meetCriteria(91)) - Pipeline Placement: Doesn't meet the criteria to be viable node： b348fd93-74e1-48ea-bc11-2098387e019e Heaviness: 6 limit: 5
2019-09-20 08:29:29,963 [RatisPipelineUtilsThread] INFO  pipeline.PipelinePlacementPolicy (PipelinePlacementPolicy.java:meetCriteria(91)) - Pipeline Placement: Doesn't meet the criteria to be viable node： 977c6be4-088e-49bb-bd18-954d6d3cf26e Heaviness: 6 limit: 5
2019-09-20 08:29:29,963 [RatisPipelineUtilsThread] ERROR pipeline.PipelinePlacementPolicy (PipelinePlacementPolicy.java:filterViableNodes(148)) - Unable to find enough nodes that meet the criteria that cannot engage in more than 5 pipelines. Nodes required: 1 Found: 0, healthy nodes count inNodeManager: 3.
2019-09-20 08:29:29,965 [RatisPipelineUtilsThread] ERROR pipeline.SCMPipelineManager (SCMPipelineManager.java:createPipeline(161)) - Pipeline creation failed due to exception: Unable to find enough nodes that meet the criteria that cannot engage in more than 5 pipelines. Nodes required: 1 Found: 0, healthy nodes count inNodeManager: 3.
2019-09-20 08:29:29,965 [RatisPipelineUtilsThread] INFO  pipeline.PipelinePlacementPolicy (PipelinePlacementPolicy.java:meetCriteria(91)) - Pipeline Placement: Doesn't meet the criteria to be viable node： 62869313-87e7-4095-b37c-6162291b45c6 Heaviness: 6 limit: 5
2019-09-20 08:29:29,965 [RatisPipelineUtilsThread] INFO  pipeline.PipelinePlacementPolicy (PipelinePlacementPolicy.java:meetCriteria(91)) - Pipeline Placement: Doesn't meet the criteria to be viable node： b348fd93-74e1-48ea-bc11-2098387e019e Heaviness: 6 limit: 5
2019-09-20 08:29:29,966 [RatisPipelineUtilsThread] INFO  pipeline.PipelinePlacementPolicy (PipelinePlacementPolicy.java:meetCriteria(91)) - Pipeline Placement: Doesn't meet the criteria to be viable node： 977c6be4-088e-49bb-bd18-954d6d3cf26e Heaviness: 6 limit: 5
2019-09-20 08:29:29,966 [RatisPipelineUtilsThread] ERROR pipeline.PipelinePlacementPolicy (PipelinePlacementPolicy.java:filterViableNodes(148)) - Unable to find enough nodes that meet the criteria that cannot engage in more than 5 pipelines. Nodes required: 3 Found: 0, healthy nodes count inNodeManager: 3.
2019-09-20 08:29:29,966 [RatisPipelineUtilsThread] ERROR pipeline.SCMPipelineManager (SCMPipelineManager.java:createPipeline(161)) - Pipeline creation failed due to exception: Unable to find enough nodes that meet the criteria that cannot engage in more than 5 pipelines. Nodes required: 3 Found: 0, healthy nodes count inNodeManager: 3.
2019-09-20 08:29:29,968 [RatisPipelineUtilsThread] INFO  pipeline.PipelinePlacementPolicy (PipelinePlacementPolicy.java:meetCriteria(91)) - Pipeline Placement: Doesn't meet the criteria to be viable node： 62869313-87e7-4095-b37c-6162291b45c6 Heaviness: 6 limit: 5
2019-09-20 08:29:29,968 [RatisPipelineUtilsThread] INFO  pipeline.PipelinePlacementPolicy (PipelinePlacementPolicy.java:meetCriteria(91)) - Pipeline Placement: Doesn't meet the criteria to be viable node： b348fd93-74e1-48ea-bc11-2098387e019e Heaviness: 6 limit: 5
2019-09-20 08:29:29,969 [RatisPipelineUtilsThread] INFO  pipeline.PipelinePlacementPolicy (PipelinePlacementPolicy.java:meetCriteria(91)) - Pipeline Placement: Doesn't meet the criteria to be viable node： 977c6be4-088e-49bb-bd18-954d6d3cf26e Heaviness: 6 limit: 5
2019-09-20 08:29:29,969 [RatisPipelineUtilsThread] ERROR pipeline.PipelinePlacementPolicy (PipelinePlacementPolicy.java:filterViableNodes(148)) - Unable to find enough nodes that meet the criteria that cannot engage in more than 5 pipelines. Nodes required: 1 Found: 0, healthy nodes count inNodeManager: 3.
2019-09-20 08:29:29,969 [RatisPipelineUtilsThread] ERROR pipeline.SCMPipelineManager (SCMPipelineManager.java:createPipeline(161)) - Pipeline creation failed due to exception: Unable to find enough nodes that meet the criteria that cannot engage in more than 5 pipelines. Nodes required: 1 Found: 0, healthy nodes count inNodeManager: 3.
2019-09-20 08:29:29,969 [IPC Server handler 3 on 33158] INFO  pipeline.PipelinePlacementPolicy (PipelinePlacementPolicy.java:meetCriteria(91)) - Pipeline Placement: Doesn't meet the criteria to be viable node： 62869313-87e7-4095-b37c-6162291b45c6 Heaviness: 6 limit: 5
2019-09-20 08:29:29,970 [IPC Server handler 3 on 33158] INFO  pipeline.PipelinePlacementPolicy (PipelinePlacementPolicy.java:meetCriteria(91)) - Pipeline Placement: Doesn't meet the criteria to be viable node： b348fd93-74e1-48ea-bc11-2098387e019e Heaviness: 6 limit: 5
2019-09-20 08:29:29,970 [IPC Server handler 3 on 33158] INFO  pipeline.PipelinePlacementPolicy (PipelinePlacementPolicy.java:meetCriteria(91)) - Pipeline Placement: Doesn't meet the criteria to be viable node： 977c6be4-088e-49bb-bd18-954d6d3cf26e Heaviness: 6 limit: 5
2019-09-20 08:29:29,970 [IPC Server handler 3 on 33158] ERROR pipeline.PipelinePlacementPolicy (PipelinePlacementPolicy.java:filterViableNodes(148)) - Unable to find enough nodes that meet the criteria that cannot engage in more than 5 pipelines. Nodes required: 3 Found: 0, healthy nodes count inNodeManager: 3.
2019-09-20 08:29:29,970 [IPC Server handler 3 on 33158] ERROR pipeline.SCMPipelineManager (SCMPipelineManager.java:createPipeline(161)) - Pipeline creation failed due to exception: Unable to find enough nodes that meet the criteria that cannot engage in more than 5 pipelines. Nodes required: 3 Found: 0, healthy nodes count inNodeManager: 3.
2019-09-20 08:29:29,971 [RatisPipelineUtilsThread] INFO  pipeline.PipelinePlacementPolicy (PipelinePlacementPolicy.java:meetCriteria(91)) - Pipeline Placement: Doesn't meet the criteria to be viable node： 62869313-87e7-4095-b37c-6162291b45c6 Heaviness: 6 limit: 5
2019-09-20 08:29:29,971 [RatisPipelineUtilsThread] INFO  pipeline.PipelinePlacementPolicy (PipelinePlacementPolicy.java:meetCriteria(91)) - Pipeline Placement: Doesn't meet the criteria to be viable node： b348fd93-74e1-48ea-bc11-2098387e019e Heaviness: 6 limit: 5
2019-09-20 08:29:29,971 [RatisPipelineUtilsThread] INFO  pipeline.PipelinePlacementPolicy (PipelinePlacementPolicy.java:meetCriteria(91)) - Pipeline Placement: Doesn't meet the criteria to be viable node： 977c6be4-088e-49bb-bd18-954d6d3cf26e Heaviness: 6 limit: 5
2019-09-20 08:29:29,972 [RatisPipelineUtilsThread] ERROR pipeline.PipelinePlacementPolicy (PipelinePlacementPolicy.java:filterViableNodes(148)) - Unable to find enough nodes that meet the criteria that cannot engage in more than 5 pipelines. Nodes required: 3 Found: 0, healthy nodes count inNodeManager: 3.
2019-09-20 08:29:29,972 [IPC Server handler 3 on 33158] WARN  block.BlockManagerImpl (BlockManagerImpl.java:allocateBlock(192)) - Pipeline creation failed for type:RATIS factor:THREE. Retrying get pipelines call once.
org.apache.hadoop.hdds.scm.exceptions.SCMException: Unable to find enough nodes that meet the criteria that cannot engage in more than 5 pipelines. Nodes required: 3 Found: 0, healthy nodes count inNodeManager: 3.
	at org.apache.hadoop.hdds.scm.pipeline.PipelinePlacementPolicy.filterViableNodes(PipelinePlacementPolicy.java:149)
	at org.apache.hadoop.hdds.scm.pipeline.PipelinePlacementPolicy.chooseDatanodes(PipelinePlacementPolicy.java:172)
	at org.apache.hadoop.hdds.scm.pipeline.RatisPipelineProvider.create(RatisPipelineProvider.java:92)
	at org.apache.hadoop.hdds.scm.pipeline.PipelineFactory.create(PipelineFactory.java:57)
	at org.apache.hadoop.hdds.scm.pipeline.SCMPipelineManager.createPipeline(SCMPipelineManager.java:149)
	at org.apache.hadoop.hdds.scm.block.BlockManagerImpl.allocateBlock(BlockManagerImpl.java:190)
	at org.apache.hadoop.hdds.scm.server.SCMBlockProtocolServer.allocateBlock(SCMBlockProtocolServer.java:175)
	at org.apache.hadoop.ozone.protocolPB.ScmBlockLocationProtocolServerSideTranslatorPB.allocateScmBlock(ScmBlockLocationProtocolServerSideTranslatorPB.java:153)
	at org.apache.hadoop.ozone.protocolPB.ScmBlockLocationProtocolServerSideTranslatorPB.send(ScmBlockLocationProtocolServerSideTranslatorPB.java:112)
	at org.apache.hadoop.hdds.protocol.proto.ScmBlockLocationProtocolProtos$ScmBlockLocationProtocolService$2.callBlockingMethod(ScmBlockLocationProtocolProtos.java:13157)
	at org.apache.hadoop.ipc.ProtobufRpcEngine$Server$ProtoBufRpcInvoker.call(ProtobufRpcEngine.java:524)
	at org.apache.hadoop.ipc.RPC$Server.call(RPC.java:1025)
	at org.apache.hadoop.ipc.Server$RpcCall.run(Server.java:876)
	at org.apache.hadoop.ipc.Server$RpcCall.run(Server.java:822)
	at java.security.AccessController.doPrivileged(Native Method)
	at javax.security.auth.Subject.doAs(Subject.java:422)
	at org.apache.hadoop.security.UserGroupInformation.doAs(UserGroupInformation.java:1730)
	at org.apache.hadoop.ipc.Server$Handler.run(Server.java:2682)
2019-09-20 08:29:29,972 [RatisPipelineUtilsThread] ERROR pipeline.SCMPipelineManager (SCMPipelineManager.java:createPipeline(161)) - Pipeline creation failed due to exception: Unable to find enough nodes that meet the criteria that cannot engage in more than 5 pipelines. Nodes required: 3 Found: 0, healthy nodes count inNodeManager: 3.
2019-09-20 08:29:29,974 [IPC Server handler 3 on 33158] INFO  block.BlockManagerImpl (BlockManagerImpl.java:allocateBlock(198)) - Could not find available pipeline of type:RATIS and factor:THREE even after retrying
2019-09-20 08:29:29,974 [IPC Server handler 3 on 33158] ERROR block.BlockManagerImpl (BlockManagerImpl.java:allocateBlock(222)) - Unable to allocate a block for the size: 4194304, type: RATIS, factor: THREE
2019-09-20 08:29:29,975 [IPC Server handler 3 on 33158] INFO  pipeline.PipelinePlacementPolicy (PipelinePlacementPolicy.java:meetCriteria(91)) - Pipeline Placement: Doesn't meet the criteria to be viable node： 62869313-87e7-4095-b37c-6162291b45c6 Heaviness: 6 limit: 5
2019-09-20 08:29:29,975 [IPC Server handler 3 on 33158] INFO  pipeline.PipelinePlacementPolicy (PipelinePlacementPolicy.java:meetCriteria(91)) - Pipeline Placement: Doesn't meet the criteria to be viable node： b348fd93-74e1-48ea-bc11-2098387e019e Heaviness: 6 limit: 5
2019-09-20 08:29:29,975 [IPC Server handler 3 on 33158] INFO  pipeline.PipelinePlacementPolicy (PipelinePlacementPolicy.java:meetCriteria(91)) - Pipeline Placement: Doesn't meet the criteria to be viable node： 977c6be4-088e-49bb-bd18-954d6d3cf26e Heaviness: 6 limit: 5
2019-09-20 08:29:29,975 [IPC Server handler 3 on 33158] ERROR pipeline.PipelinePlacementPolicy (PipelinePlacementPolicy.java:filterViableNodes(148)) - Unable to find enough nodes that meet the criteria that cannot engage in more than 5 pipelines. Nodes required: 3 Found: 0, healthy nodes count inNodeManager: 3.
2019-09-20 08:29:29,976 [IPC Server handler 3 on 33158] ERROR pipeline.SCMPipelineManager (SCMPipelineManager.java:createPipeline(161)) - Pipeline creation failed due to exception: Unable to find enough nodes that meet the criteria that cannot engage in more than 5 pipelines. Nodes required: 3 Found: 0, healthy nodes count inNodeManager: 3.
2019-09-20 08:29:29,976 [IPC Server handler 3 on 33158] WARN  block.BlockManagerImpl (BlockManagerImpl.java:allocateBlock(192)) - Pipeline creation failed for type:RATIS factor:THREE. Retrying get pipelines call once.
org.apache.hadoop.hdds.scm.exceptions.SCMException: Unable to find enough nodes that meet the criteria that cannot engage in more than 5 pipelines. Nodes required: 3 Found: 0, healthy nodes count inNodeManager: 3.
	at org.apache.hadoop.hdds.scm.pipeline.PipelinePlacementPolicy.filterViableNodes(PipelinePlacementPolicy.java:149)
	at org.apache.hadoop.hdds.scm.pipeline.PipelinePlacementPolicy.chooseDatanodes(PipelinePlacementPolicy.java:172)
	at org.apache.hadoop.hdds.scm.pipeline.RatisPipelineProvider.create(RatisPipelineProvider.java:92)
	at org.apache.hadoop.hdds.scm.pipeline.PipelineFactory.create(PipelineFactory.java:57)
	at org.apache.hadoop.hdds.scm.pipeline.SCMPipelineManager.createPipeline(SCMPipelineManager.java:149)
	at org.apache.hadoop.hdds.scm.block.BlockManagerImpl.allocateBlock(BlockManagerImpl.java:190)
	at org.apache.hadoop.hdds.scm.server.SCMBlockProtocolServer.allocateBlock(SCMBlockProtocolServer.java:175)
	at org.apache.hadoop.ozone.protocolPB.ScmBlockLocationProtocolServerSideTranslatorPB.allocateScmBlock(ScmBlockLocationProtocolServerSideTranslatorPB.java:153)
	at org.apache.hadoop.ozone.protocolPB.ScmBlockLocationProtocolServerSideTranslatorPB.send(ScmBlockLocationProtocolServerSideTranslatorPB.java:112)
	at org.apache.hadoop.hdds.protocol.proto.ScmBlockLocationProtocolProtos$ScmBlockLocationProtocolService$2.callBlockingMethod(ScmBlockLocationProtocolProtos.java:13157)
	at org.apache.hadoop.ipc.ProtobufRpcEngine$Server$ProtoBufRpcInvoker.call(ProtobufRpcEngine.java:524)
	at org.apache.hadoop.ipc.RPC$Server.call(RPC.java:1025)
	at org.apache.hadoop.ipc.Server$RpcCall.run(Server.java:876)
	at org.apache.hadoop.ipc.Server$RpcCall.run(Server.java:822)
	at java.security.AccessController.doPrivileged(Native Method)
	at javax.security.auth.Subject.doAs(Subject.java:422)
	at org.apache.hadoop.security.UserGroupInformation.doAs(UserGroupInformation.java:1730)
	at org.apache.hadoop.ipc.Server$Handler.run(Server.java:2682)
2019-09-20 08:29:29,976 [IPC Server handler 3 on 33158] INFO  block.BlockManagerImpl (BlockManagerImpl.java:allocateBlock(198)) - Could not find available pipeline of type:RATIS and factor:THREE even after retrying
2019-09-20 08:29:29,977 [IPC Server handler 3 on 33158] ERROR block.BlockManagerImpl (BlockManagerImpl.java:allocateBlock(222)) - Unable to allocate a block for the size: 4194304, type: RATIS, factor: THREE
2019-09-20 08:29:29,977 [IPC Server handler 3 on 33158] INFO  pipeline.PipelinePlacementPolicy (PipelinePlacementPolicy.java:meetCriteria(91)) - Pipeline Placement: Doesn't meet the criteria to be viable node： 62869313-87e7-4095-b37c-6162291b45c6 Heaviness: 6 limit: 5
2019-09-20 08:29:29,977 [IPC Server handler 3 on 33158] INFO  pipeline.PipelinePlacementPolicy (PipelinePlacementPolicy.java:meetCriteria(91)) - Pipeline Placement: Doesn't meet the criteria to be viable node： b348fd93-74e1-48ea-bc11-2098387e019e Heaviness: 6 limit: 5
2019-09-20 08:29:29,977 [IPC Server handler 3 on 33158] INFO  pipeline.PipelinePlacementPolicy (PipelinePlacementPolicy.java:meetCriteria(91)) - Pipeline Placement: Doesn't meet the criteria to be viable node： 977c6be4-088e-49bb-bd18-954d6d3cf26e Heaviness: 6 limit: 5
2019-09-20 08:29:29,978 [IPC Server handler 3 on 33158] ERROR pipeline.PipelinePlacementPolicy (PipelinePlacementPolicy.java:filterViableNodes(148)) - Unable to find enough nodes that meet the criteria that cannot engage in more than 5 pipelines. Nodes required: 3 Found: 0, healthy nodes count inNodeManager: 3.
2019-09-20 08:29:29,978 [IPC Server handler 3 on 33158] ERROR pipeline.SCMPipelineManager (SCMPipelineManager.java:createPipeline(161)) - Pipeline creation failed due to exception: Unable to find enough nodes that meet the criteria that cannot engage in more than 5 pipelines. Nodes required: 3 Found: 0, healthy nodes count inNodeManager: 3.
2019-09-20 08:29:29,978 [IPC Server handler 3 on 33158] WARN  block.BlockManagerImpl (BlockManagerImpl.java:allocateBlock(192)) - Pipeline creation failed for type:RATIS factor:THREE. Retrying get pipelines call once.
org.apache.hadoop.hdds.scm.exceptions.SCMException: Unable to find enough nodes that meet the criteria that cannot engage in more than 5 pipelines. Nodes required: 3 Found: 0, healthy nodes count inNodeManager: 3.
	at org.apache.hadoop.hdds.scm.pipeline.PipelinePlacementPolicy.filterViableNodes(PipelinePlacementPolicy.java:149)
	at org.apache.hadoop.hdds.scm.pipeline.PipelinePlacementPolicy.chooseDatanodes(PipelinePlacementPolicy.java:172)
	at org.apache.hadoop.hdds.scm.pipeline.RatisPipelineProvider.create(RatisPipelineProvider.java:92)
	at org.apache.hadoop.hdds.scm.pipeline.PipelineFactory.create(PipelineFactory.java:57)
	at org.apache.hadoop.hdds.scm.pipeline.SCMPipelineManager.createPipeline(SCMPipelineManager.java:149)
	at org.apache.hadoop.hdds.scm.block.BlockManagerImpl.allocateBlock(BlockManagerImpl.java:190)
	at org.apache.hadoop.hdds.scm.server.SCMBlockProtocolServer.allocateBlock(SCMBlockProtocolServer.java:175)
	at org.apache.hadoop.ozone.protocolPB.ScmBlockLocationProtocolServerSideTranslatorPB.allocateScmBlock(ScmBlockLocationProtocolServerSideTranslatorPB.java:153)
	at org.apache.hadoop.ozone.protocolPB.ScmBlockLocationProtocolServerSideTranslatorPB.send(ScmBlockLocationProtocolServerSideTranslatorPB.java:112)
	at org.apache.hadoop.hdds.protocol.proto.ScmBlockLocationProtocolProtos$ScmBlockLocationProtocolService$2.callBlockingMethod(ScmBlockLocationProtocolProtos.java:13157)
	at org.apache.hadoop.ipc.ProtobufRpcEngine$Server$ProtoBufRpcInvoker.call(ProtobufRpcEngine.java:524)
	at org.apache.hadoop.ipc.RPC$Server.call(RPC.java:1025)
	at org.apache.hadoop.ipc.Server$RpcCall.run(Server.java:876)
	at org.apache.hadoop.ipc.Server$RpcCall.run(Server.java:822)
	at java.security.AccessController.doPrivileged(Native Method)
	at javax.security.auth.Subject.doAs(Subject.java:422)
	at org.apache.hadoop.security.UserGroupInformation.doAs(UserGroupInformation.java:1730)
	at org.apache.hadoop.ipc.Server$Handler.run(Server.java:2682)
2019-09-20 08:29:29,979 [IPC Server handler 3 on 33158] INFO  block.BlockManagerImpl (BlockManagerImpl.java:allocateBlock(198)) - Could not find available pipeline of type:RATIS and factor:THREE even after retrying
2019-09-20 08:29:29,979 [IPC Server handler 3 on 33158] ERROR block.BlockManagerImpl (BlockManagerImpl.java:allocateBlock(222)) - Unable to allocate a block for the size: 4194304, type: RATIS, factor: THREE
2019-09-20 08:29:29,979 [IPC Server handler 3 on 33158] INFO  pipeline.PipelinePlacementPolicy (PipelinePlacementPolicy.java:meetCriteria(91)) - Pipeline Placement: Doesn't meet the criteria to be viable node： 62869313-87e7-4095-b37c-6162291b45c6 Heaviness: 6 limit: 5
2019-09-20 08:29:29,979 [IPC Server handler 3 on 33158] INFO  pipeline.PipelinePlacementPolicy (PipelinePlacementPolicy.java:meetCriteria(91)) - Pipeline Placement: Doesn't meet the criteria to be viable node： b348fd93-74e1-48ea-bc11-2098387e019e Heaviness: 6 limit: 5
2019-09-20 08:29:29,980 [IPC Server handler 3 on 33158] INFO  pipeline.PipelinePlacementPolicy (PipelinePlacementPolicy.java:meetCriteria(91)) - Pipeline Placement: Doesn't meet the criteria to be viable node： 977c6be4-088e-49bb-bd18-954d6d3cf26e Heaviness: 6 limit: 5
2019-09-20 08:29:29,980 [IPC Server handler 3 on 33158] ERROR pipeline.PipelinePlacementPolicy (PipelinePlacementPolicy.java:filterViableNodes(148)) - Unable to find enough nodes that meet the criteria that cannot engage in more than 5 pipelines. Nodes required: 3 Found: 0, healthy nodes count inNodeManager: 3.
2019-09-20 08:29:29,980 [IPC Server handler 3 on 33158] ERROR pipeline.SCMPipelineManager (SCMPipelineManager.java:createPipeline(161)) - Pipeline creation failed due to exception: Unable to find enough nodes that meet the criteria that cannot engage in more than 5 pipelines. Nodes required: 3 Found: 0, healthy nodes count inNodeManager: 3.
2019-09-20 08:29:29,980 [IPC Server handler 3 on 33158] WARN  block.BlockManagerImpl (BlockManagerImpl.java:allocateBlock(192)) - Pipeline creation failed for type:RATIS factor:THREE. Retrying get pipelines call once.
org.apache.hadoop.hdds.scm.exceptions.SCMException: Unable to find enough nodes that meet the criteria that cannot engage in more than 5 pipelines. Nodes required: 3 Found: 0, healthy nodes count inNodeManager: 3.
	at org.apache.hadoop.hdds.scm.pipeline.PipelinePlacementPolicy.filterViableNodes(PipelinePlacementPolicy.java:149)
	at org.apache.hadoop.hdds.scm.pipeline.PipelinePlacementPolicy.chooseDatanodes(PipelinePlacementPolicy.java:172)
	at org.apache.hadoop.hdds.scm.pipeline.RatisPipelineProvider.create(RatisPipelineProvider.java:92)
	at org.apache.hadoop.hdds.scm.pipeline.PipelineFactory.create(PipelineFactory.java:57)
	at org.apache.hadoop.hdds.scm.pipeline.SCMPipelineManager.createPipeline(SCMPipelineManager.java:149)
	at org.apache.hadoop.hdds.scm.block.BlockManagerImpl.allocateBlock(BlockManagerImpl.java:190)
	at org.apache.hadoop.hdds.scm.server.SCMBlockProtocolServer.allocateBlock(SCMBlockProtocolServer.java:175)
	at org.apache.hadoop.ozone.protocolPB.ScmBlockLocationProtocolServerSideTranslatorPB.allocateScmBlock(ScmBlockLocationProtocolServerSideTranslatorPB.java:153)
	at org.apache.hadoop.ozone.protocolPB.ScmBlockLocationProtocolServerSideTranslatorPB.send(ScmBlockLocationProtocolServerSideTranslatorPB.java:112)
	at org.apache.hadoop.hdds.protocol.proto.ScmBlockLocationProtocolProtos$ScmBlockLocationProtocolService$2.callBlockingMethod(ScmBlockLocationProtocolProtos.java:13157)
	at org.apache.hadoop.ipc.ProtobufRpcEngine$Server$ProtoBufRpcInvoker.call(ProtobufRpcEngine.java:524)
	at org.apache.hadoop.ipc.RPC$Server.call(RPC.java:1025)
	at org.apache.hadoop.ipc.Server$RpcCall.run(Server.java:876)
	at org.apache.hadoop.ipc.Server$RpcCall.run(Server.java:822)
	at java.security.AccessController.doPrivileged(Native Method)
	at javax.security.auth.Subject.doAs(Subject.java:422)
	at org.apache.hadoop.security.UserGroupInformation.doAs(UserGroupInformation.java:1730)
	at org.apache.hadoop.ipc.Server$Handler.run(Server.java:2682)
2019-09-20 08:29:29,981 [IPC Server handler 3 on 33158] INFO  block.BlockManagerImpl (BlockManagerImpl.java:allocateBlock(198)) - Could not find available pipeline of type:RATIS and factor:THREE even after retrying
2019-09-20 08:29:29,981 [IPC Server handler 3 on 33158] ERROR block.BlockManagerImpl (BlockManagerImpl.java:allocateBlock(222)) - Unable to allocate a block for the size: 4194304, type: RATIS, factor: THREE
2019-09-20 08:29:29,981 [IPC Server handler 3 on 33158] INFO  pipeline.PipelinePlacementPolicy (PipelinePlacementPolicy.java:meetCriteria(91)) - Pipeline Placement: Doesn't meet the criteria to be viable node： 62869313-87e7-4095-b37c-6162291b45c6 Heaviness: 6 limit: 5
2019-09-20 08:29:29,982 [IPC Server handler 3 on 33158] INFO  pipeline.PipelinePlacementPolicy (PipelinePlacementPolicy.java:meetCriteria(91)) - Pipeline Placement: Doesn't meet the criteria to be viable node： b348fd93-74e1-48ea-bc11-2098387e019e Heaviness: 6 limit: 5
2019-09-20 08:29:29,982 [IPC Server handler 3 on 33158] INFO  pipeline.PipelinePlacementPolicy (PipelinePlacementPolicy.java:meetCriteria(91)) - Pipeline Placement: Doesn't meet the criteria to be viable node： 977c6be4-088e-49bb-bd18-954d6d3cf26e Heaviness: 6 limit: 5
2019-09-20 08:29:29,982 [IPC Server handler 3 on 33158] ERROR pipeline.PipelinePlacementPolicy (PipelinePlacementPolicy.java:filterViableNodes(148)) - Unable to find enough nodes that meet the criteria that cannot engage in more than 5 pipelines. Nodes required: 3 Found: 0, healthy nodes count inNodeManager: 3.
2019-09-20 08:29:29,982 [IPC Server handler 3 on 33158] ERROR pipeline.SCMPipelineManager (SCMPipelineManager.java:createPipeline(161)) - Pipeline creation failed due to exception: Unable to find enough nodes that meet the criteria that cannot engage in more than 5 pipelines. Nodes required: 3 Found: 0, healthy nodes count inNodeManager: 3.
2019-09-20 08:29:29,983 [IPC Server handler 3 on 33158] WARN  block.BlockManagerImpl (BlockManagerImpl.java:allocateBlock(192)) - Pipeline creation failed for type:RATIS factor:THREE. Retrying get pipelines call once.
org.apache.hadoop.hdds.scm.exceptions.SCMException: Unable to find enough nodes that meet the criteria that cannot engage in more than 5 pipelines. Nodes required: 3 Found: 0, healthy nodes count inNodeManager: 3.
	at org.apache.hadoop.hdds.scm.pipeline.PipelinePlacementPolicy.filterViableNodes(PipelinePlacementPolicy.java:149)
	at org.apache.hadoop.hdds.scm.pipeline.PipelinePlacementPolicy.chooseDatanodes(PipelinePlacementPolicy.java:172)
	at org.apache.hadoop.hdds.scm.pipeline.RatisPipelineProvider.create(RatisPipelineProvider.java:92)
	at org.apache.hadoop.hdds.scm.pipeline.PipelineFactory.create(PipelineFactory.java:57)
	at org.apache.hadoop.hdds.scm.pipeline.SCMPipelineManager.createPipeline(SCMPipelineManager.java:149)
	at org.apache.hadoop.hdds.scm.block.BlockManagerImpl.allocateBlock(BlockManagerImpl.java:190)
	at org.apache.hadoop.hdds.scm.server.SCMBlockProtocolServer.allocateBlock(SCMBlockProtocolServer.java:175)
	at org.apache.hadoop.ozone.protocolPB.ScmBlockLocationProtocolServerSideTranslatorPB.allocateScmBlock(ScmBlockLocationProtocolServerSideTranslatorPB.java:153)
	at org.apache.hadoop.ozone.protocolPB.ScmBlockLocationProtocolServerSideTranslatorPB.send(ScmBlockLocationProtocolServerSideTranslatorPB.java:112)
	at org.apache.hadoop.hdds.protocol.proto.ScmBlockLocationProtocolProtos$ScmBlockLocationProtocolService$2.callBlockingMethod(ScmBlockLocationProtocolProtos.java:13157)
	at org.apache.hadoop.ipc.ProtobufRpcEngine$Server$ProtoBufRpcInvoker.call(ProtobufRpcEngine.java:524)
	at org.apache.hadoop.ipc.RPC$Server.call(RPC.java:1025)
	at org.apache.hadoop.ipc.Server$RpcCall.run(Server.java:876)
	at org.apache.hadoop.ipc.Server$RpcCall.run(Server.java:822)
	at java.security.AccessController.doPrivileged(Native Method)
	at javax.security.auth.Subject.doAs(Subject.java:422)
	at org.apache.hadoop.security.UserGroupInformation.doAs(UserGroupInformation.java:1730)
	at org.apache.hadoop.ipc.Server$Handler.run(Server.java:2682)
2019-09-20 08:29:29,983 [IPC Server handler 3 on 33158] INFO  block.BlockManagerImpl (BlockManagerImpl.java:allocateBlock(198)) - Could not find available pipeline of type:RATIS and factor:THREE even after retrying
2019-09-20 08:29:29,983 [IPC Server handler 3 on 33158] ERROR block.BlockManagerImpl (BlockManagerImpl.java:allocateBlock(222)) - Unable to allocate a block for the size: 4194304, type: RATIS, factor: THREE
2019-09-20 08:29:29,984 | INFO  | SCMAudit | user=jenkins1000 | ip=192.168.34.27 | op=ALLOCATE_BLOCK {owner=5217958b-0c37-4676-a336-b6e92747cc9f, size=4194304, type=RATIS, factor=THREE} | ret=SUCCESS |  
2019-09-20 08:29:29,989 | ERROR | OMAudit | user=jenkins1000 | ip=127.0.0.1 | op=ALLOCATE_KEY {volume=vol-0-70030, bucket=bucket-0-82795, key=key-0-33014, dataSize=20971520, replicationType=RATIS, replicationFactor=THREE, keyLocationInfo=null} | ret=FAILURE | org.apache.hadoop.hdds.scm.exceptions.SCMException: Allocated 0 blocks. Requested 5 blocks
	at org.apache.hadoop.hdds.scm.protocolPB.ScmBlockLocationProtocolClientSideTranslatorPB.handleError(ScmBlockLocationProtocolClientSideTranslatorPB.java:118)
	at org.apache.hadoop.hdds.scm.protocolPB.ScmBlockLocationProtocolClientSideTranslatorPB.allocateBlock(ScmBlockLocationProtocolClientSideTranslatorPB.java:156) 
2019-09-20 08:29:29,993 [pool-56-thread-3] ERROR freon.RandomKeyGenerator (RandomKeyGenerator.java:createKey(724)) - Exception while adding key: key-0-33014 in bucket: bucket-0-82795 of volume: vol-0-70030.
INTERNAL_ERROR org.apache.hadoop.ozone.om.exceptions.OMException: Allocated 0 blocks. Requested 5 blocks
	at org.apache.hadoop.ozone.om.protocolPB.OzoneManagerProtocolClientSideTranslatorPB.handleError(OzoneManagerProtocolClientSideTranslatorPB.java:725)
	at org.apache.hadoop.ozone.om.protocolPB.OzoneManagerProtocolClientSideTranslatorPB.openKey(OzoneManagerProtocolClientSideTranslatorPB.java:716)
	at org.apache.hadoop.ozone.client.rpc.RpcClient.createKey(RpcClient.java:615)
	at org.apache.hadoop.ozone.client.OzoneBucket.createKey(OzoneBucket.java:323)
	at org.apache.hadoop.ozone.freon.RandomKeyGenerator.createKey(RandomKeyGenerator.java:686)
	at org.apache.hadoop.ozone.freon.RandomKeyGenerator.access$1100(RandomKeyGenerator.java:87)
	at org.apache.hadoop.ozone.freon.RandomKeyGenerator$ObjectCreator.run(RandomKeyGenerator.java:606)
	at java.util.concurrent.Executors$RunnableAdapter.call(Executors.java:511)
	at java.util.concurrent.FutureTask.run(FutureTask.java:266)
	at java.util.concurrent.ThreadPoolExecutor.runWorker(ThreadPoolExecutor.java:1149)
	at java.util.concurrent.ThreadPoolExecutor$Worker.run(ThreadPoolExecutor.java:624)
	at java.lang.Thread.run(Thread.java:748)
2019-09-20 08:29:30,397 | INFO  | SCMAudit | user=jenkins1000 | ip=192.168.34.27 | op=SEND_HEARTBEAT {datanodeUUID=62869313-87e7-4095-b37c-6162291b45c6, command=[]} | ret=SUCCESS |  
2019-09-20 08:29:30,446 [Thread-177] INFO  container.ReplicationManager (ReplicationManager.java:start(151)) - Starting Replication Monitor Thread.
2019-09-20 08:29:30,448 [ReplicationMonitor] INFO  container.ReplicationManager (ReplicationManager.java:run(214)) - Replication Monitor Thread took 1 milliseconds for processing 0 containers.
 0.00% |█                                                                                                    |  0/1 Time: 0:00:012019-09-20 08:29:30,625 | INFO  | SCMAudit | user=jenkins1000 | ip=192.168.34.27 | op=SEND_HEARTBEAT {datanodeUUID=977c6be4-088e-49bb-bd18-954d6d3cf26e, command=[]} | ret=SUCCESS |  
2019-09-20 08:29:30,832 | INFO  | SCMAudit | user=jenkins1000 | ip=192.168.34.27 | op=SEND_HEARTBEAT {datanodeUUID=b348fd93-74e1-48ea-bc11-2098387e019e, command=[]} | ret=SUCCESS |  
2019-09-20 08:29:31,398 | INFO  | SCMAudit | user=jenkins1000 | ip=192.168.34.27 | op=SEND_HEARTBEAT {datanodeUUID=62869313-87e7-4095-b37c-6162291b45c6, command=[]} | ret=SUCCESS |  
 0.00% |█                                                                                                    |  0/1 Time: 0:00:022019-09-20 08:29:31,625 | INFO  | SCMAudit | user=jenkins1000 | ip=192.168.34.27 | op=SEND_HEARTBEAT {datanodeUUID=977c6be4-088e-49bb-bd18-954d6d3cf26e, command=[]} | ret=SUCCESS |  
2019-09-20 08:29:31,826 | INFO  | SCMAudit | user=jenkins1000 | ip=192.168.34.27 | op=SEND_HEARTBEAT {datanodeUUID=b348fd93-74e1-48ea-bc11-2098387e019e, command=[]} | ret=SUCCESS |  
2019-09-20 08:29:32,398 | INFO  | SCMAudit | user=jenkins1000 | ip=192.168.34.27 | op=SEND_HEARTBEAT {datanodeUUID=62869313-87e7-4095-b37c-6162291b45c6, command=[]} | ret=SUCCESS |  
 0.00% |█                                                                                                    |  0/1 Time: 0:00:032019-09-20 08:29:32,624 | INFO  | SCMAudit | user=jenkins1000 | ip=192.168.34.27 | op=SEND_HEARTBEAT {datanodeUUID=977c6be4-088e-49bb-bd18-954d6d3cf26e, command=[]} | ret=SUCCESS |  
2019-09-20 08:29:32,824 | INFO  | SCMAudit | user=jenkins1000 | ip=192.168.34.27 | op=SEND_HEARTBEAT {datanodeUUID=b348fd93-74e1-48ea-bc11-2098387e019e, command=[]} | ret=SUCCESS |  
2019-09-20 08:29:33,397 | INFO  | SCMAudit | user=jenkins1000 | ip=192.168.34.27 | op=SEND_HEARTBEAT {datanodeUUID=62869313-87e7-4095-b37c-6162291b45c6, command=[]} | ret=SUCCESS |  
 0.00% |█                                                                                                    |  0/1 Time: 0:00:042019-09-20 08:29:33,625 | INFO  | SCMAudit | user=jenkins1000 | ip=192.168.34.27 | op=SEND_HEARTBEAT {datanodeUUID=977c6be4-088e-49bb-bd18-954d6d3cf26e, command=[]} | ret=SUCCESS |  
2019-09-20 08:29:33,722 [Thread-179] INFO  impl.FollowerState (FollowerState.java:run(106)) - 62869313-87e7-4095-b37c-6162291b45c6:group-EB949986BF1E changes to CANDIDATE, lastRpcTime:5005, electionTimeout:5004ms
2019-09-20 08:29:33,722 [Thread-179] INFO  impl.RoleInfo (RoleInfo.java:shutdownFollowerState(121)) - 62869313-87e7-4095-b37c-6162291b45c6: shutdown FollowerState
2019-09-20 08:29:33,722 [Thread-179] INFO  impl.RaftServerImpl (RaftServerImpl.java:setRole(171)) - 62869313-87e7-4095-b37c-6162291b45c6:group-EB949986BF1E changes role from FOLLOWER to CANDIDATE at term 0 for changeToCandidate
2019-09-20 08:29:33,728 [Thread-179] INFO  impl.RoleInfo (RoleInfo.java:updateAndGet(143)) - 62869313-87e7-4095-b37c-6162291b45c6: start LeaderElection
2019-09-20 08:29:33,758 [62869313-87e7-4095-b37c-6162291b45c6:group-EB949986BF1E:LeaderElection1] INFO  impl.LeaderElection (LeaderElection.java:askForVotes(181)) - 62869313-87e7-4095-b37c-6162291b45c6:group-EB949986BF1E:LeaderElection1: begin an election at term 1 for -1: [62869313-87e7-4095-b37c-6162291b45c6:192.168.34.27:38218], old=null
2019-09-20 08:29:33,760 [62869313-87e7-4095-b37c-6162291b45c6:group-EB949986BF1E:LeaderElection1] INFO  impl.RoleInfo (RoleInfo.java:shutdownLeaderElection(134)) - 62869313-87e7-4095-b37c-6162291b45c6: shutdown LeaderElection
2019-09-20 08:29:33,761 [62869313-87e7-4095-b37c-6162291b45c6:group-EB949986BF1E:LeaderElection1] INFO  impl.RaftServerImpl (RaftServerImpl.java:setRole(171)) - 62869313-87e7-4095-b37c-6162291b45c6:group-EB949986BF1E changes role from CANDIDATE to LEADER at term 1 for changeToLeader
2019-09-20 08:29:33,761 [62869313-87e7-4095-b37c-6162291b45c6:group-EB949986BF1E:LeaderElection1] INFO  impl.RaftServerImpl (ServerState.java:setLeader(263)) - 62869313-87e7-4095-b37c-6162291b45c6:group-EB949986BF1E change Leader from null to 62869313-87e7-4095-b37c-6162291b45c6 at term 1 for becomeLeader, leader elected after 5144ms
2019-09-20 08:29:33,769 [62869313-87e7-4095-b37c-6162291b45c6:group-EB949986BF1E:LeaderElection1] INFO  server.RaftServerConfigKeys (ConfUtils.java:logGet(43)) - raft.server.staging.catchup.gap = 1000 (default)
2019-09-20 08:29:33,770 [62869313-87e7-4095-b37c-6162291b45c6:group-EB949986BF1E:LeaderElection1] INFO  server.RaftServerConfigKeys (ConfUtils.java:logGet(43)) - raft.server.rpc.sleep.time = 25ms (default)
2019-09-20 08:29:33,773 [62869313-87e7-4095-b37c-6162291b45c6:group-EB949986BF1E:LeaderElection1] INFO  server.RaftServerConfigKeys (ConfUtils.java:logGet(43)) - raft.server.write.element-limit = 4096 (default)
2019-09-20 08:29:33,777 [62869313-87e7-4095-b37c-6162291b45c6:group-EB949986BF1E:LeaderElection1] INFO  server.RaftServerConfigKeys (ConfUtils.java:logGet(43)) - raft.server.watch.timeout = 10s (default)
2019-09-20 08:29:33,777 [62869313-87e7-4095-b37c-6162291b45c6:group-EB949986BF1E:LeaderElection1] INFO  server.RaftServerConfigKeys (ConfUtils.java:logGet(43)) - raft.server.watch.timeout.denomination = 1s (default)
2019-09-20 08:29:33,778 [62869313-87e7-4095-b37c-6162291b45c6:group-EB949986BF1E:LeaderElection1] INFO  server.RaftServerConfigKeys (ConfUtils.java:logGet(43)) - raft.server.watch.element-limit = 65536 (default)
2019-09-20 08:29:33,789 [62869313-87e7-4095-b37c-6162291b45c6:group-EB949986BF1E:LeaderElection1] INFO  impl.RoleInfo (RoleInfo.java:updateAndGet(143)) - 62869313-87e7-4095-b37c-6162291b45c6: start LeaderState
2019-09-20 08:29:33,820 [62869313-87e7-4095-b37c-6162291b45c6:group-EB949986BF1E:LeaderElection1] INFO  segmented.SegmentedRaftLogWorker (SegmentedRaftLogWorker.java:startLogSegment(380)) - 62869313-87e7-4095-b37c-6162291b45c6-SegmentedRaftLogWorker:Storage Directory /workdir/hadoop-ozone/tools/target/test-dir/MiniOzoneClusterImpl-d51e23b7-a35f-4296-b546-392ac43315b2/datanode-0/data/ratis/d78eac0f-a44e-4a07-82d1-eb949986bf1e: Starting segment from index:0
2019-09-20 08:29:33,824 | INFO  | SCMAudit | user=jenkins1000 | ip=192.168.34.27 | op=SEND_HEARTBEAT {datanodeUUID=b348fd93-74e1-48ea-bc11-2098387e019e, command=[]} | ret=SUCCESS |  
2019-09-20 08:29:33,833 [62869313-87e7-4095-b37c-6162291b45c6:group-EB949986BF1E:LeaderElection1] INFO  impl.RaftServerImpl (ServerState.java:setRaftConf(361)) - 62869313-87e7-4095-b37c-6162291b45c6:group-EB949986BF1E set configuration 0: [62869313-87e7-4095-b37c-6162291b45c6:192.168.34.27:38218], old=null at 0
2019-09-20 08:29:33,976 [Thread-182] INFO  impl.FollowerState (FollowerState.java:run(106)) - 977c6be4-088e-49bb-bd18-954d6d3cf26e:group-2A8FDDE810EE changes to CANDIDATE, lastRpcTime:5055, electionTimeout:5054ms
2019-09-20 08:29:33,978 [Thread-182] INFO  impl.RoleInfo (RoleInfo.java:shutdownFollowerState(121)) - 977c6be4-088e-49bb-bd18-954d6d3cf26e: shutdown FollowerState
2019-09-20 08:29:33,979 [Thread-182] INFO  impl.RaftServerImpl (RaftServerImpl.java:setRole(171)) - 977c6be4-088e-49bb-bd18-954d6d3cf26e:group-2A8FDDE810EE changes role from FOLLOWER to CANDIDATE at term 0 for changeToCandidate
2019-09-20 08:29:33,979 [Thread-182] INFO  impl.RoleInfo (RoleInfo.java:updateAndGet(143)) - 977c6be4-088e-49bb-bd18-954d6d3cf26e: start LeaderElection
2019-09-20 08:29:34,024 [62869313-87e7-4095-b37c-6162291b45c6-SegmentedRaftLogWorker:Storage Directory /workdir/hadoop-ozone/tools/target/test-dir/MiniOzoneClusterImpl-d51e23b7-a35f-4296-b546-392ac43315b2/datanode-0/data/ratis/d78eac0f-a44e-4a07-82d1-eb949986bf1e] INFO  segmented.SegmentedRaftLogWorker (SegmentedRaftLogWorker.java:execute(569)) - 62869313-87e7-4095-b37c-6162291b45c6-SegmentedRaftLogWorker:Storage Directory /workdir/hadoop-ozone/tools/target/test-dir/MiniOzoneClusterImpl-d51e23b7-a35f-4296-b546-392ac43315b2/datanode-0/data/ratis/d78eac0f-a44e-4a07-82d1-eb949986bf1e: created new log segment /workdir/hadoop-ozone/tools/target/test-dir/MiniOzoneClusterImpl-d51e23b7-a35f-4296-b546-392ac43315b2/datanode-0/data/ratis/d78eac0f-a44e-4a07-82d1-eb949986bf1e/current/log_inprogress_0
2019-09-20 08:29:34,024 [977c6be4-088e-49bb-bd18-954d6d3cf26e:group-2A8FDDE810EE:LeaderElection2] INFO  impl.LeaderElection (LeaderElection.java:askForVotes(181)) - 977c6be4-088e-49bb-bd18-954d6d3cf26e:group-2A8FDDE810EE:LeaderElection2: begin an election at term 1 for -1: [977c6be4-088e-49bb-bd18-954d6d3cf26e:192.168.34.27:41596], old=null
2019-09-20 08:29:34,026 [977c6be4-088e-49bb-bd18-954d6d3cf26e:group-2A8FDDE810EE:LeaderElection2] INFO  impl.RoleInfo (RoleInfo.java:shutdownLeaderElection(134)) - 977c6be4-088e-49bb-bd18-954d6d3cf26e: shutdown LeaderElection
2019-09-20 08:29:34,026 [977c6be4-088e-49bb-bd18-954d6d3cf26e:group-2A8FDDE810EE:LeaderElection2] INFO  impl.RaftServerImpl (RaftServerImpl.java:setRole(171)) - 977c6be4-088e-49bb-bd18-954d6d3cf26e:group-2A8FDDE810EE changes role from CANDIDATE to LEADER at term 1 for changeToLeader
2019-09-20 08:29:34,026 [977c6be4-088e-49bb-bd18-954d6d3cf26e:group-2A8FDDE810EE:LeaderElection2] INFO  impl.RaftServerImpl (ServerState.java:setLeader(263)) - 977c6be4-088e-49bb-bd18-954d6d3cf26e:group-2A8FDDE810EE change Leader from null to 977c6be4-088e-49bb-bd18-954d6d3cf26e at term 1 for becomeLeader, leader elected after 5116ms
2019-09-20 08:29:34,026 [977c6be4-088e-49bb-bd18-954d6d3cf26e:group-2A8FDDE810EE:LeaderElection2] INFO  server.RaftServerConfigKeys (ConfUtils.java:logGet(43)) - raft.server.staging.catchup.gap = 1000 (default)
2019-09-20 08:29:34,027 [977c6be4-088e-49bb-bd18-954d6d3cf26e:group-2A8FDDE810EE:LeaderElection2] INFO  server.RaftServerConfigKeys (ConfUtils.java:logGet(43)) - raft.server.rpc.sleep.time = 25ms (default)
2019-09-20 08:29:34,027 [977c6be4-088e-49bb-bd18-954d6d3cf26e:group-2A8FDDE810EE:LeaderElection2] INFO  server.RaftServerConfigKeys (ConfUtils.java:logGet(43)) - raft.server.write.element-limit = 4096 (default)
2019-09-20 08:29:34,027 [977c6be4-088e-49bb-bd18-954d6d3cf26e:group-2A8FDDE810EE:LeaderElection2] INFO  server.RaftServerConfigKeys (ConfUtils.java:logGet(43)) - raft.server.watch.timeout = 10s (default)
2019-09-20 08:29:34,027 [977c6be4-088e-49bb-bd18-954d6d3cf26e:group-2A8FDDE810EE:LeaderElection2] INFO  server.RaftServerConfigKeys (ConfUtils.java:logGet(43)) - raft.server.watch.timeout.denomination = 1s (default)
2019-09-20 08:29:34,027 [977c6be4-088e-49bb-bd18-954d6d3cf26e:group-2A8FDDE810EE:LeaderElection2] INFO  server.RaftServerConfigKeys (ConfUtils.java:logGet(43)) - raft.server.watch.element-limit = 65536 (default)
2019-09-20 08:29:34,028 [977c6be4-088e-49bb-bd18-954d6d3cf26e:group-2A8FDDE810EE:LeaderElection2] INFO  impl.RoleInfo (RoleInfo.java:updateAndGet(143)) - 977c6be4-088e-49bb-bd18-954d6d3cf26e: start LeaderState
2019-09-20 08:29:34,028 [977c6be4-088e-49bb-bd18-954d6d3cf26e:group-2A8FDDE810EE:LeaderElection2] INFO  segmented.SegmentedRaftLogWorker (SegmentedRaftLogWorker.java:startLogSegment(380)) - 977c6be4-088e-49bb-bd18-954d6d3cf26e-SegmentedRaftLogWorker:Storage Directory /workdir/hadoop-ozone/tools/target/test-dir/MiniOzoneClusterImpl-d51e23b7-a35f-4296-b546-392ac43315b2/datanode-1/data/ratis/1b2f7494-4f59-4b8a-9f0d-2a8fdde810ee: Starting segment from index:0
2019-09-20 08:29:34,029 [977c6be4-088e-49bb-bd18-954d6d3cf26e:group-2A8FDDE810EE:LeaderElection2] INFO  impl.RaftServerImpl (ServerState.java:setRaftConf(361)) - 977c6be4-088e-49bb-bd18-954d6d3cf26e:group-2A8FDDE810EE set configuration 0: [977c6be4-088e-49bb-bd18-954d6d3cf26e:192.168.34.27:41596], old=null at 0
2019-09-20 08:29:34,074 [977c6be4-088e-49bb-bd18-954d6d3cf26e-SegmentedRaftLogWorker:Storage Directory /workdir/hadoop-ozone/tools/target/test-dir/MiniOzoneClusterImpl-d51e23b7-a35f-4296-b546-392ac43315b2/datanode-1/data/ratis/1b2f7494-4f59-4b8a-9f0d-2a8fdde810ee] INFO  segmented.SegmentedRaftLogWorker (SegmentedRaftLogWorker.java:execute(569)) - 977c6be4-088e-49bb-bd18-954d6d3cf26e-SegmentedRaftLogWorker:Storage Directory /workdir/hadoop-ozone/tools/target/test-dir/MiniOzoneClusterImpl-d51e23b7-a35f-4296-b546-392ac43315b2/datanode-1/data/ratis/1b2f7494-4f59-4b8a-9f0d-2a8fdde810ee: created new log segment /workdir/hadoop-ozone/tools/target/test-dir/MiniOzoneClusterImpl-d51e23b7-a35f-4296-b546-392ac43315b2/datanode-1/data/ratis/1b2f7494-4f59-4b8a-9f0d-2a8fdde810ee/current/log_inprogress_0
2019-09-20 08:29:34,115 [Thread-186] INFO  impl.FollowerState (FollowerState.java:run(106)) - b348fd93-74e1-48ea-bc11-2098387e019e:group-2C72DA122CED changes to CANDIDATE, lastRpcTime:5093, electionTimeout:5093ms
2019-09-20 08:29:34,115 [Thread-186] INFO  impl.RoleInfo (RoleInfo.java:shutdownFollowerState(121)) - b348fd93-74e1-48ea-bc11-2098387e019e: shutdown FollowerState
2019-09-20 08:29:34,115 [Thread-186] INFO  impl.RaftServerImpl (RaftServerImpl.java:setRole(171)) - b348fd93-74e1-48ea-bc11-2098387e019e:group-2C72DA122CED changes role from FOLLOWER to CANDIDATE at term 0 for changeToCandidate
2019-09-20 08:29:34,115 [Thread-186] INFO  impl.RoleInfo (RoleInfo.java:updateAndGet(143)) - b348fd93-74e1-48ea-bc11-2098387e019e: start LeaderElection
2019-09-20 08:29:34,131 [b348fd93-74e1-48ea-bc11-2098387e019e:group-2C72DA122CED:LeaderElection3] INFO  impl.LeaderElection (LeaderElection.java:askForVotes(181)) - b348fd93-74e1-48ea-bc11-2098387e019e:group-2C72DA122CED:LeaderElection3: begin an election at term 1 for -1: [b348fd93-74e1-48ea-bc11-2098387e019e:192.168.34.27:38321], old=null
2019-09-20 08:29:34,134 [b348fd93-74e1-48ea-bc11-2098387e019e:group-2C72DA122CED:LeaderElection3] INFO  impl.RoleInfo (RoleInfo.java:shutdownLeaderElection(134)) - b348fd93-74e1-48ea-bc11-2098387e019e: shutdown LeaderElection
2019-09-20 08:29:34,135 [b348fd93-74e1-48ea-bc11-2098387e019e:group-2C72DA122CED:LeaderElection3] INFO  impl.RaftServerImpl (RaftServerImpl.java:setRole(171)) - b348fd93-74e1-48ea-bc11-2098387e019e:group-2C72DA122CED changes role from CANDIDATE to LEADER at term 1 for changeToLeader
2019-09-20 08:29:34,135 [b348fd93-74e1-48ea-bc11-2098387e019e:group-2C72DA122CED:LeaderElection3] INFO  impl.RaftServerImpl (ServerState.java:setLeader(263)) - b348fd93-74e1-48ea-bc11-2098387e019e:group-2C72DA122CED change Leader from null to b348fd93-74e1-48ea-bc11-2098387e019e at term 1 for becomeLeader, leader elected after 5119ms
2019-09-20 08:29:34,135 [b348fd93-74e1-48ea-bc11-2098387e019e:group-2C72DA122CED:LeaderElection3] INFO  server.RaftServerConfigKeys (ConfUtils.java:logGet(43)) - raft.server.staging.catchup.gap = 1000 (default)
2019-09-20 08:29:34,135 [b348fd93-74e1-48ea-bc11-2098387e019e:group-2C72DA122CED:LeaderElection3] INFO  server.RaftServerConfigKeys (ConfUtils.java:logGet(43)) - raft.server.rpc.sleep.time = 25ms (default)
2019-09-20 08:29:34,136 [b348fd93-74e1-48ea-bc11-2098387e019e:group-2C72DA122CED:LeaderElection3] INFO  server.RaftServerConfigKeys (ConfUtils.java:logGet(43)) - raft.server.write.element-limit = 4096 (default)
2019-09-20 08:29:34,136 [b348fd93-74e1-48ea-bc11-2098387e019e:group-2C72DA122CED:LeaderElection3] INFO  server.RaftServerConfigKeys (ConfUtils.java:logGet(43)) - raft.server.watch.timeout = 10s (default)
2019-09-20 08:29:34,136 [b348fd93-74e1-48ea-bc11-2098387e019e:group-2C72DA122CED:LeaderElection3] INFO  server.RaftServerConfigKeys (ConfUtils.java:logGet(43)) - raft.server.watch.timeout.denomination = 1s (default)
2019-09-20 08:29:34,136 [b348fd93-74e1-48ea-bc11-2098387e019e:group-2C72DA122CED:LeaderElection3] INFO  server.RaftServerConfigKeys (ConfUtils.java:logGet(43)) - raft.server.watch.element-limit = 65536 (default)
2019-09-20 08:29:34,137 [b348fd93-74e1-48ea-bc11-2098387e019e:group-2C72DA122CED:LeaderElection3] INFO  impl.RoleInfo (RoleInfo.java:updateAndGet(143)) - b348fd93-74e1-48ea-bc11-2098387e019e: start LeaderState
2019-09-20 08:29:34,137 [b348fd93-74e1-48ea-bc11-2098387e019e:group-2C72DA122CED:LeaderElection3] INFO  segmented.SegmentedRaftLogWorker (SegmentedRaftLogWorker.java:startLogSegment(380)) - b348fd93-74e1-48ea-bc11-2098387e019e-SegmentedRaftLogWorker:Storage Directory /workdir/hadoop-ozone/tools/target/test-dir/MiniOzoneClusterImpl-d51e23b7-a35f-4296-b546-392ac43315b2/datanode-2/data/ratis/0ea6f14c-533a-46b7-876c-2c72da122ced: Starting segment from index:0
2019-09-20 08:29:34,138 [b348fd93-74e1-48ea-bc11-2098387e019e:group-2C72DA122CED:LeaderElection3] INFO  impl.RaftServerImpl (ServerState.java:setRaftConf(361)) - b348fd93-74e1-48ea-bc11-2098387e019e:group-2C72DA122CED set configuration 0: [b348fd93-74e1-48ea-bc11-2098387e019e:192.168.34.27:38321], old=null at 0
2019-09-20 08:29:34,178 [b348fd93-74e1-48ea-bc11-2098387e019e-SegmentedRaftLogWorker:Storage Directory /workdir/hadoop-ozone/tools/target/test-dir/MiniOzoneClusterImpl-d51e23b7-a35f-4296-b546-392ac43315b2/datanode-2/data/ratis/0ea6f14c-533a-46b7-876c-2c72da122ced] INFO  segmented.SegmentedRaftLogWorker (SegmentedRaftLogWorker.java:execute(569)) - b348fd93-74e1-48ea-bc11-2098387e019e-SegmentedRaftLogWorker:Storage Directory /workdir/hadoop-ozone/tools/target/test-dir/MiniOzoneClusterImpl-d51e23b7-a35f-4296-b546-392ac43315b2/datanode-2/data/ratis/0ea6f14c-533a-46b7-876c-2c72da122ced: created new log segment /workdir/hadoop-ozone/tools/target/test-dir/MiniOzoneClusterImpl-d51e23b7-a35f-4296-b546-392ac43315b2/datanode-2/data/ratis/0ea6f14c-533a-46b7-876c-2c72da122ced/current/log_inprogress_0
2019-09-20 08:29:34,229 [Thread-189] INFO  impl.FollowerState (FollowerState.java:run(106)) - b348fd93-74e1-48ea-bc11-2098387e019e:group-ABF96CB4D8E1 changes to CANDIDATE, lastRpcTime:5141, electionTimeout:5141ms
2019-09-20 08:29:34,229 [Thread-189] INFO  impl.RoleInfo (RoleInfo.java:shutdownFollowerState(121)) - b348fd93-74e1-48ea-bc11-2098387e019e: shutdown FollowerState
2019-09-20 08:29:34,229 [Thread-189] INFO  impl.RaftServerImpl (RaftServerImpl.java:setRole(171)) - b348fd93-74e1-48ea-bc11-2098387e019e:group-ABF96CB4D8E1 changes role from FOLLOWER to CANDIDATE at term 0 for changeToCandidate
2019-09-20 08:29:34,229 [Thread-189] INFO  impl.RoleInfo (RoleInfo.java:updateAndGet(143)) - b348fd93-74e1-48ea-bc11-2098387e019e: start LeaderElection
2019-09-20 08:29:34,235 [Thread-196] INFO  impl.FollowerState (FollowerState.java:run(106)) - 62869313-87e7-4095-b37c-6162291b45c6:group-BCB57F39F6D9 changes to CANDIDATE, lastRpcTime:5000, electionTimeout:5000ms
2019-09-20 08:29:34,236 [Thread-196] INFO  impl.RoleInfo (RoleInfo.java:shutdownFollowerState(121)) - 62869313-87e7-4095-b37c-6162291b45c6: shutdown FollowerState
2019-09-20 08:29:34,236 [Thread-196] INFO  impl.RaftServerImpl (RaftServerImpl.java:setRole(171)) - 62869313-87e7-4095-b37c-6162291b45c6:group-BCB57F39F6D9 changes role from FOLLOWER to CANDIDATE at term 0 for changeToCandidate
2019-09-20 08:29:34,236 [Thread-196] INFO  impl.RoleInfo (RoleInfo.java:updateAndGet(143)) - 62869313-87e7-4095-b37c-6162291b45c6: start LeaderElection
2019-09-20 08:29:34,246 [b348fd93-74e1-48ea-bc11-2098387e019e:group-ABF96CB4D8E1:LeaderElection4] INFO  impl.LeaderElection (LeaderElection.java:askForVotes(181)) - b348fd93-74e1-48ea-bc11-2098387e019e:group-ABF96CB4D8E1:LeaderElection4: begin an election at term 1 for -1: [b348fd93-74e1-48ea-bc11-2098387e019e:192.168.34.27:38321], old=null
2019-09-20 08:29:34,246 [62869313-87e7-4095-b37c-6162291b45c6:group-BCB57F39F6D9:LeaderElection5] INFO  impl.LeaderElection (LeaderElection.java:askForVotes(181)) - 62869313-87e7-4095-b37c-6162291b45c6:group-BCB57F39F6D9:LeaderElection5: begin an election at term 1 for -1: [62869313-87e7-4095-b37c-6162291b45c6:192.168.34.27:38218], old=null
2019-09-20 08:29:34,247 [b348fd93-74e1-48ea-bc11-2098387e019e:group-ABF96CB4D8E1:LeaderElection4] INFO  impl.RoleInfo (RoleInfo.java:shutdownLeaderElection(134)) - b348fd93-74e1-48ea-bc11-2098387e019e: shutdown LeaderElection
2019-09-20 08:29:34,247 [62869313-87e7-4095-b37c-6162291b45c6:group-BCB57F39F6D9:LeaderElection5] INFO  impl.RoleInfo (RoleInfo.java:shutdownLeaderElection(134)) - 62869313-87e7-4095-b37c-6162291b45c6: shutdown LeaderElection
2019-09-20 08:29:34,247 [62869313-87e7-4095-b37c-6162291b45c6:group-BCB57F39F6D9:LeaderElection5] INFO  impl.RaftServerImpl (RaftServerImpl.java:setRole(171)) - 62869313-87e7-4095-b37c-6162291b45c6:group-BCB57F39F6D9 changes role from CANDIDATE to LEADER at term 1 for changeToLeader
2019-09-20 08:29:34,247 [b348fd93-74e1-48ea-bc11-2098387e019e:group-ABF96CB4D8E1:LeaderElection4] INFO  impl.RaftServerImpl (RaftServerImpl.java:setRole(171)) - b348fd93-74e1-48ea-bc11-2098387e019e:group-ABF96CB4D8E1 changes role from CANDIDATE to LEADER at term 1 for changeToLeader
2019-09-20 08:29:34,247 [62869313-87e7-4095-b37c-6162291b45c6:group-BCB57F39F6D9:LeaderElection5] INFO  impl.RaftServerImpl (ServerState.java:setLeader(263)) - 62869313-87e7-4095-b37c-6162291b45c6:group-BCB57F39F6D9 change Leader from null to 62869313-87e7-4095-b37c-6162291b45c6 at term 1 for becomeLeader, leader elected after 5017ms
2019-09-20 08:29:34,247 [b348fd93-74e1-48ea-bc11-2098387e019e:group-ABF96CB4D8E1:LeaderElection4] INFO  impl.RaftServerImpl (ServerState.java:setLeader(263)) - b348fd93-74e1-48ea-bc11-2098387e019e:group-ABF96CB4D8E1 change Leader from null to b348fd93-74e1-48ea-bc11-2098387e019e at term 1 for becomeLeader, leader elected after 5165ms
2019-09-20 08:29:34,248 [62869313-87e7-4095-b37c-6162291b45c6:group-BCB57F39F6D9:LeaderElection5] INFO  server.RaftServerConfigKeys (ConfUtils.java:logGet(43)) - raft.server.staging.catchup.gap = 1000 (default)
2019-09-20 08:29:34,248 [b348fd93-74e1-48ea-bc11-2098387e019e:group-ABF96CB4D8E1:LeaderElection4] INFO  server.RaftServerConfigKeys (ConfUtils.java:logGet(43)) - raft.server.staging.catchup.gap = 1000 (default)
2019-09-20 08:29:34,248 [62869313-87e7-4095-b37c-6162291b45c6:group-BCB57F39F6D9:LeaderElection5] INFO  server.RaftServerConfigKeys (ConfUtils.java:logGet(43)) - raft.server.rpc.sleep.time = 25ms (default)
2019-09-20 08:29:34,248 [b348fd93-74e1-48ea-bc11-2098387e019e:group-ABF96CB4D8E1:LeaderElection4] INFO  server.RaftServerConfigKeys (ConfUtils.java:logGet(43)) - raft.server.rpc.sleep.time = 25ms (default)
2019-09-20 08:29:34,248 [62869313-87e7-4095-b37c-6162291b45c6:group-BCB57F39F6D9:LeaderElection5] INFO  server.RaftServerConfigKeys (ConfUtils.java:logGet(43)) - raft.server.write.element-limit = 4096 (default)
2019-09-20 08:29:34,249 [b348fd93-74e1-48ea-bc11-2098387e019e:group-ABF96CB4D8E1:LeaderElection4] INFO  server.RaftServerConfigKeys (ConfUtils.java:logGet(43)) - raft.server.write.element-limit = 4096 (default)
2019-09-20 08:29:34,249 [62869313-87e7-4095-b37c-6162291b45c6:group-BCB57F39F6D9:LeaderElection5] INFO  server.RaftServerConfigKeys (ConfUtils.java:logGet(43)) - raft.server.watch.timeout = 10s (default)
2019-09-20 08:29:34,249 [b348fd93-74e1-48ea-bc11-2098387e019e:group-ABF96CB4D8E1:LeaderElection4] INFO  server.RaftServerConfigKeys (ConfUtils.java:logGet(43)) - raft.server.watch.timeout = 10s (default)
2019-09-20 08:29:34,249 [62869313-87e7-4095-b37c-6162291b45c6:group-BCB57F39F6D9:LeaderElection5] INFO  server.RaftServerConfigKeys (ConfUtils.java:logGet(43)) - raft.server.watch.timeout.denomination = 1s (default)
2019-09-20 08:29:34,249 [b348fd93-74e1-48ea-bc11-2098387e019e:group-ABF96CB4D8E1:LeaderElection4] INFO  server.RaftServerConfigKeys (ConfUtils.java:logGet(43)) - raft.server.watch.timeout.denomination = 1s (default)
2019-09-20 08:29:34,249 [62869313-87e7-4095-b37c-6162291b45c6:group-BCB57F39F6D9:LeaderElection5] INFO  server.RaftServerConfigKeys (ConfUtils.java:logGet(43)) - raft.server.watch.element-limit = 65536 (default)
2019-09-20 08:29:34,250 [b348fd93-74e1-48ea-bc11-2098387e019e:group-ABF96CB4D8E1:LeaderElection4] INFO  server.RaftServerConfigKeys (ConfUtils.java:logGet(43)) - raft.server.watch.element-limit = 65536 (default)
2019-09-20 08:29:34,250 [62869313-87e7-4095-b37c-6162291b45c6:group-BCB57F39F6D9:LeaderElection5] INFO  impl.RoleInfo (RoleInfo.java:updateAndGet(143)) - 62869313-87e7-4095-b37c-6162291b45c6: start LeaderState
2019-09-20 08:29:34,250 [b348fd93-74e1-48ea-bc11-2098387e019e:group-ABF96CB4D8E1:LeaderElection4] INFO  impl.RoleInfo (RoleInfo.java:updateAndGet(143)) - b348fd93-74e1-48ea-bc11-2098387e019e: start LeaderState
2019-09-20 08:29:34,250 [62869313-87e7-4095-b37c-6162291b45c6:group-BCB57F39F6D9:LeaderElection5] INFO  segmented.SegmentedRaftLogWorker (SegmentedRaftLogWorker.java:startLogSegment(380)) - 62869313-87e7-4095-b37c-6162291b45c6-SegmentedRaftLogWorker:Storage Directory /workdir/hadoop-ozone/tools/target/test-dir/MiniOzoneClusterImpl-d51e23b7-a35f-4296-b546-392ac43315b2/datanode-0/data/ratis/197918b5-977b-4525-908b-bcb57f39f6d9: Starting segment from index:0
2019-09-20 08:29:34,251 [b348fd93-74e1-48ea-bc11-2098387e019e:group-ABF96CB4D8E1:LeaderElection4] INFO  segmented.SegmentedRaftLogWorker (SegmentedRaftLogWorker.java:startLogSegment(380)) - b348fd93-74e1-48ea-bc11-2098387e019e-SegmentedRaftLogWorker:Storage Directory /workdir/hadoop-ozone/tools/target/test-dir/MiniOzoneClusterImpl-d51e23b7-a35f-4296-b546-392ac43315b2/datanode-2/data/ratis/606d8d07-ecfe-4ce8-beaf-abf96cb4d8e1: Starting segment from index:0
2019-09-20 08:29:34,251 [62869313-87e7-4095-b37c-6162291b45c6:group-BCB57F39F6D9:LeaderElection5] INFO  impl.RaftServerImpl (ServerState.java:setRaftConf(361)) - 62869313-87e7-4095-b37c-6162291b45c6:group-BCB57F39F6D9 set configuration 0: [62869313-87e7-4095-b37c-6162291b45c6:192.168.34.27:38218], old=null at 0
2019-09-20 08:29:34,293 [b348fd93-74e1-48ea-bc11-2098387e019e:group-ABF96CB4D8E1:LeaderElection4] INFO  impl.RaftServerImpl (ServerState.java:setRaftConf(361)) - b348fd93-74e1-48ea-bc11-2098387e019e:group-ABF96CB4D8E1 set configuration 0: [b348fd93-74e1-48ea-bc11-2098387e019e:192.168.34.27:38321], old=null at 0
2019-09-20 08:29:34,306 [62869313-87e7-4095-b37c-6162291b45c6-SegmentedRaftLogWorker:Storage Directory /workdir/hadoop-ozone/tools/target/test-dir/MiniOzoneClusterImpl-d51e23b7-a35f-4296-b546-392ac43315b2/datanode-0/data/ratis/197918b5-977b-4525-908b-bcb57f39f6d9] INFO  segmented.SegmentedRaftLogWorker (SegmentedRaftLogWorker.java:execute(569)) - 62869313-87e7-4095-b37c-6162291b45c6-SegmentedRaftLogWorker:Storage Directory /workdir/hadoop-ozone/tools/target/test-dir/MiniOzoneClusterImpl-d51e23b7-a35f-4296-b546-392ac43315b2/datanode-0/data/ratis/197918b5-977b-4525-908b-bcb57f39f6d9: created new log segment /workdir/hadoop-ozone/tools/target/test-dir/MiniOzoneClusterImpl-d51e23b7-a35f-4296-b546-392ac43315b2/datanode-0/data/ratis/197918b5-977b-4525-908b-bcb57f39f6d9/current/log_inprogress_0
2019-09-20 08:29:34,306 [b348fd93-74e1-48ea-bc11-2098387e019e-SegmentedRaftLogWorker:Storage Directory /workdir/hadoop-ozone/tools/target/test-dir/MiniOzoneClusterImpl-d51e23b7-a35f-4296-b546-392ac43315b2/datanode-2/data/ratis/606d8d07-ecfe-4ce8-beaf-abf96cb4d8e1] INFO  segmented.SegmentedRaftLogWorker (SegmentedRaftLogWorker.java:execute(569)) - b348fd93-74e1-48ea-bc11-2098387e019e-SegmentedRaftLogWorker:Storage Directory /workdir/hadoop-ozone/tools/target/test-dir/MiniOzoneClusterImpl-d51e23b7-a35f-4296-b546-392ac43315b2/datanode-2/data/ratis/606d8d07-ecfe-4ce8-beaf-abf96cb4d8e1: created new log segment /workdir/hadoop-ozone/tools/target/test-dir/MiniOzoneClusterImpl-d51e23b7-a35f-4296-b546-392ac43315b2/datanode-2/data/ratis/606d8d07-ecfe-4ce8-beaf-abf96cb4d8e1/current/log_inprogress_0
2019-09-20 08:29:34,335 [Thread-192] INFO  impl.FollowerState (FollowerState.java:run(106)) - b348fd93-74e1-48ea-bc11-2098387e019e:group-71266B6D6727 changes to CANDIDATE, lastRpcTime:5183, electionTimeout:5183ms
2019-09-20 08:29:34,337 [Thread-192] INFO  impl.RoleInfo (RoleInfo.java:shutdownFollowerState(121)) - b348fd93-74e1-48ea-bc11-2098387e019e: shutdown FollowerState
2019-09-20 08:29:34,337 [Thread-192] INFO  impl.RaftServerImpl (RaftServerImpl.java:setRole(171)) - b348fd93-74e1-48ea-bc11-2098387e019e:group-71266B6D6727 changes role from FOLLOWER to CANDIDATE at term 0 for changeToCandidate
2019-09-20 08:29:34,337 [Thread-192] INFO  impl.RoleInfo (RoleInfo.java:updateAndGet(143)) - b348fd93-74e1-48ea-bc11-2098387e019e: start LeaderElection
2019-09-20 08:29:34,353 [b348fd93-74e1-48ea-bc11-2098387e019e:group-71266B6D6727:LeaderElection6] INFO  impl.LeaderElection (LeaderElection.java:askForVotes(181)) - b348fd93-74e1-48ea-bc11-2098387e019e:group-71266B6D6727:LeaderElection6: begin an election at term 1 for -1: [b348fd93-74e1-48ea-bc11-2098387e019e:192.168.34.27:38321], old=null
2019-09-20 08:29:34,354 [b348fd93-74e1-48ea-bc11-2098387e019e:group-71266B6D6727:LeaderElection6] INFO  impl.RoleInfo (RoleInfo.java:shutdownLeaderElection(134)) - b348fd93-74e1-48ea-bc11-2098387e019e: shutdown LeaderElection
2019-09-20 08:29:34,354 [b348fd93-74e1-48ea-bc11-2098387e019e:group-71266B6D6727:LeaderElection6] INFO  impl.RaftServerImpl (RaftServerImpl.java:setRole(171)) - b348fd93-74e1-48ea-bc11-2098387e019e:group-71266B6D6727 changes role from CANDIDATE to LEADER at term 1 for changeToLeader
2019-09-20 08:29:34,354 [b348fd93-74e1-48ea-bc11-2098387e019e:group-71266B6D6727:LeaderElection6] INFO  impl.RaftServerImpl (ServerState.java:setLeader(263)) - b348fd93-74e1-48ea-bc11-2098387e019e:group-71266B6D6727 change Leader from null to b348fd93-74e1-48ea-bc11-2098387e019e at term 1 for becomeLeader, leader elected after 5207ms
2019-09-20 08:29:34,354 [b348fd93-74e1-48ea-bc11-2098387e019e:group-71266B6D6727:LeaderElection6] INFO  server.RaftServerConfigKeys (ConfUtils.java:logGet(43)) - raft.server.staging.catchup.gap = 1000 (default)
2019-09-20 08:29:34,355 [b348fd93-74e1-48ea-bc11-2098387e019e:group-71266B6D6727:LeaderElection6] INFO  server.RaftServerConfigKeys (ConfUtils.java:logGet(43)) - raft.server.rpc.sleep.time = 25ms (default)
2019-09-20 08:29:34,355 [b348fd93-74e1-48ea-bc11-2098387e019e:group-71266B6D6727:LeaderElection6] INFO  server.RaftServerConfigKeys (ConfUtils.java:logGet(43)) - raft.server.write.element-limit = 4096 (default)
2019-09-20 08:29:34,355 [b348fd93-74e1-48ea-bc11-2098387e019e:group-71266B6D6727:LeaderElection6] INFO  server.RaftServerConfigKeys (ConfUtils.java:logGet(43)) - raft.server.watch.timeout = 10s (default)
2019-09-20 08:29:34,355 [b348fd93-74e1-48ea-bc11-2098387e019e:group-71266B6D6727:LeaderElection6] INFO  server.RaftServerConfigKeys (ConfUtils.java:logGet(43)) - raft.server.watch.timeout.denomination = 1s (default)
2019-09-20 08:29:34,355 [b348fd93-74e1-48ea-bc11-2098387e019e:group-71266B6D6727:LeaderElection6] INFO  server.RaftServerConfigKeys (ConfUtils.java:logGet(43)) - raft.server.watch.element-limit = 65536 (default)
2019-09-20 08:29:34,356 [b348fd93-74e1-48ea-bc11-2098387e019e:group-71266B6D6727:LeaderElection6] INFO  impl.RoleInfo (RoleInfo.java:updateAndGet(143)) - b348fd93-74e1-48ea-bc11-2098387e019e: start LeaderState
2019-09-20 08:29:34,356 [b348fd93-74e1-48ea-bc11-2098387e019e:group-71266B6D6727:LeaderElection6] INFO  segmented.SegmentedRaftLogWorker (SegmentedRaftLogWorker.java:startLogSegment(380)) - b348fd93-74e1-48ea-bc11-2098387e019e-SegmentedRaftLogWorker:Storage Directory /workdir/hadoop-ozone/tools/target/test-dir/MiniOzoneClusterImpl-d51e23b7-a35f-4296-b546-392ac43315b2/datanode-2/data/ratis/3fe91122-2d34-49aa-9d85-71266b6d6727: Starting segment from index:0
2019-09-20 08:29:34,357 [b348fd93-74e1-48ea-bc11-2098387e019e:group-71266B6D6727:LeaderElection6] INFO  impl.RaftServerImpl (ServerState.java:setRaftConf(361)) - b348fd93-74e1-48ea-bc11-2098387e019e:group-71266B6D6727 set configuration 0: [b348fd93-74e1-48ea-bc11-2098387e019e:192.168.34.27:38321], old=null at 0
2019-09-20 08:29:34,398 | INFO  | SCMAudit | user=jenkins1000 | ip=192.168.34.27 | op=SEND_HEARTBEAT {datanodeUUID=62869313-87e7-4095-b37c-6162291b45c6, command=[]} | ret=SUCCESS |  
2019-09-20 08:29:34,412 [Thread-199] INFO  impl.FollowerState (FollowerState.java:run(106)) - 977c6be4-088e-49bb-bd18-954d6d3cf26e:group-6DE4131F0AB8 changes to CANDIDATE, lastRpcTime:5114, electionTimeout:5114ms
2019-09-20 08:29:34,413 [Thread-199] INFO  impl.RoleInfo (RoleInfo.java:shutdownFollowerState(121)) - 977c6be4-088e-49bb-bd18-954d6d3cf26e: shutdown FollowerState
2019-09-20 08:29:34,413 [Thread-199] INFO  impl.RaftServerImpl (RaftServerImpl.java:setRole(171)) - 977c6be4-088e-49bb-bd18-954d6d3cf26e:group-6DE4131F0AB8 changes role from FOLLOWER to CANDIDATE at term 0 for changeToCandidate
2019-09-20 08:29:34,413 [Thread-199] INFO  impl.RoleInfo (RoleInfo.java:updateAndGet(143)) - 977c6be4-088e-49bb-bd18-954d6d3cf26e: start LeaderElection
2019-09-20 08:29:34,419 [b348fd93-74e1-48ea-bc11-2098387e019e-SegmentedRaftLogWorker:Storage Directory /workdir/hadoop-ozone/tools/target/test-dir/MiniOzoneClusterImpl-d51e23b7-a35f-4296-b546-392ac43315b2/datanode-2/data/ratis/3fe91122-2d34-49aa-9d85-71266b6d6727] INFO  segmented.SegmentedRaftLogWorker (SegmentedRaftLogWorker.java:execute(569)) - b348fd93-74e1-48ea-bc11-2098387e019e-SegmentedRaftLogWorker:Storage Directory /workdir/hadoop-ozone/tools/target/test-dir/MiniOzoneClusterImpl-d51e23b7-a35f-4296-b546-392ac43315b2/datanode-2/data/ratis/3fe91122-2d34-49aa-9d85-71266b6d6727: created new log segment /workdir/hadoop-ozone/tools/target/test-dir/MiniOzoneClusterImpl-d51e23b7-a35f-4296-b546-392ac43315b2/datanode-2/data/ratis/3fe91122-2d34-49aa-9d85-71266b6d6727/current/log_inprogress_0
2019-09-20 08:29:34,422 [977c6be4-088e-49bb-bd18-954d6d3cf26e:group-6DE4131F0AB8:LeaderElection7] INFO  impl.LeaderElection (LeaderElection.java:askForVotes(181)) - 977c6be4-088e-49bb-bd18-954d6d3cf26e:group-6DE4131F0AB8:LeaderElection7: begin an election at term 1 for -1: [977c6be4-088e-49bb-bd18-954d6d3cf26e:192.168.34.27:41596], old=null
2019-09-20 08:29:34,422 [977c6be4-088e-49bb-bd18-954d6d3cf26e:group-6DE4131F0AB8:LeaderElection7] INFO  impl.RoleInfo (RoleInfo.java:shutdownLeaderElection(134)) - 977c6be4-088e-49bb-bd18-954d6d3cf26e: shutdown LeaderElection
2019-09-20 08:29:34,422 [977c6be4-088e-49bb-bd18-954d6d3cf26e:group-6DE4131F0AB8:LeaderElection7] INFO  impl.RaftServerImpl (RaftServerImpl.java:setRole(171)) - 977c6be4-088e-49bb-bd18-954d6d3cf26e:group-6DE4131F0AB8 changes role from CANDIDATE to LEADER at term 1 for changeToLeader
2019-09-20 08:29:34,423 [977c6be4-088e-49bb-bd18-954d6d3cf26e:group-6DE4131F0AB8:LeaderElection7] INFO  impl.RaftServerImpl (ServerState.java:setLeader(263)) - 977c6be4-088e-49bb-bd18-954d6d3cf26e:group-6DE4131F0AB8 change Leader from null to 977c6be4-088e-49bb-bd18-954d6d3cf26e at term 1 for becomeLeader, leader elected after 5129ms
2019-09-20 08:29:34,423 [977c6be4-088e-49bb-bd18-954d6d3cf26e:group-6DE4131F0AB8:LeaderElection7] INFO  server.RaftServerConfigKeys (ConfUtils.java:logGet(43)) - raft.server.staging.catchup.gap = 1000 (default)
2019-09-20 08:29:34,423 [977c6be4-088e-49bb-bd18-954d6d3cf26e:group-6DE4131F0AB8:LeaderElection7] INFO  server.RaftServerConfigKeys (ConfUtils.java:logGet(43)) - raft.server.rpc.sleep.time = 25ms (default)
2019-09-20 08:29:34,423 [977c6be4-088e-49bb-bd18-954d6d3cf26e:group-6DE4131F0AB8:LeaderElection7] INFO  server.RaftServerConfigKeys (ConfUtils.java:logGet(43)) - raft.server.write.element-limit = 4096 (default)
2019-09-20 08:29:34,423 [977c6be4-088e-49bb-bd18-954d6d3cf26e:group-6DE4131F0AB8:LeaderElection7] INFO  server.RaftServerConfigKeys (ConfUtils.java:logGet(43)) - raft.server.watch.timeout = 10s (default)
2019-09-20 08:29:34,424 [977c6be4-088e-49bb-bd18-954d6d3cf26e:group-6DE4131F0AB8:LeaderElection7] INFO  server.RaftServerConfigKeys (ConfUtils.java:logGet(43)) - raft.server.watch.timeout.denomination = 1s (default)
2019-09-20 08:29:34,424 [977c6be4-088e-49bb-bd18-954d6d3cf26e:group-6DE4131F0AB8:LeaderElection7] INFO  server.RaftServerConfigKeys (ConfUtils.java:logGet(43)) - raft.server.watch.element-limit = 65536 (default)
2019-09-20 08:29:34,424 [977c6be4-088e-49bb-bd18-954d6d3cf26e:group-6DE4131F0AB8:LeaderElection7] INFO  impl.RoleInfo (RoleInfo.java:updateAndGet(143)) - 977c6be4-088e-49bb-bd18-954d6d3cf26e: start LeaderState
2019-09-20 08:29:34,424 [977c6be4-088e-49bb-bd18-954d6d3cf26e:group-6DE4131F0AB8:LeaderElection7] INFO  segmented.SegmentedRaftLogWorker (SegmentedRaftLogWorker.java:startLogSegment(380)) - 977c6be4-088e-49bb-bd18-954d6d3cf26e-SegmentedRaftLogWorker:Storage Directory /workdir/hadoop-ozone/tools/target/test-dir/MiniOzoneClusterImpl-d51e23b7-a35f-4296-b546-392ac43315b2/datanode-1/data/ratis/7d6e13e2-f0f1-42a5-a058-6de4131f0ab8: Starting segment from index:0
2019-09-20 08:29:34,425 [977c6be4-088e-49bb-bd18-954d6d3cf26e:group-6DE4131F0AB8:LeaderElection7] INFO  impl.RaftServerImpl (ServerState.java:setRaftConf(361)) - 977c6be4-088e-49bb-bd18-954d6d3cf26e:group-6DE4131F0AB8 set configuration 0: [977c6be4-088e-49bb-bd18-954d6d3cf26e:192.168.34.27:41596], old=null at 0
 100.00% |█████████████████████████████████████████████████████████████████████████████████████████████████████|  1/1 Time: 0:00:05
2019-09-20 08:29:34,476 [Thread-212] INFO  impl.FollowerState (FollowerState.java:run(106)) - 62869313-87e7-4095-b37c-6162291b45c6:group-4ADC3911BBBB changes to CANDIDATE, lastRpcTime:5002, electionTimeout:5002ms
2019-09-20 08:29:34,478 [977c6be4-088e-49bb-bd18-954d6d3cf26e-SegmentedRaftLogWorker:Storage Directory /workdir/hadoop-ozone/tools/target/test-dir/MiniOzoneClusterImpl-d51e23b7-a35f-4296-b546-392ac43315b2/datanode-1/data/ratis/7d6e13e2-f0f1-42a5-a058-6de4131f0ab8] INFO  segmented.SegmentedRaftLogWorker (SegmentedRaftLogWorker.java:execute(569)) - 977c6be4-088e-49bb-bd18-954d6d3cf26e-SegmentedRaftLogWorker:Storage Directory /workdir/hadoop-ozone/tools/target/test-dir/MiniOzoneClusterImpl-d51e23b7-a35f-4296-b546-392ac43315b2/datanode-1/data/ratis/7d6e13e2-f0f1-42a5-a058-6de4131f0ab8: created new log segment /workdir/hadoop-ozone/tools/target/test-dir/MiniOzoneClusterImpl-d51e23b7-a35f-4296-b546-392ac43315b2/datanode-1/data/ratis/7d6e13e2-f0f1-42a5-a058-6de4131f0ab8/current/log_inprogress_0
2019-09-20 08:29:34,478 [Thread-212] INFO  impl.RoleInfo (RoleInfo.java:shutdownFollowerState(121)) - 62869313-87e7-4095-b37c-6162291b45c6: shutdown FollowerState
2019-09-20 08:29:34,478 [Thread-212] INFO  impl.RaftServerImpl (RaftServerImpl.java:setRole(171)) - 62869313-87e7-4095-b37c-6162291b45c6:group-4ADC3911BBBB changes role from FOLLOWER to CANDIDATE at term 0 for changeToCandidate
2019-09-20 08:29:34,479 [Thread-212] INFO  impl.RoleInfo (RoleInfo.java:updateAndGet(143)) - 62869313-87e7-4095-b37c-6162291b45c6: start LeaderElection
2019-09-20 08:29:34,491 [62869313-87e7-4095-b37c-6162291b45c6:group-4ADC3911BBBB:LeaderElection8] INFO  impl.LeaderElection (LeaderElection.java:askForVotes(181)) - 62869313-87e7-4095-b37c-6162291b45c6:group-4ADC3911BBBB:LeaderElection8: begin an election at term 1 for -1: [62869313-87e7-4095-b37c-6162291b45c6:192.168.34.27:38218], old=null
2019-09-20 08:29:34,493 [62869313-87e7-4095-b37c-6162291b45c6:group-4ADC3911BBBB:LeaderElection8] INFO  impl.RoleInfo (RoleInfo.java:shutdownLeaderElection(134)) - 62869313-87e7-4095-b37c-6162291b45c6: shutdown LeaderElection
2019-09-20 08:29:34,493 [62869313-87e7-4095-b37c-6162291b45c6:group-4ADC3911BBBB:LeaderElection8] INFO  impl.RaftServerImpl (RaftServerImpl.java:setRole(171)) - 62869313-87e7-4095-b37c-6162291b45c6:group-4ADC3911BBBB changes role from CANDIDATE to LEADER at term 1 for changeToLeader
2019-09-20 08:29:34,493 [62869313-87e7-4095-b37c-6162291b45c6:group-4ADC3911BBBB:LeaderElection8] INFO  impl.RaftServerImpl (ServerState.java:setLeader(263)) - 62869313-87e7-4095-b37c-6162291b45c6:group-4ADC3911BBBB change Leader from null to 62869313-87e7-4095-b37c-6162291b45c6 at term 1 for becomeLeader, leader elected after 5024ms
2019-09-20 08:29:34,493 [62869313-87e7-4095-b37c-6162291b45c6:group-4ADC3911BBBB:LeaderElection8] INFO  server.RaftServerConfigKeys (ConfUtils.java:logGet(43)) - raft.server.staging.catchup.gap = 1000 (default)
2019-09-20 08:29:34,494 [62869313-87e7-4095-b37c-6162291b45c6:group-4ADC3911BBBB:LeaderElection8] INFO  server.RaftServerConfigKeys (ConfUtils.java:logGet(43)) - raft.server.rpc.sleep.time = 25ms (default)
2019-09-20 08:29:34,494 [62869313-87e7-4095-b37c-6162291b45c6:group-4ADC3911BBBB:LeaderElection8] INFO  server.RaftServerConfigKeys (ConfUtils.java:logGet(43)) - raft.server.write.element-limit = 4096 (default)
2019-09-20 08:29:34,494 [62869313-87e7-4095-b37c-6162291b45c6:group-4ADC3911BBBB:LeaderElection8] INFO  server.RaftServerConfigKeys (ConfUtils.java:logGet(43)) - raft.server.watch.timeout = 10s (default)
2019-09-20 08:29:34,494 [62869313-87e7-4095-b37c-6162291b45c6:group-4ADC3911BBBB:LeaderElection8] INFO  server.RaftServerConfigKeys (ConfUtils.java:logGet(43)) - raft.server.watch.timeout.denomination = 1s (default)
2019-09-20 08:29:34,495 [62869313-87e7-4095-b37c-6162291b45c6:group-4ADC3911BBBB:LeaderElection8] INFO  server.RaftServerConfigKeys (ConfUtils.java:logGet(43)) - raft.server.watch.element-limit = 65536 (default)
2019-09-20 08:29:34,495 [62869313-87e7-4095-b37c-6162291b45c6:group-4ADC3911BBBB:LeaderElection8] INFO  impl.RoleInfo (RoleInfo.java:updateAndGet(143)) - 62869313-87e7-4095-b37c-6162291b45c6: start LeaderState
2019-09-20 08:29:34,495 [62869313-87e7-4095-b37c-6162291b45c6:group-4ADC3911BBBB:LeaderElection8] INFO  segmented.SegmentedRaftLogWorker (SegmentedRaftLogWorker.java:startLogSegment(380)) - 62869313-87e7-4095-b37c-6162291b45c6-SegmentedRaftLogWorker:Storage Directory /workdir/hadoop-ozone/tools/target/test-dir/MiniOzoneClusterImpl-d51e23b7-a35f-4296-b546-392ac43315b2/datanode-0/data/ratis/0fa28d0c-2fdd-4857-8b17-4adc3911bbbb: Starting segment from index:0
2019-09-20 08:29:34,496 [62869313-87e7-4095-b37c-6162291b45c6:group-4ADC3911BBBB:LeaderElection8] INFO  impl.RaftServerImpl (ServerState.java:setRaftConf(361)) - 62869313-87e7-4095-b37c-6162291b45c6:group-4ADC3911BBBB set configuration 0: [62869313-87e7-4095-b37c-6162291b45c6:192.168.34.27:38218], old=null at 0
2019-09-20 08:29:34,542 [Thread-202] INFO  impl.FollowerState (FollowerState.java:run(106)) - 977c6be4-088e-49bb-bd18-954d6d3cf26e:group-49C99A13AD5A changes to CANDIDATE, lastRpcTime:5189, electionTimeout:5189ms
2019-09-20 08:29:34,543 [Thread-202] INFO  impl.RoleInfo (RoleInfo.java:shutdownFollowerState(121)) - 977c6be4-088e-49bb-bd18-954d6d3cf26e: shutdown FollowerState
2019-09-20 08:29:34,543 [Thread-202] INFO  impl.RaftServerImpl (RaftServerImpl.java:setRole(171)) - 977c6be4-088e-49bb-bd18-954d6d3cf26e:group-49C99A13AD5A changes role from FOLLOWER to CANDIDATE at term 0 for changeToCandidate
2019-09-20 08:29:34,543 [Thread-202] INFO  impl.RoleInfo (RoleInfo.java:updateAndGet(143)) - 977c6be4-088e-49bb-bd18-954d6d3cf26e: start LeaderElection
2019-09-20 08:29:34,558 [62869313-87e7-4095-b37c-6162291b45c6-SegmentedRaftLogWorker:Storage Directory /workdir/hadoop-ozone/tools/target/test-dir/MiniOzoneClusterImpl-d51e23b7-a35f-4296-b546-392ac43315b2/datanode-0/data/ratis/0fa28d0c-2fdd-4857-8b17-4adc3911bbbb] INFO  segmented.SegmentedRaftLogWorker (SegmentedRaftLogWorker.java:execute(569)) - 62869313-87e7-4095-b37c-6162291b45c6-SegmentedRaftLogWorker:Storage Directory /workdir/hadoop-ozone/tools/target/test-dir/MiniOzoneClusterImpl-d51e23b7-a35f-4296-b546-392ac43315b2/datanode-0/data/ratis/0fa28d0c-2fdd-4857-8b17-4adc3911bbbb: created new log segment /workdir/hadoop-ozone/tools/target/test-dir/MiniOzoneClusterImpl-d51e23b7-a35f-4296-b546-392ac43315b2/datanode-0/data/ratis/0fa28d0c-2fdd-4857-8b17-4adc3911bbbb/current/log_inprogress_0
2019-09-20 08:29:34,560 [977c6be4-088e-49bb-bd18-954d6d3cf26e:group-49C99A13AD5A:LeaderElection9] INFO  impl.LeaderElection (LeaderElection.java:askForVotes(181)) - 977c6be4-088e-49bb-bd18-954d6d3cf26e:group-49C99A13AD5A:LeaderElection9: begin an election at term 1 for -1: [977c6be4-088e-49bb-bd18-954d6d3cf26e:192.168.34.27:41596], old=null
2019-09-20 08:29:34,560 [977c6be4-088e-49bb-bd18-954d6d3cf26e:group-49C99A13AD5A:LeaderElection9] INFO  impl.RoleInfo (RoleInfo.java:shutdownLeaderElection(134)) - 977c6be4-088e-49bb-bd18-954d6d3cf26e: shutdown LeaderElection
2019-09-20 08:29:34,561 [977c6be4-088e-49bb-bd18-954d6d3cf26e:group-49C99A13AD5A:LeaderElection9] INFO  impl.RaftServerImpl (RaftServerImpl.java:setRole(171)) - 977c6be4-088e-49bb-bd18-954d6d3cf26e:group-49C99A13AD5A changes role from CANDIDATE to LEADER at term 1 for changeToLeader
2019-09-20 08:29:34,561 [977c6be4-088e-49bb-bd18-954d6d3cf26e:group-49C99A13AD5A:LeaderElection9] INFO  impl.RaftServerImpl (ServerState.java:setLeader(263)) - 977c6be4-088e-49bb-bd18-954d6d3cf26e:group-49C99A13AD5A change Leader from null to 977c6be4-088e-49bb-bd18-954d6d3cf26e at term 1 for becomeLeader, leader elected after 5211ms
2019-09-20 08:29:34,561 [977c6be4-088e-49bb-bd18-954d6d3cf26e:group-49C99A13AD5A:LeaderElection9] INFO  server.RaftServerConfigKeys (ConfUtils.java:logGet(43)) - raft.server.staging.catchup.gap = 1000 (default)
2019-09-20 08:29:34,562 [977c6be4-088e-49bb-bd18-954d6d3cf26e:group-49C99A13AD5A:LeaderElection9] INFO  server.RaftServerConfigKeys (ConfUtils.java:logGet(43)) - raft.server.rpc.sleep.time = 25ms (default)
2019-09-20 08:29:34,562 [977c6be4-088e-49bb-bd18-954d6d3cf26e:group-49C99A13AD5A:LeaderElection9] INFO  server.RaftServerConfigKeys (ConfUtils.java:logGet(43)) - raft.server.write.element-limit = 4096 (default)
2019-09-20 08:29:34,563 [977c6be4-088e-49bb-bd18-954d6d3cf26e:group-49C99A13AD5A:LeaderElection9] INFO  server.RaftServerConfigKeys (ConfUtils.java:logGet(43)) - raft.server.watch.timeout = 10s (default)
2019-09-20 08:29:34,563 [977c6be4-088e-49bb-bd18-954d6d3cf26e:group-49C99A13AD5A:LeaderElection9] INFO  server.RaftServerConfigKeys (ConfUtils.java:logGet(43)) - raft.server.watch.timeout.denomination = 1s (default)
2019-09-20 08:29:34,563 [977c6be4-088e-49bb-bd18-954d6d3cf26e:group-49C99A13AD5A:LeaderElection9] INFO  server.RaftServerConfigKeys (ConfUtils.java:logGet(43)) - raft.server.watch.element-limit = 65536 (default)
2019-09-20 08:29:34,564 [977c6be4-088e-49bb-bd18-954d6d3cf26e:group-49C99A13AD5A:LeaderElection9] INFO  impl.RoleInfo (RoleInfo.java:updateAndGet(143)) - 977c6be4-088e-49bb-bd18-954d6d3cf26e: start LeaderState
2019-09-20 08:29:34,564 [977c6be4-088e-49bb-bd18-954d6d3cf26e:group-49C99A13AD5A:LeaderElection9] INFO  segmented.SegmentedRaftLogWorker (SegmentedRaftLogWorker.java:startLogSegment(380)) - 977c6be4-088e-49bb-bd18-954d6d3cf26e-SegmentedRaftLogWorker:Storage Directory /workdir/hadoop-ozone/tools/target/test-dir/MiniOzoneClusterImpl-d51e23b7-a35f-4296-b546-392ac43315b2/datanode-1/data/ratis/3731f8b5-2de2-4f96-a6a3-49c99a13ad5a: Starting segment from index:0
2019-09-20 08:29:34,566 [977c6be4-088e-49bb-bd18-954d6d3cf26e:group-49C99A13AD5A:LeaderElection9] INFO  impl.RaftServerImpl (ServerState.java:setRaftConf(361)) - 977c6be4-088e-49bb-bd18-954d6d3cf26e:group-49C99A13AD5A set configuration 0: [977c6be4-088e-49bb-bd18-954d6d3cf26e:192.168.34.27:41596], old=null at 0
2019-09-20 08:29:34,604 [Thread-205] INFO  impl.FollowerState (FollowerState.java:run(106)) - b348fd93-74e1-48ea-bc11-2098387e019e:group-C05BE20D02F6 changes to CANDIDATE, lastRpcTime:5192, electionTimeout:5176ms
2019-09-20 08:29:34,605 [Thread-205] INFO  impl.RoleInfo (RoleInfo.java:shutdownFollowerState(121)) - b348fd93-74e1-48ea-bc11-2098387e019e: shutdown FollowerState
2019-09-20 08:29:34,605 [Thread-205] INFO  impl.RaftServerImpl (RaftServerImpl.java:setRole(171)) - b348fd93-74e1-48ea-bc11-2098387e019e:group-C05BE20D02F6 changes role from FOLLOWER to CANDIDATE at term 0 for changeToCandidate
2019-09-20 08:29:34,605 [Thread-205] INFO  impl.RoleInfo (RoleInfo.java:updateAndGet(143)) - b348fd93-74e1-48ea-bc11-2098387e019e: start LeaderElection
2019-09-20 08:29:34,625 | INFO  | SCMAudit | user=jenkins1000 | ip=192.168.34.27 | op=SEND_HEARTBEAT {datanodeUUID=977c6be4-088e-49bb-bd18-954d6d3cf26e, command=[]} | ret=SUCCESS |  
2019-09-20 08:29:34,628 [977c6be4-088e-49bb-bd18-954d6d3cf26e-SegmentedRaftLogWorker:Storage Directory /workdir/hadoop-ozone/tools/target/test-dir/MiniOzoneClusterImpl-d51e23b7-a35f-4296-b546-392ac43315b2/datanode-1/data/ratis/3731f8b5-2de2-4f96-a6a3-49c99a13ad5a] INFO  segmented.SegmentedRaftLogWorker (SegmentedRaftLogWorker.java:execute(569)) - 977c6be4-088e-49bb-bd18-954d6d3cf26e-SegmentedRaftLogWorker:Storage Directory /workdir/hadoop-ozone/tools/target/test-dir/MiniOzoneClusterImpl-d51e23b7-a35f-4296-b546-392ac43315b2/datanode-1/data/ratis/3731f8b5-2de2-4f96-a6a3-49c99a13ad5a: created new log segment /workdir/hadoop-ozone/tools/target/test-dir/MiniOzoneClusterImpl-d51e23b7-a35f-4296-b546-392ac43315b2/datanode-1/data/ratis/3731f8b5-2de2-4f96-a6a3-49c99a13ad5a/current/log_inprogress_0
2019-09-20 08:29:34,628 [b348fd93-74e1-48ea-bc11-2098387e019e:group-C05BE20D02F6:LeaderElection10] INFO  impl.LeaderElection (LeaderElection.java:askForVotes(181)) - b348fd93-74e1-48ea-bc11-2098387e019e:group-C05BE20D02F6:LeaderElection10: begin an election at term 1 for -1: [b348fd93-74e1-48ea-bc11-2098387e019e:192.168.34.27:38321], old=null
2019-09-20 08:29:34,629 [b348fd93-74e1-48ea-bc11-2098387e019e:group-C05BE20D02F6:LeaderElection10] INFO  impl.RoleInfo (RoleInfo.java:shutdownLeaderElection(134)) - b348fd93-74e1-48ea-bc11-2098387e019e: shutdown LeaderElection
2019-09-20 08:29:34,629 [b348fd93-74e1-48ea-bc11-2098387e019e:group-C05BE20D02F6:LeaderElection10] INFO  impl.RaftServerImpl (RaftServerImpl.java:setRole(171)) - b348fd93-74e1-48ea-bc11-2098387e019e:group-C05BE20D02F6 changes role from CANDIDATE to LEADER at term 1 for changeToLeader
2019-09-20 08:29:34,629 [b348fd93-74e1-48ea-bc11-2098387e019e:group-C05BE20D02F6:LeaderElection10] INFO  impl.RaftServerImpl (ServerState.java:setLeader(263)) - b348fd93-74e1-48ea-bc11-2098387e019e:group-C05BE20D02F6 change Leader from null to b348fd93-74e1-48ea-bc11-2098387e019e at term 1 for becomeLeader, leader elected after 5221ms
2019-09-20 08:29:34,629 [b348fd93-74e1-48ea-bc11-2098387e019e:group-C05BE20D02F6:LeaderElection10] INFO  server.RaftServerConfigKeys (ConfUtils.java:logGet(43)) - raft.server.staging.catchup.gap = 1000 (default)
2019-09-20 08:29:34,629 [b348fd93-74e1-48ea-bc11-2098387e019e:group-C05BE20D02F6:LeaderElection10] INFO  server.RaftServerConfigKeys (ConfUtils.java:logGet(43)) - raft.server.rpc.sleep.time = 25ms (default)
2019-09-20 08:29:34,629 [b348fd93-74e1-48ea-bc11-2098387e019e:group-C05BE20D02F6:LeaderElection10] INFO  server.RaftServerConfigKeys (ConfUtils.java:logGet(43)) - raft.server.write.element-limit = 4096 (default)
2019-09-20 08:29:34,630 [b348fd93-74e1-48ea-bc11-2098387e019e:group-C05BE20D02F6:LeaderElection10] INFO  server.RaftServerConfigKeys (ConfUtils.java:logGet(43)) - raft.server.watch.timeout = 10s (default)
2019-09-20 08:29:34,630 [b348fd93-74e1-48ea-bc11-2098387e019e:group-C05BE20D02F6:LeaderElection10] INFO  server.RaftServerConfigKeys (ConfUtils.java:logGet(43)) - raft.server.watch.timeout.denomination = 1s (default)
2019-09-20 08:29:34,630 [b348fd93-74e1-48ea-bc11-2098387e019e:group-C05BE20D02F6:LeaderElection10] INFO  server.RaftServerConfigKeys (ConfUtils.java:logGet(43)) - raft.server.watch.element-limit = 65536 (default)
2019-09-20 08:29:34,630 [b348fd93-74e1-48ea-bc11-2098387e019e:group-C05BE20D02F6:LeaderElection10] INFO  impl.RoleInfo (RoleInfo.java:updateAndGet(143)) - b348fd93-74e1-48ea-bc11-2098387e019e: start LeaderState
2019-09-20 08:29:34,631 [b348fd93-74e1-48ea-bc11-2098387e019e:group-C05BE20D02F6:LeaderElection10] INFO  segmented.SegmentedRaftLogWorker (SegmentedRaftLogWorker.java:startLogSegment(380)) - b348fd93-74e1-48ea-bc11-2098387e019e-SegmentedRaftLogWorker:Storage Directory /workdir/hadoop-ozone/tools/target/test-dir/MiniOzoneClusterImpl-d51e23b7-a35f-4296-b546-392ac43315b2/datanode-2/data/ratis/b6111086-025c-4cd7-a3eb-c05be20d02f6: Starting segment from index:0
2019-09-20 08:29:34,631 [b348fd93-74e1-48ea-bc11-2098387e019e:group-C05BE20D02F6:LeaderElection10] INFO  impl.RaftServerImpl (ServerState.java:setRaftConf(361)) - b348fd93-74e1-48ea-bc11-2098387e019e:group-C05BE20D02F6 set configuration 0: [b348fd93-74e1-48ea-bc11-2098387e019e:192.168.34.27:38321], old=null at 0
2019-09-20 08:29:34,674 [b348fd93-74e1-48ea-bc11-2098387e019e-SegmentedRaftLogWorker:Storage Directory /workdir/hadoop-ozone/tools/target/test-dir/MiniOzoneClusterImpl-d51e23b7-a35f-4296-b546-392ac43315b2/datanode-2/data/ratis/b6111086-025c-4cd7-a3eb-c05be20d02f6] INFO  segmented.SegmentedRaftLogWorker (SegmentedRaftLogWorker.java:execute(569)) - b348fd93-74e1-48ea-bc11-2098387e019e-SegmentedRaftLogWorker:Storage Directory /workdir/hadoop-ozone/tools/target/test-dir/MiniOzoneClusterImpl-d51e23b7-a35f-4296-b546-392ac43315b2/datanode-2/data/ratis/b6111086-025c-4cd7-a3eb-c05be20d02f6: created new log segment /workdir/hadoop-ozone/tools/target/test-dir/MiniOzoneClusterImpl-d51e23b7-a35f-4296-b546-392ac43315b2/datanode-2/data/ratis/b6111086-025c-4cd7-a3eb-c05be20d02f6/current/log_inprogress_0
2019-09-20 08:29:34,710 [Thread-215] INFO  impl.FollowerState (FollowerState.java:run(106)) - b348fd93-74e1-48ea-bc11-2098387e019e:group-C4A419451954 changes to CANDIDATE, lastRpcTime:5160, electionTimeout:5160ms
2019-09-20 08:29:34,710 [Thread-215] INFO  impl.RoleInfo (RoleInfo.java:shutdownFollowerState(121)) - b348fd93-74e1-48ea-bc11-2098387e019e: shutdown FollowerState
2019-09-20 08:29:34,710 [Thread-215] INFO  impl.RaftServerImpl (RaftServerImpl.java:setRole(171)) - b348fd93-74e1-48ea-bc11-2098387e019e:group-C4A419451954 changes role from FOLLOWER to CANDIDATE at term 0 for changeToCandidate
2019-09-20 08:29:34,710 [Thread-215] INFO  impl.RoleInfo (RoleInfo.java:updateAndGet(143)) - b348fd93-74e1-48ea-bc11-2098387e019e: start LeaderElection
2019-09-20 08:29:34,718 [Thread-221] INFO  impl.FollowerState (FollowerState.java:run(106)) - 977c6be4-088e-49bb-bd18-954d6d3cf26e:group-56113EE9A5B5 changes to CANDIDATE, lastRpcTime:5045, electionTimeout:5045ms
2019-09-20 08:29:34,719 [Thread-221] INFO  impl.RoleInfo (RoleInfo.java:shutdownFollowerState(121)) - 977c6be4-088e-49bb-bd18-954d6d3cf26e: shutdown FollowerState
2019-09-20 08:29:34,719 [Thread-221] INFO  impl.RaftServerImpl (RaftServerImpl.java:setRole(171)) - 977c6be4-088e-49bb-bd18-954d6d3cf26e:group-56113EE9A5B5 changes role from FOLLOWER to CANDIDATE at term 0 for changeToCandidate
2019-09-20 08:29:34,719 [Thread-221] INFO  impl.RoleInfo (RoleInfo.java:updateAndGet(143)) - 977c6be4-088e-49bb-bd18-954d6d3cf26e: start LeaderElection
2019-09-20 08:29:34,728 [b348fd93-74e1-48ea-bc11-2098387e019e:group-C4A419451954:LeaderElection11] INFO  impl.LeaderElection (LeaderElection.java:askForVotes(181)) - b348fd93-74e1-48ea-bc11-2098387e019e:group-C4A419451954:LeaderElection11: begin an election at term 1 for -1: [b348fd93-74e1-48ea-bc11-2098387e019e:192.168.34.27:38321], old=null
2019-09-20 08:29:34,728 [977c6be4-088e-49bb-bd18-954d6d3cf26e:group-56113EE9A5B5:LeaderElection12] INFO  impl.LeaderElection (LeaderElection.java:askForVotes(181)) - 977c6be4-088e-49bb-bd18-954d6d3cf26e:group-56113EE9A5B5:LeaderElection12: begin an election at term 1 for -1: [977c6be4-088e-49bb-bd18-954d6d3cf26e:192.168.34.27:41596], old=null
2019-09-20 08:29:34,728 [b348fd93-74e1-48ea-bc11-2098387e019e:group-C4A419451954:LeaderElection11] INFO  impl.RoleInfo (RoleInfo.java:shutdownLeaderElection(134)) - b348fd93-74e1-48ea-bc11-2098387e019e: shutdown LeaderElection
2019-09-20 08:29:34,728 [977c6be4-088e-49bb-bd18-954d6d3cf26e:group-56113EE9A5B5:LeaderElection12] INFO  impl.RoleInfo (RoleInfo.java:shutdownLeaderElection(134)) - 977c6be4-088e-49bb-bd18-954d6d3cf26e: shutdown LeaderElection
2019-09-20 08:29:34,728 [b348fd93-74e1-48ea-bc11-2098387e019e:group-C4A419451954:LeaderElection11] INFO  impl.RaftServerImpl (RaftServerImpl.java:setRole(171)) - b348fd93-74e1-48ea-bc11-2098387e019e:group-C4A419451954 changes role from CANDIDATE to LEADER at term 1 for changeToLeader
2019-09-20 08:29:34,728 [977c6be4-088e-49bb-bd18-954d6d3cf26e:group-56113EE9A5B5:LeaderElection12] INFO  impl.RaftServerImpl (RaftServerImpl.java:setRole(171)) - 977c6be4-088e-49bb-bd18-954d6d3cf26e:group-56113EE9A5B5 changes role from CANDIDATE to LEADER at term 1 for changeToLeader
2019-09-20 08:29:34,728 [b348fd93-74e1-48ea-bc11-2098387e019e:group-C4A419451954:LeaderElection11] INFO  impl.RaftServerImpl (ServerState.java:setLeader(263)) - b348fd93-74e1-48ea-bc11-2098387e019e:group-C4A419451954 change Leader from null to b348fd93-74e1-48ea-bc11-2098387e019e at term 1 for becomeLeader, leader elected after 5183ms
2019-09-20 08:29:34,729 [977c6be4-088e-49bb-bd18-954d6d3cf26e:group-56113EE9A5B5:LeaderElection12] INFO  impl.RaftServerImpl (ServerState.java:setLeader(263)) - 977c6be4-088e-49bb-bd18-954d6d3cf26e:group-56113EE9A5B5 change Leader from null to 977c6be4-088e-49bb-bd18-954d6d3cf26e at term 1 for becomeLeader, leader elected after 5060ms
2019-09-20 08:29:34,729 [b348fd93-74e1-48ea-bc11-2098387e019e:group-C4A419451954:LeaderElection11] INFO  server.RaftServerConfigKeys (ConfUtils.java:logGet(43)) - raft.server.staging.catchup.gap = 1000 (default)
2019-09-20 08:29:34,729 [977c6be4-088e-49bb-bd18-954d6d3cf26e:group-56113EE9A5B5:LeaderElection12] INFO  server.RaftServerConfigKeys (ConfUtils.java:logGet(43)) - raft.server.staging.catchup.gap = 1000 (default)
2019-09-20 08:29:34,729 [b348fd93-74e1-48ea-bc11-2098387e019e:group-C4A419451954:LeaderElection11] INFO  server.RaftServerConfigKeys (ConfUtils.java:logGet(43)) - raft.server.rpc.sleep.time = 25ms (default)
2019-09-20 08:29:34,729 [977c6be4-088e-49bb-bd18-954d6d3cf26e:group-56113EE9A5B5:LeaderElection12] INFO  server.RaftServerConfigKeys (ConfUtils.java:logGet(43)) - raft.server.rpc.sleep.time = 25ms (default)
2019-09-20 08:29:34,729 [b348fd93-74e1-48ea-bc11-2098387e019e:group-C4A419451954:LeaderElection11] INFO  server.RaftServerConfigKeys (ConfUtils.java:logGet(43)) - raft.server.write.element-limit = 4096 (default)
2019-09-20 08:29:34,730 [977c6be4-088e-49bb-bd18-954d6d3cf26e:group-56113EE9A5B5:LeaderElection12] INFO  server.RaftServerConfigKeys (ConfUtils.java:logGet(43)) - raft.server.write.element-limit = 4096 (default)
2019-09-20 08:29:34,730 [b348fd93-74e1-48ea-bc11-2098387e019e:group-C4A419451954:LeaderElection11] INFO  server.RaftServerConfigKeys (ConfUtils.java:logGet(43)) - raft.server.watch.timeout = 10s (default)
2019-09-20 08:29:34,730 [977c6be4-088e-49bb-bd18-954d6d3cf26e:group-56113EE9A5B5:LeaderElection12] INFO  server.RaftServerConfigKeys (ConfUtils.java:logGet(43)) - raft.server.watch.timeout = 10s (default)
2019-09-20 08:29:34,730 [b348fd93-74e1-48ea-bc11-2098387e019e:group-C4A419451954:LeaderElection11] INFO  server.RaftServerConfigKeys (ConfUtils.java:logGet(43)) - raft.server.watch.timeout.denomination = 1s (default)
2019-09-20 08:29:34,730 [977c6be4-088e-49bb-bd18-954d6d3cf26e:group-56113EE9A5B5:LeaderElection12] INFO  server.RaftServerConfigKeys (ConfUtils.java:logGet(43)) - raft.server.watch.timeout.denomination = 1s (default)
2019-09-20 08:29:34,730 [b348fd93-74e1-48ea-bc11-2098387e019e:group-C4A419451954:LeaderElection11] INFO  server.RaftServerConfigKeys (ConfUtils.java:logGet(43)) - raft.server.watch.element-limit = 65536 (default)
2019-09-20 08:29:34,730 [977c6be4-088e-49bb-bd18-954d6d3cf26e:group-56113EE9A5B5:LeaderElection12] INFO  server.RaftServerConfigKeys (ConfUtils.java:logGet(43)) - raft.server.watch.element-limit = 65536 (default)
2019-09-20 08:29:34,731 [b348fd93-74e1-48ea-bc11-2098387e019e:group-C4A419451954:LeaderElection11] INFO  impl.RoleInfo (RoleInfo.java:updateAndGet(143)) - b348fd93-74e1-48ea-bc11-2098387e019e: start LeaderState
2019-09-20 08:29:34,731 [977c6be4-088e-49bb-bd18-954d6d3cf26e:group-56113EE9A5B5:LeaderElection12] INFO  impl.RoleInfo (RoleInfo.java:updateAndGet(143)) - 977c6be4-088e-49bb-bd18-954d6d3cf26e: start LeaderState
2019-09-20 08:29:34,731 [b348fd93-74e1-48ea-bc11-2098387e019e:group-C4A419451954:LeaderElection11] INFO  segmented.SegmentedRaftLogWorker (SegmentedRaftLogWorker.java:startLogSegment(380)) - b348fd93-74e1-48ea-bc11-2098387e019e-SegmentedRaftLogWorker:Storage Directory /workdir/hadoop-ozone/tools/target/test-dir/MiniOzoneClusterImpl-d51e23b7-a35f-4296-b546-392ac43315b2/datanode-2/data/ratis/0414d888-26ef-4f42-813f-c4a419451954: Starting segment from index:0
2019-09-20 08:29:34,731 [977c6be4-088e-49bb-bd18-954d6d3cf26e:group-56113EE9A5B5:LeaderElection12] INFO  segmented.SegmentedRaftLogWorker (SegmentedRaftLogWorker.java:startLogSegment(380)) - 977c6be4-088e-49bb-bd18-954d6d3cf26e-SegmentedRaftLogWorker:Storage Directory /workdir/hadoop-ozone/tools/target/test-dir/MiniOzoneClusterImpl-d51e23b7-a35f-4296-b546-392ac43315b2/datanode-1/data/ratis/c48d0f65-8318-421e-8132-56113ee9a5b5: Starting segment from index:0
2019-09-20 08:29:34,731 [b348fd93-74e1-48ea-bc11-2098387e019e:group-C4A419451954:LeaderElection11] INFO  impl.RaftServerImpl (ServerState.java:setRaftConf(361)) - b348fd93-74e1-48ea-bc11-2098387e019e:group-C4A419451954 set configuration 0: [b348fd93-74e1-48ea-bc11-2098387e019e:192.168.34.27:38321], old=null at 0
2019-09-20 08:29:34,768 [Thread-218] INFO  impl.FollowerState (FollowerState.java:run(106)) - b348fd93-74e1-48ea-bc11-2098387e019e:group-03AFBAB94623 changes to CANDIDATE, lastRpcTime:5155, electionTimeout:5145ms
2019-09-20 08:29:34,768 [977c6be4-088e-49bb-bd18-954d6d3cf26e:group-56113EE9A5B5:LeaderElection12] INFO  impl.RaftServerImpl (ServerState.java:setRaftConf(361)) - 977c6be4-088e-49bb-bd18-954d6d3cf26e:group-56113EE9A5B5 set configuration 0: [977c6be4-088e-49bb-bd18-954d6d3cf26e:192.168.34.27:41596], old=null at 0
2019-09-20 08:29:34,768 [Thread-218] INFO  impl.RoleInfo (RoleInfo.java:shutdownFollowerState(121)) - b348fd93-74e1-48ea-bc11-2098387e019e: shutdown FollowerState
2019-09-20 08:29:34,769 [Thread-218] INFO  impl.RaftServerImpl (RaftServerImpl.java:setRole(171)) - b348fd93-74e1-48ea-bc11-2098387e019e:group-03AFBAB94623 changes role from FOLLOWER to CANDIDATE at term 0 for changeToCandidate
2019-09-20 08:29:34,770 [Thread-218] INFO  impl.RoleInfo (RoleInfo.java:updateAndGet(143)) - b348fd93-74e1-48ea-bc11-2098387e019e: start LeaderElection
2019-09-20 08:29:34,792 [b348fd93-74e1-48ea-bc11-2098387e019e-SegmentedRaftLogWorker:Storage Directory /workdir/hadoop-ozone/tools/target/test-dir/MiniOzoneClusterImpl-d51e23b7-a35f-4296-b546-392ac43315b2/datanode-2/data/ratis/0414d888-26ef-4f42-813f-c4a419451954] INFO  segmented.SegmentedRaftLogWorker (SegmentedRaftLogWorker.java:execute(569)) - b348fd93-74e1-48ea-bc11-2098387e019e-SegmentedRaftLogWorker:Storage Directory /workdir/hadoop-ozone/tools/target/test-dir/MiniOzoneClusterImpl-d51e23b7-a35f-4296-b546-392ac43315b2/datanode-2/data/ratis/0414d888-26ef-4f42-813f-c4a419451954: created new log segment /workdir/hadoop-ozone/tools/target/test-dir/MiniOzoneClusterImpl-d51e23b7-a35f-4296-b546-392ac43315b2/datanode-2/data/ratis/0414d888-26ef-4f42-813f-c4a419451954/current/log_inprogress_0
2019-09-20 08:29:34,792 [b348fd93-74e1-48ea-bc11-2098387e019e:group-03AFBAB94623:LeaderElection13] INFO  impl.LeaderElection (LeaderElection.java:askForVotes(181)) - b348fd93-74e1-48ea-bc11-2098387e019e:group-03AFBAB94623:LeaderElection13: begin an election at term 1 for -1: [b348fd93-74e1-48ea-bc11-2098387e019e:192.168.34.27:38321], old=null
2019-09-20 08:29:34,792 [977c6be4-088e-49bb-bd18-954d6d3cf26e-SegmentedRaftLogWorker:Storage Directory /workdir/hadoop-ozone/tools/target/test-dir/MiniOzoneClusterImpl-d51e23b7-a35f-4296-b546-392ac43315b2/datanode-1/data/ratis/c48d0f65-8318-421e-8132-56113ee9a5b5] INFO  segmented.SegmentedRaftLogWorker (SegmentedRaftLogWorker.java:execute(569)) - 977c6be4-088e-49bb-bd18-954d6d3cf26e-SegmentedRaftLogWorker:Storage Directory /workdir/hadoop-ozone/tools/target/test-dir/MiniOzoneClusterImpl-d51e23b7-a35f-4296-b546-392ac43315b2/datanode-1/data/ratis/c48d0f65-8318-421e-8132-56113ee9a5b5: created new log segment /workdir/hadoop-ozone/tools/target/test-dir/MiniOzoneClusterImpl-d51e23b7-a35f-4296-b546-392ac43315b2/datanode-1/data/ratis/c48d0f65-8318-421e-8132-56113ee9a5b5/current/log_inprogress_0
2019-09-20 08:29:34,793 [b348fd93-74e1-48ea-bc11-2098387e019e:group-03AFBAB94623:LeaderElection13] INFO  impl.RoleInfo (RoleInfo.java:shutdownLeaderElection(134)) - b348fd93-74e1-48ea-bc11-2098387e019e: shutdown LeaderElection
2019-09-20 08:29:34,793 [b348fd93-74e1-48ea-bc11-2098387e019e:group-03AFBAB94623:LeaderElection13] INFO  impl.RaftServerImpl (RaftServerImpl.java:setRole(171)) - b348fd93-74e1-48ea-bc11-2098387e019e:group-03AFBAB94623 changes role from CANDIDATE to LEADER at term 1 for changeToLeader
2019-09-20 08:29:34,794 [b348fd93-74e1-48ea-bc11-2098387e019e:group-03AFBAB94623:LeaderElection13] INFO  impl.RaftServerImpl (ServerState.java:setLeader(263)) - b348fd93-74e1-48ea-bc11-2098387e019e:group-03AFBAB94623 change Leader from null to b348fd93-74e1-48ea-bc11-2098387e019e at term 1 for becomeLeader, leader elected after 5187ms
2019-09-20 08:29:34,794 [b348fd93-74e1-48ea-bc11-2098387e019e:group-03AFBAB94623:LeaderElection13] INFO  server.RaftServerConfigKeys (ConfUtils.java:logGet(43)) - raft.server.staging.catchup.gap = 1000 (default)
2019-09-20 08:29:34,794 [b348fd93-74e1-48ea-bc11-2098387e019e:group-03AFBAB94623:LeaderElection13] INFO  server.RaftServerConfigKeys (ConfUtils.java:logGet(43)) - raft.server.rpc.sleep.time = 25ms (default)
2019-09-20 08:29:34,794 [b348fd93-74e1-48ea-bc11-2098387e019e:group-03AFBAB94623:LeaderElection13] INFO  server.RaftServerConfigKeys (ConfUtils.java:logGet(43)) - raft.server.write.element-limit = 4096 (default)
2019-09-20 08:29:34,794 [b348fd93-74e1-48ea-bc11-2098387e019e:group-03AFBAB94623:LeaderElection13] INFO  server.RaftServerConfigKeys (ConfUtils.java:logGet(43)) - raft.server.watch.timeout = 10s (default)
2019-09-20 08:29:34,794 [b348fd93-74e1-48ea-bc11-2098387e019e:group-03AFBAB94623:LeaderElection13] INFO  server.RaftServerConfigKeys (ConfUtils.java:logGet(43)) - raft.server.watch.timeout.denomination = 1s (default)
2019-09-20 08:29:34,795 [b348fd93-74e1-48ea-bc11-2098387e019e:group-03AFBAB94623:LeaderElection13] INFO  server.RaftServerConfigKeys (ConfUtils.java:logGet(43)) - raft.server.watch.element-limit = 65536 (default)
2019-09-20 08:29:34,795 [b348fd93-74e1-48ea-bc11-2098387e019e:group-03AFBAB94623:LeaderElection13] INFO  impl.RoleInfo (RoleInfo.java:updateAndGet(143)) - b348fd93-74e1-48ea-bc11-2098387e019e: start LeaderState
2019-09-20 08:29:34,795 [b348fd93-74e1-48ea-bc11-2098387e019e:group-03AFBAB94623:LeaderElection13] INFO  segmented.SegmentedRaftLogWorker (SegmentedRaftLogWorker.java:startLogSegment(380)) - b348fd93-74e1-48ea-bc11-2098387e019e-SegmentedRaftLogWorker:Storage Directory /workdir/hadoop-ozone/tools/target/test-dir/MiniOzoneClusterImpl-d51e23b7-a35f-4296-b546-392ac43315b2/datanode-2/data/ratis/d26e197a-5dd7-4a02-93d4-03afbab94623: Starting segment from index:0
2019-09-20 08:29:34,796 [b348fd93-74e1-48ea-bc11-2098387e019e:group-03AFBAB94623:LeaderElection13] INFO  impl.RaftServerImpl (ServerState.java:setRaftConf(361)) - b348fd93-74e1-48ea-bc11-2098387e019e:group-03AFBAB94623 set configuration 0: [b348fd93-74e1-48ea-bc11-2098387e019e:192.168.34.27:38321], old=null at 0
2019-09-20 08:29:34,829 [Thread-227] INFO  impl.FollowerState (FollowerState.java:run(106)) - 977c6be4-088e-49bb-bd18-954d6d3cf26e:group-9647E39AB661 changes to CANDIDATE, lastRpcTime:5035, electionTimeout:5033ms
2019-09-20 08:29:34,830 [Thread-227] INFO  impl.RoleInfo (RoleInfo.java:shutdownFollowerState(121)) - 977c6be4-088e-49bb-bd18-954d6d3cf26e: shutdown FollowerState
2019-09-20 08:29:34,830 [Thread-227] INFO  impl.RaftServerImpl (RaftServerImpl.java:setRole(171)) - 977c6be4-088e-49bb-bd18-954d6d3cf26e:group-9647E39AB661 changes role from FOLLOWER to CANDIDATE at term 0 for changeToCandidate
2019-09-20 08:29:34,830 [Thread-227] INFO  impl.RoleInfo (RoleInfo.java:updateAndGet(143)) - 977c6be4-088e-49bb-bd18-954d6d3cf26e: start LeaderElection
2019-09-20 08:29:34,836 | INFO  | SCMAudit | user=jenkins1000 | ip=192.168.34.27 | op=SEND_HEARTBEAT {datanodeUUID=b348fd93-74e1-48ea-bc11-2098387e019e, command=[]} | ret=SUCCESS |  
2019-09-20 08:29:34,838 [b348fd93-74e1-48ea-bc11-2098387e019e-SegmentedRaftLogWorker:Storage Directory /workdir/hadoop-ozone/tools/target/test-dir/MiniOzoneClusterImpl-d51e23b7-a35f-4296-b546-392ac43315b2/datanode-2/data/ratis/d26e197a-5dd7-4a02-93d4-03afbab94623] INFO  segmented.SegmentedRaftLogWorker (SegmentedRaftLogWorker.java:execute(569)) - b348fd93-74e1-48ea-bc11-2098387e019e-SegmentedRaftLogWorker:Storage Directory /workdir/hadoop-ozone/tools/target/test-dir/MiniOzoneClusterImpl-d51e23b7-a35f-4296-b546-392ac43315b2/datanode-2/data/ratis/d26e197a-5dd7-4a02-93d4-03afbab94623: created new log segment /workdir/hadoop-ozone/tools/target/test-dir/MiniOzoneClusterImpl-d51e23b7-a35f-4296-b546-392ac43315b2/datanode-2/data/ratis/d26e197a-5dd7-4a02-93d4-03afbab94623/current/log_inprogress_0
2019-09-20 08:29:34,840 [977c6be4-088e-49bb-bd18-954d6d3cf26e:group-9647E39AB661:LeaderElection14] INFO  impl.LeaderElection (LeaderElection.java:askForVotes(181)) - 977c6be4-088e-49bb-bd18-954d6d3cf26e:group-9647E39AB661:LeaderElection14: begin an election at term 1 for -1: [977c6be4-088e-49bb-bd18-954d6d3cf26e:192.168.34.27:41596], old=null
2019-09-20 08:29:34,840 [977c6be4-088e-49bb-bd18-954d6d3cf26e:group-9647E39AB661:LeaderElection14] INFO  impl.RoleInfo (RoleInfo.java:shutdownLeaderElection(134)) - 977c6be4-088e-49bb-bd18-954d6d3cf26e: shutdown LeaderElection
2019-09-20 08:29:34,840 [977c6be4-088e-49bb-bd18-954d6d3cf26e:group-9647E39AB661:LeaderElection14] INFO  impl.RaftServerImpl (RaftServerImpl.java:setRole(171)) - 977c6be4-088e-49bb-bd18-954d6d3cf26e:group-9647E39AB661 changes role from CANDIDATE to LEADER at term 1 for changeToLeader
2019-09-20 08:29:34,840 [977c6be4-088e-49bb-bd18-954d6d3cf26e:group-9647E39AB661:LeaderElection14] INFO  impl.RaftServerImpl (ServerState.java:setLeader(263)) - 977c6be4-088e-49bb-bd18-954d6d3cf26e:group-9647E39AB661 change Leader from null to 977c6be4-088e-49bb-bd18-954d6d3cf26e at term 1 for becomeLeader, leader elected after 5050ms
2019-09-20 08:29:34,841 [977c6be4-088e-49bb-bd18-954d6d3cf26e:group-9647E39AB661:LeaderElection14] INFO  server.RaftServerConfigKeys (ConfUtils.java:logGet(43)) - raft.server.staging.catchup.gap = 1000 (default)
2019-09-20 08:29:34,841 [977c6be4-088e-49bb-bd18-954d6d3cf26e:group-9647E39AB661:LeaderElection14] INFO  server.RaftServerConfigKeys (ConfUtils.java:logGet(43)) - raft.server.rpc.sleep.time = 25ms (default)
2019-09-20 08:29:34,841 [977c6be4-088e-49bb-bd18-954d6d3cf26e:group-9647E39AB661:LeaderElection14] INFO  server.RaftServerConfigKeys (ConfUtils.java:logGet(43)) - raft.server.write.element-limit = 4096 (default)
2019-09-20 08:29:34,841 [977c6be4-088e-49bb-bd18-954d6d3cf26e:group-9647E39AB661:LeaderElection14] INFO  server.RaftServerConfigKeys (ConfUtils.java:logGet(43)) - raft.server.watch.timeout = 10s (default)
2019-09-20 08:29:34,842 [977c6be4-088e-49bb-bd18-954d6d3cf26e:group-9647E39AB661:LeaderElection14] INFO  server.RaftServerConfigKeys (ConfUtils.java:logGet(43)) - raft.server.watch.timeout.denomination = 1s (default)
2019-09-20 08:29:34,842 [977c6be4-088e-49bb-bd18-954d6d3cf26e:group-9647E39AB661:LeaderElection14] INFO  server.RaftServerConfigKeys (ConfUtils.java:logGet(43)) - raft.server.watch.element-limit = 65536 (default)
2019-09-20 08:29:34,842 [977c6be4-088e-49bb-bd18-954d6d3cf26e:group-9647E39AB661:LeaderElection14] INFO  impl.RoleInfo (RoleInfo.java:updateAndGet(143)) - 977c6be4-088e-49bb-bd18-954d6d3cf26e: start LeaderState
2019-09-20 08:29:34,842 [977c6be4-088e-49bb-bd18-954d6d3cf26e:group-9647E39AB661:LeaderElection14] INFO  segmented.SegmentedRaftLogWorker (SegmentedRaftLogWorker.java:startLogSegment(380)) - 977c6be4-088e-49bb-bd18-954d6d3cf26e-SegmentedRaftLogWorker:Storage Directory /workdir/hadoop-ozone/tools/target/test-dir/MiniOzoneClusterImpl-d51e23b7-a35f-4296-b546-392ac43315b2/datanode-1/data/ratis/5f2e1cdb-3e3c-4d6a-bda3-9647e39ab661: Starting segment from index:0
2019-09-20 08:29:34,843 [977c6be4-088e-49bb-bd18-954d6d3cf26e:group-9647E39AB661:LeaderElection14] INFO  impl.RaftServerImpl (ServerState.java:setRaftConf(361)) - 977c6be4-088e-49bb-bd18-954d6d3cf26e:group-9647E39AB661 set configuration 0: [977c6be4-088e-49bb-bd18-954d6d3cf26e:192.168.34.27:41596], old=null at 0
2019-09-20 08:29:34,880 [Thread-224] INFO  impl.FollowerState (FollowerState.java:run(106)) - 62869313-87e7-4095-b37c-6162291b45c6:group-E3A397DCDBEB changes to CANDIDATE, lastRpcTime:5154, electionTimeout:5130ms
2019-09-20 08:29:34,881 [Thread-224] INFO  impl.RoleInfo (RoleInfo.java:shutdownFollowerState(121)) - 62869313-87e7-4095-b37c-6162291b45c6: shutdown FollowerState
2019-09-20 08:29:34,881 [Thread-224] INFO  impl.RaftServerImpl (RaftServerImpl.java:setRole(171)) - 62869313-87e7-4095-b37c-6162291b45c6:group-E3A397DCDBEB changes role from FOLLOWER to CANDIDATE at term 0 for changeToCandidate
2019-09-20 08:29:34,881 [Thread-224] INFO  impl.RoleInfo (RoleInfo.java:updateAndGet(143)) - 62869313-87e7-4095-b37c-6162291b45c6: start LeaderElection
2019-09-20 08:29:34,894 [977c6be4-088e-49bb-bd18-954d6d3cf26e-SegmentedRaftLogWorker:Storage Directory /workdir/hadoop-ozone/tools/target/test-dir/MiniOzoneClusterImpl-d51e23b7-a35f-4296-b546-392ac43315b2/datanode-1/data/ratis/5f2e1cdb-3e3c-4d6a-bda3-9647e39ab661] INFO  segmented.SegmentedRaftLogWorker (SegmentedRaftLogWorker.java:execute(569)) - 977c6be4-088e-49bb-bd18-954d6d3cf26e-SegmentedRaftLogWorker:Storage Directory /workdir/hadoop-ozone/tools/target/test-dir/MiniOzoneClusterImpl-d51e23b7-a35f-4296-b546-392ac43315b2/datanode-1/data/ratis/5f2e1cdb-3e3c-4d6a-bda3-9647e39ab661: created new log segment /workdir/hadoop-ozone/tools/target/test-dir/MiniOzoneClusterImpl-d51e23b7-a35f-4296-b546-392ac43315b2/datanode-1/data/ratis/5f2e1cdb-3e3c-4d6a-bda3-9647e39ab661/current/log_inprogress_0
2019-09-20 08:29:34,894 [62869313-87e7-4095-b37c-6162291b45c6:group-E3A397DCDBEB:LeaderElection15] INFO  impl.LeaderElection (LeaderElection.java:askForVotes(181)) - 62869313-87e7-4095-b37c-6162291b45c6:group-E3A397DCDBEB:LeaderElection15: begin an election at term 1 for -1: [62869313-87e7-4095-b37c-6162291b45c6:192.168.34.27:38218], old=null
2019-09-20 08:29:34,895 [62869313-87e7-4095-b37c-6162291b45c6:group-E3A397DCDBEB:LeaderElection15] INFO  impl.RoleInfo (RoleInfo.java:shutdownLeaderElection(134)) - 62869313-87e7-4095-b37c-6162291b45c6: shutdown LeaderElection
2019-09-20 08:29:34,895 [62869313-87e7-4095-b37c-6162291b45c6:group-E3A397DCDBEB:LeaderElection15] INFO  impl.RaftServerImpl (RaftServerImpl.java:setRole(171)) - 62869313-87e7-4095-b37c-6162291b45c6:group-E3A397DCDBEB changes role from CANDIDATE to LEADER at term 1 for changeToLeader
2019-09-20 08:29:34,895 [62869313-87e7-4095-b37c-6162291b45c6:group-E3A397DCDBEB:LeaderElection15] INFO  impl.RaftServerImpl (ServerState.java:setLeader(263)) - 62869313-87e7-4095-b37c-6162291b45c6:group-E3A397DCDBEB change Leader from null to 62869313-87e7-4095-b37c-6162291b45c6 at term 1 for becomeLeader, leader elected after 5172ms
2019-09-20 08:29:34,895 [62869313-87e7-4095-b37c-6162291b45c6:group-E3A397DCDBEB:LeaderElection15] INFO  server.RaftServerConfigKeys (ConfUtils.java:logGet(43)) - raft.server.staging.catchup.gap = 1000 (default)
2019-09-20 08:29:34,895 [62869313-87e7-4095-b37c-6162291b45c6:group-E3A397DCDBEB:LeaderElection15] INFO  server.RaftServerConfigKeys (ConfUtils.java:logGet(43)) - raft.server.rpc.sleep.time = 25ms (default)
2019-09-20 08:29:34,896 [62869313-87e7-4095-b37c-6162291b45c6:group-E3A397DCDBEB:LeaderElection15] INFO  server.RaftServerConfigKeys (ConfUtils.java:logGet(43)) - raft.server.write.element-limit = 4096 (default)
2019-09-20 08:29:34,896 [62869313-87e7-4095-b37c-6162291b45c6:group-E3A397DCDBEB:LeaderElection15] INFO  server.RaftServerConfigKeys (ConfUtils.java:logGet(43)) - raft.server.watch.timeout = 10s (default)
2019-09-20 08:29:34,896 [62869313-87e7-4095-b37c-6162291b45c6:group-E3A397DCDBEB:LeaderElection15] INFO  server.RaftServerConfigKeys (ConfUtils.java:logGet(43)) - raft.server.watch.timeout.denomination = 1s (default)
2019-09-20 08:29:34,896 [62869313-87e7-4095-b37c-6162291b45c6:group-E3A397DCDBEB:LeaderElection15] INFO  server.RaftServerConfigKeys (ConfUtils.java:logGet(43)) - raft.server.watch.element-limit = 65536 (default)
2019-09-20 08:29:34,896 [62869313-87e7-4095-b37c-6162291b45c6:group-E3A397DCDBEB:LeaderElection15] INFO  impl.RoleInfo (RoleInfo.java:updateAndGet(143)) - 62869313-87e7-4095-b37c-6162291b45c6: start LeaderState
2019-09-20 08:29:34,897 [62869313-87e7-4095-b37c-6162291b45c6:group-E3A397DCDBEB:LeaderElection15] INFO  segmented.SegmentedRaftLogWorker (SegmentedRaftLogWorker.java:startLogSegment(380)) - 62869313-87e7-4095-b37c-6162291b45c6-SegmentedRaftLogWorker:Storage Directory /workdir/hadoop-ozone/tools/target/test-dir/MiniOzoneClusterImpl-d51e23b7-a35f-4296-b546-392ac43315b2/datanode-0/data/ratis/88a77aec-1cd9-4432-8b65-e3a397dcdbeb: Starting segment from index:0
2019-09-20 08:29:34,897 [62869313-87e7-4095-b37c-6162291b45c6:group-E3A397DCDBEB:LeaderElection15] INFO  impl.RaftServerImpl (ServerState.java:setRaftConf(361)) - 62869313-87e7-4095-b37c-6162291b45c6:group-E3A397DCDBEB set configuration 0: [62869313-87e7-4095-b37c-6162291b45c6:192.168.34.27:38218], old=null at 0
2019-09-20 08:29:34,942 [62869313-87e7-4095-b37c-6162291b45c6-SegmentedRaftLogWorker:Storage Directory /workdir/hadoop-ozone/tools/target/test-dir/MiniOzoneClusterImpl-d51e23b7-a35f-4296-b546-392ac43315b2/datanode-0/data/ratis/88a77aec-1cd9-4432-8b65-e3a397dcdbeb] INFO  segmented.SegmentedRaftLogWorker (SegmentedRaftLogWorker.java:execute(569)) - 62869313-87e7-4095-b37c-6162291b45c6-SegmentedRaftLogWorker:Storage Directory /workdir/hadoop-ozone/tools/target/test-dir/MiniOzoneClusterImpl-d51e23b7-a35f-4296-b546-392ac43315b2/datanode-0/data/ratis/88a77aec-1cd9-4432-8b65-e3a397dcdbeb: created new log segment /workdir/hadoop-ozone/tools/target/test-dir/MiniOzoneClusterImpl-d51e23b7-a35f-4296-b546-392ac43315b2/datanode-0/data/ratis/88a77aec-1cd9-4432-8b65-e3a397dcdbeb/current/log_inprogress_0
2019-09-20 08:29:34,985 [Thread-230] INFO  impl.FollowerState (FollowerState.java:run(106)) - 62869313-87e7-4095-b37c-6162291b45c6:group-3FD65DC1DF1A changes to CANDIDATE, lastRpcTime:5136, electionTimeout:5136ms
2019-09-20 08:29:34,986 [Thread-230] INFO  impl.RoleInfo (RoleInfo.java:shutdownFollowerState(121)) - 62869313-87e7-4095-b37c-6162291b45c6: shutdown FollowerState
2019-09-20 08:29:34,986 [Thread-230] INFO  impl.RaftServerImpl (RaftServerImpl.java:setRole(171)) - 62869313-87e7-4095-b37c-6162291b45c6:group-3FD65DC1DF1A changes role from FOLLOWER to CANDIDATE at term 0 for changeToCandidate
2019-09-20 08:29:34,986 [Thread-230] INFO  impl.RoleInfo (RoleInfo.java:updateAndGet(143)) - 62869313-87e7-4095-b37c-6162291b45c6: start LeaderElection
2019-09-20 08:29:35,004 [62869313-87e7-4095-b37c-6162291b45c6:group-3FD65DC1DF1A:LeaderElection16] INFO  impl.LeaderElection (LeaderElection.java:askForVotes(181)) - 62869313-87e7-4095-b37c-6162291b45c6:group-3FD65DC1DF1A:LeaderElection16: begin an election at term 1 for -1: [62869313-87e7-4095-b37c-6162291b45c6:192.168.34.27:38218], old=null
2019-09-20 08:29:35,005 [62869313-87e7-4095-b37c-6162291b45c6:group-3FD65DC1DF1A:LeaderElection16] INFO  impl.RoleInfo (RoleInfo.java:shutdownLeaderElection(134)) - 62869313-87e7-4095-b37c-6162291b45c6: shutdown LeaderElection
2019-09-20 08:29:35,006 [62869313-87e7-4095-b37c-6162291b45c6:group-3FD65DC1DF1A:LeaderElection16] INFO  impl.RaftServerImpl (RaftServerImpl.java:setRole(171)) - 62869313-87e7-4095-b37c-6162291b45c6:group-3FD65DC1DF1A changes role from CANDIDATE to LEADER at term 1 for changeToLeader
2019-09-20 08:29:35,006 [62869313-87e7-4095-b37c-6162291b45c6:group-3FD65DC1DF1A:LeaderElection16] INFO  impl.RaftServerImpl (ServerState.java:setLeader(263)) - 62869313-87e7-4095-b37c-6162291b45c6:group-3FD65DC1DF1A change Leader from null to 62869313-87e7-4095-b37c-6162291b45c6 at term 1 for becomeLeader, leader elected after 5162ms
2019-09-20 08:29:35,006 [62869313-87e7-4095-b37c-6162291b45c6:group-3FD65DC1DF1A:LeaderElection16] INFO  server.RaftServerConfigKeys (ConfUtils.java:logGet(43)) - raft.server.staging.catchup.gap = 1000 (default)
2019-09-20 08:29:35,006 [62869313-87e7-4095-b37c-6162291b45c6:group-3FD65DC1DF1A:LeaderElection16] INFO  server.RaftServerConfigKeys (ConfUtils.java:logGet(43)) - raft.server.rpc.sleep.time = 25ms (default)
2019-09-20 08:29:35,006 [62869313-87e7-4095-b37c-6162291b45c6:group-3FD65DC1DF1A:LeaderElection16] INFO  server.RaftServerConfigKeys (ConfUtils.java:logGet(43)) - raft.server.write.element-limit = 4096 (default)
2019-09-20 08:29:35,007 [62869313-87e7-4095-b37c-6162291b45c6:group-3FD65DC1DF1A:LeaderElection16] INFO  server.RaftServerConfigKeys (ConfUtils.java:logGet(43)) - raft.server.watch.timeout = 10s (default)
2019-09-20 08:29:35,007 [62869313-87e7-4095-b37c-6162291b45c6:group-3FD65DC1DF1A:LeaderElection16] INFO  server.RaftServerConfigKeys (ConfUtils.java:logGet(43)) - raft.server.watch.timeout.denomination = 1s (default)
2019-09-20 08:29:35,007 [62869313-87e7-4095-b37c-6162291b45c6:group-3FD65DC1DF1A:LeaderElection16] INFO  server.RaftServerConfigKeys (ConfUtils.java:logGet(43)) - raft.server.watch.element-limit = 65536 (default)
2019-09-20 08:29:35,007 [62869313-87e7-4095-b37c-6162291b45c6:group-3FD65DC1DF1A:LeaderElection16] INFO  impl.RoleInfo (RoleInfo.java:updateAndGet(143)) - 62869313-87e7-4095-b37c-6162291b45c6: start LeaderState
2019-09-20 08:29:35,008 [62869313-87e7-4095-b37c-6162291b45c6:group-3FD65DC1DF1A:LeaderElection16] INFO  segmented.SegmentedRaftLogWorker (SegmentedRaftLogWorker.java:startLogSegment(380)) - 62869313-87e7-4095-b37c-6162291b45c6-SegmentedRaftLogWorker:Storage Directory /workdir/hadoop-ozone/tools/target/test-dir/MiniOzoneClusterImpl-d51e23b7-a35f-4296-b546-392ac43315b2/datanode-0/data/ratis/d0610c2c-df80-4753-a051-3fd65dc1df1a: Starting segment from index:0
2019-09-20 08:29:35,008 [62869313-87e7-4095-b37c-6162291b45c6:group-3FD65DC1DF1A:LeaderElection16] INFO  impl.RaftServerImpl (ServerState.java:setRaftConf(361)) - 62869313-87e7-4095-b37c-6162291b45c6:group-3FD65DC1DF1A set configuration 0: [62869313-87e7-4095-b37c-6162291b45c6:192.168.34.27:38218], old=null at 0
2019-09-20 08:29:35,057 [62869313-87e7-4095-b37c-6162291b45c6-SegmentedRaftLogWorker:Storage Directory /workdir/hadoop-ozone/tools/target/test-dir/MiniOzoneClusterImpl-d51e23b7-a35f-4296-b546-392ac43315b2/datanode-0/data/ratis/d0610c2c-df80-4753-a051-3fd65dc1df1a] INFO  segmented.SegmentedRaftLogWorker (SegmentedRaftLogWorker.java:execute(569)) - 62869313-87e7-4095-b37c-6162291b45c6-SegmentedRaftLogWorker:Storage Directory /workdir/hadoop-ozone/tools/target/test-dir/MiniOzoneClusterImpl-d51e23b7-a35f-4296-b546-392ac43315b2/datanode-0/data/ratis/d0610c2c-df80-4753-a051-3fd65dc1df1a: created new log segment /workdir/hadoop-ozone/tools/target/test-dir/MiniOzoneClusterImpl-d51e23b7-a35f-4296-b546-392ac43315b2/datanode-0/data/ratis/d0610c2c-df80-4753-a051-3fd65dc1df1a/current/log_inprogress_0
2019-09-20 08:29:35,078 [Thread-233] INFO  impl.FollowerState (FollowerState.java:run(106)) - 977c6be4-088e-49bb-bd18-954d6d3cf26e:group-63BE8E44591C changes to CANDIDATE, lastRpcTime:5172, electionTimeout:5172ms
2019-09-20 08:29:35,078 [Thread-233] INFO  impl.RoleInfo (RoleInfo.java:shutdownFollowerState(121)) - 977c6be4-088e-49bb-bd18-954d6d3cf26e: shutdown FollowerState
2019-09-20 08:29:35,078 [Thread-233] INFO  impl.RaftServerImpl (RaftServerImpl.java:setRole(171)) - 977c6be4-088e-49bb-bd18-954d6d3cf26e:group-63BE8E44591C changes role from FOLLOWER to CANDIDATE at term 0 for changeToCandidate
2019-09-20 08:29:35,078 [Thread-233] INFO  impl.RoleInfo (RoleInfo.java:updateAndGet(143)) - 977c6be4-088e-49bb-bd18-954d6d3cf26e: start LeaderElection
2019-09-20 08:29:35,095 [977c6be4-088e-49bb-bd18-954d6d3cf26e:group-63BE8E44591C:LeaderElection17] INFO  impl.LeaderElection (LeaderElection.java:askForVotes(181)) - 977c6be4-088e-49bb-bd18-954d6d3cf26e:group-63BE8E44591C:LeaderElection17: begin an election at term 1 for -1: [977c6be4-088e-49bb-bd18-954d6d3cf26e:192.168.34.27:41596], old=null
2019-09-20 08:29:35,097 [977c6be4-088e-49bb-bd18-954d6d3cf26e:group-63BE8E44591C:LeaderElection17] INFO  impl.RoleInfo (RoleInfo.java:shutdownLeaderElection(134)) - 977c6be4-088e-49bb-bd18-954d6d3cf26e: shutdown LeaderElection
2019-09-20 08:29:35,097 [977c6be4-088e-49bb-bd18-954d6d3cf26e:group-63BE8E44591C:LeaderElection17] INFO  impl.RaftServerImpl (RaftServerImpl.java:setRole(171)) - 977c6be4-088e-49bb-bd18-954d6d3cf26e:group-63BE8E44591C changes role from CANDIDATE to LEADER at term 1 for changeToLeader
2019-09-20 08:29:35,097 [977c6be4-088e-49bb-bd18-954d6d3cf26e:group-63BE8E44591C:LeaderElection17] INFO  impl.RaftServerImpl (ServerState.java:setLeader(263)) - 977c6be4-088e-49bb-bd18-954d6d3cf26e:group-63BE8E44591C change Leader from null to 977c6be4-088e-49bb-bd18-954d6d3cf26e at term 1 for becomeLeader, leader elected after 5197ms
2019-09-20 08:29:35,097 [977c6be4-088e-49bb-bd18-954d6d3cf26e:group-63BE8E44591C:LeaderElection17] INFO  server.RaftServerConfigKeys (ConfUtils.java:logGet(43)) - raft.server.staging.catchup.gap = 1000 (default)
2019-09-20 08:29:35,098 [977c6be4-088e-49bb-bd18-954d6d3cf26e:group-63BE8E44591C:LeaderElection17] INFO  server.RaftServerConfigKeys (ConfUtils.java:logGet(43)) - raft.server.rpc.sleep.time = 25ms (default)
2019-09-20 08:29:35,098 [977c6be4-088e-49bb-bd18-954d6d3cf26e:group-63BE8E44591C:LeaderElection17] INFO  server.RaftServerConfigKeys (ConfUtils.java:logGet(43)) - raft.server.write.element-limit = 4096 (default)
2019-09-20 08:29:35,098 [977c6be4-088e-49bb-bd18-954d6d3cf26e:group-63BE8E44591C:LeaderElection17] INFO  server.RaftServerConfigKeys (ConfUtils.java:logGet(43)) - raft.server.watch.timeout = 10s (default)
2019-09-20 08:29:35,098 [977c6be4-088e-49bb-bd18-954d6d3cf26e:group-63BE8E44591C:LeaderElection17] INFO  server.RaftServerConfigKeys (ConfUtils.java:logGet(43)) - raft.server.watch.timeout.denomination = 1s (default)
2019-09-20 08:29:35,098 [977c6be4-088e-49bb-bd18-954d6d3cf26e:group-63BE8E44591C:LeaderElection17] INFO  server.RaftServerConfigKeys (ConfUtils.java:logGet(43)) - raft.server.watch.element-limit = 65536 (default)
2019-09-20 08:29:35,099 [977c6be4-088e-49bb-bd18-954d6d3cf26e:group-63BE8E44591C:LeaderElection17] INFO  impl.RoleInfo (RoleInfo.java:updateAndGet(143)) - 977c6be4-088e-49bb-bd18-954d6d3cf26e: start LeaderState
2019-09-20 08:29:35,099 [977c6be4-088e-49bb-bd18-954d6d3cf26e:group-63BE8E44591C:LeaderElection17] INFO  segmented.SegmentedRaftLogWorker (SegmentedRaftLogWorker.java:startLogSegment(380)) - 977c6be4-088e-49bb-bd18-954d6d3cf26e-SegmentedRaftLogWorker:Storage Directory /workdir/hadoop-ozone/tools/target/test-dir/MiniOzoneClusterImpl-d51e23b7-a35f-4296-b546-392ac43315b2/datanode-1/data/ratis/3d145344-d2f3-4def-81e6-63be8e44591c: Starting segment from index:0
2019-09-20 08:29:35,100 [977c6be4-088e-49bb-bd18-954d6d3cf26e:group-63BE8E44591C:LeaderElection17] INFO  impl.RaftServerImpl (ServerState.java:setRaftConf(361)) - 977c6be4-088e-49bb-bd18-954d6d3cf26e:group-63BE8E44591C set configuration 0: [977c6be4-088e-49bb-bd18-954d6d3cf26e:192.168.34.27:41596], old=null at 0
2019-09-20 08:29:35,140 [Thread-236] INFO  impl.FollowerState (FollowerState.java:run(106)) - 62869313-87e7-4095-b37c-6162291b45c6:group-DE7EF802BAC7 changes to CANDIDATE, lastRpcTime:5183, electionTimeout:5178ms
2019-09-20 08:29:35,140 [Thread-236] INFO  impl.RoleInfo (RoleInfo.java:shutdownFollowerState(121)) - 62869313-87e7-4095-b37c-6162291b45c6: shutdown FollowerState
2019-09-20 08:29:35,140 [Thread-236] INFO  impl.RaftServerImpl (RaftServerImpl.java:setRole(171)) - 62869313-87e7-4095-b37c-6162291b45c6:group-DE7EF802BAC7 changes role from FOLLOWER to CANDIDATE at term 0 for changeToCandidate
2019-09-20 08:29:35,140 [Thread-236] INFO  impl.RoleInfo (RoleInfo.java:updateAndGet(143)) - 62869313-87e7-4095-b37c-6162291b45c6: start LeaderElection
2019-09-20 08:29:35,164 [977c6be4-088e-49bb-bd18-954d6d3cf26e-SegmentedRaftLogWorker:Storage Directory /workdir/hadoop-ozone/tools/target/test-dir/MiniOzoneClusterImpl-d51e23b7-a35f-4296-b546-392ac43315b2/datanode-1/data/ratis/3d145344-d2f3-4def-81e6-63be8e44591c] INFO  segmented.SegmentedRaftLogWorker (SegmentedRaftLogWorker.java:execute(569)) - 977c6be4-088e-49bb-bd18-954d6d3cf26e-SegmentedRaftLogWorker:Storage Directory /workdir/hadoop-ozone/tools/target/test-dir/MiniOzoneClusterImpl-d51e23b7-a35f-4296-b546-392ac43315b2/datanode-1/data/ratis/3d145344-d2f3-4def-81e6-63be8e44591c: created new log segment /workdir/hadoop-ozone/tools/target/test-dir/MiniOzoneClusterImpl-d51e23b7-a35f-4296-b546-392ac43315b2/datanode-1/data/ratis/3d145344-d2f3-4def-81e6-63be8e44591c/current/log_inprogress_0
2019-09-20 08:29:35,164 [62869313-87e7-4095-b37c-6162291b45c6:group-DE7EF802BAC7:LeaderElection18] INFO  impl.LeaderElection (LeaderElection.java:askForVotes(181)) - 62869313-87e7-4095-b37c-6162291b45c6:group-DE7EF802BAC7:LeaderElection18: begin an election at term 1 for -1: [62869313-87e7-4095-b37c-6162291b45c6:192.168.34.27:38218], old=null
2019-09-20 08:29:35,164 [62869313-87e7-4095-b37c-6162291b45c6:group-DE7EF802BAC7:LeaderElection18] INFO  impl.RoleInfo (RoleInfo.java:shutdownLeaderElection(134)) - 62869313-87e7-4095-b37c-6162291b45c6: shutdown LeaderElection
2019-09-20 08:29:35,164 [62869313-87e7-4095-b37c-6162291b45c6:group-DE7EF802BAC7:LeaderElection18] INFO  impl.RaftServerImpl (RaftServerImpl.java:setRole(171)) - 62869313-87e7-4095-b37c-6162291b45c6:group-DE7EF802BAC7 changes role from CANDIDATE to LEADER at term 1 for changeToLeader
2019-09-20 08:29:35,165 [62869313-87e7-4095-b37c-6162291b45c6:group-DE7EF802BAC7:LeaderElection18] INFO  impl.RaftServerImpl (ServerState.java:setLeader(263)) - 62869313-87e7-4095-b37c-6162291b45c6:group-DE7EF802BAC7 change Leader from null to 62869313-87e7-4095-b37c-6162291b45c6 at term 1 for becomeLeader, leader elected after 5213ms
2019-09-20 08:29:35,165 [62869313-87e7-4095-b37c-6162291b45c6:group-DE7EF802BAC7:LeaderElection18] INFO  server.RaftServerConfigKeys (ConfUtils.java:logGet(43)) - raft.server.staging.catchup.gap = 1000 (default)
2019-09-20 08:29:35,165 [62869313-87e7-4095-b37c-6162291b45c6:group-DE7EF802BAC7:LeaderElection18] INFO  server.RaftServerConfigKeys (ConfUtils.java:logGet(43)) - raft.server.rpc.sleep.time = 25ms (default)
2019-09-20 08:29:35,165 [62869313-87e7-4095-b37c-6162291b45c6:group-DE7EF802BAC7:LeaderElection18] INFO  server.RaftServerConfigKeys (ConfUtils.java:logGet(43)) - raft.server.write.element-limit = 4096 (default)
2019-09-20 08:29:35,166 [62869313-87e7-4095-b37c-6162291b45c6:group-DE7EF802BAC7:LeaderElection18] INFO  server.RaftServerConfigKeys (ConfUtils.java:logGet(43)) - raft.server.watch.timeout = 10s (default)
2019-09-20 08:29:35,166 [62869313-87e7-4095-b37c-6162291b45c6:group-DE7EF802BAC7:LeaderElection18] INFO  server.RaftServerConfigKeys (ConfUtils.java:logGet(43)) - raft.server.watch.timeout.denomination = 1s (default)
2019-09-20 08:29:35,166 [62869313-87e7-4095-b37c-6162291b45c6:group-DE7EF802BAC7:LeaderElection18] INFO  server.RaftServerConfigKeys (ConfUtils.java:logGet(43)) - raft.server.watch.element-limit = 65536 (default)
2019-09-20 08:29:35,166 [62869313-87e7-4095-b37c-6162291b45c6:group-DE7EF802BAC7:LeaderElection18] INFO  impl.RoleInfo (RoleInfo.java:updateAndGet(143)) - 62869313-87e7-4095-b37c-6162291b45c6: start LeaderState
2019-09-20 08:29:35,167 [62869313-87e7-4095-b37c-6162291b45c6:group-DE7EF802BAC7:LeaderElection18] INFO  segmented.SegmentedRaftLogWorker (SegmentedRaftLogWorker.java:startLogSegment(380)) - 62869313-87e7-4095-b37c-6162291b45c6-SegmentedRaftLogWorker:Storage Directory /workdir/hadoop-ozone/tools/target/test-dir/MiniOzoneClusterImpl-d51e23b7-a35f-4296-b546-392ac43315b2/datanode-0/data/ratis/b05128ef-a291-4bf2-9127-de7ef802bac7: Starting segment from index:0
2019-09-20 08:29:35,168 [62869313-87e7-4095-b37c-6162291b45c6:group-DE7EF802BAC7:LeaderElection18] INFO  impl.RaftServerImpl (ServerState.java:setRaftConf(361)) - 62869313-87e7-4095-b37c-6162291b45c6:group-DE7EF802BAC7 set configuration 0: [62869313-87e7-4095-b37c-6162291b45c6:192.168.34.27:38218], old=null at 0
2019-09-20 08:29:35,216 [62869313-87e7-4095-b37c-6162291b45c6-SegmentedRaftLogWorker:Storage Directory /workdir/hadoop-ozone/tools/target/test-dir/MiniOzoneClusterImpl-d51e23b7-a35f-4296-b546-392ac43315b2/datanode-0/data/ratis/b05128ef-a291-4bf2-9127-de7ef802bac7] INFO  segmented.SegmentedRaftLogWorker (SegmentedRaftLogWorker.java:execute(569)) - 62869313-87e7-4095-b37c-6162291b45c6-SegmentedRaftLogWorker:Storage Directory /workdir/hadoop-ozone/tools/target/test-dir/MiniOzoneClusterImpl-d51e23b7-a35f-4296-b546-392ac43315b2/datanode-0/data/ratis/b05128ef-a291-4bf2-9127-de7ef802bac7: created new log segment /workdir/hadoop-ozone/tools/target/test-dir/MiniOzoneClusterImpl-d51e23b7-a35f-4296-b546-392ac43315b2/datanode-0/data/ratis/b05128ef-a291-4bf2-9127-de7ef802bac7/current/log_inprogress_0
2019-09-20 08:29:35,399 | INFO  | SCMAudit | user=jenkins1000 | ip=192.168.34.27 | op=SEND_HEARTBEAT {datanodeUUID=62869313-87e7-4095-b37c-6162291b45c6, command=[]} | ret=SUCCESS |  
2019-09-20 08:29:35,631 | INFO  | SCMAudit | user=jenkins1000 | ip=192.168.34.27 | op=SEND_HEARTBEAT {datanodeUUID=977c6be4-088e-49bb-bd18-954d6d3cf26e, command=[]} | ret=SUCCESS |  
2019-09-20 08:29:35,832 | INFO  | SCMAudit | user=jenkins1000 | ip=192.168.34.27 | op=SEND_HEARTBEAT {datanodeUUID=b348fd93-74e1-48ea-bc11-2098387e019e, command=[]} | ret=SUCCESS |  
2019-09-20 08:29:36,399 | INFO  | SCMAudit | user=jenkins1000 | ip=192.168.34.27 | op=SEND_HEARTBEAT {datanodeUUID=62869313-87e7-4095-b37c-6162291b45c6, command=[]} | ret=SUCCESS |  
2019-09-20 08:29:36,628 | INFO  | SCMAudit | user=jenkins1000 | ip=192.168.34.27 | op=SEND_HEARTBEAT {datanodeUUID=977c6be4-088e-49bb-bd18-954d6d3cf26e, command=[]} | ret=SUCCESS |  
2019-09-20 08:29:36,833 | INFO  | SCMAudit | user=jenkins1000 | ip=192.168.34.27 | op=SEND_HEARTBEAT {datanodeUUID=b348fd93-74e1-48ea-bc11-2098387e019e, command=[]} | ret=SUCCESS |  
2019-09-20 08:29:37,398 | INFO  | SCMAudit | user=jenkins1000 | ip=192.168.34.27 | op=SEND_HEARTBEAT {datanodeUUID=62869313-87e7-4095-b37c-6162291b45c6, command=[]} | ret=SUCCESS |  
2019-09-20 08:29:37,636 | INFO  | SCMAudit | user=jenkins1000 | ip=192.168.34.27 | op=SEND_HEARTBEAT {datanodeUUID=977c6be4-088e-49bb-bd18-954d6d3cf26e, command=[]} | ret=SUCCESS |  
2019-09-20 08:29:37,830 | INFO  | SCMAudit | user=jenkins1000 | ip=192.168.34.27 | op=SEND_HEARTBEAT {datanodeUUID=b348fd93-74e1-48ea-bc11-2098387e019e, command=[]} | ret=SUCCESS |  
2019-09-20 08:29:38,396 | INFO  | SCMAudit | user=jenkins1000 | ip=192.168.34.27 | op=SEND_HEARTBEAT {datanodeUUID=62869313-87e7-4095-b37c-6162291b45c6, command=[]} | ret=SUCCESS |  
2019-09-20 08:29:38,626 | INFO  | SCMAudit | user=jenkins1000 | ip=192.168.34.27 | op=SEND_HEARTBEAT {datanodeUUID=977c6be4-088e-49bb-bd18-954d6d3cf26e, command=[]} | ret=SUCCESS |  
2019-09-20 08:29:38,831 | INFO  | SCMAudit | user=jenkins1000 | ip=192.168.34.27 | op=SEND_HEARTBEAT {datanodeUUID=b348fd93-74e1-48ea-bc11-2098387e019e, command=[]} | ret=SUCCESS |  
2019-09-20 08:29:39,397 | INFO  | SCMAudit | user=jenkins1000 | ip=192.168.34.27 | op=SEND_HEARTBEAT {datanodeUUID=62869313-87e7-4095-b37c-6162291b45c6, command=[]} | ret=SUCCESS |  
]]></system-out>
    <system-err><![CDATA[Sep 20, 2019 8:29:22 AM com.sun.jersey.server.impl.application.WebApplicationImpl _initiate
INFO: Initiating Jersey application, version 'Jersey: 1.19 02/11/2015 03:25 AM'
Sep 20, 2019 8:29:23 AM com.sun.jersey.server.impl.application.WebApplicationImpl _initiate
INFO: Initiating Jersey application, version 'Jersey: 1.19 02/11/2015 03:25 AM'
Sep 20, 2019 8:29:23 AM com.sun.jersey.server.impl.application.WebApplicationImpl _initiate
INFO: Initiating Jersey application, version 'Jersey: 1.19 02/11/2015 03:25 AM'
]]></system-err>
  </testcase>
</testsuite>