<?xml version="1.0" encoding="UTF-8"?>
<testsuite xmlns:xsi="http://www.w3.org/2001/XMLSchema-instance" xsi:noNamespaceSchemaLocation="https://maven.apache.org/surefire/maven-surefire-plugin/xsd/surefire-test-report.xsd" name="org.apache.hadoop.ozone.client.rpc.Test2WayCommitInRatis" time="44.893" tests="1" errors="1" skipped="0" failures="0">
  <properties>
    <property name="awt.toolkit" value="sun.awt.X11.XToolkit"/>
    <property name="file.encoding.pkg" value="sun.io"/>
    <property name="java.specification.version" value="1.8"/>
    <property name="sun.cpu.isalist" value=""/>
    <property name="sun.jnu.encoding" value="UTF-8"/>
    <property name="java.class.path" value="/workdir/hadoop-ozone/integration-test/target/test-classes:/workdir/hadoop-ozone/integration-test/target/classes:/home/user/.m2/repository/org/apache/hadoop/hadoop-ozone-common/0.5.0-SNAPSHOT/hadoop-ozone-common-0.5.0-SNAPSHOT.jar:/home/user/.m2/repository/org/apache/commons/commons-compress/1.4.1/commons-compress-1.4.1.jar:/home/user/.m2/repository/org/tukaani/xz/1.0/xz-1.0.jar:/home/user/.m2/repository/org/apache/hadoop/hadoop-common/3.2.0/hadoop-common-3.2.0.jar:/home/user/.m2/repository/org/apache/hadoop/hadoop-hdfs/3.2.0/hadoop-hdfs-3.2.0.jar:/home/user/.m2/repository/org/apache/hadoop/hadoop-hdfs-client/3.2.0/hadoop-hdfs-client-3.2.0.jar:/home/user/.m2/repository/com/fasterxml/jackson/core/jackson-annotations/2.9.9/jackson-annotations-2.9.9.jar:/home/user/.m2/repository/org/apache/hadoop/hadoop-hdds-common/0.5.0-SNAPSHOT/hadoop-hdds-common-0.5.0-SNAPSHOT.jar:/home/user/.m2/repository/javax/annotation/javax.annotation-api/1.2/javax.annotation-api-1.2.jar:/home/user/.m2/repository/org/apache/ratis/ratis-server/0.4.0/ratis-server-0.4.0.jar:/home/user/.m2/repository/org/apache/ratis/ratis-thirdparty-misc/0.2.0/ratis-thirdparty-misc-0.2.0.jar:/home/user/.m2/repository/org/apache/ratis/ratis-proto/0.4.0/ratis-proto-0.4.0.jar:/home/user/.m2/repository/org/apache/ratis/ratis-common/0.4.0/ratis-common-0.4.0.jar:/home/user/.m2/repository/org/apache/ratis/ratis-client/0.4.0/ratis-client-0.4.0.jar:/home/user/.m2/repository/org/apache/ratis/ratis-metrics/0.4.0/ratis-metrics-0.4.0.jar:/home/user/.m2/repository/com/github/joshelser/dropwizard-metrics-hadoop-metrics2-reporter/0.1.2/dropwizard-metrics-hadoop-metrics2-reporter-0.1.2.jar:/home/user/.m2/repository/io/dropwizard/metrics/metrics-jvm/3.2.5/metrics-jvm-3.2.5.jar:/home/user/.m2/repository/io/dropwizard/metrics/metrics-ganglia/3.2.5/metrics-ganglia-3.2.5.jar:/home/user/.m2/repository/info/ganglia/gmetric4j/gmetric4j/1.0.7/gmetric4j-1.0.7.jar:/home/user/.m2/repository/org/apache/ratis/ratis-netty/0.4.0/ratis-netty-0.4.0.jar:/home/user/.m2/repository/org/apache/ratis/ratis-grpc/0.4.0/ratis-grpc-0.4.0.jar:/home/user/.m2/repository/org/rocksdb/rocksdbjni/6.0.1/rocksdbjni-6.0.1.jar:/home/user/.m2/repository/org/apache/logging/log4j/log4j-api/2.11.0/log4j-api-2.11.0.jar:/home/user/.m2/repository/org/apache/logging/log4j/log4j-core/2.11.0/log4j-core-2.11.0.jar:/home/user/.m2/repository/com/lmax/disruptor/3.4.2/disruptor-3.4.2.jar:/home/user/.m2/repository/org/apache/commons/commons-pool2/2.6.0/commons-pool2-2.6.0.jar:/home/user/.m2/repository/org/bouncycastle/bcpkix-jdk15on/1.60/bcpkix-jdk15on-1.60.jar:/home/user/.m2/repository/commons-validator/commons-validator/1.6/commons-validator-1.6.jar:/home/user/.m2/repository/commons-digester/commons-digester/1.8.1/commons-digester-1.8.1.jar:/home/user/.m2/repository/io/jaegertracing/jaeger-client/0.34.0/jaeger-client-0.34.0.jar:/home/user/.m2/repository/io/jaegertracing/jaeger-thrift/0.34.0/jaeger-thrift-0.34.0.jar:/home/user/.m2/repository/org/apache/thrift/libthrift/0.12.0/libthrift-0.12.0.jar:/home/user/.m2/repository/com/squareup/okhttp3/okhttp/3.9.0/okhttp-3.9.0.jar:/home/user/.m2/repository/com/squareup/okio/okio/1.13.0/okio-1.13.0.jar:/home/user/.m2/repository/io/jaegertracing/jaeger-core/0.34.0/jaeger-core-0.34.0.jar:/home/user/.m2/repository/io/jaegertracing/jaeger-tracerresolver/0.34.0/jaeger-tracerresolver-0.34.0.jar:/home/user/.m2/repository/io/opentracing/contrib/opentracing-tracerresolver/0.1.5/opentracing-tracerresolver-0.1.5.jar:/home/user/.m2/repository/io/opentracing/opentracing-util/0.31.0/opentracing-util-0.31.0.jar:/home/user/.m2/repository/io/opentracing/opentracing-api/0.31.0/opentracing-api-0.31.0.jar:/home/user/.m2/repository/io/opentracing/opentracing-noop/0.31.0/opentracing-noop-0.31.0.jar:/home/user/.m2/repository/org/apache/hadoop/hadoop-hdds-server-framework/0.5.0-SNAPSHOT/hadoop-hdds-server-framework-0.5.0-SNAPSHOT.jar:/home/user/.m2/repository/org/apache/hadoop/hadoop-hdds-container-service/0.5.0-SNAPSHOT/hadoop-hdds-container-service-0.5.0-SNAPSHOT.jar:/home/user/.m2/repository/org/apache/hadoop/hadoop-hdds-client/0.5.0-SNAPSHOT/hadoop-hdds-client-0.5.0-SNAPSHOT.jar:/home/user/.m2/repository/org/apache/hadoop/hadoop-hdds-tools/0.5.0-SNAPSHOT/hadoop-hdds-tools-0.5.0-SNAPSHOT.jar:/home/user/.m2/repository/org/apache/hadoop/hadoop-hdds-server-scm/0.5.0-SNAPSHOT/hadoop-hdds-server-scm-0.5.0-SNAPSHOT.jar:/home/user/.m2/repository/org/apache/hadoop/hadoop-hdds-docs/0.5.0-SNAPSHOT/hadoop-hdds-docs-0.5.0-SNAPSHOT.jar:/home/user/.m2/repository/io/dropwizard/metrics/metrics-core/3.2.4/metrics-core-3.2.4.jar:/home/user/.m2/repository/org/hamcrest/hamcrest-all/1.3/hamcrest-all-1.3.jar:/home/user/.m2/repository/org/bouncycastle/bcprov-jdk15on/1.60/bcprov-jdk15on-1.60.jar:/home/user/.m2/repository/info/picocli/picocli/3.9.6/picocli-3.9.6.jar:/home/user/.m2/repository/com/google/protobuf/protobuf-java/2.5.0/protobuf-java-2.5.0.jar:/home/user/.m2/repository/com/google/guava/guava/11.0.2/guava-11.0.2.jar:/home/user/.m2/repository/org/apache/hadoop/hadoop-ozone-ozone-manager/0.5.0-SNAPSHOT/hadoop-ozone-ozone-manager-0.5.0-SNAPSHOT.jar:/home/user/.m2/repository/org/apache/hadoop/hadoop-minikdc/3.2.0/hadoop-minikdc-3.2.0.jar:/home/user/.m2/repository/commons-io/commons-io/2.5/commons-io-2.5.jar:/home/user/.m2/repository/org/apache/kerby/kerb-simplekdc/1.0.1/kerb-simplekdc-1.0.1.jar:/home/user/.m2/repository/org/apache/kerby/kerb-client/1.0.1/kerb-client-1.0.1.jar:/home/user/.m2/repository/org/apache/kerby/kerby-config/1.0.1/kerby-config-1.0.1.jar:/home/user/.m2/repository/org/apache/kerby/kerb-core/1.0.1/kerb-core-1.0.1.jar:/home/user/.m2/repository/org/apache/kerby/kerby-pkix/1.0.1/kerby-pkix-1.0.1.jar:/home/user/.m2/repository/org/apache/kerby/kerby-asn1/1.0.1/kerby-asn1-1.0.1.jar:/home/user/.m2/repository/org/apache/kerby/kerby-util/1.0.1/kerby-util-1.0.1.jar:/home/user/.m2/repository/org/apache/kerby/kerb-common/1.0.1/kerb-common-1.0.1.jar:/home/user/.m2/repository/org/apache/kerby/kerb-crypto/1.0.1/kerb-crypto-1.0.1.jar:/home/user/.m2/repository/org/apache/kerby/kerb-util/1.0.1/kerb-util-1.0.1.jar:/home/user/.m2/repository/org/apache/kerby/token-provider/1.0.1/token-provider-1.0.1.jar:/home/user/.m2/repository/org/apache/kerby/kerb-admin/1.0.1/kerb-admin-1.0.1.jar:/home/user/.m2/repository/org/apache/kerby/kerb-server/1.0.1/kerb-server-1.0.1.jar:/home/user/.m2/repository/org/apache/kerby/kerb-identity/1.0.1/kerb-identity-1.0.1.jar:/home/user/.m2/repository/org/apache/kerby/kerby-xdr/1.0.1/kerby-xdr-1.0.1.jar:/home/user/.m2/repository/org/slf4j/slf4j-log4j12/1.7.25/slf4j-log4j12-1.7.25.jar:/home/user/.m2/repository/org/apache/hadoop/hadoop-ozone-s3gateway/0.5.0-SNAPSHOT/hadoop-ozone-s3gateway-0.5.0-SNAPSHOT.jar:/home/user/.m2/repository/org/jboss/weld/servlet/weld-servlet/2.4.7.Final/weld-servlet-2.4.7.Final.jar:/home/user/.m2/repository/org/glassfish/jersey/containers/jersey-container-servlet-core/2.27/jersey-container-servlet-core-2.27.jar:/home/user/.m2/repository/org/glassfish/hk2/external/javax.inject/2.5.0-b42/javax.inject-2.5.0-b42.jar:/home/user/.m2/repository/org/glassfish/jersey/core/jersey-common/2.27/jersey-common-2.27.jar:/home/user/.m2/repository/org/glassfish/hk2/osgi-resource-locator/1.0.1/osgi-resource-locator-1.0.1.jar:/home/user/.m2/repository/javax/ws/rs/javax.ws.rs-api/2.1/javax.ws.rs-api-2.1.jar:/home/user/.m2/repository/org/glassfish/jersey/ext/cdi/jersey-cdi1x/2.27/jersey-cdi1x-2.27.jar:/home/user/.m2/repository/org/glassfish/jersey/inject/jersey-hk2/2.27/jersey-hk2-2.27.jar:/home/user/.m2/repository/org/glassfish/hk2/hk2-locator/2.5.0-b42/hk2-locator-2.5.0-b42.jar:/home/user/.m2/repository/org/javassist/javassist/3.22.0-CR2/javassist-3.22.0-CR2.jar:/home/user/.m2/repository/org/glassfish/hk2/hk2-api/2.5.0/hk2-api-2.5.0.jar:/home/user/.m2/repository/org/glassfish/hk2/external/jakarta.inject/2.5.0/jakarta.inject-2.5.0.jar:/home/user/.m2/repository/org/glassfish/hk2/hk2-utils/2.5.0/hk2-utils-2.5.0.jar:/home/user/.m2/repository/jakarta/annotation/jakarta.annotation-api/1.3.4/jakarta.annotation-api-1.3.4.jar:/home/user/.m2/repository/org/glassfish/hk2/external/aopalliance-repackaged/2.5.0/aopalliance-repackaged-2.5.0.jar:/home/user/.m2/repository/com/fasterxml/jackson/dataformat/jackson-dataformat-xml/2.9.0/jackson-dataformat-xml-2.9.0.jar:/home/user/.m2/repository/com/fasterxml/jackson/core/jackson-core/2.9.9/jackson-core-2.9.9.jar:/home/user/.m2/repository/com/fasterxml/jackson/module/jackson-module-jaxb-annotations/2.9.9/jackson-module-jaxb-annotations-2.9.9.jar:/home/user/.m2/repository/javax/enterprise/cdi-api/1.2/cdi-api-1.2.jar:/home/user/.m2/repository/javax/el/javax.el-api/3.0.0/javax.el-api-3.0.0.jar:/home/user/.m2/repository/javax/interceptor/javax.interceptor-api/1.2/javax.interceptor-api-1.2.jar:/home/user/.m2/repository/javax/inject/javax.inject/1/javax.inject-1.jar:/home/user/.m2/repository/com/sun/xml/bind/jaxb-impl/2.3.0.1/jaxb-impl-2.3.0.1.jar:/home/user/.m2/repository/com/sun/xml/bind/jaxb-core/2.3.0.1/jaxb-core-2.3.0.1.jar:/home/user/.m2/repository/javax/xml/bind/jaxb-api/2.3.0/jaxb-api-2.3.0.jar:/home/user/.m2/repository/javax/activation/activation/1.1.1/activation-1.1.1.jar:/home/user/.m2/repository/org/apache/hadoop/hadoop-ozone-csi/0.5.0-SNAPSHOT/hadoop-ozone-csi-0.5.0-SNAPSHOT.jar:/home/user/.m2/repository/com/google/protobuf/protobuf-java-util/3.5.1/protobuf-java-util-3.5.1.jar:/home/user/.m2/repository/org/apache/hadoop/hadoop-hdds-config/0.5.0-SNAPSHOT/hadoop-hdds-config-0.5.0-SNAPSHOT.jar:/home/user/.m2/repository/io/grpc/grpc-netty/1.17.1/grpc-netty-1.17.1.jar:/home/user/.m2/repository/io/grpc/grpc-core/1.17.1/grpc-core-1.17.1.jar:/home/user/.m2/repository/io/grpc/grpc-context/1.17.1/grpc-context-1.17.1.jar:/home/user/.m2/repository/com/google/errorprone/error_prone_annotations/2.2.0/error_prone_annotations-2.2.0.jar:/home/user/.m2/repository/org/codehaus/mojo/animal-sniffer-annotations/1.17/animal-sniffer-annotations-1.17.jar:/home/user/.m2/repository/io/opencensus/opencensus-api/0.17.0/opencensus-api-0.17.0.jar:/home/user/.m2/repository/io/opencensus/opencensus-contrib-grpc-metrics/0.17.0/opencensus-contrib-grpc-metrics-0.17.0.jar:/home/user/.m2/repository/io/netty/netty-codec-http2/4.1.30.Final/netty-codec-http2-4.1.30.Final.jar:/home/user/.m2/repository/io/netty/netty-codec-http/4.1.30.Final/netty-codec-http-4.1.30.Final.jar:/home/user/.m2/repository/io/netty/netty-codec/4.1.30.Final/netty-codec-4.1.30.Final.jar:/home/user/.m2/repository/io/netty/netty-handler/4.1.30.Final/netty-handler-4.1.30.Final.jar:/home/user/.m2/repository/io/netty/netty-handler-proxy/4.1.30.Final/netty-handler-proxy-4.1.30.Final.jar:/home/user/.m2/repository/io/netty/netty-codec-socks/4.1.30.Final/netty-codec-socks-4.1.30.Final.jar:/home/user/.m2/repository/io/netty/netty-transport-native-epoll/4.1.30.Final/netty-transport-native-epoll-4.1.30.Final.jar:/home/user/.m2/repository/io/netty/netty-common/4.1.30.Final/netty-common-4.1.30.Final.jar:/home/user/.m2/repository/io/netty/netty-buffer/4.1.30.Final/netty-buffer-4.1.30.Final.jar:/home/user/.m2/repository/io/netty/netty-transport/4.1.30.Final/netty-transport-4.1.30.Final.jar:/home/user/.m2/repository/io/netty/netty-resolver/4.1.30.Final/netty-resolver-4.1.30.Final.jar:/home/user/.m2/repository/io/netty/netty-transport-native-unix-common/4.1.30.Final/netty-transport-native-unix-common-4.1.30.Final.jar:/home/user/.m2/repository/io/grpc/grpc-protobuf/1.17.1/grpc-protobuf-1.17.1.jar:/home/user/.m2/repository/com/google/api/grpc/proto-google-common-protos/1.0.0/proto-google-common-protos-1.0.0.jar:/home/user/.m2/repository/io/grpc/grpc-protobuf-lite/1.17.1/grpc-protobuf-lite-1.17.1.jar:/home/user/.m2/repository/io/grpc/grpc-stub/1.17.1/grpc-stub-1.17.1.jar:/home/user/.m2/repository/org/apache/hadoop/hadoop-ozone-recon/0.5.0-SNAPSHOT/hadoop-ozone-recon-0.5.0-SNAPSHOT.jar:/home/user/.m2/repository/org/apache/hadoop/hadoop-ozone-reconcodegen/0.5.0-SNAPSHOT/hadoop-ozone-reconcodegen-0.5.0-SNAPSHOT.jar:/home/user/.m2/repository/com/google/inject/extensions/guice-multibindings/4.0/guice-multibindings-4.0.jar:/home/user/.m2/repository/com/google/inject/guice/4.0/guice-4.0.jar:/home/user/.m2/repository/aopalliance/aopalliance/1.0/aopalliance-1.0.jar:/home/user/.m2/repository/com/google/inject/extensions/guice-servlet/4.0/guice-servlet-4.0.jar:/home/user/.m2/repository/org/glassfish/jersey/containers/jersey-container-servlet/2.27/jersey-container-servlet-2.27.jar:/home/user/.m2/repository/org/glassfish/hk2/guice-bridge/2.5.0/guice-bridge-2.5.0.jar:/home/user/.m2/repository/org/glassfish/jersey/core/jersey-server/2.27/jersey-server-2.27.jar:/home/user/.m2/repository/org/glassfish/jersey/core/jersey-client/2.27/jersey-client-2.27.jar:/home/user/.m2/repository/org/glassfish/jersey/media/jersey-media-jaxb/2.27/jersey-media-jaxb-2.27.jar:/home/user/.m2/repository/javax/validation/validation-api/1.1.0.Final/validation-api-1.1.0.Final.jar:/home/user/.m2/repository/org/glassfish/jersey/media/jersey-media-json-jackson/2.27/jersey-media-json-jackson-2.27.jar:/home/user/.m2/repository/org/glassfish/jersey/ext/jersey-entity-filtering/2.27/jersey-entity-filtering-2.27.jar:/home/user/.m2/repository/com/google/inject/extensions/guice-assistedinject/4.0/guice-assistedinject-4.0.jar:/home/user/.m2/repository/org/jooq/jooq/3.11.10/jooq-3.11.10.jar:/home/user/.m2/repository/org/jooq/jooq-meta/3.11.10/jooq-meta-3.11.10.jar:/home/user/.m2/repository/org/jooq/jooq-codegen/3.11.10/jooq-codegen-3.11.10.jar:/home/user/.m2/repository/com/jolbox/bonecp/0.8.0.RELEASE/bonecp-0.8.0.RELEASE.jar:/home/user/.m2/repository/org/xerial/sqlite-jdbc/3.25.2/sqlite-jdbc-3.25.2.jar:/home/user/.m2/repository/org/springframework/spring-jdbc/5.1.3.RELEASE/spring-jdbc-5.1.3.RELEASE.jar:/home/user/.m2/repository/org/springframework/spring-beans/5.1.3.RELEASE/spring-beans-5.1.3.RELEASE.jar:/home/user/.m2/repository/org/springframework/spring-core/5.1.3.RELEASE/spring-core-5.1.3.RELEASE.jar:/home/user/.m2/repository/org/springframework/spring-jcl/5.1.3.RELEASE/spring-jcl-5.1.3.RELEASE.jar:/home/user/.m2/repository/org/springframework/spring-tx/5.1.3.RELEASE/spring-tx-5.1.3.RELEASE.jar:/home/user/.m2/repository/org/apache/hadoop/hadoop-ozone-client/0.5.0-SNAPSHOT/hadoop-ozone-client-0.5.0-SNAPSHOT.jar:/home/user/.m2/repository/commons-lang/commons-lang/2.6/commons-lang-2.6.jar:/home/user/.m2/repository/org/apache/hadoop/hadoop-ozone-ozone-manager/0.5.0-SNAPSHOT/hadoop-ozone-ozone-manager-0.5.0-SNAPSHOT-tests.jar:/home/user/.m2/repository/junit/junit/4.11/junit-4.11.jar:/home/user/.m2/repository/org/hamcrest/hamcrest-core/1.3/hamcrest-core-1.3.jar:/home/user/.m2/repository/org/openjdk/jmh/jmh-core/1.19/jmh-core-1.19.jar:/home/user/.m2/repository/net/sf/jopt-simple/jopt-simple/4.6/jopt-simple-4.6.jar:/home/user/.m2/repository/org/apache/commons/commons-math3/3.1.1/commons-math3-3.1.1.jar:/home/user/.m2/repository/org/openjdk/jmh/jmh-generator-annprocess/1.19/jmh-generator-annprocess-1.19.jar:/home/user/.m2/repository/org/mockito/mockito-all/1.8.5/mockito-all-1.8.5.jar:/home/user/.m2/repository/org/apache/hadoop/hadoop-kms/3.2.0/hadoop-kms-3.2.0.jar:/home/user/.m2/repository/org/apache/hadoop/hadoop-auth/3.2.0/hadoop-auth-3.2.0.jar:/home/user/.m2/repository/com/nimbusds/nimbus-jose-jwt/4.41.1/nimbus-jose-jwt-4.41.1.jar:/home/user/.m2/repository/com/github/stephenc/jcip/jcip-annotations/1.0-1/jcip-annotations-1.0-1.jar:/home/user/.m2/repository/net/minidev/json-smart/2.3/json-smart-2.3.jar:/home/user/.m2/repository/net/minidev/accessors-smart/1.2/accessors-smart-1.2.jar:/home/user/.m2/repository/org/ow2/asm/asm/5.0.4/asm-5.0.4.jar:/home/user/.m2/repository/org/apache/curator/curator-framework/2.12.0/curator-framework-2.12.0.jar:/home/user/.m2/repository/com/sun/jersey/jersey-core/1.19/jersey-core-1.19.jar:/home/user/.m2/repository/javax/ws/rs/jsr311-api/1.1.1/jsr311-api-1.1.1.jar:/home/user/.m2/repository/com/sun/jersey/jersey-server/1.19/jersey-server-1.19.jar:/home/user/.m2/repository/javax/servlet/javax.servlet-api/3.1.0/javax.servlet-api-3.1.0.jar:/home/user/.m2/repository/org/eclipse/jetty/jetty-server/9.3.25.v20180904/jetty-server-9.3.25.v20180904.jar:/home/user/.m2/repository/org/eclipse/jetty/jetty-http/9.3.25.v20180904/jetty-http-9.3.25.v20180904.jar:/home/user/.m2/repository/org/eclipse/jetty/jetty-io/9.3.25.v20180904/jetty-io-9.3.25.v20180904.jar:/home/user/.m2/repository/org/eclipse/jetty/jetty-webapp/9.3.25.v20180904/jetty-webapp-9.3.25.v20180904.jar:/home/user/.m2/repository/org/eclipse/jetty/jetty-xml/9.3.25.v20180904/jetty-xml-9.3.25.v20180904.jar:/home/user/.m2/repository/log4j/log4j/1.2.17/log4j-1.2.17.jar:/home/user/.m2/repository/org/slf4j/slf4j-api/1.7.25/slf4j-api-1.7.25.jar:/home/user/.m2/repository/org/slf4j/jul-to-slf4j/1.7.25/jul-to-slf4j-1.7.25.jar:/home/user/.m2/repository/org/eclipse/jetty/jetty-util/9.3.25.v20180904/jetty-util-9.3.25.v20180904.jar:/home/user/.m2/repository/com/fasterxml/jackson/core/jackson-databind/2.9.9/jackson-databind-2.9.9.jar:/home/user/.m2/repository/org/apache/hadoop/hadoop-kms/3.2.0/hadoop-kms-3.2.0-tests.jar:/home/user/.m2/repository/org/apache/hadoop/hadoop-hdds-server-scm/0.5.0-SNAPSHOT/hadoop-hdds-server-scm-0.5.0-SNAPSHOT-tests.jar:/home/user/.m2/repository/org/apache/hadoop/hadoop-hdds-container-service/0.5.0-SNAPSHOT/hadoop-hdds-container-service-0.5.0-SNAPSHOT-tests.jar:/home/user/.m2/repository/org/yaml/snakeyaml/1.16/snakeyaml-1.16.jar:/home/user/.m2/repository/org/apache/hadoop/hadoop-common/3.2.0/hadoop-common-3.2.0-tests.jar:/home/user/.m2/repository/org/apache/hadoop/hadoop-annotations/3.2.0/hadoop-annotations-3.2.0.jar:/usr/lib/jvm/java-1.8-openjdk/jre/../lib/tools.jar:/home/user/.m2/repository/commons-cli/commons-cli/1.2/commons-cli-1.2.jar:/home/user/.m2/repository/org/apache/httpcomponents/httpclient/4.5.2/httpclient-4.5.2.jar:/home/user/.m2/repository/org/apache/httpcomponents/httpcore/4.4.4/httpcore-4.4.4.jar:/home/user/.m2/repository/commons-codec/commons-codec/1.11/commons-codec-1.11.jar:/home/user/.m2/repository/commons-net/commons-net/3.6/commons-net-3.6.jar:/home/user/.m2/repository/commons-collections/commons-collections/3.2.2/commons-collections-3.2.2.jar:/home/user/.m2/repository/org/eclipse/jetty/jetty-servlet/9.3.25.v20180904/jetty-servlet-9.3.25.v20180904.jar:/home/user/.m2/repository/org/eclipse/jetty/jetty-security/9.3.25.v20180904/jetty-security-9.3.25.v20180904.jar:/home/user/.m2/repository/javax/servlet/jsp/jsp-api/2.1/jsp-api-2.1.jar:/home/user/.m2/repository/com/sun/jersey/jersey-servlet/1.19/jersey-servlet-1.19.jar:/home/user/.m2/repository/com/sun/jersey/jersey-json/1.19/jersey-json-1.19.jar:/home/user/.m2/repository/org/codehaus/jettison/jettison/1.1/jettison-1.1.jar:/home/user/.m2/repository/org/codehaus/jackson/jackson-core-asl/1.9.13/jackson-core-asl-1.9.13.jar:/home/user/.m2/repository/org/codehaus/jackson/jackson-mapper-asl/1.9.13/jackson-mapper-asl-1.9.13.jar:/home/user/.m2/repository/org/codehaus/jackson/jackson-jaxrs/1.9.13/jackson-jaxrs-1.9.13.jar:/home/user/.m2/repository/org/codehaus/jackson/jackson-xc/1.9.13/jackson-xc-1.9.13.jar:/home/user/.m2/repository/commons-logging/commons-logging/1.1.3/commons-logging-1.1.3.jar:/home/user/.m2/repository/commons-beanutils/commons-beanutils/1.9.4/commons-beanutils-1.9.4.jar:/home/user/.m2/repository/org/apache/commons/commons-configuration2/2.1.1/commons-configuration2-2.1.1.jar:/home/user/.m2/repository/org/apache/commons/commons-lang3/3.7/commons-lang3-3.7.jar:/home/user/.m2/repository/org/apache/commons/commons-text/1.4/commons-text-1.4.jar:/home/user/.m2/repository/org/apache/avro/avro/1.7.7/avro-1.7.7.jar:/home/user/.m2/repository/com/thoughtworks/paranamer/paranamer/2.3/paranamer-2.3.jar:/home/user/.m2/repository/org/xerial/snappy/snappy-java/1.0.5/snappy-java-1.0.5.jar:/home/user/.m2/repository/com/google/re2j/re2j/1.1/re2j-1.1.jar:/home/user/.m2/repository/com/google/code/gson/gson/2.2.4/gson-2.2.4.jar:/home/user/.m2/repository/com/jcraft/jsch/0.1.54/jsch-0.1.54.jar:/home/user/.m2/repository/org/apache/curator/curator-client/2.12.0/curator-client-2.12.0.jar:/home/user/.m2/repository/org/apache/curator/curator-recipes/2.12.0/curator-recipes-2.12.0.jar:/home/user/.m2/repository/com/google/code/findbugs/jsr305/3.0.0/jsr305-3.0.0.jar:/home/user/.m2/repository/org/apache/htrace/htrace-core4/4.1.0-incubating/htrace-core4-4.1.0-incubating.jar:/home/user/.m2/repository/org/apache/zookeeper/zookeeper/3.4.13/zookeeper-3.4.13.jar:/home/user/.m2/repository/jline/jline/0.9.94/jline-0.9.94.jar:/home/user/.m2/repository/org/apache/yetus/audience-annotations/0.5.0/audience-annotations-0.5.0.jar:/home/user/.m2/repository/org/codehaus/woodstox/stax2-api/3.1.4/stax2-api-3.1.4.jar:/home/user/.m2/repository/com/fasterxml/woodstox/woodstox-core/5.0.3/woodstox-core-5.0.3.jar:/home/user/.m2/repository/dnsjava/dnsjava/2.1.7/dnsjava-2.1.7.jar:/home/user/.m2/repository/org/apache/hadoop/hadoop-hdfs/3.2.0/hadoop-hdfs-3.2.0-tests.jar:/home/user/.m2/repository/org/eclipse/jetty/jetty-util-ajax/9.3.25.v20180904/jetty-util-ajax-9.3.25.v20180904.jar:/home/user/.m2/repository/commons-daemon/commons-daemon/1.0.13/commons-daemon-1.0.13.jar:/home/user/.m2/repository/io/netty/netty/3.10.5.Final/netty-3.10.5.Final.jar:/home/user/.m2/repository/io/netty/netty-all/4.0.52.Final/netty-all-4.0.52.Final.jar:/home/user/.m2/repository/org/fusesource/leveldbjni/leveldbjni-all/1.8/leveldbjni-all-1.8.jar:"/>
    <property name="java.vm.vendor" value="IcedTea"/>
    <property name="sun.arch.data.model" value="64"/>
    <property name="test.build.dir" value="/workdir/hadoop-ozone/integration-test/target/test-dir"/>
    <property name="test.cache.data" value=""/>
    <property name="java.vendor.url" value="https://icedtea.classpath.org"/>
    <property name="user.timezone" value=""/>
    <property name="java.vm.specification.version" value="1.8"/>
    <property name="os.name" value="Linux"/>
    <property name="test.build.data" value="/workdir/hadoop-ozone/integration-test/target/test-dir"/>
    <property name="user.country" value="US"/>
    <property name="sun.java.launcher" value="SUN_STANDARD"/>
    <property name="sun.boot.library.path" value="/usr/lib/jvm/java-1.8-openjdk/jre/lib/amd64"/>
    <property name="sun.java.command" value="/workdir/hadoop-ozone/integration-test/target/surefire/surefirebooter1263450213071183297.jar /workdir/hadoop-ozone/integration-test/target/surefire 2019-09-25T05-21-43_852-jvmRun1 surefire2351300548447015705tmp surefire_492898733652758132355tmp"/>
    <property name="test" value="!TestMiniChaosOzoneCluster"/>
    <property name="surefire.test.class.path" value="/workdir/hadoop-ozone/integration-test/target/test-classes:/workdir/hadoop-ozone/integration-test/target/classes:/home/user/.m2/repository/org/apache/hadoop/hadoop-ozone-common/0.5.0-SNAPSHOT/hadoop-ozone-common-0.5.0-SNAPSHOT.jar:/home/user/.m2/repository/org/apache/commons/commons-compress/1.4.1/commons-compress-1.4.1.jar:/home/user/.m2/repository/org/tukaani/xz/1.0/xz-1.0.jar:/home/user/.m2/repository/org/apache/hadoop/hadoop-common/3.2.0/hadoop-common-3.2.0.jar:/home/user/.m2/repository/org/apache/hadoop/hadoop-hdfs/3.2.0/hadoop-hdfs-3.2.0.jar:/home/user/.m2/repository/org/apache/hadoop/hadoop-hdfs-client/3.2.0/hadoop-hdfs-client-3.2.0.jar:/home/user/.m2/repository/com/fasterxml/jackson/core/jackson-annotations/2.9.9/jackson-annotations-2.9.9.jar:/home/user/.m2/repository/org/apache/hadoop/hadoop-hdds-common/0.5.0-SNAPSHOT/hadoop-hdds-common-0.5.0-SNAPSHOT.jar:/home/user/.m2/repository/javax/annotation/javax.annotation-api/1.2/javax.annotation-api-1.2.jar:/home/user/.m2/repository/org/apache/ratis/ratis-server/0.4.0/ratis-server-0.4.0.jar:/home/user/.m2/repository/org/apache/ratis/ratis-thirdparty-misc/0.2.0/ratis-thirdparty-misc-0.2.0.jar:/home/user/.m2/repository/org/apache/ratis/ratis-proto/0.4.0/ratis-proto-0.4.0.jar:/home/user/.m2/repository/org/apache/ratis/ratis-common/0.4.0/ratis-common-0.4.0.jar:/home/user/.m2/repository/org/apache/ratis/ratis-client/0.4.0/ratis-client-0.4.0.jar:/home/user/.m2/repository/org/apache/ratis/ratis-metrics/0.4.0/ratis-metrics-0.4.0.jar:/home/user/.m2/repository/com/github/joshelser/dropwizard-metrics-hadoop-metrics2-reporter/0.1.2/dropwizard-metrics-hadoop-metrics2-reporter-0.1.2.jar:/home/user/.m2/repository/io/dropwizard/metrics/metrics-jvm/3.2.5/metrics-jvm-3.2.5.jar:/home/user/.m2/repository/io/dropwizard/metrics/metrics-ganglia/3.2.5/metrics-ganglia-3.2.5.jar:/home/user/.m2/repository/info/ganglia/gmetric4j/gmetric4j/1.0.7/gmetric4j-1.0.7.jar:/home/user/.m2/repository/org/apache/ratis/ratis-netty/0.4.0/ratis-netty-0.4.0.jar:/home/user/.m2/repository/org/apache/ratis/ratis-grpc/0.4.0/ratis-grpc-0.4.0.jar:/home/user/.m2/repository/org/rocksdb/rocksdbjni/6.0.1/rocksdbjni-6.0.1.jar:/home/user/.m2/repository/org/apache/logging/log4j/log4j-api/2.11.0/log4j-api-2.11.0.jar:/home/user/.m2/repository/org/apache/logging/log4j/log4j-core/2.11.0/log4j-core-2.11.0.jar:/home/user/.m2/repository/com/lmax/disruptor/3.4.2/disruptor-3.4.2.jar:/home/user/.m2/repository/org/apache/commons/commons-pool2/2.6.0/commons-pool2-2.6.0.jar:/home/user/.m2/repository/org/bouncycastle/bcpkix-jdk15on/1.60/bcpkix-jdk15on-1.60.jar:/home/user/.m2/repository/commons-validator/commons-validator/1.6/commons-validator-1.6.jar:/home/user/.m2/repository/commons-digester/commons-digester/1.8.1/commons-digester-1.8.1.jar:/home/user/.m2/repository/io/jaegertracing/jaeger-client/0.34.0/jaeger-client-0.34.0.jar:/home/user/.m2/repository/io/jaegertracing/jaeger-thrift/0.34.0/jaeger-thrift-0.34.0.jar:/home/user/.m2/repository/org/apache/thrift/libthrift/0.12.0/libthrift-0.12.0.jar:/home/user/.m2/repository/com/squareup/okhttp3/okhttp/3.9.0/okhttp-3.9.0.jar:/home/user/.m2/repository/com/squareup/okio/okio/1.13.0/okio-1.13.0.jar:/home/user/.m2/repository/io/jaegertracing/jaeger-core/0.34.0/jaeger-core-0.34.0.jar:/home/user/.m2/repository/io/jaegertracing/jaeger-tracerresolver/0.34.0/jaeger-tracerresolver-0.34.0.jar:/home/user/.m2/repository/io/opentracing/contrib/opentracing-tracerresolver/0.1.5/opentracing-tracerresolver-0.1.5.jar:/home/user/.m2/repository/io/opentracing/opentracing-util/0.31.0/opentracing-util-0.31.0.jar:/home/user/.m2/repository/io/opentracing/opentracing-api/0.31.0/opentracing-api-0.31.0.jar:/home/user/.m2/repository/io/opentracing/opentracing-noop/0.31.0/opentracing-noop-0.31.0.jar:/home/user/.m2/repository/org/apache/hadoop/hadoop-hdds-server-framework/0.5.0-SNAPSHOT/hadoop-hdds-server-framework-0.5.0-SNAPSHOT.jar:/home/user/.m2/repository/org/apache/hadoop/hadoop-hdds-container-service/0.5.0-SNAPSHOT/hadoop-hdds-container-service-0.5.0-SNAPSHOT.jar:/home/user/.m2/repository/org/apache/hadoop/hadoop-hdds-client/0.5.0-SNAPSHOT/hadoop-hdds-client-0.5.0-SNAPSHOT.jar:/home/user/.m2/repository/org/apache/hadoop/hadoop-hdds-tools/0.5.0-SNAPSHOT/hadoop-hdds-tools-0.5.0-SNAPSHOT.jar:/home/user/.m2/repository/org/apache/hadoop/hadoop-hdds-server-scm/0.5.0-SNAPSHOT/hadoop-hdds-server-scm-0.5.0-SNAPSHOT.jar:/home/user/.m2/repository/org/apache/hadoop/hadoop-hdds-docs/0.5.0-SNAPSHOT/hadoop-hdds-docs-0.5.0-SNAPSHOT.jar:/home/user/.m2/repository/io/dropwizard/metrics/metrics-core/3.2.4/metrics-core-3.2.4.jar:/home/user/.m2/repository/org/hamcrest/hamcrest-all/1.3/hamcrest-all-1.3.jar:/home/user/.m2/repository/org/bouncycastle/bcprov-jdk15on/1.60/bcprov-jdk15on-1.60.jar:/home/user/.m2/repository/info/picocli/picocli/3.9.6/picocli-3.9.6.jar:/home/user/.m2/repository/com/google/protobuf/protobuf-java/2.5.0/protobuf-java-2.5.0.jar:/home/user/.m2/repository/com/google/guava/guava/11.0.2/guava-11.0.2.jar:/home/user/.m2/repository/org/apache/hadoop/hadoop-ozone-ozone-manager/0.5.0-SNAPSHOT/hadoop-ozone-ozone-manager-0.5.0-SNAPSHOT.jar:/home/user/.m2/repository/org/apache/hadoop/hadoop-minikdc/3.2.0/hadoop-minikdc-3.2.0.jar:/home/user/.m2/repository/commons-io/commons-io/2.5/commons-io-2.5.jar:/home/user/.m2/repository/org/apache/kerby/kerb-simplekdc/1.0.1/kerb-simplekdc-1.0.1.jar:/home/user/.m2/repository/org/apache/kerby/kerb-client/1.0.1/kerb-client-1.0.1.jar:/home/user/.m2/repository/org/apache/kerby/kerby-config/1.0.1/kerby-config-1.0.1.jar:/home/user/.m2/repository/org/apache/kerby/kerb-core/1.0.1/kerb-core-1.0.1.jar:/home/user/.m2/repository/org/apache/kerby/kerby-pkix/1.0.1/kerby-pkix-1.0.1.jar:/home/user/.m2/repository/org/apache/kerby/kerby-asn1/1.0.1/kerby-asn1-1.0.1.jar:/home/user/.m2/repository/org/apache/kerby/kerby-util/1.0.1/kerby-util-1.0.1.jar:/home/user/.m2/repository/org/apache/kerby/kerb-common/1.0.1/kerb-common-1.0.1.jar:/home/user/.m2/repository/org/apache/kerby/kerb-crypto/1.0.1/kerb-crypto-1.0.1.jar:/home/user/.m2/repository/org/apache/kerby/kerb-util/1.0.1/kerb-util-1.0.1.jar:/home/user/.m2/repository/org/apache/kerby/token-provider/1.0.1/token-provider-1.0.1.jar:/home/user/.m2/repository/org/apache/kerby/kerb-admin/1.0.1/kerb-admin-1.0.1.jar:/home/user/.m2/repository/org/apache/kerby/kerb-server/1.0.1/kerb-server-1.0.1.jar:/home/user/.m2/repository/org/apache/kerby/kerb-identity/1.0.1/kerb-identity-1.0.1.jar:/home/user/.m2/repository/org/apache/kerby/kerby-xdr/1.0.1/kerby-xdr-1.0.1.jar:/home/user/.m2/repository/org/slf4j/slf4j-log4j12/1.7.25/slf4j-log4j12-1.7.25.jar:/home/user/.m2/repository/org/apache/hadoop/hadoop-ozone-s3gateway/0.5.0-SNAPSHOT/hadoop-ozone-s3gateway-0.5.0-SNAPSHOT.jar:/home/user/.m2/repository/org/jboss/weld/servlet/weld-servlet/2.4.7.Final/weld-servlet-2.4.7.Final.jar:/home/user/.m2/repository/org/glassfish/jersey/containers/jersey-container-servlet-core/2.27/jersey-container-servlet-core-2.27.jar:/home/user/.m2/repository/org/glassfish/hk2/external/javax.inject/2.5.0-b42/javax.inject-2.5.0-b42.jar:/home/user/.m2/repository/org/glassfish/jersey/core/jersey-common/2.27/jersey-common-2.27.jar:/home/user/.m2/repository/org/glassfish/hk2/osgi-resource-locator/1.0.1/osgi-resource-locator-1.0.1.jar:/home/user/.m2/repository/javax/ws/rs/javax.ws.rs-api/2.1/javax.ws.rs-api-2.1.jar:/home/user/.m2/repository/org/glassfish/jersey/ext/cdi/jersey-cdi1x/2.27/jersey-cdi1x-2.27.jar:/home/user/.m2/repository/org/glassfish/jersey/inject/jersey-hk2/2.27/jersey-hk2-2.27.jar:/home/user/.m2/repository/org/glassfish/hk2/hk2-locator/2.5.0-b42/hk2-locator-2.5.0-b42.jar:/home/user/.m2/repository/org/javassist/javassist/3.22.0-CR2/javassist-3.22.0-CR2.jar:/home/user/.m2/repository/org/glassfish/hk2/hk2-api/2.5.0/hk2-api-2.5.0.jar:/home/user/.m2/repository/org/glassfish/hk2/external/jakarta.inject/2.5.0/jakarta.inject-2.5.0.jar:/home/user/.m2/repository/org/glassfish/hk2/hk2-utils/2.5.0/hk2-utils-2.5.0.jar:/home/user/.m2/repository/jakarta/annotation/jakarta.annotation-api/1.3.4/jakarta.annotation-api-1.3.4.jar:/home/user/.m2/repository/org/glassfish/hk2/external/aopalliance-repackaged/2.5.0/aopalliance-repackaged-2.5.0.jar:/home/user/.m2/repository/com/fasterxml/jackson/dataformat/jackson-dataformat-xml/2.9.0/jackson-dataformat-xml-2.9.0.jar:/home/user/.m2/repository/com/fasterxml/jackson/core/jackson-core/2.9.9/jackson-core-2.9.9.jar:/home/user/.m2/repository/com/fasterxml/jackson/module/jackson-module-jaxb-annotations/2.9.9/jackson-module-jaxb-annotations-2.9.9.jar:/home/user/.m2/repository/javax/enterprise/cdi-api/1.2/cdi-api-1.2.jar:/home/user/.m2/repository/javax/el/javax.el-api/3.0.0/javax.el-api-3.0.0.jar:/home/user/.m2/repository/javax/interceptor/javax.interceptor-api/1.2/javax.interceptor-api-1.2.jar:/home/user/.m2/repository/javax/inject/javax.inject/1/javax.inject-1.jar:/home/user/.m2/repository/com/sun/xml/bind/jaxb-impl/2.3.0.1/jaxb-impl-2.3.0.1.jar:/home/user/.m2/repository/com/sun/xml/bind/jaxb-core/2.3.0.1/jaxb-core-2.3.0.1.jar:/home/user/.m2/repository/javax/xml/bind/jaxb-api/2.3.0/jaxb-api-2.3.0.jar:/home/user/.m2/repository/javax/activation/activation/1.1.1/activation-1.1.1.jar:/home/user/.m2/repository/org/apache/hadoop/hadoop-ozone-csi/0.5.0-SNAPSHOT/hadoop-ozone-csi-0.5.0-SNAPSHOT.jar:/home/user/.m2/repository/com/google/protobuf/protobuf-java-util/3.5.1/protobuf-java-util-3.5.1.jar:/home/user/.m2/repository/org/apache/hadoop/hadoop-hdds-config/0.5.0-SNAPSHOT/hadoop-hdds-config-0.5.0-SNAPSHOT.jar:/home/user/.m2/repository/io/grpc/grpc-netty/1.17.1/grpc-netty-1.17.1.jar:/home/user/.m2/repository/io/grpc/grpc-core/1.17.1/grpc-core-1.17.1.jar:/home/user/.m2/repository/io/grpc/grpc-context/1.17.1/grpc-context-1.17.1.jar:/home/user/.m2/repository/com/google/errorprone/error_prone_annotations/2.2.0/error_prone_annotations-2.2.0.jar:/home/user/.m2/repository/org/codehaus/mojo/animal-sniffer-annotations/1.17/animal-sniffer-annotations-1.17.jar:/home/user/.m2/repository/io/opencensus/opencensus-api/0.17.0/opencensus-api-0.17.0.jar:/home/user/.m2/repository/io/opencensus/opencensus-contrib-grpc-metrics/0.17.0/opencensus-contrib-grpc-metrics-0.17.0.jar:/home/user/.m2/repository/io/netty/netty-codec-http2/4.1.30.Final/netty-codec-http2-4.1.30.Final.jar:/home/user/.m2/repository/io/netty/netty-codec-http/4.1.30.Final/netty-codec-http-4.1.30.Final.jar:/home/user/.m2/repository/io/netty/netty-codec/4.1.30.Final/netty-codec-4.1.30.Final.jar:/home/user/.m2/repository/io/netty/netty-handler/4.1.30.Final/netty-handler-4.1.30.Final.jar:/home/user/.m2/repository/io/netty/netty-handler-proxy/4.1.30.Final/netty-handler-proxy-4.1.30.Final.jar:/home/user/.m2/repository/io/netty/netty-codec-socks/4.1.30.Final/netty-codec-socks-4.1.30.Final.jar:/home/user/.m2/repository/io/netty/netty-transport-native-epoll/4.1.30.Final/netty-transport-native-epoll-4.1.30.Final.jar:/home/user/.m2/repository/io/netty/netty-common/4.1.30.Final/netty-common-4.1.30.Final.jar:/home/user/.m2/repository/io/netty/netty-buffer/4.1.30.Final/netty-buffer-4.1.30.Final.jar:/home/user/.m2/repository/io/netty/netty-transport/4.1.30.Final/netty-transport-4.1.30.Final.jar:/home/user/.m2/repository/io/netty/netty-resolver/4.1.30.Final/netty-resolver-4.1.30.Final.jar:/home/user/.m2/repository/io/netty/netty-transport-native-unix-common/4.1.30.Final/netty-transport-native-unix-common-4.1.30.Final.jar:/home/user/.m2/repository/io/grpc/grpc-protobuf/1.17.1/grpc-protobuf-1.17.1.jar:/home/user/.m2/repository/com/google/api/grpc/proto-google-common-protos/1.0.0/proto-google-common-protos-1.0.0.jar:/home/user/.m2/repository/io/grpc/grpc-protobuf-lite/1.17.1/grpc-protobuf-lite-1.17.1.jar:/home/user/.m2/repository/io/grpc/grpc-stub/1.17.1/grpc-stub-1.17.1.jar:/home/user/.m2/repository/org/apache/hadoop/hadoop-ozone-recon/0.5.0-SNAPSHOT/hadoop-ozone-recon-0.5.0-SNAPSHOT.jar:/home/user/.m2/repository/org/apache/hadoop/hadoop-ozone-reconcodegen/0.5.0-SNAPSHOT/hadoop-ozone-reconcodegen-0.5.0-SNAPSHOT.jar:/home/user/.m2/repository/com/google/inject/extensions/guice-multibindings/4.0/guice-multibindings-4.0.jar:/home/user/.m2/repository/com/google/inject/guice/4.0/guice-4.0.jar:/home/user/.m2/repository/aopalliance/aopalliance/1.0/aopalliance-1.0.jar:/home/user/.m2/repository/com/google/inject/extensions/guice-servlet/4.0/guice-servlet-4.0.jar:/home/user/.m2/repository/org/glassfish/jersey/containers/jersey-container-servlet/2.27/jersey-container-servlet-2.27.jar:/home/user/.m2/repository/org/glassfish/hk2/guice-bridge/2.5.0/guice-bridge-2.5.0.jar:/home/user/.m2/repository/org/glassfish/jersey/core/jersey-server/2.27/jersey-server-2.27.jar:/home/user/.m2/repository/org/glassfish/jersey/core/jersey-client/2.27/jersey-client-2.27.jar:/home/user/.m2/repository/org/glassfish/jersey/media/jersey-media-jaxb/2.27/jersey-media-jaxb-2.27.jar:/home/user/.m2/repository/javax/validation/validation-api/1.1.0.Final/validation-api-1.1.0.Final.jar:/home/user/.m2/repository/org/glassfish/jersey/media/jersey-media-json-jackson/2.27/jersey-media-json-jackson-2.27.jar:/home/user/.m2/repository/org/glassfish/jersey/ext/jersey-entity-filtering/2.27/jersey-entity-filtering-2.27.jar:/home/user/.m2/repository/com/google/inject/extensions/guice-assistedinject/4.0/guice-assistedinject-4.0.jar:/home/user/.m2/repository/org/jooq/jooq/3.11.10/jooq-3.11.10.jar:/home/user/.m2/repository/org/jooq/jooq-meta/3.11.10/jooq-meta-3.11.10.jar:/home/user/.m2/repository/org/jooq/jooq-codegen/3.11.10/jooq-codegen-3.11.10.jar:/home/user/.m2/repository/com/jolbox/bonecp/0.8.0.RELEASE/bonecp-0.8.0.RELEASE.jar:/home/user/.m2/repository/org/xerial/sqlite-jdbc/3.25.2/sqlite-jdbc-3.25.2.jar:/home/user/.m2/repository/org/springframework/spring-jdbc/5.1.3.RELEASE/spring-jdbc-5.1.3.RELEASE.jar:/home/user/.m2/repository/org/springframework/spring-beans/5.1.3.RELEASE/spring-beans-5.1.3.RELEASE.jar:/home/user/.m2/repository/org/springframework/spring-core/5.1.3.RELEASE/spring-core-5.1.3.RELEASE.jar:/home/user/.m2/repository/org/springframework/spring-jcl/5.1.3.RELEASE/spring-jcl-5.1.3.RELEASE.jar:/home/user/.m2/repository/org/springframework/spring-tx/5.1.3.RELEASE/spring-tx-5.1.3.RELEASE.jar:/home/user/.m2/repository/org/apache/hadoop/hadoop-ozone-client/0.5.0-SNAPSHOT/hadoop-ozone-client-0.5.0-SNAPSHOT.jar:/home/user/.m2/repository/commons-lang/commons-lang/2.6/commons-lang-2.6.jar:/home/user/.m2/repository/org/apache/hadoop/hadoop-ozone-ozone-manager/0.5.0-SNAPSHOT/hadoop-ozone-ozone-manager-0.5.0-SNAPSHOT-tests.jar:/home/user/.m2/repository/junit/junit/4.11/junit-4.11.jar:/home/user/.m2/repository/org/hamcrest/hamcrest-core/1.3/hamcrest-core-1.3.jar:/home/user/.m2/repository/org/openjdk/jmh/jmh-core/1.19/jmh-core-1.19.jar:/home/user/.m2/repository/net/sf/jopt-simple/jopt-simple/4.6/jopt-simple-4.6.jar:/home/user/.m2/repository/org/apache/commons/commons-math3/3.1.1/commons-math3-3.1.1.jar:/home/user/.m2/repository/org/openjdk/jmh/jmh-generator-annprocess/1.19/jmh-generator-annprocess-1.19.jar:/home/user/.m2/repository/org/mockito/mockito-all/1.8.5/mockito-all-1.8.5.jar:/home/user/.m2/repository/org/apache/hadoop/hadoop-kms/3.2.0/hadoop-kms-3.2.0.jar:/home/user/.m2/repository/org/apache/hadoop/hadoop-auth/3.2.0/hadoop-auth-3.2.0.jar:/home/user/.m2/repository/com/nimbusds/nimbus-jose-jwt/4.41.1/nimbus-jose-jwt-4.41.1.jar:/home/user/.m2/repository/com/github/stephenc/jcip/jcip-annotations/1.0-1/jcip-annotations-1.0-1.jar:/home/user/.m2/repository/net/minidev/json-smart/2.3/json-smart-2.3.jar:/home/user/.m2/repository/net/minidev/accessors-smart/1.2/accessors-smart-1.2.jar:/home/user/.m2/repository/org/ow2/asm/asm/5.0.4/asm-5.0.4.jar:/home/user/.m2/repository/org/apache/curator/curator-framework/2.12.0/curator-framework-2.12.0.jar:/home/user/.m2/repository/com/sun/jersey/jersey-core/1.19/jersey-core-1.19.jar:/home/user/.m2/repository/javax/ws/rs/jsr311-api/1.1.1/jsr311-api-1.1.1.jar:/home/user/.m2/repository/com/sun/jersey/jersey-server/1.19/jersey-server-1.19.jar:/home/user/.m2/repository/javax/servlet/javax.servlet-api/3.1.0/javax.servlet-api-3.1.0.jar:/home/user/.m2/repository/org/eclipse/jetty/jetty-server/9.3.25.v20180904/jetty-server-9.3.25.v20180904.jar:/home/user/.m2/repository/org/eclipse/jetty/jetty-http/9.3.25.v20180904/jetty-http-9.3.25.v20180904.jar:/home/user/.m2/repository/org/eclipse/jetty/jetty-io/9.3.25.v20180904/jetty-io-9.3.25.v20180904.jar:/home/user/.m2/repository/org/eclipse/jetty/jetty-webapp/9.3.25.v20180904/jetty-webapp-9.3.25.v20180904.jar:/home/user/.m2/repository/org/eclipse/jetty/jetty-xml/9.3.25.v20180904/jetty-xml-9.3.25.v20180904.jar:/home/user/.m2/repository/log4j/log4j/1.2.17/log4j-1.2.17.jar:/home/user/.m2/repository/org/slf4j/slf4j-api/1.7.25/slf4j-api-1.7.25.jar:/home/user/.m2/repository/org/slf4j/jul-to-slf4j/1.7.25/jul-to-slf4j-1.7.25.jar:/home/user/.m2/repository/org/eclipse/jetty/jetty-util/9.3.25.v20180904/jetty-util-9.3.25.v20180904.jar:/home/user/.m2/repository/com/fasterxml/jackson/core/jackson-databind/2.9.9/jackson-databind-2.9.9.jar:/home/user/.m2/repository/org/apache/hadoop/hadoop-kms/3.2.0/hadoop-kms-3.2.0-tests.jar:/home/user/.m2/repository/org/apache/hadoop/hadoop-hdds-server-scm/0.5.0-SNAPSHOT/hadoop-hdds-server-scm-0.5.0-SNAPSHOT-tests.jar:/home/user/.m2/repository/org/apache/hadoop/hadoop-hdds-container-service/0.5.0-SNAPSHOT/hadoop-hdds-container-service-0.5.0-SNAPSHOT-tests.jar:/home/user/.m2/repository/org/yaml/snakeyaml/1.16/snakeyaml-1.16.jar:/home/user/.m2/repository/org/apache/hadoop/hadoop-common/3.2.0/hadoop-common-3.2.0-tests.jar:/home/user/.m2/repository/org/apache/hadoop/hadoop-annotations/3.2.0/hadoop-annotations-3.2.0.jar:/usr/lib/jvm/java-1.8-openjdk/jre/../lib/tools.jar:/home/user/.m2/repository/commons-cli/commons-cli/1.2/commons-cli-1.2.jar:/home/user/.m2/repository/org/apache/httpcomponents/httpclient/4.5.2/httpclient-4.5.2.jar:/home/user/.m2/repository/org/apache/httpcomponents/httpcore/4.4.4/httpcore-4.4.4.jar:/home/user/.m2/repository/commons-codec/commons-codec/1.11/commons-codec-1.11.jar:/home/user/.m2/repository/commons-net/commons-net/3.6/commons-net-3.6.jar:/home/user/.m2/repository/commons-collections/commons-collections/3.2.2/commons-collections-3.2.2.jar:/home/user/.m2/repository/org/eclipse/jetty/jetty-servlet/9.3.25.v20180904/jetty-servlet-9.3.25.v20180904.jar:/home/user/.m2/repository/org/eclipse/jetty/jetty-security/9.3.25.v20180904/jetty-security-9.3.25.v20180904.jar:/home/user/.m2/repository/javax/servlet/jsp/jsp-api/2.1/jsp-api-2.1.jar:/home/user/.m2/repository/com/sun/jersey/jersey-servlet/1.19/jersey-servlet-1.19.jar:/home/user/.m2/repository/com/sun/jersey/jersey-json/1.19/jersey-json-1.19.jar:/home/user/.m2/repository/org/codehaus/jettison/jettison/1.1/jettison-1.1.jar:/home/user/.m2/repository/org/codehaus/jackson/jackson-core-asl/1.9.13/jackson-core-asl-1.9.13.jar:/home/user/.m2/repository/org/codehaus/jackson/jackson-mapper-asl/1.9.13/jackson-mapper-asl-1.9.13.jar:/home/user/.m2/repository/org/codehaus/jackson/jackson-jaxrs/1.9.13/jackson-jaxrs-1.9.13.jar:/home/user/.m2/repository/org/codehaus/jackson/jackson-xc/1.9.13/jackson-xc-1.9.13.jar:/home/user/.m2/repository/commons-logging/commons-logging/1.1.3/commons-logging-1.1.3.jar:/home/user/.m2/repository/commons-beanutils/commons-beanutils/1.9.4/commons-beanutils-1.9.4.jar:/home/user/.m2/repository/org/apache/commons/commons-configuration2/2.1.1/commons-configuration2-2.1.1.jar:/home/user/.m2/repository/org/apache/commons/commons-lang3/3.7/commons-lang3-3.7.jar:/home/user/.m2/repository/org/apache/commons/commons-text/1.4/commons-text-1.4.jar:/home/user/.m2/repository/org/apache/avro/avro/1.7.7/avro-1.7.7.jar:/home/user/.m2/repository/com/thoughtworks/paranamer/paranamer/2.3/paranamer-2.3.jar:/home/user/.m2/repository/org/xerial/snappy/snappy-java/1.0.5/snappy-java-1.0.5.jar:/home/user/.m2/repository/com/google/re2j/re2j/1.1/re2j-1.1.jar:/home/user/.m2/repository/com/google/code/gson/gson/2.2.4/gson-2.2.4.jar:/home/user/.m2/repository/com/jcraft/jsch/0.1.54/jsch-0.1.54.jar:/home/user/.m2/repository/org/apache/curator/curator-client/2.12.0/curator-client-2.12.0.jar:/home/user/.m2/repository/org/apache/curator/curator-recipes/2.12.0/curator-recipes-2.12.0.jar:/home/user/.m2/repository/com/google/code/findbugs/jsr305/3.0.0/jsr305-3.0.0.jar:/home/user/.m2/repository/org/apache/htrace/htrace-core4/4.1.0-incubating/htrace-core4-4.1.0-incubating.jar:/home/user/.m2/repository/org/apache/zookeeper/zookeeper/3.4.13/zookeeper-3.4.13.jar:/home/user/.m2/repository/jline/jline/0.9.94/jline-0.9.94.jar:/home/user/.m2/repository/org/apache/yetus/audience-annotations/0.5.0/audience-annotations-0.5.0.jar:/home/user/.m2/repository/org/codehaus/woodstox/stax2-api/3.1.4/stax2-api-3.1.4.jar:/home/user/.m2/repository/com/fasterxml/woodstox/woodstox-core/5.0.3/woodstox-core-5.0.3.jar:/home/user/.m2/repository/dnsjava/dnsjava/2.1.7/dnsjava-2.1.7.jar:/home/user/.m2/repository/org/apache/hadoop/hadoop-hdfs/3.2.0/hadoop-hdfs-3.2.0-tests.jar:/home/user/.m2/repository/org/eclipse/jetty/jetty-util-ajax/9.3.25.v20180904/jetty-util-ajax-9.3.25.v20180904.jar:/home/user/.m2/repository/commons-daemon/commons-daemon/1.0.13/commons-daemon-1.0.13.jar:/home/user/.m2/repository/io/netty/netty/3.10.5.Final/netty-3.10.5.Final.jar:/home/user/.m2/repository/io/netty/netty-all/4.0.52.Final/netty-all-4.0.52.Final.jar:/home/user/.m2/repository/org/fusesource/leveldbjni/leveldbjni-all/1.8/leveldbjni-all-1.8.jar:"/>
    <property name="sun.cpu.endian" value="little"/>
    <property name="user.home" value="/home/user"/>
    <property name="user.language" value="en"/>
    <property name="java.specification.vendor" value="Oracle Corporation"/>
    <property name="java.home" value="/usr/lib/jvm/java-1.8-openjdk/jre"/>
    <property name="java.security.krb5.conf" value="/workdir/hadoop-ozone/integration-test/target/test-classes/krb5.conf"/>
    <property name="basedir" value="/workdir/hadoop-ozone/integration-test"/>
    <property name="file.separator" value="/"/>
    <property name="line.separator" value="&#10;"/>
    <property name="java.vm.specification.vendor" value="Oracle Corporation"/>
    <property name="java.specification.name" value="Java Platform API Specification"/>
    <property name="java.awt.graphicsenv" value="sun.awt.X11GraphicsEnvironment"/>
    <property name="surefire.real.class.path" value="/workdir/hadoop-ozone/integration-test/target/surefire/surefirebooter1263450213071183297.jar"/>
    <property name="hadoop.log.dir" value="/workdir/hadoop-ozone/integration-test/target/log"/>
    <property name="sun.boot.class.path" value="/usr/lib/jvm/java-1.8-openjdk/jre/lib/resources.jar:/usr/lib/jvm/java-1.8-openjdk/jre/lib/rt.jar:/usr/lib/jvm/java-1.8-openjdk/jre/lib/sunrsasign.jar:/usr/lib/jvm/java-1.8-openjdk/jre/lib/jsse.jar:/usr/lib/jvm/java-1.8-openjdk/jre/lib/jce.jar:/usr/lib/jvm/java-1.8-openjdk/jre/lib/charsets.jar:/usr/lib/jvm/java-1.8-openjdk/jre/lib/jfr.jar:/usr/lib/jvm/java-1.8-openjdk/jre/classes"/>
    <property name="sun.management.compiler" value="HotSpot 64-Bit Tiered Compilers"/>
    <property name="java.runtime.version" value="1.8.0_212-b04"/>
    <property name="java.net.preferIPv4Stack" value="true"/>
    <property name="user.name" value="jenkins1000"/>
    <property name="path.separator" value=":"/>
    <property name="java.security.egd" value="file:///dev/urandom"/>
    <property name="os.version" value="3.10.0-957.12.2.el7.x86_64"/>
    <property name="java.endorsed.dirs" value="/usr/lib/jvm/java-1.8-openjdk/jre/lib/endorsed"/>
    <property name="java.runtime.name" value="OpenJDK Runtime Environment"/>
    <property name="file.encoding" value="UTF-8"/>
    <property name="java.vm.name" value="OpenJDK 64-Bit Server VM"/>
    <property name="test.build.webapps" value=""/>
    <property name="localRepository" value="/home/user/.m2/repository"/>
    <property name="java.vendor.url.bug" value="https://icedtea.classpath.org/bugzilla"/>
    <property name="java.io.tmpdir" value="/tmp"/>
    <property name="require.test.libhadoop" value=""/>
    <property name="java.version" value="1.8.0_212"/>
    <property name="user.dir" value="/workdir/hadoop-ozone/integration-test"/>
    <property name="os.arch" value="amd64"/>
    <property name="java.vm.specification.name" value="Java Virtual Machine Specification"/>
    <property name="test.build.classes" value="/workdir/hadoop-ozone/integration-test/target/test-classes"/>
    <property name="java.awt.printerjob" value="sun.print.PSPrinterJob"/>
    <property name="sun.os.patch.level" value="unknown"/>
    <property name="hadoop.tmp.dir" value="/workdir/hadoop-ozone/integration-test/target/tmp"/>
    <property name="java.library.path" value="/usr/lib/jvm/java-1.8-openjdk/jre/lib/amd64/server:/usr/lib/jvm/java-1.8-openjdk/jre/lib/amd64:/usr/lib/jvm/java-1.8-openjdk/jre/../lib/amd64:/workdir/hadoop-ozone/integration-test/target/native/target/usr/local/lib:/workdir/hadoop-ozone/integration-test/../../hadoop-common-project/hadoop-common/target/native/target/usr/local/lib:/usr/java/packages/lib/amd64:/usr/lib64:/lib64:/lib:/usr/lib"/>
    <property name="java.vm.info" value="mixed mode"/>
    <property name="java.vendor" value="IcedTea"/>
    <property name="java.vm.version" value="25.212-b04"/>
    <property name="java.ext.dirs" value="/usr/lib/jvm/java-1.8-openjdk/jre/lib/ext:/usr/java/packages/lib/ext"/>
    <property name="sun.io.unicode.encoding" value="UnicodeLittle"/>
    <property name="java.class.version" value="52.0"/>
  </properties>
  <testcase name="test2WayCommitForRetryfailure" classname="org.apache.hadoop.ozone.client.rpc.Test2WayCommitInRatis" time="44.834">
    <error message="org.apache.ratis.protocol.RaftRetryFailureException: Failed RaftClientRequest:client-290AE0D755C7-&gt;87fa81a0-33dc-4710-bb43-7cfa430e4317@group-4265C47D2F01, cid=15, seq=2*, RW, org.apache.hadoop.hdds.scm.XceiverClientRatis$$Lambda$350/1466066315@4710b691 for 20 attempts with RetryLimited(maxAttempts=20, sleepTime=1000ms)" type="java.util.concurrent.ExecutionException">java.util.concurrent.ExecutionException: org.apache.ratis.protocol.RaftRetryFailureException: Failed RaftClientRequest:client-290AE0D755C7->87fa81a0-33dc-4710-bb43-7cfa430e4317@group-4265C47D2F01, cid=15, seq=2*, RW, org.apache.hadoop.hdds.scm.XceiverClientRatis$$Lambda$350/1466066315@4710b691 for 20 attempts with RetryLimited(maxAttempts=20, sleepTime=1000ms)
	at java.util.concurrent.CompletableFuture.reportGet(CompletableFuture.java:357)
	at java.util.concurrent.CompletableFuture.get(CompletableFuture.java:1895)
	at org.apache.hadoop.ozone.client.rpc.Test2WayCommitInRatis.test2WayCommitForRetryfailure(Test2WayCommitInRatis.java:144)
	at sun.reflect.NativeMethodAccessorImpl.invoke0(Native Method)
	at sun.reflect.NativeMethodAccessorImpl.invoke(NativeMethodAccessorImpl.java:62)
	at sun.reflect.DelegatingMethodAccessorImpl.invoke(DelegatingMethodAccessorImpl.java:43)
	at java.lang.reflect.Method.invoke(Method.java:498)
	at org.junit.runners.model.FrameworkMethod$1.runReflectiveCall(FrameworkMethod.java:47)
	at org.junit.internal.runners.model.ReflectiveCallable.run(ReflectiveCallable.java:12)
	at org.junit.runners.model.FrameworkMethod.invokeExplosively(FrameworkMethod.java:44)
	at org.junit.internal.runners.statements.InvokeMethod.evaluate(InvokeMethod.java:17)
	at org.junit.runners.ParentRunner.runLeaf(ParentRunner.java:271)
	at org.junit.runners.BlockJUnit4ClassRunner.runChild(BlockJUnit4ClassRunner.java:70)
	at org.junit.runners.BlockJUnit4ClassRunner.runChild(BlockJUnit4ClassRunner.java:50)
	at org.junit.runners.ParentRunner$3.run(ParentRunner.java:238)
	at org.junit.runners.ParentRunner$1.schedule(ParentRunner.java:63)
	at org.junit.runners.ParentRunner.runChildren(ParentRunner.java:236)
	at org.junit.runners.ParentRunner.access$000(ParentRunner.java:53)
	at org.junit.runners.ParentRunner$2.evaluate(ParentRunner.java:229)
	at org.junit.runners.ParentRunner.run(ParentRunner.java:309)
	at org.apache.maven.surefire.junit4.JUnit4Provider.execute(JUnit4Provider.java:365)
	at org.apache.maven.surefire.junit4.JUnit4Provider.executeWithRerun(JUnit4Provider.java:273)
	at org.apache.maven.surefire.junit4.JUnit4Provider.executeTestSet(JUnit4Provider.java:238)
	at org.apache.maven.surefire.junit4.JUnit4Provider.invoke(JUnit4Provider.java:159)
	at org.apache.maven.surefire.booter.ForkedBooter.invokeProviderInSameClassLoader(ForkedBooter.java:384)
	at org.apache.maven.surefire.booter.ForkedBooter.runSuitesInProcess(ForkedBooter.java:345)
	at org.apache.maven.surefire.booter.ForkedBooter.execute(ForkedBooter.java:126)
	at org.apache.maven.surefire.booter.ForkedBooter.main(ForkedBooter.java:418)
Caused by: org.apache.ratis.protocol.RaftRetryFailureException: Failed RaftClientRequest:client-290AE0D755C7->87fa81a0-33dc-4710-bb43-7cfa430e4317@group-4265C47D2F01, cid=15, seq=2*, RW, org.apache.hadoop.hdds.scm.XceiverClientRatis$$Lambda$350/1466066315@4710b691 for 20 attempts with RetryLimited(maxAttempts=20, sleepTime=1000ms)
	at org.apache.ratis.client.impl.RaftClientImpl.noMoreRetries(RaftClientImpl.java:271)
	at org.apache.ratis.client.impl.OrderedAsync.handleAsyncRetryFailure(OrderedAsync.java:138)
	at org.apache.ratis.client.impl.OrderedAsync.lambda$sendRequest$10(OrderedAsync.java:230)
	at java.util.concurrent.CompletableFuture.uniExceptionally(CompletableFuture.java:870)
	at java.util.concurrent.CompletableFuture$UniExceptionally.tryFire(CompletableFuture.java:852)
	at java.util.concurrent.CompletableFuture.postComplete(CompletableFuture.java:474)
	at java.util.concurrent.CompletableFuture.completeExceptionally(CompletableFuture.java:1977)
	at org.apache.ratis.grpc.client.GrpcClientProtocolClient$AsyncStreamObservers.completeReplyExceptionally(GrpcClientProtocolClient.java:339)
	at org.apache.ratis.grpc.client.GrpcClientProtocolClient$AsyncStreamObservers.access$000(GrpcClientProtocolClient.java:255)
	at org.apache.ratis.grpc.client.GrpcClientProtocolClient$AsyncStreamObservers$1.onNext(GrpcClientProtocolClient.java:267)
	at org.apache.ratis.grpc.client.GrpcClientProtocolClient$AsyncStreamObservers$1.onNext(GrpcClientProtocolClient.java:258)
	at org.apache.ratis.thirdparty.io.grpc.stub.ClientCalls$StreamObserverToCallListenerAdapter.onMessage(ClientCalls.java:421)
	at org.apache.ratis.thirdparty.io.grpc.ForwardingClientCallListener.onMessage(ForwardingClientCallListener.java:33)
	at org.apache.ratis.thirdparty.io.grpc.ForwardingClientCallListener.onMessage(ForwardingClientCallListener.java:33)
	at org.apache.ratis.thirdparty.io.grpc.internal.ClientCallImpl$ClientStreamListenerImpl$1MessagesAvailable.runInContext(ClientCallImpl.java:519)
	at org.apache.ratis.thirdparty.io.grpc.internal.ContextRunnable.run(ContextRunnable.java:37)
	at org.apache.ratis.thirdparty.io.grpc.internal.SerializingExecutor.run(SerializingExecutor.java:123)
	at java.util.concurrent.ThreadPoolExecutor.runWorker(ThreadPoolExecutor.java:1149)
	at java.util.concurrent.ThreadPoolExecutor$Worker.run(ThreadPoolExecutor.java:624)
	at java.lang.Thread.run(Thread.java:748)
Caused by: org.apache.ratis.protocol.NotLeaderException: Server 87fa81a0-33dc-4710-bb43-7cfa430e4317@group-4265C47D2F01 is not the leader
	at org.apache.ratis.client.impl.ClientProtoUtils.toRaftClientReply(ClientProtoUtils.java:243)
	at org.apache.ratis.grpc.client.GrpcClientProtocolClient$AsyncStreamObservers$1.onNext(GrpcClientProtocolClient.java:263)
	... 10 more
</error>
    <system-out><![CDATA[2019-09-25 06:01:48,626 [main] WARN  server.ServerUtils (ServerUtils.java:getScmDbDir(145)) - ozone.scm.db.dirs is not configured. We recommend adding this setting. Falling back to ozone.metadata.dirs instead.
2019-09-25 06:01:48,776 [main] WARN  server.ServerUtils (ServerUtils.java:getScmDbDir(145)) - ozone.scm.db.dirs is not configured. We recommend adding this setting. Falling back to ozone.metadata.dirs instead.
2019-09-25 06:01:48,780 [main] WARN  server.ServerUtils (ServerUtils.java:getScmDbDir(145)) - ozone.scm.db.dirs is not configured. We recommend adding this setting. Falling back to ozone.metadata.dirs instead.
2019-09-25 06:01:48,802 [main] INFO  util.log (Log.java:initialized(192)) - Logging initialized @875ms
2019-09-25 06:01:48,895 [main] INFO  db.DBStoreBuilder (DBStoreBuilder.java:addTable(110)) - using custom profile for table: deletedBlocks
2019-09-25 06:01:48,895 [main] INFO  db.DBStoreBuilder (DBStoreBuilder.java:processTables(161)) - Using default column profile:DBProfile.DISK for Table:deletedBlocks
2019-09-25 06:01:48,896 [main] INFO  db.DBStoreBuilder (DBStoreBuilder.java:addTable(110)) - using custom profile for table: validCerts
2019-09-25 06:01:48,896 [main] INFO  db.DBStoreBuilder (DBStoreBuilder.java:processTables(161)) - Using default column profile:DBProfile.DISK for Table:validCerts
2019-09-25 06:01:48,896 [main] INFO  db.DBStoreBuilder (DBStoreBuilder.java:addTable(110)) - using custom profile for table: revokedCerts
2019-09-25 06:01:48,897 [main] INFO  db.DBStoreBuilder (DBStoreBuilder.java:processTables(161)) - Using default column profile:DBProfile.DISK for Table:revokedCerts
2019-09-25 06:01:48,908 [main] INFO  db.DBStoreBuilder (DBStoreBuilder.java:addTable(110)) - using custom profile for table: default
2019-09-25 06:01:48,908 [main] INFO  db.DBStoreBuilder (DBStoreBuilder.java:processTables(167)) - Using default column profile:DBProfile.DISK for Table:default
2019-09-25 06:01:48,909 [main] INFO  db.DBStoreBuilder (DBStoreBuilder.java:getDbProfile(198)) - Using default options. DBProfile.DISK
2019-09-25 06:01:49,164 [main] INFO  net.NodeSchemaLoader (NodeSchemaLoader.java:loadSchemaFromFile(125)) - Loading file from sun.misc.CompoundEnumeration@77888435
2019-09-25 06:01:49,166 [main] INFO  net.NodeSchemaLoader (NodeSchemaLoader.java:loadSchema(171)) - Loading network topology layer schema file
2019-09-25 06:01:49,249 [main] WARN  server.ServerUtils (ServerUtils.java:sanitizeUserArgs(70)) - ozone.scm.stale.node.interval value = 300000 is larger than max = 100000 based on the key value of ozone.scm.heartbeat.thread.interval, reset to the max value 100000.
2019-09-25 06:01:49,251 [main] WARN  server.ServerUtils (ServerUtils.java:sanitizeUserArgs(70)) - ozone.scm.stale.node.interval value = 300000 is larger than max = 100000 based on the key value of ozone.scm.heartbeat.thread.interval, reset to the max value 100000.
2019-09-25 06:01:49,253 [main] INFO  node.SCMNodeManager (SCMNodeManager.java:<init>(114)) - Entering startup safe mode.
2019-09-25 06:01:49,332 [main] INFO  algorithms.ContainerPlacementPolicyFactory (ContainerPlacementPolicyFactory.java:getPolicy(57)) - Create container placement policy of type org.apache.hadoop.hdds.scm.container.placement.algorithms.SCMContainerPlacementRandom
2019-09-25 06:01:49,349 [main] WARN  server.ServerUtils (ServerUtils.java:getScmDbDir(145)) - ozone.scm.db.dirs is not configured. We recommend adding this setting. Falling back to ozone.metadata.dirs instead.
2019-09-25 06:01:49,416 [main] INFO  pipeline.SCMPipelineManager (SCMPipelineManager.java:initializePipelineState(132)) - No pipeline exists in current db
2019-09-25 06:01:49,419 [main] WARN  server.ServerUtils (ServerUtils.java:getScmDbDir(145)) - ozone.scm.db.dirs is not configured. We recommend adding this setting. Falling back to ozone.metadata.dirs instead.
2019-09-25 06:01:49,541 [main] WARN  events.EventQueue (EventQueue.java:fireEvent(183)) - No event handler registered for event TypedEvent{payloadType=SafeModeStatus, name='SafeModeStatus'}
2019-09-25 06:01:49,921 [main] INFO  ipc.CallQueueManager (CallQueueManager.java:<init>(84)) - Using callQueue: class java.util.concurrent.LinkedBlockingQueue, queueCapacity: 2000, scheduler: class org.apache.hadoop.ipc.DefaultRpcScheduler, ipcBackoff: false.
2019-09-25 06:01:49,959 [Socket Reader #1 for port 46590] INFO  ipc.Server (Server.java:run(1074)) - Starting Socket Reader #1 for port 46590
2019-09-25 06:01:50,113 [main] INFO  ipc.CallQueueManager (CallQueueManager.java:<init>(84)) - Using callQueue: class java.util.concurrent.LinkedBlockingQueue, queueCapacity: 2000, scheduler: class org.apache.hadoop.ipc.DefaultRpcScheduler, ipcBackoff: false.
2019-09-25 06:01:50,114 [Socket Reader #1 for port 42859] INFO  ipc.Server (Server.java:run(1074)) - Starting Socket Reader #1 for port 42859
2019-09-25 06:01:50,125 [main] INFO  ipc.CallQueueManager (CallQueueManager.java:<init>(84)) - Using callQueue: class java.util.concurrent.LinkedBlockingQueue, queueCapacity: 2000, scheduler: class org.apache.hadoop.ipc.DefaultRpcScheduler, ipcBackoff: false.
2019-09-25 06:01:50,126 [Socket Reader #1 for port 38906] INFO  ipc.Server (Server.java:run(1074)) - Starting Socket Reader #1 for port 38906
2019-09-25 06:01:50,153 [main] INFO  hdfs.DFSUtil (DFSUtil.java:httpServerTemplateForNNAndJN(1641)) - Starting Web-server for scm at: http://0.0.0.0:0
2019-09-25 06:01:50,313 [main] INFO  server.AuthenticationFilter (AuthenticationFilter.java:constructSecretProvider(240)) - Unable to initialize FileSignerSecretProvider, falling back to use random secrets.
2019-09-25 06:01:50,326 [main] WARN  http.HttpRequestLog (HttpRequestLog.java:getRequestLog(97)) - Jetty request log can only be enabled using Log4j
2019-09-25 06:01:50,339 [main] INFO  http.HttpServer2 (HttpServer2.java:addGlobalFilter(975)) - Added global filter 'safety' (class=org.apache.hadoop.http.HttpServer2$QuotingInputFilter)
2019-09-25 06:01:50,343 [main] INFO  http.HttpServer2 (HttpServer2.java:addFilter(948)) - Added filter static_user_filter (class=org.apache.hadoop.http.lib.StaticUserWebFilter$StaticUserFilter) to context scm
2019-09-25 06:01:50,343 [main] INFO  http.HttpServer2 (HttpServer2.java:addFilter(958)) - Added filter static_user_filter (class=org.apache.hadoop.http.lib.StaticUserWebFilter$StaticUserFilter) to context static
2019-09-25 06:01:50,343 [main] INFO  http.HttpServer2 (HttpServer2.java:addFilter(958)) - Added filter static_user_filter (class=org.apache.hadoop.http.lib.StaticUserWebFilter$StaticUserFilter) to context logs
2019-09-25 06:01:50,384 [main] INFO  server.StorageContainerManager (StorageContainerManager.java:start(770)) - StorageContainerLocationProtocol RPC server is listening at /0.0.0.0:38906
2019-09-25 06:01:50,442 [main] WARN  impl.MetricsConfig (MetricsConfig.java:loadFirst(134)) - Cannot locate configuration: tried hadoop-metrics2-storagecontainermanager.properties,hadoop-metrics2.properties
2019-09-25 06:01:50,455 [main] INFO  impl.MetricsSystemImpl (MetricsSystemImpl.java:startTimer(374)) - Scheduled Metric snapshot period at 10 second(s).
2019-09-25 06:01:50,455 [main] INFO  impl.MetricsSystemImpl (MetricsSystemImpl.java:start(191)) - StorageContainerManager metrics system started
2019-09-25 06:01:50,685 [main] INFO  server.SCMClientProtocolServer (SCMClientProtocolServer.java:start(151)) - RPC server for Client  is listening at /0.0.0.0:38906
2019-09-25 06:01:50,685 [IPC Server Responder] INFO  ipc.Server (Server.java:run(1314)) - IPC Server Responder: starting
2019-09-25 06:01:50,685 [IPC Server listener on 38906] INFO  ipc.Server (Server.java:run(1153)) - IPC Server listener on 38906: starting
2019-09-25 06:01:50,688 [main] INFO  server.StorageContainerManager (StorageContainerManager.java:start(780)) - ScmBlockLocationProtocol RPC server is listening at /0.0.0.0:42859
2019-09-25 06:01:50,689 [main] INFO  server.SCMBlockProtocolServer (SCMBlockProtocolServer.java:start(146)) - RPC server for Block Protocol is listening at /0.0.0.0:42859
2019-09-25 06:01:50,690 [IPC Server Responder] INFO  ipc.Server (Server.java:run(1314)) - IPC Server Responder: starting
2019-09-25 06:01:50,690 [IPC Server listener on 42859] INFO  ipc.Server (Server.java:run(1153)) - IPC Server listener on 42859: starting
2019-09-25 06:01:50,692 [main] INFO  server.StorageContainerManager (StorageContainerManager.java:start(784)) - ScmDatanodeProtocl RPC server is listening at /0.0.0.0:46590
2019-09-25 06:01:50,692 [main] INFO  server.SCMDatanodeProtocolServer (SCMDatanodeProtocolServer.java:start(191)) - RPC server for DataNodes is listening at /0.0.0.0:46590
2019-09-25 06:01:50,693 [IPC Server Responder] INFO  ipc.Server (Server.java:run(1314)) - IPC Server Responder: starting
2019-09-25 06:01:50,693 [IPC Server listener on 46590] INFO  ipc.Server (Server.java:run(1153)) - IPC Server listener on 46590: starting
2019-09-25 06:01:50,697 [main] INFO  http.HttpServer2 (HttpServer2.java:bindListener(1191)) - Jetty bound to port 35148
2019-09-25 06:01:50,700 [main] INFO  server.Server (Server.java:doStart(351)) - jetty-9.3.25.v20180904, build timestamp: 2018-09-04T21:11:46Z, git hash: 3ce520221d0240229c862b122d2b06c12a625732
2019-09-25 06:01:50,751 [main] INFO  handler.ContextHandler (ContextHandler.java:doStart(781)) - Started o.e.j.s.ServletContextHandler@6b00f608{/logs,file:///workdir/hadoop-ozone/integration-test/target/log,AVAILABLE}
2019-09-25 06:01:50,752 [main] INFO  handler.ContextHandler (ContextHandler.java:doStart(781)) - Started o.e.j.s.ServletContextHandler@3e821657{/static,file:///workdir/hadoop-ozone/integration-test/target/test-classes/webapps/static,AVAILABLE}
2019-09-25 06:01:50,791 [main] INFO  handler.ContextHandler (ContextHandler.java:doStart(781)) - Started o.e.j.w.WebAppContext@6928f576{/,file:///workdir/hadoop-ozone/integration-test/target/test-classes/webapps/scm/,AVAILABLE}{/scm}
2019-09-25 06:01:50,797 [main] INFO  server.AbstractConnector (AbstractConnector.java:doStart(278)) - Started ServerConnector@548e76f1{HTTP/1.1,[http/1.1]}{0.0.0.0:35148}
2019-09-25 06:01:50,797 [main] INFO  server.Server (Server.java:doStart(419)) - Started @2870ms
2019-09-25 06:01:50,799 [main] INFO  impl.MetricsSinkAdapter (MetricsSinkAdapter.java:start(204)) - Sink prometheus started
2019-09-25 06:01:50,800 [main] INFO  impl.MetricsSystemImpl (MetricsSystemImpl.java:registerSink(301)) - Registered sink prometheus
2019-09-25 06:01:50,801 [main] INFO  server.BaseHttpServer (BaseHttpServer.java:updateConnectorAddress(215)) - HTTP server of SCM is listening at http://0.0.0.0:35148
2019-09-25 06:01:50,810 [org.apache.hadoop.util.JvmPauseMonitor$Monitor@73511076] INFO  util.JvmPauseMonitor (JvmPauseMonitor.java:run(188)) - Starting JVM pause monitor
2019-09-25 06:01:50,814 [main] WARN  server.ServerUtils (ServerUtils.java:getDBPath(222)) - ozone.om.db.dirs is not configured. We recommend adding this setting. Falling back to ozone.metadata.dirs instead.
2019-09-25 06:01:52,482 [main] WARN  server.ServerUtils (ServerUtils.java:getDBPath(222)) - ozone.om.db.dirs is not configured. We recommend adding this setting. Falling back to ozone.metadata.dirs instead.
2019-09-25 06:01:52,482 [main] WARN  server.ServerUtils (ServerUtils.java:getDBPath(222)) - ozone.om.db.dirs is not configured. We recommend adding this setting. Falling back to ozone.metadata.dirs instead.
2019-09-25 06:01:52,484 [main] INFO  om.OzoneManager (OzoneManager.java:setOMNodeDetails(652)) - OM Service ID is not set. Setting it to the default ID: omServiceIdDefault
2019-09-25 06:01:52,484 [main] INFO  om.OzoneManager (OzoneManager.java:setOMNodeDetails(658)) - OM Node ID is not set. Setting it to the OmStorage's OmID: 7c4eea0b-e8bc-4d05-b598-2001cd16b438
2019-09-25 06:01:52,485 [main] INFO  om.OzoneManager (OzoneManager.java:loadOMHAConfigs(609)) - Found matching OM address with OMServiceId: null, OMNodeId: null, RPC Address: localhost:0 and Ratis port: 9872
2019-09-25 06:01:53,262 [main] WARN  server.ServerUtils (ServerUtils.java:getDBPath(222)) - ozone.om.db.dirs is not configured. We recommend adding this setting. Falling back to ozone.metadata.dirs instead.
2019-09-25 06:01:53,270 [main] INFO  db.DBStoreBuilder (DBStoreBuilder.java:addTable(110)) - using custom profile for table: userTable
2019-09-25 06:01:53,270 [main] INFO  db.DBStoreBuilder (DBStoreBuilder.java:processTables(161)) - Using default column profile:DBProfile.DISK for Table:userTable
2019-09-25 06:01:53,271 [main] INFO  db.DBStoreBuilder (DBStoreBuilder.java:addTable(110)) - using custom profile for table: volumeTable
2019-09-25 06:01:53,271 [main] INFO  db.DBStoreBuilder (DBStoreBuilder.java:processTables(161)) - Using default column profile:DBProfile.DISK for Table:volumeTable
2019-09-25 06:01:53,271 [main] INFO  db.DBStoreBuilder (DBStoreBuilder.java:addTable(110)) - using custom profile for table: bucketTable
2019-09-25 06:01:53,272 [main] INFO  db.DBStoreBuilder (DBStoreBuilder.java:processTables(161)) - Using default column profile:DBProfile.DISK for Table:bucketTable
2019-09-25 06:01:53,272 [main] INFO  db.DBStoreBuilder (DBStoreBuilder.java:addTable(110)) - using custom profile for table: keyTable
2019-09-25 06:01:53,272 [main] INFO  db.DBStoreBuilder (DBStoreBuilder.java:processTables(161)) - Using default column profile:DBProfile.DISK for Table:keyTable
2019-09-25 06:01:53,272 [main] INFO  db.DBStoreBuilder (DBStoreBuilder.java:addTable(110)) - using custom profile for table: deletedTable
2019-09-25 06:01:53,273 [main] INFO  db.DBStoreBuilder (DBStoreBuilder.java:processTables(161)) - Using default column profile:DBProfile.DISK for Table:deletedTable
2019-09-25 06:01:53,273 [main] INFO  db.DBStoreBuilder (DBStoreBuilder.java:addTable(110)) - using custom profile for table: openKeyTable
2019-09-25 06:01:53,273 [main] INFO  db.DBStoreBuilder (DBStoreBuilder.java:processTables(161)) - Using default column profile:DBProfile.DISK for Table:openKeyTable
2019-09-25 06:01:53,273 [main] INFO  db.DBStoreBuilder (DBStoreBuilder.java:addTable(110)) - using custom profile for table: s3Table
2019-09-25 06:01:53,274 [main] INFO  db.DBStoreBuilder (DBStoreBuilder.java:processTables(161)) - Using default column profile:DBProfile.DISK for Table:s3Table
2019-09-25 06:01:53,274 [main] INFO  db.DBStoreBuilder (DBStoreBuilder.java:addTable(110)) - using custom profile for table: multipartInfoTable
2019-09-25 06:01:53,274 [main] INFO  db.DBStoreBuilder (DBStoreBuilder.java:processTables(161)) - Using default column profile:DBProfile.DISK for Table:multipartInfoTable
2019-09-25 06:01:53,274 [main] INFO  db.DBStoreBuilder (DBStoreBuilder.java:addTable(110)) - using custom profile for table: dTokenTable
2019-09-25 06:01:53,275 [main] INFO  db.DBStoreBuilder (DBStoreBuilder.java:processTables(161)) - Using default column profile:DBProfile.DISK for Table:dTokenTable
2019-09-25 06:01:53,275 [main] INFO  db.DBStoreBuilder (DBStoreBuilder.java:addTable(110)) - using custom profile for table: s3SecretTable
2019-09-25 06:01:53,275 [main] INFO  db.DBStoreBuilder (DBStoreBuilder.java:processTables(161)) - Using default column profile:DBProfile.DISK for Table:s3SecretTable
2019-09-25 06:01:53,275 [main] INFO  db.DBStoreBuilder (DBStoreBuilder.java:addTable(110)) - using custom profile for table: prefixTable
2019-09-25 06:01:53,276 [main] INFO  db.DBStoreBuilder (DBStoreBuilder.java:processTables(161)) - Using default column profile:DBProfile.DISK for Table:prefixTable
2019-09-25 06:01:53,276 [main] INFO  db.DBStoreBuilder (DBStoreBuilder.java:addTable(110)) - using custom profile for table: default
2019-09-25 06:01:53,276 [main] INFO  db.DBStoreBuilder (DBStoreBuilder.java:processTables(167)) - Using default column profile:DBProfile.DISK for Table:default
2019-09-25 06:01:53,276 [main] INFO  db.DBStoreBuilder (DBStoreBuilder.java:getDbProfile(198)) - Using default options. DBProfile.DISK
2019-09-25 06:01:56,185 [main] INFO  ipc.CallQueueManager (CallQueueManager.java:<init>(84)) - Using callQueue: class java.util.concurrent.LinkedBlockingQueue, queueCapacity: 2000, scheduler: class org.apache.hadoop.ipc.DefaultRpcScheduler, ipcBackoff: false.
2019-09-25 06:01:56,186 [Socket Reader #1 for port 43060] INFO  ipc.Server (Server.java:run(1074)) - Starting Socket Reader #1 for port 43060
2019-09-25 06:01:56,206 [main] INFO  om.OzoneManager (OzoneManager.java:start(1243)) - OzoneManager RPC server is listening at localhost/127.0.0.1:43060
2019-09-25 06:01:56,206 [main] INFO  impl.MetricsSystemImpl (MetricsSystemImpl.java:init(158)) - OzoneManager metrics system started (again)
2019-09-25 06:01:56,207 [IPC Server Responder] INFO  ipc.Server (Server.java:run(1314)) - IPC Server Responder: starting
2019-09-25 06:01:56,207 [IPC Server listener on 43060] INFO  ipc.Server (Server.java:run(1153)) - IPC Server listener on 43060: starting
2019-09-25 06:01:56,214 [main] INFO  hdfs.DFSUtil (DFSUtil.java:httpServerTemplateForNNAndJN(1641)) - Starting Web-server for ozoneManager at: http://0.0.0.0:0
2019-09-25 06:01:56,215 [main] INFO  server.AuthenticationFilter (AuthenticationFilter.java:constructSecretProvider(240)) - Unable to initialize FileSignerSecretProvider, falling back to use random secrets.
2019-09-25 06:01:56,216 [main] WARN  http.HttpRequestLog (HttpRequestLog.java:getRequestLog(97)) - Jetty request log can only be enabled using Log4j
2019-09-25 06:01:56,218 [main] INFO  http.HttpServer2 (HttpServer2.java:addGlobalFilter(975)) - Added global filter 'safety' (class=org.apache.hadoop.http.HttpServer2$QuotingInputFilter)
2019-09-25 06:01:56,219 [main] INFO  http.HttpServer2 (HttpServer2.java:addFilter(948)) - Added filter static_user_filter (class=org.apache.hadoop.http.lib.StaticUserWebFilter$StaticUserFilter) to context ozoneManager
2019-09-25 06:01:56,219 [main] INFO  http.HttpServer2 (HttpServer2.java:addFilter(958)) - Added filter static_user_filter (class=org.apache.hadoop.http.lib.StaticUserWebFilter$StaticUserFilter) to context static
2019-09-25 06:01:56,219 [main] INFO  http.HttpServer2 (HttpServer2.java:addFilter(958)) - Added filter static_user_filter (class=org.apache.hadoop.http.lib.StaticUserWebFilter$StaticUserFilter) to context logs
2019-09-25 06:01:56,221 [main] INFO  http.HttpServer2 (HttpServer2.java:bindListener(1191)) - Jetty bound to port 33075
2019-09-25 06:01:56,222 [main] INFO  server.Server (Server.java:doStart(351)) - jetty-9.3.25.v20180904, build timestamp: 2018-09-04T21:11:46Z, git hash: 3ce520221d0240229c862b122d2b06c12a625732
2019-09-25 06:01:56,223 [main] INFO  handler.ContextHandler (ContextHandler.java:doStart(781)) - Started o.e.j.s.ServletContextHandler@5cf8edcf{/logs,file:///workdir/hadoop-ozone/integration-test/target/log,AVAILABLE}
2019-09-25 06:01:56,224 [main] INFO  handler.ContextHandler (ContextHandler.java:doStart(781)) - Started o.e.j.s.ServletContextHandler@629f066f{/static,file:///workdir/hadoop-ozone/integration-test/target/test-classes/webapps/static,AVAILABLE}
2019-09-25 06:01:56,229 [main] INFO  handler.ContextHandler (ContextHandler.java:doStart(781)) - Started o.e.j.w.WebAppContext@1cbb3d3b{/,file:///workdir/hadoop-ozone/integration-test/target/test-classes/webapps/ozoneManager/,AVAILABLE}{/ozoneManager}
2019-09-25 06:01:56,230 [main] INFO  server.AbstractConnector (AbstractConnector.java:doStart(278)) - Started ServerConnector@529cfee5{HTTP/1.1,[http/1.1]}{0.0.0.0:33075}
2019-09-25 06:01:56,231 [main] INFO  server.Server (Server.java:doStart(419)) - Started @8304ms
2019-09-25 06:01:56,231 [main] WARN  impl.MetricsSystemImpl (MetricsSystemImpl.java:register(276)) - Sink prometheus already exists!
2019-09-25 06:01:56,232 [main] INFO  server.BaseHttpServer (BaseHttpServer.java:updateConnectorAddress(215)) - HTTP server of OZONEMANAGER is listening at http://0.0.0.0:33075
2019-09-25 06:01:56,540 [main] INFO  impl.MetricsSystemImpl (MetricsSystemImpl.java:init(158)) - HddsDatanode metrics system started (again)
2019-09-25 06:01:56,607 [main] INFO  ozone.HddsDatanodeService (HddsDatanodeService.java:start(184)) - HddsDatanodeService host:trunk-nightly-20190925-htsvn-2214856702 ip:192.168.30.39
2019-09-25 06:01:56,643 [main] INFO  volume.HddsVolume (HddsVolume.java:<init>(176)) - Creating Volume: /workdir/hadoop-ozone/integration-test/target/test-dir/MiniOzoneClusterImpl-c1088f23-01ce-44bf-9846-8858f4e9356f/datanode-0/data/containers/hdds of  storage type : DISK and capacity : 1482555576320
2019-09-25 06:01:56,645 [main] INFO  volume.VolumeSet (VolumeSet.java:initializeVolumeSet(170)) - Added Volume : /workdir/hadoop-ozone/integration-test/target/test-dir/MiniOzoneClusterImpl-c1088f23-01ce-44bf-9846-8858f4e9356f/datanode-0/data/containers/hdds to VolumeSet
2019-09-25 06:01:56,648 [main] INFO  volume.ThrottledAsyncChecker (ThrottledAsyncChecker.java:schedule(139)) - Scheduling a check for org.apache.hadoop.ozone.container.common.volume.HddsVolume@3cee53dc
2019-09-25 06:01:56,666 [main] INFO  volume.HddsVolumeChecker (HddsVolumeChecker.java:checkAllVolumes(202)) - Scheduled health check for volume org.apache.hadoop.ozone.container.common.volume.HddsVolume@3cee53dc
2019-09-25 06:01:56,779 [main] INFO  impl.RaftServerProxy (ConfUtils.java:logGet(43)) - raft.rpc.type = GRPC (default)
2019-09-25 06:01:56,852 [main] INFO  grpc.GrpcFactory (GrpcFactory.java:checkPooledByteBufAllocatorUseCacheForAllThreads(45)) - PERFORMANCE WARNING: useCacheForAllThreads is true that may cause Netty to create a lot garbage objects and, as a result, trigger GC.
	It is recommended to disable useCacheForAllThreads by setting -Dorg.apache.ratis.thirdparty.io.netty.allocator.useCacheForAllThreads=false in command line.
2019-09-25 06:01:56,859 [main] INFO  grpc.GrpcConfigKeys$Server (ConfUtils.java:logGet(43)) - raft.grpc.server.port = 0 (default)
2019-09-25 06:01:56,861 [main] INFO  server.GrpcService (ConfUtils.java:logGet(43)) - raft.grpc.message.size.max = 33570816 (custom)
2019-09-25 06:01:56,863 [main] INFO  server.RaftServerConfigKeys (ConfUtils.java:logGet(43)) - raft.server.log.appender.buffer.byte-limit = 33554432 (custom)
2019-09-25 06:01:56,864 [main] INFO  server.GrpcService (ConfUtils.java:logGet(43)) - raft.grpc.flow.control.window = 1MB (=1048576) (default)
2019-09-25 06:01:56,865 [main] INFO  server.RaftServerConfigKeys (ConfUtils.java:logGet(43)) - raft.server.rpc.request.timeout = 3000ms (default)
2019-09-25 06:01:57,045 [main] INFO  server.RaftServerConfigKeys (ConfUtils.java:logGet(43)) - raft.server.storage.dir = [/workdir/hadoop-ozone/integration-test/target/test-dir/MiniOzoneClusterImpl-c1088f23-01ce-44bf-9846-8858f4e9356f/datanode-0/data/ratis] (custom)
2019-09-25 06:01:57,104 [main] INFO  hdfs.DFSUtil (DFSUtil.java:httpServerTemplateForNNAndJN(1641)) - Starting Web-server for hddsDatanode at: http://0.0.0.0:0
2019-09-25 06:01:57,107 [main] INFO  server.AuthenticationFilter (AuthenticationFilter.java:constructSecretProvider(240)) - Unable to initialize FileSignerSecretProvider, falling back to use random secrets.
2019-09-25 06:01:57,108 [main] WARN  http.HttpRequestLog (HttpRequestLog.java:getRequestLog(97)) - Jetty request log can only be enabled using Log4j
2019-09-25 06:01:57,111 [main] INFO  http.HttpServer2 (HttpServer2.java:addGlobalFilter(975)) - Added global filter 'safety' (class=org.apache.hadoop.http.HttpServer2$QuotingInputFilter)
2019-09-25 06:01:57,111 [main] INFO  http.HttpServer2 (HttpServer2.java:addFilter(948)) - Added filter static_user_filter (class=org.apache.hadoop.http.lib.StaticUserWebFilter$StaticUserFilter) to context hddsDatanode
2019-09-25 06:01:57,112 [main] INFO  http.HttpServer2 (HttpServer2.java:addFilter(958)) - Added filter static_user_filter (class=org.apache.hadoop.http.lib.StaticUserWebFilter$StaticUserFilter) to context static
2019-09-25 06:01:57,112 [main] INFO  http.HttpServer2 (HttpServer2.java:addFilter(958)) - Added filter static_user_filter (class=org.apache.hadoop.http.lib.StaticUserWebFilter$StaticUserFilter) to context logs
2019-09-25 06:01:57,114 [main] INFO  http.HttpServer2 (HttpServer2.java:bindListener(1191)) - Jetty bound to port 37377
2019-09-25 06:01:57,114 [main] INFO  server.Server (Server.java:doStart(351)) - jetty-9.3.25.v20180904, build timestamp: 2018-09-04T21:11:46Z, git hash: 3ce520221d0240229c862b122d2b06c12a625732
2019-09-25 06:01:57,116 [main] INFO  handler.ContextHandler (ContextHandler.java:doStart(781)) - Started o.e.j.s.ServletContextHandler@252dc8c4{/logs,file:///workdir/hadoop-ozone/integration-test/target/log,AVAILABLE}
2019-09-25 06:01:57,117 [main] INFO  handler.ContextHandler (ContextHandler.java:doStart(781)) - Started o.e.j.s.ServletContextHandler@2643d762{/static,jar:file:/home/user/.m2/repository/org/apache/hadoop/hadoop-hdds-container-service/0.5.0-SNAPSHOT/hadoop-hdds-container-service-0.5.0-SNAPSHOT.jar!/webapps/static,AVAILABLE}
2019-09-25 06:01:57,153 [main] INFO  handler.ContextHandler (ContextHandler.java:doStart(781)) - Started o.e.j.w.WebAppContext@2f5ac102{/,file:///tmp/jetty-0.0.0.0-37377-hddsDatanode-_-any-948634475035970348.dir/webapp/,AVAILABLE}{/hddsDatanode}
2019-09-25 06:01:57,155 [main] INFO  server.AbstractConnector (AbstractConnector.java:doStart(278)) - Started ServerConnector@5df778c3{HTTP/1.1,[http/1.1]}{0.0.0.0:37377}
2019-09-25 06:01:57,156 [main] INFO  server.Server (Server.java:doStart(419)) - Started @9229ms
2019-09-25 06:01:57,156 [main] WARN  impl.MetricsSystemImpl (MetricsSystemImpl.java:register(276)) - Sink prometheus already exists!
2019-09-25 06:01:57,157 [main] INFO  server.BaseHttpServer (BaseHttpServer.java:updateConnectorAddress(215)) - HTTP server of HDDSDATANODE is listening at http://0.0.0.0:37377
2019-09-25 06:01:57,158 [main] INFO  impl.MetricsSystemImpl (MetricsSystemImpl.java:init(158)) - HddsDatanode metrics system started (again)
2019-09-25 06:01:57,161 [main] INFO  ozone.HddsDatanodeService (HddsDatanodeService.java:start(184)) - HddsDatanodeService host:trunk-nightly-20190925-htsvn-2214856702 ip:192.168.30.39
2019-09-25 06:01:57,163 [org.apache.hadoop.util.JvmPauseMonitor$Monitor@722449] INFO  util.JvmPauseMonitor (JvmPauseMonitor.java:run(188)) - Starting JVM pause monitor
2019-09-25 06:01:57,169 [main] INFO  volume.HddsVolume (HddsVolume.java:<init>(176)) - Creating Volume: /workdir/hadoop-ozone/integration-test/target/test-dir/MiniOzoneClusterImpl-c1088f23-01ce-44bf-9846-8858f4e9356f/datanode-1/data/containers/hdds of  storage type : DISK and capacity : 1482555576320
2019-09-25 06:01:57,171 [main] INFO  volume.VolumeSet (VolumeSet.java:initializeVolumeSet(170)) - Added Volume : /workdir/hadoop-ozone/integration-test/target/test-dir/MiniOzoneClusterImpl-c1088f23-01ce-44bf-9846-8858f4e9356f/datanode-1/data/containers/hdds to VolumeSet
2019-09-25 06:01:57,171 [main] INFO  volume.ThrottledAsyncChecker (ThrottledAsyncChecker.java:schedule(139)) - Scheduling a check for org.apache.hadoop.ozone.container.common.volume.HddsVolume@6dd1c3ed
2019-09-25 06:01:57,173 [main] INFO  volume.HddsVolumeChecker (HddsVolumeChecker.java:checkAllVolumes(202)) - Scheduled health check for volume org.apache.hadoop.ozone.container.common.volume.HddsVolume@6dd1c3ed
2019-09-25 06:01:57,193 [main] INFO  impl.RaftServerProxy (ConfUtils.java:logGet(43)) - raft.rpc.type = GRPC (default)
2019-09-25 06:01:57,194 [main] INFO  grpc.GrpcFactory (GrpcFactory.java:checkPooledByteBufAllocatorUseCacheForAllThreads(45)) - PERFORMANCE WARNING: useCacheForAllThreads is true that may cause Netty to create a lot garbage objects and, as a result, trigger GC.
	It is recommended to disable useCacheForAllThreads by setting -Dorg.apache.ratis.thirdparty.io.netty.allocator.useCacheForAllThreads=false in command line.
2019-09-25 06:01:57,194 [main] INFO  grpc.GrpcConfigKeys$Server (ConfUtils.java:logGet(43)) - raft.grpc.server.port = 0 (default)
2019-09-25 06:01:57,194 [main] INFO  server.GrpcService (ConfUtils.java:logGet(43)) - raft.grpc.message.size.max = 33570816 (custom)
2019-09-25 06:01:57,195 [main] INFO  server.RaftServerConfigKeys (ConfUtils.java:logGet(43)) - raft.server.log.appender.buffer.byte-limit = 33554432 (custom)
2019-09-25 06:01:57,196 [main] INFO  server.GrpcService (ConfUtils.java:logGet(43)) - raft.grpc.flow.control.window = 1MB (=1048576) (default)
2019-09-25 06:01:57,196 [main] INFO  server.RaftServerConfigKeys (ConfUtils.java:logGet(43)) - raft.server.rpc.request.timeout = 3000ms (default)
2019-09-25 06:01:57,197 [main] INFO  server.RaftServerConfigKeys (ConfUtils.java:logGet(43)) - raft.server.storage.dir = [/workdir/hadoop-ozone/integration-test/target/test-dir/MiniOzoneClusterImpl-c1088f23-01ce-44bf-9846-8858f4e9356f/datanode-1/data/ratis] (custom)
2019-09-25 06:01:57,199 [main] INFO  hdfs.DFSUtil (DFSUtil.java:httpServerTemplateForNNAndJN(1641)) - Starting Web-server for hddsDatanode at: http://0.0.0.0:0
2019-09-25 06:01:57,201 [main] INFO  server.AuthenticationFilter (AuthenticationFilter.java:constructSecretProvider(240)) - Unable to initialize FileSignerSecretProvider, falling back to use random secrets.
2019-09-25 06:01:57,202 [main] WARN  http.HttpRequestLog (HttpRequestLog.java:getRequestLog(97)) - Jetty request log can only be enabled using Log4j
2019-09-25 06:01:57,204 [main] INFO  http.HttpServer2 (HttpServer2.java:addGlobalFilter(975)) - Added global filter 'safety' (class=org.apache.hadoop.http.HttpServer2$QuotingInputFilter)
2019-09-25 06:01:57,205 [main] INFO  http.HttpServer2 (HttpServer2.java:addFilter(948)) - Added filter static_user_filter (class=org.apache.hadoop.http.lib.StaticUserWebFilter$StaticUserFilter) to context hddsDatanode
2019-09-25 06:01:57,205 [main] INFO  http.HttpServer2 (HttpServer2.java:addFilter(958)) - Added filter static_user_filter (class=org.apache.hadoop.http.lib.StaticUserWebFilter$StaticUserFilter) to context logs
2019-09-25 06:01:57,206 [main] INFO  http.HttpServer2 (HttpServer2.java:addFilter(958)) - Added filter static_user_filter (class=org.apache.hadoop.http.lib.StaticUserWebFilter$StaticUserFilter) to context static
2019-09-25 06:01:57,207 [main] INFO  http.HttpServer2 (HttpServer2.java:bindListener(1191)) - Jetty bound to port 35346
2019-09-25 06:01:57,207 [main] INFO  server.Server (Server.java:doStart(351)) - jetty-9.3.25.v20180904, build timestamp: 2018-09-04T21:11:46Z, git hash: 3ce520221d0240229c862b122d2b06c12a625732
2019-09-25 06:01:57,214 [main] INFO  handler.ContextHandler (ContextHandler.java:doStart(781)) - Started o.e.j.s.ServletContextHandler@5460b754{/logs,file:///workdir/hadoop-ozone/integration-test/target/log,AVAILABLE}
2019-09-25 06:01:57,215 [main] INFO  handler.ContextHandler (ContextHandler.java:doStart(781)) - Started o.e.j.s.ServletContextHandler@c27a3a2{/static,jar:file:/home/user/.m2/repository/org/apache/hadoop/hadoop-hdds-container-service/0.5.0-SNAPSHOT/hadoop-hdds-container-service-0.5.0-SNAPSHOT.jar!/webapps/static,AVAILABLE}
2019-09-25 06:01:57,254 [main] INFO  handler.ContextHandler (ContextHandler.java:doStart(781)) - Started o.e.j.w.WebAppContext@53e800f9{/,file:///tmp/jetty-0.0.0.0-35346-hddsDatanode-_-any-8778003063986530553.dir/webapp/,AVAILABLE}{/hddsDatanode}
2019-09-25 06:01:57,255 [main] INFO  server.AbstractConnector (AbstractConnector.java:doStart(278)) - Started ServerConnector@337bbfdf{HTTP/1.1,[http/1.1]}{0.0.0.0:35346}
2019-09-25 06:01:57,256 [main] INFO  server.Server (Server.java:doStart(419)) - Started @9329ms
2019-09-25 06:01:57,256 [main] WARN  impl.MetricsSystemImpl (MetricsSystemImpl.java:register(276)) - Sink prometheus already exists!
2019-09-25 06:01:57,257 [main] INFO  server.BaseHttpServer (BaseHttpServer.java:updateConnectorAddress(215)) - HTTP server of HDDSDATANODE is listening at http://0.0.0.0:35346
2019-09-25 06:01:57,257 [main] INFO  impl.MetricsSystemImpl (MetricsSystemImpl.java:init(158)) - HddsDatanode metrics system started (again)
2019-09-25 06:01:57,261 [org.apache.hadoop.util.JvmPauseMonitor$Monitor@4ecaca63] INFO  util.JvmPauseMonitor (JvmPauseMonitor.java:run(188)) - Starting JVM pause monitor
2019-09-25 06:01:57,262 [main] INFO  ozone.HddsDatanodeService (HddsDatanodeService.java:start(184)) - HddsDatanodeService host:trunk-nightly-20190925-htsvn-2214856702 ip:192.168.30.39
2019-09-25 06:01:57,269 [main] INFO  volume.HddsVolume (HddsVolume.java:<init>(176)) - Creating Volume: /workdir/hadoop-ozone/integration-test/target/test-dir/MiniOzoneClusterImpl-c1088f23-01ce-44bf-9846-8858f4e9356f/datanode-2/data/containers/hdds of  storage type : DISK and capacity : 1482555576320
2019-09-25 06:01:57,269 [main] INFO  volume.VolumeSet (VolumeSet.java:initializeVolumeSet(170)) - Added Volume : /workdir/hadoop-ozone/integration-test/target/test-dir/MiniOzoneClusterImpl-c1088f23-01ce-44bf-9846-8858f4e9356f/datanode-2/data/containers/hdds to VolumeSet
2019-09-25 06:01:57,270 [main] INFO  volume.ThrottledAsyncChecker (ThrottledAsyncChecker.java:schedule(139)) - Scheduling a check for org.apache.hadoop.ozone.container.common.volume.HddsVolume@50850539
2019-09-25 06:01:57,270 [main] INFO  volume.HddsVolumeChecker (HddsVolumeChecker.java:checkAllVolumes(202)) - Scheduled health check for volume org.apache.hadoop.ozone.container.common.volume.HddsVolume@50850539
2019-09-25 06:01:57,285 [main] INFO  impl.RaftServerProxy (ConfUtils.java:logGet(43)) - raft.rpc.type = GRPC (default)
2019-09-25 06:01:57,286 [main] INFO  grpc.GrpcFactory (GrpcFactory.java:checkPooledByteBufAllocatorUseCacheForAllThreads(45)) - PERFORMANCE WARNING: useCacheForAllThreads is true that may cause Netty to create a lot garbage objects and, as a result, trigger GC.
	It is recommended to disable useCacheForAllThreads by setting -Dorg.apache.ratis.thirdparty.io.netty.allocator.useCacheForAllThreads=false in command line.
2019-09-25 06:01:57,286 [main] INFO  grpc.GrpcConfigKeys$Server (ConfUtils.java:logGet(43)) - raft.grpc.server.port = 0 (default)
2019-09-25 06:01:57,286 [main] INFO  server.GrpcService (ConfUtils.java:logGet(43)) - raft.grpc.message.size.max = 33570816 (custom)
2019-09-25 06:01:57,287 [main] INFO  server.RaftServerConfigKeys (ConfUtils.java:logGet(43)) - raft.server.log.appender.buffer.byte-limit = 33554432 (custom)
2019-09-25 06:01:57,287 [main] INFO  server.GrpcService (ConfUtils.java:logGet(43)) - raft.grpc.flow.control.window = 1MB (=1048576) (default)
2019-09-25 06:01:57,287 [main] INFO  server.RaftServerConfigKeys (ConfUtils.java:logGet(43)) - raft.server.rpc.request.timeout = 3000ms (default)
2019-09-25 06:01:57,288 [main] INFO  server.RaftServerConfigKeys (ConfUtils.java:logGet(43)) - raft.server.storage.dir = [/workdir/hadoop-ozone/integration-test/target/test-dir/MiniOzoneClusterImpl-c1088f23-01ce-44bf-9846-8858f4e9356f/datanode-2/data/ratis] (custom)
2019-09-25 06:01:57,290 [main] INFO  hdfs.DFSUtil (DFSUtil.java:httpServerTemplateForNNAndJN(1641)) - Starting Web-server for hddsDatanode at: http://0.0.0.0:0
2019-09-25 06:01:57,292 [main] INFO  server.AuthenticationFilter (AuthenticationFilter.java:constructSecretProvider(240)) - Unable to initialize FileSignerSecretProvider, falling back to use random secrets.
2019-09-25 06:01:57,293 [main] WARN  http.HttpRequestLog (HttpRequestLog.java:getRequestLog(97)) - Jetty request log can only be enabled using Log4j
2019-09-25 06:01:57,296 [main] INFO  http.HttpServer2 (HttpServer2.java:addGlobalFilter(975)) - Added global filter 'safety' (class=org.apache.hadoop.http.HttpServer2$QuotingInputFilter)
2019-09-25 06:01:57,296 [main] INFO  http.HttpServer2 (HttpServer2.java:addFilter(948)) - Added filter static_user_filter (class=org.apache.hadoop.http.lib.StaticUserWebFilter$StaticUserFilter) to context hddsDatanode
2019-09-25 06:01:57,297 [main] INFO  http.HttpServer2 (HttpServer2.java:addFilter(958)) - Added filter static_user_filter (class=org.apache.hadoop.http.lib.StaticUserWebFilter$StaticUserFilter) to context logs
2019-09-25 06:01:57,297 [main] INFO  http.HttpServer2 (HttpServer2.java:addFilter(958)) - Added filter static_user_filter (class=org.apache.hadoop.http.lib.StaticUserWebFilter$StaticUserFilter) to context static
2019-09-25 06:01:57,298 [main] INFO  http.HttpServer2 (HttpServer2.java:bindListener(1191)) - Jetty bound to port 35698
2019-09-25 06:01:57,298 [main] INFO  server.Server (Server.java:doStart(351)) - jetty-9.3.25.v20180904, build timestamp: 2018-09-04T21:11:46Z, git hash: 3ce520221d0240229c862b122d2b06c12a625732
2019-09-25 06:01:57,301 [main] INFO  handler.ContextHandler (ContextHandler.java:doStart(781)) - Started o.e.j.s.ServletContextHandler@726aa968{/logs,file:///workdir/hadoop-ozone/integration-test/target/log,AVAILABLE}
2019-09-25 06:01:57,302 [main] INFO  handler.ContextHandler (ContextHandler.java:doStart(781)) - Started o.e.j.s.ServletContextHandler@712cfb63{/static,jar:file:/home/user/.m2/repository/org/apache/hadoop/hadoop-hdds-container-service/0.5.0-SNAPSHOT/hadoop-hdds-container-service-0.5.0-SNAPSHOT.jar!/webapps/static,AVAILABLE}
2019-09-25 06:01:57,309 [Datanode State Machine Thread - 0] INFO  datanode.InitDatanodeState (InitDatanodeState.java:persistContainerDatanodeDetails(140)) - DatanodeDetails is persisted to /workdir/hadoop-ozone/integration-test/target/test-dir/MiniOzoneClusterImpl-c1088f23-01ce-44bf-9846-8858f4e9356f/datanode-0/meta/datanode.id
2019-09-25 06:01:57,314 [Datanode State Machine Thread - 0] INFO  datanode.InitDatanodeState (InitDatanodeState.java:persistContainerDatanodeDetails(140)) - DatanodeDetails is persisted to /workdir/hadoop-ozone/integration-test/target/test-dir/MiniOzoneClusterImpl-c1088f23-01ce-44bf-9846-8858f4e9356f/datanode-1/meta/datanode.id
2019-09-25 06:01:57,343 [main] INFO  handler.ContextHandler (ContextHandler.java:doStart(781)) - Started o.e.j.w.WebAppContext@7ecec90d{/,file:///tmp/jetty-0.0.0.0-35698-hddsDatanode-_-any-1843797177354974536.dir/webapp/,AVAILABLE}{/hddsDatanode}
2019-09-25 06:01:57,345 [main] INFO  server.AbstractConnector (AbstractConnector.java:doStart(278)) - Started ServerConnector@588f63c{HTTP/1.1,[http/1.1]}{0.0.0.0:35698}
2019-09-25 06:01:57,345 [main] INFO  server.Server (Server.java:doStart(419)) - Started @9418ms
2019-09-25 06:01:57,345 [main] WARN  impl.MetricsSystemImpl (MetricsSystemImpl.java:register(276)) - Sink prometheus already exists!
2019-09-25 06:01:57,346 [main] INFO  server.BaseHttpServer (BaseHttpServer.java:updateConnectorAddress(215)) - HTTP server of HDDSDATANODE is listening at http://0.0.0.0:35698
2019-09-25 06:01:57,347 [main] INFO  impl.MetricsSystemImpl (MetricsSystemImpl.java:init(158)) - HddsDatanode metrics system started (again)
2019-09-25 06:01:57,350 [org.apache.hadoop.util.JvmPauseMonitor$Monitor@2075b400] INFO  util.JvmPauseMonitor (JvmPauseMonitor.java:run(188)) - Starting JVM pause monitor
2019-09-25 06:01:57,351 [main] INFO  ozone.HddsDatanodeService (HddsDatanodeService.java:start(184)) - HddsDatanodeService host:trunk-nightly-20190925-htsvn-2214856702 ip:192.168.30.39
2019-09-25 06:01:57,352 [Datanode State Machine Thread - 0] INFO  datanode.InitDatanodeState (InitDatanodeState.java:persistContainerDatanodeDetails(140)) - DatanodeDetails is persisted to /workdir/hadoop-ozone/integration-test/target/test-dir/MiniOzoneClusterImpl-c1088f23-01ce-44bf-9846-8858f4e9356f/datanode-2/meta/datanode.id
2019-09-25 06:01:57,361 [main] INFO  volume.HddsVolume (HddsVolume.java:<init>(176)) - Creating Volume: /workdir/hadoop-ozone/integration-test/target/test-dir/MiniOzoneClusterImpl-c1088f23-01ce-44bf-9846-8858f4e9356f/datanode-3/data/containers/hdds of  storage type : DISK and capacity : 1482555576320
2019-09-25 06:01:57,361 [main] INFO  volume.VolumeSet (VolumeSet.java:initializeVolumeSet(170)) - Added Volume : /workdir/hadoop-ozone/integration-test/target/test-dir/MiniOzoneClusterImpl-c1088f23-01ce-44bf-9846-8858f4e9356f/datanode-3/data/containers/hdds to VolumeSet
2019-09-25 06:01:57,362 [main] INFO  volume.ThrottledAsyncChecker (ThrottledAsyncChecker.java:schedule(139)) - Scheduling a check for org.apache.hadoop.ozone.container.common.volume.HddsVolume@37df14d1
2019-09-25 06:01:57,363 [main] INFO  volume.HddsVolumeChecker (HddsVolumeChecker.java:checkAllVolumes(202)) - Scheduled health check for volume org.apache.hadoop.ozone.container.common.volume.HddsVolume@37df14d1
2019-09-25 06:01:57,385 [main] INFO  impl.RaftServerProxy (ConfUtils.java:logGet(43)) - raft.rpc.type = GRPC (default)
2019-09-25 06:01:57,385 [main] INFO  grpc.GrpcFactory (GrpcFactory.java:checkPooledByteBufAllocatorUseCacheForAllThreads(45)) - PERFORMANCE WARNING: useCacheForAllThreads is true that may cause Netty to create a lot garbage objects and, as a result, trigger GC.
	It is recommended to disable useCacheForAllThreads by setting -Dorg.apache.ratis.thirdparty.io.netty.allocator.useCacheForAllThreads=false in command line.
2019-09-25 06:01:57,385 [main] INFO  grpc.GrpcConfigKeys$Server (ConfUtils.java:logGet(43)) - raft.grpc.server.port = 0 (default)
2019-09-25 06:01:57,386 [main] INFO  server.GrpcService (ConfUtils.java:logGet(43)) - raft.grpc.message.size.max = 33570816 (custom)
2019-09-25 06:01:57,386 [main] INFO  server.RaftServerConfigKeys (ConfUtils.java:logGet(43)) - raft.server.log.appender.buffer.byte-limit = 33554432 (custom)
2019-09-25 06:01:57,387 [main] INFO  server.GrpcService (ConfUtils.java:logGet(43)) - raft.grpc.flow.control.window = 1MB (=1048576) (default)
2019-09-25 06:01:57,387 [main] INFO  server.RaftServerConfigKeys (ConfUtils.java:logGet(43)) - raft.server.rpc.request.timeout = 3000ms (default)
2019-09-25 06:01:57,388 [main] INFO  server.RaftServerConfigKeys (ConfUtils.java:logGet(43)) - raft.server.storage.dir = [/workdir/hadoop-ozone/integration-test/target/test-dir/MiniOzoneClusterImpl-c1088f23-01ce-44bf-9846-8858f4e9356f/datanode-3/data/ratis] (custom)
2019-09-25 06:01:57,390 [main] INFO  hdfs.DFSUtil (DFSUtil.java:httpServerTemplateForNNAndJN(1641)) - Starting Web-server for hddsDatanode at: http://0.0.0.0:0
2019-09-25 06:01:57,392 [main] INFO  server.AuthenticationFilter (AuthenticationFilter.java:constructSecretProvider(240)) - Unable to initialize FileSignerSecretProvider, falling back to use random secrets.
2019-09-25 06:01:57,392 [main] WARN  http.HttpRequestLog (HttpRequestLog.java:getRequestLog(97)) - Jetty request log can only be enabled using Log4j
2019-09-25 06:01:57,396 [main] INFO  http.HttpServer2 (HttpServer2.java:addGlobalFilter(975)) - Added global filter 'safety' (class=org.apache.hadoop.http.HttpServer2$QuotingInputFilter)
2019-09-25 06:01:57,397 [main] INFO  http.HttpServer2 (HttpServer2.java:addFilter(948)) - Added filter static_user_filter (class=org.apache.hadoop.http.lib.StaticUserWebFilter$StaticUserFilter) to context hddsDatanode
2019-09-25 06:01:57,398 [main] INFO  http.HttpServer2 (HttpServer2.java:addFilter(958)) - Added filter static_user_filter (class=org.apache.hadoop.http.lib.StaticUserWebFilter$StaticUserFilter) to context logs
2019-09-25 06:01:57,398 [main] INFO  http.HttpServer2 (HttpServer2.java:addFilter(958)) - Added filter static_user_filter (class=org.apache.hadoop.http.lib.StaticUserWebFilter$StaticUserFilter) to context static
2019-09-25 06:01:57,399 [main] INFO  http.HttpServer2 (HttpServer2.java:bindListener(1191)) - Jetty bound to port 33803
2019-09-25 06:01:57,399 [main] INFO  server.Server (Server.java:doStart(351)) - jetty-9.3.25.v20180904, build timestamp: 2018-09-04T21:11:46Z, git hash: 3ce520221d0240229c862b122d2b06c12a625732
2019-09-25 06:01:57,406 [main] INFO  handler.ContextHandler (ContextHandler.java:doStart(781)) - Started o.e.j.s.ServletContextHandler@1305c126{/logs,file:///workdir/hadoop-ozone/integration-test/target/log,AVAILABLE}
2019-09-25 06:01:57,407 [main] INFO  handler.ContextHandler (ContextHandler.java:doStart(781)) - Started o.e.j.s.ServletContextHandler@4c1bdcc2{/static,jar:file:/home/user/.m2/repository/org/apache/hadoop/hadoop-hdds-container-service/0.5.0-SNAPSHOT/hadoop-hdds-container-service-0.5.0-SNAPSHOT.jar!/webapps/static,AVAILABLE}
2019-09-25 06:01:57,440 [main] INFO  handler.ContextHandler (ContextHandler.java:doStart(781)) - Started o.e.j.w.WebAppContext@56dfab87{/,file:///tmp/jetty-0.0.0.0-33803-hddsDatanode-_-any-9089945075231105565.dir/webapp/,AVAILABLE}{/hddsDatanode}
2019-09-25 06:01:57,442 [main] INFO  server.AbstractConnector (AbstractConnector.java:doStart(278)) - Started ServerConnector@715b886f{HTTP/1.1,[http/1.1]}{0.0.0.0:33803}
2019-09-25 06:01:57,442 [main] INFO  server.Server (Server.java:doStart(419)) - Started @9515ms
2019-09-25 06:01:57,442 [main] WARN  impl.MetricsSystemImpl (MetricsSystemImpl.java:register(276)) - Sink prometheus already exists!
2019-09-25 06:01:57,443 [main] INFO  server.BaseHttpServer (BaseHttpServer.java:updateConnectorAddress(215)) - HTTP server of HDDSDATANODE is listening at http://0.0.0.0:33803
2019-09-25 06:01:57,443 [main] INFO  impl.MetricsSystemImpl (MetricsSystemImpl.java:init(158)) - HddsDatanode metrics system started (again)
2019-09-25 06:01:57,447 [org.apache.hadoop.util.JvmPauseMonitor$Monitor@460256a] INFO  util.JvmPauseMonitor (JvmPauseMonitor.java:run(188)) - Starting JVM pause monitor
2019-09-25 06:01:57,447 [main] INFO  ozone.HddsDatanodeService (HddsDatanodeService.java:start(184)) - HddsDatanodeService host:trunk-nightly-20190925-htsvn-2214856702 ip:192.168.30.39
2019-09-25 06:01:57,449 [Datanode State Machine Thread - 0] INFO  datanode.InitDatanodeState (InitDatanodeState.java:persistContainerDatanodeDetails(140)) - DatanodeDetails is persisted to /workdir/hadoop-ozone/integration-test/target/test-dir/MiniOzoneClusterImpl-c1088f23-01ce-44bf-9846-8858f4e9356f/datanode-3/meta/datanode.id
2019-09-25 06:01:57,456 [main] INFO  volume.HddsVolume (HddsVolume.java:<init>(176)) - Creating Volume: /workdir/hadoop-ozone/integration-test/target/test-dir/MiniOzoneClusterImpl-c1088f23-01ce-44bf-9846-8858f4e9356f/datanode-4/data/containers/hdds of  storage type : DISK and capacity : 1482555576320
2019-09-25 06:01:57,456 [main] INFO  volume.VolumeSet (VolumeSet.java:initializeVolumeSet(170)) - Added Volume : /workdir/hadoop-ozone/integration-test/target/test-dir/MiniOzoneClusterImpl-c1088f23-01ce-44bf-9846-8858f4e9356f/datanode-4/data/containers/hdds to VolumeSet
2019-09-25 06:01:57,456 [main] INFO  volume.ThrottledAsyncChecker (ThrottledAsyncChecker.java:schedule(139)) - Scheduling a check for org.apache.hadoop.ozone.container.common.volume.HddsVolume@39a87e72
2019-09-25 06:01:57,457 [main] INFO  volume.HddsVolumeChecker (HddsVolumeChecker.java:checkAllVolumes(202)) - Scheduled health check for volume org.apache.hadoop.ozone.container.common.volume.HddsVolume@39a87e72
2019-09-25 06:01:57,472 [main] INFO  impl.RaftServerProxy (ConfUtils.java:logGet(43)) - raft.rpc.type = GRPC (default)
2019-09-25 06:01:57,472 [main] INFO  grpc.GrpcFactory (GrpcFactory.java:checkPooledByteBufAllocatorUseCacheForAllThreads(45)) - PERFORMANCE WARNING: useCacheForAllThreads is true that may cause Netty to create a lot garbage objects and, as a result, trigger GC.
	It is recommended to disable useCacheForAllThreads by setting -Dorg.apache.ratis.thirdparty.io.netty.allocator.useCacheForAllThreads=false in command line.
2019-09-25 06:01:57,473 [main] INFO  grpc.GrpcConfigKeys$Server (ConfUtils.java:logGet(43)) - raft.grpc.server.port = 0 (default)
2019-09-25 06:01:57,473 [main] INFO  server.GrpcService (ConfUtils.java:logGet(43)) - raft.grpc.message.size.max = 33570816 (custom)
2019-09-25 06:01:57,473 [main] INFO  server.RaftServerConfigKeys (ConfUtils.java:logGet(43)) - raft.server.log.appender.buffer.byte-limit = 33554432 (custom)
2019-09-25 06:01:57,473 [main] INFO  server.GrpcService (ConfUtils.java:logGet(43)) - raft.grpc.flow.control.window = 1MB (=1048576) (default)
2019-09-25 06:01:57,474 [main] INFO  server.RaftServerConfigKeys (ConfUtils.java:logGet(43)) - raft.server.rpc.request.timeout = 3000ms (default)
2019-09-25 06:01:57,474 [main] INFO  server.RaftServerConfigKeys (ConfUtils.java:logGet(43)) - raft.server.storage.dir = [/workdir/hadoop-ozone/integration-test/target/test-dir/MiniOzoneClusterImpl-c1088f23-01ce-44bf-9846-8858f4e9356f/datanode-4/data/ratis] (custom)
2019-09-25 06:01:57,477 [main] INFO  hdfs.DFSUtil (DFSUtil.java:httpServerTemplateForNNAndJN(1641)) - Starting Web-server for hddsDatanode at: http://0.0.0.0:0
2019-09-25 06:01:57,478 [main] INFO  server.AuthenticationFilter (AuthenticationFilter.java:constructSecretProvider(240)) - Unable to initialize FileSignerSecretProvider, falling back to use random secrets.
2019-09-25 06:01:57,479 [main] WARN  http.HttpRequestLog (HttpRequestLog.java:getRequestLog(97)) - Jetty request log can only be enabled using Log4j
2019-09-25 06:01:57,481 [main] INFO  http.HttpServer2 (HttpServer2.java:addGlobalFilter(975)) - Added global filter 'safety' (class=org.apache.hadoop.http.HttpServer2$QuotingInputFilter)
2019-09-25 06:01:57,482 [main] INFO  http.HttpServer2 (HttpServer2.java:addFilter(948)) - Added filter static_user_filter (class=org.apache.hadoop.http.lib.StaticUserWebFilter$StaticUserFilter) to context hddsDatanode
2019-09-25 06:01:57,482 [main] INFO  http.HttpServer2 (HttpServer2.java:addFilter(958)) - Added filter static_user_filter (class=org.apache.hadoop.http.lib.StaticUserWebFilter$StaticUserFilter) to context logs
2019-09-25 06:01:57,483 [main] INFO  http.HttpServer2 (HttpServer2.java:addFilter(958)) - Added filter static_user_filter (class=org.apache.hadoop.http.lib.StaticUserWebFilter$StaticUserFilter) to context static
2019-09-25 06:01:57,483 [main] INFO  http.HttpServer2 (HttpServer2.java:bindListener(1191)) - Jetty bound to port 43902
2019-09-25 06:01:57,484 [main] INFO  server.Server (Server.java:doStart(351)) - jetty-9.3.25.v20180904, build timestamp: 2018-09-04T21:11:46Z, git hash: 3ce520221d0240229c862b122d2b06c12a625732
2019-09-25 06:01:57,486 [main] INFO  handler.ContextHandler (ContextHandler.java:doStart(781)) - Started o.e.j.s.ServletContextHandler@1457fde{/logs,file:///workdir/hadoop-ozone/integration-test/target/log,AVAILABLE}
2019-09-25 06:01:57,487 [main] INFO  handler.ContextHandler (ContextHandler.java:doStart(781)) - Started o.e.j.s.ServletContextHandler@17fa1336{/static,jar:file:/home/user/.m2/repository/org/apache/hadoop/hadoop-hdds-container-service/0.5.0-SNAPSHOT/hadoop-hdds-container-service-0.5.0-SNAPSHOT.jar!/webapps/static,AVAILABLE}
2019-09-25 06:01:57,516 [main] INFO  handler.ContextHandler (ContextHandler.java:doStart(781)) - Started o.e.j.w.WebAppContext@934b52f{/,file:///tmp/jetty-0.0.0.0-43902-hddsDatanode-_-any-2629605232538685960.dir/webapp/,AVAILABLE}{/hddsDatanode}
2019-09-25 06:01:57,518 [main] INFO  server.AbstractConnector (AbstractConnector.java:doStart(278)) - Started ServerConnector@2630dbc4{HTTP/1.1,[http/1.1]}{0.0.0.0:43902}
2019-09-25 06:01:57,518 [main] INFO  server.Server (Server.java:doStart(419)) - Started @9592ms
2019-09-25 06:01:57,518 [main] WARN  impl.MetricsSystemImpl (MetricsSystemImpl.java:register(276)) - Sink prometheus already exists!
2019-09-25 06:01:57,519 [main] INFO  server.BaseHttpServer (BaseHttpServer.java:updateConnectorAddress(215)) - HTTP server of HDDSDATANODE is listening at http://0.0.0.0:43902
2019-09-25 06:01:57,519 [main] INFO  impl.MetricsSystemImpl (MetricsSystemImpl.java:init(158)) - HddsDatanode metrics system started (again)
2019-09-25 06:01:57,524 [main] INFO  ozone.HddsDatanodeService (HddsDatanodeService.java:start(184)) - HddsDatanodeService host:trunk-nightly-20190925-htsvn-2214856702 ip:192.168.30.39
2019-09-25 06:01:57,524 [org.apache.hadoop.util.JvmPauseMonitor$Monitor@68a75471] INFO  util.JvmPauseMonitor (JvmPauseMonitor.java:run(188)) - Starting JVM pause monitor
2019-09-25 06:01:57,527 [Datanode State Machine Thread - 0] INFO  datanode.InitDatanodeState (InitDatanodeState.java:persistContainerDatanodeDetails(140)) - DatanodeDetails is persisted to /workdir/hadoop-ozone/integration-test/target/test-dir/MiniOzoneClusterImpl-c1088f23-01ce-44bf-9846-8858f4e9356f/datanode-4/meta/datanode.id
2019-09-25 06:01:57,532 [main] INFO  volume.HddsVolume (HddsVolume.java:<init>(176)) - Creating Volume: /workdir/hadoop-ozone/integration-test/target/test-dir/MiniOzoneClusterImpl-c1088f23-01ce-44bf-9846-8858f4e9356f/datanode-5/data/containers/hdds of  storage type : DISK and capacity : 1482555576320
2019-09-25 06:01:57,532 [main] INFO  volume.VolumeSet (VolumeSet.java:initializeVolumeSet(170)) - Added Volume : /workdir/hadoop-ozone/integration-test/target/test-dir/MiniOzoneClusterImpl-c1088f23-01ce-44bf-9846-8858f4e9356f/datanode-5/data/containers/hdds to VolumeSet
2019-09-25 06:01:57,533 [main] INFO  volume.ThrottledAsyncChecker (ThrottledAsyncChecker.java:schedule(139)) - Scheduling a check for org.apache.hadoop.ozone.container.common.volume.HddsVolume@2f5b8250
2019-09-25 06:01:57,533 [main] INFO  volume.HddsVolumeChecker (HddsVolumeChecker.java:checkAllVolumes(202)) - Scheduled health check for volume org.apache.hadoop.ozone.container.common.volume.HddsVolume@2f5b8250
2019-09-25 06:01:57,558 [main] INFO  impl.RaftServerProxy (ConfUtils.java:logGet(43)) - raft.rpc.type = GRPC (default)
2019-09-25 06:01:57,559 [main] INFO  grpc.GrpcFactory (GrpcFactory.java:checkPooledByteBufAllocatorUseCacheForAllThreads(45)) - PERFORMANCE WARNING: useCacheForAllThreads is true that may cause Netty to create a lot garbage objects and, as a result, trigger GC.
	It is recommended to disable useCacheForAllThreads by setting -Dorg.apache.ratis.thirdparty.io.netty.allocator.useCacheForAllThreads=false in command line.
2019-09-25 06:01:57,559 [main] INFO  grpc.GrpcConfigKeys$Server (ConfUtils.java:logGet(43)) - raft.grpc.server.port = 0 (default)
2019-09-25 06:01:57,559 [main] INFO  server.GrpcService (ConfUtils.java:logGet(43)) - raft.grpc.message.size.max = 33570816 (custom)
2019-09-25 06:01:57,560 [main] INFO  server.RaftServerConfigKeys (ConfUtils.java:logGet(43)) - raft.server.log.appender.buffer.byte-limit = 33554432 (custom)
2019-09-25 06:01:57,560 [main] INFO  server.GrpcService (ConfUtils.java:logGet(43)) - raft.grpc.flow.control.window = 1MB (=1048576) (default)
2019-09-25 06:01:57,560 [main] INFO  server.RaftServerConfigKeys (ConfUtils.java:logGet(43)) - raft.server.rpc.request.timeout = 3000ms (default)
2019-09-25 06:01:57,561 [main] INFO  server.RaftServerConfigKeys (ConfUtils.java:logGet(43)) - raft.server.storage.dir = [/workdir/hadoop-ozone/integration-test/target/test-dir/MiniOzoneClusterImpl-c1088f23-01ce-44bf-9846-8858f4e9356f/datanode-5/data/ratis] (custom)
2019-09-25 06:01:57,563 [main] INFO  hdfs.DFSUtil (DFSUtil.java:httpServerTemplateForNNAndJN(1641)) - Starting Web-server for hddsDatanode at: http://0.0.0.0:0
2019-09-25 06:01:57,565 [main] INFO  server.AuthenticationFilter (AuthenticationFilter.java:constructSecretProvider(240)) - Unable to initialize FileSignerSecretProvider, falling back to use random secrets.
2019-09-25 06:01:57,565 [main] WARN  http.HttpRequestLog (HttpRequestLog.java:getRequestLog(97)) - Jetty request log can only be enabled using Log4j
2019-09-25 06:01:57,567 [main] INFO  http.HttpServer2 (HttpServer2.java:addGlobalFilter(975)) - Added global filter 'safety' (class=org.apache.hadoop.http.HttpServer2$QuotingInputFilter)
2019-09-25 06:01:57,568 [main] INFO  http.HttpServer2 (HttpServer2.java:addFilter(948)) - Added filter static_user_filter (class=org.apache.hadoop.http.lib.StaticUserWebFilter$StaticUserFilter) to context hddsDatanode
2019-09-25 06:01:57,568 [main] INFO  http.HttpServer2 (HttpServer2.java:addFilter(958)) - Added filter static_user_filter (class=org.apache.hadoop.http.lib.StaticUserWebFilter$StaticUserFilter) to context logs
2019-09-25 06:01:57,569 [main] INFO  http.HttpServer2 (HttpServer2.java:addFilter(958)) - Added filter static_user_filter (class=org.apache.hadoop.http.lib.StaticUserWebFilter$StaticUserFilter) to context static
2019-09-25 06:01:57,569 [main] INFO  http.HttpServer2 (HttpServer2.java:bindListener(1191)) - Jetty bound to port 35201
2019-09-25 06:01:57,570 [main] INFO  server.Server (Server.java:doStart(351)) - jetty-9.3.25.v20180904, build timestamp: 2018-09-04T21:11:46Z, git hash: 3ce520221d0240229c862b122d2b06c12a625732
2019-09-25 06:01:57,572 [main] INFO  handler.ContextHandler (ContextHandler.java:doStart(781)) - Started o.e.j.s.ServletContextHandler@31ddb930{/logs,file:///workdir/hadoop-ozone/integration-test/target/log,AVAILABLE}
2019-09-25 06:01:57,573 [main] INFO  handler.ContextHandler (ContextHandler.java:doStart(781)) - Started o.e.j.s.ServletContextHandler@3c3c4a71{/static,jar:file:/home/user/.m2/repository/org/apache/hadoop/hadoop-hdds-container-service/0.5.0-SNAPSHOT/hadoop-hdds-container-service-0.5.0-SNAPSHOT.jar!/webapps/static,AVAILABLE}
2019-09-25 06:01:57,608 [main] INFO  handler.ContextHandler (ContextHandler.java:doStart(781)) - Started o.e.j.w.WebAppContext@10f7918f{/,file:///tmp/jetty-0.0.0.0-35201-hddsDatanode-_-any-5151022860054983820.dir/webapp/,AVAILABLE}{/hddsDatanode}
2019-09-25 06:01:57,608 [main] INFO  server.AbstractConnector (AbstractConnector.java:doStart(278)) - Started ServerConnector@64d4f7c7{HTTP/1.1,[http/1.1]}{0.0.0.0:35201}
2019-09-25 06:01:57,610 [main] INFO  server.Server (Server.java:doStart(419)) - Started @9683ms
2019-09-25 06:01:57,610 [main] WARN  impl.MetricsSystemImpl (MetricsSystemImpl.java:register(276)) - Sink prometheus already exists!
2019-09-25 06:01:57,610 [main] INFO  server.BaseHttpServer (BaseHttpServer.java:updateConnectorAddress(215)) - HTTP server of HDDSDATANODE is listening at http://0.0.0.0:35201
2019-09-25 06:01:57,611 [main] INFO  impl.MetricsSystemImpl (MetricsSystemImpl.java:init(158)) - HddsDatanode metrics system started (again)
2019-09-25 06:01:57,615 [org.apache.hadoop.util.JvmPauseMonitor$Monitor@2c7c782a] INFO  util.JvmPauseMonitor (JvmPauseMonitor.java:run(188)) - Starting JVM pause monitor
2019-09-25 06:01:57,616 [main] INFO  ozone.HddsDatanodeService (HddsDatanodeService.java:start(184)) - HddsDatanodeService host:trunk-nightly-20190925-htsvn-2214856702 ip:192.168.30.39
2019-09-25 06:01:57,618 [Datanode State Machine Thread - 0] INFO  datanode.InitDatanodeState (InitDatanodeState.java:persistContainerDatanodeDetails(140)) - DatanodeDetails is persisted to /workdir/hadoop-ozone/integration-test/target/test-dir/MiniOzoneClusterImpl-c1088f23-01ce-44bf-9846-8858f4e9356f/datanode-5/meta/datanode.id
2019-09-25 06:01:57,625 [main] INFO  volume.HddsVolume (HddsVolume.java:<init>(176)) - Creating Volume: /workdir/hadoop-ozone/integration-test/target/test-dir/MiniOzoneClusterImpl-c1088f23-01ce-44bf-9846-8858f4e9356f/datanode-6/data/containers/hdds of  storage type : DISK and capacity : 1482555576320
2019-09-25 06:01:57,626 [main] INFO  volume.VolumeSet (VolumeSet.java:initializeVolumeSet(170)) - Added Volume : /workdir/hadoop-ozone/integration-test/target/test-dir/MiniOzoneClusterImpl-c1088f23-01ce-44bf-9846-8858f4e9356f/datanode-6/data/containers/hdds to VolumeSet
2019-09-25 06:01:57,626 [main] INFO  volume.ThrottledAsyncChecker (ThrottledAsyncChecker.java:schedule(139)) - Scheduling a check for org.apache.hadoop.ozone.container.common.volume.HddsVolume@63884e4
2019-09-25 06:01:57,627 [main] INFO  volume.HddsVolumeChecker (HddsVolumeChecker.java:checkAllVolumes(202)) - Scheduled health check for volume org.apache.hadoop.ozone.container.common.volume.HddsVolume@63884e4
2019-09-25 06:01:57,642 [main] INFO  impl.RaftServerProxy (ConfUtils.java:logGet(43)) - raft.rpc.type = GRPC (default)
2019-09-25 06:01:57,642 [main] INFO  grpc.GrpcFactory (GrpcFactory.java:checkPooledByteBufAllocatorUseCacheForAllThreads(45)) - PERFORMANCE WARNING: useCacheForAllThreads is true that may cause Netty to create a lot garbage objects and, as a result, trigger GC.
	It is recommended to disable useCacheForAllThreads by setting -Dorg.apache.ratis.thirdparty.io.netty.allocator.useCacheForAllThreads=false in command line.
2019-09-25 06:01:57,643 [main] INFO  grpc.GrpcConfigKeys$Server (ConfUtils.java:logGet(43)) - raft.grpc.server.port = 0 (default)
2019-09-25 06:01:57,643 [main] INFO  server.GrpcService (ConfUtils.java:logGet(43)) - raft.grpc.message.size.max = 33570816 (custom)
2019-09-25 06:01:57,643 [main] INFO  server.RaftServerConfigKeys (ConfUtils.java:logGet(43)) - raft.server.log.appender.buffer.byte-limit = 33554432 (custom)
2019-09-25 06:01:57,643 [main] INFO  server.GrpcService (ConfUtils.java:logGet(43)) - raft.grpc.flow.control.window = 1MB (=1048576) (default)
2019-09-25 06:01:57,644 [main] INFO  server.RaftServerConfigKeys (ConfUtils.java:logGet(43)) - raft.server.rpc.request.timeout = 3000ms (default)
2019-09-25 06:01:57,644 [main] INFO  server.RaftServerConfigKeys (ConfUtils.java:logGet(43)) - raft.server.storage.dir = [/workdir/hadoop-ozone/integration-test/target/test-dir/MiniOzoneClusterImpl-c1088f23-01ce-44bf-9846-8858f4e9356f/datanode-6/data/ratis] (custom)
2019-09-25 06:01:57,646 [main] INFO  hdfs.DFSUtil (DFSUtil.java:httpServerTemplateForNNAndJN(1641)) - Starting Web-server for hddsDatanode at: http://0.0.0.0:0
2019-09-25 06:01:57,647 [main] INFO  server.AuthenticationFilter (AuthenticationFilter.java:constructSecretProvider(240)) - Unable to initialize FileSignerSecretProvider, falling back to use random secrets.
2019-09-25 06:01:57,648 [main] WARN  http.HttpRequestLog (HttpRequestLog.java:getRequestLog(97)) - Jetty request log can only be enabled using Log4j
2019-09-25 06:01:57,649 [main] INFO  http.HttpServer2 (HttpServer2.java:addGlobalFilter(975)) - Added global filter 'safety' (class=org.apache.hadoop.http.HttpServer2$QuotingInputFilter)
2019-09-25 06:01:57,650 [main] INFO  http.HttpServer2 (HttpServer2.java:addFilter(948)) - Added filter static_user_filter (class=org.apache.hadoop.http.lib.StaticUserWebFilter$StaticUserFilter) to context hddsDatanode
2019-09-25 06:01:57,650 [main] INFO  http.HttpServer2 (HttpServer2.java:addFilter(958)) - Added filter static_user_filter (class=org.apache.hadoop.http.lib.StaticUserWebFilter$StaticUserFilter) to context static
2019-09-25 06:01:57,650 [main] INFO  http.HttpServer2 (HttpServer2.java:addFilter(958)) - Added filter static_user_filter (class=org.apache.hadoop.http.lib.StaticUserWebFilter$StaticUserFilter) to context logs
2019-09-25 06:01:57,651 [main] INFO  http.HttpServer2 (HttpServer2.java:bindListener(1191)) - Jetty bound to port 42149
2019-09-25 06:01:57,651 [main] INFO  server.Server (Server.java:doStart(351)) - jetty-9.3.25.v20180904, build timestamp: 2018-09-04T21:11:46Z, git hash: 3ce520221d0240229c862b122d2b06c12a625732
2019-09-25 06:01:57,653 [main] INFO  handler.ContextHandler (ContextHandler.java:doStart(781)) - Started o.e.j.s.ServletContextHandler@79a04e5f{/logs,file:///workdir/hadoop-ozone/integration-test/target/log,AVAILABLE}
2019-09-25 06:01:57,654 [main] INFO  handler.ContextHandler (ContextHandler.java:doStart(781)) - Started o.e.j.s.ServletContextHandler@53311681{/static,jar:file:/home/user/.m2/repository/org/apache/hadoop/hadoop-hdds-container-service/0.5.0-SNAPSHOT/hadoop-hdds-container-service-0.5.0-SNAPSHOT.jar!/webapps/static,AVAILABLE}
2019-09-25 06:01:57,687 [main] INFO  handler.ContextHandler (ContextHandler.java:doStart(781)) - Started o.e.j.w.WebAppContext@59696551{/,file:///tmp/jetty-0.0.0.0-42149-hddsDatanode-_-any-2381001573765996043.dir/webapp/,AVAILABLE}{/hddsDatanode}
2019-09-25 06:01:57,691 [main] INFO  server.AbstractConnector (AbstractConnector.java:doStart(278)) - Started ServerConnector@648d0e6d{HTTP/1.1,[http/1.1]}{0.0.0.0:42149}
2019-09-25 06:01:57,691 [main] INFO  server.Server (Server.java:doStart(419)) - Started @9765ms
2019-09-25 06:01:57,691 [main] WARN  impl.MetricsSystemImpl (MetricsSystemImpl.java:register(276)) - Sink prometheus already exists!
2019-09-25 06:01:57,693 [main] INFO  server.BaseHttpServer (BaseHttpServer.java:updateConnectorAddress(215)) - HTTP server of HDDSDATANODE is listening at http://0.0.0.0:42149
2019-09-25 06:01:57,697 [org.apache.hadoop.util.JvmPauseMonitor$Monitor@5e8130b] INFO  util.JvmPauseMonitor (JvmPauseMonitor.java:run(188)) - Starting JVM pause monitor
2019-09-25 06:01:57,698 [main] INFO  ozone.MiniOzoneClusterImpl (MiniOzoneClusterImpl.java:lambda$waitForClusterToBeReady$0(147)) - Waiting for cluster to be ready. Got 0 of 7 DN Heartbeats.
2019-09-25 06:01:57,702 [Datanode State Machine Thread - 0] INFO  datanode.InitDatanodeState (InitDatanodeState.java:persistContainerDatanodeDetails(140)) - DatanodeDetails is persisted to /workdir/hadoop-ozone/integration-test/target/test-dir/MiniOzoneClusterImpl-c1088f23-01ce-44bf-9846-8858f4e9356f/datanode-6/meta/datanode.id
2019-09-25 06:01:58,699 [main] INFO  ozone.MiniOzoneClusterImpl (MiniOzoneClusterImpl.java:lambda$waitForClusterToBeReady$0(147)) - Waiting for cluster to be ready. Got 0 of 7 DN Heartbeats.
2019-09-25 06:01:59,246 [Datanode State Machine Thread - 0] INFO  ozoneimpl.OzoneContainer (OzoneContainer.java:start(217)) - Attempting to start container services.
2019-09-25 06:01:59,250 [Datanode State Machine Thread - 0] INFO  ozoneimpl.OzoneContainer (OzoneContainer.java:startContainerScrub(179)) - Background container scanner has been disabled.
2019-09-25 06:01:59,251 [Datanode State Machine Thread - 0] INFO  ratis.XceiverServerRatis (XceiverServerRatis.java:start(411)) - Starting XceiverServerRatis cd37c1c7-ed8f-41a0-b2e2-3b6d8e860895 at port 0
2019-09-25 06:01:59,273 [Datanode State Machine Thread - 0] INFO  impl.RaftServerProxy (RaftServerProxy.java:lambda$start$3(299)) - cd37c1c7-ed8f-41a0-b2e2-3b6d8e860895: start RPC server
2019-09-25 06:01:59,279 [Datanode State Machine Thread - 0] INFO  ozoneimpl.OzoneContainer (OzoneContainer.java:start(217)) - Attempting to start container services.
2019-09-25 06:01:59,287 [Datanode State Machine Thread - 0] INFO  ozoneimpl.OzoneContainer (OzoneContainer.java:startContainerScrub(179)) - Background container scanner has been disabled.
2019-09-25 06:01:59,287 [Datanode State Machine Thread - 0] INFO  ratis.XceiverServerRatis (XceiverServerRatis.java:start(411)) - Starting XceiverServerRatis 87fa81a0-33dc-4710-bb43-7cfa430e4317 at port 0
2019-09-25 06:01:59,295 [Datanode State Machine Thread - 0] INFO  impl.RaftServerProxy (RaftServerProxy.java:lambda$start$3(299)) - 87fa81a0-33dc-4710-bb43-7cfa430e4317: start RPC server
2019-09-25 06:01:59,367 [Datanode State Machine Thread - 0] INFO  ozoneimpl.OzoneContainer (OzoneContainer.java:start(217)) - Attempting to start container services.
2019-09-25 06:01:59,371 [Datanode State Machine Thread - 0] INFO  ozoneimpl.OzoneContainer (OzoneContainer.java:startContainerScrub(179)) - Background container scanner has been disabled.
2019-09-25 06:01:59,372 [Datanode State Machine Thread - 0] INFO  ratis.XceiverServerRatis (XceiverServerRatis.java:start(411)) - Starting XceiverServerRatis cb9a9563-cdfa-4f01-bb16-f6751e8332fc at port 0
2019-09-25 06:01:59,395 [Datanode State Machine Thread - 0] INFO  impl.RaftServerProxy (RaftServerProxy.java:lambda$start$3(299)) - cb9a9563-cdfa-4f01-bb16-f6751e8332fc: start RPC server
2019-09-25 06:01:59,426 [Datanode State Machine Thread - 0] INFO  server.GrpcService (GrpcService.java:startImpl(158)) - cd37c1c7-ed8f-41a0-b2e2-3b6d8e860895: GrpcService started, listening on 0.0.0.0/0.0.0.0:40670
2019-09-25 06:01:59,426 [Datanode State Machine Thread - 0] INFO  server.GrpcService (GrpcService.java:startImpl(158)) - cb9a9563-cdfa-4f01-bb16-f6751e8332fc: GrpcService started, listening on 0.0.0.0/0.0.0.0:40410
2019-09-25 06:01:59,426 [Datanode State Machine Thread - 0] INFO  server.GrpcService (GrpcService.java:startImpl(158)) - 87fa81a0-33dc-4710-bb43-7cfa430e4317: GrpcService started, listening on 0.0.0.0/0.0.0.0:34876
2019-09-25 06:01:59,427 [Datanode State Machine Thread - 0] INFO  ratis.XceiverServerRatis (XceiverServerRatis.java:start(421)) - XceiverServerRatis cb9a9563-cdfa-4f01-bb16-f6751e8332fc is started using port 40410
2019-09-25 06:01:59,427 [Datanode State Machine Thread - 0] INFO  ratis.XceiverServerRatis (XceiverServerRatis.java:start(421)) - XceiverServerRatis cd37c1c7-ed8f-41a0-b2e2-3b6d8e860895 is started using port 40670
2019-09-25 06:01:59,427 [Datanode State Machine Thread - 0] INFO  ratis.XceiverServerRatis (XceiverServerRatis.java:start(421)) - XceiverServerRatis 87fa81a0-33dc-4710-bb43-7cfa430e4317 is started using port 34876
2019-09-25 06:01:59,436 [Datanode State Machine Thread - 0] INFO  server.XceiverServerGrpc (XceiverServerGrpc.java:start(149)) - XceiverServerGrpc 87fa81a0-33dc-4710-bb43-7cfa430e4317 is started using port 42459
2019-09-25 06:01:59,436 [Datanode State Machine Thread - 0] INFO  server.XceiverServerGrpc (XceiverServerGrpc.java:start(149)) - XceiverServerGrpc cb9a9563-cdfa-4f01-bb16-f6751e8332fc is started using port 33397
2019-09-25 06:01:59,437 [Datanode State Machine Thread - 0] INFO  server.XceiverServerGrpc (XceiverServerGrpc.java:start(149)) - XceiverServerGrpc cd37c1c7-ed8f-41a0-b2e2-3b6d8e860895 is started using port 40690
2019-09-25 06:01:59,464 [Datanode State Machine Thread - 0] INFO  ozoneimpl.OzoneContainer (OzoneContainer.java:start(217)) - Attempting to start container services.
2019-09-25 06:01:59,464 [Datanode State Machine Thread - 0] INFO  ozoneimpl.OzoneContainer (OzoneContainer.java:startContainerScrub(179)) - Background container scanner has been disabled.
2019-09-25 06:01:59,464 [Datanode State Machine Thread - 0] INFO  ratis.XceiverServerRatis (XceiverServerRatis.java:start(411)) - Starting XceiverServerRatis 998cb3eb-8230-45a4-8ff4-8e174ebf4a14 at port 0
2019-09-25 06:01:59,470 [Datanode State Machine Thread - 0] INFO  impl.RaftServerProxy (RaftServerProxy.java:lambda$start$3(299)) - 998cb3eb-8230-45a4-8ff4-8e174ebf4a14: start RPC server
2019-09-25 06:01:59,473 [Datanode State Machine Thread - 0] INFO  server.GrpcService (GrpcService.java:startImpl(158)) - 998cb3eb-8230-45a4-8ff4-8e174ebf4a14: GrpcService started, listening on 0.0.0.0/0.0.0.0:35247
2019-09-25 06:01:59,473 [Datanode State Machine Thread - 0] INFO  ratis.XceiverServerRatis (XceiverServerRatis.java:start(421)) - XceiverServerRatis 998cb3eb-8230-45a4-8ff4-8e174ebf4a14 is started using port 35247
2019-09-25 06:01:59,475 [Datanode State Machine Thread - 0] INFO  server.XceiverServerGrpc (XceiverServerGrpc.java:start(149)) - XceiverServerGrpc 998cb3eb-8230-45a4-8ff4-8e174ebf4a14 is started using port 40451
2019-09-25 06:01:59,543 [Datanode State Machine Thread - 0] INFO  ozoneimpl.OzoneContainer (OzoneContainer.java:start(217)) - Attempting to start container services.
2019-09-25 06:01:59,543 [Datanode State Machine Thread - 0] INFO  ozoneimpl.OzoneContainer (OzoneContainer.java:startContainerScrub(179)) - Background container scanner has been disabled.
2019-09-25 06:01:59,544 [Datanode State Machine Thread - 0] INFO  ratis.XceiverServerRatis (XceiverServerRatis.java:start(411)) - Starting XceiverServerRatis 3cd052f0-76d4-4fb9-8167-d29e1ecff337 at port 0
2019-09-25 06:01:59,550 [Datanode State Machine Thread - 0] INFO  impl.RaftServerProxy (RaftServerProxy.java:lambda$start$3(299)) - 3cd052f0-76d4-4fb9-8167-d29e1ecff337: start RPC server
2019-09-25 06:01:59,556 [Datanode State Machine Thread - 0] INFO  server.GrpcService (GrpcService.java:startImpl(158)) - 3cd052f0-76d4-4fb9-8167-d29e1ecff337: GrpcService started, listening on 0.0.0.0/0.0.0.0:38011
2019-09-25 06:01:59,556 [Datanode State Machine Thread - 0] INFO  ratis.XceiverServerRatis (XceiverServerRatis.java:start(421)) - XceiverServerRatis 3cd052f0-76d4-4fb9-8167-d29e1ecff337 is started using port 38011
2019-09-25 06:01:59,560 [Datanode State Machine Thread - 0] INFO  server.XceiverServerGrpc (XceiverServerGrpc.java:start(149)) - XceiverServerGrpc 3cd052f0-76d4-4fb9-8167-d29e1ecff337 is started using port 36640
2019-09-25 06:01:59,633 [Datanode State Machine Thread - 0] INFO  ozoneimpl.OzoneContainer (OzoneContainer.java:start(217)) - Attempting to start container services.
2019-09-25 06:01:59,634 [Datanode State Machine Thread - 0] INFO  ozoneimpl.OzoneContainer (OzoneContainer.java:startContainerScrub(179)) - Background container scanner has been disabled.
2019-09-25 06:01:59,634 [Datanode State Machine Thread - 0] INFO  ratis.XceiverServerRatis (XceiverServerRatis.java:start(411)) - Starting XceiverServerRatis 4f3e9087-d663-42a0-8269-44a4415c993d at port 0
2019-09-25 06:01:59,639 [Datanode State Machine Thread - 0] INFO  impl.RaftServerProxy (RaftServerProxy.java:lambda$start$3(299)) - 4f3e9087-d663-42a0-8269-44a4415c993d: start RPC server
2019-09-25 06:01:59,644 [Datanode State Machine Thread - 0] INFO  server.GrpcService (GrpcService.java:startImpl(158)) - 4f3e9087-d663-42a0-8269-44a4415c993d: GrpcService started, listening on 0.0.0.0/0.0.0.0:46853
2019-09-25 06:01:59,645 [Datanode State Machine Thread - 0] INFO  ratis.XceiverServerRatis (XceiverServerRatis.java:start(421)) - XceiverServerRatis 4f3e9087-d663-42a0-8269-44a4415c993d is started using port 46853
2019-09-25 06:01:59,648 [Datanode State Machine Thread - 0] INFO  server.XceiverServerGrpc (XceiverServerGrpc.java:start(149)) - XceiverServerGrpc 4f3e9087-d663-42a0-8269-44a4415c993d is started using port 37659
2019-09-25 06:01:59,700 [main] INFO  ozone.MiniOzoneClusterImpl (MiniOzoneClusterImpl.java:lambda$waitForClusterToBeReady$0(147)) - Waiting for cluster to be ready. Got 0 of 7 DN Heartbeats.
2019-09-25 06:01:59,714 [Datanode State Machine Thread - 0] INFO  ozoneimpl.OzoneContainer (OzoneContainer.java:start(217)) - Attempting to start container services.
2019-09-25 06:01:59,715 [Datanode State Machine Thread - 0] INFO  ozoneimpl.OzoneContainer (OzoneContainer.java:startContainerScrub(179)) - Background container scanner has been disabled.
2019-09-25 06:01:59,715 [Datanode State Machine Thread - 0] INFO  ratis.XceiverServerRatis (XceiverServerRatis.java:start(411)) - Starting XceiverServerRatis 2a6250a5-e83c-4cf8-870e-a78e520bdf29 at port 0
2019-09-25 06:01:59,719 [Datanode State Machine Thread - 0] INFO  impl.RaftServerProxy (RaftServerProxy.java:lambda$start$3(299)) - 2a6250a5-e83c-4cf8-870e-a78e520bdf29: start RPC server
2019-09-25 06:01:59,723 [Datanode State Machine Thread - 0] INFO  server.GrpcService (GrpcService.java:startImpl(158)) - 2a6250a5-e83c-4cf8-870e-a78e520bdf29: GrpcService started, listening on 0.0.0.0/0.0.0.0:32983
2019-09-25 06:01:59,723 [Datanode State Machine Thread - 0] INFO  ratis.XceiverServerRatis (XceiverServerRatis.java:start(421)) - XceiverServerRatis 2a6250a5-e83c-4cf8-870e-a78e520bdf29 is started using port 32983
2019-09-25 06:01:59,726 [Datanode State Machine Thread - 0] INFO  server.XceiverServerGrpc (XceiverServerGrpc.java:start(149)) - XceiverServerGrpc 2a6250a5-e83c-4cf8-870e-a78e520bdf29 is started using port 33740
2019-09-25 06:02:00,700 [main] INFO  ozone.MiniOzoneClusterImpl (MiniOzoneClusterImpl.java:lambda$waitForClusterToBeReady$0(147)) - Waiting for cluster to be ready. Got 0 of 7 DN Heartbeats.
2019-09-25 06:02:01,208 [IPC Server handler 7 on 46590] INFO  net.NetworkTopology (NetworkTopologyImpl.java:add(111)) - Added a new node: /default-rack/cd37c1c7-ed8f-41a0-b2e2-3b6d8e860895
2019-09-25 06:02:01,208 [IPC Server handler 7 on 46590] INFO  node.SCMNodeManager (SCMNodeManager.java:register(266)) - Registered Data node : cd37c1c7-ed8f-41a0-b2e2-3b6d8e860895{ip: 192.168.30.39, host: trunk-nightly-20190925-htsvn-2214856702, networkLocation: /default-rack, certSerialId: null}
2019-09-25 06:02:01,214 [EventQueue-NodeRegistrationContainerReportForDataNodeSafeModeRule] INFO  safemode.SCMSafeModeManager (DataNodeSafeModeRule.java:process(71)) - SCM in safe mode. 1 DataNodes registered, 1 required.
2019-09-25 06:02:01,214 [EventQueue-NodeRegistrationContainerReportForDataNodeSafeModeRule] INFO  safemode.SCMSafeModeManager (SCMSafeModeManager.java:validateSafeModeExitRules(177)) - ScmSafeModeManager, all rules are successfully validated
2019-09-25 06:02:01,214 [EventQueue-NodeRegistrationContainerReportForDataNodeSafeModeRule] INFO  safemode.SCMSafeModeManager (SCMSafeModeManager.java:exitSafeMode(193)) - SCM exiting safe mode.
2019-09-25 06:02:01,265 [IPC Server handler 6 on 46590] INFO  net.NetworkTopology (NetworkTopologyImpl.java:add(111)) - Added a new node: /default-rack/87fa81a0-33dc-4710-bb43-7cfa430e4317
2019-09-25 06:02:01,265 [IPC Server handler 6 on 46590] INFO  node.SCMNodeManager (SCMNodeManager.java:register(266)) - Registered Data node : 87fa81a0-33dc-4710-bb43-7cfa430e4317{ip: 192.168.30.39, host: trunk-nightly-20190925-htsvn-2214856702, networkLocation: /default-rack, certSerialId: null}
2019-09-25 06:02:01,355 [IPC Server handler 3 on 46590] INFO  net.NetworkTopology (NetworkTopologyImpl.java:add(111)) - Added a new node: /default-rack/cb9a9563-cdfa-4f01-bb16-f6751e8332fc
2019-09-25 06:02:01,355 [IPC Server handler 3 on 46590] INFO  node.SCMNodeManager (SCMNodeManager.java:register(266)) - Registered Data node : cb9a9563-cdfa-4f01-bb16-f6751e8332fc{ip: 192.168.30.39, host: trunk-nightly-20190925-htsvn-2214856702, networkLocation: /default-rack, certSerialId: null}
2019-09-25 06:02:01,451 [IPC Server handler 5 on 46590] INFO  net.NetworkTopology (NetworkTopologyImpl.java:add(111)) - Added a new node: /default-rack/998cb3eb-8230-45a4-8ff4-8e174ebf4a14
2019-09-25 06:02:01,451 [IPC Server handler 5 on 46590] INFO  node.SCMNodeManager (SCMNodeManager.java:register(266)) - Registered Data node : 998cb3eb-8230-45a4-8ff4-8e174ebf4a14{ip: 192.168.30.39, host: trunk-nightly-20190925-htsvn-2214856702, networkLocation: /default-rack, certSerialId: null}
2019-09-25 06:02:01,528 [IPC Server handler 2 on 46590] INFO  net.NetworkTopology (NetworkTopologyImpl.java:add(111)) - Added a new node: /default-rack/3cd052f0-76d4-4fb9-8167-d29e1ecff337
2019-09-25 06:02:01,528 [IPC Server handler 2 on 46590] INFO  node.SCMNodeManager (SCMNodeManager.java:register(266)) - Registered Data node : 3cd052f0-76d4-4fb9-8167-d29e1ecff337{ip: 192.168.30.39, host: trunk-nightly-20190925-htsvn-2214856702, networkLocation: /default-rack, certSerialId: null}
2019-09-25 06:02:01,620 [IPC Server handler 1 on 46590] INFO  net.NetworkTopology (NetworkTopologyImpl.java:add(111)) - Added a new node: /default-rack/4f3e9087-d663-42a0-8269-44a4415c993d
2019-09-25 06:02:01,620 [IPC Server handler 1 on 46590] INFO  node.SCMNodeManager (SCMNodeManager.java:register(266)) - Registered Data node : 4f3e9087-d663-42a0-8269-44a4415c993d{ip: 192.168.30.39, host: trunk-nightly-20190925-htsvn-2214856702, networkLocation: /default-rack, certSerialId: null}
2019-09-25 06:02:01,702 [main] INFO  ozone.MiniOzoneClusterImpl (MiniOzoneClusterImpl.java:lambda$waitForClusterToBeReady$0(147)) - Waiting for cluster to be ready. Got 6 of 7 DN Heartbeats.
2019-09-25 06:02:01,703 [IPC Server handler 4 on 46590] INFO  net.NetworkTopology (NetworkTopologyImpl.java:add(111)) - Added a new node: /default-rack/2a6250a5-e83c-4cf8-870e-a78e520bdf29
2019-09-25 06:02:01,703 [IPC Server handler 4 on 46590] INFO  node.SCMNodeManager (SCMNodeManager.java:register(266)) - Registered Data node : 2a6250a5-e83c-4cf8-870e-a78e520bdf29{ip: 192.168.30.39, host: trunk-nightly-20190925-htsvn-2214856702, networkLocation: /default-rack, certSerialId: null}
2019-09-25 06:02:01,756 [grpc-default-executor-0] INFO  impl.RaftServerProxy (RaftServerProxy.java:addNew(89)) - cd37c1c7-ed8f-41a0-b2e2-3b6d8e860895: addNew group-CC029EF4DC06:[cd37c1c7-ed8f-41a0-b2e2-3b6d8e860895:192.168.30.39:40670] returns group-CC029EF4DC06:java.util.concurrent.CompletableFuture@2bd4e2f1[Not completed]
2019-09-25 06:02:01,778 [pool-27-thread-1] INFO  impl.RaftServerImpl (RaftServerImpl.java:<init>(95)) - cd37c1c7-ed8f-41a0-b2e2-3b6d8e860895: new RaftServerImpl for group-CC029EF4DC06:[cd37c1c7-ed8f-41a0-b2e2-3b6d8e860895:192.168.30.39:40670] with ContainerStateMachine:uninitialized
2019-09-25 06:02:01,780 [pool-27-thread-1] INFO  server.RaftServerConfigKeys (ConfUtils.java:logGet(43)) - raft.server.rpc.timeout.min = 5s (custom)
2019-09-25 06:02:01,782 [pool-27-thread-1] INFO  server.RaftServerConfigKeys (ConfUtils.java:logGet(43)) - raft.server.rpc.timeout.max = 5200ms (custom)
2019-09-25 06:02:01,782 [pool-27-thread-1] INFO  server.RaftServerConfigKeys (ConfUtils.java:logGet(43)) - raft.server.rpcslowness.timeout = 120s (custom)
2019-09-25 06:02:01,783 [pool-27-thread-1] INFO  server.RaftServerConfigKeys (ConfUtils.java:logGet(43)) - raft.server.sleep.deviation.threshold = 300 (default)
2019-09-25 06:02:01,784 [pool-27-thread-1] INFO  server.RaftServerConfigKeys (ConfUtils.java:logGet(43)) - raft.server.log.appender.install.snapshot.enabled = false (custom)
2019-09-25 06:02:01,794 [pool-27-thread-1] INFO  impl.RaftServerImpl (ServerState.java:<init>(103)) - cd37c1c7-ed8f-41a0-b2e2-3b6d8e860895@group-CC029EF4DC06: ConfigurationManager, init=-1: [cd37c1c7-ed8f-41a0-b2e2-3b6d8e860895:192.168.30.39:40670], old=null, confs=<EMPTY_MAP>
2019-09-25 06:02:01,794 [pool-27-thread-1] INFO  server.RaftServerConfigKeys (ConfUtils.java:logGet(43)) - raft.server.storage.dir = [/workdir/hadoop-ozone/integration-test/target/test-dir/MiniOzoneClusterImpl-c1088f23-01ce-44bf-9846-8858f4e9356f/datanode-0/data/ratis] (custom)
2019-09-25 06:02:01,803 [pool-27-thread-1] INFO  storage.RaftStorageDirectory (RaftStorageDirectory.java:analyzeStorage(246)) - The storage directory /workdir/hadoop-ozone/integration-test/target/test-dir/MiniOzoneClusterImpl-c1088f23-01ce-44bf-9846-8858f4e9356f/datanode-0/data/ratis/6f9844a1-c07a-4586-a3ed-cc029ef4dc06 does not exist. Creating ...
2019-09-25 06:02:02,703 [main] INFO  ozone.MiniOzoneClusterImpl (MiniOzoneClusterImpl.java:lambda$waitForClusterToBeReady$0(147)) - Cluster is ready. Got 7 of 7 DN Heartbeats.
2019-09-25 06:02:02,814 [pool-27-thread-1] INFO  storage.RaftStorageDirectory (RaftStorageDirectory.java:tryLock(328)) - Lock on /workdir/hadoop-ozone/integration-test/target/test-dir/MiniOzoneClusterImpl-c1088f23-01ce-44bf-9846-8858f4e9356f/datanode-0/data/ratis/6f9844a1-c07a-4586-a3ed-cc029ef4dc06/in_use.lock acquired by nodename 10563@trunk-nightly-20190925-htsvn-2214856702
2019-09-25 06:02:03,223 [main] INFO  rpc.RpcClient (RpcClient.java:createVolume(276)) - Creating Volume: watchforcommithandlingtest, with jenkins1000 as owner.
2019-09-25 06:02:03,343 [IPC Server handler 0 on 43060] INFO  volume.OMVolumeCreateRequest (OMVolumeCreateRequest.java:validateAndUpdateCache(194)) - created volume:watchforcommithandlingtest for user:jenkins1000
2019-09-25 06:02:03,375 [main] INFO  rpc.RpcClient (RpcClient.java:createBucket(415)) - Creating Bucket: watchforcommithandlingtest/watchforcommithandlingtest, with Versioning false and Storage Type set to DISK and Encryption set to false 
2019-09-25 06:02:04,221 [Thread-238] INFO  container.ReplicationManager (ReplicationManager.java:start(162)) - Starting Replication Monitor Thread.
2019-09-25 06:02:04,223 [ReplicationMonitor] INFO  container.ReplicationManager (ReplicationManager.java:run(225)) - Replication Monitor Thread took 1 milliseconds for processing 0 containers.
2019-09-25 06:02:04,408 [RATISCREATEPIPELINE1] ERROR pipeline.RatisPipelineProvider (RatisPipelineProvider.java:lambda$null$5(235)) - Failed invoke Ratis rpc org.apache.hadoop.hdds.scm.pipeline.RatisPipelineProvider$$Lambda$183/89953665@6cd9c5c5 for cd37c1c7-ed8f-41a0-b2e2-3b6d8e860895
org.apache.ratis.protocol.TimeoutIOException: deadline exceeded after 2959947594ns
	at org.apache.ratis.grpc.GrpcUtil.tryUnwrapException(GrpcUtil.java:82)
	at org.apache.ratis.grpc.GrpcUtil.unwrapException(GrpcUtil.java:75)
	at org.apache.ratis.grpc.client.GrpcClientProtocolClient.blockingCall(GrpcClientProtocolClient.java:178)
	at org.apache.ratis.grpc.client.GrpcClientProtocolClient.groupAdd(GrpcClientProtocolClient.java:147)
	at org.apache.ratis.grpc.client.GrpcClientRpc.sendRequest(GrpcClientRpc.java:94)
	at org.apache.ratis.client.impl.RaftClientImpl.sendRequest(RaftClientImpl.java:278)
	at org.apache.ratis.client.impl.RaftClientImpl.groupAdd(RaftClientImpl.java:205)
	at org.apache.hadoop.hdds.scm.pipeline.RatisPipelineProvider.lambda$initializePipeline$4(RatisPipelineProvider.java:196)
	at org.apache.hadoop.hdds.scm.pipeline.RatisPipelineProvider.lambda$null$5(RatisPipelineProvider.java:231)
	at java.util.stream.ForEachOps$ForEachOp$OfRef.accept(ForEachOps.java:184)
	at java.util.ArrayList$ArrayListSpliterator.forEachRemaining(ArrayList.java:1382)
	at java.util.stream.AbstractPipeline.copyInto(AbstractPipeline.java:482)
	at java.util.stream.ForEachOps$ForEachTask.compute(ForEachOps.java:291)
	at java.util.concurrent.CountedCompleter.exec(CountedCompleter.java:731)
	at java.util.concurrent.ForkJoinTask.doExec(ForkJoinTask.java:289)
	at java.util.concurrent.ForkJoinTask.doInvoke(ForkJoinTask.java:401)
	at java.util.concurrent.ForkJoinTask.invoke(ForkJoinTask.java:734)
	at java.util.stream.ForEachOps$ForEachOp.evaluateParallel(ForEachOps.java:160)
	at java.util.stream.ForEachOps$ForEachOp$OfRef.evaluateParallel(ForEachOps.java:174)
	at java.util.stream.AbstractPipeline.evaluate(AbstractPipeline.java:233)
	at java.util.stream.ReferencePipeline.forEach(ReferencePipeline.java:418)
	at java.util.stream.ReferencePipeline$Head.forEach(ReferencePipeline.java:583)
	at org.apache.hadoop.hdds.scm.pipeline.RatisPipelineProvider.lambda$callRatisRpc$6(RatisPipelineProvider.java:225)
	at java.util.concurrent.ForkJoinTask$AdaptedRunnableAction.exec(ForkJoinTask.java:1386)
	at java.util.concurrent.ForkJoinTask.doExec(ForkJoinTask.java:289)
	at java.util.concurrent.ForkJoinPool$WorkQueue.runTask(ForkJoinPool.java:1056)
	at java.util.concurrent.ForkJoinPool.runWorker(ForkJoinPool.java:1692)
	at java.util.concurrent.ForkJoinWorkerThread.run(ForkJoinWorkerThread.java:157)
Caused by: org.apache.ratis.thirdparty.io.grpc.StatusRuntimeException: DEADLINE_EXCEEDED: deadline exceeded after 2959947594ns
	at org.apache.ratis.thirdparty.io.grpc.stub.ClientCalls.toStatusRuntimeException(ClientCalls.java:233)
	at org.apache.ratis.thirdparty.io.grpc.stub.ClientCalls.getUnchecked(ClientCalls.java:214)
	at org.apache.ratis.thirdparty.io.grpc.stub.ClientCalls.blockingUnaryCall(ClientCalls.java:139)
	at org.apache.ratis.proto.grpc.AdminProtocolServiceGrpc$AdminProtocolServiceBlockingStub.groupManagement(AdminProtocolServiceGrpc.java:274)
	at org.apache.ratis.grpc.client.GrpcClientProtocolClient.lambda$groupAdd$3(GrpcClientProtocolClient.java:149)
	at org.apache.ratis.grpc.client.GrpcClientProtocolClient.blockingCall(GrpcClientProtocolClient.java:176)
	... 25 more
2019-09-25 06:02:04,466 [grpc-default-executor-2] INFO  impl.RaftServerProxy (RaftServerProxy.java:addNew(89)) - cd37c1c7-ed8f-41a0-b2e2-3b6d8e860895: addNew group-4265C47D2F01:[87fa81a0-33dc-4710-bb43-7cfa430e4317:192.168.30.39:34876, cd37c1c7-ed8f-41a0-b2e2-3b6d8e860895:192.168.30.39:40670, 2a6250a5-e83c-4cf8-870e-a78e520bdf29:192.168.30.39:32983] returns group-4265C47D2F01:java.util.concurrent.CompletableFuture@27140911[Not completed]
2019-09-25 06:02:04,467 [grpc-default-executor-1] INFO  impl.RaftServerProxy (RaftServerProxy.java:addNew(89)) - 2a6250a5-e83c-4cf8-870e-a78e520bdf29: addNew group-4265C47D2F01:[87fa81a0-33dc-4710-bb43-7cfa430e4317:192.168.30.39:34876, cd37c1c7-ed8f-41a0-b2e2-3b6d8e860895:192.168.30.39:40670, 2a6250a5-e83c-4cf8-870e-a78e520bdf29:192.168.30.39:32983] returns group-4265C47D2F01:java.util.concurrent.CompletableFuture@5a3805b1[Not completed]
2019-09-25 06:02:04,467 [grpc-default-executor-0] INFO  impl.RaftServerProxy (RaftServerProxy.java:addNew(89)) - 87fa81a0-33dc-4710-bb43-7cfa430e4317: addNew group-4265C47D2F01:[87fa81a0-33dc-4710-bb43-7cfa430e4317:192.168.30.39:34876, cd37c1c7-ed8f-41a0-b2e2-3b6d8e860895:192.168.30.39:40670, 2a6250a5-e83c-4cf8-870e-a78e520bdf29:192.168.30.39:32983] returns group-4265C47D2F01:java.util.concurrent.CompletableFuture@3a45bbe0[Not completed]
2019-09-25 06:02:04,510 [pool-87-thread-1] INFO  impl.RaftServerImpl (RaftServerImpl.java:<init>(95)) - 2a6250a5-e83c-4cf8-870e-a78e520bdf29: new RaftServerImpl for group-4265C47D2F01:[87fa81a0-33dc-4710-bb43-7cfa430e4317:192.168.30.39:34876, cd37c1c7-ed8f-41a0-b2e2-3b6d8e860895:192.168.30.39:40670, 2a6250a5-e83c-4cf8-870e-a78e520bdf29:192.168.30.39:32983] with ContainerStateMachine:uninitialized
2019-09-25 06:02:04,516 [pool-87-thread-1] INFO  server.RaftServerConfigKeys (ConfUtils.java:logGet(43)) - raft.server.rpc.timeout.min = 5s (custom)
2019-09-25 06:02:04,546 [pool-87-thread-1] INFO  server.RaftServerConfigKeys (ConfUtils.java:logGet(43)) - raft.server.rpc.timeout.max = 5200ms (custom)
2019-09-25 06:02:04,547 [pool-87-thread-1] INFO  server.RaftServerConfigKeys (ConfUtils.java:logGet(43)) - raft.server.rpcslowness.timeout = 120s (custom)
2019-09-25 06:02:04,547 [pool-87-thread-1] INFO  server.RaftServerConfigKeys (ConfUtils.java:logGet(43)) - raft.server.sleep.deviation.threshold = 300 (default)
2019-09-25 06:02:04,547 [pool-87-thread-1] INFO  server.RaftServerConfigKeys (ConfUtils.java:logGet(43)) - raft.server.log.appender.install.snapshot.enabled = false (custom)
2019-09-25 06:02:04,549 [pool-87-thread-1] INFO  impl.RaftServerImpl (ServerState.java:<init>(103)) - 2a6250a5-e83c-4cf8-870e-a78e520bdf29@group-4265C47D2F01: ConfigurationManager, init=-1: [87fa81a0-33dc-4710-bb43-7cfa430e4317:192.168.30.39:34876, cd37c1c7-ed8f-41a0-b2e2-3b6d8e860895:192.168.30.39:40670, 2a6250a5-e83c-4cf8-870e-a78e520bdf29:192.168.30.39:32983], old=null, confs=<EMPTY_MAP>
2019-09-25 06:02:04,549 [pool-37-thread-1] INFO  impl.RaftServerImpl (RaftServerImpl.java:<init>(95)) - 87fa81a0-33dc-4710-bb43-7cfa430e4317: new RaftServerImpl for group-4265C47D2F01:[87fa81a0-33dc-4710-bb43-7cfa430e4317:192.168.30.39:34876, cd37c1c7-ed8f-41a0-b2e2-3b6d8e860895:192.168.30.39:40670, 2a6250a5-e83c-4cf8-870e-a78e520bdf29:192.168.30.39:32983] with ContainerStateMachine:uninitialized
2019-09-25 06:02:04,549 [pool-87-thread-1] INFO  server.RaftServerConfigKeys (ConfUtils.java:logGet(43)) - raft.server.storage.dir = [/workdir/hadoop-ozone/integration-test/target/test-dir/MiniOzoneClusterImpl-c1088f23-01ce-44bf-9846-8858f4e9356f/datanode-6/data/ratis] (custom)
2019-09-25 06:02:04,549 [pool-37-thread-1] INFO  server.RaftServerConfigKeys (ConfUtils.java:logGet(43)) - raft.server.rpc.timeout.min = 5s (custom)
2019-09-25 06:02:04,549 [pool-37-thread-1] INFO  server.RaftServerConfigKeys (ConfUtils.java:logGet(43)) - raft.server.rpc.timeout.max = 5200ms (custom)
2019-09-25 06:02:04,549 [pool-87-thread-1] INFO  storage.RaftStorageDirectory (RaftStorageDirectory.java:analyzeStorage(246)) - The storage directory /workdir/hadoop-ozone/integration-test/target/test-dir/MiniOzoneClusterImpl-c1088f23-01ce-44bf-9846-8858f4e9356f/datanode-6/data/ratis/af237ea6-840c-471b-8334-4265c47d2f01 does not exist. Creating ...
2019-09-25 06:02:04,551 [pool-37-thread-1] INFO  server.RaftServerConfigKeys (ConfUtils.java:logGet(43)) - raft.server.rpcslowness.timeout = 120s (custom)
2019-09-25 06:02:04,551 [pool-37-thread-1] INFO  server.RaftServerConfigKeys (ConfUtils.java:logGet(43)) - raft.server.sleep.deviation.threshold = 300 (default)
2019-09-25 06:02:04,551 [pool-37-thread-1] INFO  server.RaftServerConfigKeys (ConfUtils.java:logGet(43)) - raft.server.log.appender.install.snapshot.enabled = false (custom)
2019-09-25 06:02:04,551 [pool-37-thread-1] INFO  impl.RaftServerImpl (ServerState.java:<init>(103)) - 87fa81a0-33dc-4710-bb43-7cfa430e4317@group-4265C47D2F01: ConfigurationManager, init=-1: [87fa81a0-33dc-4710-bb43-7cfa430e4317:192.168.30.39:34876, cd37c1c7-ed8f-41a0-b2e2-3b6d8e860895:192.168.30.39:40670, 2a6250a5-e83c-4cf8-870e-a78e520bdf29:192.168.30.39:32983], old=null, confs=<EMPTY_MAP>
2019-09-25 06:02:04,552 [pool-37-thread-1] INFO  server.RaftServerConfigKeys (ConfUtils.java:logGet(43)) - raft.server.storage.dir = [/workdir/hadoop-ozone/integration-test/target/test-dir/MiniOzoneClusterImpl-c1088f23-01ce-44bf-9846-8858f4e9356f/datanode-1/data/ratis] (custom)
2019-09-25 06:02:04,552 [pool-37-thread-1] INFO  storage.RaftStorageDirectory (RaftStorageDirectory.java:analyzeStorage(246)) - The storage directory /workdir/hadoop-ozone/integration-test/target/test-dir/MiniOzoneClusterImpl-c1088f23-01ce-44bf-9846-8858f4e9356f/datanode-1/data/ratis/af237ea6-840c-471b-8334-4265c47d2f01 does not exist. Creating ...
2019-09-25 06:02:05,169 [main] INFO  ozone.MiniOzoneClusterImpl (MiniOzoneClusterImpl.java:getStorageContainerLocationClient(234)) - Creating StorageContainerLocationProtocol RPC client with address /0.0.0.0:38906
2019-09-25 06:02:06,134 [pool-27-thread-1] INFO  storage.RaftStorage (RaftStorage.java:format(72)) - Storage directory /workdir/hadoop-ozone/integration-test/target/test-dir/MiniOzoneClusterImpl-c1088f23-01ce-44bf-9846-8858f4e9356f/datanode-0/data/ratis/6f9844a1-c07a-4586-a3ed-cc029ef4dc06 has been successfully formatted.
2019-09-25 06:02:06,137 [pool-27-thread-1] INFO  ratis.ContainerStateMachine (ContainerStateMachine.java:loadSnapshot(230)) - group-CC029EF4DC06: The snapshot info is null. Setting the last applied indexto:(t:0, i:~)
2019-09-25 06:02:06,137 [pool-27-thread-1] INFO  server.RaftServerConfigKeys (ConfUtils.java:logGet(43)) - raft.server.notification.no-leader.timeout = 120s (custom)
2019-09-25 06:02:06,139 [pool-27-thread-1] INFO  server.RaftServerConfigKeys (ConfUtils.java:logGet(43)) - raft.server.log.use.memory = false (default)
2019-09-25 06:02:06,144 [pool-27-thread-1] INFO  server.RaftServerConfigKeys (ConfUtils.java:logGet(43)) - raft.server.log.purge.gap = 1000000 (custom)
2019-09-25 06:02:06,144 [pool-27-thread-1] INFO  server.RaftServerConfigKeys (ConfUtils.java:logGet(43)) - raft.server.log.appender.buffer.byte-limit = 33554432 (custom)
2019-09-25 06:02:06,146 [pool-27-thread-1] INFO  server.RaftServerConfigKeys (ConfUtils.java:logGet(43)) - raft.server.log.segment.size.max = 1048576 (custom)
2019-09-25 06:02:06,150 [pool-27-thread-1] INFO  server.RaftServerConfigKeys (ConfUtils.java:logGet(43)) - raft.server.log.segment.cache.num.max = 2 (custom)
2019-09-25 06:02:06,155 [pool-27-thread-1] INFO  segmented.SegmentedRaftLogWorker (SegmentedRaftLogWorker.java:<init>(172)) - new cd37c1c7-ed8f-41a0-b2e2-3b6d8e860895@group-CC029EF4DC06-SegmentedRaftLogWorker for RaftStorage:Storage Directory /workdir/hadoop-ozone/integration-test/target/test-dir/MiniOzoneClusterImpl-c1088f23-01ce-44bf-9846-8858f4e9356f/datanode-0/data/ratis/6f9844a1-c07a-4586-a3ed-cc029ef4dc06
2019-09-25 06:02:06,157 [pool-27-thread-1] INFO  impl.MetricsSystemImpl (MetricsSystemImpl.java:init(158)) - ratis metrics system started (again)
2019-09-25 06:02:06,162 [pool-27-thread-1] INFO  metrics.MetricRegistries (MetricRegistriesLoader.java:load(64)) - Loaded MetricRegistries class org.apache.ratis.metrics.impl.MetricRegistriesImpl
2019-09-25 06:02:06,188 [pool-27-thread-1] INFO  server.RaftServerConfigKeys (ConfUtils.java:logGet(43)) - raft.server.log.queue.byte-limit = 2147483647 (custom)
2019-09-25 06:02:06,189 [pool-27-thread-1] INFO  server.RaftServerConfigKeys (ConfUtils.java:logGet(43)) - raft.server.log.queue.element-limit = 1024 (custom)
2019-09-25 06:02:06,192 [pool-27-thread-1] INFO  server.RaftServerConfigKeys (ConfUtils.java:logGet(43)) - raft.server.log.segment.size.max = 1048576 (custom)
2019-09-25 06:02:06,192 [pool-27-thread-1] INFO  server.RaftServerConfigKeys (ConfUtils.java:logGet(43)) - raft.server.log.preallocated.size = 16384 (custom)
2019-09-25 06:02:06,192 [pool-27-thread-1] INFO  server.RaftServerConfigKeys (ConfUtils.java:logGet(43)) - raft.server.log.write.buffer.size = 33554432 (custom)
2019-09-25 06:02:06,193 [pool-27-thread-1] INFO  server.RaftServerConfigKeys (ConfUtils.java:logGet(43)) - raft.server.log.force.sync.num = 128 (default)
2019-09-25 06:02:06,194 [pool-27-thread-1] INFO  server.RaftServerConfigKeys (ConfUtils.java:logGet(43)) - raft.server.log.statemachine.data.sync = true (default)
2019-09-25 06:02:06,194 [pool-27-thread-1] INFO  server.RaftServerConfigKeys (ConfUtils.java:logGet(43)) - raft.server.log.statemachine.data.sync.timeout = 10s (default)
2019-09-25 06:02:06,194 [pool-27-thread-1] INFO  server.RaftServerConfigKeys (ConfUtils.java:logGet(43)) - raft.server.log.statemachine.data.sync.timeout.retry = -1 (default)
2019-09-25 06:02:06,202 [pool-27-thread-1] INFO  server.RaftServerConfigKeys (ConfUtils.java:logGet(43)) - raft.server.log.statemachine.data.caching.enabled = true (custom)
2019-09-25 06:02:06,206 [pool-27-thread-1] INFO  segmented.SegmentedRaftLogWorker (SegmentedRaftLogWorker.java:lambda$new$0(132)) - cd37c1c7-ed8f-41a0-b2e2-3b6d8e860895@group-CC029EF4DC06-SegmentedRaftLogWorker: flushIndex: setUnconditionally 0 -> -1
2019-09-25 06:02:06,210 [pool-27-thread-1] INFO  server.RaftServerConfigKeys (ConfUtils.java:logGet(43)) - raft.server.snapshot.auto.trigger.enabled = true (custom)
2019-09-25 06:02:06,211 [pool-27-thread-1] INFO  server.RaftServerConfigKeys (ConfUtils.java:logGet(43)) - raft.server.snapshot.auto.trigger.threshold = 10000 (custom)
2019-09-25 06:02:06,212 [pool-27-thread-1] INFO  server.RaftServerConfigKeys (ConfUtils.java:logGet(43)) - raft.server.snapshot.retention.num.files = 5 (custom)
2019-09-25 06:02:06,212 [pool-27-thread-1] INFO  server.RaftServerConfigKeys (ConfUtils.java:logGet(43)) - raft.server.retrycache.expirytime = 600000ms (custom)
2019-09-25 06:02:06,239 [pool-27-thread-1] INFO  impl.RaftServerImpl (RaftServerImpl.java:<init>(95)) - cd37c1c7-ed8f-41a0-b2e2-3b6d8e860895: new RaftServerImpl for group-4265C47D2F01:[87fa81a0-33dc-4710-bb43-7cfa430e4317:192.168.30.39:34876, cd37c1c7-ed8f-41a0-b2e2-3b6d8e860895:192.168.30.39:40670, 2a6250a5-e83c-4cf8-870e-a78e520bdf29:192.168.30.39:32983] with ContainerStateMachine:uninitialized
2019-09-25 06:02:06,239 [pool-27-thread-1] INFO  server.RaftServerConfigKeys (ConfUtils.java:logGet(43)) - raft.server.rpc.timeout.min = 5s (custom)
2019-09-25 06:02:06,239 [pool-27-thread-1] INFO  server.RaftServerConfigKeys (ConfUtils.java:logGet(43)) - raft.server.rpc.timeout.max = 5200ms (custom)
2019-09-25 06:02:06,239 [pool-27-thread-1] INFO  server.RaftServerConfigKeys (ConfUtils.java:logGet(43)) - raft.server.rpcslowness.timeout = 120s (custom)
2019-09-25 06:02:06,239 [pool-27-thread-1] INFO  server.RaftServerConfigKeys (ConfUtils.java:logGet(43)) - raft.server.sleep.deviation.threshold = 300 (default)
2019-09-25 06:02:06,239 [pool-27-thread-1] INFO  server.RaftServerConfigKeys (ConfUtils.java:logGet(43)) - raft.server.log.appender.install.snapshot.enabled = false (custom)
2019-09-25 06:02:06,239 [pool-27-thread-1] INFO  impl.RaftServerImpl (ServerState.java:<init>(103)) - cd37c1c7-ed8f-41a0-b2e2-3b6d8e860895@group-4265C47D2F01: ConfigurationManager, init=-1: [87fa81a0-33dc-4710-bb43-7cfa430e4317:192.168.30.39:34876, cd37c1c7-ed8f-41a0-b2e2-3b6d8e860895:192.168.30.39:40670, 2a6250a5-e83c-4cf8-870e-a78e520bdf29:192.168.30.39:32983], old=null, confs=<EMPTY_MAP>
2019-09-25 06:02:06,240 [pool-27-thread-1] INFO  server.RaftServerConfigKeys (ConfUtils.java:logGet(43)) - raft.server.storage.dir = [/workdir/hadoop-ozone/integration-test/target/test-dir/MiniOzoneClusterImpl-c1088f23-01ce-44bf-9846-8858f4e9356f/datanode-0/data/ratis] (custom)
2019-09-25 06:02:06,240 [pool-27-thread-1] INFO  storage.RaftStorageDirectory (RaftStorageDirectory.java:analyzeStorage(246)) - The storage directory /workdir/hadoop-ozone/integration-test/target/test-dir/MiniOzoneClusterImpl-c1088f23-01ce-44bf-9846-8858f4e9356f/datanode-0/data/ratis/af237ea6-840c-471b-8334-4265c47d2f01 does not exist. Creating ...
2019-09-25 06:02:06,629 [pool-37-thread-1] INFO  storage.RaftStorageDirectory (RaftStorageDirectory.java:tryLock(328)) - Lock on /workdir/hadoop-ozone/integration-test/target/test-dir/MiniOzoneClusterImpl-c1088f23-01ce-44bf-9846-8858f4e9356f/datanode-1/data/ratis/af237ea6-840c-471b-8334-4265c47d2f01/in_use.lock acquired by nodename 10563@trunk-nightly-20190925-htsvn-2214856702
2019-09-25 06:02:06,629 [pool-87-thread-1] INFO  storage.RaftStorageDirectory (RaftStorageDirectory.java:tryLock(328)) - Lock on /workdir/hadoop-ozone/integration-test/target/test-dir/MiniOzoneClusterImpl-c1088f23-01ce-44bf-9846-8858f4e9356f/datanode-6/data/ratis/af237ea6-840c-471b-8334-4265c47d2f01/in_use.lock acquired by nodename 10563@trunk-nightly-20190925-htsvn-2214856702
2019-09-25 06:02:06,922 [pool-27-thread-1] INFO  storage.RaftStorageDirectory (RaftStorageDirectory.java:tryLock(328)) - Lock on /workdir/hadoop-ozone/integration-test/target/test-dir/MiniOzoneClusterImpl-c1088f23-01ce-44bf-9846-8858f4e9356f/datanode-0/data/ratis/af237ea6-840c-471b-8334-4265c47d2f01/in_use.lock acquired by nodename 10563@trunk-nightly-20190925-htsvn-2214856702
2019-09-25 06:02:07,069 [pool-27-thread-1] INFO  storage.RaftStorage (RaftStorage.java:format(72)) - Storage directory /workdir/hadoop-ozone/integration-test/target/test-dir/MiniOzoneClusterImpl-c1088f23-01ce-44bf-9846-8858f4e9356f/datanode-0/data/ratis/af237ea6-840c-471b-8334-4265c47d2f01 has been successfully formatted.
2019-09-25 06:02:07,069 [pool-37-thread-1] INFO  storage.RaftStorage (RaftStorage.java:format(72)) - Storage directory /workdir/hadoop-ozone/integration-test/target/test-dir/MiniOzoneClusterImpl-c1088f23-01ce-44bf-9846-8858f4e9356f/datanode-1/data/ratis/af237ea6-840c-471b-8334-4265c47d2f01 has been successfully formatted.
2019-09-25 06:02:07,069 [pool-87-thread-1] INFO  storage.RaftStorage (RaftStorage.java:format(72)) - Storage directory /workdir/hadoop-ozone/integration-test/target/test-dir/MiniOzoneClusterImpl-c1088f23-01ce-44bf-9846-8858f4e9356f/datanode-6/data/ratis/af237ea6-840c-471b-8334-4265c47d2f01 has been successfully formatted.
2019-09-25 06:02:07,072 [pool-27-thread-1] INFO  ratis.ContainerStateMachine (ContainerStateMachine.java:loadSnapshot(230)) - group-4265C47D2F01: The snapshot info is null. Setting the last applied indexto:(t:0, i:~)
2019-09-25 06:02:07,073 [pool-37-thread-1] INFO  ratis.ContainerStateMachine (ContainerStateMachine.java:loadSnapshot(230)) - group-4265C47D2F01: The snapshot info is null. Setting the last applied indexto:(t:0, i:~)
2019-09-25 06:02:07,073 [pool-87-thread-1] INFO  ratis.ContainerStateMachine (ContainerStateMachine.java:loadSnapshot(230)) - group-4265C47D2F01: The snapshot info is null. Setting the last applied indexto:(t:0, i:~)
2019-09-25 06:02:07,075 [pool-37-thread-1] INFO  server.RaftServerConfigKeys (ConfUtils.java:logGet(43)) - raft.server.notification.no-leader.timeout = 120s (custom)
2019-09-25 06:02:07,075 [pool-27-thread-1] INFO  server.RaftServerConfigKeys (ConfUtils.java:logGet(43)) - raft.server.notification.no-leader.timeout = 120s (custom)
2019-09-25 06:02:07,075 [pool-37-thread-1] INFO  server.RaftServerConfigKeys (ConfUtils.java:logGet(43)) - raft.server.log.use.memory = false (default)
2019-09-25 06:02:07,075 [pool-87-thread-1] INFO  server.RaftServerConfigKeys (ConfUtils.java:logGet(43)) - raft.server.notification.no-leader.timeout = 120s (custom)
2019-09-25 06:02:07,075 [pool-37-thread-1] INFO  server.RaftServerConfigKeys (ConfUtils.java:logGet(43)) - raft.server.log.purge.gap = 1000000 (custom)
2019-09-25 06:02:07,075 [pool-27-thread-1] INFO  server.RaftServerConfigKeys (ConfUtils.java:logGet(43)) - raft.server.log.use.memory = false (default)
2019-09-25 06:02:07,076 [pool-37-thread-1] INFO  server.RaftServerConfigKeys (ConfUtils.java:logGet(43)) - raft.server.log.appender.buffer.byte-limit = 33554432 (custom)
2019-09-25 06:02:07,075 [pool-87-thread-1] INFO  server.RaftServerConfigKeys (ConfUtils.java:logGet(43)) - raft.server.log.use.memory = false (default)
2019-09-25 06:02:07,076 [pool-37-thread-1] INFO  server.RaftServerConfigKeys (ConfUtils.java:logGet(43)) - raft.server.log.segment.size.max = 1048576 (custom)
2019-09-25 06:02:07,076 [pool-27-thread-1] INFO  server.RaftServerConfigKeys (ConfUtils.java:logGet(43)) - raft.server.log.purge.gap = 1000000 (custom)
2019-09-25 06:02:07,076 [pool-37-thread-1] INFO  server.RaftServerConfigKeys (ConfUtils.java:logGet(43)) - raft.server.log.segment.cache.num.max = 2 (custom)
2019-09-25 06:02:07,076 [pool-87-thread-1] INFO  server.RaftServerConfigKeys (ConfUtils.java:logGet(43)) - raft.server.log.purge.gap = 1000000 (custom)
2019-09-25 06:02:07,077 [pool-37-thread-1] INFO  segmented.SegmentedRaftLogWorker (SegmentedRaftLogWorker.java:<init>(172)) - new 87fa81a0-33dc-4710-bb43-7cfa430e4317@group-4265C47D2F01-SegmentedRaftLogWorker for RaftStorage:Storage Directory /workdir/hadoop-ozone/integration-test/target/test-dir/MiniOzoneClusterImpl-c1088f23-01ce-44bf-9846-8858f4e9356f/datanode-1/data/ratis/af237ea6-840c-471b-8334-4265c47d2f01
2019-09-25 06:02:07,076 [pool-27-thread-1] INFO  server.RaftServerConfigKeys (ConfUtils.java:logGet(43)) - raft.server.log.appender.buffer.byte-limit = 33554432 (custom)
2019-09-25 06:02:07,078 [pool-87-thread-1] INFO  server.RaftServerConfigKeys (ConfUtils.java:logGet(43)) - raft.server.log.appender.buffer.byte-limit = 33554432 (custom)
2019-09-25 06:02:07,079 [pool-27-thread-1] INFO  server.RaftServerConfigKeys (ConfUtils.java:logGet(43)) - raft.server.log.segment.size.max = 1048576 (custom)
2019-09-25 06:02:07,082 [pool-87-thread-1] INFO  server.RaftServerConfigKeys (ConfUtils.java:logGet(43)) - raft.server.log.segment.size.max = 1048576 (custom)
2019-09-25 06:02:07,115 [pool-27-thread-1] INFO  server.RaftServerConfigKeys (ConfUtils.java:logGet(43)) - raft.server.log.segment.cache.num.max = 2 (custom)
2019-09-25 06:02:07,116 [pool-87-thread-1] INFO  server.RaftServerConfigKeys (ConfUtils.java:logGet(43)) - raft.server.log.segment.cache.num.max = 2 (custom)
2019-09-25 06:02:07,116 [pool-27-thread-1] INFO  segmented.SegmentedRaftLogWorker (SegmentedRaftLogWorker.java:<init>(172)) - new cd37c1c7-ed8f-41a0-b2e2-3b6d8e860895@group-4265C47D2F01-SegmentedRaftLogWorker for RaftStorage:Storage Directory /workdir/hadoop-ozone/integration-test/target/test-dir/MiniOzoneClusterImpl-c1088f23-01ce-44bf-9846-8858f4e9356f/datanode-0/data/ratis/af237ea6-840c-471b-8334-4265c47d2f01
2019-09-25 06:02:07,116 [pool-87-thread-1] INFO  segmented.SegmentedRaftLogWorker (SegmentedRaftLogWorker.java:<init>(172)) - new 2a6250a5-e83c-4cf8-870e-a78e520bdf29@group-4265C47D2F01-SegmentedRaftLogWorker for RaftStorage:Storage Directory /workdir/hadoop-ozone/integration-test/target/test-dir/MiniOzoneClusterImpl-c1088f23-01ce-44bf-9846-8858f4e9356f/datanode-6/data/ratis/af237ea6-840c-471b-8334-4265c47d2f01
2019-09-25 06:02:07,116 [pool-27-thread-1] INFO  server.RaftServerConfigKeys (ConfUtils.java:logGet(43)) - raft.server.log.queue.byte-limit = 2147483647 (custom)
2019-09-25 06:02:07,117 [pool-27-thread-1] INFO  server.RaftServerConfigKeys (ConfUtils.java:logGet(43)) - raft.server.log.queue.element-limit = 1024 (custom)
2019-09-25 06:02:07,117 [pool-27-thread-1] INFO  server.RaftServerConfigKeys (ConfUtils.java:logGet(43)) - raft.server.log.segment.size.max = 1048576 (custom)
2019-09-25 06:02:07,117 [pool-27-thread-1] INFO  server.RaftServerConfigKeys (ConfUtils.java:logGet(43)) - raft.server.log.preallocated.size = 16384 (custom)
2019-09-25 06:02:07,117 [pool-27-thread-1] INFO  server.RaftServerConfigKeys (ConfUtils.java:logGet(43)) - raft.server.log.write.buffer.size = 33554432 (custom)
2019-09-25 06:02:07,117 [pool-27-thread-1] INFO  server.RaftServerConfigKeys (ConfUtils.java:logGet(43)) - raft.server.log.force.sync.num = 128 (default)
2019-09-25 06:02:07,118 [pool-27-thread-1] INFO  server.RaftServerConfigKeys (ConfUtils.java:logGet(43)) - raft.server.log.statemachine.data.sync = true (default)
2019-09-25 06:02:07,118 [pool-27-thread-1] INFO  server.RaftServerConfigKeys (ConfUtils.java:logGet(43)) - raft.server.log.statemachine.data.sync.timeout = 10s (default)
2019-09-25 06:02:07,118 [pool-27-thread-1] INFO  server.RaftServerConfigKeys (ConfUtils.java:logGet(43)) - raft.server.log.statemachine.data.sync.timeout.retry = -1 (default)
2019-09-25 06:02:07,118 [pool-27-thread-1] INFO  server.RaftServerConfigKeys (ConfUtils.java:logGet(43)) - raft.server.log.statemachine.data.caching.enabled = true (custom)
2019-09-25 06:02:07,119 [pool-27-thread-1] INFO  segmented.SegmentedRaftLogWorker (SegmentedRaftLogWorker.java:lambda$new$0(132)) - cd37c1c7-ed8f-41a0-b2e2-3b6d8e860895@group-4265C47D2F01-SegmentedRaftLogWorker: flushIndex: setUnconditionally 0 -> -1
2019-09-25 06:02:07,119 [pool-27-thread-1] INFO  server.RaftServerConfigKeys (ConfUtils.java:logGet(43)) - raft.server.snapshot.auto.trigger.enabled = true (custom)
2019-09-25 06:02:07,119 [pool-27-thread-1] INFO  server.RaftServerConfigKeys (ConfUtils.java:logGet(43)) - raft.server.snapshot.auto.trigger.threshold = 10000 (custom)
2019-09-25 06:02:07,120 [pool-27-thread-1] INFO  server.RaftServerConfigKeys (ConfUtils.java:logGet(43)) - raft.server.snapshot.retention.num.files = 5 (custom)
2019-09-25 06:02:07,120 [pool-27-thread-1] INFO  server.RaftServerConfigKeys (ConfUtils.java:logGet(43)) - raft.server.retrycache.expirytime = 600000ms (custom)
2019-09-25 06:02:07,120 [pool-37-thread-1] INFO  server.RaftServerConfigKeys (ConfUtils.java:logGet(43)) - raft.server.log.queue.byte-limit = 2147483647 (custom)
2019-09-25 06:02:07,120 [pool-37-thread-1] INFO  server.RaftServerConfigKeys (ConfUtils.java:logGet(43)) - raft.server.log.queue.element-limit = 1024 (custom)
2019-09-25 06:02:07,120 [pool-37-thread-1] INFO  server.RaftServerConfigKeys (ConfUtils.java:logGet(43)) - raft.server.log.segment.size.max = 1048576 (custom)
2019-09-25 06:02:07,120 [pool-37-thread-1] INFO  server.RaftServerConfigKeys (ConfUtils.java:logGet(43)) - raft.server.log.preallocated.size = 16384 (custom)
2019-09-25 06:02:07,121 [pool-37-thread-1] INFO  server.RaftServerConfigKeys (ConfUtils.java:logGet(43)) - raft.server.log.write.buffer.size = 33554432 (custom)
2019-09-25 06:02:07,121 [pool-37-thread-1] INFO  server.RaftServerConfigKeys (ConfUtils.java:logGet(43)) - raft.server.log.force.sync.num = 128 (default)
2019-09-25 06:02:07,121 [pool-37-thread-1] INFO  server.RaftServerConfigKeys (ConfUtils.java:logGet(43)) - raft.server.log.statemachine.data.sync = true (default)
2019-09-25 06:02:07,121 [pool-37-thread-1] INFO  server.RaftServerConfigKeys (ConfUtils.java:logGet(43)) - raft.server.log.statemachine.data.sync.timeout = 10s (default)
2019-09-25 06:02:07,121 [pool-37-thread-1] INFO  server.RaftServerConfigKeys (ConfUtils.java:logGet(43)) - raft.server.log.statemachine.data.sync.timeout.retry = -1 (default)
2019-09-25 06:02:07,121 [pool-37-thread-1] INFO  server.RaftServerConfigKeys (ConfUtils.java:logGet(43)) - raft.server.log.statemachine.data.caching.enabled = true (custom)
2019-09-25 06:02:07,121 [pool-37-thread-1] INFO  segmented.SegmentedRaftLogWorker (SegmentedRaftLogWorker.java:lambda$new$0(132)) - 87fa81a0-33dc-4710-bb43-7cfa430e4317@group-4265C47D2F01-SegmentedRaftLogWorker: flushIndex: setUnconditionally 0 -> -1
2019-09-25 06:02:07,122 [pool-37-thread-1] INFO  server.RaftServerConfigKeys (ConfUtils.java:logGet(43)) - raft.server.snapshot.auto.trigger.enabled = true (custom)
2019-09-25 06:02:07,122 [pool-37-thread-1] INFO  server.RaftServerConfigKeys (ConfUtils.java:logGet(43)) - raft.server.snapshot.auto.trigger.threshold = 10000 (custom)
2019-09-25 06:02:07,122 [pool-37-thread-1] INFO  server.RaftServerConfigKeys (ConfUtils.java:logGet(43)) - raft.server.snapshot.retention.num.files = 5 (custom)
2019-09-25 06:02:07,122 [pool-37-thread-1] INFO  server.RaftServerConfigKeys (ConfUtils.java:logGet(43)) - raft.server.retrycache.expirytime = 600000ms (custom)
2019-09-25 06:02:07,123 [pool-87-thread-1] INFO  server.RaftServerConfigKeys (ConfUtils.java:logGet(43)) - raft.server.log.queue.byte-limit = 2147483647 (custom)
2019-09-25 06:02:07,123 [pool-87-thread-1] INFO  server.RaftServerConfigKeys (ConfUtils.java:logGet(43)) - raft.server.log.queue.element-limit = 1024 (custom)
2019-09-25 06:02:07,124 [pool-87-thread-1] INFO  server.RaftServerConfigKeys (ConfUtils.java:logGet(43)) - raft.server.log.segment.size.max = 1048576 (custom)
2019-09-25 06:02:07,124 [pool-87-thread-1] INFO  server.RaftServerConfigKeys (ConfUtils.java:logGet(43)) - raft.server.log.preallocated.size = 16384 (custom)
2019-09-25 06:02:07,124 [pool-87-thread-1] INFO  server.RaftServerConfigKeys (ConfUtils.java:logGet(43)) - raft.server.log.write.buffer.size = 33554432 (custom)
2019-09-25 06:02:07,124 [pool-87-thread-1] INFO  server.RaftServerConfigKeys (ConfUtils.java:logGet(43)) - raft.server.log.force.sync.num = 128 (default)
2019-09-25 06:02:07,124 [pool-87-thread-1] INFO  server.RaftServerConfigKeys (ConfUtils.java:logGet(43)) - raft.server.log.statemachine.data.sync = true (default)
2019-09-25 06:02:07,125 [pool-87-thread-1] INFO  server.RaftServerConfigKeys (ConfUtils.java:logGet(43)) - raft.server.log.statemachine.data.sync.timeout = 10s (default)
2019-09-25 06:02:07,125 [pool-87-thread-1] INFO  server.RaftServerConfigKeys (ConfUtils.java:logGet(43)) - raft.server.log.statemachine.data.sync.timeout.retry = -1 (default)
2019-09-25 06:02:07,125 [pool-87-thread-1] INFO  server.RaftServerConfigKeys (ConfUtils.java:logGet(43)) - raft.server.log.statemachine.data.caching.enabled = true (custom)
2019-09-25 06:02:07,126 [pool-87-thread-1] INFO  segmented.SegmentedRaftLogWorker (SegmentedRaftLogWorker.java:lambda$new$0(132)) - 2a6250a5-e83c-4cf8-870e-a78e520bdf29@group-4265C47D2F01-SegmentedRaftLogWorker: flushIndex: setUnconditionally 0 -> -1
2019-09-25 06:02:07,126 [pool-87-thread-1] INFO  server.RaftServerConfigKeys (ConfUtils.java:logGet(43)) - raft.server.snapshot.auto.trigger.enabled = true (custom)
2019-09-25 06:02:07,126 [pool-87-thread-1] INFO  server.RaftServerConfigKeys (ConfUtils.java:logGet(43)) - raft.server.snapshot.auto.trigger.threshold = 10000 (custom)
2019-09-25 06:02:07,126 [pool-87-thread-1] INFO  server.RaftServerConfigKeys (ConfUtils.java:logGet(43)) - raft.server.snapshot.retention.num.files = 5 (custom)
2019-09-25 06:02:07,126 [pool-87-thread-1] INFO  server.RaftServerConfigKeys (ConfUtils.java:logGet(43)) - raft.server.retrycache.expirytime = 600000ms (custom)
2019-09-25 06:02:07,127 [pool-27-thread-1] INFO  impl.RaftServerImpl (RaftServerImpl.java:start(185)) - cd37c1c7-ed8f-41a0-b2e2-3b6d8e860895@group-CC029EF4DC06: start as a follower, conf=-1: [cd37c1c7-ed8f-41a0-b2e2-3b6d8e860895:192.168.30.39:40670], old=null
2019-09-25 06:02:07,127 [pool-37-thread-1] INFO  impl.RaftServerImpl (RaftServerImpl.java:start(185)) - 87fa81a0-33dc-4710-bb43-7cfa430e4317@group-4265C47D2F01: start as a follower, conf=-1: [87fa81a0-33dc-4710-bb43-7cfa430e4317:192.168.30.39:34876, cd37c1c7-ed8f-41a0-b2e2-3b6d8e860895:192.168.30.39:40670, 2a6250a5-e83c-4cf8-870e-a78e520bdf29:192.168.30.39:32983], old=null
2019-09-25 06:02:07,128 [pool-37-thread-1] INFO  impl.RaftServerImpl (RaftServerImpl.java:setRole(174)) - 87fa81a0-33dc-4710-bb43-7cfa430e4317@group-4265C47D2F01: changes role from      null to FOLLOWER at term 0 for startAsFollower
2019-09-25 06:02:07,128 [pool-27-thread-1] INFO  impl.RaftServerImpl (RaftServerImpl.java:setRole(174)) - cd37c1c7-ed8f-41a0-b2e2-3b6d8e860895@group-CC029EF4DC06: changes role from      null to FOLLOWER at term 0 for startAsFollower
2019-09-25 06:02:07,133 [pool-37-thread-1] INFO  impl.RoleInfo (RoleInfo.java:updateAndGet(143)) - 87fa81a0-33dc-4710-bb43-7cfa430e4317: start FollowerState
2019-09-25 06:02:07,133 [pool-27-thread-1] INFO  impl.RoleInfo (RoleInfo.java:updateAndGet(143)) - cd37c1c7-ed8f-41a0-b2e2-3b6d8e860895: start FollowerState
2019-09-25 06:02:07,136 [pool-37-thread-1] INFO  util.JmxRegister (JmxRegister.java:tryRegister(44)) - Successfully registered JMX Bean with object name Ratis:service=RaftServer,group=group-4265C47D2F01,id=87fa81a0-33dc-4710-bb43-7cfa430e4317
2019-09-25 06:02:07,136 [pool-27-thread-1] INFO  util.JmxRegister (JmxRegister.java:tryRegister(44)) - Successfully registered JMX Bean with object name Ratis:service=RaftServer,group=group-CC029EF4DC06,id=cd37c1c7-ed8f-41a0-b2e2-3b6d8e860895
2019-09-25 06:02:07,139 [pool-87-thread-1] INFO  impl.RaftServerImpl (RaftServerImpl.java:start(185)) - 2a6250a5-e83c-4cf8-870e-a78e520bdf29@group-4265C47D2F01: start as a follower, conf=-1: [87fa81a0-33dc-4710-bb43-7cfa430e4317:192.168.30.39:34876, cd37c1c7-ed8f-41a0-b2e2-3b6d8e860895:192.168.30.39:40670, 2a6250a5-e83c-4cf8-870e-a78e520bdf29:192.168.30.39:32983], old=null
2019-09-25 06:02:07,139 [pool-87-thread-1] INFO  impl.RaftServerImpl (RaftServerImpl.java:setRole(174)) - 2a6250a5-e83c-4cf8-870e-a78e520bdf29@group-4265C47D2F01: changes role from      null to FOLLOWER at term 0 for startAsFollower
2019-09-25 06:02:07,139 [pool-87-thread-1] INFO  impl.RoleInfo (RoleInfo.java:updateAndGet(143)) - 2a6250a5-e83c-4cf8-870e-a78e520bdf29: start FollowerState
2019-09-25 06:02:07,139 [pool-87-thread-1] INFO  util.JmxRegister (JmxRegister.java:tryRegister(44)) - Successfully registered JMX Bean with object name Ratis:service=RaftServer,group=group-4265C47D2F01,id=2a6250a5-e83c-4cf8-870e-a78e520bdf29
2019-09-25 06:02:07,151 [pool-27-thread-1] INFO  impl.RaftServerImpl (RaftServerImpl.java:start(185)) - cd37c1c7-ed8f-41a0-b2e2-3b6d8e860895@group-4265C47D2F01: start as a follower, conf=-1: [87fa81a0-33dc-4710-bb43-7cfa430e4317:192.168.30.39:34876, cd37c1c7-ed8f-41a0-b2e2-3b6d8e860895:192.168.30.39:40670, 2a6250a5-e83c-4cf8-870e-a78e520bdf29:192.168.30.39:32983], old=null
2019-09-25 06:02:07,151 [pool-27-thread-1] INFO  impl.RaftServerImpl (RaftServerImpl.java:setRole(174)) - cd37c1c7-ed8f-41a0-b2e2-3b6d8e860895@group-4265C47D2F01: changes role from      null to FOLLOWER at term 0 for startAsFollower
2019-09-25 06:02:07,152 [pool-27-thread-1] INFO  impl.RoleInfo (RoleInfo.java:updateAndGet(143)) - cd37c1c7-ed8f-41a0-b2e2-3b6d8e860895: start FollowerState
2019-09-25 06:02:07,152 [pool-27-thread-1] INFO  util.JmxRegister (JmxRegister.java:tryRegister(44)) - Successfully registered JMX Bean with object name Ratis:service=RaftServer,group=group-4265C47D2F01,id=cd37c1c7-ed8f-41a0-b2e2-3b6d8e860895
2019-09-25 06:02:07,499 [RatisPipelineUtilsThread] INFO  pipeline.PipelineStateManager (PipelineStateManager.java:addPipeline(56)) - Created pipeline Pipeline[ Id: af237ea6-840c-471b-8334-4265c47d2f01, Nodes: 2a6250a5-e83c-4cf8-870e-a78e520bdf29{ip: 192.168.30.39, host: trunk-nightly-20190925-htsvn-2214856702, networkLocation: /default-rack, certSerialId: null}cd37c1c7-ed8f-41a0-b2e2-3b6d8e860895{ip: 192.168.30.39, host: trunk-nightly-20190925-htsvn-2214856702, networkLocation: /default-rack, certSerialId: null}87fa81a0-33dc-4710-bb43-7cfa430e4317{ip: 192.168.30.39, host: trunk-nightly-20190925-htsvn-2214856702, networkLocation: /default-rack, certSerialId: null}, Type:RATIS, Factor:THREE, State:OPEN]
2019-09-25 06:02:07,585 [grpc-default-executor-0] INFO  impl.RaftServerProxy (RaftServerProxy.java:addNew(89)) - 998cb3eb-8230-45a4-8ff4-8e174ebf4a14: addNew group-30E4EFB8FAAC:[4f3e9087-d663-42a0-8269-44a4415c993d:192.168.30.39:46853, 3cd052f0-76d4-4fb9-8167-d29e1ecff337:192.168.30.39:38011, 998cb3eb-8230-45a4-8ff4-8e174ebf4a14:192.168.30.39:35247] returns group-30E4EFB8FAAC:java.util.concurrent.CompletableFuture@4adb18fd[Not completed]
2019-09-25 06:02:07,586 [grpc-default-executor-2] INFO  impl.RaftServerProxy (RaftServerProxy.java:addNew(89)) - 4f3e9087-d663-42a0-8269-44a4415c993d: addNew group-30E4EFB8FAAC:[4f3e9087-d663-42a0-8269-44a4415c993d:192.168.30.39:46853, 3cd052f0-76d4-4fb9-8167-d29e1ecff337:192.168.30.39:38011, 998cb3eb-8230-45a4-8ff4-8e174ebf4a14:192.168.30.39:35247] returns group-30E4EFB8FAAC:java.util.concurrent.CompletableFuture@53be101f[Not completed]
2019-09-25 06:02:07,588 [grpc-default-executor-1] INFO  impl.RaftServerProxy (RaftServerProxy.java:addNew(89)) - 3cd052f0-76d4-4fb9-8167-d29e1ecff337: addNew group-30E4EFB8FAAC:[4f3e9087-d663-42a0-8269-44a4415c993d:192.168.30.39:46853, 3cd052f0-76d4-4fb9-8167-d29e1ecff337:192.168.30.39:38011, 998cb3eb-8230-45a4-8ff4-8e174ebf4a14:192.168.30.39:35247] returns group-30E4EFB8FAAC:java.util.concurrent.CompletableFuture@201866c1[Not completed]
2019-09-25 06:02:07,593 [pool-57-thread-1] INFO  impl.RaftServerImpl (RaftServerImpl.java:<init>(95)) - 998cb3eb-8230-45a4-8ff4-8e174ebf4a14: new RaftServerImpl for group-30E4EFB8FAAC:[4f3e9087-d663-42a0-8269-44a4415c993d:192.168.30.39:46853, 3cd052f0-76d4-4fb9-8167-d29e1ecff337:192.168.30.39:38011, 998cb3eb-8230-45a4-8ff4-8e174ebf4a14:192.168.30.39:35247] with ContainerStateMachine:uninitialized
2019-09-25 06:02:07,593 [pool-57-thread-1] INFO  server.RaftServerConfigKeys (ConfUtils.java:logGet(43)) - raft.server.rpc.timeout.min = 5s (custom)
2019-09-25 06:02:07,593 [pool-57-thread-1] INFO  server.RaftServerConfigKeys (ConfUtils.java:logGet(43)) - raft.server.rpc.timeout.max = 5200ms (custom)
2019-09-25 06:02:07,594 [pool-57-thread-1] INFO  server.RaftServerConfigKeys (ConfUtils.java:logGet(43)) - raft.server.rpcslowness.timeout = 120s (custom)
2019-09-25 06:02:07,594 [pool-57-thread-1] INFO  server.RaftServerConfigKeys (ConfUtils.java:logGet(43)) - raft.server.sleep.deviation.threshold = 300 (default)
2019-09-25 06:02:07,594 [pool-57-thread-1] INFO  server.RaftServerConfigKeys (ConfUtils.java:logGet(43)) - raft.server.log.appender.install.snapshot.enabled = false (custom)
2019-09-25 06:02:07,594 [pool-57-thread-1] INFO  impl.RaftServerImpl (ServerState.java:<init>(103)) - 998cb3eb-8230-45a4-8ff4-8e174ebf4a14@group-30E4EFB8FAAC: ConfigurationManager, init=-1: [4f3e9087-d663-42a0-8269-44a4415c993d:192.168.30.39:46853, 3cd052f0-76d4-4fb9-8167-d29e1ecff337:192.168.30.39:38011, 998cb3eb-8230-45a4-8ff4-8e174ebf4a14:192.168.30.39:35247], old=null, confs=<EMPTY_MAP>
2019-09-25 06:02:07,597 [pool-77-thread-1] INFO  impl.RaftServerImpl (RaftServerImpl.java:<init>(95)) - 4f3e9087-d663-42a0-8269-44a4415c993d: new RaftServerImpl for group-30E4EFB8FAAC:[4f3e9087-d663-42a0-8269-44a4415c993d:192.168.30.39:46853, 3cd052f0-76d4-4fb9-8167-d29e1ecff337:192.168.30.39:38011, 998cb3eb-8230-45a4-8ff4-8e174ebf4a14:192.168.30.39:35247] with ContainerStateMachine:uninitialized
2019-09-25 06:02:07,597 [pool-57-thread-1] INFO  server.RaftServerConfigKeys (ConfUtils.java:logGet(43)) - raft.server.storage.dir = [/workdir/hadoop-ozone/integration-test/target/test-dir/MiniOzoneClusterImpl-c1088f23-01ce-44bf-9846-8858f4e9356f/datanode-3/data/ratis] (custom)
2019-09-25 06:02:07,597 [pool-77-thread-1] INFO  server.RaftServerConfigKeys (ConfUtils.java:logGet(43)) - raft.server.rpc.timeout.min = 5s (custom)
2019-09-25 06:02:07,597 [pool-77-thread-1] INFO  server.RaftServerConfigKeys (ConfUtils.java:logGet(43)) - raft.server.rpc.timeout.max = 5200ms (custom)
2019-09-25 06:02:07,597 [pool-57-thread-1] INFO  storage.RaftStorageDirectory (RaftStorageDirectory.java:analyzeStorage(246)) - The storage directory /workdir/hadoop-ozone/integration-test/target/test-dir/MiniOzoneClusterImpl-c1088f23-01ce-44bf-9846-8858f4e9356f/datanode-3/data/ratis/be5a9c04-171d-4cf0-b8e0-30e4efb8faac does not exist. Creating ...
2019-09-25 06:02:07,597 [pool-77-thread-1] INFO  server.RaftServerConfigKeys (ConfUtils.java:logGet(43)) - raft.server.rpcslowness.timeout = 120s (custom)
2019-09-25 06:02:07,600 [pool-77-thread-1] INFO  server.RaftServerConfigKeys (ConfUtils.java:logGet(43)) - raft.server.sleep.deviation.threshold = 300 (default)
2019-09-25 06:02:07,600 [pool-67-thread-1] INFO  impl.RaftServerImpl (RaftServerImpl.java:<init>(95)) - 3cd052f0-76d4-4fb9-8167-d29e1ecff337: new RaftServerImpl for group-30E4EFB8FAAC:[4f3e9087-d663-42a0-8269-44a4415c993d:192.168.30.39:46853, 3cd052f0-76d4-4fb9-8167-d29e1ecff337:192.168.30.39:38011, 998cb3eb-8230-45a4-8ff4-8e174ebf4a14:192.168.30.39:35247] with ContainerStateMachine:uninitialized
2019-09-25 06:02:07,600 [pool-77-thread-1] INFO  server.RaftServerConfigKeys (ConfUtils.java:logGet(43)) - raft.server.log.appender.install.snapshot.enabled = false (custom)
2019-09-25 06:02:07,600 [pool-67-thread-1] INFO  server.RaftServerConfigKeys (ConfUtils.java:logGet(43)) - raft.server.rpc.timeout.min = 5s (custom)
2019-09-25 06:02:07,600 [pool-77-thread-1] INFO  impl.RaftServerImpl (ServerState.java:<init>(103)) - 4f3e9087-d663-42a0-8269-44a4415c993d@group-30E4EFB8FAAC: ConfigurationManager, init=-1: [4f3e9087-d663-42a0-8269-44a4415c993d:192.168.30.39:46853, 3cd052f0-76d4-4fb9-8167-d29e1ecff337:192.168.30.39:38011, 998cb3eb-8230-45a4-8ff4-8e174ebf4a14:192.168.30.39:35247], old=null, confs=<EMPTY_MAP>
2019-09-25 06:02:07,600 [pool-67-thread-1] INFO  server.RaftServerConfigKeys (ConfUtils.java:logGet(43)) - raft.server.rpc.timeout.max = 5200ms (custom)
2019-09-25 06:02:07,601 [pool-77-thread-1] INFO  server.RaftServerConfigKeys (ConfUtils.java:logGet(43)) - raft.server.storage.dir = [/workdir/hadoop-ozone/integration-test/target/test-dir/MiniOzoneClusterImpl-c1088f23-01ce-44bf-9846-8858f4e9356f/datanode-5/data/ratis] (custom)
2019-09-25 06:02:07,601 [pool-67-thread-1] INFO  server.RaftServerConfigKeys (ConfUtils.java:logGet(43)) - raft.server.rpcslowness.timeout = 120s (custom)
2019-09-25 06:02:07,601 [pool-67-thread-1] INFO  server.RaftServerConfigKeys (ConfUtils.java:logGet(43)) - raft.server.sleep.deviation.threshold = 300 (default)
2019-09-25 06:02:07,601 [pool-67-thread-1] INFO  server.RaftServerConfigKeys (ConfUtils.java:logGet(43)) - raft.server.log.appender.install.snapshot.enabled = false (custom)
2019-09-25 06:02:07,601 [pool-77-thread-1] INFO  storage.RaftStorageDirectory (RaftStorageDirectory.java:analyzeStorage(246)) - The storage directory /workdir/hadoop-ozone/integration-test/target/test-dir/MiniOzoneClusterImpl-c1088f23-01ce-44bf-9846-8858f4e9356f/datanode-5/data/ratis/be5a9c04-171d-4cf0-b8e0-30e4efb8faac does not exist. Creating ...
2019-09-25 06:02:07,601 [pool-67-thread-1] INFO  impl.RaftServerImpl (ServerState.java:<init>(103)) - 3cd052f0-76d4-4fb9-8167-d29e1ecff337@group-30E4EFB8FAAC: ConfigurationManager, init=-1: [4f3e9087-d663-42a0-8269-44a4415c993d:192.168.30.39:46853, 3cd052f0-76d4-4fb9-8167-d29e1ecff337:192.168.30.39:38011, 998cb3eb-8230-45a4-8ff4-8e174ebf4a14:192.168.30.39:35247], old=null, confs=<EMPTY_MAP>
2019-09-25 06:02:07,601 [pool-67-thread-1] INFO  server.RaftServerConfigKeys (ConfUtils.java:logGet(43)) - raft.server.storage.dir = [/workdir/hadoop-ozone/integration-test/target/test-dir/MiniOzoneClusterImpl-c1088f23-01ce-44bf-9846-8858f4e9356f/datanode-4/data/ratis] (custom)
2019-09-25 06:02:07,602 [pool-67-thread-1] INFO  storage.RaftStorageDirectory (RaftStorageDirectory.java:analyzeStorage(246)) - The storage directory /workdir/hadoop-ozone/integration-test/target/test-dir/MiniOzoneClusterImpl-c1088f23-01ce-44bf-9846-8858f4e9356f/datanode-4/data/ratis/be5a9c04-171d-4cf0-b8e0-30e4efb8faac does not exist. Creating ...
2019-09-25 06:02:08,839 [pool-57-thread-1] INFO  storage.RaftStorageDirectory (RaftStorageDirectory.java:tryLock(328)) - Lock on /workdir/hadoop-ozone/integration-test/target/test-dir/MiniOzoneClusterImpl-c1088f23-01ce-44bf-9846-8858f4e9356f/datanode-3/data/ratis/be5a9c04-171d-4cf0-b8e0-30e4efb8faac/in_use.lock acquired by nodename 10563@trunk-nightly-20190925-htsvn-2214856702
2019-09-25 06:02:08,839 [pool-67-thread-1] INFO  storage.RaftStorageDirectory (RaftStorageDirectory.java:tryLock(328)) - Lock on /workdir/hadoop-ozone/integration-test/target/test-dir/MiniOzoneClusterImpl-c1088f23-01ce-44bf-9846-8858f4e9356f/datanode-4/data/ratis/be5a9c04-171d-4cf0-b8e0-30e4efb8faac/in_use.lock acquired by nodename 10563@trunk-nightly-20190925-htsvn-2214856702
2019-09-25 06:02:08,839 [pool-77-thread-1] INFO  storage.RaftStorageDirectory (RaftStorageDirectory.java:tryLock(328)) - Lock on /workdir/hadoop-ozone/integration-test/target/test-dir/MiniOzoneClusterImpl-c1088f23-01ce-44bf-9846-8858f4e9356f/datanode-5/data/ratis/be5a9c04-171d-4cf0-b8e0-30e4efb8faac/in_use.lock acquired by nodename 10563@trunk-nightly-20190925-htsvn-2214856702
2019-09-25 06:02:08,923 [pool-67-thread-1] INFO  storage.RaftStorage (RaftStorage.java:format(72)) - Storage directory /workdir/hadoop-ozone/integration-test/target/test-dir/MiniOzoneClusterImpl-c1088f23-01ce-44bf-9846-8858f4e9356f/datanode-4/data/ratis/be5a9c04-171d-4cf0-b8e0-30e4efb8faac has been successfully formatted.
2019-09-25 06:02:08,923 [pool-77-thread-1] INFO  storage.RaftStorage (RaftStorage.java:format(72)) - Storage directory /workdir/hadoop-ozone/integration-test/target/test-dir/MiniOzoneClusterImpl-c1088f23-01ce-44bf-9846-8858f4e9356f/datanode-5/data/ratis/be5a9c04-171d-4cf0-b8e0-30e4efb8faac has been successfully formatted.
2019-09-25 06:02:08,923 [pool-57-thread-1] INFO  storage.RaftStorage (RaftStorage.java:format(72)) - Storage directory /workdir/hadoop-ozone/integration-test/target/test-dir/MiniOzoneClusterImpl-c1088f23-01ce-44bf-9846-8858f4e9356f/datanode-3/data/ratis/be5a9c04-171d-4cf0-b8e0-30e4efb8faac has been successfully formatted.
2019-09-25 06:02:08,924 [pool-67-thread-1] INFO  ratis.ContainerStateMachine (ContainerStateMachine.java:loadSnapshot(230)) - group-30E4EFB8FAAC: The snapshot info is null. Setting the last applied indexto:(t:0, i:~)
2019-09-25 06:02:08,924 [pool-77-thread-1] INFO  ratis.ContainerStateMachine (ContainerStateMachine.java:loadSnapshot(230)) - group-30E4EFB8FAAC: The snapshot info is null. Setting the last applied indexto:(t:0, i:~)
2019-09-25 06:02:08,924 [pool-67-thread-1] INFO  server.RaftServerConfigKeys (ConfUtils.java:logGet(43)) - raft.server.notification.no-leader.timeout = 120s (custom)
2019-09-25 06:02:08,924 [pool-57-thread-1] INFO  ratis.ContainerStateMachine (ContainerStateMachine.java:loadSnapshot(230)) - group-30E4EFB8FAAC: The snapshot info is null. Setting the last applied indexto:(t:0, i:~)
2019-09-25 06:02:08,924 [pool-67-thread-1] INFO  server.RaftServerConfigKeys (ConfUtils.java:logGet(43)) - raft.server.log.use.memory = false (default)
2019-09-25 06:02:08,924 [pool-77-thread-1] INFO  server.RaftServerConfigKeys (ConfUtils.java:logGet(43)) - raft.server.notification.no-leader.timeout = 120s (custom)
2019-09-25 06:02:08,925 [pool-67-thread-1] INFO  server.RaftServerConfigKeys (ConfUtils.java:logGet(43)) - raft.server.log.purge.gap = 1000000 (custom)
2019-09-25 06:02:08,924 [pool-57-thread-1] INFO  server.RaftServerConfigKeys (ConfUtils.java:logGet(43)) - raft.server.notification.no-leader.timeout = 120s (custom)
2019-09-25 06:02:08,925 [pool-67-thread-1] INFO  server.RaftServerConfigKeys (ConfUtils.java:logGet(43)) - raft.server.log.appender.buffer.byte-limit = 33554432 (custom)
2019-09-25 06:02:08,925 [pool-77-thread-1] INFO  server.RaftServerConfigKeys (ConfUtils.java:logGet(43)) - raft.server.log.use.memory = false (default)
2019-09-25 06:02:08,925 [pool-67-thread-1] INFO  server.RaftServerConfigKeys (ConfUtils.java:logGet(43)) - raft.server.log.segment.size.max = 1048576 (custom)
2019-09-25 06:02:08,925 [pool-57-thread-1] INFO  server.RaftServerConfigKeys (ConfUtils.java:logGet(43)) - raft.server.log.use.memory = false (default)
2019-09-25 06:02:08,926 [pool-67-thread-1] INFO  server.RaftServerConfigKeys (ConfUtils.java:logGet(43)) - raft.server.log.segment.cache.num.max = 2 (custom)
2019-09-25 06:02:08,925 [pool-77-thread-1] INFO  server.RaftServerConfigKeys (ConfUtils.java:logGet(43)) - raft.server.log.purge.gap = 1000000 (custom)
2019-09-25 06:02:08,926 [pool-67-thread-1] INFO  segmented.SegmentedRaftLogWorker (SegmentedRaftLogWorker.java:<init>(172)) - new 3cd052f0-76d4-4fb9-8167-d29e1ecff337@group-30E4EFB8FAAC-SegmentedRaftLogWorker for RaftStorage:Storage Directory /workdir/hadoop-ozone/integration-test/target/test-dir/MiniOzoneClusterImpl-c1088f23-01ce-44bf-9846-8858f4e9356f/datanode-4/data/ratis/be5a9c04-171d-4cf0-b8e0-30e4efb8faac
2019-09-25 06:02:08,926 [pool-57-thread-1] INFO  server.RaftServerConfigKeys (ConfUtils.java:logGet(43)) - raft.server.log.purge.gap = 1000000 (custom)
2019-09-25 06:02:08,926 [pool-77-thread-1] INFO  server.RaftServerConfigKeys (ConfUtils.java:logGet(43)) - raft.server.log.appender.buffer.byte-limit = 33554432 (custom)
2019-09-25 06:02:08,926 [pool-57-thread-1] INFO  server.RaftServerConfigKeys (ConfUtils.java:logGet(43)) - raft.server.log.appender.buffer.byte-limit = 33554432 (custom)
2019-09-25 06:02:08,927 [pool-77-thread-1] INFO  server.RaftServerConfigKeys (ConfUtils.java:logGet(43)) - raft.server.log.segment.size.max = 1048576 (custom)
2019-09-25 06:02:08,927 [pool-57-thread-1] INFO  server.RaftServerConfigKeys (ConfUtils.java:logGet(43)) - raft.server.log.segment.size.max = 1048576 (custom)
2019-09-25 06:02:08,927 [pool-77-thread-1] INFO  server.RaftServerConfigKeys (ConfUtils.java:logGet(43)) - raft.server.log.segment.cache.num.max = 2 (custom)
2019-09-25 06:02:08,927 [pool-57-thread-1] INFO  server.RaftServerConfigKeys (ConfUtils.java:logGet(43)) - raft.server.log.segment.cache.num.max = 2 (custom)
2019-09-25 06:02:08,927 [pool-77-thread-1] INFO  segmented.SegmentedRaftLogWorker (SegmentedRaftLogWorker.java:<init>(172)) - new 4f3e9087-d663-42a0-8269-44a4415c993d@group-30E4EFB8FAAC-SegmentedRaftLogWorker for RaftStorage:Storage Directory /workdir/hadoop-ozone/integration-test/target/test-dir/MiniOzoneClusterImpl-c1088f23-01ce-44bf-9846-8858f4e9356f/datanode-5/data/ratis/be5a9c04-171d-4cf0-b8e0-30e4efb8faac
2019-09-25 06:02:08,927 [pool-57-thread-1] INFO  segmented.SegmentedRaftLogWorker (SegmentedRaftLogWorker.java:<init>(172)) - new 998cb3eb-8230-45a4-8ff4-8e174ebf4a14@group-30E4EFB8FAAC-SegmentedRaftLogWorker for RaftStorage:Storage Directory /workdir/hadoop-ozone/integration-test/target/test-dir/MiniOzoneClusterImpl-c1088f23-01ce-44bf-9846-8858f4e9356f/datanode-3/data/ratis/be5a9c04-171d-4cf0-b8e0-30e4efb8faac
2019-09-25 06:02:08,933 [pool-67-thread-1] INFO  server.RaftServerConfigKeys (ConfUtils.java:logGet(43)) - raft.server.log.queue.byte-limit = 2147483647 (custom)
2019-09-25 06:02:08,934 [pool-67-thread-1] INFO  server.RaftServerConfigKeys (ConfUtils.java:logGet(43)) - raft.server.log.queue.element-limit = 1024 (custom)
2019-09-25 06:02:08,934 [pool-67-thread-1] INFO  server.RaftServerConfigKeys (ConfUtils.java:logGet(43)) - raft.server.log.segment.size.max = 1048576 (custom)
2019-09-25 06:02:08,934 [pool-67-thread-1] INFO  server.RaftServerConfigKeys (ConfUtils.java:logGet(43)) - raft.server.log.preallocated.size = 16384 (custom)
2019-09-25 06:02:08,934 [pool-67-thread-1] INFO  server.RaftServerConfigKeys (ConfUtils.java:logGet(43)) - raft.server.log.write.buffer.size = 33554432 (custom)
2019-09-25 06:02:08,934 [pool-77-thread-1] INFO  server.RaftServerConfigKeys (ConfUtils.java:logGet(43)) - raft.server.log.queue.byte-limit = 2147483647 (custom)
2019-09-25 06:02:08,934 [pool-57-thread-1] INFO  server.RaftServerConfigKeys (ConfUtils.java:logGet(43)) - raft.server.log.queue.byte-limit = 2147483647 (custom)
2019-09-25 06:02:08,935 [pool-77-thread-1] INFO  server.RaftServerConfigKeys (ConfUtils.java:logGet(43)) - raft.server.log.queue.element-limit = 1024 (custom)
2019-09-25 06:02:08,934 [pool-67-thread-1] INFO  server.RaftServerConfigKeys (ConfUtils.java:logGet(43)) - raft.server.log.force.sync.num = 128 (default)
2019-09-25 06:02:08,935 [pool-77-thread-1] INFO  server.RaftServerConfigKeys (ConfUtils.java:logGet(43)) - raft.server.log.segment.size.max = 1048576 (custom)
2019-09-25 06:02:08,935 [pool-67-thread-1] INFO  server.RaftServerConfigKeys (ConfUtils.java:logGet(43)) - raft.server.log.statemachine.data.sync = true (default)
2019-09-25 06:02:08,935 [pool-57-thread-1] INFO  server.RaftServerConfigKeys (ConfUtils.java:logGet(43)) - raft.server.log.queue.element-limit = 1024 (custom)
2019-09-25 06:02:08,935 [pool-67-thread-1] INFO  server.RaftServerConfigKeys (ConfUtils.java:logGet(43)) - raft.server.log.statemachine.data.sync.timeout = 10s (default)
2019-09-25 06:02:08,935 [pool-77-thread-1] INFO  server.RaftServerConfigKeys (ConfUtils.java:logGet(43)) - raft.server.log.preallocated.size = 16384 (custom)
2019-09-25 06:02:08,936 [pool-57-thread-1] INFO  server.RaftServerConfigKeys (ConfUtils.java:logGet(43)) - raft.server.log.segment.size.max = 1048576 (custom)
2019-09-25 06:02:08,936 [pool-67-thread-1] INFO  server.RaftServerConfigKeys (ConfUtils.java:logGet(43)) - raft.server.log.statemachine.data.sync.timeout.retry = -1 (default)
2019-09-25 06:02:08,936 [pool-57-thread-1] INFO  server.RaftServerConfigKeys (ConfUtils.java:logGet(43)) - raft.server.log.preallocated.size = 16384 (custom)
2019-09-25 06:02:08,936 [pool-77-thread-1] INFO  server.RaftServerConfigKeys (ConfUtils.java:logGet(43)) - raft.server.log.write.buffer.size = 33554432 (custom)
2019-09-25 06:02:08,936 [pool-67-thread-1] INFO  server.RaftServerConfigKeys (ConfUtils.java:logGet(43)) - raft.server.log.statemachine.data.caching.enabled = true (custom)
2019-09-25 06:02:08,936 [pool-57-thread-1] INFO  server.RaftServerConfigKeys (ConfUtils.java:logGet(43)) - raft.server.log.write.buffer.size = 33554432 (custom)
2019-09-25 06:02:08,937 [pool-77-thread-1] INFO  server.RaftServerConfigKeys (ConfUtils.java:logGet(43)) - raft.server.log.force.sync.num = 128 (default)
2019-09-25 06:02:08,937 [pool-57-thread-1] INFO  server.RaftServerConfigKeys (ConfUtils.java:logGet(43)) - raft.server.log.force.sync.num = 128 (default)
2019-09-25 06:02:08,937 [pool-67-thread-1] INFO  segmented.SegmentedRaftLogWorker (SegmentedRaftLogWorker.java:lambda$new$0(132)) - 3cd052f0-76d4-4fb9-8167-d29e1ecff337@group-30E4EFB8FAAC-SegmentedRaftLogWorker: flushIndex: setUnconditionally 0 -> -1
2019-09-25 06:02:08,937 [pool-57-thread-1] INFO  server.RaftServerConfigKeys (ConfUtils.java:logGet(43)) - raft.server.log.statemachine.data.sync = true (default)
2019-09-25 06:02:08,937 [pool-77-thread-1] INFO  server.RaftServerConfigKeys (ConfUtils.java:logGet(43)) - raft.server.log.statemachine.data.sync = true (default)
2019-09-25 06:02:08,937 [pool-67-thread-1] INFO  server.RaftServerConfigKeys (ConfUtils.java:logGet(43)) - raft.server.snapshot.auto.trigger.enabled = true (custom)
2019-09-25 06:02:08,937 [pool-57-thread-1] INFO  server.RaftServerConfigKeys (ConfUtils.java:logGet(43)) - raft.server.log.statemachine.data.sync.timeout = 10s (default)
2019-09-25 06:02:08,938 [pool-67-thread-1] INFO  server.RaftServerConfigKeys (ConfUtils.java:logGet(43)) - raft.server.snapshot.auto.trigger.threshold = 10000 (custom)
2019-09-25 06:02:08,938 [pool-77-thread-1] INFO  server.RaftServerConfigKeys (ConfUtils.java:logGet(43)) - raft.server.log.statemachine.data.sync.timeout = 10s (default)
2019-09-25 06:02:08,938 [pool-67-thread-1] INFO  server.RaftServerConfigKeys (ConfUtils.java:logGet(43)) - raft.server.snapshot.retention.num.files = 5 (custom)
2019-09-25 06:02:08,938 [pool-57-thread-1] INFO  server.RaftServerConfigKeys (ConfUtils.java:logGet(43)) - raft.server.log.statemachine.data.sync.timeout.retry = -1 (default)
2019-09-25 06:02:08,938 [pool-67-thread-1] INFO  server.RaftServerConfigKeys (ConfUtils.java:logGet(43)) - raft.server.retrycache.expirytime = 600000ms (custom)
2019-09-25 06:02:08,938 [pool-77-thread-1] INFO  server.RaftServerConfigKeys (ConfUtils.java:logGet(43)) - raft.server.log.statemachine.data.sync.timeout.retry = -1 (default)
2019-09-25 06:02:08,939 [pool-57-thread-1] INFO  server.RaftServerConfigKeys (ConfUtils.java:logGet(43)) - raft.server.log.statemachine.data.caching.enabled = true (custom)
2019-09-25 06:02:08,939 [pool-77-thread-1] INFO  server.RaftServerConfigKeys (ConfUtils.java:logGet(43)) - raft.server.log.statemachine.data.caching.enabled = true (custom)
2019-09-25 06:02:08,939 [pool-57-thread-1] INFO  segmented.SegmentedRaftLogWorker (SegmentedRaftLogWorker.java:lambda$new$0(132)) - 998cb3eb-8230-45a4-8ff4-8e174ebf4a14@group-30E4EFB8FAAC-SegmentedRaftLogWorker: flushIndex: setUnconditionally 0 -> -1
2019-09-25 06:02:08,939 [pool-77-thread-1] INFO  segmented.SegmentedRaftLogWorker (SegmentedRaftLogWorker.java:lambda$new$0(132)) - 4f3e9087-d663-42a0-8269-44a4415c993d@group-30E4EFB8FAAC-SegmentedRaftLogWorker: flushIndex: setUnconditionally 0 -> -1
2019-09-25 06:02:08,940 [pool-57-thread-1] INFO  server.RaftServerConfigKeys (ConfUtils.java:logGet(43)) - raft.server.snapshot.auto.trigger.enabled = true (custom)
2019-09-25 06:02:08,940 [pool-57-thread-1] INFO  server.RaftServerConfigKeys (ConfUtils.java:logGet(43)) - raft.server.snapshot.auto.trigger.threshold = 10000 (custom)
2019-09-25 06:02:08,940 [pool-57-thread-1] INFO  server.RaftServerConfigKeys (ConfUtils.java:logGet(43)) - raft.server.snapshot.retention.num.files = 5 (custom)
2019-09-25 06:02:08,940 [pool-77-thread-1] INFO  server.RaftServerConfigKeys (ConfUtils.java:logGet(43)) - raft.server.snapshot.auto.trigger.enabled = true (custom)
2019-09-25 06:02:08,940 [pool-57-thread-1] INFO  server.RaftServerConfigKeys (ConfUtils.java:logGet(43)) - raft.server.retrycache.expirytime = 600000ms (custom)
2019-09-25 06:02:08,940 [pool-77-thread-1] INFO  server.RaftServerConfigKeys (ConfUtils.java:logGet(43)) - raft.server.snapshot.auto.trigger.threshold = 10000 (custom)
2019-09-25 06:02:08,941 [pool-77-thread-1] INFO  server.RaftServerConfigKeys (ConfUtils.java:logGet(43)) - raft.server.snapshot.retention.num.files = 5 (custom)
2019-09-25 06:02:08,941 [pool-77-thread-1] INFO  server.RaftServerConfigKeys (ConfUtils.java:logGet(43)) - raft.server.retrycache.expirytime = 600000ms (custom)
2019-09-25 06:02:08,945 [pool-67-thread-1] INFO  impl.RaftServerImpl (RaftServerImpl.java:start(185)) - 3cd052f0-76d4-4fb9-8167-d29e1ecff337@group-30E4EFB8FAAC: start as a follower, conf=-1: [4f3e9087-d663-42a0-8269-44a4415c993d:192.168.30.39:46853, 3cd052f0-76d4-4fb9-8167-d29e1ecff337:192.168.30.39:38011, 998cb3eb-8230-45a4-8ff4-8e174ebf4a14:192.168.30.39:35247], old=null
2019-09-25 06:02:08,945 [pool-67-thread-1] INFO  impl.RaftServerImpl (RaftServerImpl.java:setRole(174)) - 3cd052f0-76d4-4fb9-8167-d29e1ecff337@group-30E4EFB8FAAC: changes role from      null to FOLLOWER at term 0 for startAsFollower
2019-09-25 06:02:08,945 [pool-67-thread-1] INFO  impl.RoleInfo (RoleInfo.java:updateAndGet(143)) - 3cd052f0-76d4-4fb9-8167-d29e1ecff337: start FollowerState
2019-09-25 06:02:08,946 [pool-67-thread-1] INFO  util.JmxRegister (JmxRegister.java:tryRegister(44)) - Successfully registered JMX Bean with object name Ratis:service=RaftServer,group=group-30E4EFB8FAAC,id=3cd052f0-76d4-4fb9-8167-d29e1ecff337
2019-09-25 06:02:08,946 [pool-57-thread-1] INFO  impl.RaftServerImpl (RaftServerImpl.java:start(185)) - 998cb3eb-8230-45a4-8ff4-8e174ebf4a14@group-30E4EFB8FAAC: start as a follower, conf=-1: [4f3e9087-d663-42a0-8269-44a4415c993d:192.168.30.39:46853, 3cd052f0-76d4-4fb9-8167-d29e1ecff337:192.168.30.39:38011, 998cb3eb-8230-45a4-8ff4-8e174ebf4a14:192.168.30.39:35247], old=null
2019-09-25 06:02:08,946 [pool-57-thread-1] INFO  impl.RaftServerImpl (RaftServerImpl.java:setRole(174)) - 998cb3eb-8230-45a4-8ff4-8e174ebf4a14@group-30E4EFB8FAAC: changes role from      null to FOLLOWER at term 0 for startAsFollower
2019-09-25 06:02:08,946 [pool-77-thread-1] INFO  impl.RaftServerImpl (RaftServerImpl.java:start(185)) - 4f3e9087-d663-42a0-8269-44a4415c993d@group-30E4EFB8FAAC: start as a follower, conf=-1: [4f3e9087-d663-42a0-8269-44a4415c993d:192.168.30.39:46853, 3cd052f0-76d4-4fb9-8167-d29e1ecff337:192.168.30.39:38011, 998cb3eb-8230-45a4-8ff4-8e174ebf4a14:192.168.30.39:35247], old=null
2019-09-25 06:02:08,947 [pool-57-thread-1] INFO  impl.RoleInfo (RoleInfo.java:updateAndGet(143)) - 998cb3eb-8230-45a4-8ff4-8e174ebf4a14: start FollowerState
2019-09-25 06:02:08,947 [pool-77-thread-1] INFO  impl.RaftServerImpl (RaftServerImpl.java:setRole(174)) - 4f3e9087-d663-42a0-8269-44a4415c993d@group-30E4EFB8FAAC: changes role from      null to FOLLOWER at term 0 for startAsFollower
2019-09-25 06:02:08,947 [pool-77-thread-1] INFO  impl.RoleInfo (RoleInfo.java:updateAndGet(143)) - 4f3e9087-d663-42a0-8269-44a4415c993d: start FollowerState
2019-09-25 06:02:08,947 [pool-57-thread-1] INFO  util.JmxRegister (JmxRegister.java:tryRegister(44)) - Successfully registered JMX Bean with object name Ratis:service=RaftServer,group=group-30E4EFB8FAAC,id=998cb3eb-8230-45a4-8ff4-8e174ebf4a14
2019-09-25 06:02:08,950 [pool-77-thread-1] INFO  util.JmxRegister (JmxRegister.java:tryRegister(44)) - Successfully registered JMX Bean with object name Ratis:service=RaftServer,group=group-30E4EFB8FAAC,id=4f3e9087-d663-42a0-8269-44a4415c993d
2019-09-25 06:02:08,983 [RatisPipelineUtilsThread] INFO  pipeline.PipelineStateManager (PipelineStateManager.java:addPipeline(56)) - Created pipeline Pipeline[ Id: be5a9c04-171d-4cf0-b8e0-30e4efb8faac, Nodes: 4f3e9087-d663-42a0-8269-44a4415c993d{ip: 192.168.30.39, host: trunk-nightly-20190925-htsvn-2214856702, networkLocation: /default-rack, certSerialId: null}998cb3eb-8230-45a4-8ff4-8e174ebf4a14{ip: 192.168.30.39, host: trunk-nightly-20190925-htsvn-2214856702, networkLocation: /default-rack, certSerialId: null}3cd052f0-76d4-4fb9-8167-d29e1ecff337{ip: 192.168.30.39, host: trunk-nightly-20190925-htsvn-2214856702, networkLocation: /default-rack, certSerialId: null}, Type:RATIS, Factor:THREE, State:OPEN]
2019-09-25 06:02:09,004 [grpc-default-executor-1] INFO  impl.RaftServerProxy (RaftServerProxy.java:addNew(89)) - 2a6250a5-e83c-4cf8-870e-a78e520bdf29: addNew group-3288596D8342:[2a6250a5-e83c-4cf8-870e-a78e520bdf29:192.168.30.39:32983] returns group-3288596D8342:java.util.concurrent.CompletableFuture@7792a8f6[Not completed]
2019-09-25 06:02:09,006 [pool-87-thread-1] INFO  impl.RaftServerImpl (RaftServerImpl.java:<init>(95)) - 2a6250a5-e83c-4cf8-870e-a78e520bdf29: new RaftServerImpl for group-3288596D8342:[2a6250a5-e83c-4cf8-870e-a78e520bdf29:192.168.30.39:32983] with ContainerStateMachine:uninitialized
2019-09-25 06:02:09,008 [pool-87-thread-1] INFO  server.RaftServerConfigKeys (ConfUtils.java:logGet(43)) - raft.server.rpc.timeout.min = 5s (custom)
2019-09-25 06:02:09,008 [pool-87-thread-1] INFO  server.RaftServerConfigKeys (ConfUtils.java:logGet(43)) - raft.server.rpc.timeout.max = 5200ms (custom)
2019-09-25 06:02:09,008 [pool-87-thread-1] INFO  server.RaftServerConfigKeys (ConfUtils.java:logGet(43)) - raft.server.rpcslowness.timeout = 120s (custom)
2019-09-25 06:02:09,008 [pool-87-thread-1] INFO  server.RaftServerConfigKeys (ConfUtils.java:logGet(43)) - raft.server.sleep.deviation.threshold = 300 (default)
2019-09-25 06:02:09,008 [pool-87-thread-1] INFO  server.RaftServerConfigKeys (ConfUtils.java:logGet(43)) - raft.server.log.appender.install.snapshot.enabled = false (custom)
2019-09-25 06:02:09,009 [pool-87-thread-1] INFO  impl.RaftServerImpl (ServerState.java:<init>(103)) - 2a6250a5-e83c-4cf8-870e-a78e520bdf29@group-3288596D8342: ConfigurationManager, init=-1: [2a6250a5-e83c-4cf8-870e-a78e520bdf29:192.168.30.39:32983], old=null, confs=<EMPTY_MAP>
2019-09-25 06:02:09,009 [pool-87-thread-1] INFO  server.RaftServerConfigKeys (ConfUtils.java:logGet(43)) - raft.server.storage.dir = [/workdir/hadoop-ozone/integration-test/target/test-dir/MiniOzoneClusterImpl-c1088f23-01ce-44bf-9846-8858f4e9356f/datanode-6/data/ratis] (custom)
2019-09-25 06:02:09,009 [pool-87-thread-1] INFO  storage.RaftStorageDirectory (RaftStorageDirectory.java:analyzeStorage(246)) - The storage directory /workdir/hadoop-ozone/integration-test/target/test-dir/MiniOzoneClusterImpl-c1088f23-01ce-44bf-9846-8858f4e9356f/datanode-6/data/ratis/9ac41223-4afd-4339-947b-3288596d8342 does not exist. Creating ...
2019-09-25 06:02:09,060 [pool-87-thread-1] INFO  storage.RaftStorageDirectory (RaftStorageDirectory.java:tryLock(328)) - Lock on /workdir/hadoop-ozone/integration-test/target/test-dir/MiniOzoneClusterImpl-c1088f23-01ce-44bf-9846-8858f4e9356f/datanode-6/data/ratis/9ac41223-4afd-4339-947b-3288596d8342/in_use.lock acquired by nodename 10563@trunk-nightly-20190925-htsvn-2214856702
2019-09-25 06:02:09,161 [pool-87-thread-1] INFO  storage.RaftStorage (RaftStorage.java:format(72)) - Storage directory /workdir/hadoop-ozone/integration-test/target/test-dir/MiniOzoneClusterImpl-c1088f23-01ce-44bf-9846-8858f4e9356f/datanode-6/data/ratis/9ac41223-4afd-4339-947b-3288596d8342 has been successfully formatted.
2019-09-25 06:02:09,162 [pool-87-thread-1] INFO  ratis.ContainerStateMachine (ContainerStateMachine.java:loadSnapshot(230)) - group-3288596D8342: The snapshot info is null. Setting the last applied indexto:(t:0, i:~)
2019-09-25 06:02:09,162 [pool-87-thread-1] INFO  server.RaftServerConfigKeys (ConfUtils.java:logGet(43)) - raft.server.notification.no-leader.timeout = 120s (custom)
2019-09-25 06:02:09,162 [pool-87-thread-1] INFO  server.RaftServerConfigKeys (ConfUtils.java:logGet(43)) - raft.server.log.use.memory = false (default)
2019-09-25 06:02:09,162 [pool-87-thread-1] INFO  server.RaftServerConfigKeys (ConfUtils.java:logGet(43)) - raft.server.log.purge.gap = 1000000 (custom)
2019-09-25 06:02:09,162 [pool-87-thread-1] INFO  server.RaftServerConfigKeys (ConfUtils.java:logGet(43)) - raft.server.log.appender.buffer.byte-limit = 33554432 (custom)
2019-09-25 06:02:09,163 [pool-87-thread-1] INFO  server.RaftServerConfigKeys (ConfUtils.java:logGet(43)) - raft.server.log.segment.size.max = 1048576 (custom)
2019-09-25 06:02:09,163 [pool-87-thread-1] INFO  server.RaftServerConfigKeys (ConfUtils.java:logGet(43)) - raft.server.log.segment.cache.num.max = 2 (custom)
2019-09-25 06:02:09,163 [pool-87-thread-1] INFO  segmented.SegmentedRaftLogWorker (SegmentedRaftLogWorker.java:<init>(172)) - new 2a6250a5-e83c-4cf8-870e-a78e520bdf29@group-3288596D8342-SegmentedRaftLogWorker for RaftStorage:Storage Directory /workdir/hadoop-ozone/integration-test/target/test-dir/MiniOzoneClusterImpl-c1088f23-01ce-44bf-9846-8858f4e9356f/datanode-6/data/ratis/9ac41223-4afd-4339-947b-3288596d8342
2019-09-25 06:02:09,163 [pool-87-thread-1] INFO  server.RaftServerConfigKeys (ConfUtils.java:logGet(43)) - raft.server.log.queue.byte-limit = 2147483647 (custom)
2019-09-25 06:02:09,163 [pool-87-thread-1] INFO  server.RaftServerConfigKeys (ConfUtils.java:logGet(43)) - raft.server.log.queue.element-limit = 1024 (custom)
2019-09-25 06:02:09,163 [pool-87-thread-1] INFO  server.RaftServerConfigKeys (ConfUtils.java:logGet(43)) - raft.server.log.segment.size.max = 1048576 (custom)
2019-09-25 06:02:09,164 [pool-87-thread-1] INFO  server.RaftServerConfigKeys (ConfUtils.java:logGet(43)) - raft.server.log.preallocated.size = 16384 (custom)
2019-09-25 06:02:09,164 [pool-87-thread-1] INFO  server.RaftServerConfigKeys (ConfUtils.java:logGet(43)) - raft.server.log.write.buffer.size = 33554432 (custom)
2019-09-25 06:02:09,164 [pool-87-thread-1] INFO  server.RaftServerConfigKeys (ConfUtils.java:logGet(43)) - raft.server.log.force.sync.num = 128 (default)
2019-09-25 06:02:09,164 [pool-87-thread-1] INFO  server.RaftServerConfigKeys (ConfUtils.java:logGet(43)) - raft.server.log.statemachine.data.sync = true (default)
2019-09-25 06:02:09,164 [pool-87-thread-1] INFO  server.RaftServerConfigKeys (ConfUtils.java:logGet(43)) - raft.server.log.statemachine.data.sync.timeout = 10s (default)
2019-09-25 06:02:09,164 [pool-87-thread-1] INFO  server.RaftServerConfigKeys (ConfUtils.java:logGet(43)) - raft.server.log.statemachine.data.sync.timeout.retry = -1 (default)
2019-09-25 06:02:09,165 [pool-87-thread-1] INFO  server.RaftServerConfigKeys (ConfUtils.java:logGet(43)) - raft.server.log.statemachine.data.caching.enabled = true (custom)
2019-09-25 06:02:09,165 [pool-87-thread-1] INFO  segmented.SegmentedRaftLogWorker (SegmentedRaftLogWorker.java:lambda$new$0(132)) - 2a6250a5-e83c-4cf8-870e-a78e520bdf29@group-3288596D8342-SegmentedRaftLogWorker: flushIndex: setUnconditionally 0 -> -1
2019-09-25 06:02:09,166 [pool-87-thread-1] INFO  server.RaftServerConfigKeys (ConfUtils.java:logGet(43)) - raft.server.snapshot.auto.trigger.enabled = true (custom)
2019-09-25 06:02:09,166 [pool-87-thread-1] INFO  server.RaftServerConfigKeys (ConfUtils.java:logGet(43)) - raft.server.snapshot.auto.trigger.threshold = 10000 (custom)
2019-09-25 06:02:09,166 [pool-87-thread-1] INFO  server.RaftServerConfigKeys (ConfUtils.java:logGet(43)) - raft.server.snapshot.retention.num.files = 5 (custom)
2019-09-25 06:02:09,166 [pool-87-thread-1] INFO  server.RaftServerConfigKeys (ConfUtils.java:logGet(43)) - raft.server.retrycache.expirytime = 600000ms (custom)
2019-09-25 06:02:09,170 [pool-87-thread-1] INFO  impl.RaftServerImpl (RaftServerImpl.java:start(185)) - 2a6250a5-e83c-4cf8-870e-a78e520bdf29@group-3288596D8342: start as a follower, conf=-1: [2a6250a5-e83c-4cf8-870e-a78e520bdf29:192.168.30.39:32983], old=null
2019-09-25 06:02:09,171 [pool-87-thread-1] INFO  impl.RaftServerImpl (RaftServerImpl.java:setRole(174)) - 2a6250a5-e83c-4cf8-870e-a78e520bdf29@group-3288596D8342: changes role from      null to FOLLOWER at term 0 for startAsFollower
2019-09-25 06:02:09,171 [pool-87-thread-1] INFO  impl.RoleInfo (RoleInfo.java:updateAndGet(143)) - 2a6250a5-e83c-4cf8-870e-a78e520bdf29: start FollowerState
2019-09-25 06:02:09,171 [pool-87-thread-1] INFO  util.JmxRegister (JmxRegister.java:tryRegister(44)) - Successfully registered JMX Bean with object name Ratis:service=RaftServer,group=group-3288596D8342,id=2a6250a5-e83c-4cf8-870e-a78e520bdf29
2019-09-25 06:02:09,184 [RatisPipelineUtilsThread] INFO  pipeline.PipelineStateManager (PipelineStateManager.java:addPipeline(56)) - Created pipeline Pipeline[ Id: 9ac41223-4afd-4339-947b-3288596d8342, Nodes: 2a6250a5-e83c-4cf8-870e-a78e520bdf29{ip: 192.168.30.39, host: trunk-nightly-20190925-htsvn-2214856702, networkLocation: /default-rack, certSerialId: null}, Type:RATIS, Factor:ONE, State:OPEN]
2019-09-25 06:02:09,201 [grpc-default-executor-1] INFO  impl.RaftServerProxy (RaftServerProxy.java:addNew(89)) - cd37c1c7-ed8f-41a0-b2e2-3b6d8e860895: addNew group-B3A70029B5FE:[cd37c1c7-ed8f-41a0-b2e2-3b6d8e860895:192.168.30.39:40670] returns group-B3A70029B5FE:java.util.concurrent.CompletableFuture@3b1c69d7[Not completed]
2019-09-25 06:02:09,203 [pool-27-thread-1] INFO  impl.RaftServerImpl (RaftServerImpl.java:<init>(95)) - cd37c1c7-ed8f-41a0-b2e2-3b6d8e860895: new RaftServerImpl for group-B3A70029B5FE:[cd37c1c7-ed8f-41a0-b2e2-3b6d8e860895:192.168.30.39:40670] with ContainerStateMachine:uninitialized
2019-09-25 06:02:09,203 [pool-27-thread-1] INFO  server.RaftServerConfigKeys (ConfUtils.java:logGet(43)) - raft.server.rpc.timeout.min = 5s (custom)
2019-09-25 06:02:09,203 [pool-27-thread-1] INFO  server.RaftServerConfigKeys (ConfUtils.java:logGet(43)) - raft.server.rpc.timeout.max = 5200ms (custom)
2019-09-25 06:02:09,203 [pool-27-thread-1] INFO  server.RaftServerConfigKeys (ConfUtils.java:logGet(43)) - raft.server.rpcslowness.timeout = 120s (custom)
2019-09-25 06:02:09,203 [pool-27-thread-1] INFO  server.RaftServerConfigKeys (ConfUtils.java:logGet(43)) - raft.server.sleep.deviation.threshold = 300 (default)
2019-09-25 06:02:09,203 [pool-27-thread-1] INFO  server.RaftServerConfigKeys (ConfUtils.java:logGet(43)) - raft.server.log.appender.install.snapshot.enabled = false (custom)
2019-09-25 06:02:09,204 [pool-27-thread-1] INFO  impl.RaftServerImpl (ServerState.java:<init>(103)) - cd37c1c7-ed8f-41a0-b2e2-3b6d8e860895@group-B3A70029B5FE: ConfigurationManager, init=-1: [cd37c1c7-ed8f-41a0-b2e2-3b6d8e860895:192.168.30.39:40670], old=null, confs=<EMPTY_MAP>
2019-09-25 06:02:09,204 [pool-27-thread-1] INFO  server.RaftServerConfigKeys (ConfUtils.java:logGet(43)) - raft.server.storage.dir = [/workdir/hadoop-ozone/integration-test/target/test-dir/MiniOzoneClusterImpl-c1088f23-01ce-44bf-9846-8858f4e9356f/datanode-0/data/ratis] (custom)
2019-09-25 06:02:09,204 [pool-27-thread-1] INFO  storage.RaftStorageDirectory (RaftStorageDirectory.java:analyzeStorage(246)) - The storage directory /workdir/hadoop-ozone/integration-test/target/test-dir/MiniOzoneClusterImpl-c1088f23-01ce-44bf-9846-8858f4e9356f/datanode-0/data/ratis/f9a664d9-2049-46ac-8490-b3a70029b5fe does not exist. Creating ...
2019-09-25 06:02:09,254 [pool-27-thread-1] INFO  storage.RaftStorageDirectory (RaftStorageDirectory.java:tryLock(328)) - Lock on /workdir/hadoop-ozone/integration-test/target/test-dir/MiniOzoneClusterImpl-c1088f23-01ce-44bf-9846-8858f4e9356f/datanode-0/data/ratis/f9a664d9-2049-46ac-8490-b3a70029b5fe/in_use.lock acquired by nodename 10563@trunk-nightly-20190925-htsvn-2214856702
2019-09-25 06:02:09,322 [pool-27-thread-1] INFO  storage.RaftStorage (RaftStorage.java:format(72)) - Storage directory /workdir/hadoop-ozone/integration-test/target/test-dir/MiniOzoneClusterImpl-c1088f23-01ce-44bf-9846-8858f4e9356f/datanode-0/data/ratis/f9a664d9-2049-46ac-8490-b3a70029b5fe has been successfully formatted.
2019-09-25 06:02:09,323 [pool-27-thread-1] INFO  ratis.ContainerStateMachine (ContainerStateMachine.java:loadSnapshot(230)) - group-B3A70029B5FE: The snapshot info is null. Setting the last applied indexto:(t:0, i:~)
2019-09-25 06:02:09,323 [pool-27-thread-1] INFO  server.RaftServerConfigKeys (ConfUtils.java:logGet(43)) - raft.server.notification.no-leader.timeout = 120s (custom)
2019-09-25 06:02:09,323 [pool-27-thread-1] INFO  server.RaftServerConfigKeys (ConfUtils.java:logGet(43)) - raft.server.log.use.memory = false (default)
2019-09-25 06:02:09,324 [pool-27-thread-1] INFO  server.RaftServerConfigKeys (ConfUtils.java:logGet(43)) - raft.server.log.purge.gap = 1000000 (custom)
2019-09-25 06:02:09,324 [pool-27-thread-1] INFO  server.RaftServerConfigKeys (ConfUtils.java:logGet(43)) - raft.server.log.appender.buffer.byte-limit = 33554432 (custom)
2019-09-25 06:02:09,324 [pool-27-thread-1] INFO  server.RaftServerConfigKeys (ConfUtils.java:logGet(43)) - raft.server.log.segment.size.max = 1048576 (custom)
2019-09-25 06:02:09,324 [pool-27-thread-1] INFO  server.RaftServerConfigKeys (ConfUtils.java:logGet(43)) - raft.server.log.segment.cache.num.max = 2 (custom)
2019-09-25 06:02:09,324 [pool-27-thread-1] INFO  segmented.SegmentedRaftLogWorker (SegmentedRaftLogWorker.java:<init>(172)) - new cd37c1c7-ed8f-41a0-b2e2-3b6d8e860895@group-B3A70029B5FE-SegmentedRaftLogWorker for RaftStorage:Storage Directory /workdir/hadoop-ozone/integration-test/target/test-dir/MiniOzoneClusterImpl-c1088f23-01ce-44bf-9846-8858f4e9356f/datanode-0/data/ratis/f9a664d9-2049-46ac-8490-b3a70029b5fe
2019-09-25 06:02:09,324 [pool-27-thread-1] INFO  server.RaftServerConfigKeys (ConfUtils.java:logGet(43)) - raft.server.log.queue.byte-limit = 2147483647 (custom)
2019-09-25 06:02:09,325 [pool-27-thread-1] INFO  server.RaftServerConfigKeys (ConfUtils.java:logGet(43)) - raft.server.log.queue.element-limit = 1024 (custom)
2019-09-25 06:02:09,325 [pool-27-thread-1] INFO  server.RaftServerConfigKeys (ConfUtils.java:logGet(43)) - raft.server.log.segment.size.max = 1048576 (custom)
2019-09-25 06:02:09,325 [pool-27-thread-1] INFO  server.RaftServerConfigKeys (ConfUtils.java:logGet(43)) - raft.server.log.preallocated.size = 16384 (custom)
2019-09-25 06:02:09,325 [pool-27-thread-1] INFO  server.RaftServerConfigKeys (ConfUtils.java:logGet(43)) - raft.server.log.write.buffer.size = 33554432 (custom)
2019-09-25 06:02:09,325 [pool-27-thread-1] INFO  server.RaftServerConfigKeys (ConfUtils.java:logGet(43)) - raft.server.log.force.sync.num = 128 (default)
2019-09-25 06:02:09,326 [pool-27-thread-1] INFO  server.RaftServerConfigKeys (ConfUtils.java:logGet(43)) - raft.server.log.statemachine.data.sync = true (default)
2019-09-25 06:02:09,326 [pool-27-thread-1] INFO  server.RaftServerConfigKeys (ConfUtils.java:logGet(43)) - raft.server.log.statemachine.data.sync.timeout = 10s (default)
2019-09-25 06:02:09,326 [pool-27-thread-1] INFO  server.RaftServerConfigKeys (ConfUtils.java:logGet(43)) - raft.server.log.statemachine.data.sync.timeout.retry = -1 (default)
2019-09-25 06:02:09,326 [pool-27-thread-1] INFO  server.RaftServerConfigKeys (ConfUtils.java:logGet(43)) - raft.server.log.statemachine.data.caching.enabled = true (custom)
2019-09-25 06:02:09,327 [pool-27-thread-1] INFO  segmented.SegmentedRaftLogWorker (SegmentedRaftLogWorker.java:lambda$new$0(132)) - cd37c1c7-ed8f-41a0-b2e2-3b6d8e860895@group-B3A70029B5FE-SegmentedRaftLogWorker: flushIndex: setUnconditionally 0 -> -1
2019-09-25 06:02:09,327 [pool-27-thread-1] INFO  server.RaftServerConfigKeys (ConfUtils.java:logGet(43)) - raft.server.snapshot.auto.trigger.enabled = true (custom)
2019-09-25 06:02:09,327 [pool-27-thread-1] INFO  server.RaftServerConfigKeys (ConfUtils.java:logGet(43)) - raft.server.snapshot.auto.trigger.threshold = 10000 (custom)
2019-09-25 06:02:09,327 [pool-27-thread-1] INFO  server.RaftServerConfigKeys (ConfUtils.java:logGet(43)) - raft.server.snapshot.retention.num.files = 5 (custom)
2019-09-25 06:02:09,328 [pool-27-thread-1] INFO  server.RaftServerConfigKeys (ConfUtils.java:logGet(43)) - raft.server.retrycache.expirytime = 600000ms (custom)
2019-09-25 06:02:09,332 [pool-27-thread-1] INFO  impl.RaftServerImpl (RaftServerImpl.java:start(185)) - cd37c1c7-ed8f-41a0-b2e2-3b6d8e860895@group-B3A70029B5FE: start as a follower, conf=-1: [cd37c1c7-ed8f-41a0-b2e2-3b6d8e860895:192.168.30.39:40670], old=null
2019-09-25 06:02:09,333 [pool-27-thread-1] INFO  impl.RaftServerImpl (RaftServerImpl.java:setRole(174)) - cd37c1c7-ed8f-41a0-b2e2-3b6d8e860895@group-B3A70029B5FE: changes role from      null to FOLLOWER at term 0 for startAsFollower
2019-09-25 06:02:09,333 [pool-27-thread-1] INFO  impl.RoleInfo (RoleInfo.java:updateAndGet(143)) - cd37c1c7-ed8f-41a0-b2e2-3b6d8e860895: start FollowerState
2019-09-25 06:02:09,333 [pool-27-thread-1] INFO  util.JmxRegister (JmxRegister.java:tryRegister(44)) - Successfully registered JMX Bean with object name Ratis:service=RaftServer,group=group-B3A70029B5FE,id=cd37c1c7-ed8f-41a0-b2e2-3b6d8e860895
2019-09-25 06:02:09,347 [RatisPipelineUtilsThread] INFO  pipeline.PipelineStateManager (PipelineStateManager.java:addPipeline(56)) - Created pipeline Pipeline[ Id: f9a664d9-2049-46ac-8490-b3a70029b5fe, Nodes: cd37c1c7-ed8f-41a0-b2e2-3b6d8e860895{ip: 192.168.30.39, host: trunk-nightly-20190925-htsvn-2214856702, networkLocation: /default-rack, certSerialId: null}, Type:RATIS, Factor:ONE, State:OPEN]
2019-09-25 06:02:09,363 [grpc-default-executor-1] INFO  impl.RaftServerProxy (RaftServerProxy.java:addNew(89)) - 87fa81a0-33dc-4710-bb43-7cfa430e4317: addNew group-2B3CCCEBD6E8:[87fa81a0-33dc-4710-bb43-7cfa430e4317:192.168.30.39:34876] returns group-2B3CCCEBD6E8:java.util.concurrent.CompletableFuture@5cee7e65[Not completed]
2019-09-25 06:02:09,365 [pool-37-thread-1] INFO  impl.RaftServerImpl (RaftServerImpl.java:<init>(95)) - 87fa81a0-33dc-4710-bb43-7cfa430e4317: new RaftServerImpl for group-2B3CCCEBD6E8:[87fa81a0-33dc-4710-bb43-7cfa430e4317:192.168.30.39:34876] with ContainerStateMachine:uninitialized
2019-09-25 06:02:09,365 [pool-37-thread-1] INFO  server.RaftServerConfigKeys (ConfUtils.java:logGet(43)) - raft.server.rpc.timeout.min = 5s (custom)
2019-09-25 06:02:09,365 [pool-37-thread-1] INFO  server.RaftServerConfigKeys (ConfUtils.java:logGet(43)) - raft.server.rpc.timeout.max = 5200ms (custom)
2019-09-25 06:02:09,366 [pool-37-thread-1] INFO  server.RaftServerConfigKeys (ConfUtils.java:logGet(43)) - raft.server.rpcslowness.timeout = 120s (custom)
2019-09-25 06:02:09,366 [pool-37-thread-1] INFO  server.RaftServerConfigKeys (ConfUtils.java:logGet(43)) - raft.server.sleep.deviation.threshold = 300 (default)
2019-09-25 06:02:09,366 [pool-37-thread-1] INFO  server.RaftServerConfigKeys (ConfUtils.java:logGet(43)) - raft.server.log.appender.install.snapshot.enabled = false (custom)
2019-09-25 06:02:09,366 [pool-37-thread-1] INFO  impl.RaftServerImpl (ServerState.java:<init>(103)) - 87fa81a0-33dc-4710-bb43-7cfa430e4317@group-2B3CCCEBD6E8: ConfigurationManager, init=-1: [87fa81a0-33dc-4710-bb43-7cfa430e4317:192.168.30.39:34876], old=null, confs=<EMPTY_MAP>
2019-09-25 06:02:09,367 [pool-37-thread-1] INFO  server.RaftServerConfigKeys (ConfUtils.java:logGet(43)) - raft.server.storage.dir = [/workdir/hadoop-ozone/integration-test/target/test-dir/MiniOzoneClusterImpl-c1088f23-01ce-44bf-9846-8858f4e9356f/datanode-1/data/ratis] (custom)
2019-09-25 06:02:09,367 [pool-37-thread-1] INFO  storage.RaftStorageDirectory (RaftStorageDirectory.java:analyzeStorage(246)) - The storage directory /workdir/hadoop-ozone/integration-test/target/test-dir/MiniOzoneClusterImpl-c1088f23-01ce-44bf-9846-8858f4e9356f/datanode-1/data/ratis/5b9f22ac-2427-4759-803f-2b3cccebd6e8 does not exist. Creating ...
2019-09-25 06:02:09,380 [pool-37-thread-1] INFO  storage.RaftStorageDirectory (RaftStorageDirectory.java:tryLock(328)) - Lock on /workdir/hadoop-ozone/integration-test/target/test-dir/MiniOzoneClusterImpl-c1088f23-01ce-44bf-9846-8858f4e9356f/datanode-1/data/ratis/5b9f22ac-2427-4759-803f-2b3cccebd6e8/in_use.lock acquired by nodename 10563@trunk-nightly-20190925-htsvn-2214856702
2019-09-25 06:02:09,394 [pool-37-thread-1] INFO  storage.RaftStorage (RaftStorage.java:format(72)) - Storage directory /workdir/hadoop-ozone/integration-test/target/test-dir/MiniOzoneClusterImpl-c1088f23-01ce-44bf-9846-8858f4e9356f/datanode-1/data/ratis/5b9f22ac-2427-4759-803f-2b3cccebd6e8 has been successfully formatted.
2019-09-25 06:02:09,394 [pool-37-thread-1] INFO  ratis.ContainerStateMachine (ContainerStateMachine.java:loadSnapshot(230)) - group-2B3CCCEBD6E8: The snapshot info is null. Setting the last applied indexto:(t:0, i:~)
2019-09-25 06:02:09,395 [pool-37-thread-1] INFO  server.RaftServerConfigKeys (ConfUtils.java:logGet(43)) - raft.server.notification.no-leader.timeout = 120s (custom)
2019-09-25 06:02:09,395 [pool-37-thread-1] INFO  server.RaftServerConfigKeys (ConfUtils.java:logGet(43)) - raft.server.log.use.memory = false (default)
2019-09-25 06:02:09,395 [pool-37-thread-1] INFO  server.RaftServerConfigKeys (ConfUtils.java:logGet(43)) - raft.server.log.purge.gap = 1000000 (custom)
2019-09-25 06:02:09,395 [pool-37-thread-1] INFO  server.RaftServerConfigKeys (ConfUtils.java:logGet(43)) - raft.server.log.appender.buffer.byte-limit = 33554432 (custom)
2019-09-25 06:02:09,395 [pool-37-thread-1] INFO  server.RaftServerConfigKeys (ConfUtils.java:logGet(43)) - raft.server.log.segment.size.max = 1048576 (custom)
2019-09-25 06:02:09,395 [pool-37-thread-1] INFO  server.RaftServerConfigKeys (ConfUtils.java:logGet(43)) - raft.server.log.segment.cache.num.max = 2 (custom)
2019-09-25 06:02:09,396 [pool-37-thread-1] INFO  segmented.SegmentedRaftLogWorker (SegmentedRaftLogWorker.java:<init>(172)) - new 87fa81a0-33dc-4710-bb43-7cfa430e4317@group-2B3CCCEBD6E8-SegmentedRaftLogWorker for RaftStorage:Storage Directory /workdir/hadoop-ozone/integration-test/target/test-dir/MiniOzoneClusterImpl-c1088f23-01ce-44bf-9846-8858f4e9356f/datanode-1/data/ratis/5b9f22ac-2427-4759-803f-2b3cccebd6e8
2019-09-25 06:02:09,396 [pool-37-thread-1] INFO  server.RaftServerConfigKeys (ConfUtils.java:logGet(43)) - raft.server.log.queue.byte-limit = 2147483647 (custom)
2019-09-25 06:02:09,396 [pool-37-thread-1] INFO  server.RaftServerConfigKeys (ConfUtils.java:logGet(43)) - raft.server.log.queue.element-limit = 1024 (custom)
2019-09-25 06:02:09,396 [pool-37-thread-1] INFO  server.RaftServerConfigKeys (ConfUtils.java:logGet(43)) - raft.server.log.segment.size.max = 1048576 (custom)
2019-09-25 06:02:09,396 [pool-37-thread-1] INFO  server.RaftServerConfigKeys (ConfUtils.java:logGet(43)) - raft.server.log.preallocated.size = 16384 (custom)
2019-09-25 06:02:09,397 [pool-37-thread-1] INFO  server.RaftServerConfigKeys (ConfUtils.java:logGet(43)) - raft.server.log.write.buffer.size = 33554432 (custom)
2019-09-25 06:02:09,397 [pool-37-thread-1] INFO  server.RaftServerConfigKeys (ConfUtils.java:logGet(43)) - raft.server.log.force.sync.num = 128 (default)
2019-09-25 06:02:09,397 [pool-37-thread-1] INFO  server.RaftServerConfigKeys (ConfUtils.java:logGet(43)) - raft.server.log.statemachine.data.sync = true (default)
2019-09-25 06:02:09,397 [pool-37-thread-1] INFO  server.RaftServerConfigKeys (ConfUtils.java:logGet(43)) - raft.server.log.statemachine.data.sync.timeout = 10s (default)
2019-09-25 06:02:09,397 [pool-37-thread-1] INFO  server.RaftServerConfigKeys (ConfUtils.java:logGet(43)) - raft.server.log.statemachine.data.sync.timeout.retry = -1 (default)
2019-09-25 06:02:09,398 [pool-37-thread-1] INFO  server.RaftServerConfigKeys (ConfUtils.java:logGet(43)) - raft.server.log.statemachine.data.caching.enabled = true (custom)
2019-09-25 06:02:09,398 [pool-37-thread-1] INFO  segmented.SegmentedRaftLogWorker (SegmentedRaftLogWorker.java:lambda$new$0(132)) - 87fa81a0-33dc-4710-bb43-7cfa430e4317@group-2B3CCCEBD6E8-SegmentedRaftLogWorker: flushIndex: setUnconditionally 0 -> -1
2019-09-25 06:02:09,398 [pool-37-thread-1] INFO  server.RaftServerConfigKeys (ConfUtils.java:logGet(43)) - raft.server.snapshot.auto.trigger.enabled = true (custom)
2019-09-25 06:02:09,398 [pool-37-thread-1] INFO  server.RaftServerConfigKeys (ConfUtils.java:logGet(43)) - raft.server.snapshot.auto.trigger.threshold = 10000 (custom)
2019-09-25 06:02:09,399 [pool-37-thread-1] INFO  server.RaftServerConfigKeys (ConfUtils.java:logGet(43)) - raft.server.snapshot.retention.num.files = 5 (custom)
2019-09-25 06:02:09,399 [pool-37-thread-1] INFO  server.RaftServerConfigKeys (ConfUtils.java:logGet(43)) - raft.server.retrycache.expirytime = 600000ms (custom)
2019-09-25 06:02:09,402 [pool-37-thread-1] INFO  impl.RaftServerImpl (RaftServerImpl.java:start(185)) - 87fa81a0-33dc-4710-bb43-7cfa430e4317@group-2B3CCCEBD6E8: start as a follower, conf=-1: [87fa81a0-33dc-4710-bb43-7cfa430e4317:192.168.30.39:34876], old=null
2019-09-25 06:02:09,402 [pool-37-thread-1] INFO  impl.RaftServerImpl (RaftServerImpl.java:setRole(174)) - 87fa81a0-33dc-4710-bb43-7cfa430e4317@group-2B3CCCEBD6E8: changes role from      null to FOLLOWER at term 0 for startAsFollower
2019-09-25 06:02:09,403 [pool-37-thread-1] INFO  impl.RoleInfo (RoleInfo.java:updateAndGet(143)) - 87fa81a0-33dc-4710-bb43-7cfa430e4317: start FollowerState
2019-09-25 06:02:09,403 [pool-37-thread-1] INFO  util.JmxRegister (JmxRegister.java:tryRegister(44)) - Successfully registered JMX Bean with object name Ratis:service=RaftServer,group=group-2B3CCCEBD6E8,id=87fa81a0-33dc-4710-bb43-7cfa430e4317
2019-09-25 06:02:09,416 [RatisPipelineUtilsThread] INFO  pipeline.PipelineStateManager (PipelineStateManager.java:addPipeline(56)) - Created pipeline Pipeline[ Id: 5b9f22ac-2427-4759-803f-2b3cccebd6e8, Nodes: 87fa81a0-33dc-4710-bb43-7cfa430e4317{ip: 192.168.30.39, host: trunk-nightly-20190925-htsvn-2214856702, networkLocation: /default-rack, certSerialId: null}, Type:RATIS, Factor:ONE, State:OPEN]
2019-09-25 06:02:09,444 [grpc-default-executor-1] INFO  impl.RaftServerProxy (RaftServerProxy.java:addNew(89)) - 4f3e9087-d663-42a0-8269-44a4415c993d: addNew group-72B6D173859D:[4f3e9087-d663-42a0-8269-44a4415c993d:192.168.30.39:46853] returns group-72B6D173859D:java.util.concurrent.CompletableFuture@55779701[Not completed]
2019-09-25 06:02:09,446 [pool-77-thread-1] INFO  impl.RaftServerImpl (RaftServerImpl.java:<init>(95)) - 4f3e9087-d663-42a0-8269-44a4415c993d: new RaftServerImpl for group-72B6D173859D:[4f3e9087-d663-42a0-8269-44a4415c993d:192.168.30.39:46853] with ContainerStateMachine:uninitialized
2019-09-25 06:02:09,446 [pool-77-thread-1] INFO  server.RaftServerConfigKeys (ConfUtils.java:logGet(43)) - raft.server.rpc.timeout.min = 5s (custom)
2019-09-25 06:02:09,447 [pool-77-thread-1] INFO  server.RaftServerConfigKeys (ConfUtils.java:logGet(43)) - raft.server.rpc.timeout.max = 5200ms (custom)
2019-09-25 06:02:09,447 [pool-77-thread-1] INFO  server.RaftServerConfigKeys (ConfUtils.java:logGet(43)) - raft.server.rpcslowness.timeout = 120s (custom)
2019-09-25 06:02:09,447 [pool-77-thread-1] INFO  server.RaftServerConfigKeys (ConfUtils.java:logGet(43)) - raft.server.sleep.deviation.threshold = 300 (default)
2019-09-25 06:02:09,447 [pool-77-thread-1] INFO  server.RaftServerConfigKeys (ConfUtils.java:logGet(43)) - raft.server.log.appender.install.snapshot.enabled = false (custom)
2019-09-25 06:02:09,447 [pool-77-thread-1] INFO  impl.RaftServerImpl (ServerState.java:<init>(103)) - 4f3e9087-d663-42a0-8269-44a4415c993d@group-72B6D173859D: ConfigurationManager, init=-1: [4f3e9087-d663-42a0-8269-44a4415c993d:192.168.30.39:46853], old=null, confs=<EMPTY_MAP>
2019-09-25 06:02:09,447 [pool-77-thread-1] INFO  server.RaftServerConfigKeys (ConfUtils.java:logGet(43)) - raft.server.storage.dir = [/workdir/hadoop-ozone/integration-test/target/test-dir/MiniOzoneClusterImpl-c1088f23-01ce-44bf-9846-8858f4e9356f/datanode-5/data/ratis] (custom)
2019-09-25 06:02:09,448 [pool-77-thread-1] INFO  storage.RaftStorageDirectory (RaftStorageDirectory.java:analyzeStorage(246)) - The storage directory /workdir/hadoop-ozone/integration-test/target/test-dir/MiniOzoneClusterImpl-c1088f23-01ce-44bf-9846-8858f4e9356f/datanode-5/data/ratis/5b77c417-58a3-402e-8d11-72b6d173859d does not exist. Creating ...
2019-09-25 06:02:09,494 [pool-77-thread-1] INFO  storage.RaftStorageDirectory (RaftStorageDirectory.java:tryLock(328)) - Lock on /workdir/hadoop-ozone/integration-test/target/test-dir/MiniOzoneClusterImpl-c1088f23-01ce-44bf-9846-8858f4e9356f/datanode-5/data/ratis/5b77c417-58a3-402e-8d11-72b6d173859d/in_use.lock acquired by nodename 10563@trunk-nightly-20190925-htsvn-2214856702
2019-09-25 06:02:09,536 [pool-77-thread-1] INFO  storage.RaftStorage (RaftStorage.java:format(72)) - Storage directory /workdir/hadoop-ozone/integration-test/target/test-dir/MiniOzoneClusterImpl-c1088f23-01ce-44bf-9846-8858f4e9356f/datanode-5/data/ratis/5b77c417-58a3-402e-8d11-72b6d173859d has been successfully formatted.
2019-09-25 06:02:09,537 [pool-77-thread-1] INFO  ratis.ContainerStateMachine (ContainerStateMachine.java:loadSnapshot(230)) - group-72B6D173859D: The snapshot info is null. Setting the last applied indexto:(t:0, i:~)
2019-09-25 06:02:09,537 [pool-77-thread-1] INFO  server.RaftServerConfigKeys (ConfUtils.java:logGet(43)) - raft.server.notification.no-leader.timeout = 120s (custom)
2019-09-25 06:02:09,537 [pool-77-thread-1] INFO  server.RaftServerConfigKeys (ConfUtils.java:logGet(43)) - raft.server.log.use.memory = false (default)
2019-09-25 06:02:09,537 [pool-77-thread-1] INFO  server.RaftServerConfigKeys (ConfUtils.java:logGet(43)) - raft.server.log.purge.gap = 1000000 (custom)
2019-09-25 06:02:09,538 [pool-77-thread-1] INFO  server.RaftServerConfigKeys (ConfUtils.java:logGet(43)) - raft.server.log.appender.buffer.byte-limit = 33554432 (custom)
2019-09-25 06:02:09,538 [pool-77-thread-1] INFO  server.RaftServerConfigKeys (ConfUtils.java:logGet(43)) - raft.server.log.segment.size.max = 1048576 (custom)
2019-09-25 06:02:09,538 [pool-77-thread-1] INFO  server.RaftServerConfigKeys (ConfUtils.java:logGet(43)) - raft.server.log.segment.cache.num.max = 2 (custom)
2019-09-25 06:02:09,538 [pool-77-thread-1] INFO  segmented.SegmentedRaftLogWorker (SegmentedRaftLogWorker.java:<init>(172)) - new 4f3e9087-d663-42a0-8269-44a4415c993d@group-72B6D173859D-SegmentedRaftLogWorker for RaftStorage:Storage Directory /workdir/hadoop-ozone/integration-test/target/test-dir/MiniOzoneClusterImpl-c1088f23-01ce-44bf-9846-8858f4e9356f/datanode-5/data/ratis/5b77c417-58a3-402e-8d11-72b6d173859d
2019-09-25 06:02:09,538 [pool-77-thread-1] INFO  server.RaftServerConfigKeys (ConfUtils.java:logGet(43)) - raft.server.log.queue.byte-limit = 2147483647 (custom)
2019-09-25 06:02:09,538 [pool-77-thread-1] INFO  server.RaftServerConfigKeys (ConfUtils.java:logGet(43)) - raft.server.log.queue.element-limit = 1024 (custom)
2019-09-25 06:02:09,538 [pool-77-thread-1] INFO  server.RaftServerConfigKeys (ConfUtils.java:logGet(43)) - raft.server.log.segment.size.max = 1048576 (custom)
2019-09-25 06:02:09,539 [pool-77-thread-1] INFO  server.RaftServerConfigKeys (ConfUtils.java:logGet(43)) - raft.server.log.preallocated.size = 16384 (custom)
2019-09-25 06:02:09,539 [pool-77-thread-1] INFO  server.RaftServerConfigKeys (ConfUtils.java:logGet(43)) - raft.server.log.write.buffer.size = 33554432 (custom)
2019-09-25 06:02:09,539 [pool-77-thread-1] INFO  server.RaftServerConfigKeys (ConfUtils.java:logGet(43)) - raft.server.log.force.sync.num = 128 (default)
2019-09-25 06:02:09,539 [pool-77-thread-1] INFO  server.RaftServerConfigKeys (ConfUtils.java:logGet(43)) - raft.server.log.statemachine.data.sync = true (default)
2019-09-25 06:02:09,539 [pool-77-thread-1] INFO  server.RaftServerConfigKeys (ConfUtils.java:logGet(43)) - raft.server.log.statemachine.data.sync.timeout = 10s (default)
2019-09-25 06:02:09,539 [pool-77-thread-1] INFO  server.RaftServerConfigKeys (ConfUtils.java:logGet(43)) - raft.server.log.statemachine.data.sync.timeout.retry = -1 (default)
2019-09-25 06:02:09,540 [pool-77-thread-1] INFO  server.RaftServerConfigKeys (ConfUtils.java:logGet(43)) - raft.server.log.statemachine.data.caching.enabled = true (custom)
2019-09-25 06:02:09,540 [pool-77-thread-1] INFO  segmented.SegmentedRaftLogWorker (SegmentedRaftLogWorker.java:lambda$new$0(132)) - 4f3e9087-d663-42a0-8269-44a4415c993d@group-72B6D173859D-SegmentedRaftLogWorker: flushIndex: setUnconditionally 0 -> -1
2019-09-25 06:02:09,540 [pool-77-thread-1] INFO  server.RaftServerConfigKeys (ConfUtils.java:logGet(43)) - raft.server.snapshot.auto.trigger.enabled = true (custom)
2019-09-25 06:02:09,540 [pool-77-thread-1] INFO  server.RaftServerConfigKeys (ConfUtils.java:logGet(43)) - raft.server.snapshot.auto.trigger.threshold = 10000 (custom)
2019-09-25 06:02:09,541 [pool-77-thread-1] INFO  server.RaftServerConfigKeys (ConfUtils.java:logGet(43)) - raft.server.snapshot.retention.num.files = 5 (custom)
2019-09-25 06:02:09,541 [pool-77-thread-1] INFO  server.RaftServerConfigKeys (ConfUtils.java:logGet(43)) - raft.server.retrycache.expirytime = 600000ms (custom)
2019-09-25 06:02:09,544 [pool-77-thread-1] INFO  impl.RaftServerImpl (RaftServerImpl.java:start(185)) - 4f3e9087-d663-42a0-8269-44a4415c993d@group-72B6D173859D: start as a follower, conf=-1: [4f3e9087-d663-42a0-8269-44a4415c993d:192.168.30.39:46853], old=null
2019-09-25 06:02:09,544 [pool-77-thread-1] INFO  impl.RaftServerImpl (RaftServerImpl.java:setRole(174)) - 4f3e9087-d663-42a0-8269-44a4415c993d@group-72B6D173859D: changes role from      null to FOLLOWER at term 0 for startAsFollower
2019-09-25 06:02:09,544 [pool-77-thread-1] INFO  impl.RoleInfo (RoleInfo.java:updateAndGet(143)) - 4f3e9087-d663-42a0-8269-44a4415c993d: start FollowerState
2019-09-25 06:02:09,545 [pool-77-thread-1] INFO  util.JmxRegister (JmxRegister.java:tryRegister(44)) - Successfully registered JMX Bean with object name Ratis:service=RaftServer,group=group-72B6D173859D,id=4f3e9087-d663-42a0-8269-44a4415c993d
2019-09-25 06:02:09,554 [RatisPipelineUtilsThread] INFO  pipeline.PipelineStateManager (PipelineStateManager.java:addPipeline(56)) - Created pipeline Pipeline[ Id: 5b77c417-58a3-402e-8d11-72b6d173859d, Nodes: 4f3e9087-d663-42a0-8269-44a4415c993d{ip: 192.168.30.39, host: trunk-nightly-20190925-htsvn-2214856702, networkLocation: /default-rack, certSerialId: null}, Type:RATIS, Factor:ONE, State:OPEN]
2019-09-25 06:02:09,577 [grpc-default-executor-1] INFO  impl.RaftServerProxy (RaftServerProxy.java:addNew(89)) - 998cb3eb-8230-45a4-8ff4-8e174ebf4a14: addNew group-B28DDA9C36F6:[998cb3eb-8230-45a4-8ff4-8e174ebf4a14:192.168.30.39:35247] returns group-B28DDA9C36F6:java.util.concurrent.CompletableFuture@9cd0db7[Not completed]
2019-09-25 06:02:09,578 [pool-57-thread-1] INFO  impl.RaftServerImpl (RaftServerImpl.java:<init>(95)) - 998cb3eb-8230-45a4-8ff4-8e174ebf4a14: new RaftServerImpl for group-B28DDA9C36F6:[998cb3eb-8230-45a4-8ff4-8e174ebf4a14:192.168.30.39:35247] with ContainerStateMachine:uninitialized
2019-09-25 06:02:09,578 [pool-57-thread-1] INFO  server.RaftServerConfigKeys (ConfUtils.java:logGet(43)) - raft.server.rpc.timeout.min = 5s (custom)
2019-09-25 06:02:09,578 [pool-57-thread-1] INFO  server.RaftServerConfigKeys (ConfUtils.java:logGet(43)) - raft.server.rpc.timeout.max = 5200ms (custom)
2019-09-25 06:02:09,578 [pool-57-thread-1] INFO  server.RaftServerConfigKeys (ConfUtils.java:logGet(43)) - raft.server.rpcslowness.timeout = 120s (custom)
2019-09-25 06:02:09,579 [pool-57-thread-1] INFO  server.RaftServerConfigKeys (ConfUtils.java:logGet(43)) - raft.server.sleep.deviation.threshold = 300 (default)
2019-09-25 06:02:09,579 [pool-57-thread-1] INFO  server.RaftServerConfigKeys (ConfUtils.java:logGet(43)) - raft.server.log.appender.install.snapshot.enabled = false (custom)
2019-09-25 06:02:09,579 [pool-57-thread-1] INFO  impl.RaftServerImpl (ServerState.java:<init>(103)) - 998cb3eb-8230-45a4-8ff4-8e174ebf4a14@group-B28DDA9C36F6: ConfigurationManager, init=-1: [998cb3eb-8230-45a4-8ff4-8e174ebf4a14:192.168.30.39:35247], old=null, confs=<EMPTY_MAP>
2019-09-25 06:02:09,579 [pool-57-thread-1] INFO  server.RaftServerConfigKeys (ConfUtils.java:logGet(43)) - raft.server.storage.dir = [/workdir/hadoop-ozone/integration-test/target/test-dir/MiniOzoneClusterImpl-c1088f23-01ce-44bf-9846-8858f4e9356f/datanode-3/data/ratis] (custom)
2019-09-25 06:02:09,579 [pool-57-thread-1] INFO  storage.RaftStorageDirectory (RaftStorageDirectory.java:analyzeStorage(246)) - The storage directory /workdir/hadoop-ozone/integration-test/target/test-dir/MiniOzoneClusterImpl-c1088f23-01ce-44bf-9846-8858f4e9356f/datanode-3/data/ratis/fa6db09f-211c-4cec-b761-b28dda9c36f6 does not exist. Creating ...
2019-09-25 06:02:09,586 [pool-57-thread-1] INFO  storage.RaftStorageDirectory (RaftStorageDirectory.java:tryLock(328)) - Lock on /workdir/hadoop-ozone/integration-test/target/test-dir/MiniOzoneClusterImpl-c1088f23-01ce-44bf-9846-8858f4e9356f/datanode-3/data/ratis/fa6db09f-211c-4cec-b761-b28dda9c36f6/in_use.lock acquired by nodename 10563@trunk-nightly-20190925-htsvn-2214856702
2019-09-25 06:02:09,644 [pool-57-thread-1] INFO  storage.RaftStorage (RaftStorage.java:format(72)) - Storage directory /workdir/hadoop-ozone/integration-test/target/test-dir/MiniOzoneClusterImpl-c1088f23-01ce-44bf-9846-8858f4e9356f/datanode-3/data/ratis/fa6db09f-211c-4cec-b761-b28dda9c36f6 has been successfully formatted.
2019-09-25 06:02:09,644 [pool-57-thread-1] INFO  ratis.ContainerStateMachine (ContainerStateMachine.java:loadSnapshot(230)) - group-B28DDA9C36F6: The snapshot info is null. Setting the last applied indexto:(t:0, i:~)
2019-09-25 06:02:09,644 [pool-57-thread-1] INFO  server.RaftServerConfigKeys (ConfUtils.java:logGet(43)) - raft.server.notification.no-leader.timeout = 120s (custom)
2019-09-25 06:02:09,645 [pool-57-thread-1] INFO  server.RaftServerConfigKeys (ConfUtils.java:logGet(43)) - raft.server.log.use.memory = false (default)
2019-09-25 06:02:09,645 [pool-57-thread-1] INFO  server.RaftServerConfigKeys (ConfUtils.java:logGet(43)) - raft.server.log.purge.gap = 1000000 (custom)
2019-09-25 06:02:09,645 [pool-57-thread-1] INFO  server.RaftServerConfigKeys (ConfUtils.java:logGet(43)) - raft.server.log.appender.buffer.byte-limit = 33554432 (custom)
2019-09-25 06:02:09,645 [pool-57-thread-1] INFO  server.RaftServerConfigKeys (ConfUtils.java:logGet(43)) - raft.server.log.segment.size.max = 1048576 (custom)
2019-09-25 06:02:09,645 [pool-57-thread-1] INFO  server.RaftServerConfigKeys (ConfUtils.java:logGet(43)) - raft.server.log.segment.cache.num.max = 2 (custom)
2019-09-25 06:02:09,645 [pool-57-thread-1] INFO  segmented.SegmentedRaftLogWorker (SegmentedRaftLogWorker.java:<init>(172)) - new 998cb3eb-8230-45a4-8ff4-8e174ebf4a14@group-B28DDA9C36F6-SegmentedRaftLogWorker for RaftStorage:Storage Directory /workdir/hadoop-ozone/integration-test/target/test-dir/MiniOzoneClusterImpl-c1088f23-01ce-44bf-9846-8858f4e9356f/datanode-3/data/ratis/fa6db09f-211c-4cec-b761-b28dda9c36f6
2019-09-25 06:02:09,645 [pool-57-thread-1] INFO  server.RaftServerConfigKeys (ConfUtils.java:logGet(43)) - raft.server.log.queue.byte-limit = 2147483647 (custom)
2019-09-25 06:02:09,645 [pool-57-thread-1] INFO  server.RaftServerConfigKeys (ConfUtils.java:logGet(43)) - raft.server.log.queue.element-limit = 1024 (custom)
2019-09-25 06:02:09,645 [pool-57-thread-1] INFO  server.RaftServerConfigKeys (ConfUtils.java:logGet(43)) - raft.server.log.segment.size.max = 1048576 (custom)
2019-09-25 06:02:09,646 [pool-57-thread-1] INFO  server.RaftServerConfigKeys (ConfUtils.java:logGet(43)) - raft.server.log.preallocated.size = 16384 (custom)
2019-09-25 06:02:09,646 [pool-57-thread-1] INFO  server.RaftServerConfigKeys (ConfUtils.java:logGet(43)) - raft.server.log.write.buffer.size = 33554432 (custom)
2019-09-25 06:02:09,646 [pool-57-thread-1] INFO  server.RaftServerConfigKeys (ConfUtils.java:logGet(43)) - raft.server.log.force.sync.num = 128 (default)
2019-09-25 06:02:09,646 [pool-57-thread-1] INFO  server.RaftServerConfigKeys (ConfUtils.java:logGet(43)) - raft.server.log.statemachine.data.sync = true (default)
2019-09-25 06:02:09,646 [pool-57-thread-1] INFO  server.RaftServerConfigKeys (ConfUtils.java:logGet(43)) - raft.server.log.statemachine.data.sync.timeout = 10s (default)
2019-09-25 06:02:09,646 [pool-57-thread-1] INFO  server.RaftServerConfigKeys (ConfUtils.java:logGet(43)) - raft.server.log.statemachine.data.sync.timeout.retry = -1 (default)
2019-09-25 06:02:09,646 [pool-57-thread-1] INFO  server.RaftServerConfigKeys (ConfUtils.java:logGet(43)) - raft.server.log.statemachine.data.caching.enabled = true (custom)
2019-09-25 06:02:09,647 [pool-57-thread-1] INFO  segmented.SegmentedRaftLogWorker (SegmentedRaftLogWorker.java:lambda$new$0(132)) - 998cb3eb-8230-45a4-8ff4-8e174ebf4a14@group-B28DDA9C36F6-SegmentedRaftLogWorker: flushIndex: setUnconditionally 0 -> -1
2019-09-25 06:02:09,647 [pool-57-thread-1] INFO  server.RaftServerConfigKeys (ConfUtils.java:logGet(43)) - raft.server.snapshot.auto.trigger.enabled = true (custom)
2019-09-25 06:02:09,647 [pool-57-thread-1] INFO  server.RaftServerConfigKeys (ConfUtils.java:logGet(43)) - raft.server.snapshot.auto.trigger.threshold = 10000 (custom)
2019-09-25 06:02:09,647 [pool-57-thread-1] INFO  server.RaftServerConfigKeys (ConfUtils.java:logGet(43)) - raft.server.snapshot.retention.num.files = 5 (custom)
2019-09-25 06:02:09,647 [pool-57-thread-1] INFO  server.RaftServerConfigKeys (ConfUtils.java:logGet(43)) - raft.server.retrycache.expirytime = 600000ms (custom)
2019-09-25 06:02:09,649 [pool-57-thread-1] INFO  impl.RaftServerImpl (RaftServerImpl.java:start(185)) - 998cb3eb-8230-45a4-8ff4-8e174ebf4a14@group-B28DDA9C36F6: start as a follower, conf=-1: [998cb3eb-8230-45a4-8ff4-8e174ebf4a14:192.168.30.39:35247], old=null
2019-09-25 06:02:09,649 [pool-57-thread-1] INFO  impl.RaftServerImpl (RaftServerImpl.java:setRole(174)) - 998cb3eb-8230-45a4-8ff4-8e174ebf4a14@group-B28DDA9C36F6: changes role from      null to FOLLOWER at term 0 for startAsFollower
2019-09-25 06:02:09,649 [pool-57-thread-1] INFO  impl.RoleInfo (RoleInfo.java:updateAndGet(143)) - 998cb3eb-8230-45a4-8ff4-8e174ebf4a14: start FollowerState
2019-09-25 06:02:09,650 [pool-57-thread-1] INFO  util.JmxRegister (JmxRegister.java:tryRegister(44)) - Successfully registered JMX Bean with object name Ratis:service=RaftServer,group=group-B28DDA9C36F6,id=998cb3eb-8230-45a4-8ff4-8e174ebf4a14
2019-09-25 06:02:09,660 [RatisPipelineUtilsThread] INFO  pipeline.PipelineStateManager (PipelineStateManager.java:addPipeline(56)) - Created pipeline Pipeline[ Id: fa6db09f-211c-4cec-b761-b28dda9c36f6, Nodes: 998cb3eb-8230-45a4-8ff4-8e174ebf4a14{ip: 192.168.30.39, host: trunk-nightly-20190925-htsvn-2214856702, networkLocation: /default-rack, certSerialId: null}, Type:RATIS, Factor:ONE, State:OPEN]
2019-09-25 06:02:09,677 [grpc-default-executor-1] INFO  impl.RaftServerProxy (RaftServerProxy.java:addNew(89)) - 3cd052f0-76d4-4fb9-8167-d29e1ecff337: addNew group-06F9C8C407A0:[3cd052f0-76d4-4fb9-8167-d29e1ecff337:192.168.30.39:38011] returns group-06F9C8C407A0:java.util.concurrent.CompletableFuture@55e44e2[Not completed]
2019-09-25 06:02:09,678 [pool-67-thread-1] INFO  impl.RaftServerImpl (RaftServerImpl.java:<init>(95)) - 3cd052f0-76d4-4fb9-8167-d29e1ecff337: new RaftServerImpl for group-06F9C8C407A0:[3cd052f0-76d4-4fb9-8167-d29e1ecff337:192.168.30.39:38011] with ContainerStateMachine:uninitialized
2019-09-25 06:02:09,678 [pool-67-thread-1] INFO  server.RaftServerConfigKeys (ConfUtils.java:logGet(43)) - raft.server.rpc.timeout.min = 5s (custom)
2019-09-25 06:02:09,678 [pool-67-thread-1] INFO  server.RaftServerConfigKeys (ConfUtils.java:logGet(43)) - raft.server.rpc.timeout.max = 5200ms (custom)
2019-09-25 06:02:09,679 [pool-67-thread-1] INFO  server.RaftServerConfigKeys (ConfUtils.java:logGet(43)) - raft.server.rpcslowness.timeout = 120s (custom)
2019-09-25 06:02:09,679 [pool-67-thread-1] INFO  server.RaftServerConfigKeys (ConfUtils.java:logGet(43)) - raft.server.sleep.deviation.threshold = 300 (default)
2019-09-25 06:02:09,679 [pool-67-thread-1] INFO  server.RaftServerConfigKeys (ConfUtils.java:logGet(43)) - raft.server.log.appender.install.snapshot.enabled = false (custom)
2019-09-25 06:02:09,679 [pool-67-thread-1] INFO  impl.RaftServerImpl (ServerState.java:<init>(103)) - 3cd052f0-76d4-4fb9-8167-d29e1ecff337@group-06F9C8C407A0: ConfigurationManager, init=-1: [3cd052f0-76d4-4fb9-8167-d29e1ecff337:192.168.30.39:38011], old=null, confs=<EMPTY_MAP>
2019-09-25 06:02:09,679 [pool-67-thread-1] INFO  server.RaftServerConfigKeys (ConfUtils.java:logGet(43)) - raft.server.storage.dir = [/workdir/hadoop-ozone/integration-test/target/test-dir/MiniOzoneClusterImpl-c1088f23-01ce-44bf-9846-8858f4e9356f/datanode-4/data/ratis] (custom)
2019-09-25 06:02:09,679 [pool-67-thread-1] INFO  storage.RaftStorageDirectory (RaftStorageDirectory.java:analyzeStorage(246)) - The storage directory /workdir/hadoop-ozone/integration-test/target/test-dir/MiniOzoneClusterImpl-c1088f23-01ce-44bf-9846-8858f4e9356f/datanode-4/data/ratis/d84e9681-1163-4671-a80c-06f9c8c407a0 does not exist. Creating ...
2019-09-25 06:02:09,687 [pool-67-thread-1] INFO  storage.RaftStorageDirectory (RaftStorageDirectory.java:tryLock(328)) - Lock on /workdir/hadoop-ozone/integration-test/target/test-dir/MiniOzoneClusterImpl-c1088f23-01ce-44bf-9846-8858f4e9356f/datanode-4/data/ratis/d84e9681-1163-4671-a80c-06f9c8c407a0/in_use.lock acquired by nodename 10563@trunk-nightly-20190925-htsvn-2214856702
2019-09-25 06:02:09,700 [pool-67-thread-1] INFO  storage.RaftStorage (RaftStorage.java:format(72)) - Storage directory /workdir/hadoop-ozone/integration-test/target/test-dir/MiniOzoneClusterImpl-c1088f23-01ce-44bf-9846-8858f4e9356f/datanode-4/data/ratis/d84e9681-1163-4671-a80c-06f9c8c407a0 has been successfully formatted.
2019-09-25 06:02:09,700 [pool-67-thread-1] INFO  ratis.ContainerStateMachine (ContainerStateMachine.java:loadSnapshot(230)) - group-06F9C8C407A0: The snapshot info is null. Setting the last applied indexto:(t:0, i:~)
2019-09-25 06:02:09,700 [pool-67-thread-1] INFO  server.RaftServerConfigKeys (ConfUtils.java:logGet(43)) - raft.server.notification.no-leader.timeout = 120s (custom)
2019-09-25 06:02:09,700 [pool-67-thread-1] INFO  server.RaftServerConfigKeys (ConfUtils.java:logGet(43)) - raft.server.log.use.memory = false (default)
2019-09-25 06:02:09,700 [pool-67-thread-1] INFO  server.RaftServerConfigKeys (ConfUtils.java:logGet(43)) - raft.server.log.purge.gap = 1000000 (custom)
2019-09-25 06:02:09,701 [pool-67-thread-1] INFO  server.RaftServerConfigKeys (ConfUtils.java:logGet(43)) - raft.server.log.appender.buffer.byte-limit = 33554432 (custom)
2019-09-25 06:02:09,701 [pool-67-thread-1] INFO  server.RaftServerConfigKeys (ConfUtils.java:logGet(43)) - raft.server.log.segment.size.max = 1048576 (custom)
2019-09-25 06:02:09,701 [pool-67-thread-1] INFO  server.RaftServerConfigKeys (ConfUtils.java:logGet(43)) - raft.server.log.segment.cache.num.max = 2 (custom)
2019-09-25 06:02:09,701 [pool-67-thread-1] INFO  segmented.SegmentedRaftLogWorker (SegmentedRaftLogWorker.java:<init>(172)) - new 3cd052f0-76d4-4fb9-8167-d29e1ecff337@group-06F9C8C407A0-SegmentedRaftLogWorker for RaftStorage:Storage Directory /workdir/hadoop-ozone/integration-test/target/test-dir/MiniOzoneClusterImpl-c1088f23-01ce-44bf-9846-8858f4e9356f/datanode-4/data/ratis/d84e9681-1163-4671-a80c-06f9c8c407a0
2019-09-25 06:02:09,701 [pool-67-thread-1] INFO  server.RaftServerConfigKeys (ConfUtils.java:logGet(43)) - raft.server.log.queue.byte-limit = 2147483647 (custom)
2019-09-25 06:02:09,701 [pool-67-thread-1] INFO  server.RaftServerConfigKeys (ConfUtils.java:logGet(43)) - raft.server.log.queue.element-limit = 1024 (custom)
2019-09-25 06:02:09,701 [pool-67-thread-1] INFO  server.RaftServerConfigKeys (ConfUtils.java:logGet(43)) - raft.server.log.segment.size.max = 1048576 (custom)
2019-09-25 06:02:09,702 [pool-67-thread-1] INFO  server.RaftServerConfigKeys (ConfUtils.java:logGet(43)) - raft.server.log.preallocated.size = 16384 (custom)
2019-09-25 06:02:09,702 [pool-67-thread-1] INFO  server.RaftServerConfigKeys (ConfUtils.java:logGet(43)) - raft.server.log.write.buffer.size = 33554432 (custom)
2019-09-25 06:02:09,702 [pool-67-thread-1] INFO  server.RaftServerConfigKeys (ConfUtils.java:logGet(43)) - raft.server.log.force.sync.num = 128 (default)
2019-09-25 06:02:09,702 [pool-67-thread-1] INFO  server.RaftServerConfigKeys (ConfUtils.java:logGet(43)) - raft.server.log.statemachine.data.sync = true (default)
2019-09-25 06:02:09,702 [pool-67-thread-1] INFO  server.RaftServerConfigKeys (ConfUtils.java:logGet(43)) - raft.server.log.statemachine.data.sync.timeout = 10s (default)
2019-09-25 06:02:09,702 [pool-67-thread-1] INFO  server.RaftServerConfigKeys (ConfUtils.java:logGet(43)) - raft.server.log.statemachine.data.sync.timeout.retry = -1 (default)
2019-09-25 06:02:09,702 [pool-67-thread-1] INFO  server.RaftServerConfigKeys (ConfUtils.java:logGet(43)) - raft.server.log.statemachine.data.caching.enabled = true (custom)
2019-09-25 06:02:09,703 [pool-67-thread-1] INFO  segmented.SegmentedRaftLogWorker (SegmentedRaftLogWorker.java:lambda$new$0(132)) - 3cd052f0-76d4-4fb9-8167-d29e1ecff337@group-06F9C8C407A0-SegmentedRaftLogWorker: flushIndex: setUnconditionally 0 -> -1
2019-09-25 06:02:09,703 [pool-67-thread-1] INFO  server.RaftServerConfigKeys (ConfUtils.java:logGet(43)) - raft.server.snapshot.auto.trigger.enabled = true (custom)
2019-09-25 06:02:09,703 [pool-67-thread-1] INFO  server.RaftServerConfigKeys (ConfUtils.java:logGet(43)) - raft.server.snapshot.auto.trigger.threshold = 10000 (custom)
2019-09-25 06:02:09,703 [pool-67-thread-1] INFO  server.RaftServerConfigKeys (ConfUtils.java:logGet(43)) - raft.server.snapshot.retention.num.files = 5 (custom)
2019-09-25 06:02:09,703 [pool-67-thread-1] INFO  server.RaftServerConfigKeys (ConfUtils.java:logGet(43)) - raft.server.retrycache.expirytime = 600000ms (custom)
2019-09-25 06:02:09,705 [pool-67-thread-1] INFO  impl.RaftServerImpl (RaftServerImpl.java:start(185)) - 3cd052f0-76d4-4fb9-8167-d29e1ecff337@group-06F9C8C407A0: start as a follower, conf=-1: [3cd052f0-76d4-4fb9-8167-d29e1ecff337:192.168.30.39:38011], old=null
2019-09-25 06:02:09,706 [pool-67-thread-1] INFO  impl.RaftServerImpl (RaftServerImpl.java:setRole(174)) - 3cd052f0-76d4-4fb9-8167-d29e1ecff337@group-06F9C8C407A0: changes role from      null to FOLLOWER at term 0 for startAsFollower
2019-09-25 06:02:09,706 [pool-67-thread-1] INFO  impl.RoleInfo (RoleInfo.java:updateAndGet(143)) - 3cd052f0-76d4-4fb9-8167-d29e1ecff337: start FollowerState
2019-09-25 06:02:09,706 [pool-67-thread-1] INFO  util.JmxRegister (JmxRegister.java:tryRegister(44)) - Successfully registered JMX Bean with object name Ratis:service=RaftServer,group=group-06F9C8C407A0,id=3cd052f0-76d4-4fb9-8167-d29e1ecff337
2019-09-25 06:02:09,719 [RatisPipelineUtilsThread] INFO  pipeline.PipelineStateManager (PipelineStateManager.java:addPipeline(56)) - Created pipeline Pipeline[ Id: d84e9681-1163-4671-a80c-06f9c8c407a0, Nodes: 3cd052f0-76d4-4fb9-8167-d29e1ecff337{ip: 192.168.30.39, host: trunk-nightly-20190925-htsvn-2214856702, networkLocation: /default-rack, certSerialId: null}, Type:RATIS, Factor:ONE, State:OPEN]
2019-09-25 06:02:09,740 [grpc-default-executor-1] INFO  impl.RaftServerProxy (RaftServerProxy.java:addNew(89)) - cb9a9563-cdfa-4f01-bb16-f6751e8332fc: addNew group-A0D2505DA21F:[cb9a9563-cdfa-4f01-bb16-f6751e8332fc:192.168.30.39:40410] returns group-A0D2505DA21F:java.util.concurrent.CompletableFuture@14b59c50[Not completed]
2019-09-25 06:02:09,744 [pool-47-thread-1] INFO  impl.RaftServerImpl (RaftServerImpl.java:<init>(95)) - cb9a9563-cdfa-4f01-bb16-f6751e8332fc: new RaftServerImpl for group-A0D2505DA21F:[cb9a9563-cdfa-4f01-bb16-f6751e8332fc:192.168.30.39:40410] with ContainerStateMachine:uninitialized
2019-09-25 06:02:09,745 [pool-47-thread-1] INFO  server.RaftServerConfigKeys (ConfUtils.java:logGet(43)) - raft.server.rpc.timeout.min = 5s (custom)
2019-09-25 06:02:09,745 [pool-47-thread-1] INFO  server.RaftServerConfigKeys (ConfUtils.java:logGet(43)) - raft.server.rpc.timeout.max = 5200ms (custom)
2019-09-25 06:02:09,745 [pool-47-thread-1] INFO  server.RaftServerConfigKeys (ConfUtils.java:logGet(43)) - raft.server.rpcslowness.timeout = 120s (custom)
2019-09-25 06:02:09,745 [pool-47-thread-1] INFO  server.RaftServerConfigKeys (ConfUtils.java:logGet(43)) - raft.server.sleep.deviation.threshold = 300 (default)
2019-09-25 06:02:09,745 [pool-47-thread-1] INFO  server.RaftServerConfigKeys (ConfUtils.java:logGet(43)) - raft.server.log.appender.install.snapshot.enabled = false (custom)
2019-09-25 06:02:09,746 [pool-47-thread-1] INFO  impl.RaftServerImpl (ServerState.java:<init>(103)) - cb9a9563-cdfa-4f01-bb16-f6751e8332fc@group-A0D2505DA21F: ConfigurationManager, init=-1: [cb9a9563-cdfa-4f01-bb16-f6751e8332fc:192.168.30.39:40410], old=null, confs=<EMPTY_MAP>
2019-09-25 06:02:09,746 [pool-47-thread-1] INFO  server.RaftServerConfigKeys (ConfUtils.java:logGet(43)) - raft.server.storage.dir = [/workdir/hadoop-ozone/integration-test/target/test-dir/MiniOzoneClusterImpl-c1088f23-01ce-44bf-9846-8858f4e9356f/datanode-2/data/ratis] (custom)
2019-09-25 06:02:09,746 [pool-47-thread-1] INFO  storage.RaftStorageDirectory (RaftStorageDirectory.java:analyzeStorage(246)) - The storage directory /workdir/hadoop-ozone/integration-test/target/test-dir/MiniOzoneClusterImpl-c1088f23-01ce-44bf-9846-8858f4e9356f/datanode-2/data/ratis/96f015e9-caca-4af5-8193-a0d2505da21f does not exist. Creating ...
2019-09-25 06:02:09,757 [pool-47-thread-1] INFO  storage.RaftStorageDirectory (RaftStorageDirectory.java:tryLock(328)) - Lock on /workdir/hadoop-ozone/integration-test/target/test-dir/MiniOzoneClusterImpl-c1088f23-01ce-44bf-9846-8858f4e9356f/datanode-2/data/ratis/96f015e9-caca-4af5-8193-a0d2505da21f/in_use.lock acquired by nodename 10563@trunk-nightly-20190925-htsvn-2214856702
2019-09-25 06:02:09,772 [pool-47-thread-1] INFO  storage.RaftStorage (RaftStorage.java:format(72)) - Storage directory /workdir/hadoop-ozone/integration-test/target/test-dir/MiniOzoneClusterImpl-c1088f23-01ce-44bf-9846-8858f4e9356f/datanode-2/data/ratis/96f015e9-caca-4af5-8193-a0d2505da21f has been successfully formatted.
2019-09-25 06:02:09,773 [pool-47-thread-1] INFO  ratis.ContainerStateMachine (ContainerStateMachine.java:loadSnapshot(230)) - group-A0D2505DA21F: The snapshot info is null. Setting the last applied indexto:(t:0, i:~)
2019-09-25 06:02:09,773 [pool-47-thread-1] INFO  server.RaftServerConfigKeys (ConfUtils.java:logGet(43)) - raft.server.notification.no-leader.timeout = 120s (custom)
2019-09-25 06:02:09,773 [pool-47-thread-1] INFO  server.RaftServerConfigKeys (ConfUtils.java:logGet(43)) - raft.server.log.use.memory = false (default)
2019-09-25 06:02:09,773 [pool-47-thread-1] INFO  server.RaftServerConfigKeys (ConfUtils.java:logGet(43)) - raft.server.log.purge.gap = 1000000 (custom)
2019-09-25 06:02:09,773 [pool-47-thread-1] INFO  server.RaftServerConfigKeys (ConfUtils.java:logGet(43)) - raft.server.log.appender.buffer.byte-limit = 33554432 (custom)
2019-09-25 06:02:09,774 [pool-47-thread-1] INFO  server.RaftServerConfigKeys (ConfUtils.java:logGet(43)) - raft.server.log.segment.size.max = 1048576 (custom)
2019-09-25 06:02:09,774 [pool-47-thread-1] INFO  server.RaftServerConfigKeys (ConfUtils.java:logGet(43)) - raft.server.log.segment.cache.num.max = 2 (custom)
2019-09-25 06:02:09,774 [pool-47-thread-1] INFO  segmented.SegmentedRaftLogWorker (SegmentedRaftLogWorker.java:<init>(172)) - new cb9a9563-cdfa-4f01-bb16-f6751e8332fc@group-A0D2505DA21F-SegmentedRaftLogWorker for RaftStorage:Storage Directory /workdir/hadoop-ozone/integration-test/target/test-dir/MiniOzoneClusterImpl-c1088f23-01ce-44bf-9846-8858f4e9356f/datanode-2/data/ratis/96f015e9-caca-4af5-8193-a0d2505da21f
2019-09-25 06:02:09,776 [pool-47-thread-1] INFO  server.RaftServerConfigKeys (ConfUtils.java:logGet(43)) - raft.server.log.queue.byte-limit = 2147483647 (custom)
2019-09-25 06:02:09,777 [pool-47-thread-1] INFO  server.RaftServerConfigKeys (ConfUtils.java:logGet(43)) - raft.server.log.queue.element-limit = 1024 (custom)
2019-09-25 06:02:09,777 [pool-47-thread-1] INFO  server.RaftServerConfigKeys (ConfUtils.java:logGet(43)) - raft.server.log.segment.size.max = 1048576 (custom)
2019-09-25 06:02:09,777 [pool-47-thread-1] INFO  server.RaftServerConfigKeys (ConfUtils.java:logGet(43)) - raft.server.log.preallocated.size = 16384 (custom)
2019-09-25 06:02:09,777 [pool-47-thread-1] INFO  server.RaftServerConfigKeys (ConfUtils.java:logGet(43)) - raft.server.log.write.buffer.size = 33554432 (custom)
2019-09-25 06:02:09,777 [pool-47-thread-1] INFO  server.RaftServerConfigKeys (ConfUtils.java:logGet(43)) - raft.server.log.force.sync.num = 128 (default)
2019-09-25 06:02:09,777 [pool-47-thread-1] INFO  server.RaftServerConfigKeys (ConfUtils.java:logGet(43)) - raft.server.log.statemachine.data.sync = true (default)
2019-09-25 06:02:09,778 [pool-47-thread-1] INFO  server.RaftServerConfigKeys (ConfUtils.java:logGet(43)) - raft.server.log.statemachine.data.sync.timeout = 10s (default)
2019-09-25 06:02:09,778 [pool-47-thread-1] INFO  server.RaftServerConfigKeys (ConfUtils.java:logGet(43)) - raft.server.log.statemachine.data.sync.timeout.retry = -1 (default)
2019-09-25 06:02:09,778 [pool-47-thread-1] INFO  server.RaftServerConfigKeys (ConfUtils.java:logGet(43)) - raft.server.log.statemachine.data.caching.enabled = true (custom)
2019-09-25 06:02:09,778 [pool-47-thread-1] INFO  segmented.SegmentedRaftLogWorker (SegmentedRaftLogWorker.java:lambda$new$0(132)) - cb9a9563-cdfa-4f01-bb16-f6751e8332fc@group-A0D2505DA21F-SegmentedRaftLogWorker: flushIndex: setUnconditionally 0 -> -1
2019-09-25 06:02:09,779 [pool-47-thread-1] INFO  server.RaftServerConfigKeys (ConfUtils.java:logGet(43)) - raft.server.snapshot.auto.trigger.enabled = true (custom)
2019-09-25 06:02:09,779 [pool-47-thread-1] INFO  server.RaftServerConfigKeys (ConfUtils.java:logGet(43)) - raft.server.snapshot.auto.trigger.threshold = 10000 (custom)
2019-09-25 06:02:09,779 [pool-47-thread-1] INFO  server.RaftServerConfigKeys (ConfUtils.java:logGet(43)) - raft.server.snapshot.retention.num.files = 5 (custom)
2019-09-25 06:02:09,779 [pool-47-thread-1] INFO  server.RaftServerConfigKeys (ConfUtils.java:logGet(43)) - raft.server.retrycache.expirytime = 600000ms (custom)
2019-09-25 06:02:09,782 [pool-47-thread-1] INFO  impl.RaftServerImpl (RaftServerImpl.java:start(185)) - cb9a9563-cdfa-4f01-bb16-f6751e8332fc@group-A0D2505DA21F: start as a follower, conf=-1: [cb9a9563-cdfa-4f01-bb16-f6751e8332fc:192.168.30.39:40410], old=null
2019-09-25 06:02:09,782 [pool-47-thread-1] INFO  impl.RaftServerImpl (RaftServerImpl.java:setRole(174)) - cb9a9563-cdfa-4f01-bb16-f6751e8332fc@group-A0D2505DA21F: changes role from      null to FOLLOWER at term 0 for startAsFollower
2019-09-25 06:02:09,782 [pool-47-thread-1] INFO  impl.RoleInfo (RoleInfo.java:updateAndGet(143)) - cb9a9563-cdfa-4f01-bb16-f6751e8332fc: start FollowerState
2019-09-25 06:02:09,782 [pool-47-thread-1] INFO  util.JmxRegister (JmxRegister.java:tryRegister(44)) - Successfully registered JMX Bean with object name Ratis:service=RaftServer,group=group-A0D2505DA21F,id=cb9a9563-cdfa-4f01-bb16-f6751e8332fc
2019-09-25 06:02:09,805 [RatisPipelineUtilsThread] INFO  pipeline.PipelineStateManager (PipelineStateManager.java:addPipeline(56)) - Created pipeline Pipeline[ Id: 96f015e9-caca-4af5-8193-a0d2505da21f, Nodes: cb9a9563-cdfa-4f01-bb16-f6751e8332fc{ip: 192.168.30.39, host: trunk-nightly-20190925-htsvn-2214856702, networkLocation: /default-rack, certSerialId: null}, Type:RATIS, Factor:ONE, State:OPEN]
2019-09-25 06:02:09,836 [main] INFO  impl.MetricsSystemImpl (MetricsSystemImpl.java:init(158)) - XceiverClientMetrics metrics system started (again)
2019-09-25 06:02:12,139 [Thread-248] INFO  impl.FollowerState (FollowerState.java:run(106)) - cd37c1c7-ed8f-41a0-b2e2-3b6d8e860895:group-CC029EF4DC06 changes to CANDIDATE, lastRpcTime:5005, electionTimeout:5003ms
2019-09-25 06:02:12,144 [Thread-248] INFO  impl.RoleInfo (RoleInfo.java:shutdownFollowerState(121)) - cd37c1c7-ed8f-41a0-b2e2-3b6d8e860895: shutdown FollowerState
2019-09-25 06:02:12,144 [Thread-248] INFO  impl.RaftServerImpl (RaftServerImpl.java:setRole(174)) - cd37c1c7-ed8f-41a0-b2e2-3b6d8e860895@group-CC029EF4DC06: changes role from  FOLLOWER to CANDIDATE at term 0 for changeToCandidate
2019-09-25 06:02:12,148 [Thread-248] INFO  impl.RoleInfo (RoleInfo.java:updateAndGet(143)) - cd37c1c7-ed8f-41a0-b2e2-3b6d8e860895: start LeaderElection
2019-09-25 06:02:12,168 [cd37c1c7-ed8f-41a0-b2e2-3b6d8e860895@group-CC029EF4DC06:LeaderElection1] INFO  impl.LeaderElection (LeaderElection.java:askForVotes(182)) - cd37c1c7-ed8f-41a0-b2e2-3b6d8e860895@group-CC029EF4DC06:LeaderElection1: begin an election at term 1 for -1: [cd37c1c7-ed8f-41a0-b2e2-3b6d8e860895:192.168.30.39:40670], old=null
2019-09-25 06:02:12,170 [cd37c1c7-ed8f-41a0-b2e2-3b6d8e860895@group-CC029EF4DC06:LeaderElection1] INFO  impl.RoleInfo (RoleInfo.java:shutdownLeaderElection(134)) - cd37c1c7-ed8f-41a0-b2e2-3b6d8e860895: shutdown LeaderElection
2019-09-25 06:02:12,171 [cd37c1c7-ed8f-41a0-b2e2-3b6d8e860895@group-CC029EF4DC06:LeaderElection1] INFO  impl.RaftServerImpl (RaftServerImpl.java:setRole(174)) - cd37c1c7-ed8f-41a0-b2e2-3b6d8e860895@group-CC029EF4DC06: changes role from CANDIDATE to LEADER at term 1 for changeToLeader
2019-09-25 06:02:12,171 [cd37c1c7-ed8f-41a0-b2e2-3b6d8e860895@group-CC029EF4DC06:LeaderElection1] INFO  impl.RaftServerImpl (ServerState.java:setLeader(253)) - cd37c1c7-ed8f-41a0-b2e2-3b6d8e860895@group-CC029EF4DC06: change Leader from null to cd37c1c7-ed8f-41a0-b2e2-3b6d8e860895 at term 1 for becomeLeader, leader elected after 6034ms
2019-09-25 06:02:12,181 [cd37c1c7-ed8f-41a0-b2e2-3b6d8e860895@group-CC029EF4DC06:LeaderElection1] INFO  server.RaftServerConfigKeys (ConfUtils.java:logGet(43)) - raft.server.staging.catchup.gap = 1000 (default)
2019-09-25 06:02:12,181 [cd37c1c7-ed8f-41a0-b2e2-3b6d8e860895@group-CC029EF4DC06:LeaderElection1] INFO  server.RaftServerConfigKeys (ConfUtils.java:logGet(43)) - raft.server.rpc.sleep.time = 25ms (default)
2019-09-25 06:02:12,185 [cd37c1c7-ed8f-41a0-b2e2-3b6d8e860895@group-CC029EF4DC06:LeaderElection1] INFO  server.RaftServerConfigKeys (ConfUtils.java:logGet(43)) - raft.server.write.element-limit = 4096 (default)
2019-09-25 06:02:12,187 [cd37c1c7-ed8f-41a0-b2e2-3b6d8e860895@group-CC029EF4DC06:LeaderElection1] INFO  server.RaftServerConfigKeys (ConfUtils.java:logGet(43)) - raft.server.watch.timeout = 10s (default)
2019-09-25 06:02:12,188 [cd37c1c7-ed8f-41a0-b2e2-3b6d8e860895@group-CC029EF4DC06:LeaderElection1] INFO  server.RaftServerConfigKeys (ConfUtils.java:logGet(43)) - raft.server.watch.timeout.denomination = 1s (default)
2019-09-25 06:02:12,189 [cd37c1c7-ed8f-41a0-b2e2-3b6d8e860895@group-CC029EF4DC06:LeaderElection1] INFO  server.RaftServerConfigKeys (ConfUtils.java:logGet(43)) - raft.server.watch.element-limit = 65536 (default)
2019-09-25 06:02:12,201 [cd37c1c7-ed8f-41a0-b2e2-3b6d8e860895@group-CC029EF4DC06:LeaderElection1] INFO  impl.RoleInfo (RoleInfo.java:updateAndGet(143)) - cd37c1c7-ed8f-41a0-b2e2-3b6d8e860895: start LeaderState
2019-09-25 06:02:12,217 [Thread-249] INFO  impl.FollowerState (FollowerState.java:run(106)) - 2a6250a5-e83c-4cf8-870e-a78e520bdf29:group-4265C47D2F01 changes to CANDIDATE, lastRpcTime:5077, electionTimeout:5077ms
2019-09-25 06:02:12,220 [Thread-249] INFO  impl.RoleInfo (RoleInfo.java:shutdownFollowerState(121)) - 2a6250a5-e83c-4cf8-870e-a78e520bdf29: shutdown FollowerState
2019-09-25 06:02:12,221 [Thread-249] INFO  impl.RaftServerImpl (RaftServerImpl.java:setRole(174)) - 2a6250a5-e83c-4cf8-870e-a78e520bdf29@group-4265C47D2F01: changes role from  FOLLOWER to CANDIDATE at term 0 for changeToCandidate
2019-09-25 06:02:12,221 [Thread-249] INFO  impl.RoleInfo (RoleInfo.java:updateAndGet(143)) - 2a6250a5-e83c-4cf8-870e-a78e520bdf29: start LeaderElection
2019-09-25 06:02:12,233 [cd37c1c7-ed8f-41a0-b2e2-3b6d8e860895@group-CC029EF4DC06:LeaderElection1] INFO  segmented.SegmentedRaftLogWorker (SegmentedRaftLogWorker.java:startLogSegment(380)) - cd37c1c7-ed8f-41a0-b2e2-3b6d8e860895@group-CC029EF4DC06-SegmentedRaftLogWorker: Starting segment from index:0
2019-09-25 06:02:12,235 [Thread-247] INFO  impl.FollowerState (FollowerState.java:run(106)) - 87fa81a0-33dc-4710-bb43-7cfa430e4317:group-4265C47D2F01 changes to CANDIDATE, lastRpcTime:5102, electionTimeout:5100ms
2019-09-25 06:02:12,236 [Thread-247] INFO  impl.RoleInfo (RoleInfo.java:shutdownFollowerState(121)) - 87fa81a0-33dc-4710-bb43-7cfa430e4317: shutdown FollowerState
2019-09-25 06:02:12,236 [Thread-247] INFO  impl.RaftServerImpl (RaftServerImpl.java:setRole(174)) - 87fa81a0-33dc-4710-bb43-7cfa430e4317@group-4265C47D2F01: changes role from  FOLLOWER to CANDIDATE at term 0 for changeToCandidate
2019-09-25 06:02:12,236 [Thread-247] INFO  impl.RoleInfo (RoleInfo.java:updateAndGet(143)) - 87fa81a0-33dc-4710-bb43-7cfa430e4317: start LeaderElection
2019-09-25 06:02:12,240 [2a6250a5-e83c-4cf8-870e-a78e520bdf29@group-4265C47D2F01:LeaderElection2] INFO  impl.LeaderElection (LeaderElection.java:askForVotes(182)) - 2a6250a5-e83c-4cf8-870e-a78e520bdf29@group-4265C47D2F01:LeaderElection2: begin an election at term 1 for -1: [87fa81a0-33dc-4710-bb43-7cfa430e4317:192.168.30.39:34876, cd37c1c7-ed8f-41a0-b2e2-3b6d8e860895:192.168.30.39:40670, 2a6250a5-e83c-4cf8-870e-a78e520bdf29:192.168.30.39:32983], old=null
2019-09-25 06:02:12,252 [cd37c1c7-ed8f-41a0-b2e2-3b6d8e860895@group-CC029EF4DC06:LeaderElection1] INFO  impl.RaftServerImpl (ServerState.java:setRaftConf(354)) - cd37c1c7-ed8f-41a0-b2e2-3b6d8e860895@group-CC029EF4DC06: set configuration 0: [cd37c1c7-ed8f-41a0-b2e2-3b6d8e860895:192.168.30.39:40670], old=null at 0
2019-09-25 06:02:12,261 [87fa81a0-33dc-4710-bb43-7cfa430e4317@group-4265C47D2F01:LeaderElection3] INFO  impl.LeaderElection (LeaderElection.java:askForVotes(182)) - 87fa81a0-33dc-4710-bb43-7cfa430e4317@group-4265C47D2F01:LeaderElection3: begin an election at term 1 for -1: [87fa81a0-33dc-4710-bb43-7cfa430e4317:192.168.30.39:34876, cd37c1c7-ed8f-41a0-b2e2-3b6d8e860895:192.168.30.39:40670, 2a6250a5-e83c-4cf8-870e-a78e520bdf29:192.168.30.39:32983], old=null
2019-09-25 06:02:12,295 [grpc-default-executor-2] INFO  impl.RaftServerImpl (RaftServerImpl.java:setRole(174)) - cd37c1c7-ed8f-41a0-b2e2-3b6d8e860895@group-4265C47D2F01: changes role from  FOLLOWER to FOLLOWER at term 1 for recognizeCandidate:2a6250a5-e83c-4cf8-870e-a78e520bdf29
2019-09-25 06:02:12,296 [grpc-default-executor-2] INFO  impl.RoleInfo (RoleInfo.java:shutdownFollowerState(121)) - cd37c1c7-ed8f-41a0-b2e2-3b6d8e860895: shutdown FollowerState
2019-09-25 06:02:12,296 [grpc-default-executor-2] INFO  impl.RoleInfo (RoleInfo.java:updateAndGet(143)) - cd37c1c7-ed8f-41a0-b2e2-3b6d8e860895: start FollowerState
2019-09-25 06:02:12,296 [Thread-253] INFO  impl.FollowerState (FollowerState.java:run(115)) - cd37c1c7-ed8f-41a0-b2e2-3b6d8e860895: FollowerState was interrupted: java.lang.InterruptedException: sleep interrupted
2019-09-25 06:02:12,329 [2a6250a5-e83c-4cf8-870e-a78e520bdf29@group-4265C47D2F01:LeaderElection2] INFO  impl.LeaderElection (LeaderElection.java:logAndReturn(56)) - 2a6250a5-e83c-4cf8-870e-a78e520bdf29@group-4265C47D2F01:LeaderElection2: Election PASSED; received 2 response(s) [2a6250a5-e83c-4cf8-870e-a78e520bdf29<-87fa81a0-33dc-4710-bb43-7cfa430e4317#0:FAIL-t1, 2a6250a5-e83c-4cf8-870e-a78e520bdf29<-cd37c1c7-ed8f-41a0-b2e2-3b6d8e860895#0:OK-t1] and 0 exception(s); 2a6250a5-e83c-4cf8-870e-a78e520bdf29@group-4265C47D2F01:t1, leader=null, voted=2a6250a5-e83c-4cf8-870e-a78e520bdf29, raftlog=2a6250a5-e83c-4cf8-870e-a78e520bdf29@group-4265C47D2F01-SegmentedRaftLog:OPENED:c-1,f-1,i0, conf=-1: [87fa81a0-33dc-4710-bb43-7cfa430e4317:192.168.30.39:34876, cd37c1c7-ed8f-41a0-b2e2-3b6d8e860895:192.168.30.39:40670, 2a6250a5-e83c-4cf8-870e-a78e520bdf29:192.168.30.39:32983], old=null
2019-09-25 06:02:12,329 [87fa81a0-33dc-4710-bb43-7cfa430e4317@group-4265C47D2F01:LeaderElection3] INFO  impl.LeaderElection (LeaderElection.java:logAndReturn(56)) - 87fa81a0-33dc-4710-bb43-7cfa430e4317@group-4265C47D2F01:LeaderElection3: Election REJECTED; received 2 response(s) [87fa81a0-33dc-4710-bb43-7cfa430e4317<-cd37c1c7-ed8f-41a0-b2e2-3b6d8e860895#0:FAIL-t1, 87fa81a0-33dc-4710-bb43-7cfa430e4317<-2a6250a5-e83c-4cf8-870e-a78e520bdf29#0:FAIL-t1] and 0 exception(s); 87fa81a0-33dc-4710-bb43-7cfa430e4317@group-4265C47D2F01:t1, leader=null, voted=87fa81a0-33dc-4710-bb43-7cfa430e4317, raftlog=87fa81a0-33dc-4710-bb43-7cfa430e4317@group-4265C47D2F01-SegmentedRaftLog:OPENED:c-1,f-1,i0, conf=-1: [87fa81a0-33dc-4710-bb43-7cfa430e4317:192.168.30.39:34876, cd37c1c7-ed8f-41a0-b2e2-3b6d8e860895:192.168.30.39:40670, 2a6250a5-e83c-4cf8-870e-a78e520bdf29:192.168.30.39:32983], old=null
2019-09-25 06:02:12,329 [2a6250a5-e83c-4cf8-870e-a78e520bdf29@group-4265C47D2F01:LeaderElection2] INFO  impl.RoleInfo (RoleInfo.java:shutdownLeaderElection(134)) - 2a6250a5-e83c-4cf8-870e-a78e520bdf29: shutdown LeaderElection
2019-09-25 06:02:12,334 [87fa81a0-33dc-4710-bb43-7cfa430e4317@group-4265C47D2F01:LeaderElection3] INFO  impl.RaftServerImpl (RaftServerImpl.java:setRole(174)) - 87fa81a0-33dc-4710-bb43-7cfa430e4317@group-4265C47D2F01: changes role from CANDIDATE to FOLLOWER at term 1 for DISCOVERED_A_NEW_TERM
2019-09-25 06:02:12,339 [2a6250a5-e83c-4cf8-870e-a78e520bdf29@group-4265C47D2F01:LeaderElection2] INFO  impl.RaftServerImpl (RaftServerImpl.java:setRole(174)) - 2a6250a5-e83c-4cf8-870e-a78e520bdf29@group-4265C47D2F01: changes role from CANDIDATE to LEADER at term 1 for changeToLeader
2019-09-25 06:02:12,339 [87fa81a0-33dc-4710-bb43-7cfa430e4317@group-4265C47D2F01:LeaderElection3] INFO  impl.RoleInfo (RoleInfo.java:shutdownLeaderElection(134)) - 87fa81a0-33dc-4710-bb43-7cfa430e4317: shutdown LeaderElection
2019-09-25 06:02:12,339 [2a6250a5-e83c-4cf8-870e-a78e520bdf29@group-4265C47D2F01:LeaderElection2] INFO  impl.RaftServerImpl (ServerState.java:setLeader(253)) - 2a6250a5-e83c-4cf8-870e-a78e520bdf29@group-4265C47D2F01: change Leader from null to 2a6250a5-e83c-4cf8-870e-a78e520bdf29 at term 1 for becomeLeader, leader elected after 5264ms
2019-09-25 06:02:12,339 [87fa81a0-33dc-4710-bb43-7cfa430e4317@group-4265C47D2F01:LeaderElection3] INFO  impl.RoleInfo (RoleInfo.java:updateAndGet(143)) - 87fa81a0-33dc-4710-bb43-7cfa430e4317: start FollowerState
2019-09-25 06:02:12,341 [2a6250a5-e83c-4cf8-870e-a78e520bdf29@group-4265C47D2F01:LeaderElection2] INFO  server.RaftServerConfigKeys (ConfUtils.java:logGet(43)) - raft.server.staging.catchup.gap = 1000 (default)
2019-09-25 06:02:12,343 [2a6250a5-e83c-4cf8-870e-a78e520bdf29@group-4265C47D2F01:LeaderElection2] INFO  server.RaftServerConfigKeys (ConfUtils.java:logGet(43)) - raft.server.rpc.sleep.time = 25ms (default)
2019-09-25 06:02:12,343 [2a6250a5-e83c-4cf8-870e-a78e520bdf29@group-4265C47D2F01:LeaderElection2] INFO  server.RaftServerConfigKeys (ConfUtils.java:logGet(43)) - raft.server.write.element-limit = 4096 (default)
2019-09-25 06:02:12,344 [2a6250a5-e83c-4cf8-870e-a78e520bdf29@group-4265C47D2F01:LeaderElection2] INFO  server.RaftServerConfigKeys (ConfUtils.java:logGet(43)) - raft.server.watch.timeout = 10s (default)
2019-09-25 06:02:12,344 [2a6250a5-e83c-4cf8-870e-a78e520bdf29@group-4265C47D2F01:LeaderElection2] INFO  server.RaftServerConfigKeys (ConfUtils.java:logGet(43)) - raft.server.watch.timeout.denomination = 1s (default)
2019-09-25 06:02:12,344 [2a6250a5-e83c-4cf8-870e-a78e520bdf29@group-4265C47D2F01:LeaderElection2] INFO  server.RaftServerConfigKeys (ConfUtils.java:logGet(43)) - raft.server.watch.element-limit = 65536 (default)
2019-09-25 06:02:12,350 [2a6250a5-e83c-4cf8-870e-a78e520bdf29@group-4265C47D2F01:LeaderElection2] INFO  server.RaftServerConfigKeys (ConfUtils.java:logGet(43)) - raft.server.log.appender.snapshot.chunk.size.max = 16MB (=16777216) (default)
2019-09-25 06:02:12,350 [2a6250a5-e83c-4cf8-870e-a78e520bdf29@group-4265C47D2F01:LeaderElection2] INFO  server.RaftServerConfigKeys (ConfUtils.java:logGet(43)) - raft.server.log.appender.buffer.byte-limit = 33554432 (custom)
2019-09-25 06:02:12,351 [2a6250a5-e83c-4cf8-870e-a78e520bdf29@group-4265C47D2F01:LeaderElection2] INFO  server.RaftServerConfigKeys (ConfUtils.java:logGet(43)) - raft.server.log.appender.buffer.element-limit = 1 (custom)
2019-09-25 06:02:12,355 [2a6250a5-e83c-4cf8-870e-a78e520bdf29@group-4265C47D2F01:LeaderElection2] INFO  grpc.GrpcConfigKeys$Server (ConfUtils.java:logGet(43)) - raft.grpc.server.leader.outstanding.appends.max = 128 (default)
2019-09-25 06:02:12,355 [2a6250a5-e83c-4cf8-870e-a78e520bdf29@group-4265C47D2F01:LeaderElection2] INFO  server.RaftServerConfigKeys (ConfUtils.java:logGet(43)) - raft.server.rpc.request.timeout = 3000ms (default)
2019-09-25 06:02:12,356 [2a6250a5-e83c-4cf8-870e-a78e520bdf29@group-4265C47D2F01:LeaderElection2] INFO  server.RaftServerConfigKeys (ConfUtils.java:logGet(43)) - raft.server.log.appender.install.snapshot.enabled = false (custom)
2019-09-25 06:02:12,357 [2a6250a5-e83c-4cf8-870e-a78e520bdf29@group-4265C47D2F01:LeaderElection2] INFO  server.RaftServerConfigKeys (ConfUtils.java:logGet(43)) - raft.server.log.appender.snapshot.chunk.size.max = 16MB (=16777216) (default)
2019-09-25 06:02:12,357 [2a6250a5-e83c-4cf8-870e-a78e520bdf29@group-4265C47D2F01:LeaderElection2] INFO  server.RaftServerConfigKeys (ConfUtils.java:logGet(43)) - raft.server.log.appender.buffer.byte-limit = 33554432 (custom)
2019-09-25 06:02:12,357 [2a6250a5-e83c-4cf8-870e-a78e520bdf29@group-4265C47D2F01:LeaderElection2] INFO  server.RaftServerConfigKeys (ConfUtils.java:logGet(43)) - raft.server.log.appender.buffer.element-limit = 1 (custom)
2019-09-25 06:02:12,358 [2a6250a5-e83c-4cf8-870e-a78e520bdf29@group-4265C47D2F01:LeaderElection2] INFO  grpc.GrpcConfigKeys$Server (ConfUtils.java:logGet(43)) - raft.grpc.server.leader.outstanding.appends.max = 128 (default)
2019-09-25 06:02:12,358 [2a6250a5-e83c-4cf8-870e-a78e520bdf29@group-4265C47D2F01:LeaderElection2] INFO  server.RaftServerConfigKeys (ConfUtils.java:logGet(43)) - raft.server.rpc.request.timeout = 3000ms (default)
2019-09-25 06:02:12,358 [2a6250a5-e83c-4cf8-870e-a78e520bdf29@group-4265C47D2F01:LeaderElection2] INFO  server.RaftServerConfigKeys (ConfUtils.java:logGet(43)) - raft.server.log.appender.install.snapshot.enabled = false (custom)
2019-09-25 06:02:12,360 [2a6250a5-e83c-4cf8-870e-a78e520bdf29@group-4265C47D2F01:LeaderElection2] INFO  impl.RoleInfo (RoleInfo.java:updateAndGet(143)) - 2a6250a5-e83c-4cf8-870e-a78e520bdf29: start LeaderState
2019-09-25 06:02:12,360 [2a6250a5-e83c-4cf8-870e-a78e520bdf29@group-4265C47D2F01:LeaderElection2] INFO  segmented.SegmentedRaftLogWorker (SegmentedRaftLogWorker.java:startLogSegment(380)) - 2a6250a5-e83c-4cf8-870e-a78e520bdf29@group-4265C47D2F01-SegmentedRaftLogWorker: Starting segment from index:0
2019-09-25 06:02:12,362 [2a6250a5-e83c-4cf8-870e-a78e520bdf29@group-4265C47D2F01:LeaderElection2] INFO  impl.RaftServerImpl (ServerState.java:setRaftConf(354)) - 2a6250a5-e83c-4cf8-870e-a78e520bdf29@group-4265C47D2F01: set configuration 0: [87fa81a0-33dc-4710-bb43-7cfa430e4317:192.168.30.39:34876, cd37c1c7-ed8f-41a0-b2e2-3b6d8e860895:192.168.30.39:40670, 2a6250a5-e83c-4cf8-870e-a78e520bdf29:192.168.30.39:32983], old=null at 0
2019-09-25 06:02:12,387 [grpc-default-executor-3] INFO  impl.RaftServerImpl (ServerState.java:setLeader(253)) - 87fa81a0-33dc-4710-bb43-7cfa430e4317@group-4265C47D2F01: change Leader from null to 2a6250a5-e83c-4cf8-870e-a78e520bdf29 at term 1 for appendEntries, leader elected after 5312ms
2019-09-25 06:02:12,387 [grpc-default-executor-2] INFO  impl.RaftServerImpl (ServerState.java:setLeader(253)) - cd37c1c7-ed8f-41a0-b2e2-3b6d8e860895@group-4265C47D2F01: change Leader from null to 2a6250a5-e83c-4cf8-870e-a78e520bdf29 at term 1 for appendEntries, leader elected after 5312ms
2019-09-25 06:02:12,421 [grpc-default-executor-2] INFO  impl.RaftServerImpl (ServerState.java:setRaftConf(354)) - cd37c1c7-ed8f-41a0-b2e2-3b6d8e860895@group-4265C47D2F01: set configuration 0: [87fa81a0-33dc-4710-bb43-7cfa430e4317:192.168.30.39:34876, cd37c1c7-ed8f-41a0-b2e2-3b6d8e860895:192.168.30.39:40670, 2a6250a5-e83c-4cf8-870e-a78e520bdf29:192.168.30.39:32983], old=null at 0
2019-09-25 06:02:12,421 [grpc-default-executor-3] INFO  impl.RaftServerImpl (ServerState.java:setRaftConf(354)) - 87fa81a0-33dc-4710-bb43-7cfa430e4317@group-4265C47D2F01: set configuration 0: [87fa81a0-33dc-4710-bb43-7cfa430e4317:192.168.30.39:34876, cd37c1c7-ed8f-41a0-b2e2-3b6d8e860895:192.168.30.39:40670, 2a6250a5-e83c-4cf8-870e-a78e520bdf29:192.168.30.39:32983], old=null at 0
2019-09-25 06:02:12,421 [grpc-default-executor-2] INFO  segmented.SegmentedRaftLogWorker (SegmentedRaftLogWorker.java:startLogSegment(380)) - cd37c1c7-ed8f-41a0-b2e2-3b6d8e860895@group-4265C47D2F01-SegmentedRaftLogWorker: Starting segment from index:0
2019-09-25 06:02:12,421 [grpc-default-executor-3] INFO  segmented.SegmentedRaftLogWorker (SegmentedRaftLogWorker.java:startLogSegment(380)) - 87fa81a0-33dc-4710-bb43-7cfa430e4317@group-4265C47D2F01-SegmentedRaftLogWorker: Starting segment from index:0
2019-09-25 06:02:12,500 [cd37c1c7-ed8f-41a0-b2e2-3b6d8e860895@group-CC029EF4DC06-SegmentedRaftLogWorker] INFO  segmented.SegmentedRaftLogWorker (SegmentedRaftLogWorker.java:execute(569)) - cd37c1c7-ed8f-41a0-b2e2-3b6d8e860895@group-CC029EF4DC06-SegmentedRaftLogWorker: created new log segment /workdir/hadoop-ozone/integration-test/target/test-dir/MiniOzoneClusterImpl-c1088f23-01ce-44bf-9846-8858f4e9356f/datanode-0/data/ratis/6f9844a1-c07a-4586-a3ed-cc029ef4dc06/current/log_inprogress_0
2019-09-25 06:02:12,500 [2a6250a5-e83c-4cf8-870e-a78e520bdf29@group-4265C47D2F01-SegmentedRaftLogWorker] INFO  segmented.SegmentedRaftLogWorker (SegmentedRaftLogWorker.java:execute(569)) - 2a6250a5-e83c-4cf8-870e-a78e520bdf29@group-4265C47D2F01-SegmentedRaftLogWorker: created new log segment /workdir/hadoop-ozone/integration-test/target/test-dir/MiniOzoneClusterImpl-c1088f23-01ce-44bf-9846-8858f4e9356f/datanode-6/data/ratis/af237ea6-840c-471b-8334-4265c47d2f01/current/log_inprogress_0
2019-09-25 06:02:12,500 [cd37c1c7-ed8f-41a0-b2e2-3b6d8e860895@group-4265C47D2F01-SegmentedRaftLogWorker] INFO  segmented.SegmentedRaftLogWorker (SegmentedRaftLogWorker.java:execute(569)) - cd37c1c7-ed8f-41a0-b2e2-3b6d8e860895@group-4265C47D2F01-SegmentedRaftLogWorker: created new log segment /workdir/hadoop-ozone/integration-test/target/test-dir/MiniOzoneClusterImpl-c1088f23-01ce-44bf-9846-8858f4e9356f/datanode-0/data/ratis/af237ea6-840c-471b-8334-4265c47d2f01/current/log_inprogress_0
2019-09-25 06:02:12,502 [87fa81a0-33dc-4710-bb43-7cfa430e4317@group-4265C47D2F01-SegmentedRaftLogWorker] INFO  segmented.SegmentedRaftLogWorker (SegmentedRaftLogWorker.java:execute(569)) - 87fa81a0-33dc-4710-bb43-7cfa430e4317@group-4265C47D2F01-SegmentedRaftLogWorker: created new log segment /workdir/hadoop-ozone/integration-test/target/test-dir/MiniOzoneClusterImpl-c1088f23-01ce-44bf-9846-8858f4e9356f/datanode-1/data/ratis/af237ea6-840c-471b-8334-4265c47d2f01/current/log_inprogress_0
2019-09-25 06:02:13,983 [Thread-258] INFO  impl.FollowerState (FollowerState.java:run(106)) - 3cd052f0-76d4-4fb9-8167-d29e1ecff337:group-30E4EFB8FAAC changes to CANDIDATE, lastRpcTime:5037, electionTimeout:5037ms
2019-09-25 06:02:13,983 [Thread-258] INFO  impl.RoleInfo (RoleInfo.java:shutdownFollowerState(121)) - 3cd052f0-76d4-4fb9-8167-d29e1ecff337: shutdown FollowerState
2019-09-25 06:02:13,984 [Thread-258] INFO  impl.RaftServerImpl (RaftServerImpl.java:setRole(174)) - 3cd052f0-76d4-4fb9-8167-d29e1ecff337@group-30E4EFB8FAAC: changes role from  FOLLOWER to CANDIDATE at term 0 for changeToCandidate
2019-09-25 06:02:13,984 [Thread-258] INFO  impl.RoleInfo (RoleInfo.java:updateAndGet(143)) - 3cd052f0-76d4-4fb9-8167-d29e1ecff337: start LeaderElection
2019-09-25 06:02:13,989 [Thread-260] INFO  impl.FollowerState (FollowerState.java:run(106)) - 998cb3eb-8230-45a4-8ff4-8e174ebf4a14:group-30E4EFB8FAAC changes to CANDIDATE, lastRpcTime:5042, electionTimeout:5042ms
2019-09-25 06:02:13,990 [Thread-260] INFO  impl.RoleInfo (RoleInfo.java:shutdownFollowerState(121)) - 998cb3eb-8230-45a4-8ff4-8e174ebf4a14: shutdown FollowerState
2019-09-25 06:02:13,990 [Thread-260] INFO  impl.RaftServerImpl (RaftServerImpl.java:setRole(174)) - 998cb3eb-8230-45a4-8ff4-8e174ebf4a14@group-30E4EFB8FAAC: changes role from  FOLLOWER to CANDIDATE at term 0 for changeToCandidate
2019-09-25 06:02:13,990 [Thread-260] INFO  impl.RoleInfo (RoleInfo.java:updateAndGet(143)) - 998cb3eb-8230-45a4-8ff4-8e174ebf4a14: start LeaderElection
2019-09-25 06:02:14,062 [Thread-261] INFO  impl.FollowerState (FollowerState.java:run(106)) - 4f3e9087-d663-42a0-8269-44a4415c993d:group-30E4EFB8FAAC changes to CANDIDATE, lastRpcTime:5114, electionTimeout:5111ms
2019-09-25 06:02:14,062 [Thread-261] INFO  impl.RoleInfo (RoleInfo.java:shutdownFollowerState(121)) - 4f3e9087-d663-42a0-8269-44a4415c993d: shutdown FollowerState
2019-09-25 06:02:14,063 [Thread-261] INFO  impl.RaftServerImpl (RaftServerImpl.java:setRole(174)) - 4f3e9087-d663-42a0-8269-44a4415c993d@group-30E4EFB8FAAC: changes role from  FOLLOWER to CANDIDATE at term 0 for changeToCandidate
2019-09-25 06:02:14,063 [Thread-261] INFO  impl.RoleInfo (RoleInfo.java:updateAndGet(143)) - 4f3e9087-d663-42a0-8269-44a4415c993d: start LeaderElection
2019-09-25 06:02:14,205 [Datanode State Machine Thread - 0] INFO  statemachine.DatanodeStateMachine (DatanodeStateMachine.java:lambda$startDaemon$0(350)) - Ozone container server started.
2019-09-25 06:02:14,289 [Thread-265] INFO  impl.FollowerState (FollowerState.java:run(106)) - 2a6250a5-e83c-4cf8-870e-a78e520bdf29:group-3288596D8342 changes to CANDIDATE, lastRpcTime:5118, electionTimeout:5118ms
2019-09-25 06:02:14,290 [Thread-265] INFO  impl.RoleInfo (RoleInfo.java:shutdownFollowerState(121)) - 2a6250a5-e83c-4cf8-870e-a78e520bdf29: shutdown FollowerState
2019-09-25 06:02:14,290 [Thread-265] INFO  impl.RaftServerImpl (RaftServerImpl.java:setRole(174)) - 2a6250a5-e83c-4cf8-870e-a78e520bdf29@group-3288596D8342: changes role from  FOLLOWER to CANDIDATE at term 0 for changeToCandidate
2019-09-25 06:02:14,290 [Thread-265] INFO  impl.RoleInfo (RoleInfo.java:updateAndGet(143)) - 2a6250a5-e83c-4cf8-870e-a78e520bdf29: start LeaderElection
2019-09-25 06:02:14,433 [Thread-268] INFO  impl.FollowerState (FollowerState.java:run(106)) - cd37c1c7-ed8f-41a0-b2e2-3b6d8e860895:group-B3A70029B5FE changes to CANDIDATE, lastRpcTime:5099, electionTimeout:5099ms
2019-09-25 06:02:14,433 [Thread-268] INFO  impl.RoleInfo (RoleInfo.java:shutdownFollowerState(121)) - cd37c1c7-ed8f-41a0-b2e2-3b6d8e860895: shutdown FollowerState
2019-09-25 06:02:14,434 [Thread-268] INFO  impl.RaftServerImpl (RaftServerImpl.java:setRole(174)) - cd37c1c7-ed8f-41a0-b2e2-3b6d8e860895@group-B3A70029B5FE: changes role from  FOLLOWER to CANDIDATE at term 0 for changeToCandidate
2019-09-25 06:02:14,434 [Thread-268] INFO  impl.RoleInfo (RoleInfo.java:updateAndGet(143)) - cd37c1c7-ed8f-41a0-b2e2-3b6d8e860895: start LeaderElection
2019-09-25 06:02:14,468 [Thread-271] INFO  impl.FollowerState (FollowerState.java:run(106)) - 87fa81a0-33dc-4710-bb43-7cfa430e4317:group-2B3CCCEBD6E8 changes to CANDIDATE, lastRpcTime:5065, electionTimeout:5065ms
2019-09-25 06:02:14,469 [Thread-271] INFO  impl.RoleInfo (RoleInfo.java:shutdownFollowerState(121)) - 87fa81a0-33dc-4710-bb43-7cfa430e4317: shutdown FollowerState
2019-09-25 06:02:14,469 [Thread-271] INFO  impl.RaftServerImpl (RaftServerImpl.java:setRole(174)) - 87fa81a0-33dc-4710-bb43-7cfa430e4317@group-2B3CCCEBD6E8: changes role from  FOLLOWER to CANDIDATE at term 0 for changeToCandidate
2019-09-25 06:02:14,469 [Thread-271] INFO  impl.RoleInfo (RoleInfo.java:updateAndGet(143)) - 87fa81a0-33dc-4710-bb43-7cfa430e4317: start LeaderElection
2019-09-25 06:02:14,666 [3cd052f0-76d4-4fb9-8167-d29e1ecff337@group-30E4EFB8FAAC:LeaderElection4] INFO  impl.LeaderElection (LeaderElection.java:askForVotes(182)) - 3cd052f0-76d4-4fb9-8167-d29e1ecff337@group-30E4EFB8FAAC:LeaderElection4: begin an election at term 1 for -1: [4f3e9087-d663-42a0-8269-44a4415c993d:192.168.30.39:46853, 3cd052f0-76d4-4fb9-8167-d29e1ecff337:192.168.30.39:38011, 998cb3eb-8230-45a4-8ff4-8e174ebf4a14:192.168.30.39:35247], old=null
2019-09-25 06:02:14,666 [4f3e9087-d663-42a0-8269-44a4415c993d@group-30E4EFB8FAAC:LeaderElection6] INFO  impl.LeaderElection (LeaderElection.java:askForVotes(182)) - 4f3e9087-d663-42a0-8269-44a4415c993d@group-30E4EFB8FAAC:LeaderElection6: begin an election at term 1 for -1: [4f3e9087-d663-42a0-8269-44a4415c993d:192.168.30.39:46853, 3cd052f0-76d4-4fb9-8167-d29e1ecff337:192.168.30.39:38011, 998cb3eb-8230-45a4-8ff4-8e174ebf4a14:192.168.30.39:35247], old=null
2019-09-25 06:02:14,666 [998cb3eb-8230-45a4-8ff4-8e174ebf4a14@group-30E4EFB8FAAC:LeaderElection5] INFO  impl.LeaderElection (LeaderElection.java:askForVotes(182)) - 998cb3eb-8230-45a4-8ff4-8e174ebf4a14@group-30E4EFB8FAAC:LeaderElection5: begin an election at term 1 for -1: [4f3e9087-d663-42a0-8269-44a4415c993d:192.168.30.39:46853, 3cd052f0-76d4-4fb9-8167-d29e1ecff337:192.168.30.39:38011, 998cb3eb-8230-45a4-8ff4-8e174ebf4a14:192.168.30.39:35247], old=null
2019-09-25 06:02:14,667 [87fa81a0-33dc-4710-bb43-7cfa430e4317@group-2B3CCCEBD6E8:LeaderElection9] INFO  impl.LeaderElection (LeaderElection.java:askForVotes(182)) - 87fa81a0-33dc-4710-bb43-7cfa430e4317@group-2B3CCCEBD6E8:LeaderElection9: begin an election at term 1 for -1: [87fa81a0-33dc-4710-bb43-7cfa430e4317:192.168.30.39:34876], old=null
2019-09-25 06:02:14,667 [cd37c1c7-ed8f-41a0-b2e2-3b6d8e860895@group-B3A70029B5FE:LeaderElection8] INFO  impl.LeaderElection (LeaderElection.java:askForVotes(182)) - cd37c1c7-ed8f-41a0-b2e2-3b6d8e860895@group-B3A70029B5FE:LeaderElection8: begin an election at term 1 for -1: [cd37c1c7-ed8f-41a0-b2e2-3b6d8e860895:192.168.30.39:40670], old=null
2019-09-25 06:02:14,667 [2a6250a5-e83c-4cf8-870e-a78e520bdf29@group-3288596D8342:LeaderElection7] INFO  impl.LeaderElection (LeaderElection.java:askForVotes(182)) - 2a6250a5-e83c-4cf8-870e-a78e520bdf29@group-3288596D8342:LeaderElection7: begin an election at term 1 for -1: [2a6250a5-e83c-4cf8-870e-a78e520bdf29:192.168.30.39:32983], old=null
2019-09-25 06:02:14,667 [cd37c1c7-ed8f-41a0-b2e2-3b6d8e860895@group-B3A70029B5FE:LeaderElection8] INFO  impl.RoleInfo (RoleInfo.java:shutdownLeaderElection(134)) - cd37c1c7-ed8f-41a0-b2e2-3b6d8e860895: shutdown LeaderElection
2019-09-25 06:02:14,667 [87fa81a0-33dc-4710-bb43-7cfa430e4317@group-2B3CCCEBD6E8:LeaderElection9] INFO  impl.RoleInfo (RoleInfo.java:shutdownLeaderElection(134)) - 87fa81a0-33dc-4710-bb43-7cfa430e4317: shutdown LeaderElection
2019-09-25 06:02:14,668 [cd37c1c7-ed8f-41a0-b2e2-3b6d8e860895@group-B3A70029B5FE:LeaderElection8] INFO  impl.RaftServerImpl (RaftServerImpl.java:setRole(174)) - cd37c1c7-ed8f-41a0-b2e2-3b6d8e860895@group-B3A70029B5FE: changes role from CANDIDATE to LEADER at term 1 for changeToLeader
2019-09-25 06:02:14,668 [87fa81a0-33dc-4710-bb43-7cfa430e4317@group-2B3CCCEBD6E8:LeaderElection9] INFO  impl.RaftServerImpl (RaftServerImpl.java:setRole(174)) - 87fa81a0-33dc-4710-bb43-7cfa430e4317@group-2B3CCCEBD6E8: changes role from CANDIDATE to LEADER at term 1 for changeToLeader
2019-09-25 06:02:14,667 [2a6250a5-e83c-4cf8-870e-a78e520bdf29@group-3288596D8342:LeaderElection7] INFO  impl.RoleInfo (RoleInfo.java:shutdownLeaderElection(134)) - 2a6250a5-e83c-4cf8-870e-a78e520bdf29: shutdown LeaderElection
2019-09-25 06:02:14,668 [87fa81a0-33dc-4710-bb43-7cfa430e4317@group-2B3CCCEBD6E8:LeaderElection9] INFO  impl.RaftServerImpl (ServerState.java:setLeader(253)) - 87fa81a0-33dc-4710-bb43-7cfa430e4317@group-2B3CCCEBD6E8: change Leader from null to 87fa81a0-33dc-4710-bb43-7cfa430e4317 at term 1 for becomeLeader, leader elected after 5273ms
2019-09-25 06:02:14,668 [cd37c1c7-ed8f-41a0-b2e2-3b6d8e860895@group-B3A70029B5FE:LeaderElection8] INFO  impl.RaftServerImpl (ServerState.java:setLeader(253)) - cd37c1c7-ed8f-41a0-b2e2-3b6d8e860895@group-B3A70029B5FE: change Leader from null to cd37c1c7-ed8f-41a0-b2e2-3b6d8e860895 at term 1 for becomeLeader, leader elected after 5344ms
2019-09-25 06:02:14,668 [2a6250a5-e83c-4cf8-870e-a78e520bdf29@group-3288596D8342:LeaderElection7] INFO  impl.RaftServerImpl (RaftServerImpl.java:setRole(174)) - 2a6250a5-e83c-4cf8-870e-a78e520bdf29@group-3288596D8342: changes role from CANDIDATE to LEADER at term 1 for changeToLeader
2019-09-25 06:02:14,672 [87fa81a0-33dc-4710-bb43-7cfa430e4317@group-2B3CCCEBD6E8:LeaderElection9] INFO  server.RaftServerConfigKeys (ConfUtils.java:logGet(43)) - raft.server.staging.catchup.gap = 1000 (default)
2019-09-25 06:02:14,672 [cd37c1c7-ed8f-41a0-b2e2-3b6d8e860895@group-B3A70029B5FE:LeaderElection8] INFO  server.RaftServerConfigKeys (ConfUtils.java:logGet(43)) - raft.server.staging.catchup.gap = 1000 (default)
2019-09-25 06:02:14,672 [2a6250a5-e83c-4cf8-870e-a78e520bdf29@group-3288596D8342:LeaderElection7] INFO  impl.RaftServerImpl (ServerState.java:setLeader(253)) - 2a6250a5-e83c-4cf8-870e-a78e520bdf29@group-3288596D8342: change Leader from null to 2a6250a5-e83c-4cf8-870e-a78e520bdf29 at term 1 for becomeLeader, leader elected after 5510ms
2019-09-25 06:02:14,673 [cd37c1c7-ed8f-41a0-b2e2-3b6d8e860895@group-B3A70029B5FE:LeaderElection8] INFO  server.RaftServerConfigKeys (ConfUtils.java:logGet(43)) - raft.server.rpc.sleep.time = 25ms (default)
2019-09-25 06:02:14,673 [87fa81a0-33dc-4710-bb43-7cfa430e4317@group-2B3CCCEBD6E8:LeaderElection9] INFO  server.RaftServerConfigKeys (ConfUtils.java:logGet(43)) - raft.server.rpc.sleep.time = 25ms (default)
2019-09-25 06:02:14,677 [cd37c1c7-ed8f-41a0-b2e2-3b6d8e860895@group-B3A70029B5FE:LeaderElection8] INFO  server.RaftServerConfigKeys (ConfUtils.java:logGet(43)) - raft.server.write.element-limit = 4096 (default)
2019-09-25 06:02:14,673 [2a6250a5-e83c-4cf8-870e-a78e520bdf29@group-3288596D8342:LeaderElection7] INFO  server.RaftServerConfigKeys (ConfUtils.java:logGet(43)) - raft.server.staging.catchup.gap = 1000 (default)
2019-09-25 06:02:14,683 [cd37c1c7-ed8f-41a0-b2e2-3b6d8e860895@group-B3A70029B5FE:LeaderElection8] INFO  server.RaftServerConfigKeys (ConfUtils.java:logGet(43)) - raft.server.watch.timeout = 10s (default)
2019-09-25 06:02:14,683 [2a6250a5-e83c-4cf8-870e-a78e520bdf29@group-3288596D8342:LeaderElection7] INFO  server.RaftServerConfigKeys (ConfUtils.java:logGet(43)) - raft.server.rpc.sleep.time = 25ms (default)
2019-09-25 06:02:14,681 [87fa81a0-33dc-4710-bb43-7cfa430e4317@group-2B3CCCEBD6E8:LeaderElection9] INFO  server.RaftServerConfigKeys (ConfUtils.java:logGet(43)) - raft.server.write.element-limit = 4096 (default)
2019-09-25 06:02:14,684 [2a6250a5-e83c-4cf8-870e-a78e520bdf29@group-3288596D8342:LeaderElection7] INFO  server.RaftServerConfigKeys (ConfUtils.java:logGet(43)) - raft.server.write.element-limit = 4096 (default)
2019-09-25 06:02:14,683 [cd37c1c7-ed8f-41a0-b2e2-3b6d8e860895@group-B3A70029B5FE:LeaderElection8] INFO  server.RaftServerConfigKeys (ConfUtils.java:logGet(43)) - raft.server.watch.timeout.denomination = 1s (default)
2019-09-25 06:02:14,684 [2a6250a5-e83c-4cf8-870e-a78e520bdf29@group-3288596D8342:LeaderElection7] INFO  server.RaftServerConfigKeys (ConfUtils.java:logGet(43)) - raft.server.watch.timeout = 10s (default)
2019-09-25 06:02:14,684 [87fa81a0-33dc-4710-bb43-7cfa430e4317@group-2B3CCCEBD6E8:LeaderElection9] INFO  server.RaftServerConfigKeys (ConfUtils.java:logGet(43)) - raft.server.watch.timeout = 10s (default)
2019-09-25 06:02:14,684 [2a6250a5-e83c-4cf8-870e-a78e520bdf29@group-3288596D8342:LeaderElection7] INFO  server.RaftServerConfigKeys (ConfUtils.java:logGet(43)) - raft.server.watch.timeout.denomination = 1s (default)
2019-09-25 06:02:14,684 [cd37c1c7-ed8f-41a0-b2e2-3b6d8e860895@group-B3A70029B5FE:LeaderElection8] INFO  server.RaftServerConfigKeys (ConfUtils.java:logGet(43)) - raft.server.watch.element-limit = 65536 (default)
2019-09-25 06:02:14,685 [2a6250a5-e83c-4cf8-870e-a78e520bdf29@group-3288596D8342:LeaderElection7] INFO  server.RaftServerConfigKeys (ConfUtils.java:logGet(43)) - raft.server.watch.element-limit = 65536 (default)
2019-09-25 06:02:14,685 [87fa81a0-33dc-4710-bb43-7cfa430e4317@group-2B3CCCEBD6E8:LeaderElection9] INFO  server.RaftServerConfigKeys (ConfUtils.java:logGet(43)) - raft.server.watch.timeout.denomination = 1s (default)
2019-09-25 06:02:14,685 [87fa81a0-33dc-4710-bb43-7cfa430e4317@group-2B3CCCEBD6E8:LeaderElection9] INFO  server.RaftServerConfigKeys (ConfUtils.java:logGet(43)) - raft.server.watch.element-limit = 65536 (default)
2019-09-25 06:02:14,694 [87fa81a0-33dc-4710-bb43-7cfa430e4317@group-2B3CCCEBD6E8:LeaderElection9] INFO  impl.RoleInfo (RoleInfo.java:updateAndGet(143)) - 87fa81a0-33dc-4710-bb43-7cfa430e4317: start LeaderState
2019-09-25 06:02:14,695 [87fa81a0-33dc-4710-bb43-7cfa430e4317@group-2B3CCCEBD6E8:LeaderElection9] INFO  segmented.SegmentedRaftLogWorker (SegmentedRaftLogWorker.java:startLogSegment(380)) - 87fa81a0-33dc-4710-bb43-7cfa430e4317@group-2B3CCCEBD6E8-SegmentedRaftLogWorker: Starting segment from index:0
2019-09-25 06:02:14,696 [cd37c1c7-ed8f-41a0-b2e2-3b6d8e860895@group-B3A70029B5FE:LeaderElection8] INFO  impl.RoleInfo (RoleInfo.java:updateAndGet(143)) - cd37c1c7-ed8f-41a0-b2e2-3b6d8e860895: start LeaderState
2019-09-25 06:02:14,696 [2a6250a5-e83c-4cf8-870e-a78e520bdf29@group-3288596D8342:LeaderElection7] INFO  impl.RoleInfo (RoleInfo.java:updateAndGet(143)) - 2a6250a5-e83c-4cf8-870e-a78e520bdf29: start LeaderState
2019-09-25 06:02:14,696 [87fa81a0-33dc-4710-bb43-7cfa430e4317@group-2B3CCCEBD6E8:LeaderElection9] INFO  impl.RaftServerImpl (ServerState.java:setRaftConf(354)) - 87fa81a0-33dc-4710-bb43-7cfa430e4317@group-2B3CCCEBD6E8: set configuration 0: [87fa81a0-33dc-4710-bb43-7cfa430e4317:192.168.30.39:34876], old=null at 0
2019-09-25 06:02:14,730 [cd37c1c7-ed8f-41a0-b2e2-3b6d8e860895@group-B3A70029B5FE:LeaderElection8] INFO  segmented.SegmentedRaftLogWorker (SegmentedRaftLogWorker.java:startLogSegment(380)) - cd37c1c7-ed8f-41a0-b2e2-3b6d8e860895@group-B3A70029B5FE-SegmentedRaftLogWorker: Starting segment from index:0
2019-09-25 06:02:14,730 [Thread-277] INFO  impl.FollowerState (FollowerState.java:run(106)) - 998cb3eb-8230-45a4-8ff4-8e174ebf4a14:group-B28DDA9C36F6 changes to CANDIDATE, lastRpcTime:5080, electionTimeout:5048ms
2019-09-25 06:02:14,733 [2a6250a5-e83c-4cf8-870e-a78e520bdf29@group-3288596D8342:LeaderElection7] INFO  segmented.SegmentedRaftLogWorker (SegmentedRaftLogWorker.java:startLogSegment(380)) - 2a6250a5-e83c-4cf8-870e-a78e520bdf29@group-3288596D8342-SegmentedRaftLogWorker: Starting segment from index:0
2019-09-25 06:02:14,735 [Thread-277] INFO  impl.RoleInfo (RoleInfo.java:shutdownFollowerState(121)) - 998cb3eb-8230-45a4-8ff4-8e174ebf4a14: shutdown FollowerState
2019-09-25 06:02:14,735 [Thread-277] INFO  impl.RaftServerImpl (RaftServerImpl.java:setRole(174)) - 998cb3eb-8230-45a4-8ff4-8e174ebf4a14@group-B28DDA9C36F6: changes role from  FOLLOWER to CANDIDATE at term 0 for changeToCandidate
2019-09-25 06:02:14,735 [cd37c1c7-ed8f-41a0-b2e2-3b6d8e860895@group-B3A70029B5FE:LeaderElection8] INFO  impl.RaftServerImpl (ServerState.java:setRaftConf(354)) - cd37c1c7-ed8f-41a0-b2e2-3b6d8e860895@group-B3A70029B5FE: set configuration 0: [cd37c1c7-ed8f-41a0-b2e2-3b6d8e860895:192.168.30.39:40670], old=null at 0
2019-09-25 06:02:14,767 [Thread-274] INFO  impl.FollowerState (FollowerState.java:run(106)) - 4f3e9087-d663-42a0-8269-44a4415c993d:group-72B6D173859D changes to CANDIDATE, lastRpcTime:5222, electionTimeout:5195ms
2019-09-25 06:02:14,768 [2a6250a5-e83c-4cf8-870e-a78e520bdf29@group-3288596D8342:LeaderElection7] INFO  impl.RaftServerImpl (ServerState.java:setRaftConf(354)) - 2a6250a5-e83c-4cf8-870e-a78e520bdf29@group-3288596D8342: set configuration 0: [2a6250a5-e83c-4cf8-870e-a78e520bdf29:192.168.30.39:32983], old=null at 0
2019-09-25 06:02:14,767 [87fa81a0-33dc-4710-bb43-7cfa430e4317@group-2B3CCCEBD6E8-SegmentedRaftLogWorker] INFO  segmented.SegmentedRaftLogWorker (SegmentedRaftLogWorker.java:execute(569)) - 87fa81a0-33dc-4710-bb43-7cfa430e4317@group-2B3CCCEBD6E8-SegmentedRaftLogWorker: created new log segment /workdir/hadoop-ozone/integration-test/target/test-dir/MiniOzoneClusterImpl-c1088f23-01ce-44bf-9846-8858f4e9356f/datanode-1/data/ratis/5b9f22ac-2427-4759-803f-2b3cccebd6e8/current/log_inprogress_0
2019-09-25 06:02:14,768 [Thread-274] INFO  impl.RoleInfo (RoleInfo.java:shutdownFollowerState(121)) - 4f3e9087-d663-42a0-8269-44a4415c993d: shutdown FollowerState
2019-09-25 06:02:14,768 [Thread-277] INFO  impl.RoleInfo (RoleInfo.java:updateAndGet(143)) - 998cb3eb-8230-45a4-8ff4-8e174ebf4a14: start LeaderElection
2019-09-25 06:02:14,772 [Thread-274] INFO  impl.RaftServerImpl (RaftServerImpl.java:setRole(174)) - 4f3e9087-d663-42a0-8269-44a4415c993d@group-72B6D173859D: changes role from  FOLLOWER to CANDIDATE at term 0 for changeToCandidate
2019-09-25 06:02:14,772 [Thread-274] INFO  impl.RoleInfo (RoleInfo.java:updateAndGet(143)) - 4f3e9087-d663-42a0-8269-44a4415c993d: start LeaderElection
2019-09-25 06:02:14,814 [cd37c1c7-ed8f-41a0-b2e2-3b6d8e860895@group-B3A70029B5FE-SegmentedRaftLogWorker] INFO  segmented.SegmentedRaftLogWorker (SegmentedRaftLogWorker.java:execute(569)) - cd37c1c7-ed8f-41a0-b2e2-3b6d8e860895@group-B3A70029B5FE-SegmentedRaftLogWorker: created new log segment /workdir/hadoop-ozone/integration-test/target/test-dir/MiniOzoneClusterImpl-c1088f23-01ce-44bf-9846-8858f4e9356f/datanode-0/data/ratis/f9a664d9-2049-46ac-8490-b3a70029b5fe/current/log_inprogress_0
2019-09-25 06:02:14,826 [Thread-280] INFO  impl.FollowerState (FollowerState.java:run(106)) - 3cd052f0-76d4-4fb9-8167-d29e1ecff337:group-06F9C8C407A0 changes to CANDIDATE, lastRpcTime:5120, electionTimeout:5119ms
2019-09-25 06:02:14,826 [Thread-280] INFO  impl.RoleInfo (RoleInfo.java:shutdownFollowerState(121)) - 3cd052f0-76d4-4fb9-8167-d29e1ecff337: shutdown FollowerState
2019-09-25 06:02:14,827 [Thread-280] INFO  impl.RaftServerImpl (RaftServerImpl.java:setRole(174)) - 3cd052f0-76d4-4fb9-8167-d29e1ecff337@group-06F9C8C407A0: changes role from  FOLLOWER to CANDIDATE at term 0 for changeToCandidate
2019-09-25 06:02:14,827 [Thread-280] INFO  impl.RoleInfo (RoleInfo.java:updateAndGet(143)) - 3cd052f0-76d4-4fb9-8167-d29e1ecff337: start LeaderElection
2019-09-25 06:02:14,829 [998cb3eb-8230-45a4-8ff4-8e174ebf4a14@group-30E4EFB8FAAC:LeaderElection5] INFO  impl.LeaderElection (LeaderElection.java:logAndReturn(56)) - 998cb3eb-8230-45a4-8ff4-8e174ebf4a14@group-30E4EFB8FAAC:LeaderElection5: Election REJECTED; received 2 response(s) [998cb3eb-8230-45a4-8ff4-8e174ebf4a14<-4f3e9087-d663-42a0-8269-44a4415c993d#0:FAIL-t1, 998cb3eb-8230-45a4-8ff4-8e174ebf4a14<-3cd052f0-76d4-4fb9-8167-d29e1ecff337#0:FAIL-t1] and 0 exception(s); 998cb3eb-8230-45a4-8ff4-8e174ebf4a14@group-30E4EFB8FAAC:t1, leader=null, voted=998cb3eb-8230-45a4-8ff4-8e174ebf4a14, raftlog=998cb3eb-8230-45a4-8ff4-8e174ebf4a14@group-30E4EFB8FAAC-SegmentedRaftLog:OPENED:c-1,f-1,i0, conf=-1: [4f3e9087-d663-42a0-8269-44a4415c993d:192.168.30.39:46853, 3cd052f0-76d4-4fb9-8167-d29e1ecff337:192.168.30.39:38011, 998cb3eb-8230-45a4-8ff4-8e174ebf4a14:192.168.30.39:35247], old=null
2019-09-25 06:02:14,832 [2a6250a5-e83c-4cf8-870e-a78e520bdf29@group-3288596D8342-SegmentedRaftLogWorker] INFO  segmented.SegmentedRaftLogWorker (SegmentedRaftLogWorker.java:execute(569)) - 2a6250a5-e83c-4cf8-870e-a78e520bdf29@group-3288596D8342-SegmentedRaftLogWorker: created new log segment /workdir/hadoop-ozone/integration-test/target/test-dir/MiniOzoneClusterImpl-c1088f23-01ce-44bf-9846-8858f4e9356f/datanode-6/data/ratis/9ac41223-4afd-4339-947b-3288596d8342/current/log_inprogress_0
2019-09-25 06:02:14,835 [998cb3eb-8230-45a4-8ff4-8e174ebf4a14@group-30E4EFB8FAAC:LeaderElection5] INFO  impl.RaftServerImpl (RaftServerImpl.java:setRole(174)) - 998cb3eb-8230-45a4-8ff4-8e174ebf4a14@group-30E4EFB8FAAC: changes role from CANDIDATE to FOLLOWER at term 1 for DISCOVERED_A_NEW_TERM
2019-09-25 06:02:14,837 [998cb3eb-8230-45a4-8ff4-8e174ebf4a14@group-30E4EFB8FAAC:LeaderElection5] INFO  impl.RoleInfo (RoleInfo.java:shutdownLeaderElection(134)) - 998cb3eb-8230-45a4-8ff4-8e174ebf4a14: shutdown LeaderElection
2019-09-25 06:02:14,837 [998cb3eb-8230-45a4-8ff4-8e174ebf4a14@group-B28DDA9C36F6:LeaderElection10] INFO  impl.LeaderElection (LeaderElection.java:askForVotes(182)) - 998cb3eb-8230-45a4-8ff4-8e174ebf4a14@group-B28DDA9C36F6:LeaderElection10: begin an election at term 1 for -1: [998cb3eb-8230-45a4-8ff4-8e174ebf4a14:192.168.30.39:35247], old=null
2019-09-25 06:02:14,837 [998cb3eb-8230-45a4-8ff4-8e174ebf4a14@group-30E4EFB8FAAC:LeaderElection5] INFO  impl.RoleInfo (RoleInfo.java:updateAndGet(143)) - 998cb3eb-8230-45a4-8ff4-8e174ebf4a14: start FollowerState
2019-09-25 06:02:14,837 [4f3e9087-d663-42a0-8269-44a4415c993d@group-30E4EFB8FAAC:LeaderElection6] INFO  impl.LeaderElection (LeaderElection.java:logAndReturn(56)) - 4f3e9087-d663-42a0-8269-44a4415c993d@group-30E4EFB8FAAC:LeaderElection6: Election REJECTED; received 2 response(s) [4f3e9087-d663-42a0-8269-44a4415c993d<-3cd052f0-76d4-4fb9-8167-d29e1ecff337#0:FAIL-t1, 4f3e9087-d663-42a0-8269-44a4415c993d<-998cb3eb-8230-45a4-8ff4-8e174ebf4a14#0:FAIL-t1] and 0 exception(s); 4f3e9087-d663-42a0-8269-44a4415c993d@group-30E4EFB8FAAC:t1, leader=null, voted=4f3e9087-d663-42a0-8269-44a4415c993d, raftlog=4f3e9087-d663-42a0-8269-44a4415c993d@group-30E4EFB8FAAC-SegmentedRaftLog:OPENED:c-1,f-1,i0, conf=-1: [4f3e9087-d663-42a0-8269-44a4415c993d:192.168.30.39:46853, 3cd052f0-76d4-4fb9-8167-d29e1ecff337:192.168.30.39:38011, 998cb3eb-8230-45a4-8ff4-8e174ebf4a14:192.168.30.39:35247], old=null
2019-09-25 06:02:14,837 [4f3e9087-d663-42a0-8269-44a4415c993d@group-72B6D173859D:LeaderElection11] INFO  impl.LeaderElection (LeaderElection.java:askForVotes(182)) - 4f3e9087-d663-42a0-8269-44a4415c993d@group-72B6D173859D:LeaderElection11: begin an election at term 1 for -1: [4f3e9087-d663-42a0-8269-44a4415c993d:192.168.30.39:46853], old=null
2019-09-25 06:02:14,842 [4f3e9087-d663-42a0-8269-44a4415c993d@group-30E4EFB8FAAC:LeaderElection6] INFO  impl.RaftServerImpl (RaftServerImpl.java:setRole(174)) - 4f3e9087-d663-42a0-8269-44a4415c993d@group-30E4EFB8FAAC: changes role from CANDIDATE to FOLLOWER at term 1 for DISCOVERED_A_NEW_TERM
2019-09-25 06:02:14,845 [4f3e9087-d663-42a0-8269-44a4415c993d@group-30E4EFB8FAAC:LeaderElection6] INFO  impl.RoleInfo (RoleInfo.java:shutdownLeaderElection(134)) - 4f3e9087-d663-42a0-8269-44a4415c993d: shutdown LeaderElection
2019-09-25 06:02:14,838 [998cb3eb-8230-45a4-8ff4-8e174ebf4a14@group-B28DDA9C36F6:LeaderElection10] INFO  impl.RoleInfo (RoleInfo.java:shutdownLeaderElection(134)) - 998cb3eb-8230-45a4-8ff4-8e174ebf4a14: shutdown LeaderElection
2019-09-25 06:02:14,846 [4f3e9087-d663-42a0-8269-44a4415c993d@group-30E4EFB8FAAC:LeaderElection6] INFO  impl.RoleInfo (RoleInfo.java:updateAndGet(143)) - 4f3e9087-d663-42a0-8269-44a4415c993d: start FollowerState
2019-09-25 06:02:14,846 [4f3e9087-d663-42a0-8269-44a4415c993d@group-72B6D173859D:LeaderElection11] INFO  impl.RoleInfo (RoleInfo.java:shutdownLeaderElection(134)) - 4f3e9087-d663-42a0-8269-44a4415c993d: shutdown LeaderElection
2019-09-25 06:02:14,861 [3cd052f0-76d4-4fb9-8167-d29e1ecff337@group-06F9C8C407A0:LeaderElection12] INFO  impl.LeaderElection (LeaderElection.java:askForVotes(182)) - 3cd052f0-76d4-4fb9-8167-d29e1ecff337@group-06F9C8C407A0:LeaderElection12: begin an election at term 1 for -1: [3cd052f0-76d4-4fb9-8167-d29e1ecff337:192.168.30.39:38011], old=null
2019-09-25 06:02:14,861 [4f3e9087-d663-42a0-8269-44a4415c993d@group-72B6D173859D:LeaderElection11] INFO  impl.RaftServerImpl (RaftServerImpl.java:setRole(174)) - 4f3e9087-d663-42a0-8269-44a4415c993d@group-72B6D173859D: changes role from CANDIDATE to LEADER at term 1 for changeToLeader
2019-09-25 06:02:14,861 [3cd052f0-76d4-4fb9-8167-d29e1ecff337@group-30E4EFB8FAAC:LeaderElection4] INFO  impl.LeaderElection (LeaderElection.java:logAndReturn(56)) - 3cd052f0-76d4-4fb9-8167-d29e1ecff337@group-30E4EFB8FAAC:LeaderElection4: Election REJECTED; received 2 response(s) [3cd052f0-76d4-4fb9-8167-d29e1ecff337<-4f3e9087-d663-42a0-8269-44a4415c993d#0:FAIL-t1, 3cd052f0-76d4-4fb9-8167-d29e1ecff337<-998cb3eb-8230-45a4-8ff4-8e174ebf4a14#0:FAIL-t1] and 0 exception(s); 3cd052f0-76d4-4fb9-8167-d29e1ecff337@group-30E4EFB8FAAC:t1, leader=null, voted=3cd052f0-76d4-4fb9-8167-d29e1ecff337, raftlog=3cd052f0-76d4-4fb9-8167-d29e1ecff337@group-30E4EFB8FAAC-SegmentedRaftLog:OPENED:c-1,f-1,i0, conf=-1: [4f3e9087-d663-42a0-8269-44a4415c993d:192.168.30.39:46853, 3cd052f0-76d4-4fb9-8167-d29e1ecff337:192.168.30.39:38011, 998cb3eb-8230-45a4-8ff4-8e174ebf4a14:192.168.30.39:35247], old=null
2019-09-25 06:02:14,861 [Thread-283] INFO  impl.FollowerState (FollowerState.java:run(106)) - cb9a9563-cdfa-4f01-bb16-f6751e8332fc:group-A0D2505DA21F changes to CANDIDATE, lastRpcTime:5078, electionTimeout:5071ms
2019-09-25 06:02:14,862 [3cd052f0-76d4-4fb9-8167-d29e1ecff337@group-30E4EFB8FAAC:LeaderElection4] INFO  impl.RaftServerImpl (RaftServerImpl.java:setRole(174)) - 3cd052f0-76d4-4fb9-8167-d29e1ecff337@group-30E4EFB8FAAC: changes role from CANDIDATE to FOLLOWER at term 1 for DISCOVERED_A_NEW_TERM
2019-09-25 06:02:14,864 [3cd052f0-76d4-4fb9-8167-d29e1ecff337@group-30E4EFB8FAAC:LeaderElection4] INFO  impl.RoleInfo (RoleInfo.java:shutdownLeaderElection(134)) - 3cd052f0-76d4-4fb9-8167-d29e1ecff337: shutdown LeaderElection
2019-09-25 06:02:14,846 [998cb3eb-8230-45a4-8ff4-8e174ebf4a14@group-B28DDA9C36F6:LeaderElection10] INFO  impl.RaftServerImpl (RaftServerImpl.java:setRole(174)) - 998cb3eb-8230-45a4-8ff4-8e174ebf4a14@group-B28DDA9C36F6: changes role from CANDIDATE to LEADER at term 1 for changeToLeader
2019-09-25 06:02:14,864 [3cd052f0-76d4-4fb9-8167-d29e1ecff337@group-30E4EFB8FAAC:LeaderElection4] INFO  impl.RoleInfo (RoleInfo.java:updateAndGet(143)) - 3cd052f0-76d4-4fb9-8167-d29e1ecff337: start FollowerState
2019-09-25 06:02:14,864 [Thread-283] INFO  impl.RoleInfo (RoleInfo.java:shutdownFollowerState(121)) - cb9a9563-cdfa-4f01-bb16-f6751e8332fc: shutdown FollowerState
2019-09-25 06:02:14,861 [4f3e9087-d663-42a0-8269-44a4415c993d@group-72B6D173859D:LeaderElection11] INFO  impl.RaftServerImpl (ServerState.java:setLeader(253)) - 4f3e9087-d663-42a0-8269-44a4415c993d@group-72B6D173859D: change Leader from null to 4f3e9087-d663-42a0-8269-44a4415c993d at term 1 for becomeLeader, leader elected after 5324ms
2019-09-25 06:02:14,865 [Thread-283] INFO  impl.RaftServerImpl (RaftServerImpl.java:setRole(174)) - cb9a9563-cdfa-4f01-bb16-f6751e8332fc@group-A0D2505DA21F: changes role from  FOLLOWER to CANDIDATE at term 0 for changeToCandidate
2019-09-25 06:02:14,867 [4f3e9087-d663-42a0-8269-44a4415c993d@group-72B6D173859D:LeaderElection11] INFO  server.RaftServerConfigKeys (ConfUtils.java:logGet(43)) - raft.server.staging.catchup.gap = 1000 (default)
2019-09-25 06:02:14,861 [3cd052f0-76d4-4fb9-8167-d29e1ecff337@group-06F9C8C407A0:LeaderElection12] INFO  impl.RoleInfo (RoleInfo.java:shutdownLeaderElection(134)) - 3cd052f0-76d4-4fb9-8167-d29e1ecff337: shutdown LeaderElection
2019-09-25 06:02:14,867 [4f3e9087-d663-42a0-8269-44a4415c993d@group-72B6D173859D:LeaderElection11] INFO  server.RaftServerConfigKeys (ConfUtils.java:logGet(43)) - raft.server.rpc.sleep.time = 25ms (default)
2019-09-25 06:02:14,867 [Thread-283] INFO  impl.RoleInfo (RoleInfo.java:updateAndGet(143)) - cb9a9563-cdfa-4f01-bb16-f6751e8332fc: start LeaderElection
2019-09-25 06:02:14,868 [4f3e9087-d663-42a0-8269-44a4415c993d@group-72B6D173859D:LeaderElection11] INFO  server.RaftServerConfigKeys (ConfUtils.java:logGet(43)) - raft.server.write.element-limit = 4096 (default)
2019-09-25 06:02:14,864 [998cb3eb-8230-45a4-8ff4-8e174ebf4a14@group-B28DDA9C36F6:LeaderElection10] INFO  impl.RaftServerImpl (ServerState.java:setLeader(253)) - 998cb3eb-8230-45a4-8ff4-8e174ebf4a14@group-B28DDA9C36F6: change Leader from null to 998cb3eb-8230-45a4-8ff4-8e174ebf4a14 at term 1 for becomeLeader, leader elected after 5220ms
2019-09-25 06:02:14,868 [4f3e9087-d663-42a0-8269-44a4415c993d@group-72B6D173859D:LeaderElection11] INFO  server.RaftServerConfigKeys (ConfUtils.java:logGet(43)) - raft.server.watch.timeout = 10s (default)
2019-09-25 06:02:14,867 [3cd052f0-76d4-4fb9-8167-d29e1ecff337@group-06F9C8C407A0:LeaderElection12] INFO  impl.RaftServerImpl (RaftServerImpl.java:setRole(174)) - 3cd052f0-76d4-4fb9-8167-d29e1ecff337@group-06F9C8C407A0: changes role from CANDIDATE to LEADER at term 1 for changeToLeader
2019-09-25 06:02:14,872 [4f3e9087-d663-42a0-8269-44a4415c993d@group-72B6D173859D:LeaderElection11] INFO  server.RaftServerConfigKeys (ConfUtils.java:logGet(43)) - raft.server.watch.timeout.denomination = 1s (default)
2019-09-25 06:02:14,870 [998cb3eb-8230-45a4-8ff4-8e174ebf4a14@group-B28DDA9C36F6:LeaderElection10] INFO  server.RaftServerConfigKeys (ConfUtils.java:logGet(43)) - raft.server.staging.catchup.gap = 1000 (default)
2019-09-25 06:02:14,872 [4f3e9087-d663-42a0-8269-44a4415c993d@group-72B6D173859D:LeaderElection11] INFO  server.RaftServerConfigKeys (ConfUtils.java:logGet(43)) - raft.server.watch.element-limit = 65536 (default)
2019-09-25 06:02:14,872 [3cd052f0-76d4-4fb9-8167-d29e1ecff337@group-06F9C8C407A0:LeaderElection12] INFO  impl.RaftServerImpl (ServerState.java:setLeader(253)) - 3cd052f0-76d4-4fb9-8167-d29e1ecff337@group-06F9C8C407A0: change Leader from null to 3cd052f0-76d4-4fb9-8167-d29e1ecff337 at term 1 for becomeLeader, leader elected after 5171ms
2019-09-25 06:02:14,872 [998cb3eb-8230-45a4-8ff4-8e174ebf4a14@group-B28DDA9C36F6:LeaderElection10] INFO  server.RaftServerConfigKeys (ConfUtils.java:logGet(43)) - raft.server.rpc.sleep.time = 25ms (default)
2019-09-25 06:02:14,874 [3cd052f0-76d4-4fb9-8167-d29e1ecff337@group-06F9C8C407A0:LeaderElection12] INFO  server.RaftServerConfigKeys (ConfUtils.java:logGet(43)) - raft.server.staging.catchup.gap = 1000 (default)
2019-09-25 06:02:14,875 [998cb3eb-8230-45a4-8ff4-8e174ebf4a14@group-B28DDA9C36F6:LeaderElection10] INFO  server.RaftServerConfigKeys (ConfUtils.java:logGet(43)) - raft.server.write.element-limit = 4096 (default)
2019-09-25 06:02:14,875 [3cd052f0-76d4-4fb9-8167-d29e1ecff337@group-06F9C8C407A0:LeaderElection12] INFO  server.RaftServerConfigKeys (ConfUtils.java:logGet(43)) - raft.server.rpc.sleep.time = 25ms (default)
2019-09-25 06:02:14,875 [998cb3eb-8230-45a4-8ff4-8e174ebf4a14@group-B28DDA9C36F6:LeaderElection10] INFO  server.RaftServerConfigKeys (ConfUtils.java:logGet(43)) - raft.server.watch.timeout = 10s (default)
2019-09-25 06:02:14,875 [3cd052f0-76d4-4fb9-8167-d29e1ecff337@group-06F9C8C407A0:LeaderElection12] INFO  server.RaftServerConfigKeys (ConfUtils.java:logGet(43)) - raft.server.write.element-limit = 4096 (default)
2019-09-25 06:02:14,875 [998cb3eb-8230-45a4-8ff4-8e174ebf4a14@group-B28DDA9C36F6:LeaderElection10] INFO  server.RaftServerConfigKeys (ConfUtils.java:logGet(43)) - raft.server.watch.timeout.denomination = 1s (default)
2019-09-25 06:02:14,876 [3cd052f0-76d4-4fb9-8167-d29e1ecff337@group-06F9C8C407A0:LeaderElection12] INFO  server.RaftServerConfigKeys (ConfUtils.java:logGet(43)) - raft.server.watch.timeout = 10s (default)
2019-09-25 06:02:14,876 [998cb3eb-8230-45a4-8ff4-8e174ebf4a14@group-B28DDA9C36F6:LeaderElection10] INFO  server.RaftServerConfigKeys (ConfUtils.java:logGet(43)) - raft.server.watch.element-limit = 65536 (default)
2019-09-25 06:02:14,876 [3cd052f0-76d4-4fb9-8167-d29e1ecff337@group-06F9C8C407A0:LeaderElection12] INFO  server.RaftServerConfigKeys (ConfUtils.java:logGet(43)) - raft.server.watch.timeout.denomination = 1s (default)
2019-09-25 06:02:14,876 [3cd052f0-76d4-4fb9-8167-d29e1ecff337@group-06F9C8C407A0:LeaderElection12] INFO  server.RaftServerConfigKeys (ConfUtils.java:logGet(43)) - raft.server.watch.element-limit = 65536 (default)
2019-09-25 06:02:14,879 [4f3e9087-d663-42a0-8269-44a4415c993d@group-72B6D173859D:LeaderElection11] INFO  impl.RoleInfo (RoleInfo.java:updateAndGet(143)) - 4f3e9087-d663-42a0-8269-44a4415c993d: start LeaderState
2019-09-25 06:02:14,879 [4f3e9087-d663-42a0-8269-44a4415c993d@group-72B6D173859D:LeaderElection11] INFO  segmented.SegmentedRaftLogWorker (SegmentedRaftLogWorker.java:startLogSegment(380)) - 4f3e9087-d663-42a0-8269-44a4415c993d@group-72B6D173859D-SegmentedRaftLogWorker: Starting segment from index:0
2019-09-25 06:02:14,880 [4f3e9087-d663-42a0-8269-44a4415c993d@group-72B6D173859D:LeaderElection11] INFO  impl.RaftServerImpl (ServerState.java:setRaftConf(354)) - 4f3e9087-d663-42a0-8269-44a4415c993d@group-72B6D173859D: set configuration 0: [4f3e9087-d663-42a0-8269-44a4415c993d:192.168.30.39:46853], old=null at 0
2019-09-25 06:02:14,881 [998cb3eb-8230-45a4-8ff4-8e174ebf4a14@group-B28DDA9C36F6:LeaderElection10] INFO  impl.RoleInfo (RoleInfo.java:updateAndGet(143)) - 998cb3eb-8230-45a4-8ff4-8e174ebf4a14: start LeaderState
2019-09-25 06:02:14,881 [998cb3eb-8230-45a4-8ff4-8e174ebf4a14@group-B28DDA9C36F6:LeaderElection10] INFO  segmented.SegmentedRaftLogWorker (SegmentedRaftLogWorker.java:startLogSegment(380)) - 998cb3eb-8230-45a4-8ff4-8e174ebf4a14@group-B28DDA9C36F6-SegmentedRaftLogWorker: Starting segment from index:0
2019-09-25 06:02:14,882 [998cb3eb-8230-45a4-8ff4-8e174ebf4a14@group-B28DDA9C36F6:LeaderElection10] INFO  impl.RaftServerImpl (ServerState.java:setRaftConf(354)) - 998cb3eb-8230-45a4-8ff4-8e174ebf4a14@group-B28DDA9C36F6: set configuration 0: [998cb3eb-8230-45a4-8ff4-8e174ebf4a14:192.168.30.39:35247], old=null at 0
2019-09-25 06:02:14,882 [3cd052f0-76d4-4fb9-8167-d29e1ecff337@group-06F9C8C407A0:LeaderElection12] INFO  impl.RoleInfo (RoleInfo.java:updateAndGet(143)) - 3cd052f0-76d4-4fb9-8167-d29e1ecff337: start LeaderState
2019-09-25 06:02:14,882 [3cd052f0-76d4-4fb9-8167-d29e1ecff337@group-06F9C8C407A0:LeaderElection12] INFO  segmented.SegmentedRaftLogWorker (SegmentedRaftLogWorker.java:startLogSegment(380)) - 3cd052f0-76d4-4fb9-8167-d29e1ecff337@group-06F9C8C407A0-SegmentedRaftLogWorker: Starting segment from index:0
2019-09-25 06:02:14,882 [3cd052f0-76d4-4fb9-8167-d29e1ecff337@group-06F9C8C407A0:LeaderElection12] INFO  impl.RaftServerImpl (ServerState.java:setRaftConf(354)) - 3cd052f0-76d4-4fb9-8167-d29e1ecff337@group-06F9C8C407A0: set configuration 0: [3cd052f0-76d4-4fb9-8167-d29e1ecff337:192.168.30.39:38011], old=null at 0
2019-09-25 06:02:14,936 [4f3e9087-d663-42a0-8269-44a4415c993d@group-72B6D173859D-SegmentedRaftLogWorker] INFO  segmented.SegmentedRaftLogWorker (SegmentedRaftLogWorker.java:execute(569)) - 4f3e9087-d663-42a0-8269-44a4415c993d@group-72B6D173859D-SegmentedRaftLogWorker: created new log segment /workdir/hadoop-ozone/integration-test/target/test-dir/MiniOzoneClusterImpl-c1088f23-01ce-44bf-9846-8858f4e9356f/datanode-5/data/ratis/5b77c417-58a3-402e-8d11-72b6d173859d/current/log_inprogress_0
2019-09-25 06:02:14,936 [998cb3eb-8230-45a4-8ff4-8e174ebf4a14@group-B28DDA9C36F6-SegmentedRaftLogWorker] INFO  segmented.SegmentedRaftLogWorker (SegmentedRaftLogWorker.java:execute(569)) - 998cb3eb-8230-45a4-8ff4-8e174ebf4a14@group-B28DDA9C36F6-SegmentedRaftLogWorker: created new log segment /workdir/hadoop-ozone/integration-test/target/test-dir/MiniOzoneClusterImpl-c1088f23-01ce-44bf-9846-8858f4e9356f/datanode-3/data/ratis/fa6db09f-211c-4cec-b761-b28dda9c36f6/current/log_inprogress_0
2019-09-25 06:02:14,936 [3cd052f0-76d4-4fb9-8167-d29e1ecff337@group-06F9C8C407A0-SegmentedRaftLogWorker] INFO  segmented.SegmentedRaftLogWorker (SegmentedRaftLogWorker.java:execute(569)) - 3cd052f0-76d4-4fb9-8167-d29e1ecff337@group-06F9C8C407A0-SegmentedRaftLogWorker: created new log segment /workdir/hadoop-ozone/integration-test/target/test-dir/MiniOzoneClusterImpl-c1088f23-01ce-44bf-9846-8858f4e9356f/datanode-4/data/ratis/d84e9681-1163-4671-a80c-06f9c8c407a0/current/log_inprogress_0
2019-09-25 06:02:14,936 [cb9a9563-cdfa-4f01-bb16-f6751e8332fc@group-A0D2505DA21F:LeaderElection13] INFO  impl.LeaderElection (LeaderElection.java:askForVotes(182)) - cb9a9563-cdfa-4f01-bb16-f6751e8332fc@group-A0D2505DA21F:LeaderElection13: begin an election at term 1 for -1: [cb9a9563-cdfa-4f01-bb16-f6751e8332fc:192.168.30.39:40410], old=null
2019-09-25 06:02:14,936 [cb9a9563-cdfa-4f01-bb16-f6751e8332fc@group-A0D2505DA21F:LeaderElection13] INFO  impl.RoleInfo (RoleInfo.java:shutdownLeaderElection(134)) - cb9a9563-cdfa-4f01-bb16-f6751e8332fc: shutdown LeaderElection
2019-09-25 06:02:14,937 [cb9a9563-cdfa-4f01-bb16-f6751e8332fc@group-A0D2505DA21F:LeaderElection13] INFO  impl.RaftServerImpl (RaftServerImpl.java:setRole(174)) - cb9a9563-cdfa-4f01-bb16-f6751e8332fc@group-A0D2505DA21F: changes role from CANDIDATE to LEADER at term 1 for changeToLeader
2019-09-25 06:02:14,937 [cb9a9563-cdfa-4f01-bb16-f6751e8332fc@group-A0D2505DA21F:LeaderElection13] INFO  impl.RaftServerImpl (ServerState.java:setLeader(253)) - cb9a9563-cdfa-4f01-bb16-f6751e8332fc@group-A0D2505DA21F: change Leader from null to cb9a9563-cdfa-4f01-bb16-f6751e8332fc at term 1 for becomeLeader, leader elected after 5164ms
2019-09-25 06:02:14,940 [cb9a9563-cdfa-4f01-bb16-f6751e8332fc@group-A0D2505DA21F:LeaderElection13] INFO  server.RaftServerConfigKeys (ConfUtils.java:logGet(43)) - raft.server.staging.catchup.gap = 1000 (default)
2019-09-25 06:02:14,940 [cb9a9563-cdfa-4f01-bb16-f6751e8332fc@group-A0D2505DA21F:LeaderElection13] INFO  server.RaftServerConfigKeys (ConfUtils.java:logGet(43)) - raft.server.rpc.sleep.time = 25ms (default)
2019-09-25 06:02:14,940 [cb9a9563-cdfa-4f01-bb16-f6751e8332fc@group-A0D2505DA21F:LeaderElection13] INFO  server.RaftServerConfigKeys (ConfUtils.java:logGet(43)) - raft.server.write.element-limit = 4096 (default)
2019-09-25 06:02:14,941 [cb9a9563-cdfa-4f01-bb16-f6751e8332fc@group-A0D2505DA21F:LeaderElection13] INFO  server.RaftServerConfigKeys (ConfUtils.java:logGet(43)) - raft.server.watch.timeout = 10s (default)
2019-09-25 06:02:14,941 [cb9a9563-cdfa-4f01-bb16-f6751e8332fc@group-A0D2505DA21F:LeaderElection13] INFO  server.RaftServerConfigKeys (ConfUtils.java:logGet(43)) - raft.server.watch.timeout.denomination = 1s (default)
2019-09-25 06:02:14,941 [cb9a9563-cdfa-4f01-bb16-f6751e8332fc@group-A0D2505DA21F:LeaderElection13] INFO  server.RaftServerConfigKeys (ConfUtils.java:logGet(43)) - raft.server.watch.element-limit = 65536 (default)
2019-09-25 06:02:14,947 [cb9a9563-cdfa-4f01-bb16-f6751e8332fc@group-A0D2505DA21F:LeaderElection13] INFO  impl.RoleInfo (RoleInfo.java:updateAndGet(143)) - cb9a9563-cdfa-4f01-bb16-f6751e8332fc: start LeaderState
2019-09-25 06:02:14,948 [cb9a9563-cdfa-4f01-bb16-f6751e8332fc@group-A0D2505DA21F:LeaderElection13] INFO  segmented.SegmentedRaftLogWorker (SegmentedRaftLogWorker.java:startLogSegment(380)) - cb9a9563-cdfa-4f01-bb16-f6751e8332fc@group-A0D2505DA21F-SegmentedRaftLogWorker: Starting segment from index:0
2019-09-25 06:02:14,949 [cb9a9563-cdfa-4f01-bb16-f6751e8332fc@group-A0D2505DA21F:LeaderElection13] INFO  impl.RaftServerImpl (ServerState.java:setRaftConf(354)) - cb9a9563-cdfa-4f01-bb16-f6751e8332fc@group-A0D2505DA21F: set configuration 0: [cb9a9563-cdfa-4f01-bb16-f6751e8332fc:192.168.30.39:40410], old=null at 0
2019-09-25 06:02:14,987 [cb9a9563-cdfa-4f01-bb16-f6751e8332fc@group-A0D2505DA21F-SegmentedRaftLogWorker] INFO  segmented.SegmentedRaftLogWorker (SegmentedRaftLogWorker.java:execute(569)) - cb9a9563-cdfa-4f01-bb16-f6751e8332fc@group-A0D2505DA21F-SegmentedRaftLogWorker: created new log segment /workdir/hadoop-ozone/integration-test/target/test-dir/MiniOzoneClusterImpl-c1088f23-01ce-44bf-9846-8858f4e9356f/datanode-2/data/ratis/96f015e9-caca-4af5-8193-a0d2505da21f/current/log_inprogress_0
2019-09-25 06:02:18,251 [main] INFO  ozoneimpl.OzoneContainer (OzoneContainer.java:stop(231)) - Attempting to stop container services.
2019-09-25 06:02:18,252 [main] INFO  impl.RaftServerProxy (RaftServerProxy.java:lambda$close$4(314)) - 2a6250a5-e83c-4cf8-870e-a78e520bdf29: close
2019-09-25 06:02:18,255 [main] INFO  impl.RaftServerImpl (RaftServerImpl.java:lambda$shutdown$3(251)) - 2a6250a5-e83c-4cf8-870e-a78e520bdf29@group-4265C47D2F01: shutdown
2019-09-25 06:02:18,255 [main] INFO  util.JmxRegister (JmxRegister.java:unregister(73)) - Successfully un-registered JMX Bean with object name Ratis:service=RaftServer,group=group-4265C47D2F01,id=2a6250a5-e83c-4cf8-870e-a78e520bdf29
2019-09-25 06:02:18,255 [main] INFO  impl.RoleInfo (RoleInfo.java:shutdownLeaderState(104)) - 2a6250a5-e83c-4cf8-870e-a78e520bdf29: shutdown LeaderState
2019-09-25 06:02:18,263 [org.apache.ratis.server.impl.LogAppender$AppenderDaemon$$Lambda$459/1154741198@8c96fcb] WARN  server.GrpcLogAppender (GrpcLogAppender.java:mayWait(143)) - 2a6250a5-e83c-4cf8-870e-a78e520bdf29@group-4265C47D2F01->87fa81a0-33dc-4710-bb43-7cfa430e4317-GrpcLogAppender: Wait interrupted by java.lang.InterruptedException
2019-09-25 06:02:18,264 [main] INFO  impl.PendingRequests (PendingRequests.java:sendNotLeaderResponses(202)) - 2a6250a5-e83c-4cf8-870e-a78e520bdf29-PendingRequests: sendNotLeaderResponses
2019-09-25 06:02:18,263 [org.apache.ratis.server.impl.LogAppender$AppenderDaemon$$Lambda$459/1154741198@2576f722] WARN  server.GrpcLogAppender (GrpcLogAppender.java:mayWait(143)) - 2a6250a5-e83c-4cf8-870e-a78e520bdf29@group-4265C47D2F01->cd37c1c7-ed8f-41a0-b2e2-3b6d8e860895-GrpcLogAppender: Wait interrupted by java.lang.InterruptedException
2019-09-25 06:02:18,271 [grpc-default-executor-5] INFO  server.GrpcServerProtocolService (GrpcServerProtocolService.java:onCompleted(113)) - cd37c1c7-ed8f-41a0-b2e2-3b6d8e860895: Completed APPEND_ENTRIES, lastRequest: 2a6250a5-e83c-4cf8-870e-a78e520bdf29->cd37c1c7-ed8f-41a0-b2e2-3b6d8e860895#5-t1, previous=(t:1, i:2), leaderCommit=2, initializing? false, entries: <empty>
2019-09-25 06:02:18,271 [grpc-default-executor-2] INFO  server.GrpcServerProtocolService (GrpcServerProtocolService.java:onCompleted(113)) - 87fa81a0-33dc-4710-bb43-7cfa430e4317: Completed APPEND_ENTRIES, lastRequest: 2a6250a5-e83c-4cf8-870e-a78e520bdf29->87fa81a0-33dc-4710-bb43-7cfa430e4317#5-t1, previous=(t:1, i:2), leaderCommit=2, initializing? false, entries: <empty>
2019-09-25 06:02:18,274 [main] INFO  impl.StateMachineUpdater (StateMachineUpdater.java:stopAndJoin(125)) - 2a6250a5-e83c-4cf8-870e-a78e520bdf29@group-4265C47D2F01-StateMachineUpdater: set stopIndex = 2
2019-09-25 06:02:18,275 [2a6250a5-e83c-4cf8-870e-a78e520bdf29@group-4265C47D2F01-StateMachineUpdater] INFO  ratis.ContainerStateMachine (ContainerStateMachine.java:takeSnapshot(289)) - group-4265C47D2F01: Taking a snapshot at:(t:1, i:2) file /workdir/hadoop-ozone/integration-test/target/test-dir/MiniOzoneClusterImpl-c1088f23-01ce-44bf-9846-8858f4e9356f/datanode-6/data/ratis/af237ea6-840c-471b-8334-4265c47d2f01/sm/snapshot.1_2
2019-09-25 06:02:18,278 [grpc-default-executor-0] INFO  server.GrpcLogAppender (GrpcLogAppender.java:onCompleted(293)) - 2a6250a5-e83c-4cf8-870e-a78e520bdf29@group-4265C47D2F01->cd37c1c7-ed8f-41a0-b2e2-3b6d8e860895-AppendLogResponseHandler: follower responses appendEntries COMPLETED
2019-09-25 06:02:18,278 [grpc-default-executor-3] INFO  server.GrpcLogAppender (GrpcLogAppender.java:onCompleted(293)) - 2a6250a5-e83c-4cf8-870e-a78e520bdf29@group-4265C47D2F01->87fa81a0-33dc-4710-bb43-7cfa430e4317-AppendLogResponseHandler: follower responses appendEntries COMPLETED
2019-09-25 06:02:18,286 [grpc-default-executor-0] INFO  impl.FollowerInfo (FollowerInfo.java:lambda$new$0(51)) - 2a6250a5-e83c-4cf8-870e-a78e520bdf29@group-4265C47D2F01->cd37c1c7-ed8f-41a0-b2e2-3b6d8e860895: nextIndex: updateUnconditionally 3 -> 2
2019-09-25 06:02:18,286 [grpc-default-executor-3] INFO  impl.FollowerInfo (FollowerInfo.java:lambda$new$0(51)) - 2a6250a5-e83c-4cf8-870e-a78e520bdf29@group-4265C47D2F01->87fa81a0-33dc-4710-bb43-7cfa430e4317: nextIndex: updateUnconditionally 3 -> 2
2019-09-25 06:02:19,534 [2a6250a5-e83c-4cf8-870e-a78e520bdf29@group-4265C47D2F01-StateMachineUpdater] INFO  ratis.ContainerStateMachine (ContainerStateMachine.java:takeSnapshot(300)) - group-4265C47D2F01: Finished taking a snapshot at:(t:1, i:2) file:/workdir/hadoop-ozone/integration-test/target/test-dir/MiniOzoneClusterImpl-c1088f23-01ce-44bf-9846-8858f4e9356f/datanode-6/data/ratis/af237ea6-840c-471b-8334-4265c47d2f01/sm/snapshot.1_2 time:1260
2019-09-25 06:02:19,538 [2a6250a5-e83c-4cf8-870e-a78e520bdf29@group-4265C47D2F01-StateMachineUpdater] INFO  impl.StateMachineUpdater (StateMachineUpdater.java:takeSnapshot(258)) - 2a6250a5-e83c-4cf8-870e-a78e520bdf29@group-4265C47D2F01-StateMachineUpdater: Took a snapshot at index 2
2019-09-25 06:02:19,542 [2a6250a5-e83c-4cf8-870e-a78e520bdf29@group-4265C47D2F01-StateMachineUpdater] INFO  impl.StateMachineUpdater (StateMachineUpdater.java:lambda$new$0(83)) - 2a6250a5-e83c-4cf8-870e-a78e520bdf29@group-4265C47D2F01-StateMachineUpdater: snapshotIndex: updateIncreasingly -1 -> 2
2019-09-25 06:02:19,556 [main] INFO  impl.RaftServerImpl (ServerState.java:close(385)) - 2a6250a5-e83c-4cf8-870e-a78e520bdf29@group-4265C47D2F01: closes. applyIndex: 2
2019-09-25 06:02:19,559 [2a6250a5-e83c-4cf8-870e-a78e520bdf29@group-4265C47D2F01-SegmentedRaftLogWorker] INFO  segmented.SegmentedRaftLogWorker (SegmentedRaftLogWorker.java:run(313)) - 2a6250a5-e83c-4cf8-870e-a78e520bdf29@group-4265C47D2F01-SegmentedRaftLogWorker was interrupted, exiting. There are 0 tasks remaining in the queue.
2019-09-25 06:02:19,564 [main] INFO  segmented.SegmentedRaftLogWorker (SegmentedRaftLogWorker.java:close(228)) - 2a6250a5-e83c-4cf8-870e-a78e520bdf29@group-4265C47D2F01-SegmentedRaftLogWorker close()
2019-09-25 06:02:19,570 [main] INFO  impl.RaftServerImpl (RaftServerImpl.java:lambda$shutdown$3(251)) - 2a6250a5-e83c-4cf8-870e-a78e520bdf29@group-3288596D8342: shutdown
2019-09-25 06:02:19,571 [main] INFO  util.JmxRegister (JmxRegister.java:unregister(73)) - Successfully un-registered JMX Bean with object name Ratis:service=RaftServer,group=group-3288596D8342,id=2a6250a5-e83c-4cf8-870e-a78e520bdf29
2019-09-25 06:02:19,571 [main] INFO  impl.RoleInfo (RoleInfo.java:shutdownLeaderState(104)) - 2a6250a5-e83c-4cf8-870e-a78e520bdf29: shutdown LeaderState
2019-09-25 06:02:19,572 [main] INFO  impl.PendingRequests (PendingRequests.java:sendNotLeaderResponses(202)) - 2a6250a5-e83c-4cf8-870e-a78e520bdf29-PendingRequests: sendNotLeaderResponses
2019-09-25 06:02:19,572 [main] INFO  impl.StateMachineUpdater (StateMachineUpdater.java:stopAndJoin(125)) - 2a6250a5-e83c-4cf8-870e-a78e520bdf29@group-3288596D8342-StateMachineUpdater: set stopIndex = 0
2019-09-25 06:02:19,574 [main] INFO  impl.RaftServerImpl (ServerState.java:close(385)) - 2a6250a5-e83c-4cf8-870e-a78e520bdf29@group-3288596D8342: closes. applyIndex: 0
2019-09-25 06:02:19,575 [2a6250a5-e83c-4cf8-870e-a78e520bdf29@group-3288596D8342-SegmentedRaftLogWorker] INFO  segmented.SegmentedRaftLogWorker (SegmentedRaftLogWorker.java:run(313)) - 2a6250a5-e83c-4cf8-870e-a78e520bdf29@group-3288596D8342-SegmentedRaftLogWorker was interrupted, exiting. There are 0 tasks remaining in the queue.
2019-09-25 06:02:19,588 [main] INFO  segmented.SegmentedRaftLogWorker (SegmentedRaftLogWorker.java:close(228)) - 2a6250a5-e83c-4cf8-870e-a78e520bdf29@group-3288596D8342-SegmentedRaftLogWorker close()
2019-09-25 06:02:19,593 [main] INFO  server.GrpcService (GrpcService.java:closeImpl(164)) - 2a6250a5-e83c-4cf8-870e-a78e520bdf29: shutdown server with port 32983 now
2019-09-25 06:02:19,597 [main] INFO  server.GrpcService (GrpcService.java:closeImpl(172)) - 2a6250a5-e83c-4cf8-870e-a78e520bdf29: shutdown server with port 32983 successfully
2019-09-25 06:02:19,604 [refreshUsed-/workdir/hadoop-ozone/integration-test/target/test-dir/MiniOzoneClusterImpl-c1088f23-01ce-44bf-9846-8858f4e9356f/datanode-6/data/containers] WARN  fs.CachingGetSpaceUsed (CachingGetSpaceUsed.java:run(183)) - Thread Interrupted waiting to refresh disk information: sleep interrupted
2019-09-25 06:02:19,621 [main] INFO  utils.BackgroundService (BackgroundService.java:shutdown(148)) - Shutting down service BlockDeletingService
2019-09-25 06:02:19,628 [main] INFO  statemachine.DatanodeStateMachine (DatanodeStateMachine.java:stopDaemon(395)) - Ozone container server stopped.
2019-09-25 06:02:19,632 [main] INFO  handler.ContextHandler (ContextHandler.java:doStop(910)) - Stopped o.e.j.w.WebAppContext@59696551{/,null,UNAVAILABLE}{/hddsDatanode}
2019-09-25 06:02:19,637 [main] INFO  server.AbstractConnector (AbstractConnector.java:doStop(318)) - Stopped ServerConnector@648d0e6d{HTTP/1.1,[http/1.1]}{0.0.0.0:0}
2019-09-25 06:02:19,637 [main] INFO  handler.ContextHandler (ContextHandler.java:doStop(910)) - Stopped o.e.j.s.ServletContextHandler@53311681{/static,jar:file:/home/user/.m2/repository/org/apache/hadoop/hadoop-hdds-container-service/0.5.0-SNAPSHOT/hadoop-hdds-container-service-0.5.0-SNAPSHOT.jar!/webapps/static,UNAVAILABLE}
2019-09-25 06:02:19,637 [main] INFO  handler.ContextHandler (ContextHandler.java:doStop(910)) - Stopped o.e.j.s.ServletContextHandler@79a04e5f{/logs,file:///workdir/hadoop-ozone/integration-test/target/log,UNAVAILABLE}
2019-09-25 06:02:19,877 [Thread-341] INFO  impl.FollowerState (FollowerState.java:run(106)) - 998cb3eb-8230-45a4-8ff4-8e174ebf4a14:group-30E4EFB8FAAC changes to CANDIDATE, lastRpcTime:5039, electionTimeout:5031ms
2019-09-25 06:02:19,877 [Thread-341] INFO  impl.RoleInfo (RoleInfo.java:shutdownFollowerState(121)) - 998cb3eb-8230-45a4-8ff4-8e174ebf4a14: shutdown FollowerState
2019-09-25 06:02:19,877 [Thread-341] INFO  impl.RaftServerImpl (RaftServerImpl.java:setRole(174)) - 998cb3eb-8230-45a4-8ff4-8e174ebf4a14@group-30E4EFB8FAAC: changes role from  FOLLOWER to CANDIDATE at term 1 for changeToCandidate
2019-09-25 06:02:19,877 [Thread-341] INFO  impl.RoleInfo (RoleInfo.java:updateAndGet(143)) - 998cb3eb-8230-45a4-8ff4-8e174ebf4a14: start LeaderElection
2019-09-25 06:02:19,890 [998cb3eb-8230-45a4-8ff4-8e174ebf4a14@group-30E4EFB8FAAC:LeaderElection14] INFO  impl.LeaderElection (LeaderElection.java:askForVotes(182)) - 998cb3eb-8230-45a4-8ff4-8e174ebf4a14@group-30E4EFB8FAAC:LeaderElection14: begin an election at term 2 for -1: [4f3e9087-d663-42a0-8269-44a4415c993d:192.168.30.39:46853, 3cd052f0-76d4-4fb9-8167-d29e1ecff337:192.168.30.39:38011, 998cb3eb-8230-45a4-8ff4-8e174ebf4a14:192.168.30.39:35247], old=null
2019-09-25 06:02:19,899 [grpc-default-executor-3] INFO  impl.RaftServerImpl (RaftServerImpl.java:setRole(174)) - 4f3e9087-d663-42a0-8269-44a4415c993d@group-30E4EFB8FAAC: changes role from  FOLLOWER to FOLLOWER at term 2 for recognizeCandidate:998cb3eb-8230-45a4-8ff4-8e174ebf4a14
2019-09-25 06:02:19,900 [grpc-default-executor-3] INFO  impl.RoleInfo (RoleInfo.java:shutdownFollowerState(121)) - 4f3e9087-d663-42a0-8269-44a4415c993d: shutdown FollowerState
2019-09-25 06:02:19,900 [grpc-default-executor-0] INFO  impl.RaftServerImpl (RaftServerImpl.java:setRole(174)) - 3cd052f0-76d4-4fb9-8167-d29e1ecff337@group-30E4EFB8FAAC: changes role from  FOLLOWER to FOLLOWER at term 2 for recognizeCandidate:998cb3eb-8230-45a4-8ff4-8e174ebf4a14
2019-09-25 06:02:19,900 [Thread-342] INFO  impl.FollowerState (FollowerState.java:run(115)) - 4f3e9087-d663-42a0-8269-44a4415c993d: FollowerState was interrupted: java.lang.InterruptedException: sleep interrupted
2019-09-25 06:02:19,900 [grpc-default-executor-3] INFO  impl.RoleInfo (RoleInfo.java:updateAndGet(143)) - 4f3e9087-d663-42a0-8269-44a4415c993d: start FollowerState
2019-09-25 06:02:19,900 [grpc-default-executor-0] INFO  impl.RoleInfo (RoleInfo.java:shutdownFollowerState(121)) - 3cd052f0-76d4-4fb9-8167-d29e1ecff337: shutdown FollowerState
2019-09-25 06:02:19,903 [grpc-default-executor-0] INFO  impl.RoleInfo (RoleInfo.java:updateAndGet(143)) - 3cd052f0-76d4-4fb9-8167-d29e1ecff337: start FollowerState
2019-09-25 06:02:19,903 [Thread-343] INFO  impl.FollowerState (FollowerState.java:run(115)) - 3cd052f0-76d4-4fb9-8167-d29e1ecff337: FollowerState was interrupted: java.lang.InterruptedException: sleep interrupted
2019-09-25 06:02:19,920 [998cb3eb-8230-45a4-8ff4-8e174ebf4a14@group-30E4EFB8FAAC:LeaderElection14] INFO  impl.LeaderElection (LeaderElection.java:logAndReturn(56)) - 998cb3eb-8230-45a4-8ff4-8e174ebf4a14@group-30E4EFB8FAAC:LeaderElection14: Election PASSED; received 1 response(s) [998cb3eb-8230-45a4-8ff4-8e174ebf4a14<-4f3e9087-d663-42a0-8269-44a4415c993d#0:OK-t2] and 0 exception(s); 998cb3eb-8230-45a4-8ff4-8e174ebf4a14@group-30E4EFB8FAAC:t2, leader=null, voted=998cb3eb-8230-45a4-8ff4-8e174ebf4a14, raftlog=998cb3eb-8230-45a4-8ff4-8e174ebf4a14@group-30E4EFB8FAAC-SegmentedRaftLog:OPENED:c-1,f-1,i0, conf=-1: [4f3e9087-d663-42a0-8269-44a4415c993d:192.168.30.39:46853, 3cd052f0-76d4-4fb9-8167-d29e1ecff337:192.168.30.39:38011, 998cb3eb-8230-45a4-8ff4-8e174ebf4a14:192.168.30.39:35247], old=null
2019-09-25 06:02:19,920 [998cb3eb-8230-45a4-8ff4-8e174ebf4a14@group-30E4EFB8FAAC:LeaderElection14] INFO  impl.RoleInfo (RoleInfo.java:shutdownLeaderElection(134)) - 998cb3eb-8230-45a4-8ff4-8e174ebf4a14: shutdown LeaderElection
2019-09-25 06:02:19,923 [998cb3eb-8230-45a4-8ff4-8e174ebf4a14@group-30E4EFB8FAAC:LeaderElection14] INFO  impl.RaftServerImpl (RaftServerImpl.java:setRole(174)) - 998cb3eb-8230-45a4-8ff4-8e174ebf4a14@group-30E4EFB8FAAC: changes role from CANDIDATE to LEADER at term 2 for changeToLeader
2019-09-25 06:02:19,923 [998cb3eb-8230-45a4-8ff4-8e174ebf4a14@group-30E4EFB8FAAC:LeaderElection14] INFO  impl.RaftServerImpl (ServerState.java:setLeader(253)) - 998cb3eb-8230-45a4-8ff4-8e174ebf4a14@group-30E4EFB8FAAC: change Leader from null to 998cb3eb-8230-45a4-8ff4-8e174ebf4a14 at term 2 for becomeLeader, leader elected after 10998ms
2019-09-25 06:02:19,923 [998cb3eb-8230-45a4-8ff4-8e174ebf4a14@group-30E4EFB8FAAC:LeaderElection14] INFO  server.RaftServerConfigKeys (ConfUtils.java:logGet(43)) - raft.server.staging.catchup.gap = 1000 (default)
2019-09-25 06:02:19,923 [998cb3eb-8230-45a4-8ff4-8e174ebf4a14@group-30E4EFB8FAAC:LeaderElection14] INFO  server.RaftServerConfigKeys (ConfUtils.java:logGet(43)) - raft.server.rpc.sleep.time = 25ms (default)
2019-09-25 06:02:19,924 [998cb3eb-8230-45a4-8ff4-8e174ebf4a14@group-30E4EFB8FAAC:LeaderElection14] INFO  server.RaftServerConfigKeys (ConfUtils.java:logGet(43)) - raft.server.write.element-limit = 4096 (default)
2019-09-25 06:02:19,924 [998cb3eb-8230-45a4-8ff4-8e174ebf4a14@group-30E4EFB8FAAC:LeaderElection14] INFO  server.RaftServerConfigKeys (ConfUtils.java:logGet(43)) - raft.server.watch.timeout = 10s (default)
2019-09-25 06:02:19,924 [998cb3eb-8230-45a4-8ff4-8e174ebf4a14@group-30E4EFB8FAAC:LeaderElection14] INFO  server.RaftServerConfigKeys (ConfUtils.java:logGet(43)) - raft.server.watch.timeout.denomination = 1s (default)
2019-09-25 06:02:19,924 [998cb3eb-8230-45a4-8ff4-8e174ebf4a14@group-30E4EFB8FAAC:LeaderElection14] INFO  server.RaftServerConfigKeys (ConfUtils.java:logGet(43)) - raft.server.watch.element-limit = 65536 (default)
2019-09-25 06:02:19,928 [998cb3eb-8230-45a4-8ff4-8e174ebf4a14@group-30E4EFB8FAAC:LeaderElection14] INFO  server.RaftServerConfigKeys (ConfUtils.java:logGet(43)) - raft.server.log.appender.snapshot.chunk.size.max = 16MB (=16777216) (default)
2019-09-25 06:02:19,929 [998cb3eb-8230-45a4-8ff4-8e174ebf4a14@group-30E4EFB8FAAC:LeaderElection14] INFO  server.RaftServerConfigKeys (ConfUtils.java:logGet(43)) - raft.server.log.appender.buffer.byte-limit = 33554432 (custom)
2019-09-25 06:02:19,929 [998cb3eb-8230-45a4-8ff4-8e174ebf4a14@group-30E4EFB8FAAC:LeaderElection14] INFO  server.RaftServerConfigKeys (ConfUtils.java:logGet(43)) - raft.server.log.appender.buffer.element-limit = 1 (custom)
2019-09-25 06:02:19,929 [998cb3eb-8230-45a4-8ff4-8e174ebf4a14@group-30E4EFB8FAAC:LeaderElection14] INFO  grpc.GrpcConfigKeys$Server (ConfUtils.java:logGet(43)) - raft.grpc.server.leader.outstanding.appends.max = 128 (default)
2019-09-25 06:02:19,932 [998cb3eb-8230-45a4-8ff4-8e174ebf4a14@group-30E4EFB8FAAC:LeaderElection14] INFO  server.RaftServerConfigKeys (ConfUtils.java:logGet(43)) - raft.server.rpc.request.timeout = 3000ms (default)
2019-09-25 06:02:19,932 [998cb3eb-8230-45a4-8ff4-8e174ebf4a14@group-30E4EFB8FAAC:LeaderElection14] INFO  server.RaftServerConfigKeys (ConfUtils.java:logGet(43)) - raft.server.log.appender.install.snapshot.enabled = false (custom)
2019-09-25 06:02:19,932 [998cb3eb-8230-45a4-8ff4-8e174ebf4a14@group-30E4EFB8FAAC:LeaderElection14] INFO  server.RaftServerConfigKeys (ConfUtils.java:logGet(43)) - raft.server.log.appender.snapshot.chunk.size.max = 16MB (=16777216) (default)
2019-09-25 06:02:19,932 [998cb3eb-8230-45a4-8ff4-8e174ebf4a14@group-30E4EFB8FAAC:LeaderElection14] INFO  server.RaftServerConfigKeys (ConfUtils.java:logGet(43)) - raft.server.log.appender.buffer.byte-limit = 33554432 (custom)
2019-09-25 06:02:19,933 [998cb3eb-8230-45a4-8ff4-8e174ebf4a14@group-30E4EFB8FAAC:LeaderElection14] INFO  server.RaftServerConfigKeys (ConfUtils.java:logGet(43)) - raft.server.log.appender.buffer.element-limit = 1 (custom)
2019-09-25 06:02:19,933 [998cb3eb-8230-45a4-8ff4-8e174ebf4a14@group-30E4EFB8FAAC:LeaderElection14] INFO  grpc.GrpcConfigKeys$Server (ConfUtils.java:logGet(43)) - raft.grpc.server.leader.outstanding.appends.max = 128 (default)
2019-09-25 06:02:19,933 [998cb3eb-8230-45a4-8ff4-8e174ebf4a14@group-30E4EFB8FAAC:LeaderElection14] INFO  server.RaftServerConfigKeys (ConfUtils.java:logGet(43)) - raft.server.rpc.request.timeout = 3000ms (default)
2019-09-25 06:02:19,933 [998cb3eb-8230-45a4-8ff4-8e174ebf4a14@group-30E4EFB8FAAC:LeaderElection14] INFO  server.RaftServerConfigKeys (ConfUtils.java:logGet(43)) - raft.server.log.appender.install.snapshot.enabled = false (custom)
2019-09-25 06:02:19,934 [998cb3eb-8230-45a4-8ff4-8e174ebf4a14@group-30E4EFB8FAAC:LeaderElection14] INFO  impl.RoleInfo (RoleInfo.java:updateAndGet(143)) - 998cb3eb-8230-45a4-8ff4-8e174ebf4a14: start LeaderState
2019-09-25 06:02:19,934 [998cb3eb-8230-45a4-8ff4-8e174ebf4a14@group-30E4EFB8FAAC:LeaderElection14] INFO  segmented.SegmentedRaftLogWorker (SegmentedRaftLogWorker.java:startLogSegment(380)) - 998cb3eb-8230-45a4-8ff4-8e174ebf4a14@group-30E4EFB8FAAC-SegmentedRaftLogWorker: Starting segment from index:0
2019-09-25 06:02:19,935 [998cb3eb-8230-45a4-8ff4-8e174ebf4a14@group-30E4EFB8FAAC:LeaderElection14] INFO  impl.RaftServerImpl (ServerState.java:setRaftConf(354)) - 998cb3eb-8230-45a4-8ff4-8e174ebf4a14@group-30E4EFB8FAAC: set configuration 0: [4f3e9087-d663-42a0-8269-44a4415c993d:192.168.30.39:46853, 3cd052f0-76d4-4fb9-8167-d29e1ecff337:192.168.30.39:38011, 998cb3eb-8230-45a4-8ff4-8e174ebf4a14:192.168.30.39:35247], old=null at 0
2019-09-25 06:02:19,973 [grpc-default-executor-3] INFO  impl.RaftServerImpl (ServerState.java:setLeader(253)) - 3cd052f0-76d4-4fb9-8167-d29e1ecff337@group-30E4EFB8FAAC: change Leader from null to 998cb3eb-8230-45a4-8ff4-8e174ebf4a14 at term 2 for appendEntries, leader elected after 11048ms
2019-09-25 06:02:19,973 [grpc-default-executor-0] INFO  impl.RaftServerImpl (ServerState.java:setLeader(253)) - 4f3e9087-d663-42a0-8269-44a4415c993d@group-30E4EFB8FAAC: change Leader from null to 998cb3eb-8230-45a4-8ff4-8e174ebf4a14 at term 2 for appendEntries, leader elected after 11048ms
2019-09-25 06:02:19,979 [998cb3eb-8230-45a4-8ff4-8e174ebf4a14@group-30E4EFB8FAAC-SegmentedRaftLogWorker] INFO  segmented.SegmentedRaftLogWorker (SegmentedRaftLogWorker.java:execute(569)) - 998cb3eb-8230-45a4-8ff4-8e174ebf4a14@group-30E4EFB8FAAC-SegmentedRaftLogWorker: created new log segment /workdir/hadoop-ozone/integration-test/target/test-dir/MiniOzoneClusterImpl-c1088f23-01ce-44bf-9846-8858f4e9356f/datanode-3/data/ratis/be5a9c04-171d-4cf0-b8e0-30e4efb8faac/current/log_inprogress_0
2019-09-25 06:02:19,979 [grpc-default-executor-0] INFO  impl.RaftServerImpl (ServerState.java:setRaftConf(354)) - 3cd052f0-76d4-4fb9-8167-d29e1ecff337@group-30E4EFB8FAAC: set configuration 0: [4f3e9087-d663-42a0-8269-44a4415c993d:192.168.30.39:46853, 3cd052f0-76d4-4fb9-8167-d29e1ecff337:192.168.30.39:38011, 998cb3eb-8230-45a4-8ff4-8e174ebf4a14:192.168.30.39:35247], old=null at 0
2019-09-25 06:02:19,980 [grpc-default-executor-3] INFO  impl.RaftServerImpl (ServerState.java:setRaftConf(354)) - 4f3e9087-d663-42a0-8269-44a4415c993d@group-30E4EFB8FAAC: set configuration 0: [4f3e9087-d663-42a0-8269-44a4415c993d:192.168.30.39:46853, 3cd052f0-76d4-4fb9-8167-d29e1ecff337:192.168.30.39:38011, 998cb3eb-8230-45a4-8ff4-8e174ebf4a14:192.168.30.39:35247], old=null at 0
2019-09-25 06:02:19,980 [grpc-default-executor-0] INFO  segmented.SegmentedRaftLogWorker (SegmentedRaftLogWorker.java:startLogSegment(380)) - 3cd052f0-76d4-4fb9-8167-d29e1ecff337@group-30E4EFB8FAAC-SegmentedRaftLogWorker: Starting segment from index:0
2019-09-25 06:02:19,980 [grpc-default-executor-3] INFO  segmented.SegmentedRaftLogWorker (SegmentedRaftLogWorker.java:startLogSegment(380)) - 4f3e9087-d663-42a0-8269-44a4415c993d@group-30E4EFB8FAAC-SegmentedRaftLogWorker: Starting segment from index:0
2019-09-25 06:02:20,017 [3cd052f0-76d4-4fb9-8167-d29e1ecff337@group-30E4EFB8FAAC-SegmentedRaftLogWorker] INFO  segmented.SegmentedRaftLogWorker (SegmentedRaftLogWorker.java:execute(569)) - 3cd052f0-76d4-4fb9-8167-d29e1ecff337@group-30E4EFB8FAAC-SegmentedRaftLogWorker: created new log segment /workdir/hadoop-ozone/integration-test/target/test-dir/MiniOzoneClusterImpl-c1088f23-01ce-44bf-9846-8858f4e9356f/datanode-4/data/ratis/be5a9c04-171d-4cf0-b8e0-30e4efb8faac/current/log_inprogress_0
2019-09-25 06:02:20,020 [4f3e9087-d663-42a0-8269-44a4415c993d@group-30E4EFB8FAAC-SegmentedRaftLogWorker] INFO  segmented.SegmentedRaftLogWorker (SegmentedRaftLogWorker.java:execute(569)) - 4f3e9087-d663-42a0-8269-44a4415c993d@group-30E4EFB8FAAC-SegmentedRaftLogWorker: created new log segment /workdir/hadoop-ozone/integration-test/target/test-dir/MiniOzoneClusterImpl-c1088f23-01ce-44bf-9846-8858f4e9356f/datanode-5/data/ratis/be5a9c04-171d-4cf0-b8e0-30e4efb8faac/current/log_inprogress_0
2019-09-25 06:02:27,635 [Thread-301] INFO  impl.FollowerState (FollowerState.java:run(106)) - 87fa81a0-33dc-4710-bb43-7cfa430e4317:group-4265C47D2F01 changes to CANDIDATE, lastRpcTime:9540, electionTimeout:5005ms
2019-09-25 06:02:27,636 [Thread-301] INFO  impl.RoleInfo (RoleInfo.java:shutdownFollowerState(121)) - 87fa81a0-33dc-4710-bb43-7cfa430e4317: shutdown FollowerState
2019-09-25 06:02:27,636 [Thread-301] INFO  impl.RaftServerImpl (RaftServerImpl.java:setRole(174)) - 87fa81a0-33dc-4710-bb43-7cfa430e4317@group-4265C47D2F01: changes role from  FOLLOWER to CANDIDATE at term 1 for changeToCandidate
2019-09-25 06:02:27,636 [Thread-301] INFO  impl.RoleInfo (RoleInfo.java:updateAndGet(143)) - 87fa81a0-33dc-4710-bb43-7cfa430e4317: start LeaderElection
2019-09-25 06:02:27,639 [87fa81a0-33dc-4710-bb43-7cfa430e4317@group-4265C47D2F01:LeaderElection15] INFO  impl.RaftServerImpl (ServerState.java:setLeader(253)) - 87fa81a0-33dc-4710-bb43-7cfa430e4317@group-4265C47D2F01: change Leader from 2a6250a5-e83c-4cf8-870e-a78e520bdf29 to null at term 1 for initElection
2019-09-25 06:02:27,798 [Thread-300] INFO  impl.FollowerState (FollowerState.java:run(106)) - cd37c1c7-ed8f-41a0-b2e2-3b6d8e860895:group-4265C47D2F01 changes to CANDIDATE, lastRpcTime:9704, electionTimeout:5141ms
2019-09-25 06:02:27,798 [Thread-300] INFO  impl.RoleInfo (RoleInfo.java:shutdownFollowerState(121)) - cd37c1c7-ed8f-41a0-b2e2-3b6d8e860895: shutdown FollowerState
2019-09-25 06:02:27,798 [Thread-300] INFO  impl.RaftServerImpl (RaftServerImpl.java:setRole(174)) - cd37c1c7-ed8f-41a0-b2e2-3b6d8e860895@group-4265C47D2F01: changes role from  FOLLOWER to CANDIDATE at term 1 for changeToCandidate
2019-09-25 06:02:27,799 [Thread-300] INFO  impl.RoleInfo (RoleInfo.java:updateAndGet(143)) - cd37c1c7-ed8f-41a0-b2e2-3b6d8e860895: start LeaderElection
2019-09-25 06:02:27,802 [cd37c1c7-ed8f-41a0-b2e2-3b6d8e860895@group-4265C47D2F01:LeaderElection16] INFO  impl.RaftServerImpl (ServerState.java:setLeader(253)) - cd37c1c7-ed8f-41a0-b2e2-3b6d8e860895@group-4265C47D2F01: change Leader from 2a6250a5-e83c-4cf8-870e-a78e520bdf29 to null at term 1 for initElection
2019-09-25 06:02:28,709 [87fa81a0-33dc-4710-bb43-7cfa430e4317@group-4265C47D2F01:LeaderElection15] INFO  impl.LeaderElection (LeaderElection.java:askForVotes(182)) - 87fa81a0-33dc-4710-bb43-7cfa430e4317@group-4265C47D2F01:LeaderElection15: begin an election at term 2 for 0: [87fa81a0-33dc-4710-bb43-7cfa430e4317:192.168.30.39:34876, cd37c1c7-ed8f-41a0-b2e2-3b6d8e860895:192.168.30.39:40670, 2a6250a5-e83c-4cf8-870e-a78e520bdf29:192.168.30.39:32983], old=null
2019-09-25 06:02:28,710 [cd37c1c7-ed8f-41a0-b2e2-3b6d8e860895@group-4265C47D2F01:LeaderElection16] INFO  impl.LeaderElection (LeaderElection.java:askForVotes(182)) - cd37c1c7-ed8f-41a0-b2e2-3b6d8e860895@group-4265C47D2F01:LeaderElection16: begin an election at term 2 for 0: [87fa81a0-33dc-4710-bb43-7cfa430e4317:192.168.30.39:34876, cd37c1c7-ed8f-41a0-b2e2-3b6d8e860895:192.168.30.39:40670, 2a6250a5-e83c-4cf8-870e-a78e520bdf29:192.168.30.39:32983], old=null
2019-09-25 06:02:28,717 [cd37c1c7-ed8f-41a0-b2e2-3b6d8e860895@group-4265C47D2F01:LeaderElection16] INFO  impl.LeaderElection (LogUtils.java:infoOrTrace(149)) - cd37c1c7-ed8f-41a0-b2e2-3b6d8e860895@group-4265C47D2F01:LeaderElection16 got exception when requesting votes: {}
java.util.concurrent.ExecutionException: org.apache.ratis.thirdparty.io.grpc.StatusRuntimeException: UNAVAILABLE: io exception
	at java.util.concurrent.FutureTask.report(FutureTask.java:122)
	at java.util.concurrent.FutureTask.get(FutureTask.java:192)
	at org.apache.ratis.server.impl.LeaderElection.waitForResults(LeaderElection.java:263)
	at org.apache.ratis.server.impl.LeaderElection.askForVotes(LeaderElection.java:201)
	at org.apache.ratis.server.impl.LeaderElection.run(LeaderElection.java:133)
	at java.lang.Thread.run(Thread.java:748)
Caused by: org.apache.ratis.thirdparty.io.grpc.StatusRuntimeException: UNAVAILABLE: io exception
	at org.apache.ratis.thirdparty.io.grpc.stub.ClientCalls.toStatusRuntimeException(ClientCalls.java:233)
	at org.apache.ratis.thirdparty.io.grpc.stub.ClientCalls.getUnchecked(ClientCalls.java:214)
	at org.apache.ratis.thirdparty.io.grpc.stub.ClientCalls.blockingUnaryCall(ClientCalls.java:139)
	at org.apache.ratis.proto.grpc.RaftServerProtocolServiceGrpc$RaftServerProtocolServiceBlockingStub.requestVote(RaftServerProtocolServiceGrpc.java:265)
	at org.apache.ratis.grpc.server.GrpcServerProtocolClient.requestVote(GrpcServerProtocolClient.java:90)
	at org.apache.ratis.grpc.server.GrpcService.requestVote(GrpcService.java:204)
	at org.apache.ratis.server.impl.LeaderElection.lambda$submitRequests$1(LeaderElection.java:238)
	at java.util.concurrent.FutureTask.run(FutureTask.java:266)
	at java.util.concurrent.Executors$RunnableAdapter.call(Executors.java:511)
	at java.util.concurrent.FutureTask.run(FutureTask.java:266)
	at java.util.concurrent.ThreadPoolExecutor.runWorker(ThreadPoolExecutor.java:1149)
	at java.util.concurrent.ThreadPoolExecutor$Worker.run(ThreadPoolExecutor.java:624)
	... 1 more
Caused by: org.apache.ratis.thirdparty.io.netty.channel.AbstractChannel$AnnotatedConnectException: Connection refused: /192.168.30.39:32983
	at sun.nio.ch.SocketChannelImpl.checkConnect(Native Method)
	at sun.nio.ch.SocketChannelImpl.finishConnect(SocketChannelImpl.java:717)
	at org.apache.ratis.thirdparty.io.netty.channel.socket.nio.NioSocketChannel.doFinishConnect(NioSocketChannel.java:327)
	at org.apache.ratis.thirdparty.io.netty.channel.nio.AbstractNioChannel$AbstractNioUnsafe.finishConnect(AbstractNioChannel.java:340)
	at org.apache.ratis.thirdparty.io.netty.channel.nio.NioEventLoop.processSelectedKey(NioEventLoop.java:632)
	at org.apache.ratis.thirdparty.io.netty.channel.nio.NioEventLoop.processSelectedKeysOptimized(NioEventLoop.java:579)
	at org.apache.ratis.thirdparty.io.netty.channel.nio.NioEventLoop.processSelectedKeys(NioEventLoop.java:496)
	at org.apache.ratis.thirdparty.io.netty.channel.nio.NioEventLoop.run(NioEventLoop.java:458)
	at org.apache.ratis.thirdparty.io.netty.util.concurrent.SingleThreadEventExecutor$5.run(SingleThreadEventExecutor.java:897)
	at org.apache.ratis.thirdparty.io.netty.util.concurrent.FastThreadLocalRunnable.run(FastThreadLocalRunnable.java:30)
	... 1 more
Caused by: java.net.ConnectException: Connection refused
	... 11 more
2019-09-25 06:02:28,717 [87fa81a0-33dc-4710-bb43-7cfa430e4317@group-4265C47D2F01:LeaderElection15] INFO  impl.LeaderElection (LogUtils.java:infoOrTrace(149)) - 87fa81a0-33dc-4710-bb43-7cfa430e4317@group-4265C47D2F01:LeaderElection15 got exception when requesting votes: {}
java.util.concurrent.ExecutionException: org.apache.ratis.thirdparty.io.grpc.StatusRuntimeException: UNAVAILABLE: io exception
	at java.util.concurrent.FutureTask.report(FutureTask.java:122)
	at java.util.concurrent.FutureTask.get(FutureTask.java:192)
	at org.apache.ratis.server.impl.LeaderElection.waitForResults(LeaderElection.java:263)
	at org.apache.ratis.server.impl.LeaderElection.askForVotes(LeaderElection.java:201)
	at org.apache.ratis.server.impl.LeaderElection.run(LeaderElection.java:133)
	at java.lang.Thread.run(Thread.java:748)
Caused by: org.apache.ratis.thirdparty.io.grpc.StatusRuntimeException: UNAVAILABLE: io exception
	at org.apache.ratis.thirdparty.io.grpc.stub.ClientCalls.toStatusRuntimeException(ClientCalls.java:233)
	at org.apache.ratis.thirdparty.io.grpc.stub.ClientCalls.getUnchecked(ClientCalls.java:214)
	at org.apache.ratis.thirdparty.io.grpc.stub.ClientCalls.blockingUnaryCall(ClientCalls.java:139)
	at org.apache.ratis.proto.grpc.RaftServerProtocolServiceGrpc$RaftServerProtocolServiceBlockingStub.requestVote(RaftServerProtocolServiceGrpc.java:265)
	at org.apache.ratis.grpc.server.GrpcServerProtocolClient.requestVote(GrpcServerProtocolClient.java:90)
	at org.apache.ratis.grpc.server.GrpcService.requestVote(GrpcService.java:204)
	at org.apache.ratis.server.impl.LeaderElection.lambda$submitRequests$1(LeaderElection.java:238)
	at java.util.concurrent.FutureTask.run(FutureTask.java:266)
	at java.util.concurrent.Executors$RunnableAdapter.call(Executors.java:511)
	at java.util.concurrent.FutureTask.run(FutureTask.java:266)
	at java.util.concurrent.ThreadPoolExecutor.runWorker(ThreadPoolExecutor.java:1149)
	at java.util.concurrent.ThreadPoolExecutor$Worker.run(ThreadPoolExecutor.java:624)
	... 1 more
Caused by: org.apache.ratis.thirdparty.io.netty.channel.AbstractChannel$AnnotatedConnectException: Connection refused: /192.168.30.39:32983
	at sun.nio.ch.SocketChannelImpl.checkConnect(Native Method)
	at sun.nio.ch.SocketChannelImpl.finishConnect(SocketChannelImpl.java:717)
	at org.apache.ratis.thirdparty.io.netty.channel.socket.nio.NioSocketChannel.doFinishConnect(NioSocketChannel.java:327)
	at org.apache.ratis.thirdparty.io.netty.channel.nio.AbstractNioChannel$AbstractNioUnsafe.finishConnect(AbstractNioChannel.java:340)
	at org.apache.ratis.thirdparty.io.netty.channel.nio.NioEventLoop.processSelectedKey(NioEventLoop.java:632)
	at org.apache.ratis.thirdparty.io.netty.channel.nio.NioEventLoop.processSelectedKeysOptimized(NioEventLoop.java:579)
	at org.apache.ratis.thirdparty.io.netty.channel.nio.NioEventLoop.processSelectedKeys(NioEventLoop.java:496)
	at org.apache.ratis.thirdparty.io.netty.channel.nio.NioEventLoop.run(NioEventLoop.java:458)
	at org.apache.ratis.thirdparty.io.netty.util.concurrent.SingleThreadEventExecutor$5.run(SingleThreadEventExecutor.java:897)
	at org.apache.ratis.thirdparty.io.netty.util.concurrent.FastThreadLocalRunnable.run(FastThreadLocalRunnable.java:30)
	... 1 more
Caused by: java.net.ConnectException: Connection refused
	... 11 more
2019-09-25 06:02:28,724 [87fa81a0-33dc-4710-bb43-7cfa430e4317@group-4265C47D2F01:LeaderElection15] INFO  impl.LeaderElection (LeaderElection.java:logAndReturn(56)) - 87fa81a0-33dc-4710-bb43-7cfa430e4317@group-4265C47D2F01:LeaderElection15: Election REJECTED; received 1 response(s) [87fa81a0-33dc-4710-bb43-7cfa430e4317<-cd37c1c7-ed8f-41a0-b2e2-3b6d8e860895#0:FAIL-t2] and 1 exception(s); 87fa81a0-33dc-4710-bb43-7cfa430e4317@group-4265C47D2F01:t2, leader=null, voted=87fa81a0-33dc-4710-bb43-7cfa430e4317, raftlog=87fa81a0-33dc-4710-bb43-7cfa430e4317@group-4265C47D2F01-SegmentedRaftLog:OPENED:c2,f2,i2, conf=0: [87fa81a0-33dc-4710-bb43-7cfa430e4317:192.168.30.39:34876, cd37c1c7-ed8f-41a0-b2e2-3b6d8e860895:192.168.30.39:40670, 2a6250a5-e83c-4cf8-870e-a78e520bdf29:192.168.30.39:32983], old=null
2019-09-25 06:02:28,727 [87fa81a0-33dc-4710-bb43-7cfa430e4317@group-4265C47D2F01:LeaderElection15] INFO  impl.LeaderElection (LogUtils.java:infoOrTrace(149)) -   Exception 0: {}
java.util.concurrent.ExecutionException: org.apache.ratis.thirdparty.io.grpc.StatusRuntimeException: UNAVAILABLE: io exception
	at java.util.concurrent.FutureTask.report(FutureTask.java:122)
	at java.util.concurrent.FutureTask.get(FutureTask.java:192)
	at org.apache.ratis.server.impl.LeaderElection.waitForResults(LeaderElection.java:263)
	at org.apache.ratis.server.impl.LeaderElection.askForVotes(LeaderElection.java:201)
	at org.apache.ratis.server.impl.LeaderElection.run(LeaderElection.java:133)
	at java.lang.Thread.run(Thread.java:748)
Caused by: org.apache.ratis.thirdparty.io.grpc.StatusRuntimeException: UNAVAILABLE: io exception
	at org.apache.ratis.thirdparty.io.grpc.stub.ClientCalls.toStatusRuntimeException(ClientCalls.java:233)
	at org.apache.ratis.thirdparty.io.grpc.stub.ClientCalls.getUnchecked(ClientCalls.java:214)
	at org.apache.ratis.thirdparty.io.grpc.stub.ClientCalls.blockingUnaryCall(ClientCalls.java:139)
	at org.apache.ratis.proto.grpc.RaftServerProtocolServiceGrpc$RaftServerProtocolServiceBlockingStub.requestVote(RaftServerProtocolServiceGrpc.java:265)
	at org.apache.ratis.grpc.server.GrpcServerProtocolClient.requestVote(GrpcServerProtocolClient.java:90)
	at org.apache.ratis.grpc.server.GrpcService.requestVote(GrpcService.java:204)
	at org.apache.ratis.server.impl.LeaderElection.lambda$submitRequests$1(LeaderElection.java:238)
	at java.util.concurrent.FutureTask.run(FutureTask.java:266)
	at java.util.concurrent.Executors$RunnableAdapter.call(Executors.java:511)
	at java.util.concurrent.FutureTask.run(FutureTask.java:266)
	at java.util.concurrent.ThreadPoolExecutor.runWorker(ThreadPoolExecutor.java:1149)
	at java.util.concurrent.ThreadPoolExecutor$Worker.run(ThreadPoolExecutor.java:624)
	... 1 more
Caused by: org.apache.ratis.thirdparty.io.netty.channel.AbstractChannel$AnnotatedConnectException: Connection refused: /192.168.30.39:32983
	at sun.nio.ch.SocketChannelImpl.checkConnect(Native Method)
	at sun.nio.ch.SocketChannelImpl.finishConnect(SocketChannelImpl.java:717)
	at org.apache.ratis.thirdparty.io.netty.channel.socket.nio.NioSocketChannel.doFinishConnect(NioSocketChannel.java:327)
	at org.apache.ratis.thirdparty.io.netty.channel.nio.AbstractNioChannel$AbstractNioUnsafe.finishConnect(AbstractNioChannel.java:340)
	at org.apache.ratis.thirdparty.io.netty.channel.nio.NioEventLoop.processSelectedKey(NioEventLoop.java:632)
	at org.apache.ratis.thirdparty.io.netty.channel.nio.NioEventLoop.processSelectedKeysOptimized(NioEventLoop.java:579)
	at org.apache.ratis.thirdparty.io.netty.channel.nio.NioEventLoop.processSelectedKeys(NioEventLoop.java:496)
	at org.apache.ratis.thirdparty.io.netty.channel.nio.NioEventLoop.run(NioEventLoop.java:458)
	at org.apache.ratis.thirdparty.io.netty.util.concurrent.SingleThreadEventExecutor$5.run(SingleThreadEventExecutor.java:897)
	at org.apache.ratis.thirdparty.io.netty.util.concurrent.FastThreadLocalRunnable.run(FastThreadLocalRunnable.java:30)
	... 1 more
Caused by: java.net.ConnectException: Connection refused
	... 11 more
2019-09-25 06:02:28,728 [87fa81a0-33dc-4710-bb43-7cfa430e4317@group-4265C47D2F01:LeaderElection15] INFO  impl.RaftServerImpl (RaftServerImpl.java:setRole(174)) - 87fa81a0-33dc-4710-bb43-7cfa430e4317@group-4265C47D2F01: changes role from CANDIDATE to FOLLOWER at term 2 for DISCOVERED_A_NEW_TERM
2019-09-25 06:02:28,730 [87fa81a0-33dc-4710-bb43-7cfa430e4317@group-4265C47D2F01:LeaderElection15] INFO  impl.RoleInfo (RoleInfo.java:shutdownLeaderElection(134)) - 87fa81a0-33dc-4710-bb43-7cfa430e4317: shutdown LeaderElection
2019-09-25 06:02:28,730 [87fa81a0-33dc-4710-bb43-7cfa430e4317@group-4265C47D2F01:LeaderElection15] INFO  impl.RoleInfo (RoleInfo.java:updateAndGet(143)) - 87fa81a0-33dc-4710-bb43-7cfa430e4317: start FollowerState
2019-09-25 06:02:28,730 [cd37c1c7-ed8f-41a0-b2e2-3b6d8e860895@group-4265C47D2F01:LeaderElection16] INFO  impl.LeaderElection (LeaderElection.java:logAndReturn(56)) - cd37c1c7-ed8f-41a0-b2e2-3b6d8e860895@group-4265C47D2F01:LeaderElection16: Election REJECTED; received 1 response(s) [cd37c1c7-ed8f-41a0-b2e2-3b6d8e860895<-87fa81a0-33dc-4710-bb43-7cfa430e4317#0:FAIL-t2] and 1 exception(s); cd37c1c7-ed8f-41a0-b2e2-3b6d8e860895@group-4265C47D2F01:t2, leader=null, voted=cd37c1c7-ed8f-41a0-b2e2-3b6d8e860895, raftlog=cd37c1c7-ed8f-41a0-b2e2-3b6d8e860895@group-4265C47D2F01-SegmentedRaftLog:OPENED:c2,f2,i2, conf=0: [87fa81a0-33dc-4710-bb43-7cfa430e4317:192.168.30.39:34876, cd37c1c7-ed8f-41a0-b2e2-3b6d8e860895:192.168.30.39:40670, 2a6250a5-e83c-4cf8-870e-a78e520bdf29:192.168.30.39:32983], old=null
2019-09-25 06:02:28,732 [cd37c1c7-ed8f-41a0-b2e2-3b6d8e860895@group-4265C47D2F01:LeaderElection16] INFO  impl.LeaderElection (LogUtils.java:infoOrTrace(149)) -   Exception 0: {}
java.util.concurrent.ExecutionException: org.apache.ratis.thirdparty.io.grpc.StatusRuntimeException: UNAVAILABLE: io exception
	at java.util.concurrent.FutureTask.report(FutureTask.java:122)
	at java.util.concurrent.FutureTask.get(FutureTask.java:192)
	at org.apache.ratis.server.impl.LeaderElection.waitForResults(LeaderElection.java:263)
	at org.apache.ratis.server.impl.LeaderElection.askForVotes(LeaderElection.java:201)
	at org.apache.ratis.server.impl.LeaderElection.run(LeaderElection.java:133)
	at java.lang.Thread.run(Thread.java:748)
Caused by: org.apache.ratis.thirdparty.io.grpc.StatusRuntimeException: UNAVAILABLE: io exception
	at org.apache.ratis.thirdparty.io.grpc.stub.ClientCalls.toStatusRuntimeException(ClientCalls.java:233)
	at org.apache.ratis.thirdparty.io.grpc.stub.ClientCalls.getUnchecked(ClientCalls.java:214)
	at org.apache.ratis.thirdparty.io.grpc.stub.ClientCalls.blockingUnaryCall(ClientCalls.java:139)
	at org.apache.ratis.proto.grpc.RaftServerProtocolServiceGrpc$RaftServerProtocolServiceBlockingStub.requestVote(RaftServerProtocolServiceGrpc.java:265)
	at org.apache.ratis.grpc.server.GrpcServerProtocolClient.requestVote(GrpcServerProtocolClient.java:90)
	at org.apache.ratis.grpc.server.GrpcService.requestVote(GrpcService.java:204)
	at org.apache.ratis.server.impl.LeaderElection.lambda$submitRequests$1(LeaderElection.java:238)
	at java.util.concurrent.FutureTask.run(FutureTask.java:266)
	at java.util.concurrent.Executors$RunnableAdapter.call(Executors.java:511)
	at java.util.concurrent.FutureTask.run(FutureTask.java:266)
	at java.util.concurrent.ThreadPoolExecutor.runWorker(ThreadPoolExecutor.java:1149)
	at java.util.concurrent.ThreadPoolExecutor$Worker.run(ThreadPoolExecutor.java:624)
	... 1 more
Caused by: org.apache.ratis.thirdparty.io.netty.channel.AbstractChannel$AnnotatedConnectException: Connection refused: /192.168.30.39:32983
	at sun.nio.ch.SocketChannelImpl.checkConnect(Native Method)
	at sun.nio.ch.SocketChannelImpl.finishConnect(SocketChannelImpl.java:717)
	at org.apache.ratis.thirdparty.io.netty.channel.socket.nio.NioSocketChannel.doFinishConnect(NioSocketChannel.java:327)
	at org.apache.ratis.thirdparty.io.netty.channel.nio.AbstractNioChannel$AbstractNioUnsafe.finishConnect(AbstractNioChannel.java:340)
	at org.apache.ratis.thirdparty.io.netty.channel.nio.NioEventLoop.processSelectedKey(NioEventLoop.java:632)
	at org.apache.ratis.thirdparty.io.netty.channel.nio.NioEventLoop.processSelectedKeysOptimized(NioEventLoop.java:579)
	at org.apache.ratis.thirdparty.io.netty.channel.nio.NioEventLoop.processSelectedKeys(NioEventLoop.java:496)
	at org.apache.ratis.thirdparty.io.netty.channel.nio.NioEventLoop.run(NioEventLoop.java:458)
	at org.apache.ratis.thirdparty.io.netty.util.concurrent.SingleThreadEventExecutor$5.run(SingleThreadEventExecutor.java:897)
	at org.apache.ratis.thirdparty.io.netty.util.concurrent.FastThreadLocalRunnable.run(FastThreadLocalRunnable.java:30)
	... 1 more
Caused by: java.net.ConnectException: Connection refused
	... 11 more
2019-09-25 06:02:28,733 [cd37c1c7-ed8f-41a0-b2e2-3b6d8e860895@group-4265C47D2F01:LeaderElection16] INFO  impl.RaftServerImpl (RaftServerImpl.java:setRole(174)) - cd37c1c7-ed8f-41a0-b2e2-3b6d8e860895@group-4265C47D2F01: changes role from CANDIDATE to FOLLOWER at term 2 for DISCOVERED_A_NEW_TERM
2019-09-25 06:02:28,733 [cd37c1c7-ed8f-41a0-b2e2-3b6d8e860895@group-4265C47D2F01:LeaderElection16] INFO  impl.RoleInfo (RoleInfo.java:shutdownLeaderElection(134)) - cd37c1c7-ed8f-41a0-b2e2-3b6d8e860895: shutdown LeaderElection
2019-09-25 06:02:28,733 [cd37c1c7-ed8f-41a0-b2e2-3b6d8e860895@group-4265C47D2F01:LeaderElection16] INFO  impl.RoleInfo (RoleInfo.java:updateAndGet(143)) - cd37c1c7-ed8f-41a0-b2e2-3b6d8e860895: start FollowerState
]]></system-out>
    <system-err><![CDATA[ERROR StatusLogger No Log4j 2 configuration file found. Using default configuration (logging only errors to the console), or user programmatically provided configurations. Set system property 'log4j2.debug' to show Log4j 2 internal initialization logging. See https://logging.apache.org/log4j/2.x/manual/configuration.html for instructions on how to configure Log4j 2
]]></system-err>
  </testcase>
</testsuite>