<?xml version="1.0" encoding="UTF-8"?>
<testsuite xmlns:xsi="http://www.w3.org/2001/XMLSchema-instance" xsi:noNamespaceSchemaLocation="https://maven.apache.org/surefire/maven-surefire-plugin/xsd/surefire-test-report.xsd" name="org.apache.hadoop.ozone.client.rpc.TestBlockOutputStreamWithFailures" time="755.624" tests="8" errors="0" skipped="0" failures="1">
  <properties>
    <property name="awt.toolkit" value="sun.awt.X11.XToolkit"/>
    <property name="file.encoding.pkg" value="sun.io"/>
    <property name="java.specification.version" value="1.8"/>
    <property name="sun.cpu.isalist" value=""/>
    <property name="sun.jnu.encoding" value="UTF-8"/>
    <property name="java.class.path" value="/workdir/hadoop-ozone/integration-test/target/test-classes:/workdir/hadoop-ozone/integration-test/target/classes:/home/user/.m2/repository/org/apache/hadoop/hadoop-ozone-common/0.5.0-SNAPSHOT/hadoop-ozone-common-0.5.0-SNAPSHOT.jar:/home/user/.m2/repository/org/apache/commons/commons-compress/1.4.1/commons-compress-1.4.1.jar:/home/user/.m2/repository/org/tukaani/xz/1.0/xz-1.0.jar:/home/user/.m2/repository/org/apache/hadoop/hadoop-common/3.2.0/hadoop-common-3.2.0.jar:/home/user/.m2/repository/org/apache/hadoop/hadoop-hdfs/3.2.0/hadoop-hdfs-3.2.0.jar:/home/user/.m2/repository/org/apache/hadoop/hadoop-hdfs-client/3.2.0/hadoop-hdfs-client-3.2.0.jar:/home/user/.m2/repository/com/fasterxml/jackson/core/jackson-annotations/2.9.5/jackson-annotations-2.9.5.jar:/home/user/.m2/repository/org/apache/hadoop/hadoop-hdds-common/0.5.0-SNAPSHOT/hadoop-hdds-common-0.5.0-SNAPSHOT.jar:/home/user/.m2/repository/javax/annotation/javax.annotation-api/1.2/javax.annotation-api-1.2.jar:/home/user/.m2/repository/org/apache/ratis/ratis-server/0.4.0-2337318-SNAPSHOT/ratis-server-0.4.0-2337318-SNAPSHOT.jar:/home/user/.m2/repository/org/apache/ratis/ratis-thirdparty-misc/0.2.0/ratis-thirdparty-misc-0.2.0.jar:/home/user/.m2/repository/org/apache/ratis/ratis-proto/0.4.0-2337318-SNAPSHOT/ratis-proto-0.4.0-2337318-SNAPSHOT.jar:/home/user/.m2/repository/org/apache/ratis/ratis-common/0.4.0-2337318-SNAPSHOT/ratis-common-0.4.0-2337318-SNAPSHOT.jar:/home/user/.m2/repository/org/apache/ratis/ratis-client/0.4.0-2337318-SNAPSHOT/ratis-client-0.4.0-2337318-SNAPSHOT.jar:/home/user/.m2/repository/org/apache/ratis/ratis-metrics/0.4.0-2337318-SNAPSHOT/ratis-metrics-0.4.0-2337318-SNAPSHOT.jar:/home/user/.m2/repository/org/apache/ratis/ratis-netty/0.4.0-2337318-SNAPSHOT/ratis-netty-0.4.0-2337318-SNAPSHOT.jar:/home/user/.m2/repository/org/apache/ratis/ratis-grpc/0.4.0-2337318-SNAPSHOT/ratis-grpc-0.4.0-2337318-SNAPSHOT.jar:/home/user/.m2/repository/org/rocksdb/rocksdbjni/6.0.1/rocksdbjni-6.0.1.jar:/home/user/.m2/repository/org/apache/logging/log4j/log4j-api/2.11.0/log4j-api-2.11.0.jar:/home/user/.m2/repository/org/apache/logging/log4j/log4j-core/2.11.0/log4j-core-2.11.0.jar:/home/user/.m2/repository/com/lmax/disruptor/3.4.2/disruptor-3.4.2.jar:/home/user/.m2/repository/org/apache/commons/commons-pool2/2.6.0/commons-pool2-2.6.0.jar:/home/user/.m2/repository/org/bouncycastle/bcpkix-jdk15on/1.60/bcpkix-jdk15on-1.60.jar:/home/user/.m2/repository/commons-validator/commons-validator/1.6/commons-validator-1.6.jar:/home/user/.m2/repository/commons-digester/commons-digester/1.8.1/commons-digester-1.8.1.jar:/home/user/.m2/repository/io/jaegertracing/jaeger-client/0.33.1/jaeger-client-0.33.1.jar:/home/user/.m2/repository/io/jaegertracing/jaeger-thrift/0.33.1/jaeger-thrift-0.33.1.jar:/home/user/.m2/repository/org/apache/thrift/libthrift/0.11.0/libthrift-0.11.0.jar:/home/user/.m2/repository/com/squareup/okhttp3/okhttp/3.9.0/okhttp-3.9.0.jar:/home/user/.m2/repository/com/squareup/okio/okio/1.13.0/okio-1.13.0.jar:/home/user/.m2/repository/io/jaegertracing/jaeger-core/0.33.1/jaeger-core-0.33.1.jar:/home/user/.m2/repository/io/jaegertracing/jaeger-tracerresolver/0.33.1/jaeger-tracerresolver-0.33.1.jar:/home/user/.m2/repository/io/opentracing/contrib/opentracing-tracerresolver/0.1.5/opentracing-tracerresolver-0.1.5.jar:/home/user/.m2/repository/io/opentracing/opentracing-util/0.31.0/opentracing-util-0.31.0.jar:/home/user/.m2/repository/io/opentracing/opentracing-api/0.31.0/opentracing-api-0.31.0.jar:/home/user/.m2/repository/io/opentracing/opentracing-noop/0.31.0/opentracing-noop-0.31.0.jar:/home/user/.m2/repository/org/apache/hadoop/hadoop-hdds-server-framework/0.5.0-SNAPSHOT/hadoop-hdds-server-framework-0.5.0-SNAPSHOT.jar:/home/user/.m2/repository/org/apache/hadoop/hadoop-hdds-container-service/0.5.0-SNAPSHOT/hadoop-hdds-container-service-0.5.0-SNAPSHOT.jar:/home/user/.m2/repository/org/apache/hadoop/hadoop-hdds-client/0.5.0-SNAPSHOT/hadoop-hdds-client-0.5.0-SNAPSHOT.jar:/home/user/.m2/repository/org/apache/hadoop/hadoop-hdds-tools/0.5.0-SNAPSHOT/hadoop-hdds-tools-0.5.0-SNAPSHOT.jar:/home/user/.m2/repository/org/apache/hadoop/hadoop-hdds-server-scm/0.5.0-SNAPSHOT/hadoop-hdds-server-scm-0.5.0-SNAPSHOT.jar:/home/user/.m2/repository/org/apache/hadoop/hadoop-hdds-docs/0.5.0-SNAPSHOT/hadoop-hdds-docs-0.5.0-SNAPSHOT.jar:/home/user/.m2/repository/io/dropwizard/metrics/metrics-core/3.2.4/metrics-core-3.2.4.jar:/home/user/.m2/repository/org/hamcrest/hamcrest-all/1.3/hamcrest-all-1.3.jar:/home/user/.m2/repository/org/bouncycastle/bcprov-jdk15on/1.60/bcprov-jdk15on-1.60.jar:/home/user/.m2/repository/info/picocli/picocli/3.9.6/picocli-3.9.6.jar:/home/user/.m2/repository/com/google/protobuf/protobuf-java/2.5.0/protobuf-java-2.5.0.jar:/home/user/.m2/repository/com/google/guava/guava/11.0.2/guava-11.0.2.jar:/home/user/.m2/repository/org/apache/hadoop/hadoop-ozone-ozone-manager/0.5.0-SNAPSHOT/hadoop-ozone-ozone-manager-0.5.0-SNAPSHOT.jar:/home/user/.m2/repository/org/apache/hadoop/hadoop-minikdc/3.2.0/hadoop-minikdc-3.2.0.jar:/home/user/.m2/repository/commons-io/commons-io/2.5/commons-io-2.5.jar:/home/user/.m2/repository/org/apache/kerby/kerb-simplekdc/1.0.1/kerb-simplekdc-1.0.1.jar:/home/user/.m2/repository/org/apache/kerby/kerb-client/1.0.1/kerb-client-1.0.1.jar:/home/user/.m2/repository/org/apache/kerby/kerby-config/1.0.1/kerby-config-1.0.1.jar:/home/user/.m2/repository/org/apache/kerby/kerb-core/1.0.1/kerb-core-1.0.1.jar:/home/user/.m2/repository/org/apache/kerby/kerby-pkix/1.0.1/kerby-pkix-1.0.1.jar:/home/user/.m2/repository/org/apache/kerby/kerby-asn1/1.0.1/kerby-asn1-1.0.1.jar:/home/user/.m2/repository/org/apache/kerby/kerby-util/1.0.1/kerby-util-1.0.1.jar:/home/user/.m2/repository/org/apache/kerby/kerb-common/1.0.1/kerb-common-1.0.1.jar:/home/user/.m2/repository/org/apache/kerby/kerb-crypto/1.0.1/kerb-crypto-1.0.1.jar:/home/user/.m2/repository/org/apache/kerby/kerb-util/1.0.1/kerb-util-1.0.1.jar:/home/user/.m2/repository/org/apache/kerby/token-provider/1.0.1/token-provider-1.0.1.jar:/home/user/.m2/repository/org/apache/kerby/kerb-admin/1.0.1/kerb-admin-1.0.1.jar:/home/user/.m2/repository/org/apache/kerby/kerb-server/1.0.1/kerb-server-1.0.1.jar:/home/user/.m2/repository/org/apache/kerby/kerb-identity/1.0.1/kerb-identity-1.0.1.jar:/home/user/.m2/repository/org/apache/kerby/kerby-xdr/1.0.1/kerby-xdr-1.0.1.jar:/home/user/.m2/repository/org/slf4j/slf4j-log4j12/1.7.25/slf4j-log4j12-1.7.25.jar:/home/user/.m2/repository/org/apache/hadoop/hadoop-ozone-s3gateway/0.5.0-SNAPSHOT/hadoop-ozone-s3gateway-0.5.0-SNAPSHOT.jar:/home/user/.m2/repository/org/jboss/weld/servlet/weld-servlet/2.4.7.Final/weld-servlet-2.4.7.Final.jar:/home/user/.m2/repository/org/glassfish/jersey/containers/jersey-container-servlet-core/2.27/jersey-container-servlet-core-2.27.jar:/home/user/.m2/repository/org/glassfish/hk2/external/javax.inject/2.5.0-b42/javax.inject-2.5.0-b42.jar:/home/user/.m2/repository/org/glassfish/jersey/core/jersey-common/2.27/jersey-common-2.27.jar:/home/user/.m2/repository/org/glassfish/hk2/osgi-resource-locator/1.0.1/osgi-resource-locator-1.0.1.jar:/home/user/.m2/repository/javax/ws/rs/javax.ws.rs-api/2.1/javax.ws.rs-api-2.1.jar:/home/user/.m2/repository/org/glassfish/jersey/ext/cdi/jersey-cdi1x/2.27/jersey-cdi1x-2.27.jar:/home/user/.m2/repository/org/glassfish/jersey/inject/jersey-hk2/2.27/jersey-hk2-2.27.jar:/home/user/.m2/repository/org/glassfish/hk2/hk2-locator/2.5.0-b42/hk2-locator-2.5.0-b42.jar:/home/user/.m2/repository/org/javassist/javassist/3.22.0-CR2/javassist-3.22.0-CR2.jar:/home/user/.m2/repository/org/glassfish/hk2/hk2-api/2.5.0/hk2-api-2.5.0.jar:/home/user/.m2/repository/org/glassfish/hk2/external/jakarta.inject/2.5.0/jakarta.inject-2.5.0.jar:/home/user/.m2/repository/org/glassfish/hk2/hk2-utils/2.5.0/hk2-utils-2.5.0.jar:/home/user/.m2/repository/jakarta/annotation/jakarta.annotation-api/1.3.4/jakarta.annotation-api-1.3.4.jar:/home/user/.m2/repository/org/glassfish/hk2/external/aopalliance-repackaged/2.5.0/aopalliance-repackaged-2.5.0.jar:/home/user/.m2/repository/com/fasterxml/jackson/dataformat/jackson-dataformat-xml/2.9.0/jackson-dataformat-xml-2.9.0.jar:/home/user/.m2/repository/com/fasterxml/jackson/core/jackson-core/2.9.5/jackson-core-2.9.5.jar:/home/user/.m2/repository/com/fasterxml/jackson/module/jackson-module-jaxb-annotations/2.9.5/jackson-module-jaxb-annotations-2.9.5.jar:/home/user/.m2/repository/javax/enterprise/cdi-api/1.2/cdi-api-1.2.jar:/home/user/.m2/repository/javax/el/javax.el-api/3.0.0/javax.el-api-3.0.0.jar:/home/user/.m2/repository/javax/interceptor/javax.interceptor-api/1.2/javax.interceptor-api-1.2.jar:/home/user/.m2/repository/javax/inject/javax.inject/1/javax.inject-1.jar:/home/user/.m2/repository/com/sun/xml/bind/jaxb-impl/2.3.0.1/jaxb-impl-2.3.0.1.jar:/home/user/.m2/repository/com/sun/xml/bind/jaxb-core/2.3.0.1/jaxb-core-2.3.0.1.jar:/home/user/.m2/repository/javax/xml/bind/jaxb-api/2.3.0/jaxb-api-2.3.0.jar:/home/user/.m2/repository/javax/activation/activation/1.1.1/activation-1.1.1.jar:/home/user/.m2/repository/org/apache/hadoop/hadoop-ozone-csi/0.5.0-SNAPSHOT/hadoop-ozone-csi-0.5.0-SNAPSHOT.jar:/home/user/.m2/repository/com/google/protobuf/protobuf-java-util/3.5.1/protobuf-java-util-3.5.1.jar:/home/user/.m2/repository/org/apache/hadoop/hadoop-hdds-config/0.5.0-SNAPSHOT/hadoop-hdds-config-0.5.0-SNAPSHOT.jar:/home/user/.m2/repository/io/grpc/grpc-netty/1.17.1/grpc-netty-1.17.1.jar:/home/user/.m2/repository/io/grpc/grpc-core/1.17.1/grpc-core-1.17.1.jar:/home/user/.m2/repository/io/grpc/grpc-context/1.17.1/grpc-context-1.17.1.jar:/home/user/.m2/repository/com/google/errorprone/error_prone_annotations/2.2.0/error_prone_annotations-2.2.0.jar:/home/user/.m2/repository/org/codehaus/mojo/animal-sniffer-annotations/1.17/animal-sniffer-annotations-1.17.jar:/home/user/.m2/repository/io/opencensus/opencensus-api/0.17.0/opencensus-api-0.17.0.jar:/home/user/.m2/repository/io/opencensus/opencensus-contrib-grpc-metrics/0.17.0/opencensus-contrib-grpc-metrics-0.17.0.jar:/home/user/.m2/repository/io/netty/netty-codec-http2/4.1.30.Final/netty-codec-http2-4.1.30.Final.jar:/home/user/.m2/repository/io/netty/netty-codec-http/4.1.30.Final/netty-codec-http-4.1.30.Final.jar:/home/user/.m2/repository/io/netty/netty-codec/4.1.30.Final/netty-codec-4.1.30.Final.jar:/home/user/.m2/repository/io/netty/netty-handler/4.1.30.Final/netty-handler-4.1.30.Final.jar:/home/user/.m2/repository/io/netty/netty-handler-proxy/4.1.30.Final/netty-handler-proxy-4.1.30.Final.jar:/home/user/.m2/repository/io/netty/netty-codec-socks/4.1.30.Final/netty-codec-socks-4.1.30.Final.jar:/home/user/.m2/repository/io/netty/netty-transport-native-epoll/4.1.30.Final/netty-transport-native-epoll-4.1.30.Final.jar:/home/user/.m2/repository/io/netty/netty-common/4.1.30.Final/netty-common-4.1.30.Final.jar:/home/user/.m2/repository/io/netty/netty-buffer/4.1.30.Final/netty-buffer-4.1.30.Final.jar:/home/user/.m2/repository/io/netty/netty-transport/4.1.30.Final/netty-transport-4.1.30.Final.jar:/home/user/.m2/repository/io/netty/netty-resolver/4.1.30.Final/netty-resolver-4.1.30.Final.jar:/home/user/.m2/repository/io/netty/netty-transport-native-unix-common/4.1.30.Final/netty-transport-native-unix-common-4.1.30.Final.jar:/home/user/.m2/repository/io/grpc/grpc-protobuf/1.17.1/grpc-protobuf-1.17.1.jar:/home/user/.m2/repository/com/google/api/grpc/proto-google-common-protos/1.0.0/proto-google-common-protos-1.0.0.jar:/home/user/.m2/repository/io/grpc/grpc-protobuf-lite/1.17.1/grpc-protobuf-lite-1.17.1.jar:/home/user/.m2/repository/io/grpc/grpc-stub/1.17.1/grpc-stub-1.17.1.jar:/home/user/.m2/repository/org/apache/hadoop/hadoop-ozone-recon/0.5.0-SNAPSHOT/hadoop-ozone-recon-0.5.0-SNAPSHOT.jar:/home/user/.m2/repository/org/apache/hadoop/hadoop-ozone-reconcodegen/0.5.0-SNAPSHOT/hadoop-ozone-reconcodegen-0.5.0-SNAPSHOT.jar:/home/user/.m2/repository/com/google/inject/extensions/guice-multibindings/4.0/guice-multibindings-4.0.jar:/home/user/.m2/repository/com/google/inject/guice/4.0/guice-4.0.jar:/home/user/.m2/repository/aopalliance/aopalliance/1.0/aopalliance-1.0.jar:/home/user/.m2/repository/com/google/inject/extensions/guice-servlet/4.0/guice-servlet-4.0.jar:/home/user/.m2/repository/org/glassfish/jersey/containers/jersey-container-servlet/2.27/jersey-container-servlet-2.27.jar:/home/user/.m2/repository/org/glassfish/hk2/guice-bridge/2.5.0/guice-bridge-2.5.0.jar:/home/user/.m2/repository/org/glassfish/jersey/core/jersey-server/2.27/jersey-server-2.27.jar:/home/user/.m2/repository/org/glassfish/jersey/core/jersey-client/2.27/jersey-client-2.27.jar:/home/user/.m2/repository/org/glassfish/jersey/media/jersey-media-jaxb/2.27/jersey-media-jaxb-2.27.jar:/home/user/.m2/repository/javax/validation/validation-api/1.1.0.Final/validation-api-1.1.0.Final.jar:/home/user/.m2/repository/org/glassfish/jersey/media/jersey-media-json-jackson/2.27/jersey-media-json-jackson-2.27.jar:/home/user/.m2/repository/org/glassfish/jersey/ext/jersey-entity-filtering/2.27/jersey-entity-filtering-2.27.jar:/home/user/.m2/repository/com/google/inject/extensions/guice-assistedinject/4.0/guice-assistedinject-4.0.jar:/home/user/.m2/repository/org/jooq/jooq/3.11.10/jooq-3.11.10.jar:/home/user/.m2/repository/org/jooq/jooq-meta/3.11.10/jooq-meta-3.11.10.jar:/home/user/.m2/repository/org/jooq/jooq-codegen/3.11.10/jooq-codegen-3.11.10.jar:/home/user/.m2/repository/com/jolbox/bonecp/0.8.0.RELEASE/bonecp-0.8.0.RELEASE.jar:/home/user/.m2/repository/org/xerial/sqlite-jdbc/3.25.2/sqlite-jdbc-3.25.2.jar:/home/user/.m2/repository/org/springframework/spring-jdbc/5.1.3.RELEASE/spring-jdbc-5.1.3.RELEASE.jar:/home/user/.m2/repository/org/springframework/spring-beans/5.1.3.RELEASE/spring-beans-5.1.3.RELEASE.jar:/home/user/.m2/repository/org/springframework/spring-core/5.1.3.RELEASE/spring-core-5.1.3.RELEASE.jar:/home/user/.m2/repository/org/springframework/spring-jcl/5.1.3.RELEASE/spring-jcl-5.1.3.RELEASE.jar:/home/user/.m2/repository/org/springframework/spring-tx/5.1.3.RELEASE/spring-tx-5.1.3.RELEASE.jar:/home/user/.m2/repository/org/apache/hadoop/hadoop-ozone-client/0.5.0-SNAPSHOT/hadoop-ozone-client-0.5.0-SNAPSHOT.jar:/home/user/.m2/repository/commons-lang/commons-lang/2.6/commons-lang-2.6.jar:/home/user/.m2/repository/org/apache/hadoop/hadoop-ozone-ozone-manager/0.5.0-SNAPSHOT/hadoop-ozone-ozone-manager-0.5.0-SNAPSHOT-tests.jar:/home/user/.m2/repository/junit/junit/4.11/junit-4.11.jar:/home/user/.m2/repository/org/hamcrest/hamcrest-core/1.3/hamcrest-core-1.3.jar:/home/user/.m2/repository/org/openjdk/jmh/jmh-core/1.19/jmh-core-1.19.jar:/home/user/.m2/repository/net/sf/jopt-simple/jopt-simple/4.6/jopt-simple-4.6.jar:/home/user/.m2/repository/org/apache/commons/commons-math3/3.1.1/commons-math3-3.1.1.jar:/home/user/.m2/repository/org/openjdk/jmh/jmh-generator-annprocess/1.19/jmh-generator-annprocess-1.19.jar:/home/user/.m2/repository/org/mockito/mockito-all/1.8.5/mockito-all-1.8.5.jar:/home/user/.m2/repository/org/apache/hadoop/hadoop-kms/3.2.0/hadoop-kms-3.2.0.jar:/home/user/.m2/repository/org/apache/hadoop/hadoop-auth/3.2.0/hadoop-auth-3.2.0.jar:/home/user/.m2/repository/com/nimbusds/nimbus-jose-jwt/4.41.1/nimbus-jose-jwt-4.41.1.jar:/home/user/.m2/repository/com/github/stephenc/jcip/jcip-annotations/1.0-1/jcip-annotations-1.0-1.jar:/home/user/.m2/repository/net/minidev/json-smart/2.3/json-smart-2.3.jar:/home/user/.m2/repository/net/minidev/accessors-smart/1.2/accessors-smart-1.2.jar:/home/user/.m2/repository/org/ow2/asm/asm/5.0.4/asm-5.0.4.jar:/home/user/.m2/repository/org/apache/curator/curator-framework/2.12.0/curator-framework-2.12.0.jar:/home/user/.m2/repository/com/sun/jersey/jersey-core/1.19/jersey-core-1.19.jar:/home/user/.m2/repository/javax/ws/rs/jsr311-api/1.1.1/jsr311-api-1.1.1.jar:/home/user/.m2/repository/com/sun/jersey/jersey-server/1.19/jersey-server-1.19.jar:/home/user/.m2/repository/javax/servlet/javax.servlet-api/3.1.0/javax.servlet-api-3.1.0.jar:/home/user/.m2/repository/org/eclipse/jetty/jetty-server/9.3.24.v20180605/jetty-server-9.3.24.v20180605.jar:/home/user/.m2/repository/org/eclipse/jetty/jetty-http/9.3.24.v20180605/jetty-http-9.3.24.v20180605.jar:/home/user/.m2/repository/org/eclipse/jetty/jetty-io/9.3.24.v20180605/jetty-io-9.3.24.v20180605.jar:/home/user/.m2/repository/org/eclipse/jetty/jetty-webapp/9.3.24.v20180605/jetty-webapp-9.3.24.v20180605.jar:/home/user/.m2/repository/org/eclipse/jetty/jetty-xml/9.3.24.v20180605/jetty-xml-9.3.24.v20180605.jar:/home/user/.m2/repository/log4j/log4j/1.2.17/log4j-1.2.17.jar:/home/user/.m2/repository/org/slf4j/slf4j-api/1.7.25/slf4j-api-1.7.25.jar:/home/user/.m2/repository/org/slf4j/jul-to-slf4j/1.7.25/jul-to-slf4j-1.7.25.jar:/home/user/.m2/repository/org/eclipse/jetty/jetty-util/9.3.24.v20180605/jetty-util-9.3.24.v20180605.jar:/home/user/.m2/repository/com/fasterxml/jackson/core/jackson-databind/2.9.5/jackson-databind-2.9.5.jar:/home/user/.m2/repository/org/apache/hadoop/hadoop-kms/3.2.0/hadoop-kms-3.2.0-tests.jar:/home/user/.m2/repository/org/apache/hadoop/hadoop-hdds-server-scm/0.5.0-SNAPSHOT/hadoop-hdds-server-scm-0.5.0-SNAPSHOT-tests.jar:/home/user/.m2/repository/org/apache/hadoop/hadoop-hdds-container-service/0.5.0-SNAPSHOT/hadoop-hdds-container-service-0.5.0-SNAPSHOT-tests.jar:/home/user/.m2/repository/org/yaml/snakeyaml/1.16/snakeyaml-1.16.jar:/home/user/.m2/repository/org/apache/hadoop/hadoop-common/3.2.0/hadoop-common-3.2.0-tests.jar:/home/user/.m2/repository/org/apache/hadoop/hadoop-annotations/3.2.0/hadoop-annotations-3.2.0.jar:/usr/lib/jvm/java-1.8-openjdk/jre/../lib/tools.jar:/home/user/.m2/repository/commons-cli/commons-cli/1.2/commons-cli-1.2.jar:/home/user/.m2/repository/org/apache/httpcomponents/httpclient/4.5.2/httpclient-4.5.2.jar:/home/user/.m2/repository/org/apache/httpcomponents/httpcore/4.4.4/httpcore-4.4.4.jar:/home/user/.m2/repository/commons-codec/commons-codec/1.11/commons-codec-1.11.jar:/home/user/.m2/repository/commons-net/commons-net/3.6/commons-net-3.6.jar:/home/user/.m2/repository/commons-collections/commons-collections/3.2.2/commons-collections-3.2.2.jar:/home/user/.m2/repository/org/eclipse/jetty/jetty-servlet/9.3.24.v20180605/jetty-servlet-9.3.24.v20180605.jar:/home/user/.m2/repository/org/eclipse/jetty/jetty-security/9.3.24.v20180605/jetty-security-9.3.24.v20180605.jar:/home/user/.m2/repository/javax/servlet/jsp/jsp-api/2.1/jsp-api-2.1.jar:/home/user/.m2/repository/com/sun/jersey/jersey-servlet/1.19/jersey-servlet-1.19.jar:/home/user/.m2/repository/com/sun/jersey/jersey-json/1.19/jersey-json-1.19.jar:/home/user/.m2/repository/org/codehaus/jettison/jettison/1.1/jettison-1.1.jar:/home/user/.m2/repository/org/codehaus/jackson/jackson-core-asl/1.9.13/jackson-core-asl-1.9.13.jar:/home/user/.m2/repository/org/codehaus/jackson/jackson-mapper-asl/1.9.13/jackson-mapper-asl-1.9.13.jar:/home/user/.m2/repository/org/codehaus/jackson/jackson-jaxrs/1.9.13/jackson-jaxrs-1.9.13.jar:/home/user/.m2/repository/org/codehaus/jackson/jackson-xc/1.9.13/jackson-xc-1.9.13.jar:/home/user/.m2/repository/commons-logging/commons-logging/1.1.3/commons-logging-1.1.3.jar:/home/user/.m2/repository/commons-beanutils/commons-beanutils/1.9.3/commons-beanutils-1.9.3.jar:/home/user/.m2/repository/org/apache/commons/commons-configuration2/2.1.1/commons-configuration2-2.1.1.jar:/home/user/.m2/repository/org/apache/commons/commons-lang3/3.7/commons-lang3-3.7.jar:/home/user/.m2/repository/org/apache/commons/commons-text/1.4/commons-text-1.4.jar:/home/user/.m2/repository/org/apache/avro/avro/1.7.7/avro-1.7.7.jar:/home/user/.m2/repository/com/thoughtworks/paranamer/paranamer/2.3/paranamer-2.3.jar:/home/user/.m2/repository/org/xerial/snappy/snappy-java/1.0.5/snappy-java-1.0.5.jar:/home/user/.m2/repository/com/google/re2j/re2j/1.1/re2j-1.1.jar:/home/user/.m2/repository/com/google/code/gson/gson/2.2.4/gson-2.2.4.jar:/home/user/.m2/repository/com/jcraft/jsch/0.1.54/jsch-0.1.54.jar:/home/user/.m2/repository/org/apache/curator/curator-client/2.12.0/curator-client-2.12.0.jar:/home/user/.m2/repository/org/apache/curator/curator-recipes/2.12.0/curator-recipes-2.12.0.jar:/home/user/.m2/repository/com/google/code/findbugs/jsr305/3.0.0/jsr305-3.0.0.jar:/home/user/.m2/repository/org/apache/htrace/htrace-core4/4.1.0-incubating/htrace-core4-4.1.0-incubating.jar:/home/user/.m2/repository/org/apache/zookeeper/zookeeper/3.4.13/zookeeper-3.4.13.jar:/home/user/.m2/repository/org/apache/yetus/audience-annotations/0.5.0/audience-annotations-0.5.0.jar:/home/user/.m2/repository/org/codehaus/woodstox/stax2-api/3.1.4/stax2-api-3.1.4.jar:/home/user/.m2/repository/com/fasterxml/woodstox/woodstox-core/5.0.3/woodstox-core-5.0.3.jar:/home/user/.m2/repository/dnsjava/dnsjava/2.1.7/dnsjava-2.1.7.jar:/home/user/.m2/repository/org/apache/hadoop/hadoop-hdfs/3.2.0/hadoop-hdfs-3.2.0-tests.jar:/home/user/.m2/repository/org/eclipse/jetty/jetty-util-ajax/9.3.24.v20180605/jetty-util-ajax-9.3.24.v20180605.jar:/home/user/.m2/repository/commons-daemon/commons-daemon/1.0.13/commons-daemon-1.0.13.jar:/home/user/.m2/repository/io/netty/netty/3.10.5.Final/netty-3.10.5.Final.jar:/home/user/.m2/repository/io/netty/netty-all/4.0.52.Final/netty-all-4.0.52.Final.jar:/home/user/.m2/repository/org/fusesource/leveldbjni/leveldbjni-all/1.8/leveldbjni-all-1.8.jar:"/>
    <property name="java.vm.vendor" value="IcedTea"/>
    <property name="sun.arch.data.model" value="64"/>
    <property name="test.build.dir" value="/workdir/hadoop-ozone/integration-test/target/test-dir"/>
    <property name="test.cache.data" value=""/>
    <property name="java.vendor.url" value="https://icedtea.classpath.org"/>
    <property name="user.timezone" value=""/>
    <property name="java.vm.specification.version" value="1.8"/>
    <property name="os.name" value="Linux"/>
    <property name="test.build.data" value="/workdir/hadoop-ozone/integration-test/target/test-dir"/>
    <property name="user.country" value="US"/>
    <property name="sun.java.launcher" value="SUN_STANDARD"/>
    <property name="sun.boot.library.path" value="/usr/lib/jvm/java-1.8-openjdk/jre/lib/amd64"/>
    <property name="sun.java.command" value="/workdir/hadoop-ozone/integration-test/target/surefire/surefirebooter5495031214209900693.jar /workdir/hadoop-ozone/integration-test/target/surefire 2019-09-04T05-11-40_891-jvmRun1 surefire601427943392078877tmp surefire_205740701570457156694tmp"/>
    <property name="test" value="!TestMiniChaosOzoneCluster"/>
    <property name="surefire.test.class.path" value="/workdir/hadoop-ozone/integration-test/target/test-classes:/workdir/hadoop-ozone/integration-test/target/classes:/home/user/.m2/repository/org/apache/hadoop/hadoop-ozone-common/0.5.0-SNAPSHOT/hadoop-ozone-common-0.5.0-SNAPSHOT.jar:/home/user/.m2/repository/org/apache/commons/commons-compress/1.4.1/commons-compress-1.4.1.jar:/home/user/.m2/repository/org/tukaani/xz/1.0/xz-1.0.jar:/home/user/.m2/repository/org/apache/hadoop/hadoop-common/3.2.0/hadoop-common-3.2.0.jar:/home/user/.m2/repository/org/apache/hadoop/hadoop-hdfs/3.2.0/hadoop-hdfs-3.2.0.jar:/home/user/.m2/repository/org/apache/hadoop/hadoop-hdfs-client/3.2.0/hadoop-hdfs-client-3.2.0.jar:/home/user/.m2/repository/com/fasterxml/jackson/core/jackson-annotations/2.9.5/jackson-annotations-2.9.5.jar:/home/user/.m2/repository/org/apache/hadoop/hadoop-hdds-common/0.5.0-SNAPSHOT/hadoop-hdds-common-0.5.0-SNAPSHOT.jar:/home/user/.m2/repository/javax/annotation/javax.annotation-api/1.2/javax.annotation-api-1.2.jar:/home/user/.m2/repository/org/apache/ratis/ratis-server/0.4.0-2337318-SNAPSHOT/ratis-server-0.4.0-2337318-SNAPSHOT.jar:/home/user/.m2/repository/org/apache/ratis/ratis-thirdparty-misc/0.2.0/ratis-thirdparty-misc-0.2.0.jar:/home/user/.m2/repository/org/apache/ratis/ratis-proto/0.4.0-2337318-SNAPSHOT/ratis-proto-0.4.0-2337318-SNAPSHOT.jar:/home/user/.m2/repository/org/apache/ratis/ratis-common/0.4.0-2337318-SNAPSHOT/ratis-common-0.4.0-2337318-SNAPSHOT.jar:/home/user/.m2/repository/org/apache/ratis/ratis-client/0.4.0-2337318-SNAPSHOT/ratis-client-0.4.0-2337318-SNAPSHOT.jar:/home/user/.m2/repository/org/apache/ratis/ratis-metrics/0.4.0-2337318-SNAPSHOT/ratis-metrics-0.4.0-2337318-SNAPSHOT.jar:/home/user/.m2/repository/org/apache/ratis/ratis-netty/0.4.0-2337318-SNAPSHOT/ratis-netty-0.4.0-2337318-SNAPSHOT.jar:/home/user/.m2/repository/org/apache/ratis/ratis-grpc/0.4.0-2337318-SNAPSHOT/ratis-grpc-0.4.0-2337318-SNAPSHOT.jar:/home/user/.m2/repository/org/rocksdb/rocksdbjni/6.0.1/rocksdbjni-6.0.1.jar:/home/user/.m2/repository/org/apache/logging/log4j/log4j-api/2.11.0/log4j-api-2.11.0.jar:/home/user/.m2/repository/org/apache/logging/log4j/log4j-core/2.11.0/log4j-core-2.11.0.jar:/home/user/.m2/repository/com/lmax/disruptor/3.4.2/disruptor-3.4.2.jar:/home/user/.m2/repository/org/apache/commons/commons-pool2/2.6.0/commons-pool2-2.6.0.jar:/home/user/.m2/repository/org/bouncycastle/bcpkix-jdk15on/1.60/bcpkix-jdk15on-1.60.jar:/home/user/.m2/repository/commons-validator/commons-validator/1.6/commons-validator-1.6.jar:/home/user/.m2/repository/commons-digester/commons-digester/1.8.1/commons-digester-1.8.1.jar:/home/user/.m2/repository/io/jaegertracing/jaeger-client/0.33.1/jaeger-client-0.33.1.jar:/home/user/.m2/repository/io/jaegertracing/jaeger-thrift/0.33.1/jaeger-thrift-0.33.1.jar:/home/user/.m2/repository/org/apache/thrift/libthrift/0.11.0/libthrift-0.11.0.jar:/home/user/.m2/repository/com/squareup/okhttp3/okhttp/3.9.0/okhttp-3.9.0.jar:/home/user/.m2/repository/com/squareup/okio/okio/1.13.0/okio-1.13.0.jar:/home/user/.m2/repository/io/jaegertracing/jaeger-core/0.33.1/jaeger-core-0.33.1.jar:/home/user/.m2/repository/io/jaegertracing/jaeger-tracerresolver/0.33.1/jaeger-tracerresolver-0.33.1.jar:/home/user/.m2/repository/io/opentracing/contrib/opentracing-tracerresolver/0.1.5/opentracing-tracerresolver-0.1.5.jar:/home/user/.m2/repository/io/opentracing/opentracing-util/0.31.0/opentracing-util-0.31.0.jar:/home/user/.m2/repository/io/opentracing/opentracing-api/0.31.0/opentracing-api-0.31.0.jar:/home/user/.m2/repository/io/opentracing/opentracing-noop/0.31.0/opentracing-noop-0.31.0.jar:/home/user/.m2/repository/org/apache/hadoop/hadoop-hdds-server-framework/0.5.0-SNAPSHOT/hadoop-hdds-server-framework-0.5.0-SNAPSHOT.jar:/home/user/.m2/repository/org/apache/hadoop/hadoop-hdds-container-service/0.5.0-SNAPSHOT/hadoop-hdds-container-service-0.5.0-SNAPSHOT.jar:/home/user/.m2/repository/org/apache/hadoop/hadoop-hdds-client/0.5.0-SNAPSHOT/hadoop-hdds-client-0.5.0-SNAPSHOT.jar:/home/user/.m2/repository/org/apache/hadoop/hadoop-hdds-tools/0.5.0-SNAPSHOT/hadoop-hdds-tools-0.5.0-SNAPSHOT.jar:/home/user/.m2/repository/org/apache/hadoop/hadoop-hdds-server-scm/0.5.0-SNAPSHOT/hadoop-hdds-server-scm-0.5.0-SNAPSHOT.jar:/home/user/.m2/repository/org/apache/hadoop/hadoop-hdds-docs/0.5.0-SNAPSHOT/hadoop-hdds-docs-0.5.0-SNAPSHOT.jar:/home/user/.m2/repository/io/dropwizard/metrics/metrics-core/3.2.4/metrics-core-3.2.4.jar:/home/user/.m2/repository/org/hamcrest/hamcrest-all/1.3/hamcrest-all-1.3.jar:/home/user/.m2/repository/org/bouncycastle/bcprov-jdk15on/1.60/bcprov-jdk15on-1.60.jar:/home/user/.m2/repository/info/picocli/picocli/3.9.6/picocli-3.9.6.jar:/home/user/.m2/repository/com/google/protobuf/protobuf-java/2.5.0/protobuf-java-2.5.0.jar:/home/user/.m2/repository/com/google/guava/guava/11.0.2/guava-11.0.2.jar:/home/user/.m2/repository/org/apache/hadoop/hadoop-ozone-ozone-manager/0.5.0-SNAPSHOT/hadoop-ozone-ozone-manager-0.5.0-SNAPSHOT.jar:/home/user/.m2/repository/org/apache/hadoop/hadoop-minikdc/3.2.0/hadoop-minikdc-3.2.0.jar:/home/user/.m2/repository/commons-io/commons-io/2.5/commons-io-2.5.jar:/home/user/.m2/repository/org/apache/kerby/kerb-simplekdc/1.0.1/kerb-simplekdc-1.0.1.jar:/home/user/.m2/repository/org/apache/kerby/kerb-client/1.0.1/kerb-client-1.0.1.jar:/home/user/.m2/repository/org/apache/kerby/kerby-config/1.0.1/kerby-config-1.0.1.jar:/home/user/.m2/repository/org/apache/kerby/kerb-core/1.0.1/kerb-core-1.0.1.jar:/home/user/.m2/repository/org/apache/kerby/kerby-pkix/1.0.1/kerby-pkix-1.0.1.jar:/home/user/.m2/repository/org/apache/kerby/kerby-asn1/1.0.1/kerby-asn1-1.0.1.jar:/home/user/.m2/repository/org/apache/kerby/kerby-util/1.0.1/kerby-util-1.0.1.jar:/home/user/.m2/repository/org/apache/kerby/kerb-common/1.0.1/kerb-common-1.0.1.jar:/home/user/.m2/repository/org/apache/kerby/kerb-crypto/1.0.1/kerb-crypto-1.0.1.jar:/home/user/.m2/repository/org/apache/kerby/kerb-util/1.0.1/kerb-util-1.0.1.jar:/home/user/.m2/repository/org/apache/kerby/token-provider/1.0.1/token-provider-1.0.1.jar:/home/user/.m2/repository/org/apache/kerby/kerb-admin/1.0.1/kerb-admin-1.0.1.jar:/home/user/.m2/repository/org/apache/kerby/kerb-server/1.0.1/kerb-server-1.0.1.jar:/home/user/.m2/repository/org/apache/kerby/kerb-identity/1.0.1/kerb-identity-1.0.1.jar:/home/user/.m2/repository/org/apache/kerby/kerby-xdr/1.0.1/kerby-xdr-1.0.1.jar:/home/user/.m2/repository/org/slf4j/slf4j-log4j12/1.7.25/slf4j-log4j12-1.7.25.jar:/home/user/.m2/repository/org/apache/hadoop/hadoop-ozone-s3gateway/0.5.0-SNAPSHOT/hadoop-ozone-s3gateway-0.5.0-SNAPSHOT.jar:/home/user/.m2/repository/org/jboss/weld/servlet/weld-servlet/2.4.7.Final/weld-servlet-2.4.7.Final.jar:/home/user/.m2/repository/org/glassfish/jersey/containers/jersey-container-servlet-core/2.27/jersey-container-servlet-core-2.27.jar:/home/user/.m2/repository/org/glassfish/hk2/external/javax.inject/2.5.0-b42/javax.inject-2.5.0-b42.jar:/home/user/.m2/repository/org/glassfish/jersey/core/jersey-common/2.27/jersey-common-2.27.jar:/home/user/.m2/repository/org/glassfish/hk2/osgi-resource-locator/1.0.1/osgi-resource-locator-1.0.1.jar:/home/user/.m2/repository/javax/ws/rs/javax.ws.rs-api/2.1/javax.ws.rs-api-2.1.jar:/home/user/.m2/repository/org/glassfish/jersey/ext/cdi/jersey-cdi1x/2.27/jersey-cdi1x-2.27.jar:/home/user/.m2/repository/org/glassfish/jersey/inject/jersey-hk2/2.27/jersey-hk2-2.27.jar:/home/user/.m2/repository/org/glassfish/hk2/hk2-locator/2.5.0-b42/hk2-locator-2.5.0-b42.jar:/home/user/.m2/repository/org/javassist/javassist/3.22.0-CR2/javassist-3.22.0-CR2.jar:/home/user/.m2/repository/org/glassfish/hk2/hk2-api/2.5.0/hk2-api-2.5.0.jar:/home/user/.m2/repository/org/glassfish/hk2/external/jakarta.inject/2.5.0/jakarta.inject-2.5.0.jar:/home/user/.m2/repository/org/glassfish/hk2/hk2-utils/2.5.0/hk2-utils-2.5.0.jar:/home/user/.m2/repository/jakarta/annotation/jakarta.annotation-api/1.3.4/jakarta.annotation-api-1.3.4.jar:/home/user/.m2/repository/org/glassfish/hk2/external/aopalliance-repackaged/2.5.0/aopalliance-repackaged-2.5.0.jar:/home/user/.m2/repository/com/fasterxml/jackson/dataformat/jackson-dataformat-xml/2.9.0/jackson-dataformat-xml-2.9.0.jar:/home/user/.m2/repository/com/fasterxml/jackson/core/jackson-core/2.9.5/jackson-core-2.9.5.jar:/home/user/.m2/repository/com/fasterxml/jackson/module/jackson-module-jaxb-annotations/2.9.5/jackson-module-jaxb-annotations-2.9.5.jar:/home/user/.m2/repository/javax/enterprise/cdi-api/1.2/cdi-api-1.2.jar:/home/user/.m2/repository/javax/el/javax.el-api/3.0.0/javax.el-api-3.0.0.jar:/home/user/.m2/repository/javax/interceptor/javax.interceptor-api/1.2/javax.interceptor-api-1.2.jar:/home/user/.m2/repository/javax/inject/javax.inject/1/javax.inject-1.jar:/home/user/.m2/repository/com/sun/xml/bind/jaxb-impl/2.3.0.1/jaxb-impl-2.3.0.1.jar:/home/user/.m2/repository/com/sun/xml/bind/jaxb-core/2.3.0.1/jaxb-core-2.3.0.1.jar:/home/user/.m2/repository/javax/xml/bind/jaxb-api/2.3.0/jaxb-api-2.3.0.jar:/home/user/.m2/repository/javax/activation/activation/1.1.1/activation-1.1.1.jar:/home/user/.m2/repository/org/apache/hadoop/hadoop-ozone-csi/0.5.0-SNAPSHOT/hadoop-ozone-csi-0.5.0-SNAPSHOT.jar:/home/user/.m2/repository/com/google/protobuf/protobuf-java-util/3.5.1/protobuf-java-util-3.5.1.jar:/home/user/.m2/repository/org/apache/hadoop/hadoop-hdds-config/0.5.0-SNAPSHOT/hadoop-hdds-config-0.5.0-SNAPSHOT.jar:/home/user/.m2/repository/io/grpc/grpc-netty/1.17.1/grpc-netty-1.17.1.jar:/home/user/.m2/repository/io/grpc/grpc-core/1.17.1/grpc-core-1.17.1.jar:/home/user/.m2/repository/io/grpc/grpc-context/1.17.1/grpc-context-1.17.1.jar:/home/user/.m2/repository/com/google/errorprone/error_prone_annotations/2.2.0/error_prone_annotations-2.2.0.jar:/home/user/.m2/repository/org/codehaus/mojo/animal-sniffer-annotations/1.17/animal-sniffer-annotations-1.17.jar:/home/user/.m2/repository/io/opencensus/opencensus-api/0.17.0/opencensus-api-0.17.0.jar:/home/user/.m2/repository/io/opencensus/opencensus-contrib-grpc-metrics/0.17.0/opencensus-contrib-grpc-metrics-0.17.0.jar:/home/user/.m2/repository/io/netty/netty-codec-http2/4.1.30.Final/netty-codec-http2-4.1.30.Final.jar:/home/user/.m2/repository/io/netty/netty-codec-http/4.1.30.Final/netty-codec-http-4.1.30.Final.jar:/home/user/.m2/repository/io/netty/netty-codec/4.1.30.Final/netty-codec-4.1.30.Final.jar:/home/user/.m2/repository/io/netty/netty-handler/4.1.30.Final/netty-handler-4.1.30.Final.jar:/home/user/.m2/repository/io/netty/netty-handler-proxy/4.1.30.Final/netty-handler-proxy-4.1.30.Final.jar:/home/user/.m2/repository/io/netty/netty-codec-socks/4.1.30.Final/netty-codec-socks-4.1.30.Final.jar:/home/user/.m2/repository/io/netty/netty-transport-native-epoll/4.1.30.Final/netty-transport-native-epoll-4.1.30.Final.jar:/home/user/.m2/repository/io/netty/netty-common/4.1.30.Final/netty-common-4.1.30.Final.jar:/home/user/.m2/repository/io/netty/netty-buffer/4.1.30.Final/netty-buffer-4.1.30.Final.jar:/home/user/.m2/repository/io/netty/netty-transport/4.1.30.Final/netty-transport-4.1.30.Final.jar:/home/user/.m2/repository/io/netty/netty-resolver/4.1.30.Final/netty-resolver-4.1.30.Final.jar:/home/user/.m2/repository/io/netty/netty-transport-native-unix-common/4.1.30.Final/netty-transport-native-unix-common-4.1.30.Final.jar:/home/user/.m2/repository/io/grpc/grpc-protobuf/1.17.1/grpc-protobuf-1.17.1.jar:/home/user/.m2/repository/com/google/api/grpc/proto-google-common-protos/1.0.0/proto-google-common-protos-1.0.0.jar:/home/user/.m2/repository/io/grpc/grpc-protobuf-lite/1.17.1/grpc-protobuf-lite-1.17.1.jar:/home/user/.m2/repository/io/grpc/grpc-stub/1.17.1/grpc-stub-1.17.1.jar:/home/user/.m2/repository/org/apache/hadoop/hadoop-ozone-recon/0.5.0-SNAPSHOT/hadoop-ozone-recon-0.5.0-SNAPSHOT.jar:/home/user/.m2/repository/org/apache/hadoop/hadoop-ozone-reconcodegen/0.5.0-SNAPSHOT/hadoop-ozone-reconcodegen-0.5.0-SNAPSHOT.jar:/home/user/.m2/repository/com/google/inject/extensions/guice-multibindings/4.0/guice-multibindings-4.0.jar:/home/user/.m2/repository/com/google/inject/guice/4.0/guice-4.0.jar:/home/user/.m2/repository/aopalliance/aopalliance/1.0/aopalliance-1.0.jar:/home/user/.m2/repository/com/google/inject/extensions/guice-servlet/4.0/guice-servlet-4.0.jar:/home/user/.m2/repository/org/glassfish/jersey/containers/jersey-container-servlet/2.27/jersey-container-servlet-2.27.jar:/home/user/.m2/repository/org/glassfish/hk2/guice-bridge/2.5.0/guice-bridge-2.5.0.jar:/home/user/.m2/repository/org/glassfish/jersey/core/jersey-server/2.27/jersey-server-2.27.jar:/home/user/.m2/repository/org/glassfish/jersey/core/jersey-client/2.27/jersey-client-2.27.jar:/home/user/.m2/repository/org/glassfish/jersey/media/jersey-media-jaxb/2.27/jersey-media-jaxb-2.27.jar:/home/user/.m2/repository/javax/validation/validation-api/1.1.0.Final/validation-api-1.1.0.Final.jar:/home/user/.m2/repository/org/glassfish/jersey/media/jersey-media-json-jackson/2.27/jersey-media-json-jackson-2.27.jar:/home/user/.m2/repository/org/glassfish/jersey/ext/jersey-entity-filtering/2.27/jersey-entity-filtering-2.27.jar:/home/user/.m2/repository/com/google/inject/extensions/guice-assistedinject/4.0/guice-assistedinject-4.0.jar:/home/user/.m2/repository/org/jooq/jooq/3.11.10/jooq-3.11.10.jar:/home/user/.m2/repository/org/jooq/jooq-meta/3.11.10/jooq-meta-3.11.10.jar:/home/user/.m2/repository/org/jooq/jooq-codegen/3.11.10/jooq-codegen-3.11.10.jar:/home/user/.m2/repository/com/jolbox/bonecp/0.8.0.RELEASE/bonecp-0.8.0.RELEASE.jar:/home/user/.m2/repository/org/xerial/sqlite-jdbc/3.25.2/sqlite-jdbc-3.25.2.jar:/home/user/.m2/repository/org/springframework/spring-jdbc/5.1.3.RELEASE/spring-jdbc-5.1.3.RELEASE.jar:/home/user/.m2/repository/org/springframework/spring-beans/5.1.3.RELEASE/spring-beans-5.1.3.RELEASE.jar:/home/user/.m2/repository/org/springframework/spring-core/5.1.3.RELEASE/spring-core-5.1.3.RELEASE.jar:/home/user/.m2/repository/org/springframework/spring-jcl/5.1.3.RELEASE/spring-jcl-5.1.3.RELEASE.jar:/home/user/.m2/repository/org/springframework/spring-tx/5.1.3.RELEASE/spring-tx-5.1.3.RELEASE.jar:/home/user/.m2/repository/org/apache/hadoop/hadoop-ozone-client/0.5.0-SNAPSHOT/hadoop-ozone-client-0.5.0-SNAPSHOT.jar:/home/user/.m2/repository/commons-lang/commons-lang/2.6/commons-lang-2.6.jar:/home/user/.m2/repository/org/apache/hadoop/hadoop-ozone-ozone-manager/0.5.0-SNAPSHOT/hadoop-ozone-ozone-manager-0.5.0-SNAPSHOT-tests.jar:/home/user/.m2/repository/junit/junit/4.11/junit-4.11.jar:/home/user/.m2/repository/org/hamcrest/hamcrest-core/1.3/hamcrest-core-1.3.jar:/home/user/.m2/repository/org/openjdk/jmh/jmh-core/1.19/jmh-core-1.19.jar:/home/user/.m2/repository/net/sf/jopt-simple/jopt-simple/4.6/jopt-simple-4.6.jar:/home/user/.m2/repository/org/apache/commons/commons-math3/3.1.1/commons-math3-3.1.1.jar:/home/user/.m2/repository/org/openjdk/jmh/jmh-generator-annprocess/1.19/jmh-generator-annprocess-1.19.jar:/home/user/.m2/repository/org/mockito/mockito-all/1.8.5/mockito-all-1.8.5.jar:/home/user/.m2/repository/org/apache/hadoop/hadoop-kms/3.2.0/hadoop-kms-3.2.0.jar:/home/user/.m2/repository/org/apache/hadoop/hadoop-auth/3.2.0/hadoop-auth-3.2.0.jar:/home/user/.m2/repository/com/nimbusds/nimbus-jose-jwt/4.41.1/nimbus-jose-jwt-4.41.1.jar:/home/user/.m2/repository/com/github/stephenc/jcip/jcip-annotations/1.0-1/jcip-annotations-1.0-1.jar:/home/user/.m2/repository/net/minidev/json-smart/2.3/json-smart-2.3.jar:/home/user/.m2/repository/net/minidev/accessors-smart/1.2/accessors-smart-1.2.jar:/home/user/.m2/repository/org/ow2/asm/asm/5.0.4/asm-5.0.4.jar:/home/user/.m2/repository/org/apache/curator/curator-framework/2.12.0/curator-framework-2.12.0.jar:/home/user/.m2/repository/com/sun/jersey/jersey-core/1.19/jersey-core-1.19.jar:/home/user/.m2/repository/javax/ws/rs/jsr311-api/1.1.1/jsr311-api-1.1.1.jar:/home/user/.m2/repository/com/sun/jersey/jersey-server/1.19/jersey-server-1.19.jar:/home/user/.m2/repository/javax/servlet/javax.servlet-api/3.1.0/javax.servlet-api-3.1.0.jar:/home/user/.m2/repository/org/eclipse/jetty/jetty-server/9.3.24.v20180605/jetty-server-9.3.24.v20180605.jar:/home/user/.m2/repository/org/eclipse/jetty/jetty-http/9.3.24.v20180605/jetty-http-9.3.24.v20180605.jar:/home/user/.m2/repository/org/eclipse/jetty/jetty-io/9.3.24.v20180605/jetty-io-9.3.24.v20180605.jar:/home/user/.m2/repository/org/eclipse/jetty/jetty-webapp/9.3.24.v20180605/jetty-webapp-9.3.24.v20180605.jar:/home/user/.m2/repository/org/eclipse/jetty/jetty-xml/9.3.24.v20180605/jetty-xml-9.3.24.v20180605.jar:/home/user/.m2/repository/log4j/log4j/1.2.17/log4j-1.2.17.jar:/home/user/.m2/repository/org/slf4j/slf4j-api/1.7.25/slf4j-api-1.7.25.jar:/home/user/.m2/repository/org/slf4j/jul-to-slf4j/1.7.25/jul-to-slf4j-1.7.25.jar:/home/user/.m2/repository/org/eclipse/jetty/jetty-util/9.3.24.v20180605/jetty-util-9.3.24.v20180605.jar:/home/user/.m2/repository/com/fasterxml/jackson/core/jackson-databind/2.9.5/jackson-databind-2.9.5.jar:/home/user/.m2/repository/org/apache/hadoop/hadoop-kms/3.2.0/hadoop-kms-3.2.0-tests.jar:/home/user/.m2/repository/org/apache/hadoop/hadoop-hdds-server-scm/0.5.0-SNAPSHOT/hadoop-hdds-server-scm-0.5.0-SNAPSHOT-tests.jar:/home/user/.m2/repository/org/apache/hadoop/hadoop-hdds-container-service/0.5.0-SNAPSHOT/hadoop-hdds-container-service-0.5.0-SNAPSHOT-tests.jar:/home/user/.m2/repository/org/yaml/snakeyaml/1.16/snakeyaml-1.16.jar:/home/user/.m2/repository/org/apache/hadoop/hadoop-common/3.2.0/hadoop-common-3.2.0-tests.jar:/home/user/.m2/repository/org/apache/hadoop/hadoop-annotations/3.2.0/hadoop-annotations-3.2.0.jar:/usr/lib/jvm/java-1.8-openjdk/jre/../lib/tools.jar:/home/user/.m2/repository/commons-cli/commons-cli/1.2/commons-cli-1.2.jar:/home/user/.m2/repository/org/apache/httpcomponents/httpclient/4.5.2/httpclient-4.5.2.jar:/home/user/.m2/repository/org/apache/httpcomponents/httpcore/4.4.4/httpcore-4.4.4.jar:/home/user/.m2/repository/commons-codec/commons-codec/1.11/commons-codec-1.11.jar:/home/user/.m2/repository/commons-net/commons-net/3.6/commons-net-3.6.jar:/home/user/.m2/repository/commons-collections/commons-collections/3.2.2/commons-collections-3.2.2.jar:/home/user/.m2/repository/org/eclipse/jetty/jetty-servlet/9.3.24.v20180605/jetty-servlet-9.3.24.v20180605.jar:/home/user/.m2/repository/org/eclipse/jetty/jetty-security/9.3.24.v20180605/jetty-security-9.3.24.v20180605.jar:/home/user/.m2/repository/javax/servlet/jsp/jsp-api/2.1/jsp-api-2.1.jar:/home/user/.m2/repository/com/sun/jersey/jersey-servlet/1.19/jersey-servlet-1.19.jar:/home/user/.m2/repository/com/sun/jersey/jersey-json/1.19/jersey-json-1.19.jar:/home/user/.m2/repository/org/codehaus/jettison/jettison/1.1/jettison-1.1.jar:/home/user/.m2/repository/org/codehaus/jackson/jackson-core-asl/1.9.13/jackson-core-asl-1.9.13.jar:/home/user/.m2/repository/org/codehaus/jackson/jackson-mapper-asl/1.9.13/jackson-mapper-asl-1.9.13.jar:/home/user/.m2/repository/org/codehaus/jackson/jackson-jaxrs/1.9.13/jackson-jaxrs-1.9.13.jar:/home/user/.m2/repository/org/codehaus/jackson/jackson-xc/1.9.13/jackson-xc-1.9.13.jar:/home/user/.m2/repository/commons-logging/commons-logging/1.1.3/commons-logging-1.1.3.jar:/home/user/.m2/repository/commons-beanutils/commons-beanutils/1.9.3/commons-beanutils-1.9.3.jar:/home/user/.m2/repository/org/apache/commons/commons-configuration2/2.1.1/commons-configuration2-2.1.1.jar:/home/user/.m2/repository/org/apache/commons/commons-lang3/3.7/commons-lang3-3.7.jar:/home/user/.m2/repository/org/apache/commons/commons-text/1.4/commons-text-1.4.jar:/home/user/.m2/repository/org/apache/avro/avro/1.7.7/avro-1.7.7.jar:/home/user/.m2/repository/com/thoughtworks/paranamer/paranamer/2.3/paranamer-2.3.jar:/home/user/.m2/repository/org/xerial/snappy/snappy-java/1.0.5/snappy-java-1.0.5.jar:/home/user/.m2/repository/com/google/re2j/re2j/1.1/re2j-1.1.jar:/home/user/.m2/repository/com/google/code/gson/gson/2.2.4/gson-2.2.4.jar:/home/user/.m2/repository/com/jcraft/jsch/0.1.54/jsch-0.1.54.jar:/home/user/.m2/repository/org/apache/curator/curator-client/2.12.0/curator-client-2.12.0.jar:/home/user/.m2/repository/org/apache/curator/curator-recipes/2.12.0/curator-recipes-2.12.0.jar:/home/user/.m2/repository/com/google/code/findbugs/jsr305/3.0.0/jsr305-3.0.0.jar:/home/user/.m2/repository/org/apache/htrace/htrace-core4/4.1.0-incubating/htrace-core4-4.1.0-incubating.jar:/home/user/.m2/repository/org/apache/zookeeper/zookeeper/3.4.13/zookeeper-3.4.13.jar:/home/user/.m2/repository/org/apache/yetus/audience-annotations/0.5.0/audience-annotations-0.5.0.jar:/home/user/.m2/repository/org/codehaus/woodstox/stax2-api/3.1.4/stax2-api-3.1.4.jar:/home/user/.m2/repository/com/fasterxml/woodstox/woodstox-core/5.0.3/woodstox-core-5.0.3.jar:/home/user/.m2/repository/dnsjava/dnsjava/2.1.7/dnsjava-2.1.7.jar:/home/user/.m2/repository/org/apache/hadoop/hadoop-hdfs/3.2.0/hadoop-hdfs-3.2.0-tests.jar:/home/user/.m2/repository/org/eclipse/jetty/jetty-util-ajax/9.3.24.v20180605/jetty-util-ajax-9.3.24.v20180605.jar:/home/user/.m2/repository/commons-daemon/commons-daemon/1.0.13/commons-daemon-1.0.13.jar:/home/user/.m2/repository/io/netty/netty/3.10.5.Final/netty-3.10.5.Final.jar:/home/user/.m2/repository/io/netty/netty-all/4.0.52.Final/netty-all-4.0.52.Final.jar:/home/user/.m2/repository/org/fusesource/leveldbjni/leveldbjni-all/1.8/leveldbjni-all-1.8.jar:"/>
    <property name="sun.cpu.endian" value="little"/>
    <property name="user.home" value="/home/user"/>
    <property name="user.language" value="en"/>
    <property name="java.specification.vendor" value="Oracle Corporation"/>
    <property name="java.home" value="/usr/lib/jvm/java-1.8-openjdk/jre"/>
    <property name="java.security.krb5.conf" value="/workdir/hadoop-ozone/integration-test/target/test-classes/krb5.conf"/>
    <property name="basedir" value="/workdir/hadoop-ozone/integration-test"/>
    <property name="file.separator" value="/"/>
    <property name="line.separator" value="&#10;"/>
    <property name="java.vm.specification.vendor" value="Oracle Corporation"/>
    <property name="java.specification.name" value="Java Platform API Specification"/>
    <property name="java.awt.graphicsenv" value="sun.awt.X11GraphicsEnvironment"/>
    <property name="surefire.real.class.path" value="/workdir/hadoop-ozone/integration-test/target/surefire/surefirebooter5495031214209900693.jar"/>
    <property name="hadoop.log.dir" value="/workdir/hadoop-ozone/integration-test/target/log"/>
    <property name="sun.boot.class.path" value="/usr/lib/jvm/java-1.8-openjdk/jre/lib/resources.jar:/usr/lib/jvm/java-1.8-openjdk/jre/lib/rt.jar:/usr/lib/jvm/java-1.8-openjdk/jre/lib/sunrsasign.jar:/usr/lib/jvm/java-1.8-openjdk/jre/lib/jsse.jar:/usr/lib/jvm/java-1.8-openjdk/jre/lib/jce.jar:/usr/lib/jvm/java-1.8-openjdk/jre/lib/charsets.jar:/usr/lib/jvm/java-1.8-openjdk/jre/lib/jfr.jar:/usr/lib/jvm/java-1.8-openjdk/jre/classes"/>
    <property name="sun.management.compiler" value="HotSpot 64-Bit Tiered Compilers"/>
    <property name="java.runtime.version" value="1.8.0_212-b04"/>
    <property name="java.net.preferIPv4Stack" value="true"/>
    <property name="user.name" value="jenkins1000"/>
    <property name="path.separator" value=":"/>
    <property name="java.security.egd" value="file:///dev/urandom"/>
    <property name="os.version" value="3.10.0-957.12.2.el7.x86_64"/>
    <property name="java.endorsed.dirs" value="/usr/lib/jvm/java-1.8-openjdk/jre/lib/endorsed"/>
    <property name="java.runtime.name" value="OpenJDK Runtime Environment"/>
    <property name="file.encoding" value="UTF-8"/>
    <property name="java.vm.name" value="OpenJDK 64-Bit Server VM"/>
    <property name="test.build.webapps" value=""/>
    <property name="localRepository" value="/home/user/.m2/repository"/>
    <property name="java.vendor.url.bug" value="https://icedtea.classpath.org/bugzilla"/>
    <property name="java.io.tmpdir" value="/tmp"/>
    <property name="require.test.libhadoop" value=""/>
    <property name="java.version" value="1.8.0_212"/>
    <property name="user.dir" value="/workdir/hadoop-ozone/integration-test"/>
    <property name="os.arch" value="amd64"/>
    <property name="java.vm.specification.name" value="Java Virtual Machine Specification"/>
    <property name="test.build.classes" value="/workdir/hadoop-ozone/integration-test/target/test-classes"/>
    <property name="java.awt.printerjob" value="sun.print.PSPrinterJob"/>
    <property name="sun.os.patch.level" value="unknown"/>
    <property name="hadoop.tmp.dir" value="/workdir/hadoop-ozone/integration-test/target/tmp"/>
    <property name="java.library.path" value="/usr/lib/jvm/java-1.8-openjdk/jre/lib/amd64/server:/usr/lib/jvm/java-1.8-openjdk/jre/lib/amd64:/usr/lib/jvm/java-1.8-openjdk/jre/../lib/amd64:/workdir/hadoop-ozone/integration-test/target/native/target/usr/local/lib:/workdir/hadoop-ozone/integration-test/../../hadoop-common-project/hadoop-common/target/native/target/usr/local/lib:/usr/java/packages/lib/amd64:/usr/lib64:/lib64:/lib:/usr/lib"/>
    <property name="java.vm.info" value="mixed mode"/>
    <property name="java.vendor" value="IcedTea"/>
    <property name="java.vm.version" value="25.212-b04"/>
    <property name="java.ext.dirs" value="/usr/lib/jvm/java-1.8-openjdk/jre/lib/ext:/usr/java/packages/lib/ext"/>
    <property name="sun.io.unicode.encoding" value="UnicodeLittle"/>
    <property name="java.class.version" value="52.0"/>
  </properties>
  <testcase name="test2DatanodesFailure" classname="org.apache.hadoop.ozone.client.rpc.TestBlockOutputStreamWithFailures" time="105.263"/>
  <testcase name="testDatanodeFailureWithPreAllocation" classname="org.apache.hadoop.ozone.client.rpc.TestBlockOutputStreamWithFailures" time="226.821"/>
  <testcase name="testDatanodeFailureWithSingleNodeRatis" classname="org.apache.hadoop.ozone.client.rpc.TestBlockOutputStreamWithFailures" time="224.581"/>
  <testcase name="testWatchForCommitWithSingleNodeRatis" classname="org.apache.hadoop.ozone.client.rpc.TestBlockOutputStreamWithFailures" time="34.909"/>
  <testcase name="testWatchForCommitDatanodeFailure" classname="org.apache.hadoop.ozone.client.rpc.TestBlockOutputStreamWithFailures" time="49.985">
    <failure message="expected:&lt;2&gt; but was:&lt;3&gt;" type="java.lang.AssertionError"><![CDATA[java.lang.AssertionError: expected:<2> but was:<3>
	at org.junit.Assert.fail(Assert.java:88)
	at org.junit.Assert.failNotEquals(Assert.java:743)
	at org.junit.Assert.assertEquals(Assert.java:118)
	at org.junit.Assert.assertEquals(Assert.java:555)
	at org.junit.Assert.assertEquals(Assert.java:542)
	at org.apache.hadoop.ozone.client.rpc.TestBlockOutputStreamWithFailures.testWatchForCommitDatanodeFailure(TestBlockOutputStreamWithFailures.java:366)
	at sun.reflect.NativeMethodAccessorImpl.invoke0(Native Method)
	at sun.reflect.NativeMethodAccessorImpl.invoke(NativeMethodAccessorImpl.java:62)
	at sun.reflect.DelegatingMethodAccessorImpl.invoke(DelegatingMethodAccessorImpl.java:43)
	at java.lang.reflect.Method.invoke(Method.java:498)
	at org.junit.runners.model.FrameworkMethod$1.runReflectiveCall(FrameworkMethod.java:47)
	at org.junit.internal.runners.model.ReflectiveCallable.run(ReflectiveCallable.java:12)
	at org.junit.runners.model.FrameworkMethod.invokeExplosively(FrameworkMethod.java:44)
	at org.junit.internal.runners.statements.InvokeMethod.evaluate(InvokeMethod.java:17)
	at org.junit.internal.runners.statements.RunBefores.evaluate(RunBefores.java:26)
	at org.junit.internal.runners.statements.RunAfters.evaluate(RunAfters.java:27)
	at org.junit.runners.ParentRunner.runLeaf(ParentRunner.java:271)
	at org.junit.runners.BlockJUnit4ClassRunner.runChild(BlockJUnit4ClassRunner.java:70)
	at org.junit.runners.BlockJUnit4ClassRunner.runChild(BlockJUnit4ClassRunner.java:50)
	at org.junit.runners.ParentRunner$3.run(ParentRunner.java:238)
	at org.junit.runners.ParentRunner$1.schedule(ParentRunner.java:63)
	at org.junit.runners.ParentRunner.runChildren(ParentRunner.java:236)
	at org.junit.runners.ParentRunner.access$000(ParentRunner.java:53)
	at org.junit.runners.ParentRunner$2.evaluate(ParentRunner.java:229)
	at org.junit.runners.ParentRunner.run(ParentRunner.java:309)
	at org.apache.maven.surefire.junit4.JUnit4Provider.execute(JUnit4Provider.java:365)
	at org.apache.maven.surefire.junit4.JUnit4Provider.executeWithRerun(JUnit4Provider.java:273)
	at org.apache.maven.surefire.junit4.JUnit4Provider.executeTestSet(JUnit4Provider.java:238)
	at org.apache.maven.surefire.junit4.JUnit4Provider.invoke(JUnit4Provider.java:159)
	at org.apache.maven.surefire.booter.ForkedBooter.invokeProviderInSameClassLoader(ForkedBooter.java:384)
	at org.apache.maven.surefire.booter.ForkedBooter.runSuitesInProcess(ForkedBooter.java:345)
	at org.apache.maven.surefire.booter.ForkedBooter.execute(ForkedBooter.java:126)
	at org.apache.maven.surefire.booter.ForkedBooter.main(ForkedBooter.java:418)
]]></failure>
    <system-out><![CDATA[2019-09-04 05:29:35,212 [main] WARN  server.ServerUtils (ServerUtils.java:getScmDbDir(145)) - ozone.scm.db.dirs is not configured. We recommend adding this setting. Falling back to ozone.metadata.dirs instead.
2019-09-04 05:29:35,236 [main] WARN  server.ServerUtils (ServerUtils.java:getScmDbDir(145)) - ozone.scm.db.dirs is not configured. We recommend adding this setting. Falling back to ozone.metadata.dirs instead.
2019-09-04 05:29:35,236 [main] WARN  server.ServerUtils (ServerUtils.java:getScmDbDir(145)) - ozone.scm.db.dirs is not configured. We recommend adding this setting. Falling back to ozone.metadata.dirs instead.
2019-09-04 05:29:35,237 [main] INFO  db.DBStoreBuilder (DBStoreBuilder.java:addTable(110)) - using custom profile for table: deletedBlocks
2019-09-04 05:29:35,237 [main] INFO  db.DBStoreBuilder (DBStoreBuilder.java:processTables(161)) - Using default column profile:DBProfile.DISK for Table:deletedBlocks
2019-09-04 05:29:35,237 [main] INFO  db.DBStoreBuilder (DBStoreBuilder.java:addTable(110)) - using custom profile for table: validCerts
2019-09-04 05:29:35,237 [main] INFO  db.DBStoreBuilder (DBStoreBuilder.java:processTables(161)) - Using default column profile:DBProfile.DISK for Table:validCerts
2019-09-04 05:29:35,237 [main] INFO  db.DBStoreBuilder (DBStoreBuilder.java:addTable(110)) - using custom profile for table: revokedCerts
2019-09-04 05:29:35,238 [main] INFO  db.DBStoreBuilder (DBStoreBuilder.java:processTables(161)) - Using default column profile:DBProfile.DISK for Table:revokedCerts
2019-09-04 05:29:35,238 [main] INFO  db.DBStoreBuilder (DBStoreBuilder.java:addTable(110)) - using custom profile for table: default
2019-09-04 05:29:35,238 [main] INFO  db.DBStoreBuilder (DBStoreBuilder.java:processTables(167)) - Using default column profile:DBProfile.DISK for Table:default
2019-09-04 05:29:35,238 [main] INFO  db.DBStoreBuilder (DBStoreBuilder.java:getDbProfile(198)) - Using default options. DBProfile.DISK
2019-09-04 05:29:35,491 [main] INFO  net.NodeSchemaLoader (NodeSchemaLoader.java:loadSchemaFromFile(125)) - Loading file from sun.misc.CompoundEnumeration@284bdeed
2019-09-04 05:29:35,492 [main] INFO  net.NodeSchemaLoader (NodeSchemaLoader.java:loadSchema(171)) - Loading network topology layer schema file
2019-09-04 05:29:35,499 [main] INFO  node.SCMNodeManager (SCMNodeManager.java:<init>(114)) - Entering startup safe mode.
2019-09-04 05:29:35,500 [main] INFO  algorithms.ContainerPlacementPolicyFactory (ContainerPlacementPolicyFactory.java:getPolicy(55)) - Create container placement policy of type org.apache.hadoop.hdds.scm.container.placement.algorithms.SCMContainerPlacementRandom
2019-09-04 05:29:35,500 [main] WARN  server.ServerUtils (ServerUtils.java:getScmDbDir(145)) - ozone.scm.db.dirs is not configured. We recommend adding this setting. Falling back to ozone.metadata.dirs instead.
2019-09-04 05:29:35,596 [main] INFO  pipeline.SCMPipelineManager (SCMPipelineManager.java:initializePipelineState(128)) - No pipeline exists in current db
2019-09-04 05:29:35,597 [main] WARN  server.ServerUtils (ServerUtils.java:getScmDbDir(145)) - ozone.scm.db.dirs is not configured. We recommend adding this setting. Falling back to ozone.metadata.dirs instead.
2019-09-04 05:29:35,706 [main] WARN  events.EventQueue (EventQueue.java:fireEvent(183)) - No event handler registered for event TypedEvent{payloadType=SafeModeStatus, name='SafeModeStatus'}
2019-09-04 05:29:35,707 [main] INFO  ipc.CallQueueManager (CallQueueManager.java:<init>(84)) - Using callQueue: class java.util.concurrent.LinkedBlockingQueue, queueCapacity: 2000, scheduler: class org.apache.hadoop.ipc.DefaultRpcScheduler, ipcBackoff: false.
2019-09-04 05:29:35,708 [Socket Reader #1 for port 33172] INFO  ipc.Server (Server.java:run(1074)) - Starting Socket Reader #1 for port 33172
2019-09-04 05:29:35,710 [main] INFO  ipc.CallQueueManager (CallQueueManager.java:<init>(84)) - Using callQueue: class java.util.concurrent.LinkedBlockingQueue, queueCapacity: 2000, scheduler: class org.apache.hadoop.ipc.DefaultRpcScheduler, ipcBackoff: false.
2019-09-04 05:29:35,711 [Socket Reader #1 for port 45408] INFO  ipc.Server (Server.java:run(1074)) - Starting Socket Reader #1 for port 45408
2019-09-04 05:29:35,712 [main] INFO  ipc.CallQueueManager (CallQueueManager.java:<init>(84)) - Using callQueue: class java.util.concurrent.LinkedBlockingQueue, queueCapacity: 2000, scheduler: class org.apache.hadoop.ipc.DefaultRpcScheduler, ipcBackoff: false.
2019-09-04 05:29:35,713 [Socket Reader #1 for port 33445] INFO  ipc.Server (Server.java:run(1074)) - Starting Socket Reader #1 for port 33445
2019-09-04 05:29:35,716 [main] INFO  hdfs.DFSUtil (DFSUtil.java:httpServerTemplateForNNAndJN(1641)) - Starting Web-server for scm at: http://0.0.0.0:0
2019-09-04 05:29:35,718 [main] INFO  server.AuthenticationFilter (AuthenticationFilter.java:constructSecretProvider(240)) - Unable to initialize FileSignerSecretProvider, falling back to use random secrets.
2019-09-04 05:29:35,719 [main] WARN  http.HttpRequestLog (HttpRequestLog.java:getRequestLog(97)) - Jetty request log can only be enabled using Log4j
2019-09-04 05:29:35,721 [main] INFO  http.HttpServer2 (HttpServer2.java:addGlobalFilter(975)) - Added global filter 'safety' (class=org.apache.hadoop.http.HttpServer2$QuotingInputFilter)
2019-09-04 05:29:35,722 [main] INFO  http.HttpServer2 (HttpServer2.java:addFilter(948)) - Added filter static_user_filter (class=org.apache.hadoop.http.lib.StaticUserWebFilter$StaticUserFilter) to context scm
2019-09-04 05:29:35,722 [main] INFO  http.HttpServer2 (HttpServer2.java:addFilter(958)) - Added filter static_user_filter (class=org.apache.hadoop.http.lib.StaticUserWebFilter$StaticUserFilter) to context logs
2019-09-04 05:29:35,722 [main] INFO  http.HttpServer2 (HttpServer2.java:addFilter(958)) - Added filter static_user_filter (class=org.apache.hadoop.http.lib.StaticUserWebFilter$StaticUserFilter) to context static
2019-09-04 05:29:35,725 [main] INFO  server.StorageContainerManager (StorageContainerManager.java:start(759)) - StorageContainerLocationProtocol RPC server is listening at /0.0.0.0:33445
2019-09-04 05:29:35,727 [main] WARN  impl.MetricsConfig (MetricsConfig.java:loadFirst(134)) - Cannot locate configuration: tried hadoop-metrics2-storagecontainermanager.properties,hadoop-metrics2.properties
2019-09-04 05:29:35,728 [main] INFO  impl.MetricsSystemImpl (MetricsSystemImpl.java:startTimer(374)) - Scheduled Metric snapshot period at 10 second(s).
2019-09-04 05:29:35,728 [main] INFO  impl.MetricsSystemImpl (MetricsSystemImpl.java:start(191)) - StorageContainerManager metrics system started
2019-09-04 05:29:35,760 [main] WARN  impl.MetricsSystemImpl (MetricsSystemImpl.java:register(276)) - Sink prometheus already exists!
2019-09-04 05:29:35,806 [main] INFO  server.SCMClientProtocolServer (SCMClientProtocolServer.java:start(151)) - RPC server for Client  is listening at /0.0.0.0:33445
2019-09-04 05:29:35,807 [IPC Server Responder] INFO  ipc.Server (Server.java:run(1314)) - IPC Server Responder: starting
2019-09-04 05:29:35,807 [IPC Server listener on 33445] INFO  ipc.Server (Server.java:run(1153)) - IPC Server listener on 33445: starting
2019-09-04 05:29:35,811 [main] INFO  server.StorageContainerManager (StorageContainerManager.java:start(769)) - ScmBlockLocationProtocol RPC server is listening at /0.0.0.0:45408
2019-09-04 05:29:35,811 [main] INFO  server.SCMBlockProtocolServer (SCMBlockProtocolServer.java:start(146)) - RPC server for Block Protocol is listening at /0.0.0.0:45408
2019-09-04 05:29:35,811 [IPC Server Responder] INFO  ipc.Server (Server.java:run(1314)) - IPC Server Responder: starting
2019-09-04 05:29:35,812 [IPC Server listener on 45408] INFO  ipc.Server (Server.java:run(1153)) - IPC Server listener on 45408: starting
2019-09-04 05:29:35,815 [main] INFO  server.StorageContainerManager (StorageContainerManager.java:start(773)) - ScmDatanodeProtocl RPC server is listening at /0.0.0.0:33172
2019-09-04 05:29:35,815 [main] INFO  server.SCMDatanodeProtocolServer (SCMDatanodeProtocolServer.java:start(191)) - RPC server for DataNodes is listening at /0.0.0.0:33172
2019-09-04 05:29:35,815 [IPC Server Responder] INFO  ipc.Server (Server.java:run(1314)) - IPC Server Responder: starting
2019-09-04 05:29:35,816 [IPC Server listener on 33172] INFO  ipc.Server (Server.java:run(1153)) - IPC Server listener on 33172: starting
2019-09-04 05:29:35,819 [main] INFO  http.HttpServer2 (HttpServer2.java:bindListener(1191)) - Jetty bound to port 34102
2019-09-04 05:29:35,819 [main] INFO  server.Server (Server.java:doStart(351)) - jetty-9.3.24.v20180605, build timestamp: 2018-06-05T17:11:56Z, git hash: 84205aa28f11a4f31f2a3b86d1bba2cc8ab69827
2019-09-04 05:29:35,821 [main] INFO  handler.ContextHandler (ContextHandler.java:doStart(781)) - Started o.e.j.s.ServletContextHandler@4b9c411{/logs,file:///workdir/hadoop-ozone/integration-test/target/log,AVAILABLE}
2019-09-04 05:29:35,822 [main] INFO  handler.ContextHandler (ContextHandler.java:doStart(781)) - Started o.e.j.s.ServletContextHandler@66f5b8fe{/static,file:///workdir/hadoop-ozone/integration-test/target/test-classes/webapps/static,AVAILABLE}
2019-09-04 05:29:35,826 [main] INFO  handler.ContextHandler (ContextHandler.java:doStart(781)) - Started o.e.j.w.WebAppContext@52a7928a{/,file:///workdir/hadoop-ozone/integration-test/target/test-classes/webapps/scm/,AVAILABLE}{/scm}
2019-09-04 05:29:35,826 [main] INFO  server.AbstractConnector (AbstractConnector.java:doStart(278)) - Started ServerConnector@563ccd31{HTTP/1.1,[http/1.1]}{0.0.0.0:34102}
2019-09-04 05:29:35,827 [main] INFO  server.Server (Server.java:doStart(419)) - Started @592843ms
2019-09-04 05:29:35,827 [main] WARN  impl.MetricsSystemImpl (MetricsSystemImpl.java:register(276)) - Sink prometheus already exists!
2019-09-04 05:29:35,828 [main] INFO  server.BaseHttpServer (BaseHttpServer.java:updateConnectorAddress(215)) - HTTP server of SCM is listening at http://0.0.0.0:34102
2019-09-04 05:29:35,829 [main] WARN  server.ServerUtils (ServerUtils.java:getDBPath(222)) - ozone.om.db.dirs is not configured. We recommend adding this setting. Falling back to ozone.metadata.dirs instead.
2019-09-04 05:29:35,830 [org.apache.hadoop.util.JvmPauseMonitor$Monitor@478fb7dc] INFO  util.JvmPauseMonitor (JvmPauseMonitor.java:run(188)) - Starting JVM pause monitor
2019-09-04 05:29:35,854 [main] WARN  server.ServerUtils (ServerUtils.java:getDBPath(222)) - ozone.om.db.dirs is not configured. We recommend adding this setting. Falling back to ozone.metadata.dirs instead.
2019-09-04 05:29:35,854 [main] WARN  server.ServerUtils (ServerUtils.java:getDBPath(222)) - ozone.om.db.dirs is not configured. We recommend adding this setting. Falling back to ozone.metadata.dirs instead.
2019-09-04 05:29:35,855 [main] INFO  om.OzoneManager (OzoneManager.java:setOMNodeDetails(649)) - OM Service ID is not set. Setting it to the default ID: omServiceIdDefault
2019-09-04 05:29:35,855 [main] INFO  om.OzoneManager (OzoneManager.java:setOMNodeDetails(655)) - OM Node ID is not set. Setting it to the OmStorage's OmID: 5df27287-0e08-44ee-a257-d94b61f4e7d9
2019-09-04 05:29:35,855 [main] INFO  om.OzoneManager (OzoneManager.java:loadOMHAConfigs(606)) - Found matching OM address with OMServiceId: null, OMNodeId: null, RPC Address: localhost:0 and Ratis port: 9872
2019-09-04 05:29:35,862 [main] WARN  server.ServerUtils (ServerUtils.java:getDBPath(222)) - ozone.om.db.dirs is not configured. We recommend adding this setting. Falling back to ozone.metadata.dirs instead.
2019-09-04 05:29:35,863 [main] INFO  db.DBStoreBuilder (DBStoreBuilder.java:addTable(110)) - using custom profile for table: userTable
2019-09-04 05:29:35,863 [main] INFO  db.DBStoreBuilder (DBStoreBuilder.java:processTables(161)) - Using default column profile:DBProfile.DISK for Table:userTable
2019-09-04 05:29:35,863 [main] INFO  db.DBStoreBuilder (DBStoreBuilder.java:addTable(110)) - using custom profile for table: volumeTable
2019-09-04 05:29:35,863 [main] INFO  db.DBStoreBuilder (DBStoreBuilder.java:processTables(161)) - Using default column profile:DBProfile.DISK for Table:volumeTable
2019-09-04 05:29:35,864 [main] INFO  db.DBStoreBuilder (DBStoreBuilder.java:addTable(110)) - using custom profile for table: bucketTable
2019-09-04 05:29:35,864 [main] INFO  db.DBStoreBuilder (DBStoreBuilder.java:processTables(161)) - Using default column profile:DBProfile.DISK for Table:bucketTable
2019-09-04 05:29:35,864 [main] INFO  db.DBStoreBuilder (DBStoreBuilder.java:addTable(110)) - using custom profile for table: keyTable
2019-09-04 05:29:35,864 [main] INFO  db.DBStoreBuilder (DBStoreBuilder.java:processTables(161)) - Using default column profile:DBProfile.DISK for Table:keyTable
2019-09-04 05:29:35,865 [main] INFO  db.DBStoreBuilder (DBStoreBuilder.java:addTable(110)) - using custom profile for table: deletedTable
2019-09-04 05:29:35,865 [main] INFO  db.DBStoreBuilder (DBStoreBuilder.java:processTables(161)) - Using default column profile:DBProfile.DISK for Table:deletedTable
2019-09-04 05:29:35,865 [main] INFO  db.DBStoreBuilder (DBStoreBuilder.java:addTable(110)) - using custom profile for table: openKeyTable
2019-09-04 05:29:35,866 [main] INFO  db.DBStoreBuilder (DBStoreBuilder.java:processTables(161)) - Using default column profile:DBProfile.DISK for Table:openKeyTable
2019-09-04 05:29:35,866 [main] INFO  db.DBStoreBuilder (DBStoreBuilder.java:addTable(110)) - using custom profile for table: s3Table
2019-09-04 05:29:35,866 [main] INFO  db.DBStoreBuilder (DBStoreBuilder.java:processTables(161)) - Using default column profile:DBProfile.DISK for Table:s3Table
2019-09-04 05:29:35,866 [main] INFO  db.DBStoreBuilder (DBStoreBuilder.java:addTable(110)) - using custom profile for table: multipartInfoTable
2019-09-04 05:29:35,867 [main] INFO  db.DBStoreBuilder (DBStoreBuilder.java:processTables(161)) - Using default column profile:DBProfile.DISK for Table:multipartInfoTable
2019-09-04 05:29:35,867 [main] INFO  db.DBStoreBuilder (DBStoreBuilder.java:addTable(110)) - using custom profile for table: dTokenTable
2019-09-04 05:29:35,867 [main] INFO  db.DBStoreBuilder (DBStoreBuilder.java:processTables(161)) - Using default column profile:DBProfile.DISK for Table:dTokenTable
2019-09-04 05:29:35,868 [main] INFO  db.DBStoreBuilder (DBStoreBuilder.java:addTable(110)) - using custom profile for table: s3SecretTable
2019-09-04 05:29:35,868 [main] INFO  db.DBStoreBuilder (DBStoreBuilder.java:processTables(161)) - Using default column profile:DBProfile.DISK for Table:s3SecretTable
2019-09-04 05:29:35,868 [main] INFO  db.DBStoreBuilder (DBStoreBuilder.java:addTable(110)) - using custom profile for table: prefixTable
2019-09-04 05:29:35,868 [main] INFO  db.DBStoreBuilder (DBStoreBuilder.java:processTables(161)) - Using default column profile:DBProfile.DISK for Table:prefixTable
2019-09-04 05:29:35,869 [main] INFO  db.DBStoreBuilder (DBStoreBuilder.java:addTable(110)) - using custom profile for table: default
2019-09-04 05:29:35,869 [main] INFO  db.DBStoreBuilder (DBStoreBuilder.java:processTables(167)) - Using default column profile:DBProfile.DISK for Table:default
2019-09-04 05:29:35,869 [main] INFO  db.DBStoreBuilder (DBStoreBuilder.java:getDbProfile(198)) - Using default options. DBProfile.DISK
2019-09-04 05:29:36,582 [main] INFO  ipc.CallQueueManager (CallQueueManager.java:<init>(84)) - Using callQueue: class java.util.concurrent.LinkedBlockingQueue, queueCapacity: 2000, scheduler: class org.apache.hadoop.ipc.DefaultRpcScheduler, ipcBackoff: false.
2019-09-04 05:29:36,583 [Socket Reader #1 for port 39370] INFO  ipc.Server (Server.java:run(1074)) - Starting Socket Reader #1 for port 39370
2019-09-04 05:29:36,598 [main] INFO  om.OzoneManager (OzoneManager.java:start(1240)) - OzoneManager RPC server is listening at localhost/127.0.0.1:39370
2019-09-04 05:29:36,599 [main] INFO  impl.MetricsSystemImpl (MetricsSystemImpl.java:init(158)) - OzoneManager metrics system started (again)
2019-09-04 05:29:36,599 [IPC Server listener on 39370] INFO  ipc.Server (Server.java:run(1153)) - IPC Server listener on 39370: starting
2019-09-04 05:29:36,599 [IPC Server Responder] INFO  ipc.Server (Server.java:run(1314)) - IPC Server Responder: starting
2019-09-04 05:29:36,605 [main] INFO  hdfs.DFSUtil (DFSUtil.java:httpServerTemplateForNNAndJN(1641)) - Starting Web-server for ozoneManager at: http://0.0.0.0:0
2019-09-04 05:29:36,607 [main] INFO  server.AuthenticationFilter (AuthenticationFilter.java:constructSecretProvider(240)) - Unable to initialize FileSignerSecretProvider, falling back to use random secrets.
2019-09-04 05:29:36,608 [main] WARN  http.HttpRequestLog (HttpRequestLog.java:getRequestLog(97)) - Jetty request log can only be enabled using Log4j
2019-09-04 05:29:36,610 [main] INFO  http.HttpServer2 (HttpServer2.java:addGlobalFilter(975)) - Added global filter 'safety' (class=org.apache.hadoop.http.HttpServer2$QuotingInputFilter)
2019-09-04 05:29:36,611 [main] INFO  http.HttpServer2 (HttpServer2.java:addFilter(948)) - Added filter static_user_filter (class=org.apache.hadoop.http.lib.StaticUserWebFilter$StaticUserFilter) to context ozoneManager
2019-09-04 05:29:36,611 [main] INFO  http.HttpServer2 (HttpServer2.java:addFilter(958)) - Added filter static_user_filter (class=org.apache.hadoop.http.lib.StaticUserWebFilter$StaticUserFilter) to context logs
2019-09-04 05:29:36,612 [main] INFO  http.HttpServer2 (HttpServer2.java:addFilter(958)) - Added filter static_user_filter (class=org.apache.hadoop.http.lib.StaticUserWebFilter$StaticUserFilter) to context static
2019-09-04 05:29:36,613 [main] INFO  http.HttpServer2 (HttpServer2.java:bindListener(1191)) - Jetty bound to port 41706
2019-09-04 05:29:36,613 [main] INFO  server.Server (Server.java:doStart(351)) - jetty-9.3.24.v20180605, build timestamp: 2018-06-05T17:11:56Z, git hash: 84205aa28f11a4f31f2a3b86d1bba2cc8ab69827
2019-09-04 05:29:36,615 [main] INFO  handler.ContextHandler (ContextHandler.java:doStart(781)) - Started o.e.j.s.ServletContextHandler@6da54910{/logs,file:///workdir/hadoop-ozone/integration-test/target/log,AVAILABLE}
2019-09-04 05:29:36,616 [main] INFO  handler.ContextHandler (ContextHandler.java:doStart(781)) - Started o.e.j.s.ServletContextHandler@24134cbc{/static,file:///workdir/hadoop-ozone/integration-test/target/test-classes/webapps/static,AVAILABLE}
2019-09-04 05:29:36,621 [main] INFO  handler.ContextHandler (ContextHandler.java:doStart(781)) - Started o.e.j.w.WebAppContext@22a6d75c{/,file:///workdir/hadoop-ozone/integration-test/target/test-classes/webapps/ozoneManager/,AVAILABLE}{/ozoneManager}
2019-09-04 05:29:36,621 [main] INFO  server.AbstractConnector (AbstractConnector.java:doStart(278)) - Started ServerConnector@5a9840f3{HTTP/1.1,[http/1.1]}{0.0.0.0:41706}
2019-09-04 05:29:36,623 [main] INFO  server.Server (Server.java:doStart(419)) - Started @593638ms
2019-09-04 05:29:36,623 [main] WARN  impl.MetricsSystemImpl (MetricsSystemImpl.java:register(276)) - Sink prometheus already exists!
2019-09-04 05:29:36,624 [main] INFO  server.BaseHttpServer (BaseHttpServer.java:updateConnectorAddress(215)) - HTTP server of OZONEMANAGER is listening at http://0.0.0.0:41706
2019-09-04 05:29:36,642 [main] INFO  impl.MetricsSystemImpl (MetricsSystemImpl.java:init(158)) - HddsDatanode metrics system started (again)
2019-09-04 05:29:36,646 [main] INFO  ozone.HddsDatanodeService (HddsDatanodeService.java:start(184)) - HddsDatanodeService host:trunk-nightly-20190904-cdstp-2721877886 ip:192.168.69.71
2019-09-04 05:29:36,653 [main] INFO  volume.HddsVolume (HddsVolume.java:<init>(176)) - Creating Volume: /workdir/hadoop-ozone/integration-test/target/test-dir/MiniOzoneClusterImpl-58a0207e-7756-41d3-9e8c-a97c8f82cfe0/datanode-0/data/containers/hdds of  storage type : DISK and capacity : 1482555576320
2019-09-04 05:29:36,653 [main] INFO  volume.VolumeSet (VolumeSet.java:initializeVolumeSet(170)) - Added Volume : /workdir/hadoop-ozone/integration-test/target/test-dir/MiniOzoneClusterImpl-58a0207e-7756-41d3-9e8c-a97c8f82cfe0/datanode-0/data/containers/hdds to VolumeSet
2019-09-04 05:29:36,653 [main] INFO  volume.ThrottledAsyncChecker (ThrottledAsyncChecker.java:schedule(140)) - Scheduling a check for org.apache.hadoop.ozone.container.common.volume.HddsVolume@8b13d91
2019-09-04 05:29:36,654 [main] INFO  volume.HddsVolumeChecker (HddsVolumeChecker.java:checkAllVolumes(203)) - Scheduled health check for volume org.apache.hadoop.ozone.container.common.volume.HddsVolume@8b13d91
2019-09-04 05:29:36,672 [main] INFO  impl.RaftServerProxy (ConfUtils.java:logGet(43)) - raft.rpc.type = GRPC (default)
2019-09-04 05:29:36,673 [main] INFO  grpc.GrpcFactory (GrpcFactory.java:checkPooledByteBufAllocatorUseCacheForAllThreads(45)) - PERFORMANCE WARNING: useCacheForAllThreads is true that may cause Netty to create a lot garbage objects and, as a result, trigger GC.
	It is recommended to disable useCacheForAllThreads by setting -Dorg.apache.ratis.thirdparty.io.netty.allocator.useCacheForAllThreads=false in command line.
2019-09-04 05:29:36,673 [main] INFO  grpc.GrpcConfigKeys$Server (ConfUtils.java:logGet(43)) - raft.grpc.server.port = 0 (default)
2019-09-04 05:29:36,673 [main] INFO  server.GrpcService (ConfUtils.java:logGet(43)) - raft.grpc.message.size.max = 33570816 (custom)
2019-09-04 05:29:36,674 [main] INFO  server.RaftServerConfigKeys (ConfUtils.java:logGet(43)) - raft.server.log.appender.buffer.byte-limit = 33554432 (custom)
2019-09-04 05:29:36,674 [main] INFO  server.GrpcService (ConfUtils.java:logGet(43)) - raft.grpc.flow.control.window = 1MB (=1048576) (default)
2019-09-04 05:29:36,674 [main] INFO  server.RaftServerConfigKeys (ConfUtils.java:logGet(43)) - raft.server.rpc.request.timeout = 3000ms (default)
2019-09-04 05:29:36,675 [main] INFO  server.RaftServerConfigKeys (ConfUtils.java:logGet(43)) - raft.server.storage.dir = [/workdir/hadoop-ozone/integration-test/target/test-dir/MiniOzoneClusterImpl-58a0207e-7756-41d3-9e8c-a97c8f82cfe0/datanode-0/data/ratis] (custom)
2019-09-04 05:29:36,676 [main] INFO  hdfs.DFSUtil (DFSUtil.java:httpServerTemplateForNNAndJN(1641)) - Starting Web-server for hddsDatanode at: http://0.0.0.0:0
2019-09-04 05:29:36,678 [main] INFO  server.AuthenticationFilter (AuthenticationFilter.java:constructSecretProvider(240)) - Unable to initialize FileSignerSecretProvider, falling back to use random secrets.
2019-09-04 05:29:36,678 [main] WARN  http.HttpRequestLog (HttpRequestLog.java:getRequestLog(97)) - Jetty request log can only be enabled using Log4j
2019-09-04 05:29:36,680 [main] INFO  http.HttpServer2 (HttpServer2.java:addGlobalFilter(975)) - Added global filter 'safety' (class=org.apache.hadoop.http.HttpServer2$QuotingInputFilter)
2019-09-04 05:29:36,680 [main] INFO  http.HttpServer2 (HttpServer2.java:addFilter(948)) - Added filter static_user_filter (class=org.apache.hadoop.http.lib.StaticUserWebFilter$StaticUserFilter) to context hddsDatanode
2019-09-04 05:29:36,680 [main] INFO  http.HttpServer2 (HttpServer2.java:addFilter(958)) - Added filter static_user_filter (class=org.apache.hadoop.http.lib.StaticUserWebFilter$StaticUserFilter) to context logs
2019-09-04 05:29:36,681 [main] INFO  http.HttpServer2 (HttpServer2.java:addFilter(958)) - Added filter static_user_filter (class=org.apache.hadoop.http.lib.StaticUserWebFilter$StaticUserFilter) to context static
2019-09-04 05:29:36,681 [main] INFO  http.HttpServer2 (HttpServer2.java:bindListener(1191)) - Jetty bound to port 41309
2019-09-04 05:29:36,682 [main] INFO  server.Server (Server.java:doStart(351)) - jetty-9.3.24.v20180605, build timestamp: 2018-06-05T17:11:56Z, git hash: 84205aa28f11a4f31f2a3b86d1bba2cc8ab69827
2019-09-04 05:29:36,684 [main] INFO  handler.ContextHandler (ContextHandler.java:doStart(781)) - Started o.e.j.s.ServletContextHandler@2f2e4bde{/logs,file:///workdir/hadoop-ozone/integration-test/target/log,AVAILABLE}
2019-09-04 05:29:36,684 [main] INFO  handler.ContextHandler (ContextHandler.java:doStart(781)) - Started o.e.j.s.ServletContextHandler@538a2f0e{/static,jar:file:/home/user/.m2/repository/org/apache/hadoop/hadoop-hdds-container-service/0.5.0-SNAPSHOT/hadoop-hdds-container-service-0.5.0-SNAPSHOT.jar!/webapps/static,AVAILABLE}
2019-09-04 05:29:36,729 [main] INFO  handler.ContextHandler (ContextHandler.java:doStart(781)) - Started o.e.j.w.WebAppContext@37c7766e{/,file:///tmp/jetty-0.0.0.0-41309-hddsDatanode-_-any-223985014479569607.dir/webapp/,AVAILABLE}{/hddsDatanode}
2019-09-04 05:29:36,729 [main] INFO  server.AbstractConnector (AbstractConnector.java:doStart(278)) - Started ServerConnector@3fb450d7{HTTP/1.1,[http/1.1]}{0.0.0.0:41309}
2019-09-04 05:29:36,730 [main] INFO  server.Server (Server.java:doStart(419)) - Started @593746ms
2019-09-04 05:29:36,730 [main] WARN  impl.MetricsSystemImpl (MetricsSystemImpl.java:register(276)) - Sink prometheus already exists!
2019-09-04 05:29:36,731 [main] INFO  server.BaseHttpServer (BaseHttpServer.java:updateConnectorAddress(215)) - HTTP server of HDDSDATANODE is listening at http://0.0.0.0:41309
2019-09-04 05:29:36,732 [main] INFO  impl.MetricsSystemImpl (MetricsSystemImpl.java:init(158)) - HddsDatanode metrics system started (again)
2019-09-04 05:29:36,735 [org.apache.hadoop.util.JvmPauseMonitor$Monitor@1d3ddc95] INFO  util.JvmPauseMonitor (JvmPauseMonitor.java:run(188)) - Starting JVM pause monitor
2019-09-04 05:29:36,735 [main] INFO  ozone.HddsDatanodeService (HddsDatanodeService.java:start(184)) - HddsDatanodeService host:trunk-nightly-20190904-cdstp-2721877886 ip:192.168.69.71
2019-09-04 05:29:36,737 [Datanode State Machine Thread - 0] INFO  datanode.InitDatanodeState (InitDatanodeState.java:persistContainerDatanodeDetails(140)) - DatanodeDetails is persisted to /workdir/hadoop-ozone/integration-test/target/test-dir/MiniOzoneClusterImpl-58a0207e-7756-41d3-9e8c-a97c8f82cfe0/datanode-0/meta/datanode.id
2019-09-04 05:29:36,742 [main] INFO  volume.HddsVolume (HddsVolume.java:<init>(176)) - Creating Volume: /workdir/hadoop-ozone/integration-test/target/test-dir/MiniOzoneClusterImpl-58a0207e-7756-41d3-9e8c-a97c8f82cfe0/datanode-1/data/containers/hdds of  storage type : DISK and capacity : 1482555576320
2019-09-04 05:29:36,742 [main] INFO  volume.VolumeSet (VolumeSet.java:initializeVolumeSet(170)) - Added Volume : /workdir/hadoop-ozone/integration-test/target/test-dir/MiniOzoneClusterImpl-58a0207e-7756-41d3-9e8c-a97c8f82cfe0/datanode-1/data/containers/hdds to VolumeSet
2019-09-04 05:29:36,743 [main] INFO  volume.ThrottledAsyncChecker (ThrottledAsyncChecker.java:schedule(140)) - Scheduling a check for org.apache.hadoop.ozone.container.common.volume.HddsVolume@3caee3a8
2019-09-04 05:29:36,743 [main] INFO  volume.HddsVolumeChecker (HddsVolumeChecker.java:checkAllVolumes(203)) - Scheduled health check for volume org.apache.hadoop.ozone.container.common.volume.HddsVolume@3caee3a8
2019-09-04 05:29:36,761 [main] INFO  impl.RaftServerProxy (ConfUtils.java:logGet(43)) - raft.rpc.type = GRPC (default)
2019-09-04 05:29:36,761 [main] INFO  grpc.GrpcFactory (GrpcFactory.java:checkPooledByteBufAllocatorUseCacheForAllThreads(45)) - PERFORMANCE WARNING: useCacheForAllThreads is true that may cause Netty to create a lot garbage objects and, as a result, trigger GC.
	It is recommended to disable useCacheForAllThreads by setting -Dorg.apache.ratis.thirdparty.io.netty.allocator.useCacheForAllThreads=false in command line.
2019-09-04 05:29:36,762 [main] INFO  grpc.GrpcConfigKeys$Server (ConfUtils.java:logGet(43)) - raft.grpc.server.port = 0 (default)
2019-09-04 05:29:36,762 [main] INFO  server.GrpcService (ConfUtils.java:logGet(43)) - raft.grpc.message.size.max = 33570816 (custom)
2019-09-04 05:29:36,762 [main] INFO  server.RaftServerConfigKeys (ConfUtils.java:logGet(43)) - raft.server.log.appender.buffer.byte-limit = 33554432 (custom)
2019-09-04 05:29:36,762 [main] INFO  server.GrpcService (ConfUtils.java:logGet(43)) - raft.grpc.flow.control.window = 1MB (=1048576) (default)
2019-09-04 05:29:36,763 [main] INFO  server.RaftServerConfigKeys (ConfUtils.java:logGet(43)) - raft.server.rpc.request.timeout = 3000ms (default)
2019-09-04 05:29:36,763 [main] INFO  server.RaftServerConfigKeys (ConfUtils.java:logGet(43)) - raft.server.storage.dir = [/workdir/hadoop-ozone/integration-test/target/test-dir/MiniOzoneClusterImpl-58a0207e-7756-41d3-9e8c-a97c8f82cfe0/datanode-1/data/ratis] (custom)
2019-09-04 05:29:36,764 [main] INFO  hdfs.DFSUtil (DFSUtil.java:httpServerTemplateForNNAndJN(1641)) - Starting Web-server for hddsDatanode at: http://0.0.0.0:0
2019-09-04 05:29:36,766 [main] INFO  server.AuthenticationFilter (AuthenticationFilter.java:constructSecretProvider(240)) - Unable to initialize FileSignerSecretProvider, falling back to use random secrets.
2019-09-04 05:29:36,766 [main] WARN  http.HttpRequestLog (HttpRequestLog.java:getRequestLog(97)) - Jetty request log can only be enabled using Log4j
2019-09-04 05:29:36,768 [main] INFO  http.HttpServer2 (HttpServer2.java:addGlobalFilter(975)) - Added global filter 'safety' (class=org.apache.hadoop.http.HttpServer2$QuotingInputFilter)
2019-09-04 05:29:36,768 [main] INFO  http.HttpServer2 (HttpServer2.java:addFilter(948)) - Added filter static_user_filter (class=org.apache.hadoop.http.lib.StaticUserWebFilter$StaticUserFilter) to context hddsDatanode
2019-09-04 05:29:36,769 [main] INFO  http.HttpServer2 (HttpServer2.java:addFilter(958)) - Added filter static_user_filter (class=org.apache.hadoop.http.lib.StaticUserWebFilter$StaticUserFilter) to context static
2019-09-04 05:29:36,769 [main] INFO  http.HttpServer2 (HttpServer2.java:addFilter(958)) - Added filter static_user_filter (class=org.apache.hadoop.http.lib.StaticUserWebFilter$StaticUserFilter) to context logs
2019-09-04 05:29:36,770 [main] INFO  http.HttpServer2 (HttpServer2.java:bindListener(1191)) - Jetty bound to port 43947
2019-09-04 05:29:36,770 [main] INFO  server.Server (Server.java:doStart(351)) - jetty-9.3.24.v20180605, build timestamp: 2018-06-05T17:11:56Z, git hash: 84205aa28f11a4f31f2a3b86d1bba2cc8ab69827
2019-09-04 05:29:36,772 [main] INFO  handler.ContextHandler (ContextHandler.java:doStart(781)) - Started o.e.j.s.ServletContextHandler@64f4f12{/logs,file:///workdir/hadoop-ozone/integration-test/target/log,AVAILABLE}
2019-09-04 05:29:36,772 [main] INFO  handler.ContextHandler (ContextHandler.java:doStart(781)) - Started o.e.j.s.ServletContextHandler@7d0cd23c{/static,jar:file:/home/user/.m2/repository/org/apache/hadoop/hadoop-hdds-container-service/0.5.0-SNAPSHOT/hadoop-hdds-container-service-0.5.0-SNAPSHOT.jar!/webapps/static,AVAILABLE}
2019-09-04 05:29:36,805 [main] INFO  handler.ContextHandler (ContextHandler.java:doStart(781)) - Started o.e.j.w.WebAppContext@6075b369{/,file:///tmp/jetty-0.0.0.0-43947-hddsDatanode-_-any-7170160695397922472.dir/webapp/,AVAILABLE}{/hddsDatanode}
2019-09-04 05:29:36,805 [main] INFO  server.AbstractConnector (AbstractConnector.java:doStart(278)) - Started ServerConnector@231cdda8{HTTP/1.1,[http/1.1]}{0.0.0.0:43947}
2019-09-04 05:29:36,806 [main] INFO  server.Server (Server.java:doStart(419)) - Started @593821ms
2019-09-04 05:29:36,806 [main] WARN  impl.MetricsSystemImpl (MetricsSystemImpl.java:register(276)) - Sink prometheus already exists!
2019-09-04 05:29:36,807 [main] INFO  server.BaseHttpServer (BaseHttpServer.java:updateConnectorAddress(215)) - HTTP server of HDDSDATANODE is listening at http://0.0.0.0:43947
2019-09-04 05:29:36,807 [main] INFO  impl.MetricsSystemImpl (MetricsSystemImpl.java:init(158)) - HddsDatanode metrics system started (again)
2019-09-04 05:29:36,810 [org.apache.hadoop.util.JvmPauseMonitor$Monitor@47b5b6b3] INFO  util.JvmPauseMonitor (JvmPauseMonitor.java:run(188)) - Starting JVM pause monitor
2019-09-04 05:29:36,810 [main] INFO  ozone.HddsDatanodeService (HddsDatanodeService.java:start(184)) - HddsDatanodeService host:trunk-nightly-20190904-cdstp-2721877886 ip:192.168.69.71
2019-09-04 05:29:36,812 [Datanode State Machine Thread - 0] INFO  datanode.InitDatanodeState (InitDatanodeState.java:persistContainerDatanodeDetails(140)) - DatanodeDetails is persisted to /workdir/hadoop-ozone/integration-test/target/test-dir/MiniOzoneClusterImpl-58a0207e-7756-41d3-9e8c-a97c8f82cfe0/datanode-1/meta/datanode.id
2019-09-04 05:29:36,817 [main] INFO  volume.HddsVolume (HddsVolume.java:<init>(176)) - Creating Volume: /workdir/hadoop-ozone/integration-test/target/test-dir/MiniOzoneClusterImpl-58a0207e-7756-41d3-9e8c-a97c8f82cfe0/datanode-2/data/containers/hdds of  storage type : DISK and capacity : 1482555576320
2019-09-04 05:29:36,818 [main] INFO  volume.VolumeSet (VolumeSet.java:initializeVolumeSet(170)) - Added Volume : /workdir/hadoop-ozone/integration-test/target/test-dir/MiniOzoneClusterImpl-58a0207e-7756-41d3-9e8c-a97c8f82cfe0/datanode-2/data/containers/hdds to VolumeSet
2019-09-04 05:29:36,818 [main] INFO  volume.ThrottledAsyncChecker (ThrottledAsyncChecker.java:schedule(140)) - Scheduling a check for org.apache.hadoop.ozone.container.common.volume.HddsVolume@2bec068b
2019-09-04 05:29:36,818 [main] INFO  volume.HddsVolumeChecker (HddsVolumeChecker.java:checkAllVolumes(203)) - Scheduled health check for volume org.apache.hadoop.ozone.container.common.volume.HddsVolume@2bec068b
2019-09-04 05:29:36,832 [main] INFO  impl.RaftServerProxy (ConfUtils.java:logGet(43)) - raft.rpc.type = GRPC (default)
2019-09-04 05:29:36,832 [main] INFO  grpc.GrpcFactory (GrpcFactory.java:checkPooledByteBufAllocatorUseCacheForAllThreads(45)) - PERFORMANCE WARNING: useCacheForAllThreads is true that may cause Netty to create a lot garbage objects and, as a result, trigger GC.
	It is recommended to disable useCacheForAllThreads by setting -Dorg.apache.ratis.thirdparty.io.netty.allocator.useCacheForAllThreads=false in command line.
2019-09-04 05:29:36,832 [main] INFO  grpc.GrpcConfigKeys$Server (ConfUtils.java:logGet(43)) - raft.grpc.server.port = 0 (default)
2019-09-04 05:29:36,832 [main] INFO  server.GrpcService (ConfUtils.java:logGet(43)) - raft.grpc.message.size.max = 33570816 (custom)
2019-09-04 05:29:36,833 [main] INFO  server.RaftServerConfigKeys (ConfUtils.java:logGet(43)) - raft.server.log.appender.buffer.byte-limit = 33554432 (custom)
2019-09-04 05:29:36,833 [main] INFO  server.GrpcService (ConfUtils.java:logGet(43)) - raft.grpc.flow.control.window = 1MB (=1048576) (default)
2019-09-04 05:29:36,833 [main] INFO  server.RaftServerConfigKeys (ConfUtils.java:logGet(43)) - raft.server.rpc.request.timeout = 3000ms (default)
2019-09-04 05:29:36,833 [main] INFO  server.RaftServerConfigKeys (ConfUtils.java:logGet(43)) - raft.server.storage.dir = [/workdir/hadoop-ozone/integration-test/target/test-dir/MiniOzoneClusterImpl-58a0207e-7756-41d3-9e8c-a97c8f82cfe0/datanode-2/data/ratis] (custom)
2019-09-04 05:29:36,834 [main] INFO  hdfs.DFSUtil (DFSUtil.java:httpServerTemplateForNNAndJN(1641)) - Starting Web-server for hddsDatanode at: http://0.0.0.0:0
2019-09-04 05:29:36,835 [main] INFO  server.AuthenticationFilter (AuthenticationFilter.java:constructSecretProvider(240)) - Unable to initialize FileSignerSecretProvider, falling back to use random secrets.
2019-09-04 05:29:36,836 [main] WARN  http.HttpRequestLog (HttpRequestLog.java:getRequestLog(97)) - Jetty request log can only be enabled using Log4j
2019-09-04 05:29:36,837 [main] INFO  http.HttpServer2 (HttpServer2.java:addGlobalFilter(975)) - Added global filter 'safety' (class=org.apache.hadoop.http.HttpServer2$QuotingInputFilter)
2019-09-04 05:29:36,838 [main] INFO  http.HttpServer2 (HttpServer2.java:addFilter(948)) - Added filter static_user_filter (class=org.apache.hadoop.http.lib.StaticUserWebFilter$StaticUserFilter) to context hddsDatanode
2019-09-04 05:29:36,838 [main] INFO  http.HttpServer2 (HttpServer2.java:addFilter(958)) - Added filter static_user_filter (class=org.apache.hadoop.http.lib.StaticUserWebFilter$StaticUserFilter) to context static
2019-09-04 05:29:36,838 [main] INFO  http.HttpServer2 (HttpServer2.java:addFilter(958)) - Added filter static_user_filter (class=org.apache.hadoop.http.lib.StaticUserWebFilter$StaticUserFilter) to context logs
2019-09-04 05:29:36,839 [main] INFO  http.HttpServer2 (HttpServer2.java:bindListener(1191)) - Jetty bound to port 36123
2019-09-04 05:29:36,839 [main] INFO  server.Server (Server.java:doStart(351)) - jetty-9.3.24.v20180605, build timestamp: 2018-06-05T17:11:56Z, git hash: 84205aa28f11a4f31f2a3b86d1bba2cc8ab69827
2019-09-04 05:29:36,840 [main] INFO  handler.ContextHandler (ContextHandler.java:doStart(781)) - Started o.e.j.s.ServletContextHandler@6f50d55c{/logs,file:///workdir/hadoop-ozone/integration-test/target/log,AVAILABLE}
2019-09-04 05:29:36,841 [main] INFO  handler.ContextHandler (ContextHandler.java:doStart(781)) - Started o.e.j.s.ServletContextHandler@5fb3111a{/static,jar:file:/home/user/.m2/repository/org/apache/hadoop/hadoop-hdds-container-service/0.5.0-SNAPSHOT/hadoop-hdds-container-service-0.5.0-SNAPSHOT.jar!/webapps/static,AVAILABLE}
2019-09-04 05:29:36,867 [main] INFO  handler.ContextHandler (ContextHandler.java:doStart(781)) - Started o.e.j.w.WebAppContext@31ab1e67{/,file:///tmp/jetty-0.0.0.0-36123-hddsDatanode-_-any-7389410879138586406.dir/webapp/,AVAILABLE}{/hddsDatanode}
2019-09-04 05:29:36,867 [main] INFO  server.AbstractConnector (AbstractConnector.java:doStart(278)) - Started ServerConnector@29bbc391{HTTP/1.1,[http/1.1]}{0.0.0.0:36123}
2019-09-04 05:29:36,868 [main] INFO  server.Server (Server.java:doStart(419)) - Started @593883ms
2019-09-04 05:29:36,869 [main] WARN  impl.MetricsSystemImpl (MetricsSystemImpl.java:register(276)) - Sink prometheus already exists!
2019-09-04 05:29:36,870 [main] INFO  server.BaseHttpServer (BaseHttpServer.java:updateConnectorAddress(215)) - HTTP server of HDDSDATANODE is listening at http://0.0.0.0:36123
2019-09-04 05:29:36,870 [main] INFO  impl.MetricsSystemImpl (MetricsSystemImpl.java:init(158)) - HddsDatanode metrics system started (again)
2019-09-04 05:29:36,873 [org.apache.hadoop.util.JvmPauseMonitor$Monitor@25c55b4a] INFO  util.JvmPauseMonitor (JvmPauseMonitor.java:run(188)) - Starting JVM pause monitor
2019-09-04 05:29:36,873 [main] INFO  ozone.HddsDatanodeService (HddsDatanodeService.java:start(184)) - HddsDatanodeService host:trunk-nightly-20190904-cdstp-2721877886 ip:192.168.69.71
2019-09-04 05:29:36,875 [Datanode State Machine Thread - 0] INFO  datanode.InitDatanodeState (InitDatanodeState.java:persistContainerDatanodeDetails(140)) - DatanodeDetails is persisted to /workdir/hadoop-ozone/integration-test/target/test-dir/MiniOzoneClusterImpl-58a0207e-7756-41d3-9e8c-a97c8f82cfe0/datanode-2/meta/datanode.id
2019-09-04 05:29:36,881 [main] INFO  volume.HddsVolume (HddsVolume.java:<init>(176)) - Creating Volume: /workdir/hadoop-ozone/integration-test/target/test-dir/MiniOzoneClusterImpl-58a0207e-7756-41d3-9e8c-a97c8f82cfe0/datanode-3/data/containers/hdds of  storage type : DISK and capacity : 1482555576320
2019-09-04 05:29:36,881 [main] INFO  volume.VolumeSet (VolumeSet.java:initializeVolumeSet(170)) - Added Volume : /workdir/hadoop-ozone/integration-test/target/test-dir/MiniOzoneClusterImpl-58a0207e-7756-41d3-9e8c-a97c8f82cfe0/datanode-3/data/containers/hdds to VolumeSet
2019-09-04 05:29:36,881 [main] INFO  volume.ThrottledAsyncChecker (ThrottledAsyncChecker.java:schedule(140)) - Scheduling a check for org.apache.hadoop.ozone.container.common.volume.HddsVolume@32ae8f27
2019-09-04 05:29:36,882 [main] INFO  volume.HddsVolumeChecker (HddsVolumeChecker.java:checkAllVolumes(203)) - Scheduled health check for volume org.apache.hadoop.ozone.container.common.volume.HddsVolume@32ae8f27
2019-09-04 05:29:36,902 [main] INFO  impl.RaftServerProxy (ConfUtils.java:logGet(43)) - raft.rpc.type = GRPC (default)
2019-09-04 05:29:36,902 [main] INFO  grpc.GrpcFactory (GrpcFactory.java:checkPooledByteBufAllocatorUseCacheForAllThreads(45)) - PERFORMANCE WARNING: useCacheForAllThreads is true that may cause Netty to create a lot garbage objects and, as a result, trigger GC.
	It is recommended to disable useCacheForAllThreads by setting -Dorg.apache.ratis.thirdparty.io.netty.allocator.useCacheForAllThreads=false in command line.
2019-09-04 05:29:36,902 [main] INFO  grpc.GrpcConfigKeys$Server (ConfUtils.java:logGet(43)) - raft.grpc.server.port = 0 (default)
2019-09-04 05:29:36,903 [main] INFO  server.GrpcService (ConfUtils.java:logGet(43)) - raft.grpc.message.size.max = 33570816 (custom)
2019-09-04 05:29:36,903 [main] INFO  server.RaftServerConfigKeys (ConfUtils.java:logGet(43)) - raft.server.log.appender.buffer.byte-limit = 33554432 (custom)
2019-09-04 05:29:36,903 [main] INFO  server.GrpcService (ConfUtils.java:logGet(43)) - raft.grpc.flow.control.window = 1MB (=1048576) (default)
2019-09-04 05:29:36,903 [main] INFO  server.RaftServerConfigKeys (ConfUtils.java:logGet(43)) - raft.server.rpc.request.timeout = 3000ms (default)
2019-09-04 05:29:36,904 [main] INFO  server.RaftServerConfigKeys (ConfUtils.java:logGet(43)) - raft.server.storage.dir = [/workdir/hadoop-ozone/integration-test/target/test-dir/MiniOzoneClusterImpl-58a0207e-7756-41d3-9e8c-a97c8f82cfe0/datanode-3/data/ratis] (custom)
2019-09-04 05:29:36,906 [main] INFO  hdfs.DFSUtil (DFSUtil.java:httpServerTemplateForNNAndJN(1641)) - Starting Web-server for hddsDatanode at: http://0.0.0.0:0
2019-09-04 05:29:36,907 [main] INFO  server.AuthenticationFilter (AuthenticationFilter.java:constructSecretProvider(240)) - Unable to initialize FileSignerSecretProvider, falling back to use random secrets.
2019-09-04 05:29:36,907 [main] WARN  http.HttpRequestLog (HttpRequestLog.java:getRequestLog(97)) - Jetty request log can only be enabled using Log4j
2019-09-04 05:29:36,909 [main] INFO  http.HttpServer2 (HttpServer2.java:addGlobalFilter(975)) - Added global filter 'safety' (class=org.apache.hadoop.http.HttpServer2$QuotingInputFilter)
2019-09-04 05:29:36,909 [main] INFO  http.HttpServer2 (HttpServer2.java:addFilter(948)) - Added filter static_user_filter (class=org.apache.hadoop.http.lib.StaticUserWebFilter$StaticUserFilter) to context hddsDatanode
2019-09-04 05:29:36,909 [main] INFO  http.HttpServer2 (HttpServer2.java:addFilter(958)) - Added filter static_user_filter (class=org.apache.hadoop.http.lib.StaticUserWebFilter$StaticUserFilter) to context static
2019-09-04 05:29:36,910 [main] INFO  http.HttpServer2 (HttpServer2.java:addFilter(958)) - Added filter static_user_filter (class=org.apache.hadoop.http.lib.StaticUserWebFilter$StaticUserFilter) to context logs
2019-09-04 05:29:36,910 [main] INFO  http.HttpServer2 (HttpServer2.java:bindListener(1191)) - Jetty bound to port 38624
2019-09-04 05:29:36,910 [main] INFO  server.Server (Server.java:doStart(351)) - jetty-9.3.24.v20180605, build timestamp: 2018-06-05T17:11:56Z, git hash: 84205aa28f11a4f31f2a3b86d1bba2cc8ab69827
2019-09-04 05:29:36,912 [main] INFO  handler.ContextHandler (ContextHandler.java:doStart(781)) - Started o.e.j.s.ServletContextHandler@5b48f0f4{/logs,file:///workdir/hadoop-ozone/integration-test/target/log,AVAILABLE}
2019-09-04 05:29:36,913 [main] INFO  handler.ContextHandler (ContextHandler.java:doStart(781)) - Started o.e.j.s.ServletContextHandler@5bfc79cb{/static,jar:file:/home/user/.m2/repository/org/apache/hadoop/hadoop-hdds-container-service/0.5.0-SNAPSHOT/hadoop-hdds-container-service-0.5.0-SNAPSHOT.jar!/webapps/static,AVAILABLE}
2019-09-04 05:29:36,942 [main] INFO  handler.ContextHandler (ContextHandler.java:doStart(781)) - Started o.e.j.w.WebAppContext@4645679e{/,file:///tmp/jetty-0.0.0.0-38624-hddsDatanode-_-any-3417538295063179092.dir/webapp/,AVAILABLE}{/hddsDatanode}
2019-09-04 05:29:36,942 [main] INFO  server.AbstractConnector (AbstractConnector.java:doStart(278)) - Started ServerConnector@3a0b6a{HTTP/1.1,[http/1.1]}{0.0.0.0:38624}
2019-09-04 05:29:36,942 [main] INFO  server.Server (Server.java:doStart(419)) - Started @593958ms
2019-09-04 05:29:36,943 [main] WARN  impl.MetricsSystemImpl (MetricsSystemImpl.java:register(276)) - Sink prometheus already exists!
2019-09-04 05:29:36,944 [main] INFO  server.BaseHttpServer (BaseHttpServer.java:updateConnectorAddress(215)) - HTTP server of HDDSDATANODE is listening at http://0.0.0.0:38624
2019-09-04 05:29:36,944 [main] INFO  impl.MetricsSystemImpl (MetricsSystemImpl.java:init(158)) - HddsDatanode metrics system started (again)
2019-09-04 05:29:36,947 [org.apache.hadoop.util.JvmPauseMonitor$Monitor@7285b363] INFO  util.JvmPauseMonitor (JvmPauseMonitor.java:run(188)) - Starting JVM pause monitor
2019-09-04 05:29:36,948 [main] INFO  ozone.HddsDatanodeService (HddsDatanodeService.java:start(184)) - HddsDatanodeService host:trunk-nightly-20190904-cdstp-2721877886 ip:192.168.69.71
2019-09-04 05:29:36,949 [Datanode State Machine Thread - 0] INFO  datanode.InitDatanodeState (InitDatanodeState.java:persistContainerDatanodeDetails(140)) - DatanodeDetails is persisted to /workdir/hadoop-ozone/integration-test/target/test-dir/MiniOzoneClusterImpl-58a0207e-7756-41d3-9e8c-a97c8f82cfe0/datanode-3/meta/datanode.id
2019-09-04 05:29:36,954 [main] INFO  volume.HddsVolume (HddsVolume.java:<init>(176)) - Creating Volume: /workdir/hadoop-ozone/integration-test/target/test-dir/MiniOzoneClusterImpl-58a0207e-7756-41d3-9e8c-a97c8f82cfe0/datanode-4/data/containers/hdds of  storage type : DISK and capacity : 1482555576320
2019-09-04 05:29:36,954 [main] INFO  volume.VolumeSet (VolumeSet.java:initializeVolumeSet(170)) - Added Volume : /workdir/hadoop-ozone/integration-test/target/test-dir/MiniOzoneClusterImpl-58a0207e-7756-41d3-9e8c-a97c8f82cfe0/datanode-4/data/containers/hdds to VolumeSet
2019-09-04 05:29:36,955 [main] INFO  volume.ThrottledAsyncChecker (ThrottledAsyncChecker.java:schedule(140)) - Scheduling a check for org.apache.hadoop.ozone.container.common.volume.HddsVolume@72a8361b
2019-09-04 05:29:36,955 [main] INFO  volume.HddsVolumeChecker (HddsVolumeChecker.java:checkAllVolumes(203)) - Scheduled health check for volume org.apache.hadoop.ozone.container.common.volume.HddsVolume@72a8361b
2019-09-04 05:29:36,969 [main] INFO  impl.RaftServerProxy (ConfUtils.java:logGet(43)) - raft.rpc.type = GRPC (default)
2019-09-04 05:29:36,969 [main] INFO  grpc.GrpcFactory (GrpcFactory.java:checkPooledByteBufAllocatorUseCacheForAllThreads(45)) - PERFORMANCE WARNING: useCacheForAllThreads is true that may cause Netty to create a lot garbage objects and, as a result, trigger GC.
	It is recommended to disable useCacheForAllThreads by setting -Dorg.apache.ratis.thirdparty.io.netty.allocator.useCacheForAllThreads=false in command line.
2019-09-04 05:29:36,969 [main] INFO  grpc.GrpcConfigKeys$Server (ConfUtils.java:logGet(43)) - raft.grpc.server.port = 0 (default)
2019-09-04 05:29:36,969 [main] INFO  server.GrpcService (ConfUtils.java:logGet(43)) - raft.grpc.message.size.max = 33570816 (custom)
2019-09-04 05:29:36,969 [main] INFO  server.RaftServerConfigKeys (ConfUtils.java:logGet(43)) - raft.server.log.appender.buffer.byte-limit = 33554432 (custom)
2019-09-04 05:29:36,969 [main] INFO  server.GrpcService (ConfUtils.java:logGet(43)) - raft.grpc.flow.control.window = 1MB (=1048576) (default)
2019-09-04 05:29:36,970 [main] INFO  server.RaftServerConfigKeys (ConfUtils.java:logGet(43)) - raft.server.rpc.request.timeout = 3000ms (default)
2019-09-04 05:29:36,970 [main] INFO  server.RaftServerConfigKeys (ConfUtils.java:logGet(43)) - raft.server.storage.dir = [/workdir/hadoop-ozone/integration-test/target/test-dir/MiniOzoneClusterImpl-58a0207e-7756-41d3-9e8c-a97c8f82cfe0/datanode-4/data/ratis] (custom)
2019-09-04 05:29:36,971 [main] INFO  hdfs.DFSUtil (DFSUtil.java:httpServerTemplateForNNAndJN(1641)) - Starting Web-server for hddsDatanode at: http://0.0.0.0:0
2019-09-04 05:29:36,972 [main] INFO  server.AuthenticationFilter (AuthenticationFilter.java:constructSecretProvider(240)) - Unable to initialize FileSignerSecretProvider, falling back to use random secrets.
2019-09-04 05:29:36,973 [main] WARN  http.HttpRequestLog (HttpRequestLog.java:getRequestLog(97)) - Jetty request log can only be enabled using Log4j
2019-09-04 05:29:36,974 [main] INFO  http.HttpServer2 (HttpServer2.java:addGlobalFilter(975)) - Added global filter 'safety' (class=org.apache.hadoop.http.HttpServer2$QuotingInputFilter)
2019-09-04 05:29:36,974 [main] INFO  http.HttpServer2 (HttpServer2.java:addFilter(948)) - Added filter static_user_filter (class=org.apache.hadoop.http.lib.StaticUserWebFilter$StaticUserFilter) to context hddsDatanode
2019-09-04 05:29:36,974 [main] INFO  http.HttpServer2 (HttpServer2.java:addFilter(958)) - Added filter static_user_filter (class=org.apache.hadoop.http.lib.StaticUserWebFilter$StaticUserFilter) to context logs
2019-09-04 05:29:36,974 [main] INFO  http.HttpServer2 (HttpServer2.java:addFilter(958)) - Added filter static_user_filter (class=org.apache.hadoop.http.lib.StaticUserWebFilter$StaticUserFilter) to context static
2019-09-04 05:29:36,975 [main] INFO  http.HttpServer2 (HttpServer2.java:bindListener(1191)) - Jetty bound to port 39002
2019-09-04 05:29:36,975 [main] INFO  server.Server (Server.java:doStart(351)) - jetty-9.3.24.v20180605, build timestamp: 2018-06-05T17:11:56Z, git hash: 84205aa28f11a4f31f2a3b86d1bba2cc8ab69827
2019-09-04 05:29:36,976 [main] INFO  handler.ContextHandler (ContextHandler.java:doStart(781)) - Started o.e.j.s.ServletContextHandler@234cd86c{/logs,file:///workdir/hadoop-ozone/integration-test/target/log,AVAILABLE}
2019-09-04 05:29:36,977 [main] INFO  handler.ContextHandler (ContextHandler.java:doStart(781)) - Started o.e.j.s.ServletContextHandler@39c87b42{/static,jar:file:/home/user/.m2/repository/org/apache/hadoop/hadoop-hdds-container-service/0.5.0-SNAPSHOT/hadoop-hdds-container-service-0.5.0-SNAPSHOT.jar!/webapps/static,AVAILABLE}
2019-09-04 05:29:37,003 [main] INFO  handler.ContextHandler (ContextHandler.java:doStart(781)) - Started o.e.j.w.WebAppContext@29c53c4f{/,file:///tmp/jetty-0.0.0.0-39002-hddsDatanode-_-any-1307622316538181445.dir/webapp/,AVAILABLE}{/hddsDatanode}
2019-09-04 05:29:37,004 [main] INFO  server.AbstractConnector (AbstractConnector.java:doStart(278)) - Started ServerConnector@3009eed7{HTTP/1.1,[http/1.1]}{0.0.0.0:39002}
2019-09-04 05:29:37,005 [main] INFO  server.Server (Server.java:doStart(419)) - Started @594021ms
2019-09-04 05:29:37,005 [main] WARN  impl.MetricsSystemImpl (MetricsSystemImpl.java:register(276)) - Sink prometheus already exists!
2019-09-04 05:29:37,006 [main] INFO  server.BaseHttpServer (BaseHttpServer.java:updateConnectorAddress(215)) - HTTP server of HDDSDATANODE is listening at http://0.0.0.0:39002
2019-09-04 05:29:37,006 [main] INFO  impl.MetricsSystemImpl (MetricsSystemImpl.java:init(158)) - HddsDatanode metrics system started (again)
2019-09-04 05:29:37,010 [org.apache.hadoop.util.JvmPauseMonitor$Monitor@1a871015] INFO  util.JvmPauseMonitor (JvmPauseMonitor.java:run(188)) - Starting JVM pause monitor
2019-09-04 05:29:37,010 [main] INFO  ozone.HddsDatanodeService (HddsDatanodeService.java:start(184)) - HddsDatanodeService host:trunk-nightly-20190904-cdstp-2721877886 ip:192.168.69.71
2019-09-04 05:29:37,011 [Datanode State Machine Thread - 0] INFO  datanode.InitDatanodeState (InitDatanodeState.java:persistContainerDatanodeDetails(140)) - DatanodeDetails is persisted to /workdir/hadoop-ozone/integration-test/target/test-dir/MiniOzoneClusterImpl-58a0207e-7756-41d3-9e8c-a97c8f82cfe0/datanode-4/meta/datanode.id
2019-09-04 05:29:37,016 [main] INFO  volume.HddsVolume (HddsVolume.java:<init>(176)) - Creating Volume: /workdir/hadoop-ozone/integration-test/target/test-dir/MiniOzoneClusterImpl-58a0207e-7756-41d3-9e8c-a97c8f82cfe0/datanode-5/data/containers/hdds of  storage type : DISK and capacity : 1482555576320
2019-09-04 05:29:37,016 [main] INFO  volume.VolumeSet (VolumeSet.java:initializeVolumeSet(170)) - Added Volume : /workdir/hadoop-ozone/integration-test/target/test-dir/MiniOzoneClusterImpl-58a0207e-7756-41d3-9e8c-a97c8f82cfe0/datanode-5/data/containers/hdds to VolumeSet
2019-09-04 05:29:37,016 [main] INFO  volume.ThrottledAsyncChecker (ThrottledAsyncChecker.java:schedule(140)) - Scheduling a check for org.apache.hadoop.ozone.container.common.volume.HddsVolume@14d8e132
2019-09-04 05:29:37,017 [main] INFO  volume.HddsVolumeChecker (HddsVolumeChecker.java:checkAllVolumes(203)) - Scheduled health check for volume org.apache.hadoop.ozone.container.common.volume.HddsVolume@14d8e132
2019-09-04 05:29:37,030 [main] INFO  impl.RaftServerProxy (ConfUtils.java:logGet(43)) - raft.rpc.type = GRPC (default)
2019-09-04 05:29:37,030 [main] INFO  grpc.GrpcFactory (GrpcFactory.java:checkPooledByteBufAllocatorUseCacheForAllThreads(45)) - PERFORMANCE WARNING: useCacheForAllThreads is true that may cause Netty to create a lot garbage objects and, as a result, trigger GC.
	It is recommended to disable useCacheForAllThreads by setting -Dorg.apache.ratis.thirdparty.io.netty.allocator.useCacheForAllThreads=false in command line.
2019-09-04 05:29:37,030 [main] INFO  grpc.GrpcConfigKeys$Server (ConfUtils.java:logGet(43)) - raft.grpc.server.port = 0 (default)
2019-09-04 05:29:37,031 [main] INFO  server.GrpcService (ConfUtils.java:logGet(43)) - raft.grpc.message.size.max = 33570816 (custom)
2019-09-04 05:29:37,031 [main] INFO  server.RaftServerConfigKeys (ConfUtils.java:logGet(43)) - raft.server.log.appender.buffer.byte-limit = 33554432 (custom)
2019-09-04 05:29:37,031 [main] INFO  server.GrpcService (ConfUtils.java:logGet(43)) - raft.grpc.flow.control.window = 1MB (=1048576) (default)
2019-09-04 05:29:37,031 [main] INFO  server.RaftServerConfigKeys (ConfUtils.java:logGet(43)) - raft.server.rpc.request.timeout = 3000ms (default)
2019-09-04 05:29:37,032 [main] INFO  server.RaftServerConfigKeys (ConfUtils.java:logGet(43)) - raft.server.storage.dir = [/workdir/hadoop-ozone/integration-test/target/test-dir/MiniOzoneClusterImpl-58a0207e-7756-41d3-9e8c-a97c8f82cfe0/datanode-5/data/ratis] (custom)
2019-09-04 05:29:37,033 [main] INFO  hdfs.DFSUtil (DFSUtil.java:httpServerTemplateForNNAndJN(1641)) - Starting Web-server for hddsDatanode at: http://0.0.0.0:0
2019-09-04 05:29:37,034 [main] INFO  server.AuthenticationFilter (AuthenticationFilter.java:constructSecretProvider(240)) - Unable to initialize FileSignerSecretProvider, falling back to use random secrets.
2019-09-04 05:29:37,034 [main] WARN  http.HttpRequestLog (HttpRequestLog.java:getRequestLog(97)) - Jetty request log can only be enabled using Log4j
2019-09-04 05:29:37,035 [main] INFO  http.HttpServer2 (HttpServer2.java:addGlobalFilter(975)) - Added global filter 'safety' (class=org.apache.hadoop.http.HttpServer2$QuotingInputFilter)
2019-09-04 05:29:37,036 [main] INFO  http.HttpServer2 (HttpServer2.java:addFilter(948)) - Added filter static_user_filter (class=org.apache.hadoop.http.lib.StaticUserWebFilter$StaticUserFilter) to context hddsDatanode
2019-09-04 05:29:37,036 [main] INFO  http.HttpServer2 (HttpServer2.java:addFilter(958)) - Added filter static_user_filter (class=org.apache.hadoop.http.lib.StaticUserWebFilter$StaticUserFilter) to context logs
2019-09-04 05:29:37,036 [main] INFO  http.HttpServer2 (HttpServer2.java:addFilter(958)) - Added filter static_user_filter (class=org.apache.hadoop.http.lib.StaticUserWebFilter$StaticUserFilter) to context static
2019-09-04 05:29:37,037 [main] INFO  http.HttpServer2 (HttpServer2.java:bindListener(1191)) - Jetty bound to port 35744
2019-09-04 05:29:37,037 [main] INFO  server.Server (Server.java:doStart(351)) - jetty-9.3.24.v20180605, build timestamp: 2018-06-05T17:11:56Z, git hash: 84205aa28f11a4f31f2a3b86d1bba2cc8ab69827
2019-09-04 05:29:37,040 [main] INFO  handler.ContextHandler (ContextHandler.java:doStart(781)) - Started o.e.j.s.ServletContextHandler@cbf1997{/logs,file:///workdir/hadoop-ozone/integration-test/target/log,AVAILABLE}
2019-09-04 05:29:37,040 [main] INFO  handler.ContextHandler (ContextHandler.java:doStart(781)) - Started o.e.j.s.ServletContextHandler@5faeeb56{/static,jar:file:/home/user/.m2/repository/org/apache/hadoop/hadoop-hdds-container-service/0.5.0-SNAPSHOT/hadoop-hdds-container-service-0.5.0-SNAPSHOT.jar!/webapps/static,AVAILABLE}
2019-09-04 05:29:37,084 [main] INFO  handler.ContextHandler (ContextHandler.java:doStart(781)) - Started o.e.j.w.WebAppContext@50e5032c{/,file:///tmp/jetty-0.0.0.0-35744-hddsDatanode-_-any-6702942315103713083.dir/webapp/,AVAILABLE}{/hddsDatanode}
2019-09-04 05:29:37,084 [main] INFO  server.AbstractConnector (AbstractConnector.java:doStart(278)) - Started ServerConnector@545d2560{HTTP/1.1,[http/1.1]}{0.0.0.0:35744}
2019-09-04 05:29:37,086 [main] INFO  server.Server (Server.java:doStart(419)) - Started @594101ms
2019-09-04 05:29:37,086 [main] WARN  impl.MetricsSystemImpl (MetricsSystemImpl.java:register(276)) - Sink prometheus already exists!
2019-09-04 05:29:37,087 [main] INFO  server.BaseHttpServer (BaseHttpServer.java:updateConnectorAddress(215)) - HTTP server of HDDSDATANODE is listening at http://0.0.0.0:35744
2019-09-04 05:29:37,087 [main] INFO  impl.MetricsSystemImpl (MetricsSystemImpl.java:init(158)) - HddsDatanode metrics system started (again)
2019-09-04 05:29:37,092 [org.apache.hadoop.util.JvmPauseMonitor$Monitor@3b6c2503] INFO  util.JvmPauseMonitor (JvmPauseMonitor.java:run(188)) - Starting JVM pause monitor
2019-09-04 05:29:37,093 [main] INFO  ozone.HddsDatanodeService (HddsDatanodeService.java:start(184)) - HddsDatanodeService host:trunk-nightly-20190904-cdstp-2721877886 ip:192.168.69.71
2019-09-04 05:29:37,094 [Datanode State Machine Thread - 0] INFO  datanode.InitDatanodeState (InitDatanodeState.java:persistContainerDatanodeDetails(140)) - DatanodeDetails is persisted to /workdir/hadoop-ozone/integration-test/target/test-dir/MiniOzoneClusterImpl-58a0207e-7756-41d3-9e8c-a97c8f82cfe0/datanode-5/meta/datanode.id
2019-09-04 05:29:37,101 [main] INFO  volume.HddsVolume (HddsVolume.java:<init>(176)) - Creating Volume: /workdir/hadoop-ozone/integration-test/target/test-dir/MiniOzoneClusterImpl-58a0207e-7756-41d3-9e8c-a97c8f82cfe0/datanode-6/data/containers/hdds of  storage type : DISK and capacity : 1482555576320
2019-09-04 05:29:37,101 [main] INFO  volume.VolumeSet (VolumeSet.java:initializeVolumeSet(170)) - Added Volume : /workdir/hadoop-ozone/integration-test/target/test-dir/MiniOzoneClusterImpl-58a0207e-7756-41d3-9e8c-a97c8f82cfe0/datanode-6/data/containers/hdds to VolumeSet
2019-09-04 05:29:37,101 [main] INFO  volume.ThrottledAsyncChecker (ThrottledAsyncChecker.java:schedule(140)) - Scheduling a check for org.apache.hadoop.ozone.container.common.volume.HddsVolume@17ec335a
2019-09-04 05:29:37,102 [main] INFO  volume.HddsVolumeChecker (HddsVolumeChecker.java:checkAllVolumes(203)) - Scheduled health check for volume org.apache.hadoop.ozone.container.common.volume.HddsVolume@17ec335a
2019-09-04 05:29:37,122 [main] INFO  impl.RaftServerProxy (ConfUtils.java:logGet(43)) - raft.rpc.type = GRPC (default)
2019-09-04 05:29:37,122 [main] INFO  grpc.GrpcFactory (GrpcFactory.java:checkPooledByteBufAllocatorUseCacheForAllThreads(45)) - PERFORMANCE WARNING: useCacheForAllThreads is true that may cause Netty to create a lot garbage objects and, as a result, trigger GC.
	It is recommended to disable useCacheForAllThreads by setting -Dorg.apache.ratis.thirdparty.io.netty.allocator.useCacheForAllThreads=false in command line.
2019-09-04 05:29:37,122 [main] INFO  grpc.GrpcConfigKeys$Server (ConfUtils.java:logGet(43)) - raft.grpc.server.port = 0 (default)
2019-09-04 05:29:37,123 [main] INFO  server.GrpcService (ConfUtils.java:logGet(43)) - raft.grpc.message.size.max = 33570816 (custom)
2019-09-04 05:29:37,123 [main] INFO  server.RaftServerConfigKeys (ConfUtils.java:logGet(43)) - raft.server.log.appender.buffer.byte-limit = 33554432 (custom)
2019-09-04 05:29:37,123 [main] INFO  server.GrpcService (ConfUtils.java:logGet(43)) - raft.grpc.flow.control.window = 1MB (=1048576) (default)
2019-09-04 05:29:37,123 [main] INFO  server.RaftServerConfigKeys (ConfUtils.java:logGet(43)) - raft.server.rpc.request.timeout = 3000ms (default)
2019-09-04 05:29:37,124 [main] INFO  server.RaftServerConfigKeys (ConfUtils.java:logGet(43)) - raft.server.storage.dir = [/workdir/hadoop-ozone/integration-test/target/test-dir/MiniOzoneClusterImpl-58a0207e-7756-41d3-9e8c-a97c8f82cfe0/datanode-6/data/ratis] (custom)
2019-09-04 05:29:37,126 [main] INFO  hdfs.DFSUtil (DFSUtil.java:httpServerTemplateForNNAndJN(1641)) - Starting Web-server for hddsDatanode at: http://0.0.0.0:0
2019-09-04 05:29:37,128 [main] INFO  server.AuthenticationFilter (AuthenticationFilter.java:constructSecretProvider(240)) - Unable to initialize FileSignerSecretProvider, falling back to use random secrets.
2019-09-04 05:29:37,129 [main] WARN  http.HttpRequestLog (HttpRequestLog.java:getRequestLog(97)) - Jetty request log can only be enabled using Log4j
2019-09-04 05:29:37,131 [main] INFO  http.HttpServer2 (HttpServer2.java:addGlobalFilter(975)) - Added global filter 'safety' (class=org.apache.hadoop.http.HttpServer2$QuotingInputFilter)
2019-09-04 05:29:37,132 [main] INFO  http.HttpServer2 (HttpServer2.java:addFilter(948)) - Added filter static_user_filter (class=org.apache.hadoop.http.lib.StaticUserWebFilter$StaticUserFilter) to context hddsDatanode
2019-09-04 05:29:37,132 [main] INFO  http.HttpServer2 (HttpServer2.java:addFilter(958)) - Added filter static_user_filter (class=org.apache.hadoop.http.lib.StaticUserWebFilter$StaticUserFilter) to context logs
2019-09-04 05:29:37,133 [main] INFO  http.HttpServer2 (HttpServer2.java:addFilter(958)) - Added filter static_user_filter (class=org.apache.hadoop.http.lib.StaticUserWebFilter$StaticUserFilter) to context static
2019-09-04 05:29:37,134 [main] INFO  http.HttpServer2 (HttpServer2.java:bindListener(1191)) - Jetty bound to port 38088
2019-09-04 05:29:37,134 [main] INFO  server.Server (Server.java:doStart(351)) - jetty-9.3.24.v20180605, build timestamp: 2018-06-05T17:11:56Z, git hash: 84205aa28f11a4f31f2a3b86d1bba2cc8ab69827
2019-09-04 05:29:37,136 [main] INFO  handler.ContextHandler (ContextHandler.java:doStart(781)) - Started o.e.j.s.ServletContextHandler@629075f4{/logs,file:///workdir/hadoop-ozone/integration-test/target/log,AVAILABLE}
2019-09-04 05:29:37,137 [main] INFO  handler.ContextHandler (ContextHandler.java:doStart(781)) - Started o.e.j.s.ServletContextHandler@723742b2{/static,jar:file:/home/user/.m2/repository/org/apache/hadoop/hadoop-hdds-container-service/0.5.0-SNAPSHOT/hadoop-hdds-container-service-0.5.0-SNAPSHOT.jar!/webapps/static,AVAILABLE}
2019-09-04 05:29:37,179 [main] INFO  handler.ContextHandler (ContextHandler.java:doStart(781)) - Started o.e.j.w.WebAppContext@54f6b629{/,file:///tmp/jetty-0.0.0.0-38088-hddsDatanode-_-any-6341016278771634321.dir/webapp/,AVAILABLE}{/hddsDatanode}
2019-09-04 05:29:37,180 [main] INFO  server.AbstractConnector (AbstractConnector.java:doStart(278)) - Started ServerConnector@4bc9ca97{HTTP/1.1,[http/1.1]}{0.0.0.0:38088}
2019-09-04 05:29:37,185 [main] INFO  server.Server (Server.java:doStart(419)) - Started @594200ms
2019-09-04 05:29:37,185 [main] WARN  impl.MetricsSystemImpl (MetricsSystemImpl.java:register(276)) - Sink prometheus already exists!
2019-09-04 05:29:37,186 [main] INFO  server.BaseHttpServer (BaseHttpServer.java:updateConnectorAddress(215)) - HTTP server of HDDSDATANODE is listening at http://0.0.0.0:38088
2019-09-04 05:29:37,186 [main] INFO  ozone.MiniOzoneClusterImpl (MiniOzoneClusterImpl.java:lambda$waitForClusterToBeReady$0(140)) - Waiting for cluster to be ready. Got 0 of 7 DN Heartbeats.
2019-09-04 05:29:37,188 [org.apache.hadoop.util.JvmPauseMonitor$Monitor@1f5f2a13] INFO  util.JvmPauseMonitor (JvmPauseMonitor.java:run(188)) - Starting JVM pause monitor
2019-09-04 05:29:37,189 [Datanode State Machine Thread - 0] INFO  datanode.InitDatanodeState (InitDatanodeState.java:persistContainerDatanodeDetails(140)) - DatanodeDetails is persisted to /workdir/hadoop-ozone/integration-test/target/test-dir/MiniOzoneClusterImpl-58a0207e-7756-41d3-9e8c-a97c8f82cfe0/datanode-6/meta/datanode.id
2019-09-04 05:29:38,187 [main] INFO  ozone.MiniOzoneClusterImpl (MiniOzoneClusterImpl.java:lambda$waitForClusterToBeReady$0(140)) - Waiting for cluster to be ready. Got 0 of 7 DN Heartbeats.
2019-09-04 05:29:38,768 [Datanode State Machine Thread - 0] INFO  ozoneimpl.OzoneContainer (OzoneContainer.java:start(201)) - Attempting to start container services.
2019-09-04 05:29:38,768 [Datanode State Machine Thread - 0] INFO  ozoneimpl.OzoneContainer (OzoneContainer.java:startContainerScrub(175)) - Background container scrubber has been disabled by hdds.containerscrub.enabled
2019-09-04 05:29:38,768 [Datanode State Machine Thread - 0] INFO  ratis.XceiverServerRatis (XceiverServerRatis.java:start(393)) - Starting XceiverServerRatis 7ed9d160-43c5-43d1-a33d-bb7525b67925 at port 0
2019-09-04 05:29:38,776 [Datanode State Machine Thread - 0] INFO  impl.RaftServerProxy (RaftServerProxy.java:lambda$start$3(299)) - 7ed9d160-43c5-43d1-a33d-bb7525b67925: start RPC server
2019-09-04 05:29:38,778 [Datanode State Machine Thread - 0] INFO  server.GrpcService (GrpcService.java:startImpl(149)) - 7ed9d160-43c5-43d1-a33d-bb7525b67925: GrpcService started, listening on 0.0.0.0/0.0.0.0:38298
2019-09-04 05:29:38,778 [Datanode State Machine Thread - 0] INFO  ratis.XceiverServerRatis (XceiverServerRatis.java:start(403)) - XceiverServerRatis 7ed9d160-43c5-43d1-a33d-bb7525b67925 is started using port 38298
2019-09-04 05:29:38,778 [Datanode State Machine Thread - 0] INFO  server.XceiverServerGrpc (XceiverServerGrpc.java:start(163)) - XceiverServerGrpc 7ed9d160-43c5-43d1-a33d-bb7525b67925 is started using port 35079
2019-09-04 05:29:38,837 [Datanode State Machine Thread - 0] INFO  ozoneimpl.OzoneContainer (OzoneContainer.java:start(201)) - Attempting to start container services.
2019-09-04 05:29:38,837 [Datanode State Machine Thread - 0] INFO  ozoneimpl.OzoneContainer (OzoneContainer.java:startContainerScrub(175)) - Background container scrubber has been disabled by hdds.containerscrub.enabled
2019-09-04 05:29:38,837 [Datanode State Machine Thread - 0] INFO  ratis.XceiverServerRatis (XceiverServerRatis.java:start(393)) - Starting XceiverServerRatis 53d70931-b2a7-4310-8fe8-2c0a4a694a6e at port 0
2019-09-04 05:29:38,845 [Datanode State Machine Thread - 0] INFO  impl.RaftServerProxy (RaftServerProxy.java:lambda$start$3(299)) - 53d70931-b2a7-4310-8fe8-2c0a4a694a6e: start RPC server
2019-09-04 05:29:38,846 [Datanode State Machine Thread - 0] INFO  server.GrpcService (GrpcService.java:startImpl(149)) - 53d70931-b2a7-4310-8fe8-2c0a4a694a6e: GrpcService started, listening on 0.0.0.0/0.0.0.0:35081
2019-09-04 05:29:38,846 [Datanode State Machine Thread - 0] INFO  ratis.XceiverServerRatis (XceiverServerRatis.java:start(403)) - XceiverServerRatis 53d70931-b2a7-4310-8fe8-2c0a4a694a6e is started using port 35081
2019-09-04 05:29:38,846 [Datanode State Machine Thread - 0] INFO  server.XceiverServerGrpc (XceiverServerGrpc.java:start(163)) - XceiverServerGrpc 53d70931-b2a7-4310-8fe8-2c0a4a694a6e is started using port 41773
2019-09-04 05:29:38,897 [Datanode State Machine Thread - 0] INFO  ozoneimpl.OzoneContainer (OzoneContainer.java:start(201)) - Attempting to start container services.
2019-09-04 05:29:38,897 [Datanode State Machine Thread - 0] INFO  ozoneimpl.OzoneContainer (OzoneContainer.java:startContainerScrub(175)) - Background container scrubber has been disabled by hdds.containerscrub.enabled
2019-09-04 05:29:38,897 [Datanode State Machine Thread - 0] INFO  ratis.XceiverServerRatis (XceiverServerRatis.java:start(393)) - Starting XceiverServerRatis 7829b0ca-b8cc-4d14-b96a-9fb080896240 at port 0
2019-09-04 05:29:38,905 [Datanode State Machine Thread - 0] INFO  impl.RaftServerProxy (RaftServerProxy.java:lambda$start$3(299)) - 7829b0ca-b8cc-4d14-b96a-9fb080896240: start RPC server
2019-09-04 05:29:38,906 [Datanode State Machine Thread - 0] INFO  server.GrpcService (GrpcService.java:startImpl(149)) - 7829b0ca-b8cc-4d14-b96a-9fb080896240: GrpcService started, listening on 0.0.0.0/0.0.0.0:41512
2019-09-04 05:29:38,906 [Datanode State Machine Thread - 0] INFO  ratis.XceiverServerRatis (XceiverServerRatis.java:start(403)) - XceiverServerRatis 7829b0ca-b8cc-4d14-b96a-9fb080896240 is started using port 41512
2019-09-04 05:29:38,906 [Datanode State Machine Thread - 0] INFO  server.XceiverServerGrpc (XceiverServerGrpc.java:start(163)) - XceiverServerGrpc 7829b0ca-b8cc-4d14-b96a-9fb080896240 is started using port 34531
2019-09-04 05:29:38,969 [Datanode State Machine Thread - 0] INFO  ozoneimpl.OzoneContainer (OzoneContainer.java:start(201)) - Attempting to start container services.
2019-09-04 05:29:38,970 [Datanode State Machine Thread - 0] INFO  ozoneimpl.OzoneContainer (OzoneContainer.java:startContainerScrub(175)) - Background container scrubber has been disabled by hdds.containerscrub.enabled
2019-09-04 05:29:38,970 [Datanode State Machine Thread - 0] INFO  ratis.XceiverServerRatis (XceiverServerRatis.java:start(393)) - Starting XceiverServerRatis 695330d6-66f9-4943-9293-d16e4d5ea686 at port 0
2019-09-04 05:29:38,978 [Datanode State Machine Thread - 0] INFO  impl.RaftServerProxy (RaftServerProxy.java:lambda$start$3(299)) - 695330d6-66f9-4943-9293-d16e4d5ea686: start RPC server
2019-09-04 05:29:38,979 [Datanode State Machine Thread - 0] INFO  server.GrpcService (GrpcService.java:startImpl(149)) - 695330d6-66f9-4943-9293-d16e4d5ea686: GrpcService started, listening on 0.0.0.0/0.0.0.0:37616
2019-09-04 05:29:38,979 [Datanode State Machine Thread - 0] INFO  ratis.XceiverServerRatis (XceiverServerRatis.java:start(403)) - XceiverServerRatis 695330d6-66f9-4943-9293-d16e4d5ea686 is started using port 37616
2019-09-04 05:29:38,980 [Datanode State Machine Thread - 0] INFO  server.XceiverServerGrpc (XceiverServerGrpc.java:start(163)) - XceiverServerGrpc 695330d6-66f9-4943-9293-d16e4d5ea686 is started using port 34907
2019-09-04 05:29:39,024 [Datanode State Machine Thread - 0] INFO  ozoneimpl.OzoneContainer (OzoneContainer.java:start(201)) - Attempting to start container services.
2019-09-04 05:29:39,024 [Datanode State Machine Thread - 0] INFO  ozoneimpl.OzoneContainer (OzoneContainer.java:startContainerScrub(175)) - Background container scrubber has been disabled by hdds.containerscrub.enabled
2019-09-04 05:29:39,024 [Datanode State Machine Thread - 0] INFO  ratis.XceiverServerRatis (XceiverServerRatis.java:start(393)) - Starting XceiverServerRatis 74de5f20-9e74-428d-822d-cb54bc80bbbc at port 0
2019-09-04 05:29:39,032 [Datanode State Machine Thread - 0] INFO  impl.RaftServerProxy (RaftServerProxy.java:lambda$start$3(299)) - 74de5f20-9e74-428d-822d-cb54bc80bbbc: start RPC server
2019-09-04 05:29:39,033 [Datanode State Machine Thread - 0] INFO  server.GrpcService (GrpcService.java:startImpl(149)) - 74de5f20-9e74-428d-822d-cb54bc80bbbc: GrpcService started, listening on 0.0.0.0/0.0.0.0:36124
2019-09-04 05:29:39,033 [Datanode State Machine Thread - 0] INFO  ratis.XceiverServerRatis (XceiverServerRatis.java:start(403)) - XceiverServerRatis 74de5f20-9e74-428d-822d-cb54bc80bbbc is started using port 36124
2019-09-04 05:29:39,034 [Datanode State Machine Thread - 0] INFO  server.XceiverServerGrpc (XceiverServerGrpc.java:start(163)) - XceiverServerGrpc 74de5f20-9e74-428d-822d-cb54bc80bbbc is started using port 40725
2019-09-04 05:29:39,107 [Datanode State Machine Thread - 0] INFO  ozoneimpl.OzoneContainer (OzoneContainer.java:start(201)) - Attempting to start container services.
2019-09-04 05:29:39,107 [Datanode State Machine Thread - 0] INFO  ozoneimpl.OzoneContainer (OzoneContainer.java:startContainerScrub(175)) - Background container scrubber has been disabled by hdds.containerscrub.enabled
2019-09-04 05:29:39,107 [Datanode State Machine Thread - 0] INFO  ratis.XceiverServerRatis (XceiverServerRatis.java:start(393)) - Starting XceiverServerRatis 3573222a-ec1b-4e89-993f-eee582ca57d4 at port 0
2019-09-04 05:29:39,115 [Datanode State Machine Thread - 0] INFO  impl.RaftServerProxy (RaftServerProxy.java:lambda$start$3(299)) - 3573222a-ec1b-4e89-993f-eee582ca57d4: start RPC server
2019-09-04 05:29:39,116 [Datanode State Machine Thread - 0] INFO  server.GrpcService (GrpcService.java:startImpl(149)) - 3573222a-ec1b-4e89-993f-eee582ca57d4: GrpcService started, listening on 0.0.0.0/0.0.0.0:37610
2019-09-04 05:29:39,116 [Datanode State Machine Thread - 0] INFO  ratis.XceiverServerRatis (XceiverServerRatis.java:start(403)) - XceiverServerRatis 3573222a-ec1b-4e89-993f-eee582ca57d4 is started using port 37610
2019-09-04 05:29:39,119 [Datanode State Machine Thread - 0] INFO  server.XceiverServerGrpc (XceiverServerGrpc.java:start(163)) - XceiverServerGrpc 3573222a-ec1b-4e89-993f-eee582ca57d4 is started using port 37191
2019-09-04 05:29:39,187 [main] INFO  ozone.MiniOzoneClusterImpl (MiniOzoneClusterImpl.java:lambda$waitForClusterToBeReady$0(140)) - Waiting for cluster to be ready. Got 0 of 7 DN Heartbeats.
2019-09-04 05:29:39,212 [Datanode State Machine Thread - 0] INFO  ozoneimpl.OzoneContainer (OzoneContainer.java:start(201)) - Attempting to start container services.
2019-09-04 05:29:39,212 [Datanode State Machine Thread - 0] INFO  ozoneimpl.OzoneContainer (OzoneContainer.java:startContainerScrub(175)) - Background container scrubber has been disabled by hdds.containerscrub.enabled
2019-09-04 05:29:39,212 [Datanode State Machine Thread - 0] INFO  ratis.XceiverServerRatis (XceiverServerRatis.java:start(393)) - Starting XceiverServerRatis 4ba7a24c-5cfe-40cd-b0c9-5f87f6b790e9 at port 0
2019-09-04 05:29:39,220 [Datanode State Machine Thread - 0] INFO  impl.RaftServerProxy (RaftServerProxy.java:lambda$start$3(299)) - 4ba7a24c-5cfe-40cd-b0c9-5f87f6b790e9: start RPC server
2019-09-04 05:29:39,221 [Datanode State Machine Thread - 0] INFO  server.GrpcService (GrpcService.java:startImpl(149)) - 4ba7a24c-5cfe-40cd-b0c9-5f87f6b790e9: GrpcService started, listening on 0.0.0.0/0.0.0.0:35457
2019-09-04 05:29:39,221 [Datanode State Machine Thread - 0] INFO  ratis.XceiverServerRatis (XceiverServerRatis.java:start(403)) - XceiverServerRatis 4ba7a24c-5cfe-40cd-b0c9-5f87f6b790e9 is started using port 35457
2019-09-04 05:29:39,222 [Datanode State Machine Thread - 0] INFO  server.XceiverServerGrpc (XceiverServerGrpc.java:start(163)) - XceiverServerGrpc 4ba7a24c-5cfe-40cd-b0c9-5f87f6b790e9 is started using port 46357
2019-09-04 05:29:40,188 [main] INFO  ozone.MiniOzoneClusterImpl (MiniOzoneClusterImpl.java:lambda$waitForClusterToBeReady$0(140)) - Waiting for cluster to be ready. Got 0 of 7 DN Heartbeats.
2019-09-04 05:29:40,741 [IPC Server handler 5 on 33172] INFO  net.NetworkTopology (NetworkTopologyImpl.java:add(110)) - Added a new node: /default-rack/7ed9d160-43c5-43d1-a33d-bb7525b67925
2019-09-04 05:29:40,743 [IPC Server handler 5 on 33172] INFO  node.SCMNodeManager (SCMNodeManager.java:register(266)) - Registered Data node : 7ed9d160-43c5-43d1-a33d-bb7525b67925{ip: 192.168.69.71, host: trunk-nightly-20190904-cdstp-2721877886, networkLocation: /default-rack, certSerialId: null}
2019-09-04 05:29:40,744 [EventQueue-NodeRegistrationContainerReportForDataNodeSafeModeRule] INFO  safemode.SCMSafeModeManager (DataNodeSafeModeRule.java:process(71)) - SCM in safe mode. 1 DataNodes registered, 1 required.
2019-09-04 05:29:40,748 [EventQueue-NodeRegistrationContainerReportForContainerSafeModeRule] INFO  safemode.SCMSafeModeManager (SCMSafeModeManager.java:validateSafeModeExitRules(177)) - ScmSafeModeManager, all rules are successfully validated
2019-09-04 05:29:40,748 [EventQueue-NodeRegistrationContainerReportForContainerSafeModeRule] INFO  safemode.SCMSafeModeManager (SCMSafeModeManager.java:exitSafeMode(193)) - SCM exiting safe mode.
2019-09-04 05:29:40,758 [grpc-default-executor-7] INFO  impl.RaftServerProxy (RaftServerProxy.java:addNew(89)) - 7ed9d160-43c5-43d1-a33d-bb7525b67925: addNew group-8DB06F66A948:[7ed9d160-43c5-43d1-a33d-bb7525b67925:192.168.69.71:38298] returns group-8DB06F66A948:java.util.concurrent.CompletableFuture@c1ec071[Not completed]
2019-09-04 05:29:40,760 [pool-409-thread-1] INFO  impl.RaftServerImpl (RaftServerImpl.java:<init>(93)) - 7ed9d160-43c5-43d1-a33d-bb7525b67925: new RaftServerImpl for group-8DB06F66A948:[7ed9d160-43c5-43d1-a33d-bb7525b67925:192.168.69.71:38298] with ContainerStateMachine:uninitialized
2019-09-04 05:29:40,760 [pool-409-thread-1] INFO  server.RaftServerConfigKeys (ConfUtils.java:logGet(43)) - raft.server.rpc.timeout.min = 5s (custom)
2019-09-04 05:29:40,761 [pool-409-thread-1] INFO  server.RaftServerConfigKeys (ConfUtils.java:logGet(43)) - raft.server.rpc.timeout.max = 5200ms (custom)
2019-09-04 05:29:40,761 [pool-409-thread-1] INFO  server.RaftServerConfigKeys (ConfUtils.java:logGet(43)) - raft.server.rpcslowness.timeout = 120s (custom)
2019-09-04 05:29:40,761 [pool-409-thread-1] INFO  server.RaftServerConfigKeys (ConfUtils.java:logGet(43)) - raft.server.sleep.deviation.threshold = 300 (default)
2019-09-04 05:29:40,761 [pool-409-thread-1] INFO  server.RaftServerConfigKeys (ConfUtils.java:logGet(43)) - raft.server.log.appender.install.snapshot.enabled = false (custom)
2019-09-04 05:29:40,761 [pool-409-thread-1] INFO  impl.RaftServerImpl (ServerState.java:<init>(105)) - 7ed9d160-43c5-43d1-a33d-bb7525b67925:group-8DB06F66A948 ConfigurationManager, init=-1: [7ed9d160-43c5-43d1-a33d-bb7525b67925:192.168.69.71:38298], old=null, confs=<EMPTY_MAP>
2019-09-04 05:29:40,761 [pool-409-thread-1] INFO  server.RaftServerConfigKeys (ConfUtils.java:logGet(43)) - raft.server.storage.dir = [/workdir/hadoop-ozone/integration-test/target/test-dir/MiniOzoneClusterImpl-58a0207e-7756-41d3-9e8c-a97c8f82cfe0/datanode-0/data/ratis] (custom)
2019-09-04 05:29:40,762 [pool-409-thread-1] INFO  storage.RaftStorageDirectory (RaftStorageDirectory.java:analyzeStorage(246)) - The storage directory /workdir/hadoop-ozone/integration-test/target/test-dir/MiniOzoneClusterImpl-58a0207e-7756-41d3-9e8c-a97c8f82cfe0/datanode-0/data/ratis/40d61d20-23b0-4a60-b948-8db06f66a948 does not exist. Creating ...
2019-09-04 05:29:40,812 [IPC Server handler 6 on 33172] INFO  net.NetworkTopology (NetworkTopologyImpl.java:add(110)) - Added a new node: /default-rack/53d70931-b2a7-4310-8fe8-2c0a4a694a6e
2019-09-04 05:29:40,812 [IPC Server handler 6 on 33172] INFO  node.SCMNodeManager (SCMNodeManager.java:register(266)) - Registered Data node : 53d70931-b2a7-4310-8fe8-2c0a4a694a6e{ip: 192.168.69.71, host: trunk-nightly-20190904-cdstp-2721877886, networkLocation: /default-rack, certSerialId: null}
2019-09-04 05:29:40,814 [pool-409-thread-1] INFO  storage.RaftStorageDirectory (RaftStorageDirectory.java:tryLock(328)) - Lock on /workdir/hadoop-ozone/integration-test/target/test-dir/MiniOzoneClusterImpl-58a0207e-7756-41d3-9e8c-a97c8f82cfe0/datanode-0/data/ratis/40d61d20-23b0-4a60-b948-8db06f66a948/in_use.lock acquired by nodename 17059@trunk-nightly-20190904-cdstp-2721877886
2019-09-04 05:29:40,840 [pool-409-thread-1] INFO  storage.RaftStorage (RaftStorage.java:format(72)) - Storage directory /workdir/hadoop-ozone/integration-test/target/test-dir/MiniOzoneClusterImpl-58a0207e-7756-41d3-9e8c-a97c8f82cfe0/datanode-0/data/ratis/40d61d20-23b0-4a60-b948-8db06f66a948 has been successfully formatted.
2019-09-04 05:29:40,840 [pool-409-thread-1] INFO  ratis.ContainerStateMachine (ContainerStateMachine.java:loadSnapshot(227)) - group-8DB06F66A948: The snapshot info is null. Setting the last applied indexto:(t:0, i:~)
2019-09-04 05:29:40,841 [pool-409-thread-1] INFO  server.RaftServerConfigKeys (ConfUtils.java:logGet(43)) - raft.server.leader.election.timeout = 120s (custom)
2019-09-04 05:29:40,841 [pool-409-thread-1] INFO  server.RaftServerConfigKeys (ConfUtils.java:logGet(43)) - raft.server.log.use.memory = false (default)
2019-09-04 05:29:40,841 [pool-409-thread-1] INFO  server.RaftServerConfigKeys (ConfUtils.java:logGet(43)) - raft.server.log.purge.gap = 1000000 (custom)
2019-09-04 05:29:40,841 [pool-409-thread-1] INFO  server.RaftServerConfigKeys (ConfUtils.java:logGet(43)) - raft.server.log.appender.buffer.byte-limit = 33554432 (custom)
2019-09-04 05:29:40,841 [pool-409-thread-1] INFO  server.RaftServerConfigKeys (ConfUtils.java:logGet(43)) - raft.server.log.segment.size.max = 1048576 (custom)
2019-09-04 05:29:40,842 [pool-409-thread-1] INFO  server.RaftServerConfigKeys (ConfUtils.java:logGet(43)) - raft.server.log.segment.cache.num.max = 2 (custom)
2019-09-04 05:29:40,842 [pool-409-thread-1] INFO  segmented.SegmentedRaftLogWorker (SegmentedRaftLogWorker.java:<init>(172)) - new 7ed9d160-43c5-43d1-a33d-bb7525b67925-SegmentedRaftLogWorker:Storage Directory /workdir/hadoop-ozone/integration-test/target/test-dir/MiniOzoneClusterImpl-58a0207e-7756-41d3-9e8c-a97c8f82cfe0/datanode-0/data/ratis/40d61d20-23b0-4a60-b948-8db06f66a948 for RaftStorage:Storage Directory /workdir/hadoop-ozone/integration-test/target/test-dir/MiniOzoneClusterImpl-58a0207e-7756-41d3-9e8c-a97c8f82cfe0/datanode-0/data/ratis/40d61d20-23b0-4a60-b948-8db06f66a948
2019-09-04 05:29:40,842 [pool-409-thread-1] INFO  server.RaftServerConfigKeys (ConfUtils.java:logGet(43)) - raft.server.log.queue.byte-limit = 2147483647 (custom)
2019-09-04 05:29:40,842 [pool-409-thread-1] INFO  server.RaftServerConfigKeys (ConfUtils.java:logGet(43)) - raft.server.log.queue.element-limit = 1024 (custom)
2019-09-04 05:29:40,843 [pool-409-thread-1] INFO  server.RaftServerConfigKeys (ConfUtils.java:logGet(43)) - raft.server.log.segment.size.max = 1048576 (custom)
2019-09-04 05:29:40,843 [pool-409-thread-1] INFO  server.RaftServerConfigKeys (ConfUtils.java:logGet(43)) - raft.server.log.preallocated.size = 16384 (custom)
2019-09-04 05:29:40,843 [pool-409-thread-1] INFO  server.RaftServerConfigKeys (ConfUtils.java:logGet(43)) - raft.server.log.write.buffer.size = 33554432 (custom)
2019-09-04 05:29:40,843 [pool-409-thread-1] INFO  server.RaftServerConfigKeys (ConfUtils.java:logGet(43)) - raft.server.log.force.sync.num = 128 (default)
2019-09-04 05:29:40,843 [pool-409-thread-1] INFO  server.RaftServerConfigKeys (ConfUtils.java:logGet(43)) - raft.server.log.statemachine.data.sync = true (default)
2019-09-04 05:29:40,843 [pool-409-thread-1] INFO  server.RaftServerConfigKeys (ConfUtils.java:logGet(43)) - raft.server.log.statemachine.data.sync.timeout = 10s (default)
2019-09-04 05:29:40,844 [pool-409-thread-1] INFO  server.RaftServerConfigKeys (ConfUtils.java:logGet(43)) - raft.server.log.statemachine.data.sync.timeout.retry = -1 (default)
2019-09-04 05:29:40,844 [pool-409-thread-1] INFO  server.RaftServerConfigKeys (ConfUtils.java:logGet(43)) - raft.server.log.statemachine.data.caching.enabled = true (custom)
2019-09-04 05:29:40,844 [pool-409-thread-1] INFO  segmented.SegmentedRaftLogWorker (SegmentedRaftLogWorker.java:lambda$new$0(132)) - 7ed9d160-43c5-43d1-a33d-bb7525b67925-SegmentedRaftLogWorker:Storage Directory /workdir/hadoop-ozone/integration-test/target/test-dir/MiniOzoneClusterImpl-58a0207e-7756-41d3-9e8c-a97c8f82cfe0/datanode-0/data/ratis/40d61d20-23b0-4a60-b948-8db06f66a948: flushIndex: setUnconditionally 0 -> -1
2019-09-04 05:29:40,845 [pool-409-thread-1] INFO  server.RaftServerConfigKeys (ConfUtils.java:logGet(43)) - raft.server.snapshot.auto.trigger.enabled = true (custom)
2019-09-04 05:29:40,845 [pool-409-thread-1] INFO  server.RaftServerConfigKeys (ConfUtils.java:logGet(43)) - raft.server.snapshot.auto.trigger.threshold = 10000 (custom)
2019-09-04 05:29:40,845 [pool-409-thread-1] INFO  server.RaftServerConfigKeys (ConfUtils.java:logGet(43)) - raft.server.retrycache.expirytime = 600000ms (custom)
2019-09-04 05:29:40,846 [pool-409-thread-1] INFO  impl.RaftServerImpl (RaftServerImpl.java:start(180)) - 7ed9d160-43c5-43d1-a33d-bb7525b67925: start group-8DB06F66A948
2019-09-04 05:29:40,846 [pool-409-thread-1] INFO  impl.RaftServerImpl (RaftServerImpl.java:setRole(171)) - 7ed9d160-43c5-43d1-a33d-bb7525b67925:group-8DB06F66A948 changes role from null to FOLLOWER at term 0 for startAsFollower
2019-09-04 05:29:40,846 [pool-409-thread-1] INFO  impl.RoleInfo (RoleInfo.java:updateAndGet(143)) - 7ed9d160-43c5-43d1-a33d-bb7525b67925: start FollowerState
2019-09-04 05:29:40,846 [pool-409-thread-1] INFO  util.JmxRegister (JmxRegister.java:tryRegister(44)) - Successfully registered JMX Bean with object name Ratis:service=RaftServer,group=group-8DB06F66A948,id=7ed9d160-43c5-43d1-a33d-bb7525b67925
2019-09-04 05:29:40,850 [RatisPipelineUtilsThread] INFO  pipeline.PipelineStateManager (PipelineStateManager.java:addPipeline(56)) - Created pipeline Pipeline[ Id: 40d61d20-23b0-4a60-b948-8db06f66a948, Nodes: 7ed9d160-43c5-43d1-a33d-bb7525b67925{ip: 192.168.69.71, host: trunk-nightly-20190904-cdstp-2721877886, networkLocation: /default-rack, certSerialId: null}, Type:RATIS, Factor:ONE, State:OPEN]
2019-09-04 05:29:40,861 [grpc-default-executor-7] INFO  impl.RaftServerProxy (RaftServerProxy.java:addNew(89)) - 53d70931-b2a7-4310-8fe8-2c0a4a694a6e: addNew group-C5E6812517FF:[53d70931-b2a7-4310-8fe8-2c0a4a694a6e:192.168.69.71:35081] returns group-C5E6812517FF:java.util.concurrent.CompletableFuture@50c5ee85[Not completed]
2019-09-04 05:29:40,862 [pool-419-thread-1] INFO  impl.RaftServerImpl (RaftServerImpl.java:<init>(93)) - 53d70931-b2a7-4310-8fe8-2c0a4a694a6e: new RaftServerImpl for group-C5E6812517FF:[53d70931-b2a7-4310-8fe8-2c0a4a694a6e:192.168.69.71:35081] with ContainerStateMachine:uninitialized
2019-09-04 05:29:40,863 [pool-419-thread-1] INFO  server.RaftServerConfigKeys (ConfUtils.java:logGet(43)) - raft.server.rpc.timeout.min = 5s (custom)
2019-09-04 05:29:40,863 [pool-419-thread-1] INFO  server.RaftServerConfigKeys (ConfUtils.java:logGet(43)) - raft.server.rpc.timeout.max = 5200ms (custom)
2019-09-04 05:29:40,863 [pool-419-thread-1] INFO  server.RaftServerConfigKeys (ConfUtils.java:logGet(43)) - raft.server.rpcslowness.timeout = 120s (custom)
2019-09-04 05:29:40,863 [pool-419-thread-1] INFO  server.RaftServerConfigKeys (ConfUtils.java:logGet(43)) - raft.server.sleep.deviation.threshold = 300 (default)
2019-09-04 05:29:40,863 [pool-419-thread-1] INFO  server.RaftServerConfigKeys (ConfUtils.java:logGet(43)) - raft.server.log.appender.install.snapshot.enabled = false (custom)
2019-09-04 05:29:40,863 [pool-419-thread-1] INFO  impl.RaftServerImpl (ServerState.java:<init>(105)) - 53d70931-b2a7-4310-8fe8-2c0a4a694a6e:group-C5E6812517FF ConfigurationManager, init=-1: [53d70931-b2a7-4310-8fe8-2c0a4a694a6e:192.168.69.71:35081], old=null, confs=<EMPTY_MAP>
2019-09-04 05:29:40,863 [pool-419-thread-1] INFO  server.RaftServerConfigKeys (ConfUtils.java:logGet(43)) - raft.server.storage.dir = [/workdir/hadoop-ozone/integration-test/target/test-dir/MiniOzoneClusterImpl-58a0207e-7756-41d3-9e8c-a97c8f82cfe0/datanode-1/data/ratis] (custom)
2019-09-04 05:29:40,864 [pool-419-thread-1] INFO  storage.RaftStorageDirectory (RaftStorageDirectory.java:analyzeStorage(246)) - The storage directory /workdir/hadoop-ozone/integration-test/target/test-dir/MiniOzoneClusterImpl-58a0207e-7756-41d3-9e8c-a97c8f82cfe0/datanode-1/data/ratis/4a0958be-a4f2-4843-b63b-c5e6812517ff does not exist. Creating ...
2019-09-04 05:29:40,875 [IPC Server handler 1 on 33172] INFO  net.NetworkTopology (NetworkTopologyImpl.java:add(110)) - Added a new node: /default-rack/7829b0ca-b8cc-4d14-b96a-9fb080896240
2019-09-04 05:29:40,875 [IPC Server handler 1 on 33172] INFO  node.SCMNodeManager (SCMNodeManager.java:register(266)) - Registered Data node : 7829b0ca-b8cc-4d14-b96a-9fb080896240{ip: 192.168.69.71, host: trunk-nightly-20190904-cdstp-2721877886, networkLocation: /default-rack, certSerialId: null}
2019-09-04 05:29:40,890 [pool-419-thread-1] INFO  storage.RaftStorageDirectory (RaftStorageDirectory.java:tryLock(328)) - Lock on /workdir/hadoop-ozone/integration-test/target/test-dir/MiniOzoneClusterImpl-58a0207e-7756-41d3-9e8c-a97c8f82cfe0/datanode-1/data/ratis/4a0958be-a4f2-4843-b63b-c5e6812517ff/in_use.lock acquired by nodename 17059@trunk-nightly-20190904-cdstp-2721877886
2019-09-04 05:29:40,916 [pool-419-thread-1] INFO  storage.RaftStorage (RaftStorage.java:format(72)) - Storage directory /workdir/hadoop-ozone/integration-test/target/test-dir/MiniOzoneClusterImpl-58a0207e-7756-41d3-9e8c-a97c8f82cfe0/datanode-1/data/ratis/4a0958be-a4f2-4843-b63b-c5e6812517ff has been successfully formatted.
2019-09-04 05:29:40,916 [pool-419-thread-1] INFO  ratis.ContainerStateMachine (ContainerStateMachine.java:loadSnapshot(227)) - group-C5E6812517FF: The snapshot info is null. Setting the last applied indexto:(t:0, i:~)
2019-09-04 05:29:40,916 [pool-419-thread-1] INFO  server.RaftServerConfigKeys (ConfUtils.java:logGet(43)) - raft.server.leader.election.timeout = 120s (custom)
2019-09-04 05:29:40,916 [pool-419-thread-1] INFO  server.RaftServerConfigKeys (ConfUtils.java:logGet(43)) - raft.server.log.use.memory = false (default)
2019-09-04 05:29:40,917 [pool-419-thread-1] INFO  server.RaftServerConfigKeys (ConfUtils.java:logGet(43)) - raft.server.log.purge.gap = 1000000 (custom)
2019-09-04 05:29:40,917 [pool-419-thread-1] INFO  server.RaftServerConfigKeys (ConfUtils.java:logGet(43)) - raft.server.log.appender.buffer.byte-limit = 33554432 (custom)
2019-09-04 05:29:40,917 [pool-419-thread-1] INFO  server.RaftServerConfigKeys (ConfUtils.java:logGet(43)) - raft.server.log.segment.size.max = 1048576 (custom)
2019-09-04 05:29:40,917 [pool-419-thread-1] INFO  server.RaftServerConfigKeys (ConfUtils.java:logGet(43)) - raft.server.log.segment.cache.num.max = 2 (custom)
2019-09-04 05:29:40,917 [pool-419-thread-1] INFO  segmented.SegmentedRaftLogWorker (SegmentedRaftLogWorker.java:<init>(172)) - new 53d70931-b2a7-4310-8fe8-2c0a4a694a6e-SegmentedRaftLogWorker:Storage Directory /workdir/hadoop-ozone/integration-test/target/test-dir/MiniOzoneClusterImpl-58a0207e-7756-41d3-9e8c-a97c8f82cfe0/datanode-1/data/ratis/4a0958be-a4f2-4843-b63b-c5e6812517ff for RaftStorage:Storage Directory /workdir/hadoop-ozone/integration-test/target/test-dir/MiniOzoneClusterImpl-58a0207e-7756-41d3-9e8c-a97c8f82cfe0/datanode-1/data/ratis/4a0958be-a4f2-4843-b63b-c5e6812517ff
2019-09-04 05:29:40,917 [pool-419-thread-1] INFO  server.RaftServerConfigKeys (ConfUtils.java:logGet(43)) - raft.server.log.queue.byte-limit = 2147483647 (custom)
2019-09-04 05:29:40,917 [pool-419-thread-1] INFO  server.RaftServerConfigKeys (ConfUtils.java:logGet(43)) - raft.server.log.queue.element-limit = 1024 (custom)
2019-09-04 05:29:40,918 [pool-419-thread-1] INFO  server.RaftServerConfigKeys (ConfUtils.java:logGet(43)) - raft.server.log.segment.size.max = 1048576 (custom)
2019-09-04 05:29:40,918 [pool-419-thread-1] INFO  server.RaftServerConfigKeys (ConfUtils.java:logGet(43)) - raft.server.log.preallocated.size = 16384 (custom)
2019-09-04 05:29:40,918 [pool-419-thread-1] INFO  server.RaftServerConfigKeys (ConfUtils.java:logGet(43)) - raft.server.log.write.buffer.size = 33554432 (custom)
2019-09-04 05:29:40,918 [pool-419-thread-1] INFO  server.RaftServerConfigKeys (ConfUtils.java:logGet(43)) - raft.server.log.force.sync.num = 128 (default)
2019-09-04 05:29:40,918 [pool-419-thread-1] INFO  server.RaftServerConfigKeys (ConfUtils.java:logGet(43)) - raft.server.log.statemachine.data.sync = true (default)
2019-09-04 05:29:40,918 [pool-419-thread-1] INFO  server.RaftServerConfigKeys (ConfUtils.java:logGet(43)) - raft.server.log.statemachine.data.sync.timeout = 10s (default)
2019-09-04 05:29:40,919 [pool-419-thread-1] INFO  server.RaftServerConfigKeys (ConfUtils.java:logGet(43)) - raft.server.log.statemachine.data.sync.timeout.retry = -1 (default)
2019-09-04 05:29:40,919 [pool-419-thread-1] INFO  server.RaftServerConfigKeys (ConfUtils.java:logGet(43)) - raft.server.log.statemachine.data.caching.enabled = true (custom)
2019-09-04 05:29:40,920 [pool-419-thread-1] INFO  segmented.SegmentedRaftLogWorker (SegmentedRaftLogWorker.java:lambda$new$0(132)) - 53d70931-b2a7-4310-8fe8-2c0a4a694a6e-SegmentedRaftLogWorker:Storage Directory /workdir/hadoop-ozone/integration-test/target/test-dir/MiniOzoneClusterImpl-58a0207e-7756-41d3-9e8c-a97c8f82cfe0/datanode-1/data/ratis/4a0958be-a4f2-4843-b63b-c5e6812517ff: flushIndex: setUnconditionally 0 -> -1
2019-09-04 05:29:40,920 [pool-419-thread-1] INFO  server.RaftServerConfigKeys (ConfUtils.java:logGet(43)) - raft.server.snapshot.auto.trigger.enabled = true (custom)
2019-09-04 05:29:40,920 [pool-419-thread-1] INFO  server.RaftServerConfigKeys (ConfUtils.java:logGet(43)) - raft.server.snapshot.auto.trigger.threshold = 10000 (custom)
2019-09-04 05:29:40,921 [pool-419-thread-1] INFO  server.RaftServerConfigKeys (ConfUtils.java:logGet(43)) - raft.server.retrycache.expirytime = 600000ms (custom)
2019-09-04 05:29:40,921 [pool-419-thread-1] INFO  impl.RaftServerImpl (RaftServerImpl.java:start(180)) - 53d70931-b2a7-4310-8fe8-2c0a4a694a6e: start group-C5E6812517FF
2019-09-04 05:29:40,921 [pool-419-thread-1] INFO  impl.RaftServerImpl (RaftServerImpl.java:setRole(171)) - 53d70931-b2a7-4310-8fe8-2c0a4a694a6e:group-C5E6812517FF changes role from null to FOLLOWER at term 0 for startAsFollower
2019-09-04 05:29:40,921 [pool-419-thread-1] INFO  impl.RoleInfo (RoleInfo.java:updateAndGet(143)) - 53d70931-b2a7-4310-8fe8-2c0a4a694a6e: start FollowerState
2019-09-04 05:29:40,921 [pool-419-thread-1] INFO  util.JmxRegister (JmxRegister.java:tryRegister(44)) - Successfully registered JMX Bean with object name Ratis:service=RaftServer,group=group-C5E6812517FF,id=53d70931-b2a7-4310-8fe8-2c0a4a694a6e
2019-09-04 05:29:40,924 [RatisPipelineUtilsThread] INFO  pipeline.PipelineStateManager (PipelineStateManager.java:addPipeline(56)) - Created pipeline Pipeline[ Id: 4a0958be-a4f2-4843-b63b-c5e6812517ff, Nodes: 53d70931-b2a7-4310-8fe8-2c0a4a694a6e{ip: 192.168.69.71, host: trunk-nightly-20190904-cdstp-2721877886, networkLocation: /default-rack, certSerialId: null}, Type:RATIS, Factor:ONE, State:OPEN]
2019-09-04 05:29:40,933 [grpc-default-executor-7] INFO  impl.RaftServerProxy (RaftServerProxy.java:addNew(89)) - 7829b0ca-b8cc-4d14-b96a-9fb080896240: addNew group-351861566542:[7829b0ca-b8cc-4d14-b96a-9fb080896240:192.168.69.71:41512] returns group-351861566542:java.util.concurrent.CompletableFuture@7d97877d[Not completed]
2019-09-04 05:29:40,935 [pool-429-thread-1] INFO  impl.RaftServerImpl (RaftServerImpl.java:<init>(93)) - 7829b0ca-b8cc-4d14-b96a-9fb080896240: new RaftServerImpl for group-351861566542:[7829b0ca-b8cc-4d14-b96a-9fb080896240:192.168.69.71:41512] with ContainerStateMachine:uninitialized
2019-09-04 05:29:40,935 [pool-429-thread-1] INFO  server.RaftServerConfigKeys (ConfUtils.java:logGet(43)) - raft.server.rpc.timeout.min = 5s (custom)
2019-09-04 05:29:40,935 [pool-429-thread-1] INFO  server.RaftServerConfigKeys (ConfUtils.java:logGet(43)) - raft.server.rpc.timeout.max = 5200ms (custom)
2019-09-04 05:29:40,935 [pool-429-thread-1] INFO  server.RaftServerConfigKeys (ConfUtils.java:logGet(43)) - raft.server.rpcslowness.timeout = 120s (custom)
2019-09-04 05:29:40,935 [pool-429-thread-1] INFO  server.RaftServerConfigKeys (ConfUtils.java:logGet(43)) - raft.server.sleep.deviation.threshold = 300 (default)
2019-09-04 05:29:40,935 [pool-429-thread-1] INFO  server.RaftServerConfigKeys (ConfUtils.java:logGet(43)) - raft.server.log.appender.install.snapshot.enabled = false (custom)
2019-09-04 05:29:40,936 [pool-429-thread-1] INFO  impl.RaftServerImpl (ServerState.java:<init>(105)) - 7829b0ca-b8cc-4d14-b96a-9fb080896240:group-351861566542 ConfigurationManager, init=-1: [7829b0ca-b8cc-4d14-b96a-9fb080896240:192.168.69.71:41512], old=null, confs=<EMPTY_MAP>
2019-09-04 05:29:40,936 [pool-429-thread-1] INFO  server.RaftServerConfigKeys (ConfUtils.java:logGet(43)) - raft.server.storage.dir = [/workdir/hadoop-ozone/integration-test/target/test-dir/MiniOzoneClusterImpl-58a0207e-7756-41d3-9e8c-a97c8f82cfe0/datanode-2/data/ratis] (custom)
2019-09-04 05:29:40,936 [pool-429-thread-1] INFO  storage.RaftStorageDirectory (RaftStorageDirectory.java:analyzeStorage(246)) - The storage directory /workdir/hadoop-ozone/integration-test/target/test-dir/MiniOzoneClusterImpl-58a0207e-7756-41d3-9e8c-a97c8f82cfe0/datanode-2/data/ratis/a023c2d2-9d99-409c-b098-351861566542 does not exist. Creating ...
2019-09-04 05:29:40,949 [IPC Server handler 2 on 33172] INFO  net.NetworkTopology (NetworkTopologyImpl.java:add(110)) - Added a new node: /default-rack/695330d6-66f9-4943-9293-d16e4d5ea686
2019-09-04 05:29:40,949 [IPC Server handler 2 on 33172] INFO  node.SCMNodeManager (SCMNodeManager.java:register(266)) - Registered Data node : 695330d6-66f9-4943-9293-d16e4d5ea686{ip: 192.168.69.71, host: trunk-nightly-20190904-cdstp-2721877886, networkLocation: /default-rack, certSerialId: null}
2019-09-04 05:29:40,966 [pool-429-thread-1] INFO  storage.RaftStorageDirectory (RaftStorageDirectory.java:tryLock(328)) - Lock on /workdir/hadoop-ozone/integration-test/target/test-dir/MiniOzoneClusterImpl-58a0207e-7756-41d3-9e8c-a97c8f82cfe0/datanode-2/data/ratis/a023c2d2-9d99-409c-b098-351861566542/in_use.lock acquired by nodename 17059@trunk-nightly-20190904-cdstp-2721877886
2019-09-04 05:29:40,992 [pool-429-thread-1] INFO  storage.RaftStorage (RaftStorage.java:format(72)) - Storage directory /workdir/hadoop-ozone/integration-test/target/test-dir/MiniOzoneClusterImpl-58a0207e-7756-41d3-9e8c-a97c8f82cfe0/datanode-2/data/ratis/a023c2d2-9d99-409c-b098-351861566542 has been successfully formatted.
2019-09-04 05:29:40,992 [pool-429-thread-1] INFO  ratis.ContainerStateMachine (ContainerStateMachine.java:loadSnapshot(227)) - group-351861566542: The snapshot info is null. Setting the last applied indexto:(t:0, i:~)
2019-09-04 05:29:40,992 [pool-429-thread-1] INFO  server.RaftServerConfigKeys (ConfUtils.java:logGet(43)) - raft.server.leader.election.timeout = 120s (custom)
2019-09-04 05:29:40,992 [pool-429-thread-1] INFO  server.RaftServerConfigKeys (ConfUtils.java:logGet(43)) - raft.server.log.use.memory = false (default)
2019-09-04 05:29:40,993 [pool-429-thread-1] INFO  server.RaftServerConfigKeys (ConfUtils.java:logGet(43)) - raft.server.log.purge.gap = 1000000 (custom)
2019-09-04 05:29:40,993 [pool-429-thread-1] INFO  server.RaftServerConfigKeys (ConfUtils.java:logGet(43)) - raft.server.log.appender.buffer.byte-limit = 33554432 (custom)
2019-09-04 05:29:40,993 [pool-429-thread-1] INFO  server.RaftServerConfigKeys (ConfUtils.java:logGet(43)) - raft.server.log.segment.size.max = 1048576 (custom)
2019-09-04 05:29:40,993 [pool-429-thread-1] INFO  server.RaftServerConfigKeys (ConfUtils.java:logGet(43)) - raft.server.log.segment.cache.num.max = 2 (custom)
2019-09-04 05:29:40,993 [pool-429-thread-1] INFO  segmented.SegmentedRaftLogWorker (SegmentedRaftLogWorker.java:<init>(172)) - new 7829b0ca-b8cc-4d14-b96a-9fb080896240-SegmentedRaftLogWorker:Storage Directory /workdir/hadoop-ozone/integration-test/target/test-dir/MiniOzoneClusterImpl-58a0207e-7756-41d3-9e8c-a97c8f82cfe0/datanode-2/data/ratis/a023c2d2-9d99-409c-b098-351861566542 for RaftStorage:Storage Directory /workdir/hadoop-ozone/integration-test/target/test-dir/MiniOzoneClusterImpl-58a0207e-7756-41d3-9e8c-a97c8f82cfe0/datanode-2/data/ratis/a023c2d2-9d99-409c-b098-351861566542
2019-09-04 05:29:40,994 [pool-429-thread-1] INFO  server.RaftServerConfigKeys (ConfUtils.java:logGet(43)) - raft.server.log.queue.byte-limit = 2147483647 (custom)
2019-09-04 05:29:40,994 [pool-429-thread-1] INFO  server.RaftServerConfigKeys (ConfUtils.java:logGet(43)) - raft.server.log.queue.element-limit = 1024 (custom)
2019-09-04 05:29:40,994 [pool-429-thread-1] INFO  server.RaftServerConfigKeys (ConfUtils.java:logGet(43)) - raft.server.log.segment.size.max = 1048576 (custom)
2019-09-04 05:29:40,994 [pool-429-thread-1] INFO  server.RaftServerConfigKeys (ConfUtils.java:logGet(43)) - raft.server.log.preallocated.size = 16384 (custom)
2019-09-04 05:29:40,995 [pool-429-thread-1] INFO  server.RaftServerConfigKeys (ConfUtils.java:logGet(43)) - raft.server.log.write.buffer.size = 33554432 (custom)
2019-09-04 05:29:40,995 [pool-429-thread-1] INFO  server.RaftServerConfigKeys (ConfUtils.java:logGet(43)) - raft.server.log.force.sync.num = 128 (default)
2019-09-04 05:29:40,995 [pool-429-thread-1] INFO  server.RaftServerConfigKeys (ConfUtils.java:logGet(43)) - raft.server.log.statemachine.data.sync = true (default)
2019-09-04 05:29:40,995 [pool-429-thread-1] INFO  server.RaftServerConfigKeys (ConfUtils.java:logGet(43)) - raft.server.log.statemachine.data.sync.timeout = 10s (default)
2019-09-04 05:29:40,995 [pool-429-thread-1] INFO  server.RaftServerConfigKeys (ConfUtils.java:logGet(43)) - raft.server.log.statemachine.data.sync.timeout.retry = -1 (default)
2019-09-04 05:29:40,996 [pool-429-thread-1] INFO  server.RaftServerConfigKeys (ConfUtils.java:logGet(43)) - raft.server.log.statemachine.data.caching.enabled = true (custom)
2019-09-04 05:29:40,996 [pool-429-thread-1] INFO  segmented.SegmentedRaftLogWorker (SegmentedRaftLogWorker.java:lambda$new$0(132)) - 7829b0ca-b8cc-4d14-b96a-9fb080896240-SegmentedRaftLogWorker:Storage Directory /workdir/hadoop-ozone/integration-test/target/test-dir/MiniOzoneClusterImpl-58a0207e-7756-41d3-9e8c-a97c8f82cfe0/datanode-2/data/ratis/a023c2d2-9d99-409c-b098-351861566542: flushIndex: setUnconditionally 0 -> -1
2019-09-04 05:29:40,997 [pool-429-thread-1] INFO  server.RaftServerConfigKeys (ConfUtils.java:logGet(43)) - raft.server.snapshot.auto.trigger.enabled = true (custom)
2019-09-04 05:29:40,997 [pool-429-thread-1] INFO  server.RaftServerConfigKeys (ConfUtils.java:logGet(43)) - raft.server.snapshot.auto.trigger.threshold = 10000 (custom)
2019-09-04 05:29:40,997 [pool-429-thread-1] INFO  server.RaftServerConfigKeys (ConfUtils.java:logGet(43)) - raft.server.retrycache.expirytime = 600000ms (custom)
2019-09-04 05:29:40,997 [pool-429-thread-1] INFO  impl.RaftServerImpl (RaftServerImpl.java:start(180)) - 7829b0ca-b8cc-4d14-b96a-9fb080896240: start group-351861566542
2019-09-04 05:29:40,997 [pool-429-thread-1] INFO  impl.RaftServerImpl (RaftServerImpl.java:setRole(171)) - 7829b0ca-b8cc-4d14-b96a-9fb080896240:group-351861566542 changes role from null to FOLLOWER at term 0 for startAsFollower
2019-09-04 05:29:40,998 [pool-429-thread-1] INFO  impl.RoleInfo (RoleInfo.java:updateAndGet(143)) - 7829b0ca-b8cc-4d14-b96a-9fb080896240: start FollowerState
2019-09-04 05:29:40,998 [pool-429-thread-1] INFO  util.JmxRegister (JmxRegister.java:tryRegister(44)) - Successfully registered JMX Bean with object name Ratis:service=RaftServer,group=group-351861566542,id=7829b0ca-b8cc-4d14-b96a-9fb080896240
2019-09-04 05:29:41,000 [RatisPipelineUtilsThread] INFO  pipeline.PipelineStateManager (PipelineStateManager.java:addPipeline(56)) - Created pipeline Pipeline[ Id: a023c2d2-9d99-409c-b098-351861566542, Nodes: 7829b0ca-b8cc-4d14-b96a-9fb080896240{ip: 192.168.69.71, host: trunk-nightly-20190904-cdstp-2721877886, networkLocation: /default-rack, certSerialId: null}, Type:RATIS, Factor:ONE, State:OPEN]
2019-09-04 05:29:41,009 [grpc-default-executor-7] INFO  impl.RaftServerProxy (RaftServerProxy.java:addNew(89)) - 695330d6-66f9-4943-9293-d16e4d5ea686: addNew group-092DE4DC542B:[695330d6-66f9-4943-9293-d16e4d5ea686:192.168.69.71:37616] returns group-092DE4DC542B:java.util.concurrent.CompletableFuture@33655271[Not completed]
2019-09-04 05:29:41,011 [pool-439-thread-1] INFO  impl.RaftServerImpl (RaftServerImpl.java:<init>(93)) - 695330d6-66f9-4943-9293-d16e4d5ea686: new RaftServerImpl for group-092DE4DC542B:[695330d6-66f9-4943-9293-d16e4d5ea686:192.168.69.71:37616] with ContainerStateMachine:uninitialized
2019-09-04 05:29:41,011 [IPC Server handler 3 on 33172] INFO  net.NetworkTopology (NetworkTopologyImpl.java:add(110)) - Added a new node: /default-rack/74de5f20-9e74-428d-822d-cb54bc80bbbc
2019-09-04 05:29:41,011 [pool-439-thread-1] INFO  server.RaftServerConfigKeys (ConfUtils.java:logGet(43)) - raft.server.rpc.timeout.min = 5s (custom)
2019-09-04 05:29:41,011 [IPC Server handler 3 on 33172] INFO  node.SCMNodeManager (SCMNodeManager.java:register(266)) - Registered Data node : 74de5f20-9e74-428d-822d-cb54bc80bbbc{ip: 192.168.69.71, host: trunk-nightly-20190904-cdstp-2721877886, networkLocation: /default-rack, certSerialId: null}
2019-09-04 05:29:41,011 [pool-439-thread-1] INFO  server.RaftServerConfigKeys (ConfUtils.java:logGet(43)) - raft.server.rpc.timeout.max = 5200ms (custom)
2019-09-04 05:29:41,011 [pool-439-thread-1] INFO  server.RaftServerConfigKeys (ConfUtils.java:logGet(43)) - raft.server.rpcslowness.timeout = 120s (custom)
2019-09-04 05:29:41,011 [pool-439-thread-1] INFO  server.RaftServerConfigKeys (ConfUtils.java:logGet(43)) - raft.server.sleep.deviation.threshold = 300 (default)
2019-09-04 05:29:41,012 [pool-439-thread-1] INFO  server.RaftServerConfigKeys (ConfUtils.java:logGet(43)) - raft.server.log.appender.install.snapshot.enabled = false (custom)
2019-09-04 05:29:41,012 [pool-439-thread-1] INFO  impl.RaftServerImpl (ServerState.java:<init>(105)) - 695330d6-66f9-4943-9293-d16e4d5ea686:group-092DE4DC542B ConfigurationManager, init=-1: [695330d6-66f9-4943-9293-d16e4d5ea686:192.168.69.71:37616], old=null, confs=<EMPTY_MAP>
2019-09-04 05:29:41,012 [pool-439-thread-1] INFO  server.RaftServerConfigKeys (ConfUtils.java:logGet(43)) - raft.server.storage.dir = [/workdir/hadoop-ozone/integration-test/target/test-dir/MiniOzoneClusterImpl-58a0207e-7756-41d3-9e8c-a97c8f82cfe0/datanode-3/data/ratis] (custom)
2019-09-04 05:29:41,012 [pool-439-thread-1] INFO  storage.RaftStorageDirectory (RaftStorageDirectory.java:analyzeStorage(246)) - The storage directory /workdir/hadoop-ozone/integration-test/target/test-dir/MiniOzoneClusterImpl-58a0207e-7756-41d3-9e8c-a97c8f82cfe0/datanode-3/data/ratis/dfef6602-955b-48b7-895f-092de4dc542b does not exist. Creating ...
2019-09-04 05:29:41,034 [pool-439-thread-1] INFO  storage.RaftStorageDirectory (RaftStorageDirectory.java:tryLock(328)) - Lock on /workdir/hadoop-ozone/integration-test/target/test-dir/MiniOzoneClusterImpl-58a0207e-7756-41d3-9e8c-a97c8f82cfe0/datanode-3/data/ratis/dfef6602-955b-48b7-895f-092de4dc542b/in_use.lock acquired by nodename 17059@trunk-nightly-20190904-cdstp-2721877886
2019-09-04 05:29:41,067 [pool-439-thread-1] INFO  storage.RaftStorage (RaftStorage.java:format(72)) - Storage directory /workdir/hadoop-ozone/integration-test/target/test-dir/MiniOzoneClusterImpl-58a0207e-7756-41d3-9e8c-a97c8f82cfe0/datanode-3/data/ratis/dfef6602-955b-48b7-895f-092de4dc542b has been successfully formatted.
2019-09-04 05:29:41,068 [pool-439-thread-1] INFO  ratis.ContainerStateMachine (ContainerStateMachine.java:loadSnapshot(227)) - group-092DE4DC542B: The snapshot info is null. Setting the last applied indexto:(t:0, i:~)
2019-09-04 05:29:41,068 [pool-439-thread-1] INFO  server.RaftServerConfigKeys (ConfUtils.java:logGet(43)) - raft.server.leader.election.timeout = 120s (custom)
2019-09-04 05:29:41,068 [pool-439-thread-1] INFO  server.RaftServerConfigKeys (ConfUtils.java:logGet(43)) - raft.server.log.use.memory = false (default)
2019-09-04 05:29:41,068 [pool-439-thread-1] INFO  server.RaftServerConfigKeys (ConfUtils.java:logGet(43)) - raft.server.log.purge.gap = 1000000 (custom)
2019-09-04 05:29:41,068 [pool-439-thread-1] INFO  server.RaftServerConfigKeys (ConfUtils.java:logGet(43)) - raft.server.log.appender.buffer.byte-limit = 33554432 (custom)
2019-09-04 05:29:41,069 [pool-439-thread-1] INFO  server.RaftServerConfigKeys (ConfUtils.java:logGet(43)) - raft.server.log.segment.size.max = 1048576 (custom)
2019-09-04 05:29:41,069 [pool-439-thread-1] INFO  server.RaftServerConfigKeys (ConfUtils.java:logGet(43)) - raft.server.log.segment.cache.num.max = 2 (custom)
2019-09-04 05:29:41,069 [pool-439-thread-1] INFO  segmented.SegmentedRaftLogWorker (SegmentedRaftLogWorker.java:<init>(172)) - new 695330d6-66f9-4943-9293-d16e4d5ea686-SegmentedRaftLogWorker:Storage Directory /workdir/hadoop-ozone/integration-test/target/test-dir/MiniOzoneClusterImpl-58a0207e-7756-41d3-9e8c-a97c8f82cfe0/datanode-3/data/ratis/dfef6602-955b-48b7-895f-092de4dc542b for RaftStorage:Storage Directory /workdir/hadoop-ozone/integration-test/target/test-dir/MiniOzoneClusterImpl-58a0207e-7756-41d3-9e8c-a97c8f82cfe0/datanode-3/data/ratis/dfef6602-955b-48b7-895f-092de4dc542b
2019-09-04 05:29:41,069 [pool-439-thread-1] INFO  server.RaftServerConfigKeys (ConfUtils.java:logGet(43)) - raft.server.log.queue.byte-limit = 2147483647 (custom)
2019-09-04 05:29:41,069 [pool-439-thread-1] INFO  server.RaftServerConfigKeys (ConfUtils.java:logGet(43)) - raft.server.log.queue.element-limit = 1024 (custom)
2019-09-04 05:29:41,070 [pool-439-thread-1] INFO  server.RaftServerConfigKeys (ConfUtils.java:logGet(43)) - raft.server.log.segment.size.max = 1048576 (custom)
2019-09-04 05:29:41,070 [pool-439-thread-1] INFO  server.RaftServerConfigKeys (ConfUtils.java:logGet(43)) - raft.server.log.preallocated.size = 16384 (custom)
2019-09-04 05:29:41,070 [pool-439-thread-1] INFO  server.RaftServerConfigKeys (ConfUtils.java:logGet(43)) - raft.server.log.write.buffer.size = 33554432 (custom)
2019-09-04 05:29:41,070 [pool-439-thread-1] INFO  server.RaftServerConfigKeys (ConfUtils.java:logGet(43)) - raft.server.log.force.sync.num = 128 (default)
2019-09-04 05:29:41,070 [pool-439-thread-1] INFO  server.RaftServerConfigKeys (ConfUtils.java:logGet(43)) - raft.server.log.statemachine.data.sync = true (default)
2019-09-04 05:29:41,070 [pool-439-thread-1] INFO  server.RaftServerConfigKeys (ConfUtils.java:logGet(43)) - raft.server.log.statemachine.data.sync.timeout = 10s (default)
2019-09-04 05:29:41,070 [pool-439-thread-1] INFO  server.RaftServerConfigKeys (ConfUtils.java:logGet(43)) - raft.server.log.statemachine.data.sync.timeout.retry = -1 (default)
2019-09-04 05:29:41,071 [pool-439-thread-1] INFO  server.RaftServerConfigKeys (ConfUtils.java:logGet(43)) - raft.server.log.statemachine.data.caching.enabled = true (custom)
2019-09-04 05:29:41,071 [pool-439-thread-1] INFO  segmented.SegmentedRaftLogWorker (SegmentedRaftLogWorker.java:lambda$new$0(132)) - 695330d6-66f9-4943-9293-d16e4d5ea686-SegmentedRaftLogWorker:Storage Directory /workdir/hadoop-ozone/integration-test/target/test-dir/MiniOzoneClusterImpl-58a0207e-7756-41d3-9e8c-a97c8f82cfe0/datanode-3/data/ratis/dfef6602-955b-48b7-895f-092de4dc542b: flushIndex: setUnconditionally 0 -> -1
2019-09-04 05:29:41,072 [pool-439-thread-1] INFO  server.RaftServerConfigKeys (ConfUtils.java:logGet(43)) - raft.server.snapshot.auto.trigger.enabled = true (custom)
2019-09-04 05:29:41,072 [pool-439-thread-1] INFO  server.RaftServerConfigKeys (ConfUtils.java:logGet(43)) - raft.server.snapshot.auto.trigger.threshold = 10000 (custom)
2019-09-04 05:29:41,072 [pool-439-thread-1] INFO  server.RaftServerConfigKeys (ConfUtils.java:logGet(43)) - raft.server.retrycache.expirytime = 600000ms (custom)
2019-09-04 05:29:41,072 [pool-439-thread-1] INFO  impl.RaftServerImpl (RaftServerImpl.java:start(180)) - 695330d6-66f9-4943-9293-d16e4d5ea686: start group-092DE4DC542B
2019-09-04 05:29:41,072 [pool-439-thread-1] INFO  impl.RaftServerImpl (RaftServerImpl.java:setRole(171)) - 695330d6-66f9-4943-9293-d16e4d5ea686:group-092DE4DC542B changes role from null to FOLLOWER at term 0 for startAsFollower
2019-09-04 05:29:41,072 [pool-439-thread-1] INFO  impl.RoleInfo (RoleInfo.java:updateAndGet(143)) - 695330d6-66f9-4943-9293-d16e4d5ea686: start FollowerState
2019-09-04 05:29:41,087 [pool-439-thread-1] INFO  util.JmxRegister (JmxRegister.java:tryRegister(44)) - Successfully registered JMX Bean with object name Ratis:service=RaftServer,group=group-092DE4DC542B,id=695330d6-66f9-4943-9293-d16e4d5ea686
2019-09-04 05:29:41,097 [IPC Server handler 4 on 33172] INFO  net.NetworkTopology (NetworkTopologyImpl.java:add(110)) - Added a new node: /default-rack/3573222a-ec1b-4e89-993f-eee582ca57d4
2019-09-04 05:29:41,097 [IPC Server handler 4 on 33172] INFO  node.SCMNodeManager (SCMNodeManager.java:register(266)) - Registered Data node : 3573222a-ec1b-4e89-993f-eee582ca57d4{ip: 192.168.69.71, host: trunk-nightly-20190904-cdstp-2721877886, networkLocation: /default-rack, certSerialId: null}
2019-09-04 05:29:41,098 [RatisPipelineUtilsThread] INFO  pipeline.PipelineStateManager (PipelineStateManager.java:addPipeline(56)) - Created pipeline Pipeline[ Id: dfef6602-955b-48b7-895f-092de4dc542b, Nodes: 695330d6-66f9-4943-9293-d16e4d5ea686{ip: 192.168.69.71, host: trunk-nightly-20190904-cdstp-2721877886, networkLocation: /default-rack, certSerialId: null}, Type:RATIS, Factor:ONE, State:OPEN]
2019-09-04 05:29:41,107 [grpc-default-executor-7] INFO  impl.RaftServerProxy (RaftServerProxy.java:addNew(89)) - 74de5f20-9e74-428d-822d-cb54bc80bbbc: addNew group-E33173EC0E23:[74de5f20-9e74-428d-822d-cb54bc80bbbc:192.168.69.71:36124] returns group-E33173EC0E23:java.util.concurrent.CompletableFuture@48513392[Not completed]
2019-09-04 05:29:41,108 [pool-449-thread-1] INFO  impl.RaftServerImpl (RaftServerImpl.java:<init>(93)) - 74de5f20-9e74-428d-822d-cb54bc80bbbc: new RaftServerImpl for group-E33173EC0E23:[74de5f20-9e74-428d-822d-cb54bc80bbbc:192.168.69.71:36124] with ContainerStateMachine:uninitialized
2019-09-04 05:29:41,108 [pool-449-thread-1] INFO  server.RaftServerConfigKeys (ConfUtils.java:logGet(43)) - raft.server.rpc.timeout.min = 5s (custom)
2019-09-04 05:29:41,108 [pool-449-thread-1] INFO  server.RaftServerConfigKeys (ConfUtils.java:logGet(43)) - raft.server.rpc.timeout.max = 5200ms (custom)
2019-09-04 05:29:41,109 [pool-449-thread-1] INFO  server.RaftServerConfigKeys (ConfUtils.java:logGet(43)) - raft.server.rpcslowness.timeout = 120s (custom)
2019-09-04 05:29:41,109 [pool-449-thread-1] INFO  server.RaftServerConfigKeys (ConfUtils.java:logGet(43)) - raft.server.sleep.deviation.threshold = 300 (default)
2019-09-04 05:29:41,109 [pool-449-thread-1] INFO  server.RaftServerConfigKeys (ConfUtils.java:logGet(43)) - raft.server.log.appender.install.snapshot.enabled = false (custom)
2019-09-04 05:29:41,109 [pool-449-thread-1] INFO  impl.RaftServerImpl (ServerState.java:<init>(105)) - 74de5f20-9e74-428d-822d-cb54bc80bbbc:group-E33173EC0E23 ConfigurationManager, init=-1: [74de5f20-9e74-428d-822d-cb54bc80bbbc:192.168.69.71:36124], old=null, confs=<EMPTY_MAP>
2019-09-04 05:29:41,109 [pool-449-thread-1] INFO  server.RaftServerConfigKeys (ConfUtils.java:logGet(43)) - raft.server.storage.dir = [/workdir/hadoop-ozone/integration-test/target/test-dir/MiniOzoneClusterImpl-58a0207e-7756-41d3-9e8c-a97c8f82cfe0/datanode-4/data/ratis] (custom)
2019-09-04 05:29:41,110 [pool-449-thread-1] INFO  storage.RaftStorageDirectory (RaftStorageDirectory.java:analyzeStorage(246)) - The storage directory /workdir/hadoop-ozone/integration-test/target/test-dir/MiniOzoneClusterImpl-58a0207e-7756-41d3-9e8c-a97c8f82cfe0/datanode-4/data/ratis/29922b1e-ce19-4447-b7e7-e33173ec0e23 does not exist. Creating ...
2019-09-04 05:29:41,134 [pool-449-thread-1] INFO  storage.RaftStorageDirectory (RaftStorageDirectory.java:tryLock(328)) - Lock on /workdir/hadoop-ozone/integration-test/target/test-dir/MiniOzoneClusterImpl-58a0207e-7756-41d3-9e8c-a97c8f82cfe0/datanode-4/data/ratis/29922b1e-ce19-4447-b7e7-e33173ec0e23/in_use.lock acquired by nodename 17059@trunk-nightly-20190904-cdstp-2721877886
2019-09-04 05:29:41,160 [pool-449-thread-1] INFO  storage.RaftStorage (RaftStorage.java:format(72)) - Storage directory /workdir/hadoop-ozone/integration-test/target/test-dir/MiniOzoneClusterImpl-58a0207e-7756-41d3-9e8c-a97c8f82cfe0/datanode-4/data/ratis/29922b1e-ce19-4447-b7e7-e33173ec0e23 has been successfully formatted.
2019-09-04 05:29:41,160 [pool-449-thread-1] INFO  ratis.ContainerStateMachine (ContainerStateMachine.java:loadSnapshot(227)) - group-E33173EC0E23: The snapshot info is null. Setting the last applied indexto:(t:0, i:~)
2019-09-04 05:29:41,160 [pool-449-thread-1] INFO  server.RaftServerConfigKeys (ConfUtils.java:logGet(43)) - raft.server.leader.election.timeout = 120s (custom)
2019-09-04 05:29:41,160 [pool-449-thread-1] INFO  server.RaftServerConfigKeys (ConfUtils.java:logGet(43)) - raft.server.log.use.memory = false (default)
2019-09-04 05:29:41,161 [pool-449-thread-1] INFO  server.RaftServerConfigKeys (ConfUtils.java:logGet(43)) - raft.server.log.purge.gap = 1000000 (custom)
2019-09-04 05:29:41,161 [pool-449-thread-1] INFO  server.RaftServerConfigKeys (ConfUtils.java:logGet(43)) - raft.server.log.appender.buffer.byte-limit = 33554432 (custom)
2019-09-04 05:29:41,161 [pool-449-thread-1] INFO  server.RaftServerConfigKeys (ConfUtils.java:logGet(43)) - raft.server.log.segment.size.max = 1048576 (custom)
2019-09-04 05:29:41,161 [pool-449-thread-1] INFO  server.RaftServerConfigKeys (ConfUtils.java:logGet(43)) - raft.server.log.segment.cache.num.max = 2 (custom)
2019-09-04 05:29:41,161 [pool-449-thread-1] INFO  segmented.SegmentedRaftLogWorker (SegmentedRaftLogWorker.java:<init>(172)) - new 74de5f20-9e74-428d-822d-cb54bc80bbbc-SegmentedRaftLogWorker:Storage Directory /workdir/hadoop-ozone/integration-test/target/test-dir/MiniOzoneClusterImpl-58a0207e-7756-41d3-9e8c-a97c8f82cfe0/datanode-4/data/ratis/29922b1e-ce19-4447-b7e7-e33173ec0e23 for RaftStorage:Storage Directory /workdir/hadoop-ozone/integration-test/target/test-dir/MiniOzoneClusterImpl-58a0207e-7756-41d3-9e8c-a97c8f82cfe0/datanode-4/data/ratis/29922b1e-ce19-4447-b7e7-e33173ec0e23
2019-09-04 05:29:41,161 [pool-449-thread-1] INFO  server.RaftServerConfigKeys (ConfUtils.java:logGet(43)) - raft.server.log.queue.byte-limit = 2147483647 (custom)
2019-09-04 05:29:41,162 [pool-449-thread-1] INFO  server.RaftServerConfigKeys (ConfUtils.java:logGet(43)) - raft.server.log.queue.element-limit = 1024 (custom)
2019-09-04 05:29:41,162 [pool-449-thread-1] INFO  server.RaftServerConfigKeys (ConfUtils.java:logGet(43)) - raft.server.log.segment.size.max = 1048576 (custom)
2019-09-04 05:29:41,162 [pool-449-thread-1] INFO  server.RaftServerConfigKeys (ConfUtils.java:logGet(43)) - raft.server.log.preallocated.size = 16384 (custom)
2019-09-04 05:29:41,162 [pool-449-thread-1] INFO  server.RaftServerConfigKeys (ConfUtils.java:logGet(43)) - raft.server.log.write.buffer.size = 33554432 (custom)
2019-09-04 05:29:41,162 [pool-449-thread-1] INFO  server.RaftServerConfigKeys (ConfUtils.java:logGet(43)) - raft.server.log.force.sync.num = 128 (default)
2019-09-04 05:29:41,163 [pool-449-thread-1] INFO  server.RaftServerConfigKeys (ConfUtils.java:logGet(43)) - raft.server.log.statemachine.data.sync = true (default)
2019-09-04 05:29:41,163 [pool-449-thread-1] INFO  server.RaftServerConfigKeys (ConfUtils.java:logGet(43)) - raft.server.log.statemachine.data.sync.timeout = 10s (default)
2019-09-04 05:29:41,163 [pool-449-thread-1] INFO  server.RaftServerConfigKeys (ConfUtils.java:logGet(43)) - raft.server.log.statemachine.data.sync.timeout.retry = -1 (default)
2019-09-04 05:29:41,163 [pool-449-thread-1] INFO  server.RaftServerConfigKeys (ConfUtils.java:logGet(43)) - raft.server.log.statemachine.data.caching.enabled = true (custom)
2019-09-04 05:29:41,164 [pool-449-thread-1] INFO  segmented.SegmentedRaftLogWorker (SegmentedRaftLogWorker.java:lambda$new$0(132)) - 74de5f20-9e74-428d-822d-cb54bc80bbbc-SegmentedRaftLogWorker:Storage Directory /workdir/hadoop-ozone/integration-test/target/test-dir/MiniOzoneClusterImpl-58a0207e-7756-41d3-9e8c-a97c8f82cfe0/datanode-4/data/ratis/29922b1e-ce19-4447-b7e7-e33173ec0e23: flushIndex: setUnconditionally 0 -> -1
2019-09-04 05:29:41,164 [pool-449-thread-1] INFO  server.RaftServerConfigKeys (ConfUtils.java:logGet(43)) - raft.server.snapshot.auto.trigger.enabled = true (custom)
2019-09-04 05:29:41,164 [pool-449-thread-1] INFO  server.RaftServerConfigKeys (ConfUtils.java:logGet(43)) - raft.server.snapshot.auto.trigger.threshold = 10000 (custom)
2019-09-04 05:29:41,164 [pool-449-thread-1] INFO  server.RaftServerConfigKeys (ConfUtils.java:logGet(43)) - raft.server.retrycache.expirytime = 600000ms (custom)
2019-09-04 05:29:41,164 [pool-449-thread-1] INFO  impl.RaftServerImpl (RaftServerImpl.java:start(180)) - 74de5f20-9e74-428d-822d-cb54bc80bbbc: start group-E33173EC0E23
2019-09-04 05:29:41,165 [pool-449-thread-1] INFO  impl.RaftServerImpl (RaftServerImpl.java:setRole(171)) - 74de5f20-9e74-428d-822d-cb54bc80bbbc:group-E33173EC0E23 changes role from null to FOLLOWER at term 0 for startAsFollower
2019-09-04 05:29:41,165 [pool-449-thread-1] INFO  impl.RoleInfo (RoleInfo.java:updateAndGet(143)) - 74de5f20-9e74-428d-822d-cb54bc80bbbc: start FollowerState
2019-09-04 05:29:41,165 [pool-449-thread-1] INFO  util.JmxRegister (JmxRegister.java:tryRegister(44)) - Successfully registered JMX Bean with object name Ratis:service=RaftServer,group=group-E33173EC0E23,id=74de5f20-9e74-428d-822d-cb54bc80bbbc
2019-09-04 05:29:41,168 [RatisPipelineUtilsThread] INFO  pipeline.PipelineStateManager (PipelineStateManager.java:addPipeline(56)) - Created pipeline Pipeline[ Id: 29922b1e-ce19-4447-b7e7-e33173ec0e23, Nodes: 74de5f20-9e74-428d-822d-cb54bc80bbbc{ip: 192.168.69.71, host: trunk-nightly-20190904-cdstp-2721877886, networkLocation: /default-rack, certSerialId: null}, Type:RATIS, Factor:ONE, State:OPEN]
2019-09-04 05:29:41,176 [grpc-default-executor-7] INFO  impl.RaftServerProxy (RaftServerProxy.java:addNew(89)) - 3573222a-ec1b-4e89-993f-eee582ca57d4: addNew group-17748963776B:[3573222a-ec1b-4e89-993f-eee582ca57d4:192.168.69.71:37610] returns group-17748963776B:java.util.concurrent.CompletableFuture@5d786e05[Not completed]
2019-09-04 05:29:41,178 [pool-459-thread-1] INFO  impl.RaftServerImpl (RaftServerImpl.java:<init>(93)) - 3573222a-ec1b-4e89-993f-eee582ca57d4: new RaftServerImpl for group-17748963776B:[3573222a-ec1b-4e89-993f-eee582ca57d4:192.168.69.71:37610] with ContainerStateMachine:uninitialized
2019-09-04 05:29:41,178 [pool-459-thread-1] INFO  server.RaftServerConfigKeys (ConfUtils.java:logGet(43)) - raft.server.rpc.timeout.min = 5s (custom)
2019-09-04 05:29:41,178 [pool-459-thread-1] INFO  server.RaftServerConfigKeys (ConfUtils.java:logGet(43)) - raft.server.rpc.timeout.max = 5200ms (custom)
2019-09-04 05:29:41,178 [pool-459-thread-1] INFO  server.RaftServerConfigKeys (ConfUtils.java:logGet(43)) - raft.server.rpcslowness.timeout = 120s (custom)
2019-09-04 05:29:41,178 [pool-459-thread-1] INFO  server.RaftServerConfigKeys (ConfUtils.java:logGet(43)) - raft.server.sleep.deviation.threshold = 300 (default)
2019-09-04 05:29:41,178 [pool-459-thread-1] INFO  server.RaftServerConfigKeys (ConfUtils.java:logGet(43)) - raft.server.log.appender.install.snapshot.enabled = false (custom)
2019-09-04 05:29:41,178 [pool-459-thread-1] INFO  impl.RaftServerImpl (ServerState.java:<init>(105)) - 3573222a-ec1b-4e89-993f-eee582ca57d4:group-17748963776B ConfigurationManager, init=-1: [3573222a-ec1b-4e89-993f-eee582ca57d4:192.168.69.71:37610], old=null, confs=<EMPTY_MAP>
2019-09-04 05:29:41,179 [pool-459-thread-1] INFO  server.RaftServerConfigKeys (ConfUtils.java:logGet(43)) - raft.server.storage.dir = [/workdir/hadoop-ozone/integration-test/target/test-dir/MiniOzoneClusterImpl-58a0207e-7756-41d3-9e8c-a97c8f82cfe0/datanode-5/data/ratis] (custom)
2019-09-04 05:29:41,179 [pool-459-thread-1] INFO  storage.RaftStorageDirectory (RaftStorageDirectory.java:analyzeStorage(246)) - The storage directory /workdir/hadoop-ozone/integration-test/target/test-dir/MiniOzoneClusterImpl-58a0207e-7756-41d3-9e8c-a97c8f82cfe0/datanode-5/data/ratis/dd703114-39d8-437e-8655-17748963776b does not exist. Creating ...
2019-09-04 05:29:41,188 [main] INFO  ozone.MiniOzoneClusterImpl (MiniOzoneClusterImpl.java:lambda$waitForClusterToBeReady$0(140)) - Waiting for cluster to be ready. Got 6 of 7 DN Heartbeats.
2019-09-04 05:29:41,189 [IPC Server handler 5 on 33172] INFO  net.NetworkTopology (NetworkTopologyImpl.java:add(110)) - Added a new node: /default-rack/4ba7a24c-5cfe-40cd-b0c9-5f87f6b790e9
2019-09-04 05:29:41,189 [IPC Server handler 5 on 33172] INFO  node.SCMNodeManager (SCMNodeManager.java:register(266)) - Registered Data node : 4ba7a24c-5cfe-40cd-b0c9-5f87f6b790e9{ip: 192.168.69.71, host: trunk-nightly-20190904-cdstp-2721877886, networkLocation: /default-rack, certSerialId: null}
2019-09-04 05:29:41,202 [pool-459-thread-1] INFO  storage.RaftStorageDirectory (RaftStorageDirectory.java:tryLock(328)) - Lock on /workdir/hadoop-ozone/integration-test/target/test-dir/MiniOzoneClusterImpl-58a0207e-7756-41d3-9e8c-a97c8f82cfe0/datanode-5/data/ratis/dd703114-39d8-437e-8655-17748963776b/in_use.lock acquired by nodename 17059@trunk-nightly-20190904-cdstp-2721877886
2019-09-04 05:29:41,227 [pool-459-thread-1] INFO  storage.RaftStorage (RaftStorage.java:format(72)) - Storage directory /workdir/hadoop-ozone/integration-test/target/test-dir/MiniOzoneClusterImpl-58a0207e-7756-41d3-9e8c-a97c8f82cfe0/datanode-5/data/ratis/dd703114-39d8-437e-8655-17748963776b has been successfully formatted.
2019-09-04 05:29:41,228 [pool-459-thread-1] INFO  ratis.ContainerStateMachine (ContainerStateMachine.java:loadSnapshot(227)) - group-17748963776B: The snapshot info is null. Setting the last applied indexto:(t:0, i:~)
2019-09-04 05:29:41,228 [pool-459-thread-1] INFO  server.RaftServerConfigKeys (ConfUtils.java:logGet(43)) - raft.server.leader.election.timeout = 120s (custom)
2019-09-04 05:29:41,228 [pool-459-thread-1] INFO  server.RaftServerConfigKeys (ConfUtils.java:logGet(43)) - raft.server.log.use.memory = false (default)
2019-09-04 05:29:41,228 [pool-459-thread-1] INFO  server.RaftServerConfigKeys (ConfUtils.java:logGet(43)) - raft.server.log.purge.gap = 1000000 (custom)
2019-09-04 05:29:41,228 [pool-459-thread-1] INFO  server.RaftServerConfigKeys (ConfUtils.java:logGet(43)) - raft.server.log.appender.buffer.byte-limit = 33554432 (custom)
2019-09-04 05:29:41,229 [pool-459-thread-1] INFO  server.RaftServerConfigKeys (ConfUtils.java:logGet(43)) - raft.server.log.segment.size.max = 1048576 (custom)
2019-09-04 05:29:41,229 [pool-459-thread-1] INFO  server.RaftServerConfigKeys (ConfUtils.java:logGet(43)) - raft.server.log.segment.cache.num.max = 2 (custom)
2019-09-04 05:29:41,229 [pool-459-thread-1] INFO  segmented.SegmentedRaftLogWorker (SegmentedRaftLogWorker.java:<init>(172)) - new 3573222a-ec1b-4e89-993f-eee582ca57d4-SegmentedRaftLogWorker:Storage Directory /workdir/hadoop-ozone/integration-test/target/test-dir/MiniOzoneClusterImpl-58a0207e-7756-41d3-9e8c-a97c8f82cfe0/datanode-5/data/ratis/dd703114-39d8-437e-8655-17748963776b for RaftStorage:Storage Directory /workdir/hadoop-ozone/integration-test/target/test-dir/MiniOzoneClusterImpl-58a0207e-7756-41d3-9e8c-a97c8f82cfe0/datanode-5/data/ratis/dd703114-39d8-437e-8655-17748963776b
2019-09-04 05:29:41,229 [pool-459-thread-1] INFO  server.RaftServerConfigKeys (ConfUtils.java:logGet(43)) - raft.server.log.queue.byte-limit = 2147483647 (custom)
2019-09-04 05:29:41,230 [pool-459-thread-1] INFO  server.RaftServerConfigKeys (ConfUtils.java:logGet(43)) - raft.server.log.queue.element-limit = 1024 (custom)
2019-09-04 05:29:41,230 [pool-459-thread-1] INFO  server.RaftServerConfigKeys (ConfUtils.java:logGet(43)) - raft.server.log.segment.size.max = 1048576 (custom)
2019-09-04 05:29:41,230 [pool-459-thread-1] INFO  server.RaftServerConfigKeys (ConfUtils.java:logGet(43)) - raft.server.log.preallocated.size = 16384 (custom)
2019-09-04 05:29:41,230 [pool-459-thread-1] INFO  server.RaftServerConfigKeys (ConfUtils.java:logGet(43)) - raft.server.log.write.buffer.size = 33554432 (custom)
2019-09-04 05:29:41,230 [pool-459-thread-1] INFO  server.RaftServerConfigKeys (ConfUtils.java:logGet(43)) - raft.server.log.force.sync.num = 128 (default)
2019-09-04 05:29:41,231 [pool-459-thread-1] INFO  server.RaftServerConfigKeys (ConfUtils.java:logGet(43)) - raft.server.log.statemachine.data.sync = true (default)
2019-09-04 05:29:41,231 [pool-459-thread-1] INFO  server.RaftServerConfigKeys (ConfUtils.java:logGet(43)) - raft.server.log.statemachine.data.sync.timeout = 10s (default)
2019-09-04 05:29:41,231 [pool-459-thread-1] INFO  server.RaftServerConfigKeys (ConfUtils.java:logGet(43)) - raft.server.log.statemachine.data.sync.timeout.retry = -1 (default)
2019-09-04 05:29:41,231 [pool-459-thread-1] INFO  server.RaftServerConfigKeys (ConfUtils.java:logGet(43)) - raft.server.log.statemachine.data.caching.enabled = true (custom)
2019-09-04 05:29:41,232 [pool-459-thread-1] INFO  segmented.SegmentedRaftLogWorker (SegmentedRaftLogWorker.java:lambda$new$0(132)) - 3573222a-ec1b-4e89-993f-eee582ca57d4-SegmentedRaftLogWorker:Storage Directory /workdir/hadoop-ozone/integration-test/target/test-dir/MiniOzoneClusterImpl-58a0207e-7756-41d3-9e8c-a97c8f82cfe0/datanode-5/data/ratis/dd703114-39d8-437e-8655-17748963776b: flushIndex: setUnconditionally 0 -> -1
2019-09-04 05:29:41,232 [pool-459-thread-1] INFO  server.RaftServerConfigKeys (ConfUtils.java:logGet(43)) - raft.server.snapshot.auto.trigger.enabled = true (custom)
2019-09-04 05:29:41,232 [pool-459-thread-1] INFO  server.RaftServerConfigKeys (ConfUtils.java:logGet(43)) - raft.server.snapshot.auto.trigger.threshold = 10000 (custom)
2019-09-04 05:29:41,232 [pool-459-thread-1] INFO  server.RaftServerConfigKeys (ConfUtils.java:logGet(43)) - raft.server.retrycache.expirytime = 600000ms (custom)
2019-09-04 05:29:41,233 [pool-459-thread-1] INFO  impl.RaftServerImpl (RaftServerImpl.java:start(180)) - 3573222a-ec1b-4e89-993f-eee582ca57d4: start group-17748963776B
2019-09-04 05:29:41,233 [pool-459-thread-1] INFO  impl.RaftServerImpl (RaftServerImpl.java:setRole(171)) - 3573222a-ec1b-4e89-993f-eee582ca57d4:group-17748963776B changes role from null to FOLLOWER at term 0 for startAsFollower
2019-09-04 05:29:41,233 [pool-459-thread-1] INFO  impl.RoleInfo (RoleInfo.java:updateAndGet(143)) - 3573222a-ec1b-4e89-993f-eee582ca57d4: start FollowerState
2019-09-04 05:29:41,234 [pool-459-thread-1] INFO  util.JmxRegister (JmxRegister.java:tryRegister(44)) - Successfully registered JMX Bean with object name Ratis:service=RaftServer,group=group-17748963776B,id=3573222a-ec1b-4e89-993f-eee582ca57d4
2019-09-04 05:29:41,236 [RatisPipelineUtilsThread] INFO  pipeline.PipelineStateManager (PipelineStateManager.java:addPipeline(56)) - Created pipeline Pipeline[ Id: dd703114-39d8-437e-8655-17748963776b, Nodes: 3573222a-ec1b-4e89-993f-eee582ca57d4{ip: 192.168.69.71, host: trunk-nightly-20190904-cdstp-2721877886, networkLocation: /default-rack, certSerialId: null}, Type:RATIS, Factor:ONE, State:OPEN]
2019-09-04 05:29:41,248 [grpc-default-executor-7] INFO  impl.RaftServerProxy (RaftServerProxy.java:addNew(89)) - 4ba7a24c-5cfe-40cd-b0c9-5f87f6b790e9: addNew group-256A92CA92EC:[4ba7a24c-5cfe-40cd-b0c9-5f87f6b790e9:192.168.69.71:35457] returns group-256A92CA92EC:java.util.concurrent.CompletableFuture@1cdc5a04[Not completed]
2019-09-04 05:29:41,249 [pool-469-thread-1] INFO  impl.RaftServerImpl (RaftServerImpl.java:<init>(93)) - 4ba7a24c-5cfe-40cd-b0c9-5f87f6b790e9: new RaftServerImpl for group-256A92CA92EC:[4ba7a24c-5cfe-40cd-b0c9-5f87f6b790e9:192.168.69.71:35457] with ContainerStateMachine:uninitialized
2019-09-04 05:29:41,249 [pool-469-thread-1] INFO  server.RaftServerConfigKeys (ConfUtils.java:logGet(43)) - raft.server.rpc.timeout.min = 5s (custom)
2019-09-04 05:29:41,249 [pool-469-thread-1] INFO  server.RaftServerConfigKeys (ConfUtils.java:logGet(43)) - raft.server.rpc.timeout.max = 5200ms (custom)
2019-09-04 05:29:41,249 [pool-469-thread-1] INFO  server.RaftServerConfigKeys (ConfUtils.java:logGet(43)) - raft.server.rpcslowness.timeout = 120s (custom)
2019-09-04 05:29:41,249 [pool-469-thread-1] INFO  server.RaftServerConfigKeys (ConfUtils.java:logGet(43)) - raft.server.sleep.deviation.threshold = 300 (default)
2019-09-04 05:29:41,250 [pool-469-thread-1] INFO  server.RaftServerConfigKeys (ConfUtils.java:logGet(43)) - raft.server.log.appender.install.snapshot.enabled = false (custom)
2019-09-04 05:29:41,250 [pool-469-thread-1] INFO  impl.RaftServerImpl (ServerState.java:<init>(105)) - 4ba7a24c-5cfe-40cd-b0c9-5f87f6b790e9:group-256A92CA92EC ConfigurationManager, init=-1: [4ba7a24c-5cfe-40cd-b0c9-5f87f6b790e9:192.168.69.71:35457], old=null, confs=<EMPTY_MAP>
2019-09-04 05:29:41,250 [pool-469-thread-1] INFO  server.RaftServerConfigKeys (ConfUtils.java:logGet(43)) - raft.server.storage.dir = [/workdir/hadoop-ozone/integration-test/target/test-dir/MiniOzoneClusterImpl-58a0207e-7756-41d3-9e8c-a97c8f82cfe0/datanode-6/data/ratis] (custom)
2019-09-04 05:29:41,250 [pool-469-thread-1] INFO  storage.RaftStorageDirectory (RaftStorageDirectory.java:analyzeStorage(246)) - The storage directory /workdir/hadoop-ozone/integration-test/target/test-dir/MiniOzoneClusterImpl-58a0207e-7756-41d3-9e8c-a97c8f82cfe0/datanode-6/data/ratis/31602ef1-3d5f-4ea1-939c-256a92ca92ec does not exist. Creating ...
2019-09-04 05:29:41,278 [pool-469-thread-1] INFO  storage.RaftStorageDirectory (RaftStorageDirectory.java:tryLock(328)) - Lock on /workdir/hadoop-ozone/integration-test/target/test-dir/MiniOzoneClusterImpl-58a0207e-7756-41d3-9e8c-a97c8f82cfe0/datanode-6/data/ratis/31602ef1-3d5f-4ea1-939c-256a92ca92ec/in_use.lock acquired by nodename 17059@trunk-nightly-20190904-cdstp-2721877886
2019-09-04 05:29:41,303 [pool-469-thread-1] INFO  storage.RaftStorage (RaftStorage.java:format(72)) - Storage directory /workdir/hadoop-ozone/integration-test/target/test-dir/MiniOzoneClusterImpl-58a0207e-7756-41d3-9e8c-a97c8f82cfe0/datanode-6/data/ratis/31602ef1-3d5f-4ea1-939c-256a92ca92ec has been successfully formatted.
2019-09-04 05:29:41,303 [pool-469-thread-1] INFO  ratis.ContainerStateMachine (ContainerStateMachine.java:loadSnapshot(227)) - group-256A92CA92EC: The snapshot info is null. Setting the last applied indexto:(t:0, i:~)
2019-09-04 05:29:41,304 [pool-469-thread-1] INFO  server.RaftServerConfigKeys (ConfUtils.java:logGet(43)) - raft.server.leader.election.timeout = 120s (custom)
2019-09-04 05:29:41,304 [pool-469-thread-1] INFO  server.RaftServerConfigKeys (ConfUtils.java:logGet(43)) - raft.server.log.use.memory = false (default)
2019-09-04 05:29:41,304 [pool-469-thread-1] INFO  server.RaftServerConfigKeys (ConfUtils.java:logGet(43)) - raft.server.log.purge.gap = 1000000 (custom)
2019-09-04 05:29:41,304 [pool-469-thread-1] INFO  server.RaftServerConfigKeys (ConfUtils.java:logGet(43)) - raft.server.log.appender.buffer.byte-limit = 33554432 (custom)
2019-09-04 05:29:41,304 [pool-469-thread-1] INFO  server.RaftServerConfigKeys (ConfUtils.java:logGet(43)) - raft.server.log.segment.size.max = 1048576 (custom)
2019-09-04 05:29:41,304 [pool-469-thread-1] INFO  server.RaftServerConfigKeys (ConfUtils.java:logGet(43)) - raft.server.log.segment.cache.num.max = 2 (custom)
2019-09-04 05:29:41,305 [pool-469-thread-1] INFO  segmented.SegmentedRaftLogWorker (SegmentedRaftLogWorker.java:<init>(172)) - new 4ba7a24c-5cfe-40cd-b0c9-5f87f6b790e9-SegmentedRaftLogWorker:Storage Directory /workdir/hadoop-ozone/integration-test/target/test-dir/MiniOzoneClusterImpl-58a0207e-7756-41d3-9e8c-a97c8f82cfe0/datanode-6/data/ratis/31602ef1-3d5f-4ea1-939c-256a92ca92ec for RaftStorage:Storage Directory /workdir/hadoop-ozone/integration-test/target/test-dir/MiniOzoneClusterImpl-58a0207e-7756-41d3-9e8c-a97c8f82cfe0/datanode-6/data/ratis/31602ef1-3d5f-4ea1-939c-256a92ca92ec
2019-09-04 05:29:41,305 [pool-469-thread-1] INFO  server.RaftServerConfigKeys (ConfUtils.java:logGet(43)) - raft.server.log.queue.byte-limit = 2147483647 (custom)
2019-09-04 05:29:41,305 [pool-469-thread-1] INFO  server.RaftServerConfigKeys (ConfUtils.java:logGet(43)) - raft.server.log.queue.element-limit = 1024 (custom)
2019-09-04 05:29:41,305 [pool-469-thread-1] INFO  server.RaftServerConfigKeys (ConfUtils.java:logGet(43)) - raft.server.log.segment.size.max = 1048576 (custom)
2019-09-04 05:29:41,305 [pool-469-thread-1] INFO  server.RaftServerConfigKeys (ConfUtils.java:logGet(43)) - raft.server.log.preallocated.size = 16384 (custom)
2019-09-04 05:29:41,306 [pool-469-thread-1] INFO  server.RaftServerConfigKeys (ConfUtils.java:logGet(43)) - raft.server.log.write.buffer.size = 33554432 (custom)
2019-09-04 05:29:41,306 [pool-469-thread-1] INFO  server.RaftServerConfigKeys (ConfUtils.java:logGet(43)) - raft.server.log.force.sync.num = 128 (default)
2019-09-04 05:29:41,306 [pool-469-thread-1] INFO  server.RaftServerConfigKeys (ConfUtils.java:logGet(43)) - raft.server.log.statemachine.data.sync = true (default)
2019-09-04 05:29:41,306 [pool-469-thread-1] INFO  server.RaftServerConfigKeys (ConfUtils.java:logGet(43)) - raft.server.log.statemachine.data.sync.timeout = 10s (default)
2019-09-04 05:29:41,306 [pool-469-thread-1] INFO  server.RaftServerConfigKeys (ConfUtils.java:logGet(43)) - raft.server.log.statemachine.data.sync.timeout.retry = -1 (default)
2019-09-04 05:29:41,307 [pool-469-thread-1] INFO  server.RaftServerConfigKeys (ConfUtils.java:logGet(43)) - raft.server.log.statemachine.data.caching.enabled = true (custom)
2019-09-04 05:29:41,307 [pool-469-thread-1] INFO  segmented.SegmentedRaftLogWorker (SegmentedRaftLogWorker.java:lambda$new$0(132)) - 4ba7a24c-5cfe-40cd-b0c9-5f87f6b790e9-SegmentedRaftLogWorker:Storage Directory /workdir/hadoop-ozone/integration-test/target/test-dir/MiniOzoneClusterImpl-58a0207e-7756-41d3-9e8c-a97c8f82cfe0/datanode-6/data/ratis/31602ef1-3d5f-4ea1-939c-256a92ca92ec: flushIndex: setUnconditionally 0 -> -1
2019-09-04 05:29:41,308 [pool-469-thread-1] INFO  server.RaftServerConfigKeys (ConfUtils.java:logGet(43)) - raft.server.snapshot.auto.trigger.enabled = true (custom)
2019-09-04 05:29:41,308 [pool-469-thread-1] INFO  server.RaftServerConfigKeys (ConfUtils.java:logGet(43)) - raft.server.snapshot.auto.trigger.threshold = 10000 (custom)
2019-09-04 05:29:41,308 [pool-469-thread-1] INFO  server.RaftServerConfigKeys (ConfUtils.java:logGet(43)) - raft.server.retrycache.expirytime = 600000ms (custom)
2019-09-04 05:29:41,308 [pool-469-thread-1] INFO  impl.RaftServerImpl (RaftServerImpl.java:start(180)) - 4ba7a24c-5cfe-40cd-b0c9-5f87f6b790e9: start group-256A92CA92EC
2019-09-04 05:29:41,308 [pool-469-thread-1] INFO  impl.RaftServerImpl (RaftServerImpl.java:setRole(171)) - 4ba7a24c-5cfe-40cd-b0c9-5f87f6b790e9:group-256A92CA92EC changes role from null to FOLLOWER at term 0 for startAsFollower
2019-09-04 05:29:41,309 [pool-469-thread-1] INFO  impl.RoleInfo (RoleInfo.java:updateAndGet(143)) - 4ba7a24c-5cfe-40cd-b0c9-5f87f6b790e9: start FollowerState
2019-09-04 05:29:41,309 [pool-469-thread-1] INFO  util.JmxRegister (JmxRegister.java:tryRegister(44)) - Successfully registered JMX Bean with object name Ratis:service=RaftServer,group=group-256A92CA92EC,id=4ba7a24c-5cfe-40cd-b0c9-5f87f6b790e9
2019-09-04 05:29:41,312 [RatisPipelineUtilsThread] INFO  pipeline.PipelineStateManager (PipelineStateManager.java:addPipeline(56)) - Created pipeline Pipeline[ Id: 31602ef1-3d5f-4ea1-939c-256a92ca92ec, Nodes: 4ba7a24c-5cfe-40cd-b0c9-5f87f6b790e9{ip: 192.168.69.71, host: trunk-nightly-20190904-cdstp-2721877886, networkLocation: /default-rack, certSerialId: null}, Type:RATIS, Factor:ONE, State:OPEN]
2019-09-04 05:29:41,327 [grpc-default-executor-8] INFO  impl.RaftServerProxy (RaftServerProxy.java:addNew(89)) - 53d70931-b2a7-4310-8fe8-2c0a4a694a6e: addNew group-33A5AD31EFDD:[7ed9d160-43c5-43d1-a33d-bb7525b67925:192.168.69.71:38298, 74de5f20-9e74-428d-822d-cb54bc80bbbc:192.168.69.71:36124, 53d70931-b2a7-4310-8fe8-2c0a4a694a6e:192.168.69.71:35081] returns group-33A5AD31EFDD:java.util.concurrent.CompletableFuture@212af78f[Not completed]
2019-09-04 05:29:41,329 [grpc-default-executor-2] INFO  impl.RaftServerProxy (RaftServerProxy.java:addNew(89)) - 7ed9d160-43c5-43d1-a33d-bb7525b67925: addNew group-33A5AD31EFDD:[7ed9d160-43c5-43d1-a33d-bb7525b67925:192.168.69.71:38298, 74de5f20-9e74-428d-822d-cb54bc80bbbc:192.168.69.71:36124, 53d70931-b2a7-4310-8fe8-2c0a4a694a6e:192.168.69.71:35081] returns group-33A5AD31EFDD:java.util.concurrent.CompletableFuture@29921032[Not completed]
2019-09-04 05:29:41,329 [grpc-default-executor-8] INFO  impl.RaftServerProxy (RaftServerProxy.java:addNew(89)) - 74de5f20-9e74-428d-822d-cb54bc80bbbc: addNew group-33A5AD31EFDD:[7ed9d160-43c5-43d1-a33d-bb7525b67925:192.168.69.71:38298, 74de5f20-9e74-428d-822d-cb54bc80bbbc:192.168.69.71:36124, 53d70931-b2a7-4310-8fe8-2c0a4a694a6e:192.168.69.71:35081] returns group-33A5AD31EFDD:java.util.concurrent.CompletableFuture@158f6db7[Not completed]
2019-09-04 05:29:41,330 [pool-419-thread-1] INFO  impl.RaftServerImpl (RaftServerImpl.java:<init>(93)) - 53d70931-b2a7-4310-8fe8-2c0a4a694a6e: new RaftServerImpl for group-33A5AD31EFDD:[7ed9d160-43c5-43d1-a33d-bb7525b67925:192.168.69.71:38298, 74de5f20-9e74-428d-822d-cb54bc80bbbc:192.168.69.71:36124, 53d70931-b2a7-4310-8fe8-2c0a4a694a6e:192.168.69.71:35081] with ContainerStateMachine:uninitialized
2019-09-04 05:29:41,330 [pool-419-thread-1] INFO  server.RaftServerConfigKeys (ConfUtils.java:logGet(43)) - raft.server.rpc.timeout.min = 5s (custom)
2019-09-04 05:29:41,330 [pool-419-thread-1] INFO  server.RaftServerConfigKeys (ConfUtils.java:logGet(43)) - raft.server.rpc.timeout.max = 5200ms (custom)
2019-09-04 05:29:41,331 [pool-419-thread-1] INFO  server.RaftServerConfigKeys (ConfUtils.java:logGet(43)) - raft.server.rpcslowness.timeout = 120s (custom)
2019-09-04 05:29:41,331 [pool-419-thread-1] INFO  server.RaftServerConfigKeys (ConfUtils.java:logGet(43)) - raft.server.sleep.deviation.threshold = 300 (default)
2019-09-04 05:29:41,331 [pool-419-thread-1] INFO  server.RaftServerConfigKeys (ConfUtils.java:logGet(43)) - raft.server.log.appender.install.snapshot.enabled = false (custom)
2019-09-04 05:29:41,331 [pool-409-thread-1] INFO  impl.RaftServerImpl (RaftServerImpl.java:<init>(93)) - 7ed9d160-43c5-43d1-a33d-bb7525b67925: new RaftServerImpl for group-33A5AD31EFDD:[7ed9d160-43c5-43d1-a33d-bb7525b67925:192.168.69.71:38298, 74de5f20-9e74-428d-822d-cb54bc80bbbc:192.168.69.71:36124, 53d70931-b2a7-4310-8fe8-2c0a4a694a6e:192.168.69.71:35081] with ContainerStateMachine:uninitialized
2019-09-04 05:29:41,331 [pool-419-thread-1] INFO  impl.RaftServerImpl (ServerState.java:<init>(105)) - 53d70931-b2a7-4310-8fe8-2c0a4a694a6e:group-33A5AD31EFDD ConfigurationManager, init=-1: [7ed9d160-43c5-43d1-a33d-bb7525b67925:192.168.69.71:38298, 74de5f20-9e74-428d-822d-cb54bc80bbbc:192.168.69.71:36124, 53d70931-b2a7-4310-8fe8-2c0a4a694a6e:192.168.69.71:35081], old=null, confs=<EMPTY_MAP>
2019-09-04 05:29:41,331 [pool-409-thread-1] INFO  server.RaftServerConfigKeys (ConfUtils.java:logGet(43)) - raft.server.rpc.timeout.min = 5s (custom)
2019-09-04 05:29:41,331 [pool-419-thread-1] INFO  server.RaftServerConfigKeys (ConfUtils.java:logGet(43)) - raft.server.storage.dir = [/workdir/hadoop-ozone/integration-test/target/test-dir/MiniOzoneClusterImpl-58a0207e-7756-41d3-9e8c-a97c8f82cfe0/datanode-1/data/ratis] (custom)
2019-09-04 05:29:41,332 [pool-409-thread-1] INFO  server.RaftServerConfigKeys (ConfUtils.java:logGet(43)) - raft.server.rpc.timeout.max = 5200ms (custom)
2019-09-04 05:29:41,332 [pool-409-thread-1] INFO  server.RaftServerConfigKeys (ConfUtils.java:logGet(43)) - raft.server.rpcslowness.timeout = 120s (custom)
2019-09-04 05:29:41,332 [pool-419-thread-1] INFO  storage.RaftStorageDirectory (RaftStorageDirectory.java:analyzeStorage(246)) - The storage directory /workdir/hadoop-ozone/integration-test/target/test-dir/MiniOzoneClusterImpl-58a0207e-7756-41d3-9e8c-a97c8f82cfe0/datanode-1/data/ratis/5fb63b14-baf0-442d-8038-33a5ad31efdd does not exist. Creating ...
2019-09-04 05:29:41,332 [pool-449-thread-1] INFO  impl.RaftServerImpl (RaftServerImpl.java:<init>(93)) - 74de5f20-9e74-428d-822d-cb54bc80bbbc: new RaftServerImpl for group-33A5AD31EFDD:[7ed9d160-43c5-43d1-a33d-bb7525b67925:192.168.69.71:38298, 74de5f20-9e74-428d-822d-cb54bc80bbbc:192.168.69.71:36124, 53d70931-b2a7-4310-8fe8-2c0a4a694a6e:192.168.69.71:35081] with ContainerStateMachine:uninitialized
2019-09-04 05:29:41,332 [pool-409-thread-1] INFO  server.RaftServerConfigKeys (ConfUtils.java:logGet(43)) - raft.server.sleep.deviation.threshold = 300 (default)
2019-09-04 05:29:41,332 [pool-449-thread-1] INFO  server.RaftServerConfigKeys (ConfUtils.java:logGet(43)) - raft.server.rpc.timeout.min = 5s (custom)
2019-09-04 05:29:41,332 [pool-409-thread-1] INFO  server.RaftServerConfigKeys (ConfUtils.java:logGet(43)) - raft.server.log.appender.install.snapshot.enabled = false (custom)
2019-09-04 05:29:41,333 [pool-449-thread-1] INFO  server.RaftServerConfigKeys (ConfUtils.java:logGet(43)) - raft.server.rpc.timeout.max = 5200ms (custom)
2019-09-04 05:29:41,333 [pool-409-thread-1] INFO  impl.RaftServerImpl (ServerState.java:<init>(105)) - 7ed9d160-43c5-43d1-a33d-bb7525b67925:group-33A5AD31EFDD ConfigurationManager, init=-1: [7ed9d160-43c5-43d1-a33d-bb7525b67925:192.168.69.71:38298, 74de5f20-9e74-428d-822d-cb54bc80bbbc:192.168.69.71:36124, 53d70931-b2a7-4310-8fe8-2c0a4a694a6e:192.168.69.71:35081], old=null, confs=<EMPTY_MAP>
2019-09-04 05:29:41,333 [pool-449-thread-1] INFO  server.RaftServerConfigKeys (ConfUtils.java:logGet(43)) - raft.server.rpcslowness.timeout = 120s (custom)
2019-09-04 05:29:41,333 [pool-409-thread-1] INFO  server.RaftServerConfigKeys (ConfUtils.java:logGet(43)) - raft.server.storage.dir = [/workdir/hadoop-ozone/integration-test/target/test-dir/MiniOzoneClusterImpl-58a0207e-7756-41d3-9e8c-a97c8f82cfe0/datanode-0/data/ratis] (custom)
2019-09-04 05:29:41,333 [pool-449-thread-1] INFO  server.RaftServerConfigKeys (ConfUtils.java:logGet(43)) - raft.server.sleep.deviation.threshold = 300 (default)
2019-09-04 05:29:41,334 [pool-449-thread-1] INFO  server.RaftServerConfigKeys (ConfUtils.java:logGet(43)) - raft.server.log.appender.install.snapshot.enabled = false (custom)
2019-09-04 05:29:41,334 [pool-409-thread-1] INFO  storage.RaftStorageDirectory (RaftStorageDirectory.java:analyzeStorage(246)) - The storage directory /workdir/hadoop-ozone/integration-test/target/test-dir/MiniOzoneClusterImpl-58a0207e-7756-41d3-9e8c-a97c8f82cfe0/datanode-0/data/ratis/5fb63b14-baf0-442d-8038-33a5ad31efdd does not exist. Creating ...
2019-09-04 05:29:41,334 [pool-449-thread-1] INFO  impl.RaftServerImpl (ServerState.java:<init>(105)) - 74de5f20-9e74-428d-822d-cb54bc80bbbc:group-33A5AD31EFDD ConfigurationManager, init=-1: [7ed9d160-43c5-43d1-a33d-bb7525b67925:192.168.69.71:38298, 74de5f20-9e74-428d-822d-cb54bc80bbbc:192.168.69.71:36124, 53d70931-b2a7-4310-8fe8-2c0a4a694a6e:192.168.69.71:35081], old=null, confs=<EMPTY_MAP>
2019-09-04 05:29:41,334 [pool-449-thread-1] INFO  server.RaftServerConfigKeys (ConfUtils.java:logGet(43)) - raft.server.storage.dir = [/workdir/hadoop-ozone/integration-test/target/test-dir/MiniOzoneClusterImpl-58a0207e-7756-41d3-9e8c-a97c8f82cfe0/datanode-4/data/ratis] (custom)
2019-09-04 05:29:41,334 [pool-449-thread-1] INFO  storage.RaftStorageDirectory (RaftStorageDirectory.java:analyzeStorage(246)) - The storage directory /workdir/hadoop-ozone/integration-test/target/test-dir/MiniOzoneClusterImpl-58a0207e-7756-41d3-9e8c-a97c8f82cfe0/datanode-4/data/ratis/5fb63b14-baf0-442d-8038-33a5ad31efdd does not exist. Creating ...
2019-09-04 05:29:41,363 [pool-409-thread-1] INFO  storage.RaftStorageDirectory (RaftStorageDirectory.java:tryLock(328)) - Lock on /workdir/hadoop-ozone/integration-test/target/test-dir/MiniOzoneClusterImpl-58a0207e-7756-41d3-9e8c-a97c8f82cfe0/datanode-0/data/ratis/5fb63b14-baf0-442d-8038-33a5ad31efdd/in_use.lock acquired by nodename 17059@trunk-nightly-20190904-cdstp-2721877886
2019-09-04 05:29:41,363 [pool-419-thread-1] INFO  storage.RaftStorageDirectory (RaftStorageDirectory.java:tryLock(328)) - Lock on /workdir/hadoop-ozone/integration-test/target/test-dir/MiniOzoneClusterImpl-58a0207e-7756-41d3-9e8c-a97c8f82cfe0/datanode-1/data/ratis/5fb63b14-baf0-442d-8038-33a5ad31efdd/in_use.lock acquired by nodename 17059@trunk-nightly-20190904-cdstp-2721877886
2019-09-04 05:29:41,363 [pool-449-thread-1] INFO  storage.RaftStorageDirectory (RaftStorageDirectory.java:tryLock(328)) - Lock on /workdir/hadoop-ozone/integration-test/target/test-dir/MiniOzoneClusterImpl-58a0207e-7756-41d3-9e8c-a97c8f82cfe0/datanode-4/data/ratis/5fb63b14-baf0-442d-8038-33a5ad31efdd/in_use.lock acquired by nodename 17059@trunk-nightly-20190904-cdstp-2721877886
2019-09-04 05:29:41,388 [pool-449-thread-1] INFO  storage.RaftStorage (RaftStorage.java:format(72)) - Storage directory /workdir/hadoop-ozone/integration-test/target/test-dir/MiniOzoneClusterImpl-58a0207e-7756-41d3-9e8c-a97c8f82cfe0/datanode-4/data/ratis/5fb63b14-baf0-442d-8038-33a5ad31efdd has been successfully formatted.
2019-09-04 05:29:41,388 [pool-409-thread-1] INFO  storage.RaftStorage (RaftStorage.java:format(72)) - Storage directory /workdir/hadoop-ozone/integration-test/target/test-dir/MiniOzoneClusterImpl-58a0207e-7756-41d3-9e8c-a97c8f82cfe0/datanode-0/data/ratis/5fb63b14-baf0-442d-8038-33a5ad31efdd has been successfully formatted.
2019-09-04 05:29:41,389 [pool-449-thread-1] INFO  ratis.ContainerStateMachine (ContainerStateMachine.java:loadSnapshot(227)) - group-33A5AD31EFDD: The snapshot info is null. Setting the last applied indexto:(t:0, i:~)
2019-09-04 05:29:41,388 [pool-419-thread-1] INFO  storage.RaftStorage (RaftStorage.java:format(72)) - Storage directory /workdir/hadoop-ozone/integration-test/target/test-dir/MiniOzoneClusterImpl-58a0207e-7756-41d3-9e8c-a97c8f82cfe0/datanode-1/data/ratis/5fb63b14-baf0-442d-8038-33a5ad31efdd has been successfully formatted.
2019-09-04 05:29:41,389 [pool-449-thread-1] INFO  server.RaftServerConfigKeys (ConfUtils.java:logGet(43)) - raft.server.leader.election.timeout = 120s (custom)
2019-09-04 05:29:41,389 [pool-409-thread-1] INFO  ratis.ContainerStateMachine (ContainerStateMachine.java:loadSnapshot(227)) - group-33A5AD31EFDD: The snapshot info is null. Setting the last applied indexto:(t:0, i:~)
2019-09-04 05:29:41,389 [pool-419-thread-1] INFO  ratis.ContainerStateMachine (ContainerStateMachine.java:loadSnapshot(227)) - group-33A5AD31EFDD: The snapshot info is null. Setting the last applied indexto:(t:0, i:~)
2019-09-04 05:29:41,389 [pool-449-thread-1] INFO  server.RaftServerConfigKeys (ConfUtils.java:logGet(43)) - raft.server.log.use.memory = false (default)
2019-09-04 05:29:41,390 [pool-419-thread-1] INFO  server.RaftServerConfigKeys (ConfUtils.java:logGet(43)) - raft.server.leader.election.timeout = 120s (custom)
2019-09-04 05:29:41,389 [pool-409-thread-1] INFO  server.RaftServerConfigKeys (ConfUtils.java:logGet(43)) - raft.server.leader.election.timeout = 120s (custom)
2019-09-04 05:29:41,390 [pool-419-thread-1] INFO  server.RaftServerConfigKeys (ConfUtils.java:logGet(43)) - raft.server.log.use.memory = false (default)
2019-09-04 05:29:41,390 [pool-449-thread-1] INFO  server.RaftServerConfigKeys (ConfUtils.java:logGet(43)) - raft.server.log.purge.gap = 1000000 (custom)
2019-09-04 05:29:41,390 [pool-419-thread-1] INFO  server.RaftServerConfigKeys (ConfUtils.java:logGet(43)) - raft.server.log.purge.gap = 1000000 (custom)
2019-09-04 05:29:41,390 [pool-409-thread-1] INFO  server.RaftServerConfigKeys (ConfUtils.java:logGet(43)) - raft.server.log.use.memory = false (default)
2019-09-04 05:29:41,391 [pool-419-thread-1] INFO  server.RaftServerConfigKeys (ConfUtils.java:logGet(43)) - raft.server.log.appender.buffer.byte-limit = 33554432 (custom)
2019-09-04 05:29:41,390 [pool-449-thread-1] INFO  server.RaftServerConfigKeys (ConfUtils.java:logGet(43)) - raft.server.log.appender.buffer.byte-limit = 33554432 (custom)
2019-09-04 05:29:41,391 [pool-419-thread-1] INFO  server.RaftServerConfigKeys (ConfUtils.java:logGet(43)) - raft.server.log.segment.size.max = 1048576 (custom)
2019-09-04 05:29:41,391 [pool-409-thread-1] INFO  server.RaftServerConfigKeys (ConfUtils.java:logGet(43)) - raft.server.log.purge.gap = 1000000 (custom)
2019-09-04 05:29:41,391 [pool-419-thread-1] INFO  server.RaftServerConfigKeys (ConfUtils.java:logGet(43)) - raft.server.log.segment.cache.num.max = 2 (custom)
2019-09-04 05:29:41,391 [pool-449-thread-1] INFO  server.RaftServerConfigKeys (ConfUtils.java:logGet(43)) - raft.server.log.segment.size.max = 1048576 (custom)
2019-09-04 05:29:41,392 [pool-419-thread-1] INFO  segmented.SegmentedRaftLogWorker (SegmentedRaftLogWorker.java:<init>(172)) - new 53d70931-b2a7-4310-8fe8-2c0a4a694a6e-SegmentedRaftLogWorker:Storage Directory /workdir/hadoop-ozone/integration-test/target/test-dir/MiniOzoneClusterImpl-58a0207e-7756-41d3-9e8c-a97c8f82cfe0/datanode-1/data/ratis/5fb63b14-baf0-442d-8038-33a5ad31efdd for RaftStorage:Storage Directory /workdir/hadoop-ozone/integration-test/target/test-dir/MiniOzoneClusterImpl-58a0207e-7756-41d3-9e8c-a97c8f82cfe0/datanode-1/data/ratis/5fb63b14-baf0-442d-8038-33a5ad31efdd
2019-09-04 05:29:41,391 [pool-409-thread-1] INFO  server.RaftServerConfigKeys (ConfUtils.java:logGet(43)) - raft.server.log.appender.buffer.byte-limit = 33554432 (custom)
2019-09-04 05:29:41,392 [pool-419-thread-1] INFO  server.RaftServerConfigKeys (ConfUtils.java:logGet(43)) - raft.server.log.queue.byte-limit = 2147483647 (custom)
2019-09-04 05:29:41,392 [pool-449-thread-1] INFO  server.RaftServerConfigKeys (ConfUtils.java:logGet(43)) - raft.server.log.segment.cache.num.max = 2 (custom)
2019-09-04 05:29:41,392 [pool-419-thread-1] INFO  server.RaftServerConfigKeys (ConfUtils.java:logGet(43)) - raft.server.log.queue.element-limit = 1024 (custom)
2019-09-04 05:29:41,392 [pool-409-thread-1] INFO  server.RaftServerConfigKeys (ConfUtils.java:logGet(43)) - raft.server.log.segment.size.max = 1048576 (custom)
2019-09-04 05:29:41,393 [pool-419-thread-1] INFO  server.RaftServerConfigKeys (ConfUtils.java:logGet(43)) - raft.server.log.segment.size.max = 1048576 (custom)
2019-09-04 05:29:41,392 [pool-449-thread-1] INFO  segmented.SegmentedRaftLogWorker (SegmentedRaftLogWorker.java:<init>(172)) - new 74de5f20-9e74-428d-822d-cb54bc80bbbc-SegmentedRaftLogWorker:Storage Directory /workdir/hadoop-ozone/integration-test/target/test-dir/MiniOzoneClusterImpl-58a0207e-7756-41d3-9e8c-a97c8f82cfe0/datanode-4/data/ratis/5fb63b14-baf0-442d-8038-33a5ad31efdd for RaftStorage:Storage Directory /workdir/hadoop-ozone/integration-test/target/test-dir/MiniOzoneClusterImpl-58a0207e-7756-41d3-9e8c-a97c8f82cfe0/datanode-4/data/ratis/5fb63b14-baf0-442d-8038-33a5ad31efdd
2019-09-04 05:29:41,393 [pool-419-thread-1] INFO  server.RaftServerConfigKeys (ConfUtils.java:logGet(43)) - raft.server.log.preallocated.size = 16384 (custom)
2019-09-04 05:29:41,393 [pool-409-thread-1] INFO  server.RaftServerConfigKeys (ConfUtils.java:logGet(43)) - raft.server.log.segment.cache.num.max = 2 (custom)
2019-09-04 05:29:41,393 [pool-419-thread-1] INFO  server.RaftServerConfigKeys (ConfUtils.java:logGet(43)) - raft.server.log.write.buffer.size = 33554432 (custom)
2019-09-04 05:29:41,393 [pool-449-thread-1] INFO  server.RaftServerConfigKeys (ConfUtils.java:logGet(43)) - raft.server.log.queue.byte-limit = 2147483647 (custom)
2019-09-04 05:29:41,393 [pool-419-thread-1] INFO  server.RaftServerConfigKeys (ConfUtils.java:logGet(43)) - raft.server.log.force.sync.num = 128 (default)
2019-09-04 05:29:41,393 [pool-409-thread-1] INFO  segmented.SegmentedRaftLogWorker (SegmentedRaftLogWorker.java:<init>(172)) - new 7ed9d160-43c5-43d1-a33d-bb7525b67925-SegmentedRaftLogWorker:Storage Directory /workdir/hadoop-ozone/integration-test/target/test-dir/MiniOzoneClusterImpl-58a0207e-7756-41d3-9e8c-a97c8f82cfe0/datanode-0/data/ratis/5fb63b14-baf0-442d-8038-33a5ad31efdd for RaftStorage:Storage Directory /workdir/hadoop-ozone/integration-test/target/test-dir/MiniOzoneClusterImpl-58a0207e-7756-41d3-9e8c-a97c8f82cfe0/datanode-0/data/ratis/5fb63b14-baf0-442d-8038-33a5ad31efdd
2019-09-04 05:29:41,394 [pool-419-thread-1] INFO  server.RaftServerConfigKeys (ConfUtils.java:logGet(43)) - raft.server.log.statemachine.data.sync = true (default)
2019-09-04 05:29:41,394 [pool-449-thread-1] INFO  server.RaftServerConfigKeys (ConfUtils.java:logGet(43)) - raft.server.log.queue.element-limit = 1024 (custom)
2019-09-04 05:29:41,394 [pool-419-thread-1] INFO  server.RaftServerConfigKeys (ConfUtils.java:logGet(43)) - raft.server.log.statemachine.data.sync.timeout = 10s (default)
2019-09-04 05:29:41,394 [pool-409-thread-1] INFO  server.RaftServerConfigKeys (ConfUtils.java:logGet(43)) - raft.server.log.queue.byte-limit = 2147483647 (custom)
2019-09-04 05:29:41,394 [pool-419-thread-1] INFO  server.RaftServerConfigKeys (ConfUtils.java:logGet(43)) - raft.server.log.statemachine.data.sync.timeout.retry = -1 (default)
2019-09-04 05:29:41,394 [pool-449-thread-1] INFO  server.RaftServerConfigKeys (ConfUtils.java:logGet(43)) - raft.server.log.segment.size.max = 1048576 (custom)
2019-09-04 05:29:41,395 [pool-419-thread-1] INFO  server.RaftServerConfigKeys (ConfUtils.java:logGet(43)) - raft.server.log.statemachine.data.caching.enabled = true (custom)
2019-09-04 05:29:41,394 [pool-409-thread-1] INFO  server.RaftServerConfigKeys (ConfUtils.java:logGet(43)) - raft.server.log.queue.element-limit = 1024 (custom)
2019-09-04 05:29:41,395 [pool-409-thread-1] INFO  server.RaftServerConfigKeys (ConfUtils.java:logGet(43)) - raft.server.log.segment.size.max = 1048576 (custom)
2019-09-04 05:29:41,395 [pool-449-thread-1] INFO  server.RaftServerConfigKeys (ConfUtils.java:logGet(43)) - raft.server.log.preallocated.size = 16384 (custom)
2019-09-04 05:29:41,395 [pool-409-thread-1] INFO  server.RaftServerConfigKeys (ConfUtils.java:logGet(43)) - raft.server.log.preallocated.size = 16384 (custom)
2019-09-04 05:29:41,395 [pool-419-thread-1] INFO  segmented.SegmentedRaftLogWorker (SegmentedRaftLogWorker.java:lambda$new$0(132)) - 53d70931-b2a7-4310-8fe8-2c0a4a694a6e-SegmentedRaftLogWorker:Storage Directory /workdir/hadoop-ozone/integration-test/target/test-dir/MiniOzoneClusterImpl-58a0207e-7756-41d3-9e8c-a97c8f82cfe0/datanode-1/data/ratis/5fb63b14-baf0-442d-8038-33a5ad31efdd: flushIndex: setUnconditionally 0 -> -1
2019-09-04 05:29:41,396 [pool-409-thread-1] INFO  server.RaftServerConfigKeys (ConfUtils.java:logGet(43)) - raft.server.log.write.buffer.size = 33554432 (custom)
2019-09-04 05:29:41,396 [pool-409-thread-1] INFO  server.RaftServerConfigKeys (ConfUtils.java:logGet(43)) - raft.server.log.force.sync.num = 128 (default)
2019-09-04 05:29:41,395 [pool-449-thread-1] INFO  server.RaftServerConfigKeys (ConfUtils.java:logGet(43)) - raft.server.log.write.buffer.size = 33554432 (custom)
2019-09-04 05:29:41,396 [pool-409-thread-1] INFO  server.RaftServerConfigKeys (ConfUtils.java:logGet(43)) - raft.server.log.statemachine.data.sync = true (default)
2019-09-04 05:29:41,396 [pool-419-thread-1] INFO  server.RaftServerConfigKeys (ConfUtils.java:logGet(43)) - raft.server.snapshot.auto.trigger.enabled = true (custom)
2019-09-04 05:29:41,396 [pool-409-thread-1] INFO  server.RaftServerConfigKeys (ConfUtils.java:logGet(43)) - raft.server.log.statemachine.data.sync.timeout = 10s (default)
2019-09-04 05:29:41,397 [pool-409-thread-1] INFO  server.RaftServerConfigKeys (ConfUtils.java:logGet(43)) - raft.server.log.statemachine.data.sync.timeout.retry = -1 (default)
2019-09-04 05:29:41,396 [pool-449-thread-1] INFO  server.RaftServerConfigKeys (ConfUtils.java:logGet(43)) - raft.server.log.force.sync.num = 128 (default)
2019-09-04 05:29:41,397 [pool-409-thread-1] INFO  server.RaftServerConfigKeys (ConfUtils.java:logGet(43)) - raft.server.log.statemachine.data.caching.enabled = true (custom)
2019-09-04 05:29:41,397 [pool-419-thread-1] INFO  server.RaftServerConfigKeys (ConfUtils.java:logGet(43)) - raft.server.snapshot.auto.trigger.threshold = 10000 (custom)
2019-09-04 05:29:41,397 [pool-449-thread-1] INFO  server.RaftServerConfigKeys (ConfUtils.java:logGet(43)) - raft.server.log.statemachine.data.sync = true (default)
2019-09-04 05:29:41,397 [pool-419-thread-1] INFO  server.RaftServerConfigKeys (ConfUtils.java:logGet(43)) - raft.server.retrycache.expirytime = 600000ms (custom)
2019-09-04 05:29:41,397 [pool-409-thread-1] INFO  segmented.SegmentedRaftLogWorker (SegmentedRaftLogWorker.java:lambda$new$0(132)) - 7ed9d160-43c5-43d1-a33d-bb7525b67925-SegmentedRaftLogWorker:Storage Directory /workdir/hadoop-ozone/integration-test/target/test-dir/MiniOzoneClusterImpl-58a0207e-7756-41d3-9e8c-a97c8f82cfe0/datanode-0/data/ratis/5fb63b14-baf0-442d-8038-33a5ad31efdd: flushIndex: setUnconditionally 0 -> -1
2019-09-04 05:29:41,398 [pool-419-thread-1] INFO  impl.RaftServerImpl (RaftServerImpl.java:start(180)) - 53d70931-b2a7-4310-8fe8-2c0a4a694a6e: start group-33A5AD31EFDD
2019-09-04 05:29:41,397 [pool-449-thread-1] INFO  server.RaftServerConfigKeys (ConfUtils.java:logGet(43)) - raft.server.log.statemachine.data.sync.timeout = 10s (default)
2019-09-04 05:29:41,398 [pool-409-thread-1] INFO  server.RaftServerConfigKeys (ConfUtils.java:logGet(43)) - raft.server.snapshot.auto.trigger.enabled = true (custom)
2019-09-04 05:29:41,398 [pool-419-thread-1] INFO  impl.RaftServerImpl (RaftServerImpl.java:setRole(171)) - 53d70931-b2a7-4310-8fe8-2c0a4a694a6e:group-33A5AD31EFDD changes role from null to FOLLOWER at term 0 for startAsFollower
2019-09-04 05:29:41,398 [pool-409-thread-1] INFO  server.RaftServerConfigKeys (ConfUtils.java:logGet(43)) - raft.server.snapshot.auto.trigger.threshold = 10000 (custom)
2019-09-04 05:29:41,398 [pool-449-thread-1] INFO  server.RaftServerConfigKeys (ConfUtils.java:logGet(43)) - raft.server.log.statemachine.data.sync.timeout.retry = -1 (default)
2019-09-04 05:29:41,399 [pool-409-thread-1] INFO  server.RaftServerConfigKeys (ConfUtils.java:logGet(43)) - raft.server.retrycache.expirytime = 600000ms (custom)
2019-09-04 05:29:41,398 [pool-419-thread-1] INFO  impl.RoleInfo (RoleInfo.java:updateAndGet(143)) - 53d70931-b2a7-4310-8fe8-2c0a4a694a6e: start FollowerState
2019-09-04 05:29:41,399 [pool-409-thread-1] INFO  impl.RaftServerImpl (RaftServerImpl.java:start(180)) - 7ed9d160-43c5-43d1-a33d-bb7525b67925: start group-33A5AD31EFDD
2019-09-04 05:29:41,399 [pool-409-thread-1] INFO  impl.RaftServerImpl (RaftServerImpl.java:setRole(171)) - 7ed9d160-43c5-43d1-a33d-bb7525b67925:group-33A5AD31EFDD changes role from null to FOLLOWER at term 0 for startAsFollower
2019-09-04 05:29:41,399 [pool-449-thread-1] INFO  server.RaftServerConfigKeys (ConfUtils.java:logGet(43)) - raft.server.log.statemachine.data.caching.enabled = true (custom)
2019-09-04 05:29:41,399 [pool-419-thread-1] INFO  util.JmxRegister (JmxRegister.java:tryRegister(44)) - Successfully registered JMX Bean with object name Ratis:service=RaftServer,group=group-33A5AD31EFDD,id=53d70931-b2a7-4310-8fe8-2c0a4a694a6e
2019-09-04 05:29:41,399 [pool-409-thread-1] INFO  impl.RoleInfo (RoleInfo.java:updateAndGet(143)) - 7ed9d160-43c5-43d1-a33d-bb7525b67925: start FollowerState
2019-09-04 05:29:41,400 [pool-449-thread-1] INFO  segmented.SegmentedRaftLogWorker (SegmentedRaftLogWorker.java:lambda$new$0(132)) - 74de5f20-9e74-428d-822d-cb54bc80bbbc-SegmentedRaftLogWorker:Storage Directory /workdir/hadoop-ozone/integration-test/target/test-dir/MiniOzoneClusterImpl-58a0207e-7756-41d3-9e8c-a97c8f82cfe0/datanode-4/data/ratis/5fb63b14-baf0-442d-8038-33a5ad31efdd: flushIndex: setUnconditionally 0 -> -1
2019-09-04 05:29:41,400 [pool-409-thread-1] INFO  util.JmxRegister (JmxRegister.java:tryRegister(44)) - Successfully registered JMX Bean with object name Ratis:service=RaftServer,group=group-33A5AD31EFDD,id=7ed9d160-43c5-43d1-a33d-bb7525b67925
2019-09-04 05:29:41,400 [pool-449-thread-1] INFO  server.RaftServerConfigKeys (ConfUtils.java:logGet(43)) - raft.server.snapshot.auto.trigger.enabled = true (custom)
2019-09-04 05:29:41,400 [pool-449-thread-1] INFO  server.RaftServerConfigKeys (ConfUtils.java:logGet(43)) - raft.server.snapshot.auto.trigger.threshold = 10000 (custom)
2019-09-04 05:29:41,401 [pool-449-thread-1] INFO  server.RaftServerConfigKeys (ConfUtils.java:logGet(43)) - raft.server.retrycache.expirytime = 600000ms (custom)
2019-09-04 05:29:41,401 [pool-449-thread-1] INFO  impl.RaftServerImpl (RaftServerImpl.java:start(180)) - 74de5f20-9e74-428d-822d-cb54bc80bbbc: start group-33A5AD31EFDD
2019-09-04 05:29:41,401 [pool-449-thread-1] INFO  impl.RaftServerImpl (RaftServerImpl.java:setRole(171)) - 74de5f20-9e74-428d-822d-cb54bc80bbbc:group-33A5AD31EFDD changes role from null to FOLLOWER at term 0 for startAsFollower
2019-09-04 05:29:41,401 [pool-449-thread-1] INFO  impl.RoleInfo (RoleInfo.java:updateAndGet(143)) - 74de5f20-9e74-428d-822d-cb54bc80bbbc: start FollowerState
2019-09-04 05:29:41,402 [pool-449-thread-1] INFO  util.JmxRegister (JmxRegister.java:tryRegister(44)) - Successfully registered JMX Bean with object name Ratis:service=RaftServer,group=group-33A5AD31EFDD,id=74de5f20-9e74-428d-822d-cb54bc80bbbc
2019-09-04 05:29:41,404 [RatisPipelineUtilsThread] INFO  pipeline.PipelineStateManager (PipelineStateManager.java:addPipeline(56)) - Created pipeline Pipeline[ Id: 5fb63b14-baf0-442d-8038-33a5ad31efdd, Nodes: 74de5f20-9e74-428d-822d-cb54bc80bbbc{ip: 192.168.69.71, host: trunk-nightly-20190904-cdstp-2721877886, networkLocation: /default-rack, certSerialId: null}53d70931-b2a7-4310-8fe8-2c0a4a694a6e{ip: 192.168.69.71, host: trunk-nightly-20190904-cdstp-2721877886, networkLocation: /default-rack, certSerialId: null}7ed9d160-43c5-43d1-a33d-bb7525b67925{ip: 192.168.69.71, host: trunk-nightly-20190904-cdstp-2721877886, networkLocation: /default-rack, certSerialId: null}, Type:RATIS, Factor:THREE, State:OPEN]
2019-09-04 05:29:41,433 [grpc-default-executor-7] INFO  impl.RaftServerProxy (RaftServerProxy.java:addNew(89)) - 7829b0ca-b8cc-4d14-b96a-9fb080896240: addNew group-FC2D37CC5A23:[7829b0ca-b8cc-4d14-b96a-9fb080896240:192.168.69.71:41512, 4ba7a24c-5cfe-40cd-b0c9-5f87f6b790e9:192.168.69.71:35457, 695330d6-66f9-4943-9293-d16e4d5ea686:192.168.69.71:37616] returns group-FC2D37CC5A23:java.util.concurrent.CompletableFuture@57a0a577[Not completed]
2019-09-04 05:29:41,433 [grpc-default-executor-2] INFO  impl.RaftServerProxy (RaftServerProxy.java:addNew(89)) - 695330d6-66f9-4943-9293-d16e4d5ea686: addNew group-FC2D37CC5A23:[7829b0ca-b8cc-4d14-b96a-9fb080896240:192.168.69.71:41512, 4ba7a24c-5cfe-40cd-b0c9-5f87f6b790e9:192.168.69.71:35457, 695330d6-66f9-4943-9293-d16e4d5ea686:192.168.69.71:37616] returns group-FC2D37CC5A23:java.util.concurrent.CompletableFuture@3f04c1e4[Not completed]
2019-09-04 05:29:41,438 [grpc-default-executor-2] INFO  impl.RaftServerProxy (RaftServerProxy.java:addNew(89)) - 4ba7a24c-5cfe-40cd-b0c9-5f87f6b790e9: addNew group-FC2D37CC5A23:[7829b0ca-b8cc-4d14-b96a-9fb080896240:192.168.69.71:41512, 4ba7a24c-5cfe-40cd-b0c9-5f87f6b790e9:192.168.69.71:35457, 695330d6-66f9-4943-9293-d16e4d5ea686:192.168.69.71:37616] returns group-FC2D37CC5A23:java.util.concurrent.CompletableFuture@1a7a06b0[Not completed]
2019-09-04 05:29:41,438 [pool-429-thread-1] INFO  impl.RaftServerImpl (RaftServerImpl.java:<init>(93)) - 7829b0ca-b8cc-4d14-b96a-9fb080896240: new RaftServerImpl for group-FC2D37CC5A23:[7829b0ca-b8cc-4d14-b96a-9fb080896240:192.168.69.71:41512, 4ba7a24c-5cfe-40cd-b0c9-5f87f6b790e9:192.168.69.71:35457, 695330d6-66f9-4943-9293-d16e4d5ea686:192.168.69.71:37616] with ContainerStateMachine:uninitialized
2019-09-04 05:29:41,438 [pool-429-thread-1] INFO  server.RaftServerConfigKeys (ConfUtils.java:logGet(43)) - raft.server.rpc.timeout.min = 5s (custom)
2019-09-04 05:29:41,438 [pool-439-thread-1] INFO  impl.RaftServerImpl (RaftServerImpl.java:<init>(93)) - 695330d6-66f9-4943-9293-d16e4d5ea686: new RaftServerImpl for group-FC2D37CC5A23:[7829b0ca-b8cc-4d14-b96a-9fb080896240:192.168.69.71:41512, 4ba7a24c-5cfe-40cd-b0c9-5f87f6b790e9:192.168.69.71:35457, 695330d6-66f9-4943-9293-d16e4d5ea686:192.168.69.71:37616] with ContainerStateMachine:uninitialized
2019-09-04 05:29:41,439 [pool-429-thread-1] INFO  server.RaftServerConfigKeys (ConfUtils.java:logGet(43)) - raft.server.rpc.timeout.max = 5200ms (custom)
2019-09-04 05:29:41,439 [pool-439-thread-1] INFO  server.RaftServerConfigKeys (ConfUtils.java:logGet(43)) - raft.server.rpc.timeout.min = 5s (custom)
2019-09-04 05:29:41,439 [pool-429-thread-1] INFO  server.RaftServerConfigKeys (ConfUtils.java:logGet(43)) - raft.server.rpcslowness.timeout = 120s (custom)
2019-09-04 05:29:41,439 [pool-439-thread-1] INFO  server.RaftServerConfigKeys (ConfUtils.java:logGet(43)) - raft.server.rpc.timeout.max = 5200ms (custom)
2019-09-04 05:29:41,439 [pool-429-thread-1] INFO  server.RaftServerConfigKeys (ConfUtils.java:logGet(43)) - raft.server.sleep.deviation.threshold = 300 (default)
2019-09-04 05:29:41,439 [pool-439-thread-1] INFO  server.RaftServerConfigKeys (ConfUtils.java:logGet(43)) - raft.server.rpcslowness.timeout = 120s (custom)
2019-09-04 05:29:41,440 [pool-429-thread-1] INFO  server.RaftServerConfigKeys (ConfUtils.java:logGet(43)) - raft.server.log.appender.install.snapshot.enabled = false (custom)
2019-09-04 05:29:41,440 [pool-469-thread-1] INFO  impl.RaftServerImpl (RaftServerImpl.java:<init>(93)) - 4ba7a24c-5cfe-40cd-b0c9-5f87f6b790e9: new RaftServerImpl for group-FC2D37CC5A23:[7829b0ca-b8cc-4d14-b96a-9fb080896240:192.168.69.71:41512, 4ba7a24c-5cfe-40cd-b0c9-5f87f6b790e9:192.168.69.71:35457, 695330d6-66f9-4943-9293-d16e4d5ea686:192.168.69.71:37616] with ContainerStateMachine:uninitialized
2019-09-04 05:29:41,440 [pool-439-thread-1] INFO  server.RaftServerConfigKeys (ConfUtils.java:logGet(43)) - raft.server.sleep.deviation.threshold = 300 (default)
2019-09-04 05:29:41,440 [pool-439-thread-1] INFO  server.RaftServerConfigKeys (ConfUtils.java:logGet(43)) - raft.server.log.appender.install.snapshot.enabled = false (custom)
2019-09-04 05:29:41,441 [pool-439-thread-1] INFO  impl.RaftServerImpl (ServerState.java:<init>(105)) - 695330d6-66f9-4943-9293-d16e4d5ea686:group-FC2D37CC5A23 ConfigurationManager, init=-1: [7829b0ca-b8cc-4d14-b96a-9fb080896240:192.168.69.71:41512, 4ba7a24c-5cfe-40cd-b0c9-5f87f6b790e9:192.168.69.71:35457, 695330d6-66f9-4943-9293-d16e4d5ea686:192.168.69.71:37616], old=null, confs=<EMPTY_MAP>
2019-09-04 05:29:41,441 [pool-439-thread-1] INFO  server.RaftServerConfigKeys (ConfUtils.java:logGet(43)) - raft.server.storage.dir = [/workdir/hadoop-ozone/integration-test/target/test-dir/MiniOzoneClusterImpl-58a0207e-7756-41d3-9e8c-a97c8f82cfe0/datanode-3/data/ratis] (custom)
2019-09-04 05:29:41,440 [pool-469-thread-1] INFO  server.RaftServerConfigKeys (ConfUtils.java:logGet(43)) - raft.server.rpc.timeout.min = 5s (custom)
2019-09-04 05:29:41,440 [pool-429-thread-1] INFO  impl.RaftServerImpl (ServerState.java:<init>(105)) - 7829b0ca-b8cc-4d14-b96a-9fb080896240:group-FC2D37CC5A23 ConfigurationManager, init=-1: [7829b0ca-b8cc-4d14-b96a-9fb080896240:192.168.69.71:41512, 4ba7a24c-5cfe-40cd-b0c9-5f87f6b790e9:192.168.69.71:35457, 695330d6-66f9-4943-9293-d16e4d5ea686:192.168.69.71:37616], old=null, confs=<EMPTY_MAP>
2019-09-04 05:29:41,441 [pool-439-thread-1] INFO  storage.RaftStorageDirectory (RaftStorageDirectory.java:analyzeStorage(246)) - The storage directory /workdir/hadoop-ozone/integration-test/target/test-dir/MiniOzoneClusterImpl-58a0207e-7756-41d3-9e8c-a97c8f82cfe0/datanode-3/data/ratis/65cd53f9-4857-42f2-911f-fc2d37cc5a23 does not exist. Creating ...
2019-09-04 05:29:41,441 [pool-429-thread-1] INFO  server.RaftServerConfigKeys (ConfUtils.java:logGet(43)) - raft.server.storage.dir = [/workdir/hadoop-ozone/integration-test/target/test-dir/MiniOzoneClusterImpl-58a0207e-7756-41d3-9e8c-a97c8f82cfe0/datanode-2/data/ratis] (custom)
2019-09-04 05:29:41,441 [pool-469-thread-1] INFO  server.RaftServerConfigKeys (ConfUtils.java:logGet(43)) - raft.server.rpc.timeout.max = 5200ms (custom)
2019-09-04 05:29:41,442 [pool-469-thread-1] INFO  server.RaftServerConfigKeys (ConfUtils.java:logGet(43)) - raft.server.rpcslowness.timeout = 120s (custom)
2019-09-04 05:29:41,442 [pool-429-thread-1] INFO  storage.RaftStorageDirectory (RaftStorageDirectory.java:analyzeStorage(246)) - The storage directory /workdir/hadoop-ozone/integration-test/target/test-dir/MiniOzoneClusterImpl-58a0207e-7756-41d3-9e8c-a97c8f82cfe0/datanode-2/data/ratis/65cd53f9-4857-42f2-911f-fc2d37cc5a23 does not exist. Creating ...
2019-09-04 05:29:41,442 [pool-469-thread-1] INFO  server.RaftServerConfigKeys (ConfUtils.java:logGet(43)) - raft.server.sleep.deviation.threshold = 300 (default)
2019-09-04 05:29:41,442 [pool-469-thread-1] INFO  server.RaftServerConfigKeys (ConfUtils.java:logGet(43)) - raft.server.log.appender.install.snapshot.enabled = false (custom)
2019-09-04 05:29:41,442 [pool-469-thread-1] INFO  impl.RaftServerImpl (ServerState.java:<init>(105)) - 4ba7a24c-5cfe-40cd-b0c9-5f87f6b790e9:group-FC2D37CC5A23 ConfigurationManager, init=-1: [7829b0ca-b8cc-4d14-b96a-9fb080896240:192.168.69.71:41512, 4ba7a24c-5cfe-40cd-b0c9-5f87f6b790e9:192.168.69.71:35457, 695330d6-66f9-4943-9293-d16e4d5ea686:192.168.69.71:37616], old=null, confs=<EMPTY_MAP>
2019-09-04 05:29:41,443 [pool-469-thread-1] INFO  server.RaftServerConfigKeys (ConfUtils.java:logGet(43)) - raft.server.storage.dir = [/workdir/hadoop-ozone/integration-test/target/test-dir/MiniOzoneClusterImpl-58a0207e-7756-41d3-9e8c-a97c8f82cfe0/datanode-6/data/ratis] (custom)
2019-09-04 05:29:41,443 [pool-469-thread-1] INFO  storage.RaftStorageDirectory (RaftStorageDirectory.java:analyzeStorage(246)) - The storage directory /workdir/hadoop-ozone/integration-test/target/test-dir/MiniOzoneClusterImpl-58a0207e-7756-41d3-9e8c-a97c8f82cfe0/datanode-6/data/ratis/65cd53f9-4857-42f2-911f-fc2d37cc5a23 does not exist. Creating ...
2019-09-04 05:29:41,464 [pool-469-thread-1] INFO  storage.RaftStorageDirectory (RaftStorageDirectory.java:tryLock(328)) - Lock on /workdir/hadoop-ozone/integration-test/target/test-dir/MiniOzoneClusterImpl-58a0207e-7756-41d3-9e8c-a97c8f82cfe0/datanode-6/data/ratis/65cd53f9-4857-42f2-911f-fc2d37cc5a23/in_use.lock acquired by nodename 17059@trunk-nightly-20190904-cdstp-2721877886
2019-09-04 05:29:41,464 [pool-439-thread-1] INFO  storage.RaftStorageDirectory (RaftStorageDirectory.java:tryLock(328)) - Lock on /workdir/hadoop-ozone/integration-test/target/test-dir/MiniOzoneClusterImpl-58a0207e-7756-41d3-9e8c-a97c8f82cfe0/datanode-3/data/ratis/65cd53f9-4857-42f2-911f-fc2d37cc5a23/in_use.lock acquired by nodename 17059@trunk-nightly-20190904-cdstp-2721877886
2019-09-04 05:29:41,464 [pool-429-thread-1] INFO  storage.RaftStorageDirectory (RaftStorageDirectory.java:tryLock(328)) - Lock on /workdir/hadoop-ozone/integration-test/target/test-dir/MiniOzoneClusterImpl-58a0207e-7756-41d3-9e8c-a97c8f82cfe0/datanode-2/data/ratis/65cd53f9-4857-42f2-911f-fc2d37cc5a23/in_use.lock acquired by nodename 17059@trunk-nightly-20190904-cdstp-2721877886
2019-09-04 05:29:41,490 [pool-429-thread-1] INFO  storage.RaftStorage (RaftStorage.java:format(72)) - Storage directory /workdir/hadoop-ozone/integration-test/target/test-dir/MiniOzoneClusterImpl-58a0207e-7756-41d3-9e8c-a97c8f82cfe0/datanode-2/data/ratis/65cd53f9-4857-42f2-911f-fc2d37cc5a23 has been successfully formatted.
2019-09-04 05:29:41,490 [pool-439-thread-1] INFO  storage.RaftStorage (RaftStorage.java:format(72)) - Storage directory /workdir/hadoop-ozone/integration-test/target/test-dir/MiniOzoneClusterImpl-58a0207e-7756-41d3-9e8c-a97c8f82cfe0/datanode-3/data/ratis/65cd53f9-4857-42f2-911f-fc2d37cc5a23 has been successfully formatted.
2019-09-04 05:29:41,490 [pool-429-thread-1] INFO  ratis.ContainerStateMachine (ContainerStateMachine.java:loadSnapshot(227)) - group-FC2D37CC5A23: The snapshot info is null. Setting the last applied indexto:(t:0, i:~)
2019-09-04 05:29:41,490 [pool-469-thread-1] INFO  storage.RaftStorage (RaftStorage.java:format(72)) - Storage directory /workdir/hadoop-ozone/integration-test/target/test-dir/MiniOzoneClusterImpl-58a0207e-7756-41d3-9e8c-a97c8f82cfe0/datanode-6/data/ratis/65cd53f9-4857-42f2-911f-fc2d37cc5a23 has been successfully formatted.
2019-09-04 05:29:41,490 [pool-439-thread-1] INFO  ratis.ContainerStateMachine (ContainerStateMachine.java:loadSnapshot(227)) - group-FC2D37CC5A23: The snapshot info is null. Setting the last applied indexto:(t:0, i:~)
2019-09-04 05:29:41,490 [pool-429-thread-1] INFO  server.RaftServerConfigKeys (ConfUtils.java:logGet(43)) - raft.server.leader.election.timeout = 120s (custom)
2019-09-04 05:29:41,491 [pool-439-thread-1] INFO  server.RaftServerConfigKeys (ConfUtils.java:logGet(43)) - raft.server.leader.election.timeout = 120s (custom)
2019-09-04 05:29:41,491 [pool-469-thread-1] INFO  ratis.ContainerStateMachine (ContainerStateMachine.java:loadSnapshot(227)) - group-FC2D37CC5A23: The snapshot info is null. Setting the last applied indexto:(t:0, i:~)
2019-09-04 05:29:41,491 [pool-439-thread-1] INFO  server.RaftServerConfigKeys (ConfUtils.java:logGet(43)) - raft.server.log.use.memory = false (default)
2019-09-04 05:29:41,491 [pool-429-thread-1] INFO  server.RaftServerConfigKeys (ConfUtils.java:logGet(43)) - raft.server.log.use.memory = false (default)
2019-09-04 05:29:41,491 [pool-439-thread-1] INFO  server.RaftServerConfigKeys (ConfUtils.java:logGet(43)) - raft.server.log.purge.gap = 1000000 (custom)
2019-09-04 05:29:41,491 [pool-469-thread-1] INFO  server.RaftServerConfigKeys (ConfUtils.java:logGet(43)) - raft.server.leader.election.timeout = 120s (custom)
2019-09-04 05:29:41,491 [pool-439-thread-1] INFO  server.RaftServerConfigKeys (ConfUtils.java:logGet(43)) - raft.server.log.appender.buffer.byte-limit = 33554432 (custom)
2019-09-04 05:29:41,491 [pool-429-thread-1] INFO  server.RaftServerConfigKeys (ConfUtils.java:logGet(43)) - raft.server.log.purge.gap = 1000000 (custom)
2019-09-04 05:29:41,492 [pool-439-thread-1] INFO  server.RaftServerConfigKeys (ConfUtils.java:logGet(43)) - raft.server.log.segment.size.max = 1048576 (custom)
2019-09-04 05:29:41,492 [pool-469-thread-1] INFO  server.RaftServerConfigKeys (ConfUtils.java:logGet(43)) - raft.server.log.use.memory = false (default)
2019-09-04 05:29:41,492 [pool-439-thread-1] INFO  server.RaftServerConfigKeys (ConfUtils.java:logGet(43)) - raft.server.log.segment.cache.num.max = 2 (custom)
2019-09-04 05:29:41,492 [pool-429-thread-1] INFO  server.RaftServerConfigKeys (ConfUtils.java:logGet(43)) - raft.server.log.appender.buffer.byte-limit = 33554432 (custom)
2019-09-04 05:29:41,492 [pool-439-thread-1] INFO  segmented.SegmentedRaftLogWorker (SegmentedRaftLogWorker.java:<init>(172)) - new 695330d6-66f9-4943-9293-d16e4d5ea686-SegmentedRaftLogWorker:Storage Directory /workdir/hadoop-ozone/integration-test/target/test-dir/MiniOzoneClusterImpl-58a0207e-7756-41d3-9e8c-a97c8f82cfe0/datanode-3/data/ratis/65cd53f9-4857-42f2-911f-fc2d37cc5a23 for RaftStorage:Storage Directory /workdir/hadoop-ozone/integration-test/target/test-dir/MiniOzoneClusterImpl-58a0207e-7756-41d3-9e8c-a97c8f82cfe0/datanode-3/data/ratis/65cd53f9-4857-42f2-911f-fc2d37cc5a23
2019-09-04 05:29:41,492 [pool-469-thread-1] INFO  server.RaftServerConfigKeys (ConfUtils.java:logGet(43)) - raft.server.log.purge.gap = 1000000 (custom)
2019-09-04 05:29:41,492 [pool-439-thread-1] INFO  server.RaftServerConfigKeys (ConfUtils.java:logGet(43)) - raft.server.log.queue.byte-limit = 2147483647 (custom)
2019-09-04 05:29:41,492 [pool-429-thread-1] INFO  server.RaftServerConfigKeys (ConfUtils.java:logGet(43)) - raft.server.log.segment.size.max = 1048576 (custom)
2019-09-04 05:29:41,493 [pool-439-thread-1] INFO  server.RaftServerConfigKeys (ConfUtils.java:logGet(43)) - raft.server.log.queue.element-limit = 1024 (custom)
2019-09-04 05:29:41,493 [pool-469-thread-1] INFO  server.RaftServerConfigKeys (ConfUtils.java:logGet(43)) - raft.server.log.appender.buffer.byte-limit = 33554432 (custom)
2019-09-04 05:29:41,493 [pool-439-thread-1] INFO  server.RaftServerConfigKeys (ConfUtils.java:logGet(43)) - raft.server.log.segment.size.max = 1048576 (custom)
2019-09-04 05:29:41,493 [pool-429-thread-1] INFO  server.RaftServerConfigKeys (ConfUtils.java:logGet(43)) - raft.server.log.segment.cache.num.max = 2 (custom)
2019-09-04 05:29:41,493 [pool-439-thread-1] INFO  server.RaftServerConfigKeys (ConfUtils.java:logGet(43)) - raft.server.log.preallocated.size = 16384 (custom)
2019-09-04 05:29:41,493 [pool-469-thread-1] INFO  server.RaftServerConfigKeys (ConfUtils.java:logGet(43)) - raft.server.log.segment.size.max = 1048576 (custom)
2019-09-04 05:29:41,494 [pool-439-thread-1] INFO  server.RaftServerConfigKeys (ConfUtils.java:logGet(43)) - raft.server.log.write.buffer.size = 33554432 (custom)
2019-09-04 05:29:41,493 [pool-429-thread-1] INFO  segmented.SegmentedRaftLogWorker (SegmentedRaftLogWorker.java:<init>(172)) - new 7829b0ca-b8cc-4d14-b96a-9fb080896240-SegmentedRaftLogWorker:Storage Directory /workdir/hadoop-ozone/integration-test/target/test-dir/MiniOzoneClusterImpl-58a0207e-7756-41d3-9e8c-a97c8f82cfe0/datanode-2/data/ratis/65cd53f9-4857-42f2-911f-fc2d37cc5a23 for RaftStorage:Storage Directory /workdir/hadoop-ozone/integration-test/target/test-dir/MiniOzoneClusterImpl-58a0207e-7756-41d3-9e8c-a97c8f82cfe0/datanode-2/data/ratis/65cd53f9-4857-42f2-911f-fc2d37cc5a23
2019-09-04 05:29:41,494 [pool-439-thread-1] INFO  server.RaftServerConfigKeys (ConfUtils.java:logGet(43)) - raft.server.log.force.sync.num = 128 (default)
2019-09-04 05:29:41,494 [pool-469-thread-1] INFO  server.RaftServerConfigKeys (ConfUtils.java:logGet(43)) - raft.server.log.segment.cache.num.max = 2 (custom)
2019-09-04 05:29:41,494 [pool-439-thread-1] INFO  server.RaftServerConfigKeys (ConfUtils.java:logGet(43)) - raft.server.log.statemachine.data.sync = true (default)
2019-09-04 05:29:41,494 [pool-429-thread-1] INFO  server.RaftServerConfigKeys (ConfUtils.java:logGet(43)) - raft.server.log.queue.byte-limit = 2147483647 (custom)
2019-09-04 05:29:41,494 [pool-439-thread-1] INFO  server.RaftServerConfigKeys (ConfUtils.java:logGet(43)) - raft.server.log.statemachine.data.sync.timeout = 10s (default)
2019-09-04 05:29:41,495 [pool-439-thread-1] INFO  server.RaftServerConfigKeys (ConfUtils.java:logGet(43)) - raft.server.log.statemachine.data.sync.timeout.retry = -1 (default)
2019-09-04 05:29:41,494 [pool-469-thread-1] INFO  segmented.SegmentedRaftLogWorker (SegmentedRaftLogWorker.java:<init>(172)) - new 4ba7a24c-5cfe-40cd-b0c9-5f87f6b790e9-SegmentedRaftLogWorker:Storage Directory /workdir/hadoop-ozone/integration-test/target/test-dir/MiniOzoneClusterImpl-58a0207e-7756-41d3-9e8c-a97c8f82cfe0/datanode-6/data/ratis/65cd53f9-4857-42f2-911f-fc2d37cc5a23 for RaftStorage:Storage Directory /workdir/hadoop-ozone/integration-test/target/test-dir/MiniOzoneClusterImpl-58a0207e-7756-41d3-9e8c-a97c8f82cfe0/datanode-6/data/ratis/65cd53f9-4857-42f2-911f-fc2d37cc5a23
2019-09-04 05:29:41,495 [pool-439-thread-1] INFO  server.RaftServerConfigKeys (ConfUtils.java:logGet(43)) - raft.server.log.statemachine.data.caching.enabled = true (custom)
2019-09-04 05:29:41,494 [pool-429-thread-1] INFO  server.RaftServerConfigKeys (ConfUtils.java:logGet(43)) - raft.server.log.queue.element-limit = 1024 (custom)
2019-09-04 05:29:41,495 [pool-469-thread-1] INFO  server.RaftServerConfigKeys (ConfUtils.java:logGet(43)) - raft.server.log.queue.byte-limit = 2147483647 (custom)
2019-09-04 05:29:41,495 [pool-429-thread-1] INFO  server.RaftServerConfigKeys (ConfUtils.java:logGet(43)) - raft.server.log.segment.size.max = 1048576 (custom)
2019-09-04 05:29:41,495 [pool-439-thread-1] INFO  segmented.SegmentedRaftLogWorker (SegmentedRaftLogWorker.java:lambda$new$0(132)) - 695330d6-66f9-4943-9293-d16e4d5ea686-SegmentedRaftLogWorker:Storage Directory /workdir/hadoop-ozone/integration-test/target/test-dir/MiniOzoneClusterImpl-58a0207e-7756-41d3-9e8c-a97c8f82cfe0/datanode-3/data/ratis/65cd53f9-4857-42f2-911f-fc2d37cc5a23: flushIndex: setUnconditionally 0 -> -1
2019-09-04 05:29:41,495 [pool-469-thread-1] INFO  server.RaftServerConfigKeys (ConfUtils.java:logGet(43)) - raft.server.log.queue.element-limit = 1024 (custom)
2019-09-04 05:29:41,495 [pool-429-thread-1] INFO  server.RaftServerConfigKeys (ConfUtils.java:logGet(43)) - raft.server.log.preallocated.size = 16384 (custom)
2019-09-04 05:29:41,496 [pool-469-thread-1] INFO  server.RaftServerConfigKeys (ConfUtils.java:logGet(43)) - raft.server.log.segment.size.max = 1048576 (custom)
2019-09-04 05:29:41,496 [pool-439-thread-1] INFO  server.RaftServerConfigKeys (ConfUtils.java:logGet(43)) - raft.server.snapshot.auto.trigger.enabled = true (custom)
2019-09-04 05:29:41,496 [pool-429-thread-1] INFO  server.RaftServerConfigKeys (ConfUtils.java:logGet(43)) - raft.server.log.write.buffer.size = 33554432 (custom)
2019-09-04 05:29:41,496 [pool-439-thread-1] INFO  server.RaftServerConfigKeys (ConfUtils.java:logGet(43)) - raft.server.snapshot.auto.trigger.threshold = 10000 (custom)
2019-09-04 05:29:41,496 [pool-469-thread-1] INFO  server.RaftServerConfigKeys (ConfUtils.java:logGet(43)) - raft.server.log.preallocated.size = 16384 (custom)
2019-09-04 05:29:41,496 [pool-439-thread-1] INFO  server.RaftServerConfigKeys (ConfUtils.java:logGet(43)) - raft.server.retrycache.expirytime = 600000ms (custom)
2019-09-04 05:29:41,496 [pool-429-thread-1] INFO  server.RaftServerConfigKeys (ConfUtils.java:logGet(43)) - raft.server.log.force.sync.num = 128 (default)
2019-09-04 05:29:41,496 [pool-439-thread-1] INFO  impl.RaftServerImpl (RaftServerImpl.java:start(180)) - 695330d6-66f9-4943-9293-d16e4d5ea686: start group-FC2D37CC5A23
2019-09-04 05:29:41,496 [pool-469-thread-1] INFO  server.RaftServerConfigKeys (ConfUtils.java:logGet(43)) - raft.server.log.write.buffer.size = 33554432 (custom)
2019-09-04 05:29:41,497 [pool-439-thread-1] INFO  impl.RaftServerImpl (RaftServerImpl.java:setRole(171)) - 695330d6-66f9-4943-9293-d16e4d5ea686:group-FC2D37CC5A23 changes role from null to FOLLOWER at term 0 for startAsFollower
2019-09-04 05:29:41,496 [pool-429-thread-1] INFO  server.RaftServerConfigKeys (ConfUtils.java:logGet(43)) - raft.server.log.statemachine.data.sync = true (default)
2019-09-04 05:29:41,497 [pool-439-thread-1] INFO  impl.RoleInfo (RoleInfo.java:updateAndGet(143)) - 695330d6-66f9-4943-9293-d16e4d5ea686: start FollowerState
2019-09-04 05:29:41,497 [pool-469-thread-1] INFO  server.RaftServerConfigKeys (ConfUtils.java:logGet(43)) - raft.server.log.force.sync.num = 128 (default)
2019-09-04 05:29:41,497 [pool-429-thread-1] INFO  server.RaftServerConfigKeys (ConfUtils.java:logGet(43)) - raft.server.log.statemachine.data.sync.timeout = 10s (default)
2019-09-04 05:29:41,497 [pool-469-thread-1] INFO  server.RaftServerConfigKeys (ConfUtils.java:logGet(43)) - raft.server.log.statemachine.data.sync = true (default)
2019-09-04 05:29:41,498 [pool-439-thread-1] INFO  util.JmxRegister (JmxRegister.java:tryRegister(44)) - Successfully registered JMX Bean with object name Ratis:service=RaftServer,group=group-FC2D37CC5A23,id=695330d6-66f9-4943-9293-d16e4d5ea686
2019-09-04 05:29:41,497 [pool-429-thread-1] INFO  server.RaftServerConfigKeys (ConfUtils.java:logGet(43)) - raft.server.log.statemachine.data.sync.timeout.retry = -1 (default)
2019-09-04 05:29:41,498 [pool-469-thread-1] INFO  server.RaftServerConfigKeys (ConfUtils.java:logGet(43)) - raft.server.log.statemachine.data.sync.timeout = 10s (default)
2019-09-04 05:29:41,498 [pool-429-thread-1] INFO  server.RaftServerConfigKeys (ConfUtils.java:logGet(43)) - raft.server.log.statemachine.data.caching.enabled = true (custom)
2019-09-04 05:29:41,498 [pool-469-thread-1] INFO  server.RaftServerConfigKeys (ConfUtils.java:logGet(43)) - raft.server.log.statemachine.data.sync.timeout.retry = -1 (default)
2019-09-04 05:29:41,498 [pool-429-thread-1] INFO  segmented.SegmentedRaftLogWorker (SegmentedRaftLogWorker.java:lambda$new$0(132)) - 7829b0ca-b8cc-4d14-b96a-9fb080896240-SegmentedRaftLogWorker:Storage Directory /workdir/hadoop-ozone/integration-test/target/test-dir/MiniOzoneClusterImpl-58a0207e-7756-41d3-9e8c-a97c8f82cfe0/datanode-2/data/ratis/65cd53f9-4857-42f2-911f-fc2d37cc5a23: flushIndex: setUnconditionally 0 -> -1
2019-09-04 05:29:41,498 [pool-469-thread-1] INFO  server.RaftServerConfigKeys (ConfUtils.java:logGet(43)) - raft.server.log.statemachine.data.caching.enabled = true (custom)
2019-09-04 05:29:41,498 [pool-429-thread-1] INFO  server.RaftServerConfigKeys (ConfUtils.java:logGet(43)) - raft.server.snapshot.auto.trigger.enabled = true (custom)
2019-09-04 05:29:41,499 [pool-429-thread-1] INFO  server.RaftServerConfigKeys (ConfUtils.java:logGet(43)) - raft.server.snapshot.auto.trigger.threshold = 10000 (custom)
2019-09-04 05:29:41,499 [pool-469-thread-1] INFO  segmented.SegmentedRaftLogWorker (SegmentedRaftLogWorker.java:lambda$new$0(132)) - 4ba7a24c-5cfe-40cd-b0c9-5f87f6b790e9-SegmentedRaftLogWorker:Storage Directory /workdir/hadoop-ozone/integration-test/target/test-dir/MiniOzoneClusterImpl-58a0207e-7756-41d3-9e8c-a97c8f82cfe0/datanode-6/data/ratis/65cd53f9-4857-42f2-911f-fc2d37cc5a23: flushIndex: setUnconditionally 0 -> -1
2019-09-04 05:29:41,499 [pool-429-thread-1] INFO  server.RaftServerConfigKeys (ConfUtils.java:logGet(43)) - raft.server.retrycache.expirytime = 600000ms (custom)
2019-09-04 05:29:41,499 [pool-429-thread-1] INFO  impl.RaftServerImpl (RaftServerImpl.java:start(180)) - 7829b0ca-b8cc-4d14-b96a-9fb080896240: start group-FC2D37CC5A23
2019-09-04 05:29:41,499 [pool-429-thread-1] INFO  impl.RaftServerImpl (RaftServerImpl.java:setRole(171)) - 7829b0ca-b8cc-4d14-b96a-9fb080896240:group-FC2D37CC5A23 changes role from null to FOLLOWER at term 0 for startAsFollower
2019-09-04 05:29:41,499 [pool-469-thread-1] INFO  server.RaftServerConfigKeys (ConfUtils.java:logGet(43)) - raft.server.snapshot.auto.trigger.enabled = true (custom)
2019-09-04 05:29:41,499 [pool-429-thread-1] INFO  impl.RoleInfo (RoleInfo.java:updateAndGet(143)) - 7829b0ca-b8cc-4d14-b96a-9fb080896240: start FollowerState
2019-09-04 05:29:41,499 [pool-469-thread-1] INFO  server.RaftServerConfigKeys (ConfUtils.java:logGet(43)) - raft.server.snapshot.auto.trigger.threshold = 10000 (custom)
2019-09-04 05:29:41,500 [pool-429-thread-1] INFO  util.JmxRegister (JmxRegister.java:tryRegister(44)) - Successfully registered JMX Bean with object name Ratis:service=RaftServer,group=group-FC2D37CC5A23,id=7829b0ca-b8cc-4d14-b96a-9fb080896240
2019-09-04 05:29:41,500 [pool-469-thread-1] INFO  server.RaftServerConfigKeys (ConfUtils.java:logGet(43)) - raft.server.retrycache.expirytime = 600000ms (custom)
2019-09-04 05:29:41,500 [pool-469-thread-1] INFO  impl.RaftServerImpl (RaftServerImpl.java:start(180)) - 4ba7a24c-5cfe-40cd-b0c9-5f87f6b790e9: start group-FC2D37CC5A23
2019-09-04 05:29:41,500 [pool-469-thread-1] INFO  impl.RaftServerImpl (RaftServerImpl.java:setRole(171)) - 4ba7a24c-5cfe-40cd-b0c9-5f87f6b790e9:group-FC2D37CC5A23 changes role from null to FOLLOWER at term 0 for startAsFollower
2019-09-04 05:29:41,500 [pool-469-thread-1] INFO  impl.RoleInfo (RoleInfo.java:updateAndGet(143)) - 4ba7a24c-5cfe-40cd-b0c9-5f87f6b790e9: start FollowerState
2019-09-04 05:29:41,501 [pool-469-thread-1] INFO  util.JmxRegister (JmxRegister.java:tryRegister(44)) - Successfully registered JMX Bean with object name Ratis:service=RaftServer,group=group-FC2D37CC5A23,id=4ba7a24c-5cfe-40cd-b0c9-5f87f6b790e9
2019-09-04 05:29:41,503 [RatisPipelineUtilsThread] INFO  pipeline.PipelineStateManager (PipelineStateManager.java:addPipeline(56)) - Created pipeline Pipeline[ Id: 65cd53f9-4857-42f2-911f-fc2d37cc5a23, Nodes: 7829b0ca-b8cc-4d14-b96a-9fb080896240{ip: 192.168.69.71, host: trunk-nightly-20190904-cdstp-2721877886, networkLocation: /default-rack, certSerialId: null}4ba7a24c-5cfe-40cd-b0c9-5f87f6b790e9{ip: 192.168.69.71, host: trunk-nightly-20190904-cdstp-2721877886, networkLocation: /default-rack, certSerialId: null}695330d6-66f9-4943-9293-d16e4d5ea686{ip: 192.168.69.71, host: trunk-nightly-20190904-cdstp-2721877886, networkLocation: /default-rack, certSerialId: null}, Type:RATIS, Factor:THREE, State:OPEN]
2019-09-04 05:29:42,189 [main] INFO  ozone.MiniOzoneClusterImpl (MiniOzoneClusterImpl.java:lambda$waitForClusterToBeReady$0(140)) - Cluster is ready. Got 7 of 7 DN Heartbeats.
2019-09-04 05:29:42,224 [main] INFO  rpc.RpcClient (RpcClient.java:createVolume(293)) - Creating Volume: testblockoutputstream, with jenkins1000 as owner.
2019-09-04 05:29:42,228 [IPC Server handler 1 on 39370] INFO  volume.OMVolumeCreateRequest (OMVolumeCreateRequest.java:validateAndUpdateCache(189)) - created volume:testblockoutputstream for user:jenkins1000
2019-09-04 05:29:42,243 [main] INFO  rpc.RpcClient (RpcClient.java:createBucket(432)) - Creating Bucket: testblockoutputstream/testblockoutputstream, with Versioning false and Storage Type set to DISK and Encryption set to false 
2019-09-04 05:29:42,272 [grpc-default-executor-2] INFO  client.GrpcClientProtocolClient (GrpcClientProtocolClient.java:onNext(255)) - client-242CE8D61105->7829b0ca-b8cc-4d14-b96a-9fb080896240: receive RaftClientReply:client-242CE8D61105->7829b0ca-b8cc-4d14-b96a-9fb080896240@group-FC2D37CC5A23, cid=183, FAILED org.apache.ratis.protocol.NotLeaderException: Server 7829b0ca-b8cc-4d14-b96a-9fb080896240 is not the leader (null). Request must be sent to leader., logIndex=0, commits[7829b0ca-b8cc-4d14-b96a-9fb080896240:c-1]
2019-09-04 05:29:43,292 [grpc-default-executor-2] INFO  client.GrpcClientProtocolClient (GrpcClientProtocolClient.java:onNext(255)) - client-242CE8D61105->695330d6-66f9-4943-9293-d16e4d5ea686: receive RaftClientReply:client-242CE8D61105->695330d6-66f9-4943-9293-d16e4d5ea686@group-FC2D37CC5A23, cid=183, FAILED org.apache.ratis.protocol.NotLeaderException: Server 695330d6-66f9-4943-9293-d16e4d5ea686 is not the leader (null). Request must be sent to leader., logIndex=0, commits[695330d6-66f9-4943-9293-d16e4d5ea686:c-1]
2019-09-04 05:29:43,749 [Thread-3527] INFO  container.ReplicationManager (ReplicationManager.java:start(162)) - Starting Replication Monitor Thread.
2019-09-04 05:29:43,754 [ReplicationMonitor] INFO  container.ReplicationManager (ReplicationManager.java:run(225)) - Replication Monitor Thread took 0 milliseconds for processing 1 containers.
2019-09-04 05:29:44,314 [grpc-default-executor-7] INFO  client.GrpcClientProtocolClient (GrpcClientProtocolClient.java:onNext(255)) - client-242CE8D61105->7829b0ca-b8cc-4d14-b96a-9fb080896240: receive RaftClientReply:client-242CE8D61105->7829b0ca-b8cc-4d14-b96a-9fb080896240@group-FC2D37CC5A23, cid=183, FAILED org.apache.ratis.protocol.NotLeaderException: Server 7829b0ca-b8cc-4d14-b96a-9fb080896240 is not the leader (null). Request must be sent to leader., logIndex=0, commits[7829b0ca-b8cc-4d14-b96a-9fb080896240:c-1]
2019-09-04 05:29:45,327 [grpc-default-executor-2] INFO  client.GrpcClientProtocolClient (GrpcClientProtocolClient.java:onNext(255)) - client-242CE8D61105->4ba7a24c-5cfe-40cd-b0c9-5f87f6b790e9: receive RaftClientReply:client-242CE8D61105->4ba7a24c-5cfe-40cd-b0c9-5f87f6b790e9@group-FC2D37CC5A23, cid=183, FAILED org.apache.ratis.protocol.NotLeaderException: Server 4ba7a24c-5cfe-40cd-b0c9-5f87f6b790e9 is not the leader (null). Request must be sent to leader., logIndex=0, commits[4ba7a24c-5cfe-40cd-b0c9-5f87f6b790e9:c-1]
2019-09-04 05:29:45,884 [Thread-3529] INFO  impl.FollowerState (FollowerState.java:run(106)) - 7ed9d160-43c5-43d1-a33d-bb7525b67925:group-8DB06F66A948 changes to CANDIDATE, lastRpcTime:5038, electionTimeout:5038ms
2019-09-04 05:29:45,885 [Thread-3529] INFO  impl.RoleInfo (RoleInfo.java:shutdownFollowerState(121)) - 7ed9d160-43c5-43d1-a33d-bb7525b67925: shutdown FollowerState
2019-09-04 05:29:45,885 [Thread-3529] INFO  impl.RaftServerImpl (RaftServerImpl.java:setRole(171)) - 7ed9d160-43c5-43d1-a33d-bb7525b67925:group-8DB06F66A948 changes role from FOLLOWER to CANDIDATE at term 0 for changeToCandidate
2019-09-04 05:29:45,885 [Thread-3529] INFO  impl.RoleInfo (RoleInfo.java:updateAndGet(143)) - 7ed9d160-43c5-43d1-a33d-bb7525b67925: start LeaderElection
2019-09-04 05:29:45,930 [Thread-3532] INFO  impl.FollowerState (FollowerState.java:run(106)) - 53d70931-b2a7-4310-8fe8-2c0a4a694a6e:group-C5E6812517FF changes to CANDIDATE, lastRpcTime:5008, electionTimeout:5008ms
2019-09-04 05:29:45,930 [Thread-3532] INFO  impl.RoleInfo (RoleInfo.java:shutdownFollowerState(121)) - 53d70931-b2a7-4310-8fe8-2c0a4a694a6e: shutdown FollowerState
2019-09-04 05:29:45,930 [Thread-3532] INFO  impl.RaftServerImpl (RaftServerImpl.java:setRole(171)) - 53d70931-b2a7-4310-8fe8-2c0a4a694a6e:group-C5E6812517FF changes role from FOLLOWER to CANDIDATE at term 0 for changeToCandidate
2019-09-04 05:29:45,930 [Thread-3532] INFO  impl.RoleInfo (RoleInfo.java:updateAndGet(143)) - 53d70931-b2a7-4310-8fe8-2c0a4a694a6e: start LeaderElection
2019-09-04 05:29:45,949 [7ed9d160-43c5-43d1-a33d-bb7525b67925:group-8DB06F66A948:LeaderElection70] INFO  impl.LeaderElection (LeaderElection.java:askForVotes(181)) - 7ed9d160-43c5-43d1-a33d-bb7525b67925:group-8DB06F66A948:LeaderElection70: begin an election at term 1 for -1: [7ed9d160-43c5-43d1-a33d-bb7525b67925:192.168.69.71:38298], old=null
2019-09-04 05:29:45,949 [7ed9d160-43c5-43d1-a33d-bb7525b67925:group-8DB06F66A948:LeaderElection70] INFO  impl.RoleInfo (RoleInfo.java:shutdownLeaderElection(134)) - 7ed9d160-43c5-43d1-a33d-bb7525b67925: shutdown LeaderElection
2019-09-04 05:29:45,949 [7ed9d160-43c5-43d1-a33d-bb7525b67925:group-8DB06F66A948:LeaderElection70] INFO  impl.RaftServerImpl (RaftServerImpl.java:setRole(171)) - 7ed9d160-43c5-43d1-a33d-bb7525b67925:group-8DB06F66A948 changes role from CANDIDATE to LEADER at term 1 for changeToLeader
2019-09-04 05:29:45,949 [7ed9d160-43c5-43d1-a33d-bb7525b67925:group-8DB06F66A948:LeaderElection70] INFO  impl.RaftServerImpl (ServerState.java:setLeader(263)) - 7ed9d160-43c5-43d1-a33d-bb7525b67925:group-8DB06F66A948 change Leader from null to 7ed9d160-43c5-43d1-a33d-bb7525b67925 at term 1 for becomeLeader, leader elected after 5109ms
2019-09-04 05:29:45,950 [7ed9d160-43c5-43d1-a33d-bb7525b67925:group-8DB06F66A948:LeaderElection70] INFO  server.RaftServerConfigKeys (ConfUtils.java:logGet(43)) - raft.server.staging.catchup.gap = 1000 (default)
2019-09-04 05:29:45,950 [7ed9d160-43c5-43d1-a33d-bb7525b67925:group-8DB06F66A948:LeaderElection70] INFO  server.RaftServerConfigKeys (ConfUtils.java:logGet(43)) - raft.server.rpc.sleep.time = 25ms (default)
2019-09-04 05:29:45,950 [7ed9d160-43c5-43d1-a33d-bb7525b67925:group-8DB06F66A948:LeaderElection70] INFO  server.RaftServerConfigKeys (ConfUtils.java:logGet(43)) - raft.server.write.element-limit = 4096 (default)
2019-09-04 05:29:45,951 [7ed9d160-43c5-43d1-a33d-bb7525b67925:group-8DB06F66A948:LeaderElection70] INFO  server.RaftServerConfigKeys (ConfUtils.java:logGet(43)) - raft.server.watch.timeout = 10s (default)
2019-09-04 05:29:45,951 [7ed9d160-43c5-43d1-a33d-bb7525b67925:group-8DB06F66A948:LeaderElection70] INFO  server.RaftServerConfigKeys (ConfUtils.java:logGet(43)) - raft.server.watch.timeout.denomination = 1s (default)
2019-09-04 05:29:45,951 [7ed9d160-43c5-43d1-a33d-bb7525b67925:group-8DB06F66A948:LeaderElection70] INFO  server.RaftServerConfigKeys (ConfUtils.java:logGet(43)) - raft.server.watch.element-limit = 65536 (default)
2019-09-04 05:29:45,951 [7ed9d160-43c5-43d1-a33d-bb7525b67925:group-8DB06F66A948:LeaderElection70] INFO  impl.RoleInfo (RoleInfo.java:updateAndGet(143)) - 7ed9d160-43c5-43d1-a33d-bb7525b67925: start LeaderState
2019-09-04 05:29:45,952 [7ed9d160-43c5-43d1-a33d-bb7525b67925:group-8DB06F66A948:LeaderElection70] INFO  segmented.SegmentedRaftLogWorker (SegmentedRaftLogWorker.java:startLogSegment(380)) - 7ed9d160-43c5-43d1-a33d-bb7525b67925-SegmentedRaftLogWorker:Storage Directory /workdir/hadoop-ozone/integration-test/target/test-dir/MiniOzoneClusterImpl-58a0207e-7756-41d3-9e8c-a97c8f82cfe0/datanode-0/data/ratis/40d61d20-23b0-4a60-b948-8db06f66a948: Starting segment from index:0
2019-09-04 05:29:45,952 [7ed9d160-43c5-43d1-a33d-bb7525b67925:group-8DB06F66A948:LeaderElection70] INFO  impl.RaftServerImpl (ServerState.java:setRaftConf(361)) - 7ed9d160-43c5-43d1-a33d-bb7525b67925:group-8DB06F66A948 set configuration 0: [7ed9d160-43c5-43d1-a33d-bb7525b67925:192.168.69.71:38298], old=null at 0
2019-09-04 05:29:45,966 [53d70931-b2a7-4310-8fe8-2c0a4a694a6e:group-C5E6812517FF:LeaderElection71] INFO  impl.LeaderElection (LeaderElection.java:askForVotes(181)) - 53d70931-b2a7-4310-8fe8-2c0a4a694a6e:group-C5E6812517FF:LeaderElection71: begin an election at term 1 for -1: [53d70931-b2a7-4310-8fe8-2c0a4a694a6e:192.168.69.71:35081], old=null
2019-09-04 05:29:45,966 [53d70931-b2a7-4310-8fe8-2c0a4a694a6e:group-C5E6812517FF:LeaderElection71] INFO  impl.RoleInfo (RoleInfo.java:shutdownLeaderElection(134)) - 53d70931-b2a7-4310-8fe8-2c0a4a694a6e: shutdown LeaderElection
2019-09-04 05:29:45,966 [53d70931-b2a7-4310-8fe8-2c0a4a694a6e:group-C5E6812517FF:LeaderElection71] INFO  impl.RaftServerImpl (RaftServerImpl.java:setRole(171)) - 53d70931-b2a7-4310-8fe8-2c0a4a694a6e:group-C5E6812517FF changes role from CANDIDATE to LEADER at term 1 for changeToLeader
2019-09-04 05:29:45,966 [53d70931-b2a7-4310-8fe8-2c0a4a694a6e:group-C5E6812517FF:LeaderElection71] INFO  impl.RaftServerImpl (ServerState.java:setLeader(263)) - 53d70931-b2a7-4310-8fe8-2c0a4a694a6e:group-C5E6812517FF change Leader from null to 53d70931-b2a7-4310-8fe8-2c0a4a694a6e at term 1 for becomeLeader, leader elected after 5050ms
2019-09-04 05:29:45,967 [53d70931-b2a7-4310-8fe8-2c0a4a694a6e:group-C5E6812517FF:LeaderElection71] INFO  server.RaftServerConfigKeys (ConfUtils.java:logGet(43)) - raft.server.staging.catchup.gap = 1000 (default)
2019-09-04 05:29:45,967 [53d70931-b2a7-4310-8fe8-2c0a4a694a6e:group-C5E6812517FF:LeaderElection71] INFO  server.RaftServerConfigKeys (ConfUtils.java:logGet(43)) - raft.server.rpc.sleep.time = 25ms (default)
2019-09-04 05:29:45,967 [53d70931-b2a7-4310-8fe8-2c0a4a694a6e:group-C5E6812517FF:LeaderElection71] INFO  server.RaftServerConfigKeys (ConfUtils.java:logGet(43)) - raft.server.write.element-limit = 4096 (default)
2019-09-04 05:29:45,967 [53d70931-b2a7-4310-8fe8-2c0a4a694a6e:group-C5E6812517FF:LeaderElection71] INFO  server.RaftServerConfigKeys (ConfUtils.java:logGet(43)) - raft.server.watch.timeout = 10s (default)
2019-09-04 05:29:45,967 [53d70931-b2a7-4310-8fe8-2c0a4a694a6e:group-C5E6812517FF:LeaderElection71] INFO  server.RaftServerConfigKeys (ConfUtils.java:logGet(43)) - raft.server.watch.timeout.denomination = 1s (default)
2019-09-04 05:29:45,967 [53d70931-b2a7-4310-8fe8-2c0a4a694a6e:group-C5E6812517FF:LeaderElection71] INFO  server.RaftServerConfigKeys (ConfUtils.java:logGet(43)) - raft.server.watch.element-limit = 65536 (default)
2019-09-04 05:29:45,967 [53d70931-b2a7-4310-8fe8-2c0a4a694a6e:group-C5E6812517FF:LeaderElection71] INFO  impl.RoleInfo (RoleInfo.java:updateAndGet(143)) - 53d70931-b2a7-4310-8fe8-2c0a4a694a6e: start LeaderState
2019-09-04 05:29:45,968 [53d70931-b2a7-4310-8fe8-2c0a4a694a6e:group-C5E6812517FF:LeaderElection71] INFO  segmented.SegmentedRaftLogWorker (SegmentedRaftLogWorker.java:startLogSegment(380)) - 53d70931-b2a7-4310-8fe8-2c0a4a694a6e-SegmentedRaftLogWorker:Storage Directory /workdir/hadoop-ozone/integration-test/target/test-dir/MiniOzoneClusterImpl-58a0207e-7756-41d3-9e8c-a97c8f82cfe0/datanode-1/data/ratis/4a0958be-a4f2-4843-b63b-c5e6812517ff: Starting segment from index:0
2019-09-04 05:29:45,968 [53d70931-b2a7-4310-8fe8-2c0a4a694a6e:group-C5E6812517FF:LeaderElection71] INFO  impl.RaftServerImpl (ServerState.java:setRaftConf(361)) - 53d70931-b2a7-4310-8fe8-2c0a4a694a6e:group-C5E6812517FF set configuration 0: [53d70931-b2a7-4310-8fe8-2c0a4a694a6e:192.168.69.71:35081], old=null at 0
2019-09-04 05:29:46,025 [53d70931-b2a7-4310-8fe8-2c0a4a694a6e-SegmentedRaftLogWorker:Storage Directory /workdir/hadoop-ozone/integration-test/target/test-dir/MiniOzoneClusterImpl-58a0207e-7756-41d3-9e8c-a97c8f82cfe0/datanode-1/data/ratis/4a0958be-a4f2-4843-b63b-c5e6812517ff] INFO  segmented.SegmentedRaftLogWorker (SegmentedRaftLogWorker.java:execute(569)) - 53d70931-b2a7-4310-8fe8-2c0a4a694a6e-SegmentedRaftLogWorker:Storage Directory /workdir/hadoop-ozone/integration-test/target/test-dir/MiniOzoneClusterImpl-58a0207e-7756-41d3-9e8c-a97c8f82cfe0/datanode-1/data/ratis/4a0958be-a4f2-4843-b63b-c5e6812517ff: created new log segment /workdir/hadoop-ozone/integration-test/target/test-dir/MiniOzoneClusterImpl-58a0207e-7756-41d3-9e8c-a97c8f82cfe0/datanode-1/data/ratis/4a0958be-a4f2-4843-b63b-c5e6812517ff/current/log_inprogress_0
2019-09-04 05:29:46,025 [7ed9d160-43c5-43d1-a33d-bb7525b67925-SegmentedRaftLogWorker:Storage Directory /workdir/hadoop-ozone/integration-test/target/test-dir/MiniOzoneClusterImpl-58a0207e-7756-41d3-9e8c-a97c8f82cfe0/datanode-0/data/ratis/40d61d20-23b0-4a60-b948-8db06f66a948] INFO  segmented.SegmentedRaftLogWorker (SegmentedRaftLogWorker.java:execute(569)) - 7ed9d160-43c5-43d1-a33d-bb7525b67925-SegmentedRaftLogWorker:Storage Directory /workdir/hadoop-ozone/integration-test/target/test-dir/MiniOzoneClusterImpl-58a0207e-7756-41d3-9e8c-a97c8f82cfe0/datanode-0/data/ratis/40d61d20-23b0-4a60-b948-8db06f66a948: created new log segment /workdir/hadoop-ozone/integration-test/target/test-dir/MiniOzoneClusterImpl-58a0207e-7756-41d3-9e8c-a97c8f82cfe0/datanode-0/data/ratis/40d61d20-23b0-4a60-b948-8db06f66a948/current/log_inprogress_0
2019-09-04 05:29:46,127 [Thread-3535] INFO  impl.FollowerState (FollowerState.java:run(106)) - 7829b0ca-b8cc-4d14-b96a-9fb080896240:group-351861566542 changes to CANDIDATE, lastRpcTime:5129, electionTimeout:5129ms
2019-09-04 05:29:46,127 [Thread-3535] INFO  impl.RoleInfo (RoleInfo.java:shutdownFollowerState(121)) - 7829b0ca-b8cc-4d14-b96a-9fb080896240: shutdown FollowerState
2019-09-04 05:29:46,128 [Thread-3535] INFO  impl.RaftServerImpl (RaftServerImpl.java:setRole(171)) - 7829b0ca-b8cc-4d14-b96a-9fb080896240:group-351861566542 changes role from FOLLOWER to CANDIDATE at term 0 for changeToCandidate
2019-09-04 05:29:46,128 [Thread-3535] INFO  impl.RoleInfo (RoleInfo.java:updateAndGet(143)) - 7829b0ca-b8cc-4d14-b96a-9fb080896240: start LeaderElection
2019-09-04 05:29:46,150 [7829b0ca-b8cc-4d14-b96a-9fb080896240:group-351861566542:LeaderElection72] INFO  impl.LeaderElection (LeaderElection.java:askForVotes(181)) - 7829b0ca-b8cc-4d14-b96a-9fb080896240:group-351861566542:LeaderElection72: begin an election at term 1 for -1: [7829b0ca-b8cc-4d14-b96a-9fb080896240:192.168.69.71:41512], old=null
2019-09-04 05:29:46,150 [7829b0ca-b8cc-4d14-b96a-9fb080896240:group-351861566542:LeaderElection72] INFO  impl.RoleInfo (RoleInfo.java:shutdownLeaderElection(134)) - 7829b0ca-b8cc-4d14-b96a-9fb080896240: shutdown LeaderElection
2019-09-04 05:29:46,150 [7829b0ca-b8cc-4d14-b96a-9fb080896240:group-351861566542:LeaderElection72] INFO  impl.RaftServerImpl (RaftServerImpl.java:setRole(171)) - 7829b0ca-b8cc-4d14-b96a-9fb080896240:group-351861566542 changes role from CANDIDATE to LEADER at term 1 for changeToLeader
2019-09-04 05:29:46,151 [7829b0ca-b8cc-4d14-b96a-9fb080896240:group-351861566542:LeaderElection72] INFO  impl.RaftServerImpl (ServerState.java:setLeader(263)) - 7829b0ca-b8cc-4d14-b96a-9fb080896240:group-351861566542 change Leader from null to 7829b0ca-b8cc-4d14-b96a-9fb080896240 at term 1 for becomeLeader, leader elected after 5158ms
2019-09-04 05:29:46,151 [7829b0ca-b8cc-4d14-b96a-9fb080896240:group-351861566542:LeaderElection72] INFO  server.RaftServerConfigKeys (ConfUtils.java:logGet(43)) - raft.server.staging.catchup.gap = 1000 (default)
2019-09-04 05:29:46,151 [7829b0ca-b8cc-4d14-b96a-9fb080896240:group-351861566542:LeaderElection72] INFO  server.RaftServerConfigKeys (ConfUtils.java:logGet(43)) - raft.server.rpc.sleep.time = 25ms (default)
2019-09-04 05:29:46,151 [7829b0ca-b8cc-4d14-b96a-9fb080896240:group-351861566542:LeaderElection72] INFO  server.RaftServerConfigKeys (ConfUtils.java:logGet(43)) - raft.server.write.element-limit = 4096 (default)
2019-09-04 05:29:46,151 [7829b0ca-b8cc-4d14-b96a-9fb080896240:group-351861566542:LeaderElection72] INFO  server.RaftServerConfigKeys (ConfUtils.java:logGet(43)) - raft.server.watch.timeout = 10s (default)
2019-09-04 05:29:46,151 [7829b0ca-b8cc-4d14-b96a-9fb080896240:group-351861566542:LeaderElection72] INFO  server.RaftServerConfigKeys (ConfUtils.java:logGet(43)) - raft.server.watch.timeout.denomination = 1s (default)
2019-09-04 05:29:46,151 [7829b0ca-b8cc-4d14-b96a-9fb080896240:group-351861566542:LeaderElection72] INFO  server.RaftServerConfigKeys (ConfUtils.java:logGet(43)) - raft.server.watch.element-limit = 65536 (default)
2019-09-04 05:29:46,152 [7829b0ca-b8cc-4d14-b96a-9fb080896240:group-351861566542:LeaderElection72] INFO  impl.RoleInfo (RoleInfo.java:updateAndGet(143)) - 7829b0ca-b8cc-4d14-b96a-9fb080896240: start LeaderState
2019-09-04 05:29:46,152 [7829b0ca-b8cc-4d14-b96a-9fb080896240:group-351861566542:LeaderElection72] INFO  segmented.SegmentedRaftLogWorker (SegmentedRaftLogWorker.java:startLogSegment(380)) - 7829b0ca-b8cc-4d14-b96a-9fb080896240-SegmentedRaftLogWorker:Storage Directory /workdir/hadoop-ozone/integration-test/target/test-dir/MiniOzoneClusterImpl-58a0207e-7756-41d3-9e8c-a97c8f82cfe0/datanode-2/data/ratis/a023c2d2-9d99-409c-b098-351861566542: Starting segment from index:0
2019-09-04 05:29:46,152 [7829b0ca-b8cc-4d14-b96a-9fb080896240:group-351861566542:LeaderElection72] INFO  impl.RaftServerImpl (ServerState.java:setRaftConf(361)) - 7829b0ca-b8cc-4d14-b96a-9fb080896240:group-351861566542 set configuration 0: [7829b0ca-b8cc-4d14-b96a-9fb080896240:192.168.69.71:41512], old=null at 0
2019-09-04 05:29:46,188 [Thread-3541] INFO  impl.FollowerState (FollowerState.java:run(106)) - 74de5f20-9e74-428d-822d-cb54bc80bbbc:group-E33173EC0E23 changes to CANDIDATE, lastRpcTime:5023, electionTimeout:5022ms
2019-09-04 05:29:46,188 [Thread-3541] INFO  impl.RoleInfo (RoleInfo.java:shutdownFollowerState(121)) - 74de5f20-9e74-428d-822d-cb54bc80bbbc: shutdown FollowerState
2019-09-04 05:29:46,188 [Thread-3541] INFO  impl.RaftServerImpl (RaftServerImpl.java:setRole(171)) - 74de5f20-9e74-428d-822d-cb54bc80bbbc:group-E33173EC0E23 changes role from FOLLOWER to CANDIDATE at term 0 for changeToCandidate
2019-09-04 05:29:46,189 [Thread-3541] INFO  impl.RoleInfo (RoleInfo.java:updateAndGet(143)) - 74de5f20-9e74-428d-822d-cb54bc80bbbc: start LeaderElection
2019-09-04 05:29:46,217 [7829b0ca-b8cc-4d14-b96a-9fb080896240-SegmentedRaftLogWorker:Storage Directory /workdir/hadoop-ozone/integration-test/target/test-dir/MiniOzoneClusterImpl-58a0207e-7756-41d3-9e8c-a97c8f82cfe0/datanode-2/data/ratis/a023c2d2-9d99-409c-b098-351861566542] INFO  segmented.SegmentedRaftLogWorker (SegmentedRaftLogWorker.java:execute(569)) - 7829b0ca-b8cc-4d14-b96a-9fb080896240-SegmentedRaftLogWorker:Storage Directory /workdir/hadoop-ozone/integration-test/target/test-dir/MiniOzoneClusterImpl-58a0207e-7756-41d3-9e8c-a97c8f82cfe0/datanode-2/data/ratis/a023c2d2-9d99-409c-b098-351861566542: created new log segment /workdir/hadoop-ozone/integration-test/target/test-dir/MiniOzoneClusterImpl-58a0207e-7756-41d3-9e8c-a97c8f82cfe0/datanode-2/data/ratis/a023c2d2-9d99-409c-b098-351861566542/current/log_inprogress_0
2019-09-04 05:29:46,217 [74de5f20-9e74-428d-822d-cb54bc80bbbc:group-E33173EC0E23:LeaderElection73] INFO  impl.LeaderElection (LeaderElection.java:askForVotes(181)) - 74de5f20-9e74-428d-822d-cb54bc80bbbc:group-E33173EC0E23:LeaderElection73: begin an election at term 1 for -1: [74de5f20-9e74-428d-822d-cb54bc80bbbc:192.168.69.71:36124], old=null
2019-09-04 05:29:46,217 [74de5f20-9e74-428d-822d-cb54bc80bbbc:group-E33173EC0E23:LeaderElection73] INFO  impl.RoleInfo (RoleInfo.java:shutdownLeaderElection(134)) - 74de5f20-9e74-428d-822d-cb54bc80bbbc: shutdown LeaderElection
2019-09-04 05:29:46,218 [74de5f20-9e74-428d-822d-cb54bc80bbbc:group-E33173EC0E23:LeaderElection73] INFO  impl.RaftServerImpl (RaftServerImpl.java:setRole(171)) - 74de5f20-9e74-428d-822d-cb54bc80bbbc:group-E33173EC0E23 changes role from CANDIDATE to LEADER at term 1 for changeToLeader
2019-09-04 05:29:46,218 [74de5f20-9e74-428d-822d-cb54bc80bbbc:group-E33173EC0E23:LeaderElection73] INFO  impl.RaftServerImpl (ServerState.java:setLeader(263)) - 74de5f20-9e74-428d-822d-cb54bc80bbbc:group-E33173EC0E23 change Leader from null to 74de5f20-9e74-428d-822d-cb54bc80bbbc at term 1 for becomeLeader, leader elected after 5057ms
2019-09-04 05:29:46,218 [74de5f20-9e74-428d-822d-cb54bc80bbbc:group-E33173EC0E23:LeaderElection73] INFO  server.RaftServerConfigKeys (ConfUtils.java:logGet(43)) - raft.server.staging.catchup.gap = 1000 (default)
2019-09-04 05:29:46,218 [74de5f20-9e74-428d-822d-cb54bc80bbbc:group-E33173EC0E23:LeaderElection73] INFO  server.RaftServerConfigKeys (ConfUtils.java:logGet(43)) - raft.server.rpc.sleep.time = 25ms (default)
2019-09-04 05:29:46,218 [74de5f20-9e74-428d-822d-cb54bc80bbbc:group-E33173EC0E23:LeaderElection73] INFO  server.RaftServerConfigKeys (ConfUtils.java:logGet(43)) - raft.server.write.element-limit = 4096 (default)
2019-09-04 05:29:46,218 [74de5f20-9e74-428d-822d-cb54bc80bbbc:group-E33173EC0E23:LeaderElection73] INFO  server.RaftServerConfigKeys (ConfUtils.java:logGet(43)) - raft.server.watch.timeout = 10s (default)
2019-09-04 05:29:46,218 [74de5f20-9e74-428d-822d-cb54bc80bbbc:group-E33173EC0E23:LeaderElection73] INFO  server.RaftServerConfigKeys (ConfUtils.java:logGet(43)) - raft.server.watch.timeout.denomination = 1s (default)
2019-09-04 05:29:46,219 [74de5f20-9e74-428d-822d-cb54bc80bbbc:group-E33173EC0E23:LeaderElection73] INFO  server.RaftServerConfigKeys (ConfUtils.java:logGet(43)) - raft.server.watch.element-limit = 65536 (default)
2019-09-04 05:29:46,219 [74de5f20-9e74-428d-822d-cb54bc80bbbc:group-E33173EC0E23:LeaderElection73] INFO  impl.RoleInfo (RoleInfo.java:updateAndGet(143)) - 74de5f20-9e74-428d-822d-cb54bc80bbbc: start LeaderState
2019-09-04 05:29:46,219 [74de5f20-9e74-428d-822d-cb54bc80bbbc:group-E33173EC0E23:LeaderElection73] INFO  segmented.SegmentedRaftLogWorker (SegmentedRaftLogWorker.java:startLogSegment(380)) - 74de5f20-9e74-428d-822d-cb54bc80bbbc-SegmentedRaftLogWorker:Storage Directory /workdir/hadoop-ozone/integration-test/target/test-dir/MiniOzoneClusterImpl-58a0207e-7756-41d3-9e8c-a97c8f82cfe0/datanode-4/data/ratis/29922b1e-ce19-4447-b7e7-e33173ec0e23: Starting segment from index:0
2019-09-04 05:29:46,219 [74de5f20-9e74-428d-822d-cb54bc80bbbc:group-E33173EC0E23:LeaderElection73] INFO  impl.RaftServerImpl (ServerState.java:setRaftConf(361)) - 74de5f20-9e74-428d-822d-cb54bc80bbbc:group-E33173EC0E23 set configuration 0: [74de5f20-9e74-428d-822d-cb54bc80bbbc:192.168.69.71:36124], old=null at 0
2019-09-04 05:29:46,272 [Thread-3538] INFO  impl.FollowerState (FollowerState.java:run(106)) - 695330d6-66f9-4943-9293-d16e4d5ea686:group-092DE4DC542B changes to CANDIDATE, lastRpcTime:5199, electionTimeout:5184ms
2019-09-04 05:29:46,272 [Thread-3538] INFO  impl.RoleInfo (RoleInfo.java:shutdownFollowerState(121)) - 695330d6-66f9-4943-9293-d16e4d5ea686: shutdown FollowerState
2019-09-04 05:29:46,272 [Thread-3538] INFO  impl.RaftServerImpl (RaftServerImpl.java:setRole(171)) - 695330d6-66f9-4943-9293-d16e4d5ea686:group-092DE4DC542B changes role from FOLLOWER to CANDIDATE at term 0 for changeToCandidate
2019-09-04 05:29:46,272 [Thread-3538] INFO  impl.RoleInfo (RoleInfo.java:updateAndGet(143)) - 695330d6-66f9-4943-9293-d16e4d5ea686: start LeaderElection
2019-09-04 05:29:46,284 [74de5f20-9e74-428d-822d-cb54bc80bbbc-SegmentedRaftLogWorker:Storage Directory /workdir/hadoop-ozone/integration-test/target/test-dir/MiniOzoneClusterImpl-58a0207e-7756-41d3-9e8c-a97c8f82cfe0/datanode-4/data/ratis/29922b1e-ce19-4447-b7e7-e33173ec0e23] INFO  segmented.SegmentedRaftLogWorker (SegmentedRaftLogWorker.java:execute(569)) - 74de5f20-9e74-428d-822d-cb54bc80bbbc-SegmentedRaftLogWorker:Storage Directory /workdir/hadoop-ozone/integration-test/target/test-dir/MiniOzoneClusterImpl-58a0207e-7756-41d3-9e8c-a97c8f82cfe0/datanode-4/data/ratis/29922b1e-ce19-4447-b7e7-e33173ec0e23: created new log segment /workdir/hadoop-ozone/integration-test/target/test-dir/MiniOzoneClusterImpl-58a0207e-7756-41d3-9e8c-a97c8f82cfe0/datanode-4/data/ratis/29922b1e-ce19-4447-b7e7-e33173ec0e23/current/log_inprogress_0
2019-09-04 05:29:46,296 [Thread-3544] INFO  impl.FollowerState (FollowerState.java:run(106)) - 3573222a-ec1b-4e89-993f-eee582ca57d4:group-17748963776B changes to CANDIDATE, lastRpcTime:5062, electionTimeout:5062ms
2019-09-04 05:29:46,296 [Thread-3544] INFO  impl.RoleInfo (RoleInfo.java:shutdownFollowerState(121)) - 3573222a-ec1b-4e89-993f-eee582ca57d4: shutdown FollowerState
2019-09-04 05:29:46,296 [Thread-3544] INFO  impl.RaftServerImpl (RaftServerImpl.java:setRole(171)) - 3573222a-ec1b-4e89-993f-eee582ca57d4:group-17748963776B changes role from FOLLOWER to CANDIDATE at term 0 for changeToCandidate
2019-09-04 05:29:46,296 [Thread-3544] INFO  impl.RoleInfo (RoleInfo.java:updateAndGet(143)) - 3573222a-ec1b-4e89-993f-eee582ca57d4: start LeaderElection
2019-09-04 05:29:46,307 [695330d6-66f9-4943-9293-d16e4d5ea686:group-092DE4DC542B:LeaderElection74] INFO  impl.LeaderElection (LeaderElection.java:askForVotes(181)) - 695330d6-66f9-4943-9293-d16e4d5ea686:group-092DE4DC542B:LeaderElection74: begin an election at term 1 for -1: [695330d6-66f9-4943-9293-d16e4d5ea686:192.168.69.71:37616], old=null
2019-09-04 05:29:46,308 [695330d6-66f9-4943-9293-d16e4d5ea686:group-092DE4DC542B:LeaderElection74] INFO  impl.RoleInfo (RoleInfo.java:shutdownLeaderElection(134)) - 695330d6-66f9-4943-9293-d16e4d5ea686: shutdown LeaderElection
2019-09-04 05:29:46,308 [695330d6-66f9-4943-9293-d16e4d5ea686:group-092DE4DC542B:LeaderElection74] INFO  impl.RaftServerImpl (RaftServerImpl.java:setRole(171)) - 695330d6-66f9-4943-9293-d16e4d5ea686:group-092DE4DC542B changes role from CANDIDATE to LEADER at term 1 for changeToLeader
2019-09-04 05:29:46,308 [695330d6-66f9-4943-9293-d16e4d5ea686:group-092DE4DC542B:LeaderElection74] INFO  impl.RaftServerImpl (ServerState.java:setLeader(263)) - 695330d6-66f9-4943-9293-d16e4d5ea686:group-092DE4DC542B change Leader from null to 695330d6-66f9-4943-9293-d16e4d5ea686 at term 1 for becomeLeader, leader elected after 5239ms
2019-09-04 05:29:46,308 [695330d6-66f9-4943-9293-d16e4d5ea686:group-092DE4DC542B:LeaderElection74] INFO  server.RaftServerConfigKeys (ConfUtils.java:logGet(43)) - raft.server.staging.catchup.gap = 1000 (default)
2019-09-04 05:29:46,308 [695330d6-66f9-4943-9293-d16e4d5ea686:group-092DE4DC542B:LeaderElection74] INFO  server.RaftServerConfigKeys (ConfUtils.java:logGet(43)) - raft.server.rpc.sleep.time = 25ms (default)
2019-09-04 05:29:46,308 [695330d6-66f9-4943-9293-d16e4d5ea686:group-092DE4DC542B:LeaderElection74] INFO  server.RaftServerConfigKeys (ConfUtils.java:logGet(43)) - raft.server.write.element-limit = 4096 (default)
2019-09-04 05:29:46,308 [695330d6-66f9-4943-9293-d16e4d5ea686:group-092DE4DC542B:LeaderElection74] INFO  server.RaftServerConfigKeys (ConfUtils.java:logGet(43)) - raft.server.watch.timeout = 10s (default)
2019-09-04 05:29:46,308 [695330d6-66f9-4943-9293-d16e4d5ea686:group-092DE4DC542B:LeaderElection74] INFO  server.RaftServerConfigKeys (ConfUtils.java:logGet(43)) - raft.server.watch.timeout.denomination = 1s (default)
2019-09-04 05:29:46,308 [695330d6-66f9-4943-9293-d16e4d5ea686:group-092DE4DC542B:LeaderElection74] INFO  server.RaftServerConfigKeys (ConfUtils.java:logGet(43)) - raft.server.watch.element-limit = 65536 (default)
2019-09-04 05:29:46,309 [695330d6-66f9-4943-9293-d16e4d5ea686:group-092DE4DC542B:LeaderElection74] INFO  impl.RoleInfo (RoleInfo.java:updateAndGet(143)) - 695330d6-66f9-4943-9293-d16e4d5ea686: start LeaderState
2019-09-04 05:29:46,309 [695330d6-66f9-4943-9293-d16e4d5ea686:group-092DE4DC542B:LeaderElection74] INFO  segmented.SegmentedRaftLogWorker (SegmentedRaftLogWorker.java:startLogSegment(380)) - 695330d6-66f9-4943-9293-d16e4d5ea686-SegmentedRaftLogWorker:Storage Directory /workdir/hadoop-ozone/integration-test/target/test-dir/MiniOzoneClusterImpl-58a0207e-7756-41d3-9e8c-a97c8f82cfe0/datanode-3/data/ratis/dfef6602-955b-48b7-895f-092de4dc542b: Starting segment from index:0
2019-09-04 05:29:46,309 [695330d6-66f9-4943-9293-d16e4d5ea686:group-092DE4DC542B:LeaderElection74] INFO  impl.RaftServerImpl (ServerState.java:setRaftConf(361)) - 695330d6-66f9-4943-9293-d16e4d5ea686:group-092DE4DC542B set configuration 0: [695330d6-66f9-4943-9293-d16e4d5ea686:192.168.69.71:37616], old=null at 0
2019-09-04 05:29:46,346 [3573222a-ec1b-4e89-993f-eee582ca57d4:group-17748963776B:LeaderElection75] INFO  impl.LeaderElection (LeaderElection.java:askForVotes(181)) - 3573222a-ec1b-4e89-993f-eee582ca57d4:group-17748963776B:LeaderElection75: begin an election at term 1 for -1: [3573222a-ec1b-4e89-993f-eee582ca57d4:192.168.69.71:37610], old=null
2019-09-04 05:29:46,346 [3573222a-ec1b-4e89-993f-eee582ca57d4:group-17748963776B:LeaderElection75] INFO  impl.RoleInfo (RoleInfo.java:shutdownLeaderElection(134)) - 3573222a-ec1b-4e89-993f-eee582ca57d4: shutdown LeaderElection
2019-09-04 05:29:46,346 [3573222a-ec1b-4e89-993f-eee582ca57d4:group-17748963776B:LeaderElection75] INFO  impl.RaftServerImpl (RaftServerImpl.java:setRole(171)) - 3573222a-ec1b-4e89-993f-eee582ca57d4:group-17748963776B changes role from CANDIDATE to LEADER at term 1 for changeToLeader
2019-09-04 05:29:46,346 [3573222a-ec1b-4e89-993f-eee582ca57d4:group-17748963776B:LeaderElection75] INFO  impl.RaftServerImpl (ServerState.java:setLeader(263)) - 3573222a-ec1b-4e89-993f-eee582ca57d4:group-17748963776B change Leader from null to 3573222a-ec1b-4e89-993f-eee582ca57d4 at term 1 for becomeLeader, leader elected after 5118ms
2019-09-04 05:29:46,346 [3573222a-ec1b-4e89-993f-eee582ca57d4:group-17748963776B:LeaderElection75] INFO  server.RaftServerConfigKeys (ConfUtils.java:logGet(43)) - raft.server.staging.catchup.gap = 1000 (default)
2019-09-04 05:29:46,347 [3573222a-ec1b-4e89-993f-eee582ca57d4:group-17748963776B:LeaderElection75] INFO  server.RaftServerConfigKeys (ConfUtils.java:logGet(43)) - raft.server.rpc.sleep.time = 25ms (default)
2019-09-04 05:29:46,347 [3573222a-ec1b-4e89-993f-eee582ca57d4:group-17748963776B:LeaderElection75] INFO  server.RaftServerConfigKeys (ConfUtils.java:logGet(43)) - raft.server.write.element-limit = 4096 (default)
2019-09-04 05:29:46,347 [3573222a-ec1b-4e89-993f-eee582ca57d4:group-17748963776B:LeaderElection75] INFO  server.RaftServerConfigKeys (ConfUtils.java:logGet(43)) - raft.server.watch.timeout = 10s (default)
2019-09-04 05:29:46,347 [3573222a-ec1b-4e89-993f-eee582ca57d4:group-17748963776B:LeaderElection75] INFO  server.RaftServerConfigKeys (ConfUtils.java:logGet(43)) - raft.server.watch.timeout.denomination = 1s (default)
2019-09-04 05:29:46,347 [3573222a-ec1b-4e89-993f-eee582ca57d4:group-17748963776B:LeaderElection75] INFO  server.RaftServerConfigKeys (ConfUtils.java:logGet(43)) - raft.server.watch.element-limit = 65536 (default)
2019-09-04 05:29:46,347 [3573222a-ec1b-4e89-993f-eee582ca57d4:group-17748963776B:LeaderElection75] INFO  impl.RoleInfo (RoleInfo.java:updateAndGet(143)) - 3573222a-ec1b-4e89-993f-eee582ca57d4: start LeaderState
2019-09-04 05:29:46,348 [3573222a-ec1b-4e89-993f-eee582ca57d4:group-17748963776B:LeaderElection75] INFO  segmented.SegmentedRaftLogWorker (SegmentedRaftLogWorker.java:startLogSegment(380)) - 3573222a-ec1b-4e89-993f-eee582ca57d4-SegmentedRaftLogWorker:Storage Directory /workdir/hadoop-ozone/integration-test/target/test-dir/MiniOzoneClusterImpl-58a0207e-7756-41d3-9e8c-a97c8f82cfe0/datanode-5/data/ratis/dd703114-39d8-437e-8655-17748963776b: Starting segment from index:0
2019-09-04 05:29:46,348 [3573222a-ec1b-4e89-993f-eee582ca57d4:group-17748963776B:LeaderElection75] INFO  impl.RaftServerImpl (ServerState.java:setRaftConf(361)) - 3573222a-ec1b-4e89-993f-eee582ca57d4:group-17748963776B set configuration 0: [3573222a-ec1b-4e89-993f-eee582ca57d4:192.168.69.71:37610], old=null at 0
2019-09-04 05:29:46,382 [695330d6-66f9-4943-9293-d16e4d5ea686-SegmentedRaftLogWorker:Storage Directory /workdir/hadoop-ozone/integration-test/target/test-dir/MiniOzoneClusterImpl-58a0207e-7756-41d3-9e8c-a97c8f82cfe0/datanode-3/data/ratis/dfef6602-955b-48b7-895f-092de4dc542b] INFO  segmented.SegmentedRaftLogWorker (SegmentedRaftLogWorker.java:execute(569)) - 695330d6-66f9-4943-9293-d16e4d5ea686-SegmentedRaftLogWorker:Storage Directory /workdir/hadoop-ozone/integration-test/target/test-dir/MiniOzoneClusterImpl-58a0207e-7756-41d3-9e8c-a97c8f82cfe0/datanode-3/data/ratis/dfef6602-955b-48b7-895f-092de4dc542b: created new log segment /workdir/hadoop-ozone/integration-test/target/test-dir/MiniOzoneClusterImpl-58a0207e-7756-41d3-9e8c-a97c8f82cfe0/datanode-3/data/ratis/dfef6602-955b-48b7-895f-092de4dc542b/current/log_inprogress_0
2019-09-04 05:29:46,387 [grpc-default-executor-2] INFO  client.GrpcClientProtocolClient (GrpcClientProtocolClient.java:onNext(255)) - client-242CE8D61105->7829b0ca-b8cc-4d14-b96a-9fb080896240: receive RaftClientReply:client-242CE8D61105->7829b0ca-b8cc-4d14-b96a-9fb080896240@group-FC2D37CC5A23, cid=183, FAILED org.apache.ratis.protocol.NotLeaderException: Server 7829b0ca-b8cc-4d14-b96a-9fb080896240 is not the leader (null). Request must be sent to leader., logIndex=0, commits[7829b0ca-b8cc-4d14-b96a-9fb080896240:c-1]
2019-09-04 05:29:46,391 [Thread-3547] INFO  impl.FollowerState (FollowerState.java:run(106)) - 4ba7a24c-5cfe-40cd-b0c9-5f87f6b790e9:group-256A92CA92EC changes to CANDIDATE, lastRpcTime:5082, electionTimeout:5082ms
2019-09-04 05:29:46,391 [Thread-3547] INFO  impl.RoleInfo (RoleInfo.java:shutdownFollowerState(121)) - 4ba7a24c-5cfe-40cd-b0c9-5f87f6b790e9: shutdown FollowerState
2019-09-04 05:29:46,391 [Thread-3547] INFO  impl.RaftServerImpl (RaftServerImpl.java:setRole(171)) - 4ba7a24c-5cfe-40cd-b0c9-5f87f6b790e9:group-256A92CA92EC changes role from FOLLOWER to CANDIDATE at term 0 for changeToCandidate
2019-09-04 05:29:46,392 [Thread-3547] INFO  impl.RoleInfo (RoleInfo.java:updateAndGet(143)) - 4ba7a24c-5cfe-40cd-b0c9-5f87f6b790e9: start LeaderElection
2019-09-04 05:29:46,402 [3573222a-ec1b-4e89-993f-eee582ca57d4-SegmentedRaftLogWorker:Storage Directory /workdir/hadoop-ozone/integration-test/target/test-dir/MiniOzoneClusterImpl-58a0207e-7756-41d3-9e8c-a97c8f82cfe0/datanode-5/data/ratis/dd703114-39d8-437e-8655-17748963776b] INFO  segmented.SegmentedRaftLogWorker (SegmentedRaftLogWorker.java:execute(569)) - 3573222a-ec1b-4e89-993f-eee582ca57d4-SegmentedRaftLogWorker:Storage Directory /workdir/hadoop-ozone/integration-test/target/test-dir/MiniOzoneClusterImpl-58a0207e-7756-41d3-9e8c-a97c8f82cfe0/datanode-5/data/ratis/dd703114-39d8-437e-8655-17748963776b: created new log segment /workdir/hadoop-ozone/integration-test/target/test-dir/MiniOzoneClusterImpl-58a0207e-7756-41d3-9e8c-a97c8f82cfe0/datanode-5/data/ratis/dd703114-39d8-437e-8655-17748963776b/current/log_inprogress_0
2019-09-04 05:29:46,410 [Thread-3552] INFO  impl.FollowerState (FollowerState.java:run(106)) - 7ed9d160-43c5-43d1-a33d-bb7525b67925:group-33A5AD31EFDD changes to CANDIDATE, lastRpcTime:5011, electionTimeout:5010ms
2019-09-04 05:29:46,410 [Thread-3552] INFO  impl.RoleInfo (RoleInfo.java:shutdownFollowerState(121)) - 7ed9d160-43c5-43d1-a33d-bb7525b67925: shutdown FollowerState
2019-09-04 05:29:46,411 [Thread-3552] INFO  impl.RaftServerImpl (RaftServerImpl.java:setRole(171)) - 7ed9d160-43c5-43d1-a33d-bb7525b67925:group-33A5AD31EFDD changes role from FOLLOWER to CANDIDATE at term 0 for changeToCandidate
2019-09-04 05:29:46,411 [Thread-3552] INFO  impl.RoleInfo (RoleInfo.java:updateAndGet(143)) - 7ed9d160-43c5-43d1-a33d-bb7525b67925: start LeaderElection
2019-09-04 05:29:46,419 [4ba7a24c-5cfe-40cd-b0c9-5f87f6b790e9:group-256A92CA92EC:LeaderElection76] INFO  impl.LeaderElection (LeaderElection.java:askForVotes(181)) - 4ba7a24c-5cfe-40cd-b0c9-5f87f6b790e9:group-256A92CA92EC:LeaderElection76: begin an election at term 1 for -1: [4ba7a24c-5cfe-40cd-b0c9-5f87f6b790e9:192.168.69.71:35457], old=null
2019-09-04 05:29:46,419 [4ba7a24c-5cfe-40cd-b0c9-5f87f6b790e9:group-256A92CA92EC:LeaderElection76] INFO  impl.RoleInfo (RoleInfo.java:shutdownLeaderElection(134)) - 4ba7a24c-5cfe-40cd-b0c9-5f87f6b790e9: shutdown LeaderElection
2019-09-04 05:29:46,419 [4ba7a24c-5cfe-40cd-b0c9-5f87f6b790e9:group-256A92CA92EC:LeaderElection76] INFO  impl.RaftServerImpl (RaftServerImpl.java:setRole(171)) - 4ba7a24c-5cfe-40cd-b0c9-5f87f6b790e9:group-256A92CA92EC changes role from CANDIDATE to LEADER at term 1 for changeToLeader
2019-09-04 05:29:46,420 [4ba7a24c-5cfe-40cd-b0c9-5f87f6b790e9:group-256A92CA92EC:LeaderElection76] INFO  impl.RaftServerImpl (ServerState.java:setLeader(263)) - 4ba7a24c-5cfe-40cd-b0c9-5f87f6b790e9:group-256A92CA92EC change Leader from null to 4ba7a24c-5cfe-40cd-b0c9-5f87f6b790e9 at term 1 for becomeLeader, leader elected after 5115ms
2019-09-04 05:29:46,420 [4ba7a24c-5cfe-40cd-b0c9-5f87f6b790e9:group-256A92CA92EC:LeaderElection76] INFO  server.RaftServerConfigKeys (ConfUtils.java:logGet(43)) - raft.server.staging.catchup.gap = 1000 (default)
2019-09-04 05:29:46,420 [4ba7a24c-5cfe-40cd-b0c9-5f87f6b790e9:group-256A92CA92EC:LeaderElection76] INFO  server.RaftServerConfigKeys (ConfUtils.java:logGet(43)) - raft.server.rpc.sleep.time = 25ms (default)
2019-09-04 05:29:46,420 [4ba7a24c-5cfe-40cd-b0c9-5f87f6b790e9:group-256A92CA92EC:LeaderElection76] INFO  server.RaftServerConfigKeys (ConfUtils.java:logGet(43)) - raft.server.write.element-limit = 4096 (default)
2019-09-04 05:29:46,420 [4ba7a24c-5cfe-40cd-b0c9-5f87f6b790e9:group-256A92CA92EC:LeaderElection76] INFO  server.RaftServerConfigKeys (ConfUtils.java:logGet(43)) - raft.server.watch.timeout = 10s (default)
2019-09-04 05:29:46,420 [4ba7a24c-5cfe-40cd-b0c9-5f87f6b790e9:group-256A92CA92EC:LeaderElection76] INFO  server.RaftServerConfigKeys (ConfUtils.java:logGet(43)) - raft.server.watch.timeout.denomination = 1s (default)
2019-09-04 05:29:46,420 [4ba7a24c-5cfe-40cd-b0c9-5f87f6b790e9:group-256A92CA92EC:LeaderElection76] INFO  server.RaftServerConfigKeys (ConfUtils.java:logGet(43)) - raft.server.watch.element-limit = 65536 (default)
2019-09-04 05:29:46,420 [4ba7a24c-5cfe-40cd-b0c9-5f87f6b790e9:group-256A92CA92EC:LeaderElection76] INFO  impl.RoleInfo (RoleInfo.java:updateAndGet(143)) - 4ba7a24c-5cfe-40cd-b0c9-5f87f6b790e9: start LeaderState
2019-09-04 05:29:46,420 [4ba7a24c-5cfe-40cd-b0c9-5f87f6b790e9:group-256A92CA92EC:LeaderElection76] INFO  segmented.SegmentedRaftLogWorker (SegmentedRaftLogWorker.java:startLogSegment(380)) - 4ba7a24c-5cfe-40cd-b0c9-5f87f6b790e9-SegmentedRaftLogWorker:Storage Directory /workdir/hadoop-ozone/integration-test/target/test-dir/MiniOzoneClusterImpl-58a0207e-7756-41d3-9e8c-a97c8f82cfe0/datanode-6/data/ratis/31602ef1-3d5f-4ea1-939c-256a92ca92ec: Starting segment from index:0
2019-09-04 05:29:46,421 [4ba7a24c-5cfe-40cd-b0c9-5f87f6b790e9:group-256A92CA92EC:LeaderElection76] INFO  impl.RaftServerImpl (ServerState.java:setRaftConf(361)) - 4ba7a24c-5cfe-40cd-b0c9-5f87f6b790e9:group-256A92CA92EC set configuration 0: [4ba7a24c-5cfe-40cd-b0c9-5f87f6b790e9:192.168.69.71:35457], old=null at 0
2019-09-04 05:29:46,449 [Thread-3556] INFO  impl.FollowerState (FollowerState.java:run(106)) - 74de5f20-9e74-428d-822d-cb54bc80bbbc:group-33A5AD31EFDD changes to CANDIDATE, lastRpcTime:5047, electionTimeout:5043ms
2019-09-04 05:29:46,449 [Thread-3556] INFO  impl.RoleInfo (RoleInfo.java:shutdownFollowerState(121)) - 74de5f20-9e74-428d-822d-cb54bc80bbbc: shutdown FollowerState
2019-09-04 05:29:46,449 [7ed9d160-43c5-43d1-a33d-bb7525b67925:group-33A5AD31EFDD:LeaderElection77] INFO  impl.LeaderElection (LeaderElection.java:askForVotes(181)) - 7ed9d160-43c5-43d1-a33d-bb7525b67925:group-33A5AD31EFDD:LeaderElection77: begin an election at term 1 for -1: [7ed9d160-43c5-43d1-a33d-bb7525b67925:192.168.69.71:38298, 74de5f20-9e74-428d-822d-cb54bc80bbbc:192.168.69.71:36124, 53d70931-b2a7-4310-8fe8-2c0a4a694a6e:192.168.69.71:35081], old=null
2019-09-04 05:29:46,449 [Thread-3556] INFO  impl.RaftServerImpl (RaftServerImpl.java:setRole(171)) - 74de5f20-9e74-428d-822d-cb54bc80bbbc:group-33A5AD31EFDD changes role from FOLLOWER to CANDIDATE at term 0 for changeToCandidate
2019-09-04 05:29:46,449 [Thread-3556] INFO  impl.RoleInfo (RoleInfo.java:updateAndGet(143)) - 74de5f20-9e74-428d-822d-cb54bc80bbbc: start LeaderElection
2019-09-04 05:29:46,457 [grpc-default-executor-7] INFO  impl.RaftServerImpl (RaftServerImpl.java:setRole(171)) - 53d70931-b2a7-4310-8fe8-2c0a4a694a6e:group-33A5AD31EFDD changes role from FOLLOWER to FOLLOWER at term 1 for recognizeCandidate:7ed9d160-43c5-43d1-a33d-bb7525b67925
2019-09-04 05:29:46,457 [grpc-default-executor-7] INFO  impl.RoleInfo (RoleInfo.java:shutdownFollowerState(121)) - 53d70931-b2a7-4310-8fe8-2c0a4a694a6e: shutdown FollowerState
2019-09-04 05:29:46,458 [grpc-default-executor-7] INFO  impl.RoleInfo (RoleInfo.java:updateAndGet(143)) - 53d70931-b2a7-4310-8fe8-2c0a4a694a6e: start FollowerState
2019-09-04 05:29:46,458 [Thread-3550] INFO  impl.FollowerState (FollowerState.java:run(114)) - 53d70931-b2a7-4310-8fe8-2c0a4a694a6e: FollowerState was interrupted: java.lang.InterruptedException: sleep interrupted
2019-09-04 05:29:46,470 [4ba7a24c-5cfe-40cd-b0c9-5f87f6b790e9-SegmentedRaftLogWorker:Storage Directory /workdir/hadoop-ozone/integration-test/target/test-dir/MiniOzoneClusterImpl-58a0207e-7756-41d3-9e8c-a97c8f82cfe0/datanode-6/data/ratis/31602ef1-3d5f-4ea1-939c-256a92ca92ec] INFO  segmented.SegmentedRaftLogWorker (SegmentedRaftLogWorker.java:execute(569)) - 4ba7a24c-5cfe-40cd-b0c9-5f87f6b790e9-SegmentedRaftLogWorker:Storage Directory /workdir/hadoop-ozone/integration-test/target/test-dir/MiniOzoneClusterImpl-58a0207e-7756-41d3-9e8c-a97c8f82cfe0/datanode-6/data/ratis/31602ef1-3d5f-4ea1-939c-256a92ca92ec: created new log segment /workdir/hadoop-ozone/integration-test/target/test-dir/MiniOzoneClusterImpl-58a0207e-7756-41d3-9e8c-a97c8f82cfe0/datanode-6/data/ratis/31602ef1-3d5f-4ea1-939c-256a92ca92ec/current/log_inprogress_0
2019-09-04 05:29:46,470 [74de5f20-9e74-428d-822d-cb54bc80bbbc:group-33A5AD31EFDD:LeaderElection78] INFO  impl.LeaderElection (LeaderElection.java:askForVotes(181)) - 74de5f20-9e74-428d-822d-cb54bc80bbbc:group-33A5AD31EFDD:LeaderElection78: begin an election at term 1 for -1: [7ed9d160-43c5-43d1-a33d-bb7525b67925:192.168.69.71:38298, 74de5f20-9e74-428d-822d-cb54bc80bbbc:192.168.69.71:36124, 53d70931-b2a7-4310-8fe8-2c0a4a694a6e:192.168.69.71:35081], old=null
2019-09-04 05:29:46,490 [74de5f20-9e74-428d-822d-cb54bc80bbbc:group-33A5AD31EFDD:LeaderElection78] INFO  impl.LeaderElection (LeaderElection.java:logAndReturn(56)) - 74de5f20-9e74-428d-822d-cb54bc80bbbc:group-33A5AD31EFDD:LeaderElection78: Election REJECTED; received 2 response(s) [74de5f20-9e74-428d-822d-cb54bc80bbbc<-7ed9d160-43c5-43d1-a33d-bb7525b67925#0:FAIL-t1, 74de5f20-9e74-428d-822d-cb54bc80bbbc<-53d70931-b2a7-4310-8fe8-2c0a4a694a6e#0:FAIL-t1] and 0 exception(s); 74de5f20-9e74-428d-822d-cb54bc80bbbc:t1, leader=null, voted=74de5f20-9e74-428d-822d-cb54bc80bbbc, raftlog=74de5f20-9e74-428d-822d-cb54bc80bbbc-SegmentedRaftLog:OPENED:c-1,f-1,i0, conf=-1: [7ed9d160-43c5-43d1-a33d-bb7525b67925:192.168.69.71:38298, 74de5f20-9e74-428d-822d-cb54bc80bbbc:192.168.69.71:36124, 53d70931-b2a7-4310-8fe8-2c0a4a694a6e:192.168.69.71:35081], old=null
2019-09-04 05:29:46,490 [7ed9d160-43c5-43d1-a33d-bb7525b67925:group-33A5AD31EFDD:LeaderElection77] INFO  impl.LeaderElection (LeaderElection.java:logAndReturn(56)) - 7ed9d160-43c5-43d1-a33d-bb7525b67925:group-33A5AD31EFDD:LeaderElection77: Election PASSED; received 2 response(s) [7ed9d160-43c5-43d1-a33d-bb7525b67925<-74de5f20-9e74-428d-822d-cb54bc80bbbc#0:FAIL-t1, 7ed9d160-43c5-43d1-a33d-bb7525b67925<-53d70931-b2a7-4310-8fe8-2c0a4a694a6e#0:OK-t1] and 0 exception(s); 7ed9d160-43c5-43d1-a33d-bb7525b67925:t1, leader=null, voted=7ed9d160-43c5-43d1-a33d-bb7525b67925, raftlog=7ed9d160-43c5-43d1-a33d-bb7525b67925-SegmentedRaftLog:OPENED:c-1,f-1,i0, conf=-1: [7ed9d160-43c5-43d1-a33d-bb7525b67925:192.168.69.71:38298, 74de5f20-9e74-428d-822d-cb54bc80bbbc:192.168.69.71:36124, 53d70931-b2a7-4310-8fe8-2c0a4a694a6e:192.168.69.71:35081], old=null
2019-09-04 05:29:46,491 [74de5f20-9e74-428d-822d-cb54bc80bbbc:group-33A5AD31EFDD:LeaderElection78] INFO  impl.RaftServerImpl (RaftServerImpl.java:setRole(171)) - 74de5f20-9e74-428d-822d-cb54bc80bbbc:group-33A5AD31EFDD changes role from CANDIDATE to FOLLOWER at term 1 for DISCOVERED_A_NEW_TERM
2019-09-04 05:29:46,491 [7ed9d160-43c5-43d1-a33d-bb7525b67925:group-33A5AD31EFDD:LeaderElection77] INFO  impl.RoleInfo (RoleInfo.java:shutdownLeaderElection(134)) - 7ed9d160-43c5-43d1-a33d-bb7525b67925: shutdown LeaderElection
2019-09-04 05:29:46,491 [74de5f20-9e74-428d-822d-cb54bc80bbbc:group-33A5AD31EFDD:LeaderElection78] INFO  impl.RoleInfo (RoleInfo.java:shutdownLeaderElection(134)) - 74de5f20-9e74-428d-822d-cb54bc80bbbc: shutdown LeaderElection
2019-09-04 05:29:46,491 [7ed9d160-43c5-43d1-a33d-bb7525b67925:group-33A5AD31EFDD:LeaderElection77] INFO  impl.RaftServerImpl (RaftServerImpl.java:setRole(171)) - 7ed9d160-43c5-43d1-a33d-bb7525b67925:group-33A5AD31EFDD changes role from CANDIDATE to LEADER at term 1 for changeToLeader
2019-09-04 05:29:46,491 [74de5f20-9e74-428d-822d-cb54bc80bbbc:group-33A5AD31EFDD:LeaderElection78] INFO  impl.RoleInfo (RoleInfo.java:updateAndGet(143)) - 74de5f20-9e74-428d-822d-cb54bc80bbbc: start FollowerState
2019-09-04 05:29:46,491 [7ed9d160-43c5-43d1-a33d-bb7525b67925:group-33A5AD31EFDD:LeaderElection77] INFO  impl.RaftServerImpl (ServerState.java:setLeader(263)) - 7ed9d160-43c5-43d1-a33d-bb7525b67925:group-33A5AD31EFDD change Leader from null to 7ed9d160-43c5-43d1-a33d-bb7525b67925 at term 1 for becomeLeader, leader elected after 5101ms
2019-09-04 05:29:46,491 [7ed9d160-43c5-43d1-a33d-bb7525b67925:group-33A5AD31EFDD:LeaderElection77] INFO  server.RaftServerConfigKeys (ConfUtils.java:logGet(43)) - raft.server.staging.catchup.gap = 1000 (default)
2019-09-04 05:29:46,492 [7ed9d160-43c5-43d1-a33d-bb7525b67925:group-33A5AD31EFDD:LeaderElection77] INFO  server.RaftServerConfigKeys (ConfUtils.java:logGet(43)) - raft.server.rpc.sleep.time = 25ms (default)
2019-09-04 05:29:46,492 [7ed9d160-43c5-43d1-a33d-bb7525b67925:group-33A5AD31EFDD:LeaderElection77] INFO  server.RaftServerConfigKeys (ConfUtils.java:logGet(43)) - raft.server.write.element-limit = 4096 (default)
2019-09-04 05:29:46,492 [7ed9d160-43c5-43d1-a33d-bb7525b67925:group-33A5AD31EFDD:LeaderElection77] INFO  server.RaftServerConfigKeys (ConfUtils.java:logGet(43)) - raft.server.watch.timeout = 10s (default)
2019-09-04 05:29:46,492 [7ed9d160-43c5-43d1-a33d-bb7525b67925:group-33A5AD31EFDD:LeaderElection77] INFO  server.RaftServerConfigKeys (ConfUtils.java:logGet(43)) - raft.server.watch.timeout.denomination = 1s (default)
2019-09-04 05:29:46,492 [7ed9d160-43c5-43d1-a33d-bb7525b67925:group-33A5AD31EFDD:LeaderElection77] INFO  server.RaftServerConfigKeys (ConfUtils.java:logGet(43)) - raft.server.watch.element-limit = 65536 (default)
2019-09-04 05:29:46,492 [7ed9d160-43c5-43d1-a33d-bb7525b67925:group-33A5AD31EFDD:LeaderElection77] INFO  server.RaftServerConfigKeys (ConfUtils.java:logGet(43)) - raft.server.log.appender.snapshot.chunk.size.max = 16MB (=16777216) (default)
2019-09-04 05:29:46,493 [7ed9d160-43c5-43d1-a33d-bb7525b67925:group-33A5AD31EFDD:LeaderElection77] INFO  server.RaftServerConfigKeys (ConfUtils.java:logGet(43)) - raft.server.log.appender.buffer.byte-limit = 33554432 (custom)
2019-09-04 05:29:46,493 [7ed9d160-43c5-43d1-a33d-bb7525b67925:group-33A5AD31EFDD:LeaderElection77] INFO  server.RaftServerConfigKeys (ConfUtils.java:logGet(43)) - raft.server.log.appender.buffer.element-limit = 1 (custom)
2019-09-04 05:29:46,493 [7ed9d160-43c5-43d1-a33d-bb7525b67925:group-33A5AD31EFDD:LeaderElection77] INFO  grpc.GrpcConfigKeys$Server (ConfUtils.java:logGet(43)) - raft.grpc.server.leader.outstanding.appends.max = 128 (default)
2019-09-04 05:29:46,493 [7ed9d160-43c5-43d1-a33d-bb7525b67925:group-33A5AD31EFDD:LeaderElection77] INFO  server.RaftServerConfigKeys (ConfUtils.java:logGet(43)) - raft.server.rpc.request.timeout = 3000ms (default)
2019-09-04 05:29:46,493 [7ed9d160-43c5-43d1-a33d-bb7525b67925:group-33A5AD31EFDD:LeaderElection77] INFO  server.RaftServerConfigKeys (ConfUtils.java:logGet(43)) - raft.server.log.appender.install.snapshot.enabled = false (custom)
2019-09-04 05:29:46,494 [7ed9d160-43c5-43d1-a33d-bb7525b67925:group-33A5AD31EFDD:LeaderElection77] INFO  server.RaftServerConfigKeys (ConfUtils.java:logGet(43)) - raft.server.log.appender.snapshot.chunk.size.max = 16MB (=16777216) (default)
2019-09-04 05:29:46,494 [7ed9d160-43c5-43d1-a33d-bb7525b67925:group-33A5AD31EFDD:LeaderElection77] INFO  server.RaftServerConfigKeys (ConfUtils.java:logGet(43)) - raft.server.log.appender.buffer.byte-limit = 33554432 (custom)
2019-09-04 05:29:46,494 [7ed9d160-43c5-43d1-a33d-bb7525b67925:group-33A5AD31EFDD:LeaderElection77] INFO  server.RaftServerConfigKeys (ConfUtils.java:logGet(43)) - raft.server.log.appender.buffer.element-limit = 1 (custom)
2019-09-04 05:29:46,494 [7ed9d160-43c5-43d1-a33d-bb7525b67925:group-33A5AD31EFDD:LeaderElection77] INFO  grpc.GrpcConfigKeys$Server (ConfUtils.java:logGet(43)) - raft.grpc.server.leader.outstanding.appends.max = 128 (default)
2019-09-04 05:29:46,494 [7ed9d160-43c5-43d1-a33d-bb7525b67925:group-33A5AD31EFDD:LeaderElection77] INFO  server.RaftServerConfigKeys (ConfUtils.java:logGet(43)) - raft.server.rpc.request.timeout = 3000ms (default)
2019-09-04 05:29:46,495 [7ed9d160-43c5-43d1-a33d-bb7525b67925:group-33A5AD31EFDD:LeaderElection77] INFO  server.RaftServerConfigKeys (ConfUtils.java:logGet(43)) - raft.server.log.appender.install.snapshot.enabled = false (custom)
2019-09-04 05:29:46,495 [7ed9d160-43c5-43d1-a33d-bb7525b67925:group-33A5AD31EFDD:LeaderElection77] INFO  impl.RoleInfo (RoleInfo.java:updateAndGet(143)) - 7ed9d160-43c5-43d1-a33d-bb7525b67925: start LeaderState
2019-09-04 05:29:46,495 [7ed9d160-43c5-43d1-a33d-bb7525b67925:group-33A5AD31EFDD:LeaderElection77] INFO  segmented.SegmentedRaftLogWorker (SegmentedRaftLogWorker.java:startLogSegment(380)) - 7ed9d160-43c5-43d1-a33d-bb7525b67925-SegmentedRaftLogWorker:Storage Directory /workdir/hadoop-ozone/integration-test/target/test-dir/MiniOzoneClusterImpl-58a0207e-7756-41d3-9e8c-a97c8f82cfe0/datanode-0/data/ratis/5fb63b14-baf0-442d-8038-33a5ad31efdd: Starting segment from index:0
2019-09-04 05:29:46,496 [7ed9d160-43c5-43d1-a33d-bb7525b67925:group-33A5AD31EFDD:LeaderElection77] INFO  impl.RaftServerImpl (ServerState.java:setRaftConf(361)) - 7ed9d160-43c5-43d1-a33d-bb7525b67925:group-33A5AD31EFDD set configuration 0: [7ed9d160-43c5-43d1-a33d-bb7525b67925:192.168.69.71:38298, 74de5f20-9e74-428d-822d-cb54bc80bbbc:192.168.69.71:36124, 53d70931-b2a7-4310-8fe8-2c0a4a694a6e:192.168.69.71:35081], old=null at 0
2019-09-04 05:29:46,497 [grpc-default-executor-7] INFO  impl.RaftServerImpl (ServerState.java:setLeader(263)) - 53d70931-b2a7-4310-8fe8-2c0a4a694a6e:group-33A5AD31EFDD change Leader from null to 7ed9d160-43c5-43d1-a33d-bb7525b67925 at term 1 for appendEntries, leader elected after 5107ms
2019-09-04 05:29:46,497 [grpc-default-executor-8] INFO  impl.RaftServerImpl (ServerState.java:setLeader(263)) - 74de5f20-9e74-428d-822d-cb54bc80bbbc:group-33A5AD31EFDD change Leader from null to 7ed9d160-43c5-43d1-a33d-bb7525b67925 at term 1 for appendEntries, leader elected after 5108ms
2019-09-04 05:29:46,499 [grpc-default-executor-8] INFO  impl.RaftServerImpl (ServerState.java:setRaftConf(361)) - 53d70931-b2a7-4310-8fe8-2c0a4a694a6e:group-33A5AD31EFDD set configuration 0: [7ed9d160-43c5-43d1-a33d-bb7525b67925:192.168.69.71:38298, 74de5f20-9e74-428d-822d-cb54bc80bbbc:192.168.69.71:36124, 53d70931-b2a7-4310-8fe8-2c0a4a694a6e:192.168.69.71:35081], old=null at 0
2019-09-04 05:29:46,499 [grpc-default-executor-7] INFO  impl.RaftServerImpl (ServerState.java:setRaftConf(361)) - 74de5f20-9e74-428d-822d-cb54bc80bbbc:group-33A5AD31EFDD set configuration 0: [7ed9d160-43c5-43d1-a33d-bb7525b67925:192.168.69.71:38298, 74de5f20-9e74-428d-822d-cb54bc80bbbc:192.168.69.71:36124, 53d70931-b2a7-4310-8fe8-2c0a4a694a6e:192.168.69.71:35081], old=null at 0
2019-09-04 05:29:46,499 [grpc-default-executor-8] INFO  segmented.SegmentedRaftLogWorker (SegmentedRaftLogWorker.java:startLogSegment(380)) - 53d70931-b2a7-4310-8fe8-2c0a4a694a6e-SegmentedRaftLogWorker:Storage Directory /workdir/hadoop-ozone/integration-test/target/test-dir/MiniOzoneClusterImpl-58a0207e-7756-41d3-9e8c-a97c8f82cfe0/datanode-1/data/ratis/5fb63b14-baf0-442d-8038-33a5ad31efdd: Starting segment from index:0
2019-09-04 05:29:46,500 [grpc-default-executor-7] INFO  segmented.SegmentedRaftLogWorker (SegmentedRaftLogWorker.java:startLogSegment(380)) - 74de5f20-9e74-428d-822d-cb54bc80bbbc-SegmentedRaftLogWorker:Storage Directory /workdir/hadoop-ozone/integration-test/target/test-dir/MiniOzoneClusterImpl-58a0207e-7756-41d3-9e8c-a97c8f82cfe0/datanode-4/data/ratis/5fb63b14-baf0-442d-8038-33a5ad31efdd: Starting segment from index:0
2019-09-04 05:29:46,555 [74de5f20-9e74-428d-822d-cb54bc80bbbc-SegmentedRaftLogWorker:Storage Directory /workdir/hadoop-ozone/integration-test/target/test-dir/MiniOzoneClusterImpl-58a0207e-7756-41d3-9e8c-a97c8f82cfe0/datanode-4/data/ratis/5fb63b14-baf0-442d-8038-33a5ad31efdd] INFO  segmented.SegmentedRaftLogWorker (SegmentedRaftLogWorker.java:execute(569)) - 74de5f20-9e74-428d-822d-cb54bc80bbbc-SegmentedRaftLogWorker:Storage Directory /workdir/hadoop-ozone/integration-test/target/test-dir/MiniOzoneClusterImpl-58a0207e-7756-41d3-9e8c-a97c8f82cfe0/datanode-4/data/ratis/5fb63b14-baf0-442d-8038-33a5ad31efdd: created new log segment /workdir/hadoop-ozone/integration-test/target/test-dir/MiniOzoneClusterImpl-58a0207e-7756-41d3-9e8c-a97c8f82cfe0/datanode-4/data/ratis/5fb63b14-baf0-442d-8038-33a5ad31efdd/current/log_inprogress_0
2019-09-04 05:29:46,555 [7ed9d160-43c5-43d1-a33d-bb7525b67925-SegmentedRaftLogWorker:Storage Directory /workdir/hadoop-ozone/integration-test/target/test-dir/MiniOzoneClusterImpl-58a0207e-7756-41d3-9e8c-a97c8f82cfe0/datanode-0/data/ratis/5fb63b14-baf0-442d-8038-33a5ad31efdd] INFO  segmented.SegmentedRaftLogWorker (SegmentedRaftLogWorker.java:execute(569)) - 7ed9d160-43c5-43d1-a33d-bb7525b67925-SegmentedRaftLogWorker:Storage Directory /workdir/hadoop-ozone/integration-test/target/test-dir/MiniOzoneClusterImpl-58a0207e-7756-41d3-9e8c-a97c8f82cfe0/datanode-0/data/ratis/5fb63b14-baf0-442d-8038-33a5ad31efdd: created new log segment /workdir/hadoop-ozone/integration-test/target/test-dir/MiniOzoneClusterImpl-58a0207e-7756-41d3-9e8c-a97c8f82cfe0/datanode-0/data/ratis/5fb63b14-baf0-442d-8038-33a5ad31efdd/current/log_inprogress_0
2019-09-04 05:29:46,555 [53d70931-b2a7-4310-8fe8-2c0a4a694a6e-SegmentedRaftLogWorker:Storage Directory /workdir/hadoop-ozone/integration-test/target/test-dir/MiniOzoneClusterImpl-58a0207e-7756-41d3-9e8c-a97c8f82cfe0/datanode-1/data/ratis/5fb63b14-baf0-442d-8038-33a5ad31efdd] INFO  segmented.SegmentedRaftLogWorker (SegmentedRaftLogWorker.java:execute(569)) - 53d70931-b2a7-4310-8fe8-2c0a4a694a6e-SegmentedRaftLogWorker:Storage Directory /workdir/hadoop-ozone/integration-test/target/test-dir/MiniOzoneClusterImpl-58a0207e-7756-41d3-9e8c-a97c8f82cfe0/datanode-1/data/ratis/5fb63b14-baf0-442d-8038-33a5ad31efdd: created new log segment /workdir/hadoop-ozone/integration-test/target/test-dir/MiniOzoneClusterImpl-58a0207e-7756-41d3-9e8c-a97c8f82cfe0/datanode-1/data/ratis/5fb63b14-baf0-442d-8038-33a5ad31efdd/current/log_inprogress_0
2019-09-04 05:29:46,617 [Thread-3562] INFO  impl.FollowerState (FollowerState.java:run(106)) - 7829b0ca-b8cc-4d14-b96a-9fb080896240:group-FC2D37CC5A23 changes to CANDIDATE, lastRpcTime:5117, electionTimeout:5117ms
2019-09-04 05:29:46,617 [Thread-3562] INFO  impl.RoleInfo (RoleInfo.java:shutdownFollowerState(121)) - 7829b0ca-b8cc-4d14-b96a-9fb080896240: shutdown FollowerState
2019-09-04 05:29:46,617 [Thread-3562] INFO  impl.RaftServerImpl (RaftServerImpl.java:setRole(171)) - 7829b0ca-b8cc-4d14-b96a-9fb080896240:group-FC2D37CC5A23 changes role from FOLLOWER to CANDIDATE at term 0 for changeToCandidate
2019-09-04 05:29:46,617 [Thread-3562] INFO  impl.RoleInfo (RoleInfo.java:updateAndGet(143)) - 7829b0ca-b8cc-4d14-b96a-9fb080896240: start LeaderElection
2019-09-04 05:29:46,647 [7829b0ca-b8cc-4d14-b96a-9fb080896240:group-FC2D37CC5A23:LeaderElection79] INFO  impl.LeaderElection (LeaderElection.java:askForVotes(181)) - 7829b0ca-b8cc-4d14-b96a-9fb080896240:group-FC2D37CC5A23:LeaderElection79: begin an election at term 1 for -1: [7829b0ca-b8cc-4d14-b96a-9fb080896240:192.168.69.71:41512, 4ba7a24c-5cfe-40cd-b0c9-5f87f6b790e9:192.168.69.71:35457, 695330d6-66f9-4943-9293-d16e4d5ea686:192.168.69.71:37616], old=null
2019-09-04 05:29:46,663 [grpc-default-executor-7] INFO  impl.RaftServerImpl (RaftServerImpl.java:setRole(171)) - 695330d6-66f9-4943-9293-d16e4d5ea686:group-FC2D37CC5A23 changes role from FOLLOWER to FOLLOWER at term 1 for recognizeCandidate:7829b0ca-b8cc-4d14-b96a-9fb080896240
2019-09-04 05:29:46,663 [grpc-default-executor-8] INFO  impl.RaftServerImpl (RaftServerImpl.java:setRole(171)) - 4ba7a24c-5cfe-40cd-b0c9-5f87f6b790e9:group-FC2D37CC5A23 changes role from FOLLOWER to FOLLOWER at term 1 for recognizeCandidate:7829b0ca-b8cc-4d14-b96a-9fb080896240
2019-09-04 05:29:46,663 [grpc-default-executor-7] INFO  impl.RoleInfo (RoleInfo.java:shutdownFollowerState(121)) - 695330d6-66f9-4943-9293-d16e4d5ea686: shutdown FollowerState
2019-09-04 05:29:46,663 [grpc-default-executor-8] INFO  impl.RoleInfo (RoleInfo.java:shutdownFollowerState(121)) - 4ba7a24c-5cfe-40cd-b0c9-5f87f6b790e9: shutdown FollowerState
2019-09-04 05:29:46,663 [Thread-3559] INFO  impl.FollowerState (FollowerState.java:run(114)) - 695330d6-66f9-4943-9293-d16e4d5ea686: FollowerState was interrupted: java.lang.InterruptedException: sleep interrupted
2019-09-04 05:29:46,664 [Thread-3565] INFO  impl.FollowerState (FollowerState.java:run(114)) - 4ba7a24c-5cfe-40cd-b0c9-5f87f6b790e9: FollowerState was interrupted: java.lang.InterruptedException: sleep interrupted
2019-09-04 05:29:46,663 [grpc-default-executor-7] INFO  impl.RoleInfo (RoleInfo.java:updateAndGet(143)) - 695330d6-66f9-4943-9293-d16e4d5ea686: start FollowerState
2019-09-04 05:29:46,664 [grpc-default-executor-8] INFO  impl.RoleInfo (RoleInfo.java:updateAndGet(143)) - 4ba7a24c-5cfe-40cd-b0c9-5f87f6b790e9: start FollowerState
2019-09-04 05:29:46,699 [7829b0ca-b8cc-4d14-b96a-9fb080896240:group-FC2D37CC5A23:LeaderElection79] INFO  impl.LeaderElection (LeaderElection.java:logAndReturn(56)) - 7829b0ca-b8cc-4d14-b96a-9fb080896240:group-FC2D37CC5A23:LeaderElection79: Election PASSED; received 1 response(s) [7829b0ca-b8cc-4d14-b96a-9fb080896240<-695330d6-66f9-4943-9293-d16e4d5ea686#0:OK-t1] and 0 exception(s); 7829b0ca-b8cc-4d14-b96a-9fb080896240:t1, leader=null, voted=7829b0ca-b8cc-4d14-b96a-9fb080896240, raftlog=7829b0ca-b8cc-4d14-b96a-9fb080896240-SegmentedRaftLog:OPENED:c-1,f-1,i0, conf=-1: [7829b0ca-b8cc-4d14-b96a-9fb080896240:192.168.69.71:41512, 4ba7a24c-5cfe-40cd-b0c9-5f87f6b790e9:192.168.69.71:35457, 695330d6-66f9-4943-9293-d16e4d5ea686:192.168.69.71:37616], old=null
2019-09-04 05:29:46,699 [7829b0ca-b8cc-4d14-b96a-9fb080896240:group-FC2D37CC5A23:LeaderElection79] INFO  impl.RoleInfo (RoleInfo.java:shutdownLeaderElection(134)) - 7829b0ca-b8cc-4d14-b96a-9fb080896240: shutdown LeaderElection
2019-09-04 05:29:46,699 [7829b0ca-b8cc-4d14-b96a-9fb080896240:group-FC2D37CC5A23:LeaderElection79] INFO  impl.RaftServerImpl (RaftServerImpl.java:setRole(171)) - 7829b0ca-b8cc-4d14-b96a-9fb080896240:group-FC2D37CC5A23 changes role from CANDIDATE to LEADER at term 1 for changeToLeader
2019-09-04 05:29:46,699 [7829b0ca-b8cc-4d14-b96a-9fb080896240:group-FC2D37CC5A23:LeaderElection79] INFO  impl.RaftServerImpl (ServerState.java:setLeader(263)) - 7829b0ca-b8cc-4d14-b96a-9fb080896240:group-FC2D37CC5A23 change Leader from null to 7829b0ca-b8cc-4d14-b96a-9fb080896240 at term 1 for becomeLeader, leader elected after 5208ms
2019-09-04 05:29:46,699 [7829b0ca-b8cc-4d14-b96a-9fb080896240:group-FC2D37CC5A23:LeaderElection79] INFO  server.RaftServerConfigKeys (ConfUtils.java:logGet(43)) - raft.server.staging.catchup.gap = 1000 (default)
2019-09-04 05:29:46,699 [7829b0ca-b8cc-4d14-b96a-9fb080896240:group-FC2D37CC5A23:LeaderElection79] INFO  server.RaftServerConfigKeys (ConfUtils.java:logGet(43)) - raft.server.rpc.sleep.time = 25ms (default)
2019-09-04 05:29:46,700 [7829b0ca-b8cc-4d14-b96a-9fb080896240:group-FC2D37CC5A23:LeaderElection79] INFO  server.RaftServerConfigKeys (ConfUtils.java:logGet(43)) - raft.server.write.element-limit = 4096 (default)
2019-09-04 05:29:46,700 [7829b0ca-b8cc-4d14-b96a-9fb080896240:group-FC2D37CC5A23:LeaderElection79] INFO  server.RaftServerConfigKeys (ConfUtils.java:logGet(43)) - raft.server.watch.timeout = 10s (default)
2019-09-04 05:29:46,700 [7829b0ca-b8cc-4d14-b96a-9fb080896240:group-FC2D37CC5A23:LeaderElection79] INFO  server.RaftServerConfigKeys (ConfUtils.java:logGet(43)) - raft.server.watch.timeout.denomination = 1s (default)
2019-09-04 05:29:46,700 [7829b0ca-b8cc-4d14-b96a-9fb080896240:group-FC2D37CC5A23:LeaderElection79] INFO  server.RaftServerConfigKeys (ConfUtils.java:logGet(43)) - raft.server.watch.element-limit = 65536 (default)
2019-09-04 05:29:46,701 [7829b0ca-b8cc-4d14-b96a-9fb080896240:group-FC2D37CC5A23:LeaderElection79] INFO  server.RaftServerConfigKeys (ConfUtils.java:logGet(43)) - raft.server.log.appender.snapshot.chunk.size.max = 16MB (=16777216) (default)
2019-09-04 05:29:46,701 [7829b0ca-b8cc-4d14-b96a-9fb080896240:group-FC2D37CC5A23:LeaderElection79] INFO  server.RaftServerConfigKeys (ConfUtils.java:logGet(43)) - raft.server.log.appender.buffer.byte-limit = 33554432 (custom)
2019-09-04 05:29:46,701 [7829b0ca-b8cc-4d14-b96a-9fb080896240:group-FC2D37CC5A23:LeaderElection79] INFO  server.RaftServerConfigKeys (ConfUtils.java:logGet(43)) - raft.server.log.appender.buffer.element-limit = 1 (custom)
2019-09-04 05:29:46,701 [7829b0ca-b8cc-4d14-b96a-9fb080896240:group-FC2D37CC5A23:LeaderElection79] INFO  grpc.GrpcConfigKeys$Server (ConfUtils.java:logGet(43)) - raft.grpc.server.leader.outstanding.appends.max = 128 (default)
2019-09-04 05:29:46,702 [7829b0ca-b8cc-4d14-b96a-9fb080896240:group-FC2D37CC5A23:LeaderElection79] INFO  server.RaftServerConfigKeys (ConfUtils.java:logGet(43)) - raft.server.rpc.request.timeout = 3000ms (default)
2019-09-04 05:29:46,702 [7829b0ca-b8cc-4d14-b96a-9fb080896240:group-FC2D37CC5A23:LeaderElection79] INFO  server.RaftServerConfigKeys (ConfUtils.java:logGet(43)) - raft.server.log.appender.install.snapshot.enabled = false (custom)
2019-09-04 05:29:46,702 [7829b0ca-b8cc-4d14-b96a-9fb080896240:group-FC2D37CC5A23:LeaderElection79] INFO  server.RaftServerConfigKeys (ConfUtils.java:logGet(43)) - raft.server.log.appender.snapshot.chunk.size.max = 16MB (=16777216) (default)
2019-09-04 05:29:46,702 [7829b0ca-b8cc-4d14-b96a-9fb080896240:group-FC2D37CC5A23:LeaderElection79] INFO  server.RaftServerConfigKeys (ConfUtils.java:logGet(43)) - raft.server.log.appender.buffer.byte-limit = 33554432 (custom)
2019-09-04 05:29:46,702 [7829b0ca-b8cc-4d14-b96a-9fb080896240:group-FC2D37CC5A23:LeaderElection79] INFO  server.RaftServerConfigKeys (ConfUtils.java:logGet(43)) - raft.server.log.appender.buffer.element-limit = 1 (custom)
2019-09-04 05:29:46,702 [7829b0ca-b8cc-4d14-b96a-9fb080896240:group-FC2D37CC5A23:LeaderElection79] INFO  grpc.GrpcConfigKeys$Server (ConfUtils.java:logGet(43)) - raft.grpc.server.leader.outstanding.appends.max = 128 (default)
2019-09-04 05:29:46,703 [7829b0ca-b8cc-4d14-b96a-9fb080896240:group-FC2D37CC5A23:LeaderElection79] INFO  server.RaftServerConfigKeys (ConfUtils.java:logGet(43)) - raft.server.rpc.request.timeout = 3000ms (default)
2019-09-04 05:29:46,703 [7829b0ca-b8cc-4d14-b96a-9fb080896240:group-FC2D37CC5A23:LeaderElection79] INFO  server.RaftServerConfigKeys (ConfUtils.java:logGet(43)) - raft.server.log.appender.install.snapshot.enabled = false (custom)
2019-09-04 05:29:46,703 [7829b0ca-b8cc-4d14-b96a-9fb080896240:group-FC2D37CC5A23:LeaderElection79] INFO  impl.RoleInfo (RoleInfo.java:updateAndGet(143)) - 7829b0ca-b8cc-4d14-b96a-9fb080896240: start LeaderState
2019-09-04 05:29:46,703 [7829b0ca-b8cc-4d14-b96a-9fb080896240:group-FC2D37CC5A23:LeaderElection79] INFO  segmented.SegmentedRaftLogWorker (SegmentedRaftLogWorker.java:startLogSegment(380)) - 7829b0ca-b8cc-4d14-b96a-9fb080896240-SegmentedRaftLogWorker:Storage Directory /workdir/hadoop-ozone/integration-test/target/test-dir/MiniOzoneClusterImpl-58a0207e-7756-41d3-9e8c-a97c8f82cfe0/datanode-2/data/ratis/65cd53f9-4857-42f2-911f-fc2d37cc5a23: Starting segment from index:0
2019-09-04 05:29:46,704 [7829b0ca-b8cc-4d14-b96a-9fb080896240:group-FC2D37CC5A23:LeaderElection79] INFO  impl.RaftServerImpl (ServerState.java:setRaftConf(361)) - 7829b0ca-b8cc-4d14-b96a-9fb080896240:group-FC2D37CC5A23 set configuration 0: [7829b0ca-b8cc-4d14-b96a-9fb080896240:192.168.69.71:41512, 4ba7a24c-5cfe-40cd-b0c9-5f87f6b790e9:192.168.69.71:35457, 695330d6-66f9-4943-9293-d16e4d5ea686:192.168.69.71:37616], old=null at 0
2019-09-04 05:29:46,748 [grpc-default-executor-8] INFO  impl.RaftServerImpl (ServerState.java:setLeader(263)) - 695330d6-66f9-4943-9293-d16e4d5ea686:group-FC2D37CC5A23 change Leader from null to 7829b0ca-b8cc-4d14-b96a-9fb080896240 at term 1 for appendEntries, leader elected after 5257ms
2019-09-04 05:29:46,749 [grpc-default-executor-7] INFO  impl.RaftServerImpl (ServerState.java:setLeader(263)) - 4ba7a24c-5cfe-40cd-b0c9-5f87f6b790e9:group-FC2D37CC5A23 change Leader from null to 7829b0ca-b8cc-4d14-b96a-9fb080896240 at term 1 for appendEntries, leader elected after 5257ms
2019-09-04 05:29:46,751 [grpc-default-executor-8] INFO  impl.RaftServerImpl (ServerState.java:setRaftConf(361)) - 695330d6-66f9-4943-9293-d16e4d5ea686:group-FC2D37CC5A23 set configuration 0: [7829b0ca-b8cc-4d14-b96a-9fb080896240:192.168.69.71:41512, 4ba7a24c-5cfe-40cd-b0c9-5f87f6b790e9:192.168.69.71:35457, 695330d6-66f9-4943-9293-d16e4d5ea686:192.168.69.71:37616], old=null at 0
2019-09-04 05:29:46,751 [grpc-default-executor-7] INFO  impl.RaftServerImpl (ServerState.java:setRaftConf(361)) - 4ba7a24c-5cfe-40cd-b0c9-5f87f6b790e9:group-FC2D37CC5A23 set configuration 0: [7829b0ca-b8cc-4d14-b96a-9fb080896240:192.168.69.71:41512, 4ba7a24c-5cfe-40cd-b0c9-5f87f6b790e9:192.168.69.71:35457, 695330d6-66f9-4943-9293-d16e4d5ea686:192.168.69.71:37616], old=null at 0
2019-09-04 05:29:46,752 [grpc-default-executor-8] INFO  segmented.SegmentedRaftLogWorker (SegmentedRaftLogWorker.java:startLogSegment(380)) - 695330d6-66f9-4943-9293-d16e4d5ea686-SegmentedRaftLogWorker:Storage Directory /workdir/hadoop-ozone/integration-test/target/test-dir/MiniOzoneClusterImpl-58a0207e-7756-41d3-9e8c-a97c8f82cfe0/datanode-3/data/ratis/65cd53f9-4857-42f2-911f-fc2d37cc5a23: Starting segment from index:0
2019-09-04 05:29:46,752 [grpc-default-executor-7] INFO  segmented.SegmentedRaftLogWorker (SegmentedRaftLogWorker.java:startLogSegment(380)) - 4ba7a24c-5cfe-40cd-b0c9-5f87f6b790e9-SegmentedRaftLogWorker:Storage Directory /workdir/hadoop-ozone/integration-test/target/test-dir/MiniOzoneClusterImpl-58a0207e-7756-41d3-9e8c-a97c8f82cfe0/datanode-6/data/ratis/65cd53f9-4857-42f2-911f-fc2d37cc5a23: Starting segment from index:0
2019-09-04 05:29:46,773 [7829b0ca-b8cc-4d14-b96a-9fb080896240-SegmentedRaftLogWorker:Storage Directory /workdir/hadoop-ozone/integration-test/target/test-dir/MiniOzoneClusterImpl-58a0207e-7756-41d3-9e8c-a97c8f82cfe0/datanode-2/data/ratis/65cd53f9-4857-42f2-911f-fc2d37cc5a23] INFO  segmented.SegmentedRaftLogWorker (SegmentedRaftLogWorker.java:execute(569)) - 7829b0ca-b8cc-4d14-b96a-9fb080896240-SegmentedRaftLogWorker:Storage Directory /workdir/hadoop-ozone/integration-test/target/test-dir/MiniOzoneClusterImpl-58a0207e-7756-41d3-9e8c-a97c8f82cfe0/datanode-2/data/ratis/65cd53f9-4857-42f2-911f-fc2d37cc5a23: created new log segment /workdir/hadoop-ozone/integration-test/target/test-dir/MiniOzoneClusterImpl-58a0207e-7756-41d3-9e8c-a97c8f82cfe0/datanode-2/data/ratis/65cd53f9-4857-42f2-911f-fc2d37cc5a23/current/log_inprogress_0
2019-09-04 05:29:46,823 [695330d6-66f9-4943-9293-d16e4d5ea686-SegmentedRaftLogWorker:Storage Directory /workdir/hadoop-ozone/integration-test/target/test-dir/MiniOzoneClusterImpl-58a0207e-7756-41d3-9e8c-a97c8f82cfe0/datanode-3/data/ratis/65cd53f9-4857-42f2-911f-fc2d37cc5a23] INFO  segmented.SegmentedRaftLogWorker (SegmentedRaftLogWorker.java:execute(569)) - 695330d6-66f9-4943-9293-d16e4d5ea686-SegmentedRaftLogWorker:Storage Directory /workdir/hadoop-ozone/integration-test/target/test-dir/MiniOzoneClusterImpl-58a0207e-7756-41d3-9e8c-a97c8f82cfe0/datanode-3/data/ratis/65cd53f9-4857-42f2-911f-fc2d37cc5a23: created new log segment /workdir/hadoop-ozone/integration-test/target/test-dir/MiniOzoneClusterImpl-58a0207e-7756-41d3-9e8c-a97c8f82cfe0/datanode-3/data/ratis/65cd53f9-4857-42f2-911f-fc2d37cc5a23/current/log_inprogress_0
2019-09-04 05:29:46,823 [4ba7a24c-5cfe-40cd-b0c9-5f87f6b790e9-SegmentedRaftLogWorker:Storage Directory /workdir/hadoop-ozone/integration-test/target/test-dir/MiniOzoneClusterImpl-58a0207e-7756-41d3-9e8c-a97c8f82cfe0/datanode-6/data/ratis/65cd53f9-4857-42f2-911f-fc2d37cc5a23] INFO  segmented.SegmentedRaftLogWorker (SegmentedRaftLogWorker.java:execute(569)) - 4ba7a24c-5cfe-40cd-b0c9-5f87f6b790e9-SegmentedRaftLogWorker:Storage Directory /workdir/hadoop-ozone/integration-test/target/test-dir/MiniOzoneClusterImpl-58a0207e-7756-41d3-9e8c-a97c8f82cfe0/datanode-6/data/ratis/65cd53f9-4857-42f2-911f-fc2d37cc5a23: created new log segment /workdir/hadoop-ozone/integration-test/target/test-dir/MiniOzoneClusterImpl-58a0207e-7756-41d3-9e8c-a97c8f82cfe0/datanode-6/data/ratis/65cd53f9-4857-42f2-911f-fc2d37cc5a23/current/log_inprogress_0
2019-09-04 05:29:47,405 [grpc-default-executor-7] INFO  client.GrpcClientProtocolClient (GrpcClientProtocolClient.java:onNext(255)) - client-242CE8D61105->4ba7a24c-5cfe-40cd-b0c9-5f87f6b790e9: receive RaftClientReply:client-242CE8D61105->4ba7a24c-5cfe-40cd-b0c9-5f87f6b790e9@group-FC2D37CC5A23, cid=183, FAILED org.apache.ratis.protocol.NotLeaderException: Server 4ba7a24c-5cfe-40cd-b0c9-5f87f6b790e9 is not the leader (7829b0ca-b8cc-4d14-b96a-9fb080896240:192.168.69.71:41512). Request must be sent to leader., logIndex=0, commits[4ba7a24c-5cfe-40cd-b0c9-5f87f6b790e9:c-1, 7829b0ca-b8cc-4d14-b96a-9fb080896240:c-1, 695330d6-66f9-4943-9293-d16e4d5ea686:c-1]
2019-09-04 05:29:47,588 [grpc-default-executor-7] INFO  client.GrpcClientProtocolClient (GrpcClientProtocolClient.java:onNext(255)) - client-242CE8D61105->7829b0ca-b8cc-4d14-b96a-9fb080896240: receive RaftClientReply:client-242CE8D61105->7829b0ca-b8cc-4d14-b96a-9fb080896240@group-FC2D37CC5A23, cid=183, SUCCESS, logIndex=1, commits[7829b0ca-b8cc-4d14-b96a-9fb080896240:c1, 4ba7a24c-5cfe-40cd-b0c9-5f87f6b790e9:c0, 695330d6-66f9-4943-9293-d16e4d5ea686:c0]
2019-09-04 05:29:47,613 [grpc-default-executor-9] INFO  client.GrpcClientProtocolClient (GrpcClientProtocolClient.java:onNext(255)) - client-242CE8D61105->7829b0ca-b8cc-4d14-b96a-9fb080896240: receive RaftClientReply:client-242CE8D61105->7829b0ca-b8cc-4d14-b96a-9fb080896240@group-FC2D37CC5A23, cid=184, SUCCESS, logIndex=3, commits[7829b0ca-b8cc-4d14-b96a-9fb080896240:c4, 4ba7a24c-5cfe-40cd-b0c9-5f87f6b790e9:c1, 695330d6-66f9-4943-9293-d16e4d5ea686:c1]
2019-09-04 05:29:47,678 [grpc-default-executor-8] INFO  client.GrpcClientProtocolClient (GrpcClientProtocolClient.java:onNext(255)) - client-242CE8D61105->7829b0ca-b8cc-4d14-b96a-9fb080896240: receive RaftClientReply:client-242CE8D61105->7829b0ca-b8cc-4d14-b96a-9fb080896240@group-FC2D37CC5A23, cid=185, SUCCESS, logIndex=4, commits[7829b0ca-b8cc-4d14-b96a-9fb080896240:c12, 4ba7a24c-5cfe-40cd-b0c9-5f87f6b790e9:c7, 695330d6-66f9-4943-9293-d16e4d5ea686:c7]
2019-09-04 05:29:47,679 [grpc-default-executor-8] INFO  client.GrpcClientProtocolClient (GrpcClientProtocolClient.java:onNext(255)) - client-242CE8D61105->7829b0ca-b8cc-4d14-b96a-9fb080896240: receive RaftClientReply:client-242CE8D61105->7829b0ca-b8cc-4d14-b96a-9fb080896240@group-FC2D37CC5A23, cid=186, SUCCESS, logIndex=5, commits[7829b0ca-b8cc-4d14-b96a-9fb080896240:c12, 4ba7a24c-5cfe-40cd-b0c9-5f87f6b790e9:c7, 695330d6-66f9-4943-9293-d16e4d5ea686:c7]
2019-09-04 05:29:47,679 [grpc-default-executor-8] INFO  client.GrpcClientProtocolClient (GrpcClientProtocolClient.java:onNext(255)) - client-242CE8D61105->7829b0ca-b8cc-4d14-b96a-9fb080896240: receive RaftClientReply:client-242CE8D61105->7829b0ca-b8cc-4d14-b96a-9fb080896240@group-FC2D37CC5A23, cid=187, SUCCESS, logIndex=6, commits[7829b0ca-b8cc-4d14-b96a-9fb080896240:c12, 4ba7a24c-5cfe-40cd-b0c9-5f87f6b790e9:c7, 695330d6-66f9-4943-9293-d16e4d5ea686:c7]
2019-09-04 05:29:47,850 [grpc-default-executor-8] INFO  client.GrpcClientProtocolClient (GrpcClientProtocolClient.java:onNext(255)) - client-242CE8D61105->7829b0ca-b8cc-4d14-b96a-9fb080896240: receive RaftClientReply:client-242CE8D61105->7829b0ca-b8cc-4d14-b96a-9fb080896240@group-FC2D37CC5A23, cid=188, SUCCESS, logIndex=7, commits[7829b0ca-b8cc-4d14-b96a-9fb080896240:c12, 4ba7a24c-5cfe-40cd-b0c9-5f87f6b790e9:c7, 695330d6-66f9-4943-9293-d16e4d5ea686:c7]
2019-09-04 05:29:47,868 [grpc-default-executor-8] INFO  client.GrpcClientProtocolClient (GrpcClientProtocolClient.java:onNext(255)) - client-242CE8D61105->7829b0ca-b8cc-4d14-b96a-9fb080896240: receive RaftClientReply:client-242CE8D61105->7829b0ca-b8cc-4d14-b96a-9fb080896240@group-FC2D37CC5A23, cid=189, SUCCESS, logIndex=13, commits[7829b0ca-b8cc-4d14-b96a-9fb080896240:c14, 4ba7a24c-5cfe-40cd-b0c9-5f87f6b790e9:c12, 695330d6-66f9-4943-9293-d16e4d5ea686:c12]
2019-09-04 05:29:47,869 [grpc-default-executor-8] INFO  client.GrpcClientProtocolClient (GrpcClientProtocolClient.java:onNext(255)) - client-242CE8D61105->7829b0ca-b8cc-4d14-b96a-9fb080896240: receive RaftClientReply:client-242CE8D61105->7829b0ca-b8cc-4d14-b96a-9fb080896240@group-FC2D37CC5A23, cid=190, SUCCESS, logIndex=14, commits[7829b0ca-b8cc-4d14-b96a-9fb080896240:c14, 4ba7a24c-5cfe-40cd-b0c9-5f87f6b790e9:c12, 695330d6-66f9-4943-9293-d16e4d5ea686:c12]
2019-09-04 05:29:47,892 [grpc-default-executor-8] INFO  client.GrpcClientProtocolClient (GrpcClientProtocolClient.java:onNext(255)) - client-242CE8D61105->7829b0ca-b8cc-4d14-b96a-9fb080896240: receive RaftClientReply:client-242CE8D61105->7829b0ca-b8cc-4d14-b96a-9fb080896240@group-FC2D37CC5A23, cid=191, SUCCESS, logIndex=0, commits[7829b0ca-b8cc-4d14-b96a-9fb080896240:c16, 4ba7a24c-5cfe-40cd-b0c9-5f87f6b790e9:c14, 695330d6-66f9-4943-9293-d16e4d5ea686:c14]
2019-09-04 05:29:48,558 [Datanode State Machine Thread - 0] INFO  statemachine.DatanodeStateMachine (DatanodeStateMachine.java:lambda$startDaemon$0(350)) - Ozone container server started.
2019-09-04 05:29:52,657 [EventQueue-StaleNodeForStaleNodeHandler] INFO  node.StaleNodeHandler (StaleNodeHandler.java:onMessage(58)) - Datanode 7829b0ca-b8cc-4d14-b96a-9fb080896240{ip: 192.168.69.71, host: trunk-nightly-20190904-cdstp-2721877886, networkLocation: /default-rack, certSerialId: null} moved to stale state. Finalizing its pipelines [PipelineID=a023c2d2-9d99-409c-b098-351861566542, PipelineID=65cd53f9-4857-42f2-911f-fc2d37cc5a23]
2019-09-04 05:29:52,658 [EventQueue-StaleNodeForStaleNodeHandler] INFO  pipeline.SCMPipelineManager (SCMPipelineManager.java:finalizeAndDestroyPipeline(311)) - destroying pipeline:Pipeline[ Id: a023c2d2-9d99-409c-b098-351861566542, Nodes: 7829b0ca-b8cc-4d14-b96a-9fb080896240{ip: 192.168.69.71, host: trunk-nightly-20190904-cdstp-2721877886, networkLocation: /default-rack, certSerialId: null}, Type:RATIS, Factor:ONE, State:OPEN]
2019-09-04 05:29:52,658 [EventQueue-StaleNodeForStaleNodeHandler] INFO  pipeline.PipelineStateManager (PipelineStateManager.java:finalizePipeline(123)) - Pipeline Pipeline[ Id: a023c2d2-9d99-409c-b098-351861566542, Nodes: 7829b0ca-b8cc-4d14-b96a-9fb080896240{ip: 192.168.69.71, host: trunk-nightly-20190904-cdstp-2721877886, networkLocation: /default-rack, certSerialId: null}, Type:RATIS, Factor:ONE, State:CLOSED] moved to CLOSED state
2019-09-04 05:29:52,658 [EventQueue-StaleNodeForStaleNodeHandler] INFO  pipeline.SCMPipelineManager (SCMPipelineManager.java:finalizeAndDestroyPipeline(311)) - destroying pipeline:Pipeline[ Id: 65cd53f9-4857-42f2-911f-fc2d37cc5a23, Nodes: 7829b0ca-b8cc-4d14-b96a-9fb080896240{ip: 192.168.69.71, host: trunk-nightly-20190904-cdstp-2721877886, networkLocation: /default-rack, certSerialId: null}4ba7a24c-5cfe-40cd-b0c9-5f87f6b790e9{ip: 192.168.69.71, host: trunk-nightly-20190904-cdstp-2721877886, networkLocation: /default-rack, certSerialId: null}695330d6-66f9-4943-9293-d16e4d5ea686{ip: 192.168.69.71, host: trunk-nightly-20190904-cdstp-2721877886, networkLocation: /default-rack, certSerialId: null}, Type:RATIS, Factor:THREE, State:OPEN]
2019-09-04 05:29:52,659 [EventQueue-StaleNodeForStaleNodeHandler] INFO  pipeline.PipelineStateManager (PipelineStateManager.java:finalizePipeline(123)) - Pipeline Pipeline[ Id: 65cd53f9-4857-42f2-911f-fc2d37cc5a23, Nodes: 7829b0ca-b8cc-4d14-b96a-9fb080896240{ip: 192.168.69.71, host: trunk-nightly-20190904-cdstp-2721877886, networkLocation: /default-rack, certSerialId: null}4ba7a24c-5cfe-40cd-b0c9-5f87f6b790e9{ip: 192.168.69.71, host: trunk-nightly-20190904-cdstp-2721877886, networkLocation: /default-rack, certSerialId: null}695330d6-66f9-4943-9293-d16e4d5ea686{ip: 192.168.69.71, host: trunk-nightly-20190904-cdstp-2721877886, networkLocation: /default-rack, certSerialId: null}, Type:RATIS, Factor:THREE, State:CLOSED] moved to CLOSED state
2019-09-04 05:29:52,659 [EventQueue-CloseContainerForCloseContainerEventHandler] INFO  container.CloseContainerEventHandler (CloseContainerEventHandler.java:onMessage(61)) - Close container Event triggered for container : #1
2019-09-04 05:29:52,894 [main] INFO  ozoneimpl.OzoneContainer (OzoneContainer.java:stop(215)) - Attempting to stop container services.
2019-09-04 05:29:52,894 [main] INFO  impl.RaftServerProxy (RaftServerProxy.java:lambda$close$4(314)) - 7829b0ca-b8cc-4d14-b96a-9fb080896240: close
2019-09-04 05:29:52,895 [main] INFO  impl.RaftServerImpl (RaftServerImpl.java:lambda$shutdown$3(245)) - 7829b0ca-b8cc-4d14-b96a-9fb080896240: shutdown group-351861566542
2019-09-04 05:29:52,895 [ForkJoinPool.commonPool-worker-0] INFO  impl.RaftServerImpl (RaftServerImpl.java:lambda$shutdown$3(245)) - 7829b0ca-b8cc-4d14-b96a-9fb080896240: shutdown group-FC2D37CC5A23
2019-09-04 05:29:52,896 [main] INFO  util.JmxRegister (JmxRegister.java:unregister(73)) - Successfully un-registered JMX Bean with object name Ratis:service=RaftServer,group=group-351861566542,id=7829b0ca-b8cc-4d14-b96a-9fb080896240
2019-09-04 05:29:52,896 [ForkJoinPool.commonPool-worker-0] INFO  util.JmxRegister (JmxRegister.java:unregister(73)) - Successfully un-registered JMX Bean with object name Ratis:service=RaftServer,group=group-FC2D37CC5A23,id=7829b0ca-b8cc-4d14-b96a-9fb080896240
2019-09-04 05:29:52,896 [main] INFO  impl.RoleInfo (RoleInfo.java:shutdownLeaderState(104)) - 7829b0ca-b8cc-4d14-b96a-9fb080896240: shutdown LeaderState
2019-09-04 05:29:52,896 [ForkJoinPool.commonPool-worker-0] INFO  impl.RoleInfo (RoleInfo.java:shutdownLeaderState(104)) - 7829b0ca-b8cc-4d14-b96a-9fb080896240: shutdown LeaderState
2019-09-04 05:29:52,897 [main] INFO  impl.PendingRequests (PendingRequests.java:sendNotLeaderResponses(202)) - 7829b0ca-b8cc-4d14-b96a-9fb080896240-PendingRequests: sendNotLeaderResponses
2019-09-04 05:29:52,903 [org.apache.ratis.server.impl.LogAppender$AppenderDaemon$$Lambda$476/411330267@2b1a69db] WARN  server.GrpcLogAppender (GrpcLogAppender.java:mayWait(143)) - GrpcLogAppender(7829b0ca-b8cc-4d14-b96a-9fb080896240->695330d6-66f9-4943-9293-d16e4d5ea686): Wait interrupted by java.lang.InterruptedException
2019-09-04 05:29:52,903 [main] INFO  impl.StateMachineUpdater (StateMachineUpdater.java:stopAndJoin(115)) - StateMachineUpdater:7829b0ca-b8cc-4d14-b96a-9fb080896240:group-351861566542: set stopIndex = 0
2019-09-04 05:29:52,903 [org.apache.ratis.server.impl.LogAppender$AppenderDaemon$$Lambda$476/411330267@6e18ea7c] WARN  server.GrpcLogAppender (GrpcLogAppender.java:mayWait(143)) - GrpcLogAppender(7829b0ca-b8cc-4d14-b96a-9fb080896240->4ba7a24c-5cfe-40cd-b0c9-5f87f6b790e9): Wait interrupted by java.lang.InterruptedException
2019-09-04 05:29:52,903 [ForkJoinPool.commonPool-worker-0] INFO  impl.PendingRequests (PendingRequests.java:sendNotLeaderResponses(202)) - 7829b0ca-b8cc-4d14-b96a-9fb080896240-PendingRequests: sendNotLeaderResponses
2019-09-04 05:29:52,904 [grpc-default-executor-6] INFO  server.GrpcServerProtocolService (GrpcServerProtocolService.java:onCompleted(104)) - 695330d6-66f9-4943-9293-d16e4d5ea686: appendEntries completed
2019-09-04 05:29:52,904 [main] INFO  impl.RaftServerImpl (ServerState.java:close(394)) - 7829b0ca-b8cc-4d14-b96a-9fb080896240:group-351861566542 closes. The last applied log index is 0
2019-09-04 05:29:52,909 [StateMachineUpdater:7829b0ca-b8cc-4d14-b96a-9fb080896240:group-FC2D37CC5A23] INFO  ratis.ContainerStateMachine (ContainerStateMachine.java:takeSnapshot(284)) - group-FC2D37CC5A23: Taking a snapshot at:(t:1, i:14) file /workdir/hadoop-ozone/integration-test/target/test-dir/MiniOzoneClusterImpl-58a0207e-7756-41d3-9e8c-a97c8f82cfe0/datanode-2/data/ratis/65cd53f9-4857-42f2-911f-fc2d37cc5a23/sm/snapshot.1_14
2019-09-04 05:29:52,909 [ForkJoinPool.commonPool-worker-0] INFO  impl.StateMachineUpdater (StateMachineUpdater.java:stopAndJoin(115)) - StateMachineUpdater:7829b0ca-b8cc-4d14-b96a-9fb080896240:group-FC2D37CC5A23: set stopIndex = 16
2019-09-04 05:29:52,904 [grpc-default-executor-8] INFO  server.GrpcServerProtocolService (GrpcServerProtocolService.java:onCompleted(104)) - 4ba7a24c-5cfe-40cd-b0c9-5f87f6b790e9: appendEntries completed
2019-09-04 05:29:52,909 [7829b0ca-b8cc-4d14-b96a-9fb080896240-SegmentedRaftLogWorker:Storage Directory /workdir/hadoop-ozone/integration-test/target/test-dir/MiniOzoneClusterImpl-58a0207e-7756-41d3-9e8c-a97c8f82cfe0/datanode-2/data/ratis/a023c2d2-9d99-409c-b098-351861566542] INFO  segmented.SegmentedRaftLogWorker (SegmentedRaftLogWorker.java:run(313)) - 7829b0ca-b8cc-4d14-b96a-9fb080896240-SegmentedRaftLogWorker:Storage Directory /workdir/hadoop-ozone/integration-test/target/test-dir/MiniOzoneClusterImpl-58a0207e-7756-41d3-9e8c-a97c8f82cfe0/datanode-2/data/ratis/a023c2d2-9d99-409c-b098-351861566542 was interrupted, exiting. There are 0 tasks remaining in the queue.
2019-09-04 05:29:52,909 [grpc-default-executor-6] INFO  server.GrpcLogAppender (GrpcLogAppender.java:onCompleted(292)) - 7829b0ca-b8cc-4d14-b96a-9fb080896240->695330d6-66f9-4943-9293-d16e4d5ea686: follower responses appendEntries COMPLETED
2019-09-04 05:29:52,915 [grpc-default-executor-6] INFO  impl.FollowerInfo (FollowerInfo.java:lambda$new$0(50)) - 7829b0ca-b8cc-4d14-b96a-9fb080896240->695330d6-66f9-4943-9293-d16e4d5ea686: nextIndex: updateUnconditionally 17 -> 16
2019-09-04 05:29:52,915 [grpc-default-executor-9] INFO  server.GrpcLogAppender (GrpcLogAppender.java:onCompleted(292)) - 7829b0ca-b8cc-4d14-b96a-9fb080896240->4ba7a24c-5cfe-40cd-b0c9-5f87f6b790e9: follower responses appendEntries COMPLETED
2019-09-04 05:29:52,916 [grpc-default-executor-9] INFO  impl.FollowerInfo (FollowerInfo.java:lambda$new$0(50)) - 7829b0ca-b8cc-4d14-b96a-9fb080896240->4ba7a24c-5cfe-40cd-b0c9-5f87f6b790e9: nextIndex: updateUnconditionally 17 -> 16
2019-09-04 05:29:52,921 [main] INFO  segmented.SegmentedRaftLogWorker (SegmentedRaftLogWorker.java:close(228)) - 7829b0ca-b8cc-4d14-b96a-9fb080896240-SegmentedRaftLogWorker:Storage Directory /workdir/hadoop-ozone/integration-test/target/test-dir/MiniOzoneClusterImpl-58a0207e-7756-41d3-9e8c-a97c8f82cfe0/datanode-2/data/ratis/a023c2d2-9d99-409c-b098-351861566542 close()
2019-09-04 05:29:52,940 [StateMachineUpdater:7829b0ca-b8cc-4d14-b96a-9fb080896240:group-FC2D37CC5A23] INFO  ratis.ContainerStateMachine (ContainerStateMachine.java:takeSnapshot(295)) - group-FC2D37CC5A23: Finished taking a snapshot at:(t:1, i:14) file:/workdir/hadoop-ozone/integration-test/target/test-dir/MiniOzoneClusterImpl-58a0207e-7756-41d3-9e8c-a97c8f82cfe0/datanode-2/data/ratis/65cd53f9-4857-42f2-911f-fc2d37cc5a23/sm/snapshot.1_14 time:32
2019-09-04 05:29:52,940 [StateMachineUpdater:7829b0ca-b8cc-4d14-b96a-9fb080896240:group-FC2D37CC5A23] INFO  impl.StateMachineUpdater (StateMachineUpdater.java:takeSnapshot(242)) - StateMachineUpdater:7829b0ca-b8cc-4d14-b96a-9fb080896240:group-FC2D37CC5A23: Took a snapshot at index 14
2019-09-04 05:29:52,940 [StateMachineUpdater:7829b0ca-b8cc-4d14-b96a-9fb080896240:group-FC2D37CC5A23] INFO  impl.StateMachineUpdater (StateMachineUpdater.java:lambda$new$0(80)) - StateMachineUpdater:7829b0ca-b8cc-4d14-b96a-9fb080896240:group-FC2D37CC5A23: snapshotIndex: updateIncreasingly -1 -> 14
2019-09-04 05:29:52,941 [ForkJoinPool.commonPool-worker-0] INFO  impl.RaftServerImpl (ServerState.java:close(394)) - 7829b0ca-b8cc-4d14-b96a-9fb080896240:group-FC2D37CC5A23 closes. The last applied log index is 16
2019-09-04 05:29:52,941 [7829b0ca-b8cc-4d14-b96a-9fb080896240-SegmentedRaftLogWorker:Storage Directory /workdir/hadoop-ozone/integration-test/target/test-dir/MiniOzoneClusterImpl-58a0207e-7756-41d3-9e8c-a97c8f82cfe0/datanode-2/data/ratis/65cd53f9-4857-42f2-911f-fc2d37cc5a23] INFO  segmented.SegmentedRaftLogWorker (SegmentedRaftLogWorker.java:run(313)) - 7829b0ca-b8cc-4d14-b96a-9fb080896240-SegmentedRaftLogWorker:Storage Directory /workdir/hadoop-ozone/integration-test/target/test-dir/MiniOzoneClusterImpl-58a0207e-7756-41d3-9e8c-a97c8f82cfe0/datanode-2/data/ratis/65cd53f9-4857-42f2-911f-fc2d37cc5a23 was interrupted, exiting. There are 0 tasks remaining in the queue.
2019-09-04 05:29:52,943 [ForkJoinPool.commonPool-worker-0] INFO  segmented.SegmentedRaftLogWorker (SegmentedRaftLogWorker.java:close(228)) - 7829b0ca-b8cc-4d14-b96a-9fb080896240-SegmentedRaftLogWorker:Storage Directory /workdir/hadoop-ozone/integration-test/target/test-dir/MiniOzoneClusterImpl-58a0207e-7756-41d3-9e8c-a97c8f82cfe0/datanode-2/data/ratis/65cd53f9-4857-42f2-911f-fc2d37cc5a23 close()
2019-09-04 05:29:52,947 [main] INFO  server.GrpcService (GrpcService.java:closeImpl(155)) - 7829b0ca-b8cc-4d14-b96a-9fb080896240: shutdown server with port 41512 now
2019-09-04 05:29:52,948 [grpc-default-executor-6] WARN  client.GrpcClientProtocolService (LogUtils.java:warn(134)) - 4-UnorderedRequestStreamObserver4: onError: org.apache.ratis.thirdparty.io.grpc.StatusRuntimeException: CANCELLED: cancelled before receiving half close
2019-09-04 05:29:52,948 [main] INFO  server.GrpcService (GrpcService.java:closeImpl(163)) - 7829b0ca-b8cc-4d14-b96a-9fb080896240: shutdown server with port 41512 successfully
2019-09-04 05:29:52,950 [refreshUsed-/workdir/hadoop-ozone/integration-test/target/test-dir/MiniOzoneClusterImpl-58a0207e-7756-41d3-9e8c-a97c8f82cfe0/datanode-2/data/containers] WARN  fs.CachingGetSpaceUsed (CachingGetSpaceUsed.java:run(183)) - Thread Interrupted waiting to refresh disk information: sleep interrupted
2019-09-04 05:29:52,971 [main] INFO  utils.BackgroundService (BackgroundService.java:shutdown(148)) - Shutting down service BlockDeletingService
2019-09-04 05:29:52,977 [main] INFO  statemachine.DatanodeStateMachine (DatanodeStateMachine.java:stopDaemon(395)) - Ozone container server stopped.
2019-09-04 05:29:52,978 [main] INFO  handler.ContextHandler (ContextHandler.java:doStop(910)) - Stopped o.e.j.w.WebAppContext@31ab1e67{/,null,UNAVAILABLE}{/hddsDatanode}
2019-09-04 05:29:52,979 [main] INFO  server.AbstractConnector (AbstractConnector.java:doStop(318)) - Stopped ServerConnector@29bbc391{HTTP/1.1,[http/1.1]}{0.0.0.0:0}
2019-09-04 05:29:52,979 [main] INFO  handler.ContextHandler (ContextHandler.java:doStop(910)) - Stopped o.e.j.s.ServletContextHandler@5fb3111a{/static,jar:file:/home/user/.m2/repository/org/apache/hadoop/hadoop-hdds-container-service/0.5.0-SNAPSHOT/hadoop-hdds-container-service-0.5.0-SNAPSHOT.jar!/webapps/static,UNAVAILABLE}
2019-09-04 05:29:52,980 [main] INFO  handler.ContextHandler (ContextHandler.java:doStop(910)) - Stopped o.e.j.s.ServletContextHandler@6f50d55c{/logs,file:///workdir/hadoop-ozone/integration-test/target/log,UNAVAILABLE}
2019-09-04 05:29:54,994 [grpc-default-executor-6] INFO  client.GrpcClientProtocolClient (GrpcClientProtocolClient.java:onNext(255)) - client-242CE8D61105->695330d6-66f9-4943-9293-d16e4d5ea686: receive RaftClientReply:client-242CE8D61105->695330d6-66f9-4943-9293-d16e4d5ea686@group-FC2D37CC5A23, cid=192, FAILED org.apache.ratis.protocol.NotLeaderException: Server 695330d6-66f9-4943-9293-d16e4d5ea686 is not the leader (7829b0ca-b8cc-4d14-b96a-9fb080896240:192.168.69.71:41512). Request must be sent to leader., logIndex=0, commits[695330d6-66f9-4943-9293-d16e4d5ea686:c16, 7829b0ca-b8cc-4d14-b96a-9fb080896240:c16, 4ba7a24c-5cfe-40cd-b0c9-5f87f6b790e9:c16]
2019-09-04 05:29:56,007 [grpc-default-executor-8] INFO  client.GrpcClientProtocolClient (GrpcClientProtocolClient.java:onNext(255)) - client-242CE8D61105->695330d6-66f9-4943-9293-d16e4d5ea686: receive RaftClientReply:client-242CE8D61105->695330d6-66f9-4943-9293-d16e4d5ea686@group-FC2D37CC5A23, cid=192, FAILED org.apache.ratis.protocol.NotLeaderException: Server 695330d6-66f9-4943-9293-d16e4d5ea686 is not the leader (7829b0ca-b8cc-4d14-b96a-9fb080896240:192.168.69.71:41512). Request must be sent to leader., logIndex=0, commits[695330d6-66f9-4943-9293-d16e4d5ea686:c16, 7829b0ca-b8cc-4d14-b96a-9fb080896240:c16, 4ba7a24c-5cfe-40cd-b0c9-5f87f6b790e9:c16]
2019-09-04 05:29:57,025 [grpc-default-executor-9] INFO  client.GrpcClientProtocolClient (GrpcClientProtocolClient.java:onNext(255)) - client-242CE8D61105->4ba7a24c-5cfe-40cd-b0c9-5f87f6b790e9: receive RaftClientReply:client-242CE8D61105->4ba7a24c-5cfe-40cd-b0c9-5f87f6b790e9@group-FC2D37CC5A23, cid=192, FAILED org.apache.ratis.protocol.NotLeaderException: Server 4ba7a24c-5cfe-40cd-b0c9-5f87f6b790e9 is not the leader (7829b0ca-b8cc-4d14-b96a-9fb080896240:192.168.69.71:41512). Request must be sent to leader., logIndex=0, commits[4ba7a24c-5cfe-40cd-b0c9-5f87f6b790e9:c16, 7829b0ca-b8cc-4d14-b96a-9fb080896240:c16, 695330d6-66f9-4943-9293-d16e4d5ea686:c16]
2019-09-04 05:29:58,042 [grpc-default-executor-6] INFO  client.GrpcClientProtocolClient (GrpcClientProtocolClient.java:onNext(255)) - client-242CE8D61105->695330d6-66f9-4943-9293-d16e4d5ea686: receive RaftClientReply:client-242CE8D61105->695330d6-66f9-4943-9293-d16e4d5ea686@group-FC2D37CC5A23, cid=192, FAILED org.apache.ratis.protocol.NotLeaderException: Server 695330d6-66f9-4943-9293-d16e4d5ea686 is not the leader (7829b0ca-b8cc-4d14-b96a-9fb080896240:192.168.69.71:41512). Request must be sent to leader., logIndex=0, commits[695330d6-66f9-4943-9293-d16e4d5ea686:c16, 7829b0ca-b8cc-4d14-b96a-9fb080896240:c16, 4ba7a24c-5cfe-40cd-b0c9-5f87f6b790e9:c16]
2019-09-04 05:29:59,059 [grpc-default-executor-9] INFO  client.GrpcClientProtocolClient (GrpcClientProtocolClient.java:onNext(255)) - client-242CE8D61105->4ba7a24c-5cfe-40cd-b0c9-5f87f6b790e9: receive RaftClientReply:client-242CE8D61105->4ba7a24c-5cfe-40cd-b0c9-5f87f6b790e9@group-FC2D37CC5A23, cid=192, FAILED org.apache.ratis.protocol.NotLeaderException: Server 4ba7a24c-5cfe-40cd-b0c9-5f87f6b790e9 is not the leader (7829b0ca-b8cc-4d14-b96a-9fb080896240:192.168.69.71:41512). Request must be sent to leader., logIndex=0, commits[4ba7a24c-5cfe-40cd-b0c9-5f87f6b790e9:c16, 7829b0ca-b8cc-4d14-b96a-9fb080896240:c16, 695330d6-66f9-4943-9293-d16e4d5ea686:c16]
2019-09-04 05:30:00,073 [grpc-default-executor-8] INFO  client.GrpcClientProtocolClient (GrpcClientProtocolClient.java:onNext(255)) - client-242CE8D61105->695330d6-66f9-4943-9293-d16e4d5ea686: receive RaftClientReply:client-242CE8D61105->695330d6-66f9-4943-9293-d16e4d5ea686@group-FC2D37CC5A23, cid=192, FAILED org.apache.ratis.protocol.NotLeaderException: Server 695330d6-66f9-4943-9293-d16e4d5ea686 is not the leader (7829b0ca-b8cc-4d14-b96a-9fb080896240:192.168.69.71:41512). Request must be sent to leader., logIndex=0, commits[695330d6-66f9-4943-9293-d16e4d5ea686:c16, 7829b0ca-b8cc-4d14-b96a-9fb080896240:c16, 4ba7a24c-5cfe-40cd-b0c9-5f87f6b790e9:c16]
2019-09-04 05:30:01,087 [grpc-default-executor-9] INFO  client.GrpcClientProtocolClient (GrpcClientProtocolClient.java:onNext(255)) - client-242CE8D61105->695330d6-66f9-4943-9293-d16e4d5ea686: receive RaftClientReply:client-242CE8D61105->695330d6-66f9-4943-9293-d16e4d5ea686@group-FC2D37CC5A23, cid=192, FAILED org.apache.ratis.protocol.NotLeaderException: Server 695330d6-66f9-4943-9293-d16e4d5ea686 is not the leader (7829b0ca-b8cc-4d14-b96a-9fb080896240:192.168.69.71:41512). Request must be sent to leader., logIndex=0, commits[695330d6-66f9-4943-9293-d16e4d5ea686:c16, 7829b0ca-b8cc-4d14-b96a-9fb080896240:c16, 4ba7a24c-5cfe-40cd-b0c9-5f87f6b790e9:c16]
2019-09-04 05:30:01,856 [Thread-3619] INFO  impl.FollowerState (FollowerState.java:run(106)) - 695330d6-66f9-4943-9293-d16e4d5ea686:group-FC2D37CC5A23 changes to CANDIDATE, lastRpcTime:8968, electionTimeout:5026ms
2019-09-04 05:30:01,857 [Thread-3619] INFO  impl.RoleInfo (RoleInfo.java:shutdownFollowerState(121)) - 695330d6-66f9-4943-9293-d16e4d5ea686: shutdown FollowerState
2019-09-04 05:30:01,857 [Thread-3619] INFO  impl.RaftServerImpl (RaftServerImpl.java:setRole(171)) - 695330d6-66f9-4943-9293-d16e4d5ea686:group-FC2D37CC5A23 changes role from FOLLOWER to CANDIDATE at term 1 for changeToCandidate
2019-09-04 05:30:01,857 [Thread-3619] INFO  impl.RoleInfo (RoleInfo.java:updateAndGet(143)) - 695330d6-66f9-4943-9293-d16e4d5ea686: start LeaderElection
2019-09-04 05:30:01,860 [695330d6-66f9-4943-9293-d16e4d5ea686:group-FC2D37CC5A23:LeaderElection80] INFO  impl.RaftServerImpl (ServerState.java:setLeader(263)) - 695330d6-66f9-4943-9293-d16e4d5ea686:group-FC2D37CC5A23 change Leader from 7829b0ca-b8cc-4d14-b96a-9fb080896240 to null at term 1 for initElection
2019-09-04 05:30:01,881 [695330d6-66f9-4943-9293-d16e4d5ea686:group-FC2D37CC5A23:LeaderElection80] INFO  impl.LeaderElection (LeaderElection.java:askForVotes(181)) - 695330d6-66f9-4943-9293-d16e4d5ea686:group-FC2D37CC5A23:LeaderElection80: begin an election at term 2 for 0: [7829b0ca-b8cc-4d14-b96a-9fb080896240:192.168.69.71:41512, 4ba7a24c-5cfe-40cd-b0c9-5f87f6b790e9:192.168.69.71:35457, 695330d6-66f9-4943-9293-d16e4d5ea686:192.168.69.71:37616], old=null
2019-09-04 05:30:01,882 [Thread-3620] INFO  impl.FollowerState (FollowerState.java:run(106)) - 4ba7a24c-5cfe-40cd-b0c9-5f87f6b790e9:group-FC2D37CC5A23 changes to CANDIDATE, lastRpcTime:8990, electionTimeout:5042ms
2019-09-04 05:30:01,882 [Thread-3620] INFO  impl.RoleInfo (RoleInfo.java:shutdownFollowerState(121)) - 4ba7a24c-5cfe-40cd-b0c9-5f87f6b790e9: shutdown FollowerState
2019-09-04 05:30:01,882 [Thread-3620] INFO  impl.RaftServerImpl (RaftServerImpl.java:setRole(171)) - 4ba7a24c-5cfe-40cd-b0c9-5f87f6b790e9:group-FC2D37CC5A23 changes role from FOLLOWER to CANDIDATE at term 1 for changeToCandidate
2019-09-04 05:30:01,882 [Thread-3620] INFO  impl.RoleInfo (RoleInfo.java:updateAndGet(143)) - 4ba7a24c-5cfe-40cd-b0c9-5f87f6b790e9: start LeaderElection
2019-09-04 05:30:01,886 [4ba7a24c-5cfe-40cd-b0c9-5f87f6b790e9:group-FC2D37CC5A23:LeaderElection81] INFO  impl.RaftServerImpl (ServerState.java:setLeader(263)) - 4ba7a24c-5cfe-40cd-b0c9-5f87f6b790e9:group-FC2D37CC5A23 change Leader from 7829b0ca-b8cc-4d14-b96a-9fb080896240 to null at term 1 for initElection
2019-09-04 05:30:01,888 [695330d6-66f9-4943-9293-d16e4d5ea686:group-FC2D37CC5A23:LeaderElection80] INFO  impl.LeaderElection (LogUtils.java:infoOrTrace(149)) - 695330d6-66f9-4943-9293-d16e4d5ea686:group-FC2D37CC5A23:LeaderElection80 got exception when requesting votes: {}
java.util.concurrent.ExecutionException: org.apache.ratis.thirdparty.io.grpc.StatusRuntimeException: UNAVAILABLE: io exception
	at java.util.concurrent.FutureTask.report(FutureTask.java:122)
	at java.util.concurrent.FutureTask.get(FutureTask.java:192)
	at org.apache.ratis.server.impl.LeaderElection.waitForResults(LeaderElection.java:262)
	at org.apache.ratis.server.impl.LeaderElection.askForVotes(LeaderElection.java:200)
	at org.apache.ratis.server.impl.LeaderElection.run(LeaderElection.java:130)
	at java.lang.Thread.run(Thread.java:748)
Caused by: org.apache.ratis.thirdparty.io.grpc.StatusRuntimeException: UNAVAILABLE: io exception
	at org.apache.ratis.thirdparty.io.grpc.stub.ClientCalls.toStatusRuntimeException(ClientCalls.java:233)
	at org.apache.ratis.thirdparty.io.grpc.stub.ClientCalls.getUnchecked(ClientCalls.java:214)
	at org.apache.ratis.thirdparty.io.grpc.stub.ClientCalls.blockingUnaryCall(ClientCalls.java:139)
	at org.apache.ratis.proto.grpc.RaftServerProtocolServiceGrpc$RaftServerProtocolServiceBlockingStub.requestVote(RaftServerProtocolServiceGrpc.java:265)
	at org.apache.ratis.grpc.server.GrpcServerProtocolClient.requestVote(GrpcServerProtocolClient.java:83)
	at org.apache.ratis.grpc.server.GrpcService.requestVote(GrpcService.java:195)
	at org.apache.ratis.server.impl.LeaderElection.lambda$submitRequests$1(LeaderElection.java:237)
	at java.util.concurrent.FutureTask.run(FutureTask.java:266)
	at java.util.concurrent.Executors$RunnableAdapter.call(Executors.java:511)
	at java.util.concurrent.FutureTask.run(FutureTask.java:266)
	at java.util.concurrent.ThreadPoolExecutor.runWorker(ThreadPoolExecutor.java:1149)
	at java.util.concurrent.ThreadPoolExecutor$Worker.run(ThreadPoolExecutor.java:624)
	... 1 more
Caused by: org.apache.ratis.thirdparty.io.netty.channel.AbstractChannel$AnnotatedConnectException: Connection refused: /192.168.69.71:41512
	at sun.nio.ch.SocketChannelImpl.checkConnect(Native Method)
	at sun.nio.ch.SocketChannelImpl.finishConnect(SocketChannelImpl.java:717)
	at org.apache.ratis.thirdparty.io.netty.channel.socket.nio.NioSocketChannel.doFinishConnect(NioSocketChannel.java:327)
	at org.apache.ratis.thirdparty.io.netty.channel.nio.AbstractNioChannel$AbstractNioUnsafe.finishConnect(AbstractNioChannel.java:340)
	at org.apache.ratis.thirdparty.io.netty.channel.nio.NioEventLoop.processSelectedKey(NioEventLoop.java:632)
	at org.apache.ratis.thirdparty.io.netty.channel.nio.NioEventLoop.processSelectedKeysOptimized(NioEventLoop.java:579)
	at org.apache.ratis.thirdparty.io.netty.channel.nio.NioEventLoop.processSelectedKeys(NioEventLoop.java:496)
	at org.apache.ratis.thirdparty.io.netty.channel.nio.NioEventLoop.run(NioEventLoop.java:458)
	at org.apache.ratis.thirdparty.io.netty.util.concurrent.SingleThreadEventExecutor$5.run(SingleThreadEventExecutor.java:897)
	at org.apache.ratis.thirdparty.io.netty.util.concurrent.FastThreadLocalRunnable.run(FastThreadLocalRunnable.java:30)
	... 1 more
Caused by: java.net.ConnectException: Connection refused
	... 11 more
2019-09-04 05:30:01,909 [4ba7a24c-5cfe-40cd-b0c9-5f87f6b790e9:group-FC2D37CC5A23:LeaderElection81] INFO  impl.LeaderElection (LeaderElection.java:askForVotes(181)) - 4ba7a24c-5cfe-40cd-b0c9-5f87f6b790e9:group-FC2D37CC5A23:LeaderElection81: begin an election at term 2 for 0: [7829b0ca-b8cc-4d14-b96a-9fb080896240:192.168.69.71:41512, 4ba7a24c-5cfe-40cd-b0c9-5f87f6b790e9:192.168.69.71:35457, 695330d6-66f9-4943-9293-d16e4d5ea686:192.168.69.71:37616], old=null
2019-09-04 05:30:01,910 [695330d6-66f9-4943-9293-d16e4d5ea686:group-FC2D37CC5A23:LeaderElection80] INFO  impl.LeaderElection (LeaderElection.java:logAndReturn(56)) - 695330d6-66f9-4943-9293-d16e4d5ea686:group-FC2D37CC5A23:LeaderElection80: Election REJECTED; received 1 response(s) [695330d6-66f9-4943-9293-d16e4d5ea686<-4ba7a24c-5cfe-40cd-b0c9-5f87f6b790e9#0:FAIL-t2] and 1 exception(s); 695330d6-66f9-4943-9293-d16e4d5ea686:t2, leader=null, voted=695330d6-66f9-4943-9293-d16e4d5ea686, raftlog=695330d6-66f9-4943-9293-d16e4d5ea686-SegmentedRaftLog:OPENED:c16,f16,i16, conf=0: [7829b0ca-b8cc-4d14-b96a-9fb080896240:192.168.69.71:41512, 4ba7a24c-5cfe-40cd-b0c9-5f87f6b790e9:192.168.69.71:35457, 695330d6-66f9-4943-9293-d16e4d5ea686:192.168.69.71:37616], old=null
2019-09-04 05:30:01,910 [695330d6-66f9-4943-9293-d16e4d5ea686:group-FC2D37CC5A23:LeaderElection80] INFO  impl.LeaderElection (LogUtils.java:infoOrTrace(149)) -   Exception 0: {}
java.util.concurrent.ExecutionException: org.apache.ratis.thirdparty.io.grpc.StatusRuntimeException: UNAVAILABLE: io exception
	at java.util.concurrent.FutureTask.report(FutureTask.java:122)
	at java.util.concurrent.FutureTask.get(FutureTask.java:192)
	at org.apache.ratis.server.impl.LeaderElection.waitForResults(LeaderElection.java:262)
	at org.apache.ratis.server.impl.LeaderElection.askForVotes(LeaderElection.java:200)
	at org.apache.ratis.server.impl.LeaderElection.run(LeaderElection.java:130)
	at java.lang.Thread.run(Thread.java:748)
Caused by: org.apache.ratis.thirdparty.io.grpc.StatusRuntimeException: UNAVAILABLE: io exception
	at org.apache.ratis.thirdparty.io.grpc.stub.ClientCalls.toStatusRuntimeException(ClientCalls.java:233)
	at org.apache.ratis.thirdparty.io.grpc.stub.ClientCalls.getUnchecked(ClientCalls.java:214)
	at org.apache.ratis.thirdparty.io.grpc.stub.ClientCalls.blockingUnaryCall(ClientCalls.java:139)
	at org.apache.ratis.proto.grpc.RaftServerProtocolServiceGrpc$RaftServerProtocolServiceBlockingStub.requestVote(RaftServerProtocolServiceGrpc.java:265)
	at org.apache.ratis.grpc.server.GrpcServerProtocolClient.requestVote(GrpcServerProtocolClient.java:83)
	at org.apache.ratis.grpc.server.GrpcService.requestVote(GrpcService.java:195)
	at org.apache.ratis.server.impl.LeaderElection.lambda$submitRequests$1(LeaderElection.java:237)
	at java.util.concurrent.FutureTask.run(FutureTask.java:266)
	at java.util.concurrent.Executors$RunnableAdapter.call(Executors.java:511)
	at java.util.concurrent.FutureTask.run(FutureTask.java:266)
	at java.util.concurrent.ThreadPoolExecutor.runWorker(ThreadPoolExecutor.java:1149)
	at java.util.concurrent.ThreadPoolExecutor$Worker.run(ThreadPoolExecutor.java:624)
	... 1 more
Caused by: org.apache.ratis.thirdparty.io.netty.channel.AbstractChannel$AnnotatedConnectException: Connection refused: /192.168.69.71:41512
	at sun.nio.ch.SocketChannelImpl.checkConnect(Native Method)
	at sun.nio.ch.SocketChannelImpl.finishConnect(SocketChannelImpl.java:717)
	at org.apache.ratis.thirdparty.io.netty.channel.socket.nio.NioSocketChannel.doFinishConnect(NioSocketChannel.java:327)
	at org.apache.ratis.thirdparty.io.netty.channel.nio.AbstractNioChannel$AbstractNioUnsafe.finishConnect(AbstractNioChannel.java:340)
	at org.apache.ratis.thirdparty.io.netty.channel.nio.NioEventLoop.processSelectedKey(NioEventLoop.java:632)
	at org.apache.ratis.thirdparty.io.netty.channel.nio.NioEventLoop.processSelectedKeysOptimized(NioEventLoop.java:579)
	at org.apache.ratis.thirdparty.io.netty.channel.nio.NioEventLoop.processSelectedKeys(NioEventLoop.java:496)
	at org.apache.ratis.thirdparty.io.netty.channel.nio.NioEventLoop.run(NioEventLoop.java:458)
	at org.apache.ratis.thirdparty.io.netty.util.concurrent.SingleThreadEventExecutor$5.run(SingleThreadEventExecutor.java:897)
	at org.apache.ratis.thirdparty.io.netty.util.concurrent.FastThreadLocalRunnable.run(FastThreadLocalRunnable.java:30)
	... 1 more
Caused by: java.net.ConnectException: Connection refused
	... 11 more
2019-09-04 05:30:01,910 [695330d6-66f9-4943-9293-d16e4d5ea686:group-FC2D37CC5A23:LeaderElection80] INFO  impl.RaftServerImpl (RaftServerImpl.java:setRole(171)) - 695330d6-66f9-4943-9293-d16e4d5ea686:group-FC2D37CC5A23 changes role from CANDIDATE to FOLLOWER at term 2 for DISCOVERED_A_NEW_TERM
2019-09-04 05:30:01,910 [695330d6-66f9-4943-9293-d16e4d5ea686:group-FC2D37CC5A23:LeaderElection80] INFO  impl.RoleInfo (RoleInfo.java:shutdownLeaderElection(134)) - 695330d6-66f9-4943-9293-d16e4d5ea686: shutdown LeaderElection
2019-09-04 05:30:01,910 [695330d6-66f9-4943-9293-d16e4d5ea686:group-FC2D37CC5A23:LeaderElection80] INFO  impl.RoleInfo (RoleInfo.java:updateAndGet(143)) - 695330d6-66f9-4943-9293-d16e4d5ea686: start FollowerState
2019-09-04 05:30:01,911 [4ba7a24c-5cfe-40cd-b0c9-5f87f6b790e9:group-FC2D37CC5A23:LeaderElection81] INFO  impl.LeaderElection (LogUtils.java:infoOrTrace(149)) - 4ba7a24c-5cfe-40cd-b0c9-5f87f6b790e9:group-FC2D37CC5A23:LeaderElection81 got exception when requesting votes: {}
java.util.concurrent.ExecutionException: org.apache.ratis.thirdparty.io.grpc.StatusRuntimeException: UNAVAILABLE: io exception
	at java.util.concurrent.FutureTask.report(FutureTask.java:122)
	at java.util.concurrent.FutureTask.get(FutureTask.java:192)
	at org.apache.ratis.server.impl.LeaderElection.waitForResults(LeaderElection.java:262)
	at org.apache.ratis.server.impl.LeaderElection.askForVotes(LeaderElection.java:200)
	at org.apache.ratis.server.impl.LeaderElection.run(LeaderElection.java:130)
	at java.lang.Thread.run(Thread.java:748)
Caused by: org.apache.ratis.thirdparty.io.grpc.StatusRuntimeException: UNAVAILABLE: io exception
	at org.apache.ratis.thirdparty.io.grpc.stub.ClientCalls.toStatusRuntimeException(ClientCalls.java:233)
	at org.apache.ratis.thirdparty.io.grpc.stub.ClientCalls.getUnchecked(ClientCalls.java:214)
	at org.apache.ratis.thirdparty.io.grpc.stub.ClientCalls.blockingUnaryCall(ClientCalls.java:139)
	at org.apache.ratis.proto.grpc.RaftServerProtocolServiceGrpc$RaftServerProtocolServiceBlockingStub.requestVote(RaftServerProtocolServiceGrpc.java:265)
	at org.apache.ratis.grpc.server.GrpcServerProtocolClient.requestVote(GrpcServerProtocolClient.java:83)
	at org.apache.ratis.grpc.server.GrpcService.requestVote(GrpcService.java:195)
	at org.apache.ratis.server.impl.LeaderElection.lambda$submitRequests$1(LeaderElection.java:237)
	at java.util.concurrent.FutureTask.run(FutureTask.java:266)
	at java.util.concurrent.Executors$RunnableAdapter.call(Executors.java:511)
	at java.util.concurrent.FutureTask.run(FutureTask.java:266)
	at java.util.concurrent.ThreadPoolExecutor.runWorker(ThreadPoolExecutor.java:1149)
	at java.util.concurrent.ThreadPoolExecutor$Worker.run(ThreadPoolExecutor.java:624)
	... 1 more
Caused by: org.apache.ratis.thirdparty.io.netty.channel.AbstractChannel$AnnotatedConnectException: Connection refused: /192.168.69.71:41512
	at sun.nio.ch.SocketChannelImpl.checkConnect(Native Method)
	at sun.nio.ch.SocketChannelImpl.finishConnect(SocketChannelImpl.java:717)
	at org.apache.ratis.thirdparty.io.netty.channel.socket.nio.NioSocketChannel.doFinishConnect(NioSocketChannel.java:327)
	at org.apache.ratis.thirdparty.io.netty.channel.nio.AbstractNioChannel$AbstractNioUnsafe.finishConnect(AbstractNioChannel.java:340)
	at org.apache.ratis.thirdparty.io.netty.channel.nio.NioEventLoop.processSelectedKey(NioEventLoop.java:632)
	at org.apache.ratis.thirdparty.io.netty.channel.nio.NioEventLoop.processSelectedKeysOptimized(NioEventLoop.java:579)
	at org.apache.ratis.thirdparty.io.netty.channel.nio.NioEventLoop.processSelectedKeys(NioEventLoop.java:496)
	at org.apache.ratis.thirdparty.io.netty.channel.nio.NioEventLoop.run(NioEventLoop.java:458)
	at org.apache.ratis.thirdparty.io.netty.util.concurrent.SingleThreadEventExecutor$5.run(SingleThreadEventExecutor.java:897)
	at org.apache.ratis.thirdparty.io.netty.util.concurrent.FastThreadLocalRunnable.run(FastThreadLocalRunnable.java:30)
	... 1 more
Caused by: java.net.ConnectException: Connection refused
	... 11 more
2019-09-04 05:30:01,914 [4ba7a24c-5cfe-40cd-b0c9-5f87f6b790e9:group-FC2D37CC5A23:LeaderElection81] INFO  impl.LeaderElection (LeaderElection.java:logAndReturn(56)) - 4ba7a24c-5cfe-40cd-b0c9-5f87f6b790e9:group-FC2D37CC5A23:LeaderElection81: Election REJECTED; received 1 response(s) [4ba7a24c-5cfe-40cd-b0c9-5f87f6b790e9<-695330d6-66f9-4943-9293-d16e4d5ea686#0:FAIL-t2] and 1 exception(s); 4ba7a24c-5cfe-40cd-b0c9-5f87f6b790e9:t2, leader=null, voted=4ba7a24c-5cfe-40cd-b0c9-5f87f6b790e9, raftlog=4ba7a24c-5cfe-40cd-b0c9-5f87f6b790e9-SegmentedRaftLog:OPENED:c16,f16,i16, conf=0: [7829b0ca-b8cc-4d14-b96a-9fb080896240:192.168.69.71:41512, 4ba7a24c-5cfe-40cd-b0c9-5f87f6b790e9:192.168.69.71:35457, 695330d6-66f9-4943-9293-d16e4d5ea686:192.168.69.71:37616], old=null
2019-09-04 05:30:01,915 [4ba7a24c-5cfe-40cd-b0c9-5f87f6b790e9:group-FC2D37CC5A23:LeaderElection81] INFO  impl.LeaderElection (LogUtils.java:infoOrTrace(149)) -   Exception 0: {}
java.util.concurrent.ExecutionException: org.apache.ratis.thirdparty.io.grpc.StatusRuntimeException: UNAVAILABLE: io exception
	at java.util.concurrent.FutureTask.report(FutureTask.java:122)
	at java.util.concurrent.FutureTask.get(FutureTask.java:192)
	at org.apache.ratis.server.impl.LeaderElection.waitForResults(LeaderElection.java:262)
	at org.apache.ratis.server.impl.LeaderElection.askForVotes(LeaderElection.java:200)
	at org.apache.ratis.server.impl.LeaderElection.run(LeaderElection.java:130)
	at java.lang.Thread.run(Thread.java:748)
Caused by: org.apache.ratis.thirdparty.io.grpc.StatusRuntimeException: UNAVAILABLE: io exception
	at org.apache.ratis.thirdparty.io.grpc.stub.ClientCalls.toStatusRuntimeException(ClientCalls.java:233)
	at org.apache.ratis.thirdparty.io.grpc.stub.ClientCalls.getUnchecked(ClientCalls.java:214)
	at org.apache.ratis.thirdparty.io.grpc.stub.ClientCalls.blockingUnaryCall(ClientCalls.java:139)
	at org.apache.ratis.proto.grpc.RaftServerProtocolServiceGrpc$RaftServerProtocolServiceBlockingStub.requestVote(RaftServerProtocolServiceGrpc.java:265)
	at org.apache.ratis.grpc.server.GrpcServerProtocolClient.requestVote(GrpcServerProtocolClient.java:83)
	at org.apache.ratis.grpc.server.GrpcService.requestVote(GrpcService.java:195)
	at org.apache.ratis.server.impl.LeaderElection.lambda$submitRequests$1(LeaderElection.java:237)
	at java.util.concurrent.FutureTask.run(FutureTask.java:266)
	at java.util.concurrent.Executors$RunnableAdapter.call(Executors.java:511)
	at java.util.concurrent.FutureTask.run(FutureTask.java:266)
	at java.util.concurrent.ThreadPoolExecutor.runWorker(ThreadPoolExecutor.java:1149)
	at java.util.concurrent.ThreadPoolExecutor$Worker.run(ThreadPoolExecutor.java:624)
	... 1 more
Caused by: org.apache.ratis.thirdparty.io.netty.channel.AbstractChannel$AnnotatedConnectException: Connection refused: /192.168.69.71:41512
	at sun.nio.ch.SocketChannelImpl.checkConnect(Native Method)
	at sun.nio.ch.SocketChannelImpl.finishConnect(SocketChannelImpl.java:717)
	at org.apache.ratis.thirdparty.io.netty.channel.socket.nio.NioSocketChannel.doFinishConnect(NioSocketChannel.java:327)
	at org.apache.ratis.thirdparty.io.netty.channel.nio.AbstractNioChannel$AbstractNioUnsafe.finishConnect(AbstractNioChannel.java:340)
	at org.apache.ratis.thirdparty.io.netty.channel.nio.NioEventLoop.processSelectedKey(NioEventLoop.java:632)
	at org.apache.ratis.thirdparty.io.netty.channel.nio.NioEventLoop.processSelectedKeysOptimized(NioEventLoop.java:579)
	at org.apache.ratis.thirdparty.io.netty.channel.nio.NioEventLoop.processSelectedKeys(NioEventLoop.java:496)
	at org.apache.ratis.thirdparty.io.netty.channel.nio.NioEventLoop.run(NioEventLoop.java:458)
	at org.apache.ratis.thirdparty.io.netty.util.concurrent.SingleThreadEventExecutor$5.run(SingleThreadEventExecutor.java:897)
	at org.apache.ratis.thirdparty.io.netty.util.concurrent.FastThreadLocalRunnable.run(FastThreadLocalRunnable.java:30)
	... 1 more
Caused by: java.net.ConnectException: Connection refused
	... 11 more
2019-09-04 05:30:01,915 [4ba7a24c-5cfe-40cd-b0c9-5f87f6b790e9:group-FC2D37CC5A23:LeaderElection81] INFO  impl.RaftServerImpl (RaftServerImpl.java:setRole(171)) - 4ba7a24c-5cfe-40cd-b0c9-5f87f6b790e9:group-FC2D37CC5A23 changes role from CANDIDATE to FOLLOWER at term 2 for DISCOVERED_A_NEW_TERM
2019-09-04 05:30:01,915 [4ba7a24c-5cfe-40cd-b0c9-5f87f6b790e9:group-FC2D37CC5A23:LeaderElection81] INFO  impl.RoleInfo (RoleInfo.java:shutdownLeaderElection(134)) - 4ba7a24c-5cfe-40cd-b0c9-5f87f6b790e9: shutdown LeaderElection
2019-09-04 05:30:01,915 [4ba7a24c-5cfe-40cd-b0c9-5f87f6b790e9:group-FC2D37CC5A23:LeaderElection81] INFO  impl.RoleInfo (RoleInfo.java:updateAndGet(143)) - 4ba7a24c-5cfe-40cd-b0c9-5f87f6b790e9: start FollowerState
2019-09-04 05:30:02,102 [grpc-default-executor-6] INFO  client.GrpcClientProtocolClient (GrpcClientProtocolClient.java:onNext(255)) - client-242CE8D61105->695330d6-66f9-4943-9293-d16e4d5ea686: receive RaftClientReply:client-242CE8D61105->695330d6-66f9-4943-9293-d16e4d5ea686@group-FC2D37CC5A23, cid=192, FAILED org.apache.ratis.protocol.NotLeaderException: Server 695330d6-66f9-4943-9293-d16e4d5ea686 is not the leader (null). Request must be sent to leader., logIndex=0, commits[695330d6-66f9-4943-9293-d16e4d5ea686:c16, 7829b0ca-b8cc-4d14-b96a-9fb080896240:c16, 4ba7a24c-5cfe-40cd-b0c9-5f87f6b790e9:c16]
2019-09-04 05:30:04,113 [grpc-default-executor-6] INFO  client.GrpcClientProtocolClient (GrpcClientProtocolClient.java:onNext(255)) - client-242CE8D61105->4ba7a24c-5cfe-40cd-b0c9-5f87f6b790e9: receive RaftClientReply:client-242CE8D61105->4ba7a24c-5cfe-40cd-b0c9-5f87f6b790e9@group-FC2D37CC5A23, cid=192, FAILED org.apache.ratis.protocol.NotLeaderException: Server 4ba7a24c-5cfe-40cd-b0c9-5f87f6b790e9 is not the leader (null). Request must be sent to leader., logIndex=0, commits[4ba7a24c-5cfe-40cd-b0c9-5f87f6b790e9:c16, 7829b0ca-b8cc-4d14-b96a-9fb080896240:c16, 695330d6-66f9-4943-9293-d16e4d5ea686:c16]
2019-09-04 05:30:05,129 [grpc-default-executor-9] INFO  client.GrpcClientProtocolClient (GrpcClientProtocolClient.java:onNext(255)) - client-242CE8D61105->695330d6-66f9-4943-9293-d16e4d5ea686: receive RaftClientReply:client-242CE8D61105->695330d6-66f9-4943-9293-d16e4d5ea686@group-FC2D37CC5A23, cid=192, FAILED org.apache.ratis.protocol.NotLeaderException: Server 695330d6-66f9-4943-9293-d16e4d5ea686 is not the leader (null). Request must be sent to leader., logIndex=0, commits[695330d6-66f9-4943-9293-d16e4d5ea686:c16, 7829b0ca-b8cc-4d14-b96a-9fb080896240:c16, 4ba7a24c-5cfe-40cd-b0c9-5f87f6b790e9:c16]
2019-09-04 05:30:06,976 [Thread-3743] INFO  impl.FollowerState (FollowerState.java:run(106)) - 695330d6-66f9-4943-9293-d16e4d5ea686:group-FC2D37CC5A23 changes to CANDIDATE, lastRpcTime:5065, electionTimeout:5065ms
2019-09-04 05:30:06,976 [Thread-3743] INFO  impl.RoleInfo (RoleInfo.java:shutdownFollowerState(121)) - 695330d6-66f9-4943-9293-d16e4d5ea686: shutdown FollowerState
2019-09-04 05:30:06,976 [Thread-3743] INFO  impl.RaftServerImpl (RaftServerImpl.java:setRole(171)) - 695330d6-66f9-4943-9293-d16e4d5ea686:group-FC2D37CC5A23 changes role from FOLLOWER to CANDIDATE at term 2 for changeToCandidate
2019-09-04 05:30:06,976 [Thread-3743] INFO  impl.RoleInfo (RoleInfo.java:updateAndGet(143)) - 695330d6-66f9-4943-9293-d16e4d5ea686: start LeaderElection
2019-09-04 05:30:07,015 [695330d6-66f9-4943-9293-d16e4d5ea686:group-FC2D37CC5A23:LeaderElection82] INFO  impl.LeaderElection (LeaderElection.java:askForVotes(181)) - 695330d6-66f9-4943-9293-d16e4d5ea686:group-FC2D37CC5A23:LeaderElection82: begin an election at term 3 for 0: [7829b0ca-b8cc-4d14-b96a-9fb080896240:192.168.69.71:41512, 4ba7a24c-5cfe-40cd-b0c9-5f87f6b790e9:192.168.69.71:35457, 695330d6-66f9-4943-9293-d16e4d5ea686:192.168.69.71:37616], old=null
2019-09-04 05:30:07,017 [695330d6-66f9-4943-9293-d16e4d5ea686:group-FC2D37CC5A23:LeaderElection82] INFO  impl.LeaderElection (LogUtils.java:infoOrTrace(149)) - 695330d6-66f9-4943-9293-d16e4d5ea686:group-FC2D37CC5A23:LeaderElection82 got exception when requesting votes: {}
java.util.concurrent.ExecutionException: org.apache.ratis.thirdparty.io.grpc.StatusRuntimeException: UNAVAILABLE: io exception
	at java.util.concurrent.FutureTask.report(FutureTask.java:122)
	at java.util.concurrent.FutureTask.get(FutureTask.java:192)
	at org.apache.ratis.server.impl.LeaderElection.waitForResults(LeaderElection.java:262)
	at org.apache.ratis.server.impl.LeaderElection.askForVotes(LeaderElection.java:200)
	at org.apache.ratis.server.impl.LeaderElection.run(LeaderElection.java:130)
	at java.lang.Thread.run(Thread.java:748)
Caused by: org.apache.ratis.thirdparty.io.grpc.StatusRuntimeException: UNAVAILABLE: io exception
	at org.apache.ratis.thirdparty.io.grpc.stub.ClientCalls.toStatusRuntimeException(ClientCalls.java:233)
	at org.apache.ratis.thirdparty.io.grpc.stub.ClientCalls.getUnchecked(ClientCalls.java:214)
	at org.apache.ratis.thirdparty.io.grpc.stub.ClientCalls.blockingUnaryCall(ClientCalls.java:139)
	at org.apache.ratis.proto.grpc.RaftServerProtocolServiceGrpc$RaftServerProtocolServiceBlockingStub.requestVote(RaftServerProtocolServiceGrpc.java:265)
	at org.apache.ratis.grpc.server.GrpcServerProtocolClient.requestVote(GrpcServerProtocolClient.java:83)
	at org.apache.ratis.grpc.server.GrpcService.requestVote(GrpcService.java:195)
	at org.apache.ratis.server.impl.LeaderElection.lambda$submitRequests$1(LeaderElection.java:237)
	at java.util.concurrent.FutureTask.run(FutureTask.java:266)
	at java.util.concurrent.Executors$RunnableAdapter.call(Executors.java:511)
	at java.util.concurrent.FutureTask.run(FutureTask.java:266)
	at java.util.concurrent.ThreadPoolExecutor.runWorker(ThreadPoolExecutor.java:1149)
	at java.util.concurrent.ThreadPoolExecutor$Worker.run(ThreadPoolExecutor.java:624)
	... 1 more
Caused by: org.apache.ratis.thirdparty.io.netty.channel.AbstractChannel$AnnotatedConnectException: Connection refused: /192.168.69.71:41512
	at sun.nio.ch.SocketChannelImpl.checkConnect(Native Method)
	at sun.nio.ch.SocketChannelImpl.finishConnect(SocketChannelImpl.java:717)
	at org.apache.ratis.thirdparty.io.netty.channel.socket.nio.NioSocketChannel.doFinishConnect(NioSocketChannel.java:327)
	at org.apache.ratis.thirdparty.io.netty.channel.nio.AbstractNioChannel$AbstractNioUnsafe.finishConnect(AbstractNioChannel.java:340)
	at org.apache.ratis.thirdparty.io.netty.channel.nio.NioEventLoop.processSelectedKey(NioEventLoop.java:632)
	at org.apache.ratis.thirdparty.io.netty.channel.nio.NioEventLoop.processSelectedKeysOptimized(NioEventLoop.java:579)
	at org.apache.ratis.thirdparty.io.netty.channel.nio.NioEventLoop.processSelectedKeys(NioEventLoop.java:496)
	at org.apache.ratis.thirdparty.io.netty.channel.nio.NioEventLoop.run(NioEventLoop.java:458)
	at org.apache.ratis.thirdparty.io.netty.util.concurrent.SingleThreadEventExecutor$5.run(SingleThreadEventExecutor.java:897)
	at org.apache.ratis.thirdparty.io.netty.util.concurrent.FastThreadLocalRunnable.run(FastThreadLocalRunnable.java:30)
	... 1 more
Caused by: java.net.ConnectException: Connection refused
	... 11 more
2019-09-04 05:30:07,021 [grpc-default-executor-6] INFO  impl.RaftServerImpl (RaftServerImpl.java:setRole(171)) - 4ba7a24c-5cfe-40cd-b0c9-5f87f6b790e9:group-FC2D37CC5A23 changes role from FOLLOWER to FOLLOWER at term 3 for recognizeCandidate:695330d6-66f9-4943-9293-d16e4d5ea686
2019-09-04 05:30:07,021 [grpc-default-executor-6] INFO  impl.RoleInfo (RoleInfo.java:shutdownFollowerState(121)) - 4ba7a24c-5cfe-40cd-b0c9-5f87f6b790e9: shutdown FollowerState
2019-09-04 05:30:07,022 [grpc-default-executor-6] INFO  impl.RoleInfo (RoleInfo.java:updateAndGet(143)) - 4ba7a24c-5cfe-40cd-b0c9-5f87f6b790e9: start FollowerState
2019-09-04 05:30:07,022 [Thread-3744] INFO  impl.FollowerState (FollowerState.java:run(114)) - 4ba7a24c-5cfe-40cd-b0c9-5f87f6b790e9: FollowerState was interrupted: java.lang.InterruptedException: sleep interrupted
2019-09-04 05:30:07,048 [695330d6-66f9-4943-9293-d16e4d5ea686:group-FC2D37CC5A23:LeaderElection82] INFO  impl.LeaderElection (LeaderElection.java:logAndReturn(56)) - 695330d6-66f9-4943-9293-d16e4d5ea686:group-FC2D37CC5A23:LeaderElection82: Election PASSED; received 1 response(s) [695330d6-66f9-4943-9293-d16e4d5ea686<-4ba7a24c-5cfe-40cd-b0c9-5f87f6b790e9#0:OK-t3] and 1 exception(s); 695330d6-66f9-4943-9293-d16e4d5ea686:t3, leader=null, voted=695330d6-66f9-4943-9293-d16e4d5ea686, raftlog=695330d6-66f9-4943-9293-d16e4d5ea686-SegmentedRaftLog:OPENED:c16,f16,i16, conf=0: [7829b0ca-b8cc-4d14-b96a-9fb080896240:192.168.69.71:41512, 4ba7a24c-5cfe-40cd-b0c9-5f87f6b790e9:192.168.69.71:35457, 695330d6-66f9-4943-9293-d16e4d5ea686:192.168.69.71:37616], old=null
2019-09-04 05:30:07,048 [695330d6-66f9-4943-9293-d16e4d5ea686:group-FC2D37CC5A23:LeaderElection82] INFO  impl.LeaderElection (LogUtils.java:infoOrTrace(149)) -   Exception 0: {}
java.util.concurrent.ExecutionException: org.apache.ratis.thirdparty.io.grpc.StatusRuntimeException: UNAVAILABLE: io exception
	at java.util.concurrent.FutureTask.report(FutureTask.java:122)
	at java.util.concurrent.FutureTask.get(FutureTask.java:192)
	at org.apache.ratis.server.impl.LeaderElection.waitForResults(LeaderElection.java:262)
	at org.apache.ratis.server.impl.LeaderElection.askForVotes(LeaderElection.java:200)
	at org.apache.ratis.server.impl.LeaderElection.run(LeaderElection.java:130)
	at java.lang.Thread.run(Thread.java:748)
Caused by: org.apache.ratis.thirdparty.io.grpc.StatusRuntimeException: UNAVAILABLE: io exception
	at org.apache.ratis.thirdparty.io.grpc.stub.ClientCalls.toStatusRuntimeException(ClientCalls.java:233)
	at org.apache.ratis.thirdparty.io.grpc.stub.ClientCalls.getUnchecked(ClientCalls.java:214)
	at org.apache.ratis.thirdparty.io.grpc.stub.ClientCalls.blockingUnaryCall(ClientCalls.java:139)
	at org.apache.ratis.proto.grpc.RaftServerProtocolServiceGrpc$RaftServerProtocolServiceBlockingStub.requestVote(RaftServerProtocolServiceGrpc.java:265)
	at org.apache.ratis.grpc.server.GrpcServerProtocolClient.requestVote(GrpcServerProtocolClient.java:83)
	at org.apache.ratis.grpc.server.GrpcService.requestVote(GrpcService.java:195)
	at org.apache.ratis.server.impl.LeaderElection.lambda$submitRequests$1(LeaderElection.java:237)
	at java.util.concurrent.FutureTask.run(FutureTask.java:266)
	at java.util.concurrent.Executors$RunnableAdapter.call(Executors.java:511)
	at java.util.concurrent.FutureTask.run(FutureTask.java:266)
	at java.util.concurrent.ThreadPoolExecutor.runWorker(ThreadPoolExecutor.java:1149)
	at java.util.concurrent.ThreadPoolExecutor$Worker.run(ThreadPoolExecutor.java:624)
	... 1 more
Caused by: org.apache.ratis.thirdparty.io.netty.channel.AbstractChannel$AnnotatedConnectException: Connection refused: /192.168.69.71:41512
	at sun.nio.ch.SocketChannelImpl.checkConnect(Native Method)
	at sun.nio.ch.SocketChannelImpl.finishConnect(SocketChannelImpl.java:717)
	at org.apache.ratis.thirdparty.io.netty.channel.socket.nio.NioSocketChannel.doFinishConnect(NioSocketChannel.java:327)
	at org.apache.ratis.thirdparty.io.netty.channel.nio.AbstractNioChannel$AbstractNioUnsafe.finishConnect(AbstractNioChannel.java:340)
	at org.apache.ratis.thirdparty.io.netty.channel.nio.NioEventLoop.processSelectedKey(NioEventLoop.java:632)
	at org.apache.ratis.thirdparty.io.netty.channel.nio.NioEventLoop.processSelectedKeysOptimized(NioEventLoop.java:579)
	at org.apache.ratis.thirdparty.io.netty.channel.nio.NioEventLoop.processSelectedKeys(NioEventLoop.java:496)
	at org.apache.ratis.thirdparty.io.netty.channel.nio.NioEventLoop.run(NioEventLoop.java:458)
	at org.apache.ratis.thirdparty.io.netty.util.concurrent.SingleThreadEventExecutor$5.run(SingleThreadEventExecutor.java:897)
	at org.apache.ratis.thirdparty.io.netty.util.concurrent.FastThreadLocalRunnable.run(FastThreadLocalRunnable.java:30)
	... 1 more
Caused by: java.net.ConnectException: Connection refused
	... 11 more
2019-09-04 05:30:07,049 [695330d6-66f9-4943-9293-d16e4d5ea686:group-FC2D37CC5A23:LeaderElection82] INFO  impl.RoleInfo (RoleInfo.java:shutdownLeaderElection(134)) - 695330d6-66f9-4943-9293-d16e4d5ea686: shutdown LeaderElection
2019-09-04 05:30:07,049 [695330d6-66f9-4943-9293-d16e4d5ea686:group-FC2D37CC5A23:LeaderElection82] INFO  impl.RaftServerImpl (RaftServerImpl.java:setRole(171)) - 695330d6-66f9-4943-9293-d16e4d5ea686:group-FC2D37CC5A23 changes role from CANDIDATE to LEADER at term 3 for changeToLeader
2019-09-04 05:30:07,049 [695330d6-66f9-4943-9293-d16e4d5ea686:group-FC2D37CC5A23:LeaderElection82] INFO  impl.RaftServerImpl (ServerState.java:setLeader(263)) - 695330d6-66f9-4943-9293-d16e4d5ea686:group-FC2D37CC5A23 change Leader from null to 695330d6-66f9-4943-9293-d16e4d5ea686 at term 3 for becomeLeader, leader elected after 5188ms
2019-09-04 05:30:07,050 [695330d6-66f9-4943-9293-d16e4d5ea686:group-FC2D37CC5A23:LeaderElection82] INFO  server.RaftServerConfigKeys (ConfUtils.java:logGet(43)) - raft.server.staging.catchup.gap = 1000 (default)
2019-09-04 05:30:07,050 [695330d6-66f9-4943-9293-d16e4d5ea686:group-FC2D37CC5A23:LeaderElection82] INFO  server.RaftServerConfigKeys (ConfUtils.java:logGet(43)) - raft.server.rpc.sleep.time = 25ms (default)
2019-09-04 05:30:07,050 [695330d6-66f9-4943-9293-d16e4d5ea686:group-FC2D37CC5A23:LeaderElection82] INFO  server.RaftServerConfigKeys (ConfUtils.java:logGet(43)) - raft.server.write.element-limit = 4096 (default)
2019-09-04 05:30:07,050 [695330d6-66f9-4943-9293-d16e4d5ea686:group-FC2D37CC5A23:LeaderElection82] INFO  server.RaftServerConfigKeys (ConfUtils.java:logGet(43)) - raft.server.watch.timeout = 10s (default)
2019-09-04 05:30:07,050 [695330d6-66f9-4943-9293-d16e4d5ea686:group-FC2D37CC5A23:LeaderElection82] INFO  server.RaftServerConfigKeys (ConfUtils.java:logGet(43)) - raft.server.watch.timeout.denomination = 1s (default)
2019-09-04 05:30:07,051 [695330d6-66f9-4943-9293-d16e4d5ea686:group-FC2D37CC5A23:LeaderElection82] INFO  server.RaftServerConfigKeys (ConfUtils.java:logGet(43)) - raft.server.watch.element-limit = 65536 (default)
2019-09-04 05:30:07,051 [695330d6-66f9-4943-9293-d16e4d5ea686:group-FC2D37CC5A23:LeaderElection82] INFO  server.RaftServerConfigKeys (ConfUtils.java:logGet(43)) - raft.server.log.appender.snapshot.chunk.size.max = 16MB (=16777216) (default)
2019-09-04 05:30:07,051 [695330d6-66f9-4943-9293-d16e4d5ea686:group-FC2D37CC5A23:LeaderElection82] INFO  server.RaftServerConfigKeys (ConfUtils.java:logGet(43)) - raft.server.log.appender.buffer.byte-limit = 33554432 (custom)
2019-09-04 05:30:07,051 [695330d6-66f9-4943-9293-d16e4d5ea686:group-FC2D37CC5A23:LeaderElection82] INFO  server.RaftServerConfigKeys (ConfUtils.java:logGet(43)) - raft.server.log.appender.buffer.element-limit = 1 (custom)
2019-09-04 05:30:07,052 [695330d6-66f9-4943-9293-d16e4d5ea686:group-FC2D37CC5A23:LeaderElection82] INFO  grpc.GrpcConfigKeys$Server (ConfUtils.java:logGet(43)) - raft.grpc.server.leader.outstanding.appends.max = 128 (default)
2019-09-04 05:30:07,052 [695330d6-66f9-4943-9293-d16e4d5ea686:group-FC2D37CC5A23:LeaderElection82] INFO  server.RaftServerConfigKeys (ConfUtils.java:logGet(43)) - raft.server.rpc.request.timeout = 3000ms (default)
2019-09-04 05:30:07,052 [695330d6-66f9-4943-9293-d16e4d5ea686:group-FC2D37CC5A23:LeaderElection82] INFO  server.RaftServerConfigKeys (ConfUtils.java:logGet(43)) - raft.server.log.appender.install.snapshot.enabled = false (custom)
2019-09-04 05:30:07,052 [695330d6-66f9-4943-9293-d16e4d5ea686:group-FC2D37CC5A23:LeaderElection82] INFO  server.RaftServerConfigKeys (ConfUtils.java:logGet(43)) - raft.server.log.appender.snapshot.chunk.size.max = 16MB (=16777216) (default)
2019-09-04 05:30:07,053 [695330d6-66f9-4943-9293-d16e4d5ea686:group-FC2D37CC5A23:LeaderElection82] INFO  server.RaftServerConfigKeys (ConfUtils.java:logGet(43)) - raft.server.log.appender.buffer.byte-limit = 33554432 (custom)
2019-09-04 05:30:07,053 [695330d6-66f9-4943-9293-d16e4d5ea686:group-FC2D37CC5A23:LeaderElection82] INFO  server.RaftServerConfigKeys (ConfUtils.java:logGet(43)) - raft.server.log.appender.buffer.element-limit = 1 (custom)
2019-09-04 05:30:07,053 [695330d6-66f9-4943-9293-d16e4d5ea686:group-FC2D37CC5A23:LeaderElection82] INFO  grpc.GrpcConfigKeys$Server (ConfUtils.java:logGet(43)) - raft.grpc.server.leader.outstanding.appends.max = 128 (default)
2019-09-04 05:30:07,053 [695330d6-66f9-4943-9293-d16e4d5ea686:group-FC2D37CC5A23:LeaderElection82] INFO  server.RaftServerConfigKeys (ConfUtils.java:logGet(43)) - raft.server.rpc.request.timeout = 3000ms (default)
2019-09-04 05:30:07,053 [695330d6-66f9-4943-9293-d16e4d5ea686:group-FC2D37CC5A23:LeaderElection82] INFO  server.RaftServerConfigKeys (ConfUtils.java:logGet(43)) - raft.server.log.appender.install.snapshot.enabled = false (custom)
2019-09-04 05:30:07,054 [695330d6-66f9-4943-9293-d16e4d5ea686:group-FC2D37CC5A23:LeaderElection82] INFO  impl.RoleInfo (RoleInfo.java:updateAndGet(143)) - 695330d6-66f9-4943-9293-d16e4d5ea686: start LeaderState
2019-09-04 05:30:07,054 [695330d6-66f9-4943-9293-d16e4d5ea686:group-FC2D37CC5A23:LeaderElection82] INFO  segmented.SegmentedRaftLogWorker (SegmentedRaftLogWorker.java:rollLogSegment(385)) - 695330d6-66f9-4943-9293-d16e4d5ea686-SegmentedRaftLogWorker:Storage Directory /workdir/hadoop-ozone/integration-test/target/test-dir/MiniOzoneClusterImpl-58a0207e-7756-41d3-9e8c-a97c8f82cfe0/datanode-3/data/ratis/65cd53f9-4857-42f2-911f-fc2d37cc5a23: Rolling segment log-0_16 to index:16
2019-09-04 05:30:07,056 [695330d6-66f9-4943-9293-d16e4d5ea686:group-FC2D37CC5A23:LeaderElection82] INFO  impl.RaftServerImpl (ServerState.java:setRaftConf(361)) - 695330d6-66f9-4943-9293-d16e4d5ea686:group-FC2D37CC5A23 set configuration 17: [7829b0ca-b8cc-4d14-b96a-9fb080896240:192.168.69.71:41512, 4ba7a24c-5cfe-40cd-b0c9-5f87f6b790e9:192.168.69.71:35457, 695330d6-66f9-4943-9293-d16e4d5ea686:192.168.69.71:37616], old=null at 17
2019-09-04 05:30:07,056 [695330d6-66f9-4943-9293-d16e4d5ea686-SegmentedRaftLogWorker:Storage Directory /workdir/hadoop-ozone/integration-test/target/test-dir/MiniOzoneClusterImpl-58a0207e-7756-41d3-9e8c-a97c8f82cfe0/datanode-3/data/ratis/65cd53f9-4857-42f2-911f-fc2d37cc5a23] INFO  segmented.SegmentedRaftLogWorker (SegmentedRaftLogWorker.java:execute(526)) - 695330d6-66f9-4943-9293-d16e4d5ea686-SegmentedRaftLogWorker:Storage Directory /workdir/hadoop-ozone/integration-test/target/test-dir/MiniOzoneClusterImpl-58a0207e-7756-41d3-9e8c-a97c8f82cfe0/datanode-3/data/ratis/65cd53f9-4857-42f2-911f-fc2d37cc5a23: Rolled log segment from /workdir/hadoop-ozone/integration-test/target/test-dir/MiniOzoneClusterImpl-58a0207e-7756-41d3-9e8c-a97c8f82cfe0/datanode-3/data/ratis/65cd53f9-4857-42f2-911f-fc2d37cc5a23/current/log_inprogress_0 to /workdir/hadoop-ozone/integration-test/target/test-dir/MiniOzoneClusterImpl-58a0207e-7756-41d3-9e8c-a97c8f82cfe0/datanode-3/data/ratis/65cd53f9-4857-42f2-911f-fc2d37cc5a23/current/log_0-16
2019-09-04 05:30:07,056 [grpc-default-executor-6] WARN  server.GrpcLogAppender (LogUtils.java:warn(134)) - 695330d6-66f9-4943-9293-d16e4d5ea686->7829b0ca-b8cc-4d14-b96a-9fb080896240: Failed appendEntries: org.apache.ratis.thirdparty.io.grpc.StatusRuntimeException: UNAVAILABLE: io exception
2019-09-04 05:30:07,056 [grpc-default-executor-6] INFO  impl.FollowerInfo (FollowerInfo.java:lambda$new$0(50)) - 695330d6-66f9-4943-9293-d16e4d5ea686->7829b0ca-b8cc-4d14-b96a-9fb080896240: nextIndex: updateUnconditionally 17 -> 1
2019-09-04 05:30:07,057 [grpc-default-executor-6] INFO  impl.RaftServerImpl (ServerState.java:setLeader(263)) - 4ba7a24c-5cfe-40cd-b0c9-5f87f6b790e9:group-FC2D37CC5A23 change Leader from null to 695330d6-66f9-4943-9293-d16e4d5ea686 at term 3 for appendEntries, leader elected after 5171ms
2019-09-04 05:30:07,060 [grpc-default-executor-6] INFO  impl.RaftServerImpl (ServerState.java:setRaftConf(361)) - 4ba7a24c-5cfe-40cd-b0c9-5f87f6b790e9:group-FC2D37CC5A23 set configuration 17: [7829b0ca-b8cc-4d14-b96a-9fb080896240:192.168.69.71:41512, 4ba7a24c-5cfe-40cd-b0c9-5f87f6b790e9:192.168.69.71:35457, 695330d6-66f9-4943-9293-d16e4d5ea686:192.168.69.71:37616], old=null at 17
2019-09-04 05:30:07,060 [grpc-default-executor-6] INFO  segmented.SegmentedRaftLogWorker (SegmentedRaftLogWorker.java:rollLogSegment(385)) - 4ba7a24c-5cfe-40cd-b0c9-5f87f6b790e9-SegmentedRaftLogWorker:Storage Directory /workdir/hadoop-ozone/integration-test/target/test-dir/MiniOzoneClusterImpl-58a0207e-7756-41d3-9e8c-a97c8f82cfe0/datanode-6/data/ratis/65cd53f9-4857-42f2-911f-fc2d37cc5a23: Rolling segment log-0_16 to index:16
2019-09-04 05:30:07,061 [4ba7a24c-5cfe-40cd-b0c9-5f87f6b790e9-SegmentedRaftLogWorker:Storage Directory /workdir/hadoop-ozone/integration-test/target/test-dir/MiniOzoneClusterImpl-58a0207e-7756-41d3-9e8c-a97c8f82cfe0/datanode-6/data/ratis/65cd53f9-4857-42f2-911f-fc2d37cc5a23] INFO  segmented.SegmentedRaftLogWorker (SegmentedRaftLogWorker.java:execute(526)) - 4ba7a24c-5cfe-40cd-b0c9-5f87f6b790e9-SegmentedRaftLogWorker:Storage Directory /workdir/hadoop-ozone/integration-test/target/test-dir/MiniOzoneClusterImpl-58a0207e-7756-41d3-9e8c-a97c8f82cfe0/datanode-6/data/ratis/65cd53f9-4857-42f2-911f-fc2d37cc5a23: Rolled log segment from /workdir/hadoop-ozone/integration-test/target/test-dir/MiniOzoneClusterImpl-58a0207e-7756-41d3-9e8c-a97c8f82cfe0/datanode-6/data/ratis/65cd53f9-4857-42f2-911f-fc2d37cc5a23/current/log_inprogress_0 to /workdir/hadoop-ozone/integration-test/target/test-dir/MiniOzoneClusterImpl-58a0207e-7756-41d3-9e8c-a97c8f82cfe0/datanode-6/data/ratis/65cd53f9-4857-42f2-911f-fc2d37cc5a23/current/log_0-16
2019-09-04 05:30:07,122 [695330d6-66f9-4943-9293-d16e4d5ea686-SegmentedRaftLogWorker:Storage Directory /workdir/hadoop-ozone/integration-test/target/test-dir/MiniOzoneClusterImpl-58a0207e-7756-41d3-9e8c-a97c8f82cfe0/datanode-3/data/ratis/65cd53f9-4857-42f2-911f-fc2d37cc5a23] INFO  segmented.SegmentedRaftLogWorker (SegmentedRaftLogWorker.java:execute(569)) - 695330d6-66f9-4943-9293-d16e4d5ea686-SegmentedRaftLogWorker:Storage Directory /workdir/hadoop-ozone/integration-test/target/test-dir/MiniOzoneClusterImpl-58a0207e-7756-41d3-9e8c-a97c8f82cfe0/datanode-3/data/ratis/65cd53f9-4857-42f2-911f-fc2d37cc5a23: created new log segment /workdir/hadoop-ozone/integration-test/target/test-dir/MiniOzoneClusterImpl-58a0207e-7756-41d3-9e8c-a97c8f82cfe0/datanode-3/data/ratis/65cd53f9-4857-42f2-911f-fc2d37cc5a23/current/log_inprogress_17
2019-09-04 05:30:07,122 [4ba7a24c-5cfe-40cd-b0c9-5f87f6b790e9-SegmentedRaftLogWorker:Storage Directory /workdir/hadoop-ozone/integration-test/target/test-dir/MiniOzoneClusterImpl-58a0207e-7756-41d3-9e8c-a97c8f82cfe0/datanode-6/data/ratis/65cd53f9-4857-42f2-911f-fc2d37cc5a23] INFO  segmented.SegmentedRaftLogWorker (SegmentedRaftLogWorker.java:execute(569)) - 4ba7a24c-5cfe-40cd-b0c9-5f87f6b790e9-SegmentedRaftLogWorker:Storage Directory /workdir/hadoop-ozone/integration-test/target/test-dir/MiniOzoneClusterImpl-58a0207e-7756-41d3-9e8c-a97c8f82cfe0/datanode-6/data/ratis/65cd53f9-4857-42f2-911f-fc2d37cc5a23: created new log segment /workdir/hadoop-ozone/integration-test/target/test-dir/MiniOzoneClusterImpl-58a0207e-7756-41d3-9e8c-a97c8f82cfe0/datanode-6/data/ratis/65cd53f9-4857-42f2-911f-fc2d37cc5a23/current/log_inprogress_17
2019-09-04 05:30:07,148 [grpc-default-executor-6] INFO  client.GrpcClientProtocolClient (GrpcClientProtocolClient.java:onNext(255)) - client-242CE8D61105->695330d6-66f9-4943-9293-d16e4d5ea686: receive RaftClientReply:client-242CE8D61105->695330d6-66f9-4943-9293-d16e4d5ea686@group-FC2D37CC5A23, cid=192, FAILED org.apache.ratis.protocol.LeaderNotReadyException: 695330d6-66f9-4943-9293-d16e4d5ea686 is in LEADER state but not ready yet., logIndex=0, commits[695330d6-66f9-4943-9293-d16e4d5ea686:c16, 7829b0ca-b8cc-4d14-b96a-9fb080896240:c16, 4ba7a24c-5cfe-40cd-b0c9-5f87f6b790e9:c16]
2019-09-04 05:30:07,159 [grpc-default-executor-8] WARN  server.GrpcLogAppender (LogUtils.java:warn(134)) - 695330d6-66f9-4943-9293-d16e4d5ea686->7829b0ca-b8cc-4d14-b96a-9fb080896240: Failed appendEntries: org.apache.ratis.thirdparty.io.grpc.StatusRuntimeException: UNAVAILABLE: io exception
2019-09-04 05:30:07,159 [grpc-default-executor-8] INFO  impl.FollowerInfo (FollowerInfo.java:lambda$new$0(50)) - 695330d6-66f9-4943-9293-d16e4d5ea686->7829b0ca-b8cc-4d14-b96a-9fb080896240: nextIndex: updateUnconditionally 2 -> 1
2019-09-04 05:30:07,171 [grpc-default-executor-9] WARN  server.GrpcLogAppender (LogUtils.java:warn(134)) - 695330d6-66f9-4943-9293-d16e4d5ea686->7829b0ca-b8cc-4d14-b96a-9fb080896240: Failed appendEntries: org.apache.ratis.thirdparty.io.grpc.StatusRuntimeException: UNAVAILABLE: io exception
2019-09-04 05:30:07,171 [grpc-default-executor-9] INFO  impl.FollowerInfo (FollowerInfo.java:lambda$new$0(50)) - 695330d6-66f9-4943-9293-d16e4d5ea686->7829b0ca-b8cc-4d14-b96a-9fb080896240: nextIndex: updateUnconditionally 2 -> 1
05:30:09.157 [grpc-default-executor-8] ERROR DNAudit - user=null | ip=null | op=WRITE_CHUNK {blockData=conID: 1 locID: 102732594036932621 bcsId: 14} | ret=FAILURE
org.apache.hadoop.hdds.scm.container.common.helpers.ContainerNotOpenException: Container 1 in CLOSING state
	at org.apache.hadoop.ozone.container.common.impl.HddsDispatcher.validateContainerCommand(HddsDispatcher.java:408) ~[hadoop-hdds-container-service-0.5.0-SNAPSHOT.jar:?]
	at org.apache.hadoop.ozone.container.common.transport.server.ratis.ContainerStateMachine.startTransaction(ContainerStateMachine.java:310) ~[hadoop-hdds-container-service-0.5.0-SNAPSHOT.jar:?]
	at org.apache.ratis.server.impl.RaftServerImpl.submitClientRequestAsync(RaftServerImpl.java:566) ~[ratis-server-0.4.0-2337318-SNAPSHOT.jar:0.4.0-2337318-SNAPSHOT]
	at org.apache.ratis.server.impl.RaftServerProxy.lambda$submitClientRequestAsync$7(RaftServerProxy.java:333) ~[ratis-server-0.4.0-2337318-SNAPSHOT.jar:0.4.0-2337318-SNAPSHOT]
	at org.apache.ratis.server.impl.RaftServerProxy.lambda$null$5(RaftServerProxy.java:328) ~[ratis-server-0.4.0-2337318-SNAPSHOT.jar:0.4.0-2337318-SNAPSHOT]
	at org.apache.ratis.util.JavaUtils.callAsUnchecked(JavaUtils.java:109) ~[ratis-common-0.4.0-2337318-SNAPSHOT.jar:0.4.0-2337318-SNAPSHOT]
	at org.apache.ratis.server.impl.RaftServerProxy.lambda$submitRequest$6(RaftServerProxy.java:328) ~[ratis-server-0.4.0-2337318-SNAPSHOT.jar:0.4.0-2337318-SNAPSHOT]
	at java.util.concurrent.CompletableFuture.uniComposeStage(CompletableFuture.java:981) ~[?:1.8.0_212]
	at java.util.concurrent.CompletableFuture.thenCompose(CompletableFuture.java:2124) ~[?:1.8.0_212]
	at org.apache.ratis.server.impl.RaftServerProxy.submitRequest(RaftServerProxy.java:327) ~[ratis-server-0.4.0-2337318-SNAPSHOT.jar:0.4.0-2337318-SNAPSHOT]
	at org.apache.ratis.server.impl.RaftServerProxy.submitClientRequestAsync(RaftServerProxy.java:333) ~[ratis-server-0.4.0-2337318-SNAPSHOT.jar:0.4.0-2337318-SNAPSHOT]
	at org.apache.ratis.grpc.client.GrpcClientProtocolService$RequestStreamObserver.processClientRequest(GrpcClientProtocolService.java:220) ~[ratis-grpc-0.4.0-2337318-SNAPSHOT.jar:0.4.0-2337318-SNAPSHOT]
	at org.apache.ratis.grpc.client.GrpcClientProtocolService$OrderedRequestStreamObserver.processClientRequest(GrpcClientProtocolService.java:326) ~[ratis-grpc-0.4.0-2337318-SNAPSHOT.jar:0.4.0-2337318-SNAPSHOT]
	at org.apache.ratis.util.SlidingWindow$Server.processRequestsFromHead(SlidingWindow.java:429) [ratis-common-0.4.0-2337318-SNAPSHOT.jar:0.4.0-2337318-SNAPSHOT]
	at org.apache.ratis.util.SlidingWindow$Server.receivedRequest(SlidingWindow.java:421) [ratis-common-0.4.0-2337318-SNAPSHOT.jar:0.4.0-2337318-SNAPSHOT]
	at org.apache.ratis.grpc.client.GrpcClientProtocolService$OrderedRequestStreamObserver.processClientRequest(GrpcClientProtocolService.java:345) [ratis-grpc-0.4.0-2337318-SNAPSHOT.jar:0.4.0-2337318-SNAPSHOT]
	at org.apache.ratis.grpc.client.GrpcClientProtocolService$RequestStreamObserver.onNext(GrpcClientProtocolService.java:240) [ratis-grpc-0.4.0-2337318-SNAPSHOT.jar:0.4.0-2337318-SNAPSHOT]
	at org.apache.ratis.grpc.client.GrpcClientProtocolService$RequestStreamObserver.onNext(GrpcClientProtocolService.java:168) [ratis-grpc-0.4.0-2337318-SNAPSHOT.jar:0.4.0-2337318-SNAPSHOT]
	at org.apache.ratis.thirdparty.io.grpc.stub.ServerCalls$StreamingServerCallHandler$StreamingServerCallListener.onMessage(ServerCalls.java:248) [ratis-thirdparty-misc-0.2.0.jar:0.2.0]
	at org.apache.ratis.thirdparty.io.grpc.internal.ServerCallImpl$ServerStreamListenerImpl.messagesAvailable(ServerCallImpl.java:263) [ratis-thirdparty-misc-0.2.0.jar:0.2.0]
	at org.apache.ratis.thirdparty.io.grpc.internal.ServerImpl$JumpToApplicationThreadServerStreamListener$1MessagesAvailable.runInContext(ServerImpl.java:686) [ratis-thirdparty-misc-0.2.0.jar:0.2.0]
	at org.apache.ratis.thirdparty.io.grpc.internal.ContextRunnable.run(ContextRunnable.java:37) [ratis-thirdparty-misc-0.2.0.jar:0.2.0]
	at org.apache.ratis.thirdparty.io.grpc.internal.SerializingExecutor.run(SerializingExecutor.java:123) [ratis-thirdparty-misc-0.2.0.jar:0.2.0]
	at java.util.concurrent.ThreadPoolExecutor.runWorker(ThreadPoolExecutor.java:1149) [?:1.8.0_212]
	at java.util.concurrent.ThreadPoolExecutor$Worker.run(ThreadPoolExecutor.java:624) [?:1.8.0_212]
	at java.lang.Thread.run(Thread.java:748) [?:1.8.0_212]
2019-09-04 05:30:09,169 [grpc-default-executor-8] INFO  client.GrpcClientProtocolClient (GrpcClientProtocolClient.java:onNext(255)) - client-242CE8D61105->695330d6-66f9-4943-9293-d16e4d5ea686: receive RaftClientReply:client-242CE8D61105->695330d6-66f9-4943-9293-d16e4d5ea686@group-FC2D37CC5A23, cid=192, FAILED org.apache.ratis.protocol.StateMachineException: org.apache.hadoop.hdds.scm.container.common.helpers.ContainerNotOpenException from Server 695330d6-66f9-4943-9293-d16e4d5ea686: Container 1 in CLOSING state, logIndex=0, commits[695330d6-66f9-4943-9293-d16e4d5ea686:c18, 7829b0ca-b8cc-4d14-b96a-9fb080896240:c16, 4ba7a24c-5cfe-40cd-b0c9-5f87f6b790e9:c17]
05:30:09.170 [grpc-default-executor-9] ERROR DNAudit - user=null | ip=null | op=WRITE_CHUNK {blockData=conID: 1 locID: 102732594036932621 bcsId: 14} | ret=FAILURE
org.apache.hadoop.hdds.scm.container.common.helpers.ContainerNotOpenException: Container 1 in CLOSING state
	at org.apache.hadoop.ozone.container.common.impl.HddsDispatcher.validateContainerCommand(HddsDispatcher.java:408) ~[hadoop-hdds-container-service-0.5.0-SNAPSHOT.jar:?]
	at org.apache.hadoop.ozone.container.common.transport.server.ratis.ContainerStateMachine.startTransaction(ContainerStateMachine.java:310) ~[hadoop-hdds-container-service-0.5.0-SNAPSHOT.jar:?]
	at org.apache.ratis.server.impl.RaftServerImpl.submitClientRequestAsync(RaftServerImpl.java:566) ~[ratis-server-0.4.0-2337318-SNAPSHOT.jar:0.4.0-2337318-SNAPSHOT]
	at org.apache.ratis.server.impl.RaftServerProxy.lambda$submitClientRequestAsync$7(RaftServerProxy.java:333) ~[ratis-server-0.4.0-2337318-SNAPSHOT.jar:0.4.0-2337318-SNAPSHOT]
	at org.apache.ratis.server.impl.RaftServerProxy.lambda$null$5(RaftServerProxy.java:328) ~[ratis-server-0.4.0-2337318-SNAPSHOT.jar:0.4.0-2337318-SNAPSHOT]
	at org.apache.ratis.util.JavaUtils.callAsUnchecked(JavaUtils.java:109) ~[ratis-common-0.4.0-2337318-SNAPSHOT.jar:0.4.0-2337318-SNAPSHOT]
	at org.apache.ratis.server.impl.RaftServerProxy.lambda$submitRequest$6(RaftServerProxy.java:328) ~[ratis-server-0.4.0-2337318-SNAPSHOT.jar:0.4.0-2337318-SNAPSHOT]
	at java.util.concurrent.CompletableFuture.uniComposeStage(CompletableFuture.java:981) ~[?:1.8.0_212]
	at java.util.concurrent.CompletableFuture.thenCompose(CompletableFuture.java:2124) ~[?:1.8.0_212]
	at org.apache.ratis.server.impl.RaftServerProxy.submitRequest(RaftServerProxy.java:327) ~[ratis-server-0.4.0-2337318-SNAPSHOT.jar:0.4.0-2337318-SNAPSHOT]
	at org.apache.ratis.server.impl.RaftServerProxy.submitClientRequestAsync(RaftServerProxy.java:333) ~[ratis-server-0.4.0-2337318-SNAPSHOT.jar:0.4.0-2337318-SNAPSHOT]
	at org.apache.ratis.grpc.client.GrpcClientProtocolService$RequestStreamObserver.processClientRequest(GrpcClientProtocolService.java:220) ~[ratis-grpc-0.4.0-2337318-SNAPSHOT.jar:0.4.0-2337318-SNAPSHOT]
	at org.apache.ratis.grpc.client.GrpcClientProtocolService$OrderedRequestStreamObserver.processClientRequest(GrpcClientProtocolService.java:326) ~[ratis-grpc-0.4.0-2337318-SNAPSHOT.jar:0.4.0-2337318-SNAPSHOT]
	at org.apache.ratis.util.SlidingWindow$Server.processRequestsFromHead(SlidingWindow.java:429) [ratis-common-0.4.0-2337318-SNAPSHOT.jar:0.4.0-2337318-SNAPSHOT]
	at org.apache.ratis.util.SlidingWindow$Server.receivedRequest(SlidingWindow.java:421) [ratis-common-0.4.0-2337318-SNAPSHOT.jar:0.4.0-2337318-SNAPSHOT]
	at org.apache.ratis.grpc.client.GrpcClientProtocolService$OrderedRequestStreamObserver.processClientRequest(GrpcClientProtocolService.java:345) [ratis-grpc-0.4.0-2337318-SNAPSHOT.jar:0.4.0-2337318-SNAPSHOT]
	at org.apache.ratis.grpc.client.GrpcClientProtocolService$RequestStreamObserver.onNext(GrpcClientProtocolService.java:240) [ratis-grpc-0.4.0-2337318-SNAPSHOT.jar:0.4.0-2337318-SNAPSHOT]
	at org.apache.ratis.grpc.client.GrpcClientProtocolService$RequestStreamObserver.onNext(GrpcClientProtocolService.java:168) [ratis-grpc-0.4.0-2337318-SNAPSHOT.jar:0.4.0-2337318-SNAPSHOT]
	at org.apache.ratis.thirdparty.io.grpc.stub.ServerCalls$StreamingServerCallHandler$StreamingServerCallListener.onMessage(ServerCalls.java:248) [ratis-thirdparty-misc-0.2.0.jar:0.2.0]
	at org.apache.ratis.thirdparty.io.grpc.internal.ServerCallImpl$ServerStreamListenerImpl.messagesAvailable(ServerCallImpl.java:263) [ratis-thirdparty-misc-0.2.0.jar:0.2.0]
	at org.apache.ratis.thirdparty.io.grpc.internal.ServerImpl$JumpToApplicationThreadServerStreamListener$1MessagesAvailable.runInContext(ServerImpl.java:686) [ratis-thirdparty-misc-0.2.0.jar:0.2.0]
	at org.apache.ratis.thirdparty.io.grpc.internal.ContextRunnable.run(ContextRunnable.java:37) [ratis-thirdparty-misc-0.2.0.jar:0.2.0]
	at org.apache.ratis.thirdparty.io.grpc.internal.SerializingExecutor.run(SerializingExecutor.java:123) [ratis-thirdparty-misc-0.2.0.jar:0.2.0]
	at java.util.concurrent.ThreadPoolExecutor.runWorker(ThreadPoolExecutor.java:1149) [?:1.8.0_212]
	at java.util.concurrent.ThreadPoolExecutor$Worker.run(ThreadPoolExecutor.java:624) [?:1.8.0_212]
	at java.lang.Thread.run(Thread.java:748) [?:1.8.0_212]
2019-09-04 05:30:09,181 [grpc-default-executor-8] INFO  client.GrpcClientProtocolClient (GrpcClientProtocolClient.java:onNext(255)) - client-242CE8D61105->695330d6-66f9-4943-9293-d16e4d5ea686: receive RaftClientReply:client-242CE8D61105->695330d6-66f9-4943-9293-d16e4d5ea686@group-FC2D37CC5A23, cid=193, FAILED org.apache.ratis.protocol.StateMachineException: org.apache.hadoop.hdds.scm.container.common.helpers.ContainerNotOpenException from Server 695330d6-66f9-4943-9293-d16e4d5ea686: Container 1 in CLOSING state, logIndex=0, commits[695330d6-66f9-4943-9293-d16e4d5ea686:c18, 7829b0ca-b8cc-4d14-b96a-9fb080896240:c16, 4ba7a24c-5cfe-40cd-b0c9-5f87f6b790e9:c17]
05:30:09.180 [grpc-default-executor-9] ERROR DNAudit - user=null | ip=null | op=PUT_BLOCK {blockData=[blockId=conID: 1 locID: 102732594036932621 bcsId: 0,size=650]} | ret=FAILURE
org.apache.hadoop.hdds.scm.container.common.helpers.ContainerNotOpenException: Container 1 in CLOSING state
	at org.apache.hadoop.ozone.container.common.impl.HddsDispatcher.validateContainerCommand(HddsDispatcher.java:408) ~[hadoop-hdds-container-service-0.5.0-SNAPSHOT.jar:?]
	at org.apache.hadoop.ozone.container.common.transport.server.ratis.ContainerStateMachine.startTransaction(ContainerStateMachine.java:310) ~[hadoop-hdds-container-service-0.5.0-SNAPSHOT.jar:?]
	at org.apache.ratis.server.impl.RaftServerImpl.submitClientRequestAsync(RaftServerImpl.java:566) ~[ratis-server-0.4.0-2337318-SNAPSHOT.jar:0.4.0-2337318-SNAPSHOT]
	at org.apache.ratis.server.impl.RaftServerProxy.lambda$submitClientRequestAsync$7(RaftServerProxy.java:333) ~[ratis-server-0.4.0-2337318-SNAPSHOT.jar:0.4.0-2337318-SNAPSHOT]
	at org.apache.ratis.server.impl.RaftServerProxy.lambda$null$5(RaftServerProxy.java:328) ~[ratis-server-0.4.0-2337318-SNAPSHOT.jar:0.4.0-2337318-SNAPSHOT]
	at org.apache.ratis.util.JavaUtils.callAsUnchecked(JavaUtils.java:109) ~[ratis-common-0.4.0-2337318-SNAPSHOT.jar:0.4.0-2337318-SNAPSHOT]
	at org.apache.ratis.server.impl.RaftServerProxy.lambda$submitRequest$6(RaftServerProxy.java:328) ~[ratis-server-0.4.0-2337318-SNAPSHOT.jar:0.4.0-2337318-SNAPSHOT]
	at java.util.concurrent.CompletableFuture.uniComposeStage(CompletableFuture.java:981) ~[?:1.8.0_212]
	at java.util.concurrent.CompletableFuture.thenCompose(CompletableFuture.java:2124) ~[?:1.8.0_212]
	at org.apache.ratis.server.impl.RaftServerProxy.submitRequest(RaftServerProxy.java:327) ~[ratis-server-0.4.0-2337318-SNAPSHOT.jar:0.4.0-2337318-SNAPSHOT]
	at org.apache.ratis.server.impl.RaftServerProxy.submitClientRequestAsync(RaftServerProxy.java:333) ~[ratis-server-0.4.0-2337318-SNAPSHOT.jar:0.4.0-2337318-SNAPSHOT]
	at org.apache.ratis.grpc.client.GrpcClientProtocolService$RequestStreamObserver.processClientRequest(GrpcClientProtocolService.java:220) ~[ratis-grpc-0.4.0-2337318-SNAPSHOT.jar:0.4.0-2337318-SNAPSHOT]
	at org.apache.ratis.grpc.client.GrpcClientProtocolService$OrderedRequestStreamObserver.processClientRequest(GrpcClientProtocolService.java:326) ~[ratis-grpc-0.4.0-2337318-SNAPSHOT.jar:0.4.0-2337318-SNAPSHOT]
	at org.apache.ratis.util.SlidingWindow$Server.processRequestsFromHead(SlidingWindow.java:429) [ratis-common-0.4.0-2337318-SNAPSHOT.jar:0.4.0-2337318-SNAPSHOT]
	at org.apache.ratis.util.SlidingWindow$Server.receivedRequest(SlidingWindow.java:421) [ratis-common-0.4.0-2337318-SNAPSHOT.jar:0.4.0-2337318-SNAPSHOT]
	at org.apache.ratis.grpc.client.GrpcClientProtocolService$OrderedRequestStreamObserver.processClientRequest(GrpcClientProtocolService.java:345) [ratis-grpc-0.4.0-2337318-SNAPSHOT.jar:0.4.0-2337318-SNAPSHOT]
	at org.apache.ratis.grpc.client.GrpcClientProtocolService$RequestStreamObserver.onNext(GrpcClientProtocolService.java:240) [ratis-grpc-0.4.0-2337318-SNAPSHOT.jar:0.4.0-2337318-SNAPSHOT]
	at org.apache.ratis.grpc.client.GrpcClientProtocolService$RequestStreamObserver.onNext(GrpcClientProtocolService.java:168) [ratis-grpc-0.4.0-2337318-SNAPSHOT.jar:0.4.0-2337318-SNAPSHOT]
	at org.apache.ratis.thirdparty.io.grpc.stub.ServerCalls$StreamingServerCallHandler$StreamingServerCallListener.onMessage(ServerCalls.java:248) [ratis-thirdparty-misc-0.2.0.jar:0.2.0]
	at org.apache.ratis.thirdparty.io.grpc.internal.ServerCallImpl$ServerStreamListenerImpl.messagesAvailable(ServerCallImpl.java:263) [ratis-thirdparty-misc-0.2.0.jar:0.2.0]
	at org.apache.ratis.thirdparty.io.grpc.internal.ServerImpl$JumpToApplicationThreadServerStreamListener$1MessagesAvailable.runInContext(ServerImpl.java:686) [ratis-thirdparty-misc-0.2.0.jar:0.2.0]
	at org.apache.ratis.thirdparty.io.grpc.internal.ContextRunnable.run(ContextRunnable.java:37) [ratis-thirdparty-misc-0.2.0.jar:0.2.0]
	at org.apache.ratis.thirdparty.io.grpc.internal.SerializingExecutor.run(SerializingExecutor.java:123) [ratis-thirdparty-misc-0.2.0.jar:0.2.0]
	at java.util.concurrent.ThreadPoolExecutor.runWorker(ThreadPoolExecutor.java:1149) [?:1.8.0_212]
	at java.util.concurrent.ThreadPoolExecutor$Worker.run(ThreadPoolExecutor.java:624) [?:1.8.0_212]
	at java.lang.Thread.run(Thread.java:748) [?:1.8.0_212]
05:30:09.187 [grpc-default-executor-9] ERROR DNAudit - user=null | ip=null | op=WRITE_CHUNK {blockData=conID: 1 locID: 102732594036932621 bcsId: 14} | ret=FAILURE
org.apache.hadoop.hdds.scm.container.common.helpers.ContainerNotOpenException: Container 1 in CLOSING state
	at org.apache.hadoop.ozone.container.common.impl.HddsDispatcher.validateContainerCommand(HddsDispatcher.java:408) ~[hadoop-hdds-container-service-0.5.0-SNAPSHOT.jar:?]
	at org.apache.hadoop.ozone.container.common.transport.server.ratis.ContainerStateMachine.startTransaction(ContainerStateMachine.java:310) ~[hadoop-hdds-container-service-0.5.0-SNAPSHOT.jar:?]
	at org.apache.ratis.server.impl.RaftServerImpl.submitClientRequestAsync(RaftServerImpl.java:566) ~[ratis-server-0.4.0-2337318-SNAPSHOT.jar:0.4.0-2337318-SNAPSHOT]
	at org.apache.ratis.server.impl.RaftServerProxy.lambda$submitClientRequestAsync$7(RaftServerProxy.java:333) ~[ratis-server-0.4.0-2337318-SNAPSHOT.jar:0.4.0-2337318-SNAPSHOT]
	at org.apache.ratis.server.impl.RaftServerProxy.lambda$null$5(RaftServerProxy.java:328) ~[ratis-server-0.4.0-2337318-SNAPSHOT.jar:0.4.0-2337318-SNAPSHOT]
	at org.apache.ratis.util.JavaUtils.callAsUnchecked(JavaUtils.java:109) ~[ratis-common-0.4.0-2337318-SNAPSHOT.jar:0.4.0-2337318-SNAPSHOT]
	at org.apache.ratis.server.impl.RaftServerProxy.lambda$submitRequest$6(RaftServerProxy.java:328) ~[ratis-server-0.4.0-2337318-SNAPSHOT.jar:0.4.0-2337318-SNAPSHOT]
	at java.util.concurrent.CompletableFuture.uniComposeStage(CompletableFuture.java:981) ~[?:1.8.0_212]
	at java.util.concurrent.CompletableFuture.thenCompose(CompletableFuture.java:2124) ~[?:1.8.0_212]
	at org.apache.ratis.server.impl.RaftServerProxy.submitRequest(RaftServerProxy.java:327) ~[ratis-server-0.4.0-2337318-SNAPSHOT.jar:0.4.0-2337318-SNAPSHOT]
	at org.apache.ratis.server.impl.RaftServerProxy.submitClientRequestAsync(RaftServerProxy.java:333) ~[ratis-server-0.4.0-2337318-SNAPSHOT.jar:0.4.0-2337318-SNAPSHOT]
	at org.apache.ratis.grpc.client.GrpcClientProtocolService$RequestStreamObserver.processClientRequest(GrpcClientProtocolService.java:220) ~[ratis-grpc-0.4.0-2337318-SNAPSHOT.jar:0.4.0-2337318-SNAPSHOT]
	at org.apache.ratis.grpc.client.GrpcClientProtocolService$OrderedRequestStreamObserver.processClientRequest(GrpcClientProtocolService.java:326) ~[ratis-grpc-0.4.0-2337318-SNAPSHOT.jar:0.4.0-2337318-SNAPSHOT]
	at org.apache.ratis.util.SlidingWindow$Server.processRequestsFromHead(SlidingWindow.java:429) [ratis-common-0.4.0-2337318-SNAPSHOT.jar:0.4.0-2337318-SNAPSHOT]
	at org.apache.ratis.util.SlidingWindow$Server.receivedRequest(SlidingWindow.java:421) [ratis-common-0.4.0-2337318-SNAPSHOT.jar:0.4.0-2337318-SNAPSHOT]
	at org.apache.ratis.grpc.client.GrpcClientProtocolService$OrderedRequestStreamObserver.processClientRequest(GrpcClientProtocolService.java:345) [ratis-grpc-0.4.0-2337318-SNAPSHOT.jar:0.4.0-2337318-SNAPSHOT]
	at org.apache.ratis.grpc.client.GrpcClientProtocolService$RequestStreamObserver.onNext(GrpcClientProtocolService.java:240) [ratis-grpc-0.4.0-2337318-SNAPSHOT.jar:0.4.0-2337318-SNAPSHOT]
	at org.apache.ratis.grpc.client.GrpcClientProtocolService$RequestStreamObserver.onNext(GrpcClientProtocolService.java:168) [ratis-grpc-0.4.0-2337318-SNAPSHOT.jar:0.4.0-2337318-SNAPSHOT]
	at org.apache.ratis.thirdparty.io.grpc.stub.ServerCalls$StreamingServerCallHandler$StreamingServerCallListener.onMessage(ServerCalls.java:248) [ratis-thirdparty-misc-0.2.0.jar:0.2.0]
	at org.apache.ratis.thirdparty.io.grpc.internal.ServerCallImpl$ServerStreamListenerImpl.messagesAvailable(ServerCallImpl.java:263) [ratis-thirdparty-misc-0.2.0.jar:0.2.0]
	at org.apache.ratis.thirdparty.io.grpc.internal.ServerImpl$JumpToApplicationThreadServerStreamListener$1MessagesAvailable.runInContext(ServerImpl.java:686) [ratis-thirdparty-misc-0.2.0.jar:0.2.0]
	at org.apache.ratis.thirdparty.io.grpc.internal.ContextRunnable.run(ContextRunnable.java:37) [ratis-thirdparty-misc-0.2.0.jar:0.2.0]
	at org.apache.ratis.thirdparty.io.grpc.internal.SerializingExecutor.run(SerializingExecutor.java:123) [ratis-thirdparty-misc-0.2.0.jar:0.2.0]
	at java.util.concurrent.ThreadPoolExecutor.runWorker(ThreadPoolExecutor.java:1149) [?:1.8.0_212]
	at java.util.concurrent.ThreadPoolExecutor$Worker.run(ThreadPoolExecutor.java:624) [?:1.8.0_212]
	at java.lang.Thread.run(Thread.java:748) [?:1.8.0_212]
2019-09-04 05:30:09,188 [grpc-default-executor-8] INFO  client.GrpcClientProtocolClient (GrpcClientProtocolClient.java:onNext(255)) - client-242CE8D61105->695330d6-66f9-4943-9293-d16e4d5ea686: receive RaftClientReply:client-242CE8D61105->695330d6-66f9-4943-9293-d16e4d5ea686@group-FC2D37CC5A23, cid=194, FAILED org.apache.ratis.protocol.StateMachineException: org.apache.hadoop.hdds.scm.container.common.helpers.ContainerNotOpenException from Server 695330d6-66f9-4943-9293-d16e4d5ea686: Container 1 in CLOSING state, logIndex=0, commits[695330d6-66f9-4943-9293-d16e4d5ea686:c18, 7829b0ca-b8cc-4d14-b96a-9fb080896240:c16, 4ba7a24c-5cfe-40cd-b0c9-5f87f6b790e9:c17]
05:30:09.199 [grpc-default-executor-9] ERROR DNAudit - user=null | ip=null | op=WRITE_CHUNK {blockData=conID: 1 locID: 102732594036932621 bcsId: 14} | ret=FAILURE
org.apache.hadoop.hdds.scm.container.common.helpers.ContainerNotOpenException: Container 1 in CLOSING state
	at org.apache.hadoop.ozone.container.common.impl.HddsDispatcher.validateContainerCommand(HddsDispatcher.java:408) ~[hadoop-hdds-container-service-0.5.0-SNAPSHOT.jar:?]
	at org.apache.hadoop.ozone.container.common.transport.server.ratis.ContainerStateMachine.startTransaction(ContainerStateMachine.java:310) ~[hadoop-hdds-container-service-0.5.0-SNAPSHOT.jar:?]
	at org.apache.ratis.server.impl.RaftServerImpl.submitClientRequestAsync(RaftServerImpl.java:566) ~[ratis-server-0.4.0-2337318-SNAPSHOT.jar:0.4.0-2337318-SNAPSHOT]
	at org.apache.ratis.server.impl.RaftServerProxy.lambda$submitClientRequestAsync$7(RaftServerProxy.java:333) ~[ratis-server-0.4.0-2337318-SNAPSHOT.jar:0.4.0-2337318-SNAPSHOT]
	at org.apache.ratis.server.impl.RaftServerProxy.lambda$null$5(RaftServerProxy.java:328) ~[ratis-server-0.4.0-2337318-SNAPSHOT.jar:0.4.0-2337318-SNAPSHOT]
	at org.apache.ratis.util.JavaUtils.callAsUnchecked(JavaUtils.java:109) ~[ratis-common-0.4.0-2337318-SNAPSHOT.jar:0.4.0-2337318-SNAPSHOT]
	at org.apache.ratis.server.impl.RaftServerProxy.lambda$submitRequest$6(RaftServerProxy.java:328) ~[ratis-server-0.4.0-2337318-SNAPSHOT.jar:0.4.0-2337318-SNAPSHOT]
	at java.util.concurrent.CompletableFuture.uniComposeStage(CompletableFuture.java:981) ~[?:1.8.0_212]
	at java.util.concurrent.CompletableFuture.thenCompose(CompletableFuture.java:2124) ~[?:1.8.0_212]
	at org.apache.ratis.server.impl.RaftServerProxy.submitRequest(RaftServerProxy.java:327) ~[ratis-server-0.4.0-2337318-SNAPSHOT.jar:0.4.0-2337318-SNAPSHOT]
	at org.apache.ratis.server.impl.RaftServerProxy.submitClientRequestAsync(RaftServerProxy.java:333) ~[ratis-server-0.4.0-2337318-SNAPSHOT.jar:0.4.0-2337318-SNAPSHOT]
	at org.apache.ratis.grpc.client.GrpcClientProtocolService$RequestStreamObserver.processClientRequest(GrpcClientProtocolService.java:220) ~[ratis-grpc-0.4.0-2337318-SNAPSHOT.jar:0.4.0-2337318-SNAPSHOT]
	at org.apache.ratis.grpc.client.GrpcClientProtocolService$OrderedRequestStreamObserver.processClientRequest(GrpcClientProtocolService.java:326) ~[ratis-grpc-0.4.0-2337318-SNAPSHOT.jar:0.4.0-2337318-SNAPSHOT]
	at org.apache.ratis.util.SlidingWindow$Server.processRequestsFromHead(SlidingWindow.java:429) [ratis-common-0.4.0-2337318-SNAPSHOT.jar:0.4.0-2337318-SNAPSHOT]
	at org.apache.ratis.util.SlidingWindow$Server.receivedRequest(SlidingWindow.java:421) [ratis-common-0.4.0-2337318-SNAPSHOT.jar:0.4.0-2337318-SNAPSHOT]
	at org.apache.ratis.grpc.client.GrpcClientProtocolService$OrderedRequestStreamObserver.processClientRequest(GrpcClientProtocolService.java:345) [ratis-grpc-0.4.0-2337318-SNAPSHOT.jar:0.4.0-2337318-SNAPSHOT]
	at org.apache.ratis.grpc.client.GrpcClientProtocolService$RequestStreamObserver.onNext(GrpcClientProtocolService.java:240) [ratis-grpc-0.4.0-2337318-SNAPSHOT.jar:0.4.0-2337318-SNAPSHOT]
	at org.apache.ratis.grpc.client.GrpcClientProtocolService$RequestStreamObserver.onNext(GrpcClientProtocolService.java:168) [ratis-grpc-0.4.0-2337318-SNAPSHOT.jar:0.4.0-2337318-SNAPSHOT]
	at org.apache.ratis.thirdparty.io.grpc.stub.ServerCalls$StreamingServerCallHandler$StreamingServerCallListener.onMessage(ServerCalls.java:248) [ratis-thirdparty-misc-0.2.0.jar:0.2.0]
	at org.apache.ratis.thirdparty.io.grpc.internal.ServerCallImpl$ServerStreamListenerImpl.messagesAvailable(ServerCallImpl.java:263) [ratis-thirdparty-misc-0.2.0.jar:0.2.0]
	at org.apache.ratis.thirdparty.io.grpc.internal.ServerImpl$JumpToApplicationThreadServerStreamListener$1MessagesAvailable.runInContext(ServerImpl.java:686) [ratis-thirdparty-misc-0.2.0.jar:0.2.0]
	at org.apache.ratis.thirdparty.io.grpc.internal.ContextRunnable.run(ContextRunnable.java:37) [ratis-thirdparty-misc-0.2.0.jar:0.2.0]
	at org.apache.ratis.thirdparty.io.grpc.internal.SerializingExecutor.run(SerializingExecutor.java:123) [ratis-thirdparty-misc-0.2.0.jar:0.2.0]
	at java.util.concurrent.ThreadPoolExecutor.runWorker(ThreadPoolExecutor.java:1149) [?:1.8.0_212]
	at java.util.concurrent.ThreadPoolExecutor$Worker.run(ThreadPoolExecutor.java:624) [?:1.8.0_212]
	at java.lang.Thread.run(Thread.java:748) [?:1.8.0_212]
2019-09-04 05:30:09,205 [grpc-default-executor-8] INFO  client.GrpcClientProtocolClient (GrpcClientProtocolClient.java:onNext(255)) - client-242CE8D61105->695330d6-66f9-4943-9293-d16e4d5ea686: receive RaftClientReply:client-242CE8D61105->695330d6-66f9-4943-9293-d16e4d5ea686@group-FC2D37CC5A23, cid=195, FAILED org.apache.ratis.protocol.StateMachineException: org.apache.hadoop.hdds.scm.container.common.helpers.ContainerNotOpenException from Server 695330d6-66f9-4943-9293-d16e4d5ea686: Container 1 in CLOSING state, logIndex=0, commits[695330d6-66f9-4943-9293-d16e4d5ea686:c18, 7829b0ca-b8cc-4d14-b96a-9fb080896240:c16, 4ba7a24c-5cfe-40cd-b0c9-5f87f6b790e9:c17]
2019-09-04 05:30:09,207 [grpc-default-executor-8] INFO  client.GrpcClientProtocolClient (GrpcClientProtocolClient.java:onNext(255)) - client-242CE8D61105->695330d6-66f9-4943-9293-d16e4d5ea686: receive RaftClientReply:client-242CE8D61105->695330d6-66f9-4943-9293-d16e4d5ea686@group-FC2D37CC5A23, cid=196, FAILED org.apache.ratis.protocol.StateMachineException: org.apache.hadoop.hdds.scm.container.common.helpers.ContainerNotOpenException from Server 695330d6-66f9-4943-9293-d16e4d5ea686: Container 1 in CLOSING state, logIndex=0, commits[695330d6-66f9-4943-9293-d16e4d5ea686:c18, 7829b0ca-b8cc-4d14-b96a-9fb080896240:c16, 4ba7a24c-5cfe-40cd-b0c9-5f87f6b790e9:c17]
05:30:09.206 [grpc-default-executor-9] ERROR DNAudit - user=null | ip=null | op=PUT_BLOCK {blockData=[blockId=conID: 1 locID: 102732594036932621 bcsId: 0,size=800]} | ret=FAILURE
org.apache.hadoop.hdds.scm.container.common.helpers.ContainerNotOpenException: Container 1 in CLOSING state
	at org.apache.hadoop.ozone.container.common.impl.HddsDispatcher.validateContainerCommand(HddsDispatcher.java:408) ~[hadoop-hdds-container-service-0.5.0-SNAPSHOT.jar:?]
	at org.apache.hadoop.ozone.container.common.transport.server.ratis.ContainerStateMachine.startTransaction(ContainerStateMachine.java:310) ~[hadoop-hdds-container-service-0.5.0-SNAPSHOT.jar:?]
	at org.apache.ratis.server.impl.RaftServerImpl.submitClientRequestAsync(RaftServerImpl.java:566) ~[ratis-server-0.4.0-2337318-SNAPSHOT.jar:0.4.0-2337318-SNAPSHOT]
	at org.apache.ratis.server.impl.RaftServerProxy.lambda$submitClientRequestAsync$7(RaftServerProxy.java:333) ~[ratis-server-0.4.0-2337318-SNAPSHOT.jar:0.4.0-2337318-SNAPSHOT]
	at org.apache.ratis.server.impl.RaftServerProxy.lambda$null$5(RaftServerProxy.java:328) ~[ratis-server-0.4.0-2337318-SNAPSHOT.jar:0.4.0-2337318-SNAPSHOT]
	at org.apache.ratis.util.JavaUtils.callAsUnchecked(JavaUtils.java:109) ~[ratis-common-0.4.0-2337318-SNAPSHOT.jar:0.4.0-2337318-SNAPSHOT]
	at org.apache.ratis.server.impl.RaftServerProxy.lambda$submitRequest$6(RaftServerProxy.java:328) ~[ratis-server-0.4.0-2337318-SNAPSHOT.jar:0.4.0-2337318-SNAPSHOT]
	at java.util.concurrent.CompletableFuture.uniComposeStage(CompletableFuture.java:981) ~[?:1.8.0_212]
	at java.util.concurrent.CompletableFuture.thenCompose(CompletableFuture.java:2124) ~[?:1.8.0_212]
	at org.apache.ratis.server.impl.RaftServerProxy.submitRequest(RaftServerProxy.java:327) ~[ratis-server-0.4.0-2337318-SNAPSHOT.jar:0.4.0-2337318-SNAPSHOT]
	at org.apache.ratis.server.impl.RaftServerProxy.submitClientRequestAsync(RaftServerProxy.java:333) ~[ratis-server-0.4.0-2337318-SNAPSHOT.jar:0.4.0-2337318-SNAPSHOT]
	at org.apache.ratis.grpc.client.GrpcClientProtocolService$RequestStreamObserver.processClientRequest(GrpcClientProtocolService.java:220) ~[ratis-grpc-0.4.0-2337318-SNAPSHOT.jar:0.4.0-2337318-SNAPSHOT]
	at org.apache.ratis.grpc.client.GrpcClientProtocolService$OrderedRequestStreamObserver.processClientRequest(GrpcClientProtocolService.java:326) ~[ratis-grpc-0.4.0-2337318-SNAPSHOT.jar:0.4.0-2337318-SNAPSHOT]
	at org.apache.ratis.util.SlidingWindow$Server.processRequestsFromHead(SlidingWindow.java:429) [ratis-common-0.4.0-2337318-SNAPSHOT.jar:0.4.0-2337318-SNAPSHOT]
	at org.apache.ratis.util.SlidingWindow$Server.receivedRequest(SlidingWindow.java:421) [ratis-common-0.4.0-2337318-SNAPSHOT.jar:0.4.0-2337318-SNAPSHOT]
	at org.apache.ratis.grpc.client.GrpcClientProtocolService$OrderedRequestStreamObserver.processClientRequest(GrpcClientProtocolService.java:345) [ratis-grpc-0.4.0-2337318-SNAPSHOT.jar:0.4.0-2337318-SNAPSHOT]
	at org.apache.ratis.grpc.client.GrpcClientProtocolService$RequestStreamObserver.onNext(GrpcClientProtocolService.java:240) [ratis-grpc-0.4.0-2337318-SNAPSHOT.jar:0.4.0-2337318-SNAPSHOT]
	at org.apache.ratis.grpc.client.GrpcClientProtocolService$RequestStreamObserver.onNext(GrpcClientProtocolService.java:168) [ratis-grpc-0.4.0-2337318-SNAPSHOT.jar:0.4.0-2337318-SNAPSHOT]
	at org.apache.ratis.thirdparty.io.grpc.stub.ServerCalls$StreamingServerCallHandler$StreamingServerCallListener.onMessage(ServerCalls.java:248) [ratis-thirdparty-misc-0.2.0.jar:0.2.0]
	at org.apache.ratis.thirdparty.io.grpc.internal.ServerCallImpl$ServerStreamListenerImpl.messagesAvailable(ServerCallImpl.java:263) [ratis-thirdparty-misc-0.2.0.jar:0.2.0]
	at org.apache.ratis.thirdparty.io.grpc.internal.ServerImpl$JumpToApplicationThreadServerStreamListener$1MessagesAvailable.runInContext(ServerImpl.java:686) [ratis-thirdparty-misc-0.2.0.jar:0.2.0]
	at org.apache.ratis.thirdparty.io.grpc.internal.ContextRunnable.run(ContextRunnable.java:37) [ratis-thirdparty-misc-0.2.0.jar:0.2.0]
	at org.apache.ratis.thirdparty.io.grpc.internal.SerializingExecutor.run(SerializingExecutor.java:123) [ratis-thirdparty-misc-0.2.0.jar:0.2.0]
	at java.util.concurrent.ThreadPoolExecutor.runWorker(ThreadPoolExecutor.java:1149) [?:1.8.0_212]
	at java.util.concurrent.ThreadPoolExecutor$Worker.run(ThreadPoolExecutor.java:624) [?:1.8.0_212]
	at java.lang.Thread.run(Thread.java:748) [?:1.8.0_212]
2019-09-04 05:30:09,213 [grpc-default-executor-9] INFO  client.GrpcClientProtocolClient (GrpcClientProtocolClient.java:onNext(255)) - client-242CE8D61105->695330d6-66f9-4943-9293-d16e4d5ea686: receive RaftClientReply:client-242CE8D61105->695330d6-66f9-4943-9293-d16e4d5ea686@group-FC2D37CC5A23, cid=197, FAILED org.apache.ratis.protocol.StateMachineException: org.apache.hadoop.hdds.scm.container.common.helpers.ContainerNotOpenException from Server 695330d6-66f9-4943-9293-d16e4d5ea686: Container 1 in CLOSING state, logIndex=0, commits[695330d6-66f9-4943-9293-d16e4d5ea686:c18, 7829b0ca-b8cc-4d14-b96a-9fb080896240:c16, 4ba7a24c-5cfe-40cd-b0c9-5f87f6b790e9:c17]
2019-09-04 05:30:09,272 [grpc-default-executor-9] INFO  client.GrpcClientProtocolClient (GrpcClientProtocolClient.java:onNext(255)) - client-8505BF7AF049->74de5f20-9e74-428d-822d-cb54bc80bbbc: receive RaftClientReply:client-8505BF7AF049->74de5f20-9e74-428d-822d-cb54bc80bbbc@group-33A5AD31EFDD, cid=198, FAILED org.apache.ratis.protocol.NotLeaderException: Server 74de5f20-9e74-428d-822d-cb54bc80bbbc is not the leader (7ed9d160-43c5-43d1-a33d-bb7525b67925:192.168.69.71:38298). Request must be sent to leader., logIndex=0, commits[74de5f20-9e74-428d-822d-cb54bc80bbbc:c0, 7ed9d160-43c5-43d1-a33d-bb7525b67925:c0, 53d70931-b2a7-4310-8fe8-2c0a4a694a6e:c0]
2019-09-04 05:30:09,454 [grpc-default-executor-8] INFO  client.GrpcClientProtocolClient (GrpcClientProtocolClient.java:onNext(255)) - client-8505BF7AF049->7ed9d160-43c5-43d1-a33d-bb7525b67925: receive RaftClientReply:client-8505BF7AF049->7ed9d160-43c5-43d1-a33d-bb7525b67925@group-33A5AD31EFDD, cid=198, SUCCESS, logIndex=1, commits[7ed9d160-43c5-43d1-a33d-bb7525b67925:c1, 74de5f20-9e74-428d-822d-cb54bc80bbbc:c0, 53d70931-b2a7-4310-8fe8-2c0a4a694a6e:c0]
2019-09-04 05:30:09,497 [grpc-default-executor-8] INFO  client.GrpcClientProtocolClient (GrpcClientProtocolClient.java:onNext(255)) - client-8505BF7AF049->7ed9d160-43c5-43d1-a33d-bb7525b67925: receive RaftClientReply:client-8505BF7AF049->7ed9d160-43c5-43d1-a33d-bb7525b67925@group-33A5AD31EFDD, cid=199, SUCCESS, logIndex=3, commits[7ed9d160-43c5-43d1-a33d-bb7525b67925:c5, 74de5f20-9e74-428d-822d-cb54bc80bbbc:c2, 53d70931-b2a7-4310-8fe8-2c0a4a694a6e:c2]
2019-09-04 05:30:09,550 [grpc-default-executor-8] INFO  client.GrpcClientProtocolClient (GrpcClientProtocolClient.java:onNext(255)) - client-8505BF7AF049->7ed9d160-43c5-43d1-a33d-bb7525b67925: receive RaftClientReply:client-8505BF7AF049->7ed9d160-43c5-43d1-a33d-bb7525b67925@group-33A5AD31EFDD, cid=200, SUCCESS, logIndex=4, commits[7ed9d160-43c5-43d1-a33d-bb7525b67925:c11, 74de5f20-9e74-428d-822d-cb54bc80bbbc:c7, 53d70931-b2a7-4310-8fe8-2c0a4a694a6e:c7]
2019-09-04 05:30:09,551 [grpc-default-executor-8] INFO  client.GrpcClientProtocolClient (GrpcClientProtocolClient.java:onNext(255)) - client-8505BF7AF049->7ed9d160-43c5-43d1-a33d-bb7525b67925: receive RaftClientReply:client-8505BF7AF049->7ed9d160-43c5-43d1-a33d-bb7525b67925@group-33A5AD31EFDD, cid=201, SUCCESS, logIndex=5, commits[7ed9d160-43c5-43d1-a33d-bb7525b67925:c11, 74de5f20-9e74-428d-822d-cb54bc80bbbc:c7, 53d70931-b2a7-4310-8fe8-2c0a4a694a6e:c7]
2019-09-04 05:30:09,552 [grpc-default-executor-8] INFO  client.GrpcClientProtocolClient (GrpcClientProtocolClient.java:onNext(255)) - client-8505BF7AF049->7ed9d160-43c5-43d1-a33d-bb7525b67925: receive RaftClientReply:client-8505BF7AF049->7ed9d160-43c5-43d1-a33d-bb7525b67925@group-33A5AD31EFDD, cid=202, SUCCESS, logIndex=6, commits[7ed9d160-43c5-43d1-a33d-bb7525b67925:c11, 74de5f20-9e74-428d-822d-cb54bc80bbbc:c7, 53d70931-b2a7-4310-8fe8-2c0a4a694a6e:c7]
2019-09-04 05:30:09,637 [grpc-default-executor-8] INFO  client.GrpcClientProtocolClient (GrpcClientProtocolClient.java:onNext(255)) - client-8505BF7AF049->7ed9d160-43c5-43d1-a33d-bb7525b67925: receive RaftClientReply:client-8505BF7AF049->7ed9d160-43c5-43d1-a33d-bb7525b67925@group-33A5AD31EFDD, cid=203, SUCCESS, logIndex=7, commits[7ed9d160-43c5-43d1-a33d-bb7525b67925:c11, 74de5f20-9e74-428d-822d-cb54bc80bbbc:c7, 53d70931-b2a7-4310-8fe8-2c0a4a694a6e:c7]
2019-09-04 05:30:09,655 [grpc-default-executor-8] INFO  client.GrpcClientProtocolClient (GrpcClientProtocolClient.java:onNext(255)) - client-8505BF7AF049->7ed9d160-43c5-43d1-a33d-bb7525b67925: receive RaftClientReply:client-8505BF7AF049->7ed9d160-43c5-43d1-a33d-bb7525b67925@group-33A5AD31EFDD, cid=204, SUCCESS, logIndex=12, commits[7ed9d160-43c5-43d1-a33d-bb7525b67925:c13, 74de5f20-9e74-428d-822d-cb54bc80bbbc:c11, 53d70931-b2a7-4310-8fe8-2c0a4a694a6e:c11]
2019-09-04 05:30:09,656 [grpc-default-executor-8] INFO  client.GrpcClientProtocolClient (GrpcClientProtocolClient.java:onNext(255)) - client-8505BF7AF049->7ed9d160-43c5-43d1-a33d-bb7525b67925: receive RaftClientReply:client-8505BF7AF049->7ed9d160-43c5-43d1-a33d-bb7525b67925@group-33A5AD31EFDD, cid=205, SUCCESS, logIndex=13, commits[7ed9d160-43c5-43d1-a33d-bb7525b67925:c13, 74de5f20-9e74-428d-822d-cb54bc80bbbc:c11, 53d70931-b2a7-4310-8fe8-2c0a4a694a6e:c11]
2019-09-04 05:30:09,682 [grpc-default-executor-6] WARN  server.GrpcLogAppender (LogUtils.java:warn(134)) - 695330d6-66f9-4943-9293-d16e4d5ea686->7829b0ca-b8cc-4d14-b96a-9fb080896240: Failed appendEntries: org.apache.ratis.thirdparty.io.grpc.StatusRuntimeException: UNAVAILABLE: io exception
2019-09-04 05:30:09,683 [grpc-default-executor-6] INFO  impl.FollowerInfo (FollowerInfo.java:lambda$new$0(50)) - 695330d6-66f9-4943-9293-d16e4d5ea686->7829b0ca-b8cc-4d14-b96a-9fb080896240: nextIndex: updateUnconditionally 1 -> 0
2019-09-04 05:30:09,683 [grpc-default-executor-9] INFO  client.GrpcClientProtocolClient (GrpcClientProtocolClient.java:onNext(255)) - client-8505BF7AF049->7ed9d160-43c5-43d1-a33d-bb7525b67925: receive RaftClientReply:client-8505BF7AF049->7ed9d160-43c5-43d1-a33d-bb7525b67925@group-33A5AD31EFDD, cid=206, SUCCESS, logIndex=0, commits[7ed9d160-43c5-43d1-a33d-bb7525b67925:c15, 74de5f20-9e74-428d-822d-cb54bc80bbbc:c13, 53d70931-b2a7-4310-8fe8-2c0a4a694a6e:c13]
2019-09-04 05:30:09,684 [main] INFO  ozone.MiniOzoneClusterImpl (MiniOzoneClusterImpl.java:shutdown(307)) - Shutting down the Mini Ozone Cluster
2019-09-04 05:30:09,685 [main] INFO  ozone.MiniOzoneClusterImpl (MiniOzoneClusterImpl.java:stop(322)) - Stopping the Mini Ozone Cluster
2019-09-04 05:30:09,685 [main] INFO  ozone.MiniOzoneClusterImpl (MiniOzoneClusterImpl.java:stop(324)) - Stopping the OzoneManager
2019-09-04 05:30:09,685 [main] INFO  ipc.Server (Server.java:stop(3082)) - Stopping server on 39370
2019-09-04 05:30:09,693 [IPC Server listener on 39370] INFO  ipc.Server (Server.java:run(1185)) - Stopping IPC Server listener on 39370
2019-09-04 05:30:09,695 [IPC Server Responder] INFO  ipc.Server (Server.java:run(1319)) - Stopping IPC Server Responder
2019-09-04 05:30:09,695 [main] INFO  ratis.OzoneManagerDoubleBuffer (OzoneManagerDoubleBuffer.java:stop(248)) - Stopping OMDoubleBuffer flush thread
2019-09-04 05:30:09,706 [OMDoubleBufferFlushThread] INFO  ratis.OzoneManagerDoubleBuffer (OzoneManagerDoubleBuffer.java:flushTransactions(191)) - OMDoubleBuffer flush thread OMDoubleBufferFlushThread is interrupted and will exit. OMDoubleBufferFlushThread
2019-09-04 05:30:09,713 [main] INFO  utils.BackgroundService (BackgroundService.java:shutdown(148)) - Shutting down service KeyDeletingService
2019-09-04 05:30:09,715 [main] INFO  handler.ContextHandler (ContextHandler.java:doStop(910)) - Stopped o.e.j.w.WebAppContext@22a6d75c{/,null,UNAVAILABLE}{/ozoneManager}
2019-09-04 05:30:09,716 [main] INFO  server.AbstractConnector (AbstractConnector.java:doStop(318)) - Stopped ServerConnector@5a9840f3{HTTP/1.1,[http/1.1]}{0.0.0.0:0}
2019-09-04 05:30:09,716 [main] INFO  handler.ContextHandler (ContextHandler.java:doStop(910)) - Stopped o.e.j.s.ServletContextHandler@24134cbc{/static,file:///workdir/hadoop-ozone/integration-test/target/test-classes/webapps/static,UNAVAILABLE}
2019-09-04 05:30:09,716 [main] INFO  handler.ContextHandler (ContextHandler.java:doStop(910)) - Stopped o.e.j.s.ServletContextHandler@6da54910{/logs,file:///workdir/hadoop-ozone/integration-test/target/log,UNAVAILABLE}
2019-09-04 05:30:09,719 [main] INFO  ozone.MiniOzoneClusterImpl (MiniOzoneClusterImpl.java:stop(330)) - Shutting the HddsDatanodes
2019-09-04 05:30:10,398 [Datanode State Machine Thread - 0] INFO  statemachine.DatanodeStateMachine (DatanodeStateMachine.java:lambda$startDaemon$0(350)) - Ozone container server started.
2019-09-04 05:30:10,443 [Datanode State Machine Thread - 0] INFO  statemachine.DatanodeStateMachine (DatanodeStateMachine.java:lambda$startDaemon$0(350)) - Ozone container server started.
2019-09-04 05:30:12,179 [grpc-default-executor-9] WARN  server.GrpcLogAppender (LogUtils.java:warn(134)) - 695330d6-66f9-4943-9293-d16e4d5ea686->7829b0ca-b8cc-4d14-b96a-9fb080896240: Failed appendEntries: org.apache.ratis.thirdparty.io.grpc.StatusRuntimeException: UNAVAILABLE: io exception
2019-09-04 05:30:12,180 [grpc-default-executor-9] INFO  impl.FollowerInfo (FollowerInfo.java:lambda$new$0(50)) - 695330d6-66f9-4943-9293-d16e4d5ea686->7829b0ca-b8cc-4d14-b96a-9fb080896240: nextIndex: updateUnconditionally 0 -> 0
2019-09-04 05:30:14,486 [EventQueue-StaleNodeForStaleNodeHandler] INFO  node.StaleNodeHandler (StaleNodeHandler.java:onMessage(58)) - Datanode 74de5f20-9e74-428d-822d-cb54bc80bbbc{ip: 192.168.69.71, host: trunk-nightly-20190904-cdstp-2721877886, networkLocation: /default-rack, certSerialId: null} moved to stale state. Finalizing its pipelines [PipelineID=29922b1e-ce19-4447-b7e7-e33173ec0e23, PipelineID=5fb63b14-baf0-442d-8038-33a5ad31efdd]
2019-09-04 05:30:14,487 [EventQueue-StaleNodeForStaleNodeHandler] INFO  pipeline.SCMPipelineManager (SCMPipelineManager.java:finalizeAndDestroyPipeline(311)) - destroying pipeline:Pipeline[ Id: 29922b1e-ce19-4447-b7e7-e33173ec0e23, Nodes: 74de5f20-9e74-428d-822d-cb54bc80bbbc{ip: 192.168.69.71, host: trunk-nightly-20190904-cdstp-2721877886, networkLocation: /default-rack, certSerialId: null}, Type:RATIS, Factor:ONE, State:OPEN]
2019-09-04 05:30:14,487 [EventQueue-StaleNodeForStaleNodeHandler] INFO  pipeline.PipelineStateManager (PipelineStateManager.java:finalizePipeline(123)) - Pipeline Pipeline[ Id: 29922b1e-ce19-4447-b7e7-e33173ec0e23, Nodes: 74de5f20-9e74-428d-822d-cb54bc80bbbc{ip: 192.168.69.71, host: trunk-nightly-20190904-cdstp-2721877886, networkLocation: /default-rack, certSerialId: null}, Type:RATIS, Factor:ONE, State:CLOSED] moved to CLOSED state
2019-09-04 05:30:14,488 [EventQueue-StaleNodeForStaleNodeHandler] INFO  pipeline.SCMPipelineManager (SCMPipelineManager.java:finalizeAndDestroyPipeline(311)) - destroying pipeline:Pipeline[ Id: 5fb63b14-baf0-442d-8038-33a5ad31efdd, Nodes: 74de5f20-9e74-428d-822d-cb54bc80bbbc{ip: 192.168.69.71, host: trunk-nightly-20190904-cdstp-2721877886, networkLocation: /default-rack, certSerialId: null}53d70931-b2a7-4310-8fe8-2c0a4a694a6e{ip: 192.168.69.71, host: trunk-nightly-20190904-cdstp-2721877886, networkLocation: /default-rack, certSerialId: null}7ed9d160-43c5-43d1-a33d-bb7525b67925{ip: 192.168.69.71, host: trunk-nightly-20190904-cdstp-2721877886, networkLocation: /default-rack, certSerialId: null}, Type:RATIS, Factor:THREE, State:OPEN]
2019-09-04 05:30:14,488 [EventQueue-StaleNodeForStaleNodeHandler] INFO  pipeline.PipelineStateManager (PipelineStateManager.java:finalizePipeline(123)) - Pipeline Pipeline[ Id: 5fb63b14-baf0-442d-8038-33a5ad31efdd, Nodes: 74de5f20-9e74-428d-822d-cb54bc80bbbc{ip: 192.168.69.71, host: trunk-nightly-20190904-cdstp-2721877886, networkLocation: /default-rack, certSerialId: null}53d70931-b2a7-4310-8fe8-2c0a4a694a6e{ip: 192.168.69.71, host: trunk-nightly-20190904-cdstp-2721877886, networkLocation: /default-rack, certSerialId: null}7ed9d160-43c5-43d1-a33d-bb7525b67925{ip: 192.168.69.71, host: trunk-nightly-20190904-cdstp-2721877886, networkLocation: /default-rack, certSerialId: null}, Type:RATIS, Factor:THREE, State:CLOSED] moved to CLOSED state
2019-09-04 05:30:14,488 [EventQueue-StaleNodeForStaleNodeHandler] INFO  node.StaleNodeHandler (StaleNodeHandler.java:onMessage(58)) - Datanode 53d70931-b2a7-4310-8fe8-2c0a4a694a6e{ip: 192.168.69.71, host: trunk-nightly-20190904-cdstp-2721877886, networkLocation: /default-rack, certSerialId: null} moved to stale state. Finalizing its pipelines [PipelineID=4a0958be-a4f2-4843-b63b-c5e6812517ff, PipelineID=5fb63b14-baf0-442d-8038-33a5ad31efdd]
2019-09-04 05:30:14,488 [EventQueue-CloseContainerForCloseContainerEventHandler] INFO  container.CloseContainerEventHandler (CloseContainerEventHandler.java:onMessage(61)) - Close container Event triggered for container : #2
2019-09-04 05:30:14,488 [EventQueue-StaleNodeForStaleNodeHandler] INFO  pipeline.SCMPipelineManager (SCMPipelineManager.java:finalizeAndDestroyPipeline(311)) - destroying pipeline:Pipeline[ Id: 4a0958be-a4f2-4843-b63b-c5e6812517ff, Nodes: 53d70931-b2a7-4310-8fe8-2c0a4a694a6e{ip: 192.168.69.71, host: trunk-nightly-20190904-cdstp-2721877886, networkLocation: /default-rack, certSerialId: null}, Type:RATIS, Factor:ONE, State:OPEN]
2019-09-04 05:30:14,489 [EventQueue-StaleNodeForStaleNodeHandler] INFO  pipeline.PipelineStateManager (PipelineStateManager.java:finalizePipeline(123)) - Pipeline Pipeline[ Id: 4a0958be-a4f2-4843-b63b-c5e6812517ff, Nodes: 53d70931-b2a7-4310-8fe8-2c0a4a694a6e{ip: 192.168.69.71, host: trunk-nightly-20190904-cdstp-2721877886, networkLocation: /default-rack, certSerialId: null}, Type:RATIS, Factor:ONE, State:CLOSED] moved to CLOSED state
2019-09-04 05:30:14,489 [EventQueue-StaleNodeForStaleNodeHandler] INFO  pipeline.SCMPipelineManager (SCMPipelineManager.java:finalizeAndDestroyPipeline(311)) - destroying pipeline:Pipeline[ Id: 5fb63b14-baf0-442d-8038-33a5ad31efdd, Nodes: 74de5f20-9e74-428d-822d-cb54bc80bbbc{ip: 192.168.69.71, host: trunk-nightly-20190904-cdstp-2721877886, networkLocation: /default-rack, certSerialId: null}53d70931-b2a7-4310-8fe8-2c0a4a694a6e{ip: 192.168.69.71, host: trunk-nightly-20190904-cdstp-2721877886, networkLocation: /default-rack, certSerialId: null}7ed9d160-43c5-43d1-a33d-bb7525b67925{ip: 192.168.69.71, host: trunk-nightly-20190904-cdstp-2721877886, networkLocation: /default-rack, certSerialId: null}, Type:RATIS, Factor:THREE, State:CLOSED]
2019-09-04 05:30:14,681 [grpc-default-executor-6] WARN  server.GrpcLogAppender (LogUtils.java:warn(134)) - 695330d6-66f9-4943-9293-d16e4d5ea686->7829b0ca-b8cc-4d14-b96a-9fb080896240: Failed appendEntries: org.apache.ratis.thirdparty.io.grpc.StatusRuntimeException: UNAVAILABLE: io exception
2019-09-04 05:30:14,681 [grpc-default-executor-6] INFO  impl.FollowerInfo (FollowerInfo.java:lambda$new$0(50)) - 695330d6-66f9-4943-9293-d16e4d5ea686->7829b0ca-b8cc-4d14-b96a-9fb080896240: nextIndex: updateUnconditionally 0 -> 0
2019-09-04 05:30:14,724 [main] INFO  ozoneimpl.OzoneContainer (OzoneContainer.java:stop(215)) - Attempting to stop container services.
2019-09-04 05:30:14,724 [ForkJoinPool.commonPool-worker-1] INFO  ozoneimpl.OzoneContainer (OzoneContainer.java:stop(215)) - Attempting to stop container services.
2019-09-04 05:30:14,725 [main] INFO  impl.RaftServerProxy (RaftServerProxy.java:lambda$close$4(314)) - 74de5f20-9e74-428d-822d-cb54bc80bbbc: close
2019-09-04 05:30:14,725 [ForkJoinPool.commonPool-worker-1] INFO  impl.RaftServerProxy (RaftServerProxy.java:lambda$close$4(314)) - 53d70931-b2a7-4310-8fe8-2c0a4a694a6e: close
2019-09-04 05:30:14,725 [main] INFO  impl.RaftServerImpl (RaftServerImpl.java:lambda$shutdown$3(245)) - 74de5f20-9e74-428d-822d-cb54bc80bbbc: shutdown group-E33173EC0E23
2019-09-04 05:30:14,725 [ForkJoinPool.commonPool-worker-1] INFO  impl.RaftServerImpl (RaftServerImpl.java:lambda$shutdown$3(245)) - 53d70931-b2a7-4310-8fe8-2c0a4a694a6e: shutdown group-C5E6812517FF
2019-09-04 05:30:14,726 [main] INFO  util.JmxRegister (JmxRegister.java:unregister(73)) - Successfully un-registered JMX Bean with object name Ratis:service=RaftServer,group=group-E33173EC0E23,id=74de5f20-9e74-428d-822d-cb54bc80bbbc
2019-09-04 05:30:14,726 [ForkJoinPool.commonPool-worker-1] INFO  util.JmxRegister (JmxRegister.java:unregister(73)) - Successfully un-registered JMX Bean with object name Ratis:service=RaftServer,group=group-C5E6812517FF,id=53d70931-b2a7-4310-8fe8-2c0a4a694a6e
2019-09-04 05:30:14,726 [main] INFO  impl.RoleInfo (RoleInfo.java:shutdownLeaderState(104)) - 74de5f20-9e74-428d-822d-cb54bc80bbbc: shutdown LeaderState
2019-09-04 05:30:14,727 [ForkJoinPool.commonPool-worker-1] INFO  impl.RoleInfo (RoleInfo.java:shutdownLeaderState(104)) - 53d70931-b2a7-4310-8fe8-2c0a4a694a6e: shutdown LeaderState
2019-09-04 05:30:14,727 [main] INFO  impl.PendingRequests (PendingRequests.java:sendNotLeaderResponses(202)) - 74de5f20-9e74-428d-822d-cb54bc80bbbc-PendingRequests: sendNotLeaderResponses
2019-09-04 05:30:14,728 [ForkJoinPool.commonPool-worker-1] INFO  impl.PendingRequests (PendingRequests.java:sendNotLeaderResponses(202)) - 53d70931-b2a7-4310-8fe8-2c0a4a694a6e-PendingRequests: sendNotLeaderResponses
2019-09-04 05:30:14,731 [main] INFO  impl.StateMachineUpdater (StateMachineUpdater.java:stopAndJoin(115)) - StateMachineUpdater:74de5f20-9e74-428d-822d-cb54bc80bbbc:group-E33173EC0E23: set stopIndex = 0
2019-09-04 05:30:14,731 [main] INFO  impl.RaftServerImpl (ServerState.java:close(394)) - 74de5f20-9e74-428d-822d-cb54bc80bbbc:group-E33173EC0E23 closes. The last applied log index is 0
2019-09-04 05:30:14,731 [ForkJoinPool.commonPool-worker-1] INFO  impl.StateMachineUpdater (StateMachineUpdater.java:stopAndJoin(115)) - StateMachineUpdater:53d70931-b2a7-4310-8fe8-2c0a4a694a6e:group-C5E6812517FF: set stopIndex = 0
2019-09-04 05:30:14,732 [74de5f20-9e74-428d-822d-cb54bc80bbbc-SegmentedRaftLogWorker:Storage Directory /workdir/hadoop-ozone/integration-test/target/test-dir/MiniOzoneClusterImpl-58a0207e-7756-41d3-9e8c-a97c8f82cfe0/datanode-4/data/ratis/29922b1e-ce19-4447-b7e7-e33173ec0e23] INFO  segmented.SegmentedRaftLogWorker (SegmentedRaftLogWorker.java:run(313)) - 74de5f20-9e74-428d-822d-cb54bc80bbbc-SegmentedRaftLogWorker:Storage Directory /workdir/hadoop-ozone/integration-test/target/test-dir/MiniOzoneClusterImpl-58a0207e-7756-41d3-9e8c-a97c8f82cfe0/datanode-4/data/ratis/29922b1e-ce19-4447-b7e7-e33173ec0e23 was interrupted, exiting. There are 0 tasks remaining in the queue.
2019-09-04 05:30:14,732 [ForkJoinPool.commonPool-worker-1] INFO  impl.RaftServerImpl (ServerState.java:close(394)) - 53d70931-b2a7-4310-8fe8-2c0a4a694a6e:group-C5E6812517FF closes. The last applied log index is 0
2019-09-04 05:30:14,735 [main] INFO  segmented.SegmentedRaftLogWorker (SegmentedRaftLogWorker.java:close(228)) - 74de5f20-9e74-428d-822d-cb54bc80bbbc-SegmentedRaftLogWorker:Storage Directory /workdir/hadoop-ozone/integration-test/target/test-dir/MiniOzoneClusterImpl-58a0207e-7756-41d3-9e8c-a97c8f82cfe0/datanode-4/data/ratis/29922b1e-ce19-4447-b7e7-e33173ec0e23 close()
2019-09-04 05:30:14,735 [53d70931-b2a7-4310-8fe8-2c0a4a694a6e-SegmentedRaftLogWorker:Storage Directory /workdir/hadoop-ozone/integration-test/target/test-dir/MiniOzoneClusterImpl-58a0207e-7756-41d3-9e8c-a97c8f82cfe0/datanode-1/data/ratis/4a0958be-a4f2-4843-b63b-c5e6812517ff] INFO  segmented.SegmentedRaftLogWorker (SegmentedRaftLogWorker.java:run(313)) - 53d70931-b2a7-4310-8fe8-2c0a4a694a6e-SegmentedRaftLogWorker:Storage Directory /workdir/hadoop-ozone/integration-test/target/test-dir/MiniOzoneClusterImpl-58a0207e-7756-41d3-9e8c-a97c8f82cfe0/datanode-1/data/ratis/4a0958be-a4f2-4843-b63b-c5e6812517ff was interrupted, exiting. There are 0 tasks remaining in the queue.
2019-09-04 05:30:14,739 [main] INFO  impl.RaftServerImpl (RaftServerImpl.java:lambda$shutdown$3(245)) - 74de5f20-9e74-428d-822d-cb54bc80bbbc: shutdown group-33A5AD31EFDD
2019-09-04 05:30:14,741 [main] INFO  util.JmxRegister (JmxRegister.java:unregister(73)) - Successfully un-registered JMX Bean with object name Ratis:service=RaftServer,group=group-33A5AD31EFDD,id=74de5f20-9e74-428d-822d-cb54bc80bbbc
2019-09-04 05:30:14,742 [main] INFO  impl.RoleInfo (RoleInfo.java:shutdownFollowerState(121)) - 74de5f20-9e74-428d-822d-cb54bc80bbbc: shutdown FollowerState
2019-09-04 05:30:14,742 [main] INFO  impl.StateMachineUpdater (StateMachineUpdater.java:stopAndJoin(115)) - StateMachineUpdater:74de5f20-9e74-428d-822d-cb54bc80bbbc:group-33A5AD31EFDD: set stopIndex = 15
2019-09-04 05:30:14,743 [Thread-3606] INFO  impl.FollowerState (FollowerState.java:run(114)) - 74de5f20-9e74-428d-822d-cb54bc80bbbc: FollowerState was interrupted: java.lang.InterruptedException: sleep interrupted
2019-09-04 05:30:14,742 [StateMachineUpdater:74de5f20-9e74-428d-822d-cb54bc80bbbc:group-33A5AD31EFDD] INFO  ratis.ContainerStateMachine (ContainerStateMachine.java:takeSnapshot(284)) - group-33A5AD31EFDD: Taking a snapshot at:(t:1, i:13) file /workdir/hadoop-ozone/integration-test/target/test-dir/MiniOzoneClusterImpl-58a0207e-7756-41d3-9e8c-a97c8f82cfe0/datanode-4/data/ratis/5fb63b14-baf0-442d-8038-33a5ad31efdd/sm/snapshot.1_13
2019-09-04 05:30:14,746 [ForkJoinPool.commonPool-worker-1] INFO  segmented.SegmentedRaftLogWorker (SegmentedRaftLogWorker.java:close(228)) - 53d70931-b2a7-4310-8fe8-2c0a4a694a6e-SegmentedRaftLogWorker:Storage Directory /workdir/hadoop-ozone/integration-test/target/test-dir/MiniOzoneClusterImpl-58a0207e-7756-41d3-9e8c-a97c8f82cfe0/datanode-1/data/ratis/4a0958be-a4f2-4843-b63b-c5e6812517ff close()
2019-09-04 05:30:14,750 [ForkJoinPool.commonPool-worker-1] INFO  impl.RaftServerImpl (RaftServerImpl.java:lambda$shutdown$3(245)) - 53d70931-b2a7-4310-8fe8-2c0a4a694a6e: shutdown group-33A5AD31EFDD
2019-09-04 05:30:14,751 [ForkJoinPool.commonPool-worker-1] INFO  util.JmxRegister (JmxRegister.java:unregister(73)) - Successfully un-registered JMX Bean with object name Ratis:service=RaftServer,group=group-33A5AD31EFDD,id=53d70931-b2a7-4310-8fe8-2c0a4a694a6e
2019-09-04 05:30:14,751 [ForkJoinPool.commonPool-worker-1] INFO  impl.RoleInfo (RoleInfo.java:shutdownFollowerState(121)) - 53d70931-b2a7-4310-8fe8-2c0a4a694a6e: shutdown FollowerState
2019-09-04 05:30:14,751 [ForkJoinPool.commonPool-worker-1] INFO  impl.StateMachineUpdater (StateMachineUpdater.java:stopAndJoin(115)) - StateMachineUpdater:53d70931-b2a7-4310-8fe8-2c0a4a694a6e:group-33A5AD31EFDD: set stopIndex = 15
2019-09-04 05:30:14,751 [Thread-3603] INFO  impl.FollowerState (FollowerState.java:run(114)) - 53d70931-b2a7-4310-8fe8-2c0a4a694a6e: FollowerState was interrupted: java.lang.InterruptedException: sleep interrupted
2019-09-04 05:30:14,751 [StateMachineUpdater:53d70931-b2a7-4310-8fe8-2c0a4a694a6e:group-33A5AD31EFDD] INFO  ratis.ContainerStateMachine (ContainerStateMachine.java:takeSnapshot(284)) - group-33A5AD31EFDD: Taking a snapshot at:(t:1, i:13) file /workdir/hadoop-ozone/integration-test/target/test-dir/MiniOzoneClusterImpl-58a0207e-7756-41d3-9e8c-a97c8f82cfe0/datanode-1/data/ratis/5fb63b14-baf0-442d-8038-33a5ad31efdd/sm/snapshot.1_13
2019-09-04 05:30:14,769 [StateMachineUpdater:53d70931-b2a7-4310-8fe8-2c0a4a694a6e:group-33A5AD31EFDD] INFO  ratis.ContainerStateMachine (ContainerStateMachine.java:takeSnapshot(295)) - group-33A5AD31EFDD: Finished taking a snapshot at:(t:1, i:13) file:/workdir/hadoop-ozone/integration-test/target/test-dir/MiniOzoneClusterImpl-58a0207e-7756-41d3-9e8c-a97c8f82cfe0/datanode-1/data/ratis/5fb63b14-baf0-442d-8038-33a5ad31efdd/sm/snapshot.1_13 time:18
2019-09-04 05:30:14,769 [StateMachineUpdater:74de5f20-9e74-428d-822d-cb54bc80bbbc:group-33A5AD31EFDD] INFO  ratis.ContainerStateMachine (ContainerStateMachine.java:takeSnapshot(295)) - group-33A5AD31EFDD: Finished taking a snapshot at:(t:1, i:13) file:/workdir/hadoop-ozone/integration-test/target/test-dir/MiniOzoneClusterImpl-58a0207e-7756-41d3-9e8c-a97c8f82cfe0/datanode-4/data/ratis/5fb63b14-baf0-442d-8038-33a5ad31efdd/sm/snapshot.1_13 time:27
2019-09-04 05:30:14,769 [StateMachineUpdater:53d70931-b2a7-4310-8fe8-2c0a4a694a6e:group-33A5AD31EFDD] INFO  impl.StateMachineUpdater (StateMachineUpdater.java:takeSnapshot(242)) - StateMachineUpdater:53d70931-b2a7-4310-8fe8-2c0a4a694a6e:group-33A5AD31EFDD: Took a snapshot at index 13
2019-09-04 05:30:14,770 [StateMachineUpdater:74de5f20-9e74-428d-822d-cb54bc80bbbc:group-33A5AD31EFDD] INFO  impl.StateMachineUpdater (StateMachineUpdater.java:takeSnapshot(242)) - StateMachineUpdater:74de5f20-9e74-428d-822d-cb54bc80bbbc:group-33A5AD31EFDD: Took a snapshot at index 13
2019-09-04 05:30:14,770 [StateMachineUpdater:53d70931-b2a7-4310-8fe8-2c0a4a694a6e:group-33A5AD31EFDD] INFO  impl.StateMachineUpdater (StateMachineUpdater.java:lambda$new$0(80)) - StateMachineUpdater:53d70931-b2a7-4310-8fe8-2c0a4a694a6e:group-33A5AD31EFDD: snapshotIndex: updateIncreasingly -1 -> 13
2019-09-04 05:30:14,770 [StateMachineUpdater:74de5f20-9e74-428d-822d-cb54bc80bbbc:group-33A5AD31EFDD] INFO  impl.StateMachineUpdater (StateMachineUpdater.java:lambda$new$0(80)) - StateMachineUpdater:74de5f20-9e74-428d-822d-cb54bc80bbbc:group-33A5AD31EFDD: snapshotIndex: updateIncreasingly -1 -> 13
2019-09-04 05:30:14,770 [ForkJoinPool.commonPool-worker-1] INFO  impl.RaftServerImpl (ServerState.java:close(394)) - 53d70931-b2a7-4310-8fe8-2c0a4a694a6e:group-33A5AD31EFDD closes. The last applied log index is 15
2019-09-04 05:30:14,771 [main] INFO  impl.RaftServerImpl (ServerState.java:close(394)) - 74de5f20-9e74-428d-822d-cb54bc80bbbc:group-33A5AD31EFDD closes. The last applied log index is 15
2019-09-04 05:30:14,771 [53d70931-b2a7-4310-8fe8-2c0a4a694a6e-SegmentedRaftLogWorker:Storage Directory /workdir/hadoop-ozone/integration-test/target/test-dir/MiniOzoneClusterImpl-58a0207e-7756-41d3-9e8c-a97c8f82cfe0/datanode-1/data/ratis/5fb63b14-baf0-442d-8038-33a5ad31efdd] INFO  segmented.SegmentedRaftLogWorker (SegmentedRaftLogWorker.java:run(313)) - 53d70931-b2a7-4310-8fe8-2c0a4a694a6e-SegmentedRaftLogWorker:Storage Directory /workdir/hadoop-ozone/integration-test/target/test-dir/MiniOzoneClusterImpl-58a0207e-7756-41d3-9e8c-a97c8f82cfe0/datanode-1/data/ratis/5fb63b14-baf0-442d-8038-33a5ad31efdd was interrupted, exiting. There are 0 tasks remaining in the queue.
2019-09-04 05:30:14,771 [74de5f20-9e74-428d-822d-cb54bc80bbbc-SegmentedRaftLogWorker:Storage Directory /workdir/hadoop-ozone/integration-test/target/test-dir/MiniOzoneClusterImpl-58a0207e-7756-41d3-9e8c-a97c8f82cfe0/datanode-4/data/ratis/5fb63b14-baf0-442d-8038-33a5ad31efdd] INFO  segmented.SegmentedRaftLogWorker (SegmentedRaftLogWorker.java:run(313)) - 74de5f20-9e74-428d-822d-cb54bc80bbbc-SegmentedRaftLogWorker:Storage Directory /workdir/hadoop-ozone/integration-test/target/test-dir/MiniOzoneClusterImpl-58a0207e-7756-41d3-9e8c-a97c8f82cfe0/datanode-4/data/ratis/5fb63b14-baf0-442d-8038-33a5ad31efdd was interrupted, exiting. There are 0 tasks remaining in the queue.
2019-09-04 05:30:14,774 [ForkJoinPool.commonPool-worker-1] INFO  segmented.SegmentedRaftLogWorker (SegmentedRaftLogWorker.java:close(228)) - 53d70931-b2a7-4310-8fe8-2c0a4a694a6e-SegmentedRaftLogWorker:Storage Directory /workdir/hadoop-ozone/integration-test/target/test-dir/MiniOzoneClusterImpl-58a0207e-7756-41d3-9e8c-a97c8f82cfe0/datanode-1/data/ratis/5fb63b14-baf0-442d-8038-33a5ad31efdd close()
2019-09-04 05:30:14,776 [main] INFO  segmented.SegmentedRaftLogWorker (SegmentedRaftLogWorker.java:close(228)) - 74de5f20-9e74-428d-822d-cb54bc80bbbc-SegmentedRaftLogWorker:Storage Directory /workdir/hadoop-ozone/integration-test/target/test-dir/MiniOzoneClusterImpl-58a0207e-7756-41d3-9e8c-a97c8f82cfe0/datanode-4/data/ratis/5fb63b14-baf0-442d-8038-33a5ad31efdd close()
2019-09-04 05:30:14,781 [ForkJoinPool.commonPool-worker-1] INFO  server.GrpcService (GrpcService.java:closeImpl(155)) - 53d70931-b2a7-4310-8fe8-2c0a4a694a6e: shutdown server with port 35081 now
2019-09-04 05:30:14,786 [main] INFO  server.GrpcService (GrpcService.java:closeImpl(155)) - 74de5f20-9e74-428d-822d-cb54bc80bbbc: shutdown server with port 36124 now
2019-09-04 05:30:14,787 [grpc-default-executor-9] WARN  server.GrpcServerProtocolService (LogUtils.java:warn(134)) - 53d70931-b2a7-4310-8fe8-2c0a4a694a6e: appendEntries onError: org.apache.ratis.thirdparty.io.grpc.StatusRuntimeException: CANCELLED: cancelled before receiving half close
2019-09-04 05:30:14,787 [ForkJoinPool.commonPool-worker-1] INFO  server.GrpcService (GrpcService.java:closeImpl(163)) - 53d70931-b2a7-4310-8fe8-2c0a4a694a6e: shutdown server with port 35081 successfully
2019-09-04 05:30:14,787 [main] INFO  server.GrpcService (GrpcService.java:closeImpl(163)) - 74de5f20-9e74-428d-822d-cb54bc80bbbc: shutdown server with port 36124 successfully
2019-09-04 05:30:14,787 [grpc-default-executor-8] WARN  server.GrpcServerProtocolService (LogUtils.java:warn(134)) - 74de5f20-9e74-428d-822d-cb54bc80bbbc: appendEntries onError: org.apache.ratis.thirdparty.io.grpc.StatusRuntimeException: CANCELLED: cancelled before receiving half close
2019-09-04 05:30:14,787 [grpc-default-executor-9] WARN  server.GrpcLogAppender (LogUtils.java:warn(134)) - 7ed9d160-43c5-43d1-a33d-bb7525b67925->53d70931-b2a7-4310-8fe8-2c0a4a694a6e: Failed appendEntries: org.apache.ratis.thirdparty.io.grpc.StatusRuntimeException: CANCELLED: HTTP/2 error code: CANCEL
Received Rst Stream
2019-09-04 05:30:14,788 [grpc-default-executor-7] WARN  server.GrpcLogAppender (LogUtils.java:warn(134)) - 7ed9d160-43c5-43d1-a33d-bb7525b67925->74de5f20-9e74-428d-822d-cb54bc80bbbc: Failed appendEntries: org.apache.ratis.thirdparty.io.grpc.StatusRuntimeException: CANCELLED: HTTP/2 error code: CANCEL
Received Rst Stream
2019-09-04 05:30:14,788 [grpc-default-executor-9] INFO  impl.FollowerInfo (FollowerInfo.java:lambda$new$0(50)) - 7ed9d160-43c5-43d1-a33d-bb7525b67925->53d70931-b2a7-4310-8fe8-2c0a4a694a6e: nextIndex: updateUnconditionally 16 -> 15
2019-09-04 05:30:14,789 [grpc-default-executor-7] INFO  impl.FollowerInfo (FollowerInfo.java:lambda$new$0(50)) - 7ed9d160-43c5-43d1-a33d-bb7525b67925->74de5f20-9e74-428d-822d-cb54bc80bbbc: nextIndex: updateUnconditionally 16 -> 15
2019-09-04 05:30:14,793 [refreshUsed-/workdir/hadoop-ozone/integration-test/target/test-dir/MiniOzoneClusterImpl-58a0207e-7756-41d3-9e8c-a97c8f82cfe0/datanode-4/data/containers] WARN  fs.CachingGetSpaceUsed (CachingGetSpaceUsed.java:run(183)) - Thread Interrupted waiting to refresh disk information: sleep interrupted
2019-09-04 05:30:14,793 [refreshUsed-/workdir/hadoop-ozone/integration-test/target/test-dir/MiniOzoneClusterImpl-58a0207e-7756-41d3-9e8c-a97c8f82cfe0/datanode-1/data/containers] WARN  fs.CachingGetSpaceUsed (CachingGetSpaceUsed.java:run(183)) - Thread Interrupted waiting to refresh disk information: sleep interrupted
2019-09-04 05:30:14,816 [main] INFO  utils.BackgroundService (BackgroundService.java:shutdown(148)) - Shutting down service BlockDeletingService
2019-09-04 05:30:14,817 [ForkJoinPool.commonPool-worker-1] INFO  utils.BackgroundService (BackgroundService.java:shutdown(148)) - Shutting down service BlockDeletingService
2019-09-04 05:30:14,821 [main] INFO  statemachine.DatanodeStateMachine (DatanodeStateMachine.java:stopDaemon(395)) - Ozone container server stopped.
2019-09-04 05:30:14,824 [main] INFO  handler.ContextHandler (ContextHandler.java:doStop(910)) - Stopped o.e.j.w.WebAppContext@29c53c4f{/,null,UNAVAILABLE}{/hddsDatanode}
2019-09-04 05:30:14,825 [ForkJoinPool.commonPool-worker-1] INFO  statemachine.DatanodeStateMachine (DatanodeStateMachine.java:stopDaemon(395)) - Ozone container server stopped.
2019-09-04 05:30:14,829 [main] INFO  server.AbstractConnector (AbstractConnector.java:doStop(318)) - Stopped ServerConnector@3009eed7{HTTP/1.1,[http/1.1]}{0.0.0.0:0}
2019-09-04 05:30:14,831 [ForkJoinPool.commonPool-worker-1] INFO  handler.ContextHandler (ContextHandler.java:doStop(910)) - Stopped o.e.j.w.WebAppContext@6075b369{/,null,UNAVAILABLE}{/hddsDatanode}
2019-09-04 05:30:14,831 [main] INFO  handler.ContextHandler (ContextHandler.java:doStop(910)) - Stopped o.e.j.s.ServletContextHandler@39c87b42{/static,jar:file:/home/user/.m2/repository/org/apache/hadoop/hadoop-hdds-container-service/0.5.0-SNAPSHOT/hadoop-hdds-container-service-0.5.0-SNAPSHOT.jar!/webapps/static,UNAVAILABLE}
2019-09-04 05:30:14,832 [ForkJoinPool.commonPool-worker-1] INFO  server.AbstractConnector (AbstractConnector.java:doStop(318)) - Stopped ServerConnector@231cdda8{HTTP/1.1,[http/1.1]}{0.0.0.0:0}
2019-09-04 05:30:14,832 [main] INFO  handler.ContextHandler (ContextHandler.java:doStop(910)) - Stopped o.e.j.s.ServletContextHandler@234cd86c{/logs,file:///workdir/hadoop-ozone/integration-test/target/log,UNAVAILABLE}
2019-09-04 05:30:14,834 [ForkJoinPool.commonPool-worker-1] INFO  handler.ContextHandler (ContextHandler.java:doStop(910)) - Stopped o.e.j.s.ServletContextHandler@7d0cd23c{/static,jar:file:/home/user/.m2/repository/org/apache/hadoop/hadoop-hdds-container-service/0.5.0-SNAPSHOT/hadoop-hdds-container-service-0.5.0-SNAPSHOT.jar!/webapps/static,UNAVAILABLE}
2019-09-04 05:30:14,836 [ForkJoinPool.commonPool-worker-1] INFO  handler.ContextHandler (ContextHandler.java:doStop(910)) - Stopped o.e.j.s.ServletContextHandler@64f4f12{/logs,file:///workdir/hadoop-ozone/integration-test/target/log,UNAVAILABLE}
2019-09-04 05:30:15,443 [Datanode State Machine Thread - 0] INFO  statemachine.DatanodeStateMachine (DatanodeStateMachine.java:lambda$startDaemon$0(350)) - Ozone container server started.
2019-09-04 05:30:15,570 [Datanode State Machine Thread - 0] INFO  statemachine.DatanodeStateMachine (DatanodeStateMachine.java:lambda$startDaemon$0(350)) - Ozone container server started.
2019-09-04 05:30:17,181 [grpc-default-executor-8] WARN  server.GrpcLogAppender (LogUtils.java:warn(134)) - 695330d6-66f9-4943-9293-d16e4d5ea686->7829b0ca-b8cc-4d14-b96a-9fb080896240: Failed appendEntries: org.apache.ratis.thirdparty.io.grpc.StatusRuntimeException: UNAVAILABLE: io exception
2019-09-04 05:30:17,182 [grpc-default-executor-8] INFO  impl.FollowerInfo (FollowerInfo.java:lambda$new$0(50)) - 695330d6-66f9-4943-9293-d16e4d5ea686->7829b0ca-b8cc-4d14-b96a-9fb080896240: nextIndex: updateUnconditionally 0 -> 0
2019-09-04 05:30:17,184 [grpc-default-executor-8] WARN  server.GrpcLogAppender (LogUtils.java:warn(134)) - 7ed9d160-43c5-43d1-a33d-bb7525b67925->53d70931-b2a7-4310-8fe8-2c0a4a694a6e: Failed appendEntries: org.apache.ratis.thirdparty.io.grpc.StatusRuntimeException: UNAVAILABLE: io exception
2019-09-04 05:30:17,184 [grpc-default-executor-8] INFO  impl.FollowerInfo (FollowerInfo.java:lambda$new$0(50)) - 7ed9d160-43c5-43d1-a33d-bb7525b67925->53d70931-b2a7-4310-8fe8-2c0a4a694a6e: nextIndex: updateUnconditionally 15 -> 14
2019-09-04 05:30:17,185 [grpc-default-executor-6] WARN  server.GrpcLogAppender (LogUtils.java:warn(134)) - 7ed9d160-43c5-43d1-a33d-bb7525b67925->74de5f20-9e74-428d-822d-cb54bc80bbbc: Failed appendEntries: org.apache.ratis.thirdparty.io.grpc.StatusRuntimeException: UNAVAILABLE: io exception
2019-09-04 05:30:17,185 [grpc-default-executor-6] INFO  impl.FollowerInfo (FollowerInfo.java:lambda$new$0(50)) - 7ed9d160-43c5-43d1-a33d-bb7525b67925->74de5f20-9e74-428d-822d-cb54bc80bbbc: nextIndex: updateUnconditionally 15 -> 14
2019-09-04 05:30:19,493 [EventQueue-StaleNodeForStaleNodeHandler] INFO  node.StaleNodeHandler (StaleNodeHandler.java:onMessage(58)) - Datanode 7ed9d160-43c5-43d1-a33d-bb7525b67925{ip: 192.168.69.71, host: trunk-nightly-20190904-cdstp-2721877886, networkLocation: /default-rack, certSerialId: null} moved to stale state. Finalizing its pipelines [PipelineID=40d61d20-23b0-4a60-b948-8db06f66a948, PipelineID=5fb63b14-baf0-442d-8038-33a5ad31efdd]
2019-09-04 05:30:19,493 [EventQueue-StaleNodeForStaleNodeHandler] INFO  pipeline.SCMPipelineManager (SCMPipelineManager.java:finalizeAndDestroyPipeline(311)) - destroying pipeline:Pipeline[ Id: 40d61d20-23b0-4a60-b948-8db06f66a948, Nodes: 7ed9d160-43c5-43d1-a33d-bb7525b67925{ip: 192.168.69.71, host: trunk-nightly-20190904-cdstp-2721877886, networkLocation: /default-rack, certSerialId: null}, Type:RATIS, Factor:ONE, State:OPEN]
2019-09-04 05:30:19,494 [EventQueue-StaleNodeForStaleNodeHandler] INFO  pipeline.PipelineStateManager (PipelineStateManager.java:finalizePipeline(123)) - Pipeline Pipeline[ Id: 40d61d20-23b0-4a60-b948-8db06f66a948, Nodes: 7ed9d160-43c5-43d1-a33d-bb7525b67925{ip: 192.168.69.71, host: trunk-nightly-20190904-cdstp-2721877886, networkLocation: /default-rack, certSerialId: null}, Type:RATIS, Factor:ONE, State:CLOSED] moved to CLOSED state
2019-09-04 05:30:19,494 [EventQueue-StaleNodeForStaleNodeHandler] INFO  pipeline.SCMPipelineManager (SCMPipelineManager.java:finalizeAndDestroyPipeline(311)) - destroying pipeline:Pipeline[ Id: 5fb63b14-baf0-442d-8038-33a5ad31efdd, Nodes: 74de5f20-9e74-428d-822d-cb54bc80bbbc{ip: 192.168.69.71, host: trunk-nightly-20190904-cdstp-2721877886, networkLocation: /default-rack, certSerialId: null}53d70931-b2a7-4310-8fe8-2c0a4a694a6e{ip: 192.168.69.71, host: trunk-nightly-20190904-cdstp-2721877886, networkLocation: /default-rack, certSerialId: null}7ed9d160-43c5-43d1-a33d-bb7525b67925{ip: 192.168.69.71, host: trunk-nightly-20190904-cdstp-2721877886, networkLocation: /default-rack, certSerialId: null}, Type:RATIS, Factor:THREE, State:CLOSED]
2019-09-04 05:30:19,593 [EventQueue-StaleNodeForStaleNodeHandler] INFO  node.StaleNodeHandler (StaleNodeHandler.java:onMessage(58)) - Datanode 695330d6-66f9-4943-9293-d16e4d5ea686{ip: 192.168.69.71, host: trunk-nightly-20190904-cdstp-2721877886, networkLocation: /default-rack, certSerialId: null} moved to stale state. Finalizing its pipelines [PipelineID=dfef6602-955b-48b7-895f-092de4dc542b, PipelineID=65cd53f9-4857-42f2-911f-fc2d37cc5a23]
2019-09-04 05:30:19,594 [EventQueue-StaleNodeForStaleNodeHandler] INFO  pipeline.SCMPipelineManager (SCMPipelineManager.java:finalizeAndDestroyPipeline(311)) - destroying pipeline:Pipeline[ Id: dfef6602-955b-48b7-895f-092de4dc542b, Nodes: 695330d6-66f9-4943-9293-d16e4d5ea686{ip: 192.168.69.71, host: trunk-nightly-20190904-cdstp-2721877886, networkLocation: /default-rack, certSerialId: null}, Type:RATIS, Factor:ONE, State:OPEN]
2019-09-04 05:30:19,594 [EventQueue-StaleNodeForStaleNodeHandler] INFO  pipeline.PipelineStateManager (PipelineStateManager.java:finalizePipeline(123)) - Pipeline Pipeline[ Id: dfef6602-955b-48b7-895f-092de4dc542b, Nodes: 695330d6-66f9-4943-9293-d16e4d5ea686{ip: 192.168.69.71, host: trunk-nightly-20190904-cdstp-2721877886, networkLocation: /default-rack, certSerialId: null}, Type:RATIS, Factor:ONE, State:CLOSED] moved to CLOSED state
2019-09-04 05:30:19,594 [EventQueue-StaleNodeForStaleNodeHandler] INFO  pipeline.SCMPipelineManager (SCMPipelineManager.java:finalizeAndDestroyPipeline(311)) - destroying pipeline:Pipeline[ Id: 65cd53f9-4857-42f2-911f-fc2d37cc5a23, Nodes: 7829b0ca-b8cc-4d14-b96a-9fb080896240{ip: 192.168.69.71, host: trunk-nightly-20190904-cdstp-2721877886, networkLocation: /default-rack, certSerialId: null}4ba7a24c-5cfe-40cd-b0c9-5f87f6b790e9{ip: 192.168.69.71, host: trunk-nightly-20190904-cdstp-2721877886, networkLocation: /default-rack, certSerialId: null}695330d6-66f9-4943-9293-d16e4d5ea686{ip: 192.168.69.71, host: trunk-nightly-20190904-cdstp-2721877886, networkLocation: /default-rack, certSerialId: null}, Type:RATIS, Factor:THREE, State:CLOSED]
2019-09-04 05:30:19,682 [grpc-default-executor-9] WARN  server.GrpcLogAppender (LogUtils.java:warn(134)) - 695330d6-66f9-4943-9293-d16e4d5ea686->7829b0ca-b8cc-4d14-b96a-9fb080896240: Failed appendEntries: org.apache.ratis.thirdparty.io.grpc.StatusRuntimeException: UNAVAILABLE: io exception
2019-09-04 05:30:19,682 [grpc-default-executor-9] INFO  impl.FollowerInfo (FollowerInfo.java:lambda$new$0(50)) - 695330d6-66f9-4943-9293-d16e4d5ea686->7829b0ca-b8cc-4d14-b96a-9fb080896240: nextIndex: updateUnconditionally 0 -> 0
2019-09-04 05:30:19,684 [grpc-default-executor-8] WARN  server.GrpcLogAppender (LogUtils.java:warn(134)) - 7ed9d160-43c5-43d1-a33d-bb7525b67925->53d70931-b2a7-4310-8fe8-2c0a4a694a6e: Failed appendEntries: org.apache.ratis.thirdparty.io.grpc.StatusRuntimeException: UNAVAILABLE: io exception
2019-09-04 05:30:19,684 [grpc-default-executor-8] INFO  impl.FollowerInfo (FollowerInfo.java:lambda$new$0(50)) - 7ed9d160-43c5-43d1-a33d-bb7525b67925->53d70931-b2a7-4310-8fe8-2c0a4a694a6e: nextIndex: updateUnconditionally 14 -> 13
2019-09-04 05:30:19,685 [grpc-default-executor-9] WARN  server.GrpcLogAppender (LogUtils.java:warn(134)) - 7ed9d160-43c5-43d1-a33d-bb7525b67925->74de5f20-9e74-428d-822d-cb54bc80bbbc: Failed appendEntries: org.apache.ratis.thirdparty.io.grpc.StatusRuntimeException: UNAVAILABLE: io exception
2019-09-04 05:30:19,685 [grpc-default-executor-9] INFO  impl.FollowerInfo (FollowerInfo.java:lambda$new$0(50)) - 7ed9d160-43c5-43d1-a33d-bb7525b67925->74de5f20-9e74-428d-822d-cb54bc80bbbc: nextIndex: updateUnconditionally 14 -> 13
2019-09-04 05:30:19,839 [ForkJoinPool.commonPool-worker-1] INFO  ozoneimpl.OzoneContainer (OzoneContainer.java:stop(215)) - Attempting to stop container services.
2019-09-04 05:30:19,839 [main] INFO  ozoneimpl.OzoneContainer (OzoneContainer.java:stop(215)) - Attempting to stop container services.
2019-09-04 05:30:19,840 [ForkJoinPool.commonPool-worker-1] INFO  impl.RaftServerProxy (RaftServerProxy.java:lambda$close$4(314)) - 7ed9d160-43c5-43d1-a33d-bb7525b67925: close
2019-09-04 05:30:19,840 [main] INFO  impl.RaftServerProxy (RaftServerProxy.java:lambda$close$4(314)) - 695330d6-66f9-4943-9293-d16e4d5ea686: close
2019-09-04 05:30:19,840 [ForkJoinPool.commonPool-worker-1] INFO  impl.RaftServerImpl (RaftServerImpl.java:lambda$shutdown$3(245)) - 7ed9d160-43c5-43d1-a33d-bb7525b67925: shutdown group-8DB06F66A948
2019-09-04 05:30:19,841 [main] INFO  impl.RaftServerImpl (RaftServerImpl.java:lambda$shutdown$3(245)) - 695330d6-66f9-4943-9293-d16e4d5ea686: shutdown group-092DE4DC542B
2019-09-04 05:30:19,841 [ForkJoinPool.commonPool-worker-1] INFO  util.JmxRegister (JmxRegister.java:unregister(73)) - Successfully un-registered JMX Bean with object name Ratis:service=RaftServer,group=group-8DB06F66A948,id=7ed9d160-43c5-43d1-a33d-bb7525b67925
2019-09-04 05:30:19,841 [main] INFO  util.JmxRegister (JmxRegister.java:unregister(73)) - Successfully un-registered JMX Bean with object name Ratis:service=RaftServer,group=group-092DE4DC542B,id=695330d6-66f9-4943-9293-d16e4d5ea686
2019-09-04 05:30:19,842 [ForkJoinPool.commonPool-worker-1] INFO  impl.RoleInfo (RoleInfo.java:shutdownLeaderState(104)) - 7ed9d160-43c5-43d1-a33d-bb7525b67925: shutdown LeaderState
2019-09-04 05:30:19,842 [main] INFO  impl.RoleInfo (RoleInfo.java:shutdownLeaderState(104)) - 695330d6-66f9-4943-9293-d16e4d5ea686: shutdown LeaderState
2019-09-04 05:30:19,842 [ForkJoinPool.commonPool-worker-1] INFO  impl.PendingRequests (PendingRequests.java:sendNotLeaderResponses(202)) - 7ed9d160-43c5-43d1-a33d-bb7525b67925-PendingRequests: sendNotLeaderResponses
2019-09-04 05:30:19,843 [main] INFO  impl.PendingRequests (PendingRequests.java:sendNotLeaderResponses(202)) - 695330d6-66f9-4943-9293-d16e4d5ea686-PendingRequests: sendNotLeaderResponses
2019-09-04 05:30:19,843 [ForkJoinPool.commonPool-worker-1] INFO  impl.StateMachineUpdater (StateMachineUpdater.java:stopAndJoin(115)) - StateMachineUpdater:7ed9d160-43c5-43d1-a33d-bb7525b67925:group-8DB06F66A948: set stopIndex = 0
2019-09-04 05:30:19,843 [main] INFO  impl.StateMachineUpdater (StateMachineUpdater.java:stopAndJoin(115)) - StateMachineUpdater:695330d6-66f9-4943-9293-d16e4d5ea686:group-092DE4DC542B: set stopIndex = 0
2019-09-04 05:30:19,844 [ForkJoinPool.commonPool-worker-1] INFO  impl.RaftServerImpl (ServerState.java:close(394)) - 7ed9d160-43c5-43d1-a33d-bb7525b67925:group-8DB06F66A948 closes. The last applied log index is 0
2019-09-04 05:30:19,844 [main] INFO  impl.RaftServerImpl (ServerState.java:close(394)) - 695330d6-66f9-4943-9293-d16e4d5ea686:group-092DE4DC542B closes. The last applied log index is 0
2019-09-04 05:30:19,844 [7ed9d160-43c5-43d1-a33d-bb7525b67925-SegmentedRaftLogWorker:Storage Directory /workdir/hadoop-ozone/integration-test/target/test-dir/MiniOzoneClusterImpl-58a0207e-7756-41d3-9e8c-a97c8f82cfe0/datanode-0/data/ratis/40d61d20-23b0-4a60-b948-8db06f66a948] INFO  segmented.SegmentedRaftLogWorker (SegmentedRaftLogWorker.java:run(313)) - 7ed9d160-43c5-43d1-a33d-bb7525b67925-SegmentedRaftLogWorker:Storage Directory /workdir/hadoop-ozone/integration-test/target/test-dir/MiniOzoneClusterImpl-58a0207e-7756-41d3-9e8c-a97c8f82cfe0/datanode-0/data/ratis/40d61d20-23b0-4a60-b948-8db06f66a948 was interrupted, exiting. There are 0 tasks remaining in the queue.
2019-09-04 05:30:19,845 [695330d6-66f9-4943-9293-d16e4d5ea686-SegmentedRaftLogWorker:Storage Directory /workdir/hadoop-ozone/integration-test/target/test-dir/MiniOzoneClusterImpl-58a0207e-7756-41d3-9e8c-a97c8f82cfe0/datanode-3/data/ratis/dfef6602-955b-48b7-895f-092de4dc542b] INFO  segmented.SegmentedRaftLogWorker (SegmentedRaftLogWorker.java:run(313)) - 695330d6-66f9-4943-9293-d16e4d5ea686-SegmentedRaftLogWorker:Storage Directory /workdir/hadoop-ozone/integration-test/target/test-dir/MiniOzoneClusterImpl-58a0207e-7756-41d3-9e8c-a97c8f82cfe0/datanode-3/data/ratis/dfef6602-955b-48b7-895f-092de4dc542b was interrupted, exiting. There are 0 tasks remaining in the queue.
2019-09-04 05:30:19,849 [ForkJoinPool.commonPool-worker-1] INFO  segmented.SegmentedRaftLogWorker (SegmentedRaftLogWorker.java:close(228)) - 7ed9d160-43c5-43d1-a33d-bb7525b67925-SegmentedRaftLogWorker:Storage Directory /workdir/hadoop-ozone/integration-test/target/test-dir/MiniOzoneClusterImpl-58a0207e-7756-41d3-9e8c-a97c8f82cfe0/datanode-0/data/ratis/40d61d20-23b0-4a60-b948-8db06f66a948 close()
2019-09-04 05:30:19,852 [ForkJoinPool.commonPool-worker-1] INFO  impl.RaftServerImpl (RaftServerImpl.java:lambda$shutdown$3(245)) - 7ed9d160-43c5-43d1-a33d-bb7525b67925: shutdown group-33A5AD31EFDD
2019-09-04 05:30:19,853 [ForkJoinPool.commonPool-worker-1] INFO  util.JmxRegister (JmxRegister.java:unregister(73)) - Successfully un-registered JMX Bean with object name Ratis:service=RaftServer,group=group-33A5AD31EFDD,id=7ed9d160-43c5-43d1-a33d-bb7525b67925
2019-09-04 05:30:19,853 [ForkJoinPool.commonPool-worker-1] INFO  impl.RoleInfo (RoleInfo.java:shutdownLeaderState(104)) - 7ed9d160-43c5-43d1-a33d-bb7525b67925: shutdown LeaderState
2019-09-04 05:30:19,857 [org.apache.ratis.server.impl.LogAppender$AppenderDaemon$$Lambda$476/411330267@7f43b6e] WARN  server.GrpcLogAppender (GrpcLogAppender.java:mayWait(143)) - GrpcLogAppender(7ed9d160-43c5-43d1-a33d-bb7525b67925->74de5f20-9e74-428d-822d-cb54bc80bbbc): Wait interrupted by java.lang.InterruptedException
2019-09-04 05:30:19,857 [org.apache.ratis.server.impl.LogAppender$AppenderDaemon$$Lambda$476/411330267@42f6b5f4] WARN  server.GrpcLogAppender (GrpcLogAppender.java:mayWait(143)) - GrpcLogAppender(7ed9d160-43c5-43d1-a33d-bb7525b67925->53d70931-b2a7-4310-8fe8-2c0a4a694a6e): Wait interrupted by java.lang.InterruptedException
2019-09-04 05:30:19,857 [ForkJoinPool.commonPool-worker-1] INFO  impl.PendingRequests (PendingRequests.java:sendNotLeaderResponses(202)) - 7ed9d160-43c5-43d1-a33d-bb7525b67925-PendingRequests: sendNotLeaderResponses
2019-09-04 05:30:19,859 [main] INFO  segmented.SegmentedRaftLogWorker (SegmentedRaftLogWorker.java:close(228)) - 695330d6-66f9-4943-9293-d16e4d5ea686-SegmentedRaftLogWorker:Storage Directory /workdir/hadoop-ozone/integration-test/target/test-dir/MiniOzoneClusterImpl-58a0207e-7756-41d3-9e8c-a97c8f82cfe0/datanode-3/data/ratis/dfef6602-955b-48b7-895f-092de4dc542b close()
2019-09-04 05:30:19,859 [StateMachineUpdater:7ed9d160-43c5-43d1-a33d-bb7525b67925:group-33A5AD31EFDD] INFO  ratis.ContainerStateMachine (ContainerStateMachine.java:takeSnapshot(284)) - group-33A5AD31EFDD: Taking a snapshot at:(t:1, i:13) file /workdir/hadoop-ozone/integration-test/target/test-dir/MiniOzoneClusterImpl-58a0207e-7756-41d3-9e8c-a97c8f82cfe0/datanode-0/data/ratis/5fb63b14-baf0-442d-8038-33a5ad31efdd/sm/snapshot.1_13
2019-09-04 05:30:19,859 [ForkJoinPool.commonPool-worker-1] INFO  impl.StateMachineUpdater (StateMachineUpdater.java:stopAndJoin(115)) - StateMachineUpdater:7ed9d160-43c5-43d1-a33d-bb7525b67925:group-33A5AD31EFDD: set stopIndex = 15
2019-09-04 05:30:19,863 [main] INFO  impl.RaftServerImpl (RaftServerImpl.java:lambda$shutdown$3(245)) - 695330d6-66f9-4943-9293-d16e4d5ea686: shutdown group-FC2D37CC5A23
2019-09-04 05:30:19,864 [main] INFO  util.JmxRegister (JmxRegister.java:unregister(73)) - Successfully un-registered JMX Bean with object name Ratis:service=RaftServer,group=group-FC2D37CC5A23,id=695330d6-66f9-4943-9293-d16e4d5ea686
2019-09-04 05:30:19,865 [main] INFO  impl.RoleInfo (RoleInfo.java:shutdownLeaderState(104)) - 695330d6-66f9-4943-9293-d16e4d5ea686: shutdown LeaderState
2019-09-04 05:30:19,869 [main] INFO  impl.PendingRequests (PendingRequests.java:sendNotLeaderResponses(202)) - 695330d6-66f9-4943-9293-d16e4d5ea686-PendingRequests: sendNotLeaderResponses
2019-09-04 05:30:19,869 [org.apache.ratis.server.impl.LogAppender$AppenderDaemon$$Lambda$476/411330267@7d277a23] WARN  server.GrpcLogAppender (GrpcLogAppender.java:mayWait(143)) - GrpcLogAppender(695330d6-66f9-4943-9293-d16e4d5ea686->7829b0ca-b8cc-4d14-b96a-9fb080896240): Wait interrupted by java.lang.InterruptedException
2019-09-04 05:30:19,869 [org.apache.ratis.server.impl.LogAppender$AppenderDaemon$$Lambda$476/411330267@685fc3d1] WARN  server.GrpcLogAppender (GrpcLogAppender.java:mayWait(143)) - GrpcLogAppender(695330d6-66f9-4943-9293-d16e4d5ea686->4ba7a24c-5cfe-40cd-b0c9-5f87f6b790e9): Wait interrupted by java.lang.InterruptedException
2019-09-04 05:30:19,870 [StateMachineUpdater:695330d6-66f9-4943-9293-d16e4d5ea686:group-FC2D37CC5A23] INFO  ratis.ContainerStateMachine (ContainerStateMachine.java:takeSnapshot(284)) - group-FC2D37CC5A23: Taking a snapshot at:(t:1, i:14) file /workdir/hadoop-ozone/integration-test/target/test-dir/MiniOzoneClusterImpl-58a0207e-7756-41d3-9e8c-a97c8f82cfe0/datanode-3/data/ratis/65cd53f9-4857-42f2-911f-fc2d37cc5a23/sm/snapshot.1_14
2019-09-04 05:30:19,870 [main] INFO  impl.StateMachineUpdater (StateMachineUpdater.java:stopAndJoin(115)) - StateMachineUpdater:695330d6-66f9-4943-9293-d16e4d5ea686:group-FC2D37CC5A23: set stopIndex = 18
2019-09-04 05:30:19,870 [grpc-default-executor-9] INFO  server.GrpcServerProtocolService (GrpcServerProtocolService.java:onCompleted(104)) - 4ba7a24c-5cfe-40cd-b0c9-5f87f6b790e9: appendEntries completed
2019-09-04 05:30:19,871 [grpc-default-executor-6] INFO  server.GrpcLogAppender (GrpcLogAppender.java:onCompleted(292)) - 695330d6-66f9-4943-9293-d16e4d5ea686->4ba7a24c-5cfe-40cd-b0c9-5f87f6b790e9: follower responses appendEntries COMPLETED
2019-09-04 05:30:19,871 [grpc-default-executor-6] INFO  impl.FollowerInfo (FollowerInfo.java:lambda$new$0(50)) - 695330d6-66f9-4943-9293-d16e4d5ea686->4ba7a24c-5cfe-40cd-b0c9-5f87f6b790e9: nextIndex: updateUnconditionally 19 -> 18
2019-09-04 05:30:19,886 [StateMachineUpdater:695330d6-66f9-4943-9293-d16e4d5ea686:group-FC2D37CC5A23] INFO  ratis.ContainerStateMachine (ContainerStateMachine.java:takeSnapshot(295)) - group-FC2D37CC5A23: Finished taking a snapshot at:(t:1, i:14) file:/workdir/hadoop-ozone/integration-test/target/test-dir/MiniOzoneClusterImpl-58a0207e-7756-41d3-9e8c-a97c8f82cfe0/datanode-3/data/ratis/65cd53f9-4857-42f2-911f-fc2d37cc5a23/sm/snapshot.1_14 time:17
2019-09-04 05:30:19,886 [StateMachineUpdater:695330d6-66f9-4943-9293-d16e4d5ea686:group-FC2D37CC5A23] INFO  impl.StateMachineUpdater (StateMachineUpdater.java:takeSnapshot(242)) - StateMachineUpdater:695330d6-66f9-4943-9293-d16e4d5ea686:group-FC2D37CC5A23: Took a snapshot at index 14
2019-09-04 05:30:19,886 [StateMachineUpdater:7ed9d160-43c5-43d1-a33d-bb7525b67925:group-33A5AD31EFDD] INFO  ratis.ContainerStateMachine (ContainerStateMachine.java:takeSnapshot(295)) - group-33A5AD31EFDD: Finished taking a snapshot at:(t:1, i:13) file:/workdir/hadoop-ozone/integration-test/target/test-dir/MiniOzoneClusterImpl-58a0207e-7756-41d3-9e8c-a97c8f82cfe0/datanode-0/data/ratis/5fb63b14-baf0-442d-8038-33a5ad31efdd/sm/snapshot.1_13 time:27
2019-09-04 05:30:19,886 [StateMachineUpdater:695330d6-66f9-4943-9293-d16e4d5ea686:group-FC2D37CC5A23] INFO  impl.StateMachineUpdater (StateMachineUpdater.java:lambda$new$0(80)) - StateMachineUpdater:695330d6-66f9-4943-9293-d16e4d5ea686:group-FC2D37CC5A23: snapshotIndex: updateIncreasingly -1 -> 14
2019-09-04 05:30:19,886 [StateMachineUpdater:7ed9d160-43c5-43d1-a33d-bb7525b67925:group-33A5AD31EFDD] INFO  impl.StateMachineUpdater (StateMachineUpdater.java:takeSnapshot(242)) - StateMachineUpdater:7ed9d160-43c5-43d1-a33d-bb7525b67925:group-33A5AD31EFDD: Took a snapshot at index 13
2019-09-04 05:30:19,887 [StateMachineUpdater:7ed9d160-43c5-43d1-a33d-bb7525b67925:group-33A5AD31EFDD] INFO  impl.StateMachineUpdater (StateMachineUpdater.java:lambda$new$0(80)) - StateMachineUpdater:7ed9d160-43c5-43d1-a33d-bb7525b67925:group-33A5AD31EFDD: snapshotIndex: updateIncreasingly -1 -> 13
2019-09-04 05:30:19,887 [main] INFO  impl.RaftServerImpl (ServerState.java:close(394)) - 695330d6-66f9-4943-9293-d16e4d5ea686:group-FC2D37CC5A23 closes. The last applied log index is 18
2019-09-04 05:30:19,887 [ForkJoinPool.commonPool-worker-1] INFO  impl.RaftServerImpl (ServerState.java:close(394)) - 7ed9d160-43c5-43d1-a33d-bb7525b67925:group-33A5AD31EFDD closes. The last applied log index is 15
2019-09-04 05:30:19,888 [695330d6-66f9-4943-9293-d16e4d5ea686-SegmentedRaftLogWorker:Storage Directory /workdir/hadoop-ozone/integration-test/target/test-dir/MiniOzoneClusterImpl-58a0207e-7756-41d3-9e8c-a97c8f82cfe0/datanode-3/data/ratis/65cd53f9-4857-42f2-911f-fc2d37cc5a23] INFO  segmented.SegmentedRaftLogWorker (SegmentedRaftLogWorker.java:run(313)) - 695330d6-66f9-4943-9293-d16e4d5ea686-SegmentedRaftLogWorker:Storage Directory /workdir/hadoop-ozone/integration-test/target/test-dir/MiniOzoneClusterImpl-58a0207e-7756-41d3-9e8c-a97c8f82cfe0/datanode-3/data/ratis/65cd53f9-4857-42f2-911f-fc2d37cc5a23 was interrupted, exiting. There are 0 tasks remaining in the queue.
2019-09-04 05:30:19,888 [7ed9d160-43c5-43d1-a33d-bb7525b67925-SegmentedRaftLogWorker:Storage Directory /workdir/hadoop-ozone/integration-test/target/test-dir/MiniOzoneClusterImpl-58a0207e-7756-41d3-9e8c-a97c8f82cfe0/datanode-0/data/ratis/5fb63b14-baf0-442d-8038-33a5ad31efdd] INFO  segmented.SegmentedRaftLogWorker (SegmentedRaftLogWorker.java:run(313)) - 7ed9d160-43c5-43d1-a33d-bb7525b67925-SegmentedRaftLogWorker:Storage Directory /workdir/hadoop-ozone/integration-test/target/test-dir/MiniOzoneClusterImpl-58a0207e-7756-41d3-9e8c-a97c8f82cfe0/datanode-0/data/ratis/5fb63b14-baf0-442d-8038-33a5ad31efdd was interrupted, exiting. There are 0 tasks remaining in the queue.
2019-09-04 05:30:19,892 [main] INFO  segmented.SegmentedRaftLogWorker (SegmentedRaftLogWorker.java:close(228)) - 695330d6-66f9-4943-9293-d16e4d5ea686-SegmentedRaftLogWorker:Storage Directory /workdir/hadoop-ozone/integration-test/target/test-dir/MiniOzoneClusterImpl-58a0207e-7756-41d3-9e8c-a97c8f82cfe0/datanode-3/data/ratis/65cd53f9-4857-42f2-911f-fc2d37cc5a23 close()
2019-09-04 05:30:19,892 [ForkJoinPool.commonPool-worker-1] INFO  segmented.SegmentedRaftLogWorker (SegmentedRaftLogWorker.java:close(228)) - 7ed9d160-43c5-43d1-a33d-bb7525b67925-SegmentedRaftLogWorker:Storage Directory /workdir/hadoop-ozone/integration-test/target/test-dir/MiniOzoneClusterImpl-58a0207e-7756-41d3-9e8c-a97c8f82cfe0/datanode-0/data/ratis/5fb63b14-baf0-442d-8038-33a5ad31efdd close()
2019-09-04 05:30:19,895 [main] INFO  server.GrpcService (GrpcService.java:closeImpl(155)) - 695330d6-66f9-4943-9293-d16e4d5ea686: shutdown server with port 37616 now
2019-09-04 05:30:19,898 [ForkJoinPool.commonPool-worker-1] INFO  server.GrpcService (GrpcService.java:closeImpl(155)) - 7ed9d160-43c5-43d1-a33d-bb7525b67925: shutdown server with port 38298 now
2019-09-04 05:30:19,899 [grpc-default-executor-9] WARN  client.GrpcClientProtocolService (LogUtils.java:warn(134)) - 1-UnorderedRequestStreamObserver1: onError: org.apache.ratis.thirdparty.io.grpc.StatusRuntimeException: CANCELLED: cancelled before receiving half close
2019-09-04 05:30:19,899 [main] INFO  server.GrpcService (GrpcService.java:closeImpl(163)) - 695330d6-66f9-4943-9293-d16e4d5ea686: shutdown server with port 37616 successfully
2019-09-04 05:30:19,899 [ForkJoinPool.commonPool-worker-1] INFO  server.GrpcService (GrpcService.java:closeImpl(163)) - 7ed9d160-43c5-43d1-a33d-bb7525b67925: shutdown server with port 38298 successfully
2019-09-04 05:30:19,902 [refreshUsed-/workdir/hadoop-ozone/integration-test/target/test-dir/MiniOzoneClusterImpl-58a0207e-7756-41d3-9e8c-a97c8f82cfe0/datanode-3/data/containers] WARN  fs.CachingGetSpaceUsed (CachingGetSpaceUsed.java:run(183)) - Thread Interrupted waiting to refresh disk information: sleep interrupted
2019-09-04 05:30:19,904 [refreshUsed-/workdir/hadoop-ozone/integration-test/target/test-dir/MiniOzoneClusterImpl-58a0207e-7756-41d3-9e8c-a97c8f82cfe0/datanode-0/data/containers] WARN  fs.CachingGetSpaceUsed (CachingGetSpaceUsed.java:run(183)) - Thread Interrupted waiting to refresh disk information: sleep interrupted
2019-09-04 05:30:19,923 [main] INFO  utils.BackgroundService (BackgroundService.java:shutdown(148)) - Shutting down service BlockDeletingService
2019-09-04 05:30:19,926 [main] INFO  statemachine.DatanodeStateMachine (DatanodeStateMachine.java:stopDaemon(395)) - Ozone container server stopped.
2019-09-04 05:30:19,927 [ForkJoinPool.commonPool-worker-1] INFO  utils.BackgroundService (BackgroundService.java:shutdown(148)) - Shutting down service BlockDeletingService
2019-09-04 05:30:19,929 [ForkJoinPool.commonPool-worker-1] INFO  statemachine.DatanodeStateMachine (DatanodeStateMachine.java:stopDaemon(395)) - Ozone container server stopped.
2019-09-04 05:30:19,929 [main] INFO  handler.ContextHandler (ContextHandler.java:doStop(910)) - Stopped o.e.j.w.WebAppContext@4645679e{/,null,UNAVAILABLE}{/hddsDatanode}
2019-09-04 05:30:19,932 [main] INFO  server.AbstractConnector (AbstractConnector.java:doStop(318)) - Stopped ServerConnector@3a0b6a{HTTP/1.1,[http/1.1]}{0.0.0.0:0}
2019-09-04 05:30:19,933 [ForkJoinPool.commonPool-worker-1] INFO  handler.ContextHandler (ContextHandler.java:doStop(910)) - Stopped o.e.j.w.WebAppContext@37c7766e{/,null,UNAVAILABLE}{/hddsDatanode}
2019-09-04 05:30:19,934 [main] INFO  handler.ContextHandler (ContextHandler.java:doStop(910)) - Stopped o.e.j.s.ServletContextHandler@5bfc79cb{/static,jar:file:/home/user/.m2/repository/org/apache/hadoop/hadoop-hdds-container-service/0.5.0-SNAPSHOT/hadoop-hdds-container-service-0.5.0-SNAPSHOT.jar!/webapps/static,UNAVAILABLE}
2019-09-04 05:30:19,934 [main] INFO  handler.ContextHandler (ContextHandler.java:doStop(910)) - Stopped o.e.j.s.ServletContextHandler@5b48f0f4{/logs,file:///workdir/hadoop-ozone/integration-test/target/log,UNAVAILABLE}
2019-09-04 05:30:19,934 [ForkJoinPool.commonPool-worker-1] INFO  server.AbstractConnector (AbstractConnector.java:doStop(318)) - Stopped ServerConnector@3fb450d7{HTTP/1.1,[http/1.1]}{0.0.0.0:0}
2019-09-04 05:30:19,936 [ForkJoinPool.commonPool-worker-1] INFO  handler.ContextHandler (ContextHandler.java:doStop(910)) - Stopped o.e.j.s.ServletContextHandler@538a2f0e{/static,jar:file:/home/user/.m2/repository/org/apache/hadoop/hadoop-hdds-container-service/0.5.0-SNAPSHOT/hadoop-hdds-container-service-0.5.0-SNAPSHOT.jar!/webapps/static,UNAVAILABLE}
2019-09-04 05:30:19,938 [ForkJoinPool.commonPool-worker-1] INFO  handler.ContextHandler (ContextHandler.java:doStop(910)) - Stopped o.e.j.s.ServletContextHandler@2f2e4bde{/logs,file:///workdir/hadoop-ozone/integration-test/target/log,UNAVAILABLE}
2019-09-04 05:30:20,108 [Datanode State Machine Thread - 0] INFO  statemachine.DatanodeStateMachine (DatanodeStateMachine.java:lambda$startDaemon$0(350)) - Ozone container server started.
2019-09-04 05:30:20,570 [Datanode State Machine Thread - 0] INFO  statemachine.DatanodeStateMachine (DatanodeStateMachine.java:lambda$startDaemon$0(350)) - Ozone container server started.
2019-09-04 05:30:24,200 [EventQueue-StaleNodeForStaleNodeHandler] INFO  node.StaleNodeHandler (StaleNodeHandler.java:onMessage(58)) - Datanode 3573222a-ec1b-4e89-993f-eee582ca57d4{ip: 192.168.69.71, host: trunk-nightly-20190904-cdstp-2721877886, networkLocation: /default-rack, certSerialId: null} moved to stale state. Finalizing its pipelines [PipelineID=dd703114-39d8-437e-8655-17748963776b]
2019-09-04 05:30:24,200 [EventQueue-StaleNodeForStaleNodeHandler] INFO  pipeline.SCMPipelineManager (SCMPipelineManager.java:finalizeAndDestroyPipeline(311)) - destroying pipeline:Pipeline[ Id: dd703114-39d8-437e-8655-17748963776b, Nodes: 3573222a-ec1b-4e89-993f-eee582ca57d4{ip: 192.168.69.71, host: trunk-nightly-20190904-cdstp-2721877886, networkLocation: /default-rack, certSerialId: null}, Type:RATIS, Factor:ONE, State:OPEN]
2019-09-04 05:30:24,200 [EventQueue-StaleNodeForStaleNodeHandler] INFO  pipeline.PipelineStateManager (PipelineStateManager.java:finalizePipeline(123)) - Pipeline Pipeline[ Id: dd703114-39d8-437e-8655-17748963776b, Nodes: 3573222a-ec1b-4e89-993f-eee582ca57d4{ip: 192.168.69.71, host: trunk-nightly-20190904-cdstp-2721877886, networkLocation: /default-rack, certSerialId: null}, Type:RATIS, Factor:ONE, State:CLOSED] moved to CLOSED state
2019-09-04 05:30:24,600 [EventQueue-StaleNodeForStaleNodeHandler] INFO  node.StaleNodeHandler (StaleNodeHandler.java:onMessage(58)) - Datanode 4ba7a24c-5cfe-40cd-b0c9-5f87f6b790e9{ip: 192.168.69.71, host: trunk-nightly-20190904-cdstp-2721877886, networkLocation: /default-rack, certSerialId: null} moved to stale state. Finalizing its pipelines [PipelineID=65cd53f9-4857-42f2-911f-fc2d37cc5a23, PipelineID=31602ef1-3d5f-4ea1-939c-256a92ca92ec]
2019-09-04 05:30:24,601 [EventQueue-StaleNodeForStaleNodeHandler] INFO  pipeline.SCMPipelineManager (SCMPipelineManager.java:finalizeAndDestroyPipeline(311)) - destroying pipeline:Pipeline[ Id: 65cd53f9-4857-42f2-911f-fc2d37cc5a23, Nodes: 7829b0ca-b8cc-4d14-b96a-9fb080896240{ip: 192.168.69.71, host: trunk-nightly-20190904-cdstp-2721877886, networkLocation: /default-rack, certSerialId: null}4ba7a24c-5cfe-40cd-b0c9-5f87f6b790e9{ip: 192.168.69.71, host: trunk-nightly-20190904-cdstp-2721877886, networkLocation: /default-rack, certSerialId: null}695330d6-66f9-4943-9293-d16e4d5ea686{ip: 192.168.69.71, host: trunk-nightly-20190904-cdstp-2721877886, networkLocation: /default-rack, certSerialId: null}, Type:RATIS, Factor:THREE, State:CLOSED]
2019-09-04 05:30:24,601 [EventQueue-StaleNodeForStaleNodeHandler] INFO  pipeline.SCMPipelineManager (SCMPipelineManager.java:finalizeAndDestroyPipeline(311)) - destroying pipeline:Pipeline[ Id: 31602ef1-3d5f-4ea1-939c-256a92ca92ec, Nodes: 4ba7a24c-5cfe-40cd-b0c9-5f87f6b790e9{ip: 192.168.69.71, host: trunk-nightly-20190904-cdstp-2721877886, networkLocation: /default-rack, certSerialId: null}, Type:RATIS, Factor:ONE, State:OPEN]
2019-09-04 05:30:24,601 [EventQueue-StaleNodeForStaleNodeHandler] INFO  pipeline.PipelineStateManager (PipelineStateManager.java:finalizePipeline(123)) - Pipeline Pipeline[ Id: 31602ef1-3d5f-4ea1-939c-256a92ca92ec, Nodes: 4ba7a24c-5cfe-40cd-b0c9-5f87f6b790e9{ip: 192.168.69.71, host: trunk-nightly-20190904-cdstp-2721877886, networkLocation: /default-rack, certSerialId: null}, Type:RATIS, Factor:ONE, State:CLOSED] moved to CLOSED state
2019-09-04 05:30:24,937 [main] INFO  ozoneimpl.OzoneContainer (OzoneContainer.java:stop(215)) - Attempting to stop container services.
2019-09-04 05:30:24,938 [main] INFO  impl.RaftServerProxy (RaftServerProxy.java:lambda$close$4(314)) - 4ba7a24c-5cfe-40cd-b0c9-5f87f6b790e9: close
2019-09-04 05:30:24,938 [main] INFO  impl.RaftServerImpl (RaftServerImpl.java:lambda$shutdown$3(245)) - 4ba7a24c-5cfe-40cd-b0c9-5f87f6b790e9: shutdown group-FC2D37CC5A23
2019-09-04 05:30:24,939 [main] INFO  util.JmxRegister (JmxRegister.java:unregister(73)) - Successfully un-registered JMX Bean with object name Ratis:service=RaftServer,group=group-FC2D37CC5A23,id=4ba7a24c-5cfe-40cd-b0c9-5f87f6b790e9
2019-09-04 05:30:24,939 [main] INFO  impl.RoleInfo (RoleInfo.java:shutdownFollowerState(121)) - 4ba7a24c-5cfe-40cd-b0c9-5f87f6b790e9: shutdown FollowerState
2019-09-04 05:30:24,939 [ForkJoinPool.commonPool-worker-1] INFO  ozoneimpl.OzoneContainer (OzoneContainer.java:stop(215)) - Attempting to stop container services.
2019-09-04 05:30:24,940 [Thread-3768] INFO  impl.FollowerState (FollowerState.java:run(114)) - 4ba7a24c-5cfe-40cd-b0c9-5f87f6b790e9: FollowerState was interrupted: java.lang.InterruptedException: sleep interrupted
2019-09-04 05:30:24,940 [StateMachineUpdater:4ba7a24c-5cfe-40cd-b0c9-5f87f6b790e9:group-FC2D37CC5A23] INFO  ratis.ContainerStateMachine (ContainerStateMachine.java:takeSnapshot(284)) - group-FC2D37CC5A23: Taking a snapshot at:(t:1, i:14) file /workdir/hadoop-ozone/integration-test/target/test-dir/MiniOzoneClusterImpl-58a0207e-7756-41d3-9e8c-a97c8f82cfe0/datanode-6/data/ratis/65cd53f9-4857-42f2-911f-fc2d37cc5a23/sm/snapshot.1_14
2019-09-04 05:30:24,940 [main] INFO  impl.StateMachineUpdater (StateMachineUpdater.java:stopAndJoin(115)) - StateMachineUpdater:4ba7a24c-5cfe-40cd-b0c9-5f87f6b790e9:group-FC2D37CC5A23: set stopIndex = 18
2019-09-04 05:30:24,940 [ForkJoinPool.commonPool-worker-1] INFO  impl.RaftServerProxy (RaftServerProxy.java:lambda$close$4(314)) - 3573222a-ec1b-4e89-993f-eee582ca57d4: close
2019-09-04 05:30:24,949 [ForkJoinPool.commonPool-worker-1] INFO  impl.RaftServerImpl (RaftServerImpl.java:lambda$shutdown$3(245)) - 3573222a-ec1b-4e89-993f-eee582ca57d4: shutdown group-17748963776B
2019-09-04 05:30:24,949 [ForkJoinPool.commonPool-worker-1] INFO  util.JmxRegister (JmxRegister.java:unregister(73)) - Successfully un-registered JMX Bean with object name Ratis:service=RaftServer,group=group-17748963776B,id=3573222a-ec1b-4e89-993f-eee582ca57d4
2019-09-04 05:30:24,949 [ForkJoinPool.commonPool-worker-1] INFO  impl.RoleInfo (RoleInfo.java:shutdownLeaderState(104)) - 3573222a-ec1b-4e89-993f-eee582ca57d4: shutdown LeaderState
2019-09-04 05:30:24,950 [ForkJoinPool.commonPool-worker-1] INFO  impl.PendingRequests (PendingRequests.java:sendNotLeaderResponses(202)) - 3573222a-ec1b-4e89-993f-eee582ca57d4-PendingRequests: sendNotLeaderResponses
2019-09-04 05:30:24,950 [ForkJoinPool.commonPool-worker-1] INFO  impl.StateMachineUpdater (StateMachineUpdater.java:stopAndJoin(115)) - StateMachineUpdater:3573222a-ec1b-4e89-993f-eee582ca57d4:group-17748963776B: set stopIndex = 0
2019-09-04 05:30:24,951 [ForkJoinPool.commonPool-worker-1] INFO  impl.RaftServerImpl (ServerState.java:close(394)) - 3573222a-ec1b-4e89-993f-eee582ca57d4:group-17748963776B closes. The last applied log index is 0
2019-09-04 05:30:24,951 [3573222a-ec1b-4e89-993f-eee582ca57d4-SegmentedRaftLogWorker:Storage Directory /workdir/hadoop-ozone/integration-test/target/test-dir/MiniOzoneClusterImpl-58a0207e-7756-41d3-9e8c-a97c8f82cfe0/datanode-5/data/ratis/dd703114-39d8-437e-8655-17748963776b] INFO  segmented.SegmentedRaftLogWorker (SegmentedRaftLogWorker.java:run(313)) - 3573222a-ec1b-4e89-993f-eee582ca57d4-SegmentedRaftLogWorker:Storage Directory /workdir/hadoop-ozone/integration-test/target/test-dir/MiniOzoneClusterImpl-58a0207e-7756-41d3-9e8c-a97c8f82cfe0/datanode-5/data/ratis/dd703114-39d8-437e-8655-17748963776b was interrupted, exiting. There are 0 tasks remaining in the queue.
2019-09-04 05:30:24,960 [ForkJoinPool.commonPool-worker-1] INFO  segmented.SegmentedRaftLogWorker (SegmentedRaftLogWorker.java:close(228)) - 3573222a-ec1b-4e89-993f-eee582ca57d4-SegmentedRaftLogWorker:Storage Directory /workdir/hadoop-ozone/integration-test/target/test-dir/MiniOzoneClusterImpl-58a0207e-7756-41d3-9e8c-a97c8f82cfe0/datanode-5/data/ratis/dd703114-39d8-437e-8655-17748963776b close()
2019-09-04 05:30:24,963 [StateMachineUpdater:4ba7a24c-5cfe-40cd-b0c9-5f87f6b790e9:group-FC2D37CC5A23] INFO  ratis.ContainerStateMachine (ContainerStateMachine.java:takeSnapshot(295)) - group-FC2D37CC5A23: Finished taking a snapshot at:(t:1, i:14) file:/workdir/hadoop-ozone/integration-test/target/test-dir/MiniOzoneClusterImpl-58a0207e-7756-41d3-9e8c-a97c8f82cfe0/datanode-6/data/ratis/65cd53f9-4857-42f2-911f-fc2d37cc5a23/sm/snapshot.1_14 time:23
2019-09-04 05:30:24,963 [ForkJoinPool.commonPool-worker-1] INFO  server.GrpcService (GrpcService.java:closeImpl(155)) - 3573222a-ec1b-4e89-993f-eee582ca57d4: shutdown server with port 37610 now
2019-09-04 05:30:24,963 [StateMachineUpdater:4ba7a24c-5cfe-40cd-b0c9-5f87f6b790e9:group-FC2D37CC5A23] INFO  impl.StateMachineUpdater (StateMachineUpdater.java:takeSnapshot(242)) - StateMachineUpdater:4ba7a24c-5cfe-40cd-b0c9-5f87f6b790e9:group-FC2D37CC5A23: Took a snapshot at index 14
2019-09-04 05:30:24,963 [StateMachineUpdater:4ba7a24c-5cfe-40cd-b0c9-5f87f6b790e9:group-FC2D37CC5A23] INFO  impl.StateMachineUpdater (StateMachineUpdater.java:lambda$new$0(80)) - StateMachineUpdater:4ba7a24c-5cfe-40cd-b0c9-5f87f6b790e9:group-FC2D37CC5A23: snapshotIndex: updateIncreasingly -1 -> 14
2019-09-04 05:30:24,968 [ForkJoinPool.commonPool-worker-1] INFO  server.GrpcService (GrpcService.java:closeImpl(163)) - 3573222a-ec1b-4e89-993f-eee582ca57d4: shutdown server with port 37610 successfully
2019-09-04 05:30:24,968 [main] INFO  impl.RaftServerImpl (ServerState.java:close(394)) - 4ba7a24c-5cfe-40cd-b0c9-5f87f6b790e9:group-FC2D37CC5A23 closes. The last applied log index is 18
2019-09-04 05:30:24,969 [4ba7a24c-5cfe-40cd-b0c9-5f87f6b790e9-SegmentedRaftLogWorker:Storage Directory /workdir/hadoop-ozone/integration-test/target/test-dir/MiniOzoneClusterImpl-58a0207e-7756-41d3-9e8c-a97c8f82cfe0/datanode-6/data/ratis/65cd53f9-4857-42f2-911f-fc2d37cc5a23] INFO  segmented.SegmentedRaftLogWorker (SegmentedRaftLogWorker.java:run(313)) - 4ba7a24c-5cfe-40cd-b0c9-5f87f6b790e9-SegmentedRaftLogWorker:Storage Directory /workdir/hadoop-ozone/integration-test/target/test-dir/MiniOzoneClusterImpl-58a0207e-7756-41d3-9e8c-a97c8f82cfe0/datanode-6/data/ratis/65cd53f9-4857-42f2-911f-fc2d37cc5a23 was interrupted, exiting. There are 0 tasks remaining in the queue.
2019-09-04 05:30:24,972 [main] INFO  segmented.SegmentedRaftLogWorker (SegmentedRaftLogWorker.java:close(228)) - 4ba7a24c-5cfe-40cd-b0c9-5f87f6b790e9-SegmentedRaftLogWorker:Storage Directory /workdir/hadoop-ozone/integration-test/target/test-dir/MiniOzoneClusterImpl-58a0207e-7756-41d3-9e8c-a97c8f82cfe0/datanode-6/data/ratis/65cd53f9-4857-42f2-911f-fc2d37cc5a23 close()
2019-09-04 05:30:24,979 [main] INFO  impl.RaftServerImpl (RaftServerImpl.java:lambda$shutdown$3(245)) - 4ba7a24c-5cfe-40cd-b0c9-5f87f6b790e9: shutdown group-256A92CA92EC
2019-09-04 05:30:24,980 [main] INFO  util.JmxRegister (JmxRegister.java:unregister(73)) - Successfully un-registered JMX Bean with object name Ratis:service=RaftServer,group=group-256A92CA92EC,id=4ba7a24c-5cfe-40cd-b0c9-5f87f6b790e9
2019-09-04 05:30:24,981 [main] INFO  impl.RoleInfo (RoleInfo.java:shutdownLeaderState(104)) - 4ba7a24c-5cfe-40cd-b0c9-5f87f6b790e9: shutdown LeaderState
2019-09-04 05:30:24,981 [main] INFO  impl.PendingRequests (PendingRequests.java:sendNotLeaderResponses(202)) - 4ba7a24c-5cfe-40cd-b0c9-5f87f6b790e9-PendingRequests: sendNotLeaderResponses
2019-09-04 05:30:24,982 [main] INFO  impl.StateMachineUpdater (StateMachineUpdater.java:stopAndJoin(115)) - StateMachineUpdater:4ba7a24c-5cfe-40cd-b0c9-5f87f6b790e9:group-256A92CA92EC: set stopIndex = 0
2019-09-04 05:30:24,984 [main] INFO  impl.RaftServerImpl (ServerState.java:close(394)) - 4ba7a24c-5cfe-40cd-b0c9-5f87f6b790e9:group-256A92CA92EC closes. The last applied log index is 0
2019-09-04 05:30:24,984 [refreshUsed-/workdir/hadoop-ozone/integration-test/target/test-dir/MiniOzoneClusterImpl-58a0207e-7756-41d3-9e8c-a97c8f82cfe0/datanode-5/data/containers] WARN  fs.CachingGetSpaceUsed (CachingGetSpaceUsed.java:run(183)) - Thread Interrupted waiting to refresh disk information: sleep interrupted
2019-09-04 05:30:24,985 [4ba7a24c-5cfe-40cd-b0c9-5f87f6b790e9-SegmentedRaftLogWorker:Storage Directory /workdir/hadoop-ozone/integration-test/target/test-dir/MiniOzoneClusterImpl-58a0207e-7756-41d3-9e8c-a97c8f82cfe0/datanode-6/data/ratis/31602ef1-3d5f-4ea1-939c-256a92ca92ec] INFO  segmented.SegmentedRaftLogWorker (SegmentedRaftLogWorker.java:run(313)) - 4ba7a24c-5cfe-40cd-b0c9-5f87f6b790e9-SegmentedRaftLogWorker:Storage Directory /workdir/hadoop-ozone/integration-test/target/test-dir/MiniOzoneClusterImpl-58a0207e-7756-41d3-9e8c-a97c8f82cfe0/datanode-6/data/ratis/31602ef1-3d5f-4ea1-939c-256a92ca92ec was interrupted, exiting. There are 0 tasks remaining in the queue.
2019-09-04 05:30:24,985 [main] INFO  segmented.SegmentedRaftLogWorker (SegmentedRaftLogWorker.java:close(228)) - 4ba7a24c-5cfe-40cd-b0c9-5f87f6b790e9-SegmentedRaftLogWorker:Storage Directory /workdir/hadoop-ozone/integration-test/target/test-dir/MiniOzoneClusterImpl-58a0207e-7756-41d3-9e8c-a97c8f82cfe0/datanode-6/data/ratis/31602ef1-3d5f-4ea1-939c-256a92ca92ec close()
2019-09-04 05:30:24,987 [main] INFO  server.GrpcService (GrpcService.java:closeImpl(155)) - 4ba7a24c-5cfe-40cd-b0c9-5f87f6b790e9: shutdown server with port 35457 now
2019-09-04 05:30:24,988 [main] INFO  server.GrpcService (GrpcService.java:closeImpl(163)) - 4ba7a24c-5cfe-40cd-b0c9-5f87f6b790e9: shutdown server with port 35457 successfully
2019-09-04 05:30:24,992 [refreshUsed-/workdir/hadoop-ozone/integration-test/target/test-dir/MiniOzoneClusterImpl-58a0207e-7756-41d3-9e8c-a97c8f82cfe0/datanode-6/data/containers] WARN  fs.CachingGetSpaceUsed (CachingGetSpaceUsed.java:run(183)) - Thread Interrupted waiting to refresh disk information: sleep interrupted
2019-09-04 05:30:25,006 [ForkJoinPool.commonPool-worker-1] INFO  utils.BackgroundService (BackgroundService.java:shutdown(148)) - Shutting down service BlockDeletingService
2019-09-04 05:30:25,010 [ForkJoinPool.commonPool-worker-1] INFO  statemachine.DatanodeStateMachine (DatanodeStateMachine.java:stopDaemon(395)) - Ozone container server stopped.
2019-09-04 05:30:25,014 [ForkJoinPool.commonPool-worker-1] INFO  handler.ContextHandler (ContextHandler.java:doStop(910)) - Stopped o.e.j.w.WebAppContext@50e5032c{/,null,UNAVAILABLE}{/hddsDatanode}
2019-09-04 05:30:25,014 [ForkJoinPool.commonPool-worker-1] INFO  server.AbstractConnector (AbstractConnector.java:doStop(318)) - Stopped ServerConnector@545d2560{HTTP/1.1,[http/1.1]}{0.0.0.0:0}
2019-09-04 05:30:25,016 [ForkJoinPool.commonPool-worker-1] INFO  handler.ContextHandler (ContextHandler.java:doStop(910)) - Stopped o.e.j.s.ServletContextHandler@5faeeb56{/static,jar:file:/home/user/.m2/repository/org/apache/hadoop/hadoop-hdds-container-service/0.5.0-SNAPSHOT/hadoop-hdds-container-service-0.5.0-SNAPSHOT.jar!/webapps/static,UNAVAILABLE}
2019-09-04 05:30:25,017 [ForkJoinPool.commonPool-worker-1] INFO  handler.ContextHandler (ContextHandler.java:doStop(910)) - Stopped o.e.j.s.ServletContextHandler@cbf1997{/logs,file:///workdir/hadoop-ozone/integration-test/target/log,UNAVAILABLE}
2019-09-04 05:30:25,018 [main] INFO  utils.BackgroundService (BackgroundService.java:shutdown(148)) - Shutting down service BlockDeletingService
2019-09-04 05:30:25,021 [main] INFO  statemachine.DatanodeStateMachine (DatanodeStateMachine.java:stopDaemon(395)) - Ozone container server stopped.
2019-09-04 05:30:25,022 [main] INFO  handler.ContextHandler (ContextHandler.java:doStop(910)) - Stopped o.e.j.w.WebAppContext@54f6b629{/,null,UNAVAILABLE}{/hddsDatanode}
2019-09-04 05:30:25,024 [main] INFO  server.AbstractConnector (AbstractConnector.java:doStop(318)) - Stopped ServerConnector@4bc9ca97{HTTP/1.1,[http/1.1]}{0.0.0.0:0}
2019-09-04 05:30:25,024 [main] INFO  handler.ContextHandler (ContextHandler.java:doStop(910)) - Stopped o.e.j.s.ServletContextHandler@723742b2{/static,jar:file:/home/user/.m2/repository/org/apache/hadoop/hadoop-hdds-container-service/0.5.0-SNAPSHOT/hadoop-hdds-container-service-0.5.0-SNAPSHOT.jar!/webapps/static,UNAVAILABLE}
2019-09-04 05:30:25,025 [main] INFO  handler.ContextHandler (ContextHandler.java:doStop(910)) - Stopped o.e.j.s.ServletContextHandler@629075f4{/logs,file:///workdir/hadoop-ozone/integration-test/target/log,UNAVAILABLE}
2019-09-04 05:30:25,026 [main] INFO  ozone.MiniOzoneClusterImpl (MiniOzoneClusterImpl.java:stop(339)) - Stopping the StorageContainerManager
2019-09-04 05:30:25,026 [main] INFO  server.StorageContainerManager (StorageContainerManager.java:stop(797)) - Stopping Replication Manager Service.
2019-09-04 05:30:25,026 [main] INFO  container.ReplicationManager (ReplicationManager.java:stop(203)) - Stopping Replication Monitor Thread.
2019-09-04 05:30:25,026 [main] INFO  server.StorageContainerManager (StorageContainerManager.java:stop(804)) - Stopping Lease Manager of the command watchers
2019-09-04 05:30:25,027 [main] INFO  server.StorageContainerManager (StorageContainerManager.java:stop(811)) - Stopping datanode service RPC server
2019-09-04 05:30:25,027 [main] INFO  server.SCMDatanodeProtocolServer (SCMDatanodeProtocolServer.java:stop(367)) - Stopping the RPC server for DataNodes
2019-09-04 05:30:25,027 [main] INFO  ipc.Server (Server.java:stop(3082)) - Stopping server on 33172
2019-09-04 05:30:25,030 [IPC Server listener on 33172] INFO  ipc.Server (Server.java:run(1185)) - Stopping IPC Server listener on 33172
2019-09-04 05:30:25,031 [IPC Server Responder] INFO  ipc.Server (Server.java:run(1319)) - Stopping IPC Server Responder
2019-09-04 05:30:25,101 [SCM Heartbeat Processing Thread - 0] WARN  node.NodeStateManager (NodeStateManager.java:scheduleNextHealthCheck(646)) - Current Thread is interrupted, shutting down HB processing thread for Node Manager.
2019-09-04 05:30:25,101 [main] INFO  server.StorageContainerManager (StorageContainerManager.java:stop(819)) - Stopping block service RPC server
2019-09-04 05:30:25,101 [main] INFO  server.SCMBlockProtocolServer (SCMBlockProtocolServer.java:stop(155)) - Stopping the RPC server for Block Protocol
2019-09-04 05:30:25,102 [main] INFO  ipc.Server (Server.java:stop(3082)) - Stopping server on 45408
2019-09-04 05:30:25,104 [IPC Server listener on 45408] INFO  ipc.Server (Server.java:run(1185)) - Stopping IPC Server listener on 45408
2019-09-04 05:30:25,104 [main] INFO  server.StorageContainerManager (StorageContainerManager.java:stop(826)) - Stopping the StorageContainerLocationProtocol RPC server
2019-09-04 05:30:25,104 [IPC Server Responder] INFO  ipc.Server (Server.java:run(1319)) - Stopping IPC Server Responder
2019-09-04 05:30:25,105 [main] INFO  server.SCMClientProtocolServer (SCMClientProtocolServer.java:stop(159)) - Stopping the RPC server for Client Protocol
2019-09-04 05:30:25,106 [main] INFO  ipc.Server (Server.java:stop(3082)) - Stopping server on 33445
2019-09-04 05:30:25,109 [IPC Server listener on 33445] INFO  ipc.Server (Server.java:run(1185)) - Stopping IPC Server listener on 33445
2019-09-04 05:30:25,109 [main] INFO  server.StorageContainerManager (StorageContainerManager.java:stop(833)) - Stopping Storage Container Manager HTTP server.
2019-09-04 05:30:25,109 [IPC Server Responder] INFO  ipc.Server (Server.java:run(1319)) - Stopping IPC Server Responder
2019-09-04 05:30:25,111 [main] INFO  handler.ContextHandler (ContextHandler.java:doStop(910)) - Stopped o.e.j.w.WebAppContext@52a7928a{/,null,UNAVAILABLE}{/scm}
2019-09-04 05:30:25,112 [main] INFO  server.AbstractConnector (AbstractConnector.java:doStop(318)) - Stopped ServerConnector@563ccd31{HTTP/1.1,[http/1.1]}{0.0.0.0:0}
2019-09-04 05:30:25,112 [main] INFO  handler.ContextHandler (ContextHandler.java:doStop(910)) - Stopped o.e.j.s.ServletContextHandler@66f5b8fe{/static,file:///workdir/hadoop-ozone/integration-test/target/test-classes/webapps/static,UNAVAILABLE}
2019-09-04 05:30:25,113 [main] INFO  handler.ContextHandler (ContextHandler.java:doStop(910)) - Stopped o.e.j.s.ServletContextHandler@4b9c411{/logs,file:///workdir/hadoop-ozone/integration-test/target/log,UNAVAILABLE}
2019-09-04 05:30:25,114 [main] INFO  server.StorageContainerManager (StorageContainerManager.java:stop(844)) - Stopping Block Manager Service.
2019-09-04 05:30:25,114 [main] INFO  utils.BackgroundService (BackgroundService.java:shutdown(148)) - Shutting down service SCMBlockDeletingService
2019-09-04 05:30:25,115 [main] INFO  utils.BackgroundService (BackgroundService.java:shutdown(148)) - Shutting down service SCMBlockDeletingService
2019-09-04 05:30:25,115 [main] INFO  server.StorageContainerManager (StorageContainerManager.java:stop(866)) - Stopping SCM Event Queue.
2019-09-04 05:30:25,120 [main] INFO  impl.MetricsSystemImpl (MetricsSystemImpl.java:stop(210)) - Stopping HddsDatanode metrics system...
2019-09-04 05:30:25,134 [main] INFO  impl.MetricsSystemImpl (MetricsSystemImpl.java:stop(216)) - HddsDatanode metrics system stopped.
]]></system-out>
  </testcase>
  <testcase name="testFailureWithPrimeSizedData" classname="org.apache.hadoop.ozone.client.rpc.TestBlockOutputStreamWithFailures" time="41.598"/>
  <testcase name="testWatchForCommitWithCloseContainerException" classname="org.apache.hadoop.ozone.client.rpc.TestBlockOutputStreamWithFailures" time="36.044"/>
  <testcase name="testExceptionDuringClose" classname="org.apache.hadoop.ozone.client.rpc.TestBlockOutputStreamWithFailures" time="36.148"/>
</testsuite>