<?xml version="1.0" encoding="UTF-8"?>
<testsuite xmlns:xsi="http://www.w3.org/2001/XMLSchema-instance" xsi:noNamespaceSchemaLocation="https://maven.apache.org/surefire/maven-surefire-plugin/xsd/surefire-test-report.xsd" name="org.apache.hadoop.ozone.freon.TestFreonWithPipelineDestroy" time="43.348" tests="1" errors="1" skipped="0" failures="0">
  <properties>
    <property name="awt.toolkit" value="sun.awt.X11.XToolkit"/>
    <property name="file.encoding.pkg" value="sun.io"/>
    <property name="java.specification.version" value="1.8"/>
    <property name="sun.cpu.isalist" value=""/>
    <property name="sun.jnu.encoding" value="UTF-8"/>
    <property name="java.class.path" value="/workdir/hadoop-ozone/tools/target/test-classes:/workdir/hadoop-ozone/tools/target/classes:/workdir/hadoop-ozone/ozone-manager/target/classes:/workdir/hadoop-hdds/docs/target/classes:/home/user/.m2/repository/org/bouncycastle/bcprov-jdk15on/1.60/bcprov-jdk15on-1.60.jar:/workdir/hadoop-ozone/common/target/classes:/home/user/.m2/repository/org/apache/commons/commons-compress/1.4.1/commons-compress-1.4.1.jar:/home/user/.m2/repository/org/tukaani/xz/1.0/xz-1.0.jar:/home/user/.m2/repository/org/apache/hadoop/hadoop-hdfs-client/3.2.0/hadoop-hdfs-client-3.2.0.jar:/home/user/.m2/repository/com/fasterxml/jackson/core/jackson-annotations/2.9.5/jackson-annotations-2.9.5.jar:/workdir/hadoop-hdds/common/target/classes:/workdir/hadoop-hdds/config/target/classes:/home/user/.m2/repository/javax/annotation/javax.annotation-api/1.2/javax.annotation-api-1.2.jar:/home/user/.m2/repository/org/apache/ratis/ratis-server/0.4.0-2337318-SNAPSHOT/ratis-server-0.4.0-2337318-SNAPSHOT.jar:/home/user/.m2/repository/org/apache/ratis/ratis-thirdparty-misc/0.2.0/ratis-thirdparty-misc-0.2.0.jar:/home/user/.m2/repository/org/apache/ratis/ratis-proto/0.4.0-2337318-SNAPSHOT/ratis-proto-0.4.0-2337318-SNAPSHOT.jar:/home/user/.m2/repository/org/apache/ratis/ratis-common/0.4.0-2337318-SNAPSHOT/ratis-common-0.4.0-2337318-SNAPSHOT.jar:/home/user/.m2/repository/org/apache/ratis/ratis-client/0.4.0-2337318-SNAPSHOT/ratis-client-0.4.0-2337318-SNAPSHOT.jar:/home/user/.m2/repository/org/apache/ratis/ratis-metrics/0.4.0-2337318-SNAPSHOT/ratis-metrics-0.4.0-2337318-SNAPSHOT.jar:/home/user/.m2/repository/org/apache/ratis/ratis-netty/0.4.0-2337318-SNAPSHOT/ratis-netty-0.4.0-2337318-SNAPSHOT.jar:/home/user/.m2/repository/org/apache/ratis/ratis-grpc/0.4.0-2337318-SNAPSHOT/ratis-grpc-0.4.0-2337318-SNAPSHOT.jar:/home/user/.m2/repository/org/rocksdb/rocksdbjni/6.0.1/rocksdbjni-6.0.1.jar:/home/user/.m2/repository/org/apache/logging/log4j/log4j-api/2.11.0/log4j-api-2.11.0.jar:/home/user/.m2/repository/org/apache/logging/log4j/log4j-core/2.11.0/log4j-core-2.11.0.jar:/home/user/.m2/repository/com/lmax/disruptor/3.4.2/disruptor-3.4.2.jar:/home/user/.m2/repository/org/apache/commons/commons-pool2/2.6.0/commons-pool2-2.6.0.jar:/home/user/.m2/repository/org/bouncycastle/bcpkix-jdk15on/1.60/bcpkix-jdk15on-1.60.jar:/home/user/.m2/repository/commons-validator/commons-validator/1.6/commons-validator-1.6.jar:/home/user/.m2/repository/commons-digester/commons-digester/1.8.1/commons-digester-1.8.1.jar:/home/user/.m2/repository/io/jaegertracing/jaeger-client/0.33.1/jaeger-client-0.33.1.jar:/home/user/.m2/repository/io/jaegertracing/jaeger-thrift/0.33.1/jaeger-thrift-0.33.1.jar:/home/user/.m2/repository/org/apache/thrift/libthrift/0.11.0/libthrift-0.11.0.jar:/home/user/.m2/repository/com/squareup/okhttp3/okhttp/3.9.0/okhttp-3.9.0.jar:/home/user/.m2/repository/com/squareup/okio/okio/1.13.0/okio-1.13.0.jar:/home/user/.m2/repository/io/jaegertracing/jaeger-core/0.33.1/jaeger-core-0.33.1.jar:/home/user/.m2/repository/io/jaegertracing/jaeger-tracerresolver/0.33.1/jaeger-tracerresolver-0.33.1.jar:/home/user/.m2/repository/io/opentracing/contrib/opentracing-tracerresolver/0.1.5/opentracing-tracerresolver-0.1.5.jar:/home/user/.m2/repository/io/opentracing/opentracing-util/0.31.0/opentracing-util-0.31.0.jar:/home/user/.m2/repository/io/opentracing/opentracing-api/0.31.0/opentracing-api-0.31.0.jar:/home/user/.m2/repository/io/opentracing/opentracing-noop/0.31.0/opentracing-noop-0.31.0.jar:/home/user/.m2/repository/org/yaml/snakeyaml/1.16/snakeyaml-1.16.jar:/workdir/hadoop-hdds/container-service/target/classes:/workdir/hadoop-hdds/client/target/classes:/workdir/hadoop-hdds/tools/target/classes:/home/user/.m2/repository/org/xerial/sqlite-jdbc/3.25.2/sqlite-jdbc-3.25.2.jar:/workdir/hadoop-hdds/server-scm/target/classes:/home/user/.m2/repository/org/hamcrest/hamcrest-all/1.3/hamcrest-all-1.3.jar:/home/user/.m2/repository/info/picocli/picocli/3.9.6/picocli-3.9.6.jar:/home/user/.m2/repository/com/google/protobuf/protobuf-java/2.5.0/protobuf-java-2.5.0.jar:/home/user/.m2/repository/com/google/guava/guava/11.0.2/guava-11.0.2.jar:/workdir/hadoop-ozone/client/target/classes:/home/user/.m2/repository/org/apache/hadoop/hadoop-ozone-filesystem/0.4.1-SNAPSHOT/hadoop-ozone-filesystem-0.4.1-SNAPSHOT.jar:/workdir/hadoop-hdds/framework/target/classes:/home/user/.m2/repository/org/apache/hadoop/hadoop-common/3.2.0/hadoop-common-3.2.0.jar:/home/user/.m2/repository/org/apache/hadoop/hadoop-annotations/3.2.0/hadoop-annotations-3.2.0.jar:/usr/lib/jvm/java-1.8-openjdk/jre/../lib/tools.jar:/home/user/.m2/repository/commons-cli/commons-cli/1.2/commons-cli-1.2.jar:/home/user/.m2/repository/org/apache/commons/commons-math3/3.1.1/commons-math3-3.1.1.jar:/home/user/.m2/repository/org/apache/httpcomponents/httpclient/4.5.2/httpclient-4.5.2.jar:/home/user/.m2/repository/org/apache/httpcomponents/httpcore/4.4.4/httpcore-4.4.4.jar:/home/user/.m2/repository/commons-codec/commons-codec/1.11/commons-codec-1.11.jar:/home/user/.m2/repository/commons-io/commons-io/2.5/commons-io-2.5.jar:/home/user/.m2/repository/commons-net/commons-net/3.6/commons-net-3.6.jar:/home/user/.m2/repository/commons-collections/commons-collections/3.2.2/commons-collections-3.2.2.jar:/home/user/.m2/repository/javax/servlet/javax.servlet-api/3.1.0/javax.servlet-api-3.1.0.jar:/home/user/.m2/repository/org/eclipse/jetty/jetty-server/9.3.24.v20180605/jetty-server-9.3.24.v20180605.jar:/home/user/.m2/repository/org/eclipse/jetty/jetty-http/9.3.24.v20180605/jetty-http-9.3.24.v20180605.jar:/home/user/.m2/repository/org/eclipse/jetty/jetty-io/9.3.24.v20180605/jetty-io-9.3.24.v20180605.jar:/home/user/.m2/repository/org/eclipse/jetty/jetty-util/9.3.24.v20180605/jetty-util-9.3.24.v20180605.jar:/home/user/.m2/repository/org/eclipse/jetty/jetty-servlet/9.3.24.v20180605/jetty-servlet-9.3.24.v20180605.jar:/home/user/.m2/repository/org/eclipse/jetty/jetty-security/9.3.24.v20180605/jetty-security-9.3.24.v20180605.jar:/home/user/.m2/repository/org/eclipse/jetty/jetty-webapp/9.3.24.v20180605/jetty-webapp-9.3.24.v20180605.jar:/home/user/.m2/repository/org/eclipse/jetty/jetty-xml/9.3.24.v20180605/jetty-xml-9.3.24.v20180605.jar:/home/user/.m2/repository/javax/servlet/jsp/jsp-api/2.1/jsp-api-2.1.jar:/home/user/.m2/repository/com/sun/jersey/jersey-core/1.19/jersey-core-1.19.jar:/home/user/.m2/repository/javax/ws/rs/jsr311-api/1.1.1/jsr311-api-1.1.1.jar:/home/user/.m2/repository/com/sun/jersey/jersey-servlet/1.19/jersey-servlet-1.19.jar:/home/user/.m2/repository/com/sun/jersey/jersey-json/1.19/jersey-json-1.19.jar:/home/user/.m2/repository/org/codehaus/jettison/jettison/1.1/jettison-1.1.jar:/home/user/.m2/repository/com/sun/xml/bind/jaxb-impl/2.3.0.1/jaxb-impl-2.3.0.1.jar:/home/user/.m2/repository/org/codehaus/jackson/jackson-core-asl/1.9.13/jackson-core-asl-1.9.13.jar:/home/user/.m2/repository/org/codehaus/jackson/jackson-mapper-asl/1.9.13/jackson-mapper-asl-1.9.13.jar:/home/user/.m2/repository/org/codehaus/jackson/jackson-jaxrs/1.9.13/jackson-jaxrs-1.9.13.jar:/home/user/.m2/repository/org/codehaus/jackson/jackson-xc/1.9.13/jackson-xc-1.9.13.jar:/home/user/.m2/repository/com/sun/jersey/jersey-server/1.19/jersey-server-1.19.jar:/home/user/.m2/repository/commons-logging/commons-logging/1.1.3/commons-logging-1.1.3.jar:/home/user/.m2/repository/log4j/log4j/1.2.17/log4j-1.2.17.jar:/home/user/.m2/repository/commons-beanutils/commons-beanutils/1.9.3/commons-beanutils-1.9.3.jar:/home/user/.m2/repository/org/apache/commons/commons-configuration2/2.1.1/commons-configuration2-2.1.1.jar:/home/user/.m2/repository/org/apache/commons/commons-lang3/3.7/commons-lang3-3.7.jar:/home/user/.m2/repository/org/apache/commons/commons-text/1.4/commons-text-1.4.jar:/home/user/.m2/repository/org/slf4j/slf4j-api/1.7.25/slf4j-api-1.7.25.jar:/home/user/.m2/repository/org/slf4j/slf4j-log4j12/1.7.25/slf4j-log4j12-1.7.25.jar:/home/user/.m2/repository/org/apache/avro/avro/1.7.7/avro-1.7.7.jar:/home/user/.m2/repository/com/thoughtworks/paranamer/paranamer/2.3/paranamer-2.3.jar:/home/user/.m2/repository/org/xerial/snappy/snappy-java/1.0.5/snappy-java-1.0.5.jar:/home/user/.m2/repository/com/google/re2j/re2j/1.1/re2j-1.1.jar:/home/user/.m2/repository/com/google/code/gson/gson/2.2.4/gson-2.2.4.jar:/home/user/.m2/repository/org/apache/hadoop/hadoop-auth/3.2.0/hadoop-auth-3.2.0.jar:/home/user/.m2/repository/com/nimbusds/nimbus-jose-jwt/4.41.1/nimbus-jose-jwt-4.41.1.jar:/home/user/.m2/repository/com/github/stephenc/jcip/jcip-annotations/1.0-1/jcip-annotations-1.0-1.jar:/home/user/.m2/repository/net/minidev/json-smart/2.3/json-smart-2.3.jar:/home/user/.m2/repository/net/minidev/accessors-smart/1.2/accessors-smart-1.2.jar:/home/user/.m2/repository/org/apache/curator/curator-framework/2.12.0/curator-framework-2.12.0.jar:/home/user/.m2/repository/com/jcraft/jsch/0.1.54/jsch-0.1.54.jar:/home/user/.m2/repository/org/apache/curator/curator-client/2.12.0/curator-client-2.12.0.jar:/home/user/.m2/repository/org/apache/curator/curator-recipes/2.12.0/curator-recipes-2.12.0.jar:/home/user/.m2/repository/com/google/code/findbugs/jsr305/3.0.0/jsr305-3.0.0.jar:/home/user/.m2/repository/org/apache/htrace/htrace-core4/4.1.0-incubating/htrace-core4-4.1.0-incubating.jar:/home/user/.m2/repository/org/apache/zookeeper/zookeeper/3.4.13/zookeeper-3.4.13.jar:/home/user/.m2/repository/org/apache/yetus/audience-annotations/0.5.0/audience-annotations-0.5.0.jar:/home/user/.m2/repository/org/apache/kerby/kerb-simplekdc/1.0.1/kerb-simplekdc-1.0.1.jar:/home/user/.m2/repository/org/apache/kerby/kerb-client/1.0.1/kerb-client-1.0.1.jar:/home/user/.m2/repository/org/apache/kerby/kerby-config/1.0.1/kerby-config-1.0.1.jar:/home/user/.m2/repository/org/apache/kerby/kerb-core/1.0.1/kerb-core-1.0.1.jar:/home/user/.m2/repository/org/apache/kerby/kerby-pkix/1.0.1/kerby-pkix-1.0.1.jar:/home/user/.m2/repository/org/apache/kerby/kerby-asn1/1.0.1/kerby-asn1-1.0.1.jar:/home/user/.m2/repository/org/apache/kerby/kerby-util/1.0.1/kerby-util-1.0.1.jar:/home/user/.m2/repository/org/apache/kerby/kerb-common/1.0.1/kerb-common-1.0.1.jar:/home/user/.m2/repository/org/apache/kerby/kerb-crypto/1.0.1/kerb-crypto-1.0.1.jar:/home/user/.m2/repository/org/apache/kerby/kerb-util/1.0.1/kerb-util-1.0.1.jar:/home/user/.m2/repository/org/apache/kerby/token-provider/1.0.1/token-provider-1.0.1.jar:/home/user/.m2/repository/org/apache/kerby/kerb-admin/1.0.1/kerb-admin-1.0.1.jar:/home/user/.m2/repository/org/apache/kerby/kerb-server/1.0.1/kerb-server-1.0.1.jar:/home/user/.m2/repository/org/apache/kerby/kerb-identity/1.0.1/kerb-identity-1.0.1.jar:/home/user/.m2/repository/org/apache/kerby/kerby-xdr/1.0.1/kerby-xdr-1.0.1.jar:/home/user/.m2/repository/com/fasterxml/jackson/core/jackson-databind/2.9.5/jackson-databind-2.9.5.jar:/home/user/.m2/repository/com/fasterxml/jackson/core/jackson-core/2.9.5/jackson-core-2.9.5.jar:/home/user/.m2/repository/org/codehaus/woodstox/stax2-api/3.1.4/stax2-api-3.1.4.jar:/home/user/.m2/repository/com/fasterxml/woodstox/woodstox-core/5.0.3/woodstox-core-5.0.3.jar:/home/user/.m2/repository/dnsjava/dnsjava/2.1.7/dnsjava-2.1.7.jar:/home/user/.m2/repository/org/apache/hadoop/hadoop-hdfs/3.2.0/hadoop-hdfs-3.2.0.jar:/home/user/.m2/repository/org/eclipse/jetty/jetty-util-ajax/9.3.24.v20180605/jetty-util-ajax-9.3.24.v20180605.jar:/home/user/.m2/repository/commons-daemon/commons-daemon/1.0.13/commons-daemon-1.0.13.jar:/home/user/.m2/repository/io/netty/netty/3.10.5.Final/netty-3.10.5.Final.jar:/home/user/.m2/repository/io/netty/netty-all/4.0.52.Final/netty-all-4.0.52.Final.jar:/home/user/.m2/repository/org/fusesource/leveldbjni/leveldbjni-all/1.8/leveldbjni-all-1.8.jar:/home/user/.m2/repository/com/sun/xml/bind/jaxb-core/2.3.0.1/jaxb-core-2.3.0.1.jar:/home/user/.m2/repository/javax/xml/bind/jaxb-api/2.3.0/jaxb-api-2.3.0.jar:/home/user/.m2/repository/javax/activation/activation/1.1.1/activation-1.1.1.jar:/home/user/.m2/repository/io/dropwizard/metrics/metrics-core/3.2.4/metrics-core-3.2.4.jar:/home/user/.m2/repository/org/openjdk/jmh/jmh-core/1.19/jmh-core-1.19.jar:/home/user/.m2/repository/net/sf/jopt-simple/jopt-simple/4.6/jopt-simple-4.6.jar:/home/user/.m2/repository/org/openjdk/jmh/jmh-generator-annprocess/1.19/jmh-generator-annprocess-1.19.jar:/home/user/.m2/repository/com/google/code/findbugs/findbugs/3.0.1/findbugs-3.0.1.jar:/home/user/.m2/repository/net/jcip/jcip-annotations/1.0/jcip-annotations-1.0.jar:/home/user/.m2/repository/com/google/code/findbugs/bcel-findbugs/6.0/bcel-findbugs-6.0.jar:/home/user/.m2/repository/com/google/code/findbugs/jFormatString/2.0.1/jFormatString-2.0.1.jar:/home/user/.m2/repository/dom4j/dom4j/1.6.1/dom4j-1.6.1.jar:/home/user/.m2/repository/xml-apis/xml-apis/1.0.b2/xml-apis-1.0.b2.jar:/home/user/.m2/repository/org/ow2/asm/asm-debug-all/5.0.2/asm-debug-all-5.0.2.jar:/home/user/.m2/repository/org/ow2/asm/asm-commons/5.0.2/asm-commons-5.0.2.jar:/home/user/.m2/repository/org/ow2/asm/asm-tree/5.0.2/asm-tree-5.0.2.jar:/home/user/.m2/repository/org/ow2/asm/asm/5.0.4/asm-5.0.4.jar:/home/user/.m2/repository/commons-lang/commons-lang/2.6/commons-lang-2.6.jar:/home/user/.m2/repository/com/apple/AppleJavaExtensions/1.4/AppleJavaExtensions-1.4.jar:/home/user/.m2/repository/jaxen/jaxen/1.1.6/jaxen-1.1.6.jar:/home/user/.m2/repository/junit/junit/4.11/junit-4.11.jar:/home/user/.m2/repository/org/hamcrest/hamcrest-core/1.3/hamcrest-core-1.3.jar:/home/user/.m2/repository/org/apache/hadoop/hadoop-common/3.2.0/hadoop-common-3.2.0-tests.jar:/home/user/.m2/repository/org/apache/hadoop/hadoop-ozone-integration-test/0.4.1-SNAPSHOT/hadoop-ozone-integration-test-0.4.1-SNAPSHOT-tests.jar:/workdir/hadoop-ozone/objectstore-service/target/classes:/workdir/hadoop-ozone/s3gateway/target/classes:/home/user/.m2/repository/org/jboss/weld/servlet/weld-servlet/2.4.7.Final/weld-servlet-2.4.7.Final.jar:/home/user/.m2/repository/org/glassfish/jersey/containers/jersey-container-servlet-core/2.27/jersey-container-servlet-core-2.27.jar:/home/user/.m2/repository/org/glassfish/hk2/external/javax.inject/2.5.0-b42/javax.inject-2.5.0-b42.jar:/home/user/.m2/repository/org/glassfish/jersey/core/jersey-common/2.27/jersey-common-2.27.jar:/home/user/.m2/repository/org/glassfish/hk2/osgi-resource-locator/1.0.1/osgi-resource-locator-1.0.1.jar:/home/user/.m2/repository/javax/ws/rs/javax.ws.rs-api/2.1/javax.ws.rs-api-2.1.jar:/home/user/.m2/repository/org/glassfish/jersey/ext/cdi/jersey-cdi1x/2.27/jersey-cdi1x-2.27.jar:/home/user/.m2/repository/org/glassfish/jersey/inject/jersey-hk2/2.27/jersey-hk2-2.27.jar:/home/user/.m2/repository/org/glassfish/hk2/hk2-locator/2.5.0-b42/hk2-locator-2.5.0-b42.jar:/home/user/.m2/repository/org/javassist/javassist/3.22.0-CR2/javassist-3.22.0-CR2.jar:/home/user/.m2/repository/org/glassfish/hk2/hk2-api/2.5.0/hk2-api-2.5.0.jar:/home/user/.m2/repository/org/glassfish/hk2/external/jakarta.inject/2.5.0/jakarta.inject-2.5.0.jar:/home/user/.m2/repository/org/glassfish/hk2/hk2-utils/2.5.0/hk2-utils-2.5.0.jar:/home/user/.m2/repository/jakarta/annotation/jakarta.annotation-api/1.3.4/jakarta.annotation-api-1.3.4.jar:/home/user/.m2/repository/org/glassfish/hk2/external/aopalliance-repackaged/2.5.0/aopalliance-repackaged-2.5.0.jar:/home/user/.m2/repository/com/fasterxml/jackson/dataformat/jackson-dataformat-xml/2.9.0/jackson-dataformat-xml-2.9.0.jar:/home/user/.m2/repository/com/fasterxml/jackson/module/jackson-module-jaxb-annotations/2.9.5/jackson-module-jaxb-annotations-2.9.5.jar:/home/user/.m2/repository/javax/enterprise/cdi-api/1.2/cdi-api-1.2.jar:/home/user/.m2/repository/javax/el/javax.el-api/3.0.0/javax.el-api-3.0.0.jar:/home/user/.m2/repository/javax/interceptor/javax.interceptor-api/1.2/javax.interceptor-api-1.2.jar:/home/user/.m2/repository/javax/inject/javax.inject/1/javax.inject-1.jar:/workdir/hadoop-ozone/csi/target/classes:/home/user/.m2/repository/com/google/protobuf/protobuf-java-util/3.5.1/protobuf-java-util-3.5.1.jar:/home/user/.m2/repository/io/grpc/grpc-netty/1.17.1/grpc-netty-1.17.1.jar:/home/user/.m2/repository/io/grpc/grpc-core/1.17.1/grpc-core-1.17.1.jar:/home/user/.m2/repository/io/grpc/grpc-context/1.17.1/grpc-context-1.17.1.jar:/home/user/.m2/repository/com/google/errorprone/error_prone_annotations/2.2.0/error_prone_annotations-2.2.0.jar:/home/user/.m2/repository/org/codehaus/mojo/animal-sniffer-annotations/1.17/animal-sniffer-annotations-1.17.jar:/home/user/.m2/repository/io/opencensus/opencensus-api/0.17.0/opencensus-api-0.17.0.jar:/home/user/.m2/repository/io/opencensus/opencensus-contrib-grpc-metrics/0.17.0/opencensus-contrib-grpc-metrics-0.17.0.jar:/home/user/.m2/repository/io/netty/netty-codec-http2/4.1.30.Final/netty-codec-http2-4.1.30.Final.jar:/home/user/.m2/repository/io/netty/netty-codec-http/4.1.30.Final/netty-codec-http-4.1.30.Final.jar:/home/user/.m2/repository/io/netty/netty-codec/4.1.30.Final/netty-codec-4.1.30.Final.jar:/home/user/.m2/repository/io/netty/netty-handler/4.1.30.Final/netty-handler-4.1.30.Final.jar:/home/user/.m2/repository/io/netty/netty-handler-proxy/4.1.30.Final/netty-handler-proxy-4.1.30.Final.jar:/home/user/.m2/repository/io/netty/netty-codec-socks/4.1.30.Final/netty-codec-socks-4.1.30.Final.jar:/home/user/.m2/repository/io/netty/netty-transport-native-epoll/4.1.30.Final/netty-transport-native-epoll-4.1.30.Final.jar:/home/user/.m2/repository/io/netty/netty-common/4.1.30.Final/netty-common-4.1.30.Final.jar:/home/user/.m2/repository/io/netty/netty-buffer/4.1.30.Final/netty-buffer-4.1.30.Final.jar:/home/user/.m2/repository/io/netty/netty-transport/4.1.30.Final/netty-transport-4.1.30.Final.jar:/home/user/.m2/repository/io/netty/netty-resolver/4.1.30.Final/netty-resolver-4.1.30.Final.jar:/home/user/.m2/repository/io/netty/netty-transport-native-unix-common/4.1.30.Final/netty-transport-native-unix-common-4.1.30.Final.jar:/home/user/.m2/repository/io/grpc/grpc-protobuf/1.17.1/grpc-protobuf-1.17.1.jar:/home/user/.m2/repository/com/google/api/grpc/proto-google-common-protos/1.0.0/proto-google-common-protos-1.0.0.jar:/home/user/.m2/repository/io/grpc/grpc-protobuf-lite/1.17.1/grpc-protobuf-lite-1.17.1.jar:/home/user/.m2/repository/io/grpc/grpc-stub/1.17.1/grpc-stub-1.17.1.jar:/workdir/hadoop-ozone/ozone-recon/target/classes:/workdir/hadoop-ozone/ozone-recon-codegen/target/classes:/home/user/.m2/repository/com/google/inject/extensions/guice-multibindings/4.0/guice-multibindings-4.0.jar:/home/user/.m2/repository/com/google/inject/guice/4.0/guice-4.0.jar:/home/user/.m2/repository/aopalliance/aopalliance/1.0/aopalliance-1.0.jar:/home/user/.m2/repository/com/google/inject/extensions/guice-servlet/4.0/guice-servlet-4.0.jar:/home/user/.m2/repository/org/glassfish/jersey/containers/jersey-container-servlet/2.27/jersey-container-servlet-2.27.jar:/home/user/.m2/repository/org/glassfish/hk2/guice-bridge/2.5.0/guice-bridge-2.5.0.jar:/home/user/.m2/repository/org/glassfish/jersey/core/jersey-server/2.27/jersey-server-2.27.jar:/home/user/.m2/repository/org/glassfish/jersey/core/jersey-client/2.27/jersey-client-2.27.jar:/home/user/.m2/repository/org/glassfish/jersey/media/jersey-media-jaxb/2.27/jersey-media-jaxb-2.27.jar:/home/user/.m2/repository/javax/validation/validation-api/1.1.0.Final/validation-api-1.1.0.Final.jar:/home/user/.m2/repository/org/glassfish/jersey/media/jersey-media-json-jackson/2.27/jersey-media-json-jackson-2.27.jar:/home/user/.m2/repository/org/glassfish/jersey/ext/jersey-entity-filtering/2.27/jersey-entity-filtering-2.27.jar:/home/user/.m2/repository/com/google/inject/extensions/guice-assistedinject/4.0/guice-assistedinject-4.0.jar:/home/user/.m2/repository/org/jooq/jooq/3.11.10/jooq-3.11.10.jar:/home/user/.m2/repository/org/jooq/jooq-meta/3.11.10/jooq-meta-3.11.10.jar:/home/user/.m2/repository/org/jooq/jooq-codegen/3.11.10/jooq-codegen-3.11.10.jar:/home/user/.m2/repository/com/jolbox/bonecp/0.8.0.RELEASE/bonecp-0.8.0.RELEASE.jar:/home/user/.m2/repository/org/springframework/spring-jdbc/5.1.3.RELEASE/spring-jdbc-5.1.3.RELEASE.jar:/home/user/.m2/repository/org/springframework/spring-beans/5.1.3.RELEASE/spring-beans-5.1.3.RELEASE.jar:/home/user/.m2/repository/org/springframework/spring-core/5.1.3.RELEASE/spring-core-5.1.3.RELEASE.jar:/home/user/.m2/repository/org/springframework/spring-jcl/5.1.3.RELEASE/spring-jcl-5.1.3.RELEASE.jar:/home/user/.m2/repository/org/springframework/spring-tx/5.1.3.RELEASE/spring-tx-5.1.3.RELEASE.jar:/home/user/.m2/repository/org/mockito/mockito-core/2.15.0/mockito-core-2.15.0.jar:/home/user/.m2/repository/net/bytebuddy/byte-buddy/1.7.9/byte-buddy-1.7.9.jar:/home/user/.m2/repository/net/bytebuddy/byte-buddy-agent/1.7.9/byte-buddy-agent-1.7.9.jar:/home/user/.m2/repository/org/objenesis/objenesis/1.0/objenesis-1.0.jar:"/>
    <property name="java.vm.vendor" value="IcedTea"/>
    <property name="sun.arch.data.model" value="64"/>
    <property name="test.build.dir" value="/workdir/hadoop-ozone/tools/target/test-dir"/>
    <property name="test.cache.data" value=""/>
    <property name="java.vendor.url" value="https://icedtea.classpath.org"/>
    <property name="user.timezone" value=""/>
    <property name="java.vm.specification.version" value="1.8"/>
    <property name="os.name" value="Linux"/>
    <property name="test.build.data" value="/workdir/hadoop-ozone/tools/target/test-dir"/>
    <property name="user.country" value="US"/>
    <property name="sun.java.launcher" value="SUN_STANDARD"/>
    <property name="sun.boot.library.path" value="/usr/lib/jvm/java-1.8-openjdk/jre/lib/amd64"/>
    <property name="sun.java.command" value="/workdir/hadoop-ozone/tools/target/surefire/surefirebooter2024185825737299042.jar /workdir/hadoop-ozone/tools/target/surefire 2019-07-30T19-42-19_122-jvmRun1 surefire8786281792697016204tmp surefire_1127386950459863488556tmp"/>
    <property name="surefire.test.class.path" value="/workdir/hadoop-ozone/tools/target/test-classes:/workdir/hadoop-ozone/tools/target/classes:/workdir/hadoop-ozone/ozone-manager/target/classes:/workdir/hadoop-hdds/docs/target/classes:/home/user/.m2/repository/org/bouncycastle/bcprov-jdk15on/1.60/bcprov-jdk15on-1.60.jar:/workdir/hadoop-ozone/common/target/classes:/home/user/.m2/repository/org/apache/commons/commons-compress/1.4.1/commons-compress-1.4.1.jar:/home/user/.m2/repository/org/tukaani/xz/1.0/xz-1.0.jar:/home/user/.m2/repository/org/apache/hadoop/hadoop-hdfs-client/3.2.0/hadoop-hdfs-client-3.2.0.jar:/home/user/.m2/repository/com/fasterxml/jackson/core/jackson-annotations/2.9.5/jackson-annotations-2.9.5.jar:/workdir/hadoop-hdds/common/target/classes:/workdir/hadoop-hdds/config/target/classes:/home/user/.m2/repository/javax/annotation/javax.annotation-api/1.2/javax.annotation-api-1.2.jar:/home/user/.m2/repository/org/apache/ratis/ratis-server/0.4.0-2337318-SNAPSHOT/ratis-server-0.4.0-2337318-SNAPSHOT.jar:/home/user/.m2/repository/org/apache/ratis/ratis-thirdparty-misc/0.2.0/ratis-thirdparty-misc-0.2.0.jar:/home/user/.m2/repository/org/apache/ratis/ratis-proto/0.4.0-2337318-SNAPSHOT/ratis-proto-0.4.0-2337318-SNAPSHOT.jar:/home/user/.m2/repository/org/apache/ratis/ratis-common/0.4.0-2337318-SNAPSHOT/ratis-common-0.4.0-2337318-SNAPSHOT.jar:/home/user/.m2/repository/org/apache/ratis/ratis-client/0.4.0-2337318-SNAPSHOT/ratis-client-0.4.0-2337318-SNAPSHOT.jar:/home/user/.m2/repository/org/apache/ratis/ratis-metrics/0.4.0-2337318-SNAPSHOT/ratis-metrics-0.4.0-2337318-SNAPSHOT.jar:/home/user/.m2/repository/org/apache/ratis/ratis-netty/0.4.0-2337318-SNAPSHOT/ratis-netty-0.4.0-2337318-SNAPSHOT.jar:/home/user/.m2/repository/org/apache/ratis/ratis-grpc/0.4.0-2337318-SNAPSHOT/ratis-grpc-0.4.0-2337318-SNAPSHOT.jar:/home/user/.m2/repository/org/rocksdb/rocksdbjni/6.0.1/rocksdbjni-6.0.1.jar:/home/user/.m2/repository/org/apache/logging/log4j/log4j-api/2.11.0/log4j-api-2.11.0.jar:/home/user/.m2/repository/org/apache/logging/log4j/log4j-core/2.11.0/log4j-core-2.11.0.jar:/home/user/.m2/repository/com/lmax/disruptor/3.4.2/disruptor-3.4.2.jar:/home/user/.m2/repository/org/apache/commons/commons-pool2/2.6.0/commons-pool2-2.6.0.jar:/home/user/.m2/repository/org/bouncycastle/bcpkix-jdk15on/1.60/bcpkix-jdk15on-1.60.jar:/home/user/.m2/repository/commons-validator/commons-validator/1.6/commons-validator-1.6.jar:/home/user/.m2/repository/commons-digester/commons-digester/1.8.1/commons-digester-1.8.1.jar:/home/user/.m2/repository/io/jaegertracing/jaeger-client/0.33.1/jaeger-client-0.33.1.jar:/home/user/.m2/repository/io/jaegertracing/jaeger-thrift/0.33.1/jaeger-thrift-0.33.1.jar:/home/user/.m2/repository/org/apache/thrift/libthrift/0.11.0/libthrift-0.11.0.jar:/home/user/.m2/repository/com/squareup/okhttp3/okhttp/3.9.0/okhttp-3.9.0.jar:/home/user/.m2/repository/com/squareup/okio/okio/1.13.0/okio-1.13.0.jar:/home/user/.m2/repository/io/jaegertracing/jaeger-core/0.33.1/jaeger-core-0.33.1.jar:/home/user/.m2/repository/io/jaegertracing/jaeger-tracerresolver/0.33.1/jaeger-tracerresolver-0.33.1.jar:/home/user/.m2/repository/io/opentracing/contrib/opentracing-tracerresolver/0.1.5/opentracing-tracerresolver-0.1.5.jar:/home/user/.m2/repository/io/opentracing/opentracing-util/0.31.0/opentracing-util-0.31.0.jar:/home/user/.m2/repository/io/opentracing/opentracing-api/0.31.0/opentracing-api-0.31.0.jar:/home/user/.m2/repository/io/opentracing/opentracing-noop/0.31.0/opentracing-noop-0.31.0.jar:/home/user/.m2/repository/org/yaml/snakeyaml/1.16/snakeyaml-1.16.jar:/workdir/hadoop-hdds/container-service/target/classes:/workdir/hadoop-hdds/client/target/classes:/workdir/hadoop-hdds/tools/target/classes:/home/user/.m2/repository/org/xerial/sqlite-jdbc/3.25.2/sqlite-jdbc-3.25.2.jar:/workdir/hadoop-hdds/server-scm/target/classes:/home/user/.m2/repository/org/hamcrest/hamcrest-all/1.3/hamcrest-all-1.3.jar:/home/user/.m2/repository/info/picocli/picocli/3.9.6/picocli-3.9.6.jar:/home/user/.m2/repository/com/google/protobuf/protobuf-java/2.5.0/protobuf-java-2.5.0.jar:/home/user/.m2/repository/com/google/guava/guava/11.0.2/guava-11.0.2.jar:/workdir/hadoop-ozone/client/target/classes:/home/user/.m2/repository/org/apache/hadoop/hadoop-ozone-filesystem/0.4.1-SNAPSHOT/hadoop-ozone-filesystem-0.4.1-SNAPSHOT.jar:/workdir/hadoop-hdds/framework/target/classes:/home/user/.m2/repository/org/apache/hadoop/hadoop-common/3.2.0/hadoop-common-3.2.0.jar:/home/user/.m2/repository/org/apache/hadoop/hadoop-annotations/3.2.0/hadoop-annotations-3.2.0.jar:/usr/lib/jvm/java-1.8-openjdk/jre/../lib/tools.jar:/home/user/.m2/repository/commons-cli/commons-cli/1.2/commons-cli-1.2.jar:/home/user/.m2/repository/org/apache/commons/commons-math3/3.1.1/commons-math3-3.1.1.jar:/home/user/.m2/repository/org/apache/httpcomponents/httpclient/4.5.2/httpclient-4.5.2.jar:/home/user/.m2/repository/org/apache/httpcomponents/httpcore/4.4.4/httpcore-4.4.4.jar:/home/user/.m2/repository/commons-codec/commons-codec/1.11/commons-codec-1.11.jar:/home/user/.m2/repository/commons-io/commons-io/2.5/commons-io-2.5.jar:/home/user/.m2/repository/commons-net/commons-net/3.6/commons-net-3.6.jar:/home/user/.m2/repository/commons-collections/commons-collections/3.2.2/commons-collections-3.2.2.jar:/home/user/.m2/repository/javax/servlet/javax.servlet-api/3.1.0/javax.servlet-api-3.1.0.jar:/home/user/.m2/repository/org/eclipse/jetty/jetty-server/9.3.24.v20180605/jetty-server-9.3.24.v20180605.jar:/home/user/.m2/repository/org/eclipse/jetty/jetty-http/9.3.24.v20180605/jetty-http-9.3.24.v20180605.jar:/home/user/.m2/repository/org/eclipse/jetty/jetty-io/9.3.24.v20180605/jetty-io-9.3.24.v20180605.jar:/home/user/.m2/repository/org/eclipse/jetty/jetty-util/9.3.24.v20180605/jetty-util-9.3.24.v20180605.jar:/home/user/.m2/repository/org/eclipse/jetty/jetty-servlet/9.3.24.v20180605/jetty-servlet-9.3.24.v20180605.jar:/home/user/.m2/repository/org/eclipse/jetty/jetty-security/9.3.24.v20180605/jetty-security-9.3.24.v20180605.jar:/home/user/.m2/repository/org/eclipse/jetty/jetty-webapp/9.3.24.v20180605/jetty-webapp-9.3.24.v20180605.jar:/home/user/.m2/repository/org/eclipse/jetty/jetty-xml/9.3.24.v20180605/jetty-xml-9.3.24.v20180605.jar:/home/user/.m2/repository/javax/servlet/jsp/jsp-api/2.1/jsp-api-2.1.jar:/home/user/.m2/repository/com/sun/jersey/jersey-core/1.19/jersey-core-1.19.jar:/home/user/.m2/repository/javax/ws/rs/jsr311-api/1.1.1/jsr311-api-1.1.1.jar:/home/user/.m2/repository/com/sun/jersey/jersey-servlet/1.19/jersey-servlet-1.19.jar:/home/user/.m2/repository/com/sun/jersey/jersey-json/1.19/jersey-json-1.19.jar:/home/user/.m2/repository/org/codehaus/jettison/jettison/1.1/jettison-1.1.jar:/home/user/.m2/repository/com/sun/xml/bind/jaxb-impl/2.3.0.1/jaxb-impl-2.3.0.1.jar:/home/user/.m2/repository/org/codehaus/jackson/jackson-core-asl/1.9.13/jackson-core-asl-1.9.13.jar:/home/user/.m2/repository/org/codehaus/jackson/jackson-mapper-asl/1.9.13/jackson-mapper-asl-1.9.13.jar:/home/user/.m2/repository/org/codehaus/jackson/jackson-jaxrs/1.9.13/jackson-jaxrs-1.9.13.jar:/home/user/.m2/repository/org/codehaus/jackson/jackson-xc/1.9.13/jackson-xc-1.9.13.jar:/home/user/.m2/repository/com/sun/jersey/jersey-server/1.19/jersey-server-1.19.jar:/home/user/.m2/repository/commons-logging/commons-logging/1.1.3/commons-logging-1.1.3.jar:/home/user/.m2/repository/log4j/log4j/1.2.17/log4j-1.2.17.jar:/home/user/.m2/repository/commons-beanutils/commons-beanutils/1.9.3/commons-beanutils-1.9.3.jar:/home/user/.m2/repository/org/apache/commons/commons-configuration2/2.1.1/commons-configuration2-2.1.1.jar:/home/user/.m2/repository/org/apache/commons/commons-lang3/3.7/commons-lang3-3.7.jar:/home/user/.m2/repository/org/apache/commons/commons-text/1.4/commons-text-1.4.jar:/home/user/.m2/repository/org/slf4j/slf4j-api/1.7.25/slf4j-api-1.7.25.jar:/home/user/.m2/repository/org/slf4j/slf4j-log4j12/1.7.25/slf4j-log4j12-1.7.25.jar:/home/user/.m2/repository/org/apache/avro/avro/1.7.7/avro-1.7.7.jar:/home/user/.m2/repository/com/thoughtworks/paranamer/paranamer/2.3/paranamer-2.3.jar:/home/user/.m2/repository/org/xerial/snappy/snappy-java/1.0.5/snappy-java-1.0.5.jar:/home/user/.m2/repository/com/google/re2j/re2j/1.1/re2j-1.1.jar:/home/user/.m2/repository/com/google/code/gson/gson/2.2.4/gson-2.2.4.jar:/home/user/.m2/repository/org/apache/hadoop/hadoop-auth/3.2.0/hadoop-auth-3.2.0.jar:/home/user/.m2/repository/com/nimbusds/nimbus-jose-jwt/4.41.1/nimbus-jose-jwt-4.41.1.jar:/home/user/.m2/repository/com/github/stephenc/jcip/jcip-annotations/1.0-1/jcip-annotations-1.0-1.jar:/home/user/.m2/repository/net/minidev/json-smart/2.3/json-smart-2.3.jar:/home/user/.m2/repository/net/minidev/accessors-smart/1.2/accessors-smart-1.2.jar:/home/user/.m2/repository/org/apache/curator/curator-framework/2.12.0/curator-framework-2.12.0.jar:/home/user/.m2/repository/com/jcraft/jsch/0.1.54/jsch-0.1.54.jar:/home/user/.m2/repository/org/apache/curator/curator-client/2.12.0/curator-client-2.12.0.jar:/home/user/.m2/repository/org/apache/curator/curator-recipes/2.12.0/curator-recipes-2.12.0.jar:/home/user/.m2/repository/com/google/code/findbugs/jsr305/3.0.0/jsr305-3.0.0.jar:/home/user/.m2/repository/org/apache/htrace/htrace-core4/4.1.0-incubating/htrace-core4-4.1.0-incubating.jar:/home/user/.m2/repository/org/apache/zookeeper/zookeeper/3.4.13/zookeeper-3.4.13.jar:/home/user/.m2/repository/org/apache/yetus/audience-annotations/0.5.0/audience-annotations-0.5.0.jar:/home/user/.m2/repository/org/apache/kerby/kerb-simplekdc/1.0.1/kerb-simplekdc-1.0.1.jar:/home/user/.m2/repository/org/apache/kerby/kerb-client/1.0.1/kerb-client-1.0.1.jar:/home/user/.m2/repository/org/apache/kerby/kerby-config/1.0.1/kerby-config-1.0.1.jar:/home/user/.m2/repository/org/apache/kerby/kerb-core/1.0.1/kerb-core-1.0.1.jar:/home/user/.m2/repository/org/apache/kerby/kerby-pkix/1.0.1/kerby-pkix-1.0.1.jar:/home/user/.m2/repository/org/apache/kerby/kerby-asn1/1.0.1/kerby-asn1-1.0.1.jar:/home/user/.m2/repository/org/apache/kerby/kerby-util/1.0.1/kerby-util-1.0.1.jar:/home/user/.m2/repository/org/apache/kerby/kerb-common/1.0.1/kerb-common-1.0.1.jar:/home/user/.m2/repository/org/apache/kerby/kerb-crypto/1.0.1/kerb-crypto-1.0.1.jar:/home/user/.m2/repository/org/apache/kerby/kerb-util/1.0.1/kerb-util-1.0.1.jar:/home/user/.m2/repository/org/apache/kerby/token-provider/1.0.1/token-provider-1.0.1.jar:/home/user/.m2/repository/org/apache/kerby/kerb-admin/1.0.1/kerb-admin-1.0.1.jar:/home/user/.m2/repository/org/apache/kerby/kerb-server/1.0.1/kerb-server-1.0.1.jar:/home/user/.m2/repository/org/apache/kerby/kerb-identity/1.0.1/kerb-identity-1.0.1.jar:/home/user/.m2/repository/org/apache/kerby/kerby-xdr/1.0.1/kerby-xdr-1.0.1.jar:/home/user/.m2/repository/com/fasterxml/jackson/core/jackson-databind/2.9.5/jackson-databind-2.9.5.jar:/home/user/.m2/repository/com/fasterxml/jackson/core/jackson-core/2.9.5/jackson-core-2.9.5.jar:/home/user/.m2/repository/org/codehaus/woodstox/stax2-api/3.1.4/stax2-api-3.1.4.jar:/home/user/.m2/repository/com/fasterxml/woodstox/woodstox-core/5.0.3/woodstox-core-5.0.3.jar:/home/user/.m2/repository/dnsjava/dnsjava/2.1.7/dnsjava-2.1.7.jar:/home/user/.m2/repository/org/apache/hadoop/hadoop-hdfs/3.2.0/hadoop-hdfs-3.2.0.jar:/home/user/.m2/repository/org/eclipse/jetty/jetty-util-ajax/9.3.24.v20180605/jetty-util-ajax-9.3.24.v20180605.jar:/home/user/.m2/repository/commons-daemon/commons-daemon/1.0.13/commons-daemon-1.0.13.jar:/home/user/.m2/repository/io/netty/netty/3.10.5.Final/netty-3.10.5.Final.jar:/home/user/.m2/repository/io/netty/netty-all/4.0.52.Final/netty-all-4.0.52.Final.jar:/home/user/.m2/repository/org/fusesource/leveldbjni/leveldbjni-all/1.8/leveldbjni-all-1.8.jar:/home/user/.m2/repository/com/sun/xml/bind/jaxb-core/2.3.0.1/jaxb-core-2.3.0.1.jar:/home/user/.m2/repository/javax/xml/bind/jaxb-api/2.3.0/jaxb-api-2.3.0.jar:/home/user/.m2/repository/javax/activation/activation/1.1.1/activation-1.1.1.jar:/home/user/.m2/repository/io/dropwizard/metrics/metrics-core/3.2.4/metrics-core-3.2.4.jar:/home/user/.m2/repository/org/openjdk/jmh/jmh-core/1.19/jmh-core-1.19.jar:/home/user/.m2/repository/net/sf/jopt-simple/jopt-simple/4.6/jopt-simple-4.6.jar:/home/user/.m2/repository/org/openjdk/jmh/jmh-generator-annprocess/1.19/jmh-generator-annprocess-1.19.jar:/home/user/.m2/repository/com/google/code/findbugs/findbugs/3.0.1/findbugs-3.0.1.jar:/home/user/.m2/repository/net/jcip/jcip-annotations/1.0/jcip-annotations-1.0.jar:/home/user/.m2/repository/com/google/code/findbugs/bcel-findbugs/6.0/bcel-findbugs-6.0.jar:/home/user/.m2/repository/com/google/code/findbugs/jFormatString/2.0.1/jFormatString-2.0.1.jar:/home/user/.m2/repository/dom4j/dom4j/1.6.1/dom4j-1.6.1.jar:/home/user/.m2/repository/xml-apis/xml-apis/1.0.b2/xml-apis-1.0.b2.jar:/home/user/.m2/repository/org/ow2/asm/asm-debug-all/5.0.2/asm-debug-all-5.0.2.jar:/home/user/.m2/repository/org/ow2/asm/asm-commons/5.0.2/asm-commons-5.0.2.jar:/home/user/.m2/repository/org/ow2/asm/asm-tree/5.0.2/asm-tree-5.0.2.jar:/home/user/.m2/repository/org/ow2/asm/asm/5.0.4/asm-5.0.4.jar:/home/user/.m2/repository/commons-lang/commons-lang/2.6/commons-lang-2.6.jar:/home/user/.m2/repository/com/apple/AppleJavaExtensions/1.4/AppleJavaExtensions-1.4.jar:/home/user/.m2/repository/jaxen/jaxen/1.1.6/jaxen-1.1.6.jar:/home/user/.m2/repository/junit/junit/4.11/junit-4.11.jar:/home/user/.m2/repository/org/hamcrest/hamcrest-core/1.3/hamcrest-core-1.3.jar:/home/user/.m2/repository/org/apache/hadoop/hadoop-common/3.2.0/hadoop-common-3.2.0-tests.jar:/home/user/.m2/repository/org/apache/hadoop/hadoop-ozone-integration-test/0.4.1-SNAPSHOT/hadoop-ozone-integration-test-0.4.1-SNAPSHOT-tests.jar:/workdir/hadoop-ozone/objectstore-service/target/classes:/workdir/hadoop-ozone/s3gateway/target/classes:/home/user/.m2/repository/org/jboss/weld/servlet/weld-servlet/2.4.7.Final/weld-servlet-2.4.7.Final.jar:/home/user/.m2/repository/org/glassfish/jersey/containers/jersey-container-servlet-core/2.27/jersey-container-servlet-core-2.27.jar:/home/user/.m2/repository/org/glassfish/hk2/external/javax.inject/2.5.0-b42/javax.inject-2.5.0-b42.jar:/home/user/.m2/repository/org/glassfish/jersey/core/jersey-common/2.27/jersey-common-2.27.jar:/home/user/.m2/repository/org/glassfish/hk2/osgi-resource-locator/1.0.1/osgi-resource-locator-1.0.1.jar:/home/user/.m2/repository/javax/ws/rs/javax.ws.rs-api/2.1/javax.ws.rs-api-2.1.jar:/home/user/.m2/repository/org/glassfish/jersey/ext/cdi/jersey-cdi1x/2.27/jersey-cdi1x-2.27.jar:/home/user/.m2/repository/org/glassfish/jersey/inject/jersey-hk2/2.27/jersey-hk2-2.27.jar:/home/user/.m2/repository/org/glassfish/hk2/hk2-locator/2.5.0-b42/hk2-locator-2.5.0-b42.jar:/home/user/.m2/repository/org/javassist/javassist/3.22.0-CR2/javassist-3.22.0-CR2.jar:/home/user/.m2/repository/org/glassfish/hk2/hk2-api/2.5.0/hk2-api-2.5.0.jar:/home/user/.m2/repository/org/glassfish/hk2/external/jakarta.inject/2.5.0/jakarta.inject-2.5.0.jar:/home/user/.m2/repository/org/glassfish/hk2/hk2-utils/2.5.0/hk2-utils-2.5.0.jar:/home/user/.m2/repository/jakarta/annotation/jakarta.annotation-api/1.3.4/jakarta.annotation-api-1.3.4.jar:/home/user/.m2/repository/org/glassfish/hk2/external/aopalliance-repackaged/2.5.0/aopalliance-repackaged-2.5.0.jar:/home/user/.m2/repository/com/fasterxml/jackson/dataformat/jackson-dataformat-xml/2.9.0/jackson-dataformat-xml-2.9.0.jar:/home/user/.m2/repository/com/fasterxml/jackson/module/jackson-module-jaxb-annotations/2.9.5/jackson-module-jaxb-annotations-2.9.5.jar:/home/user/.m2/repository/javax/enterprise/cdi-api/1.2/cdi-api-1.2.jar:/home/user/.m2/repository/javax/el/javax.el-api/3.0.0/javax.el-api-3.0.0.jar:/home/user/.m2/repository/javax/interceptor/javax.interceptor-api/1.2/javax.interceptor-api-1.2.jar:/home/user/.m2/repository/javax/inject/javax.inject/1/javax.inject-1.jar:/workdir/hadoop-ozone/csi/target/classes:/home/user/.m2/repository/com/google/protobuf/protobuf-java-util/3.5.1/protobuf-java-util-3.5.1.jar:/home/user/.m2/repository/io/grpc/grpc-netty/1.17.1/grpc-netty-1.17.1.jar:/home/user/.m2/repository/io/grpc/grpc-core/1.17.1/grpc-core-1.17.1.jar:/home/user/.m2/repository/io/grpc/grpc-context/1.17.1/grpc-context-1.17.1.jar:/home/user/.m2/repository/com/google/errorprone/error_prone_annotations/2.2.0/error_prone_annotations-2.2.0.jar:/home/user/.m2/repository/org/codehaus/mojo/animal-sniffer-annotations/1.17/animal-sniffer-annotations-1.17.jar:/home/user/.m2/repository/io/opencensus/opencensus-api/0.17.0/opencensus-api-0.17.0.jar:/home/user/.m2/repository/io/opencensus/opencensus-contrib-grpc-metrics/0.17.0/opencensus-contrib-grpc-metrics-0.17.0.jar:/home/user/.m2/repository/io/netty/netty-codec-http2/4.1.30.Final/netty-codec-http2-4.1.30.Final.jar:/home/user/.m2/repository/io/netty/netty-codec-http/4.1.30.Final/netty-codec-http-4.1.30.Final.jar:/home/user/.m2/repository/io/netty/netty-codec/4.1.30.Final/netty-codec-4.1.30.Final.jar:/home/user/.m2/repository/io/netty/netty-handler/4.1.30.Final/netty-handler-4.1.30.Final.jar:/home/user/.m2/repository/io/netty/netty-handler-proxy/4.1.30.Final/netty-handler-proxy-4.1.30.Final.jar:/home/user/.m2/repository/io/netty/netty-codec-socks/4.1.30.Final/netty-codec-socks-4.1.30.Final.jar:/home/user/.m2/repository/io/netty/netty-transport-native-epoll/4.1.30.Final/netty-transport-native-epoll-4.1.30.Final.jar:/home/user/.m2/repository/io/netty/netty-common/4.1.30.Final/netty-common-4.1.30.Final.jar:/home/user/.m2/repository/io/netty/netty-buffer/4.1.30.Final/netty-buffer-4.1.30.Final.jar:/home/user/.m2/repository/io/netty/netty-transport/4.1.30.Final/netty-transport-4.1.30.Final.jar:/home/user/.m2/repository/io/netty/netty-resolver/4.1.30.Final/netty-resolver-4.1.30.Final.jar:/home/user/.m2/repository/io/netty/netty-transport-native-unix-common/4.1.30.Final/netty-transport-native-unix-common-4.1.30.Final.jar:/home/user/.m2/repository/io/grpc/grpc-protobuf/1.17.1/grpc-protobuf-1.17.1.jar:/home/user/.m2/repository/com/google/api/grpc/proto-google-common-protos/1.0.0/proto-google-common-protos-1.0.0.jar:/home/user/.m2/repository/io/grpc/grpc-protobuf-lite/1.17.1/grpc-protobuf-lite-1.17.1.jar:/home/user/.m2/repository/io/grpc/grpc-stub/1.17.1/grpc-stub-1.17.1.jar:/workdir/hadoop-ozone/ozone-recon/target/classes:/workdir/hadoop-ozone/ozone-recon-codegen/target/classes:/home/user/.m2/repository/com/google/inject/extensions/guice-multibindings/4.0/guice-multibindings-4.0.jar:/home/user/.m2/repository/com/google/inject/guice/4.0/guice-4.0.jar:/home/user/.m2/repository/aopalliance/aopalliance/1.0/aopalliance-1.0.jar:/home/user/.m2/repository/com/google/inject/extensions/guice-servlet/4.0/guice-servlet-4.0.jar:/home/user/.m2/repository/org/glassfish/jersey/containers/jersey-container-servlet/2.27/jersey-container-servlet-2.27.jar:/home/user/.m2/repository/org/glassfish/hk2/guice-bridge/2.5.0/guice-bridge-2.5.0.jar:/home/user/.m2/repository/org/glassfish/jersey/core/jersey-server/2.27/jersey-server-2.27.jar:/home/user/.m2/repository/org/glassfish/jersey/core/jersey-client/2.27/jersey-client-2.27.jar:/home/user/.m2/repository/org/glassfish/jersey/media/jersey-media-jaxb/2.27/jersey-media-jaxb-2.27.jar:/home/user/.m2/repository/javax/validation/validation-api/1.1.0.Final/validation-api-1.1.0.Final.jar:/home/user/.m2/repository/org/glassfish/jersey/media/jersey-media-json-jackson/2.27/jersey-media-json-jackson-2.27.jar:/home/user/.m2/repository/org/glassfish/jersey/ext/jersey-entity-filtering/2.27/jersey-entity-filtering-2.27.jar:/home/user/.m2/repository/com/google/inject/extensions/guice-assistedinject/4.0/guice-assistedinject-4.0.jar:/home/user/.m2/repository/org/jooq/jooq/3.11.10/jooq-3.11.10.jar:/home/user/.m2/repository/org/jooq/jooq-meta/3.11.10/jooq-meta-3.11.10.jar:/home/user/.m2/repository/org/jooq/jooq-codegen/3.11.10/jooq-codegen-3.11.10.jar:/home/user/.m2/repository/com/jolbox/bonecp/0.8.0.RELEASE/bonecp-0.8.0.RELEASE.jar:/home/user/.m2/repository/org/springframework/spring-jdbc/5.1.3.RELEASE/spring-jdbc-5.1.3.RELEASE.jar:/home/user/.m2/repository/org/springframework/spring-beans/5.1.3.RELEASE/spring-beans-5.1.3.RELEASE.jar:/home/user/.m2/repository/org/springframework/spring-core/5.1.3.RELEASE/spring-core-5.1.3.RELEASE.jar:/home/user/.m2/repository/org/springframework/spring-jcl/5.1.3.RELEASE/spring-jcl-5.1.3.RELEASE.jar:/home/user/.m2/repository/org/springframework/spring-tx/5.1.3.RELEASE/spring-tx-5.1.3.RELEASE.jar:/home/user/.m2/repository/org/mockito/mockito-core/2.15.0/mockito-core-2.15.0.jar:/home/user/.m2/repository/net/bytebuddy/byte-buddy/1.7.9/byte-buddy-1.7.9.jar:/home/user/.m2/repository/net/bytebuddy/byte-buddy-agent/1.7.9/byte-buddy-agent-1.7.9.jar:/home/user/.m2/repository/org/objenesis/objenesis/1.0/objenesis-1.0.jar:"/>
    <property name="sun.cpu.endian" value="little"/>
    <property name="user.home" value="/home/user"/>
    <property name="user.language" value="en"/>
    <property name="java.specification.vendor" value="Oracle Corporation"/>
    <property name="java.home" value="/usr/lib/jvm/java-1.8-openjdk/jre"/>
    <property name="java.security.krb5.conf" value="/workdir/hadoop-ozone/tools/target/test-classes/krb5.conf"/>
    <property name="basedir" value="/workdir/hadoop-ozone/tools"/>
    <property name="file.separator" value="/"/>
    <property name="line.separator" value="&#10;"/>
    <property name="java.vm.specification.vendor" value="Oracle Corporation"/>
    <property name="java.specification.name" value="Java Platform API Specification"/>
    <property name="java.awt.graphicsenv" value="sun.awt.X11GraphicsEnvironment"/>
    <property name="surefire.real.class.path" value="/workdir/hadoop-ozone/tools/target/surefire/surefirebooter2024185825737299042.jar"/>
    <property name="hadoop.log.dir" value="/workdir/hadoop-ozone/tools/target/log"/>
    <property name="sun.boot.class.path" value="/usr/lib/jvm/java-1.8-openjdk/jre/lib/resources.jar:/usr/lib/jvm/java-1.8-openjdk/jre/lib/rt.jar:/usr/lib/jvm/java-1.8-openjdk/jre/lib/sunrsasign.jar:/usr/lib/jvm/java-1.8-openjdk/jre/lib/jsse.jar:/usr/lib/jvm/java-1.8-openjdk/jre/lib/jce.jar:/usr/lib/jvm/java-1.8-openjdk/jre/lib/charsets.jar:/usr/lib/jvm/java-1.8-openjdk/jre/lib/jfr.jar:/usr/lib/jvm/java-1.8-openjdk/jre/classes"/>
    <property name="sun.management.compiler" value="HotSpot 64-Bit Tiered Compilers"/>
    <property name="java.runtime.version" value="1.8.0_212-b04"/>
    <property name="java.net.preferIPv4Stack" value="true"/>
    <property name="user.name" value="jenkins1000"/>
    <property name="path.separator" value=":"/>
    <property name="java.security.egd" value="file:///dev/urandom"/>
    <property name="os.version" value="3.10.0-957.12.2.el7.x86_64"/>
    <property name="java.endorsed.dirs" value="/usr/lib/jvm/java-1.8-openjdk/jre/lib/endorsed"/>
    <property name="java.runtime.name" value="OpenJDK Runtime Environment"/>
    <property name="file.encoding" value="UTF-8"/>
    <property name="java.vm.name" value="OpenJDK 64-Bit Server VM"/>
    <property name="test.build.webapps" value=""/>
    <property name="localRepository" value="/home/user/.m2/repository"/>
    <property name="java.vendor.url.bug" value="https://icedtea.classpath.org/bugzilla"/>
    <property name="java.io.tmpdir" value="/tmp"/>
    <property name="require.test.libhadoop" value=""/>
    <property name="java.version" value="1.8.0_212"/>
    <property name="user.dir" value="/workdir/hadoop-ozone/tools"/>
    <property name="os.arch" value="amd64"/>
    <property name="java.vm.specification.name" value="Java Virtual Machine Specification"/>
    <property name="test.build.classes" value="/workdir/hadoop-ozone/tools/target/test-classes"/>
    <property name="java.awt.printerjob" value="sun.print.PSPrinterJob"/>
    <property name="sun.os.patch.level" value="unknown"/>
    <property name="hadoop.tmp.dir" value="/workdir/hadoop-ozone/tools/target/tmp"/>
    <property name="java.library.path" value="/usr/lib/jvm/java-1.8-openjdk/jre/lib/amd64/server:/usr/lib/jvm/java-1.8-openjdk/jre/lib/amd64:/usr/lib/jvm/java-1.8-openjdk/jre/../lib/amd64:/workdir/hadoop-ozone/tools/target/native/target/usr/local/lib:/workdir/hadoop-ozone/tools/../../hadoop-common-project/hadoop-common/target/native/target/usr/local/lib:/usr/java/packages/lib/amd64:/usr/lib64:/lib64:/lib:/usr/lib"/>
    <property name="java.vm.info" value="mixed mode"/>
    <property name="java.vendor" value="IcedTea"/>
    <property name="java.vm.version" value="25.212-b04"/>
    <property name="java.ext.dirs" value="/usr/lib/jvm/java-1.8-openjdk/jre/lib/ext:/usr/java/packages/lib/ext"/>
    <property name="sun.io.unicode.encoding" value="UnicodeLittle"/>
    <property name="java.class.version" value="52.0"/>
  </properties>
  <testcase name="testRestart" classname="org.apache.hadoop.ozone.freon.TestFreonWithPipelineDestroy" time="20.484">
    <error message="Unexpected Storage Container Exception: org.apache.hadoop.hdds.scm.container.common.helpers.StorageContainerException: ContainerID 2 does not exist" type="java.io.IOException">java.io.IOException: Unexpected Storage Container Exception: org.apache.hadoop.hdds.scm.container.common.helpers.StorageContainerException: ContainerID 2 does not exist
	at org.apache.hadoop.hdds.scm.storage.BlockOutputStream.setIoException(BlockOutputStream.java:541)
	at org.apache.hadoop.hdds.scm.storage.BlockOutputStream.validateResponse(BlockOutputStream.java:532)
	at org.apache.hadoop.hdds.scm.storage.BlockOutputStream.lambda$writeChunkToContainer$2(BlockOutputStream.java:606)
	at java.util.concurrent.CompletableFuture.uniApply(CompletableFuture.java:602)
	at java.util.concurrent.CompletableFuture$UniApply.tryFire(CompletableFuture.java:577)
	at java.util.concurrent.CompletableFuture$Completion.run(CompletableFuture.java:442)
	at java.util.concurrent.ThreadPoolExecutor.runWorker(ThreadPoolExecutor.java:1149)
	at java.util.concurrent.ThreadPoolExecutor$Worker.run(ThreadPoolExecutor.java:624)
	at java.lang.Thread.run(Thread.java:748)
Caused by: org.apache.hadoop.hdds.scm.container.common.helpers.StorageContainerException: ContainerID 2 does not exist
	at org.apache.hadoop.hdds.scm.storage.ContainerProtocolCalls.validateContainerResponse(ContainerProtocolCalls.java:536)
	at org.apache.hadoop.hdds.scm.storage.BlockOutputStream.validateResponse(BlockOutputStream.java:529)
	... 7 more
</error>
    <system-out><![CDATA[2019-07-30 19:53:57,251 WARN  server.ServerUtils (ServerUtils.java:getScmDbDir(145)) - ozone.scm.db.dirs is not configured. We recommend adding this setting. Falling back to ozone.metadata.dirs instead.
2019-07-30 19:53:57,361 WARN  server.ServerUtils (ServerUtils.java:getScmDbDir(145)) - ozone.scm.db.dirs is not configured. We recommend adding this setting. Falling back to ozone.metadata.dirs instead.
2019-07-30 19:53:57,364 WARN  server.ServerUtils (ServerUtils.java:getScmDbDir(145)) - ozone.scm.db.dirs is not configured. We recommend adding this setting. Falling back to ozone.metadata.dirs instead.
2019-07-30 19:53:57,382 INFO  util.log (Log.java:initialized(192)) - Logging initialized @994ms
2019-07-30 19:53:57,488 INFO  db.DBStoreBuilder (DBStoreBuilder.java:addTable(110)) - using custom profile for table: deletedBlocks
2019-07-30 19:53:57,489 INFO  db.DBStoreBuilder (DBStoreBuilder.java:processTables(161)) - Using default column profile:DBProfile.DISK for Table:deletedBlocks
2019-07-30 19:53:57,489 INFO  db.DBStoreBuilder (DBStoreBuilder.java:addTable(110)) - using custom profile for table: validCerts
2019-07-30 19:53:57,489 INFO  db.DBStoreBuilder (DBStoreBuilder.java:processTables(161)) - Using default column profile:DBProfile.DISK for Table:validCerts
2019-07-30 19:53:57,489 INFO  db.DBStoreBuilder (DBStoreBuilder.java:addTable(110)) - using custom profile for table: revokedCerts
2019-07-30 19:53:57,490 INFO  db.DBStoreBuilder (DBStoreBuilder.java:processTables(161)) - Using default column profile:DBProfile.DISK for Table:revokedCerts
2019-07-30 19:53:57,503 INFO  db.DBStoreBuilder (DBStoreBuilder.java:addTable(110)) - using custom profile for table: default
2019-07-30 19:53:57,504 INFO  db.DBStoreBuilder (DBStoreBuilder.java:processTables(167)) - Using default column profile:DBProfile.DISK for Table:default
2019-07-30 19:53:57,505 INFO  db.DBStoreBuilder (DBStoreBuilder.java:getDbProfile(198)) - Using default options. DBProfile.DISK
2019-07-30 19:53:57,684 INFO  net.NodeSchemaLoader (NodeSchemaLoader.java:loadSchemaFromFile(125)) - Loading file from sun.misc.CompoundEnumeration@12b0404f
2019-07-30 19:53:57,686 INFO  net.NodeSchemaLoader (NodeSchemaLoader.java:loadSchema(171)) - Loading network topology layer schema file
2019-07-30 19:53:57,767 INFO  node.SCMNodeManager (SCMNodeManager.java:<init>(121)) - Entering startup safe mode.
2019-07-30 19:53:57,854 WARN  server.ServerUtils (ServerUtils.java:getScmDbDir(145)) - ozone.scm.db.dirs is not configured. We recommend adding this setting. Falling back to ozone.metadata.dirs instead.
2019-07-30 19:53:57,914 INFO  pipeline.SCMPipelineManager (SCMPipelineManager.java:initializePipelineState(126)) - No pipeline exists in current db
2019-07-30 19:53:57,916 WARN  server.ServerUtils (ServerUtils.java:getScmDbDir(145)) - ozone.scm.db.dirs is not configured. We recommend adding this setting. Falling back to ozone.metadata.dirs instead.
2019-07-30 19:53:58,015 WARN  events.EventQueue (EventQueue.java:fireEvent(175)) - No event handler registered for event TypedEvent{payloadType=SafeModeStatus, name='SafeModeStatus'}
2019-07-30 19:53:58,403 INFO  ipc.CallQueueManager (CallQueueManager.java:<init>(84)) - Using callQueue: class java.util.concurrent.LinkedBlockingQueue, queueCapacity: 2000, scheduler: class org.apache.hadoop.ipc.DefaultRpcScheduler, ipcBackoff: false.
2019-07-30 19:53:58,433 INFO  ipc.Server (Server.java:run(1074)) - Starting Socket Reader #1 for port 40880
2019-07-30 19:53:58,458 INFO  ipc.CallQueueManager (CallQueueManager.java:<init>(84)) - Using callQueue: class java.util.concurrent.LinkedBlockingQueue, queueCapacity: 2000, scheduler: class org.apache.hadoop.ipc.DefaultRpcScheduler, ipcBackoff: false.
2019-07-30 19:53:58,460 INFO  ipc.Server (Server.java:run(1074)) - Starting Socket Reader #1 for port 45070
2019-07-30 19:53:58,465 INFO  ipc.CallQueueManager (CallQueueManager.java:<init>(84)) - Using callQueue: class java.util.concurrent.LinkedBlockingQueue, queueCapacity: 2000, scheduler: class org.apache.hadoop.ipc.DefaultRpcScheduler, ipcBackoff: false.
2019-07-30 19:53:58,467 INFO  ipc.Server (Server.java:run(1074)) - Starting Socket Reader #1 for port 40607
2019-07-30 19:53:58,606 INFO  hdfs.DFSUtil (DFSUtil.java:httpServerTemplateForNNAndJN(1641)) - Starting Web-server for scm at: http://0.0.0.0:0
2019-07-30 19:53:58,798 INFO  server.AuthenticationFilter (AuthenticationFilter.java:constructSecretProvider(240)) - Unable to initialize FileSignerSecretProvider, falling back to use random secrets.
2019-07-30 19:53:58,816 WARN  http.HttpRequestLog (HttpRequestLog.java:getRequestLog(97)) - Jetty request log can only be enabled using Log4j
2019-07-30 19:53:58,824 INFO  http.HttpServer2 (HttpServer2.java:addGlobalFilter(975)) - Added global filter 'safety' (class=org.apache.hadoop.http.HttpServer2$QuotingInputFilter)
2019-07-30 19:53:58,827 INFO  http.HttpServer2 (HttpServer2.java:addFilter(948)) - Added filter static_user_filter (class=org.apache.hadoop.http.lib.StaticUserWebFilter$StaticUserFilter) to context scm
2019-07-30 19:53:58,827 INFO  http.HttpServer2 (HttpServer2.java:addFilter(958)) - Added filter static_user_filter (class=org.apache.hadoop.http.lib.StaticUserWebFilter$StaticUserFilter) to context logs
2019-07-30 19:53:58,827 INFO  http.HttpServer2 (HttpServer2.java:addFilter(958)) - Added filter static_user_filter (class=org.apache.hadoop.http.lib.StaticUserWebFilter$StaticUserFilter) to context static
2019-07-30 19:53:58,854 INFO  server.StorageContainerManager (StorageContainerManager.java:start(758)) - StorageContainerLocationProtocol RPC server is listening at /0.0.0.0:40607
2019-07-30 19:53:58,909 WARN  impl.MetricsConfig (MetricsConfig.java:loadFirst(134)) - Cannot locate configuration: tried hadoop-metrics2-storagecontainermanager.properties,hadoop-metrics2.properties
2019-07-30 19:53:58,923 INFO  impl.MetricsSystemImpl (MetricsSystemImpl.java:startTimer(374)) - Scheduled Metric snapshot period at 10 second(s).
2019-07-30 19:53:58,923 INFO  impl.MetricsSystemImpl (MetricsSystemImpl.java:start(191)) - StorageContainerManager metrics system started
2019-07-30 19:53:59,180 INFO  server.SCMClientProtocolServer (SCMClientProtocolServer.java:start(151)) - RPC server for Client  is listening at /0.0.0.0:40607
2019-07-30 19:53:59,181 INFO  ipc.Server (Server.java:run(1314)) - IPC Server Responder: starting
2019-07-30 19:53:59,181 INFO  ipc.Server (Server.java:run(1153)) - IPC Server listener on 40607: starting
2019-07-30 19:53:59,186 INFO  server.StorageContainerManager (StorageContainerManager.java:start(768)) - ScmBlockLocationProtocol RPC server is listening at /0.0.0.0:45070
2019-07-30 19:53:59,187 INFO  server.SCMBlockProtocolServer (SCMBlockProtocolServer.java:start(140)) - RPC server for Block Protocol is listening at /0.0.0.0:45070
2019-07-30 19:53:59,188 INFO  ipc.Server (Server.java:run(1314)) - IPC Server Responder: starting
2019-07-30 19:53:59,188 INFO  ipc.Server (Server.java:run(1153)) - IPC Server listener on 45070: starting
2019-07-30 19:53:59,201 INFO  server.StorageContainerManager (StorageContainerManager.java:start(772)) - ScmDatanodeProtocl RPC server is listening at /0.0.0.0:40880
2019-07-30 19:53:59,201 INFO  server.SCMDatanodeProtocolServer (SCMDatanodeProtocolServer.java:start(191)) - RPC server for DataNodes is listening at /0.0.0.0:40880
2019-07-30 19:53:59,204 INFO  ipc.Server (Server.java:run(1314)) - IPC Server Responder: starting
2019-07-30 19:53:59,204 INFO  ipc.Server (Server.java:run(1153)) - IPC Server listener on 40880: starting
2019-07-30 19:53:59,221 INFO  http.HttpServer2 (HttpServer2.java:bindListener(1191)) - Jetty bound to port 42253
2019-07-30 19:53:59,224 INFO  server.Server (Server.java:doStart(351)) - jetty-9.3.24.v20180605, build timestamp: 2018-06-05T17:11:56Z, git hash: 84205aa28f11a4f31f2a3b86d1bba2cc8ab69827
2019-07-30 19:53:59,264 INFO  handler.ContextHandler (ContextHandler.java:doStart(781)) - Started o.e.j.s.ServletContextHandler@413f69cc{/logs,file:///workdir/hadoop-ozone/tools/target/log,AVAILABLE}
2019-07-30 19:53:59,265 INFO  handler.ContextHandler (ContextHandler.java:doStart(781)) - Started o.e.j.s.ServletContextHandler@1b75c2e3{/static,file:///workdir/hadoop-hdds/server-scm/target/classes/webapps/static/,AVAILABLE}
2019-07-30 19:53:59,305 INFO  handler.ContextHandler (ContextHandler.java:doStart(781)) - Started o.e.j.w.WebAppContext@30f5a68a{/,file:///workdir/hadoop-hdds/server-scm/target/classes/webapps/scm/,AVAILABLE}{/scm}
2019-07-30 19:53:59,313 INFO  server.AbstractConnector (AbstractConnector.java:doStart(278)) - Started ServerConnector@7a8fa663{HTTP/1.1,[http/1.1]}{0.0.0.0:42253}
2019-07-30 19:53:59,314 INFO  server.Server (Server.java:doStart(419)) - Started @2925ms
2019-07-30 19:53:59,315 INFO  server.BaseHttpServer (BaseHttpServer.java:updateConnectorAddress(207)) - HTTP server of SCM is listening at http://0.0.0.0:42253
2019-07-30 19:53:59,326 INFO  util.JvmPauseMonitor (JvmPauseMonitor.java:run(188)) - Starting JVM pause monitor
2019-07-30 19:53:59,330 WARN  server.ServerUtils (ServerUtils.java:getDBPath(222)) - ozone.om.db.dirs is not configured. We recommend adding this setting. Falling back to ozone.metadata.dirs instead.
2019-07-30 19:53:59,449 WARN  server.ServerUtils (ServerUtils.java:getDBPath(222)) - ozone.om.db.dirs is not configured. We recommend adding this setting. Falling back to ozone.metadata.dirs instead.
2019-07-30 19:53:59,449 WARN  server.ServerUtils (ServerUtils.java:getDBPath(222)) - ozone.om.db.dirs is not configured. We recommend adding this setting. Falling back to ozone.metadata.dirs instead.
2019-07-30 19:53:59,450 INFO  om.OzoneManager (OzoneManager.java:setOMNodeDetails(644)) - OM Service ID is not set. Setting it to the default ID: omServiceIdDefault
2019-07-30 19:53:59,450 INFO  om.OzoneManager (OzoneManager.java:setOMNodeDetails(650)) - OM Node ID is not set. Setting it to the OmStorage's OmID: d0d24d59-8dd0-423d-890a-051bc326f9f2
2019-07-30 19:53:59,451 INFO  om.OzoneManager (OzoneManager.java:loadOMHAConfigs(601)) - Found matching OM address with OMServiceId: null, OMNodeId: null, RPC Address: localhost:0 and Ratis port: 9872
2019-07-30 19:54:00,199 WARN  server.ServerUtils (ServerUtils.java:getDBPath(222)) - ozone.om.db.dirs is not configured. We recommend adding this setting. Falling back to ozone.metadata.dirs instead.
2019-07-30 19:54:00,208 INFO  db.DBStoreBuilder (DBStoreBuilder.java:addTable(110)) - using custom profile for table: userTable
2019-07-30 19:54:00,208 INFO  db.DBStoreBuilder (DBStoreBuilder.java:processTables(161)) - Using default column profile:DBProfile.DISK for Table:userTable
2019-07-30 19:54:00,208 INFO  db.DBStoreBuilder (DBStoreBuilder.java:addTable(110)) - using custom profile for table: volumeTable
2019-07-30 19:54:00,208 INFO  db.DBStoreBuilder (DBStoreBuilder.java:processTables(161)) - Using default column profile:DBProfile.DISK for Table:volumeTable
2019-07-30 19:54:00,209 INFO  db.DBStoreBuilder (DBStoreBuilder.java:addTable(110)) - using custom profile for table: bucketTable
2019-07-30 19:54:00,209 INFO  db.DBStoreBuilder (DBStoreBuilder.java:processTables(161)) - Using default column profile:DBProfile.DISK for Table:bucketTable
2019-07-30 19:54:00,209 INFO  db.DBStoreBuilder (DBStoreBuilder.java:addTable(110)) - using custom profile for table: keyTable
2019-07-30 19:54:00,209 INFO  db.DBStoreBuilder (DBStoreBuilder.java:processTables(161)) - Using default column profile:DBProfile.DISK for Table:keyTable
2019-07-30 19:54:00,210 INFO  db.DBStoreBuilder (DBStoreBuilder.java:addTable(110)) - using custom profile for table: deletedTable
2019-07-30 19:54:00,210 INFO  db.DBStoreBuilder (DBStoreBuilder.java:processTables(161)) - Using default column profile:DBProfile.DISK for Table:deletedTable
2019-07-30 19:54:00,210 INFO  db.DBStoreBuilder (DBStoreBuilder.java:addTable(110)) - using custom profile for table: openKeyTable
2019-07-30 19:54:00,210 INFO  db.DBStoreBuilder (DBStoreBuilder.java:processTables(161)) - Using default column profile:DBProfile.DISK for Table:openKeyTable
2019-07-30 19:54:00,211 INFO  db.DBStoreBuilder (DBStoreBuilder.java:addTable(110)) - using custom profile for table: s3Table
2019-07-30 19:54:00,211 INFO  db.DBStoreBuilder (DBStoreBuilder.java:processTables(161)) - Using default column profile:DBProfile.DISK for Table:s3Table
2019-07-30 19:54:00,211 INFO  db.DBStoreBuilder (DBStoreBuilder.java:addTable(110)) - using custom profile for table: multipartInfoTable
2019-07-30 19:54:00,211 INFO  db.DBStoreBuilder (DBStoreBuilder.java:processTables(161)) - Using default column profile:DBProfile.DISK for Table:multipartInfoTable
2019-07-30 19:54:00,211 INFO  db.DBStoreBuilder (DBStoreBuilder.java:addTable(110)) - using custom profile for table: dTokenTable
2019-07-30 19:54:00,212 INFO  db.DBStoreBuilder (DBStoreBuilder.java:processTables(161)) - Using default column profile:DBProfile.DISK for Table:dTokenTable
2019-07-30 19:54:00,212 INFO  db.DBStoreBuilder (DBStoreBuilder.java:addTable(110)) - using custom profile for table: s3SecretTable
2019-07-30 19:54:00,212 INFO  db.DBStoreBuilder (DBStoreBuilder.java:processTables(161)) - Using default column profile:DBProfile.DISK for Table:s3SecretTable
2019-07-30 19:54:00,213 INFO  db.DBStoreBuilder (DBStoreBuilder.java:addTable(110)) - using custom profile for table: prefixTable
2019-07-30 19:54:00,213 INFO  db.DBStoreBuilder (DBStoreBuilder.java:processTables(161)) - Using default column profile:DBProfile.DISK for Table:prefixTable
2019-07-30 19:54:00,213 INFO  db.DBStoreBuilder (DBStoreBuilder.java:addTable(110)) - using custom profile for table: default
2019-07-30 19:54:00,213 INFO  db.DBStoreBuilder (DBStoreBuilder.java:processTables(167)) - Using default column profile:DBProfile.DISK for Table:default
2019-07-30 19:54:00,213 INFO  db.DBStoreBuilder (DBStoreBuilder.java:getDbProfile(198)) - Using default options. DBProfile.DISK
2019-07-30 19:54:00,738 INFO  ipc.CallQueueManager (CallQueueManager.java:<init>(84)) - Using callQueue: class java.util.concurrent.LinkedBlockingQueue, queueCapacity: 2000, scheduler: class org.apache.hadoop.ipc.DefaultRpcScheduler, ipcBackoff: false.
2019-07-30 19:54:00,739 INFO  ipc.Server (Server.java:run(1074)) - Starting Socket Reader #1 for port 33477
2019-07-30 19:54:00,763 INFO  om.OzoneManager (OzoneManager.java:start(1255)) - OzoneManager RPC server is listening at localhost/127.0.0.1:33477
2019-07-30 19:54:00,763 INFO  impl.MetricsSystemImpl (MetricsSystemImpl.java:init(158)) - OzoneManager metrics system started (again)
2019-07-30 19:54:00,765 INFO  ipc.Server (Server.java:run(1314)) - IPC Server Responder: starting
2019-07-30 19:54:00,766 INFO  ipc.Server (Server.java:run(1153)) - IPC Server listener on 33477: starting
2019-07-30 19:54:00,784 INFO  hdfs.DFSUtil (DFSUtil.java:httpServerTemplateForNNAndJN(1641)) - Starting Web-server for ozoneManager at: http://0.0.0.0:0
2019-07-30 19:54:00,787 INFO  server.AuthenticationFilter (AuthenticationFilter.java:constructSecretProvider(240)) - Unable to initialize FileSignerSecretProvider, falling back to use random secrets.
2019-07-30 19:54:00,788 WARN  http.HttpRequestLog (HttpRequestLog.java:getRequestLog(97)) - Jetty request log can only be enabled using Log4j
2019-07-30 19:54:00,792 INFO  http.HttpServer2 (HttpServer2.java:addGlobalFilter(975)) - Added global filter 'safety' (class=org.apache.hadoop.http.HttpServer2$QuotingInputFilter)
2019-07-30 19:54:00,793 INFO  http.HttpServer2 (HttpServer2.java:addFilter(948)) - Added filter static_user_filter (class=org.apache.hadoop.http.lib.StaticUserWebFilter$StaticUserFilter) to context ozoneManager
2019-07-30 19:54:00,793 INFO  http.HttpServer2 (HttpServer2.java:addFilter(958)) - Added filter static_user_filter (class=org.apache.hadoop.http.lib.StaticUserWebFilter$StaticUserFilter) to context logs
2019-07-30 19:54:00,793 INFO  http.HttpServer2 (HttpServer2.java:addFilter(958)) - Added filter static_user_filter (class=org.apache.hadoop.http.lib.StaticUserWebFilter$StaticUserFilter) to context static
2019-07-30 19:54:00,796 INFO  http.HttpServer2 (HttpServer2.java:bindListener(1191)) - Jetty bound to port 34355
2019-07-30 19:54:00,797 INFO  server.Server (Server.java:doStart(351)) - jetty-9.3.24.v20180605, build timestamp: 2018-06-05T17:11:56Z, git hash: 84205aa28f11a4f31f2a3b86d1bba2cc8ab69827
2019-07-30 19:54:00,799 INFO  handler.ContextHandler (ContextHandler.java:doStart(781)) - Started o.e.j.s.ServletContextHandler@126be319{/logs,file:///workdir/hadoop-ozone/tools/target/log,AVAILABLE}
2019-07-30 19:54:00,800 INFO  handler.ContextHandler (ContextHandler.java:doStart(781)) - Started o.e.j.s.ServletContextHandler@5c371e13{/static,file:///workdir/hadoop-ozone/ozone-manager/target/classes/webapps/static/,AVAILABLE}
2019-07-30 19:54:00,807 INFO  handler.ContextHandler (ContextHandler.java:doStart(781)) - Started o.e.j.w.WebAppContext@27f0ad19{/,file:///workdir/hadoop-ozone/ozone-manager/target/classes/webapps/ozoneManager/,AVAILABLE}{/ozoneManager}
2019-07-30 19:54:00,809 INFO  server.AbstractConnector (AbstractConnector.java:doStart(278)) - Started ServerConnector@54e81b21{HTTP/1.1,[http/1.1]}{0.0.0.0:34355}
2019-07-30 19:54:00,810 INFO  server.Server (Server.java:doStart(419)) - Started @4422ms
2019-07-30 19:54:00,812 INFO  server.BaseHttpServer (BaseHttpServer.java:updateConnectorAddress(207)) - HTTP server of OZONEMANAGER is listening at http://0.0.0.0:34355
2019-07-30 19:54:01,172 INFO  impl.MetricsSystemImpl (MetricsSystemImpl.java:init(158)) - HddsDatanode metrics system started (again)
2019-07-30 19:54:01,271 INFO  ozone.HddsDatanodeService (HddsDatanodeService.java:start(184)) - HddsDatanodeService host:byscane-nightly-zbvcj-50276086 ip:192.168.69.112
2019-07-30 19:54:01,306 INFO  volume.HddsVolume (HddsVolume.java:<init>(176)) - Creating Volume: /workdir/hadoop-ozone/tools/target/test-dir/MiniOzoneClusterImpl-a3dc378c-a728-42de-a732-9931f4baf336/datanode-0/data/containers/hdds of  storage type : DISK and capacity : 52710309888
2019-07-30 19:54:01,307 INFO  volume.VolumeSet (VolumeSet.java:initializeVolumeSet(170)) - Added Volume : /workdir/hadoop-ozone/tools/target/test-dir/MiniOzoneClusterImpl-a3dc378c-a728-42de-a732-9931f4baf336/datanode-0/data/containers/hdds to VolumeSet
2019-07-30 19:54:01,310 INFO  volume.ThrottledAsyncChecker (ThrottledAsyncChecker.java:schedule(140)) - Scheduling a check for org.apache.hadoop.ozone.container.common.volume.HddsVolume@43b0ade
2019-07-30 19:54:01,330 INFO  volume.HddsVolumeChecker (HddsVolumeChecker.java:checkAllVolumes(203)) - Scheduled health check for volume org.apache.hadoop.ozone.container.common.volume.HddsVolume@43b0ade
2019-07-30 19:54:01,449 INFO  impl.RaftServerProxy (ConfUtils.java:logGet(43)) - raft.rpc.type = GRPC (default)
2019-07-30 19:54:01,543 INFO  grpc.GrpcFactory (GrpcFactory.java:checkPooledByteBufAllocatorUseCacheForAllThreads(45)) - PERFORMANCE WARNING: useCacheForAllThreads is true that may cause Netty to create a lot garbage objects and, as a result, trigger GC.
	It is recommended to disable useCacheForAllThreads by setting -Dorg.apache.ratis.thirdparty.io.netty.allocator.useCacheForAllThreads=false in command line.
2019-07-30 19:54:01,551 INFO  grpc.GrpcConfigKeys$Server (ConfUtils.java:logGet(43)) - raft.grpc.server.port = 0 (default)
2019-07-30 19:54:01,552 INFO  server.GrpcService (ConfUtils.java:logGet(43)) - raft.grpc.message.size.max = 33570816 (custom)
2019-07-30 19:54:01,554 INFO  server.RaftServerConfigKeys (ConfUtils.java:logGet(43)) - raft.server.log.appender.buffer.byte-limit = 33554432 (custom)
2019-07-30 19:54:01,556 INFO  server.GrpcService (ConfUtils.java:logGet(43)) - raft.grpc.flow.control.window = 1MB (=1048576) (default)
2019-07-30 19:54:01,557 INFO  server.RaftServerConfigKeys (ConfUtils.java:logGet(43)) - raft.server.rpc.request.timeout = 3000ms (default)
2019-07-30 19:54:01,750 INFO  server.RaftServerConfigKeys (ConfUtils.java:logGet(43)) - raft.server.storage.dir = [/workdir/hadoop-ozone/tools/target/test-dir/MiniOzoneClusterImpl-a3dc378c-a728-42de-a732-9931f4baf336/datanode-0/data/ratis] (custom)
2019-07-30 19:54:01,788 INFO  replication.SimpleContainerDownloader (SimpleContainerDownloader.java:<init>(72)) - Starting container downloader service to copy containers to replicate.
2019-07-30 19:54:01,802 INFO  hdfs.DFSUtil (DFSUtil.java:httpServerTemplateForNNAndJN(1641)) - Starting Web-server for hddsDatanode at: http://0.0.0.0:0
2019-07-30 19:54:01,805 INFO  server.AuthenticationFilter (AuthenticationFilter.java:constructSecretProvider(240)) - Unable to initialize FileSignerSecretProvider, falling back to use random secrets.
2019-07-30 19:54:01,807 WARN  http.HttpRequestLog (HttpRequestLog.java:getRequestLog(97)) - Jetty request log can only be enabled using Log4j
2019-07-30 19:54:01,811 INFO  http.HttpServer2 (HttpServer2.java:addGlobalFilter(975)) - Added global filter 'safety' (class=org.apache.hadoop.http.HttpServer2$QuotingInputFilter)
2019-07-30 19:54:01,812 INFO  http.HttpServer2 (HttpServer2.java:addFilter(948)) - Added filter static_user_filter (class=org.apache.hadoop.http.lib.StaticUserWebFilter$StaticUserFilter) to context hddsDatanode
2019-07-30 19:54:01,812 INFO  http.HttpServer2 (HttpServer2.java:addFilter(958)) - Added filter static_user_filter (class=org.apache.hadoop.http.lib.StaticUserWebFilter$StaticUserFilter) to context static
2019-07-30 19:54:01,813 INFO  http.HttpServer2 (HttpServer2.java:addFilter(958)) - Added filter static_user_filter (class=org.apache.hadoop.http.lib.StaticUserWebFilter$StaticUserFilter) to context logs
2019-07-30 19:54:01,815 INFO  http.HttpServer2 (HttpServer2.java:bindListener(1191)) - Jetty bound to port 36527
2019-07-30 19:54:01,815 INFO  server.Server (Server.java:doStart(351)) - jetty-9.3.24.v20180605, build timestamp: 2018-06-05T17:11:56Z, git hash: 84205aa28f11a4f31f2a3b86d1bba2cc8ab69827
2019-07-30 19:54:01,818 INFO  handler.ContextHandler (ContextHandler.java:doStart(781)) - Started o.e.j.s.ServletContextHandler@455824ad{/logs,file:///workdir/hadoop-ozone/tools/target/log,AVAILABLE}
2019-07-30 19:54:01,819 INFO  handler.ContextHandler (ContextHandler.java:doStart(781)) - Started o.e.j.s.ServletContextHandler@70f31322{/static,file:///workdir/hadoop-hdds/container-service/target/classes/webapps/static,AVAILABLE}
2019-07-30 19:54:01,827 INFO  handler.ContextHandler (ContextHandler.java:doStart(781)) - Started o.e.j.w.WebAppContext@99407c2{/,file:///workdir/hadoop-hdds/container-service/target/classes/webapps/hddsDatanode/,AVAILABLE}{/hddsDatanode}
2019-07-30 19:54:01,828 INFO  server.AbstractConnector (AbstractConnector.java:doStart(278)) - Started ServerConnector@6c796cc1{HTTP/1.1,[http/1.1]}{0.0.0.0:36527}
2019-07-30 19:54:01,829 INFO  server.Server (Server.java:doStart(419)) - Started @5441ms
2019-07-30 19:54:01,831 INFO  server.BaseHttpServer (BaseHttpServer.java:updateConnectorAddress(207)) - HTTP server of HDDSDATANODE is listening at http://0.0.0.0:36527
2019-07-30 19:54:02,972 INFO  ozone.HddsDatanodeService (HddsDatanodeService.java:startPlugins(395)) - Started plug-in org.apache.hadoop.ozone.web.OzoneHddsDatanodeService@40fa8766
2019-07-30 19:54:02,975 INFO  impl.MetricsSystemImpl (MetricsSystemImpl.java:init(158)) - HddsDatanode metrics system started (again)
2019-07-30 19:54:02,979 INFO  ozone.HddsDatanodeService (HddsDatanodeService.java:start(184)) - HddsDatanodeService host:byscane-nightly-zbvcj-50276086 ip:192.168.69.112
2019-07-30 19:54:02,984 INFO  util.JvmPauseMonitor (JvmPauseMonitor.java:run(188)) - Starting JVM pause monitor
2019-07-30 19:54:02,991 INFO  volume.HddsVolume (HddsVolume.java:<init>(176)) - Creating Volume: /workdir/hadoop-ozone/tools/target/test-dir/MiniOzoneClusterImpl-a3dc378c-a728-42de-a732-9931f4baf336/datanode-1/data/containers/hdds of  storage type : DISK and capacity : 52710309888
2019-07-30 19:54:02,992 INFO  volume.VolumeSet (VolumeSet.java:initializeVolumeSet(170)) - Added Volume : /workdir/hadoop-ozone/tools/target/test-dir/MiniOzoneClusterImpl-a3dc378c-a728-42de-a732-9931f4baf336/datanode-1/data/containers/hdds to VolumeSet
2019-07-30 19:54:02,992 INFO  volume.ThrottledAsyncChecker (ThrottledAsyncChecker.java:schedule(140)) - Scheduling a check for org.apache.hadoop.ozone.container.common.volume.HddsVolume@5eea5627
2019-07-30 19:54:02,993 INFO  volume.HddsVolumeChecker (HddsVolumeChecker.java:checkAllVolumes(203)) - Scheduled health check for volume org.apache.hadoop.ozone.container.common.volume.HddsVolume@5eea5627
2019-07-30 19:54:03,014 INFO  impl.RaftServerProxy (ConfUtils.java:logGet(43)) - raft.rpc.type = GRPC (default)
2019-07-30 19:54:03,014 INFO  grpc.GrpcFactory (GrpcFactory.java:checkPooledByteBufAllocatorUseCacheForAllThreads(45)) - PERFORMANCE WARNING: useCacheForAllThreads is true that may cause Netty to create a lot garbage objects and, as a result, trigger GC.
	It is recommended to disable useCacheForAllThreads by setting -Dorg.apache.ratis.thirdparty.io.netty.allocator.useCacheForAllThreads=false in command line.
2019-07-30 19:54:03,014 INFO  grpc.GrpcConfigKeys$Server (ConfUtils.java:logGet(43)) - raft.grpc.server.port = 0 (default)
2019-07-30 19:54:03,014 INFO  server.GrpcService (ConfUtils.java:logGet(43)) - raft.grpc.message.size.max = 33570816 (custom)
2019-07-30 19:54:03,015 INFO  server.RaftServerConfigKeys (ConfUtils.java:logGet(43)) - raft.server.log.appender.buffer.byte-limit = 33554432 (custom)
2019-07-30 19:54:03,015 INFO  server.GrpcService (ConfUtils.java:logGet(43)) - raft.grpc.flow.control.window = 1MB (=1048576) (default)
2019-07-30 19:54:03,015 INFO  server.RaftServerConfigKeys (ConfUtils.java:logGet(43)) - raft.server.rpc.request.timeout = 3000ms (default)
2019-07-30 19:54:03,016 INFO  server.RaftServerConfigKeys (ConfUtils.java:logGet(43)) - raft.server.storage.dir = [/workdir/hadoop-ozone/tools/target/test-dir/MiniOzoneClusterImpl-a3dc378c-a728-42de-a732-9931f4baf336/datanode-1/data/ratis] (custom)
2019-07-30 19:54:03,017 INFO  replication.SimpleContainerDownloader (SimpleContainerDownloader.java:<init>(72)) - Starting container downloader service to copy containers to replicate.
2019-07-30 19:54:03,018 INFO  hdfs.DFSUtil (DFSUtil.java:httpServerTemplateForNNAndJN(1641)) - Starting Web-server for hddsDatanode at: http://0.0.0.0:0
2019-07-30 19:54:03,019 INFO  server.AuthenticationFilter (AuthenticationFilter.java:constructSecretProvider(240)) - Unable to initialize FileSignerSecretProvider, falling back to use random secrets.
2019-07-30 19:54:03,021 WARN  http.HttpRequestLog (HttpRequestLog.java:getRequestLog(97)) - Jetty request log can only be enabled using Log4j
2019-07-30 19:54:03,023 INFO  http.HttpServer2 (HttpServer2.java:addGlobalFilter(975)) - Added global filter 'safety' (class=org.apache.hadoop.http.HttpServer2$QuotingInputFilter)
2019-07-30 19:54:03,024 INFO  http.HttpServer2 (HttpServer2.java:addFilter(948)) - Added filter static_user_filter (class=org.apache.hadoop.http.lib.StaticUserWebFilter$StaticUserFilter) to context hddsDatanode
2019-07-30 19:54:03,024 INFO  http.HttpServer2 (HttpServer2.java:addFilter(958)) - Added filter static_user_filter (class=org.apache.hadoop.http.lib.StaticUserWebFilter$StaticUserFilter) to context logs
2019-07-30 19:54:03,024 INFO  http.HttpServer2 (HttpServer2.java:addFilter(958)) - Added filter static_user_filter (class=org.apache.hadoop.http.lib.StaticUserWebFilter$StaticUserFilter) to context static
2019-07-30 19:54:03,025 INFO  http.HttpServer2 (HttpServer2.java:bindListener(1191)) - Jetty bound to port 37586
2019-07-30 19:54:03,025 INFO  server.Server (Server.java:doStart(351)) - jetty-9.3.24.v20180605, build timestamp: 2018-06-05T17:11:56Z, git hash: 84205aa28f11a4f31f2a3b86d1bba2cc8ab69827
2019-07-30 19:54:03,030 INFO  handler.ContextHandler (ContextHandler.java:doStart(781)) - Started o.e.j.s.ServletContextHandler@37e69c43{/logs,file:///workdir/hadoop-ozone/tools/target/log,AVAILABLE}
2019-07-30 19:54:03,031 INFO  handler.ContextHandler (ContextHandler.java:doStart(781)) - Started o.e.j.s.ServletContextHandler@345d053b{/static,file:///workdir/hadoop-hdds/container-service/target/classes/webapps/static,AVAILABLE}
2019-07-30 19:54:03,036 INFO  handler.ContextHandler (ContextHandler.java:doStart(781)) - Started o.e.j.w.WebAppContext@465b38e6{/,file:///workdir/hadoop-hdds/container-service/target/classes/webapps/hddsDatanode/,AVAILABLE}{/hddsDatanode}
2019-07-30 19:54:03,037 INFO  server.AbstractConnector (AbstractConnector.java:doStart(278)) - Started ServerConnector@4b960b5b{HTTP/1.1,[http/1.1]}{0.0.0.0:37586}
2019-07-30 19:54:03,037 INFO  server.Server (Server.java:doStart(419)) - Started @6649ms
2019-07-30 19:54:03,038 INFO  server.BaseHttpServer (BaseHttpServer.java:updateConnectorAddress(207)) - HTTP server of HDDSDATANODE is listening at http://0.0.0.0:37586
2019-07-30 19:54:03,107 INFO  datanode.InitDatanodeState (InitDatanodeState.java:persistContainerDatanodeDetails(140)) - DatanodeDetails is persisted to /workdir/hadoop-ozone/tools/target/test-dir/MiniOzoneClusterImpl-a3dc378c-a728-42de-a732-9931f4baf336/datanode-0/meta/datanode.id
2019-07-30 19:54:03,205 INFO  ozone.HddsDatanodeService (HddsDatanodeService.java:startPlugins(395)) - Started plug-in org.apache.hadoop.ozone.web.OzoneHddsDatanodeService@6a1d526c
2019-07-30 19:54:03,205 INFO  impl.MetricsSystemImpl (MetricsSystemImpl.java:init(158)) - HddsDatanode metrics system started (again)
2019-07-30 19:54:03,209 INFO  ozone.HddsDatanodeService (HddsDatanodeService.java:start(184)) - HddsDatanodeService host:byscane-nightly-zbvcj-50276086 ip:192.168.69.112
2019-07-30 19:54:03,209 INFO  util.JvmPauseMonitor (JvmPauseMonitor.java:run(188)) - Starting JVM pause monitor
2019-07-30 19:54:03,222 INFO  volume.HddsVolume (HddsVolume.java:<init>(176)) - Creating Volume: /workdir/hadoop-ozone/tools/target/test-dir/MiniOzoneClusterImpl-a3dc378c-a728-42de-a732-9931f4baf336/datanode-2/data/containers/hdds of  storage type : DISK and capacity : 52710309888
2019-07-30 19:54:03,222 INFO  volume.VolumeSet (VolumeSet.java:initializeVolumeSet(170)) - Added Volume : /workdir/hadoop-ozone/tools/target/test-dir/MiniOzoneClusterImpl-a3dc378c-a728-42de-a732-9931f4baf336/datanode-2/data/containers/hdds to VolumeSet
2019-07-30 19:54:03,222 INFO  volume.ThrottledAsyncChecker (ThrottledAsyncChecker.java:schedule(140)) - Scheduling a check for org.apache.hadoop.ozone.container.common.volume.HddsVolume@5d94a2dc
2019-07-30 19:54:03,223 INFO  volume.HddsVolumeChecker (HddsVolumeChecker.java:checkAllVolumes(203)) - Scheduled health check for volume org.apache.hadoop.ozone.container.common.volume.HddsVolume@5d94a2dc
2019-07-30 19:54:03,224 INFO  datanode.InitDatanodeState (InitDatanodeState.java:persistContainerDatanodeDetails(140)) - DatanodeDetails is persisted to /workdir/hadoop-ozone/tools/target/test-dir/MiniOzoneClusterImpl-a3dc378c-a728-42de-a732-9931f4baf336/datanode-1/meta/datanode.id
2019-07-30 19:54:03,242 INFO  impl.RaftServerProxy (ConfUtils.java:logGet(43)) - raft.rpc.type = GRPC (default)
2019-07-30 19:54:03,242 INFO  grpc.GrpcFactory (GrpcFactory.java:checkPooledByteBufAllocatorUseCacheForAllThreads(45)) - PERFORMANCE WARNING: useCacheForAllThreads is true that may cause Netty to create a lot garbage objects and, as a result, trigger GC.
	It is recommended to disable useCacheForAllThreads by setting -Dorg.apache.ratis.thirdparty.io.netty.allocator.useCacheForAllThreads=false in command line.
2019-07-30 19:54:03,242 INFO  grpc.GrpcConfigKeys$Server (ConfUtils.java:logGet(43)) - raft.grpc.server.port = 0 (default)
2019-07-30 19:54:03,243 INFO  server.GrpcService (ConfUtils.java:logGet(43)) - raft.grpc.message.size.max = 33570816 (custom)
2019-07-30 19:54:03,243 INFO  server.RaftServerConfigKeys (ConfUtils.java:logGet(43)) - raft.server.log.appender.buffer.byte-limit = 33554432 (custom)
2019-07-30 19:54:03,243 INFO  server.GrpcService (ConfUtils.java:logGet(43)) - raft.grpc.flow.control.window = 1MB (=1048576) (default)
2019-07-30 19:54:03,243 INFO  server.RaftServerConfigKeys (ConfUtils.java:logGet(43)) - raft.server.rpc.request.timeout = 3000ms (default)
2019-07-30 19:54:03,244 INFO  server.RaftServerConfigKeys (ConfUtils.java:logGet(43)) - raft.server.storage.dir = [/workdir/hadoop-ozone/tools/target/test-dir/MiniOzoneClusterImpl-a3dc378c-a728-42de-a732-9931f4baf336/datanode-2/data/ratis] (custom)
2019-07-30 19:54:03,245 INFO  replication.SimpleContainerDownloader (SimpleContainerDownloader.java:<init>(72)) - Starting container downloader service to copy containers to replicate.
2019-07-30 19:54:03,246 INFO  hdfs.DFSUtil (DFSUtil.java:httpServerTemplateForNNAndJN(1641)) - Starting Web-server for hddsDatanode at: http://0.0.0.0:0
2019-07-30 19:54:03,249 INFO  server.AuthenticationFilter (AuthenticationFilter.java:constructSecretProvider(240)) - Unable to initialize FileSignerSecretProvider, falling back to use random secrets.
2019-07-30 19:54:03,250 WARN  http.HttpRequestLog (HttpRequestLog.java:getRequestLog(97)) - Jetty request log can only be enabled using Log4j
2019-07-30 19:54:03,252 INFO  http.HttpServer2 (HttpServer2.java:addGlobalFilter(975)) - Added global filter 'safety' (class=org.apache.hadoop.http.HttpServer2$QuotingInputFilter)
2019-07-30 19:54:03,253 INFO  http.HttpServer2 (HttpServer2.java:addFilter(948)) - Added filter static_user_filter (class=org.apache.hadoop.http.lib.StaticUserWebFilter$StaticUserFilter) to context hddsDatanode
2019-07-30 19:54:03,254 INFO  http.HttpServer2 (HttpServer2.java:addFilter(958)) - Added filter static_user_filter (class=org.apache.hadoop.http.lib.StaticUserWebFilter$StaticUserFilter) to context logs
2019-07-30 19:54:03,254 INFO  http.HttpServer2 (HttpServer2.java:addFilter(958)) - Added filter static_user_filter (class=org.apache.hadoop.http.lib.StaticUserWebFilter$StaticUserFilter) to context static
2019-07-30 19:54:03,255 INFO  http.HttpServer2 (HttpServer2.java:bindListener(1191)) - Jetty bound to port 41010
2019-07-30 19:54:03,255 INFO  server.Server (Server.java:doStart(351)) - jetty-9.3.24.v20180605, build timestamp: 2018-06-05T17:11:56Z, git hash: 84205aa28f11a4f31f2a3b86d1bba2cc8ab69827
2019-07-30 19:54:03,259 INFO  handler.ContextHandler (ContextHandler.java:doStart(781)) - Started o.e.j.s.ServletContextHandler@4dde8976{/logs,file:///workdir/hadoop-ozone/tools/target/log,AVAILABLE}
2019-07-30 19:54:03,260 INFO  handler.ContextHandler (ContextHandler.java:doStart(781)) - Started o.e.j.s.ServletContextHandler@3b4825f0{/static,file:///workdir/hadoop-hdds/container-service/target/classes/webapps/static,AVAILABLE}
2019-07-30 19:54:03,267 INFO  handler.ContextHandler (ContextHandler.java:doStart(781)) - Started o.e.j.w.WebAppContext@de7e193{/,file:///workdir/hadoop-hdds/container-service/target/classes/webapps/hddsDatanode/,AVAILABLE}{/hddsDatanode}
2019-07-30 19:54:03,268 INFO  server.AbstractConnector (AbstractConnector.java:doStart(278)) - Started ServerConnector@13e5d243{HTTP/1.1,[http/1.1]}{0.0.0.0:41010}
2019-07-30 19:54:03,268 INFO  server.Server (Server.java:doStart(419)) - Started @6880ms
2019-07-30 19:54:03,269 INFO  server.BaseHttpServer (BaseHttpServer.java:updateConnectorAddress(207)) - HTTP server of HDDSDATANODE is listening at http://0.0.0.0:41010
2019-07-30 19:54:03,422 INFO  ozone.HddsDatanodeService (HddsDatanodeService.java:startPlugins(395)) - Started plug-in org.apache.hadoop.ozone.web.OzoneHddsDatanodeService@7c369270
2019-07-30 19:54:03,425 INFO  ozone.MiniOzoneClusterImpl (MiniOzoneClusterImpl.java:lambda$waitForClusterToBeReady$0(142)) - Waiting for cluster to be ready. Got 0 of 3 DN Heartbeats.
2019-07-30 19:54:03,427 INFO  util.JvmPauseMonitor (JvmPauseMonitor.java:run(188)) - Starting JVM pause monitor
2019-07-30 19:54:03,430 INFO  datanode.InitDatanodeState (InitDatanodeState.java:persistContainerDatanodeDetails(140)) - DatanodeDetails is persisted to /workdir/hadoop-ozone/tools/target/test-dir/MiniOzoneClusterImpl-a3dc378c-a728-42de-a732-9931f4baf336/datanode-2/meta/datanode.id
2019-07-30 19:54:04,425 INFO  ozone.MiniOzoneClusterImpl (MiniOzoneClusterImpl.java:lambda$waitForClusterToBeReady$0(142)) - Waiting for cluster to be ready. Got 0 of 3 DN Heartbeats.
2019-07-30 19:54:05,040 INFO  ozoneimpl.OzoneContainer (OzoneContainer.java:start(186)) - Attempting to start container services.
2019-07-30 19:54:05,042 INFO  ozoneimpl.OzoneContainer (OzoneContainer.java:startContainerScrub(160)) - Background container scrubber has been disabled by hdds.containerscrub.enabled
2019-07-30 19:54:05,042 INFO  ratis.XceiverServerRatis (XceiverServerRatis.java:start(404)) - Starting XceiverServerRatis c97d87f5-306a-4fd5-a114-69a2e7479e2d at port 0
2019-07-30 19:54:05,073 INFO  impl.RaftServerProxy (RaftServerProxy.java:lambda$start$3(299)) - c97d87f5-306a-4fd5-a114-69a2e7479e2d: start RPC server
2019-07-30 19:54:05,226 INFO  ozoneimpl.OzoneContainer (OzoneContainer.java:start(186)) - Attempting to start container services.
2019-07-30 19:54:05,228 INFO  ozoneimpl.OzoneContainer (OzoneContainer.java:startContainerScrub(160)) - Background container scrubber has been disabled by hdds.containerscrub.enabled
2019-07-30 19:54:05,229 INFO  ratis.XceiverServerRatis (XceiverServerRatis.java:start(404)) - Starting XceiverServerRatis 9a3a9e8a-f6ac-46f1-8d84-d7973be32798 at port 0
2019-07-30 19:54:05,248 INFO  impl.RaftServerProxy (RaftServerProxy.java:lambda$start$3(299)) - 9a3a9e8a-f6ac-46f1-8d84-d7973be32798: start RPC server
2019-07-30 19:54:05,262 INFO  server.GrpcService (GrpcService.java:startImpl(149)) - 9a3a9e8a-f6ac-46f1-8d84-d7973be32798: GrpcService started, listening on 0.0.0.0/0.0.0.0:43493
2019-07-30 19:54:05,262 INFO  server.GrpcService (GrpcService.java:startImpl(149)) - c97d87f5-306a-4fd5-a114-69a2e7479e2d: GrpcService started, listening on 0.0.0.0/0.0.0.0:33176
2019-07-30 19:54:05,263 INFO  ratis.XceiverServerRatis (XceiverServerRatis.java:start(414)) - XceiverServerRatis 9a3a9e8a-f6ac-46f1-8d84-d7973be32798 is started using port 43493
2019-07-30 19:54:05,263 INFO  ratis.XceiverServerRatis (XceiverServerRatis.java:start(414)) - XceiverServerRatis c97d87f5-306a-4fd5-a114-69a2e7479e2d is started using port 33176
2019-07-30 19:54:05,268 INFO  server.XceiverServerGrpc (XceiverServerGrpc.java:start(161)) - XceiverServerGrpc 9a3a9e8a-f6ac-46f1-8d84-d7973be32798 is started using port 45727
2019-07-30 19:54:05,268 INFO  server.XceiverServerGrpc (XceiverServerGrpc.java:start(161)) - XceiverServerGrpc c97d87f5-306a-4fd5-a114-69a2e7479e2d is started using port 36700
2019-07-30 19:54:05,426 INFO  ozone.MiniOzoneClusterImpl (MiniOzoneClusterImpl.java:lambda$waitForClusterToBeReady$0(142)) - Waiting for cluster to be ready. Got 0 of 3 DN Heartbeats.
2019-07-30 19:54:05,444 INFO  ozoneimpl.OzoneContainer (OzoneContainer.java:start(186)) - Attempting to start container services.
2019-07-30 19:54:05,446 INFO  ozoneimpl.OzoneContainer (OzoneContainer.java:startContainerScrub(160)) - Background container scrubber has been disabled by hdds.containerscrub.enabled
2019-07-30 19:54:05,446 INFO  ratis.XceiverServerRatis (XceiverServerRatis.java:start(404)) - Starting XceiverServerRatis e13ddee0-dbbd-417f-b839-5ac1fff14647 at port 0
2019-07-30 19:54:05,511 INFO  impl.RaftServerProxy (RaftServerProxy.java:lambda$start$3(299)) - e13ddee0-dbbd-417f-b839-5ac1fff14647: start RPC server
2019-07-30 19:54:05,517 INFO  server.GrpcService (GrpcService.java:startImpl(149)) - e13ddee0-dbbd-417f-b839-5ac1fff14647: GrpcService started, listening on 0.0.0.0/0.0.0.0:40697
2019-07-30 19:54:05,518 INFO  ratis.XceiverServerRatis (XceiverServerRatis.java:start(414)) - XceiverServerRatis e13ddee0-dbbd-417f-b839-5ac1fff14647 is started using port 40697
2019-07-30 19:54:05,520 INFO  server.XceiverServerGrpc (XceiverServerGrpc.java:start(161)) - XceiverServerGrpc e13ddee0-dbbd-417f-b839-5ac1fff14647 is started using port 42073
2019-07-30 19:54:06,427 INFO  ozone.MiniOzoneClusterImpl (MiniOzoneClusterImpl.java:lambda$waitForClusterToBeReady$0(142)) - Waiting for cluster to be ready. Got 0 of 3 DN Heartbeats.
2019-07-30 19:54:07,029 INFO  net.NetworkTopology (NetworkTopologyImpl.java:add(110)) - Added a new node: /default-rack/c97d87f5-306a-4fd5-a114-69a2e7479e2d
2019-07-30 19:54:07,029 INFO  node.SCMNodeManager (SCMNodeManager.java:register(273)) - Registered Data node : c97d87f5-306a-4fd5-a114-69a2e7479e2d{ip: 192.168.69.112, host: byscane-nightly-zbvcj-50276086, networkLocation: /default-rack, certSerialId: null}
2019-07-30 19:54:07,035 INFO  safemode.SCMSafeModeManager (DataNodeSafeModeRule.java:process(71)) - SCM in safe mode. 1 DataNodes registered, 1 required.
2019-07-30 19:54:07,036 INFO  safemode.SCMSafeModeManager (SCMSafeModeManager.java:validateSafeModeExitRules(177)) - ScmSafeModeManager, all rules are successfully validated
2019-07-30 19:54:07,036 INFO  safemode.SCMSafeModeManager (SCMSafeModeManager.java:exitSafeMode(193)) - SCM exiting safe mode.
2019-07-30 19:54:07,212 INFO  net.NetworkTopology (NetworkTopologyImpl.java:add(110)) - Added a new node: /default-rack/9a3a9e8a-f6ac-46f1-8d84-d7973be32798
2019-07-30 19:54:07,213 INFO  node.SCMNodeManager (SCMNodeManager.java:register(273)) - Registered Data node : 9a3a9e8a-f6ac-46f1-8d84-d7973be32798{ip: 192.168.69.112, host: byscane-nightly-zbvcj-50276086, networkLocation: /default-rack, certSerialId: null}
2019-07-30 19:54:07,428 INFO  ozone.MiniOzoneClusterImpl (MiniOzoneClusterImpl.java:lambda$waitForClusterToBeReady$0(142)) - Waiting for cluster to be ready. Got 2 of 3 DN Heartbeats.
2019-07-30 19:54:07,431 INFO  net.NetworkTopology (NetworkTopologyImpl.java:add(110)) - Added a new node: /default-rack/e13ddee0-dbbd-417f-b839-5ac1fff14647
2019-07-30 19:54:07,432 INFO  node.SCMNodeManager (SCMNodeManager.java:register(273)) - Registered Data node : e13ddee0-dbbd-417f-b839-5ac1fff14647{ip: 192.168.69.112, host: byscane-nightly-zbvcj-50276086, networkLocation: /default-rack, certSerialId: null}
2019-07-30 19:54:07,588 INFO  impl.RaftServerProxy (RaftServerProxy.java:addNew(89)) - c97d87f5-306a-4fd5-a114-69a2e7479e2d: addNew group-47AF94D5A36A:[c97d87f5-306a-4fd5-a114-69a2e7479e2d:192.168.69.112:33176] returns group-47AF94D5A36A:java.util.concurrent.CompletableFuture@605aeddf[Not completed]
2019-07-30 19:54:07,606 INFO  impl.RaftServerImpl (RaftServerImpl.java:<init>(93)) - c97d87f5-306a-4fd5-a114-69a2e7479e2d: new RaftServerImpl for group-47AF94D5A36A:[c97d87f5-306a-4fd5-a114-69a2e7479e2d:192.168.69.112:33176] with ContainerStateMachine:uninitialized
2019-07-30 19:54:07,609 INFO  server.RaftServerConfigKeys (ConfUtils.java:logGet(43)) - raft.server.rpc.timeout.min = 5s (custom)
2019-07-30 19:54:07,610 INFO  server.RaftServerConfigKeys (ConfUtils.java:logGet(43)) - raft.server.rpc.timeout.max = 5200ms (custom)
2019-07-30 19:54:07,610 INFO  server.RaftServerConfigKeys (ConfUtils.java:logGet(43)) - raft.server.rpcslowness.timeout = 120s (custom)
2019-07-30 19:54:07,611 INFO  server.RaftServerConfigKeys (ConfUtils.java:logGet(43)) - raft.server.sleep.deviation.threshold = 300 (default)
2019-07-30 19:54:07,612 INFO  server.RaftServerConfigKeys (ConfUtils.java:logGet(43)) - raft.server.log.appender.install.snapshot.enabled = false (custom)
2019-07-30 19:54:07,621 INFO  impl.RaftServerImpl (ServerState.java:<init>(105)) - c97d87f5-306a-4fd5-a114-69a2e7479e2d:group-47AF94D5A36A ConfigurationManager, init=-1: [c97d87f5-306a-4fd5-a114-69a2e7479e2d:192.168.69.112:33176], old=null, confs=<EMPTY_MAP>
2019-07-30 19:54:07,622 INFO  server.RaftServerConfigKeys (ConfUtils.java:logGet(43)) - raft.server.storage.dir = [/workdir/hadoop-ozone/tools/target/test-dir/MiniOzoneClusterImpl-a3dc378c-a728-42de-a732-9931f4baf336/datanode-0/data/ratis] (custom)
2019-07-30 19:54:07,631 INFO  storage.RaftStorageDirectory (RaftStorageDirectory.java:analyzeStorage(246)) - The storage directory /workdir/hadoop-ozone/tools/target/test-dir/MiniOzoneClusterImpl-a3dc378c-a728-42de-a732-9931f4baf336/datanode-0/data/ratis/71ef2d70-777f-4795-a038-47af94d5a36a does not exist. Creating ...
2019-07-30 19:54:07,641 INFO  storage.RaftStorageDirectory (RaftStorageDirectory.java:tryLock(328)) - Lock on /workdir/hadoop-ozone/tools/target/test-dir/MiniOzoneClusterImpl-a3dc378c-a728-42de-a732-9931f4baf336/datanode-0/data/ratis/71ef2d70-777f-4795-a038-47af94d5a36a/in_use.lock acquired by nodename 22566@byscane-nightly-zbvcj-50276086
2019-07-30 19:54:07,649 INFO  storage.RaftStorage (RaftStorage.java:format(72)) - Storage directory /workdir/hadoop-ozone/tools/target/test-dir/MiniOzoneClusterImpl-a3dc378c-a728-42de-a732-9931f4baf336/datanode-0/data/ratis/71ef2d70-777f-4795-a038-47af94d5a36a has been successfully formatted.
2019-07-30 19:54:07,653 INFO  ratis.ContainerStateMachine (ContainerStateMachine.java:loadSnapshot(213)) - group-47AF94D5A36A: The snapshot info is null. Setting the last applied indexto:(t:0, i:~)
2019-07-30 19:54:07,653 INFO  server.RaftServerConfigKeys (ConfUtils.java:logGet(43)) - raft.server.leader.election.timeout = 120s (custom)
2019-07-30 19:54:07,656 INFO  server.RaftServerConfigKeys (ConfUtils.java:logGet(43)) - raft.server.log.use.memory = false (default)
2019-07-30 19:54:07,664 INFO  server.RaftServerConfigKeys (ConfUtils.java:logGet(43)) - raft.server.log.purge.gap = 1000000000 (custom)
2019-07-30 19:54:07,664 INFO  server.RaftServerConfigKeys (ConfUtils.java:logGet(43)) - raft.server.log.appender.buffer.byte-limit = 33554432 (custom)
2019-07-30 19:54:07,667 INFO  server.RaftServerConfigKeys (ConfUtils.java:logGet(43)) - raft.server.log.segment.size.max = 1048576 (custom)
2019-07-30 19:54:07,673 INFO  server.RaftServerConfigKeys (ConfUtils.java:logGet(43)) - raft.server.log.segment.cache.num.max = 2 (custom)
2019-07-30 19:54:07,681 INFO  segmented.SegmentedRaftLogWorker (SegmentedRaftLogWorker.java:<init>(172)) - new c97d87f5-306a-4fd5-a114-69a2e7479e2d-SegmentedRaftLogWorker:Storage Directory /workdir/hadoop-ozone/tools/target/test-dir/MiniOzoneClusterImpl-a3dc378c-a728-42de-a732-9931f4baf336/datanode-0/data/ratis/71ef2d70-777f-4795-a038-47af94d5a36a for RaftStorage:Storage Directory /workdir/hadoop-ozone/tools/target/test-dir/MiniOzoneClusterImpl-a3dc378c-a728-42de-a732-9931f4baf336/datanode-0/data/ratis/71ef2d70-777f-4795-a038-47af94d5a36a
2019-07-30 19:54:07,699 INFO  server.RaftServerConfigKeys (ConfUtils.java:logGet(43)) - raft.server.log.queue.byte-limit = 2147483647 (custom)
2019-07-30 19:54:07,699 INFO  server.RaftServerConfigKeys (ConfUtils.java:logGet(43)) - raft.server.log.queue.element-limit = 1024 (custom)
2019-07-30 19:54:07,706 INFO  server.RaftServerConfigKeys (ConfUtils.java:logGet(43)) - raft.server.log.segment.size.max = 1048576 (custom)
2019-07-30 19:54:07,706 INFO  server.RaftServerConfigKeys (ConfUtils.java:logGet(43)) - raft.server.log.preallocated.size = 16384 (custom)
2019-07-30 19:54:07,707 INFO  server.RaftServerConfigKeys (ConfUtils.java:logGet(43)) - raft.server.log.write.buffer.size = 33554432 (custom)
2019-07-30 19:54:07,708 INFO  server.RaftServerConfigKeys (ConfUtils.java:logGet(43)) - raft.server.log.force.sync.num = 128 (default)
2019-07-30 19:54:07,709 INFO  server.RaftServerConfigKeys (ConfUtils.java:logGet(43)) - raft.server.log.statemachine.data.sync = true (default)
2019-07-30 19:54:07,709 INFO  server.RaftServerConfigKeys (ConfUtils.java:logGet(43)) - raft.server.log.statemachine.data.sync.timeout = 10s (default)
2019-07-30 19:54:07,710 INFO  server.RaftServerConfigKeys (ConfUtils.java:logGet(43)) - raft.server.log.statemachine.data.sync.timeout.retry = -1 (default)
2019-07-30 19:54:07,723 INFO  server.RaftServerConfigKeys (ConfUtils.java:logGet(43)) - raft.server.log.statemachine.data.caching.enabled = true (custom)
2019-07-30 19:54:07,728 INFO  segmented.SegmentedRaftLogWorker (SegmentedRaftLogWorker.java:lambda$new$0(132)) - c97d87f5-306a-4fd5-a114-69a2e7479e2d-SegmentedRaftLogWorker:Storage Directory /workdir/hadoop-ozone/tools/target/test-dir/MiniOzoneClusterImpl-a3dc378c-a728-42de-a732-9931f4baf336/datanode-0/data/ratis/71ef2d70-777f-4795-a038-47af94d5a36a: flushIndex: setUnconditionally 0 -> -1
2019-07-30 19:54:07,732 INFO  server.RaftServerConfigKeys (ConfUtils.java:logGet(43)) - raft.server.snapshot.auto.trigger.enabled = true (custom)
2019-07-30 19:54:07,733 INFO  server.RaftServerConfigKeys (ConfUtils.java:logGet(43)) - raft.server.snapshot.auto.trigger.threshold = 10000 (custom)
2019-07-30 19:54:07,734 INFO  server.RaftServerConfigKeys (ConfUtils.java:logGet(43)) - raft.server.retrycache.expirytime = 600000ms (custom)
2019-07-30 19:54:08,036 INFO  impl.RaftServerImpl (RaftServerImpl.java:start(180)) - c97d87f5-306a-4fd5-a114-69a2e7479e2d: start group-47AF94D5A36A
2019-07-30 19:54:08,038 INFO  impl.RaftServerImpl (RaftServerImpl.java:setRole(171)) - c97d87f5-306a-4fd5-a114-69a2e7479e2d:group-47AF94D5A36A changes role from null to FOLLOWER at term 0 for startAsFollower
2019-07-30 19:54:08,039 INFO  impl.RoleInfo (RoleInfo.java:updateAndGet(143)) - c97d87f5-306a-4fd5-a114-69a2e7479e2d: start FollowerState
2019-07-30 19:54:08,042 INFO  util.JmxRegister (JmxRegister.java:tryRegister(44)) - Successfully registered JMX Bean with object name Ratis:service=RaftServer,group=group-47AF94D5A36A,id=c97d87f5-306a-4fd5-a114-69a2e7479e2d
2019-07-30 19:54:08,104 INFO  pipeline.PipelineStateManager (PipelineStateManager.java:addPipeline(56)) - Created pipeline Pipeline[ Id: 71ef2d70-777f-4795-a038-47af94d5a36a, Nodes: c97d87f5-306a-4fd5-a114-69a2e7479e2d{ip: 192.168.69.112, host: byscane-nightly-zbvcj-50276086, networkLocation: /default-rack, certSerialId: null}, Type:RATIS, Factor:ONE, State:OPEN]
2019-07-30 19:54:08,123 INFO  impl.RaftServerProxy (RaftServerProxy.java:addNew(89)) - e13ddee0-dbbd-417f-b839-5ac1fff14647: addNew group-E461EF3B461A:[e13ddee0-dbbd-417f-b839-5ac1fff14647:192.168.69.112:40697] returns group-E461EF3B461A:java.util.concurrent.CompletableFuture@4f473431[Not completed]
2019-07-30 19:54:08,148 INFO  impl.RaftServerImpl (RaftServerImpl.java:<init>(93)) - e13ddee0-dbbd-417f-b839-5ac1fff14647: new RaftServerImpl for group-E461EF3B461A:[e13ddee0-dbbd-417f-b839-5ac1fff14647:192.168.69.112:40697] with ContainerStateMachine:uninitialized
2019-07-30 19:54:08,150 INFO  server.RaftServerConfigKeys (ConfUtils.java:logGet(43)) - raft.server.rpc.timeout.min = 5s (custom)
2019-07-30 19:54:08,150 INFO  server.RaftServerConfigKeys (ConfUtils.java:logGet(43)) - raft.server.rpc.timeout.max = 5200ms (custom)
2019-07-30 19:54:08,151 INFO  server.RaftServerConfigKeys (ConfUtils.java:logGet(43)) - raft.server.rpcslowness.timeout = 120s (custom)
2019-07-30 19:54:08,151 INFO  server.RaftServerConfigKeys (ConfUtils.java:logGet(43)) - raft.server.sleep.deviation.threshold = 300 (default)
2019-07-30 19:54:08,151 INFO  server.RaftServerConfigKeys (ConfUtils.java:logGet(43)) - raft.server.log.appender.install.snapshot.enabled = false (custom)
2019-07-30 19:54:08,151 INFO  impl.RaftServerImpl (ServerState.java:<init>(105)) - e13ddee0-dbbd-417f-b839-5ac1fff14647:group-E461EF3B461A ConfigurationManager, init=-1: [e13ddee0-dbbd-417f-b839-5ac1fff14647:192.168.69.112:40697], old=null, confs=<EMPTY_MAP>
2019-07-30 19:54:08,151 INFO  server.RaftServerConfigKeys (ConfUtils.java:logGet(43)) - raft.server.storage.dir = [/workdir/hadoop-ozone/tools/target/test-dir/MiniOzoneClusterImpl-a3dc378c-a728-42de-a732-9931f4baf336/datanode-2/data/ratis] (custom)
2019-07-30 19:54:08,152 INFO  storage.RaftStorageDirectory (RaftStorageDirectory.java:analyzeStorage(246)) - The storage directory /workdir/hadoop-ozone/tools/target/test-dir/MiniOzoneClusterImpl-a3dc378c-a728-42de-a732-9931f4baf336/datanode-2/data/ratis/d2ee1b42-d4cc-45e0-92a0-e461ef3b461a does not exist. Creating ...
2019-07-30 19:54:08,167 INFO  storage.RaftStorageDirectory (RaftStorageDirectory.java:tryLock(328)) - Lock on /workdir/hadoop-ozone/tools/target/test-dir/MiniOzoneClusterImpl-a3dc378c-a728-42de-a732-9931f4baf336/datanode-2/data/ratis/d2ee1b42-d4cc-45e0-92a0-e461ef3b461a/in_use.lock acquired by nodename 22566@byscane-nightly-zbvcj-50276086
2019-07-30 19:54:08,180 INFO  storage.RaftStorage (RaftStorage.java:format(72)) - Storage directory /workdir/hadoop-ozone/tools/target/test-dir/MiniOzoneClusterImpl-a3dc378c-a728-42de-a732-9931f4baf336/datanode-2/data/ratis/d2ee1b42-d4cc-45e0-92a0-e461ef3b461a has been successfully formatted.
2019-07-30 19:54:08,181 INFO  ratis.ContainerStateMachine (ContainerStateMachine.java:loadSnapshot(213)) - group-E461EF3B461A: The snapshot info is null. Setting the last applied indexto:(t:0, i:~)
2019-07-30 19:54:08,183 INFO  server.RaftServerConfigKeys (ConfUtils.java:logGet(43)) - raft.server.leader.election.timeout = 120s (custom)
2019-07-30 19:54:08,183 INFO  server.RaftServerConfigKeys (ConfUtils.java:logGet(43)) - raft.server.log.use.memory = false (default)
2019-07-30 19:54:08,183 INFO  server.RaftServerConfigKeys (ConfUtils.java:logGet(43)) - raft.server.log.purge.gap = 1000000000 (custom)
2019-07-30 19:54:08,183 INFO  server.RaftServerConfigKeys (ConfUtils.java:logGet(43)) - raft.server.log.appender.buffer.byte-limit = 33554432 (custom)
2019-07-30 19:54:08,183 INFO  server.RaftServerConfigKeys (ConfUtils.java:logGet(43)) - raft.server.log.segment.size.max = 1048576 (custom)
2019-07-30 19:54:08,184 INFO  server.RaftServerConfigKeys (ConfUtils.java:logGet(43)) - raft.server.log.segment.cache.num.max = 2 (custom)
2019-07-30 19:54:08,184 INFO  segmented.SegmentedRaftLogWorker (SegmentedRaftLogWorker.java:<init>(172)) - new e13ddee0-dbbd-417f-b839-5ac1fff14647-SegmentedRaftLogWorker:Storage Directory /workdir/hadoop-ozone/tools/target/test-dir/MiniOzoneClusterImpl-a3dc378c-a728-42de-a732-9931f4baf336/datanode-2/data/ratis/d2ee1b42-d4cc-45e0-92a0-e461ef3b461a for RaftStorage:Storage Directory /workdir/hadoop-ozone/tools/target/test-dir/MiniOzoneClusterImpl-a3dc378c-a728-42de-a732-9931f4baf336/datanode-2/data/ratis/d2ee1b42-d4cc-45e0-92a0-e461ef3b461a
2019-07-30 19:54:08,185 INFO  server.RaftServerConfigKeys (ConfUtils.java:logGet(43)) - raft.server.log.queue.byte-limit = 2147483647 (custom)
2019-07-30 19:54:08,185 INFO  server.RaftServerConfigKeys (ConfUtils.java:logGet(43)) - raft.server.log.queue.element-limit = 1024 (custom)
2019-07-30 19:54:08,186 INFO  server.RaftServerConfigKeys (ConfUtils.java:logGet(43)) - raft.server.log.segment.size.max = 1048576 (custom)
2019-07-30 19:54:08,186 INFO  server.RaftServerConfigKeys (ConfUtils.java:logGet(43)) - raft.server.log.preallocated.size = 16384 (custom)
2019-07-30 19:54:08,186 INFO  server.RaftServerConfigKeys (ConfUtils.java:logGet(43)) - raft.server.log.write.buffer.size = 33554432 (custom)
2019-07-30 19:54:08,186 INFO  server.RaftServerConfigKeys (ConfUtils.java:logGet(43)) - raft.server.log.force.sync.num = 128 (default)
2019-07-30 19:54:08,187 INFO  server.RaftServerConfigKeys (ConfUtils.java:logGet(43)) - raft.server.log.statemachine.data.sync = true (default)
2019-07-30 19:54:08,187 INFO  server.RaftServerConfigKeys (ConfUtils.java:logGet(43)) - raft.server.log.statemachine.data.sync.timeout = 10s (default)
2019-07-30 19:54:08,187 INFO  server.RaftServerConfigKeys (ConfUtils.java:logGet(43)) - raft.server.log.statemachine.data.sync.timeout.retry = -1 (default)
2019-07-30 19:54:08,187 INFO  server.RaftServerConfigKeys (ConfUtils.java:logGet(43)) - raft.server.log.statemachine.data.caching.enabled = true (custom)
2019-07-30 19:54:08,188 INFO  segmented.SegmentedRaftLogWorker (SegmentedRaftLogWorker.java:lambda$new$0(132)) - e13ddee0-dbbd-417f-b839-5ac1fff14647-SegmentedRaftLogWorker:Storage Directory /workdir/hadoop-ozone/tools/target/test-dir/MiniOzoneClusterImpl-a3dc378c-a728-42de-a732-9931f4baf336/datanode-2/data/ratis/d2ee1b42-d4cc-45e0-92a0-e461ef3b461a: flushIndex: setUnconditionally 0 -> -1
2019-07-30 19:54:08,188 INFO  server.RaftServerConfigKeys (ConfUtils.java:logGet(43)) - raft.server.snapshot.auto.trigger.enabled = true (custom)
2019-07-30 19:54:08,188 INFO  server.RaftServerConfigKeys (ConfUtils.java:logGet(43)) - raft.server.snapshot.auto.trigger.threshold = 10000 (custom)
2019-07-30 19:54:08,189 INFO  server.RaftServerConfigKeys (ConfUtils.java:logGet(43)) - raft.server.retrycache.expirytime = 600000ms (custom)
2019-07-30 19:54:08,189 INFO  impl.RaftServerImpl (RaftServerImpl.java:start(180)) - e13ddee0-dbbd-417f-b839-5ac1fff14647: start group-E461EF3B461A
2019-07-30 19:54:08,189 INFO  impl.RaftServerImpl (RaftServerImpl.java:setRole(171)) - e13ddee0-dbbd-417f-b839-5ac1fff14647:group-E461EF3B461A changes role from null to FOLLOWER at term 0 for startAsFollower
2019-07-30 19:54:08,190 INFO  impl.RoleInfo (RoleInfo.java:updateAndGet(143)) - e13ddee0-dbbd-417f-b839-5ac1fff14647: start FollowerState
2019-07-30 19:54:08,191 INFO  util.JmxRegister (JmxRegister.java:tryRegister(44)) - Successfully registered JMX Bean with object name Ratis:service=RaftServer,group=group-E461EF3B461A,id=e13ddee0-dbbd-417f-b839-5ac1fff14647
2019-07-30 19:54:08,206 INFO  pipeline.PipelineStateManager (PipelineStateManager.java:addPipeline(56)) - Created pipeline Pipeline[ Id: d2ee1b42-d4cc-45e0-92a0-e461ef3b461a, Nodes: e13ddee0-dbbd-417f-b839-5ac1fff14647{ip: 192.168.69.112, host: byscane-nightly-zbvcj-50276086, networkLocation: /default-rack, certSerialId: null}, Type:RATIS, Factor:ONE, State:OPEN]
2019-07-30 19:54:08,225 INFO  impl.RaftServerProxy (RaftServerProxy.java:addNew(89)) - 9a3a9e8a-f6ac-46f1-8d84-d7973be32798: addNew group-D63427020D17:[9a3a9e8a-f6ac-46f1-8d84-d7973be32798:192.168.69.112:43493] returns group-D63427020D17:java.util.concurrent.CompletableFuture@4efe893e[Not completed]
2019-07-30 19:54:08,232 INFO  impl.RaftServerImpl (RaftServerImpl.java:<init>(93)) - 9a3a9e8a-f6ac-46f1-8d84-d7973be32798: new RaftServerImpl for group-D63427020D17:[9a3a9e8a-f6ac-46f1-8d84-d7973be32798:192.168.69.112:43493] with ContainerStateMachine:uninitialized
2019-07-30 19:54:08,233 INFO  server.RaftServerConfigKeys (ConfUtils.java:logGet(43)) - raft.server.rpc.timeout.min = 5s (custom)
2019-07-30 19:54:08,233 INFO  server.RaftServerConfigKeys (ConfUtils.java:logGet(43)) - raft.server.rpc.timeout.max = 5200ms (custom)
2019-07-30 19:54:08,233 INFO  server.RaftServerConfigKeys (ConfUtils.java:logGet(43)) - raft.server.rpcslowness.timeout = 120s (custom)
2019-07-30 19:54:08,233 INFO  server.RaftServerConfigKeys (ConfUtils.java:logGet(43)) - raft.server.sleep.deviation.threshold = 300 (default)
2019-07-30 19:54:08,234 INFO  server.RaftServerConfigKeys (ConfUtils.java:logGet(43)) - raft.server.log.appender.install.snapshot.enabled = false (custom)
2019-07-30 19:54:08,234 INFO  impl.RaftServerImpl (ServerState.java:<init>(105)) - 9a3a9e8a-f6ac-46f1-8d84-d7973be32798:group-D63427020D17 ConfigurationManager, init=-1: [9a3a9e8a-f6ac-46f1-8d84-d7973be32798:192.168.69.112:43493], old=null, confs=<EMPTY_MAP>
2019-07-30 19:54:08,234 INFO  server.RaftServerConfigKeys (ConfUtils.java:logGet(43)) - raft.server.storage.dir = [/workdir/hadoop-ozone/tools/target/test-dir/MiniOzoneClusterImpl-a3dc378c-a728-42de-a732-9931f4baf336/datanode-1/data/ratis] (custom)
2019-07-30 19:54:08,235 INFO  storage.RaftStorageDirectory (RaftStorageDirectory.java:analyzeStorage(246)) - The storage directory /workdir/hadoop-ozone/tools/target/test-dir/MiniOzoneClusterImpl-a3dc378c-a728-42de-a732-9931f4baf336/datanode-1/data/ratis/200265b8-af2d-443c-aeff-d63427020d17 does not exist. Creating ...
2019-07-30 19:54:08,249 INFO  storage.RaftStorageDirectory (RaftStorageDirectory.java:tryLock(328)) - Lock on /workdir/hadoop-ozone/tools/target/test-dir/MiniOzoneClusterImpl-a3dc378c-a728-42de-a732-9931f4baf336/datanode-1/data/ratis/200265b8-af2d-443c-aeff-d63427020d17/in_use.lock acquired by nodename 22566@byscane-nightly-zbvcj-50276086
2019-07-30 19:54:08,262 INFO  storage.RaftStorage (RaftStorage.java:format(72)) - Storage directory /workdir/hadoop-ozone/tools/target/test-dir/MiniOzoneClusterImpl-a3dc378c-a728-42de-a732-9931f4baf336/datanode-1/data/ratis/200265b8-af2d-443c-aeff-d63427020d17 has been successfully formatted.
2019-07-30 19:54:08,262 INFO  ratis.ContainerStateMachine (ContainerStateMachine.java:loadSnapshot(213)) - group-D63427020D17: The snapshot info is null. Setting the last applied indexto:(t:0, i:~)
2019-07-30 19:54:08,263 INFO  server.RaftServerConfigKeys (ConfUtils.java:logGet(43)) - raft.server.leader.election.timeout = 120s (custom)
2019-07-30 19:54:08,263 INFO  server.RaftServerConfigKeys (ConfUtils.java:logGet(43)) - raft.server.log.use.memory = false (default)
2019-07-30 19:54:08,263 INFO  server.RaftServerConfigKeys (ConfUtils.java:logGet(43)) - raft.server.log.purge.gap = 1000000000 (custom)
2019-07-30 19:54:08,263 INFO  server.RaftServerConfigKeys (ConfUtils.java:logGet(43)) - raft.server.log.appender.buffer.byte-limit = 33554432 (custom)
2019-07-30 19:54:08,263 INFO  server.RaftServerConfigKeys (ConfUtils.java:logGet(43)) - raft.server.log.segment.size.max = 1048576 (custom)
2019-07-30 19:54:08,264 INFO  server.RaftServerConfigKeys (ConfUtils.java:logGet(43)) - raft.server.log.segment.cache.num.max = 2 (custom)
2019-07-30 19:54:08,264 INFO  segmented.SegmentedRaftLogWorker (SegmentedRaftLogWorker.java:<init>(172)) - new 9a3a9e8a-f6ac-46f1-8d84-d7973be32798-SegmentedRaftLogWorker:Storage Directory /workdir/hadoop-ozone/tools/target/test-dir/MiniOzoneClusterImpl-a3dc378c-a728-42de-a732-9931f4baf336/datanode-1/data/ratis/200265b8-af2d-443c-aeff-d63427020d17 for RaftStorage:Storage Directory /workdir/hadoop-ozone/tools/target/test-dir/MiniOzoneClusterImpl-a3dc378c-a728-42de-a732-9931f4baf336/datanode-1/data/ratis/200265b8-af2d-443c-aeff-d63427020d17
2019-07-30 19:54:08,264 INFO  server.RaftServerConfigKeys (ConfUtils.java:logGet(43)) - raft.server.log.queue.byte-limit = 2147483647 (custom)
2019-07-30 19:54:08,264 INFO  server.RaftServerConfigKeys (ConfUtils.java:logGet(43)) - raft.server.log.queue.element-limit = 1024 (custom)
2019-07-30 19:54:08,265 INFO  server.RaftServerConfigKeys (ConfUtils.java:logGet(43)) - raft.server.log.segment.size.max = 1048576 (custom)
2019-07-30 19:54:08,265 INFO  server.RaftServerConfigKeys (ConfUtils.java:logGet(43)) - raft.server.log.preallocated.size = 16384 (custom)
2019-07-30 19:54:08,265 INFO  server.RaftServerConfigKeys (ConfUtils.java:logGet(43)) - raft.server.log.write.buffer.size = 33554432 (custom)
2019-07-30 19:54:08,265 INFO  server.RaftServerConfigKeys (ConfUtils.java:logGet(43)) - raft.server.log.force.sync.num = 128 (default)
2019-07-30 19:54:08,266 INFO  server.RaftServerConfigKeys (ConfUtils.java:logGet(43)) - raft.server.log.statemachine.data.sync = true (default)
2019-07-30 19:54:08,266 INFO  server.RaftServerConfigKeys (ConfUtils.java:logGet(43)) - raft.server.log.statemachine.data.sync.timeout = 10s (default)
2019-07-30 19:54:08,266 INFO  server.RaftServerConfigKeys (ConfUtils.java:logGet(43)) - raft.server.log.statemachine.data.sync.timeout.retry = -1 (default)
2019-07-30 19:54:08,267 INFO  server.RaftServerConfigKeys (ConfUtils.java:logGet(43)) - raft.server.log.statemachine.data.caching.enabled = true (custom)
2019-07-30 19:54:08,267 INFO  segmented.SegmentedRaftLogWorker (SegmentedRaftLogWorker.java:lambda$new$0(132)) - 9a3a9e8a-f6ac-46f1-8d84-d7973be32798-SegmentedRaftLogWorker:Storage Directory /workdir/hadoop-ozone/tools/target/test-dir/MiniOzoneClusterImpl-a3dc378c-a728-42de-a732-9931f4baf336/datanode-1/data/ratis/200265b8-af2d-443c-aeff-d63427020d17: flushIndex: setUnconditionally 0 -> -1
2019-07-30 19:54:08,267 INFO  server.RaftServerConfigKeys (ConfUtils.java:logGet(43)) - raft.server.snapshot.auto.trigger.enabled = true (custom)
2019-07-30 19:54:08,268 INFO  server.RaftServerConfigKeys (ConfUtils.java:logGet(43)) - raft.server.snapshot.auto.trigger.threshold = 10000 (custom)
2019-07-30 19:54:08,268 INFO  server.RaftServerConfigKeys (ConfUtils.java:logGet(43)) - raft.server.retrycache.expirytime = 600000ms (custom)
2019-07-30 19:54:08,268 INFO  impl.RaftServerImpl (RaftServerImpl.java:start(180)) - 9a3a9e8a-f6ac-46f1-8d84-d7973be32798: start group-D63427020D17
2019-07-30 19:54:08,268 INFO  impl.RaftServerImpl (RaftServerImpl.java:setRole(171)) - 9a3a9e8a-f6ac-46f1-8d84-d7973be32798:group-D63427020D17 changes role from null to FOLLOWER at term 0 for startAsFollower
2019-07-30 19:54:08,269 INFO  impl.RoleInfo (RoleInfo.java:updateAndGet(143)) - 9a3a9e8a-f6ac-46f1-8d84-d7973be32798: start FollowerState
2019-07-30 19:54:08,269 INFO  util.JmxRegister (JmxRegister.java:tryRegister(44)) - Successfully registered JMX Bean with object name Ratis:service=RaftServer,group=group-D63427020D17,id=9a3a9e8a-f6ac-46f1-8d84-d7973be32798
2019-07-30 19:54:08,281 INFO  pipeline.PipelineStateManager (PipelineStateManager.java:addPipeline(56)) - Created pipeline Pipeline[ Id: 200265b8-af2d-443c-aeff-d63427020d17, Nodes: 9a3a9e8a-f6ac-46f1-8d84-d7973be32798{ip: 192.168.69.112, host: byscane-nightly-zbvcj-50276086, networkLocation: /default-rack, certSerialId: null}, Type:RATIS, Factor:ONE, State:OPEN]
2019-07-30 19:54:08,324 INFO  impl.RaftServerProxy (RaftServerProxy.java:addNew(89)) - 9a3a9e8a-f6ac-46f1-8d84-d7973be32798: addNew group-44F8C4956390:[e13ddee0-dbbd-417f-b839-5ac1fff14647:192.168.69.112:40697, c97d87f5-306a-4fd5-a114-69a2e7479e2d:192.168.69.112:33176, 9a3a9e8a-f6ac-46f1-8d84-d7973be32798:192.168.69.112:43493] returns group-44F8C4956390:java.util.concurrent.CompletableFuture@783cd755[Not completed]
2019-07-30 19:54:08,326 INFO  impl.RaftServerProxy (RaftServerProxy.java:addNew(89)) - c97d87f5-306a-4fd5-a114-69a2e7479e2d: addNew group-44F8C4956390:[e13ddee0-dbbd-417f-b839-5ac1fff14647:192.168.69.112:40697, c97d87f5-306a-4fd5-a114-69a2e7479e2d:192.168.69.112:33176, 9a3a9e8a-f6ac-46f1-8d84-d7973be32798:192.168.69.112:43493] returns group-44F8C4956390:java.util.concurrent.CompletableFuture@13982657[Not completed]
2019-07-30 19:54:08,326 INFO  impl.RaftServerProxy (RaftServerProxy.java:addNew(89)) - e13ddee0-dbbd-417f-b839-5ac1fff14647: addNew group-44F8C4956390:[e13ddee0-dbbd-417f-b839-5ac1fff14647:192.168.69.112:40697, c97d87f5-306a-4fd5-a114-69a2e7479e2d:192.168.69.112:33176, 9a3a9e8a-f6ac-46f1-8d84-d7973be32798:192.168.69.112:43493] returns group-44F8C4956390:java.util.concurrent.CompletableFuture@3901dd6e[Not completed]
2019-07-30 19:54:08,327 INFO  impl.RaftServerImpl (RaftServerImpl.java:<init>(93)) - 9a3a9e8a-f6ac-46f1-8d84-d7973be32798: new RaftServerImpl for group-44F8C4956390:[e13ddee0-dbbd-417f-b839-5ac1fff14647:192.168.69.112:40697, c97d87f5-306a-4fd5-a114-69a2e7479e2d:192.168.69.112:33176, 9a3a9e8a-f6ac-46f1-8d84-d7973be32798:192.168.69.112:43493] with ContainerStateMachine:uninitialized
2019-07-30 19:54:08,328 INFO  server.RaftServerConfigKeys (ConfUtils.java:logGet(43)) - raft.server.rpc.timeout.min = 5s (custom)
2019-07-30 19:54:08,328 INFO  server.RaftServerConfigKeys (ConfUtils.java:logGet(43)) - raft.server.rpc.timeout.max = 5200ms (custom)
2019-07-30 19:54:08,328 INFO  server.RaftServerConfigKeys (ConfUtils.java:logGet(43)) - raft.server.rpcslowness.timeout = 120s (custom)
2019-07-30 19:54:08,328 INFO  server.RaftServerConfigKeys (ConfUtils.java:logGet(43)) - raft.server.sleep.deviation.threshold = 300 (default)
2019-07-30 19:54:08,328 INFO  impl.RaftServerImpl (RaftServerImpl.java:<init>(93)) - e13ddee0-dbbd-417f-b839-5ac1fff14647: new RaftServerImpl for group-44F8C4956390:[e13ddee0-dbbd-417f-b839-5ac1fff14647:192.168.69.112:40697, c97d87f5-306a-4fd5-a114-69a2e7479e2d:192.168.69.112:33176, 9a3a9e8a-f6ac-46f1-8d84-d7973be32798:192.168.69.112:43493] with ContainerStateMachine:uninitialized
2019-07-30 19:54:08,329 INFO  server.RaftServerConfigKeys (ConfUtils.java:logGet(43)) - raft.server.log.appender.install.snapshot.enabled = false (custom)
2019-07-30 19:54:08,329 INFO  server.RaftServerConfigKeys (ConfUtils.java:logGet(43)) - raft.server.rpc.timeout.min = 5s (custom)
2019-07-30 19:54:08,329 INFO  impl.RaftServerImpl (ServerState.java:<init>(105)) - 9a3a9e8a-f6ac-46f1-8d84-d7973be32798:group-44F8C4956390 ConfigurationManager, init=-1: [e13ddee0-dbbd-417f-b839-5ac1fff14647:192.168.69.112:40697, c97d87f5-306a-4fd5-a114-69a2e7479e2d:192.168.69.112:33176, 9a3a9e8a-f6ac-46f1-8d84-d7973be32798:192.168.69.112:43493], old=null, confs=<EMPTY_MAP>
2019-07-30 19:54:08,329 INFO  server.RaftServerConfigKeys (ConfUtils.java:logGet(43)) - raft.server.rpc.timeout.max = 5200ms (custom)
2019-07-30 19:54:08,329 INFO  server.RaftServerConfigKeys (ConfUtils.java:logGet(43)) - raft.server.storage.dir = [/workdir/hadoop-ozone/tools/target/test-dir/MiniOzoneClusterImpl-a3dc378c-a728-42de-a732-9931f4baf336/datanode-1/data/ratis] (custom)
2019-07-30 19:54:08,330 INFO  server.RaftServerConfigKeys (ConfUtils.java:logGet(43)) - raft.server.rpcslowness.timeout = 120s (custom)
2019-07-30 19:54:08,330 INFO  impl.RaftServerImpl (RaftServerImpl.java:<init>(93)) - c97d87f5-306a-4fd5-a114-69a2e7479e2d: new RaftServerImpl for group-44F8C4956390:[e13ddee0-dbbd-417f-b839-5ac1fff14647:192.168.69.112:40697, c97d87f5-306a-4fd5-a114-69a2e7479e2d:192.168.69.112:33176, 9a3a9e8a-f6ac-46f1-8d84-d7973be32798:192.168.69.112:43493] with ContainerStateMachine:uninitialized
2019-07-30 19:54:08,330 INFO  server.RaftServerConfigKeys (ConfUtils.java:logGet(43)) - raft.server.sleep.deviation.threshold = 300 (default)
2019-07-30 19:54:08,330 INFO  server.RaftServerConfigKeys (ConfUtils.java:logGet(43)) - raft.server.rpc.timeout.min = 5s (custom)
2019-07-30 19:54:08,330 INFO  storage.RaftStorageDirectory (RaftStorageDirectory.java:analyzeStorage(246)) - The storage directory /workdir/hadoop-ozone/tools/target/test-dir/MiniOzoneClusterImpl-a3dc378c-a728-42de-a732-9931f4baf336/datanode-1/data/ratis/0b1841a0-ef75-449d-95cb-44f8c4956390 does not exist. Creating ...
2019-07-30 19:54:08,331 INFO  server.RaftServerConfigKeys (ConfUtils.java:logGet(43)) - raft.server.rpc.timeout.max = 5200ms (custom)
2019-07-30 19:54:08,330 INFO  server.RaftServerConfigKeys (ConfUtils.java:logGet(43)) - raft.server.log.appender.install.snapshot.enabled = false (custom)
2019-07-30 19:54:08,331 INFO  server.RaftServerConfigKeys (ConfUtils.java:logGet(43)) - raft.server.rpcslowness.timeout = 120s (custom)
2019-07-30 19:54:08,331 INFO  impl.RaftServerImpl (ServerState.java:<init>(105)) - e13ddee0-dbbd-417f-b839-5ac1fff14647:group-44F8C4956390 ConfigurationManager, init=-1: [e13ddee0-dbbd-417f-b839-5ac1fff14647:192.168.69.112:40697, c97d87f5-306a-4fd5-a114-69a2e7479e2d:192.168.69.112:33176, 9a3a9e8a-f6ac-46f1-8d84-d7973be32798:192.168.69.112:43493], old=null, confs=<EMPTY_MAP>
2019-07-30 19:54:08,331 INFO  server.RaftServerConfigKeys (ConfUtils.java:logGet(43)) - raft.server.sleep.deviation.threshold = 300 (default)
2019-07-30 19:54:08,332 INFO  server.RaftServerConfigKeys (ConfUtils.java:logGet(43)) - raft.server.storage.dir = [/workdir/hadoop-ozone/tools/target/test-dir/MiniOzoneClusterImpl-a3dc378c-a728-42de-a732-9931f4baf336/datanode-2/data/ratis] (custom)
2019-07-30 19:54:08,332 INFO  server.RaftServerConfigKeys (ConfUtils.java:logGet(43)) - raft.server.log.appender.install.snapshot.enabled = false (custom)
2019-07-30 19:54:08,332 INFO  impl.RaftServerImpl (ServerState.java:<init>(105)) - c97d87f5-306a-4fd5-a114-69a2e7479e2d:group-44F8C4956390 ConfigurationManager, init=-1: [e13ddee0-dbbd-417f-b839-5ac1fff14647:192.168.69.112:40697, c97d87f5-306a-4fd5-a114-69a2e7479e2d:192.168.69.112:33176, 9a3a9e8a-f6ac-46f1-8d84-d7973be32798:192.168.69.112:43493], old=null, confs=<EMPTY_MAP>
2019-07-30 19:54:08,332 INFO  storage.RaftStorageDirectory (RaftStorageDirectory.java:analyzeStorage(246)) - The storage directory /workdir/hadoop-ozone/tools/target/test-dir/MiniOzoneClusterImpl-a3dc378c-a728-42de-a732-9931f4baf336/datanode-2/data/ratis/0b1841a0-ef75-449d-95cb-44f8c4956390 does not exist. Creating ...
2019-07-30 19:54:08,333 INFO  server.RaftServerConfigKeys (ConfUtils.java:logGet(43)) - raft.server.storage.dir = [/workdir/hadoop-ozone/tools/target/test-dir/MiniOzoneClusterImpl-a3dc378c-a728-42de-a732-9931f4baf336/datanode-0/data/ratis] (custom)
2019-07-30 19:54:08,333 INFO  storage.RaftStorageDirectory (RaftStorageDirectory.java:analyzeStorage(246)) - The storage directory /workdir/hadoop-ozone/tools/target/test-dir/MiniOzoneClusterImpl-a3dc378c-a728-42de-a732-9931f4baf336/datanode-0/data/ratis/0b1841a0-ef75-449d-95cb-44f8c4956390 does not exist. Creating ...
2019-07-30 19:54:08,345 INFO  storage.RaftStorageDirectory (RaftStorageDirectory.java:tryLock(328)) - Lock on /workdir/hadoop-ozone/tools/target/test-dir/MiniOzoneClusterImpl-a3dc378c-a728-42de-a732-9931f4baf336/datanode-2/data/ratis/0b1841a0-ef75-449d-95cb-44f8c4956390/in_use.lock acquired by nodename 22566@byscane-nightly-zbvcj-50276086
2019-07-30 19:54:08,345 INFO  storage.RaftStorageDirectory (RaftStorageDirectory.java:tryLock(328)) - Lock on /workdir/hadoop-ozone/tools/target/test-dir/MiniOzoneClusterImpl-a3dc378c-a728-42de-a732-9931f4baf336/datanode-1/data/ratis/0b1841a0-ef75-449d-95cb-44f8c4956390/in_use.lock acquired by nodename 22566@byscane-nightly-zbvcj-50276086
2019-07-30 19:54:08,345 INFO  storage.RaftStorageDirectory (RaftStorageDirectory.java:tryLock(328)) - Lock on /workdir/hadoop-ozone/tools/target/test-dir/MiniOzoneClusterImpl-a3dc378c-a728-42de-a732-9931f4baf336/datanode-0/data/ratis/0b1841a0-ef75-449d-95cb-44f8c4956390/in_use.lock acquired by nodename 22566@byscane-nightly-zbvcj-50276086
2019-07-30 19:54:08,359 INFO  storage.RaftStorage (RaftStorage.java:format(72)) - Storage directory /workdir/hadoop-ozone/tools/target/test-dir/MiniOzoneClusterImpl-a3dc378c-a728-42de-a732-9931f4baf336/datanode-0/data/ratis/0b1841a0-ef75-449d-95cb-44f8c4956390 has been successfully formatted.
2019-07-30 19:54:08,359 INFO  storage.RaftStorage (RaftStorage.java:format(72)) - Storage directory /workdir/hadoop-ozone/tools/target/test-dir/MiniOzoneClusterImpl-a3dc378c-a728-42de-a732-9931f4baf336/datanode-2/data/ratis/0b1841a0-ef75-449d-95cb-44f8c4956390 has been successfully formatted.
2019-07-30 19:54:08,359 INFO  storage.RaftStorage (RaftStorage.java:format(72)) - Storage directory /workdir/hadoop-ozone/tools/target/test-dir/MiniOzoneClusterImpl-a3dc378c-a728-42de-a732-9931f4baf336/datanode-1/data/ratis/0b1841a0-ef75-449d-95cb-44f8c4956390 has been successfully formatted.
2019-07-30 19:54:08,359 INFO  ratis.ContainerStateMachine (ContainerStateMachine.java:loadSnapshot(213)) - group-44F8C4956390: The snapshot info is null. Setting the last applied indexto:(t:0, i:~)
2019-07-30 19:54:08,360 INFO  ratis.ContainerStateMachine (ContainerStateMachine.java:loadSnapshot(213)) - group-44F8C4956390: The snapshot info is null. Setting the last applied indexto:(t:0, i:~)
2019-07-30 19:54:08,360 INFO  ratis.ContainerStateMachine (ContainerStateMachine.java:loadSnapshot(213)) - group-44F8C4956390: The snapshot info is null. Setting the last applied indexto:(t:0, i:~)
2019-07-30 19:54:08,360 INFO  server.RaftServerConfigKeys (ConfUtils.java:logGet(43)) - raft.server.leader.election.timeout = 120s (custom)
2019-07-30 19:54:08,360 INFO  server.RaftServerConfigKeys (ConfUtils.java:logGet(43)) - raft.server.leader.election.timeout = 120s (custom)
2019-07-30 19:54:08,360 INFO  server.RaftServerConfigKeys (ConfUtils.java:logGet(43)) - raft.server.log.use.memory = false (default)
2019-07-30 19:54:08,360 INFO  server.RaftServerConfigKeys (ConfUtils.java:logGet(43)) - raft.server.leader.election.timeout = 120s (custom)
2019-07-30 19:54:08,361 INFO  server.RaftServerConfigKeys (ConfUtils.java:logGet(43)) - raft.server.log.purge.gap = 1000000000 (custom)
2019-07-30 19:54:08,360 INFO  server.RaftServerConfigKeys (ConfUtils.java:logGet(43)) - raft.server.log.use.memory = false (default)
2019-07-30 19:54:08,361 INFO  server.RaftServerConfigKeys (ConfUtils.java:logGet(43)) - raft.server.log.appender.buffer.byte-limit = 33554432 (custom)
2019-07-30 19:54:08,361 INFO  server.RaftServerConfigKeys (ConfUtils.java:logGet(43)) - raft.server.log.use.memory = false (default)
2019-07-30 19:54:08,361 INFO  server.RaftServerConfigKeys (ConfUtils.java:logGet(43)) - raft.server.log.segment.size.max = 1048576 (custom)
2019-07-30 19:54:08,361 INFO  server.RaftServerConfigKeys (ConfUtils.java:logGet(43)) - raft.server.log.purge.gap = 1000000000 (custom)
2019-07-30 19:54:08,362 INFO  server.RaftServerConfigKeys (ConfUtils.java:logGet(43)) - raft.server.log.segment.cache.num.max = 2 (custom)
2019-07-30 19:54:08,362 INFO  server.RaftServerConfigKeys (ConfUtils.java:logGet(43)) - raft.server.log.purge.gap = 1000000000 (custom)
2019-07-30 19:54:08,362 INFO  segmented.SegmentedRaftLogWorker (SegmentedRaftLogWorker.java:<init>(172)) - new 9a3a9e8a-f6ac-46f1-8d84-d7973be32798-SegmentedRaftLogWorker:Storage Directory /workdir/hadoop-ozone/tools/target/test-dir/MiniOzoneClusterImpl-a3dc378c-a728-42de-a732-9931f4baf336/datanode-1/data/ratis/0b1841a0-ef75-449d-95cb-44f8c4956390 for RaftStorage:Storage Directory /workdir/hadoop-ozone/tools/target/test-dir/MiniOzoneClusterImpl-a3dc378c-a728-42de-a732-9931f4baf336/datanode-1/data/ratis/0b1841a0-ef75-449d-95cb-44f8c4956390
2019-07-30 19:54:08,362 INFO  server.RaftServerConfigKeys (ConfUtils.java:logGet(43)) - raft.server.log.appender.buffer.byte-limit = 33554432 (custom)
2019-07-30 19:54:08,362 INFO  server.RaftServerConfigKeys (ConfUtils.java:logGet(43)) - raft.server.log.queue.byte-limit = 2147483647 (custom)
2019-07-30 19:54:08,362 INFO  server.RaftServerConfigKeys (ConfUtils.java:logGet(43)) - raft.server.log.appender.buffer.byte-limit = 33554432 (custom)
2019-07-30 19:54:08,363 INFO  server.RaftServerConfigKeys (ConfUtils.java:logGet(43)) - raft.server.log.queue.element-limit = 1024 (custom)
2019-07-30 19:54:08,363 INFO  server.RaftServerConfigKeys (ConfUtils.java:logGet(43)) - raft.server.log.segment.size.max = 1048576 (custom)
2019-07-30 19:54:08,364 INFO  server.RaftServerConfigKeys (ConfUtils.java:logGet(43)) - raft.server.log.segment.size.max = 1048576 (custom)
2019-07-30 19:54:08,364 INFO  server.RaftServerConfigKeys (ConfUtils.java:logGet(43)) - raft.server.log.segment.size.max = 1048576 (custom)
2019-07-30 19:54:08,364 INFO  server.RaftServerConfigKeys (ConfUtils.java:logGet(43)) - raft.server.log.preallocated.size = 16384 (custom)
2019-07-30 19:54:08,364 INFO  server.RaftServerConfigKeys (ConfUtils.java:logGet(43)) - raft.server.log.segment.cache.num.max = 2 (custom)
2019-07-30 19:54:08,365 INFO  server.RaftServerConfigKeys (ConfUtils.java:logGet(43)) - raft.server.log.write.buffer.size = 33554432 (custom)
2019-07-30 19:54:08,365 INFO  server.RaftServerConfigKeys (ConfUtils.java:logGet(43)) - raft.server.log.segment.cache.num.max = 2 (custom)
2019-07-30 19:54:08,365 INFO  server.RaftServerConfigKeys (ConfUtils.java:logGet(43)) - raft.server.log.force.sync.num = 128 (default)
2019-07-30 19:54:08,365 INFO  segmented.SegmentedRaftLogWorker (SegmentedRaftLogWorker.java:<init>(172)) - new c97d87f5-306a-4fd5-a114-69a2e7479e2d-SegmentedRaftLogWorker:Storage Directory /workdir/hadoop-ozone/tools/target/test-dir/MiniOzoneClusterImpl-a3dc378c-a728-42de-a732-9931f4baf336/datanode-0/data/ratis/0b1841a0-ef75-449d-95cb-44f8c4956390 for RaftStorage:Storage Directory /workdir/hadoop-ozone/tools/target/test-dir/MiniOzoneClusterImpl-a3dc378c-a728-42de-a732-9931f4baf336/datanode-0/data/ratis/0b1841a0-ef75-449d-95cb-44f8c4956390
2019-07-30 19:54:08,365 INFO  server.RaftServerConfigKeys (ConfUtils.java:logGet(43)) - raft.server.log.statemachine.data.sync = true (default)
2019-07-30 19:54:08,365 INFO  segmented.SegmentedRaftLogWorker (SegmentedRaftLogWorker.java:<init>(172)) - new e13ddee0-dbbd-417f-b839-5ac1fff14647-SegmentedRaftLogWorker:Storage Directory /workdir/hadoop-ozone/tools/target/test-dir/MiniOzoneClusterImpl-a3dc378c-a728-42de-a732-9931f4baf336/datanode-2/data/ratis/0b1841a0-ef75-449d-95cb-44f8c4956390 for RaftStorage:Storage Directory /workdir/hadoop-ozone/tools/target/test-dir/MiniOzoneClusterImpl-a3dc378c-a728-42de-a732-9931f4baf336/datanode-2/data/ratis/0b1841a0-ef75-449d-95cb-44f8c4956390
2019-07-30 19:54:08,366 INFO  server.RaftServerConfigKeys (ConfUtils.java:logGet(43)) - raft.server.log.statemachine.data.sync.timeout = 10s (default)
2019-07-30 19:54:08,366 INFO  server.RaftServerConfigKeys (ConfUtils.java:logGet(43)) - raft.server.log.queue.byte-limit = 2147483647 (custom)
2019-07-30 19:54:08,367 INFO  server.RaftServerConfigKeys (ConfUtils.java:logGet(43)) - raft.server.log.statemachine.data.sync.timeout.retry = -1 (default)
2019-07-30 19:54:08,367 INFO  server.RaftServerConfigKeys (ConfUtils.java:logGet(43)) - raft.server.log.queue.byte-limit = 2147483647 (custom)
2019-07-30 19:54:08,368 INFO  server.RaftServerConfigKeys (ConfUtils.java:logGet(43)) - raft.server.log.statemachine.data.caching.enabled = true (custom)
2019-07-30 19:54:08,368 INFO  server.RaftServerConfigKeys (ConfUtils.java:logGet(43)) - raft.server.log.queue.element-limit = 1024 (custom)
2019-07-30 19:54:08,369 INFO  segmented.SegmentedRaftLogWorker (SegmentedRaftLogWorker.java:lambda$new$0(132)) - 9a3a9e8a-f6ac-46f1-8d84-d7973be32798-SegmentedRaftLogWorker:Storage Directory /workdir/hadoop-ozone/tools/target/test-dir/MiniOzoneClusterImpl-a3dc378c-a728-42de-a732-9931f4baf336/datanode-1/data/ratis/0b1841a0-ef75-449d-95cb-44f8c4956390: flushIndex: setUnconditionally 0 -> -1
2019-07-30 19:54:08,368 INFO  server.RaftServerConfigKeys (ConfUtils.java:logGet(43)) - raft.server.log.queue.element-limit = 1024 (custom)
2019-07-30 19:54:08,369 INFO  server.RaftServerConfigKeys (ConfUtils.java:logGet(43)) - raft.server.snapshot.auto.trigger.enabled = true (custom)
2019-07-30 19:54:08,369 INFO  server.RaftServerConfigKeys (ConfUtils.java:logGet(43)) - raft.server.log.segment.size.max = 1048576 (custom)
2019-07-30 19:54:08,369 INFO  server.RaftServerConfigKeys (ConfUtils.java:logGet(43)) - raft.server.snapshot.auto.trigger.threshold = 10000 (custom)
2019-07-30 19:54:08,369 INFO  server.RaftServerConfigKeys (ConfUtils.java:logGet(43)) - raft.server.log.segment.size.max = 1048576 (custom)
2019-07-30 19:54:08,370 INFO  server.RaftServerConfigKeys (ConfUtils.java:logGet(43)) - raft.server.retrycache.expirytime = 600000ms (custom)
2019-07-30 19:54:08,369 INFO  server.RaftServerConfigKeys (ConfUtils.java:logGet(43)) - raft.server.log.preallocated.size = 16384 (custom)
2019-07-30 19:54:08,370 INFO  impl.RaftServerImpl (RaftServerImpl.java:start(180)) - 9a3a9e8a-f6ac-46f1-8d84-d7973be32798: start group-44F8C4956390
2019-07-30 19:54:08,370 INFO  impl.RaftServerImpl (RaftServerImpl.java:setRole(171)) - 9a3a9e8a-f6ac-46f1-8d84-d7973be32798:group-44F8C4956390 changes role from null to FOLLOWER at term 0 for startAsFollower
2019-07-30 19:54:08,370 INFO  server.RaftServerConfigKeys (ConfUtils.java:logGet(43)) - raft.server.log.preallocated.size = 16384 (custom)
2019-07-30 19:54:08,371 INFO  impl.RoleInfo (RoleInfo.java:updateAndGet(143)) - 9a3a9e8a-f6ac-46f1-8d84-d7973be32798: start FollowerState
2019-07-30 19:54:08,370 INFO  server.RaftServerConfigKeys (ConfUtils.java:logGet(43)) - raft.server.log.write.buffer.size = 33554432 (custom)
2019-07-30 19:54:08,371 INFO  server.RaftServerConfigKeys (ConfUtils.java:logGet(43)) - raft.server.log.write.buffer.size = 33554432 (custom)
2019-07-30 19:54:08,371 INFO  util.JmxRegister (JmxRegister.java:tryRegister(44)) - Successfully registered JMX Bean with object name Ratis:service=RaftServer,group=group-44F8C4956390,id=9a3a9e8a-f6ac-46f1-8d84-d7973be32798
2019-07-30 19:54:08,371 INFO  server.RaftServerConfigKeys (ConfUtils.java:logGet(43)) - raft.server.log.force.sync.num = 128 (default)
2019-07-30 19:54:08,371 INFO  server.RaftServerConfigKeys (ConfUtils.java:logGet(43)) - raft.server.log.force.sync.num = 128 (default)
2019-07-30 19:54:08,372 INFO  server.RaftServerConfigKeys (ConfUtils.java:logGet(43)) - raft.server.log.statemachine.data.sync = true (default)
2019-07-30 19:54:08,372 INFO  server.RaftServerConfigKeys (ConfUtils.java:logGet(43)) - raft.server.log.statemachine.data.sync = true (default)
2019-07-30 19:54:08,372 INFO  server.RaftServerConfigKeys (ConfUtils.java:logGet(43)) - raft.server.log.statemachine.data.sync.timeout = 10s (default)
2019-07-30 19:54:08,372 INFO  server.RaftServerConfigKeys (ConfUtils.java:logGet(43)) - raft.server.log.statemachine.data.sync.timeout = 10s (default)
2019-07-30 19:54:08,373 INFO  server.RaftServerConfigKeys (ConfUtils.java:logGet(43)) - raft.server.log.statemachine.data.sync.timeout.retry = -1 (default)
2019-07-30 19:54:08,374 INFO  server.RaftServerConfigKeys (ConfUtils.java:logGet(43)) - raft.server.log.statemachine.data.sync.timeout.retry = -1 (default)
2019-07-30 19:54:08,376 INFO  server.RaftServerConfigKeys (ConfUtils.java:logGet(43)) - raft.server.log.statemachine.data.caching.enabled = true (custom)
2019-07-30 19:54:08,376 INFO  server.RaftServerConfigKeys (ConfUtils.java:logGet(43)) - raft.server.log.statemachine.data.caching.enabled = true (custom)
2019-07-30 19:54:08,378 INFO  segmented.SegmentedRaftLogWorker (SegmentedRaftLogWorker.java:lambda$new$0(132)) - c97d87f5-306a-4fd5-a114-69a2e7479e2d-SegmentedRaftLogWorker:Storage Directory /workdir/hadoop-ozone/tools/target/test-dir/MiniOzoneClusterImpl-a3dc378c-a728-42de-a732-9931f4baf336/datanode-0/data/ratis/0b1841a0-ef75-449d-95cb-44f8c4956390: flushIndex: setUnconditionally 0 -> -1
2019-07-30 19:54:08,380 INFO  segmented.SegmentedRaftLogWorker (SegmentedRaftLogWorker.java:lambda$new$0(132)) - e13ddee0-dbbd-417f-b839-5ac1fff14647-SegmentedRaftLogWorker:Storage Directory /workdir/hadoop-ozone/tools/target/test-dir/MiniOzoneClusterImpl-a3dc378c-a728-42de-a732-9931f4baf336/datanode-2/data/ratis/0b1841a0-ef75-449d-95cb-44f8c4956390: flushIndex: setUnconditionally 0 -> -1
2019-07-30 19:54:08,380 INFO  server.RaftServerConfigKeys (ConfUtils.java:logGet(43)) - raft.server.snapshot.auto.trigger.enabled = true (custom)
2019-07-30 19:54:08,380 INFO  server.RaftServerConfigKeys (ConfUtils.java:logGet(43)) - raft.server.snapshot.auto.trigger.enabled = true (custom)
2019-07-30 19:54:08,380 INFO  server.RaftServerConfigKeys (ConfUtils.java:logGet(43)) - raft.server.snapshot.auto.trigger.threshold = 10000 (custom)
2019-07-30 19:54:08,381 INFO  server.RaftServerConfigKeys (ConfUtils.java:logGet(43)) - raft.server.snapshot.auto.trigger.threshold = 10000 (custom)
2019-07-30 19:54:08,382 INFO  server.RaftServerConfigKeys (ConfUtils.java:logGet(43)) - raft.server.retrycache.expirytime = 600000ms (custom)
2019-07-30 19:54:08,383 INFO  server.RaftServerConfigKeys (ConfUtils.java:logGet(43)) - raft.server.retrycache.expirytime = 600000ms (custom)
2019-07-30 19:54:08,383 INFO  impl.RaftServerImpl (RaftServerImpl.java:start(180)) - c97d87f5-306a-4fd5-a114-69a2e7479e2d: start group-44F8C4956390
2019-07-30 19:54:08,383 INFO  impl.RaftServerImpl (RaftServerImpl.java:start(180)) - e13ddee0-dbbd-417f-b839-5ac1fff14647: start group-44F8C4956390
2019-07-30 19:54:08,383 INFO  impl.RaftServerImpl (RaftServerImpl.java:setRole(171)) - c97d87f5-306a-4fd5-a114-69a2e7479e2d:group-44F8C4956390 changes role from null to FOLLOWER at term 0 for startAsFollower
2019-07-30 19:54:08,384 INFO  impl.RaftServerImpl (RaftServerImpl.java:setRole(171)) - e13ddee0-dbbd-417f-b839-5ac1fff14647:group-44F8C4956390 changes role from null to FOLLOWER at term 0 for startAsFollower
2019-07-30 19:54:08,384 INFO  impl.RoleInfo (RoleInfo.java:updateAndGet(143)) - c97d87f5-306a-4fd5-a114-69a2e7479e2d: start FollowerState
2019-07-30 19:54:08,384 INFO  impl.RoleInfo (RoleInfo.java:updateAndGet(143)) - e13ddee0-dbbd-417f-b839-5ac1fff14647: start FollowerState
2019-07-30 19:54:08,384 INFO  util.JmxRegister (JmxRegister.java:tryRegister(44)) - Successfully registered JMX Bean with object name Ratis:service=RaftServer,group=group-44F8C4956390,id=c97d87f5-306a-4fd5-a114-69a2e7479e2d
2019-07-30 19:54:08,385 INFO  util.JmxRegister (JmxRegister.java:tryRegister(44)) - Successfully registered JMX Bean with object name Ratis:service=RaftServer,group=group-44F8C4956390,id=e13ddee0-dbbd-417f-b839-5ac1fff14647
2019-07-30 19:54:08,408 INFO  pipeline.PipelineStateManager (PipelineStateManager.java:addPipeline(56)) - Created pipeline Pipeline[ Id: 0b1841a0-ef75-449d-95cb-44f8c4956390, Nodes: e13ddee0-dbbd-417f-b839-5ac1fff14647{ip: 192.168.69.112, host: byscane-nightly-zbvcj-50276086, networkLocation: /default-rack, certSerialId: null}9a3a9e8a-f6ac-46f1-8d84-d7973be32798{ip: 192.168.69.112, host: byscane-nightly-zbvcj-50276086, networkLocation: /default-rack, certSerialId: null}c97d87f5-306a-4fd5-a114-69a2e7479e2d{ip: 192.168.69.112, host: byscane-nightly-zbvcj-50276086, networkLocation: /default-rack, certSerialId: null}, Type:RATIS, Factor:THREE, State:OPEN]
2019-07-30 19:54:08,429 INFO  ozone.MiniOzoneClusterImpl (MiniOzoneClusterImpl.java:lambda$waitForClusterToBeReady$0(142)) - Cluster is ready. Got 3 of 3 DN Heartbeats.
2019-07-30 19:54:08,892 INFO  freon.RandomKeyGenerator (RandomKeyGenerator.java:call(278)) - Number of Threads: 10
2019-07-30 19:54:08,892 INFO  freon.RandomKeyGenerator (RandomKeyGenerator.java:call(283)) - Number of Volumes: 1.
2019-07-30 19:54:08,892 INFO  freon.RandomKeyGenerator (RandomKeyGenerator.java:call(284)) - Number of Buckets per Volume: 1.
2019-07-30 19:54:08,892 INFO  freon.RandomKeyGenerator (RandomKeyGenerator.java:call(285)) - Number of Keys per Bucket: 1.
2019-07-30 19:54:08,893 INFO  freon.RandomKeyGenerator (RandomKeyGenerator.java:call(286)) - Key size: 20971520 bytes
2019-07-30 19:54:08,893 INFO  freon.RandomKeyGenerator (RandomKeyGenerator.java:call(287)) - Buffer size: 4096 bytes
2019-07-30 19:54:08,895 INFO  freon.RandomKeyGenerator (RandomKeyGenerator.java:call(301)) - Data validation is enabled.
2019-07-30 19:54:08,897 INFO  freon.RandomKeyGenerator (RandomKeyGenerator.java:call(307)) - Starting progress bar Thread.

 0.00% |█                                                                                                    |  0/1 Time: 0:00:002019-07-30 19:54:08,923 INFO  rpc.RpcClient (RpcClient.java:createVolume(288)) - Creating Volume: vol-0-85849, with jenkins1000 as owner.
2019-07-30 19:54:08,978 INFO  rpc.RpcClient (RpcClient.java:createBucket(425)) - Creating Bucket: vol-0-85849/bucket-0-44396, with Versioning false and Storage Type set to DISK and Encryption set to false 
2019-07-30 19:54:09,164 INFO  impl.MetricsSystemImpl (MetricsSystemImpl.java:init(158)) - XceiverClientMetrics metrics system started (again)
2019-07-30 19:54:09,328 INFO  client.GrpcClientProtocolClient (GrpcClientProtocolClient.java:onNext(255)) - client-01EE0D594A3C->e13ddee0-dbbd-417f-b839-5ac1fff14647: receive RaftClientReply:client-01EE0D594A3C->e13ddee0-dbbd-417f-b839-5ac1fff14647@group-44F8C4956390, cid=6, FAILED org.apache.ratis.protocol.NotLeaderException: Server e13ddee0-dbbd-417f-b839-5ac1fff14647 is not the leader (null). Request must be sent to leader., logIndex=0, commits[e13ddee0-dbbd-417f-b839-5ac1fff14647:c-1]
 0.00% |█                                                                                                    |  0/1 Time: 0:00:012019-07-30 19:54:10,038 INFO  container.ReplicationManager (ReplicationManager.java:start(155)) - Starting Replication Monitor Thread.
2019-07-30 19:54:10,040 INFO  container.ReplicationManager (ReplicationManager.java:run(207)) - Replication Monitor Thread took 1 milliseconds for processing 3 containers.
2019-07-30 19:54:10,377 INFO  client.GrpcClientProtocolClient (GrpcClientProtocolClient.java:onNext(255)) - client-01EE0D594A3C->c97d87f5-306a-4fd5-a114-69a2e7479e2d: receive RaftClientReply:client-01EE0D594A3C->c97d87f5-306a-4fd5-a114-69a2e7479e2d@group-44F8C4956390, cid=6, FAILED org.apache.ratis.protocol.NotLeaderException: Server c97d87f5-306a-4fd5-a114-69a2e7479e2d is not the leader (null). Request must be sent to leader., logIndex=0, commits[c97d87f5-306a-4fd5-a114-69a2e7479e2d:c-1]
 0.00% |█                                                                                                    |  0/1 Time: 0:00:022019-07-30 19:54:11,421 INFO  client.GrpcClientProtocolClient (GrpcClientProtocolClient.java:onNext(255)) - client-01EE0D594A3C->9a3a9e8a-f6ac-46f1-8d84-d7973be32798: receive RaftClientReply:client-01EE0D594A3C->9a3a9e8a-f6ac-46f1-8d84-d7973be32798@group-44F8C4956390, cid=6, FAILED org.apache.ratis.protocol.NotLeaderException: Server 9a3a9e8a-f6ac-46f1-8d84-d7973be32798 is not the leader (null). Request must be sent to leader., logIndex=0, commits[9a3a9e8a-f6ac-46f1-8d84-d7973be32798:c-1]
 0.00% |█                                                                                                    |  0/1 Time: 0:00:032019-07-30 19:54:12,461 INFO  client.GrpcClientProtocolClient (GrpcClientProtocolClient.java:onNext(255)) - client-01EE0D594A3C->c97d87f5-306a-4fd5-a114-69a2e7479e2d: receive RaftClientReply:client-01EE0D594A3C->c97d87f5-306a-4fd5-a114-69a2e7479e2d@group-44F8C4956390, cid=6, FAILED org.apache.ratis.protocol.NotLeaderException: Server c97d87f5-306a-4fd5-a114-69a2e7479e2d is not the leader (null). Request must be sent to leader., logIndex=0, commits[c97d87f5-306a-4fd5-a114-69a2e7479e2d:c-1]
 0.00% |█                                                                                                    |  0/1 Time: 0:00:042019-07-30 19:54:13,073 INFO  impl.FollowerState (FollowerState.java:run(106)) - c97d87f5-306a-4fd5-a114-69a2e7479e2d:group-47AF94D5A36A changes to CANDIDATE, lastRpcTime:5034, electionTimeout:5033ms
2019-07-30 19:54:13,074 INFO  impl.RoleInfo (RoleInfo.java:shutdownFollowerState(121)) - c97d87f5-306a-4fd5-a114-69a2e7479e2d: shutdown FollowerState
2019-07-30 19:54:13,074 INFO  impl.RaftServerImpl (RaftServerImpl.java:setRole(171)) - c97d87f5-306a-4fd5-a114-69a2e7479e2d:group-47AF94D5A36A changes role from FOLLOWER to CANDIDATE at term 0 for changeToCandidate
2019-07-30 19:54:13,080 INFO  impl.RoleInfo (RoleInfo.java:updateAndGet(143)) - c97d87f5-306a-4fd5-a114-69a2e7479e2d: start LeaderElection
2019-07-30 19:54:13,103 INFO  impl.LeaderElection (LeaderElection.java:askForVotes(181)) - c97d87f5-306a-4fd5-a114-69a2e7479e2d:group-47AF94D5A36A:LeaderElection1: begin an election at term 1 for -1: [c97d87f5-306a-4fd5-a114-69a2e7479e2d:192.168.69.112:33176], old=null
2019-07-30 19:54:13,105 INFO  impl.RoleInfo (RoleInfo.java:shutdownLeaderElection(134)) - c97d87f5-306a-4fd5-a114-69a2e7479e2d: shutdown LeaderElection
2019-07-30 19:54:13,106 INFO  impl.RaftServerImpl (RaftServerImpl.java:setRole(171)) - c97d87f5-306a-4fd5-a114-69a2e7479e2d:group-47AF94D5A36A changes role from CANDIDATE to LEADER at term 1 for changeToLeader
2019-07-30 19:54:13,106 INFO  impl.RaftServerImpl (ServerState.java:setLeader(263)) - c97d87f5-306a-4fd5-a114-69a2e7479e2d:group-47AF94D5A36A change Leader from null to c97d87f5-306a-4fd5-a114-69a2e7479e2d at term 1 for becomeLeader, leader elected after 5453ms
2019-07-30 19:54:13,115 INFO  server.RaftServerConfigKeys (ConfUtils.java:logGet(43)) - raft.server.staging.catchup.gap = 1000 (default)
2019-07-30 19:54:13,115 INFO  server.RaftServerConfigKeys (ConfUtils.java:logGet(43)) - raft.server.rpc.sleep.time = 25ms (default)
2019-07-30 19:54:13,119 INFO  server.RaftServerConfigKeys (ConfUtils.java:logGet(43)) - raft.server.write.element-limit = 4096 (default)
2019-07-30 19:54:13,123 INFO  server.RaftServerConfigKeys (ConfUtils.java:logGet(43)) - raft.server.watch.timeout = 10s (default)
2019-07-30 19:54:13,123 INFO  server.RaftServerConfigKeys (ConfUtils.java:logGet(43)) - raft.server.watch.timeout.denomination = 1s (default)
2019-07-30 19:54:13,124 INFO  server.RaftServerConfigKeys (ConfUtils.java:logGet(43)) - raft.server.watch.element-limit = 65536 (default)
2019-07-30 19:54:13,135 INFO  impl.RoleInfo (RoleInfo.java:updateAndGet(143)) - c97d87f5-306a-4fd5-a114-69a2e7479e2d: start LeaderState
2019-07-30 19:54:13,162 INFO  segmented.SegmentedRaftLogWorker (SegmentedRaftLogWorker.java:startLogSegment(380)) - c97d87f5-306a-4fd5-a114-69a2e7479e2d-SegmentedRaftLogWorker:Storage Directory /workdir/hadoop-ozone/tools/target/test-dir/MiniOzoneClusterImpl-a3dc378c-a728-42de-a732-9931f4baf336/datanode-0/data/ratis/71ef2d70-777f-4795-a038-47af94d5a36a: Starting segment from index:0
2019-07-30 19:54:13,172 INFO  impl.RaftServerImpl (ServerState.java:setRaftConf(361)) - c97d87f5-306a-4fd5-a114-69a2e7479e2d:group-47AF94D5A36A set configuration 0: [c97d87f5-306a-4fd5-a114-69a2e7479e2d:192.168.69.112:33176], old=null at 0
2019-07-30 19:54:13,346 INFO  segmented.SegmentedRaftLogWorker (SegmentedRaftLogWorker.java:execute(569)) - c97d87f5-306a-4fd5-a114-69a2e7479e2d-SegmentedRaftLogWorker:Storage Directory /workdir/hadoop-ozone/tools/target/test-dir/MiniOzoneClusterImpl-a3dc378c-a728-42de-a732-9931f4baf336/datanode-0/data/ratis/71ef2d70-777f-4795-a038-47af94d5a36a: created new log segment /workdir/hadoop-ozone/tools/target/test-dir/MiniOzoneClusterImpl-a3dc378c-a728-42de-a732-9931f4baf336/datanode-0/data/ratis/71ef2d70-777f-4795-a038-47af94d5a36a/current/log_inprogress_0
2019-07-30 19:54:13,369 INFO  impl.FollowerState (FollowerState.java:run(106)) - e13ddee0-dbbd-417f-b839-5ac1fff14647:group-E461EF3B461A changes to CANDIDATE, lastRpcTime:5179, electionTimeout:5178ms
2019-07-30 19:54:13,371 INFO  impl.RoleInfo (RoleInfo.java:shutdownFollowerState(121)) - e13ddee0-dbbd-417f-b839-5ac1fff14647: shutdown FollowerState
2019-07-30 19:54:13,371 INFO  impl.RaftServerImpl (RaftServerImpl.java:setRole(171)) - e13ddee0-dbbd-417f-b839-5ac1fff14647:group-E461EF3B461A changes role from FOLLOWER to CANDIDATE at term 0 for changeToCandidate
2019-07-30 19:54:13,371 INFO  impl.RoleInfo (RoleInfo.java:updateAndGet(143)) - e13ddee0-dbbd-417f-b839-5ac1fff14647: start LeaderElection
2019-07-30 19:54:13,388 INFO  impl.LeaderElection (LeaderElection.java:askForVotes(181)) - e13ddee0-dbbd-417f-b839-5ac1fff14647:group-E461EF3B461A:LeaderElection2: begin an election at term 1 for -1: [e13ddee0-dbbd-417f-b839-5ac1fff14647:192.168.69.112:40697], old=null
2019-07-30 19:54:13,390 INFO  impl.RoleInfo (RoleInfo.java:shutdownLeaderElection(134)) - e13ddee0-dbbd-417f-b839-5ac1fff14647: shutdown LeaderElection
2019-07-30 19:54:13,391 INFO  impl.RaftServerImpl (RaftServerImpl.java:setRole(171)) - e13ddee0-dbbd-417f-b839-5ac1fff14647:group-E461EF3B461A changes role from CANDIDATE to LEADER at term 1 for changeToLeader
2019-07-30 19:54:13,391 INFO  impl.RaftServerImpl (ServerState.java:setLeader(263)) - e13ddee0-dbbd-417f-b839-5ac1fff14647:group-E461EF3B461A change Leader from null to e13ddee0-dbbd-417f-b839-5ac1fff14647 at term 1 for becomeLeader, leader elected after 5208ms
2019-07-30 19:54:13,391 INFO  server.RaftServerConfigKeys (ConfUtils.java:logGet(43)) - raft.server.staging.catchup.gap = 1000 (default)
2019-07-30 19:54:13,391 INFO  server.RaftServerConfigKeys (ConfUtils.java:logGet(43)) - raft.server.rpc.sleep.time = 25ms (default)
2019-07-30 19:54:13,391 INFO  server.RaftServerConfigKeys (ConfUtils.java:logGet(43)) - raft.server.write.element-limit = 4096 (default)
2019-07-30 19:54:13,392 INFO  server.RaftServerConfigKeys (ConfUtils.java:logGet(43)) - raft.server.watch.timeout = 10s (default)
2019-07-30 19:54:13,392 INFO  server.RaftServerConfigKeys (ConfUtils.java:logGet(43)) - raft.server.watch.timeout.denomination = 1s (default)
2019-07-30 19:54:13,392 INFO  server.RaftServerConfigKeys (ConfUtils.java:logGet(43)) - raft.server.watch.element-limit = 65536 (default)
2019-07-30 19:54:13,392 INFO  impl.RoleInfo (RoleInfo.java:updateAndGet(143)) - e13ddee0-dbbd-417f-b839-5ac1fff14647: start LeaderState
2019-07-30 19:54:13,392 INFO  segmented.SegmentedRaftLogWorker (SegmentedRaftLogWorker.java:startLogSegment(380)) - e13ddee0-dbbd-417f-b839-5ac1fff14647-SegmentedRaftLogWorker:Storage Directory /workdir/hadoop-ozone/tools/target/test-dir/MiniOzoneClusterImpl-a3dc378c-a728-42de-a732-9931f4baf336/datanode-2/data/ratis/d2ee1b42-d4cc-45e0-92a0-e461ef3b461a: Starting segment from index:0
2019-07-30 19:54:13,393 INFO  impl.RaftServerImpl (ServerState.java:setRaftConf(361)) - e13ddee0-dbbd-417f-b839-5ac1fff14647:group-E461EF3B461A set configuration 0: [e13ddee0-dbbd-417f-b839-5ac1fff14647:192.168.69.112:40697], old=null at 0
2019-07-30 19:54:13,419 INFO  impl.FollowerState (FollowerState.java:run(106)) - 9a3a9e8a-f6ac-46f1-8d84-d7973be32798:group-D63427020D17 changes to CANDIDATE, lastRpcTime:5150, electionTimeout:5150ms
2019-07-30 19:54:13,419 INFO  impl.RoleInfo (RoleInfo.java:shutdownFollowerState(121)) - 9a3a9e8a-f6ac-46f1-8d84-d7973be32798: shutdown FollowerState
2019-07-30 19:54:13,420 INFO  impl.RaftServerImpl (RaftServerImpl.java:setRole(171)) - 9a3a9e8a-f6ac-46f1-8d84-d7973be32798:group-D63427020D17 changes role from FOLLOWER to CANDIDATE at term 0 for changeToCandidate
2019-07-30 19:54:13,420 INFO  impl.RoleInfo (RoleInfo.java:updateAndGet(143)) - 9a3a9e8a-f6ac-46f1-8d84-d7973be32798: start LeaderElection
2019-07-30 19:54:13,421 INFO  segmented.SegmentedRaftLogWorker (SegmentedRaftLogWorker.java:execute(569)) - e13ddee0-dbbd-417f-b839-5ac1fff14647-SegmentedRaftLogWorker:Storage Directory /workdir/hadoop-ozone/tools/target/test-dir/MiniOzoneClusterImpl-a3dc378c-a728-42de-a732-9931f4baf336/datanode-2/data/ratis/d2ee1b42-d4cc-45e0-92a0-e461ef3b461a: created new log segment /workdir/hadoop-ozone/tools/target/test-dir/MiniOzoneClusterImpl-a3dc378c-a728-42de-a732-9931f4baf336/datanode-2/data/ratis/d2ee1b42-d4cc-45e0-92a0-e461ef3b461a/current/log_inprogress_0
2019-07-30 19:54:13,435 INFO  impl.LeaderElection (LeaderElection.java:askForVotes(181)) - 9a3a9e8a-f6ac-46f1-8d84-d7973be32798:group-D63427020D17:LeaderElection3: begin an election at term 1 for -1: [9a3a9e8a-f6ac-46f1-8d84-d7973be32798:192.168.69.112:43493], old=null
2019-07-30 19:54:13,436 INFO  impl.RoleInfo (RoleInfo.java:shutdownLeaderElection(134)) - 9a3a9e8a-f6ac-46f1-8d84-d7973be32798: shutdown LeaderElection
2019-07-30 19:54:13,436 INFO  impl.RaftServerImpl (RaftServerImpl.java:setRole(171)) - 9a3a9e8a-f6ac-46f1-8d84-d7973be32798:group-D63427020D17 changes role from CANDIDATE to LEADER at term 1 for changeToLeader
2019-07-30 19:54:13,436 INFO  impl.RaftServerImpl (ServerState.java:setLeader(263)) - 9a3a9e8a-f6ac-46f1-8d84-d7973be32798:group-D63427020D17 change Leader from null to 9a3a9e8a-f6ac-46f1-8d84-d7973be32798 at term 1 for becomeLeader, leader elected after 5173ms
2019-07-30 19:54:13,436 INFO  server.RaftServerConfigKeys (ConfUtils.java:logGet(43)) - raft.server.staging.catchup.gap = 1000 (default)
2019-07-30 19:54:13,436 INFO  server.RaftServerConfigKeys (ConfUtils.java:logGet(43)) - raft.server.rpc.sleep.time = 25ms (default)
2019-07-30 19:54:13,437 INFO  server.RaftServerConfigKeys (ConfUtils.java:logGet(43)) - raft.server.write.element-limit = 4096 (default)
2019-07-30 19:54:13,437 INFO  server.RaftServerConfigKeys (ConfUtils.java:logGet(43)) - raft.server.watch.timeout = 10s (default)
2019-07-30 19:54:13,437 INFO  server.RaftServerConfigKeys (ConfUtils.java:logGet(43)) - raft.server.watch.timeout.denomination = 1s (default)
2019-07-30 19:54:13,438 INFO  server.RaftServerConfigKeys (ConfUtils.java:logGet(43)) - raft.server.watch.element-limit = 65536 (default)
2019-07-30 19:54:13,438 INFO  impl.RoleInfo (RoleInfo.java:updateAndGet(143)) - 9a3a9e8a-f6ac-46f1-8d84-d7973be32798: start LeaderState
2019-07-30 19:54:13,438 INFO  segmented.SegmentedRaftLogWorker (SegmentedRaftLogWorker.java:startLogSegment(380)) - 9a3a9e8a-f6ac-46f1-8d84-d7973be32798-SegmentedRaftLogWorker:Storage Directory /workdir/hadoop-ozone/tools/target/test-dir/MiniOzoneClusterImpl-a3dc378c-a728-42de-a732-9931f4baf336/datanode-1/data/ratis/200265b8-af2d-443c-aeff-d63427020d17: Starting segment from index:0
2019-07-30 19:54:13,439 INFO  impl.RaftServerImpl (ServerState.java:setRaftConf(361)) - 9a3a9e8a-f6ac-46f1-8d84-d7973be32798:group-D63427020D17 set configuration 0: [9a3a9e8a-f6ac-46f1-8d84-d7973be32798:192.168.69.112:43493], old=null at 0
2019-07-30 19:54:13,454 INFO  impl.FollowerState (FollowerState.java:run(106)) - 9a3a9e8a-f6ac-46f1-8d84-d7973be32798:group-44F8C4956390 changes to CANDIDATE, lastRpcTime:5083, electionTimeout:5069ms
2019-07-30 19:54:13,456 INFO  impl.RoleInfo (RoleInfo.java:shutdownFollowerState(121)) - 9a3a9e8a-f6ac-46f1-8d84-d7973be32798: shutdown FollowerState
2019-07-30 19:54:13,456 INFO  impl.RaftServerImpl (RaftServerImpl.java:setRole(171)) - 9a3a9e8a-f6ac-46f1-8d84-d7973be32798:group-44F8C4956390 changes role from FOLLOWER to CANDIDATE at term 0 for changeToCandidate
2019-07-30 19:54:13,456 INFO  impl.RoleInfo (RoleInfo.java:updateAndGet(143)) - 9a3a9e8a-f6ac-46f1-8d84-d7973be32798: start LeaderElection
2019-07-30 19:54:13,468 INFO  segmented.SegmentedRaftLogWorker (SegmentedRaftLogWorker.java:execute(569)) - 9a3a9e8a-f6ac-46f1-8d84-d7973be32798-SegmentedRaftLogWorker:Storage Directory /workdir/hadoop-ozone/tools/target/test-dir/MiniOzoneClusterImpl-a3dc378c-a728-42de-a732-9931f4baf336/datanode-1/data/ratis/200265b8-af2d-443c-aeff-d63427020d17: created new log segment /workdir/hadoop-ozone/tools/target/test-dir/MiniOzoneClusterImpl-a3dc378c-a728-42de-a732-9931f4baf336/datanode-1/data/ratis/200265b8-af2d-443c-aeff-d63427020d17/current/log_inprogress_0
2019-07-30 19:54:13,468 INFO  impl.LeaderElection (LeaderElection.java:askForVotes(181)) - 9a3a9e8a-f6ac-46f1-8d84-d7973be32798:group-44F8C4956390:LeaderElection4: begin an election at term 1 for -1: [e13ddee0-dbbd-417f-b839-5ac1fff14647:192.168.69.112:40697, c97d87f5-306a-4fd5-a114-69a2e7479e2d:192.168.69.112:33176, 9a3a9e8a-f6ac-46f1-8d84-d7973be32798:192.168.69.112:43493], old=null
2019-07-30 19:54:13,470 INFO  impl.FollowerState (FollowerState.java:run(106)) - c97d87f5-306a-4fd5-a114-69a2e7479e2d:group-44F8C4956390 changes to CANDIDATE, lastRpcTime:5086, electionTimeout:5086ms
2019-07-30 19:54:13,472 INFO  impl.RoleInfo (RoleInfo.java:shutdownFollowerState(121)) - c97d87f5-306a-4fd5-a114-69a2e7479e2d: shutdown FollowerState
2019-07-30 19:54:13,472 INFO  impl.RaftServerImpl (RaftServerImpl.java:setRole(171)) - c97d87f5-306a-4fd5-a114-69a2e7479e2d:group-44F8C4956390 changes role from FOLLOWER to CANDIDATE at term 0 for changeToCandidate
2019-07-30 19:54:13,473 INFO  impl.RoleInfo (RoleInfo.java:updateAndGet(143)) - c97d87f5-306a-4fd5-a114-69a2e7479e2d: start LeaderElection
2019-07-30 19:54:13,477 INFO  impl.FollowerState (FollowerState.java:run(106)) - e13ddee0-dbbd-417f-b839-5ac1fff14647:group-44F8C4956390 changes to CANDIDATE, lastRpcTime:5093, electionTimeout:5092ms
2019-07-30 19:54:13,477 INFO  impl.RoleInfo (RoleInfo.java:shutdownFollowerState(121)) - e13ddee0-dbbd-417f-b839-5ac1fff14647: shutdown FollowerState
2019-07-30 19:54:13,479 INFO  impl.RaftServerImpl (RaftServerImpl.java:setRole(171)) - e13ddee0-dbbd-417f-b839-5ac1fff14647:group-44F8C4956390 changes role from FOLLOWER to CANDIDATE at term 0 for changeToCandidate
2019-07-30 19:54:13,479 INFO  impl.RoleInfo (RoleInfo.java:updateAndGet(143)) - e13ddee0-dbbd-417f-b839-5ac1fff14647: start LeaderElection
2019-07-30 19:54:13,483 INFO  impl.LeaderElection (LeaderElection.java:askForVotes(181)) - c97d87f5-306a-4fd5-a114-69a2e7479e2d:group-44F8C4956390:LeaderElection5: begin an election at term 1 for -1: [e13ddee0-dbbd-417f-b839-5ac1fff14647:192.168.69.112:40697, c97d87f5-306a-4fd5-a114-69a2e7479e2d:192.168.69.112:33176, 9a3a9e8a-f6ac-46f1-8d84-d7973be32798:192.168.69.112:43493], old=null
2019-07-30 19:54:13,496 INFO  impl.LeaderElection (LeaderElection.java:askForVotes(181)) - e13ddee0-dbbd-417f-b839-5ac1fff14647:group-44F8C4956390:LeaderElection6: begin an election at term 1 for -1: [e13ddee0-dbbd-417f-b839-5ac1fff14647:192.168.69.112:40697, c97d87f5-306a-4fd5-a114-69a2e7479e2d:192.168.69.112:33176, 9a3a9e8a-f6ac-46f1-8d84-d7973be32798:192.168.69.112:43493], old=null
2019-07-30 19:54:13,547 INFO  impl.LeaderElection (LeaderElection.java:logAndReturn(56)) - c97d87f5-306a-4fd5-a114-69a2e7479e2d:group-44F8C4956390:LeaderElection5: Election REJECTED; received 2 response(s) [c97d87f5-306a-4fd5-a114-69a2e7479e2d<-e13ddee0-dbbd-417f-b839-5ac1fff14647#0:FAIL-t1, c97d87f5-306a-4fd5-a114-69a2e7479e2d<-9a3a9e8a-f6ac-46f1-8d84-d7973be32798#0:FAIL-t1] and 0 exception(s); c97d87f5-306a-4fd5-a114-69a2e7479e2d:t1, leader=null, voted=c97d87f5-306a-4fd5-a114-69a2e7479e2d, raftlog=c97d87f5-306a-4fd5-a114-69a2e7479e2d-SegmentedRaftLog:OPENED:c-1,f-1,i0, conf=-1: [e13ddee0-dbbd-417f-b839-5ac1fff14647:192.168.69.112:40697, c97d87f5-306a-4fd5-a114-69a2e7479e2d:192.168.69.112:33176, 9a3a9e8a-f6ac-46f1-8d84-d7973be32798:192.168.69.112:43493], old=null
2019-07-30 19:54:13,548 INFO  impl.LeaderElection (LeaderElection.java:logAndReturn(56)) - e13ddee0-dbbd-417f-b839-5ac1fff14647:group-44F8C4956390:LeaderElection6: Election REJECTED; received 2 response(s) [e13ddee0-dbbd-417f-b839-5ac1fff14647<-c97d87f5-306a-4fd5-a114-69a2e7479e2d#0:FAIL-t1, e13ddee0-dbbd-417f-b839-5ac1fff14647<-9a3a9e8a-f6ac-46f1-8d84-d7973be32798#0:FAIL-t1] and 0 exception(s); e13ddee0-dbbd-417f-b839-5ac1fff14647:t1, leader=null, voted=e13ddee0-dbbd-417f-b839-5ac1fff14647, raftlog=e13ddee0-dbbd-417f-b839-5ac1fff14647-SegmentedRaftLog:OPENED:c-1,f-1,i0, conf=-1: [e13ddee0-dbbd-417f-b839-5ac1fff14647:192.168.69.112:40697, c97d87f5-306a-4fd5-a114-69a2e7479e2d:192.168.69.112:33176, 9a3a9e8a-f6ac-46f1-8d84-d7973be32798:192.168.69.112:43493], old=null
2019-07-30 19:54:13,551 INFO  client.GrpcClientProtocolClient (GrpcClientProtocolClient.java:onNext(255)) - client-01EE0D594A3C->e13ddee0-dbbd-417f-b839-5ac1fff14647: receive RaftClientReply:client-01EE0D594A3C->e13ddee0-dbbd-417f-b839-5ac1fff14647@group-44F8C4956390, cid=6, FAILED org.apache.ratis.protocol.NotLeaderException: Server e13ddee0-dbbd-417f-b839-5ac1fff14647 is not the leader (null). Request must be sent to leader., logIndex=0, commits[e13ddee0-dbbd-417f-b839-5ac1fff14647:c-1]
2019-07-30 19:54:13,552 INFO  impl.RaftServerImpl (RaftServerImpl.java:setRole(171)) - c97d87f5-306a-4fd5-a114-69a2e7479e2d:group-44F8C4956390 changes role from CANDIDATE to FOLLOWER at term 1 for DISCOVERED_A_NEW_TERM
2019-07-30 19:54:13,552 INFO  impl.RaftServerImpl (RaftServerImpl.java:setRole(171)) - e13ddee0-dbbd-417f-b839-5ac1fff14647:group-44F8C4956390 changes role from CANDIDATE to FOLLOWER at term 1 for DISCOVERED_A_NEW_TERM
2019-07-30 19:54:13,558 INFO  impl.RoleInfo (RoleInfo.java:shutdownLeaderElection(134)) - e13ddee0-dbbd-417f-b839-5ac1fff14647: shutdown LeaderElection
2019-07-30 19:54:13,557 INFO  impl.LeaderElection (LeaderElection.java:logAndReturn(56)) - 9a3a9e8a-f6ac-46f1-8d84-d7973be32798:group-44F8C4956390:LeaderElection4: Election REJECTED; received 2 response(s) [9a3a9e8a-f6ac-46f1-8d84-d7973be32798<-e13ddee0-dbbd-417f-b839-5ac1fff14647#0:FAIL-t1, 9a3a9e8a-f6ac-46f1-8d84-d7973be32798<-c97d87f5-306a-4fd5-a114-69a2e7479e2d#0:FAIL-t1] and 0 exception(s); 9a3a9e8a-f6ac-46f1-8d84-d7973be32798:t1, leader=null, voted=9a3a9e8a-f6ac-46f1-8d84-d7973be32798, raftlog=9a3a9e8a-f6ac-46f1-8d84-d7973be32798-SegmentedRaftLog:OPENED:c-1,f-1,i0, conf=-1: [e13ddee0-dbbd-417f-b839-5ac1fff14647:192.168.69.112:40697, c97d87f5-306a-4fd5-a114-69a2e7479e2d:192.168.69.112:33176, 9a3a9e8a-f6ac-46f1-8d84-d7973be32798:192.168.69.112:43493], old=null
2019-07-30 19:54:13,560 INFO  impl.RoleInfo (RoleInfo.java:updateAndGet(143)) - e13ddee0-dbbd-417f-b839-5ac1fff14647: start FollowerState
2019-07-30 19:54:13,560 INFO  impl.RaftServerImpl (RaftServerImpl.java:setRole(171)) - 9a3a9e8a-f6ac-46f1-8d84-d7973be32798:group-44F8C4956390 changes role from CANDIDATE to FOLLOWER at term 1 for DISCOVERED_A_NEW_TERM
2019-07-30 19:54:13,563 INFO  impl.RoleInfo (RoleInfo.java:shutdownLeaderElection(134)) - 9a3a9e8a-f6ac-46f1-8d84-d7973be32798: shutdown LeaderElection
2019-07-30 19:54:13,557 INFO  impl.RoleInfo (RoleInfo.java:shutdownLeaderElection(134)) - c97d87f5-306a-4fd5-a114-69a2e7479e2d: shutdown LeaderElection
2019-07-30 19:54:13,563 INFO  impl.RoleInfo (RoleInfo.java:updateAndGet(143)) - 9a3a9e8a-f6ac-46f1-8d84-d7973be32798: start FollowerState
2019-07-30 19:54:13,563 INFO  impl.RoleInfo (RoleInfo.java:updateAndGet(143)) - c97d87f5-306a-4fd5-a114-69a2e7479e2d: start FollowerState
 0.00% |█                                                                                                    |  0/1 Time: 0:00:052019-07-30 19:54:14,587 INFO  client.GrpcClientProtocolClient (GrpcClientProtocolClient.java:onNext(255)) - client-01EE0D594A3C->c97d87f5-306a-4fd5-a114-69a2e7479e2d: receive RaftClientReply:client-01EE0D594A3C->c97d87f5-306a-4fd5-a114-69a2e7479e2d@group-44F8C4956390, cid=6, FAILED org.apache.ratis.protocol.NotLeaderException: Server c97d87f5-306a-4fd5-a114-69a2e7479e2d is not the leader (null). Request must be sent to leader., logIndex=0, commits[c97d87f5-306a-4fd5-a114-69a2e7479e2d:c-1]
 0.00% |█                                                                                                    |  0/1 Time: 0:00:062019-07-30 19:54:15,619 INFO  client.GrpcClientProtocolClient (GrpcClientProtocolClient.java:onNext(255)) - client-01EE0D594A3C->9a3a9e8a-f6ac-46f1-8d84-d7973be32798: receive RaftClientReply:client-01EE0D594A3C->9a3a9e8a-f6ac-46f1-8d84-d7973be32798@group-44F8C4956390, cid=6, FAILED org.apache.ratis.protocol.NotLeaderException: Server 9a3a9e8a-f6ac-46f1-8d84-d7973be32798 is not the leader (null). Request must be sent to leader., logIndex=0, commits[9a3a9e8a-f6ac-46f1-8d84-d7973be32798:c-1]
 0.00% |█                                                                                                    |  0/1 Time: 0:00:072019-07-30 19:54:16,656 INFO  client.GrpcClientProtocolClient (GrpcClientProtocolClient.java:onNext(255)) - client-01EE0D594A3C->c97d87f5-306a-4fd5-a114-69a2e7479e2d: receive RaftClientReply:client-01EE0D594A3C->c97d87f5-306a-4fd5-a114-69a2e7479e2d@group-44F8C4956390, cid=6, FAILED org.apache.ratis.protocol.NotLeaderException: Server c97d87f5-306a-4fd5-a114-69a2e7479e2d is not the leader (null). Request must be sent to leader., logIndex=0, commits[c97d87f5-306a-4fd5-a114-69a2e7479e2d:c-1]
 0.00% |█                                                                                                    |  0/1 Time: 0:00:082019-07-30 19:54:17,686 INFO  client.GrpcClientProtocolClient (GrpcClientProtocolClient.java:onNext(255)) - client-01EE0D594A3C->9a3a9e8a-f6ac-46f1-8d84-d7973be32798: receive RaftClientReply:client-01EE0D594A3C->9a3a9e8a-f6ac-46f1-8d84-d7973be32798@group-44F8C4956390, cid=6, FAILED org.apache.ratis.protocol.NotLeaderException: Server 9a3a9e8a-f6ac-46f1-8d84-d7973be32798 is not the leader (null). Request must be sent to leader., logIndex=0, commits[9a3a9e8a-f6ac-46f1-8d84-d7973be32798:c-1]
 0.00% |█                                                                                                    |  0/1 Time: 0:00:092019-07-30 19:54:18,688 INFO  impl.FollowerState (FollowerState.java:run(106)) - e13ddee0-dbbd-417f-b839-5ac1fff14647:group-44F8C4956390 changes to CANDIDATE, lastRpcTime:5128, electionTimeout:5125ms
2019-07-30 19:54:18,688 INFO  impl.RoleInfo (RoleInfo.java:shutdownFollowerState(121)) - e13ddee0-dbbd-417f-b839-5ac1fff14647: shutdown FollowerState
2019-07-30 19:54:18,688 INFO  impl.RaftServerImpl (RaftServerImpl.java:setRole(171)) - e13ddee0-dbbd-417f-b839-5ac1fff14647:group-44F8C4956390 changes role from FOLLOWER to CANDIDATE at term 1 for changeToCandidate
2019-07-30 19:54:18,689 INFO  impl.RoleInfo (RoleInfo.java:updateAndGet(143)) - e13ddee0-dbbd-417f-b839-5ac1fff14647: start LeaderElection
2019-07-30 19:54:18,698 INFO  impl.FollowerState (FollowerState.java:run(106)) - 9a3a9e8a-f6ac-46f1-8d84-d7973be32798:group-44F8C4956390 changes to CANDIDATE, lastRpcTime:5134, electionTimeout:5133ms
2019-07-30 19:54:18,698 INFO  impl.RoleInfo (RoleInfo.java:shutdownFollowerState(121)) - 9a3a9e8a-f6ac-46f1-8d84-d7973be32798: shutdown FollowerState
2019-07-30 19:54:18,698 INFO  impl.RaftServerImpl (RaftServerImpl.java:setRole(171)) - 9a3a9e8a-f6ac-46f1-8d84-d7973be32798:group-44F8C4956390 changes role from FOLLOWER to CANDIDATE at term 1 for changeToCandidate
2019-07-30 19:54:18,699 INFO  impl.RoleInfo (RoleInfo.java:updateAndGet(143)) - 9a3a9e8a-f6ac-46f1-8d84-d7973be32798: start LeaderElection
2019-07-30 19:54:18,706 INFO  impl.LeaderElection (LeaderElection.java:askForVotes(181)) - e13ddee0-dbbd-417f-b839-5ac1fff14647:group-44F8C4956390:LeaderElection7: begin an election at term 2 for -1: [e13ddee0-dbbd-417f-b839-5ac1fff14647:192.168.69.112:40697, c97d87f5-306a-4fd5-a114-69a2e7479e2d:192.168.69.112:33176, 9a3a9e8a-f6ac-46f1-8d84-d7973be32798:192.168.69.112:43493], old=null
2019-07-30 19:54:18,706 INFO  impl.LeaderElection (LeaderElection.java:askForVotes(181)) - 9a3a9e8a-f6ac-46f1-8d84-d7973be32798:group-44F8C4956390:LeaderElection8: begin an election at term 2 for -1: [e13ddee0-dbbd-417f-b839-5ac1fff14647:192.168.69.112:40697, c97d87f5-306a-4fd5-a114-69a2e7479e2d:192.168.69.112:33176, 9a3a9e8a-f6ac-46f1-8d84-d7973be32798:192.168.69.112:43493], old=null
2019-07-30 19:54:18,719 INFO  impl.RaftServerImpl (RaftServerImpl.java:setRole(171)) - c97d87f5-306a-4fd5-a114-69a2e7479e2d:group-44F8C4956390 changes role from FOLLOWER to FOLLOWER at term 2 for recognizeCandidate:e13ddee0-dbbd-417f-b839-5ac1fff14647
2019-07-30 19:54:18,719 INFO  impl.RoleInfo (RoleInfo.java:shutdownFollowerState(121)) - c97d87f5-306a-4fd5-a114-69a2e7479e2d: shutdown FollowerState
2019-07-30 19:54:18,719 INFO  impl.RoleInfo (RoleInfo.java:updateAndGet(143)) - c97d87f5-306a-4fd5-a114-69a2e7479e2d: start FollowerState
2019-07-30 19:54:18,721 INFO  impl.FollowerState (FollowerState.java:run(114)) - c97d87f5-306a-4fd5-a114-69a2e7479e2d: FollowerState was interrupted: java.lang.InterruptedException: sleep interrupted
2019-07-30 19:54:18,732 INFO  client.GrpcClientProtocolClient (GrpcClientProtocolClient.java:onNext(255)) - client-01EE0D594A3C->c97d87f5-306a-4fd5-a114-69a2e7479e2d: receive RaftClientReply:client-01EE0D594A3C->c97d87f5-306a-4fd5-a114-69a2e7479e2d@group-44F8C4956390, cid=6, FAILED org.apache.ratis.protocol.NotLeaderException: Server c97d87f5-306a-4fd5-a114-69a2e7479e2d is not the leader (null). Request must be sent to leader., logIndex=0, commits[c97d87f5-306a-4fd5-a114-69a2e7479e2d:c-1]
2019-07-30 19:54:18,754 INFO  impl.LeaderElection (LeaderElection.java:logAndReturn(56)) - 9a3a9e8a-f6ac-46f1-8d84-d7973be32798:group-44F8C4956390:LeaderElection8: Election REJECTED; received 2 response(s) [9a3a9e8a-f6ac-46f1-8d84-d7973be32798<-e13ddee0-dbbd-417f-b839-5ac1fff14647#0:FAIL-t2, 9a3a9e8a-f6ac-46f1-8d84-d7973be32798<-c97d87f5-306a-4fd5-a114-69a2e7479e2d#0:FAIL-t2] and 0 exception(s); 9a3a9e8a-f6ac-46f1-8d84-d7973be32798:t2, leader=null, voted=9a3a9e8a-f6ac-46f1-8d84-d7973be32798, raftlog=9a3a9e8a-f6ac-46f1-8d84-d7973be32798-SegmentedRaftLog:OPENED:c-1,f-1,i0, conf=-1: [e13ddee0-dbbd-417f-b839-5ac1fff14647:192.168.69.112:40697, c97d87f5-306a-4fd5-a114-69a2e7479e2d:192.168.69.112:33176, 9a3a9e8a-f6ac-46f1-8d84-d7973be32798:192.168.69.112:43493], old=null
2019-07-30 19:54:18,754 INFO  impl.LeaderElection (LeaderElection.java:logAndReturn(56)) - e13ddee0-dbbd-417f-b839-5ac1fff14647:group-44F8C4956390:LeaderElection7: Election PASSED; received 2 response(s) [e13ddee0-dbbd-417f-b839-5ac1fff14647<-c97d87f5-306a-4fd5-a114-69a2e7479e2d#0:OK-t2, e13ddee0-dbbd-417f-b839-5ac1fff14647<-9a3a9e8a-f6ac-46f1-8d84-d7973be32798#0:FAIL-t2] and 0 exception(s); e13ddee0-dbbd-417f-b839-5ac1fff14647:t2, leader=null, voted=e13ddee0-dbbd-417f-b839-5ac1fff14647, raftlog=e13ddee0-dbbd-417f-b839-5ac1fff14647-SegmentedRaftLog:OPENED:c-1,f-1,i0, conf=-1: [e13ddee0-dbbd-417f-b839-5ac1fff14647:192.168.69.112:40697, c97d87f5-306a-4fd5-a114-69a2e7479e2d:192.168.69.112:33176, 9a3a9e8a-f6ac-46f1-8d84-d7973be32798:192.168.69.112:43493], old=null
2019-07-30 19:54:18,754 INFO  impl.RaftServerImpl (RaftServerImpl.java:setRole(171)) - 9a3a9e8a-f6ac-46f1-8d84-d7973be32798:group-44F8C4956390 changes role from CANDIDATE to FOLLOWER at term 2 for DISCOVERED_A_NEW_TERM
2019-07-30 19:54:18,756 INFO  impl.RoleInfo (RoleInfo.java:shutdownLeaderElection(134)) - e13ddee0-dbbd-417f-b839-5ac1fff14647: shutdown LeaderElection
2019-07-30 19:54:18,758 INFO  impl.RoleInfo (RoleInfo.java:shutdownLeaderElection(134)) - 9a3a9e8a-f6ac-46f1-8d84-d7973be32798: shutdown LeaderElection
2019-07-30 19:54:18,758 INFO  impl.RaftServerImpl (RaftServerImpl.java:setRole(171)) - e13ddee0-dbbd-417f-b839-5ac1fff14647:group-44F8C4956390 changes role from CANDIDATE to LEADER at term 2 for changeToLeader
2019-07-30 19:54:18,759 INFO  impl.RoleInfo (RoleInfo.java:updateAndGet(143)) - 9a3a9e8a-f6ac-46f1-8d84-d7973be32798: start FollowerState
2019-07-30 19:54:18,759 INFO  impl.RaftServerImpl (ServerState.java:setLeader(263)) - e13ddee0-dbbd-417f-b839-5ac1fff14647:group-44F8C4956390 change Leader from null to e13ddee0-dbbd-417f-b839-5ac1fff14647 at term 2 for becomeLeader, leader elected after 10398ms
2019-07-30 19:54:18,760 INFO  server.RaftServerConfigKeys (ConfUtils.java:logGet(43)) - raft.server.staging.catchup.gap = 1000 (default)
2019-07-30 19:54:18,760 INFO  server.RaftServerConfigKeys (ConfUtils.java:logGet(43)) - raft.server.rpc.sleep.time = 25ms (default)
2019-07-30 19:54:18,760 INFO  server.RaftServerConfigKeys (ConfUtils.java:logGet(43)) - raft.server.write.element-limit = 4096 (default)
2019-07-30 19:54:18,761 INFO  server.RaftServerConfigKeys (ConfUtils.java:logGet(43)) - raft.server.watch.timeout = 10s (default)
2019-07-30 19:54:18,761 INFO  server.RaftServerConfigKeys (ConfUtils.java:logGet(43)) - raft.server.watch.timeout.denomination = 1s (default)
2019-07-30 19:54:18,761 INFO  server.RaftServerConfigKeys (ConfUtils.java:logGet(43)) - raft.server.watch.element-limit = 65536 (default)
2019-07-30 19:54:18,764 INFO  server.RaftServerConfigKeys (ConfUtils.java:logGet(43)) - raft.server.log.appender.snapshot.chunk.size.max = 16MB (=16777216) (default)
2019-07-30 19:54:18,764 INFO  server.RaftServerConfigKeys (ConfUtils.java:logGet(43)) - raft.server.log.appender.buffer.byte-limit = 33554432 (custom)
2019-07-30 19:54:18,764 INFO  server.RaftServerConfigKeys (ConfUtils.java:logGet(43)) - raft.server.log.appender.buffer.element-limit = 1 (custom)
2019-07-30 19:54:18,768 INFO  grpc.GrpcConfigKeys$Server (ConfUtils.java:logGet(43)) - raft.grpc.server.leader.outstanding.appends.max = 128 (default)
2019-07-30 19:54:18,772 INFO  server.RaftServerConfigKeys (ConfUtils.java:logGet(43)) - raft.server.rpc.request.timeout = 3000ms (default)
2019-07-30 19:54:18,772 INFO  server.RaftServerConfigKeys (ConfUtils.java:logGet(43)) - raft.server.log.appender.install.snapshot.enabled = false (custom)
2019-07-30 19:54:18,772 INFO  server.RaftServerConfigKeys (ConfUtils.java:logGet(43)) - raft.server.log.appender.snapshot.chunk.size.max = 16MB (=16777216) (default)
2019-07-30 19:54:18,773 INFO  server.RaftServerConfigKeys (ConfUtils.java:logGet(43)) - raft.server.log.appender.buffer.byte-limit = 33554432 (custom)
2019-07-30 19:54:18,773 INFO  server.RaftServerConfigKeys (ConfUtils.java:logGet(43)) - raft.server.log.appender.buffer.element-limit = 1 (custom)
2019-07-30 19:54:18,773 INFO  grpc.GrpcConfigKeys$Server (ConfUtils.java:logGet(43)) - raft.grpc.server.leader.outstanding.appends.max = 128 (default)
2019-07-30 19:54:18,773 INFO  server.RaftServerConfigKeys (ConfUtils.java:logGet(43)) - raft.server.rpc.request.timeout = 3000ms (default)
2019-07-30 19:54:18,773 INFO  server.RaftServerConfigKeys (ConfUtils.java:logGet(43)) - raft.server.log.appender.install.snapshot.enabled = false (custom)
2019-07-30 19:54:18,775 INFO  impl.RoleInfo (RoleInfo.java:updateAndGet(143)) - e13ddee0-dbbd-417f-b839-5ac1fff14647: start LeaderState
2019-07-30 19:54:18,775 INFO  segmented.SegmentedRaftLogWorker (SegmentedRaftLogWorker.java:startLogSegment(380)) - e13ddee0-dbbd-417f-b839-5ac1fff14647-SegmentedRaftLogWorker:Storage Directory /workdir/hadoop-ozone/tools/target/test-dir/MiniOzoneClusterImpl-a3dc378c-a728-42de-a732-9931f4baf336/datanode-2/data/ratis/0b1841a0-ef75-449d-95cb-44f8c4956390: Starting segment from index:0
2019-07-30 19:54:18,776 INFO  impl.RaftServerImpl (ServerState.java:setRaftConf(361)) - e13ddee0-dbbd-417f-b839-5ac1fff14647:group-44F8C4956390 set configuration 0: [e13ddee0-dbbd-417f-b839-5ac1fff14647:192.168.69.112:40697, c97d87f5-306a-4fd5-a114-69a2e7479e2d:192.168.69.112:33176, 9a3a9e8a-f6ac-46f1-8d84-d7973be32798:192.168.69.112:43493], old=null at 0
2019-07-30 19:54:18,814 INFO  impl.RaftServerImpl (ServerState.java:setLeader(263)) - 9a3a9e8a-f6ac-46f1-8d84-d7973be32798:group-44F8C4956390 change Leader from null to e13ddee0-dbbd-417f-b839-5ac1fff14647 at term 2 for appendEntries, leader elected after 10454ms
2019-07-30 19:54:18,814 INFO  impl.RaftServerImpl (ServerState.java:setLeader(263)) - c97d87f5-306a-4fd5-a114-69a2e7479e2d:group-44F8C4956390 change Leader from null to e13ddee0-dbbd-417f-b839-5ac1fff14647 at term 2 for appendEntries, leader elected after 10454ms
2019-07-30 19:54:18,816 INFO  segmented.SegmentedRaftLogWorker (SegmentedRaftLogWorker.java:execute(569)) - e13ddee0-dbbd-417f-b839-5ac1fff14647-SegmentedRaftLogWorker:Storage Directory /workdir/hadoop-ozone/tools/target/test-dir/MiniOzoneClusterImpl-a3dc378c-a728-42de-a732-9931f4baf336/datanode-2/data/ratis/0b1841a0-ef75-449d-95cb-44f8c4956390: created new log segment /workdir/hadoop-ozone/tools/target/test-dir/MiniOzoneClusterImpl-a3dc378c-a728-42de-a732-9931f4baf336/datanode-2/data/ratis/0b1841a0-ef75-449d-95cb-44f8c4956390/current/log_inprogress_0
2019-07-30 19:54:18,842 INFO  impl.RaftServerImpl (ServerState.java:setRaftConf(361)) - 9a3a9e8a-f6ac-46f1-8d84-d7973be32798:group-44F8C4956390 set configuration 0: [e13ddee0-dbbd-417f-b839-5ac1fff14647:192.168.69.112:40697, c97d87f5-306a-4fd5-a114-69a2e7479e2d:192.168.69.112:33176, 9a3a9e8a-f6ac-46f1-8d84-d7973be32798:192.168.69.112:43493], old=null at 0
2019-07-30 19:54:18,842 INFO  impl.RaftServerImpl (ServerState.java:setRaftConf(361)) - c97d87f5-306a-4fd5-a114-69a2e7479e2d:group-44F8C4956390 set configuration 0: [e13ddee0-dbbd-417f-b839-5ac1fff14647:192.168.69.112:40697, c97d87f5-306a-4fd5-a114-69a2e7479e2d:192.168.69.112:33176, 9a3a9e8a-f6ac-46f1-8d84-d7973be32798:192.168.69.112:43493], old=null at 0
2019-07-30 19:54:18,843 INFO  segmented.SegmentedRaftLogWorker (SegmentedRaftLogWorker.java:startLogSegment(380)) - 9a3a9e8a-f6ac-46f1-8d84-d7973be32798-SegmentedRaftLogWorker:Storage Directory /workdir/hadoop-ozone/tools/target/test-dir/MiniOzoneClusterImpl-a3dc378c-a728-42de-a732-9931f4baf336/datanode-1/data/ratis/0b1841a0-ef75-449d-95cb-44f8c4956390: Starting segment from index:0
2019-07-30 19:54:18,844 INFO  segmented.SegmentedRaftLogWorker (SegmentedRaftLogWorker.java:startLogSegment(380)) - c97d87f5-306a-4fd5-a114-69a2e7479e2d-SegmentedRaftLogWorker:Storage Directory /workdir/hadoop-ozone/tools/target/test-dir/MiniOzoneClusterImpl-a3dc378c-a728-42de-a732-9931f4baf336/datanode-0/data/ratis/0b1841a0-ef75-449d-95cb-44f8c4956390: Starting segment from index:0
2019-07-30 19:54:18,873 INFO  segmented.SegmentedRaftLogWorker (SegmentedRaftLogWorker.java:execute(569)) - c97d87f5-306a-4fd5-a114-69a2e7479e2d-SegmentedRaftLogWorker:Storage Directory /workdir/hadoop-ozone/tools/target/test-dir/MiniOzoneClusterImpl-a3dc378c-a728-42de-a732-9931f4baf336/datanode-0/data/ratis/0b1841a0-ef75-449d-95cb-44f8c4956390: created new log segment /workdir/hadoop-ozone/tools/target/test-dir/MiniOzoneClusterImpl-a3dc378c-a728-42de-a732-9931f4baf336/datanode-0/data/ratis/0b1841a0-ef75-449d-95cb-44f8c4956390/current/log_inprogress_0
2019-07-30 19:54:18,873 INFO  segmented.SegmentedRaftLogWorker (SegmentedRaftLogWorker.java:execute(569)) - 9a3a9e8a-f6ac-46f1-8d84-d7973be32798-SegmentedRaftLogWorker:Storage Directory /workdir/hadoop-ozone/tools/target/test-dir/MiniOzoneClusterImpl-a3dc378c-a728-42de-a732-9931f4baf336/datanode-1/data/ratis/0b1841a0-ef75-449d-95cb-44f8c4956390: created new log segment /workdir/hadoop-ozone/tools/target/test-dir/MiniOzoneClusterImpl-a3dc378c-a728-42de-a732-9931f4baf336/datanode-1/data/ratis/0b1841a0-ef75-449d-95cb-44f8c4956390/current/log_inprogress_0
 0.00% |█                                                                                                    |  0/1 Time: 0:00:10 0.00% |█                                                                                                    |  0/1 Time: 0:00:112019-07-30 19:54:20,034 INFO  client.GrpcClientProtocolClient (GrpcClientProtocolClient.java:onNext(255)) - client-01EE0D594A3C->e13ddee0-dbbd-417f-b839-5ac1fff14647: receive RaftClientReply:client-01EE0D594A3C->e13ddee0-dbbd-417f-b839-5ac1fff14647@group-44F8C4956390, cid=6, SUCCESS, logIndex=1, commits[e13ddee0-dbbd-417f-b839-5ac1fff14647:c1, c97d87f5-306a-4fd5-a114-69a2e7479e2d:c0, 9a3a9e8a-f6ac-46f1-8d84-d7973be32798:c0]
2019-07-30 19:54:20,210 INFO  client.GrpcClientProtocolClient (GrpcClientProtocolClient.java:onNext(255)) - client-01EE0D594A3C->e13ddee0-dbbd-417f-b839-5ac1fff14647: receive RaftClientReply:client-01EE0D594A3C->e13ddee0-dbbd-417f-b839-5ac1fff14647@group-44F8C4956390, cid=7, SUCCESS, logIndex=3, commits[e13ddee0-dbbd-417f-b839-5ac1fff14647:c8, c97d87f5-306a-4fd5-a114-69a2e7479e2d:c6, 9a3a9e8a-f6ac-46f1-8d84-d7973be32798:c5]
2019-07-30 19:54:20,214 INFO  client.GrpcClientProtocolClient (GrpcClientProtocolClient.java:onNext(255)) - client-01EE0D594A3C->e13ddee0-dbbd-417f-b839-5ac1fff14647: receive RaftClientReply:client-01EE0D594A3C->e13ddee0-dbbd-417f-b839-5ac1fff14647@group-44F8C4956390, cid=8, SUCCESS, logIndex=4, commits[e13ddee0-dbbd-417f-b839-5ac1fff14647:c8, c97d87f5-306a-4fd5-a114-69a2e7479e2d:c6, 9a3a9e8a-f6ac-46f1-8d84-d7973be32798:c5]
2019-07-30 19:54:20,254 INFO  client.GrpcClientProtocolClient (GrpcClientProtocolClient.java:onNext(255)) - client-01EE0D594A3C->e13ddee0-dbbd-417f-b839-5ac1fff14647: receive RaftClientReply:client-01EE0D594A3C->e13ddee0-dbbd-417f-b839-5ac1fff14647@group-44F8C4956390, cid=9, SUCCESS, logIndex=5, commits[e13ddee0-dbbd-417f-b839-5ac1fff14647:c8, c97d87f5-306a-4fd5-a114-69a2e7479e2d:c6, 9a3a9e8a-f6ac-46f1-8d84-d7973be32798:c5]
2019-07-30 19:54:20,313 INFO  client.GrpcClientProtocolClient (GrpcClientProtocolClient.java:onNext(255)) - client-01EE0D594A3C->e13ddee0-dbbd-417f-b839-5ac1fff14647: receive RaftClientReply:client-01EE0D594A3C->e13ddee0-dbbd-417f-b839-5ac1fff14647@group-44F8C4956390, cid=10, SUCCESS, logIndex=9, commits[e13ddee0-dbbd-417f-b839-5ac1fff14647:c10, c97d87f5-306a-4fd5-a114-69a2e7479e2d:c8, 9a3a9e8a-f6ac-46f1-8d84-d7973be32798:c8]
2019-07-30 19:54:20,314 INFO  client.GrpcClientProtocolClient (GrpcClientProtocolClient.java:onNext(255)) - client-01EE0D594A3C->e13ddee0-dbbd-417f-b839-5ac1fff14647: receive RaftClientReply:client-01EE0D594A3C->e13ddee0-dbbd-417f-b839-5ac1fff14647@group-44F8C4956390, cid=11, SUCCESS, logIndex=10, commits[e13ddee0-dbbd-417f-b839-5ac1fff14647:c10, c97d87f5-306a-4fd5-a114-69a2e7479e2d:c8, 9a3a9e8a-f6ac-46f1-8d84-d7973be32798:c8]
2019-07-30 19:54:20,328 INFO  client.GrpcClientProtocolClient (GrpcClientProtocolClient.java:onNext(255)) - client-01EE0D594A3C->e13ddee0-dbbd-417f-b839-5ac1fff14647: receive RaftClientReply:client-01EE0D594A3C->e13ddee0-dbbd-417f-b839-5ac1fff14647@group-44F8C4956390, cid=12, SUCCESS, logIndex=11, commits[e13ddee0-dbbd-417f-b839-5ac1fff14647:c12, c97d87f5-306a-4fd5-a114-69a2e7479e2d:c10, 9a3a9e8a-f6ac-46f1-8d84-d7973be32798:c8]
2019-07-30 19:54:20,331 INFO  client.GrpcClientProtocolClient (GrpcClientProtocolClient.java:onNext(255)) - client-01EE0D594A3C->e13ddee0-dbbd-417f-b839-5ac1fff14647: receive RaftClientReply:client-01EE0D594A3C->e13ddee0-dbbd-417f-b839-5ac1fff14647@group-44F8C4956390, cid=13, SUCCESS, logIndex=12, commits[e13ddee0-dbbd-417f-b839-5ac1fff14647:c14, c97d87f5-306a-4fd5-a114-69a2e7479e2d:c10, 9a3a9e8a-f6ac-46f1-8d84-d7973be32798:c10]
2019-07-30 19:54:20,361 INFO  client.GrpcClientProtocolClient (GrpcClientProtocolClient.java:onNext(255)) - client-01EE0D594A3C->e13ddee0-dbbd-417f-b839-5ac1fff14647: receive RaftClientReply:client-01EE0D594A3C->e13ddee0-dbbd-417f-b839-5ac1fff14647@group-44F8C4956390, cid=14, SUCCESS, logIndex=0, commits[e13ddee0-dbbd-417f-b839-5ac1fff14647:c16, c97d87f5-306a-4fd5-a114-69a2e7479e2d:c13, 9a3a9e8a-f6ac-46f1-8d84-d7973be32798:c12]
2019-07-30 19:54:20,401 INFO  keyvalue.KeyValueHandler (ContainerUtils.java:logAndReturnError(146)) - Operation: CreateContainer : Trace ID: c3fcccb11b2578a0:f4ca1f0640c2de2f:3a49cab58fcb91ba:0 : Message: Container creation failed, due to disk out of space : Result: DISK_OUT_OF_SPACE
2019-07-30 19:54:20,413 INFO  keyvalue.KeyValueHandler (ContainerUtils.java:logAndReturnError(146)) - Operation: CreateContainer : Trace ID: c3fcccb11b2578a0:f4ca1f0640c2de2f:3a49cab58fcb91ba:0 : Message: Container creation failed, due to disk out of space : Result: DISK_OUT_OF_SPACE
2019-07-30 19:54:20,416 INFO  keyvalue.KeyValueHandler (ContainerUtils.java:logAndReturnError(146)) - Operation: CreateContainer : Trace ID: c3fcccb11b2578a0:f4ca1f0640c2de2f:3a49cab58fcb91ba:0 : Message: Container creation failed, due to disk out of space : Result: DISK_OUT_OF_SPACE
19:54:20.414 [pool-37-thread-5] ERROR DNAudit - user=null | ip=null | op=WRITE_CHUNK {blockData=conID: 2 locID: 102532150006972418 bcsId: 0} | ret=FAILURE
org.apache.hadoop.hdds.scm.container.common.helpers.StorageContainerException: ContainerID 2 creation failed
	at org.apache.hadoop.ozone.container.common.impl.HddsDispatcher.dispatchRequest(HddsDispatcher.java:227) ~[classes/:?]
	at org.apache.hadoop.ozone.container.common.impl.HddsDispatcher.dispatch(HddsDispatcher.java:148) ~[classes/:?]
	at org.apache.hadoop.ozone.container.common.transport.server.ratis.ContainerStateMachine.dispatchCommand(ContainerStateMachine.java:374) ~[classes/:?]
	at org.apache.hadoop.ozone.container.common.transport.server.ratis.ContainerStateMachine.runCommand(ContainerStateMachine.java:381) ~[classes/:?]
	at org.apache.hadoop.ozone.container.common.transport.server.ratis.ContainerStateMachine.lambda$handleWriteChunk$1(ContainerStateMachine.java:412) ~[classes/:?]
	at java.util.concurrent.CompletableFuture$AsyncSupply.run(CompletableFuture.java:1590) [?:1.8.0_212]
	at java.util.concurrent.ThreadPoolExecutor.runWorker(ThreadPoolExecutor.java:1149) [?:1.8.0_212]
	at java.util.concurrent.ThreadPoolExecutor$Worker.run(ThreadPoolExecutor.java:624) [?:1.8.0_212]
	at java.lang.Thread.run(Thread.java:748) [?:1.8.0_212]
19:54:20.405 [pool-48-thread-13] ERROR DNAudit - user=null | ip=null | op=WRITE_CHUNK {blockData=conID: 2 locID: 102532150006972418 bcsId: 0} | ret=FAILURE
org.apache.hadoop.hdds.scm.container.common.helpers.StorageContainerException: ContainerID 2 creation failed
	at org.apache.hadoop.ozone.container.common.impl.HddsDispatcher.dispatchRequest(HddsDispatcher.java:227) ~[classes/:?]
	at org.apache.hadoop.ozone.container.common.impl.HddsDispatcher.dispatch(HddsDispatcher.java:148) ~[classes/:?]
	at org.apache.hadoop.ozone.container.common.transport.server.ratis.ContainerStateMachine.dispatchCommand(ContainerStateMachine.java:374) ~[classes/:?]
	at org.apache.hadoop.ozone.container.common.transport.server.ratis.ContainerStateMachine.runCommand(ContainerStateMachine.java:381) ~[classes/:?]
	at org.apache.hadoop.ozone.container.common.transport.server.ratis.ContainerStateMachine.lambda$handleWriteChunk$1(ContainerStateMachine.java:412) ~[classes/:?]
	at java.util.concurrent.CompletableFuture$AsyncSupply.run(CompletableFuture.java:1590) [?:1.8.0_212]
	at java.util.concurrent.ThreadPoolExecutor.runWorker(ThreadPoolExecutor.java:1149) [?:1.8.0_212]
	at java.util.concurrent.ThreadPoolExecutor$Worker.run(ThreadPoolExecutor.java:624) [?:1.8.0_212]
	at java.lang.Thread.run(Thread.java:748) [?:1.8.0_212]
19:54:20.416 [pool-26-thread-5] ERROR DNAudit - user=null | ip=null | op=WRITE_CHUNK {blockData=conID: 2 locID: 102532150006972418 bcsId: 0} | ret=FAILURE
org.apache.hadoop.hdds.scm.container.common.helpers.StorageContainerException: ContainerID 2 creation failed
	at org.apache.hadoop.ozone.container.common.impl.HddsDispatcher.dispatchRequest(HddsDispatcher.java:227) ~[classes/:?]
	at org.apache.hadoop.ozone.container.common.impl.HddsDispatcher.dispatch(HddsDispatcher.java:148) ~[classes/:?]
	at org.apache.hadoop.ozone.container.common.transport.server.ratis.ContainerStateMachine.dispatchCommand(ContainerStateMachine.java:374) ~[classes/:?]
	at org.apache.hadoop.ozone.container.common.transport.server.ratis.ContainerStateMachine.runCommand(ContainerStateMachine.java:381) ~[classes/:?]
	at org.apache.hadoop.ozone.container.common.transport.server.ratis.ContainerStateMachine.lambda$handleWriteChunk$1(ContainerStateMachine.java:412) ~[classes/:?]
	at java.util.concurrent.CompletableFuture$AsyncSupply.run(CompletableFuture.java:1590) [?:1.8.0_212]
	at java.util.concurrent.ThreadPoolExecutor.runWorker(ThreadPoolExecutor.java:1149) [?:1.8.0_212]
	at java.util.concurrent.ThreadPoolExecutor$Worker.run(ThreadPoolExecutor.java:624) [?:1.8.0_212]
	at java.lang.Thread.run(Thread.java:748) [?:1.8.0_212]
2019-07-30 19:54:20,424 INFO  impl.HddsDispatcher (ContainerUtils.java:logAndReturnError(146)) - Operation: WriteChunk : Trace ID: c3fcccb11b2578a0:f4ca1f0640c2de2f:3a49cab58fcb91ba:0 : Message: ContainerID 2 creation failed : Result: DISK_OUT_OF_SPACE
2019-07-30 19:54:20,424 INFO  impl.HddsDispatcher (ContainerUtils.java:logAndReturnError(146)) - Operation: WriteChunk : Trace ID: c3fcccb11b2578a0:f4ca1f0640c2de2f:3a49cab58fcb91ba:0 : Message: ContainerID 2 creation failed : Result: DISK_OUT_OF_SPACE
2019-07-30 19:54:20,424 INFO  impl.HddsDispatcher (ContainerUtils.java:logAndReturnError(146)) - Operation: WriteChunk : Trace ID: c3fcccb11b2578a0:f4ca1f0640c2de2f:3a49cab58fcb91ba:0 : Message: ContainerID 2 creation failed : Result: DISK_OUT_OF_SPACE
19:54:20.437 [RatisApplyTransactionExecutor 2] ERROR DNAudit - user=null | ip=null | op=WRITE_CHUNK {blockData=conID: 2 locID: 102532150006972418 bcsId: 0} | ret=FAILURE
org.apache.hadoop.hdds.scm.container.common.helpers.StorageContainerException: ContainerID 2 does not exist
	at org.apache.hadoop.ozone.container.common.impl.HddsDispatcher.dispatchRequest(HddsDispatcher.java:242) ~[classes/:?]
	at org.apache.hadoop.ozone.container.common.impl.HddsDispatcher.dispatch(HddsDispatcher.java:148) ~[classes/:?]
	at org.apache.hadoop.ozone.container.common.transport.server.ratis.ContainerStateMachine.dispatchCommand(ContainerStateMachine.java:374) ~[classes/:?]
	at org.apache.hadoop.ozone.container.common.transport.server.ratis.ContainerStateMachine.runCommand(ContainerStateMachine.java:381) ~[classes/:?]
	at org.apache.hadoop.ozone.container.common.transport.server.ratis.ContainerStateMachine.lambda$applyTransaction$6(ContainerStateMachine.java:647) ~[classes/:?]
	at java.util.concurrent.CompletableFuture$AsyncSupply.run(CompletableFuture.java:1590) [?:1.8.0_212]
	at java.util.concurrent.ThreadPoolExecutor.runWorker(ThreadPoolExecutor.java:1149) [?:1.8.0_212]
	at java.util.concurrent.ThreadPoolExecutor$Worker.run(ThreadPoolExecutor.java:624) [?:1.8.0_212]
	at java.lang.Thread.run(Thread.java:748) [?:1.8.0_212]
2019-07-30 19:54:20,437 INFO  impl.HddsDispatcher (ContainerUtils.java:logAndReturnError(146)) - Operation: WriteChunk : Trace ID: c3fcccb11b2578a0:f4ca1f0640c2de2f:3a49cab58fcb91ba:0 : Message: ContainerID 2 does not exist : Result: CONTAINER_NOT_FOUND
2019-07-30 19:54:20,441 INFO  client.GrpcClientProtocolClient (GrpcClientProtocolClient.java:onNext(255)) - client-4F1ADAF37910->e13ddee0-dbbd-417f-b839-5ac1fff14647: receive RaftClientReply:client-4F1ADAF37910->e13ddee0-dbbd-417f-b839-5ac1fff14647@group-44F8C4956390, cid=15, SUCCESS, logIndex=17, commits[e13ddee0-dbbd-417f-b839-5ac1fff14647:c17, c97d87f5-306a-4fd5-a114-69a2e7479e2d:c16, 9a3a9e8a-f6ac-46f1-8d84-d7973be32798:c16]
19:54:20.448 [RatisApplyTransactionExecutor 2] ERROR DNAudit - user=null | ip=null | op=WRITE_CHUNK {blockData=conID: 2 locID: 102532150006972418 bcsId: 0} | ret=FAILURE
org.apache.hadoop.hdds.scm.container.common.helpers.StorageContainerException: ContainerID 2 does not exist
	at org.apache.hadoop.ozone.container.common.impl.HddsDispatcher.dispatchRequest(HddsDispatcher.java:242) ~[classes/:?]
	at org.apache.hadoop.ozone.container.common.impl.HddsDispatcher.dispatch(HddsDispatcher.java:148) ~[classes/:?]
	at org.apache.hadoop.ozone.container.common.transport.server.ratis.ContainerStateMachine.dispatchCommand(ContainerStateMachine.java:374) ~[classes/:?]
	at org.apache.hadoop.ozone.container.common.transport.server.ratis.ContainerStateMachine.runCommand(ContainerStateMachine.java:381) ~[classes/:?]
	at org.apache.hadoop.ozone.container.common.transport.server.ratis.ContainerStateMachine.lambda$applyTransaction$6(ContainerStateMachine.java:647) ~[classes/:?]
	at java.util.concurrent.CompletableFuture$AsyncSupply.run(CompletableFuture.java:1590) [?:1.8.0_212]
	at java.util.concurrent.ThreadPoolExecutor.runWorker(ThreadPoolExecutor.java:1149) [?:1.8.0_212]
	at java.util.concurrent.ThreadPoolExecutor$Worker.run(ThreadPoolExecutor.java:624) [?:1.8.0_212]
	at java.lang.Thread.run(Thread.java:748) [?:1.8.0_212]
19:54:20.448 [RatisApplyTransactionExecutor 2] ERROR DNAudit - user=null | ip=null | op=WRITE_CHUNK {blockData=conID: 2 locID: 102532150006972418 bcsId: 0} | ret=FAILURE
org.apache.hadoop.hdds.scm.container.common.helpers.StorageContainerException: ContainerID 2 does not exist
	at org.apache.hadoop.ozone.container.common.impl.HddsDispatcher.dispatchRequest(HddsDispatcher.java:242) ~[classes/:?]
	at org.apache.hadoop.ozone.container.common.impl.HddsDispatcher.dispatch(HddsDispatcher.java:148) ~[classes/:?]
	at org.apache.hadoop.ozone.container.common.transport.server.ratis.ContainerStateMachine.dispatchCommand(ContainerStateMachine.java:374) ~[classes/:?]
	at org.apache.hadoop.ozone.container.common.transport.server.ratis.ContainerStateMachine.runCommand(ContainerStateMachine.java:381) ~[classes/:?]
	at org.apache.hadoop.ozone.container.common.transport.server.ratis.ContainerStateMachine.lambda$applyTransaction$6(ContainerStateMachine.java:647) ~[classes/:?]
	at java.util.concurrent.CompletableFuture$AsyncSupply.run(CompletableFuture.java:1590) [?:1.8.0_212]
	at java.util.concurrent.ThreadPoolExecutor.runWorker(ThreadPoolExecutor.java:1149) [?:1.8.0_212]
	at java.util.concurrent.ThreadPoolExecutor$Worker.run(ThreadPoolExecutor.java:624) [?:1.8.0_212]
	at java.lang.Thread.run(Thread.java:748) [?:1.8.0_212]
2019-07-30 19:54:20,448 ERROR storage.BlockOutputStream (BlockOutputStream.java:validateResponse(531)) - Unexpected Storage Container Exception: 
org.apache.hadoop.hdds.scm.container.common.helpers.StorageContainerException: ContainerID 2 does not exist
	at org.apache.hadoop.hdds.scm.storage.ContainerProtocolCalls.validateContainerResponse(ContainerProtocolCalls.java:536)
	at org.apache.hadoop.hdds.scm.storage.BlockOutputStream.validateResponse(BlockOutputStream.java:529)
	at org.apache.hadoop.hdds.scm.storage.BlockOutputStream.lambda$writeChunkToContainer$2(BlockOutputStream.java:606)
	at java.util.concurrent.CompletableFuture.uniApply(CompletableFuture.java:602)
	at java.util.concurrent.CompletableFuture$UniApply.tryFire(CompletableFuture.java:577)
	at java.util.concurrent.CompletableFuture$Completion.run(CompletableFuture.java:442)
	at java.util.concurrent.ThreadPoolExecutor.runWorker(ThreadPoolExecutor.java:1149)
	at java.util.concurrent.ThreadPoolExecutor$Worker.run(ThreadPoolExecutor.java:624)
	at java.lang.Thread.run(Thread.java:748)
2019-07-30 19:54:20,448 INFO  impl.HddsDispatcher (ContainerUtils.java:logAndReturnError(146)) - Operation: WriteChunk : Trace ID: c3fcccb11b2578a0:f4ca1f0640c2de2f:3a49cab58fcb91ba:0 : Message: ContainerID 2 does not exist : Result: CONTAINER_NOT_FOUND
2019-07-30 19:54:20,448 INFO  impl.HddsDispatcher (ContainerUtils.java:logAndReturnError(146)) - Operation: WriteChunk : Trace ID: c3fcccb11b2578a0:f4ca1f0640c2de2f:3a49cab58fcb91ba:0 : Message: ContainerID 2 does not exist : Result: CONTAINER_NOT_FOUND
2019-07-30 19:54:20,456 INFO  keyvalue.KeyValueHandler (ContainerUtils.java:logAndReturnError(146)) - Operation: CreateContainer : Trace ID: c3fcccb11b2578a0:92f4943378535119:3a49cab58fcb91ba:0 : Message: Container creation failed, due to disk out of space : Result: DISK_OUT_OF_SPACE
19:54:20.456 [pool-48-thread-16] ERROR DNAudit - user=null | ip=null | op=WRITE_CHUNK {blockData=conID: 2 locID: 102532150006972418 bcsId: 0} | ret=FAILURE
org.apache.hadoop.hdds.scm.container.common.helpers.StorageContainerException: ContainerID 2 creation failed
	at org.apache.hadoop.ozone.container.common.impl.HddsDispatcher.dispatchRequest(HddsDispatcher.java:227) ~[classes/:?]
	at org.apache.hadoop.ozone.container.common.impl.HddsDispatcher.dispatch(HddsDispatcher.java:148) ~[classes/:?]
	at org.apache.hadoop.ozone.container.common.transport.server.ratis.ContainerStateMachine.dispatchCommand(ContainerStateMachine.java:374) ~[classes/:?]
	at org.apache.hadoop.ozone.container.common.transport.server.ratis.ContainerStateMachine.runCommand(ContainerStateMachine.java:381) ~[classes/:?]
	at org.apache.hadoop.ozone.container.common.transport.server.ratis.ContainerStateMachine.lambda$handleWriteChunk$1(ContainerStateMachine.java:412) ~[classes/:?]
	at java.util.concurrent.CompletableFuture$AsyncSupply.run(CompletableFuture.java:1590) [?:1.8.0_212]
	at java.util.concurrent.ThreadPoolExecutor.runWorker(ThreadPoolExecutor.java:1149) [?:1.8.0_212]
	at java.util.concurrent.ThreadPoolExecutor$Worker.run(ThreadPoolExecutor.java:624) [?:1.8.0_212]
	at java.lang.Thread.run(Thread.java:748) [?:1.8.0_212]
2019-07-30 19:54:20,457 INFO  impl.HddsDispatcher (ContainerUtils.java:logAndReturnError(146)) - Operation: WriteChunk : Trace ID: c3fcccb11b2578a0:92f4943378535119:3a49cab58fcb91ba:0 : Message: ContainerID 2 creation failed : Result: DISK_OUT_OF_SPACE
19:54:20.461 [RatisApplyTransactionExecutor 2] ERROR DNAudit - user=null | ip=null | op=PUT_BLOCK {blockData=[blockId=conID: 2 locID: 102532150006972418 bcsId: 0,size=1048576]} | ret=FAILURE
org.apache.hadoop.hdds.scm.container.common.helpers.StorageContainerException: ContainerID 2 does not exist
	at org.apache.hadoop.ozone.container.common.impl.HddsDispatcher.dispatchRequest(HddsDispatcher.java:242) ~[classes/:?]
	at org.apache.hadoop.ozone.container.common.impl.HddsDispatcher.dispatch(HddsDispatcher.java:148) ~[classes/:?]
	at org.apache.hadoop.ozone.container.common.transport.server.ratis.ContainerStateMachine.dispatchCommand(ContainerStateMachine.java:374) ~[classes/:?]
	at org.apache.hadoop.ozone.container.common.transport.server.ratis.ContainerStateMachine.runCommand(ContainerStateMachine.java:381) ~[classes/:?]
	at org.apache.hadoop.ozone.container.common.transport.server.ratis.ContainerStateMachine.lambda$applyTransaction$6(ContainerStateMachine.java:647) ~[classes/:?]
	at java.util.concurrent.CompletableFuture$AsyncSupply.run(CompletableFuture.java:1590) [?:1.8.0_212]
	at java.util.concurrent.ThreadPoolExecutor.runWorker(ThreadPoolExecutor.java:1149) [?:1.8.0_212]
	at java.util.concurrent.ThreadPoolExecutor$Worker.run(ThreadPoolExecutor.java:624) [?:1.8.0_212]
	at java.lang.Thread.run(Thread.java:748) [?:1.8.0_212]
2019-07-30 19:54:20,462 INFO  impl.HddsDispatcher (ContainerUtils.java:logAndReturnError(146)) - Operation: PutBlock : Trace ID: c3fcccb11b2578a0:eca69eb767b4551c:3a49cab58fcb91ba:0 : Message: ContainerID 2 does not exist : Result: CONTAINER_NOT_FOUND
2019-07-30 19:54:20,464 INFO  keyvalue.KeyValueHandler (ContainerUtils.java:logAndReturnError(146)) - Operation: CreateContainer : Trace ID: c3fcccb11b2578a0:92f4943378535119:3a49cab58fcb91ba:0 : Message: Container creation failed, due to disk out of space : Result: DISK_OUT_OF_SPACE
19:54:20.464 [pool-37-thread-6] ERROR DNAudit - user=null | ip=null | op=WRITE_CHUNK {blockData=conID: 2 locID: 102532150006972418 bcsId: 0} | ret=FAILURE
org.apache.hadoop.hdds.scm.container.common.helpers.StorageContainerException: ContainerID 2 creation failed
	at org.apache.hadoop.ozone.container.common.impl.HddsDispatcher.dispatchRequest(HddsDispatcher.java:227) ~[classes/:?]
	at org.apache.hadoop.ozone.container.common.impl.HddsDispatcher.dispatch(HddsDispatcher.java:148) ~[classes/:?]
	at org.apache.hadoop.ozone.container.common.transport.server.ratis.ContainerStateMachine.dispatchCommand(ContainerStateMachine.java:374) ~[classes/:?]
	at org.apache.hadoop.ozone.container.common.transport.server.ratis.ContainerStateMachine.runCommand(ContainerStateMachine.java:381) ~[classes/:?]
	at org.apache.hadoop.ozone.container.common.transport.server.ratis.ContainerStateMachine.lambda$handleWriteChunk$1(ContainerStateMachine.java:412) ~[classes/:?]
	at java.util.concurrent.CompletableFuture$AsyncSupply.run(CompletableFuture.java:1590) [?:1.8.0_212]
	at java.util.concurrent.ThreadPoolExecutor.runWorker(ThreadPoolExecutor.java:1149) [?:1.8.0_212]
	at java.util.concurrent.ThreadPoolExecutor$Worker.run(ThreadPoolExecutor.java:624) [?:1.8.0_212]
	at java.lang.Thread.run(Thread.java:748) [?:1.8.0_212]
2019-07-30 19:54:20,465 INFO  impl.HddsDispatcher (ContainerUtils.java:logAndReturnError(146)) - Operation: WriteChunk : Trace ID: c3fcccb11b2578a0:92f4943378535119:3a49cab58fcb91ba:0 : Message: ContainerID 2 creation failed : Result: DISK_OUT_OF_SPACE
2019-07-30 19:54:20,466 INFO  client.GrpcClientProtocolClient (GrpcClientProtocolClient.java:onNext(255)) - client-4F1ADAF37910->e13ddee0-dbbd-417f-b839-5ac1fff14647: receive RaftClientReply:client-4F1ADAF37910->e13ddee0-dbbd-417f-b839-5ac1fff14647@group-44F8C4956390, cid=16, SUCCESS, logIndex=19, commits[e13ddee0-dbbd-417f-b839-5ac1fff14647:c19, c97d87f5-306a-4fd5-a114-69a2e7479e2d:c17, 9a3a9e8a-f6ac-46f1-8d84-d7973be32798:c17]
2019-07-30 19:54:20,467 INFO  keyvalue.KeyValueHandler (ContainerUtils.java:logAndReturnError(146)) - Operation: CreateContainer : Trace ID: c3fcccb11b2578a0:92f4943378535119:3a49cab58fcb91ba:0 : Message: Container creation failed, due to disk out of space : Result: DISK_OUT_OF_SPACE
19:54:20.468 [pool-26-thread-6] ERROR DNAudit - user=null | ip=null | op=WRITE_CHUNK {blockData=conID: 2 locID: 102532150006972418 bcsId: 0} | ret=FAILURE
org.apache.hadoop.hdds.scm.container.common.helpers.StorageContainerException: ContainerID 2 creation failed
	at org.apache.hadoop.ozone.container.common.impl.HddsDispatcher.dispatchRequest(HddsDispatcher.java:227) ~[classes/:?]
	at org.apache.hadoop.ozone.container.common.impl.HddsDispatcher.dispatch(HddsDispatcher.java:148) ~[classes/:?]
	at org.apache.hadoop.ozone.container.common.transport.server.ratis.ContainerStateMachine.dispatchCommand(ContainerStateMachine.java:374) ~[classes/:?]
	at org.apache.hadoop.ozone.container.common.transport.server.ratis.ContainerStateMachine.runCommand(ContainerStateMachine.java:381) ~[classes/:?]
	at org.apache.hadoop.ozone.container.common.transport.server.ratis.ContainerStateMachine.lambda$handleWriteChunk$1(ContainerStateMachine.java:412) ~[classes/:?]
	at java.util.concurrent.CompletableFuture$AsyncSupply.run(CompletableFuture.java:1590) [?:1.8.0_212]
	at java.util.concurrent.ThreadPoolExecutor.runWorker(ThreadPoolExecutor.java:1149) [?:1.8.0_212]
	at java.util.concurrent.ThreadPoolExecutor$Worker.run(ThreadPoolExecutor.java:624) [?:1.8.0_212]
	at java.lang.Thread.run(Thread.java:748) [?:1.8.0_212]
2019-07-30 19:54:20,468 INFO  impl.HddsDispatcher (ContainerUtils.java:logAndReturnError(146)) - Operation: WriteChunk : Trace ID: c3fcccb11b2578a0:92f4943378535119:3a49cab58fcb91ba:0 : Message: ContainerID 2 creation failed : Result: DISK_OUT_OF_SPACE
19:54:20.474 [RatisApplyTransactionExecutor 2] ERROR DNAudit - user=null | ip=null | op=PUT_BLOCK {blockData=[blockId=conID: 2 locID: 102532150006972418 bcsId: 0,size=1048576]} | ret=FAILURE
org.apache.hadoop.hdds.scm.container.common.helpers.StorageContainerException: ContainerID 2 does not exist
	at org.apache.hadoop.ozone.container.common.impl.HddsDispatcher.dispatchRequest(HddsDispatcher.java:242) ~[classes/:?]
	at org.apache.hadoop.ozone.container.common.impl.HddsDispatcher.dispatch(HddsDispatcher.java:148) ~[classes/:?]
	at org.apache.hadoop.ozone.container.common.transport.server.ratis.ContainerStateMachine.dispatchCommand(ContainerStateMachine.java:374) ~[classes/:?]
	at org.apache.hadoop.ozone.container.common.transport.server.ratis.ContainerStateMachine.runCommand(ContainerStateMachine.java:381) ~[classes/:?]
	at org.apache.hadoop.ozone.container.common.transport.server.ratis.ContainerStateMachine.lambda$applyTransaction$6(ContainerStateMachine.java:647) ~[classes/:?]
	at java.util.concurrent.CompletableFuture$AsyncSupply.run(CompletableFuture.java:1590) [?:1.8.0_212]
	at java.util.concurrent.ThreadPoolExecutor.runWorker(ThreadPoolExecutor.java:1149) [?:1.8.0_212]
	at java.util.concurrent.ThreadPoolExecutor$Worker.run(ThreadPoolExecutor.java:624) [?:1.8.0_212]
	at java.lang.Thread.run(Thread.java:748) [?:1.8.0_212]
19:54:20.474 [RatisApplyTransactionExecutor 2] ERROR DNAudit - user=null | ip=null | op=PUT_BLOCK {blockData=[blockId=conID: 2 locID: 102532150006972418 bcsId: 0,size=1048576]} | ret=FAILURE
org.apache.hadoop.hdds.scm.container.common.helpers.StorageContainerException: ContainerID 2 does not exist
	at org.apache.hadoop.ozone.container.common.impl.HddsDispatcher.dispatchRequest(HddsDispatcher.java:242) ~[classes/:?]
	at org.apache.hadoop.ozone.container.common.impl.HddsDispatcher.dispatch(HddsDispatcher.java:148) ~[classes/:?]
	at org.apache.hadoop.ozone.container.common.transport.server.ratis.ContainerStateMachine.dispatchCommand(ContainerStateMachine.java:374) ~[classes/:?]
	at org.apache.hadoop.ozone.container.common.transport.server.ratis.ContainerStateMachine.runCommand(ContainerStateMachine.java:381) ~[classes/:?]
	at org.apache.hadoop.ozone.container.common.transport.server.ratis.ContainerStateMachine.lambda$applyTransaction$6(ContainerStateMachine.java:647) ~[classes/:?]
	at java.util.concurrent.CompletableFuture$AsyncSupply.run(CompletableFuture.java:1590) [?:1.8.0_212]
	at java.util.concurrent.ThreadPoolExecutor.runWorker(ThreadPoolExecutor.java:1149) [?:1.8.0_212]
	at java.util.concurrent.ThreadPoolExecutor$Worker.run(ThreadPoolExecutor.java:624) [?:1.8.0_212]
	at java.lang.Thread.run(Thread.java:748) [?:1.8.0_212]
2019-07-30 19:54:20,474 INFO  impl.HddsDispatcher (ContainerUtils.java:logAndReturnError(146)) - Operation: PutBlock : Trace ID: c3fcccb11b2578a0:eca69eb767b4551c:3a49cab58fcb91ba:0 : Message: ContainerID 2 does not exist : Result: CONTAINER_NOT_FOUND
2019-07-30 19:54:20,474 INFO  impl.HddsDispatcher (ContainerUtils.java:logAndReturnError(146)) - Operation: PutBlock : Trace ID: c3fcccb11b2578a0:eca69eb767b4551c:3a49cab58fcb91ba:0 : Message: ContainerID 2 does not exist : Result: CONTAINER_NOT_FOUND
19:54:20.474 [RatisApplyTransactionExecutor 2] ERROR DNAudit - user=null | ip=null | op=WRITE_CHUNK {blockData=conID: 2 locID: 102532150006972418 bcsId: 0} | ret=FAILURE
org.apache.hadoop.hdds.scm.container.common.helpers.StorageContainerException: ContainerID 2 does not exist
	at org.apache.hadoop.ozone.container.common.impl.HddsDispatcher.dispatchRequest(HddsDispatcher.java:242) ~[classes/:?]
	at org.apache.hadoop.ozone.container.common.impl.HddsDispatcher.dispatch(HddsDispatcher.java:148) ~[classes/:?]
	at org.apache.hadoop.ozone.container.common.transport.server.ratis.ContainerStateMachine.dispatchCommand(ContainerStateMachine.java:374) ~[classes/:?]
	at org.apache.hadoop.ozone.container.common.transport.server.ratis.ContainerStateMachine.runCommand(ContainerStateMachine.java:381) ~[classes/:?]
	at org.apache.hadoop.ozone.container.common.transport.server.ratis.ContainerStateMachine.lambda$applyTransaction$6(ContainerStateMachine.java:647) ~[classes/:?]
	at java.util.concurrent.CompletableFuture$AsyncSupply.run(CompletableFuture.java:1590) [?:1.8.0_212]
	at java.util.concurrent.ThreadPoolExecutor.runWorker(ThreadPoolExecutor.java:1149) [?:1.8.0_212]
	at java.util.concurrent.ThreadPoolExecutor$Worker.run(ThreadPoolExecutor.java:624) [?:1.8.0_212]
	at java.lang.Thread.run(Thread.java:748) [?:1.8.0_212]
2019-07-30 19:54:20,475 INFO  impl.HddsDispatcher (ContainerUtils.java:logAndReturnError(146)) - Operation: WriteChunk : Trace ID: c3fcccb11b2578a0:92f4943378535119:3a49cab58fcb91ba:0 : Message: ContainerID 2 does not exist : Result: CONTAINER_NOT_FOUND
19:54:20.475 [RatisApplyTransactionExecutor 2] ERROR DNAudit - user=null | ip=null | op=PUT_BLOCK {blockData=[blockId=conID: 2 locID: 102532150006972418 bcsId: 0,size=2097152]} | ret=FAILURE
org.apache.hadoop.hdds.scm.container.common.helpers.StorageContainerException: ContainerID 2 does not exist
	at org.apache.hadoop.ozone.container.common.impl.HddsDispatcher.dispatchRequest(HddsDispatcher.java:242) ~[classes/:?]
	at org.apache.hadoop.ozone.container.common.impl.HddsDispatcher.dispatch(HddsDispatcher.java:148) ~[classes/:?]
	at org.apache.hadoop.ozone.container.common.transport.server.ratis.ContainerStateMachine.dispatchCommand(ContainerStateMachine.java:374) ~[classes/:?]
	at org.apache.hadoop.ozone.container.common.transport.server.ratis.ContainerStateMachine.runCommand(ContainerStateMachine.java:381) ~[classes/:?]
	at org.apache.hadoop.ozone.container.common.transport.server.ratis.ContainerStateMachine.lambda$applyTransaction$6(ContainerStateMachine.java:647) ~[classes/:?]
	at java.util.concurrent.CompletableFuture$AsyncSupply.run(CompletableFuture.java:1590) [?:1.8.0_212]
	at java.util.concurrent.ThreadPoolExecutor.runWorker(ThreadPoolExecutor.java:1149) [?:1.8.0_212]
	at java.util.concurrent.ThreadPoolExecutor$Worker.run(ThreadPoolExecutor.java:624) [?:1.8.0_212]
	at java.lang.Thread.run(Thread.java:748) [?:1.8.0_212]
2019-07-30 19:54:20,476 INFO  impl.HddsDispatcher (ContainerUtils.java:logAndReturnError(146)) - Operation: PutBlock : Trace ID: c3fcccb11b2578a0:cc4c1073af5d5a22:3a49cab58fcb91ba:0 : Message: ContainerID 2 does not exist : Result: CONTAINER_NOT_FOUND
2019-07-30 19:54:20,476 INFO  client.GrpcClientProtocolClient (GrpcClientProtocolClient.java:onNext(255)) - client-4F1ADAF37910->e13ddee0-dbbd-417f-b839-5ac1fff14647: receive RaftClientReply:client-4F1ADAF37910->e13ddee0-dbbd-417f-b839-5ac1fff14647@group-44F8C4956390, cid=17, SUCCESS, logIndex=20, commits[e13ddee0-dbbd-417f-b839-5ac1fff14647:c22, c97d87f5-306a-4fd5-a114-69a2e7479e2d:c19, 9a3a9e8a-f6ac-46f1-8d84-d7973be32798:c19]
2019-07-30 19:54:20,477 INFO  client.GrpcClientProtocolClient (GrpcClientProtocolClient.java:onNext(255)) - client-4F1ADAF37910->e13ddee0-dbbd-417f-b839-5ac1fff14647: receive RaftClientReply:client-4F1ADAF37910->e13ddee0-dbbd-417f-b839-5ac1fff14647@group-44F8C4956390, cid=18, SUCCESS, logIndex=21, commits[e13ddee0-dbbd-417f-b839-5ac1fff14647:c22, c97d87f5-306a-4fd5-a114-69a2e7479e2d:c19, 9a3a9e8a-f6ac-46f1-8d84-d7973be32798:c19]
2019-07-30 19:54:20,480 ERROR freon.RandomKeyGenerator (RandomKeyGenerator.java:createKey(730)) - Exception while adding key: key-0-36219 in bucket: bucket-0-44396 of volume: vol-0-85849.
java.io.IOException: Unexpected Storage Container Exception: org.apache.hadoop.hdds.scm.container.common.helpers.StorageContainerException: ContainerID 2 does not exist
	at org.apache.hadoop.hdds.scm.storage.BlockOutputStream.setIoException(BlockOutputStream.java:541)
	at org.apache.hadoop.hdds.scm.storage.BlockOutputStream.validateResponse(BlockOutputStream.java:532)
	at org.apache.hadoop.hdds.scm.storage.BlockOutputStream.lambda$writeChunkToContainer$2(BlockOutputStream.java:606)
	at java.util.concurrent.CompletableFuture.uniApply(CompletableFuture.java:602)
	at java.util.concurrent.CompletableFuture$UniApply.tryFire(CompletableFuture.java:577)
	at java.util.concurrent.CompletableFuture$Completion.run(CompletableFuture.java:442)
	at java.util.concurrent.ThreadPoolExecutor.runWorker(ThreadPoolExecutor.java:1149)
	at java.util.concurrent.ThreadPoolExecutor$Worker.run(ThreadPoolExecutor.java:624)
	at java.lang.Thread.run(Thread.java:748)
Caused by: org.apache.hadoop.hdds.scm.container.common.helpers.StorageContainerException: ContainerID 2 does not exist
	at org.apache.hadoop.hdds.scm.storage.ContainerProtocolCalls.validateContainerResponse(ContainerProtocolCalls.java:536)
	at org.apache.hadoop.hdds.scm.storage.BlockOutputStream.validateResponse(BlockOutputStream.java:529)
	... 7 more
19:54:20.486 [RatisApplyTransactionExecutor 2] ERROR DNAudit - user=null | ip=null | op=WRITE_CHUNK {blockData=conID: 2 locID: 102532150006972418 bcsId: 0} | ret=FAILURE
org.apache.hadoop.hdds.scm.container.common.helpers.StorageContainerException: ContainerID 2 does not exist
	at org.apache.hadoop.ozone.container.common.impl.HddsDispatcher.dispatchRequest(HddsDispatcher.java:242) ~[classes/:?]
	at org.apache.hadoop.ozone.container.common.impl.HddsDispatcher.dispatch(HddsDispatcher.java:148) ~[classes/:?]
	at org.apache.hadoop.ozone.container.common.transport.server.ratis.ContainerStateMachine.dispatchCommand(ContainerStateMachine.java:374) ~[classes/:?]
	at org.apache.hadoop.ozone.container.common.transport.server.ratis.ContainerStateMachine.runCommand(ContainerStateMachine.java:381) ~[classes/:?]
	at org.apache.hadoop.ozone.container.common.transport.server.ratis.ContainerStateMachine.lambda$applyTransaction$6(ContainerStateMachine.java:647) ~[classes/:?]
	at java.util.concurrent.CompletableFuture$AsyncSupply.run(CompletableFuture.java:1590) [?:1.8.0_212]
	at java.util.concurrent.ThreadPoolExecutor.runWorker(ThreadPoolExecutor.java:1149) [?:1.8.0_212]
	at java.util.concurrent.ThreadPoolExecutor$Worker.run(ThreadPoolExecutor.java:624) [?:1.8.0_212]
	at java.lang.Thread.run(Thread.java:748) [?:1.8.0_212]
19:54:20.486 [RatisApplyTransactionExecutor 2] ERROR DNAudit - user=null | ip=null | op=WRITE_CHUNK {blockData=conID: 2 locID: 102532150006972418 bcsId: 0} | ret=FAILURE
org.apache.hadoop.hdds.scm.container.common.helpers.StorageContainerException: ContainerID 2 does not exist
	at org.apache.hadoop.ozone.container.common.impl.HddsDispatcher.dispatchRequest(HddsDispatcher.java:242) ~[classes/:?]
	at org.apache.hadoop.ozone.container.common.impl.HddsDispatcher.dispatch(HddsDispatcher.java:148) ~[classes/:?]
	at org.apache.hadoop.ozone.container.common.transport.server.ratis.ContainerStateMachine.dispatchCommand(ContainerStateMachine.java:374) ~[classes/:?]
	at org.apache.hadoop.ozone.container.common.transport.server.ratis.ContainerStateMachine.runCommand(ContainerStateMachine.java:381) ~[classes/:?]
	at org.apache.hadoop.ozone.container.common.transport.server.ratis.ContainerStateMachine.lambda$applyTransaction$6(ContainerStateMachine.java:647) ~[classes/:?]
	at java.util.concurrent.CompletableFuture$AsyncSupply.run(CompletableFuture.java:1590) [?:1.8.0_212]
	at java.util.concurrent.ThreadPoolExecutor.runWorker(ThreadPoolExecutor.java:1149) [?:1.8.0_212]
	at java.util.concurrent.ThreadPoolExecutor$Worker.run(ThreadPoolExecutor.java:624) [?:1.8.0_212]
	at java.lang.Thread.run(Thread.java:748) [?:1.8.0_212]
2019-07-30 19:54:20,486 INFO  impl.HddsDispatcher (ContainerUtils.java:logAndReturnError(146)) - Operation: WriteChunk : Trace ID: c3fcccb11b2578a0:92f4943378535119:3a49cab58fcb91ba:0 : Message: ContainerID 2 does not exist : Result: CONTAINER_NOT_FOUND
2019-07-30 19:54:20,486 INFO  impl.HddsDispatcher (ContainerUtils.java:logAndReturnError(146)) - Operation: WriteChunk : Trace ID: c3fcccb11b2578a0:92f4943378535119:3a49cab58fcb91ba:0 : Message: ContainerID 2 does not exist : Result: CONTAINER_NOT_FOUND
19:54:20.487 [RatisApplyTransactionExecutor 2] ERROR DNAudit - user=null | ip=null | op=PUT_BLOCK {blockData=[blockId=conID: 2 locID: 102532150006972418 bcsId: 0,size=2097152]} | ret=FAILURE
org.apache.hadoop.hdds.scm.container.common.helpers.StorageContainerException: ContainerID 2 does not exist
	at org.apache.hadoop.ozone.container.common.impl.HddsDispatcher.dispatchRequest(HddsDispatcher.java:242) ~[classes/:?]
	at org.apache.hadoop.ozone.container.common.impl.HddsDispatcher.dispatch(HddsDispatcher.java:148) ~[classes/:?]
	at org.apache.hadoop.ozone.container.common.transport.server.ratis.ContainerStateMachine.dispatchCommand(ContainerStateMachine.java:374) ~[classes/:?]
	at org.apache.hadoop.ozone.container.common.transport.server.ratis.ContainerStateMachine.runCommand(ContainerStateMachine.java:381) ~[classes/:?]
	at org.apache.hadoop.ozone.container.common.transport.server.ratis.ContainerStateMachine.lambda$applyTransaction$6(ContainerStateMachine.java:647) ~[classes/:?]
	at java.util.concurrent.CompletableFuture$AsyncSupply.run(CompletableFuture.java:1590) [?:1.8.0_212]
	at java.util.concurrent.ThreadPoolExecutor.runWorker(ThreadPoolExecutor.java:1149) [?:1.8.0_212]
	at java.util.concurrent.ThreadPoolExecutor$Worker.run(ThreadPoolExecutor.java:624) [?:1.8.0_212]
	at java.lang.Thread.run(Thread.java:748) [?:1.8.0_212]
2019-07-30 19:54:20,488 INFO  impl.HddsDispatcher (ContainerUtils.java:logAndReturnError(146)) - Operation: PutBlock : Trace ID: c3fcccb11b2578a0:cc4c1073af5d5a22:3a49cab58fcb91ba:0 : Message: ContainerID 2 does not exist : Result: CONTAINER_NOT_FOUND
19:54:20.488 [RatisApplyTransactionExecutor 2] ERROR DNAudit - user=null | ip=null | op=PUT_BLOCK {blockData=[blockId=conID: 2 locID: 102532150006972418 bcsId: 0,size=2097152]} | ret=FAILURE
org.apache.hadoop.hdds.scm.container.common.helpers.StorageContainerException: ContainerID 2 does not exist
	at org.apache.hadoop.ozone.container.common.impl.HddsDispatcher.dispatchRequest(HddsDispatcher.java:242) ~[classes/:?]
	at org.apache.hadoop.ozone.container.common.impl.HddsDispatcher.dispatch(HddsDispatcher.java:148) ~[classes/:?]
	at org.apache.hadoop.ozone.container.common.transport.server.ratis.ContainerStateMachine.dispatchCommand(ContainerStateMachine.java:374) ~[classes/:?]
	at org.apache.hadoop.ozone.container.common.transport.server.ratis.ContainerStateMachine.runCommand(ContainerStateMachine.java:381) ~[classes/:?]
	at org.apache.hadoop.ozone.container.common.transport.server.ratis.ContainerStateMachine.lambda$applyTransaction$6(ContainerStateMachine.java:647) ~[classes/:?]
	at java.util.concurrent.CompletableFuture$AsyncSupply.run(CompletableFuture.java:1590) [?:1.8.0_212]
	at java.util.concurrent.ThreadPoolExecutor.runWorker(ThreadPoolExecutor.java:1149) [?:1.8.0_212]
	at java.util.concurrent.ThreadPoolExecutor$Worker.run(ThreadPoolExecutor.java:624) [?:1.8.0_212]
	at java.lang.Thread.run(Thread.java:748) [?:1.8.0_212]
2019-07-30 19:54:20,488 INFO  impl.HddsDispatcher (ContainerUtils.java:logAndReturnError(146)) - Operation: PutBlock : Trace ID: c3fcccb11b2578a0:cc4c1073af5d5a22:3a49cab58fcb91ba:0 : Message: ContainerID 2 does not exist : Result: CONTAINER_NOT_FOUND
 0.00% |█                                                                                                    |  0/1 Time: 0:00:12 0.00% |█                                                                                                    |  0/1 Time: 0:00:13 0.00% |█                                                                                                    |  0/1 Time: 0:00:14 100.00% |█████████████████████████████████████████████████████████████████████████████████████████████████████|  1/1 Time: 0:00:15
]]></system-out>
    <system-err><![CDATA[ERROR StatusLogger No Log4j 2 configuration file found. Using default configuration (logging only errors to the console), or user programmatically provided configurations. Set system property 'log4j2.debug' to show Log4j 2 internal initialization logging. See https://logging.apache.org/log4j/2.x/manual/configuration.html for instructions on how to configure Log4j 2
Jul 30, 2019 7:54:02 PM com.sun.jersey.server.impl.application.WebApplicationImpl _initiate
INFO: Initiating Jersey application, version 'Jersey: 1.19 02/11/2015 03:25 AM'
Jul 30, 2019 7:54:03 PM com.sun.jersey.server.impl.application.WebApplicationImpl _initiate
INFO: Initiating Jersey application, version 'Jersey: 1.19 02/11/2015 03:25 AM'
Jul 30, 2019 7:54:03 PM com.sun.jersey.server.impl.application.WebApplicationImpl _initiate
INFO: Initiating Jersey application, version 'Jersey: 1.19 02/11/2015 03:25 AM'
]]></system-err>
  </testcase>
</testsuite>