<?xml version="1.0" encoding="UTF-8"?>
<testsuite xmlns:xsi="http://www.w3.org/2001/XMLSchema-instance" xsi:noNamespaceSchemaLocation="https://maven.apache.org/surefire/maven-surefire-plugin/xsd/surefire-test-report.xsd" name="org.apache.hadoop.ozone.client.rpc.TestContainerReplicationEndToEnd" time="31.547" tests="1" errors="1" skipped="0" failures="0">
  <properties>
    <property name="awt.toolkit" value="sun.awt.X11.XToolkit"/>
    <property name="file.encoding.pkg" value="sun.io"/>
    <property name="java.specification.version" value="1.8"/>
    <property name="sun.cpu.isalist" value=""/>
    <property name="sun.jnu.encoding" value="UTF-8"/>
    <property name="java.class.path" value="/workdir/hadoop-ozone/integration-test/target/test-classes:/workdir/hadoop-ozone/integration-test/target/classes:/home/user/.m2/repository/org/apache/hadoop/hadoop-ozone-common/0.5.0-SNAPSHOT/hadoop-ozone-common-0.5.0-SNAPSHOT.jar:/home/user/.m2/repository/org/apache/commons/commons-compress/1.4.1/commons-compress-1.4.1.jar:/home/user/.m2/repository/org/tukaani/xz/1.0/xz-1.0.jar:/home/user/.m2/repository/org/apache/hadoop/hadoop-common/3.2.0/hadoop-common-3.2.0.jar:/home/user/.m2/repository/org/apache/hadoop/hadoop-hdfs/3.2.0/hadoop-hdfs-3.2.0.jar:/home/user/.m2/repository/org/apache/hadoop/hadoop-hdfs-client/3.2.0/hadoop-hdfs-client-3.2.0.jar:/home/user/.m2/repository/com/fasterxml/jackson/core/jackson-annotations/2.9.9/jackson-annotations-2.9.9.jar:/home/user/.m2/repository/org/apache/hadoop/hadoop-hdds-common/0.5.0-SNAPSHOT/hadoop-hdds-common-0.5.0-SNAPSHOT.jar:/home/user/.m2/repository/javax/annotation/javax.annotation-api/1.2/javax.annotation-api-1.2.jar:/home/user/.m2/repository/org/apache/ratis/ratis-server/0.4.0-78e95b9-SNAPSHOT/ratis-server-0.4.0-78e95b9-SNAPSHOT.jar:/home/user/.m2/repository/org/apache/ratis/ratis-thirdparty-misc/0.2.0/ratis-thirdparty-misc-0.2.0.jar:/home/user/.m2/repository/org/apache/ratis/ratis-proto/0.4.0-78e95b9-SNAPSHOT/ratis-proto-0.4.0-78e95b9-SNAPSHOT.jar:/home/user/.m2/repository/org/apache/ratis/ratis-common/0.4.0-78e95b9-SNAPSHOT/ratis-common-0.4.0-78e95b9-SNAPSHOT.jar:/home/user/.m2/repository/org/apache/ratis/ratis-client/0.4.0-78e95b9-SNAPSHOT/ratis-client-0.4.0-78e95b9-SNAPSHOT.jar:/home/user/.m2/repository/org/apache/ratis/ratis-metrics/0.4.0-78e95b9-SNAPSHOT/ratis-metrics-0.4.0-78e95b9-SNAPSHOT.jar:/home/user/.m2/repository/com/github/joshelser/dropwizard-metrics-hadoop-metrics2-reporter/0.1.2/dropwizard-metrics-hadoop-metrics2-reporter-0.1.2.jar:/home/user/.m2/repository/io/dropwizard/metrics/metrics-jvm/3.2.5/metrics-jvm-3.2.5.jar:/home/user/.m2/repository/io/dropwizard/metrics/metrics-ganglia/3.2.5/metrics-ganglia-3.2.5.jar:/home/user/.m2/repository/info/ganglia/gmetric4j/gmetric4j/1.0.7/gmetric4j-1.0.7.jar:/home/user/.m2/repository/org/apache/ratis/ratis-netty/0.4.0-78e95b9-SNAPSHOT/ratis-netty-0.4.0-78e95b9-SNAPSHOT.jar:/home/user/.m2/repository/org/apache/ratis/ratis-grpc/0.4.0-78e95b9-SNAPSHOT/ratis-grpc-0.4.0-78e95b9-SNAPSHOT.jar:/home/user/.m2/repository/org/rocksdb/rocksdbjni/6.0.1/rocksdbjni-6.0.1.jar:/home/user/.m2/repository/org/apache/logging/log4j/log4j-api/2.11.0/log4j-api-2.11.0.jar:/home/user/.m2/repository/org/apache/logging/log4j/log4j-core/2.11.0/log4j-core-2.11.0.jar:/home/user/.m2/repository/com/lmax/disruptor/3.4.2/disruptor-3.4.2.jar:/home/user/.m2/repository/org/apache/commons/commons-pool2/2.6.0/commons-pool2-2.6.0.jar:/home/user/.m2/repository/org/bouncycastle/bcpkix-jdk15on/1.60/bcpkix-jdk15on-1.60.jar:/home/user/.m2/repository/commons-validator/commons-validator/1.6/commons-validator-1.6.jar:/home/user/.m2/repository/commons-digester/commons-digester/1.8.1/commons-digester-1.8.1.jar:/home/user/.m2/repository/io/jaegertracing/jaeger-client/0.33.1/jaeger-client-0.33.1.jar:/home/user/.m2/repository/io/jaegertracing/jaeger-thrift/0.33.1/jaeger-thrift-0.33.1.jar:/home/user/.m2/repository/org/apache/thrift/libthrift/0.11.0/libthrift-0.11.0.jar:/home/user/.m2/repository/com/squareup/okhttp3/okhttp/3.9.0/okhttp-3.9.0.jar:/home/user/.m2/repository/com/squareup/okio/okio/1.13.0/okio-1.13.0.jar:/home/user/.m2/repository/io/jaegertracing/jaeger-core/0.33.1/jaeger-core-0.33.1.jar:/home/user/.m2/repository/io/jaegertracing/jaeger-tracerresolver/0.33.1/jaeger-tracerresolver-0.33.1.jar:/home/user/.m2/repository/io/opentracing/contrib/opentracing-tracerresolver/0.1.5/opentracing-tracerresolver-0.1.5.jar:/home/user/.m2/repository/io/opentracing/opentracing-util/0.31.0/opentracing-util-0.31.0.jar:/home/user/.m2/repository/io/opentracing/opentracing-api/0.31.0/opentracing-api-0.31.0.jar:/home/user/.m2/repository/io/opentracing/opentracing-noop/0.31.0/opentracing-noop-0.31.0.jar:/home/user/.m2/repository/org/apache/hadoop/hadoop-hdds-server-framework/0.5.0-SNAPSHOT/hadoop-hdds-server-framework-0.5.0-SNAPSHOT.jar:/home/user/.m2/repository/org/apache/hadoop/hadoop-hdds-container-service/0.5.0-SNAPSHOT/hadoop-hdds-container-service-0.5.0-SNAPSHOT.jar:/home/user/.m2/repository/org/apache/hadoop/hadoop-hdds-client/0.5.0-SNAPSHOT/hadoop-hdds-client-0.5.0-SNAPSHOT.jar:/home/user/.m2/repository/org/apache/hadoop/hadoop-hdds-tools/0.5.0-SNAPSHOT/hadoop-hdds-tools-0.5.0-SNAPSHOT.jar:/home/user/.m2/repository/org/apache/hadoop/hadoop-hdds-server-scm/0.5.0-SNAPSHOT/hadoop-hdds-server-scm-0.5.0-SNAPSHOT.jar:/home/user/.m2/repository/org/apache/hadoop/hadoop-hdds-docs/0.5.0-SNAPSHOT/hadoop-hdds-docs-0.5.0-SNAPSHOT.jar:/home/user/.m2/repository/io/dropwizard/metrics/metrics-core/3.2.4/metrics-core-3.2.4.jar:/home/user/.m2/repository/org/hamcrest/hamcrest-all/1.3/hamcrest-all-1.3.jar:/home/user/.m2/repository/org/bouncycastle/bcprov-jdk15on/1.60/bcprov-jdk15on-1.60.jar:/home/user/.m2/repository/info/picocli/picocli/3.9.6/picocli-3.9.6.jar:/home/user/.m2/repository/com/google/protobuf/protobuf-java/2.5.0/protobuf-java-2.5.0.jar:/home/user/.m2/repository/com/google/guava/guava/11.0.2/guava-11.0.2.jar:/home/user/.m2/repository/org/apache/hadoop/hadoop-ozone-ozone-manager/0.5.0-SNAPSHOT/hadoop-ozone-ozone-manager-0.5.0-SNAPSHOT.jar:/home/user/.m2/repository/org/apache/hadoop/hadoop-minikdc/3.2.0/hadoop-minikdc-3.2.0.jar:/home/user/.m2/repository/commons-io/commons-io/2.5/commons-io-2.5.jar:/home/user/.m2/repository/org/apache/kerby/kerb-simplekdc/1.0.1/kerb-simplekdc-1.0.1.jar:/home/user/.m2/repository/org/apache/kerby/kerb-client/1.0.1/kerb-client-1.0.1.jar:/home/user/.m2/repository/org/apache/kerby/kerby-config/1.0.1/kerby-config-1.0.1.jar:/home/user/.m2/repository/org/apache/kerby/kerb-core/1.0.1/kerb-core-1.0.1.jar:/home/user/.m2/repository/org/apache/kerby/kerby-pkix/1.0.1/kerby-pkix-1.0.1.jar:/home/user/.m2/repository/org/apache/kerby/kerby-asn1/1.0.1/kerby-asn1-1.0.1.jar:/home/user/.m2/repository/org/apache/kerby/kerby-util/1.0.1/kerby-util-1.0.1.jar:/home/user/.m2/repository/org/apache/kerby/kerb-common/1.0.1/kerb-common-1.0.1.jar:/home/user/.m2/repository/org/apache/kerby/kerb-crypto/1.0.1/kerb-crypto-1.0.1.jar:/home/user/.m2/repository/org/apache/kerby/kerb-util/1.0.1/kerb-util-1.0.1.jar:/home/user/.m2/repository/org/apache/kerby/token-provider/1.0.1/token-provider-1.0.1.jar:/home/user/.m2/repository/org/apache/kerby/kerb-admin/1.0.1/kerb-admin-1.0.1.jar:/home/user/.m2/repository/org/apache/kerby/kerb-server/1.0.1/kerb-server-1.0.1.jar:/home/user/.m2/repository/org/apache/kerby/kerb-identity/1.0.1/kerb-identity-1.0.1.jar:/home/user/.m2/repository/org/apache/kerby/kerby-xdr/1.0.1/kerby-xdr-1.0.1.jar:/home/user/.m2/repository/org/slf4j/slf4j-log4j12/1.7.25/slf4j-log4j12-1.7.25.jar:/home/user/.m2/repository/org/apache/hadoop/hadoop-ozone-s3gateway/0.5.0-SNAPSHOT/hadoop-ozone-s3gateway-0.5.0-SNAPSHOT.jar:/home/user/.m2/repository/org/jboss/weld/servlet/weld-servlet/2.4.7.Final/weld-servlet-2.4.7.Final.jar:/home/user/.m2/repository/org/glassfish/jersey/containers/jersey-container-servlet-core/2.27/jersey-container-servlet-core-2.27.jar:/home/user/.m2/repository/org/glassfish/hk2/external/javax.inject/2.5.0-b42/javax.inject-2.5.0-b42.jar:/home/user/.m2/repository/org/glassfish/jersey/core/jersey-common/2.27/jersey-common-2.27.jar:/home/user/.m2/repository/org/glassfish/hk2/osgi-resource-locator/1.0.1/osgi-resource-locator-1.0.1.jar:/home/user/.m2/repository/javax/ws/rs/javax.ws.rs-api/2.1/javax.ws.rs-api-2.1.jar:/home/user/.m2/repository/org/glassfish/jersey/ext/cdi/jersey-cdi1x/2.27/jersey-cdi1x-2.27.jar:/home/user/.m2/repository/org/glassfish/jersey/inject/jersey-hk2/2.27/jersey-hk2-2.27.jar:/home/user/.m2/repository/org/glassfish/hk2/hk2-locator/2.5.0-b42/hk2-locator-2.5.0-b42.jar:/home/user/.m2/repository/org/javassist/javassist/3.22.0-CR2/javassist-3.22.0-CR2.jar:/home/user/.m2/repository/org/glassfish/hk2/hk2-api/2.5.0/hk2-api-2.5.0.jar:/home/user/.m2/repository/org/glassfish/hk2/external/jakarta.inject/2.5.0/jakarta.inject-2.5.0.jar:/home/user/.m2/repository/org/glassfish/hk2/hk2-utils/2.5.0/hk2-utils-2.5.0.jar:/home/user/.m2/repository/jakarta/annotation/jakarta.annotation-api/1.3.4/jakarta.annotation-api-1.3.4.jar:/home/user/.m2/repository/org/glassfish/hk2/external/aopalliance-repackaged/2.5.0/aopalliance-repackaged-2.5.0.jar:/home/user/.m2/repository/com/fasterxml/jackson/dataformat/jackson-dataformat-xml/2.9.0/jackson-dataformat-xml-2.9.0.jar:/home/user/.m2/repository/com/fasterxml/jackson/core/jackson-core/2.9.9/jackson-core-2.9.9.jar:/home/user/.m2/repository/com/fasterxml/jackson/module/jackson-module-jaxb-annotations/2.9.9/jackson-module-jaxb-annotations-2.9.9.jar:/home/user/.m2/repository/javax/enterprise/cdi-api/1.2/cdi-api-1.2.jar:/home/user/.m2/repository/javax/el/javax.el-api/3.0.0/javax.el-api-3.0.0.jar:/home/user/.m2/repository/javax/interceptor/javax.interceptor-api/1.2/javax.interceptor-api-1.2.jar:/home/user/.m2/repository/javax/inject/javax.inject/1/javax.inject-1.jar:/home/user/.m2/repository/com/sun/xml/bind/jaxb-impl/2.3.0.1/jaxb-impl-2.3.0.1.jar:/home/user/.m2/repository/com/sun/xml/bind/jaxb-core/2.3.0.1/jaxb-core-2.3.0.1.jar:/home/user/.m2/repository/javax/xml/bind/jaxb-api/2.3.0/jaxb-api-2.3.0.jar:/home/user/.m2/repository/javax/activation/activation/1.1.1/activation-1.1.1.jar:/home/user/.m2/repository/org/apache/hadoop/hadoop-ozone-csi/0.5.0-SNAPSHOT/hadoop-ozone-csi-0.5.0-SNAPSHOT.jar:/home/user/.m2/repository/com/google/protobuf/protobuf-java-util/3.5.1/protobuf-java-util-3.5.1.jar:/home/user/.m2/repository/org/apache/hadoop/hadoop-hdds-config/0.5.0-SNAPSHOT/hadoop-hdds-config-0.5.0-SNAPSHOT.jar:/home/user/.m2/repository/io/grpc/grpc-netty/1.17.1/grpc-netty-1.17.1.jar:/home/user/.m2/repository/io/grpc/grpc-core/1.17.1/grpc-core-1.17.1.jar:/home/user/.m2/repository/io/grpc/grpc-context/1.17.1/grpc-context-1.17.1.jar:/home/user/.m2/repository/com/google/errorprone/error_prone_annotations/2.2.0/error_prone_annotations-2.2.0.jar:/home/user/.m2/repository/org/codehaus/mojo/animal-sniffer-annotations/1.17/animal-sniffer-annotations-1.17.jar:/home/user/.m2/repository/io/opencensus/opencensus-api/0.17.0/opencensus-api-0.17.0.jar:/home/user/.m2/repository/io/opencensus/opencensus-contrib-grpc-metrics/0.17.0/opencensus-contrib-grpc-metrics-0.17.0.jar:/home/user/.m2/repository/io/netty/netty-codec-http2/4.1.30.Final/netty-codec-http2-4.1.30.Final.jar:/home/user/.m2/repository/io/netty/netty-codec-http/4.1.30.Final/netty-codec-http-4.1.30.Final.jar:/home/user/.m2/repository/io/netty/netty-codec/4.1.30.Final/netty-codec-4.1.30.Final.jar:/home/user/.m2/repository/io/netty/netty-handler/4.1.30.Final/netty-handler-4.1.30.Final.jar:/home/user/.m2/repository/io/netty/netty-handler-proxy/4.1.30.Final/netty-handler-proxy-4.1.30.Final.jar:/home/user/.m2/repository/io/netty/netty-codec-socks/4.1.30.Final/netty-codec-socks-4.1.30.Final.jar:/home/user/.m2/repository/io/netty/netty-transport-native-epoll/4.1.30.Final/netty-transport-native-epoll-4.1.30.Final.jar:/home/user/.m2/repository/io/netty/netty-common/4.1.30.Final/netty-common-4.1.30.Final.jar:/home/user/.m2/repository/io/netty/netty-buffer/4.1.30.Final/netty-buffer-4.1.30.Final.jar:/home/user/.m2/repository/io/netty/netty-transport/4.1.30.Final/netty-transport-4.1.30.Final.jar:/home/user/.m2/repository/io/netty/netty-resolver/4.1.30.Final/netty-resolver-4.1.30.Final.jar:/home/user/.m2/repository/io/netty/netty-transport-native-unix-common/4.1.30.Final/netty-transport-native-unix-common-4.1.30.Final.jar:/home/user/.m2/repository/io/grpc/grpc-protobuf/1.17.1/grpc-protobuf-1.17.1.jar:/home/user/.m2/repository/com/google/api/grpc/proto-google-common-protos/1.0.0/proto-google-common-protos-1.0.0.jar:/home/user/.m2/repository/io/grpc/grpc-protobuf-lite/1.17.1/grpc-protobuf-lite-1.17.1.jar:/home/user/.m2/repository/io/grpc/grpc-stub/1.17.1/grpc-stub-1.17.1.jar:/home/user/.m2/repository/org/apache/hadoop/hadoop-ozone-recon/0.5.0-SNAPSHOT/hadoop-ozone-recon-0.5.0-SNAPSHOT.jar:/home/user/.m2/repository/org/apache/hadoop/hadoop-ozone-reconcodegen/0.5.0-SNAPSHOT/hadoop-ozone-reconcodegen-0.5.0-SNAPSHOT.jar:/home/user/.m2/repository/com/google/inject/extensions/guice-multibindings/4.0/guice-multibindings-4.0.jar:/home/user/.m2/repository/com/google/inject/guice/4.0/guice-4.0.jar:/home/user/.m2/repository/aopalliance/aopalliance/1.0/aopalliance-1.0.jar:/home/user/.m2/repository/com/google/inject/extensions/guice-servlet/4.0/guice-servlet-4.0.jar:/home/user/.m2/repository/org/glassfish/jersey/containers/jersey-container-servlet/2.27/jersey-container-servlet-2.27.jar:/home/user/.m2/repository/org/glassfish/hk2/guice-bridge/2.5.0/guice-bridge-2.5.0.jar:/home/user/.m2/repository/org/glassfish/jersey/core/jersey-server/2.27/jersey-server-2.27.jar:/home/user/.m2/repository/org/glassfish/jersey/core/jersey-client/2.27/jersey-client-2.27.jar:/home/user/.m2/repository/org/glassfish/jersey/media/jersey-media-jaxb/2.27/jersey-media-jaxb-2.27.jar:/home/user/.m2/repository/javax/validation/validation-api/1.1.0.Final/validation-api-1.1.0.Final.jar:/home/user/.m2/repository/org/glassfish/jersey/media/jersey-media-json-jackson/2.27/jersey-media-json-jackson-2.27.jar:/home/user/.m2/repository/org/glassfish/jersey/ext/jersey-entity-filtering/2.27/jersey-entity-filtering-2.27.jar:/home/user/.m2/repository/com/google/inject/extensions/guice-assistedinject/4.0/guice-assistedinject-4.0.jar:/home/user/.m2/repository/org/jooq/jooq/3.11.10/jooq-3.11.10.jar:/home/user/.m2/repository/org/jooq/jooq-meta/3.11.10/jooq-meta-3.11.10.jar:/home/user/.m2/repository/org/jooq/jooq-codegen/3.11.10/jooq-codegen-3.11.10.jar:/home/user/.m2/repository/com/jolbox/bonecp/0.8.0.RELEASE/bonecp-0.8.0.RELEASE.jar:/home/user/.m2/repository/org/xerial/sqlite-jdbc/3.25.2/sqlite-jdbc-3.25.2.jar:/home/user/.m2/repository/org/springframework/spring-jdbc/5.1.3.RELEASE/spring-jdbc-5.1.3.RELEASE.jar:/home/user/.m2/repository/org/springframework/spring-beans/5.1.3.RELEASE/spring-beans-5.1.3.RELEASE.jar:/home/user/.m2/repository/org/springframework/spring-core/5.1.3.RELEASE/spring-core-5.1.3.RELEASE.jar:/home/user/.m2/repository/org/springframework/spring-jcl/5.1.3.RELEASE/spring-jcl-5.1.3.RELEASE.jar:/home/user/.m2/repository/org/springframework/spring-tx/5.1.3.RELEASE/spring-tx-5.1.3.RELEASE.jar:/home/user/.m2/repository/org/apache/hadoop/hadoop-ozone-client/0.5.0-SNAPSHOT/hadoop-ozone-client-0.5.0-SNAPSHOT.jar:/home/user/.m2/repository/commons-lang/commons-lang/2.6/commons-lang-2.6.jar:/home/user/.m2/repository/org/apache/hadoop/hadoop-ozone-ozone-manager/0.5.0-SNAPSHOT/hadoop-ozone-ozone-manager-0.5.0-SNAPSHOT-tests.jar:/home/user/.m2/repository/junit/junit/4.11/junit-4.11.jar:/home/user/.m2/repository/org/hamcrest/hamcrest-core/1.3/hamcrest-core-1.3.jar:/home/user/.m2/repository/org/openjdk/jmh/jmh-core/1.19/jmh-core-1.19.jar:/home/user/.m2/repository/net/sf/jopt-simple/jopt-simple/4.6/jopt-simple-4.6.jar:/home/user/.m2/repository/org/apache/commons/commons-math3/3.1.1/commons-math3-3.1.1.jar:/home/user/.m2/repository/org/openjdk/jmh/jmh-generator-annprocess/1.19/jmh-generator-annprocess-1.19.jar:/home/user/.m2/repository/org/mockito/mockito-all/1.8.5/mockito-all-1.8.5.jar:/home/user/.m2/repository/org/apache/hadoop/hadoop-kms/3.2.0/hadoop-kms-3.2.0.jar:/home/user/.m2/repository/org/apache/hadoop/hadoop-auth/3.2.0/hadoop-auth-3.2.0.jar:/home/user/.m2/repository/com/nimbusds/nimbus-jose-jwt/4.41.1/nimbus-jose-jwt-4.41.1.jar:/home/user/.m2/repository/com/github/stephenc/jcip/jcip-annotations/1.0-1/jcip-annotations-1.0-1.jar:/home/user/.m2/repository/net/minidev/json-smart/2.3/json-smart-2.3.jar:/home/user/.m2/repository/net/minidev/accessors-smart/1.2/accessors-smart-1.2.jar:/home/user/.m2/repository/org/ow2/asm/asm/5.0.4/asm-5.0.4.jar:/home/user/.m2/repository/org/apache/curator/curator-framework/2.12.0/curator-framework-2.12.0.jar:/home/user/.m2/repository/com/sun/jersey/jersey-core/1.19/jersey-core-1.19.jar:/home/user/.m2/repository/javax/ws/rs/jsr311-api/1.1.1/jsr311-api-1.1.1.jar:/home/user/.m2/repository/com/sun/jersey/jersey-server/1.19/jersey-server-1.19.jar:/home/user/.m2/repository/javax/servlet/javax.servlet-api/3.1.0/javax.servlet-api-3.1.0.jar:/home/user/.m2/repository/org/eclipse/jetty/jetty-server/9.3.24.v20180605/jetty-server-9.3.24.v20180605.jar:/home/user/.m2/repository/org/eclipse/jetty/jetty-http/9.3.24.v20180605/jetty-http-9.3.24.v20180605.jar:/home/user/.m2/repository/org/eclipse/jetty/jetty-io/9.3.24.v20180605/jetty-io-9.3.24.v20180605.jar:/home/user/.m2/repository/org/eclipse/jetty/jetty-webapp/9.3.24.v20180605/jetty-webapp-9.3.24.v20180605.jar:/home/user/.m2/repository/org/eclipse/jetty/jetty-xml/9.3.24.v20180605/jetty-xml-9.3.24.v20180605.jar:/home/user/.m2/repository/log4j/log4j/1.2.17/log4j-1.2.17.jar:/home/user/.m2/repository/org/slf4j/slf4j-api/1.7.25/slf4j-api-1.7.25.jar:/home/user/.m2/repository/org/slf4j/jul-to-slf4j/1.7.25/jul-to-slf4j-1.7.25.jar:/home/user/.m2/repository/org/eclipse/jetty/jetty-util/9.3.24.v20180605/jetty-util-9.3.24.v20180605.jar:/home/user/.m2/repository/com/fasterxml/jackson/core/jackson-databind/2.9.9/jackson-databind-2.9.9.jar:/home/user/.m2/repository/org/apache/hadoop/hadoop-kms/3.2.0/hadoop-kms-3.2.0-tests.jar:/home/user/.m2/repository/org/apache/hadoop/hadoop-hdds-server-scm/0.5.0-SNAPSHOT/hadoop-hdds-server-scm-0.5.0-SNAPSHOT-tests.jar:/home/user/.m2/repository/org/apache/hadoop/hadoop-hdds-container-service/0.5.0-SNAPSHOT/hadoop-hdds-container-service-0.5.0-SNAPSHOT-tests.jar:/home/user/.m2/repository/org/yaml/snakeyaml/1.16/snakeyaml-1.16.jar:/home/user/.m2/repository/org/apache/hadoop/hadoop-common/3.2.0/hadoop-common-3.2.0-tests.jar:/home/user/.m2/repository/org/apache/hadoop/hadoop-annotations/3.2.0/hadoop-annotations-3.2.0.jar:/usr/lib/jvm/java-1.8-openjdk/jre/../lib/tools.jar:/home/user/.m2/repository/commons-cli/commons-cli/1.2/commons-cli-1.2.jar:/home/user/.m2/repository/org/apache/httpcomponents/httpclient/4.5.2/httpclient-4.5.2.jar:/home/user/.m2/repository/org/apache/httpcomponents/httpcore/4.4.4/httpcore-4.4.4.jar:/home/user/.m2/repository/commons-codec/commons-codec/1.11/commons-codec-1.11.jar:/home/user/.m2/repository/commons-net/commons-net/3.6/commons-net-3.6.jar:/home/user/.m2/repository/commons-collections/commons-collections/3.2.2/commons-collections-3.2.2.jar:/home/user/.m2/repository/org/eclipse/jetty/jetty-servlet/9.3.24.v20180605/jetty-servlet-9.3.24.v20180605.jar:/home/user/.m2/repository/org/eclipse/jetty/jetty-security/9.3.24.v20180605/jetty-security-9.3.24.v20180605.jar:/home/user/.m2/repository/javax/servlet/jsp/jsp-api/2.1/jsp-api-2.1.jar:/home/user/.m2/repository/com/sun/jersey/jersey-servlet/1.19/jersey-servlet-1.19.jar:/home/user/.m2/repository/com/sun/jersey/jersey-json/1.19/jersey-json-1.19.jar:/home/user/.m2/repository/org/codehaus/jettison/jettison/1.1/jettison-1.1.jar:/home/user/.m2/repository/org/codehaus/jackson/jackson-core-asl/1.9.13/jackson-core-asl-1.9.13.jar:/home/user/.m2/repository/org/codehaus/jackson/jackson-mapper-asl/1.9.13/jackson-mapper-asl-1.9.13.jar:/home/user/.m2/repository/org/codehaus/jackson/jackson-jaxrs/1.9.13/jackson-jaxrs-1.9.13.jar:/home/user/.m2/repository/org/codehaus/jackson/jackson-xc/1.9.13/jackson-xc-1.9.13.jar:/home/user/.m2/repository/commons-logging/commons-logging/1.1.3/commons-logging-1.1.3.jar:/home/user/.m2/repository/commons-beanutils/commons-beanutils/1.9.4/commons-beanutils-1.9.4.jar:/home/user/.m2/repository/org/apache/commons/commons-configuration2/2.1.1/commons-configuration2-2.1.1.jar:/home/user/.m2/repository/org/apache/commons/commons-lang3/3.7/commons-lang3-3.7.jar:/home/user/.m2/repository/org/apache/commons/commons-text/1.4/commons-text-1.4.jar:/home/user/.m2/repository/org/apache/avro/avro/1.7.7/avro-1.7.7.jar:/home/user/.m2/repository/com/thoughtworks/paranamer/paranamer/2.3/paranamer-2.3.jar:/home/user/.m2/repository/org/xerial/snappy/snappy-java/1.0.5/snappy-java-1.0.5.jar:/home/user/.m2/repository/com/google/re2j/re2j/1.1/re2j-1.1.jar:/home/user/.m2/repository/com/google/code/gson/gson/2.2.4/gson-2.2.4.jar:/home/user/.m2/repository/com/jcraft/jsch/0.1.54/jsch-0.1.54.jar:/home/user/.m2/repository/org/apache/curator/curator-client/2.12.0/curator-client-2.12.0.jar:/home/user/.m2/repository/org/apache/curator/curator-recipes/2.12.0/curator-recipes-2.12.0.jar:/home/user/.m2/repository/com/google/code/findbugs/jsr305/3.0.0/jsr305-3.0.0.jar:/home/user/.m2/repository/org/apache/htrace/htrace-core4/4.1.0-incubating/htrace-core4-4.1.0-incubating.jar:/home/user/.m2/repository/org/apache/zookeeper/zookeeper/3.4.13/zookeeper-3.4.13.jar:/home/user/.m2/repository/org/apache/yetus/audience-annotations/0.5.0/audience-annotations-0.5.0.jar:/home/user/.m2/repository/org/codehaus/woodstox/stax2-api/3.1.4/stax2-api-3.1.4.jar:/home/user/.m2/repository/com/fasterxml/woodstox/woodstox-core/5.0.3/woodstox-core-5.0.3.jar:/home/user/.m2/repository/dnsjava/dnsjava/2.1.7/dnsjava-2.1.7.jar:/home/user/.m2/repository/org/apache/hadoop/hadoop-hdfs/3.2.0/hadoop-hdfs-3.2.0-tests.jar:/home/user/.m2/repository/org/eclipse/jetty/jetty-util-ajax/9.3.24.v20180605/jetty-util-ajax-9.3.24.v20180605.jar:/home/user/.m2/repository/commons-daemon/commons-daemon/1.0.13/commons-daemon-1.0.13.jar:/home/user/.m2/repository/io/netty/netty/3.10.5.Final/netty-3.10.5.Final.jar:/home/user/.m2/repository/io/netty/netty-all/4.0.52.Final/netty-all-4.0.52.Final.jar:/home/user/.m2/repository/org/fusesource/leveldbjni/leveldbjni-all/1.8/leveldbjni-all-1.8.jar:"/>
    <property name="java.vm.vendor" value="IcedTea"/>
    <property name="sun.arch.data.model" value="64"/>
    <property name="test.build.dir" value="/workdir/hadoop-ozone/integration-test/target/test-dir"/>
    <property name="test.cache.data" value=""/>
    <property name="java.vendor.url" value="https://icedtea.classpath.org"/>
    <property name="user.timezone" value=""/>
    <property name="java.vm.specification.version" value="1.8"/>
    <property name="os.name" value="Linux"/>
    <property name="test.build.data" value="/workdir/hadoop-ozone/integration-test/target/test-dir"/>
    <property name="user.country" value="US"/>
    <property name="sun.java.launcher" value="SUN_STANDARD"/>
    <property name="sun.boot.library.path" value="/usr/lib/jvm/java-1.8-openjdk/jre/lib/amd64"/>
    <property name="sun.java.command" value="/workdir/hadoop-ozone/integration-test/target/surefire/surefirebooter6616633873388527884.jar /workdir/hadoop-ozone/integration-test/target/surefire 2019-09-20T19-31-06_250-jvmRun1 surefire5885239144063896018tmp surefire_71748223293608055202tmp"/>
    <property name="test" value="!TestMiniChaosOzoneCluster"/>
    <property name="surefire.test.class.path" value="/workdir/hadoop-ozone/integration-test/target/test-classes:/workdir/hadoop-ozone/integration-test/target/classes:/home/user/.m2/repository/org/apache/hadoop/hadoop-ozone-common/0.5.0-SNAPSHOT/hadoop-ozone-common-0.5.0-SNAPSHOT.jar:/home/user/.m2/repository/org/apache/commons/commons-compress/1.4.1/commons-compress-1.4.1.jar:/home/user/.m2/repository/org/tukaani/xz/1.0/xz-1.0.jar:/home/user/.m2/repository/org/apache/hadoop/hadoop-common/3.2.0/hadoop-common-3.2.0.jar:/home/user/.m2/repository/org/apache/hadoop/hadoop-hdfs/3.2.0/hadoop-hdfs-3.2.0.jar:/home/user/.m2/repository/org/apache/hadoop/hadoop-hdfs-client/3.2.0/hadoop-hdfs-client-3.2.0.jar:/home/user/.m2/repository/com/fasterxml/jackson/core/jackson-annotations/2.9.9/jackson-annotations-2.9.9.jar:/home/user/.m2/repository/org/apache/hadoop/hadoop-hdds-common/0.5.0-SNAPSHOT/hadoop-hdds-common-0.5.0-SNAPSHOT.jar:/home/user/.m2/repository/javax/annotation/javax.annotation-api/1.2/javax.annotation-api-1.2.jar:/home/user/.m2/repository/org/apache/ratis/ratis-server/0.4.0-78e95b9-SNAPSHOT/ratis-server-0.4.0-78e95b9-SNAPSHOT.jar:/home/user/.m2/repository/org/apache/ratis/ratis-thirdparty-misc/0.2.0/ratis-thirdparty-misc-0.2.0.jar:/home/user/.m2/repository/org/apache/ratis/ratis-proto/0.4.0-78e95b9-SNAPSHOT/ratis-proto-0.4.0-78e95b9-SNAPSHOT.jar:/home/user/.m2/repository/org/apache/ratis/ratis-common/0.4.0-78e95b9-SNAPSHOT/ratis-common-0.4.0-78e95b9-SNAPSHOT.jar:/home/user/.m2/repository/org/apache/ratis/ratis-client/0.4.0-78e95b9-SNAPSHOT/ratis-client-0.4.0-78e95b9-SNAPSHOT.jar:/home/user/.m2/repository/org/apache/ratis/ratis-metrics/0.4.0-78e95b9-SNAPSHOT/ratis-metrics-0.4.0-78e95b9-SNAPSHOT.jar:/home/user/.m2/repository/com/github/joshelser/dropwizard-metrics-hadoop-metrics2-reporter/0.1.2/dropwizard-metrics-hadoop-metrics2-reporter-0.1.2.jar:/home/user/.m2/repository/io/dropwizard/metrics/metrics-jvm/3.2.5/metrics-jvm-3.2.5.jar:/home/user/.m2/repository/io/dropwizard/metrics/metrics-ganglia/3.2.5/metrics-ganglia-3.2.5.jar:/home/user/.m2/repository/info/ganglia/gmetric4j/gmetric4j/1.0.7/gmetric4j-1.0.7.jar:/home/user/.m2/repository/org/apache/ratis/ratis-netty/0.4.0-78e95b9-SNAPSHOT/ratis-netty-0.4.0-78e95b9-SNAPSHOT.jar:/home/user/.m2/repository/org/apache/ratis/ratis-grpc/0.4.0-78e95b9-SNAPSHOT/ratis-grpc-0.4.0-78e95b9-SNAPSHOT.jar:/home/user/.m2/repository/org/rocksdb/rocksdbjni/6.0.1/rocksdbjni-6.0.1.jar:/home/user/.m2/repository/org/apache/logging/log4j/log4j-api/2.11.0/log4j-api-2.11.0.jar:/home/user/.m2/repository/org/apache/logging/log4j/log4j-core/2.11.0/log4j-core-2.11.0.jar:/home/user/.m2/repository/com/lmax/disruptor/3.4.2/disruptor-3.4.2.jar:/home/user/.m2/repository/org/apache/commons/commons-pool2/2.6.0/commons-pool2-2.6.0.jar:/home/user/.m2/repository/org/bouncycastle/bcpkix-jdk15on/1.60/bcpkix-jdk15on-1.60.jar:/home/user/.m2/repository/commons-validator/commons-validator/1.6/commons-validator-1.6.jar:/home/user/.m2/repository/commons-digester/commons-digester/1.8.1/commons-digester-1.8.1.jar:/home/user/.m2/repository/io/jaegertracing/jaeger-client/0.33.1/jaeger-client-0.33.1.jar:/home/user/.m2/repository/io/jaegertracing/jaeger-thrift/0.33.1/jaeger-thrift-0.33.1.jar:/home/user/.m2/repository/org/apache/thrift/libthrift/0.11.0/libthrift-0.11.0.jar:/home/user/.m2/repository/com/squareup/okhttp3/okhttp/3.9.0/okhttp-3.9.0.jar:/home/user/.m2/repository/com/squareup/okio/okio/1.13.0/okio-1.13.0.jar:/home/user/.m2/repository/io/jaegertracing/jaeger-core/0.33.1/jaeger-core-0.33.1.jar:/home/user/.m2/repository/io/jaegertracing/jaeger-tracerresolver/0.33.1/jaeger-tracerresolver-0.33.1.jar:/home/user/.m2/repository/io/opentracing/contrib/opentracing-tracerresolver/0.1.5/opentracing-tracerresolver-0.1.5.jar:/home/user/.m2/repository/io/opentracing/opentracing-util/0.31.0/opentracing-util-0.31.0.jar:/home/user/.m2/repository/io/opentracing/opentracing-api/0.31.0/opentracing-api-0.31.0.jar:/home/user/.m2/repository/io/opentracing/opentracing-noop/0.31.0/opentracing-noop-0.31.0.jar:/home/user/.m2/repository/org/apache/hadoop/hadoop-hdds-server-framework/0.5.0-SNAPSHOT/hadoop-hdds-server-framework-0.5.0-SNAPSHOT.jar:/home/user/.m2/repository/org/apache/hadoop/hadoop-hdds-container-service/0.5.0-SNAPSHOT/hadoop-hdds-container-service-0.5.0-SNAPSHOT.jar:/home/user/.m2/repository/org/apache/hadoop/hadoop-hdds-client/0.5.0-SNAPSHOT/hadoop-hdds-client-0.5.0-SNAPSHOT.jar:/home/user/.m2/repository/org/apache/hadoop/hadoop-hdds-tools/0.5.0-SNAPSHOT/hadoop-hdds-tools-0.5.0-SNAPSHOT.jar:/home/user/.m2/repository/org/apache/hadoop/hadoop-hdds-server-scm/0.5.0-SNAPSHOT/hadoop-hdds-server-scm-0.5.0-SNAPSHOT.jar:/home/user/.m2/repository/org/apache/hadoop/hadoop-hdds-docs/0.5.0-SNAPSHOT/hadoop-hdds-docs-0.5.0-SNAPSHOT.jar:/home/user/.m2/repository/io/dropwizard/metrics/metrics-core/3.2.4/metrics-core-3.2.4.jar:/home/user/.m2/repository/org/hamcrest/hamcrest-all/1.3/hamcrest-all-1.3.jar:/home/user/.m2/repository/org/bouncycastle/bcprov-jdk15on/1.60/bcprov-jdk15on-1.60.jar:/home/user/.m2/repository/info/picocli/picocli/3.9.6/picocli-3.9.6.jar:/home/user/.m2/repository/com/google/protobuf/protobuf-java/2.5.0/protobuf-java-2.5.0.jar:/home/user/.m2/repository/com/google/guava/guava/11.0.2/guava-11.0.2.jar:/home/user/.m2/repository/org/apache/hadoop/hadoop-ozone-ozone-manager/0.5.0-SNAPSHOT/hadoop-ozone-ozone-manager-0.5.0-SNAPSHOT.jar:/home/user/.m2/repository/org/apache/hadoop/hadoop-minikdc/3.2.0/hadoop-minikdc-3.2.0.jar:/home/user/.m2/repository/commons-io/commons-io/2.5/commons-io-2.5.jar:/home/user/.m2/repository/org/apache/kerby/kerb-simplekdc/1.0.1/kerb-simplekdc-1.0.1.jar:/home/user/.m2/repository/org/apache/kerby/kerb-client/1.0.1/kerb-client-1.0.1.jar:/home/user/.m2/repository/org/apache/kerby/kerby-config/1.0.1/kerby-config-1.0.1.jar:/home/user/.m2/repository/org/apache/kerby/kerb-core/1.0.1/kerb-core-1.0.1.jar:/home/user/.m2/repository/org/apache/kerby/kerby-pkix/1.0.1/kerby-pkix-1.0.1.jar:/home/user/.m2/repository/org/apache/kerby/kerby-asn1/1.0.1/kerby-asn1-1.0.1.jar:/home/user/.m2/repository/org/apache/kerby/kerby-util/1.0.1/kerby-util-1.0.1.jar:/home/user/.m2/repository/org/apache/kerby/kerb-common/1.0.1/kerb-common-1.0.1.jar:/home/user/.m2/repository/org/apache/kerby/kerb-crypto/1.0.1/kerb-crypto-1.0.1.jar:/home/user/.m2/repository/org/apache/kerby/kerb-util/1.0.1/kerb-util-1.0.1.jar:/home/user/.m2/repository/org/apache/kerby/token-provider/1.0.1/token-provider-1.0.1.jar:/home/user/.m2/repository/org/apache/kerby/kerb-admin/1.0.1/kerb-admin-1.0.1.jar:/home/user/.m2/repository/org/apache/kerby/kerb-server/1.0.1/kerb-server-1.0.1.jar:/home/user/.m2/repository/org/apache/kerby/kerb-identity/1.0.1/kerb-identity-1.0.1.jar:/home/user/.m2/repository/org/apache/kerby/kerby-xdr/1.0.1/kerby-xdr-1.0.1.jar:/home/user/.m2/repository/org/slf4j/slf4j-log4j12/1.7.25/slf4j-log4j12-1.7.25.jar:/home/user/.m2/repository/org/apache/hadoop/hadoop-ozone-s3gateway/0.5.0-SNAPSHOT/hadoop-ozone-s3gateway-0.5.0-SNAPSHOT.jar:/home/user/.m2/repository/org/jboss/weld/servlet/weld-servlet/2.4.7.Final/weld-servlet-2.4.7.Final.jar:/home/user/.m2/repository/org/glassfish/jersey/containers/jersey-container-servlet-core/2.27/jersey-container-servlet-core-2.27.jar:/home/user/.m2/repository/org/glassfish/hk2/external/javax.inject/2.5.0-b42/javax.inject-2.5.0-b42.jar:/home/user/.m2/repository/org/glassfish/jersey/core/jersey-common/2.27/jersey-common-2.27.jar:/home/user/.m2/repository/org/glassfish/hk2/osgi-resource-locator/1.0.1/osgi-resource-locator-1.0.1.jar:/home/user/.m2/repository/javax/ws/rs/javax.ws.rs-api/2.1/javax.ws.rs-api-2.1.jar:/home/user/.m2/repository/org/glassfish/jersey/ext/cdi/jersey-cdi1x/2.27/jersey-cdi1x-2.27.jar:/home/user/.m2/repository/org/glassfish/jersey/inject/jersey-hk2/2.27/jersey-hk2-2.27.jar:/home/user/.m2/repository/org/glassfish/hk2/hk2-locator/2.5.0-b42/hk2-locator-2.5.0-b42.jar:/home/user/.m2/repository/org/javassist/javassist/3.22.0-CR2/javassist-3.22.0-CR2.jar:/home/user/.m2/repository/org/glassfish/hk2/hk2-api/2.5.0/hk2-api-2.5.0.jar:/home/user/.m2/repository/org/glassfish/hk2/external/jakarta.inject/2.5.0/jakarta.inject-2.5.0.jar:/home/user/.m2/repository/org/glassfish/hk2/hk2-utils/2.5.0/hk2-utils-2.5.0.jar:/home/user/.m2/repository/jakarta/annotation/jakarta.annotation-api/1.3.4/jakarta.annotation-api-1.3.4.jar:/home/user/.m2/repository/org/glassfish/hk2/external/aopalliance-repackaged/2.5.0/aopalliance-repackaged-2.5.0.jar:/home/user/.m2/repository/com/fasterxml/jackson/dataformat/jackson-dataformat-xml/2.9.0/jackson-dataformat-xml-2.9.0.jar:/home/user/.m2/repository/com/fasterxml/jackson/core/jackson-core/2.9.9/jackson-core-2.9.9.jar:/home/user/.m2/repository/com/fasterxml/jackson/module/jackson-module-jaxb-annotations/2.9.9/jackson-module-jaxb-annotations-2.9.9.jar:/home/user/.m2/repository/javax/enterprise/cdi-api/1.2/cdi-api-1.2.jar:/home/user/.m2/repository/javax/el/javax.el-api/3.0.0/javax.el-api-3.0.0.jar:/home/user/.m2/repository/javax/interceptor/javax.interceptor-api/1.2/javax.interceptor-api-1.2.jar:/home/user/.m2/repository/javax/inject/javax.inject/1/javax.inject-1.jar:/home/user/.m2/repository/com/sun/xml/bind/jaxb-impl/2.3.0.1/jaxb-impl-2.3.0.1.jar:/home/user/.m2/repository/com/sun/xml/bind/jaxb-core/2.3.0.1/jaxb-core-2.3.0.1.jar:/home/user/.m2/repository/javax/xml/bind/jaxb-api/2.3.0/jaxb-api-2.3.0.jar:/home/user/.m2/repository/javax/activation/activation/1.1.1/activation-1.1.1.jar:/home/user/.m2/repository/org/apache/hadoop/hadoop-ozone-csi/0.5.0-SNAPSHOT/hadoop-ozone-csi-0.5.0-SNAPSHOT.jar:/home/user/.m2/repository/com/google/protobuf/protobuf-java-util/3.5.1/protobuf-java-util-3.5.1.jar:/home/user/.m2/repository/org/apache/hadoop/hadoop-hdds-config/0.5.0-SNAPSHOT/hadoop-hdds-config-0.5.0-SNAPSHOT.jar:/home/user/.m2/repository/io/grpc/grpc-netty/1.17.1/grpc-netty-1.17.1.jar:/home/user/.m2/repository/io/grpc/grpc-core/1.17.1/grpc-core-1.17.1.jar:/home/user/.m2/repository/io/grpc/grpc-context/1.17.1/grpc-context-1.17.1.jar:/home/user/.m2/repository/com/google/errorprone/error_prone_annotations/2.2.0/error_prone_annotations-2.2.0.jar:/home/user/.m2/repository/org/codehaus/mojo/animal-sniffer-annotations/1.17/animal-sniffer-annotations-1.17.jar:/home/user/.m2/repository/io/opencensus/opencensus-api/0.17.0/opencensus-api-0.17.0.jar:/home/user/.m2/repository/io/opencensus/opencensus-contrib-grpc-metrics/0.17.0/opencensus-contrib-grpc-metrics-0.17.0.jar:/home/user/.m2/repository/io/netty/netty-codec-http2/4.1.30.Final/netty-codec-http2-4.1.30.Final.jar:/home/user/.m2/repository/io/netty/netty-codec-http/4.1.30.Final/netty-codec-http-4.1.30.Final.jar:/home/user/.m2/repository/io/netty/netty-codec/4.1.30.Final/netty-codec-4.1.30.Final.jar:/home/user/.m2/repository/io/netty/netty-handler/4.1.30.Final/netty-handler-4.1.30.Final.jar:/home/user/.m2/repository/io/netty/netty-handler-proxy/4.1.30.Final/netty-handler-proxy-4.1.30.Final.jar:/home/user/.m2/repository/io/netty/netty-codec-socks/4.1.30.Final/netty-codec-socks-4.1.30.Final.jar:/home/user/.m2/repository/io/netty/netty-transport-native-epoll/4.1.30.Final/netty-transport-native-epoll-4.1.30.Final.jar:/home/user/.m2/repository/io/netty/netty-common/4.1.30.Final/netty-common-4.1.30.Final.jar:/home/user/.m2/repository/io/netty/netty-buffer/4.1.30.Final/netty-buffer-4.1.30.Final.jar:/home/user/.m2/repository/io/netty/netty-transport/4.1.30.Final/netty-transport-4.1.30.Final.jar:/home/user/.m2/repository/io/netty/netty-resolver/4.1.30.Final/netty-resolver-4.1.30.Final.jar:/home/user/.m2/repository/io/netty/netty-transport-native-unix-common/4.1.30.Final/netty-transport-native-unix-common-4.1.30.Final.jar:/home/user/.m2/repository/io/grpc/grpc-protobuf/1.17.1/grpc-protobuf-1.17.1.jar:/home/user/.m2/repository/com/google/api/grpc/proto-google-common-protos/1.0.0/proto-google-common-protos-1.0.0.jar:/home/user/.m2/repository/io/grpc/grpc-protobuf-lite/1.17.1/grpc-protobuf-lite-1.17.1.jar:/home/user/.m2/repository/io/grpc/grpc-stub/1.17.1/grpc-stub-1.17.1.jar:/home/user/.m2/repository/org/apache/hadoop/hadoop-ozone-recon/0.5.0-SNAPSHOT/hadoop-ozone-recon-0.5.0-SNAPSHOT.jar:/home/user/.m2/repository/org/apache/hadoop/hadoop-ozone-reconcodegen/0.5.0-SNAPSHOT/hadoop-ozone-reconcodegen-0.5.0-SNAPSHOT.jar:/home/user/.m2/repository/com/google/inject/extensions/guice-multibindings/4.0/guice-multibindings-4.0.jar:/home/user/.m2/repository/com/google/inject/guice/4.0/guice-4.0.jar:/home/user/.m2/repository/aopalliance/aopalliance/1.0/aopalliance-1.0.jar:/home/user/.m2/repository/com/google/inject/extensions/guice-servlet/4.0/guice-servlet-4.0.jar:/home/user/.m2/repository/org/glassfish/jersey/containers/jersey-container-servlet/2.27/jersey-container-servlet-2.27.jar:/home/user/.m2/repository/org/glassfish/hk2/guice-bridge/2.5.0/guice-bridge-2.5.0.jar:/home/user/.m2/repository/org/glassfish/jersey/core/jersey-server/2.27/jersey-server-2.27.jar:/home/user/.m2/repository/org/glassfish/jersey/core/jersey-client/2.27/jersey-client-2.27.jar:/home/user/.m2/repository/org/glassfish/jersey/media/jersey-media-jaxb/2.27/jersey-media-jaxb-2.27.jar:/home/user/.m2/repository/javax/validation/validation-api/1.1.0.Final/validation-api-1.1.0.Final.jar:/home/user/.m2/repository/org/glassfish/jersey/media/jersey-media-json-jackson/2.27/jersey-media-json-jackson-2.27.jar:/home/user/.m2/repository/org/glassfish/jersey/ext/jersey-entity-filtering/2.27/jersey-entity-filtering-2.27.jar:/home/user/.m2/repository/com/google/inject/extensions/guice-assistedinject/4.0/guice-assistedinject-4.0.jar:/home/user/.m2/repository/org/jooq/jooq/3.11.10/jooq-3.11.10.jar:/home/user/.m2/repository/org/jooq/jooq-meta/3.11.10/jooq-meta-3.11.10.jar:/home/user/.m2/repository/org/jooq/jooq-codegen/3.11.10/jooq-codegen-3.11.10.jar:/home/user/.m2/repository/com/jolbox/bonecp/0.8.0.RELEASE/bonecp-0.8.0.RELEASE.jar:/home/user/.m2/repository/org/xerial/sqlite-jdbc/3.25.2/sqlite-jdbc-3.25.2.jar:/home/user/.m2/repository/org/springframework/spring-jdbc/5.1.3.RELEASE/spring-jdbc-5.1.3.RELEASE.jar:/home/user/.m2/repository/org/springframework/spring-beans/5.1.3.RELEASE/spring-beans-5.1.3.RELEASE.jar:/home/user/.m2/repository/org/springframework/spring-core/5.1.3.RELEASE/spring-core-5.1.3.RELEASE.jar:/home/user/.m2/repository/org/springframework/spring-jcl/5.1.3.RELEASE/spring-jcl-5.1.3.RELEASE.jar:/home/user/.m2/repository/org/springframework/spring-tx/5.1.3.RELEASE/spring-tx-5.1.3.RELEASE.jar:/home/user/.m2/repository/org/apache/hadoop/hadoop-ozone-client/0.5.0-SNAPSHOT/hadoop-ozone-client-0.5.0-SNAPSHOT.jar:/home/user/.m2/repository/commons-lang/commons-lang/2.6/commons-lang-2.6.jar:/home/user/.m2/repository/org/apache/hadoop/hadoop-ozone-ozone-manager/0.5.0-SNAPSHOT/hadoop-ozone-ozone-manager-0.5.0-SNAPSHOT-tests.jar:/home/user/.m2/repository/junit/junit/4.11/junit-4.11.jar:/home/user/.m2/repository/org/hamcrest/hamcrest-core/1.3/hamcrest-core-1.3.jar:/home/user/.m2/repository/org/openjdk/jmh/jmh-core/1.19/jmh-core-1.19.jar:/home/user/.m2/repository/net/sf/jopt-simple/jopt-simple/4.6/jopt-simple-4.6.jar:/home/user/.m2/repository/org/apache/commons/commons-math3/3.1.1/commons-math3-3.1.1.jar:/home/user/.m2/repository/org/openjdk/jmh/jmh-generator-annprocess/1.19/jmh-generator-annprocess-1.19.jar:/home/user/.m2/repository/org/mockito/mockito-all/1.8.5/mockito-all-1.8.5.jar:/home/user/.m2/repository/org/apache/hadoop/hadoop-kms/3.2.0/hadoop-kms-3.2.0.jar:/home/user/.m2/repository/org/apache/hadoop/hadoop-auth/3.2.0/hadoop-auth-3.2.0.jar:/home/user/.m2/repository/com/nimbusds/nimbus-jose-jwt/4.41.1/nimbus-jose-jwt-4.41.1.jar:/home/user/.m2/repository/com/github/stephenc/jcip/jcip-annotations/1.0-1/jcip-annotations-1.0-1.jar:/home/user/.m2/repository/net/minidev/json-smart/2.3/json-smart-2.3.jar:/home/user/.m2/repository/net/minidev/accessors-smart/1.2/accessors-smart-1.2.jar:/home/user/.m2/repository/org/ow2/asm/asm/5.0.4/asm-5.0.4.jar:/home/user/.m2/repository/org/apache/curator/curator-framework/2.12.0/curator-framework-2.12.0.jar:/home/user/.m2/repository/com/sun/jersey/jersey-core/1.19/jersey-core-1.19.jar:/home/user/.m2/repository/javax/ws/rs/jsr311-api/1.1.1/jsr311-api-1.1.1.jar:/home/user/.m2/repository/com/sun/jersey/jersey-server/1.19/jersey-server-1.19.jar:/home/user/.m2/repository/javax/servlet/javax.servlet-api/3.1.0/javax.servlet-api-3.1.0.jar:/home/user/.m2/repository/org/eclipse/jetty/jetty-server/9.3.24.v20180605/jetty-server-9.3.24.v20180605.jar:/home/user/.m2/repository/org/eclipse/jetty/jetty-http/9.3.24.v20180605/jetty-http-9.3.24.v20180605.jar:/home/user/.m2/repository/org/eclipse/jetty/jetty-io/9.3.24.v20180605/jetty-io-9.3.24.v20180605.jar:/home/user/.m2/repository/org/eclipse/jetty/jetty-webapp/9.3.24.v20180605/jetty-webapp-9.3.24.v20180605.jar:/home/user/.m2/repository/org/eclipse/jetty/jetty-xml/9.3.24.v20180605/jetty-xml-9.3.24.v20180605.jar:/home/user/.m2/repository/log4j/log4j/1.2.17/log4j-1.2.17.jar:/home/user/.m2/repository/org/slf4j/slf4j-api/1.7.25/slf4j-api-1.7.25.jar:/home/user/.m2/repository/org/slf4j/jul-to-slf4j/1.7.25/jul-to-slf4j-1.7.25.jar:/home/user/.m2/repository/org/eclipse/jetty/jetty-util/9.3.24.v20180605/jetty-util-9.3.24.v20180605.jar:/home/user/.m2/repository/com/fasterxml/jackson/core/jackson-databind/2.9.9/jackson-databind-2.9.9.jar:/home/user/.m2/repository/org/apache/hadoop/hadoop-kms/3.2.0/hadoop-kms-3.2.0-tests.jar:/home/user/.m2/repository/org/apache/hadoop/hadoop-hdds-server-scm/0.5.0-SNAPSHOT/hadoop-hdds-server-scm-0.5.0-SNAPSHOT-tests.jar:/home/user/.m2/repository/org/apache/hadoop/hadoop-hdds-container-service/0.5.0-SNAPSHOT/hadoop-hdds-container-service-0.5.0-SNAPSHOT-tests.jar:/home/user/.m2/repository/org/yaml/snakeyaml/1.16/snakeyaml-1.16.jar:/home/user/.m2/repository/org/apache/hadoop/hadoop-common/3.2.0/hadoop-common-3.2.0-tests.jar:/home/user/.m2/repository/org/apache/hadoop/hadoop-annotations/3.2.0/hadoop-annotations-3.2.0.jar:/usr/lib/jvm/java-1.8-openjdk/jre/../lib/tools.jar:/home/user/.m2/repository/commons-cli/commons-cli/1.2/commons-cli-1.2.jar:/home/user/.m2/repository/org/apache/httpcomponents/httpclient/4.5.2/httpclient-4.5.2.jar:/home/user/.m2/repository/org/apache/httpcomponents/httpcore/4.4.4/httpcore-4.4.4.jar:/home/user/.m2/repository/commons-codec/commons-codec/1.11/commons-codec-1.11.jar:/home/user/.m2/repository/commons-net/commons-net/3.6/commons-net-3.6.jar:/home/user/.m2/repository/commons-collections/commons-collections/3.2.2/commons-collections-3.2.2.jar:/home/user/.m2/repository/org/eclipse/jetty/jetty-servlet/9.3.24.v20180605/jetty-servlet-9.3.24.v20180605.jar:/home/user/.m2/repository/org/eclipse/jetty/jetty-security/9.3.24.v20180605/jetty-security-9.3.24.v20180605.jar:/home/user/.m2/repository/javax/servlet/jsp/jsp-api/2.1/jsp-api-2.1.jar:/home/user/.m2/repository/com/sun/jersey/jersey-servlet/1.19/jersey-servlet-1.19.jar:/home/user/.m2/repository/com/sun/jersey/jersey-json/1.19/jersey-json-1.19.jar:/home/user/.m2/repository/org/codehaus/jettison/jettison/1.1/jettison-1.1.jar:/home/user/.m2/repository/org/codehaus/jackson/jackson-core-asl/1.9.13/jackson-core-asl-1.9.13.jar:/home/user/.m2/repository/org/codehaus/jackson/jackson-mapper-asl/1.9.13/jackson-mapper-asl-1.9.13.jar:/home/user/.m2/repository/org/codehaus/jackson/jackson-jaxrs/1.9.13/jackson-jaxrs-1.9.13.jar:/home/user/.m2/repository/org/codehaus/jackson/jackson-xc/1.9.13/jackson-xc-1.9.13.jar:/home/user/.m2/repository/commons-logging/commons-logging/1.1.3/commons-logging-1.1.3.jar:/home/user/.m2/repository/commons-beanutils/commons-beanutils/1.9.4/commons-beanutils-1.9.4.jar:/home/user/.m2/repository/org/apache/commons/commons-configuration2/2.1.1/commons-configuration2-2.1.1.jar:/home/user/.m2/repository/org/apache/commons/commons-lang3/3.7/commons-lang3-3.7.jar:/home/user/.m2/repository/org/apache/commons/commons-text/1.4/commons-text-1.4.jar:/home/user/.m2/repository/org/apache/avro/avro/1.7.7/avro-1.7.7.jar:/home/user/.m2/repository/com/thoughtworks/paranamer/paranamer/2.3/paranamer-2.3.jar:/home/user/.m2/repository/org/xerial/snappy/snappy-java/1.0.5/snappy-java-1.0.5.jar:/home/user/.m2/repository/com/google/re2j/re2j/1.1/re2j-1.1.jar:/home/user/.m2/repository/com/google/code/gson/gson/2.2.4/gson-2.2.4.jar:/home/user/.m2/repository/com/jcraft/jsch/0.1.54/jsch-0.1.54.jar:/home/user/.m2/repository/org/apache/curator/curator-client/2.12.0/curator-client-2.12.0.jar:/home/user/.m2/repository/org/apache/curator/curator-recipes/2.12.0/curator-recipes-2.12.0.jar:/home/user/.m2/repository/com/google/code/findbugs/jsr305/3.0.0/jsr305-3.0.0.jar:/home/user/.m2/repository/org/apache/htrace/htrace-core4/4.1.0-incubating/htrace-core4-4.1.0-incubating.jar:/home/user/.m2/repository/org/apache/zookeeper/zookeeper/3.4.13/zookeeper-3.4.13.jar:/home/user/.m2/repository/org/apache/yetus/audience-annotations/0.5.0/audience-annotations-0.5.0.jar:/home/user/.m2/repository/org/codehaus/woodstox/stax2-api/3.1.4/stax2-api-3.1.4.jar:/home/user/.m2/repository/com/fasterxml/woodstox/woodstox-core/5.0.3/woodstox-core-5.0.3.jar:/home/user/.m2/repository/dnsjava/dnsjava/2.1.7/dnsjava-2.1.7.jar:/home/user/.m2/repository/org/apache/hadoop/hadoop-hdfs/3.2.0/hadoop-hdfs-3.2.0-tests.jar:/home/user/.m2/repository/org/eclipse/jetty/jetty-util-ajax/9.3.24.v20180605/jetty-util-ajax-9.3.24.v20180605.jar:/home/user/.m2/repository/commons-daemon/commons-daemon/1.0.13/commons-daemon-1.0.13.jar:/home/user/.m2/repository/io/netty/netty/3.10.5.Final/netty-3.10.5.Final.jar:/home/user/.m2/repository/io/netty/netty-all/4.0.52.Final/netty-all-4.0.52.Final.jar:/home/user/.m2/repository/org/fusesource/leveldbjni/leveldbjni-all/1.8/leveldbjni-all-1.8.jar:"/>
    <property name="sun.cpu.endian" value="little"/>
    <property name="user.home" value="/home/user"/>
    <property name="user.language" value="en"/>
    <property name="java.specification.vendor" value="Oracle Corporation"/>
    <property name="java.home" value="/usr/lib/jvm/java-1.8-openjdk/jre"/>
    <property name="java.security.krb5.conf" value="/workdir/hadoop-ozone/integration-test/target/test-classes/krb5.conf"/>
    <property name="basedir" value="/workdir/hadoop-ozone/integration-test"/>
    <property name="file.separator" value="/"/>
    <property name="line.separator" value="&#10;"/>
    <property name="java.vm.specification.vendor" value="Oracle Corporation"/>
    <property name="java.specification.name" value="Java Platform API Specification"/>
    <property name="java.awt.graphicsenv" value="sun.awt.X11GraphicsEnvironment"/>
    <property name="surefire.real.class.path" value="/workdir/hadoop-ozone/integration-test/target/surefire/surefirebooter6616633873388527884.jar"/>
    <property name="hadoop.log.dir" value="/workdir/hadoop-ozone/integration-test/target/log"/>
    <property name="sun.boot.class.path" value="/usr/lib/jvm/java-1.8-openjdk/jre/lib/resources.jar:/usr/lib/jvm/java-1.8-openjdk/jre/lib/rt.jar:/usr/lib/jvm/java-1.8-openjdk/jre/lib/sunrsasign.jar:/usr/lib/jvm/java-1.8-openjdk/jre/lib/jsse.jar:/usr/lib/jvm/java-1.8-openjdk/jre/lib/jce.jar:/usr/lib/jvm/java-1.8-openjdk/jre/lib/charsets.jar:/usr/lib/jvm/java-1.8-openjdk/jre/lib/jfr.jar:/usr/lib/jvm/java-1.8-openjdk/jre/classes"/>
    <property name="sun.management.compiler" value="HotSpot 64-Bit Tiered Compilers"/>
    <property name="java.runtime.version" value="1.8.0_212-b04"/>
    <property name="java.net.preferIPv4Stack" value="true"/>
    <property name="user.name" value="jenkins1000"/>
    <property name="path.separator" value=":"/>
    <property name="java.security.egd" value="file:///dev/urandom"/>
    <property name="os.version" value="3.10.0-957.12.2.el7.x86_64"/>
    <property name="java.endorsed.dirs" value="/usr/lib/jvm/java-1.8-openjdk/jre/lib/endorsed"/>
    <property name="java.runtime.name" value="OpenJDK Runtime Environment"/>
    <property name="file.encoding" value="UTF-8"/>
    <property name="java.vm.name" value="OpenJDK 64-Bit Server VM"/>
    <property name="test.build.webapps" value=""/>
    <property name="localRepository" value="/home/user/.m2/repository"/>
    <property name="java.vendor.url.bug" value="https://icedtea.classpath.org/bugzilla"/>
    <property name="java.io.tmpdir" value="/tmp"/>
    <property name="require.test.libhadoop" value=""/>
    <property name="java.version" value="1.8.0_212"/>
    <property name="user.dir" value="/workdir/hadoop-ozone/integration-test"/>
    <property name="os.arch" value="amd64"/>
    <property name="java.vm.specification.name" value="Java Virtual Machine Specification"/>
    <property name="test.build.classes" value="/workdir/hadoop-ozone/integration-test/target/test-classes"/>
    <property name="java.awt.printerjob" value="sun.print.PSPrinterJob"/>
    <property name="sun.os.patch.level" value="unknown"/>
    <property name="hadoop.tmp.dir" value="/workdir/hadoop-ozone/integration-test/target/tmp"/>
    <property name="java.library.path" value="/usr/lib/jvm/java-1.8-openjdk/jre/lib/amd64/server:/usr/lib/jvm/java-1.8-openjdk/jre/lib/amd64:/usr/lib/jvm/java-1.8-openjdk/jre/../lib/amd64:/workdir/hadoop-ozone/integration-test/target/native/target/usr/local/lib:/workdir/hadoop-ozone/integration-test/../../hadoop-common-project/hadoop-common/target/native/target/usr/local/lib:/usr/java/packages/lib/amd64:/usr/lib64:/lib64:/lib:/usr/lib"/>
    <property name="java.vm.info" value="mixed mode"/>
    <property name="java.vendor" value="IcedTea"/>
    <property name="java.vm.version" value="25.212-b04"/>
    <property name="java.ext.dirs" value="/usr/lib/jvm/java-1.8-openjdk/jre/lib/ext:/usr/java/packages/lib/ext"/>
    <property name="sun.io.unicode.encoding" value="UnicodeLittle"/>
    <property name="java.class.version" value="52.0"/>
  </properties>
  <testcase name="testContainerReplication" classname="org.apache.hadoop.ozone.client.rpc.TestContainerReplicationEndToEnd" time="10.2">
    <error message="Failed to update container state #1, reason: invalid state transition from state: CLOSING upon event: FINALIZE." type="org.apache.hadoop.hdds.scm.exceptions.SCMException">org.apache.hadoop.hdds.scm.exceptions.SCMException: Failed to update container state #1, reason: invalid state transition from state: CLOSING upon event: FINALIZE.
	at org.apache.hadoop.hdds.scm.container.ContainerStateManager.updateContainerState(ContainerStateManager.java:336)
	at org.apache.hadoop.hdds.scm.container.SCMContainerManager.updateContainerState(SCMContainerManager.java:312)
	at org.apache.hadoop.ozone.client.rpc.TestContainerReplicationEndToEnd.testContainerReplication(TestContainerReplicationEndToEnd.java:159)
	at sun.reflect.NativeMethodAccessorImpl.invoke0(Native Method)
	at sun.reflect.NativeMethodAccessorImpl.invoke(NativeMethodAccessorImpl.java:62)
	at sun.reflect.DelegatingMethodAccessorImpl.invoke(DelegatingMethodAccessorImpl.java:43)
	at java.lang.reflect.Method.invoke(Method.java:498)
	at org.junit.runners.model.FrameworkMethod$1.runReflectiveCall(FrameworkMethod.java:47)
	at org.junit.internal.runners.model.ReflectiveCallable.run(ReflectiveCallable.java:12)
	at org.junit.runners.model.FrameworkMethod.invokeExplosively(FrameworkMethod.java:44)
	at org.junit.internal.runners.statements.InvokeMethod.evaluate(InvokeMethod.java:17)
	at org.junit.runners.ParentRunner.runLeaf(ParentRunner.java:271)
	at org.junit.runners.BlockJUnit4ClassRunner.runChild(BlockJUnit4ClassRunner.java:70)
	at org.junit.runners.BlockJUnit4ClassRunner.runChild(BlockJUnit4ClassRunner.java:50)
	at org.junit.runners.ParentRunner$3.run(ParentRunner.java:238)
	at org.junit.runners.ParentRunner$1.schedule(ParentRunner.java:63)
	at org.junit.runners.ParentRunner.runChildren(ParentRunner.java:236)
	at org.junit.runners.ParentRunner.access$000(ParentRunner.java:53)
	at org.junit.runners.ParentRunner$2.evaluate(ParentRunner.java:229)
	at org.junit.internal.runners.statements.RunBefores.evaluate(RunBefores.java:26)
	at org.junit.internal.runners.statements.RunAfters.evaluate(RunAfters.java:27)
	at org.junit.runners.ParentRunner.run(ParentRunner.java:309)
	at org.apache.maven.surefire.junit4.JUnit4Provider.execute(JUnit4Provider.java:365)
	at org.apache.maven.surefire.junit4.JUnit4Provider.executeWithRerun(JUnit4Provider.java:273)
	at org.apache.maven.surefire.junit4.JUnit4Provider.executeTestSet(JUnit4Provider.java:238)
	at org.apache.maven.surefire.junit4.JUnit4Provider.invoke(JUnit4Provider.java:159)
	at org.apache.maven.surefire.booter.ForkedBooter.invokeProviderInSameClassLoader(ForkedBooter.java:384)
	at org.apache.maven.surefire.booter.ForkedBooter.runSuitesInProcess(ForkedBooter.java:345)
	at org.apache.maven.surefire.booter.ForkedBooter.execute(ForkedBooter.java:126)
	at org.apache.maven.surefire.booter.ForkedBooter.main(ForkedBooter.java:418)
</error>
    <system-out><![CDATA[2019-09-20 20:38:42,878 [main] WARN  server.ServerUtils (ServerUtils.java:getScmDbDir(145)) - ozone.scm.db.dirs is not configured. We recommend adding this setting. Falling back to ozone.metadata.dirs instead.
2019-09-20 20:38:43,002 [main] WARN  server.ServerUtils (ServerUtils.java:getScmDbDir(145)) - ozone.scm.db.dirs is not configured. We recommend adding this setting. Falling back to ozone.metadata.dirs instead.
2019-09-20 20:38:43,006 [main] WARN  server.ServerUtils (ServerUtils.java:getScmDbDir(145)) - ozone.scm.db.dirs is not configured. We recommend adding this setting. Falling back to ozone.metadata.dirs instead.
2019-09-20 20:38:43,025 [main] INFO  util.log (Log.java:initialized(192)) - Logging initialized @875ms
2019-09-20 20:38:43,124 [main] INFO  db.DBStoreBuilder (DBStoreBuilder.java:addTable(110)) - using custom profile for table: deletedBlocks
2019-09-20 20:38:43,125 [main] INFO  db.DBStoreBuilder (DBStoreBuilder.java:processTables(161)) - Using default column profile:DBProfile.DISK for Table:deletedBlocks
2019-09-20 20:38:43,125 [main] INFO  db.DBStoreBuilder (DBStoreBuilder.java:addTable(110)) - using custom profile for table: validCerts
2019-09-20 20:38:43,126 [main] INFO  db.DBStoreBuilder (DBStoreBuilder.java:processTables(161)) - Using default column profile:DBProfile.DISK for Table:validCerts
2019-09-20 20:38:43,127 [main] INFO  db.DBStoreBuilder (DBStoreBuilder.java:addTable(110)) - using custom profile for table: revokedCerts
2019-09-20 20:38:43,127 [main] INFO  db.DBStoreBuilder (DBStoreBuilder.java:processTables(161)) - Using default column profile:DBProfile.DISK for Table:revokedCerts
2019-09-20 20:38:43,147 [main] INFO  db.DBStoreBuilder (DBStoreBuilder.java:addTable(110)) - using custom profile for table: default
2019-09-20 20:38:43,148 [main] INFO  db.DBStoreBuilder (DBStoreBuilder.java:processTables(167)) - Using default column profile:DBProfile.DISK for Table:default
2019-09-20 20:38:43,150 [main] INFO  db.DBStoreBuilder (DBStoreBuilder.java:getDbProfile(198)) - Using default options. DBProfile.DISK
2019-09-20 20:38:43,463 [main] INFO  net.NodeSchemaLoader (NodeSchemaLoader.java:loadSchemaFromFile(125)) - Loading file from sun.misc.CompoundEnumeration@77888435
2019-09-20 20:38:43,465 [main] INFO  net.NodeSchemaLoader (NodeSchemaLoader.java:loadSchema(171)) - Loading network topology layer schema file
2019-09-20 20:38:43,547 [main] INFO  node.SCMNodeManager (SCMNodeManager.java:<init>(114)) - Entering startup safe mode.
2019-09-20 20:38:43,612 [main] INFO  algorithms.ContainerPlacementPolicyFactory (ContainerPlacementPolicyFactory.java:getPolicy(57)) - Create container placement policy of type org.apache.hadoop.hdds.scm.container.placement.algorithms.SCMContainerPlacementRandom
2019-09-20 20:38:43,625 [main] WARN  server.ServerUtils (ServerUtils.java:getScmDbDir(145)) - ozone.scm.db.dirs is not configured. We recommend adding this setting. Falling back to ozone.metadata.dirs instead.
2019-09-20 20:38:43,715 [main] INFO  pipeline.SCMPipelineManager (SCMPipelineManager.java:initializePipelineState(128)) - No pipeline exists in current db
2019-09-20 20:38:43,719 [main] WARN  server.ServerUtils (ServerUtils.java:getScmDbDir(145)) - ozone.scm.db.dirs is not configured. We recommend adding this setting. Falling back to ozone.metadata.dirs instead.
2019-09-20 20:38:43,836 [main] INFO  Configuration.deprecation (Configuration.java:logDeprecation(1394)) - No unit for hdds.scm.replication.thread.interval(2000) assuming MILLISECONDS
2019-09-20 20:38:43,865 [main] WARN  events.EventQueue (EventQueue.java:fireEvent(183)) - No event handler registered for event TypedEvent{payloadType=SafeModeStatus, name='SafeModeStatus'}
2019-09-20 20:38:44,227 [main] INFO  ipc.CallQueueManager (CallQueueManager.java:<init>(84)) - Using callQueue: class java.util.concurrent.LinkedBlockingQueue, queueCapacity: 2000, scheduler: class org.apache.hadoop.ipc.DefaultRpcScheduler, ipcBackoff: false.
2019-09-20 20:38:44,254 [Socket Reader #1 for port 43697] INFO  ipc.Server (Server.java:run(1074)) - Starting Socket Reader #1 for port 43697
2019-09-20 20:38:44,402 [main] INFO  ipc.CallQueueManager (CallQueueManager.java:<init>(84)) - Using callQueue: class java.util.concurrent.LinkedBlockingQueue, queueCapacity: 2000, scheduler: class org.apache.hadoop.ipc.DefaultRpcScheduler, ipcBackoff: false.
2019-09-20 20:38:44,403 [Socket Reader #1 for port 41620] INFO  ipc.Server (Server.java:run(1074)) - Starting Socket Reader #1 for port 41620
2019-09-20 20:38:44,412 [main] INFO  ipc.CallQueueManager (CallQueueManager.java:<init>(84)) - Using callQueue: class java.util.concurrent.LinkedBlockingQueue, queueCapacity: 2000, scheduler: class org.apache.hadoop.ipc.DefaultRpcScheduler, ipcBackoff: false.
2019-09-20 20:38:44,413 [Socket Reader #1 for port 34768] INFO  ipc.Server (Server.java:run(1074)) - Starting Socket Reader #1 for port 34768
2019-09-20 20:38:44,434 [main] INFO  hdfs.DFSUtil (DFSUtil.java:httpServerTemplateForNNAndJN(1641)) - Starting Web-server for scm at: http://0.0.0.0:0
2019-09-20 20:38:44,609 [main] INFO  server.AuthenticationFilter (AuthenticationFilter.java:constructSecretProvider(240)) - Unable to initialize FileSignerSecretProvider, falling back to use random secrets.
2019-09-20 20:38:44,620 [main] WARN  http.HttpRequestLog (HttpRequestLog.java:getRequestLog(97)) - Jetty request log can only be enabled using Log4j
2019-09-20 20:38:44,631 [main] INFO  http.HttpServer2 (HttpServer2.java:addGlobalFilter(975)) - Added global filter 'safety' (class=org.apache.hadoop.http.HttpServer2$QuotingInputFilter)
2019-09-20 20:38:44,634 [main] INFO  http.HttpServer2 (HttpServer2.java:addFilter(948)) - Added filter static_user_filter (class=org.apache.hadoop.http.lib.StaticUserWebFilter$StaticUserFilter) to context scm
2019-09-20 20:38:44,635 [main] INFO  http.HttpServer2 (HttpServer2.java:addFilter(958)) - Added filter static_user_filter (class=org.apache.hadoop.http.lib.StaticUserWebFilter$StaticUserFilter) to context static
2019-09-20 20:38:44,635 [main] INFO  http.HttpServer2 (HttpServer2.java:addFilter(958)) - Added filter static_user_filter (class=org.apache.hadoop.http.lib.StaticUserWebFilter$StaticUserFilter) to context logs
2019-09-20 20:38:44,671 [main] INFO  server.StorageContainerManager (StorageContainerManager.java:start(763)) - StorageContainerLocationProtocol RPC server is listening at /0.0.0.0:34768
2019-09-20 20:38:44,730 [main] WARN  impl.MetricsConfig (MetricsConfig.java:loadFirst(134)) - Cannot locate configuration: tried hadoop-metrics2-storagecontainermanager.properties,hadoop-metrics2.properties
2019-09-20 20:38:44,742 [main] INFO  impl.MetricsSystemImpl (MetricsSystemImpl.java:startTimer(374)) - Scheduled Metric snapshot period at 10 second(s).
2019-09-20 20:38:44,743 [main] INFO  impl.MetricsSystemImpl (MetricsSystemImpl.java:start(191)) - StorageContainerManager metrics system started
2019-09-20 20:38:44,963 [main] INFO  server.SCMClientProtocolServer (SCMClientProtocolServer.java:start(151)) - RPC server for Client  is listening at /0.0.0.0:34768
2019-09-20 20:38:44,963 [IPC Server Responder] INFO  ipc.Server (Server.java:run(1314)) - IPC Server Responder: starting
2019-09-20 20:38:44,963 [IPC Server listener on 34768] INFO  ipc.Server (Server.java:run(1153)) - IPC Server listener on 34768: starting
2019-09-20 20:38:44,966 [main] INFO  server.StorageContainerManager (StorageContainerManager.java:start(773)) - ScmBlockLocationProtocol RPC server is listening at /0.0.0.0:41620
2019-09-20 20:38:44,968 [main] INFO  server.SCMBlockProtocolServer (SCMBlockProtocolServer.java:start(146)) - RPC server for Block Protocol is listening at /0.0.0.0:41620
2019-09-20 20:38:44,968 [IPC Server Responder] INFO  ipc.Server (Server.java:run(1314)) - IPC Server Responder: starting
2019-09-20 20:38:44,968 [IPC Server listener on 41620] INFO  ipc.Server (Server.java:run(1153)) - IPC Server listener on 41620: starting
2019-09-20 20:38:44,971 [main] INFO  server.StorageContainerManager (StorageContainerManager.java:start(777)) - ScmDatanodeProtocl RPC server is listening at /0.0.0.0:43697
2019-09-20 20:38:44,971 [main] INFO  server.SCMDatanodeProtocolServer (SCMDatanodeProtocolServer.java:start(191)) - RPC server for DataNodes is listening at /0.0.0.0:43697
2019-09-20 20:38:44,971 [IPC Server Responder] INFO  ipc.Server (Server.java:run(1314)) - IPC Server Responder: starting
2019-09-20 20:38:44,971 [IPC Server listener on 43697] INFO  ipc.Server (Server.java:run(1153)) - IPC Server listener on 43697: starting
2019-09-20 20:38:44,975 [main] INFO  http.HttpServer2 (HttpServer2.java:bindListener(1191)) - Jetty bound to port 43355
2019-09-20 20:38:44,976 [main] INFO  server.Server (Server.java:doStart(351)) - jetty-9.3.24.v20180605, build timestamp: 2018-06-05T17:11:56Z, git hash: 84205aa28f11a4f31f2a3b86d1bba2cc8ab69827
2019-09-20 20:38:45,013 [main] INFO  handler.ContextHandler (ContextHandler.java:doStart(781)) - Started o.e.j.s.ServletContextHandler@6622fc65{/logs,file:///workdir/hadoop-ozone/integration-test/target/log,AVAILABLE}
2019-09-20 20:38:45,014 [main] INFO  handler.ContextHandler (ContextHandler.java:doStart(781)) - Started o.e.j.s.ServletContextHandler@23fb172e{/static,file:///workdir/hadoop-ozone/integration-test/target/test-classes/webapps/static,AVAILABLE}
2019-09-20 20:38:45,047 [main] INFO  handler.ContextHandler (ContextHandler.java:doStart(781)) - Started o.e.j.w.WebAppContext@3591009c{/,file:///workdir/hadoop-ozone/integration-test/target/test-classes/webapps/scm/,AVAILABLE}{/scm}
2019-09-20 20:38:45,052 [main] INFO  server.AbstractConnector (AbstractConnector.java:doStart(278)) - Started ServerConnector@2de366bb{HTTP/1.1,[http/1.1]}{0.0.0.0:43355}
2019-09-20 20:38:45,052 [main] INFO  server.Server (Server.java:doStart(419)) - Started @2902ms
2019-09-20 20:38:45,055 [main] INFO  impl.MetricsSinkAdapter (MetricsSinkAdapter.java:start(204)) - Sink prometheus started
2019-09-20 20:38:45,055 [main] INFO  impl.MetricsSystemImpl (MetricsSystemImpl.java:registerSink(301)) - Registered sink prometheus
2019-09-20 20:38:45,056 [main] INFO  server.BaseHttpServer (BaseHttpServer.java:updateConnectorAddress(215)) - HTTP server of SCM is listening at http://0.0.0.0:43355
2019-09-20 20:38:45,063 [org.apache.hadoop.util.JvmPauseMonitor$Monitor@64f857e7] INFO  util.JvmPauseMonitor (JvmPauseMonitor.java:run(188)) - Starting JVM pause monitor
2019-09-20 20:38:45,066 [main] WARN  server.ServerUtils (ServerUtils.java:getDBPath(222)) - ozone.om.db.dirs is not configured. We recommend adding this setting. Falling back to ozone.metadata.dirs instead.
2019-09-20 20:38:45,166 [main] WARN  server.ServerUtils (ServerUtils.java:getDBPath(222)) - ozone.om.db.dirs is not configured. We recommend adding this setting. Falling back to ozone.metadata.dirs instead.
2019-09-20 20:38:45,167 [main] WARN  server.ServerUtils (ServerUtils.java:getDBPath(222)) - ozone.om.db.dirs is not configured. We recommend adding this setting. Falling back to ozone.metadata.dirs instead.
2019-09-20 20:38:45,168 [main] INFO  om.OzoneManager (OzoneManager.java:setOMNodeDetails(650)) - OM Service ID is not set. Setting it to the default ID: omServiceIdDefault
2019-09-20 20:38:45,168 [main] INFO  om.OzoneManager (OzoneManager.java:setOMNodeDetails(656)) - OM Node ID is not set. Setting it to the OmStorage's OmID: 7a9cbe66-ad20-4428-b453-b0d7663bf7d3
2019-09-20 20:38:45,169 [main] INFO  om.OzoneManager (OzoneManager.java:loadOMHAConfigs(607)) - Found matching OM address with OMServiceId: null, OMNodeId: null, RPC Address: localhost:0 and Ratis port: 9872
2019-09-20 20:38:45,887 [main] WARN  server.ServerUtils (ServerUtils.java:getDBPath(222)) - ozone.om.db.dirs is not configured. We recommend adding this setting. Falling back to ozone.metadata.dirs instead.
2019-09-20 20:38:45,894 [main] INFO  db.DBStoreBuilder (DBStoreBuilder.java:addTable(110)) - using custom profile for table: userTable
2019-09-20 20:38:45,894 [main] INFO  db.DBStoreBuilder (DBStoreBuilder.java:processTables(161)) - Using default column profile:DBProfile.DISK for Table:userTable
2019-09-20 20:38:45,895 [main] INFO  db.DBStoreBuilder (DBStoreBuilder.java:addTable(110)) - using custom profile for table: volumeTable
2019-09-20 20:38:45,895 [main] INFO  db.DBStoreBuilder (DBStoreBuilder.java:processTables(161)) - Using default column profile:DBProfile.DISK for Table:volumeTable
2019-09-20 20:38:45,895 [main] INFO  db.DBStoreBuilder (DBStoreBuilder.java:addTable(110)) - using custom profile for table: bucketTable
2019-09-20 20:38:45,895 [main] INFO  db.DBStoreBuilder (DBStoreBuilder.java:processTables(161)) - Using default column profile:DBProfile.DISK for Table:bucketTable
2019-09-20 20:38:45,896 [main] INFO  db.DBStoreBuilder (DBStoreBuilder.java:addTable(110)) - using custom profile for table: keyTable
2019-09-20 20:38:45,896 [main] INFO  db.DBStoreBuilder (DBStoreBuilder.java:processTables(161)) - Using default column profile:DBProfile.DISK for Table:keyTable
2019-09-20 20:38:45,896 [main] INFO  db.DBStoreBuilder (DBStoreBuilder.java:addTable(110)) - using custom profile for table: deletedTable
2019-09-20 20:38:45,896 [main] INFO  db.DBStoreBuilder (DBStoreBuilder.java:processTables(161)) - Using default column profile:DBProfile.DISK for Table:deletedTable
2019-09-20 20:38:45,896 [main] INFO  db.DBStoreBuilder (DBStoreBuilder.java:addTable(110)) - using custom profile for table: openKeyTable
2019-09-20 20:38:45,897 [main] INFO  db.DBStoreBuilder (DBStoreBuilder.java:processTables(161)) - Using default column profile:DBProfile.DISK for Table:openKeyTable
2019-09-20 20:38:45,897 [main] INFO  db.DBStoreBuilder (DBStoreBuilder.java:addTable(110)) - using custom profile for table: s3Table
2019-09-20 20:38:45,897 [main] INFO  db.DBStoreBuilder (DBStoreBuilder.java:processTables(161)) - Using default column profile:DBProfile.DISK for Table:s3Table
2019-09-20 20:38:45,897 [main] INFO  db.DBStoreBuilder (DBStoreBuilder.java:addTable(110)) - using custom profile for table: multipartInfoTable
2019-09-20 20:38:45,898 [main] INFO  db.DBStoreBuilder (DBStoreBuilder.java:processTables(161)) - Using default column profile:DBProfile.DISK for Table:multipartInfoTable
2019-09-20 20:38:45,898 [main] INFO  db.DBStoreBuilder (DBStoreBuilder.java:addTable(110)) - using custom profile for table: dTokenTable
2019-09-20 20:38:45,898 [main] INFO  db.DBStoreBuilder (DBStoreBuilder.java:processTables(161)) - Using default column profile:DBProfile.DISK for Table:dTokenTable
2019-09-20 20:38:45,898 [main] INFO  db.DBStoreBuilder (DBStoreBuilder.java:addTable(110)) - using custom profile for table: s3SecretTable
2019-09-20 20:38:45,899 [main] INFO  db.DBStoreBuilder (DBStoreBuilder.java:processTables(161)) - Using default column profile:DBProfile.DISK for Table:s3SecretTable
2019-09-20 20:38:45,899 [main] INFO  db.DBStoreBuilder (DBStoreBuilder.java:addTable(110)) - using custom profile for table: prefixTable
2019-09-20 20:38:45,899 [main] INFO  db.DBStoreBuilder (DBStoreBuilder.java:processTables(161)) - Using default column profile:DBProfile.DISK for Table:prefixTable
2019-09-20 20:38:45,899 [main] INFO  db.DBStoreBuilder (DBStoreBuilder.java:addTable(110)) - using custom profile for table: default
2019-09-20 20:38:45,900 [main] INFO  db.DBStoreBuilder (DBStoreBuilder.java:processTables(167)) - Using default column profile:DBProfile.DISK for Table:default
2019-09-20 20:38:45,900 [main] INFO  db.DBStoreBuilder (DBStoreBuilder.java:getDbProfile(198)) - Using default options. DBProfile.DISK
2019-09-20 20:38:46,569 [main] INFO  ipc.CallQueueManager (CallQueueManager.java:<init>(84)) - Using callQueue: class java.util.concurrent.LinkedBlockingQueue, queueCapacity: 2000, scheduler: class org.apache.hadoop.ipc.DefaultRpcScheduler, ipcBackoff: false.
2019-09-20 20:38:46,570 [Socket Reader #1 for port 36027] INFO  ipc.Server (Server.java:run(1074)) - Starting Socket Reader #1 for port 36027
2019-09-20 20:38:46,601 [main] INFO  om.OzoneManager (OzoneManager.java:start(1241)) - OzoneManager RPC server is listening at localhost/127.0.0.1:36027
2019-09-20 20:38:46,601 [main] INFO  impl.MetricsSystemImpl (MetricsSystemImpl.java:init(158)) - OzoneManager metrics system started (again)
2019-09-20 20:38:46,602 [IPC Server Responder] INFO  ipc.Server (Server.java:run(1314)) - IPC Server Responder: starting
2019-09-20 20:38:46,602 [IPC Server listener on 36027] INFO  ipc.Server (Server.java:run(1153)) - IPC Server listener on 36027: starting
2019-09-20 20:38:46,609 [main] INFO  hdfs.DFSUtil (DFSUtil.java:httpServerTemplateForNNAndJN(1641)) - Starting Web-server for ozoneManager at: http://0.0.0.0:0
2019-09-20 20:38:46,611 [main] INFO  server.AuthenticationFilter (AuthenticationFilter.java:constructSecretProvider(240)) - Unable to initialize FileSignerSecretProvider, falling back to use random secrets.
2019-09-20 20:38:46,611 [main] WARN  http.HttpRequestLog (HttpRequestLog.java:getRequestLog(97)) - Jetty request log can only be enabled using Log4j
2019-09-20 20:38:46,614 [main] INFO  http.HttpServer2 (HttpServer2.java:addGlobalFilter(975)) - Added global filter 'safety' (class=org.apache.hadoop.http.HttpServer2$QuotingInputFilter)
2019-09-20 20:38:46,615 [main] INFO  http.HttpServer2 (HttpServer2.java:addFilter(948)) - Added filter static_user_filter (class=org.apache.hadoop.http.lib.StaticUserWebFilter$StaticUserFilter) to context ozoneManager
2019-09-20 20:38:46,616 [main] INFO  http.HttpServer2 (HttpServer2.java:addFilter(958)) - Added filter static_user_filter (class=org.apache.hadoop.http.lib.StaticUserWebFilter$StaticUserFilter) to context logs
2019-09-20 20:38:46,616 [main] INFO  http.HttpServer2 (HttpServer2.java:addFilter(958)) - Added filter static_user_filter (class=org.apache.hadoop.http.lib.StaticUserWebFilter$StaticUserFilter) to context static
2019-09-20 20:38:46,618 [main] INFO  http.HttpServer2 (HttpServer2.java:bindListener(1191)) - Jetty bound to port 42954
2019-09-20 20:38:46,618 [main] INFO  server.Server (Server.java:doStart(351)) - jetty-9.3.24.v20180605, build timestamp: 2018-06-05T17:11:56Z, git hash: 84205aa28f11a4f31f2a3b86d1bba2cc8ab69827
2019-09-20 20:38:46,620 [main] INFO  handler.ContextHandler (ContextHandler.java:doStart(781)) - Started o.e.j.s.ServletContextHandler@677b8e13{/logs,file:///workdir/hadoop-ozone/integration-test/target/log,AVAILABLE}
2019-09-20 20:38:46,621 [main] INFO  handler.ContextHandler (ContextHandler.java:doStart(781)) - Started o.e.j.s.ServletContextHandler@4c27d39d{/static,file:///workdir/hadoop-ozone/integration-test/target/test-classes/webapps/static,AVAILABLE}
2019-09-20 20:38:46,627 [main] INFO  handler.ContextHandler (ContextHandler.java:doStart(781)) - Started o.e.j.w.WebAppContext@3a022576{/,file:///workdir/hadoop-ozone/integration-test/target/test-classes/webapps/ozoneManager/,AVAILABLE}{/ozoneManager}
2019-09-20 20:38:46,628 [main] INFO  server.AbstractConnector (AbstractConnector.java:doStart(278)) - Started ServerConnector@2dbd803f{HTTP/1.1,[http/1.1]}{0.0.0.0:42954}
2019-09-20 20:38:46,629 [main] INFO  server.Server (Server.java:doStart(419)) - Started @4479ms
2019-09-20 20:38:46,629 [main] WARN  impl.MetricsSystemImpl (MetricsSystemImpl.java:register(276)) - Sink prometheus already exists!
2019-09-20 20:38:46,630 [main] INFO  server.BaseHttpServer (BaseHttpServer.java:updateConnectorAddress(215)) - HTTP server of OZONEMANAGER is listening at http://0.0.0.0:42954
2019-09-20 20:38:46,954 [main] INFO  impl.MetricsSystemImpl (MetricsSystemImpl.java:init(158)) - HddsDatanode metrics system started (again)
2019-09-20 20:38:47,037 [main] INFO  ozone.HddsDatanodeService (HddsDatanodeService.java:start(184)) - HddsDatanodeService host:pr-hdds-2158-7hzb2-2382936324 ip:192.168.151.66
2019-09-20 20:38:47,086 [main] INFO  volume.HddsVolume (HddsVolume.java:<init>(176)) - Creating Volume: /workdir/hadoop-ozone/integration-test/target/test-dir/MiniOzoneClusterImpl-c887730b-6e6c-4bb9-8bab-4404ac13c8e2/datanode-0/data/containers/hdds of  storage type : DISK and capacity : 1482555576320
2019-09-20 20:38:47,088 [main] INFO  volume.VolumeSet (VolumeSet.java:initializeVolumeSet(170)) - Added Volume : /workdir/hadoop-ozone/integration-test/target/test-dir/MiniOzoneClusterImpl-c887730b-6e6c-4bb9-8bab-4404ac13c8e2/datanode-0/data/containers/hdds to VolumeSet
2019-09-20 20:38:47,093 [main] INFO  volume.ThrottledAsyncChecker (ThrottledAsyncChecker.java:schedule(139)) - Scheduling a check for org.apache.hadoop.ozone.container.common.volume.HddsVolume@7a231dfd
2019-09-20 20:38:47,114 [main] INFO  volume.HddsVolumeChecker (HddsVolumeChecker.java:checkAllVolumes(202)) - Scheduled health check for volume org.apache.hadoop.ozone.container.common.volume.HddsVolume@7a231dfd
2019-09-20 20:38:47,232 [main] INFO  impl.RaftServerProxy (ConfUtils.java:logGet(43)) - raft.rpc.type = GRPC (default)
2019-09-20 20:38:47,319 [main] INFO  grpc.GrpcFactory (GrpcFactory.java:checkPooledByteBufAllocatorUseCacheForAllThreads(45)) - PERFORMANCE WARNING: useCacheForAllThreads is true that may cause Netty to create a lot garbage objects and, as a result, trigger GC.
	It is recommended to disable useCacheForAllThreads by setting -Dorg.apache.ratis.thirdparty.io.netty.allocator.useCacheForAllThreads=false in command line.
2019-09-20 20:38:47,324 [main] INFO  grpc.GrpcConfigKeys$Server (ConfUtils.java:logGet(43)) - raft.grpc.server.port = 0 (default)
2019-09-20 20:38:47,325 [main] INFO  server.GrpcService (ConfUtils.java:logGet(43)) - raft.grpc.message.size.max = 33570816 (custom)
2019-09-20 20:38:47,327 [main] INFO  server.RaftServerConfigKeys (ConfUtils.java:logGet(43)) - raft.server.log.appender.buffer.byte-limit = 33554432 (custom)
2019-09-20 20:38:47,328 [main] INFO  server.GrpcService (ConfUtils.java:logGet(43)) - raft.grpc.flow.control.window = 1MB (=1048576) (default)
2019-09-20 20:38:47,329 [main] INFO  server.RaftServerConfigKeys (ConfUtils.java:logGet(43)) - raft.server.rpc.request.timeout = 3000ms (default)
2019-09-20 20:38:47,493 [main] INFO  server.RaftServerConfigKeys (ConfUtils.java:logGet(43)) - raft.server.storage.dir = [/workdir/hadoop-ozone/integration-test/target/test-dir/MiniOzoneClusterImpl-c887730b-6e6c-4bb9-8bab-4404ac13c8e2/datanode-0/data/ratis] (custom)
2019-09-20 20:38:47,545 [main] INFO  hdfs.DFSUtil (DFSUtil.java:httpServerTemplateForNNAndJN(1641)) - Starting Web-server for hddsDatanode at: http://0.0.0.0:0
2019-09-20 20:38:47,548 [main] INFO  server.AuthenticationFilter (AuthenticationFilter.java:constructSecretProvider(240)) - Unable to initialize FileSignerSecretProvider, falling back to use random secrets.
2019-09-20 20:38:47,549 [main] WARN  http.HttpRequestLog (HttpRequestLog.java:getRequestLog(97)) - Jetty request log can only be enabled using Log4j
2019-09-20 20:38:47,552 [main] INFO  http.HttpServer2 (HttpServer2.java:addGlobalFilter(975)) - Added global filter 'safety' (class=org.apache.hadoop.http.HttpServer2$QuotingInputFilter)
2019-09-20 20:38:47,553 [main] INFO  http.HttpServer2 (HttpServer2.java:addFilter(948)) - Added filter static_user_filter (class=org.apache.hadoop.http.lib.StaticUserWebFilter$StaticUserFilter) to context hddsDatanode
2019-09-20 20:38:47,554 [main] INFO  http.HttpServer2 (HttpServer2.java:addFilter(958)) - Added filter static_user_filter (class=org.apache.hadoop.http.lib.StaticUserWebFilter$StaticUserFilter) to context static
2019-09-20 20:38:47,554 [main] INFO  http.HttpServer2 (HttpServer2.java:addFilter(958)) - Added filter static_user_filter (class=org.apache.hadoop.http.lib.StaticUserWebFilter$StaticUserFilter) to context logs
2019-09-20 20:38:47,556 [main] INFO  http.HttpServer2 (HttpServer2.java:bindListener(1191)) - Jetty bound to port 35878
2019-09-20 20:38:47,556 [main] INFO  server.Server (Server.java:doStart(351)) - jetty-9.3.24.v20180605, build timestamp: 2018-06-05T17:11:56Z, git hash: 84205aa28f11a4f31f2a3b86d1bba2cc8ab69827
2019-09-20 20:38:47,559 [main] INFO  handler.ContextHandler (ContextHandler.java:doStart(781)) - Started o.e.j.s.ServletContextHandler@60f70249{/logs,file:///workdir/hadoop-ozone/integration-test/target/log,AVAILABLE}
2019-09-20 20:38:47,560 [main] INFO  handler.ContextHandler (ContextHandler.java:doStart(781)) - Started o.e.j.s.ServletContextHandler@262816a8{/static,jar:file:/home/user/.m2/repository/org/apache/hadoop/hadoop-hdds-container-service/0.5.0-SNAPSHOT/hadoop-hdds-container-service-0.5.0-SNAPSHOT.jar!/webapps/static,AVAILABLE}
2019-09-20 20:38:47,612 [main] INFO  handler.ContextHandler (ContextHandler.java:doStart(781)) - Started o.e.j.w.WebAppContext@60bbacfc{/,file:///tmp/jetty-0.0.0.0-35878-hddsDatanode-_-any-5110092053765479343.dir/webapp/,AVAILABLE}{/hddsDatanode}
2019-09-20 20:38:47,613 [main] INFO  server.AbstractConnector (AbstractConnector.java:doStart(278)) - Started ServerConnector@65b97f47{HTTP/1.1,[http/1.1]}{0.0.0.0:35878}
2019-09-20 20:38:47,614 [main] INFO  server.Server (Server.java:doStart(419)) - Started @5464ms
2019-09-20 20:38:47,614 [main] WARN  impl.MetricsSystemImpl (MetricsSystemImpl.java:register(276)) - Sink prometheus already exists!
2019-09-20 20:38:47,615 [main] INFO  server.BaseHttpServer (BaseHttpServer.java:updateConnectorAddress(215)) - HTTP server of HDDSDATANODE is listening at http://0.0.0.0:35878
2019-09-20 20:38:47,616 [main] INFO  impl.MetricsSystemImpl (MetricsSystemImpl.java:init(158)) - HddsDatanode metrics system started (again)
2019-09-20 20:38:47,620 [main] INFO  ozone.HddsDatanodeService (HddsDatanodeService.java:start(184)) - HddsDatanodeService host:pr-hdds-2158-7hzb2-2382936324 ip:192.168.151.66
2019-09-20 20:38:47,622 [org.apache.hadoop.util.JvmPauseMonitor$Monitor@5bc93eba] INFO  util.JvmPauseMonitor (JvmPauseMonitor.java:run(188)) - Starting JVM pause monitor
2019-09-20 20:38:47,628 [main] INFO  volume.HddsVolume (HddsVolume.java:<init>(176)) - Creating Volume: /workdir/hadoop-ozone/integration-test/target/test-dir/MiniOzoneClusterImpl-c887730b-6e6c-4bb9-8bab-4404ac13c8e2/datanode-1/data/containers/hdds of  storage type : DISK and capacity : 1482555576320
2019-09-20 20:38:47,628 [main] INFO  volume.VolumeSet (VolumeSet.java:initializeVolumeSet(170)) - Added Volume : /workdir/hadoop-ozone/integration-test/target/test-dir/MiniOzoneClusterImpl-c887730b-6e6c-4bb9-8bab-4404ac13c8e2/datanode-1/data/containers/hdds to VolumeSet
2019-09-20 20:38:47,629 [main] INFO  volume.ThrottledAsyncChecker (ThrottledAsyncChecker.java:schedule(139)) - Scheduling a check for org.apache.hadoop.ozone.container.common.volume.HddsVolume@4c6007fb
2019-09-20 20:38:47,630 [main] INFO  volume.HddsVolumeChecker (HddsVolumeChecker.java:checkAllVolumes(202)) - Scheduled health check for volume org.apache.hadoop.ozone.container.common.volume.HddsVolume@4c6007fb
2019-09-20 20:38:47,649 [main] INFO  impl.RaftServerProxy (ConfUtils.java:logGet(43)) - raft.rpc.type = GRPC (default)
2019-09-20 20:38:47,649 [main] INFO  grpc.GrpcFactory (GrpcFactory.java:checkPooledByteBufAllocatorUseCacheForAllThreads(45)) - PERFORMANCE WARNING: useCacheForAllThreads is true that may cause Netty to create a lot garbage objects and, as a result, trigger GC.
	It is recommended to disable useCacheForAllThreads by setting -Dorg.apache.ratis.thirdparty.io.netty.allocator.useCacheForAllThreads=false in command line.
2019-09-20 20:38:47,649 [main] INFO  grpc.GrpcConfigKeys$Server (ConfUtils.java:logGet(43)) - raft.grpc.server.port = 0 (default)
2019-09-20 20:38:47,650 [main] INFO  server.GrpcService (ConfUtils.java:logGet(43)) - raft.grpc.message.size.max = 33570816 (custom)
2019-09-20 20:38:47,650 [main] INFO  server.RaftServerConfigKeys (ConfUtils.java:logGet(43)) - raft.server.log.appender.buffer.byte-limit = 33554432 (custom)
2019-09-20 20:38:47,650 [main] INFO  server.GrpcService (ConfUtils.java:logGet(43)) - raft.grpc.flow.control.window = 1MB (=1048576) (default)
2019-09-20 20:38:47,651 [main] INFO  server.RaftServerConfigKeys (ConfUtils.java:logGet(43)) - raft.server.rpc.request.timeout = 3000ms (default)
2019-09-20 20:38:47,651 [main] INFO  server.RaftServerConfigKeys (ConfUtils.java:logGet(43)) - raft.server.storage.dir = [/workdir/hadoop-ozone/integration-test/target/test-dir/MiniOzoneClusterImpl-c887730b-6e6c-4bb9-8bab-4404ac13c8e2/datanode-1/data/ratis] (custom)
2019-09-20 20:38:47,653 [main] INFO  hdfs.DFSUtil (DFSUtil.java:httpServerTemplateForNNAndJN(1641)) - Starting Web-server for hddsDatanode at: http://0.0.0.0:0
2019-09-20 20:38:47,655 [main] INFO  server.AuthenticationFilter (AuthenticationFilter.java:constructSecretProvider(240)) - Unable to initialize FileSignerSecretProvider, falling back to use random secrets.
2019-09-20 20:38:47,656 [main] WARN  http.HttpRequestLog (HttpRequestLog.java:getRequestLog(97)) - Jetty request log can only be enabled using Log4j
2019-09-20 20:38:47,659 [main] INFO  http.HttpServer2 (HttpServer2.java:addGlobalFilter(975)) - Added global filter 'safety' (class=org.apache.hadoop.http.HttpServer2$QuotingInputFilter)
2019-09-20 20:38:47,660 [main] INFO  http.HttpServer2 (HttpServer2.java:addFilter(948)) - Added filter static_user_filter (class=org.apache.hadoop.http.lib.StaticUserWebFilter$StaticUserFilter) to context hddsDatanode
2019-09-20 20:38:47,661 [main] INFO  http.HttpServer2 (HttpServer2.java:addFilter(958)) - Added filter static_user_filter (class=org.apache.hadoop.http.lib.StaticUserWebFilter$StaticUserFilter) to context static
2019-09-20 20:38:47,661 [main] INFO  http.HttpServer2 (HttpServer2.java:addFilter(958)) - Added filter static_user_filter (class=org.apache.hadoop.http.lib.StaticUserWebFilter$StaticUserFilter) to context logs
2019-09-20 20:38:47,662 [main] INFO  http.HttpServer2 (HttpServer2.java:bindListener(1191)) - Jetty bound to port 41841
2019-09-20 20:38:47,663 [main] INFO  server.Server (Server.java:doStart(351)) - jetty-9.3.24.v20180605, build timestamp: 2018-06-05T17:11:56Z, git hash: 84205aa28f11a4f31f2a3b86d1bba2cc8ab69827
2019-09-20 20:38:47,666 [main] INFO  handler.ContextHandler (ContextHandler.java:doStart(781)) - Started o.e.j.s.ServletContextHandler@3dffc764{/logs,file:///workdir/hadoop-ozone/integration-test/target/log,AVAILABLE}
2019-09-20 20:38:47,667 [main] INFO  handler.ContextHandler (ContextHandler.java:doStart(781)) - Started o.e.j.s.ServletContextHandler@561b61ed{/static,jar:file:/home/user/.m2/repository/org/apache/hadoop/hadoop-hdds-container-service/0.5.0-SNAPSHOT/hadoop-hdds-container-service-0.5.0-SNAPSHOT.jar!/webapps/static,AVAILABLE}
2019-09-20 20:38:47,696 [main] INFO  handler.ContextHandler (ContextHandler.java:doStart(781)) - Started o.e.j.w.WebAppContext@3c3a0032{/,file:///tmp/jetty-0.0.0.0-41841-hddsDatanode-_-any-8189694278014708759.dir/webapp/,AVAILABLE}{/hddsDatanode}
2019-09-20 20:38:47,696 [main] INFO  server.AbstractConnector (AbstractConnector.java:doStart(278)) - Started ServerConnector@7ceb4478{HTTP/1.1,[http/1.1]}{0.0.0.0:41841}
2019-09-20 20:38:47,697 [main] INFO  server.Server (Server.java:doStart(419)) - Started @5547ms
2019-09-20 20:38:47,697 [main] WARN  impl.MetricsSystemImpl (MetricsSystemImpl.java:register(276)) - Sink prometheus already exists!
2019-09-20 20:38:47,701 [main] INFO  server.BaseHttpServer (BaseHttpServer.java:updateConnectorAddress(215)) - HTTP server of HDDSDATANODE is listening at http://0.0.0.0:41841
2019-09-20 20:38:47,701 [main] INFO  impl.MetricsSystemImpl (MetricsSystemImpl.java:init(158)) - HddsDatanode metrics system started (again)
2019-09-20 20:38:47,705 [org.apache.hadoop.util.JvmPauseMonitor$Monitor@4395fe9b] INFO  util.JvmPauseMonitor (JvmPauseMonitor.java:run(188)) - Starting JVM pause monitor
2019-09-20 20:38:47,706 [main] INFO  ozone.HddsDatanodeService (HddsDatanodeService.java:start(184)) - HddsDatanodeService host:pr-hdds-2158-7hzb2-2382936324 ip:192.168.151.66
2019-09-20 20:38:47,716 [main] INFO  volume.HddsVolume (HddsVolume.java:<init>(176)) - Creating Volume: /workdir/hadoop-ozone/integration-test/target/test-dir/MiniOzoneClusterImpl-c887730b-6e6c-4bb9-8bab-4404ac13c8e2/datanode-2/data/containers/hdds of  storage type : DISK and capacity : 1482555576320
2019-09-20 20:38:47,717 [main] INFO  volume.VolumeSet (VolumeSet.java:initializeVolumeSet(170)) - Added Volume : /workdir/hadoop-ozone/integration-test/target/test-dir/MiniOzoneClusterImpl-c887730b-6e6c-4bb9-8bab-4404ac13c8e2/datanode-2/data/containers/hdds to VolumeSet
2019-09-20 20:38:47,717 [main] INFO  volume.ThrottledAsyncChecker (ThrottledAsyncChecker.java:schedule(139)) - Scheduling a check for org.apache.hadoop.ozone.container.common.volume.HddsVolume@5e5af8e1
2019-09-20 20:38:47,718 [main] INFO  volume.HddsVolumeChecker (HddsVolumeChecker.java:checkAllVolumes(202)) - Scheduled health check for volume org.apache.hadoop.ozone.container.common.volume.HddsVolume@5e5af8e1
2019-09-20 20:38:47,737 [main] INFO  impl.RaftServerProxy (ConfUtils.java:logGet(43)) - raft.rpc.type = GRPC (default)
2019-09-20 20:38:47,738 [main] INFO  grpc.GrpcFactory (GrpcFactory.java:checkPooledByteBufAllocatorUseCacheForAllThreads(45)) - PERFORMANCE WARNING: useCacheForAllThreads is true that may cause Netty to create a lot garbage objects and, as a result, trigger GC.
	It is recommended to disable useCacheForAllThreads by setting -Dorg.apache.ratis.thirdparty.io.netty.allocator.useCacheForAllThreads=false in command line.
2019-09-20 20:38:47,738 [main] INFO  grpc.GrpcConfigKeys$Server (ConfUtils.java:logGet(43)) - raft.grpc.server.port = 0 (default)
2019-09-20 20:38:47,738 [main] INFO  server.GrpcService (ConfUtils.java:logGet(43)) - raft.grpc.message.size.max = 33570816 (custom)
2019-09-20 20:38:47,739 [main] INFO  server.RaftServerConfigKeys (ConfUtils.java:logGet(43)) - raft.server.log.appender.buffer.byte-limit = 33554432 (custom)
2019-09-20 20:38:47,739 [main] INFO  server.GrpcService (ConfUtils.java:logGet(43)) - raft.grpc.flow.control.window = 1MB (=1048576) (default)
2019-09-20 20:38:47,739 [main] INFO  server.RaftServerConfigKeys (ConfUtils.java:logGet(43)) - raft.server.rpc.request.timeout = 3000ms (default)
2019-09-20 20:38:47,740 [main] INFO  server.RaftServerConfigKeys (ConfUtils.java:logGet(43)) - raft.server.storage.dir = [/workdir/hadoop-ozone/integration-test/target/test-dir/MiniOzoneClusterImpl-c887730b-6e6c-4bb9-8bab-4404ac13c8e2/datanode-2/data/ratis] (custom)
2019-09-20 20:38:47,743 [main] INFO  hdfs.DFSUtil (DFSUtil.java:httpServerTemplateForNNAndJN(1641)) - Starting Web-server for hddsDatanode at: http://0.0.0.0:0
2019-09-20 20:38:47,747 [main] INFO  server.AuthenticationFilter (AuthenticationFilter.java:constructSecretProvider(240)) - Unable to initialize FileSignerSecretProvider, falling back to use random secrets.
2019-09-20 20:38:47,748 [main] WARN  http.HttpRequestLog (HttpRequestLog.java:getRequestLog(97)) - Jetty request log can only be enabled using Log4j
2019-09-20 20:38:47,751 [main] INFO  http.HttpServer2 (HttpServer2.java:addGlobalFilter(975)) - Added global filter 'safety' (class=org.apache.hadoop.http.HttpServer2$QuotingInputFilter)
2019-09-20 20:38:47,752 [main] INFO  http.HttpServer2 (HttpServer2.java:addFilter(948)) - Added filter static_user_filter (class=org.apache.hadoop.http.lib.StaticUserWebFilter$StaticUserFilter) to context hddsDatanode
2019-09-20 20:38:47,752 [main] INFO  http.HttpServer2 (HttpServer2.java:addFilter(958)) - Added filter static_user_filter (class=org.apache.hadoop.http.lib.StaticUserWebFilter$StaticUserFilter) to context logs
2019-09-20 20:38:47,752 [main] INFO  http.HttpServer2 (HttpServer2.java:addFilter(958)) - Added filter static_user_filter (class=org.apache.hadoop.http.lib.StaticUserWebFilter$StaticUserFilter) to context static
2019-09-20 20:38:47,753 [main] INFO  http.HttpServer2 (HttpServer2.java:bindListener(1191)) - Jetty bound to port 39595
2019-09-20 20:38:47,754 [main] INFO  server.Server (Server.java:doStart(351)) - jetty-9.3.24.v20180605, build timestamp: 2018-06-05T17:11:56Z, git hash: 84205aa28f11a4f31f2a3b86d1bba2cc8ab69827
2019-09-20 20:38:47,757 [main] INFO  handler.ContextHandler (ContextHandler.java:doStart(781)) - Started o.e.j.s.ServletContextHandler@c3edf4c{/logs,file:///workdir/hadoop-ozone/integration-test/target/log,AVAILABLE}
2019-09-20 20:38:47,757 [main] INFO  handler.ContextHandler (ContextHandler.java:doStart(781)) - Started o.e.j.s.ServletContextHandler@799ed4e8{/static,jar:file:/home/user/.m2/repository/org/apache/hadoop/hadoop-hdds-container-service/0.5.0-SNAPSHOT/hadoop-hdds-container-service-0.5.0-SNAPSHOT.jar!/webapps/static,AVAILABLE}
2019-09-20 20:38:47,776 [Datanode State Machine Thread - 0] INFO  datanode.InitDatanodeState (InitDatanodeState.java:persistContainerDatanodeDetails(140)) - DatanodeDetails is persisted to /workdir/hadoop-ozone/integration-test/target/test-dir/MiniOzoneClusterImpl-c887730b-6e6c-4bb9-8bab-4404ac13c8e2/datanode-0/meta/datanode.id
2019-09-20 20:38:47,781 [Datanode State Machine Thread - 0] INFO  datanode.InitDatanodeState (InitDatanodeState.java:persistContainerDatanodeDetails(140)) - DatanodeDetails is persisted to /workdir/hadoop-ozone/integration-test/target/test-dir/MiniOzoneClusterImpl-c887730b-6e6c-4bb9-8bab-4404ac13c8e2/datanode-1/meta/datanode.id
2019-09-20 20:38:47,795 [main] INFO  handler.ContextHandler (ContextHandler.java:doStart(781)) - Started o.e.j.w.WebAppContext@599e4d41{/,file:///tmp/jetty-0.0.0.0-39595-hddsDatanode-_-any-2871581190747448988.dir/webapp/,AVAILABLE}{/hddsDatanode}
2019-09-20 20:38:47,797 [main] INFO  server.AbstractConnector (AbstractConnector.java:doStart(278)) - Started ServerConnector@328d044f{HTTP/1.1,[http/1.1]}{0.0.0.0:39595}
2019-09-20 20:38:47,797 [main] INFO  server.Server (Server.java:doStart(419)) - Started @5647ms
2019-09-20 20:38:47,798 [main] WARN  impl.MetricsSystemImpl (MetricsSystemImpl.java:register(276)) - Sink prometheus already exists!
2019-09-20 20:38:47,798 [main] INFO  server.BaseHttpServer (BaseHttpServer.java:updateConnectorAddress(215)) - HTTP server of HDDSDATANODE is listening at http://0.0.0.0:39595
2019-09-20 20:38:47,799 [main] INFO  impl.MetricsSystemImpl (MetricsSystemImpl.java:init(158)) - HddsDatanode metrics system started (again)
2019-09-20 20:38:47,802 [org.apache.hadoop.util.JvmPauseMonitor$Monitor@c06234e] INFO  util.JvmPauseMonitor (JvmPauseMonitor.java:run(188)) - Starting JVM pause monitor
2019-09-20 20:38:47,803 [main] INFO  ozone.HddsDatanodeService (HddsDatanodeService.java:start(184)) - HddsDatanodeService host:pr-hdds-2158-7hzb2-2382936324 ip:192.168.151.66
2019-09-20 20:38:47,805 [Datanode State Machine Thread - 0] INFO  datanode.InitDatanodeState (InitDatanodeState.java:persistContainerDatanodeDetails(140)) - DatanodeDetails is persisted to /workdir/hadoop-ozone/integration-test/target/test-dir/MiniOzoneClusterImpl-c887730b-6e6c-4bb9-8bab-4404ac13c8e2/datanode-2/meta/datanode.id
2019-09-20 20:38:47,810 [main] INFO  volume.HddsVolume (HddsVolume.java:<init>(176)) - Creating Volume: /workdir/hadoop-ozone/integration-test/target/test-dir/MiniOzoneClusterImpl-c887730b-6e6c-4bb9-8bab-4404ac13c8e2/datanode-3/data/containers/hdds of  storage type : DISK and capacity : 1482555576320
2019-09-20 20:38:47,811 [main] INFO  volume.VolumeSet (VolumeSet.java:initializeVolumeSet(170)) - Added Volume : /workdir/hadoop-ozone/integration-test/target/test-dir/MiniOzoneClusterImpl-c887730b-6e6c-4bb9-8bab-4404ac13c8e2/datanode-3/data/containers/hdds to VolumeSet
2019-09-20 20:38:47,812 [main] INFO  volume.ThrottledAsyncChecker (ThrottledAsyncChecker.java:schedule(139)) - Scheduling a check for org.apache.hadoop.ozone.container.common.volume.HddsVolume@118ffcfd
2019-09-20 20:38:47,812 [main] INFO  volume.HddsVolumeChecker (HddsVolumeChecker.java:checkAllVolumes(202)) - Scheduled health check for volume org.apache.hadoop.ozone.container.common.volume.HddsVolume@118ffcfd
2019-09-20 20:38:47,827 [main] INFO  impl.RaftServerProxy (ConfUtils.java:logGet(43)) - raft.rpc.type = GRPC (default)
2019-09-20 20:38:47,827 [main] INFO  grpc.GrpcFactory (GrpcFactory.java:checkPooledByteBufAllocatorUseCacheForAllThreads(45)) - PERFORMANCE WARNING: useCacheForAllThreads is true that may cause Netty to create a lot garbage objects and, as a result, trigger GC.
	It is recommended to disable useCacheForAllThreads by setting -Dorg.apache.ratis.thirdparty.io.netty.allocator.useCacheForAllThreads=false in command line.
2019-09-20 20:38:47,828 [main] INFO  grpc.GrpcConfigKeys$Server (ConfUtils.java:logGet(43)) - raft.grpc.server.port = 0 (default)
2019-09-20 20:38:47,828 [main] INFO  server.GrpcService (ConfUtils.java:logGet(43)) - raft.grpc.message.size.max = 33570816 (custom)
2019-09-20 20:38:47,828 [main] INFO  server.RaftServerConfigKeys (ConfUtils.java:logGet(43)) - raft.server.log.appender.buffer.byte-limit = 33554432 (custom)
2019-09-20 20:38:47,828 [main] INFO  server.GrpcService (ConfUtils.java:logGet(43)) - raft.grpc.flow.control.window = 1MB (=1048576) (default)
2019-09-20 20:38:47,829 [main] INFO  server.RaftServerConfigKeys (ConfUtils.java:logGet(43)) - raft.server.rpc.request.timeout = 3000ms (default)
2019-09-20 20:38:47,829 [main] INFO  server.RaftServerConfigKeys (ConfUtils.java:logGet(43)) - raft.server.storage.dir = [/workdir/hadoop-ozone/integration-test/target/test-dir/MiniOzoneClusterImpl-c887730b-6e6c-4bb9-8bab-4404ac13c8e2/datanode-3/data/ratis] (custom)
2019-09-20 20:38:47,831 [main] INFO  hdfs.DFSUtil (DFSUtil.java:httpServerTemplateForNNAndJN(1641)) - Starting Web-server for hddsDatanode at: http://0.0.0.0:0
2019-09-20 20:38:47,832 [main] INFO  server.AuthenticationFilter (AuthenticationFilter.java:constructSecretProvider(240)) - Unable to initialize FileSignerSecretProvider, falling back to use random secrets.
2019-09-20 20:38:47,832 [main] WARN  http.HttpRequestLog (HttpRequestLog.java:getRequestLog(97)) - Jetty request log can only be enabled using Log4j
2019-09-20 20:38:47,834 [main] INFO  http.HttpServer2 (HttpServer2.java:addGlobalFilter(975)) - Added global filter 'safety' (class=org.apache.hadoop.http.HttpServer2$QuotingInputFilter)
2019-09-20 20:38:47,835 [main] INFO  http.HttpServer2 (HttpServer2.java:addFilter(948)) - Added filter static_user_filter (class=org.apache.hadoop.http.lib.StaticUserWebFilter$StaticUserFilter) to context hddsDatanode
2019-09-20 20:38:47,835 [main] INFO  http.HttpServer2 (HttpServer2.java:addFilter(958)) - Added filter static_user_filter (class=org.apache.hadoop.http.lib.StaticUserWebFilter$StaticUserFilter) to context static
2019-09-20 20:38:47,835 [main] INFO  http.HttpServer2 (HttpServer2.java:addFilter(958)) - Added filter static_user_filter (class=org.apache.hadoop.http.lib.StaticUserWebFilter$StaticUserFilter) to context logs
2019-09-20 20:38:47,836 [main] INFO  http.HttpServer2 (HttpServer2.java:bindListener(1191)) - Jetty bound to port 42506
2019-09-20 20:38:47,836 [main] INFO  server.Server (Server.java:doStart(351)) - jetty-9.3.24.v20180605, build timestamp: 2018-06-05T17:11:56Z, git hash: 84205aa28f11a4f31f2a3b86d1bba2cc8ab69827
2019-09-20 20:38:47,839 [main] INFO  handler.ContextHandler (ContextHandler.java:doStart(781)) - Started o.e.j.s.ServletContextHandler@3cd9aa64{/logs,file:///workdir/hadoop-ozone/integration-test/target/log,AVAILABLE}
2019-09-20 20:38:47,840 [main] INFO  handler.ContextHandler (ContextHandler.java:doStart(781)) - Started o.e.j.s.ServletContextHandler@443effcb{/static,jar:file:/home/user/.m2/repository/org/apache/hadoop/hadoop-hdds-container-service/0.5.0-SNAPSHOT/hadoop-hdds-container-service-0.5.0-SNAPSHOT.jar!/webapps/static,AVAILABLE}
2019-09-20 20:38:47,869 [main] INFO  handler.ContextHandler (ContextHandler.java:doStart(781)) - Started o.e.j.w.WebAppContext@709ed6f3{/,file:///tmp/jetty-0.0.0.0-42506-hddsDatanode-_-any-2757360665243552040.dir/webapp/,AVAILABLE}{/hddsDatanode}
2019-09-20 20:38:47,869 [main] INFO  server.AbstractConnector (AbstractConnector.java:doStart(278)) - Started ServerConnector@698fee9a{HTTP/1.1,[http/1.1]}{0.0.0.0:42506}
2019-09-20 20:38:47,870 [main] INFO  server.Server (Server.java:doStart(419)) - Started @5720ms
2019-09-20 20:38:47,871 [main] WARN  impl.MetricsSystemImpl (MetricsSystemImpl.java:register(276)) - Sink prometheus already exists!
2019-09-20 20:38:47,871 [main] INFO  server.BaseHttpServer (BaseHttpServer.java:updateConnectorAddress(215)) - HTTP server of HDDSDATANODE is listening at http://0.0.0.0:42506
2019-09-20 20:38:47,874 [main] INFO  ozone.MiniOzoneClusterImpl (MiniOzoneClusterImpl.java:lambda$waitForClusterToBeReady$0(145)) - Waiting for cluster to be ready. Got 0 of 4 DN Heartbeats.
2019-09-20 20:38:47,874 [org.apache.hadoop.util.JvmPauseMonitor$Monitor@78980b2b] INFO  util.JvmPauseMonitor (JvmPauseMonitor.java:run(188)) - Starting JVM pause monitor
2019-09-20 20:38:47,877 [Datanode State Machine Thread - 0] INFO  datanode.InitDatanodeState (InitDatanodeState.java:persistContainerDatanodeDetails(140)) - DatanodeDetails is persisted to /workdir/hadoop-ozone/integration-test/target/test-dir/MiniOzoneClusterImpl-c887730b-6e6c-4bb9-8bab-4404ac13c8e2/datanode-3/meta/datanode.id
2019-09-20 20:38:48,874 [main] INFO  ozone.MiniOzoneClusterImpl (MiniOzoneClusterImpl.java:lambda$waitForClusterToBeReady$0(145)) - Waiting for cluster to be ready. Got 0 of 4 DN Heartbeats.
2019-09-20 20:38:49,678 [Datanode State Machine Thread - 0] INFO  ozoneimpl.OzoneContainer (OzoneContainer.java:start(217)) - Attempting to start container services.
2019-09-20 20:38:49,681 [Datanode State Machine Thread - 0] INFO  ozoneimpl.OzoneContainer (OzoneContainer.java:startContainerScrub(179)) - Background container scanner has been disabled.
2019-09-20 20:38:49,681 [Datanode State Machine Thread - 0] INFO  ratis.XceiverServerRatis (XceiverServerRatis.java:start(411)) - Starting XceiverServerRatis 7ee768e4-b454-4ab3-a6d6-c85a180fbc63 at port 0
2019-09-20 20:38:49,705 [Datanode State Machine Thread - 0] INFO  impl.RaftServerProxy (RaftServerProxy.java:lambda$start$3(299)) - 7ee768e4-b454-4ab3-a6d6-c85a180fbc63: start RPC server
2019-09-20 20:38:49,725 [Datanode State Machine Thread - 0] INFO  ozoneimpl.OzoneContainer (OzoneContainer.java:start(217)) - Attempting to start container services.
2019-09-20 20:38:49,731 [Datanode State Machine Thread - 0] INFO  ozoneimpl.OzoneContainer (OzoneContainer.java:startContainerScrub(179)) - Background container scanner has been disabled.
2019-09-20 20:38:49,732 [Datanode State Machine Thread - 0] INFO  ratis.XceiverServerRatis (XceiverServerRatis.java:start(411)) - Starting XceiverServerRatis 61b22c1f-636f-4a11-b485-b0b1337f1d95 at port 0
2019-09-20 20:38:49,742 [Datanode State Machine Thread - 0] INFO  impl.RaftServerProxy (RaftServerProxy.java:lambda$start$3(299)) - 61b22c1f-636f-4a11-b485-b0b1337f1d95: start RPC server
2019-09-20 20:38:49,823 [Datanode State Machine Thread - 0] INFO  ozoneimpl.OzoneContainer (OzoneContainer.java:start(217)) - Attempting to start container services.
2019-09-20 20:38:49,826 [Datanode State Machine Thread - 0] INFO  ozoneimpl.OzoneContainer (OzoneContainer.java:startContainerScrub(179)) - Background container scanner has been disabled.
2019-09-20 20:38:49,826 [Datanode State Machine Thread - 0] INFO  ratis.XceiverServerRatis (XceiverServerRatis.java:start(411)) - Starting XceiverServerRatis e623342b-5bbf-4d05-bd5a-d794b510d69e at port 0
2019-09-20 20:38:49,838 [Datanode State Machine Thread - 0] INFO  impl.RaftServerProxy (RaftServerProxy.java:lambda$start$3(299)) - e623342b-5bbf-4d05-bd5a-d794b510d69e: start RPC server
2019-09-20 20:38:49,853 [Datanode State Machine Thread - 0] INFO  server.GrpcService (GrpcService.java:startImpl(158)) - 7ee768e4-b454-4ab3-a6d6-c85a180fbc63: GrpcService started, listening on 0.0.0.0/0.0.0.0:38984
2019-09-20 20:38:49,853 [Datanode State Machine Thread - 0] INFO  server.GrpcService (GrpcService.java:startImpl(158)) - e623342b-5bbf-4d05-bd5a-d794b510d69e: GrpcService started, listening on 0.0.0.0/0.0.0.0:32982
2019-09-20 20:38:49,854 [Datanode State Machine Thread - 0] INFO  ratis.XceiverServerRatis (XceiverServerRatis.java:start(421)) - XceiverServerRatis 7ee768e4-b454-4ab3-a6d6-c85a180fbc63 is started using port 38984
2019-09-20 20:38:49,853 [Datanode State Machine Thread - 0] INFO  server.GrpcService (GrpcService.java:startImpl(158)) - 61b22c1f-636f-4a11-b485-b0b1337f1d95: GrpcService started, listening on 0.0.0.0/0.0.0.0:37536
2019-09-20 20:38:49,854 [Datanode State Machine Thread - 0] INFO  ratis.XceiverServerRatis (XceiverServerRatis.java:start(421)) - XceiverServerRatis e623342b-5bbf-4d05-bd5a-d794b510d69e is started using port 32982
2019-09-20 20:38:49,854 [Datanode State Machine Thread - 0] INFO  ratis.XceiverServerRatis (XceiverServerRatis.java:start(421)) - XceiverServerRatis 61b22c1f-636f-4a11-b485-b0b1337f1d95 is started using port 37536
2019-09-20 20:38:49,859 [Datanode State Machine Thread - 0] INFO  server.XceiverServerGrpc (XceiverServerGrpc.java:start(163)) - XceiverServerGrpc 7ee768e4-b454-4ab3-a6d6-c85a180fbc63 is started using port 33252
2019-09-20 20:38:49,860 [Datanode State Machine Thread - 0] INFO  server.XceiverServerGrpc (XceiverServerGrpc.java:start(163)) - XceiverServerGrpc e623342b-5bbf-4d05-bd5a-d794b510d69e is started using port 45191
2019-09-20 20:38:49,861 [Datanode State Machine Thread - 0] INFO  server.XceiverServerGrpc (XceiverServerGrpc.java:start(163)) - XceiverServerGrpc 61b22c1f-636f-4a11-b485-b0b1337f1d95 is started using port 37527
2019-09-20 20:38:49,874 [main] INFO  ozone.MiniOzoneClusterImpl (MiniOzoneClusterImpl.java:lambda$waitForClusterToBeReady$0(145)) - Waiting for cluster to be ready. Got 0 of 4 DN Heartbeats.
2019-09-20 20:38:49,890 [Datanode State Machine Thread - 0] INFO  ozoneimpl.OzoneContainer (OzoneContainer.java:start(217)) - Attempting to start container services.
2019-09-20 20:38:49,892 [Datanode State Machine Thread - 0] INFO  ozoneimpl.OzoneContainer (OzoneContainer.java:startContainerScrub(179)) - Background container scanner has been disabled.
2019-09-20 20:38:49,892 [Datanode State Machine Thread - 0] INFO  ratis.XceiverServerRatis (XceiverServerRatis.java:start(411)) - Starting XceiverServerRatis 8f224f1b-d9dc-4828-9c73-f3cae17f637a at port 0
2019-09-20 20:38:49,900 [Datanode State Machine Thread - 0] INFO  impl.RaftServerProxy (RaftServerProxy.java:lambda$start$3(299)) - 8f224f1b-d9dc-4828-9c73-f3cae17f637a: start RPC server
2019-09-20 20:38:49,903 [Datanode State Machine Thread - 0] INFO  server.GrpcService (GrpcService.java:startImpl(158)) - 8f224f1b-d9dc-4828-9c73-f3cae17f637a: GrpcService started, listening on 0.0.0.0/0.0.0.0:44590
2019-09-20 20:38:49,903 [Datanode State Machine Thread - 0] INFO  ratis.XceiverServerRatis (XceiverServerRatis.java:start(421)) - XceiverServerRatis 8f224f1b-d9dc-4828-9c73-f3cae17f637a is started using port 44590
2019-09-20 20:38:49,905 [Datanode State Machine Thread - 0] INFO  server.XceiverServerGrpc (XceiverServerGrpc.java:start(163)) - XceiverServerGrpc 8f224f1b-d9dc-4828-9c73-f3cae17f637a is started using port 39110
2019-09-20 20:38:50,875 [main] INFO  ozone.MiniOzoneClusterImpl (MiniOzoneClusterImpl.java:lambda$waitForClusterToBeReady$0(145)) - Waiting for cluster to be ready. Got 0 of 4 DN Heartbeats.
2019-09-20 20:38:51,650 [IPC Server handler 0 on 43697] INFO  net.NetworkTopology (NetworkTopologyImpl.java:add(111)) - Added a new node: /default-rack/7ee768e4-b454-4ab3-a6d6-c85a180fbc63
2019-09-20 20:38:51,651 [IPC Server handler 0 on 43697] INFO  node.SCMNodeManager (SCMNodeManager.java:register(266)) - Registered Data node : 7ee768e4-b454-4ab3-a6d6-c85a180fbc63{ip: 192.168.151.66, host: pr-hdds-2158-7hzb2-2382936324, networkLocation: /default-rack, certSerialId: null}
2019-09-20 20:38:51,655 [EventQueue-NodeRegistrationContainerReportForDataNodeSafeModeRule] INFO  safemode.SCMSafeModeManager (DataNodeSafeModeRule.java:process(71)) - SCM in safe mode. 1 DataNodes registered, 1 required.
2019-09-20 20:38:51,655 [EventQueue-NodeRegistrationContainerReportForDataNodeSafeModeRule] INFO  safemode.SCMSafeModeManager (SCMSafeModeManager.java:validateSafeModeExitRules(177)) - ScmSafeModeManager, all rules are successfully validated
2019-09-20 20:38:51,655 [EventQueue-NodeRegistrationContainerReportForDataNodeSafeModeRule] INFO  safemode.SCMSafeModeManager (SCMSafeModeManager.java:exitSafeMode(193)) - SCM exiting safe mode.
2019-09-20 20:38:51,709 [IPC Server handler 1 on 43697] INFO  net.NetworkTopology (NetworkTopologyImpl.java:add(111)) - Added a new node: /default-rack/61b22c1f-636f-4a11-b485-b0b1337f1d95
2019-09-20 20:38:51,709 [IPC Server handler 1 on 43697] INFO  node.SCMNodeManager (SCMNodeManager.java:register(266)) - Registered Data node : 61b22c1f-636f-4a11-b485-b0b1337f1d95{ip: 192.168.151.66, host: pr-hdds-2158-7hzb2-2382936324, networkLocation: /default-rack, certSerialId: null}
2019-09-20 20:38:51,804 [IPC Server handler 2 on 43697] INFO  net.NetworkTopology (NetworkTopologyImpl.java:add(111)) - Added a new node: /default-rack/e623342b-5bbf-4d05-bd5a-d794b510d69e
2019-09-20 20:38:51,805 [IPC Server handler 2 on 43697] INFO  node.SCMNodeManager (SCMNodeManager.java:register(266)) - Registered Data node : e623342b-5bbf-4d05-bd5a-d794b510d69e{ip: 192.168.151.66, host: pr-hdds-2158-7hzb2-2382936324, networkLocation: /default-rack, certSerialId: null}
2019-09-20 20:38:51,876 [main] INFO  ozone.MiniOzoneClusterImpl (MiniOzoneClusterImpl.java:lambda$waitForClusterToBeReady$0(145)) - Waiting for cluster to be ready. Got 3 of 4 DN Heartbeats.
2019-09-20 20:38:51,877 [IPC Server handler 4 on 43697] INFO  net.NetworkTopology (NetworkTopologyImpl.java:add(111)) - Added a new node: /default-rack/8f224f1b-d9dc-4828-9c73-f3cae17f637a
2019-09-20 20:38:51,878 [IPC Server handler 4 on 43697] INFO  node.SCMNodeManager (SCMNodeManager.java:register(266)) - Registered Data node : 8f224f1b-d9dc-4828-9c73-f3cae17f637a{ip: 192.168.151.66, host: pr-hdds-2158-7hzb2-2382936324, networkLocation: /default-rack, certSerialId: null}
2019-09-20 20:38:52,176 [grpc-default-executor-0] INFO  impl.RaftServerProxy (RaftServerProxy.java:addNew(89)) - 7ee768e4-b454-4ab3-a6d6-c85a180fbc63: addNew group-8312D1C244A7:[7ee768e4-b454-4ab3-a6d6-c85a180fbc63:192.168.151.66:38984] returns group-8312D1C244A7:java.util.concurrent.CompletableFuture@5695361a[Not completed]
2019-09-20 20:38:52,195 [pool-27-thread-1] INFO  impl.RaftServerImpl (RaftServerImpl.java:<init>(95)) - 7ee768e4-b454-4ab3-a6d6-c85a180fbc63: new RaftServerImpl for group-8312D1C244A7:[7ee768e4-b454-4ab3-a6d6-c85a180fbc63:192.168.151.66:38984] with ContainerStateMachine:uninitialized
2019-09-20 20:38:52,198 [pool-27-thread-1] INFO  server.RaftServerConfigKeys (ConfUtils.java:logGet(43)) - raft.server.rpc.timeout.min = 5s (custom)
2019-09-20 20:38:52,199 [pool-27-thread-1] INFO  server.RaftServerConfigKeys (ConfUtils.java:logGet(43)) - raft.server.rpc.timeout.max = 5200ms (custom)
2019-09-20 20:38:52,199 [pool-27-thread-1] INFO  server.RaftServerConfigKeys (ConfUtils.java:logGet(43)) - raft.server.rpcslowness.timeout = 1000s (custom)
2019-09-20 20:38:52,200 [pool-27-thread-1] INFO  server.RaftServerConfigKeys (ConfUtils.java:logGet(43)) - raft.server.sleep.deviation.threshold = 300 (default)
2019-09-20 20:38:52,201 [pool-27-thread-1] INFO  server.RaftServerConfigKeys (ConfUtils.java:logGet(43)) - raft.server.log.appender.install.snapshot.enabled = false (custom)
2019-09-20 20:38:52,210 [pool-27-thread-1] INFO  impl.RaftServerImpl (ServerState.java:<init>(103)) - 7ee768e4-b454-4ab3-a6d6-c85a180fbc63@group-8312D1C244A7: ConfigurationManager, init=-1: [7ee768e4-b454-4ab3-a6d6-c85a180fbc63:192.168.151.66:38984], old=null, confs=<EMPTY_MAP>
2019-09-20 20:38:52,210 [pool-27-thread-1] INFO  server.RaftServerConfigKeys (ConfUtils.java:logGet(43)) - raft.server.storage.dir = [/workdir/hadoop-ozone/integration-test/target/test-dir/MiniOzoneClusterImpl-c887730b-6e6c-4bb9-8bab-4404ac13c8e2/datanode-0/data/ratis] (custom)
2019-09-20 20:38:52,218 [pool-27-thread-1] INFO  storage.RaftStorageDirectory (RaftStorageDirectory.java:analyzeStorage(246)) - The storage directory /workdir/hadoop-ozone/integration-test/target/test-dir/MiniOzoneClusterImpl-c887730b-6e6c-4bb9-8bab-4404ac13c8e2/datanode-0/data/ratis/909d78ea-bc18-4223-9be7-8312d1c244a7 does not exist. Creating ...
2019-09-20 20:38:52,236 [pool-27-thread-1] INFO  storage.RaftStorageDirectory (RaftStorageDirectory.java:tryLock(328)) - Lock on /workdir/hadoop-ozone/integration-test/target/test-dir/MiniOzoneClusterImpl-c887730b-6e6c-4bb9-8bab-4404ac13c8e2/datanode-0/data/ratis/909d78ea-bc18-4223-9be7-8312d1c244a7/in_use.lock acquired by nodename 15450@pr-hdds-2158-7hzb2-2382936324
2019-09-20 20:38:52,252 [pool-27-thread-1] INFO  storage.RaftStorage (RaftStorage.java:format(72)) - Storage directory /workdir/hadoop-ozone/integration-test/target/test-dir/MiniOzoneClusterImpl-c887730b-6e6c-4bb9-8bab-4404ac13c8e2/datanode-0/data/ratis/909d78ea-bc18-4223-9be7-8312d1c244a7 has been successfully formatted.
2019-09-20 20:38:52,256 [pool-27-thread-1] INFO  ratis.ContainerStateMachine (ContainerStateMachine.java:loadSnapshot(230)) - group-8312D1C244A7: The snapshot info is null. Setting the last applied indexto:(t:0, i:~)
2019-09-20 20:38:52,256 [pool-27-thread-1] INFO  server.RaftServerConfigKeys (ConfUtils.java:logGet(43)) - raft.server.notification.no-leader.timeout = 1000s (custom)
2019-09-20 20:38:52,259 [pool-27-thread-1] INFO  server.RaftServerConfigKeys (ConfUtils.java:logGet(43)) - raft.server.log.use.memory = false (default)
2019-09-20 20:38:52,267 [pool-27-thread-1] INFO  server.RaftServerConfigKeys (ConfUtils.java:logGet(43)) - raft.server.log.purge.gap = 1000000 (custom)
2019-09-20 20:38:52,267 [pool-27-thread-1] INFO  server.RaftServerConfigKeys (ConfUtils.java:logGet(43)) - raft.server.log.appender.buffer.byte-limit = 33554432 (custom)
2019-09-20 20:38:52,270 [pool-27-thread-1] INFO  server.RaftServerConfigKeys (ConfUtils.java:logGet(43)) - raft.server.log.segment.size.max = 1048576 (custom)
2019-09-20 20:38:52,276 [pool-27-thread-1] INFO  server.RaftServerConfigKeys (ConfUtils.java:logGet(43)) - raft.server.log.segment.cache.num.max = 2 (custom)
2019-09-20 20:38:52,283 [pool-27-thread-1] INFO  segmented.SegmentedRaftLogWorker (SegmentedRaftLogWorker.java:<init>(172)) - new 7ee768e4-b454-4ab3-a6d6-c85a180fbc63@group-8312D1C244A7-SegmentedRaftLogWorker for RaftStorage:Storage Directory /workdir/hadoop-ozone/integration-test/target/test-dir/MiniOzoneClusterImpl-c887730b-6e6c-4bb9-8bab-4404ac13c8e2/datanode-0/data/ratis/909d78ea-bc18-4223-9be7-8312d1c244a7
2019-09-20 20:38:52,285 [pool-27-thread-1] INFO  impl.MetricsSystemImpl (MetricsSystemImpl.java:init(158)) - ratis metrics system started (again)
2019-09-20 20:38:52,323 [pool-27-thread-1] INFO  server.RaftServerConfigKeys (ConfUtils.java:logGet(43)) - raft.server.log.queue.byte-limit = 2147483647 (custom)
2019-09-20 20:38:52,324 [pool-27-thread-1] INFO  server.RaftServerConfigKeys (ConfUtils.java:logGet(43)) - raft.server.log.queue.element-limit = 1024 (custom)
2019-09-20 20:38:52,327 [pool-27-thread-1] INFO  server.RaftServerConfigKeys (ConfUtils.java:logGet(43)) - raft.server.log.segment.size.max = 1048576 (custom)
2019-09-20 20:38:52,328 [pool-27-thread-1] INFO  server.RaftServerConfigKeys (ConfUtils.java:logGet(43)) - raft.server.log.preallocated.size = 16384 (custom)
2019-09-20 20:38:52,328 [pool-27-thread-1] INFO  server.RaftServerConfigKeys (ConfUtils.java:logGet(43)) - raft.server.log.write.buffer.size = 33554432 (custom)
2019-09-20 20:38:52,329 [pool-27-thread-1] INFO  server.RaftServerConfigKeys (ConfUtils.java:logGet(43)) - raft.server.log.force.sync.num = 128 (default)
2019-09-20 20:38:52,330 [pool-27-thread-1] INFO  server.RaftServerConfigKeys (ConfUtils.java:logGet(43)) - raft.server.log.statemachine.data.sync = true (default)
2019-09-20 20:38:52,330 [pool-27-thread-1] INFO  server.RaftServerConfigKeys (ConfUtils.java:logGet(43)) - raft.server.log.statemachine.data.sync.timeout = 10s (default)
2019-09-20 20:38:52,330 [pool-27-thread-1] INFO  server.RaftServerConfigKeys (ConfUtils.java:logGet(43)) - raft.server.log.statemachine.data.sync.timeout.retry = -1 (default)
2019-09-20 20:38:52,339 [pool-27-thread-1] INFO  server.RaftServerConfigKeys (ConfUtils.java:logGet(43)) - raft.server.log.statemachine.data.caching.enabled = true (custom)
2019-09-20 20:38:52,343 [pool-27-thread-1] INFO  segmented.SegmentedRaftLogWorker (SegmentedRaftLogWorker.java:lambda$new$0(132)) - 7ee768e4-b454-4ab3-a6d6-c85a180fbc63@group-8312D1C244A7-SegmentedRaftLogWorker: flushIndex: setUnconditionally 0 -> -1
2019-09-20 20:38:52,347 [pool-27-thread-1] INFO  server.RaftServerConfigKeys (ConfUtils.java:logGet(43)) - raft.server.snapshot.auto.trigger.enabled = true (custom)
2019-09-20 20:38:52,349 [pool-27-thread-1] INFO  server.RaftServerConfigKeys (ConfUtils.java:logGet(43)) - raft.server.snapshot.auto.trigger.threshold = 10000 (custom)
2019-09-20 20:38:52,349 [pool-27-thread-1] INFO  server.RaftServerConfigKeys (ConfUtils.java:logGet(43)) - raft.server.snapshot.retention.num.files = 5 (custom)
2019-09-20 20:38:52,350 [pool-27-thread-1] INFO  server.RaftServerConfigKeys (ConfUtils.java:logGet(43)) - raft.server.retrycache.expirytime = 600000ms (custom)
2019-09-20 20:38:52,376 [pool-27-thread-1] INFO  impl.RaftServerImpl (RaftServerImpl.java:start(185)) - 7ee768e4-b454-4ab3-a6d6-c85a180fbc63@group-8312D1C244A7: start as a follower, conf=-1: [7ee768e4-b454-4ab3-a6d6-c85a180fbc63:192.168.151.66:38984], old=null
2019-09-20 20:38:52,378 [pool-27-thread-1] INFO  impl.RaftServerImpl (RaftServerImpl.java:setRole(174)) - 7ee768e4-b454-4ab3-a6d6-c85a180fbc63@group-8312D1C244A7: changes role from      null to FOLLOWER at term 0 for startAsFollower
2019-09-20 20:38:52,379 [pool-27-thread-1] INFO  impl.RoleInfo (RoleInfo.java:updateAndGet(143)) - 7ee768e4-b454-4ab3-a6d6-c85a180fbc63: start FollowerState
2019-09-20 20:38:52,382 [pool-27-thread-1] INFO  util.JmxRegister (JmxRegister.java:tryRegister(44)) - Successfully registered JMX Bean with object name Ratis:service=RaftServer,group=group-8312D1C244A7,id=7ee768e4-b454-4ab3-a6d6-c85a180fbc63
2019-09-20 20:38:52,446 [RatisPipelineUtilsThread] INFO  pipeline.PipelineStateManager (PipelineStateManager.java:addPipeline(56)) - Created pipeline Pipeline[ Id: 909d78ea-bc18-4223-9be7-8312d1c244a7, Nodes: 7ee768e4-b454-4ab3-a6d6-c85a180fbc63{ip: 192.168.151.66, host: pr-hdds-2158-7hzb2-2382936324, networkLocation: /default-rack, certSerialId: null}, Type:RATIS, Factor:ONE, State:OPEN]
2019-09-20 20:38:52,467 [grpc-default-executor-0] INFO  impl.RaftServerProxy (RaftServerProxy.java:addNew(89)) - 8f224f1b-d9dc-4828-9c73-f3cae17f637a: addNew group-4BC6CF39152F:[8f224f1b-d9dc-4828-9c73-f3cae17f637a:192.168.151.66:44590] returns group-4BC6CF39152F:java.util.concurrent.CompletableFuture@18b9ea00[Not completed]
2019-09-20 20:38:52,507 [pool-57-thread-1] INFO  impl.RaftServerImpl (RaftServerImpl.java:<init>(95)) - 8f224f1b-d9dc-4828-9c73-f3cae17f637a: new RaftServerImpl for group-4BC6CF39152F:[8f224f1b-d9dc-4828-9c73-f3cae17f637a:192.168.151.66:44590] with ContainerStateMachine:uninitialized
2019-09-20 20:38:52,509 [pool-57-thread-1] INFO  server.RaftServerConfigKeys (ConfUtils.java:logGet(43)) - raft.server.rpc.timeout.min = 5s (custom)
2019-09-20 20:38:52,510 [pool-57-thread-1] INFO  server.RaftServerConfigKeys (ConfUtils.java:logGet(43)) - raft.server.rpc.timeout.max = 5200ms (custom)
2019-09-20 20:38:52,510 [pool-57-thread-1] INFO  server.RaftServerConfigKeys (ConfUtils.java:logGet(43)) - raft.server.rpcslowness.timeout = 1000s (custom)
2019-09-20 20:38:52,510 [pool-57-thread-1] INFO  server.RaftServerConfigKeys (ConfUtils.java:logGet(43)) - raft.server.sleep.deviation.threshold = 300 (default)
2019-09-20 20:38:52,511 [pool-57-thread-1] INFO  server.RaftServerConfigKeys (ConfUtils.java:logGet(43)) - raft.server.log.appender.install.snapshot.enabled = false (custom)
2019-09-20 20:38:52,511 [pool-57-thread-1] INFO  impl.RaftServerImpl (ServerState.java:<init>(103)) - 8f224f1b-d9dc-4828-9c73-f3cae17f637a@group-4BC6CF39152F: ConfigurationManager, init=-1: [8f224f1b-d9dc-4828-9c73-f3cae17f637a:192.168.151.66:44590], old=null, confs=<EMPTY_MAP>
2019-09-20 20:38:52,511 [pool-57-thread-1] INFO  server.RaftServerConfigKeys (ConfUtils.java:logGet(43)) - raft.server.storage.dir = [/workdir/hadoop-ozone/integration-test/target/test-dir/MiniOzoneClusterImpl-c887730b-6e6c-4bb9-8bab-4404ac13c8e2/datanode-3/data/ratis] (custom)
2019-09-20 20:38:52,512 [pool-57-thread-1] INFO  storage.RaftStorageDirectory (RaftStorageDirectory.java:analyzeStorage(246)) - The storage directory /workdir/hadoop-ozone/integration-test/target/test-dir/MiniOzoneClusterImpl-c887730b-6e6c-4bb9-8bab-4404ac13c8e2/datanode-3/data/ratis/235e5373-568d-4ce5-af6b-4bc6cf39152f does not exist. Creating ...
2019-09-20 20:38:52,525 [pool-57-thread-1] INFO  storage.RaftStorageDirectory (RaftStorageDirectory.java:tryLock(328)) - Lock on /workdir/hadoop-ozone/integration-test/target/test-dir/MiniOzoneClusterImpl-c887730b-6e6c-4bb9-8bab-4404ac13c8e2/datanode-3/data/ratis/235e5373-568d-4ce5-af6b-4bc6cf39152f/in_use.lock acquired by nodename 15450@pr-hdds-2158-7hzb2-2382936324
2019-09-20 20:38:52,538 [pool-57-thread-1] INFO  storage.RaftStorage (RaftStorage.java:format(72)) - Storage directory /workdir/hadoop-ozone/integration-test/target/test-dir/MiniOzoneClusterImpl-c887730b-6e6c-4bb9-8bab-4404ac13c8e2/datanode-3/data/ratis/235e5373-568d-4ce5-af6b-4bc6cf39152f has been successfully formatted.
2019-09-20 20:38:52,540 [pool-57-thread-1] INFO  ratis.ContainerStateMachine (ContainerStateMachine.java:loadSnapshot(230)) - group-4BC6CF39152F: The snapshot info is null. Setting the last applied indexto:(t:0, i:~)
2019-09-20 20:38:52,541 [pool-57-thread-1] INFO  server.RaftServerConfigKeys (ConfUtils.java:logGet(43)) - raft.server.notification.no-leader.timeout = 1000s (custom)
2019-09-20 20:38:52,541 [pool-57-thread-1] INFO  server.RaftServerConfigKeys (ConfUtils.java:logGet(43)) - raft.server.log.use.memory = false (default)
2019-09-20 20:38:52,542 [pool-57-thread-1] INFO  server.RaftServerConfigKeys (ConfUtils.java:logGet(43)) - raft.server.log.purge.gap = 1000000 (custom)
2019-09-20 20:38:52,542 [pool-57-thread-1] INFO  server.RaftServerConfigKeys (ConfUtils.java:logGet(43)) - raft.server.log.appender.buffer.byte-limit = 33554432 (custom)
2019-09-20 20:38:52,542 [pool-57-thread-1] INFO  server.RaftServerConfigKeys (ConfUtils.java:logGet(43)) - raft.server.log.segment.size.max = 1048576 (custom)
2019-09-20 20:38:52,543 [pool-57-thread-1] INFO  server.RaftServerConfigKeys (ConfUtils.java:logGet(43)) - raft.server.log.segment.cache.num.max = 2 (custom)
2019-09-20 20:38:52,543 [pool-57-thread-1] INFO  segmented.SegmentedRaftLogWorker (SegmentedRaftLogWorker.java:<init>(172)) - new 8f224f1b-d9dc-4828-9c73-f3cae17f637a@group-4BC6CF39152F-SegmentedRaftLogWorker for RaftStorage:Storage Directory /workdir/hadoop-ozone/integration-test/target/test-dir/MiniOzoneClusterImpl-c887730b-6e6c-4bb9-8bab-4404ac13c8e2/datanode-3/data/ratis/235e5373-568d-4ce5-af6b-4bc6cf39152f
2019-09-20 20:38:52,551 [pool-57-thread-1] INFO  server.RaftServerConfigKeys (ConfUtils.java:logGet(43)) - raft.server.log.queue.byte-limit = 2147483647 (custom)
2019-09-20 20:38:52,551 [pool-57-thread-1] INFO  server.RaftServerConfigKeys (ConfUtils.java:logGet(43)) - raft.server.log.queue.element-limit = 1024 (custom)
2019-09-20 20:38:52,551 [pool-57-thread-1] INFO  server.RaftServerConfigKeys (ConfUtils.java:logGet(43)) - raft.server.log.segment.size.max = 1048576 (custom)
2019-09-20 20:38:52,551 [pool-57-thread-1] INFO  server.RaftServerConfigKeys (ConfUtils.java:logGet(43)) - raft.server.log.preallocated.size = 16384 (custom)
2019-09-20 20:38:52,552 [pool-57-thread-1] INFO  server.RaftServerConfigKeys (ConfUtils.java:logGet(43)) - raft.server.log.write.buffer.size = 33554432 (custom)
2019-09-20 20:38:52,552 [pool-57-thread-1] INFO  server.RaftServerConfigKeys (ConfUtils.java:logGet(43)) - raft.server.log.force.sync.num = 128 (default)
2019-09-20 20:38:52,552 [pool-57-thread-1] INFO  server.RaftServerConfigKeys (ConfUtils.java:logGet(43)) - raft.server.log.statemachine.data.sync = true (default)
2019-09-20 20:38:52,552 [pool-57-thread-1] INFO  server.RaftServerConfigKeys (ConfUtils.java:logGet(43)) - raft.server.log.statemachine.data.sync.timeout = 10s (default)
2019-09-20 20:38:52,552 [pool-57-thread-1] INFO  server.RaftServerConfigKeys (ConfUtils.java:logGet(43)) - raft.server.log.statemachine.data.sync.timeout.retry = -1 (default)
2019-09-20 20:38:52,553 [pool-57-thread-1] INFO  server.RaftServerConfigKeys (ConfUtils.java:logGet(43)) - raft.server.log.statemachine.data.caching.enabled = true (custom)
2019-09-20 20:38:52,553 [pool-57-thread-1] INFO  segmented.SegmentedRaftLogWorker (SegmentedRaftLogWorker.java:lambda$new$0(132)) - 8f224f1b-d9dc-4828-9c73-f3cae17f637a@group-4BC6CF39152F-SegmentedRaftLogWorker: flushIndex: setUnconditionally 0 -> -1
2019-09-20 20:38:52,554 [pool-57-thread-1] INFO  server.RaftServerConfigKeys (ConfUtils.java:logGet(43)) - raft.server.snapshot.auto.trigger.enabled = true (custom)
2019-09-20 20:38:52,554 [pool-57-thread-1] INFO  server.RaftServerConfigKeys (ConfUtils.java:logGet(43)) - raft.server.snapshot.auto.trigger.threshold = 10000 (custom)
2019-09-20 20:38:52,554 [pool-57-thread-1] INFO  server.RaftServerConfigKeys (ConfUtils.java:logGet(43)) - raft.server.snapshot.retention.num.files = 5 (custom)
2019-09-20 20:38:52,555 [pool-57-thread-1] INFO  server.RaftServerConfigKeys (ConfUtils.java:logGet(43)) - raft.server.retrycache.expirytime = 600000ms (custom)
2019-09-20 20:38:52,560 [pool-57-thread-1] INFO  impl.RaftServerImpl (RaftServerImpl.java:start(185)) - 8f224f1b-d9dc-4828-9c73-f3cae17f637a@group-4BC6CF39152F: start as a follower, conf=-1: [8f224f1b-d9dc-4828-9c73-f3cae17f637a:192.168.151.66:44590], old=null
2019-09-20 20:38:52,560 [pool-57-thread-1] INFO  impl.RaftServerImpl (RaftServerImpl.java:setRole(174)) - 8f224f1b-d9dc-4828-9c73-f3cae17f637a@group-4BC6CF39152F: changes role from      null to FOLLOWER at term 0 for startAsFollower
2019-09-20 20:38:52,561 [pool-57-thread-1] INFO  impl.RoleInfo (RoleInfo.java:updateAndGet(143)) - 8f224f1b-d9dc-4828-9c73-f3cae17f637a: start FollowerState
2019-09-20 20:38:52,562 [pool-57-thread-1] INFO  util.JmxRegister (JmxRegister.java:tryRegister(44)) - Successfully registered JMX Bean with object name Ratis:service=RaftServer,group=group-4BC6CF39152F,id=8f224f1b-d9dc-4828-9c73-f3cae17f637a
2019-09-20 20:38:52,574 [RatisPipelineUtilsThread] INFO  pipeline.PipelineStateManager (PipelineStateManager.java:addPipeline(56)) - Created pipeline Pipeline[ Id: 235e5373-568d-4ce5-af6b-4bc6cf39152f, Nodes: 8f224f1b-d9dc-4828-9c73-f3cae17f637a{ip: 192.168.151.66, host: pr-hdds-2158-7hzb2-2382936324, networkLocation: /default-rack, certSerialId: null}, Type:RATIS, Factor:ONE, State:OPEN]
2019-09-20 20:38:52,600 [grpc-default-executor-0] INFO  impl.RaftServerProxy (RaftServerProxy.java:addNew(89)) - e623342b-5bbf-4d05-bd5a-d794b510d69e: addNew group-574BF3A992B6:[e623342b-5bbf-4d05-bd5a-d794b510d69e:192.168.151.66:32982] returns group-574BF3A992B6:java.util.concurrent.CompletableFuture@53ce2262[Not completed]
2019-09-20 20:38:52,625 [pool-47-thread-1] INFO  impl.RaftServerImpl (RaftServerImpl.java:<init>(95)) - e623342b-5bbf-4d05-bd5a-d794b510d69e: new RaftServerImpl for group-574BF3A992B6:[e623342b-5bbf-4d05-bd5a-d794b510d69e:192.168.151.66:32982] with ContainerStateMachine:uninitialized
2019-09-20 20:38:52,630 [pool-47-thread-1] INFO  server.RaftServerConfigKeys (ConfUtils.java:logGet(43)) - raft.server.rpc.timeout.min = 5s (custom)
2019-09-20 20:38:52,630 [pool-47-thread-1] INFO  server.RaftServerConfigKeys (ConfUtils.java:logGet(43)) - raft.server.rpc.timeout.max = 5200ms (custom)
2019-09-20 20:38:52,630 [pool-47-thread-1] INFO  server.RaftServerConfigKeys (ConfUtils.java:logGet(43)) - raft.server.rpcslowness.timeout = 1000s (custom)
2019-09-20 20:38:52,635 [pool-47-thread-1] INFO  server.RaftServerConfigKeys (ConfUtils.java:logGet(43)) - raft.server.sleep.deviation.threshold = 300 (default)
2019-09-20 20:38:52,635 [pool-47-thread-1] INFO  server.RaftServerConfigKeys (ConfUtils.java:logGet(43)) - raft.server.log.appender.install.snapshot.enabled = false (custom)
2019-09-20 20:38:52,635 [pool-47-thread-1] INFO  impl.RaftServerImpl (ServerState.java:<init>(103)) - e623342b-5bbf-4d05-bd5a-d794b510d69e@group-574BF3A992B6: ConfigurationManager, init=-1: [e623342b-5bbf-4d05-bd5a-d794b510d69e:192.168.151.66:32982], old=null, confs=<EMPTY_MAP>
2019-09-20 20:38:52,636 [pool-47-thread-1] INFO  server.RaftServerConfigKeys (ConfUtils.java:logGet(43)) - raft.server.storage.dir = [/workdir/hadoop-ozone/integration-test/target/test-dir/MiniOzoneClusterImpl-c887730b-6e6c-4bb9-8bab-4404ac13c8e2/datanode-2/data/ratis] (custom)
2019-09-20 20:38:52,636 [pool-47-thread-1] INFO  storage.RaftStorageDirectory (RaftStorageDirectory.java:analyzeStorage(246)) - The storage directory /workdir/hadoop-ozone/integration-test/target/test-dir/MiniOzoneClusterImpl-c887730b-6e6c-4bb9-8bab-4404ac13c8e2/datanode-2/data/ratis/c7130370-5dda-438a-95fc-574bf3a992b6 does not exist. Creating ...
2019-09-20 20:38:52,643 [pool-47-thread-1] INFO  storage.RaftStorageDirectory (RaftStorageDirectory.java:tryLock(328)) - Lock on /workdir/hadoop-ozone/integration-test/target/test-dir/MiniOzoneClusterImpl-c887730b-6e6c-4bb9-8bab-4404ac13c8e2/datanode-2/data/ratis/c7130370-5dda-438a-95fc-574bf3a992b6/in_use.lock acquired by nodename 15450@pr-hdds-2158-7hzb2-2382936324
2019-09-20 20:38:52,646 [pool-47-thread-1] INFO  storage.RaftStorage (RaftStorage.java:format(72)) - Storage directory /workdir/hadoop-ozone/integration-test/target/test-dir/MiniOzoneClusterImpl-c887730b-6e6c-4bb9-8bab-4404ac13c8e2/datanode-2/data/ratis/c7130370-5dda-438a-95fc-574bf3a992b6 has been successfully formatted.
2019-09-20 20:38:52,646 [pool-47-thread-1] INFO  ratis.ContainerStateMachine (ContainerStateMachine.java:loadSnapshot(230)) - group-574BF3A992B6: The snapshot info is null. Setting the last applied indexto:(t:0, i:~)
2019-09-20 20:38:52,647 [pool-47-thread-1] INFO  server.RaftServerConfigKeys (ConfUtils.java:logGet(43)) - raft.server.notification.no-leader.timeout = 1000s (custom)
2019-09-20 20:38:52,647 [pool-47-thread-1] INFO  server.RaftServerConfigKeys (ConfUtils.java:logGet(43)) - raft.server.log.use.memory = false (default)
2019-09-20 20:38:52,647 [pool-47-thread-1] INFO  server.RaftServerConfigKeys (ConfUtils.java:logGet(43)) - raft.server.log.purge.gap = 1000000 (custom)
2019-09-20 20:38:52,647 [pool-47-thread-1] INFO  server.RaftServerConfigKeys (ConfUtils.java:logGet(43)) - raft.server.log.appender.buffer.byte-limit = 33554432 (custom)
2019-09-20 20:38:52,647 [pool-47-thread-1] INFO  server.RaftServerConfigKeys (ConfUtils.java:logGet(43)) - raft.server.log.segment.size.max = 1048576 (custom)
2019-09-20 20:38:52,648 [pool-47-thread-1] INFO  server.RaftServerConfigKeys (ConfUtils.java:logGet(43)) - raft.server.log.segment.cache.num.max = 2 (custom)
2019-09-20 20:38:52,648 [pool-47-thread-1] INFO  segmented.SegmentedRaftLogWorker (SegmentedRaftLogWorker.java:<init>(172)) - new e623342b-5bbf-4d05-bd5a-d794b510d69e@group-574BF3A992B6-SegmentedRaftLogWorker for RaftStorage:Storage Directory /workdir/hadoop-ozone/integration-test/target/test-dir/MiniOzoneClusterImpl-c887730b-6e6c-4bb9-8bab-4404ac13c8e2/datanode-2/data/ratis/c7130370-5dda-438a-95fc-574bf3a992b6
2019-09-20 20:38:52,678 [pool-47-thread-1] INFO  server.RaftServerConfigKeys (ConfUtils.java:logGet(43)) - raft.server.log.queue.byte-limit = 2147483647 (custom)
2019-09-20 20:38:52,678 [pool-47-thread-1] INFO  server.RaftServerConfigKeys (ConfUtils.java:logGet(43)) - raft.server.log.queue.element-limit = 1024 (custom)
2019-09-20 20:38:52,678 [pool-47-thread-1] INFO  server.RaftServerConfigKeys (ConfUtils.java:logGet(43)) - raft.server.log.segment.size.max = 1048576 (custom)
2019-09-20 20:38:52,678 [pool-47-thread-1] INFO  server.RaftServerConfigKeys (ConfUtils.java:logGet(43)) - raft.server.log.preallocated.size = 16384 (custom)
2019-09-20 20:38:52,679 [pool-47-thread-1] INFO  server.RaftServerConfigKeys (ConfUtils.java:logGet(43)) - raft.server.log.write.buffer.size = 33554432 (custom)
2019-09-20 20:38:52,679 [pool-47-thread-1] INFO  server.RaftServerConfigKeys (ConfUtils.java:logGet(43)) - raft.server.log.force.sync.num = 128 (default)
2019-09-20 20:38:52,679 [pool-47-thread-1] INFO  server.RaftServerConfigKeys (ConfUtils.java:logGet(43)) - raft.server.log.statemachine.data.sync = true (default)
2019-09-20 20:38:52,679 [pool-47-thread-1] INFO  server.RaftServerConfigKeys (ConfUtils.java:logGet(43)) - raft.server.log.statemachine.data.sync.timeout = 10s (default)
2019-09-20 20:38:52,679 [pool-47-thread-1] INFO  server.RaftServerConfigKeys (ConfUtils.java:logGet(43)) - raft.server.log.statemachine.data.sync.timeout.retry = -1 (default)
2019-09-20 20:38:52,680 [pool-47-thread-1] INFO  server.RaftServerConfigKeys (ConfUtils.java:logGet(43)) - raft.server.log.statemachine.data.caching.enabled = true (custom)
2019-09-20 20:38:52,680 [pool-47-thread-1] INFO  segmented.SegmentedRaftLogWorker (SegmentedRaftLogWorker.java:lambda$new$0(132)) - e623342b-5bbf-4d05-bd5a-d794b510d69e@group-574BF3A992B6-SegmentedRaftLogWorker: flushIndex: setUnconditionally 0 -> -1
2019-09-20 20:38:52,681 [pool-47-thread-1] INFO  server.RaftServerConfigKeys (ConfUtils.java:logGet(43)) - raft.server.snapshot.auto.trigger.enabled = true (custom)
2019-09-20 20:38:52,681 [pool-47-thread-1] INFO  server.RaftServerConfigKeys (ConfUtils.java:logGet(43)) - raft.server.snapshot.auto.trigger.threshold = 10000 (custom)
2019-09-20 20:38:52,681 [pool-47-thread-1] INFO  server.RaftServerConfigKeys (ConfUtils.java:logGet(43)) - raft.server.snapshot.retention.num.files = 5 (custom)
2019-09-20 20:38:52,681 [pool-47-thread-1] INFO  server.RaftServerConfigKeys (ConfUtils.java:logGet(43)) - raft.server.retrycache.expirytime = 600000ms (custom)
2019-09-20 20:38:52,686 [pool-47-thread-1] INFO  impl.RaftServerImpl (RaftServerImpl.java:start(185)) - e623342b-5bbf-4d05-bd5a-d794b510d69e@group-574BF3A992B6: start as a follower, conf=-1: [e623342b-5bbf-4d05-bd5a-d794b510d69e:192.168.151.66:32982], old=null
2019-09-20 20:38:52,686 [pool-47-thread-1] INFO  impl.RaftServerImpl (RaftServerImpl.java:setRole(174)) - e623342b-5bbf-4d05-bd5a-d794b510d69e@group-574BF3A992B6: changes role from      null to FOLLOWER at term 0 for startAsFollower
2019-09-20 20:38:52,686 [pool-47-thread-1] INFO  impl.RoleInfo (RoleInfo.java:updateAndGet(143)) - e623342b-5bbf-4d05-bd5a-d794b510d69e: start FollowerState
2019-09-20 20:38:52,687 [pool-47-thread-1] INFO  util.JmxRegister (JmxRegister.java:tryRegister(44)) - Successfully registered JMX Bean with object name Ratis:service=RaftServer,group=group-574BF3A992B6,id=e623342b-5bbf-4d05-bd5a-d794b510d69e
2019-09-20 20:38:52,696 [RatisPipelineUtilsThread] INFO  pipeline.PipelineStateManager (PipelineStateManager.java:addPipeline(56)) - Created pipeline Pipeline[ Id: c7130370-5dda-438a-95fc-574bf3a992b6, Nodes: e623342b-5bbf-4d05-bd5a-d794b510d69e{ip: 192.168.151.66, host: pr-hdds-2158-7hzb2-2382936324, networkLocation: /default-rack, certSerialId: null}, Type:RATIS, Factor:ONE, State:OPEN]
2019-09-20 20:38:52,712 [grpc-default-executor-0] INFO  impl.RaftServerProxy (RaftServerProxy.java:addNew(89)) - 61b22c1f-636f-4a11-b485-b0b1337f1d95: addNew group-A82E7F7AC167:[61b22c1f-636f-4a11-b485-b0b1337f1d95:192.168.151.66:37536] returns group-A82E7F7AC167:java.util.concurrent.CompletableFuture@61307430[Not completed]
2019-09-20 20:38:52,715 [pool-37-thread-1] INFO  impl.RaftServerImpl (RaftServerImpl.java:<init>(95)) - 61b22c1f-636f-4a11-b485-b0b1337f1d95: new RaftServerImpl for group-A82E7F7AC167:[61b22c1f-636f-4a11-b485-b0b1337f1d95:192.168.151.66:37536] with ContainerStateMachine:uninitialized
2019-09-20 20:38:52,715 [pool-37-thread-1] INFO  server.RaftServerConfigKeys (ConfUtils.java:logGet(43)) - raft.server.rpc.timeout.min = 5s (custom)
2019-09-20 20:38:52,716 [pool-37-thread-1] INFO  server.RaftServerConfigKeys (ConfUtils.java:logGet(43)) - raft.server.rpc.timeout.max = 5200ms (custom)
2019-09-20 20:38:52,716 [pool-37-thread-1] INFO  server.RaftServerConfigKeys (ConfUtils.java:logGet(43)) - raft.server.rpcslowness.timeout = 1000s (custom)
2019-09-20 20:38:52,716 [pool-37-thread-1] INFO  server.RaftServerConfigKeys (ConfUtils.java:logGet(43)) - raft.server.sleep.deviation.threshold = 300 (default)
2019-09-20 20:38:52,716 [pool-37-thread-1] INFO  server.RaftServerConfigKeys (ConfUtils.java:logGet(43)) - raft.server.log.appender.install.snapshot.enabled = false (custom)
2019-09-20 20:38:52,717 [pool-37-thread-1] INFO  impl.RaftServerImpl (ServerState.java:<init>(103)) - 61b22c1f-636f-4a11-b485-b0b1337f1d95@group-A82E7F7AC167: ConfigurationManager, init=-1: [61b22c1f-636f-4a11-b485-b0b1337f1d95:192.168.151.66:37536], old=null, confs=<EMPTY_MAP>
2019-09-20 20:38:52,717 [pool-37-thread-1] INFO  server.RaftServerConfigKeys (ConfUtils.java:logGet(43)) - raft.server.storage.dir = [/workdir/hadoop-ozone/integration-test/target/test-dir/MiniOzoneClusterImpl-c887730b-6e6c-4bb9-8bab-4404ac13c8e2/datanode-1/data/ratis] (custom)
2019-09-20 20:38:52,717 [pool-37-thread-1] INFO  storage.RaftStorageDirectory (RaftStorageDirectory.java:analyzeStorage(246)) - The storage directory /workdir/hadoop-ozone/integration-test/target/test-dir/MiniOzoneClusterImpl-c887730b-6e6c-4bb9-8bab-4404ac13c8e2/datanode-1/data/ratis/914421e6-5a6d-4f08-8c98-a82e7f7ac167 does not exist. Creating ...
2019-09-20 20:38:52,727 [pool-37-thread-1] INFO  storage.RaftStorageDirectory (RaftStorageDirectory.java:tryLock(328)) - Lock on /workdir/hadoop-ozone/integration-test/target/test-dir/MiniOzoneClusterImpl-c887730b-6e6c-4bb9-8bab-4404ac13c8e2/datanode-1/data/ratis/914421e6-5a6d-4f08-8c98-a82e7f7ac167/in_use.lock acquired by nodename 15450@pr-hdds-2158-7hzb2-2382936324
2019-09-20 20:38:52,735 [pool-37-thread-1] INFO  storage.RaftStorage (RaftStorage.java:format(72)) - Storage directory /workdir/hadoop-ozone/integration-test/target/test-dir/MiniOzoneClusterImpl-c887730b-6e6c-4bb9-8bab-4404ac13c8e2/datanode-1/data/ratis/914421e6-5a6d-4f08-8c98-a82e7f7ac167 has been successfully formatted.
2019-09-20 20:38:52,735 [pool-37-thread-1] INFO  ratis.ContainerStateMachine (ContainerStateMachine.java:loadSnapshot(230)) - group-A82E7F7AC167: The snapshot info is null. Setting the last applied indexto:(t:0, i:~)
2019-09-20 20:38:52,735 [pool-37-thread-1] INFO  server.RaftServerConfigKeys (ConfUtils.java:logGet(43)) - raft.server.notification.no-leader.timeout = 1000s (custom)
2019-09-20 20:38:52,736 [pool-37-thread-1] INFO  server.RaftServerConfigKeys (ConfUtils.java:logGet(43)) - raft.server.log.use.memory = false (default)
2019-09-20 20:38:52,736 [pool-37-thread-1] INFO  server.RaftServerConfigKeys (ConfUtils.java:logGet(43)) - raft.server.log.purge.gap = 1000000 (custom)
2019-09-20 20:38:52,736 [pool-37-thread-1] INFO  server.RaftServerConfigKeys (ConfUtils.java:logGet(43)) - raft.server.log.appender.buffer.byte-limit = 33554432 (custom)
2019-09-20 20:38:52,736 [pool-37-thread-1] INFO  server.RaftServerConfigKeys (ConfUtils.java:logGet(43)) - raft.server.log.segment.size.max = 1048576 (custom)
2019-09-20 20:38:52,737 [pool-37-thread-1] INFO  server.RaftServerConfigKeys (ConfUtils.java:logGet(43)) - raft.server.log.segment.cache.num.max = 2 (custom)
2019-09-20 20:38:52,737 [pool-37-thread-1] INFO  segmented.SegmentedRaftLogWorker (SegmentedRaftLogWorker.java:<init>(172)) - new 61b22c1f-636f-4a11-b485-b0b1337f1d95@group-A82E7F7AC167-SegmentedRaftLogWorker for RaftStorage:Storage Directory /workdir/hadoop-ozone/integration-test/target/test-dir/MiniOzoneClusterImpl-c887730b-6e6c-4bb9-8bab-4404ac13c8e2/datanode-1/data/ratis/914421e6-5a6d-4f08-8c98-a82e7f7ac167
2019-09-20 20:38:52,742 [pool-37-thread-1] INFO  server.RaftServerConfigKeys (ConfUtils.java:logGet(43)) - raft.server.log.queue.byte-limit = 2147483647 (custom)
2019-09-20 20:38:52,742 [pool-37-thread-1] INFO  server.RaftServerConfigKeys (ConfUtils.java:logGet(43)) - raft.server.log.queue.element-limit = 1024 (custom)
2019-09-20 20:38:52,743 [pool-37-thread-1] INFO  server.RaftServerConfigKeys (ConfUtils.java:logGet(43)) - raft.server.log.segment.size.max = 1048576 (custom)
2019-09-20 20:38:52,743 [pool-37-thread-1] INFO  server.RaftServerConfigKeys (ConfUtils.java:logGet(43)) - raft.server.log.preallocated.size = 16384 (custom)
2019-09-20 20:38:52,743 [pool-37-thread-1] INFO  server.RaftServerConfigKeys (ConfUtils.java:logGet(43)) - raft.server.log.write.buffer.size = 33554432 (custom)
2019-09-20 20:38:52,744 [pool-37-thread-1] INFO  server.RaftServerConfigKeys (ConfUtils.java:logGet(43)) - raft.server.log.force.sync.num = 128 (default)
2019-09-20 20:38:52,744 [pool-37-thread-1] INFO  server.RaftServerConfigKeys (ConfUtils.java:logGet(43)) - raft.server.log.statemachine.data.sync = true (default)
2019-09-20 20:38:52,744 [pool-37-thread-1] INFO  server.RaftServerConfigKeys (ConfUtils.java:logGet(43)) - raft.server.log.statemachine.data.sync.timeout = 10s (default)
2019-09-20 20:38:52,744 [pool-37-thread-1] INFO  server.RaftServerConfigKeys (ConfUtils.java:logGet(43)) - raft.server.log.statemachine.data.sync.timeout.retry = -1 (default)
2019-09-20 20:38:52,745 [pool-37-thread-1] INFO  server.RaftServerConfigKeys (ConfUtils.java:logGet(43)) - raft.server.log.statemachine.data.caching.enabled = true (custom)
2019-09-20 20:38:52,745 [pool-37-thread-1] INFO  segmented.SegmentedRaftLogWorker (SegmentedRaftLogWorker.java:lambda$new$0(132)) - 61b22c1f-636f-4a11-b485-b0b1337f1d95@group-A82E7F7AC167-SegmentedRaftLogWorker: flushIndex: setUnconditionally 0 -> -1
2019-09-20 20:38:52,746 [pool-37-thread-1] INFO  server.RaftServerConfigKeys (ConfUtils.java:logGet(43)) - raft.server.snapshot.auto.trigger.enabled = true (custom)
2019-09-20 20:38:52,746 [pool-37-thread-1] INFO  server.RaftServerConfigKeys (ConfUtils.java:logGet(43)) - raft.server.snapshot.auto.trigger.threshold = 10000 (custom)
2019-09-20 20:38:52,746 [pool-37-thread-1] INFO  server.RaftServerConfigKeys (ConfUtils.java:logGet(43)) - raft.server.snapshot.retention.num.files = 5 (custom)
2019-09-20 20:38:52,746 [pool-37-thread-1] INFO  server.RaftServerConfigKeys (ConfUtils.java:logGet(43)) - raft.server.retrycache.expirytime = 600000ms (custom)
2019-09-20 20:38:52,752 [pool-37-thread-1] INFO  impl.RaftServerImpl (RaftServerImpl.java:start(185)) - 61b22c1f-636f-4a11-b485-b0b1337f1d95@group-A82E7F7AC167: start as a follower, conf=-1: [61b22c1f-636f-4a11-b485-b0b1337f1d95:192.168.151.66:37536], old=null
2019-09-20 20:38:52,752 [pool-37-thread-1] INFO  impl.RaftServerImpl (RaftServerImpl.java:setRole(174)) - 61b22c1f-636f-4a11-b485-b0b1337f1d95@group-A82E7F7AC167: changes role from      null to FOLLOWER at term 0 for startAsFollower
2019-09-20 20:38:52,752 [pool-37-thread-1] INFO  impl.RoleInfo (RoleInfo.java:updateAndGet(143)) - 61b22c1f-636f-4a11-b485-b0b1337f1d95: start FollowerState
2019-09-20 20:38:52,753 [pool-37-thread-1] INFO  util.JmxRegister (JmxRegister.java:tryRegister(44)) - Successfully registered JMX Bean with object name Ratis:service=RaftServer,group=group-A82E7F7AC167,id=61b22c1f-636f-4a11-b485-b0b1337f1d95
2019-09-20 20:38:52,762 [RatisPipelineUtilsThread] INFO  pipeline.PipelineStateManager (PipelineStateManager.java:addPipeline(56)) - Created pipeline Pipeline[ Id: 914421e6-5a6d-4f08-8c98-a82e7f7ac167, Nodes: 61b22c1f-636f-4a11-b485-b0b1337f1d95{ip: 192.168.151.66, host: pr-hdds-2158-7hzb2-2382936324, networkLocation: /default-rack, certSerialId: null}, Type:RATIS, Factor:ONE, State:OPEN]
2019-09-20 20:38:52,804 [grpc-default-executor-2] INFO  impl.RaftServerProxy (RaftServerProxy.java:addNew(89)) - 8f224f1b-d9dc-4828-9c73-f3cae17f637a: addNew group-3473BDC1751F:[7ee768e4-b454-4ab3-a6d6-c85a180fbc63:192.168.151.66:38984, 8f224f1b-d9dc-4828-9c73-f3cae17f637a:192.168.151.66:44590, e623342b-5bbf-4d05-bd5a-d794b510d69e:192.168.151.66:32982] returns group-3473BDC1751F:java.util.concurrent.CompletableFuture@479cc325[Not completed]
2019-09-20 20:38:52,805 [grpc-default-executor-1] INFO  impl.RaftServerProxy (RaftServerProxy.java:addNew(89)) - 7ee768e4-b454-4ab3-a6d6-c85a180fbc63: addNew group-3473BDC1751F:[7ee768e4-b454-4ab3-a6d6-c85a180fbc63:192.168.151.66:38984, 8f224f1b-d9dc-4828-9c73-f3cae17f637a:192.168.151.66:44590, e623342b-5bbf-4d05-bd5a-d794b510d69e:192.168.151.66:32982] returns group-3473BDC1751F:java.util.concurrent.CompletableFuture@1deed366[Not completed]
2019-09-20 20:38:52,816 [pool-57-thread-1] INFO  impl.RaftServerImpl (RaftServerImpl.java:<init>(95)) - 8f224f1b-d9dc-4828-9c73-f3cae17f637a: new RaftServerImpl for group-3473BDC1751F:[7ee768e4-b454-4ab3-a6d6-c85a180fbc63:192.168.151.66:38984, 8f224f1b-d9dc-4828-9c73-f3cae17f637a:192.168.151.66:44590, e623342b-5bbf-4d05-bd5a-d794b510d69e:192.168.151.66:32982] with ContainerStateMachine:uninitialized
2019-09-20 20:38:52,816 [pool-57-thread-1] INFO  server.RaftServerConfigKeys (ConfUtils.java:logGet(43)) - raft.server.rpc.timeout.min = 5s (custom)
2019-09-20 20:38:52,817 [pool-57-thread-1] INFO  server.RaftServerConfigKeys (ConfUtils.java:logGet(43)) - raft.server.rpc.timeout.max = 5200ms (custom)
2019-09-20 20:38:52,817 [pool-57-thread-1] INFO  server.RaftServerConfigKeys (ConfUtils.java:logGet(43)) - raft.server.rpcslowness.timeout = 1000s (custom)
2019-09-20 20:38:52,817 [pool-27-thread-1] INFO  impl.RaftServerImpl (RaftServerImpl.java:<init>(95)) - 7ee768e4-b454-4ab3-a6d6-c85a180fbc63: new RaftServerImpl for group-3473BDC1751F:[7ee768e4-b454-4ab3-a6d6-c85a180fbc63:192.168.151.66:38984, 8f224f1b-d9dc-4828-9c73-f3cae17f637a:192.168.151.66:44590, e623342b-5bbf-4d05-bd5a-d794b510d69e:192.168.151.66:32982] with ContainerStateMachine:uninitialized
2019-09-20 20:38:52,817 [pool-57-thread-1] INFO  server.RaftServerConfigKeys (ConfUtils.java:logGet(43)) - raft.server.sleep.deviation.threshold = 300 (default)
2019-09-20 20:38:52,817 [pool-27-thread-1] INFO  server.RaftServerConfigKeys (ConfUtils.java:logGet(43)) - raft.server.rpc.timeout.min = 5s (custom)
2019-09-20 20:38:52,817 [pool-57-thread-1] INFO  server.RaftServerConfigKeys (ConfUtils.java:logGet(43)) - raft.server.log.appender.install.snapshot.enabled = false (custom)
2019-09-20 20:38:52,818 [pool-27-thread-1] INFO  server.RaftServerConfigKeys (ConfUtils.java:logGet(43)) - raft.server.rpc.timeout.max = 5200ms (custom)
2019-09-20 20:38:52,818 [pool-57-thread-1] INFO  impl.RaftServerImpl (ServerState.java:<init>(103)) - 8f224f1b-d9dc-4828-9c73-f3cae17f637a@group-3473BDC1751F: ConfigurationManager, init=-1: [7ee768e4-b454-4ab3-a6d6-c85a180fbc63:192.168.151.66:38984, 8f224f1b-d9dc-4828-9c73-f3cae17f637a:192.168.151.66:44590, e623342b-5bbf-4d05-bd5a-d794b510d69e:192.168.151.66:32982], old=null, confs=<EMPTY_MAP>
2019-09-20 20:38:52,818 [pool-27-thread-1] INFO  server.RaftServerConfigKeys (ConfUtils.java:logGet(43)) - raft.server.rpcslowness.timeout = 1000s (custom)
2019-09-20 20:38:52,819 [pool-57-thread-1] INFO  server.RaftServerConfigKeys (ConfUtils.java:logGet(43)) - raft.server.storage.dir = [/workdir/hadoop-ozone/integration-test/target/test-dir/MiniOzoneClusterImpl-c887730b-6e6c-4bb9-8bab-4404ac13c8e2/datanode-3/data/ratis] (custom)
2019-09-20 20:38:52,819 [grpc-default-executor-1] INFO  impl.RaftServerProxy (RaftServerProxy.java:addNew(89)) - e623342b-5bbf-4d05-bd5a-d794b510d69e: addNew group-3473BDC1751F:[7ee768e4-b454-4ab3-a6d6-c85a180fbc63:192.168.151.66:38984, 8f224f1b-d9dc-4828-9c73-f3cae17f637a:192.168.151.66:44590, e623342b-5bbf-4d05-bd5a-d794b510d69e:192.168.151.66:32982] returns group-3473BDC1751F:java.util.concurrent.CompletableFuture@5cd3d95d[Not completed]
2019-09-20 20:38:52,819 [pool-27-thread-1] INFO  server.RaftServerConfigKeys (ConfUtils.java:logGet(43)) - raft.server.sleep.deviation.threshold = 300 (default)
2019-09-20 20:38:52,819 [pool-57-thread-1] INFO  storage.RaftStorageDirectory (RaftStorageDirectory.java:analyzeStorage(246)) - The storage directory /workdir/hadoop-ozone/integration-test/target/test-dir/MiniOzoneClusterImpl-c887730b-6e6c-4bb9-8bab-4404ac13c8e2/datanode-3/data/ratis/f277a930-69dd-45d1-b605-3473bdc1751f does not exist. Creating ...
2019-09-20 20:38:52,819 [pool-27-thread-1] INFO  server.RaftServerConfigKeys (ConfUtils.java:logGet(43)) - raft.server.log.appender.install.snapshot.enabled = false (custom)
2019-09-20 20:38:52,819 [pool-27-thread-1] INFO  impl.RaftServerImpl (ServerState.java:<init>(103)) - 7ee768e4-b454-4ab3-a6d6-c85a180fbc63@group-3473BDC1751F: ConfigurationManager, init=-1: [7ee768e4-b454-4ab3-a6d6-c85a180fbc63:192.168.151.66:38984, 8f224f1b-d9dc-4828-9c73-f3cae17f637a:192.168.151.66:44590, e623342b-5bbf-4d05-bd5a-d794b510d69e:192.168.151.66:32982], old=null, confs=<EMPTY_MAP>
2019-09-20 20:38:52,820 [pool-27-thread-1] INFO  server.RaftServerConfigKeys (ConfUtils.java:logGet(43)) - raft.server.storage.dir = [/workdir/hadoop-ozone/integration-test/target/test-dir/MiniOzoneClusterImpl-c887730b-6e6c-4bb9-8bab-4404ac13c8e2/datanode-0/data/ratis] (custom)
2019-09-20 20:38:52,820 [pool-47-thread-1] INFO  impl.RaftServerImpl (RaftServerImpl.java:<init>(95)) - e623342b-5bbf-4d05-bd5a-d794b510d69e: new RaftServerImpl for group-3473BDC1751F:[7ee768e4-b454-4ab3-a6d6-c85a180fbc63:192.168.151.66:38984, 8f224f1b-d9dc-4828-9c73-f3cae17f637a:192.168.151.66:44590, e623342b-5bbf-4d05-bd5a-d794b510d69e:192.168.151.66:32982] with ContainerStateMachine:uninitialized
2019-09-20 20:38:52,820 [pool-27-thread-1] INFO  storage.RaftStorageDirectory (RaftStorageDirectory.java:analyzeStorage(246)) - The storage directory /workdir/hadoop-ozone/integration-test/target/test-dir/MiniOzoneClusterImpl-c887730b-6e6c-4bb9-8bab-4404ac13c8e2/datanode-0/data/ratis/f277a930-69dd-45d1-b605-3473bdc1751f does not exist. Creating ...
2019-09-20 20:38:52,820 [pool-47-thread-1] INFO  server.RaftServerConfigKeys (ConfUtils.java:logGet(43)) - raft.server.rpc.timeout.min = 5s (custom)
2019-09-20 20:38:52,820 [pool-47-thread-1] INFO  server.RaftServerConfigKeys (ConfUtils.java:logGet(43)) - raft.server.rpc.timeout.max = 5200ms (custom)
2019-09-20 20:38:52,820 [pool-47-thread-1] INFO  server.RaftServerConfigKeys (ConfUtils.java:logGet(43)) - raft.server.rpcslowness.timeout = 1000s (custom)
2019-09-20 20:38:52,821 [pool-47-thread-1] INFO  server.RaftServerConfigKeys (ConfUtils.java:logGet(43)) - raft.server.sleep.deviation.threshold = 300 (default)
2019-09-20 20:38:52,821 [pool-47-thread-1] INFO  server.RaftServerConfigKeys (ConfUtils.java:logGet(43)) - raft.server.log.appender.install.snapshot.enabled = false (custom)
2019-09-20 20:38:52,821 [pool-47-thread-1] INFO  impl.RaftServerImpl (ServerState.java:<init>(103)) - e623342b-5bbf-4d05-bd5a-d794b510d69e@group-3473BDC1751F: ConfigurationManager, init=-1: [7ee768e4-b454-4ab3-a6d6-c85a180fbc63:192.168.151.66:38984, 8f224f1b-d9dc-4828-9c73-f3cae17f637a:192.168.151.66:44590, e623342b-5bbf-4d05-bd5a-d794b510d69e:192.168.151.66:32982], old=null, confs=<EMPTY_MAP>
2019-09-20 20:38:52,821 [pool-47-thread-1] INFO  server.RaftServerConfigKeys (ConfUtils.java:logGet(43)) - raft.server.storage.dir = [/workdir/hadoop-ozone/integration-test/target/test-dir/MiniOzoneClusterImpl-c887730b-6e6c-4bb9-8bab-4404ac13c8e2/datanode-2/data/ratis] (custom)
2019-09-20 20:38:52,821 [pool-47-thread-1] INFO  storage.RaftStorageDirectory (RaftStorageDirectory.java:analyzeStorage(246)) - The storage directory /workdir/hadoop-ozone/integration-test/target/test-dir/MiniOzoneClusterImpl-c887730b-6e6c-4bb9-8bab-4404ac13c8e2/datanode-2/data/ratis/f277a930-69dd-45d1-b605-3473bdc1751f does not exist. Creating ...
2019-09-20 20:38:52,832 [pool-47-thread-1] INFO  storage.RaftStorageDirectory (RaftStorageDirectory.java:tryLock(328)) - Lock on /workdir/hadoop-ozone/integration-test/target/test-dir/MiniOzoneClusterImpl-c887730b-6e6c-4bb9-8bab-4404ac13c8e2/datanode-2/data/ratis/f277a930-69dd-45d1-b605-3473bdc1751f/in_use.lock acquired by nodename 15450@pr-hdds-2158-7hzb2-2382936324
2019-09-20 20:38:52,832 [pool-27-thread-1] INFO  storage.RaftStorageDirectory (RaftStorageDirectory.java:tryLock(328)) - Lock on /workdir/hadoop-ozone/integration-test/target/test-dir/MiniOzoneClusterImpl-c887730b-6e6c-4bb9-8bab-4404ac13c8e2/datanode-0/data/ratis/f277a930-69dd-45d1-b605-3473bdc1751f/in_use.lock acquired by nodename 15450@pr-hdds-2158-7hzb2-2382936324
2019-09-20 20:38:52,832 [pool-57-thread-1] INFO  storage.RaftStorageDirectory (RaftStorageDirectory.java:tryLock(328)) - Lock on /workdir/hadoop-ozone/integration-test/target/test-dir/MiniOzoneClusterImpl-c887730b-6e6c-4bb9-8bab-4404ac13c8e2/datanode-3/data/ratis/f277a930-69dd-45d1-b605-3473bdc1751f/in_use.lock acquired by nodename 15450@pr-hdds-2158-7hzb2-2382936324
2019-09-20 20:38:52,858 [pool-47-thread-1] INFO  storage.RaftStorage (RaftStorage.java:format(72)) - Storage directory /workdir/hadoop-ozone/integration-test/target/test-dir/MiniOzoneClusterImpl-c887730b-6e6c-4bb9-8bab-4404ac13c8e2/datanode-2/data/ratis/f277a930-69dd-45d1-b605-3473bdc1751f has been successfully formatted.
2019-09-20 20:38:52,858 [pool-27-thread-1] INFO  storage.RaftStorage (RaftStorage.java:format(72)) - Storage directory /workdir/hadoop-ozone/integration-test/target/test-dir/MiniOzoneClusterImpl-c887730b-6e6c-4bb9-8bab-4404ac13c8e2/datanode-0/data/ratis/f277a930-69dd-45d1-b605-3473bdc1751f has been successfully formatted.
2019-09-20 20:38:52,858 [pool-57-thread-1] INFO  storage.RaftStorage (RaftStorage.java:format(72)) - Storage directory /workdir/hadoop-ozone/integration-test/target/test-dir/MiniOzoneClusterImpl-c887730b-6e6c-4bb9-8bab-4404ac13c8e2/datanode-3/data/ratis/f277a930-69dd-45d1-b605-3473bdc1751f has been successfully formatted.
2019-09-20 20:38:52,859 [pool-47-thread-1] INFO  ratis.ContainerStateMachine (ContainerStateMachine.java:loadSnapshot(230)) - group-3473BDC1751F: The snapshot info is null. Setting the last applied indexto:(t:0, i:~)
2019-09-20 20:38:52,859 [pool-57-thread-1] INFO  ratis.ContainerStateMachine (ContainerStateMachine.java:loadSnapshot(230)) - group-3473BDC1751F: The snapshot info is null. Setting the last applied indexto:(t:0, i:~)
2019-09-20 20:38:52,859 [pool-27-thread-1] INFO  ratis.ContainerStateMachine (ContainerStateMachine.java:loadSnapshot(230)) - group-3473BDC1751F: The snapshot info is null. Setting the last applied indexto:(t:0, i:~)
2019-09-20 20:38:52,859 [pool-57-thread-1] INFO  server.RaftServerConfigKeys (ConfUtils.java:logGet(43)) - raft.server.notification.no-leader.timeout = 1000s (custom)
2019-09-20 20:38:52,859 [pool-47-thread-1] INFO  server.RaftServerConfigKeys (ConfUtils.java:logGet(43)) - raft.server.notification.no-leader.timeout = 1000s (custom)
2019-09-20 20:38:52,859 [pool-57-thread-1] INFO  server.RaftServerConfigKeys (ConfUtils.java:logGet(43)) - raft.server.log.use.memory = false (default)
2019-09-20 20:38:52,859 [pool-27-thread-1] INFO  server.RaftServerConfigKeys (ConfUtils.java:logGet(43)) - raft.server.notification.no-leader.timeout = 1000s (custom)
2019-09-20 20:38:52,860 [pool-57-thread-1] INFO  server.RaftServerConfigKeys (ConfUtils.java:logGet(43)) - raft.server.log.purge.gap = 1000000 (custom)
2019-09-20 20:38:52,860 [pool-47-thread-1] INFO  server.RaftServerConfigKeys (ConfUtils.java:logGet(43)) - raft.server.log.use.memory = false (default)
2019-09-20 20:38:52,860 [pool-57-thread-1] INFO  server.RaftServerConfigKeys (ConfUtils.java:logGet(43)) - raft.server.log.appender.buffer.byte-limit = 33554432 (custom)
2019-09-20 20:38:52,860 [pool-27-thread-1] INFO  server.RaftServerConfigKeys (ConfUtils.java:logGet(43)) - raft.server.log.use.memory = false (default)
2019-09-20 20:38:52,860 [pool-57-thread-1] INFO  server.RaftServerConfigKeys (ConfUtils.java:logGet(43)) - raft.server.log.segment.size.max = 1048576 (custom)
2019-09-20 20:38:52,860 [pool-47-thread-1] INFO  server.RaftServerConfigKeys (ConfUtils.java:logGet(43)) - raft.server.log.purge.gap = 1000000 (custom)
2019-09-20 20:38:52,860 [pool-57-thread-1] INFO  server.RaftServerConfigKeys (ConfUtils.java:logGet(43)) - raft.server.log.segment.cache.num.max = 2 (custom)
2019-09-20 20:38:52,860 [pool-27-thread-1] INFO  server.RaftServerConfigKeys (ConfUtils.java:logGet(43)) - raft.server.log.purge.gap = 1000000 (custom)
2019-09-20 20:38:52,861 [pool-57-thread-1] INFO  segmented.SegmentedRaftLogWorker (SegmentedRaftLogWorker.java:<init>(172)) - new 8f224f1b-d9dc-4828-9c73-f3cae17f637a@group-3473BDC1751F-SegmentedRaftLogWorker for RaftStorage:Storage Directory /workdir/hadoop-ozone/integration-test/target/test-dir/MiniOzoneClusterImpl-c887730b-6e6c-4bb9-8bab-4404ac13c8e2/datanode-3/data/ratis/f277a930-69dd-45d1-b605-3473bdc1751f
2019-09-20 20:38:52,860 [pool-47-thread-1] INFO  server.RaftServerConfigKeys (ConfUtils.java:logGet(43)) - raft.server.log.appender.buffer.byte-limit = 33554432 (custom)
2019-09-20 20:38:52,861 [pool-57-thread-1] INFO  server.RaftServerConfigKeys (ConfUtils.java:logGet(43)) - raft.server.log.queue.byte-limit = 2147483647 (custom)
2019-09-20 20:38:52,861 [pool-27-thread-1] INFO  server.RaftServerConfigKeys (ConfUtils.java:logGet(43)) - raft.server.log.appender.buffer.byte-limit = 33554432 (custom)
2019-09-20 20:38:52,861 [pool-57-thread-1] INFO  server.RaftServerConfigKeys (ConfUtils.java:logGet(43)) - raft.server.log.queue.element-limit = 1024 (custom)
2019-09-20 20:38:52,861 [pool-47-thread-1] INFO  server.RaftServerConfigKeys (ConfUtils.java:logGet(43)) - raft.server.log.segment.size.max = 1048576 (custom)
2019-09-20 20:38:52,861 [pool-57-thread-1] INFO  server.RaftServerConfigKeys (ConfUtils.java:logGet(43)) - raft.server.log.segment.size.max = 1048576 (custom)
2019-09-20 20:38:52,861 [pool-27-thread-1] INFO  server.RaftServerConfigKeys (ConfUtils.java:logGet(43)) - raft.server.log.segment.size.max = 1048576 (custom)
2019-09-20 20:38:52,861 [pool-57-thread-1] INFO  server.RaftServerConfigKeys (ConfUtils.java:logGet(43)) - raft.server.log.preallocated.size = 16384 (custom)
2019-09-20 20:38:52,861 [pool-47-thread-1] INFO  server.RaftServerConfigKeys (ConfUtils.java:logGet(43)) - raft.server.log.segment.cache.num.max = 2 (custom)
2019-09-20 20:38:52,862 [pool-57-thread-1] INFO  server.RaftServerConfigKeys (ConfUtils.java:logGet(43)) - raft.server.log.write.buffer.size = 33554432 (custom)
2019-09-20 20:38:52,862 [pool-27-thread-1] INFO  server.RaftServerConfigKeys (ConfUtils.java:logGet(43)) - raft.server.log.segment.cache.num.max = 2 (custom)
2019-09-20 20:38:52,862 [pool-57-thread-1] INFO  server.RaftServerConfigKeys (ConfUtils.java:logGet(43)) - raft.server.log.force.sync.num = 128 (default)
2019-09-20 20:38:52,862 [pool-47-thread-1] INFO  segmented.SegmentedRaftLogWorker (SegmentedRaftLogWorker.java:<init>(172)) - new e623342b-5bbf-4d05-bd5a-d794b510d69e@group-3473BDC1751F-SegmentedRaftLogWorker for RaftStorage:Storage Directory /workdir/hadoop-ozone/integration-test/target/test-dir/MiniOzoneClusterImpl-c887730b-6e6c-4bb9-8bab-4404ac13c8e2/datanode-2/data/ratis/f277a930-69dd-45d1-b605-3473bdc1751f
2019-09-20 20:38:52,862 [pool-57-thread-1] INFO  server.RaftServerConfigKeys (ConfUtils.java:logGet(43)) - raft.server.log.statemachine.data.sync = true (default)
2019-09-20 20:38:52,862 [pool-27-thread-1] INFO  segmented.SegmentedRaftLogWorker (SegmentedRaftLogWorker.java:<init>(172)) - new 7ee768e4-b454-4ab3-a6d6-c85a180fbc63@group-3473BDC1751F-SegmentedRaftLogWorker for RaftStorage:Storage Directory /workdir/hadoop-ozone/integration-test/target/test-dir/MiniOzoneClusterImpl-c887730b-6e6c-4bb9-8bab-4404ac13c8e2/datanode-0/data/ratis/f277a930-69dd-45d1-b605-3473bdc1751f
2019-09-20 20:38:52,863 [pool-57-thread-1] INFO  server.RaftServerConfigKeys (ConfUtils.java:logGet(43)) - raft.server.log.statemachine.data.sync.timeout = 10s (default)
2019-09-20 20:38:52,862 [pool-47-thread-1] INFO  server.RaftServerConfigKeys (ConfUtils.java:logGet(43)) - raft.server.log.queue.byte-limit = 2147483647 (custom)
2019-09-20 20:38:52,863 [pool-57-thread-1] INFO  server.RaftServerConfigKeys (ConfUtils.java:logGet(43)) - raft.server.log.statemachine.data.sync.timeout.retry = -1 (default)
2019-09-20 20:38:52,863 [pool-27-thread-1] INFO  server.RaftServerConfigKeys (ConfUtils.java:logGet(43)) - raft.server.log.queue.byte-limit = 2147483647 (custom)
2019-09-20 20:38:52,863 [pool-57-thread-1] INFO  server.RaftServerConfigKeys (ConfUtils.java:logGet(43)) - raft.server.log.statemachine.data.caching.enabled = true (custom)
2019-09-20 20:38:52,863 [pool-47-thread-1] INFO  server.RaftServerConfigKeys (ConfUtils.java:logGet(43)) - raft.server.log.queue.element-limit = 1024 (custom)
2019-09-20 20:38:52,863 [pool-27-thread-1] INFO  server.RaftServerConfigKeys (ConfUtils.java:logGet(43)) - raft.server.log.queue.element-limit = 1024 (custom)
2019-09-20 20:38:52,864 [pool-47-thread-1] INFO  server.RaftServerConfigKeys (ConfUtils.java:logGet(43)) - raft.server.log.segment.size.max = 1048576 (custom)
2019-09-20 20:38:52,864 [pool-57-thread-1] INFO  segmented.SegmentedRaftLogWorker (SegmentedRaftLogWorker.java:lambda$new$0(132)) - 8f224f1b-d9dc-4828-9c73-f3cae17f637a@group-3473BDC1751F-SegmentedRaftLogWorker: flushIndex: setUnconditionally 0 -> -1
2019-09-20 20:38:52,864 [pool-47-thread-1] INFO  server.RaftServerConfigKeys (ConfUtils.java:logGet(43)) - raft.server.log.preallocated.size = 16384 (custom)
2019-09-20 20:38:52,864 [pool-27-thread-1] INFO  server.RaftServerConfigKeys (ConfUtils.java:logGet(43)) - raft.server.log.segment.size.max = 1048576 (custom)
2019-09-20 20:38:52,864 [pool-47-thread-1] INFO  server.RaftServerConfigKeys (ConfUtils.java:logGet(43)) - raft.server.log.write.buffer.size = 33554432 (custom)
2019-09-20 20:38:52,864 [pool-57-thread-1] INFO  server.RaftServerConfigKeys (ConfUtils.java:logGet(43)) - raft.server.snapshot.auto.trigger.enabled = true (custom)
2019-09-20 20:38:52,865 [pool-47-thread-1] INFO  server.RaftServerConfigKeys (ConfUtils.java:logGet(43)) - raft.server.log.force.sync.num = 128 (default)
2019-09-20 20:38:52,864 [pool-27-thread-1] INFO  server.RaftServerConfigKeys (ConfUtils.java:logGet(43)) - raft.server.log.preallocated.size = 16384 (custom)
2019-09-20 20:38:52,865 [pool-47-thread-1] INFO  server.RaftServerConfigKeys (ConfUtils.java:logGet(43)) - raft.server.log.statemachine.data.sync = true (default)
2019-09-20 20:38:52,865 [pool-57-thread-1] INFO  server.RaftServerConfigKeys (ConfUtils.java:logGet(43)) - raft.server.snapshot.auto.trigger.threshold = 10000 (custom)
2019-09-20 20:38:52,865 [pool-47-thread-1] INFO  server.RaftServerConfigKeys (ConfUtils.java:logGet(43)) - raft.server.log.statemachine.data.sync.timeout = 10s (default)
2019-09-20 20:38:52,865 [pool-27-thread-1] INFO  server.RaftServerConfigKeys (ConfUtils.java:logGet(43)) - raft.server.log.write.buffer.size = 33554432 (custom)
2019-09-20 20:38:52,865 [pool-47-thread-1] INFO  server.RaftServerConfigKeys (ConfUtils.java:logGet(43)) - raft.server.log.statemachine.data.sync.timeout.retry = -1 (default)
2019-09-20 20:38:52,865 [pool-57-thread-1] INFO  server.RaftServerConfigKeys (ConfUtils.java:logGet(43)) - raft.server.snapshot.retention.num.files = 5 (custom)
2019-09-20 20:38:52,866 [pool-27-thread-1] INFO  server.RaftServerConfigKeys (ConfUtils.java:logGet(43)) - raft.server.log.force.sync.num = 128 (default)
2019-09-20 20:38:52,866 [pool-57-thread-1] INFO  server.RaftServerConfigKeys (ConfUtils.java:logGet(43)) - raft.server.retrycache.expirytime = 600000ms (custom)
2019-09-20 20:38:52,866 [pool-47-thread-1] INFO  server.RaftServerConfigKeys (ConfUtils.java:logGet(43)) - raft.server.log.statemachine.data.caching.enabled = true (custom)
2019-09-20 20:38:52,866 [pool-27-thread-1] INFO  server.RaftServerConfigKeys (ConfUtils.java:logGet(43)) - raft.server.log.statemachine.data.sync = true (default)
2019-09-20 20:38:52,866 [pool-47-thread-1] INFO  segmented.SegmentedRaftLogWorker (SegmentedRaftLogWorker.java:lambda$new$0(132)) - e623342b-5bbf-4d05-bd5a-d794b510d69e@group-3473BDC1751F-SegmentedRaftLogWorker: flushIndex: setUnconditionally 0 -> -1
2019-09-20 20:38:52,866 [pool-27-thread-1] INFO  server.RaftServerConfigKeys (ConfUtils.java:logGet(43)) - raft.server.log.statemachine.data.sync.timeout = 10s (default)
2019-09-20 20:38:52,867 [pool-47-thread-1] INFO  server.RaftServerConfigKeys (ConfUtils.java:logGet(43)) - raft.server.snapshot.auto.trigger.enabled = true (custom)
2019-09-20 20:38:52,867 [pool-27-thread-1] INFO  server.RaftServerConfigKeys (ConfUtils.java:logGet(43)) - raft.server.log.statemachine.data.sync.timeout.retry = -1 (default)
2019-09-20 20:38:52,867 [pool-47-thread-1] INFO  server.RaftServerConfigKeys (ConfUtils.java:logGet(43)) - raft.server.snapshot.auto.trigger.threshold = 10000 (custom)
2019-09-20 20:38:52,867 [pool-27-thread-1] INFO  server.RaftServerConfigKeys (ConfUtils.java:logGet(43)) - raft.server.log.statemachine.data.caching.enabled = true (custom)
2019-09-20 20:38:52,867 [pool-47-thread-1] INFO  server.RaftServerConfigKeys (ConfUtils.java:logGet(43)) - raft.server.snapshot.retention.num.files = 5 (custom)
2019-09-20 20:38:52,868 [pool-27-thread-1] INFO  segmented.SegmentedRaftLogWorker (SegmentedRaftLogWorker.java:lambda$new$0(132)) - 7ee768e4-b454-4ab3-a6d6-c85a180fbc63@group-3473BDC1751F-SegmentedRaftLogWorker: flushIndex: setUnconditionally 0 -> -1
2019-09-20 20:38:52,868 [pool-47-thread-1] INFO  server.RaftServerConfigKeys (ConfUtils.java:logGet(43)) - raft.server.retrycache.expirytime = 600000ms (custom)
2019-09-20 20:38:52,868 [pool-27-thread-1] INFO  server.RaftServerConfigKeys (ConfUtils.java:logGet(43)) - raft.server.snapshot.auto.trigger.enabled = true (custom)
2019-09-20 20:38:52,868 [pool-27-thread-1] INFO  server.RaftServerConfigKeys (ConfUtils.java:logGet(43)) - raft.server.snapshot.auto.trigger.threshold = 10000 (custom)
2019-09-20 20:38:52,869 [pool-27-thread-1] INFO  server.RaftServerConfigKeys (ConfUtils.java:logGet(43)) - raft.server.snapshot.retention.num.files = 5 (custom)
2019-09-20 20:38:52,869 [pool-27-thread-1] INFO  server.RaftServerConfigKeys (ConfUtils.java:logGet(43)) - raft.server.retrycache.expirytime = 600000ms (custom)
2019-09-20 20:38:52,869 [pool-57-thread-1] INFO  impl.RaftServerImpl (RaftServerImpl.java:start(185)) - 8f224f1b-d9dc-4828-9c73-f3cae17f637a@group-3473BDC1751F: start as a follower, conf=-1: [7ee768e4-b454-4ab3-a6d6-c85a180fbc63:192.168.151.66:38984, 8f224f1b-d9dc-4828-9c73-f3cae17f637a:192.168.151.66:44590, e623342b-5bbf-4d05-bd5a-d794b510d69e:192.168.151.66:32982], old=null
2019-09-20 20:38:52,869 [pool-57-thread-1] INFO  impl.RaftServerImpl (RaftServerImpl.java:setRole(174)) - 8f224f1b-d9dc-4828-9c73-f3cae17f637a@group-3473BDC1751F: changes role from      null to FOLLOWER at term 0 for startAsFollower
2019-09-20 20:38:52,870 [pool-57-thread-1] INFO  impl.RoleInfo (RoleInfo.java:updateAndGet(143)) - 8f224f1b-d9dc-4828-9c73-f3cae17f637a: start FollowerState
2019-09-20 20:38:52,870 [pool-57-thread-1] INFO  util.JmxRegister (JmxRegister.java:tryRegister(44)) - Successfully registered JMX Bean with object name Ratis:service=RaftServer,group=group-3473BDC1751F,id=8f224f1b-d9dc-4828-9c73-f3cae17f637a
2019-09-20 20:38:52,876 [pool-47-thread-1] INFO  impl.RaftServerImpl (RaftServerImpl.java:start(185)) - e623342b-5bbf-4d05-bd5a-d794b510d69e@group-3473BDC1751F: start as a follower, conf=-1: [7ee768e4-b454-4ab3-a6d6-c85a180fbc63:192.168.151.66:38984, 8f224f1b-d9dc-4828-9c73-f3cae17f637a:192.168.151.66:44590, e623342b-5bbf-4d05-bd5a-d794b510d69e:192.168.151.66:32982], old=null
2019-09-20 20:38:52,877 [main] INFO  ozone.MiniOzoneClusterImpl (MiniOzoneClusterImpl.java:lambda$waitForClusterToBeReady$0(145)) - Cluster is ready. Got 4 of 4 DN Heartbeats.
2019-09-20 20:38:52,878 [pool-47-thread-1] INFO  impl.RaftServerImpl (RaftServerImpl.java:setRole(174)) - e623342b-5bbf-4d05-bd5a-d794b510d69e@group-3473BDC1751F: changes role from      null to FOLLOWER at term 0 for startAsFollower
2019-09-20 20:38:52,879 [pool-47-thread-1] INFO  impl.RoleInfo (RoleInfo.java:updateAndGet(143)) - e623342b-5bbf-4d05-bd5a-d794b510d69e: start FollowerState
2019-09-20 20:38:52,880 [pool-47-thread-1] INFO  util.JmxRegister (JmxRegister.java:tryRegister(44)) - Successfully registered JMX Bean with object name Ratis:service=RaftServer,group=group-3473BDC1751F,id=e623342b-5bbf-4d05-bd5a-d794b510d69e
2019-09-20 20:38:52,881 [pool-27-thread-1] INFO  impl.RaftServerImpl (RaftServerImpl.java:start(185)) - 7ee768e4-b454-4ab3-a6d6-c85a180fbc63@group-3473BDC1751F: start as a follower, conf=-1: [7ee768e4-b454-4ab3-a6d6-c85a180fbc63:192.168.151.66:38984, 8f224f1b-d9dc-4828-9c73-f3cae17f637a:192.168.151.66:44590, e623342b-5bbf-4d05-bd5a-d794b510d69e:192.168.151.66:32982], old=null
2019-09-20 20:38:52,881 [pool-27-thread-1] INFO  impl.RaftServerImpl (RaftServerImpl.java:setRole(174)) - 7ee768e4-b454-4ab3-a6d6-c85a180fbc63@group-3473BDC1751F: changes role from      null to FOLLOWER at term 0 for startAsFollower
2019-09-20 20:38:52,881 [pool-27-thread-1] INFO  impl.RoleInfo (RoleInfo.java:updateAndGet(143)) - 7ee768e4-b454-4ab3-a6d6-c85a180fbc63: start FollowerState
2019-09-20 20:38:52,883 [pool-27-thread-1] INFO  util.JmxRegister (JmxRegister.java:tryRegister(44)) - Successfully registered JMX Bean with object name Ratis:service=RaftServer,group=group-3473BDC1751F,id=7ee768e4-b454-4ab3-a6d6-c85a180fbc63
2019-09-20 20:38:52,883 [main] INFO  container.ReplicationManager (ReplicationManager.java:start(162)) - Starting Replication Monitor Thread.
2019-09-20 20:38:52,887 [ReplicationMonitor] INFO  container.ReplicationManager (ReplicationManager.java:run(225)) - Replication Monitor Thread took 3 milliseconds for processing 0 containers.
2019-09-20 20:38:52,898 [RatisPipelineUtilsThread] INFO  pipeline.PipelineStateManager (PipelineStateManager.java:addPipeline(56)) - Created pipeline Pipeline[ Id: f277a930-69dd-45d1-b605-3473bdc1751f, Nodes: 8f224f1b-d9dc-4828-9c73-f3cae17f637a{ip: 192.168.151.66, host: pr-hdds-2158-7hzb2-2382936324, networkLocation: /default-rack, certSerialId: null}e623342b-5bbf-4d05-bd5a-d794b510d69e{ip: 192.168.151.66, host: pr-hdds-2158-7hzb2-2382936324, networkLocation: /default-rack, certSerialId: null}7ee768e4-b454-4ab3-a6d6-c85a180fbc63{ip: 192.168.151.66, host: pr-hdds-2158-7hzb2-2382936324, networkLocation: /default-rack, certSerialId: null}, Type:RATIS, Factor:THREE, State:OPEN]
2019-09-20 20:38:53,372 [main] INFO  rpc.RpcClient (RpcClient.java:createVolume(303)) - Creating Volume: testcontainerstatemachinefailures, with jenkins1000 as owner.
2019-09-20 20:38:53,468 [IPC Server handler 0 on 36027] INFO  volume.OMVolumeCreateRequest (OMVolumeCreateRequest.java:validateAndUpdateCache(189)) - created volume:testcontainerstatemachinefailures for user:jenkins1000
2019-09-20 20:38:53,496 [main] INFO  rpc.RpcClient (RpcClient.java:createBucket(442)) - Creating Bucket: testcontainerstatemachinefailures/testcontainerstatemachinefailures, with Versioning false and Storage Type set to DISK and Encryption set to false 
2019-09-20 20:38:53,886 [EventQueue-StaleNodeForStaleNodeHandler] INFO  node.StaleNodeHandler (StaleNodeHandler.java:onMessage(58)) - Datanode 8f224f1b-d9dc-4828-9c73-f3cae17f637a{ip: 192.168.151.66, host: pr-hdds-2158-7hzb2-2382936324, networkLocation: /default-rack, certSerialId: null} moved to stale state. Finalizing its pipelines [PipelineID=f277a930-69dd-45d1-b605-3473bdc1751f, PipelineID=235e5373-568d-4ce5-af6b-4bc6cf39152f]
2019-09-20 20:38:53,886 [EventQueue-StaleNodeForStaleNodeHandler] INFO  pipeline.SCMPipelineManager (SCMPipelineManager.java:finalizeAndDestroyPipeline(311)) - destroying pipeline:Pipeline[ Id: f277a930-69dd-45d1-b605-3473bdc1751f, Nodes: 8f224f1b-d9dc-4828-9c73-f3cae17f637a{ip: 192.168.151.66, host: pr-hdds-2158-7hzb2-2382936324, networkLocation: /default-rack, certSerialId: null}e623342b-5bbf-4d05-bd5a-d794b510d69e{ip: 192.168.151.66, host: pr-hdds-2158-7hzb2-2382936324, networkLocation: /default-rack, certSerialId: null}7ee768e4-b454-4ab3-a6d6-c85a180fbc63{ip: 192.168.151.66, host: pr-hdds-2158-7hzb2-2382936324, networkLocation: /default-rack, certSerialId: null}, Type:RATIS, Factor:THREE, State:OPEN]
2019-09-20 20:38:53,891 [EventQueue-StaleNodeForStaleNodeHandler] INFO  pipeline.PipelineStateManager (PipelineStateManager.java:finalizePipeline(123)) - Pipeline Pipeline[ Id: f277a930-69dd-45d1-b605-3473bdc1751f, Nodes: 8f224f1b-d9dc-4828-9c73-f3cae17f637a{ip: 192.168.151.66, host: pr-hdds-2158-7hzb2-2382936324, networkLocation: /default-rack, certSerialId: null}e623342b-5bbf-4d05-bd5a-d794b510d69e{ip: 192.168.151.66, host: pr-hdds-2158-7hzb2-2382936324, networkLocation: /default-rack, certSerialId: null}7ee768e4-b454-4ab3-a6d6-c85a180fbc63{ip: 192.168.151.66, host: pr-hdds-2158-7hzb2-2382936324, networkLocation: /default-rack, certSerialId: null}, Type:RATIS, Factor:THREE, State:CLOSED] moved to CLOSED state
2019-09-20 20:38:53,903 [EventQueue-CloseContainerForCloseContainerEventHandler] INFO  container.CloseContainerEventHandler (CloseContainerEventHandler.java:onMessage(61)) - Close container Event triggered for container : #1
2019-09-20 20:38:53,921 [EventQueue-StaleNodeForStaleNodeHandler] INFO  pipeline.SCMPipelineManager (SCMPipelineManager.java:finalizeAndDestroyPipeline(311)) - destroying pipeline:Pipeline[ Id: 235e5373-568d-4ce5-af6b-4bc6cf39152f, Nodes: 8f224f1b-d9dc-4828-9c73-f3cae17f637a{ip: 192.168.151.66, host: pr-hdds-2158-7hzb2-2382936324, networkLocation: /default-rack, certSerialId: null}, Type:RATIS, Factor:ONE, State:OPEN]
2019-09-20 20:38:53,926 [EventQueue-StaleNodeForStaleNodeHandler] INFO  pipeline.PipelineStateManager (PipelineStateManager.java:finalizePipeline(123)) - Pipeline Pipeline[ Id: 235e5373-568d-4ce5-af6b-4bc6cf39152f, Nodes: 8f224f1b-d9dc-4828-9c73-f3cae17f637a{ip: 192.168.151.66, host: pr-hdds-2158-7hzb2-2382936324, networkLocation: /default-rack, certSerialId: null}, Type:RATIS, Factor:ONE, State:CLOSED] moved to CLOSED state
2019-09-20 20:38:53,926 [EventQueue-StaleNodeForStaleNodeHandler] INFO  node.StaleNodeHandler (StaleNodeHandler.java:onMessage(58)) - Datanode e623342b-5bbf-4d05-bd5a-d794b510d69e{ip: 192.168.151.66, host: pr-hdds-2158-7hzb2-2382936324, networkLocation: /default-rack, certSerialId: null} moved to stale state. Finalizing its pipelines [PipelineID=f277a930-69dd-45d1-b605-3473bdc1751f, PipelineID=c7130370-5dda-438a-95fc-574bf3a992b6]
2019-09-20 20:38:53,926 [EventQueue-StaleNodeForStaleNodeHandler] INFO  pipeline.SCMPipelineManager (SCMPipelineManager.java:finalizeAndDestroyPipeline(311)) - destroying pipeline:Pipeline[ Id: f277a930-69dd-45d1-b605-3473bdc1751f, Nodes: 8f224f1b-d9dc-4828-9c73-f3cae17f637a{ip: 192.168.151.66, host: pr-hdds-2158-7hzb2-2382936324, networkLocation: /default-rack, certSerialId: null}e623342b-5bbf-4d05-bd5a-d794b510d69e{ip: 192.168.151.66, host: pr-hdds-2158-7hzb2-2382936324, networkLocation: /default-rack, certSerialId: null}7ee768e4-b454-4ab3-a6d6-c85a180fbc63{ip: 192.168.151.66, host: pr-hdds-2158-7hzb2-2382936324, networkLocation: /default-rack, certSerialId: null}, Type:RATIS, Factor:THREE, State:CLOSED]
2019-09-20 20:38:53,926 [EventQueue-StaleNodeForStaleNodeHandler] INFO  pipeline.SCMPipelineManager (SCMPipelineManager.java:finalizeAndDestroyPipeline(311)) - destroying pipeline:Pipeline[ Id: c7130370-5dda-438a-95fc-574bf3a992b6, Nodes: e623342b-5bbf-4d05-bd5a-d794b510d69e{ip: 192.168.151.66, host: pr-hdds-2158-7hzb2-2382936324, networkLocation: /default-rack, certSerialId: null}, Type:RATIS, Factor:ONE, State:OPEN]
2019-09-20 20:38:53,926 [EventQueue-StaleNodeForStaleNodeHandler] INFO  pipeline.PipelineStateManager (PipelineStateManager.java:finalizePipeline(123)) - Pipeline Pipeline[ Id: c7130370-5dda-438a-95fc-574bf3a992b6, Nodes: e623342b-5bbf-4d05-bd5a-d794b510d69e{ip: 192.168.151.66, host: pr-hdds-2158-7hzb2-2382936324, networkLocation: /default-rack, certSerialId: null}, Type:RATIS, Factor:ONE, State:CLOSED] moved to CLOSED state
2019-09-20 20:38:53,927 [EventQueue-StaleNodeForStaleNodeHandler] INFO  node.StaleNodeHandler (StaleNodeHandler.java:onMessage(58)) - Datanode 7ee768e4-b454-4ab3-a6d6-c85a180fbc63{ip: 192.168.151.66, host: pr-hdds-2158-7hzb2-2382936324, networkLocation: /default-rack, certSerialId: null} moved to stale state. Finalizing its pipelines [PipelineID=f277a930-69dd-45d1-b605-3473bdc1751f, PipelineID=909d78ea-bc18-4223-9be7-8312d1c244a7]
2019-09-20 20:38:53,927 [EventQueue-StaleNodeForStaleNodeHandler] INFO  pipeline.SCMPipelineManager (SCMPipelineManager.java:finalizeAndDestroyPipeline(311)) - destroying pipeline:Pipeline[ Id: f277a930-69dd-45d1-b605-3473bdc1751f, Nodes: 8f224f1b-d9dc-4828-9c73-f3cae17f637a{ip: 192.168.151.66, host: pr-hdds-2158-7hzb2-2382936324, networkLocation: /default-rack, certSerialId: null}e623342b-5bbf-4d05-bd5a-d794b510d69e{ip: 192.168.151.66, host: pr-hdds-2158-7hzb2-2382936324, networkLocation: /default-rack, certSerialId: null}7ee768e4-b454-4ab3-a6d6-c85a180fbc63{ip: 192.168.151.66, host: pr-hdds-2158-7hzb2-2382936324, networkLocation: /default-rack, certSerialId: null}, Type:RATIS, Factor:THREE, State:CLOSED]
2019-09-20 20:38:53,927 [EventQueue-StaleNodeForStaleNodeHandler] INFO  pipeline.SCMPipelineManager (SCMPipelineManager.java:finalizeAndDestroyPipeline(311)) - destroying pipeline:Pipeline[ Id: 909d78ea-bc18-4223-9be7-8312d1c244a7, Nodes: 7ee768e4-b454-4ab3-a6d6-c85a180fbc63{ip: 192.168.151.66, host: pr-hdds-2158-7hzb2-2382936324, networkLocation: /default-rack, certSerialId: null}, Type:RATIS, Factor:ONE, State:OPEN]
2019-09-20 20:38:53,927 [EventQueue-StaleNodeForStaleNodeHandler] INFO  pipeline.PipelineStateManager (PipelineStateManager.java:finalizePipeline(123)) - Pipeline Pipeline[ Id: 909d78ea-bc18-4223-9be7-8312d1c244a7, Nodes: 7ee768e4-b454-4ab3-a6d6-c85a180fbc63{ip: 192.168.151.66, host: pr-hdds-2158-7hzb2-2382936324, networkLocation: /default-rack, certSerialId: null}, Type:RATIS, Factor:ONE, State:CLOSED] moved to CLOSED state
2019-09-20 20:38:53,928 [EventQueue-StaleNodeForStaleNodeHandler] INFO  node.StaleNodeHandler (StaleNodeHandler.java:onMessage(58)) - Datanode 61b22c1f-636f-4a11-b485-b0b1337f1d95{ip: 192.168.151.66, host: pr-hdds-2158-7hzb2-2382936324, networkLocation: /default-rack, certSerialId: null} moved to stale state. Finalizing its pipelines [PipelineID=914421e6-5a6d-4f08-8c98-a82e7f7ac167]
2019-09-20 20:38:53,928 [EventQueue-StaleNodeForStaleNodeHandler] INFO  pipeline.SCMPipelineManager (SCMPipelineManager.java:finalizeAndDestroyPipeline(311)) - destroying pipeline:Pipeline[ Id: 914421e6-5a6d-4f08-8c98-a82e7f7ac167, Nodes: 61b22c1f-636f-4a11-b485-b0b1337f1d95{ip: 192.168.151.66, host: pr-hdds-2158-7hzb2-2382936324, networkLocation: /default-rack, certSerialId: null}, Type:RATIS, Factor:ONE, State:OPEN]
2019-09-20 20:38:53,928 [EventQueue-StaleNodeForStaleNodeHandler] INFO  pipeline.PipelineStateManager (PipelineStateManager.java:finalizePipeline(123)) - Pipeline Pipeline[ Id: 914421e6-5a6d-4f08-8c98-a82e7f7ac167, Nodes: 61b22c1f-636f-4a11-b485-b0b1337f1d95{ip: 192.168.151.66, host: pr-hdds-2158-7hzb2-2382936324, networkLocation: /default-rack, certSerialId: null}, Type:RATIS, Factor:ONE, State:CLOSED] moved to CLOSED state
2019-09-20 20:38:53,995 [main] INFO  impl.MetricsSystemImpl (MetricsSystemImpl.java:init(158)) - XceiverClientMetrics metrics system started (again)
2019-09-20 20:38:53,998 [grpc-default-executor-1] INFO  impl.RaftServerProxy (RaftServerProxy.java:addNew(89)) - 8f224f1b-d9dc-4828-9c73-f3cae17f637a: addNew group-E0539F3F472A:[8f224f1b-d9dc-4828-9c73-f3cae17f637a:192.168.151.66:44590] returns group-E0539F3F472A:java.util.concurrent.CompletableFuture@6d45a15d[Not completed]
2019-09-20 20:38:53,999 [pool-57-thread-1] INFO  impl.RaftServerImpl (RaftServerImpl.java:<init>(95)) - 8f224f1b-d9dc-4828-9c73-f3cae17f637a: new RaftServerImpl for group-E0539F3F472A:[8f224f1b-d9dc-4828-9c73-f3cae17f637a:192.168.151.66:44590] with ContainerStateMachine:uninitialized
2019-09-20 20:38:53,999 [pool-57-thread-1] INFO  server.RaftServerConfigKeys (ConfUtils.java:logGet(43)) - raft.server.rpc.timeout.min = 5s (custom)
2019-09-20 20:38:54,000 [pool-57-thread-1] INFO  server.RaftServerConfigKeys (ConfUtils.java:logGet(43)) - raft.server.rpc.timeout.max = 5200ms (custom)
2019-09-20 20:38:54,000 [pool-57-thread-1] INFO  server.RaftServerConfigKeys (ConfUtils.java:logGet(43)) - raft.server.rpcslowness.timeout = 1000s (custom)
2019-09-20 20:38:54,000 [pool-57-thread-1] INFO  server.RaftServerConfigKeys (ConfUtils.java:logGet(43)) - raft.server.sleep.deviation.threshold = 300 (default)
2019-09-20 20:38:54,000 [pool-57-thread-1] INFO  server.RaftServerConfigKeys (ConfUtils.java:logGet(43)) - raft.server.log.appender.install.snapshot.enabled = false (custom)
2019-09-20 20:38:54,000 [pool-57-thread-1] INFO  impl.RaftServerImpl (ServerState.java:<init>(103)) - 8f224f1b-d9dc-4828-9c73-f3cae17f637a@group-E0539F3F472A: ConfigurationManager, init=-1: [8f224f1b-d9dc-4828-9c73-f3cae17f637a:192.168.151.66:44590], old=null, confs=<EMPTY_MAP>
2019-09-20 20:38:54,000 [pool-57-thread-1] INFO  server.RaftServerConfigKeys (ConfUtils.java:logGet(43)) - raft.server.storage.dir = [/workdir/hadoop-ozone/integration-test/target/test-dir/MiniOzoneClusterImpl-c887730b-6e6c-4bb9-8bab-4404ac13c8e2/datanode-3/data/ratis] (custom)
2019-09-20 20:38:54,001 [pool-57-thread-1] INFO  storage.RaftStorageDirectory (RaftStorageDirectory.java:analyzeStorage(246)) - The storage directory /workdir/hadoop-ozone/integration-test/target/test-dir/MiniOzoneClusterImpl-c887730b-6e6c-4bb9-8bab-4404ac13c8e2/datanode-3/data/ratis/f0bac8ad-2047-47d8-aa9a-e0539f3f472a does not exist. Creating ...
2019-09-20 20:38:54,013 [pool-57-thread-1] INFO  storage.RaftStorageDirectory (RaftStorageDirectory.java:tryLock(328)) - Lock on /workdir/hadoop-ozone/integration-test/target/test-dir/MiniOzoneClusterImpl-c887730b-6e6c-4bb9-8bab-4404ac13c8e2/datanode-3/data/ratis/f0bac8ad-2047-47d8-aa9a-e0539f3f472a/in_use.lock acquired by nodename 15450@pr-hdds-2158-7hzb2-2382936324
2019-09-20 20:38:54,026 [pool-57-thread-1] INFO  storage.RaftStorage (RaftStorage.java:format(72)) - Storage directory /workdir/hadoop-ozone/integration-test/target/test-dir/MiniOzoneClusterImpl-c887730b-6e6c-4bb9-8bab-4404ac13c8e2/datanode-3/data/ratis/f0bac8ad-2047-47d8-aa9a-e0539f3f472a has been successfully formatted.
2019-09-20 20:38:54,026 [pool-57-thread-1] INFO  ratis.ContainerStateMachine (ContainerStateMachine.java:loadSnapshot(230)) - group-E0539F3F472A: The snapshot info is null. Setting the last applied indexto:(t:0, i:~)
2019-09-20 20:38:54,026 [pool-57-thread-1] INFO  server.RaftServerConfigKeys (ConfUtils.java:logGet(43)) - raft.server.notification.no-leader.timeout = 1000s (custom)
2019-09-20 20:38:54,026 [pool-57-thread-1] INFO  server.RaftServerConfigKeys (ConfUtils.java:logGet(43)) - raft.server.log.use.memory = false (default)
2019-09-20 20:38:54,026 [pool-57-thread-1] INFO  server.RaftServerConfigKeys (ConfUtils.java:logGet(43)) - raft.server.log.purge.gap = 1000000 (custom)
2019-09-20 20:38:54,027 [pool-57-thread-1] INFO  server.RaftServerConfigKeys (ConfUtils.java:logGet(43)) - raft.server.log.appender.buffer.byte-limit = 33554432 (custom)
2019-09-20 20:38:54,027 [pool-57-thread-1] INFO  server.RaftServerConfigKeys (ConfUtils.java:logGet(43)) - raft.server.log.segment.size.max = 1048576 (custom)
2019-09-20 20:38:54,027 [pool-57-thread-1] INFO  server.RaftServerConfigKeys (ConfUtils.java:logGet(43)) - raft.server.log.segment.cache.num.max = 2 (custom)
2019-09-20 20:38:54,027 [pool-57-thread-1] INFO  segmented.SegmentedRaftLogWorker (SegmentedRaftLogWorker.java:<init>(172)) - new 8f224f1b-d9dc-4828-9c73-f3cae17f637a@group-E0539F3F472A-SegmentedRaftLogWorker for RaftStorage:Storage Directory /workdir/hadoop-ozone/integration-test/target/test-dir/MiniOzoneClusterImpl-c887730b-6e6c-4bb9-8bab-4404ac13c8e2/datanode-3/data/ratis/f0bac8ad-2047-47d8-aa9a-e0539f3f472a
2019-09-20 20:38:54,027 [pool-57-thread-1] INFO  server.RaftServerConfigKeys (ConfUtils.java:logGet(43)) - raft.server.log.queue.byte-limit = 2147483647 (custom)
2019-09-20 20:38:54,027 [pool-57-thread-1] INFO  server.RaftServerConfigKeys (ConfUtils.java:logGet(43)) - raft.server.log.queue.element-limit = 1024 (custom)
2019-09-20 20:38:54,027 [pool-57-thread-1] INFO  server.RaftServerConfigKeys (ConfUtils.java:logGet(43)) - raft.server.log.segment.size.max = 1048576 (custom)
2019-09-20 20:38:54,027 [pool-57-thread-1] INFO  server.RaftServerConfigKeys (ConfUtils.java:logGet(43)) - raft.server.log.preallocated.size = 16384 (custom)
2019-09-20 20:38:54,028 [pool-57-thread-1] INFO  server.RaftServerConfigKeys (ConfUtils.java:logGet(43)) - raft.server.log.write.buffer.size = 33554432 (custom)
2019-09-20 20:38:54,028 [pool-57-thread-1] INFO  server.RaftServerConfigKeys (ConfUtils.java:logGet(43)) - raft.server.log.force.sync.num = 128 (default)
2019-09-20 20:38:54,028 [pool-57-thread-1] INFO  server.RaftServerConfigKeys (ConfUtils.java:logGet(43)) - raft.server.log.statemachine.data.sync = true (default)
2019-09-20 20:38:54,028 [pool-57-thread-1] INFO  server.RaftServerConfigKeys (ConfUtils.java:logGet(43)) - raft.server.log.statemachine.data.sync.timeout = 10s (default)
2019-09-20 20:38:54,028 [pool-57-thread-1] INFO  server.RaftServerConfigKeys (ConfUtils.java:logGet(43)) - raft.server.log.statemachine.data.sync.timeout.retry = -1 (default)
2019-09-20 20:38:54,028 [pool-57-thread-1] INFO  server.RaftServerConfigKeys (ConfUtils.java:logGet(43)) - raft.server.log.statemachine.data.caching.enabled = true (custom)
2019-09-20 20:38:54,028 [pool-57-thread-1] INFO  segmented.SegmentedRaftLogWorker (SegmentedRaftLogWorker.java:lambda$new$0(132)) - 8f224f1b-d9dc-4828-9c73-f3cae17f637a@group-E0539F3F472A-SegmentedRaftLogWorker: flushIndex: setUnconditionally 0 -> -1
2019-09-20 20:38:54,029 [pool-57-thread-1] INFO  server.RaftServerConfigKeys (ConfUtils.java:logGet(43)) - raft.server.snapshot.auto.trigger.enabled = true (custom)
2019-09-20 20:38:54,029 [pool-57-thread-1] INFO  server.RaftServerConfigKeys (ConfUtils.java:logGet(43)) - raft.server.snapshot.auto.trigger.threshold = 10000 (custom)
2019-09-20 20:38:54,029 [pool-57-thread-1] INFO  server.RaftServerConfigKeys (ConfUtils.java:logGet(43)) - raft.server.snapshot.retention.num.files = 5 (custom)
2019-09-20 20:38:54,029 [pool-57-thread-1] INFO  server.RaftServerConfigKeys (ConfUtils.java:logGet(43)) - raft.server.retrycache.expirytime = 600000ms (custom)
2019-09-20 20:38:54,032 [pool-57-thread-1] INFO  impl.RaftServerImpl (RaftServerImpl.java:start(185)) - 8f224f1b-d9dc-4828-9c73-f3cae17f637a@group-E0539F3F472A: start as a follower, conf=-1: [8f224f1b-d9dc-4828-9c73-f3cae17f637a:192.168.151.66:44590], old=null
2019-09-20 20:38:54,032 [pool-57-thread-1] INFO  impl.RaftServerImpl (RaftServerImpl.java:setRole(174)) - 8f224f1b-d9dc-4828-9c73-f3cae17f637a@group-E0539F3F472A: changes role from      null to FOLLOWER at term 0 for startAsFollower
2019-09-20 20:38:54,032 [pool-57-thread-1] INFO  impl.RoleInfo (RoleInfo.java:updateAndGet(143)) - 8f224f1b-d9dc-4828-9c73-f3cae17f637a: start FollowerState
2019-09-20 20:38:54,032 [pool-57-thread-1] INFO  util.JmxRegister (JmxRegister.java:tryRegister(44)) - Successfully registered JMX Bean with object name Ratis:service=RaftServer,group=group-E0539F3F472A,id=8f224f1b-d9dc-4828-9c73-f3cae17f637a
2019-09-20 20:38:54,040 [RatisPipelineUtilsThread] INFO  pipeline.PipelineStateManager (PipelineStateManager.java:addPipeline(56)) - Created pipeline Pipeline[ Id: f0bac8ad-2047-47d8-aa9a-e0539f3f472a, Nodes: 8f224f1b-d9dc-4828-9c73-f3cae17f637a{ip: 192.168.151.66, host: pr-hdds-2158-7hzb2-2382936324, networkLocation: /default-rack, certSerialId: null}, Type:RATIS, Factor:ONE, State:OPEN]
2019-09-20 20:38:54,051 [grpc-default-executor-1] INFO  impl.RaftServerProxy (RaftServerProxy.java:addNew(89)) - e623342b-5bbf-4d05-bd5a-d794b510d69e: addNew group-D77B8F4CAE92:[e623342b-5bbf-4d05-bd5a-d794b510d69e:192.168.151.66:32982] returns group-D77B8F4CAE92:java.util.concurrent.CompletableFuture@3cfc2612[Not completed]
2019-09-20 20:38:54,053 [pool-47-thread-1] INFO  impl.RaftServerImpl (RaftServerImpl.java:<init>(95)) - e623342b-5bbf-4d05-bd5a-d794b510d69e: new RaftServerImpl for group-D77B8F4CAE92:[e623342b-5bbf-4d05-bd5a-d794b510d69e:192.168.151.66:32982] with ContainerStateMachine:uninitialized
2019-09-20 20:38:54,053 [pool-47-thread-1] INFO  server.RaftServerConfigKeys (ConfUtils.java:logGet(43)) - raft.server.rpc.timeout.min = 5s (custom)
2019-09-20 20:38:54,053 [pool-47-thread-1] INFO  server.RaftServerConfigKeys (ConfUtils.java:logGet(43)) - raft.server.rpc.timeout.max = 5200ms (custom)
2019-09-20 20:38:54,053 [pool-47-thread-1] INFO  server.RaftServerConfigKeys (ConfUtils.java:logGet(43)) - raft.server.rpcslowness.timeout = 1000s (custom)
2019-09-20 20:38:54,053 [pool-47-thread-1] INFO  server.RaftServerConfigKeys (ConfUtils.java:logGet(43)) - raft.server.sleep.deviation.threshold = 300 (default)
2019-09-20 20:38:54,053 [pool-47-thread-1] INFO  server.RaftServerConfigKeys (ConfUtils.java:logGet(43)) - raft.server.log.appender.install.snapshot.enabled = false (custom)
2019-09-20 20:38:54,053 [pool-47-thread-1] INFO  impl.RaftServerImpl (ServerState.java:<init>(103)) - e623342b-5bbf-4d05-bd5a-d794b510d69e@group-D77B8F4CAE92: ConfigurationManager, init=-1: [e623342b-5bbf-4d05-bd5a-d794b510d69e:192.168.151.66:32982], old=null, confs=<EMPTY_MAP>
2019-09-20 20:38:54,053 [pool-47-thread-1] INFO  server.RaftServerConfigKeys (ConfUtils.java:logGet(43)) - raft.server.storage.dir = [/workdir/hadoop-ozone/integration-test/target/test-dir/MiniOzoneClusterImpl-c887730b-6e6c-4bb9-8bab-4404ac13c8e2/datanode-2/data/ratis] (custom)
2019-09-20 20:38:54,054 [pool-47-thread-1] INFO  storage.RaftStorageDirectory (RaftStorageDirectory.java:analyzeStorage(246)) - The storage directory /workdir/hadoop-ozone/integration-test/target/test-dir/MiniOzoneClusterImpl-c887730b-6e6c-4bb9-8bab-4404ac13c8e2/datanode-2/data/ratis/c32d95b4-4876-48d2-a5f4-d77b8f4cae92 does not exist. Creating ...
2019-09-20 20:38:54,066 [pool-47-thread-1] INFO  storage.RaftStorageDirectory (RaftStorageDirectory.java:tryLock(328)) - Lock on /workdir/hadoop-ozone/integration-test/target/test-dir/MiniOzoneClusterImpl-c887730b-6e6c-4bb9-8bab-4404ac13c8e2/datanode-2/data/ratis/c32d95b4-4876-48d2-a5f4-d77b8f4cae92/in_use.lock acquired by nodename 15450@pr-hdds-2158-7hzb2-2382936324
2019-09-20 20:38:54,080 [pool-47-thread-1] INFO  storage.RaftStorage (RaftStorage.java:format(72)) - Storage directory /workdir/hadoop-ozone/integration-test/target/test-dir/MiniOzoneClusterImpl-c887730b-6e6c-4bb9-8bab-4404ac13c8e2/datanode-2/data/ratis/c32d95b4-4876-48d2-a5f4-d77b8f4cae92 has been successfully formatted.
2019-09-20 20:38:54,080 [pool-47-thread-1] INFO  ratis.ContainerStateMachine (ContainerStateMachine.java:loadSnapshot(230)) - group-D77B8F4CAE92: The snapshot info is null. Setting the last applied indexto:(t:0, i:~)
2019-09-20 20:38:54,080 [pool-47-thread-1] INFO  server.RaftServerConfigKeys (ConfUtils.java:logGet(43)) - raft.server.notification.no-leader.timeout = 1000s (custom)
2019-09-20 20:38:54,081 [pool-47-thread-1] INFO  server.RaftServerConfigKeys (ConfUtils.java:logGet(43)) - raft.server.log.use.memory = false (default)
2019-09-20 20:38:54,082 [pool-47-thread-1] INFO  server.RaftServerConfigKeys (ConfUtils.java:logGet(43)) - raft.server.log.purge.gap = 1000000 (custom)
2019-09-20 20:38:54,084 [pool-47-thread-1] INFO  server.RaftServerConfigKeys (ConfUtils.java:logGet(43)) - raft.server.log.appender.buffer.byte-limit = 33554432 (custom)
2019-09-20 20:38:54,084 [pool-47-thread-1] INFO  server.RaftServerConfigKeys (ConfUtils.java:logGet(43)) - raft.server.log.segment.size.max = 1048576 (custom)
2019-09-20 20:38:54,085 [pool-47-thread-1] INFO  server.RaftServerConfigKeys (ConfUtils.java:logGet(43)) - raft.server.log.segment.cache.num.max = 2 (custom)
2019-09-20 20:38:54,086 [pool-47-thread-1] INFO  segmented.SegmentedRaftLogWorker (SegmentedRaftLogWorker.java:<init>(172)) - new e623342b-5bbf-4d05-bd5a-d794b510d69e@group-D77B8F4CAE92-SegmentedRaftLogWorker for RaftStorage:Storage Directory /workdir/hadoop-ozone/integration-test/target/test-dir/MiniOzoneClusterImpl-c887730b-6e6c-4bb9-8bab-4404ac13c8e2/datanode-2/data/ratis/c32d95b4-4876-48d2-a5f4-d77b8f4cae92
2019-09-20 20:38:54,088 [pool-47-thread-1] INFO  server.RaftServerConfigKeys (ConfUtils.java:logGet(43)) - raft.server.log.queue.byte-limit = 2147483647 (custom)
2019-09-20 20:38:54,088 [pool-47-thread-1] INFO  server.RaftServerConfigKeys (ConfUtils.java:logGet(43)) - raft.server.log.queue.element-limit = 1024 (custom)
2019-09-20 20:38:54,088 [pool-47-thread-1] INFO  server.RaftServerConfigKeys (ConfUtils.java:logGet(43)) - raft.server.log.segment.size.max = 1048576 (custom)
2019-09-20 20:38:54,088 [pool-47-thread-1] INFO  server.RaftServerConfigKeys (ConfUtils.java:logGet(43)) - raft.server.log.preallocated.size = 16384 (custom)
2019-09-20 20:38:54,088 [pool-47-thread-1] INFO  server.RaftServerConfigKeys (ConfUtils.java:logGet(43)) - raft.server.log.write.buffer.size = 33554432 (custom)
2019-09-20 20:38:54,088 [pool-47-thread-1] INFO  server.RaftServerConfigKeys (ConfUtils.java:logGet(43)) - raft.server.log.force.sync.num = 128 (default)
2019-09-20 20:38:54,089 [pool-47-thread-1] INFO  server.RaftServerConfigKeys (ConfUtils.java:logGet(43)) - raft.server.log.statemachine.data.sync = true (default)
2019-09-20 20:38:54,089 [pool-47-thread-1] INFO  server.RaftServerConfigKeys (ConfUtils.java:logGet(43)) - raft.server.log.statemachine.data.sync.timeout = 10s (default)
2019-09-20 20:38:54,089 [pool-47-thread-1] INFO  server.RaftServerConfigKeys (ConfUtils.java:logGet(43)) - raft.server.log.statemachine.data.sync.timeout.retry = -1 (default)
2019-09-20 20:38:54,089 [pool-47-thread-1] INFO  server.RaftServerConfigKeys (ConfUtils.java:logGet(43)) - raft.server.log.statemachine.data.caching.enabled = true (custom)
2019-09-20 20:38:54,089 [pool-47-thread-1] INFO  segmented.SegmentedRaftLogWorker (SegmentedRaftLogWorker.java:lambda$new$0(132)) - e623342b-5bbf-4d05-bd5a-d794b510d69e@group-D77B8F4CAE92-SegmentedRaftLogWorker: flushIndex: setUnconditionally 0 -> -1
2019-09-20 20:38:54,089 [pool-47-thread-1] INFO  server.RaftServerConfigKeys (ConfUtils.java:logGet(43)) - raft.server.snapshot.auto.trigger.enabled = true (custom)
2019-09-20 20:38:54,090 [pool-47-thread-1] INFO  server.RaftServerConfigKeys (ConfUtils.java:logGet(43)) - raft.server.snapshot.auto.trigger.threshold = 10000 (custom)
2019-09-20 20:38:54,090 [pool-47-thread-1] INFO  server.RaftServerConfigKeys (ConfUtils.java:logGet(43)) - raft.server.snapshot.retention.num.files = 5 (custom)
2019-09-20 20:38:54,090 [pool-47-thread-1] INFO  server.RaftServerConfigKeys (ConfUtils.java:logGet(43)) - raft.server.retrycache.expirytime = 600000ms (custom)
2019-09-20 20:38:54,092 [pool-47-thread-1] INFO  impl.RaftServerImpl (RaftServerImpl.java:start(185)) - e623342b-5bbf-4d05-bd5a-d794b510d69e@group-D77B8F4CAE92: start as a follower, conf=-1: [e623342b-5bbf-4d05-bd5a-d794b510d69e:192.168.151.66:32982], old=null
2019-09-20 20:38:54,092 [pool-47-thread-1] INFO  impl.RaftServerImpl (RaftServerImpl.java:setRole(174)) - e623342b-5bbf-4d05-bd5a-d794b510d69e@group-D77B8F4CAE92: changes role from      null to FOLLOWER at term 0 for startAsFollower
2019-09-20 20:38:54,092 [pool-47-thread-1] INFO  impl.RoleInfo (RoleInfo.java:updateAndGet(143)) - e623342b-5bbf-4d05-bd5a-d794b510d69e: start FollowerState
2019-09-20 20:38:54,092 [pool-47-thread-1] INFO  util.JmxRegister (JmxRegister.java:tryRegister(44)) - Successfully registered JMX Bean with object name Ratis:service=RaftServer,group=group-D77B8F4CAE92,id=e623342b-5bbf-4d05-bd5a-d794b510d69e
2019-09-20 20:38:54,099 [RatisPipelineUtilsThread] INFO  pipeline.PipelineStateManager (PipelineStateManager.java:addPipeline(56)) - Created pipeline Pipeline[ Id: c32d95b4-4876-48d2-a5f4-d77b8f4cae92, Nodes: e623342b-5bbf-4d05-bd5a-d794b510d69e{ip: 192.168.151.66, host: pr-hdds-2158-7hzb2-2382936324, networkLocation: /default-rack, certSerialId: null}, Type:RATIS, Factor:ONE, State:OPEN]
2019-09-20 20:38:54,111 [grpc-default-executor-1] INFO  impl.RaftServerProxy (RaftServerProxy.java:addNew(89)) - 7ee768e4-b454-4ab3-a6d6-c85a180fbc63: addNew group-5616E3B854B9:[7ee768e4-b454-4ab3-a6d6-c85a180fbc63:192.168.151.66:38984] returns group-5616E3B854B9:java.util.concurrent.CompletableFuture@1675d027[Not completed]
2019-09-20 20:38:54,113 [pool-27-thread-1] INFO  impl.RaftServerImpl (RaftServerImpl.java:<init>(95)) - 7ee768e4-b454-4ab3-a6d6-c85a180fbc63: new RaftServerImpl for group-5616E3B854B9:[7ee768e4-b454-4ab3-a6d6-c85a180fbc63:192.168.151.66:38984] with ContainerStateMachine:uninitialized
2019-09-20 20:38:54,113 [pool-27-thread-1] INFO  server.RaftServerConfigKeys (ConfUtils.java:logGet(43)) - raft.server.rpc.timeout.min = 5s (custom)
2019-09-20 20:38:54,113 [pool-27-thread-1] INFO  server.RaftServerConfigKeys (ConfUtils.java:logGet(43)) - raft.server.rpc.timeout.max = 5200ms (custom)
2019-09-20 20:38:54,114 [pool-27-thread-1] INFO  server.RaftServerConfigKeys (ConfUtils.java:logGet(43)) - raft.server.rpcslowness.timeout = 1000s (custom)
2019-09-20 20:38:54,114 [pool-27-thread-1] INFO  server.RaftServerConfigKeys (ConfUtils.java:logGet(43)) - raft.server.sleep.deviation.threshold = 300 (default)
2019-09-20 20:38:54,114 [pool-27-thread-1] INFO  server.RaftServerConfigKeys (ConfUtils.java:logGet(43)) - raft.server.log.appender.install.snapshot.enabled = false (custom)
2019-09-20 20:38:54,114 [pool-27-thread-1] INFO  impl.RaftServerImpl (ServerState.java:<init>(103)) - 7ee768e4-b454-4ab3-a6d6-c85a180fbc63@group-5616E3B854B9: ConfigurationManager, init=-1: [7ee768e4-b454-4ab3-a6d6-c85a180fbc63:192.168.151.66:38984], old=null, confs=<EMPTY_MAP>
2019-09-20 20:38:54,114 [pool-27-thread-1] INFO  server.RaftServerConfigKeys (ConfUtils.java:logGet(43)) - raft.server.storage.dir = [/workdir/hadoop-ozone/integration-test/target/test-dir/MiniOzoneClusterImpl-c887730b-6e6c-4bb9-8bab-4404ac13c8e2/datanode-0/data/ratis] (custom)
2019-09-20 20:38:54,115 [pool-27-thread-1] INFO  storage.RaftStorageDirectory (RaftStorageDirectory.java:analyzeStorage(246)) - The storage directory /workdir/hadoop-ozone/integration-test/target/test-dir/MiniOzoneClusterImpl-c887730b-6e6c-4bb9-8bab-4404ac13c8e2/datanode-0/data/ratis/7828cfd8-f573-4fb7-929e-5616e3b854b9 does not exist. Creating ...
2019-09-20 20:38:54,118 [grpc-default-executor-1] INFO  client.GrpcClientProtocolClient (GrpcClientProtocolClient.java:onNext(264)) - client-81548DF8A073->8f224f1b-d9dc-4828-9c73-f3cae17f637a: receive RaftClientReply:client-81548DF8A073->8f224f1b-d9dc-4828-9c73-f3cae17f637a@group-3473BDC1751F, cid=9, FAILED org.apache.ratis.protocol.NotLeaderException: Server 8f224f1b-d9dc-4828-9c73-f3cae17f637a@group-3473BDC1751F is not the leader, logIndex=0, commits[8f224f1b-d9dc-4828-9c73-f3cae17f637a:c-1]
2019-09-20 20:38:54,127 [pool-27-thread-1] INFO  storage.RaftStorageDirectory (RaftStorageDirectory.java:tryLock(328)) - Lock on /workdir/hadoop-ozone/integration-test/target/test-dir/MiniOzoneClusterImpl-c887730b-6e6c-4bb9-8bab-4404ac13c8e2/datanode-0/data/ratis/7828cfd8-f573-4fb7-929e-5616e3b854b9/in_use.lock acquired by nodename 15450@pr-hdds-2158-7hzb2-2382936324
2019-09-20 20:38:54,146 [pool-27-thread-1] INFO  storage.RaftStorage (RaftStorage.java:format(72)) - Storage directory /workdir/hadoop-ozone/integration-test/target/test-dir/MiniOzoneClusterImpl-c887730b-6e6c-4bb9-8bab-4404ac13c8e2/datanode-0/data/ratis/7828cfd8-f573-4fb7-929e-5616e3b854b9 has been successfully formatted.
2019-09-20 20:38:54,147 [pool-27-thread-1] INFO  ratis.ContainerStateMachine (ContainerStateMachine.java:loadSnapshot(230)) - group-5616E3B854B9: The snapshot info is null. Setting the last applied indexto:(t:0, i:~)
2019-09-20 20:38:54,147 [pool-27-thread-1] INFO  server.RaftServerConfigKeys (ConfUtils.java:logGet(43)) - raft.server.notification.no-leader.timeout = 1000s (custom)
2019-09-20 20:38:54,147 [pool-27-thread-1] INFO  server.RaftServerConfigKeys (ConfUtils.java:logGet(43)) - raft.server.log.use.memory = false (default)
2019-09-20 20:38:54,147 [pool-27-thread-1] INFO  server.RaftServerConfigKeys (ConfUtils.java:logGet(43)) - raft.server.log.purge.gap = 1000000 (custom)
2019-09-20 20:38:54,147 [pool-27-thread-1] INFO  server.RaftServerConfigKeys (ConfUtils.java:logGet(43)) - raft.server.log.appender.buffer.byte-limit = 33554432 (custom)
2019-09-20 20:38:54,148 [pool-27-thread-1] INFO  server.RaftServerConfigKeys (ConfUtils.java:logGet(43)) - raft.server.log.segment.size.max = 1048576 (custom)
2019-09-20 20:38:54,148 [pool-27-thread-1] INFO  server.RaftServerConfigKeys (ConfUtils.java:logGet(43)) - raft.server.log.segment.cache.num.max = 2 (custom)
2019-09-20 20:38:54,148 [pool-27-thread-1] INFO  segmented.SegmentedRaftLogWorker (SegmentedRaftLogWorker.java:<init>(172)) - new 7ee768e4-b454-4ab3-a6d6-c85a180fbc63@group-5616E3B854B9-SegmentedRaftLogWorker for RaftStorage:Storage Directory /workdir/hadoop-ozone/integration-test/target/test-dir/MiniOzoneClusterImpl-c887730b-6e6c-4bb9-8bab-4404ac13c8e2/datanode-0/data/ratis/7828cfd8-f573-4fb7-929e-5616e3b854b9
2019-09-20 20:38:54,148 [pool-27-thread-1] INFO  server.RaftServerConfigKeys (ConfUtils.java:logGet(43)) - raft.server.log.queue.byte-limit = 2147483647 (custom)
2019-09-20 20:38:54,148 [pool-27-thread-1] INFO  server.RaftServerConfigKeys (ConfUtils.java:logGet(43)) - raft.server.log.queue.element-limit = 1024 (custom)
2019-09-20 20:38:54,149 [pool-27-thread-1] INFO  server.RaftServerConfigKeys (ConfUtils.java:logGet(43)) - raft.server.log.segment.size.max = 1048576 (custom)
2019-09-20 20:38:54,149 [pool-27-thread-1] INFO  server.RaftServerConfigKeys (ConfUtils.java:logGet(43)) - raft.server.log.preallocated.size = 16384 (custom)
2019-09-20 20:38:54,149 [pool-27-thread-1] INFO  server.RaftServerConfigKeys (ConfUtils.java:logGet(43)) - raft.server.log.write.buffer.size = 33554432 (custom)
2019-09-20 20:38:54,149 [pool-27-thread-1] INFO  server.RaftServerConfigKeys (ConfUtils.java:logGet(43)) - raft.server.log.force.sync.num = 128 (default)
2019-09-20 20:38:54,149 [pool-27-thread-1] INFO  server.RaftServerConfigKeys (ConfUtils.java:logGet(43)) - raft.server.log.statemachine.data.sync = true (default)
2019-09-20 20:38:54,150 [pool-27-thread-1] INFO  server.RaftServerConfigKeys (ConfUtils.java:logGet(43)) - raft.server.log.statemachine.data.sync.timeout = 10s (default)
2019-09-20 20:38:54,150 [pool-27-thread-1] INFO  server.RaftServerConfigKeys (ConfUtils.java:logGet(43)) - raft.server.log.statemachine.data.sync.timeout.retry = -1 (default)
2019-09-20 20:38:54,150 [pool-27-thread-1] INFO  server.RaftServerConfigKeys (ConfUtils.java:logGet(43)) - raft.server.log.statemachine.data.caching.enabled = true (custom)
2019-09-20 20:38:54,151 [pool-27-thread-1] INFO  segmented.SegmentedRaftLogWorker (SegmentedRaftLogWorker.java:lambda$new$0(132)) - 7ee768e4-b454-4ab3-a6d6-c85a180fbc63@group-5616E3B854B9-SegmentedRaftLogWorker: flushIndex: setUnconditionally 0 -> -1
2019-09-20 20:38:54,151 [pool-27-thread-1] INFO  server.RaftServerConfigKeys (ConfUtils.java:logGet(43)) - raft.server.snapshot.auto.trigger.enabled = true (custom)
2019-09-20 20:38:54,151 [pool-27-thread-1] INFO  server.RaftServerConfigKeys (ConfUtils.java:logGet(43)) - raft.server.snapshot.auto.trigger.threshold = 10000 (custom)
2019-09-20 20:38:54,151 [pool-27-thread-1] INFO  server.RaftServerConfigKeys (ConfUtils.java:logGet(43)) - raft.server.snapshot.retention.num.files = 5 (custom)
2019-09-20 20:38:54,152 [pool-27-thread-1] INFO  server.RaftServerConfigKeys (ConfUtils.java:logGet(43)) - raft.server.retrycache.expirytime = 600000ms (custom)
2019-09-20 20:38:54,155 [pool-27-thread-1] INFO  impl.RaftServerImpl (RaftServerImpl.java:start(185)) - 7ee768e4-b454-4ab3-a6d6-c85a180fbc63@group-5616E3B854B9: start as a follower, conf=-1: [7ee768e4-b454-4ab3-a6d6-c85a180fbc63:192.168.151.66:38984], old=null
2019-09-20 20:38:54,155 [pool-27-thread-1] INFO  impl.RaftServerImpl (RaftServerImpl.java:setRole(174)) - 7ee768e4-b454-4ab3-a6d6-c85a180fbc63@group-5616E3B854B9: changes role from      null to FOLLOWER at term 0 for startAsFollower
2019-09-20 20:38:54,155 [pool-27-thread-1] INFO  impl.RoleInfo (RoleInfo.java:updateAndGet(143)) - 7ee768e4-b454-4ab3-a6d6-c85a180fbc63: start FollowerState
2019-09-20 20:38:54,156 [pool-27-thread-1] INFO  util.JmxRegister (JmxRegister.java:tryRegister(44)) - Successfully registered JMX Bean with object name Ratis:service=RaftServer,group=group-5616E3B854B9,id=7ee768e4-b454-4ab3-a6d6-c85a180fbc63
2019-09-20 20:38:54,162 [RatisPipelineUtilsThread] INFO  pipeline.PipelineStateManager (PipelineStateManager.java:addPipeline(56)) - Created pipeline Pipeline[ Id: 7828cfd8-f573-4fb7-929e-5616e3b854b9, Nodes: 7ee768e4-b454-4ab3-a6d6-c85a180fbc63{ip: 192.168.151.66, host: pr-hdds-2158-7hzb2-2382936324, networkLocation: /default-rack, certSerialId: null}, Type:RATIS, Factor:ONE, State:OPEN]
2019-09-20 20:38:54,172 [grpc-default-executor-1] INFO  impl.RaftServerProxy (RaftServerProxy.java:addNew(89)) - 61b22c1f-636f-4a11-b485-b0b1337f1d95: addNew group-ABEAAACD835C:[61b22c1f-636f-4a11-b485-b0b1337f1d95:192.168.151.66:37536] returns group-ABEAAACD835C:java.util.concurrent.CompletableFuture@31f85a9f[Not completed]
2019-09-20 20:38:54,174 [pool-37-thread-1] INFO  impl.RaftServerImpl (RaftServerImpl.java:<init>(95)) - 61b22c1f-636f-4a11-b485-b0b1337f1d95: new RaftServerImpl for group-ABEAAACD835C:[61b22c1f-636f-4a11-b485-b0b1337f1d95:192.168.151.66:37536] with ContainerStateMachine:uninitialized
2019-09-20 20:38:54,175 [pool-37-thread-1] INFO  server.RaftServerConfigKeys (ConfUtils.java:logGet(43)) - raft.server.rpc.timeout.min = 5s (custom)
2019-09-20 20:38:54,175 [pool-37-thread-1] INFO  server.RaftServerConfigKeys (ConfUtils.java:logGet(43)) - raft.server.rpc.timeout.max = 5200ms (custom)
2019-09-20 20:38:54,175 [pool-37-thread-1] INFO  server.RaftServerConfigKeys (ConfUtils.java:logGet(43)) - raft.server.rpcslowness.timeout = 1000s (custom)
2019-09-20 20:38:54,175 [pool-37-thread-1] INFO  server.RaftServerConfigKeys (ConfUtils.java:logGet(43)) - raft.server.sleep.deviation.threshold = 300 (default)
2019-09-20 20:38:54,175 [pool-37-thread-1] INFO  server.RaftServerConfigKeys (ConfUtils.java:logGet(43)) - raft.server.log.appender.install.snapshot.enabled = false (custom)
2019-09-20 20:38:54,176 [pool-37-thread-1] INFO  impl.RaftServerImpl (ServerState.java:<init>(103)) - 61b22c1f-636f-4a11-b485-b0b1337f1d95@group-ABEAAACD835C: ConfigurationManager, init=-1: [61b22c1f-636f-4a11-b485-b0b1337f1d95:192.168.151.66:37536], old=null, confs=<EMPTY_MAP>
2019-09-20 20:38:54,176 [pool-37-thread-1] INFO  server.RaftServerConfigKeys (ConfUtils.java:logGet(43)) - raft.server.storage.dir = [/workdir/hadoop-ozone/integration-test/target/test-dir/MiniOzoneClusterImpl-c887730b-6e6c-4bb9-8bab-4404ac13c8e2/datanode-1/data/ratis] (custom)
2019-09-20 20:38:54,176 [pool-37-thread-1] INFO  storage.RaftStorageDirectory (RaftStorageDirectory.java:analyzeStorage(246)) - The storage directory /workdir/hadoop-ozone/integration-test/target/test-dir/MiniOzoneClusterImpl-c887730b-6e6c-4bb9-8bab-4404ac13c8e2/datanode-1/data/ratis/7bd21c6e-012e-40c3-ab32-abeaaacd835c does not exist. Creating ...
2019-09-20 20:38:54,201 [pool-37-thread-1] INFO  storage.RaftStorageDirectory (RaftStorageDirectory.java:tryLock(328)) - Lock on /workdir/hadoop-ozone/integration-test/target/test-dir/MiniOzoneClusterImpl-c887730b-6e6c-4bb9-8bab-4404ac13c8e2/datanode-1/data/ratis/7bd21c6e-012e-40c3-ab32-abeaaacd835c/in_use.lock acquired by nodename 15450@pr-hdds-2158-7hzb2-2382936324
2019-09-20 20:38:54,214 [pool-37-thread-1] INFO  storage.RaftStorage (RaftStorage.java:format(72)) - Storage directory /workdir/hadoop-ozone/integration-test/target/test-dir/MiniOzoneClusterImpl-c887730b-6e6c-4bb9-8bab-4404ac13c8e2/datanode-1/data/ratis/7bd21c6e-012e-40c3-ab32-abeaaacd835c has been successfully formatted.
2019-09-20 20:38:54,215 [pool-37-thread-1] INFO  ratis.ContainerStateMachine (ContainerStateMachine.java:loadSnapshot(230)) - group-ABEAAACD835C: The snapshot info is null. Setting the last applied indexto:(t:0, i:~)
2019-09-20 20:38:54,215 [pool-37-thread-1] INFO  server.RaftServerConfigKeys (ConfUtils.java:logGet(43)) - raft.server.notification.no-leader.timeout = 1000s (custom)
2019-09-20 20:38:54,215 [pool-37-thread-1] INFO  server.RaftServerConfigKeys (ConfUtils.java:logGet(43)) - raft.server.log.use.memory = false (default)
2019-09-20 20:38:54,215 [pool-37-thread-1] INFO  server.RaftServerConfigKeys (ConfUtils.java:logGet(43)) - raft.server.log.purge.gap = 1000000 (custom)
2019-09-20 20:38:54,216 [pool-37-thread-1] INFO  server.RaftServerConfigKeys (ConfUtils.java:logGet(43)) - raft.server.log.appender.buffer.byte-limit = 33554432 (custom)
2019-09-20 20:38:54,216 [pool-37-thread-1] INFO  server.RaftServerConfigKeys (ConfUtils.java:logGet(43)) - raft.server.log.segment.size.max = 1048576 (custom)
2019-09-20 20:38:54,216 [pool-37-thread-1] INFO  server.RaftServerConfigKeys (ConfUtils.java:logGet(43)) - raft.server.log.segment.cache.num.max = 2 (custom)
2019-09-20 20:38:54,216 [pool-37-thread-1] INFO  segmented.SegmentedRaftLogWorker (SegmentedRaftLogWorker.java:<init>(172)) - new 61b22c1f-636f-4a11-b485-b0b1337f1d95@group-ABEAAACD835C-SegmentedRaftLogWorker for RaftStorage:Storage Directory /workdir/hadoop-ozone/integration-test/target/test-dir/MiniOzoneClusterImpl-c887730b-6e6c-4bb9-8bab-4404ac13c8e2/datanode-1/data/ratis/7bd21c6e-012e-40c3-ab32-abeaaacd835c
2019-09-20 20:38:54,216 [pool-37-thread-1] INFO  server.RaftServerConfigKeys (ConfUtils.java:logGet(43)) - raft.server.log.queue.byte-limit = 2147483647 (custom)
2019-09-20 20:38:54,217 [pool-37-thread-1] INFO  server.RaftServerConfigKeys (ConfUtils.java:logGet(43)) - raft.server.log.queue.element-limit = 1024 (custom)
2019-09-20 20:38:54,217 [pool-37-thread-1] INFO  server.RaftServerConfigKeys (ConfUtils.java:logGet(43)) - raft.server.log.segment.size.max = 1048576 (custom)
2019-09-20 20:38:54,217 [pool-37-thread-1] INFO  server.RaftServerConfigKeys (ConfUtils.java:logGet(43)) - raft.server.log.preallocated.size = 16384 (custom)
2019-09-20 20:38:54,217 [pool-37-thread-1] INFO  server.RaftServerConfigKeys (ConfUtils.java:logGet(43)) - raft.server.log.write.buffer.size = 33554432 (custom)
2019-09-20 20:38:54,217 [pool-37-thread-1] INFO  server.RaftServerConfigKeys (ConfUtils.java:logGet(43)) - raft.server.log.force.sync.num = 128 (default)
2019-09-20 20:38:54,217 [pool-37-thread-1] INFO  server.RaftServerConfigKeys (ConfUtils.java:logGet(43)) - raft.server.log.statemachine.data.sync = true (default)
2019-09-20 20:38:54,218 [pool-37-thread-1] INFO  server.RaftServerConfigKeys (ConfUtils.java:logGet(43)) - raft.server.log.statemachine.data.sync.timeout = 10s (default)
2019-09-20 20:38:54,218 [pool-37-thread-1] INFO  server.RaftServerConfigKeys (ConfUtils.java:logGet(43)) - raft.server.log.statemachine.data.sync.timeout.retry = -1 (default)
2019-09-20 20:38:54,218 [pool-37-thread-1] INFO  server.RaftServerConfigKeys (ConfUtils.java:logGet(43)) - raft.server.log.statemachine.data.caching.enabled = true (custom)
2019-09-20 20:38:54,218 [pool-37-thread-1] INFO  segmented.SegmentedRaftLogWorker (SegmentedRaftLogWorker.java:lambda$new$0(132)) - 61b22c1f-636f-4a11-b485-b0b1337f1d95@group-ABEAAACD835C-SegmentedRaftLogWorker: flushIndex: setUnconditionally 0 -> -1
2019-09-20 20:38:54,219 [pool-37-thread-1] INFO  server.RaftServerConfigKeys (ConfUtils.java:logGet(43)) - raft.server.snapshot.auto.trigger.enabled = true (custom)
2019-09-20 20:38:54,219 [pool-37-thread-1] INFO  server.RaftServerConfigKeys (ConfUtils.java:logGet(43)) - raft.server.snapshot.auto.trigger.threshold = 10000 (custom)
2019-09-20 20:38:54,219 [pool-37-thread-1] INFO  server.RaftServerConfigKeys (ConfUtils.java:logGet(43)) - raft.server.snapshot.retention.num.files = 5 (custom)
2019-09-20 20:38:54,219 [pool-37-thread-1] INFO  server.RaftServerConfigKeys (ConfUtils.java:logGet(43)) - raft.server.retrycache.expirytime = 600000ms (custom)
2019-09-20 20:38:54,223 [pool-37-thread-1] INFO  impl.RaftServerImpl (RaftServerImpl.java:start(185)) - 61b22c1f-636f-4a11-b485-b0b1337f1d95@group-ABEAAACD835C: start as a follower, conf=-1: [61b22c1f-636f-4a11-b485-b0b1337f1d95:192.168.151.66:37536], old=null
2019-09-20 20:38:54,223 [pool-37-thread-1] INFO  impl.RaftServerImpl (RaftServerImpl.java:setRole(174)) - 61b22c1f-636f-4a11-b485-b0b1337f1d95@group-ABEAAACD835C: changes role from      null to FOLLOWER at term 0 for startAsFollower
2019-09-20 20:38:54,223 [pool-37-thread-1] INFO  impl.RoleInfo (RoleInfo.java:updateAndGet(143)) - 61b22c1f-636f-4a11-b485-b0b1337f1d95: start FollowerState
2019-09-20 20:38:54,224 [pool-37-thread-1] INFO  util.JmxRegister (JmxRegister.java:tryRegister(44)) - Successfully registered JMX Bean with object name Ratis:service=RaftServer,group=group-ABEAAACD835C,id=61b22c1f-636f-4a11-b485-b0b1337f1d95
2019-09-20 20:38:54,231 [RatisPipelineUtilsThread] INFO  pipeline.PipelineStateManager (PipelineStateManager.java:addPipeline(56)) - Created pipeline Pipeline[ Id: 7bd21c6e-012e-40c3-ab32-abeaaacd835c, Nodes: 61b22c1f-636f-4a11-b485-b0b1337f1d95{ip: 192.168.151.66, host: pr-hdds-2158-7hzb2-2382936324, networkLocation: /default-rack, certSerialId: null}, Type:RATIS, Factor:ONE, State:OPEN]
2019-09-20 20:38:54,248 [grpc-default-executor-2] INFO  impl.RaftServerProxy (RaftServerProxy.java:addNew(89)) - 7ee768e4-b454-4ab3-a6d6-c85a180fbc63: addNew group-B98AED541957:[7ee768e4-b454-4ab3-a6d6-c85a180fbc63:192.168.151.66:38984, 8f224f1b-d9dc-4828-9c73-f3cae17f637a:192.168.151.66:44590, e623342b-5bbf-4d05-bd5a-d794b510d69e:192.168.151.66:32982] returns group-B98AED541957:java.util.concurrent.CompletableFuture@9f6116c[Not completed]
2019-09-20 20:38:54,248 [grpc-default-executor-1] INFO  impl.RaftServerProxy (RaftServerProxy.java:addNew(89)) - e623342b-5bbf-4d05-bd5a-d794b510d69e: addNew group-B98AED541957:[7ee768e4-b454-4ab3-a6d6-c85a180fbc63:192.168.151.66:38984, 8f224f1b-d9dc-4828-9c73-f3cae17f637a:192.168.151.66:44590, e623342b-5bbf-4d05-bd5a-d794b510d69e:192.168.151.66:32982] returns group-B98AED541957:java.util.concurrent.CompletableFuture@213c48e2[Not completed]
2019-09-20 20:38:54,251 [grpc-default-executor-2] INFO  impl.RaftServerProxy (RaftServerProxy.java:addNew(89)) - 8f224f1b-d9dc-4828-9c73-f3cae17f637a: addNew group-B98AED541957:[7ee768e4-b454-4ab3-a6d6-c85a180fbc63:192.168.151.66:38984, 8f224f1b-d9dc-4828-9c73-f3cae17f637a:192.168.151.66:44590, e623342b-5bbf-4d05-bd5a-d794b510d69e:192.168.151.66:32982] returns group-B98AED541957:java.util.concurrent.CompletableFuture@66ff24fd[Not completed]
2019-09-20 20:38:54,251 [pool-47-thread-1] INFO  impl.RaftServerImpl (RaftServerImpl.java:<init>(95)) - e623342b-5bbf-4d05-bd5a-d794b510d69e: new RaftServerImpl for group-B98AED541957:[7ee768e4-b454-4ab3-a6d6-c85a180fbc63:192.168.151.66:38984, 8f224f1b-d9dc-4828-9c73-f3cae17f637a:192.168.151.66:44590, e623342b-5bbf-4d05-bd5a-d794b510d69e:192.168.151.66:32982] with ContainerStateMachine:uninitialized
2019-09-20 20:38:54,251 [pool-47-thread-1] INFO  server.RaftServerConfigKeys (ConfUtils.java:logGet(43)) - raft.server.rpc.timeout.min = 5s (custom)
2019-09-20 20:38:54,251 [pool-47-thread-1] INFO  server.RaftServerConfigKeys (ConfUtils.java:logGet(43)) - raft.server.rpc.timeout.max = 5200ms (custom)
2019-09-20 20:38:54,251 [pool-47-thread-1] INFO  server.RaftServerConfigKeys (ConfUtils.java:logGet(43)) - raft.server.rpcslowness.timeout = 1000s (custom)
2019-09-20 20:38:54,252 [pool-47-thread-1] INFO  server.RaftServerConfigKeys (ConfUtils.java:logGet(43)) - raft.server.sleep.deviation.threshold = 300 (default)
2019-09-20 20:38:54,252 [pool-47-thread-1] INFO  server.RaftServerConfigKeys (ConfUtils.java:logGet(43)) - raft.server.log.appender.install.snapshot.enabled = false (custom)
2019-09-20 20:38:54,252 [pool-47-thread-1] INFO  impl.RaftServerImpl (ServerState.java:<init>(103)) - e623342b-5bbf-4d05-bd5a-d794b510d69e@group-B98AED541957: ConfigurationManager, init=-1: [7ee768e4-b454-4ab3-a6d6-c85a180fbc63:192.168.151.66:38984, 8f224f1b-d9dc-4828-9c73-f3cae17f637a:192.168.151.66:44590, e623342b-5bbf-4d05-bd5a-d794b510d69e:192.168.151.66:32982], old=null, confs=<EMPTY_MAP>
2019-09-20 20:38:54,252 [pool-47-thread-1] INFO  server.RaftServerConfigKeys (ConfUtils.java:logGet(43)) - raft.server.storage.dir = [/workdir/hadoop-ozone/integration-test/target/test-dir/MiniOzoneClusterImpl-c887730b-6e6c-4bb9-8bab-4404ac13c8e2/datanode-2/data/ratis] (custom)
2019-09-20 20:38:54,252 [pool-27-thread-1] INFO  impl.RaftServerImpl (RaftServerImpl.java:<init>(95)) - 7ee768e4-b454-4ab3-a6d6-c85a180fbc63: new RaftServerImpl for group-B98AED541957:[7ee768e4-b454-4ab3-a6d6-c85a180fbc63:192.168.151.66:38984, 8f224f1b-d9dc-4828-9c73-f3cae17f637a:192.168.151.66:44590, e623342b-5bbf-4d05-bd5a-d794b510d69e:192.168.151.66:32982] with ContainerStateMachine:uninitialized
2019-09-20 20:38:54,252 [pool-47-thread-1] INFO  storage.RaftStorageDirectory (RaftStorageDirectory.java:analyzeStorage(246)) - The storage directory /workdir/hadoop-ozone/integration-test/target/test-dir/MiniOzoneClusterImpl-c887730b-6e6c-4bb9-8bab-4404ac13c8e2/datanode-2/data/ratis/526d4d49-a5b3-4950-8e2f-b98aed541957 does not exist. Creating ...
2019-09-20 20:38:54,252 [pool-27-thread-1] INFO  server.RaftServerConfigKeys (ConfUtils.java:logGet(43)) - raft.server.rpc.timeout.min = 5s (custom)
2019-09-20 20:38:54,253 [pool-27-thread-1] INFO  server.RaftServerConfigKeys (ConfUtils.java:logGet(43)) - raft.server.rpc.timeout.max = 5200ms (custom)
2019-09-20 20:38:54,253 [pool-27-thread-1] INFO  server.RaftServerConfigKeys (ConfUtils.java:logGet(43)) - raft.server.rpcslowness.timeout = 1000s (custom)
2019-09-20 20:38:54,253 [pool-27-thread-1] INFO  server.RaftServerConfigKeys (ConfUtils.java:logGet(43)) - raft.server.sleep.deviation.threshold = 300 (default)
2019-09-20 20:38:54,253 [pool-57-thread-1] INFO  impl.RaftServerImpl (RaftServerImpl.java:<init>(95)) - 8f224f1b-d9dc-4828-9c73-f3cae17f637a: new RaftServerImpl for group-B98AED541957:[7ee768e4-b454-4ab3-a6d6-c85a180fbc63:192.168.151.66:38984, 8f224f1b-d9dc-4828-9c73-f3cae17f637a:192.168.151.66:44590, e623342b-5bbf-4d05-bd5a-d794b510d69e:192.168.151.66:32982] with ContainerStateMachine:uninitialized
2019-09-20 20:38:54,253 [pool-27-thread-1] INFO  server.RaftServerConfigKeys (ConfUtils.java:logGet(43)) - raft.server.log.appender.install.snapshot.enabled = false (custom)
2019-09-20 20:38:54,253 [pool-57-thread-1] INFO  server.RaftServerConfigKeys (ConfUtils.java:logGet(43)) - raft.server.rpc.timeout.min = 5s (custom)
2019-09-20 20:38:54,253 [pool-27-thread-1] INFO  impl.RaftServerImpl (ServerState.java:<init>(103)) - 7ee768e4-b454-4ab3-a6d6-c85a180fbc63@group-B98AED541957: ConfigurationManager, init=-1: [7ee768e4-b454-4ab3-a6d6-c85a180fbc63:192.168.151.66:38984, 8f224f1b-d9dc-4828-9c73-f3cae17f637a:192.168.151.66:44590, e623342b-5bbf-4d05-bd5a-d794b510d69e:192.168.151.66:32982], old=null, confs=<EMPTY_MAP>
2019-09-20 20:38:54,253 [pool-57-thread-1] INFO  server.RaftServerConfigKeys (ConfUtils.java:logGet(43)) - raft.server.rpc.timeout.max = 5200ms (custom)
2019-09-20 20:38:54,254 [pool-27-thread-1] INFO  server.RaftServerConfigKeys (ConfUtils.java:logGet(43)) - raft.server.storage.dir = [/workdir/hadoop-ozone/integration-test/target/test-dir/MiniOzoneClusterImpl-c887730b-6e6c-4bb9-8bab-4404ac13c8e2/datanode-0/data/ratis] (custom)
2019-09-20 20:38:54,254 [pool-57-thread-1] INFO  server.RaftServerConfigKeys (ConfUtils.java:logGet(43)) - raft.server.rpcslowness.timeout = 1000s (custom)
2019-09-20 20:38:54,254 [pool-57-thread-1] INFO  server.RaftServerConfigKeys (ConfUtils.java:logGet(43)) - raft.server.sleep.deviation.threshold = 300 (default)
2019-09-20 20:38:54,254 [pool-57-thread-1] INFO  server.RaftServerConfigKeys (ConfUtils.java:logGet(43)) - raft.server.log.appender.install.snapshot.enabled = false (custom)
2019-09-20 20:38:54,254 [pool-27-thread-1] INFO  storage.RaftStorageDirectory (RaftStorageDirectory.java:analyzeStorage(246)) - The storage directory /workdir/hadoop-ozone/integration-test/target/test-dir/MiniOzoneClusterImpl-c887730b-6e6c-4bb9-8bab-4404ac13c8e2/datanode-0/data/ratis/526d4d49-a5b3-4950-8e2f-b98aed541957 does not exist. Creating ...
2019-09-20 20:38:54,254 [pool-57-thread-1] INFO  impl.RaftServerImpl (ServerState.java:<init>(103)) - 8f224f1b-d9dc-4828-9c73-f3cae17f637a@group-B98AED541957: ConfigurationManager, init=-1: [7ee768e4-b454-4ab3-a6d6-c85a180fbc63:192.168.151.66:38984, 8f224f1b-d9dc-4828-9c73-f3cae17f637a:192.168.151.66:44590, e623342b-5bbf-4d05-bd5a-d794b510d69e:192.168.151.66:32982], old=null, confs=<EMPTY_MAP>
2019-09-20 20:38:54,254 [pool-57-thread-1] INFO  server.RaftServerConfigKeys (ConfUtils.java:logGet(43)) - raft.server.storage.dir = [/workdir/hadoop-ozone/integration-test/target/test-dir/MiniOzoneClusterImpl-c887730b-6e6c-4bb9-8bab-4404ac13c8e2/datanode-3/data/ratis] (custom)
2019-09-20 20:38:54,255 [pool-57-thread-1] INFO  storage.RaftStorageDirectory (RaftStorageDirectory.java:analyzeStorage(246)) - The storage directory /workdir/hadoop-ozone/integration-test/target/test-dir/MiniOzoneClusterImpl-c887730b-6e6c-4bb9-8bab-4404ac13c8e2/datanode-3/data/ratis/526d4d49-a5b3-4950-8e2f-b98aed541957 does not exist. Creating ...
2019-09-20 20:38:54,265 [pool-27-thread-1] INFO  storage.RaftStorageDirectory (RaftStorageDirectory.java:tryLock(328)) - Lock on /workdir/hadoop-ozone/integration-test/target/test-dir/MiniOzoneClusterImpl-c887730b-6e6c-4bb9-8bab-4404ac13c8e2/datanode-0/data/ratis/526d4d49-a5b3-4950-8e2f-b98aed541957/in_use.lock acquired by nodename 15450@pr-hdds-2158-7hzb2-2382936324
2019-09-20 20:38:54,265 [pool-57-thread-1] INFO  storage.RaftStorageDirectory (RaftStorageDirectory.java:tryLock(328)) - Lock on /workdir/hadoop-ozone/integration-test/target/test-dir/MiniOzoneClusterImpl-c887730b-6e6c-4bb9-8bab-4404ac13c8e2/datanode-3/data/ratis/526d4d49-a5b3-4950-8e2f-b98aed541957/in_use.lock acquired by nodename 15450@pr-hdds-2158-7hzb2-2382936324
2019-09-20 20:38:54,265 [pool-47-thread-1] INFO  storage.RaftStorageDirectory (RaftStorageDirectory.java:tryLock(328)) - Lock on /workdir/hadoop-ozone/integration-test/target/test-dir/MiniOzoneClusterImpl-c887730b-6e6c-4bb9-8bab-4404ac13c8e2/datanode-2/data/ratis/526d4d49-a5b3-4950-8e2f-b98aed541957/in_use.lock acquired by nodename 15450@pr-hdds-2158-7hzb2-2382936324
2019-09-20 20:38:54,279 [pool-47-thread-1] INFO  storage.RaftStorage (RaftStorage.java:format(72)) - Storage directory /workdir/hadoop-ozone/integration-test/target/test-dir/MiniOzoneClusterImpl-c887730b-6e6c-4bb9-8bab-4404ac13c8e2/datanode-2/data/ratis/526d4d49-a5b3-4950-8e2f-b98aed541957 has been successfully formatted.
2019-09-20 20:38:54,279 [pool-57-thread-1] INFO  storage.RaftStorage (RaftStorage.java:format(72)) - Storage directory /workdir/hadoop-ozone/integration-test/target/test-dir/MiniOzoneClusterImpl-c887730b-6e6c-4bb9-8bab-4404ac13c8e2/datanode-3/data/ratis/526d4d49-a5b3-4950-8e2f-b98aed541957 has been successfully formatted.
2019-09-20 20:38:54,279 [pool-27-thread-1] INFO  storage.RaftStorage (RaftStorage.java:format(72)) - Storage directory /workdir/hadoop-ozone/integration-test/target/test-dir/MiniOzoneClusterImpl-c887730b-6e6c-4bb9-8bab-4404ac13c8e2/datanode-0/data/ratis/526d4d49-a5b3-4950-8e2f-b98aed541957 has been successfully formatted.
2019-09-20 20:38:54,279 [pool-47-thread-1] INFO  ratis.ContainerStateMachine (ContainerStateMachine.java:loadSnapshot(230)) - group-B98AED541957: The snapshot info is null. Setting the last applied indexto:(t:0, i:~)
2019-09-20 20:38:54,280 [pool-57-thread-1] INFO  ratis.ContainerStateMachine (ContainerStateMachine.java:loadSnapshot(230)) - group-B98AED541957: The snapshot info is null. Setting the last applied indexto:(t:0, i:~)
2019-09-20 20:38:54,280 [pool-47-thread-1] INFO  server.RaftServerConfigKeys (ConfUtils.java:logGet(43)) - raft.server.notification.no-leader.timeout = 1000s (custom)
2019-09-20 20:38:54,280 [pool-27-thread-1] INFO  ratis.ContainerStateMachine (ContainerStateMachine.java:loadSnapshot(230)) - group-B98AED541957: The snapshot info is null. Setting the last applied indexto:(t:0, i:~)
2019-09-20 20:38:54,280 [pool-47-thread-1] INFO  server.RaftServerConfigKeys (ConfUtils.java:logGet(43)) - raft.server.log.use.memory = false (default)
2019-09-20 20:38:54,280 [pool-57-thread-1] INFO  server.RaftServerConfigKeys (ConfUtils.java:logGet(43)) - raft.server.notification.no-leader.timeout = 1000s (custom)
2019-09-20 20:38:54,281 [pool-47-thread-1] INFO  server.RaftServerConfigKeys (ConfUtils.java:logGet(43)) - raft.server.log.purge.gap = 1000000 (custom)
2019-09-20 20:38:54,281 [pool-27-thread-1] INFO  server.RaftServerConfigKeys (ConfUtils.java:logGet(43)) - raft.server.notification.no-leader.timeout = 1000s (custom)
2019-09-20 20:38:54,282 [pool-47-thread-1] INFO  server.RaftServerConfigKeys (ConfUtils.java:logGet(43)) - raft.server.log.appender.buffer.byte-limit = 33554432 (custom)
2019-09-20 20:38:54,283 [pool-47-thread-1] INFO  server.RaftServerConfigKeys (ConfUtils.java:logGet(43)) - raft.server.log.segment.size.max = 1048576 (custom)
2019-09-20 20:38:54,282 [pool-57-thread-1] INFO  server.RaftServerConfigKeys (ConfUtils.java:logGet(43)) - raft.server.log.use.memory = false (default)
2019-09-20 20:38:54,283 [pool-47-thread-1] INFO  server.RaftServerConfigKeys (ConfUtils.java:logGet(43)) - raft.server.log.segment.cache.num.max = 2 (custom)
2019-09-20 20:38:54,283 [pool-47-thread-1] INFO  segmented.SegmentedRaftLogWorker (SegmentedRaftLogWorker.java:<init>(172)) - new e623342b-5bbf-4d05-bd5a-d794b510d69e@group-B98AED541957-SegmentedRaftLogWorker for RaftStorage:Storage Directory /workdir/hadoop-ozone/integration-test/target/test-dir/MiniOzoneClusterImpl-c887730b-6e6c-4bb9-8bab-4404ac13c8e2/datanode-2/data/ratis/526d4d49-a5b3-4950-8e2f-b98aed541957
2019-09-20 20:38:54,283 [pool-27-thread-1] INFO  server.RaftServerConfigKeys (ConfUtils.java:logGet(43)) - raft.server.log.use.memory = false (default)
2019-09-20 20:38:54,283 [pool-47-thread-1] INFO  server.RaftServerConfigKeys (ConfUtils.java:logGet(43)) - raft.server.log.queue.byte-limit = 2147483647 (custom)
2019-09-20 20:38:54,283 [pool-47-thread-1] INFO  server.RaftServerConfigKeys (ConfUtils.java:logGet(43)) - raft.server.log.queue.element-limit = 1024 (custom)
2019-09-20 20:38:54,283 [pool-57-thread-1] INFO  server.RaftServerConfigKeys (ConfUtils.java:logGet(43)) - raft.server.log.purge.gap = 1000000 (custom)
2019-09-20 20:38:54,283 [pool-47-thread-1] INFO  server.RaftServerConfigKeys (ConfUtils.java:logGet(43)) - raft.server.log.segment.size.max = 1048576 (custom)
2019-09-20 20:38:54,284 [pool-47-thread-1] INFO  server.RaftServerConfigKeys (ConfUtils.java:logGet(43)) - raft.server.log.preallocated.size = 16384 (custom)
2019-09-20 20:38:54,283 [pool-27-thread-1] INFO  server.RaftServerConfigKeys (ConfUtils.java:logGet(43)) - raft.server.log.purge.gap = 1000000 (custom)
2019-09-20 20:38:54,284 [pool-47-thread-1] INFO  server.RaftServerConfigKeys (ConfUtils.java:logGet(43)) - raft.server.log.write.buffer.size = 33554432 (custom)
2019-09-20 20:38:54,284 [pool-47-thread-1] INFO  server.RaftServerConfigKeys (ConfUtils.java:logGet(43)) - raft.server.log.force.sync.num = 128 (default)
2019-09-20 20:38:54,284 [pool-57-thread-1] INFO  server.RaftServerConfigKeys (ConfUtils.java:logGet(43)) - raft.server.log.appender.buffer.byte-limit = 33554432 (custom)
2019-09-20 20:38:54,285 [pool-47-thread-1] INFO  server.RaftServerConfigKeys (ConfUtils.java:logGet(43)) - raft.server.log.statemachine.data.sync = true (default)
2019-09-20 20:38:54,284 [pool-27-thread-1] INFO  server.RaftServerConfigKeys (ConfUtils.java:logGet(43)) - raft.server.log.appender.buffer.byte-limit = 33554432 (custom)
2019-09-20 20:38:54,285 [pool-47-thread-1] INFO  server.RaftServerConfigKeys (ConfUtils.java:logGet(43)) - raft.server.log.statemachine.data.sync.timeout = 10s (default)
2019-09-20 20:38:54,285 [pool-57-thread-1] INFO  server.RaftServerConfigKeys (ConfUtils.java:logGet(43)) - raft.server.log.segment.size.max = 1048576 (custom)
2019-09-20 20:38:54,286 [pool-47-thread-1] INFO  server.RaftServerConfigKeys (ConfUtils.java:logGet(43)) - raft.server.log.statemachine.data.sync.timeout.retry = -1 (default)
2019-09-20 20:38:54,285 [pool-27-thread-1] INFO  server.RaftServerConfigKeys (ConfUtils.java:logGet(43)) - raft.server.log.segment.size.max = 1048576 (custom)
2019-09-20 20:38:54,286 [pool-47-thread-1] INFO  server.RaftServerConfigKeys (ConfUtils.java:logGet(43)) - raft.server.log.statemachine.data.caching.enabled = true (custom)
2019-09-20 20:38:54,286 [pool-57-thread-1] INFO  server.RaftServerConfigKeys (ConfUtils.java:logGet(43)) - raft.server.log.segment.cache.num.max = 2 (custom)
2019-09-20 20:38:54,286 [pool-47-thread-1] INFO  segmented.SegmentedRaftLogWorker (SegmentedRaftLogWorker.java:lambda$new$0(132)) - e623342b-5bbf-4d05-bd5a-d794b510d69e@group-B98AED541957-SegmentedRaftLogWorker: flushIndex: setUnconditionally 0 -> -1
2019-09-20 20:38:54,286 [pool-27-thread-1] INFO  server.RaftServerConfigKeys (ConfUtils.java:logGet(43)) - raft.server.log.segment.cache.num.max = 2 (custom)
2019-09-20 20:38:54,287 [pool-47-thread-1] INFO  server.RaftServerConfigKeys (ConfUtils.java:logGet(43)) - raft.server.snapshot.auto.trigger.enabled = true (custom)
2019-09-20 20:38:54,286 [pool-57-thread-1] INFO  segmented.SegmentedRaftLogWorker (SegmentedRaftLogWorker.java:<init>(172)) - new 8f224f1b-d9dc-4828-9c73-f3cae17f637a@group-B98AED541957-SegmentedRaftLogWorker for RaftStorage:Storage Directory /workdir/hadoop-ozone/integration-test/target/test-dir/MiniOzoneClusterImpl-c887730b-6e6c-4bb9-8bab-4404ac13c8e2/datanode-3/data/ratis/526d4d49-a5b3-4950-8e2f-b98aed541957
2019-09-20 20:38:54,287 [pool-47-thread-1] INFO  server.RaftServerConfigKeys (ConfUtils.java:logGet(43)) - raft.server.snapshot.auto.trigger.threshold = 10000 (custom)
2019-09-20 20:38:54,287 [pool-27-thread-1] INFO  segmented.SegmentedRaftLogWorker (SegmentedRaftLogWorker.java:<init>(172)) - new 7ee768e4-b454-4ab3-a6d6-c85a180fbc63@group-B98AED541957-SegmentedRaftLogWorker for RaftStorage:Storage Directory /workdir/hadoop-ozone/integration-test/target/test-dir/MiniOzoneClusterImpl-c887730b-6e6c-4bb9-8bab-4404ac13c8e2/datanode-0/data/ratis/526d4d49-a5b3-4950-8e2f-b98aed541957
2019-09-20 20:38:54,288 [pool-47-thread-1] INFO  server.RaftServerConfigKeys (ConfUtils.java:logGet(43)) - raft.server.snapshot.retention.num.files = 5 (custom)
2019-09-20 20:38:54,288 [pool-57-thread-1] INFO  server.RaftServerConfigKeys (ConfUtils.java:logGet(43)) - raft.server.log.queue.byte-limit = 2147483647 (custom)
2019-09-20 20:38:54,288 [pool-27-thread-1] INFO  server.RaftServerConfigKeys (ConfUtils.java:logGet(43)) - raft.server.log.queue.byte-limit = 2147483647 (custom)
2019-09-20 20:38:54,288 [pool-57-thread-1] INFO  server.RaftServerConfigKeys (ConfUtils.java:logGet(43)) - raft.server.log.queue.element-limit = 1024 (custom)
2019-09-20 20:38:54,288 [pool-47-thread-1] INFO  server.RaftServerConfigKeys (ConfUtils.java:logGet(43)) - raft.server.retrycache.expirytime = 600000ms (custom)
2019-09-20 20:38:54,288 [pool-57-thread-1] INFO  server.RaftServerConfigKeys (ConfUtils.java:logGet(43)) - raft.server.log.segment.size.max = 1048576 (custom)
2019-09-20 20:38:54,288 [pool-27-thread-1] INFO  server.RaftServerConfigKeys (ConfUtils.java:logGet(43)) - raft.server.log.queue.element-limit = 1024 (custom)
2019-09-20 20:38:54,289 [pool-57-thread-1] INFO  server.RaftServerConfigKeys (ConfUtils.java:logGet(43)) - raft.server.log.preallocated.size = 16384 (custom)
2019-09-20 20:38:54,289 [pool-27-thread-1] INFO  server.RaftServerConfigKeys (ConfUtils.java:logGet(43)) - raft.server.log.segment.size.max = 1048576 (custom)
2019-09-20 20:38:54,289 [pool-57-thread-1] INFO  server.RaftServerConfigKeys (ConfUtils.java:logGet(43)) - raft.server.log.write.buffer.size = 33554432 (custom)
2019-09-20 20:38:54,289 [pool-27-thread-1] INFO  server.RaftServerConfigKeys (ConfUtils.java:logGet(43)) - raft.server.log.preallocated.size = 16384 (custom)
2019-09-20 20:38:54,289 [pool-57-thread-1] INFO  server.RaftServerConfigKeys (ConfUtils.java:logGet(43)) - raft.server.log.force.sync.num = 128 (default)
2019-09-20 20:38:54,289 [pool-27-thread-1] INFO  server.RaftServerConfigKeys (ConfUtils.java:logGet(43)) - raft.server.log.write.buffer.size = 33554432 (custom)
2019-09-20 20:38:54,289 [pool-57-thread-1] INFO  server.RaftServerConfigKeys (ConfUtils.java:logGet(43)) - raft.server.log.statemachine.data.sync = true (default)
2019-09-20 20:38:54,289 [pool-27-thread-1] INFO  server.RaftServerConfigKeys (ConfUtils.java:logGet(43)) - raft.server.log.force.sync.num = 128 (default)
2019-09-20 20:38:54,289 [pool-57-thread-1] INFO  server.RaftServerConfigKeys (ConfUtils.java:logGet(43)) - raft.server.log.statemachine.data.sync.timeout = 10s (default)
2019-09-20 20:38:54,290 [pool-27-thread-1] INFO  server.RaftServerConfigKeys (ConfUtils.java:logGet(43)) - raft.server.log.statemachine.data.sync = true (default)
2019-09-20 20:38:54,290 [pool-57-thread-1] INFO  server.RaftServerConfigKeys (ConfUtils.java:logGet(43)) - raft.server.log.statemachine.data.sync.timeout.retry = -1 (default)
2019-09-20 20:38:54,290 [pool-27-thread-1] INFO  server.RaftServerConfigKeys (ConfUtils.java:logGet(43)) - raft.server.log.statemachine.data.sync.timeout = 10s (default)
2019-09-20 20:38:54,290 [pool-57-thread-1] INFO  server.RaftServerConfigKeys (ConfUtils.java:logGet(43)) - raft.server.log.statemachine.data.caching.enabled = true (custom)
2019-09-20 20:38:54,290 [pool-27-thread-1] INFO  server.RaftServerConfigKeys (ConfUtils.java:logGet(43)) - raft.server.log.statemachine.data.sync.timeout.retry = -1 (default)
2019-09-20 20:38:54,290 [pool-47-thread-1] INFO  impl.RaftServerImpl (RaftServerImpl.java:start(185)) - e623342b-5bbf-4d05-bd5a-d794b510d69e@group-B98AED541957: start as a follower, conf=-1: [7ee768e4-b454-4ab3-a6d6-c85a180fbc63:192.168.151.66:38984, 8f224f1b-d9dc-4828-9c73-f3cae17f637a:192.168.151.66:44590, e623342b-5bbf-4d05-bd5a-d794b510d69e:192.168.151.66:32982], old=null
2019-09-20 20:38:54,290 [pool-27-thread-1] INFO  server.RaftServerConfigKeys (ConfUtils.java:logGet(43)) - raft.server.log.statemachine.data.caching.enabled = true (custom)
2019-09-20 20:38:54,290 [pool-57-thread-1] INFO  segmented.SegmentedRaftLogWorker (SegmentedRaftLogWorker.java:lambda$new$0(132)) - 8f224f1b-d9dc-4828-9c73-f3cae17f637a@group-B98AED541957-SegmentedRaftLogWorker: flushIndex: setUnconditionally 0 -> -1
2019-09-20 20:38:54,290 [pool-47-thread-1] INFO  impl.RaftServerImpl (RaftServerImpl.java:setRole(174)) - e623342b-5bbf-4d05-bd5a-d794b510d69e@group-B98AED541957: changes role from      null to FOLLOWER at term 0 for startAsFollower
2019-09-20 20:38:54,291 [pool-27-thread-1] INFO  segmented.SegmentedRaftLogWorker (SegmentedRaftLogWorker.java:lambda$new$0(132)) - 7ee768e4-b454-4ab3-a6d6-c85a180fbc63@group-B98AED541957-SegmentedRaftLogWorker: flushIndex: setUnconditionally 0 -> -1
2019-09-20 20:38:54,291 [pool-47-thread-1] INFO  impl.RoleInfo (RoleInfo.java:updateAndGet(143)) - e623342b-5bbf-4d05-bd5a-d794b510d69e: start FollowerState
2019-09-20 20:38:54,291 [pool-57-thread-1] INFO  server.RaftServerConfigKeys (ConfUtils.java:logGet(43)) - raft.server.snapshot.auto.trigger.enabled = true (custom)
2019-09-20 20:38:54,291 [pool-27-thread-1] INFO  server.RaftServerConfigKeys (ConfUtils.java:logGet(43)) - raft.server.snapshot.auto.trigger.enabled = true (custom)
2019-09-20 20:38:54,291 [pool-47-thread-1] INFO  util.JmxRegister (JmxRegister.java:tryRegister(44)) - Successfully registered JMX Bean with object name Ratis:service=RaftServer,group=group-B98AED541957,id=e623342b-5bbf-4d05-bd5a-d794b510d69e
2019-09-20 20:38:54,291 [pool-57-thread-1] INFO  server.RaftServerConfigKeys (ConfUtils.java:logGet(43)) - raft.server.snapshot.auto.trigger.threshold = 10000 (custom)
2019-09-20 20:38:54,291 [pool-27-thread-1] INFO  server.RaftServerConfigKeys (ConfUtils.java:logGet(43)) - raft.server.snapshot.auto.trigger.threshold = 10000 (custom)
2019-09-20 20:38:54,291 [pool-57-thread-1] INFO  server.RaftServerConfigKeys (ConfUtils.java:logGet(43)) - raft.server.snapshot.retention.num.files = 5 (custom)
2019-09-20 20:38:54,291 [pool-27-thread-1] INFO  server.RaftServerConfigKeys (ConfUtils.java:logGet(43)) - raft.server.snapshot.retention.num.files = 5 (custom)
2019-09-20 20:38:54,291 [pool-57-thread-1] INFO  server.RaftServerConfigKeys (ConfUtils.java:logGet(43)) - raft.server.retrycache.expirytime = 600000ms (custom)
2019-09-20 20:38:54,292 [pool-27-thread-1] INFO  server.RaftServerConfigKeys (ConfUtils.java:logGet(43)) - raft.server.retrycache.expirytime = 600000ms (custom)
2019-09-20 20:38:54,296 [pool-57-thread-1] INFO  impl.RaftServerImpl (RaftServerImpl.java:start(185)) - 8f224f1b-d9dc-4828-9c73-f3cae17f637a@group-B98AED541957: start as a follower, conf=-1: [7ee768e4-b454-4ab3-a6d6-c85a180fbc63:192.168.151.66:38984, 8f224f1b-d9dc-4828-9c73-f3cae17f637a:192.168.151.66:44590, e623342b-5bbf-4d05-bd5a-d794b510d69e:192.168.151.66:32982], old=null
2019-09-20 20:38:54,296 [pool-57-thread-1] INFO  impl.RaftServerImpl (RaftServerImpl.java:setRole(174)) - 8f224f1b-d9dc-4828-9c73-f3cae17f637a@group-B98AED541957: changes role from      null to FOLLOWER at term 0 for startAsFollower
2019-09-20 20:38:54,296 [pool-57-thread-1] INFO  impl.RoleInfo (RoleInfo.java:updateAndGet(143)) - 8f224f1b-d9dc-4828-9c73-f3cae17f637a: start FollowerState
2019-09-20 20:38:54,297 [pool-57-thread-1] INFO  util.JmxRegister (JmxRegister.java:tryRegister(44)) - Successfully registered JMX Bean with object name Ratis:service=RaftServer,group=group-B98AED541957,id=8f224f1b-d9dc-4828-9c73-f3cae17f637a
2019-09-20 20:38:54,297 [pool-27-thread-1] INFO  impl.RaftServerImpl (RaftServerImpl.java:start(185)) - 7ee768e4-b454-4ab3-a6d6-c85a180fbc63@group-B98AED541957: start as a follower, conf=-1: [7ee768e4-b454-4ab3-a6d6-c85a180fbc63:192.168.151.66:38984, 8f224f1b-d9dc-4828-9c73-f3cae17f637a:192.168.151.66:44590, e623342b-5bbf-4d05-bd5a-d794b510d69e:192.168.151.66:32982], old=null
2019-09-20 20:38:54,298 [pool-27-thread-1] INFO  impl.RaftServerImpl (RaftServerImpl.java:setRole(174)) - 7ee768e4-b454-4ab3-a6d6-c85a180fbc63@group-B98AED541957: changes role from      null to FOLLOWER at term 0 for startAsFollower
2019-09-20 20:38:54,298 [pool-27-thread-1] INFO  impl.RoleInfo (RoleInfo.java:updateAndGet(143)) - 7ee768e4-b454-4ab3-a6d6-c85a180fbc63: start FollowerState
2019-09-20 20:38:54,298 [pool-27-thread-1] INFO  util.JmxRegister (JmxRegister.java:tryRegister(44)) - Successfully registered JMX Bean with object name Ratis:service=RaftServer,group=group-B98AED541957,id=7ee768e4-b454-4ab3-a6d6-c85a180fbc63
2019-09-20 20:38:54,309 [RatisPipelineUtilsThread] INFO  pipeline.PipelineStateManager (PipelineStateManager.java:addPipeline(56)) - Created pipeline Pipeline[ Id: 526d4d49-a5b3-4950-8e2f-b98aed541957, Nodes: 8f224f1b-d9dc-4828-9c73-f3cae17f637a{ip: 192.168.151.66, host: pr-hdds-2158-7hzb2-2382936324, networkLocation: /default-rack, certSerialId: null}e623342b-5bbf-4d05-bd5a-d794b510d69e{ip: 192.168.151.66, host: pr-hdds-2158-7hzb2-2382936324, networkLocation: /default-rack, certSerialId: null}7ee768e4-b454-4ab3-a6d6-c85a180fbc63{ip: 192.168.151.66, host: pr-hdds-2158-7hzb2-2382936324, networkLocation: /default-rack, certSerialId: null}, Type:RATIS, Factor:THREE, State:OPEN]
2019-09-20 20:38:54,622 [Command processor thread] ERROR commandhandler.CloseContainerCommandHandler (CloseContainerCommandHandler.java:handle(84)) - Container #1 does not exist in datanode. Container close failed.
2019-09-20 20:38:54,656 [Thread-193] INFO  container.ReplicationManager (ReplicationManager.java:start(169)) - Replication Monitor Thread is already running.
2019-09-20 20:38:54,812 [Command processor thread] ERROR commandhandler.CloseContainerCommandHandler (CloseContainerCommandHandler.java:handle(84)) - Container #1 does not exist in datanode. Container close failed.
2019-09-20 20:38:54,875 [Command processor thread] ERROR commandhandler.CloseContainerCommandHandler (CloseContainerCommandHandler.java:handle(84)) - Container #1 does not exist in datanode. Container close failed.
2019-09-20 20:38:54,896 [ReplicationMonitor] INFO  container.ReplicationManager (ReplicationManager.java:run(225)) - Replication Monitor Thread took 6 milliseconds for processing 1 containers.
2019-09-20 20:38:55,150 [grpc-default-executor-2] INFO  client.GrpcClientProtocolClient (GrpcClientProtocolClient.java:onNext(264)) - client-81548DF8A073->e623342b-5bbf-4d05-bd5a-d794b510d69e: receive RaftClientReply:client-81548DF8A073->e623342b-5bbf-4d05-bd5a-d794b510d69e@group-3473BDC1751F, cid=9, FAILED org.apache.ratis.protocol.NotLeaderException: Server e623342b-5bbf-4d05-bd5a-d794b510d69e@group-3473BDC1751F is not the leader, logIndex=0, commits[e623342b-5bbf-4d05-bd5a-d794b510d69e:c-1]
2019-09-20 20:38:56,179 [grpc-default-executor-1] INFO  client.GrpcClientProtocolClient (GrpcClientProtocolClient.java:onNext(264)) - client-81548DF8A073->8f224f1b-d9dc-4828-9c73-f3cae17f637a: receive RaftClientReply:client-81548DF8A073->8f224f1b-d9dc-4828-9c73-f3cae17f637a@group-3473BDC1751F, cid=9, FAILED org.apache.ratis.protocol.NotLeaderException: Server 8f224f1b-d9dc-4828-9c73-f3cae17f637a@group-3473BDC1751F is not the leader, logIndex=0, commits[8f224f1b-d9dc-4828-9c73-f3cae17f637a:c-1]
2019-09-20 20:38:56,897 [ReplicationMonitor] INFO  container.ReplicationManager (ReplicationManager.java:run(225)) - Replication Monitor Thread took 0 milliseconds for processing 1 containers.
2019-09-20 20:38:57,201 [grpc-default-executor-1] INFO  client.GrpcClientProtocolClient (GrpcClientProtocolClient.java:onNext(264)) - client-81548DF8A073->7ee768e4-b454-4ab3-a6d6-c85a180fbc63: receive RaftClientReply:client-81548DF8A073->7ee768e4-b454-4ab3-a6d6-c85a180fbc63@group-3473BDC1751F, cid=9, FAILED org.apache.ratis.protocol.NotLeaderException: Server 7ee768e4-b454-4ab3-a6d6-c85a180fbc63@group-3473BDC1751F is not the leader, logIndex=0, commits[7ee768e4-b454-4ab3-a6d6-c85a180fbc63:c-1]
2019-09-20 20:38:57,476 [Thread-195] INFO  impl.FollowerState (FollowerState.java:run(106)) - 7ee768e4-b454-4ab3-a6d6-c85a180fbc63:group-8312D1C244A7 changes to CANDIDATE, lastRpcTime:5097, electionTimeout:5096ms
2019-09-20 20:38:57,480 [Thread-195] INFO  impl.RoleInfo (RoleInfo.java:shutdownFollowerState(121)) - 7ee768e4-b454-4ab3-a6d6-c85a180fbc63: shutdown FollowerState
2019-09-20 20:38:57,481 [Thread-195] INFO  impl.RaftServerImpl (RaftServerImpl.java:setRole(174)) - 7ee768e4-b454-4ab3-a6d6-c85a180fbc63@group-8312D1C244A7: changes role from  FOLLOWER to CANDIDATE at term 0 for changeToCandidate
2019-09-20 20:38:57,487 [Thread-195] INFO  impl.RoleInfo (RoleInfo.java:updateAndGet(143)) - 7ee768e4-b454-4ab3-a6d6-c85a180fbc63: start LeaderElection
2019-09-20 20:38:57,514 [7ee768e4-b454-4ab3-a6d6-c85a180fbc63@group-8312D1C244A7:LeaderElection1] INFO  impl.LeaderElection (LeaderElection.java:askForVotes(182)) - 7ee768e4-b454-4ab3-a6d6-c85a180fbc63@group-8312D1C244A7:LeaderElection1: begin an election at term 1 for -1: [7ee768e4-b454-4ab3-a6d6-c85a180fbc63:192.168.151.66:38984], old=null
2019-09-20 20:38:57,515 [7ee768e4-b454-4ab3-a6d6-c85a180fbc63@group-8312D1C244A7:LeaderElection1] INFO  impl.RoleInfo (RoleInfo.java:shutdownLeaderElection(134)) - 7ee768e4-b454-4ab3-a6d6-c85a180fbc63: shutdown LeaderElection
2019-09-20 20:38:57,516 [7ee768e4-b454-4ab3-a6d6-c85a180fbc63@group-8312D1C244A7:LeaderElection1] INFO  impl.RaftServerImpl (RaftServerImpl.java:setRole(174)) - 7ee768e4-b454-4ab3-a6d6-c85a180fbc63@group-8312D1C244A7: changes role from CANDIDATE to LEADER at term 1 for changeToLeader
2019-09-20 20:38:57,516 [7ee768e4-b454-4ab3-a6d6-c85a180fbc63@group-8312D1C244A7:LeaderElection1] INFO  impl.RaftServerImpl (ServerState.java:setLeader(253)) - 7ee768e4-b454-4ab3-a6d6-c85a180fbc63@group-8312D1C244A7: change Leader from null to 7ee768e4-b454-4ab3-a6d6-c85a180fbc63 at term 1 for becomeLeader, leader elected after 5260ms
2019-09-20 20:38:57,523 [7ee768e4-b454-4ab3-a6d6-c85a180fbc63@group-8312D1C244A7:LeaderElection1] INFO  server.RaftServerConfigKeys (ConfUtils.java:logGet(43)) - raft.server.staging.catchup.gap = 1000 (default)
2019-09-20 20:38:57,523 [7ee768e4-b454-4ab3-a6d6-c85a180fbc63@group-8312D1C244A7:LeaderElection1] INFO  server.RaftServerConfigKeys (ConfUtils.java:logGet(43)) - raft.server.rpc.sleep.time = 25ms (default)
2019-09-20 20:38:57,527 [7ee768e4-b454-4ab3-a6d6-c85a180fbc63@group-8312D1C244A7:LeaderElection1] INFO  server.RaftServerConfigKeys (ConfUtils.java:logGet(43)) - raft.server.write.element-limit = 4096 (default)
2019-09-20 20:38:57,529 [7ee768e4-b454-4ab3-a6d6-c85a180fbc63@group-8312D1C244A7:LeaderElection1] INFO  server.RaftServerConfigKeys (ConfUtils.java:logGet(43)) - raft.server.watch.timeout = 10s (default)
2019-09-20 20:38:57,530 [7ee768e4-b454-4ab3-a6d6-c85a180fbc63@group-8312D1C244A7:LeaderElection1] INFO  server.RaftServerConfigKeys (ConfUtils.java:logGet(43)) - raft.server.watch.timeout.denomination = 1s (default)
2019-09-20 20:38:57,531 [7ee768e4-b454-4ab3-a6d6-c85a180fbc63@group-8312D1C244A7:LeaderElection1] INFO  server.RaftServerConfigKeys (ConfUtils.java:logGet(43)) - raft.server.watch.element-limit = 65536 (default)
2019-09-20 20:38:57,542 [7ee768e4-b454-4ab3-a6d6-c85a180fbc63@group-8312D1C244A7:LeaderElection1] INFO  impl.RoleInfo (RoleInfo.java:updateAndGet(143)) - 7ee768e4-b454-4ab3-a6d6-c85a180fbc63: start LeaderState
2019-09-20 20:38:57,564 [7ee768e4-b454-4ab3-a6d6-c85a180fbc63@group-8312D1C244A7:LeaderElection1] INFO  segmented.SegmentedRaftLogWorker (SegmentedRaftLogWorker.java:startLogSegment(380)) - 7ee768e4-b454-4ab3-a6d6-c85a180fbc63@group-8312D1C244A7-SegmentedRaftLogWorker: Starting segment from index:0
2019-09-20 20:38:57,573 [7ee768e4-b454-4ab3-a6d6-c85a180fbc63@group-8312D1C244A7:LeaderElection1] INFO  impl.RaftServerImpl (ServerState.java:setRaftConf(354)) - 7ee768e4-b454-4ab3-a6d6-c85a180fbc63@group-8312D1C244A7: set configuration 0: [7ee768e4-b454-4ab3-a6d6-c85a180fbc63:192.168.151.66:38984], old=null at 0
2019-09-20 20:38:57,604 [Thread-198] INFO  impl.FollowerState (FollowerState.java:run(106)) - 8f224f1b-d9dc-4828-9c73-f3cae17f637a:group-4BC6CF39152F changes to CANDIDATE, lastRpcTime:5043, electionTimeout:5042ms
2019-09-20 20:38:57,606 [Thread-198] INFO  impl.RoleInfo (RoleInfo.java:shutdownFollowerState(121)) - 8f224f1b-d9dc-4828-9c73-f3cae17f637a: shutdown FollowerState
2019-09-20 20:38:57,606 [Thread-198] INFO  impl.RaftServerImpl (RaftServerImpl.java:setRole(174)) - 8f224f1b-d9dc-4828-9c73-f3cae17f637a@group-4BC6CF39152F: changes role from  FOLLOWER to CANDIDATE at term 0 for changeToCandidate
2019-09-20 20:38:57,606 [Thread-198] INFO  impl.RoleInfo (RoleInfo.java:updateAndGet(143)) - 8f224f1b-d9dc-4828-9c73-f3cae17f637a: start LeaderElection
2019-09-20 20:38:57,623 [8f224f1b-d9dc-4828-9c73-f3cae17f637a@group-4BC6CF39152F:LeaderElection2] INFO  impl.LeaderElection (LeaderElection.java:askForVotes(182)) - 8f224f1b-d9dc-4828-9c73-f3cae17f637a@group-4BC6CF39152F:LeaderElection2: begin an election at term 1 for -1: [8f224f1b-d9dc-4828-9c73-f3cae17f637a:192.168.151.66:44590], old=null
2019-09-20 20:38:57,625 [8f224f1b-d9dc-4828-9c73-f3cae17f637a@group-4BC6CF39152F:LeaderElection2] INFO  impl.RoleInfo (RoleInfo.java:shutdownLeaderElection(134)) - 8f224f1b-d9dc-4828-9c73-f3cae17f637a: shutdown LeaderElection
2019-09-20 20:38:57,625 [8f224f1b-d9dc-4828-9c73-f3cae17f637a@group-4BC6CF39152F:LeaderElection2] INFO  impl.RaftServerImpl (RaftServerImpl.java:setRole(174)) - 8f224f1b-d9dc-4828-9c73-f3cae17f637a@group-4BC6CF39152F: changes role from CANDIDATE to LEADER at term 1 for changeToLeader
2019-09-20 20:38:57,625 [8f224f1b-d9dc-4828-9c73-f3cae17f637a@group-4BC6CF39152F:LeaderElection2] INFO  impl.RaftServerImpl (ServerState.java:setLeader(253)) - 8f224f1b-d9dc-4828-9c73-f3cae17f637a@group-4BC6CF39152F: change Leader from null to 8f224f1b-d9dc-4828-9c73-f3cae17f637a at term 1 for becomeLeader, leader elected after 5084ms
2019-09-20 20:38:57,625 [8f224f1b-d9dc-4828-9c73-f3cae17f637a@group-4BC6CF39152F:LeaderElection2] INFO  server.RaftServerConfigKeys (ConfUtils.java:logGet(43)) - raft.server.staging.catchup.gap = 1000 (default)
2019-09-20 20:38:57,625 [8f224f1b-d9dc-4828-9c73-f3cae17f637a@group-4BC6CF39152F:LeaderElection2] INFO  server.RaftServerConfigKeys (ConfUtils.java:logGet(43)) - raft.server.rpc.sleep.time = 25ms (default)
2019-09-20 20:38:57,626 [8f224f1b-d9dc-4828-9c73-f3cae17f637a@group-4BC6CF39152F:LeaderElection2] INFO  server.RaftServerConfigKeys (ConfUtils.java:logGet(43)) - raft.server.write.element-limit = 4096 (default)
2019-09-20 20:38:57,626 [8f224f1b-d9dc-4828-9c73-f3cae17f637a@group-4BC6CF39152F:LeaderElection2] INFO  server.RaftServerConfigKeys (ConfUtils.java:logGet(43)) - raft.server.watch.timeout = 10s (default)
2019-09-20 20:38:57,626 [8f224f1b-d9dc-4828-9c73-f3cae17f637a@group-4BC6CF39152F:LeaderElection2] INFO  server.RaftServerConfigKeys (ConfUtils.java:logGet(43)) - raft.server.watch.timeout.denomination = 1s (default)
2019-09-20 20:38:57,626 [8f224f1b-d9dc-4828-9c73-f3cae17f637a@group-4BC6CF39152F:LeaderElection2] INFO  server.RaftServerConfigKeys (ConfUtils.java:logGet(43)) - raft.server.watch.element-limit = 65536 (default)
2019-09-20 20:38:57,629 [8f224f1b-d9dc-4828-9c73-f3cae17f637a@group-4BC6CF39152F:LeaderElection2] INFO  impl.RoleInfo (RoleInfo.java:updateAndGet(143)) - 8f224f1b-d9dc-4828-9c73-f3cae17f637a: start LeaderState
2019-09-20 20:38:57,629 [8f224f1b-d9dc-4828-9c73-f3cae17f637a@group-4BC6CF39152F:LeaderElection2] INFO  segmented.SegmentedRaftLogWorker (SegmentedRaftLogWorker.java:startLogSegment(380)) - 8f224f1b-d9dc-4828-9c73-f3cae17f637a@group-4BC6CF39152F-SegmentedRaftLogWorker: Starting segment from index:0
2019-09-20 20:38:57,630 [8f224f1b-d9dc-4828-9c73-f3cae17f637a@group-4BC6CF39152F:LeaderElection2] INFO  impl.RaftServerImpl (ServerState.java:setRaftConf(354)) - 8f224f1b-d9dc-4828-9c73-f3cae17f637a@group-4BC6CF39152F: set configuration 0: [8f224f1b-d9dc-4828-9c73-f3cae17f637a:192.168.151.66:44590], old=null at 0
2019-09-20 20:38:57,708 [Thread-201] INFO  impl.FollowerState (FollowerState.java:run(106)) - e623342b-5bbf-4d05-bd5a-d794b510d69e:group-574BF3A992B6 changes to CANDIDATE, lastRpcTime:5021, electionTimeout:5021ms
2019-09-20 20:38:57,708 [Thread-201] INFO  impl.RoleInfo (RoleInfo.java:shutdownFollowerState(121)) - e623342b-5bbf-4d05-bd5a-d794b510d69e: shutdown FollowerState
2019-09-20 20:38:57,708 [Thread-201] INFO  impl.RaftServerImpl (RaftServerImpl.java:setRole(174)) - e623342b-5bbf-4d05-bd5a-d794b510d69e@group-574BF3A992B6: changes role from  FOLLOWER to CANDIDATE at term 0 for changeToCandidate
2019-09-20 20:38:57,708 [Thread-201] INFO  impl.RoleInfo (RoleInfo.java:updateAndGet(143)) - e623342b-5bbf-4d05-bd5a-d794b510d69e: start LeaderElection
2019-09-20 20:38:57,725 [e623342b-5bbf-4d05-bd5a-d794b510d69e@group-574BF3A992B6:LeaderElection3] INFO  impl.LeaderElection (LeaderElection.java:askForVotes(182)) - e623342b-5bbf-4d05-bd5a-d794b510d69e@group-574BF3A992B6:LeaderElection3: begin an election at term 1 for -1: [e623342b-5bbf-4d05-bd5a-d794b510d69e:192.168.151.66:32982], old=null
2019-09-20 20:38:57,725 [e623342b-5bbf-4d05-bd5a-d794b510d69e@group-574BF3A992B6:LeaderElection3] INFO  impl.RoleInfo (RoleInfo.java:shutdownLeaderElection(134)) - e623342b-5bbf-4d05-bd5a-d794b510d69e: shutdown LeaderElection
2019-09-20 20:38:57,725 [e623342b-5bbf-4d05-bd5a-d794b510d69e@group-574BF3A992B6:LeaderElection3] INFO  impl.RaftServerImpl (RaftServerImpl.java:setRole(174)) - e623342b-5bbf-4d05-bd5a-d794b510d69e@group-574BF3A992B6: changes role from CANDIDATE to LEADER at term 1 for changeToLeader
2019-09-20 20:38:57,725 [e623342b-5bbf-4d05-bd5a-d794b510d69e@group-574BF3A992B6:LeaderElection3] INFO  impl.RaftServerImpl (ServerState.java:setLeader(253)) - e623342b-5bbf-4d05-bd5a-d794b510d69e@group-574BF3A992B6: change Leader from null to e623342b-5bbf-4d05-bd5a-d794b510d69e at term 1 for becomeLeader, leader elected after 5078ms
2019-09-20 20:38:57,727 [e623342b-5bbf-4d05-bd5a-d794b510d69e@group-574BF3A992B6:LeaderElection3] INFO  server.RaftServerConfigKeys (ConfUtils.java:logGet(43)) - raft.server.staging.catchup.gap = 1000 (default)
2019-09-20 20:38:57,727 [e623342b-5bbf-4d05-bd5a-d794b510d69e@group-574BF3A992B6:LeaderElection3] INFO  server.RaftServerConfigKeys (ConfUtils.java:logGet(43)) - raft.server.rpc.sleep.time = 25ms (default)
2019-09-20 20:38:57,727 [e623342b-5bbf-4d05-bd5a-d794b510d69e@group-574BF3A992B6:LeaderElection3] INFO  server.RaftServerConfigKeys (ConfUtils.java:logGet(43)) - raft.server.write.element-limit = 4096 (default)
2019-09-20 20:38:57,728 [e623342b-5bbf-4d05-bd5a-d794b510d69e@group-574BF3A992B6:LeaderElection3] INFO  server.RaftServerConfigKeys (ConfUtils.java:logGet(43)) - raft.server.watch.timeout = 10s (default)
2019-09-20 20:38:57,728 [e623342b-5bbf-4d05-bd5a-d794b510d69e@group-574BF3A992B6:LeaderElection3] INFO  server.RaftServerConfigKeys (ConfUtils.java:logGet(43)) - raft.server.watch.timeout.denomination = 1s (default)
2019-09-20 20:38:57,728 [e623342b-5bbf-4d05-bd5a-d794b510d69e@group-574BF3A992B6:LeaderElection3] INFO  server.RaftServerConfigKeys (ConfUtils.java:logGet(43)) - raft.server.watch.element-limit = 65536 (default)
2019-09-20 20:38:57,731 [e623342b-5bbf-4d05-bd5a-d794b510d69e@group-574BF3A992B6:LeaderElection3] INFO  impl.RoleInfo (RoleInfo.java:updateAndGet(143)) - e623342b-5bbf-4d05-bd5a-d794b510d69e: start LeaderState
2019-09-20 20:38:57,731 [e623342b-5bbf-4d05-bd5a-d794b510d69e@group-574BF3A992B6:LeaderElection3] INFO  segmented.SegmentedRaftLogWorker (SegmentedRaftLogWorker.java:startLogSegment(380)) - e623342b-5bbf-4d05-bd5a-d794b510d69e@group-574BF3A992B6-SegmentedRaftLogWorker: Starting segment from index:0
2019-09-20 20:38:57,732 [e623342b-5bbf-4d05-bd5a-d794b510d69e@group-574BF3A992B6:LeaderElection3] INFO  impl.RaftServerImpl (ServerState.java:setRaftConf(354)) - e623342b-5bbf-4d05-bd5a-d794b510d69e@group-574BF3A992B6: set configuration 0: [e623342b-5bbf-4d05-bd5a-d794b510d69e:192.168.151.66:32982], old=null at 0
2019-09-20 20:38:57,781 [7ee768e4-b454-4ab3-a6d6-c85a180fbc63@group-8312D1C244A7-SegmentedRaftLogWorker] INFO  segmented.SegmentedRaftLogWorker (SegmentedRaftLogWorker.java:execute(569)) - 7ee768e4-b454-4ab3-a6d6-c85a180fbc63@group-8312D1C244A7-SegmentedRaftLogWorker: created new log segment /workdir/hadoop-ozone/integration-test/target/test-dir/MiniOzoneClusterImpl-c887730b-6e6c-4bb9-8bab-4404ac13c8e2/datanode-0/data/ratis/909d78ea-bc18-4223-9be7-8312d1c244a7/current/log_inprogress_0
2019-09-20 20:38:57,781 [e623342b-5bbf-4d05-bd5a-d794b510d69e@group-574BF3A992B6-SegmentedRaftLogWorker] INFO  segmented.SegmentedRaftLogWorker (SegmentedRaftLogWorker.java:execute(569)) - e623342b-5bbf-4d05-bd5a-d794b510d69e@group-574BF3A992B6-SegmentedRaftLogWorker: created new log segment /workdir/hadoop-ozone/integration-test/target/test-dir/MiniOzoneClusterImpl-c887730b-6e6c-4bb9-8bab-4404ac13c8e2/datanode-2/data/ratis/c7130370-5dda-438a-95fc-574bf3a992b6/current/log_inprogress_0
2019-09-20 20:38:57,781 [8f224f1b-d9dc-4828-9c73-f3cae17f637a@group-4BC6CF39152F-SegmentedRaftLogWorker] INFO  segmented.SegmentedRaftLogWorker (SegmentedRaftLogWorker.java:execute(569)) - 8f224f1b-d9dc-4828-9c73-f3cae17f637a@group-4BC6CF39152F-SegmentedRaftLogWorker: created new log segment /workdir/hadoop-ozone/integration-test/target/test-dir/MiniOzoneClusterImpl-c887730b-6e6c-4bb9-8bab-4404ac13c8e2/datanode-3/data/ratis/235e5373-568d-4ce5-af6b-4bc6cf39152f/current/log_inprogress_0
2019-09-20 20:38:57,872 [Thread-204] INFO  impl.FollowerState (FollowerState.java:run(106)) - 61b22c1f-636f-4a11-b485-b0b1337f1d95:group-A82E7F7AC167 changes to CANDIDATE, lastRpcTime:5119, electionTimeout:5119ms
2019-09-20 20:38:57,872 [Thread-204] INFO  impl.RoleInfo (RoleInfo.java:shutdownFollowerState(121)) - 61b22c1f-636f-4a11-b485-b0b1337f1d95: shutdown FollowerState
2019-09-20 20:38:57,872 [Thread-204] INFO  impl.RaftServerImpl (RaftServerImpl.java:setRole(174)) - 61b22c1f-636f-4a11-b485-b0b1337f1d95@group-A82E7F7AC167: changes role from  FOLLOWER to CANDIDATE at term 0 for changeToCandidate
2019-09-20 20:38:57,873 [Thread-204] INFO  impl.RoleInfo (RoleInfo.java:updateAndGet(143)) - 61b22c1f-636f-4a11-b485-b0b1337f1d95: start LeaderElection
2019-09-20 20:38:57,881 [Thread-209] INFO  impl.FollowerState (FollowerState.java:run(106)) - 8f224f1b-d9dc-4828-9c73-f3cae17f637a:group-3473BDC1751F changes to CANDIDATE, lastRpcTime:5011, electionTimeout:5011ms
2019-09-20 20:38:57,881 [Thread-209] INFO  impl.RoleInfo (RoleInfo.java:shutdownFollowerState(121)) - 8f224f1b-d9dc-4828-9c73-f3cae17f637a: shutdown FollowerState
2019-09-20 20:38:57,881 [Thread-209] INFO  impl.RaftServerImpl (RaftServerImpl.java:setRole(174)) - 8f224f1b-d9dc-4828-9c73-f3cae17f637a@group-3473BDC1751F: changes role from  FOLLOWER to CANDIDATE at term 0 for changeToCandidate
2019-09-20 20:38:57,882 [Thread-209] INFO  impl.RoleInfo (RoleInfo.java:updateAndGet(143)) - 8f224f1b-d9dc-4828-9c73-f3cae17f637a: start LeaderElection
2019-09-20 20:38:57,890 [61b22c1f-636f-4a11-b485-b0b1337f1d95@group-A82E7F7AC167:LeaderElection4] INFO  impl.LeaderElection (LeaderElection.java:askForVotes(182)) - 61b22c1f-636f-4a11-b485-b0b1337f1d95@group-A82E7F7AC167:LeaderElection4: begin an election at term 1 for -1: [61b22c1f-636f-4a11-b485-b0b1337f1d95:192.168.151.66:37536], old=null
2019-09-20 20:38:57,890 [8f224f1b-d9dc-4828-9c73-f3cae17f637a@group-3473BDC1751F:LeaderElection5] INFO  impl.LeaderElection (LeaderElection.java:askForVotes(182)) - 8f224f1b-d9dc-4828-9c73-f3cae17f637a@group-3473BDC1751F:LeaderElection5: begin an election at term 1 for -1: [7ee768e4-b454-4ab3-a6d6-c85a180fbc63:192.168.151.66:38984, 8f224f1b-d9dc-4828-9c73-f3cae17f637a:192.168.151.66:44590, e623342b-5bbf-4d05-bd5a-d794b510d69e:192.168.151.66:32982], old=null
2019-09-20 20:38:57,890 [61b22c1f-636f-4a11-b485-b0b1337f1d95@group-A82E7F7AC167:LeaderElection4] INFO  impl.RoleInfo (RoleInfo.java:shutdownLeaderElection(134)) - 61b22c1f-636f-4a11-b485-b0b1337f1d95: shutdown LeaderElection
2019-09-20 20:38:57,890 [61b22c1f-636f-4a11-b485-b0b1337f1d95@group-A82E7F7AC167:LeaderElection4] INFO  impl.RaftServerImpl (RaftServerImpl.java:setRole(174)) - 61b22c1f-636f-4a11-b485-b0b1337f1d95@group-A82E7F7AC167: changes role from CANDIDATE to LEADER at term 1 for changeToLeader
2019-09-20 20:38:57,891 [61b22c1f-636f-4a11-b485-b0b1337f1d95@group-A82E7F7AC167:LeaderElection4] INFO  impl.RaftServerImpl (ServerState.java:setLeader(253)) - 61b22c1f-636f-4a11-b485-b0b1337f1d95@group-A82E7F7AC167: change Leader from null to 61b22c1f-636f-4a11-b485-b0b1337f1d95 at term 1 for becomeLeader, leader elected after 5155ms
2019-09-20 20:38:57,892 [61b22c1f-636f-4a11-b485-b0b1337f1d95@group-A82E7F7AC167:LeaderElection4] INFO  server.RaftServerConfigKeys (ConfUtils.java:logGet(43)) - raft.server.staging.catchup.gap = 1000 (default)
2019-09-20 20:38:57,892 [61b22c1f-636f-4a11-b485-b0b1337f1d95@group-A82E7F7AC167:LeaderElection4] INFO  server.RaftServerConfigKeys (ConfUtils.java:logGet(43)) - raft.server.rpc.sleep.time = 25ms (default)
2019-09-20 20:38:57,893 [61b22c1f-636f-4a11-b485-b0b1337f1d95@group-A82E7F7AC167:LeaderElection4] INFO  server.RaftServerConfigKeys (ConfUtils.java:logGet(43)) - raft.server.write.element-limit = 4096 (default)
2019-09-20 20:38:57,893 [61b22c1f-636f-4a11-b485-b0b1337f1d95@group-A82E7F7AC167:LeaderElection4] INFO  server.RaftServerConfigKeys (ConfUtils.java:logGet(43)) - raft.server.watch.timeout = 10s (default)
2019-09-20 20:38:57,893 [61b22c1f-636f-4a11-b485-b0b1337f1d95@group-A82E7F7AC167:LeaderElection4] INFO  server.RaftServerConfigKeys (ConfUtils.java:logGet(43)) - raft.server.watch.timeout.denomination = 1s (default)
2019-09-20 20:38:57,893 [61b22c1f-636f-4a11-b485-b0b1337f1d95@group-A82E7F7AC167:LeaderElection4] INFO  server.RaftServerConfigKeys (ConfUtils.java:logGet(43)) - raft.server.watch.element-limit = 65536 (default)
2019-09-20 20:38:57,896 [61b22c1f-636f-4a11-b485-b0b1337f1d95@group-A82E7F7AC167:LeaderElection4] INFO  impl.RoleInfo (RoleInfo.java:updateAndGet(143)) - 61b22c1f-636f-4a11-b485-b0b1337f1d95: start LeaderState
2019-09-20 20:38:57,896 [61b22c1f-636f-4a11-b485-b0b1337f1d95@group-A82E7F7AC167:LeaderElection4] INFO  segmented.SegmentedRaftLogWorker (SegmentedRaftLogWorker.java:startLogSegment(380)) - 61b22c1f-636f-4a11-b485-b0b1337f1d95@group-A82E7F7AC167-SegmentedRaftLogWorker: Starting segment from index:0
2019-09-20 20:38:57,897 [61b22c1f-636f-4a11-b485-b0b1337f1d95@group-A82E7F7AC167:LeaderElection4] INFO  impl.RaftServerImpl (ServerState.java:setRaftConf(354)) - 61b22c1f-636f-4a11-b485-b0b1337f1d95@group-A82E7F7AC167: set configuration 0: [61b22c1f-636f-4a11-b485-b0b1337f1d95:192.168.151.66:37536], old=null at 0
2019-09-20 20:38:57,932 [Thread-211] INFO  impl.FollowerState (FollowerState.java:run(106)) - e623342b-5bbf-4d05-bd5a-d794b510d69e:group-3473BDC1751F changes to CANDIDATE, lastRpcTime:5053, electionTimeout:5052ms
2019-09-20 20:38:57,932 [Thread-211] INFO  impl.RoleInfo (RoleInfo.java:shutdownFollowerState(121)) - e623342b-5bbf-4d05-bd5a-d794b510d69e: shutdown FollowerState
2019-09-20 20:38:57,932 [Thread-211] INFO  impl.RaftServerImpl (RaftServerImpl.java:setRole(174)) - e623342b-5bbf-4d05-bd5a-d794b510d69e@group-3473BDC1751F: changes role from  FOLLOWER to CANDIDATE at term 0 for changeToCandidate
2019-09-20 20:38:57,933 [Thread-211] INFO  impl.RoleInfo (RoleInfo.java:updateAndGet(143)) - e623342b-5bbf-4d05-bd5a-d794b510d69e: start LeaderElection
2019-09-20 20:38:57,943 [61b22c1f-636f-4a11-b485-b0b1337f1d95@group-A82E7F7AC167-SegmentedRaftLogWorker] INFO  segmented.SegmentedRaftLogWorker (SegmentedRaftLogWorker.java:execute(569)) - 61b22c1f-636f-4a11-b485-b0b1337f1d95@group-A82E7F7AC167-SegmentedRaftLogWorker: created new log segment /workdir/hadoop-ozone/integration-test/target/test-dir/MiniOzoneClusterImpl-c887730b-6e6c-4bb9-8bab-4404ac13c8e2/datanode-1/data/ratis/914421e6-5a6d-4f08-8c98-a82e7f7ac167/current/log_inprogress_0
2019-09-20 20:38:57,956 [e623342b-5bbf-4d05-bd5a-d794b510d69e@group-3473BDC1751F:LeaderElection6] INFO  impl.LeaderElection (LeaderElection.java:askForVotes(182)) - e623342b-5bbf-4d05-bd5a-d794b510d69e@group-3473BDC1751F:LeaderElection6: begin an election at term 1 for -1: [7ee768e4-b454-4ab3-a6d6-c85a180fbc63:192.168.151.66:38984, 8f224f1b-d9dc-4828-9c73-f3cae17f637a:192.168.151.66:44590, e623342b-5bbf-4d05-bd5a-d794b510d69e:192.168.151.66:32982], old=null
2019-09-20 20:38:57,956 [Thread-213] INFO  impl.FollowerState (FollowerState.java:run(106)) - 7ee768e4-b454-4ab3-a6d6-c85a180fbc63:group-3473BDC1751F changes to CANDIDATE, lastRpcTime:5074, electionTimeout:5071ms
2019-09-20 20:38:57,957 [Thread-213] INFO  impl.RoleInfo (RoleInfo.java:shutdownFollowerState(121)) - 7ee768e4-b454-4ab3-a6d6-c85a180fbc63: shutdown FollowerState
2019-09-20 20:38:57,957 [Thread-213] INFO  impl.RaftServerImpl (RaftServerImpl.java:setRole(174)) - 7ee768e4-b454-4ab3-a6d6-c85a180fbc63@group-3473BDC1751F: changes role from  FOLLOWER to CANDIDATE at term 0 for changeToCandidate
2019-09-20 20:38:57,957 [Thread-213] INFO  impl.RoleInfo (RoleInfo.java:updateAndGet(143)) - 7ee768e4-b454-4ab3-a6d6-c85a180fbc63: start LeaderElection
2019-09-20 20:38:57,975 [7ee768e4-b454-4ab3-a6d6-c85a180fbc63@group-3473BDC1751F:LeaderElection7] INFO  impl.LeaderElection (LeaderElection.java:askForVotes(182)) - 7ee768e4-b454-4ab3-a6d6-c85a180fbc63@group-3473BDC1751F:LeaderElection7: begin an election at term 1 for -1: [7ee768e4-b454-4ab3-a6d6-c85a180fbc63:192.168.151.66:38984, 8f224f1b-d9dc-4828-9c73-f3cae17f637a:192.168.151.66:44590, e623342b-5bbf-4d05-bd5a-d794b510d69e:192.168.151.66:32982], old=null
2019-09-20 20:38:57,984 [8f224f1b-d9dc-4828-9c73-f3cae17f637a@group-3473BDC1751F:LeaderElection5] INFO  impl.LeaderElection (LeaderElection.java:logAndReturn(56)) - 8f224f1b-d9dc-4828-9c73-f3cae17f637a@group-3473BDC1751F:LeaderElection5: Election REJECTED; received 2 response(s) [8f224f1b-d9dc-4828-9c73-f3cae17f637a<-7ee768e4-b454-4ab3-a6d6-c85a180fbc63#0:FAIL-t1, 8f224f1b-d9dc-4828-9c73-f3cae17f637a<-e623342b-5bbf-4d05-bd5a-d794b510d69e#0:FAIL-t1] and 0 exception(s); 8f224f1b-d9dc-4828-9c73-f3cae17f637a@group-3473BDC1751F:t1, leader=null, voted=8f224f1b-d9dc-4828-9c73-f3cae17f637a, raftlog=8f224f1b-d9dc-4828-9c73-f3cae17f637a@group-3473BDC1751F-SegmentedRaftLog:OPENED:c-1,f-1,i0, conf=-1: [7ee768e4-b454-4ab3-a6d6-c85a180fbc63:192.168.151.66:38984, 8f224f1b-d9dc-4828-9c73-f3cae17f637a:192.168.151.66:44590, e623342b-5bbf-4d05-bd5a-d794b510d69e:192.168.151.66:32982], old=null
2019-09-20 20:38:57,986 [e623342b-5bbf-4d05-bd5a-d794b510d69e@group-3473BDC1751F:LeaderElection6] INFO  impl.LeaderElection (LeaderElection.java:logAndReturn(56)) - e623342b-5bbf-4d05-bd5a-d794b510d69e@group-3473BDC1751F:LeaderElection6: Election REJECTED; received 2 response(s) [e623342b-5bbf-4d05-bd5a-d794b510d69e<-7ee768e4-b454-4ab3-a6d6-c85a180fbc63#0:FAIL-t1, e623342b-5bbf-4d05-bd5a-d794b510d69e<-8f224f1b-d9dc-4828-9c73-f3cae17f637a#0:FAIL-t1] and 0 exception(s); e623342b-5bbf-4d05-bd5a-d794b510d69e@group-3473BDC1751F:t1, leader=null, voted=e623342b-5bbf-4d05-bd5a-d794b510d69e, raftlog=e623342b-5bbf-4d05-bd5a-d794b510d69e@group-3473BDC1751F-SegmentedRaftLog:OPENED:c-1,f-1,i0, conf=-1: [7ee768e4-b454-4ab3-a6d6-c85a180fbc63:192.168.151.66:38984, 8f224f1b-d9dc-4828-9c73-f3cae17f637a:192.168.151.66:44590, e623342b-5bbf-4d05-bd5a-d794b510d69e:192.168.151.66:32982], old=null
2019-09-20 20:38:57,987 [8f224f1b-d9dc-4828-9c73-f3cae17f637a@group-3473BDC1751F:LeaderElection5] INFO  impl.RaftServerImpl (RaftServerImpl.java:setRole(174)) - 8f224f1b-d9dc-4828-9c73-f3cae17f637a@group-3473BDC1751F: changes role from CANDIDATE to FOLLOWER at term 1 for DISCOVERED_A_NEW_TERM
2019-09-20 20:38:57,989 [8f224f1b-d9dc-4828-9c73-f3cae17f637a@group-3473BDC1751F:LeaderElection5] INFO  impl.RoleInfo (RoleInfo.java:shutdownLeaderElection(134)) - 8f224f1b-d9dc-4828-9c73-f3cae17f637a: shutdown LeaderElection
2019-09-20 20:38:57,990 [e623342b-5bbf-4d05-bd5a-d794b510d69e@group-3473BDC1751F:LeaderElection6] INFO  impl.RaftServerImpl (RaftServerImpl.java:setRole(174)) - e623342b-5bbf-4d05-bd5a-d794b510d69e@group-3473BDC1751F: changes role from CANDIDATE to FOLLOWER at term 1 for DISCOVERED_A_NEW_TERM
2019-09-20 20:38:57,991 [e623342b-5bbf-4d05-bd5a-d794b510d69e@group-3473BDC1751F:LeaderElection6] INFO  impl.RoleInfo (RoleInfo.java:shutdownLeaderElection(134)) - e623342b-5bbf-4d05-bd5a-d794b510d69e: shutdown LeaderElection
2019-09-20 20:38:57,992 [8f224f1b-d9dc-4828-9c73-f3cae17f637a@group-3473BDC1751F:LeaderElection5] INFO  impl.RoleInfo (RoleInfo.java:updateAndGet(143)) - 8f224f1b-d9dc-4828-9c73-f3cae17f637a: start FollowerState
2019-09-20 20:38:57,992 [e623342b-5bbf-4d05-bd5a-d794b510d69e@group-3473BDC1751F:LeaderElection6] INFO  impl.RoleInfo (RoleInfo.java:updateAndGet(143)) - e623342b-5bbf-4d05-bd5a-d794b510d69e: start FollowerState
2019-09-20 20:38:58,002 [7ee768e4-b454-4ab3-a6d6-c85a180fbc63@group-3473BDC1751F:LeaderElection7] INFO  impl.LeaderElection (LeaderElection.java:logAndReturn(56)) - 7ee768e4-b454-4ab3-a6d6-c85a180fbc63@group-3473BDC1751F:LeaderElection7: Election REJECTED; received 2 response(s) [7ee768e4-b454-4ab3-a6d6-c85a180fbc63<-e623342b-5bbf-4d05-bd5a-d794b510d69e#0:FAIL-t1, 7ee768e4-b454-4ab3-a6d6-c85a180fbc63<-8f224f1b-d9dc-4828-9c73-f3cae17f637a#0:FAIL-t1] and 0 exception(s); 7ee768e4-b454-4ab3-a6d6-c85a180fbc63@group-3473BDC1751F:t1, leader=null, voted=7ee768e4-b454-4ab3-a6d6-c85a180fbc63, raftlog=7ee768e4-b454-4ab3-a6d6-c85a180fbc63@group-3473BDC1751F-SegmentedRaftLog:OPENED:c-1,f-1,i0, conf=-1: [7ee768e4-b454-4ab3-a6d6-c85a180fbc63:192.168.151.66:38984, 8f224f1b-d9dc-4828-9c73-f3cae17f637a:192.168.151.66:44590, e623342b-5bbf-4d05-bd5a-d794b510d69e:192.168.151.66:32982], old=null
2019-09-20 20:38:58,002 [7ee768e4-b454-4ab3-a6d6-c85a180fbc63@group-3473BDC1751F:LeaderElection7] INFO  impl.RaftServerImpl (RaftServerImpl.java:setRole(174)) - 7ee768e4-b454-4ab3-a6d6-c85a180fbc63@group-3473BDC1751F: changes role from CANDIDATE to FOLLOWER at term 1 for DISCOVERED_A_NEW_TERM
2019-09-20 20:38:58,003 [7ee768e4-b454-4ab3-a6d6-c85a180fbc63@group-3473BDC1751F:LeaderElection7] INFO  impl.RoleInfo (RoleInfo.java:shutdownLeaderElection(134)) - 7ee768e4-b454-4ab3-a6d6-c85a180fbc63: shutdown LeaderElection
2019-09-20 20:38:58,004 [7ee768e4-b454-4ab3-a6d6-c85a180fbc63@group-3473BDC1751F:LeaderElection7] INFO  impl.RoleInfo (RoleInfo.java:updateAndGet(143)) - 7ee768e4-b454-4ab3-a6d6-c85a180fbc63: start FollowerState
2019-09-20 20:38:58,220 [grpc-default-executor-2] INFO  client.GrpcClientProtocolClient (GrpcClientProtocolClient.java:onNext(264)) - client-81548DF8A073->e623342b-5bbf-4d05-bd5a-d794b510d69e: receive RaftClientReply:client-81548DF8A073->e623342b-5bbf-4d05-bd5a-d794b510d69e@group-3473BDC1751F, cid=9, FAILED org.apache.ratis.protocol.NotLeaderException: Server e623342b-5bbf-4d05-bd5a-d794b510d69e@group-3473BDC1751F is not the leader, logIndex=0, commits[e623342b-5bbf-4d05-bd5a-d794b510d69e:c-1]
2019-09-20 20:38:58,897 [ReplicationMonitor] INFO  container.ReplicationManager (ReplicationManager.java:run(225)) - Replication Monitor Thread took 0 milliseconds for processing 1 containers.
2019-09-20 20:38:59,065 [Thread-224] INFO  impl.FollowerState (FollowerState.java:run(106)) - 8f224f1b-d9dc-4828-9c73-f3cae17f637a:group-E0539F3F472A changes to CANDIDATE, lastRpcTime:5033, electionTimeout:5033ms
2019-09-20 20:38:59,066 [Thread-224] INFO  impl.RoleInfo (RoleInfo.java:shutdownFollowerState(121)) - 8f224f1b-d9dc-4828-9c73-f3cae17f637a: shutdown FollowerState
2019-09-20 20:38:59,066 [Thread-224] INFO  impl.RaftServerImpl (RaftServerImpl.java:setRole(174)) - 8f224f1b-d9dc-4828-9c73-f3cae17f637a@group-E0539F3F472A: changes role from  FOLLOWER to CANDIDATE at term 0 for changeToCandidate
2019-09-20 20:38:59,066 [Thread-224] INFO  impl.RoleInfo (RoleInfo.java:updateAndGet(143)) - 8f224f1b-d9dc-4828-9c73-f3cae17f637a: start LeaderElection
2019-09-20 20:38:59,082 [8f224f1b-d9dc-4828-9c73-f3cae17f637a@group-E0539F3F472A:LeaderElection8] INFO  impl.LeaderElection (LeaderElection.java:askForVotes(182)) - 8f224f1b-d9dc-4828-9c73-f3cae17f637a@group-E0539F3F472A:LeaderElection8: begin an election at term 1 for -1: [8f224f1b-d9dc-4828-9c73-f3cae17f637a:192.168.151.66:44590], old=null
2019-09-20 20:38:59,082 [8f224f1b-d9dc-4828-9c73-f3cae17f637a@group-E0539F3F472A:LeaderElection8] INFO  impl.RoleInfo (RoleInfo.java:shutdownLeaderElection(134)) - 8f224f1b-d9dc-4828-9c73-f3cae17f637a: shutdown LeaderElection
2019-09-20 20:38:59,082 [8f224f1b-d9dc-4828-9c73-f3cae17f637a@group-E0539F3F472A:LeaderElection8] INFO  impl.RaftServerImpl (RaftServerImpl.java:setRole(174)) - 8f224f1b-d9dc-4828-9c73-f3cae17f637a@group-E0539F3F472A: changes role from CANDIDATE to LEADER at term 1 for changeToLeader
2019-09-20 20:38:59,083 [8f224f1b-d9dc-4828-9c73-f3cae17f637a@group-E0539F3F472A:LeaderElection8] INFO  impl.RaftServerImpl (ServerState.java:setLeader(253)) - 8f224f1b-d9dc-4828-9c73-f3cae17f637a@group-E0539F3F472A: change Leader from null to 8f224f1b-d9dc-4828-9c73-f3cae17f637a at term 1 for becomeLeader, leader elected after 5056ms
2019-09-20 20:38:59,083 [8f224f1b-d9dc-4828-9c73-f3cae17f637a@group-E0539F3F472A:LeaderElection8] INFO  server.RaftServerConfigKeys (ConfUtils.java:logGet(43)) - raft.server.staging.catchup.gap = 1000 (default)
2019-09-20 20:38:59,083 [8f224f1b-d9dc-4828-9c73-f3cae17f637a@group-E0539F3F472A:LeaderElection8] INFO  server.RaftServerConfigKeys (ConfUtils.java:logGet(43)) - raft.server.rpc.sleep.time = 25ms (default)
2019-09-20 20:38:59,083 [8f224f1b-d9dc-4828-9c73-f3cae17f637a@group-E0539F3F472A:LeaderElection8] INFO  server.RaftServerConfigKeys (ConfUtils.java:logGet(43)) - raft.server.write.element-limit = 4096 (default)
2019-09-20 20:38:59,084 [8f224f1b-d9dc-4828-9c73-f3cae17f637a@group-E0539F3F472A:LeaderElection8] INFO  server.RaftServerConfigKeys (ConfUtils.java:logGet(43)) - raft.server.watch.timeout = 10s (default)
2019-09-20 20:38:59,084 [8f224f1b-d9dc-4828-9c73-f3cae17f637a@group-E0539F3F472A:LeaderElection8] INFO  server.RaftServerConfigKeys (ConfUtils.java:logGet(43)) - raft.server.watch.timeout.denomination = 1s (default)
2019-09-20 20:38:59,084 [8f224f1b-d9dc-4828-9c73-f3cae17f637a@group-E0539F3F472A:LeaderElection8] INFO  server.RaftServerConfigKeys (ConfUtils.java:logGet(43)) - raft.server.watch.element-limit = 65536 (default)
2019-09-20 20:38:59,088 [8f224f1b-d9dc-4828-9c73-f3cae17f637a@group-E0539F3F472A:LeaderElection8] INFO  impl.RoleInfo (RoleInfo.java:updateAndGet(143)) - 8f224f1b-d9dc-4828-9c73-f3cae17f637a: start LeaderState
2019-09-20 20:38:59,089 [8f224f1b-d9dc-4828-9c73-f3cae17f637a@group-E0539F3F472A:LeaderElection8] INFO  segmented.SegmentedRaftLogWorker (SegmentedRaftLogWorker.java:startLogSegment(380)) - 8f224f1b-d9dc-4828-9c73-f3cae17f637a@group-E0539F3F472A-SegmentedRaftLogWorker: Starting segment from index:0
2019-09-20 20:38:59,089 [8f224f1b-d9dc-4828-9c73-f3cae17f637a@group-E0539F3F472A:LeaderElection8] INFO  impl.RaftServerImpl (ServerState.java:setRaftConf(354)) - 8f224f1b-d9dc-4828-9c73-f3cae17f637a@group-E0539F3F472A: set configuration 0: [8f224f1b-d9dc-4828-9c73-f3cae17f637a:192.168.151.66:44590], old=null at 0
2019-09-20 20:38:59,125 [8f224f1b-d9dc-4828-9c73-f3cae17f637a@group-E0539F3F472A-SegmentedRaftLogWorker] INFO  segmented.SegmentedRaftLogWorker (SegmentedRaftLogWorker.java:execute(569)) - 8f224f1b-d9dc-4828-9c73-f3cae17f637a@group-E0539F3F472A-SegmentedRaftLogWorker: created new log segment /workdir/hadoop-ozone/integration-test/target/test-dir/MiniOzoneClusterImpl-c887730b-6e6c-4bb9-8bab-4404ac13c8e2/datanode-3/data/ratis/f0bac8ad-2047-47d8-aa9a-e0539f3f472a/current/log_inprogress_0
2019-09-20 20:38:59,147 [Thread-227] INFO  impl.FollowerState (FollowerState.java:run(106)) - e623342b-5bbf-4d05-bd5a-d794b510d69e:group-D77B8F4CAE92 changes to CANDIDATE, lastRpcTime:5054, electionTimeout:5054ms
2019-09-20 20:38:59,147 [Thread-227] INFO  impl.RoleInfo (RoleInfo.java:shutdownFollowerState(121)) - e623342b-5bbf-4d05-bd5a-d794b510d69e: shutdown FollowerState
2019-09-20 20:38:59,147 [Thread-227] INFO  impl.RaftServerImpl (RaftServerImpl.java:setRole(174)) - e623342b-5bbf-4d05-bd5a-d794b510d69e@group-D77B8F4CAE92: changes role from  FOLLOWER to CANDIDATE at term 0 for changeToCandidate
2019-09-20 20:38:59,147 [Thread-227] INFO  impl.RoleInfo (RoleInfo.java:updateAndGet(143)) - e623342b-5bbf-4d05-bd5a-d794b510d69e: start LeaderElection
2019-09-20 20:38:59,163 [e623342b-5bbf-4d05-bd5a-d794b510d69e@group-D77B8F4CAE92:LeaderElection9] INFO  impl.LeaderElection (LeaderElection.java:askForVotes(182)) - e623342b-5bbf-4d05-bd5a-d794b510d69e@group-D77B8F4CAE92:LeaderElection9: begin an election at term 1 for -1: [e623342b-5bbf-4d05-bd5a-d794b510d69e:192.168.151.66:32982], old=null
2019-09-20 20:38:59,163 [e623342b-5bbf-4d05-bd5a-d794b510d69e@group-D77B8F4CAE92:LeaderElection9] INFO  impl.RoleInfo (RoleInfo.java:shutdownLeaderElection(134)) - e623342b-5bbf-4d05-bd5a-d794b510d69e: shutdown LeaderElection
2019-09-20 20:38:59,163 [e623342b-5bbf-4d05-bd5a-d794b510d69e@group-D77B8F4CAE92:LeaderElection9] INFO  impl.RaftServerImpl (RaftServerImpl.java:setRole(174)) - e623342b-5bbf-4d05-bd5a-d794b510d69e@group-D77B8F4CAE92: changes role from CANDIDATE to LEADER at term 1 for changeToLeader
2019-09-20 20:38:59,163 [e623342b-5bbf-4d05-bd5a-d794b510d69e@group-D77B8F4CAE92:LeaderElection9] INFO  impl.RaftServerImpl (ServerState.java:setLeader(253)) - e623342b-5bbf-4d05-bd5a-d794b510d69e@group-D77B8F4CAE92: change Leader from null to e623342b-5bbf-4d05-bd5a-d794b510d69e at term 1 for becomeLeader, leader elected after 5083ms
2019-09-20 20:38:59,164 [e623342b-5bbf-4d05-bd5a-d794b510d69e@group-D77B8F4CAE92:LeaderElection9] INFO  server.RaftServerConfigKeys (ConfUtils.java:logGet(43)) - raft.server.staging.catchup.gap = 1000 (default)
2019-09-20 20:38:59,164 [e623342b-5bbf-4d05-bd5a-d794b510d69e@group-D77B8F4CAE92:LeaderElection9] INFO  server.RaftServerConfigKeys (ConfUtils.java:logGet(43)) - raft.server.rpc.sleep.time = 25ms (default)
2019-09-20 20:38:59,164 [e623342b-5bbf-4d05-bd5a-d794b510d69e@group-D77B8F4CAE92:LeaderElection9] INFO  server.RaftServerConfigKeys (ConfUtils.java:logGet(43)) - raft.server.write.element-limit = 4096 (default)
2019-09-20 20:38:59,164 [e623342b-5bbf-4d05-bd5a-d794b510d69e@group-D77B8F4CAE92:LeaderElection9] INFO  server.RaftServerConfigKeys (ConfUtils.java:logGet(43)) - raft.server.watch.timeout = 10s (default)
2019-09-20 20:38:59,165 [e623342b-5bbf-4d05-bd5a-d794b510d69e@group-D77B8F4CAE92:LeaderElection9] INFO  server.RaftServerConfigKeys (ConfUtils.java:logGet(43)) - raft.server.watch.timeout.denomination = 1s (default)
2019-09-20 20:38:59,165 [e623342b-5bbf-4d05-bd5a-d794b510d69e@group-D77B8F4CAE92:LeaderElection9] INFO  server.RaftServerConfigKeys (ConfUtils.java:logGet(43)) - raft.server.watch.element-limit = 65536 (default)
2019-09-20 20:38:59,168 [e623342b-5bbf-4d05-bd5a-d794b510d69e@group-D77B8F4CAE92:LeaderElection9] INFO  impl.RoleInfo (RoleInfo.java:updateAndGet(143)) - e623342b-5bbf-4d05-bd5a-d794b510d69e: start LeaderState
2019-09-20 20:38:59,168 [e623342b-5bbf-4d05-bd5a-d794b510d69e@group-D77B8F4CAE92:LeaderElection9] INFO  segmented.SegmentedRaftLogWorker (SegmentedRaftLogWorker.java:startLogSegment(380)) - e623342b-5bbf-4d05-bd5a-d794b510d69e@group-D77B8F4CAE92-SegmentedRaftLogWorker: Starting segment from index:0
2019-09-20 20:38:59,169 [e623342b-5bbf-4d05-bd5a-d794b510d69e@group-D77B8F4CAE92:LeaderElection9] INFO  impl.RaftServerImpl (ServerState.java:setRaftConf(354)) - e623342b-5bbf-4d05-bd5a-d794b510d69e@group-D77B8F4CAE92: set configuration 0: [e623342b-5bbf-4d05-bd5a-d794b510d69e:192.168.151.66:32982], old=null at 0
2019-09-20 20:38:59,219 [e623342b-5bbf-4d05-bd5a-d794b510d69e@group-D77B8F4CAE92-SegmentedRaftLogWorker] INFO  segmented.SegmentedRaftLogWorker (SegmentedRaftLogWorker.java:execute(569)) - e623342b-5bbf-4d05-bd5a-d794b510d69e@group-D77B8F4CAE92-SegmentedRaftLogWorker: created new log segment /workdir/hadoop-ozone/integration-test/target/test-dir/MiniOzoneClusterImpl-c887730b-6e6c-4bb9-8bab-4404ac13c8e2/datanode-2/data/ratis/c32d95b4-4876-48d2-a5f4-d77b8f4cae92/current/log_inprogress_0
2019-09-20 20:38:59,241 [grpc-default-executor-2] INFO  client.GrpcClientProtocolClient (GrpcClientProtocolClient.java:onNext(264)) - client-81548DF8A073->7ee768e4-b454-4ab3-a6d6-c85a180fbc63: receive RaftClientReply:client-81548DF8A073->7ee768e4-b454-4ab3-a6d6-c85a180fbc63@group-3473BDC1751F, cid=9, FAILED org.apache.ratis.protocol.NotLeaderException: Server 7ee768e4-b454-4ab3-a6d6-c85a180fbc63@group-3473BDC1751F is not the leader, logIndex=0, commits[7ee768e4-b454-4ab3-a6d6-c85a180fbc63:c-1]
2019-09-20 20:38:59,251 [Thread-233] INFO  impl.FollowerState (FollowerState.java:run(106)) - 7ee768e4-b454-4ab3-a6d6-c85a180fbc63:group-5616E3B854B9 changes to CANDIDATE, lastRpcTime:5096, electionTimeout:5094ms
2019-09-20 20:38:59,252 [Thread-233] INFO  impl.RoleInfo (RoleInfo.java:shutdownFollowerState(121)) - 7ee768e4-b454-4ab3-a6d6-c85a180fbc63: shutdown FollowerState
2019-09-20 20:38:59,252 [Thread-233] INFO  impl.RaftServerImpl (RaftServerImpl.java:setRole(174)) - 7ee768e4-b454-4ab3-a6d6-c85a180fbc63@group-5616E3B854B9: changes role from  FOLLOWER to CANDIDATE at term 0 for changeToCandidate
2019-09-20 20:38:59,252 [Thread-233] INFO  impl.RoleInfo (RoleInfo.java:updateAndGet(143)) - 7ee768e4-b454-4ab3-a6d6-c85a180fbc63: start LeaderElection
2019-09-20 20:38:59,261 [7ee768e4-b454-4ab3-a6d6-c85a180fbc63@group-5616E3B854B9:LeaderElection10] INFO  impl.LeaderElection (LeaderElection.java:askForVotes(182)) - 7ee768e4-b454-4ab3-a6d6-c85a180fbc63@group-5616E3B854B9:LeaderElection10: begin an election at term 1 for -1: [7ee768e4-b454-4ab3-a6d6-c85a180fbc63:192.168.151.66:38984], old=null
2019-09-20 20:38:59,261 [7ee768e4-b454-4ab3-a6d6-c85a180fbc63@group-5616E3B854B9:LeaderElection10] INFO  impl.RoleInfo (RoleInfo.java:shutdownLeaderElection(134)) - 7ee768e4-b454-4ab3-a6d6-c85a180fbc63: shutdown LeaderElection
2019-09-20 20:38:59,261 [7ee768e4-b454-4ab3-a6d6-c85a180fbc63@group-5616E3B854B9:LeaderElection10] INFO  impl.RaftServerImpl (RaftServerImpl.java:setRole(174)) - 7ee768e4-b454-4ab3-a6d6-c85a180fbc63@group-5616E3B854B9: changes role from CANDIDATE to LEADER at term 1 for changeToLeader
2019-09-20 20:38:59,261 [7ee768e4-b454-4ab3-a6d6-c85a180fbc63@group-5616E3B854B9:LeaderElection10] INFO  impl.RaftServerImpl (ServerState.java:setLeader(253)) - 7ee768e4-b454-4ab3-a6d6-c85a180fbc63@group-5616E3B854B9: change Leader from null to 7ee768e4-b454-4ab3-a6d6-c85a180fbc63 at term 1 for becomeLeader, leader elected after 5114ms
2019-09-20 20:38:59,261 [7ee768e4-b454-4ab3-a6d6-c85a180fbc63@group-5616E3B854B9:LeaderElection10] INFO  server.RaftServerConfigKeys (ConfUtils.java:logGet(43)) - raft.server.staging.catchup.gap = 1000 (default)
2019-09-20 20:38:59,262 [7ee768e4-b454-4ab3-a6d6-c85a180fbc63@group-5616E3B854B9:LeaderElection10] INFO  server.RaftServerConfigKeys (ConfUtils.java:logGet(43)) - raft.server.rpc.sleep.time = 25ms (default)
2019-09-20 20:38:59,262 [7ee768e4-b454-4ab3-a6d6-c85a180fbc63@group-5616E3B854B9:LeaderElection10] INFO  server.RaftServerConfigKeys (ConfUtils.java:logGet(43)) - raft.server.write.element-limit = 4096 (default)
2019-09-20 20:38:59,262 [7ee768e4-b454-4ab3-a6d6-c85a180fbc63@group-5616E3B854B9:LeaderElection10] INFO  server.RaftServerConfigKeys (ConfUtils.java:logGet(43)) - raft.server.watch.timeout = 10s (default)
2019-09-20 20:38:59,262 [7ee768e4-b454-4ab3-a6d6-c85a180fbc63@group-5616E3B854B9:LeaderElection10] INFO  server.RaftServerConfigKeys (ConfUtils.java:logGet(43)) - raft.server.watch.timeout.denomination = 1s (default)
2019-09-20 20:38:59,262 [7ee768e4-b454-4ab3-a6d6-c85a180fbc63@group-5616E3B854B9:LeaderElection10] INFO  server.RaftServerConfigKeys (ConfUtils.java:logGet(43)) - raft.server.watch.element-limit = 65536 (default)
2019-09-20 20:38:59,264 [7ee768e4-b454-4ab3-a6d6-c85a180fbc63@group-5616E3B854B9:LeaderElection10] INFO  impl.RoleInfo (RoleInfo.java:updateAndGet(143)) - 7ee768e4-b454-4ab3-a6d6-c85a180fbc63: start LeaderState
2019-09-20 20:38:59,264 [7ee768e4-b454-4ab3-a6d6-c85a180fbc63@group-5616E3B854B9:LeaderElection10] INFO  segmented.SegmentedRaftLogWorker (SegmentedRaftLogWorker.java:startLogSegment(380)) - 7ee768e4-b454-4ab3-a6d6-c85a180fbc63@group-5616E3B854B9-SegmentedRaftLogWorker: Starting segment from index:0
2019-09-20 20:38:59,265 [7ee768e4-b454-4ab3-a6d6-c85a180fbc63@group-5616E3B854B9:LeaderElection10] INFO  impl.RaftServerImpl (ServerState.java:setRaftConf(354)) - 7ee768e4-b454-4ab3-a6d6-c85a180fbc63@group-5616E3B854B9: set configuration 0: [7ee768e4-b454-4ab3-a6d6-c85a180fbc63:192.168.151.66:38984], old=null at 0
2019-09-20 20:38:59,294 [7ee768e4-b454-4ab3-a6d6-c85a180fbc63@group-5616E3B854B9-SegmentedRaftLogWorker] INFO  segmented.SegmentedRaftLogWorker (SegmentedRaftLogWorker.java:execute(569)) - 7ee768e4-b454-4ab3-a6d6-c85a180fbc63@group-5616E3B854B9-SegmentedRaftLogWorker: created new log segment /workdir/hadoop-ozone/integration-test/target/test-dir/MiniOzoneClusterImpl-c887730b-6e6c-4bb9-8bab-4404ac13c8e2/datanode-0/data/ratis/7828cfd8-f573-4fb7-929e-5616e3b854b9/current/log_inprogress_0
2019-09-20 20:38:59,415 [Thread-239] INFO  impl.FollowerState (FollowerState.java:run(106)) - e623342b-5bbf-4d05-bd5a-d794b510d69e:group-B98AED541957 changes to CANDIDATE, lastRpcTime:5124, electionTimeout:5124ms
2019-09-20 20:38:59,415 [Thread-239] INFO  impl.RoleInfo (RoleInfo.java:shutdownFollowerState(121)) - e623342b-5bbf-4d05-bd5a-d794b510d69e: shutdown FollowerState
2019-09-20 20:38:59,416 [Thread-239] INFO  impl.RaftServerImpl (RaftServerImpl.java:setRole(174)) - e623342b-5bbf-4d05-bd5a-d794b510d69e@group-B98AED541957: changes role from  FOLLOWER to CANDIDATE at term 0 for changeToCandidate
2019-09-20 20:38:59,416 [Thread-239] INFO  impl.RoleInfo (RoleInfo.java:updateAndGet(143)) - e623342b-5bbf-4d05-bd5a-d794b510d69e: start LeaderElection
2019-09-20 20:38:59,419 [Thread-236] INFO  impl.FollowerState (FollowerState.java:run(106)) - 61b22c1f-636f-4a11-b485-b0b1337f1d95:group-ABEAAACD835C changes to CANDIDATE, lastRpcTime:5195, electionTimeout:5195ms
2019-09-20 20:38:59,419 [Thread-236] INFO  impl.RoleInfo (RoleInfo.java:shutdownFollowerState(121)) - 61b22c1f-636f-4a11-b485-b0b1337f1d95: shutdown FollowerState
2019-09-20 20:38:59,419 [Thread-236] INFO  impl.RaftServerImpl (RaftServerImpl.java:setRole(174)) - 61b22c1f-636f-4a11-b485-b0b1337f1d95@group-ABEAAACD835C: changes role from  FOLLOWER to CANDIDATE at term 0 for changeToCandidate
2019-09-20 20:38:59,419 [Thread-236] INFO  impl.RoleInfo (RoleInfo.java:updateAndGet(143)) - 61b22c1f-636f-4a11-b485-b0b1337f1d95: start LeaderElection
2019-09-20 20:38:59,432 [Thread-245] INFO  impl.FollowerState (FollowerState.java:run(106)) - 7ee768e4-b454-4ab3-a6d6-c85a180fbc63:group-B98AED541957 changes to CANDIDATE, lastRpcTime:5134, electionTimeout:5134ms
2019-09-20 20:38:59,432 [e623342b-5bbf-4d05-bd5a-d794b510d69e@group-B98AED541957:LeaderElection11] INFO  impl.LeaderElection (LeaderElection.java:askForVotes(182)) - e623342b-5bbf-4d05-bd5a-d794b510d69e@group-B98AED541957:LeaderElection11: begin an election at term 1 for -1: [7ee768e4-b454-4ab3-a6d6-c85a180fbc63:192.168.151.66:38984, 8f224f1b-d9dc-4828-9c73-f3cae17f637a:192.168.151.66:44590, e623342b-5bbf-4d05-bd5a-d794b510d69e:192.168.151.66:32982], old=null
2019-09-20 20:38:59,432 [Thread-245] INFO  impl.RoleInfo (RoleInfo.java:shutdownFollowerState(121)) - 7ee768e4-b454-4ab3-a6d6-c85a180fbc63: shutdown FollowerState
2019-09-20 20:38:59,432 [61b22c1f-636f-4a11-b485-b0b1337f1d95@group-ABEAAACD835C:LeaderElection12] INFO  impl.LeaderElection (LeaderElection.java:askForVotes(182)) - 61b22c1f-636f-4a11-b485-b0b1337f1d95@group-ABEAAACD835C:LeaderElection12: begin an election at term 1 for -1: [61b22c1f-636f-4a11-b485-b0b1337f1d95:192.168.151.66:37536], old=null
2019-09-20 20:38:59,433 [Thread-245] INFO  impl.RaftServerImpl (RaftServerImpl.java:setRole(174)) - 7ee768e4-b454-4ab3-a6d6-c85a180fbc63@group-B98AED541957: changes role from  FOLLOWER to CANDIDATE at term 0 for changeToCandidate
2019-09-20 20:38:59,433 [61b22c1f-636f-4a11-b485-b0b1337f1d95@group-ABEAAACD835C:LeaderElection12] INFO  impl.RoleInfo (RoleInfo.java:shutdownLeaderElection(134)) - 61b22c1f-636f-4a11-b485-b0b1337f1d95: shutdown LeaderElection
2019-09-20 20:38:59,433 [Thread-245] INFO  impl.RoleInfo (RoleInfo.java:updateAndGet(143)) - 7ee768e4-b454-4ab3-a6d6-c85a180fbc63: start LeaderElection
2019-09-20 20:38:59,433 [61b22c1f-636f-4a11-b485-b0b1337f1d95@group-ABEAAACD835C:LeaderElection12] INFO  impl.RaftServerImpl (RaftServerImpl.java:setRole(174)) - 61b22c1f-636f-4a11-b485-b0b1337f1d95@group-ABEAAACD835C: changes role from CANDIDATE to LEADER at term 1 for changeToLeader
2019-09-20 20:38:59,434 [61b22c1f-636f-4a11-b485-b0b1337f1d95@group-ABEAAACD835C:LeaderElection12] INFO  impl.RaftServerImpl (ServerState.java:setLeader(253)) - 61b22c1f-636f-4a11-b485-b0b1337f1d95@group-ABEAAACD835C: change Leader from null to 61b22c1f-636f-4a11-b485-b0b1337f1d95 at term 1 for becomeLeader, leader elected after 5218ms
2019-09-20 20:38:59,436 [61b22c1f-636f-4a11-b485-b0b1337f1d95@group-ABEAAACD835C:LeaderElection12] INFO  server.RaftServerConfigKeys (ConfUtils.java:logGet(43)) - raft.server.staging.catchup.gap = 1000 (default)
2019-09-20 20:38:59,437 [61b22c1f-636f-4a11-b485-b0b1337f1d95@group-ABEAAACD835C:LeaderElection12] INFO  server.RaftServerConfigKeys (ConfUtils.java:logGet(43)) - raft.server.rpc.sleep.time = 25ms (default)
2019-09-20 20:38:59,438 [61b22c1f-636f-4a11-b485-b0b1337f1d95@group-ABEAAACD835C:LeaderElection12] INFO  server.RaftServerConfigKeys (ConfUtils.java:logGet(43)) - raft.server.write.element-limit = 4096 (default)
2019-09-20 20:38:59,438 [61b22c1f-636f-4a11-b485-b0b1337f1d95@group-ABEAAACD835C:LeaderElection12] INFO  server.RaftServerConfigKeys (ConfUtils.java:logGet(43)) - raft.server.watch.timeout = 10s (default)
2019-09-20 20:38:59,438 [61b22c1f-636f-4a11-b485-b0b1337f1d95@group-ABEAAACD835C:LeaderElection12] INFO  server.RaftServerConfigKeys (ConfUtils.java:logGet(43)) - raft.server.watch.timeout.denomination = 1s (default)
2019-09-20 20:38:59,438 [61b22c1f-636f-4a11-b485-b0b1337f1d95@group-ABEAAACD835C:LeaderElection12] INFO  server.RaftServerConfigKeys (ConfUtils.java:logGet(43)) - raft.server.watch.element-limit = 65536 (default)
2019-09-20 20:38:59,445 [grpc-default-executor-2] INFO  impl.RaftServerImpl (RaftServerImpl.java:setRole(174)) - 8f224f1b-d9dc-4828-9c73-f3cae17f637a@group-B98AED541957: changes role from  FOLLOWER to FOLLOWER at term 1 for recognizeCandidate:e623342b-5bbf-4d05-bd5a-d794b510d69e
2019-09-20 20:38:59,445 [grpc-default-executor-2] INFO  impl.RoleInfo (RoleInfo.java:shutdownFollowerState(121)) - 8f224f1b-d9dc-4828-9c73-f3cae17f637a: shutdown FollowerState
2019-09-20 20:38:59,445 [grpc-default-executor-2] INFO  impl.RoleInfo (RoleInfo.java:updateAndGet(143)) - 8f224f1b-d9dc-4828-9c73-f3cae17f637a: start FollowerState
2019-09-20 20:38:59,446 [Thread-243] INFO  impl.FollowerState (FollowerState.java:run(115)) - 8f224f1b-d9dc-4828-9c73-f3cae17f637a: FollowerState was interrupted: java.lang.InterruptedException: sleep interrupted
2019-09-20 20:38:59,447 [61b22c1f-636f-4a11-b485-b0b1337f1d95@group-ABEAAACD835C:LeaderElection12] INFO  impl.RoleInfo (RoleInfo.java:updateAndGet(143)) - 61b22c1f-636f-4a11-b485-b0b1337f1d95: start LeaderState
2019-09-20 20:38:59,448 [61b22c1f-636f-4a11-b485-b0b1337f1d95@group-ABEAAACD835C:LeaderElection12] INFO  segmented.SegmentedRaftLogWorker (SegmentedRaftLogWorker.java:startLogSegment(380)) - 61b22c1f-636f-4a11-b485-b0b1337f1d95@group-ABEAAACD835C-SegmentedRaftLogWorker: Starting segment from index:0
2019-09-20 20:38:59,448 [61b22c1f-636f-4a11-b485-b0b1337f1d95@group-ABEAAACD835C:LeaderElection12] INFO  impl.RaftServerImpl (ServerState.java:setRaftConf(354)) - 61b22c1f-636f-4a11-b485-b0b1337f1d95@group-ABEAAACD835C: set configuration 0: [61b22c1f-636f-4a11-b485-b0b1337f1d95:192.168.151.66:37536], old=null at 0
2019-09-20 20:38:59,485 [7ee768e4-b454-4ab3-a6d6-c85a180fbc63@group-B98AED541957:LeaderElection13] INFO  impl.LeaderElection (LeaderElection.java:askForVotes(182)) - 7ee768e4-b454-4ab3-a6d6-c85a180fbc63@group-B98AED541957:LeaderElection13: begin an election at term 1 for -1: [7ee768e4-b454-4ab3-a6d6-c85a180fbc63:192.168.151.66:38984, 8f224f1b-d9dc-4828-9c73-f3cae17f637a:192.168.151.66:44590, e623342b-5bbf-4d05-bd5a-d794b510d69e:192.168.151.66:32982], old=null
2019-09-20 20:38:59,498 [61b22c1f-636f-4a11-b485-b0b1337f1d95@group-ABEAAACD835C-SegmentedRaftLogWorker] INFO  segmented.SegmentedRaftLogWorker (SegmentedRaftLogWorker.java:execute(569)) - 61b22c1f-636f-4a11-b485-b0b1337f1d95@group-ABEAAACD835C-SegmentedRaftLogWorker: created new log segment /workdir/hadoop-ozone/integration-test/target/test-dir/MiniOzoneClusterImpl-c887730b-6e6c-4bb9-8bab-4404ac13c8e2/datanode-1/data/ratis/7bd21c6e-012e-40c3-ab32-abeaaacd835c/current/log_inprogress_0
2019-09-20 20:38:59,500 [7ee768e4-b454-4ab3-a6d6-c85a180fbc63@group-B98AED541957:LeaderElection13] INFO  impl.LeaderElection (LeaderElection.java:logAndReturn(56)) - 7ee768e4-b454-4ab3-a6d6-c85a180fbc63@group-B98AED541957:LeaderElection13: Election REJECTED; received 2 response(s) [7ee768e4-b454-4ab3-a6d6-c85a180fbc63<-e623342b-5bbf-4d05-bd5a-d794b510d69e#0:FAIL-t1, 7ee768e4-b454-4ab3-a6d6-c85a180fbc63<-8f224f1b-d9dc-4828-9c73-f3cae17f637a#0:FAIL-t1] and 0 exception(s); 7ee768e4-b454-4ab3-a6d6-c85a180fbc63@group-B98AED541957:t1, leader=null, voted=7ee768e4-b454-4ab3-a6d6-c85a180fbc63, raftlog=7ee768e4-b454-4ab3-a6d6-c85a180fbc63@group-B98AED541957-SegmentedRaftLog:OPENED:c-1,f-1,i0, conf=-1: [7ee768e4-b454-4ab3-a6d6-c85a180fbc63:192.168.151.66:38984, 8f224f1b-d9dc-4828-9c73-f3cae17f637a:192.168.151.66:44590, e623342b-5bbf-4d05-bd5a-d794b510d69e:192.168.151.66:32982], old=null
2019-09-20 20:38:59,500 [7ee768e4-b454-4ab3-a6d6-c85a180fbc63@group-B98AED541957:LeaderElection13] INFO  impl.RaftServerImpl (RaftServerImpl.java:setRole(174)) - 7ee768e4-b454-4ab3-a6d6-c85a180fbc63@group-B98AED541957: changes role from CANDIDATE to FOLLOWER at term 1 for DISCOVERED_A_NEW_TERM
2019-09-20 20:38:59,500 [7ee768e4-b454-4ab3-a6d6-c85a180fbc63@group-B98AED541957:LeaderElection13] INFO  impl.RoleInfo (RoleInfo.java:shutdownLeaderElection(134)) - 7ee768e4-b454-4ab3-a6d6-c85a180fbc63: shutdown LeaderElection
2019-09-20 20:38:59,502 [7ee768e4-b454-4ab3-a6d6-c85a180fbc63@group-B98AED541957:LeaderElection13] INFO  impl.RoleInfo (RoleInfo.java:updateAndGet(143)) - 7ee768e4-b454-4ab3-a6d6-c85a180fbc63: start FollowerState
2019-09-20 20:38:59,503 [e623342b-5bbf-4d05-bd5a-d794b510d69e@group-B98AED541957:LeaderElection11] INFO  impl.LeaderElection (LeaderElection.java:logAndReturn(56)) - e623342b-5bbf-4d05-bd5a-d794b510d69e@group-B98AED541957:LeaderElection11: Election PASSED; received 2 response(s) [e623342b-5bbf-4d05-bd5a-d794b510d69e<-7ee768e4-b454-4ab3-a6d6-c85a180fbc63#0:FAIL-t1, e623342b-5bbf-4d05-bd5a-d794b510d69e<-8f224f1b-d9dc-4828-9c73-f3cae17f637a#0:OK-t1] and 0 exception(s); e623342b-5bbf-4d05-bd5a-d794b510d69e@group-B98AED541957:t1, leader=null, voted=e623342b-5bbf-4d05-bd5a-d794b510d69e, raftlog=e623342b-5bbf-4d05-bd5a-d794b510d69e@group-B98AED541957-SegmentedRaftLog:OPENED:c-1,f-1,i0, conf=-1: [7ee768e4-b454-4ab3-a6d6-c85a180fbc63:192.168.151.66:38984, 8f224f1b-d9dc-4828-9c73-f3cae17f637a:192.168.151.66:44590, e623342b-5bbf-4d05-bd5a-d794b510d69e:192.168.151.66:32982], old=null
2019-09-20 20:38:59,505 [e623342b-5bbf-4d05-bd5a-d794b510d69e@group-B98AED541957:LeaderElection11] INFO  impl.RoleInfo (RoleInfo.java:shutdownLeaderElection(134)) - e623342b-5bbf-4d05-bd5a-d794b510d69e: shutdown LeaderElection
2019-09-20 20:38:59,508 [e623342b-5bbf-4d05-bd5a-d794b510d69e@group-B98AED541957:LeaderElection11] INFO  impl.RaftServerImpl (RaftServerImpl.java:setRole(174)) - e623342b-5bbf-4d05-bd5a-d794b510d69e@group-B98AED541957: changes role from CANDIDATE to LEADER at term 1 for changeToLeader
2019-09-20 20:38:59,508 [e623342b-5bbf-4d05-bd5a-d794b510d69e@group-B98AED541957:LeaderElection11] INFO  impl.RaftServerImpl (ServerState.java:setLeader(253)) - e623342b-5bbf-4d05-bd5a-d794b510d69e@group-B98AED541957: change Leader from null to e623342b-5bbf-4d05-bd5a-d794b510d69e at term 1 for becomeLeader, leader elected after 5228ms
2019-09-20 20:38:59,508 [e623342b-5bbf-4d05-bd5a-d794b510d69e@group-B98AED541957:LeaderElection11] INFO  server.RaftServerConfigKeys (ConfUtils.java:logGet(43)) - raft.server.staging.catchup.gap = 1000 (default)
2019-09-20 20:38:59,508 [e623342b-5bbf-4d05-bd5a-d794b510d69e@group-B98AED541957:LeaderElection11] INFO  server.RaftServerConfigKeys (ConfUtils.java:logGet(43)) - raft.server.rpc.sleep.time = 25ms (default)
2019-09-20 20:38:59,508 [e623342b-5bbf-4d05-bd5a-d794b510d69e@group-B98AED541957:LeaderElection11] INFO  server.RaftServerConfigKeys (ConfUtils.java:logGet(43)) - raft.server.write.element-limit = 4096 (default)
2019-09-20 20:38:59,509 [e623342b-5bbf-4d05-bd5a-d794b510d69e@group-B98AED541957:LeaderElection11] INFO  server.RaftServerConfigKeys (ConfUtils.java:logGet(43)) - raft.server.watch.timeout = 10s (default)
2019-09-20 20:38:59,509 [e623342b-5bbf-4d05-bd5a-d794b510d69e@group-B98AED541957:LeaderElection11] INFO  server.RaftServerConfigKeys (ConfUtils.java:logGet(43)) - raft.server.watch.timeout.denomination = 1s (default)
2019-09-20 20:38:59,509 [e623342b-5bbf-4d05-bd5a-d794b510d69e@group-B98AED541957:LeaderElection11] INFO  server.RaftServerConfigKeys (ConfUtils.java:logGet(43)) - raft.server.watch.element-limit = 65536 (default)
2019-09-20 20:38:59,514 [e623342b-5bbf-4d05-bd5a-d794b510d69e@group-B98AED541957:LeaderElection11] INFO  server.RaftServerConfigKeys (ConfUtils.java:logGet(43)) - raft.server.log.appender.snapshot.chunk.size.max = 16MB (=16777216) (default)
2019-09-20 20:38:59,515 [e623342b-5bbf-4d05-bd5a-d794b510d69e@group-B98AED541957:LeaderElection11] INFO  server.RaftServerConfigKeys (ConfUtils.java:logGet(43)) - raft.server.log.appender.buffer.byte-limit = 33554432 (custom)
2019-09-20 20:38:59,515 [e623342b-5bbf-4d05-bd5a-d794b510d69e@group-B98AED541957:LeaderElection11] INFO  server.RaftServerConfigKeys (ConfUtils.java:logGet(43)) - raft.server.log.appender.buffer.element-limit = 1 (custom)
2019-09-20 20:38:59,520 [e623342b-5bbf-4d05-bd5a-d794b510d69e@group-B98AED541957:LeaderElection11] INFO  grpc.GrpcConfigKeys$Server (ConfUtils.java:logGet(43)) - raft.grpc.server.leader.outstanding.appends.max = 128 (default)
2019-09-20 20:38:59,525 [e623342b-5bbf-4d05-bd5a-d794b510d69e@group-B98AED541957:LeaderElection11] INFO  server.RaftServerConfigKeys (ConfUtils.java:logGet(43)) - raft.server.rpc.request.timeout = 3000ms (default)
2019-09-20 20:38:59,525 [e623342b-5bbf-4d05-bd5a-d794b510d69e@group-B98AED541957:LeaderElection11] INFO  server.RaftServerConfigKeys (ConfUtils.java:logGet(43)) - raft.server.log.appender.install.snapshot.enabled = false (custom)
2019-09-20 20:38:59,527 [e623342b-5bbf-4d05-bd5a-d794b510d69e@group-B98AED541957:LeaderElection11] INFO  server.RaftServerConfigKeys (ConfUtils.java:logGet(43)) - raft.server.log.appender.snapshot.chunk.size.max = 16MB (=16777216) (default)
2019-09-20 20:38:59,527 [e623342b-5bbf-4d05-bd5a-d794b510d69e@group-B98AED541957:LeaderElection11] INFO  server.RaftServerConfigKeys (ConfUtils.java:logGet(43)) - raft.server.log.appender.buffer.byte-limit = 33554432 (custom)
2019-09-20 20:38:59,527 [e623342b-5bbf-4d05-bd5a-d794b510d69e@group-B98AED541957:LeaderElection11] INFO  server.RaftServerConfigKeys (ConfUtils.java:logGet(43)) - raft.server.log.appender.buffer.element-limit = 1 (custom)
2019-09-20 20:38:59,528 [e623342b-5bbf-4d05-bd5a-d794b510d69e@group-B98AED541957:LeaderElection11] INFO  grpc.GrpcConfigKeys$Server (ConfUtils.java:logGet(43)) - raft.grpc.server.leader.outstanding.appends.max = 128 (default)
2019-09-20 20:38:59,528 [e623342b-5bbf-4d05-bd5a-d794b510d69e@group-B98AED541957:LeaderElection11] INFO  server.RaftServerConfigKeys (ConfUtils.java:logGet(43)) - raft.server.rpc.request.timeout = 3000ms (default)
2019-09-20 20:38:59,528 [e623342b-5bbf-4d05-bd5a-d794b510d69e@group-B98AED541957:LeaderElection11] INFO  server.RaftServerConfigKeys (ConfUtils.java:logGet(43)) - raft.server.log.appender.install.snapshot.enabled = false (custom)
2019-09-20 20:38:59,530 [e623342b-5bbf-4d05-bd5a-d794b510d69e@group-B98AED541957:LeaderElection11] INFO  impl.RoleInfo (RoleInfo.java:updateAndGet(143)) - e623342b-5bbf-4d05-bd5a-d794b510d69e: start LeaderState
2019-09-20 20:38:59,531 [e623342b-5bbf-4d05-bd5a-d794b510d69e@group-B98AED541957:LeaderElection11] INFO  segmented.SegmentedRaftLogWorker (SegmentedRaftLogWorker.java:startLogSegment(380)) - e623342b-5bbf-4d05-bd5a-d794b510d69e@group-B98AED541957-SegmentedRaftLogWorker: Starting segment from index:0
2019-09-20 20:38:59,532 [e623342b-5bbf-4d05-bd5a-d794b510d69e@group-B98AED541957:LeaderElection11] INFO  impl.RaftServerImpl (ServerState.java:setRaftConf(354)) - e623342b-5bbf-4d05-bd5a-d794b510d69e@group-B98AED541957: set configuration 0: [7ee768e4-b454-4ab3-a6d6-c85a180fbc63:192.168.151.66:38984, 8f224f1b-d9dc-4828-9c73-f3cae17f637a:192.168.151.66:44590, e623342b-5bbf-4d05-bd5a-d794b510d69e:192.168.151.66:32982], old=null at 0
2019-09-20 20:38:59,582 [e623342b-5bbf-4d05-bd5a-d794b510d69e@group-B98AED541957-SegmentedRaftLogWorker] INFO  segmented.SegmentedRaftLogWorker (SegmentedRaftLogWorker.java:execute(569)) - e623342b-5bbf-4d05-bd5a-d794b510d69e@group-B98AED541957-SegmentedRaftLogWorker: created new log segment /workdir/hadoop-ozone/integration-test/target/test-dir/MiniOzoneClusterImpl-c887730b-6e6c-4bb9-8bab-4404ac13c8e2/datanode-2/data/ratis/526d4d49-a5b3-4950-8e2f-b98aed541957/current/log_inprogress_0
2019-09-20 20:38:59,593 [grpc-default-executor-3] INFO  impl.RaftServerImpl (ServerState.java:setLeader(253)) - 8f224f1b-d9dc-4828-9c73-f3cae17f637a@group-B98AED541957: change Leader from null to e623342b-5bbf-4d05-bd5a-d794b510d69e at term 1 for appendEntries, leader elected after 5312ms
2019-09-20 20:38:59,595 [grpc-default-executor-2] INFO  impl.RaftServerImpl (ServerState.java:setLeader(253)) - 7ee768e4-b454-4ab3-a6d6-c85a180fbc63@group-B98AED541957: change Leader from null to e623342b-5bbf-4d05-bd5a-d794b510d69e at term 1 for appendEntries, leader elected after 5315ms
2019-09-20 20:38:59,624 [grpc-default-executor-3] INFO  impl.RaftServerImpl (ServerState.java:setRaftConf(354)) - 8f224f1b-d9dc-4828-9c73-f3cae17f637a@group-B98AED541957: set configuration 0: [7ee768e4-b454-4ab3-a6d6-c85a180fbc63:192.168.151.66:38984, 8f224f1b-d9dc-4828-9c73-f3cae17f637a:192.168.151.66:44590, e623342b-5bbf-4d05-bd5a-d794b510d69e:192.168.151.66:32982], old=null at 0
2019-09-20 20:38:59,624 [grpc-default-executor-2] INFO  impl.RaftServerImpl (ServerState.java:setRaftConf(354)) - 7ee768e4-b454-4ab3-a6d6-c85a180fbc63@group-B98AED541957: set configuration 0: [7ee768e4-b454-4ab3-a6d6-c85a180fbc63:192.168.151.66:38984, 8f224f1b-d9dc-4828-9c73-f3cae17f637a:192.168.151.66:44590, e623342b-5bbf-4d05-bd5a-d794b510d69e:192.168.151.66:32982], old=null at 0
2019-09-20 20:38:59,624 [grpc-default-executor-3] INFO  segmented.SegmentedRaftLogWorker (SegmentedRaftLogWorker.java:startLogSegment(380)) - 8f224f1b-d9dc-4828-9c73-f3cae17f637a@group-B98AED541957-SegmentedRaftLogWorker: Starting segment from index:0
2019-09-20 20:38:59,624 [grpc-default-executor-2] INFO  segmented.SegmentedRaftLogWorker (SegmentedRaftLogWorker.java:startLogSegment(380)) - 7ee768e4-b454-4ab3-a6d6-c85a180fbc63@group-B98AED541957-SegmentedRaftLogWorker: Starting segment from index:0
2019-09-20 20:38:59,669 [7ee768e4-b454-4ab3-a6d6-c85a180fbc63@group-B98AED541957-SegmentedRaftLogWorker] INFO  segmented.SegmentedRaftLogWorker (SegmentedRaftLogWorker.java:execute(569)) - 7ee768e4-b454-4ab3-a6d6-c85a180fbc63@group-B98AED541957-SegmentedRaftLogWorker: created new log segment /workdir/hadoop-ozone/integration-test/target/test-dir/MiniOzoneClusterImpl-c887730b-6e6c-4bb9-8bab-4404ac13c8e2/datanode-0/data/ratis/526d4d49-a5b3-4950-8e2f-b98aed541957/current/log_inprogress_0
2019-09-20 20:38:59,669 [8f224f1b-d9dc-4828-9c73-f3cae17f637a@group-B98AED541957-SegmentedRaftLogWorker] INFO  segmented.SegmentedRaftLogWorker (SegmentedRaftLogWorker.java:execute(569)) - 8f224f1b-d9dc-4828-9c73-f3cae17f637a@group-B98AED541957-SegmentedRaftLogWorker: created new log segment /workdir/hadoop-ozone/integration-test/target/test-dir/MiniOzoneClusterImpl-c887730b-6e6c-4bb9-8bab-4404ac13c8e2/datanode-3/data/ratis/526d4d49-a5b3-4950-8e2f-b98aed541957/current/log_inprogress_0
2019-09-20 20:39:00,258 [grpc-default-executor-3] INFO  client.GrpcClientProtocolClient (GrpcClientProtocolClient.java:onNext(264)) - client-81548DF8A073->e623342b-5bbf-4d05-bd5a-d794b510d69e: receive RaftClientReply:client-81548DF8A073->e623342b-5bbf-4d05-bd5a-d794b510d69e@group-3473BDC1751F, cid=9, FAILED org.apache.ratis.protocol.NotLeaderException: Server e623342b-5bbf-4d05-bd5a-d794b510d69e@group-3473BDC1751F is not the leader, logIndex=0, commits[e623342b-5bbf-4d05-bd5a-d794b510d69e:c-1]
2019-09-20 20:39:00,898 [ReplicationMonitor] INFO  container.ReplicationManager (ReplicationManager.java:run(225)) - Replication Monitor Thread took 0 milliseconds for processing 1 containers.
2019-09-20 20:39:01,280 [grpc-default-executor-2] INFO  client.GrpcClientProtocolClient (GrpcClientProtocolClient.java:onNext(264)) - client-81548DF8A073->8f224f1b-d9dc-4828-9c73-f3cae17f637a: receive RaftClientReply:client-81548DF8A073->8f224f1b-d9dc-4828-9c73-f3cae17f637a@group-3473BDC1751F, cid=9, FAILED org.apache.ratis.protocol.NotLeaderException: Server 8f224f1b-d9dc-4828-9c73-f3cae17f637a@group-3473BDC1751F is not the leader, logIndex=0, commits[8f224f1b-d9dc-4828-9c73-f3cae17f637a:c-1]
2019-09-20 20:39:02,301 [grpc-default-executor-2] INFO  client.GrpcClientProtocolClient (GrpcClientProtocolClient.java:onNext(264)) - client-81548DF8A073->e623342b-5bbf-4d05-bd5a-d794b510d69e: receive RaftClientReply:client-81548DF8A073->e623342b-5bbf-4d05-bd5a-d794b510d69e@group-3473BDC1751F, cid=9, FAILED org.apache.ratis.protocol.NotLeaderException: Server e623342b-5bbf-4d05-bd5a-d794b510d69e@group-3473BDC1751F is not the leader, logIndex=0, commits[e623342b-5bbf-4d05-bd5a-d794b510d69e:c-1]
2019-09-20 20:39:02,898 [ReplicationMonitor] INFO  container.ReplicationManager (ReplicationManager.java:run(225)) - Replication Monitor Thread took 1 milliseconds for processing 1 containers.
2019-09-20 20:39:03,048 [Thread-270] INFO  impl.FollowerState (FollowerState.java:run(106)) - 8f224f1b-d9dc-4828-9c73-f3cae17f637a:group-3473BDC1751F changes to CANDIDATE, lastRpcTime:5055, electionTimeout:5054ms
2019-09-20 20:39:03,049 [Thread-270] INFO  impl.RoleInfo (RoleInfo.java:shutdownFollowerState(121)) - 8f224f1b-d9dc-4828-9c73-f3cae17f637a: shutdown FollowerState
2019-09-20 20:39:03,049 [Thread-270] INFO  impl.RaftServerImpl (RaftServerImpl.java:setRole(174)) - 8f224f1b-d9dc-4828-9c73-f3cae17f637a@group-3473BDC1751F: changes role from  FOLLOWER to CANDIDATE at term 1 for changeToCandidate
2019-09-20 20:39:03,049 [Thread-270] INFO  impl.RoleInfo (RoleInfo.java:updateAndGet(143)) - 8f224f1b-d9dc-4828-9c73-f3cae17f637a: start LeaderElection
2019-09-20 20:39:03,064 [8f224f1b-d9dc-4828-9c73-f3cae17f637a@group-3473BDC1751F:LeaderElection14] INFO  impl.LeaderElection (LeaderElection.java:askForVotes(182)) - 8f224f1b-d9dc-4828-9c73-f3cae17f637a@group-3473BDC1751F:LeaderElection14: begin an election at term 2 for -1: [7ee768e4-b454-4ab3-a6d6-c85a180fbc63:192.168.151.66:38984, 8f224f1b-d9dc-4828-9c73-f3cae17f637a:192.168.151.66:44590, e623342b-5bbf-4d05-bd5a-d794b510d69e:192.168.151.66:32982], old=null
2019-09-20 20:39:03,072 [grpc-default-executor-2] INFO  impl.RaftServerImpl (RaftServerImpl.java:setRole(174)) - e623342b-5bbf-4d05-bd5a-d794b510d69e@group-3473BDC1751F: changes role from  FOLLOWER to FOLLOWER at term 2 for recognizeCandidate:8f224f1b-d9dc-4828-9c73-f3cae17f637a
2019-09-20 20:39:03,072 [grpc-default-executor-2] INFO  impl.RoleInfo (RoleInfo.java:shutdownFollowerState(121)) - e623342b-5bbf-4d05-bd5a-d794b510d69e: shutdown FollowerState
2019-09-20 20:39:03,072 [grpc-default-executor-3] INFO  impl.RaftServerImpl (RaftServerImpl.java:setRole(174)) - 7ee768e4-b454-4ab3-a6d6-c85a180fbc63@group-3473BDC1751F: changes role from  FOLLOWER to FOLLOWER at term 2 for recognizeCandidate:8f224f1b-d9dc-4828-9c73-f3cae17f637a
2019-09-20 20:39:03,072 [Thread-271] INFO  impl.FollowerState (FollowerState.java:run(115)) - e623342b-5bbf-4d05-bd5a-d794b510d69e: FollowerState was interrupted: java.lang.InterruptedException: sleep interrupted
2019-09-20 20:39:03,072 [grpc-default-executor-2] INFO  impl.RoleInfo (RoleInfo.java:updateAndGet(143)) - e623342b-5bbf-4d05-bd5a-d794b510d69e: start FollowerState
2019-09-20 20:39:03,072 [grpc-default-executor-3] INFO  impl.RoleInfo (RoleInfo.java:shutdownFollowerState(121)) - 7ee768e4-b454-4ab3-a6d6-c85a180fbc63: shutdown FollowerState
2019-09-20 20:39:03,074 [grpc-default-executor-3] INFO  impl.RoleInfo (RoleInfo.java:updateAndGet(143)) - 7ee768e4-b454-4ab3-a6d6-c85a180fbc63: start FollowerState
2019-09-20 20:39:03,075 [Thread-272] INFO  impl.FollowerState (FollowerState.java:run(115)) - 7ee768e4-b454-4ab3-a6d6-c85a180fbc63: FollowerState was interrupted: java.lang.InterruptedException: sleep interrupted
2019-09-20 20:39:03,091 [8f224f1b-d9dc-4828-9c73-f3cae17f637a@group-3473BDC1751F:LeaderElection14] INFO  impl.LeaderElection (LeaderElection.java:logAndReturn(56)) - 8f224f1b-d9dc-4828-9c73-f3cae17f637a@group-3473BDC1751F:LeaderElection14: Election PASSED; received 1 response(s) [8f224f1b-d9dc-4828-9c73-f3cae17f637a<-e623342b-5bbf-4d05-bd5a-d794b510d69e#0:OK-t2] and 0 exception(s); 8f224f1b-d9dc-4828-9c73-f3cae17f637a@group-3473BDC1751F:t2, leader=null, voted=8f224f1b-d9dc-4828-9c73-f3cae17f637a, raftlog=8f224f1b-d9dc-4828-9c73-f3cae17f637a@group-3473BDC1751F-SegmentedRaftLog:OPENED:c-1,f-1,i0, conf=-1: [7ee768e4-b454-4ab3-a6d6-c85a180fbc63:192.168.151.66:38984, 8f224f1b-d9dc-4828-9c73-f3cae17f637a:192.168.151.66:44590, e623342b-5bbf-4d05-bd5a-d794b510d69e:192.168.151.66:32982], old=null
2019-09-20 20:39:03,091 [8f224f1b-d9dc-4828-9c73-f3cae17f637a@group-3473BDC1751F:LeaderElection14] INFO  impl.RoleInfo (RoleInfo.java:shutdownLeaderElection(134)) - 8f224f1b-d9dc-4828-9c73-f3cae17f637a: shutdown LeaderElection
2019-09-20 20:39:03,093 [8f224f1b-d9dc-4828-9c73-f3cae17f637a@group-3473BDC1751F:LeaderElection14] INFO  impl.RaftServerImpl (RaftServerImpl.java:setRole(174)) - 8f224f1b-d9dc-4828-9c73-f3cae17f637a@group-3473BDC1751F: changes role from CANDIDATE to LEADER at term 2 for changeToLeader
2019-09-20 20:39:03,093 [8f224f1b-d9dc-4828-9c73-f3cae17f637a@group-3473BDC1751F:LeaderElection14] INFO  impl.RaftServerImpl (ServerState.java:setLeader(253)) - 8f224f1b-d9dc-4828-9c73-f3cae17f637a@group-3473BDC1751F: change Leader from null to 8f224f1b-d9dc-4828-9c73-f3cae17f637a at term 2 for becomeLeader, leader elected after 10233ms
2019-09-20 20:39:03,093 [8f224f1b-d9dc-4828-9c73-f3cae17f637a@group-3473BDC1751F:LeaderElection14] INFO  server.RaftServerConfigKeys (ConfUtils.java:logGet(43)) - raft.server.staging.catchup.gap = 1000 (default)
2019-09-20 20:39:03,093 [8f224f1b-d9dc-4828-9c73-f3cae17f637a@group-3473BDC1751F:LeaderElection14] INFO  server.RaftServerConfigKeys (ConfUtils.java:logGet(43)) - raft.server.rpc.sleep.time = 25ms (default)
2019-09-20 20:39:03,094 [8f224f1b-d9dc-4828-9c73-f3cae17f637a@group-3473BDC1751F:LeaderElection14] INFO  server.RaftServerConfigKeys (ConfUtils.java:logGet(43)) - raft.server.write.element-limit = 4096 (default)
2019-09-20 20:39:03,094 [8f224f1b-d9dc-4828-9c73-f3cae17f637a@group-3473BDC1751F:LeaderElection14] INFO  server.RaftServerConfigKeys (ConfUtils.java:logGet(43)) - raft.server.watch.timeout = 10s (default)
2019-09-20 20:39:03,094 [8f224f1b-d9dc-4828-9c73-f3cae17f637a@group-3473BDC1751F:LeaderElection14] INFO  server.RaftServerConfigKeys (ConfUtils.java:logGet(43)) - raft.server.watch.timeout.denomination = 1s (default)
2019-09-20 20:39:03,094 [8f224f1b-d9dc-4828-9c73-f3cae17f637a@group-3473BDC1751F:LeaderElection14] INFO  server.RaftServerConfigKeys (ConfUtils.java:logGet(43)) - raft.server.watch.element-limit = 65536 (default)
2019-09-20 20:39:03,097 [8f224f1b-d9dc-4828-9c73-f3cae17f637a@group-3473BDC1751F:LeaderElection14] INFO  server.RaftServerConfigKeys (ConfUtils.java:logGet(43)) - raft.server.log.appender.snapshot.chunk.size.max = 16MB (=16777216) (default)
2019-09-20 20:39:03,098 [8f224f1b-d9dc-4828-9c73-f3cae17f637a@group-3473BDC1751F:LeaderElection14] INFO  server.RaftServerConfigKeys (ConfUtils.java:logGet(43)) - raft.server.log.appender.buffer.byte-limit = 33554432 (custom)
2019-09-20 20:39:03,098 [8f224f1b-d9dc-4828-9c73-f3cae17f637a@group-3473BDC1751F:LeaderElection14] INFO  server.RaftServerConfigKeys (ConfUtils.java:logGet(43)) - raft.server.log.appender.buffer.element-limit = 1 (custom)
2019-09-20 20:39:03,098 [8f224f1b-d9dc-4828-9c73-f3cae17f637a@group-3473BDC1751F:LeaderElection14] INFO  grpc.GrpcConfigKeys$Server (ConfUtils.java:logGet(43)) - raft.grpc.server.leader.outstanding.appends.max = 128 (default)
2019-09-20 20:39:03,100 [8f224f1b-d9dc-4828-9c73-f3cae17f637a@group-3473BDC1751F:LeaderElection14] INFO  server.RaftServerConfigKeys (ConfUtils.java:logGet(43)) - raft.server.rpc.request.timeout = 3000ms (default)
2019-09-20 20:39:03,100 [8f224f1b-d9dc-4828-9c73-f3cae17f637a@group-3473BDC1751F:LeaderElection14] INFO  server.RaftServerConfigKeys (ConfUtils.java:logGet(43)) - raft.server.log.appender.install.snapshot.enabled = false (custom)
2019-09-20 20:39:03,100 [8f224f1b-d9dc-4828-9c73-f3cae17f637a@group-3473BDC1751F:LeaderElection14] INFO  server.RaftServerConfigKeys (ConfUtils.java:logGet(43)) - raft.server.log.appender.snapshot.chunk.size.max = 16MB (=16777216) (default)
2019-09-20 20:39:03,100 [8f224f1b-d9dc-4828-9c73-f3cae17f637a@group-3473BDC1751F:LeaderElection14] INFO  server.RaftServerConfigKeys (ConfUtils.java:logGet(43)) - raft.server.log.appender.buffer.byte-limit = 33554432 (custom)
2019-09-20 20:39:03,101 [8f224f1b-d9dc-4828-9c73-f3cae17f637a@group-3473BDC1751F:LeaderElection14] INFO  server.RaftServerConfigKeys (ConfUtils.java:logGet(43)) - raft.server.log.appender.buffer.element-limit = 1 (custom)
2019-09-20 20:39:03,101 [8f224f1b-d9dc-4828-9c73-f3cae17f637a@group-3473BDC1751F:LeaderElection14] INFO  grpc.GrpcConfigKeys$Server (ConfUtils.java:logGet(43)) - raft.grpc.server.leader.outstanding.appends.max = 128 (default)
2019-09-20 20:39:03,101 [8f224f1b-d9dc-4828-9c73-f3cae17f637a@group-3473BDC1751F:LeaderElection14] INFO  server.RaftServerConfigKeys (ConfUtils.java:logGet(43)) - raft.server.rpc.request.timeout = 3000ms (default)
2019-09-20 20:39:03,101 [8f224f1b-d9dc-4828-9c73-f3cae17f637a@group-3473BDC1751F:LeaderElection14] INFO  server.RaftServerConfigKeys (ConfUtils.java:logGet(43)) - raft.server.log.appender.install.snapshot.enabled = false (custom)
2019-09-20 20:39:03,102 [8f224f1b-d9dc-4828-9c73-f3cae17f637a@group-3473BDC1751F:LeaderElection14] INFO  impl.RoleInfo (RoleInfo.java:updateAndGet(143)) - 8f224f1b-d9dc-4828-9c73-f3cae17f637a: start LeaderState
2019-09-20 20:39:03,102 [8f224f1b-d9dc-4828-9c73-f3cae17f637a@group-3473BDC1751F:LeaderElection14] INFO  segmented.SegmentedRaftLogWorker (SegmentedRaftLogWorker.java:startLogSegment(380)) - 8f224f1b-d9dc-4828-9c73-f3cae17f637a@group-3473BDC1751F-SegmentedRaftLogWorker: Starting segment from index:0
2019-09-20 20:39:03,103 [8f224f1b-d9dc-4828-9c73-f3cae17f637a@group-3473BDC1751F:LeaderElection14] INFO  impl.RaftServerImpl (ServerState.java:setRaftConf(354)) - 8f224f1b-d9dc-4828-9c73-f3cae17f637a@group-3473BDC1751F: set configuration 0: [7ee768e4-b454-4ab3-a6d6-c85a180fbc63:192.168.151.66:38984, 8f224f1b-d9dc-4828-9c73-f3cae17f637a:192.168.151.66:44590, e623342b-5bbf-4d05-bd5a-d794b510d69e:192.168.151.66:32982], old=null at 0
2019-09-20 20:39:03,142 [grpc-default-executor-2] INFO  impl.RaftServerImpl (ServerState.java:setLeader(253)) - 7ee768e4-b454-4ab3-a6d6-c85a180fbc63@group-3473BDC1751F: change Leader from null to 8f224f1b-d9dc-4828-9c73-f3cae17f637a at term 2 for appendEntries, leader elected after 10282ms
2019-09-20 20:39:03,143 [grpc-default-executor-3] INFO  impl.RaftServerImpl (ServerState.java:setLeader(253)) - e623342b-5bbf-4d05-bd5a-d794b510d69e@group-3473BDC1751F: change Leader from null to 8f224f1b-d9dc-4828-9c73-f3cae17f637a at term 2 for appendEntries, leader elected after 10284ms
2019-09-20 20:39:03,148 [grpc-default-executor-2] INFO  impl.RaftServerImpl (ServerState.java:setRaftConf(354)) - 7ee768e4-b454-4ab3-a6d6-c85a180fbc63@group-3473BDC1751F: set configuration 0: [7ee768e4-b454-4ab3-a6d6-c85a180fbc63:192.168.151.66:38984, 8f224f1b-d9dc-4828-9c73-f3cae17f637a:192.168.151.66:44590, e623342b-5bbf-4d05-bd5a-d794b510d69e:192.168.151.66:32982], old=null at 0
2019-09-20 20:39:03,148 [grpc-default-executor-3] INFO  impl.RaftServerImpl (ServerState.java:setRaftConf(354)) - e623342b-5bbf-4d05-bd5a-d794b510d69e@group-3473BDC1751F: set configuration 0: [7ee768e4-b454-4ab3-a6d6-c85a180fbc63:192.168.151.66:38984, 8f224f1b-d9dc-4828-9c73-f3cae17f637a:192.168.151.66:44590, e623342b-5bbf-4d05-bd5a-d794b510d69e:192.168.151.66:32982], old=null at 0
2019-09-20 20:39:03,148 [grpc-default-executor-2] INFO  segmented.SegmentedRaftLogWorker (SegmentedRaftLogWorker.java:startLogSegment(380)) - 7ee768e4-b454-4ab3-a6d6-c85a180fbc63@group-3473BDC1751F-SegmentedRaftLogWorker: Starting segment from index:0
2019-09-20 20:39:03,148 [grpc-default-executor-3] INFO  segmented.SegmentedRaftLogWorker (SegmentedRaftLogWorker.java:startLogSegment(380)) - e623342b-5bbf-4d05-bd5a-d794b510d69e@group-3473BDC1751F-SegmentedRaftLogWorker: Starting segment from index:0
2019-09-20 20:39:03,152 [8f224f1b-d9dc-4828-9c73-f3cae17f637a@group-3473BDC1751F-SegmentedRaftLogWorker] INFO  segmented.SegmentedRaftLogWorker (SegmentedRaftLogWorker.java:execute(569)) - 8f224f1b-d9dc-4828-9c73-f3cae17f637a@group-3473BDC1751F-SegmentedRaftLogWorker: created new log segment /workdir/hadoop-ozone/integration-test/target/test-dir/MiniOzoneClusterImpl-c887730b-6e6c-4bb9-8bab-4404ac13c8e2/datanode-3/data/ratis/f277a930-69dd-45d1-b605-3473bdc1751f/current/log_inprogress_0
2019-09-20 20:39:03,192 [e623342b-5bbf-4d05-bd5a-d794b510d69e@group-3473BDC1751F-SegmentedRaftLogWorker] INFO  segmented.SegmentedRaftLogWorker (SegmentedRaftLogWorker.java:execute(569)) - e623342b-5bbf-4d05-bd5a-d794b510d69e@group-3473BDC1751F-SegmentedRaftLogWorker: created new log segment /workdir/hadoop-ozone/integration-test/target/test-dir/MiniOzoneClusterImpl-c887730b-6e6c-4bb9-8bab-4404ac13c8e2/datanode-2/data/ratis/f277a930-69dd-45d1-b605-3473bdc1751f/current/log_inprogress_0
2019-09-20 20:39:03,192 [7ee768e4-b454-4ab3-a6d6-c85a180fbc63@group-3473BDC1751F-SegmentedRaftLogWorker] INFO  segmented.SegmentedRaftLogWorker (SegmentedRaftLogWorker.java:execute(569)) - 7ee768e4-b454-4ab3-a6d6-c85a180fbc63@group-3473BDC1751F-SegmentedRaftLogWorker: created new log segment /workdir/hadoop-ozone/integration-test/target/test-dir/MiniOzoneClusterImpl-c887730b-6e6c-4bb9-8bab-4404ac13c8e2/datanode-0/data/ratis/f277a930-69dd-45d1-b605-3473bdc1751f/current/log_inprogress_0
2019-09-20 20:39:03,322 [grpc-default-executor-3] INFO  client.GrpcClientProtocolClient (GrpcClientProtocolClient.java:onNext(264)) - client-81548DF8A073->7ee768e4-b454-4ab3-a6d6-c85a180fbc63: receive RaftClientReply:client-81548DF8A073->7ee768e4-b454-4ab3-a6d6-c85a180fbc63@group-3473BDC1751F, cid=9, FAILED org.apache.ratis.protocol.NotLeaderException: Server 7ee768e4-b454-4ab3-a6d6-c85a180fbc63@group-3473BDC1751F is not the leader 8f224f1b-d9dc-4828-9c73-f3cae17f637a:192.168.151.66:44590, logIndex=0, commits[7ee768e4-b454-4ab3-a6d6-c85a180fbc63:c-1, 8f224f1b-d9dc-4828-9c73-f3cae17f637a:c-1, e623342b-5bbf-4d05-bd5a-d794b510d69e:c-1]
2019-09-20 20:39:03,591 [grpc-default-executor-3] INFO  client.GrpcClientProtocolClient (GrpcClientProtocolClient.java:onNext(264)) - client-81548DF8A073->8f224f1b-d9dc-4828-9c73-f3cae17f637a: receive RaftClientReply:client-81548DF8A073->8f224f1b-d9dc-4828-9c73-f3cae17f637a@group-3473BDC1751F, cid=9, SUCCESS, logIndex=1, commits[8f224f1b-d9dc-4828-9c73-f3cae17f637a:c2, 7ee768e4-b454-4ab3-a6d6-c85a180fbc63:c1, e623342b-5bbf-4d05-bd5a-d794b510d69e:c1]
2019-09-20 20:39:03,678 [grpc-default-executor-3] INFO  client.GrpcClientProtocolClient (GrpcClientProtocolClient.java:onNext(264)) - client-81548DF8A073->8f224f1b-d9dc-4828-9c73-f3cae17f637a: receive RaftClientReply:client-81548DF8A073->8f224f1b-d9dc-4828-9c73-f3cae17f637a@group-3473BDC1751F, cid=11, SUCCESS, logIndex=3, commits[8f224f1b-d9dc-4828-9c73-f3cae17f637a:c4, 7ee768e4-b454-4ab3-a6d6-c85a180fbc63:c3, e623342b-5bbf-4d05-bd5a-d794b510d69e:c3]
2019-09-20 20:39:03,703 [main] ERROR container.ContainerStateManager (ContainerStateManager.java:updateContainerState(335)) - Failed to update container state #1, reason: invalid state transition from state: CLOSING upon event: FINALIZE.
]]></system-out>
    <system-err><![CDATA[ERROR StatusLogger No Log4j 2 configuration file found. Using default configuration (logging only errors to the console), or user programmatically provided configurations. Set system property 'log4j2.debug' to show Log4j 2 internal initialization logging. See https://logging.apache.org/log4j/2.x/manual/configuration.html for instructions on how to configure Log4j 2
]]></system-err>
  </testcase>
</testsuite>