<?xml version="1.0" encoding="UTF-8"?>
<testsuite xmlns:xsi="http://www.w3.org/2001/XMLSchema-instance" xsi:noNamespaceSchemaLocation="https://maven.apache.org/surefire/maven-surefire-plugin/xsd/surefire-test-report.xsd" name="org.apache.hadoop.fs.ozone.TestOzoneFileSystem" time="131.931" tests="7" errors="2" skipped="0" failures="0">
  <properties>
    <property name="awt.toolkit" value="sun.awt.X11.XToolkit"/>
    <property name="file.encoding.pkg" value="sun.io"/>
    <property name="java.specification.version" value="1.8"/>
    <property name="sun.cpu.isalist" value=""/>
    <property name="sun.jnu.encoding" value="UTF-8"/>
    <property name="java.class.path" value="/workdir/hadoop-ozone/ozonefs/target/test-classes:/workdir/hadoop-ozone/ozonefs/target/classes:/home/user/.m2/repository/org/apache/hadoop/hadoop-common/3.2.0/hadoop-common-3.2.0.jar:/home/user/.m2/repository/org/apache/hadoop/hadoop-annotations/3.2.0/hadoop-annotations-3.2.0.jar:/usr/lib/jvm/java-1.8-openjdk/jre/../lib/tools.jar:/home/user/.m2/repository/com/google/guava/guava/11.0.2/guava-11.0.2.jar:/home/user/.m2/repository/commons-cli/commons-cli/1.2/commons-cli-1.2.jar:/home/user/.m2/repository/org/apache/commons/commons-math3/3.1.1/commons-math3-3.1.1.jar:/home/user/.m2/repository/org/apache/httpcomponents/httpclient/4.5.2/httpclient-4.5.2.jar:/home/user/.m2/repository/org/apache/httpcomponents/httpcore/4.4.4/httpcore-4.4.4.jar:/home/user/.m2/repository/commons-codec/commons-codec/1.11/commons-codec-1.11.jar:/home/user/.m2/repository/commons-io/commons-io/2.5/commons-io-2.5.jar:/home/user/.m2/repository/commons-net/commons-net/3.6/commons-net-3.6.jar:/home/user/.m2/repository/commons-collections/commons-collections/3.2.2/commons-collections-3.2.2.jar:/home/user/.m2/repository/javax/servlet/javax.servlet-api/3.1.0/javax.servlet-api-3.1.0.jar:/home/user/.m2/repository/org/eclipse/jetty/jetty-server/9.3.24.v20180605/jetty-server-9.3.24.v20180605.jar:/home/user/.m2/repository/org/eclipse/jetty/jetty-http/9.3.24.v20180605/jetty-http-9.3.24.v20180605.jar:/home/user/.m2/repository/org/eclipse/jetty/jetty-io/9.3.24.v20180605/jetty-io-9.3.24.v20180605.jar:/home/user/.m2/repository/org/eclipse/jetty/jetty-util/9.3.24.v20180605/jetty-util-9.3.24.v20180605.jar:/home/user/.m2/repository/org/eclipse/jetty/jetty-servlet/9.3.24.v20180605/jetty-servlet-9.3.24.v20180605.jar:/home/user/.m2/repository/org/eclipse/jetty/jetty-security/9.3.24.v20180605/jetty-security-9.3.24.v20180605.jar:/home/user/.m2/repository/org/eclipse/jetty/jetty-webapp/9.3.24.v20180605/jetty-webapp-9.3.24.v20180605.jar:/home/user/.m2/repository/org/eclipse/jetty/jetty-xml/9.3.24.v20180605/jetty-xml-9.3.24.v20180605.jar:/home/user/.m2/repository/javax/servlet/jsp/jsp-api/2.1/jsp-api-2.1.jar:/home/user/.m2/repository/com/sun/jersey/jersey-core/1.19/jersey-core-1.19.jar:/home/user/.m2/repository/javax/ws/rs/jsr311-api/1.1.1/jsr311-api-1.1.1.jar:/home/user/.m2/repository/com/sun/jersey/jersey-servlet/1.19/jersey-servlet-1.19.jar:/home/user/.m2/repository/com/sun/jersey/jersey-json/1.19/jersey-json-1.19.jar:/home/user/.m2/repository/org/codehaus/jettison/jettison/1.1/jettison-1.1.jar:/home/user/.m2/repository/com/sun/xml/bind/jaxb-impl/2.3.0.1/jaxb-impl-2.3.0.1.jar:/home/user/.m2/repository/org/codehaus/jackson/jackson-core-asl/1.9.13/jackson-core-asl-1.9.13.jar:/home/user/.m2/repository/org/codehaus/jackson/jackson-mapper-asl/1.9.13/jackson-mapper-asl-1.9.13.jar:/home/user/.m2/repository/org/codehaus/jackson/jackson-jaxrs/1.9.13/jackson-jaxrs-1.9.13.jar:/home/user/.m2/repository/org/codehaus/jackson/jackson-xc/1.9.13/jackson-xc-1.9.13.jar:/home/user/.m2/repository/com/sun/jersey/jersey-server/1.19/jersey-server-1.19.jar:/home/user/.m2/repository/commons-logging/commons-logging/1.1.3/commons-logging-1.1.3.jar:/home/user/.m2/repository/log4j/log4j/1.2.17/log4j-1.2.17.jar:/home/user/.m2/repository/commons-beanutils/commons-beanutils/1.9.3/commons-beanutils-1.9.3.jar:/home/user/.m2/repository/org/apache/commons/commons-configuration2/2.1.1/commons-configuration2-2.1.1.jar:/home/user/.m2/repository/org/apache/commons/commons-lang3/3.7/commons-lang3-3.7.jar:/home/user/.m2/repository/org/apache/commons/commons-text/1.4/commons-text-1.4.jar:/home/user/.m2/repository/org/slf4j/slf4j-api/1.7.25/slf4j-api-1.7.25.jar:/home/user/.m2/repository/org/slf4j/slf4j-log4j12/1.7.25/slf4j-log4j12-1.7.25.jar:/home/user/.m2/repository/org/apache/avro/avro/1.7.7/avro-1.7.7.jar:/home/user/.m2/repository/com/thoughtworks/paranamer/paranamer/2.3/paranamer-2.3.jar:/home/user/.m2/repository/org/xerial/snappy/snappy-java/1.0.5/snappy-java-1.0.5.jar:/home/user/.m2/repository/com/google/re2j/re2j/1.1/re2j-1.1.jar:/home/user/.m2/repository/com/google/protobuf/protobuf-java/2.5.0/protobuf-java-2.5.0.jar:/home/user/.m2/repository/com/google/code/gson/gson/2.2.4/gson-2.2.4.jar:/home/user/.m2/repository/org/apache/hadoop/hadoop-auth/3.2.0/hadoop-auth-3.2.0.jar:/home/user/.m2/repository/com/nimbusds/nimbus-jose-jwt/4.41.1/nimbus-jose-jwt-4.41.1.jar:/home/user/.m2/repository/com/github/stephenc/jcip/jcip-annotations/1.0-1/jcip-annotations-1.0-1.jar:/home/user/.m2/repository/net/minidev/json-smart/2.3/json-smart-2.3.jar:/home/user/.m2/repository/net/minidev/accessors-smart/1.2/accessors-smart-1.2.jar:/home/user/.m2/repository/org/apache/curator/curator-framework/2.12.0/curator-framework-2.12.0.jar:/home/user/.m2/repository/com/jcraft/jsch/0.1.54/jsch-0.1.54.jar:/home/user/.m2/repository/org/apache/curator/curator-client/2.12.0/curator-client-2.12.0.jar:/home/user/.m2/repository/org/apache/curator/curator-recipes/2.12.0/curator-recipes-2.12.0.jar:/home/user/.m2/repository/com/google/code/findbugs/jsr305/3.0.0/jsr305-3.0.0.jar:/home/user/.m2/repository/org/apache/htrace/htrace-core4/4.1.0-incubating/htrace-core4-4.1.0-incubating.jar:/home/user/.m2/repository/org/apache/zookeeper/zookeeper/3.4.13/zookeeper-3.4.13.jar:/home/user/.m2/repository/org/apache/yetus/audience-annotations/0.5.0/audience-annotations-0.5.0.jar:/home/user/.m2/repository/org/apache/commons/commons-compress/1.4.1/commons-compress-1.4.1.jar:/home/user/.m2/repository/org/tukaani/xz/1.0/xz-1.0.jar:/home/user/.m2/repository/org/apache/kerby/kerb-simplekdc/1.0.1/kerb-simplekdc-1.0.1.jar:/home/user/.m2/repository/org/apache/kerby/kerb-client/1.0.1/kerb-client-1.0.1.jar:/home/user/.m2/repository/org/apache/kerby/kerby-config/1.0.1/kerby-config-1.0.1.jar:/home/user/.m2/repository/org/apache/kerby/kerb-core/1.0.1/kerb-core-1.0.1.jar:/home/user/.m2/repository/org/apache/kerby/kerby-pkix/1.0.1/kerby-pkix-1.0.1.jar:/home/user/.m2/repository/org/apache/kerby/kerby-asn1/1.0.1/kerby-asn1-1.0.1.jar:/home/user/.m2/repository/org/apache/kerby/kerby-util/1.0.1/kerby-util-1.0.1.jar:/home/user/.m2/repository/org/apache/kerby/kerb-common/1.0.1/kerb-common-1.0.1.jar:/home/user/.m2/repository/org/apache/kerby/kerb-crypto/1.0.1/kerb-crypto-1.0.1.jar:/home/user/.m2/repository/org/apache/kerby/kerb-util/1.0.1/kerb-util-1.0.1.jar:/home/user/.m2/repository/org/apache/kerby/token-provider/1.0.1/token-provider-1.0.1.jar:/home/user/.m2/repository/org/apache/kerby/kerb-admin/1.0.1/kerb-admin-1.0.1.jar:/home/user/.m2/repository/org/apache/kerby/kerb-server/1.0.1/kerb-server-1.0.1.jar:/home/user/.m2/repository/org/apache/kerby/kerb-identity/1.0.1/kerb-identity-1.0.1.jar:/home/user/.m2/repository/org/apache/kerby/kerby-xdr/1.0.1/kerby-xdr-1.0.1.jar:/home/user/.m2/repository/com/fasterxml/jackson/core/jackson-databind/2.9.5/jackson-databind-2.9.5.jar:/home/user/.m2/repository/com/fasterxml/jackson/core/jackson-annotations/2.9.5/jackson-annotations-2.9.5.jar:/home/user/.m2/repository/com/fasterxml/jackson/core/jackson-core/2.9.5/jackson-core-2.9.5.jar:/home/user/.m2/repository/org/codehaus/woodstox/stax2-api/3.1.4/stax2-api-3.1.4.jar:/home/user/.m2/repository/com/fasterxml/woodstox/woodstox-core/5.0.3/woodstox-core-5.0.3.jar:/home/user/.m2/repository/dnsjava/dnsjava/2.1.7/dnsjava-2.1.7.jar:/home/user/.m2/repository/org/apache/hadoop/hadoop-hdfs/3.2.0/hadoop-hdfs-3.2.0.jar:/home/user/.m2/repository/org/eclipse/jetty/jetty-util-ajax/9.3.24.v20180605/jetty-util-ajax-9.3.24.v20180605.jar:/home/user/.m2/repository/commons-daemon/commons-daemon/1.0.13/commons-daemon-1.0.13.jar:/home/user/.m2/repository/io/netty/netty/3.10.5.Final/netty-3.10.5.Final.jar:/home/user/.m2/repository/io/netty/netty-all/4.0.52.Final/netty-all-4.0.52.Final.jar:/home/user/.m2/repository/org/fusesource/leveldbjni/leveldbjni-all/1.8/leveldbjni-all-1.8.jar:/home/user/.m2/repository/org/apache/hadoop/hadoop-hdds-common/0.5.0-SNAPSHOT/hadoop-hdds-common-0.5.0-SNAPSHOT.jar:/home/user/.m2/repository/org/apache/hadoop/hadoop-hdds-config/0.5.0-SNAPSHOT/hadoop-hdds-config-0.5.0-SNAPSHOT.jar:/home/user/.m2/repository/javax/annotation/javax.annotation-api/1.2/javax.annotation-api-1.2.jar:/home/user/.m2/repository/org/apache/ratis/ratis-server/0.4.0-2337318-SNAPSHOT/ratis-server-0.4.0-2337318-SNAPSHOT.jar:/home/user/.m2/repository/org/apache/ratis/ratis-thirdparty-misc/0.2.0/ratis-thirdparty-misc-0.2.0.jar:/home/user/.m2/repository/org/apache/ratis/ratis-proto/0.4.0-2337318-SNAPSHOT/ratis-proto-0.4.0-2337318-SNAPSHOT.jar:/home/user/.m2/repository/org/apache/ratis/ratis-common/0.4.0-2337318-SNAPSHOT/ratis-common-0.4.0-2337318-SNAPSHOT.jar:/home/user/.m2/repository/org/apache/ratis/ratis-client/0.4.0-2337318-SNAPSHOT/ratis-client-0.4.0-2337318-SNAPSHOT.jar:/home/user/.m2/repository/org/apache/ratis/ratis-metrics/0.4.0-2337318-SNAPSHOT/ratis-metrics-0.4.0-2337318-SNAPSHOT.jar:/home/user/.m2/repository/org/apache/ratis/ratis-netty/0.4.0-2337318-SNAPSHOT/ratis-netty-0.4.0-2337318-SNAPSHOT.jar:/home/user/.m2/repository/org/apache/ratis/ratis-grpc/0.4.0-2337318-SNAPSHOT/ratis-grpc-0.4.0-2337318-SNAPSHOT.jar:/home/user/.m2/repository/org/rocksdb/rocksdbjni/6.0.1/rocksdbjni-6.0.1.jar:/home/user/.m2/repository/org/apache/logging/log4j/log4j-api/2.11.0/log4j-api-2.11.0.jar:/home/user/.m2/repository/org/apache/logging/log4j/log4j-core/2.11.0/log4j-core-2.11.0.jar:/home/user/.m2/repository/com/lmax/disruptor/3.4.2/disruptor-3.4.2.jar:/home/user/.m2/repository/org/apache/commons/commons-pool2/2.6.0/commons-pool2-2.6.0.jar:/home/user/.m2/repository/org/bouncycastle/bcpkix-jdk15on/1.60/bcpkix-jdk15on-1.60.jar:/home/user/.m2/repository/commons-validator/commons-validator/1.6/commons-validator-1.6.jar:/home/user/.m2/repository/commons-digester/commons-digester/1.8.1/commons-digester-1.8.1.jar:/home/user/.m2/repository/io/jaegertracing/jaeger-client/0.33.1/jaeger-client-0.33.1.jar:/home/user/.m2/repository/io/jaegertracing/jaeger-thrift/0.33.1/jaeger-thrift-0.33.1.jar:/home/user/.m2/repository/org/apache/thrift/libthrift/0.11.0/libthrift-0.11.0.jar:/home/user/.m2/repository/com/squareup/okhttp3/okhttp/3.9.0/okhttp-3.9.0.jar:/home/user/.m2/repository/com/squareup/okio/okio/1.13.0/okio-1.13.0.jar:/home/user/.m2/repository/io/jaegertracing/jaeger-core/0.33.1/jaeger-core-0.33.1.jar:/home/user/.m2/repository/io/jaegertracing/jaeger-tracerresolver/0.33.1/jaeger-tracerresolver-0.33.1.jar:/home/user/.m2/repository/io/opentracing/contrib/opentracing-tracerresolver/0.1.5/opentracing-tracerresolver-0.1.5.jar:/home/user/.m2/repository/io/opentracing/opentracing-util/0.31.0/opentracing-util-0.31.0.jar:/home/user/.m2/repository/io/opentracing/opentracing-api/0.31.0/opentracing-api-0.31.0.jar:/home/user/.m2/repository/io/opentracing/opentracing-noop/0.31.0/opentracing-noop-0.31.0.jar:/home/user/.m2/repository/org/yaml/snakeyaml/1.16/snakeyaml-1.16.jar:/home/user/.m2/repository/org/apache/hadoop/hadoop-hdfs-client/3.2.0/hadoop-hdfs-client-3.2.0.jar:/home/user/.m2/repository/info/picocli/picocli/3.9.6/picocli-3.9.6.jar:/home/user/.m2/repository/org/apache/hadoop/hadoop-hdds-server-scm/0.5.0-SNAPSHOT/hadoop-hdds-server-scm-0.5.0-SNAPSHOT.jar:/home/user/.m2/repository/org/apache/hadoop/hadoop-hdds-docs/0.5.0-SNAPSHOT/hadoop-hdds-docs-0.5.0-SNAPSHOT.jar:/home/user/.m2/repository/io/dropwizard/metrics/metrics-core/3.2.4/metrics-core-3.2.4.jar:/home/user/.m2/repository/org/hamcrest/hamcrest-all/1.3/hamcrest-all-1.3.jar:/home/user/.m2/repository/org/bouncycastle/bcprov-jdk15on/1.60/bcprov-jdk15on-1.60.jar:/home/user/.m2/repository/org/apache/hadoop/hadoop-hdds-server-framework/0.5.0-SNAPSHOT/hadoop-hdds-server-framework-0.5.0-SNAPSHOT.jar:/home/user/.m2/repository/org/apache/hadoop/hadoop-ozone-ozone-manager/0.5.0-SNAPSHOT/hadoop-ozone-ozone-manager-0.5.0-SNAPSHOT.jar:/home/user/.m2/repository/org/apache/hadoop/hadoop-hdds-container-service/0.5.0-SNAPSHOT/hadoop-hdds-container-service-0.5.0-SNAPSHOT.jar:/home/user/.m2/repository/org/apache/hadoop/hadoop-hdds-client/0.5.0-SNAPSHOT/hadoop-hdds-client-0.5.0-SNAPSHOT.jar:/home/user/.m2/repository/org/apache/hadoop/hadoop-ozone-common/0.5.0-SNAPSHOT/hadoop-ozone-common-0.5.0-SNAPSHOT.jar:/home/user/.m2/repository/org/apache/hadoop/hadoop-hdds-tools/0.5.0-SNAPSHOT/hadoop-hdds-tools-0.5.0-SNAPSHOT.jar:/home/user/.m2/repository/org/xerial/sqlite-jdbc/3.25.2/sqlite-jdbc-3.25.2.jar:/home/user/.m2/repository/com/google/code/findbugs/findbugs/3.0.1/findbugs-3.0.1.jar:/home/user/.m2/repository/net/jcip/jcip-annotations/1.0/jcip-annotations-1.0.jar:/home/user/.m2/repository/com/google/code/findbugs/bcel-findbugs/6.0/bcel-findbugs-6.0.jar:/home/user/.m2/repository/com/google/code/findbugs/jFormatString/2.0.1/jFormatString-2.0.1.jar:/home/user/.m2/repository/dom4j/dom4j/1.6.1/dom4j-1.6.1.jar:/home/user/.m2/repository/xml-apis/xml-apis/1.0.b2/xml-apis-1.0.b2.jar:/home/user/.m2/repository/org/ow2/asm/asm-debug-all/5.0.2/asm-debug-all-5.0.2.jar:/home/user/.m2/repository/org/ow2/asm/asm-commons/5.0.2/asm-commons-5.0.2.jar:/home/user/.m2/repository/org/ow2/asm/asm-tree/5.0.2/asm-tree-5.0.2.jar:/home/user/.m2/repository/org/ow2/asm/asm/5.0.4/asm-5.0.4.jar:/home/user/.m2/repository/commons-lang/commons-lang/2.6/commons-lang-2.6.jar:/home/user/.m2/repository/com/apple/AppleJavaExtensions/1.4/AppleJavaExtensions-1.4.jar:/home/user/.m2/repository/jaxen/jaxen/1.1.6/jaxen-1.1.6.jar:/home/user/.m2/repository/org/apache/hadoop/hadoop-common/3.2.0/hadoop-common-3.2.0-tests.jar:/home/user/.m2/repository/org/apache/hadoop/hadoop-ozone-client/0.5.0-SNAPSHOT/hadoop-ozone-client-0.5.0-SNAPSHOT.jar:/home/user/.m2/repository/org/apache/hadoop/hadoop-hdfs/3.2.0/hadoop-hdfs-3.2.0-tests.jar:/workdir/hadoop-ozone/integration-test/target/test-classes:/home/user/.m2/repository/org/apache/hadoop/hadoop-ozone-s3gateway/0.5.0-SNAPSHOT/hadoop-ozone-s3gateway-0.5.0-SNAPSHOT.jar:/home/user/.m2/repository/org/jboss/weld/servlet/weld-servlet/2.4.7.Final/weld-servlet-2.4.7.Final.jar:/home/user/.m2/repository/org/glassfish/jersey/containers/jersey-container-servlet-core/2.27/jersey-container-servlet-core-2.27.jar:/home/user/.m2/repository/org/glassfish/hk2/external/javax.inject/2.5.0-b42/javax.inject-2.5.0-b42.jar:/home/user/.m2/repository/org/glassfish/jersey/core/jersey-common/2.27/jersey-common-2.27.jar:/home/user/.m2/repository/org/glassfish/hk2/osgi-resource-locator/1.0.1/osgi-resource-locator-1.0.1.jar:/home/user/.m2/repository/javax/ws/rs/javax.ws.rs-api/2.1/javax.ws.rs-api-2.1.jar:/home/user/.m2/repository/org/glassfish/jersey/ext/cdi/jersey-cdi1x/2.27/jersey-cdi1x-2.27.jar:/home/user/.m2/repository/org/glassfish/jersey/inject/jersey-hk2/2.27/jersey-hk2-2.27.jar:/home/user/.m2/repository/org/glassfish/hk2/hk2-locator/2.5.0-b42/hk2-locator-2.5.0-b42.jar:/home/user/.m2/repository/org/javassist/javassist/3.22.0-CR2/javassist-3.22.0-CR2.jar:/home/user/.m2/repository/org/glassfish/hk2/hk2-api/2.5.0/hk2-api-2.5.0.jar:/home/user/.m2/repository/org/glassfish/hk2/external/jakarta.inject/2.5.0/jakarta.inject-2.5.0.jar:/home/user/.m2/repository/org/glassfish/hk2/hk2-utils/2.5.0/hk2-utils-2.5.0.jar:/home/user/.m2/repository/jakarta/annotation/jakarta.annotation-api/1.3.4/jakarta.annotation-api-1.3.4.jar:/home/user/.m2/repository/org/glassfish/hk2/external/aopalliance-repackaged/2.5.0/aopalliance-repackaged-2.5.0.jar:/home/user/.m2/repository/com/fasterxml/jackson/dataformat/jackson-dataformat-xml/2.9.0/jackson-dataformat-xml-2.9.0.jar:/home/user/.m2/repository/com/fasterxml/jackson/module/jackson-module-jaxb-annotations/2.9.5/jackson-module-jaxb-annotations-2.9.5.jar:/home/user/.m2/repository/javax/enterprise/cdi-api/1.2/cdi-api-1.2.jar:/home/user/.m2/repository/javax/el/javax.el-api/3.0.0/javax.el-api-3.0.0.jar:/home/user/.m2/repository/javax/interceptor/javax.interceptor-api/1.2/javax.interceptor-api-1.2.jar:/home/user/.m2/repository/javax/inject/javax.inject/1/javax.inject-1.jar:/home/user/.m2/repository/com/sun/xml/bind/jaxb-core/2.3.0.1/jaxb-core-2.3.0.1.jar:/home/user/.m2/repository/javax/xml/bind/jaxb-api/2.3.0/jaxb-api-2.3.0.jar:/home/user/.m2/repository/javax/activation/activation/1.1.1/activation-1.1.1.jar:/home/user/.m2/repository/org/apache/hadoop/hadoop-ozone-csi/0.5.0-SNAPSHOT/hadoop-ozone-csi-0.5.0-SNAPSHOT.jar:/home/user/.m2/repository/com/google/protobuf/protobuf-java-util/3.5.1/protobuf-java-util-3.5.1.jar:/home/user/.m2/repository/io/grpc/grpc-netty/1.17.1/grpc-netty-1.17.1.jar:/home/user/.m2/repository/io/grpc/grpc-core/1.17.1/grpc-core-1.17.1.jar:/home/user/.m2/repository/io/grpc/grpc-context/1.17.1/grpc-context-1.17.1.jar:/home/user/.m2/repository/com/google/errorprone/error_prone_annotations/2.2.0/error_prone_annotations-2.2.0.jar:/home/user/.m2/repository/org/codehaus/mojo/animal-sniffer-annotations/1.17/animal-sniffer-annotations-1.17.jar:/home/user/.m2/repository/io/opencensus/opencensus-api/0.17.0/opencensus-api-0.17.0.jar:/home/user/.m2/repository/io/opencensus/opencensus-contrib-grpc-metrics/0.17.0/opencensus-contrib-grpc-metrics-0.17.0.jar:/home/user/.m2/repository/io/netty/netty-codec-http2/4.1.30.Final/netty-codec-http2-4.1.30.Final.jar:/home/user/.m2/repository/io/netty/netty-codec-http/4.1.30.Final/netty-codec-http-4.1.30.Final.jar:/home/user/.m2/repository/io/netty/netty-codec/4.1.30.Final/netty-codec-4.1.30.Final.jar:/home/user/.m2/repository/io/netty/netty-handler/4.1.30.Final/netty-handler-4.1.30.Final.jar:/home/user/.m2/repository/io/netty/netty-handler-proxy/4.1.30.Final/netty-handler-proxy-4.1.30.Final.jar:/home/user/.m2/repository/io/netty/netty-codec-socks/4.1.30.Final/netty-codec-socks-4.1.30.Final.jar:/home/user/.m2/repository/io/netty/netty-transport-native-epoll/4.1.30.Final/netty-transport-native-epoll-4.1.30.Final.jar:/home/user/.m2/repository/io/netty/netty-common/4.1.30.Final/netty-common-4.1.30.Final.jar:/home/user/.m2/repository/io/netty/netty-buffer/4.1.30.Final/netty-buffer-4.1.30.Final.jar:/home/user/.m2/repository/io/netty/netty-transport/4.1.30.Final/netty-transport-4.1.30.Final.jar:/home/user/.m2/repository/io/netty/netty-resolver/4.1.30.Final/netty-resolver-4.1.30.Final.jar:/home/user/.m2/repository/io/netty/netty-transport-native-unix-common/4.1.30.Final/netty-transport-native-unix-common-4.1.30.Final.jar:/home/user/.m2/repository/io/grpc/grpc-protobuf/1.17.1/grpc-protobuf-1.17.1.jar:/home/user/.m2/repository/com/google/api/grpc/proto-google-common-protos/1.0.0/proto-google-common-protos-1.0.0.jar:/home/user/.m2/repository/io/grpc/grpc-protobuf-lite/1.17.1/grpc-protobuf-lite-1.17.1.jar:/home/user/.m2/repository/io/grpc/grpc-stub/1.17.1/grpc-stub-1.17.1.jar:/home/user/.m2/repository/org/apache/hadoop/hadoop-ozone-recon/0.5.0-SNAPSHOT/hadoop-ozone-recon-0.5.0-SNAPSHOT.jar:/home/user/.m2/repository/org/apache/hadoop/hadoop-ozone-reconcodegen/0.5.0-SNAPSHOT/hadoop-ozone-reconcodegen-0.5.0-SNAPSHOT.jar:/home/user/.m2/repository/com/google/inject/extensions/guice-multibindings/4.0/guice-multibindings-4.0.jar:/home/user/.m2/repository/com/google/inject/guice/4.0/guice-4.0.jar:/home/user/.m2/repository/aopalliance/aopalliance/1.0/aopalliance-1.0.jar:/home/user/.m2/repository/org/glassfish/jersey/containers/jersey-container-servlet/2.27/jersey-container-servlet-2.27.jar:/home/user/.m2/repository/org/glassfish/hk2/guice-bridge/2.5.0/guice-bridge-2.5.0.jar:/home/user/.m2/repository/org/glassfish/jersey/core/jersey-server/2.27/jersey-server-2.27.jar:/home/user/.m2/repository/org/glassfish/jersey/core/jersey-client/2.27/jersey-client-2.27.jar:/home/user/.m2/repository/org/glassfish/jersey/media/jersey-media-jaxb/2.27/jersey-media-jaxb-2.27.jar:/home/user/.m2/repository/javax/validation/validation-api/1.1.0.Final/validation-api-1.1.0.Final.jar:/home/user/.m2/repository/org/glassfish/jersey/media/jersey-media-json-jackson/2.27/jersey-media-json-jackson-2.27.jar:/home/user/.m2/repository/org/glassfish/jersey/ext/jersey-entity-filtering/2.27/jersey-entity-filtering-2.27.jar:/home/user/.m2/repository/com/google/inject/extensions/guice-assistedinject/4.0/guice-assistedinject-4.0.jar:/home/user/.m2/repository/org/jooq/jooq/3.11.10/jooq-3.11.10.jar:/home/user/.m2/repository/org/jooq/jooq-meta/3.11.10/jooq-meta-3.11.10.jar:/home/user/.m2/repository/org/jooq/jooq-codegen/3.11.10/jooq-codegen-3.11.10.jar:/home/user/.m2/repository/com/jolbox/bonecp/0.8.0.RELEASE/bonecp-0.8.0.RELEASE.jar:/home/user/.m2/repository/org/springframework/spring-jdbc/5.1.3.RELEASE/spring-jdbc-5.1.3.RELEASE.jar:/home/user/.m2/repository/org/springframework/spring-beans/5.1.3.RELEASE/spring-beans-5.1.3.RELEASE.jar:/home/user/.m2/repository/org/springframework/spring-core/5.1.3.RELEASE/spring-core-5.1.3.RELEASE.jar:/home/user/.m2/repository/org/springframework/spring-jcl/5.1.3.RELEASE/spring-jcl-5.1.3.RELEASE.jar:/home/user/.m2/repository/org/springframework/spring-tx/5.1.3.RELEASE/spring-tx-5.1.3.RELEASE.jar:/home/user/.m2/repository/org/mockito/mockito-all/1.10.19/mockito-all-1.10.19.jar:/home/user/.m2/repository/junit/junit/4.11/junit-4.11.jar:/home/user/.m2/repository/org/hamcrest/hamcrest-core/1.3/hamcrest-core-1.3.jar:/home/user/.m2/repository/org/apache/hadoop/hadoop-distcp/3.2.0/hadoop-distcp-3.2.0.jar:/home/user/.m2/repository/org/apache/hadoop/hadoop-distcp/3.2.0/hadoop-distcp-3.2.0-tests.jar:/home/user/.m2/repository/org/apache/hadoop/hadoop-mapreduce-client-jobclient/3.2.0/hadoop-mapreduce-client-jobclient-3.2.0.jar:/home/user/.m2/repository/org/apache/hadoop/hadoop-mapreduce-client-common/3.2.0/hadoop-mapreduce-client-common-3.2.0.jar:/home/user/.m2/repository/org/apache/hadoop/hadoop-yarn-common/3.2.0/hadoop-yarn-common-3.2.0.jar:/home/user/.m2/repository/org/apache/hadoop/hadoop-yarn-api/3.2.0/hadoop-yarn-api-3.2.0.jar:/home/user/.m2/repository/com/sun/jersey/jersey-client/1.19/jersey-client-1.19.jar:/home/user/.m2/repository/com/sun/jersey/contribs/jersey-guice/1.19/jersey-guice-1.19.jar:/home/user/.m2/repository/com/fasterxml/jackson/jaxrs/jackson-jaxrs-json-provider/2.9.5/jackson-jaxrs-json-provider-2.9.5.jar:/home/user/.m2/repository/com/fasterxml/jackson/jaxrs/jackson-jaxrs-base/2.9.5/jackson-jaxrs-base-2.9.5.jar:/home/user/.m2/repository/org/apache/hadoop/hadoop-yarn-client/3.2.0/hadoop-yarn-client-3.2.0.jar:/home/user/.m2/repository/org/apache/hadoop/hadoop-mapreduce-client-core/3.2.0/hadoop-mapreduce-client-core-3.2.0.jar:/home/user/.m2/repository/com/google/inject/extensions/guice-servlet/4.0/guice-servlet-4.0.jar:/home/user/.m2/repository/org/powermock/powermock-module-junit4/1.6.5/powermock-module-junit4-1.6.5.jar:/home/user/.m2/repository/org/powermock/powermock-module-junit4-common/1.6.5/powermock-module-junit4-common-1.6.5.jar:/home/user/.m2/repository/org/powermock/powermock-core/1.6.5/powermock-core-1.6.5.jar:/home/user/.m2/repository/org/powermock/powermock-reflect/1.6.5/powermock-reflect-1.6.5.jar:/home/user/.m2/repository/org/powermock/powermock-api-mockito/1.6.5/powermock-api-mockito-1.6.5.jar:/home/user/.m2/repository/org/mockito/mockito-core/1.10.19/mockito-core-1.10.19.jar:/home/user/.m2/repository/org/objenesis/objenesis/1.0/objenesis-1.0.jar:/home/user/.m2/repository/org/powermock/powermock-api-mockito-common/1.6.5/powermock-api-mockito-common-1.6.5.jar:/home/user/.m2/repository/org/powermock/powermock-api-support/1.6.5/powermock-api-support-1.6.5.jar:"/>
    <property name="java.vm.vendor" value="IcedTea"/>
    <property name="sun.arch.data.model" value="64"/>
    <property name="test.build.dir" value="/workdir/hadoop-ozone/ozonefs/target/test-dir"/>
    <property name="test.cache.data" value=""/>
    <property name="java.vendor.url" value="https://icedtea.classpath.org"/>
    <property name="user.timezone" value=""/>
    <property name="java.vm.specification.version" value="1.8"/>
    <property name="os.name" value="Linux"/>
    <property name="test.build.data" value="/workdir/hadoop-ozone/ozonefs/target/test-dir"/>
    <property name="user.country" value="US"/>
    <property name="sun.java.launcher" value="SUN_STANDARD"/>
    <property name="sun.boot.library.path" value="/usr/lib/jvm/java-1.8-openjdk/jre/lib/amd64"/>
    <property name="sun.java.command" value="/workdir/hadoop-ozone/ozonefs/target/surefire/surefirebooter9075954587877607045.jar /workdir/hadoop-ozone/ozonefs/target/surefire 2019-08-24T10-35-50_366-jvmRun1 surefire4550457418072828426tmp surefire_863236789447344299795tmp"/>
    <property name="test" value="!TestMiniChaosOzoneCluster"/>
    <property name="surefire.test.class.path" value="/workdir/hadoop-ozone/ozonefs/target/test-classes:/workdir/hadoop-ozone/ozonefs/target/classes:/home/user/.m2/repository/org/apache/hadoop/hadoop-common/3.2.0/hadoop-common-3.2.0.jar:/home/user/.m2/repository/org/apache/hadoop/hadoop-annotations/3.2.0/hadoop-annotations-3.2.0.jar:/usr/lib/jvm/java-1.8-openjdk/jre/../lib/tools.jar:/home/user/.m2/repository/com/google/guava/guava/11.0.2/guava-11.0.2.jar:/home/user/.m2/repository/commons-cli/commons-cli/1.2/commons-cli-1.2.jar:/home/user/.m2/repository/org/apache/commons/commons-math3/3.1.1/commons-math3-3.1.1.jar:/home/user/.m2/repository/org/apache/httpcomponents/httpclient/4.5.2/httpclient-4.5.2.jar:/home/user/.m2/repository/org/apache/httpcomponents/httpcore/4.4.4/httpcore-4.4.4.jar:/home/user/.m2/repository/commons-codec/commons-codec/1.11/commons-codec-1.11.jar:/home/user/.m2/repository/commons-io/commons-io/2.5/commons-io-2.5.jar:/home/user/.m2/repository/commons-net/commons-net/3.6/commons-net-3.6.jar:/home/user/.m2/repository/commons-collections/commons-collections/3.2.2/commons-collections-3.2.2.jar:/home/user/.m2/repository/javax/servlet/javax.servlet-api/3.1.0/javax.servlet-api-3.1.0.jar:/home/user/.m2/repository/org/eclipse/jetty/jetty-server/9.3.24.v20180605/jetty-server-9.3.24.v20180605.jar:/home/user/.m2/repository/org/eclipse/jetty/jetty-http/9.3.24.v20180605/jetty-http-9.3.24.v20180605.jar:/home/user/.m2/repository/org/eclipse/jetty/jetty-io/9.3.24.v20180605/jetty-io-9.3.24.v20180605.jar:/home/user/.m2/repository/org/eclipse/jetty/jetty-util/9.3.24.v20180605/jetty-util-9.3.24.v20180605.jar:/home/user/.m2/repository/org/eclipse/jetty/jetty-servlet/9.3.24.v20180605/jetty-servlet-9.3.24.v20180605.jar:/home/user/.m2/repository/org/eclipse/jetty/jetty-security/9.3.24.v20180605/jetty-security-9.3.24.v20180605.jar:/home/user/.m2/repository/org/eclipse/jetty/jetty-webapp/9.3.24.v20180605/jetty-webapp-9.3.24.v20180605.jar:/home/user/.m2/repository/org/eclipse/jetty/jetty-xml/9.3.24.v20180605/jetty-xml-9.3.24.v20180605.jar:/home/user/.m2/repository/javax/servlet/jsp/jsp-api/2.1/jsp-api-2.1.jar:/home/user/.m2/repository/com/sun/jersey/jersey-core/1.19/jersey-core-1.19.jar:/home/user/.m2/repository/javax/ws/rs/jsr311-api/1.1.1/jsr311-api-1.1.1.jar:/home/user/.m2/repository/com/sun/jersey/jersey-servlet/1.19/jersey-servlet-1.19.jar:/home/user/.m2/repository/com/sun/jersey/jersey-json/1.19/jersey-json-1.19.jar:/home/user/.m2/repository/org/codehaus/jettison/jettison/1.1/jettison-1.1.jar:/home/user/.m2/repository/com/sun/xml/bind/jaxb-impl/2.3.0.1/jaxb-impl-2.3.0.1.jar:/home/user/.m2/repository/org/codehaus/jackson/jackson-core-asl/1.9.13/jackson-core-asl-1.9.13.jar:/home/user/.m2/repository/org/codehaus/jackson/jackson-mapper-asl/1.9.13/jackson-mapper-asl-1.9.13.jar:/home/user/.m2/repository/org/codehaus/jackson/jackson-jaxrs/1.9.13/jackson-jaxrs-1.9.13.jar:/home/user/.m2/repository/org/codehaus/jackson/jackson-xc/1.9.13/jackson-xc-1.9.13.jar:/home/user/.m2/repository/com/sun/jersey/jersey-server/1.19/jersey-server-1.19.jar:/home/user/.m2/repository/commons-logging/commons-logging/1.1.3/commons-logging-1.1.3.jar:/home/user/.m2/repository/log4j/log4j/1.2.17/log4j-1.2.17.jar:/home/user/.m2/repository/commons-beanutils/commons-beanutils/1.9.3/commons-beanutils-1.9.3.jar:/home/user/.m2/repository/org/apache/commons/commons-configuration2/2.1.1/commons-configuration2-2.1.1.jar:/home/user/.m2/repository/org/apache/commons/commons-lang3/3.7/commons-lang3-3.7.jar:/home/user/.m2/repository/org/apache/commons/commons-text/1.4/commons-text-1.4.jar:/home/user/.m2/repository/org/slf4j/slf4j-api/1.7.25/slf4j-api-1.7.25.jar:/home/user/.m2/repository/org/slf4j/slf4j-log4j12/1.7.25/slf4j-log4j12-1.7.25.jar:/home/user/.m2/repository/org/apache/avro/avro/1.7.7/avro-1.7.7.jar:/home/user/.m2/repository/com/thoughtworks/paranamer/paranamer/2.3/paranamer-2.3.jar:/home/user/.m2/repository/org/xerial/snappy/snappy-java/1.0.5/snappy-java-1.0.5.jar:/home/user/.m2/repository/com/google/re2j/re2j/1.1/re2j-1.1.jar:/home/user/.m2/repository/com/google/protobuf/protobuf-java/2.5.0/protobuf-java-2.5.0.jar:/home/user/.m2/repository/com/google/code/gson/gson/2.2.4/gson-2.2.4.jar:/home/user/.m2/repository/org/apache/hadoop/hadoop-auth/3.2.0/hadoop-auth-3.2.0.jar:/home/user/.m2/repository/com/nimbusds/nimbus-jose-jwt/4.41.1/nimbus-jose-jwt-4.41.1.jar:/home/user/.m2/repository/com/github/stephenc/jcip/jcip-annotations/1.0-1/jcip-annotations-1.0-1.jar:/home/user/.m2/repository/net/minidev/json-smart/2.3/json-smart-2.3.jar:/home/user/.m2/repository/net/minidev/accessors-smart/1.2/accessors-smart-1.2.jar:/home/user/.m2/repository/org/apache/curator/curator-framework/2.12.0/curator-framework-2.12.0.jar:/home/user/.m2/repository/com/jcraft/jsch/0.1.54/jsch-0.1.54.jar:/home/user/.m2/repository/org/apache/curator/curator-client/2.12.0/curator-client-2.12.0.jar:/home/user/.m2/repository/org/apache/curator/curator-recipes/2.12.0/curator-recipes-2.12.0.jar:/home/user/.m2/repository/com/google/code/findbugs/jsr305/3.0.0/jsr305-3.0.0.jar:/home/user/.m2/repository/org/apache/htrace/htrace-core4/4.1.0-incubating/htrace-core4-4.1.0-incubating.jar:/home/user/.m2/repository/org/apache/zookeeper/zookeeper/3.4.13/zookeeper-3.4.13.jar:/home/user/.m2/repository/org/apache/yetus/audience-annotations/0.5.0/audience-annotations-0.5.0.jar:/home/user/.m2/repository/org/apache/commons/commons-compress/1.4.1/commons-compress-1.4.1.jar:/home/user/.m2/repository/org/tukaani/xz/1.0/xz-1.0.jar:/home/user/.m2/repository/org/apache/kerby/kerb-simplekdc/1.0.1/kerb-simplekdc-1.0.1.jar:/home/user/.m2/repository/org/apache/kerby/kerb-client/1.0.1/kerb-client-1.0.1.jar:/home/user/.m2/repository/org/apache/kerby/kerby-config/1.0.1/kerby-config-1.0.1.jar:/home/user/.m2/repository/org/apache/kerby/kerb-core/1.0.1/kerb-core-1.0.1.jar:/home/user/.m2/repository/org/apache/kerby/kerby-pkix/1.0.1/kerby-pkix-1.0.1.jar:/home/user/.m2/repository/org/apache/kerby/kerby-asn1/1.0.1/kerby-asn1-1.0.1.jar:/home/user/.m2/repository/org/apache/kerby/kerby-util/1.0.1/kerby-util-1.0.1.jar:/home/user/.m2/repository/org/apache/kerby/kerb-common/1.0.1/kerb-common-1.0.1.jar:/home/user/.m2/repository/org/apache/kerby/kerb-crypto/1.0.1/kerb-crypto-1.0.1.jar:/home/user/.m2/repository/org/apache/kerby/kerb-util/1.0.1/kerb-util-1.0.1.jar:/home/user/.m2/repository/org/apache/kerby/token-provider/1.0.1/token-provider-1.0.1.jar:/home/user/.m2/repository/org/apache/kerby/kerb-admin/1.0.1/kerb-admin-1.0.1.jar:/home/user/.m2/repository/org/apache/kerby/kerb-server/1.0.1/kerb-server-1.0.1.jar:/home/user/.m2/repository/org/apache/kerby/kerb-identity/1.0.1/kerb-identity-1.0.1.jar:/home/user/.m2/repository/org/apache/kerby/kerby-xdr/1.0.1/kerby-xdr-1.0.1.jar:/home/user/.m2/repository/com/fasterxml/jackson/core/jackson-databind/2.9.5/jackson-databind-2.9.5.jar:/home/user/.m2/repository/com/fasterxml/jackson/core/jackson-annotations/2.9.5/jackson-annotations-2.9.5.jar:/home/user/.m2/repository/com/fasterxml/jackson/core/jackson-core/2.9.5/jackson-core-2.9.5.jar:/home/user/.m2/repository/org/codehaus/woodstox/stax2-api/3.1.4/stax2-api-3.1.4.jar:/home/user/.m2/repository/com/fasterxml/woodstox/woodstox-core/5.0.3/woodstox-core-5.0.3.jar:/home/user/.m2/repository/dnsjava/dnsjava/2.1.7/dnsjava-2.1.7.jar:/home/user/.m2/repository/org/apache/hadoop/hadoop-hdfs/3.2.0/hadoop-hdfs-3.2.0.jar:/home/user/.m2/repository/org/eclipse/jetty/jetty-util-ajax/9.3.24.v20180605/jetty-util-ajax-9.3.24.v20180605.jar:/home/user/.m2/repository/commons-daemon/commons-daemon/1.0.13/commons-daemon-1.0.13.jar:/home/user/.m2/repository/io/netty/netty/3.10.5.Final/netty-3.10.5.Final.jar:/home/user/.m2/repository/io/netty/netty-all/4.0.52.Final/netty-all-4.0.52.Final.jar:/home/user/.m2/repository/org/fusesource/leveldbjni/leveldbjni-all/1.8/leveldbjni-all-1.8.jar:/home/user/.m2/repository/org/apache/hadoop/hadoop-hdds-common/0.5.0-SNAPSHOT/hadoop-hdds-common-0.5.0-SNAPSHOT.jar:/home/user/.m2/repository/org/apache/hadoop/hadoop-hdds-config/0.5.0-SNAPSHOT/hadoop-hdds-config-0.5.0-SNAPSHOT.jar:/home/user/.m2/repository/javax/annotation/javax.annotation-api/1.2/javax.annotation-api-1.2.jar:/home/user/.m2/repository/org/apache/ratis/ratis-server/0.4.0-2337318-SNAPSHOT/ratis-server-0.4.0-2337318-SNAPSHOT.jar:/home/user/.m2/repository/org/apache/ratis/ratis-thirdparty-misc/0.2.0/ratis-thirdparty-misc-0.2.0.jar:/home/user/.m2/repository/org/apache/ratis/ratis-proto/0.4.0-2337318-SNAPSHOT/ratis-proto-0.4.0-2337318-SNAPSHOT.jar:/home/user/.m2/repository/org/apache/ratis/ratis-common/0.4.0-2337318-SNAPSHOT/ratis-common-0.4.0-2337318-SNAPSHOT.jar:/home/user/.m2/repository/org/apache/ratis/ratis-client/0.4.0-2337318-SNAPSHOT/ratis-client-0.4.0-2337318-SNAPSHOT.jar:/home/user/.m2/repository/org/apache/ratis/ratis-metrics/0.4.0-2337318-SNAPSHOT/ratis-metrics-0.4.0-2337318-SNAPSHOT.jar:/home/user/.m2/repository/org/apache/ratis/ratis-netty/0.4.0-2337318-SNAPSHOT/ratis-netty-0.4.0-2337318-SNAPSHOT.jar:/home/user/.m2/repository/org/apache/ratis/ratis-grpc/0.4.0-2337318-SNAPSHOT/ratis-grpc-0.4.0-2337318-SNAPSHOT.jar:/home/user/.m2/repository/org/rocksdb/rocksdbjni/6.0.1/rocksdbjni-6.0.1.jar:/home/user/.m2/repository/org/apache/logging/log4j/log4j-api/2.11.0/log4j-api-2.11.0.jar:/home/user/.m2/repository/org/apache/logging/log4j/log4j-core/2.11.0/log4j-core-2.11.0.jar:/home/user/.m2/repository/com/lmax/disruptor/3.4.2/disruptor-3.4.2.jar:/home/user/.m2/repository/org/apache/commons/commons-pool2/2.6.0/commons-pool2-2.6.0.jar:/home/user/.m2/repository/org/bouncycastle/bcpkix-jdk15on/1.60/bcpkix-jdk15on-1.60.jar:/home/user/.m2/repository/commons-validator/commons-validator/1.6/commons-validator-1.6.jar:/home/user/.m2/repository/commons-digester/commons-digester/1.8.1/commons-digester-1.8.1.jar:/home/user/.m2/repository/io/jaegertracing/jaeger-client/0.33.1/jaeger-client-0.33.1.jar:/home/user/.m2/repository/io/jaegertracing/jaeger-thrift/0.33.1/jaeger-thrift-0.33.1.jar:/home/user/.m2/repository/org/apache/thrift/libthrift/0.11.0/libthrift-0.11.0.jar:/home/user/.m2/repository/com/squareup/okhttp3/okhttp/3.9.0/okhttp-3.9.0.jar:/home/user/.m2/repository/com/squareup/okio/okio/1.13.0/okio-1.13.0.jar:/home/user/.m2/repository/io/jaegertracing/jaeger-core/0.33.1/jaeger-core-0.33.1.jar:/home/user/.m2/repository/io/jaegertracing/jaeger-tracerresolver/0.33.1/jaeger-tracerresolver-0.33.1.jar:/home/user/.m2/repository/io/opentracing/contrib/opentracing-tracerresolver/0.1.5/opentracing-tracerresolver-0.1.5.jar:/home/user/.m2/repository/io/opentracing/opentracing-util/0.31.0/opentracing-util-0.31.0.jar:/home/user/.m2/repository/io/opentracing/opentracing-api/0.31.0/opentracing-api-0.31.0.jar:/home/user/.m2/repository/io/opentracing/opentracing-noop/0.31.0/opentracing-noop-0.31.0.jar:/home/user/.m2/repository/org/yaml/snakeyaml/1.16/snakeyaml-1.16.jar:/home/user/.m2/repository/org/apache/hadoop/hadoop-hdfs-client/3.2.0/hadoop-hdfs-client-3.2.0.jar:/home/user/.m2/repository/info/picocli/picocli/3.9.6/picocli-3.9.6.jar:/home/user/.m2/repository/org/apache/hadoop/hadoop-hdds-server-scm/0.5.0-SNAPSHOT/hadoop-hdds-server-scm-0.5.0-SNAPSHOT.jar:/home/user/.m2/repository/org/apache/hadoop/hadoop-hdds-docs/0.5.0-SNAPSHOT/hadoop-hdds-docs-0.5.0-SNAPSHOT.jar:/home/user/.m2/repository/io/dropwizard/metrics/metrics-core/3.2.4/metrics-core-3.2.4.jar:/home/user/.m2/repository/org/hamcrest/hamcrest-all/1.3/hamcrest-all-1.3.jar:/home/user/.m2/repository/org/bouncycastle/bcprov-jdk15on/1.60/bcprov-jdk15on-1.60.jar:/home/user/.m2/repository/org/apache/hadoop/hadoop-hdds-server-framework/0.5.0-SNAPSHOT/hadoop-hdds-server-framework-0.5.0-SNAPSHOT.jar:/home/user/.m2/repository/org/apache/hadoop/hadoop-ozone-ozone-manager/0.5.0-SNAPSHOT/hadoop-ozone-ozone-manager-0.5.0-SNAPSHOT.jar:/home/user/.m2/repository/org/apache/hadoop/hadoop-hdds-container-service/0.5.0-SNAPSHOT/hadoop-hdds-container-service-0.5.0-SNAPSHOT.jar:/home/user/.m2/repository/org/apache/hadoop/hadoop-hdds-client/0.5.0-SNAPSHOT/hadoop-hdds-client-0.5.0-SNAPSHOT.jar:/home/user/.m2/repository/org/apache/hadoop/hadoop-ozone-common/0.5.0-SNAPSHOT/hadoop-ozone-common-0.5.0-SNAPSHOT.jar:/home/user/.m2/repository/org/apache/hadoop/hadoop-hdds-tools/0.5.0-SNAPSHOT/hadoop-hdds-tools-0.5.0-SNAPSHOT.jar:/home/user/.m2/repository/org/xerial/sqlite-jdbc/3.25.2/sqlite-jdbc-3.25.2.jar:/home/user/.m2/repository/com/google/code/findbugs/findbugs/3.0.1/findbugs-3.0.1.jar:/home/user/.m2/repository/net/jcip/jcip-annotations/1.0/jcip-annotations-1.0.jar:/home/user/.m2/repository/com/google/code/findbugs/bcel-findbugs/6.0/bcel-findbugs-6.0.jar:/home/user/.m2/repository/com/google/code/findbugs/jFormatString/2.0.1/jFormatString-2.0.1.jar:/home/user/.m2/repository/dom4j/dom4j/1.6.1/dom4j-1.6.1.jar:/home/user/.m2/repository/xml-apis/xml-apis/1.0.b2/xml-apis-1.0.b2.jar:/home/user/.m2/repository/org/ow2/asm/asm-debug-all/5.0.2/asm-debug-all-5.0.2.jar:/home/user/.m2/repository/org/ow2/asm/asm-commons/5.0.2/asm-commons-5.0.2.jar:/home/user/.m2/repository/org/ow2/asm/asm-tree/5.0.2/asm-tree-5.0.2.jar:/home/user/.m2/repository/org/ow2/asm/asm/5.0.4/asm-5.0.4.jar:/home/user/.m2/repository/commons-lang/commons-lang/2.6/commons-lang-2.6.jar:/home/user/.m2/repository/com/apple/AppleJavaExtensions/1.4/AppleJavaExtensions-1.4.jar:/home/user/.m2/repository/jaxen/jaxen/1.1.6/jaxen-1.1.6.jar:/home/user/.m2/repository/org/apache/hadoop/hadoop-common/3.2.0/hadoop-common-3.2.0-tests.jar:/home/user/.m2/repository/org/apache/hadoop/hadoop-ozone-client/0.5.0-SNAPSHOT/hadoop-ozone-client-0.5.0-SNAPSHOT.jar:/home/user/.m2/repository/org/apache/hadoop/hadoop-hdfs/3.2.0/hadoop-hdfs-3.2.0-tests.jar:/workdir/hadoop-ozone/integration-test/target/test-classes:/home/user/.m2/repository/org/apache/hadoop/hadoop-ozone-s3gateway/0.5.0-SNAPSHOT/hadoop-ozone-s3gateway-0.5.0-SNAPSHOT.jar:/home/user/.m2/repository/org/jboss/weld/servlet/weld-servlet/2.4.7.Final/weld-servlet-2.4.7.Final.jar:/home/user/.m2/repository/org/glassfish/jersey/containers/jersey-container-servlet-core/2.27/jersey-container-servlet-core-2.27.jar:/home/user/.m2/repository/org/glassfish/hk2/external/javax.inject/2.5.0-b42/javax.inject-2.5.0-b42.jar:/home/user/.m2/repository/org/glassfish/jersey/core/jersey-common/2.27/jersey-common-2.27.jar:/home/user/.m2/repository/org/glassfish/hk2/osgi-resource-locator/1.0.1/osgi-resource-locator-1.0.1.jar:/home/user/.m2/repository/javax/ws/rs/javax.ws.rs-api/2.1/javax.ws.rs-api-2.1.jar:/home/user/.m2/repository/org/glassfish/jersey/ext/cdi/jersey-cdi1x/2.27/jersey-cdi1x-2.27.jar:/home/user/.m2/repository/org/glassfish/jersey/inject/jersey-hk2/2.27/jersey-hk2-2.27.jar:/home/user/.m2/repository/org/glassfish/hk2/hk2-locator/2.5.0-b42/hk2-locator-2.5.0-b42.jar:/home/user/.m2/repository/org/javassist/javassist/3.22.0-CR2/javassist-3.22.0-CR2.jar:/home/user/.m2/repository/org/glassfish/hk2/hk2-api/2.5.0/hk2-api-2.5.0.jar:/home/user/.m2/repository/org/glassfish/hk2/external/jakarta.inject/2.5.0/jakarta.inject-2.5.0.jar:/home/user/.m2/repository/org/glassfish/hk2/hk2-utils/2.5.0/hk2-utils-2.5.0.jar:/home/user/.m2/repository/jakarta/annotation/jakarta.annotation-api/1.3.4/jakarta.annotation-api-1.3.4.jar:/home/user/.m2/repository/org/glassfish/hk2/external/aopalliance-repackaged/2.5.0/aopalliance-repackaged-2.5.0.jar:/home/user/.m2/repository/com/fasterxml/jackson/dataformat/jackson-dataformat-xml/2.9.0/jackson-dataformat-xml-2.9.0.jar:/home/user/.m2/repository/com/fasterxml/jackson/module/jackson-module-jaxb-annotations/2.9.5/jackson-module-jaxb-annotations-2.9.5.jar:/home/user/.m2/repository/javax/enterprise/cdi-api/1.2/cdi-api-1.2.jar:/home/user/.m2/repository/javax/el/javax.el-api/3.0.0/javax.el-api-3.0.0.jar:/home/user/.m2/repository/javax/interceptor/javax.interceptor-api/1.2/javax.interceptor-api-1.2.jar:/home/user/.m2/repository/javax/inject/javax.inject/1/javax.inject-1.jar:/home/user/.m2/repository/com/sun/xml/bind/jaxb-core/2.3.0.1/jaxb-core-2.3.0.1.jar:/home/user/.m2/repository/javax/xml/bind/jaxb-api/2.3.0/jaxb-api-2.3.0.jar:/home/user/.m2/repository/javax/activation/activation/1.1.1/activation-1.1.1.jar:/home/user/.m2/repository/org/apache/hadoop/hadoop-ozone-csi/0.5.0-SNAPSHOT/hadoop-ozone-csi-0.5.0-SNAPSHOT.jar:/home/user/.m2/repository/com/google/protobuf/protobuf-java-util/3.5.1/protobuf-java-util-3.5.1.jar:/home/user/.m2/repository/io/grpc/grpc-netty/1.17.1/grpc-netty-1.17.1.jar:/home/user/.m2/repository/io/grpc/grpc-core/1.17.1/grpc-core-1.17.1.jar:/home/user/.m2/repository/io/grpc/grpc-context/1.17.1/grpc-context-1.17.1.jar:/home/user/.m2/repository/com/google/errorprone/error_prone_annotations/2.2.0/error_prone_annotations-2.2.0.jar:/home/user/.m2/repository/org/codehaus/mojo/animal-sniffer-annotations/1.17/animal-sniffer-annotations-1.17.jar:/home/user/.m2/repository/io/opencensus/opencensus-api/0.17.0/opencensus-api-0.17.0.jar:/home/user/.m2/repository/io/opencensus/opencensus-contrib-grpc-metrics/0.17.0/opencensus-contrib-grpc-metrics-0.17.0.jar:/home/user/.m2/repository/io/netty/netty-codec-http2/4.1.30.Final/netty-codec-http2-4.1.30.Final.jar:/home/user/.m2/repository/io/netty/netty-codec-http/4.1.30.Final/netty-codec-http-4.1.30.Final.jar:/home/user/.m2/repository/io/netty/netty-codec/4.1.30.Final/netty-codec-4.1.30.Final.jar:/home/user/.m2/repository/io/netty/netty-handler/4.1.30.Final/netty-handler-4.1.30.Final.jar:/home/user/.m2/repository/io/netty/netty-handler-proxy/4.1.30.Final/netty-handler-proxy-4.1.30.Final.jar:/home/user/.m2/repository/io/netty/netty-codec-socks/4.1.30.Final/netty-codec-socks-4.1.30.Final.jar:/home/user/.m2/repository/io/netty/netty-transport-native-epoll/4.1.30.Final/netty-transport-native-epoll-4.1.30.Final.jar:/home/user/.m2/repository/io/netty/netty-common/4.1.30.Final/netty-common-4.1.30.Final.jar:/home/user/.m2/repository/io/netty/netty-buffer/4.1.30.Final/netty-buffer-4.1.30.Final.jar:/home/user/.m2/repository/io/netty/netty-transport/4.1.30.Final/netty-transport-4.1.30.Final.jar:/home/user/.m2/repository/io/netty/netty-resolver/4.1.30.Final/netty-resolver-4.1.30.Final.jar:/home/user/.m2/repository/io/netty/netty-transport-native-unix-common/4.1.30.Final/netty-transport-native-unix-common-4.1.30.Final.jar:/home/user/.m2/repository/io/grpc/grpc-protobuf/1.17.1/grpc-protobuf-1.17.1.jar:/home/user/.m2/repository/com/google/api/grpc/proto-google-common-protos/1.0.0/proto-google-common-protos-1.0.0.jar:/home/user/.m2/repository/io/grpc/grpc-protobuf-lite/1.17.1/grpc-protobuf-lite-1.17.1.jar:/home/user/.m2/repository/io/grpc/grpc-stub/1.17.1/grpc-stub-1.17.1.jar:/home/user/.m2/repository/org/apache/hadoop/hadoop-ozone-recon/0.5.0-SNAPSHOT/hadoop-ozone-recon-0.5.0-SNAPSHOT.jar:/home/user/.m2/repository/org/apache/hadoop/hadoop-ozone-reconcodegen/0.5.0-SNAPSHOT/hadoop-ozone-reconcodegen-0.5.0-SNAPSHOT.jar:/home/user/.m2/repository/com/google/inject/extensions/guice-multibindings/4.0/guice-multibindings-4.0.jar:/home/user/.m2/repository/com/google/inject/guice/4.0/guice-4.0.jar:/home/user/.m2/repository/aopalliance/aopalliance/1.0/aopalliance-1.0.jar:/home/user/.m2/repository/org/glassfish/jersey/containers/jersey-container-servlet/2.27/jersey-container-servlet-2.27.jar:/home/user/.m2/repository/org/glassfish/hk2/guice-bridge/2.5.0/guice-bridge-2.5.0.jar:/home/user/.m2/repository/org/glassfish/jersey/core/jersey-server/2.27/jersey-server-2.27.jar:/home/user/.m2/repository/org/glassfish/jersey/core/jersey-client/2.27/jersey-client-2.27.jar:/home/user/.m2/repository/org/glassfish/jersey/media/jersey-media-jaxb/2.27/jersey-media-jaxb-2.27.jar:/home/user/.m2/repository/javax/validation/validation-api/1.1.0.Final/validation-api-1.1.0.Final.jar:/home/user/.m2/repository/org/glassfish/jersey/media/jersey-media-json-jackson/2.27/jersey-media-json-jackson-2.27.jar:/home/user/.m2/repository/org/glassfish/jersey/ext/jersey-entity-filtering/2.27/jersey-entity-filtering-2.27.jar:/home/user/.m2/repository/com/google/inject/extensions/guice-assistedinject/4.0/guice-assistedinject-4.0.jar:/home/user/.m2/repository/org/jooq/jooq/3.11.10/jooq-3.11.10.jar:/home/user/.m2/repository/org/jooq/jooq-meta/3.11.10/jooq-meta-3.11.10.jar:/home/user/.m2/repository/org/jooq/jooq-codegen/3.11.10/jooq-codegen-3.11.10.jar:/home/user/.m2/repository/com/jolbox/bonecp/0.8.0.RELEASE/bonecp-0.8.0.RELEASE.jar:/home/user/.m2/repository/org/springframework/spring-jdbc/5.1.3.RELEASE/spring-jdbc-5.1.3.RELEASE.jar:/home/user/.m2/repository/org/springframework/spring-beans/5.1.3.RELEASE/spring-beans-5.1.3.RELEASE.jar:/home/user/.m2/repository/org/springframework/spring-core/5.1.3.RELEASE/spring-core-5.1.3.RELEASE.jar:/home/user/.m2/repository/org/springframework/spring-jcl/5.1.3.RELEASE/spring-jcl-5.1.3.RELEASE.jar:/home/user/.m2/repository/org/springframework/spring-tx/5.1.3.RELEASE/spring-tx-5.1.3.RELEASE.jar:/home/user/.m2/repository/org/mockito/mockito-all/1.10.19/mockito-all-1.10.19.jar:/home/user/.m2/repository/junit/junit/4.11/junit-4.11.jar:/home/user/.m2/repository/org/hamcrest/hamcrest-core/1.3/hamcrest-core-1.3.jar:/home/user/.m2/repository/org/apache/hadoop/hadoop-distcp/3.2.0/hadoop-distcp-3.2.0.jar:/home/user/.m2/repository/org/apache/hadoop/hadoop-distcp/3.2.0/hadoop-distcp-3.2.0-tests.jar:/home/user/.m2/repository/org/apache/hadoop/hadoop-mapreduce-client-jobclient/3.2.0/hadoop-mapreduce-client-jobclient-3.2.0.jar:/home/user/.m2/repository/org/apache/hadoop/hadoop-mapreduce-client-common/3.2.0/hadoop-mapreduce-client-common-3.2.0.jar:/home/user/.m2/repository/org/apache/hadoop/hadoop-yarn-common/3.2.0/hadoop-yarn-common-3.2.0.jar:/home/user/.m2/repository/org/apache/hadoop/hadoop-yarn-api/3.2.0/hadoop-yarn-api-3.2.0.jar:/home/user/.m2/repository/com/sun/jersey/jersey-client/1.19/jersey-client-1.19.jar:/home/user/.m2/repository/com/sun/jersey/contribs/jersey-guice/1.19/jersey-guice-1.19.jar:/home/user/.m2/repository/com/fasterxml/jackson/jaxrs/jackson-jaxrs-json-provider/2.9.5/jackson-jaxrs-json-provider-2.9.5.jar:/home/user/.m2/repository/com/fasterxml/jackson/jaxrs/jackson-jaxrs-base/2.9.5/jackson-jaxrs-base-2.9.5.jar:/home/user/.m2/repository/org/apache/hadoop/hadoop-yarn-client/3.2.0/hadoop-yarn-client-3.2.0.jar:/home/user/.m2/repository/org/apache/hadoop/hadoop-mapreduce-client-core/3.2.0/hadoop-mapreduce-client-core-3.2.0.jar:/home/user/.m2/repository/com/google/inject/extensions/guice-servlet/4.0/guice-servlet-4.0.jar:/home/user/.m2/repository/org/powermock/powermock-module-junit4/1.6.5/powermock-module-junit4-1.6.5.jar:/home/user/.m2/repository/org/powermock/powermock-module-junit4-common/1.6.5/powermock-module-junit4-common-1.6.5.jar:/home/user/.m2/repository/org/powermock/powermock-core/1.6.5/powermock-core-1.6.5.jar:/home/user/.m2/repository/org/powermock/powermock-reflect/1.6.5/powermock-reflect-1.6.5.jar:/home/user/.m2/repository/org/powermock/powermock-api-mockito/1.6.5/powermock-api-mockito-1.6.5.jar:/home/user/.m2/repository/org/mockito/mockito-core/1.10.19/mockito-core-1.10.19.jar:/home/user/.m2/repository/org/objenesis/objenesis/1.0/objenesis-1.0.jar:/home/user/.m2/repository/org/powermock/powermock-api-mockito-common/1.6.5/powermock-api-mockito-common-1.6.5.jar:/home/user/.m2/repository/org/powermock/powermock-api-support/1.6.5/powermock-api-support-1.6.5.jar:"/>
    <property name="sun.cpu.endian" value="little"/>
    <property name="user.home" value="/home/user"/>
    <property name="user.language" value="en"/>
    <property name="java.specification.vendor" value="Oracle Corporation"/>
    <property name="java.home" value="/usr/lib/jvm/java-1.8-openjdk/jre"/>
    <property name="java.security.krb5.conf" value="/workdir/hadoop-ozone/ozonefs/target/test-classes/krb5.conf"/>
    <property name="basedir" value="/workdir/hadoop-ozone/ozonefs"/>
    <property name="file.separator" value="/"/>
    <property name="line.separator" value="&#10;"/>
    <property name="java.vm.specification.vendor" value="Oracle Corporation"/>
    <property name="java.specification.name" value="Java Platform API Specification"/>
    <property name="java.awt.graphicsenv" value="sun.awt.X11GraphicsEnvironment"/>
    <property name="surefire.real.class.path" value="/workdir/hadoop-ozone/ozonefs/target/surefire/surefirebooter9075954587877607045.jar"/>
    <property name="hadoop.log.dir" value="/workdir/hadoop-ozone/ozonefs/target/log"/>
    <property name="sun.boot.class.path" value="/usr/lib/jvm/java-1.8-openjdk/jre/lib/resources.jar:/usr/lib/jvm/java-1.8-openjdk/jre/lib/rt.jar:/usr/lib/jvm/java-1.8-openjdk/jre/lib/sunrsasign.jar:/usr/lib/jvm/java-1.8-openjdk/jre/lib/jsse.jar:/usr/lib/jvm/java-1.8-openjdk/jre/lib/jce.jar:/usr/lib/jvm/java-1.8-openjdk/jre/lib/charsets.jar:/usr/lib/jvm/java-1.8-openjdk/jre/lib/jfr.jar:/usr/lib/jvm/java-1.8-openjdk/jre/classes"/>
    <property name="sun.management.compiler" value="HotSpot 64-Bit Tiered Compilers"/>
    <property name="java.runtime.version" value="1.8.0_212-b04"/>
    <property name="java.net.preferIPv4Stack" value="true"/>
    <property name="user.name" value="jenkins1000"/>
    <property name="path.separator" value=":"/>
    <property name="java.security.egd" value="file:///dev/urandom"/>
    <property name="os.version" value="3.10.0-957.12.2.el7.x86_64"/>
    <property name="java.endorsed.dirs" value="/usr/lib/jvm/java-1.8-openjdk/jre/lib/endorsed"/>
    <property name="java.runtime.name" value="OpenJDK Runtime Environment"/>
    <property name="file.encoding" value="UTF-8"/>
    <property name="java.vm.name" value="OpenJDK 64-Bit Server VM"/>
    <property name="test.build.webapps" value=""/>
    <property name="localRepository" value="/home/user/.m2/repository"/>
    <property name="java.vendor.url.bug" value="https://icedtea.classpath.org/bugzilla"/>
    <property name="java.io.tmpdir" value="/tmp"/>
    <property name="require.test.libhadoop" value=""/>
    <property name="java.version" value="1.8.0_212"/>
    <property name="user.dir" value="/workdir/hadoop-ozone/ozonefs"/>
    <property name="os.arch" value="amd64"/>
    <property name="java.vm.specification.name" value="Java Virtual Machine Specification"/>
    <property name="test.build.classes" value="/workdir/hadoop-ozone/ozonefs/target/test-classes"/>
    <property name="java.awt.printerjob" value="sun.print.PSPrinterJob"/>
    <property name="sun.os.patch.level" value="unknown"/>
    <property name="hadoop.tmp.dir" value="/workdir/hadoop-ozone/ozonefs/target/tmp"/>
    <property name="java.library.path" value="/usr/lib/jvm/java-1.8-openjdk/jre/lib/amd64/server:/usr/lib/jvm/java-1.8-openjdk/jre/lib/amd64:/usr/lib/jvm/java-1.8-openjdk/jre/../lib/amd64:/workdir/hadoop-ozone/ozonefs/target/native/target/usr/local/lib:/workdir/hadoop-ozone/ozonefs/../../hadoop-common-project/hadoop-common/target/native/target/usr/local/lib:/usr/java/packages/lib/amd64:/usr/lib64:/lib64:/lib:/usr/lib"/>
    <property name="java.vm.info" value="mixed mode"/>
    <property name="java.vendor" value="IcedTea"/>
    <property name="java.vm.version" value="25.212-b04"/>
    <property name="java.ext.dirs" value="/usr/lib/jvm/java-1.8-openjdk/jre/lib/ext:/usr/java/packages/lib/ext"/>
    <property name="sun.io.unicode.encoding" value="UnicodeLittle"/>
    <property name="java.class.version" value="52.0"/>
  </properties>
  <testcase name="testOzoneFsServiceLoader" classname="org.apache.hadoop.fs.ozone.TestOzoneFileSystem" time="22.36"/>
  <testcase name="testListStatusOnRoot" classname="org.apache.hadoop.fs.ozone.TestOzoneFileSystem" time="17.189"/>
  <testcase name="testListStatusOnSubDirs" classname="org.apache.hadoop.fs.ozone.TestOzoneFileSystem" time="17.297"/>
  <testcase name="testListStatus" classname="org.apache.hadoop.fs.ozone.TestOzoneFileSystem" time="17.284"/>
  <testcase name="testCreateDoesNotAddParentDirKeys" classname="org.apache.hadoop.fs.ozone.TestOzoneFileSystem" time="17.681">
    <error message="Bucket or Volume name is null" type="java.lang.IllegalArgumentException">java.lang.IllegalArgumentException: Bucket or Volume name is null
	at org.apache.hadoop.hdds.scm.client.HddsClientUtils.verifyResourceName(HddsClientUtils.java:142)
	at org.apache.hadoop.ozone.client.rpc.RpcClient.getVolumeDetails(RpcClient.java:321)
	at sun.reflect.NativeMethodAccessorImpl.invoke0(Native Method)
	at sun.reflect.NativeMethodAccessorImpl.invoke(NativeMethodAccessorImpl.java:62)
	at sun.reflect.DelegatingMethodAccessorImpl.invoke(DelegatingMethodAccessorImpl.java:43)
	at java.lang.reflect.Method.invoke(Method.java:498)
	at org.apache.hadoop.ozone.client.OzoneClientInvocationHandler.invoke(OzoneClientInvocationHandler.java:54)
	at com.sun.proxy.$Proxy51.getVolumeDetails(Unknown Source)
	at sun.reflect.NativeMethodAccessorImpl.invoke0(Native Method)
	at sun.reflect.NativeMethodAccessorImpl.invoke(NativeMethodAccessorImpl.java:62)
	at sun.reflect.DelegatingMethodAccessorImpl.invoke(DelegatingMethodAccessorImpl.java:43)
	at java.lang.reflect.Method.invoke(Method.java:498)
	at org.apache.hadoop.hdds.tracing.TraceAllMethod.invoke(TraceAllMethod.java:66)
	at com.sun.proxy.$Proxy51.getVolumeDetails(Unknown Source)
	at org.apache.hadoop.ozone.client.ObjectStore.getVolume(ObjectStore.java:171)
	at org.apache.hadoop.fs.ozone.TestOzoneFileSystem.getKey(TestOzoneFileSystem.java:271)
	at org.apache.hadoop.fs.ozone.TestOzoneFileSystem.testCreateDoesNotAddParentDirKeys(TestOzoneFileSystem.java:109)
	at sun.reflect.NativeMethodAccessorImpl.invoke0(Native Method)
	at sun.reflect.NativeMethodAccessorImpl.invoke(NativeMethodAccessorImpl.java:62)
	at sun.reflect.DelegatingMethodAccessorImpl.invoke(DelegatingMethodAccessorImpl.java:43)
	at java.lang.reflect.Method.invoke(Method.java:498)
	at org.junit.runners.model.FrameworkMethod$1.runReflectiveCall(FrameworkMethod.java:47)
	at org.junit.internal.runners.model.ReflectiveCallable.run(ReflectiveCallable.java:12)
	at org.junit.runners.model.FrameworkMethod.invokeExplosively(FrameworkMethod.java:44)
	at org.junit.internal.runners.statements.InvokeMethod.evaluate(InvokeMethod.java:17)
	at org.junit.internal.runners.statements.RunBefores.evaluate(RunBefores.java:26)
	at org.junit.internal.runners.statements.RunAfters.evaluate(RunAfters.java:27)
	at org.junit.internal.runners.statements.FailOnTimeout$StatementThread.run(FailOnTimeout.java:74)
</error>
    <system-out><![CDATA[2019-08-24 11:58:30,788 [Thread-874] WARN  server.ServerUtils (ServerUtils.java:getScmDbDir(145)) - ozone.scm.db.dirs is not configured. We recommend adding this setting. Falling back to ozone.metadata.dirs instead.
2019-08-24 11:58:30,827 [Thread-874] WARN  server.ServerUtils (ServerUtils.java:getScmDbDir(145)) - ozone.scm.db.dirs is not configured. We recommend adding this setting. Falling back to ozone.metadata.dirs instead.
2019-08-24 11:58:30,828 [Thread-874] WARN  server.ServerUtils (ServerUtils.java:getScmDbDir(145)) - ozone.scm.db.dirs is not configured. We recommend adding this setting. Falling back to ozone.metadata.dirs instead.
2019-08-24 11:58:30,828 [Thread-874] INFO  db.DBStoreBuilder (DBStoreBuilder.java:addTable(110)) - using custom profile for table: deletedBlocks
2019-08-24 11:58:30,828 [Thread-874] INFO  db.DBStoreBuilder (DBStoreBuilder.java:processTables(161)) - Using default column profile:DBProfile.DISK for Table:deletedBlocks
2019-08-24 11:58:30,829 [Thread-874] INFO  db.DBStoreBuilder (DBStoreBuilder.java:addTable(110)) - using custom profile for table: validCerts
2019-08-24 11:58:30,829 [Thread-874] INFO  db.DBStoreBuilder (DBStoreBuilder.java:processTables(161)) - Using default column profile:DBProfile.DISK for Table:validCerts
2019-08-24 11:58:30,829 [Thread-874] INFO  db.DBStoreBuilder (DBStoreBuilder.java:addTable(110)) - using custom profile for table: revokedCerts
2019-08-24 11:58:30,829 [Thread-874] INFO  db.DBStoreBuilder (DBStoreBuilder.java:processTables(161)) - Using default column profile:DBProfile.DISK for Table:revokedCerts
2019-08-24 11:58:30,830 [Thread-874] INFO  db.DBStoreBuilder (DBStoreBuilder.java:addTable(110)) - using custom profile for table: default
2019-08-24 11:58:30,830 [Thread-874] INFO  db.DBStoreBuilder (DBStoreBuilder.java:processTables(167)) - Using default column profile:DBProfile.DISK for Table:default
2019-08-24 11:58:30,830 [Thread-874] INFO  db.DBStoreBuilder (DBStoreBuilder.java:getDbProfile(198)) - Using default options. DBProfile.DISK
2019-08-24 11:58:31,183 [Thread-874] INFO  net.NodeSchemaLoader (NodeSchemaLoader.java:loadSchemaFromFile(125)) - Loading file from sun.misc.CompoundEnumeration@67cb394a
2019-08-24 11:58:31,184 [Thread-874] INFO  net.NodeSchemaLoader (NodeSchemaLoader.java:loadSchema(171)) - Loading network topology layer schema file
2019-08-24 11:58:31,190 [Thread-874] WARN  server.ServerUtils (ServerUtils.java:sanitizeUserArgs(70)) - ozone.scm.stale.node.interval value = 300000 is larger than max = 100000 based on the key value of ozone.scm.heartbeat.thread.interval, reset to the max value 100000.
2019-08-24 11:58:31,190 [Thread-874] WARN  server.ServerUtils (ServerUtils.java:sanitizeUserArgs(70)) - ozone.scm.stale.node.interval value = 300000 is larger than max = 100000 based on the key value of ozone.scm.heartbeat.thread.interval, reset to the max value 100000.
2019-08-24 11:58:31,190 [Thread-874] INFO  node.SCMNodeManager (SCMNodeManager.java:<init>(121)) - Entering startup safe mode.
2019-08-24 11:58:31,191 [Thread-874] INFO  algorithms.ContainerPlacementPolicyFactory (ContainerPlacementPolicyFactory.java:getPolicy(55)) - Create container placement policy of type org.apache.hadoop.hdds.scm.container.placement.algorithms.SCMContainerPlacementRandom
2019-08-24 11:58:31,191 [Thread-874] WARN  server.ServerUtils (ServerUtils.java:getScmDbDir(145)) - ozone.scm.db.dirs is not configured. We recommend adding this setting. Falling back to ozone.metadata.dirs instead.
2019-08-24 11:58:31,340 [Thread-874] INFO  pipeline.SCMPipelineManager (SCMPipelineManager.java:initializePipelineState(126)) - No pipeline exists in current db
2019-08-24 11:58:31,340 [Thread-874] WARN  server.ServerUtils (ServerUtils.java:getScmDbDir(145)) - ozone.scm.db.dirs is not configured. We recommend adding this setting. Falling back to ozone.metadata.dirs instead.
2019-08-24 11:58:31,445 [Thread-874] WARN  events.EventQueue (EventQueue.java:fireEvent(175)) - No event handler registered for event TypedEvent{payloadType=SafeModeStatus, name='SafeModeStatus'}
2019-08-24 11:58:31,447 [Thread-874] INFO  ipc.CallQueueManager (CallQueueManager.java:<init>(84)) - Using callQueue: class java.util.concurrent.LinkedBlockingQueue, queueCapacity: 2000, scheduler: class org.apache.hadoop.ipc.DefaultRpcScheduler, ipcBackoff: false.
2019-08-24 11:58:31,448 [Socket Reader #1 for port 40884] INFO  ipc.Server (Server.java:run(1074)) - Starting Socket Reader #1 for port 40884
2019-08-24 11:58:31,450 [Thread-874] INFO  ipc.CallQueueManager (CallQueueManager.java:<init>(84)) - Using callQueue: class java.util.concurrent.LinkedBlockingQueue, queueCapacity: 2000, scheduler: class org.apache.hadoop.ipc.DefaultRpcScheduler, ipcBackoff: false.
2019-08-24 11:58:31,451 [Socket Reader #1 for port 46707] INFO  ipc.Server (Server.java:run(1074)) - Starting Socket Reader #1 for port 46707
2019-08-24 11:58:31,452 [Thread-874] INFO  ipc.CallQueueManager (CallQueueManager.java:<init>(84)) - Using callQueue: class java.util.concurrent.LinkedBlockingQueue, queueCapacity: 2000, scheduler: class org.apache.hadoop.ipc.DefaultRpcScheduler, ipcBackoff: false.
2019-08-24 11:58:31,453 [Socket Reader #1 for port 39308] INFO  ipc.Server (Server.java:run(1074)) - Starting Socket Reader #1 for port 39308
2019-08-24 11:58:31,456 [Thread-874] INFO  hdfs.DFSUtil (DFSUtil.java:httpServerTemplateForNNAndJN(1641)) - Starting Web-server for scm at: http://0.0.0.0:0
2019-08-24 11:58:31,460 [Thread-874] INFO  server.AuthenticationFilter (AuthenticationFilter.java:constructSecretProvider(240)) - Unable to initialize FileSignerSecretProvider, falling back to use random secrets.
2019-08-24 11:58:31,461 [Thread-874] WARN  http.HttpRequestLog (HttpRequestLog.java:getRequestLog(97)) - Jetty request log can only be enabled using Log4j
2019-08-24 11:58:31,464 [Thread-874] INFO  http.HttpServer2 (HttpServer2.java:addGlobalFilter(975)) - Added global filter 'safety' (class=org.apache.hadoop.http.HttpServer2$QuotingInputFilter)
2019-08-24 11:58:31,465 [Thread-874] INFO  http.HttpServer2 (HttpServer2.java:addFilter(948)) - Added filter static_user_filter (class=org.apache.hadoop.http.lib.StaticUserWebFilter$StaticUserFilter) to context scm
2019-08-24 11:58:31,465 [Thread-874] INFO  http.HttpServer2 (HttpServer2.java:addFilter(958)) - Added filter static_user_filter (class=org.apache.hadoop.http.lib.StaticUserWebFilter$StaticUserFilter) to context static
2019-08-24 11:58:31,465 [Thread-874] INFO  http.HttpServer2 (HttpServer2.java:addFilter(958)) - Added filter static_user_filter (class=org.apache.hadoop.http.lib.StaticUserWebFilter$StaticUserFilter) to context logs
2019-08-24 11:58:31,468 [Thread-874] INFO  server.StorageContainerManager (StorageContainerManager.java:start(759)) - StorageContainerLocationProtocol RPC server is listening at /0.0.0.0:39308
2019-08-24 11:58:31,471 [Thread-874] WARN  impl.MetricsConfig (MetricsConfig.java:loadFirst(134)) - Cannot locate configuration: tried hadoop-metrics2-storagecontainermanager.properties,hadoop-metrics2.properties
2019-08-24 11:58:31,472 [Thread-874] INFO  impl.MetricsSystemImpl (MetricsSystemImpl.java:startTimer(374)) - Scheduled Metric snapshot period at 10 second(s).
2019-08-24 11:58:31,472 [Thread-874] INFO  impl.MetricsSystemImpl (MetricsSystemImpl.java:start(191)) - StorageContainerManager metrics system started
2019-08-24 11:58:31,514 [Thread-874] INFO  server.SCMClientProtocolServer (SCMClientProtocolServer.java:start(151)) - RPC server for Client  is listening at /0.0.0.0:39308
2019-08-24 11:58:31,514 [IPC Server Responder] INFO  ipc.Server (Server.java:run(1314)) - IPC Server Responder: starting
2019-08-24 11:58:31,514 [IPC Server listener on 39308] INFO  ipc.Server (Server.java:run(1153)) - IPC Server listener on 39308: starting
2019-08-24 11:58:31,518 [Thread-874] INFO  server.StorageContainerManager (StorageContainerManager.java:start(769)) - ScmBlockLocationProtocol RPC server is listening at /0.0.0.0:46707
2019-08-24 11:58:31,518 [Thread-874] INFO  server.SCMBlockProtocolServer (SCMBlockProtocolServer.java:start(140)) - RPC server for Block Protocol is listening at /0.0.0.0:46707
2019-08-24 11:58:31,519 [IPC Server Responder] INFO  ipc.Server (Server.java:run(1314)) - IPC Server Responder: starting
2019-08-24 11:58:31,519 [IPC Server listener on 46707] INFO  ipc.Server (Server.java:run(1153)) - IPC Server listener on 46707: starting
2019-08-24 11:58:31,523 [Thread-874] INFO  server.StorageContainerManager (StorageContainerManager.java:start(773)) - ScmDatanodeProtocl RPC server is listening at /0.0.0.0:40884
2019-08-24 11:58:31,523 [Thread-874] INFO  server.SCMDatanodeProtocolServer (SCMDatanodeProtocolServer.java:start(191)) - RPC server for DataNodes is listening at /0.0.0.0:40884
2019-08-24 11:58:31,524 [IPC Server Responder] INFO  ipc.Server (Server.java:run(1314)) - IPC Server Responder: starting
2019-08-24 11:58:31,524 [IPC Server listener on 40884] INFO  ipc.Server (Server.java:run(1153)) - IPC Server listener on 40884: starting
2019-08-24 11:58:31,529 [Thread-874] INFO  http.HttpServer2 (HttpServer2.java:bindListener(1191)) - Jetty bound to port 43986
2019-08-24 11:58:31,529 [Thread-874] INFO  server.Server (Server.java:doStart(351)) - jetty-9.3.24.v20180605, build timestamp: 2018-06-05T17:11:56Z, git hash: 84205aa28f11a4f31f2a3b86d1bba2cc8ab69827
2019-08-24 11:58:31,531 [Thread-874] INFO  handler.ContextHandler (ContextHandler.java:doStart(781)) - Started o.e.j.s.ServletContextHandler@7b6a0ef6{/logs,file:///workdir/hadoop-ozone/ozonefs/target/log,AVAILABLE}
2019-08-24 11:58:31,532 [Thread-874] INFO  handler.ContextHandler (ContextHandler.java:doStart(781)) - Started o.e.j.s.ServletContextHandler@6fca0493{/static,jar:file:/home/user/.m2/repository/org/apache/hadoop/hadoop-hdds-server-scm/0.5.0-SNAPSHOT/hadoop-hdds-server-scm-0.5.0-SNAPSHOT.jar!/webapps/static,AVAILABLE}
2019-08-24 11:58:31,573 [Thread-874] INFO  handler.ContextHandler (ContextHandler.java:doStart(781)) - Started o.e.j.w.WebAppContext@7131cbc4{/,file:///tmp/jetty-0.0.0.0-43986-scm-_-any-8471711952919008272.dir/webapp/,AVAILABLE}{/scm}
2019-08-24 11:58:31,574 [Thread-874] INFO  server.AbstractConnector (AbstractConnector.java:doStart(278)) - Started ServerConnector@28009cde{HTTP/1.1,[http/1.1]}{0.0.0.0:43986}
2019-08-24 11:58:31,576 [Thread-874] INFO  server.Server (Server.java:doStart(419)) - Started @75363ms
2019-08-24 11:58:31,577 [Thread-874] INFO  server.BaseHttpServer (BaseHttpServer.java:updateConnectorAddress(213)) - HTTP server of SCM is listening at http://0.0.0.0:43986
2019-08-24 11:58:31,579 [Thread-874] WARN  server.ServerUtils (ServerUtils.java:getDBPath(222)) - ozone.om.db.dirs is not configured. We recommend adding this setting. Falling back to ozone.metadata.dirs instead.
2019-08-24 11:58:31,579 [org.apache.hadoop.util.JvmPauseMonitor$Monitor@413d7767] INFO  util.JvmPauseMonitor (JvmPauseMonitor.java:run(188)) - Starting JVM pause monitor
2019-08-24 11:58:31,595 [Thread-874] WARN  server.ServerUtils (ServerUtils.java:getDBPath(222)) - ozone.om.db.dirs is not configured. We recommend adding this setting. Falling back to ozone.metadata.dirs instead.
2019-08-24 11:58:31,596 [Thread-874] WARN  server.ServerUtils (ServerUtils.java:getDBPath(222)) - ozone.om.db.dirs is not configured. We recommend adding this setting. Falling back to ozone.metadata.dirs instead.
2019-08-24 11:58:31,596 [Thread-874] INFO  om.OzoneManager (OzoneManager.java:setOMNodeDetails(648)) - OM Service ID is not set. Setting it to the default ID: omServiceIdDefault
2019-08-24 11:58:31,596 [Thread-874] INFO  om.OzoneManager (OzoneManager.java:setOMNodeDetails(654)) - OM Node ID is not set. Setting it to the OmStorage's OmID: e8426533-a984-4a51-9306-1b448856bb82
2019-08-24 11:58:31,597 [Thread-874] INFO  om.OzoneManager (OzoneManager.java:loadOMHAConfigs(605)) - Found matching OM address with OMServiceId: null, OMNodeId: null, RPC Address: localhost:0 and Ratis port: 9872
2019-08-24 11:58:31,603 | INFO  | SCMAudit | user=jenkins1000 | ip=192.168.36.101 | op=GET_SCM_INFO null | ret=SUCCESS |  
2019-08-24 11:58:31,607 [Thread-874] WARN  server.ServerUtils (ServerUtils.java:getDBPath(222)) - ozone.om.db.dirs is not configured. We recommend adding this setting. Falling back to ozone.metadata.dirs instead.
2019-08-24 11:58:31,608 [Thread-874] INFO  db.DBStoreBuilder (DBStoreBuilder.java:addTable(110)) - using custom profile for table: userTable
2019-08-24 11:58:31,608 [Thread-874] INFO  db.DBStoreBuilder (DBStoreBuilder.java:processTables(161)) - Using default column profile:DBProfile.DISK for Table:userTable
2019-08-24 11:58:31,609 [Thread-874] INFO  db.DBStoreBuilder (DBStoreBuilder.java:addTable(110)) - using custom profile for table: volumeTable
2019-08-24 11:58:31,609 [Thread-874] INFO  db.DBStoreBuilder (DBStoreBuilder.java:processTables(161)) - Using default column profile:DBProfile.DISK for Table:volumeTable
2019-08-24 11:58:31,609 [Thread-874] INFO  db.DBStoreBuilder (DBStoreBuilder.java:addTable(110)) - using custom profile for table: bucketTable
2019-08-24 11:58:31,609 [Thread-874] INFO  db.DBStoreBuilder (DBStoreBuilder.java:processTables(161)) - Using default column profile:DBProfile.DISK for Table:bucketTable
2019-08-24 11:58:31,610 [Thread-874] INFO  db.DBStoreBuilder (DBStoreBuilder.java:addTable(110)) - using custom profile for table: keyTable
2019-08-24 11:58:31,610 [Thread-874] INFO  db.DBStoreBuilder (DBStoreBuilder.java:processTables(161)) - Using default column profile:DBProfile.DISK for Table:keyTable
2019-08-24 11:58:31,610 [Thread-874] INFO  db.DBStoreBuilder (DBStoreBuilder.java:addTable(110)) - using custom profile for table: deletedTable
2019-08-24 11:58:31,610 [Thread-874] INFO  db.DBStoreBuilder (DBStoreBuilder.java:processTables(161)) - Using default column profile:DBProfile.DISK for Table:deletedTable
2019-08-24 11:58:31,611 [Thread-874] INFO  db.DBStoreBuilder (DBStoreBuilder.java:addTable(110)) - using custom profile for table: openKeyTable
2019-08-24 11:58:31,611 [Thread-874] INFO  db.DBStoreBuilder (DBStoreBuilder.java:processTables(161)) - Using default column profile:DBProfile.DISK for Table:openKeyTable
2019-08-24 11:58:31,611 [Thread-874] INFO  db.DBStoreBuilder (DBStoreBuilder.java:addTable(110)) - using custom profile for table: s3Table
2019-08-24 11:58:31,611 [Thread-874] INFO  db.DBStoreBuilder (DBStoreBuilder.java:processTables(161)) - Using default column profile:DBProfile.DISK for Table:s3Table
2019-08-24 11:58:31,611 [Thread-874] INFO  db.DBStoreBuilder (DBStoreBuilder.java:addTable(110)) - using custom profile for table: multipartInfoTable
2019-08-24 11:58:31,612 [Thread-874] INFO  db.DBStoreBuilder (DBStoreBuilder.java:processTables(161)) - Using default column profile:DBProfile.DISK for Table:multipartInfoTable
2019-08-24 11:58:31,612 [Thread-874] INFO  db.DBStoreBuilder (DBStoreBuilder.java:addTable(110)) - using custom profile for table: dTokenTable
2019-08-24 11:58:31,612 [Thread-874] INFO  db.DBStoreBuilder (DBStoreBuilder.java:processTables(161)) - Using default column profile:DBProfile.DISK for Table:dTokenTable
2019-08-24 11:58:31,612 [Thread-874] INFO  db.DBStoreBuilder (DBStoreBuilder.java:addTable(110)) - using custom profile for table: s3SecretTable
2019-08-24 11:58:31,612 [Thread-874] INFO  db.DBStoreBuilder (DBStoreBuilder.java:processTables(161)) - Using default column profile:DBProfile.DISK for Table:s3SecretTable
2019-08-24 11:58:31,613 [Thread-874] INFO  db.DBStoreBuilder (DBStoreBuilder.java:addTable(110)) - using custom profile for table: prefixTable
2019-08-24 11:58:31,613 [Thread-874] INFO  db.DBStoreBuilder (DBStoreBuilder.java:processTables(161)) - Using default column profile:DBProfile.DISK for Table:prefixTable
2019-08-24 11:58:31,613 [Thread-874] INFO  db.DBStoreBuilder (DBStoreBuilder.java:addTable(110)) - using custom profile for table: default
2019-08-24 11:58:31,613 [Thread-874] INFO  db.DBStoreBuilder (DBStoreBuilder.java:processTables(167)) - Using default column profile:DBProfile.DISK for Table:default
2019-08-24 11:58:31,614 [Thread-874] INFO  db.DBStoreBuilder (DBStoreBuilder.java:getDbProfile(198)) - Using default options. DBProfile.DISK
2019-08-24 11:58:32,392 [Thread-874] INFO  ipc.CallQueueManager (CallQueueManager.java:<init>(84)) - Using callQueue: class java.util.concurrent.LinkedBlockingQueue, queueCapacity: 2000, scheduler: class org.apache.hadoop.ipc.DefaultRpcScheduler, ipcBackoff: false.
2019-08-24 11:58:32,394 [Socket Reader #1 for port 45656] INFO  ipc.Server (Server.java:run(1074)) - Starting Socket Reader #1 for port 45656
2019-08-24 11:58:32,420 [Thread-874] INFO  om.OzoneManager (OzoneManager.java:start(1259)) - OzoneManager RPC server is listening at localhost/127.0.0.1:45656
2019-08-24 11:58:32,420 [Thread-874] INFO  impl.MetricsSystemImpl (MetricsSystemImpl.java:init(158)) - OzoneManager metrics system started (again)
2019-08-24 11:58:32,421 [IPC Server Responder] INFO  ipc.Server (Server.java:run(1314)) - IPC Server Responder: starting
2019-08-24 11:58:32,422 [IPC Server listener on 45656] INFO  ipc.Server (Server.java:run(1153)) - IPC Server listener on 45656: starting
2019-08-24 11:58:32,427 [Thread-874] INFO  hdfs.DFSUtil (DFSUtil.java:httpServerTemplateForNNAndJN(1641)) - Starting Web-server for ozoneManager at: http://0.0.0.0:0
2019-08-24 11:58:32,430 [Thread-874] INFO  server.AuthenticationFilter (AuthenticationFilter.java:constructSecretProvider(240)) - Unable to initialize FileSignerSecretProvider, falling back to use random secrets.
2019-08-24 11:58:32,431 [Thread-874] WARN  http.HttpRequestLog (HttpRequestLog.java:getRequestLog(97)) - Jetty request log can only be enabled using Log4j
2019-08-24 11:58:32,434 [Thread-874] INFO  http.HttpServer2 (HttpServer2.java:addGlobalFilter(975)) - Added global filter 'safety' (class=org.apache.hadoop.http.HttpServer2$QuotingInputFilter)
2019-08-24 11:58:32,435 [Thread-874] INFO  http.HttpServer2 (HttpServer2.java:addFilter(948)) - Added filter static_user_filter (class=org.apache.hadoop.http.lib.StaticUserWebFilter$StaticUserFilter) to context ozoneManager
2019-08-24 11:58:32,435 [Thread-874] INFO  http.HttpServer2 (HttpServer2.java:addFilter(958)) - Added filter static_user_filter (class=org.apache.hadoop.http.lib.StaticUserWebFilter$StaticUserFilter) to context logs
2019-08-24 11:58:32,435 [Thread-874] INFO  http.HttpServer2 (HttpServer2.java:addFilter(958)) - Added filter static_user_filter (class=org.apache.hadoop.http.lib.StaticUserWebFilter$StaticUserFilter) to context static
2019-08-24 11:58:32,436 [Thread-874] INFO  http.HttpServer2 (HttpServer2.java:bindListener(1191)) - Jetty bound to port 39035
2019-08-24 11:58:32,437 [Thread-874] INFO  server.Server (Server.java:doStart(351)) - jetty-9.3.24.v20180605, build timestamp: 2018-06-05T17:11:56Z, git hash: 84205aa28f11a4f31f2a3b86d1bba2cc8ab69827
2019-08-24 11:58:32,439 [Thread-874] INFO  handler.ContextHandler (ContextHandler.java:doStart(781)) - Started o.e.j.s.ServletContextHandler@3247c062{/logs,file:///workdir/hadoop-ozone/ozonefs/target/log,AVAILABLE}
2019-08-24 11:58:32,440 [Thread-874] INFO  handler.ContextHandler (ContextHandler.java:doStart(781)) - Started o.e.j.s.ServletContextHandler@3d32a89f{/static,jar:file:/home/user/.m2/repository/org/apache/hadoop/hadoop-ozone-ozone-manager/0.5.0-SNAPSHOT/hadoop-ozone-ozone-manager-0.5.0-SNAPSHOT.jar!/webapps/static,AVAILABLE}
2019-08-24 11:58:32,506 [Thread-874] INFO  handler.ContextHandler (ContextHandler.java:doStart(781)) - Started o.e.j.w.WebAppContext@777a051{/,file:///tmp/jetty-0.0.0.0-39035-ozoneManager-_-any-8620132340614773260.dir/webapp/,AVAILABLE}{/ozoneManager}
2019-08-24 11:58:32,507 [Thread-874] INFO  server.AbstractConnector (AbstractConnector.java:doStart(278)) - Started ServerConnector@751bfa9a{HTTP/1.1,[http/1.1]}{0.0.0.0:39035}
2019-08-24 11:58:32,510 [Thread-874] INFO  server.Server (Server.java:doStart(419)) - Started @76297ms
2019-08-24 11:58:32,510 [Thread-874] INFO  server.BaseHttpServer (BaseHttpServer.java:updateConnectorAddress(213)) - HTTP server of OZONEMANAGER is listening at http://0.0.0.0:39035
2019-08-24 11:58:32,519 [Thread-874] INFO  impl.MetricsSystemImpl (MetricsSystemImpl.java:init(158)) - HddsDatanode metrics system started (again)
2019-08-24 11:58:32,521 [Thread-874] INFO  ozone.HddsDatanodeService (HddsDatanodeService.java:start(184)) - HddsDatanodeService host:dev-check-20190824-d9rj8-2235221398 ip:192.168.36.101
2019-08-24 11:58:32,527 [Thread-874] INFO  volume.HddsVolume (HddsVolume.java:<init>(176)) - Creating Volume: /workdir/hadoop-ozone/ozonefs/target/test-dir/MiniOzoneClusterImpl-088aa02b-f031-4543-a6bb-6028fe72d65a/datanode-0/data/containers/hdds of  storage type : DISK and capacity : 1482555576320
2019-08-24 11:58:32,527 [Thread-874] INFO  volume.VolumeSet (VolumeSet.java:initializeVolumeSet(170)) - Added Volume : /workdir/hadoop-ozone/ozonefs/target/test-dir/MiniOzoneClusterImpl-088aa02b-f031-4543-a6bb-6028fe72d65a/datanode-0/data/containers/hdds to VolumeSet
2019-08-24 11:58:32,528 [Thread-874] INFO  volume.ThrottledAsyncChecker (ThrottledAsyncChecker.java:schedule(140)) - Scheduling a check for org.apache.hadoop.ozone.container.common.volume.HddsVolume@59b11e84
2019-08-24 11:58:32,528 [Thread-874] INFO  volume.HddsVolumeChecker (HddsVolumeChecker.java:checkAllVolumes(203)) - Scheduled health check for volume org.apache.hadoop.ozone.container.common.volume.HddsVolume@59b11e84
2019-08-24 11:58:32,550 [Thread-874] INFO  impl.RaftServerProxy (ConfUtils.java:logGet(43)) - raft.rpc.type = GRPC (default)
2019-08-24 11:58:32,551 [Thread-874] INFO  grpc.GrpcFactory (GrpcFactory.java:checkPooledByteBufAllocatorUseCacheForAllThreads(45)) - PERFORMANCE WARNING: useCacheForAllThreads is true that may cause Netty to create a lot garbage objects and, as a result, trigger GC.
	It is recommended to disable useCacheForAllThreads by setting -Dorg.apache.ratis.thirdparty.io.netty.allocator.useCacheForAllThreads=false in command line.
2019-08-24 11:58:32,551 [Thread-874] INFO  grpc.GrpcConfigKeys$Server (ConfUtils.java:logGet(43)) - raft.grpc.server.port = 0 (default)
2019-08-24 11:58:32,551 [Thread-874] INFO  server.GrpcService (ConfUtils.java:logGet(43)) - raft.grpc.message.size.max = 33570816 (custom)
2019-08-24 11:58:32,551 [Thread-874] INFO  server.RaftServerConfigKeys (ConfUtils.java:logGet(43)) - raft.server.log.appender.buffer.byte-limit = 33554432 (custom)
2019-08-24 11:58:32,551 [Thread-874] INFO  server.GrpcService (ConfUtils.java:logGet(43)) - raft.grpc.flow.control.window = 1MB (=1048576) (default)
2019-08-24 11:58:32,552 [Thread-874] INFO  server.RaftServerConfigKeys (ConfUtils.java:logGet(43)) - raft.server.rpc.request.timeout = 3000ms (default)
2019-08-24 11:58:32,552 [Thread-874] INFO  server.RaftServerConfigKeys (ConfUtils.java:logGet(43)) - raft.server.storage.dir = [/workdir/hadoop-ozone/ozonefs/target/test-dir/MiniOzoneClusterImpl-088aa02b-f031-4543-a6bb-6028fe72d65a/datanode-0/data/ratis] (custom)
2019-08-24 11:58:32,553 [Thread-874] INFO  replication.SimpleContainerDownloader (SimpleContainerDownloader.java:<init>(72)) - Starting container downloader service to copy containers to replicate.
2019-08-24 11:58:32,554 [Thread-874] INFO  hdfs.DFSUtil (DFSUtil.java:httpServerTemplateForNNAndJN(1641)) - Starting Web-server for hddsDatanode at: http://0.0.0.0:0
2019-08-24 11:58:32,555 [Thread-874] INFO  server.AuthenticationFilter (AuthenticationFilter.java:constructSecretProvider(240)) - Unable to initialize FileSignerSecretProvider, falling back to use random secrets.
2019-08-24 11:58:32,555 [Thread-874] WARN  http.HttpRequestLog (HttpRequestLog.java:getRequestLog(97)) - Jetty request log can only be enabled using Log4j
2019-08-24 11:58:32,557 [Thread-874] INFO  http.HttpServer2 (HttpServer2.java:addGlobalFilter(975)) - Added global filter 'safety' (class=org.apache.hadoop.http.HttpServer2$QuotingInputFilter)
2019-08-24 11:58:32,557 [Thread-874] INFO  http.HttpServer2 (HttpServer2.java:addFilter(948)) - Added filter static_user_filter (class=org.apache.hadoop.http.lib.StaticUserWebFilter$StaticUserFilter) to context hddsDatanode
2019-08-24 11:58:32,558 [Thread-874] INFO  http.HttpServer2 (HttpServer2.java:addFilter(958)) - Added filter static_user_filter (class=org.apache.hadoop.http.lib.StaticUserWebFilter$StaticUserFilter) to context logs
2019-08-24 11:58:32,558 [Thread-874] INFO  http.HttpServer2 (HttpServer2.java:addFilter(958)) - Added filter static_user_filter (class=org.apache.hadoop.http.lib.StaticUserWebFilter$StaticUserFilter) to context static
2019-08-24 11:58:32,558 [Thread-874] INFO  http.HttpServer2 (HttpServer2.java:bindListener(1191)) - Jetty bound to port 36393
2019-08-24 11:58:32,558 [Thread-874] INFO  server.Server (Server.java:doStart(351)) - jetty-9.3.24.v20180605, build timestamp: 2018-06-05T17:11:56Z, git hash: 84205aa28f11a4f31f2a3b86d1bba2cc8ab69827
2019-08-24 11:58:32,560 [Thread-874] INFO  handler.ContextHandler (ContextHandler.java:doStart(781)) - Started o.e.j.s.ServletContextHandler@229859a2{/logs,file:///workdir/hadoop-ozone/ozonefs/target/log,AVAILABLE}
2019-08-24 11:58:32,561 [Thread-874] INFO  handler.ContextHandler (ContextHandler.java:doStart(781)) - Started o.e.j.s.ServletContextHandler@5e32c5bf{/static,jar:file:/home/user/.m2/repository/org/apache/hadoop/hadoop-hdds-container-service/0.5.0-SNAPSHOT/hadoop-hdds-container-service-0.5.0-SNAPSHOT.jar!/webapps/static,AVAILABLE}
2019-08-24 11:58:32,587 [Thread-874] INFO  handler.ContextHandler (ContextHandler.java:doStart(781)) - Started o.e.j.w.WebAppContext@551f5497{/,file:///tmp/jetty-0.0.0.0-36393-hddsDatanode-_-any-6108589247332410716.dir/webapp/,AVAILABLE}{/hddsDatanode}
2019-08-24 11:58:32,587 [Thread-874] INFO  server.AbstractConnector (AbstractConnector.java:doStart(278)) - Started ServerConnector@6b798ffc{HTTP/1.1,[http/1.1]}{0.0.0.0:36393}
2019-08-24 11:58:32,588 [Thread-874] INFO  server.Server (Server.java:doStart(419)) - Started @76376ms
2019-08-24 11:58:32,588 [Thread-874] INFO  server.BaseHttpServer (BaseHttpServer.java:updateConnectorAddress(213)) - HTTP server of HDDSDATANODE is listening at http://0.0.0.0:36393
2019-08-24 11:58:32,589 [Thread-874] INFO  impl.MetricsSystemImpl (MetricsSystemImpl.java:init(158)) - HddsDatanode metrics system started (again)
2019-08-24 11:58:32,591 [Thread-874] INFO  ozone.HddsDatanodeService (HddsDatanodeService.java:start(184)) - HddsDatanodeService host:dev-check-20190824-d9rj8-2235221398 ip:192.168.36.101
2019-08-24 11:58:32,591 [org.apache.hadoop.util.JvmPauseMonitor$Monitor@56f5800e] INFO  util.JvmPauseMonitor (JvmPauseMonitor.java:run(188)) - Starting JVM pause monitor
2019-08-24 11:58:32,593 [Datanode State Machine Thread - 0] INFO  datanode.InitDatanodeState (InitDatanodeState.java:persistContainerDatanodeDetails(140)) - DatanodeDetails is persisted to /workdir/hadoop-ozone/ozonefs/target/test-dir/MiniOzoneClusterImpl-088aa02b-f031-4543-a6bb-6028fe72d65a/datanode-0/meta/datanode.id
2019-08-24 11:58:32,597 [Thread-874] INFO  volume.HddsVolume (HddsVolume.java:<init>(176)) - Creating Volume: /workdir/hadoop-ozone/ozonefs/target/test-dir/MiniOzoneClusterImpl-088aa02b-f031-4543-a6bb-6028fe72d65a/datanode-1/data/containers/hdds of  storage type : DISK and capacity : 1482555576320
2019-08-24 11:58:32,597 [Thread-874] INFO  volume.VolumeSet (VolumeSet.java:initializeVolumeSet(170)) - Added Volume : /workdir/hadoop-ozone/ozonefs/target/test-dir/MiniOzoneClusterImpl-088aa02b-f031-4543-a6bb-6028fe72d65a/datanode-1/data/containers/hdds to VolumeSet
2019-08-24 11:58:32,597 [Thread-874] INFO  volume.ThrottledAsyncChecker (ThrottledAsyncChecker.java:schedule(140)) - Scheduling a check for org.apache.hadoop.ozone.container.common.volume.HddsVolume@12faf1b2
2019-08-24 11:58:32,598 [Thread-874] INFO  volume.HddsVolumeChecker (HddsVolumeChecker.java:checkAllVolumes(203)) - Scheduled health check for volume org.apache.hadoop.ozone.container.common.volume.HddsVolume@12faf1b2
2019-08-24 11:58:32,618 [Thread-874] INFO  impl.RaftServerProxy (ConfUtils.java:logGet(43)) - raft.rpc.type = GRPC (default)
2019-08-24 11:58:32,618 [Thread-874] INFO  grpc.GrpcFactory (GrpcFactory.java:checkPooledByteBufAllocatorUseCacheForAllThreads(45)) - PERFORMANCE WARNING: useCacheForAllThreads is true that may cause Netty to create a lot garbage objects and, as a result, trigger GC.
	It is recommended to disable useCacheForAllThreads by setting -Dorg.apache.ratis.thirdparty.io.netty.allocator.useCacheForAllThreads=false in command line.
2019-08-24 11:58:32,619 [Thread-874] INFO  grpc.GrpcConfigKeys$Server (ConfUtils.java:logGet(43)) - raft.grpc.server.port = 0 (default)
2019-08-24 11:58:32,619 [Thread-874] INFO  server.GrpcService (ConfUtils.java:logGet(43)) - raft.grpc.message.size.max = 33570816 (custom)
2019-08-24 11:58:32,619 [Thread-874] INFO  server.RaftServerConfigKeys (ConfUtils.java:logGet(43)) - raft.server.log.appender.buffer.byte-limit = 33554432 (custom)
2019-08-24 11:58:32,620 [Thread-874] INFO  server.GrpcService (ConfUtils.java:logGet(43)) - raft.grpc.flow.control.window = 1MB (=1048576) (default)
2019-08-24 11:58:32,620 [Thread-874] INFO  server.RaftServerConfigKeys (ConfUtils.java:logGet(43)) - raft.server.rpc.request.timeout = 3000ms (default)
2019-08-24 11:58:32,621 [Thread-874] INFO  server.RaftServerConfigKeys (ConfUtils.java:logGet(43)) - raft.server.storage.dir = [/workdir/hadoop-ozone/ozonefs/target/test-dir/MiniOzoneClusterImpl-088aa02b-f031-4543-a6bb-6028fe72d65a/datanode-1/data/ratis] (custom)
2019-08-24 11:58:32,621 [Thread-874] INFO  replication.SimpleContainerDownloader (SimpleContainerDownloader.java:<init>(72)) - Starting container downloader service to copy containers to replicate.
2019-08-24 11:58:32,623 [Thread-874] INFO  hdfs.DFSUtil (DFSUtil.java:httpServerTemplateForNNAndJN(1641)) - Starting Web-server for hddsDatanode at: http://0.0.0.0:0
2019-08-24 11:58:32,625 [Thread-874] INFO  server.AuthenticationFilter (AuthenticationFilter.java:constructSecretProvider(240)) - Unable to initialize FileSignerSecretProvider, falling back to use random secrets.
2019-08-24 11:58:32,626 [Thread-874] WARN  http.HttpRequestLog (HttpRequestLog.java:getRequestLog(97)) - Jetty request log can only be enabled using Log4j
2019-08-24 11:58:32,628 [Thread-874] INFO  http.HttpServer2 (HttpServer2.java:addGlobalFilter(975)) - Added global filter 'safety' (class=org.apache.hadoop.http.HttpServer2$QuotingInputFilter)
2019-08-24 11:58:32,629 [Thread-874] INFO  http.HttpServer2 (HttpServer2.java:addFilter(948)) - Added filter static_user_filter (class=org.apache.hadoop.http.lib.StaticUserWebFilter$StaticUserFilter) to context hddsDatanode
2019-08-24 11:58:32,629 [Thread-874] INFO  http.HttpServer2 (HttpServer2.java:addFilter(958)) - Added filter static_user_filter (class=org.apache.hadoop.http.lib.StaticUserWebFilter$StaticUserFilter) to context static
2019-08-24 11:58:32,630 [Thread-874] INFO  http.HttpServer2 (HttpServer2.java:addFilter(958)) - Added filter static_user_filter (class=org.apache.hadoop.http.lib.StaticUserWebFilter$StaticUserFilter) to context logs
2019-08-24 11:58:32,631 [Thread-874] INFO  http.HttpServer2 (HttpServer2.java:bindListener(1191)) - Jetty bound to port 35002
2019-08-24 11:58:32,631 [Thread-874] INFO  server.Server (Server.java:doStart(351)) - jetty-9.3.24.v20180605, build timestamp: 2018-06-05T17:11:56Z, git hash: 84205aa28f11a4f31f2a3b86d1bba2cc8ab69827
2019-08-24 11:58:32,776 [Thread-874] INFO  handler.ContextHandler (ContextHandler.java:doStart(781)) - Started o.e.j.s.ServletContextHandler@20ddca30{/logs,file:///workdir/hadoop-ozone/ozonefs/target/log,AVAILABLE}
2019-08-24 11:58:32,817 [Thread-874] INFO  handler.ContextHandler (ContextHandler.java:doStart(781)) - Started o.e.j.s.ServletContextHandler@7ca8847e{/static,jar:file:/home/user/.m2/repository/org/apache/hadoop/hadoop-hdds-container-service/0.5.0-SNAPSHOT/hadoop-hdds-container-service-0.5.0-SNAPSHOT.jar!/webapps/static,AVAILABLE}
2019-08-24 11:58:32,940 [Thread-874] INFO  handler.ContextHandler (ContextHandler.java:doStart(781)) - Started o.e.j.w.WebAppContext@6bb81c90{/,file:///tmp/jetty-0.0.0.0-35002-hddsDatanode-_-any-4948460425225824737.dir/webapp/,AVAILABLE}{/hddsDatanode}
2019-08-24 11:58:32,940 [Thread-874] INFO  server.AbstractConnector (AbstractConnector.java:doStart(278)) - Started ServerConnector@69e6cb1c{HTTP/1.1,[http/1.1]}{0.0.0.0:35002}
2019-08-24 11:58:32,942 [Thread-874] INFO  server.Server (Server.java:doStart(419)) - Started @76729ms
2019-08-24 11:58:32,942 [Thread-874] INFO  server.BaseHttpServer (BaseHttpServer.java:updateConnectorAddress(213)) - HTTP server of HDDSDATANODE is listening at http://0.0.0.0:35002
2019-08-24 11:58:32,943 [Thread-874] INFO  impl.MetricsSystemImpl (MetricsSystemImpl.java:init(158)) - HddsDatanode metrics system started (again)
2019-08-24 11:58:32,946 [org.apache.hadoop.util.JvmPauseMonitor$Monitor@364e59ea] INFO  util.JvmPauseMonitor (JvmPauseMonitor.java:run(188)) - Starting JVM pause monitor
2019-08-24 11:58:32,946 [Thread-874] INFO  ozone.HddsDatanodeService (HddsDatanodeService.java:start(184)) - HddsDatanodeService host:dev-check-20190824-d9rj8-2235221398 ip:192.168.36.101
2019-08-24 11:58:32,948 [Datanode State Machine Thread - 0] INFO  datanode.InitDatanodeState (InitDatanodeState.java:persistContainerDatanodeDetails(140)) - DatanodeDetails is persisted to /workdir/hadoop-ozone/ozonefs/target/test-dir/MiniOzoneClusterImpl-088aa02b-f031-4543-a6bb-6028fe72d65a/datanode-1/meta/datanode.id
2019-08-24 11:58:32,956 [Thread-874] INFO  volume.HddsVolume (HddsVolume.java:<init>(176)) - Creating Volume: /workdir/hadoop-ozone/ozonefs/target/test-dir/MiniOzoneClusterImpl-088aa02b-f031-4543-a6bb-6028fe72d65a/datanode-2/data/containers/hdds of  storage type : DISK and capacity : 1482555576320
2019-08-24 11:58:32,957 [Thread-874] INFO  volume.VolumeSet (VolumeSet.java:initializeVolumeSet(170)) - Added Volume : /workdir/hadoop-ozone/ozonefs/target/test-dir/MiniOzoneClusterImpl-088aa02b-f031-4543-a6bb-6028fe72d65a/datanode-2/data/containers/hdds to VolumeSet
2019-08-24 11:58:32,957 [Thread-874] INFO  volume.ThrottledAsyncChecker (ThrottledAsyncChecker.java:schedule(140)) - Scheduling a check for org.apache.hadoop.ozone.container.common.volume.HddsVolume@6fea9599
2019-08-24 11:58:32,958 [Thread-874] INFO  volume.HddsVolumeChecker (HddsVolumeChecker.java:checkAllVolumes(203)) - Scheduled health check for volume org.apache.hadoop.ozone.container.common.volume.HddsVolume@6fea9599
2019-08-24 11:58:32,986 [Thread-874] INFO  impl.RaftServerProxy (ConfUtils.java:logGet(43)) - raft.rpc.type = GRPC (default)
2019-08-24 11:58:32,986 [Thread-874] INFO  grpc.GrpcFactory (GrpcFactory.java:checkPooledByteBufAllocatorUseCacheForAllThreads(45)) - PERFORMANCE WARNING: useCacheForAllThreads is true that may cause Netty to create a lot garbage objects and, as a result, trigger GC.
	It is recommended to disable useCacheForAllThreads by setting -Dorg.apache.ratis.thirdparty.io.netty.allocator.useCacheForAllThreads=false in command line.
2019-08-24 11:58:32,986 [Thread-874] INFO  grpc.GrpcConfigKeys$Server (ConfUtils.java:logGet(43)) - raft.grpc.server.port = 0 (default)
2019-08-24 11:58:32,987 [Thread-874] INFO  server.GrpcService (ConfUtils.java:logGet(43)) - raft.grpc.message.size.max = 33570816 (custom)
2019-08-24 11:58:32,987 [Thread-874] INFO  server.RaftServerConfigKeys (ConfUtils.java:logGet(43)) - raft.server.log.appender.buffer.byte-limit = 33554432 (custom)
2019-08-24 11:58:32,987 [Thread-874] INFO  server.GrpcService (ConfUtils.java:logGet(43)) - raft.grpc.flow.control.window = 1MB (=1048576) (default)
2019-08-24 11:58:32,987 [Thread-874] INFO  server.RaftServerConfigKeys (ConfUtils.java:logGet(43)) - raft.server.rpc.request.timeout = 3000ms (default)
2019-08-24 11:58:32,988 [Thread-874] INFO  server.RaftServerConfigKeys (ConfUtils.java:logGet(43)) - raft.server.storage.dir = [/workdir/hadoop-ozone/ozonefs/target/test-dir/MiniOzoneClusterImpl-088aa02b-f031-4543-a6bb-6028fe72d65a/datanode-2/data/ratis] (custom)
2019-08-24 11:58:32,988 [Thread-874] INFO  replication.SimpleContainerDownloader (SimpleContainerDownloader.java:<init>(72)) - Starting container downloader service to copy containers to replicate.
2019-08-24 11:58:32,989 [Thread-874] INFO  hdfs.DFSUtil (DFSUtil.java:httpServerTemplateForNNAndJN(1641)) - Starting Web-server for hddsDatanode at: http://0.0.0.0:0
2019-08-24 11:58:32,991 [Thread-874] INFO  server.AuthenticationFilter (AuthenticationFilter.java:constructSecretProvider(240)) - Unable to initialize FileSignerSecretProvider, falling back to use random secrets.
2019-08-24 11:58:32,992 [Thread-874] WARN  http.HttpRequestLog (HttpRequestLog.java:getRequestLog(97)) - Jetty request log can only be enabled using Log4j
2019-08-24 11:58:32,993 [Thread-874] INFO  http.HttpServer2 (HttpServer2.java:addGlobalFilter(975)) - Added global filter 'safety' (class=org.apache.hadoop.http.HttpServer2$QuotingInputFilter)
2019-08-24 11:58:32,994 [Thread-874] INFO  http.HttpServer2 (HttpServer2.java:addFilter(948)) - Added filter static_user_filter (class=org.apache.hadoop.http.lib.StaticUserWebFilter$StaticUserFilter) to context hddsDatanode
2019-08-24 11:58:32,994 [Thread-874] INFO  http.HttpServer2 (HttpServer2.java:addFilter(958)) - Added filter static_user_filter (class=org.apache.hadoop.http.lib.StaticUserWebFilter$StaticUserFilter) to context static
2019-08-24 11:58:32,994 [Thread-874] INFO  http.HttpServer2 (HttpServer2.java:addFilter(958)) - Added filter static_user_filter (class=org.apache.hadoop.http.lib.StaticUserWebFilter$StaticUserFilter) to context logs
2019-08-24 11:58:32,995 [Thread-874] INFO  http.HttpServer2 (HttpServer2.java:bindListener(1191)) - Jetty bound to port 44128
2019-08-24 11:58:32,995 [Thread-874] INFO  server.Server (Server.java:doStart(351)) - jetty-9.3.24.v20180605, build timestamp: 2018-06-05T17:11:56Z, git hash: 84205aa28f11a4f31f2a3b86d1bba2cc8ab69827
2019-08-24 11:58:32,997 [Thread-874] INFO  handler.ContextHandler (ContextHandler.java:doStart(781)) - Started o.e.j.s.ServletContextHandler@3581a37e{/logs,file:///workdir/hadoop-ozone/ozonefs/target/log,AVAILABLE}
2019-08-24 11:58:32,997 [Thread-874] INFO  handler.ContextHandler (ContextHandler.java:doStart(781)) - Started o.e.j.s.ServletContextHandler@3a9ec5fa{/static,jar:file:/home/user/.m2/repository/org/apache/hadoop/hadoop-hdds-container-service/0.5.0-SNAPSHOT/hadoop-hdds-container-service-0.5.0-SNAPSHOT.jar!/webapps/static,AVAILABLE}
2019-08-24 11:58:33,050 [Thread-874] INFO  handler.ContextHandler (ContextHandler.java:doStart(781)) - Started o.e.j.w.WebAppContext@71c0c1f6{/,file:///tmp/jetty-0.0.0.0-44128-hddsDatanode-_-any-820173374056906235.dir/webapp/,AVAILABLE}{/hddsDatanode}
2019-08-24 11:58:33,051 [Thread-874] INFO  server.AbstractConnector (AbstractConnector.java:doStart(278)) - Started ServerConnector@35873c01{HTTP/1.1,[http/1.1]}{0.0.0.0:44128}
2019-08-24 11:58:33,052 [Thread-874] INFO  server.Server (Server.java:doStart(419)) - Started @76840ms
2019-08-24 11:58:33,053 [Thread-874] INFO  server.BaseHttpServer (BaseHttpServer.java:updateConnectorAddress(213)) - HTTP server of HDDSDATANODE is listening at http://0.0.0.0:44128
2019-08-24 11:58:33,054 [Thread-874] INFO  ozone.MiniOzoneClusterImpl (MiniOzoneClusterImpl.java:lambda$waitForClusterToBeReady$0(140)) - Waiting for cluster to be ready. Got 0 of 3 DN Heartbeats.
2019-08-24 11:58:33,055 [org.apache.hadoop.util.JvmPauseMonitor$Monitor@5e9e7c43] INFO  util.JvmPauseMonitor (JvmPauseMonitor.java:run(188)) - Starting JVM pause monitor
2019-08-24 11:58:33,057 [Datanode State Machine Thread - 0] INFO  datanode.InitDatanodeState (InitDatanodeState.java:persistContainerDatanodeDetails(140)) - DatanodeDetails is persisted to /workdir/hadoop-ozone/ozonefs/target/test-dir/MiniOzoneClusterImpl-088aa02b-f031-4543-a6bb-6028fe72d65a/datanode-2/meta/datanode.id
2019-08-24 11:58:34,054 [Thread-874] INFO  ozone.MiniOzoneClusterImpl (MiniOzoneClusterImpl.java:lambda$waitForClusterToBeReady$0(140)) - Waiting for cluster to be ready. Got 0 of 3 DN Heartbeats.
2019-08-24 11:58:34,596 | INFO  | SCMAudit | user=jenkins1000 | ip=192.168.36.101 | op=GET_VERSION null | ret=SUCCESS |  
2019-08-24 11:58:34,629 [Datanode State Machine Thread - 0] INFO  ozoneimpl.OzoneContainer (OzoneContainer.java:start(186)) - Attempting to start container services.
2019-08-24 11:58:34,629 [Datanode State Machine Thread - 0] INFO  ozoneimpl.OzoneContainer (OzoneContainer.java:startContainerScrub(160)) - Background container scrubber has been disabled by hdds.containerscrub.enabled
2019-08-24 11:58:34,629 [Datanode State Machine Thread - 0] INFO  ratis.XceiverServerRatis (XceiverServerRatis.java:start(404)) - Starting XceiverServerRatis 641e96bf-ab84-4ba0-9aa9-e2e8520824c0 at port 0
2019-08-24 11:58:34,637 [Datanode State Machine Thread - 0] INFO  impl.RaftServerProxy (RaftServerProxy.java:lambda$start$3(299)) - 641e96bf-ab84-4ba0-9aa9-e2e8520824c0: start RPC server
2019-08-24 11:58:34,640 [Datanode State Machine Thread - 0] INFO  server.GrpcService (GrpcService.java:startImpl(149)) - 641e96bf-ab84-4ba0-9aa9-e2e8520824c0: GrpcService started, listening on 0.0.0.0/0.0.0.0:46225
2019-08-24 11:58:34,640 [Datanode State Machine Thread - 0] INFO  ratis.XceiverServerRatis (XceiverServerRatis.java:start(414)) - XceiverServerRatis 641e96bf-ab84-4ba0-9aa9-e2e8520824c0 is started using port 46225
2019-08-24 11:58:34,641 [Datanode State Machine Thread - 0] INFO  server.XceiverServerGrpc (XceiverServerGrpc.java:start(161)) - XceiverServerGrpc 641e96bf-ab84-4ba0-9aa9-e2e8520824c0 is started using port 38112
2019-08-24 11:58:34,947 | INFO  | SCMAudit | user=jenkins1000 | ip=192.168.36.101 | op=GET_VERSION null | ret=SUCCESS |  
2019-08-24 11:58:34,973 [Datanode State Machine Thread - 0] INFO  ozoneimpl.OzoneContainer (OzoneContainer.java:start(186)) - Attempting to start container services.
2019-08-24 11:58:34,974 [Datanode State Machine Thread - 0] INFO  ozoneimpl.OzoneContainer (OzoneContainer.java:startContainerScrub(160)) - Background container scrubber has been disabled by hdds.containerscrub.enabled
2019-08-24 11:58:34,974 [Datanode State Machine Thread - 0] INFO  ratis.XceiverServerRatis (XceiverServerRatis.java:start(404)) - Starting XceiverServerRatis c8960297-d694-4cc3-af61-23c42a4c09b2 at port 0
2019-08-24 11:58:34,981 [Datanode State Machine Thread - 0] INFO  impl.RaftServerProxy (RaftServerProxy.java:lambda$start$3(299)) - c8960297-d694-4cc3-af61-23c42a4c09b2: start RPC server
2019-08-24 11:58:34,984 [Datanode State Machine Thread - 0] INFO  server.GrpcService (GrpcService.java:startImpl(149)) - c8960297-d694-4cc3-af61-23c42a4c09b2: GrpcService started, listening on 0.0.0.0/0.0.0.0:33170
2019-08-24 11:58:34,984 [Datanode State Machine Thread - 0] INFO  ratis.XceiverServerRatis (XceiverServerRatis.java:start(414)) - XceiverServerRatis c8960297-d694-4cc3-af61-23c42a4c09b2 is started using port 33170
2019-08-24 11:58:34,984 [Datanode State Machine Thread - 0] INFO  server.XceiverServerGrpc (XceiverServerGrpc.java:start(161)) - XceiverServerGrpc c8960297-d694-4cc3-af61-23c42a4c09b2 is started using port 41577
2019-08-24 11:58:35,055 [Thread-874] INFO  ozone.MiniOzoneClusterImpl (MiniOzoneClusterImpl.java:lambda$waitForClusterToBeReady$0(140)) - Waiting for cluster to be ready. Got 0 of 3 DN Heartbeats.
2019-08-24 11:58:35,057 | INFO  | SCMAudit | user=jenkins1000 | ip=192.168.36.101 | op=GET_VERSION null | ret=SUCCESS |  
2019-08-24 11:58:35,073 [Datanode State Machine Thread - 0] INFO  ozoneimpl.OzoneContainer (OzoneContainer.java:start(186)) - Attempting to start container services.
2019-08-24 11:58:35,074 [Datanode State Machine Thread - 0] INFO  ozoneimpl.OzoneContainer (OzoneContainer.java:startContainerScrub(160)) - Background container scrubber has been disabled by hdds.containerscrub.enabled
2019-08-24 11:58:35,074 [Datanode State Machine Thread - 0] INFO  ratis.XceiverServerRatis (XceiverServerRatis.java:start(404)) - Starting XceiverServerRatis f7446dd1-fdb5-4213-9a5e-08cf8328e077 at port 0
2019-08-24 11:58:35,081 [Datanode State Machine Thread - 0] INFO  impl.RaftServerProxy (RaftServerProxy.java:lambda$start$3(299)) - f7446dd1-fdb5-4213-9a5e-08cf8328e077: start RPC server
2019-08-24 11:58:35,082 [Datanode State Machine Thread - 0] INFO  server.GrpcService (GrpcService.java:startImpl(149)) - f7446dd1-fdb5-4213-9a5e-08cf8328e077: GrpcService started, listening on 0.0.0.0/0.0.0.0:42029
2019-08-24 11:58:35,082 [Datanode State Machine Thread - 0] INFO  ratis.XceiverServerRatis (XceiverServerRatis.java:start(414)) - XceiverServerRatis f7446dd1-fdb5-4213-9a5e-08cf8328e077 is started using port 42029
2019-08-24 11:58:35,084 [Datanode State Machine Thread - 0] INFO  server.XceiverServerGrpc (XceiverServerGrpc.java:start(161)) - XceiverServerGrpc f7446dd1-fdb5-4213-9a5e-08cf8328e077 is started using port 44974
2019-08-24 11:58:36,055 [Thread-874] INFO  ozone.MiniOzoneClusterImpl (MiniOzoneClusterImpl.java:lambda$waitForClusterToBeReady$0(140)) - Waiting for cluster to be ready. Got 0 of 3 DN Heartbeats.
2019-08-24 11:58:36,596 [IPC Server handler 0 on 40884] INFO  net.NetworkTopology (NetworkTopologyImpl.java:add(110)) - Added a new node: /default-rack/641e96bf-ab84-4ba0-9aa9-e2e8520824c0
2019-08-24 11:58:36,598 [IPC Server handler 0 on 40884] INFO  node.SCMNodeManager (SCMNodeManager.java:register(273)) - Registered Data node : 641e96bf-ab84-4ba0-9aa9-e2e8520824c0{ip: 192.168.36.101, host: dev-check-20190824-d9rj8-2235221398, networkLocation: /default-rack, certSerialId: null}
2019-08-24 11:58:36,599 [EventQueue-NodeRegistrationContainerReportForDataNodeSafeModeRule] INFO  safemode.SCMSafeModeManager (DataNodeSafeModeRule.java:process(71)) - SCM in safe mode. 1 DataNodes registered, 1 required.
2019-08-24 11:58:36,599 | INFO  | SCMAudit | user=jenkins1000 | ip=192.168.36.101 | op=REGISTER {datanodeDetails=641e96bf-ab84-4ba0-9aa9-e2e8520824c0{ip: 192.168.36.101, host: dev-check-20190824-d9rj8-2235221398, networkLocation: /default-rack, certSerialId: null}} | ret=SUCCESS |  
2019-08-24 11:58:36,602 [EventQueue-NodeRegistrationContainerReportForDataNodeSafeModeRule] INFO  safemode.SCMSafeModeManager (SCMSafeModeManager.java:validateSafeModeExitRules(177)) - ScmSafeModeManager, all rules are successfully validated
2019-08-24 11:58:36,602 [EventQueue-NodeRegistrationContainerReportForDataNodeSafeModeRule] INFO  safemode.SCMSafeModeManager (SCMSafeModeManager.java:exitSafeMode(193)) - SCM exiting safe mode.
2019-08-24 11:58:36,618 [grpc-default-executor-0] INFO  impl.RaftServerProxy (RaftServerProxy.java:addNew(89)) - 641e96bf-ab84-4ba0-9aa9-e2e8520824c0: addNew group-8538F27A3DC1:[641e96bf-ab84-4ba0-9aa9-e2e8520824c0:192.168.36.101:46225] returns group-8538F27A3DC1:java.util.concurrent.CompletableFuture@447961c2[Not completed]
2019-08-24 11:58:36,620 [pool-239-thread-1] INFO  impl.RaftServerImpl (RaftServerImpl.java:<init>(93)) - 641e96bf-ab84-4ba0-9aa9-e2e8520824c0: new RaftServerImpl for group-8538F27A3DC1:[641e96bf-ab84-4ba0-9aa9-e2e8520824c0:192.168.36.101:46225] with ContainerStateMachine:uninitialized
2019-08-24 11:58:36,620 [pool-239-thread-1] INFO  server.RaftServerConfigKeys (ConfUtils.java:logGet(43)) - raft.server.rpc.timeout.min = 5s (custom)
2019-08-24 11:58:36,621 [pool-239-thread-1] INFO  server.RaftServerConfigKeys (ConfUtils.java:logGet(43)) - raft.server.rpc.timeout.max = 5200ms (custom)
2019-08-24 11:58:36,621 [pool-239-thread-1] INFO  server.RaftServerConfigKeys (ConfUtils.java:logGet(43)) - raft.server.rpcslowness.timeout = 120s (custom)
2019-08-24 11:58:36,621 [pool-239-thread-1] INFO  server.RaftServerConfigKeys (ConfUtils.java:logGet(43)) - raft.server.sleep.deviation.threshold = 300 (default)
2019-08-24 11:58:36,621 [pool-239-thread-1] INFO  server.RaftServerConfigKeys (ConfUtils.java:logGet(43)) - raft.server.log.appender.install.snapshot.enabled = false (custom)
2019-08-24 11:58:36,621 [pool-239-thread-1] INFO  impl.RaftServerImpl (ServerState.java:<init>(105)) - 641e96bf-ab84-4ba0-9aa9-e2e8520824c0:group-8538F27A3DC1 ConfigurationManager, init=-1: [641e96bf-ab84-4ba0-9aa9-e2e8520824c0:192.168.36.101:46225], old=null, confs=<EMPTY_MAP>
2019-08-24 11:58:36,622 [pool-239-thread-1] INFO  server.RaftServerConfigKeys (ConfUtils.java:logGet(43)) - raft.server.storage.dir = [/workdir/hadoop-ozone/ozonefs/target/test-dir/MiniOzoneClusterImpl-088aa02b-f031-4543-a6bb-6028fe72d65a/datanode-0/data/ratis] (custom)
2019-08-24 11:58:36,622 [pool-239-thread-1] INFO  storage.RaftStorageDirectory (RaftStorageDirectory.java:analyzeStorage(246)) - The storage directory /workdir/hadoop-ozone/ozonefs/target/test-dir/MiniOzoneClusterImpl-088aa02b-f031-4543-a6bb-6028fe72d65a/datanode-0/data/ratis/afad3af9-9398-4aa7-a71b-8538f27a3dc1 does not exist. Creating ...
2019-08-24 11:58:36,645 [pool-239-thread-1] INFO  storage.RaftStorageDirectory (RaftStorageDirectory.java:tryLock(328)) - Lock on /workdir/hadoop-ozone/ozonefs/target/test-dir/MiniOzoneClusterImpl-088aa02b-f031-4543-a6bb-6028fe72d65a/datanode-0/data/ratis/afad3af9-9398-4aa7-a71b-8538f27a3dc1/in_use.lock acquired by nodename 10945@dev-check-20190824-d9rj8-2235221398
2019-08-24 11:58:36,658 [pool-239-thread-1] INFO  storage.RaftStorage (RaftStorage.java:format(72)) - Storage directory /workdir/hadoop-ozone/ozonefs/target/test-dir/MiniOzoneClusterImpl-088aa02b-f031-4543-a6bb-6028fe72d65a/datanode-0/data/ratis/afad3af9-9398-4aa7-a71b-8538f27a3dc1 has been successfully formatted.
2019-08-24 11:58:36,659 [pool-239-thread-1] INFO  ratis.ContainerStateMachine (ContainerStateMachine.java:loadSnapshot(226)) - group-8538F27A3DC1: The snapshot info is null. Setting the last applied indexto:(t:0, i:~)
2019-08-24 11:58:36,659 [pool-239-thread-1] INFO  server.RaftServerConfigKeys (ConfUtils.java:logGet(43)) - raft.server.leader.election.timeout = 120s (custom)
2019-08-24 11:58:36,659 [pool-239-thread-1] INFO  server.RaftServerConfigKeys (ConfUtils.java:logGet(43)) - raft.server.log.use.memory = false (default)
2019-08-24 11:58:36,659 [pool-239-thread-1] INFO  server.RaftServerConfigKeys (ConfUtils.java:logGet(43)) - raft.server.log.purge.gap = 1000000 (custom)
2019-08-24 11:58:36,660 [pool-239-thread-1] INFO  server.RaftServerConfigKeys (ConfUtils.java:logGet(43)) - raft.server.log.appender.buffer.byte-limit = 33554432 (custom)
2019-08-24 11:58:36,660 [pool-239-thread-1] INFO  server.RaftServerConfigKeys (ConfUtils.java:logGet(43)) - raft.server.log.segment.size.max = 1048576 (custom)
2019-08-24 11:58:36,660 [pool-239-thread-1] INFO  server.RaftServerConfigKeys (ConfUtils.java:logGet(43)) - raft.server.log.segment.cache.num.max = 2 (custom)
2019-08-24 11:58:36,660 [pool-239-thread-1] INFO  segmented.SegmentedRaftLogWorker (SegmentedRaftLogWorker.java:<init>(172)) - new 641e96bf-ab84-4ba0-9aa9-e2e8520824c0-SegmentedRaftLogWorker:Storage Directory /workdir/hadoop-ozone/ozonefs/target/test-dir/MiniOzoneClusterImpl-088aa02b-f031-4543-a6bb-6028fe72d65a/datanode-0/data/ratis/afad3af9-9398-4aa7-a71b-8538f27a3dc1 for RaftStorage:Storage Directory /workdir/hadoop-ozone/ozonefs/target/test-dir/MiniOzoneClusterImpl-088aa02b-f031-4543-a6bb-6028fe72d65a/datanode-0/data/ratis/afad3af9-9398-4aa7-a71b-8538f27a3dc1
2019-08-24 11:58:36,660 [pool-239-thread-1] INFO  server.RaftServerConfigKeys (ConfUtils.java:logGet(43)) - raft.server.log.queue.byte-limit = 2147483647 (custom)
2019-08-24 11:58:36,661 [pool-239-thread-1] INFO  server.RaftServerConfigKeys (ConfUtils.java:logGet(43)) - raft.server.log.queue.element-limit = 1024 (custom)
2019-08-24 11:58:36,661 [pool-239-thread-1] INFO  server.RaftServerConfigKeys (ConfUtils.java:logGet(43)) - raft.server.log.segment.size.max = 1048576 (custom)
2019-08-24 11:58:36,661 [pool-239-thread-1] INFO  server.RaftServerConfigKeys (ConfUtils.java:logGet(43)) - raft.server.log.preallocated.size = 16384 (custom)
2019-08-24 11:58:36,662 [pool-239-thread-1] INFO  server.RaftServerConfigKeys (ConfUtils.java:logGet(43)) - raft.server.log.write.buffer.size = 33554432 (custom)
2019-08-24 11:58:36,662 [pool-239-thread-1] INFO  server.RaftServerConfigKeys (ConfUtils.java:logGet(43)) - raft.server.log.force.sync.num = 128 (default)
2019-08-24 11:58:36,662 [pool-239-thread-1] INFO  server.RaftServerConfigKeys (ConfUtils.java:logGet(43)) - raft.server.log.statemachine.data.sync = true (default)
2019-08-24 11:58:36,662 [pool-239-thread-1] INFO  server.RaftServerConfigKeys (ConfUtils.java:logGet(43)) - raft.server.log.statemachine.data.sync.timeout = 10s (default)
2019-08-24 11:58:36,662 [pool-239-thread-1] INFO  server.RaftServerConfigKeys (ConfUtils.java:logGet(43)) - raft.server.log.statemachine.data.sync.timeout.retry = -1 (default)
2019-08-24 11:58:36,663 [pool-239-thread-1] INFO  server.RaftServerConfigKeys (ConfUtils.java:logGet(43)) - raft.server.log.statemachine.data.caching.enabled = true (custom)
2019-08-24 11:58:36,663 [pool-239-thread-1] INFO  segmented.SegmentedRaftLogWorker (SegmentedRaftLogWorker.java:lambda$new$0(132)) - 641e96bf-ab84-4ba0-9aa9-e2e8520824c0-SegmentedRaftLogWorker:Storage Directory /workdir/hadoop-ozone/ozonefs/target/test-dir/MiniOzoneClusterImpl-088aa02b-f031-4543-a6bb-6028fe72d65a/datanode-0/data/ratis/afad3af9-9398-4aa7-a71b-8538f27a3dc1: flushIndex: setUnconditionally 0 -> -1
2019-08-24 11:58:36,664 [pool-239-thread-1] INFO  server.RaftServerConfigKeys (ConfUtils.java:logGet(43)) - raft.server.snapshot.auto.trigger.enabled = true (custom)
2019-08-24 11:58:36,664 [pool-239-thread-1] INFO  server.RaftServerConfigKeys (ConfUtils.java:logGet(43)) - raft.server.snapshot.auto.trigger.threshold = 10000 (custom)
2019-08-24 11:58:36,664 [pool-239-thread-1] INFO  server.RaftServerConfigKeys (ConfUtils.java:logGet(43)) - raft.server.retrycache.expirytime = 600000ms (custom)
2019-08-24 11:58:36,664 [pool-239-thread-1] INFO  impl.RaftServerImpl (RaftServerImpl.java:start(180)) - 641e96bf-ab84-4ba0-9aa9-e2e8520824c0: start group-8538F27A3DC1
2019-08-24 11:58:36,665 [pool-239-thread-1] INFO  impl.RaftServerImpl (RaftServerImpl.java:setRole(171)) - 641e96bf-ab84-4ba0-9aa9-e2e8520824c0:group-8538F27A3DC1 changes role from null to FOLLOWER at term 0 for startAsFollower
2019-08-24 11:58:36,665 [pool-239-thread-1] INFO  impl.RoleInfo (RoleInfo.java:updateAndGet(143)) - 641e96bf-ab84-4ba0-9aa9-e2e8520824c0: start FollowerState
2019-08-24 11:58:36,665 [pool-239-thread-1] INFO  util.JmxRegister (JmxRegister.java:tryRegister(44)) - Successfully registered JMX Bean with object name Ratis:service=RaftServer,group=group-8538F27A3DC1,id=641e96bf-ab84-4ba0-9aa9-e2e8520824c0
2019-08-24 11:58:36,671 [RatisPipelineUtilsThread] INFO  pipeline.PipelineStateManager (PipelineStateManager.java:addPipeline(56)) - Created pipeline Pipeline[ Id: afad3af9-9398-4aa7-a71b-8538f27a3dc1, Nodes: 641e96bf-ab84-4ba0-9aa9-e2e8520824c0{ip: 192.168.36.101, host: dev-check-20190824-d9rj8-2235221398, networkLocation: /default-rack, certSerialId: null}, Type:RATIS, Factor:ONE, State:OPEN]
2019-08-24 11:58:36,948 [IPC Server handler 2 on 40884] INFO  net.NetworkTopology (NetworkTopologyImpl.java:add(110)) - Added a new node: /default-rack/c8960297-d694-4cc3-af61-23c42a4c09b2
2019-08-24 11:58:36,948 [IPC Server handler 2 on 40884] INFO  node.SCMNodeManager (SCMNodeManager.java:register(273)) - Registered Data node : c8960297-d694-4cc3-af61-23c42a4c09b2{ip: 192.168.36.101, host: dev-check-20190824-d9rj8-2235221398, networkLocation: /default-rack, certSerialId: null}
2019-08-24 11:58:36,949 | INFO  | SCMAudit | user=jenkins1000 | ip=192.168.36.101 | op=REGISTER {datanodeDetails=c8960297-d694-4cc3-af61-23c42a4c09b2{ip: 192.168.36.101, host: dev-check-20190824-d9rj8-2235221398, networkLocation: /default-rack, certSerialId: null}} | ret=SUCCESS |  
2019-08-24 11:58:36,963 [grpc-default-executor-0] INFO  impl.RaftServerProxy (RaftServerProxy.java:addNew(89)) - c8960297-d694-4cc3-af61-23c42a4c09b2: addNew group-2849DD617A46:[c8960297-d694-4cc3-af61-23c42a4c09b2:192.168.36.101:33170] returns group-2849DD617A46:java.util.concurrent.CompletableFuture@2bae9d4b[Not completed]
2019-08-24 11:58:36,965 [pool-250-thread-1] INFO  impl.RaftServerImpl (RaftServerImpl.java:<init>(93)) - c8960297-d694-4cc3-af61-23c42a4c09b2: new RaftServerImpl for group-2849DD617A46:[c8960297-d694-4cc3-af61-23c42a4c09b2:192.168.36.101:33170] with ContainerStateMachine:uninitialized
2019-08-24 11:58:36,965 [pool-250-thread-1] INFO  server.RaftServerConfigKeys (ConfUtils.java:logGet(43)) - raft.server.rpc.timeout.min = 5s (custom)
2019-08-24 11:58:36,965 [pool-250-thread-1] INFO  server.RaftServerConfigKeys (ConfUtils.java:logGet(43)) - raft.server.rpc.timeout.max = 5200ms (custom)
2019-08-24 11:58:36,965 [pool-250-thread-1] INFO  server.RaftServerConfigKeys (ConfUtils.java:logGet(43)) - raft.server.rpcslowness.timeout = 120s (custom)
2019-08-24 11:58:36,965 [pool-250-thread-1] INFO  server.RaftServerConfigKeys (ConfUtils.java:logGet(43)) - raft.server.sleep.deviation.threshold = 300 (default)
2019-08-24 11:58:36,966 [pool-250-thread-1] INFO  server.RaftServerConfigKeys (ConfUtils.java:logGet(43)) - raft.server.log.appender.install.snapshot.enabled = false (custom)
2019-08-24 11:58:36,966 [pool-250-thread-1] INFO  impl.RaftServerImpl (ServerState.java:<init>(105)) - c8960297-d694-4cc3-af61-23c42a4c09b2:group-2849DD617A46 ConfigurationManager, init=-1: [c8960297-d694-4cc3-af61-23c42a4c09b2:192.168.36.101:33170], old=null, confs=<EMPTY_MAP>
2019-08-24 11:58:36,966 [pool-250-thread-1] INFO  server.RaftServerConfigKeys (ConfUtils.java:logGet(43)) - raft.server.storage.dir = [/workdir/hadoop-ozone/ozonefs/target/test-dir/MiniOzoneClusterImpl-088aa02b-f031-4543-a6bb-6028fe72d65a/datanode-1/data/ratis] (custom)
2019-08-24 11:58:36,966 [pool-250-thread-1] INFO  storage.RaftStorageDirectory (RaftStorageDirectory.java:analyzeStorage(246)) - The storage directory /workdir/hadoop-ozone/ozonefs/target/test-dir/MiniOzoneClusterImpl-088aa02b-f031-4543-a6bb-6028fe72d65a/datanode-1/data/ratis/b9769a8d-fa05-42b5-8afd-2849dd617a46 does not exist. Creating ...
2019-08-24 11:58:36,984 [pool-250-thread-1] INFO  storage.RaftStorageDirectory (RaftStorageDirectory.java:tryLock(328)) - Lock on /workdir/hadoop-ozone/ozonefs/target/test-dir/MiniOzoneClusterImpl-088aa02b-f031-4543-a6bb-6028fe72d65a/datanode-1/data/ratis/b9769a8d-fa05-42b5-8afd-2849dd617a46/in_use.lock acquired by nodename 10945@dev-check-20190824-d9rj8-2235221398
2019-08-24 11:58:36,998 [pool-250-thread-1] INFO  storage.RaftStorage (RaftStorage.java:format(72)) - Storage directory /workdir/hadoop-ozone/ozonefs/target/test-dir/MiniOzoneClusterImpl-088aa02b-f031-4543-a6bb-6028fe72d65a/datanode-1/data/ratis/b9769a8d-fa05-42b5-8afd-2849dd617a46 has been successfully formatted.
2019-08-24 11:58:36,998 [pool-250-thread-1] INFO  ratis.ContainerStateMachine (ContainerStateMachine.java:loadSnapshot(226)) - group-2849DD617A46: The snapshot info is null. Setting the last applied indexto:(t:0, i:~)
2019-08-24 11:58:36,999 [pool-250-thread-1] INFO  server.RaftServerConfigKeys (ConfUtils.java:logGet(43)) - raft.server.leader.election.timeout = 120s (custom)
2019-08-24 11:58:36,999 [pool-250-thread-1] INFO  server.RaftServerConfigKeys (ConfUtils.java:logGet(43)) - raft.server.log.use.memory = false (default)
2019-08-24 11:58:36,999 [pool-250-thread-1] INFO  server.RaftServerConfigKeys (ConfUtils.java:logGet(43)) - raft.server.log.purge.gap = 1000000 (custom)
2019-08-24 11:58:36,999 [pool-250-thread-1] INFO  server.RaftServerConfigKeys (ConfUtils.java:logGet(43)) - raft.server.log.appender.buffer.byte-limit = 33554432 (custom)
2019-08-24 11:58:36,999 [pool-250-thread-1] INFO  server.RaftServerConfigKeys (ConfUtils.java:logGet(43)) - raft.server.log.segment.size.max = 1048576 (custom)
2019-08-24 11:58:37,000 [pool-250-thread-1] INFO  server.RaftServerConfigKeys (ConfUtils.java:logGet(43)) - raft.server.log.segment.cache.num.max = 2 (custom)
2019-08-24 11:58:37,000 [pool-250-thread-1] INFO  segmented.SegmentedRaftLogWorker (SegmentedRaftLogWorker.java:<init>(172)) - new c8960297-d694-4cc3-af61-23c42a4c09b2-SegmentedRaftLogWorker:Storage Directory /workdir/hadoop-ozone/ozonefs/target/test-dir/MiniOzoneClusterImpl-088aa02b-f031-4543-a6bb-6028fe72d65a/datanode-1/data/ratis/b9769a8d-fa05-42b5-8afd-2849dd617a46 for RaftStorage:Storage Directory /workdir/hadoop-ozone/ozonefs/target/test-dir/MiniOzoneClusterImpl-088aa02b-f031-4543-a6bb-6028fe72d65a/datanode-1/data/ratis/b9769a8d-fa05-42b5-8afd-2849dd617a46
2019-08-24 11:58:37,000 [pool-250-thread-1] INFO  server.RaftServerConfigKeys (ConfUtils.java:logGet(43)) - raft.server.log.queue.byte-limit = 2147483647 (custom)
2019-08-24 11:58:37,000 [pool-250-thread-1] INFO  server.RaftServerConfigKeys (ConfUtils.java:logGet(43)) - raft.server.log.queue.element-limit = 1024 (custom)
2019-08-24 11:58:37,000 [pool-250-thread-1] INFO  server.RaftServerConfigKeys (ConfUtils.java:logGet(43)) - raft.server.log.segment.size.max = 1048576 (custom)
2019-08-24 11:58:37,001 [pool-250-thread-1] INFO  server.RaftServerConfigKeys (ConfUtils.java:logGet(43)) - raft.server.log.preallocated.size = 16384 (custom)
2019-08-24 11:58:37,001 [pool-250-thread-1] INFO  server.RaftServerConfigKeys (ConfUtils.java:logGet(43)) - raft.server.log.write.buffer.size = 33554432 (custom)
2019-08-24 11:58:37,001 [pool-250-thread-1] INFO  server.RaftServerConfigKeys (ConfUtils.java:logGet(43)) - raft.server.log.force.sync.num = 128 (default)
2019-08-24 11:58:37,001 [pool-250-thread-1] INFO  server.RaftServerConfigKeys (ConfUtils.java:logGet(43)) - raft.server.log.statemachine.data.sync = true (default)
2019-08-24 11:58:37,001 [pool-250-thread-1] INFO  server.RaftServerConfigKeys (ConfUtils.java:logGet(43)) - raft.server.log.statemachine.data.sync.timeout = 10s (default)
2019-08-24 11:58:37,001 [pool-250-thread-1] INFO  server.RaftServerConfigKeys (ConfUtils.java:logGet(43)) - raft.server.log.statemachine.data.sync.timeout.retry = -1 (default)
2019-08-24 11:58:37,002 [pool-250-thread-1] INFO  server.RaftServerConfigKeys (ConfUtils.java:logGet(43)) - raft.server.log.statemachine.data.caching.enabled = true (custom)
2019-08-24 11:58:37,002 [pool-250-thread-1] INFO  segmented.SegmentedRaftLogWorker (SegmentedRaftLogWorker.java:lambda$new$0(132)) - c8960297-d694-4cc3-af61-23c42a4c09b2-SegmentedRaftLogWorker:Storage Directory /workdir/hadoop-ozone/ozonefs/target/test-dir/MiniOzoneClusterImpl-088aa02b-f031-4543-a6bb-6028fe72d65a/datanode-1/data/ratis/b9769a8d-fa05-42b5-8afd-2849dd617a46: flushIndex: setUnconditionally 0 -> -1
2019-08-24 11:58:37,002 [pool-250-thread-1] INFO  server.RaftServerConfigKeys (ConfUtils.java:logGet(43)) - raft.server.snapshot.auto.trigger.enabled = true (custom)
2019-08-24 11:58:37,003 [pool-250-thread-1] INFO  server.RaftServerConfigKeys (ConfUtils.java:logGet(43)) - raft.server.snapshot.auto.trigger.threshold = 10000 (custom)
2019-08-24 11:58:37,003 [pool-250-thread-1] INFO  server.RaftServerConfigKeys (ConfUtils.java:logGet(43)) - raft.server.retrycache.expirytime = 600000ms (custom)
2019-08-24 11:58:37,003 [pool-250-thread-1] INFO  impl.RaftServerImpl (RaftServerImpl.java:start(180)) - c8960297-d694-4cc3-af61-23c42a4c09b2: start group-2849DD617A46
2019-08-24 11:58:37,003 [pool-250-thread-1] INFO  impl.RaftServerImpl (RaftServerImpl.java:setRole(171)) - c8960297-d694-4cc3-af61-23c42a4c09b2:group-2849DD617A46 changes role from null to FOLLOWER at term 0 for startAsFollower
2019-08-24 11:58:37,003 [pool-250-thread-1] INFO  impl.RoleInfo (RoleInfo.java:updateAndGet(143)) - c8960297-d694-4cc3-af61-23c42a4c09b2: start FollowerState
2019-08-24 11:58:37,004 [pool-250-thread-1] INFO  util.JmxRegister (JmxRegister.java:tryRegister(44)) - Successfully registered JMX Bean with object name Ratis:service=RaftServer,group=group-2849DD617A46,id=c8960297-d694-4cc3-af61-23c42a4c09b2
2019-08-24 11:58:37,009 [RatisPipelineUtilsThread] INFO  pipeline.PipelineStateManager (PipelineStateManager.java:addPipeline(56)) - Created pipeline Pipeline[ Id: b9769a8d-fa05-42b5-8afd-2849dd617a46, Nodes: c8960297-d694-4cc3-af61-23c42a4c09b2{ip: 192.168.36.101, host: dev-check-20190824-d9rj8-2235221398, networkLocation: /default-rack, certSerialId: null}, Type:RATIS, Factor:ONE, State:OPEN]
2019-08-24 11:58:37,056 [Thread-874] INFO  ozone.MiniOzoneClusterImpl (MiniOzoneClusterImpl.java:lambda$waitForClusterToBeReady$0(140)) - Waiting for cluster to be ready. Got 2 of 3 DN Heartbeats.
2019-08-24 11:58:37,056 [IPC Server handler 1 on 40884] INFO  net.NetworkTopology (NetworkTopologyImpl.java:add(110)) - Added a new node: /default-rack/f7446dd1-fdb5-4213-9a5e-08cf8328e077
2019-08-24 11:58:37,057 [IPC Server handler 1 on 40884] INFO  node.SCMNodeManager (SCMNodeManager.java:register(273)) - Registered Data node : f7446dd1-fdb5-4213-9a5e-08cf8328e077{ip: 192.168.36.101, host: dev-check-20190824-d9rj8-2235221398, networkLocation: /default-rack, certSerialId: null}
2019-08-24 11:58:37,059 | INFO  | SCMAudit | user=jenkins1000 | ip=192.168.36.101 | op=REGISTER {datanodeDetails=f7446dd1-fdb5-4213-9a5e-08cf8328e077{ip: 192.168.36.101, host: dev-check-20190824-d9rj8-2235221398, networkLocation: /default-rack, certSerialId: null}} | ret=SUCCESS |  
2019-08-24 11:58:37,071 [grpc-default-executor-0] INFO  impl.RaftServerProxy (RaftServerProxy.java:addNew(89)) - f7446dd1-fdb5-4213-9a5e-08cf8328e077: addNew group-095FCF6F5137:[f7446dd1-fdb5-4213-9a5e-08cf8328e077:192.168.36.101:42029] returns group-095FCF6F5137:java.util.concurrent.CompletableFuture@6fb1987c[Not completed]
2019-08-24 11:58:37,072 [pool-261-thread-1] INFO  impl.RaftServerImpl (RaftServerImpl.java:<init>(93)) - f7446dd1-fdb5-4213-9a5e-08cf8328e077: new RaftServerImpl for group-095FCF6F5137:[f7446dd1-fdb5-4213-9a5e-08cf8328e077:192.168.36.101:42029] with ContainerStateMachine:uninitialized
2019-08-24 11:58:37,072 [pool-261-thread-1] INFO  server.RaftServerConfigKeys (ConfUtils.java:logGet(43)) - raft.server.rpc.timeout.min = 5s (custom)
2019-08-24 11:58:37,072 [pool-261-thread-1] INFO  server.RaftServerConfigKeys (ConfUtils.java:logGet(43)) - raft.server.rpc.timeout.max = 5200ms (custom)
2019-08-24 11:58:37,072 [pool-261-thread-1] INFO  server.RaftServerConfigKeys (ConfUtils.java:logGet(43)) - raft.server.rpcslowness.timeout = 120s (custom)
2019-08-24 11:58:37,073 [pool-261-thread-1] INFO  server.RaftServerConfigKeys (ConfUtils.java:logGet(43)) - raft.server.sleep.deviation.threshold = 300 (default)
2019-08-24 11:58:37,073 [pool-261-thread-1] INFO  server.RaftServerConfigKeys (ConfUtils.java:logGet(43)) - raft.server.log.appender.install.snapshot.enabled = false (custom)
2019-08-24 11:58:37,073 [pool-261-thread-1] INFO  impl.RaftServerImpl (ServerState.java:<init>(105)) - f7446dd1-fdb5-4213-9a5e-08cf8328e077:group-095FCF6F5137 ConfigurationManager, init=-1: [f7446dd1-fdb5-4213-9a5e-08cf8328e077:192.168.36.101:42029], old=null, confs=<EMPTY_MAP>
2019-08-24 11:58:37,073 [pool-261-thread-1] INFO  server.RaftServerConfigKeys (ConfUtils.java:logGet(43)) - raft.server.storage.dir = [/workdir/hadoop-ozone/ozonefs/target/test-dir/MiniOzoneClusterImpl-088aa02b-f031-4543-a6bb-6028fe72d65a/datanode-2/data/ratis] (custom)
2019-08-24 11:58:37,073 [pool-261-thread-1] INFO  storage.RaftStorageDirectory (RaftStorageDirectory.java:analyzeStorage(246)) - The storage directory /workdir/hadoop-ozone/ozonefs/target/test-dir/MiniOzoneClusterImpl-088aa02b-f031-4543-a6bb-6028fe72d65a/datanode-2/data/ratis/6a46341f-eab2-40a6-b406-095fcf6f5137 does not exist. Creating ...
2019-08-24 11:58:37,092 [pool-261-thread-1] INFO  storage.RaftStorageDirectory (RaftStorageDirectory.java:tryLock(328)) - Lock on /workdir/hadoop-ozone/ozonefs/target/test-dir/MiniOzoneClusterImpl-088aa02b-f031-4543-a6bb-6028fe72d65a/datanode-2/data/ratis/6a46341f-eab2-40a6-b406-095fcf6f5137/in_use.lock acquired by nodename 10945@dev-check-20190824-d9rj8-2235221398
2019-08-24 11:58:37,109 [pool-261-thread-1] INFO  storage.RaftStorage (RaftStorage.java:format(72)) - Storage directory /workdir/hadoop-ozone/ozonefs/target/test-dir/MiniOzoneClusterImpl-088aa02b-f031-4543-a6bb-6028fe72d65a/datanode-2/data/ratis/6a46341f-eab2-40a6-b406-095fcf6f5137 has been successfully formatted.
2019-08-24 11:58:37,110 [pool-261-thread-1] INFO  ratis.ContainerStateMachine (ContainerStateMachine.java:loadSnapshot(226)) - group-095FCF6F5137: The snapshot info is null. Setting the last applied indexto:(t:0, i:~)
2019-08-24 11:58:37,110 [pool-261-thread-1] INFO  server.RaftServerConfigKeys (ConfUtils.java:logGet(43)) - raft.server.leader.election.timeout = 120s (custom)
2019-08-24 11:58:37,110 [pool-261-thread-1] INFO  server.RaftServerConfigKeys (ConfUtils.java:logGet(43)) - raft.server.log.use.memory = false (default)
2019-08-24 11:58:37,110 [pool-261-thread-1] INFO  server.RaftServerConfigKeys (ConfUtils.java:logGet(43)) - raft.server.log.purge.gap = 1000000 (custom)
2019-08-24 11:58:37,110 [pool-261-thread-1] INFO  server.RaftServerConfigKeys (ConfUtils.java:logGet(43)) - raft.server.log.appender.buffer.byte-limit = 33554432 (custom)
2019-08-24 11:58:37,110 [pool-261-thread-1] INFO  server.RaftServerConfigKeys (ConfUtils.java:logGet(43)) - raft.server.log.segment.size.max = 1048576 (custom)
2019-08-24 11:58:37,111 [pool-261-thread-1] INFO  server.RaftServerConfigKeys (ConfUtils.java:logGet(43)) - raft.server.log.segment.cache.num.max = 2 (custom)
2019-08-24 11:58:37,111 [pool-261-thread-1] INFO  segmented.SegmentedRaftLogWorker (SegmentedRaftLogWorker.java:<init>(172)) - new f7446dd1-fdb5-4213-9a5e-08cf8328e077-SegmentedRaftLogWorker:Storage Directory /workdir/hadoop-ozone/ozonefs/target/test-dir/MiniOzoneClusterImpl-088aa02b-f031-4543-a6bb-6028fe72d65a/datanode-2/data/ratis/6a46341f-eab2-40a6-b406-095fcf6f5137 for RaftStorage:Storage Directory /workdir/hadoop-ozone/ozonefs/target/test-dir/MiniOzoneClusterImpl-088aa02b-f031-4543-a6bb-6028fe72d65a/datanode-2/data/ratis/6a46341f-eab2-40a6-b406-095fcf6f5137
2019-08-24 11:58:37,111 [pool-261-thread-1] INFO  server.RaftServerConfigKeys (ConfUtils.java:logGet(43)) - raft.server.log.queue.byte-limit = 2147483647 (custom)
2019-08-24 11:58:37,111 [pool-261-thread-1] INFO  server.RaftServerConfigKeys (ConfUtils.java:logGet(43)) - raft.server.log.queue.element-limit = 1024 (custom)
2019-08-24 11:58:37,111 [pool-261-thread-1] INFO  server.RaftServerConfigKeys (ConfUtils.java:logGet(43)) - raft.server.log.segment.size.max = 1048576 (custom)
2019-08-24 11:58:37,111 [pool-261-thread-1] INFO  server.RaftServerConfigKeys (ConfUtils.java:logGet(43)) - raft.server.log.preallocated.size = 16384 (custom)
2019-08-24 11:58:37,112 [pool-261-thread-1] INFO  server.RaftServerConfigKeys (ConfUtils.java:logGet(43)) - raft.server.log.write.buffer.size = 33554432 (custom)
2019-08-24 11:58:37,112 [pool-261-thread-1] INFO  server.RaftServerConfigKeys (ConfUtils.java:logGet(43)) - raft.server.log.force.sync.num = 128 (default)
2019-08-24 11:58:37,112 [pool-261-thread-1] INFO  server.RaftServerConfigKeys (ConfUtils.java:logGet(43)) - raft.server.log.statemachine.data.sync = true (default)
2019-08-24 11:58:37,112 [pool-261-thread-1] INFO  server.RaftServerConfigKeys (ConfUtils.java:logGet(43)) - raft.server.log.statemachine.data.sync.timeout = 10s (default)
2019-08-24 11:58:37,112 [pool-261-thread-1] INFO  server.RaftServerConfigKeys (ConfUtils.java:logGet(43)) - raft.server.log.statemachine.data.sync.timeout.retry = -1 (default)
2019-08-24 11:58:37,112 [pool-261-thread-1] INFO  server.RaftServerConfigKeys (ConfUtils.java:logGet(43)) - raft.server.log.statemachine.data.caching.enabled = true (custom)
2019-08-24 11:58:37,113 [pool-261-thread-1] INFO  segmented.SegmentedRaftLogWorker (SegmentedRaftLogWorker.java:lambda$new$0(132)) - f7446dd1-fdb5-4213-9a5e-08cf8328e077-SegmentedRaftLogWorker:Storage Directory /workdir/hadoop-ozone/ozonefs/target/test-dir/MiniOzoneClusterImpl-088aa02b-f031-4543-a6bb-6028fe72d65a/datanode-2/data/ratis/6a46341f-eab2-40a6-b406-095fcf6f5137: flushIndex: setUnconditionally 0 -> -1
2019-08-24 11:58:37,113 [pool-261-thread-1] INFO  server.RaftServerConfigKeys (ConfUtils.java:logGet(43)) - raft.server.snapshot.auto.trigger.enabled = true (custom)
2019-08-24 11:58:37,113 [pool-261-thread-1] INFO  server.RaftServerConfigKeys (ConfUtils.java:logGet(43)) - raft.server.snapshot.auto.trigger.threshold = 10000 (custom)
2019-08-24 11:58:37,113 [pool-261-thread-1] INFO  server.RaftServerConfigKeys (ConfUtils.java:logGet(43)) - raft.server.retrycache.expirytime = 600000ms (custom)
2019-08-24 11:58:37,113 [pool-261-thread-1] INFO  impl.RaftServerImpl (RaftServerImpl.java:start(180)) - f7446dd1-fdb5-4213-9a5e-08cf8328e077: start group-095FCF6F5137
2019-08-24 11:58:37,114 [pool-261-thread-1] INFO  impl.RaftServerImpl (RaftServerImpl.java:setRole(171)) - f7446dd1-fdb5-4213-9a5e-08cf8328e077:group-095FCF6F5137 changes role from null to FOLLOWER at term 0 for startAsFollower
2019-08-24 11:58:37,114 [pool-261-thread-1] INFO  impl.RoleInfo (RoleInfo.java:updateAndGet(143)) - f7446dd1-fdb5-4213-9a5e-08cf8328e077: start FollowerState
2019-08-24 11:58:37,114 [pool-261-thread-1] INFO  util.JmxRegister (JmxRegister.java:tryRegister(44)) - Successfully registered JMX Bean with object name Ratis:service=RaftServer,group=group-095FCF6F5137,id=f7446dd1-fdb5-4213-9a5e-08cf8328e077
2019-08-24 11:58:37,120 [RatisPipelineUtilsThread] INFO  pipeline.PipelineStateManager (PipelineStateManager.java:addPipeline(56)) - Created pipeline Pipeline[ Id: 6a46341f-eab2-40a6-b406-095fcf6f5137, Nodes: f7446dd1-fdb5-4213-9a5e-08cf8328e077{ip: 192.168.36.101, host: dev-check-20190824-d9rj8-2235221398, networkLocation: /default-rack, certSerialId: null}, Type:RATIS, Factor:ONE, State:OPEN]
2019-08-24 11:58:37,142 [grpc-default-executor-2] INFO  impl.RaftServerProxy (RaftServerProxy.java:addNew(89)) - c8960297-d694-4cc3-af61-23c42a4c09b2: addNew group-42D7AFB98ADF:[641e96bf-ab84-4ba0-9aa9-e2e8520824c0:192.168.36.101:46225, f7446dd1-fdb5-4213-9a5e-08cf8328e077:192.168.36.101:42029, c8960297-d694-4cc3-af61-23c42a4c09b2:192.168.36.101:33170] returns group-42D7AFB98ADF:java.util.concurrent.CompletableFuture@470eece2[Not completed]
2019-08-24 11:58:37,144 [grpc-default-executor-1] INFO  impl.RaftServerProxy (RaftServerProxy.java:addNew(89)) - f7446dd1-fdb5-4213-9a5e-08cf8328e077: addNew group-42D7AFB98ADF:[641e96bf-ab84-4ba0-9aa9-e2e8520824c0:192.168.36.101:46225, f7446dd1-fdb5-4213-9a5e-08cf8328e077:192.168.36.101:42029, c8960297-d694-4cc3-af61-23c42a4c09b2:192.168.36.101:33170] returns group-42D7AFB98ADF:java.util.concurrent.CompletableFuture@5ff36807[Not completed]
2019-08-24 11:58:37,144 [grpc-default-executor-0] INFO  impl.RaftServerProxy (RaftServerProxy.java:addNew(89)) - 641e96bf-ab84-4ba0-9aa9-e2e8520824c0: addNew group-42D7AFB98ADF:[641e96bf-ab84-4ba0-9aa9-e2e8520824c0:192.168.36.101:46225, f7446dd1-fdb5-4213-9a5e-08cf8328e077:192.168.36.101:42029, c8960297-d694-4cc3-af61-23c42a4c09b2:192.168.36.101:33170] returns group-42D7AFB98ADF:java.util.concurrent.CompletableFuture@2018466a[Not completed]
2019-08-24 11:58:37,146 [pool-250-thread-1] INFO  impl.RaftServerImpl (RaftServerImpl.java:<init>(93)) - c8960297-d694-4cc3-af61-23c42a4c09b2: new RaftServerImpl for group-42D7AFB98ADF:[641e96bf-ab84-4ba0-9aa9-e2e8520824c0:192.168.36.101:46225, f7446dd1-fdb5-4213-9a5e-08cf8328e077:192.168.36.101:42029, c8960297-d694-4cc3-af61-23c42a4c09b2:192.168.36.101:33170] with ContainerStateMachine:uninitialized
2019-08-24 11:58:37,146 [pool-250-thread-1] INFO  server.RaftServerConfigKeys (ConfUtils.java:logGet(43)) - raft.server.rpc.timeout.min = 5s (custom)
2019-08-24 11:58:37,146 [pool-250-thread-1] INFO  server.RaftServerConfigKeys (ConfUtils.java:logGet(43)) - raft.server.rpc.timeout.max = 5200ms (custom)
2019-08-24 11:58:37,146 [pool-250-thread-1] INFO  server.RaftServerConfigKeys (ConfUtils.java:logGet(43)) - raft.server.rpcslowness.timeout = 120s (custom)
2019-08-24 11:58:37,146 [pool-250-thread-1] INFO  server.RaftServerConfigKeys (ConfUtils.java:logGet(43)) - raft.server.sleep.deviation.threshold = 300 (default)
2019-08-24 11:58:37,146 [pool-239-thread-1] INFO  impl.RaftServerImpl (RaftServerImpl.java:<init>(93)) - 641e96bf-ab84-4ba0-9aa9-e2e8520824c0: new RaftServerImpl for group-42D7AFB98ADF:[641e96bf-ab84-4ba0-9aa9-e2e8520824c0:192.168.36.101:46225, f7446dd1-fdb5-4213-9a5e-08cf8328e077:192.168.36.101:42029, c8960297-d694-4cc3-af61-23c42a4c09b2:192.168.36.101:33170] with ContainerStateMachine:uninitialized
2019-08-24 11:58:37,146 [pool-250-thread-1] INFO  server.RaftServerConfigKeys (ConfUtils.java:logGet(43)) - raft.server.log.appender.install.snapshot.enabled = false (custom)
2019-08-24 11:58:37,147 [pool-239-thread-1] INFO  server.RaftServerConfigKeys (ConfUtils.java:logGet(43)) - raft.server.rpc.timeout.min = 5s (custom)
2019-08-24 11:58:37,147 [pool-250-thread-1] INFO  impl.RaftServerImpl (ServerState.java:<init>(105)) - c8960297-d694-4cc3-af61-23c42a4c09b2:group-42D7AFB98ADF ConfigurationManager, init=-1: [641e96bf-ab84-4ba0-9aa9-e2e8520824c0:192.168.36.101:46225, f7446dd1-fdb5-4213-9a5e-08cf8328e077:192.168.36.101:42029, c8960297-d694-4cc3-af61-23c42a4c09b2:192.168.36.101:33170], old=null, confs=<EMPTY_MAP>
2019-08-24 11:58:37,147 [pool-239-thread-1] INFO  server.RaftServerConfigKeys (ConfUtils.java:logGet(43)) - raft.server.rpc.timeout.max = 5200ms (custom)
2019-08-24 11:58:37,147 [pool-250-thread-1] INFO  server.RaftServerConfigKeys (ConfUtils.java:logGet(43)) - raft.server.storage.dir = [/workdir/hadoop-ozone/ozonefs/target/test-dir/MiniOzoneClusterImpl-088aa02b-f031-4543-a6bb-6028fe72d65a/datanode-1/data/ratis] (custom)
2019-08-24 11:58:37,147 [pool-239-thread-1] INFO  server.RaftServerConfigKeys (ConfUtils.java:logGet(43)) - raft.server.rpcslowness.timeout = 120s (custom)
2019-08-24 11:58:37,148 [pool-261-thread-1] INFO  impl.RaftServerImpl (RaftServerImpl.java:<init>(93)) - f7446dd1-fdb5-4213-9a5e-08cf8328e077: new RaftServerImpl for group-42D7AFB98ADF:[641e96bf-ab84-4ba0-9aa9-e2e8520824c0:192.168.36.101:46225, f7446dd1-fdb5-4213-9a5e-08cf8328e077:192.168.36.101:42029, c8960297-d694-4cc3-af61-23c42a4c09b2:192.168.36.101:33170] with ContainerStateMachine:uninitialized
2019-08-24 11:58:37,148 [pool-239-thread-1] INFO  server.RaftServerConfigKeys (ConfUtils.java:logGet(43)) - raft.server.sleep.deviation.threshold = 300 (default)
2019-08-24 11:58:37,148 [pool-261-thread-1] INFO  server.RaftServerConfigKeys (ConfUtils.java:logGet(43)) - raft.server.rpc.timeout.min = 5s (custom)
2019-08-24 11:58:37,148 [pool-250-thread-1] INFO  storage.RaftStorageDirectory (RaftStorageDirectory.java:analyzeStorage(246)) - The storage directory /workdir/hadoop-ozone/ozonefs/target/test-dir/MiniOzoneClusterImpl-088aa02b-f031-4543-a6bb-6028fe72d65a/datanode-1/data/ratis/69b41bae-d060-4212-862b-42d7afb98adf does not exist. Creating ...
2019-08-24 11:58:37,148 [pool-261-thread-1] INFO  server.RaftServerConfigKeys (ConfUtils.java:logGet(43)) - raft.server.rpc.timeout.max = 5200ms (custom)
2019-08-24 11:58:37,148 [pool-239-thread-1] INFO  server.RaftServerConfigKeys (ConfUtils.java:logGet(43)) - raft.server.log.appender.install.snapshot.enabled = false (custom)
2019-08-24 11:58:37,148 [pool-261-thread-1] INFO  server.RaftServerConfigKeys (ConfUtils.java:logGet(43)) - raft.server.rpcslowness.timeout = 120s (custom)
2019-08-24 11:58:37,148 [pool-239-thread-1] INFO  impl.RaftServerImpl (ServerState.java:<init>(105)) - 641e96bf-ab84-4ba0-9aa9-e2e8520824c0:group-42D7AFB98ADF ConfigurationManager, init=-1: [641e96bf-ab84-4ba0-9aa9-e2e8520824c0:192.168.36.101:46225, f7446dd1-fdb5-4213-9a5e-08cf8328e077:192.168.36.101:42029, c8960297-d694-4cc3-af61-23c42a4c09b2:192.168.36.101:33170], old=null, confs=<EMPTY_MAP>
2019-08-24 11:58:37,148 [pool-261-thread-1] INFO  server.RaftServerConfigKeys (ConfUtils.java:logGet(43)) - raft.server.sleep.deviation.threshold = 300 (default)
2019-08-24 11:58:37,149 [pool-239-thread-1] INFO  server.RaftServerConfigKeys (ConfUtils.java:logGet(43)) - raft.server.storage.dir = [/workdir/hadoop-ozone/ozonefs/target/test-dir/MiniOzoneClusterImpl-088aa02b-f031-4543-a6bb-6028fe72d65a/datanode-0/data/ratis] (custom)
2019-08-24 11:58:37,149 [pool-261-thread-1] INFO  server.RaftServerConfigKeys (ConfUtils.java:logGet(43)) - raft.server.log.appender.install.snapshot.enabled = false (custom)
2019-08-24 11:58:37,149 [pool-261-thread-1] INFO  impl.RaftServerImpl (ServerState.java:<init>(105)) - f7446dd1-fdb5-4213-9a5e-08cf8328e077:group-42D7AFB98ADF ConfigurationManager, init=-1: [641e96bf-ab84-4ba0-9aa9-e2e8520824c0:192.168.36.101:46225, f7446dd1-fdb5-4213-9a5e-08cf8328e077:192.168.36.101:42029, c8960297-d694-4cc3-af61-23c42a4c09b2:192.168.36.101:33170], old=null, confs=<EMPTY_MAP>
2019-08-24 11:58:37,149 [pool-239-thread-1] INFO  storage.RaftStorageDirectory (RaftStorageDirectory.java:analyzeStorage(246)) - The storage directory /workdir/hadoop-ozone/ozonefs/target/test-dir/MiniOzoneClusterImpl-088aa02b-f031-4543-a6bb-6028fe72d65a/datanode-0/data/ratis/69b41bae-d060-4212-862b-42d7afb98adf does not exist. Creating ...
2019-08-24 11:58:37,149 [pool-261-thread-1] INFO  server.RaftServerConfigKeys (ConfUtils.java:logGet(43)) - raft.server.storage.dir = [/workdir/hadoop-ozone/ozonefs/target/test-dir/MiniOzoneClusterImpl-088aa02b-f031-4543-a6bb-6028fe72d65a/datanode-2/data/ratis] (custom)
2019-08-24 11:58:37,150 [pool-261-thread-1] INFO  storage.RaftStorageDirectory (RaftStorageDirectory.java:analyzeStorage(246)) - The storage directory /workdir/hadoop-ozone/ozonefs/target/test-dir/MiniOzoneClusterImpl-088aa02b-f031-4543-a6bb-6028fe72d65a/datanode-2/data/ratis/69b41bae-d060-4212-862b-42d7afb98adf does not exist. Creating ...
2019-08-24 11:58:37,172 [pool-261-thread-1] INFO  storage.RaftStorageDirectory (RaftStorageDirectory.java:tryLock(328)) - Lock on /workdir/hadoop-ozone/ozonefs/target/test-dir/MiniOzoneClusterImpl-088aa02b-f031-4543-a6bb-6028fe72d65a/datanode-2/data/ratis/69b41bae-d060-4212-862b-42d7afb98adf/in_use.lock acquired by nodename 10945@dev-check-20190824-d9rj8-2235221398
2019-08-24 11:58:37,172 [pool-239-thread-1] INFO  storage.RaftStorageDirectory (RaftStorageDirectory.java:tryLock(328)) - Lock on /workdir/hadoop-ozone/ozonefs/target/test-dir/MiniOzoneClusterImpl-088aa02b-f031-4543-a6bb-6028fe72d65a/datanode-0/data/ratis/69b41bae-d060-4212-862b-42d7afb98adf/in_use.lock acquired by nodename 10945@dev-check-20190824-d9rj8-2235221398
2019-08-24 11:58:37,172 [pool-250-thread-1] INFO  storage.RaftStorageDirectory (RaftStorageDirectory.java:tryLock(328)) - Lock on /workdir/hadoop-ozone/ozonefs/target/test-dir/MiniOzoneClusterImpl-088aa02b-f031-4543-a6bb-6028fe72d65a/datanode-1/data/ratis/69b41bae-d060-4212-862b-42d7afb98adf/in_use.lock acquired by nodename 10945@dev-check-20190824-d9rj8-2235221398
2019-08-24 11:58:37,187 [pool-250-thread-1] INFO  storage.RaftStorage (RaftStorage.java:format(72)) - Storage directory /workdir/hadoop-ozone/ozonefs/target/test-dir/MiniOzoneClusterImpl-088aa02b-f031-4543-a6bb-6028fe72d65a/datanode-1/data/ratis/69b41bae-d060-4212-862b-42d7afb98adf has been successfully formatted.
2019-08-24 11:58:37,187 [pool-239-thread-1] INFO  storage.RaftStorage (RaftStorage.java:format(72)) - Storage directory /workdir/hadoop-ozone/ozonefs/target/test-dir/MiniOzoneClusterImpl-088aa02b-f031-4543-a6bb-6028fe72d65a/datanode-0/data/ratis/69b41bae-d060-4212-862b-42d7afb98adf has been successfully formatted.
2019-08-24 11:58:37,187 [pool-261-thread-1] INFO  storage.RaftStorage (RaftStorage.java:format(72)) - Storage directory /workdir/hadoop-ozone/ozonefs/target/test-dir/MiniOzoneClusterImpl-088aa02b-f031-4543-a6bb-6028fe72d65a/datanode-2/data/ratis/69b41bae-d060-4212-862b-42d7afb98adf has been successfully formatted.
2019-08-24 11:58:37,188 [pool-250-thread-1] INFO  ratis.ContainerStateMachine (ContainerStateMachine.java:loadSnapshot(226)) - group-42D7AFB98ADF: The snapshot info is null. Setting the last applied indexto:(t:0, i:~)
2019-08-24 11:58:37,188 [pool-239-thread-1] INFO  ratis.ContainerStateMachine (ContainerStateMachine.java:loadSnapshot(226)) - group-42D7AFB98ADF: The snapshot info is null. Setting the last applied indexto:(t:0, i:~)
2019-08-24 11:58:37,188 [pool-250-thread-1] INFO  server.RaftServerConfigKeys (ConfUtils.java:logGet(43)) - raft.server.leader.election.timeout = 120s (custom)
2019-08-24 11:58:37,188 [pool-261-thread-1] INFO  ratis.ContainerStateMachine (ContainerStateMachine.java:loadSnapshot(226)) - group-42D7AFB98ADF: The snapshot info is null. Setting the last applied indexto:(t:0, i:~)
2019-08-24 11:58:37,188 [pool-250-thread-1] INFO  server.RaftServerConfigKeys (ConfUtils.java:logGet(43)) - raft.server.log.use.memory = false (default)
2019-08-24 11:58:37,188 [pool-239-thread-1] INFO  server.RaftServerConfigKeys (ConfUtils.java:logGet(43)) - raft.server.leader.election.timeout = 120s (custom)
2019-08-24 11:58:37,188 [pool-261-thread-1] INFO  server.RaftServerConfigKeys (ConfUtils.java:logGet(43)) - raft.server.leader.election.timeout = 120s (custom)
2019-08-24 11:58:37,189 [pool-239-thread-1] INFO  server.RaftServerConfigKeys (ConfUtils.java:logGet(43)) - raft.server.log.use.memory = false (default)
2019-08-24 11:58:37,189 [pool-250-thread-1] INFO  server.RaftServerConfigKeys (ConfUtils.java:logGet(43)) - raft.server.log.purge.gap = 1000000 (custom)
2019-08-24 11:58:37,189 [pool-261-thread-1] INFO  server.RaftServerConfigKeys (ConfUtils.java:logGet(43)) - raft.server.log.use.memory = false (default)
2019-08-24 11:58:37,189 [pool-250-thread-1] INFO  server.RaftServerConfigKeys (ConfUtils.java:logGet(43)) - raft.server.log.appender.buffer.byte-limit = 33554432 (custom)
2019-08-24 11:58:37,189 [pool-239-thread-1] INFO  server.RaftServerConfigKeys (ConfUtils.java:logGet(43)) - raft.server.log.purge.gap = 1000000 (custom)
2019-08-24 11:58:37,189 [pool-250-thread-1] INFO  server.RaftServerConfigKeys (ConfUtils.java:logGet(43)) - raft.server.log.segment.size.max = 1048576 (custom)
2019-08-24 11:58:37,189 [pool-261-thread-1] INFO  server.RaftServerConfigKeys (ConfUtils.java:logGet(43)) - raft.server.log.purge.gap = 1000000 (custom)
2019-08-24 11:58:37,190 [pool-250-thread-1] INFO  server.RaftServerConfigKeys (ConfUtils.java:logGet(43)) - raft.server.log.segment.cache.num.max = 2 (custom)
2019-08-24 11:58:37,189 [pool-239-thread-1] INFO  server.RaftServerConfigKeys (ConfUtils.java:logGet(43)) - raft.server.log.appender.buffer.byte-limit = 33554432 (custom)
2019-08-24 11:58:37,190 [pool-250-thread-1] INFO  segmented.SegmentedRaftLogWorker (SegmentedRaftLogWorker.java:<init>(172)) - new c8960297-d694-4cc3-af61-23c42a4c09b2-SegmentedRaftLogWorker:Storage Directory /workdir/hadoop-ozone/ozonefs/target/test-dir/MiniOzoneClusterImpl-088aa02b-f031-4543-a6bb-6028fe72d65a/datanode-1/data/ratis/69b41bae-d060-4212-862b-42d7afb98adf for RaftStorage:Storage Directory /workdir/hadoop-ozone/ozonefs/target/test-dir/MiniOzoneClusterImpl-088aa02b-f031-4543-a6bb-6028fe72d65a/datanode-1/data/ratis/69b41bae-d060-4212-862b-42d7afb98adf
2019-08-24 11:58:37,190 [pool-261-thread-1] INFO  server.RaftServerConfigKeys (ConfUtils.java:logGet(43)) - raft.server.log.appender.buffer.byte-limit = 33554432 (custom)
2019-08-24 11:58:37,190 [pool-250-thread-1] INFO  server.RaftServerConfigKeys (ConfUtils.java:logGet(43)) - raft.server.log.queue.byte-limit = 2147483647 (custom)
2019-08-24 11:58:37,190 [pool-239-thread-1] INFO  server.RaftServerConfigKeys (ConfUtils.java:logGet(43)) - raft.server.log.segment.size.max = 1048576 (custom)
2019-08-24 11:58:37,190 [pool-250-thread-1] INFO  server.RaftServerConfigKeys (ConfUtils.java:logGet(43)) - raft.server.log.queue.element-limit = 1024 (custom)
2019-08-24 11:58:37,190 [pool-261-thread-1] INFO  server.RaftServerConfigKeys (ConfUtils.java:logGet(43)) - raft.server.log.segment.size.max = 1048576 (custom)
2019-08-24 11:58:37,191 [pool-250-thread-1] INFO  server.RaftServerConfigKeys (ConfUtils.java:logGet(43)) - raft.server.log.segment.size.max = 1048576 (custom)
2019-08-24 11:58:37,191 [pool-250-thread-1] INFO  server.RaftServerConfigKeys (ConfUtils.java:logGet(43)) - raft.server.log.preallocated.size = 16384 (custom)
2019-08-24 11:58:37,191 [pool-239-thread-1] INFO  server.RaftServerConfigKeys (ConfUtils.java:logGet(43)) - raft.server.log.segment.cache.num.max = 2 (custom)
2019-08-24 11:58:37,191 [pool-250-thread-1] INFO  server.RaftServerConfigKeys (ConfUtils.java:logGet(43)) - raft.server.log.write.buffer.size = 33554432 (custom)
2019-08-24 11:58:37,191 [pool-261-thread-1] INFO  server.RaftServerConfigKeys (ConfUtils.java:logGet(43)) - raft.server.log.segment.cache.num.max = 2 (custom)
2019-08-24 11:58:37,191 [pool-250-thread-1] INFO  server.RaftServerConfigKeys (ConfUtils.java:logGet(43)) - raft.server.log.force.sync.num = 128 (default)
2019-08-24 11:58:37,191 [pool-239-thread-1] INFO  segmented.SegmentedRaftLogWorker (SegmentedRaftLogWorker.java:<init>(172)) - new 641e96bf-ab84-4ba0-9aa9-e2e8520824c0-SegmentedRaftLogWorker:Storage Directory /workdir/hadoop-ozone/ozonefs/target/test-dir/MiniOzoneClusterImpl-088aa02b-f031-4543-a6bb-6028fe72d65a/datanode-0/data/ratis/69b41bae-d060-4212-862b-42d7afb98adf for RaftStorage:Storage Directory /workdir/hadoop-ozone/ozonefs/target/test-dir/MiniOzoneClusterImpl-088aa02b-f031-4543-a6bb-6028fe72d65a/datanode-0/data/ratis/69b41bae-d060-4212-862b-42d7afb98adf
2019-08-24 11:58:37,192 [pool-250-thread-1] INFO  server.RaftServerConfigKeys (ConfUtils.java:logGet(43)) - raft.server.log.statemachine.data.sync = true (default)
2019-08-24 11:58:37,192 [pool-261-thread-1] INFO  segmented.SegmentedRaftLogWorker (SegmentedRaftLogWorker.java:<init>(172)) - new f7446dd1-fdb5-4213-9a5e-08cf8328e077-SegmentedRaftLogWorker:Storage Directory /workdir/hadoop-ozone/ozonefs/target/test-dir/MiniOzoneClusterImpl-088aa02b-f031-4543-a6bb-6028fe72d65a/datanode-2/data/ratis/69b41bae-d060-4212-862b-42d7afb98adf for RaftStorage:Storage Directory /workdir/hadoop-ozone/ozonefs/target/test-dir/MiniOzoneClusterImpl-088aa02b-f031-4543-a6bb-6028fe72d65a/datanode-2/data/ratis/69b41bae-d060-4212-862b-42d7afb98adf
2019-08-24 11:58:37,192 [pool-250-thread-1] INFO  server.RaftServerConfigKeys (ConfUtils.java:logGet(43)) - raft.server.log.statemachine.data.sync.timeout = 10s (default)
2019-08-24 11:58:37,192 [pool-239-thread-1] INFO  server.RaftServerConfigKeys (ConfUtils.java:logGet(43)) - raft.server.log.queue.byte-limit = 2147483647 (custom)
2019-08-24 11:58:37,192 [pool-250-thread-1] INFO  server.RaftServerConfigKeys (ConfUtils.java:logGet(43)) - raft.server.log.statemachine.data.sync.timeout.retry = -1 (default)
2019-08-24 11:58:37,192 [pool-261-thread-1] INFO  server.RaftServerConfigKeys (ConfUtils.java:logGet(43)) - raft.server.log.queue.byte-limit = 2147483647 (custom)
2019-08-24 11:58:37,192 [pool-239-thread-1] INFO  server.RaftServerConfigKeys (ConfUtils.java:logGet(43)) - raft.server.log.queue.element-limit = 1024 (custom)
2019-08-24 11:58:37,193 [pool-261-thread-1] INFO  server.RaftServerConfigKeys (ConfUtils.java:logGet(43)) - raft.server.log.queue.element-limit = 1024 (custom)
2019-08-24 11:58:37,193 [pool-250-thread-1] INFO  server.RaftServerConfigKeys (ConfUtils.java:logGet(43)) - raft.server.log.statemachine.data.caching.enabled = true (custom)
2019-08-24 11:58:37,193 [pool-261-thread-1] INFO  server.RaftServerConfigKeys (ConfUtils.java:logGet(43)) - raft.server.log.segment.size.max = 1048576 (custom)
2019-08-24 11:58:37,193 [pool-239-thread-1] INFO  server.RaftServerConfigKeys (ConfUtils.java:logGet(43)) - raft.server.log.segment.size.max = 1048576 (custom)
2019-08-24 11:58:37,193 [pool-261-thread-1] INFO  server.RaftServerConfigKeys (ConfUtils.java:logGet(43)) - raft.server.log.preallocated.size = 16384 (custom)
2019-08-24 11:58:37,194 [pool-250-thread-1] INFO  segmented.SegmentedRaftLogWorker (SegmentedRaftLogWorker.java:lambda$new$0(132)) - c8960297-d694-4cc3-af61-23c42a4c09b2-SegmentedRaftLogWorker:Storage Directory /workdir/hadoop-ozone/ozonefs/target/test-dir/MiniOzoneClusterImpl-088aa02b-f031-4543-a6bb-6028fe72d65a/datanode-1/data/ratis/69b41bae-d060-4212-862b-42d7afb98adf: flushIndex: setUnconditionally 0 -> -1
2019-08-24 11:58:37,193 [pool-239-thread-1] INFO  server.RaftServerConfigKeys (ConfUtils.java:logGet(43)) - raft.server.log.preallocated.size = 16384 (custom)
2019-08-24 11:58:37,194 [pool-261-thread-1] INFO  server.RaftServerConfigKeys (ConfUtils.java:logGet(43)) - raft.server.log.write.buffer.size = 33554432 (custom)
2019-08-24 11:58:37,194 [pool-239-thread-1] INFO  server.RaftServerConfigKeys (ConfUtils.java:logGet(43)) - raft.server.log.write.buffer.size = 33554432 (custom)
2019-08-24 11:58:37,194 [pool-261-thread-1] INFO  server.RaftServerConfigKeys (ConfUtils.java:logGet(43)) - raft.server.log.force.sync.num = 128 (default)
2019-08-24 11:58:37,194 [pool-250-thread-1] INFO  server.RaftServerConfigKeys (ConfUtils.java:logGet(43)) - raft.server.snapshot.auto.trigger.enabled = true (custom)
2019-08-24 11:58:37,194 [pool-239-thread-1] INFO  server.RaftServerConfigKeys (ConfUtils.java:logGet(43)) - raft.server.log.force.sync.num = 128 (default)
2019-08-24 11:58:37,194 [pool-250-thread-1] INFO  server.RaftServerConfigKeys (ConfUtils.java:logGet(43)) - raft.server.snapshot.auto.trigger.threshold = 10000 (custom)
2019-08-24 11:58:37,194 [pool-261-thread-1] INFO  server.RaftServerConfigKeys (ConfUtils.java:logGet(43)) - raft.server.log.statemachine.data.sync = true (default)
2019-08-24 11:58:37,195 [pool-239-thread-1] INFO  server.RaftServerConfigKeys (ConfUtils.java:logGet(43)) - raft.server.log.statemachine.data.sync = true (default)
2019-08-24 11:58:37,195 [pool-250-thread-1] INFO  server.RaftServerConfigKeys (ConfUtils.java:logGet(43)) - raft.server.retrycache.expirytime = 600000ms (custom)
2019-08-24 11:58:37,195 [pool-261-thread-1] INFO  server.RaftServerConfigKeys (ConfUtils.java:logGet(43)) - raft.server.log.statemachine.data.sync.timeout = 10s (default)
2019-08-24 11:58:37,195 [pool-239-thread-1] INFO  server.RaftServerConfigKeys (ConfUtils.java:logGet(43)) - raft.server.log.statemachine.data.sync.timeout = 10s (default)
2019-08-24 11:58:37,195 [pool-261-thread-1] INFO  server.RaftServerConfigKeys (ConfUtils.java:logGet(43)) - raft.server.log.statemachine.data.sync.timeout.retry = -1 (default)
2019-08-24 11:58:37,195 [pool-239-thread-1] INFO  server.RaftServerConfigKeys (ConfUtils.java:logGet(43)) - raft.server.log.statemachine.data.sync.timeout.retry = -1 (default)
2019-08-24 11:58:37,195 [pool-250-thread-1] INFO  impl.RaftServerImpl (RaftServerImpl.java:start(180)) - c8960297-d694-4cc3-af61-23c42a4c09b2: start group-42D7AFB98ADF
2019-08-24 11:58:37,196 [pool-239-thread-1] INFO  server.RaftServerConfigKeys (ConfUtils.java:logGet(43)) - raft.server.log.statemachine.data.caching.enabled = true (custom)
2019-08-24 11:58:37,196 [pool-261-thread-1] INFO  server.RaftServerConfigKeys (ConfUtils.java:logGet(43)) - raft.server.log.statemachine.data.caching.enabled = true (custom)
2019-08-24 11:58:37,196 [pool-250-thread-1] INFO  impl.RaftServerImpl (RaftServerImpl.java:setRole(171)) - c8960297-d694-4cc3-af61-23c42a4c09b2:group-42D7AFB98ADF changes role from null to FOLLOWER at term 0 for startAsFollower
2019-08-24 11:58:37,196 [pool-239-thread-1] INFO  segmented.SegmentedRaftLogWorker (SegmentedRaftLogWorker.java:lambda$new$0(132)) - 641e96bf-ab84-4ba0-9aa9-e2e8520824c0-SegmentedRaftLogWorker:Storage Directory /workdir/hadoop-ozone/ozonefs/target/test-dir/MiniOzoneClusterImpl-088aa02b-f031-4543-a6bb-6028fe72d65a/datanode-0/data/ratis/69b41bae-d060-4212-862b-42d7afb98adf: flushIndex: setUnconditionally 0 -> -1
2019-08-24 11:58:37,196 [pool-250-thread-1] INFO  impl.RoleInfo (RoleInfo.java:updateAndGet(143)) - c8960297-d694-4cc3-af61-23c42a4c09b2: start FollowerState
2019-08-24 11:58:37,196 [pool-261-thread-1] INFO  segmented.SegmentedRaftLogWorker (SegmentedRaftLogWorker.java:lambda$new$0(132)) - f7446dd1-fdb5-4213-9a5e-08cf8328e077-SegmentedRaftLogWorker:Storage Directory /workdir/hadoop-ozone/ozonefs/target/test-dir/MiniOzoneClusterImpl-088aa02b-f031-4543-a6bb-6028fe72d65a/datanode-2/data/ratis/69b41bae-d060-4212-862b-42d7afb98adf: flushIndex: setUnconditionally 0 -> -1
2019-08-24 11:58:37,197 [pool-239-thread-1] INFO  server.RaftServerConfigKeys (ConfUtils.java:logGet(43)) - raft.server.snapshot.auto.trigger.enabled = true (custom)
2019-08-24 11:58:37,197 [pool-239-thread-1] INFO  server.RaftServerConfigKeys (ConfUtils.java:logGet(43)) - raft.server.snapshot.auto.trigger.threshold = 10000 (custom)
2019-08-24 11:58:37,197 [pool-261-thread-1] INFO  server.RaftServerConfigKeys (ConfUtils.java:logGet(43)) - raft.server.snapshot.auto.trigger.enabled = true (custom)
2019-08-24 11:58:37,197 [pool-239-thread-1] INFO  server.RaftServerConfigKeys (ConfUtils.java:logGet(43)) - raft.server.retrycache.expirytime = 600000ms (custom)
2019-08-24 11:58:37,197 [pool-261-thread-1] INFO  server.RaftServerConfigKeys (ConfUtils.java:logGet(43)) - raft.server.snapshot.auto.trigger.threshold = 10000 (custom)
2019-08-24 11:58:37,197 [pool-250-thread-1] INFO  util.JmxRegister (JmxRegister.java:tryRegister(44)) - Successfully registered JMX Bean with object name Ratis:service=RaftServer,group=group-42D7AFB98ADF,id=c8960297-d694-4cc3-af61-23c42a4c09b2
2019-08-24 11:58:37,197 [pool-261-thread-1] INFO  server.RaftServerConfigKeys (ConfUtils.java:logGet(43)) - raft.server.retrycache.expirytime = 600000ms (custom)
2019-08-24 11:58:37,197 [pool-239-thread-1] INFO  impl.RaftServerImpl (RaftServerImpl.java:start(180)) - 641e96bf-ab84-4ba0-9aa9-e2e8520824c0: start group-42D7AFB98ADF
2019-08-24 11:58:37,198 [pool-261-thread-1] INFO  impl.RaftServerImpl (RaftServerImpl.java:start(180)) - f7446dd1-fdb5-4213-9a5e-08cf8328e077: start group-42D7AFB98ADF
2019-08-24 11:58:37,198 [pool-239-thread-1] INFO  impl.RaftServerImpl (RaftServerImpl.java:setRole(171)) - 641e96bf-ab84-4ba0-9aa9-e2e8520824c0:group-42D7AFB98ADF changes role from null to FOLLOWER at term 0 for startAsFollower
2019-08-24 11:58:37,198 [pool-261-thread-1] INFO  impl.RaftServerImpl (RaftServerImpl.java:setRole(171)) - f7446dd1-fdb5-4213-9a5e-08cf8328e077:group-42D7AFB98ADF changes role from null to FOLLOWER at term 0 for startAsFollower
2019-08-24 11:58:37,198 [pool-239-thread-1] INFO  impl.RoleInfo (RoleInfo.java:updateAndGet(143)) - 641e96bf-ab84-4ba0-9aa9-e2e8520824c0: start FollowerState
2019-08-24 11:58:37,198 [pool-261-thread-1] INFO  impl.RoleInfo (RoleInfo.java:updateAndGet(143)) - f7446dd1-fdb5-4213-9a5e-08cf8328e077: start FollowerState
2019-08-24 11:58:37,199 [pool-239-thread-1] INFO  util.JmxRegister (JmxRegister.java:tryRegister(44)) - Successfully registered JMX Bean with object name Ratis:service=RaftServer,group=group-42D7AFB98ADF,id=641e96bf-ab84-4ba0-9aa9-e2e8520824c0
2019-08-24 11:58:37,199 [pool-261-thread-1] INFO  util.JmxRegister (JmxRegister.java:tryRegister(44)) - Successfully registered JMX Bean with object name Ratis:service=RaftServer,group=group-42D7AFB98ADF,id=f7446dd1-fdb5-4213-9a5e-08cf8328e077
2019-08-24 11:58:37,210 [RatisPipelineUtilsThread] INFO  pipeline.PipelineStateManager (PipelineStateManager.java:addPipeline(56)) - Created pipeline Pipeline[ Id: 69b41bae-d060-4212-862b-42d7afb98adf, Nodes: 641e96bf-ab84-4ba0-9aa9-e2e8520824c0{ip: 192.168.36.101, host: dev-check-20190824-d9rj8-2235221398, networkLocation: /default-rack, certSerialId: null}c8960297-d694-4cc3-af61-23c42a4c09b2{ip: 192.168.36.101, host: dev-check-20190824-d9rj8-2235221398, networkLocation: /default-rack, certSerialId: null}f7446dd1-fdb5-4213-9a5e-08cf8328e077{ip: 192.168.36.101, host: dev-check-20190824-d9rj8-2235221398, networkLocation: /default-rack, certSerialId: null}, Type:RATIS, Factor:THREE, State:OPEN]
2019-08-24 11:58:38,057 [Thread-874] INFO  ozone.MiniOzoneClusterImpl (MiniOzoneClusterImpl.java:lambda$waitForClusterToBeReady$0(140)) - Cluster is ready. Got 3 of 3 DN Heartbeats.
2019-08-24 11:58:38,117 [Thread-874] INFO  rpc.RpcClient (RpcClient.java:createVolume(293)) - Creating Volume: volume59305, with user29973 as owner.
2019-08-24 11:58:38,121 | INFO  | OMAudit | user=jenkins1000 | ip=127.0.0.1 | op=CREATE_VOLUME {admin=admin52626, owner=user29973, volume=volume59305, creationTime=1566647918120, quotaInBytes=1152921504606846976} | ret=SUCCESS |  
2019-08-24 11:58:38,129 | INFO  | OMAudit | user=jenkins1000 | ip=127.0.0.1 | op=READ_VOLUME {volume=volume59305} | ret=SUCCESS |  
2019-08-24 11:58:38,130 [Thread-874] INFO  rpc.RpcClient (RpcClient.java:createBucket(432)) - Creating Bucket: volume59305/bucket09897, with Versioning false and Storage Type set to DISK and Encryption set to false 
2019-08-24 11:58:38,134 | INFO  | OMAudit | user=jenkins1000 | ip=127.0.0.1 | op=CREATE_BUCKET {volume=volume59305, bucket=bucket09897, acls=[user:jenkins1000:a[ACCESS], group:default:a[ACCESS]], isVersionEnabled=false, storageType=DISK, creationTime=0} | ret=SUCCESS |  
2019-08-24 11:58:38,136 | INFO  | OMAudit | user=jenkins1000 | ip=127.0.0.1 | op=READ_BUCKET {volume=volume59305, bucket=bucket09897} | ret=SUCCESS |  
2019-08-24 11:58:38,149 | INFO  | OMAudit | user=jenkins1000 | ip=127.0.0.1 | op=READ_VOLUME {volume=volume59305} | ret=SUCCESS |  
2019-08-24 11:58:38,151 | INFO  | OMAudit | user=jenkins1000 | ip=127.0.0.1 | op=READ_BUCKET {volume=volume59305, bucket=bucket09897} | ret=SUCCESS |  
2019-08-24 11:58:38,181 | INFO  | SCMAudit | user=jenkins1000 | ip=192.168.36.101 | op=ALLOCATE_BLOCK {owner=e8426533-a984-4a51-9306-1b448856bb82, size=4194304, type=RATIS, factor=THREE} | ret=SUCCESS |  
2019-08-24 11:58:38,186 | INFO  | OMAudit | user=jenkins1000 | ip=127.0.0.1 | op=CREATE_FILE {volume=volume59305, bucket=bucket09897, key=testCreateDoesNotAddParentDirKeys/parent/child, dataSize=0, replicationType=RATIS, replicationFactor=THREE, keyLocationInfo=null} | ret=SUCCESS |  
2019-08-24 11:58:38,189 | INFO  | OMAudit | user=jenkins1000 | ip=127.0.0.1 | op=COMMIT_KEY {volume=volume59305, bucket=bucket09897, key=testCreateDoesNotAddParentDirKeys/parent/child, dataSize=0, replicationType=null, replicationFactor=null, keyLocationInfo=[], clientID=102671837965713418} | ret=SUCCESS |  
2019-08-24 11:58:38,197 [Thread-874] INFO  ozone.MiniOzoneClusterImpl (MiniOzoneClusterImpl.java:shutdown(307)) - Shutting down the Mini Ozone Cluster
2019-08-24 11:58:38,198 | INFO  | SCMAudit | user=null | ip=null | op=GET_SCM_INFO null | ret=SUCCESS |  
2019-08-24 11:58:38,198 [Thread-874] INFO  ozone.MiniOzoneClusterImpl (MiniOzoneClusterImpl.java:stop(322)) - Stopping the Mini Ozone Cluster
2019-08-24 11:58:38,198 [Thread-874] INFO  ozone.MiniOzoneClusterImpl (MiniOzoneClusterImpl.java:stop(324)) - Stopping the OzoneManager
2019-08-24 11:58:38,198 [Thread-874] INFO  ipc.Server (Server.java:stop(3082)) - Stopping server on 45656
2019-08-24 11:58:38,201 [IPC Server listener on 45656] INFO  ipc.Server (Server.java:run(1185)) - Stopping IPC Server listener on 45656
2019-08-24 11:58:38,201 [Thread-874] INFO  ratis.OzoneManagerDoubleBuffer (OzoneManagerDoubleBuffer.java:stop(248)) - Stopping OMDoubleBuffer flush thread
2019-08-24 11:58:38,204 [IPC Server Responder] INFO  ipc.Server (Server.java:run(1319)) - Stopping IPC Server Responder
2019-08-24 11:58:38,208 [OMDoubleBufferFlushThread] INFO  ratis.OzoneManagerDoubleBuffer (OzoneManagerDoubleBuffer.java:flushTransactions(191)) - OMDoubleBuffer flush thread OMDoubleBufferFlushThread is interrupted and will exit. OMDoubleBufferFlushThread
2019-08-24 11:58:38,209 [Thread-874] INFO  utils.BackgroundService (BackgroundService.java:shutdown(148)) - Shutting down service KeyDeletingService
2019-08-24 11:58:38,210 [Thread-874] INFO  handler.ContextHandler (ContextHandler.java:doStop(910)) - Stopped o.e.j.w.WebAppContext@777a051{/,null,UNAVAILABLE}{/ozoneManager}
2019-08-24 11:58:38,211 [Thread-874] INFO  server.AbstractConnector (AbstractConnector.java:doStop(318)) - Stopped ServerConnector@751bfa9a{HTTP/1.1,[http/1.1]}{0.0.0.0:0}
2019-08-24 11:58:38,211 [Thread-874] INFO  handler.ContextHandler (ContextHandler.java:doStop(910)) - Stopped o.e.j.s.ServletContextHandler@3d32a89f{/static,jar:file:/home/user/.m2/repository/org/apache/hadoop/hadoop-ozone-ozone-manager/0.5.0-SNAPSHOT/hadoop-ozone-ozone-manager-0.5.0-SNAPSHOT.jar!/webapps/static,UNAVAILABLE}
2019-08-24 11:58:38,212 [Thread-874] INFO  handler.ContextHandler (ContextHandler.java:doStop(910)) - Stopped o.e.j.s.ServletContextHandler@3247c062{/logs,file:///workdir/hadoop-ozone/ozonefs/target/log,UNAVAILABLE}
2019-08-24 11:58:38,214 [Thread-874] INFO  ozone.MiniOzoneClusterImpl (MiniOzoneClusterImpl.java:stop(330)) - Shutting the HddsDatanodes
2019-08-24 11:58:38,591 [Datanode State Machine Thread - 0] INFO  statemachine.DatanodeStateMachine (DatanodeStateMachine.java:lambda$startDaemon$0(350)) - Ozone container server started.
2019-08-24 11:58:38,946 [Datanode State Machine Thread - 0] INFO  statemachine.DatanodeStateMachine (DatanodeStateMachine.java:lambda$startDaemon$0(350)) - Ozone container server started.
2019-08-24 11:58:39,057 | INFO  | SCMAudit | user=jenkins1000 | ip=192.168.36.101 | op=SEND_HEARTBEAT {datanodeUUID=f7446dd1-fdb5-4213-9a5e-08cf8328e077, command=[]} | ret=SUCCESS |  
2019-08-24 11:58:39,603 [Thread-1046] INFO  container.ReplicationManager (ReplicationManager.java:start(152)) - Starting Replication Monitor Thread.
2019-08-24 11:58:39,609 [ReplicationMonitor] INFO  container.ReplicationManager (ReplicationManager.java:run(215)) - Replication Monitor Thread took 0 milliseconds for processing 1 containers.
2019-08-24 11:58:40,058 | INFO  | SCMAudit | user=jenkins1000 | ip=192.168.36.101 | op=SEND_HEARTBEAT {datanodeUUID=f7446dd1-fdb5-4213-9a5e-08cf8328e077, command=[]} | ret=SUCCESS |  
2019-08-24 11:58:41,057 | INFO  | SCMAudit | user=jenkins1000 | ip=192.168.36.101 | op=SEND_HEARTBEAT {datanodeUUID=f7446dd1-fdb5-4213-9a5e-08cf8328e077, command=[]} | ret=SUCCESS |  
2019-08-24 11:58:41,677 [Thread-1048] INFO  impl.FollowerState (FollowerState.java:run(106)) - 641e96bf-ab84-4ba0-9aa9-e2e8520824c0:group-8538F27A3DC1 changes to CANDIDATE, lastRpcTime:5011, electionTimeout:5011ms
2019-08-24 11:58:41,677 [Thread-1048] INFO  impl.RoleInfo (RoleInfo.java:shutdownFollowerState(121)) - 641e96bf-ab84-4ba0-9aa9-e2e8520824c0: shutdown FollowerState
2019-08-24 11:58:41,677 [Thread-1048] INFO  impl.RaftServerImpl (RaftServerImpl.java:setRole(171)) - 641e96bf-ab84-4ba0-9aa9-e2e8520824c0:group-8538F27A3DC1 changes role from FOLLOWER to CANDIDATE at term 0 for changeToCandidate
2019-08-24 11:58:41,678 [Thread-1048] INFO  impl.RoleInfo (RoleInfo.java:updateAndGet(143)) - 641e96bf-ab84-4ba0-9aa9-e2e8520824c0: start LeaderElection
2019-08-24 11:58:41,717 [641e96bf-ab84-4ba0-9aa9-e2e8520824c0:group-8538F27A3DC1:LeaderElection21] INFO  impl.LeaderElection (LeaderElection.java:askForVotes(181)) - 641e96bf-ab84-4ba0-9aa9-e2e8520824c0:group-8538F27A3DC1:LeaderElection21: begin an election at term 1 for -1: [641e96bf-ab84-4ba0-9aa9-e2e8520824c0:192.168.36.101:46225], old=null
2019-08-24 11:58:41,717 [641e96bf-ab84-4ba0-9aa9-e2e8520824c0:group-8538F27A3DC1:LeaderElection21] INFO  impl.RoleInfo (RoleInfo.java:shutdownLeaderElection(134)) - 641e96bf-ab84-4ba0-9aa9-e2e8520824c0: shutdown LeaderElection
2019-08-24 11:58:41,718 [641e96bf-ab84-4ba0-9aa9-e2e8520824c0:group-8538F27A3DC1:LeaderElection21] INFO  impl.RaftServerImpl (RaftServerImpl.java:setRole(171)) - 641e96bf-ab84-4ba0-9aa9-e2e8520824c0:group-8538F27A3DC1 changes role from CANDIDATE to LEADER at term 1 for changeToLeader
2019-08-24 11:58:41,718 [641e96bf-ab84-4ba0-9aa9-e2e8520824c0:group-8538F27A3DC1:LeaderElection21] INFO  impl.RaftServerImpl (ServerState.java:setLeader(263)) - 641e96bf-ab84-4ba0-9aa9-e2e8520824c0:group-8538F27A3DC1 change Leader from null to 641e96bf-ab84-4ba0-9aa9-e2e8520824c0 at term 1 for becomeLeader, leader elected after 5058ms
2019-08-24 11:58:41,718 [641e96bf-ab84-4ba0-9aa9-e2e8520824c0:group-8538F27A3DC1:LeaderElection21] INFO  server.RaftServerConfigKeys (ConfUtils.java:logGet(43)) - raft.server.staging.catchup.gap = 1000 (default)
2019-08-24 11:58:41,718 [641e96bf-ab84-4ba0-9aa9-e2e8520824c0:group-8538F27A3DC1:LeaderElection21] INFO  server.RaftServerConfigKeys (ConfUtils.java:logGet(43)) - raft.server.rpc.sleep.time = 25ms (default)
2019-08-24 11:58:41,719 [641e96bf-ab84-4ba0-9aa9-e2e8520824c0:group-8538F27A3DC1:LeaderElection21] INFO  server.RaftServerConfigKeys (ConfUtils.java:logGet(43)) - raft.server.write.element-limit = 4096 (default)
2019-08-24 11:58:41,719 [641e96bf-ab84-4ba0-9aa9-e2e8520824c0:group-8538F27A3DC1:LeaderElection21] INFO  server.RaftServerConfigKeys (ConfUtils.java:logGet(43)) - raft.server.watch.timeout = 10s (default)
2019-08-24 11:58:41,719 [641e96bf-ab84-4ba0-9aa9-e2e8520824c0:group-8538F27A3DC1:LeaderElection21] INFO  server.RaftServerConfigKeys (ConfUtils.java:logGet(43)) - raft.server.watch.timeout.denomination = 1s (default)
2019-08-24 11:58:41,719 [641e96bf-ab84-4ba0-9aa9-e2e8520824c0:group-8538F27A3DC1:LeaderElection21] INFO  server.RaftServerConfigKeys (ConfUtils.java:logGet(43)) - raft.server.watch.element-limit = 65536 (default)
2019-08-24 11:58:41,720 [641e96bf-ab84-4ba0-9aa9-e2e8520824c0:group-8538F27A3DC1:LeaderElection21] INFO  impl.RoleInfo (RoleInfo.java:updateAndGet(143)) - 641e96bf-ab84-4ba0-9aa9-e2e8520824c0: start LeaderState
2019-08-24 11:58:41,720 [641e96bf-ab84-4ba0-9aa9-e2e8520824c0:group-8538F27A3DC1:LeaderElection21] INFO  segmented.SegmentedRaftLogWorker (SegmentedRaftLogWorker.java:startLogSegment(380)) - 641e96bf-ab84-4ba0-9aa9-e2e8520824c0-SegmentedRaftLogWorker:Storage Directory /workdir/hadoop-ozone/ozonefs/target/test-dir/MiniOzoneClusterImpl-088aa02b-f031-4543-a6bb-6028fe72d65a/datanode-0/data/ratis/afad3af9-9398-4aa7-a71b-8538f27a3dc1: Starting segment from index:0
2019-08-24 11:58:41,721 [641e96bf-ab84-4ba0-9aa9-e2e8520824c0:group-8538F27A3DC1:LeaderElection21] INFO  impl.RaftServerImpl (ServerState.java:setRaftConf(361)) - 641e96bf-ab84-4ba0-9aa9-e2e8520824c0:group-8538F27A3DC1 set configuration 0: [641e96bf-ab84-4ba0-9aa9-e2e8520824c0:192.168.36.101:46225], old=null at 0
2019-08-24 11:58:41,782 [641e96bf-ab84-4ba0-9aa9-e2e8520824c0-SegmentedRaftLogWorker:Storage Directory /workdir/hadoop-ozone/ozonefs/target/test-dir/MiniOzoneClusterImpl-088aa02b-f031-4543-a6bb-6028fe72d65a/datanode-0/data/ratis/afad3af9-9398-4aa7-a71b-8538f27a3dc1] INFO  segmented.SegmentedRaftLogWorker (SegmentedRaftLogWorker.java:execute(569)) - 641e96bf-ab84-4ba0-9aa9-e2e8520824c0-SegmentedRaftLogWorker:Storage Directory /workdir/hadoop-ozone/ozonefs/target/test-dir/MiniOzoneClusterImpl-088aa02b-f031-4543-a6bb-6028fe72d65a/datanode-0/data/ratis/afad3af9-9398-4aa7-a71b-8538f27a3dc1: created new log segment /workdir/hadoop-ozone/ozonefs/target/test-dir/MiniOzoneClusterImpl-088aa02b-f031-4543-a6bb-6028fe72d65a/datanode-0/data/ratis/afad3af9-9398-4aa7-a71b-8538f27a3dc1/current/log_inprogress_0
2019-08-24 11:58:42,056 | INFO  | SCMAudit | user=jenkins1000 | ip=192.168.36.101 | op=SEND_HEARTBEAT {datanodeUUID=f7446dd1-fdb5-4213-9a5e-08cf8328e077, command=[]} | ret=SUCCESS |  
2019-08-24 11:58:42,143 [Thread-1054] INFO  impl.FollowerState (FollowerState.java:run(106)) - f7446dd1-fdb5-4213-9a5e-08cf8328e077:group-095FCF6F5137 changes to CANDIDATE, lastRpcTime:5029, electionTimeout:5029ms
2019-08-24 11:58:42,143 [Thread-1054] INFO  impl.RoleInfo (RoleInfo.java:shutdownFollowerState(121)) - f7446dd1-fdb5-4213-9a5e-08cf8328e077: shutdown FollowerState
2019-08-24 11:58:42,144 [Thread-1054] INFO  impl.RaftServerImpl (RaftServerImpl.java:setRole(171)) - f7446dd1-fdb5-4213-9a5e-08cf8328e077:group-095FCF6F5137 changes role from FOLLOWER to CANDIDATE at term 0 for changeToCandidate
2019-08-24 11:58:42,144 [Thread-1054] INFO  impl.RoleInfo (RoleInfo.java:updateAndGet(143)) - f7446dd1-fdb5-4213-9a5e-08cf8328e077: start LeaderElection
2019-08-24 11:58:42,174 [f7446dd1-fdb5-4213-9a5e-08cf8328e077:group-095FCF6F5137:LeaderElection22] INFO  impl.LeaderElection (LeaderElection.java:askForVotes(181)) - f7446dd1-fdb5-4213-9a5e-08cf8328e077:group-095FCF6F5137:LeaderElection22: begin an election at term 1 for -1: [f7446dd1-fdb5-4213-9a5e-08cf8328e077:192.168.36.101:42029], old=null
2019-08-24 11:58:42,174 [f7446dd1-fdb5-4213-9a5e-08cf8328e077:group-095FCF6F5137:LeaderElection22] INFO  impl.RoleInfo (RoleInfo.java:shutdownLeaderElection(134)) - f7446dd1-fdb5-4213-9a5e-08cf8328e077: shutdown LeaderElection
2019-08-24 11:58:42,174 [f7446dd1-fdb5-4213-9a5e-08cf8328e077:group-095FCF6F5137:LeaderElection22] INFO  impl.RaftServerImpl (RaftServerImpl.java:setRole(171)) - f7446dd1-fdb5-4213-9a5e-08cf8328e077:group-095FCF6F5137 changes role from CANDIDATE to LEADER at term 1 for changeToLeader
2019-08-24 11:58:42,174 [f7446dd1-fdb5-4213-9a5e-08cf8328e077:group-095FCF6F5137:LeaderElection22] INFO  impl.RaftServerImpl (ServerState.java:setLeader(263)) - f7446dd1-fdb5-4213-9a5e-08cf8328e077:group-095FCF6F5137 change Leader from null to f7446dd1-fdb5-4213-9a5e-08cf8328e077 at term 1 for becomeLeader, leader elected after 5064ms
2019-08-24 11:58:42,174 [f7446dd1-fdb5-4213-9a5e-08cf8328e077:group-095FCF6F5137:LeaderElection22] INFO  server.RaftServerConfigKeys (ConfUtils.java:logGet(43)) - raft.server.staging.catchup.gap = 1000 (default)
2019-08-24 11:58:42,175 [f7446dd1-fdb5-4213-9a5e-08cf8328e077:group-095FCF6F5137:LeaderElection22] INFO  server.RaftServerConfigKeys (ConfUtils.java:logGet(43)) - raft.server.rpc.sleep.time = 25ms (default)
2019-08-24 11:58:42,175 [f7446dd1-fdb5-4213-9a5e-08cf8328e077:group-095FCF6F5137:LeaderElection22] INFO  server.RaftServerConfigKeys (ConfUtils.java:logGet(43)) - raft.server.write.element-limit = 4096 (default)
2019-08-24 11:58:42,175 [f7446dd1-fdb5-4213-9a5e-08cf8328e077:group-095FCF6F5137:LeaderElection22] INFO  server.RaftServerConfigKeys (ConfUtils.java:logGet(43)) - raft.server.watch.timeout = 10s (default)
2019-08-24 11:58:42,175 [f7446dd1-fdb5-4213-9a5e-08cf8328e077:group-095FCF6F5137:LeaderElection22] INFO  server.RaftServerConfigKeys (ConfUtils.java:logGet(43)) - raft.server.watch.timeout.denomination = 1s (default)
2019-08-24 11:58:42,175 [f7446dd1-fdb5-4213-9a5e-08cf8328e077:group-095FCF6F5137:LeaderElection22] INFO  server.RaftServerConfigKeys (ConfUtils.java:logGet(43)) - raft.server.watch.element-limit = 65536 (default)
2019-08-24 11:58:42,176 [f7446dd1-fdb5-4213-9a5e-08cf8328e077:group-095FCF6F5137:LeaderElection22] INFO  impl.RoleInfo (RoleInfo.java:updateAndGet(143)) - f7446dd1-fdb5-4213-9a5e-08cf8328e077: start LeaderState
2019-08-24 11:58:42,176 [f7446dd1-fdb5-4213-9a5e-08cf8328e077:group-095FCF6F5137:LeaderElection22] INFO  segmented.SegmentedRaftLogWorker (SegmentedRaftLogWorker.java:startLogSegment(380)) - f7446dd1-fdb5-4213-9a5e-08cf8328e077-SegmentedRaftLogWorker:Storage Directory /workdir/hadoop-ozone/ozonefs/target/test-dir/MiniOzoneClusterImpl-088aa02b-f031-4543-a6bb-6028fe72d65a/datanode-2/data/ratis/6a46341f-eab2-40a6-b406-095fcf6f5137: Starting segment from index:0
2019-08-24 11:58:42,177 [f7446dd1-fdb5-4213-9a5e-08cf8328e077:group-095FCF6F5137:LeaderElection22] INFO  impl.RaftServerImpl (ServerState.java:setRaftConf(361)) - f7446dd1-fdb5-4213-9a5e-08cf8328e077:group-095FCF6F5137 set configuration 0: [f7446dd1-fdb5-4213-9a5e-08cf8328e077:192.168.36.101:42029], old=null at 0
2019-08-24 11:58:42,221 [Thread-1051] INFO  impl.FollowerState (FollowerState.java:run(106)) - c8960297-d694-4cc3-af61-23c42a4c09b2:group-2849DD617A46 changes to CANDIDATE, lastRpcTime:5217, electionTimeout:5197ms
2019-08-24 11:58:42,221 [Thread-1051] INFO  impl.RoleInfo (RoleInfo.java:shutdownFollowerState(121)) - c8960297-d694-4cc3-af61-23c42a4c09b2: shutdown FollowerState
2019-08-24 11:58:42,221 [Thread-1051] INFO  impl.RaftServerImpl (RaftServerImpl.java:setRole(171)) - c8960297-d694-4cc3-af61-23c42a4c09b2:group-2849DD617A46 changes role from FOLLOWER to CANDIDATE at term 0 for changeToCandidate
2019-08-24 11:58:42,221 [Thread-1051] INFO  impl.RoleInfo (RoleInfo.java:updateAndGet(143)) - c8960297-d694-4cc3-af61-23c42a4c09b2: start LeaderElection
2019-08-24 11:58:42,233 [f7446dd1-fdb5-4213-9a5e-08cf8328e077-SegmentedRaftLogWorker:Storage Directory /workdir/hadoop-ozone/ozonefs/target/test-dir/MiniOzoneClusterImpl-088aa02b-f031-4543-a6bb-6028fe72d65a/datanode-2/data/ratis/6a46341f-eab2-40a6-b406-095fcf6f5137] INFO  segmented.SegmentedRaftLogWorker (SegmentedRaftLogWorker.java:execute(569)) - f7446dd1-fdb5-4213-9a5e-08cf8328e077-SegmentedRaftLogWorker:Storage Directory /workdir/hadoop-ozone/ozonefs/target/test-dir/MiniOzoneClusterImpl-088aa02b-f031-4543-a6bb-6028fe72d65a/datanode-2/data/ratis/6a46341f-eab2-40a6-b406-095fcf6f5137: created new log segment /workdir/hadoop-ozone/ozonefs/target/test-dir/MiniOzoneClusterImpl-088aa02b-f031-4543-a6bb-6028fe72d65a/datanode-2/data/ratis/6a46341f-eab2-40a6-b406-095fcf6f5137/current/log_inprogress_0
2019-08-24 11:58:42,233 [c8960297-d694-4cc3-af61-23c42a4c09b2:group-2849DD617A46:LeaderElection23] INFO  impl.LeaderElection (LeaderElection.java:askForVotes(181)) - c8960297-d694-4cc3-af61-23c42a4c09b2:group-2849DD617A46:LeaderElection23: begin an election at term 1 for -1: [c8960297-d694-4cc3-af61-23c42a4c09b2:192.168.36.101:33170], old=null
2019-08-24 11:58:42,234 [c8960297-d694-4cc3-af61-23c42a4c09b2:group-2849DD617A46:LeaderElection23] INFO  impl.RoleInfo (RoleInfo.java:shutdownLeaderElection(134)) - c8960297-d694-4cc3-af61-23c42a4c09b2: shutdown LeaderElection
2019-08-24 11:58:42,234 [c8960297-d694-4cc3-af61-23c42a4c09b2:group-2849DD617A46:LeaderElection23] INFO  impl.RaftServerImpl (RaftServerImpl.java:setRole(171)) - c8960297-d694-4cc3-af61-23c42a4c09b2:group-2849DD617A46 changes role from CANDIDATE to LEADER at term 1 for changeToLeader
2019-08-24 11:58:42,234 [c8960297-d694-4cc3-af61-23c42a4c09b2:group-2849DD617A46:LeaderElection23] INFO  impl.RaftServerImpl (ServerState.java:setLeader(263)) - c8960297-d694-4cc3-af61-23c42a4c09b2:group-2849DD617A46 change Leader from null to c8960297-d694-4cc3-af61-23c42a4c09b2 at term 1 for becomeLeader, leader elected after 5235ms
2019-08-24 11:58:42,234 [c8960297-d694-4cc3-af61-23c42a4c09b2:group-2849DD617A46:LeaderElection23] INFO  server.RaftServerConfigKeys (ConfUtils.java:logGet(43)) - raft.server.staging.catchup.gap = 1000 (default)
2019-08-24 11:58:42,234 [c8960297-d694-4cc3-af61-23c42a4c09b2:group-2849DD617A46:LeaderElection23] INFO  server.RaftServerConfigKeys (ConfUtils.java:logGet(43)) - raft.server.rpc.sleep.time = 25ms (default)
2019-08-24 11:58:42,235 [c8960297-d694-4cc3-af61-23c42a4c09b2:group-2849DD617A46:LeaderElection23] INFO  server.RaftServerConfigKeys (ConfUtils.java:logGet(43)) - raft.server.write.element-limit = 4096 (default)
2019-08-24 11:58:42,235 [c8960297-d694-4cc3-af61-23c42a4c09b2:group-2849DD617A46:LeaderElection23] INFO  server.RaftServerConfigKeys (ConfUtils.java:logGet(43)) - raft.server.watch.timeout = 10s (default)
2019-08-24 11:58:42,235 [c8960297-d694-4cc3-af61-23c42a4c09b2:group-2849DD617A46:LeaderElection23] INFO  server.RaftServerConfigKeys (ConfUtils.java:logGet(43)) - raft.server.watch.timeout.denomination = 1s (default)
2019-08-24 11:58:42,235 [c8960297-d694-4cc3-af61-23c42a4c09b2:group-2849DD617A46:LeaderElection23] INFO  server.RaftServerConfigKeys (ConfUtils.java:logGet(43)) - raft.server.watch.element-limit = 65536 (default)
2019-08-24 11:58:42,235 [c8960297-d694-4cc3-af61-23c42a4c09b2:group-2849DD617A46:LeaderElection23] INFO  impl.RoleInfo (RoleInfo.java:updateAndGet(143)) - c8960297-d694-4cc3-af61-23c42a4c09b2: start LeaderState
2019-08-24 11:58:42,236 [c8960297-d694-4cc3-af61-23c42a4c09b2:group-2849DD617A46:LeaderElection23] INFO  segmented.SegmentedRaftLogWorker (SegmentedRaftLogWorker.java:startLogSegment(380)) - c8960297-d694-4cc3-af61-23c42a4c09b2-SegmentedRaftLogWorker:Storage Directory /workdir/hadoop-ozone/ozonefs/target/test-dir/MiniOzoneClusterImpl-088aa02b-f031-4543-a6bb-6028fe72d65a/datanode-1/data/ratis/b9769a8d-fa05-42b5-8afd-2849dd617a46: Starting segment from index:0
2019-08-24 11:58:42,237 [c8960297-d694-4cc3-af61-23c42a4c09b2:group-2849DD617A46:LeaderElection23] INFO  impl.RaftServerImpl (ServerState.java:setRaftConf(361)) - c8960297-d694-4cc3-af61-23c42a4c09b2:group-2849DD617A46 set configuration 0: [c8960297-d694-4cc3-af61-23c42a4c09b2:192.168.36.101:33170], old=null at 0
2019-08-24 11:58:42,276 [Thread-1061] INFO  impl.FollowerState (FollowerState.java:run(106)) - f7446dd1-fdb5-4213-9a5e-08cf8328e077:group-42D7AFB98ADF changes to CANDIDATE, lastRpcTime:5077, electionTimeout:5043ms
2019-08-24 11:58:42,276 [Thread-1061] INFO  impl.RoleInfo (RoleInfo.java:shutdownFollowerState(121)) - f7446dd1-fdb5-4213-9a5e-08cf8328e077: shutdown FollowerState
2019-08-24 11:58:42,276 [Thread-1061] INFO  impl.RaftServerImpl (RaftServerImpl.java:setRole(171)) - f7446dd1-fdb5-4213-9a5e-08cf8328e077:group-42D7AFB98ADF changes role from FOLLOWER to CANDIDATE at term 0 for changeToCandidate
2019-08-24 11:58:42,277 [Thread-1061] INFO  impl.RoleInfo (RoleInfo.java:updateAndGet(143)) - f7446dd1-fdb5-4213-9a5e-08cf8328e077: start LeaderElection
2019-08-24 11:58:42,288 [Thread-1057] INFO  impl.FollowerState (FollowerState.java:run(106)) - c8960297-d694-4cc3-af61-23c42a4c09b2:group-42D7AFB98ADF changes to CANDIDATE, lastRpcTime:5091, electionTimeout:5091ms
2019-08-24 11:58:42,288 [Thread-1057] INFO  impl.RoleInfo (RoleInfo.java:shutdownFollowerState(121)) - c8960297-d694-4cc3-af61-23c42a4c09b2: shutdown FollowerState
2019-08-24 11:58:42,288 [Thread-1057] INFO  impl.RaftServerImpl (RaftServerImpl.java:setRole(171)) - c8960297-d694-4cc3-af61-23c42a4c09b2:group-42D7AFB98ADF changes role from FOLLOWER to CANDIDATE at term 0 for changeToCandidate
2019-08-24 11:58:42,289 [Thread-1057] INFO  impl.RoleInfo (RoleInfo.java:updateAndGet(143)) - c8960297-d694-4cc3-af61-23c42a4c09b2: start LeaderElection
2019-08-24 11:58:42,301 [c8960297-d694-4cc3-af61-23c42a4c09b2-SegmentedRaftLogWorker:Storage Directory /workdir/hadoop-ozone/ozonefs/target/test-dir/MiniOzoneClusterImpl-088aa02b-f031-4543-a6bb-6028fe72d65a/datanode-1/data/ratis/b9769a8d-fa05-42b5-8afd-2849dd617a46] INFO  segmented.SegmentedRaftLogWorker (SegmentedRaftLogWorker.java:execute(569)) - c8960297-d694-4cc3-af61-23c42a4c09b2-SegmentedRaftLogWorker:Storage Directory /workdir/hadoop-ozone/ozonefs/target/test-dir/MiniOzoneClusterImpl-088aa02b-f031-4543-a6bb-6028fe72d65a/datanode-1/data/ratis/b9769a8d-fa05-42b5-8afd-2849dd617a46: created new log segment /workdir/hadoop-ozone/ozonefs/target/test-dir/MiniOzoneClusterImpl-088aa02b-f031-4543-a6bb-6028fe72d65a/datanode-1/data/ratis/b9769a8d-fa05-42b5-8afd-2849dd617a46/current/log_inprogress_0
2019-08-24 11:58:42,301 [f7446dd1-fdb5-4213-9a5e-08cf8328e077:group-42D7AFB98ADF:LeaderElection24] INFO  impl.LeaderElection (LeaderElection.java:askForVotes(181)) - f7446dd1-fdb5-4213-9a5e-08cf8328e077:group-42D7AFB98ADF:LeaderElection24: begin an election at term 1 for -1: [641e96bf-ab84-4ba0-9aa9-e2e8520824c0:192.168.36.101:46225, f7446dd1-fdb5-4213-9a5e-08cf8328e077:192.168.36.101:42029, c8960297-d694-4cc3-af61-23c42a4c09b2:192.168.36.101:33170], old=null
2019-08-24 11:58:42,303 [c8960297-d694-4cc3-af61-23c42a4c09b2:group-42D7AFB98ADF:LeaderElection25] INFO  impl.LeaderElection (LeaderElection.java:askForVotes(181)) - c8960297-d694-4cc3-af61-23c42a4c09b2:group-42D7AFB98ADF:LeaderElection25: begin an election at term 1 for -1: [641e96bf-ab84-4ba0-9aa9-e2e8520824c0:192.168.36.101:46225, f7446dd1-fdb5-4213-9a5e-08cf8328e077:192.168.36.101:42029, c8960297-d694-4cc3-af61-23c42a4c09b2:192.168.36.101:33170], old=null
2019-08-24 11:58:42,323 [grpc-default-executor-0] INFO  impl.RaftServerImpl (RaftServerImpl.java:setRole(171)) - 641e96bf-ab84-4ba0-9aa9-e2e8520824c0:group-42D7AFB98ADF changes role from FOLLOWER to FOLLOWER at term 1 for recognizeCandidate:f7446dd1-fdb5-4213-9a5e-08cf8328e077
2019-08-24 11:58:42,324 [grpc-default-executor-0] INFO  impl.RoleInfo (RoleInfo.java:shutdownFollowerState(121)) - 641e96bf-ab84-4ba0-9aa9-e2e8520824c0: shutdown FollowerState
2019-08-24 11:58:42,324 [grpc-default-executor-0] INFO  impl.RoleInfo (RoleInfo.java:updateAndGet(143)) - 641e96bf-ab84-4ba0-9aa9-e2e8520824c0: start FollowerState
2019-08-24 11:58:42,326 [Thread-1060] INFO  impl.FollowerState (FollowerState.java:run(114)) - 641e96bf-ab84-4ba0-9aa9-e2e8520824c0: FollowerState was interrupted: java.lang.InterruptedException: sleep interrupted
2019-08-24 11:58:42,347 [c8960297-d694-4cc3-af61-23c42a4c09b2:group-42D7AFB98ADF:LeaderElection25] INFO  impl.LeaderElection (LeaderElection.java:logAndReturn(56)) - c8960297-d694-4cc3-af61-23c42a4c09b2:group-42D7AFB98ADF:LeaderElection25: Election REJECTED; received 2 response(s) [c8960297-d694-4cc3-af61-23c42a4c09b2<-f7446dd1-fdb5-4213-9a5e-08cf8328e077#0:FAIL-t1, c8960297-d694-4cc3-af61-23c42a4c09b2<-641e96bf-ab84-4ba0-9aa9-e2e8520824c0#0:FAIL-t1] and 0 exception(s); c8960297-d694-4cc3-af61-23c42a4c09b2:t1, leader=null, voted=c8960297-d694-4cc3-af61-23c42a4c09b2, raftlog=c8960297-d694-4cc3-af61-23c42a4c09b2-SegmentedRaftLog:OPENED:c-1,f-1,i0, conf=-1: [641e96bf-ab84-4ba0-9aa9-e2e8520824c0:192.168.36.101:46225, f7446dd1-fdb5-4213-9a5e-08cf8328e077:192.168.36.101:42029, c8960297-d694-4cc3-af61-23c42a4c09b2:192.168.36.101:33170], old=null
2019-08-24 11:58:42,347 [c8960297-d694-4cc3-af61-23c42a4c09b2:group-42D7AFB98ADF:LeaderElection25] INFO  impl.RaftServerImpl (RaftServerImpl.java:setRole(171)) - c8960297-d694-4cc3-af61-23c42a4c09b2:group-42D7AFB98ADF changes role from CANDIDATE to FOLLOWER at term 1 for DISCOVERED_A_NEW_TERM
2019-08-24 11:58:42,347 [f7446dd1-fdb5-4213-9a5e-08cf8328e077:group-42D7AFB98ADF:LeaderElection24] INFO  impl.LeaderElection (LeaderElection.java:logAndReturn(56)) - f7446dd1-fdb5-4213-9a5e-08cf8328e077:group-42D7AFB98ADF:LeaderElection24: Election PASSED; received 2 response(s) [f7446dd1-fdb5-4213-9a5e-08cf8328e077<-641e96bf-ab84-4ba0-9aa9-e2e8520824c0#0:OK-t1, f7446dd1-fdb5-4213-9a5e-08cf8328e077<-c8960297-d694-4cc3-af61-23c42a4c09b2#0:FAIL-t1] and 0 exception(s); f7446dd1-fdb5-4213-9a5e-08cf8328e077:t1, leader=null, voted=f7446dd1-fdb5-4213-9a5e-08cf8328e077, raftlog=f7446dd1-fdb5-4213-9a5e-08cf8328e077-SegmentedRaftLog:OPENED:c-1,f-1,i0, conf=-1: [641e96bf-ab84-4ba0-9aa9-e2e8520824c0:192.168.36.101:46225, f7446dd1-fdb5-4213-9a5e-08cf8328e077:192.168.36.101:42029, c8960297-d694-4cc3-af61-23c42a4c09b2:192.168.36.101:33170], old=null
2019-08-24 11:58:42,349 [c8960297-d694-4cc3-af61-23c42a4c09b2:group-42D7AFB98ADF:LeaderElection25] INFO  impl.RoleInfo (RoleInfo.java:shutdownLeaderElection(134)) - c8960297-d694-4cc3-af61-23c42a4c09b2: shutdown LeaderElection
2019-08-24 11:58:42,349 [f7446dd1-fdb5-4213-9a5e-08cf8328e077:group-42D7AFB98ADF:LeaderElection24] INFO  impl.RoleInfo (RoleInfo.java:shutdownLeaderElection(134)) - f7446dd1-fdb5-4213-9a5e-08cf8328e077: shutdown LeaderElection
2019-08-24 11:58:42,350 [c8960297-d694-4cc3-af61-23c42a4c09b2:group-42D7AFB98ADF:LeaderElection25] INFO  impl.RoleInfo (RoleInfo.java:updateAndGet(143)) - c8960297-d694-4cc3-af61-23c42a4c09b2: start FollowerState
2019-08-24 11:58:42,350 [f7446dd1-fdb5-4213-9a5e-08cf8328e077:group-42D7AFB98ADF:LeaderElection24] INFO  impl.RaftServerImpl (RaftServerImpl.java:setRole(171)) - f7446dd1-fdb5-4213-9a5e-08cf8328e077:group-42D7AFB98ADF changes role from CANDIDATE to LEADER at term 1 for changeToLeader
2019-08-24 11:58:42,352 [f7446dd1-fdb5-4213-9a5e-08cf8328e077:group-42D7AFB98ADF:LeaderElection24] INFO  impl.RaftServerImpl (ServerState.java:setLeader(263)) - f7446dd1-fdb5-4213-9a5e-08cf8328e077:group-42D7AFB98ADF change Leader from null to f7446dd1-fdb5-4213-9a5e-08cf8328e077 at term 1 for becomeLeader, leader elected after 5162ms
2019-08-24 11:58:42,352 [f7446dd1-fdb5-4213-9a5e-08cf8328e077:group-42D7AFB98ADF:LeaderElection24] INFO  server.RaftServerConfigKeys (ConfUtils.java:logGet(43)) - raft.server.staging.catchup.gap = 1000 (default)
2019-08-24 11:58:42,352 [f7446dd1-fdb5-4213-9a5e-08cf8328e077:group-42D7AFB98ADF:LeaderElection24] INFO  server.RaftServerConfigKeys (ConfUtils.java:logGet(43)) - raft.server.rpc.sleep.time = 25ms (default)
2019-08-24 11:58:42,352 [f7446dd1-fdb5-4213-9a5e-08cf8328e077:group-42D7AFB98ADF:LeaderElection24] INFO  server.RaftServerConfigKeys (ConfUtils.java:logGet(43)) - raft.server.write.element-limit = 4096 (default)
2019-08-24 11:58:42,353 [f7446dd1-fdb5-4213-9a5e-08cf8328e077:group-42D7AFB98ADF:LeaderElection24] INFO  server.RaftServerConfigKeys (ConfUtils.java:logGet(43)) - raft.server.watch.timeout = 10s (default)
2019-08-24 11:58:42,353 [f7446dd1-fdb5-4213-9a5e-08cf8328e077:group-42D7AFB98ADF:LeaderElection24] INFO  server.RaftServerConfigKeys (ConfUtils.java:logGet(43)) - raft.server.watch.timeout.denomination = 1s (default)
2019-08-24 11:58:42,353 [f7446dd1-fdb5-4213-9a5e-08cf8328e077:group-42D7AFB98ADF:LeaderElection24] INFO  server.RaftServerConfigKeys (ConfUtils.java:logGet(43)) - raft.server.watch.element-limit = 65536 (default)
2019-08-24 11:58:42,353 [f7446dd1-fdb5-4213-9a5e-08cf8328e077:group-42D7AFB98ADF:LeaderElection24] INFO  server.RaftServerConfigKeys (ConfUtils.java:logGet(43)) - raft.server.log.appender.snapshot.chunk.size.max = 16MB (=16777216) (default)
2019-08-24 11:58:42,354 [f7446dd1-fdb5-4213-9a5e-08cf8328e077:group-42D7AFB98ADF:LeaderElection24] INFO  server.RaftServerConfigKeys (ConfUtils.java:logGet(43)) - raft.server.log.appender.buffer.byte-limit = 33554432 (custom)
2019-08-24 11:58:42,354 [f7446dd1-fdb5-4213-9a5e-08cf8328e077:group-42D7AFB98ADF:LeaderElection24] INFO  server.RaftServerConfigKeys (ConfUtils.java:logGet(43)) - raft.server.log.appender.buffer.element-limit = 1 (custom)
2019-08-24 11:58:42,354 [f7446dd1-fdb5-4213-9a5e-08cf8328e077:group-42D7AFB98ADF:LeaderElection24] INFO  grpc.GrpcConfigKeys$Server (ConfUtils.java:logGet(43)) - raft.grpc.server.leader.outstanding.appends.max = 128 (default)
2019-08-24 11:58:42,355 [f7446dd1-fdb5-4213-9a5e-08cf8328e077:group-42D7AFB98ADF:LeaderElection24] INFO  server.RaftServerConfigKeys (ConfUtils.java:logGet(43)) - raft.server.rpc.request.timeout = 3000ms (default)
2019-08-24 11:58:42,355 [f7446dd1-fdb5-4213-9a5e-08cf8328e077:group-42D7AFB98ADF:LeaderElection24] INFO  server.RaftServerConfigKeys (ConfUtils.java:logGet(43)) - raft.server.log.appender.install.snapshot.enabled = false (custom)
2019-08-24 11:58:42,355 [f7446dd1-fdb5-4213-9a5e-08cf8328e077:group-42D7AFB98ADF:LeaderElection24] INFO  server.RaftServerConfigKeys (ConfUtils.java:logGet(43)) - raft.server.log.appender.snapshot.chunk.size.max = 16MB (=16777216) (default)
2019-08-24 11:58:42,355 [f7446dd1-fdb5-4213-9a5e-08cf8328e077:group-42D7AFB98ADF:LeaderElection24] INFO  server.RaftServerConfigKeys (ConfUtils.java:logGet(43)) - raft.server.log.appender.buffer.byte-limit = 33554432 (custom)
2019-08-24 11:58:42,355 [f7446dd1-fdb5-4213-9a5e-08cf8328e077:group-42D7AFB98ADF:LeaderElection24] INFO  server.RaftServerConfigKeys (ConfUtils.java:logGet(43)) - raft.server.log.appender.buffer.element-limit = 1 (custom)
2019-08-24 11:58:42,356 [f7446dd1-fdb5-4213-9a5e-08cf8328e077:group-42D7AFB98ADF:LeaderElection24] INFO  grpc.GrpcConfigKeys$Server (ConfUtils.java:logGet(43)) - raft.grpc.server.leader.outstanding.appends.max = 128 (default)
2019-08-24 11:58:42,356 [f7446dd1-fdb5-4213-9a5e-08cf8328e077:group-42D7AFB98ADF:LeaderElection24] INFO  server.RaftServerConfigKeys (ConfUtils.java:logGet(43)) - raft.server.rpc.request.timeout = 3000ms (default)
2019-08-24 11:58:42,356 [f7446dd1-fdb5-4213-9a5e-08cf8328e077:group-42D7AFB98ADF:LeaderElection24] INFO  server.RaftServerConfigKeys (ConfUtils.java:logGet(43)) - raft.server.log.appender.install.snapshot.enabled = false (custom)
2019-08-24 11:58:42,356 [f7446dd1-fdb5-4213-9a5e-08cf8328e077:group-42D7AFB98ADF:LeaderElection24] INFO  impl.RoleInfo (RoleInfo.java:updateAndGet(143)) - f7446dd1-fdb5-4213-9a5e-08cf8328e077: start LeaderState
2019-08-24 11:58:42,357 [f7446dd1-fdb5-4213-9a5e-08cf8328e077:group-42D7AFB98ADF:LeaderElection24] INFO  segmented.SegmentedRaftLogWorker (SegmentedRaftLogWorker.java:startLogSegment(380)) - f7446dd1-fdb5-4213-9a5e-08cf8328e077-SegmentedRaftLogWorker:Storage Directory /workdir/hadoop-ozone/ozonefs/target/test-dir/MiniOzoneClusterImpl-088aa02b-f031-4543-a6bb-6028fe72d65a/datanode-2/data/ratis/69b41bae-d060-4212-862b-42d7afb98adf: Starting segment from index:0
2019-08-24 11:58:42,358 [f7446dd1-fdb5-4213-9a5e-08cf8328e077:group-42D7AFB98ADF:LeaderElection24] INFO  impl.RaftServerImpl (ServerState.java:setRaftConf(361)) - f7446dd1-fdb5-4213-9a5e-08cf8328e077:group-42D7AFB98ADF set configuration 0: [641e96bf-ab84-4ba0-9aa9-e2e8520824c0:192.168.36.101:46225, f7446dd1-fdb5-4213-9a5e-08cf8328e077:192.168.36.101:42029, c8960297-d694-4cc3-af61-23c42a4c09b2:192.168.36.101:33170], old=null at 0
2019-08-24 11:58:42,394 [grpc-default-executor-0] INFO  impl.RaftServerImpl (ServerState.java:setLeader(263)) - c8960297-d694-4cc3-af61-23c42a4c09b2:group-42D7AFB98ADF change Leader from null to f7446dd1-fdb5-4213-9a5e-08cf8328e077 at term 1 for appendEntries, leader elected after 5206ms
2019-08-24 11:58:42,394 [grpc-default-executor-2] INFO  impl.RaftServerImpl (ServerState.java:setLeader(263)) - 641e96bf-ab84-4ba0-9aa9-e2e8520824c0:group-42D7AFB98ADF change Leader from null to f7446dd1-fdb5-4213-9a5e-08cf8328e077 at term 1 for appendEntries, leader elected after 5206ms
2019-08-24 11:58:42,398 [grpc-default-executor-0] INFO  impl.RaftServerImpl (ServerState.java:setRaftConf(361)) - c8960297-d694-4cc3-af61-23c42a4c09b2:group-42D7AFB98ADF set configuration 0: [641e96bf-ab84-4ba0-9aa9-e2e8520824c0:192.168.36.101:46225, f7446dd1-fdb5-4213-9a5e-08cf8328e077:192.168.36.101:42029, c8960297-d694-4cc3-af61-23c42a4c09b2:192.168.36.101:33170], old=null at 0
2019-08-24 11:58:42,399 [grpc-default-executor-0] INFO  segmented.SegmentedRaftLogWorker (SegmentedRaftLogWorker.java:startLogSegment(380)) - c8960297-d694-4cc3-af61-23c42a4c09b2-SegmentedRaftLogWorker:Storage Directory /workdir/hadoop-ozone/ozonefs/target/test-dir/MiniOzoneClusterImpl-088aa02b-f031-4543-a6bb-6028fe72d65a/datanode-1/data/ratis/69b41bae-d060-4212-862b-42d7afb98adf: Starting segment from index:0
2019-08-24 11:58:42,399 [grpc-default-executor-2] INFO  impl.RaftServerImpl (ServerState.java:setRaftConf(361)) - 641e96bf-ab84-4ba0-9aa9-e2e8520824c0:group-42D7AFB98ADF set configuration 0: [641e96bf-ab84-4ba0-9aa9-e2e8520824c0:192.168.36.101:46225, f7446dd1-fdb5-4213-9a5e-08cf8328e077:192.168.36.101:42029, c8960297-d694-4cc3-af61-23c42a4c09b2:192.168.36.101:33170], old=null at 0
2019-08-24 11:58:42,399 [grpc-default-executor-2] INFO  segmented.SegmentedRaftLogWorker (SegmentedRaftLogWorker.java:startLogSegment(380)) - 641e96bf-ab84-4ba0-9aa9-e2e8520824c0-SegmentedRaftLogWorker:Storage Directory /workdir/hadoop-ozone/ozonefs/target/test-dir/MiniOzoneClusterImpl-088aa02b-f031-4543-a6bb-6028fe72d65a/datanode-0/data/ratis/69b41bae-d060-4212-862b-42d7afb98adf: Starting segment from index:0
2019-08-24 11:58:42,413 [f7446dd1-fdb5-4213-9a5e-08cf8328e077-SegmentedRaftLogWorker:Storage Directory /workdir/hadoop-ozone/ozonefs/target/test-dir/MiniOzoneClusterImpl-088aa02b-f031-4543-a6bb-6028fe72d65a/datanode-2/data/ratis/69b41bae-d060-4212-862b-42d7afb98adf] INFO  segmented.SegmentedRaftLogWorker (SegmentedRaftLogWorker.java:execute(569)) - f7446dd1-fdb5-4213-9a5e-08cf8328e077-SegmentedRaftLogWorker:Storage Directory /workdir/hadoop-ozone/ozonefs/target/test-dir/MiniOzoneClusterImpl-088aa02b-f031-4543-a6bb-6028fe72d65a/datanode-2/data/ratis/69b41bae-d060-4212-862b-42d7afb98adf: created new log segment /workdir/hadoop-ozone/ozonefs/target/test-dir/MiniOzoneClusterImpl-088aa02b-f031-4543-a6bb-6028fe72d65a/datanode-2/data/ratis/69b41bae-d060-4212-862b-42d7afb98adf/current/log_inprogress_0
2019-08-24 11:58:42,450 [641e96bf-ab84-4ba0-9aa9-e2e8520824c0-SegmentedRaftLogWorker:Storage Directory /workdir/hadoop-ozone/ozonefs/target/test-dir/MiniOzoneClusterImpl-088aa02b-f031-4543-a6bb-6028fe72d65a/datanode-0/data/ratis/69b41bae-d060-4212-862b-42d7afb98adf] INFO  segmented.SegmentedRaftLogWorker (SegmentedRaftLogWorker.java:execute(569)) - 641e96bf-ab84-4ba0-9aa9-e2e8520824c0-SegmentedRaftLogWorker:Storage Directory /workdir/hadoop-ozone/ozonefs/target/test-dir/MiniOzoneClusterImpl-088aa02b-f031-4543-a6bb-6028fe72d65a/datanode-0/data/ratis/69b41bae-d060-4212-862b-42d7afb98adf: created new log segment /workdir/hadoop-ozone/ozonefs/target/test-dir/MiniOzoneClusterImpl-088aa02b-f031-4543-a6bb-6028fe72d65a/datanode-0/data/ratis/69b41bae-d060-4212-862b-42d7afb98adf/current/log_inprogress_0
2019-08-24 11:58:42,450 [c8960297-d694-4cc3-af61-23c42a4c09b2-SegmentedRaftLogWorker:Storage Directory /workdir/hadoop-ozone/ozonefs/target/test-dir/MiniOzoneClusterImpl-088aa02b-f031-4543-a6bb-6028fe72d65a/datanode-1/data/ratis/69b41bae-d060-4212-862b-42d7afb98adf] INFO  segmented.SegmentedRaftLogWorker (SegmentedRaftLogWorker.java:execute(569)) - c8960297-d694-4cc3-af61-23c42a4c09b2-SegmentedRaftLogWorker:Storage Directory /workdir/hadoop-ozone/ozonefs/target/test-dir/MiniOzoneClusterImpl-088aa02b-f031-4543-a6bb-6028fe72d65a/datanode-1/data/ratis/69b41bae-d060-4212-862b-42d7afb98adf: created new log segment /workdir/hadoop-ozone/ozonefs/target/test-dir/MiniOzoneClusterImpl-088aa02b-f031-4543-a6bb-6028fe72d65a/datanode-1/data/ratis/69b41bae-d060-4212-862b-42d7afb98adf/current/log_inprogress_0
2019-08-24 11:58:43,057 | INFO  | SCMAudit | user=jenkins1000 | ip=192.168.36.101 | op=SEND_HEARTBEAT {datanodeUUID=f7446dd1-fdb5-4213-9a5e-08cf8328e077, command=[]} | ret=SUCCESS |  
2019-08-24 11:58:43,216 [Thread-874] INFO  ozoneimpl.OzoneContainer (OzoneContainer.java:stop(199)) - Attempting to stop container services.
2019-08-24 11:58:43,216 [ForkJoinPool.commonPool-worker-0] INFO  ozoneimpl.OzoneContainer (OzoneContainer.java:stop(199)) - Attempting to stop container services.
2019-08-24 11:58:43,217 [Thread-874] INFO  impl.RaftServerProxy (RaftServerProxy.java:lambda$close$4(314)) - c8960297-d694-4cc3-af61-23c42a4c09b2: close
2019-08-24 11:58:43,217 [ForkJoinPool.commonPool-worker-0] INFO  impl.RaftServerProxy (RaftServerProxy.java:lambda$close$4(314)) - 641e96bf-ab84-4ba0-9aa9-e2e8520824c0: close
2019-08-24 11:58:43,217 [Thread-874] INFO  impl.RaftServerImpl (RaftServerImpl.java:lambda$shutdown$3(245)) - c8960297-d694-4cc3-af61-23c42a4c09b2: shutdown group-42D7AFB98ADF
2019-08-24 11:58:43,218 [ForkJoinPool.commonPool-worker-0] INFO  impl.RaftServerImpl (RaftServerImpl.java:lambda$shutdown$3(245)) - 641e96bf-ab84-4ba0-9aa9-e2e8520824c0: shutdown group-42D7AFB98ADF
2019-08-24 11:58:43,218 [Thread-874] INFO  util.JmxRegister (JmxRegister.java:unregister(73)) - Successfully un-registered JMX Bean with object name Ratis:service=RaftServer,group=group-42D7AFB98ADF,id=c8960297-d694-4cc3-af61-23c42a4c09b2
2019-08-24 11:58:43,218 [ForkJoinPool.commonPool-worker-0] INFO  util.JmxRegister (JmxRegister.java:unregister(73)) - Successfully un-registered JMX Bean with object name Ratis:service=RaftServer,group=group-42D7AFB98ADF,id=641e96bf-ab84-4ba0-9aa9-e2e8520824c0
2019-08-24 11:58:43,218 [Thread-874] INFO  impl.RoleInfo (RoleInfo.java:shutdownFollowerState(121)) - c8960297-d694-4cc3-af61-23c42a4c09b2: shutdown FollowerState
2019-08-24 11:58:43,219 [ForkJoinPool.commonPool-worker-0] INFO  impl.RoleInfo (RoleInfo.java:shutdownFollowerState(121)) - 641e96bf-ab84-4ba0-9aa9-e2e8520824c0: shutdown FollowerState
2019-08-24 11:58:43,219 [Thread-1082] INFO  impl.FollowerState (FollowerState.java:run(114)) - c8960297-d694-4cc3-af61-23c42a4c09b2: FollowerState was interrupted: java.lang.InterruptedException: sleep interrupted
2019-08-24 11:58:43,219 [Thread-874] INFO  impl.StateMachineUpdater (StateMachineUpdater.java:stopAndJoin(115)) - StateMachineUpdater:c8960297-d694-4cc3-af61-23c42a4c09b2:group-42D7AFB98ADF: set stopIndex = -1
2019-08-24 11:58:43,221 [Thread-1081] INFO  impl.FollowerState (FollowerState.java:run(114)) - 641e96bf-ab84-4ba0-9aa9-e2e8520824c0: FollowerState was interrupted: java.lang.InterruptedException: sleep interrupted
2019-08-24 11:58:43,219 [ForkJoinPool.commonPool-worker-0] INFO  impl.StateMachineUpdater (StateMachineUpdater.java:stopAndJoin(115)) - StateMachineUpdater:641e96bf-ab84-4ba0-9aa9-e2e8520824c0:group-42D7AFB98ADF: set stopIndex = -1
2019-08-24 11:58:43,224 [Thread-874] INFO  impl.RaftServerImpl (ServerState.java:close(394)) - c8960297-d694-4cc3-af61-23c42a4c09b2:group-42D7AFB98ADF closes. The last applied log index is -1
2019-08-24 11:58:43,226 [ForkJoinPool.commonPool-worker-0] INFO  impl.RaftServerImpl (ServerState.java:close(394)) - 641e96bf-ab84-4ba0-9aa9-e2e8520824c0:group-42D7AFB98ADF closes. The last applied log index is -1
2019-08-24 11:58:43,227 [c8960297-d694-4cc3-af61-23c42a4c09b2-SegmentedRaftLogWorker:Storage Directory /workdir/hadoop-ozone/ozonefs/target/test-dir/MiniOzoneClusterImpl-088aa02b-f031-4543-a6bb-6028fe72d65a/datanode-1/data/ratis/69b41bae-d060-4212-862b-42d7afb98adf] INFO  segmented.SegmentedRaftLogWorker (SegmentedRaftLogWorker.java:run(313)) - c8960297-d694-4cc3-af61-23c42a4c09b2-SegmentedRaftLogWorker:Storage Directory /workdir/hadoop-ozone/ozonefs/target/test-dir/MiniOzoneClusterImpl-088aa02b-f031-4543-a6bb-6028fe72d65a/datanode-1/data/ratis/69b41bae-d060-4212-862b-42d7afb98adf was interrupted, exiting. There are 0 tasks remaining in the queue.
2019-08-24 11:58:43,227 [641e96bf-ab84-4ba0-9aa9-e2e8520824c0-SegmentedRaftLogWorker:Storage Directory /workdir/hadoop-ozone/ozonefs/target/test-dir/MiniOzoneClusterImpl-088aa02b-f031-4543-a6bb-6028fe72d65a/datanode-0/data/ratis/69b41bae-d060-4212-862b-42d7afb98adf] INFO  segmented.SegmentedRaftLogWorker (SegmentedRaftLogWorker.java:run(313)) - 641e96bf-ab84-4ba0-9aa9-e2e8520824c0-SegmentedRaftLogWorker:Storage Directory /workdir/hadoop-ozone/ozonefs/target/test-dir/MiniOzoneClusterImpl-088aa02b-f031-4543-a6bb-6028fe72d65a/datanode-0/data/ratis/69b41bae-d060-4212-862b-42d7afb98adf was interrupted, exiting. There are 0 tasks remaining in the queue.
2019-08-24 11:58:43,229 [Thread-874] INFO  segmented.SegmentedRaftLogWorker (SegmentedRaftLogWorker.java:close(228)) - c8960297-d694-4cc3-af61-23c42a4c09b2-SegmentedRaftLogWorker:Storage Directory /workdir/hadoop-ozone/ozonefs/target/test-dir/MiniOzoneClusterImpl-088aa02b-f031-4543-a6bb-6028fe72d65a/datanode-1/data/ratis/69b41bae-d060-4212-862b-42d7afb98adf close()
2019-08-24 11:58:43,230 [ForkJoinPool.commonPool-worker-0] INFO  segmented.SegmentedRaftLogWorker (SegmentedRaftLogWorker.java:close(228)) - 641e96bf-ab84-4ba0-9aa9-e2e8520824c0-SegmentedRaftLogWorker:Storage Directory /workdir/hadoop-ozone/ozonefs/target/test-dir/MiniOzoneClusterImpl-088aa02b-f031-4543-a6bb-6028fe72d65a/datanode-0/data/ratis/69b41bae-d060-4212-862b-42d7afb98adf close()
2019-08-24 11:58:43,233 [Thread-874] INFO  impl.RaftServerImpl (RaftServerImpl.java:lambda$shutdown$3(245)) - c8960297-d694-4cc3-af61-23c42a4c09b2: shutdown group-2849DD617A46
2019-08-24 11:58:43,236 [ForkJoinPool.commonPool-worker-0] INFO  impl.RaftServerImpl (RaftServerImpl.java:lambda$shutdown$3(245)) - 641e96bf-ab84-4ba0-9aa9-e2e8520824c0: shutdown group-8538F27A3DC1
2019-08-24 11:58:43,236 [Thread-874] INFO  util.JmxRegister (JmxRegister.java:unregister(73)) - Successfully un-registered JMX Bean with object name Ratis:service=RaftServer,group=group-2849DD617A46,id=c8960297-d694-4cc3-af61-23c42a4c09b2
2019-08-24 11:58:43,237 [ForkJoinPool.commonPool-worker-0] INFO  util.JmxRegister (JmxRegister.java:unregister(73)) - Successfully un-registered JMX Bean with object name Ratis:service=RaftServer,group=group-8538F27A3DC1,id=641e96bf-ab84-4ba0-9aa9-e2e8520824c0
2019-08-24 11:58:43,237 [Thread-874] INFO  impl.RoleInfo (RoleInfo.java:shutdownLeaderState(104)) - c8960297-d694-4cc3-af61-23c42a4c09b2: shutdown LeaderState
2019-08-24 11:58:43,237 [ForkJoinPool.commonPool-worker-0] INFO  impl.RoleInfo (RoleInfo.java:shutdownLeaderState(104)) - 641e96bf-ab84-4ba0-9aa9-e2e8520824c0: shutdown LeaderState
2019-08-24 11:58:43,238 [Thread-874] INFO  impl.PendingRequests (PendingRequests.java:sendNotLeaderResponses(202)) - c8960297-d694-4cc3-af61-23c42a4c09b2-PendingRequests: sendNotLeaderResponses
2019-08-24 11:58:43,238 [ForkJoinPool.commonPool-worker-0] INFO  impl.PendingRequests (PendingRequests.java:sendNotLeaderResponses(202)) - 641e96bf-ab84-4ba0-9aa9-e2e8520824c0-PendingRequests: sendNotLeaderResponses
2019-08-24 11:58:43,238 [Thread-874] INFO  impl.StateMachineUpdater (StateMachineUpdater.java:stopAndJoin(115)) - StateMachineUpdater:c8960297-d694-4cc3-af61-23c42a4c09b2:group-2849DD617A46: set stopIndex = 0
2019-08-24 11:58:43,246 [Thread-874] INFO  impl.RaftServerImpl (ServerState.java:close(394)) - c8960297-d694-4cc3-af61-23c42a4c09b2:group-2849DD617A46 closes. The last applied log index is 0
2019-08-24 11:58:43,240 [ForkJoinPool.commonPool-worker-0] INFO  impl.StateMachineUpdater (StateMachineUpdater.java:stopAndJoin(115)) - StateMachineUpdater:641e96bf-ab84-4ba0-9aa9-e2e8520824c0:group-8538F27A3DC1: set stopIndex = 0
2019-08-24 11:58:43,247 [c8960297-d694-4cc3-af61-23c42a4c09b2-SegmentedRaftLogWorker:Storage Directory /workdir/hadoop-ozone/ozonefs/target/test-dir/MiniOzoneClusterImpl-088aa02b-f031-4543-a6bb-6028fe72d65a/datanode-1/data/ratis/b9769a8d-fa05-42b5-8afd-2849dd617a46] INFO  segmented.SegmentedRaftLogWorker (SegmentedRaftLogWorker.java:run(313)) - c8960297-d694-4cc3-af61-23c42a4c09b2-SegmentedRaftLogWorker:Storage Directory /workdir/hadoop-ozone/ozonefs/target/test-dir/MiniOzoneClusterImpl-088aa02b-f031-4543-a6bb-6028fe72d65a/datanode-1/data/ratis/b9769a8d-fa05-42b5-8afd-2849dd617a46 was interrupted, exiting. There are 0 tasks remaining in the queue.
2019-08-24 11:58:43,247 [ForkJoinPool.commonPool-worker-0] INFO  impl.RaftServerImpl (ServerState.java:close(394)) - 641e96bf-ab84-4ba0-9aa9-e2e8520824c0:group-8538F27A3DC1 closes. The last applied log index is 0
2019-08-24 11:58:43,249 [Thread-874] INFO  segmented.SegmentedRaftLogWorker (SegmentedRaftLogWorker.java:close(228)) - c8960297-d694-4cc3-af61-23c42a4c09b2-SegmentedRaftLogWorker:Storage Directory /workdir/hadoop-ozone/ozonefs/target/test-dir/MiniOzoneClusterImpl-088aa02b-f031-4543-a6bb-6028fe72d65a/datanode-1/data/ratis/b9769a8d-fa05-42b5-8afd-2849dd617a46 close()
2019-08-24 11:58:43,249 [641e96bf-ab84-4ba0-9aa9-e2e8520824c0-SegmentedRaftLogWorker:Storage Directory /workdir/hadoop-ozone/ozonefs/target/test-dir/MiniOzoneClusterImpl-088aa02b-f031-4543-a6bb-6028fe72d65a/datanode-0/data/ratis/afad3af9-9398-4aa7-a71b-8538f27a3dc1] INFO  segmented.SegmentedRaftLogWorker (SegmentedRaftLogWorker.java:run(313)) - 641e96bf-ab84-4ba0-9aa9-e2e8520824c0-SegmentedRaftLogWorker:Storage Directory /workdir/hadoop-ozone/ozonefs/target/test-dir/MiniOzoneClusterImpl-088aa02b-f031-4543-a6bb-6028fe72d65a/datanode-0/data/ratis/afad3af9-9398-4aa7-a71b-8538f27a3dc1 was interrupted, exiting. There are 0 tasks remaining in the queue.
2019-08-24 11:58:43,252 [Thread-874] INFO  server.GrpcService (GrpcService.java:closeImpl(155)) - c8960297-d694-4cc3-af61-23c42a4c09b2: shutdown server with port 33170 now
2019-08-24 11:58:43,253 [ForkJoinPool.commonPool-worker-0] INFO  segmented.SegmentedRaftLogWorker (SegmentedRaftLogWorker.java:close(228)) - 641e96bf-ab84-4ba0-9aa9-e2e8520824c0-SegmentedRaftLogWorker:Storage Directory /workdir/hadoop-ozone/ozonefs/target/test-dir/MiniOzoneClusterImpl-088aa02b-f031-4543-a6bb-6028fe72d65a/datanode-0/data/ratis/afad3af9-9398-4aa7-a71b-8538f27a3dc1 close()
2019-08-24 11:58:43,261 [ForkJoinPool.commonPool-worker-0] INFO  server.GrpcService (GrpcService.java:closeImpl(155)) - 641e96bf-ab84-4ba0-9aa9-e2e8520824c0: shutdown server with port 46225 now
2019-08-24 11:58:43,267 [ForkJoinPool.commonPool-worker-0] INFO  server.GrpcService (GrpcService.java:closeImpl(163)) - 641e96bf-ab84-4ba0-9aa9-e2e8520824c0: shutdown server with port 46225 successfully
2019-08-24 11:58:43,268 [Thread-874] INFO  server.GrpcService (GrpcService.java:closeImpl(163)) - c8960297-d694-4cc3-af61-23c42a4c09b2: shutdown server with port 33170 successfully
2019-08-24 11:58:43,270 [grpc-default-executor-3] WARN  server.GrpcLogAppender (LogUtils.java:warn(134)) - f7446dd1-fdb5-4213-9a5e-08cf8328e077->c8960297-d694-4cc3-af61-23c42a4c09b2: Failed appendEntries: org.apache.ratis.thirdparty.io.grpc.StatusRuntimeException: CANCELLED: HTTP/2 error code: CANCEL
Received Rst Stream
2019-08-24 11:58:43,270 [grpc-default-executor-2] WARN  server.GrpcLogAppender (LogUtils.java:warn(134)) - f7446dd1-fdb5-4213-9a5e-08cf8328e077->641e96bf-ab84-4ba0-9aa9-e2e8520824c0: Failed appendEntries: org.apache.ratis.thirdparty.io.grpc.StatusRuntimeException: CANCELLED: HTTP/2 error code: CANCEL
Received Rst Stream
2019-08-24 11:58:43,270 [grpc-default-executor-1] WARN  server.GrpcServerProtocolService (LogUtils.java:warn(134)) - 641e96bf-ab84-4ba0-9aa9-e2e8520824c0: appendEntries onError: org.apache.ratis.thirdparty.io.grpc.StatusRuntimeException: CANCELLED: cancelled before receiving half close
2019-08-24 11:58:43,270 [grpc-default-executor-4] WARN  server.GrpcServerProtocolService (LogUtils.java:warn(134)) - c8960297-d694-4cc3-af61-23c42a4c09b2: appendEntries onError: org.apache.ratis.thirdparty.io.grpc.StatusRuntimeException: CANCELLED: cancelled before receiving half close
2019-08-24 11:58:43,276 [grpc-default-executor-2] INFO  impl.FollowerInfo (FollowerInfo.java:lambda$new$0(50)) - f7446dd1-fdb5-4213-9a5e-08cf8328e077->641e96bf-ab84-4ba0-9aa9-e2e8520824c0: nextIndex: updateUnconditionally 1 -> 0
2019-08-24 11:58:43,272 [grpc-default-executor-3] INFO  impl.FollowerInfo (FollowerInfo.java:lambda$new$0(50)) - f7446dd1-fdb5-4213-9a5e-08cf8328e077->c8960297-d694-4cc3-af61-23c42a4c09b2: nextIndex: updateUnconditionally 1 -> 0
2019-08-24 11:58:43,282 [ForkJoinPool.commonPool-worker-0] INFO  utils.BackgroundService (BackgroundService.java:shutdown(148)) - Shutting down service BlockDeletingService
2019-08-24 11:58:43,282 [Thread-874] INFO  utils.BackgroundService (BackgroundService.java:shutdown(148)) - Shutting down service BlockDeletingService
2019-08-24 11:58:43,285 [refreshUsed-/workdir/hadoop-ozone/ozonefs/target/test-dir/MiniOzoneClusterImpl-088aa02b-f031-4543-a6bb-6028fe72d65a/datanode-0/data/containers] WARN  fs.CachingGetSpaceUsed (CachingGetSpaceUsed.java:run(183)) - Thread Interrupted waiting to refresh disk information: sleep interrupted
2019-08-24 11:58:43,287 [refreshUsed-/workdir/hadoop-ozone/ozonefs/target/test-dir/MiniOzoneClusterImpl-088aa02b-f031-4543-a6bb-6028fe72d65a/datanode-1/data/containers] WARN  fs.CachingGetSpaceUsed (CachingGetSpaceUsed.java:run(183)) - Thread Interrupted waiting to refresh disk information: sleep interrupted
2019-08-24 11:58:43,315 [ForkJoinPool.commonPool-worker-0] INFO  statemachine.DatanodeStateMachine (DatanodeStateMachine.java:stopDaemon(395)) - Ozone container server stopped.
2019-08-24 11:58:43,317 [Thread-874] INFO  statemachine.DatanodeStateMachine (DatanodeStateMachine.java:stopDaemon(395)) - Ozone container server stopped.
2019-08-24 11:58:43,320 [ForkJoinPool.commonPool-worker-0] INFO  handler.ContextHandler (ContextHandler.java:doStop(910)) - Stopped o.e.j.w.WebAppContext@551f5497{/,null,UNAVAILABLE}{/hddsDatanode}
2019-08-24 11:58:43,320 [Thread-874] INFO  handler.ContextHandler (ContextHandler.java:doStop(910)) - Stopped o.e.j.w.WebAppContext@6bb81c90{/,null,UNAVAILABLE}{/hddsDatanode}
2019-08-24 11:58:43,321 [Thread-874] INFO  server.AbstractConnector (AbstractConnector.java:doStop(318)) - Stopped ServerConnector@69e6cb1c{HTTP/1.1,[http/1.1]}{0.0.0.0:0}
2019-08-24 11:58:43,321 [ForkJoinPool.commonPool-worker-0] INFO  server.AbstractConnector (AbstractConnector.java:doStop(318)) - Stopped ServerConnector@6b798ffc{HTTP/1.1,[http/1.1]}{0.0.0.0:0}
2019-08-24 11:58:43,321 [Thread-874] INFO  handler.ContextHandler (ContextHandler.java:doStop(910)) - Stopped o.e.j.s.ServletContextHandler@7ca8847e{/static,jar:file:/home/user/.m2/repository/org/apache/hadoop/hadoop-hdds-container-service/0.5.0-SNAPSHOT/hadoop-hdds-container-service-0.5.0-SNAPSHOT.jar!/webapps/static,UNAVAILABLE}
2019-08-24 11:58:43,322 [ForkJoinPool.commonPool-worker-0] INFO  handler.ContextHandler (ContextHandler.java:doStop(910)) - Stopped o.e.j.s.ServletContextHandler@5e32c5bf{/static,jar:file:/home/user/.m2/repository/org/apache/hadoop/hadoop-hdds-container-service/0.5.0-SNAPSHOT/hadoop-hdds-container-service-0.5.0-SNAPSHOT.jar!/webapps/static,UNAVAILABLE}
2019-08-24 11:58:43,322 [Thread-874] INFO  handler.ContextHandler (ContextHandler.java:doStop(910)) - Stopped o.e.j.s.ServletContextHandler@20ddca30{/logs,file:///workdir/hadoop-ozone/ozonefs/target/log,UNAVAILABLE}
2019-08-24 11:58:43,323 [ForkJoinPool.commonPool-worker-0] INFO  handler.ContextHandler (ContextHandler.java:doStop(910)) - Stopped o.e.j.s.ServletContextHandler@229859a2{/logs,file:///workdir/hadoop-ozone/ozonefs/target/log,UNAVAILABLE}
2019-08-24 11:58:44,056 [Datanode State Machine Thread - 0] INFO  statemachine.DatanodeStateMachine (DatanodeStateMachine.java:lambda$startDaemon$0(350)) - Ozone container server started.
2019-08-24 11:58:44,975 [grpc-default-executor-0] WARN  server.GrpcLogAppender (LogUtils.java:warn(134)) - f7446dd1-fdb5-4213-9a5e-08cf8328e077->641e96bf-ab84-4ba0-9aa9-e2e8520824c0: Failed appendEntries: org.apache.ratis.thirdparty.io.grpc.StatusRuntimeException: UNAVAILABLE: io exception
2019-08-24 11:58:44,976 [grpc-default-executor-5] WARN  server.GrpcLogAppender (LogUtils.java:warn(134)) - f7446dd1-fdb5-4213-9a5e-08cf8328e077->c8960297-d694-4cc3-af61-23c42a4c09b2: Failed appendEntries: org.apache.ratis.thirdparty.io.grpc.StatusRuntimeException: UNAVAILABLE: io exception
2019-08-24 11:58:44,977 [grpc-default-executor-0] INFO  impl.FollowerInfo (FollowerInfo.java:lambda$new$0(50)) - f7446dd1-fdb5-4213-9a5e-08cf8328e077->641e96bf-ab84-4ba0-9aa9-e2e8520824c0: nextIndex: updateUnconditionally 0 -> 0
2019-08-24 11:58:44,978 [grpc-default-executor-5] INFO  impl.FollowerInfo (FollowerInfo.java:lambda$new$0(50)) - f7446dd1-fdb5-4213-9a5e-08cf8328e077->c8960297-d694-4cc3-af61-23c42a4c09b2: nextIndex: updateUnconditionally 0 -> 0
2019-08-24 11:58:47,478 [grpc-default-executor-4] WARN  server.GrpcLogAppender (LogUtils.java:warn(134)) - f7446dd1-fdb5-4213-9a5e-08cf8328e077->641e96bf-ab84-4ba0-9aa9-e2e8520824c0: Failed appendEntries: org.apache.ratis.thirdparty.io.grpc.StatusRuntimeException: UNAVAILABLE: io exception
2019-08-24 11:58:47,478 [grpc-default-executor-1] WARN  server.GrpcLogAppender (LogUtils.java:warn(134)) - f7446dd1-fdb5-4213-9a5e-08cf8328e077->c8960297-d694-4cc3-af61-23c42a4c09b2: Failed appendEntries: org.apache.ratis.thirdparty.io.grpc.StatusRuntimeException: UNAVAILABLE: io exception
2019-08-24 11:58:47,480 [grpc-default-executor-4] INFO  impl.FollowerInfo (FollowerInfo.java:lambda$new$0(50)) - f7446dd1-fdb5-4213-9a5e-08cf8328e077->641e96bf-ab84-4ba0-9aa9-e2e8520824c0: nextIndex: updateUnconditionally 0 -> 0
2019-08-24 11:58:47,481 [grpc-default-executor-1] INFO  impl.FollowerInfo (FollowerInfo.java:lambda$new$0(50)) - f7446dd1-fdb5-4213-9a5e-08cf8328e077->c8960297-d694-4cc3-af61-23c42a4c09b2: nextIndex: updateUnconditionally 0 -> 0
2019-08-24 11:58:48,327 [Thread-874] INFO  ozoneimpl.OzoneContainer (OzoneContainer.java:stop(199)) - Attempting to stop container services.
2019-08-24 11:58:48,328 [Thread-874] INFO  impl.RaftServerProxy (RaftServerProxy.java:lambda$close$4(314)) - f7446dd1-fdb5-4213-9a5e-08cf8328e077: close
2019-08-24 11:58:48,329 [Thread-874] INFO  impl.RaftServerImpl (RaftServerImpl.java:lambda$shutdown$3(245)) - f7446dd1-fdb5-4213-9a5e-08cf8328e077: shutdown group-42D7AFB98ADF
2019-08-24 11:58:48,329 [ForkJoinPool.commonPool-worker-1] INFO  impl.RaftServerImpl (RaftServerImpl.java:lambda$shutdown$3(245)) - f7446dd1-fdb5-4213-9a5e-08cf8328e077: shutdown group-095FCF6F5137
2019-08-24 11:58:48,329 [Thread-874] INFO  util.JmxRegister (JmxRegister.java:unregister(73)) - Successfully un-registered JMX Bean with object name Ratis:service=RaftServer,group=group-42D7AFB98ADF,id=f7446dd1-fdb5-4213-9a5e-08cf8328e077
2019-08-24 11:58:48,329 [ForkJoinPool.commonPool-worker-1] INFO  util.JmxRegister (JmxRegister.java:unregister(73)) - Successfully un-registered JMX Bean with object name Ratis:service=RaftServer,group=group-095FCF6F5137,id=f7446dd1-fdb5-4213-9a5e-08cf8328e077
2019-08-24 11:58:48,329 [Thread-874] INFO  impl.RoleInfo (RoleInfo.java:shutdownLeaderState(104)) - f7446dd1-fdb5-4213-9a5e-08cf8328e077: shutdown LeaderState
2019-08-24 11:58:48,330 [ForkJoinPool.commonPool-worker-1] INFO  impl.RoleInfo (RoleInfo.java:shutdownLeaderState(104)) - f7446dd1-fdb5-4213-9a5e-08cf8328e077: shutdown LeaderState
2019-08-24 11:58:48,332 [Thread-874] INFO  impl.PendingRequests (PendingRequests.java:sendNotLeaderResponses(202)) - f7446dd1-fdb5-4213-9a5e-08cf8328e077-PendingRequests: sendNotLeaderResponses
2019-08-24 11:58:48,332 [org.apache.ratis.server.impl.LogAppender$AppenderDaemon$$Lambda$448/1207628922@14559dc9] WARN  server.GrpcLogAppender (GrpcLogAppender.java:mayWait(143)) - GrpcLogAppender(f7446dd1-fdb5-4213-9a5e-08cf8328e077->641e96bf-ab84-4ba0-9aa9-e2e8520824c0): Wait interrupted by java.lang.InterruptedException
2019-08-24 11:58:48,332 [ForkJoinPool.commonPool-worker-1] INFO  impl.PendingRequests (PendingRequests.java:sendNotLeaderResponses(202)) - f7446dd1-fdb5-4213-9a5e-08cf8328e077-PendingRequests: sendNotLeaderResponses
2019-08-24 11:58:48,332 [org.apache.ratis.server.impl.LogAppender$AppenderDaemon$$Lambda$448/1207628922@51570127] WARN  server.GrpcLogAppender (GrpcLogAppender.java:mayWait(143)) - GrpcLogAppender(f7446dd1-fdb5-4213-9a5e-08cf8328e077->c8960297-d694-4cc3-af61-23c42a4c09b2): Wait interrupted by java.lang.InterruptedException
2019-08-24 11:58:48,333 [Thread-874] INFO  impl.StateMachineUpdater (StateMachineUpdater.java:stopAndJoin(115)) - StateMachineUpdater:f7446dd1-fdb5-4213-9a5e-08cf8328e077:group-42D7AFB98ADF: set stopIndex = 0
2019-08-24 11:58:48,333 [ForkJoinPool.commonPool-worker-1] INFO  impl.StateMachineUpdater (StateMachineUpdater.java:stopAndJoin(115)) - StateMachineUpdater:f7446dd1-fdb5-4213-9a5e-08cf8328e077:group-095FCF6F5137: set stopIndex = 0
2019-08-24 11:58:48,333 [Thread-874] INFO  impl.RaftServerImpl (ServerState.java:close(394)) - f7446dd1-fdb5-4213-9a5e-08cf8328e077:group-42D7AFB98ADF closes. The last applied log index is 0
2019-08-24 11:58:48,333 [ForkJoinPool.commonPool-worker-1] INFO  impl.RaftServerImpl (ServerState.java:close(394)) - f7446dd1-fdb5-4213-9a5e-08cf8328e077:group-095FCF6F5137 closes. The last applied log index is 0
2019-08-24 11:58:48,334 [f7446dd1-fdb5-4213-9a5e-08cf8328e077-SegmentedRaftLogWorker:Storage Directory /workdir/hadoop-ozone/ozonefs/target/test-dir/MiniOzoneClusterImpl-088aa02b-f031-4543-a6bb-6028fe72d65a/datanode-2/data/ratis/69b41bae-d060-4212-862b-42d7afb98adf] INFO  segmented.SegmentedRaftLogWorker (SegmentedRaftLogWorker.java:run(313)) - f7446dd1-fdb5-4213-9a5e-08cf8328e077-SegmentedRaftLogWorker:Storage Directory /workdir/hadoop-ozone/ozonefs/target/test-dir/MiniOzoneClusterImpl-088aa02b-f031-4543-a6bb-6028fe72d65a/datanode-2/data/ratis/69b41bae-d060-4212-862b-42d7afb98adf was interrupted, exiting. There are 0 tasks remaining in the queue.
2019-08-24 11:58:48,334 [f7446dd1-fdb5-4213-9a5e-08cf8328e077-SegmentedRaftLogWorker:Storage Directory /workdir/hadoop-ozone/ozonefs/target/test-dir/MiniOzoneClusterImpl-088aa02b-f031-4543-a6bb-6028fe72d65a/datanode-2/data/ratis/6a46341f-eab2-40a6-b406-095fcf6f5137] INFO  segmented.SegmentedRaftLogWorker (SegmentedRaftLogWorker.java:run(313)) - f7446dd1-fdb5-4213-9a5e-08cf8328e077-SegmentedRaftLogWorker:Storage Directory /workdir/hadoop-ozone/ozonefs/target/test-dir/MiniOzoneClusterImpl-088aa02b-f031-4543-a6bb-6028fe72d65a/datanode-2/data/ratis/6a46341f-eab2-40a6-b406-095fcf6f5137 was interrupted, exiting. There are 0 tasks remaining in the queue.
2019-08-24 11:58:48,334 [Thread-874] INFO  segmented.SegmentedRaftLogWorker (SegmentedRaftLogWorker.java:close(228)) - f7446dd1-fdb5-4213-9a5e-08cf8328e077-SegmentedRaftLogWorker:Storage Directory /workdir/hadoop-ozone/ozonefs/target/test-dir/MiniOzoneClusterImpl-088aa02b-f031-4543-a6bb-6028fe72d65a/datanode-2/data/ratis/69b41bae-d060-4212-862b-42d7afb98adf close()
2019-08-24 11:58:48,334 [ForkJoinPool.commonPool-worker-1] INFO  segmented.SegmentedRaftLogWorker (SegmentedRaftLogWorker.java:close(228)) - f7446dd1-fdb5-4213-9a5e-08cf8328e077-SegmentedRaftLogWorker:Storage Directory /workdir/hadoop-ozone/ozonefs/target/test-dir/MiniOzoneClusterImpl-088aa02b-f031-4543-a6bb-6028fe72d65a/datanode-2/data/ratis/6a46341f-eab2-40a6-b406-095fcf6f5137 close()
2019-08-24 11:58:48,336 [Thread-874] INFO  server.GrpcService (GrpcService.java:closeImpl(155)) - f7446dd1-fdb5-4213-9a5e-08cf8328e077: shutdown server with port 42029 now
2019-08-24 11:58:48,336 [Thread-874] INFO  server.GrpcService (GrpcService.java:closeImpl(163)) - f7446dd1-fdb5-4213-9a5e-08cf8328e077: shutdown server with port 42029 successfully
2019-08-24 11:58:48,341 [Thread-874] INFO  utils.BackgroundService (BackgroundService.java:shutdown(148)) - Shutting down service BlockDeletingService
2019-08-24 11:58:48,343 [refreshUsed-/workdir/hadoop-ozone/ozonefs/target/test-dir/MiniOzoneClusterImpl-088aa02b-f031-4543-a6bb-6028fe72d65a/datanode-2/data/containers] WARN  fs.CachingGetSpaceUsed (CachingGetSpaceUsed.java:run(183)) - Thread Interrupted waiting to refresh disk information: sleep interrupted
2019-08-24 11:58:48,366 [Thread-874] INFO  statemachine.DatanodeStateMachine (DatanodeStateMachine.java:stopDaemon(395)) - Ozone container server stopped.
2019-08-24 11:58:48,367 [Thread-874] INFO  handler.ContextHandler (ContextHandler.java:doStop(910)) - Stopped o.e.j.w.WebAppContext@71c0c1f6{/,null,UNAVAILABLE}{/hddsDatanode}
2019-08-24 11:58:48,368 [Thread-874] INFO  server.AbstractConnector (AbstractConnector.java:doStop(318)) - Stopped ServerConnector@35873c01{HTTP/1.1,[http/1.1]}{0.0.0.0:0}
2019-08-24 11:58:48,368 [Thread-874] INFO  handler.ContextHandler (ContextHandler.java:doStop(910)) - Stopped o.e.j.s.ServletContextHandler@3a9ec5fa{/static,jar:file:/home/user/.m2/repository/org/apache/hadoop/hadoop-hdds-container-service/0.5.0-SNAPSHOT/hadoop-hdds-container-service-0.5.0-SNAPSHOT.jar!/webapps/static,UNAVAILABLE}
2019-08-24 11:58:48,369 [Thread-874] INFO  handler.ContextHandler (ContextHandler.java:doStop(910)) - Stopped o.e.j.s.ServletContextHandler@3581a37e{/logs,file:///workdir/hadoop-ozone/ozonefs/target/log,UNAVAILABLE}
2019-08-24 11:58:48,370 [Thread-874] INFO  ozone.MiniOzoneClusterImpl (MiniOzoneClusterImpl.java:stop(339)) - Stopping the StorageContainerManager
2019-08-24 11:58:48,370 [Thread-874] INFO  server.StorageContainerManager (StorageContainerManager.java:stop(797)) - Stopping Replication Manager Service.
2019-08-24 11:58:48,370 [Thread-874] INFO  container.ReplicationManager (ReplicationManager.java:stop(193)) - Stopping Replication Monitor Thread.
2019-08-24 11:58:48,370 [Thread-874] INFO  server.StorageContainerManager (StorageContainerManager.java:stop(804)) - Stopping Lease Manager of the command watchers
2019-08-24 11:58:48,371 [Thread-874] INFO  server.StorageContainerManager (StorageContainerManager.java:stop(811)) - Stopping datanode service RPC server
2019-08-24 11:58:48,371 [Thread-874] INFO  server.SCMDatanodeProtocolServer (SCMDatanodeProtocolServer.java:stop(367)) - Stopping the RPC server for DataNodes
2019-08-24 11:58:48,371 [Thread-874] INFO  ipc.Server (Server.java:stop(3082)) - Stopping server on 40884
2019-08-24 11:58:48,374 [IPC Server listener on 40884] INFO  ipc.Server (Server.java:run(1185)) - Stopping IPC Server listener on 40884
2019-08-24 11:58:48,374 [IPC Server Responder] INFO  ipc.Server (Server.java:run(1319)) - Stopping IPC Server Responder
2019-08-24 11:58:48,399 [SCM Heartbeat Processing Thread - 0] WARN  node.NodeStateManager (NodeStateManager.java:scheduleNextHealthCheck(646)) - Current Thread is interrupted, shutting down HB processing thread for Node Manager.
2019-08-24 11:58:48,400 [Thread-874] INFO  server.StorageContainerManager (StorageContainerManager.java:stop(819)) - Stopping block service RPC server
2019-08-24 11:58:48,400 [Thread-874] INFO  server.SCMBlockProtocolServer (SCMBlockProtocolServer.java:stop(148)) - Stopping the RPC server for Block Protocol
2019-08-24 11:58:48,400 [Thread-874] INFO  ipc.Server (Server.java:stop(3082)) - Stopping server on 46707
2019-08-24 11:58:48,403 [IPC Server listener on 46707] INFO  ipc.Server (Server.java:run(1185)) - Stopping IPC Server listener on 46707
2019-08-24 11:58:48,403 [Thread-874] INFO  server.StorageContainerManager (StorageContainerManager.java:stop(826)) - Stopping the StorageContainerLocationProtocol RPC server
2019-08-24 11:58:48,403 [Thread-874] INFO  server.SCMClientProtocolServer (SCMClientProtocolServer.java:stop(159)) - Stopping the RPC server for Client Protocol
2019-08-24 11:58:48,404 [Thread-874] INFO  ipc.Server (Server.java:stop(3082)) - Stopping server on 39308
2019-08-24 11:58:48,403 [IPC Server Responder] INFO  ipc.Server (Server.java:run(1319)) - Stopping IPC Server Responder
2019-08-24 11:58:48,405 [Thread-874] INFO  server.StorageContainerManager (StorageContainerManager.java:stop(833)) - Stopping Storage Container Manager HTTP server.
2019-08-24 11:58:48,405 [IPC Server listener on 39308] INFO  ipc.Server (Server.java:run(1185)) - Stopping IPC Server listener on 39308
2019-08-24 11:58:48,406 [IPC Server Responder] INFO  ipc.Server (Server.java:run(1319)) - Stopping IPC Server Responder
2019-08-24 11:58:48,407 [Thread-874] INFO  handler.ContextHandler (ContextHandler.java:doStop(910)) - Stopped o.e.j.w.WebAppContext@7131cbc4{/,null,UNAVAILABLE}{/scm}
2019-08-24 11:58:48,408 [Thread-874] INFO  server.AbstractConnector (AbstractConnector.java:doStop(318)) - Stopped ServerConnector@28009cde{HTTP/1.1,[http/1.1]}{0.0.0.0:0}
2019-08-24 11:58:48,408 [Thread-874] INFO  handler.ContextHandler (ContextHandler.java:doStop(910)) - Stopped o.e.j.s.ServletContextHandler@6fca0493{/static,jar:file:/home/user/.m2/repository/org/apache/hadoop/hadoop-hdds-server-scm/0.5.0-SNAPSHOT/hadoop-hdds-server-scm-0.5.0-SNAPSHOT.jar!/webapps/static,UNAVAILABLE}
2019-08-24 11:58:48,408 [Thread-874] INFO  handler.ContextHandler (ContextHandler.java:doStop(910)) - Stopped o.e.j.s.ServletContextHandler@7b6a0ef6{/logs,file:///workdir/hadoop-ozone/ozonefs/target/log,UNAVAILABLE}
2019-08-24 11:58:48,409 [Thread-874] INFO  server.StorageContainerManager (StorageContainerManager.java:stop(844)) - Stopping Block Manager Service.
2019-08-24 11:58:48,410 [Thread-874] INFO  utils.BackgroundService (BackgroundService.java:shutdown(148)) - Shutting down service SCMBlockDeletingService
2019-08-24 11:58:48,410 [Thread-874] INFO  utils.BackgroundService (BackgroundService.java:shutdown(148)) - Shutting down service SCMBlockDeletingService
2019-08-24 11:58:48,411 [Thread-874] INFO  server.StorageContainerManager (StorageContainerManager.java:stop(866)) - Stopping SCM Event Queue.
2019-08-24 11:58:48,414 [Thread-874] INFO  impl.MetricsSystemImpl (MetricsSystemImpl.java:stop(210)) - Stopping HddsDatanode metrics system...
2019-08-24 11:58:48,418 [Thread-874] INFO  impl.MetricsSystemImpl (MetricsSystemImpl.java:stop(216)) - HddsDatanode metrics system stopped.
]]></system-out>
  </testcase>
  <testcase name="testDeleteCreatesFakeParentDir" classname="org.apache.hadoop.fs.ozone.TestOzoneFileSystem" time="17.274">
    <error message="Bucket or Volume name is null" type="java.lang.IllegalArgumentException">java.lang.IllegalArgumentException: Bucket or Volume name is null
	at org.apache.hadoop.hdds.scm.client.HddsClientUtils.verifyResourceName(HddsClientUtils.java:142)
	at org.apache.hadoop.ozone.client.rpc.RpcClient.getVolumeDetails(RpcClient.java:321)
	at sun.reflect.NativeMethodAccessorImpl.invoke0(Native Method)
	at sun.reflect.NativeMethodAccessorImpl.invoke(NativeMethodAccessorImpl.java:62)
	at sun.reflect.DelegatingMethodAccessorImpl.invoke(DelegatingMethodAccessorImpl.java:43)
	at java.lang.reflect.Method.invoke(Method.java:498)
	at org.apache.hadoop.ozone.client.OzoneClientInvocationHandler.invoke(OzoneClientInvocationHandler.java:54)
	at com.sun.proxy.$Proxy51.getVolumeDetails(Unknown Source)
	at sun.reflect.NativeMethodAccessorImpl.invoke0(Native Method)
	at sun.reflect.NativeMethodAccessorImpl.invoke(NativeMethodAccessorImpl.java:62)
	at sun.reflect.DelegatingMethodAccessorImpl.invoke(DelegatingMethodAccessorImpl.java:43)
	at java.lang.reflect.Method.invoke(Method.java:498)
	at org.apache.hadoop.hdds.tracing.TraceAllMethod.invoke(TraceAllMethod.java:66)
	at com.sun.proxy.$Proxy51.getVolumeDetails(Unknown Source)
	at org.apache.hadoop.ozone.client.ObjectStore.getVolume(ObjectStore.java:171)
	at org.apache.hadoop.fs.ozone.TestOzoneFileSystem.getKey(TestOzoneFileSystem.java:271)
	at org.apache.hadoop.fs.ozone.TestOzoneFileSystem.testDeleteCreatesFakeParentDir(TestOzoneFileSystem.java:136)
	at sun.reflect.NativeMethodAccessorImpl.invoke0(Native Method)
	at sun.reflect.NativeMethodAccessorImpl.invoke(NativeMethodAccessorImpl.java:62)
	at sun.reflect.DelegatingMethodAccessorImpl.invoke(DelegatingMethodAccessorImpl.java:43)
	at java.lang.reflect.Method.invoke(Method.java:498)
	at org.junit.runners.model.FrameworkMethod$1.runReflectiveCall(FrameworkMethod.java:47)
	at org.junit.internal.runners.model.ReflectiveCallable.run(ReflectiveCallable.java:12)
	at org.junit.runners.model.FrameworkMethod.invokeExplosively(FrameworkMethod.java:44)
	at org.junit.internal.runners.statements.InvokeMethod.evaluate(InvokeMethod.java:17)
	at org.junit.internal.runners.statements.RunBefores.evaluate(RunBefores.java:26)
	at org.junit.internal.runners.statements.RunAfters.evaluate(RunAfters.java:27)
	at org.junit.internal.runners.statements.FailOnTimeout$StatementThread.run(FailOnTimeout.java:74)
</error>
    <system-out><![CDATA[2019-08-24 11:58:48,455 [Thread-1092] WARN  server.ServerUtils (ServerUtils.java:getScmDbDir(145)) - ozone.scm.db.dirs is not configured. We recommend adding this setting. Falling back to ozone.metadata.dirs instead.
2019-08-24 11:58:48,502 [Thread-1092] WARN  server.ServerUtils (ServerUtils.java:getScmDbDir(145)) - ozone.scm.db.dirs is not configured. We recommend adding this setting. Falling back to ozone.metadata.dirs instead.
2019-08-24 11:58:48,502 [Thread-1092] WARN  server.ServerUtils (ServerUtils.java:getScmDbDir(145)) - ozone.scm.db.dirs is not configured. We recommend adding this setting. Falling back to ozone.metadata.dirs instead.
2019-08-24 11:58:48,503 [Thread-1092] INFO  db.DBStoreBuilder (DBStoreBuilder.java:addTable(110)) - using custom profile for table: deletedBlocks
2019-08-24 11:58:48,503 [Thread-1092] INFO  db.DBStoreBuilder (DBStoreBuilder.java:processTables(161)) - Using default column profile:DBProfile.DISK for Table:deletedBlocks
2019-08-24 11:58:48,503 [Thread-1092] INFO  db.DBStoreBuilder (DBStoreBuilder.java:addTable(110)) - using custom profile for table: validCerts
2019-08-24 11:58:48,503 [Thread-1092] INFO  db.DBStoreBuilder (DBStoreBuilder.java:processTables(161)) - Using default column profile:DBProfile.DISK for Table:validCerts
2019-08-24 11:58:48,503 [Thread-1092] INFO  db.DBStoreBuilder (DBStoreBuilder.java:addTable(110)) - using custom profile for table: revokedCerts
2019-08-24 11:58:48,503 [Thread-1092] INFO  db.DBStoreBuilder (DBStoreBuilder.java:processTables(161)) - Using default column profile:DBProfile.DISK for Table:revokedCerts
2019-08-24 11:58:48,504 [Thread-1092] INFO  db.DBStoreBuilder (DBStoreBuilder.java:addTable(110)) - using custom profile for table: default
2019-08-24 11:58:48,504 [Thread-1092] INFO  db.DBStoreBuilder (DBStoreBuilder.java:processTables(167)) - Using default column profile:DBProfile.DISK for Table:default
2019-08-24 11:58:48,504 [Thread-1092] INFO  db.DBStoreBuilder (DBStoreBuilder.java:getDbProfile(198)) - Using default options. DBProfile.DISK
2019-08-24 11:58:48,722 [Thread-1092] INFO  net.NodeSchemaLoader (NodeSchemaLoader.java:loadSchemaFromFile(125)) - Loading file from sun.misc.CompoundEnumeration@6fe8a9c9
2019-08-24 11:58:48,722 [Thread-1092] INFO  net.NodeSchemaLoader (NodeSchemaLoader.java:loadSchema(171)) - Loading network topology layer schema file
2019-08-24 11:58:48,729 [Thread-1092] WARN  server.ServerUtils (ServerUtils.java:sanitizeUserArgs(70)) - ozone.scm.stale.node.interval value = 300000 is larger than max = 100000 based on the key value of ozone.scm.heartbeat.thread.interval, reset to the max value 100000.
2019-08-24 11:58:48,729 [Thread-1092] WARN  server.ServerUtils (ServerUtils.java:sanitizeUserArgs(70)) - ozone.scm.stale.node.interval value = 300000 is larger than max = 100000 based on the key value of ozone.scm.heartbeat.thread.interval, reset to the max value 100000.
2019-08-24 11:58:48,729 [Thread-1092] INFO  node.SCMNodeManager (SCMNodeManager.java:<init>(121)) - Entering startup safe mode.
2019-08-24 11:58:48,730 [Thread-1092] INFO  algorithms.ContainerPlacementPolicyFactory (ContainerPlacementPolicyFactory.java:getPolicy(55)) - Create container placement policy of type org.apache.hadoop.hdds.scm.container.placement.algorithms.SCMContainerPlacementRandom
2019-08-24 11:58:48,731 [Thread-1092] WARN  server.ServerUtils (ServerUtils.java:getScmDbDir(145)) - ozone.scm.db.dirs is not configured. We recommend adding this setting. Falling back to ozone.metadata.dirs instead.
2019-08-24 11:58:48,834 [Thread-1092] INFO  pipeline.SCMPipelineManager (SCMPipelineManager.java:initializePipelineState(126)) - No pipeline exists in current db
2019-08-24 11:58:48,835 [Thread-1092] WARN  server.ServerUtils (ServerUtils.java:getScmDbDir(145)) - ozone.scm.db.dirs is not configured. We recommend adding this setting. Falling back to ozone.metadata.dirs instead.
2019-08-24 11:58:48,979 [Thread-1092] WARN  events.EventQueue (EventQueue.java:fireEvent(175)) - No event handler registered for event TypedEvent{payloadType=SafeModeStatus, name='SafeModeStatus'}
2019-08-24 11:58:48,980 [Thread-1092] INFO  ipc.CallQueueManager (CallQueueManager.java:<init>(84)) - Using callQueue: class java.util.concurrent.LinkedBlockingQueue, queueCapacity: 2000, scheduler: class org.apache.hadoop.ipc.DefaultRpcScheduler, ipcBackoff: false.
2019-08-24 11:58:48,982 [Socket Reader #1 for port 39804] INFO  ipc.Server (Server.java:run(1074)) - Starting Socket Reader #1 for port 39804
2019-08-24 11:58:48,984 [Thread-1092] INFO  ipc.CallQueueManager (CallQueueManager.java:<init>(84)) - Using callQueue: class java.util.concurrent.LinkedBlockingQueue, queueCapacity: 2000, scheduler: class org.apache.hadoop.ipc.DefaultRpcScheduler, ipcBackoff: false.
2019-08-24 11:58:48,985 [Socket Reader #1 for port 33883] INFO  ipc.Server (Server.java:run(1074)) - Starting Socket Reader #1 for port 33883
2019-08-24 11:58:48,986 [Thread-1092] INFO  ipc.CallQueueManager (CallQueueManager.java:<init>(84)) - Using callQueue: class java.util.concurrent.LinkedBlockingQueue, queueCapacity: 2000, scheduler: class org.apache.hadoop.ipc.DefaultRpcScheduler, ipcBackoff: false.
2019-08-24 11:58:48,987 [Socket Reader #1 for port 33660] INFO  ipc.Server (Server.java:run(1074)) - Starting Socket Reader #1 for port 33660
2019-08-24 11:58:48,992 [Thread-1092] INFO  hdfs.DFSUtil (DFSUtil.java:httpServerTemplateForNNAndJN(1641)) - Starting Web-server for scm at: http://0.0.0.0:0
2019-08-24 11:58:48,996 [Thread-1092] INFO  server.AuthenticationFilter (AuthenticationFilter.java:constructSecretProvider(240)) - Unable to initialize FileSignerSecretProvider, falling back to use random secrets.
2019-08-24 11:58:48,997 [Thread-1092] WARN  http.HttpRequestLog (HttpRequestLog.java:getRequestLog(97)) - Jetty request log can only be enabled using Log4j
2019-08-24 11:58:49,000 [Thread-1092] INFO  http.HttpServer2 (HttpServer2.java:addGlobalFilter(975)) - Added global filter 'safety' (class=org.apache.hadoop.http.HttpServer2$QuotingInputFilter)
2019-08-24 11:58:49,001 [Thread-1092] INFO  http.HttpServer2 (HttpServer2.java:addFilter(948)) - Added filter static_user_filter (class=org.apache.hadoop.http.lib.StaticUserWebFilter$StaticUserFilter) to context scm
2019-08-24 11:58:49,001 [Thread-1092] INFO  http.HttpServer2 (HttpServer2.java:addFilter(958)) - Added filter static_user_filter (class=org.apache.hadoop.http.lib.StaticUserWebFilter$StaticUserFilter) to context logs
2019-08-24 11:58:49,001 [Thread-1092] INFO  http.HttpServer2 (HttpServer2.java:addFilter(958)) - Added filter static_user_filter (class=org.apache.hadoop.http.lib.StaticUserWebFilter$StaticUserFilter) to context static
2019-08-24 11:58:49,004 [Thread-1092] INFO  server.StorageContainerManager (StorageContainerManager.java:start(759)) - StorageContainerLocationProtocol RPC server is listening at /0.0.0.0:33660
2019-08-24 11:58:49,007 [Thread-1092] WARN  impl.MetricsConfig (MetricsConfig.java:loadFirst(134)) - Cannot locate configuration: tried hadoop-metrics2-storagecontainermanager.properties,hadoop-metrics2.properties
2019-08-24 11:58:49,008 [Thread-1092] INFO  impl.MetricsSystemImpl (MetricsSystemImpl.java:startTimer(374)) - Scheduled Metric snapshot period at 10 second(s).
2019-08-24 11:58:49,009 [Thread-1092] INFO  impl.MetricsSystemImpl (MetricsSystemImpl.java:start(191)) - StorageContainerManager metrics system started
2019-08-24 11:58:49,063 [Thread-1092] INFO  server.SCMClientProtocolServer (SCMClientProtocolServer.java:start(151)) - RPC server for Client  is listening at /0.0.0.0:33660
2019-08-24 11:58:49,063 [IPC Server Responder] INFO  ipc.Server (Server.java:run(1314)) - IPC Server Responder: starting
2019-08-24 11:58:49,063 [IPC Server listener on 33660] INFO  ipc.Server (Server.java:run(1153)) - IPC Server listener on 33660: starting
2019-08-24 11:58:49,067 [Thread-1092] INFO  server.StorageContainerManager (StorageContainerManager.java:start(769)) - ScmBlockLocationProtocol RPC server is listening at /0.0.0.0:33883
2019-08-24 11:58:49,067 [Thread-1092] INFO  server.SCMBlockProtocolServer (SCMBlockProtocolServer.java:start(140)) - RPC server for Block Protocol is listening at /0.0.0.0:33883
2019-08-24 11:58:49,067 [IPC Server Responder] INFO  ipc.Server (Server.java:run(1314)) - IPC Server Responder: starting
2019-08-24 11:58:49,067 [IPC Server listener on 33883] INFO  ipc.Server (Server.java:run(1153)) - IPC Server listener on 33883: starting
2019-08-24 11:58:49,070 [Thread-1092] INFO  server.StorageContainerManager (StorageContainerManager.java:start(773)) - ScmDatanodeProtocl RPC server is listening at /0.0.0.0:39804
2019-08-24 11:58:49,071 [Thread-1092] INFO  server.SCMDatanodeProtocolServer (SCMDatanodeProtocolServer.java:start(191)) - RPC server for DataNodes is listening at /0.0.0.0:39804
2019-08-24 11:58:49,071 [IPC Server Responder] INFO  ipc.Server (Server.java:run(1314)) - IPC Server Responder: starting
2019-08-24 11:58:49,071 [IPC Server listener on 39804] INFO  ipc.Server (Server.java:run(1153)) - IPC Server listener on 39804: starting
2019-08-24 11:58:49,077 [Thread-1092] INFO  http.HttpServer2 (HttpServer2.java:bindListener(1191)) - Jetty bound to port 41397
2019-08-24 11:58:49,077 [Thread-1092] INFO  server.Server (Server.java:doStart(351)) - jetty-9.3.24.v20180605, build timestamp: 2018-06-05T17:11:56Z, git hash: 84205aa28f11a4f31f2a3b86d1bba2cc8ab69827
2019-08-24 11:58:49,079 [Thread-1092] INFO  handler.ContextHandler (ContextHandler.java:doStart(781)) - Started o.e.j.s.ServletContextHandler@7cccdb18{/logs,file:///workdir/hadoop-ozone/ozonefs/target/log,AVAILABLE}
2019-08-24 11:58:49,080 [Thread-1092] INFO  handler.ContextHandler (ContextHandler.java:doStart(781)) - Started o.e.j.s.ServletContextHandler@6bc43618{/static,jar:file:/home/user/.m2/repository/org/apache/hadoop/hadoop-hdds-server-scm/0.5.0-SNAPSHOT/hadoop-hdds-server-scm-0.5.0-SNAPSHOT.jar!/webapps/static,AVAILABLE}
2019-08-24 11:58:49,121 [Thread-1092] INFO  handler.ContextHandler (ContextHandler.java:doStart(781)) - Started o.e.j.w.WebAppContext@26954fc8{/,file:///tmp/jetty-0.0.0.0-41397-scm-_-any-3801250108295415691.dir/webapp/,AVAILABLE}{/scm}
2019-08-24 11:58:49,122 [Thread-1092] INFO  server.AbstractConnector (AbstractConnector.java:doStart(278)) - Started ServerConnector@7b149440{HTTP/1.1,[http/1.1]}{0.0.0.0:41397}
2019-08-24 11:58:49,122 [Thread-1092] INFO  server.Server (Server.java:doStart(419)) - Started @92910ms
2019-08-24 11:58:49,123 [Thread-1092] INFO  server.BaseHttpServer (BaseHttpServer.java:updateConnectorAddress(213)) - HTTP server of SCM is listening at http://0.0.0.0:41397
2019-08-24 11:58:49,124 [Thread-1092] WARN  server.ServerUtils (ServerUtils.java:getDBPath(222)) - ozone.om.db.dirs is not configured. We recommend adding this setting. Falling back to ozone.metadata.dirs instead.
2019-08-24 11:58:49,125 [org.apache.hadoop.util.JvmPauseMonitor$Monitor@7e5b04d7] INFO  util.JvmPauseMonitor (JvmPauseMonitor.java:run(188)) - Starting JVM pause monitor
2019-08-24 11:58:49,148 [Thread-1092] WARN  server.ServerUtils (ServerUtils.java:getDBPath(222)) - ozone.om.db.dirs is not configured. We recommend adding this setting. Falling back to ozone.metadata.dirs instead.
2019-08-24 11:58:49,148 [Thread-1092] WARN  server.ServerUtils (ServerUtils.java:getDBPath(222)) - ozone.om.db.dirs is not configured. We recommend adding this setting. Falling back to ozone.metadata.dirs instead.
2019-08-24 11:58:49,149 [Thread-1092] INFO  om.OzoneManager (OzoneManager.java:setOMNodeDetails(648)) - OM Service ID is not set. Setting it to the default ID: omServiceIdDefault
2019-08-24 11:58:49,149 [Thread-1092] INFO  om.OzoneManager (OzoneManager.java:setOMNodeDetails(654)) - OM Node ID is not set. Setting it to the OmStorage's OmID: 04fcf3cc-28b0-4417-a399-6fe2babe5c87
2019-08-24 11:58:49,149 [Thread-1092] INFO  om.OzoneManager (OzoneManager.java:loadOMHAConfigs(605)) - Found matching OM address with OMServiceId: null, OMNodeId: null, RPC Address: localhost:0 and Ratis port: 9872
2019-08-24 11:58:49,158 | INFO  | SCMAudit | user=jenkins1000 | ip=192.168.36.101 | op=GET_SCM_INFO null | ret=SUCCESS |  
2019-08-24 11:58:49,161 [Thread-1092] WARN  server.ServerUtils (ServerUtils.java:getDBPath(222)) - ozone.om.db.dirs is not configured. We recommend adding this setting. Falling back to ozone.metadata.dirs instead.
2019-08-24 11:58:49,162 [Thread-1092] INFO  db.DBStoreBuilder (DBStoreBuilder.java:addTable(110)) - using custom profile for table: userTable
2019-08-24 11:58:49,162 [Thread-1092] INFO  db.DBStoreBuilder (DBStoreBuilder.java:processTables(161)) - Using default column profile:DBProfile.DISK for Table:userTable
2019-08-24 11:58:49,162 [Thread-1092] INFO  db.DBStoreBuilder (DBStoreBuilder.java:addTable(110)) - using custom profile for table: volumeTable
2019-08-24 11:58:49,162 [Thread-1092] INFO  db.DBStoreBuilder (DBStoreBuilder.java:processTables(161)) - Using default column profile:DBProfile.DISK for Table:volumeTable
2019-08-24 11:58:49,162 [Thread-1092] INFO  db.DBStoreBuilder (DBStoreBuilder.java:addTable(110)) - using custom profile for table: bucketTable
2019-08-24 11:58:49,162 [Thread-1092] INFO  db.DBStoreBuilder (DBStoreBuilder.java:processTables(161)) - Using default column profile:DBProfile.DISK for Table:bucketTable
2019-08-24 11:58:49,162 [Thread-1092] INFO  db.DBStoreBuilder (DBStoreBuilder.java:addTable(110)) - using custom profile for table: keyTable
2019-08-24 11:58:49,162 [Thread-1092] INFO  db.DBStoreBuilder (DBStoreBuilder.java:processTables(161)) - Using default column profile:DBProfile.DISK for Table:keyTable
2019-08-24 11:58:49,163 [Thread-1092] INFO  db.DBStoreBuilder (DBStoreBuilder.java:addTable(110)) - using custom profile for table: deletedTable
2019-08-24 11:58:49,163 [Thread-1092] INFO  db.DBStoreBuilder (DBStoreBuilder.java:processTables(161)) - Using default column profile:DBProfile.DISK for Table:deletedTable
2019-08-24 11:58:49,163 [Thread-1092] INFO  db.DBStoreBuilder (DBStoreBuilder.java:addTable(110)) - using custom profile for table: openKeyTable
2019-08-24 11:58:49,163 [Thread-1092] INFO  db.DBStoreBuilder (DBStoreBuilder.java:processTables(161)) - Using default column profile:DBProfile.DISK for Table:openKeyTable
2019-08-24 11:58:49,163 [Thread-1092] INFO  db.DBStoreBuilder (DBStoreBuilder.java:addTable(110)) - using custom profile for table: s3Table
2019-08-24 11:58:49,163 [Thread-1092] INFO  db.DBStoreBuilder (DBStoreBuilder.java:processTables(161)) - Using default column profile:DBProfile.DISK for Table:s3Table
2019-08-24 11:58:49,163 [Thread-1092] INFO  db.DBStoreBuilder (DBStoreBuilder.java:addTable(110)) - using custom profile for table: multipartInfoTable
2019-08-24 11:58:49,164 [Thread-1092] INFO  db.DBStoreBuilder (DBStoreBuilder.java:processTables(161)) - Using default column profile:DBProfile.DISK for Table:multipartInfoTable
2019-08-24 11:58:49,164 [Thread-1092] INFO  db.DBStoreBuilder (DBStoreBuilder.java:addTable(110)) - using custom profile for table: dTokenTable
2019-08-24 11:58:49,164 [Thread-1092] INFO  db.DBStoreBuilder (DBStoreBuilder.java:processTables(161)) - Using default column profile:DBProfile.DISK for Table:dTokenTable
2019-08-24 11:58:49,164 [Thread-1092] INFO  db.DBStoreBuilder (DBStoreBuilder.java:addTable(110)) - using custom profile for table: s3SecretTable
2019-08-24 11:58:49,164 [Thread-1092] INFO  db.DBStoreBuilder (DBStoreBuilder.java:processTables(161)) - Using default column profile:DBProfile.DISK for Table:s3SecretTable
2019-08-24 11:58:49,164 [Thread-1092] INFO  db.DBStoreBuilder (DBStoreBuilder.java:addTable(110)) - using custom profile for table: prefixTable
2019-08-24 11:58:49,164 [Thread-1092] INFO  db.DBStoreBuilder (DBStoreBuilder.java:processTables(161)) - Using default column profile:DBProfile.DISK for Table:prefixTable
2019-08-24 11:58:49,164 [Thread-1092] INFO  db.DBStoreBuilder (DBStoreBuilder.java:addTable(110)) - using custom profile for table: default
2019-08-24 11:58:49,165 [Thread-1092] INFO  db.DBStoreBuilder (DBStoreBuilder.java:processTables(167)) - Using default column profile:DBProfile.DISK for Table:default
2019-08-24 11:58:49,165 [Thread-1092] INFO  db.DBStoreBuilder (DBStoreBuilder.java:getDbProfile(198)) - Using default options. DBProfile.DISK
2019-08-24 11:58:49,970 [Thread-1092] INFO  ipc.CallQueueManager (CallQueueManager.java:<init>(84)) - Using callQueue: class java.util.concurrent.LinkedBlockingQueue, queueCapacity: 2000, scheduler: class org.apache.hadoop.ipc.DefaultRpcScheduler, ipcBackoff: false.
2019-08-24 11:58:49,971 [Socket Reader #1 for port 39058] INFO  ipc.Server (Server.java:run(1074)) - Starting Socket Reader #1 for port 39058
2019-08-24 11:58:49,993 [Thread-1092] INFO  om.OzoneManager (OzoneManager.java:start(1259)) - OzoneManager RPC server is listening at localhost/127.0.0.1:39058
2019-08-24 11:58:49,993 [Thread-1092] INFO  impl.MetricsSystemImpl (MetricsSystemImpl.java:init(158)) - OzoneManager metrics system started (again)
2019-08-24 11:58:49,994 [IPC Server Responder] INFO  ipc.Server (Server.java:run(1314)) - IPC Server Responder: starting
2019-08-24 11:58:49,995 [IPC Server listener on 39058] INFO  ipc.Server (Server.java:run(1153)) - IPC Server listener on 39058: starting
2019-08-24 11:58:49,999 [Thread-1092] INFO  hdfs.DFSUtil (DFSUtil.java:httpServerTemplateForNNAndJN(1641)) - Starting Web-server for ozoneManager at: http://0.0.0.0:0
2019-08-24 11:58:50,001 [Thread-1092] INFO  server.AuthenticationFilter (AuthenticationFilter.java:constructSecretProvider(240)) - Unable to initialize FileSignerSecretProvider, falling back to use random secrets.
2019-08-24 11:58:50,002 [Thread-1092] WARN  http.HttpRequestLog (HttpRequestLog.java:getRequestLog(97)) - Jetty request log can only be enabled using Log4j
2019-08-24 11:58:50,004 [Thread-1092] INFO  http.HttpServer2 (HttpServer2.java:addGlobalFilter(975)) - Added global filter 'safety' (class=org.apache.hadoop.http.HttpServer2$QuotingInputFilter)
2019-08-24 11:58:50,004 [Thread-1092] INFO  http.HttpServer2 (HttpServer2.java:addFilter(948)) - Added filter static_user_filter (class=org.apache.hadoop.http.lib.StaticUserWebFilter$StaticUserFilter) to context ozoneManager
2019-08-24 11:58:50,004 [Thread-1092] INFO  http.HttpServer2 (HttpServer2.java:addFilter(958)) - Added filter static_user_filter (class=org.apache.hadoop.http.lib.StaticUserWebFilter$StaticUserFilter) to context static
2019-08-24 11:58:50,004 [Thread-1092] INFO  http.HttpServer2 (HttpServer2.java:addFilter(958)) - Added filter static_user_filter (class=org.apache.hadoop.http.lib.StaticUserWebFilter$StaticUserFilter) to context logs
2019-08-24 11:58:50,005 [Thread-1092] INFO  http.HttpServer2 (HttpServer2.java:bindListener(1191)) - Jetty bound to port 46079
2019-08-24 11:58:50,005 [Thread-1092] INFO  server.Server (Server.java:doStart(351)) - jetty-9.3.24.v20180605, build timestamp: 2018-06-05T17:11:56Z, git hash: 84205aa28f11a4f31f2a3b86d1bba2cc8ab69827
2019-08-24 11:58:50,007 [Thread-1092] INFO  handler.ContextHandler (ContextHandler.java:doStart(781)) - Started o.e.j.s.ServletContextHandler@768b58de{/logs,file:///workdir/hadoop-ozone/ozonefs/target/log,AVAILABLE}
2019-08-24 11:58:50,007 [Thread-1092] INFO  handler.ContextHandler (ContextHandler.java:doStart(781)) - Started o.e.j.s.ServletContextHandler@4e554665{/static,jar:file:/home/user/.m2/repository/org/apache/hadoop/hadoop-ozone-ozone-manager/0.5.0-SNAPSHOT/hadoop-ozone-ozone-manager-0.5.0-SNAPSHOT.jar!/webapps/static,AVAILABLE}
2019-08-24 11:58:50,054 [Thread-1092] INFO  handler.ContextHandler (ContextHandler.java:doStart(781)) - Started o.e.j.w.WebAppContext@763cf3e9{/,file:///tmp/jetty-0.0.0.0-46079-ozoneManager-_-any-2806663926294220921.dir/webapp/,AVAILABLE}{/ozoneManager}
2019-08-24 11:58:50,054 [Thread-1092] INFO  server.AbstractConnector (AbstractConnector.java:doStart(278)) - Started ServerConnector@1baaddc9{HTTP/1.1,[http/1.1]}{0.0.0.0:46079}
2019-08-24 11:58:50,055 [Thread-1092] INFO  server.Server (Server.java:doStart(419)) - Started @93843ms
2019-08-24 11:58:50,056 [Thread-1092] INFO  server.BaseHttpServer (BaseHttpServer.java:updateConnectorAddress(213)) - HTTP server of OZONEMANAGER is listening at http://0.0.0.0:46079
2019-08-24 11:58:50,066 [Thread-1092] INFO  impl.MetricsSystemImpl (MetricsSystemImpl.java:init(158)) - HddsDatanode metrics system started (again)
2019-08-24 11:58:50,068 [Thread-1092] INFO  ozone.HddsDatanodeService (HddsDatanodeService.java:start(184)) - HddsDatanodeService host:dev-check-20190824-d9rj8-2235221398 ip:192.168.36.101
2019-08-24 11:58:50,074 [Thread-1092] INFO  volume.HddsVolume (HddsVolume.java:<init>(176)) - Creating Volume: /workdir/hadoop-ozone/ozonefs/target/test-dir/MiniOzoneClusterImpl-0bd28e95-334d-40c1-a305-4301ba7c1e1b/datanode-0/data/containers/hdds of  storage type : DISK and capacity : 1482555576320
2019-08-24 11:58:50,074 [Thread-1092] INFO  volume.VolumeSet (VolumeSet.java:initializeVolumeSet(170)) - Added Volume : /workdir/hadoop-ozone/ozonefs/target/test-dir/MiniOzoneClusterImpl-0bd28e95-334d-40c1-a305-4301ba7c1e1b/datanode-0/data/containers/hdds to VolumeSet
2019-08-24 11:58:50,074 [Thread-1092] INFO  volume.ThrottledAsyncChecker (ThrottledAsyncChecker.java:schedule(140)) - Scheduling a check for org.apache.hadoop.ozone.container.common.volume.HddsVolume@28c1fd19
2019-08-24 11:58:50,076 [Thread-1092] INFO  volume.HddsVolumeChecker (HddsVolumeChecker.java:checkAllVolumes(203)) - Scheduled health check for volume org.apache.hadoop.ozone.container.common.volume.HddsVolume@28c1fd19
2019-08-24 11:58:50,100 [Thread-1092] INFO  impl.RaftServerProxy (ConfUtils.java:logGet(43)) - raft.rpc.type = GRPC (default)
2019-08-24 11:58:50,101 [Thread-1092] INFO  grpc.GrpcFactory (GrpcFactory.java:checkPooledByteBufAllocatorUseCacheForAllThreads(45)) - PERFORMANCE WARNING: useCacheForAllThreads is true that may cause Netty to create a lot garbage objects and, as a result, trigger GC.
	It is recommended to disable useCacheForAllThreads by setting -Dorg.apache.ratis.thirdparty.io.netty.allocator.useCacheForAllThreads=false in command line.
2019-08-24 11:58:50,101 [Thread-1092] INFO  grpc.GrpcConfigKeys$Server (ConfUtils.java:logGet(43)) - raft.grpc.server.port = 0 (default)
2019-08-24 11:58:50,101 [Thread-1092] INFO  server.GrpcService (ConfUtils.java:logGet(43)) - raft.grpc.message.size.max = 33570816 (custom)
2019-08-24 11:58:50,101 [Thread-1092] INFO  server.RaftServerConfigKeys (ConfUtils.java:logGet(43)) - raft.server.log.appender.buffer.byte-limit = 33554432 (custom)
2019-08-24 11:58:50,101 [Thread-1092] INFO  server.GrpcService (ConfUtils.java:logGet(43)) - raft.grpc.flow.control.window = 1MB (=1048576) (default)
2019-08-24 11:58:50,102 [Thread-1092] INFO  server.RaftServerConfigKeys (ConfUtils.java:logGet(43)) - raft.server.rpc.request.timeout = 3000ms (default)
2019-08-24 11:58:50,102 [Thread-1092] INFO  server.RaftServerConfigKeys (ConfUtils.java:logGet(43)) - raft.server.storage.dir = [/workdir/hadoop-ozone/ozonefs/target/test-dir/MiniOzoneClusterImpl-0bd28e95-334d-40c1-a305-4301ba7c1e1b/datanode-0/data/ratis] (custom)
2019-08-24 11:58:50,103 [Thread-1092] INFO  replication.SimpleContainerDownloader (SimpleContainerDownloader.java:<init>(72)) - Starting container downloader service to copy containers to replicate.
2019-08-24 11:58:50,104 [Thread-1092] INFO  hdfs.DFSUtil (DFSUtil.java:httpServerTemplateForNNAndJN(1641)) - Starting Web-server for hddsDatanode at: http://0.0.0.0:0
2019-08-24 11:58:50,106 [Thread-1092] INFO  server.AuthenticationFilter (AuthenticationFilter.java:constructSecretProvider(240)) - Unable to initialize FileSignerSecretProvider, falling back to use random secrets.
2019-08-24 11:58:50,106 [Thread-1092] WARN  http.HttpRequestLog (HttpRequestLog.java:getRequestLog(97)) - Jetty request log can only be enabled using Log4j
2019-08-24 11:58:50,108 [Thread-1092] INFO  http.HttpServer2 (HttpServer2.java:addGlobalFilter(975)) - Added global filter 'safety' (class=org.apache.hadoop.http.HttpServer2$QuotingInputFilter)
2019-08-24 11:58:50,109 [Thread-1092] INFO  http.HttpServer2 (HttpServer2.java:addFilter(948)) - Added filter static_user_filter (class=org.apache.hadoop.http.lib.StaticUserWebFilter$StaticUserFilter) to context hddsDatanode
2019-08-24 11:58:50,109 [Thread-1092] INFO  http.HttpServer2 (HttpServer2.java:addFilter(958)) - Added filter static_user_filter (class=org.apache.hadoop.http.lib.StaticUserWebFilter$StaticUserFilter) to context static
2019-08-24 11:58:50,109 [Thread-1092] INFO  http.HttpServer2 (HttpServer2.java:addFilter(958)) - Added filter static_user_filter (class=org.apache.hadoop.http.lib.StaticUserWebFilter$StaticUserFilter) to context logs
2019-08-24 11:58:50,109 [Thread-1092] INFO  http.HttpServer2 (HttpServer2.java:bindListener(1191)) - Jetty bound to port 34876
2019-08-24 11:58:50,109 [Thread-1092] INFO  server.Server (Server.java:doStart(351)) - jetty-9.3.24.v20180605, build timestamp: 2018-06-05T17:11:56Z, git hash: 84205aa28f11a4f31f2a3b86d1bba2cc8ab69827
2019-08-24 11:58:50,111 [Thread-1092] INFO  handler.ContextHandler (ContextHandler.java:doStart(781)) - Started o.e.j.s.ServletContextHandler@569ad538{/logs,file:///workdir/hadoop-ozone/ozonefs/target/log,AVAILABLE}
2019-08-24 11:58:50,111 [Thread-1092] INFO  handler.ContextHandler (ContextHandler.java:doStart(781)) - Started o.e.j.s.ServletContextHandler@27d87128{/static,jar:file:/home/user/.m2/repository/org/apache/hadoop/hadoop-hdds-container-service/0.5.0-SNAPSHOT/hadoop-hdds-container-service-0.5.0-SNAPSHOT.jar!/webapps/static,AVAILABLE}
2019-08-24 11:58:50,138 [Thread-1092] INFO  handler.ContextHandler (ContextHandler.java:doStart(781)) - Started o.e.j.w.WebAppContext@100ecdbf{/,file:///tmp/jetty-0.0.0.0-34876-hddsDatanode-_-any-7009825366146328971.dir/webapp/,AVAILABLE}{/hddsDatanode}
2019-08-24 11:58:50,139 [Thread-1092] INFO  server.AbstractConnector (AbstractConnector.java:doStart(278)) - Started ServerConnector@3c935ad7{HTTP/1.1,[http/1.1]}{0.0.0.0:34876}
2019-08-24 11:58:50,140 [Thread-1092] INFO  server.Server (Server.java:doStart(419)) - Started @93927ms
2019-08-24 11:58:50,140 [Thread-1092] INFO  server.BaseHttpServer (BaseHttpServer.java:updateConnectorAddress(213)) - HTTP server of HDDSDATANODE is listening at http://0.0.0.0:34876
2019-08-24 11:58:50,140 [Thread-1092] INFO  impl.MetricsSystemImpl (MetricsSystemImpl.java:init(158)) - HddsDatanode metrics system started (again)
2019-08-24 11:58:50,143 [org.apache.hadoop.util.JvmPauseMonitor$Monitor@24bacd81] INFO  util.JvmPauseMonitor (JvmPauseMonitor.java:run(188)) - Starting JVM pause monitor
2019-08-24 11:58:50,143 [Thread-1092] INFO  ozone.HddsDatanodeService (HddsDatanodeService.java:start(184)) - HddsDatanodeService host:dev-check-20190824-d9rj8-2235221398 ip:192.168.36.101
2019-08-24 11:58:50,147 [Datanode State Machine Thread - 0] INFO  datanode.InitDatanodeState (InitDatanodeState.java:persistContainerDatanodeDetails(140)) - DatanodeDetails is persisted to /workdir/hadoop-ozone/ozonefs/target/test-dir/MiniOzoneClusterImpl-0bd28e95-334d-40c1-a305-4301ba7c1e1b/datanode-0/meta/datanode.id
2019-08-24 11:58:50,150 [Thread-1092] INFO  volume.HddsVolume (HddsVolume.java:<init>(176)) - Creating Volume: /workdir/hadoop-ozone/ozonefs/target/test-dir/MiniOzoneClusterImpl-0bd28e95-334d-40c1-a305-4301ba7c1e1b/datanode-1/data/containers/hdds of  storage type : DISK and capacity : 1482555576320
2019-08-24 11:58:50,150 [Thread-1092] INFO  volume.VolumeSet (VolumeSet.java:initializeVolumeSet(170)) - Added Volume : /workdir/hadoop-ozone/ozonefs/target/test-dir/MiniOzoneClusterImpl-0bd28e95-334d-40c1-a305-4301ba7c1e1b/datanode-1/data/containers/hdds to VolumeSet
2019-08-24 11:58:50,150 [Thread-1092] INFO  volume.ThrottledAsyncChecker (ThrottledAsyncChecker.java:schedule(140)) - Scheduling a check for org.apache.hadoop.ozone.container.common.volume.HddsVolume@40d5de93
2019-08-24 11:58:50,151 [Thread-1092] INFO  volume.HddsVolumeChecker (HddsVolumeChecker.java:checkAllVolumes(203)) - Scheduled health check for volume org.apache.hadoop.ozone.container.common.volume.HddsVolume@40d5de93
2019-08-24 11:58:50,176 [Thread-1092] INFO  impl.RaftServerProxy (ConfUtils.java:logGet(43)) - raft.rpc.type = GRPC (default)
2019-08-24 11:58:50,177 [Thread-1092] INFO  grpc.GrpcFactory (GrpcFactory.java:checkPooledByteBufAllocatorUseCacheForAllThreads(45)) - PERFORMANCE WARNING: useCacheForAllThreads is true that may cause Netty to create a lot garbage objects and, as a result, trigger GC.
	It is recommended to disable useCacheForAllThreads by setting -Dorg.apache.ratis.thirdparty.io.netty.allocator.useCacheForAllThreads=false in command line.
2019-08-24 11:58:50,177 [Thread-1092] INFO  grpc.GrpcConfigKeys$Server (ConfUtils.java:logGet(43)) - raft.grpc.server.port = 0 (default)
2019-08-24 11:58:50,177 [Thread-1092] INFO  server.GrpcService (ConfUtils.java:logGet(43)) - raft.grpc.message.size.max = 33570816 (custom)
2019-08-24 11:58:50,177 [Thread-1092] INFO  server.RaftServerConfigKeys (ConfUtils.java:logGet(43)) - raft.server.log.appender.buffer.byte-limit = 33554432 (custom)
2019-08-24 11:58:50,177 [Thread-1092] INFO  server.GrpcService (ConfUtils.java:logGet(43)) - raft.grpc.flow.control.window = 1MB (=1048576) (default)
2019-08-24 11:58:50,177 [Thread-1092] INFO  server.RaftServerConfigKeys (ConfUtils.java:logGet(43)) - raft.server.rpc.request.timeout = 3000ms (default)
2019-08-24 11:58:50,178 [Thread-1092] INFO  server.RaftServerConfigKeys (ConfUtils.java:logGet(43)) - raft.server.storage.dir = [/workdir/hadoop-ozone/ozonefs/target/test-dir/MiniOzoneClusterImpl-0bd28e95-334d-40c1-a305-4301ba7c1e1b/datanode-1/data/ratis] (custom)
2019-08-24 11:58:50,178 [Thread-1092] INFO  replication.SimpleContainerDownloader (SimpleContainerDownloader.java:<init>(72)) - Starting container downloader service to copy containers to replicate.
2019-08-24 11:58:50,179 [Thread-1092] INFO  hdfs.DFSUtil (DFSUtil.java:httpServerTemplateForNNAndJN(1641)) - Starting Web-server for hddsDatanode at: http://0.0.0.0:0
2019-08-24 11:58:50,181 [Thread-1092] INFO  server.AuthenticationFilter (AuthenticationFilter.java:constructSecretProvider(240)) - Unable to initialize FileSignerSecretProvider, falling back to use random secrets.
2019-08-24 11:58:50,181 [Thread-1092] WARN  http.HttpRequestLog (HttpRequestLog.java:getRequestLog(97)) - Jetty request log can only be enabled using Log4j
2019-08-24 11:58:50,183 [Thread-1092] INFO  http.HttpServer2 (HttpServer2.java:addGlobalFilter(975)) - Added global filter 'safety' (class=org.apache.hadoop.http.HttpServer2$QuotingInputFilter)
2019-08-24 11:58:50,184 [Thread-1092] INFO  http.HttpServer2 (HttpServer2.java:addFilter(948)) - Added filter static_user_filter (class=org.apache.hadoop.http.lib.StaticUserWebFilter$StaticUserFilter) to context hddsDatanode
2019-08-24 11:58:50,184 [Thread-1092] INFO  http.HttpServer2 (HttpServer2.java:addFilter(958)) - Added filter static_user_filter (class=org.apache.hadoop.http.lib.StaticUserWebFilter$StaticUserFilter) to context static
2019-08-24 11:58:50,184 [Thread-1092] INFO  http.HttpServer2 (HttpServer2.java:addFilter(958)) - Added filter static_user_filter (class=org.apache.hadoop.http.lib.StaticUserWebFilter$StaticUserFilter) to context logs
2019-08-24 11:58:50,185 [Thread-1092] INFO  http.HttpServer2 (HttpServer2.java:bindListener(1191)) - Jetty bound to port 41465
2019-08-24 11:58:50,185 [Thread-1092] INFO  server.Server (Server.java:doStart(351)) - jetty-9.3.24.v20180605, build timestamp: 2018-06-05T17:11:56Z, git hash: 84205aa28f11a4f31f2a3b86d1bba2cc8ab69827
2019-08-24 11:58:50,187 [Thread-1092] INFO  handler.ContextHandler (ContextHandler.java:doStart(781)) - Started o.e.j.s.ServletContextHandler@5eb48922{/logs,file:///workdir/hadoop-ozone/ozonefs/target/log,AVAILABLE}
2019-08-24 11:58:50,187 [Thread-1092] INFO  handler.ContextHandler (ContextHandler.java:doStart(781)) - Started o.e.j.s.ServletContextHandler@3c707f44{/static,jar:file:/home/user/.m2/repository/org/apache/hadoop/hadoop-hdds-container-service/0.5.0-SNAPSHOT/hadoop-hdds-container-service-0.5.0-SNAPSHOT.jar!/webapps/static,AVAILABLE}
2019-08-24 11:58:50,214 [Thread-1092] INFO  handler.ContextHandler (ContextHandler.java:doStart(781)) - Started o.e.j.w.WebAppContext@524ff771{/,file:///tmp/jetty-0.0.0.0-41465-hddsDatanode-_-any-377812727735054022.dir/webapp/,AVAILABLE}{/hddsDatanode}
2019-08-24 11:58:50,215 [Thread-1092] INFO  server.AbstractConnector (AbstractConnector.java:doStart(278)) - Started ServerConnector@270707d7{HTTP/1.1,[http/1.1]}{0.0.0.0:41465}
2019-08-24 11:58:50,215 [Thread-1092] INFO  server.Server (Server.java:doStart(419)) - Started @94002ms
2019-08-24 11:58:50,216 [Thread-1092] INFO  server.BaseHttpServer (BaseHttpServer.java:updateConnectorAddress(213)) - HTTP server of HDDSDATANODE is listening at http://0.0.0.0:41465
2019-08-24 11:58:50,216 [Thread-1092] INFO  impl.MetricsSystemImpl (MetricsSystemImpl.java:init(158)) - HddsDatanode metrics system started (again)
2019-08-24 11:58:50,218 [Thread-1092] INFO  ozone.HddsDatanodeService (HddsDatanodeService.java:start(184)) - HddsDatanodeService host:dev-check-20190824-d9rj8-2235221398 ip:192.168.36.101
2019-08-24 11:58:50,219 [org.apache.hadoop.util.JvmPauseMonitor$Monitor@1eb3d89c] INFO  util.JvmPauseMonitor (JvmPauseMonitor.java:run(188)) - Starting JVM pause monitor
2019-08-24 11:58:50,220 [Datanode State Machine Thread - 0] INFO  datanode.InitDatanodeState (InitDatanodeState.java:persistContainerDatanodeDetails(140)) - DatanodeDetails is persisted to /workdir/hadoop-ozone/ozonefs/target/test-dir/MiniOzoneClusterImpl-0bd28e95-334d-40c1-a305-4301ba7c1e1b/datanode-1/meta/datanode.id
2019-08-24 11:58:50,224 [Thread-1092] INFO  volume.HddsVolume (HddsVolume.java:<init>(176)) - Creating Volume: /workdir/hadoop-ozone/ozonefs/target/test-dir/MiniOzoneClusterImpl-0bd28e95-334d-40c1-a305-4301ba7c1e1b/datanode-2/data/containers/hdds of  storage type : DISK and capacity : 1482555576320
2019-08-24 11:58:50,225 [Thread-1092] INFO  volume.VolumeSet (VolumeSet.java:initializeVolumeSet(170)) - Added Volume : /workdir/hadoop-ozone/ozonefs/target/test-dir/MiniOzoneClusterImpl-0bd28e95-334d-40c1-a305-4301ba7c1e1b/datanode-2/data/containers/hdds to VolumeSet
2019-08-24 11:58:50,225 [Thread-1092] INFO  volume.ThrottledAsyncChecker (ThrottledAsyncChecker.java:schedule(140)) - Scheduling a check for org.apache.hadoop.ozone.container.common.volume.HddsVolume@672d65b6
2019-08-24 11:58:50,225 [Thread-1092] INFO  volume.HddsVolumeChecker (HddsVolumeChecker.java:checkAllVolumes(203)) - Scheduled health check for volume org.apache.hadoop.ozone.container.common.volume.HddsVolume@672d65b6
2019-08-24 11:58:50,248 [Thread-1092] INFO  impl.RaftServerProxy (ConfUtils.java:logGet(43)) - raft.rpc.type = GRPC (default)
2019-08-24 11:58:50,248 [Thread-1092] INFO  grpc.GrpcFactory (GrpcFactory.java:checkPooledByteBufAllocatorUseCacheForAllThreads(45)) - PERFORMANCE WARNING: useCacheForAllThreads is true that may cause Netty to create a lot garbage objects and, as a result, trigger GC.
	It is recommended to disable useCacheForAllThreads by setting -Dorg.apache.ratis.thirdparty.io.netty.allocator.useCacheForAllThreads=false in command line.
2019-08-24 11:58:50,248 [Thread-1092] INFO  grpc.GrpcConfigKeys$Server (ConfUtils.java:logGet(43)) - raft.grpc.server.port = 0 (default)
2019-08-24 11:58:50,248 [Thread-1092] INFO  server.GrpcService (ConfUtils.java:logGet(43)) - raft.grpc.message.size.max = 33570816 (custom)
2019-08-24 11:58:50,248 [Thread-1092] INFO  server.RaftServerConfigKeys (ConfUtils.java:logGet(43)) - raft.server.log.appender.buffer.byte-limit = 33554432 (custom)
2019-08-24 11:58:50,249 [Thread-1092] INFO  server.GrpcService (ConfUtils.java:logGet(43)) - raft.grpc.flow.control.window = 1MB (=1048576) (default)
2019-08-24 11:58:50,249 [Thread-1092] INFO  server.RaftServerConfigKeys (ConfUtils.java:logGet(43)) - raft.server.rpc.request.timeout = 3000ms (default)
2019-08-24 11:58:50,249 [Thread-1092] INFO  server.RaftServerConfigKeys (ConfUtils.java:logGet(43)) - raft.server.storage.dir = [/workdir/hadoop-ozone/ozonefs/target/test-dir/MiniOzoneClusterImpl-0bd28e95-334d-40c1-a305-4301ba7c1e1b/datanode-2/data/ratis] (custom)
2019-08-24 11:58:50,250 [Thread-1092] INFO  replication.SimpleContainerDownloader (SimpleContainerDownloader.java:<init>(72)) - Starting container downloader service to copy containers to replicate.
2019-08-24 11:58:50,250 [Thread-1092] INFO  hdfs.DFSUtil (DFSUtil.java:httpServerTemplateForNNAndJN(1641)) - Starting Web-server for hddsDatanode at: http://0.0.0.0:0
2019-08-24 11:58:50,252 [Thread-1092] INFO  server.AuthenticationFilter (AuthenticationFilter.java:constructSecretProvider(240)) - Unable to initialize FileSignerSecretProvider, falling back to use random secrets.
2019-08-24 11:58:50,252 [Thread-1092] WARN  http.HttpRequestLog (HttpRequestLog.java:getRequestLog(97)) - Jetty request log can only be enabled using Log4j
2019-08-24 11:58:50,253 [Thread-1092] INFO  http.HttpServer2 (HttpServer2.java:addGlobalFilter(975)) - Added global filter 'safety' (class=org.apache.hadoop.http.HttpServer2$QuotingInputFilter)
2019-08-24 11:58:50,254 [Thread-1092] INFO  http.HttpServer2 (HttpServer2.java:addFilter(948)) - Added filter static_user_filter (class=org.apache.hadoop.http.lib.StaticUserWebFilter$StaticUserFilter) to context hddsDatanode
2019-08-24 11:58:50,254 [Thread-1092] INFO  http.HttpServer2 (HttpServer2.java:addFilter(958)) - Added filter static_user_filter (class=org.apache.hadoop.http.lib.StaticUserWebFilter$StaticUserFilter) to context static
2019-08-24 11:58:50,254 [Thread-1092] INFO  http.HttpServer2 (HttpServer2.java:addFilter(958)) - Added filter static_user_filter (class=org.apache.hadoop.http.lib.StaticUserWebFilter$StaticUserFilter) to context logs
2019-08-24 11:58:50,255 [Thread-1092] INFO  http.HttpServer2 (HttpServer2.java:bindListener(1191)) - Jetty bound to port 33782
2019-08-24 11:58:50,255 [Thread-1092] INFO  server.Server (Server.java:doStart(351)) - jetty-9.3.24.v20180605, build timestamp: 2018-06-05T17:11:56Z, git hash: 84205aa28f11a4f31f2a3b86d1bba2cc8ab69827
2019-08-24 11:58:50,257 [Thread-1092] INFO  handler.ContextHandler (ContextHandler.java:doStart(781)) - Started o.e.j.s.ServletContextHandler@2a2b0b30{/logs,file:///workdir/hadoop-ozone/ozonefs/target/log,AVAILABLE}
2019-08-24 11:58:50,257 [Thread-1092] INFO  handler.ContextHandler (ContextHandler.java:doStart(781)) - Started o.e.j.s.ServletContextHandler@78c9515b{/static,jar:file:/home/user/.m2/repository/org/apache/hadoop/hadoop-hdds-container-service/0.5.0-SNAPSHOT/hadoop-hdds-container-service-0.5.0-SNAPSHOT.jar!/webapps/static,AVAILABLE}
2019-08-24 11:58:50,286 [Thread-1092] INFO  handler.ContextHandler (ContextHandler.java:doStart(781)) - Started o.e.j.w.WebAppContext@6f4b2705{/,file:///tmp/jetty-0.0.0.0-33782-hddsDatanode-_-any-7747980901471733670.dir/webapp/,AVAILABLE}{/hddsDatanode}
2019-08-24 11:58:50,287 [Thread-1092] INFO  server.AbstractConnector (AbstractConnector.java:doStart(278)) - Started ServerConnector@1fd60393{HTTP/1.1,[http/1.1]}{0.0.0.0:33782}
2019-08-24 11:58:50,288 [Thread-1092] INFO  server.Server (Server.java:doStart(419)) - Started @94075ms
2019-08-24 11:58:50,289 [Thread-1092] INFO  server.BaseHttpServer (BaseHttpServer.java:updateConnectorAddress(213)) - HTTP server of HDDSDATANODE is listening at http://0.0.0.0:33782
2019-08-24 11:58:50,289 [Thread-1092] INFO  ozone.MiniOzoneClusterImpl (MiniOzoneClusterImpl.java:lambda$waitForClusterToBeReady$0(140)) - Waiting for cluster to be ready. Got 0 of 3 DN Heartbeats.
2019-08-24 11:58:50,291 [org.apache.hadoop.util.JvmPauseMonitor$Monitor@6d2b4ad4] INFO  util.JvmPauseMonitor (JvmPauseMonitor.java:run(188)) - Starting JVM pause monitor
2019-08-24 11:58:50,293 [Datanode State Machine Thread - 0] INFO  datanode.InitDatanodeState (InitDatanodeState.java:persistContainerDatanodeDetails(140)) - DatanodeDetails is persisted to /workdir/hadoop-ozone/ozonefs/target/test-dir/MiniOzoneClusterImpl-0bd28e95-334d-40c1-a305-4301ba7c1e1b/datanode-2/meta/datanode.id
2019-08-24 11:58:51,290 [Thread-1092] INFO  ozone.MiniOzoneClusterImpl (MiniOzoneClusterImpl.java:lambda$waitForClusterToBeReady$0(140)) - Waiting for cluster to be ready. Got 0 of 3 DN Heartbeats.
2019-08-24 11:58:52,148 | INFO  | SCMAudit | user=jenkins1000 | ip=192.168.36.101 | op=GET_VERSION null | ret=SUCCESS |  
2019-08-24 11:58:52,175 [Datanode State Machine Thread - 0] INFO  ozoneimpl.OzoneContainer (OzoneContainer.java:start(186)) - Attempting to start container services.
2019-08-24 11:58:52,175 [Datanode State Machine Thread - 0] INFO  ozoneimpl.OzoneContainer (OzoneContainer.java:startContainerScrub(160)) - Background container scrubber has been disabled by hdds.containerscrub.enabled
2019-08-24 11:58:52,175 [Datanode State Machine Thread - 0] INFO  ratis.XceiverServerRatis (XceiverServerRatis.java:start(404)) - Starting XceiverServerRatis 29593a47-8514-4bad-ab55-d76f44c70a85 at port 0
2019-08-24 11:58:52,182 [Datanode State Machine Thread - 0] INFO  impl.RaftServerProxy (RaftServerProxy.java:lambda$start$3(299)) - 29593a47-8514-4bad-ab55-d76f44c70a85: start RPC server
2019-08-24 11:58:52,185 [Datanode State Machine Thread - 0] INFO  server.GrpcService (GrpcService.java:startImpl(149)) - 29593a47-8514-4bad-ab55-d76f44c70a85: GrpcService started, listening on 0.0.0.0/0.0.0.0:44881
2019-08-24 11:58:52,185 [Datanode State Machine Thread - 0] INFO  ratis.XceiverServerRatis (XceiverServerRatis.java:start(414)) - XceiverServerRatis 29593a47-8514-4bad-ab55-d76f44c70a85 is started using port 44881
2019-08-24 11:58:52,186 [Datanode State Machine Thread - 0] INFO  server.XceiverServerGrpc (XceiverServerGrpc.java:start(161)) - XceiverServerGrpc 29593a47-8514-4bad-ab55-d76f44c70a85 is started using port 42155
2019-08-24 11:58:52,220 | INFO  | SCMAudit | user=jenkins1000 | ip=192.168.36.101 | op=GET_VERSION null | ret=SUCCESS |  
2019-08-24 11:58:52,235 [Datanode State Machine Thread - 0] INFO  ozoneimpl.OzoneContainer (OzoneContainer.java:start(186)) - Attempting to start container services.
2019-08-24 11:58:52,235 [Datanode State Machine Thread - 0] INFO  ozoneimpl.OzoneContainer (OzoneContainer.java:startContainerScrub(160)) - Background container scrubber has been disabled by hdds.containerscrub.enabled
2019-08-24 11:58:52,235 [Datanode State Machine Thread - 0] INFO  ratis.XceiverServerRatis (XceiverServerRatis.java:start(404)) - Starting XceiverServerRatis c847551b-1e98-407c-b611-b692e029e8e0 at port 0
2019-08-24 11:58:52,243 [Datanode State Machine Thread - 0] INFO  impl.RaftServerProxy (RaftServerProxy.java:lambda$start$3(299)) - c847551b-1e98-407c-b611-b692e029e8e0: start RPC server
2019-08-24 11:58:52,245 [Datanode State Machine Thread - 0] INFO  server.GrpcService (GrpcService.java:startImpl(149)) - c847551b-1e98-407c-b611-b692e029e8e0: GrpcService started, listening on 0.0.0.0/0.0.0.0:33120
2019-08-24 11:58:52,245 [Datanode State Machine Thread - 0] INFO  ratis.XceiverServerRatis (XceiverServerRatis.java:start(414)) - XceiverServerRatis c847551b-1e98-407c-b611-b692e029e8e0 is started using port 33120
2019-08-24 11:58:52,246 [Datanode State Machine Thread - 0] INFO  server.XceiverServerGrpc (XceiverServerGrpc.java:start(161)) - XceiverServerGrpc c847551b-1e98-407c-b611-b692e029e8e0 is started using port 41591
2019-08-24 11:58:52,290 [Thread-1092] INFO  ozone.MiniOzoneClusterImpl (MiniOzoneClusterImpl.java:lambda$waitForClusterToBeReady$0(140)) - Waiting for cluster to be ready. Got 0 of 3 DN Heartbeats.
2019-08-24 11:58:52,292 | INFO  | SCMAudit | user=jenkins1000 | ip=192.168.36.101 | op=GET_VERSION null | ret=SUCCESS |  
2019-08-24 11:58:52,316 [Datanode State Machine Thread - 0] INFO  ozoneimpl.OzoneContainer (OzoneContainer.java:start(186)) - Attempting to start container services.
2019-08-24 11:58:52,317 [Datanode State Machine Thread - 0] INFO  ozoneimpl.OzoneContainer (OzoneContainer.java:startContainerScrub(160)) - Background container scrubber has been disabled by hdds.containerscrub.enabled
2019-08-24 11:58:52,317 [Datanode State Machine Thread - 0] INFO  ratis.XceiverServerRatis (XceiverServerRatis.java:start(404)) - Starting XceiverServerRatis 906c19b9-e551-4153-8e62-6280935b9d1f at port 0
2019-08-24 11:58:52,325 [Datanode State Machine Thread - 0] INFO  impl.RaftServerProxy (RaftServerProxy.java:lambda$start$3(299)) - 906c19b9-e551-4153-8e62-6280935b9d1f: start RPC server
2019-08-24 11:58:52,326 [Datanode State Machine Thread - 0] INFO  server.GrpcService (GrpcService.java:startImpl(149)) - 906c19b9-e551-4153-8e62-6280935b9d1f: GrpcService started, listening on 0.0.0.0/0.0.0.0:45592
2019-08-24 11:58:52,326 [Datanode State Machine Thread - 0] INFO  ratis.XceiverServerRatis (XceiverServerRatis.java:start(414)) - XceiverServerRatis 906c19b9-e551-4153-8e62-6280935b9d1f is started using port 45592
2019-08-24 11:58:52,327 [Datanode State Machine Thread - 0] INFO  server.XceiverServerGrpc (XceiverServerGrpc.java:start(161)) - XceiverServerGrpc 906c19b9-e551-4153-8e62-6280935b9d1f is started using port 34921
2019-08-24 11:58:53,291 [Thread-1092] INFO  ozone.MiniOzoneClusterImpl (MiniOzoneClusterImpl.java:lambda$waitForClusterToBeReady$0(140)) - Waiting for cluster to be ready. Got 0 of 3 DN Heartbeats.
2019-08-24 11:58:54,148 [IPC Server handler 0 on 39804] INFO  net.NetworkTopology (NetworkTopologyImpl.java:add(110)) - Added a new node: /default-rack/29593a47-8514-4bad-ab55-d76f44c70a85
2019-08-24 11:58:54,149 [IPC Server handler 0 on 39804] INFO  node.SCMNodeManager (SCMNodeManager.java:register(273)) - Registered Data node : 29593a47-8514-4bad-ab55-d76f44c70a85{ip: 192.168.36.101, host: dev-check-20190824-d9rj8-2235221398, networkLocation: /default-rack, certSerialId: null}
2019-08-24 11:58:54,150 [EventQueue-NodeRegistrationContainerReportForDataNodeSafeModeRule] INFO  safemode.SCMSafeModeManager (DataNodeSafeModeRule.java:process(71)) - SCM in safe mode. 1 DataNodes registered, 1 required.
2019-08-24 11:58:54,152 [EventQueue-NodeRegistrationContainerReportForContainerSafeModeRule] INFO  safemode.SCMSafeModeManager (SCMSafeModeManager.java:validateSafeModeExitRules(177)) - ScmSafeModeManager, all rules are successfully validated
2019-08-24 11:58:54,152 [EventQueue-NodeRegistrationContainerReportForContainerSafeModeRule] INFO  safemode.SCMSafeModeManager (SCMSafeModeManager.java:exitSafeMode(193)) - SCM exiting safe mode.
2019-08-24 11:58:54,153 | INFO  | SCMAudit | user=jenkins1000 | ip=192.168.36.101 | op=REGISTER {datanodeDetails=29593a47-8514-4bad-ab55-d76f44c70a85{ip: 192.168.36.101, host: dev-check-20190824-d9rj8-2235221398, networkLocation: /default-rack, certSerialId: null}} | ret=SUCCESS |  
2019-08-24 11:58:54,170 [grpc-default-executor-0] INFO  impl.RaftServerProxy (RaftServerProxy.java:addNew(89)) - 29593a47-8514-4bad-ab55-d76f44c70a85: addNew group-E8BD8A93D0A5:[29593a47-8514-4bad-ab55-d76f44c70a85:192.168.36.101:44881] returns group-E8BD8A93D0A5:java.util.concurrent.CompletableFuture@6598a1e8[Not completed]
2019-08-24 11:58:54,173 [pool-292-thread-1] INFO  impl.RaftServerImpl (RaftServerImpl.java:<init>(93)) - 29593a47-8514-4bad-ab55-d76f44c70a85: new RaftServerImpl for group-E8BD8A93D0A5:[29593a47-8514-4bad-ab55-d76f44c70a85:192.168.36.101:44881] with ContainerStateMachine:uninitialized
2019-08-24 11:58:54,173 [pool-292-thread-1] INFO  server.RaftServerConfigKeys (ConfUtils.java:logGet(43)) - raft.server.rpc.timeout.min = 5s (custom)
2019-08-24 11:58:54,173 [pool-292-thread-1] INFO  server.RaftServerConfigKeys (ConfUtils.java:logGet(43)) - raft.server.rpc.timeout.max = 5200ms (custom)
2019-08-24 11:58:54,174 [pool-292-thread-1] INFO  server.RaftServerConfigKeys (ConfUtils.java:logGet(43)) - raft.server.rpcslowness.timeout = 120s (custom)
2019-08-24 11:58:54,174 [pool-292-thread-1] INFO  server.RaftServerConfigKeys (ConfUtils.java:logGet(43)) - raft.server.sleep.deviation.threshold = 300 (default)
2019-08-24 11:58:54,174 [pool-292-thread-1] INFO  server.RaftServerConfigKeys (ConfUtils.java:logGet(43)) - raft.server.log.appender.install.snapshot.enabled = false (custom)
2019-08-24 11:58:54,174 [pool-292-thread-1] INFO  impl.RaftServerImpl (ServerState.java:<init>(105)) - 29593a47-8514-4bad-ab55-d76f44c70a85:group-E8BD8A93D0A5 ConfigurationManager, init=-1: [29593a47-8514-4bad-ab55-d76f44c70a85:192.168.36.101:44881], old=null, confs=<EMPTY_MAP>
2019-08-24 11:58:54,174 [pool-292-thread-1] INFO  server.RaftServerConfigKeys (ConfUtils.java:logGet(43)) - raft.server.storage.dir = [/workdir/hadoop-ozone/ozonefs/target/test-dir/MiniOzoneClusterImpl-0bd28e95-334d-40c1-a305-4301ba7c1e1b/datanode-0/data/ratis] (custom)
2019-08-24 11:58:54,175 [pool-292-thread-1] INFO  storage.RaftStorageDirectory (RaftStorageDirectory.java:analyzeStorage(246)) - The storage directory /workdir/hadoop-ozone/ozonefs/target/test-dir/MiniOzoneClusterImpl-0bd28e95-334d-40c1-a305-4301ba7c1e1b/datanode-0/data/ratis/5037187b-e52d-4db4-91a3-e8bd8a93d0a5 does not exist. Creating ...
2019-08-24 11:58:54,198 [pool-292-thread-1] INFO  storage.RaftStorageDirectory (RaftStorageDirectory.java:tryLock(328)) - Lock on /workdir/hadoop-ozone/ozonefs/target/test-dir/MiniOzoneClusterImpl-0bd28e95-334d-40c1-a305-4301ba7c1e1b/datanode-0/data/ratis/5037187b-e52d-4db4-91a3-e8bd8a93d0a5/in_use.lock acquired by nodename 10945@dev-check-20190824-d9rj8-2235221398
2019-08-24 11:58:54,220 [IPC Server handler 2 on 39804] INFO  net.NetworkTopology (NetworkTopologyImpl.java:add(110)) - Added a new node: /default-rack/c847551b-1e98-407c-b611-b692e029e8e0
2019-08-24 11:58:54,220 [IPC Server handler 2 on 39804] INFO  node.SCMNodeManager (SCMNodeManager.java:register(273)) - Registered Data node : c847551b-1e98-407c-b611-b692e029e8e0{ip: 192.168.36.101, host: dev-check-20190824-d9rj8-2235221398, networkLocation: /default-rack, certSerialId: null}
2019-08-24 11:58:54,221 | INFO  | SCMAudit | user=jenkins1000 | ip=192.168.36.101 | op=REGISTER {datanodeDetails=c847551b-1e98-407c-b611-b692e029e8e0{ip: 192.168.36.101, host: dev-check-20190824-d9rj8-2235221398, networkLocation: /default-rack, certSerialId: null}} | ret=SUCCESS |  
2019-08-24 11:58:54,221 [pool-292-thread-1] INFO  storage.RaftStorage (RaftStorage.java:format(72)) - Storage directory /workdir/hadoop-ozone/ozonefs/target/test-dir/MiniOzoneClusterImpl-0bd28e95-334d-40c1-a305-4301ba7c1e1b/datanode-0/data/ratis/5037187b-e52d-4db4-91a3-e8bd8a93d0a5 has been successfully formatted.
2019-08-24 11:58:54,222 [pool-292-thread-1] INFO  ratis.ContainerStateMachine (ContainerStateMachine.java:loadSnapshot(226)) - group-E8BD8A93D0A5: The snapshot info is null. Setting the last applied indexto:(t:0, i:~)
2019-08-24 11:58:54,222 [pool-292-thread-1] INFO  server.RaftServerConfigKeys (ConfUtils.java:logGet(43)) - raft.server.leader.election.timeout = 120s (custom)
2019-08-24 11:58:54,222 [pool-292-thread-1] INFO  server.RaftServerConfigKeys (ConfUtils.java:logGet(43)) - raft.server.log.use.memory = false (default)
2019-08-24 11:58:54,222 [pool-292-thread-1] INFO  server.RaftServerConfigKeys (ConfUtils.java:logGet(43)) - raft.server.log.purge.gap = 1000000 (custom)
2019-08-24 11:58:54,223 [pool-292-thread-1] INFO  server.RaftServerConfigKeys (ConfUtils.java:logGet(43)) - raft.server.log.appender.buffer.byte-limit = 33554432 (custom)
2019-08-24 11:58:54,223 [pool-292-thread-1] INFO  server.RaftServerConfigKeys (ConfUtils.java:logGet(43)) - raft.server.log.segment.size.max = 1048576 (custom)
2019-08-24 11:58:54,223 [pool-292-thread-1] INFO  server.RaftServerConfigKeys (ConfUtils.java:logGet(43)) - raft.server.log.segment.cache.num.max = 2 (custom)
2019-08-24 11:58:54,223 [pool-292-thread-1] INFO  segmented.SegmentedRaftLogWorker (SegmentedRaftLogWorker.java:<init>(172)) - new 29593a47-8514-4bad-ab55-d76f44c70a85-SegmentedRaftLogWorker:Storage Directory /workdir/hadoop-ozone/ozonefs/target/test-dir/MiniOzoneClusterImpl-0bd28e95-334d-40c1-a305-4301ba7c1e1b/datanode-0/data/ratis/5037187b-e52d-4db4-91a3-e8bd8a93d0a5 for RaftStorage:Storage Directory /workdir/hadoop-ozone/ozonefs/target/test-dir/MiniOzoneClusterImpl-0bd28e95-334d-40c1-a305-4301ba7c1e1b/datanode-0/data/ratis/5037187b-e52d-4db4-91a3-e8bd8a93d0a5
2019-08-24 11:58:54,224 [pool-292-thread-1] INFO  server.RaftServerConfigKeys (ConfUtils.java:logGet(43)) - raft.server.log.queue.byte-limit = 2147483647 (custom)
2019-08-24 11:58:54,224 [pool-292-thread-1] INFO  server.RaftServerConfigKeys (ConfUtils.java:logGet(43)) - raft.server.log.queue.element-limit = 1024 (custom)
2019-08-24 11:58:54,224 [pool-292-thread-1] INFO  server.RaftServerConfigKeys (ConfUtils.java:logGet(43)) - raft.server.log.segment.size.max = 1048576 (custom)
2019-08-24 11:58:54,225 [pool-292-thread-1] INFO  server.RaftServerConfigKeys (ConfUtils.java:logGet(43)) - raft.server.log.preallocated.size = 16384 (custom)
2019-08-24 11:58:54,225 [pool-292-thread-1] INFO  server.RaftServerConfigKeys (ConfUtils.java:logGet(43)) - raft.server.log.write.buffer.size = 33554432 (custom)
2019-08-24 11:58:54,225 [pool-292-thread-1] INFO  server.RaftServerConfigKeys (ConfUtils.java:logGet(43)) - raft.server.log.force.sync.num = 128 (default)
2019-08-24 11:58:54,225 [pool-292-thread-1] INFO  server.RaftServerConfigKeys (ConfUtils.java:logGet(43)) - raft.server.log.statemachine.data.sync = true (default)
2019-08-24 11:58:54,225 [pool-292-thread-1] INFO  server.RaftServerConfigKeys (ConfUtils.java:logGet(43)) - raft.server.log.statemachine.data.sync.timeout = 10s (default)
2019-08-24 11:58:54,226 [pool-292-thread-1] INFO  server.RaftServerConfigKeys (ConfUtils.java:logGet(43)) - raft.server.log.statemachine.data.sync.timeout.retry = -1 (default)
2019-08-24 11:58:54,226 [pool-292-thread-1] INFO  server.RaftServerConfigKeys (ConfUtils.java:logGet(43)) - raft.server.log.statemachine.data.caching.enabled = true (custom)
2019-08-24 11:58:54,227 [pool-292-thread-1] INFO  segmented.SegmentedRaftLogWorker (SegmentedRaftLogWorker.java:lambda$new$0(132)) - 29593a47-8514-4bad-ab55-d76f44c70a85-SegmentedRaftLogWorker:Storage Directory /workdir/hadoop-ozone/ozonefs/target/test-dir/MiniOzoneClusterImpl-0bd28e95-334d-40c1-a305-4301ba7c1e1b/datanode-0/data/ratis/5037187b-e52d-4db4-91a3-e8bd8a93d0a5: flushIndex: setUnconditionally 0 -> -1
2019-08-24 11:58:54,227 [pool-292-thread-1] INFO  server.RaftServerConfigKeys (ConfUtils.java:logGet(43)) - raft.server.snapshot.auto.trigger.enabled = true (custom)
2019-08-24 11:58:54,227 [pool-292-thread-1] INFO  server.RaftServerConfigKeys (ConfUtils.java:logGet(43)) - raft.server.snapshot.auto.trigger.threshold = 10000 (custom)
2019-08-24 11:58:54,228 [pool-292-thread-1] INFO  server.RaftServerConfigKeys (ConfUtils.java:logGet(43)) - raft.server.retrycache.expirytime = 600000ms (custom)
2019-08-24 11:58:54,228 [pool-292-thread-1] INFO  impl.RaftServerImpl (RaftServerImpl.java:start(180)) - 29593a47-8514-4bad-ab55-d76f44c70a85: start group-E8BD8A93D0A5
2019-08-24 11:58:54,228 [pool-292-thread-1] INFO  impl.RaftServerImpl (RaftServerImpl.java:setRole(171)) - 29593a47-8514-4bad-ab55-d76f44c70a85:group-E8BD8A93D0A5 changes role from null to FOLLOWER at term 0 for startAsFollower
2019-08-24 11:58:54,228 [pool-292-thread-1] INFO  impl.RoleInfo (RoleInfo.java:updateAndGet(143)) - 29593a47-8514-4bad-ab55-d76f44c70a85: start FollowerState
2019-08-24 11:58:54,229 [pool-292-thread-1] INFO  util.JmxRegister (JmxRegister.java:tryRegister(44)) - Successfully registered JMX Bean with object name Ratis:service=RaftServer,group=group-E8BD8A93D0A5,id=29593a47-8514-4bad-ab55-d76f44c70a85
2019-08-24 11:58:54,235 [RatisPipelineUtilsThread] INFO  pipeline.PipelineStateManager (PipelineStateManager.java:addPipeline(56)) - Created pipeline Pipeline[ Id: 5037187b-e52d-4db4-91a3-e8bd8a93d0a5, Nodes: 29593a47-8514-4bad-ab55-d76f44c70a85{ip: 192.168.36.101, host: dev-check-20190824-d9rj8-2235221398, networkLocation: /default-rack, certSerialId: null}, Type:RATIS, Factor:ONE, State:OPEN]
2019-08-24 11:58:54,247 [grpc-default-executor-0] INFO  impl.RaftServerProxy (RaftServerProxy.java:addNew(89)) - c847551b-1e98-407c-b611-b692e029e8e0: addNew group-83C3235F9260:[c847551b-1e98-407c-b611-b692e029e8e0:192.168.36.101:33120] returns group-83C3235F9260:java.util.concurrent.CompletableFuture@25802c1e[Not completed]
2019-08-24 11:58:54,249 [pool-303-thread-1] INFO  impl.RaftServerImpl (RaftServerImpl.java:<init>(93)) - c847551b-1e98-407c-b611-b692e029e8e0: new RaftServerImpl for group-83C3235F9260:[c847551b-1e98-407c-b611-b692e029e8e0:192.168.36.101:33120] with ContainerStateMachine:uninitialized
2019-08-24 11:58:54,249 [pool-303-thread-1] INFO  server.RaftServerConfigKeys (ConfUtils.java:logGet(43)) - raft.server.rpc.timeout.min = 5s (custom)
2019-08-24 11:58:54,250 [pool-303-thread-1] INFO  server.RaftServerConfigKeys (ConfUtils.java:logGet(43)) - raft.server.rpc.timeout.max = 5200ms (custom)
2019-08-24 11:58:54,250 [pool-303-thread-1] INFO  server.RaftServerConfigKeys (ConfUtils.java:logGet(43)) - raft.server.rpcslowness.timeout = 120s (custom)
2019-08-24 11:58:54,250 [pool-303-thread-1] INFO  server.RaftServerConfigKeys (ConfUtils.java:logGet(43)) - raft.server.sleep.deviation.threshold = 300 (default)
2019-08-24 11:58:54,250 [pool-303-thread-1] INFO  server.RaftServerConfigKeys (ConfUtils.java:logGet(43)) - raft.server.log.appender.install.snapshot.enabled = false (custom)
2019-08-24 11:58:54,250 [pool-303-thread-1] INFO  impl.RaftServerImpl (ServerState.java:<init>(105)) - c847551b-1e98-407c-b611-b692e029e8e0:group-83C3235F9260 ConfigurationManager, init=-1: [c847551b-1e98-407c-b611-b692e029e8e0:192.168.36.101:33120], old=null, confs=<EMPTY_MAP>
2019-08-24 11:58:54,251 [pool-303-thread-1] INFO  server.RaftServerConfigKeys (ConfUtils.java:logGet(43)) - raft.server.storage.dir = [/workdir/hadoop-ozone/ozonefs/target/test-dir/MiniOzoneClusterImpl-0bd28e95-334d-40c1-a305-4301ba7c1e1b/datanode-1/data/ratis] (custom)
2019-08-24 11:58:54,251 [pool-303-thread-1] INFO  storage.RaftStorageDirectory (RaftStorageDirectory.java:analyzeStorage(246)) - The storage directory /workdir/hadoop-ozone/ozonefs/target/test-dir/MiniOzoneClusterImpl-0bd28e95-334d-40c1-a305-4301ba7c1e1b/datanode-1/data/ratis/2d661ad6-ab3a-40ec-b255-83c3235f9260 does not exist. Creating ...
2019-08-24 11:58:54,275 [pool-303-thread-1] INFO  storage.RaftStorageDirectory (RaftStorageDirectory.java:tryLock(328)) - Lock on /workdir/hadoop-ozone/ozonefs/target/test-dir/MiniOzoneClusterImpl-0bd28e95-334d-40c1-a305-4301ba7c1e1b/datanode-1/data/ratis/2d661ad6-ab3a-40ec-b255-83c3235f9260/in_use.lock acquired by nodename 10945@dev-check-20190824-d9rj8-2235221398
2019-08-24 11:58:54,291 [Thread-1092] INFO  ozone.MiniOzoneClusterImpl (MiniOzoneClusterImpl.java:lambda$waitForClusterToBeReady$0(140)) - Waiting for cluster to be ready. Got 2 of 3 DN Heartbeats.
2019-08-24 11:58:54,293 [IPC Server handler 1 on 39804] INFO  net.NetworkTopology (NetworkTopologyImpl.java:add(110)) - Added a new node: /default-rack/906c19b9-e551-4153-8e62-6280935b9d1f
2019-08-24 11:58:54,293 [IPC Server handler 1 on 39804] INFO  node.SCMNodeManager (SCMNodeManager.java:register(273)) - Registered Data node : 906c19b9-e551-4153-8e62-6280935b9d1f{ip: 192.168.36.101, host: dev-check-20190824-d9rj8-2235221398, networkLocation: /default-rack, certSerialId: null}
2019-08-24 11:58:54,293 | INFO  | SCMAudit | user=jenkins1000 | ip=192.168.36.101 | op=REGISTER {datanodeDetails=906c19b9-e551-4153-8e62-6280935b9d1f{ip: 192.168.36.101, host: dev-check-20190824-d9rj8-2235221398, networkLocation: /default-rack, certSerialId: null}} | ret=SUCCESS |  
2019-08-24 11:58:54,298 [pool-303-thread-1] INFO  storage.RaftStorage (RaftStorage.java:format(72)) - Storage directory /workdir/hadoop-ozone/ozonefs/target/test-dir/MiniOzoneClusterImpl-0bd28e95-334d-40c1-a305-4301ba7c1e1b/datanode-1/data/ratis/2d661ad6-ab3a-40ec-b255-83c3235f9260 has been successfully formatted.
2019-08-24 11:58:54,299 [pool-303-thread-1] INFO  ratis.ContainerStateMachine (ContainerStateMachine.java:loadSnapshot(226)) - group-83C3235F9260: The snapshot info is null. Setting the last applied indexto:(t:0, i:~)
2019-08-24 11:58:54,299 [pool-303-thread-1] INFO  server.RaftServerConfigKeys (ConfUtils.java:logGet(43)) - raft.server.leader.election.timeout = 120s (custom)
2019-08-24 11:58:54,299 [pool-303-thread-1] INFO  server.RaftServerConfigKeys (ConfUtils.java:logGet(43)) - raft.server.log.use.memory = false (default)
2019-08-24 11:58:54,299 [pool-303-thread-1] INFO  server.RaftServerConfigKeys (ConfUtils.java:logGet(43)) - raft.server.log.purge.gap = 1000000 (custom)
2019-08-24 11:58:54,300 [pool-303-thread-1] INFO  server.RaftServerConfigKeys (ConfUtils.java:logGet(43)) - raft.server.log.appender.buffer.byte-limit = 33554432 (custom)
2019-08-24 11:58:54,300 [pool-303-thread-1] INFO  server.RaftServerConfigKeys (ConfUtils.java:logGet(43)) - raft.server.log.segment.size.max = 1048576 (custom)
2019-08-24 11:58:54,300 [pool-303-thread-1] INFO  server.RaftServerConfigKeys (ConfUtils.java:logGet(43)) - raft.server.log.segment.cache.num.max = 2 (custom)
2019-08-24 11:58:54,300 [pool-303-thread-1] INFO  segmented.SegmentedRaftLogWorker (SegmentedRaftLogWorker.java:<init>(172)) - new c847551b-1e98-407c-b611-b692e029e8e0-SegmentedRaftLogWorker:Storage Directory /workdir/hadoop-ozone/ozonefs/target/test-dir/MiniOzoneClusterImpl-0bd28e95-334d-40c1-a305-4301ba7c1e1b/datanode-1/data/ratis/2d661ad6-ab3a-40ec-b255-83c3235f9260 for RaftStorage:Storage Directory /workdir/hadoop-ozone/ozonefs/target/test-dir/MiniOzoneClusterImpl-0bd28e95-334d-40c1-a305-4301ba7c1e1b/datanode-1/data/ratis/2d661ad6-ab3a-40ec-b255-83c3235f9260
2019-08-24 11:58:54,300 [pool-303-thread-1] INFO  server.RaftServerConfigKeys (ConfUtils.java:logGet(43)) - raft.server.log.queue.byte-limit = 2147483647 (custom)
2019-08-24 11:58:54,300 [pool-303-thread-1] INFO  server.RaftServerConfigKeys (ConfUtils.java:logGet(43)) - raft.server.log.queue.element-limit = 1024 (custom)
2019-08-24 11:58:54,301 [pool-303-thread-1] INFO  server.RaftServerConfigKeys (ConfUtils.java:logGet(43)) - raft.server.log.segment.size.max = 1048576 (custom)
2019-08-24 11:58:54,301 [pool-303-thread-1] INFO  server.RaftServerConfigKeys (ConfUtils.java:logGet(43)) - raft.server.log.preallocated.size = 16384 (custom)
2019-08-24 11:58:54,301 [pool-303-thread-1] INFO  server.RaftServerConfigKeys (ConfUtils.java:logGet(43)) - raft.server.log.write.buffer.size = 33554432 (custom)
2019-08-24 11:58:54,301 [pool-303-thread-1] INFO  server.RaftServerConfigKeys (ConfUtils.java:logGet(43)) - raft.server.log.force.sync.num = 128 (default)
2019-08-24 11:58:54,302 [pool-303-thread-1] INFO  server.RaftServerConfigKeys (ConfUtils.java:logGet(43)) - raft.server.log.statemachine.data.sync = true (default)
2019-08-24 11:58:54,302 [pool-303-thread-1] INFO  server.RaftServerConfigKeys (ConfUtils.java:logGet(43)) - raft.server.log.statemachine.data.sync.timeout = 10s (default)
2019-08-24 11:58:54,302 [pool-303-thread-1] INFO  server.RaftServerConfigKeys (ConfUtils.java:logGet(43)) - raft.server.log.statemachine.data.sync.timeout.retry = -1 (default)
2019-08-24 11:58:54,302 [pool-303-thread-1] INFO  server.RaftServerConfigKeys (ConfUtils.java:logGet(43)) - raft.server.log.statemachine.data.caching.enabled = true (custom)
2019-08-24 11:58:54,303 [pool-303-thread-1] INFO  segmented.SegmentedRaftLogWorker (SegmentedRaftLogWorker.java:lambda$new$0(132)) - c847551b-1e98-407c-b611-b692e029e8e0-SegmentedRaftLogWorker:Storage Directory /workdir/hadoop-ozone/ozonefs/target/test-dir/MiniOzoneClusterImpl-0bd28e95-334d-40c1-a305-4301ba7c1e1b/datanode-1/data/ratis/2d661ad6-ab3a-40ec-b255-83c3235f9260: flushIndex: setUnconditionally 0 -> -1
2019-08-24 11:58:54,303 [pool-303-thread-1] INFO  server.RaftServerConfigKeys (ConfUtils.java:logGet(43)) - raft.server.snapshot.auto.trigger.enabled = true (custom)
2019-08-24 11:58:54,303 [pool-303-thread-1] INFO  server.RaftServerConfigKeys (ConfUtils.java:logGet(43)) - raft.server.snapshot.auto.trigger.threshold = 10000 (custom)
2019-08-24 11:58:54,304 [pool-303-thread-1] INFO  server.RaftServerConfigKeys (ConfUtils.java:logGet(43)) - raft.server.retrycache.expirytime = 600000ms (custom)
2019-08-24 11:58:54,304 [pool-303-thread-1] INFO  impl.RaftServerImpl (RaftServerImpl.java:start(180)) - c847551b-1e98-407c-b611-b692e029e8e0: start group-83C3235F9260
2019-08-24 11:58:54,304 [pool-303-thread-1] INFO  impl.RaftServerImpl (RaftServerImpl.java:setRole(171)) - c847551b-1e98-407c-b611-b692e029e8e0:group-83C3235F9260 changes role from null to FOLLOWER at term 0 for startAsFollower
2019-08-24 11:58:54,304 [pool-303-thread-1] INFO  impl.RoleInfo (RoleInfo.java:updateAndGet(143)) - c847551b-1e98-407c-b611-b692e029e8e0: start FollowerState
2019-08-24 11:58:54,305 [pool-303-thread-1] INFO  util.JmxRegister (JmxRegister.java:tryRegister(44)) - Successfully registered JMX Bean with object name Ratis:service=RaftServer,group=group-83C3235F9260,id=c847551b-1e98-407c-b611-b692e029e8e0
2019-08-24 11:58:54,318 [RatisPipelineUtilsThread] INFO  pipeline.PipelineStateManager (PipelineStateManager.java:addPipeline(56)) - Created pipeline Pipeline[ Id: 2d661ad6-ab3a-40ec-b255-83c3235f9260, Nodes: c847551b-1e98-407c-b611-b692e029e8e0{ip: 192.168.36.101, host: dev-check-20190824-d9rj8-2235221398, networkLocation: /default-rack, certSerialId: null}, Type:RATIS, Factor:ONE, State:OPEN]
2019-08-24 11:58:54,329 [grpc-default-executor-0] INFO  impl.RaftServerProxy (RaftServerProxy.java:addNew(89)) - 906c19b9-e551-4153-8e62-6280935b9d1f: addNew group-BB82AE5B61D8:[906c19b9-e551-4153-8e62-6280935b9d1f:192.168.36.101:45592] returns group-BB82AE5B61D8:java.util.concurrent.CompletableFuture@1a40bb3a[Not completed]
2019-08-24 11:58:54,330 [pool-314-thread-1] INFO  impl.RaftServerImpl (RaftServerImpl.java:<init>(93)) - 906c19b9-e551-4153-8e62-6280935b9d1f: new RaftServerImpl for group-BB82AE5B61D8:[906c19b9-e551-4153-8e62-6280935b9d1f:192.168.36.101:45592] with ContainerStateMachine:uninitialized
2019-08-24 11:58:54,330 [pool-314-thread-1] INFO  server.RaftServerConfigKeys (ConfUtils.java:logGet(43)) - raft.server.rpc.timeout.min = 5s (custom)
2019-08-24 11:58:54,331 [pool-314-thread-1] INFO  server.RaftServerConfigKeys (ConfUtils.java:logGet(43)) - raft.server.rpc.timeout.max = 5200ms (custom)
2019-08-24 11:58:54,331 [pool-314-thread-1] INFO  server.RaftServerConfigKeys (ConfUtils.java:logGet(43)) - raft.server.rpcslowness.timeout = 120s (custom)
2019-08-24 11:58:54,331 [pool-314-thread-1] INFO  server.RaftServerConfigKeys (ConfUtils.java:logGet(43)) - raft.server.sleep.deviation.threshold = 300 (default)
2019-08-24 11:58:54,331 [pool-314-thread-1] INFO  server.RaftServerConfigKeys (ConfUtils.java:logGet(43)) - raft.server.log.appender.install.snapshot.enabled = false (custom)
2019-08-24 11:58:54,331 [pool-314-thread-1] INFO  impl.RaftServerImpl (ServerState.java:<init>(105)) - 906c19b9-e551-4153-8e62-6280935b9d1f:group-BB82AE5B61D8 ConfigurationManager, init=-1: [906c19b9-e551-4153-8e62-6280935b9d1f:192.168.36.101:45592], old=null, confs=<EMPTY_MAP>
2019-08-24 11:58:54,331 [pool-314-thread-1] INFO  server.RaftServerConfigKeys (ConfUtils.java:logGet(43)) - raft.server.storage.dir = [/workdir/hadoop-ozone/ozonefs/target/test-dir/MiniOzoneClusterImpl-0bd28e95-334d-40c1-a305-4301ba7c1e1b/datanode-2/data/ratis] (custom)
2019-08-24 11:58:54,332 [pool-314-thread-1] INFO  storage.RaftStorageDirectory (RaftStorageDirectory.java:analyzeStorage(246)) - The storage directory /workdir/hadoop-ozone/ozonefs/target/test-dir/MiniOzoneClusterImpl-0bd28e95-334d-40c1-a305-4301ba7c1e1b/datanode-2/data/ratis/6666faaf-f70f-43a8-827b-bb82ae5b61d8 does not exist. Creating ...
2019-08-24 11:58:54,355 [pool-314-thread-1] INFO  storage.RaftStorageDirectory (RaftStorageDirectory.java:tryLock(328)) - Lock on /workdir/hadoop-ozone/ozonefs/target/test-dir/MiniOzoneClusterImpl-0bd28e95-334d-40c1-a305-4301ba7c1e1b/datanode-2/data/ratis/6666faaf-f70f-43a8-827b-bb82ae5b61d8/in_use.lock acquired by nodename 10945@dev-check-20190824-d9rj8-2235221398
2019-08-24 11:58:54,373 [pool-314-thread-1] INFO  storage.RaftStorage (RaftStorage.java:format(72)) - Storage directory /workdir/hadoop-ozone/ozonefs/target/test-dir/MiniOzoneClusterImpl-0bd28e95-334d-40c1-a305-4301ba7c1e1b/datanode-2/data/ratis/6666faaf-f70f-43a8-827b-bb82ae5b61d8 has been successfully formatted.
2019-08-24 11:58:54,373 [pool-314-thread-1] INFO  ratis.ContainerStateMachine (ContainerStateMachine.java:loadSnapshot(226)) - group-BB82AE5B61D8: The snapshot info is null. Setting the last applied indexto:(t:0, i:~)
2019-08-24 11:58:54,373 [pool-314-thread-1] INFO  server.RaftServerConfigKeys (ConfUtils.java:logGet(43)) - raft.server.leader.election.timeout = 120s (custom)
2019-08-24 11:58:54,374 [pool-314-thread-1] INFO  server.RaftServerConfigKeys (ConfUtils.java:logGet(43)) - raft.server.log.use.memory = false (default)
2019-08-24 11:58:54,374 [pool-314-thread-1] INFO  server.RaftServerConfigKeys (ConfUtils.java:logGet(43)) - raft.server.log.purge.gap = 1000000 (custom)
2019-08-24 11:58:54,374 [pool-314-thread-1] INFO  server.RaftServerConfigKeys (ConfUtils.java:logGet(43)) - raft.server.log.appender.buffer.byte-limit = 33554432 (custom)
2019-08-24 11:58:54,374 [pool-314-thread-1] INFO  server.RaftServerConfigKeys (ConfUtils.java:logGet(43)) - raft.server.log.segment.size.max = 1048576 (custom)
2019-08-24 11:58:54,374 [pool-314-thread-1] INFO  server.RaftServerConfigKeys (ConfUtils.java:logGet(43)) - raft.server.log.segment.cache.num.max = 2 (custom)
2019-08-24 11:58:54,374 [pool-314-thread-1] INFO  segmented.SegmentedRaftLogWorker (SegmentedRaftLogWorker.java:<init>(172)) - new 906c19b9-e551-4153-8e62-6280935b9d1f-SegmentedRaftLogWorker:Storage Directory /workdir/hadoop-ozone/ozonefs/target/test-dir/MiniOzoneClusterImpl-0bd28e95-334d-40c1-a305-4301ba7c1e1b/datanode-2/data/ratis/6666faaf-f70f-43a8-827b-bb82ae5b61d8 for RaftStorage:Storage Directory /workdir/hadoop-ozone/ozonefs/target/test-dir/MiniOzoneClusterImpl-0bd28e95-334d-40c1-a305-4301ba7c1e1b/datanode-2/data/ratis/6666faaf-f70f-43a8-827b-bb82ae5b61d8
2019-08-24 11:58:54,374 [pool-314-thread-1] INFO  server.RaftServerConfigKeys (ConfUtils.java:logGet(43)) - raft.server.log.queue.byte-limit = 2147483647 (custom)
2019-08-24 11:58:54,375 [pool-314-thread-1] INFO  server.RaftServerConfigKeys (ConfUtils.java:logGet(43)) - raft.server.log.queue.element-limit = 1024 (custom)
2019-08-24 11:58:54,375 [pool-314-thread-1] INFO  server.RaftServerConfigKeys (ConfUtils.java:logGet(43)) - raft.server.log.segment.size.max = 1048576 (custom)
2019-08-24 11:58:54,375 [pool-314-thread-1] INFO  server.RaftServerConfigKeys (ConfUtils.java:logGet(43)) - raft.server.log.preallocated.size = 16384 (custom)
2019-08-24 11:58:54,375 [pool-314-thread-1] INFO  server.RaftServerConfigKeys (ConfUtils.java:logGet(43)) - raft.server.log.write.buffer.size = 33554432 (custom)
2019-08-24 11:58:54,375 [pool-314-thread-1] INFO  server.RaftServerConfigKeys (ConfUtils.java:logGet(43)) - raft.server.log.force.sync.num = 128 (default)
2019-08-24 11:58:54,375 [pool-314-thread-1] INFO  server.RaftServerConfigKeys (ConfUtils.java:logGet(43)) - raft.server.log.statemachine.data.sync = true (default)
2019-08-24 11:58:54,376 [pool-314-thread-1] INFO  server.RaftServerConfigKeys (ConfUtils.java:logGet(43)) - raft.server.log.statemachine.data.sync.timeout = 10s (default)
2019-08-24 11:58:54,376 [pool-314-thread-1] INFO  server.RaftServerConfigKeys (ConfUtils.java:logGet(43)) - raft.server.log.statemachine.data.sync.timeout.retry = -1 (default)
2019-08-24 11:58:54,376 [pool-314-thread-1] INFO  server.RaftServerConfigKeys (ConfUtils.java:logGet(43)) - raft.server.log.statemachine.data.caching.enabled = true (custom)
2019-08-24 11:58:54,376 [pool-314-thread-1] INFO  segmented.SegmentedRaftLogWorker (SegmentedRaftLogWorker.java:lambda$new$0(132)) - 906c19b9-e551-4153-8e62-6280935b9d1f-SegmentedRaftLogWorker:Storage Directory /workdir/hadoop-ozone/ozonefs/target/test-dir/MiniOzoneClusterImpl-0bd28e95-334d-40c1-a305-4301ba7c1e1b/datanode-2/data/ratis/6666faaf-f70f-43a8-827b-bb82ae5b61d8: flushIndex: setUnconditionally 0 -> -1
2019-08-24 11:58:54,377 [pool-314-thread-1] INFO  server.RaftServerConfigKeys (ConfUtils.java:logGet(43)) - raft.server.snapshot.auto.trigger.enabled = true (custom)
2019-08-24 11:58:54,377 [pool-314-thread-1] INFO  server.RaftServerConfigKeys (ConfUtils.java:logGet(43)) - raft.server.snapshot.auto.trigger.threshold = 10000 (custom)
2019-08-24 11:58:54,377 [pool-314-thread-1] INFO  server.RaftServerConfigKeys (ConfUtils.java:logGet(43)) - raft.server.retrycache.expirytime = 600000ms (custom)
2019-08-24 11:58:54,377 [pool-314-thread-1] INFO  impl.RaftServerImpl (RaftServerImpl.java:start(180)) - 906c19b9-e551-4153-8e62-6280935b9d1f: start group-BB82AE5B61D8
2019-08-24 11:58:54,378 [pool-314-thread-1] INFO  impl.RaftServerImpl (RaftServerImpl.java:setRole(171)) - 906c19b9-e551-4153-8e62-6280935b9d1f:group-BB82AE5B61D8 changes role from null to FOLLOWER at term 0 for startAsFollower
2019-08-24 11:58:54,378 [pool-314-thread-1] INFO  impl.RoleInfo (RoleInfo.java:updateAndGet(143)) - 906c19b9-e551-4153-8e62-6280935b9d1f: start FollowerState
2019-08-24 11:58:54,378 [pool-314-thread-1] INFO  util.JmxRegister (JmxRegister.java:tryRegister(44)) - Successfully registered JMX Bean with object name Ratis:service=RaftServer,group=group-BB82AE5B61D8,id=906c19b9-e551-4153-8e62-6280935b9d1f
2019-08-24 11:58:54,383 [RatisPipelineUtilsThread] INFO  pipeline.PipelineStateManager (PipelineStateManager.java:addPipeline(56)) - Created pipeline Pipeline[ Id: 6666faaf-f70f-43a8-827b-bb82ae5b61d8, Nodes: 906c19b9-e551-4153-8e62-6280935b9d1f{ip: 192.168.36.101, host: dev-check-20190824-d9rj8-2235221398, networkLocation: /default-rack, certSerialId: null}, Type:RATIS, Factor:ONE, State:OPEN]
2019-08-24 11:58:54,402 [grpc-default-executor-2] INFO  impl.RaftServerProxy (RaftServerProxy.java:addNew(89)) - c847551b-1e98-407c-b611-b692e029e8e0: addNew group-C16ED8EF31E7:[906c19b9-e551-4153-8e62-6280935b9d1f:192.168.36.101:45592, c847551b-1e98-407c-b611-b692e029e8e0:192.168.36.101:33120, 29593a47-8514-4bad-ab55-d76f44c70a85:192.168.36.101:44881] returns group-C16ED8EF31E7:java.util.concurrent.CompletableFuture@40b63d58[Not completed]
2019-08-24 11:58:54,403 [grpc-default-executor-1] INFO  impl.RaftServerProxy (RaftServerProxy.java:addNew(89)) - 29593a47-8514-4bad-ab55-d76f44c70a85: addNew group-C16ED8EF31E7:[906c19b9-e551-4153-8e62-6280935b9d1f:192.168.36.101:45592, c847551b-1e98-407c-b611-b692e029e8e0:192.168.36.101:33120, 29593a47-8514-4bad-ab55-d76f44c70a85:192.168.36.101:44881] returns group-C16ED8EF31E7:java.util.concurrent.CompletableFuture@2275a87b[Not completed]
2019-08-24 11:58:54,403 [pool-303-thread-1] INFO  impl.RaftServerImpl (RaftServerImpl.java:<init>(93)) - c847551b-1e98-407c-b611-b692e029e8e0: new RaftServerImpl for group-C16ED8EF31E7:[906c19b9-e551-4153-8e62-6280935b9d1f:192.168.36.101:45592, c847551b-1e98-407c-b611-b692e029e8e0:192.168.36.101:33120, 29593a47-8514-4bad-ab55-d76f44c70a85:192.168.36.101:44881] with ContainerStateMachine:uninitialized
2019-08-24 11:58:54,403 [pool-303-thread-1] INFO  server.RaftServerConfigKeys (ConfUtils.java:logGet(43)) - raft.server.rpc.timeout.min = 5s (custom)
2019-08-24 11:58:54,404 [pool-303-thread-1] INFO  server.RaftServerConfigKeys (ConfUtils.java:logGet(43)) - raft.server.rpc.timeout.max = 5200ms (custom)
2019-08-24 11:58:54,404 [pool-303-thread-1] INFO  server.RaftServerConfigKeys (ConfUtils.java:logGet(43)) - raft.server.rpcslowness.timeout = 120s (custom)
2019-08-24 11:58:54,404 [pool-303-thread-1] INFO  server.RaftServerConfigKeys (ConfUtils.java:logGet(43)) - raft.server.sleep.deviation.threshold = 300 (default)
2019-08-24 11:58:54,404 [pool-292-thread-1] INFO  impl.RaftServerImpl (RaftServerImpl.java:<init>(93)) - 29593a47-8514-4bad-ab55-d76f44c70a85: new RaftServerImpl for group-C16ED8EF31E7:[906c19b9-e551-4153-8e62-6280935b9d1f:192.168.36.101:45592, c847551b-1e98-407c-b611-b692e029e8e0:192.168.36.101:33120, 29593a47-8514-4bad-ab55-d76f44c70a85:192.168.36.101:44881] with ContainerStateMachine:uninitialized
2019-08-24 11:58:54,404 [pool-303-thread-1] INFO  server.RaftServerConfigKeys (ConfUtils.java:logGet(43)) - raft.server.log.appender.install.snapshot.enabled = false (custom)
2019-08-24 11:58:54,406 [pool-292-thread-1] INFO  server.RaftServerConfigKeys (ConfUtils.java:logGet(43)) - raft.server.rpc.timeout.min = 5s (custom)
2019-08-24 11:58:54,406 [pool-303-thread-1] INFO  impl.RaftServerImpl (ServerState.java:<init>(105)) - c847551b-1e98-407c-b611-b692e029e8e0:group-C16ED8EF31E7 ConfigurationManager, init=-1: [906c19b9-e551-4153-8e62-6280935b9d1f:192.168.36.101:45592, c847551b-1e98-407c-b611-b692e029e8e0:192.168.36.101:33120, 29593a47-8514-4bad-ab55-d76f44c70a85:192.168.36.101:44881], old=null, confs=<EMPTY_MAP>
2019-08-24 11:58:54,406 [grpc-default-executor-1] INFO  impl.RaftServerProxy (RaftServerProxy.java:addNew(89)) - 906c19b9-e551-4153-8e62-6280935b9d1f: addNew group-C16ED8EF31E7:[906c19b9-e551-4153-8e62-6280935b9d1f:192.168.36.101:45592, c847551b-1e98-407c-b611-b692e029e8e0:192.168.36.101:33120, 29593a47-8514-4bad-ab55-d76f44c70a85:192.168.36.101:44881] returns group-C16ED8EF31E7:java.util.concurrent.CompletableFuture@67773251[Not completed]
2019-08-24 11:58:54,406 [pool-292-thread-1] INFO  server.RaftServerConfigKeys (ConfUtils.java:logGet(43)) - raft.server.rpc.timeout.max = 5200ms (custom)
2019-08-24 11:58:54,406 [pool-303-thread-1] INFO  server.RaftServerConfigKeys (ConfUtils.java:logGet(43)) - raft.server.storage.dir = [/workdir/hadoop-ozone/ozonefs/target/test-dir/MiniOzoneClusterImpl-0bd28e95-334d-40c1-a305-4301ba7c1e1b/datanode-1/data/ratis] (custom)
2019-08-24 11:58:54,406 [pool-292-thread-1] INFO  server.RaftServerConfigKeys (ConfUtils.java:logGet(43)) - raft.server.rpcslowness.timeout = 120s (custom)
2019-08-24 11:58:54,407 [pool-292-thread-1] INFO  server.RaftServerConfigKeys (ConfUtils.java:logGet(43)) - raft.server.sleep.deviation.threshold = 300 (default)
2019-08-24 11:58:54,407 [pool-303-thread-1] INFO  storage.RaftStorageDirectory (RaftStorageDirectory.java:analyzeStorage(246)) - The storage directory /workdir/hadoop-ozone/ozonefs/target/test-dir/MiniOzoneClusterImpl-0bd28e95-334d-40c1-a305-4301ba7c1e1b/datanode-1/data/ratis/ce6a01b6-5cbb-4a75-9996-c16ed8ef31e7 does not exist. Creating ...
2019-08-24 11:58:54,407 [pool-292-thread-1] INFO  server.RaftServerConfigKeys (ConfUtils.java:logGet(43)) - raft.server.log.appender.install.snapshot.enabled = false (custom)
2019-08-24 11:58:54,407 [pool-314-thread-1] INFO  impl.RaftServerImpl (RaftServerImpl.java:<init>(93)) - 906c19b9-e551-4153-8e62-6280935b9d1f: new RaftServerImpl for group-C16ED8EF31E7:[906c19b9-e551-4153-8e62-6280935b9d1f:192.168.36.101:45592, c847551b-1e98-407c-b611-b692e029e8e0:192.168.36.101:33120, 29593a47-8514-4bad-ab55-d76f44c70a85:192.168.36.101:44881] with ContainerStateMachine:uninitialized
2019-08-24 11:58:54,407 [pool-292-thread-1] INFO  impl.RaftServerImpl (ServerState.java:<init>(105)) - 29593a47-8514-4bad-ab55-d76f44c70a85:group-C16ED8EF31E7 ConfigurationManager, init=-1: [906c19b9-e551-4153-8e62-6280935b9d1f:192.168.36.101:45592, c847551b-1e98-407c-b611-b692e029e8e0:192.168.36.101:33120, 29593a47-8514-4bad-ab55-d76f44c70a85:192.168.36.101:44881], old=null, confs=<EMPTY_MAP>
2019-08-24 11:58:54,407 [pool-314-thread-1] INFO  server.RaftServerConfigKeys (ConfUtils.java:logGet(43)) - raft.server.rpc.timeout.min = 5s (custom)
2019-08-24 11:58:54,408 [pool-292-thread-1] INFO  server.RaftServerConfigKeys (ConfUtils.java:logGet(43)) - raft.server.storage.dir = [/workdir/hadoop-ozone/ozonefs/target/test-dir/MiniOzoneClusterImpl-0bd28e95-334d-40c1-a305-4301ba7c1e1b/datanode-0/data/ratis] (custom)
2019-08-24 11:58:54,408 [pool-314-thread-1] INFO  server.RaftServerConfigKeys (ConfUtils.java:logGet(43)) - raft.server.rpc.timeout.max = 5200ms (custom)
2019-08-24 11:58:54,408 [pool-314-thread-1] INFO  server.RaftServerConfigKeys (ConfUtils.java:logGet(43)) - raft.server.rpcslowness.timeout = 120s (custom)
2019-08-24 11:58:54,408 [pool-292-thread-1] INFO  storage.RaftStorageDirectory (RaftStorageDirectory.java:analyzeStorage(246)) - The storage directory /workdir/hadoop-ozone/ozonefs/target/test-dir/MiniOzoneClusterImpl-0bd28e95-334d-40c1-a305-4301ba7c1e1b/datanode-0/data/ratis/ce6a01b6-5cbb-4a75-9996-c16ed8ef31e7 does not exist. Creating ...
2019-08-24 11:58:54,408 [pool-314-thread-1] INFO  server.RaftServerConfigKeys (ConfUtils.java:logGet(43)) - raft.server.sleep.deviation.threshold = 300 (default)
2019-08-24 11:58:54,408 [pool-314-thread-1] INFO  server.RaftServerConfigKeys (ConfUtils.java:logGet(43)) - raft.server.log.appender.install.snapshot.enabled = false (custom)
2019-08-24 11:58:54,409 [pool-314-thread-1] INFO  impl.RaftServerImpl (ServerState.java:<init>(105)) - 906c19b9-e551-4153-8e62-6280935b9d1f:group-C16ED8EF31E7 ConfigurationManager, init=-1: [906c19b9-e551-4153-8e62-6280935b9d1f:192.168.36.101:45592, c847551b-1e98-407c-b611-b692e029e8e0:192.168.36.101:33120, 29593a47-8514-4bad-ab55-d76f44c70a85:192.168.36.101:44881], old=null, confs=<EMPTY_MAP>
2019-08-24 11:58:54,409 [pool-314-thread-1] INFO  server.RaftServerConfigKeys (ConfUtils.java:logGet(43)) - raft.server.storage.dir = [/workdir/hadoop-ozone/ozonefs/target/test-dir/MiniOzoneClusterImpl-0bd28e95-334d-40c1-a305-4301ba7c1e1b/datanode-2/data/ratis] (custom)
2019-08-24 11:58:54,409 [pool-314-thread-1] INFO  storage.RaftStorageDirectory (RaftStorageDirectory.java:analyzeStorage(246)) - The storage directory /workdir/hadoop-ozone/ozonefs/target/test-dir/MiniOzoneClusterImpl-0bd28e95-334d-40c1-a305-4301ba7c1e1b/datanode-2/data/ratis/ce6a01b6-5cbb-4a75-9996-c16ed8ef31e7 does not exist. Creating ...
2019-08-24 11:58:54,430 [pool-303-thread-1] INFO  storage.RaftStorageDirectory (RaftStorageDirectory.java:tryLock(328)) - Lock on /workdir/hadoop-ozone/ozonefs/target/test-dir/MiniOzoneClusterImpl-0bd28e95-334d-40c1-a305-4301ba7c1e1b/datanode-1/data/ratis/ce6a01b6-5cbb-4a75-9996-c16ed8ef31e7/in_use.lock acquired by nodename 10945@dev-check-20190824-d9rj8-2235221398
2019-08-24 11:58:54,430 [pool-314-thread-1] INFO  storage.RaftStorageDirectory (RaftStorageDirectory.java:tryLock(328)) - Lock on /workdir/hadoop-ozone/ozonefs/target/test-dir/MiniOzoneClusterImpl-0bd28e95-334d-40c1-a305-4301ba7c1e1b/datanode-2/data/ratis/ce6a01b6-5cbb-4a75-9996-c16ed8ef31e7/in_use.lock acquired by nodename 10945@dev-check-20190824-d9rj8-2235221398
2019-08-24 11:58:54,430 [pool-292-thread-1] INFO  storage.RaftStorageDirectory (RaftStorageDirectory.java:tryLock(328)) - Lock on /workdir/hadoop-ozone/ozonefs/target/test-dir/MiniOzoneClusterImpl-0bd28e95-334d-40c1-a305-4301ba7c1e1b/datanode-0/data/ratis/ce6a01b6-5cbb-4a75-9996-c16ed8ef31e7/in_use.lock acquired by nodename 10945@dev-check-20190824-d9rj8-2235221398
2019-08-24 11:58:54,444 [pool-303-thread-1] INFO  storage.RaftStorage (RaftStorage.java:format(72)) - Storage directory /workdir/hadoop-ozone/ozonefs/target/test-dir/MiniOzoneClusterImpl-0bd28e95-334d-40c1-a305-4301ba7c1e1b/datanode-1/data/ratis/ce6a01b6-5cbb-4a75-9996-c16ed8ef31e7 has been successfully formatted.
2019-08-24 11:58:54,444 [pool-314-thread-1] INFO  storage.RaftStorage (RaftStorage.java:format(72)) - Storage directory /workdir/hadoop-ozone/ozonefs/target/test-dir/MiniOzoneClusterImpl-0bd28e95-334d-40c1-a305-4301ba7c1e1b/datanode-2/data/ratis/ce6a01b6-5cbb-4a75-9996-c16ed8ef31e7 has been successfully formatted.
2019-08-24 11:58:54,444 [pool-303-thread-1] INFO  ratis.ContainerStateMachine (ContainerStateMachine.java:loadSnapshot(226)) - group-C16ED8EF31E7: The snapshot info is null. Setting the last applied indexto:(t:0, i:~)
2019-08-24 11:58:54,444 [pool-314-thread-1] INFO  ratis.ContainerStateMachine (ContainerStateMachine.java:loadSnapshot(226)) - group-C16ED8EF31E7: The snapshot info is null. Setting the last applied indexto:(t:0, i:~)
2019-08-24 11:58:54,444 [pool-292-thread-1] INFO  storage.RaftStorage (RaftStorage.java:format(72)) - Storage directory /workdir/hadoop-ozone/ozonefs/target/test-dir/MiniOzoneClusterImpl-0bd28e95-334d-40c1-a305-4301ba7c1e1b/datanode-0/data/ratis/ce6a01b6-5cbb-4a75-9996-c16ed8ef31e7 has been successfully formatted.
2019-08-24 11:58:54,445 [pool-314-thread-1] INFO  server.RaftServerConfigKeys (ConfUtils.java:logGet(43)) - raft.server.leader.election.timeout = 120s (custom)
2019-08-24 11:58:54,445 [pool-303-thread-1] INFO  server.RaftServerConfigKeys (ConfUtils.java:logGet(43)) - raft.server.leader.election.timeout = 120s (custom)
2019-08-24 11:58:54,445 [pool-314-thread-1] INFO  server.RaftServerConfigKeys (ConfUtils.java:logGet(43)) - raft.server.log.use.memory = false (default)
2019-08-24 11:58:54,445 [pool-292-thread-1] INFO  ratis.ContainerStateMachine (ContainerStateMachine.java:loadSnapshot(226)) - group-C16ED8EF31E7: The snapshot info is null. Setting the last applied indexto:(t:0, i:~)
2019-08-24 11:58:54,445 [pool-314-thread-1] INFO  server.RaftServerConfigKeys (ConfUtils.java:logGet(43)) - raft.server.log.purge.gap = 1000000 (custom)
2019-08-24 11:58:54,445 [pool-303-thread-1] INFO  server.RaftServerConfigKeys (ConfUtils.java:logGet(43)) - raft.server.log.use.memory = false (default)
2019-08-24 11:58:54,446 [pool-314-thread-1] INFO  server.RaftServerConfigKeys (ConfUtils.java:logGet(43)) - raft.server.log.appender.buffer.byte-limit = 33554432 (custom)
2019-08-24 11:58:54,446 [pool-292-thread-1] INFO  server.RaftServerConfigKeys (ConfUtils.java:logGet(43)) - raft.server.leader.election.timeout = 120s (custom)
2019-08-24 11:58:54,446 [pool-314-thread-1] INFO  server.RaftServerConfigKeys (ConfUtils.java:logGet(43)) - raft.server.log.segment.size.max = 1048576 (custom)
2019-08-24 11:58:54,446 [pool-303-thread-1] INFO  server.RaftServerConfigKeys (ConfUtils.java:logGet(43)) - raft.server.log.purge.gap = 1000000 (custom)
2019-08-24 11:58:54,446 [pool-314-thread-1] INFO  server.RaftServerConfigKeys (ConfUtils.java:logGet(43)) - raft.server.log.segment.cache.num.max = 2 (custom)
2019-08-24 11:58:54,446 [pool-292-thread-1] INFO  server.RaftServerConfigKeys (ConfUtils.java:logGet(43)) - raft.server.log.use.memory = false (default)
2019-08-24 11:58:54,447 [pool-314-thread-1] INFO  segmented.SegmentedRaftLogWorker (SegmentedRaftLogWorker.java:<init>(172)) - new 906c19b9-e551-4153-8e62-6280935b9d1f-SegmentedRaftLogWorker:Storage Directory /workdir/hadoop-ozone/ozonefs/target/test-dir/MiniOzoneClusterImpl-0bd28e95-334d-40c1-a305-4301ba7c1e1b/datanode-2/data/ratis/ce6a01b6-5cbb-4a75-9996-c16ed8ef31e7 for RaftStorage:Storage Directory /workdir/hadoop-ozone/ozonefs/target/test-dir/MiniOzoneClusterImpl-0bd28e95-334d-40c1-a305-4301ba7c1e1b/datanode-2/data/ratis/ce6a01b6-5cbb-4a75-9996-c16ed8ef31e7
2019-08-24 11:58:54,447 [pool-303-thread-1] INFO  server.RaftServerConfigKeys (ConfUtils.java:logGet(43)) - raft.server.log.appender.buffer.byte-limit = 33554432 (custom)
2019-08-24 11:58:54,447 [pool-314-thread-1] INFO  server.RaftServerConfigKeys (ConfUtils.java:logGet(43)) - raft.server.log.queue.byte-limit = 2147483647 (custom)
2019-08-24 11:58:54,447 [pool-292-thread-1] INFO  server.RaftServerConfigKeys (ConfUtils.java:logGet(43)) - raft.server.log.purge.gap = 1000000 (custom)
2019-08-24 11:58:54,447 [pool-314-thread-1] INFO  server.RaftServerConfigKeys (ConfUtils.java:logGet(43)) - raft.server.log.queue.element-limit = 1024 (custom)
2019-08-24 11:58:54,447 [pool-303-thread-1] INFO  server.RaftServerConfigKeys (ConfUtils.java:logGet(43)) - raft.server.log.segment.size.max = 1048576 (custom)
2019-08-24 11:58:54,448 [pool-314-thread-1] INFO  server.RaftServerConfigKeys (ConfUtils.java:logGet(43)) - raft.server.log.segment.size.max = 1048576 (custom)
2019-08-24 11:58:54,448 [pool-292-thread-1] INFO  server.RaftServerConfigKeys (ConfUtils.java:logGet(43)) - raft.server.log.appender.buffer.byte-limit = 33554432 (custom)
2019-08-24 11:58:54,448 [pool-314-thread-1] INFO  server.RaftServerConfigKeys (ConfUtils.java:logGet(43)) - raft.server.log.preallocated.size = 16384 (custom)
2019-08-24 11:58:54,449 [pool-314-thread-1] INFO  server.RaftServerConfigKeys (ConfUtils.java:logGet(43)) - raft.server.log.write.buffer.size = 33554432 (custom)
2019-08-24 11:58:54,448 [pool-303-thread-1] INFO  server.RaftServerConfigKeys (ConfUtils.java:logGet(43)) - raft.server.log.segment.cache.num.max = 2 (custom)
2019-08-24 11:58:54,449 [pool-314-thread-1] INFO  server.RaftServerConfigKeys (ConfUtils.java:logGet(43)) - raft.server.log.force.sync.num = 128 (default)
2019-08-24 11:58:54,448 [pool-292-thread-1] INFO  server.RaftServerConfigKeys (ConfUtils.java:logGet(43)) - raft.server.log.segment.size.max = 1048576 (custom)
2019-08-24 11:58:54,449 [pool-314-thread-1] INFO  server.RaftServerConfigKeys (ConfUtils.java:logGet(43)) - raft.server.log.statemachine.data.sync = true (default)
2019-08-24 11:58:54,449 [pool-303-thread-1] INFO  segmented.SegmentedRaftLogWorker (SegmentedRaftLogWorker.java:<init>(172)) - new c847551b-1e98-407c-b611-b692e029e8e0-SegmentedRaftLogWorker:Storage Directory /workdir/hadoop-ozone/ozonefs/target/test-dir/MiniOzoneClusterImpl-0bd28e95-334d-40c1-a305-4301ba7c1e1b/datanode-1/data/ratis/ce6a01b6-5cbb-4a75-9996-c16ed8ef31e7 for RaftStorage:Storage Directory /workdir/hadoop-ozone/ozonefs/target/test-dir/MiniOzoneClusterImpl-0bd28e95-334d-40c1-a305-4301ba7c1e1b/datanode-1/data/ratis/ce6a01b6-5cbb-4a75-9996-c16ed8ef31e7
2019-08-24 11:58:54,449 [pool-314-thread-1] INFO  server.RaftServerConfigKeys (ConfUtils.java:logGet(43)) - raft.server.log.statemachine.data.sync.timeout = 10s (default)
2019-08-24 11:58:54,449 [pool-292-thread-1] INFO  server.RaftServerConfigKeys (ConfUtils.java:logGet(43)) - raft.server.log.segment.cache.num.max = 2 (custom)
2019-08-24 11:58:54,450 [pool-314-thread-1] INFO  server.RaftServerConfigKeys (ConfUtils.java:logGet(43)) - raft.server.log.statemachine.data.sync.timeout.retry = -1 (default)
2019-08-24 11:58:54,450 [pool-303-thread-1] INFO  server.RaftServerConfigKeys (ConfUtils.java:logGet(43)) - raft.server.log.queue.byte-limit = 2147483647 (custom)
2019-08-24 11:58:54,450 [pool-314-thread-1] INFO  server.RaftServerConfigKeys (ConfUtils.java:logGet(43)) - raft.server.log.statemachine.data.caching.enabled = true (custom)
2019-08-24 11:58:54,450 [pool-292-thread-1] INFO  segmented.SegmentedRaftLogWorker (SegmentedRaftLogWorker.java:<init>(172)) - new 29593a47-8514-4bad-ab55-d76f44c70a85-SegmentedRaftLogWorker:Storage Directory /workdir/hadoop-ozone/ozonefs/target/test-dir/MiniOzoneClusterImpl-0bd28e95-334d-40c1-a305-4301ba7c1e1b/datanode-0/data/ratis/ce6a01b6-5cbb-4a75-9996-c16ed8ef31e7 for RaftStorage:Storage Directory /workdir/hadoop-ozone/ozonefs/target/test-dir/MiniOzoneClusterImpl-0bd28e95-334d-40c1-a305-4301ba7c1e1b/datanode-0/data/ratis/ce6a01b6-5cbb-4a75-9996-c16ed8ef31e7
2019-08-24 11:58:54,450 [pool-303-thread-1] INFO  server.RaftServerConfigKeys (ConfUtils.java:logGet(43)) - raft.server.log.queue.element-limit = 1024 (custom)
2019-08-24 11:58:54,451 [pool-292-thread-1] INFO  server.RaftServerConfigKeys (ConfUtils.java:logGet(43)) - raft.server.log.queue.byte-limit = 2147483647 (custom)
2019-08-24 11:58:54,451 [pool-314-thread-1] INFO  segmented.SegmentedRaftLogWorker (SegmentedRaftLogWorker.java:lambda$new$0(132)) - 906c19b9-e551-4153-8e62-6280935b9d1f-SegmentedRaftLogWorker:Storage Directory /workdir/hadoop-ozone/ozonefs/target/test-dir/MiniOzoneClusterImpl-0bd28e95-334d-40c1-a305-4301ba7c1e1b/datanode-2/data/ratis/ce6a01b6-5cbb-4a75-9996-c16ed8ef31e7: flushIndex: setUnconditionally 0 -> -1
2019-08-24 11:58:54,451 [pool-292-thread-1] INFO  server.RaftServerConfigKeys (ConfUtils.java:logGet(43)) - raft.server.log.queue.element-limit = 1024 (custom)
2019-08-24 11:58:54,451 [pool-303-thread-1] INFO  server.RaftServerConfigKeys (ConfUtils.java:logGet(43)) - raft.server.log.segment.size.max = 1048576 (custom)
2019-08-24 11:58:54,452 [pool-292-thread-1] INFO  server.RaftServerConfigKeys (ConfUtils.java:logGet(43)) - raft.server.log.segment.size.max = 1048576 (custom)
2019-08-24 11:58:54,451 [pool-314-thread-1] INFO  server.RaftServerConfigKeys (ConfUtils.java:logGet(43)) - raft.server.snapshot.auto.trigger.enabled = true (custom)
2019-08-24 11:58:54,452 [pool-292-thread-1] INFO  server.RaftServerConfigKeys (ConfUtils.java:logGet(43)) - raft.server.log.preallocated.size = 16384 (custom)
2019-08-24 11:58:54,452 [pool-303-thread-1] INFO  server.RaftServerConfigKeys (ConfUtils.java:logGet(43)) - raft.server.log.preallocated.size = 16384 (custom)
2019-08-24 11:58:54,452 [pool-292-thread-1] INFO  server.RaftServerConfigKeys (ConfUtils.java:logGet(43)) - raft.server.log.write.buffer.size = 33554432 (custom)
2019-08-24 11:58:54,453 [pool-292-thread-1] INFO  server.RaftServerConfigKeys (ConfUtils.java:logGet(43)) - raft.server.log.force.sync.num = 128 (default)
2019-08-24 11:58:54,452 [pool-314-thread-1] INFO  server.RaftServerConfigKeys (ConfUtils.java:logGet(43)) - raft.server.snapshot.auto.trigger.threshold = 10000 (custom)
2019-08-24 11:58:54,453 [pool-292-thread-1] INFO  server.RaftServerConfigKeys (ConfUtils.java:logGet(43)) - raft.server.log.statemachine.data.sync = true (default)
2019-08-24 11:58:54,452 [pool-303-thread-1] INFO  server.RaftServerConfigKeys (ConfUtils.java:logGet(43)) - raft.server.log.write.buffer.size = 33554432 (custom)
2019-08-24 11:58:54,453 [pool-292-thread-1] INFO  server.RaftServerConfigKeys (ConfUtils.java:logGet(43)) - raft.server.log.statemachine.data.sync.timeout = 10s (default)
2019-08-24 11:58:54,453 [pool-314-thread-1] INFO  server.RaftServerConfigKeys (ConfUtils.java:logGet(43)) - raft.server.retrycache.expirytime = 600000ms (custom)
2019-08-24 11:58:54,453 [pool-292-thread-1] INFO  server.RaftServerConfigKeys (ConfUtils.java:logGet(43)) - raft.server.log.statemachine.data.sync.timeout.retry = -1 (default)
2019-08-24 11:58:54,453 [pool-303-thread-1] INFO  server.RaftServerConfigKeys (ConfUtils.java:logGet(43)) - raft.server.log.force.sync.num = 128 (default)
2019-08-24 11:58:54,454 [pool-292-thread-1] INFO  server.RaftServerConfigKeys (ConfUtils.java:logGet(43)) - raft.server.log.statemachine.data.caching.enabled = true (custom)
2019-08-24 11:58:54,454 [pool-314-thread-1] INFO  impl.RaftServerImpl (RaftServerImpl.java:start(180)) - 906c19b9-e551-4153-8e62-6280935b9d1f: start group-C16ED8EF31E7
2019-08-24 11:58:54,454 [pool-303-thread-1] INFO  server.RaftServerConfigKeys (ConfUtils.java:logGet(43)) - raft.server.log.statemachine.data.sync = true (default)
2019-08-24 11:58:54,454 [pool-292-thread-1] INFO  segmented.SegmentedRaftLogWorker (SegmentedRaftLogWorker.java:lambda$new$0(132)) - 29593a47-8514-4bad-ab55-d76f44c70a85-SegmentedRaftLogWorker:Storage Directory /workdir/hadoop-ozone/ozonefs/target/test-dir/MiniOzoneClusterImpl-0bd28e95-334d-40c1-a305-4301ba7c1e1b/datanode-0/data/ratis/ce6a01b6-5cbb-4a75-9996-c16ed8ef31e7: flushIndex: setUnconditionally 0 -> -1
2019-08-24 11:58:54,454 [pool-314-thread-1] INFO  impl.RaftServerImpl (RaftServerImpl.java:setRole(171)) - 906c19b9-e551-4153-8e62-6280935b9d1f:group-C16ED8EF31E7 changes role from null to FOLLOWER at term 0 for startAsFollower
2019-08-24 11:58:54,454 [pool-303-thread-1] INFO  server.RaftServerConfigKeys (ConfUtils.java:logGet(43)) - raft.server.log.statemachine.data.sync.timeout = 10s (default)
2019-08-24 11:58:54,455 [pool-314-thread-1] INFO  impl.RoleInfo (RoleInfo.java:updateAndGet(143)) - 906c19b9-e551-4153-8e62-6280935b9d1f: start FollowerState
2019-08-24 11:58:54,455 [pool-292-thread-1] INFO  server.RaftServerConfigKeys (ConfUtils.java:logGet(43)) - raft.server.snapshot.auto.trigger.enabled = true (custom)
2019-08-24 11:58:54,455 [pool-303-thread-1] INFO  server.RaftServerConfigKeys (ConfUtils.java:logGet(43)) - raft.server.log.statemachine.data.sync.timeout.retry = -1 (default)
2019-08-24 11:58:54,455 [pool-314-thread-1] INFO  util.JmxRegister (JmxRegister.java:tryRegister(44)) - Successfully registered JMX Bean with object name Ratis:service=RaftServer,group=group-C16ED8EF31E7,id=906c19b9-e551-4153-8e62-6280935b9d1f
2019-08-24 11:58:54,455 [pool-292-thread-1] INFO  server.RaftServerConfigKeys (ConfUtils.java:logGet(43)) - raft.server.snapshot.auto.trigger.threshold = 10000 (custom)
2019-08-24 11:58:54,455 [pool-303-thread-1] INFO  server.RaftServerConfigKeys (ConfUtils.java:logGet(43)) - raft.server.log.statemachine.data.caching.enabled = true (custom)
2019-08-24 11:58:54,456 [pool-292-thread-1] INFO  server.RaftServerConfigKeys (ConfUtils.java:logGet(43)) - raft.server.retrycache.expirytime = 600000ms (custom)
2019-08-24 11:58:54,456 [pool-292-thread-1] INFO  impl.RaftServerImpl (RaftServerImpl.java:start(180)) - 29593a47-8514-4bad-ab55-d76f44c70a85: start group-C16ED8EF31E7
2019-08-24 11:58:54,456 [pool-303-thread-1] INFO  segmented.SegmentedRaftLogWorker (SegmentedRaftLogWorker.java:lambda$new$0(132)) - c847551b-1e98-407c-b611-b692e029e8e0-SegmentedRaftLogWorker:Storage Directory /workdir/hadoop-ozone/ozonefs/target/test-dir/MiniOzoneClusterImpl-0bd28e95-334d-40c1-a305-4301ba7c1e1b/datanode-1/data/ratis/ce6a01b6-5cbb-4a75-9996-c16ed8ef31e7: flushIndex: setUnconditionally 0 -> -1
2019-08-24 11:58:54,456 [pool-292-thread-1] INFO  impl.RaftServerImpl (RaftServerImpl.java:setRole(171)) - 29593a47-8514-4bad-ab55-d76f44c70a85:group-C16ED8EF31E7 changes role from null to FOLLOWER at term 0 for startAsFollower
2019-08-24 11:58:54,457 [pool-292-thread-1] INFO  impl.RoleInfo (RoleInfo.java:updateAndGet(143)) - 29593a47-8514-4bad-ab55-d76f44c70a85: start FollowerState
2019-08-24 11:58:54,457 [pool-303-thread-1] INFO  server.RaftServerConfigKeys (ConfUtils.java:logGet(43)) - raft.server.snapshot.auto.trigger.enabled = true (custom)
2019-08-24 11:58:54,459 [pool-303-thread-1] INFO  server.RaftServerConfigKeys (ConfUtils.java:logGet(43)) - raft.server.snapshot.auto.trigger.threshold = 10000 (custom)
2019-08-24 11:58:54,459 [pool-292-thread-1] INFO  util.JmxRegister (JmxRegister.java:tryRegister(44)) - Successfully registered JMX Bean with object name Ratis:service=RaftServer,group=group-C16ED8EF31E7,id=29593a47-8514-4bad-ab55-d76f44c70a85
2019-08-24 11:58:54,459 [pool-303-thread-1] INFO  server.RaftServerConfigKeys (ConfUtils.java:logGet(43)) - raft.server.retrycache.expirytime = 600000ms (custom)
2019-08-24 11:58:54,459 [pool-303-thread-1] INFO  impl.RaftServerImpl (RaftServerImpl.java:start(180)) - c847551b-1e98-407c-b611-b692e029e8e0: start group-C16ED8EF31E7
2019-08-24 11:58:54,460 [pool-303-thread-1] INFO  impl.RaftServerImpl (RaftServerImpl.java:setRole(171)) - c847551b-1e98-407c-b611-b692e029e8e0:group-C16ED8EF31E7 changes role from null to FOLLOWER at term 0 for startAsFollower
2019-08-24 11:58:54,460 [pool-303-thread-1] INFO  impl.RoleInfo (RoleInfo.java:updateAndGet(143)) - c847551b-1e98-407c-b611-b692e029e8e0: start FollowerState
2019-08-24 11:58:54,460 [pool-303-thread-1] INFO  util.JmxRegister (JmxRegister.java:tryRegister(44)) - Successfully registered JMX Bean with object name Ratis:service=RaftServer,group=group-C16ED8EF31E7,id=c847551b-1e98-407c-b611-b692e029e8e0
2019-08-24 11:58:54,467 [RatisPipelineUtilsThread] INFO  pipeline.PipelineStateManager (PipelineStateManager.java:addPipeline(56)) - Created pipeline Pipeline[ Id: ce6a01b6-5cbb-4a75-9996-c16ed8ef31e7, Nodes: 906c19b9-e551-4153-8e62-6280935b9d1f{ip: 192.168.36.101, host: dev-check-20190824-d9rj8-2235221398, networkLocation: /default-rack, certSerialId: null}c847551b-1e98-407c-b611-b692e029e8e0{ip: 192.168.36.101, host: dev-check-20190824-d9rj8-2235221398, networkLocation: /default-rack, certSerialId: null}29593a47-8514-4bad-ab55-d76f44c70a85{ip: 192.168.36.101, host: dev-check-20190824-d9rj8-2235221398, networkLocation: /default-rack, certSerialId: null}, Type:RATIS, Factor:THREE, State:OPEN]
2019-08-24 11:58:55,292 [Thread-1092] INFO  ozone.MiniOzoneClusterImpl (MiniOzoneClusterImpl.java:lambda$waitForClusterToBeReady$0(140)) - Cluster is ready. Got 3 of 3 DN Heartbeats.
2019-08-24 11:58:55,334 [Thread-1092] INFO  rpc.RpcClient (RpcClient.java:createVolume(293)) - Creating Volume: volume01291, with user66338 as owner.
2019-08-24 11:58:55,338 | INFO  | OMAudit | user=jenkins1000 | ip=127.0.0.1 | op=CREATE_VOLUME {admin=admin75794, owner=user66338, volume=volume01291, creationTime=1566647935337, quotaInBytes=1152921504606846976} | ret=SUCCESS |  
2019-08-24 11:58:55,347 | INFO  | OMAudit | user=jenkins1000 | ip=127.0.0.1 | op=READ_VOLUME {volume=volume01291} | ret=SUCCESS |  
2019-08-24 11:58:55,348 [Thread-1092] INFO  rpc.RpcClient (RpcClient.java:createBucket(432)) - Creating Bucket: volume01291/bucket34230, with Versioning false and Storage Type set to DISK and Encryption set to false 
2019-08-24 11:58:55,351 | INFO  | OMAudit | user=jenkins1000 | ip=127.0.0.1 | op=CREATE_BUCKET {volume=volume01291, bucket=bucket34230, acls=[user:jenkins1000:a[ACCESS], group:default:a[ACCESS]], isVersionEnabled=false, storageType=DISK, creationTime=0} | ret=SUCCESS |  
2019-08-24 11:58:55,353 | INFO  | OMAudit | user=jenkins1000 | ip=127.0.0.1 | op=READ_BUCKET {volume=volume01291, bucket=bucket34230} | ret=SUCCESS |  
2019-08-24 11:58:55,364 | INFO  | OMAudit | user=jenkins1000 | ip=127.0.0.1 | op=READ_VOLUME {volume=volume01291} | ret=SUCCESS |  
2019-08-24 11:58:55,366 | INFO  | OMAudit | user=jenkins1000 | ip=127.0.0.1 | op=READ_BUCKET {volume=volume01291, bucket=bucket34230} | ret=SUCCESS |  
2019-08-24 11:58:55,392 | INFO  | SCMAudit | user=jenkins1000 | ip=192.168.36.101 | op=ALLOCATE_BLOCK {owner=04fcf3cc-28b0-4417-a399-6fe2babe5c87, size=4194304, type=RATIS, factor=THREE} | ret=SUCCESS |  
2019-08-24 11:58:55,397 | INFO  | OMAudit | user=jenkins1000 | ip=127.0.0.1 | op=CREATE_FILE {volume=volume01291, bucket=bucket34230, key=testDeleteCreatesFakeParentDir/parent/child, dataSize=0, replicationType=RATIS, replicationFactor=THREE, keyLocationInfo=null} | ret=SUCCESS |  
2019-08-24 11:58:55,400 | INFO  | OMAudit | user=jenkins1000 | ip=127.0.0.1 | op=COMMIT_KEY {volume=volume01291, bucket=bucket34230, key=testDeleteCreatesFakeParentDir/parent/child, dataSize=0, replicationType=null, replicationFactor=null, keyLocationInfo=[], clientID=102671839093719052} | ret=SUCCESS |  
2019-08-24 11:58:55,406 [Thread-1092] INFO  ozone.MiniOzoneClusterImpl (MiniOzoneClusterImpl.java:shutdown(307)) - Shutting down the Mini Ozone Cluster
2019-08-24 11:58:55,406 | INFO  | SCMAudit | user=null | ip=null | op=GET_SCM_INFO null | ret=SUCCESS |  
2019-08-24 11:58:55,406 [Thread-1092] INFO  ozone.MiniOzoneClusterImpl (MiniOzoneClusterImpl.java:stop(322)) - Stopping the Mini Ozone Cluster
2019-08-24 11:58:55,406 [Thread-1092] INFO  ozone.MiniOzoneClusterImpl (MiniOzoneClusterImpl.java:stop(324)) - Stopping the OzoneManager
2019-08-24 11:58:55,406 [Thread-1092] INFO  ipc.Server (Server.java:stop(3082)) - Stopping server on 39058
2019-08-24 11:58:55,410 [IPC Server listener on 39058] INFO  ipc.Server (Server.java:run(1185)) - Stopping IPC Server listener on 39058
2019-08-24 11:58:55,410 [Thread-1092] INFO  ratis.OzoneManagerDoubleBuffer (OzoneManagerDoubleBuffer.java:stop(248)) - Stopping OMDoubleBuffer flush thread
2019-08-24 11:58:55,410 [IPC Server Responder] INFO  ipc.Server (Server.java:run(1319)) - Stopping IPC Server Responder
2019-08-24 11:58:55,412 [OMDoubleBufferFlushThread] INFO  ratis.OzoneManagerDoubleBuffer (OzoneManagerDoubleBuffer.java:flushTransactions(191)) - OMDoubleBuffer flush thread OMDoubleBufferFlushThread is interrupted and will exit. OMDoubleBufferFlushThread
2019-08-24 11:58:55,413 [Thread-1092] INFO  utils.BackgroundService (BackgroundService.java:shutdown(148)) - Shutting down service KeyDeletingService
2019-08-24 11:58:55,414 [Thread-1092] INFO  handler.ContextHandler (ContextHandler.java:doStop(910)) - Stopped o.e.j.w.WebAppContext@763cf3e9{/,null,UNAVAILABLE}{/ozoneManager}
2019-08-24 11:58:55,414 [Thread-1092] INFO  server.AbstractConnector (AbstractConnector.java:doStop(318)) - Stopped ServerConnector@1baaddc9{HTTP/1.1,[http/1.1]}{0.0.0.0:0}
2019-08-24 11:58:55,415 [Thread-1092] INFO  handler.ContextHandler (ContextHandler.java:doStop(910)) - Stopped o.e.j.s.ServletContextHandler@4e554665{/static,jar:file:/home/user/.m2/repository/org/apache/hadoop/hadoop-ozone-ozone-manager/0.5.0-SNAPSHOT/hadoop-ozone-ozone-manager-0.5.0-SNAPSHOT.jar!/webapps/static,UNAVAILABLE}
2019-08-24 11:58:55,415 [Thread-1092] INFO  handler.ContextHandler (ContextHandler.java:doStop(910)) - Stopped o.e.j.s.ServletContextHandler@768b58de{/logs,file:///workdir/hadoop-ozone/ozonefs/target/log,UNAVAILABLE}
2019-08-24 11:58:55,417 [Thread-1092] INFO  ozone.MiniOzoneClusterImpl (MiniOzoneClusterImpl.java:stop(330)) - Shutting the HddsDatanodes
2019-08-24 11:58:56,143 [Datanode State Machine Thread - 0] INFO  statemachine.DatanodeStateMachine (DatanodeStateMachine.java:lambda$startDaemon$0(350)) - Ozone container server started.
2019-08-24 11:58:56,219 [Datanode State Machine Thread - 0] INFO  statemachine.DatanodeStateMachine (DatanodeStateMachine.java:lambda$startDaemon$0(350)) - Ozone container server started.
2019-08-24 11:58:56,293 | INFO  | SCMAudit | user=jenkins1000 | ip=192.168.36.101 | op=SEND_HEARTBEAT {datanodeUUID=906c19b9-e551-4153-8e62-6280935b9d1f, command=[]} | ret=SUCCESS |  
2019-08-24 11:58:57,154 [Thread-1264] INFO  container.ReplicationManager (ReplicationManager.java:start(152)) - Starting Replication Monitor Thread.
2019-08-24 11:58:57,157 [ReplicationMonitor] INFO  container.ReplicationManager (ReplicationManager.java:run(215)) - Replication Monitor Thread took 1 milliseconds for processing 1 containers.
2019-08-24 11:58:57,294 | INFO  | SCMAudit | user=jenkins1000 | ip=192.168.36.101 | op=SEND_HEARTBEAT {datanodeUUID=906c19b9-e551-4153-8e62-6280935b9d1f, command=[]} | ret=SUCCESS |  
2019-08-24 11:58:58,293 | INFO  | SCMAudit | user=jenkins1000 | ip=192.168.36.101 | op=SEND_HEARTBEAT {datanodeUUID=906c19b9-e551-4153-8e62-6280935b9d1f, command=[]} | ret=SUCCESS |  
2019-08-24 11:58:59,293 | INFO  | SCMAudit | user=jenkins1000 | ip=192.168.36.101 | op=SEND_HEARTBEAT {datanodeUUID=906c19b9-e551-4153-8e62-6280935b9d1f, command=[]} | ret=SUCCESS |  
2019-08-24 11:58:59,354 [Thread-1269] INFO  impl.FollowerState (FollowerState.java:run(106)) - c847551b-1e98-407c-b611-b692e029e8e0:group-83C3235F9260 changes to CANDIDATE, lastRpcTime:5049, electionTimeout:5049ms
2019-08-24 11:58:59,354 [Thread-1269] INFO  impl.RoleInfo (RoleInfo.java:shutdownFollowerState(121)) - c847551b-1e98-407c-b611-b692e029e8e0: shutdown FollowerState
2019-08-24 11:58:59,354 [Thread-1269] INFO  impl.RaftServerImpl (RaftServerImpl.java:setRole(171)) - c847551b-1e98-407c-b611-b692e029e8e0:group-83C3235F9260 changes role from FOLLOWER to CANDIDATE at term 0 for changeToCandidate
2019-08-24 11:58:59,354 [Thread-1269] INFO  impl.RoleInfo (RoleInfo.java:updateAndGet(143)) - c847551b-1e98-407c-b611-b692e029e8e0: start LeaderElection
2019-08-24 11:58:59,391 [Thread-1266] INFO  impl.FollowerState (FollowerState.java:run(106)) - 29593a47-8514-4bad-ab55-d76f44c70a85:group-E8BD8A93D0A5 changes to CANDIDATE, lastRpcTime:5162, electionTimeout:5162ms
2019-08-24 11:58:59,391 [Thread-1266] INFO  impl.RoleInfo (RoleInfo.java:shutdownFollowerState(121)) - 29593a47-8514-4bad-ab55-d76f44c70a85: shutdown FollowerState
2019-08-24 11:58:59,391 [c847551b-1e98-407c-b611-b692e029e8e0:group-83C3235F9260:LeaderElection26] INFO  impl.LeaderElection (LeaderElection.java:askForVotes(181)) - c847551b-1e98-407c-b611-b692e029e8e0:group-83C3235F9260:LeaderElection26: begin an election at term 1 for -1: [c847551b-1e98-407c-b611-b692e029e8e0:192.168.36.101:33120], old=null
2019-08-24 11:58:59,392 [Thread-1266] INFO  impl.RaftServerImpl (RaftServerImpl.java:setRole(171)) - 29593a47-8514-4bad-ab55-d76f44c70a85:group-E8BD8A93D0A5 changes role from FOLLOWER to CANDIDATE at term 0 for changeToCandidate
2019-08-24 11:58:59,392 [c847551b-1e98-407c-b611-b692e029e8e0:group-83C3235F9260:LeaderElection26] INFO  impl.RoleInfo (RoleInfo.java:shutdownLeaderElection(134)) - c847551b-1e98-407c-b611-b692e029e8e0: shutdown LeaderElection
2019-08-24 11:58:59,392 [Thread-1266] INFO  impl.RoleInfo (RoleInfo.java:updateAndGet(143)) - 29593a47-8514-4bad-ab55-d76f44c70a85: start LeaderElection
2019-08-24 11:58:59,392 [c847551b-1e98-407c-b611-b692e029e8e0:group-83C3235F9260:LeaderElection26] INFO  impl.RaftServerImpl (RaftServerImpl.java:setRole(171)) - c847551b-1e98-407c-b611-b692e029e8e0:group-83C3235F9260 changes role from CANDIDATE to LEADER at term 1 for changeToLeader
2019-08-24 11:58:59,392 [c847551b-1e98-407c-b611-b692e029e8e0:group-83C3235F9260:LeaderElection26] INFO  impl.RaftServerImpl (ServerState.java:setLeader(263)) - c847551b-1e98-407c-b611-b692e029e8e0:group-83C3235F9260 change Leader from null to c847551b-1e98-407c-b611-b692e029e8e0 at term 1 for becomeLeader, leader elected after 5093ms
2019-08-24 11:58:59,394 [c847551b-1e98-407c-b611-b692e029e8e0:group-83C3235F9260:LeaderElection26] INFO  server.RaftServerConfigKeys (ConfUtils.java:logGet(43)) - raft.server.staging.catchup.gap = 1000 (default)
2019-08-24 11:58:59,397 [c847551b-1e98-407c-b611-b692e029e8e0:group-83C3235F9260:LeaderElection26] INFO  server.RaftServerConfigKeys (ConfUtils.java:logGet(43)) - raft.server.rpc.sleep.time = 25ms (default)
2019-08-24 11:58:59,397 [c847551b-1e98-407c-b611-b692e029e8e0:group-83C3235F9260:LeaderElection26] INFO  server.RaftServerConfigKeys (ConfUtils.java:logGet(43)) - raft.server.write.element-limit = 4096 (default)
2019-08-24 11:58:59,397 [c847551b-1e98-407c-b611-b692e029e8e0:group-83C3235F9260:LeaderElection26] INFO  server.RaftServerConfigKeys (ConfUtils.java:logGet(43)) - raft.server.watch.timeout = 10s (default)
2019-08-24 11:58:59,397 [c847551b-1e98-407c-b611-b692e029e8e0:group-83C3235F9260:LeaderElection26] INFO  server.RaftServerConfigKeys (ConfUtils.java:logGet(43)) - raft.server.watch.timeout.denomination = 1s (default)
2019-08-24 11:58:59,397 [c847551b-1e98-407c-b611-b692e029e8e0:group-83C3235F9260:LeaderElection26] INFO  server.RaftServerConfigKeys (ConfUtils.java:logGet(43)) - raft.server.watch.element-limit = 65536 (default)
2019-08-24 11:58:59,398 [c847551b-1e98-407c-b611-b692e029e8e0:group-83C3235F9260:LeaderElection26] INFO  impl.RoleInfo (RoleInfo.java:updateAndGet(143)) - c847551b-1e98-407c-b611-b692e029e8e0: start LeaderState
2019-08-24 11:58:59,398 [c847551b-1e98-407c-b611-b692e029e8e0:group-83C3235F9260:LeaderElection26] INFO  segmented.SegmentedRaftLogWorker (SegmentedRaftLogWorker.java:startLogSegment(380)) - c847551b-1e98-407c-b611-b692e029e8e0-SegmentedRaftLogWorker:Storage Directory /workdir/hadoop-ozone/ozonefs/target/test-dir/MiniOzoneClusterImpl-0bd28e95-334d-40c1-a305-4301ba7c1e1b/datanode-1/data/ratis/2d661ad6-ab3a-40ec-b255-83c3235f9260: Starting segment from index:0
2019-08-24 11:58:59,398 [c847551b-1e98-407c-b611-b692e029e8e0:group-83C3235F9260:LeaderElection26] INFO  impl.RaftServerImpl (ServerState.java:setRaftConf(361)) - c847551b-1e98-407c-b611-b692e029e8e0:group-83C3235F9260 set configuration 0: [c847551b-1e98-407c-b611-b692e029e8e0:192.168.36.101:33120], old=null at 0
2019-08-24 11:58:59,420 [29593a47-8514-4bad-ab55-d76f44c70a85:group-E8BD8A93D0A5:LeaderElection27] INFO  impl.LeaderElection (LeaderElection.java:askForVotes(181)) - 29593a47-8514-4bad-ab55-d76f44c70a85:group-E8BD8A93D0A5:LeaderElection27: begin an election at term 1 for -1: [29593a47-8514-4bad-ab55-d76f44c70a85:192.168.36.101:44881], old=null
2019-08-24 11:58:59,421 [29593a47-8514-4bad-ab55-d76f44c70a85:group-E8BD8A93D0A5:LeaderElection27] INFO  impl.RoleInfo (RoleInfo.java:shutdownLeaderElection(134)) - 29593a47-8514-4bad-ab55-d76f44c70a85: shutdown LeaderElection
2019-08-24 11:58:59,421 [29593a47-8514-4bad-ab55-d76f44c70a85:group-E8BD8A93D0A5:LeaderElection27] INFO  impl.RaftServerImpl (RaftServerImpl.java:setRole(171)) - 29593a47-8514-4bad-ab55-d76f44c70a85:group-E8BD8A93D0A5 changes role from CANDIDATE to LEADER at term 1 for changeToLeader
2019-08-24 11:58:59,421 [29593a47-8514-4bad-ab55-d76f44c70a85:group-E8BD8A93D0A5:LeaderElection27] INFO  impl.RaftServerImpl (ServerState.java:setLeader(263)) - 29593a47-8514-4bad-ab55-d76f44c70a85:group-E8BD8A93D0A5 change Leader from null to 29593a47-8514-4bad-ab55-d76f44c70a85 at term 1 for becomeLeader, leader elected after 5198ms
2019-08-24 11:58:59,421 [29593a47-8514-4bad-ab55-d76f44c70a85:group-E8BD8A93D0A5:LeaderElection27] INFO  server.RaftServerConfigKeys (ConfUtils.java:logGet(43)) - raft.server.staging.catchup.gap = 1000 (default)
2019-08-24 11:58:59,421 [29593a47-8514-4bad-ab55-d76f44c70a85:group-E8BD8A93D0A5:LeaderElection27] INFO  server.RaftServerConfigKeys (ConfUtils.java:logGet(43)) - raft.server.rpc.sleep.time = 25ms (default)
2019-08-24 11:58:59,421 [29593a47-8514-4bad-ab55-d76f44c70a85:group-E8BD8A93D0A5:LeaderElection27] INFO  server.RaftServerConfigKeys (ConfUtils.java:logGet(43)) - raft.server.write.element-limit = 4096 (default)
2019-08-24 11:58:59,422 [29593a47-8514-4bad-ab55-d76f44c70a85:group-E8BD8A93D0A5:LeaderElection27] INFO  server.RaftServerConfigKeys (ConfUtils.java:logGet(43)) - raft.server.watch.timeout = 10s (default)
2019-08-24 11:58:59,422 [29593a47-8514-4bad-ab55-d76f44c70a85:group-E8BD8A93D0A5:LeaderElection27] INFO  server.RaftServerConfigKeys (ConfUtils.java:logGet(43)) - raft.server.watch.timeout.denomination = 1s (default)
2019-08-24 11:58:59,422 [29593a47-8514-4bad-ab55-d76f44c70a85:group-E8BD8A93D0A5:LeaderElection27] INFO  server.RaftServerConfigKeys (ConfUtils.java:logGet(43)) - raft.server.watch.element-limit = 65536 (default)
2019-08-24 11:58:59,422 [29593a47-8514-4bad-ab55-d76f44c70a85:group-E8BD8A93D0A5:LeaderElection27] INFO  impl.RoleInfo (RoleInfo.java:updateAndGet(143)) - 29593a47-8514-4bad-ab55-d76f44c70a85: start LeaderState
2019-08-24 11:58:59,422 [29593a47-8514-4bad-ab55-d76f44c70a85:group-E8BD8A93D0A5:LeaderElection27] INFO  segmented.SegmentedRaftLogWorker (SegmentedRaftLogWorker.java:startLogSegment(380)) - 29593a47-8514-4bad-ab55-d76f44c70a85-SegmentedRaftLogWorker:Storage Directory /workdir/hadoop-ozone/ozonefs/target/test-dir/MiniOzoneClusterImpl-0bd28e95-334d-40c1-a305-4301ba7c1e1b/datanode-0/data/ratis/5037187b-e52d-4db4-91a3-e8bd8a93d0a5: Starting segment from index:0
2019-08-24 11:58:59,423 [29593a47-8514-4bad-ab55-d76f44c70a85:group-E8BD8A93D0A5:LeaderElection27] INFO  impl.RaftServerImpl (ServerState.java:setRaftConf(361)) - 29593a47-8514-4bad-ab55-d76f44c70a85:group-E8BD8A93D0A5 set configuration 0: [29593a47-8514-4bad-ab55-d76f44c70a85:192.168.36.101:44881], old=null at 0
2019-08-24 11:58:59,438 [c847551b-1e98-407c-b611-b692e029e8e0-SegmentedRaftLogWorker:Storage Directory /workdir/hadoop-ozone/ozonefs/target/test-dir/MiniOzoneClusterImpl-0bd28e95-334d-40c1-a305-4301ba7c1e1b/datanode-1/data/ratis/2d661ad6-ab3a-40ec-b255-83c3235f9260] INFO  segmented.SegmentedRaftLogWorker (SegmentedRaftLogWorker.java:execute(569)) - c847551b-1e98-407c-b611-b692e029e8e0-SegmentedRaftLogWorker:Storage Directory /workdir/hadoop-ozone/ozonefs/target/test-dir/MiniOzoneClusterImpl-0bd28e95-334d-40c1-a305-4301ba7c1e1b/datanode-1/data/ratis/2d661ad6-ab3a-40ec-b255-83c3235f9260: created new log segment /workdir/hadoop-ozone/ozonefs/target/test-dir/MiniOzoneClusterImpl-0bd28e95-334d-40c1-a305-4301ba7c1e1b/datanode-1/data/ratis/2d661ad6-ab3a-40ec-b255-83c3235f9260/current/log_inprogress_0
2019-08-24 11:58:59,460 [29593a47-8514-4bad-ab55-d76f44c70a85-SegmentedRaftLogWorker:Storage Directory /workdir/hadoop-ozone/ozonefs/target/test-dir/MiniOzoneClusterImpl-0bd28e95-334d-40c1-a305-4301ba7c1e1b/datanode-0/data/ratis/5037187b-e52d-4db4-91a3-e8bd8a93d0a5] INFO  segmented.SegmentedRaftLogWorker (SegmentedRaftLogWorker.java:execute(569)) - 29593a47-8514-4bad-ab55-d76f44c70a85-SegmentedRaftLogWorker:Storage Directory /workdir/hadoop-ozone/ozonefs/target/test-dir/MiniOzoneClusterImpl-0bd28e95-334d-40c1-a305-4301ba7c1e1b/datanode-0/data/ratis/5037187b-e52d-4db4-91a3-e8bd8a93d0a5: created new log segment /workdir/hadoop-ozone/ozonefs/target/test-dir/MiniOzoneClusterImpl-0bd28e95-334d-40c1-a305-4301ba7c1e1b/datanode-0/data/ratis/5037187b-e52d-4db4-91a3-e8bd8a93d0a5/current/log_inprogress_0
2019-08-24 11:58:59,466 [Thread-1278] INFO  impl.FollowerState (FollowerState.java:run(106)) - 29593a47-8514-4bad-ab55-d76f44c70a85:group-C16ED8EF31E7 changes to CANDIDATE, lastRpcTime:5009, electionTimeout:5007ms
2019-08-24 11:58:59,466 [Thread-1278] INFO  impl.RoleInfo (RoleInfo.java:shutdownFollowerState(121)) - 29593a47-8514-4bad-ab55-d76f44c70a85: shutdown FollowerState
2019-08-24 11:58:59,466 [Thread-1278] INFO  impl.RaftServerImpl (RaftServerImpl.java:setRole(171)) - 29593a47-8514-4bad-ab55-d76f44c70a85:group-C16ED8EF31E7 changes role from FOLLOWER to CANDIDATE at term 0 for changeToCandidate
2019-08-24 11:58:59,467 [Thread-1278] INFO  impl.RoleInfo (RoleInfo.java:updateAndGet(143)) - 29593a47-8514-4bad-ab55-d76f44c70a85: start LeaderElection
2019-08-24 11:58:59,475 [29593a47-8514-4bad-ab55-d76f44c70a85:group-C16ED8EF31E7:LeaderElection28] INFO  impl.LeaderElection (LeaderElection.java:askForVotes(181)) - 29593a47-8514-4bad-ab55-d76f44c70a85:group-C16ED8EF31E7:LeaderElection28: begin an election at term 1 for -1: [906c19b9-e551-4153-8e62-6280935b9d1f:192.168.36.101:45592, c847551b-1e98-407c-b611-b692e029e8e0:192.168.36.101:33120, 29593a47-8514-4bad-ab55-d76f44c70a85:192.168.36.101:44881], old=null
2019-08-24 11:58:59,483 [Thread-1281] INFO  impl.FollowerState (FollowerState.java:run(106)) - c847551b-1e98-407c-b611-b692e029e8e0:group-C16ED8EF31E7 changes to CANDIDATE, lastRpcTime:5022, electionTimeout:5022ms
2019-08-24 11:58:59,483 [Thread-1281] INFO  impl.RoleInfo (RoleInfo.java:shutdownFollowerState(121)) - c847551b-1e98-407c-b611-b692e029e8e0: shutdown FollowerState
2019-08-24 11:58:59,483 [Thread-1281] INFO  impl.RaftServerImpl (RaftServerImpl.java:setRole(171)) - c847551b-1e98-407c-b611-b692e029e8e0:group-C16ED8EF31E7 changes role from FOLLOWER to CANDIDATE at term 0 for changeToCandidate
2019-08-24 11:58:59,483 [Thread-1281] INFO  impl.RoleInfo (RoleInfo.java:updateAndGet(143)) - c847551b-1e98-407c-b611-b692e029e8e0: start LeaderElection
2019-08-24 11:58:59,494 [grpc-default-executor-1] INFO  impl.RaftServerImpl (RaftServerImpl.java:setRole(171)) - 906c19b9-e551-4153-8e62-6280935b9d1f:group-C16ED8EF31E7 changes role from FOLLOWER to FOLLOWER at term 1 for recognizeCandidate:29593a47-8514-4bad-ab55-d76f44c70a85
2019-08-24 11:58:59,494 [grpc-default-executor-1] INFO  impl.RoleInfo (RoleInfo.java:shutdownFollowerState(121)) - 906c19b9-e551-4153-8e62-6280935b9d1f: shutdown FollowerState
2019-08-24 11:58:59,494 [grpc-default-executor-1] INFO  impl.RoleInfo (RoleInfo.java:updateAndGet(143)) - 906c19b9-e551-4153-8e62-6280935b9d1f: start FollowerState
2019-08-24 11:58:59,494 [Thread-1275] INFO  impl.FollowerState (FollowerState.java:run(114)) - 906c19b9-e551-4153-8e62-6280935b9d1f: FollowerState was interrupted: java.lang.InterruptedException: sleep interrupted
2019-08-24 11:58:59,502 [c847551b-1e98-407c-b611-b692e029e8e0:group-C16ED8EF31E7:LeaderElection29] INFO  impl.LeaderElection (LeaderElection.java:askForVotes(181)) - c847551b-1e98-407c-b611-b692e029e8e0:group-C16ED8EF31E7:LeaderElection29: begin an election at term 1 for -1: [906c19b9-e551-4153-8e62-6280935b9d1f:192.168.36.101:45592, c847551b-1e98-407c-b611-b692e029e8e0:192.168.36.101:33120, 29593a47-8514-4bad-ab55-d76f44c70a85:192.168.36.101:44881], old=null
2019-08-24 11:58:59,507 [29593a47-8514-4bad-ab55-d76f44c70a85:group-C16ED8EF31E7:LeaderElection28] INFO  impl.LeaderElection (LeaderElection.java:logAndReturn(56)) - 29593a47-8514-4bad-ab55-d76f44c70a85:group-C16ED8EF31E7:LeaderElection28: Election PASSED; received 1 response(s) [29593a47-8514-4bad-ab55-d76f44c70a85<-906c19b9-e551-4153-8e62-6280935b9d1f#0:OK-t1] and 0 exception(s); 29593a47-8514-4bad-ab55-d76f44c70a85:t1, leader=null, voted=29593a47-8514-4bad-ab55-d76f44c70a85, raftlog=29593a47-8514-4bad-ab55-d76f44c70a85-SegmentedRaftLog:OPENED:c-1,f-1,i0, conf=-1: [906c19b9-e551-4153-8e62-6280935b9d1f:192.168.36.101:45592, c847551b-1e98-407c-b611-b692e029e8e0:192.168.36.101:33120, 29593a47-8514-4bad-ab55-d76f44c70a85:192.168.36.101:44881], old=null
2019-08-24 11:58:59,508 [29593a47-8514-4bad-ab55-d76f44c70a85:group-C16ED8EF31E7:LeaderElection28] INFO  impl.RoleInfo (RoleInfo.java:shutdownLeaderElection(134)) - 29593a47-8514-4bad-ab55-d76f44c70a85: shutdown LeaderElection
2019-08-24 11:58:59,508 [29593a47-8514-4bad-ab55-d76f44c70a85:group-C16ED8EF31E7:LeaderElection28] INFO  impl.RaftServerImpl (RaftServerImpl.java:setRole(171)) - 29593a47-8514-4bad-ab55-d76f44c70a85:group-C16ED8EF31E7 changes role from CANDIDATE to LEADER at term 1 for changeToLeader
2019-08-24 11:58:59,508 [29593a47-8514-4bad-ab55-d76f44c70a85:group-C16ED8EF31E7:LeaderElection28] INFO  impl.RaftServerImpl (ServerState.java:setLeader(263)) - 29593a47-8514-4bad-ab55-d76f44c70a85:group-C16ED8EF31E7 change Leader from null to 29593a47-8514-4bad-ab55-d76f44c70a85 at term 1 for becomeLeader, leader elected after 5062ms
2019-08-24 11:58:59,508 [29593a47-8514-4bad-ab55-d76f44c70a85:group-C16ED8EF31E7:LeaderElection28] INFO  server.RaftServerConfigKeys (ConfUtils.java:logGet(43)) - raft.server.staging.catchup.gap = 1000 (default)
2019-08-24 11:58:59,508 [29593a47-8514-4bad-ab55-d76f44c70a85:group-C16ED8EF31E7:LeaderElection28] INFO  server.RaftServerConfigKeys (ConfUtils.java:logGet(43)) - raft.server.rpc.sleep.time = 25ms (default)
2019-08-24 11:58:59,509 [29593a47-8514-4bad-ab55-d76f44c70a85:group-C16ED8EF31E7:LeaderElection28] INFO  server.RaftServerConfigKeys (ConfUtils.java:logGet(43)) - raft.server.write.element-limit = 4096 (default)
2019-08-24 11:58:59,509 [29593a47-8514-4bad-ab55-d76f44c70a85:group-C16ED8EF31E7:LeaderElection28] INFO  server.RaftServerConfigKeys (ConfUtils.java:logGet(43)) - raft.server.watch.timeout = 10s (default)
2019-08-24 11:58:59,509 [29593a47-8514-4bad-ab55-d76f44c70a85:group-C16ED8EF31E7:LeaderElection28] INFO  server.RaftServerConfigKeys (ConfUtils.java:logGet(43)) - raft.server.watch.timeout.denomination = 1s (default)
2019-08-24 11:58:59,509 [29593a47-8514-4bad-ab55-d76f44c70a85:group-C16ED8EF31E7:LeaderElection28] INFO  server.RaftServerConfigKeys (ConfUtils.java:logGet(43)) - raft.server.watch.element-limit = 65536 (default)
2019-08-24 11:58:59,509 [29593a47-8514-4bad-ab55-d76f44c70a85:group-C16ED8EF31E7:LeaderElection28] INFO  server.RaftServerConfigKeys (ConfUtils.java:logGet(43)) - raft.server.log.appender.snapshot.chunk.size.max = 16MB (=16777216) (default)
2019-08-24 11:58:59,510 [29593a47-8514-4bad-ab55-d76f44c70a85:group-C16ED8EF31E7:LeaderElection28] INFO  server.RaftServerConfigKeys (ConfUtils.java:logGet(43)) - raft.server.log.appender.buffer.byte-limit = 33554432 (custom)
2019-08-24 11:58:59,510 [29593a47-8514-4bad-ab55-d76f44c70a85:group-C16ED8EF31E7:LeaderElection28] INFO  server.RaftServerConfigKeys (ConfUtils.java:logGet(43)) - raft.server.log.appender.buffer.element-limit = 1 (custom)
2019-08-24 11:58:59,510 [29593a47-8514-4bad-ab55-d76f44c70a85:group-C16ED8EF31E7:LeaderElection28] INFO  grpc.GrpcConfigKeys$Server (ConfUtils.java:logGet(43)) - raft.grpc.server.leader.outstanding.appends.max = 128 (default)
2019-08-24 11:58:59,510 [29593a47-8514-4bad-ab55-d76f44c70a85:group-C16ED8EF31E7:LeaderElection28] INFO  server.RaftServerConfigKeys (ConfUtils.java:logGet(43)) - raft.server.rpc.request.timeout = 3000ms (default)
2019-08-24 11:58:59,512 [29593a47-8514-4bad-ab55-d76f44c70a85:group-C16ED8EF31E7:LeaderElection28] INFO  server.RaftServerConfigKeys (ConfUtils.java:logGet(43)) - raft.server.log.appender.install.snapshot.enabled = false (custom)
2019-08-24 11:58:59,513 [29593a47-8514-4bad-ab55-d76f44c70a85:group-C16ED8EF31E7:LeaderElection28] INFO  server.RaftServerConfigKeys (ConfUtils.java:logGet(43)) - raft.server.log.appender.snapshot.chunk.size.max = 16MB (=16777216) (default)
2019-08-24 11:58:59,513 [29593a47-8514-4bad-ab55-d76f44c70a85:group-C16ED8EF31E7:LeaderElection28] INFO  server.RaftServerConfigKeys (ConfUtils.java:logGet(43)) - raft.server.log.appender.buffer.byte-limit = 33554432 (custom)
2019-08-24 11:58:59,514 [29593a47-8514-4bad-ab55-d76f44c70a85:group-C16ED8EF31E7:LeaderElection28] INFO  server.RaftServerConfigKeys (ConfUtils.java:logGet(43)) - raft.server.log.appender.buffer.element-limit = 1 (custom)
2019-08-24 11:58:59,514 [29593a47-8514-4bad-ab55-d76f44c70a85:group-C16ED8EF31E7:LeaderElection28] INFO  grpc.GrpcConfigKeys$Server (ConfUtils.java:logGet(43)) - raft.grpc.server.leader.outstanding.appends.max = 128 (default)
2019-08-24 11:58:59,515 [29593a47-8514-4bad-ab55-d76f44c70a85:group-C16ED8EF31E7:LeaderElection28] INFO  server.RaftServerConfigKeys (ConfUtils.java:logGet(43)) - raft.server.rpc.request.timeout = 3000ms (default)
2019-08-24 11:58:59,516 [29593a47-8514-4bad-ab55-d76f44c70a85:group-C16ED8EF31E7:LeaderElection28] INFO  server.RaftServerConfigKeys (ConfUtils.java:logGet(43)) - raft.server.log.appender.install.snapshot.enabled = false (custom)
2019-08-24 11:58:59,516 [29593a47-8514-4bad-ab55-d76f44c70a85:group-C16ED8EF31E7:LeaderElection28] INFO  impl.RoleInfo (RoleInfo.java:updateAndGet(143)) - 29593a47-8514-4bad-ab55-d76f44c70a85: start LeaderState
2019-08-24 11:58:59,516 [29593a47-8514-4bad-ab55-d76f44c70a85:group-C16ED8EF31E7:LeaderElection28] INFO  segmented.SegmentedRaftLogWorker (SegmentedRaftLogWorker.java:startLogSegment(380)) - 29593a47-8514-4bad-ab55-d76f44c70a85-SegmentedRaftLogWorker:Storage Directory /workdir/hadoop-ozone/ozonefs/target/test-dir/MiniOzoneClusterImpl-0bd28e95-334d-40c1-a305-4301ba7c1e1b/datanode-0/data/ratis/ce6a01b6-5cbb-4a75-9996-c16ed8ef31e7: Starting segment from index:0
2019-08-24 11:58:59,517 [29593a47-8514-4bad-ab55-d76f44c70a85:group-C16ED8EF31E7:LeaderElection28] INFO  impl.RaftServerImpl (ServerState.java:setRaftConf(361)) - 29593a47-8514-4bad-ab55-d76f44c70a85:group-C16ED8EF31E7 set configuration 0: [906c19b9-e551-4153-8e62-6280935b9d1f:192.168.36.101:45592, c847551b-1e98-407c-b611-b692e029e8e0:192.168.36.101:33120, 29593a47-8514-4bad-ab55-d76f44c70a85:192.168.36.101:44881], old=null at 0
2019-08-24 11:58:59,518 [grpc-default-executor-1] INFO  impl.RaftServerImpl (RaftServerImpl.java:requestVote(754)) - 29593a47-8514-4bad-ab55-d76f44c70a85-LEADER: Withhold vote from candidate c847551b-1e98-407c-b611-b692e029e8e0 with term 1. State: leader=29593a47-8514-4bad-ab55-d76f44c70a85, term=1, lastRpcElapsed=null
2019-08-24 11:58:59,557 [grpc-default-executor-1] INFO  impl.RaftServerImpl (ServerState.java:setLeader(263)) - 906c19b9-e551-4153-8e62-6280935b9d1f:group-C16ED8EF31E7 change Leader from null to 29593a47-8514-4bad-ab55-d76f44c70a85 at term 1 for appendEntries, leader elected after 5112ms
2019-08-24 11:58:59,558 [c847551b-1e98-407c-b611-b692e029e8e0:group-C16ED8EF31E7:LeaderElection29] INFO  impl.LeaderElection (LeaderElection.java:logAndReturn(56)) - c847551b-1e98-407c-b611-b692e029e8e0:group-C16ED8EF31E7:LeaderElection29: Election REJECTED; received 2 response(s) [c847551b-1e98-407c-b611-b692e029e8e0<-906c19b9-e551-4153-8e62-6280935b9d1f#0:FAIL-t1, c847551b-1e98-407c-b611-b692e029e8e0<-29593a47-8514-4bad-ab55-d76f44c70a85#0:FAIL-t1] and 0 exception(s); c847551b-1e98-407c-b611-b692e029e8e0:t1, leader=null, voted=c847551b-1e98-407c-b611-b692e029e8e0, raftlog=c847551b-1e98-407c-b611-b692e029e8e0-SegmentedRaftLog:OPENED:c-1,f-1,i0, conf=-1: [906c19b9-e551-4153-8e62-6280935b9d1f:192.168.36.101:45592, c847551b-1e98-407c-b611-b692e029e8e0:192.168.36.101:33120, 29593a47-8514-4bad-ab55-d76f44c70a85:192.168.36.101:44881], old=null
2019-08-24 11:58:59,558 [c847551b-1e98-407c-b611-b692e029e8e0:group-C16ED8EF31E7:LeaderElection29] INFO  impl.RaftServerImpl (RaftServerImpl.java:setRole(171)) - c847551b-1e98-407c-b611-b692e029e8e0:group-C16ED8EF31E7 changes role from CANDIDATE to FOLLOWER at term 1 for DISCOVERED_A_NEW_TERM
2019-08-24 11:58:59,558 [c847551b-1e98-407c-b611-b692e029e8e0:group-C16ED8EF31E7:LeaderElection29] INFO  impl.RoleInfo (RoleInfo.java:shutdownLeaderElection(134)) - c847551b-1e98-407c-b611-b692e029e8e0: shutdown LeaderElection
2019-08-24 11:58:59,559 [Thread-1272] INFO  impl.FollowerState (FollowerState.java:run(106)) - 906c19b9-e551-4153-8e62-6280935b9d1f:group-BB82AE5B61D8 changes to CANDIDATE, lastRpcTime:5181, electionTimeout:5181ms
2019-08-24 11:58:59,560 [c847551b-1e98-407c-b611-b692e029e8e0:group-C16ED8EF31E7:LeaderElection29] INFO  impl.RoleInfo (RoleInfo.java:updateAndGet(143)) - c847551b-1e98-407c-b611-b692e029e8e0: start FollowerState
2019-08-24 11:58:59,560 [Thread-1272] INFO  impl.RoleInfo (RoleInfo.java:shutdownFollowerState(121)) - 906c19b9-e551-4153-8e62-6280935b9d1f: shutdown FollowerState
2019-08-24 11:58:59,560 [Thread-1272] INFO  impl.RaftServerImpl (RaftServerImpl.java:setRole(171)) - 906c19b9-e551-4153-8e62-6280935b9d1f:group-BB82AE5B61D8 changes role from FOLLOWER to CANDIDATE at term 0 for changeToCandidate
2019-08-24 11:58:59,560 [grpc-default-executor-1] INFO  impl.RaftServerImpl (ServerState.java:setLeader(263)) - c847551b-1e98-407c-b611-b692e029e8e0:group-C16ED8EF31E7 change Leader from null to 29593a47-8514-4bad-ab55-d76f44c70a85 at term 1 for appendEntries, leader elected after 5115ms
2019-08-24 11:58:59,560 [Thread-1272] INFO  impl.RoleInfo (RoleInfo.java:updateAndGet(143)) - 906c19b9-e551-4153-8e62-6280935b9d1f: start LeaderElection
2019-08-24 11:58:59,561 [29593a47-8514-4bad-ab55-d76f44c70a85-SegmentedRaftLogWorker:Storage Directory /workdir/hadoop-ozone/ozonefs/target/test-dir/MiniOzoneClusterImpl-0bd28e95-334d-40c1-a305-4301ba7c1e1b/datanode-0/data/ratis/ce6a01b6-5cbb-4a75-9996-c16ed8ef31e7] INFO  segmented.SegmentedRaftLogWorker (SegmentedRaftLogWorker.java:execute(569)) - 29593a47-8514-4bad-ab55-d76f44c70a85-SegmentedRaftLogWorker:Storage Directory /workdir/hadoop-ozone/ozonefs/target/test-dir/MiniOzoneClusterImpl-0bd28e95-334d-40c1-a305-4301ba7c1e1b/datanode-0/data/ratis/ce6a01b6-5cbb-4a75-9996-c16ed8ef31e7: created new log segment /workdir/hadoop-ozone/ozonefs/target/test-dir/MiniOzoneClusterImpl-0bd28e95-334d-40c1-a305-4301ba7c1e1b/datanode-0/data/ratis/ce6a01b6-5cbb-4a75-9996-c16ed8ef31e7/current/log_inprogress_0
2019-08-24 11:58:59,565 [grpc-default-executor-1] INFO  impl.RaftServerImpl (ServerState.java:setRaftConf(361)) - 906c19b9-e551-4153-8e62-6280935b9d1f:group-C16ED8EF31E7 set configuration 0: [906c19b9-e551-4153-8e62-6280935b9d1f:192.168.36.101:45592, c847551b-1e98-407c-b611-b692e029e8e0:192.168.36.101:33120, 29593a47-8514-4bad-ab55-d76f44c70a85:192.168.36.101:44881], old=null at 0
2019-08-24 11:58:59,565 [grpc-default-executor-1] INFO  segmented.SegmentedRaftLogWorker (SegmentedRaftLogWorker.java:startLogSegment(380)) - 906c19b9-e551-4153-8e62-6280935b9d1f-SegmentedRaftLogWorker:Storage Directory /workdir/hadoop-ozone/ozonefs/target/test-dir/MiniOzoneClusterImpl-0bd28e95-334d-40c1-a305-4301ba7c1e1b/datanode-2/data/ratis/ce6a01b6-5cbb-4a75-9996-c16ed8ef31e7: Starting segment from index:0
2019-08-24 11:58:59,566 [906c19b9-e551-4153-8e62-6280935b9d1f:group-BB82AE5B61D8:LeaderElection30] INFO  impl.LeaderElection (LeaderElection.java:askForVotes(181)) - 906c19b9-e551-4153-8e62-6280935b9d1f:group-BB82AE5B61D8:LeaderElection30: begin an election at term 1 for -1: [906c19b9-e551-4153-8e62-6280935b9d1f:192.168.36.101:45592], old=null
2019-08-24 11:58:59,566 [906c19b9-e551-4153-8e62-6280935b9d1f:group-BB82AE5B61D8:LeaderElection30] INFO  impl.RoleInfo (RoleInfo.java:shutdownLeaderElection(134)) - 906c19b9-e551-4153-8e62-6280935b9d1f: shutdown LeaderElection
2019-08-24 11:58:59,566 [906c19b9-e551-4153-8e62-6280935b9d1f:group-BB82AE5B61D8:LeaderElection30] INFO  impl.RaftServerImpl (RaftServerImpl.java:setRole(171)) - 906c19b9-e551-4153-8e62-6280935b9d1f:group-BB82AE5B61D8 changes role from CANDIDATE to LEADER at term 1 for changeToLeader
2019-08-24 11:58:59,567 [906c19b9-e551-4153-8e62-6280935b9d1f:group-BB82AE5B61D8:LeaderElection30] INFO  impl.RaftServerImpl (ServerState.java:setLeader(263)) - 906c19b9-e551-4153-8e62-6280935b9d1f:group-BB82AE5B61D8 change Leader from null to 906c19b9-e551-4153-8e62-6280935b9d1f at term 1 for becomeLeader, leader elected after 5193ms
2019-08-24 11:58:59,567 [906c19b9-e551-4153-8e62-6280935b9d1f:group-BB82AE5B61D8:LeaderElection30] INFO  server.RaftServerConfigKeys (ConfUtils.java:logGet(43)) - raft.server.staging.catchup.gap = 1000 (default)
2019-08-24 11:58:59,567 [grpc-default-executor-1] INFO  impl.RaftServerImpl (ServerState.java:setRaftConf(361)) - c847551b-1e98-407c-b611-b692e029e8e0:group-C16ED8EF31E7 set configuration 0: [906c19b9-e551-4153-8e62-6280935b9d1f:192.168.36.101:45592, c847551b-1e98-407c-b611-b692e029e8e0:192.168.36.101:33120, 29593a47-8514-4bad-ab55-d76f44c70a85:192.168.36.101:44881], old=null at 0
2019-08-24 11:58:59,567 [906c19b9-e551-4153-8e62-6280935b9d1f:group-BB82AE5B61D8:LeaderElection30] INFO  server.RaftServerConfigKeys (ConfUtils.java:logGet(43)) - raft.server.rpc.sleep.time = 25ms (default)
2019-08-24 11:58:59,567 [grpc-default-executor-1] INFO  segmented.SegmentedRaftLogWorker (SegmentedRaftLogWorker.java:startLogSegment(380)) - c847551b-1e98-407c-b611-b692e029e8e0-SegmentedRaftLogWorker:Storage Directory /workdir/hadoop-ozone/ozonefs/target/test-dir/MiniOzoneClusterImpl-0bd28e95-334d-40c1-a305-4301ba7c1e1b/datanode-1/data/ratis/ce6a01b6-5cbb-4a75-9996-c16ed8ef31e7: Starting segment from index:0
2019-08-24 11:58:59,567 [906c19b9-e551-4153-8e62-6280935b9d1f:group-BB82AE5B61D8:LeaderElection30] INFO  server.RaftServerConfigKeys (ConfUtils.java:logGet(43)) - raft.server.write.element-limit = 4096 (default)
2019-08-24 11:58:59,568 [906c19b9-e551-4153-8e62-6280935b9d1f:group-BB82AE5B61D8:LeaderElection30] INFO  server.RaftServerConfigKeys (ConfUtils.java:logGet(43)) - raft.server.watch.timeout = 10s (default)
2019-08-24 11:58:59,568 [906c19b9-e551-4153-8e62-6280935b9d1f:group-BB82AE5B61D8:LeaderElection30] INFO  server.RaftServerConfigKeys (ConfUtils.java:logGet(43)) - raft.server.watch.timeout.denomination = 1s (default)
2019-08-24 11:58:59,568 [906c19b9-e551-4153-8e62-6280935b9d1f:group-BB82AE5B61D8:LeaderElection30] INFO  server.RaftServerConfigKeys (ConfUtils.java:logGet(43)) - raft.server.watch.element-limit = 65536 (default)
2019-08-24 11:58:59,568 [906c19b9-e551-4153-8e62-6280935b9d1f:group-BB82AE5B61D8:LeaderElection30] INFO  impl.RoleInfo (RoleInfo.java:updateAndGet(143)) - 906c19b9-e551-4153-8e62-6280935b9d1f: start LeaderState
2019-08-24 11:58:59,569 [906c19b9-e551-4153-8e62-6280935b9d1f:group-BB82AE5B61D8:LeaderElection30] INFO  segmented.SegmentedRaftLogWorker (SegmentedRaftLogWorker.java:startLogSegment(380)) - 906c19b9-e551-4153-8e62-6280935b9d1f-SegmentedRaftLogWorker:Storage Directory /workdir/hadoop-ozone/ozonefs/target/test-dir/MiniOzoneClusterImpl-0bd28e95-334d-40c1-a305-4301ba7c1e1b/datanode-2/data/ratis/6666faaf-f70f-43a8-827b-bb82ae5b61d8: Starting segment from index:0
2019-08-24 11:58:59,569 [906c19b9-e551-4153-8e62-6280935b9d1f:group-BB82AE5B61D8:LeaderElection30] INFO  impl.RaftServerImpl (ServerState.java:setRaftConf(361)) - 906c19b9-e551-4153-8e62-6280935b9d1f:group-BB82AE5B61D8 set configuration 0: [906c19b9-e551-4153-8e62-6280935b9d1f:192.168.36.101:45592], old=null at 0
2019-08-24 11:58:59,603 [906c19b9-e551-4153-8e62-6280935b9d1f-SegmentedRaftLogWorker:Storage Directory /workdir/hadoop-ozone/ozonefs/target/test-dir/MiniOzoneClusterImpl-0bd28e95-334d-40c1-a305-4301ba7c1e1b/datanode-2/data/ratis/6666faaf-f70f-43a8-827b-bb82ae5b61d8] INFO  segmented.SegmentedRaftLogWorker (SegmentedRaftLogWorker.java:execute(569)) - 906c19b9-e551-4153-8e62-6280935b9d1f-SegmentedRaftLogWorker:Storage Directory /workdir/hadoop-ozone/ozonefs/target/test-dir/MiniOzoneClusterImpl-0bd28e95-334d-40c1-a305-4301ba7c1e1b/datanode-2/data/ratis/6666faaf-f70f-43a8-827b-bb82ae5b61d8: created new log segment /workdir/hadoop-ozone/ozonefs/target/test-dir/MiniOzoneClusterImpl-0bd28e95-334d-40c1-a305-4301ba7c1e1b/datanode-2/data/ratis/6666faaf-f70f-43a8-827b-bb82ae5b61d8/current/log_inprogress_0
2019-08-24 11:58:59,607 [c847551b-1e98-407c-b611-b692e029e8e0-SegmentedRaftLogWorker:Storage Directory /workdir/hadoop-ozone/ozonefs/target/test-dir/MiniOzoneClusterImpl-0bd28e95-334d-40c1-a305-4301ba7c1e1b/datanode-1/data/ratis/ce6a01b6-5cbb-4a75-9996-c16ed8ef31e7] INFO  segmented.SegmentedRaftLogWorker (SegmentedRaftLogWorker.java:execute(569)) - c847551b-1e98-407c-b611-b692e029e8e0-SegmentedRaftLogWorker:Storage Directory /workdir/hadoop-ozone/ozonefs/target/test-dir/MiniOzoneClusterImpl-0bd28e95-334d-40c1-a305-4301ba7c1e1b/datanode-1/data/ratis/ce6a01b6-5cbb-4a75-9996-c16ed8ef31e7: created new log segment /workdir/hadoop-ozone/ozonefs/target/test-dir/MiniOzoneClusterImpl-0bd28e95-334d-40c1-a305-4301ba7c1e1b/datanode-1/data/ratis/ce6a01b6-5cbb-4a75-9996-c16ed8ef31e7/current/log_inprogress_0
2019-08-24 11:58:59,618 [906c19b9-e551-4153-8e62-6280935b9d1f-SegmentedRaftLogWorker:Storage Directory /workdir/hadoop-ozone/ozonefs/target/test-dir/MiniOzoneClusterImpl-0bd28e95-334d-40c1-a305-4301ba7c1e1b/datanode-2/data/ratis/ce6a01b6-5cbb-4a75-9996-c16ed8ef31e7] INFO  segmented.SegmentedRaftLogWorker (SegmentedRaftLogWorker.java:execute(569)) - 906c19b9-e551-4153-8e62-6280935b9d1f-SegmentedRaftLogWorker:Storage Directory /workdir/hadoop-ozone/ozonefs/target/test-dir/MiniOzoneClusterImpl-0bd28e95-334d-40c1-a305-4301ba7c1e1b/datanode-2/data/ratis/ce6a01b6-5cbb-4a75-9996-c16ed8ef31e7: created new log segment /workdir/hadoop-ozone/ozonefs/target/test-dir/MiniOzoneClusterImpl-0bd28e95-334d-40c1-a305-4301ba7c1e1b/datanode-2/data/ratis/ce6a01b6-5cbb-4a75-9996-c16ed8ef31e7/current/log_inprogress_0
2019-08-24 11:59:00,294 | INFO  | SCMAudit | user=jenkins1000 | ip=192.168.36.101 | op=SEND_HEARTBEAT {datanodeUUID=906c19b9-e551-4153-8e62-6280935b9d1f, command=[]} | ret=SUCCESS |  
2019-08-24 11:59:00,418 [ForkJoinPool.commonPool-worker-0] INFO  ozoneimpl.OzoneContainer (OzoneContainer.java:stop(199)) - Attempting to stop container services.
2019-08-24 11:59:00,418 [Thread-1092] INFO  ozoneimpl.OzoneContainer (OzoneContainer.java:stop(199)) - Attempting to stop container services.
2019-08-24 11:59:00,418 [ForkJoinPool.commonPool-worker-0] INFO  impl.RaftServerProxy (RaftServerProxy.java:lambda$close$4(314)) - 29593a47-8514-4bad-ab55-d76f44c70a85: close
2019-08-24 11:59:00,419 [Thread-1092] INFO  impl.RaftServerProxy (RaftServerProxy.java:lambda$close$4(314)) - c847551b-1e98-407c-b611-b692e029e8e0: close
2019-08-24 11:59:00,419 [ForkJoinPool.commonPool-worker-0] INFO  impl.RaftServerImpl (RaftServerImpl.java:lambda$shutdown$3(245)) - 29593a47-8514-4bad-ab55-d76f44c70a85: shutdown group-C16ED8EF31E7
2019-08-24 11:59:00,419 [Thread-1092] INFO  impl.RaftServerImpl (RaftServerImpl.java:lambda$shutdown$3(245)) - c847551b-1e98-407c-b611-b692e029e8e0: shutdown group-C16ED8EF31E7
2019-08-24 11:59:00,420 [ForkJoinPool.commonPool-worker-0] INFO  util.JmxRegister (JmxRegister.java:unregister(73)) - Successfully un-registered JMX Bean with object name Ratis:service=RaftServer,group=group-C16ED8EF31E7,id=29593a47-8514-4bad-ab55-d76f44c70a85
2019-08-24 11:59:00,420 [ForkJoinPool.commonPool-worker-0] INFO  impl.RoleInfo (RoleInfo.java:shutdownLeaderState(104)) - 29593a47-8514-4bad-ab55-d76f44c70a85: shutdown LeaderState
2019-08-24 11:59:00,420 [Thread-1092] INFO  util.JmxRegister (JmxRegister.java:unregister(73)) - Successfully un-registered JMX Bean with object name Ratis:service=RaftServer,group=group-C16ED8EF31E7,id=c847551b-1e98-407c-b611-b692e029e8e0
2019-08-24 11:59:00,424 [org.apache.ratis.server.impl.LogAppender$AppenderDaemon$$Lambda$448/1207628922@4b53c89b] WARN  server.GrpcLogAppender (GrpcLogAppender.java:mayWait(143)) - GrpcLogAppender(29593a47-8514-4bad-ab55-d76f44c70a85->c847551b-1e98-407c-b611-b692e029e8e0): Wait interrupted by java.lang.InterruptedException
2019-08-24 11:59:00,424 [ForkJoinPool.commonPool-worker-0] INFO  impl.PendingRequests (PendingRequests.java:sendNotLeaderResponses(202)) - 29593a47-8514-4bad-ab55-d76f44c70a85-PendingRequests: sendNotLeaderResponses
2019-08-24 11:59:00,424 [org.apache.ratis.server.impl.LogAppender$AppenderDaemon$$Lambda$448/1207628922@e514735] WARN  server.GrpcLogAppender (GrpcLogAppender.java:mayWait(143)) - GrpcLogAppender(29593a47-8514-4bad-ab55-d76f44c70a85->906c19b9-e551-4153-8e62-6280935b9d1f): Wait interrupted by java.lang.InterruptedException
2019-08-24 11:59:00,425 [ForkJoinPool.commonPool-worker-0] INFO  impl.StateMachineUpdater (StateMachineUpdater.java:stopAndJoin(115)) - StateMachineUpdater:29593a47-8514-4bad-ab55-d76f44c70a85:group-C16ED8EF31E7: set stopIndex = 0
2019-08-24 11:59:00,426 [ForkJoinPool.commonPool-worker-0] INFO  impl.RaftServerImpl (ServerState.java:close(394)) - 29593a47-8514-4bad-ab55-d76f44c70a85:group-C16ED8EF31E7 closes. The last applied log index is 0
2019-08-24 11:59:00,424 [Thread-1092] INFO  impl.RoleInfo (RoleInfo.java:shutdownFollowerState(121)) - c847551b-1e98-407c-b611-b692e029e8e0: shutdown FollowerState
2019-08-24 11:59:00,426 [29593a47-8514-4bad-ab55-d76f44c70a85-SegmentedRaftLogWorker:Storage Directory /workdir/hadoop-ozone/ozonefs/target/test-dir/MiniOzoneClusterImpl-0bd28e95-334d-40c1-a305-4301ba7c1e1b/datanode-0/data/ratis/ce6a01b6-5cbb-4a75-9996-c16ed8ef31e7] INFO  segmented.SegmentedRaftLogWorker (SegmentedRaftLogWorker.java:run(313)) - 29593a47-8514-4bad-ab55-d76f44c70a85-SegmentedRaftLogWorker:Storage Directory /workdir/hadoop-ozone/ozonefs/target/test-dir/MiniOzoneClusterImpl-0bd28e95-334d-40c1-a305-4301ba7c1e1b/datanode-0/data/ratis/ce6a01b6-5cbb-4a75-9996-c16ed8ef31e7 was interrupted, exiting. There are 0 tasks remaining in the queue.
2019-08-24 11:59:00,426 [grpc-default-executor-2] INFO  server.GrpcServerProtocolService (GrpcServerProtocolService.java:onCompleted(104)) - 906c19b9-e551-4153-8e62-6280935b9d1f: appendEntries completed
2019-08-24 11:59:00,425 [grpc-default-executor-1] INFO  server.GrpcServerProtocolService (GrpcServerProtocolService.java:onCompleted(104)) - c847551b-1e98-407c-b611-b692e029e8e0: appendEntries completed
2019-08-24 11:59:00,428 [ForkJoinPool.commonPool-worker-0] INFO  segmented.SegmentedRaftLogWorker (SegmentedRaftLogWorker.java:close(228)) - 29593a47-8514-4bad-ab55-d76f44c70a85-SegmentedRaftLogWorker:Storage Directory /workdir/hadoop-ozone/ozonefs/target/test-dir/MiniOzoneClusterImpl-0bd28e95-334d-40c1-a305-4301ba7c1e1b/datanode-0/data/ratis/ce6a01b6-5cbb-4a75-9996-c16ed8ef31e7 close()
2019-08-24 11:59:00,427 [Thread-1304] INFO  impl.FollowerState (FollowerState.java:run(114)) - c847551b-1e98-407c-b611-b692e029e8e0: FollowerState was interrupted: java.lang.InterruptedException: sleep interrupted
2019-08-24 11:59:00,432 [ForkJoinPool.commonPool-worker-0] INFO  impl.RaftServerImpl (RaftServerImpl.java:lambda$shutdown$3(245)) - 29593a47-8514-4bad-ab55-d76f44c70a85: shutdown group-E8BD8A93D0A5
2019-08-24 11:59:00,426 [Thread-1092] INFO  impl.StateMachineUpdater (StateMachineUpdater.java:stopAndJoin(115)) - StateMachineUpdater:c847551b-1e98-407c-b611-b692e029e8e0:group-C16ED8EF31E7: set stopIndex = 0
2019-08-24 11:59:00,434 [Thread-1092] INFO  impl.RaftServerImpl (ServerState.java:close(394)) - c847551b-1e98-407c-b611-b692e029e8e0:group-C16ED8EF31E7 closes. The last applied log index is 0
2019-08-24 11:59:00,434 [ForkJoinPool.commonPool-worker-0] INFO  util.JmxRegister (JmxRegister.java:unregister(73)) - Successfully un-registered JMX Bean with object name Ratis:service=RaftServer,group=group-E8BD8A93D0A5,id=29593a47-8514-4bad-ab55-d76f44c70a85
2019-08-24 11:59:00,435 [ForkJoinPool.commonPool-worker-0] INFO  impl.RoleInfo (RoleInfo.java:shutdownLeaderState(104)) - 29593a47-8514-4bad-ab55-d76f44c70a85: shutdown LeaderState
2019-08-24 11:59:00,434 [grpc-default-executor-1] INFO  server.GrpcLogAppender (GrpcLogAppender.java:onCompleted(292)) - 29593a47-8514-4bad-ab55-d76f44c70a85->906c19b9-e551-4153-8e62-6280935b9d1f: follower responses appendEntries COMPLETED
2019-08-24 11:59:00,434 [grpc-default-executor-0] INFO  server.GrpcLogAppender (GrpcLogAppender.java:onCompleted(292)) - 29593a47-8514-4bad-ab55-d76f44c70a85->c847551b-1e98-407c-b611-b692e029e8e0: follower responses appendEntries COMPLETED
2019-08-24 11:59:00,435 [ForkJoinPool.commonPool-worker-0] INFO  impl.PendingRequests (PendingRequests.java:sendNotLeaderResponses(202)) - 29593a47-8514-4bad-ab55-d76f44c70a85-PendingRequests: sendNotLeaderResponses
2019-08-24 11:59:00,435 [c847551b-1e98-407c-b611-b692e029e8e0-SegmentedRaftLogWorker:Storage Directory /workdir/hadoop-ozone/ozonefs/target/test-dir/MiniOzoneClusterImpl-0bd28e95-334d-40c1-a305-4301ba7c1e1b/datanode-1/data/ratis/ce6a01b6-5cbb-4a75-9996-c16ed8ef31e7] INFO  segmented.SegmentedRaftLogWorker (SegmentedRaftLogWorker.java:run(313)) - c847551b-1e98-407c-b611-b692e029e8e0-SegmentedRaftLogWorker:Storage Directory /workdir/hadoop-ozone/ozonefs/target/test-dir/MiniOzoneClusterImpl-0bd28e95-334d-40c1-a305-4301ba7c1e1b/datanode-1/data/ratis/ce6a01b6-5cbb-4a75-9996-c16ed8ef31e7 was interrupted, exiting. There are 0 tasks remaining in the queue.
2019-08-24 11:59:00,440 [ForkJoinPool.commonPool-worker-0] INFO  impl.StateMachineUpdater (StateMachineUpdater.java:stopAndJoin(115)) - StateMachineUpdater:29593a47-8514-4bad-ab55-d76f44c70a85:group-E8BD8A93D0A5: set stopIndex = 0
2019-08-24 11:59:00,442 [Thread-1092] INFO  segmented.SegmentedRaftLogWorker (SegmentedRaftLogWorker.java:close(228)) - c847551b-1e98-407c-b611-b692e029e8e0-SegmentedRaftLogWorker:Storage Directory /workdir/hadoop-ozone/ozonefs/target/test-dir/MiniOzoneClusterImpl-0bd28e95-334d-40c1-a305-4301ba7c1e1b/datanode-1/data/ratis/ce6a01b6-5cbb-4a75-9996-c16ed8ef31e7 close()
2019-08-24 11:59:00,440 [grpc-default-executor-0] INFO  impl.FollowerInfo (FollowerInfo.java:lambda$new$0(50)) - 29593a47-8514-4bad-ab55-d76f44c70a85->c847551b-1e98-407c-b611-b692e029e8e0: nextIndex: updateUnconditionally 1 -> 0
2019-08-24 11:59:00,437 [grpc-default-executor-1] INFO  impl.FollowerInfo (FollowerInfo.java:lambda$new$0(50)) - 29593a47-8514-4bad-ab55-d76f44c70a85->906c19b9-e551-4153-8e62-6280935b9d1f: nextIndex: updateUnconditionally 1 -> 0
2019-08-24 11:59:00,445 [Thread-1092] INFO  impl.RaftServerImpl (RaftServerImpl.java:lambda$shutdown$3(245)) - c847551b-1e98-407c-b611-b692e029e8e0: shutdown group-83C3235F9260
2019-08-24 11:59:00,442 [ForkJoinPool.commonPool-worker-0] INFO  impl.RaftServerImpl (ServerState.java:close(394)) - 29593a47-8514-4bad-ab55-d76f44c70a85:group-E8BD8A93D0A5 closes. The last applied log index is 0
2019-08-24 11:59:00,446 [Thread-1092] INFO  util.JmxRegister (JmxRegister.java:unregister(73)) - Successfully un-registered JMX Bean with object name Ratis:service=RaftServer,group=group-83C3235F9260,id=c847551b-1e98-407c-b611-b692e029e8e0
2019-08-24 11:59:00,446 [29593a47-8514-4bad-ab55-d76f44c70a85-SegmentedRaftLogWorker:Storage Directory /workdir/hadoop-ozone/ozonefs/target/test-dir/MiniOzoneClusterImpl-0bd28e95-334d-40c1-a305-4301ba7c1e1b/datanode-0/data/ratis/5037187b-e52d-4db4-91a3-e8bd8a93d0a5] INFO  segmented.SegmentedRaftLogWorker (SegmentedRaftLogWorker.java:run(313)) - 29593a47-8514-4bad-ab55-d76f44c70a85-SegmentedRaftLogWorker:Storage Directory /workdir/hadoop-ozone/ozonefs/target/test-dir/MiniOzoneClusterImpl-0bd28e95-334d-40c1-a305-4301ba7c1e1b/datanode-0/data/ratis/5037187b-e52d-4db4-91a3-e8bd8a93d0a5 was interrupted, exiting. There are 0 tasks remaining in the queue.
2019-08-24 11:59:00,447 [Thread-1092] INFO  impl.RoleInfo (RoleInfo.java:shutdownLeaderState(104)) - c847551b-1e98-407c-b611-b692e029e8e0: shutdown LeaderState
2019-08-24 11:59:00,448 [ForkJoinPool.commonPool-worker-0] INFO  segmented.SegmentedRaftLogWorker (SegmentedRaftLogWorker.java:close(228)) - 29593a47-8514-4bad-ab55-d76f44c70a85-SegmentedRaftLogWorker:Storage Directory /workdir/hadoop-ozone/ozonefs/target/test-dir/MiniOzoneClusterImpl-0bd28e95-334d-40c1-a305-4301ba7c1e1b/datanode-0/data/ratis/5037187b-e52d-4db4-91a3-e8bd8a93d0a5 close()
2019-08-24 11:59:00,449 [Thread-1092] INFO  impl.PendingRequests (PendingRequests.java:sendNotLeaderResponses(202)) - c847551b-1e98-407c-b611-b692e029e8e0-PendingRequests: sendNotLeaderResponses
2019-08-24 11:59:00,451 [ForkJoinPool.commonPool-worker-0] INFO  server.GrpcService (GrpcService.java:closeImpl(155)) - 29593a47-8514-4bad-ab55-d76f44c70a85: shutdown server with port 44881 now
2019-08-24 11:59:00,452 [Thread-1092] INFO  impl.StateMachineUpdater (StateMachineUpdater.java:stopAndJoin(115)) - StateMachineUpdater:c847551b-1e98-407c-b611-b692e029e8e0:group-83C3235F9260: set stopIndex = 0
2019-08-24 11:59:00,452 [Thread-1092] INFO  impl.RaftServerImpl (ServerState.java:close(394)) - c847551b-1e98-407c-b611-b692e029e8e0:group-83C3235F9260 closes. The last applied log index is 0
2019-08-24 11:59:00,453 [ForkJoinPool.commonPool-worker-0] INFO  server.GrpcService (GrpcService.java:closeImpl(163)) - 29593a47-8514-4bad-ab55-d76f44c70a85: shutdown server with port 44881 successfully
2019-08-24 11:59:00,456 [c847551b-1e98-407c-b611-b692e029e8e0-SegmentedRaftLogWorker:Storage Directory /workdir/hadoop-ozone/ozonefs/target/test-dir/MiniOzoneClusterImpl-0bd28e95-334d-40c1-a305-4301ba7c1e1b/datanode-1/data/ratis/2d661ad6-ab3a-40ec-b255-83c3235f9260] INFO  segmented.SegmentedRaftLogWorker (SegmentedRaftLogWorker.java:run(313)) - c847551b-1e98-407c-b611-b692e029e8e0-SegmentedRaftLogWorker:Storage Directory /workdir/hadoop-ozone/ozonefs/target/test-dir/MiniOzoneClusterImpl-0bd28e95-334d-40c1-a305-4301ba7c1e1b/datanode-1/data/ratis/2d661ad6-ab3a-40ec-b255-83c3235f9260 was interrupted, exiting. There are 0 tasks remaining in the queue.
2019-08-24 11:59:00,458 [Thread-1092] INFO  segmented.SegmentedRaftLogWorker (SegmentedRaftLogWorker.java:close(228)) - c847551b-1e98-407c-b611-b692e029e8e0-SegmentedRaftLogWorker:Storage Directory /workdir/hadoop-ozone/ozonefs/target/test-dir/MiniOzoneClusterImpl-0bd28e95-334d-40c1-a305-4301ba7c1e1b/datanode-1/data/ratis/2d661ad6-ab3a-40ec-b255-83c3235f9260 close()
2019-08-24 11:59:00,461 [Thread-1092] INFO  server.GrpcService (GrpcService.java:closeImpl(155)) - c847551b-1e98-407c-b611-b692e029e8e0: shutdown server with port 33120 now
2019-08-24 11:59:00,461 [ForkJoinPool.commonPool-worker-0] INFO  utils.BackgroundService (BackgroundService.java:shutdown(148)) - Shutting down service BlockDeletingService
2019-08-24 11:59:00,465 [Thread-1092] INFO  server.GrpcService (GrpcService.java:closeImpl(163)) - c847551b-1e98-407c-b611-b692e029e8e0: shutdown server with port 33120 successfully
2019-08-24 11:59:00,466 [refreshUsed-/workdir/hadoop-ozone/ozonefs/target/test-dir/MiniOzoneClusterImpl-0bd28e95-334d-40c1-a305-4301ba7c1e1b/datanode-0/data/containers] WARN  fs.CachingGetSpaceUsed (CachingGetSpaceUsed.java:run(183)) - Thread Interrupted waiting to refresh disk information: sleep interrupted
2019-08-24 11:59:00,467 [Thread-1092] INFO  utils.BackgroundService (BackgroundService.java:shutdown(148)) - Shutting down service BlockDeletingService
2019-08-24 11:59:00,473 [refreshUsed-/workdir/hadoop-ozone/ozonefs/target/test-dir/MiniOzoneClusterImpl-0bd28e95-334d-40c1-a305-4301ba7c1e1b/datanode-1/data/containers] WARN  fs.CachingGetSpaceUsed (CachingGetSpaceUsed.java:run(183)) - Thread Interrupted waiting to refresh disk information: sleep interrupted
2019-08-24 11:59:00,504 [ForkJoinPool.commonPool-worker-0] INFO  statemachine.DatanodeStateMachine (DatanodeStateMachine.java:stopDaemon(395)) - Ozone container server stopped.
2019-08-24 11:59:00,510 [Thread-1092] INFO  statemachine.DatanodeStateMachine (DatanodeStateMachine.java:stopDaemon(395)) - Ozone container server stopped.
2019-08-24 11:59:00,510 [ForkJoinPool.commonPool-worker-0] INFO  handler.ContextHandler (ContextHandler.java:doStop(910)) - Stopped o.e.j.w.WebAppContext@100ecdbf{/,null,UNAVAILABLE}{/hddsDatanode}
2019-08-24 11:59:00,511 [ForkJoinPool.commonPool-worker-0] INFO  server.AbstractConnector (AbstractConnector.java:doStop(318)) - Stopped ServerConnector@3c935ad7{HTTP/1.1,[http/1.1]}{0.0.0.0:0}
2019-08-24 11:59:00,511 [Thread-1092] INFO  handler.ContextHandler (ContextHandler.java:doStop(910)) - Stopped o.e.j.w.WebAppContext@524ff771{/,null,UNAVAILABLE}{/hddsDatanode}
2019-08-24 11:59:00,512 [ForkJoinPool.commonPool-worker-0] INFO  handler.ContextHandler (ContextHandler.java:doStop(910)) - Stopped o.e.j.s.ServletContextHandler@27d87128{/static,jar:file:/home/user/.m2/repository/org/apache/hadoop/hadoop-hdds-container-service/0.5.0-SNAPSHOT/hadoop-hdds-container-service-0.5.0-SNAPSHOT.jar!/webapps/static,UNAVAILABLE}
2019-08-24 11:59:00,514 [ForkJoinPool.commonPool-worker-0] INFO  handler.ContextHandler (ContextHandler.java:doStop(910)) - Stopped o.e.j.s.ServletContextHandler@569ad538{/logs,file:///workdir/hadoop-ozone/ozonefs/target/log,UNAVAILABLE}
2019-08-24 11:59:00,514 [Thread-1092] INFO  server.AbstractConnector (AbstractConnector.java:doStop(318)) - Stopped ServerConnector@270707d7{HTTP/1.1,[http/1.1]}{0.0.0.0:0}
2019-08-24 11:59:00,514 [Thread-1092] INFO  handler.ContextHandler (ContextHandler.java:doStop(910)) - Stopped o.e.j.s.ServletContextHandler@3c707f44{/static,jar:file:/home/user/.m2/repository/org/apache/hadoop/hadoop-hdds-container-service/0.5.0-SNAPSHOT/hadoop-hdds-container-service-0.5.0-SNAPSHOT.jar!/webapps/static,UNAVAILABLE}
2019-08-24 11:59:00,515 [Thread-1092] INFO  handler.ContextHandler (ContextHandler.java:doStop(910)) - Stopped o.e.j.s.ServletContextHandler@5eb48922{/logs,file:///workdir/hadoop-ozone/ozonefs/target/log,UNAVAILABLE}
2019-08-24 11:59:01,292 [Datanode State Machine Thread - 0] INFO  statemachine.DatanodeStateMachine (DatanodeStateMachine.java:lambda$startDaemon$0(350)) - Ozone container server started.
2019-08-24 11:59:05,516 [ForkJoinPool.commonPool-worker-0] INFO  ozoneimpl.OzoneContainer (OzoneContainer.java:stop(199)) - Attempting to stop container services.
2019-08-24 11:59:05,516 [ForkJoinPool.commonPool-worker-0] INFO  impl.RaftServerProxy (RaftServerProxy.java:lambda$close$4(314)) - 906c19b9-e551-4153-8e62-6280935b9d1f: close
2019-08-24 11:59:05,517 [ForkJoinPool.commonPool-worker-0] INFO  impl.RaftServerImpl (RaftServerImpl.java:lambda$shutdown$3(245)) - 906c19b9-e551-4153-8e62-6280935b9d1f: shutdown group-C16ED8EF31E7
2019-08-24 11:59:05,517 [ForkJoinPool.commonPool-worker-0] INFO  util.JmxRegister (JmxRegister.java:unregister(73)) - Successfully un-registered JMX Bean with object name Ratis:service=RaftServer,group=group-C16ED8EF31E7,id=906c19b9-e551-4153-8e62-6280935b9d1f
2019-08-24 11:59:05,517 [ForkJoinPool.commonPool-worker-0] INFO  impl.RoleInfo (RoleInfo.java:shutdownFollowerState(121)) - 906c19b9-e551-4153-8e62-6280935b9d1f: shutdown FollowerState
2019-08-24 11:59:05,518 [ForkJoinPool.commonPool-worker-0] INFO  impl.StateMachineUpdater (StateMachineUpdater.java:stopAndJoin(115)) - StateMachineUpdater:906c19b9-e551-4153-8e62-6280935b9d1f:group-C16ED8EF31E7: set stopIndex = -1
2019-08-24 11:59:05,518 [Thread-1295] INFO  impl.FollowerState (FollowerState.java:run(114)) - 906c19b9-e551-4153-8e62-6280935b9d1f: FollowerState was interrupted: java.lang.InterruptedException: sleep interrupted
2019-08-24 11:59:05,518 [ForkJoinPool.commonPool-worker-0] INFO  impl.RaftServerImpl (ServerState.java:close(394)) - 906c19b9-e551-4153-8e62-6280935b9d1f:group-C16ED8EF31E7 closes. The last applied log index is -1
2019-08-24 11:59:05,520 [906c19b9-e551-4153-8e62-6280935b9d1f-SegmentedRaftLogWorker:Storage Directory /workdir/hadoop-ozone/ozonefs/target/test-dir/MiniOzoneClusterImpl-0bd28e95-334d-40c1-a305-4301ba7c1e1b/datanode-2/data/ratis/ce6a01b6-5cbb-4a75-9996-c16ed8ef31e7] INFO  segmented.SegmentedRaftLogWorker (SegmentedRaftLogWorker.java:run(313)) - 906c19b9-e551-4153-8e62-6280935b9d1f-SegmentedRaftLogWorker:Storage Directory /workdir/hadoop-ozone/ozonefs/target/test-dir/MiniOzoneClusterImpl-0bd28e95-334d-40c1-a305-4301ba7c1e1b/datanode-2/data/ratis/ce6a01b6-5cbb-4a75-9996-c16ed8ef31e7 was interrupted, exiting. There are 0 tasks remaining in the queue.
2019-08-24 11:59:05,521 [ForkJoinPool.commonPool-worker-0] INFO  segmented.SegmentedRaftLogWorker (SegmentedRaftLogWorker.java:close(228)) - 906c19b9-e551-4153-8e62-6280935b9d1f-SegmentedRaftLogWorker:Storage Directory /workdir/hadoop-ozone/ozonefs/target/test-dir/MiniOzoneClusterImpl-0bd28e95-334d-40c1-a305-4301ba7c1e1b/datanode-2/data/ratis/ce6a01b6-5cbb-4a75-9996-c16ed8ef31e7 close()
2019-08-24 11:59:05,523 [ForkJoinPool.commonPool-worker-0] INFO  impl.RaftServerImpl (RaftServerImpl.java:lambda$shutdown$3(245)) - 906c19b9-e551-4153-8e62-6280935b9d1f: shutdown group-BB82AE5B61D8
2019-08-24 11:59:05,523 [ForkJoinPool.commonPool-worker-0] INFO  util.JmxRegister (JmxRegister.java:unregister(73)) - Successfully un-registered JMX Bean with object name Ratis:service=RaftServer,group=group-BB82AE5B61D8,id=906c19b9-e551-4153-8e62-6280935b9d1f
2019-08-24 11:59:05,524 [ForkJoinPool.commonPool-worker-0] INFO  impl.RoleInfo (RoleInfo.java:shutdownLeaderState(104)) - 906c19b9-e551-4153-8e62-6280935b9d1f: shutdown LeaderState
2019-08-24 11:59:05,524 [ForkJoinPool.commonPool-worker-0] INFO  impl.PendingRequests (PendingRequests.java:sendNotLeaderResponses(202)) - 906c19b9-e551-4153-8e62-6280935b9d1f-PendingRequests: sendNotLeaderResponses
2019-08-24 11:59:05,525 [ForkJoinPool.commonPool-worker-0] INFO  impl.StateMachineUpdater (StateMachineUpdater.java:stopAndJoin(115)) - StateMachineUpdater:906c19b9-e551-4153-8e62-6280935b9d1f:group-BB82AE5B61D8: set stopIndex = 0
2019-08-24 11:59:05,525 [ForkJoinPool.commonPool-worker-0] INFO  impl.RaftServerImpl (ServerState.java:close(394)) - 906c19b9-e551-4153-8e62-6280935b9d1f:group-BB82AE5B61D8 closes. The last applied log index is 0
2019-08-24 11:59:05,525 [906c19b9-e551-4153-8e62-6280935b9d1f-SegmentedRaftLogWorker:Storage Directory /workdir/hadoop-ozone/ozonefs/target/test-dir/MiniOzoneClusterImpl-0bd28e95-334d-40c1-a305-4301ba7c1e1b/datanode-2/data/ratis/6666faaf-f70f-43a8-827b-bb82ae5b61d8] INFO  segmented.SegmentedRaftLogWorker (SegmentedRaftLogWorker.java:run(313)) - 906c19b9-e551-4153-8e62-6280935b9d1f-SegmentedRaftLogWorker:Storage Directory /workdir/hadoop-ozone/ozonefs/target/test-dir/MiniOzoneClusterImpl-0bd28e95-334d-40c1-a305-4301ba7c1e1b/datanode-2/data/ratis/6666faaf-f70f-43a8-827b-bb82ae5b61d8 was interrupted, exiting. There are 0 tasks remaining in the queue.
2019-08-24 11:59:05,527 [ForkJoinPool.commonPool-worker-0] INFO  segmented.SegmentedRaftLogWorker (SegmentedRaftLogWorker.java:close(228)) - 906c19b9-e551-4153-8e62-6280935b9d1f-SegmentedRaftLogWorker:Storage Directory /workdir/hadoop-ozone/ozonefs/target/test-dir/MiniOzoneClusterImpl-0bd28e95-334d-40c1-a305-4301ba7c1e1b/datanode-2/data/ratis/6666faaf-f70f-43a8-827b-bb82ae5b61d8 close()
2019-08-24 11:59:05,529 [ForkJoinPool.commonPool-worker-0] INFO  server.GrpcService (GrpcService.java:closeImpl(155)) - 906c19b9-e551-4153-8e62-6280935b9d1f: shutdown server with port 45592 now
2019-08-24 11:59:05,530 [ForkJoinPool.commonPool-worker-0] INFO  server.GrpcService (GrpcService.java:closeImpl(163)) - 906c19b9-e551-4153-8e62-6280935b9d1f: shutdown server with port 45592 successfully
2019-08-24 11:59:05,532 [ForkJoinPool.commonPool-worker-0] INFO  utils.BackgroundService (BackgroundService.java:shutdown(148)) - Shutting down service BlockDeletingService
2019-08-24 11:59:05,534 [refreshUsed-/workdir/hadoop-ozone/ozonefs/target/test-dir/MiniOzoneClusterImpl-0bd28e95-334d-40c1-a305-4301ba7c1e1b/datanode-2/data/containers] WARN  fs.CachingGetSpaceUsed (CachingGetSpaceUsed.java:run(183)) - Thread Interrupted waiting to refresh disk information: sleep interrupted
2019-08-24 11:59:05,564 [ForkJoinPool.commonPool-worker-0] INFO  statemachine.DatanodeStateMachine (DatanodeStateMachine.java:stopDaemon(395)) - Ozone container server stopped.
2019-08-24 11:59:05,568 [ForkJoinPool.commonPool-worker-0] INFO  handler.ContextHandler (ContextHandler.java:doStop(910)) - Stopped o.e.j.w.WebAppContext@6f4b2705{/,null,UNAVAILABLE}{/hddsDatanode}
2019-08-24 11:59:05,569 [ForkJoinPool.commonPool-worker-0] INFO  server.AbstractConnector (AbstractConnector.java:doStop(318)) - Stopped ServerConnector@1fd60393{HTTP/1.1,[http/1.1]}{0.0.0.0:0}
2019-08-24 11:59:05,570 [ForkJoinPool.commonPool-worker-0] INFO  handler.ContextHandler (ContextHandler.java:doStop(910)) - Stopped o.e.j.s.ServletContextHandler@78c9515b{/static,jar:file:/home/user/.m2/repository/org/apache/hadoop/hadoop-hdds-container-service/0.5.0-SNAPSHOT/hadoop-hdds-container-service-0.5.0-SNAPSHOT.jar!/webapps/static,UNAVAILABLE}
2019-08-24 11:59:05,571 [ForkJoinPool.commonPool-worker-0] INFO  handler.ContextHandler (ContextHandler.java:doStop(910)) - Stopped o.e.j.s.ServletContextHandler@2a2b0b30{/logs,file:///workdir/hadoop-ozone/ozonefs/target/log,UNAVAILABLE}
2019-08-24 11:59:05,572 [Thread-1092] INFO  ozone.MiniOzoneClusterImpl (MiniOzoneClusterImpl.java:stop(339)) - Stopping the StorageContainerManager
2019-08-24 11:59:05,572 [Thread-1092] INFO  server.StorageContainerManager (StorageContainerManager.java:stop(797)) - Stopping Replication Manager Service.
2019-08-24 11:59:05,573 [Thread-1092] INFO  container.ReplicationManager (ReplicationManager.java:stop(193)) - Stopping Replication Monitor Thread.
2019-08-24 11:59:05,573 [Thread-1092] INFO  server.StorageContainerManager (StorageContainerManager.java:stop(804)) - Stopping Lease Manager of the command watchers
2019-08-24 11:59:05,573 [Thread-1092] INFO  server.StorageContainerManager (StorageContainerManager.java:stop(811)) - Stopping datanode service RPC server
2019-08-24 11:59:05,573 [Thread-1092] INFO  server.SCMDatanodeProtocolServer (SCMDatanodeProtocolServer.java:stop(367)) - Stopping the RPC server for DataNodes
2019-08-24 11:59:05,573 [Thread-1092] INFO  ipc.Server (Server.java:stop(3082)) - Stopping server on 39804
2019-08-24 11:59:05,576 [IPC Server listener on 39804] INFO  ipc.Server (Server.java:run(1185)) - Stopping IPC Server listener on 39804
2019-08-24 11:59:05,576 [IPC Server Responder] INFO  ipc.Server (Server.java:run(1319)) - Stopping IPC Server Responder
2019-08-24 11:59:05,668 [SCM Heartbeat Processing Thread - 0] WARN  node.NodeStateManager (NodeStateManager.java:scheduleNextHealthCheck(646)) - Current Thread is interrupted, shutting down HB processing thread for Node Manager.
2019-08-24 11:59:05,669 [Thread-1092] INFO  server.StorageContainerManager (StorageContainerManager.java:stop(819)) - Stopping block service RPC server
2019-08-24 11:59:05,669 [Thread-1092] INFO  server.SCMBlockProtocolServer (SCMBlockProtocolServer.java:stop(148)) - Stopping the RPC server for Block Protocol
2019-08-24 11:59:05,669 [Thread-1092] INFO  ipc.Server (Server.java:stop(3082)) - Stopping server on 33883
2019-08-24 11:59:05,671 [IPC Server listener on 33883] INFO  ipc.Server (Server.java:run(1185)) - Stopping IPC Server listener on 33883
2019-08-24 11:59:05,673 [Thread-1092] INFO  server.StorageContainerManager (StorageContainerManager.java:stop(826)) - Stopping the StorageContainerLocationProtocol RPC server
2019-08-24 11:59:05,673 [IPC Server Responder] INFO  ipc.Server (Server.java:run(1319)) - Stopping IPC Server Responder
2019-08-24 11:59:05,674 [Thread-1092] INFO  server.SCMClientProtocolServer (SCMClientProtocolServer.java:stop(159)) - Stopping the RPC server for Client Protocol
2019-08-24 11:59:05,675 [Thread-1092] INFO  ipc.Server (Server.java:stop(3082)) - Stopping server on 33660
2019-08-24 11:59:05,677 [IPC Server listener on 33660] INFO  ipc.Server (Server.java:run(1185)) - Stopping IPC Server listener on 33660
2019-08-24 11:59:05,677 [IPC Server Responder] INFO  ipc.Server (Server.java:run(1319)) - Stopping IPC Server Responder
2019-08-24 11:59:05,678 [Thread-1092] INFO  server.StorageContainerManager (StorageContainerManager.java:stop(833)) - Stopping Storage Container Manager HTTP server.
2019-08-24 11:59:05,680 [Thread-1092] INFO  handler.ContextHandler (ContextHandler.java:doStop(910)) - Stopped o.e.j.w.WebAppContext@26954fc8{/,null,UNAVAILABLE}{/scm}
2019-08-24 11:59:05,681 [Thread-1092] INFO  server.AbstractConnector (AbstractConnector.java:doStop(318)) - Stopped ServerConnector@7b149440{HTTP/1.1,[http/1.1]}{0.0.0.0:0}
2019-08-24 11:59:05,681 [Thread-1092] INFO  handler.ContextHandler (ContextHandler.java:doStop(910)) - Stopped o.e.j.s.ServletContextHandler@6bc43618{/static,jar:file:/home/user/.m2/repository/org/apache/hadoop/hadoop-hdds-server-scm/0.5.0-SNAPSHOT/hadoop-hdds-server-scm-0.5.0-SNAPSHOT.jar!/webapps/static,UNAVAILABLE}
2019-08-24 11:59:05,682 [Thread-1092] INFO  handler.ContextHandler (ContextHandler.java:doStop(910)) - Stopped o.e.j.s.ServletContextHandler@7cccdb18{/logs,file:///workdir/hadoop-ozone/ozonefs/target/log,UNAVAILABLE}
2019-08-24 11:59:05,683 [Thread-1092] INFO  server.StorageContainerManager (StorageContainerManager.java:stop(844)) - Stopping Block Manager Service.
2019-08-24 11:59:05,683 [Thread-1092] INFO  utils.BackgroundService (BackgroundService.java:shutdown(148)) - Shutting down service SCMBlockDeletingService
2019-08-24 11:59:05,683 [Thread-1092] INFO  utils.BackgroundService (BackgroundService.java:shutdown(148)) - Shutting down service SCMBlockDeletingService
2019-08-24 11:59:05,684 [Thread-1092] INFO  server.StorageContainerManager (StorageContainerManager.java:stop(866)) - Stopping SCM Event Queue.
2019-08-24 11:59:05,688 [Thread-1092] INFO  impl.MetricsSystemImpl (MetricsSystemImpl.java:stop(210)) - Stopping HddsDatanode metrics system...
2019-08-24 11:59:05,695 [Thread-1092] INFO  impl.MetricsSystemImpl (MetricsSystemImpl.java:stop(216)) - HddsDatanode metrics system stopped.
]]></system-out>
  </testcase>
  <testcase name="testListStatusOnLargeDirectory" classname="org.apache.hadoop.fs.ozone.TestOzoneFileSystem" time="22.77"/>
</testsuite>