<?xml version="1.0" encoding="UTF-8"?>
<testsuite xmlns:xsi="http://www.w3.org/2001/XMLSchema-instance" xsi:noNamespaceSchemaLocation="https://maven.apache.org/surefire/maven-surefire-plugin/xsd/surefire-test-report.xsd" name="org.apache.hadoop.ozone.client.rpc.TestReadRetries" time="52.699" tests="1" errors="1" skipped="0" failures="0">
  <properties>
    <property name="awt.toolkit" value="sun.awt.X11.XToolkit"/>
    <property name="file.encoding.pkg" value="sun.io"/>
    <property name="java.specification.version" value="1.8"/>
    <property name="sun.cpu.isalist" value=""/>
    <property name="sun.jnu.encoding" value="UTF-8"/>
    <property name="java.class.path" value="/workdir/hadoop-ozone/integration-test/target/test-classes:/workdir/hadoop-ozone/integration-test/target/classes:/home/user/.m2/repository/org/apache/hadoop/hadoop-ozone-common/0.5.0-SNAPSHOT/hadoop-ozone-common-0.5.0-SNAPSHOT.jar:/home/user/.m2/repository/org/apache/commons/commons-compress/1.4.1/commons-compress-1.4.1.jar:/home/user/.m2/repository/org/tukaani/xz/1.0/xz-1.0.jar:/home/user/.m2/repository/org/apache/hadoop/hadoop-common/3.2.0/hadoop-common-3.2.0.jar:/home/user/.m2/repository/org/apache/hadoop/hadoop-hdfs/3.2.0/hadoop-hdfs-3.2.0.jar:/home/user/.m2/repository/org/apache/hadoop/hadoop-hdfs-client/3.2.0/hadoop-hdfs-client-3.2.0.jar:/home/user/.m2/repository/com/fasterxml/jackson/core/jackson-annotations/2.9.5/jackson-annotations-2.9.5.jar:/home/user/.m2/repository/org/apache/hadoop/hadoop-hdds-common/0.5.0-SNAPSHOT/hadoop-hdds-common-0.5.0-SNAPSHOT.jar:/home/user/.m2/repository/javax/annotation/javax.annotation-api/1.2/javax.annotation-api-1.2.jar:/home/user/.m2/repository/org/apache/ratis/ratis-server/0.4.0-2337318-SNAPSHOT/ratis-server-0.4.0-2337318-SNAPSHOT.jar:/home/user/.m2/repository/org/apache/ratis/ratis-thirdparty-misc/0.2.0/ratis-thirdparty-misc-0.2.0.jar:/home/user/.m2/repository/org/apache/ratis/ratis-proto/0.4.0-2337318-SNAPSHOT/ratis-proto-0.4.0-2337318-SNAPSHOT.jar:/home/user/.m2/repository/org/apache/ratis/ratis-common/0.4.0-2337318-SNAPSHOT/ratis-common-0.4.0-2337318-SNAPSHOT.jar:/home/user/.m2/repository/org/apache/ratis/ratis-client/0.4.0-2337318-SNAPSHOT/ratis-client-0.4.0-2337318-SNAPSHOT.jar:/home/user/.m2/repository/org/apache/ratis/ratis-metrics/0.4.0-2337318-SNAPSHOT/ratis-metrics-0.4.0-2337318-SNAPSHOT.jar:/home/user/.m2/repository/org/apache/ratis/ratis-netty/0.4.0-2337318-SNAPSHOT/ratis-netty-0.4.0-2337318-SNAPSHOT.jar:/home/user/.m2/repository/org/apache/ratis/ratis-grpc/0.4.0-2337318-SNAPSHOT/ratis-grpc-0.4.0-2337318-SNAPSHOT.jar:/home/user/.m2/repository/org/rocksdb/rocksdbjni/6.0.1/rocksdbjni-6.0.1.jar:/home/user/.m2/repository/org/apache/logging/log4j/log4j-api/2.11.0/log4j-api-2.11.0.jar:/home/user/.m2/repository/org/apache/logging/log4j/log4j-core/2.11.0/log4j-core-2.11.0.jar:/home/user/.m2/repository/com/lmax/disruptor/3.4.2/disruptor-3.4.2.jar:/home/user/.m2/repository/org/apache/commons/commons-pool2/2.6.0/commons-pool2-2.6.0.jar:/home/user/.m2/repository/org/bouncycastle/bcpkix-jdk15on/1.60/bcpkix-jdk15on-1.60.jar:/home/user/.m2/repository/commons-validator/commons-validator/1.6/commons-validator-1.6.jar:/home/user/.m2/repository/commons-digester/commons-digester/1.8.1/commons-digester-1.8.1.jar:/home/user/.m2/repository/io/jaegertracing/jaeger-client/0.33.1/jaeger-client-0.33.1.jar:/home/user/.m2/repository/io/jaegertracing/jaeger-thrift/0.33.1/jaeger-thrift-0.33.1.jar:/home/user/.m2/repository/org/apache/thrift/libthrift/0.11.0/libthrift-0.11.0.jar:/home/user/.m2/repository/com/squareup/okhttp3/okhttp/3.9.0/okhttp-3.9.0.jar:/home/user/.m2/repository/com/squareup/okio/okio/1.13.0/okio-1.13.0.jar:/home/user/.m2/repository/io/jaegertracing/jaeger-core/0.33.1/jaeger-core-0.33.1.jar:/home/user/.m2/repository/io/jaegertracing/jaeger-tracerresolver/0.33.1/jaeger-tracerresolver-0.33.1.jar:/home/user/.m2/repository/io/opentracing/contrib/opentracing-tracerresolver/0.1.5/opentracing-tracerresolver-0.1.5.jar:/home/user/.m2/repository/io/opentracing/opentracing-util/0.31.0/opentracing-util-0.31.0.jar:/home/user/.m2/repository/io/opentracing/opentracing-api/0.31.0/opentracing-api-0.31.0.jar:/home/user/.m2/repository/io/opentracing/opentracing-noop/0.31.0/opentracing-noop-0.31.0.jar:/home/user/.m2/repository/org/apache/hadoop/hadoop-hdds-server-framework/0.5.0-SNAPSHOT/hadoop-hdds-server-framework-0.5.0-SNAPSHOT.jar:/home/user/.m2/repository/org/apache/hadoop/hadoop-hdds-container-service/0.5.0-SNAPSHOT/hadoop-hdds-container-service-0.5.0-SNAPSHOT.jar:/home/user/.m2/repository/org/apache/hadoop/hadoop-hdds-client/0.5.0-SNAPSHOT/hadoop-hdds-client-0.5.0-SNAPSHOT.jar:/home/user/.m2/repository/org/apache/hadoop/hadoop-hdds-tools/0.5.0-SNAPSHOT/hadoop-hdds-tools-0.5.0-SNAPSHOT.jar:/home/user/.m2/repository/org/apache/hadoop/hadoop-hdds-server-scm/0.5.0-SNAPSHOT/hadoop-hdds-server-scm-0.5.0-SNAPSHOT.jar:/home/user/.m2/repository/org/apache/hadoop/hadoop-hdds-docs/0.5.0-SNAPSHOT/hadoop-hdds-docs-0.5.0-SNAPSHOT.jar:/home/user/.m2/repository/io/dropwizard/metrics/metrics-core/3.2.4/metrics-core-3.2.4.jar:/home/user/.m2/repository/org/hamcrest/hamcrest-all/1.3/hamcrest-all-1.3.jar:/home/user/.m2/repository/org/bouncycastle/bcprov-jdk15on/1.60/bcprov-jdk15on-1.60.jar:/home/user/.m2/repository/info/picocli/picocli/3.9.6/picocli-3.9.6.jar:/home/user/.m2/repository/com/google/protobuf/protobuf-java/2.5.0/protobuf-java-2.5.0.jar:/home/user/.m2/repository/com/google/guava/guava/11.0.2/guava-11.0.2.jar:/home/user/.m2/repository/org/apache/hadoop/hadoop-ozone-ozone-manager/0.5.0-SNAPSHOT/hadoop-ozone-ozone-manager-0.5.0-SNAPSHOT.jar:/home/user/.m2/repository/org/apache/hadoop/hadoop-minikdc/3.2.0/hadoop-minikdc-3.2.0.jar:/home/user/.m2/repository/commons-io/commons-io/2.5/commons-io-2.5.jar:/home/user/.m2/repository/org/apache/kerby/kerb-simplekdc/1.0.1/kerb-simplekdc-1.0.1.jar:/home/user/.m2/repository/org/apache/kerby/kerb-client/1.0.1/kerb-client-1.0.1.jar:/home/user/.m2/repository/org/apache/kerby/kerby-config/1.0.1/kerby-config-1.0.1.jar:/home/user/.m2/repository/org/apache/kerby/kerb-core/1.0.1/kerb-core-1.0.1.jar:/home/user/.m2/repository/org/apache/kerby/kerby-pkix/1.0.1/kerby-pkix-1.0.1.jar:/home/user/.m2/repository/org/apache/kerby/kerby-asn1/1.0.1/kerby-asn1-1.0.1.jar:/home/user/.m2/repository/org/apache/kerby/kerby-util/1.0.1/kerby-util-1.0.1.jar:/home/user/.m2/repository/org/apache/kerby/kerb-common/1.0.1/kerb-common-1.0.1.jar:/home/user/.m2/repository/org/apache/kerby/kerb-crypto/1.0.1/kerb-crypto-1.0.1.jar:/home/user/.m2/repository/org/apache/kerby/kerb-util/1.0.1/kerb-util-1.0.1.jar:/home/user/.m2/repository/org/apache/kerby/token-provider/1.0.1/token-provider-1.0.1.jar:/home/user/.m2/repository/org/apache/kerby/kerb-admin/1.0.1/kerb-admin-1.0.1.jar:/home/user/.m2/repository/org/apache/kerby/kerb-server/1.0.1/kerb-server-1.0.1.jar:/home/user/.m2/repository/org/apache/kerby/kerb-identity/1.0.1/kerb-identity-1.0.1.jar:/home/user/.m2/repository/org/apache/kerby/kerby-xdr/1.0.1/kerby-xdr-1.0.1.jar:/home/user/.m2/repository/org/slf4j/slf4j-log4j12/1.7.25/slf4j-log4j12-1.7.25.jar:/home/user/.m2/repository/org/apache/hadoop/hadoop-ozone-s3gateway/0.5.0-SNAPSHOT/hadoop-ozone-s3gateway-0.5.0-SNAPSHOT.jar:/home/user/.m2/repository/org/jboss/weld/servlet/weld-servlet/2.4.7.Final/weld-servlet-2.4.7.Final.jar:/home/user/.m2/repository/org/glassfish/jersey/containers/jersey-container-servlet-core/2.27/jersey-container-servlet-core-2.27.jar:/home/user/.m2/repository/org/glassfish/hk2/external/javax.inject/2.5.0-b42/javax.inject-2.5.0-b42.jar:/home/user/.m2/repository/org/glassfish/jersey/core/jersey-common/2.27/jersey-common-2.27.jar:/home/user/.m2/repository/org/glassfish/hk2/osgi-resource-locator/1.0.1/osgi-resource-locator-1.0.1.jar:/home/user/.m2/repository/javax/ws/rs/javax.ws.rs-api/2.1/javax.ws.rs-api-2.1.jar:/home/user/.m2/repository/org/glassfish/jersey/ext/cdi/jersey-cdi1x/2.27/jersey-cdi1x-2.27.jar:/home/user/.m2/repository/org/glassfish/jersey/inject/jersey-hk2/2.27/jersey-hk2-2.27.jar:/home/user/.m2/repository/org/glassfish/hk2/hk2-locator/2.5.0-b42/hk2-locator-2.5.0-b42.jar:/home/user/.m2/repository/org/javassist/javassist/3.22.0-CR2/javassist-3.22.0-CR2.jar:/home/user/.m2/repository/org/glassfish/hk2/hk2-api/2.5.0/hk2-api-2.5.0.jar:/home/user/.m2/repository/org/glassfish/hk2/external/jakarta.inject/2.5.0/jakarta.inject-2.5.0.jar:/home/user/.m2/repository/org/glassfish/hk2/hk2-utils/2.5.0/hk2-utils-2.5.0.jar:/home/user/.m2/repository/jakarta/annotation/jakarta.annotation-api/1.3.4/jakarta.annotation-api-1.3.4.jar:/home/user/.m2/repository/org/glassfish/hk2/external/aopalliance-repackaged/2.5.0/aopalliance-repackaged-2.5.0.jar:/home/user/.m2/repository/com/fasterxml/jackson/dataformat/jackson-dataformat-xml/2.9.0/jackson-dataformat-xml-2.9.0.jar:/home/user/.m2/repository/com/fasterxml/jackson/core/jackson-core/2.9.5/jackson-core-2.9.5.jar:/home/user/.m2/repository/com/fasterxml/jackson/module/jackson-module-jaxb-annotations/2.9.5/jackson-module-jaxb-annotations-2.9.5.jar:/home/user/.m2/repository/javax/enterprise/cdi-api/1.2/cdi-api-1.2.jar:/home/user/.m2/repository/javax/el/javax.el-api/3.0.0/javax.el-api-3.0.0.jar:/home/user/.m2/repository/javax/interceptor/javax.interceptor-api/1.2/javax.interceptor-api-1.2.jar:/home/user/.m2/repository/javax/inject/javax.inject/1/javax.inject-1.jar:/home/user/.m2/repository/com/sun/xml/bind/jaxb-impl/2.3.0.1/jaxb-impl-2.3.0.1.jar:/home/user/.m2/repository/com/sun/xml/bind/jaxb-core/2.3.0.1/jaxb-core-2.3.0.1.jar:/home/user/.m2/repository/javax/xml/bind/jaxb-api/2.3.0/jaxb-api-2.3.0.jar:/home/user/.m2/repository/javax/activation/activation/1.1.1/activation-1.1.1.jar:/home/user/.m2/repository/org/apache/hadoop/hadoop-ozone-csi/0.5.0-SNAPSHOT/hadoop-ozone-csi-0.5.0-SNAPSHOT.jar:/home/user/.m2/repository/com/google/protobuf/protobuf-java-util/3.5.1/protobuf-java-util-3.5.1.jar:/home/user/.m2/repository/org/apache/hadoop/hadoop-hdds-config/0.5.0-SNAPSHOT/hadoop-hdds-config-0.5.0-SNAPSHOT.jar:/home/user/.m2/repository/io/grpc/grpc-netty/1.17.1/grpc-netty-1.17.1.jar:/home/user/.m2/repository/io/grpc/grpc-core/1.17.1/grpc-core-1.17.1.jar:/home/user/.m2/repository/io/grpc/grpc-context/1.17.1/grpc-context-1.17.1.jar:/home/user/.m2/repository/com/google/errorprone/error_prone_annotations/2.2.0/error_prone_annotations-2.2.0.jar:/home/user/.m2/repository/org/codehaus/mojo/animal-sniffer-annotations/1.17/animal-sniffer-annotations-1.17.jar:/home/user/.m2/repository/io/opencensus/opencensus-api/0.17.0/opencensus-api-0.17.0.jar:/home/user/.m2/repository/io/opencensus/opencensus-contrib-grpc-metrics/0.17.0/opencensus-contrib-grpc-metrics-0.17.0.jar:/home/user/.m2/repository/io/netty/netty-codec-http2/4.1.30.Final/netty-codec-http2-4.1.30.Final.jar:/home/user/.m2/repository/io/netty/netty-codec-http/4.1.30.Final/netty-codec-http-4.1.30.Final.jar:/home/user/.m2/repository/io/netty/netty-codec/4.1.30.Final/netty-codec-4.1.30.Final.jar:/home/user/.m2/repository/io/netty/netty-handler/4.1.30.Final/netty-handler-4.1.30.Final.jar:/home/user/.m2/repository/io/netty/netty-handler-proxy/4.1.30.Final/netty-handler-proxy-4.1.30.Final.jar:/home/user/.m2/repository/io/netty/netty-codec-socks/4.1.30.Final/netty-codec-socks-4.1.30.Final.jar:/home/user/.m2/repository/io/netty/netty-transport-native-epoll/4.1.30.Final/netty-transport-native-epoll-4.1.30.Final.jar:/home/user/.m2/repository/io/netty/netty-common/4.1.30.Final/netty-common-4.1.30.Final.jar:/home/user/.m2/repository/io/netty/netty-buffer/4.1.30.Final/netty-buffer-4.1.30.Final.jar:/home/user/.m2/repository/io/netty/netty-transport/4.1.30.Final/netty-transport-4.1.30.Final.jar:/home/user/.m2/repository/io/netty/netty-resolver/4.1.30.Final/netty-resolver-4.1.30.Final.jar:/home/user/.m2/repository/io/netty/netty-transport-native-unix-common/4.1.30.Final/netty-transport-native-unix-common-4.1.30.Final.jar:/home/user/.m2/repository/io/grpc/grpc-protobuf/1.17.1/grpc-protobuf-1.17.1.jar:/home/user/.m2/repository/com/google/api/grpc/proto-google-common-protos/1.0.0/proto-google-common-protos-1.0.0.jar:/home/user/.m2/repository/io/grpc/grpc-protobuf-lite/1.17.1/grpc-protobuf-lite-1.17.1.jar:/home/user/.m2/repository/io/grpc/grpc-stub/1.17.1/grpc-stub-1.17.1.jar:/home/user/.m2/repository/org/apache/hadoop/hadoop-ozone-recon/0.5.0-SNAPSHOT/hadoop-ozone-recon-0.5.0-SNAPSHOT.jar:/home/user/.m2/repository/org/apache/hadoop/hadoop-ozone-reconcodegen/0.5.0-SNAPSHOT/hadoop-ozone-reconcodegen-0.5.0-SNAPSHOT.jar:/home/user/.m2/repository/com/google/inject/extensions/guice-multibindings/4.0/guice-multibindings-4.0.jar:/home/user/.m2/repository/com/google/inject/guice/4.0/guice-4.0.jar:/home/user/.m2/repository/aopalliance/aopalliance/1.0/aopalliance-1.0.jar:/home/user/.m2/repository/com/google/inject/extensions/guice-servlet/4.0/guice-servlet-4.0.jar:/home/user/.m2/repository/org/glassfish/jersey/containers/jersey-container-servlet/2.27/jersey-container-servlet-2.27.jar:/home/user/.m2/repository/org/glassfish/hk2/guice-bridge/2.5.0/guice-bridge-2.5.0.jar:/home/user/.m2/repository/org/glassfish/jersey/core/jersey-server/2.27/jersey-server-2.27.jar:/home/user/.m2/repository/org/glassfish/jersey/core/jersey-client/2.27/jersey-client-2.27.jar:/home/user/.m2/repository/org/glassfish/jersey/media/jersey-media-jaxb/2.27/jersey-media-jaxb-2.27.jar:/home/user/.m2/repository/javax/validation/validation-api/1.1.0.Final/validation-api-1.1.0.Final.jar:/home/user/.m2/repository/org/glassfish/jersey/media/jersey-media-json-jackson/2.27/jersey-media-json-jackson-2.27.jar:/home/user/.m2/repository/org/glassfish/jersey/ext/jersey-entity-filtering/2.27/jersey-entity-filtering-2.27.jar:/home/user/.m2/repository/com/google/inject/extensions/guice-assistedinject/4.0/guice-assistedinject-4.0.jar:/home/user/.m2/repository/org/jooq/jooq/3.11.10/jooq-3.11.10.jar:/home/user/.m2/repository/org/jooq/jooq-meta/3.11.10/jooq-meta-3.11.10.jar:/home/user/.m2/repository/org/jooq/jooq-codegen/3.11.10/jooq-codegen-3.11.10.jar:/home/user/.m2/repository/com/jolbox/bonecp/0.8.0.RELEASE/bonecp-0.8.0.RELEASE.jar:/home/user/.m2/repository/org/xerial/sqlite-jdbc/3.25.2/sqlite-jdbc-3.25.2.jar:/home/user/.m2/repository/org/springframework/spring-jdbc/5.1.3.RELEASE/spring-jdbc-5.1.3.RELEASE.jar:/home/user/.m2/repository/org/springframework/spring-beans/5.1.3.RELEASE/spring-beans-5.1.3.RELEASE.jar:/home/user/.m2/repository/org/springframework/spring-core/5.1.3.RELEASE/spring-core-5.1.3.RELEASE.jar:/home/user/.m2/repository/org/springframework/spring-jcl/5.1.3.RELEASE/spring-jcl-5.1.3.RELEASE.jar:/home/user/.m2/repository/org/springframework/spring-tx/5.1.3.RELEASE/spring-tx-5.1.3.RELEASE.jar:/home/user/.m2/repository/org/apache/hadoop/hadoop-ozone-client/0.5.0-SNAPSHOT/hadoop-ozone-client-0.5.0-SNAPSHOT.jar:/home/user/.m2/repository/commons-lang/commons-lang/2.6/commons-lang-2.6.jar:/home/user/.m2/repository/org/apache/hadoop/hadoop-ozone-ozone-manager/0.5.0-SNAPSHOT/hadoop-ozone-ozone-manager-0.5.0-SNAPSHOT-tests.jar:/home/user/.m2/repository/junit/junit/4.11/junit-4.11.jar:/home/user/.m2/repository/org/hamcrest/hamcrest-core/1.3/hamcrest-core-1.3.jar:/home/user/.m2/repository/org/openjdk/jmh/jmh-core/1.19/jmh-core-1.19.jar:/home/user/.m2/repository/net/sf/jopt-simple/jopt-simple/4.6/jopt-simple-4.6.jar:/home/user/.m2/repository/org/apache/commons/commons-math3/3.1.1/commons-math3-3.1.1.jar:/home/user/.m2/repository/org/openjdk/jmh/jmh-generator-annprocess/1.19/jmh-generator-annprocess-1.19.jar:/home/user/.m2/repository/org/mockito/mockito-all/1.8.5/mockito-all-1.8.5.jar:/home/user/.m2/repository/org/apache/hadoop/hadoop-kms/3.2.0/hadoop-kms-3.2.0.jar:/home/user/.m2/repository/org/apache/hadoop/hadoop-auth/3.2.0/hadoop-auth-3.2.0.jar:/home/user/.m2/repository/com/nimbusds/nimbus-jose-jwt/4.41.1/nimbus-jose-jwt-4.41.1.jar:/home/user/.m2/repository/com/github/stephenc/jcip/jcip-annotations/1.0-1/jcip-annotations-1.0-1.jar:/home/user/.m2/repository/net/minidev/json-smart/2.3/json-smart-2.3.jar:/home/user/.m2/repository/net/minidev/accessors-smart/1.2/accessors-smart-1.2.jar:/home/user/.m2/repository/org/ow2/asm/asm/5.0.4/asm-5.0.4.jar:/home/user/.m2/repository/org/apache/curator/curator-framework/2.12.0/curator-framework-2.12.0.jar:/home/user/.m2/repository/com/sun/jersey/jersey-core/1.19/jersey-core-1.19.jar:/home/user/.m2/repository/javax/ws/rs/jsr311-api/1.1.1/jsr311-api-1.1.1.jar:/home/user/.m2/repository/com/sun/jersey/jersey-server/1.19/jersey-server-1.19.jar:/home/user/.m2/repository/javax/servlet/javax.servlet-api/3.1.0/javax.servlet-api-3.1.0.jar:/home/user/.m2/repository/org/eclipse/jetty/jetty-server/9.3.24.v20180605/jetty-server-9.3.24.v20180605.jar:/home/user/.m2/repository/org/eclipse/jetty/jetty-http/9.3.24.v20180605/jetty-http-9.3.24.v20180605.jar:/home/user/.m2/repository/org/eclipse/jetty/jetty-io/9.3.24.v20180605/jetty-io-9.3.24.v20180605.jar:/home/user/.m2/repository/org/eclipse/jetty/jetty-webapp/9.3.24.v20180605/jetty-webapp-9.3.24.v20180605.jar:/home/user/.m2/repository/org/eclipse/jetty/jetty-xml/9.3.24.v20180605/jetty-xml-9.3.24.v20180605.jar:/home/user/.m2/repository/log4j/log4j/1.2.17/log4j-1.2.17.jar:/home/user/.m2/repository/org/slf4j/slf4j-api/1.7.25/slf4j-api-1.7.25.jar:/home/user/.m2/repository/org/slf4j/jul-to-slf4j/1.7.25/jul-to-slf4j-1.7.25.jar:/home/user/.m2/repository/org/eclipse/jetty/jetty-util/9.3.24.v20180605/jetty-util-9.3.24.v20180605.jar:/home/user/.m2/repository/com/fasterxml/jackson/core/jackson-databind/2.9.5/jackson-databind-2.9.5.jar:/home/user/.m2/repository/org/apache/hadoop/hadoop-kms/3.2.0/hadoop-kms-3.2.0-tests.jar:/home/user/.m2/repository/org/apache/hadoop/hadoop-hdds-server-scm/0.5.0-SNAPSHOT/hadoop-hdds-server-scm-0.5.0-SNAPSHOT-tests.jar:/home/user/.m2/repository/org/apache/hadoop/hadoop-hdds-container-service/0.5.0-SNAPSHOT/hadoop-hdds-container-service-0.5.0-SNAPSHOT-tests.jar:/home/user/.m2/repository/org/yaml/snakeyaml/1.16/snakeyaml-1.16.jar:/home/user/.m2/repository/org/apache/hadoop/hadoop-common/3.2.0/hadoop-common-3.2.0-tests.jar:/home/user/.m2/repository/org/apache/hadoop/hadoop-annotations/3.2.0/hadoop-annotations-3.2.0.jar:/usr/lib/jvm/java-1.8-openjdk/jre/../lib/tools.jar:/home/user/.m2/repository/commons-cli/commons-cli/1.2/commons-cli-1.2.jar:/home/user/.m2/repository/org/apache/httpcomponents/httpclient/4.5.2/httpclient-4.5.2.jar:/home/user/.m2/repository/org/apache/httpcomponents/httpcore/4.4.4/httpcore-4.4.4.jar:/home/user/.m2/repository/commons-codec/commons-codec/1.11/commons-codec-1.11.jar:/home/user/.m2/repository/commons-net/commons-net/3.6/commons-net-3.6.jar:/home/user/.m2/repository/commons-collections/commons-collections/3.2.2/commons-collections-3.2.2.jar:/home/user/.m2/repository/org/eclipse/jetty/jetty-servlet/9.3.24.v20180605/jetty-servlet-9.3.24.v20180605.jar:/home/user/.m2/repository/org/eclipse/jetty/jetty-security/9.3.24.v20180605/jetty-security-9.3.24.v20180605.jar:/home/user/.m2/repository/javax/servlet/jsp/jsp-api/2.1/jsp-api-2.1.jar:/home/user/.m2/repository/com/sun/jersey/jersey-servlet/1.19/jersey-servlet-1.19.jar:/home/user/.m2/repository/com/sun/jersey/jersey-json/1.19/jersey-json-1.19.jar:/home/user/.m2/repository/org/codehaus/jettison/jettison/1.1/jettison-1.1.jar:/home/user/.m2/repository/org/codehaus/jackson/jackson-core-asl/1.9.13/jackson-core-asl-1.9.13.jar:/home/user/.m2/repository/org/codehaus/jackson/jackson-mapper-asl/1.9.13/jackson-mapper-asl-1.9.13.jar:/home/user/.m2/repository/org/codehaus/jackson/jackson-jaxrs/1.9.13/jackson-jaxrs-1.9.13.jar:/home/user/.m2/repository/org/codehaus/jackson/jackson-xc/1.9.13/jackson-xc-1.9.13.jar:/home/user/.m2/repository/commons-logging/commons-logging/1.1.3/commons-logging-1.1.3.jar:/home/user/.m2/repository/commons-beanutils/commons-beanutils/1.9.3/commons-beanutils-1.9.3.jar:/home/user/.m2/repository/org/apache/commons/commons-configuration2/2.1.1/commons-configuration2-2.1.1.jar:/home/user/.m2/repository/org/apache/commons/commons-lang3/3.7/commons-lang3-3.7.jar:/home/user/.m2/repository/org/apache/commons/commons-text/1.4/commons-text-1.4.jar:/home/user/.m2/repository/org/apache/avro/avro/1.7.7/avro-1.7.7.jar:/home/user/.m2/repository/com/thoughtworks/paranamer/paranamer/2.3/paranamer-2.3.jar:/home/user/.m2/repository/org/xerial/snappy/snappy-java/1.0.5/snappy-java-1.0.5.jar:/home/user/.m2/repository/com/google/re2j/re2j/1.1/re2j-1.1.jar:/home/user/.m2/repository/com/google/code/gson/gson/2.2.4/gson-2.2.4.jar:/home/user/.m2/repository/com/jcraft/jsch/0.1.54/jsch-0.1.54.jar:/home/user/.m2/repository/org/apache/curator/curator-client/2.12.0/curator-client-2.12.0.jar:/home/user/.m2/repository/org/apache/curator/curator-recipes/2.12.0/curator-recipes-2.12.0.jar:/home/user/.m2/repository/com/google/code/findbugs/jsr305/3.0.0/jsr305-3.0.0.jar:/home/user/.m2/repository/org/apache/htrace/htrace-core4/4.1.0-incubating/htrace-core4-4.1.0-incubating.jar:/home/user/.m2/repository/org/apache/zookeeper/zookeeper/3.4.13/zookeeper-3.4.13.jar:/home/user/.m2/repository/org/apache/yetus/audience-annotations/0.5.0/audience-annotations-0.5.0.jar:/home/user/.m2/repository/org/codehaus/woodstox/stax2-api/3.1.4/stax2-api-3.1.4.jar:/home/user/.m2/repository/com/fasterxml/woodstox/woodstox-core/5.0.3/woodstox-core-5.0.3.jar:/home/user/.m2/repository/dnsjava/dnsjava/2.1.7/dnsjava-2.1.7.jar:/home/user/.m2/repository/org/apache/hadoop/hadoop-hdfs/3.2.0/hadoop-hdfs-3.2.0-tests.jar:/home/user/.m2/repository/org/eclipse/jetty/jetty-util-ajax/9.3.24.v20180605/jetty-util-ajax-9.3.24.v20180605.jar:/home/user/.m2/repository/commons-daemon/commons-daemon/1.0.13/commons-daemon-1.0.13.jar:/home/user/.m2/repository/io/netty/netty/3.10.5.Final/netty-3.10.5.Final.jar:/home/user/.m2/repository/io/netty/netty-all/4.0.52.Final/netty-all-4.0.52.Final.jar:/home/user/.m2/repository/org/fusesource/leveldbjni/leveldbjni-all/1.8/leveldbjni-all-1.8.jar:"/>
    <property name="java.vm.vendor" value="IcedTea"/>
    <property name="sun.arch.data.model" value="64"/>
    <property name="test.build.dir" value="/workdir/hadoop-ozone/integration-test/target/test-dir"/>
    <property name="test.cache.data" value=""/>
    <property name="java.vendor.url" value="https://icedtea.classpath.org"/>
    <property name="user.timezone" value=""/>
    <property name="java.vm.specification.version" value="1.8"/>
    <property name="os.name" value="Linux"/>
    <property name="test.build.data" value="/workdir/hadoop-ozone/integration-test/target/test-dir"/>
    <property name="user.country" value="US"/>
    <property name="sun.java.launcher" value="SUN_STANDARD"/>
    <property name="sun.boot.library.path" value="/usr/lib/jvm/java-1.8-openjdk/jre/lib/amd64"/>
    <property name="sun.java.command" value="/workdir/hadoop-ozone/integration-test/target/surefire/surefirebooter7732127893489487470.jar /workdir/hadoop-ozone/integration-test/target/surefire 2019-08-29T12-01-32_147-jvmRun1 surefire6641368655240940260tmp surefire_172179701060170479465tmp"/>
    <property name="test" value="!TestMiniChaosOzoneCluster"/>
    <property name="surefire.test.class.path" value="/workdir/hadoop-ozone/integration-test/target/test-classes:/workdir/hadoop-ozone/integration-test/target/classes:/home/user/.m2/repository/org/apache/hadoop/hadoop-ozone-common/0.5.0-SNAPSHOT/hadoop-ozone-common-0.5.0-SNAPSHOT.jar:/home/user/.m2/repository/org/apache/commons/commons-compress/1.4.1/commons-compress-1.4.1.jar:/home/user/.m2/repository/org/tukaani/xz/1.0/xz-1.0.jar:/home/user/.m2/repository/org/apache/hadoop/hadoop-common/3.2.0/hadoop-common-3.2.0.jar:/home/user/.m2/repository/org/apache/hadoop/hadoop-hdfs/3.2.0/hadoop-hdfs-3.2.0.jar:/home/user/.m2/repository/org/apache/hadoop/hadoop-hdfs-client/3.2.0/hadoop-hdfs-client-3.2.0.jar:/home/user/.m2/repository/com/fasterxml/jackson/core/jackson-annotations/2.9.5/jackson-annotations-2.9.5.jar:/home/user/.m2/repository/org/apache/hadoop/hadoop-hdds-common/0.5.0-SNAPSHOT/hadoop-hdds-common-0.5.0-SNAPSHOT.jar:/home/user/.m2/repository/javax/annotation/javax.annotation-api/1.2/javax.annotation-api-1.2.jar:/home/user/.m2/repository/org/apache/ratis/ratis-server/0.4.0-2337318-SNAPSHOT/ratis-server-0.4.0-2337318-SNAPSHOT.jar:/home/user/.m2/repository/org/apache/ratis/ratis-thirdparty-misc/0.2.0/ratis-thirdparty-misc-0.2.0.jar:/home/user/.m2/repository/org/apache/ratis/ratis-proto/0.4.0-2337318-SNAPSHOT/ratis-proto-0.4.0-2337318-SNAPSHOT.jar:/home/user/.m2/repository/org/apache/ratis/ratis-common/0.4.0-2337318-SNAPSHOT/ratis-common-0.4.0-2337318-SNAPSHOT.jar:/home/user/.m2/repository/org/apache/ratis/ratis-client/0.4.0-2337318-SNAPSHOT/ratis-client-0.4.0-2337318-SNAPSHOT.jar:/home/user/.m2/repository/org/apache/ratis/ratis-metrics/0.4.0-2337318-SNAPSHOT/ratis-metrics-0.4.0-2337318-SNAPSHOT.jar:/home/user/.m2/repository/org/apache/ratis/ratis-netty/0.4.0-2337318-SNAPSHOT/ratis-netty-0.4.0-2337318-SNAPSHOT.jar:/home/user/.m2/repository/org/apache/ratis/ratis-grpc/0.4.0-2337318-SNAPSHOT/ratis-grpc-0.4.0-2337318-SNAPSHOT.jar:/home/user/.m2/repository/org/rocksdb/rocksdbjni/6.0.1/rocksdbjni-6.0.1.jar:/home/user/.m2/repository/org/apache/logging/log4j/log4j-api/2.11.0/log4j-api-2.11.0.jar:/home/user/.m2/repository/org/apache/logging/log4j/log4j-core/2.11.0/log4j-core-2.11.0.jar:/home/user/.m2/repository/com/lmax/disruptor/3.4.2/disruptor-3.4.2.jar:/home/user/.m2/repository/org/apache/commons/commons-pool2/2.6.0/commons-pool2-2.6.0.jar:/home/user/.m2/repository/org/bouncycastle/bcpkix-jdk15on/1.60/bcpkix-jdk15on-1.60.jar:/home/user/.m2/repository/commons-validator/commons-validator/1.6/commons-validator-1.6.jar:/home/user/.m2/repository/commons-digester/commons-digester/1.8.1/commons-digester-1.8.1.jar:/home/user/.m2/repository/io/jaegertracing/jaeger-client/0.33.1/jaeger-client-0.33.1.jar:/home/user/.m2/repository/io/jaegertracing/jaeger-thrift/0.33.1/jaeger-thrift-0.33.1.jar:/home/user/.m2/repository/org/apache/thrift/libthrift/0.11.0/libthrift-0.11.0.jar:/home/user/.m2/repository/com/squareup/okhttp3/okhttp/3.9.0/okhttp-3.9.0.jar:/home/user/.m2/repository/com/squareup/okio/okio/1.13.0/okio-1.13.0.jar:/home/user/.m2/repository/io/jaegertracing/jaeger-core/0.33.1/jaeger-core-0.33.1.jar:/home/user/.m2/repository/io/jaegertracing/jaeger-tracerresolver/0.33.1/jaeger-tracerresolver-0.33.1.jar:/home/user/.m2/repository/io/opentracing/contrib/opentracing-tracerresolver/0.1.5/opentracing-tracerresolver-0.1.5.jar:/home/user/.m2/repository/io/opentracing/opentracing-util/0.31.0/opentracing-util-0.31.0.jar:/home/user/.m2/repository/io/opentracing/opentracing-api/0.31.0/opentracing-api-0.31.0.jar:/home/user/.m2/repository/io/opentracing/opentracing-noop/0.31.0/opentracing-noop-0.31.0.jar:/home/user/.m2/repository/org/apache/hadoop/hadoop-hdds-server-framework/0.5.0-SNAPSHOT/hadoop-hdds-server-framework-0.5.0-SNAPSHOT.jar:/home/user/.m2/repository/org/apache/hadoop/hadoop-hdds-container-service/0.5.0-SNAPSHOT/hadoop-hdds-container-service-0.5.0-SNAPSHOT.jar:/home/user/.m2/repository/org/apache/hadoop/hadoop-hdds-client/0.5.0-SNAPSHOT/hadoop-hdds-client-0.5.0-SNAPSHOT.jar:/home/user/.m2/repository/org/apache/hadoop/hadoop-hdds-tools/0.5.0-SNAPSHOT/hadoop-hdds-tools-0.5.0-SNAPSHOT.jar:/home/user/.m2/repository/org/apache/hadoop/hadoop-hdds-server-scm/0.5.0-SNAPSHOT/hadoop-hdds-server-scm-0.5.0-SNAPSHOT.jar:/home/user/.m2/repository/org/apache/hadoop/hadoop-hdds-docs/0.5.0-SNAPSHOT/hadoop-hdds-docs-0.5.0-SNAPSHOT.jar:/home/user/.m2/repository/io/dropwizard/metrics/metrics-core/3.2.4/metrics-core-3.2.4.jar:/home/user/.m2/repository/org/hamcrest/hamcrest-all/1.3/hamcrest-all-1.3.jar:/home/user/.m2/repository/org/bouncycastle/bcprov-jdk15on/1.60/bcprov-jdk15on-1.60.jar:/home/user/.m2/repository/info/picocli/picocli/3.9.6/picocli-3.9.6.jar:/home/user/.m2/repository/com/google/protobuf/protobuf-java/2.5.0/protobuf-java-2.5.0.jar:/home/user/.m2/repository/com/google/guava/guava/11.0.2/guava-11.0.2.jar:/home/user/.m2/repository/org/apache/hadoop/hadoop-ozone-ozone-manager/0.5.0-SNAPSHOT/hadoop-ozone-ozone-manager-0.5.0-SNAPSHOT.jar:/home/user/.m2/repository/org/apache/hadoop/hadoop-minikdc/3.2.0/hadoop-minikdc-3.2.0.jar:/home/user/.m2/repository/commons-io/commons-io/2.5/commons-io-2.5.jar:/home/user/.m2/repository/org/apache/kerby/kerb-simplekdc/1.0.1/kerb-simplekdc-1.0.1.jar:/home/user/.m2/repository/org/apache/kerby/kerb-client/1.0.1/kerb-client-1.0.1.jar:/home/user/.m2/repository/org/apache/kerby/kerby-config/1.0.1/kerby-config-1.0.1.jar:/home/user/.m2/repository/org/apache/kerby/kerb-core/1.0.1/kerb-core-1.0.1.jar:/home/user/.m2/repository/org/apache/kerby/kerby-pkix/1.0.1/kerby-pkix-1.0.1.jar:/home/user/.m2/repository/org/apache/kerby/kerby-asn1/1.0.1/kerby-asn1-1.0.1.jar:/home/user/.m2/repository/org/apache/kerby/kerby-util/1.0.1/kerby-util-1.0.1.jar:/home/user/.m2/repository/org/apache/kerby/kerb-common/1.0.1/kerb-common-1.0.1.jar:/home/user/.m2/repository/org/apache/kerby/kerb-crypto/1.0.1/kerb-crypto-1.0.1.jar:/home/user/.m2/repository/org/apache/kerby/kerb-util/1.0.1/kerb-util-1.0.1.jar:/home/user/.m2/repository/org/apache/kerby/token-provider/1.0.1/token-provider-1.0.1.jar:/home/user/.m2/repository/org/apache/kerby/kerb-admin/1.0.1/kerb-admin-1.0.1.jar:/home/user/.m2/repository/org/apache/kerby/kerb-server/1.0.1/kerb-server-1.0.1.jar:/home/user/.m2/repository/org/apache/kerby/kerb-identity/1.0.1/kerb-identity-1.0.1.jar:/home/user/.m2/repository/org/apache/kerby/kerby-xdr/1.0.1/kerby-xdr-1.0.1.jar:/home/user/.m2/repository/org/slf4j/slf4j-log4j12/1.7.25/slf4j-log4j12-1.7.25.jar:/home/user/.m2/repository/org/apache/hadoop/hadoop-ozone-s3gateway/0.5.0-SNAPSHOT/hadoop-ozone-s3gateway-0.5.0-SNAPSHOT.jar:/home/user/.m2/repository/org/jboss/weld/servlet/weld-servlet/2.4.7.Final/weld-servlet-2.4.7.Final.jar:/home/user/.m2/repository/org/glassfish/jersey/containers/jersey-container-servlet-core/2.27/jersey-container-servlet-core-2.27.jar:/home/user/.m2/repository/org/glassfish/hk2/external/javax.inject/2.5.0-b42/javax.inject-2.5.0-b42.jar:/home/user/.m2/repository/org/glassfish/jersey/core/jersey-common/2.27/jersey-common-2.27.jar:/home/user/.m2/repository/org/glassfish/hk2/osgi-resource-locator/1.0.1/osgi-resource-locator-1.0.1.jar:/home/user/.m2/repository/javax/ws/rs/javax.ws.rs-api/2.1/javax.ws.rs-api-2.1.jar:/home/user/.m2/repository/org/glassfish/jersey/ext/cdi/jersey-cdi1x/2.27/jersey-cdi1x-2.27.jar:/home/user/.m2/repository/org/glassfish/jersey/inject/jersey-hk2/2.27/jersey-hk2-2.27.jar:/home/user/.m2/repository/org/glassfish/hk2/hk2-locator/2.5.0-b42/hk2-locator-2.5.0-b42.jar:/home/user/.m2/repository/org/javassist/javassist/3.22.0-CR2/javassist-3.22.0-CR2.jar:/home/user/.m2/repository/org/glassfish/hk2/hk2-api/2.5.0/hk2-api-2.5.0.jar:/home/user/.m2/repository/org/glassfish/hk2/external/jakarta.inject/2.5.0/jakarta.inject-2.5.0.jar:/home/user/.m2/repository/org/glassfish/hk2/hk2-utils/2.5.0/hk2-utils-2.5.0.jar:/home/user/.m2/repository/jakarta/annotation/jakarta.annotation-api/1.3.4/jakarta.annotation-api-1.3.4.jar:/home/user/.m2/repository/org/glassfish/hk2/external/aopalliance-repackaged/2.5.0/aopalliance-repackaged-2.5.0.jar:/home/user/.m2/repository/com/fasterxml/jackson/dataformat/jackson-dataformat-xml/2.9.0/jackson-dataformat-xml-2.9.0.jar:/home/user/.m2/repository/com/fasterxml/jackson/core/jackson-core/2.9.5/jackson-core-2.9.5.jar:/home/user/.m2/repository/com/fasterxml/jackson/module/jackson-module-jaxb-annotations/2.9.5/jackson-module-jaxb-annotations-2.9.5.jar:/home/user/.m2/repository/javax/enterprise/cdi-api/1.2/cdi-api-1.2.jar:/home/user/.m2/repository/javax/el/javax.el-api/3.0.0/javax.el-api-3.0.0.jar:/home/user/.m2/repository/javax/interceptor/javax.interceptor-api/1.2/javax.interceptor-api-1.2.jar:/home/user/.m2/repository/javax/inject/javax.inject/1/javax.inject-1.jar:/home/user/.m2/repository/com/sun/xml/bind/jaxb-impl/2.3.0.1/jaxb-impl-2.3.0.1.jar:/home/user/.m2/repository/com/sun/xml/bind/jaxb-core/2.3.0.1/jaxb-core-2.3.0.1.jar:/home/user/.m2/repository/javax/xml/bind/jaxb-api/2.3.0/jaxb-api-2.3.0.jar:/home/user/.m2/repository/javax/activation/activation/1.1.1/activation-1.1.1.jar:/home/user/.m2/repository/org/apache/hadoop/hadoop-ozone-csi/0.5.0-SNAPSHOT/hadoop-ozone-csi-0.5.0-SNAPSHOT.jar:/home/user/.m2/repository/com/google/protobuf/protobuf-java-util/3.5.1/protobuf-java-util-3.5.1.jar:/home/user/.m2/repository/org/apache/hadoop/hadoop-hdds-config/0.5.0-SNAPSHOT/hadoop-hdds-config-0.5.0-SNAPSHOT.jar:/home/user/.m2/repository/io/grpc/grpc-netty/1.17.1/grpc-netty-1.17.1.jar:/home/user/.m2/repository/io/grpc/grpc-core/1.17.1/grpc-core-1.17.1.jar:/home/user/.m2/repository/io/grpc/grpc-context/1.17.1/grpc-context-1.17.1.jar:/home/user/.m2/repository/com/google/errorprone/error_prone_annotations/2.2.0/error_prone_annotations-2.2.0.jar:/home/user/.m2/repository/org/codehaus/mojo/animal-sniffer-annotations/1.17/animal-sniffer-annotations-1.17.jar:/home/user/.m2/repository/io/opencensus/opencensus-api/0.17.0/opencensus-api-0.17.0.jar:/home/user/.m2/repository/io/opencensus/opencensus-contrib-grpc-metrics/0.17.0/opencensus-contrib-grpc-metrics-0.17.0.jar:/home/user/.m2/repository/io/netty/netty-codec-http2/4.1.30.Final/netty-codec-http2-4.1.30.Final.jar:/home/user/.m2/repository/io/netty/netty-codec-http/4.1.30.Final/netty-codec-http-4.1.30.Final.jar:/home/user/.m2/repository/io/netty/netty-codec/4.1.30.Final/netty-codec-4.1.30.Final.jar:/home/user/.m2/repository/io/netty/netty-handler/4.1.30.Final/netty-handler-4.1.30.Final.jar:/home/user/.m2/repository/io/netty/netty-handler-proxy/4.1.30.Final/netty-handler-proxy-4.1.30.Final.jar:/home/user/.m2/repository/io/netty/netty-codec-socks/4.1.30.Final/netty-codec-socks-4.1.30.Final.jar:/home/user/.m2/repository/io/netty/netty-transport-native-epoll/4.1.30.Final/netty-transport-native-epoll-4.1.30.Final.jar:/home/user/.m2/repository/io/netty/netty-common/4.1.30.Final/netty-common-4.1.30.Final.jar:/home/user/.m2/repository/io/netty/netty-buffer/4.1.30.Final/netty-buffer-4.1.30.Final.jar:/home/user/.m2/repository/io/netty/netty-transport/4.1.30.Final/netty-transport-4.1.30.Final.jar:/home/user/.m2/repository/io/netty/netty-resolver/4.1.30.Final/netty-resolver-4.1.30.Final.jar:/home/user/.m2/repository/io/netty/netty-transport-native-unix-common/4.1.30.Final/netty-transport-native-unix-common-4.1.30.Final.jar:/home/user/.m2/repository/io/grpc/grpc-protobuf/1.17.1/grpc-protobuf-1.17.1.jar:/home/user/.m2/repository/com/google/api/grpc/proto-google-common-protos/1.0.0/proto-google-common-protos-1.0.0.jar:/home/user/.m2/repository/io/grpc/grpc-protobuf-lite/1.17.1/grpc-protobuf-lite-1.17.1.jar:/home/user/.m2/repository/io/grpc/grpc-stub/1.17.1/grpc-stub-1.17.1.jar:/home/user/.m2/repository/org/apache/hadoop/hadoop-ozone-recon/0.5.0-SNAPSHOT/hadoop-ozone-recon-0.5.0-SNAPSHOT.jar:/home/user/.m2/repository/org/apache/hadoop/hadoop-ozone-reconcodegen/0.5.0-SNAPSHOT/hadoop-ozone-reconcodegen-0.5.0-SNAPSHOT.jar:/home/user/.m2/repository/com/google/inject/extensions/guice-multibindings/4.0/guice-multibindings-4.0.jar:/home/user/.m2/repository/com/google/inject/guice/4.0/guice-4.0.jar:/home/user/.m2/repository/aopalliance/aopalliance/1.0/aopalliance-1.0.jar:/home/user/.m2/repository/com/google/inject/extensions/guice-servlet/4.0/guice-servlet-4.0.jar:/home/user/.m2/repository/org/glassfish/jersey/containers/jersey-container-servlet/2.27/jersey-container-servlet-2.27.jar:/home/user/.m2/repository/org/glassfish/hk2/guice-bridge/2.5.0/guice-bridge-2.5.0.jar:/home/user/.m2/repository/org/glassfish/jersey/core/jersey-server/2.27/jersey-server-2.27.jar:/home/user/.m2/repository/org/glassfish/jersey/core/jersey-client/2.27/jersey-client-2.27.jar:/home/user/.m2/repository/org/glassfish/jersey/media/jersey-media-jaxb/2.27/jersey-media-jaxb-2.27.jar:/home/user/.m2/repository/javax/validation/validation-api/1.1.0.Final/validation-api-1.1.0.Final.jar:/home/user/.m2/repository/org/glassfish/jersey/media/jersey-media-json-jackson/2.27/jersey-media-json-jackson-2.27.jar:/home/user/.m2/repository/org/glassfish/jersey/ext/jersey-entity-filtering/2.27/jersey-entity-filtering-2.27.jar:/home/user/.m2/repository/com/google/inject/extensions/guice-assistedinject/4.0/guice-assistedinject-4.0.jar:/home/user/.m2/repository/org/jooq/jooq/3.11.10/jooq-3.11.10.jar:/home/user/.m2/repository/org/jooq/jooq-meta/3.11.10/jooq-meta-3.11.10.jar:/home/user/.m2/repository/org/jooq/jooq-codegen/3.11.10/jooq-codegen-3.11.10.jar:/home/user/.m2/repository/com/jolbox/bonecp/0.8.0.RELEASE/bonecp-0.8.0.RELEASE.jar:/home/user/.m2/repository/org/xerial/sqlite-jdbc/3.25.2/sqlite-jdbc-3.25.2.jar:/home/user/.m2/repository/org/springframework/spring-jdbc/5.1.3.RELEASE/spring-jdbc-5.1.3.RELEASE.jar:/home/user/.m2/repository/org/springframework/spring-beans/5.1.3.RELEASE/spring-beans-5.1.3.RELEASE.jar:/home/user/.m2/repository/org/springframework/spring-core/5.1.3.RELEASE/spring-core-5.1.3.RELEASE.jar:/home/user/.m2/repository/org/springframework/spring-jcl/5.1.3.RELEASE/spring-jcl-5.1.3.RELEASE.jar:/home/user/.m2/repository/org/springframework/spring-tx/5.1.3.RELEASE/spring-tx-5.1.3.RELEASE.jar:/home/user/.m2/repository/org/apache/hadoop/hadoop-ozone-client/0.5.0-SNAPSHOT/hadoop-ozone-client-0.5.0-SNAPSHOT.jar:/home/user/.m2/repository/commons-lang/commons-lang/2.6/commons-lang-2.6.jar:/home/user/.m2/repository/org/apache/hadoop/hadoop-ozone-ozone-manager/0.5.0-SNAPSHOT/hadoop-ozone-ozone-manager-0.5.0-SNAPSHOT-tests.jar:/home/user/.m2/repository/junit/junit/4.11/junit-4.11.jar:/home/user/.m2/repository/org/hamcrest/hamcrest-core/1.3/hamcrest-core-1.3.jar:/home/user/.m2/repository/org/openjdk/jmh/jmh-core/1.19/jmh-core-1.19.jar:/home/user/.m2/repository/net/sf/jopt-simple/jopt-simple/4.6/jopt-simple-4.6.jar:/home/user/.m2/repository/org/apache/commons/commons-math3/3.1.1/commons-math3-3.1.1.jar:/home/user/.m2/repository/org/openjdk/jmh/jmh-generator-annprocess/1.19/jmh-generator-annprocess-1.19.jar:/home/user/.m2/repository/org/mockito/mockito-all/1.8.5/mockito-all-1.8.5.jar:/home/user/.m2/repository/org/apache/hadoop/hadoop-kms/3.2.0/hadoop-kms-3.2.0.jar:/home/user/.m2/repository/org/apache/hadoop/hadoop-auth/3.2.0/hadoop-auth-3.2.0.jar:/home/user/.m2/repository/com/nimbusds/nimbus-jose-jwt/4.41.1/nimbus-jose-jwt-4.41.1.jar:/home/user/.m2/repository/com/github/stephenc/jcip/jcip-annotations/1.0-1/jcip-annotations-1.0-1.jar:/home/user/.m2/repository/net/minidev/json-smart/2.3/json-smart-2.3.jar:/home/user/.m2/repository/net/minidev/accessors-smart/1.2/accessors-smart-1.2.jar:/home/user/.m2/repository/org/ow2/asm/asm/5.0.4/asm-5.0.4.jar:/home/user/.m2/repository/org/apache/curator/curator-framework/2.12.0/curator-framework-2.12.0.jar:/home/user/.m2/repository/com/sun/jersey/jersey-core/1.19/jersey-core-1.19.jar:/home/user/.m2/repository/javax/ws/rs/jsr311-api/1.1.1/jsr311-api-1.1.1.jar:/home/user/.m2/repository/com/sun/jersey/jersey-server/1.19/jersey-server-1.19.jar:/home/user/.m2/repository/javax/servlet/javax.servlet-api/3.1.0/javax.servlet-api-3.1.0.jar:/home/user/.m2/repository/org/eclipse/jetty/jetty-server/9.3.24.v20180605/jetty-server-9.3.24.v20180605.jar:/home/user/.m2/repository/org/eclipse/jetty/jetty-http/9.3.24.v20180605/jetty-http-9.3.24.v20180605.jar:/home/user/.m2/repository/org/eclipse/jetty/jetty-io/9.3.24.v20180605/jetty-io-9.3.24.v20180605.jar:/home/user/.m2/repository/org/eclipse/jetty/jetty-webapp/9.3.24.v20180605/jetty-webapp-9.3.24.v20180605.jar:/home/user/.m2/repository/org/eclipse/jetty/jetty-xml/9.3.24.v20180605/jetty-xml-9.3.24.v20180605.jar:/home/user/.m2/repository/log4j/log4j/1.2.17/log4j-1.2.17.jar:/home/user/.m2/repository/org/slf4j/slf4j-api/1.7.25/slf4j-api-1.7.25.jar:/home/user/.m2/repository/org/slf4j/jul-to-slf4j/1.7.25/jul-to-slf4j-1.7.25.jar:/home/user/.m2/repository/org/eclipse/jetty/jetty-util/9.3.24.v20180605/jetty-util-9.3.24.v20180605.jar:/home/user/.m2/repository/com/fasterxml/jackson/core/jackson-databind/2.9.5/jackson-databind-2.9.5.jar:/home/user/.m2/repository/org/apache/hadoop/hadoop-kms/3.2.0/hadoop-kms-3.2.0-tests.jar:/home/user/.m2/repository/org/apache/hadoop/hadoop-hdds-server-scm/0.5.0-SNAPSHOT/hadoop-hdds-server-scm-0.5.0-SNAPSHOT-tests.jar:/home/user/.m2/repository/org/apache/hadoop/hadoop-hdds-container-service/0.5.0-SNAPSHOT/hadoop-hdds-container-service-0.5.0-SNAPSHOT-tests.jar:/home/user/.m2/repository/org/yaml/snakeyaml/1.16/snakeyaml-1.16.jar:/home/user/.m2/repository/org/apache/hadoop/hadoop-common/3.2.0/hadoop-common-3.2.0-tests.jar:/home/user/.m2/repository/org/apache/hadoop/hadoop-annotations/3.2.0/hadoop-annotations-3.2.0.jar:/usr/lib/jvm/java-1.8-openjdk/jre/../lib/tools.jar:/home/user/.m2/repository/commons-cli/commons-cli/1.2/commons-cli-1.2.jar:/home/user/.m2/repository/org/apache/httpcomponents/httpclient/4.5.2/httpclient-4.5.2.jar:/home/user/.m2/repository/org/apache/httpcomponents/httpcore/4.4.4/httpcore-4.4.4.jar:/home/user/.m2/repository/commons-codec/commons-codec/1.11/commons-codec-1.11.jar:/home/user/.m2/repository/commons-net/commons-net/3.6/commons-net-3.6.jar:/home/user/.m2/repository/commons-collections/commons-collections/3.2.2/commons-collections-3.2.2.jar:/home/user/.m2/repository/org/eclipse/jetty/jetty-servlet/9.3.24.v20180605/jetty-servlet-9.3.24.v20180605.jar:/home/user/.m2/repository/org/eclipse/jetty/jetty-security/9.3.24.v20180605/jetty-security-9.3.24.v20180605.jar:/home/user/.m2/repository/javax/servlet/jsp/jsp-api/2.1/jsp-api-2.1.jar:/home/user/.m2/repository/com/sun/jersey/jersey-servlet/1.19/jersey-servlet-1.19.jar:/home/user/.m2/repository/com/sun/jersey/jersey-json/1.19/jersey-json-1.19.jar:/home/user/.m2/repository/org/codehaus/jettison/jettison/1.1/jettison-1.1.jar:/home/user/.m2/repository/org/codehaus/jackson/jackson-core-asl/1.9.13/jackson-core-asl-1.9.13.jar:/home/user/.m2/repository/org/codehaus/jackson/jackson-mapper-asl/1.9.13/jackson-mapper-asl-1.9.13.jar:/home/user/.m2/repository/org/codehaus/jackson/jackson-jaxrs/1.9.13/jackson-jaxrs-1.9.13.jar:/home/user/.m2/repository/org/codehaus/jackson/jackson-xc/1.9.13/jackson-xc-1.9.13.jar:/home/user/.m2/repository/commons-logging/commons-logging/1.1.3/commons-logging-1.1.3.jar:/home/user/.m2/repository/commons-beanutils/commons-beanutils/1.9.3/commons-beanutils-1.9.3.jar:/home/user/.m2/repository/org/apache/commons/commons-configuration2/2.1.1/commons-configuration2-2.1.1.jar:/home/user/.m2/repository/org/apache/commons/commons-lang3/3.7/commons-lang3-3.7.jar:/home/user/.m2/repository/org/apache/commons/commons-text/1.4/commons-text-1.4.jar:/home/user/.m2/repository/org/apache/avro/avro/1.7.7/avro-1.7.7.jar:/home/user/.m2/repository/com/thoughtworks/paranamer/paranamer/2.3/paranamer-2.3.jar:/home/user/.m2/repository/org/xerial/snappy/snappy-java/1.0.5/snappy-java-1.0.5.jar:/home/user/.m2/repository/com/google/re2j/re2j/1.1/re2j-1.1.jar:/home/user/.m2/repository/com/google/code/gson/gson/2.2.4/gson-2.2.4.jar:/home/user/.m2/repository/com/jcraft/jsch/0.1.54/jsch-0.1.54.jar:/home/user/.m2/repository/org/apache/curator/curator-client/2.12.0/curator-client-2.12.0.jar:/home/user/.m2/repository/org/apache/curator/curator-recipes/2.12.0/curator-recipes-2.12.0.jar:/home/user/.m2/repository/com/google/code/findbugs/jsr305/3.0.0/jsr305-3.0.0.jar:/home/user/.m2/repository/org/apache/htrace/htrace-core4/4.1.0-incubating/htrace-core4-4.1.0-incubating.jar:/home/user/.m2/repository/org/apache/zookeeper/zookeeper/3.4.13/zookeeper-3.4.13.jar:/home/user/.m2/repository/org/apache/yetus/audience-annotations/0.5.0/audience-annotations-0.5.0.jar:/home/user/.m2/repository/org/codehaus/woodstox/stax2-api/3.1.4/stax2-api-3.1.4.jar:/home/user/.m2/repository/com/fasterxml/woodstox/woodstox-core/5.0.3/woodstox-core-5.0.3.jar:/home/user/.m2/repository/dnsjava/dnsjava/2.1.7/dnsjava-2.1.7.jar:/home/user/.m2/repository/org/apache/hadoop/hadoop-hdfs/3.2.0/hadoop-hdfs-3.2.0-tests.jar:/home/user/.m2/repository/org/eclipse/jetty/jetty-util-ajax/9.3.24.v20180605/jetty-util-ajax-9.3.24.v20180605.jar:/home/user/.m2/repository/commons-daemon/commons-daemon/1.0.13/commons-daemon-1.0.13.jar:/home/user/.m2/repository/io/netty/netty/3.10.5.Final/netty-3.10.5.Final.jar:/home/user/.m2/repository/io/netty/netty-all/4.0.52.Final/netty-all-4.0.52.Final.jar:/home/user/.m2/repository/org/fusesource/leveldbjni/leveldbjni-all/1.8/leveldbjni-all-1.8.jar:"/>
    <property name="sun.cpu.endian" value="little"/>
    <property name="user.home" value="/home/user"/>
    <property name="user.language" value="en"/>
    <property name="java.specification.vendor" value="Oracle Corporation"/>
    <property name="java.home" value="/usr/lib/jvm/java-1.8-openjdk/jre"/>
    <property name="java.security.krb5.conf" value="/workdir/hadoop-ozone/integration-test/target/test-classes/krb5.conf"/>
    <property name="basedir" value="/workdir/hadoop-ozone/integration-test"/>
    <property name="file.separator" value="/"/>
    <property name="line.separator" value="&#10;"/>
    <property name="java.vm.specification.vendor" value="Oracle Corporation"/>
    <property name="java.specification.name" value="Java Platform API Specification"/>
    <property name="java.awt.graphicsenv" value="sun.awt.X11GraphicsEnvironment"/>
    <property name="surefire.real.class.path" value="/workdir/hadoop-ozone/integration-test/target/surefire/surefirebooter7732127893489487470.jar"/>
    <property name="hadoop.log.dir" value="/workdir/hadoop-ozone/integration-test/target/log"/>
    <property name="sun.boot.class.path" value="/usr/lib/jvm/java-1.8-openjdk/jre/lib/resources.jar:/usr/lib/jvm/java-1.8-openjdk/jre/lib/rt.jar:/usr/lib/jvm/java-1.8-openjdk/jre/lib/sunrsasign.jar:/usr/lib/jvm/java-1.8-openjdk/jre/lib/jsse.jar:/usr/lib/jvm/java-1.8-openjdk/jre/lib/jce.jar:/usr/lib/jvm/java-1.8-openjdk/jre/lib/charsets.jar:/usr/lib/jvm/java-1.8-openjdk/jre/lib/jfr.jar:/usr/lib/jvm/java-1.8-openjdk/jre/classes"/>
    <property name="sun.management.compiler" value="HotSpot 64-Bit Tiered Compilers"/>
    <property name="java.runtime.version" value="1.8.0_212-b04"/>
    <property name="java.net.preferIPv4Stack" value="true"/>
    <property name="user.name" value="jenkins1000"/>
    <property name="path.separator" value=":"/>
    <property name="java.security.egd" value="file:///dev/urandom"/>
    <property name="os.version" value="3.10.0-957.12.2.el7.x86_64"/>
    <property name="java.endorsed.dirs" value="/usr/lib/jvm/java-1.8-openjdk/jre/lib/endorsed"/>
    <property name="java.runtime.name" value="OpenJDK Runtime Environment"/>
    <property name="file.encoding" value="UTF-8"/>
    <property name="java.vm.name" value="OpenJDK 64-Bit Server VM"/>
    <property name="test.build.webapps" value=""/>
    <property name="localRepository" value="/home/user/.m2/repository"/>
    <property name="java.vendor.url.bug" value="https://icedtea.classpath.org/bugzilla"/>
    <property name="java.io.tmpdir" value="/tmp"/>
    <property name="require.test.libhadoop" value=""/>
    <property name="java.version" value="1.8.0_212"/>
    <property name="user.dir" value="/workdir/hadoop-ozone/integration-test"/>
    <property name="os.arch" value="amd64"/>
    <property name="java.vm.specification.name" value="Java Virtual Machine Specification"/>
    <property name="test.build.classes" value="/workdir/hadoop-ozone/integration-test/target/test-classes"/>
    <property name="java.awt.printerjob" value="sun.print.PSPrinterJob"/>
    <property name="sun.os.patch.level" value="unknown"/>
    <property name="hadoop.tmp.dir" value="/workdir/hadoop-ozone/integration-test/target/tmp"/>
    <property name="java.library.path" value="/usr/lib/jvm/java-1.8-openjdk/jre/lib/amd64/server:/usr/lib/jvm/java-1.8-openjdk/jre/lib/amd64:/usr/lib/jvm/java-1.8-openjdk/jre/../lib/amd64:/workdir/hadoop-ozone/integration-test/target/native/target/usr/local/lib:/workdir/hadoop-ozone/integration-test/../../hadoop-common-project/hadoop-common/target/native/target/usr/local/lib:/usr/java/packages/lib/amd64:/usr/lib64:/lib64:/lib:/usr/lib"/>
    <property name="java.vm.info" value="mixed mode"/>
    <property name="java.vendor" value="IcedTea"/>
    <property name="java.vm.version" value="25.212-b04"/>
    <property name="java.ext.dirs" value="/usr/lib/jvm/java-1.8-openjdk/jre/lib/ext:/usr/java/packages/lib/ext"/>
    <property name="sun.io.unicode.encoding" value="UnicodeLittle"/>
    <property name="java.class.version" value="52.0"/>
  </properties>
  <testcase name="testPutKeyAndGetKeyThreeNodes" classname="org.apache.hadoop.ozone.client.rpc.TestReadRetries" time="14.622">
    <error message="Allocated 0 blocks. Requested 1 blocks" type="INTERNAL_ERROR org.apache.hadoop.ozone.om.exceptions.OMException">INTERNAL_ERROR org.apache.hadoop.ozone.om.exceptions.OMException: Allocated 0 blocks. Requested 1 blocks
	at org.apache.hadoop.ozone.om.protocolPB.OzoneManagerProtocolClientSideTranslatorPB.handleError(OzoneManagerProtocolClientSideTranslatorPB.java:730)
	at org.apache.hadoop.ozone.om.protocolPB.OzoneManagerProtocolClientSideTranslatorPB.openKey(OzoneManagerProtocolClientSideTranslatorPB.java:721)
	at org.apache.hadoop.ozone.client.rpc.RpcClient.createKey(RpcClient.java:616)
	at org.apache.hadoop.ozone.client.OzoneBucket.createKey(OzoneBucket.java:325)
	at org.apache.hadoop.ozone.client.rpc.TestReadRetries.testPutKeyAndGetKeyThreeNodes(TestReadRetries.java:137)
	at sun.reflect.NativeMethodAccessorImpl.invoke0(Native Method)
	at sun.reflect.NativeMethodAccessorImpl.invoke(NativeMethodAccessorImpl.java:62)
	at sun.reflect.DelegatingMethodAccessorImpl.invoke(DelegatingMethodAccessorImpl.java:43)
	at java.lang.reflect.Method.invoke(Method.java:498)
	at org.junit.runners.model.FrameworkMethod$1.runReflectiveCall(FrameworkMethod.java:47)
	at org.junit.internal.runners.model.ReflectiveCallable.run(ReflectiveCallable.java:12)
	at org.junit.runners.model.FrameworkMethod.invokeExplosively(FrameworkMethod.java:44)
	at org.junit.internal.runners.statements.InvokeMethod.evaluate(InvokeMethod.java:17)
	at org.junit.rules.ExpectedException$ExpectedExceptionStatement.evaluate(ExpectedException.java:168)
	at org.junit.rules.RunRules.evaluate(RunRules.java:20)
	at org.junit.runners.ParentRunner.runLeaf(ParentRunner.java:271)
	at org.junit.runners.BlockJUnit4ClassRunner.runChild(BlockJUnit4ClassRunner.java:70)
	at org.junit.runners.BlockJUnit4ClassRunner.runChild(BlockJUnit4ClassRunner.java:50)
	at org.junit.runners.ParentRunner$3.run(ParentRunner.java:238)
	at org.junit.runners.ParentRunner$1.schedule(ParentRunner.java:63)
	at org.junit.runners.ParentRunner.runChildren(ParentRunner.java:236)
	at org.junit.runners.ParentRunner.access$000(ParentRunner.java:53)
	at org.junit.runners.ParentRunner$2.evaluate(ParentRunner.java:229)
	at org.junit.internal.runners.statements.RunBefores.evaluate(RunBefores.java:26)
	at org.junit.internal.runners.statements.RunAfters.evaluate(RunAfters.java:27)
	at org.junit.runners.ParentRunner.run(ParentRunner.java:309)
	at org.apache.maven.surefire.junit4.JUnit4Provider.execute(JUnit4Provider.java:365)
	at org.apache.maven.surefire.junit4.JUnit4Provider.executeWithRerun(JUnit4Provider.java:273)
	at org.apache.maven.surefire.junit4.JUnit4Provider.executeTestSet(JUnit4Provider.java:238)
	at org.apache.maven.surefire.junit4.JUnit4Provider.invoke(JUnit4Provider.java:159)
	at org.apache.maven.surefire.booter.ForkedBooter.invokeProviderInSameClassLoader(ForkedBooter.java:384)
	at org.apache.maven.surefire.booter.ForkedBooter.runSuitesInProcess(ForkedBooter.java:345)
	at org.apache.maven.surefire.booter.ForkedBooter.execute(ForkedBooter.java:126)
	at org.apache.maven.surefire.booter.ForkedBooter.main(ForkedBooter.java:418)
</error>
    <system-out><![CDATA[2019-08-29 12:13:05,539 [main] WARN  server.ServerUtils (ServerUtils.java:getScmDbDir(145)) - ozone.scm.db.dirs is not configured. We recommend adding this setting. Falling back to ozone.metadata.dirs instead.
2019-08-29 12:13:05,650 [main] WARN  server.ServerUtils (ServerUtils.java:getScmDbDir(145)) - ozone.scm.db.dirs is not configured. We recommend adding this setting. Falling back to ozone.metadata.dirs instead.
2019-08-29 12:13:05,653 [main] WARN  server.ServerUtils (ServerUtils.java:getScmDbDir(145)) - ozone.scm.db.dirs is not configured. We recommend adding this setting. Falling back to ozone.metadata.dirs instead.
2019-08-29 12:13:05,672 [main] INFO  util.log (Log.java:initialized(192)) - Logging initialized @925ms
2019-08-29 12:13:05,820 [main] INFO  db.DBStoreBuilder (DBStoreBuilder.java:addTable(110)) - using custom profile for table: deletedBlocks
2019-08-29 12:13:05,821 [main] INFO  db.DBStoreBuilder (DBStoreBuilder.java:processTables(161)) - Using default column profile:DBProfile.DISK for Table:deletedBlocks
2019-08-29 12:13:05,821 [main] INFO  db.DBStoreBuilder (DBStoreBuilder.java:addTable(110)) - using custom profile for table: validCerts
2019-08-29 12:13:05,822 [main] INFO  db.DBStoreBuilder (DBStoreBuilder.java:processTables(161)) - Using default column profile:DBProfile.DISK for Table:validCerts
2019-08-29 12:13:05,822 [main] INFO  db.DBStoreBuilder (DBStoreBuilder.java:addTable(110)) - using custom profile for table: revokedCerts
2019-08-29 12:13:05,822 [main] INFO  db.DBStoreBuilder (DBStoreBuilder.java:processTables(161)) - Using default column profile:DBProfile.DISK for Table:revokedCerts
2019-08-29 12:13:05,838 [main] INFO  db.DBStoreBuilder (DBStoreBuilder.java:addTable(110)) - using custom profile for table: default
2019-08-29 12:13:05,838 [main] INFO  db.DBStoreBuilder (DBStoreBuilder.java:processTables(167)) - Using default column profile:DBProfile.DISK for Table:default
2019-08-29 12:13:05,840 [main] INFO  db.DBStoreBuilder (DBStoreBuilder.java:getDbProfile(198)) - Using default options. DBProfile.DISK
2019-08-29 12:13:06,064 [main] INFO  net.NodeSchemaLoader (NodeSchemaLoader.java:loadSchemaFromFile(125)) - Loading file from sun.misc.CompoundEnumeration@441772e
2019-08-29 12:13:06,067 [main] INFO  net.NodeSchemaLoader (NodeSchemaLoader.java:loadSchema(171)) - Loading network topology layer schema file
2019-08-29 12:13:06,153 [main] WARN  server.ServerUtils (ServerUtils.java:sanitizeUserArgs(70)) - ozone.scm.stale.node.interval value = 300000 is larger than max = 100000 based on the key value of ozone.scm.heartbeat.thread.interval, reset to the max value 100000.
2019-08-29 12:13:06,157 [main] WARN  server.ServerUtils (ServerUtils.java:sanitizeUserArgs(70)) - ozone.scm.stale.node.interval value = 300000 is larger than max = 100000 based on the key value of ozone.scm.heartbeat.thread.interval, reset to the max value 100000.
2019-08-29 12:13:06,160 [main] INFO  node.SCMNodeManager (SCMNodeManager.java:<init>(121)) - Entering startup safe mode.
2019-08-29 12:13:06,256 [main] INFO  algorithms.ContainerPlacementPolicyFactory (ContainerPlacementPolicyFactory.java:getPolicy(55)) - Create container placement policy of type org.apache.hadoop.hdds.scm.container.placement.algorithms.SCMContainerPlacementRandom
2019-08-29 12:13:06,271 [main] WARN  server.ServerUtils (ServerUtils.java:getScmDbDir(145)) - ozone.scm.db.dirs is not configured. We recommend adding this setting. Falling back to ozone.metadata.dirs instead.
2019-08-29 12:13:06,481 [main] INFO  pipeline.SCMPipelineManager (SCMPipelineManager.java:initializePipelineState(126)) - No pipeline exists in current db
2019-08-29 12:13:06,485 [main] WARN  server.ServerUtils (ServerUtils.java:getScmDbDir(145)) - ozone.scm.db.dirs is not configured. We recommend adding this setting. Falling back to ozone.metadata.dirs instead.
2019-08-29 12:13:06,608 [main] WARN  events.EventQueue (EventQueue.java:fireEvent(175)) - No event handler registered for event TypedEvent{payloadType=SafeModeStatus, name='SafeModeStatus'}
2019-08-29 12:13:07,407 [main] INFO  ipc.CallQueueManager (CallQueueManager.java:<init>(84)) - Using callQueue: class java.util.concurrent.LinkedBlockingQueue, queueCapacity: 2000, scheduler: class org.apache.hadoop.ipc.DefaultRpcScheduler, ipcBackoff: false.
2019-08-29 12:13:07,450 [Socket Reader #1 for port 41303] INFO  ipc.Server (Server.java:run(1074)) - Starting Socket Reader #1 for port 41303
2019-08-29 12:13:07,481 [main] INFO  ipc.CallQueueManager (CallQueueManager.java:<init>(84)) - Using callQueue: class java.util.concurrent.LinkedBlockingQueue, queueCapacity: 2000, scheduler: class org.apache.hadoop.ipc.DefaultRpcScheduler, ipcBackoff: false.
2019-08-29 12:13:07,482 [Socket Reader #1 for port 35121] INFO  ipc.Server (Server.java:run(1074)) - Starting Socket Reader #1 for port 35121
2019-08-29 12:13:07,490 [main] INFO  ipc.CallQueueManager (CallQueueManager.java:<init>(84)) - Using callQueue: class java.util.concurrent.LinkedBlockingQueue, queueCapacity: 2000, scheduler: class org.apache.hadoop.ipc.DefaultRpcScheduler, ipcBackoff: false.
2019-08-29 12:13:07,491 [Socket Reader #1 for port 38124] INFO  ipc.Server (Server.java:run(1074)) - Starting Socket Reader #1 for port 38124
2019-08-29 12:13:07,512 [main] INFO  hdfs.DFSUtil (DFSUtil.java:httpServerTemplateForNNAndJN(1641)) - Starting Web-server for scm at: http://0.0.0.0:0
2019-08-29 12:13:07,687 [main] INFO  server.AuthenticationFilter (AuthenticationFilter.java:constructSecretProvider(240)) - Unable to initialize FileSignerSecretProvider, falling back to use random secrets.
2019-08-29 12:13:07,697 [main] WARN  http.HttpRequestLog (HttpRequestLog.java:getRequestLog(97)) - Jetty request log can only be enabled using Log4j
2019-08-29 12:13:07,706 [main] INFO  http.HttpServer2 (HttpServer2.java:addGlobalFilter(975)) - Added global filter 'safety' (class=org.apache.hadoop.http.HttpServer2$QuotingInputFilter)
2019-08-29 12:13:07,709 [main] INFO  http.HttpServer2 (HttpServer2.java:addFilter(948)) - Added filter static_user_filter (class=org.apache.hadoop.http.lib.StaticUserWebFilter$StaticUserFilter) to context scm
2019-08-29 12:13:07,710 [main] INFO  http.HttpServer2 (HttpServer2.java:addFilter(958)) - Added filter static_user_filter (class=org.apache.hadoop.http.lib.StaticUserWebFilter$StaticUserFilter) to context static
2019-08-29 12:13:07,710 [main] INFO  http.HttpServer2 (HttpServer2.java:addFilter(958)) - Added filter static_user_filter (class=org.apache.hadoop.http.lib.StaticUserWebFilter$StaticUserFilter) to context logs
2019-08-29 12:13:07,744 [main] INFO  server.StorageContainerManager (StorageContainerManager.java:start(759)) - StorageContainerLocationProtocol RPC server is listening at /0.0.0.0:38124
2019-08-29 12:13:07,827 [main] WARN  impl.MetricsConfig (MetricsConfig.java:loadFirst(134)) - Cannot locate configuration: tried hadoop-metrics2-storagecontainermanager.properties,hadoop-metrics2.properties
2019-08-29 12:13:07,848 [main] INFO  impl.MetricsSystemImpl (MetricsSystemImpl.java:startTimer(374)) - Scheduled Metric snapshot period at 10 second(s).
2019-08-29 12:13:07,848 [main] INFO  impl.MetricsSystemImpl (MetricsSystemImpl.java:start(191)) - StorageContainerManager metrics system started
2019-08-29 12:13:08,125 [main] INFO  server.SCMClientProtocolServer (SCMClientProtocolServer.java:start(151)) - RPC server for Client  is listening at /0.0.0.0:38124
2019-08-29 12:13:08,126 [IPC Server Responder] INFO  ipc.Server (Server.java:run(1314)) - IPC Server Responder: starting
2019-08-29 12:13:08,126 [IPC Server listener on 38124] INFO  ipc.Server (Server.java:run(1153)) - IPC Server listener on 38124: starting
2019-08-29 12:13:08,129 [main] INFO  server.StorageContainerManager (StorageContainerManager.java:start(769)) - ScmBlockLocationProtocol RPC server is listening at /0.0.0.0:35121
2019-08-29 12:13:08,129 [main] INFO  server.SCMBlockProtocolServer (SCMBlockProtocolServer.java:start(140)) - RPC server for Block Protocol is listening at /0.0.0.0:35121
2019-08-29 12:13:08,129 [IPC Server Responder] INFO  ipc.Server (Server.java:run(1314)) - IPC Server Responder: starting
2019-08-29 12:13:08,129 [IPC Server listener on 35121] INFO  ipc.Server (Server.java:run(1153)) - IPC Server listener on 35121: starting
2019-08-29 12:13:08,132 [main] INFO  server.StorageContainerManager (StorageContainerManager.java:start(773)) - ScmDatanodeProtocl RPC server is listening at /0.0.0.0:41303
2019-08-29 12:13:08,132 [main] INFO  server.SCMDatanodeProtocolServer (SCMDatanodeProtocolServer.java:start(191)) - RPC server for DataNodes is listening at /0.0.0.0:41303
2019-08-29 12:13:08,132 [IPC Server Responder] INFO  ipc.Server (Server.java:run(1314)) - IPC Server Responder: starting
2019-08-29 12:13:08,132 [IPC Server listener on 41303] INFO  ipc.Server (Server.java:run(1153)) - IPC Server listener on 41303: starting
2019-08-29 12:13:08,136 [main] INFO  http.HttpServer2 (HttpServer2.java:bindListener(1191)) - Jetty bound to port 38829
2019-08-29 12:13:08,137 [main] INFO  server.Server (Server.java:doStart(351)) - jetty-9.3.24.v20180605, build timestamp: 2018-06-05T17:11:56Z, git hash: 84205aa28f11a4f31f2a3b86d1bba2cc8ab69827
2019-08-29 12:13:08,175 [main] INFO  handler.ContextHandler (ContextHandler.java:doStart(781)) - Started o.e.j.s.ServletContextHandler@5733f295{/logs,file:///workdir/hadoop-ozone/integration-test/target/log,AVAILABLE}
2019-08-29 12:13:08,176 [main] INFO  handler.ContextHandler (ContextHandler.java:doStart(781)) - Started o.e.j.s.ServletContextHandler@56c698e3{/static,file:///workdir/hadoop-ozone/integration-test/target/test-classes/webapps/static,AVAILABLE}
2019-08-29 12:13:08,208 [main] INFO  handler.ContextHandler (ContextHandler.java:doStart(781)) - Started o.e.j.w.WebAppContext@41200e0c{/,file:///workdir/hadoop-ozone/integration-test/target/test-classes/webapps/scm/,AVAILABLE}{/scm}
2019-08-29 12:13:08,214 [main] INFO  server.AbstractConnector (AbstractConnector.java:doStart(278)) - Started ServerConnector@173b9122{HTTP/1.1,[http/1.1]}{0.0.0.0:38829}
2019-08-29 12:13:08,214 [main] INFO  server.Server (Server.java:doStart(419)) - Started @3468ms
2019-08-29 12:13:08,215 [main] INFO  server.BaseHttpServer (BaseHttpServer.java:updateConnectorAddress(213)) - HTTP server of SCM is listening at http://0.0.0.0:38829
2019-08-29 12:13:08,221 [org.apache.hadoop.util.JvmPauseMonitor$Monitor@43c67247] INFO  util.JvmPauseMonitor (JvmPauseMonitor.java:run(188)) - Starting JVM pause monitor
2019-08-29 12:13:08,223 [main] WARN  server.ServerUtils (ServerUtils.java:getDBPath(222)) - ozone.om.db.dirs is not configured. We recommend adding this setting. Falling back to ozone.metadata.dirs instead.
2019-08-29 12:13:08,331 [main] WARN  server.ServerUtils (ServerUtils.java:getDBPath(222)) - ozone.om.db.dirs is not configured. We recommend adding this setting. Falling back to ozone.metadata.dirs instead.
2019-08-29 12:13:08,332 [main] WARN  server.ServerUtils (ServerUtils.java:getDBPath(222)) - ozone.om.db.dirs is not configured. We recommend adding this setting. Falling back to ozone.metadata.dirs instead.
2019-08-29 12:13:08,334 [main] INFO  om.OzoneManager (OzoneManager.java:setOMNodeDetails(646)) - OM Service ID is not set. Setting it to the default ID: omServiceIdDefault
2019-08-29 12:13:08,334 [main] INFO  om.OzoneManager (OzoneManager.java:setOMNodeDetails(652)) - OM Node ID is not set. Setting it to the OmStorage's OmID: 89c80eb2-2390-4665-b95d-197d63be1517
2019-08-29 12:13:08,336 [main] INFO  om.OzoneManager (OzoneManager.java:loadOMHAConfigs(603)) - Found matching OM address with OMServiceId: null, OMNodeId: null, RPC Address: localhost:0 and Ratis port: 9872
2019-08-29 12:13:08,621 | INFO  | SCMAudit | user=jenkins1000 | ip=192.168.5.180 | op=GET_SCM_INFO null | ret=SUCCESS |  
2019-08-29 12:13:09,118 [main] WARN  server.ServerUtils (ServerUtils.java:getDBPath(222)) - ozone.om.db.dirs is not configured. We recommend adding this setting. Falling back to ozone.metadata.dirs instead.
2019-08-29 12:13:09,125 [main] INFO  db.DBStoreBuilder (DBStoreBuilder.java:addTable(110)) - using custom profile for table: userTable
2019-08-29 12:13:09,125 [main] INFO  db.DBStoreBuilder (DBStoreBuilder.java:processTables(161)) - Using default column profile:DBProfile.DISK for Table:userTable
2019-08-29 12:13:09,126 [main] INFO  db.DBStoreBuilder (DBStoreBuilder.java:addTable(110)) - using custom profile for table: volumeTable
2019-08-29 12:13:09,126 [main] INFO  db.DBStoreBuilder (DBStoreBuilder.java:processTables(161)) - Using default column profile:DBProfile.DISK for Table:volumeTable
2019-08-29 12:13:09,126 [main] INFO  db.DBStoreBuilder (DBStoreBuilder.java:addTable(110)) - using custom profile for table: bucketTable
2019-08-29 12:13:09,126 [main] INFO  db.DBStoreBuilder (DBStoreBuilder.java:processTables(161)) - Using default column profile:DBProfile.DISK for Table:bucketTable
2019-08-29 12:13:09,127 [main] INFO  db.DBStoreBuilder (DBStoreBuilder.java:addTable(110)) - using custom profile for table: keyTable
2019-08-29 12:13:09,127 [main] INFO  db.DBStoreBuilder (DBStoreBuilder.java:processTables(161)) - Using default column profile:DBProfile.DISK for Table:keyTable
2019-08-29 12:13:09,127 [main] INFO  db.DBStoreBuilder (DBStoreBuilder.java:addTable(110)) - using custom profile for table: deletedTable
2019-08-29 12:13:09,127 [main] INFO  db.DBStoreBuilder (DBStoreBuilder.java:processTables(161)) - Using default column profile:DBProfile.DISK for Table:deletedTable
2019-08-29 12:13:09,127 [main] INFO  db.DBStoreBuilder (DBStoreBuilder.java:addTable(110)) - using custom profile for table: openKeyTable
2019-08-29 12:13:09,128 [main] INFO  db.DBStoreBuilder (DBStoreBuilder.java:processTables(161)) - Using default column profile:DBProfile.DISK for Table:openKeyTable
2019-08-29 12:13:09,128 [main] INFO  db.DBStoreBuilder (DBStoreBuilder.java:addTable(110)) - using custom profile for table: s3Table
2019-08-29 12:13:09,128 [main] INFO  db.DBStoreBuilder (DBStoreBuilder.java:processTables(161)) - Using default column profile:DBProfile.DISK for Table:s3Table
2019-08-29 12:13:09,128 [main] INFO  db.DBStoreBuilder (DBStoreBuilder.java:addTable(110)) - using custom profile for table: multipartInfoTable
2019-08-29 12:13:09,129 [main] INFO  db.DBStoreBuilder (DBStoreBuilder.java:processTables(161)) - Using default column profile:DBProfile.DISK for Table:multipartInfoTable
2019-08-29 12:13:09,129 [main] INFO  db.DBStoreBuilder (DBStoreBuilder.java:addTable(110)) - using custom profile for table: dTokenTable
2019-08-29 12:13:09,129 [main] INFO  db.DBStoreBuilder (DBStoreBuilder.java:processTables(161)) - Using default column profile:DBProfile.DISK for Table:dTokenTable
2019-08-29 12:13:09,129 [main] INFO  db.DBStoreBuilder (DBStoreBuilder.java:addTable(110)) - using custom profile for table: s3SecretTable
2019-08-29 12:13:09,129 [main] INFO  db.DBStoreBuilder (DBStoreBuilder.java:processTables(161)) - Using default column profile:DBProfile.DISK for Table:s3SecretTable
2019-08-29 12:13:09,130 [main] INFO  db.DBStoreBuilder (DBStoreBuilder.java:addTable(110)) - using custom profile for table: prefixTable
2019-08-29 12:13:09,130 [main] INFO  db.DBStoreBuilder (DBStoreBuilder.java:processTables(161)) - Using default column profile:DBProfile.DISK for Table:prefixTable
2019-08-29 12:13:09,130 [main] INFO  db.DBStoreBuilder (DBStoreBuilder.java:addTable(110)) - using custom profile for table: default
2019-08-29 12:13:09,130 [main] INFO  db.DBStoreBuilder (DBStoreBuilder.java:processTables(167)) - Using default column profile:DBProfile.DISK for Table:default
2019-08-29 12:13:09,131 [main] INFO  db.DBStoreBuilder (DBStoreBuilder.java:getDbProfile(198)) - Using default options. DBProfile.DISK
2019-08-29 12:13:09,767 [main] INFO  ipc.CallQueueManager (CallQueueManager.java:<init>(84)) - Using callQueue: class java.util.concurrent.LinkedBlockingQueue, queueCapacity: 2000, scheduler: class org.apache.hadoop.ipc.DefaultRpcScheduler, ipcBackoff: false.
2019-08-29 12:13:09,768 [Socket Reader #1 for port 43996] INFO  ipc.Server (Server.java:run(1074)) - Starting Socket Reader #1 for port 43996
2019-08-29 12:13:09,790 [main] INFO  om.OzoneManager (OzoneManager.java:start(1257)) - OzoneManager RPC server is listening at localhost/127.0.0.1:43996
2019-08-29 12:13:09,790 [main] INFO  impl.MetricsSystemImpl (MetricsSystemImpl.java:init(158)) - OzoneManager metrics system started (again)
2019-08-29 12:13:09,792 [IPC Server Responder] INFO  ipc.Server (Server.java:run(1314)) - IPC Server Responder: starting
2019-08-29 12:13:09,792 [IPC Server listener on 43996] INFO  ipc.Server (Server.java:run(1153)) - IPC Server listener on 43996: starting
2019-08-29 12:13:09,800 [main] INFO  hdfs.DFSUtil (DFSUtil.java:httpServerTemplateForNNAndJN(1641)) - Starting Web-server for ozoneManager at: http://0.0.0.0:0
2019-08-29 12:13:09,802 [main] INFO  server.AuthenticationFilter (AuthenticationFilter.java:constructSecretProvider(240)) - Unable to initialize FileSignerSecretProvider, falling back to use random secrets.
2019-08-29 12:13:09,803 [main] WARN  http.HttpRequestLog (HttpRequestLog.java:getRequestLog(97)) - Jetty request log can only be enabled using Log4j
2019-08-29 12:13:09,807 [main] INFO  http.HttpServer2 (HttpServer2.java:addGlobalFilter(975)) - Added global filter 'safety' (class=org.apache.hadoop.http.HttpServer2$QuotingInputFilter)
2019-08-29 12:13:09,808 [main] INFO  http.HttpServer2 (HttpServer2.java:addFilter(948)) - Added filter static_user_filter (class=org.apache.hadoop.http.lib.StaticUserWebFilter$StaticUserFilter) to context ozoneManager
2019-08-29 12:13:09,808 [main] INFO  http.HttpServer2 (HttpServer2.java:addFilter(958)) - Added filter static_user_filter (class=org.apache.hadoop.http.lib.StaticUserWebFilter$StaticUserFilter) to context logs
2019-08-29 12:13:09,946 [main] INFO  http.HttpServer2 (HttpServer2.java:addFilter(958)) - Added filter static_user_filter (class=org.apache.hadoop.http.lib.StaticUserWebFilter$StaticUserFilter) to context static
2019-08-29 12:13:09,948 [main] INFO  http.HttpServer2 (HttpServer2.java:bindListener(1191)) - Jetty bound to port 42266
2019-08-29 12:13:09,949 [main] INFO  server.Server (Server.java:doStart(351)) - jetty-9.3.24.v20180605, build timestamp: 2018-06-05T17:11:56Z, git hash: 84205aa28f11a4f31f2a3b86d1bba2cc8ab69827
2019-08-29 12:13:09,951 [main] INFO  handler.ContextHandler (ContextHandler.java:doStart(781)) - Started o.e.j.s.ServletContextHandler@f8f56b9{/logs,file:///workdir/hadoop-ozone/integration-test/target/log,AVAILABLE}
2019-08-29 12:13:09,954 [main] INFO  handler.ContextHandler (ContextHandler.java:doStart(781)) - Started o.e.j.s.ServletContextHandler@4f186450{/static,file:///workdir/hadoop-ozone/integration-test/target/test-classes/webapps/static,AVAILABLE}
2019-08-29 12:13:09,959 [main] INFO  handler.ContextHandler (ContextHandler.java:doStart(781)) - Started o.e.j.w.WebAppContext@7551da2a{/,file:///workdir/hadoop-ozone/integration-test/target/test-classes/webapps/ozoneManager/,AVAILABLE}{/ozoneManager}
2019-08-29 12:13:09,960 [main] INFO  server.AbstractConnector (AbstractConnector.java:doStart(278)) - Started ServerConnector@432034a{HTTP/1.1,[http/1.1]}{0.0.0.0:42266}
2019-08-29 12:13:09,960 [main] INFO  server.Server (Server.java:doStart(419)) - Started @5214ms
2019-08-29 12:13:09,962 [main] INFO  server.BaseHttpServer (BaseHttpServer.java:updateConnectorAddress(213)) - HTTP server of OZONEMANAGER is listening at http://0.0.0.0:42266
2019-08-29 12:13:10,124 [main] INFO  impl.MetricsSystemImpl (MetricsSystemImpl.java:init(158)) - HddsDatanode metrics system started (again)
2019-08-29 12:13:10,215 [main] INFO  ozone.HddsDatanodeService (HddsDatanodeService.java:start(184)) - HddsDatanodeService host:pr-hdds-1054-24pjh-334729151 ip:192.168.5.180
2019-08-29 12:13:10,246 [main] INFO  volume.HddsVolume (HddsVolume.java:<init>(176)) - Creating Volume: /workdir/hadoop-ozone/integration-test/target/test-dir/MiniOzoneClusterImpl-9baf5c52-405e-4460-9619-8aa90c98357d/datanode-0/data/containers/hdds of  storage type : DISK and capacity : 1482555576320
2019-08-29 12:13:10,249 [main] INFO  volume.VolumeSet (VolumeSet.java:initializeVolumeSet(170)) - Added Volume : /workdir/hadoop-ozone/integration-test/target/test-dir/MiniOzoneClusterImpl-9baf5c52-405e-4460-9619-8aa90c98357d/datanode-0/data/containers/hdds to VolumeSet
2019-08-29 12:13:10,253 [main] INFO  volume.ThrottledAsyncChecker (ThrottledAsyncChecker.java:schedule(140)) - Scheduling a check for org.apache.hadoop.ozone.container.common.volume.HddsVolume@598260a6
2019-08-29 12:13:10,277 [main] INFO  volume.HddsVolumeChecker (HddsVolumeChecker.java:checkAllVolumes(203)) - Scheduled health check for volume org.apache.hadoop.ozone.container.common.volume.HddsVolume@598260a6
2019-08-29 12:13:10,405 [main] INFO  impl.RaftServerProxy (ConfUtils.java:logGet(43)) - raft.rpc.type = GRPC (default)
2019-08-29 12:13:10,470 [main] INFO  grpc.GrpcFactory (GrpcFactory.java:checkPooledByteBufAllocatorUseCacheForAllThreads(45)) - PERFORMANCE WARNING: useCacheForAllThreads is true that may cause Netty to create a lot garbage objects and, as a result, trigger GC.
	It is recommended to disable useCacheForAllThreads by setting -Dorg.apache.ratis.thirdparty.io.netty.allocator.useCacheForAllThreads=false in command line.
2019-08-29 12:13:10,475 [main] INFO  grpc.GrpcConfigKeys$Server (ConfUtils.java:logGet(43)) - raft.grpc.server.port = 0 (default)
2019-08-29 12:13:10,476 [main] INFO  server.GrpcService (ConfUtils.java:logGet(43)) - raft.grpc.message.size.max = 33570816 (custom)
2019-08-29 12:13:10,478 [main] INFO  server.RaftServerConfigKeys (ConfUtils.java:logGet(43)) - raft.server.log.appender.buffer.byte-limit = 33554432 (custom)
2019-08-29 12:13:10,479 [main] INFO  server.GrpcService (ConfUtils.java:logGet(43)) - raft.grpc.flow.control.window = 1MB (=1048576) (default)
2019-08-29 12:13:10,479 [main] INFO  server.RaftServerConfigKeys (ConfUtils.java:logGet(43)) - raft.server.rpc.request.timeout = 3000ms (default)
2019-08-29 12:13:10,645 [main] INFO  server.RaftServerConfigKeys (ConfUtils.java:logGet(43)) - raft.server.storage.dir = [/workdir/hadoop-ozone/integration-test/target/test-dir/MiniOzoneClusterImpl-9baf5c52-405e-4460-9619-8aa90c98357d/datanode-0/data/ratis] (custom)
2019-08-29 12:13:10,698 [main] INFO  hdfs.DFSUtil (DFSUtil.java:httpServerTemplateForNNAndJN(1641)) - Starting Web-server for hddsDatanode at: http://0.0.0.0:0
2019-08-29 12:13:10,700 [main] INFO  server.AuthenticationFilter (AuthenticationFilter.java:constructSecretProvider(240)) - Unable to initialize FileSignerSecretProvider, falling back to use random secrets.
2019-08-29 12:13:10,701 [main] WARN  http.HttpRequestLog (HttpRequestLog.java:getRequestLog(97)) - Jetty request log can only be enabled using Log4j
2019-08-29 12:13:10,702 [main] INFO  http.HttpServer2 (HttpServer2.java:addGlobalFilter(975)) - Added global filter 'safety' (class=org.apache.hadoop.http.HttpServer2$QuotingInputFilter)
2019-08-29 12:13:10,703 [main] INFO  http.HttpServer2 (HttpServer2.java:addFilter(948)) - Added filter static_user_filter (class=org.apache.hadoop.http.lib.StaticUserWebFilter$StaticUserFilter) to context hddsDatanode
2019-08-29 12:13:10,703 [main] INFO  http.HttpServer2 (HttpServer2.java:addFilter(958)) - Added filter static_user_filter (class=org.apache.hadoop.http.lib.StaticUserWebFilter$StaticUserFilter) to context static
2019-08-29 12:13:10,703 [main] INFO  http.HttpServer2 (HttpServer2.java:addFilter(958)) - Added filter static_user_filter (class=org.apache.hadoop.http.lib.StaticUserWebFilter$StaticUserFilter) to context logs
2019-08-29 12:13:10,704 [main] INFO  http.HttpServer2 (HttpServer2.java:bindListener(1191)) - Jetty bound to port 41226
2019-08-29 12:13:10,705 [main] INFO  server.Server (Server.java:doStart(351)) - jetty-9.3.24.v20180605, build timestamp: 2018-06-05T17:11:56Z, git hash: 84205aa28f11a4f31f2a3b86d1bba2cc8ab69827
2019-08-29 12:13:10,706 [main] INFO  handler.ContextHandler (ContextHandler.java:doStart(781)) - Started o.e.j.s.ServletContextHandler@6f94fb9d{/logs,file:///workdir/hadoop-ozone/integration-test/target/log,AVAILABLE}
2019-08-29 12:13:10,707 [main] INFO  handler.ContextHandler (ContextHandler.java:doStart(781)) - Started o.e.j.s.ServletContextHandler@4228bf58{/static,jar:file:/home/user/.m2/repository/org/apache/hadoop/hadoop-hdds-container-service/0.5.0-SNAPSHOT/hadoop-hdds-container-service-0.5.0-SNAPSHOT.jar!/webapps/static,AVAILABLE}
2019-08-29 12:13:10,739 [main] INFO  handler.ContextHandler (ContextHandler.java:doStart(781)) - Started o.e.j.w.WebAppContext@142213d5{/,file:///tmp/jetty-0.0.0.0-41226-hddsDatanode-_-any-8101948985597776376.dir/webapp/,AVAILABLE}{/hddsDatanode}
2019-08-29 12:13:10,740 [main] INFO  server.AbstractConnector (AbstractConnector.java:doStart(278)) - Started ServerConnector@934b52f{HTTP/1.1,[http/1.1]}{0.0.0.0:41226}
2019-08-29 12:13:10,741 [main] INFO  server.Server (Server.java:doStart(419)) - Started @5994ms
2019-08-29 12:13:10,742 [main] INFO  server.BaseHttpServer (BaseHttpServer.java:updateConnectorAddress(213)) - HTTP server of HDDSDATANODE is listening at http://0.0.0.0:41226
2019-08-29 12:13:10,743 [main] INFO  impl.MetricsSystemImpl (MetricsSystemImpl.java:init(158)) - HddsDatanode metrics system started (again)
2019-08-29 12:13:10,745 [main] INFO  ozone.HddsDatanodeService (HddsDatanodeService.java:start(184)) - HddsDatanodeService host:pr-hdds-1054-24pjh-334729151 ip:192.168.5.180
2019-08-29 12:13:10,747 [org.apache.hadoop.util.JvmPauseMonitor$Monitor@4f9b4238] INFO  util.JvmPauseMonitor (JvmPauseMonitor.java:run(188)) - Starting JVM pause monitor
2019-08-29 12:13:10,752 [main] INFO  volume.HddsVolume (HddsVolume.java:<init>(176)) - Creating Volume: /workdir/hadoop-ozone/integration-test/target/test-dir/MiniOzoneClusterImpl-9baf5c52-405e-4460-9619-8aa90c98357d/datanode-1/data/containers/hdds of  storage type : DISK and capacity : 1482555576320
2019-08-29 12:13:10,752 [main] INFO  volume.VolumeSet (VolumeSet.java:initializeVolumeSet(170)) - Added Volume : /workdir/hadoop-ozone/integration-test/target/test-dir/MiniOzoneClusterImpl-9baf5c52-405e-4460-9619-8aa90c98357d/datanode-1/data/containers/hdds to VolumeSet
2019-08-29 12:13:10,753 [main] INFO  volume.ThrottledAsyncChecker (ThrottledAsyncChecker.java:schedule(140)) - Scheduling a check for org.apache.hadoop.ozone.container.common.volume.HddsVolume@5f481b73
2019-08-29 12:13:10,753 [main] INFO  volume.HddsVolumeChecker (HddsVolumeChecker.java:checkAllVolumes(203)) - Scheduled health check for volume org.apache.hadoop.ozone.container.common.volume.HddsVolume@5f481b73
2019-08-29 12:13:10,768 [main] INFO  impl.RaftServerProxy (ConfUtils.java:logGet(43)) - raft.rpc.type = GRPC (default)
2019-08-29 12:13:10,768 [main] INFO  grpc.GrpcFactory (GrpcFactory.java:checkPooledByteBufAllocatorUseCacheForAllThreads(45)) - PERFORMANCE WARNING: useCacheForAllThreads is true that may cause Netty to create a lot garbage objects and, as a result, trigger GC.
	It is recommended to disable useCacheForAllThreads by setting -Dorg.apache.ratis.thirdparty.io.netty.allocator.useCacheForAllThreads=false in command line.
2019-08-29 12:13:10,769 [main] INFO  grpc.GrpcConfigKeys$Server (ConfUtils.java:logGet(43)) - raft.grpc.server.port = 0 (default)
2019-08-29 12:13:10,769 [main] INFO  server.GrpcService (ConfUtils.java:logGet(43)) - raft.grpc.message.size.max = 33570816 (custom)
2019-08-29 12:13:10,769 [main] INFO  server.RaftServerConfigKeys (ConfUtils.java:logGet(43)) - raft.server.log.appender.buffer.byte-limit = 33554432 (custom)
2019-08-29 12:13:10,769 [main] INFO  server.GrpcService (ConfUtils.java:logGet(43)) - raft.grpc.flow.control.window = 1MB (=1048576) (default)
2019-08-29 12:13:10,769 [main] INFO  server.RaftServerConfigKeys (ConfUtils.java:logGet(43)) - raft.server.rpc.request.timeout = 3000ms (default)
2019-08-29 12:13:10,770 [main] INFO  server.RaftServerConfigKeys (ConfUtils.java:logGet(43)) - raft.server.storage.dir = [/workdir/hadoop-ozone/integration-test/target/test-dir/MiniOzoneClusterImpl-9baf5c52-405e-4460-9619-8aa90c98357d/datanode-1/data/ratis] (custom)
2019-08-29 12:13:10,772 [main] INFO  hdfs.DFSUtil (DFSUtil.java:httpServerTemplateForNNAndJN(1641)) - Starting Web-server for hddsDatanode at: http://0.0.0.0:0
2019-08-29 12:13:10,773 [main] INFO  server.AuthenticationFilter (AuthenticationFilter.java:constructSecretProvider(240)) - Unable to initialize FileSignerSecretProvider, falling back to use random secrets.
2019-08-29 12:13:10,774 [main] WARN  http.HttpRequestLog (HttpRequestLog.java:getRequestLog(97)) - Jetty request log can only be enabled using Log4j
2019-08-29 12:13:10,776 [main] INFO  http.HttpServer2 (HttpServer2.java:addGlobalFilter(975)) - Added global filter 'safety' (class=org.apache.hadoop.http.HttpServer2$QuotingInputFilter)
2019-08-29 12:13:10,776 [main] INFO  http.HttpServer2 (HttpServer2.java:addFilter(948)) - Added filter static_user_filter (class=org.apache.hadoop.http.lib.StaticUserWebFilter$StaticUserFilter) to context hddsDatanode
2019-08-29 12:13:10,776 [main] INFO  http.HttpServer2 (HttpServer2.java:addFilter(958)) - Added filter static_user_filter (class=org.apache.hadoop.http.lib.StaticUserWebFilter$StaticUserFilter) to context static
2019-08-29 12:13:10,777 [main] INFO  http.HttpServer2 (HttpServer2.java:addFilter(958)) - Added filter static_user_filter (class=org.apache.hadoop.http.lib.StaticUserWebFilter$StaticUserFilter) to context logs
2019-08-29 12:13:10,777 [main] INFO  http.HttpServer2 (HttpServer2.java:bindListener(1191)) - Jetty bound to port 34004
2019-08-29 12:13:10,778 [main] INFO  server.Server (Server.java:doStart(351)) - jetty-9.3.24.v20180605, build timestamp: 2018-06-05T17:11:56Z, git hash: 84205aa28f11a4f31f2a3b86d1bba2cc8ab69827
2019-08-29 12:13:10,781 [main] INFO  handler.ContextHandler (ContextHandler.java:doStart(781)) - Started o.e.j.s.ServletContextHandler@1352434e{/logs,file:///workdir/hadoop-ozone/integration-test/target/log,AVAILABLE}
2019-08-29 12:13:10,781 [main] INFO  handler.ContextHandler (ContextHandler.java:doStart(781)) - Started o.e.j.s.ServletContextHandler@2b6fcb9f{/static,jar:file:/home/user/.m2/repository/org/apache/hadoop/hadoop-hdds-container-service/0.5.0-SNAPSHOT/hadoop-hdds-container-service-0.5.0-SNAPSHOT.jar!/webapps/static,AVAILABLE}
2019-08-29 12:13:10,817 [main] INFO  handler.ContextHandler (ContextHandler.java:doStart(781)) - Started o.e.j.w.WebAppContext@10f7918f{/,file:///tmp/jetty-0.0.0.0-34004-hddsDatanode-_-any-844892101602793041.dir/webapp/,AVAILABLE}{/hddsDatanode}
2019-08-29 12:13:10,819 [main] INFO  server.AbstractConnector (AbstractConnector.java:doStart(278)) - Started ServerConnector@64d4f7c7{HTTP/1.1,[http/1.1]}{0.0.0.0:34004}
2019-08-29 12:13:10,821 [main] INFO  server.Server (Server.java:doStart(419)) - Started @6075ms
2019-08-29 12:13:10,822 [main] INFO  server.BaseHttpServer (BaseHttpServer.java:updateConnectorAddress(213)) - HTTP server of HDDSDATANODE is listening at http://0.0.0.0:34004
2019-08-29 12:13:10,823 [main] INFO  impl.MetricsSystemImpl (MetricsSystemImpl.java:init(158)) - HddsDatanode metrics system started (again)
2019-08-29 12:13:10,825 [org.apache.hadoop.util.JvmPauseMonitor$Monitor@3154b7e7] INFO  util.JvmPauseMonitor (JvmPauseMonitor.java:run(188)) - Starting JVM pause monitor
2019-08-29 12:13:10,826 [main] INFO  ozone.HddsDatanodeService (HddsDatanodeService.java:start(184)) - HddsDatanodeService host:pr-hdds-1054-24pjh-334729151 ip:192.168.5.180
2019-08-29 12:13:10,834 [main] INFO  volume.HddsVolume (HddsVolume.java:<init>(176)) - Creating Volume: /workdir/hadoop-ozone/integration-test/target/test-dir/MiniOzoneClusterImpl-9baf5c52-405e-4460-9619-8aa90c98357d/datanode-2/data/containers/hdds of  storage type : DISK and capacity : 1482555576320
2019-08-29 12:13:10,834 [main] INFO  volume.VolumeSet (VolumeSet.java:initializeVolumeSet(170)) - Added Volume : /workdir/hadoop-ozone/integration-test/target/test-dir/MiniOzoneClusterImpl-9baf5c52-405e-4460-9619-8aa90c98357d/datanode-2/data/containers/hdds to VolumeSet
2019-08-29 12:13:10,835 [main] INFO  volume.ThrottledAsyncChecker (ThrottledAsyncChecker.java:schedule(140)) - Scheduling a check for org.apache.hadoop.ozone.container.common.volume.HddsVolume@524270b8
2019-08-29 12:13:10,835 [main] INFO  volume.HddsVolumeChecker (HddsVolumeChecker.java:checkAllVolumes(203)) - Scheduled health check for volume org.apache.hadoop.ozone.container.common.volume.HddsVolume@524270b8
2019-08-29 12:13:10,852 [main] INFO  impl.RaftServerProxy (ConfUtils.java:logGet(43)) - raft.rpc.type = GRPC (default)
2019-08-29 12:13:10,852 [main] INFO  grpc.GrpcFactory (GrpcFactory.java:checkPooledByteBufAllocatorUseCacheForAllThreads(45)) - PERFORMANCE WARNING: useCacheForAllThreads is true that may cause Netty to create a lot garbage objects and, as a result, trigger GC.
	It is recommended to disable useCacheForAllThreads by setting -Dorg.apache.ratis.thirdparty.io.netty.allocator.useCacheForAllThreads=false in command line.
2019-08-29 12:13:10,853 [main] INFO  grpc.GrpcConfigKeys$Server (ConfUtils.java:logGet(43)) - raft.grpc.server.port = 0 (default)
2019-08-29 12:13:10,853 [main] INFO  server.GrpcService (ConfUtils.java:logGet(43)) - raft.grpc.message.size.max = 33570816 (custom)
2019-08-29 12:13:10,853 [main] INFO  server.RaftServerConfigKeys (ConfUtils.java:logGet(43)) - raft.server.log.appender.buffer.byte-limit = 33554432 (custom)
2019-08-29 12:13:10,853 [main] INFO  server.GrpcService (ConfUtils.java:logGet(43)) - raft.grpc.flow.control.window = 1MB (=1048576) (default)
2019-08-29 12:13:10,854 [main] INFO  server.RaftServerConfigKeys (ConfUtils.java:logGet(43)) - raft.server.rpc.request.timeout = 3000ms (default)
2019-08-29 12:13:10,854 [main] INFO  server.RaftServerConfigKeys (ConfUtils.java:logGet(43)) - raft.server.storage.dir = [/workdir/hadoop-ozone/integration-test/target/test-dir/MiniOzoneClusterImpl-9baf5c52-405e-4460-9619-8aa90c98357d/datanode-2/data/ratis] (custom)
2019-08-29 12:13:10,857 [main] INFO  hdfs.DFSUtil (DFSUtil.java:httpServerTemplateForNNAndJN(1641)) - Starting Web-server for hddsDatanode at: http://0.0.0.0:0
2019-08-29 12:13:10,858 [main] INFO  server.AuthenticationFilter (AuthenticationFilter.java:constructSecretProvider(240)) - Unable to initialize FileSignerSecretProvider, falling back to use random secrets.
2019-08-29 12:13:10,859 [main] WARN  http.HttpRequestLog (HttpRequestLog.java:getRequestLog(97)) - Jetty request log can only be enabled using Log4j
2019-08-29 12:13:10,860 [main] INFO  http.HttpServer2 (HttpServer2.java:addGlobalFilter(975)) - Added global filter 'safety' (class=org.apache.hadoop.http.HttpServer2$QuotingInputFilter)
2019-08-29 12:13:10,861 [main] INFO  http.HttpServer2 (HttpServer2.java:addFilter(948)) - Added filter static_user_filter (class=org.apache.hadoop.http.lib.StaticUserWebFilter$StaticUserFilter) to context hddsDatanode
2019-08-29 12:13:10,861 [main] INFO  http.HttpServer2 (HttpServer2.java:addFilter(958)) - Added filter static_user_filter (class=org.apache.hadoop.http.lib.StaticUserWebFilter$StaticUserFilter) to context logs
2019-08-29 12:13:10,861 [main] INFO  http.HttpServer2 (HttpServer2.java:addFilter(958)) - Added filter static_user_filter (class=org.apache.hadoop.http.lib.StaticUserWebFilter$StaticUserFilter) to context static
2019-08-29 12:13:10,862 [main] INFO  http.HttpServer2 (HttpServer2.java:bindListener(1191)) - Jetty bound to port 41808
2019-08-29 12:13:10,862 [main] INFO  server.Server (Server.java:doStart(351)) - jetty-9.3.24.v20180605, build timestamp: 2018-06-05T17:11:56Z, git hash: 84205aa28f11a4f31f2a3b86d1bba2cc8ab69827
2019-08-29 12:13:10,864 [main] INFO  handler.ContextHandler (ContextHandler.java:doStart(781)) - Started o.e.j.s.ServletContextHandler@53311681{/logs,file:///workdir/hadoop-ozone/integration-test/target/log,AVAILABLE}
2019-08-29 12:13:10,865 [main] INFO  handler.ContextHandler (ContextHandler.java:doStart(781)) - Started o.e.j.s.ServletContextHandler@3f1ed068{/static,jar:file:/home/user/.m2/repository/org/apache/hadoop/hadoop-hdds-container-service/0.5.0-SNAPSHOT/hadoop-hdds-container-service-0.5.0-SNAPSHOT.jar!/webapps/static,AVAILABLE}
2019-08-29 12:13:10,874 [Datanode State Machine Thread - 0] INFO  datanode.InitDatanodeState (InitDatanodeState.java:persistContainerDatanodeDetails(140)) - DatanodeDetails is persisted to /workdir/hadoop-ozone/integration-test/target/test-dir/MiniOzoneClusterImpl-9baf5c52-405e-4460-9619-8aa90c98357d/datanode-0/meta/datanode.id
2019-08-29 12:13:10,877 [Datanode State Machine Thread - 0] INFO  datanode.InitDatanodeState (InitDatanodeState.java:persistContainerDatanodeDetails(140)) - DatanodeDetails is persisted to /workdir/hadoop-ozone/integration-test/target/test-dir/MiniOzoneClusterImpl-9baf5c52-405e-4460-9619-8aa90c98357d/datanode-1/meta/datanode.id
2019-08-29 12:13:10,896 [main] INFO  handler.ContextHandler (ContextHandler.java:doStart(781)) - Started o.e.j.w.WebAppContext@59696551{/,file:///tmp/jetty-0.0.0.0-41808-hddsDatanode-_-any-3769269749966694638.dir/webapp/,AVAILABLE}{/hddsDatanode}
2019-08-29 12:13:10,897 [main] INFO  server.AbstractConnector (AbstractConnector.java:doStart(278)) - Started ServerConnector@648d0e6d{HTTP/1.1,[http/1.1]}{0.0.0.0:41808}
2019-08-29 12:13:10,898 [main] INFO  server.Server (Server.java:doStart(419)) - Started @6152ms
2019-08-29 12:13:10,899 [main] INFO  server.BaseHttpServer (BaseHttpServer.java:updateConnectorAddress(213)) - HTTP server of HDDSDATANODE is listening at http://0.0.0.0:41808
2019-08-29 12:13:10,899 [main] INFO  impl.MetricsSystemImpl (MetricsSystemImpl.java:init(158)) - HddsDatanode metrics system started (again)
2019-08-29 12:13:10,902 [org.apache.hadoop.util.JvmPauseMonitor$Monitor@5819443d] INFO  util.JvmPauseMonitor (JvmPauseMonitor.java:run(188)) - Starting JVM pause monitor
2019-08-29 12:13:10,903 [main] INFO  ozone.HddsDatanodeService (HddsDatanodeService.java:start(184)) - HddsDatanodeService host:pr-hdds-1054-24pjh-334729151 ip:192.168.5.180
2019-08-29 12:13:10,904 [Datanode State Machine Thread - 0] INFO  datanode.InitDatanodeState (InitDatanodeState.java:persistContainerDatanodeDetails(140)) - DatanodeDetails is persisted to /workdir/hadoop-ozone/integration-test/target/test-dir/MiniOzoneClusterImpl-9baf5c52-405e-4460-9619-8aa90c98357d/datanode-2/meta/datanode.id
2019-08-29 12:13:10,909 [main] INFO  volume.HddsVolume (HddsVolume.java:<init>(176)) - Creating Volume: /workdir/hadoop-ozone/integration-test/target/test-dir/MiniOzoneClusterImpl-9baf5c52-405e-4460-9619-8aa90c98357d/datanode-3/data/containers/hdds of  storage type : DISK and capacity : 1482555576320
2019-08-29 12:13:10,910 [main] INFO  volume.VolumeSet (VolumeSet.java:initializeVolumeSet(170)) - Added Volume : /workdir/hadoop-ozone/integration-test/target/test-dir/MiniOzoneClusterImpl-9baf5c52-405e-4460-9619-8aa90c98357d/datanode-3/data/containers/hdds to VolumeSet
2019-08-29 12:13:10,910 [main] INFO  volume.ThrottledAsyncChecker (ThrottledAsyncChecker.java:schedule(140)) - Scheduling a check for org.apache.hadoop.ozone.container.common.volume.HddsVolume@7b122839
2019-08-29 12:13:10,910 [main] INFO  volume.HddsVolumeChecker (HddsVolumeChecker.java:checkAllVolumes(203)) - Scheduled health check for volume org.apache.hadoop.ozone.container.common.volume.HddsVolume@7b122839
2019-08-29 12:13:10,924 [main] INFO  impl.RaftServerProxy (ConfUtils.java:logGet(43)) - raft.rpc.type = GRPC (default)
2019-08-29 12:13:10,924 [main] INFO  grpc.GrpcFactory (GrpcFactory.java:checkPooledByteBufAllocatorUseCacheForAllThreads(45)) - PERFORMANCE WARNING: useCacheForAllThreads is true that may cause Netty to create a lot garbage objects and, as a result, trigger GC.
	It is recommended to disable useCacheForAllThreads by setting -Dorg.apache.ratis.thirdparty.io.netty.allocator.useCacheForAllThreads=false in command line.
2019-08-29 12:13:10,925 [main] INFO  grpc.GrpcConfigKeys$Server (ConfUtils.java:logGet(43)) - raft.grpc.server.port = 0 (default)
2019-08-29 12:13:10,925 [main] INFO  server.GrpcService (ConfUtils.java:logGet(43)) - raft.grpc.message.size.max = 33570816 (custom)
2019-08-29 12:13:10,925 [main] INFO  server.RaftServerConfigKeys (ConfUtils.java:logGet(43)) - raft.server.log.appender.buffer.byte-limit = 33554432 (custom)
2019-08-29 12:13:10,925 [main] INFO  server.GrpcService (ConfUtils.java:logGet(43)) - raft.grpc.flow.control.window = 1MB (=1048576) (default)
2019-08-29 12:13:10,926 [main] INFO  server.RaftServerConfigKeys (ConfUtils.java:logGet(43)) - raft.server.rpc.request.timeout = 3000ms (default)
2019-08-29 12:13:10,926 [main] INFO  server.RaftServerConfigKeys (ConfUtils.java:logGet(43)) - raft.server.storage.dir = [/workdir/hadoop-ozone/integration-test/target/test-dir/MiniOzoneClusterImpl-9baf5c52-405e-4460-9619-8aa90c98357d/datanode-3/data/ratis] (custom)
2019-08-29 12:13:10,942 [main] INFO  hdfs.DFSUtil (DFSUtil.java:httpServerTemplateForNNAndJN(1641)) - Starting Web-server for hddsDatanode at: http://0.0.0.0:0
2019-08-29 12:13:10,944 [main] INFO  server.AuthenticationFilter (AuthenticationFilter.java:constructSecretProvider(240)) - Unable to initialize FileSignerSecretProvider, falling back to use random secrets.
2019-08-29 12:13:10,945 [main] WARN  http.HttpRequestLog (HttpRequestLog.java:getRequestLog(97)) - Jetty request log can only be enabled using Log4j
2019-08-29 12:13:10,947 [main] INFO  http.HttpServer2 (HttpServer2.java:addGlobalFilter(975)) - Added global filter 'safety' (class=org.apache.hadoop.http.HttpServer2$QuotingInputFilter)
2019-08-29 12:13:10,947 [main] INFO  http.HttpServer2 (HttpServer2.java:addFilter(948)) - Added filter static_user_filter (class=org.apache.hadoop.http.lib.StaticUserWebFilter$StaticUserFilter) to context hddsDatanode
2019-08-29 12:13:10,947 [main] INFO  http.HttpServer2 (HttpServer2.java:addFilter(958)) - Added filter static_user_filter (class=org.apache.hadoop.http.lib.StaticUserWebFilter$StaticUserFilter) to context logs
2019-08-29 12:13:10,948 [main] INFO  http.HttpServer2 (HttpServer2.java:addFilter(958)) - Added filter static_user_filter (class=org.apache.hadoop.http.lib.StaticUserWebFilter$StaticUserFilter) to context static
2019-08-29 12:13:10,948 [main] INFO  http.HttpServer2 (HttpServer2.java:bindListener(1191)) - Jetty bound to port 46439
2019-08-29 12:13:10,948 [main] INFO  server.Server (Server.java:doStart(351)) - jetty-9.3.24.v20180605, build timestamp: 2018-06-05T17:11:56Z, git hash: 84205aa28f11a4f31f2a3b86d1bba2cc8ab69827
2019-08-29 12:13:10,952 [main] INFO  handler.ContextHandler (ContextHandler.java:doStart(781)) - Started o.e.j.s.ServletContextHandler@55d58825{/logs,file:///workdir/hadoop-ozone/integration-test/target/log,AVAILABLE}
2019-08-29 12:13:10,953 [main] INFO  handler.ContextHandler (ContextHandler.java:doStart(781)) - Started o.e.j.s.ServletContextHandler@29a98d9f{/static,jar:file:/home/user/.m2/repository/org/apache/hadoop/hadoop-hdds-container-service/0.5.0-SNAPSHOT/hadoop-hdds-container-service-0.5.0-SNAPSHOT.jar!/webapps/static,AVAILABLE}
2019-08-29 12:13:10,989 [main] INFO  handler.ContextHandler (ContextHandler.java:doStart(781)) - Started o.e.j.w.WebAppContext@4acc5dff{/,file:///tmp/jetty-0.0.0.0-46439-hddsDatanode-_-any-8103218646656193988.dir/webapp/,AVAILABLE}{/hddsDatanode}
2019-08-29 12:13:10,991 [main] INFO  server.AbstractConnector (AbstractConnector.java:doStart(278)) - Started ServerConnector@10c72a6f{HTTP/1.1,[http/1.1]}{0.0.0.0:46439}
2019-08-29 12:13:10,992 [main] INFO  server.Server (Server.java:doStart(419)) - Started @6245ms
2019-08-29 12:13:10,993 [main] INFO  server.BaseHttpServer (BaseHttpServer.java:updateConnectorAddress(213)) - HTTP server of HDDSDATANODE is listening at http://0.0.0.0:46439
2019-08-29 12:13:10,993 [main] INFO  impl.MetricsSystemImpl (MetricsSystemImpl.java:init(158)) - HddsDatanode metrics system started (again)
2019-08-29 12:13:10,996 [org.apache.hadoop.util.JvmPauseMonitor$Monitor@53093b54] INFO  util.JvmPauseMonitor (JvmPauseMonitor.java:run(188)) - Starting JVM pause monitor
2019-08-29 12:13:10,997 [main] INFO  ozone.HddsDatanodeService (HddsDatanodeService.java:start(184)) - HddsDatanodeService host:pr-hdds-1054-24pjh-334729151 ip:192.168.5.180
2019-08-29 12:13:10,998 [Datanode State Machine Thread - 0] INFO  datanode.InitDatanodeState (InitDatanodeState.java:persistContainerDatanodeDetails(140)) - DatanodeDetails is persisted to /workdir/hadoop-ozone/integration-test/target/test-dir/MiniOzoneClusterImpl-9baf5c52-405e-4460-9619-8aa90c98357d/datanode-3/meta/datanode.id
2019-08-29 12:13:11,004 [main] INFO  volume.HddsVolume (HddsVolume.java:<init>(176)) - Creating Volume: /workdir/hadoop-ozone/integration-test/target/test-dir/MiniOzoneClusterImpl-9baf5c52-405e-4460-9619-8aa90c98357d/datanode-4/data/containers/hdds of  storage type : DISK and capacity : 1482555576320
2019-08-29 12:13:11,005 [main] INFO  volume.VolumeSet (VolumeSet.java:initializeVolumeSet(170)) - Added Volume : /workdir/hadoop-ozone/integration-test/target/test-dir/MiniOzoneClusterImpl-9baf5c52-405e-4460-9619-8aa90c98357d/datanode-4/data/containers/hdds to VolumeSet
2019-08-29 12:13:11,005 [main] INFO  volume.ThrottledAsyncChecker (ThrottledAsyncChecker.java:schedule(140)) - Scheduling a check for org.apache.hadoop.ozone.container.common.volume.HddsVolume@71e4b308
2019-08-29 12:13:11,006 [main] INFO  volume.HddsVolumeChecker (HddsVolumeChecker.java:checkAllVolumes(203)) - Scheduled health check for volume org.apache.hadoop.ozone.container.common.volume.HddsVolume@71e4b308
2019-08-29 12:13:11,021 [main] INFO  impl.RaftServerProxy (ConfUtils.java:logGet(43)) - raft.rpc.type = GRPC (default)
2019-08-29 12:13:11,021 [main] INFO  grpc.GrpcFactory (GrpcFactory.java:checkPooledByteBufAllocatorUseCacheForAllThreads(45)) - PERFORMANCE WARNING: useCacheForAllThreads is true that may cause Netty to create a lot garbage objects and, as a result, trigger GC.
	It is recommended to disable useCacheForAllThreads by setting -Dorg.apache.ratis.thirdparty.io.netty.allocator.useCacheForAllThreads=false in command line.
2019-08-29 12:13:11,022 [main] INFO  grpc.GrpcConfigKeys$Server (ConfUtils.java:logGet(43)) - raft.grpc.server.port = 0 (default)
2019-08-29 12:13:11,022 [main] INFO  server.GrpcService (ConfUtils.java:logGet(43)) - raft.grpc.message.size.max = 33570816 (custom)
2019-08-29 12:13:11,022 [main] INFO  server.RaftServerConfigKeys (ConfUtils.java:logGet(43)) - raft.server.log.appender.buffer.byte-limit = 33554432 (custom)
2019-08-29 12:13:11,022 [main] INFO  server.GrpcService (ConfUtils.java:logGet(43)) - raft.grpc.flow.control.window = 1MB (=1048576) (default)
2019-08-29 12:13:11,022 [main] INFO  server.RaftServerConfigKeys (ConfUtils.java:logGet(43)) - raft.server.rpc.request.timeout = 3000ms (default)
2019-08-29 12:13:11,023 [main] INFO  server.RaftServerConfigKeys (ConfUtils.java:logGet(43)) - raft.server.storage.dir = [/workdir/hadoop-ozone/integration-test/target/test-dir/MiniOzoneClusterImpl-9baf5c52-405e-4460-9619-8aa90c98357d/datanode-4/data/ratis] (custom)
2019-08-29 12:13:11,024 [main] INFO  hdfs.DFSUtil (DFSUtil.java:httpServerTemplateForNNAndJN(1641)) - Starting Web-server for hddsDatanode at: http://0.0.0.0:0
2019-08-29 12:13:11,026 [main] INFO  server.AuthenticationFilter (AuthenticationFilter.java:constructSecretProvider(240)) - Unable to initialize FileSignerSecretProvider, falling back to use random secrets.
2019-08-29 12:13:11,026 [main] WARN  http.HttpRequestLog (HttpRequestLog.java:getRequestLog(97)) - Jetty request log can only be enabled using Log4j
2019-08-29 12:13:11,028 [main] INFO  http.HttpServer2 (HttpServer2.java:addGlobalFilter(975)) - Added global filter 'safety' (class=org.apache.hadoop.http.HttpServer2$QuotingInputFilter)
2019-08-29 12:13:11,028 [main] INFO  http.HttpServer2 (HttpServer2.java:addFilter(948)) - Added filter static_user_filter (class=org.apache.hadoop.http.lib.StaticUserWebFilter$StaticUserFilter) to context hddsDatanode
2019-08-29 12:13:11,029 [main] INFO  http.HttpServer2 (HttpServer2.java:addFilter(958)) - Added filter static_user_filter (class=org.apache.hadoop.http.lib.StaticUserWebFilter$StaticUserFilter) to context static
2019-08-29 12:13:11,029 [main] INFO  http.HttpServer2 (HttpServer2.java:addFilter(958)) - Added filter static_user_filter (class=org.apache.hadoop.http.lib.StaticUserWebFilter$StaticUserFilter) to context logs
2019-08-29 12:13:11,029 [main] INFO  http.HttpServer2 (HttpServer2.java:bindListener(1191)) - Jetty bound to port 41867
2019-08-29 12:13:11,029 [main] INFO  server.Server (Server.java:doStart(351)) - jetty-9.3.24.v20180605, build timestamp: 2018-06-05T17:11:56Z, git hash: 84205aa28f11a4f31f2a3b86d1bba2cc8ab69827
2019-08-29 12:13:11,031 [main] INFO  handler.ContextHandler (ContextHandler.java:doStart(781)) - Started o.e.j.s.ServletContextHandler@4cb2918c{/logs,file:///workdir/hadoop-ozone/integration-test/target/log,AVAILABLE}
2019-08-29 12:13:11,032 [main] INFO  handler.ContextHandler (ContextHandler.java:doStart(781)) - Started o.e.j.s.ServletContextHandler@c2584d3{/static,jar:file:/home/user/.m2/repository/org/apache/hadoop/hadoop-hdds-container-service/0.5.0-SNAPSHOT/hadoop-hdds-container-service-0.5.0-SNAPSHOT.jar!/webapps/static,AVAILABLE}
2019-08-29 12:13:11,056 [main] INFO  handler.ContextHandler (ContextHandler.java:doStart(781)) - Started o.e.j.w.WebAppContext@2373ad99{/,file:///tmp/jetty-0.0.0.0-41867-hddsDatanode-_-any-2604991472653580867.dir/webapp/,AVAILABLE}{/hddsDatanode}
2019-08-29 12:13:11,058 [main] INFO  server.AbstractConnector (AbstractConnector.java:doStart(278)) - Started ServerConnector@33634f04{HTTP/1.1,[http/1.1]}{0.0.0.0:41867}
2019-08-29 12:13:11,058 [main] INFO  server.Server (Server.java:doStart(419)) - Started @6312ms
2019-08-29 12:13:11,059 [main] INFO  server.BaseHttpServer (BaseHttpServer.java:updateConnectorAddress(213)) - HTTP server of HDDSDATANODE is listening at http://0.0.0.0:41867
2019-08-29 12:13:11,059 [main] INFO  impl.MetricsSystemImpl (MetricsSystemImpl.java:init(158)) - HddsDatanode metrics system started (again)
2019-08-29 12:13:11,062 [org.apache.hadoop.util.JvmPauseMonitor$Monitor@3047911e] INFO  util.JvmPauseMonitor (JvmPauseMonitor.java:run(188)) - Starting JVM pause monitor
2019-08-29 12:13:11,063 [main] INFO  ozone.HddsDatanodeService (HddsDatanodeService.java:start(184)) - HddsDatanodeService host:pr-hdds-1054-24pjh-334729151 ip:192.168.5.180
2019-08-29 12:13:11,064 [Datanode State Machine Thread - 0] INFO  datanode.InitDatanodeState (InitDatanodeState.java:persistContainerDatanodeDetails(140)) - DatanodeDetails is persisted to /workdir/hadoop-ozone/integration-test/target/test-dir/MiniOzoneClusterImpl-9baf5c52-405e-4460-9619-8aa90c98357d/datanode-4/meta/datanode.id
2019-08-29 12:13:11,069 [main] INFO  volume.HddsVolume (HddsVolume.java:<init>(176)) - Creating Volume: /workdir/hadoop-ozone/integration-test/target/test-dir/MiniOzoneClusterImpl-9baf5c52-405e-4460-9619-8aa90c98357d/datanode-5/data/containers/hdds of  storage type : DISK and capacity : 1482555576320
2019-08-29 12:13:11,069 [main] INFO  volume.VolumeSet (VolumeSet.java:initializeVolumeSet(170)) - Added Volume : /workdir/hadoop-ozone/integration-test/target/test-dir/MiniOzoneClusterImpl-9baf5c52-405e-4460-9619-8aa90c98357d/datanode-5/data/containers/hdds to VolumeSet
2019-08-29 12:13:11,069 [main] INFO  volume.ThrottledAsyncChecker (ThrottledAsyncChecker.java:schedule(140)) - Scheduling a check for org.apache.hadoop.ozone.container.common.volume.HddsVolume@18578491
2019-08-29 12:13:11,070 [main] INFO  volume.HddsVolumeChecker (HddsVolumeChecker.java:checkAllVolumes(203)) - Scheduled health check for volume org.apache.hadoop.ozone.container.common.volume.HddsVolume@18578491
2019-08-29 12:13:11,085 [main] INFO  impl.RaftServerProxy (ConfUtils.java:logGet(43)) - raft.rpc.type = GRPC (default)
2019-08-29 12:13:11,085 [main] INFO  grpc.GrpcFactory (GrpcFactory.java:checkPooledByteBufAllocatorUseCacheForAllThreads(45)) - PERFORMANCE WARNING: useCacheForAllThreads is true that may cause Netty to create a lot garbage objects and, as a result, trigger GC.
	It is recommended to disable useCacheForAllThreads by setting -Dorg.apache.ratis.thirdparty.io.netty.allocator.useCacheForAllThreads=false in command line.
2019-08-29 12:13:11,085 [main] INFO  grpc.GrpcConfigKeys$Server (ConfUtils.java:logGet(43)) - raft.grpc.server.port = 0 (default)
2019-08-29 12:13:11,085 [main] INFO  server.GrpcService (ConfUtils.java:logGet(43)) - raft.grpc.message.size.max = 33570816 (custom)
2019-08-29 12:13:11,085 [main] INFO  server.RaftServerConfigKeys (ConfUtils.java:logGet(43)) - raft.server.log.appender.buffer.byte-limit = 33554432 (custom)
2019-08-29 12:13:11,086 [main] INFO  server.GrpcService (ConfUtils.java:logGet(43)) - raft.grpc.flow.control.window = 1MB (=1048576) (default)
2019-08-29 12:13:11,086 [main] INFO  server.RaftServerConfigKeys (ConfUtils.java:logGet(43)) - raft.server.rpc.request.timeout = 3000ms (default)
2019-08-29 12:13:11,086 [main] INFO  server.RaftServerConfigKeys (ConfUtils.java:logGet(43)) - raft.server.storage.dir = [/workdir/hadoop-ozone/integration-test/target/test-dir/MiniOzoneClusterImpl-9baf5c52-405e-4460-9619-8aa90c98357d/datanode-5/data/ratis] (custom)
2019-08-29 12:13:11,088 [main] INFO  hdfs.DFSUtil (DFSUtil.java:httpServerTemplateForNNAndJN(1641)) - Starting Web-server for hddsDatanode at: http://0.0.0.0:0
2019-08-29 12:13:11,089 [main] INFO  server.AuthenticationFilter (AuthenticationFilter.java:constructSecretProvider(240)) - Unable to initialize FileSignerSecretProvider, falling back to use random secrets.
2019-08-29 12:13:11,090 [main] WARN  http.HttpRequestLog (HttpRequestLog.java:getRequestLog(97)) - Jetty request log can only be enabled using Log4j
2019-08-29 12:13:11,091 [main] INFO  http.HttpServer2 (HttpServer2.java:addGlobalFilter(975)) - Added global filter 'safety' (class=org.apache.hadoop.http.HttpServer2$QuotingInputFilter)
2019-08-29 12:13:11,092 [main] INFO  http.HttpServer2 (HttpServer2.java:addFilter(948)) - Added filter static_user_filter (class=org.apache.hadoop.http.lib.StaticUserWebFilter$StaticUserFilter) to context hddsDatanode
2019-08-29 12:13:11,092 [main] INFO  http.HttpServer2 (HttpServer2.java:addFilter(958)) - Added filter static_user_filter (class=org.apache.hadoop.http.lib.StaticUserWebFilter$StaticUserFilter) to context static
2019-08-29 12:13:11,092 [main] INFO  http.HttpServer2 (HttpServer2.java:addFilter(958)) - Added filter static_user_filter (class=org.apache.hadoop.http.lib.StaticUserWebFilter$StaticUserFilter) to context logs
2019-08-29 12:13:11,093 [main] INFO  http.HttpServer2 (HttpServer2.java:bindListener(1191)) - Jetty bound to port 46142
2019-08-29 12:13:11,093 [main] INFO  server.Server (Server.java:doStart(351)) - jetty-9.3.24.v20180605, build timestamp: 2018-06-05T17:11:56Z, git hash: 84205aa28f11a4f31f2a3b86d1bba2cc8ab69827
2019-08-29 12:13:11,094 [main] INFO  handler.ContextHandler (ContextHandler.java:doStart(781)) - Started o.e.j.s.ServletContextHandler@5ad5be4a{/logs,file:///workdir/hadoop-ozone/integration-test/target/log,AVAILABLE}
2019-08-29 12:13:11,095 [main] INFO  handler.ContextHandler (ContextHandler.java:doStart(781)) - Started o.e.j.s.ServletContextHandler@737d100a{/static,jar:file:/home/user/.m2/repository/org/apache/hadoop/hadoop-hdds-container-service/0.5.0-SNAPSHOT/hadoop-hdds-container-service-0.5.0-SNAPSHOT.jar!/webapps/static,AVAILABLE}
2019-08-29 12:13:11,120 [main] INFO  handler.ContextHandler (ContextHandler.java:doStart(781)) - Started o.e.j.w.WebAppContext@80bfa9d{/,file:///tmp/jetty-0.0.0.0-46142-hddsDatanode-_-any-2756045790932093796.dir/webapp/,AVAILABLE}{/hddsDatanode}
2019-08-29 12:13:11,121 [main] INFO  server.AbstractConnector (AbstractConnector.java:doStart(278)) - Started ServerConnector@47c40b56{HTTP/1.1,[http/1.1]}{0.0.0.0:46142}
2019-08-29 12:13:11,122 [main] INFO  server.Server (Server.java:doStart(419)) - Started @6375ms
2019-08-29 12:13:11,122 [main] INFO  server.BaseHttpServer (BaseHttpServer.java:updateConnectorAddress(213)) - HTTP server of HDDSDATANODE is listening at http://0.0.0.0:46142
2019-08-29 12:13:11,123 [main] INFO  impl.MetricsSystemImpl (MetricsSystemImpl.java:init(158)) - HddsDatanode metrics system started (again)
2019-08-29 12:13:11,126 [org.apache.hadoop.util.JvmPauseMonitor$Monitor@1af6f650] INFO  util.JvmPauseMonitor (JvmPauseMonitor.java:run(188)) - Starting JVM pause monitor
2019-08-29 12:13:11,126 [main] INFO  ozone.HddsDatanodeService (HddsDatanodeService.java:start(184)) - HddsDatanodeService host:pr-hdds-1054-24pjh-334729151 ip:192.168.5.180
2019-08-29 12:13:11,128 [Datanode State Machine Thread - 0] INFO  datanode.InitDatanodeState (InitDatanodeState.java:persistContainerDatanodeDetails(140)) - DatanodeDetails is persisted to /workdir/hadoop-ozone/integration-test/target/test-dir/MiniOzoneClusterImpl-9baf5c52-405e-4460-9619-8aa90c98357d/datanode-5/meta/datanode.id
2019-08-29 12:13:11,134 [main] INFO  volume.HddsVolume (HddsVolume.java:<init>(176)) - Creating Volume: /workdir/hadoop-ozone/integration-test/target/test-dir/MiniOzoneClusterImpl-9baf5c52-405e-4460-9619-8aa90c98357d/datanode-6/data/containers/hdds of  storage type : DISK and capacity : 1482555576320
2019-08-29 12:13:11,134 [main] INFO  volume.VolumeSet (VolumeSet.java:initializeVolumeSet(170)) - Added Volume : /workdir/hadoop-ozone/integration-test/target/test-dir/MiniOzoneClusterImpl-9baf5c52-405e-4460-9619-8aa90c98357d/datanode-6/data/containers/hdds to VolumeSet
2019-08-29 12:13:11,134 [main] INFO  volume.ThrottledAsyncChecker (ThrottledAsyncChecker.java:schedule(140)) - Scheduling a check for org.apache.hadoop.ozone.container.common.volume.HddsVolume@57435801
2019-08-29 12:13:11,135 [main] INFO  volume.HddsVolumeChecker (HddsVolumeChecker.java:checkAllVolumes(203)) - Scheduled health check for volume org.apache.hadoop.ozone.container.common.volume.HddsVolume@57435801
2019-08-29 12:13:11,149 [main] INFO  impl.RaftServerProxy (ConfUtils.java:logGet(43)) - raft.rpc.type = GRPC (default)
2019-08-29 12:13:11,149 [main] INFO  grpc.GrpcFactory (GrpcFactory.java:checkPooledByteBufAllocatorUseCacheForAllThreads(45)) - PERFORMANCE WARNING: useCacheForAllThreads is true that may cause Netty to create a lot garbage objects and, as a result, trigger GC.
	It is recommended to disable useCacheForAllThreads by setting -Dorg.apache.ratis.thirdparty.io.netty.allocator.useCacheForAllThreads=false in command line.
2019-08-29 12:13:11,149 [main] INFO  grpc.GrpcConfigKeys$Server (ConfUtils.java:logGet(43)) - raft.grpc.server.port = 0 (default)
2019-08-29 12:13:11,149 [main] INFO  server.GrpcService (ConfUtils.java:logGet(43)) - raft.grpc.message.size.max = 33570816 (custom)
2019-08-29 12:13:11,150 [main] INFO  server.RaftServerConfigKeys (ConfUtils.java:logGet(43)) - raft.server.log.appender.buffer.byte-limit = 33554432 (custom)
2019-08-29 12:13:11,150 [main] INFO  server.GrpcService (ConfUtils.java:logGet(43)) - raft.grpc.flow.control.window = 1MB (=1048576) (default)
2019-08-29 12:13:11,150 [main] INFO  server.RaftServerConfigKeys (ConfUtils.java:logGet(43)) - raft.server.rpc.request.timeout = 3000ms (default)
2019-08-29 12:13:11,151 [main] INFO  server.RaftServerConfigKeys (ConfUtils.java:logGet(43)) - raft.server.storage.dir = [/workdir/hadoop-ozone/integration-test/target/test-dir/MiniOzoneClusterImpl-9baf5c52-405e-4460-9619-8aa90c98357d/datanode-6/data/ratis] (custom)
2019-08-29 12:13:11,152 [main] INFO  hdfs.DFSUtil (DFSUtil.java:httpServerTemplateForNNAndJN(1641)) - Starting Web-server for hddsDatanode at: http://0.0.0.0:0
2019-08-29 12:13:11,153 [main] INFO  server.AuthenticationFilter (AuthenticationFilter.java:constructSecretProvider(240)) - Unable to initialize FileSignerSecretProvider, falling back to use random secrets.
2019-08-29 12:13:11,154 [main] WARN  http.HttpRequestLog (HttpRequestLog.java:getRequestLog(97)) - Jetty request log can only be enabled using Log4j
2019-08-29 12:13:11,155 [main] INFO  http.HttpServer2 (HttpServer2.java:addGlobalFilter(975)) - Added global filter 'safety' (class=org.apache.hadoop.http.HttpServer2$QuotingInputFilter)
2019-08-29 12:13:11,156 [main] INFO  http.HttpServer2 (HttpServer2.java:addFilter(948)) - Added filter static_user_filter (class=org.apache.hadoop.http.lib.StaticUserWebFilter$StaticUserFilter) to context hddsDatanode
2019-08-29 12:13:11,156 [main] INFO  http.HttpServer2 (HttpServer2.java:addFilter(958)) - Added filter static_user_filter (class=org.apache.hadoop.http.lib.StaticUserWebFilter$StaticUserFilter) to context static
2019-08-29 12:13:11,156 [main] INFO  http.HttpServer2 (HttpServer2.java:addFilter(958)) - Added filter static_user_filter (class=org.apache.hadoop.http.lib.StaticUserWebFilter$StaticUserFilter) to context logs
2019-08-29 12:13:11,157 [main] INFO  http.HttpServer2 (HttpServer2.java:bindListener(1191)) - Jetty bound to port 37121
2019-08-29 12:13:11,157 [main] INFO  server.Server (Server.java:doStart(351)) - jetty-9.3.24.v20180605, build timestamp: 2018-06-05T17:11:56Z, git hash: 84205aa28f11a4f31f2a3b86d1bba2cc8ab69827
2019-08-29 12:13:11,158 [main] INFO  handler.ContextHandler (ContextHandler.java:doStart(781)) - Started o.e.j.s.ServletContextHandler@8d8f754{/logs,file:///workdir/hadoop-ozone/integration-test/target/log,AVAILABLE}
2019-08-29 12:13:11,159 [main] INFO  handler.ContextHandler (ContextHandler.java:doStart(781)) - Started o.e.j.s.ServletContextHandler@25673087{/static,jar:file:/home/user/.m2/repository/org/apache/hadoop/hadoop-hdds-container-service/0.5.0-SNAPSHOT/hadoop-hdds-container-service-0.5.0-SNAPSHOT.jar!/webapps/static,AVAILABLE}
2019-08-29 12:13:11,188 [main] INFO  handler.ContextHandler (ContextHandler.java:doStart(781)) - Started o.e.j.w.WebAppContext@3791f50e{/,file:///tmp/jetty-0.0.0.0-37121-hddsDatanode-_-any-3172994356480757084.dir/webapp/,AVAILABLE}{/hddsDatanode}
2019-08-29 12:13:11,190 [main] INFO  server.AbstractConnector (AbstractConnector.java:doStart(278)) - Started ServerConnector@574b7f4a{HTTP/1.1,[http/1.1]}{0.0.0.0:37121}
2019-08-29 12:13:11,190 [main] INFO  server.Server (Server.java:doStart(419)) - Started @6444ms
2019-08-29 12:13:11,191 [main] INFO  server.BaseHttpServer (BaseHttpServer.java:updateConnectorAddress(213)) - HTTP server of HDDSDATANODE is listening at http://0.0.0.0:37121
2019-08-29 12:13:11,192 [main] INFO  impl.MetricsSystemImpl (MetricsSystemImpl.java:init(158)) - HddsDatanode metrics system started (again)
2019-08-29 12:13:11,195 [org.apache.hadoop.util.JvmPauseMonitor$Monitor@61afcd5c] INFO  util.JvmPauseMonitor (JvmPauseMonitor.java:run(188)) - Starting JVM pause monitor
2019-08-29 12:13:11,196 [main] INFO  ozone.HddsDatanodeService (HddsDatanodeService.java:start(184)) - HddsDatanodeService host:pr-hdds-1054-24pjh-334729151 ip:192.168.5.180
2019-08-29 12:13:11,197 [Datanode State Machine Thread - 0] INFO  datanode.InitDatanodeState (InitDatanodeState.java:persistContainerDatanodeDetails(140)) - DatanodeDetails is persisted to /workdir/hadoop-ozone/integration-test/target/test-dir/MiniOzoneClusterImpl-9baf5c52-405e-4460-9619-8aa90c98357d/datanode-6/meta/datanode.id
2019-08-29 12:13:11,204 [main] INFO  volume.HddsVolume (HddsVolume.java:<init>(176)) - Creating Volume: /workdir/hadoop-ozone/integration-test/target/test-dir/MiniOzoneClusterImpl-9baf5c52-405e-4460-9619-8aa90c98357d/datanode-7/data/containers/hdds of  storage type : DISK and capacity : 1482555576320
2019-08-29 12:13:11,204 [main] INFO  volume.VolumeSet (VolumeSet.java:initializeVolumeSet(170)) - Added Volume : /workdir/hadoop-ozone/integration-test/target/test-dir/MiniOzoneClusterImpl-9baf5c52-405e-4460-9619-8aa90c98357d/datanode-7/data/containers/hdds to VolumeSet
2019-08-29 12:13:11,204 [main] INFO  volume.ThrottledAsyncChecker (ThrottledAsyncChecker.java:schedule(140)) - Scheduling a check for org.apache.hadoop.ozone.container.common.volume.HddsVolume@58f437b0
2019-08-29 12:13:11,205 [main] INFO  volume.HddsVolumeChecker (HddsVolumeChecker.java:checkAllVolumes(203)) - Scheduled health check for volume org.apache.hadoop.ozone.container.common.volume.HddsVolume@58f437b0
2019-08-29 12:13:11,217 [main] INFO  impl.RaftServerProxy (ConfUtils.java:logGet(43)) - raft.rpc.type = GRPC (default)
2019-08-29 12:13:11,217 [main] INFO  grpc.GrpcFactory (GrpcFactory.java:checkPooledByteBufAllocatorUseCacheForAllThreads(45)) - PERFORMANCE WARNING: useCacheForAllThreads is true that may cause Netty to create a lot garbage objects and, as a result, trigger GC.
	It is recommended to disable useCacheForAllThreads by setting -Dorg.apache.ratis.thirdparty.io.netty.allocator.useCacheForAllThreads=false in command line.
2019-08-29 12:13:11,218 [main] INFO  grpc.GrpcConfigKeys$Server (ConfUtils.java:logGet(43)) - raft.grpc.server.port = 0 (default)
2019-08-29 12:13:11,218 [main] INFO  server.GrpcService (ConfUtils.java:logGet(43)) - raft.grpc.message.size.max = 33570816 (custom)
2019-08-29 12:13:11,218 [main] INFO  server.RaftServerConfigKeys (ConfUtils.java:logGet(43)) - raft.server.log.appender.buffer.byte-limit = 33554432 (custom)
2019-08-29 12:13:11,218 [main] INFO  server.GrpcService (ConfUtils.java:logGet(43)) - raft.grpc.flow.control.window = 1MB (=1048576) (default)
2019-08-29 12:13:11,218 [main] INFO  server.RaftServerConfigKeys (ConfUtils.java:logGet(43)) - raft.server.rpc.request.timeout = 3000ms (default)
2019-08-29 12:13:11,219 [main] INFO  server.RaftServerConfigKeys (ConfUtils.java:logGet(43)) - raft.server.storage.dir = [/workdir/hadoop-ozone/integration-test/target/test-dir/MiniOzoneClusterImpl-9baf5c52-405e-4460-9619-8aa90c98357d/datanode-7/data/ratis] (custom)
2019-08-29 12:13:11,220 [main] INFO  hdfs.DFSUtil (DFSUtil.java:httpServerTemplateForNNAndJN(1641)) - Starting Web-server for hddsDatanode at: http://0.0.0.0:0
2019-08-29 12:13:11,221 [main] INFO  server.AuthenticationFilter (AuthenticationFilter.java:constructSecretProvider(240)) - Unable to initialize FileSignerSecretProvider, falling back to use random secrets.
2019-08-29 12:13:11,222 [main] WARN  http.HttpRequestLog (HttpRequestLog.java:getRequestLog(97)) - Jetty request log can only be enabled using Log4j
2019-08-29 12:13:11,223 [main] INFO  http.HttpServer2 (HttpServer2.java:addGlobalFilter(975)) - Added global filter 'safety' (class=org.apache.hadoop.http.HttpServer2$QuotingInputFilter)
2019-08-29 12:13:11,224 [main] INFO  http.HttpServer2 (HttpServer2.java:addFilter(948)) - Added filter static_user_filter (class=org.apache.hadoop.http.lib.StaticUserWebFilter$StaticUserFilter) to context hddsDatanode
2019-08-29 12:13:11,224 [main] INFO  http.HttpServer2 (HttpServer2.java:addFilter(958)) - Added filter static_user_filter (class=org.apache.hadoop.http.lib.StaticUserWebFilter$StaticUserFilter) to context logs
2019-08-29 12:13:11,224 [main] INFO  http.HttpServer2 (HttpServer2.java:addFilter(958)) - Added filter static_user_filter (class=org.apache.hadoop.http.lib.StaticUserWebFilter$StaticUserFilter) to context static
2019-08-29 12:13:11,225 [main] INFO  http.HttpServer2 (HttpServer2.java:bindListener(1191)) - Jetty bound to port 37275
2019-08-29 12:13:11,225 [main] INFO  server.Server (Server.java:doStart(351)) - jetty-9.3.24.v20180605, build timestamp: 2018-06-05T17:11:56Z, git hash: 84205aa28f11a4f31f2a3b86d1bba2cc8ab69827
2019-08-29 12:13:11,226 [main] INFO  handler.ContextHandler (ContextHandler.java:doStart(781)) - Started o.e.j.s.ServletContextHandler@5981f4a6{/logs,file:///workdir/hadoop-ozone/integration-test/target/log,AVAILABLE}
2019-08-29 12:13:11,227 [main] INFO  handler.ContextHandler (ContextHandler.java:doStart(781)) - Started o.e.j.s.ServletContextHandler@6f231ced{/static,jar:file:/home/user/.m2/repository/org/apache/hadoop/hadoop-hdds-container-service/0.5.0-SNAPSHOT/hadoop-hdds-container-service-0.5.0-SNAPSHOT.jar!/webapps/static,AVAILABLE}
2019-08-29 12:13:11,252 [main] INFO  handler.ContextHandler (ContextHandler.java:doStart(781)) - Started o.e.j.w.WebAppContext@427ae189{/,file:///tmp/jetty-0.0.0.0-37275-hddsDatanode-_-any-3505878887549134311.dir/webapp/,AVAILABLE}{/hddsDatanode}
2019-08-29 12:13:11,253 [main] INFO  server.AbstractConnector (AbstractConnector.java:doStart(278)) - Started ServerConnector@16a9eb2e{HTTP/1.1,[http/1.1]}{0.0.0.0:37275}
2019-08-29 12:13:11,254 [main] INFO  server.Server (Server.java:doStart(419)) - Started @6508ms
2019-08-29 12:13:11,255 [main] INFO  server.BaseHttpServer (BaseHttpServer.java:updateConnectorAddress(213)) - HTTP server of HDDSDATANODE is listening at http://0.0.0.0:37275
2019-08-29 12:13:11,255 [main] INFO  impl.MetricsSystemImpl (MetricsSystemImpl.java:init(158)) - HddsDatanode metrics system started (again)
2019-08-29 12:13:11,259 [org.apache.hadoop.util.JvmPauseMonitor$Monitor@3e4d9a40] INFO  util.JvmPauseMonitor (JvmPauseMonitor.java:run(188)) - Starting JVM pause monitor
2019-08-29 12:13:11,260 [main] INFO  ozone.HddsDatanodeService (HddsDatanodeService.java:start(184)) - HddsDatanodeService host:pr-hdds-1054-24pjh-334729151 ip:192.168.5.180
2019-08-29 12:13:11,261 [Datanode State Machine Thread - 0] INFO  datanode.InitDatanodeState (InitDatanodeState.java:persistContainerDatanodeDetails(140)) - DatanodeDetails is persisted to /workdir/hadoop-ozone/integration-test/target/test-dir/MiniOzoneClusterImpl-9baf5c52-405e-4460-9619-8aa90c98357d/datanode-7/meta/datanode.id
2019-08-29 12:13:11,269 [main] INFO  volume.HddsVolume (HddsVolume.java:<init>(176)) - Creating Volume: /workdir/hadoop-ozone/integration-test/target/test-dir/MiniOzoneClusterImpl-9baf5c52-405e-4460-9619-8aa90c98357d/datanode-8/data/containers/hdds of  storage type : DISK and capacity : 1482555576320
2019-08-29 12:13:11,269 [main] INFO  volume.VolumeSet (VolumeSet.java:initializeVolumeSet(170)) - Added Volume : /workdir/hadoop-ozone/integration-test/target/test-dir/MiniOzoneClusterImpl-9baf5c52-405e-4460-9619-8aa90c98357d/datanode-8/data/containers/hdds to VolumeSet
2019-08-29 12:13:11,269 [main] INFO  volume.ThrottledAsyncChecker (ThrottledAsyncChecker.java:schedule(140)) - Scheduling a check for org.apache.hadoop.ozone.container.common.volume.HddsVolume@5b3bb1f7
2019-08-29 12:13:11,270 [main] INFO  volume.HddsVolumeChecker (HddsVolumeChecker.java:checkAllVolumes(203)) - Scheduled health check for volume org.apache.hadoop.ozone.container.common.volume.HddsVolume@5b3bb1f7
2019-08-29 12:13:11,284 [main] INFO  impl.RaftServerProxy (ConfUtils.java:logGet(43)) - raft.rpc.type = GRPC (default)
2019-08-29 12:13:11,284 [main] INFO  grpc.GrpcFactory (GrpcFactory.java:checkPooledByteBufAllocatorUseCacheForAllThreads(45)) - PERFORMANCE WARNING: useCacheForAllThreads is true that may cause Netty to create a lot garbage objects and, as a result, trigger GC.
	It is recommended to disable useCacheForAllThreads by setting -Dorg.apache.ratis.thirdparty.io.netty.allocator.useCacheForAllThreads=false in command line.
2019-08-29 12:13:11,284 [main] INFO  grpc.GrpcConfigKeys$Server (ConfUtils.java:logGet(43)) - raft.grpc.server.port = 0 (default)
2019-08-29 12:13:11,285 [main] INFO  server.GrpcService (ConfUtils.java:logGet(43)) - raft.grpc.message.size.max = 33570816 (custom)
2019-08-29 12:13:11,285 [main] INFO  server.RaftServerConfigKeys (ConfUtils.java:logGet(43)) - raft.server.log.appender.buffer.byte-limit = 33554432 (custom)
2019-08-29 12:13:11,285 [main] INFO  server.GrpcService (ConfUtils.java:logGet(43)) - raft.grpc.flow.control.window = 1MB (=1048576) (default)
2019-08-29 12:13:11,285 [main] INFO  server.RaftServerConfigKeys (ConfUtils.java:logGet(43)) - raft.server.rpc.request.timeout = 3000ms (default)
2019-08-29 12:13:11,286 [main] INFO  server.RaftServerConfigKeys (ConfUtils.java:logGet(43)) - raft.server.storage.dir = [/workdir/hadoop-ozone/integration-test/target/test-dir/MiniOzoneClusterImpl-9baf5c52-405e-4460-9619-8aa90c98357d/datanode-8/data/ratis] (custom)
2019-08-29 12:13:11,287 [main] INFO  hdfs.DFSUtil (DFSUtil.java:httpServerTemplateForNNAndJN(1641)) - Starting Web-server for hddsDatanode at: http://0.0.0.0:0
2019-08-29 12:13:11,289 [main] INFO  server.AuthenticationFilter (AuthenticationFilter.java:constructSecretProvider(240)) - Unable to initialize FileSignerSecretProvider, falling back to use random secrets.
2019-08-29 12:13:11,289 [main] WARN  http.HttpRequestLog (HttpRequestLog.java:getRequestLog(97)) - Jetty request log can only be enabled using Log4j
2019-08-29 12:13:11,291 [main] INFO  http.HttpServer2 (HttpServer2.java:addGlobalFilter(975)) - Added global filter 'safety' (class=org.apache.hadoop.http.HttpServer2$QuotingInputFilter)
2019-08-29 12:13:11,291 [main] INFO  http.HttpServer2 (HttpServer2.java:addFilter(948)) - Added filter static_user_filter (class=org.apache.hadoop.http.lib.StaticUserWebFilter$StaticUserFilter) to context hddsDatanode
2019-08-29 12:13:11,291 [main] INFO  http.HttpServer2 (HttpServer2.java:addFilter(958)) - Added filter static_user_filter (class=org.apache.hadoop.http.lib.StaticUserWebFilter$StaticUserFilter) to context static
2019-08-29 12:13:11,291 [main] INFO  http.HttpServer2 (HttpServer2.java:addFilter(958)) - Added filter static_user_filter (class=org.apache.hadoop.http.lib.StaticUserWebFilter$StaticUserFilter) to context logs
2019-08-29 12:13:11,292 [main] INFO  http.HttpServer2 (HttpServer2.java:bindListener(1191)) - Jetty bound to port 36615
2019-08-29 12:13:11,292 [main] INFO  server.Server (Server.java:doStart(351)) - jetty-9.3.24.v20180605, build timestamp: 2018-06-05T17:11:56Z, git hash: 84205aa28f11a4f31f2a3b86d1bba2cc8ab69827
2019-08-29 12:13:11,294 [main] INFO  handler.ContextHandler (ContextHandler.java:doStart(781)) - Started o.e.j.s.ServletContextHandler@69d45cca{/logs,file:///workdir/hadoop-ozone/integration-test/target/log,AVAILABLE}
2019-08-29 12:13:11,294 [main] INFO  handler.ContextHandler (ContextHandler.java:doStart(781)) - Started o.e.j.s.ServletContextHandler@6e6d4780{/static,jar:file:/home/user/.m2/repository/org/apache/hadoop/hadoop-hdds-container-service/0.5.0-SNAPSHOT/hadoop-hdds-container-service-0.5.0-SNAPSHOT.jar!/webapps/static,AVAILABLE}
2019-08-29 12:13:11,319 [main] INFO  handler.ContextHandler (ContextHandler.java:doStart(781)) - Started o.e.j.w.WebAppContext@3b5c665c{/,file:///tmp/jetty-0.0.0.0-36615-hddsDatanode-_-any-8035877757512356301.dir/webapp/,AVAILABLE}{/hddsDatanode}
2019-08-29 12:13:11,319 [main] INFO  server.AbstractConnector (AbstractConnector.java:doStart(278)) - Started ServerConnector@78e17a99{HTTP/1.1,[http/1.1]}{0.0.0.0:36615}
2019-08-29 12:13:11,321 [main] INFO  server.Server (Server.java:doStart(419)) - Started @6574ms
2019-08-29 12:13:11,321 [main] INFO  server.BaseHttpServer (BaseHttpServer.java:updateConnectorAddress(213)) - HTTP server of HDDSDATANODE is listening at http://0.0.0.0:36615
2019-08-29 12:13:11,322 [main] INFO  impl.MetricsSystemImpl (MetricsSystemImpl.java:init(158)) - HddsDatanode metrics system started (again)
2019-08-29 12:13:11,325 [org.apache.hadoop.util.JvmPauseMonitor$Monitor@6a4bf6a2] INFO  util.JvmPauseMonitor (JvmPauseMonitor.java:run(188)) - Starting JVM pause monitor
2019-08-29 12:13:11,327 [main] INFO  ozone.HddsDatanodeService (HddsDatanodeService.java:start(184)) - HddsDatanodeService host:pr-hdds-1054-24pjh-334729151 ip:192.168.5.180
2019-08-29 12:13:11,328 [Datanode State Machine Thread - 0] INFO  datanode.InitDatanodeState (InitDatanodeState.java:persistContainerDatanodeDetails(140)) - DatanodeDetails is persisted to /workdir/hadoop-ozone/integration-test/target/test-dir/MiniOzoneClusterImpl-9baf5c52-405e-4460-9619-8aa90c98357d/datanode-8/meta/datanode.id
2019-08-29 12:13:11,333 [main] INFO  volume.HddsVolume (HddsVolume.java:<init>(176)) - Creating Volume: /workdir/hadoop-ozone/integration-test/target/test-dir/MiniOzoneClusterImpl-9baf5c52-405e-4460-9619-8aa90c98357d/datanode-9/data/containers/hdds of  storage type : DISK and capacity : 1482555576320
2019-08-29 12:13:11,333 [main] INFO  volume.VolumeSet (VolumeSet.java:initializeVolumeSet(170)) - Added Volume : /workdir/hadoop-ozone/integration-test/target/test-dir/MiniOzoneClusterImpl-9baf5c52-405e-4460-9619-8aa90c98357d/datanode-9/data/containers/hdds to VolumeSet
2019-08-29 12:13:11,333 [main] INFO  volume.ThrottledAsyncChecker (ThrottledAsyncChecker.java:schedule(140)) - Scheduling a check for org.apache.hadoop.ozone.container.common.volume.HddsVolume@7d7cac8
2019-08-29 12:13:11,334 [main] INFO  volume.HddsVolumeChecker (HddsVolumeChecker.java:checkAllVolumes(203)) - Scheduled health check for volume org.apache.hadoop.ozone.container.common.volume.HddsVolume@7d7cac8
2019-08-29 12:13:11,346 [main] INFO  impl.RaftServerProxy (ConfUtils.java:logGet(43)) - raft.rpc.type = GRPC (default)
2019-08-29 12:13:11,346 [main] INFO  grpc.GrpcFactory (GrpcFactory.java:checkPooledByteBufAllocatorUseCacheForAllThreads(45)) - PERFORMANCE WARNING: useCacheForAllThreads is true that may cause Netty to create a lot garbage objects and, as a result, trigger GC.
	It is recommended to disable useCacheForAllThreads by setting -Dorg.apache.ratis.thirdparty.io.netty.allocator.useCacheForAllThreads=false in command line.
2019-08-29 12:13:11,347 [main] INFO  grpc.GrpcConfigKeys$Server (ConfUtils.java:logGet(43)) - raft.grpc.server.port = 0 (default)
2019-08-29 12:13:11,347 [main] INFO  server.GrpcService (ConfUtils.java:logGet(43)) - raft.grpc.message.size.max = 33570816 (custom)
2019-08-29 12:13:11,347 [main] INFO  server.RaftServerConfigKeys (ConfUtils.java:logGet(43)) - raft.server.log.appender.buffer.byte-limit = 33554432 (custom)
2019-08-29 12:13:11,347 [main] INFO  server.GrpcService (ConfUtils.java:logGet(43)) - raft.grpc.flow.control.window = 1MB (=1048576) (default)
2019-08-29 12:13:11,347 [main] INFO  server.RaftServerConfigKeys (ConfUtils.java:logGet(43)) - raft.server.rpc.request.timeout = 3000ms (default)
2019-08-29 12:13:11,348 [main] INFO  server.RaftServerConfigKeys (ConfUtils.java:logGet(43)) - raft.server.storage.dir = [/workdir/hadoop-ozone/integration-test/target/test-dir/MiniOzoneClusterImpl-9baf5c52-405e-4460-9619-8aa90c98357d/datanode-9/data/ratis] (custom)
2019-08-29 12:13:11,349 [main] INFO  hdfs.DFSUtil (DFSUtil.java:httpServerTemplateForNNAndJN(1641)) - Starting Web-server for hddsDatanode at: http://0.0.0.0:0
2019-08-29 12:13:11,350 [main] INFO  server.AuthenticationFilter (AuthenticationFilter.java:constructSecretProvider(240)) - Unable to initialize FileSignerSecretProvider, falling back to use random secrets.
2019-08-29 12:13:11,351 [main] WARN  http.HttpRequestLog (HttpRequestLog.java:getRequestLog(97)) - Jetty request log can only be enabled using Log4j
2019-08-29 12:13:11,352 [main] INFO  http.HttpServer2 (HttpServer2.java:addGlobalFilter(975)) - Added global filter 'safety' (class=org.apache.hadoop.http.HttpServer2$QuotingInputFilter)
2019-08-29 12:13:11,353 [main] INFO  http.HttpServer2 (HttpServer2.java:addFilter(948)) - Added filter static_user_filter (class=org.apache.hadoop.http.lib.StaticUserWebFilter$StaticUserFilter) to context hddsDatanode
2019-08-29 12:13:11,353 [main] INFO  http.HttpServer2 (HttpServer2.java:addFilter(958)) - Added filter static_user_filter (class=org.apache.hadoop.http.lib.StaticUserWebFilter$StaticUserFilter) to context logs
2019-08-29 12:13:11,353 [main] INFO  http.HttpServer2 (HttpServer2.java:addFilter(958)) - Added filter static_user_filter (class=org.apache.hadoop.http.lib.StaticUserWebFilter$StaticUserFilter) to context static
2019-08-29 12:13:11,354 [main] INFO  http.HttpServer2 (HttpServer2.java:bindListener(1191)) - Jetty bound to port 44044
2019-08-29 12:13:11,354 [main] INFO  server.Server (Server.java:doStart(351)) - jetty-9.3.24.v20180605, build timestamp: 2018-06-05T17:11:56Z, git hash: 84205aa28f11a4f31f2a3b86d1bba2cc8ab69827
2019-08-29 12:13:11,355 [main] INFO  handler.ContextHandler (ContextHandler.java:doStart(781)) - Started o.e.j.s.ServletContextHandler@46a488c2{/logs,file:///workdir/hadoop-ozone/integration-test/target/log,AVAILABLE}
2019-08-29 12:13:11,356 [main] INFO  handler.ContextHandler (ContextHandler.java:doStart(781)) - Started o.e.j.s.ServletContextHandler@65ddee5a{/static,jar:file:/home/user/.m2/repository/org/apache/hadoop/hadoop-hdds-container-service/0.5.0-SNAPSHOT/hadoop-hdds-container-service-0.5.0-SNAPSHOT.jar!/webapps/static,AVAILABLE}
2019-08-29 12:13:11,381 [main] INFO  handler.ContextHandler (ContextHandler.java:doStart(781)) - Started o.e.j.w.WebAppContext@4b0b64cc{/,file:///tmp/jetty-0.0.0.0-44044-hddsDatanode-_-any-2787917049495573952.dir/webapp/,AVAILABLE}{/hddsDatanode}
2019-08-29 12:13:11,382 [main] INFO  server.AbstractConnector (AbstractConnector.java:doStart(278)) - Started ServerConnector@59ce792e{HTTP/1.1,[http/1.1]}{0.0.0.0:44044}
2019-08-29 12:13:11,383 [main] INFO  server.Server (Server.java:doStart(419)) - Started @6637ms
2019-08-29 12:13:11,384 [main] INFO  server.BaseHttpServer (BaseHttpServer.java:updateConnectorAddress(213)) - HTTP server of HDDSDATANODE is listening at http://0.0.0.0:44044
2019-08-29 12:13:11,388 [main] INFO  ozone.MiniOzoneClusterImpl (MiniOzoneClusterImpl.java:lambda$waitForClusterToBeReady$0(140)) - Waiting for cluster to be ready. Got 0 of 10 DN Heartbeats.
2019-08-29 12:13:11,388 [org.apache.hadoop.util.JvmPauseMonitor$Monitor@328f2a88] INFO  util.JvmPauseMonitor (JvmPauseMonitor.java:run(188)) - Starting JVM pause monitor
2019-08-29 12:13:11,391 [Datanode State Machine Thread - 0] INFO  datanode.InitDatanodeState (InitDatanodeState.java:persistContainerDatanodeDetails(140)) - DatanodeDetails is persisted to /workdir/hadoop-ozone/integration-test/target/test-dir/MiniOzoneClusterImpl-9baf5c52-405e-4460-9619-8aa90c98357d/datanode-9/meta/datanode.id
2019-08-29 12:13:12,388 [main] INFO  ozone.MiniOzoneClusterImpl (MiniOzoneClusterImpl.java:lambda$waitForClusterToBeReady$0(140)) - Waiting for cluster to be ready. Got 0 of 10 DN Heartbeats.
2019-08-29 12:13:12,768 | INFO  | SCMAudit | user=jenkins1000 | ip=192.168.5.180 | op=GET_VERSION null | ret=SUCCESS |  
2019-08-29 12:13:12,814 [Datanode State Machine Thread - 0] INFO  ozoneimpl.OzoneContainer (OzoneContainer.java:start(201)) - Attempting to start container services.
2019-08-29 12:13:12,814 [Datanode State Machine Thread - 0] INFO  ozoneimpl.OzoneContainer (OzoneContainer.java:startContainerScrub(175)) - Background container scrubber has been disabled by hdds.containerscrub.enabled
2019-08-29 12:13:12,814 [Datanode State Machine Thread - 0] INFO  ratis.XceiverServerRatis (XceiverServerRatis.java:start(393)) - Starting XceiverServerRatis 844ecb45-bf8d-44d5-a0a7-2f6fad9158ad at port 0
2019-08-29 12:13:12,828 | INFO  | SCMAudit | user=jenkins1000 | ip=192.168.5.180 | op=GET_VERSION null | ret=SUCCESS |  
2019-08-29 12:13:12,839 [Datanode State Machine Thread - 0] INFO  impl.RaftServerProxy (RaftServerProxy.java:lambda$start$3(299)) - 844ecb45-bf8d-44d5-a0a7-2f6fad9158ad: start RPC server
2019-08-29 12:13:12,885 [Datanode State Machine Thread - 0] INFO  ozoneimpl.OzoneContainer (OzoneContainer.java:start(201)) - Attempting to start container services.
2019-08-29 12:13:12,886 [Datanode State Machine Thread - 0] INFO  ozoneimpl.OzoneContainer (OzoneContainer.java:startContainerScrub(175)) - Background container scrubber has been disabled by hdds.containerscrub.enabled
2019-08-29 12:13:12,886 [Datanode State Machine Thread - 0] INFO  ratis.XceiverServerRatis (XceiverServerRatis.java:start(393)) - Starting XceiverServerRatis 43f6f77a-f70f-4cdd-a5be-5c28068849a6 at port 0
2019-08-29 12:13:12,894 [Datanode State Machine Thread - 0] INFO  impl.RaftServerProxy (RaftServerProxy.java:lambda$start$3(299)) - 43f6f77a-f70f-4cdd-a5be-5c28068849a6: start RPC server
2019-08-29 12:13:12,905 | INFO  | SCMAudit | user=jenkins1000 | ip=192.168.5.180 | op=GET_VERSION null | ret=SUCCESS |  
2019-08-29 12:13:12,979 [Datanode State Machine Thread - 0] INFO  ozoneimpl.OzoneContainer (OzoneContainer.java:start(201)) - Attempting to start container services.
2019-08-29 12:13:12,979 [Datanode State Machine Thread - 0] INFO  ozoneimpl.OzoneContainer (OzoneContainer.java:startContainerScrub(175)) - Background container scrubber has been disabled by hdds.containerscrub.enabled
2019-08-29 12:13:12,979 [Datanode State Machine Thread - 0] INFO  ratis.XceiverServerRatis (XceiverServerRatis.java:start(393)) - Starting XceiverServerRatis ece84cde-7c4c-4ceb-8135-db99d4fdbf3b at port 0
2019-08-29 12:13:12,994 [Datanode State Machine Thread - 0] INFO  impl.RaftServerProxy (RaftServerProxy.java:lambda$start$3(299)) - ece84cde-7c4c-4ceb-8135-db99d4fdbf3b: start RPC server
2019-08-29 12:13:12,998 | INFO  | SCMAudit | user=jenkins1000 | ip=192.168.5.180 | op=GET_VERSION null | ret=SUCCESS |  
2019-08-29 12:13:13,028 [Datanode State Machine Thread - 0] INFO  server.GrpcService (GrpcService.java:startImpl(149)) - 844ecb45-bf8d-44d5-a0a7-2f6fad9158ad: GrpcService started, listening on 0.0.0.0/0.0.0.0:33281
2019-08-29 12:13:13,028 [Datanode State Machine Thread - 0] INFO  server.GrpcService (GrpcService.java:startImpl(149)) - 43f6f77a-f70f-4cdd-a5be-5c28068849a6: GrpcService started, listening on 0.0.0.0/0.0.0.0:37403
2019-08-29 12:13:13,028 [Datanode State Machine Thread - 0] INFO  server.GrpcService (GrpcService.java:startImpl(149)) - ece84cde-7c4c-4ceb-8135-db99d4fdbf3b: GrpcService started, listening on 0.0.0.0/0.0.0.0:34941
2019-08-29 12:13:13,029 [Datanode State Machine Thread - 0] INFO  ratis.XceiverServerRatis (XceiverServerRatis.java:start(403)) - XceiverServerRatis 43f6f77a-f70f-4cdd-a5be-5c28068849a6 is started using port 37403
2019-08-29 12:13:13,029 [Datanode State Machine Thread - 0] INFO  ratis.XceiverServerRatis (XceiverServerRatis.java:start(403)) - XceiverServerRatis 844ecb45-bf8d-44d5-a0a7-2f6fad9158ad is started using port 33281
2019-08-29 12:13:13,029 [Datanode State Machine Thread - 0] INFO  ratis.XceiverServerRatis (XceiverServerRatis.java:start(403)) - XceiverServerRatis ece84cde-7c4c-4ceb-8135-db99d4fdbf3b is started using port 34941
2019-08-29 12:13:13,036 [Datanode State Machine Thread - 0] INFO  server.XceiverServerGrpc (XceiverServerGrpc.java:start(163)) - XceiverServerGrpc 844ecb45-bf8d-44d5-a0a7-2f6fad9158ad is started using port 37627
2019-08-29 12:13:13,036 [Datanode State Machine Thread - 0] INFO  server.XceiverServerGrpc (XceiverServerGrpc.java:start(163)) - XceiverServerGrpc ece84cde-7c4c-4ceb-8135-db99d4fdbf3b is started using port 36137
2019-08-29 12:13:13,036 [Datanode State Machine Thread - 0] INFO  server.XceiverServerGrpc (XceiverServerGrpc.java:start(163)) - XceiverServerGrpc 43f6f77a-f70f-4cdd-a5be-5c28068849a6 is started using port 34635
2019-08-29 12:13:13,056 [Datanode State Machine Thread - 0] INFO  ozoneimpl.OzoneContainer (OzoneContainer.java:start(201)) - Attempting to start container services.
2019-08-29 12:13:13,056 [Datanode State Machine Thread - 0] INFO  ozoneimpl.OzoneContainer (OzoneContainer.java:startContainerScrub(175)) - Background container scrubber has been disabled by hdds.containerscrub.enabled
2019-08-29 12:13:13,056 [Datanode State Machine Thread - 0] INFO  ratis.XceiverServerRatis (XceiverServerRatis.java:start(393)) - Starting XceiverServerRatis a408674c-f7a6-4330-bdc0-864ae7aa964e at port 0
2019-08-29 12:13:13,062 [Datanode State Machine Thread - 0] INFO  impl.RaftServerProxy (RaftServerProxy.java:lambda$start$3(299)) - a408674c-f7a6-4330-bdc0-864ae7aa964e: start RPC server
2019-08-29 12:13:13,066 [Datanode State Machine Thread - 0] INFO  server.GrpcService (GrpcService.java:startImpl(149)) - a408674c-f7a6-4330-bdc0-864ae7aa964e: GrpcService started, listening on 0.0.0.0/0.0.0.0:43557
2019-08-29 12:13:13,067 [Datanode State Machine Thread - 0] INFO  ratis.XceiverServerRatis (XceiverServerRatis.java:start(403)) - XceiverServerRatis a408674c-f7a6-4330-bdc0-864ae7aa964e is started using port 43557
2019-08-29 12:13:13,068 | INFO  | SCMAudit | user=jenkins1000 | ip=192.168.5.180 | op=GET_VERSION null | ret=SUCCESS |  
2019-08-29 12:13:13,069 [Datanode State Machine Thread - 0] INFO  server.XceiverServerGrpc (XceiverServerGrpc.java:start(163)) - XceiverServerGrpc a408674c-f7a6-4330-bdc0-864ae7aa964e is started using port 44858
2019-08-29 12:13:13,128 | INFO  | SCMAudit | user=jenkins1000 | ip=192.168.5.180 | op=GET_VERSION null | ret=SUCCESS |  
2019-08-29 12:13:13,163 [Datanode State Machine Thread - 0] INFO  ozoneimpl.OzoneContainer (OzoneContainer.java:start(201)) - Attempting to start container services.
2019-08-29 12:13:13,164 [Datanode State Machine Thread - 0] INFO  ozoneimpl.OzoneContainer (OzoneContainer.java:startContainerScrub(175)) - Background container scrubber has been disabled by hdds.containerscrub.enabled
2019-08-29 12:13:13,164 [Datanode State Machine Thread - 0] INFO  ratis.XceiverServerRatis (XceiverServerRatis.java:start(393)) - Starting XceiverServerRatis 07633987-61d2-4d6f-897f-8e8d6de0ebef at port 0
2019-08-29 12:13:13,168 [Datanode State Machine Thread - 0] INFO  impl.RaftServerProxy (RaftServerProxy.java:lambda$start$3(299)) - 07633987-61d2-4d6f-897f-8e8d6de0ebef: start RPC server
2019-08-29 12:13:13,171 [Datanode State Machine Thread - 0] INFO  server.GrpcService (GrpcService.java:startImpl(149)) - 07633987-61d2-4d6f-897f-8e8d6de0ebef: GrpcService started, listening on 0.0.0.0/0.0.0.0:42297
2019-08-29 12:13:13,172 [Datanode State Machine Thread - 0] INFO  ratis.XceiverServerRatis (XceiverServerRatis.java:start(403)) - XceiverServerRatis 07633987-61d2-4d6f-897f-8e8d6de0ebef is started using port 42297
2019-08-29 12:13:13,174 [Datanode State Machine Thread - 0] INFO  server.XceiverServerGrpc (XceiverServerGrpc.java:start(163)) - XceiverServerGrpc 07633987-61d2-4d6f-897f-8e8d6de0ebef is started using port 39653
2019-08-29 12:13:13,196 | INFO  | SCMAudit | user=jenkins1000 | ip=192.168.5.180 | op=GET_VERSION null | ret=SUCCESS |  
2019-08-29 12:13:13,226 [Datanode State Machine Thread - 0] INFO  ozoneimpl.OzoneContainer (OzoneContainer.java:start(201)) - Attempting to start container services.
2019-08-29 12:13:13,226 [Datanode State Machine Thread - 0] INFO  ozoneimpl.OzoneContainer (OzoneContainer.java:startContainerScrub(175)) - Background container scrubber has been disabled by hdds.containerscrub.enabled
2019-08-29 12:13:13,226 [Datanode State Machine Thread - 0] INFO  ratis.XceiverServerRatis (XceiverServerRatis.java:start(393)) - Starting XceiverServerRatis 531aad77-f764-4b3f-a35c-0861e8ff84dc at port 0
2019-08-29 12:13:13,232 [Datanode State Machine Thread - 0] INFO  impl.RaftServerProxy (RaftServerProxy.java:lambda$start$3(299)) - 531aad77-f764-4b3f-a35c-0861e8ff84dc: start RPC server
2019-08-29 12:13:13,238 [Datanode State Machine Thread - 0] INFO  server.GrpcService (GrpcService.java:startImpl(149)) - 531aad77-f764-4b3f-a35c-0861e8ff84dc: GrpcService started, listening on 0.0.0.0/0.0.0.0:41826
2019-08-29 12:13:13,238 [Datanode State Machine Thread - 0] INFO  ratis.XceiverServerRatis (XceiverServerRatis.java:start(403)) - XceiverServerRatis 531aad77-f764-4b3f-a35c-0861e8ff84dc is started using port 41826
2019-08-29 12:13:13,241 [Datanode State Machine Thread - 0] INFO  server.XceiverServerGrpc (XceiverServerGrpc.java:start(163)) - XceiverServerGrpc 531aad77-f764-4b3f-a35c-0861e8ff84dc is started using port 39212
2019-08-29 12:13:13,262 | INFO  | SCMAudit | user=jenkins1000 | ip=192.168.5.180 | op=GET_VERSION null | ret=SUCCESS |  
2019-08-29 12:13:13,329 | INFO  | SCMAudit | user=jenkins1000 | ip=192.168.5.180 | op=GET_VERSION null | ret=SUCCESS |  
2019-08-29 12:13:13,381 [Datanode State Machine Thread - 0] INFO  ozoneimpl.OzoneContainer (OzoneContainer.java:start(201)) - Attempting to start container services.
2019-08-29 12:13:13,382 [Datanode State Machine Thread - 0] INFO  ozoneimpl.OzoneContainer (OzoneContainer.java:startContainerScrub(175)) - Background container scrubber has been disabled by hdds.containerscrub.enabled
2019-08-29 12:13:13,382 [Datanode State Machine Thread - 0] INFO  ratis.XceiverServerRatis (XceiverServerRatis.java:start(393)) - Starting XceiverServerRatis 87c289b5-492f-4a45-8e48-ede3505cfee3 at port 0
2019-08-29 12:13:13,383 [Datanode State Machine Thread - 0] INFO  ozoneimpl.OzoneContainer (OzoneContainer.java:start(201)) - Attempting to start container services.
2019-08-29 12:13:13,383 [Datanode State Machine Thread - 0] INFO  ozoneimpl.OzoneContainer (OzoneContainer.java:start(201)) - Attempting to start container services.
2019-08-29 12:13:13,384 [Datanode State Machine Thread - 0] INFO  ozoneimpl.OzoneContainer (OzoneContainer.java:startContainerScrub(175)) - Background container scrubber has been disabled by hdds.containerscrub.enabled
2019-08-29 12:13:13,384 [Datanode State Machine Thread - 0] INFO  ozoneimpl.OzoneContainer (OzoneContainer.java:startContainerScrub(175)) - Background container scrubber has been disabled by hdds.containerscrub.enabled
2019-08-29 12:13:13,384 [Datanode State Machine Thread - 0] INFO  ratis.XceiverServerRatis (XceiverServerRatis.java:start(393)) - Starting XceiverServerRatis 7588b5cd-2e6c-40ac-8166-292edf2596f3 at port 0
2019-08-29 12:13:13,384 [Datanode State Machine Thread - 0] INFO  ratis.XceiverServerRatis (XceiverServerRatis.java:start(393)) - Starting XceiverServerRatis 4050fee3-65e1-4f13-9e2a-77e69e0ca877 at port 0
2019-08-29 12:13:13,388 [main] INFO  ozone.MiniOzoneClusterImpl (MiniOzoneClusterImpl.java:lambda$waitForClusterToBeReady$0(140)) - Waiting for cluster to be ready. Got 0 of 10 DN Heartbeats.
2019-08-29 12:13:13,391 | INFO  | SCMAudit | user=jenkins1000 | ip=192.168.5.180 | op=GET_VERSION null | ret=SUCCESS |  
2019-08-29 12:13:13,395 [Datanode State Machine Thread - 0] INFO  impl.RaftServerProxy (RaftServerProxy.java:lambda$start$3(299)) - 87c289b5-492f-4a45-8e48-ede3505cfee3: start RPC server
2019-08-29 12:13:13,401 [Datanode State Machine Thread - 0] INFO  server.GrpcService (GrpcService.java:startImpl(149)) - 87c289b5-492f-4a45-8e48-ede3505cfee3: GrpcService started, listening on 0.0.0.0/0.0.0.0:39991
2019-08-29 12:13:13,401 [Datanode State Machine Thread - 0] INFO  ratis.XceiverServerRatis (XceiverServerRatis.java:start(403)) - XceiverServerRatis 87c289b5-492f-4a45-8e48-ede3505cfee3 is started using port 39991
2019-08-29 12:13:13,404 [Datanode State Machine Thread - 0] INFO  server.XceiverServerGrpc (XceiverServerGrpc.java:start(163)) - XceiverServerGrpc 87c289b5-492f-4a45-8e48-ede3505cfee3 is started using port 44976
2019-08-29 12:13:13,404 [Datanode State Machine Thread - 0] INFO  impl.RaftServerProxy (RaftServerProxy.java:lambda$start$3(299)) - 7588b5cd-2e6c-40ac-8166-292edf2596f3: start RPC server
2019-08-29 12:13:13,410 [Datanode State Machine Thread - 0] INFO  server.GrpcService (GrpcService.java:startImpl(149)) - 7588b5cd-2e6c-40ac-8166-292edf2596f3: GrpcService started, listening on 0.0.0.0/0.0.0.0:42048
2019-08-29 12:13:13,410 [Datanode State Machine Thread - 0] INFO  ratis.XceiverServerRatis (XceiverServerRatis.java:start(403)) - XceiverServerRatis 7588b5cd-2e6c-40ac-8166-292edf2596f3 is started using port 42048
2019-08-29 12:13:13,412 [Datanode State Machine Thread - 0] INFO  impl.RaftServerProxy (RaftServerProxy.java:lambda$start$3(299)) - 4050fee3-65e1-4f13-9e2a-77e69e0ca877: start RPC server
2019-08-29 12:13:13,413 [Datanode State Machine Thread - 0] INFO  server.XceiverServerGrpc (XceiverServerGrpc.java:start(163)) - XceiverServerGrpc 7588b5cd-2e6c-40ac-8166-292edf2596f3 is started using port 35796
2019-08-29 12:13:13,417 [Datanode State Machine Thread - 0] INFO  server.GrpcService (GrpcService.java:startImpl(149)) - 4050fee3-65e1-4f13-9e2a-77e69e0ca877: GrpcService started, listening on 0.0.0.0/0.0.0.0:34539
2019-08-29 12:13:13,418 [Datanode State Machine Thread - 0] INFO  ratis.XceiverServerRatis (XceiverServerRatis.java:start(403)) - XceiverServerRatis 4050fee3-65e1-4f13-9e2a-77e69e0ca877 is started using port 34539
2019-08-29 12:13:13,420 [Datanode State Machine Thread - 0] INFO  server.XceiverServerGrpc (XceiverServerGrpc.java:start(163)) - XceiverServerGrpc 4050fee3-65e1-4f13-9e2a-77e69e0ca877 is started using port 35488
2019-08-29 12:13:13,452 [Datanode State Machine Thread - 0] INFO  ozoneimpl.OzoneContainer (OzoneContainer.java:start(201)) - Attempting to start container services.
2019-08-29 12:13:13,452 [Datanode State Machine Thread - 0] INFO  ozoneimpl.OzoneContainer (OzoneContainer.java:startContainerScrub(175)) - Background container scrubber has been disabled by hdds.containerscrub.enabled
2019-08-29 12:13:13,452 [Datanode State Machine Thread - 0] INFO  ratis.XceiverServerRatis (XceiverServerRatis.java:start(393)) - Starting XceiverServerRatis 56997c5e-aa03-402a-9e62-43fb5d91409b at port 0
2019-08-29 12:13:13,457 [Datanode State Machine Thread - 0] INFO  impl.RaftServerProxy (RaftServerProxy.java:lambda$start$3(299)) - 56997c5e-aa03-402a-9e62-43fb5d91409b: start RPC server
2019-08-29 12:13:13,470 [Datanode State Machine Thread - 0] INFO  server.GrpcService (GrpcService.java:startImpl(149)) - 56997c5e-aa03-402a-9e62-43fb5d91409b: GrpcService started, listening on 0.0.0.0/0.0.0.0:41540
2019-08-29 12:13:13,471 [Datanode State Machine Thread - 0] INFO  ratis.XceiverServerRatis (XceiverServerRatis.java:start(403)) - XceiverServerRatis 56997c5e-aa03-402a-9e62-43fb5d91409b is started using port 41540
2019-08-29 12:13:13,490 [Datanode State Machine Thread - 0] INFO  server.XceiverServerGrpc (XceiverServerGrpc.java:start(163)) - XceiverServerGrpc 56997c5e-aa03-402a-9e62-43fb5d91409b is started using port 39465
2019-08-29 12:13:14,389 [main] INFO  ozone.MiniOzoneClusterImpl (MiniOzoneClusterImpl.java:lambda$waitForClusterToBeReady$0(140)) - Waiting for cluster to be ready. Got 0 of 10 DN Heartbeats.
2019-08-29 12:13:14,782 [IPC Server handler 5 on 41303] INFO  net.NetworkTopology (NetworkTopologyImpl.java:add(110)) - Added a new node: /default-rack/844ecb45-bf8d-44d5-a0a7-2f6fad9158ad
2019-08-29 12:13:14,783 [IPC Server handler 5 on 41303] INFO  node.SCMNodeManager (SCMNodeManager.java:register(273)) - Registered Data node : 844ecb45-bf8d-44d5-a0a7-2f6fad9158ad{ip: 192.168.5.180, host: pr-hdds-1054-24pjh-334729151, networkLocation: /default-rack, certSerialId: null}
2019-08-29 12:13:14,787 [EventQueue-NodeRegistrationContainerReportForDataNodeSafeModeRule] INFO  safemode.SCMSafeModeManager (DataNodeSafeModeRule.java:process(71)) - SCM in safe mode. 1 DataNodes registered, 1 required.
2019-08-29 12:13:14,790 [EventQueue-NodeRegistrationContainerReportForDataNodeSafeModeRule] INFO  safemode.SCMSafeModeManager (SCMSafeModeManager.java:validateSafeModeExitRules(177)) - ScmSafeModeManager, all rules are successfully validated
2019-08-29 12:13:14,790 [EventQueue-NodeRegistrationContainerReportForDataNodeSafeModeRule] INFO  safemode.SCMSafeModeManager (SCMSafeModeManager.java:exitSafeMode(193)) - SCM exiting safe mode.
2019-08-29 12:13:14,793 | INFO  | SCMAudit | user=jenkins1000 | ip=192.168.5.180 | op=REGISTER {datanodeDetails=844ecb45-bf8d-44d5-a0a7-2f6fad9158ad{ip: 192.168.5.180, host: pr-hdds-1054-24pjh-334729151, networkLocation: /default-rack, certSerialId: null}} | ret=SUCCESS |  
2019-08-29 12:13:14,830 [IPC Server handler 3 on 41303] INFO  net.NetworkTopology (NetworkTopologyImpl.java:add(110)) - Added a new node: /default-rack/43f6f77a-f70f-4cdd-a5be-5c28068849a6
2019-08-29 12:13:14,830 [IPC Server handler 3 on 41303] INFO  node.SCMNodeManager (SCMNodeManager.java:register(273)) - Registered Data node : 43f6f77a-f70f-4cdd-a5be-5c28068849a6{ip: 192.168.5.180, host: pr-hdds-1054-24pjh-334729151, networkLocation: /default-rack, certSerialId: null}
2019-08-29 12:13:14,831 | INFO  | SCMAudit | user=jenkins1000 | ip=192.168.5.180 | op=REGISTER {datanodeDetails=43f6f77a-f70f-4cdd-a5be-5c28068849a6{ip: 192.168.5.180, host: pr-hdds-1054-24pjh-334729151, networkLocation: /default-rack, certSerialId: null}} | ret=SUCCESS |  
2019-08-29 12:13:14,907 [IPC Server handler 2 on 41303] INFO  net.NetworkTopology (NetworkTopologyImpl.java:add(110)) - Added a new node: /default-rack/ece84cde-7c4c-4ceb-8135-db99d4fdbf3b
2019-08-29 12:13:14,908 [IPC Server handler 2 on 41303] INFO  node.SCMNodeManager (SCMNodeManager.java:register(273)) - Registered Data node : ece84cde-7c4c-4ceb-8135-db99d4fdbf3b{ip: 192.168.5.180, host: pr-hdds-1054-24pjh-334729151, networkLocation: /default-rack, certSerialId: null}
2019-08-29 12:13:14,908 | INFO  | SCMAudit | user=jenkins1000 | ip=192.168.5.180 | op=REGISTER {datanodeDetails=ece84cde-7c4c-4ceb-8135-db99d4fdbf3b{ip: 192.168.5.180, host: pr-hdds-1054-24pjh-334729151, networkLocation: /default-rack, certSerialId: null}} | ret=SUCCESS |  
2019-08-29 12:13:15,000 [IPC Server handler 4 on 41303] INFO  net.NetworkTopology (NetworkTopologyImpl.java:add(110)) - Added a new node: /default-rack/a408674c-f7a6-4330-bdc0-864ae7aa964e
2019-08-29 12:13:15,001 [IPC Server handler 4 on 41303] INFO  node.SCMNodeManager (SCMNodeManager.java:register(273)) - Registered Data node : a408674c-f7a6-4330-bdc0-864ae7aa964e{ip: 192.168.5.180, host: pr-hdds-1054-24pjh-334729151, networkLocation: /default-rack, certSerialId: null}
2019-08-29 12:13:15,001 | INFO  | SCMAudit | user=jenkins1000 | ip=192.168.5.180 | op=REGISTER {datanodeDetails=a408674c-f7a6-4330-bdc0-864ae7aa964e{ip: 192.168.5.180, host: pr-hdds-1054-24pjh-334729151, networkLocation: /default-rack, certSerialId: null}} | ret=SUCCESS |  
2019-08-29 12:13:15,070 [IPC Server handler 8 on 41303] INFO  net.NetworkTopology (NetworkTopologyImpl.java:add(110)) - Added a new node: /default-rack/07633987-61d2-4d6f-897f-8e8d6de0ebef
2019-08-29 12:13:15,070 [IPC Server handler 8 on 41303] INFO  node.SCMNodeManager (SCMNodeManager.java:register(273)) - Registered Data node : 07633987-61d2-4d6f-897f-8e8d6de0ebef{ip: 192.168.5.180, host: pr-hdds-1054-24pjh-334729151, networkLocation: /default-rack, certSerialId: null}
2019-08-29 12:13:15,070 | INFO  | SCMAudit | user=jenkins1000 | ip=192.168.5.180 | op=REGISTER {datanodeDetails=07633987-61d2-4d6f-897f-8e8d6de0ebef{ip: 192.168.5.180, host: pr-hdds-1054-24pjh-334729151, networkLocation: /default-rack, certSerialId: null}} | ret=SUCCESS |  
2019-08-29 12:13:15,130 [IPC Server handler 10 on 41303] INFO  net.NetworkTopology (NetworkTopologyImpl.java:add(110)) - Added a new node: /default-rack/531aad77-f764-4b3f-a35c-0861e8ff84dc
2019-08-29 12:13:15,131 [IPC Server handler 10 on 41303] INFO  node.SCMNodeManager (SCMNodeManager.java:register(273)) - Registered Data node : 531aad77-f764-4b3f-a35c-0861e8ff84dc{ip: 192.168.5.180, host: pr-hdds-1054-24pjh-334729151, networkLocation: /default-rack, certSerialId: null}
2019-08-29 12:13:15,131 | INFO  | SCMAudit | user=jenkins1000 | ip=192.168.5.180 | op=REGISTER {datanodeDetails=531aad77-f764-4b3f-a35c-0861e8ff84dc{ip: 192.168.5.180, host: pr-hdds-1054-24pjh-334729151, networkLocation: /default-rack, certSerialId: null}} | ret=SUCCESS |  
2019-08-29 12:13:15,225 [IPC Server handler 1 on 41303] INFO  net.NetworkTopology (NetworkTopologyImpl.java:add(110)) - Added a new node: /default-rack/87c289b5-492f-4a45-8e48-ede3505cfee3
2019-08-29 12:13:15,225 [IPC Server handler 1 on 41303] INFO  node.SCMNodeManager (SCMNodeManager.java:register(273)) - Registered Data node : 87c289b5-492f-4a45-8e48-ede3505cfee3{ip: 192.168.5.180, host: pr-hdds-1054-24pjh-334729151, networkLocation: /default-rack, certSerialId: null}
2019-08-29 12:13:15,225 | INFO  | SCMAudit | user=jenkins1000 | ip=192.168.5.180 | op=REGISTER {datanodeDetails=87c289b5-492f-4a45-8e48-ede3505cfee3{ip: 192.168.5.180, host: pr-hdds-1054-24pjh-334729151, networkLocation: /default-rack, certSerialId: null}} | ret=SUCCESS |  
2019-08-29 12:13:15,263 [IPC Server handler 7 on 41303] INFO  net.NetworkTopology (NetworkTopologyImpl.java:add(110)) - Added a new node: /default-rack/7588b5cd-2e6c-40ac-8166-292edf2596f3
2019-08-29 12:13:15,263 [IPC Server handler 7 on 41303] INFO  node.SCMNodeManager (SCMNodeManager.java:register(273)) - Registered Data node : 7588b5cd-2e6c-40ac-8166-292edf2596f3{ip: 192.168.5.180, host: pr-hdds-1054-24pjh-334729151, networkLocation: /default-rack, certSerialId: null}
2019-08-29 12:13:15,264 | INFO  | SCMAudit | user=jenkins1000 | ip=192.168.5.180 | op=REGISTER {datanodeDetails=7588b5cd-2e6c-40ac-8166-292edf2596f3{ip: 192.168.5.180, host: pr-hdds-1054-24pjh-334729151, networkLocation: /default-rack, certSerialId: null}} | ret=SUCCESS |  
2019-08-29 12:13:15,330 [IPC Server handler 6 on 41303] INFO  net.NetworkTopology (NetworkTopologyImpl.java:add(110)) - Added a new node: /default-rack/4050fee3-65e1-4f13-9e2a-77e69e0ca877
2019-08-29 12:13:15,331 [IPC Server handler 6 on 41303] INFO  node.SCMNodeManager (SCMNodeManager.java:register(273)) - Registered Data node : 4050fee3-65e1-4f13-9e2a-77e69e0ca877{ip: 192.168.5.180, host: pr-hdds-1054-24pjh-334729151, networkLocation: /default-rack, certSerialId: null}
2019-08-29 12:13:15,331 | INFO  | SCMAudit | user=jenkins1000 | ip=192.168.5.180 | op=REGISTER {datanodeDetails=4050fee3-65e1-4f13-9e2a-77e69e0ca877{ip: 192.168.5.180, host: pr-hdds-1054-24pjh-334729151, networkLocation: /default-rack, certSerialId: null}} | ret=SUCCESS |  
2019-08-29 12:13:15,391 [main] INFO  ozone.MiniOzoneClusterImpl (MiniOzoneClusterImpl.java:lambda$waitForClusterToBeReady$0(140)) - Waiting for cluster to be ready. Got 9 of 10 DN Heartbeats.
2019-08-29 12:13:15,414 [IPC Server handler 5 on 41303] INFO  net.NetworkTopology (NetworkTopologyImpl.java:add(110)) - Added a new node: /default-rack/56997c5e-aa03-402a-9e62-43fb5d91409b
2019-08-29 12:13:15,414 [IPC Server handler 5 on 41303] INFO  node.SCMNodeManager (SCMNodeManager.java:register(273)) - Registered Data node : 56997c5e-aa03-402a-9e62-43fb5d91409b{ip: 192.168.5.180, host: pr-hdds-1054-24pjh-334729151, networkLocation: /default-rack, certSerialId: null}
2019-08-29 12:13:15,414 [grpc-default-executor-0] INFO  impl.RaftServerProxy (RaftServerProxy.java:addNew(89)) - 844ecb45-bf8d-44d5-a0a7-2f6fad9158ad: addNew group-E14507AF9024:[844ecb45-bf8d-44d5-a0a7-2f6fad9158ad:192.168.5.180:33281] returns group-E14507AF9024:java.util.concurrent.CompletableFuture@14ac414a[Not completed]
2019-08-29 12:13:15,429 | INFO  | SCMAudit | user=jenkins1000 | ip=192.168.5.180 | op=REGISTER {datanodeDetails=56997c5e-aa03-402a-9e62-43fb5d91409b{ip: 192.168.5.180, host: pr-hdds-1054-24pjh-334729151, networkLocation: /default-rack, certSerialId: null}} | ret=SUCCESS |  
2019-08-29 12:13:15,450 [pool-27-thread-1] INFO  impl.RaftServerImpl (RaftServerImpl.java:<init>(93)) - 844ecb45-bf8d-44d5-a0a7-2f6fad9158ad: new RaftServerImpl for group-E14507AF9024:[844ecb45-bf8d-44d5-a0a7-2f6fad9158ad:192.168.5.180:33281] with ContainerStateMachine:uninitialized
2019-08-29 12:13:15,453 [pool-27-thread-1] INFO  server.RaftServerConfigKeys (ConfUtils.java:logGet(43)) - raft.server.rpc.timeout.min = 5s (custom)
2019-08-29 12:13:15,457 [pool-27-thread-1] INFO  server.RaftServerConfigKeys (ConfUtils.java:logGet(43)) - raft.server.rpc.timeout.max = 5200ms (custom)
2019-08-29 12:13:15,457 [pool-27-thread-1] INFO  server.RaftServerConfigKeys (ConfUtils.java:logGet(43)) - raft.server.rpcslowness.timeout = 120s (custom)
2019-08-29 12:13:15,458 [pool-27-thread-1] INFO  server.RaftServerConfigKeys (ConfUtils.java:logGet(43)) - raft.server.sleep.deviation.threshold = 300 (default)
2019-08-29 12:13:15,459 [pool-27-thread-1] INFO  server.RaftServerConfigKeys (ConfUtils.java:logGet(43)) - raft.server.log.appender.install.snapshot.enabled = false (custom)
2019-08-29 12:13:15,477 [pool-27-thread-1] INFO  impl.RaftServerImpl (ServerState.java:<init>(105)) - 844ecb45-bf8d-44d5-a0a7-2f6fad9158ad:group-E14507AF9024 ConfigurationManager, init=-1: [844ecb45-bf8d-44d5-a0a7-2f6fad9158ad:192.168.5.180:33281], old=null, confs=<EMPTY_MAP>
2019-08-29 12:13:15,478 [pool-27-thread-1] INFO  server.RaftServerConfigKeys (ConfUtils.java:logGet(43)) - raft.server.storage.dir = [/workdir/hadoop-ozone/integration-test/target/test-dir/MiniOzoneClusterImpl-9baf5c52-405e-4460-9619-8aa90c98357d/datanode-0/data/ratis] (custom)
2019-08-29 12:13:15,486 [pool-27-thread-1] INFO  storage.RaftStorageDirectory (RaftStorageDirectory.java:analyzeStorage(246)) - The storage directory /workdir/hadoop-ozone/integration-test/target/test-dir/MiniOzoneClusterImpl-9baf5c52-405e-4460-9619-8aa90c98357d/datanode-0/data/ratis/26647a41-df10-4e98-a4ce-e14507af9024 does not exist. Creating ...
2019-08-29 12:13:15,501 [pool-27-thread-1] INFO  storage.RaftStorageDirectory (RaftStorageDirectory.java:tryLock(328)) - Lock on /workdir/hadoop-ozone/integration-test/target/test-dir/MiniOzoneClusterImpl-9baf5c52-405e-4460-9619-8aa90c98357d/datanode-0/data/ratis/26647a41-df10-4e98-a4ce-e14507af9024/in_use.lock acquired by nodename 19185@pr-hdds-1054-24pjh-334729151
2019-08-29 12:13:15,512 [pool-27-thread-1] INFO  storage.RaftStorage (RaftStorage.java:format(72)) - Storage directory /workdir/hadoop-ozone/integration-test/target/test-dir/MiniOzoneClusterImpl-9baf5c52-405e-4460-9619-8aa90c98357d/datanode-0/data/ratis/26647a41-df10-4e98-a4ce-e14507af9024 has been successfully formatted.
2019-08-29 12:13:15,515 [pool-27-thread-1] INFO  ratis.ContainerStateMachine (ContainerStateMachine.java:loadSnapshot(227)) - group-E14507AF9024: The snapshot info is null. Setting the last applied indexto:(t:0, i:~)
2019-08-29 12:13:15,515 [pool-27-thread-1] INFO  server.RaftServerConfigKeys (ConfUtils.java:logGet(43)) - raft.server.leader.election.timeout = 120s (custom)
2019-08-29 12:13:15,517 [pool-27-thread-1] INFO  server.RaftServerConfigKeys (ConfUtils.java:logGet(43)) - raft.server.log.use.memory = false (default)
2019-08-29 12:13:15,524 [pool-27-thread-1] INFO  server.RaftServerConfigKeys (ConfUtils.java:logGet(43)) - raft.server.log.purge.gap = 1000000 (custom)
2019-08-29 12:13:15,524 [pool-27-thread-1] INFO  server.RaftServerConfigKeys (ConfUtils.java:logGet(43)) - raft.server.log.appender.buffer.byte-limit = 33554432 (custom)
2019-08-29 12:13:15,526 [pool-27-thread-1] INFO  server.RaftServerConfigKeys (ConfUtils.java:logGet(43)) - raft.server.log.segment.size.max = 1048576 (custom)
2019-08-29 12:13:15,533 [pool-27-thread-1] INFO  server.RaftServerConfigKeys (ConfUtils.java:logGet(43)) - raft.server.log.segment.cache.num.max = 2 (custom)
2019-08-29 12:13:15,540 [pool-27-thread-1] INFO  segmented.SegmentedRaftLogWorker (SegmentedRaftLogWorker.java:<init>(172)) - new 844ecb45-bf8d-44d5-a0a7-2f6fad9158ad-SegmentedRaftLogWorker:Storage Directory /workdir/hadoop-ozone/integration-test/target/test-dir/MiniOzoneClusterImpl-9baf5c52-405e-4460-9619-8aa90c98357d/datanode-0/data/ratis/26647a41-df10-4e98-a4ce-e14507af9024 for RaftStorage:Storage Directory /workdir/hadoop-ozone/integration-test/target/test-dir/MiniOzoneClusterImpl-9baf5c52-405e-4460-9619-8aa90c98357d/datanode-0/data/ratis/26647a41-df10-4e98-a4ce-e14507af9024
2019-08-29 12:13:15,682 [pool-27-thread-1] INFO  server.RaftServerConfigKeys (ConfUtils.java:logGet(43)) - raft.server.log.queue.byte-limit = 2147483647 (custom)
2019-08-29 12:13:15,683 [pool-27-thread-1] INFO  server.RaftServerConfigKeys (ConfUtils.java:logGet(43)) - raft.server.log.queue.element-limit = 1024 (custom)
2019-08-29 12:13:15,689 [pool-27-thread-1] INFO  server.RaftServerConfigKeys (ConfUtils.java:logGet(43)) - raft.server.log.segment.size.max = 1048576 (custom)
2019-08-29 12:13:15,690 [pool-27-thread-1] INFO  server.RaftServerConfigKeys (ConfUtils.java:logGet(43)) - raft.server.log.preallocated.size = 16384 (custom)
2019-08-29 12:13:15,690 [pool-27-thread-1] INFO  server.RaftServerConfigKeys (ConfUtils.java:logGet(43)) - raft.server.log.write.buffer.size = 33554432 (custom)
2019-08-29 12:13:15,691 [pool-27-thread-1] INFO  server.RaftServerConfigKeys (ConfUtils.java:logGet(43)) - raft.server.log.force.sync.num = 128 (default)
2019-08-29 12:13:15,692 [pool-27-thread-1] INFO  server.RaftServerConfigKeys (ConfUtils.java:logGet(43)) - raft.server.log.statemachine.data.sync = true (default)
2019-08-29 12:13:15,692 [pool-27-thread-1] INFO  server.RaftServerConfigKeys (ConfUtils.java:logGet(43)) - raft.server.log.statemachine.data.sync.timeout = 10s (default)
2019-08-29 12:13:15,692 [pool-27-thread-1] INFO  server.RaftServerConfigKeys (ConfUtils.java:logGet(43)) - raft.server.log.statemachine.data.sync.timeout.retry = -1 (default)
2019-08-29 12:13:15,702 [pool-27-thread-1] INFO  server.RaftServerConfigKeys (ConfUtils.java:logGet(43)) - raft.server.log.statemachine.data.caching.enabled = true (custom)
2019-08-29 12:13:15,708 [pool-27-thread-1] INFO  segmented.SegmentedRaftLogWorker (SegmentedRaftLogWorker.java:lambda$new$0(132)) - 844ecb45-bf8d-44d5-a0a7-2f6fad9158ad-SegmentedRaftLogWorker:Storage Directory /workdir/hadoop-ozone/integration-test/target/test-dir/MiniOzoneClusterImpl-9baf5c52-405e-4460-9619-8aa90c98357d/datanode-0/data/ratis/26647a41-df10-4e98-a4ce-e14507af9024: flushIndex: setUnconditionally 0 -> -1
2019-08-29 12:13:15,714 [pool-27-thread-1] INFO  server.RaftServerConfigKeys (ConfUtils.java:logGet(43)) - raft.server.snapshot.auto.trigger.enabled = true (custom)
2019-08-29 12:13:15,715 [pool-27-thread-1] INFO  server.RaftServerConfigKeys (ConfUtils.java:logGet(43)) - raft.server.snapshot.auto.trigger.threshold = 10000 (custom)
2019-08-29 12:13:15,716 [pool-27-thread-1] INFO  server.RaftServerConfigKeys (ConfUtils.java:logGet(43)) - raft.server.retrycache.expirytime = 600000ms (custom)
2019-08-29 12:13:15,745 [pool-27-thread-1] INFO  impl.RaftServerImpl (RaftServerImpl.java:start(180)) - 844ecb45-bf8d-44d5-a0a7-2f6fad9158ad: start group-E14507AF9024
2019-08-29 12:13:15,747 [pool-27-thread-1] INFO  impl.RaftServerImpl (RaftServerImpl.java:setRole(171)) - 844ecb45-bf8d-44d5-a0a7-2f6fad9158ad:group-E14507AF9024 changes role from null to FOLLOWER at term 0 for startAsFollower
2019-08-29 12:13:15,749 [pool-27-thread-1] INFO  impl.RoleInfo (RoleInfo.java:updateAndGet(143)) - 844ecb45-bf8d-44d5-a0a7-2f6fad9158ad: start FollowerState
2019-08-29 12:13:15,752 [pool-27-thread-1] INFO  util.JmxRegister (JmxRegister.java:tryRegister(44)) - Successfully registered JMX Bean with object name Ratis:service=RaftServer,group=group-E14507AF9024,id=844ecb45-bf8d-44d5-a0a7-2f6fad9158ad
2019-08-29 12:13:15,826 [RatisPipelineUtilsThread] INFO  pipeline.PipelineStateManager (PipelineStateManager.java:addPipeline(56)) - Created pipeline Pipeline[ Id: 26647a41-df10-4e98-a4ce-e14507af9024, Nodes: 844ecb45-bf8d-44d5-a0a7-2f6fad9158ad{ip: 192.168.5.180, host: pr-hdds-1054-24pjh-334729151, networkLocation: /default-rack, certSerialId: null}, Type:RATIS, Factor:ONE, State:OPEN]
2019-08-29 12:13:15,868 [grpc-default-executor-0] INFO  impl.RaftServerProxy (RaftServerProxy.java:addNew(89)) - 07633987-61d2-4d6f-897f-8e8d6de0ebef: addNew group-459C727A4621:[07633987-61d2-4d6f-897f-8e8d6de0ebef:192.168.5.180:42297] returns group-459C727A4621:java.util.concurrent.CompletableFuture@198b1992[Not completed]
2019-08-29 12:13:15,958 [pool-67-thread-1] INFO  impl.RaftServerImpl (RaftServerImpl.java:<init>(93)) - 07633987-61d2-4d6f-897f-8e8d6de0ebef: new RaftServerImpl for group-459C727A4621:[07633987-61d2-4d6f-897f-8e8d6de0ebef:192.168.5.180:42297] with ContainerStateMachine:uninitialized
2019-08-29 12:13:15,960 [pool-67-thread-1] INFO  server.RaftServerConfigKeys (ConfUtils.java:logGet(43)) - raft.server.rpc.timeout.min = 5s (custom)
2019-08-29 12:13:15,961 [pool-67-thread-1] INFO  server.RaftServerConfigKeys (ConfUtils.java:logGet(43)) - raft.server.rpc.timeout.max = 5200ms (custom)
2019-08-29 12:13:15,961 [pool-67-thread-1] INFO  server.RaftServerConfigKeys (ConfUtils.java:logGet(43)) - raft.server.rpcslowness.timeout = 120s (custom)
2019-08-29 12:13:15,961 [pool-67-thread-1] INFO  server.RaftServerConfigKeys (ConfUtils.java:logGet(43)) - raft.server.sleep.deviation.threshold = 300 (default)
2019-08-29 12:13:15,961 [pool-67-thread-1] INFO  server.RaftServerConfigKeys (ConfUtils.java:logGet(43)) - raft.server.log.appender.install.snapshot.enabled = false (custom)
2019-08-29 12:13:15,961 [pool-67-thread-1] INFO  impl.RaftServerImpl (ServerState.java:<init>(105)) - 07633987-61d2-4d6f-897f-8e8d6de0ebef:group-459C727A4621 ConfigurationManager, init=-1: [07633987-61d2-4d6f-897f-8e8d6de0ebef:192.168.5.180:42297], old=null, confs=<EMPTY_MAP>
2019-08-29 12:13:15,962 [pool-67-thread-1] INFO  server.RaftServerConfigKeys (ConfUtils.java:logGet(43)) - raft.server.storage.dir = [/workdir/hadoop-ozone/integration-test/target/test-dir/MiniOzoneClusterImpl-9baf5c52-405e-4460-9619-8aa90c98357d/datanode-4/data/ratis] (custom)
2019-08-29 12:13:15,962 [pool-67-thread-1] INFO  storage.RaftStorageDirectory (RaftStorageDirectory.java:analyzeStorage(246)) - The storage directory /workdir/hadoop-ozone/integration-test/target/test-dir/MiniOzoneClusterImpl-9baf5c52-405e-4460-9619-8aa90c98357d/datanode-4/data/ratis/f3d08482-7fac-4e7b-a429-459c727a4621 does not exist. Creating ...
2019-08-29 12:13:15,978 [pool-67-thread-1] INFO  storage.RaftStorageDirectory (RaftStorageDirectory.java:tryLock(328)) - Lock on /workdir/hadoop-ozone/integration-test/target/test-dir/MiniOzoneClusterImpl-9baf5c52-405e-4460-9619-8aa90c98357d/datanode-4/data/ratis/f3d08482-7fac-4e7b-a429-459c727a4621/in_use.lock acquired by nodename 19185@pr-hdds-1054-24pjh-334729151
2019-08-29 12:13:15,985 [pool-67-thread-1] INFO  storage.RaftStorage (RaftStorage.java:format(72)) - Storage directory /workdir/hadoop-ozone/integration-test/target/test-dir/MiniOzoneClusterImpl-9baf5c52-405e-4460-9619-8aa90c98357d/datanode-4/data/ratis/f3d08482-7fac-4e7b-a429-459c727a4621 has been successfully formatted.
2019-08-29 12:13:15,989 [pool-67-thread-1] INFO  ratis.ContainerStateMachine (ContainerStateMachine.java:loadSnapshot(227)) - group-459C727A4621: The snapshot info is null. Setting the last applied indexto:(t:0, i:~)
2019-08-29 12:13:15,992 [pool-67-thread-1] INFO  server.RaftServerConfigKeys (ConfUtils.java:logGet(43)) - raft.server.leader.election.timeout = 120s (custom)
2019-08-29 12:13:15,992 [pool-67-thread-1] INFO  server.RaftServerConfigKeys (ConfUtils.java:logGet(43)) - raft.server.log.use.memory = false (default)
2019-08-29 12:13:15,992 [pool-67-thread-1] INFO  server.RaftServerConfigKeys (ConfUtils.java:logGet(43)) - raft.server.log.purge.gap = 1000000 (custom)
2019-08-29 12:13:15,992 [pool-67-thread-1] INFO  server.RaftServerConfigKeys (ConfUtils.java:logGet(43)) - raft.server.log.appender.buffer.byte-limit = 33554432 (custom)
2019-08-29 12:13:15,992 [pool-67-thread-1] INFO  server.RaftServerConfigKeys (ConfUtils.java:logGet(43)) - raft.server.log.segment.size.max = 1048576 (custom)
2019-08-29 12:13:15,992 [pool-67-thread-1] INFO  server.RaftServerConfigKeys (ConfUtils.java:logGet(43)) - raft.server.log.segment.cache.num.max = 2 (custom)
2019-08-29 12:13:15,992 [pool-67-thread-1] INFO  segmented.SegmentedRaftLogWorker (SegmentedRaftLogWorker.java:<init>(172)) - new 07633987-61d2-4d6f-897f-8e8d6de0ebef-SegmentedRaftLogWorker:Storage Directory /workdir/hadoop-ozone/integration-test/target/test-dir/MiniOzoneClusterImpl-9baf5c52-405e-4460-9619-8aa90c98357d/datanode-4/data/ratis/f3d08482-7fac-4e7b-a429-459c727a4621 for RaftStorage:Storage Directory /workdir/hadoop-ozone/integration-test/target/test-dir/MiniOzoneClusterImpl-9baf5c52-405e-4460-9619-8aa90c98357d/datanode-4/data/ratis/f3d08482-7fac-4e7b-a429-459c727a4621
2019-08-29 12:13:15,995 [pool-67-thread-1] INFO  server.RaftServerConfigKeys (ConfUtils.java:logGet(43)) - raft.server.log.queue.byte-limit = 2147483647 (custom)
2019-08-29 12:13:15,996 [pool-67-thread-1] INFO  server.RaftServerConfigKeys (ConfUtils.java:logGet(43)) - raft.server.log.queue.element-limit = 1024 (custom)
2019-08-29 12:13:15,997 [pool-67-thread-1] INFO  server.RaftServerConfigKeys (ConfUtils.java:logGet(43)) - raft.server.log.segment.size.max = 1048576 (custom)
2019-08-29 12:13:15,997 [pool-67-thread-1] INFO  server.RaftServerConfigKeys (ConfUtils.java:logGet(43)) - raft.server.log.preallocated.size = 16384 (custom)
2019-08-29 12:13:15,997 [pool-67-thread-1] INFO  server.RaftServerConfigKeys (ConfUtils.java:logGet(43)) - raft.server.log.write.buffer.size = 33554432 (custom)
2019-08-29 12:13:15,997 [pool-67-thread-1] INFO  server.RaftServerConfigKeys (ConfUtils.java:logGet(43)) - raft.server.log.force.sync.num = 128 (default)
2019-08-29 12:13:15,997 [pool-67-thread-1] INFO  server.RaftServerConfigKeys (ConfUtils.java:logGet(43)) - raft.server.log.statemachine.data.sync = true (default)
2019-08-29 12:13:15,998 [pool-67-thread-1] INFO  server.RaftServerConfigKeys (ConfUtils.java:logGet(43)) - raft.server.log.statemachine.data.sync.timeout = 10s (default)
2019-08-29 12:13:15,998 [pool-67-thread-1] INFO  server.RaftServerConfigKeys (ConfUtils.java:logGet(43)) - raft.server.log.statemachine.data.sync.timeout.retry = -1 (default)
2019-08-29 12:13:15,998 [pool-67-thread-1] INFO  server.RaftServerConfigKeys (ConfUtils.java:logGet(43)) - raft.server.log.statemachine.data.caching.enabled = true (custom)
2019-08-29 12:13:15,999 [pool-67-thread-1] INFO  segmented.SegmentedRaftLogWorker (SegmentedRaftLogWorker.java:lambda$new$0(132)) - 07633987-61d2-4d6f-897f-8e8d6de0ebef-SegmentedRaftLogWorker:Storage Directory /workdir/hadoop-ozone/integration-test/target/test-dir/MiniOzoneClusterImpl-9baf5c52-405e-4460-9619-8aa90c98357d/datanode-4/data/ratis/f3d08482-7fac-4e7b-a429-459c727a4621: flushIndex: setUnconditionally 0 -> -1
2019-08-29 12:13:15,999 [pool-67-thread-1] INFO  server.RaftServerConfigKeys (ConfUtils.java:logGet(43)) - raft.server.snapshot.auto.trigger.enabled = true (custom)
2019-08-29 12:13:16,000 [pool-67-thread-1] INFO  server.RaftServerConfigKeys (ConfUtils.java:logGet(43)) - raft.server.snapshot.auto.trigger.threshold = 10000 (custom)
2019-08-29 12:13:16,000 [pool-67-thread-1] INFO  server.RaftServerConfigKeys (ConfUtils.java:logGet(43)) - raft.server.retrycache.expirytime = 600000ms (custom)
2019-08-29 12:13:16,000 [pool-67-thread-1] INFO  impl.RaftServerImpl (RaftServerImpl.java:start(180)) - 07633987-61d2-4d6f-897f-8e8d6de0ebef: start group-459C727A4621
2019-08-29 12:13:16,001 [pool-67-thread-1] INFO  impl.RaftServerImpl (RaftServerImpl.java:setRole(171)) - 07633987-61d2-4d6f-897f-8e8d6de0ebef:group-459C727A4621 changes role from null to FOLLOWER at term 0 for startAsFollower
2019-08-29 12:13:16,001 [pool-67-thread-1] INFO  impl.RoleInfo (RoleInfo.java:updateAndGet(143)) - 07633987-61d2-4d6f-897f-8e8d6de0ebef: start FollowerState
2019-08-29 12:13:16,005 [pool-67-thread-1] INFO  util.JmxRegister (JmxRegister.java:tryRegister(44)) - Successfully registered JMX Bean with object name Ratis:service=RaftServer,group=group-459C727A4621,id=07633987-61d2-4d6f-897f-8e8d6de0ebef
2019-08-29 12:13:16,043 [RatisPipelineUtilsThread] INFO  pipeline.PipelineStateManager (PipelineStateManager.java:addPipeline(56)) - Created pipeline Pipeline[ Id: f3d08482-7fac-4e7b-a429-459c727a4621, Nodes: 07633987-61d2-4d6f-897f-8e8d6de0ebef{ip: 192.168.5.180, host: pr-hdds-1054-24pjh-334729151, networkLocation: /default-rack, certSerialId: null}, Type:RATIS, Factor:ONE, State:OPEN]
2019-08-29 12:13:16,081 [grpc-default-executor-0] INFO  impl.RaftServerProxy (RaftServerProxy.java:addNew(89)) - 43f6f77a-f70f-4cdd-a5be-5c28068849a6: addNew group-CAD62E857C75:[43f6f77a-f70f-4cdd-a5be-5c28068849a6:192.168.5.180:37403] returns group-CAD62E857C75:java.util.concurrent.CompletableFuture@8044c3e[Not completed]
2019-08-29 12:13:16,110 [pool-37-thread-1] INFO  impl.RaftServerImpl (RaftServerImpl.java:<init>(93)) - 43f6f77a-f70f-4cdd-a5be-5c28068849a6: new RaftServerImpl for group-CAD62E857C75:[43f6f77a-f70f-4cdd-a5be-5c28068849a6:192.168.5.180:37403] with ContainerStateMachine:uninitialized
2019-08-29 12:13:16,110 [pool-37-thread-1] INFO  server.RaftServerConfigKeys (ConfUtils.java:logGet(43)) - raft.server.rpc.timeout.min = 5s (custom)
2019-08-29 12:13:16,110 [pool-37-thread-1] INFO  server.RaftServerConfigKeys (ConfUtils.java:logGet(43)) - raft.server.rpc.timeout.max = 5200ms (custom)
2019-08-29 12:13:16,111 [pool-37-thread-1] INFO  server.RaftServerConfigKeys (ConfUtils.java:logGet(43)) - raft.server.rpcslowness.timeout = 120s (custom)
2019-08-29 12:13:16,111 [pool-37-thread-1] INFO  server.RaftServerConfigKeys (ConfUtils.java:logGet(43)) - raft.server.sleep.deviation.threshold = 300 (default)
2019-08-29 12:13:16,111 [pool-37-thread-1] INFO  server.RaftServerConfigKeys (ConfUtils.java:logGet(43)) - raft.server.log.appender.install.snapshot.enabled = false (custom)
2019-08-29 12:13:16,111 [pool-37-thread-1] INFO  impl.RaftServerImpl (ServerState.java:<init>(105)) - 43f6f77a-f70f-4cdd-a5be-5c28068849a6:group-CAD62E857C75 ConfigurationManager, init=-1: [43f6f77a-f70f-4cdd-a5be-5c28068849a6:192.168.5.180:37403], old=null, confs=<EMPTY_MAP>
2019-08-29 12:13:16,111 [pool-37-thread-1] INFO  server.RaftServerConfigKeys (ConfUtils.java:logGet(43)) - raft.server.storage.dir = [/workdir/hadoop-ozone/integration-test/target/test-dir/MiniOzoneClusterImpl-9baf5c52-405e-4460-9619-8aa90c98357d/datanode-1/data/ratis] (custom)
2019-08-29 12:13:16,112 [pool-37-thread-1] INFO  storage.RaftStorageDirectory (RaftStorageDirectory.java:analyzeStorage(246)) - The storage directory /workdir/hadoop-ozone/integration-test/target/test-dir/MiniOzoneClusterImpl-9baf5c52-405e-4460-9619-8aa90c98357d/datanode-1/data/ratis/35203c91-ab9b-4c3c-a54c-cad62e857c75 does not exist. Creating ...
2019-08-29 12:13:16,226 [pool-37-thread-1] INFO  storage.RaftStorageDirectory (RaftStorageDirectory.java:tryLock(328)) - Lock on /workdir/hadoop-ozone/integration-test/target/test-dir/MiniOzoneClusterImpl-9baf5c52-405e-4460-9619-8aa90c98357d/datanode-1/data/ratis/35203c91-ab9b-4c3c-a54c-cad62e857c75/in_use.lock acquired by nodename 19185@pr-hdds-1054-24pjh-334729151
2019-08-29 12:13:16,240 [pool-37-thread-1] INFO  storage.RaftStorage (RaftStorage.java:format(72)) - Storage directory /workdir/hadoop-ozone/integration-test/target/test-dir/MiniOzoneClusterImpl-9baf5c52-405e-4460-9619-8aa90c98357d/datanode-1/data/ratis/35203c91-ab9b-4c3c-a54c-cad62e857c75 has been successfully formatted.
2019-08-29 12:13:16,240 [pool-37-thread-1] INFO  ratis.ContainerStateMachine (ContainerStateMachine.java:loadSnapshot(227)) - group-CAD62E857C75: The snapshot info is null. Setting the last applied indexto:(t:0, i:~)
2019-08-29 12:13:16,240 [pool-37-thread-1] INFO  server.RaftServerConfigKeys (ConfUtils.java:logGet(43)) - raft.server.leader.election.timeout = 120s (custom)
2019-08-29 12:13:16,240 [pool-37-thread-1] INFO  server.RaftServerConfigKeys (ConfUtils.java:logGet(43)) - raft.server.log.use.memory = false (default)
2019-08-29 12:13:16,241 [pool-37-thread-1] INFO  server.RaftServerConfigKeys (ConfUtils.java:logGet(43)) - raft.server.log.purge.gap = 1000000 (custom)
2019-08-29 12:13:16,241 [pool-37-thread-1] INFO  server.RaftServerConfigKeys (ConfUtils.java:logGet(43)) - raft.server.log.appender.buffer.byte-limit = 33554432 (custom)
2019-08-29 12:13:16,241 [pool-37-thread-1] INFO  server.RaftServerConfigKeys (ConfUtils.java:logGet(43)) - raft.server.log.segment.size.max = 1048576 (custom)
2019-08-29 12:13:16,241 [pool-37-thread-1] INFO  server.RaftServerConfigKeys (ConfUtils.java:logGet(43)) - raft.server.log.segment.cache.num.max = 2 (custom)
2019-08-29 12:13:16,241 [pool-37-thread-1] INFO  segmented.SegmentedRaftLogWorker (SegmentedRaftLogWorker.java:<init>(172)) - new 43f6f77a-f70f-4cdd-a5be-5c28068849a6-SegmentedRaftLogWorker:Storage Directory /workdir/hadoop-ozone/integration-test/target/test-dir/MiniOzoneClusterImpl-9baf5c52-405e-4460-9619-8aa90c98357d/datanode-1/data/ratis/35203c91-ab9b-4c3c-a54c-cad62e857c75 for RaftStorage:Storage Directory /workdir/hadoop-ozone/integration-test/target/test-dir/MiniOzoneClusterImpl-9baf5c52-405e-4460-9619-8aa90c98357d/datanode-1/data/ratis/35203c91-ab9b-4c3c-a54c-cad62e857c75
2019-08-29 12:13:16,242 [pool-37-thread-1] INFO  server.RaftServerConfigKeys (ConfUtils.java:logGet(43)) - raft.server.log.queue.byte-limit = 2147483647 (custom)
2019-08-29 12:13:16,242 [pool-37-thread-1] INFO  server.RaftServerConfigKeys (ConfUtils.java:logGet(43)) - raft.server.log.queue.element-limit = 1024 (custom)
2019-08-29 12:13:16,242 [pool-37-thread-1] INFO  server.RaftServerConfigKeys (ConfUtils.java:logGet(43)) - raft.server.log.segment.size.max = 1048576 (custom)
2019-08-29 12:13:16,242 [pool-37-thread-1] INFO  server.RaftServerConfigKeys (ConfUtils.java:logGet(43)) - raft.server.log.preallocated.size = 16384 (custom)
2019-08-29 12:13:16,243 [pool-37-thread-1] INFO  server.RaftServerConfigKeys (ConfUtils.java:logGet(43)) - raft.server.log.write.buffer.size = 33554432 (custom)
2019-08-29 12:13:16,243 [pool-37-thread-1] INFO  server.RaftServerConfigKeys (ConfUtils.java:logGet(43)) - raft.server.log.force.sync.num = 128 (default)
2019-08-29 12:13:16,243 [pool-37-thread-1] INFO  server.RaftServerConfigKeys (ConfUtils.java:logGet(43)) - raft.server.log.statemachine.data.sync = true (default)
2019-08-29 12:13:16,243 [pool-37-thread-1] INFO  server.RaftServerConfigKeys (ConfUtils.java:logGet(43)) - raft.server.log.statemachine.data.sync.timeout = 10s (default)
2019-08-29 12:13:16,243 [pool-37-thread-1] INFO  server.RaftServerConfigKeys (ConfUtils.java:logGet(43)) - raft.server.log.statemachine.data.sync.timeout.retry = -1 (default)
2019-08-29 12:13:16,244 [pool-37-thread-1] INFO  server.RaftServerConfigKeys (ConfUtils.java:logGet(43)) - raft.server.log.statemachine.data.caching.enabled = true (custom)
2019-08-29 12:13:16,244 [pool-37-thread-1] INFO  segmented.SegmentedRaftLogWorker (SegmentedRaftLogWorker.java:lambda$new$0(132)) - 43f6f77a-f70f-4cdd-a5be-5c28068849a6-SegmentedRaftLogWorker:Storage Directory /workdir/hadoop-ozone/integration-test/target/test-dir/MiniOzoneClusterImpl-9baf5c52-405e-4460-9619-8aa90c98357d/datanode-1/data/ratis/35203c91-ab9b-4c3c-a54c-cad62e857c75: flushIndex: setUnconditionally 0 -> -1
2019-08-29 12:13:16,391 [main] INFO  ozone.MiniOzoneClusterImpl (MiniOzoneClusterImpl.java:lambda$waitForClusterToBeReady$0(140)) - Cluster is ready. Got 10 of 10 DN Heartbeats.
2019-08-29 12:13:16,773 [pool-37-thread-1] INFO  server.RaftServerConfigKeys (ConfUtils.java:logGet(43)) - raft.server.snapshot.auto.trigger.enabled = true (custom)
2019-08-29 12:13:16,773 [pool-37-thread-1] INFO  server.RaftServerConfigKeys (ConfUtils.java:logGet(43)) - raft.server.snapshot.auto.trigger.threshold = 10000 (custom)
2019-08-29 12:13:16,773 [pool-37-thread-1] INFO  server.RaftServerConfigKeys (ConfUtils.java:logGet(43)) - raft.server.retrycache.expirytime = 600000ms (custom)
2019-08-29 12:13:16,774 [pool-37-thread-1] INFO  impl.RaftServerImpl (RaftServerImpl.java:start(180)) - 43f6f77a-f70f-4cdd-a5be-5c28068849a6: start group-CAD62E857C75
2019-08-29 12:13:16,774 [pool-37-thread-1] INFO  impl.RaftServerImpl (RaftServerImpl.java:setRole(171)) - 43f6f77a-f70f-4cdd-a5be-5c28068849a6:group-CAD62E857C75 changes role from null to FOLLOWER at term 0 for startAsFollower
2019-08-29 12:13:16,774 [pool-37-thread-1] INFO  impl.RoleInfo (RoleInfo.java:updateAndGet(143)) - 43f6f77a-f70f-4cdd-a5be-5c28068849a6: start FollowerState
2019-08-29 12:13:16,789 [pool-37-thread-1] INFO  util.JmxRegister (JmxRegister.java:tryRegister(44)) - Successfully registered JMX Bean with object name Ratis:service=RaftServer,group=group-CAD62E857C75,id=43f6f77a-f70f-4cdd-a5be-5c28068849a6
2019-08-29 12:13:16,808 [RatisPipelineUtilsThread] INFO  pipeline.PipelineStateManager (PipelineStateManager.java:addPipeline(56)) - Created pipeline Pipeline[ Id: 35203c91-ab9b-4c3c-a54c-cad62e857c75, Nodes: 43f6f77a-f70f-4cdd-a5be-5c28068849a6{ip: 192.168.5.180, host: pr-hdds-1054-24pjh-334729151, networkLocation: /default-rack, certSerialId: null}, Type:RATIS, Factor:ONE, State:OPEN]
2019-08-29 12:13:16,818 | INFO  | SCMAudit | user=jenkins1000 | ip=192.168.5.180 | op=SEND_HEARTBEAT {datanodeUUID=844ecb45-bf8d-44d5-a0a7-2f6fad9158ad, command=[]} | ret=SUCCESS |  
2019-08-29 12:13:16,841 | INFO  | SCMAudit | user=jenkins1000 | ip=192.168.5.180 | op=SEND_HEARTBEAT {datanodeUUID=43f6f77a-f70f-4cdd-a5be-5c28068849a6, command=[]} | ret=SUCCESS |  
2019-08-29 12:13:16,859 [grpc-default-executor-0] INFO  impl.RaftServerProxy (RaftServerProxy.java:addNew(89)) - 4050fee3-65e1-4f13-9e2a-77e69e0ca877: addNew group-7F5F522BCED9:[4050fee3-65e1-4f13-9e2a-77e69e0ca877:192.168.5.180:34539] returns group-7F5F522BCED9:java.util.concurrent.CompletableFuture@2adbac89[Not completed]
2019-08-29 12:13:16,871 [pool-107-thread-1] INFO  impl.RaftServerImpl (RaftServerImpl.java:<init>(93)) - 4050fee3-65e1-4f13-9e2a-77e69e0ca877: new RaftServerImpl for group-7F5F522BCED9:[4050fee3-65e1-4f13-9e2a-77e69e0ca877:192.168.5.180:34539] with ContainerStateMachine:uninitialized
2019-08-29 12:13:16,872 [pool-107-thread-1] INFO  server.RaftServerConfigKeys (ConfUtils.java:logGet(43)) - raft.server.rpc.timeout.min = 5s (custom)
2019-08-29 12:13:16,872 [pool-107-thread-1] INFO  server.RaftServerConfigKeys (ConfUtils.java:logGet(43)) - raft.server.rpc.timeout.max = 5200ms (custom)
2019-08-29 12:13:16,872 [pool-107-thread-1] INFO  server.RaftServerConfigKeys (ConfUtils.java:logGet(43)) - raft.server.rpcslowness.timeout = 120s (custom)
2019-08-29 12:13:16,872 [pool-107-thread-1] INFO  server.RaftServerConfigKeys (ConfUtils.java:logGet(43)) - raft.server.sleep.deviation.threshold = 300 (default)
2019-08-29 12:13:16,872 [pool-107-thread-1] INFO  server.RaftServerConfigKeys (ConfUtils.java:logGet(43)) - raft.server.log.appender.install.snapshot.enabled = false (custom)
2019-08-29 12:13:16,873 [pool-107-thread-1] INFO  impl.RaftServerImpl (ServerState.java:<init>(105)) - 4050fee3-65e1-4f13-9e2a-77e69e0ca877:group-7F5F522BCED9 ConfigurationManager, init=-1: [4050fee3-65e1-4f13-9e2a-77e69e0ca877:192.168.5.180:34539], old=null, confs=<EMPTY_MAP>
2019-08-29 12:13:16,873 [pool-107-thread-1] INFO  server.RaftServerConfigKeys (ConfUtils.java:logGet(43)) - raft.server.storage.dir = [/workdir/hadoop-ozone/integration-test/target/test-dir/MiniOzoneClusterImpl-9baf5c52-405e-4460-9619-8aa90c98357d/datanode-8/data/ratis] (custom)
2019-08-29 12:13:16,873 [pool-107-thread-1] INFO  storage.RaftStorageDirectory (RaftStorageDirectory.java:analyzeStorage(246)) - The storage directory /workdir/hadoop-ozone/integration-test/target/test-dir/MiniOzoneClusterImpl-9baf5c52-405e-4460-9619-8aa90c98357d/datanode-8/data/ratis/bc9d634b-bbb9-4771-88d4-7f5f522bced9 does not exist. Creating ...
2019-08-29 12:13:16,923 | INFO  | SCMAudit | user=jenkins1000 | ip=192.168.5.180 | op=SEND_HEARTBEAT {datanodeUUID=ece84cde-7c4c-4ceb-8135-db99d4fdbf3b, command=[]} | ret=SUCCESS |  
2019-08-29 12:13:17,004 | INFO  | SCMAudit | user=jenkins1000 | ip=192.168.5.180 | op=SEND_HEARTBEAT {datanodeUUID=a408674c-f7a6-4330-bdc0-864ae7aa964e, command=[]} | ret=SUCCESS |  
2019-08-29 12:13:17,075 | INFO  | SCMAudit | user=jenkins1000 | ip=192.168.5.180 | op=SEND_HEARTBEAT {datanodeUUID=07633987-61d2-4d6f-897f-8e8d6de0ebef, command=[]} | ret=SUCCESS |  
2019-08-29 12:13:17,130 | INFO  | SCMAudit | user=jenkins1000 | ip=192.168.5.180 | op=SEND_HEARTBEAT {datanodeUUID=531aad77-f764-4b3f-a35c-0861e8ff84dc, command=[]} | ret=SUCCESS |  
2019-08-29 12:13:17,225 | INFO  | SCMAudit | user=jenkins1000 | ip=192.168.5.180 | op=SEND_HEARTBEAT {datanodeUUID=87c289b5-492f-4a45-8e48-ede3505cfee3, command=[]} | ret=SUCCESS |  
2019-08-29 12:13:17,278 | INFO  | SCMAudit | user=jenkins1000 | ip=192.168.5.180 | op=SEND_HEARTBEAT {datanodeUUID=7588b5cd-2e6c-40ac-8166-292edf2596f3, command=[]} | ret=SUCCESS |  
2019-08-29 12:13:17,340 | INFO  | SCMAudit | user=jenkins1000 | ip=192.168.5.180 | op=SEND_HEARTBEAT {datanodeUUID=4050fee3-65e1-4f13-9e2a-77e69e0ca877, command=[]} | ret=SUCCESS |  
2019-08-29 12:13:17,359 [main] INFO  ozone.MiniOzoneClusterImpl (MiniOzoneClusterImpl.java:getStorageContainerLocationClient(227)) - Creating StorageContainerLocationProtocol RPC client with address /0.0.0.0:38124
2019-08-29 12:13:17,394 [main] INFO  rpc.RpcClient (RpcClient.java:createVolume(294)) - Creating Volume: acacecad-7d35-4e1a-a58e-c8c4d0afc70e, with jenkins1000 as owner.
2019-08-29 12:13:17,407 | INFO  | SCMAudit | user=jenkins1000 | ip=192.168.5.180 | op=SEND_HEARTBEAT {datanodeUUID=56997c5e-aa03-402a-9e62-43fb5d91409b, command=[]} | ret=SUCCESS |  
2019-08-29 12:13:17,423 | INFO  | OMAudit | user=jenkins1000 | ip=127.0.0.1 | op=CREATE_VOLUME {admin=jenkins1000, owner=jenkins1000, volume=acacecad-7d35-4e1a-a58e-c8c4d0afc70e, creationTime=1567080797418, quotaInBytes=1152921504606846976} | ret=SUCCESS |  
2019-08-29 12:13:17,449 | INFO  | OMAudit | user=jenkins1000 | ip=127.0.0.1 | op=READ_VOLUME {volume=acacecad-7d35-4e1a-a58e-c8c4d0afc70e} | ret=SUCCESS |  
2019-08-29 12:13:17,456 [main] INFO  rpc.RpcClient (RpcClient.java:createBucket(433)) - Creating Bucket: acacecad-7d35-4e1a-a58e-c8c4d0afc70e/075a320d-b496-4d9f-9b76-8f51bb0c6861, with Versioning false and Storage Type set to DISK and Encryption set to false 
2019-08-29 12:13:17,479 | INFO  | OMAudit | user=jenkins1000 | ip=127.0.0.1 | op=CREATE_BUCKET {volume=acacecad-7d35-4e1a-a58e-c8c4d0afc70e, bucket=075a320d-b496-4d9f-9b76-8f51bb0c6861, acls=[user:jenkins1000:a[ACCESS], group:default:a[ACCESS]], isVersionEnabled=false, storageType=DISK, creationTime=0} | ret=SUCCESS |  
2019-08-29 12:13:17,488 | INFO  | OMAudit | user=jenkins1000 | ip=127.0.0.1 | op=READ_BUCKET {volume=acacecad-7d35-4e1a-a58e-c8c4d0afc70e, bucket=075a320d-b496-4d9f-9b76-8f51bb0c6861} | ret=SUCCESS |  
2019-08-29 12:13:17,753 | INFO  | SCMAudit | user=jenkins1000 | ip=192.168.5.180 | op=SEND_HEARTBEAT {datanodeUUID=844ecb45-bf8d-44d5-a0a7-2f6fad9158ad, command=[]} | ret=SUCCESS |  
2019-08-29 12:13:17,791 [Thread-282] INFO  container.ReplicationManager (ReplicationManager.java:start(152)) - Starting Replication Monitor Thread.
2019-08-29 12:13:17,793 [ReplicationMonitor] INFO  container.ReplicationManager (ReplicationManager.java:run(215)) - Replication Monitor Thread took 1 milliseconds for processing 0 containers.
2019-08-29 12:13:17,853 | INFO  | SCMAudit | user=jenkins1000 | ip=192.168.5.180 | op=SEND_HEARTBEAT {datanodeUUID=43f6f77a-f70f-4cdd-a5be-5c28068849a6, command=[]} | ret=SUCCESS |  
2019-08-29 12:13:17,907 | INFO  | SCMAudit | user=jenkins1000 | ip=192.168.5.180 | op=SEND_HEARTBEAT {datanodeUUID=ece84cde-7c4c-4ceb-8135-db99d4fdbf3b, command=[]} | ret=SUCCESS |  
2019-08-29 12:13:17,998 | INFO  | SCMAudit | user=jenkins1000 | ip=192.168.5.180 | op=SEND_HEARTBEAT {datanodeUUID=a408674c-f7a6-4330-bdc0-864ae7aa964e, command=[]} | ret=SUCCESS |  
2019-08-29 12:13:18,068 | INFO  | SCMAudit | user=jenkins1000 | ip=192.168.5.180 | op=SEND_HEARTBEAT {datanodeUUID=07633987-61d2-4d6f-897f-8e8d6de0ebef, command=[]} | ret=SUCCESS |  
2019-08-29 12:13:18,127 | INFO  | SCMAudit | user=jenkins1000 | ip=192.168.5.180 | op=SEND_HEARTBEAT {datanodeUUID=531aad77-f764-4b3f-a35c-0861e8ff84dc, command=[]} | ret=SUCCESS |  
2019-08-29 12:13:18,222 | INFO  | SCMAudit | user=jenkins1000 | ip=192.168.5.180 | op=SEND_HEARTBEAT {datanodeUUID=87c289b5-492f-4a45-8e48-ede3505cfee3, command=[]} | ret=SUCCESS |  
2019-08-29 12:13:18,261 | INFO  | SCMAudit | user=jenkins1000 | ip=192.168.5.180 | op=SEND_HEARTBEAT {datanodeUUID=7588b5cd-2e6c-40ac-8166-292edf2596f3, command=[]} | ret=SUCCESS |  
2019-08-29 12:13:18,326 | INFO  | SCMAudit | user=jenkins1000 | ip=192.168.5.180 | op=SEND_HEARTBEAT {datanodeUUID=4050fee3-65e1-4f13-9e2a-77e69e0ca877, command=[]} | ret=SUCCESS |  
2019-08-29 12:13:18,399 | INFO  | SCMAudit | user=jenkins1000 | ip=192.168.5.180 | op=SEND_HEARTBEAT {datanodeUUID=56997c5e-aa03-402a-9e62-43fb5d91409b, command=[]} | ret=SUCCESS |  
2019-08-29 12:13:18,750 | INFO  | SCMAudit | user=jenkins1000 | ip=192.168.5.180 | op=SEND_HEARTBEAT {datanodeUUID=844ecb45-bf8d-44d5-a0a7-2f6fad9158ad, command=[]} | ret=SUCCESS |  
2019-08-29 12:13:18,850 | INFO  | SCMAudit | user=jenkins1000 | ip=192.168.5.180 | op=SEND_HEARTBEAT {datanodeUUID=43f6f77a-f70f-4cdd-a5be-5c28068849a6, command=[]} | ret=SUCCESS |  
2019-08-29 12:13:18,907 | INFO  | SCMAudit | user=jenkins1000 | ip=192.168.5.180 | op=SEND_HEARTBEAT {datanodeUUID=ece84cde-7c4c-4ceb-8135-db99d4fdbf3b, command=[]} | ret=SUCCESS |  
2019-08-29 12:13:18,998 | INFO  | SCMAudit | user=jenkins1000 | ip=192.168.5.180 | op=SEND_HEARTBEAT {datanodeUUID=a408674c-f7a6-4330-bdc0-864ae7aa964e, command=[]} | ret=SUCCESS |  
2019-08-29 12:13:19,069 | INFO  | SCMAudit | user=jenkins1000 | ip=192.168.5.180 | op=SEND_HEARTBEAT {datanodeUUID=07633987-61d2-4d6f-897f-8e8d6de0ebef, command=[]} | ret=SUCCESS |  
2019-08-29 12:13:19,127 | INFO  | SCMAudit | user=jenkins1000 | ip=192.168.5.180 | op=SEND_HEARTBEAT {datanodeUUID=531aad77-f764-4b3f-a35c-0861e8ff84dc, command=[]} | ret=SUCCESS |  
2019-08-29 12:13:19,222 | INFO  | SCMAudit | user=jenkins1000 | ip=192.168.5.180 | op=SEND_HEARTBEAT {datanodeUUID=87c289b5-492f-4a45-8e48-ede3505cfee3, command=[]} | ret=SUCCESS |  
2019-08-29 12:13:19,261 | INFO  | SCMAudit | user=jenkins1000 | ip=192.168.5.180 | op=SEND_HEARTBEAT {datanodeUUID=7588b5cd-2e6c-40ac-8166-292edf2596f3, command=[]} | ret=SUCCESS |  
2019-08-29 12:13:19,327 | INFO  | SCMAudit | user=jenkins1000 | ip=192.168.5.180 | op=SEND_HEARTBEAT {datanodeUUID=4050fee3-65e1-4f13-9e2a-77e69e0ca877, command=[]} | ret=SUCCESS |  
2019-08-29 12:13:19,399 | INFO  | SCMAudit | user=jenkins1000 | ip=192.168.5.180 | op=SEND_HEARTBEAT {datanodeUUID=56997c5e-aa03-402a-9e62-43fb5d91409b, command=[]} | ret=SUCCESS |  
2019-08-29 12:13:19,750 | INFO  | SCMAudit | user=jenkins1000 | ip=192.168.5.180 | op=SEND_HEARTBEAT {datanodeUUID=844ecb45-bf8d-44d5-a0a7-2f6fad9158ad, command=[]} | ret=SUCCESS |  
2019-08-29 12:13:19,833 | INFO  | SCMAudit | user=jenkins1000 | ip=192.168.5.180 | op=SEND_HEARTBEAT {datanodeUUID=43f6f77a-f70f-4cdd-a5be-5c28068849a6, command=[]} | ret=SUCCESS |  
2019-08-29 12:13:19,833 [RATISCREATEPIPELINE1] ERROR pipeline.RatisPipelineProvider (RatisPipelineProvider.java:lambda$null$5(235)) - Failed invoke Ratis rpc org.apache.hadoop.hdds.scm.pipeline.RatisPipelineProvider$$Lambda$181/1557139910@42b2e8a2 for 4050fee3-65e1-4f13-9e2a-77e69e0ca877
org.apache.ratis.protocol.TimeoutIOException: deadline exceeded after 2999715923ns
	at org.apache.ratis.grpc.GrpcUtil.tryUnwrapException(GrpcUtil.java:82)
	at org.apache.ratis.grpc.GrpcUtil.unwrapException(GrpcUtil.java:75)
	at org.apache.ratis.grpc.client.GrpcClientProtocolClient.blockingCall(GrpcClientProtocolClient.java:169)
	at org.apache.ratis.grpc.client.GrpcClientProtocolClient.groupAdd(GrpcClientProtocolClient.java:138)
	at org.apache.ratis.grpc.client.GrpcClientRpc.sendRequest(GrpcClientRpc.java:94)
	at org.apache.ratis.client.impl.RaftClientImpl.sendRequest(RaftClientImpl.java:279)
	at org.apache.ratis.client.impl.RaftClientImpl.groupAdd(RaftClientImpl.java:206)
	at org.apache.hadoop.hdds.scm.pipeline.RatisPipelineProvider.lambda$initializePipeline$4(RatisPipelineProvider.java:194)
	at org.apache.hadoop.hdds.scm.pipeline.RatisPipelineProvider.lambda$null$5(RatisPipelineProvider.java:231)
	at java.util.stream.ForEachOps$ForEachOp$OfRef.accept(ForEachOps.java:184)
	at java.util.ArrayList$ArrayListSpliterator.forEachRemaining(ArrayList.java:1382)
	at java.util.stream.AbstractPipeline.copyInto(AbstractPipeline.java:482)
	at java.util.stream.ForEachOps$ForEachTask.compute(ForEachOps.java:291)
	at java.util.concurrent.CountedCompleter.exec(CountedCompleter.java:731)
	at java.util.concurrent.ForkJoinTask.doExec(ForkJoinTask.java:289)
	at java.util.concurrent.ForkJoinTask.doInvoke(ForkJoinTask.java:401)
	at java.util.concurrent.ForkJoinTask.invoke(ForkJoinTask.java:734)
	at java.util.stream.ForEachOps$ForEachOp.evaluateParallel(ForEachOps.java:160)
	at java.util.stream.ForEachOps$ForEachOp$OfRef.evaluateParallel(ForEachOps.java:174)
	at java.util.stream.AbstractPipeline.evaluate(AbstractPipeline.java:233)
	at java.util.stream.ReferencePipeline.forEach(ReferencePipeline.java:418)
	at java.util.stream.ReferencePipeline$Head.forEach(ReferencePipeline.java:583)
	at org.apache.hadoop.hdds.scm.pipeline.RatisPipelineProvider.lambda$callRatisRpc$6(RatisPipelineProvider.java:225)
	at java.util.concurrent.ForkJoinTask$AdaptedRunnableAction.exec(ForkJoinTask.java:1386)
	at java.util.concurrent.ForkJoinTask.doExec(ForkJoinTask.java:289)
	at java.util.concurrent.ForkJoinPool$WorkQueue.runTask(ForkJoinPool.java:1056)
	at java.util.concurrent.ForkJoinPool.runWorker(ForkJoinPool.java:1692)
	at java.util.concurrent.ForkJoinWorkerThread.run(ForkJoinWorkerThread.java:157)
Caused by: org.apache.ratis.thirdparty.io.grpc.StatusRuntimeException: DEADLINE_EXCEEDED: deadline exceeded after 2999715923ns
	at org.apache.ratis.thirdparty.io.grpc.stub.ClientCalls.toStatusRuntimeException(ClientCalls.java:233)
	at org.apache.ratis.thirdparty.io.grpc.stub.ClientCalls.getUnchecked(ClientCalls.java:214)
	at org.apache.ratis.thirdparty.io.grpc.stub.ClientCalls.blockingUnaryCall(ClientCalls.java:139)
	at org.apache.ratis.proto.grpc.AdminProtocolServiceGrpc$AdminProtocolServiceBlockingStub.groupManagement(AdminProtocolServiceGrpc.java:274)
	at org.apache.ratis.grpc.client.GrpcClientProtocolClient.lambda$groupAdd$3(GrpcClientProtocolClient.java:140)
	at org.apache.ratis.grpc.client.GrpcClientProtocolClient.blockingCall(GrpcClientProtocolClient.java:167)
	... 25 more
2019-08-29 12:13:19,902 [grpc-default-executor-2] INFO  impl.RaftServerProxy (RaftServerProxy.java:addNew(89)) - 07633987-61d2-4d6f-897f-8e8d6de0ebef: addNew group-883D5FDA07D6:[43f6f77a-f70f-4cdd-a5be-5c28068849a6:192.168.5.180:37403, 4050fee3-65e1-4f13-9e2a-77e69e0ca877:192.168.5.180:34539, 07633987-61d2-4d6f-897f-8e8d6de0ebef:192.168.5.180:42297] returns group-883D5FDA07D6:java.util.concurrent.CompletableFuture@55df5f14[Not completed]
2019-08-29 12:13:19,902 [grpc-default-executor-0] INFO  impl.RaftServerProxy (RaftServerProxy.java:addNew(89)) - 4050fee3-65e1-4f13-9e2a-77e69e0ca877: addNew group-883D5FDA07D6:[43f6f77a-f70f-4cdd-a5be-5c28068849a6:192.168.5.180:37403, 4050fee3-65e1-4f13-9e2a-77e69e0ca877:192.168.5.180:34539, 07633987-61d2-4d6f-897f-8e8d6de0ebef:192.168.5.180:42297] returns group-883D5FDA07D6:java.util.concurrent.CompletableFuture@5dd240cc[Not completed]
2019-08-29 12:13:19,903 [grpc-default-executor-1] INFO  impl.RaftServerProxy (RaftServerProxy.java:addNew(89)) - 43f6f77a-f70f-4cdd-a5be-5c28068849a6: addNew group-883D5FDA07D6:[43f6f77a-f70f-4cdd-a5be-5c28068849a6:192.168.5.180:37403, 4050fee3-65e1-4f13-9e2a-77e69e0ca877:192.168.5.180:34539, 07633987-61d2-4d6f-897f-8e8d6de0ebef:192.168.5.180:42297] returns group-883D5FDA07D6:java.util.concurrent.CompletableFuture@2e69ee6[Not completed]
2019-08-29 12:13:19,903 [pool-67-thread-1] INFO  impl.RaftServerImpl (RaftServerImpl.java:<init>(93)) - 07633987-61d2-4d6f-897f-8e8d6de0ebef: new RaftServerImpl for group-883D5FDA07D6:[43f6f77a-f70f-4cdd-a5be-5c28068849a6:192.168.5.180:37403, 4050fee3-65e1-4f13-9e2a-77e69e0ca877:192.168.5.180:34539, 07633987-61d2-4d6f-897f-8e8d6de0ebef:192.168.5.180:42297] with ContainerStateMachine:uninitialized
2019-08-29 12:13:19,903 [pool-67-thread-1] INFO  server.RaftServerConfigKeys (ConfUtils.java:logGet(43)) - raft.server.rpc.timeout.min = 5s (custom)
2019-08-29 12:13:19,904 [pool-67-thread-1] INFO  server.RaftServerConfigKeys (ConfUtils.java:logGet(43)) - raft.server.rpc.timeout.max = 5200ms (custom)
2019-08-29 12:13:19,904 [pool-67-thread-1] INFO  server.RaftServerConfigKeys (ConfUtils.java:logGet(43)) - raft.server.rpcslowness.timeout = 120s (custom)
2019-08-29 12:13:19,904 [pool-67-thread-1] INFO  server.RaftServerConfigKeys (ConfUtils.java:logGet(43)) - raft.server.sleep.deviation.threshold = 300 (default)
2019-08-29 12:13:19,904 [pool-67-thread-1] INFO  server.RaftServerConfigKeys (ConfUtils.java:logGet(43)) - raft.server.log.appender.install.snapshot.enabled = false (custom)
2019-08-29 12:13:19,904 [pool-67-thread-1] INFO  impl.RaftServerImpl (ServerState.java:<init>(105)) - 07633987-61d2-4d6f-897f-8e8d6de0ebef:group-883D5FDA07D6 ConfigurationManager, init=-1: [43f6f77a-f70f-4cdd-a5be-5c28068849a6:192.168.5.180:37403, 4050fee3-65e1-4f13-9e2a-77e69e0ca877:192.168.5.180:34539, 07633987-61d2-4d6f-897f-8e8d6de0ebef:192.168.5.180:42297], old=null, confs=<EMPTY_MAP>
2019-08-29 12:13:19,904 [pool-67-thread-1] INFO  server.RaftServerConfigKeys (ConfUtils.java:logGet(43)) - raft.server.storage.dir = [/workdir/hadoop-ozone/integration-test/target/test-dir/MiniOzoneClusterImpl-9baf5c52-405e-4460-9619-8aa90c98357d/datanode-4/data/ratis] (custom)
2019-08-29 12:13:19,905 [pool-67-thread-1] INFO  storage.RaftStorageDirectory (RaftStorageDirectory.java:analyzeStorage(246)) - The storage directory /workdir/hadoop-ozone/integration-test/target/test-dir/MiniOzoneClusterImpl-9baf5c52-405e-4460-9619-8aa90c98357d/datanode-4/data/ratis/90549e42-10b7-4772-9ce1-883d5fda07d6 does not exist. Creating ...
2019-08-29 12:13:19,906 [pool-37-thread-1] INFO  impl.RaftServerImpl (RaftServerImpl.java:<init>(93)) - 43f6f77a-f70f-4cdd-a5be-5c28068849a6: new RaftServerImpl for group-883D5FDA07D6:[43f6f77a-f70f-4cdd-a5be-5c28068849a6:192.168.5.180:37403, 4050fee3-65e1-4f13-9e2a-77e69e0ca877:192.168.5.180:34539, 07633987-61d2-4d6f-897f-8e8d6de0ebef:192.168.5.180:42297] with ContainerStateMachine:uninitialized
2019-08-29 12:13:19,906 [pool-37-thread-1] INFO  server.RaftServerConfigKeys (ConfUtils.java:logGet(43)) - raft.server.rpc.timeout.min = 5s (custom)
2019-08-29 12:13:19,906 [pool-37-thread-1] INFO  server.RaftServerConfigKeys (ConfUtils.java:logGet(43)) - raft.server.rpc.timeout.max = 5200ms (custom)
2019-08-29 12:13:19,906 [pool-37-thread-1] INFO  server.RaftServerConfigKeys (ConfUtils.java:logGet(43)) - raft.server.rpcslowness.timeout = 120s (custom)
2019-08-29 12:13:19,907 [pool-37-thread-1] INFO  server.RaftServerConfigKeys (ConfUtils.java:logGet(43)) - raft.server.sleep.deviation.threshold = 300 (default)
2019-08-29 12:13:19,907 [pool-37-thread-1] INFO  server.RaftServerConfigKeys (ConfUtils.java:logGet(43)) - raft.server.log.appender.install.snapshot.enabled = false (custom)
2019-08-29 12:13:19,907 [pool-37-thread-1] INFO  impl.RaftServerImpl (ServerState.java:<init>(105)) - 43f6f77a-f70f-4cdd-a5be-5c28068849a6:group-883D5FDA07D6 ConfigurationManager, init=-1: [43f6f77a-f70f-4cdd-a5be-5c28068849a6:192.168.5.180:37403, 4050fee3-65e1-4f13-9e2a-77e69e0ca877:192.168.5.180:34539, 07633987-61d2-4d6f-897f-8e8d6de0ebef:192.168.5.180:42297], old=null, confs=<EMPTY_MAP>
2019-08-29 12:13:19,907 | INFO  | SCMAudit | user=jenkins1000 | ip=192.168.5.180 | op=SEND_HEARTBEAT {datanodeUUID=ece84cde-7c4c-4ceb-8135-db99d4fdbf3b, command=[]} | ret=SUCCESS |  
2019-08-29 12:13:19,907 [pool-37-thread-1] INFO  server.RaftServerConfigKeys (ConfUtils.java:logGet(43)) - raft.server.storage.dir = [/workdir/hadoop-ozone/integration-test/target/test-dir/MiniOzoneClusterImpl-9baf5c52-405e-4460-9619-8aa90c98357d/datanode-1/data/ratis] (custom)
2019-08-29 12:13:19,908 [pool-37-thread-1] INFO  storage.RaftStorageDirectory (RaftStorageDirectory.java:analyzeStorage(246)) - The storage directory /workdir/hadoop-ozone/integration-test/target/test-dir/MiniOzoneClusterImpl-9baf5c52-405e-4460-9619-8aa90c98357d/datanode-1/data/ratis/90549e42-10b7-4772-9ce1-883d5fda07d6 does not exist. Creating ...
2019-08-29 12:13:19,998 | INFO  | SCMAudit | user=jenkins1000 | ip=192.168.5.180 | op=SEND_HEARTBEAT {datanodeUUID=a408674c-f7a6-4330-bdc0-864ae7aa964e, command=[]} | ret=SUCCESS |  
2019-08-29 12:13:20,069 | INFO  | SCMAudit | user=jenkins1000 | ip=192.168.5.180 | op=SEND_HEARTBEAT {datanodeUUID=07633987-61d2-4d6f-897f-8e8d6de0ebef, command=[]} | ret=SUCCESS |  
2019-08-29 12:13:20,127 | INFO  | SCMAudit | user=jenkins1000 | ip=192.168.5.180 | op=SEND_HEARTBEAT {datanodeUUID=531aad77-f764-4b3f-a35c-0861e8ff84dc, command=[]} | ret=SUCCESS |  
2019-08-29 12:13:20,222 | INFO  | SCMAudit | user=jenkins1000 | ip=192.168.5.180 | op=SEND_HEARTBEAT {datanodeUUID=87c289b5-492f-4a45-8e48-ede3505cfee3, command=[]} | ret=SUCCESS |  
2019-08-29 12:13:20,261 | INFO  | SCMAudit | user=jenkins1000 | ip=192.168.5.180 | op=SEND_HEARTBEAT {datanodeUUID=7588b5cd-2e6c-40ac-8166-292edf2596f3, command=[]} | ret=SUCCESS |  
2019-08-29 12:13:20,327 | INFO  | SCMAudit | user=jenkins1000 | ip=192.168.5.180 | op=SEND_HEARTBEAT {datanodeUUID=4050fee3-65e1-4f13-9e2a-77e69e0ca877, command=[]} | ret=SUCCESS |  
2019-08-29 12:13:20,399 | INFO  | SCMAudit | user=jenkins1000 | ip=192.168.5.180 | op=SEND_HEARTBEAT {datanodeUUID=56997c5e-aa03-402a-9e62-43fb5d91409b, command=[]} | ret=SUCCESS |  
2019-08-29 12:13:20,750 | INFO  | SCMAudit | user=jenkins1000 | ip=192.168.5.180 | op=SEND_HEARTBEAT {datanodeUUID=844ecb45-bf8d-44d5-a0a7-2f6fad9158ad, command=[]} | ret=SUCCESS |  
2019-08-29 12:13:20,833 | INFO  | SCMAudit | user=jenkins1000 | ip=192.168.5.180 | op=SEND_HEARTBEAT {datanodeUUID=43f6f77a-f70f-4cdd-a5be-5c28068849a6, command=[]} | ret=SUCCESS |  
2019-08-29 12:13:20,908 | INFO  | SCMAudit | user=jenkins1000 | ip=192.168.5.180 | op=SEND_HEARTBEAT {datanodeUUID=ece84cde-7c4c-4ceb-8135-db99d4fdbf3b, command=[]} | ret=SUCCESS |  
2019-08-29 12:13:20,924 [Thread-284] INFO  impl.FollowerState (FollowerState.java:run(106)) - 844ecb45-bf8d-44d5-a0a7-2f6fad9158ad:group-E14507AF9024 changes to CANDIDATE, lastRpcTime:5175, electionTimeout:5174ms
2019-08-29 12:13:20,924 [Thread-284] INFO  impl.RoleInfo (RoleInfo.java:shutdownFollowerState(121)) - 844ecb45-bf8d-44d5-a0a7-2f6fad9158ad: shutdown FollowerState
2019-08-29 12:13:20,924 [Thread-284] INFO  impl.RaftServerImpl (RaftServerImpl.java:setRole(171)) - 844ecb45-bf8d-44d5-a0a7-2f6fad9158ad:group-E14507AF9024 changes role from FOLLOWER to CANDIDATE at term 0 for changeToCandidate
2019-08-29 12:13:20,933 [Thread-284] INFO  impl.RoleInfo (RoleInfo.java:updateAndGet(143)) - 844ecb45-bf8d-44d5-a0a7-2f6fad9158ad: start LeaderElection
2019-08-29 12:13:20,998 | INFO  | SCMAudit | user=jenkins1000 | ip=192.168.5.180 | op=SEND_HEARTBEAT {datanodeUUID=a408674c-f7a6-4330-bdc0-864ae7aa964e, command=[]} | ret=SUCCESS |  
2019-08-29 12:13:21,069 | INFO  | SCMAudit | user=jenkins1000 | ip=192.168.5.180 | op=SEND_HEARTBEAT {datanodeUUID=07633987-61d2-4d6f-897f-8e8d6de0ebef, command=[]} | ret=SUCCESS |  
2019-08-29 12:13:21,127 | INFO  | SCMAudit | user=jenkins1000 | ip=192.168.5.180 | op=SEND_HEARTBEAT {datanodeUUID=531aad77-f764-4b3f-a35c-0861e8ff84dc, command=[]} | ret=SUCCESS |  
2019-08-29 12:13:21,152 [Thread-287] INFO  impl.FollowerState (FollowerState.java:run(106)) - 07633987-61d2-4d6f-897f-8e8d6de0ebef:group-459C727A4621 changes to CANDIDATE, lastRpcTime:5150, electionTimeout:5147ms
2019-08-29 12:13:21,157 [Thread-287] INFO  impl.RoleInfo (RoleInfo.java:shutdownFollowerState(121)) - 07633987-61d2-4d6f-897f-8e8d6de0ebef: shutdown FollowerState
2019-08-29 12:13:21,157 [Thread-287] INFO  impl.RaftServerImpl (RaftServerImpl.java:setRole(171)) - 07633987-61d2-4d6f-897f-8e8d6de0ebef:group-459C727A4621 changes role from FOLLOWER to CANDIDATE at term 0 for changeToCandidate
2019-08-29 12:13:21,157 [Thread-287] INFO  impl.RoleInfo (RoleInfo.java:updateAndGet(143)) - 07633987-61d2-4d6f-897f-8e8d6de0ebef: start LeaderElection
2019-08-29 12:13:21,223 | INFO  | SCMAudit | user=jenkins1000 | ip=192.168.5.180 | op=SEND_HEARTBEAT {datanodeUUID=87c289b5-492f-4a45-8e48-ede3505cfee3, command=[]} | ret=SUCCESS |  
2019-08-29 12:13:21,262 | INFO  | SCMAudit | user=jenkins1000 | ip=192.168.5.180 | op=SEND_HEARTBEAT {datanodeUUID=7588b5cd-2e6c-40ac-8166-292edf2596f3, command=[]} | ret=SUCCESS |  
2019-08-29 12:13:21,328 | INFO  | SCMAudit | user=jenkins1000 | ip=192.168.5.180 | op=SEND_HEARTBEAT {datanodeUUID=4050fee3-65e1-4f13-9e2a-77e69e0ca877, command=[]} | ret=SUCCESS |  
2019-08-29 12:13:21,399 | INFO  | SCMAudit | user=jenkins1000 | ip=192.168.5.180 | op=SEND_HEARTBEAT {datanodeUUID=56997c5e-aa03-402a-9e62-43fb5d91409b, command=[]} | ret=SUCCESS |  
2019-08-29 12:13:21,750 | INFO  | SCMAudit | user=jenkins1000 | ip=192.168.5.180 | op=SEND_HEARTBEAT {datanodeUUID=844ecb45-bf8d-44d5-a0a7-2f6fad9158ad, command=[]} | ret=SUCCESS |  
2019-08-29 12:13:21,832 | INFO  | SCMAudit | user=jenkins1000 | ip=192.168.5.180 | op=SEND_HEARTBEAT {datanodeUUID=43f6f77a-f70f-4cdd-a5be-5c28068849a6, command=[]} | ret=SUCCESS |  
2019-08-29 12:13:21,907 | INFO  | SCMAudit | user=jenkins1000 | ip=192.168.5.180 | op=SEND_HEARTBEAT {datanodeUUID=ece84cde-7c4c-4ceb-8135-db99d4fdbf3b, command=[]} | ret=SUCCESS |  
2019-08-29 12:13:21,926 [Thread-290] INFO  impl.FollowerState (FollowerState.java:run(106)) - 43f6f77a-f70f-4cdd-a5be-5c28068849a6:group-CAD62E857C75 changes to CANDIDATE, lastRpcTime:5152, electionTimeout:5138ms
2019-08-29 12:13:21,927 [Thread-290] INFO  impl.RoleInfo (RoleInfo.java:shutdownFollowerState(121)) - 43f6f77a-f70f-4cdd-a5be-5c28068849a6: shutdown FollowerState
2019-08-29 12:13:21,927 [Thread-290] INFO  impl.RaftServerImpl (RaftServerImpl.java:setRole(171)) - 43f6f77a-f70f-4cdd-a5be-5c28068849a6:group-CAD62E857C75 changes role from FOLLOWER to CANDIDATE at term 0 for changeToCandidate
2019-08-29 12:13:21,927 [Thread-290] INFO  impl.RoleInfo (RoleInfo.java:updateAndGet(143)) - 43f6f77a-f70f-4cdd-a5be-5c28068849a6: start LeaderElection
2019-08-29 12:13:21,998 | INFO  | SCMAudit | user=jenkins1000 | ip=192.168.5.180 | op=SEND_HEARTBEAT {datanodeUUID=a408674c-f7a6-4330-bdc0-864ae7aa964e, command=[]} | ret=SUCCESS |  
2019-08-29 12:13:22,069 | INFO  | SCMAudit | user=jenkins1000 | ip=192.168.5.180 | op=SEND_HEARTBEAT {datanodeUUID=07633987-61d2-4d6f-897f-8e8d6de0ebef, command=[]} | ret=SUCCESS |  
2019-08-29 12:13:22,128 | INFO  | SCMAudit | user=jenkins1000 | ip=192.168.5.180 | op=SEND_HEARTBEAT {datanodeUUID=531aad77-f764-4b3f-a35c-0861e8ff84dc, command=[]} | ret=SUCCESS |  
2019-08-29 12:13:22,223 | INFO  | SCMAudit | user=jenkins1000 | ip=192.168.5.180 | op=SEND_HEARTBEAT {datanodeUUID=87c289b5-492f-4a45-8e48-ede3505cfee3, command=[]} | ret=SUCCESS |  
2019-08-29 12:13:22,261 | INFO  | SCMAudit | user=jenkins1000 | ip=192.168.5.180 | op=SEND_HEARTBEAT {datanodeUUID=7588b5cd-2e6c-40ac-8166-292edf2596f3, command=[]} | ret=SUCCESS |  
2019-08-29 12:13:22,328 | INFO  | SCMAudit | user=jenkins1000 | ip=192.168.5.180 | op=SEND_HEARTBEAT {datanodeUUID=4050fee3-65e1-4f13-9e2a-77e69e0ca877, command=[]} | ret=SUCCESS |  
2019-08-29 12:13:22,400 | INFO  | SCMAudit | user=jenkins1000 | ip=192.168.5.180 | op=SEND_HEARTBEAT {datanodeUUID=56997c5e-aa03-402a-9e62-43fb5d91409b, command=[]} | ret=SUCCESS |  
2019-08-29 12:13:22,750 | INFO  | SCMAudit | user=jenkins1000 | ip=192.168.5.180 | op=SEND_HEARTBEAT {datanodeUUID=844ecb45-bf8d-44d5-a0a7-2f6fad9158ad, command=[]} | ret=SUCCESS |  
2019-08-29 12:13:22,833 | INFO  | SCMAudit | user=jenkins1000 | ip=192.168.5.180 | op=SEND_HEARTBEAT {datanodeUUID=43f6f77a-f70f-4cdd-a5be-5c28068849a6, command=[]} | ret=SUCCESS |  
2019-08-29 12:13:22,857 [RATISCREATEPIPELINE2] ERROR pipeline.RatisPipelineProvider (RatisPipelineProvider.java:lambda$null$5(235)) - Failed invoke Ratis rpc org.apache.hadoop.hdds.scm.pipeline.RatisPipelineProvider$$Lambda$181/1557139910@27ff2330 for 07633987-61d2-4d6f-897f-8e8d6de0ebef
org.apache.ratis.protocol.TimeoutIOException: deadline exceeded after 2999676666ns
	at org.apache.ratis.grpc.GrpcUtil.tryUnwrapException(GrpcUtil.java:82)
	at org.apache.ratis.grpc.GrpcUtil.unwrapException(GrpcUtil.java:75)
	at org.apache.ratis.grpc.client.GrpcClientProtocolClient.blockingCall(GrpcClientProtocolClient.java:169)
	at org.apache.ratis.grpc.client.GrpcClientProtocolClient.groupAdd(GrpcClientProtocolClient.java:138)
	at org.apache.ratis.grpc.client.GrpcClientRpc.sendRequest(GrpcClientRpc.java:94)
	at org.apache.ratis.client.impl.RaftClientImpl.sendRequest(RaftClientImpl.java:279)
	at org.apache.ratis.client.impl.RaftClientImpl.groupAdd(RaftClientImpl.java:206)
	at org.apache.hadoop.hdds.scm.pipeline.RatisPipelineProvider.lambda$initializePipeline$4(RatisPipelineProvider.java:194)
	at org.apache.hadoop.hdds.scm.pipeline.RatisPipelineProvider.lambda$null$5(RatisPipelineProvider.java:231)
	at java.util.stream.ForEachOps$ForEachOp$OfRef.accept(ForEachOps.java:184)
	at java.util.ArrayList$ArrayListSpliterator.forEachRemaining(ArrayList.java:1382)
	at java.util.stream.AbstractPipeline.copyInto(AbstractPipeline.java:482)
	at java.util.stream.ForEachOps$ForEachTask.compute(ForEachOps.java:291)
	at java.util.concurrent.CountedCompleter.exec(CountedCompleter.java:731)
	at java.util.concurrent.ForkJoinTask.doExec(ForkJoinTask.java:289)
	at java.util.concurrent.ForkJoinPool$WorkQueue.runTask(ForkJoinPool.java:1056)
	at java.util.concurrent.ForkJoinPool.runWorker(ForkJoinPool.java:1692)
	at java.util.concurrent.ForkJoinWorkerThread.run(ForkJoinWorkerThread.java:157)
Caused by: org.apache.ratis.thirdparty.io.grpc.StatusRuntimeException: DEADLINE_EXCEEDED: deadline exceeded after 2999676666ns
	at org.apache.ratis.thirdparty.io.grpc.stub.ClientCalls.toStatusRuntimeException(ClientCalls.java:233)
	at org.apache.ratis.thirdparty.io.grpc.stub.ClientCalls.getUnchecked(ClientCalls.java:214)
	at org.apache.ratis.thirdparty.io.grpc.stub.ClientCalls.blockingUnaryCall(ClientCalls.java:139)
	at org.apache.ratis.proto.grpc.AdminProtocolServiceGrpc$AdminProtocolServiceBlockingStub.groupManagement(AdminProtocolServiceGrpc.java:274)
	at org.apache.ratis.grpc.client.GrpcClientProtocolClient.lambda$groupAdd$3(GrpcClientProtocolClient.java:140)
	at org.apache.ratis.grpc.client.GrpcClientProtocolClient.blockingCall(GrpcClientProtocolClient.java:167)
	... 15 more
2019-08-29 12:13:22,863 [RATISCREATEPIPELINE1] ERROR pipeline.RatisPipelineProvider (RatisPipelineProvider.java:lambda$null$5(235)) - Failed invoke Ratis rpc org.apache.hadoop.hdds.scm.pipeline.RatisPipelineProvider$$Lambda$181/1557139910@27ff2330 for 43f6f77a-f70f-4cdd-a5be-5c28068849a6
org.apache.ratis.protocol.TimeoutIOException: deadline exceeded after 2994899287ns
	at org.apache.ratis.grpc.GrpcUtil.tryUnwrapException(GrpcUtil.java:82)
	at org.apache.ratis.grpc.GrpcUtil.unwrapException(GrpcUtil.java:75)
	at org.apache.ratis.grpc.client.GrpcClientProtocolClient.blockingCall(GrpcClientProtocolClient.java:169)
	at org.apache.ratis.grpc.client.GrpcClientProtocolClient.groupAdd(GrpcClientProtocolClient.java:138)
	at org.apache.ratis.grpc.client.GrpcClientRpc.sendRequest(GrpcClientRpc.java:94)
	at org.apache.ratis.client.impl.RaftClientImpl.sendRequest(RaftClientImpl.java:279)
	at org.apache.ratis.client.impl.RaftClientImpl.groupAdd(RaftClientImpl.java:206)
	at org.apache.hadoop.hdds.scm.pipeline.RatisPipelineProvider.lambda$initializePipeline$4(RatisPipelineProvider.java:194)
	at org.apache.hadoop.hdds.scm.pipeline.RatisPipelineProvider.lambda$null$5(RatisPipelineProvider.java:231)
	at java.util.stream.ForEachOps$ForEachOp$OfRef.accept(ForEachOps.java:184)
	at java.util.ArrayList$ArrayListSpliterator.forEachRemaining(ArrayList.java:1382)
	at java.util.stream.AbstractPipeline.copyInto(AbstractPipeline.java:482)
	at java.util.stream.ForEachOps$ForEachTask.compute(ForEachOps.java:291)
	at java.util.concurrent.CountedCompleter.exec(CountedCompleter.java:731)
	at java.util.concurrent.ForkJoinTask.doExec(ForkJoinTask.java:289)
	at java.util.concurrent.ForkJoinTask.doInvoke(ForkJoinTask.java:401)
	at java.util.concurrent.ForkJoinTask.invoke(ForkJoinTask.java:734)
	at java.util.stream.ForEachOps$ForEachOp.evaluateParallel(ForEachOps.java:160)
	at java.util.stream.ForEachOps$ForEachOp$OfRef.evaluateParallel(ForEachOps.java:174)
	at java.util.stream.AbstractPipeline.evaluate(AbstractPipeline.java:233)
	at java.util.stream.ReferencePipeline.forEach(ReferencePipeline.java:418)
	at java.util.stream.ReferencePipeline$Head.forEach(ReferencePipeline.java:583)
	at org.apache.hadoop.hdds.scm.pipeline.RatisPipelineProvider.lambda$callRatisRpc$6(RatisPipelineProvider.java:225)
	at java.util.concurrent.ForkJoinTask$AdaptedRunnableAction.exec(ForkJoinTask.java:1386)
	at java.util.concurrent.ForkJoinTask.doExec(ForkJoinTask.java:289)
	at java.util.concurrent.ForkJoinPool$WorkQueue.runTask(ForkJoinPool.java:1056)
	at java.util.concurrent.ForkJoinPool.runWorker(ForkJoinPool.java:1692)
	at java.util.concurrent.ForkJoinWorkerThread.run(ForkJoinWorkerThread.java:157)
Caused by: org.apache.ratis.thirdparty.io.grpc.StatusRuntimeException: DEADLINE_EXCEEDED: deadline exceeded after 2994899287ns
	at org.apache.ratis.thirdparty.io.grpc.stub.ClientCalls.toStatusRuntimeException(ClientCalls.java:233)
	at org.apache.ratis.thirdparty.io.grpc.stub.ClientCalls.getUnchecked(ClientCalls.java:214)
	at org.apache.ratis.thirdparty.io.grpc.stub.ClientCalls.blockingUnaryCall(ClientCalls.java:139)
	at org.apache.ratis.proto.grpc.AdminProtocolServiceGrpc$AdminProtocolServiceBlockingStub.groupManagement(AdminProtocolServiceGrpc.java:274)
	at org.apache.ratis.grpc.client.GrpcClientProtocolClient.lambda$groupAdd$3(GrpcClientProtocolClient.java:140)
	at org.apache.ratis.grpc.client.GrpcClientProtocolClient.blockingCall(GrpcClientProtocolClient.java:167)
	... 25 more
2019-08-29 12:13:22,859 [RATISCREATEPIPELINE3] ERROR pipeline.RatisPipelineProvider (RatisPipelineProvider.java:lambda$null$5(235)) - Failed invoke Ratis rpc org.apache.hadoop.hdds.scm.pipeline.RatisPipelineProvider$$Lambda$181/1557139910@27ff2330 for 4050fee3-65e1-4f13-9e2a-77e69e0ca877
org.apache.ratis.protocol.TimeoutIOException: deadline exceeded after 2999739953ns
	at org.apache.ratis.grpc.GrpcUtil.tryUnwrapException(GrpcUtil.java:82)
	at org.apache.ratis.grpc.GrpcUtil.unwrapException(GrpcUtil.java:75)
	at org.apache.ratis.grpc.client.GrpcClientProtocolClient.blockingCall(GrpcClientProtocolClient.java:169)
	at org.apache.ratis.grpc.client.GrpcClientProtocolClient.groupAdd(GrpcClientProtocolClient.java:138)
	at org.apache.ratis.grpc.client.GrpcClientRpc.sendRequest(GrpcClientRpc.java:94)
	at org.apache.ratis.client.impl.RaftClientImpl.sendRequest(RaftClientImpl.java:279)
	at org.apache.ratis.client.impl.RaftClientImpl.groupAdd(RaftClientImpl.java:206)
	at org.apache.hadoop.hdds.scm.pipeline.RatisPipelineProvider.lambda$initializePipeline$4(RatisPipelineProvider.java:194)
	at org.apache.hadoop.hdds.scm.pipeline.RatisPipelineProvider.lambda$null$5(RatisPipelineProvider.java:231)
	at java.util.stream.ForEachOps$ForEachOp$OfRef.accept(ForEachOps.java:184)
	at java.util.ArrayList$ArrayListSpliterator.forEachRemaining(ArrayList.java:1382)
	at java.util.stream.AbstractPipeline.copyInto(AbstractPipeline.java:482)
	at java.util.stream.ForEachOps$ForEachTask.compute(ForEachOps.java:291)
	at java.util.concurrent.CountedCompleter.exec(CountedCompleter.java:731)
	at java.util.concurrent.ForkJoinTask.doExec(ForkJoinTask.java:289)
	at java.util.concurrent.ForkJoinPool$WorkQueue.runTask(ForkJoinPool.java:1056)
	at java.util.concurrent.ForkJoinPool.runWorker(ForkJoinPool.java:1692)
	at java.util.concurrent.ForkJoinWorkerThread.run(ForkJoinWorkerThread.java:157)
Caused by: org.apache.ratis.thirdparty.io.grpc.StatusRuntimeException: DEADLINE_EXCEEDED: deadline exceeded after 2999739953ns
	at org.apache.ratis.thirdparty.io.grpc.stub.ClientCalls.toStatusRuntimeException(ClientCalls.java:233)
	at org.apache.ratis.thirdparty.io.grpc.stub.ClientCalls.getUnchecked(ClientCalls.java:214)
	at org.apache.ratis.thirdparty.io.grpc.stub.ClientCalls.blockingUnaryCall(ClientCalls.java:139)
	at org.apache.ratis.proto.grpc.AdminProtocolServiceGrpc$AdminProtocolServiceBlockingStub.groupManagement(AdminProtocolServiceGrpc.java:274)
	at org.apache.ratis.grpc.client.GrpcClientProtocolClient.lambda$groupAdd$3(GrpcClientProtocolClient.java:140)
	at org.apache.ratis.grpc.client.GrpcClientProtocolClient.blockingCall(GrpcClientProtocolClient.java:167)
	... 15 more
2019-08-29 12:13:22,894 [grpc-default-executor-1] INFO  impl.RaftServerProxy (RaftServerProxy.java:addNew(89)) - 4050fee3-65e1-4f13-9e2a-77e69e0ca877: addNew group-27E805C60A0A:[4050fee3-65e1-4f13-9e2a-77e69e0ca877:192.168.5.180:34539] returns group-27E805C60A0A:java.util.concurrent.CompletableFuture@43db94dd[Not completed]
2019-08-29 12:13:22,908 | INFO  | SCMAudit | user=jenkins1000 | ip=192.168.5.180 | op=SEND_HEARTBEAT {datanodeUUID=ece84cde-7c4c-4ceb-8135-db99d4fdbf3b, command=[]} | ret=SUCCESS |  
2019-08-29 12:13:22,999 | INFO  | SCMAudit | user=jenkins1000 | ip=192.168.5.180 | op=SEND_HEARTBEAT {datanodeUUID=a408674c-f7a6-4330-bdc0-864ae7aa964e, command=[]} | ret=SUCCESS |  
2019-08-29 12:13:23,068 | INFO  | SCMAudit | user=jenkins1000 | ip=192.168.5.180 | op=SEND_HEARTBEAT {datanodeUUID=07633987-61d2-4d6f-897f-8e8d6de0ebef, command=[]} | ret=SUCCESS |  
2019-08-29 12:13:23,128 | INFO  | SCMAudit | user=jenkins1000 | ip=192.168.5.180 | op=SEND_HEARTBEAT {datanodeUUID=531aad77-f764-4b3f-a35c-0861e8ff84dc, command=[]} | ret=SUCCESS |  
2019-08-29 12:13:23,222 | INFO  | SCMAudit | user=jenkins1000 | ip=192.168.5.180 | op=SEND_HEARTBEAT {datanodeUUID=87c289b5-492f-4a45-8e48-ede3505cfee3, command=[]} | ret=SUCCESS |  
2019-08-29 12:13:23,262 | INFO  | SCMAudit | user=jenkins1000 | ip=192.168.5.180 | op=SEND_HEARTBEAT {datanodeUUID=7588b5cd-2e6c-40ac-8166-292edf2596f3, command=[]} | ret=SUCCESS |  
2019-08-29 12:13:23,329 | INFO  | SCMAudit | user=jenkins1000 | ip=192.168.5.180 | op=SEND_HEARTBEAT {datanodeUUID=4050fee3-65e1-4f13-9e2a-77e69e0ca877, command=[]} | ret=SUCCESS |  
2019-08-29 12:13:23,400 | INFO  | SCMAudit | user=jenkins1000 | ip=192.168.5.180 | op=SEND_HEARTBEAT {datanodeUUID=56997c5e-aa03-402a-9e62-43fb5d91409b, command=[]} | ret=SUCCESS |  
2019-08-29 12:13:23,750 | INFO  | SCMAudit | user=jenkins1000 | ip=192.168.5.180 | op=SEND_HEARTBEAT {datanodeUUID=844ecb45-bf8d-44d5-a0a7-2f6fad9158ad, command=[]} | ret=SUCCESS |  
2019-08-29 12:13:23,833 | INFO  | SCMAudit | user=jenkins1000 | ip=192.168.5.180 | op=SEND_HEARTBEAT {datanodeUUID=43f6f77a-f70f-4cdd-a5be-5c28068849a6, command=[]} | ret=SUCCESS |  
2019-08-29 12:13:23,912 | INFO  | SCMAudit | user=jenkins1000 | ip=192.168.5.180 | op=SEND_HEARTBEAT {datanodeUUID=ece84cde-7c4c-4ceb-8135-db99d4fdbf3b, command=[]} | ret=SUCCESS |  
2019-08-29 12:13:23,998 | INFO  | SCMAudit | user=jenkins1000 | ip=192.168.5.180 | op=SEND_HEARTBEAT {datanodeUUID=a408674c-f7a6-4330-bdc0-864ae7aa964e, command=[]} | ret=SUCCESS |  
2019-08-29 12:13:24,069 | INFO  | SCMAudit | user=jenkins1000 | ip=192.168.5.180 | op=SEND_HEARTBEAT {datanodeUUID=07633987-61d2-4d6f-897f-8e8d6de0ebef, command=[]} | ret=SUCCESS |  
2019-08-29 12:13:24,128 | INFO  | SCMAudit | user=jenkins1000 | ip=192.168.5.180 | op=SEND_HEARTBEAT {datanodeUUID=531aad77-f764-4b3f-a35c-0861e8ff84dc, command=[]} | ret=SUCCESS |  
2019-08-29 12:13:24,222 | INFO  | SCMAudit | user=jenkins1000 | ip=192.168.5.180 | op=SEND_HEARTBEAT {datanodeUUID=87c289b5-492f-4a45-8e48-ede3505cfee3, command=[]} | ret=SUCCESS |  
2019-08-29 12:13:24,262 | INFO  | SCMAudit | user=jenkins1000 | ip=192.168.5.180 | op=SEND_HEARTBEAT {datanodeUUID=7588b5cd-2e6c-40ac-8166-292edf2596f3, command=[]} | ret=SUCCESS |  
2019-08-29 12:13:24,328 | INFO  | SCMAudit | user=jenkins1000 | ip=192.168.5.180 | op=SEND_HEARTBEAT {datanodeUUID=4050fee3-65e1-4f13-9e2a-77e69e0ca877, command=[]} | ret=SUCCESS |  
2019-08-29 12:13:24,400 | INFO  | SCMAudit | user=jenkins1000 | ip=192.168.5.180 | op=SEND_HEARTBEAT {datanodeUUID=56997c5e-aa03-402a-9e62-43fb5d91409b, command=[]} | ret=SUCCESS |  
2019-08-29 12:13:24,750 | INFO  | SCMAudit | user=jenkins1000 | ip=192.168.5.180 | op=SEND_HEARTBEAT {datanodeUUID=844ecb45-bf8d-44d5-a0a7-2f6fad9158ad, command=[]} | ret=SUCCESS |  
2019-08-29 12:13:24,833 | INFO  | SCMAudit | user=jenkins1000 | ip=192.168.5.180 | op=SEND_HEARTBEAT {datanodeUUID=43f6f77a-f70f-4cdd-a5be-5c28068849a6, command=[]} | ret=SUCCESS |  
2019-08-29 12:13:24,910 | INFO  | SCMAudit | user=jenkins1000 | ip=192.168.5.180 | op=SEND_HEARTBEAT {datanodeUUID=ece84cde-7c4c-4ceb-8135-db99d4fdbf3b, command=[]} | ret=SUCCESS |  
2019-08-29 12:13:24,998 | INFO  | SCMAudit | user=jenkins1000 | ip=192.168.5.180 | op=SEND_HEARTBEAT {datanodeUUID=a408674c-f7a6-4330-bdc0-864ae7aa964e, command=[]} | ret=SUCCESS |  
2019-08-29 12:13:25,069 | INFO  | SCMAudit | user=jenkins1000 | ip=192.168.5.180 | op=SEND_HEARTBEAT {datanodeUUID=07633987-61d2-4d6f-897f-8e8d6de0ebef, command=[]} | ret=SUCCESS |  
2019-08-29 12:13:25,128 | INFO  | SCMAudit | user=jenkins1000 | ip=192.168.5.180 | op=SEND_HEARTBEAT {datanodeUUID=531aad77-f764-4b3f-a35c-0861e8ff84dc, command=[]} | ret=SUCCESS |  
2019-08-29 12:13:25,222 | INFO  | SCMAudit | user=jenkins1000 | ip=192.168.5.180 | op=SEND_HEARTBEAT {datanodeUUID=87c289b5-492f-4a45-8e48-ede3505cfee3, command=[]} | ret=SUCCESS |  
2019-08-29 12:13:25,261 | INFO  | SCMAudit | user=jenkins1000 | ip=192.168.5.180 | op=SEND_HEARTBEAT {datanodeUUID=7588b5cd-2e6c-40ac-8166-292edf2596f3, command=[]} | ret=SUCCESS |  
2019-08-29 12:13:25,329 | INFO  | SCMAudit | user=jenkins1000 | ip=192.168.5.180 | op=SEND_HEARTBEAT {datanodeUUID=4050fee3-65e1-4f13-9e2a-77e69e0ca877, command=[]} | ret=SUCCESS |  
2019-08-29 12:13:25,399 | INFO  | SCMAudit | user=jenkins1000 | ip=192.168.5.180 | op=SEND_HEARTBEAT {datanodeUUID=56997c5e-aa03-402a-9e62-43fb5d91409b, command=[]} | ret=SUCCESS |  
2019-08-29 12:13:25,750 | INFO  | SCMAudit | user=jenkins1000 | ip=192.168.5.180 | op=SEND_HEARTBEAT {datanodeUUID=844ecb45-bf8d-44d5-a0a7-2f6fad9158ad, command=[]} | ret=SUCCESS |  
2019-08-29 12:13:25,832 | INFO  | SCMAudit | user=jenkins1000 | ip=192.168.5.180 | op=SEND_HEARTBEAT {datanodeUUID=43f6f77a-f70f-4cdd-a5be-5c28068849a6, command=[]} | ret=SUCCESS |  
2019-08-29 12:13:25,886 [RATISCREATEPIPELINE1] ERROR pipeline.RatisPipelineProvider (RatisPipelineProvider.java:lambda$null$5(235)) - Failed invoke Ratis rpc org.apache.hadoop.hdds.scm.pipeline.RatisPipelineProvider$$Lambda$181/1557139910@26844564 for 4050fee3-65e1-4f13-9e2a-77e69e0ca877
org.apache.ratis.protocol.TimeoutIOException: deadline exceeded after 2999705867ns
	at org.apache.ratis.grpc.GrpcUtil.tryUnwrapException(GrpcUtil.java:82)
	at org.apache.ratis.grpc.GrpcUtil.unwrapException(GrpcUtil.java:75)
	at org.apache.ratis.grpc.client.GrpcClientProtocolClient.blockingCall(GrpcClientProtocolClient.java:169)
	at org.apache.ratis.grpc.client.GrpcClientProtocolClient.groupAdd(GrpcClientProtocolClient.java:138)
	at org.apache.ratis.grpc.client.GrpcClientRpc.sendRequest(GrpcClientRpc.java:94)
	at org.apache.ratis.client.impl.RaftClientImpl.sendRequest(RaftClientImpl.java:279)
	at org.apache.ratis.client.impl.RaftClientImpl.groupAdd(RaftClientImpl.java:206)
	at org.apache.hadoop.hdds.scm.pipeline.RatisPipelineProvider.lambda$initializePipeline$4(RatisPipelineProvider.java:194)
	at org.apache.hadoop.hdds.scm.pipeline.RatisPipelineProvider.lambda$null$5(RatisPipelineProvider.java:231)
	at java.util.stream.ForEachOps$ForEachOp$OfRef.accept(ForEachOps.java:184)
	at java.util.ArrayList$ArrayListSpliterator.forEachRemaining(ArrayList.java:1382)
	at java.util.stream.AbstractPipeline.copyInto(AbstractPipeline.java:482)
	at java.util.stream.ForEachOps$ForEachTask.compute(ForEachOps.java:291)
	at java.util.concurrent.CountedCompleter.exec(CountedCompleter.java:731)
	at java.util.concurrent.ForkJoinTask.doExec(ForkJoinTask.java:289)
	at java.util.concurrent.ForkJoinTask.doInvoke(ForkJoinTask.java:401)
	at java.util.concurrent.ForkJoinTask.invoke(ForkJoinTask.java:734)
	at java.util.stream.ForEachOps$ForEachOp.evaluateParallel(ForEachOps.java:160)
	at java.util.stream.ForEachOps$ForEachOp$OfRef.evaluateParallel(ForEachOps.java:174)
	at java.util.stream.AbstractPipeline.evaluate(AbstractPipeline.java:233)
	at java.util.stream.ReferencePipeline.forEach(ReferencePipeline.java:418)
	at java.util.stream.ReferencePipeline$Head.forEach(ReferencePipeline.java:583)
	at org.apache.hadoop.hdds.scm.pipeline.RatisPipelineProvider.lambda$callRatisRpc$6(RatisPipelineProvider.java:225)
	at java.util.concurrent.ForkJoinTask$AdaptedRunnableAction.exec(ForkJoinTask.java:1386)
	at java.util.concurrent.ForkJoinTask.doExec(ForkJoinTask.java:289)
	at java.util.concurrent.ForkJoinPool$WorkQueue.runTask(ForkJoinPool.java:1056)
	at java.util.concurrent.ForkJoinPool.runWorker(ForkJoinPool.java:1692)
	at java.util.concurrent.ForkJoinWorkerThread.run(ForkJoinWorkerThread.java:157)
Caused by: org.apache.ratis.thirdparty.io.grpc.StatusRuntimeException: DEADLINE_EXCEEDED: deadline exceeded after 2999705867ns
	at org.apache.ratis.thirdparty.io.grpc.stub.ClientCalls.toStatusRuntimeException(ClientCalls.java:233)
	at org.apache.ratis.thirdparty.io.grpc.stub.ClientCalls.getUnchecked(ClientCalls.java:214)
	at org.apache.ratis.thirdparty.io.grpc.stub.ClientCalls.blockingUnaryCall(ClientCalls.java:139)
	at org.apache.ratis.proto.grpc.AdminProtocolServiceGrpc$AdminProtocolServiceBlockingStub.groupManagement(AdminProtocolServiceGrpc.java:274)
	at org.apache.ratis.grpc.client.GrpcClientProtocolClient.lambda$groupAdd$3(GrpcClientProtocolClient.java:140)
	at org.apache.ratis.grpc.client.GrpcClientProtocolClient.blockingCall(GrpcClientProtocolClient.java:167)
	... 25 more
2019-08-29 12:13:25,917 | INFO  | SCMAudit | user=jenkins1000 | ip=192.168.5.180 | op=SEND_HEARTBEAT {datanodeUUID=ece84cde-7c4c-4ceb-8135-db99d4fdbf3b, command=[]} | ret=SUCCESS |  
2019-08-29 12:13:25,934 [grpc-default-executor-1] INFO  impl.RaftServerProxy (RaftServerProxy.java:addNew(89)) - 43f6f77a-f70f-4cdd-a5be-5c28068849a6: addNew group-ACC67BCD1BAA:[43f6f77a-f70f-4cdd-a5be-5c28068849a6:192.168.5.180:37403, 4050fee3-65e1-4f13-9e2a-77e69e0ca877:192.168.5.180:34539, 07633987-61d2-4d6f-897f-8e8d6de0ebef:192.168.5.180:42297] returns group-ACC67BCD1BAA:java.util.concurrent.CompletableFuture@72d27383[Not completed]
2019-08-29 12:13:25,935 [grpc-default-executor-2] INFO  impl.RaftServerProxy (RaftServerProxy.java:addNew(89)) - 07633987-61d2-4d6f-897f-8e8d6de0ebef: addNew group-ACC67BCD1BAA:[43f6f77a-f70f-4cdd-a5be-5c28068849a6:192.168.5.180:37403, 4050fee3-65e1-4f13-9e2a-77e69e0ca877:192.168.5.180:34539, 07633987-61d2-4d6f-897f-8e8d6de0ebef:192.168.5.180:42297] returns group-ACC67BCD1BAA:java.util.concurrent.CompletableFuture@763f49a0[Not completed]
2019-08-29 12:13:25,935 [grpc-default-executor-0] INFO  impl.RaftServerProxy (RaftServerProxy.java:addNew(89)) - 4050fee3-65e1-4f13-9e2a-77e69e0ca877: addNew group-ACC67BCD1BAA:[43f6f77a-f70f-4cdd-a5be-5c28068849a6:192.168.5.180:37403, 4050fee3-65e1-4f13-9e2a-77e69e0ca877:192.168.5.180:34539, 07633987-61d2-4d6f-897f-8e8d6de0ebef:192.168.5.180:42297] returns group-ACC67BCD1BAA:java.util.concurrent.CompletableFuture@3aec3a17[Not completed]
2019-08-29 12:13:25,997 | INFO  | SCMAudit | user=jenkins1000 | ip=192.168.5.180 | op=SEND_HEARTBEAT {datanodeUUID=a408674c-f7a6-4330-bdc0-864ae7aa964e, command=[]} | ret=SUCCESS |  
2019-08-29 12:13:26,069 | INFO  | SCMAudit | user=jenkins1000 | ip=192.168.5.180 | op=SEND_HEARTBEAT {datanodeUUID=07633987-61d2-4d6f-897f-8e8d6de0ebef, command=[]} | ret=SUCCESS |  
2019-08-29 12:13:26,128 | INFO  | SCMAudit | user=jenkins1000 | ip=192.168.5.180 | op=SEND_HEARTBEAT {datanodeUUID=531aad77-f764-4b3f-a35c-0861e8ff84dc, command=[]} | ret=SUCCESS |  
2019-08-29 12:13:26,223 | INFO  | SCMAudit | user=jenkins1000 | ip=192.168.5.180 | op=SEND_HEARTBEAT {datanodeUUID=87c289b5-492f-4a45-8e48-ede3505cfee3, command=[]} | ret=SUCCESS |  
2019-08-29 12:13:26,262 | INFO  | SCMAudit | user=jenkins1000 | ip=192.168.5.180 | op=SEND_HEARTBEAT {datanodeUUID=7588b5cd-2e6c-40ac-8166-292edf2596f3, command=[]} | ret=SUCCESS |  
2019-08-29 12:13:26,330 | INFO  | SCMAudit | user=jenkins1000 | ip=192.168.5.180 | op=SEND_HEARTBEAT {datanodeUUID=4050fee3-65e1-4f13-9e2a-77e69e0ca877, command=[]} | ret=SUCCESS |  
2019-08-29 12:13:26,399 | INFO  | SCMAudit | user=jenkins1000 | ip=192.168.5.180 | op=SEND_HEARTBEAT {datanodeUUID=56997c5e-aa03-402a-9e62-43fb5d91409b, command=[]} | ret=SUCCESS |  
2019-08-29 12:13:26,750 | INFO  | SCMAudit | user=jenkins1000 | ip=192.168.5.180 | op=SEND_HEARTBEAT {datanodeUUID=844ecb45-bf8d-44d5-a0a7-2f6fad9158ad, command=[]} | ret=SUCCESS |  
2019-08-29 12:13:26,832 | INFO  | SCMAudit | user=jenkins1000 | ip=192.168.5.180 | op=SEND_HEARTBEAT {datanodeUUID=43f6f77a-f70f-4cdd-a5be-5c28068849a6, command=[]} | ret=SUCCESS |  
2019-08-29 12:13:26,918 | INFO  | SCMAudit | user=jenkins1000 | ip=192.168.5.180 | op=SEND_HEARTBEAT {datanodeUUID=ece84cde-7c4c-4ceb-8135-db99d4fdbf3b, command=[]} | ret=SUCCESS |  
2019-08-29 12:13:26,998 | INFO  | SCMAudit | user=jenkins1000 | ip=192.168.5.180 | op=SEND_HEARTBEAT {datanodeUUID=a408674c-f7a6-4330-bdc0-864ae7aa964e, command=[]} | ret=SUCCESS |  
2019-08-29 12:13:27,070 | INFO  | SCMAudit | user=jenkins1000 | ip=192.168.5.180 | op=SEND_HEARTBEAT {datanodeUUID=07633987-61d2-4d6f-897f-8e8d6de0ebef, command=[]} | ret=SUCCESS |  
2019-08-29 12:13:27,128 | INFO  | SCMAudit | user=jenkins1000 | ip=192.168.5.180 | op=SEND_HEARTBEAT {datanodeUUID=531aad77-f764-4b3f-a35c-0861e8ff84dc, command=[]} | ret=SUCCESS |  
2019-08-29 12:13:27,223 | INFO  | SCMAudit | user=jenkins1000 | ip=192.168.5.180 | op=SEND_HEARTBEAT {datanodeUUID=87c289b5-492f-4a45-8e48-ede3505cfee3, command=[]} | ret=SUCCESS |  
2019-08-29 12:13:27,262 | INFO  | SCMAudit | user=jenkins1000 | ip=192.168.5.180 | op=SEND_HEARTBEAT {datanodeUUID=7588b5cd-2e6c-40ac-8166-292edf2596f3, command=[]} | ret=SUCCESS |  
2019-08-29 12:13:27,330 | INFO  | SCMAudit | user=jenkins1000 | ip=192.168.5.180 | op=SEND_HEARTBEAT {datanodeUUID=4050fee3-65e1-4f13-9e2a-77e69e0ca877, command=[]} | ret=SUCCESS |  
2019-08-29 12:13:27,399 | INFO  | SCMAudit | user=jenkins1000 | ip=192.168.5.180 | op=SEND_HEARTBEAT {datanodeUUID=56997c5e-aa03-402a-9e62-43fb5d91409b, command=[]} | ret=SUCCESS |  
2019-08-29 12:13:27,751 | INFO  | SCMAudit | user=jenkins1000 | ip=192.168.5.180 | op=SEND_HEARTBEAT {datanodeUUID=844ecb45-bf8d-44d5-a0a7-2f6fad9158ad, command=[]} | ret=SUCCESS |  
2019-08-29 12:13:27,832 | INFO  | SCMAudit | user=jenkins1000 | ip=192.168.5.180 | op=SEND_HEARTBEAT {datanodeUUID=43f6f77a-f70f-4cdd-a5be-5c28068849a6, command=[]} | ret=SUCCESS |  
2019-08-29 12:13:27,918 | INFO  | SCMAudit | user=jenkins1000 | ip=192.168.5.180 | op=SEND_HEARTBEAT {datanodeUUID=ece84cde-7c4c-4ceb-8135-db99d4fdbf3b, command=[]} | ret=SUCCESS |  
2019-08-29 12:13:27,998 | INFO  | SCMAudit | user=jenkins1000 | ip=192.168.5.180 | op=SEND_HEARTBEAT {datanodeUUID=a408674c-f7a6-4330-bdc0-864ae7aa964e, command=[]} | ret=SUCCESS |  
2019-08-29 12:13:28,070 | INFO  | SCMAudit | user=jenkins1000 | ip=192.168.5.180 | op=SEND_HEARTBEAT {datanodeUUID=07633987-61d2-4d6f-897f-8e8d6de0ebef, command=[]} | ret=SUCCESS |  
2019-08-29 12:13:28,127 | INFO  | SCMAudit | user=jenkins1000 | ip=192.168.5.180 | op=SEND_HEARTBEAT {datanodeUUID=531aad77-f764-4b3f-a35c-0861e8ff84dc, command=[]} | ret=SUCCESS |  
2019-08-29 12:13:28,223 | INFO  | SCMAudit | user=jenkins1000 | ip=192.168.5.180 | op=SEND_HEARTBEAT {datanodeUUID=87c289b5-492f-4a45-8e48-ede3505cfee3, command=[]} | ret=SUCCESS |  
2019-08-29 12:13:28,263 | INFO  | SCMAudit | user=jenkins1000 | ip=192.168.5.180 | op=SEND_HEARTBEAT {datanodeUUID=7588b5cd-2e6c-40ac-8166-292edf2596f3, command=[]} | ret=SUCCESS |  
2019-08-29 12:13:28,330 | INFO  | SCMAudit | user=jenkins1000 | ip=192.168.5.180 | op=SEND_HEARTBEAT {datanodeUUID=4050fee3-65e1-4f13-9e2a-77e69e0ca877, command=[]} | ret=SUCCESS |  
2019-08-29 12:13:28,399 | INFO  | SCMAudit | user=jenkins1000 | ip=192.168.5.180 | op=SEND_HEARTBEAT {datanodeUUID=56997c5e-aa03-402a-9e62-43fb5d91409b, command=[]} | ret=SUCCESS |  
2019-08-29 12:13:28,751 | INFO  | SCMAudit | user=jenkins1000 | ip=192.168.5.180 | op=SEND_HEARTBEAT {datanodeUUID=844ecb45-bf8d-44d5-a0a7-2f6fad9158ad, command=[]} | ret=SUCCESS |  
2019-08-29 12:13:28,833 | INFO  | SCMAudit | user=jenkins1000 | ip=192.168.5.180 | op=SEND_HEARTBEAT {datanodeUUID=43f6f77a-f70f-4cdd-a5be-5c28068849a6, command=[]} | ret=SUCCESS |  
2019-08-29 12:13:28,904 [RATISCREATEPIPELINE3] ERROR pipeline.RatisPipelineProvider (RatisPipelineProvider.java:lambda$null$5(235)) - Failed invoke Ratis rpc org.apache.hadoop.hdds.scm.pipeline.RatisPipelineProvider$$Lambda$181/1557139910@6b132290 for 4050fee3-65e1-4f13-9e2a-77e69e0ca877
org.apache.ratis.protocol.TimeoutIOException: deadline exceeded after 2998013068ns
	at org.apache.ratis.grpc.GrpcUtil.tryUnwrapException(GrpcUtil.java:82)
	at org.apache.ratis.grpc.GrpcUtil.unwrapException(GrpcUtil.java:75)
	at org.apache.ratis.grpc.client.GrpcClientProtocolClient.blockingCall(GrpcClientProtocolClient.java:169)
	at org.apache.ratis.grpc.client.GrpcClientProtocolClient.groupAdd(GrpcClientProtocolClient.java:138)
	at org.apache.ratis.grpc.client.GrpcClientRpc.sendRequest(GrpcClientRpc.java:94)
	at org.apache.ratis.client.impl.RaftClientImpl.sendRequest(RaftClientImpl.java:279)
	at org.apache.ratis.client.impl.RaftClientImpl.groupAdd(RaftClientImpl.java:206)
	at org.apache.hadoop.hdds.scm.pipeline.RatisPipelineProvider.lambda$initializePipeline$4(RatisPipelineProvider.java:194)
	at org.apache.hadoop.hdds.scm.pipeline.RatisPipelineProvider.lambda$null$5(RatisPipelineProvider.java:231)
	at java.util.stream.ForEachOps$ForEachOp$OfRef.accept(ForEachOps.java:184)
	at java.util.ArrayList$ArrayListSpliterator.forEachRemaining(ArrayList.java:1382)
	at java.util.stream.AbstractPipeline.copyInto(AbstractPipeline.java:482)
	at java.util.stream.ForEachOps$ForEachTask.compute(ForEachOps.java:291)
	at java.util.concurrent.CountedCompleter.exec(CountedCompleter.java:731)
	at java.util.concurrent.ForkJoinTask.doExec(ForkJoinTask.java:289)
	at java.util.concurrent.ForkJoinPool$WorkQueue.runTask(ForkJoinPool.java:1056)
	at java.util.concurrent.ForkJoinPool.runWorker(ForkJoinPool.java:1692)
	at java.util.concurrent.ForkJoinWorkerThread.run(ForkJoinWorkerThread.java:157)
Caused by: org.apache.ratis.thirdparty.io.grpc.StatusRuntimeException: DEADLINE_EXCEEDED: deadline exceeded after 2998013068ns
	at org.apache.ratis.thirdparty.io.grpc.stub.ClientCalls.toStatusRuntimeException(ClientCalls.java:233)
	at org.apache.ratis.thirdparty.io.grpc.stub.ClientCalls.getUnchecked(ClientCalls.java:214)
	at org.apache.ratis.thirdparty.io.grpc.stub.ClientCalls.blockingUnaryCall(ClientCalls.java:139)
	at org.apache.ratis.proto.grpc.AdminProtocolServiceGrpc$AdminProtocolServiceBlockingStub.groupManagement(AdminProtocolServiceGrpc.java:274)
	at org.apache.ratis.grpc.client.GrpcClientProtocolClient.lambda$groupAdd$3(GrpcClientProtocolClient.java:140)
	at org.apache.ratis.grpc.client.GrpcClientProtocolClient.blockingCall(GrpcClientProtocolClient.java:167)
	... 15 more
2019-08-29 12:13:28,907 [RATISCREATEPIPELINE1] ERROR pipeline.RatisPipelineProvider (RatisPipelineProvider.java:lambda$null$5(235)) - Failed invoke Ratis rpc org.apache.hadoop.hdds.scm.pipeline.RatisPipelineProvider$$Lambda$181/1557139910@6b132290 for 43f6f77a-f70f-4cdd-a5be-5c28068849a6
org.apache.ratis.protocol.TimeoutIOException: deadline exceeded after 2999720685ns
	at org.apache.ratis.grpc.GrpcUtil.tryUnwrapException(GrpcUtil.java:82)
	at org.apache.ratis.grpc.GrpcUtil.unwrapException(GrpcUtil.java:75)
	at org.apache.ratis.grpc.client.GrpcClientProtocolClient.blockingCall(GrpcClientProtocolClient.java:169)
	at org.apache.ratis.grpc.client.GrpcClientProtocolClient.groupAdd(GrpcClientProtocolClient.java:138)
	at org.apache.ratis.grpc.client.GrpcClientRpc.sendRequest(GrpcClientRpc.java:94)
	at org.apache.ratis.client.impl.RaftClientImpl.sendRequest(RaftClientImpl.java:279)
	at org.apache.ratis.client.impl.RaftClientImpl.groupAdd(RaftClientImpl.java:206)
	at org.apache.hadoop.hdds.scm.pipeline.RatisPipelineProvider.lambda$initializePipeline$4(RatisPipelineProvider.java:194)
	at org.apache.hadoop.hdds.scm.pipeline.RatisPipelineProvider.lambda$null$5(RatisPipelineProvider.java:231)
	at java.util.stream.ForEachOps$ForEachOp$OfRef.accept(ForEachOps.java:184)
	at java.util.ArrayList$ArrayListSpliterator.forEachRemaining(ArrayList.java:1382)
	at java.util.stream.AbstractPipeline.copyInto(AbstractPipeline.java:482)
	at java.util.stream.ForEachOps$ForEachTask.compute(ForEachOps.java:291)
	at java.util.concurrent.CountedCompleter.exec(CountedCompleter.java:731)
	at java.util.concurrent.ForkJoinTask.doExec(ForkJoinTask.java:289)
	at java.util.concurrent.ForkJoinTask.doInvoke(ForkJoinTask.java:401)
	at java.util.concurrent.ForkJoinTask.invoke(ForkJoinTask.java:734)
	at java.util.stream.ForEachOps$ForEachOp.evaluateParallel(ForEachOps.java:160)
	at java.util.stream.ForEachOps$ForEachOp$OfRef.evaluateParallel(ForEachOps.java:174)
	at java.util.stream.AbstractPipeline.evaluate(AbstractPipeline.java:233)
	at java.util.stream.ReferencePipeline.forEach(ReferencePipeline.java:418)
	at java.util.stream.ReferencePipeline$Head.forEach(ReferencePipeline.java:583)
	at org.apache.hadoop.hdds.scm.pipeline.RatisPipelineProvider.lambda$callRatisRpc$6(RatisPipelineProvider.java:225)
	at java.util.concurrent.ForkJoinTask$AdaptedRunnableAction.exec(ForkJoinTask.java:1386)
	at java.util.concurrent.ForkJoinTask.doExec(ForkJoinTask.java:289)
	at java.util.concurrent.ForkJoinPool$WorkQueue.runTask(ForkJoinPool.java:1056)
	at java.util.concurrent.ForkJoinPool.runWorker(ForkJoinPool.java:1692)
	at java.util.concurrent.ForkJoinWorkerThread.run(ForkJoinWorkerThread.java:157)
Caused by: org.apache.ratis.thirdparty.io.grpc.StatusRuntimeException: DEADLINE_EXCEEDED: deadline exceeded after 2999720685ns
	at org.apache.ratis.thirdparty.io.grpc.stub.ClientCalls.toStatusRuntimeException(ClientCalls.java:233)
	at org.apache.ratis.thirdparty.io.grpc.stub.ClientCalls.getUnchecked(ClientCalls.java:214)
	at org.apache.ratis.thirdparty.io.grpc.stub.ClientCalls.blockingUnaryCall(ClientCalls.java:139)
	at org.apache.ratis.proto.grpc.AdminProtocolServiceGrpc$AdminProtocolServiceBlockingStub.groupManagement(AdminProtocolServiceGrpc.java:274)
	at org.apache.ratis.grpc.client.GrpcClientProtocolClient.lambda$groupAdd$3(GrpcClientProtocolClient.java:140)
	at org.apache.ratis.grpc.client.GrpcClientProtocolClient.blockingCall(GrpcClientProtocolClient.java:167)
	... 25 more
2019-08-29 12:13:28,926 | INFO  | SCMAudit | user=jenkins1000 | ip=192.168.5.180 | op=SEND_HEARTBEAT {datanodeUUID=ece84cde-7c4c-4ceb-8135-db99d4fdbf3b, command=[]} | ret=SUCCESS |  
2019-08-29 12:13:28,907 [RATISCREATEPIPELINE2] ERROR pipeline.RatisPipelineProvider (RatisPipelineProvider.java:lambda$null$5(235)) - Failed invoke Ratis rpc org.apache.hadoop.hdds.scm.pipeline.RatisPipelineProvider$$Lambda$181/1557139910@6b132290 for 07633987-61d2-4d6f-897f-8e8d6de0ebef
org.apache.ratis.protocol.TimeoutIOException: deadline exceeded after 2998121907ns
	at org.apache.ratis.grpc.GrpcUtil.tryUnwrapException(GrpcUtil.java:82)
	at org.apache.ratis.grpc.GrpcUtil.unwrapException(GrpcUtil.java:75)
	at org.apache.ratis.grpc.client.GrpcClientProtocolClient.blockingCall(GrpcClientProtocolClient.java:169)
	at org.apache.ratis.grpc.client.GrpcClientProtocolClient.groupAdd(GrpcClientProtocolClient.java:138)
	at org.apache.ratis.grpc.client.GrpcClientRpc.sendRequest(GrpcClientRpc.java:94)
	at org.apache.ratis.client.impl.RaftClientImpl.sendRequest(RaftClientImpl.java:279)
	at org.apache.ratis.client.impl.RaftClientImpl.groupAdd(RaftClientImpl.java:206)
	at org.apache.hadoop.hdds.scm.pipeline.RatisPipelineProvider.lambda$initializePipeline$4(RatisPipelineProvider.java:194)
	at org.apache.hadoop.hdds.scm.pipeline.RatisPipelineProvider.lambda$null$5(RatisPipelineProvider.java:231)
	at java.util.stream.ForEachOps$ForEachOp$OfRef.accept(ForEachOps.java:184)
	at java.util.ArrayList$ArrayListSpliterator.forEachRemaining(ArrayList.java:1382)
	at java.util.stream.AbstractPipeline.copyInto(AbstractPipeline.java:482)
	at java.util.stream.ForEachOps$ForEachTask.compute(ForEachOps.java:291)
	at java.util.concurrent.CountedCompleter.exec(CountedCompleter.java:731)
	at java.util.concurrent.ForkJoinTask.doExec(ForkJoinTask.java:289)
	at java.util.concurrent.ForkJoinPool$WorkQueue.runTask(ForkJoinPool.java:1056)
	at java.util.concurrent.ForkJoinPool.runWorker(ForkJoinPool.java:1692)
	at java.util.concurrent.ForkJoinWorkerThread.run(ForkJoinWorkerThread.java:157)
Caused by: org.apache.ratis.thirdparty.io.grpc.StatusRuntimeException: DEADLINE_EXCEEDED: deadline exceeded after 2998121907ns
	at org.apache.ratis.thirdparty.io.grpc.stub.ClientCalls.toStatusRuntimeException(ClientCalls.java:233)
	at org.apache.ratis.thirdparty.io.grpc.stub.ClientCalls.getUnchecked(ClientCalls.java:214)
	at org.apache.ratis.thirdparty.io.grpc.stub.ClientCalls.blockingUnaryCall(ClientCalls.java:139)
	at org.apache.ratis.proto.grpc.AdminProtocolServiceGrpc$AdminProtocolServiceBlockingStub.groupManagement(AdminProtocolServiceGrpc.java:274)
	at org.apache.ratis.grpc.client.GrpcClientProtocolClient.lambda$groupAdd$3(GrpcClientProtocolClient.java:140)
	at org.apache.ratis.grpc.client.GrpcClientProtocolClient.blockingCall(GrpcClientProtocolClient.java:167)
	... 15 more
2019-08-29 12:13:28,948 [grpc-default-executor-1] INFO  impl.RaftServerProxy (RaftServerProxy.java:addNew(89)) - 07633987-61d2-4d6f-897f-8e8d6de0ebef: addNew group-8EF83EB45A67:[43f6f77a-f70f-4cdd-a5be-5c28068849a6:192.168.5.180:37403, 4050fee3-65e1-4f13-9e2a-77e69e0ca877:192.168.5.180:34539, 07633987-61d2-4d6f-897f-8e8d6de0ebef:192.168.5.180:42297] returns group-8EF83EB45A67:java.util.concurrent.CompletableFuture@23f46b92[Not completed]
2019-08-29 12:13:28,948 [grpc-default-executor-0] INFO  impl.RaftServerProxy (RaftServerProxy.java:addNew(89)) - 43f6f77a-f70f-4cdd-a5be-5c28068849a6: addNew group-8EF83EB45A67:[43f6f77a-f70f-4cdd-a5be-5c28068849a6:192.168.5.180:37403, 4050fee3-65e1-4f13-9e2a-77e69e0ca877:192.168.5.180:34539, 07633987-61d2-4d6f-897f-8e8d6de0ebef:192.168.5.180:42297] returns group-8EF83EB45A67:java.util.concurrent.CompletableFuture@56c23c2d[Not completed]
2019-08-29 12:13:28,948 [grpc-default-executor-2] INFO  impl.RaftServerProxy (RaftServerProxy.java:addNew(89)) - 4050fee3-65e1-4f13-9e2a-77e69e0ca877: addNew group-8EF83EB45A67:[43f6f77a-f70f-4cdd-a5be-5c28068849a6:192.168.5.180:37403, 4050fee3-65e1-4f13-9e2a-77e69e0ca877:192.168.5.180:34539, 07633987-61d2-4d6f-897f-8e8d6de0ebef:192.168.5.180:42297] returns group-8EF83EB45A67:java.util.concurrent.CompletableFuture@70f23484[Not completed]
2019-08-29 12:13:28,998 | INFO  | SCMAudit | user=jenkins1000 | ip=192.168.5.180 | op=SEND_HEARTBEAT {datanodeUUID=a408674c-f7a6-4330-bdc0-864ae7aa964e, command=[]} | ret=SUCCESS |  
2019-08-29 12:13:29,070 | INFO  | SCMAudit | user=jenkins1000 | ip=192.168.5.180 | op=SEND_HEARTBEAT {datanodeUUID=07633987-61d2-4d6f-897f-8e8d6de0ebef, command=[]} | ret=SUCCESS |  
2019-08-29 12:13:29,127 | INFO  | SCMAudit | user=jenkins1000 | ip=192.168.5.180 | op=SEND_HEARTBEAT {datanodeUUID=531aad77-f764-4b3f-a35c-0861e8ff84dc, command=[]} | ret=SUCCESS |  
2019-08-29 12:13:29,223 | INFO  | SCMAudit | user=jenkins1000 | ip=192.168.5.180 | op=SEND_HEARTBEAT {datanodeUUID=87c289b5-492f-4a45-8e48-ede3505cfee3, command=[]} | ret=SUCCESS |  
2019-08-29 12:13:29,262 | INFO  | SCMAudit | user=jenkins1000 | ip=192.168.5.180 | op=SEND_HEARTBEAT {datanodeUUID=7588b5cd-2e6c-40ac-8166-292edf2596f3, command=[]} | ret=SUCCESS |  
2019-08-29 12:13:29,331 | INFO  | SCMAudit | user=jenkins1000 | ip=192.168.5.180 | op=SEND_HEARTBEAT {datanodeUUID=4050fee3-65e1-4f13-9e2a-77e69e0ca877, command=[]} | ret=SUCCESS |  
2019-08-29 12:13:29,400 | INFO  | SCMAudit | user=jenkins1000 | ip=192.168.5.180 | op=SEND_HEARTBEAT {datanodeUUID=56997c5e-aa03-402a-9e62-43fb5d91409b, command=[]} | ret=SUCCESS |  
2019-08-29 12:13:29,659 [pool-37-thread-1] INFO  storage.RaftStorageDirectory (RaftStorageDirectory.java:tryLock(328)) - Lock on /workdir/hadoop-ozone/integration-test/target/test-dir/MiniOzoneClusterImpl-9baf5c52-405e-4460-9619-8aa90c98357d/datanode-1/data/ratis/90549e42-10b7-4772-9ce1-883d5fda07d6/in_use.lock acquired by nodename 19185@pr-hdds-1054-24pjh-334729151
2019-08-29 12:13:29,659 [pool-67-thread-1] INFO  storage.RaftStorageDirectory (RaftStorageDirectory.java:tryLock(328)) - Lock on /workdir/hadoop-ozone/integration-test/target/test-dir/MiniOzoneClusterImpl-9baf5c52-405e-4460-9619-8aa90c98357d/datanode-4/data/ratis/90549e42-10b7-4772-9ce1-883d5fda07d6/in_use.lock acquired by nodename 19185@pr-hdds-1054-24pjh-334729151
2019-08-29 12:13:29,659 [pool-107-thread-1] INFO  storage.RaftStorageDirectory (RaftStorageDirectory.java:tryLock(328)) - Lock on /workdir/hadoop-ozone/integration-test/target/test-dir/MiniOzoneClusterImpl-9baf5c52-405e-4460-9619-8aa90c98357d/datanode-8/data/ratis/bc9d634b-bbb9-4771-88d4-7f5f522bced9/in_use.lock acquired by nodename 19185@pr-hdds-1054-24pjh-334729151
2019-08-29 12:13:29,660 [07633987-61d2-4d6f-897f-8e8d6de0ebef:group-459C727A4621:LeaderElection2] INFO  impl.LeaderElection (LeaderElection.java:askForVotes(181)) - 07633987-61d2-4d6f-897f-8e8d6de0ebef:group-459C727A4621:LeaderElection2: begin an election at term 1 for -1: [07633987-61d2-4d6f-897f-8e8d6de0ebef:192.168.5.180:42297], old=null
2019-08-29 12:13:29,660 [844ecb45-bf8d-44d5-a0a7-2f6fad9158ad:group-E14507AF9024:LeaderElection1] INFO  impl.LeaderElection (LeaderElection.java:askForVotes(181)) - 844ecb45-bf8d-44d5-a0a7-2f6fad9158ad:group-E14507AF9024:LeaderElection1: begin an election at term 1 for -1: [844ecb45-bf8d-44d5-a0a7-2f6fad9158ad:192.168.5.180:33281], old=null
2019-08-29 12:13:29,666 [844ecb45-bf8d-44d5-a0a7-2f6fad9158ad:group-E14507AF9024:LeaderElection1] INFO  impl.RoleInfo (RoleInfo.java:shutdownLeaderElection(134)) - 844ecb45-bf8d-44d5-a0a7-2f6fad9158ad: shutdown LeaderElection
2019-08-29 12:13:29,666 [07633987-61d2-4d6f-897f-8e8d6de0ebef:group-459C727A4621:LeaderElection2] INFO  impl.RoleInfo (RoleInfo.java:shutdownLeaderElection(134)) - 07633987-61d2-4d6f-897f-8e8d6de0ebef: shutdown LeaderElection
2019-08-29 12:13:29,667 [844ecb45-bf8d-44d5-a0a7-2f6fad9158ad:group-E14507AF9024:LeaderElection1] INFO  impl.RaftServerImpl (RaftServerImpl.java:setRole(171)) - 844ecb45-bf8d-44d5-a0a7-2f6fad9158ad:group-E14507AF9024 changes role from CANDIDATE to LEADER at term 1 for changeToLeader
2019-08-29 12:13:29,667 [07633987-61d2-4d6f-897f-8e8d6de0ebef:group-459C727A4621:LeaderElection2] INFO  impl.RaftServerImpl (RaftServerImpl.java:setRole(171)) - 07633987-61d2-4d6f-897f-8e8d6de0ebef:group-459C727A4621 changes role from CANDIDATE to LEADER at term 1 for changeToLeader
2019-08-29 12:13:29,667 [844ecb45-bf8d-44d5-a0a7-2f6fad9158ad:group-E14507AF9024:LeaderElection1] INFO  impl.RaftServerImpl (ServerState.java:setLeader(263)) - 844ecb45-bf8d-44d5-a0a7-2f6fad9158ad:group-E14507AF9024 change Leader from null to 844ecb45-bf8d-44d5-a0a7-2f6fad9158ad at term 1 for becomeLeader, leader elected after 14151ms
2019-08-29 12:13:29,667 [07633987-61d2-4d6f-897f-8e8d6de0ebef:group-459C727A4621:LeaderElection2] INFO  impl.RaftServerImpl (ServerState.java:setLeader(263)) - 07633987-61d2-4d6f-897f-8e8d6de0ebef:group-459C727A4621 change Leader from null to 07633987-61d2-4d6f-897f-8e8d6de0ebef at term 1 for becomeLeader, leader elected after 13675ms
2019-08-29 12:13:29,676 [844ecb45-bf8d-44d5-a0a7-2f6fad9158ad:group-E14507AF9024:LeaderElection1] INFO  server.RaftServerConfigKeys (ConfUtils.java:logGet(43)) - raft.server.staging.catchup.gap = 1000 (default)
2019-08-29 12:13:29,676 [07633987-61d2-4d6f-897f-8e8d6de0ebef:group-459C727A4621:LeaderElection2] INFO  server.RaftServerConfigKeys (ConfUtils.java:logGet(43)) - raft.server.staging.catchup.gap = 1000 (default)
2019-08-29 12:13:29,676 [844ecb45-bf8d-44d5-a0a7-2f6fad9158ad:group-E14507AF9024:LeaderElection1] INFO  server.RaftServerConfigKeys (ConfUtils.java:logGet(43)) - raft.server.rpc.sleep.time = 25ms (default)
2019-08-29 12:13:29,676 [07633987-61d2-4d6f-897f-8e8d6de0ebef:group-459C727A4621:LeaderElection2] INFO  server.RaftServerConfigKeys (ConfUtils.java:logGet(43)) - raft.server.rpc.sleep.time = 25ms (default)
2019-08-29 12:13:29,679 [844ecb45-bf8d-44d5-a0a7-2f6fad9158ad:group-E14507AF9024:LeaderElection1] INFO  server.RaftServerConfigKeys (ConfUtils.java:logGet(43)) - raft.server.write.element-limit = 4096 (default)
2019-08-29 12:13:29,679 [07633987-61d2-4d6f-897f-8e8d6de0ebef:group-459C727A4621:LeaderElection2] INFO  server.RaftServerConfigKeys (ConfUtils.java:logGet(43)) - raft.server.write.element-limit = 4096 (default)
2019-08-29 12:13:29,681 [07633987-61d2-4d6f-897f-8e8d6de0ebef:group-459C727A4621:LeaderElection2] INFO  server.RaftServerConfigKeys (ConfUtils.java:logGet(43)) - raft.server.watch.timeout = 10s (default)
2019-08-29 12:13:29,681 [844ecb45-bf8d-44d5-a0a7-2f6fad9158ad:group-E14507AF9024:LeaderElection1] INFO  server.RaftServerConfigKeys (ConfUtils.java:logGet(43)) - raft.server.watch.timeout = 10s (default)
2019-08-29 12:13:29,681 [07633987-61d2-4d6f-897f-8e8d6de0ebef:group-459C727A4621:LeaderElection2] INFO  server.RaftServerConfigKeys (ConfUtils.java:logGet(43)) - raft.server.watch.timeout.denomination = 1s (default)
2019-08-29 12:13:29,681 [844ecb45-bf8d-44d5-a0a7-2f6fad9158ad:group-E14507AF9024:LeaderElection1] INFO  server.RaftServerConfigKeys (ConfUtils.java:logGet(43)) - raft.server.watch.timeout.denomination = 1s (default)
2019-08-29 12:13:29,682 [43f6f77a-f70f-4cdd-a5be-5c28068849a6:group-CAD62E857C75:LeaderElection3] INFO  impl.LeaderElection (LeaderElection.java:askForVotes(181)) - 43f6f77a-f70f-4cdd-a5be-5c28068849a6:group-CAD62E857C75:LeaderElection3: begin an election at term 1 for -1: [43f6f77a-f70f-4cdd-a5be-5c28068849a6:192.168.5.180:37403], old=null
2019-08-29 12:13:29,682 [844ecb45-bf8d-44d5-a0a7-2f6fad9158ad:group-E14507AF9024:LeaderElection1] INFO  server.RaftServerConfigKeys (ConfUtils.java:logGet(43)) - raft.server.watch.element-limit = 65536 (default)
2019-08-29 12:13:29,682 [43f6f77a-f70f-4cdd-a5be-5c28068849a6:group-CAD62E857C75:LeaderElection3] INFO  impl.RoleInfo (RoleInfo.java:shutdownLeaderElection(134)) - 43f6f77a-f70f-4cdd-a5be-5c28068849a6: shutdown LeaderElection
2019-08-29 12:13:29,682 [07633987-61d2-4d6f-897f-8e8d6de0ebef:group-459C727A4621:LeaderElection2] INFO  server.RaftServerConfigKeys (ConfUtils.java:logGet(43)) - raft.server.watch.element-limit = 65536 (default)
2019-08-29 12:13:29,682 [43f6f77a-f70f-4cdd-a5be-5c28068849a6:group-CAD62E857C75:LeaderElection3] INFO  impl.RaftServerImpl (RaftServerImpl.java:setRole(171)) - 43f6f77a-f70f-4cdd-a5be-5c28068849a6:group-CAD62E857C75 changes role from CANDIDATE to LEADER at term 1 for changeToLeader
2019-08-29 12:13:29,683 [43f6f77a-f70f-4cdd-a5be-5c28068849a6:group-CAD62E857C75:LeaderElection3] INFO  impl.RaftServerImpl (ServerState.java:setLeader(263)) - 43f6f77a-f70f-4cdd-a5be-5c28068849a6:group-CAD62E857C75 change Leader from null to 43f6f77a-f70f-4cdd-a5be-5c28068849a6 at term 1 for becomeLeader, leader elected after 13442ms
2019-08-29 12:13:29,686 [43f6f77a-f70f-4cdd-a5be-5c28068849a6:group-CAD62E857C75:LeaderElection3] INFO  server.RaftServerConfigKeys (ConfUtils.java:logGet(43)) - raft.server.staging.catchup.gap = 1000 (default)
2019-08-29 12:13:29,686 [43f6f77a-f70f-4cdd-a5be-5c28068849a6:group-CAD62E857C75:LeaderElection3] INFO  server.RaftServerConfigKeys (ConfUtils.java:logGet(43)) - raft.server.rpc.sleep.time = 25ms (default)
2019-08-29 12:13:29,686 [43f6f77a-f70f-4cdd-a5be-5c28068849a6:group-CAD62E857C75:LeaderElection3] INFO  server.RaftServerConfigKeys (ConfUtils.java:logGet(43)) - raft.server.write.element-limit = 4096 (default)
2019-08-29 12:13:29,686 [43f6f77a-f70f-4cdd-a5be-5c28068849a6:group-CAD62E857C75:LeaderElection3] INFO  server.RaftServerConfigKeys (ConfUtils.java:logGet(43)) - raft.server.watch.timeout = 10s (default)
2019-08-29 12:13:29,686 [43f6f77a-f70f-4cdd-a5be-5c28068849a6:group-CAD62E857C75:LeaderElection3] INFO  server.RaftServerConfigKeys (ConfUtils.java:logGet(43)) - raft.server.watch.timeout.denomination = 1s (default)
2019-08-29 12:13:29,687 [43f6f77a-f70f-4cdd-a5be-5c28068849a6:group-CAD62E857C75:LeaderElection3] INFO  server.RaftServerConfigKeys (ConfUtils.java:logGet(43)) - raft.server.watch.element-limit = 65536 (default)
2019-08-29 12:13:29,701 [844ecb45-bf8d-44d5-a0a7-2f6fad9158ad:group-E14507AF9024:LeaderElection1] INFO  impl.RoleInfo (RoleInfo.java:updateAndGet(143)) - 844ecb45-bf8d-44d5-a0a7-2f6fad9158ad: start LeaderState
2019-08-29 12:13:29,701 [43f6f77a-f70f-4cdd-a5be-5c28068849a6:group-CAD62E857C75:LeaderElection3] INFO  impl.RoleInfo (RoleInfo.java:updateAndGet(143)) - 43f6f77a-f70f-4cdd-a5be-5c28068849a6: start LeaderState
2019-08-29 12:13:29,701 [07633987-61d2-4d6f-897f-8e8d6de0ebef:group-459C727A4621:LeaderElection2] INFO  impl.RoleInfo (RoleInfo.java:updateAndGet(143)) - 07633987-61d2-4d6f-897f-8e8d6de0ebef: start LeaderState
2019-08-29 12:13:30,153 | INFO  | SCMAudit | user=jenkins1000 | ip=192.168.5.180 | op=SEND_HEARTBEAT {datanodeUUID=531aad77-f764-4b3f-a35c-0861e8ff84dc, command=[]} | ret=SUCCESS |  
2019-08-29 12:13:30,153 | INFO  | SCMAudit | user=jenkins1000 | ip=192.168.5.180 | op=SEND_HEARTBEAT {datanodeUUID=07633987-61d2-4d6f-897f-8e8d6de0ebef, command=[]} | ret=SUCCESS |  
2019-08-29 12:13:30,153 | INFO  | SCMAudit | user=jenkins1000 | ip=192.168.5.180 | op=SEND_HEARTBEAT {datanodeUUID=844ecb45-bf8d-44d5-a0a7-2f6fad9158ad, command=[]} | ret=SUCCESS |  
2019-08-29 12:13:30,153 | INFO  | SCMAudit | user=jenkins1000 | ip=192.168.5.180 | op=SEND_HEARTBEAT {datanodeUUID=43f6f77a-f70f-4cdd-a5be-5c28068849a6, command=[]} | ret=SUCCESS |  
2019-08-29 12:13:30,153 | INFO  | SCMAudit | user=jenkins1000 | ip=192.168.5.180 | op=SEND_HEARTBEAT {datanodeUUID=a408674c-f7a6-4330-bdc0-864ae7aa964e, command=[]} | ret=SUCCESS |  
2019-08-29 12:13:30,153 | INFO  | SCMAudit | user=jenkins1000 | ip=192.168.5.180 | op=SEND_HEARTBEAT {datanodeUUID=ece84cde-7c4c-4ceb-8135-db99d4fdbf3b, command=[]} | ret=SUCCESS |  
2019-08-29 12:13:30,170 [07633987-61d2-4d6f-897f-8e8d6de0ebef:group-459C727A4621:LeaderElection2] INFO  segmented.SegmentedRaftLogWorker (SegmentedRaftLogWorker.java:startLogSegment(380)) - 07633987-61d2-4d6f-897f-8e8d6de0ebef-SegmentedRaftLogWorker:Storage Directory /workdir/hadoop-ozone/integration-test/target/test-dir/MiniOzoneClusterImpl-9baf5c52-405e-4460-9619-8aa90c98357d/datanode-4/data/ratis/f3d08482-7fac-4e7b-a429-459c727a4621: Starting segment from index:0
2019-08-29 12:13:30,170 [43f6f77a-f70f-4cdd-a5be-5c28068849a6:group-CAD62E857C75:LeaderElection3] INFO  segmented.SegmentedRaftLogWorker (SegmentedRaftLogWorker.java:startLogSegment(380)) - 43f6f77a-f70f-4cdd-a5be-5c28068849a6-SegmentedRaftLogWorker:Storage Directory /workdir/hadoop-ozone/integration-test/target/test-dir/MiniOzoneClusterImpl-9baf5c52-405e-4460-9619-8aa90c98357d/datanode-1/data/ratis/35203c91-ab9b-4c3c-a54c-cad62e857c75: Starting segment from index:0
2019-08-29 12:13:30,170 [844ecb45-bf8d-44d5-a0a7-2f6fad9158ad:group-E14507AF9024:LeaderElection1] INFO  segmented.SegmentedRaftLogWorker (SegmentedRaftLogWorker.java:startLogSegment(380)) - 844ecb45-bf8d-44d5-a0a7-2f6fad9158ad-SegmentedRaftLogWorker:Storage Directory /workdir/hadoop-ozone/integration-test/target/test-dir/MiniOzoneClusterImpl-9baf5c52-405e-4460-9619-8aa90c98357d/datanode-0/data/ratis/26647a41-df10-4e98-a4ce-e14507af9024: Starting segment from index:0
2019-08-29 12:13:30,181 [844ecb45-bf8d-44d5-a0a7-2f6fad9158ad:group-E14507AF9024:LeaderElection1] INFO  impl.RaftServerImpl (ServerState.java:setRaftConf(361)) - 844ecb45-bf8d-44d5-a0a7-2f6fad9158ad:group-E14507AF9024 set configuration 0: [844ecb45-bf8d-44d5-a0a7-2f6fad9158ad:192.168.5.180:33281], old=null at 0
2019-08-29 12:13:30,181 [43f6f77a-f70f-4cdd-a5be-5c28068849a6:group-CAD62E857C75:LeaderElection3] INFO  impl.RaftServerImpl (ServerState.java:setRaftConf(361)) - 43f6f77a-f70f-4cdd-a5be-5c28068849a6:group-CAD62E857C75 set configuration 0: [43f6f77a-f70f-4cdd-a5be-5c28068849a6:192.168.5.180:37403], old=null at 0
2019-08-29 12:13:30,181 [07633987-61d2-4d6f-897f-8e8d6de0ebef:group-459C727A4621:LeaderElection2] INFO  impl.RaftServerImpl (ServerState.java:setRaftConf(361)) - 07633987-61d2-4d6f-897f-8e8d6de0ebef:group-459C727A4621 set configuration 0: [07633987-61d2-4d6f-897f-8e8d6de0ebef:192.168.5.180:42297], old=null at 0
2019-08-29 12:13:30,223 | INFO  | SCMAudit | user=jenkins1000 | ip=192.168.5.180 | op=SEND_HEARTBEAT {datanodeUUID=87c289b5-492f-4a45-8e48-ede3505cfee3, command=[]} | ret=SUCCESS |  
2019-08-29 12:13:30,262 | INFO  | SCMAudit | user=jenkins1000 | ip=192.168.5.180 | op=SEND_HEARTBEAT {datanodeUUID=7588b5cd-2e6c-40ac-8166-292edf2596f3, command=[]} | ret=SUCCESS |  
2019-08-29 12:13:30,331 | INFO  | SCMAudit | user=jenkins1000 | ip=192.168.5.180 | op=SEND_HEARTBEAT {datanodeUUID=4050fee3-65e1-4f13-9e2a-77e69e0ca877, command=[]} | ret=SUCCESS |  
2019-08-29 12:13:30,401 | INFO  | SCMAudit | user=jenkins1000 | ip=192.168.5.180 | op=SEND_HEARTBEAT {datanodeUUID=56997c5e-aa03-402a-9e62-43fb5d91409b, command=[]} | ret=SUCCESS |  
2019-08-29 12:13:31,152 | INFO  | SCMAudit | user=jenkins1000 | ip=192.168.5.180 | op=SEND_HEARTBEAT {datanodeUUID=07633987-61d2-4d6f-897f-8e8d6de0ebef, command=[]} | ret=SUCCESS |  
2019-08-29 12:13:31,152 | INFO  | SCMAudit | user=jenkins1000 | ip=192.168.5.180 | op=SEND_HEARTBEAT {datanodeUUID=a408674c-f7a6-4330-bdc0-864ae7aa964e, command=[]} | ret=SUCCESS |  
2019-08-29 12:13:31,152 | INFO  | SCMAudit | user=jenkins1000 | ip=192.168.5.180 | op=SEND_HEARTBEAT {datanodeUUID=531aad77-f764-4b3f-a35c-0861e8ff84dc, command=[]} | ret=SUCCESS |  
2019-08-29 12:13:31,152 | INFO  | SCMAudit | user=jenkins1000 | ip=192.168.5.180 | op=SEND_HEARTBEAT {datanodeUUID=844ecb45-bf8d-44d5-a0a7-2f6fad9158ad, command=[]} | ret=SUCCESS |  
2019-08-29 12:13:31,152 | INFO  | SCMAudit | user=jenkins1000 | ip=192.168.5.180 | op=SEND_HEARTBEAT {datanodeUUID=43f6f77a-f70f-4cdd-a5be-5c28068849a6, command=[]} | ret=SUCCESS |  
2019-08-29 12:13:31,152 | INFO  | SCMAudit | user=jenkins1000 | ip=192.168.5.180 | op=SEND_HEARTBEAT {datanodeUUID=ece84cde-7c4c-4ceb-8135-db99d4fdbf3b, command=[]} | ret=SUCCESS |  
2019-08-29 12:13:31,223 | INFO  | SCMAudit | user=jenkins1000 | ip=192.168.5.180 | op=SEND_HEARTBEAT {datanodeUUID=87c289b5-492f-4a45-8e48-ede3505cfee3, command=[]} | ret=SUCCESS |  
2019-08-29 12:13:31,263 | INFO  | SCMAudit | user=jenkins1000 | ip=192.168.5.180 | op=SEND_HEARTBEAT {datanodeUUID=7588b5cd-2e6c-40ac-8166-292edf2596f3, command=[]} | ret=SUCCESS |  
2019-08-29 12:13:31,330 | INFO  | SCMAudit | user=jenkins1000 | ip=192.168.5.180 | op=SEND_HEARTBEAT {datanodeUUID=4050fee3-65e1-4f13-9e2a-77e69e0ca877, command=[]} | ret=SUCCESS |  
2019-08-29 12:13:31,401 | INFO  | SCMAudit | user=jenkins1000 | ip=192.168.5.180 | op=SEND_HEARTBEAT {datanodeUUID=56997c5e-aa03-402a-9e62-43fb5d91409b, command=[]} | ret=SUCCESS |  
2019-08-29 12:13:31,941 [RATISCREATEPIPELINE3] ERROR pipeline.RatisPipelineProvider (RatisPipelineProvider.java:lambda$null$5(235)) - Failed invoke Ratis rpc org.apache.hadoop.hdds.scm.pipeline.RatisPipelineProvider$$Lambda$181/1557139910@666e17fc for 4050fee3-65e1-4f13-9e2a-77e69e0ca877
org.apache.ratis.protocol.TimeoutIOException: deadline exceeded after 2999709686ns
	at org.apache.ratis.grpc.GrpcUtil.tryUnwrapException(GrpcUtil.java:82)
	at org.apache.ratis.grpc.GrpcUtil.unwrapException(GrpcUtil.java:75)
	at org.apache.ratis.grpc.client.GrpcClientProtocolClient.blockingCall(GrpcClientProtocolClient.java:169)
	at org.apache.ratis.grpc.client.GrpcClientProtocolClient.groupAdd(GrpcClientProtocolClient.java:138)
	at org.apache.ratis.grpc.client.GrpcClientRpc.sendRequest(GrpcClientRpc.java:94)
	at org.apache.ratis.client.impl.RaftClientImpl.sendRequest(RaftClientImpl.java:279)
	at org.apache.ratis.client.impl.RaftClientImpl.groupAdd(RaftClientImpl.java:206)
	at org.apache.hadoop.hdds.scm.pipeline.RatisPipelineProvider.lambda$initializePipeline$4(RatisPipelineProvider.java:194)
	at org.apache.hadoop.hdds.scm.pipeline.RatisPipelineProvider.lambda$null$5(RatisPipelineProvider.java:231)
	at java.util.stream.ForEachOps$ForEachOp$OfRef.accept(ForEachOps.java:184)
	at java.util.ArrayList$ArrayListSpliterator.forEachRemaining(ArrayList.java:1382)
	at java.util.stream.AbstractPipeline.copyInto(AbstractPipeline.java:482)
	at java.util.stream.ForEachOps$ForEachTask.compute(ForEachOps.java:291)
	at java.util.concurrent.CountedCompleter.exec(CountedCompleter.java:731)
	at java.util.concurrent.ForkJoinTask.doExec(ForkJoinTask.java:289)
	at java.util.concurrent.ForkJoinPool$WorkQueue.runTask(ForkJoinPool.java:1056)
	at java.util.concurrent.ForkJoinPool.runWorker(ForkJoinPool.java:1692)
	at java.util.concurrent.ForkJoinWorkerThread.run(ForkJoinWorkerThread.java:157)
Caused by: org.apache.ratis.thirdparty.io.grpc.StatusRuntimeException: DEADLINE_EXCEEDED: deadline exceeded after 2999709686ns
	at org.apache.ratis.thirdparty.io.grpc.stub.ClientCalls.toStatusRuntimeException(ClientCalls.java:233)
	at org.apache.ratis.thirdparty.io.grpc.stub.ClientCalls.getUnchecked(ClientCalls.java:214)
	at org.apache.ratis.thirdparty.io.grpc.stub.ClientCalls.blockingUnaryCall(ClientCalls.java:139)
	at org.apache.ratis.proto.grpc.AdminProtocolServiceGrpc$AdminProtocolServiceBlockingStub.groupManagement(AdminProtocolServiceGrpc.java:274)
	at org.apache.ratis.grpc.client.GrpcClientProtocolClient.lambda$groupAdd$3(GrpcClientProtocolClient.java:140)
	at org.apache.ratis.grpc.client.GrpcClientProtocolClient.blockingCall(GrpcClientProtocolClient.java:167)
	... 15 more
2019-08-29 12:13:31,945 [RATISCREATEPIPELINE1] ERROR pipeline.RatisPipelineProvider (RatisPipelineProvider.java:lambda$null$5(235)) - Failed invoke Ratis rpc org.apache.hadoop.hdds.scm.pipeline.RatisPipelineProvider$$Lambda$181/1557139910@666e17fc for 43f6f77a-f70f-4cdd-a5be-5c28068849a6
org.apache.ratis.protocol.TimeoutIOException: deadline exceeded after 2999734508ns
	at org.apache.ratis.grpc.GrpcUtil.tryUnwrapException(GrpcUtil.java:82)
	at org.apache.ratis.grpc.GrpcUtil.unwrapException(GrpcUtil.java:75)
	at org.apache.ratis.grpc.client.GrpcClientProtocolClient.blockingCall(GrpcClientProtocolClient.java:169)
	at org.apache.ratis.grpc.client.GrpcClientProtocolClient.groupAdd(GrpcClientProtocolClient.java:138)
	at org.apache.ratis.grpc.client.GrpcClientRpc.sendRequest(GrpcClientRpc.java:94)
	at org.apache.ratis.client.impl.RaftClientImpl.sendRequest(RaftClientImpl.java:279)
	at org.apache.ratis.client.impl.RaftClientImpl.groupAdd(RaftClientImpl.java:206)
	at org.apache.hadoop.hdds.scm.pipeline.RatisPipelineProvider.lambda$initializePipeline$4(RatisPipelineProvider.java:194)
	at org.apache.hadoop.hdds.scm.pipeline.RatisPipelineProvider.lambda$null$5(RatisPipelineProvider.java:231)
	at java.util.stream.ForEachOps$ForEachOp$OfRef.accept(ForEachOps.java:184)
	at java.util.ArrayList$ArrayListSpliterator.forEachRemaining(ArrayList.java:1382)
	at java.util.stream.AbstractPipeline.copyInto(AbstractPipeline.java:482)
	at java.util.stream.ForEachOps$ForEachTask.compute(ForEachOps.java:291)
	at java.util.concurrent.CountedCompleter.exec(CountedCompleter.java:731)
	at java.util.concurrent.ForkJoinTask.doExec(ForkJoinTask.java:289)
	at java.util.concurrent.ForkJoinTask.doInvoke(ForkJoinTask.java:401)
	at java.util.concurrent.ForkJoinTask.invoke(ForkJoinTask.java:734)
	at java.util.stream.ForEachOps$ForEachOp.evaluateParallel(ForEachOps.java:160)
	at java.util.stream.ForEachOps$ForEachOp$OfRef.evaluateParallel(ForEachOps.java:174)
	at java.util.stream.AbstractPipeline.evaluate(AbstractPipeline.java:233)
	at java.util.stream.ReferencePipeline.forEach(ReferencePipeline.java:418)
	at java.util.stream.ReferencePipeline$Head.forEach(ReferencePipeline.java:583)
	at org.apache.hadoop.hdds.scm.pipeline.RatisPipelineProvider.lambda$callRatisRpc$6(RatisPipelineProvider.java:225)
	at java.util.concurrent.ForkJoinTask$AdaptedRunnableAction.exec(ForkJoinTask.java:1386)
	at java.util.concurrent.ForkJoinTask.doExec(ForkJoinTask.java:289)
	at java.util.concurrent.ForkJoinPool$WorkQueue.runTask(ForkJoinPool.java:1056)
	at java.util.concurrent.ForkJoinPool.runWorker(ForkJoinPool.java:1692)
	at java.util.concurrent.ForkJoinWorkerThread.run(ForkJoinWorkerThread.java:157)
Caused by: org.apache.ratis.thirdparty.io.grpc.StatusRuntimeException: DEADLINE_EXCEEDED: deadline exceeded after 2999734508ns
	at org.apache.ratis.thirdparty.io.grpc.stub.ClientCalls.toStatusRuntimeException(ClientCalls.java:233)
	at org.apache.ratis.thirdparty.io.grpc.stub.ClientCalls.getUnchecked(ClientCalls.java:214)
	at org.apache.ratis.thirdparty.io.grpc.stub.ClientCalls.blockingUnaryCall(ClientCalls.java:139)
	at org.apache.ratis.proto.grpc.AdminProtocolServiceGrpc$AdminProtocolServiceBlockingStub.groupManagement(AdminProtocolServiceGrpc.java:274)
	at org.apache.ratis.grpc.client.GrpcClientProtocolClient.lambda$groupAdd$3(GrpcClientProtocolClient.java:140)
	at org.apache.ratis.grpc.client.GrpcClientProtocolClient.blockingCall(GrpcClientProtocolClient.java:167)
	... 25 more
2019-08-29 12:13:31,944 [RATISCREATEPIPELINE2] ERROR pipeline.RatisPipelineProvider (RatisPipelineProvider.java:lambda$null$5(235)) - Failed invoke Ratis rpc org.apache.hadoop.hdds.scm.pipeline.RatisPipelineProvider$$Lambda$181/1557139910@666e17fc for 07633987-61d2-4d6f-897f-8e8d6de0ebef
org.apache.ratis.protocol.TimeoutIOException: deadline exceeded after 2997716805ns
	at org.apache.ratis.grpc.GrpcUtil.tryUnwrapException(GrpcUtil.java:82)
	at org.apache.ratis.grpc.GrpcUtil.unwrapException(GrpcUtil.java:75)
	at org.apache.ratis.grpc.client.GrpcClientProtocolClient.blockingCall(GrpcClientProtocolClient.java:169)
	at org.apache.ratis.grpc.client.GrpcClientProtocolClient.groupAdd(GrpcClientProtocolClient.java:138)
	at org.apache.ratis.grpc.client.GrpcClientRpc.sendRequest(GrpcClientRpc.java:94)
	at org.apache.ratis.client.impl.RaftClientImpl.sendRequest(RaftClientImpl.java:279)
	at org.apache.ratis.client.impl.RaftClientImpl.groupAdd(RaftClientImpl.java:206)
	at org.apache.hadoop.hdds.scm.pipeline.RatisPipelineProvider.lambda$initializePipeline$4(RatisPipelineProvider.java:194)
	at org.apache.hadoop.hdds.scm.pipeline.RatisPipelineProvider.lambda$null$5(RatisPipelineProvider.java:231)
	at java.util.stream.ForEachOps$ForEachOp$OfRef.accept(ForEachOps.java:184)
	at java.util.ArrayList$ArrayListSpliterator.forEachRemaining(ArrayList.java:1382)
	at java.util.stream.AbstractPipeline.copyInto(AbstractPipeline.java:482)
	at java.util.stream.ForEachOps$ForEachTask.compute(ForEachOps.java:291)
	at java.util.concurrent.CountedCompleter.exec(CountedCompleter.java:731)
	at java.util.concurrent.ForkJoinTask.doExec(ForkJoinTask.java:289)
	at java.util.concurrent.ForkJoinPool$WorkQueue.runTask(ForkJoinPool.java:1056)
	at java.util.concurrent.ForkJoinPool.runWorker(ForkJoinPool.java:1692)
	at java.util.concurrent.ForkJoinWorkerThread.run(ForkJoinWorkerThread.java:157)
Caused by: org.apache.ratis.thirdparty.io.grpc.StatusRuntimeException: DEADLINE_EXCEEDED: deadline exceeded after 2997716805ns
	at org.apache.ratis.thirdparty.io.grpc.stub.ClientCalls.toStatusRuntimeException(ClientCalls.java:233)
	at org.apache.ratis.thirdparty.io.grpc.stub.ClientCalls.getUnchecked(ClientCalls.java:214)
	at org.apache.ratis.thirdparty.io.grpc.stub.ClientCalls.blockingUnaryCall(ClientCalls.java:139)
	at org.apache.ratis.proto.grpc.AdminProtocolServiceGrpc$AdminProtocolServiceBlockingStub.groupManagement(AdminProtocolServiceGrpc.java:274)
	at org.apache.ratis.grpc.client.GrpcClientProtocolClient.lambda$groupAdd$3(GrpcClientProtocolClient.java:140)
	at org.apache.ratis.grpc.client.GrpcClientProtocolClient.blockingCall(GrpcClientProtocolClient.java:167)
	... 15 more
2019-08-29 12:13:31,960 [IPC Server handler 0 on 35121] WARN  block.BlockManagerImpl (BlockManagerImpl.java:allocateBlock(192)) - Pipeline creation failed for type:RATIS factor:THREE. Retrying get pipelines call once.
org.apache.hadoop.io.MultipleIOException: 3 exceptions [java.io.IOException: Failed invoke Ratis rpc org.apache.hadoop.hdds.scm.pipeline.RatisPipelineProvider$$Lambda$181/1557139910@666e17fc for 4050fee3-65e1-4f13-9e2a-77e69e0ca877, java.io.IOException: Failed invoke Ratis rpc org.apache.hadoop.hdds.scm.pipeline.RatisPipelineProvider$$Lambda$181/1557139910@666e17fc for 43f6f77a-f70f-4cdd-a5be-5c28068849a6, java.io.IOException: Failed invoke Ratis rpc org.apache.hadoop.hdds.scm.pipeline.RatisPipelineProvider$$Lambda$181/1557139910@666e17fc for 07633987-61d2-4d6f-897f-8e8d6de0ebef]
	at org.apache.hadoop.io.MultipleIOException.createIOException(MultipleIOException.java:53)
	at org.apache.hadoop.hdds.scm.pipeline.RatisPipelineProvider.callRatisRpc(RatisPipelineProvider.java:251)
	at org.apache.hadoop.hdds.scm.pipeline.RatisPipelineProvider.initializePipeline(RatisPipelineProvider.java:192)
	at org.apache.hadoop.hdds.scm.pipeline.RatisPipelineProvider.create(RatisPipelineProvider.java:161)
	at org.apache.hadoop.hdds.scm.pipeline.PipelineFactory.create(PipelineFactory.java:57)
	at org.apache.hadoop.hdds.scm.pipeline.SCMPipelineManager.createPipeline(SCMPipelineManager.java:149)
	at org.apache.hadoop.hdds.scm.block.BlockManagerImpl.allocateBlock(BlockManagerImpl.java:190)
	at org.apache.hadoop.hdds.scm.server.SCMBlockProtocolServer.allocateBlock(SCMBlockProtocolServer.java:175)
	at org.apache.hadoop.ozone.protocolPB.ScmBlockLocationProtocolServerSideTranslatorPB.allocateScmBlock(ScmBlockLocationProtocolServerSideTranslatorPB.java:153)
	at org.apache.hadoop.ozone.protocolPB.ScmBlockLocationProtocolServerSideTranslatorPB.send(ScmBlockLocationProtocolServerSideTranslatorPB.java:112)
	at org.apache.hadoop.hdds.protocol.proto.ScmBlockLocationProtocolProtos$ScmBlockLocationProtocolService$2.callBlockingMethod(ScmBlockLocationProtocolProtos.java:13157)
	at org.apache.hadoop.ipc.ProtobufRpcEngine$Server$ProtoBufRpcInvoker.call(ProtobufRpcEngine.java:524)
	at org.apache.hadoop.ipc.RPC$Server.call(RPC.java:1025)
	at org.apache.hadoop.ipc.Server$RpcCall.run(Server.java:876)
	at org.apache.hadoop.ipc.Server$RpcCall.run(Server.java:822)
	at java.security.AccessController.doPrivileged(Native Method)
	at javax.security.auth.Subject.doAs(Subject.java:422)
	at org.apache.hadoop.security.UserGroupInformation.doAs(UserGroupInformation.java:1730)
	at org.apache.hadoop.ipc.Server$Handler.run(Server.java:2682)
2019-08-29 12:13:31,961 [IPC Server handler 0 on 35121] INFO  block.BlockManagerImpl (BlockManagerImpl.java:allocateBlock(198)) - Could not find available pipeline of type:RATIS and factor:THREE even after retrying
2019-08-29 12:13:31,961 [IPC Server handler 0 on 35121] ERROR block.BlockManagerImpl (BlockManagerImpl.java:allocateBlock(222)) - Unable to allocate a block for the size: 4194304, type: RATIS, factor: THREE
2019-08-29 12:13:31,961 | INFO  | SCMAudit | user=jenkins1000 | ip=192.168.5.180 | op=ALLOCATE_BLOCK {owner=89c80eb2-2390-4665-b95d-197d63be1517, size=4194304, type=RATIS, factor=THREE} | ret=SUCCESS |  
2019-08-29 12:13:31,967 | ERROR | OMAudit | user=jenkins1000 | ip=127.0.0.1 | op=ALLOCATE_KEY {volume=acacecad-7d35-4e1a-a58e-c8c4d0afc70e, bucket=075a320d-b496-4d9f-9b76-8f51bb0c6861, key=157655a7-e08d-4b3e-a03e-608ed140cb0f, dataSize=12, replicationType=RATIS, replicationFactor=THREE, keyLocationInfo=null} | ret=FAILURE | org.apache.hadoop.hdds.scm.exceptions.SCMException: Allocated 0 blocks. Requested 1 blocks
	at org.apache.hadoop.hdds.scm.protocolPB.ScmBlockLocationProtocolClientSideTranslatorPB.handleError(ScmBlockLocationProtocolClientSideTranslatorPB.java:118)
	at org.apache.hadoop.hdds.scm.protocolPB.ScmBlockLocationProtocolClientSideTranslatorPB.allocateBlock(ScmBlockLocationProtocolClientSideTranslatorPB.java:156) 
]]></system-out>
  </testcase>
</testsuite>