<?xml version="1.0" encoding="UTF-8"?>
<testsuite xmlns:xsi="http://www.w3.org/2001/XMLSchema-instance" xsi:noNamespaceSchemaLocation="https://maven.apache.org/surefire/maven-surefire-plugin/xsd/surefire-test-report.xsd" name="org.apache.hadoop.ozone.freon.TestFreonWithPipelineDestroy" time="838.561" tests="1" errors="1" skipped="0" failures="0">
  <properties>
    <property name="awt.toolkit" value="sun.awt.X11.XToolkit"/>
    <property name="file.encoding.pkg" value="sun.io"/>
    <property name="java.specification.version" value="1.8"/>
    <property name="sun.cpu.isalist" value=""/>
    <property name="sun.jnu.encoding" value="UTF-8"/>
    <property name="java.class.path" value="/tmp/workdir/hadoop-ozone/tools/target/test-classes:/tmp/workdir/hadoop-ozone/tools/target/classes:/home/user/.m2/repository/org/apache/hadoop/hadoop-ozone-ozone-manager/0.5.0-SNAPSHOT/hadoop-ozone-ozone-manager-0.5.0-SNAPSHOT.jar:/home/user/.m2/repository/org/apache/hadoop/hadoop-hdds-docs/0.5.0-SNAPSHOT/hadoop-hdds-docs-0.5.0-SNAPSHOT.jar:/home/user/.m2/repository/org/bouncycastle/bcprov-jdk15on/1.60/bcprov-jdk15on-1.60.jar:/home/user/.m2/repository/org/apache/hadoop/hadoop-ozone-common/0.5.0-SNAPSHOT/hadoop-ozone-common-0.5.0-SNAPSHOT.jar:/home/user/.m2/repository/org/apache/commons/commons-compress/1.4.1/commons-compress-1.4.1.jar:/home/user/.m2/repository/org/tukaani/xz/1.0/xz-1.0.jar:/home/user/.m2/repository/org/apache/hadoop/hadoop-hdfs-client/3.2.0/hadoop-hdfs-client-3.2.0.jar:/home/user/.m2/repository/com/fasterxml/jackson/core/jackson-annotations/2.9.5/jackson-annotations-2.9.5.jar:/home/user/.m2/repository/org/apache/hadoop/hadoop-hdds-common/0.5.0-SNAPSHOT/hadoop-hdds-common-0.5.0-SNAPSHOT.jar:/home/user/.m2/repository/org/apache/hadoop/hadoop-hdds-config/0.5.0-SNAPSHOT/hadoop-hdds-config-0.5.0-SNAPSHOT.jar:/home/user/.m2/repository/javax/annotation/javax.annotation-api/1.2/javax.annotation-api-1.2.jar:/home/user/.m2/repository/org/apache/ratis/ratis-server/0.4.0-78e95b9-SNAPSHOT/ratis-server-0.4.0-78e95b9-SNAPSHOT.jar:/home/user/.m2/repository/org/apache/ratis/ratis-thirdparty-misc/0.2.0/ratis-thirdparty-misc-0.2.0.jar:/home/user/.m2/repository/org/apache/ratis/ratis-proto/0.4.0-78e95b9-SNAPSHOT/ratis-proto-0.4.0-78e95b9-SNAPSHOT.jar:/home/user/.m2/repository/org/apache/ratis/ratis-common/0.4.0-78e95b9-SNAPSHOT/ratis-common-0.4.0-78e95b9-SNAPSHOT.jar:/home/user/.m2/repository/org/apache/ratis/ratis-client/0.4.0-78e95b9-SNAPSHOT/ratis-client-0.4.0-78e95b9-SNAPSHOT.jar:/home/user/.m2/repository/org/apache/ratis/ratis-metrics/0.4.0-78e95b9-SNAPSHOT/ratis-metrics-0.4.0-78e95b9-SNAPSHOT.jar:/home/user/.m2/repository/com/github/joshelser/dropwizard-metrics-hadoop-metrics2-reporter/0.1.2/dropwizard-metrics-hadoop-metrics2-reporter-0.1.2.jar:/home/user/.m2/repository/io/dropwizard/metrics/metrics-jvm/3.2.5/metrics-jvm-3.2.5.jar:/home/user/.m2/repository/io/dropwizard/metrics/metrics-ganglia/3.2.5/metrics-ganglia-3.2.5.jar:/home/user/.m2/repository/info/ganglia/gmetric4j/gmetric4j/1.0.7/gmetric4j-1.0.7.jar:/home/user/.m2/repository/org/apache/ratis/ratis-netty/0.4.0-78e95b9-SNAPSHOT/ratis-netty-0.4.0-78e95b9-SNAPSHOT.jar:/home/user/.m2/repository/org/apache/ratis/ratis-grpc/0.4.0-78e95b9-SNAPSHOT/ratis-grpc-0.4.0-78e95b9-SNAPSHOT.jar:/home/user/.m2/repository/org/rocksdb/rocksdbjni/6.0.1/rocksdbjni-6.0.1.jar:/home/user/.m2/repository/org/apache/logging/log4j/log4j-api/2.11.0/log4j-api-2.11.0.jar:/home/user/.m2/repository/org/apache/logging/log4j/log4j-core/2.11.0/log4j-core-2.11.0.jar:/home/user/.m2/repository/com/lmax/disruptor/3.4.2/disruptor-3.4.2.jar:/home/user/.m2/repository/org/apache/commons/commons-pool2/2.6.0/commons-pool2-2.6.0.jar:/home/user/.m2/repository/org/bouncycastle/bcpkix-jdk15on/1.60/bcpkix-jdk15on-1.60.jar:/home/user/.m2/repository/commons-validator/commons-validator/1.6/commons-validator-1.6.jar:/home/user/.m2/repository/commons-digester/commons-digester/1.8.1/commons-digester-1.8.1.jar:/home/user/.m2/repository/io/jaegertracing/jaeger-client/0.33.1/jaeger-client-0.33.1.jar:/home/user/.m2/repository/io/jaegertracing/jaeger-thrift/0.33.1/jaeger-thrift-0.33.1.jar:/home/user/.m2/repository/org/apache/thrift/libthrift/0.11.0/libthrift-0.11.0.jar:/home/user/.m2/repository/com/squareup/okhttp3/okhttp/3.9.0/okhttp-3.9.0.jar:/home/user/.m2/repository/com/squareup/okio/okio/1.13.0/okio-1.13.0.jar:/home/user/.m2/repository/io/jaegertracing/jaeger-core/0.33.1/jaeger-core-0.33.1.jar:/home/user/.m2/repository/io/jaegertracing/jaeger-tracerresolver/0.33.1/jaeger-tracerresolver-0.33.1.jar:/home/user/.m2/repository/io/opentracing/contrib/opentracing-tracerresolver/0.1.5/opentracing-tracerresolver-0.1.5.jar:/home/user/.m2/repository/io/opentracing/opentracing-util/0.31.0/opentracing-util-0.31.0.jar:/home/user/.m2/repository/io/opentracing/opentracing-api/0.31.0/opentracing-api-0.31.0.jar:/home/user/.m2/repository/io/opentracing/opentracing-noop/0.31.0/opentracing-noop-0.31.0.jar:/home/user/.m2/repository/org/yaml/snakeyaml/1.16/snakeyaml-1.16.jar:/home/user/.m2/repository/org/apache/hadoop/hadoop-hdds-container-service/0.5.0-SNAPSHOT/hadoop-hdds-container-service-0.5.0-SNAPSHOT.jar:/home/user/.m2/repository/org/apache/hadoop/hadoop-hdds-client/0.5.0-SNAPSHOT/hadoop-hdds-client-0.5.0-SNAPSHOT.jar:/home/user/.m2/repository/org/apache/hadoop/hadoop-hdds-tools/0.5.0-SNAPSHOT/hadoop-hdds-tools-0.5.0-SNAPSHOT.jar:/home/user/.m2/repository/org/xerial/sqlite-jdbc/3.25.2/sqlite-jdbc-3.25.2.jar:/home/user/.m2/repository/org/apache/hadoop/hadoop-hdds-server-scm/0.5.0-SNAPSHOT/hadoop-hdds-server-scm-0.5.0-SNAPSHOT.jar:/home/user/.m2/repository/org/hamcrest/hamcrest-all/1.3/hamcrest-all-1.3.jar:/home/user/.m2/repository/info/picocli/picocli/3.9.6/picocli-3.9.6.jar:/home/user/.m2/repository/com/google/protobuf/protobuf-java/2.5.0/protobuf-java-2.5.0.jar:/home/user/.m2/repository/com/google/guava/guava/11.0.2/guava-11.0.2.jar:/home/user/.m2/repository/org/apache/hadoop/hadoop-ozone-client/0.5.0-SNAPSHOT/hadoop-ozone-client-0.5.0-SNAPSHOT.jar:/tmp/workdir/hadoop-ozone/ozonefs/target/classes:/home/user/.m2/repository/org/apache/hadoop/hadoop-hdds-server-framework/0.5.0-SNAPSHOT/hadoop-hdds-server-framework-0.5.0-SNAPSHOT.jar:/home/user/.m2/repository/org/apache/hadoop/hadoop-common/3.2.0/hadoop-common-3.2.0.jar:/home/user/.m2/repository/org/apache/hadoop/hadoop-annotations/3.2.0/hadoop-annotations-3.2.0.jar:/usr/lib/jvm/java-1.8-openjdk/jre/../lib/tools.jar:/home/user/.m2/repository/commons-cli/commons-cli/1.2/commons-cli-1.2.jar:/home/user/.m2/repository/org/apache/commons/commons-math3/3.1.1/commons-math3-3.1.1.jar:/home/user/.m2/repository/org/apache/httpcomponents/httpclient/4.5.2/httpclient-4.5.2.jar:/home/user/.m2/repository/org/apache/httpcomponents/httpcore/4.4.4/httpcore-4.4.4.jar:/home/user/.m2/repository/commons-codec/commons-codec/1.11/commons-codec-1.11.jar:/home/user/.m2/repository/commons-io/commons-io/2.5/commons-io-2.5.jar:/home/user/.m2/repository/commons-net/commons-net/3.6/commons-net-3.6.jar:/home/user/.m2/repository/commons-collections/commons-collections/3.2.2/commons-collections-3.2.2.jar:/home/user/.m2/repository/javax/servlet/javax.servlet-api/3.1.0/javax.servlet-api-3.1.0.jar:/home/user/.m2/repository/org/eclipse/jetty/jetty-server/9.3.24.v20180605/jetty-server-9.3.24.v20180605.jar:/home/user/.m2/repository/org/eclipse/jetty/jetty-http/9.3.24.v20180605/jetty-http-9.3.24.v20180605.jar:/home/user/.m2/repository/org/eclipse/jetty/jetty-io/9.3.24.v20180605/jetty-io-9.3.24.v20180605.jar:/home/user/.m2/repository/org/eclipse/jetty/jetty-util/9.3.24.v20180605/jetty-util-9.3.24.v20180605.jar:/home/user/.m2/repository/org/eclipse/jetty/jetty-servlet/9.3.24.v20180605/jetty-servlet-9.3.24.v20180605.jar:/home/user/.m2/repository/org/eclipse/jetty/jetty-security/9.3.24.v20180605/jetty-security-9.3.24.v20180605.jar:/home/user/.m2/repository/org/eclipse/jetty/jetty-webapp/9.3.24.v20180605/jetty-webapp-9.3.24.v20180605.jar:/home/user/.m2/repository/org/eclipse/jetty/jetty-xml/9.3.24.v20180605/jetty-xml-9.3.24.v20180605.jar:/home/user/.m2/repository/javax/servlet/jsp/jsp-api/2.1/jsp-api-2.1.jar:/home/user/.m2/repository/com/sun/jersey/jersey-core/1.19/jersey-core-1.19.jar:/home/user/.m2/repository/javax/ws/rs/jsr311-api/1.1.1/jsr311-api-1.1.1.jar:/home/user/.m2/repository/com/sun/jersey/jersey-servlet/1.19/jersey-servlet-1.19.jar:/home/user/.m2/repository/com/sun/jersey/jersey-json/1.19/jersey-json-1.19.jar:/home/user/.m2/repository/org/codehaus/jettison/jettison/1.1/jettison-1.1.jar:/home/user/.m2/repository/com/sun/xml/bind/jaxb-impl/2.3.0.1/jaxb-impl-2.3.0.1.jar:/home/user/.m2/repository/org/codehaus/jackson/jackson-core-asl/1.9.13/jackson-core-asl-1.9.13.jar:/home/user/.m2/repository/org/codehaus/jackson/jackson-mapper-asl/1.9.13/jackson-mapper-asl-1.9.13.jar:/home/user/.m2/repository/org/codehaus/jackson/jackson-jaxrs/1.9.13/jackson-jaxrs-1.9.13.jar:/home/user/.m2/repository/org/codehaus/jackson/jackson-xc/1.9.13/jackson-xc-1.9.13.jar:/home/user/.m2/repository/com/sun/jersey/jersey-server/1.19/jersey-server-1.19.jar:/home/user/.m2/repository/commons-logging/commons-logging/1.1.3/commons-logging-1.1.3.jar:/home/user/.m2/repository/log4j/log4j/1.2.17/log4j-1.2.17.jar:/home/user/.m2/repository/commons-beanutils/commons-beanutils/1.9.3/commons-beanutils-1.9.3.jar:/home/user/.m2/repository/org/apache/commons/commons-configuration2/2.1.1/commons-configuration2-2.1.1.jar:/home/user/.m2/repository/org/apache/commons/commons-lang3/3.7/commons-lang3-3.7.jar:/home/user/.m2/repository/org/apache/commons/commons-text/1.4/commons-text-1.4.jar:/home/user/.m2/repository/org/slf4j/slf4j-api/1.7.25/slf4j-api-1.7.25.jar:/home/user/.m2/repository/org/slf4j/slf4j-log4j12/1.7.25/slf4j-log4j12-1.7.25.jar:/home/user/.m2/repository/org/apache/avro/avro/1.7.7/avro-1.7.7.jar:/home/user/.m2/repository/com/thoughtworks/paranamer/paranamer/2.3/paranamer-2.3.jar:/home/user/.m2/repository/org/xerial/snappy/snappy-java/1.0.5/snappy-java-1.0.5.jar:/home/user/.m2/repository/com/google/re2j/re2j/1.1/re2j-1.1.jar:/home/user/.m2/repository/com/google/code/gson/gson/2.2.4/gson-2.2.4.jar:/home/user/.m2/repository/org/apache/hadoop/hadoop-auth/3.2.0/hadoop-auth-3.2.0.jar:/home/user/.m2/repository/com/nimbusds/nimbus-jose-jwt/4.41.1/nimbus-jose-jwt-4.41.1.jar:/home/user/.m2/repository/com/github/stephenc/jcip/jcip-annotations/1.0-1/jcip-annotations-1.0-1.jar:/home/user/.m2/repository/net/minidev/json-smart/2.3/json-smart-2.3.jar:/home/user/.m2/repository/net/minidev/accessors-smart/1.2/accessors-smart-1.2.jar:/home/user/.m2/repository/org/apache/curator/curator-framework/2.12.0/curator-framework-2.12.0.jar:/home/user/.m2/repository/com/jcraft/jsch/0.1.54/jsch-0.1.54.jar:/home/user/.m2/repository/org/apache/curator/curator-client/2.12.0/curator-client-2.12.0.jar:/home/user/.m2/repository/org/apache/curator/curator-recipes/2.12.0/curator-recipes-2.12.0.jar:/home/user/.m2/repository/com/google/code/findbugs/jsr305/3.0.0/jsr305-3.0.0.jar:/home/user/.m2/repository/org/apache/htrace/htrace-core4/4.1.0-incubating/htrace-core4-4.1.0-incubating.jar:/home/user/.m2/repository/org/apache/zookeeper/zookeeper/3.4.13/zookeeper-3.4.13.jar:/home/user/.m2/repository/org/apache/yetus/audience-annotations/0.5.0/audience-annotations-0.5.0.jar:/home/user/.m2/repository/org/apache/kerby/kerb-simplekdc/1.0.1/kerb-simplekdc-1.0.1.jar:/home/user/.m2/repository/org/apache/kerby/kerb-client/1.0.1/kerb-client-1.0.1.jar:/home/user/.m2/repository/org/apache/kerby/kerby-config/1.0.1/kerby-config-1.0.1.jar:/home/user/.m2/repository/org/apache/kerby/kerb-core/1.0.1/kerb-core-1.0.1.jar:/home/user/.m2/repository/org/apache/kerby/kerby-pkix/1.0.1/kerby-pkix-1.0.1.jar:/home/user/.m2/repository/org/apache/kerby/kerby-asn1/1.0.1/kerby-asn1-1.0.1.jar:/home/user/.m2/repository/org/apache/kerby/kerby-util/1.0.1/kerby-util-1.0.1.jar:/home/user/.m2/repository/org/apache/kerby/kerb-common/1.0.1/kerb-common-1.0.1.jar:/home/user/.m2/repository/org/apache/kerby/kerb-crypto/1.0.1/kerb-crypto-1.0.1.jar:/home/user/.m2/repository/org/apache/kerby/kerb-util/1.0.1/kerb-util-1.0.1.jar:/home/user/.m2/repository/org/apache/kerby/token-provider/1.0.1/token-provider-1.0.1.jar:/home/user/.m2/repository/org/apache/kerby/kerb-admin/1.0.1/kerb-admin-1.0.1.jar:/home/user/.m2/repository/org/apache/kerby/kerb-server/1.0.1/kerb-server-1.0.1.jar:/home/user/.m2/repository/org/apache/kerby/kerb-identity/1.0.1/kerb-identity-1.0.1.jar:/home/user/.m2/repository/org/apache/kerby/kerby-xdr/1.0.1/kerby-xdr-1.0.1.jar:/home/user/.m2/repository/com/fasterxml/jackson/core/jackson-databind/2.9.5/jackson-databind-2.9.5.jar:/home/user/.m2/repository/com/fasterxml/jackson/core/jackson-core/2.9.5/jackson-core-2.9.5.jar:/home/user/.m2/repository/org/codehaus/woodstox/stax2-api/3.1.4/stax2-api-3.1.4.jar:/home/user/.m2/repository/com/fasterxml/woodstox/woodstox-core/5.0.3/woodstox-core-5.0.3.jar:/home/user/.m2/repository/dnsjava/dnsjava/2.1.7/dnsjava-2.1.7.jar:/home/user/.m2/repository/org/apache/hadoop/hadoop-hdfs/3.2.0/hadoop-hdfs-3.2.0.jar:/home/user/.m2/repository/org/eclipse/jetty/jetty-util-ajax/9.3.24.v20180605/jetty-util-ajax-9.3.24.v20180605.jar:/home/user/.m2/repository/commons-daemon/commons-daemon/1.0.13/commons-daemon-1.0.13.jar:/home/user/.m2/repository/io/netty/netty/3.10.5.Final/netty-3.10.5.Final.jar:/home/user/.m2/repository/io/netty/netty-all/4.0.52.Final/netty-all-4.0.52.Final.jar:/home/user/.m2/repository/org/fusesource/leveldbjni/leveldbjni-all/1.8/leveldbjni-all-1.8.jar:/home/user/.m2/repository/com/sun/xml/bind/jaxb-core/2.3.0.1/jaxb-core-2.3.0.1.jar:/home/user/.m2/repository/javax/xml/bind/jaxb-api/2.3.0/jaxb-api-2.3.0.jar:/home/user/.m2/repository/javax/activation/activation/1.1.1/activation-1.1.1.jar:/home/user/.m2/repository/io/dropwizard/metrics/metrics-core/3.2.4/metrics-core-3.2.4.jar:/home/user/.m2/repository/org/openjdk/jmh/jmh-core/1.19/jmh-core-1.19.jar:/home/user/.m2/repository/net/sf/jopt-simple/jopt-simple/4.6/jopt-simple-4.6.jar:/home/user/.m2/repository/org/openjdk/jmh/jmh-generator-annprocess/1.19/jmh-generator-annprocess-1.19.jar:/home/user/.m2/repository/com/google/code/findbugs/findbugs/3.0.1/findbugs-3.0.1.jar:/home/user/.m2/repository/net/jcip/jcip-annotations/1.0/jcip-annotations-1.0.jar:/home/user/.m2/repository/com/google/code/findbugs/bcel-findbugs/6.0/bcel-findbugs-6.0.jar:/home/user/.m2/repository/com/google/code/findbugs/jFormatString/2.0.1/jFormatString-2.0.1.jar:/home/user/.m2/repository/dom4j/dom4j/1.6.1/dom4j-1.6.1.jar:/home/user/.m2/repository/xml-apis/xml-apis/1.0.b2/xml-apis-1.0.b2.jar:/home/user/.m2/repository/org/ow2/asm/asm-debug-all/5.0.2/asm-debug-all-5.0.2.jar:/home/user/.m2/repository/org/ow2/asm/asm-commons/5.0.2/asm-commons-5.0.2.jar:/home/user/.m2/repository/org/ow2/asm/asm-tree/5.0.2/asm-tree-5.0.2.jar:/home/user/.m2/repository/org/ow2/asm/asm/5.0.4/asm-5.0.4.jar:/home/user/.m2/repository/commons-lang/commons-lang/2.6/commons-lang-2.6.jar:/home/user/.m2/repository/com/apple/AppleJavaExtensions/1.4/AppleJavaExtensions-1.4.jar:/home/user/.m2/repository/jaxen/jaxen/1.1.6/jaxen-1.1.6.jar:/home/user/.m2/repository/junit/junit/4.11/junit-4.11.jar:/home/user/.m2/repository/org/hamcrest/hamcrest-core/1.3/hamcrest-core-1.3.jar:/home/user/.m2/repository/org/apache/hadoop/hadoop-common/3.2.0/hadoop-common-3.2.0-tests.jar:/tmp/workdir/hadoop-ozone/integration-test/target/test-classes:/home/user/.m2/repository/org/apache/hadoop/hadoop-ozone-s3gateway/0.5.0-SNAPSHOT/hadoop-ozone-s3gateway-0.5.0-SNAPSHOT.jar:/home/user/.m2/repository/org/jboss/weld/servlet/weld-servlet/2.4.7.Final/weld-servlet-2.4.7.Final.jar:/home/user/.m2/repository/org/glassfish/jersey/containers/jersey-container-servlet-core/2.27/jersey-container-servlet-core-2.27.jar:/home/user/.m2/repository/org/glassfish/hk2/external/javax.inject/2.5.0-b42/javax.inject-2.5.0-b42.jar:/home/user/.m2/repository/org/glassfish/jersey/core/jersey-common/2.27/jersey-common-2.27.jar:/home/user/.m2/repository/org/glassfish/hk2/osgi-resource-locator/1.0.1/osgi-resource-locator-1.0.1.jar:/home/user/.m2/repository/javax/ws/rs/javax.ws.rs-api/2.1/javax.ws.rs-api-2.1.jar:/home/user/.m2/repository/org/glassfish/jersey/ext/cdi/jersey-cdi1x/2.27/jersey-cdi1x-2.27.jar:/home/user/.m2/repository/org/glassfish/jersey/inject/jersey-hk2/2.27/jersey-hk2-2.27.jar:/home/user/.m2/repository/org/glassfish/hk2/hk2-locator/2.5.0-b42/hk2-locator-2.5.0-b42.jar:/home/user/.m2/repository/org/javassist/javassist/3.22.0-CR2/javassist-3.22.0-CR2.jar:/home/user/.m2/repository/org/glassfish/hk2/hk2-api/2.5.0/hk2-api-2.5.0.jar:/home/user/.m2/repository/org/glassfish/hk2/external/jakarta.inject/2.5.0/jakarta.inject-2.5.0.jar:/home/user/.m2/repository/org/glassfish/hk2/hk2-utils/2.5.0/hk2-utils-2.5.0.jar:/home/user/.m2/repository/jakarta/annotation/jakarta.annotation-api/1.3.4/jakarta.annotation-api-1.3.4.jar:/home/user/.m2/repository/org/glassfish/hk2/external/aopalliance-repackaged/2.5.0/aopalliance-repackaged-2.5.0.jar:/home/user/.m2/repository/com/fasterxml/jackson/dataformat/jackson-dataformat-xml/2.9.0/jackson-dataformat-xml-2.9.0.jar:/home/user/.m2/repository/com/fasterxml/jackson/module/jackson-module-jaxb-annotations/2.9.5/jackson-module-jaxb-annotations-2.9.5.jar:/home/user/.m2/repository/javax/enterprise/cdi-api/1.2/cdi-api-1.2.jar:/home/user/.m2/repository/javax/el/javax.el-api/3.0.0/javax.el-api-3.0.0.jar:/home/user/.m2/repository/javax/interceptor/javax.interceptor-api/1.2/javax.interceptor-api-1.2.jar:/home/user/.m2/repository/javax/inject/javax.inject/1/javax.inject-1.jar:/home/user/.m2/repository/org/apache/hadoop/hadoop-ozone-csi/0.5.0-SNAPSHOT/hadoop-ozone-csi-0.5.0-SNAPSHOT.jar:/home/user/.m2/repository/com/google/protobuf/protobuf-java-util/3.5.1/protobuf-java-util-3.5.1.jar:/home/user/.m2/repository/io/grpc/grpc-netty/1.17.1/grpc-netty-1.17.1.jar:/home/user/.m2/repository/io/grpc/grpc-core/1.17.1/grpc-core-1.17.1.jar:/home/user/.m2/repository/io/grpc/grpc-context/1.17.1/grpc-context-1.17.1.jar:/home/user/.m2/repository/com/google/errorprone/error_prone_annotations/2.2.0/error_prone_annotations-2.2.0.jar:/home/user/.m2/repository/org/codehaus/mojo/animal-sniffer-annotations/1.17/animal-sniffer-annotations-1.17.jar:/home/user/.m2/repository/io/opencensus/opencensus-api/0.17.0/opencensus-api-0.17.0.jar:/home/user/.m2/repository/io/opencensus/opencensus-contrib-grpc-metrics/0.17.0/opencensus-contrib-grpc-metrics-0.17.0.jar:/home/user/.m2/repository/io/netty/netty-codec-http2/4.1.30.Final/netty-codec-http2-4.1.30.Final.jar:/home/user/.m2/repository/io/netty/netty-codec-http/4.1.30.Final/netty-codec-http-4.1.30.Final.jar:/home/user/.m2/repository/io/netty/netty-codec/4.1.30.Final/netty-codec-4.1.30.Final.jar:/home/user/.m2/repository/io/netty/netty-handler/4.1.30.Final/netty-handler-4.1.30.Final.jar:/home/user/.m2/repository/io/netty/netty-handler-proxy/4.1.30.Final/netty-handler-proxy-4.1.30.Final.jar:/home/user/.m2/repository/io/netty/netty-codec-socks/4.1.30.Final/netty-codec-socks-4.1.30.Final.jar:/home/user/.m2/repository/io/netty/netty-transport-native-epoll/4.1.30.Final/netty-transport-native-epoll-4.1.30.Final.jar:/home/user/.m2/repository/io/netty/netty-common/4.1.30.Final/netty-common-4.1.30.Final.jar:/home/user/.m2/repository/io/netty/netty-buffer/4.1.30.Final/netty-buffer-4.1.30.Final.jar:/home/user/.m2/repository/io/netty/netty-transport/4.1.30.Final/netty-transport-4.1.30.Final.jar:/home/user/.m2/repository/io/netty/netty-resolver/4.1.30.Final/netty-resolver-4.1.30.Final.jar:/home/user/.m2/repository/io/netty/netty-transport-native-unix-common/4.1.30.Final/netty-transport-native-unix-common-4.1.30.Final.jar:/home/user/.m2/repository/io/grpc/grpc-protobuf/1.17.1/grpc-protobuf-1.17.1.jar:/home/user/.m2/repository/com/google/api/grpc/proto-google-common-protos/1.0.0/proto-google-common-protos-1.0.0.jar:/home/user/.m2/repository/io/grpc/grpc-protobuf-lite/1.17.1/grpc-protobuf-lite-1.17.1.jar:/home/user/.m2/repository/io/grpc/grpc-stub/1.17.1/grpc-stub-1.17.1.jar:/home/user/.m2/repository/org/apache/hadoop/hadoop-ozone-recon/0.5.0-SNAPSHOT/hadoop-ozone-recon-0.5.0-SNAPSHOT.jar:/home/user/.m2/repository/org/apache/hadoop/hadoop-ozone-reconcodegen/0.5.0-SNAPSHOT/hadoop-ozone-reconcodegen-0.5.0-SNAPSHOT.jar:/home/user/.m2/repository/com/google/inject/extensions/guice-multibindings/4.0/guice-multibindings-4.0.jar:/home/user/.m2/repository/com/google/inject/guice/4.0/guice-4.0.jar:/home/user/.m2/repository/aopalliance/aopalliance/1.0/aopalliance-1.0.jar:/home/user/.m2/repository/com/google/inject/extensions/guice-servlet/4.0/guice-servlet-4.0.jar:/home/user/.m2/repository/org/glassfish/jersey/containers/jersey-container-servlet/2.27/jersey-container-servlet-2.27.jar:/home/user/.m2/repository/org/glassfish/hk2/guice-bridge/2.5.0/guice-bridge-2.5.0.jar:/home/user/.m2/repository/org/glassfish/jersey/core/jersey-server/2.27/jersey-server-2.27.jar:/home/user/.m2/repository/org/glassfish/jersey/core/jersey-client/2.27/jersey-client-2.27.jar:/home/user/.m2/repository/org/glassfish/jersey/media/jersey-media-jaxb/2.27/jersey-media-jaxb-2.27.jar:/home/user/.m2/repository/javax/validation/validation-api/1.1.0.Final/validation-api-1.1.0.Final.jar:/home/user/.m2/repository/org/glassfish/jersey/media/jersey-media-json-jackson/2.27/jersey-media-json-jackson-2.27.jar:/home/user/.m2/repository/org/glassfish/jersey/ext/jersey-entity-filtering/2.27/jersey-entity-filtering-2.27.jar:/home/user/.m2/repository/com/google/inject/extensions/guice-assistedinject/4.0/guice-assistedinject-4.0.jar:/home/user/.m2/repository/org/jooq/jooq/3.11.10/jooq-3.11.10.jar:/home/user/.m2/repository/org/jooq/jooq-meta/3.11.10/jooq-meta-3.11.10.jar:/home/user/.m2/repository/org/jooq/jooq-codegen/3.11.10/jooq-codegen-3.11.10.jar:/home/user/.m2/repository/com/jolbox/bonecp/0.8.0.RELEASE/bonecp-0.8.0.RELEASE.jar:/home/user/.m2/repository/org/springframework/spring-jdbc/5.1.3.RELEASE/spring-jdbc-5.1.3.RELEASE.jar:/home/user/.m2/repository/org/springframework/spring-beans/5.1.3.RELEASE/spring-beans-5.1.3.RELEASE.jar:/home/user/.m2/repository/org/springframework/spring-core/5.1.3.RELEASE/spring-core-5.1.3.RELEASE.jar:/home/user/.m2/repository/org/springframework/spring-jcl/5.1.3.RELEASE/spring-jcl-5.1.3.RELEASE.jar:/home/user/.m2/repository/org/springframework/spring-tx/5.1.3.RELEASE/spring-tx-5.1.3.RELEASE.jar:/home/user/.m2/repository/org/mockito/mockito-core/2.15.0/mockito-core-2.15.0.jar:/home/user/.m2/repository/net/bytebuddy/byte-buddy/1.7.9/byte-buddy-1.7.9.jar:/home/user/.m2/repository/net/bytebuddy/byte-buddy-agent/1.7.9/byte-buddy-agent-1.7.9.jar:/home/user/.m2/repository/org/objenesis/objenesis/1.0/objenesis-1.0.jar:"/>
    <property name="java.vm.vendor" value="IcedTea"/>
    <property name="sun.arch.data.model" value="64"/>
    <property name="test.build.dir" value="/tmp/workdir/hadoop-ozone/tools/target/test-dir"/>
    <property name="test.cache.data" value=""/>
    <property name="java.vendor.url" value="https://icedtea.classpath.org"/>
    <property name="user.timezone" value=""/>
    <property name="java.vm.specification.version" value="1.8"/>
    <property name="os.name" value="Linux"/>
    <property name="test.build.data" value="/tmp/workdir/hadoop-ozone/tools/target/test-dir"/>
    <property name="user.country" value="US"/>
    <property name="sun.java.launcher" value="SUN_STANDARD"/>
    <property name="sun.boot.library.path" value="/usr/lib/jvm/java-1.8-openjdk/jre/lib/amd64"/>
    <property name="sun.java.command" value="/tmp/workdir/hadoop-ozone/tools/target/surefire/surefirebooter2693785062271917346.jar /tmp/workdir/hadoop-ozone/tools/target/surefire 2019-09-17T10-08-38_374-jvmRun1 surefire6020367234854784785tmp surefire_1103454240915076246397tmp"/>
    <property name="test" value="!TestMiniChaosOzoneCluster"/>
    <property name="surefire.test.class.path" value="/tmp/workdir/hadoop-ozone/tools/target/test-classes:/tmp/workdir/hadoop-ozone/tools/target/classes:/home/user/.m2/repository/org/apache/hadoop/hadoop-ozone-ozone-manager/0.5.0-SNAPSHOT/hadoop-ozone-ozone-manager-0.5.0-SNAPSHOT.jar:/home/user/.m2/repository/org/apache/hadoop/hadoop-hdds-docs/0.5.0-SNAPSHOT/hadoop-hdds-docs-0.5.0-SNAPSHOT.jar:/home/user/.m2/repository/org/bouncycastle/bcprov-jdk15on/1.60/bcprov-jdk15on-1.60.jar:/home/user/.m2/repository/org/apache/hadoop/hadoop-ozone-common/0.5.0-SNAPSHOT/hadoop-ozone-common-0.5.0-SNAPSHOT.jar:/home/user/.m2/repository/org/apache/commons/commons-compress/1.4.1/commons-compress-1.4.1.jar:/home/user/.m2/repository/org/tukaani/xz/1.0/xz-1.0.jar:/home/user/.m2/repository/org/apache/hadoop/hadoop-hdfs-client/3.2.0/hadoop-hdfs-client-3.2.0.jar:/home/user/.m2/repository/com/fasterxml/jackson/core/jackson-annotations/2.9.5/jackson-annotations-2.9.5.jar:/home/user/.m2/repository/org/apache/hadoop/hadoop-hdds-common/0.5.0-SNAPSHOT/hadoop-hdds-common-0.5.0-SNAPSHOT.jar:/home/user/.m2/repository/org/apache/hadoop/hadoop-hdds-config/0.5.0-SNAPSHOT/hadoop-hdds-config-0.5.0-SNAPSHOT.jar:/home/user/.m2/repository/javax/annotation/javax.annotation-api/1.2/javax.annotation-api-1.2.jar:/home/user/.m2/repository/org/apache/ratis/ratis-server/0.4.0-78e95b9-SNAPSHOT/ratis-server-0.4.0-78e95b9-SNAPSHOT.jar:/home/user/.m2/repository/org/apache/ratis/ratis-thirdparty-misc/0.2.0/ratis-thirdparty-misc-0.2.0.jar:/home/user/.m2/repository/org/apache/ratis/ratis-proto/0.4.0-78e95b9-SNAPSHOT/ratis-proto-0.4.0-78e95b9-SNAPSHOT.jar:/home/user/.m2/repository/org/apache/ratis/ratis-common/0.4.0-78e95b9-SNAPSHOT/ratis-common-0.4.0-78e95b9-SNAPSHOT.jar:/home/user/.m2/repository/org/apache/ratis/ratis-client/0.4.0-78e95b9-SNAPSHOT/ratis-client-0.4.0-78e95b9-SNAPSHOT.jar:/home/user/.m2/repository/org/apache/ratis/ratis-metrics/0.4.0-78e95b9-SNAPSHOT/ratis-metrics-0.4.0-78e95b9-SNAPSHOT.jar:/home/user/.m2/repository/com/github/joshelser/dropwizard-metrics-hadoop-metrics2-reporter/0.1.2/dropwizard-metrics-hadoop-metrics2-reporter-0.1.2.jar:/home/user/.m2/repository/io/dropwizard/metrics/metrics-jvm/3.2.5/metrics-jvm-3.2.5.jar:/home/user/.m2/repository/io/dropwizard/metrics/metrics-ganglia/3.2.5/metrics-ganglia-3.2.5.jar:/home/user/.m2/repository/info/ganglia/gmetric4j/gmetric4j/1.0.7/gmetric4j-1.0.7.jar:/home/user/.m2/repository/org/apache/ratis/ratis-netty/0.4.0-78e95b9-SNAPSHOT/ratis-netty-0.4.0-78e95b9-SNAPSHOT.jar:/home/user/.m2/repository/org/apache/ratis/ratis-grpc/0.4.0-78e95b9-SNAPSHOT/ratis-grpc-0.4.0-78e95b9-SNAPSHOT.jar:/home/user/.m2/repository/org/rocksdb/rocksdbjni/6.0.1/rocksdbjni-6.0.1.jar:/home/user/.m2/repository/org/apache/logging/log4j/log4j-api/2.11.0/log4j-api-2.11.0.jar:/home/user/.m2/repository/org/apache/logging/log4j/log4j-core/2.11.0/log4j-core-2.11.0.jar:/home/user/.m2/repository/com/lmax/disruptor/3.4.2/disruptor-3.4.2.jar:/home/user/.m2/repository/org/apache/commons/commons-pool2/2.6.0/commons-pool2-2.6.0.jar:/home/user/.m2/repository/org/bouncycastle/bcpkix-jdk15on/1.60/bcpkix-jdk15on-1.60.jar:/home/user/.m2/repository/commons-validator/commons-validator/1.6/commons-validator-1.6.jar:/home/user/.m2/repository/commons-digester/commons-digester/1.8.1/commons-digester-1.8.1.jar:/home/user/.m2/repository/io/jaegertracing/jaeger-client/0.33.1/jaeger-client-0.33.1.jar:/home/user/.m2/repository/io/jaegertracing/jaeger-thrift/0.33.1/jaeger-thrift-0.33.1.jar:/home/user/.m2/repository/org/apache/thrift/libthrift/0.11.0/libthrift-0.11.0.jar:/home/user/.m2/repository/com/squareup/okhttp3/okhttp/3.9.0/okhttp-3.9.0.jar:/home/user/.m2/repository/com/squareup/okio/okio/1.13.0/okio-1.13.0.jar:/home/user/.m2/repository/io/jaegertracing/jaeger-core/0.33.1/jaeger-core-0.33.1.jar:/home/user/.m2/repository/io/jaegertracing/jaeger-tracerresolver/0.33.1/jaeger-tracerresolver-0.33.1.jar:/home/user/.m2/repository/io/opentracing/contrib/opentracing-tracerresolver/0.1.5/opentracing-tracerresolver-0.1.5.jar:/home/user/.m2/repository/io/opentracing/opentracing-util/0.31.0/opentracing-util-0.31.0.jar:/home/user/.m2/repository/io/opentracing/opentracing-api/0.31.0/opentracing-api-0.31.0.jar:/home/user/.m2/repository/io/opentracing/opentracing-noop/0.31.0/opentracing-noop-0.31.0.jar:/home/user/.m2/repository/org/yaml/snakeyaml/1.16/snakeyaml-1.16.jar:/home/user/.m2/repository/org/apache/hadoop/hadoop-hdds-container-service/0.5.0-SNAPSHOT/hadoop-hdds-container-service-0.5.0-SNAPSHOT.jar:/home/user/.m2/repository/org/apache/hadoop/hadoop-hdds-client/0.5.0-SNAPSHOT/hadoop-hdds-client-0.5.0-SNAPSHOT.jar:/home/user/.m2/repository/org/apache/hadoop/hadoop-hdds-tools/0.5.0-SNAPSHOT/hadoop-hdds-tools-0.5.0-SNAPSHOT.jar:/home/user/.m2/repository/org/xerial/sqlite-jdbc/3.25.2/sqlite-jdbc-3.25.2.jar:/home/user/.m2/repository/org/apache/hadoop/hadoop-hdds-server-scm/0.5.0-SNAPSHOT/hadoop-hdds-server-scm-0.5.0-SNAPSHOT.jar:/home/user/.m2/repository/org/hamcrest/hamcrest-all/1.3/hamcrest-all-1.3.jar:/home/user/.m2/repository/info/picocli/picocli/3.9.6/picocli-3.9.6.jar:/home/user/.m2/repository/com/google/protobuf/protobuf-java/2.5.0/protobuf-java-2.5.0.jar:/home/user/.m2/repository/com/google/guava/guava/11.0.2/guava-11.0.2.jar:/home/user/.m2/repository/org/apache/hadoop/hadoop-ozone-client/0.5.0-SNAPSHOT/hadoop-ozone-client-0.5.0-SNAPSHOT.jar:/tmp/workdir/hadoop-ozone/ozonefs/target/classes:/home/user/.m2/repository/org/apache/hadoop/hadoop-hdds-server-framework/0.5.0-SNAPSHOT/hadoop-hdds-server-framework-0.5.0-SNAPSHOT.jar:/home/user/.m2/repository/org/apache/hadoop/hadoop-common/3.2.0/hadoop-common-3.2.0.jar:/home/user/.m2/repository/org/apache/hadoop/hadoop-annotations/3.2.0/hadoop-annotations-3.2.0.jar:/usr/lib/jvm/java-1.8-openjdk/jre/../lib/tools.jar:/home/user/.m2/repository/commons-cli/commons-cli/1.2/commons-cli-1.2.jar:/home/user/.m2/repository/org/apache/commons/commons-math3/3.1.1/commons-math3-3.1.1.jar:/home/user/.m2/repository/org/apache/httpcomponents/httpclient/4.5.2/httpclient-4.5.2.jar:/home/user/.m2/repository/org/apache/httpcomponents/httpcore/4.4.4/httpcore-4.4.4.jar:/home/user/.m2/repository/commons-codec/commons-codec/1.11/commons-codec-1.11.jar:/home/user/.m2/repository/commons-io/commons-io/2.5/commons-io-2.5.jar:/home/user/.m2/repository/commons-net/commons-net/3.6/commons-net-3.6.jar:/home/user/.m2/repository/commons-collections/commons-collections/3.2.2/commons-collections-3.2.2.jar:/home/user/.m2/repository/javax/servlet/javax.servlet-api/3.1.0/javax.servlet-api-3.1.0.jar:/home/user/.m2/repository/org/eclipse/jetty/jetty-server/9.3.24.v20180605/jetty-server-9.3.24.v20180605.jar:/home/user/.m2/repository/org/eclipse/jetty/jetty-http/9.3.24.v20180605/jetty-http-9.3.24.v20180605.jar:/home/user/.m2/repository/org/eclipse/jetty/jetty-io/9.3.24.v20180605/jetty-io-9.3.24.v20180605.jar:/home/user/.m2/repository/org/eclipse/jetty/jetty-util/9.3.24.v20180605/jetty-util-9.3.24.v20180605.jar:/home/user/.m2/repository/org/eclipse/jetty/jetty-servlet/9.3.24.v20180605/jetty-servlet-9.3.24.v20180605.jar:/home/user/.m2/repository/org/eclipse/jetty/jetty-security/9.3.24.v20180605/jetty-security-9.3.24.v20180605.jar:/home/user/.m2/repository/org/eclipse/jetty/jetty-webapp/9.3.24.v20180605/jetty-webapp-9.3.24.v20180605.jar:/home/user/.m2/repository/org/eclipse/jetty/jetty-xml/9.3.24.v20180605/jetty-xml-9.3.24.v20180605.jar:/home/user/.m2/repository/javax/servlet/jsp/jsp-api/2.1/jsp-api-2.1.jar:/home/user/.m2/repository/com/sun/jersey/jersey-core/1.19/jersey-core-1.19.jar:/home/user/.m2/repository/javax/ws/rs/jsr311-api/1.1.1/jsr311-api-1.1.1.jar:/home/user/.m2/repository/com/sun/jersey/jersey-servlet/1.19/jersey-servlet-1.19.jar:/home/user/.m2/repository/com/sun/jersey/jersey-json/1.19/jersey-json-1.19.jar:/home/user/.m2/repository/org/codehaus/jettison/jettison/1.1/jettison-1.1.jar:/home/user/.m2/repository/com/sun/xml/bind/jaxb-impl/2.3.0.1/jaxb-impl-2.3.0.1.jar:/home/user/.m2/repository/org/codehaus/jackson/jackson-core-asl/1.9.13/jackson-core-asl-1.9.13.jar:/home/user/.m2/repository/org/codehaus/jackson/jackson-mapper-asl/1.9.13/jackson-mapper-asl-1.9.13.jar:/home/user/.m2/repository/org/codehaus/jackson/jackson-jaxrs/1.9.13/jackson-jaxrs-1.9.13.jar:/home/user/.m2/repository/org/codehaus/jackson/jackson-xc/1.9.13/jackson-xc-1.9.13.jar:/home/user/.m2/repository/com/sun/jersey/jersey-server/1.19/jersey-server-1.19.jar:/home/user/.m2/repository/commons-logging/commons-logging/1.1.3/commons-logging-1.1.3.jar:/home/user/.m2/repository/log4j/log4j/1.2.17/log4j-1.2.17.jar:/home/user/.m2/repository/commons-beanutils/commons-beanutils/1.9.3/commons-beanutils-1.9.3.jar:/home/user/.m2/repository/org/apache/commons/commons-configuration2/2.1.1/commons-configuration2-2.1.1.jar:/home/user/.m2/repository/org/apache/commons/commons-lang3/3.7/commons-lang3-3.7.jar:/home/user/.m2/repository/org/apache/commons/commons-text/1.4/commons-text-1.4.jar:/home/user/.m2/repository/org/slf4j/slf4j-api/1.7.25/slf4j-api-1.7.25.jar:/home/user/.m2/repository/org/slf4j/slf4j-log4j12/1.7.25/slf4j-log4j12-1.7.25.jar:/home/user/.m2/repository/org/apache/avro/avro/1.7.7/avro-1.7.7.jar:/home/user/.m2/repository/com/thoughtworks/paranamer/paranamer/2.3/paranamer-2.3.jar:/home/user/.m2/repository/org/xerial/snappy/snappy-java/1.0.5/snappy-java-1.0.5.jar:/home/user/.m2/repository/com/google/re2j/re2j/1.1/re2j-1.1.jar:/home/user/.m2/repository/com/google/code/gson/gson/2.2.4/gson-2.2.4.jar:/home/user/.m2/repository/org/apache/hadoop/hadoop-auth/3.2.0/hadoop-auth-3.2.0.jar:/home/user/.m2/repository/com/nimbusds/nimbus-jose-jwt/4.41.1/nimbus-jose-jwt-4.41.1.jar:/home/user/.m2/repository/com/github/stephenc/jcip/jcip-annotations/1.0-1/jcip-annotations-1.0-1.jar:/home/user/.m2/repository/net/minidev/json-smart/2.3/json-smart-2.3.jar:/home/user/.m2/repository/net/minidev/accessors-smart/1.2/accessors-smart-1.2.jar:/home/user/.m2/repository/org/apache/curator/curator-framework/2.12.0/curator-framework-2.12.0.jar:/home/user/.m2/repository/com/jcraft/jsch/0.1.54/jsch-0.1.54.jar:/home/user/.m2/repository/org/apache/curator/curator-client/2.12.0/curator-client-2.12.0.jar:/home/user/.m2/repository/org/apache/curator/curator-recipes/2.12.0/curator-recipes-2.12.0.jar:/home/user/.m2/repository/com/google/code/findbugs/jsr305/3.0.0/jsr305-3.0.0.jar:/home/user/.m2/repository/org/apache/htrace/htrace-core4/4.1.0-incubating/htrace-core4-4.1.0-incubating.jar:/home/user/.m2/repository/org/apache/zookeeper/zookeeper/3.4.13/zookeeper-3.4.13.jar:/home/user/.m2/repository/org/apache/yetus/audience-annotations/0.5.0/audience-annotations-0.5.0.jar:/home/user/.m2/repository/org/apache/kerby/kerb-simplekdc/1.0.1/kerb-simplekdc-1.0.1.jar:/home/user/.m2/repository/org/apache/kerby/kerb-client/1.0.1/kerb-client-1.0.1.jar:/home/user/.m2/repository/org/apache/kerby/kerby-config/1.0.1/kerby-config-1.0.1.jar:/home/user/.m2/repository/org/apache/kerby/kerb-core/1.0.1/kerb-core-1.0.1.jar:/home/user/.m2/repository/org/apache/kerby/kerby-pkix/1.0.1/kerby-pkix-1.0.1.jar:/home/user/.m2/repository/org/apache/kerby/kerby-asn1/1.0.1/kerby-asn1-1.0.1.jar:/home/user/.m2/repository/org/apache/kerby/kerby-util/1.0.1/kerby-util-1.0.1.jar:/home/user/.m2/repository/org/apache/kerby/kerb-common/1.0.1/kerb-common-1.0.1.jar:/home/user/.m2/repository/org/apache/kerby/kerb-crypto/1.0.1/kerb-crypto-1.0.1.jar:/home/user/.m2/repository/org/apache/kerby/kerb-util/1.0.1/kerb-util-1.0.1.jar:/home/user/.m2/repository/org/apache/kerby/token-provider/1.0.1/token-provider-1.0.1.jar:/home/user/.m2/repository/org/apache/kerby/kerb-admin/1.0.1/kerb-admin-1.0.1.jar:/home/user/.m2/repository/org/apache/kerby/kerb-server/1.0.1/kerb-server-1.0.1.jar:/home/user/.m2/repository/org/apache/kerby/kerb-identity/1.0.1/kerb-identity-1.0.1.jar:/home/user/.m2/repository/org/apache/kerby/kerby-xdr/1.0.1/kerby-xdr-1.0.1.jar:/home/user/.m2/repository/com/fasterxml/jackson/core/jackson-databind/2.9.5/jackson-databind-2.9.5.jar:/home/user/.m2/repository/com/fasterxml/jackson/core/jackson-core/2.9.5/jackson-core-2.9.5.jar:/home/user/.m2/repository/org/codehaus/woodstox/stax2-api/3.1.4/stax2-api-3.1.4.jar:/home/user/.m2/repository/com/fasterxml/woodstox/woodstox-core/5.0.3/woodstox-core-5.0.3.jar:/home/user/.m2/repository/dnsjava/dnsjava/2.1.7/dnsjava-2.1.7.jar:/home/user/.m2/repository/org/apache/hadoop/hadoop-hdfs/3.2.0/hadoop-hdfs-3.2.0.jar:/home/user/.m2/repository/org/eclipse/jetty/jetty-util-ajax/9.3.24.v20180605/jetty-util-ajax-9.3.24.v20180605.jar:/home/user/.m2/repository/commons-daemon/commons-daemon/1.0.13/commons-daemon-1.0.13.jar:/home/user/.m2/repository/io/netty/netty/3.10.5.Final/netty-3.10.5.Final.jar:/home/user/.m2/repository/io/netty/netty-all/4.0.52.Final/netty-all-4.0.52.Final.jar:/home/user/.m2/repository/org/fusesource/leveldbjni/leveldbjni-all/1.8/leveldbjni-all-1.8.jar:/home/user/.m2/repository/com/sun/xml/bind/jaxb-core/2.3.0.1/jaxb-core-2.3.0.1.jar:/home/user/.m2/repository/javax/xml/bind/jaxb-api/2.3.0/jaxb-api-2.3.0.jar:/home/user/.m2/repository/javax/activation/activation/1.1.1/activation-1.1.1.jar:/home/user/.m2/repository/io/dropwizard/metrics/metrics-core/3.2.4/metrics-core-3.2.4.jar:/home/user/.m2/repository/org/openjdk/jmh/jmh-core/1.19/jmh-core-1.19.jar:/home/user/.m2/repository/net/sf/jopt-simple/jopt-simple/4.6/jopt-simple-4.6.jar:/home/user/.m2/repository/org/openjdk/jmh/jmh-generator-annprocess/1.19/jmh-generator-annprocess-1.19.jar:/home/user/.m2/repository/com/google/code/findbugs/findbugs/3.0.1/findbugs-3.0.1.jar:/home/user/.m2/repository/net/jcip/jcip-annotations/1.0/jcip-annotations-1.0.jar:/home/user/.m2/repository/com/google/code/findbugs/bcel-findbugs/6.0/bcel-findbugs-6.0.jar:/home/user/.m2/repository/com/google/code/findbugs/jFormatString/2.0.1/jFormatString-2.0.1.jar:/home/user/.m2/repository/dom4j/dom4j/1.6.1/dom4j-1.6.1.jar:/home/user/.m2/repository/xml-apis/xml-apis/1.0.b2/xml-apis-1.0.b2.jar:/home/user/.m2/repository/org/ow2/asm/asm-debug-all/5.0.2/asm-debug-all-5.0.2.jar:/home/user/.m2/repository/org/ow2/asm/asm-commons/5.0.2/asm-commons-5.0.2.jar:/home/user/.m2/repository/org/ow2/asm/asm-tree/5.0.2/asm-tree-5.0.2.jar:/home/user/.m2/repository/org/ow2/asm/asm/5.0.4/asm-5.0.4.jar:/home/user/.m2/repository/commons-lang/commons-lang/2.6/commons-lang-2.6.jar:/home/user/.m2/repository/com/apple/AppleJavaExtensions/1.4/AppleJavaExtensions-1.4.jar:/home/user/.m2/repository/jaxen/jaxen/1.1.6/jaxen-1.1.6.jar:/home/user/.m2/repository/junit/junit/4.11/junit-4.11.jar:/home/user/.m2/repository/org/hamcrest/hamcrest-core/1.3/hamcrest-core-1.3.jar:/home/user/.m2/repository/org/apache/hadoop/hadoop-common/3.2.0/hadoop-common-3.2.0-tests.jar:/tmp/workdir/hadoop-ozone/integration-test/target/test-classes:/home/user/.m2/repository/org/apache/hadoop/hadoop-ozone-s3gateway/0.5.0-SNAPSHOT/hadoop-ozone-s3gateway-0.5.0-SNAPSHOT.jar:/home/user/.m2/repository/org/jboss/weld/servlet/weld-servlet/2.4.7.Final/weld-servlet-2.4.7.Final.jar:/home/user/.m2/repository/org/glassfish/jersey/containers/jersey-container-servlet-core/2.27/jersey-container-servlet-core-2.27.jar:/home/user/.m2/repository/org/glassfish/hk2/external/javax.inject/2.5.0-b42/javax.inject-2.5.0-b42.jar:/home/user/.m2/repository/org/glassfish/jersey/core/jersey-common/2.27/jersey-common-2.27.jar:/home/user/.m2/repository/org/glassfish/hk2/osgi-resource-locator/1.0.1/osgi-resource-locator-1.0.1.jar:/home/user/.m2/repository/javax/ws/rs/javax.ws.rs-api/2.1/javax.ws.rs-api-2.1.jar:/home/user/.m2/repository/org/glassfish/jersey/ext/cdi/jersey-cdi1x/2.27/jersey-cdi1x-2.27.jar:/home/user/.m2/repository/org/glassfish/jersey/inject/jersey-hk2/2.27/jersey-hk2-2.27.jar:/home/user/.m2/repository/org/glassfish/hk2/hk2-locator/2.5.0-b42/hk2-locator-2.5.0-b42.jar:/home/user/.m2/repository/org/javassist/javassist/3.22.0-CR2/javassist-3.22.0-CR2.jar:/home/user/.m2/repository/org/glassfish/hk2/hk2-api/2.5.0/hk2-api-2.5.0.jar:/home/user/.m2/repository/org/glassfish/hk2/external/jakarta.inject/2.5.0/jakarta.inject-2.5.0.jar:/home/user/.m2/repository/org/glassfish/hk2/hk2-utils/2.5.0/hk2-utils-2.5.0.jar:/home/user/.m2/repository/jakarta/annotation/jakarta.annotation-api/1.3.4/jakarta.annotation-api-1.3.4.jar:/home/user/.m2/repository/org/glassfish/hk2/external/aopalliance-repackaged/2.5.0/aopalliance-repackaged-2.5.0.jar:/home/user/.m2/repository/com/fasterxml/jackson/dataformat/jackson-dataformat-xml/2.9.0/jackson-dataformat-xml-2.9.0.jar:/home/user/.m2/repository/com/fasterxml/jackson/module/jackson-module-jaxb-annotations/2.9.5/jackson-module-jaxb-annotations-2.9.5.jar:/home/user/.m2/repository/javax/enterprise/cdi-api/1.2/cdi-api-1.2.jar:/home/user/.m2/repository/javax/el/javax.el-api/3.0.0/javax.el-api-3.0.0.jar:/home/user/.m2/repository/javax/interceptor/javax.interceptor-api/1.2/javax.interceptor-api-1.2.jar:/home/user/.m2/repository/javax/inject/javax.inject/1/javax.inject-1.jar:/home/user/.m2/repository/org/apache/hadoop/hadoop-ozone-csi/0.5.0-SNAPSHOT/hadoop-ozone-csi-0.5.0-SNAPSHOT.jar:/home/user/.m2/repository/com/google/protobuf/protobuf-java-util/3.5.1/protobuf-java-util-3.5.1.jar:/home/user/.m2/repository/io/grpc/grpc-netty/1.17.1/grpc-netty-1.17.1.jar:/home/user/.m2/repository/io/grpc/grpc-core/1.17.1/grpc-core-1.17.1.jar:/home/user/.m2/repository/io/grpc/grpc-context/1.17.1/grpc-context-1.17.1.jar:/home/user/.m2/repository/com/google/errorprone/error_prone_annotations/2.2.0/error_prone_annotations-2.2.0.jar:/home/user/.m2/repository/org/codehaus/mojo/animal-sniffer-annotations/1.17/animal-sniffer-annotations-1.17.jar:/home/user/.m2/repository/io/opencensus/opencensus-api/0.17.0/opencensus-api-0.17.0.jar:/home/user/.m2/repository/io/opencensus/opencensus-contrib-grpc-metrics/0.17.0/opencensus-contrib-grpc-metrics-0.17.0.jar:/home/user/.m2/repository/io/netty/netty-codec-http2/4.1.30.Final/netty-codec-http2-4.1.30.Final.jar:/home/user/.m2/repository/io/netty/netty-codec-http/4.1.30.Final/netty-codec-http-4.1.30.Final.jar:/home/user/.m2/repository/io/netty/netty-codec/4.1.30.Final/netty-codec-4.1.30.Final.jar:/home/user/.m2/repository/io/netty/netty-handler/4.1.30.Final/netty-handler-4.1.30.Final.jar:/home/user/.m2/repository/io/netty/netty-handler-proxy/4.1.30.Final/netty-handler-proxy-4.1.30.Final.jar:/home/user/.m2/repository/io/netty/netty-codec-socks/4.1.30.Final/netty-codec-socks-4.1.30.Final.jar:/home/user/.m2/repository/io/netty/netty-transport-native-epoll/4.1.30.Final/netty-transport-native-epoll-4.1.30.Final.jar:/home/user/.m2/repository/io/netty/netty-common/4.1.30.Final/netty-common-4.1.30.Final.jar:/home/user/.m2/repository/io/netty/netty-buffer/4.1.30.Final/netty-buffer-4.1.30.Final.jar:/home/user/.m2/repository/io/netty/netty-transport/4.1.30.Final/netty-transport-4.1.30.Final.jar:/home/user/.m2/repository/io/netty/netty-resolver/4.1.30.Final/netty-resolver-4.1.30.Final.jar:/home/user/.m2/repository/io/netty/netty-transport-native-unix-common/4.1.30.Final/netty-transport-native-unix-common-4.1.30.Final.jar:/home/user/.m2/repository/io/grpc/grpc-protobuf/1.17.1/grpc-protobuf-1.17.1.jar:/home/user/.m2/repository/com/google/api/grpc/proto-google-common-protos/1.0.0/proto-google-common-protos-1.0.0.jar:/home/user/.m2/repository/io/grpc/grpc-protobuf-lite/1.17.1/grpc-protobuf-lite-1.17.1.jar:/home/user/.m2/repository/io/grpc/grpc-stub/1.17.1/grpc-stub-1.17.1.jar:/home/user/.m2/repository/org/apache/hadoop/hadoop-ozone-recon/0.5.0-SNAPSHOT/hadoop-ozone-recon-0.5.0-SNAPSHOT.jar:/home/user/.m2/repository/org/apache/hadoop/hadoop-ozone-reconcodegen/0.5.0-SNAPSHOT/hadoop-ozone-reconcodegen-0.5.0-SNAPSHOT.jar:/home/user/.m2/repository/com/google/inject/extensions/guice-multibindings/4.0/guice-multibindings-4.0.jar:/home/user/.m2/repository/com/google/inject/guice/4.0/guice-4.0.jar:/home/user/.m2/repository/aopalliance/aopalliance/1.0/aopalliance-1.0.jar:/home/user/.m2/repository/com/google/inject/extensions/guice-servlet/4.0/guice-servlet-4.0.jar:/home/user/.m2/repository/org/glassfish/jersey/containers/jersey-container-servlet/2.27/jersey-container-servlet-2.27.jar:/home/user/.m2/repository/org/glassfish/hk2/guice-bridge/2.5.0/guice-bridge-2.5.0.jar:/home/user/.m2/repository/org/glassfish/jersey/core/jersey-server/2.27/jersey-server-2.27.jar:/home/user/.m2/repository/org/glassfish/jersey/core/jersey-client/2.27/jersey-client-2.27.jar:/home/user/.m2/repository/org/glassfish/jersey/media/jersey-media-jaxb/2.27/jersey-media-jaxb-2.27.jar:/home/user/.m2/repository/javax/validation/validation-api/1.1.0.Final/validation-api-1.1.0.Final.jar:/home/user/.m2/repository/org/glassfish/jersey/media/jersey-media-json-jackson/2.27/jersey-media-json-jackson-2.27.jar:/home/user/.m2/repository/org/glassfish/jersey/ext/jersey-entity-filtering/2.27/jersey-entity-filtering-2.27.jar:/home/user/.m2/repository/com/google/inject/extensions/guice-assistedinject/4.0/guice-assistedinject-4.0.jar:/home/user/.m2/repository/org/jooq/jooq/3.11.10/jooq-3.11.10.jar:/home/user/.m2/repository/org/jooq/jooq-meta/3.11.10/jooq-meta-3.11.10.jar:/home/user/.m2/repository/org/jooq/jooq-codegen/3.11.10/jooq-codegen-3.11.10.jar:/home/user/.m2/repository/com/jolbox/bonecp/0.8.0.RELEASE/bonecp-0.8.0.RELEASE.jar:/home/user/.m2/repository/org/springframework/spring-jdbc/5.1.3.RELEASE/spring-jdbc-5.1.3.RELEASE.jar:/home/user/.m2/repository/org/springframework/spring-beans/5.1.3.RELEASE/spring-beans-5.1.3.RELEASE.jar:/home/user/.m2/repository/org/springframework/spring-core/5.1.3.RELEASE/spring-core-5.1.3.RELEASE.jar:/home/user/.m2/repository/org/springframework/spring-jcl/5.1.3.RELEASE/spring-jcl-5.1.3.RELEASE.jar:/home/user/.m2/repository/org/springframework/spring-tx/5.1.3.RELEASE/spring-tx-5.1.3.RELEASE.jar:/home/user/.m2/repository/org/mockito/mockito-core/2.15.0/mockito-core-2.15.0.jar:/home/user/.m2/repository/net/bytebuddy/byte-buddy/1.7.9/byte-buddy-1.7.9.jar:/home/user/.m2/repository/net/bytebuddy/byte-buddy-agent/1.7.9/byte-buddy-agent-1.7.9.jar:/home/user/.m2/repository/org/objenesis/objenesis/1.0/objenesis-1.0.jar:"/>
    <property name="sun.cpu.endian" value="little"/>
    <property name="user.home" value="/home/user"/>
    <property name="user.language" value="en"/>
    <property name="java.specification.vendor" value="Oracle Corporation"/>
    <property name="java.home" value="/usr/lib/jvm/java-1.8-openjdk/jre"/>
    <property name="java.security.krb5.conf" value="/tmp/workdir/hadoop-ozone/tools/target/test-classes/krb5.conf"/>
    <property name="basedir" value="/tmp/workdir/hadoop-ozone/tools"/>
    <property name="file.separator" value="/"/>
    <property name="line.separator" value="&#10;"/>
    <property name="java.vm.specification.vendor" value="Oracle Corporation"/>
    <property name="java.specification.name" value="Java Platform API Specification"/>
    <property name="java.awt.graphicsenv" value="sun.awt.X11GraphicsEnvironment"/>
    <property name="surefire.real.class.path" value="/tmp/workdir/hadoop-ozone/tools/target/surefire/surefirebooter2693785062271917346.jar"/>
    <property name="hadoop.log.dir" value="/tmp/workdir/hadoop-ozone/tools/target/log"/>
    <property name="sun.boot.class.path" value="/usr/lib/jvm/java-1.8-openjdk/jre/lib/resources.jar:/usr/lib/jvm/java-1.8-openjdk/jre/lib/rt.jar:/usr/lib/jvm/java-1.8-openjdk/jre/lib/sunrsasign.jar:/usr/lib/jvm/java-1.8-openjdk/jre/lib/jsse.jar:/usr/lib/jvm/java-1.8-openjdk/jre/lib/jce.jar:/usr/lib/jvm/java-1.8-openjdk/jre/lib/charsets.jar:/usr/lib/jvm/java-1.8-openjdk/jre/lib/jfr.jar:/usr/lib/jvm/java-1.8-openjdk/jre/classes"/>
    <property name="sun.management.compiler" value="HotSpot 64-Bit Tiered Compilers"/>
    <property name="java.runtime.version" value="1.8.0_212-b04"/>
    <property name="java.net.preferIPv4Stack" value="true"/>
    <property name="user.name" value="jenkins1000"/>
    <property name="path.separator" value=":"/>
    <property name="java.security.egd" value="file:///dev/urandom"/>
    <property name="os.version" value="3.10.0-957.12.2.el7.x86_64"/>
    <property name="java.endorsed.dirs" value="/usr/lib/jvm/java-1.8-openjdk/jre/lib/endorsed"/>
    <property name="java.runtime.name" value="OpenJDK Runtime Environment"/>
    <property name="file.encoding" value="UTF-8"/>
    <property name="java.vm.name" value="OpenJDK 64-Bit Server VM"/>
    <property name="test.build.webapps" value=""/>
    <property name="localRepository" value="/home/user/.m2/repository"/>
    <property name="java.vendor.url.bug" value="https://icedtea.classpath.org/bugzilla"/>
    <property name="java.io.tmpdir" value="/tmp"/>
    <property name="require.test.libhadoop" value=""/>
    <property name="java.version" value="1.8.0_212"/>
    <property name="user.dir" value="/tmp/workdir/hadoop-ozone/tools"/>
    <property name="os.arch" value="amd64"/>
    <property name="java.vm.specification.name" value="Java Virtual Machine Specification"/>
    <property name="test.build.classes" value="/tmp/workdir/hadoop-ozone/tools/target/test-classes"/>
    <property name="java.awt.printerjob" value="sun.print.PSPrinterJob"/>
    <property name="sun.os.patch.level" value="unknown"/>
    <property name="hadoop.tmp.dir" value="/tmp/workdir/hadoop-ozone/tools/target/tmp"/>
    <property name="java.library.path" value="/usr/lib/jvm/java-1.8-openjdk/jre/lib/amd64/server:/usr/lib/jvm/java-1.8-openjdk/jre/lib/amd64:/usr/lib/jvm/java-1.8-openjdk/jre/../lib/amd64:/tmp/workdir/hadoop-ozone/tools/target/native/target/usr/local/lib:/tmp/workdir/hadoop-ozone/tools/../../hadoop-common-project/hadoop-common/target/native/target/usr/local/lib:/usr/java/packages/lib/amd64:/usr/lib64:/lib64:/lib:/usr/lib"/>
    <property name="java.vm.info" value="mixed mode"/>
    <property name="java.vendor" value="IcedTea"/>
    <property name="java.vm.version" value="25.212-b04"/>
    <property name="java.ext.dirs" value="/usr/lib/jvm/java-1.8-openjdk/jre/lib/ext:/usr/java/packages/lib/ext"/>
    <property name="sun.io.unicode.encoding" value="UnicodeLittle"/>
    <property name="java.class.version" value="52.0"/>
  </properties>
  <testcase name="testRestart" classname="org.apache.hadoop.ozone.freon.TestFreonWithPipelineDestroy" time="817.387">
    <error message="Allocated 0 blocks. Requested 1 blocks" type="INTERNAL_ERROR org.apache.hadoop.ozone.om.exceptions.OMException">INTERNAL_ERROR org.apache.hadoop.ozone.om.exceptions.OMException: Allocated 0 blocks. Requested 1 blocks
	at org.apache.hadoop.ozone.om.protocolPB.OzoneManagerProtocolClientSideTranslatorPB.handleError(OzoneManagerProtocolClientSideTranslatorPB.java:726)
	at org.apache.hadoop.ozone.om.protocolPB.OzoneManagerProtocolClientSideTranslatorPB.allocateBlock(OzoneManagerProtocolClientSideTranslatorPB.java:758)
	at sun.reflect.NativeMethodAccessorImpl.invoke0(Native Method)
	at sun.reflect.NativeMethodAccessorImpl.invoke(NativeMethodAccessorImpl.java:62)
	at sun.reflect.DelegatingMethodAccessorImpl.invoke(DelegatingMethodAccessorImpl.java:43)
	at java.lang.reflect.Method.invoke(Method.java:498)
	at org.apache.hadoop.hdds.tracing.TraceAllMethod.invoke(TraceAllMethod.java:66)
	at com.sun.proxy.$Proxy37.allocateBlock(Unknown Source)
	at org.apache.hadoop.ozone.client.io.BlockOutputStreamEntryPool.allocateNewBlock(BlockOutputStreamEntryPool.java:248)
	at org.apache.hadoop.ozone.client.io.BlockOutputStreamEntryPool.allocateBlockIfNeeded(BlockOutputStreamEntryPool.java:296)
	at org.apache.hadoop.ozone.client.io.KeyOutputStream.handleWrite(KeyOutputStream.java:201)
	at org.apache.hadoop.ozone.client.io.KeyOutputStream.write(KeyOutputStream.java:193)
	at org.apache.hadoop.ozone.client.io.OzoneOutputStream.write(OzoneOutputStream.java:49)
	at org.apache.hadoop.ozone.freon.RandomKeyGenerator.createKey(RandomKeyGenerator.java:708)
	at org.apache.hadoop.ozone.freon.RandomKeyGenerator.access$1100(RandomKeyGenerator.java:88)
	at org.apache.hadoop.ozone.freon.RandomKeyGenerator$ObjectCreator.run(RandomKeyGenerator.java:615)
	at java.util.concurrent.Executors$RunnableAdapter.call(Executors.java:511)
	at java.util.concurrent.FutureTask.run(FutureTask.java:266)
	at java.util.concurrent.ThreadPoolExecutor.runWorker(ThreadPoolExecutor.java:1149)
	at java.util.concurrent.ThreadPoolExecutor$Worker.run(ThreadPoolExecutor.java:624)
	at java.lang.Thread.run(Thread.java:748)
</error>
    <system-out><![CDATA[2019-09-17 12:42:45,998 [main] WARN  server.ServerUtils (ServerUtils.java:getScmDbDir(145)) - ozone.scm.db.dirs is not configured. We recommend adding this setting. Falling back to ozone.metadata.dirs instead.
2019-09-17 12:42:46,120 [main] WARN  server.ServerUtils (ServerUtils.java:getScmDbDir(145)) - ozone.scm.db.dirs is not configured. We recommend adding this setting. Falling back to ozone.metadata.dirs instead.
2019-09-17 12:42:46,123 [main] WARN  server.ServerUtils (ServerUtils.java:getScmDbDir(145)) - ozone.scm.db.dirs is not configured. We recommend adding this setting. Falling back to ozone.metadata.dirs instead.
2019-09-17 12:42:46,141 [main] INFO  util.log (Log.java:initialized(192)) - Logging initialized @996ms
2019-09-17 12:42:46,252 [main] INFO  db.DBStoreBuilder (DBStoreBuilder.java:addTable(110)) - using custom profile for table: deletedBlocks
2019-09-17 12:42:46,253 [main] INFO  db.DBStoreBuilder (DBStoreBuilder.java:processTables(161)) - Using default column profile:DBProfile.DISK for Table:deletedBlocks
2019-09-17 12:42:46,253 [main] INFO  db.DBStoreBuilder (DBStoreBuilder.java:addTable(110)) - using custom profile for table: validCerts
2019-09-17 12:42:46,254 [main] INFO  db.DBStoreBuilder (DBStoreBuilder.java:processTables(161)) - Using default column profile:DBProfile.DISK for Table:validCerts
2019-09-17 12:42:46,254 [main] INFO  db.DBStoreBuilder (DBStoreBuilder.java:addTable(110)) - using custom profile for table: revokedCerts
2019-09-17 12:42:46,254 [main] INFO  db.DBStoreBuilder (DBStoreBuilder.java:processTables(161)) - Using default column profile:DBProfile.DISK for Table:revokedCerts
2019-09-17 12:42:46,268 [main] INFO  db.DBStoreBuilder (DBStoreBuilder.java:addTable(110)) - using custom profile for table: default
2019-09-17 12:42:46,268 [main] INFO  db.DBStoreBuilder (DBStoreBuilder.java:processTables(167)) - Using default column profile:DBProfile.DISK for Table:default
2019-09-17 12:42:46,269 [main] INFO  db.DBStoreBuilder (DBStoreBuilder.java:getDbProfile(198)) - Using default options. DBProfile.DISK
2019-09-17 12:42:46,616 [main] INFO  net.NodeSchemaLoader (NodeSchemaLoader.java:loadSchemaFromFile(125)) - Loading file from sun.misc.CompoundEnumeration@47eaca72
2019-09-17 12:42:46,618 [main] INFO  net.NodeSchemaLoader (NodeSchemaLoader.java:loadSchema(171)) - Loading network topology layer schema file
2019-09-17 12:42:46,694 [main] INFO  node.SCMNodeManager (SCMNodeManager.java:<init>(114)) - Entering startup safe mode.
2019-09-17 12:42:46,774 [main] INFO  algorithms.ContainerPlacementPolicyFactory (ContainerPlacementPolicyFactory.java:getPolicy(57)) - Create container placement policy of type org.apache.hadoop.hdds.scm.container.placement.algorithms.SCMContainerPlacementRandom
2019-09-17 12:42:46,790 [main] WARN  server.ServerUtils (ServerUtils.java:getScmDbDir(145)) - ozone.scm.db.dirs is not configured. We recommend adding this setting. Falling back to ozone.metadata.dirs instead.
2019-09-17 12:42:46,937 [main] INFO  pipeline.SCMPipelineManager (SCMPipelineManager.java:initializePipelineState(128)) - No pipeline exists in current db
2019-09-17 12:42:46,939 [main] WARN  server.ServerUtils (ServerUtils.java:getScmDbDir(145)) - ozone.scm.db.dirs is not configured. We recommend adding this setting. Falling back to ozone.metadata.dirs instead.
2019-09-17 12:42:47,115 [main] WARN  events.EventQueue (EventQueue.java:fireEvent(183)) - No event handler registered for event TypedEvent{payloadType=SafeModeStatus, name='SafeModeStatus'}
2019-09-17 12:42:47,578 [main] INFO  ipc.CallQueueManager (CallQueueManager.java:<init>(84)) - Using callQueue: class java.util.concurrent.LinkedBlockingQueue, queueCapacity: 2000, scheduler: class org.apache.hadoop.ipc.DefaultRpcScheduler, ipcBackoff: false.
2019-09-17 12:42:47,608 [Socket Reader #1 for port 38196] INFO  ipc.Server (Server.java:run(1074)) - Starting Socket Reader #1 for port 38196
2019-09-17 12:42:47,800 [main] INFO  ipc.CallQueueManager (CallQueueManager.java:<init>(84)) - Using callQueue: class java.util.concurrent.LinkedBlockingQueue, queueCapacity: 2000, scheduler: class org.apache.hadoop.ipc.DefaultRpcScheduler, ipcBackoff: false.
2019-09-17 12:42:47,801 [Socket Reader #1 for port 37580] INFO  ipc.Server (Server.java:run(1074)) - Starting Socket Reader #1 for port 37580
2019-09-17 12:42:47,812 [main] INFO  ipc.CallQueueManager (CallQueueManager.java:<init>(84)) - Using callQueue: class java.util.concurrent.LinkedBlockingQueue, queueCapacity: 2000, scheduler: class org.apache.hadoop.ipc.DefaultRpcScheduler, ipcBackoff: false.
2019-09-17 12:42:47,813 [Socket Reader #1 for port 39736] INFO  ipc.Server (Server.java:run(1074)) - Starting Socket Reader #1 for port 39736
2019-09-17 12:42:47,842 [main] INFO  hdfs.DFSUtil (DFSUtil.java:httpServerTemplateForNNAndJN(1641)) - Starting Web-server for scm at: http://0.0.0.0:0
2019-09-17 12:42:48,017 [main] INFO  server.AuthenticationFilter (AuthenticationFilter.java:constructSecretProvider(240)) - Unable to initialize FileSignerSecretProvider, falling back to use random secrets.
2019-09-17 12:42:48,036 [main] WARN  http.HttpRequestLog (HttpRequestLog.java:getRequestLog(97)) - Jetty request log can only be enabled using Log4j
2019-09-17 12:42:48,047 [main] INFO  http.HttpServer2 (HttpServer2.java:addGlobalFilter(975)) - Added global filter 'safety' (class=org.apache.hadoop.http.HttpServer2$QuotingInputFilter)
2019-09-17 12:42:48,050 [main] INFO  http.HttpServer2 (HttpServer2.java:addFilter(948)) - Added filter static_user_filter (class=org.apache.hadoop.http.lib.StaticUserWebFilter$StaticUserFilter) to context scm
2019-09-17 12:42:48,051 [main] INFO  http.HttpServer2 (HttpServer2.java:addFilter(958)) - Added filter static_user_filter (class=org.apache.hadoop.http.lib.StaticUserWebFilter$StaticUserFilter) to context static
2019-09-17 12:42:48,051 [main] INFO  http.HttpServer2 (HttpServer2.java:addFilter(958)) - Added filter static_user_filter (class=org.apache.hadoop.http.lib.StaticUserWebFilter$StaticUserFilter) to context logs
2019-09-17 12:42:48,083 [main] INFO  server.StorageContainerManager (StorageContainerManager.java:start(763)) - StorageContainerLocationProtocol RPC server is listening at /0.0.0.0:39736
2019-09-17 12:42:48,139 [main] WARN  impl.MetricsConfig (MetricsConfig.java:loadFirst(134)) - Cannot locate configuration: tried hadoop-metrics2-storagecontainermanager.properties,hadoop-metrics2.properties
2019-09-17 12:42:48,153 [main] INFO  impl.MetricsSystemImpl (MetricsSystemImpl.java:startTimer(374)) - Scheduled Metric snapshot period at 10 second(s).
2019-09-17 12:42:48,153 [main] INFO  impl.MetricsSystemImpl (MetricsSystemImpl.java:start(191)) - StorageContainerManager metrics system started
2019-09-17 12:42:48,390 [main] INFO  server.SCMClientProtocolServer (SCMClientProtocolServer.java:start(151)) - RPC server for Client  is listening at /0.0.0.0:39736
2019-09-17 12:42:48,391 [IPC Server Responder] INFO  ipc.Server (Server.java:run(1314)) - IPC Server Responder: starting
2019-09-17 12:42:48,391 [IPC Server listener on 39736] INFO  ipc.Server (Server.java:run(1153)) - IPC Server listener on 39736: starting
2019-09-17 12:42:48,394 [main] INFO  server.StorageContainerManager (StorageContainerManager.java:start(773)) - ScmBlockLocationProtocol RPC server is listening at /0.0.0.0:37580
2019-09-17 12:42:48,396 [main] INFO  server.SCMBlockProtocolServer (SCMBlockProtocolServer.java:start(146)) - RPC server for Block Protocol is listening at /0.0.0.0:37580
2019-09-17 12:42:48,396 [IPC Server Responder] INFO  ipc.Server (Server.java:run(1314)) - IPC Server Responder: starting
2019-09-17 12:42:48,396 [IPC Server listener on 37580] INFO  ipc.Server (Server.java:run(1153)) - IPC Server listener on 37580: starting
2019-09-17 12:42:48,399 [main] INFO  server.StorageContainerManager (StorageContainerManager.java:start(777)) - ScmDatanodeProtocl RPC server is listening at /0.0.0.0:38196
2019-09-17 12:42:48,399 [main] INFO  server.SCMDatanodeProtocolServer (SCMDatanodeProtocolServer.java:start(191)) - RPC server for DataNodes is listening at /0.0.0.0:38196
2019-09-17 12:42:48,400 [IPC Server Responder] INFO  ipc.Server (Server.java:run(1314)) - IPC Server Responder: starting
2019-09-17 12:42:48,400 [IPC Server listener on 38196] INFO  ipc.Server (Server.java:run(1153)) - IPC Server listener on 38196: starting
2019-09-17 12:42:48,404 [main] INFO  http.HttpServer2 (HttpServer2.java:bindListener(1191)) - Jetty bound to port 37876
2019-09-17 12:42:48,406 [main] INFO  server.Server (Server.java:doStart(351)) - jetty-9.3.24.v20180605, build timestamp: 2018-06-05T17:11:56Z, git hash: 84205aa28f11a4f31f2a3b86d1bba2cc8ab69827
2019-09-17 12:42:48,444 [main] INFO  handler.ContextHandler (ContextHandler.java:doStart(781)) - Started o.e.j.s.ServletContextHandler@43b6123e{/logs,file:///tmp/workdir/hadoop-ozone/tools/target/log,AVAILABLE}
2019-09-17 12:42:48,445 [main] INFO  handler.ContextHandler (ContextHandler.java:doStart(781)) - Started o.e.j.s.ServletContextHandler@61e94def{/static,jar:file:/home/user/.m2/repository/org/apache/hadoop/hadoop-hdds-server-scm/0.5.0-SNAPSHOT/hadoop-hdds-server-scm-0.5.0-SNAPSHOT.jar!/webapps/static,AVAILABLE}
2019-09-17 12:42:48,515 [main] INFO  handler.ContextHandler (ContextHandler.java:doStart(781)) - Started o.e.j.w.WebAppContext@3f093abe{/,file:///tmp/jetty-0.0.0.0-37876-scm-_-any-7441158014043892137.dir/webapp/,AVAILABLE}{/scm}
2019-09-17 12:42:48,520 [main] INFO  server.AbstractConnector (AbstractConnector.java:doStart(278)) - Started ServerConnector@724bade8{HTTP/1.1,[http/1.1]}{0.0.0.0:37876}
2019-09-17 12:42:48,520 [main] INFO  server.Server (Server.java:doStart(419)) - Started @3376ms
2019-09-17 12:42:48,522 [main] INFO  impl.MetricsSinkAdapter (MetricsSinkAdapter.java:start(204)) - Sink prometheus started
2019-09-17 12:42:48,522 [main] INFO  impl.MetricsSystemImpl (MetricsSystemImpl.java:registerSink(301)) - Registered sink prometheus
2019-09-17 12:42:48,524 [main] INFO  server.BaseHttpServer (BaseHttpServer.java:updateConnectorAddress(215)) - HTTP server of SCM is listening at http://0.0.0.0:37876
2019-09-17 12:42:48,534 [org.apache.hadoop.util.JvmPauseMonitor$Monitor@6970140a] INFO  util.JvmPauseMonitor (JvmPauseMonitor.java:run(188)) - Starting JVM pause monitor
2019-09-17 12:42:48,539 [main] WARN  server.ServerUtils (ServerUtils.java:getDBPath(222)) - ozone.om.db.dirs is not configured. We recommend adding this setting. Falling back to ozone.metadata.dirs instead.
2019-09-17 12:42:48,686 [main] WARN  server.ServerUtils (ServerUtils.java:getDBPath(222)) - ozone.om.db.dirs is not configured. We recommend adding this setting. Falling back to ozone.metadata.dirs instead.
2019-09-17 12:42:48,687 [main] WARN  server.ServerUtils (ServerUtils.java:getDBPath(222)) - ozone.om.db.dirs is not configured. We recommend adding this setting. Falling back to ozone.metadata.dirs instead.
2019-09-17 12:42:48,688 [main] INFO  om.OzoneManager (OzoneManager.java:setOMNodeDetails(649)) - OM Service ID is not set. Setting it to the default ID: omServiceIdDefault
2019-09-17 12:42:48,688 [main] INFO  om.OzoneManager (OzoneManager.java:setOMNodeDetails(655)) - OM Node ID is not set. Setting it to the OmStorage's OmID: 221603f0-a712-4102-a57e-ef246028b9a4
2019-09-17 12:42:48,689 [main] INFO  om.OzoneManager (OzoneManager.java:loadOMHAConfigs(606)) - Found matching OM address with OMServiceId: null, OMNodeId: null, RPC Address: localhost:0 and Ratis port: 9872
2019-09-17 12:42:49,433 [main] WARN  server.ServerUtils (ServerUtils.java:getDBPath(222)) - ozone.om.db.dirs is not configured. We recommend adding this setting. Falling back to ozone.metadata.dirs instead.
2019-09-17 12:42:49,441 [main] INFO  db.DBStoreBuilder (DBStoreBuilder.java:addTable(110)) - using custom profile for table: userTable
2019-09-17 12:42:49,441 [main] INFO  db.DBStoreBuilder (DBStoreBuilder.java:processTables(161)) - Using default column profile:DBProfile.DISK for Table:userTable
2019-09-17 12:42:49,441 [main] INFO  db.DBStoreBuilder (DBStoreBuilder.java:addTable(110)) - using custom profile for table: volumeTable
2019-09-17 12:42:49,442 [main] INFO  db.DBStoreBuilder (DBStoreBuilder.java:processTables(161)) - Using default column profile:DBProfile.DISK for Table:volumeTable
2019-09-17 12:42:49,442 [main] INFO  db.DBStoreBuilder (DBStoreBuilder.java:addTable(110)) - using custom profile for table: bucketTable
2019-09-17 12:42:49,442 [main] INFO  db.DBStoreBuilder (DBStoreBuilder.java:processTables(161)) - Using default column profile:DBProfile.DISK for Table:bucketTable
2019-09-17 12:42:49,442 [main] INFO  db.DBStoreBuilder (DBStoreBuilder.java:addTable(110)) - using custom profile for table: keyTable
2019-09-17 12:42:49,443 [main] INFO  db.DBStoreBuilder (DBStoreBuilder.java:processTables(161)) - Using default column profile:DBProfile.DISK for Table:keyTable
2019-09-17 12:42:49,443 [main] INFO  db.DBStoreBuilder (DBStoreBuilder.java:addTable(110)) - using custom profile for table: deletedTable
2019-09-17 12:42:49,443 [main] INFO  db.DBStoreBuilder (DBStoreBuilder.java:processTables(161)) - Using default column profile:DBProfile.DISK for Table:deletedTable
2019-09-17 12:42:49,443 [main] INFO  db.DBStoreBuilder (DBStoreBuilder.java:addTable(110)) - using custom profile for table: openKeyTable
2019-09-17 12:42:49,444 [main] INFO  db.DBStoreBuilder (DBStoreBuilder.java:processTables(161)) - Using default column profile:DBProfile.DISK for Table:openKeyTable
2019-09-17 12:42:49,444 [main] INFO  db.DBStoreBuilder (DBStoreBuilder.java:addTable(110)) - using custom profile for table: s3Table
2019-09-17 12:42:49,444 [main] INFO  db.DBStoreBuilder (DBStoreBuilder.java:processTables(161)) - Using default column profile:DBProfile.DISK for Table:s3Table
2019-09-17 12:42:49,444 [main] INFO  db.DBStoreBuilder (DBStoreBuilder.java:addTable(110)) - using custom profile for table: multipartInfoTable
2019-09-17 12:42:49,445 [main] INFO  db.DBStoreBuilder (DBStoreBuilder.java:processTables(161)) - Using default column profile:DBProfile.DISK for Table:multipartInfoTable
2019-09-17 12:42:49,445 [main] INFO  db.DBStoreBuilder (DBStoreBuilder.java:addTable(110)) - using custom profile for table: dTokenTable
2019-09-17 12:42:49,445 [main] INFO  db.DBStoreBuilder (DBStoreBuilder.java:processTables(161)) - Using default column profile:DBProfile.DISK for Table:dTokenTable
2019-09-17 12:42:49,445 [main] INFO  db.DBStoreBuilder (DBStoreBuilder.java:addTable(110)) - using custom profile for table: s3SecretTable
2019-09-17 12:42:49,446 [main] INFO  db.DBStoreBuilder (DBStoreBuilder.java:processTables(161)) - Using default column profile:DBProfile.DISK for Table:s3SecretTable
2019-09-17 12:42:49,446 [main] INFO  db.DBStoreBuilder (DBStoreBuilder.java:addTable(110)) - using custom profile for table: prefixTable
2019-09-17 12:42:49,446 [main] INFO  db.DBStoreBuilder (DBStoreBuilder.java:processTables(161)) - Using default column profile:DBProfile.DISK for Table:prefixTable
2019-09-17 12:42:49,446 [main] INFO  db.DBStoreBuilder (DBStoreBuilder.java:addTable(110)) - using custom profile for table: default
2019-09-17 12:42:49,447 [main] INFO  db.DBStoreBuilder (DBStoreBuilder.java:processTables(167)) - Using default column profile:DBProfile.DISK for Table:default
2019-09-17 12:42:49,447 [main] INFO  db.DBStoreBuilder (DBStoreBuilder.java:getDbProfile(198)) - Using default options. DBProfile.DISK
2019-09-17 12:42:50,278 [main] INFO  ipc.CallQueueManager (CallQueueManager.java:<init>(84)) - Using callQueue: class java.util.concurrent.LinkedBlockingQueue, queueCapacity: 2000, scheduler: class org.apache.hadoop.ipc.DefaultRpcScheduler, ipcBackoff: false.
2019-09-17 12:42:50,279 [Socket Reader #1 for port 45066] INFO  ipc.Server (Server.java:run(1074)) - Starting Socket Reader #1 for port 45066
2019-09-17 12:42:50,306 [main] INFO  om.OzoneManager (OzoneManager.java:start(1240)) - OzoneManager RPC server is listening at localhost/127.0.0.1:45066
2019-09-17 12:42:50,307 [main] INFO  impl.MetricsSystemImpl (MetricsSystemImpl.java:init(158)) - OzoneManager metrics system started (again)
2019-09-17 12:42:50,309 [IPC Server Responder] INFO  ipc.Server (Server.java:run(1314)) - IPC Server Responder: starting
2019-09-17 12:42:50,310 [IPC Server listener on 45066] INFO  ipc.Server (Server.java:run(1153)) - IPC Server listener on 45066: starting
2019-09-17 12:42:50,323 [main] INFO  hdfs.DFSUtil (DFSUtil.java:httpServerTemplateForNNAndJN(1641)) - Starting Web-server for ozoneManager at: http://0.0.0.0:0
2019-09-17 12:42:50,327 [main] INFO  server.AuthenticationFilter (AuthenticationFilter.java:constructSecretProvider(240)) - Unable to initialize FileSignerSecretProvider, falling back to use random secrets.
2019-09-17 12:42:50,328 [main] WARN  http.HttpRequestLog (HttpRequestLog.java:getRequestLog(97)) - Jetty request log can only be enabled using Log4j
2019-09-17 12:42:50,332 [main] INFO  http.HttpServer2 (HttpServer2.java:addGlobalFilter(975)) - Added global filter 'safety' (class=org.apache.hadoop.http.HttpServer2$QuotingInputFilter)
2019-09-17 12:42:50,334 [main] INFO  http.HttpServer2 (HttpServer2.java:addFilter(948)) - Added filter static_user_filter (class=org.apache.hadoop.http.lib.StaticUserWebFilter$StaticUserFilter) to context ozoneManager
2019-09-17 12:42:50,335 [main] INFO  http.HttpServer2 (HttpServer2.java:addFilter(958)) - Added filter static_user_filter (class=org.apache.hadoop.http.lib.StaticUserWebFilter$StaticUserFilter) to context logs
2019-09-17 12:42:50,335 [main] INFO  http.HttpServer2 (HttpServer2.java:addFilter(958)) - Added filter static_user_filter (class=org.apache.hadoop.http.lib.StaticUserWebFilter$StaticUserFilter) to context static
2019-09-17 12:42:50,339 [main] INFO  http.HttpServer2 (HttpServer2.java:bindListener(1191)) - Jetty bound to port 34200
2019-09-17 12:42:50,340 [main] INFO  server.Server (Server.java:doStart(351)) - jetty-9.3.24.v20180605, build timestamp: 2018-06-05T17:11:56Z, git hash: 84205aa28f11a4f31f2a3b86d1bba2cc8ab69827
2019-09-17 12:42:50,343 [main] INFO  handler.ContextHandler (ContextHandler.java:doStart(781)) - Started o.e.j.s.ServletContextHandler@629f066f{/logs,file:///tmp/workdir/hadoop-ozone/tools/target/log,AVAILABLE}
2019-09-17 12:42:50,344 [main] INFO  handler.ContextHandler (ContextHandler.java:doStart(781)) - Started o.e.j.s.ServletContextHandler@ecfbe91{/static,jar:file:/home/user/.m2/repository/org/apache/hadoop/hadoop-ozone-ozone-manager/0.5.0-SNAPSHOT/hadoop-ozone-ozone-manager-0.5.0-SNAPSHOT.jar!/webapps/static,AVAILABLE}
2019-09-17 12:42:50,407 [main] INFO  handler.ContextHandler (ContextHandler.java:doStart(781)) - Started o.e.j.w.WebAppContext@319854f0{/,file:///tmp/jetty-0.0.0.0-34200-ozoneManager-_-any-5148247637236302546.dir/webapp/,AVAILABLE}{/ozoneManager}
2019-09-17 12:42:50,408 [main] INFO  server.AbstractConnector (AbstractConnector.java:doStart(278)) - Started ServerConnector@748fe51d{HTTP/1.1,[http/1.1]}{0.0.0.0:34200}
2019-09-17 12:42:50,409 [main] INFO  server.Server (Server.java:doStart(419)) - Started @5264ms
2019-09-17 12:42:50,409 [main] WARN  impl.MetricsSystemImpl (MetricsSystemImpl.java:register(276)) - Sink prometheus already exists!
2019-09-17 12:42:50,411 [main] INFO  server.BaseHttpServer (BaseHttpServer.java:updateConnectorAddress(215)) - HTTP server of OZONEMANAGER is listening at http://0.0.0.0:34200
2019-09-17 12:42:50,769 [main] INFO  impl.MetricsSystemImpl (MetricsSystemImpl.java:init(158)) - HddsDatanode metrics system started (again)
2019-09-17 12:42:50,822 [main] INFO  ozone.HddsDatanodeService (HddsDatanodeService.java:start(184)) - HddsDatanodeService host:pr-hdds-2137-trunk-mnh2s-3748177197 ip:192.168.5.153
2019-09-17 12:42:50,858 [main] INFO  volume.HddsVolume (HddsVolume.java:<init>(176)) - Creating Volume: /tmp/workdir/hadoop-ozone/tools/target/test-dir/MiniOzoneClusterImpl-50a1f6bc-759b-451e-a5dd-d4a59b2daa65/datanode-0/data/containers/hdds of  storage type : DISK and capacity : 1482555576320
2019-09-17 12:42:50,860 [main] INFO  volume.VolumeSet (VolumeSet.java:initializeVolumeSet(170)) - Added Volume : /tmp/workdir/hadoop-ozone/tools/target/test-dir/MiniOzoneClusterImpl-50a1f6bc-759b-451e-a5dd-d4a59b2daa65/datanode-0/data/containers/hdds to VolumeSet
2019-09-17 12:42:50,864 [main] INFO  volume.ThrottledAsyncChecker (ThrottledAsyncChecker.java:schedule(139)) - Scheduling a check for org.apache.hadoop.ozone.container.common.volume.HddsVolume@50194e8d
2019-09-17 12:42:50,882 [main] INFO  volume.HddsVolumeChecker (HddsVolumeChecker.java:checkAllVolumes(202)) - Scheduled health check for volume org.apache.hadoop.ozone.container.common.volume.HddsVolume@50194e8d
2019-09-17 12:42:51,006 [main] INFO  impl.RaftServerProxy (ConfUtils.java:logGet(43)) - raft.rpc.type = GRPC (default)
2019-09-17 12:42:51,077 [main] INFO  grpc.GrpcFactory (GrpcFactory.java:checkPooledByteBufAllocatorUseCacheForAllThreads(45)) - PERFORMANCE WARNING: useCacheForAllThreads is true that may cause Netty to create a lot garbage objects and, as a result, trigger GC.
	It is recommended to disable useCacheForAllThreads by setting -Dorg.apache.ratis.thirdparty.io.netty.allocator.useCacheForAllThreads=false in command line.
2019-09-17 12:42:51,081 [main] INFO  grpc.GrpcConfigKeys$Server (ConfUtils.java:logGet(43)) - raft.grpc.server.port = 0 (default)
2019-09-17 12:42:51,082 [main] INFO  server.GrpcService (ConfUtils.java:logGet(43)) - raft.grpc.message.size.max = 33570816 (custom)
2019-09-17 12:42:51,084 [main] INFO  server.RaftServerConfigKeys (ConfUtils.java:logGet(43)) - raft.server.log.appender.buffer.byte-limit = 33554432 (custom)
2019-09-17 12:42:51,085 [main] INFO  server.GrpcService (ConfUtils.java:logGet(43)) - raft.grpc.flow.control.window = 1MB (=1048576) (default)
2019-09-17 12:42:51,086 [main] INFO  server.RaftServerConfigKeys (ConfUtils.java:logGet(43)) - raft.server.rpc.request.timeout = 3000ms (default)
2019-09-17 12:42:51,245 [main] INFO  server.RaftServerConfigKeys (ConfUtils.java:logGet(43)) - raft.server.storage.dir = [/tmp/workdir/hadoop-ozone/tools/target/test-dir/MiniOzoneClusterImpl-50a1f6bc-759b-451e-a5dd-d4a59b2daa65/datanode-0/data/ratis] (custom)
2019-09-17 12:42:51,297 [main] INFO  hdfs.DFSUtil (DFSUtil.java:httpServerTemplateForNNAndJN(1641)) - Starting Web-server for hddsDatanode at: http://0.0.0.0:0
2019-09-17 12:42:51,300 [main] INFO  server.AuthenticationFilter (AuthenticationFilter.java:constructSecretProvider(240)) - Unable to initialize FileSignerSecretProvider, falling back to use random secrets.
2019-09-17 12:42:51,300 [main] WARN  http.HttpRequestLog (HttpRequestLog.java:getRequestLog(97)) - Jetty request log can only be enabled using Log4j
2019-09-17 12:42:51,303 [main] INFO  http.HttpServer2 (HttpServer2.java:addGlobalFilter(975)) - Added global filter 'safety' (class=org.apache.hadoop.http.HttpServer2$QuotingInputFilter)
2019-09-17 12:42:51,304 [main] INFO  http.HttpServer2 (HttpServer2.java:addFilter(948)) - Added filter static_user_filter (class=org.apache.hadoop.http.lib.StaticUserWebFilter$StaticUserFilter) to context hddsDatanode
2019-09-17 12:42:51,304 [main] INFO  http.HttpServer2 (HttpServer2.java:addFilter(958)) - Added filter static_user_filter (class=org.apache.hadoop.http.lib.StaticUserWebFilter$StaticUserFilter) to context logs
2019-09-17 12:42:51,304 [main] INFO  http.HttpServer2 (HttpServer2.java:addFilter(958)) - Added filter static_user_filter (class=org.apache.hadoop.http.lib.StaticUserWebFilter$StaticUserFilter) to context static
2019-09-17 12:42:51,306 [main] INFO  http.HttpServer2 (HttpServer2.java:bindListener(1191)) - Jetty bound to port 34814
2019-09-17 12:42:51,306 [main] INFO  server.Server (Server.java:doStart(351)) - jetty-9.3.24.v20180605, build timestamp: 2018-06-05T17:11:56Z, git hash: 84205aa28f11a4f31f2a3b86d1bba2cc8ab69827
2019-09-17 12:42:51,308 [main] INFO  handler.ContextHandler (ContextHandler.java:doStart(781)) - Started o.e.j.s.ServletContextHandler@2f236de0{/logs,file:///tmp/workdir/hadoop-ozone/tools/target/log,AVAILABLE}
2019-09-17 12:42:51,309 [main] INFO  handler.ContextHandler (ContextHandler.java:doStart(781)) - Started o.e.j.s.ServletContextHandler@767a014e{/static,jar:file:/home/user/.m2/repository/org/apache/hadoop/hadoop-hdds-container-service/0.5.0-SNAPSHOT/hadoop-hdds-container-service-0.5.0-SNAPSHOT.jar!/webapps/static,AVAILABLE}
2019-09-17 12:42:51,343 [main] INFO  handler.ContextHandler (ContextHandler.java:doStart(781)) - Started o.e.j.w.WebAppContext@80bfdc6{/,file:///tmp/jetty-0.0.0.0-34814-hddsDatanode-_-any-481496138419618878.dir/webapp/,AVAILABLE}{/hddsDatanode}
2019-09-17 12:42:51,344 [main] INFO  server.AbstractConnector (AbstractConnector.java:doStart(278)) - Started ServerConnector@6edcad64{HTTP/1.1,[http/1.1]}{0.0.0.0:34814}
2019-09-17 12:42:51,344 [main] INFO  server.Server (Server.java:doStart(419)) - Started @6200ms
2019-09-17 12:42:51,345 [main] WARN  impl.MetricsSystemImpl (MetricsSystemImpl.java:register(276)) - Sink prometheus already exists!
2019-09-17 12:42:51,346 [main] INFO  server.BaseHttpServer (BaseHttpServer.java:updateConnectorAddress(215)) - HTTP server of HDDSDATANODE is listening at http://0.0.0.0:34814
2019-09-17 12:42:51,347 [main] INFO  impl.MetricsSystemImpl (MetricsSystemImpl.java:init(158)) - HddsDatanode metrics system started (again)
2019-09-17 12:42:51,351 [main] INFO  ozone.HddsDatanodeService (HddsDatanodeService.java:start(184)) - HddsDatanodeService host:pr-hdds-2137-trunk-mnh2s-3748177197 ip:192.168.5.153
2019-09-17 12:42:51,354 [org.apache.hadoop.util.JvmPauseMonitor$Monitor@1d52ce42] INFO  util.JvmPauseMonitor (JvmPauseMonitor.java:run(188)) - Starting JVM pause monitor
2019-09-17 12:42:51,359 [main] INFO  volume.HddsVolume (HddsVolume.java:<init>(176)) - Creating Volume: /tmp/workdir/hadoop-ozone/tools/target/test-dir/MiniOzoneClusterImpl-50a1f6bc-759b-451e-a5dd-d4a59b2daa65/datanode-1/data/containers/hdds of  storage type : DISK and capacity : 1482555576320
2019-09-17 12:42:51,360 [main] INFO  volume.VolumeSet (VolumeSet.java:initializeVolumeSet(170)) - Added Volume : /tmp/workdir/hadoop-ozone/tools/target/test-dir/MiniOzoneClusterImpl-50a1f6bc-759b-451e-a5dd-d4a59b2daa65/datanode-1/data/containers/hdds to VolumeSet
2019-09-17 12:42:51,360 [main] INFO  volume.ThrottledAsyncChecker (ThrottledAsyncChecker.java:schedule(139)) - Scheduling a check for org.apache.hadoop.ozone.container.common.volume.HddsVolume@78054f54
2019-09-17 12:42:51,361 [main] INFO  volume.HddsVolumeChecker (HddsVolumeChecker.java:checkAllVolumes(202)) - Scheduled health check for volume org.apache.hadoop.ozone.container.common.volume.HddsVolume@78054f54
2019-09-17 12:42:51,377 [main] INFO  impl.RaftServerProxy (ConfUtils.java:logGet(43)) - raft.rpc.type = GRPC (default)
2019-09-17 12:42:51,377 [main] INFO  grpc.GrpcFactory (GrpcFactory.java:checkPooledByteBufAllocatorUseCacheForAllThreads(45)) - PERFORMANCE WARNING: useCacheForAllThreads is true that may cause Netty to create a lot garbage objects and, as a result, trigger GC.
	It is recommended to disable useCacheForAllThreads by setting -Dorg.apache.ratis.thirdparty.io.netty.allocator.useCacheForAllThreads=false in command line.
2019-09-17 12:42:51,377 [main] INFO  grpc.GrpcConfigKeys$Server (ConfUtils.java:logGet(43)) - raft.grpc.server.port = 0 (default)
2019-09-17 12:42:51,378 [main] INFO  server.GrpcService (ConfUtils.java:logGet(43)) - raft.grpc.message.size.max = 33570816 (custom)
2019-09-17 12:42:51,378 [main] INFO  server.RaftServerConfigKeys (ConfUtils.java:logGet(43)) - raft.server.log.appender.buffer.byte-limit = 33554432 (custom)
2019-09-17 12:42:51,378 [main] INFO  server.GrpcService (ConfUtils.java:logGet(43)) - raft.grpc.flow.control.window = 1MB (=1048576) (default)
2019-09-17 12:42:51,378 [main] INFO  server.RaftServerConfigKeys (ConfUtils.java:logGet(43)) - raft.server.rpc.request.timeout = 3000ms (default)
2019-09-17 12:42:51,379 [main] INFO  server.RaftServerConfigKeys (ConfUtils.java:logGet(43)) - raft.server.storage.dir = [/tmp/workdir/hadoop-ozone/tools/target/test-dir/MiniOzoneClusterImpl-50a1f6bc-759b-451e-a5dd-d4a59b2daa65/datanode-1/data/ratis] (custom)
2019-09-17 12:42:51,381 [main] INFO  hdfs.DFSUtil (DFSUtil.java:httpServerTemplateForNNAndJN(1641)) - Starting Web-server for hddsDatanode at: http://0.0.0.0:0
2019-09-17 12:42:51,382 [main] INFO  server.AuthenticationFilter (AuthenticationFilter.java:constructSecretProvider(240)) - Unable to initialize FileSignerSecretProvider, falling back to use random secrets.
2019-09-17 12:42:51,383 [main] WARN  http.HttpRequestLog (HttpRequestLog.java:getRequestLog(97)) - Jetty request log can only be enabled using Log4j
2019-09-17 12:42:51,384 [main] INFO  http.HttpServer2 (HttpServer2.java:addGlobalFilter(975)) - Added global filter 'safety' (class=org.apache.hadoop.http.HttpServer2$QuotingInputFilter)
2019-09-17 12:42:51,385 [main] INFO  http.HttpServer2 (HttpServer2.java:addFilter(948)) - Added filter static_user_filter (class=org.apache.hadoop.http.lib.StaticUserWebFilter$StaticUserFilter) to context hddsDatanode
2019-09-17 12:42:51,385 [main] INFO  http.HttpServer2 (HttpServer2.java:addFilter(958)) - Added filter static_user_filter (class=org.apache.hadoop.http.lib.StaticUserWebFilter$StaticUserFilter) to context static
2019-09-17 12:42:51,386 [main] INFO  http.HttpServer2 (HttpServer2.java:addFilter(958)) - Added filter static_user_filter (class=org.apache.hadoop.http.lib.StaticUserWebFilter$StaticUserFilter) to context logs
2019-09-17 12:42:51,386 [main] INFO  http.HttpServer2 (HttpServer2.java:bindListener(1191)) - Jetty bound to port 41462
2019-09-17 12:42:51,387 [main] INFO  server.Server (Server.java:doStart(351)) - jetty-9.3.24.v20180605, build timestamp: 2018-06-05T17:11:56Z, git hash: 84205aa28f11a4f31f2a3b86d1bba2cc8ab69827
2019-09-17 12:42:51,391 [main] INFO  handler.ContextHandler (ContextHandler.java:doStart(781)) - Started o.e.j.s.ServletContextHandler@68d7a2df{/logs,file:///tmp/workdir/hadoop-ozone/tools/target/log,AVAILABLE}
2019-09-17 12:42:51,392 [main] INFO  handler.ContextHandler (ContextHandler.java:doStart(781)) - Started o.e.j.s.ServletContextHandler@12fcc71f{/static,jar:file:/home/user/.m2/repository/org/apache/hadoop/hadoop-hdds-container-service/0.5.0-SNAPSHOT/hadoop-hdds-container-service-0.5.0-SNAPSHOT.jar!/webapps/static,AVAILABLE}
2019-09-17 12:42:51,421 [main] INFO  handler.ContextHandler (ContextHandler.java:doStart(781)) - Started o.e.j.w.WebAppContext@30b131b2{/,file:///tmp/jetty-0.0.0.0-41462-hddsDatanode-_-any-3296798909336013267.dir/webapp/,AVAILABLE}{/hddsDatanode}
2019-09-17 12:42:51,421 [main] INFO  server.AbstractConnector (AbstractConnector.java:doStart(278)) - Started ServerConnector@2924f1d8{HTTP/1.1,[http/1.1]}{0.0.0.0:41462}
2019-09-17 12:42:51,422 [main] INFO  server.Server (Server.java:doStart(419)) - Started @6278ms
2019-09-17 12:42:51,423 [main] WARN  impl.MetricsSystemImpl (MetricsSystemImpl.java:register(276)) - Sink prometheus already exists!
2019-09-17 12:42:51,424 [main] INFO  server.BaseHttpServer (BaseHttpServer.java:updateConnectorAddress(215)) - HTTP server of HDDSDATANODE is listening at http://0.0.0.0:41462
2019-09-17 12:42:51,424 [main] INFO  impl.MetricsSystemImpl (MetricsSystemImpl.java:init(158)) - HddsDatanode metrics system started (again)
2019-09-17 12:42:51,427 [org.apache.hadoop.util.JvmPauseMonitor$Monitor@2a44147a] INFO  util.JvmPauseMonitor (JvmPauseMonitor.java:run(188)) - Starting JVM pause monitor
2019-09-17 12:42:51,427 [main] INFO  ozone.HddsDatanodeService (HddsDatanodeService.java:start(184)) - HddsDatanodeService host:pr-hdds-2137-trunk-mnh2s-3748177197 ip:192.168.5.153
2019-09-17 12:42:51,440 [main] INFO  volume.HddsVolume (HddsVolume.java:<init>(176)) - Creating Volume: /tmp/workdir/hadoop-ozone/tools/target/test-dir/MiniOzoneClusterImpl-50a1f6bc-759b-451e-a5dd-d4a59b2daa65/datanode-2/data/containers/hdds of  storage type : DISK and capacity : 1482555576320
2019-09-17 12:42:51,441 [main] INFO  volume.VolumeSet (VolumeSet.java:initializeVolumeSet(170)) - Added Volume : /tmp/workdir/hadoop-ozone/tools/target/test-dir/MiniOzoneClusterImpl-50a1f6bc-759b-451e-a5dd-d4a59b2daa65/datanode-2/data/containers/hdds to VolumeSet
2019-09-17 12:42:51,441 [main] INFO  volume.ThrottledAsyncChecker (ThrottledAsyncChecker.java:schedule(139)) - Scheduling a check for org.apache.hadoop.ozone.container.common.volume.HddsVolume@2aff9dff
2019-09-17 12:42:51,442 [main] INFO  volume.HddsVolumeChecker (HddsVolumeChecker.java:checkAllVolumes(202)) - Scheduled health check for volume org.apache.hadoop.ozone.container.common.volume.HddsVolume@2aff9dff
2019-09-17 12:42:51,459 [main] INFO  impl.RaftServerProxy (ConfUtils.java:logGet(43)) - raft.rpc.type = GRPC (default)
2019-09-17 12:42:51,459 [main] INFO  grpc.GrpcFactory (GrpcFactory.java:checkPooledByteBufAllocatorUseCacheForAllThreads(45)) - PERFORMANCE WARNING: useCacheForAllThreads is true that may cause Netty to create a lot garbage objects and, as a result, trigger GC.
	It is recommended to disable useCacheForAllThreads by setting -Dorg.apache.ratis.thirdparty.io.netty.allocator.useCacheForAllThreads=false in command line.
2019-09-17 12:42:51,460 [main] INFO  grpc.GrpcConfigKeys$Server (ConfUtils.java:logGet(43)) - raft.grpc.server.port = 0 (default)
2019-09-17 12:42:51,460 [main] INFO  server.GrpcService (ConfUtils.java:logGet(43)) - raft.grpc.message.size.max = 33570816 (custom)
2019-09-17 12:42:51,460 [main] INFO  server.RaftServerConfigKeys (ConfUtils.java:logGet(43)) - raft.server.log.appender.buffer.byte-limit = 33554432 (custom)
2019-09-17 12:42:51,461 [main] INFO  server.GrpcService (ConfUtils.java:logGet(43)) - raft.grpc.flow.control.window = 1MB (=1048576) (default)
2019-09-17 12:42:51,461 [main] INFO  server.RaftServerConfigKeys (ConfUtils.java:logGet(43)) - raft.server.rpc.request.timeout = 3000ms (default)
2019-09-17 12:42:51,462 [main] INFO  server.RaftServerConfigKeys (ConfUtils.java:logGet(43)) - raft.server.storage.dir = [/tmp/workdir/hadoop-ozone/tools/target/test-dir/MiniOzoneClusterImpl-50a1f6bc-759b-451e-a5dd-d4a59b2daa65/datanode-2/data/ratis] (custom)
2019-09-17 12:42:51,464 [main] INFO  hdfs.DFSUtil (DFSUtil.java:httpServerTemplateForNNAndJN(1641)) - Starting Web-server for hddsDatanode at: http://0.0.0.0:0
2019-09-17 12:42:51,465 [main] INFO  server.AuthenticationFilter (AuthenticationFilter.java:constructSecretProvider(240)) - Unable to initialize FileSignerSecretProvider, falling back to use random secrets.
2019-09-17 12:42:51,466 [main] WARN  http.HttpRequestLog (HttpRequestLog.java:getRequestLog(97)) - Jetty request log can only be enabled using Log4j
2019-09-17 12:42:51,469 [main] INFO  http.HttpServer2 (HttpServer2.java:addGlobalFilter(975)) - Added global filter 'safety' (class=org.apache.hadoop.http.HttpServer2$QuotingInputFilter)
2019-09-17 12:42:51,471 [main] INFO  http.HttpServer2 (HttpServer2.java:addFilter(948)) - Added filter static_user_filter (class=org.apache.hadoop.http.lib.StaticUserWebFilter$StaticUserFilter) to context hddsDatanode
2019-09-17 12:42:51,471 [main] INFO  http.HttpServer2 (HttpServer2.java:addFilter(958)) - Added filter static_user_filter (class=org.apache.hadoop.http.lib.StaticUserWebFilter$StaticUserFilter) to context static
2019-09-17 12:42:51,471 [main] INFO  http.HttpServer2 (HttpServer2.java:addFilter(958)) - Added filter static_user_filter (class=org.apache.hadoop.http.lib.StaticUserWebFilter$StaticUserFilter) to context logs
2019-09-17 12:42:51,472 [main] INFO  http.HttpServer2 (HttpServer2.java:bindListener(1191)) - Jetty bound to port 43992
2019-09-17 12:42:51,472 [main] INFO  server.Server (Server.java:doStart(351)) - jetty-9.3.24.v20180605, build timestamp: 2018-06-05T17:11:56Z, git hash: 84205aa28f11a4f31f2a3b86d1bba2cc8ab69827
2019-09-17 12:42:51,473 [Datanode State Machine Thread - 0] INFO  datanode.InitDatanodeState (InitDatanodeState.java:persistContainerDatanodeDetails(140)) - DatanodeDetails is persisted to /tmp/workdir/hadoop-ozone/tools/target/test-dir/MiniOzoneClusterImpl-50a1f6bc-759b-451e-a5dd-d4a59b2daa65/datanode-0/meta/datanode.id
2019-09-17 12:42:51,477 [main] INFO  handler.ContextHandler (ContextHandler.java:doStart(781)) - Started o.e.j.s.ServletContextHandler@15639440{/logs,file:///tmp/workdir/hadoop-ozone/tools/target/log,AVAILABLE}
2019-09-17 12:42:51,478 [main] INFO  handler.ContextHandler (ContextHandler.java:doStart(781)) - Started o.e.j.s.ServletContextHandler@4faa298{/static,jar:file:/home/user/.m2/repository/org/apache/hadoop/hadoop-hdds-container-service/0.5.0-SNAPSHOT/hadoop-hdds-container-service-0.5.0-SNAPSHOT.jar!/webapps/static,AVAILABLE}
2019-09-17 12:42:51,478 [Datanode State Machine Thread - 0] INFO  datanode.InitDatanodeState (InitDatanodeState.java:persistContainerDatanodeDetails(140)) - DatanodeDetails is persisted to /tmp/workdir/hadoop-ozone/tools/target/test-dir/MiniOzoneClusterImpl-50a1f6bc-759b-451e-a5dd-d4a59b2daa65/datanode-1/meta/datanode.id
2019-09-17 12:42:51,508 [main] INFO  handler.ContextHandler (ContextHandler.java:doStart(781)) - Started o.e.j.w.WebAppContext@118ffcfd{/,file:///tmp/jetty-0.0.0.0-43992-hddsDatanode-_-any-6847293563934613037.dir/webapp/,AVAILABLE}{/hddsDatanode}
2019-09-17 12:42:51,508 [main] INFO  server.AbstractConnector (AbstractConnector.java:doStart(278)) - Started ServerConnector@53f4c1e6{HTTP/1.1,[http/1.1]}{0.0.0.0:43992}
2019-09-17 12:42:51,509 [main] INFO  server.Server (Server.java:doStart(419)) - Started @6365ms
2019-09-17 12:42:51,511 [main] WARN  impl.MetricsSystemImpl (MetricsSystemImpl.java:register(276)) - Sink prometheus already exists!
2019-09-17 12:42:51,512 [main] INFO  server.BaseHttpServer (BaseHttpServer.java:updateConnectorAddress(215)) - HTTP server of HDDSDATANODE is listening at http://0.0.0.0:43992
2019-09-17 12:42:51,514 [main] INFO  ozone.MiniOzoneClusterImpl (MiniOzoneClusterImpl.java:lambda$waitForClusterToBeReady$0(145)) - Waiting for cluster to be ready. Got 0 of 3 DN Heartbeats.
2019-09-17 12:42:51,515 [org.apache.hadoop.util.JvmPauseMonitor$Monitor@7f75d4ef] INFO  util.JvmPauseMonitor (JvmPauseMonitor.java:run(188)) - Starting JVM pause monitor
2019-09-17 12:42:51,519 [Datanode State Machine Thread - 0] INFO  datanode.InitDatanodeState (InitDatanodeState.java:persistContainerDatanodeDetails(140)) - DatanodeDetails is persisted to /tmp/workdir/hadoop-ozone/tools/target/test-dir/MiniOzoneClusterImpl-50a1f6bc-759b-451e-a5dd-d4a59b2daa65/datanode-2/meta/datanode.id
2019-09-17 12:42:52,515 [main] INFO  ozone.MiniOzoneClusterImpl (MiniOzoneClusterImpl.java:lambda$waitForClusterToBeReady$0(145)) - Waiting for cluster to be ready. Got 0 of 3 DN Heartbeats.
2019-09-17 12:42:53,418 [Datanode State Machine Thread - 0] INFO  ozoneimpl.OzoneContainer (OzoneContainer.java:start(217)) - Attempting to start container services.
2019-09-17 12:42:53,420 [Datanode State Machine Thread - 0] INFO  ozoneimpl.OzoneContainer (OzoneContainer.java:startContainerScrub(179)) - Background container scanner has been disabled.
2019-09-17 12:42:53,420 [Datanode State Machine Thread - 0] INFO  ratis.XceiverServerRatis (XceiverServerRatis.java:start(411)) - Starting XceiverServerRatis 5e893e0a-56f7-4618-9f46-a6ff48173cb6 at port 0
2019-09-17 12:42:53,447 [Datanode State Machine Thread - 0] INFO  impl.RaftServerProxy (RaftServerProxy.java:lambda$start$3(299)) - 5e893e0a-56f7-4618-9f46-a6ff48173cb6: start RPC server
2019-09-17 12:42:53,454 [Datanode State Machine Thread - 0] INFO  ozoneimpl.OzoneContainer (OzoneContainer.java:start(217)) - Attempting to start container services.
2019-09-17 12:42:53,460 [Datanode State Machine Thread - 0] INFO  ozoneimpl.OzoneContainer (OzoneContainer.java:startContainerScrub(179)) - Background container scanner has been disabled.
2019-09-17 12:42:53,460 [Datanode State Machine Thread - 0] INFO  ratis.XceiverServerRatis (XceiverServerRatis.java:start(411)) - Starting XceiverServerRatis 84ab4d91-000c-4523-9c5f-2c204b5f6601 at port 0
2019-09-17 12:42:53,469 [Datanode State Machine Thread - 0] INFO  impl.RaftServerProxy (RaftServerProxy.java:lambda$start$3(299)) - 84ab4d91-000c-4523-9c5f-2c204b5f6601: start RPC server
2019-09-17 12:42:53,517 [main] INFO  ozone.MiniOzoneClusterImpl (MiniOzoneClusterImpl.java:lambda$waitForClusterToBeReady$0(145)) - Waiting for cluster to be ready. Got 0 of 3 DN Heartbeats.
2019-09-17 12:42:53,565 [Datanode State Machine Thread - 0] INFO  ozoneimpl.OzoneContainer (OzoneContainer.java:start(217)) - Attempting to start container services.
2019-09-17 12:42:53,567 [Datanode State Machine Thread - 0] INFO  ozoneimpl.OzoneContainer (OzoneContainer.java:startContainerScrub(179)) - Background container scanner has been disabled.
2019-09-17 12:42:53,567 [Datanode State Machine Thread - 0] INFO  ratis.XceiverServerRatis (XceiverServerRatis.java:start(411)) - Starting XceiverServerRatis f7ede272-a28a-44e0-9552-15581fc2de04 at port 0
2019-09-17 12:42:53,575 [Datanode State Machine Thread - 0] INFO  impl.RaftServerProxy (RaftServerProxy.java:lambda$start$3(299)) - f7ede272-a28a-44e0-9552-15581fc2de04: start RPC server
2019-09-17 12:42:53,609 [Datanode State Machine Thread - 0] INFO  server.GrpcService (GrpcService.java:startImpl(158)) - 5e893e0a-56f7-4618-9f46-a6ff48173cb6: GrpcService started, listening on 0.0.0.0/0.0.0.0:37060
2019-09-17 12:42:53,609 [Datanode State Machine Thread - 0] INFO  server.GrpcService (GrpcService.java:startImpl(158)) - 84ab4d91-000c-4523-9c5f-2c204b5f6601: GrpcService started, listening on 0.0.0.0/0.0.0.0:39178
2019-09-17 12:42:53,609 [Datanode State Machine Thread - 0] INFO  server.GrpcService (GrpcService.java:startImpl(158)) - f7ede272-a28a-44e0-9552-15581fc2de04: GrpcService started, listening on 0.0.0.0/0.0.0.0:38263
2019-09-17 12:42:53,610 [Datanode State Machine Thread - 0] INFO  ratis.XceiverServerRatis (XceiverServerRatis.java:start(421)) - XceiverServerRatis 84ab4d91-000c-4523-9c5f-2c204b5f6601 is started using port 39178
2019-09-17 12:42:53,610 [Datanode State Machine Thread - 0] INFO  ratis.XceiverServerRatis (XceiverServerRatis.java:start(421)) - XceiverServerRatis 5e893e0a-56f7-4618-9f46-a6ff48173cb6 is started using port 37060
2019-09-17 12:42:53,610 [Datanode State Machine Thread - 0] INFO  ratis.XceiverServerRatis (XceiverServerRatis.java:start(421)) - XceiverServerRatis f7ede272-a28a-44e0-9552-15581fc2de04 is started using port 38263
2019-09-17 12:42:53,618 [Datanode State Machine Thread - 0] INFO  server.XceiverServerGrpc (XceiverServerGrpc.java:start(163)) - XceiverServerGrpc 84ab4d91-000c-4523-9c5f-2c204b5f6601 is started using port 35780
2019-09-17 12:42:53,618 [Datanode State Machine Thread - 0] INFO  server.XceiverServerGrpc (XceiverServerGrpc.java:start(163)) - XceiverServerGrpc f7ede272-a28a-44e0-9552-15581fc2de04 is started using port 34719
2019-09-17 12:42:53,618 [Datanode State Machine Thread - 0] INFO  server.XceiverServerGrpc (XceiverServerGrpc.java:start(163)) - XceiverServerGrpc 5e893e0a-56f7-4618-9f46-a6ff48173cb6 is started using port 38022
2019-09-17 12:42:54,518 [main] INFO  ozone.MiniOzoneClusterImpl (MiniOzoneClusterImpl.java:lambda$waitForClusterToBeReady$0(145)) - Waiting for cluster to be ready. Got 0 of 3 DN Heartbeats.
2019-09-17 12:42:55,400 [IPC Server handler 3 on 38196] INFO  net.NetworkTopology (NetworkTopologyImpl.java:add(110)) - Added a new node: /default-rack/5e893e0a-56f7-4618-9f46-a6ff48173cb6
2019-09-17 12:42:55,401 [IPC Server handler 3 on 38196] INFO  node.SCMNodeManager (SCMNodeManager.java:register(266)) - Registered Data node : 5e893e0a-56f7-4618-9f46-a6ff48173cb6{ip: 192.168.5.153, host: pr-hdds-2137-trunk-mnh2s-3748177197, networkLocation: /default-rack, certSerialId: null}
2019-09-17 12:42:55,405 [EventQueue-NodeRegistrationContainerReportForDataNodeSafeModeRule] INFO  safemode.SCMSafeModeManager (DataNodeSafeModeRule.java:process(71)) - SCM in safe mode. 1 DataNodes registered, 1 required.
2019-09-17 12:42:55,405 [EventQueue-NodeRegistrationContainerReportForDataNodeSafeModeRule] INFO  safemode.SCMSafeModeManager (SCMSafeModeManager.java:validateSafeModeExitRules(177)) - ScmSafeModeManager, all rules are successfully validated
2019-09-17 12:42:55,405 [EventQueue-NodeRegistrationContainerReportForDataNodeSafeModeRule] INFO  safemode.SCMSafeModeManager (SCMSafeModeManager.java:exitSafeMode(193)) - SCM exiting safe mode.
2019-09-17 12:42:55,431 [IPC Server handler 0 on 38196] INFO  net.NetworkTopology (NetworkTopologyImpl.java:add(110)) - Added a new node: /default-rack/84ab4d91-000c-4523-9c5f-2c204b5f6601
2019-09-17 12:42:55,431 [IPC Server handler 0 on 38196] INFO  node.SCMNodeManager (SCMNodeManager.java:register(266)) - Registered Data node : 84ab4d91-000c-4523-9c5f-2c204b5f6601{ip: 192.168.5.153, host: pr-hdds-2137-trunk-mnh2s-3748177197, networkLocation: /default-rack, certSerialId: null}
2019-09-17 12:42:55,518 [IPC Server handler 1 on 38196] INFO  net.NetworkTopology (NetworkTopologyImpl.java:add(110)) - Added a new node: /default-rack/f7ede272-a28a-44e0-9552-15581fc2de04
2019-09-17 12:42:55,518 [main] INFO  ozone.MiniOzoneClusterImpl (MiniOzoneClusterImpl.java:lambda$waitForClusterToBeReady$0(145)) - Cluster is ready. Got 3 of 3 DN Heartbeats.
2019-09-17 12:42:55,518 [IPC Server handler 1 on 38196] INFO  node.SCMNodeManager (SCMNodeManager.java:register(266)) - Registered Data node : f7ede272-a28a-44e0-9552-15581fc2de04{ip: 192.168.5.153, host: pr-hdds-2137-trunk-mnh2s-3748177197, networkLocation: /default-rack, certSerialId: null}
2019-09-17 12:42:55,950 [grpc-default-executor-0] INFO  impl.RaftServerProxy (RaftServerProxy.java:addNew(89)) - 5e893e0a-56f7-4618-9f46-a6ff48173cb6: addNew group-4D4B80019BF9:[5e893e0a-56f7-4618-9f46-a6ff48173cb6:192.168.5.153:37060] returns group-4D4B80019BF9:java.util.concurrent.CompletableFuture@9433bc2[Not completed]
2019-09-17 12:42:55,964 [pool-27-thread-1] INFO  impl.RaftServerImpl (RaftServerImpl.java:<init>(95)) - 5e893e0a-56f7-4618-9f46-a6ff48173cb6: new RaftServerImpl for group-4D4B80019BF9:[5e893e0a-56f7-4618-9f46-a6ff48173cb6:192.168.5.153:37060] with ContainerStateMachine:uninitialized
2019-09-17 12:42:55,967 [pool-27-thread-1] INFO  server.RaftServerConfigKeys (ConfUtils.java:logGet(43)) - raft.server.rpc.timeout.min = 5s (custom)
2019-09-17 12:42:55,968 [pool-27-thread-1] INFO  server.RaftServerConfigKeys (ConfUtils.java:logGet(43)) - raft.server.rpc.timeout.max = 5200ms (custom)
2019-09-17 12:42:55,968 [pool-27-thread-1] INFO  server.RaftServerConfigKeys (ConfUtils.java:logGet(43)) - raft.server.rpcslowness.timeout = 120s (custom)
2019-09-17 12:42:55,969 [pool-27-thread-1] INFO  server.RaftServerConfigKeys (ConfUtils.java:logGet(43)) - raft.server.sleep.deviation.threshold = 300 (default)
2019-09-17 12:42:55,970 [pool-27-thread-1] INFO  server.RaftServerConfigKeys (ConfUtils.java:logGet(43)) - raft.server.log.appender.install.snapshot.enabled = false (custom)
2019-09-17 12:42:55,977 [pool-27-thread-1] INFO  impl.RaftServerImpl (ServerState.java:<init>(103)) - 5e893e0a-56f7-4618-9f46-a6ff48173cb6@group-4D4B80019BF9: ConfigurationManager, init=-1: [5e893e0a-56f7-4618-9f46-a6ff48173cb6:192.168.5.153:37060], old=null, confs=<EMPTY_MAP>
2019-09-17 12:42:55,979 [pool-27-thread-1] INFO  server.RaftServerConfigKeys (ConfUtils.java:logGet(43)) - raft.server.storage.dir = [/tmp/workdir/hadoop-ozone/tools/target/test-dir/MiniOzoneClusterImpl-50a1f6bc-759b-451e-a5dd-d4a59b2daa65/datanode-0/data/ratis] (custom)
2019-09-17 12:42:55,993 [pool-27-thread-1] INFO  storage.RaftStorageDirectory (RaftStorageDirectory.java:analyzeStorage(246)) - The storage directory /tmp/workdir/hadoop-ozone/tools/target/test-dir/MiniOzoneClusterImpl-50a1f6bc-759b-451e-a5dd-d4a59b2daa65/datanode-0/data/ratis/22b25e15-f7aa-4333-9a99-4d4b80019bf9 does not exist. Creating ...
2019-09-17 12:42:56,035 [pool-27-thread-1] INFO  storage.RaftStorageDirectory (RaftStorageDirectory.java:tryLock(328)) - Lock on /tmp/workdir/hadoop-ozone/tools/target/test-dir/MiniOzoneClusterImpl-50a1f6bc-759b-451e-a5dd-d4a59b2daa65/datanode-0/data/ratis/22b25e15-f7aa-4333-9a99-4d4b80019bf9/in_use.lock acquired by nodename 20616@pr-hdds-2137-trunk-mnh2s-3748177197
2019-09-17 12:42:56,050 [pool-27-thread-1] INFO  storage.RaftStorage (RaftStorage.java:format(72)) - Storage directory /tmp/workdir/hadoop-ozone/tools/target/test-dir/MiniOzoneClusterImpl-50a1f6bc-759b-451e-a5dd-d4a59b2daa65/datanode-0/data/ratis/22b25e15-f7aa-4333-9a99-4d4b80019bf9 has been successfully formatted.
2019-09-17 12:42:56,053 [pool-27-thread-1] INFO  ratis.ContainerStateMachine (ContainerStateMachine.java:loadSnapshot(230)) - group-4D4B80019BF9: The snapshot info is null. Setting the last applied indexto:(t:0, i:~)
2019-09-17 12:42:56,054 [pool-27-thread-1] INFO  server.RaftServerConfigKeys (ConfUtils.java:logGet(43)) - raft.server.notification.no-leader.timeout = 120s (custom)
2019-09-17 12:42:56,057 [pool-27-thread-1] INFO  server.RaftServerConfigKeys (ConfUtils.java:logGet(43)) - raft.server.log.use.memory = false (default)
2019-09-17 12:42:56,068 [pool-27-thread-1] INFO  server.RaftServerConfigKeys (ConfUtils.java:logGet(43)) - raft.server.log.purge.gap = 1000000 (custom)
2019-09-17 12:42:56,068 [pool-27-thread-1] INFO  server.RaftServerConfigKeys (ConfUtils.java:logGet(43)) - raft.server.log.appender.buffer.byte-limit = 33554432 (custom)
2019-09-17 12:42:56,071 [pool-27-thread-1] INFO  server.RaftServerConfigKeys (ConfUtils.java:logGet(43)) - raft.server.log.segment.size.max = 1048576 (custom)
2019-09-17 12:42:56,077 [pool-27-thread-1] INFO  server.RaftServerConfigKeys (ConfUtils.java:logGet(43)) - raft.server.log.segment.cache.num.max = 2 (custom)
2019-09-17 12:42:56,084 [pool-27-thread-1] INFO  segmented.SegmentedRaftLogWorker (SegmentedRaftLogWorker.java:<init>(172)) - new 5e893e0a-56f7-4618-9f46-a6ff48173cb6@group-4D4B80019BF9-SegmentedRaftLogWorker for RaftStorage:Storage Directory /tmp/workdir/hadoop-ozone/tools/target/test-dir/MiniOzoneClusterImpl-50a1f6bc-759b-451e-a5dd-d4a59b2daa65/datanode-0/data/ratis/22b25e15-f7aa-4333-9a99-4d4b80019bf9
2019-09-17 12:42:56,086 [pool-27-thread-1] INFO  impl.MetricsSystemImpl (MetricsSystemImpl.java:init(158)) - ratis metrics system started (again)
2019-09-17 12:42:56,127 [pool-27-thread-1] INFO  server.RaftServerConfigKeys (ConfUtils.java:logGet(43)) - raft.server.log.queue.byte-limit = 2147483647 (custom)
2019-09-17 12:42:56,127 [pool-27-thread-1] INFO  server.RaftServerConfigKeys (ConfUtils.java:logGet(43)) - raft.server.log.queue.element-limit = 1024 (custom)
2019-09-17 12:42:56,131 [pool-27-thread-1] INFO  server.RaftServerConfigKeys (ConfUtils.java:logGet(43)) - raft.server.log.segment.size.max = 1048576 (custom)
2019-09-17 12:42:56,131 [pool-27-thread-1] INFO  server.RaftServerConfigKeys (ConfUtils.java:logGet(43)) - raft.server.log.preallocated.size = 16384 (custom)
2019-09-17 12:42:56,132 [pool-27-thread-1] INFO  server.RaftServerConfigKeys (ConfUtils.java:logGet(43)) - raft.server.log.write.buffer.size = 33554432 (custom)
2019-09-17 12:42:56,132 [pool-27-thread-1] INFO  server.RaftServerConfigKeys (ConfUtils.java:logGet(43)) - raft.server.log.force.sync.num = 128 (default)
2019-09-17 12:42:56,133 [pool-27-thread-1] INFO  server.RaftServerConfigKeys (ConfUtils.java:logGet(43)) - raft.server.log.statemachine.data.sync = true (default)
2019-09-17 12:42:56,134 [pool-27-thread-1] INFO  server.RaftServerConfigKeys (ConfUtils.java:logGet(43)) - raft.server.log.statemachine.data.sync.timeout = 10s (default)
2019-09-17 12:42:56,134 [pool-27-thread-1] INFO  server.RaftServerConfigKeys (ConfUtils.java:logGet(43)) - raft.server.log.statemachine.data.sync.timeout.retry = -1 (default)
2019-09-17 12:42:56,137 [main] INFO  freon.RandomKeyGenerator (RandomKeyGenerator.java:call(283)) - Number of Threads: 10
2019-09-17 12:42:56,138 [main] INFO  freon.RandomKeyGenerator (RandomKeyGenerator.java:call(288)) - Number of Volumes: 1.
2019-09-17 12:42:56,138 [main] INFO  freon.RandomKeyGenerator (RandomKeyGenerator.java:call(289)) - Number of Buckets per Volume: 1.
2019-09-17 12:42:56,138 [main] INFO  freon.RandomKeyGenerator (RandomKeyGenerator.java:call(290)) - Number of Keys per Bucket: 1.
2019-09-17 12:42:56,138 [main] INFO  freon.RandomKeyGenerator (RandomKeyGenerator.java:call(291)) - Key size: 20971520 bytes
2019-09-17 12:42:56,139 [main] INFO  freon.RandomKeyGenerator (RandomKeyGenerator.java:call(292)) - Buffer size: 4096 bytes
2019-09-17 12:42:56,139 [main] INFO  freon.RandomKeyGenerator (RandomKeyGenerator.java:call(293)) - validateWrites : true
2019-09-17 12:42:56,144 [main] INFO  freon.RandomKeyGenerator (RandomKeyGenerator.java:call(307)) - Data validation is enabled.
2019-09-17 12:42:56,146 [main] INFO  freon.RandomKeyGenerator (RandomKeyGenerator.java:call(313)) - Starting progress bar Thread.

 0.00% |█                                                                                                    |  0/1 Time: 0:00:002019-09-17 12:42:56,148 [pool-27-thread-1] INFO  server.RaftServerConfigKeys (ConfUtils.java:logGet(43)) - raft.server.log.statemachine.data.caching.enabled = true (custom)
2019-09-17 12:42:56,156 [pool-27-thread-1] INFO  segmented.SegmentedRaftLogWorker (SegmentedRaftLogWorker.java:lambda$new$0(132)) - 5e893e0a-56f7-4618-9f46-a6ff48173cb6@group-4D4B80019BF9-SegmentedRaftLogWorker: flushIndex: setUnconditionally 0 -> -1
2019-09-17 12:42:56,175 [pool-27-thread-1] INFO  server.RaftServerConfigKeys (ConfUtils.java:logGet(43)) - raft.server.snapshot.auto.trigger.enabled = true (custom)
2019-09-17 12:42:56,176 [pool-53-thread-1] INFO  rpc.RpcClient (RpcClient.java:createVolume(302)) - Creating Volume: vol-0-39281, with jenkins1000 as owner.
2019-09-17 12:42:56,181 [pool-27-thread-1] INFO  server.RaftServerConfigKeys (ConfUtils.java:logGet(43)) - raft.server.snapshot.auto.trigger.threshold = 10000 (custom)
2019-09-17 12:42:56,181 [pool-27-thread-1] INFO  server.RaftServerConfigKeys (ConfUtils.java:logGet(43)) - raft.server.snapshot.retention.num.files = 5 (custom)
2019-09-17 12:42:56,182 [pool-27-thread-1] INFO  server.RaftServerConfigKeys (ConfUtils.java:logGet(43)) - raft.server.retrycache.expirytime = 600000ms (custom)
2019-09-17 12:42:56,213 [pool-27-thread-1] INFO  impl.RaftServerImpl (RaftServerImpl.java:start(185)) - 5e893e0a-56f7-4618-9f46-a6ff48173cb6@group-4D4B80019BF9: start as a follower, conf=-1: [5e893e0a-56f7-4618-9f46-a6ff48173cb6:192.168.5.153:37060], old=null
2019-09-17 12:42:56,215 [pool-27-thread-1] INFO  impl.RaftServerImpl (RaftServerImpl.java:setRole(174)) - 5e893e0a-56f7-4618-9f46-a6ff48173cb6@group-4D4B80019BF9: changes role from      null to FOLLOWER at term 0 for startAsFollower
2019-09-17 12:42:56,216 [pool-27-thread-1] INFO  impl.RoleInfo (RoleInfo.java:updateAndGet(143)) - 5e893e0a-56f7-4618-9f46-a6ff48173cb6: start FollowerState
2019-09-17 12:42:56,218 [pool-27-thread-1] INFO  util.JmxRegister (JmxRegister.java:tryRegister(44)) - Successfully registered JMX Bean with object name Ratis:service=RaftServer,group=group-4D4B80019BF9,id=5e893e0a-56f7-4618-9f46-a6ff48173cb6
2019-09-17 12:42:56,275 [IPC Server handler 2 on 45066] INFO  volume.OMVolumeCreateRequest (OMVolumeCreateRequest.java:validateAndUpdateCache(189)) - created volume:vol-0-39281 for user:jenkins1000
2019-09-17 12:42:56,276 [RatisPipelineUtilsThread] INFO  pipeline.PipelineStateManager (PipelineStateManager.java:addPipeline(56)) - Created pipeline Pipeline[ Id: 22b25e15-f7aa-4333-9a99-4d4b80019bf9, Nodes: 5e893e0a-56f7-4618-9f46-a6ff48173cb6{ip: 192.168.5.153, host: pr-hdds-2137-trunk-mnh2s-3748177197, networkLocation: /default-rack, certSerialId: null}, Type:RATIS, Factor:ONE, State:OPEN]
2019-09-17 12:42:56,299 [grpc-default-executor-0] INFO  impl.RaftServerProxy (RaftServerProxy.java:addNew(89)) - 84ab4d91-000c-4523-9c5f-2c204b5f6601: addNew group-14F89A900EF1:[84ab4d91-000c-4523-9c5f-2c204b5f6601:192.168.5.153:39178] returns group-14F89A900EF1:java.util.concurrent.CompletableFuture@6f704d42[Not completed]
2019-09-17 12:42:56,316 [pool-37-thread-1] INFO  impl.RaftServerImpl (RaftServerImpl.java:<init>(95)) - 84ab4d91-000c-4523-9c5f-2c204b5f6601: new RaftServerImpl for group-14F89A900EF1:[84ab4d91-000c-4523-9c5f-2c204b5f6601:192.168.5.153:39178] with ContainerStateMachine:uninitialized
2019-09-17 12:42:56,318 [pool-37-thread-1] INFO  server.RaftServerConfigKeys (ConfUtils.java:logGet(43)) - raft.server.rpc.timeout.min = 5s (custom)
2019-09-17 12:42:56,319 [pool-37-thread-1] INFO  server.RaftServerConfigKeys (ConfUtils.java:logGet(43)) - raft.server.rpc.timeout.max = 5200ms (custom)
2019-09-17 12:42:56,319 [pool-37-thread-1] INFO  server.RaftServerConfigKeys (ConfUtils.java:logGet(43)) - raft.server.rpcslowness.timeout = 120s (custom)
2019-09-17 12:42:56,319 [pool-37-thread-1] INFO  server.RaftServerConfigKeys (ConfUtils.java:logGet(43)) - raft.server.sleep.deviation.threshold = 300 (default)
2019-09-17 12:42:56,319 [pool-37-thread-1] INFO  server.RaftServerConfigKeys (ConfUtils.java:logGet(43)) - raft.server.log.appender.install.snapshot.enabled = false (custom)
2019-09-17 12:42:56,319 [pool-37-thread-1] INFO  impl.RaftServerImpl (ServerState.java:<init>(103)) - 84ab4d91-000c-4523-9c5f-2c204b5f6601@group-14F89A900EF1: ConfigurationManager, init=-1: [84ab4d91-000c-4523-9c5f-2c204b5f6601:192.168.5.153:39178], old=null, confs=<EMPTY_MAP>
2019-09-17 12:42:56,319 [pool-37-thread-1] INFO  server.RaftServerConfigKeys (ConfUtils.java:logGet(43)) - raft.server.storage.dir = [/tmp/workdir/hadoop-ozone/tools/target/test-dir/MiniOzoneClusterImpl-50a1f6bc-759b-451e-a5dd-d4a59b2daa65/datanode-1/data/ratis] (custom)
2019-09-17 12:42:56,320 [pool-37-thread-1] INFO  storage.RaftStorageDirectory (RaftStorageDirectory.java:analyzeStorage(246)) - The storage directory /tmp/workdir/hadoop-ozone/tools/target/test-dir/MiniOzoneClusterImpl-50a1f6bc-759b-451e-a5dd-d4a59b2daa65/datanode-1/data/ratis/a6e311cf-8451-473b-8f4f-14f89a900ef1 does not exist. Creating ...
2019-09-17 12:42:56,333 [pool-53-thread-2] INFO  rpc.RpcClient (RpcClient.java:createBucket(441)) - Creating Bucket: vol-0-39281/bucket-0-37671, with Versioning false and Storage Type set to DISK and Encryption set to false 
2019-09-17 12:42:56,425 [pool-37-thread-1] INFO  storage.RaftStorageDirectory (RaftStorageDirectory.java:tryLock(328)) - Lock on /tmp/workdir/hadoop-ozone/tools/target/test-dir/MiniOzoneClusterImpl-50a1f6bc-759b-451e-a5dd-d4a59b2daa65/datanode-1/data/ratis/a6e311cf-8451-473b-8f4f-14f89a900ef1/in_use.lock acquired by nodename 20616@pr-hdds-2137-trunk-mnh2s-3748177197
2019-09-17 12:42:56,442 [pool-37-thread-1] INFO  storage.RaftStorage (RaftStorage.java:format(72)) - Storage directory /tmp/workdir/hadoop-ozone/tools/target/test-dir/MiniOzoneClusterImpl-50a1f6bc-759b-451e-a5dd-d4a59b2daa65/datanode-1/data/ratis/a6e311cf-8451-473b-8f4f-14f89a900ef1 has been successfully formatted.
2019-09-17 12:42:56,443 [pool-37-thread-1] INFO  ratis.ContainerStateMachine (ContainerStateMachine.java:loadSnapshot(230)) - group-14F89A900EF1: The snapshot info is null. Setting the last applied indexto:(t:0, i:~)
2019-09-17 12:42:56,445 [pool-37-thread-1] INFO  server.RaftServerConfigKeys (ConfUtils.java:logGet(43)) - raft.server.notification.no-leader.timeout = 120s (custom)
2019-09-17 12:42:56,445 [pool-37-thread-1] INFO  server.RaftServerConfigKeys (ConfUtils.java:logGet(43)) - raft.server.log.use.memory = false (default)
2019-09-17 12:42:56,445 [pool-37-thread-1] INFO  server.RaftServerConfigKeys (ConfUtils.java:logGet(43)) - raft.server.log.purge.gap = 1000000 (custom)
2019-09-17 12:42:56,445 [pool-37-thread-1] INFO  server.RaftServerConfigKeys (ConfUtils.java:logGet(43)) - raft.server.log.appender.buffer.byte-limit = 33554432 (custom)
2019-09-17 12:42:56,446 [pool-37-thread-1] INFO  server.RaftServerConfigKeys (ConfUtils.java:logGet(43)) - raft.server.log.segment.size.max = 1048576 (custom)
2019-09-17 12:42:56,446 [pool-37-thread-1] INFO  server.RaftServerConfigKeys (ConfUtils.java:logGet(43)) - raft.server.log.segment.cache.num.max = 2 (custom)
2019-09-17 12:42:56,446 [pool-37-thread-1] INFO  segmented.SegmentedRaftLogWorker (SegmentedRaftLogWorker.java:<init>(172)) - new 84ab4d91-000c-4523-9c5f-2c204b5f6601@group-14F89A900EF1-SegmentedRaftLogWorker for RaftStorage:Storage Directory /tmp/workdir/hadoop-ozone/tools/target/test-dir/MiniOzoneClusterImpl-50a1f6bc-759b-451e-a5dd-d4a59b2daa65/datanode-1/data/ratis/a6e311cf-8451-473b-8f4f-14f89a900ef1
2019-09-17 12:42:56,455 [pool-37-thread-1] INFO  server.RaftServerConfigKeys (ConfUtils.java:logGet(43)) - raft.server.log.queue.byte-limit = 2147483647 (custom)
2019-09-17 12:42:56,456 [pool-37-thread-1] INFO  server.RaftServerConfigKeys (ConfUtils.java:logGet(43)) - raft.server.log.queue.element-limit = 1024 (custom)
2019-09-17 12:42:56,456 [pool-37-thread-1] INFO  server.RaftServerConfigKeys (ConfUtils.java:logGet(43)) - raft.server.log.segment.size.max = 1048576 (custom)
2019-09-17 12:42:56,456 [pool-37-thread-1] INFO  server.RaftServerConfigKeys (ConfUtils.java:logGet(43)) - raft.server.log.preallocated.size = 16384 (custom)
2019-09-17 12:42:56,457 [pool-37-thread-1] INFO  server.RaftServerConfigKeys (ConfUtils.java:logGet(43)) - raft.server.log.write.buffer.size = 33554432 (custom)
2019-09-17 12:42:56,457 [pool-37-thread-1] INFO  server.RaftServerConfigKeys (ConfUtils.java:logGet(43)) - raft.server.log.force.sync.num = 128 (default)
2019-09-17 12:42:56,457 [pool-37-thread-1] INFO  server.RaftServerConfigKeys (ConfUtils.java:logGet(43)) - raft.server.log.statemachine.data.sync = true (default)
2019-09-17 12:42:56,457 [pool-37-thread-1] INFO  server.RaftServerConfigKeys (ConfUtils.java:logGet(43)) - raft.server.log.statemachine.data.sync.timeout = 10s (default)
2019-09-17 12:42:56,457 [pool-37-thread-1] INFO  server.RaftServerConfigKeys (ConfUtils.java:logGet(43)) - raft.server.log.statemachine.data.sync.timeout.retry = -1 (default)
2019-09-17 12:42:56,458 [pool-37-thread-1] INFO  server.RaftServerConfigKeys (ConfUtils.java:logGet(43)) - raft.server.log.statemachine.data.caching.enabled = true (custom)
2019-09-17 12:42:56,459 [pool-37-thread-1] INFO  segmented.SegmentedRaftLogWorker (SegmentedRaftLogWorker.java:lambda$new$0(132)) - 84ab4d91-000c-4523-9c5f-2c204b5f6601@group-14F89A900EF1-SegmentedRaftLogWorker: flushIndex: setUnconditionally 0 -> -1
2019-09-17 12:42:56,459 [pool-37-thread-1] INFO  server.RaftServerConfigKeys (ConfUtils.java:logGet(43)) - raft.server.snapshot.auto.trigger.enabled = true (custom)
2019-09-17 12:42:56,459 [pool-37-thread-1] INFO  server.RaftServerConfigKeys (ConfUtils.java:logGet(43)) - raft.server.snapshot.auto.trigger.threshold = 10000 (custom)
2019-09-17 12:42:56,460 [pool-37-thread-1] INFO  server.RaftServerConfigKeys (ConfUtils.java:logGet(43)) - raft.server.snapshot.retention.num.files = 5 (custom)
2019-09-17 12:42:56,460 [pool-37-thread-1] INFO  server.RaftServerConfigKeys (ConfUtils.java:logGet(43)) - raft.server.retrycache.expirytime = 600000ms (custom)
2019-09-17 12:42:56,468 [pool-37-thread-1] INFO  impl.RaftServerImpl (RaftServerImpl.java:start(185)) - 84ab4d91-000c-4523-9c5f-2c204b5f6601@group-14F89A900EF1: start as a follower, conf=-1: [84ab4d91-000c-4523-9c5f-2c204b5f6601:192.168.5.153:39178], old=null
2019-09-17 12:42:56,468 [pool-37-thread-1] INFO  impl.RaftServerImpl (RaftServerImpl.java:setRole(174)) - 84ab4d91-000c-4523-9c5f-2c204b5f6601@group-14F89A900EF1: changes role from      null to FOLLOWER at term 0 for startAsFollower
2019-09-17 12:42:56,468 [pool-37-thread-1] INFO  impl.RoleInfo (RoleInfo.java:updateAndGet(143)) - 84ab4d91-000c-4523-9c5f-2c204b5f6601: start FollowerState
2019-09-17 12:42:56,470 [pool-37-thread-1] INFO  util.JmxRegister (JmxRegister.java:tryRegister(44)) - Successfully registered JMX Bean with object name Ratis:service=RaftServer,group=group-14F89A900EF1,id=84ab4d91-000c-4523-9c5f-2c204b5f6601
2019-09-17 12:42:56,486 [RatisPipelineUtilsThread] INFO  pipeline.PipelineStateManager (PipelineStateManager.java:addPipeline(56)) - Created pipeline Pipeline[ Id: a6e311cf-8451-473b-8f4f-14f89a900ef1, Nodes: 84ab4d91-000c-4523-9c5f-2c204b5f6601{ip: 192.168.5.153, host: pr-hdds-2137-trunk-mnh2s-3748177197, networkLocation: /default-rack, certSerialId: null}, Type:RATIS, Factor:ONE, State:OPEN]
2019-09-17 12:42:56,509 [grpc-default-executor-0] INFO  impl.RaftServerProxy (RaftServerProxy.java:addNew(89)) - f7ede272-a28a-44e0-9552-15581fc2de04: addNew group-3B31392AC031:[f7ede272-a28a-44e0-9552-15581fc2de04:192.168.5.153:38263] returns group-3B31392AC031:java.util.concurrent.CompletableFuture@3dc2bd6c[Not completed]
2019-09-17 12:42:56,532 [pool-47-thread-1] INFO  impl.RaftServerImpl (RaftServerImpl.java:<init>(95)) - f7ede272-a28a-44e0-9552-15581fc2de04: new RaftServerImpl for group-3B31392AC031:[f7ede272-a28a-44e0-9552-15581fc2de04:192.168.5.153:38263] with ContainerStateMachine:uninitialized
2019-09-17 12:42:56,533 [pool-47-thread-1] INFO  server.RaftServerConfigKeys (ConfUtils.java:logGet(43)) - raft.server.rpc.timeout.min = 5s (custom)
2019-09-17 12:42:56,533 [pool-47-thread-1] INFO  server.RaftServerConfigKeys (ConfUtils.java:logGet(43)) - raft.server.rpc.timeout.max = 5200ms (custom)
2019-09-17 12:42:56,533 [pool-47-thread-1] INFO  server.RaftServerConfigKeys (ConfUtils.java:logGet(43)) - raft.server.rpcslowness.timeout = 120s (custom)
2019-09-17 12:42:56,534 [pool-47-thread-1] INFO  server.RaftServerConfigKeys (ConfUtils.java:logGet(43)) - raft.server.sleep.deviation.threshold = 300 (default)
2019-09-17 12:42:56,534 [pool-47-thread-1] INFO  server.RaftServerConfigKeys (ConfUtils.java:logGet(43)) - raft.server.log.appender.install.snapshot.enabled = false (custom)
2019-09-17 12:42:56,534 [pool-47-thread-1] INFO  impl.RaftServerImpl (ServerState.java:<init>(103)) - f7ede272-a28a-44e0-9552-15581fc2de04@group-3B31392AC031: ConfigurationManager, init=-1: [f7ede272-a28a-44e0-9552-15581fc2de04:192.168.5.153:38263], old=null, confs=<EMPTY_MAP>
2019-09-17 12:42:56,534 [pool-47-thread-1] INFO  server.RaftServerConfigKeys (ConfUtils.java:logGet(43)) - raft.server.storage.dir = [/tmp/workdir/hadoop-ozone/tools/target/test-dir/MiniOzoneClusterImpl-50a1f6bc-759b-451e-a5dd-d4a59b2daa65/datanode-2/data/ratis] (custom)
2019-09-17 12:42:56,535 [pool-47-thread-1] INFO  storage.RaftStorageDirectory (RaftStorageDirectory.java:analyzeStorage(246)) - The storage directory /tmp/workdir/hadoop-ozone/tools/target/test-dir/MiniOzoneClusterImpl-50a1f6bc-759b-451e-a5dd-d4a59b2daa65/datanode-2/data/ratis/cf62d0d4-86de-42de-858f-3b31392ac031 does not exist. Creating ...
2019-09-17 12:42:56,558 [pool-47-thread-1] INFO  storage.RaftStorageDirectory (RaftStorageDirectory.java:tryLock(328)) - Lock on /tmp/workdir/hadoop-ozone/tools/target/test-dir/MiniOzoneClusterImpl-50a1f6bc-759b-451e-a5dd-d4a59b2daa65/datanode-2/data/ratis/cf62d0d4-86de-42de-858f-3b31392ac031/in_use.lock acquired by nodename 20616@pr-hdds-2137-trunk-mnh2s-3748177197
2019-09-17 12:42:56,587 [pool-47-thread-1] INFO  storage.RaftStorage (RaftStorage.java:format(72)) - Storage directory /tmp/workdir/hadoop-ozone/tools/target/test-dir/MiniOzoneClusterImpl-50a1f6bc-759b-451e-a5dd-d4a59b2daa65/datanode-2/data/ratis/cf62d0d4-86de-42de-858f-3b31392ac031 has been successfully formatted.
2019-09-17 12:42:56,588 [pool-47-thread-1] INFO  ratis.ContainerStateMachine (ContainerStateMachine.java:loadSnapshot(230)) - group-3B31392AC031: The snapshot info is null. Setting the last applied indexto:(t:0, i:~)
2019-09-17 12:42:56,588 [pool-47-thread-1] INFO  server.RaftServerConfigKeys (ConfUtils.java:logGet(43)) - raft.server.notification.no-leader.timeout = 120s (custom)
2019-09-17 12:42:56,588 [pool-47-thread-1] INFO  server.RaftServerConfigKeys (ConfUtils.java:logGet(43)) - raft.server.log.use.memory = false (default)
2019-09-17 12:42:56,588 [pool-47-thread-1] INFO  server.RaftServerConfigKeys (ConfUtils.java:logGet(43)) - raft.server.log.purge.gap = 1000000 (custom)
2019-09-17 12:42:56,589 [pool-47-thread-1] INFO  server.RaftServerConfigKeys (ConfUtils.java:logGet(43)) - raft.server.log.appender.buffer.byte-limit = 33554432 (custom)
2019-09-17 12:42:56,589 [pool-47-thread-1] INFO  server.RaftServerConfigKeys (ConfUtils.java:logGet(43)) - raft.server.log.segment.size.max = 1048576 (custom)
2019-09-17 12:42:56,589 [pool-47-thread-1] INFO  server.RaftServerConfigKeys (ConfUtils.java:logGet(43)) - raft.server.log.segment.cache.num.max = 2 (custom)
2019-09-17 12:42:56,589 [pool-47-thread-1] INFO  segmented.SegmentedRaftLogWorker (SegmentedRaftLogWorker.java:<init>(172)) - new f7ede272-a28a-44e0-9552-15581fc2de04@group-3B31392AC031-SegmentedRaftLogWorker for RaftStorage:Storage Directory /tmp/workdir/hadoop-ozone/tools/target/test-dir/MiniOzoneClusterImpl-50a1f6bc-759b-451e-a5dd-d4a59b2daa65/datanode-2/data/ratis/cf62d0d4-86de-42de-858f-3b31392ac031
2019-09-17 12:42:56,616 [pool-47-thread-1] INFO  server.RaftServerConfigKeys (ConfUtils.java:logGet(43)) - raft.server.log.queue.byte-limit = 2147483647 (custom)
2019-09-17 12:42:56,616 [pool-47-thread-1] INFO  server.RaftServerConfigKeys (ConfUtils.java:logGet(43)) - raft.server.log.queue.element-limit = 1024 (custom)
2019-09-17 12:42:56,616 [pool-47-thread-1] INFO  server.RaftServerConfigKeys (ConfUtils.java:logGet(43)) - raft.server.log.segment.size.max = 1048576 (custom)
2019-09-17 12:42:56,617 [pool-47-thread-1] INFO  server.RaftServerConfigKeys (ConfUtils.java:logGet(43)) - raft.server.log.preallocated.size = 16384 (custom)
2019-09-17 12:42:56,617 [pool-47-thread-1] INFO  server.RaftServerConfigKeys (ConfUtils.java:logGet(43)) - raft.server.log.write.buffer.size = 33554432 (custom)
2019-09-17 12:42:56,617 [pool-47-thread-1] INFO  server.RaftServerConfigKeys (ConfUtils.java:logGet(43)) - raft.server.log.force.sync.num = 128 (default)
2019-09-17 12:42:56,617 [pool-47-thread-1] INFO  server.RaftServerConfigKeys (ConfUtils.java:logGet(43)) - raft.server.log.statemachine.data.sync = true (default)
2019-09-17 12:42:56,617 [pool-47-thread-1] INFO  server.RaftServerConfigKeys (ConfUtils.java:logGet(43)) - raft.server.log.statemachine.data.sync.timeout = 10s (default)
2019-09-17 12:42:56,617 [pool-47-thread-1] INFO  server.RaftServerConfigKeys (ConfUtils.java:logGet(43)) - raft.server.log.statemachine.data.sync.timeout.retry = -1 (default)
2019-09-17 12:42:56,618 [pool-47-thread-1] INFO  server.RaftServerConfigKeys (ConfUtils.java:logGet(43)) - raft.server.log.statemachine.data.caching.enabled = true (custom)
2019-09-17 12:42:56,618 [pool-47-thread-1] INFO  segmented.SegmentedRaftLogWorker (SegmentedRaftLogWorker.java:lambda$new$0(132)) - f7ede272-a28a-44e0-9552-15581fc2de04@group-3B31392AC031-SegmentedRaftLogWorker: flushIndex: setUnconditionally 0 -> -1
2019-09-17 12:42:56,619 [pool-47-thread-1] INFO  server.RaftServerConfigKeys (ConfUtils.java:logGet(43)) - raft.server.snapshot.auto.trigger.enabled = true (custom)
2019-09-17 12:42:56,619 [pool-47-thread-1] INFO  server.RaftServerConfigKeys (ConfUtils.java:logGet(43)) - raft.server.snapshot.auto.trigger.threshold = 10000 (custom)
2019-09-17 12:42:56,619 [pool-47-thread-1] INFO  server.RaftServerConfigKeys (ConfUtils.java:logGet(43)) - raft.server.snapshot.retention.num.files = 5 (custom)
2019-09-17 12:42:56,619 [pool-47-thread-1] INFO  server.RaftServerConfigKeys (ConfUtils.java:logGet(43)) - raft.server.retrycache.expirytime = 600000ms (custom)
2019-09-17 12:42:56,623 [pool-47-thread-1] INFO  impl.RaftServerImpl (RaftServerImpl.java:start(185)) - f7ede272-a28a-44e0-9552-15581fc2de04@group-3B31392AC031: start as a follower, conf=-1: [f7ede272-a28a-44e0-9552-15581fc2de04:192.168.5.153:38263], old=null
2019-09-17 12:42:56,624 [pool-47-thread-1] INFO  impl.RaftServerImpl (RaftServerImpl.java:setRole(174)) - f7ede272-a28a-44e0-9552-15581fc2de04@group-3B31392AC031: changes role from      null to FOLLOWER at term 0 for startAsFollower
2019-09-17 12:42:56,624 [pool-47-thread-1] INFO  impl.RoleInfo (RoleInfo.java:updateAndGet(143)) - f7ede272-a28a-44e0-9552-15581fc2de04: start FollowerState
2019-09-17 12:42:56,624 [pool-47-thread-1] INFO  util.JmxRegister (JmxRegister.java:tryRegister(44)) - Successfully registered JMX Bean with object name Ratis:service=RaftServer,group=group-3B31392AC031,id=f7ede272-a28a-44e0-9552-15581fc2de04
2019-09-17 12:42:56,636 [RatisPipelineUtilsThread] INFO  pipeline.PipelineStateManager (PipelineStateManager.java:addPipeline(56)) - Created pipeline Pipeline[ Id: cf62d0d4-86de-42de-858f-3b31392ac031, Nodes: f7ede272-a28a-44e0-9552-15581fc2de04{ip: 192.168.5.153, host: pr-hdds-2137-trunk-mnh2s-3748177197, networkLocation: /default-rack, certSerialId: null}, Type:RATIS, Factor:ONE, State:OPEN]
2019-09-17 12:42:56,668 [grpc-default-executor-1] INFO  impl.RaftServerProxy (RaftServerProxy.java:addNew(89)) - 5e893e0a-56f7-4618-9f46-a6ff48173cb6: addNew group-A43DC1D745E9:[5e893e0a-56f7-4618-9f46-a6ff48173cb6:192.168.5.153:37060, 84ab4d91-000c-4523-9c5f-2c204b5f6601:192.168.5.153:39178, f7ede272-a28a-44e0-9552-15581fc2de04:192.168.5.153:38263] returns group-A43DC1D745E9:java.util.concurrent.CompletableFuture@befc321[Not completed]
2019-09-17 12:42:56,671 [grpc-default-executor-2] INFO  impl.RaftServerProxy (RaftServerProxy.java:addNew(89)) - f7ede272-a28a-44e0-9552-15581fc2de04: addNew group-A43DC1D745E9:[5e893e0a-56f7-4618-9f46-a6ff48173cb6:192.168.5.153:37060, 84ab4d91-000c-4523-9c5f-2c204b5f6601:192.168.5.153:39178, f7ede272-a28a-44e0-9552-15581fc2de04:192.168.5.153:38263] returns group-A43DC1D745E9:java.util.concurrent.CompletableFuture@6b4710d0[Not completed]
2019-09-17 12:42:56,671 [grpc-default-executor-0] INFO  impl.RaftServerProxy (RaftServerProxy.java:addNew(89)) - 84ab4d91-000c-4523-9c5f-2c204b5f6601: addNew group-A43DC1D745E9:[5e893e0a-56f7-4618-9f46-a6ff48173cb6:192.168.5.153:37060, 84ab4d91-000c-4523-9c5f-2c204b5f6601:192.168.5.153:39178, f7ede272-a28a-44e0-9552-15581fc2de04:192.168.5.153:38263] returns group-A43DC1D745E9:java.util.concurrent.CompletableFuture@594fbf68[Not completed]
2019-09-17 12:42:56,672 [pool-27-thread-1] INFO  impl.RaftServerImpl (RaftServerImpl.java:<init>(95)) - 5e893e0a-56f7-4618-9f46-a6ff48173cb6: new RaftServerImpl for group-A43DC1D745E9:[5e893e0a-56f7-4618-9f46-a6ff48173cb6:192.168.5.153:37060, 84ab4d91-000c-4523-9c5f-2c204b5f6601:192.168.5.153:39178, f7ede272-a28a-44e0-9552-15581fc2de04:192.168.5.153:38263] with ContainerStateMachine:uninitialized
2019-09-17 12:42:56,673 [pool-27-thread-1] INFO  server.RaftServerConfigKeys (ConfUtils.java:logGet(43)) - raft.server.rpc.timeout.min = 5s (custom)
2019-09-17 12:42:56,673 [pool-27-thread-1] INFO  server.RaftServerConfigKeys (ConfUtils.java:logGet(43)) - raft.server.rpc.timeout.max = 5200ms (custom)
2019-09-17 12:42:56,673 [pool-27-thread-1] INFO  server.RaftServerConfigKeys (ConfUtils.java:logGet(43)) - raft.server.rpcslowness.timeout = 120s (custom)
2019-09-17 12:42:56,673 [pool-27-thread-1] INFO  server.RaftServerConfigKeys (ConfUtils.java:logGet(43)) - raft.server.sleep.deviation.threshold = 300 (default)
2019-09-17 12:42:56,673 [pool-27-thread-1] INFO  server.RaftServerConfigKeys (ConfUtils.java:logGet(43)) - raft.server.log.appender.install.snapshot.enabled = false (custom)
2019-09-17 12:42:56,674 [pool-27-thread-1] INFO  impl.RaftServerImpl (ServerState.java:<init>(103)) - 5e893e0a-56f7-4618-9f46-a6ff48173cb6@group-A43DC1D745E9: ConfigurationManager, init=-1: [5e893e0a-56f7-4618-9f46-a6ff48173cb6:192.168.5.153:37060, 84ab4d91-000c-4523-9c5f-2c204b5f6601:192.168.5.153:39178, f7ede272-a28a-44e0-9552-15581fc2de04:192.168.5.153:38263], old=null, confs=<EMPTY_MAP>
2019-09-17 12:42:56,674 [pool-37-thread-1] INFO  impl.RaftServerImpl (RaftServerImpl.java:<init>(95)) - 84ab4d91-000c-4523-9c5f-2c204b5f6601: new RaftServerImpl for group-A43DC1D745E9:[5e893e0a-56f7-4618-9f46-a6ff48173cb6:192.168.5.153:37060, 84ab4d91-000c-4523-9c5f-2c204b5f6601:192.168.5.153:39178, f7ede272-a28a-44e0-9552-15581fc2de04:192.168.5.153:38263] with ContainerStateMachine:uninitialized
2019-09-17 12:42:56,674 [pool-27-thread-1] INFO  server.RaftServerConfigKeys (ConfUtils.java:logGet(43)) - raft.server.storage.dir = [/tmp/workdir/hadoop-ozone/tools/target/test-dir/MiniOzoneClusterImpl-50a1f6bc-759b-451e-a5dd-d4a59b2daa65/datanode-0/data/ratis] (custom)
2019-09-17 12:42:56,674 [pool-37-thread-1] INFO  server.RaftServerConfigKeys (ConfUtils.java:logGet(43)) - raft.server.rpc.timeout.min = 5s (custom)
2019-09-17 12:42:56,674 [pool-37-thread-1] INFO  server.RaftServerConfigKeys (ConfUtils.java:logGet(43)) - raft.server.rpc.timeout.max = 5200ms (custom)
2019-09-17 12:42:56,675 [pool-27-thread-1] INFO  storage.RaftStorageDirectory (RaftStorageDirectory.java:analyzeStorage(246)) - The storage directory /tmp/workdir/hadoop-ozone/tools/target/test-dir/MiniOzoneClusterImpl-50a1f6bc-759b-451e-a5dd-d4a59b2daa65/datanode-0/data/ratis/de0cac9c-8394-42f1-b79d-a43dc1d745e9 does not exist. Creating ...
2019-09-17 12:42:56,675 [pool-37-thread-1] INFO  server.RaftServerConfigKeys (ConfUtils.java:logGet(43)) - raft.server.rpcslowness.timeout = 120s (custom)
2019-09-17 12:42:56,675 [pool-47-thread-1] INFO  impl.RaftServerImpl (RaftServerImpl.java:<init>(95)) - f7ede272-a28a-44e0-9552-15581fc2de04: new RaftServerImpl for group-A43DC1D745E9:[5e893e0a-56f7-4618-9f46-a6ff48173cb6:192.168.5.153:37060, 84ab4d91-000c-4523-9c5f-2c204b5f6601:192.168.5.153:39178, f7ede272-a28a-44e0-9552-15581fc2de04:192.168.5.153:38263] with ContainerStateMachine:uninitialized
2019-09-17 12:42:56,675 [pool-37-thread-1] INFO  server.RaftServerConfigKeys (ConfUtils.java:logGet(43)) - raft.server.sleep.deviation.threshold = 300 (default)
2019-09-17 12:42:56,675 [pool-47-thread-1] INFO  server.RaftServerConfigKeys (ConfUtils.java:logGet(43)) - raft.server.rpc.timeout.min = 5s (custom)
2019-09-17 12:42:56,675 [pool-37-thread-1] INFO  server.RaftServerConfigKeys (ConfUtils.java:logGet(43)) - raft.server.log.appender.install.snapshot.enabled = false (custom)
2019-09-17 12:42:56,675 [pool-47-thread-1] INFO  server.RaftServerConfigKeys (ConfUtils.java:logGet(43)) - raft.server.rpc.timeout.max = 5200ms (custom)
2019-09-17 12:42:56,676 [pool-37-thread-1] INFO  impl.RaftServerImpl (ServerState.java:<init>(103)) - 84ab4d91-000c-4523-9c5f-2c204b5f6601@group-A43DC1D745E9: ConfigurationManager, init=-1: [5e893e0a-56f7-4618-9f46-a6ff48173cb6:192.168.5.153:37060, 84ab4d91-000c-4523-9c5f-2c204b5f6601:192.168.5.153:39178, f7ede272-a28a-44e0-9552-15581fc2de04:192.168.5.153:38263], old=null, confs=<EMPTY_MAP>
2019-09-17 12:42:56,676 [pool-47-thread-1] INFO  server.RaftServerConfigKeys (ConfUtils.java:logGet(43)) - raft.server.rpcslowness.timeout = 120s (custom)
2019-09-17 12:42:56,676 [pool-47-thread-1] INFO  server.RaftServerConfigKeys (ConfUtils.java:logGet(43)) - raft.server.sleep.deviation.threshold = 300 (default)
2019-09-17 12:42:56,676 [pool-37-thread-1] INFO  server.RaftServerConfigKeys (ConfUtils.java:logGet(43)) - raft.server.storage.dir = [/tmp/workdir/hadoop-ozone/tools/target/test-dir/MiniOzoneClusterImpl-50a1f6bc-759b-451e-a5dd-d4a59b2daa65/datanode-1/data/ratis] (custom)
2019-09-17 12:42:56,676 [pool-47-thread-1] INFO  server.RaftServerConfigKeys (ConfUtils.java:logGet(43)) - raft.server.log.appender.install.snapshot.enabled = false (custom)
2019-09-17 12:42:56,676 [pool-47-thread-1] INFO  impl.RaftServerImpl (ServerState.java:<init>(103)) - f7ede272-a28a-44e0-9552-15581fc2de04@group-A43DC1D745E9: ConfigurationManager, init=-1: [5e893e0a-56f7-4618-9f46-a6ff48173cb6:192.168.5.153:37060, 84ab4d91-000c-4523-9c5f-2c204b5f6601:192.168.5.153:39178, f7ede272-a28a-44e0-9552-15581fc2de04:192.168.5.153:38263], old=null, confs=<EMPTY_MAP>
2019-09-17 12:42:56,677 [pool-37-thread-1] INFO  storage.RaftStorageDirectory (RaftStorageDirectory.java:analyzeStorage(246)) - The storage directory /tmp/workdir/hadoop-ozone/tools/target/test-dir/MiniOzoneClusterImpl-50a1f6bc-759b-451e-a5dd-d4a59b2daa65/datanode-1/data/ratis/de0cac9c-8394-42f1-b79d-a43dc1d745e9 does not exist. Creating ...
2019-09-17 12:42:56,677 [pool-47-thread-1] INFO  server.RaftServerConfigKeys (ConfUtils.java:logGet(43)) - raft.server.storage.dir = [/tmp/workdir/hadoop-ozone/tools/target/test-dir/MiniOzoneClusterImpl-50a1f6bc-759b-451e-a5dd-d4a59b2daa65/datanode-2/data/ratis] (custom)
2019-09-17 12:42:56,677 [pool-47-thread-1] INFO  storage.RaftStorageDirectory (RaftStorageDirectory.java:analyzeStorage(246)) - The storage directory /tmp/workdir/hadoop-ozone/tools/target/test-dir/MiniOzoneClusterImpl-50a1f6bc-759b-451e-a5dd-d4a59b2daa65/datanode-2/data/ratis/de0cac9c-8394-42f1-b79d-a43dc1d745e9 does not exist. Creating ...
2019-09-17 12:42:56,690 [pool-37-thread-1] INFO  storage.RaftStorageDirectory (RaftStorageDirectory.java:tryLock(328)) - Lock on /tmp/workdir/hadoop-ozone/tools/target/test-dir/MiniOzoneClusterImpl-50a1f6bc-759b-451e-a5dd-d4a59b2daa65/datanode-1/data/ratis/de0cac9c-8394-42f1-b79d-a43dc1d745e9/in_use.lock acquired by nodename 20616@pr-hdds-2137-trunk-mnh2s-3748177197
2019-09-17 12:42:56,690 [pool-47-thread-1] INFO  storage.RaftStorageDirectory (RaftStorageDirectory.java:tryLock(328)) - Lock on /tmp/workdir/hadoop-ozone/tools/target/test-dir/MiniOzoneClusterImpl-50a1f6bc-759b-451e-a5dd-d4a59b2daa65/datanode-2/data/ratis/de0cac9c-8394-42f1-b79d-a43dc1d745e9/in_use.lock acquired by nodename 20616@pr-hdds-2137-trunk-mnh2s-3748177197
2019-09-17 12:42:56,690 [pool-27-thread-1] INFO  storage.RaftStorageDirectory (RaftStorageDirectory.java:tryLock(328)) - Lock on /tmp/workdir/hadoop-ozone/tools/target/test-dir/MiniOzoneClusterImpl-50a1f6bc-759b-451e-a5dd-d4a59b2daa65/datanode-0/data/ratis/de0cac9c-8394-42f1-b79d-a43dc1d745e9/in_use.lock acquired by nodename 20616@pr-hdds-2137-trunk-mnh2s-3748177197
2019-09-17 12:42:56,705 [pool-47-thread-1] INFO  storage.RaftStorage (RaftStorage.java:format(72)) - Storage directory /tmp/workdir/hadoop-ozone/tools/target/test-dir/MiniOzoneClusterImpl-50a1f6bc-759b-451e-a5dd-d4a59b2daa65/datanode-2/data/ratis/de0cac9c-8394-42f1-b79d-a43dc1d745e9 has been successfully formatted.
2019-09-17 12:42:56,706 [pool-37-thread-1] INFO  storage.RaftStorage (RaftStorage.java:format(72)) - Storage directory /tmp/workdir/hadoop-ozone/tools/target/test-dir/MiniOzoneClusterImpl-50a1f6bc-759b-451e-a5dd-d4a59b2daa65/datanode-1/data/ratis/de0cac9c-8394-42f1-b79d-a43dc1d745e9 has been successfully formatted.
2019-09-17 12:42:56,706 [pool-47-thread-1] INFO  ratis.ContainerStateMachine (ContainerStateMachine.java:loadSnapshot(230)) - group-A43DC1D745E9: The snapshot info is null. Setting the last applied indexto:(t:0, i:~)
2019-09-17 12:42:56,706 [pool-27-thread-1] INFO  storage.RaftStorage (RaftStorage.java:format(72)) - Storage directory /tmp/workdir/hadoop-ozone/tools/target/test-dir/MiniOzoneClusterImpl-50a1f6bc-759b-451e-a5dd-d4a59b2daa65/datanode-0/data/ratis/de0cac9c-8394-42f1-b79d-a43dc1d745e9 has been successfully formatted.
2019-09-17 12:42:56,706 [pool-37-thread-1] INFO  ratis.ContainerStateMachine (ContainerStateMachine.java:loadSnapshot(230)) - group-A43DC1D745E9: The snapshot info is null. Setting the last applied indexto:(t:0, i:~)
2019-09-17 12:42:56,706 [pool-47-thread-1] INFO  server.RaftServerConfigKeys (ConfUtils.java:logGet(43)) - raft.server.notification.no-leader.timeout = 120s (custom)
2019-09-17 12:42:56,707 [pool-37-thread-1] INFO  server.RaftServerConfigKeys (ConfUtils.java:logGet(43)) - raft.server.notification.no-leader.timeout = 120s (custom)
2019-09-17 12:42:56,707 [pool-27-thread-1] INFO  ratis.ContainerStateMachine (ContainerStateMachine.java:loadSnapshot(230)) - group-A43DC1D745E9: The snapshot info is null. Setting the last applied indexto:(t:0, i:~)
2019-09-17 12:42:56,707 [pool-37-thread-1] INFO  server.RaftServerConfigKeys (ConfUtils.java:logGet(43)) - raft.server.log.use.memory = false (default)
2019-09-17 12:42:56,707 [pool-47-thread-1] INFO  server.RaftServerConfigKeys (ConfUtils.java:logGet(43)) - raft.server.log.use.memory = false (default)
2019-09-17 12:42:56,708 [pool-37-thread-1] INFO  server.RaftServerConfigKeys (ConfUtils.java:logGet(43)) - raft.server.log.purge.gap = 1000000 (custom)
2019-09-17 12:42:56,708 [pool-27-thread-1] INFO  server.RaftServerConfigKeys (ConfUtils.java:logGet(43)) - raft.server.notification.no-leader.timeout = 120s (custom)
2019-09-17 12:42:56,708 [pool-37-thread-1] INFO  server.RaftServerConfigKeys (ConfUtils.java:logGet(43)) - raft.server.log.appender.buffer.byte-limit = 33554432 (custom)
2019-09-17 12:42:56,708 [pool-47-thread-1] INFO  server.RaftServerConfigKeys (ConfUtils.java:logGet(43)) - raft.server.log.purge.gap = 1000000 (custom)
2019-09-17 12:42:56,708 [pool-37-thread-1] INFO  server.RaftServerConfigKeys (ConfUtils.java:logGet(43)) - raft.server.log.segment.size.max = 1048576 (custom)
2019-09-17 12:42:56,708 [pool-27-thread-1] INFO  server.RaftServerConfigKeys (ConfUtils.java:logGet(43)) - raft.server.log.use.memory = false (default)
2019-09-17 12:42:56,709 [pool-37-thread-1] INFO  server.RaftServerConfigKeys (ConfUtils.java:logGet(43)) - raft.server.log.segment.cache.num.max = 2 (custom)
2019-09-17 12:42:56,709 [pool-47-thread-1] INFO  server.RaftServerConfigKeys (ConfUtils.java:logGet(43)) - raft.server.log.appender.buffer.byte-limit = 33554432 (custom)
2019-09-17 12:42:56,709 [pool-37-thread-1] INFO  segmented.SegmentedRaftLogWorker (SegmentedRaftLogWorker.java:<init>(172)) - new 84ab4d91-000c-4523-9c5f-2c204b5f6601@group-A43DC1D745E9-SegmentedRaftLogWorker for RaftStorage:Storage Directory /tmp/workdir/hadoop-ozone/tools/target/test-dir/MiniOzoneClusterImpl-50a1f6bc-759b-451e-a5dd-d4a59b2daa65/datanode-1/data/ratis/de0cac9c-8394-42f1-b79d-a43dc1d745e9
2019-09-17 12:42:56,709 [pool-27-thread-1] INFO  server.RaftServerConfigKeys (ConfUtils.java:logGet(43)) - raft.server.log.purge.gap = 1000000 (custom)
2019-09-17 12:42:56,709 [pool-37-thread-1] INFO  server.RaftServerConfigKeys (ConfUtils.java:logGet(43)) - raft.server.log.queue.byte-limit = 2147483647 (custom)
2019-09-17 12:42:56,709 [pool-47-thread-1] INFO  server.RaftServerConfigKeys (ConfUtils.java:logGet(43)) - raft.server.log.segment.size.max = 1048576 (custom)
2019-09-17 12:42:56,710 [pool-37-thread-1] INFO  server.RaftServerConfigKeys (ConfUtils.java:logGet(43)) - raft.server.log.queue.element-limit = 1024 (custom)
2019-09-17 12:42:56,710 [pool-27-thread-1] INFO  server.RaftServerConfigKeys (ConfUtils.java:logGet(43)) - raft.server.log.appender.buffer.byte-limit = 33554432 (custom)
2019-09-17 12:42:56,710 [pool-37-thread-1] INFO  server.RaftServerConfigKeys (ConfUtils.java:logGet(43)) - raft.server.log.segment.size.max = 1048576 (custom)
2019-09-17 12:42:56,710 [pool-27-thread-1] INFO  server.RaftServerConfigKeys (ConfUtils.java:logGet(43)) - raft.server.log.segment.size.max = 1048576 (custom)
2019-09-17 12:42:56,710 [pool-47-thread-1] INFO  server.RaftServerConfigKeys (ConfUtils.java:logGet(43)) - raft.server.log.segment.cache.num.max = 2 (custom)
2019-09-17 12:42:56,711 [pool-27-thread-1] INFO  server.RaftServerConfigKeys (ConfUtils.java:logGet(43)) - raft.server.log.segment.cache.num.max = 2 (custom)
2019-09-17 12:42:56,710 [pool-37-thread-1] INFO  server.RaftServerConfigKeys (ConfUtils.java:logGet(43)) - raft.server.log.preallocated.size = 16384 (custom)
2019-09-17 12:42:56,711 [pool-27-thread-1] INFO  segmented.SegmentedRaftLogWorker (SegmentedRaftLogWorker.java:<init>(172)) - new 5e893e0a-56f7-4618-9f46-a6ff48173cb6@group-A43DC1D745E9-SegmentedRaftLogWorker for RaftStorage:Storage Directory /tmp/workdir/hadoop-ozone/tools/target/test-dir/MiniOzoneClusterImpl-50a1f6bc-759b-451e-a5dd-d4a59b2daa65/datanode-0/data/ratis/de0cac9c-8394-42f1-b79d-a43dc1d745e9
2019-09-17 12:42:56,711 [pool-47-thread-1] INFO  segmented.SegmentedRaftLogWorker (SegmentedRaftLogWorker.java:<init>(172)) - new f7ede272-a28a-44e0-9552-15581fc2de04@group-A43DC1D745E9-SegmentedRaftLogWorker for RaftStorage:Storage Directory /tmp/workdir/hadoop-ozone/tools/target/test-dir/MiniOzoneClusterImpl-50a1f6bc-759b-451e-a5dd-d4a59b2daa65/datanode-2/data/ratis/de0cac9c-8394-42f1-b79d-a43dc1d745e9
2019-09-17 12:42:56,711 [pool-27-thread-1] INFO  server.RaftServerConfigKeys (ConfUtils.java:logGet(43)) - raft.server.log.queue.byte-limit = 2147483647 (custom)
2019-09-17 12:42:56,711 [pool-37-thread-1] INFO  server.RaftServerConfigKeys (ConfUtils.java:logGet(43)) - raft.server.log.write.buffer.size = 33554432 (custom)
2019-09-17 12:42:56,712 [pool-27-thread-1] INFO  server.RaftServerConfigKeys (ConfUtils.java:logGet(43)) - raft.server.log.queue.element-limit = 1024 (custom)
2019-09-17 12:42:56,711 [pool-47-thread-1] INFO  server.RaftServerConfigKeys (ConfUtils.java:logGet(43)) - raft.server.log.queue.byte-limit = 2147483647 (custom)
2019-09-17 12:42:56,712 [pool-27-thread-1] INFO  server.RaftServerConfigKeys (ConfUtils.java:logGet(43)) - raft.server.log.segment.size.max = 1048576 (custom)
2019-09-17 12:42:56,712 [pool-37-thread-1] INFO  server.RaftServerConfigKeys (ConfUtils.java:logGet(43)) - raft.server.log.force.sync.num = 128 (default)
2019-09-17 12:42:56,712 [pool-27-thread-1] INFO  server.RaftServerConfigKeys (ConfUtils.java:logGet(43)) - raft.server.log.preallocated.size = 16384 (custom)
2019-09-17 12:42:56,712 [pool-47-thread-1] INFO  server.RaftServerConfigKeys (ConfUtils.java:logGet(43)) - raft.server.log.queue.element-limit = 1024 (custom)
2019-09-17 12:42:56,713 [pool-27-thread-1] INFO  server.RaftServerConfigKeys (ConfUtils.java:logGet(43)) - raft.server.log.write.buffer.size = 33554432 (custom)
2019-09-17 12:42:56,712 [pool-37-thread-1] INFO  server.RaftServerConfigKeys (ConfUtils.java:logGet(43)) - raft.server.log.statemachine.data.sync = true (default)
2019-09-17 12:42:56,713 [pool-27-thread-1] INFO  server.RaftServerConfigKeys (ConfUtils.java:logGet(43)) - raft.server.log.force.sync.num = 128 (default)
2019-09-17 12:42:56,713 [pool-47-thread-1] INFO  server.RaftServerConfigKeys (ConfUtils.java:logGet(43)) - raft.server.log.segment.size.max = 1048576 (custom)
2019-09-17 12:42:56,713 [pool-27-thread-1] INFO  server.RaftServerConfigKeys (ConfUtils.java:logGet(43)) - raft.server.log.statemachine.data.sync = true (default)
2019-09-17 12:42:56,713 [pool-37-thread-1] INFO  server.RaftServerConfigKeys (ConfUtils.java:logGet(43)) - raft.server.log.statemachine.data.sync.timeout = 10s (default)
2019-09-17 12:42:56,714 [pool-27-thread-1] INFO  server.RaftServerConfigKeys (ConfUtils.java:logGet(43)) - raft.server.log.statemachine.data.sync.timeout = 10s (default)
2019-09-17 12:42:56,713 [pool-47-thread-1] INFO  server.RaftServerConfigKeys (ConfUtils.java:logGet(43)) - raft.server.log.preallocated.size = 16384 (custom)
2019-09-17 12:42:56,714 [pool-27-thread-1] INFO  server.RaftServerConfigKeys (ConfUtils.java:logGet(43)) - raft.server.log.statemachine.data.sync.timeout.retry = -1 (default)
2019-09-17 12:42:56,714 [pool-37-thread-1] INFO  server.RaftServerConfigKeys (ConfUtils.java:logGet(43)) - raft.server.log.statemachine.data.sync.timeout.retry = -1 (default)
2019-09-17 12:42:56,714 [pool-47-thread-1] INFO  server.RaftServerConfigKeys (ConfUtils.java:logGet(43)) - raft.server.log.write.buffer.size = 33554432 (custom)
2019-09-17 12:42:56,715 [pool-27-thread-1] INFO  server.RaftServerConfigKeys (ConfUtils.java:logGet(43)) - raft.server.log.statemachine.data.caching.enabled = true (custom)
2019-09-17 12:42:56,715 [pool-47-thread-1] INFO  server.RaftServerConfigKeys (ConfUtils.java:logGet(43)) - raft.server.log.force.sync.num = 128 (default)
2019-09-17 12:42:56,715 [pool-37-thread-1] INFO  server.RaftServerConfigKeys (ConfUtils.java:logGet(43)) - raft.server.log.statemachine.data.caching.enabled = true (custom)
2019-09-17 12:42:56,715 [pool-47-thread-1] INFO  server.RaftServerConfigKeys (ConfUtils.java:logGet(43)) - raft.server.log.statemachine.data.sync = true (default)
2019-09-17 12:42:56,715 [pool-27-thread-1] INFO  segmented.SegmentedRaftLogWorker (SegmentedRaftLogWorker.java:lambda$new$0(132)) - 5e893e0a-56f7-4618-9f46-a6ff48173cb6@group-A43DC1D745E9-SegmentedRaftLogWorker: flushIndex: setUnconditionally 0 -> -1
2019-09-17 12:42:56,715 [pool-37-thread-1] INFO  segmented.SegmentedRaftLogWorker (SegmentedRaftLogWorker.java:lambda$new$0(132)) - 84ab4d91-000c-4523-9c5f-2c204b5f6601@group-A43DC1D745E9-SegmentedRaftLogWorker: flushIndex: setUnconditionally 0 -> -1
2019-09-17 12:42:56,715 [pool-47-thread-1] INFO  server.RaftServerConfigKeys (ConfUtils.java:logGet(43)) - raft.server.log.statemachine.data.sync.timeout = 10s (default)
2019-09-17 12:42:56,716 [pool-27-thread-1] INFO  server.RaftServerConfigKeys (ConfUtils.java:logGet(43)) - raft.server.snapshot.auto.trigger.enabled = true (custom)
2019-09-17 12:42:56,716 [pool-37-thread-1] INFO  server.RaftServerConfigKeys (ConfUtils.java:logGet(43)) - raft.server.snapshot.auto.trigger.enabled = true (custom)
2019-09-17 12:42:56,716 [pool-47-thread-1] INFO  server.RaftServerConfigKeys (ConfUtils.java:logGet(43)) - raft.server.log.statemachine.data.sync.timeout.retry = -1 (default)
2019-09-17 12:42:56,716 [pool-37-thread-1] INFO  server.RaftServerConfigKeys (ConfUtils.java:logGet(43)) - raft.server.snapshot.auto.trigger.threshold = 10000 (custom)
2019-09-17 12:42:56,716 [pool-27-thread-1] INFO  server.RaftServerConfigKeys (ConfUtils.java:logGet(43)) - raft.server.snapshot.auto.trigger.threshold = 10000 (custom)
2019-09-17 12:42:56,716 [pool-37-thread-1] INFO  server.RaftServerConfigKeys (ConfUtils.java:logGet(43)) - raft.server.snapshot.retention.num.files = 5 (custom)
2019-09-17 12:42:56,716 [pool-47-thread-1] INFO  server.RaftServerConfigKeys (ConfUtils.java:logGet(43)) - raft.server.log.statemachine.data.caching.enabled = true (custom)
2019-09-17 12:42:56,717 [pool-37-thread-1] INFO  server.RaftServerConfigKeys (ConfUtils.java:logGet(43)) - raft.server.retrycache.expirytime = 600000ms (custom)
2019-09-17 12:42:56,716 [pool-27-thread-1] INFO  server.RaftServerConfigKeys (ConfUtils.java:logGet(43)) - raft.server.snapshot.retention.num.files = 5 (custom)
2019-09-17 12:42:56,717 [pool-47-thread-1] INFO  segmented.SegmentedRaftLogWorker (SegmentedRaftLogWorker.java:lambda$new$0(132)) - f7ede272-a28a-44e0-9552-15581fc2de04@group-A43DC1D745E9-SegmentedRaftLogWorker: flushIndex: setUnconditionally 0 -> -1
2019-09-17 12:42:56,717 [pool-27-thread-1] INFO  server.RaftServerConfigKeys (ConfUtils.java:logGet(43)) - raft.server.retrycache.expirytime = 600000ms (custom)
2019-09-17 12:42:56,717 [pool-47-thread-1] INFO  server.RaftServerConfigKeys (ConfUtils.java:logGet(43)) - raft.server.snapshot.auto.trigger.enabled = true (custom)
2019-09-17 12:42:56,717 [pool-47-thread-1] INFO  server.RaftServerConfigKeys (ConfUtils.java:logGet(43)) - raft.server.snapshot.auto.trigger.threshold = 10000 (custom)
2019-09-17 12:42:56,718 [pool-47-thread-1] INFO  server.RaftServerConfigKeys (ConfUtils.java:logGet(43)) - raft.server.snapshot.retention.num.files = 5 (custom)
2019-09-17 12:42:56,718 [pool-47-thread-1] INFO  server.RaftServerConfigKeys (ConfUtils.java:logGet(43)) - raft.server.retrycache.expirytime = 600000ms (custom)
2019-09-17 12:42:56,723 [pool-37-thread-1] INFO  impl.RaftServerImpl (RaftServerImpl.java:start(185)) - 84ab4d91-000c-4523-9c5f-2c204b5f6601@group-A43DC1D745E9: start as a follower, conf=-1: [5e893e0a-56f7-4618-9f46-a6ff48173cb6:192.168.5.153:37060, 84ab4d91-000c-4523-9c5f-2c204b5f6601:192.168.5.153:39178, f7ede272-a28a-44e0-9552-15581fc2de04:192.168.5.153:38263], old=null
2019-09-17 12:42:56,723 [pool-37-thread-1] INFO  impl.RaftServerImpl (RaftServerImpl.java:setRole(174)) - 84ab4d91-000c-4523-9c5f-2c204b5f6601@group-A43DC1D745E9: changes role from      null to FOLLOWER at term 0 for startAsFollower
2019-09-17 12:42:56,723 [pool-37-thread-1] INFO  impl.RoleInfo (RoleInfo.java:updateAndGet(143)) - 84ab4d91-000c-4523-9c5f-2c204b5f6601: start FollowerState
2019-09-17 12:42:56,724 [pool-37-thread-1] INFO  util.JmxRegister (JmxRegister.java:tryRegister(44)) - Successfully registered JMX Bean with object name Ratis:service=RaftServer,group=group-A43DC1D745E9,id=84ab4d91-000c-4523-9c5f-2c204b5f6601
2019-09-17 12:42:56,724 [pool-47-thread-1] INFO  impl.RaftServerImpl (RaftServerImpl.java:start(185)) - f7ede272-a28a-44e0-9552-15581fc2de04@group-A43DC1D745E9: start as a follower, conf=-1: [5e893e0a-56f7-4618-9f46-a6ff48173cb6:192.168.5.153:37060, 84ab4d91-000c-4523-9c5f-2c204b5f6601:192.168.5.153:39178, f7ede272-a28a-44e0-9552-15581fc2de04:192.168.5.153:38263], old=null
2019-09-17 12:42:56,724 [pool-27-thread-1] INFO  impl.RaftServerImpl (RaftServerImpl.java:start(185)) - 5e893e0a-56f7-4618-9f46-a6ff48173cb6@group-A43DC1D745E9: start as a follower, conf=-1: [5e893e0a-56f7-4618-9f46-a6ff48173cb6:192.168.5.153:37060, 84ab4d91-000c-4523-9c5f-2c204b5f6601:192.168.5.153:39178, f7ede272-a28a-44e0-9552-15581fc2de04:192.168.5.153:38263], old=null
2019-09-17 12:42:56,724 [pool-47-thread-1] INFO  impl.RaftServerImpl (RaftServerImpl.java:setRole(174)) - f7ede272-a28a-44e0-9552-15581fc2de04@group-A43DC1D745E9: changes role from      null to FOLLOWER at term 0 for startAsFollower
2019-09-17 12:42:56,724 [pool-27-thread-1] INFO  impl.RaftServerImpl (RaftServerImpl.java:setRole(174)) - 5e893e0a-56f7-4618-9f46-a6ff48173cb6@group-A43DC1D745E9: changes role from      null to FOLLOWER at term 0 for startAsFollower
2019-09-17 12:42:56,725 [pool-47-thread-1] INFO  impl.RoleInfo (RoleInfo.java:updateAndGet(143)) - f7ede272-a28a-44e0-9552-15581fc2de04: start FollowerState
2019-09-17 12:42:56,725 [pool-27-thread-1] INFO  impl.RoleInfo (RoleInfo.java:updateAndGet(143)) - 5e893e0a-56f7-4618-9f46-a6ff48173cb6: start FollowerState
2019-09-17 12:42:56,725 [pool-47-thread-1] INFO  util.JmxRegister (JmxRegister.java:tryRegister(44)) - Successfully registered JMX Bean with object name Ratis:service=RaftServer,group=group-A43DC1D745E9,id=f7ede272-a28a-44e0-9552-15581fc2de04
2019-09-17 12:42:56,726 [pool-27-thread-1] INFO  util.JmxRegister (JmxRegister.java:tryRegister(44)) - Successfully registered JMX Bean with object name Ratis:service=RaftServer,group=group-A43DC1D745E9,id=5e893e0a-56f7-4618-9f46-a6ff48173cb6
2019-09-17 12:42:56,745 [RatisPipelineUtilsThread] INFO  pipeline.PipelineStateManager (PipelineStateManager.java:addPipeline(56)) - Created pipeline Pipeline[ Id: de0cac9c-8394-42f1-b79d-a43dc1d745e9, Nodes: 5e893e0a-56f7-4618-9f46-a6ff48173cb6{ip: 192.168.5.153, host: pr-hdds-2137-trunk-mnh2s-3748177197, networkLocation: /default-rack, certSerialId: null}84ab4d91-000c-4523-9c5f-2c204b5f6601{ip: 192.168.5.153, host: pr-hdds-2137-trunk-mnh2s-3748177197, networkLocation: /default-rack, certSerialId: null}f7ede272-a28a-44e0-9552-15581fc2de04{ip: 192.168.5.153, host: pr-hdds-2137-trunk-mnh2s-3748177197, networkLocation: /default-rack, certSerialId: null}, Type:RATIS, Factor:THREE, State:OPEN]
 0.00% |█                                                                                                    |  0/1 Time: 0:00:012019-09-17 12:42:57,243 [pool-53-thread-3] INFO  impl.MetricsSystemImpl (MetricsSystemImpl.java:init(158)) - XceiverClientMetrics metrics system started (again)
2019-09-17 12:42:57,389 [grpc-default-executor-2] INFO  client.GrpcClientProtocolClient (GrpcClientProtocolClient.java:onNext(264)) - client-3C2395D0F082->5e893e0a-56f7-4618-9f46-a6ff48173cb6: receive RaftClientReply:client-3C2395D0F082->5e893e0a-56f7-4618-9f46-a6ff48173cb6@group-A43DC1D745E9, cid=6, FAILED org.apache.ratis.protocol.NotLeaderException: Server 5e893e0a-56f7-4618-9f46-a6ff48173cb6@group-A43DC1D745E9 is not the leader, logIndex=0, commits[5e893e0a-56f7-4618-9f46-a6ff48173cb6:c-1]
 0.00% |█                                                                                                    |  0/1 Time: 0:00:022019-09-17 12:42:58,415 [Thread-178] INFO  container.ReplicationManager (ReplicationManager.java:start(162)) - Starting Replication Monitor Thread.
2019-09-17 12:42:58,418 [ReplicationMonitor] INFO  container.ReplicationManager (ReplicationManager.java:run(225)) - Replication Monitor Thread took 2 milliseconds for processing 3 containers.
2019-09-17 12:42:58,441 [grpc-default-executor-0] INFO  client.GrpcClientProtocolClient (GrpcClientProtocolClient.java:onNext(264)) - client-3C2395D0F082->f7ede272-a28a-44e0-9552-15581fc2de04: receive RaftClientReply:client-3C2395D0F082->f7ede272-a28a-44e0-9552-15581fc2de04@group-A43DC1D745E9, cid=6, FAILED org.apache.ratis.protocol.NotLeaderException: Server f7ede272-a28a-44e0-9552-15581fc2de04@group-A43DC1D745E9 is not the leader, logIndex=0, commits[f7ede272-a28a-44e0-9552-15581fc2de04:c-1]
 0.00% |█                                                                                                    |  0/1 Time: 0:00:032019-09-17 12:42:59,490 [grpc-default-executor-2] INFO  client.GrpcClientProtocolClient (GrpcClientProtocolClient.java:onNext(264)) - client-3C2395D0F082->5e893e0a-56f7-4618-9f46-a6ff48173cb6: receive RaftClientReply:client-3C2395D0F082->5e893e0a-56f7-4618-9f46-a6ff48173cb6@group-A43DC1D745E9, cid=6, FAILED org.apache.ratis.protocol.NotLeaderException: Server 5e893e0a-56f7-4618-9f46-a6ff48173cb6@group-A43DC1D745E9 is not the leader, logIndex=0, commits[5e893e0a-56f7-4618-9f46-a6ff48173cb6:c-1]
 0.00% |█                                                                                                    |  0/1 Time: 0:00:042019-09-17 12:43:00,534 [grpc-default-executor-1] INFO  client.GrpcClientProtocolClient (GrpcClientProtocolClient.java:onNext(264)) - client-3C2395D0F082->84ab4d91-000c-4523-9c5f-2c204b5f6601: receive RaftClientReply:client-3C2395D0F082->84ab4d91-000c-4523-9c5f-2c204b5f6601@group-A43DC1D745E9, cid=6, FAILED org.apache.ratis.protocol.NotLeaderException: Server 84ab4d91-000c-4523-9c5f-2c204b5f6601@group-A43DC1D745E9 is not the leader, logIndex=0, commits[84ab4d91-000c-4523-9c5f-2c204b5f6601:c-1]
 0.00% |█                                                                                                    |  0/1 Time: 0:00:052019-09-17 12:43:01,294 [Thread-186] INFO  impl.FollowerState (FollowerState.java:run(106)) - 5e893e0a-56f7-4618-9f46-a6ff48173cb6:group-4D4B80019BF9 changes to CANDIDATE, lastRpcTime:5078, electionTimeout:5077ms
2019-09-17 12:43:01,299 [Thread-186] INFO  impl.RoleInfo (RoleInfo.java:shutdownFollowerState(121)) - 5e893e0a-56f7-4618-9f46-a6ff48173cb6: shutdown FollowerState
2019-09-17 12:43:01,300 [Thread-186] INFO  impl.RaftServerImpl (RaftServerImpl.java:setRole(174)) - 5e893e0a-56f7-4618-9f46-a6ff48173cb6@group-4D4B80019BF9: changes role from  FOLLOWER to CANDIDATE at term 0 for changeToCandidate
2019-09-17 12:43:01,308 [Thread-186] INFO  impl.RoleInfo (RoleInfo.java:updateAndGet(143)) - 5e893e0a-56f7-4618-9f46-a6ff48173cb6: start LeaderElection
2019-09-17 12:43:01,336 [5e893e0a-56f7-4618-9f46-a6ff48173cb6@group-4D4B80019BF9:LeaderElection1] INFO  impl.LeaderElection (LeaderElection.java:askForVotes(182)) - 5e893e0a-56f7-4618-9f46-a6ff48173cb6@group-4D4B80019BF9:LeaderElection1: begin an election at term 1 for -1: [5e893e0a-56f7-4618-9f46-a6ff48173cb6:192.168.5.153:37060], old=null
2019-09-17 12:43:01,339 [5e893e0a-56f7-4618-9f46-a6ff48173cb6@group-4D4B80019BF9:LeaderElection1] INFO  impl.RoleInfo (RoleInfo.java:shutdownLeaderElection(134)) - 5e893e0a-56f7-4618-9f46-a6ff48173cb6: shutdown LeaderElection
2019-09-17 12:43:01,340 [5e893e0a-56f7-4618-9f46-a6ff48173cb6@group-4D4B80019BF9:LeaderElection1] INFO  impl.RaftServerImpl (RaftServerImpl.java:setRole(174)) - 5e893e0a-56f7-4618-9f46-a6ff48173cb6@group-4D4B80019BF9: changes role from CANDIDATE to LEADER at term 1 for changeToLeader
2019-09-17 12:43:01,340 [5e893e0a-56f7-4618-9f46-a6ff48173cb6@group-4D4B80019BF9:LeaderElection1] INFO  impl.RaftServerImpl (ServerState.java:setLeader(253)) - 5e893e0a-56f7-4618-9f46-a6ff48173cb6@group-4D4B80019BF9: change Leader from null to 5e893e0a-56f7-4618-9f46-a6ff48173cb6 at term 1 for becomeLeader, leader elected after 5286ms
2019-09-17 12:43:01,352 [5e893e0a-56f7-4618-9f46-a6ff48173cb6@group-4D4B80019BF9:LeaderElection1] INFO  server.RaftServerConfigKeys (ConfUtils.java:logGet(43)) - raft.server.staging.catchup.gap = 1000 (default)
2019-09-17 12:43:01,353 [5e893e0a-56f7-4618-9f46-a6ff48173cb6@group-4D4B80019BF9:LeaderElection1] INFO  server.RaftServerConfigKeys (ConfUtils.java:logGet(43)) - raft.server.rpc.sleep.time = 25ms (default)
2019-09-17 12:43:01,358 [5e893e0a-56f7-4618-9f46-a6ff48173cb6@group-4D4B80019BF9:LeaderElection1] INFO  server.RaftServerConfigKeys (ConfUtils.java:logGet(43)) - raft.server.write.element-limit = 4096 (default)
2019-09-17 12:43:01,362 [5e893e0a-56f7-4618-9f46-a6ff48173cb6@group-4D4B80019BF9:LeaderElection1] INFO  server.RaftServerConfigKeys (ConfUtils.java:logGet(43)) - raft.server.watch.timeout = 10s (default)
2019-09-17 12:43:01,362 [5e893e0a-56f7-4618-9f46-a6ff48173cb6@group-4D4B80019BF9:LeaderElection1] INFO  server.RaftServerConfigKeys (ConfUtils.java:logGet(43)) - raft.server.watch.timeout.denomination = 1s (default)
2019-09-17 12:43:01,363 [5e893e0a-56f7-4618-9f46-a6ff48173cb6@group-4D4B80019BF9:LeaderElection1] INFO  server.RaftServerConfigKeys (ConfUtils.java:logGet(43)) - raft.server.watch.element-limit = 65536 (default)
2019-09-17 12:43:01,381 [5e893e0a-56f7-4618-9f46-a6ff48173cb6@group-4D4B80019BF9:LeaderElection1] INFO  impl.RoleInfo (RoleInfo.java:updateAndGet(143)) - 5e893e0a-56f7-4618-9f46-a6ff48173cb6: start LeaderState
2019-09-17 12:43:01,407 [5e893e0a-56f7-4618-9f46-a6ff48173cb6@group-4D4B80019BF9:LeaderElection1] INFO  segmented.SegmentedRaftLogWorker (SegmentedRaftLogWorker.java:startLogSegment(380)) - 5e893e0a-56f7-4618-9f46-a6ff48173cb6@group-4D4B80019BF9-SegmentedRaftLogWorker: Starting segment from index:0
2019-09-17 12:43:01,416 [5e893e0a-56f7-4618-9f46-a6ff48173cb6@group-4D4B80019BF9:LeaderElection1] INFO  impl.RaftServerImpl (ServerState.java:setRaftConf(354)) - 5e893e0a-56f7-4618-9f46-a6ff48173cb6@group-4D4B80019BF9: set configuration 0: [5e893e0a-56f7-4618-9f46-a6ff48173cb6:192.168.5.153:37060], old=null at 0
2019-09-17 12:43:01,566 [grpc-default-executor-0] INFO  client.GrpcClientProtocolClient (GrpcClientProtocolClient.java:onNext(264)) - client-3C2395D0F082->5e893e0a-56f7-4618-9f46-a6ff48173cb6: receive RaftClientReply:client-3C2395D0F082->5e893e0a-56f7-4618-9f46-a6ff48173cb6@group-A43DC1D745E9, cid=6, FAILED org.apache.ratis.protocol.NotLeaderException: Server 5e893e0a-56f7-4618-9f46-a6ff48173cb6@group-A43DC1D745E9 is not the leader, logIndex=0, commits[5e893e0a-56f7-4618-9f46-a6ff48173cb6:c-1]
2019-09-17 12:43:01,624 [Thread-189] INFO  impl.FollowerState (FollowerState.java:run(106)) - 84ab4d91-000c-4523-9c5f-2c204b5f6601:group-14F89A900EF1 changes to CANDIDATE, lastRpcTime:5155, electionTimeout:5154ms
2019-09-17 12:43:01,632 [Thread-189] INFO  impl.RoleInfo (RoleInfo.java:shutdownFollowerState(121)) - 84ab4d91-000c-4523-9c5f-2c204b5f6601: shutdown FollowerState
2019-09-17 12:43:01,632 [Thread-189] INFO  impl.RaftServerImpl (RaftServerImpl.java:setRole(174)) - 84ab4d91-000c-4523-9c5f-2c204b5f6601@group-14F89A900EF1: changes role from  FOLLOWER to CANDIDATE at term 0 for changeToCandidate
2019-09-17 12:43:01,633 [Thread-189] INFO  impl.RoleInfo (RoleInfo.java:updateAndGet(143)) - 84ab4d91-000c-4523-9c5f-2c204b5f6601: start LeaderElection
2019-09-17 12:43:01,641 [Thread-192] INFO  impl.FollowerState (FollowerState.java:run(106)) - f7ede272-a28a-44e0-9552-15581fc2de04:group-3B31392AC031 changes to CANDIDATE, lastRpcTime:5017, electionTimeout:5017ms
2019-09-17 12:43:01,642 [Thread-192] INFO  impl.RoleInfo (RoleInfo.java:shutdownFollowerState(121)) - f7ede272-a28a-44e0-9552-15581fc2de04: shutdown FollowerState
2019-09-17 12:43:01,642 [Thread-192] INFO  impl.RaftServerImpl (RaftServerImpl.java:setRole(174)) - f7ede272-a28a-44e0-9552-15581fc2de04@group-3B31392AC031: changes role from  FOLLOWER to CANDIDATE at term 0 for changeToCandidate
2019-09-17 12:43:01,642 [Thread-192] INFO  impl.RoleInfo (RoleInfo.java:updateAndGet(143)) - f7ede272-a28a-44e0-9552-15581fc2de04: start LeaderElection
2019-09-17 12:43:01,660 [5e893e0a-56f7-4618-9f46-a6ff48173cb6@group-4D4B80019BF9-SegmentedRaftLogWorker] INFO  segmented.SegmentedRaftLogWorker (SegmentedRaftLogWorker.java:execute(569)) - 5e893e0a-56f7-4618-9f46-a6ff48173cb6@group-4D4B80019BF9-SegmentedRaftLogWorker: created new log segment /tmp/workdir/hadoop-ozone/tools/target/test-dir/MiniOzoneClusterImpl-50a1f6bc-759b-451e-a5dd-d4a59b2daa65/datanode-0/data/ratis/22b25e15-f7aa-4333-9a99-4d4b80019bf9/current/log_inprogress_0
2019-09-17 12:43:01,661 [f7ede272-a28a-44e0-9552-15581fc2de04@group-3B31392AC031:LeaderElection3] INFO  impl.LeaderElection (LeaderElection.java:askForVotes(182)) - f7ede272-a28a-44e0-9552-15581fc2de04@group-3B31392AC031:LeaderElection3: begin an election at term 1 for -1: [f7ede272-a28a-44e0-9552-15581fc2de04:192.168.5.153:38263], old=null
2019-09-17 12:43:01,660 [84ab4d91-000c-4523-9c5f-2c204b5f6601@group-14F89A900EF1:LeaderElection2] INFO  impl.LeaderElection (LeaderElection.java:askForVotes(182)) - 84ab4d91-000c-4523-9c5f-2c204b5f6601@group-14F89A900EF1:LeaderElection2: begin an election at term 1 for -1: [84ab4d91-000c-4523-9c5f-2c204b5f6601:192.168.5.153:39178], old=null
2019-09-17 12:43:01,661 [f7ede272-a28a-44e0-9552-15581fc2de04@group-3B31392AC031:LeaderElection3] INFO  impl.RoleInfo (RoleInfo.java:shutdownLeaderElection(134)) - f7ede272-a28a-44e0-9552-15581fc2de04: shutdown LeaderElection
2019-09-17 12:43:01,662 [84ab4d91-000c-4523-9c5f-2c204b5f6601@group-14F89A900EF1:LeaderElection2] INFO  impl.RoleInfo (RoleInfo.java:shutdownLeaderElection(134)) - 84ab4d91-000c-4523-9c5f-2c204b5f6601: shutdown LeaderElection
2019-09-17 12:43:01,662 [f7ede272-a28a-44e0-9552-15581fc2de04@group-3B31392AC031:LeaderElection3] INFO  impl.RaftServerImpl (RaftServerImpl.java:setRole(174)) - f7ede272-a28a-44e0-9552-15581fc2de04@group-3B31392AC031: changes role from CANDIDATE to LEADER at term 1 for changeToLeader
2019-09-17 12:43:01,662 [84ab4d91-000c-4523-9c5f-2c204b5f6601@group-14F89A900EF1:LeaderElection2] INFO  impl.RaftServerImpl (RaftServerImpl.java:setRole(174)) - 84ab4d91-000c-4523-9c5f-2c204b5f6601@group-14F89A900EF1: changes role from CANDIDATE to LEADER at term 1 for changeToLeader
2019-09-17 12:43:01,662 [f7ede272-a28a-44e0-9552-15581fc2de04@group-3B31392AC031:LeaderElection3] INFO  impl.RaftServerImpl (ServerState.java:setLeader(253)) - f7ede272-a28a-44e0-9552-15581fc2de04@group-3B31392AC031: change Leader from null to f7ede272-a28a-44e0-9552-15581fc2de04 at term 1 for becomeLeader, leader elected after 5074ms
2019-09-17 12:43:01,662 [84ab4d91-000c-4523-9c5f-2c204b5f6601@group-14F89A900EF1:LeaderElection2] INFO  impl.RaftServerImpl (ServerState.java:setLeader(253)) - 84ab4d91-000c-4523-9c5f-2c204b5f6601@group-14F89A900EF1: change Leader from null to 84ab4d91-000c-4523-9c5f-2c204b5f6601 at term 1 for becomeLeader, leader elected after 5217ms
2019-09-17 12:43:01,662 [f7ede272-a28a-44e0-9552-15581fc2de04@group-3B31392AC031:LeaderElection3] INFO  server.RaftServerConfigKeys (ConfUtils.java:logGet(43)) - raft.server.staging.catchup.gap = 1000 (default)
2019-09-17 12:43:01,662 [84ab4d91-000c-4523-9c5f-2c204b5f6601@group-14F89A900EF1:LeaderElection2] INFO  server.RaftServerConfigKeys (ConfUtils.java:logGet(43)) - raft.server.staging.catchup.gap = 1000 (default)
2019-09-17 12:43:01,662 [f7ede272-a28a-44e0-9552-15581fc2de04@group-3B31392AC031:LeaderElection3] INFO  server.RaftServerConfigKeys (ConfUtils.java:logGet(43)) - raft.server.rpc.sleep.time = 25ms (default)
2019-09-17 12:43:01,663 [84ab4d91-000c-4523-9c5f-2c204b5f6601@group-14F89A900EF1:LeaderElection2] INFO  server.RaftServerConfigKeys (ConfUtils.java:logGet(43)) - raft.server.rpc.sleep.time = 25ms (default)
2019-09-17 12:43:01,663 [f7ede272-a28a-44e0-9552-15581fc2de04@group-3B31392AC031:LeaderElection3] INFO  server.RaftServerConfigKeys (ConfUtils.java:logGet(43)) - raft.server.write.element-limit = 4096 (default)
2019-09-17 12:43:01,663 [84ab4d91-000c-4523-9c5f-2c204b5f6601@group-14F89A900EF1:LeaderElection2] INFO  server.RaftServerConfigKeys (ConfUtils.java:logGet(43)) - raft.server.write.element-limit = 4096 (default)
2019-09-17 12:43:01,663 [f7ede272-a28a-44e0-9552-15581fc2de04@group-3B31392AC031:LeaderElection3] INFO  server.RaftServerConfigKeys (ConfUtils.java:logGet(43)) - raft.server.watch.timeout = 10s (default)
2019-09-17 12:43:01,663 [84ab4d91-000c-4523-9c5f-2c204b5f6601@group-14F89A900EF1:LeaderElection2] INFO  server.RaftServerConfigKeys (ConfUtils.java:logGet(43)) - raft.server.watch.timeout = 10s (default)
2019-09-17 12:43:01,663 [f7ede272-a28a-44e0-9552-15581fc2de04@group-3B31392AC031:LeaderElection3] INFO  server.RaftServerConfigKeys (ConfUtils.java:logGet(43)) - raft.server.watch.timeout.denomination = 1s (default)
2019-09-17 12:43:01,663 [84ab4d91-000c-4523-9c5f-2c204b5f6601@group-14F89A900EF1:LeaderElection2] INFO  server.RaftServerConfigKeys (ConfUtils.java:logGet(43)) - raft.server.watch.timeout.denomination = 1s (default)
2019-09-17 12:43:01,664 [f7ede272-a28a-44e0-9552-15581fc2de04@group-3B31392AC031:LeaderElection3] INFO  server.RaftServerConfigKeys (ConfUtils.java:logGet(43)) - raft.server.watch.element-limit = 65536 (default)
2019-09-17 12:43:01,664 [84ab4d91-000c-4523-9c5f-2c204b5f6601@group-14F89A900EF1:LeaderElection2] INFO  server.RaftServerConfigKeys (ConfUtils.java:logGet(43)) - raft.server.watch.element-limit = 65536 (default)
2019-09-17 12:43:01,670 [f7ede272-a28a-44e0-9552-15581fc2de04@group-3B31392AC031:LeaderElection3] INFO  impl.RoleInfo (RoleInfo.java:updateAndGet(143)) - f7ede272-a28a-44e0-9552-15581fc2de04: start LeaderState
2019-09-17 12:43:01,670 [f7ede272-a28a-44e0-9552-15581fc2de04@group-3B31392AC031:LeaderElection3] INFO  segmented.SegmentedRaftLogWorker (SegmentedRaftLogWorker.java:startLogSegment(380)) - f7ede272-a28a-44e0-9552-15581fc2de04@group-3B31392AC031-SegmentedRaftLogWorker: Starting segment from index:0
2019-09-17 12:43:01,670 [84ab4d91-000c-4523-9c5f-2c204b5f6601@group-14F89A900EF1:LeaderElection2] INFO  impl.RoleInfo (RoleInfo.java:updateAndGet(143)) - 84ab4d91-000c-4523-9c5f-2c204b5f6601: start LeaderState
2019-09-17 12:43:01,671 [84ab4d91-000c-4523-9c5f-2c204b5f6601@group-14F89A900EF1:LeaderElection2] INFO  segmented.SegmentedRaftLogWorker (SegmentedRaftLogWorker.java:startLogSegment(380)) - 84ab4d91-000c-4523-9c5f-2c204b5f6601@group-14F89A900EF1-SegmentedRaftLogWorker: Starting segment from index:0
2019-09-17 12:43:01,671 [f7ede272-a28a-44e0-9552-15581fc2de04@group-3B31392AC031:LeaderElection3] INFO  impl.RaftServerImpl (ServerState.java:setRaftConf(354)) - f7ede272-a28a-44e0-9552-15581fc2de04@group-3B31392AC031: set configuration 0: [f7ede272-a28a-44e0-9552-15581fc2de04:192.168.5.153:38263], old=null at 0
2019-09-17 12:43:01,704 [84ab4d91-000c-4523-9c5f-2c204b5f6601@group-14F89A900EF1:LeaderElection2] INFO  impl.RaftServerImpl (ServerState.java:setRaftConf(354)) - 84ab4d91-000c-4523-9c5f-2c204b5f6601@group-14F89A900EF1: set configuration 0: [84ab4d91-000c-4523-9c5f-2c204b5f6601:192.168.5.153:39178], old=null at 0
2019-09-17 12:43:01,738 [f7ede272-a28a-44e0-9552-15581fc2de04@group-3B31392AC031-SegmentedRaftLogWorker] INFO  segmented.SegmentedRaftLogWorker (SegmentedRaftLogWorker.java:execute(569)) - f7ede272-a28a-44e0-9552-15581fc2de04@group-3B31392AC031-SegmentedRaftLogWorker: created new log segment /tmp/workdir/hadoop-ozone/tools/target/test-dir/MiniOzoneClusterImpl-50a1f6bc-759b-451e-a5dd-d4a59b2daa65/datanode-2/data/ratis/cf62d0d4-86de-42de-858f-3b31392ac031/current/log_inprogress_0
2019-09-17 12:43:01,738 [Thread-199] INFO  impl.FollowerState (FollowerState.java:run(106)) - f7ede272-a28a-44e0-9552-15581fc2de04:group-A43DC1D745E9 changes to CANDIDATE, lastRpcTime:5013, electionTimeout:5000ms
2019-09-17 12:43:01,738 [Thread-199] INFO  impl.RoleInfo (RoleInfo.java:shutdownFollowerState(121)) - f7ede272-a28a-44e0-9552-15581fc2de04: shutdown FollowerState
2019-09-17 12:43:01,739 [Thread-199] INFO  impl.RaftServerImpl (RaftServerImpl.java:setRole(174)) - f7ede272-a28a-44e0-9552-15581fc2de04@group-A43DC1D745E9: changes role from  FOLLOWER to CANDIDATE at term 0 for changeToCandidate
2019-09-17 12:43:01,739 [Thread-199] INFO  impl.RoleInfo (RoleInfo.java:updateAndGet(143)) - f7ede272-a28a-44e0-9552-15581fc2de04: start LeaderElection
2019-09-17 12:43:01,750 [Thread-197] INFO  impl.FollowerState (FollowerState.java:run(106)) - 84ab4d91-000c-4523-9c5f-2c204b5f6601:group-A43DC1D745E9 changes to CANDIDATE, lastRpcTime:5023, electionTimeout:5022ms
2019-09-17 12:43:01,752 [Thread-197] INFO  impl.RoleInfo (RoleInfo.java:shutdownFollowerState(121)) - 84ab4d91-000c-4523-9c5f-2c204b5f6601: shutdown FollowerState
2019-09-17 12:43:01,753 [Thread-197] INFO  impl.RaftServerImpl (RaftServerImpl.java:setRole(174)) - 84ab4d91-000c-4523-9c5f-2c204b5f6601@group-A43DC1D745E9: changes role from  FOLLOWER to CANDIDATE at term 0 for changeToCandidate
2019-09-17 12:43:01,753 [Thread-197] INFO  impl.RoleInfo (RoleInfo.java:updateAndGet(143)) - 84ab4d91-000c-4523-9c5f-2c204b5f6601: start LeaderElection
2019-09-17 12:43:01,760 [84ab4d91-000c-4523-9c5f-2c204b5f6601@group-14F89A900EF1-SegmentedRaftLogWorker] INFO  segmented.SegmentedRaftLogWorker (SegmentedRaftLogWorker.java:execute(569)) - 84ab4d91-000c-4523-9c5f-2c204b5f6601@group-14F89A900EF1-SegmentedRaftLogWorker: created new log segment /tmp/workdir/hadoop-ozone/tools/target/test-dir/MiniOzoneClusterImpl-50a1f6bc-759b-451e-a5dd-d4a59b2daa65/datanode-1/data/ratis/a6e311cf-8451-473b-8f4f-14f89a900ef1/current/log_inprogress_0
2019-09-17 12:43:01,778 [84ab4d91-000c-4523-9c5f-2c204b5f6601@group-A43DC1D745E9:LeaderElection5] INFO  impl.LeaderElection (LeaderElection.java:askForVotes(182)) - 84ab4d91-000c-4523-9c5f-2c204b5f6601@group-A43DC1D745E9:LeaderElection5: begin an election at term 1 for -1: [5e893e0a-56f7-4618-9f46-a6ff48173cb6:192.168.5.153:37060, 84ab4d91-000c-4523-9c5f-2c204b5f6601:192.168.5.153:39178, f7ede272-a28a-44e0-9552-15581fc2de04:192.168.5.153:38263], old=null
2019-09-17 12:43:01,778 [f7ede272-a28a-44e0-9552-15581fc2de04@group-A43DC1D745E9:LeaderElection4] INFO  impl.LeaderElection (LeaderElection.java:askForVotes(182)) - f7ede272-a28a-44e0-9552-15581fc2de04@group-A43DC1D745E9:LeaderElection4: begin an election at term 1 for -1: [5e893e0a-56f7-4618-9f46-a6ff48173cb6:192.168.5.153:37060, 84ab4d91-000c-4523-9c5f-2c204b5f6601:192.168.5.153:39178, f7ede272-a28a-44e0-9552-15581fc2de04:192.168.5.153:38263], old=null
2019-09-17 12:43:01,798 [Thread-200] INFO  impl.FollowerState (FollowerState.java:run(106)) - 5e893e0a-56f7-4618-9f46-a6ff48173cb6:group-A43DC1D745E9 changes to CANDIDATE, lastRpcTime:5073, electionTimeout:5071ms
2019-09-17 12:43:01,799 [Thread-200] INFO  impl.RoleInfo (RoleInfo.java:shutdownFollowerState(121)) - 5e893e0a-56f7-4618-9f46-a6ff48173cb6: shutdown FollowerState
2019-09-17 12:43:01,799 [Thread-200] INFO  impl.RaftServerImpl (RaftServerImpl.java:setRole(174)) - 5e893e0a-56f7-4618-9f46-a6ff48173cb6@group-A43DC1D745E9: changes role from  FOLLOWER to CANDIDATE at term 0 for changeToCandidate
2019-09-17 12:43:01,800 [Thread-200] INFO  impl.RoleInfo (RoleInfo.java:updateAndGet(143)) - 5e893e0a-56f7-4618-9f46-a6ff48173cb6: start LeaderElection
2019-09-17 12:43:01,821 [5e893e0a-56f7-4618-9f46-a6ff48173cb6@group-A43DC1D745E9:LeaderElection6] INFO  impl.LeaderElection (LeaderElection.java:askForVotes(182)) - 5e893e0a-56f7-4618-9f46-a6ff48173cb6@group-A43DC1D745E9:LeaderElection6: begin an election at term 1 for -1: [5e893e0a-56f7-4618-9f46-a6ff48173cb6:192.168.5.153:37060, 84ab4d91-000c-4523-9c5f-2c204b5f6601:192.168.5.153:39178, f7ede272-a28a-44e0-9552-15581fc2de04:192.168.5.153:38263], old=null
2019-09-17 12:43:01,833 [f7ede272-a28a-44e0-9552-15581fc2de04@group-A43DC1D745E9:LeaderElection4] INFO  impl.LeaderElection (LeaderElection.java:logAndReturn(56)) - f7ede272-a28a-44e0-9552-15581fc2de04@group-A43DC1D745E9:LeaderElection4: Election REJECTED; received 2 response(s) [f7ede272-a28a-44e0-9552-15581fc2de04<-5e893e0a-56f7-4618-9f46-a6ff48173cb6#0:FAIL-t1, f7ede272-a28a-44e0-9552-15581fc2de04<-84ab4d91-000c-4523-9c5f-2c204b5f6601#0:FAIL-t1] and 0 exception(s); f7ede272-a28a-44e0-9552-15581fc2de04@group-A43DC1D745E9:t1, leader=null, voted=f7ede272-a28a-44e0-9552-15581fc2de04, raftlog=f7ede272-a28a-44e0-9552-15581fc2de04@group-A43DC1D745E9-SegmentedRaftLog:OPENED:c-1,f-1,i0, conf=-1: [5e893e0a-56f7-4618-9f46-a6ff48173cb6:192.168.5.153:37060, 84ab4d91-000c-4523-9c5f-2c204b5f6601:192.168.5.153:39178, f7ede272-a28a-44e0-9552-15581fc2de04:192.168.5.153:38263], old=null
2019-09-17 12:43:01,833 [84ab4d91-000c-4523-9c5f-2c204b5f6601@group-A43DC1D745E9:LeaderElection5] INFO  impl.LeaderElection (LeaderElection.java:logAndReturn(56)) - 84ab4d91-000c-4523-9c5f-2c204b5f6601@group-A43DC1D745E9:LeaderElection5: Election REJECTED; received 2 response(s) [84ab4d91-000c-4523-9c5f-2c204b5f6601<-5e893e0a-56f7-4618-9f46-a6ff48173cb6#0:FAIL-t1, 84ab4d91-000c-4523-9c5f-2c204b5f6601<-f7ede272-a28a-44e0-9552-15581fc2de04#0:FAIL-t1] and 0 exception(s); 84ab4d91-000c-4523-9c5f-2c204b5f6601@group-A43DC1D745E9:t1, leader=null, voted=84ab4d91-000c-4523-9c5f-2c204b5f6601, raftlog=84ab4d91-000c-4523-9c5f-2c204b5f6601@group-A43DC1D745E9-SegmentedRaftLog:OPENED:c-1,f-1,i0, conf=-1: [5e893e0a-56f7-4618-9f46-a6ff48173cb6:192.168.5.153:37060, 84ab4d91-000c-4523-9c5f-2c204b5f6601:192.168.5.153:39178, f7ede272-a28a-44e0-9552-15581fc2de04:192.168.5.153:38263], old=null
2019-09-17 12:43:01,837 [f7ede272-a28a-44e0-9552-15581fc2de04@group-A43DC1D745E9:LeaderElection4] INFO  impl.RaftServerImpl (RaftServerImpl.java:setRole(174)) - f7ede272-a28a-44e0-9552-15581fc2de04@group-A43DC1D745E9: changes role from CANDIDATE to FOLLOWER at term 1 for DISCOVERED_A_NEW_TERM
2019-09-17 12:43:01,837 [84ab4d91-000c-4523-9c5f-2c204b5f6601@group-A43DC1D745E9:LeaderElection5] INFO  impl.RaftServerImpl (RaftServerImpl.java:setRole(174)) - 84ab4d91-000c-4523-9c5f-2c204b5f6601@group-A43DC1D745E9: changes role from CANDIDATE to FOLLOWER at term 1 for DISCOVERED_A_NEW_TERM
2019-09-17 12:43:01,842 [f7ede272-a28a-44e0-9552-15581fc2de04@group-A43DC1D745E9:LeaderElection4] INFO  impl.RoleInfo (RoleInfo.java:shutdownLeaderElection(134)) - f7ede272-a28a-44e0-9552-15581fc2de04: shutdown LeaderElection
2019-09-17 12:43:01,842 [84ab4d91-000c-4523-9c5f-2c204b5f6601@group-A43DC1D745E9:LeaderElection5] INFO  impl.RoleInfo (RoleInfo.java:shutdownLeaderElection(134)) - 84ab4d91-000c-4523-9c5f-2c204b5f6601: shutdown LeaderElection
2019-09-17 12:43:01,842 [f7ede272-a28a-44e0-9552-15581fc2de04@group-A43DC1D745E9:LeaderElection4] INFO  impl.RoleInfo (RoleInfo.java:updateAndGet(143)) - f7ede272-a28a-44e0-9552-15581fc2de04: start FollowerState
2019-09-17 12:43:01,842 [84ab4d91-000c-4523-9c5f-2c204b5f6601@group-A43DC1D745E9:LeaderElection5] INFO  impl.RoleInfo (RoleInfo.java:updateAndGet(143)) - 84ab4d91-000c-4523-9c5f-2c204b5f6601: start FollowerState
2019-09-17 12:43:01,854 [5e893e0a-56f7-4618-9f46-a6ff48173cb6@group-A43DC1D745E9:LeaderElection6] INFO  impl.LeaderElection (LeaderElection.java:logAndReturn(56)) - 5e893e0a-56f7-4618-9f46-a6ff48173cb6@group-A43DC1D745E9:LeaderElection6: Election REJECTED; received 2 response(s) [5e893e0a-56f7-4618-9f46-a6ff48173cb6<-84ab4d91-000c-4523-9c5f-2c204b5f6601#0:FAIL-t1, 5e893e0a-56f7-4618-9f46-a6ff48173cb6<-f7ede272-a28a-44e0-9552-15581fc2de04#0:FAIL-t1] and 0 exception(s); 5e893e0a-56f7-4618-9f46-a6ff48173cb6@group-A43DC1D745E9:t1, leader=null, voted=5e893e0a-56f7-4618-9f46-a6ff48173cb6, raftlog=5e893e0a-56f7-4618-9f46-a6ff48173cb6@group-A43DC1D745E9-SegmentedRaftLog:OPENED:c-1,f-1,i0, conf=-1: [5e893e0a-56f7-4618-9f46-a6ff48173cb6:192.168.5.153:37060, 84ab4d91-000c-4523-9c5f-2c204b5f6601:192.168.5.153:39178, f7ede272-a28a-44e0-9552-15581fc2de04:192.168.5.153:38263], old=null
2019-09-17 12:43:01,854 [5e893e0a-56f7-4618-9f46-a6ff48173cb6@group-A43DC1D745E9:LeaderElection6] INFO  impl.RaftServerImpl (RaftServerImpl.java:setRole(174)) - 5e893e0a-56f7-4618-9f46-a6ff48173cb6@group-A43DC1D745E9: changes role from CANDIDATE to FOLLOWER at term 1 for DISCOVERED_A_NEW_TERM
2019-09-17 12:43:01,855 [5e893e0a-56f7-4618-9f46-a6ff48173cb6@group-A43DC1D745E9:LeaderElection6] INFO  impl.RoleInfo (RoleInfo.java:shutdownLeaderElection(134)) - 5e893e0a-56f7-4618-9f46-a6ff48173cb6: shutdown LeaderElection
2019-09-17 12:43:01,856 [5e893e0a-56f7-4618-9f46-a6ff48173cb6@group-A43DC1D745E9:LeaderElection6] INFO  impl.RoleInfo (RoleInfo.java:updateAndGet(143)) - 5e893e0a-56f7-4618-9f46-a6ff48173cb6: start FollowerState
 0.00% |█                                                                                                    |  0/1 Time: 0:00:062019-09-17 12:43:02,600 [grpc-default-executor-3] INFO  client.GrpcClientProtocolClient (GrpcClientProtocolClient.java:onNext(264)) - client-3C2395D0F082->f7ede272-a28a-44e0-9552-15581fc2de04: receive RaftClientReply:client-3C2395D0F082->f7ede272-a28a-44e0-9552-15581fc2de04@group-A43DC1D745E9, cid=6, FAILED org.apache.ratis.protocol.NotLeaderException: Server f7ede272-a28a-44e0-9552-15581fc2de04@group-A43DC1D745E9 is not the leader, logIndex=0, commits[f7ede272-a28a-44e0-9552-15581fc2de04:c-1]
 0.00% |█                                                                                                    |  0/1 Time: 0:00:072019-09-17 12:43:03,633 [grpc-default-executor-3] INFO  client.GrpcClientProtocolClient (GrpcClientProtocolClient.java:onNext(264)) - client-3C2395D0F082->84ab4d91-000c-4523-9c5f-2c204b5f6601: receive RaftClientReply:client-3C2395D0F082->84ab4d91-000c-4523-9c5f-2c204b5f6601@group-A43DC1D745E9, cid=6, FAILED org.apache.ratis.protocol.NotLeaderException: Server 84ab4d91-000c-4523-9c5f-2c204b5f6601@group-A43DC1D745E9 is not the leader, logIndex=0, commits[84ab4d91-000c-4523-9c5f-2c204b5f6601:c-1]
 0.00% |█                                                                                                    |  0/1 Time: 0:00:082019-09-17 12:43:04,666 [grpc-default-executor-3] INFO  client.GrpcClientProtocolClient (GrpcClientProtocolClient.java:onNext(264)) - client-3C2395D0F082->5e893e0a-56f7-4618-9f46-a6ff48173cb6: receive RaftClientReply:client-3C2395D0F082->5e893e0a-56f7-4618-9f46-a6ff48173cb6@group-A43DC1D745E9, cid=6, FAILED org.apache.ratis.protocol.NotLeaderException: Server 5e893e0a-56f7-4618-9f46-a6ff48173cb6@group-A43DC1D745E9 is not the leader, logIndex=0, commits[5e893e0a-56f7-4618-9f46-a6ff48173cb6:c-1]
 0.00% |█                                                                                                    |  0/1 Time: 0:00:092019-09-17 12:43:05,702 [grpc-default-executor-3] INFO  client.GrpcClientProtocolClient (GrpcClientProtocolClient.java:onNext(264)) - client-3C2395D0F082->f7ede272-a28a-44e0-9552-15581fc2de04: receive RaftClientReply:client-3C2395D0F082->f7ede272-a28a-44e0-9552-15581fc2de04@group-A43DC1D745E9, cid=6, FAILED org.apache.ratis.protocol.NotLeaderException: Server f7ede272-a28a-44e0-9552-15581fc2de04@group-A43DC1D745E9 is not the leader, logIndex=0, commits[f7ede272-a28a-44e0-9552-15581fc2de04:c-1]
 0.00% |█                                                                                                    |  0/1 Time: 0:00:102019-09-17 12:43:06,741 [grpc-default-executor-0] INFO  client.GrpcClientProtocolClient (GrpcClientProtocolClient.java:onNext(264)) - client-3C2395D0F082->5e893e0a-56f7-4618-9f46-a6ff48173cb6: receive RaftClientReply:client-3C2395D0F082->5e893e0a-56f7-4618-9f46-a6ff48173cb6@group-A43DC1D745E9, cid=6, FAILED org.apache.ratis.protocol.NotLeaderException: Server 5e893e0a-56f7-4618-9f46-a6ff48173cb6@group-A43DC1D745E9 is not the leader, logIndex=0, commits[5e893e0a-56f7-4618-9f46-a6ff48173cb6:c-1]
2019-09-17 12:43:06,873 [Thread-231] INFO  impl.FollowerState (FollowerState.java:run(106)) - 84ab4d91-000c-4523-9c5f-2c204b5f6601:group-A43DC1D745E9 changes to CANDIDATE, lastRpcTime:5030, electionTimeout:5029ms
2019-09-17 12:43:06,873 [Thread-231] INFO  impl.RoleInfo (RoleInfo.java:shutdownFollowerState(121)) - 84ab4d91-000c-4523-9c5f-2c204b5f6601: shutdown FollowerState
2019-09-17 12:43:06,873 [Thread-231] INFO  impl.RaftServerImpl (RaftServerImpl.java:setRole(174)) - 84ab4d91-000c-4523-9c5f-2c204b5f6601@group-A43DC1D745E9: changes role from  FOLLOWER to CANDIDATE at term 1 for changeToCandidate
2019-09-17 12:43:06,874 [Thread-231] INFO  impl.RoleInfo (RoleInfo.java:updateAndGet(143)) - 84ab4d91-000c-4523-9c5f-2c204b5f6601: start LeaderElection
2019-09-17 12:43:06,901 [84ab4d91-000c-4523-9c5f-2c204b5f6601@group-A43DC1D745E9:LeaderElection7] INFO  impl.LeaderElection (LeaderElection.java:askForVotes(182)) - 84ab4d91-000c-4523-9c5f-2c204b5f6601@group-A43DC1D745E9:LeaderElection7: begin an election at term 2 for -1: [5e893e0a-56f7-4618-9f46-a6ff48173cb6:192.168.5.153:37060, 84ab4d91-000c-4523-9c5f-2c204b5f6601:192.168.5.153:39178, f7ede272-a28a-44e0-9552-15581fc2de04:192.168.5.153:38263], old=null
2019-09-17 12:43:06,903 [Thread-230] INFO  impl.FollowerState (FollowerState.java:run(106)) - f7ede272-a28a-44e0-9552-15581fc2de04:group-A43DC1D745E9 changes to CANDIDATE, lastRpcTime:5061, electionTimeout:5060ms
2019-09-17 12:43:06,904 [Thread-230] INFO  impl.RoleInfo (RoleInfo.java:shutdownFollowerState(121)) - f7ede272-a28a-44e0-9552-15581fc2de04: shutdown FollowerState
2019-09-17 12:43:06,904 [Thread-230] INFO  impl.RaftServerImpl (RaftServerImpl.java:setRole(174)) - f7ede272-a28a-44e0-9552-15581fc2de04@group-A43DC1D745E9: changes role from  FOLLOWER to CANDIDATE at term 1 for changeToCandidate
2019-09-17 12:43:06,904 [Thread-230] INFO  impl.RoleInfo (RoleInfo.java:updateAndGet(143)) - f7ede272-a28a-44e0-9552-15581fc2de04: start LeaderElection
2019-09-17 12:43:06,908 [Thread-232] INFO  impl.FollowerState (FollowerState.java:run(106)) - 5e893e0a-56f7-4618-9f46-a6ff48173cb6:group-A43DC1D745E9 changes to CANDIDATE, lastRpcTime:5052, electionTimeout:5051ms
2019-09-17 12:43:06,908 [Thread-232] INFO  impl.RoleInfo (RoleInfo.java:shutdownFollowerState(121)) - 5e893e0a-56f7-4618-9f46-a6ff48173cb6: shutdown FollowerState
2019-09-17 12:43:06,910 [Thread-232] INFO  impl.RaftServerImpl (RaftServerImpl.java:setRole(174)) - 5e893e0a-56f7-4618-9f46-a6ff48173cb6@group-A43DC1D745E9: changes role from  FOLLOWER to CANDIDATE at term 1 for changeToCandidate
2019-09-17 12:43:06,910 [Thread-232] INFO  impl.RoleInfo (RoleInfo.java:updateAndGet(143)) - 5e893e0a-56f7-4618-9f46-a6ff48173cb6: start LeaderElection
2019-09-17 12:43:06,912 [grpc-default-executor-3] INFO  impl.RaftServerImpl (RaftServerImpl.java:setRole(174)) - 5e893e0a-56f7-4618-9f46-a6ff48173cb6@group-A43DC1D745E9: changes role from CANDIDATE to FOLLOWER at term 2 for recognizeCandidate:84ab4d91-000c-4523-9c5f-2c204b5f6601
2019-09-17 12:43:06,913 [grpc-default-executor-3] INFO  impl.RoleInfo (RoleInfo.java:shutdownLeaderElection(134)) - 5e893e0a-56f7-4618-9f46-a6ff48173cb6: shutdown LeaderElection
2019-09-17 12:43:06,913 [grpc-default-executor-3] INFO  impl.RoleInfo (RoleInfo.java:updateAndGet(143)) - 5e893e0a-56f7-4618-9f46-a6ff48173cb6: start FollowerState
2019-09-17 12:43:06,930 [f7ede272-a28a-44e0-9552-15581fc2de04@group-A43DC1D745E9:LeaderElection8] INFO  impl.LeaderElection (LeaderElection.java:askForVotes(182)) - f7ede272-a28a-44e0-9552-15581fc2de04@group-A43DC1D745E9:LeaderElection8: begin an election at term 2 for -1: [5e893e0a-56f7-4618-9f46-a6ff48173cb6:192.168.5.153:37060, 84ab4d91-000c-4523-9c5f-2c204b5f6601:192.168.5.153:39178, f7ede272-a28a-44e0-9552-15581fc2de04:192.168.5.153:38263], old=null
2019-09-17 12:43:06,936 [84ab4d91-000c-4523-9c5f-2c204b5f6601@group-A43DC1D745E9:LeaderElection7] INFO  impl.LeaderElection (LeaderElection.java:logAndReturn(56)) - 84ab4d91-000c-4523-9c5f-2c204b5f6601@group-A43DC1D745E9:LeaderElection7: Election REJECTED; received 2 response(s) [84ab4d91-000c-4523-9c5f-2c204b5f6601<-5e893e0a-56f7-4618-9f46-a6ff48173cb6#0:FAIL-t2, 84ab4d91-000c-4523-9c5f-2c204b5f6601<-f7ede272-a28a-44e0-9552-15581fc2de04#0:FAIL-t2] and 0 exception(s); 84ab4d91-000c-4523-9c5f-2c204b5f6601@group-A43DC1D745E9:t2, leader=null, voted=84ab4d91-000c-4523-9c5f-2c204b5f6601, raftlog=84ab4d91-000c-4523-9c5f-2c204b5f6601@group-A43DC1D745E9-SegmentedRaftLog:OPENED:c-1,f-1,i0, conf=-1: [5e893e0a-56f7-4618-9f46-a6ff48173cb6:192.168.5.153:37060, 84ab4d91-000c-4523-9c5f-2c204b5f6601:192.168.5.153:39178, f7ede272-a28a-44e0-9552-15581fc2de04:192.168.5.153:38263], old=null
2019-09-17 12:43:06,939 [84ab4d91-000c-4523-9c5f-2c204b5f6601@group-A43DC1D745E9:LeaderElection7] INFO  impl.RaftServerImpl (RaftServerImpl.java:setRole(174)) - 84ab4d91-000c-4523-9c5f-2c204b5f6601@group-A43DC1D745E9: changes role from CANDIDATE to FOLLOWER at term 2 for DISCOVERED_A_NEW_TERM
2019-09-17 12:43:06,940 [84ab4d91-000c-4523-9c5f-2c204b5f6601@group-A43DC1D745E9:LeaderElection7] INFO  impl.RoleInfo (RoleInfo.java:shutdownLeaderElection(134)) - 84ab4d91-000c-4523-9c5f-2c204b5f6601: shutdown LeaderElection
2019-09-17 12:43:06,941 [84ab4d91-000c-4523-9c5f-2c204b5f6601@group-A43DC1D745E9:LeaderElection7] INFO  impl.RoleInfo (RoleInfo.java:updateAndGet(143)) - 84ab4d91-000c-4523-9c5f-2c204b5f6601: start FollowerState
2019-09-17 12:43:06,958 [5e893e0a-56f7-4618-9f46-a6ff48173cb6@group-A43DC1D745E9:LeaderElection9] INFO  impl.LeaderElection (LeaderElection.java:askForVotes(182)) - 5e893e0a-56f7-4618-9f46-a6ff48173cb6@group-A43DC1D745E9:LeaderElection9: begin an election at term 3 for -1: [5e893e0a-56f7-4618-9f46-a6ff48173cb6:192.168.5.153:37060, 84ab4d91-000c-4523-9c5f-2c204b5f6601:192.168.5.153:39178, f7ede272-a28a-44e0-9552-15581fc2de04:192.168.5.153:38263], old=null
2019-09-17 12:43:06,960 [5e893e0a-56f7-4618-9f46-a6ff48173cb6@group-A43DC1D745E9:LeaderElection9] INFO  impl.LeaderElection (LeaderElection.java:logAndReturn(56)) - 5e893e0a-56f7-4618-9f46-a6ff48173cb6@group-A43DC1D745E9:LeaderElection9: Election REJECTED; received 0 response(s) [] and 0 exception(s); 5e893e0a-56f7-4618-9f46-a6ff48173cb6@group-A43DC1D745E9:t3, leader=null, voted=5e893e0a-56f7-4618-9f46-a6ff48173cb6, raftlog=5e893e0a-56f7-4618-9f46-a6ff48173cb6@group-A43DC1D745E9-SegmentedRaftLog:OPENED:c-1,f-1,i0, conf=-1: [5e893e0a-56f7-4618-9f46-a6ff48173cb6:192.168.5.153:37060, 84ab4d91-000c-4523-9c5f-2c204b5f6601:192.168.5.153:39178, f7ede272-a28a-44e0-9552-15581fc2de04:192.168.5.153:38263], old=null
2019-09-17 12:43:06,962 [f7ede272-a28a-44e0-9552-15581fc2de04@group-A43DC1D745E9:LeaderElection8] INFO  impl.LeaderElection (LeaderElection.java:logAndReturn(56)) - f7ede272-a28a-44e0-9552-15581fc2de04@group-A43DC1D745E9:LeaderElection8: Election DISCOVERED_A_NEW_TERM; received 2 response(s) [f7ede272-a28a-44e0-9552-15581fc2de04<-5e893e0a-56f7-4618-9f46-a6ff48173cb6#0:FAIL-t3, f7ede272-a28a-44e0-9552-15581fc2de04<-84ab4d91-000c-4523-9c5f-2c204b5f6601#0:FAIL-t2] and 0 exception(s); f7ede272-a28a-44e0-9552-15581fc2de04@group-A43DC1D745E9:t2, leader=null, voted=f7ede272-a28a-44e0-9552-15581fc2de04, raftlog=f7ede272-a28a-44e0-9552-15581fc2de04@group-A43DC1D745E9-SegmentedRaftLog:OPENED:c-1,f-1,i0, conf=-1: [5e893e0a-56f7-4618-9f46-a6ff48173cb6:192.168.5.153:37060, 84ab4d91-000c-4523-9c5f-2c204b5f6601:192.168.5.153:39178, f7ede272-a28a-44e0-9552-15581fc2de04:192.168.5.153:38263], old=null
2019-09-17 12:43:06,962 [f7ede272-a28a-44e0-9552-15581fc2de04@group-A43DC1D745E9:LeaderElection8] INFO  impl.RaftServerImpl (RaftServerImpl.java:setRole(174)) - f7ede272-a28a-44e0-9552-15581fc2de04@group-A43DC1D745E9: changes role from CANDIDATE to FOLLOWER at term 3 for DISCOVERED_A_NEW_TERM
2019-09-17 12:43:06,963 [f7ede272-a28a-44e0-9552-15581fc2de04@group-A43DC1D745E9:LeaderElection8] INFO  impl.RoleInfo (RoleInfo.java:shutdownLeaderElection(134)) - f7ede272-a28a-44e0-9552-15581fc2de04: shutdown LeaderElection
2019-09-17 12:43:06,964 [f7ede272-a28a-44e0-9552-15581fc2de04@group-A43DC1D745E9:LeaderElection8] INFO  impl.RoleInfo (RoleInfo.java:updateAndGet(143)) - f7ede272-a28a-44e0-9552-15581fc2de04: start FollowerState
2019-09-17 12:43:06,967 [grpc-default-executor-3] INFO  impl.RaftServerImpl (RaftServerImpl.java:setRole(174)) - 84ab4d91-000c-4523-9c5f-2c204b5f6601@group-A43DC1D745E9: changes role from  FOLLOWER to FOLLOWER at term 3 for recognizeCandidate:5e893e0a-56f7-4618-9f46-a6ff48173cb6
2019-09-17 12:43:06,967 [grpc-default-executor-3] INFO  impl.RoleInfo (RoleInfo.java:shutdownFollowerState(121)) - 84ab4d91-000c-4523-9c5f-2c204b5f6601: shutdown FollowerState
2019-09-17 12:43:06,968 [grpc-default-executor-3] INFO  impl.RoleInfo (RoleInfo.java:updateAndGet(143)) - 84ab4d91-000c-4523-9c5f-2c204b5f6601: start FollowerState
2019-09-17 12:43:06,968 [Thread-251] INFO  impl.FollowerState (FollowerState.java:run(115)) - 84ab4d91-000c-4523-9c5f-2c204b5f6601: FollowerState was interrupted: java.lang.InterruptedException: sleep interrupted
2019-09-17 12:43:06,991 [grpc-default-executor-0] INFO  impl.RaftServerImpl (RaftServerImpl.java:setRole(174)) - f7ede272-a28a-44e0-9552-15581fc2de04@group-A43DC1D745E9: changes role from  FOLLOWER to FOLLOWER at term 3 for recognizeCandidate:5e893e0a-56f7-4618-9f46-a6ff48173cb6
2019-09-17 12:43:06,991 [grpc-default-executor-0] INFO  impl.RoleInfo (RoleInfo.java:shutdownFollowerState(121)) - f7ede272-a28a-44e0-9552-15581fc2de04: shutdown FollowerState
2019-09-17 12:43:06,991 [grpc-default-executor-0] INFO  impl.RoleInfo (RoleInfo.java:updateAndGet(143)) - f7ede272-a28a-44e0-9552-15581fc2de04: start FollowerState
2019-09-17 12:43:06,991 [Thread-254] INFO  impl.FollowerState (FollowerState.java:run(115)) - f7ede272-a28a-44e0-9552-15581fc2de04: FollowerState was interrupted: java.lang.InterruptedException: sleep interrupted
 0.00% |█                                                                                                    |  0/1 Time: 0:00:112019-09-17 12:43:07,781 [grpc-default-executor-0] INFO  client.GrpcClientProtocolClient (GrpcClientProtocolClient.java:onNext(264)) - client-3C2395D0F082->f7ede272-a28a-44e0-9552-15581fc2de04: receive RaftClientReply:client-3C2395D0F082->f7ede272-a28a-44e0-9552-15581fc2de04@group-A43DC1D745E9, cid=6, FAILED org.apache.ratis.protocol.NotLeaderException: Server f7ede272-a28a-44e0-9552-15581fc2de04@group-A43DC1D745E9 is not the leader, logIndex=0, commits[f7ede272-a28a-44e0-9552-15581fc2de04:c-1]
 0.00% |█                                                                                                    |  0/1 Time: 0:00:122019-09-17 12:43:08,813 [grpc-default-executor-0] INFO  client.GrpcClientProtocolClient (GrpcClientProtocolClient.java:onNext(264)) - client-3C2395D0F082->84ab4d91-000c-4523-9c5f-2c204b5f6601: receive RaftClientReply:client-3C2395D0F082->84ab4d91-000c-4523-9c5f-2c204b5f6601@group-A43DC1D745E9, cid=6, FAILED org.apache.ratis.protocol.NotLeaderException: Server 84ab4d91-000c-4523-9c5f-2c204b5f6601@group-A43DC1D745E9 is not the leader, logIndex=0, commits[84ab4d91-000c-4523-9c5f-2c204b5f6601:c-1]
 0.00% |█                                                                                                    |  0/1 Time: 0:00:132019-09-17 12:43:09,846 [grpc-default-executor-0] INFO  client.GrpcClientProtocolClient (GrpcClientProtocolClient.java:onNext(264)) - client-3C2395D0F082->5e893e0a-56f7-4618-9f46-a6ff48173cb6: receive RaftClientReply:client-3C2395D0F082->5e893e0a-56f7-4618-9f46-a6ff48173cb6@group-A43DC1D745E9, cid=6, FAILED org.apache.ratis.protocol.NotLeaderException: Server 5e893e0a-56f7-4618-9f46-a6ff48173cb6@group-A43DC1D745E9 is not the leader, logIndex=0, commits[5e893e0a-56f7-4618-9f46-a6ff48173cb6:c-1]
 0.00% |█                                                                                                    |  0/1 Time: 0:00:142019-09-17 12:43:10,872 [grpc-default-executor-0] INFO  client.GrpcClientProtocolClient (GrpcClientProtocolClient.java:onNext(264)) - client-3C2395D0F082->84ab4d91-000c-4523-9c5f-2c204b5f6601: receive RaftClientReply:client-3C2395D0F082->84ab4d91-000c-4523-9c5f-2c204b5f6601@group-A43DC1D745E9, cid=6, FAILED org.apache.ratis.protocol.NotLeaderException: Server 84ab4d91-000c-4523-9c5f-2c204b5f6601@group-A43DC1D745E9 is not the leader, logIndex=0, commits[84ab4d91-000c-4523-9c5f-2c204b5f6601:c-1]
 0.00% |█                                                                                                    |  0/1 Time: 0:00:152019-09-17 12:43:11,900 [grpc-default-executor-0] INFO  client.GrpcClientProtocolClient (GrpcClientProtocolClient.java:onNext(264)) - client-3C2395D0F082->f7ede272-a28a-44e0-9552-15581fc2de04: receive RaftClientReply:client-3C2395D0F082->f7ede272-a28a-44e0-9552-15581fc2de04@group-A43DC1D745E9, cid=6, FAILED org.apache.ratis.protocol.NotLeaderException: Server f7ede272-a28a-44e0-9552-15581fc2de04@group-A43DC1D745E9 is not the leader, logIndex=0, commits[f7ede272-a28a-44e0-9552-15581fc2de04:c-1]
2019-09-17 12:43:11,921 [Thread-248] INFO  impl.FollowerState (FollowerState.java:run(106)) - 5e893e0a-56f7-4618-9f46-a6ff48173cb6:group-A43DC1D745E9 changes to CANDIDATE, lastRpcTime:5008, electionTimeout:5007ms
2019-09-17 12:43:11,922 [Thread-248] INFO  impl.RoleInfo (RoleInfo.java:shutdownFollowerState(121)) - 5e893e0a-56f7-4618-9f46-a6ff48173cb6: shutdown FollowerState
2019-09-17 12:43:11,922 [Thread-248] INFO  impl.RaftServerImpl (RaftServerImpl.java:setRole(174)) - 5e893e0a-56f7-4618-9f46-a6ff48173cb6@group-A43DC1D745E9: changes role from  FOLLOWER to CANDIDATE at term 3 for changeToCandidate
2019-09-17 12:43:11,922 [Thread-248] INFO  impl.RoleInfo (RoleInfo.java:updateAndGet(143)) - 5e893e0a-56f7-4618-9f46-a6ff48173cb6: start LeaderElection
2019-09-17 12:43:11,948 [5e893e0a-56f7-4618-9f46-a6ff48173cb6@group-A43DC1D745E9:LeaderElection10] INFO  impl.LeaderElection (LeaderElection.java:askForVotes(182)) - 5e893e0a-56f7-4618-9f46-a6ff48173cb6@group-A43DC1D745E9:LeaderElection10: begin an election at term 4 for -1: [5e893e0a-56f7-4618-9f46-a6ff48173cb6:192.168.5.153:37060, 84ab4d91-000c-4523-9c5f-2c204b5f6601:192.168.5.153:39178, f7ede272-a28a-44e0-9552-15581fc2de04:192.168.5.153:38263], old=null
2019-09-17 12:43:11,954 [grpc-default-executor-1] INFO  impl.RaftServerImpl (RaftServerImpl.java:setRole(174)) - 84ab4d91-000c-4523-9c5f-2c204b5f6601@group-A43DC1D745E9: changes role from  FOLLOWER to FOLLOWER at term 4 for recognizeCandidate:5e893e0a-56f7-4618-9f46-a6ff48173cb6
2019-09-17 12:43:11,954 [grpc-default-executor-0] INFO  impl.RaftServerImpl (RaftServerImpl.java:setRole(174)) - f7ede272-a28a-44e0-9552-15581fc2de04@group-A43DC1D745E9: changes role from  FOLLOWER to FOLLOWER at term 4 for recognizeCandidate:5e893e0a-56f7-4618-9f46-a6ff48173cb6
2019-09-17 12:43:11,954 [grpc-default-executor-1] INFO  impl.RoleInfo (RoleInfo.java:shutdownFollowerState(121)) - 84ab4d91-000c-4523-9c5f-2c204b5f6601: shutdown FollowerState
2019-09-17 12:43:11,954 [grpc-default-executor-0] INFO  impl.RoleInfo (RoleInfo.java:shutdownFollowerState(121)) - f7ede272-a28a-44e0-9552-15581fc2de04: shutdown FollowerState
2019-09-17 12:43:11,955 [grpc-default-executor-1] INFO  impl.RoleInfo (RoleInfo.java:updateAndGet(143)) - 84ab4d91-000c-4523-9c5f-2c204b5f6601: start FollowerState
2019-09-17 12:43:11,955 [grpc-default-executor-0] INFO  impl.RoleInfo (RoleInfo.java:updateAndGet(143)) - f7ede272-a28a-44e0-9552-15581fc2de04: start FollowerState
2019-09-17 12:43:11,955 [Thread-256] INFO  impl.FollowerState (FollowerState.java:run(115)) - f7ede272-a28a-44e0-9552-15581fc2de04: FollowerState was interrupted: java.lang.InterruptedException: sleep interrupted
2019-09-17 12:43:11,955 [Thread-255] INFO  impl.FollowerState (FollowerState.java:run(115)) - 84ab4d91-000c-4523-9c5f-2c204b5f6601: FollowerState was interrupted: java.lang.InterruptedException: sleep interrupted
2019-09-17 12:43:11,983 [5e893e0a-56f7-4618-9f46-a6ff48173cb6@group-A43DC1D745E9:LeaderElection10] INFO  impl.LeaderElection (LeaderElection.java:logAndReturn(56)) - 5e893e0a-56f7-4618-9f46-a6ff48173cb6@group-A43DC1D745E9:LeaderElection10: Election PASSED; received 1 response(s) [5e893e0a-56f7-4618-9f46-a6ff48173cb6<-f7ede272-a28a-44e0-9552-15581fc2de04#0:OK-t4] and 0 exception(s); 5e893e0a-56f7-4618-9f46-a6ff48173cb6@group-A43DC1D745E9:t4, leader=null, voted=5e893e0a-56f7-4618-9f46-a6ff48173cb6, raftlog=5e893e0a-56f7-4618-9f46-a6ff48173cb6@group-A43DC1D745E9-SegmentedRaftLog:OPENED:c-1,f-1,i0, conf=-1: [5e893e0a-56f7-4618-9f46-a6ff48173cb6:192.168.5.153:37060, 84ab4d91-000c-4523-9c5f-2c204b5f6601:192.168.5.153:39178, f7ede272-a28a-44e0-9552-15581fc2de04:192.168.5.153:38263], old=null
2019-09-17 12:43:11,983 [5e893e0a-56f7-4618-9f46-a6ff48173cb6@group-A43DC1D745E9:LeaderElection10] INFO  impl.RoleInfo (RoleInfo.java:shutdownLeaderElection(134)) - 5e893e0a-56f7-4618-9f46-a6ff48173cb6: shutdown LeaderElection
2019-09-17 12:43:11,985 [5e893e0a-56f7-4618-9f46-a6ff48173cb6@group-A43DC1D745E9:LeaderElection10] INFO  impl.RaftServerImpl (RaftServerImpl.java:setRole(174)) - 5e893e0a-56f7-4618-9f46-a6ff48173cb6@group-A43DC1D745E9: changes role from CANDIDATE to LEADER at term 4 for changeToLeader
2019-09-17 12:43:11,985 [5e893e0a-56f7-4618-9f46-a6ff48173cb6@group-A43DC1D745E9:LeaderElection10] INFO  impl.RaftServerImpl (ServerState.java:setLeader(253)) - 5e893e0a-56f7-4618-9f46-a6ff48173cb6@group-A43DC1D745E9: change Leader from null to 5e893e0a-56f7-4618-9f46-a6ff48173cb6 at term 4 for becomeLeader, leader elected after 15277ms
2019-09-17 12:43:11,985 [5e893e0a-56f7-4618-9f46-a6ff48173cb6@group-A43DC1D745E9:LeaderElection10] INFO  server.RaftServerConfigKeys (ConfUtils.java:logGet(43)) - raft.server.staging.catchup.gap = 1000 (default)
2019-09-17 12:43:11,986 [5e893e0a-56f7-4618-9f46-a6ff48173cb6@group-A43DC1D745E9:LeaderElection10] INFO  server.RaftServerConfigKeys (ConfUtils.java:logGet(43)) - raft.server.rpc.sleep.time = 25ms (default)
2019-09-17 12:43:11,986 [5e893e0a-56f7-4618-9f46-a6ff48173cb6@group-A43DC1D745E9:LeaderElection10] INFO  server.RaftServerConfigKeys (ConfUtils.java:logGet(43)) - raft.server.write.element-limit = 4096 (default)
2019-09-17 12:43:11,986 [5e893e0a-56f7-4618-9f46-a6ff48173cb6@group-A43DC1D745E9:LeaderElection10] INFO  server.RaftServerConfigKeys (ConfUtils.java:logGet(43)) - raft.server.watch.timeout = 10s (default)
2019-09-17 12:43:11,987 [5e893e0a-56f7-4618-9f46-a6ff48173cb6@group-A43DC1D745E9:LeaderElection10] INFO  server.RaftServerConfigKeys (ConfUtils.java:logGet(43)) - raft.server.watch.timeout.denomination = 1s (default)
2019-09-17 12:43:11,987 [5e893e0a-56f7-4618-9f46-a6ff48173cb6@group-A43DC1D745E9:LeaderElection10] INFO  server.RaftServerConfigKeys (ConfUtils.java:logGet(43)) - raft.server.watch.element-limit = 65536 (default)
2019-09-17 12:43:11,997 [5e893e0a-56f7-4618-9f46-a6ff48173cb6@group-A43DC1D745E9:LeaderElection10] INFO  server.RaftServerConfigKeys (ConfUtils.java:logGet(43)) - raft.server.log.appender.snapshot.chunk.size.max = 16MB (=16777216) (default)
2019-09-17 12:43:11,997 [5e893e0a-56f7-4618-9f46-a6ff48173cb6@group-A43DC1D745E9:LeaderElection10] INFO  server.RaftServerConfigKeys (ConfUtils.java:logGet(43)) - raft.server.log.appender.buffer.byte-limit = 33554432 (custom)
2019-09-17 12:43:11,998 [5e893e0a-56f7-4618-9f46-a6ff48173cb6@group-A43DC1D745E9:LeaderElection10] INFO  server.RaftServerConfigKeys (ConfUtils.java:logGet(43)) - raft.server.log.appender.buffer.element-limit = 1 (custom)
2019-09-17 12:43:12,005 [5e893e0a-56f7-4618-9f46-a6ff48173cb6@group-A43DC1D745E9:LeaderElection10] INFO  grpc.GrpcConfigKeys$Server (ConfUtils.java:logGet(43)) - raft.grpc.server.leader.outstanding.appends.max = 128 (default)
2019-09-17 12:43:12,012 [5e893e0a-56f7-4618-9f46-a6ff48173cb6@group-A43DC1D745E9:LeaderElection10] INFO  server.RaftServerConfigKeys (ConfUtils.java:logGet(43)) - raft.server.rpc.request.timeout = 3000ms (default)
2019-09-17 12:43:12,012 [5e893e0a-56f7-4618-9f46-a6ff48173cb6@group-A43DC1D745E9:LeaderElection10] INFO  server.RaftServerConfigKeys (ConfUtils.java:logGet(43)) - raft.server.log.appender.install.snapshot.enabled = false (custom)
2019-09-17 12:43:12,014 [5e893e0a-56f7-4618-9f46-a6ff48173cb6@group-A43DC1D745E9:LeaderElection10] INFO  server.RaftServerConfigKeys (ConfUtils.java:logGet(43)) - raft.server.log.appender.snapshot.chunk.size.max = 16MB (=16777216) (default)
2019-09-17 12:43:12,014 [5e893e0a-56f7-4618-9f46-a6ff48173cb6@group-A43DC1D745E9:LeaderElection10] INFO  server.RaftServerConfigKeys (ConfUtils.java:logGet(43)) - raft.server.log.appender.buffer.byte-limit = 33554432 (custom)
2019-09-17 12:43:12,014 [5e893e0a-56f7-4618-9f46-a6ff48173cb6@group-A43DC1D745E9:LeaderElection10] INFO  server.RaftServerConfigKeys (ConfUtils.java:logGet(43)) - raft.server.log.appender.buffer.element-limit = 1 (custom)
2019-09-17 12:43:12,014 [5e893e0a-56f7-4618-9f46-a6ff48173cb6@group-A43DC1D745E9:LeaderElection10] INFO  grpc.GrpcConfigKeys$Server (ConfUtils.java:logGet(43)) - raft.grpc.server.leader.outstanding.appends.max = 128 (default)
2019-09-17 12:43:12,015 [5e893e0a-56f7-4618-9f46-a6ff48173cb6@group-A43DC1D745E9:LeaderElection10] INFO  server.RaftServerConfigKeys (ConfUtils.java:logGet(43)) - raft.server.rpc.request.timeout = 3000ms (default)
2019-09-17 12:43:12,015 [5e893e0a-56f7-4618-9f46-a6ff48173cb6@group-A43DC1D745E9:LeaderElection10] INFO  server.RaftServerConfigKeys (ConfUtils.java:logGet(43)) - raft.server.log.appender.install.snapshot.enabled = false (custom)
2019-09-17 12:43:12,017 [5e893e0a-56f7-4618-9f46-a6ff48173cb6@group-A43DC1D745E9:LeaderElection10] INFO  impl.RoleInfo (RoleInfo.java:updateAndGet(143)) - 5e893e0a-56f7-4618-9f46-a6ff48173cb6: start LeaderState
2019-09-17 12:43:12,017 [5e893e0a-56f7-4618-9f46-a6ff48173cb6@group-A43DC1D745E9:LeaderElection10] INFO  segmented.SegmentedRaftLogWorker (SegmentedRaftLogWorker.java:startLogSegment(380)) - 5e893e0a-56f7-4618-9f46-a6ff48173cb6@group-A43DC1D745E9-SegmentedRaftLogWorker: Starting segment from index:0
2019-09-17 12:43:12,018 [5e893e0a-56f7-4618-9f46-a6ff48173cb6@group-A43DC1D745E9:LeaderElection10] INFO  impl.RaftServerImpl (ServerState.java:setRaftConf(354)) - 5e893e0a-56f7-4618-9f46-a6ff48173cb6@group-A43DC1D745E9: set configuration 0: [5e893e0a-56f7-4618-9f46-a6ff48173cb6:192.168.5.153:37060, 84ab4d91-000c-4523-9c5f-2c204b5f6601:192.168.5.153:39178, f7ede272-a28a-44e0-9552-15581fc2de04:192.168.5.153:38263], old=null at 0
2019-09-17 12:43:12,078 [5e893e0a-56f7-4618-9f46-a6ff48173cb6@group-A43DC1D745E9-SegmentedRaftLogWorker] INFO  segmented.SegmentedRaftLogWorker (SegmentedRaftLogWorker.java:execute(569)) - 5e893e0a-56f7-4618-9f46-a6ff48173cb6@group-A43DC1D745E9-SegmentedRaftLogWorker: created new log segment /tmp/workdir/hadoop-ozone/tools/target/test-dir/MiniOzoneClusterImpl-50a1f6bc-759b-451e-a5dd-d4a59b2daa65/datanode-0/data/ratis/de0cac9c-8394-42f1-b79d-a43dc1d745e9/current/log_inprogress_0
2019-09-17 12:43:12,080 [grpc-default-executor-0] INFO  impl.RaftServerImpl (ServerState.java:setLeader(253)) - f7ede272-a28a-44e0-9552-15581fc2de04@group-A43DC1D745E9: change Leader from null to 5e893e0a-56f7-4618-9f46-a6ff48173cb6 at term 4 for appendEntries, leader elected after 15374ms
2019-09-17 12:43:12,080 [grpc-default-executor-1] INFO  impl.RaftServerImpl (ServerState.java:setLeader(253)) - 84ab4d91-000c-4523-9c5f-2c204b5f6601@group-A43DC1D745E9: change Leader from null to 5e893e0a-56f7-4618-9f46-a6ff48173cb6 at term 4 for appendEntries, leader elected after 15373ms
2019-09-17 12:43:12,112 [grpc-default-executor-1] INFO  impl.RaftServerImpl (ServerState.java:setRaftConf(354)) - 84ab4d91-000c-4523-9c5f-2c204b5f6601@group-A43DC1D745E9: set configuration 0: [5e893e0a-56f7-4618-9f46-a6ff48173cb6:192.168.5.153:37060, 84ab4d91-000c-4523-9c5f-2c204b5f6601:192.168.5.153:39178, f7ede272-a28a-44e0-9552-15581fc2de04:192.168.5.153:38263], old=null at 0
2019-09-17 12:43:12,112 [grpc-default-executor-0] INFO  impl.RaftServerImpl (ServerState.java:setRaftConf(354)) - f7ede272-a28a-44e0-9552-15581fc2de04@group-A43DC1D745E9: set configuration 0: [5e893e0a-56f7-4618-9f46-a6ff48173cb6:192.168.5.153:37060, 84ab4d91-000c-4523-9c5f-2c204b5f6601:192.168.5.153:39178, f7ede272-a28a-44e0-9552-15581fc2de04:192.168.5.153:38263], old=null at 0
2019-09-17 12:43:12,112 [grpc-default-executor-1] INFO  segmented.SegmentedRaftLogWorker (SegmentedRaftLogWorker.java:startLogSegment(380)) - 84ab4d91-000c-4523-9c5f-2c204b5f6601@group-A43DC1D745E9-SegmentedRaftLogWorker: Starting segment from index:0
2019-09-17 12:43:12,113 [grpc-default-executor-0] INFO  segmented.SegmentedRaftLogWorker (SegmentedRaftLogWorker.java:startLogSegment(380)) - f7ede272-a28a-44e0-9552-15581fc2de04@group-A43DC1D745E9-SegmentedRaftLogWorker: Starting segment from index:0
2019-09-17 12:43:12,162 [f7ede272-a28a-44e0-9552-15581fc2de04@group-A43DC1D745E9-SegmentedRaftLogWorker] INFO  segmented.SegmentedRaftLogWorker (SegmentedRaftLogWorker.java:execute(569)) - f7ede272-a28a-44e0-9552-15581fc2de04@group-A43DC1D745E9-SegmentedRaftLogWorker: created new log segment /tmp/workdir/hadoop-ozone/tools/target/test-dir/MiniOzoneClusterImpl-50a1f6bc-759b-451e-a5dd-d4a59b2daa65/datanode-2/data/ratis/de0cac9c-8394-42f1-b79d-a43dc1d745e9/current/log_inprogress_0
2019-09-17 12:43:12,177 [84ab4d91-000c-4523-9c5f-2c204b5f6601@group-A43DC1D745E9-SegmentedRaftLogWorker] INFO  segmented.SegmentedRaftLogWorker (SegmentedRaftLogWorker.java:execute(569)) - 84ab4d91-000c-4523-9c5f-2c204b5f6601@group-A43DC1D745E9-SegmentedRaftLogWorker: created new log segment /tmp/workdir/hadoop-ozone/tools/target/test-dir/MiniOzoneClusterImpl-50a1f6bc-759b-451e-a5dd-d4a59b2daa65/datanode-1/data/ratis/de0cac9c-8394-42f1-b79d-a43dc1d745e9/current/log_inprogress_0
 0.00% |█                                                                                                    |  0/1 Time: 0:00:162019-09-17 12:43:12,936 [grpc-default-executor-1] INFO  client.GrpcClientProtocolClient (GrpcClientProtocolClient.java:onNext(264)) - client-3C2395D0F082->84ab4d91-000c-4523-9c5f-2c204b5f6601: receive RaftClientReply:client-3C2395D0F082->84ab4d91-000c-4523-9c5f-2c204b5f6601@group-A43DC1D745E9, cid=6, FAILED org.apache.ratis.protocol.NotLeaderException: Server 84ab4d91-000c-4523-9c5f-2c204b5f6601@group-A43DC1D745E9 is not the leader 5e893e0a-56f7-4618-9f46-a6ff48173cb6:192.168.5.153:37060, logIndex=0, commits[84ab4d91-000c-4523-9c5f-2c204b5f6601:c0, 5e893e0a-56f7-4618-9f46-a6ff48173cb6:c0, f7ede272-a28a-44e0-9552-15581fc2de04:c-1]
 0.00% |█                                                                                                    |  0/1 Time: 0:00:172019-09-17 12:43:13,258 [grpc-default-executor-1] INFO  client.GrpcClientProtocolClient (GrpcClientProtocolClient.java:onNext(264)) - client-3C2395D0F082->5e893e0a-56f7-4618-9f46-a6ff48173cb6: receive RaftClientReply:client-3C2395D0F082->5e893e0a-56f7-4618-9f46-a6ff48173cb6@group-A43DC1D745E9, cid=6, SUCCESS, logIndex=1, commits[5e893e0a-56f7-4618-9f46-a6ff48173cb6:c1, 84ab4d91-000c-4523-9c5f-2c204b5f6601:c0, f7ede272-a28a-44e0-9552-15581fc2de04:c0]
2019-09-17 12:43:13,418 [grpc-default-executor-0] INFO  client.GrpcClientProtocolClient (GrpcClientProtocolClient.java:onNext(264)) - client-3C2395D0F082->5e893e0a-56f7-4618-9f46-a6ff48173cb6: receive RaftClientReply:client-3C2395D0F082->5e893e0a-56f7-4618-9f46-a6ff48173cb6@group-A43DC1D745E9, cid=7, SUCCESS, logIndex=3, commits[5e893e0a-56f7-4618-9f46-a6ff48173cb6:c8, 84ab4d91-000c-4523-9c5f-2c204b5f6601:c6, f7ede272-a28a-44e0-9552-15581fc2de04:c6]
2019-09-17 12:43:13,423 [grpc-default-executor-0] INFO  client.GrpcClientProtocolClient (GrpcClientProtocolClient.java:onNext(264)) - client-3C2395D0F082->5e893e0a-56f7-4618-9f46-a6ff48173cb6: receive RaftClientReply:client-3C2395D0F082->5e893e0a-56f7-4618-9f46-a6ff48173cb6@group-A43DC1D745E9, cid=8, SUCCESS, logIndex=4, commits[5e893e0a-56f7-4618-9f46-a6ff48173cb6:c8, 84ab4d91-000c-4523-9c5f-2c204b5f6601:c6, f7ede272-a28a-44e0-9552-15581fc2de04:c6]
2019-09-17 12:43:13,612 [grpc-default-executor-0] INFO  client.GrpcClientProtocolClient (GrpcClientProtocolClient.java:onNext(264)) - client-3C2395D0F082->5e893e0a-56f7-4618-9f46-a6ff48173cb6: receive RaftClientReply:client-3C2395D0F082->5e893e0a-56f7-4618-9f46-a6ff48173cb6@group-A43DC1D745E9, cid=9, SUCCESS, logIndex=5, commits[5e893e0a-56f7-4618-9f46-a6ff48173cb6:c8, 84ab4d91-000c-4523-9c5f-2c204b5f6601:c6, f7ede272-a28a-44e0-9552-15581fc2de04:c6]
2019-09-17 12:43:13,666 [grpc-default-executor-2] INFO  client.GrpcClientProtocolClient (GrpcClientProtocolClient.java:onNext(264)) - client-3C2395D0F082->5e893e0a-56f7-4618-9f46-a6ff48173cb6: receive RaftClientReply:client-3C2395D0F082->5e893e0a-56f7-4618-9f46-a6ff48173cb6@group-A43DC1D745E9, cid=10, SUCCESS, logIndex=9, commits[5e893e0a-56f7-4618-9f46-a6ff48173cb6:c10, 84ab4d91-000c-4523-9c5f-2c204b5f6601:c8, f7ede272-a28a-44e0-9552-15581fc2de04:c8]
2019-09-17 12:43:13,667 [grpc-default-executor-3] INFO  client.GrpcClientProtocolClient (GrpcClientProtocolClient.java:onNext(264)) - client-3C2395D0F082->5e893e0a-56f7-4618-9f46-a6ff48173cb6: receive RaftClientReply:client-3C2395D0F082->5e893e0a-56f7-4618-9f46-a6ff48173cb6@group-A43DC1D745E9, cid=11, SUCCESS, logIndex=10, commits[5e893e0a-56f7-4618-9f46-a6ff48173cb6:c12, 84ab4d91-000c-4523-9c5f-2c204b5f6601:c8, f7ede272-a28a-44e0-9552-15581fc2de04:c8]
2019-09-17 12:43:13,668 [grpc-default-executor-3] INFO  client.GrpcClientProtocolClient (GrpcClientProtocolClient.java:onNext(264)) - client-3C2395D0F082->5e893e0a-56f7-4618-9f46-a6ff48173cb6: receive RaftClientReply:client-3C2395D0F082->5e893e0a-56f7-4618-9f46-a6ff48173cb6@group-A43DC1D745E9, cid=12, SUCCESS, logIndex=11, commits[5e893e0a-56f7-4618-9f46-a6ff48173cb6:c13, 84ab4d91-000c-4523-9c5f-2c204b5f6601:c9, f7ede272-a28a-44e0-9552-15581fc2de04:c8]
2019-09-17 12:43:13,669 [grpc-default-executor-3] INFO  client.GrpcClientProtocolClient (GrpcClientProtocolClient.java:onNext(264)) - client-3C2395D0F082->5e893e0a-56f7-4618-9f46-a6ff48173cb6: receive RaftClientReply:client-3C2395D0F082->5e893e0a-56f7-4618-9f46-a6ff48173cb6@group-A43DC1D745E9, cid=13, SUCCESS, logIndex=12, commits[5e893e0a-56f7-4618-9f46-a6ff48173cb6:c13, 84ab4d91-000c-4523-9c5f-2c204b5f6601:c9, f7ede272-a28a-44e0-9552-15581fc2de04:c8]
2019-09-17 12:43:13,691 [grpc-default-executor-3] INFO  client.GrpcClientProtocolClient (GrpcClientProtocolClient.java:onNext(264)) - client-3C2395D0F082->5e893e0a-56f7-4618-9f46-a6ff48173cb6: receive RaftClientReply:client-3C2395D0F082->5e893e0a-56f7-4618-9f46-a6ff48173cb6@group-A43DC1D745E9, cid=14, SUCCESS, logIndex=0, commits[5e893e0a-56f7-4618-9f46-a6ff48173cb6:c16, 84ab4d91-000c-4523-9c5f-2c204b5f6601:c12, f7ede272-a28a-44e0-9552-15581fc2de04:c10]
2019-09-17 12:43:13,696 [grpc-default-executor-3] INFO  client.GrpcClientProtocolClient (GrpcClientProtocolClient.java:onNext(264)) - client-3C2395D0F082->5e893e0a-56f7-4618-9f46-a6ff48173cb6: receive RaftClientReply:client-3C2395D0F082->5e893e0a-56f7-4618-9f46-a6ff48173cb6@group-A43DC1D745E9, cid=15, SUCCESS, logIndex=0, commits[5e893e0a-56f7-4618-9f46-a6ff48173cb6:c16, 84ab4d91-000c-4523-9c5f-2c204b5f6601:c12, f7ede272-a28a-44e0-9552-15581fc2de04:c12]
2019-09-17 12:43:13,870 [grpc-default-executor-3] INFO  client.GrpcClientProtocolClient (GrpcClientProtocolClient.java:onNext(264)) - client-0D87034729EF->5e893e0a-56f7-4618-9f46-a6ff48173cb6: receive RaftClientReply:client-0D87034729EF->5e893e0a-56f7-4618-9f46-a6ff48173cb6@group-A43DC1D745E9, cid=16, SUCCESS, logIndex=17, commits[5e893e0a-56f7-4618-9f46-a6ff48173cb6:c17, 84ab4d91-000c-4523-9c5f-2c204b5f6601:c16, f7ede272-a28a-44e0-9552-15581fc2de04:c16]
2019-09-17 12:43:13,967 [grpc-default-executor-2] INFO  client.GrpcClientProtocolClient (GrpcClientProtocolClient.java:onNext(264)) - client-0D87034729EF->5e893e0a-56f7-4618-9f46-a6ff48173cb6: receive RaftClientReply:client-0D87034729EF->5e893e0a-56f7-4618-9f46-a6ff48173cb6@group-A43DC1D745E9, cid=17, SUCCESS, logIndex=19, commits[5e893e0a-56f7-4618-9f46-a6ff48173cb6:c24, 84ab4d91-000c-4523-9c5f-2c204b5f6601:c22, f7ede272-a28a-44e0-9552-15581fc2de04:c22]
2019-09-17 12:43:13,968 [grpc-default-executor-2] INFO  client.GrpcClientProtocolClient (GrpcClientProtocolClient.java:onNext(264)) - client-0D87034729EF->5e893e0a-56f7-4618-9f46-a6ff48173cb6: receive RaftClientReply:client-0D87034729EF->5e893e0a-56f7-4618-9f46-a6ff48173cb6@group-A43DC1D745E9, cid=18, SUCCESS, logIndex=20, commits[5e893e0a-56f7-4618-9f46-a6ff48173cb6:c24, 84ab4d91-000c-4523-9c5f-2c204b5f6601:c22, f7ede272-a28a-44e0-9552-15581fc2de04:c22]
2019-09-17 12:43:14,062 [grpc-default-executor-2] INFO  client.GrpcClientProtocolClient (GrpcClientProtocolClient.java:onNext(264)) - client-0D87034729EF->5e893e0a-56f7-4618-9f46-a6ff48173cb6: receive RaftClientReply:client-0D87034729EF->5e893e0a-56f7-4618-9f46-a6ff48173cb6@group-A43DC1D745E9, cid=19, SUCCESS, logIndex=22, commits[5e893e0a-56f7-4618-9f46-a6ff48173cb6:c24, 84ab4d91-000c-4523-9c5f-2c204b5f6601:c22, f7ede272-a28a-44e0-9552-15581fc2de04:c22]
2019-09-17 12:43:14,102 [grpc-default-executor-3] INFO  client.GrpcClientProtocolClient (GrpcClientProtocolClient.java:onNext(264)) - client-0D87034729EF->5e893e0a-56f7-4618-9f46-a6ff48173cb6: receive RaftClientReply:client-0D87034729EF->5e893e0a-56f7-4618-9f46-a6ff48173cb6@group-A43DC1D745E9, cid=20, SUCCESS, logIndex=25, commits[5e893e0a-56f7-4618-9f46-a6ff48173cb6:c28, 84ab4d91-000c-4523-9c5f-2c204b5f6601:c24, f7ede272-a28a-44e0-9552-15581fc2de04:c24]
2019-09-17 12:43:14,103 [grpc-default-executor-3] INFO  client.GrpcClientProtocolClient (GrpcClientProtocolClient.java:onNext(264)) - client-0D87034729EF->5e893e0a-56f7-4618-9f46-a6ff48173cb6: receive RaftClientReply:client-0D87034729EF->5e893e0a-56f7-4618-9f46-a6ff48173cb6@group-A43DC1D745E9, cid=21, SUCCESS, logIndex=26, commits[5e893e0a-56f7-4618-9f46-a6ff48173cb6:c28, 84ab4d91-000c-4523-9c5f-2c204b5f6601:c24, f7ede272-a28a-44e0-9552-15581fc2de04:c24]
2019-09-17 12:43:14,106 [grpc-default-executor-3] INFO  client.GrpcClientProtocolClient (GrpcClientProtocolClient.java:onNext(264)) - client-0D87034729EF->5e893e0a-56f7-4618-9f46-a6ff48173cb6: receive RaftClientReply:client-0D87034729EF->5e893e0a-56f7-4618-9f46-a6ff48173cb6@group-A43DC1D745E9, cid=22, SUCCESS, logIndex=27, commits[5e893e0a-56f7-4618-9f46-a6ff48173cb6:c28, 84ab4d91-000c-4523-9c5f-2c204b5f6601:c24, f7ede272-a28a-44e0-9552-15581fc2de04:c24]
2019-09-17 12:43:14,107 [grpc-default-executor-3] INFO  client.GrpcClientProtocolClient (GrpcClientProtocolClient.java:onNext(264)) - client-0D87034729EF->5e893e0a-56f7-4618-9f46-a6ff48173cb6: receive RaftClientReply:client-0D87034729EF->5e893e0a-56f7-4618-9f46-a6ff48173cb6@group-A43DC1D745E9, cid=23, SUCCESS, logIndex=28, commits[5e893e0a-56f7-4618-9f46-a6ff48173cb6:c28, 84ab4d91-000c-4523-9c5f-2c204b5f6601:c24, f7ede272-a28a-44e0-9552-15581fc2de04:c24]
2019-09-17 12:43:14,121 [grpc-default-executor-2] INFO  client.GrpcClientProtocolClient (GrpcClientProtocolClient.java:onNext(264)) - client-0D87034729EF->5e893e0a-56f7-4618-9f46-a6ff48173cb6: receive RaftClientReply:client-0D87034729EF->5e893e0a-56f7-4618-9f46-a6ff48173cb6@group-A43DC1D745E9, cid=24, SUCCESS, logIndex=0, commits[5e893e0a-56f7-4618-9f46-a6ff48173cb6:c30, 84ab4d91-000c-4523-9c5f-2c204b5f6601:c27, f7ede272-a28a-44e0-9552-15581fc2de04:c27]
2019-09-17 12:43:14,124 [grpc-default-executor-2] INFO  client.GrpcClientProtocolClient (GrpcClientProtocolClient.java:onNext(264)) - client-0D87034729EF->5e893e0a-56f7-4618-9f46-a6ff48173cb6: receive RaftClientReply:client-0D87034729EF->5e893e0a-56f7-4618-9f46-a6ff48173cb6@group-A43DC1D745E9, cid=25, SUCCESS, logIndex=0, commits[5e893e0a-56f7-4618-9f46-a6ff48173cb6:c32, 84ab4d91-000c-4523-9c5f-2c204b5f6601:c28, f7ede272-a28a-44e0-9552-15581fc2de04:c28]
 0.00% |█                                                                                                    |  0/1 Time: 0:00:18 0.00% |█                                                                                                    |  0/1 Time: 0:00:19 0.00% |█                                                                                                    |  0/1 Time: 0:00:202019-09-17 12:43:17,137 [java.util.concurrent.ThreadPoolExecutor$Worker@26bc7c83[State = -1, empty queue]] WARN  server.GrpcLogAppender (GrpcLogAppender.java:timeoutAppendRequest(200)) - 5e893e0a-56f7-4618-9f46-a6ff48173cb6@group-A43DC1D745E9->84ab4d91-000c-4523-9c5f-2c204b5f6601-GrpcLogAppender: appendEntries Timeout, request=5e893e0a-56f7-4618-9f46-a6ff48173cb6->84ab4d91-000c-4523-9c5f-2c204b5f6601#34-t4, previous=(t:4, i:32), leaderCommit=32, initializing? false, entries: size=1, first=(t:4, i:33), STATEMACHINELOGENTRY, client-0D87034729EF, cid=26
2019-09-17 12:43:17,137 [java.util.concurrent.ThreadPoolExecutor$Worker@303223ef[State = -1, empty queue]] WARN  server.GrpcLogAppender (GrpcLogAppender.java:timeoutAppendRequest(200)) - 5e893e0a-56f7-4618-9f46-a6ff48173cb6@group-A43DC1D745E9->f7ede272-a28a-44e0-9552-15581fc2de04-GrpcLogAppender: appendEntries Timeout, request=5e893e0a-56f7-4618-9f46-a6ff48173cb6->f7ede272-a28a-44e0-9552-15581fc2de04#34-t4, previous=(t:4, i:32), leaderCommit=32, initializing? false, entries: size=1, first=(t:4, i:33), STATEMACHINELOGENTRY, client-0D87034729EF, cid=26
2019-09-17 12:43:17,139 [java.util.concurrent.ThreadPoolExecutor$Worker@26bc7c83[State = -1, empty queue]] WARN  server.GrpcLogAppender (GrpcLogAppender.java:timeoutAppendRequest(200)) - 5e893e0a-56f7-4618-9f46-a6ff48173cb6@group-A43DC1D745E9->84ab4d91-000c-4523-9c5f-2c204b5f6601-GrpcLogAppender: appendEntries Timeout, request=5e893e0a-56f7-4618-9f46-a6ff48173cb6->84ab4d91-000c-4523-9c5f-2c204b5f6601#35-t4, previous=(t:4, i:33), leaderCommit=32, initializing? false, entries: size=1, first=(t:4, i:34), STATEMACHINELOGENTRY, client-0D87034729EF, cid=27
2019-09-17 12:43:17,140 [java.util.concurrent.ThreadPoolExecutor$Worker@303223ef[State = -1, empty queue]] WARN  server.GrpcLogAppender (GrpcLogAppender.java:timeoutAppendRequest(200)) - 5e893e0a-56f7-4618-9f46-a6ff48173cb6@group-A43DC1D745E9->f7ede272-a28a-44e0-9552-15581fc2de04-GrpcLogAppender: appendEntries Timeout, request=5e893e0a-56f7-4618-9f46-a6ff48173cb6->f7ede272-a28a-44e0-9552-15581fc2de04#35-t4, previous=(t:4, i:33), leaderCommit=32, initializing? false, entries: size=1, first=(t:4, i:34), STATEMACHINELOGENTRY, client-0D87034729EF, cid=27
2019-09-17 12:43:17,142 [java.util.concurrent.ThreadPoolExecutor$Worker@26bc7c83[State = -1, empty queue]] WARN  server.GrpcLogAppender (GrpcLogAppender.java:timeoutAppendRequest(200)) - 5e893e0a-56f7-4618-9f46-a6ff48173cb6@group-A43DC1D745E9->84ab4d91-000c-4523-9c5f-2c204b5f6601-GrpcLogAppender: appendEntries Timeout, request=5e893e0a-56f7-4618-9f46-a6ff48173cb6->84ab4d91-000c-4523-9c5f-2c204b5f6601#36-t4, previous=(t:4, i:34), leaderCommit=32, initializing? false, entries: size=1, first=(t:4, i:35), STATEMACHINELOGENTRY, client-0D87034729EF, cid=28
2019-09-17 12:43:17,143 [java.util.concurrent.ThreadPoolExecutor$Worker@303223ef[State = -1, empty queue]] WARN  server.GrpcLogAppender (GrpcLogAppender.java:timeoutAppendRequest(200)) - 5e893e0a-56f7-4618-9f46-a6ff48173cb6@group-A43DC1D745E9->f7ede272-a28a-44e0-9552-15581fc2de04-GrpcLogAppender: appendEntries Timeout, request=5e893e0a-56f7-4618-9f46-a6ff48173cb6->f7ede272-a28a-44e0-9552-15581fc2de04#36-t4, previous=(t:4, i:34), leaderCommit=32, initializing? false, entries: size=1, first=(t:4, i:35), STATEMACHINELOGENTRY, client-0D87034729EF, cid=28
2019-09-17 12:43:17,144 [java.util.concurrent.ThreadPoolExecutor$Worker@26bc7c83[State = -1, empty queue]] WARN  server.GrpcLogAppender (GrpcLogAppender.java:timeoutAppendRequest(200)) - 5e893e0a-56f7-4618-9f46-a6ff48173cb6@group-A43DC1D745E9->84ab4d91-000c-4523-9c5f-2c204b5f6601-GrpcLogAppender: appendEntries Timeout, request=5e893e0a-56f7-4618-9f46-a6ff48173cb6->84ab4d91-000c-4523-9c5f-2c204b5f6601#37-t4, previous=(t:4, i:35), leaderCommit=32, initializing? false, entries: size=1, first=(t:4, i:36), STATEMACHINELOGENTRY, client-0D87034729EF, cid=29
2019-09-17 12:43:17,144 [java.util.concurrent.ThreadPoolExecutor$Worker@303223ef[State = -1, empty queue]] WARN  server.GrpcLogAppender (GrpcLogAppender.java:timeoutAppendRequest(200)) - 5e893e0a-56f7-4618-9f46-a6ff48173cb6@group-A43DC1D745E9->f7ede272-a28a-44e0-9552-15581fc2de04-GrpcLogAppender: appendEntries Timeout, request=5e893e0a-56f7-4618-9f46-a6ff48173cb6->f7ede272-a28a-44e0-9552-15581fc2de04#37-t4, previous=(t:4, i:35), leaderCommit=32, initializing? false, entries: size=1, first=(t:4, i:36), STATEMACHINELOGENTRY, client-0D87034729EF, cid=29
 0.00% |█                                                                                                    |  0/1 Time: 0:00:21 0.00% |█                                                                                                    |  0/1 Time: 0:00:22 0.00% |█                                                                                                    |  0/1 Time: 0:00:232019-09-17 12:43:19,215 [grpc-default-executor-3] INFO  client.GrpcClientProtocolClient (GrpcClientProtocolClient.java:onNext(264)) - client-0D87034729EF->84ab4d91-000c-4523-9c5f-2c204b5f6601: receive RaftClientReply:client-0D87034729EF->84ab4d91-000c-4523-9c5f-2c204b5f6601@group-A43DC1D745E9, cid=26, FAILED org.apache.ratis.protocol.NotLeaderException: Server 84ab4d91-000c-4523-9c5f-2c204b5f6601@group-A43DC1D745E9 is not the leader 5e893e0a-56f7-4618-9f46-a6ff48173cb6:192.168.5.153:37060, logIndex=0, commits[84ab4d91-000c-4523-9c5f-2c204b5f6601:c32, 5e893e0a-56f7-4618-9f46-a6ff48173cb6:c32, f7ede272-a28a-44e0-9552-15581fc2de04:c28]
2019-09-17 12:43:19,647 [java.util.concurrent.ThreadPoolExecutor$Worker@26bc7c83[State = -1, empty queue]] WARN  server.GrpcLogAppender (GrpcLogAppender.java:timeoutAppendRequest(200)) - 5e893e0a-56f7-4618-9f46-a6ff48173cb6@group-A43DC1D745E9->84ab4d91-000c-4523-9c5f-2c204b5f6601-GrpcLogAppender: appendEntries Timeout, request=5e893e0a-56f7-4618-9f46-a6ff48173cb6->84ab4d91-000c-4523-9c5f-2c204b5f6601#38-t4, previous=(t:4, i:36), leaderCommit=32, initializing? false, entries: <empty>
2019-09-17 12:43:19,647 [java.util.concurrent.ThreadPoolExecutor$Worker@303223ef[State = -1, empty queue]] WARN  server.GrpcLogAppender (GrpcLogAppender.java:timeoutAppendRequest(200)) - 5e893e0a-56f7-4618-9f46-a6ff48173cb6@group-A43DC1D745E9->f7ede272-a28a-44e0-9552-15581fc2de04-GrpcLogAppender: appendEntries Timeout, request=5e893e0a-56f7-4618-9f46-a6ff48173cb6->f7ede272-a28a-44e0-9552-15581fc2de04#38-t4, previous=(t:4, i:36), leaderCommit=32, initializing? false, entries: <empty>
 0.00% |█                                                                                                    |  0/1 Time: 0:00:24 0.00% |█                                                                                                    |  0/1 Time: 0:00:252019-09-17 12:43:22,148 [java.util.concurrent.ThreadPoolExecutor$Worker@26bc7c83[State = -1, empty queue]] WARN  server.GrpcLogAppender (GrpcLogAppender.java:timeoutAppendRequest(200)) - 5e893e0a-56f7-4618-9f46-a6ff48173cb6@group-A43DC1D745E9->84ab4d91-000c-4523-9c5f-2c204b5f6601-GrpcLogAppender: appendEntries Timeout, request=5e893e0a-56f7-4618-9f46-a6ff48173cb6->84ab4d91-000c-4523-9c5f-2c204b5f6601#39-t4, previous=(t:4, i:36), leaderCommit=32, initializing? false, entries: <empty>
2019-09-17 12:43:22,148 [java.util.concurrent.ThreadPoolExecutor$Worker@303223ef[State = -1, empty queue]] WARN  server.GrpcLogAppender (GrpcLogAppender.java:timeoutAppendRequest(200)) - 5e893e0a-56f7-4618-9f46-a6ff48173cb6@group-A43DC1D745E9->f7ede272-a28a-44e0-9552-15581fc2de04-GrpcLogAppender: appendEntries Timeout, request=5e893e0a-56f7-4618-9f46-a6ff48173cb6->f7ede272-a28a-44e0-9552-15581fc2de04#39-t4, previous=(t:4, i:36), leaderCommit=32, initializing? false, entries: <empty>
 0.00% |█                                                                                                    |  0/1 Time: 0:00:26 0.00% |█                                                                                                    |  0/1 Time: 0:00:27 0.00% |█                                                                                                    |  0/1 Time: 0:00:282019-09-17 12:43:24,265 [grpc-default-executor-0] INFO  client.GrpcClientProtocolClient (GrpcClientProtocolClient.java:onNext(264)) - client-0D87034729EF->84ab4d91-000c-4523-9c5f-2c204b5f6601: receive RaftClientReply:client-0D87034729EF->84ab4d91-000c-4523-9c5f-2c204b5f6601@group-A43DC1D745E9, cid=26, FAILED org.apache.ratis.protocol.NotLeaderException: Server 84ab4d91-000c-4523-9c5f-2c204b5f6601@group-A43DC1D745E9 is not the leader 5e893e0a-56f7-4618-9f46-a6ff48173cb6:192.168.5.153:37060, logIndex=0, commits[84ab4d91-000c-4523-9c5f-2c204b5f6601:c32, 5e893e0a-56f7-4618-9f46-a6ff48173cb6:c32, f7ede272-a28a-44e0-9552-15581fc2de04:c28]
2019-09-17 12:43:24,296 [f7ede272-a28a-44e0-9552-15581fc2de04@group-A43DC1D745E9-SegmentedRaftLogWorker] WARN  segmented.SegmentedRaftLogWorker (SegmentedRaftLogWorker.java:getFromFuture(90)) - Timeout 0/~
org.apache.ratis.protocol.TimeoutIOException: Timeout 10s: WriteLog:35: (t:4, i:35), STATEMACHINELOGENTRY, client-0D87034729EF, cid=28-writeStateMachineData
	at org.apache.ratis.util.IOUtils.getFromFuture(IOUtils.java:87)
	at org.apache.ratis.server.raftlog.segmented.SegmentedRaftLogWorker$StateMachineDataPolicy.getFromFuture(SegmentedRaftLogWorker.java:87)
	at org.apache.ratis.server.raftlog.segmented.SegmentedRaftLogWorker$WriteLog.execute(SegmentedRaftLogWorker.java:477)
	at org.apache.ratis.server.raftlog.segmented.SegmentedRaftLogWorker.run(SegmentedRaftLogWorker.java:289)
	at java.lang.Thread.run(Thread.java:748)
Caused by: java.util.concurrent.TimeoutException
	at java.util.concurrent.CompletableFuture.timedGet(CompletableFuture.java:1771)
	at java.util.concurrent.CompletableFuture.get(CompletableFuture.java:1915)
	at org.apache.ratis.util.IOUtils.getFromFuture(IOUtils.java:79)
	... 4 more
2019-09-17 12:43:24,296 [84ab4d91-000c-4523-9c5f-2c204b5f6601@group-A43DC1D745E9-SegmentedRaftLogWorker] WARN  segmented.SegmentedRaftLogWorker (SegmentedRaftLogWorker.java:getFromFuture(90)) - Timeout 0/~
org.apache.ratis.protocol.TimeoutIOException: Timeout 10s: WriteLog:35: (t:4, i:35), STATEMACHINELOGENTRY, client-0D87034729EF, cid=28-writeStateMachineData
	at org.apache.ratis.util.IOUtils.getFromFuture(IOUtils.java:87)
	at org.apache.ratis.server.raftlog.segmented.SegmentedRaftLogWorker$StateMachineDataPolicy.getFromFuture(SegmentedRaftLogWorker.java:87)
	at org.apache.ratis.server.raftlog.segmented.SegmentedRaftLogWorker$WriteLog.execute(SegmentedRaftLogWorker.java:477)
	at org.apache.ratis.server.raftlog.segmented.SegmentedRaftLogWorker.run(SegmentedRaftLogWorker.java:289)
	at java.lang.Thread.run(Thread.java:748)
Caused by: java.util.concurrent.TimeoutException
	at java.util.concurrent.CompletableFuture.timedGet(CompletableFuture.java:1771)
	at java.util.concurrent.CompletableFuture.get(CompletableFuture.java:1915)
	at org.apache.ratis.util.IOUtils.getFromFuture(IOUtils.java:79)
	... 4 more
2019-09-17 12:43:24,296 [5e893e0a-56f7-4618-9f46-a6ff48173cb6@group-A43DC1D745E9-SegmentedRaftLogWorker] WARN  segmented.SegmentedRaftLogWorker (SegmentedRaftLogWorker.java:getFromFuture(90)) - Timeout 0/~
org.apache.ratis.protocol.TimeoutIOException: Timeout 10s: WriteLog:35: (t:4, i:35), STATEMACHINELOGENTRY, client-0D87034729EF, cid=28-writeStateMachineData
	at org.apache.ratis.util.IOUtils.getFromFuture(IOUtils.java:87)
	at org.apache.ratis.server.raftlog.segmented.SegmentedRaftLogWorker$StateMachineDataPolicy.getFromFuture(SegmentedRaftLogWorker.java:87)
	at org.apache.ratis.server.raftlog.segmented.SegmentedRaftLogWorker$WriteLog.execute(SegmentedRaftLogWorker.java:477)
	at org.apache.ratis.server.raftlog.segmented.SegmentedRaftLogWorker.run(SegmentedRaftLogWorker.java:289)
	at java.lang.Thread.run(Thread.java:748)
Caused by: java.util.concurrent.TimeoutException
	at java.util.concurrent.CompletableFuture.timedGet(CompletableFuture.java:1771)
	at java.util.concurrent.CompletableFuture.get(CompletableFuture.java:1915)
	at org.apache.ratis.util.IOUtils.getFromFuture(IOUtils.java:79)
	... 4 more
2019-09-17 12:43:24,649 [java.util.concurrent.ThreadPoolExecutor$Worker@26bc7c83[State = -1, empty queue]] WARN  server.GrpcLogAppender (GrpcLogAppender.java:timeoutAppendRequest(200)) - 5e893e0a-56f7-4618-9f46-a6ff48173cb6@group-A43DC1D745E9->84ab4d91-000c-4523-9c5f-2c204b5f6601-GrpcLogAppender: appendEntries Timeout, request=5e893e0a-56f7-4618-9f46-a6ff48173cb6->84ab4d91-000c-4523-9c5f-2c204b5f6601#40-t4, previous=(t:4, i:36), leaderCommit=32, initializing? false, entries: <empty>
2019-09-17 12:43:24,649 [java.util.concurrent.ThreadPoolExecutor$Worker@303223ef[State = -1, empty queue]] WARN  server.GrpcLogAppender (GrpcLogAppender.java:timeoutAppendRequest(200)) - 5e893e0a-56f7-4618-9f46-a6ff48173cb6@group-A43DC1D745E9->f7ede272-a28a-44e0-9552-15581fc2de04-GrpcLogAppender: appendEntries Timeout, request=5e893e0a-56f7-4618-9f46-a6ff48173cb6->f7ede272-a28a-44e0-9552-15581fc2de04#40-t4, previous=(t:4, i:36), leaderCommit=32, initializing? false, entries: <empty>
 0.00% |█                                                                                                    |  0/1 Time: 0:00:29 0.00% |█                                                                                                    |  0/1 Time: 0:00:302019-09-17 12:43:27,150 [java.util.concurrent.ThreadPoolExecutor$Worker@26bc7c83[State = -1, empty queue]] WARN  server.GrpcLogAppender (GrpcLogAppender.java:timeoutAppendRequest(200)) - 5e893e0a-56f7-4618-9f46-a6ff48173cb6@group-A43DC1D745E9->84ab4d91-000c-4523-9c5f-2c204b5f6601-GrpcLogAppender: appendEntries Timeout, request=5e893e0a-56f7-4618-9f46-a6ff48173cb6->84ab4d91-000c-4523-9c5f-2c204b5f6601#41-t4, previous=(t:4, i:36), leaderCommit=32, initializing? false, entries: <empty>
2019-09-17 12:43:27,150 [java.util.concurrent.ThreadPoolExecutor$Worker@303223ef[State = -1, empty queue]] WARN  server.GrpcLogAppender (GrpcLogAppender.java:timeoutAppendRequest(200)) - 5e893e0a-56f7-4618-9f46-a6ff48173cb6@group-A43DC1D745E9->f7ede272-a28a-44e0-9552-15581fc2de04-GrpcLogAppender: appendEntries Timeout, request=5e893e0a-56f7-4618-9f46-a6ff48173cb6->f7ede272-a28a-44e0-9552-15581fc2de04#41-t4, previous=(t:4, i:36), leaderCommit=32, initializing? false, entries: <empty>
 0.00% |█                                                                                                    |  0/1 Time: 0:00:31 0.00% |█                                                                                                    |  0/1 Time: 0:00:32 0.00% |█                                                                                                    |  0/1 Time: 0:00:332019-09-17 12:43:29,319 [grpc-default-executor-3] INFO  client.GrpcClientProtocolClient (GrpcClientProtocolClient.java:onNext(264)) - client-0D87034729EF->f7ede272-a28a-44e0-9552-15581fc2de04: receive RaftClientReply:client-0D87034729EF->f7ede272-a28a-44e0-9552-15581fc2de04@group-A43DC1D745E9, cid=26, FAILED org.apache.ratis.protocol.NotLeaderException: Server f7ede272-a28a-44e0-9552-15581fc2de04@group-A43DC1D745E9 is not the leader 5e893e0a-56f7-4618-9f46-a6ff48173cb6:192.168.5.153:37060, logIndex=0, commits[f7ede272-a28a-44e0-9552-15581fc2de04:c32, 5e893e0a-56f7-4618-9f46-a6ff48173cb6:c32, 84ab4d91-000c-4523-9c5f-2c204b5f6601:c28]
2019-09-17 12:43:29,652 [java.util.concurrent.ThreadPoolExecutor$Worker@26bc7c83[State = -1, empty queue]] WARN  server.GrpcLogAppender (GrpcLogAppender.java:timeoutAppendRequest(200)) - 5e893e0a-56f7-4618-9f46-a6ff48173cb6@group-A43DC1D745E9->84ab4d91-000c-4523-9c5f-2c204b5f6601-GrpcLogAppender: appendEntries Timeout, request=5e893e0a-56f7-4618-9f46-a6ff48173cb6->84ab4d91-000c-4523-9c5f-2c204b5f6601#42-t4, previous=(t:4, i:36), leaderCommit=32, initializing? false, entries: <empty>
2019-09-17 12:43:29,652 [java.util.concurrent.ThreadPoolExecutor$Worker@303223ef[State = -1, empty queue]] WARN  server.GrpcLogAppender (GrpcLogAppender.java:timeoutAppendRequest(200)) - 5e893e0a-56f7-4618-9f46-a6ff48173cb6@group-A43DC1D745E9->f7ede272-a28a-44e0-9552-15581fc2de04-GrpcLogAppender: appendEntries Timeout, request=5e893e0a-56f7-4618-9f46-a6ff48173cb6->f7ede272-a28a-44e0-9552-15581fc2de04#42-t4, previous=(t:4, i:36), leaderCommit=32, initializing? false, entries: <empty>
 0.00% |█                                                                                                    |  0/1 Time: 0:00:34 0.00% |█                                                                                                    |  0/1 Time: 0:00:352019-09-17 12:43:32,154 [java.util.concurrent.ThreadPoolExecutor$Worker@26bc7c83[State = -1, empty queue]] WARN  server.GrpcLogAppender (GrpcLogAppender.java:timeoutAppendRequest(200)) - 5e893e0a-56f7-4618-9f46-a6ff48173cb6@group-A43DC1D745E9->84ab4d91-000c-4523-9c5f-2c204b5f6601-GrpcLogAppender: appendEntries Timeout, request=5e893e0a-56f7-4618-9f46-a6ff48173cb6->84ab4d91-000c-4523-9c5f-2c204b5f6601#43-t4, previous=(t:4, i:36), leaderCommit=32, initializing? false, entries: <empty>
2019-09-17 12:43:32,154 [java.util.concurrent.ThreadPoolExecutor$Worker@303223ef[State = -1, empty queue]] WARN  server.GrpcLogAppender (GrpcLogAppender.java:timeoutAppendRequest(200)) - 5e893e0a-56f7-4618-9f46-a6ff48173cb6@group-A43DC1D745E9->f7ede272-a28a-44e0-9552-15581fc2de04-GrpcLogAppender: appendEntries Timeout, request=5e893e0a-56f7-4618-9f46-a6ff48173cb6->f7ede272-a28a-44e0-9552-15581fc2de04#43-t4, previous=(t:4, i:36), leaderCommit=32, initializing? false, entries: <empty>
 0.00% |█                                                                                                    |  0/1 Time: 0:00:36 0.00% |█                                                                                                    |  0/1 Time: 0:00:37 0.00% |█                                                                                                    |  0/1 Time: 0:00:382019-09-17 12:43:34,299 [f7ede272-a28a-44e0-9552-15581fc2de04@group-A43DC1D745E9-SegmentedRaftLogWorker] WARN  segmented.SegmentedRaftLogWorker (SegmentedRaftLogWorker.java:getFromFuture(90)) - Timeout 1/~
org.apache.ratis.protocol.TimeoutIOException: Timeout 10s: WriteLog:35: (t:4, i:35), STATEMACHINELOGENTRY, client-0D87034729EF, cid=28-writeStateMachineData
	at org.apache.ratis.util.IOUtils.getFromFuture(IOUtils.java:87)
	at org.apache.ratis.server.raftlog.segmented.SegmentedRaftLogWorker$StateMachineDataPolicy.getFromFuture(SegmentedRaftLogWorker.java:87)
	at org.apache.ratis.server.raftlog.segmented.SegmentedRaftLogWorker$WriteLog.execute(SegmentedRaftLogWorker.java:477)
	at org.apache.ratis.server.raftlog.segmented.SegmentedRaftLogWorker.run(SegmentedRaftLogWorker.java:289)
	at java.lang.Thread.run(Thread.java:748)
Caused by: java.util.concurrent.TimeoutException
	at java.util.concurrent.CompletableFuture.timedGet(CompletableFuture.java:1771)
	at java.util.concurrent.CompletableFuture.get(CompletableFuture.java:1915)
	at org.apache.ratis.util.IOUtils.getFromFuture(IOUtils.java:79)
	... 4 more
2019-09-17 12:43:34,300 [84ab4d91-000c-4523-9c5f-2c204b5f6601@group-A43DC1D745E9-SegmentedRaftLogWorker] WARN  segmented.SegmentedRaftLogWorker (SegmentedRaftLogWorker.java:getFromFuture(90)) - Timeout 1/~
org.apache.ratis.protocol.TimeoutIOException: Timeout 10s: WriteLog:35: (t:4, i:35), STATEMACHINELOGENTRY, client-0D87034729EF, cid=28-writeStateMachineData
	at org.apache.ratis.util.IOUtils.getFromFuture(IOUtils.java:87)
	at org.apache.ratis.server.raftlog.segmented.SegmentedRaftLogWorker$StateMachineDataPolicy.getFromFuture(SegmentedRaftLogWorker.java:87)
	at org.apache.ratis.server.raftlog.segmented.SegmentedRaftLogWorker$WriteLog.execute(SegmentedRaftLogWorker.java:477)
	at org.apache.ratis.server.raftlog.segmented.SegmentedRaftLogWorker.run(SegmentedRaftLogWorker.java:289)
	at java.lang.Thread.run(Thread.java:748)
Caused by: java.util.concurrent.TimeoutException
	at java.util.concurrent.CompletableFuture.timedGet(CompletableFuture.java:1771)
	at java.util.concurrent.CompletableFuture.get(CompletableFuture.java:1915)
	at org.apache.ratis.util.IOUtils.getFromFuture(IOUtils.java:79)
	... 4 more
2019-09-17 12:43:34,301 [5e893e0a-56f7-4618-9f46-a6ff48173cb6@group-A43DC1D745E9-SegmentedRaftLogWorker] WARN  segmented.SegmentedRaftLogWorker (SegmentedRaftLogWorker.java:getFromFuture(90)) - Timeout 1/~
org.apache.ratis.protocol.TimeoutIOException: Timeout 10s: WriteLog:35: (t:4, i:35), STATEMACHINELOGENTRY, client-0D87034729EF, cid=28-writeStateMachineData
	at org.apache.ratis.util.IOUtils.getFromFuture(IOUtils.java:87)
	at org.apache.ratis.server.raftlog.segmented.SegmentedRaftLogWorker$StateMachineDataPolicy.getFromFuture(SegmentedRaftLogWorker.java:87)
	at org.apache.ratis.server.raftlog.segmented.SegmentedRaftLogWorker$WriteLog.execute(SegmentedRaftLogWorker.java:477)
	at org.apache.ratis.server.raftlog.segmented.SegmentedRaftLogWorker.run(SegmentedRaftLogWorker.java:289)
	at java.lang.Thread.run(Thread.java:748)
Caused by: java.util.concurrent.TimeoutException
	at java.util.concurrent.CompletableFuture.timedGet(CompletableFuture.java:1771)
	at java.util.concurrent.CompletableFuture.get(CompletableFuture.java:1915)
	at org.apache.ratis.util.IOUtils.getFromFuture(IOUtils.java:79)
	... 4 more
2019-09-17 12:43:34,380 [grpc-default-executor-3] INFO  client.GrpcClientProtocolClient (GrpcClientProtocolClient.java:onNext(264)) - client-0D87034729EF->f7ede272-a28a-44e0-9552-15581fc2de04: receive RaftClientReply:client-0D87034729EF->f7ede272-a28a-44e0-9552-15581fc2de04@group-A43DC1D745E9, cid=26, FAILED org.apache.ratis.protocol.NotLeaderException: Server f7ede272-a28a-44e0-9552-15581fc2de04@group-A43DC1D745E9 is not the leader 5e893e0a-56f7-4618-9f46-a6ff48173cb6:192.168.5.153:37060, logIndex=0, commits[f7ede272-a28a-44e0-9552-15581fc2de04:c32, 5e893e0a-56f7-4618-9f46-a6ff48173cb6:c32, 84ab4d91-000c-4523-9c5f-2c204b5f6601:c28]
2019-09-17 12:43:34,657 [java.util.concurrent.ThreadPoolExecutor$Worker@26bc7c83[State = -1, empty queue]] WARN  server.GrpcLogAppender (GrpcLogAppender.java:timeoutAppendRequest(200)) - 5e893e0a-56f7-4618-9f46-a6ff48173cb6@group-A43DC1D745E9->84ab4d91-000c-4523-9c5f-2c204b5f6601-GrpcLogAppender: appendEntries Timeout, request=5e893e0a-56f7-4618-9f46-a6ff48173cb6->84ab4d91-000c-4523-9c5f-2c204b5f6601#44-t4, previous=(t:4, i:36), leaderCommit=32, initializing? false, entries: <empty>
2019-09-17 12:43:34,657 [java.util.concurrent.ThreadPoolExecutor$Worker@303223ef[State = -1, empty queue]] WARN  server.GrpcLogAppender (GrpcLogAppender.java:timeoutAppendRequest(200)) - 5e893e0a-56f7-4618-9f46-a6ff48173cb6@group-A43DC1D745E9->f7ede272-a28a-44e0-9552-15581fc2de04-GrpcLogAppender: appendEntries Timeout, request=5e893e0a-56f7-4618-9f46-a6ff48173cb6->f7ede272-a28a-44e0-9552-15581fc2de04#44-t4, previous=(t:4, i:36), leaderCommit=32, initializing? false, entries: <empty>
 0.00% |█                                                                                                    |  0/1 Time: 0:00:39 0.00% |█                                                                                                    |  0/1 Time: 0:00:402019-09-17 12:43:37,159 [java.util.concurrent.ThreadPoolExecutor$Worker@303223ef[State = -1, empty queue]] WARN  server.GrpcLogAppender (GrpcLogAppender.java:timeoutAppendRequest(200)) - 5e893e0a-56f7-4618-9f46-a6ff48173cb6@group-A43DC1D745E9->f7ede272-a28a-44e0-9552-15581fc2de04-GrpcLogAppender: appendEntries Timeout, request=5e893e0a-56f7-4618-9f46-a6ff48173cb6->f7ede272-a28a-44e0-9552-15581fc2de04#45-t4, previous=(t:4, i:36), leaderCommit=32, initializing? false, entries: <empty>
2019-09-17 12:43:37,159 [java.util.concurrent.ThreadPoolExecutor$Worker@26bc7c83[State = -1, empty queue]] WARN  server.GrpcLogAppender (GrpcLogAppender.java:timeoutAppendRequest(200)) - 5e893e0a-56f7-4618-9f46-a6ff48173cb6@group-A43DC1D745E9->84ab4d91-000c-4523-9c5f-2c204b5f6601-GrpcLogAppender: appendEntries Timeout, request=5e893e0a-56f7-4618-9f46-a6ff48173cb6->84ab4d91-000c-4523-9c5f-2c204b5f6601#45-t4, previous=(t:4, i:36), leaderCommit=32, initializing? false, entries: <empty>
 0.00% |█                                                                                                    |  0/1 Time: 0:00:41 0.00% |█                                                                                                    |  0/1 Time: 0:00:42 0.00% |█                                                                                                    |  0/1 Time: 0:00:432019-09-17 12:43:39,443 [grpc-default-executor-3] INFO  client.GrpcClientProtocolClient (GrpcClientProtocolClient.java:onNext(264)) - client-0D87034729EF->f7ede272-a28a-44e0-9552-15581fc2de04: receive RaftClientReply:client-0D87034729EF->f7ede272-a28a-44e0-9552-15581fc2de04@group-A43DC1D745E9, cid=26, FAILED org.apache.ratis.protocol.NotLeaderException: Server f7ede272-a28a-44e0-9552-15581fc2de04@group-A43DC1D745E9 is not the leader 5e893e0a-56f7-4618-9f46-a6ff48173cb6:192.168.5.153:37060, logIndex=0, commits[f7ede272-a28a-44e0-9552-15581fc2de04:c32, 5e893e0a-56f7-4618-9f46-a6ff48173cb6:c32, 84ab4d91-000c-4523-9c5f-2c204b5f6601:c28]
2019-09-17 12:43:39,660 [java.util.concurrent.ThreadPoolExecutor$Worker@303223ef[State = -1, empty queue]] WARN  server.GrpcLogAppender (GrpcLogAppender.java:timeoutAppendRequest(200)) - 5e893e0a-56f7-4618-9f46-a6ff48173cb6@group-A43DC1D745E9->f7ede272-a28a-44e0-9552-15581fc2de04-GrpcLogAppender: appendEntries Timeout, request=5e893e0a-56f7-4618-9f46-a6ff48173cb6->f7ede272-a28a-44e0-9552-15581fc2de04#46-t4, previous=(t:4, i:36), leaderCommit=32, initializing? false, entries: <empty>
2019-09-17 12:43:39,660 [java.util.concurrent.ThreadPoolExecutor$Worker@26bc7c83[State = -1, empty queue]] WARN  server.GrpcLogAppender (GrpcLogAppender.java:timeoutAppendRequest(200)) - 5e893e0a-56f7-4618-9f46-a6ff48173cb6@group-A43DC1D745E9->84ab4d91-000c-4523-9c5f-2c204b5f6601-GrpcLogAppender: appendEntries Timeout, request=5e893e0a-56f7-4618-9f46-a6ff48173cb6->84ab4d91-000c-4523-9c5f-2c204b5f6601#46-t4, previous=(t:4, i:36), leaderCommit=32, initializing? false, entries: <empty>
 0.00% |█                                                                                                    |  0/1 Time: 0:00:44 0.00% |█                                                                                                    |  0/1 Time: 0:00:452019-09-17 12:43:42,163 [java.util.concurrent.ThreadPoolExecutor$Worker@26bc7c83[State = -1, empty queue]] WARN  server.GrpcLogAppender (GrpcLogAppender.java:timeoutAppendRequest(200)) - 5e893e0a-56f7-4618-9f46-a6ff48173cb6@group-A43DC1D745E9->84ab4d91-000c-4523-9c5f-2c204b5f6601-GrpcLogAppender: appendEntries Timeout, request=5e893e0a-56f7-4618-9f46-a6ff48173cb6->84ab4d91-000c-4523-9c5f-2c204b5f6601#47-t4, previous=(t:4, i:36), leaderCommit=32, initializing? false, entries: <empty>
2019-09-17 12:43:42,163 [java.util.concurrent.ThreadPoolExecutor$Worker@303223ef[State = -1, empty queue]] WARN  server.GrpcLogAppender (GrpcLogAppender.java:timeoutAppendRequest(200)) - 5e893e0a-56f7-4618-9f46-a6ff48173cb6@group-A43DC1D745E9->f7ede272-a28a-44e0-9552-15581fc2de04-GrpcLogAppender: appendEntries Timeout, request=5e893e0a-56f7-4618-9f46-a6ff48173cb6->f7ede272-a28a-44e0-9552-15581fc2de04#47-t4, previous=(t:4, i:36), leaderCommit=32, initializing? false, entries: <empty>
 0.00% |█                                                                                                    |  0/1 Time: 0:00:46 0.00% |█                                                                                                    |  0/1 Time: 0:00:47 0.00% |█                                                                                                    |  0/1 Time: 0:00:482019-09-17 12:43:44,300 [f7ede272-a28a-44e0-9552-15581fc2de04@group-A43DC1D745E9-SegmentedRaftLogWorker] WARN  segmented.SegmentedRaftLogWorker (SegmentedRaftLogWorker.java:getFromFuture(90)) - Timeout 2/~
org.apache.ratis.protocol.TimeoutIOException: Timeout 10s: WriteLog:35: (t:4, i:35), STATEMACHINELOGENTRY, client-0D87034729EF, cid=28-writeStateMachineData
	at org.apache.ratis.util.IOUtils.getFromFuture(IOUtils.java:87)
	at org.apache.ratis.server.raftlog.segmented.SegmentedRaftLogWorker$StateMachineDataPolicy.getFromFuture(SegmentedRaftLogWorker.java:87)
	at org.apache.ratis.server.raftlog.segmented.SegmentedRaftLogWorker$WriteLog.execute(SegmentedRaftLogWorker.java:477)
	at org.apache.ratis.server.raftlog.segmented.SegmentedRaftLogWorker.run(SegmentedRaftLogWorker.java:289)
	at java.lang.Thread.run(Thread.java:748)
Caused by: java.util.concurrent.TimeoutException
	at java.util.concurrent.CompletableFuture.timedGet(CompletableFuture.java:1771)
	at java.util.concurrent.CompletableFuture.get(CompletableFuture.java:1915)
	at org.apache.ratis.util.IOUtils.getFromFuture(IOUtils.java:79)
	... 4 more
2019-09-17 12:43:44,301 [84ab4d91-000c-4523-9c5f-2c204b5f6601@group-A43DC1D745E9-SegmentedRaftLogWorker] WARN  segmented.SegmentedRaftLogWorker (SegmentedRaftLogWorker.java:getFromFuture(90)) - Timeout 2/~
org.apache.ratis.protocol.TimeoutIOException: Timeout 10s: WriteLog:35: (t:4, i:35), STATEMACHINELOGENTRY, client-0D87034729EF, cid=28-writeStateMachineData
	at org.apache.ratis.util.IOUtils.getFromFuture(IOUtils.java:87)
	at org.apache.ratis.server.raftlog.segmented.SegmentedRaftLogWorker$StateMachineDataPolicy.getFromFuture(SegmentedRaftLogWorker.java:87)
	at org.apache.ratis.server.raftlog.segmented.SegmentedRaftLogWorker$WriteLog.execute(SegmentedRaftLogWorker.java:477)
	at org.apache.ratis.server.raftlog.segmented.SegmentedRaftLogWorker.run(SegmentedRaftLogWorker.java:289)
	at java.lang.Thread.run(Thread.java:748)
Caused by: java.util.concurrent.TimeoutException
	at java.util.concurrent.CompletableFuture.timedGet(CompletableFuture.java:1771)
	at java.util.concurrent.CompletableFuture.get(CompletableFuture.java:1915)
	at org.apache.ratis.util.IOUtils.getFromFuture(IOUtils.java:79)
	... 4 more
2019-09-17 12:43:44,302 [5e893e0a-56f7-4618-9f46-a6ff48173cb6@group-A43DC1D745E9-SegmentedRaftLogWorker] WARN  segmented.SegmentedRaftLogWorker (SegmentedRaftLogWorker.java:getFromFuture(90)) - Timeout 2/~
org.apache.ratis.protocol.TimeoutIOException: Timeout 10s: WriteLog:35: (t:4, i:35), STATEMACHINELOGENTRY, client-0D87034729EF, cid=28-writeStateMachineData
	at org.apache.ratis.util.IOUtils.getFromFuture(IOUtils.java:87)
	at org.apache.ratis.server.raftlog.segmented.SegmentedRaftLogWorker$StateMachineDataPolicy.getFromFuture(SegmentedRaftLogWorker.java:87)
	at org.apache.ratis.server.raftlog.segmented.SegmentedRaftLogWorker$WriteLog.execute(SegmentedRaftLogWorker.java:477)
	at org.apache.ratis.server.raftlog.segmented.SegmentedRaftLogWorker.run(SegmentedRaftLogWorker.java:289)
	at java.lang.Thread.run(Thread.java:748)
Caused by: java.util.concurrent.TimeoutException
	at java.util.concurrent.CompletableFuture.timedGet(CompletableFuture.java:1771)
	at java.util.concurrent.CompletableFuture.get(CompletableFuture.java:1915)
	at org.apache.ratis.util.IOUtils.getFromFuture(IOUtils.java:79)
	... 4 more
2019-09-17 12:43:44,507 [grpc-default-executor-3] INFO  client.GrpcClientProtocolClient (GrpcClientProtocolClient.java:onNext(264)) - client-0D87034729EF->84ab4d91-000c-4523-9c5f-2c204b5f6601: receive RaftClientReply:client-0D87034729EF->84ab4d91-000c-4523-9c5f-2c204b5f6601@group-A43DC1D745E9, cid=26, FAILED org.apache.ratis.protocol.NotLeaderException: Server 84ab4d91-000c-4523-9c5f-2c204b5f6601@group-A43DC1D745E9 is not the leader 5e893e0a-56f7-4618-9f46-a6ff48173cb6:192.168.5.153:37060, logIndex=0, commits[84ab4d91-000c-4523-9c5f-2c204b5f6601:c32, 5e893e0a-56f7-4618-9f46-a6ff48173cb6:c32, f7ede272-a28a-44e0-9552-15581fc2de04:c28]
2019-09-17 12:43:44,666 [java.util.concurrent.ThreadPoolExecutor$Worker@303223ef[State = -1, empty queue]] WARN  server.GrpcLogAppender (GrpcLogAppender.java:timeoutAppendRequest(200)) - 5e893e0a-56f7-4618-9f46-a6ff48173cb6@group-A43DC1D745E9->f7ede272-a28a-44e0-9552-15581fc2de04-GrpcLogAppender: appendEntries Timeout, request=5e893e0a-56f7-4618-9f46-a6ff48173cb6->f7ede272-a28a-44e0-9552-15581fc2de04#48-t4, previous=(t:4, i:36), leaderCommit=32, initializing? false, entries: <empty>
2019-09-17 12:43:44,666 [java.util.concurrent.ThreadPoolExecutor$Worker@26bc7c83[State = -1, empty queue]] WARN  server.GrpcLogAppender (GrpcLogAppender.java:timeoutAppendRequest(200)) - 5e893e0a-56f7-4618-9f46-a6ff48173cb6@group-A43DC1D745E9->84ab4d91-000c-4523-9c5f-2c204b5f6601-GrpcLogAppender: appendEntries Timeout, request=5e893e0a-56f7-4618-9f46-a6ff48173cb6->84ab4d91-000c-4523-9c5f-2c204b5f6601#48-t4, previous=(t:4, i:36), leaderCommit=32, initializing? false, entries: <empty>
 0.00% |█                                                                                                    |  0/1 Time: 0:00:49 0.00% |█                                                                                                    |  0/1 Time: 0:00:502019-09-17 12:43:47,167 [java.util.concurrent.ThreadPoolExecutor$Worker@26bc7c83[State = -1, empty queue]] WARN  server.GrpcLogAppender (GrpcLogAppender.java:timeoutAppendRequest(200)) - 5e893e0a-56f7-4618-9f46-a6ff48173cb6@group-A43DC1D745E9->84ab4d91-000c-4523-9c5f-2c204b5f6601-GrpcLogAppender: appendEntries Timeout, request=5e893e0a-56f7-4618-9f46-a6ff48173cb6->84ab4d91-000c-4523-9c5f-2c204b5f6601#49-t4, previous=(t:4, i:36), leaderCommit=32, initializing? false, entries: <empty>
2019-09-17 12:43:47,167 [java.util.concurrent.ThreadPoolExecutor$Worker@303223ef[State = -1, empty queue]] WARN  server.GrpcLogAppender (GrpcLogAppender.java:timeoutAppendRequest(200)) - 5e893e0a-56f7-4618-9f46-a6ff48173cb6@group-A43DC1D745E9->f7ede272-a28a-44e0-9552-15581fc2de04-GrpcLogAppender: appendEntries Timeout, request=5e893e0a-56f7-4618-9f46-a6ff48173cb6->f7ede272-a28a-44e0-9552-15581fc2de04#49-t4, previous=(t:4, i:36), leaderCommit=32, initializing? false, entries: <empty>
 0.00% |█                                                                                                    |  0/1 Time: 0:00:51 0.00% |█                                                                                                    |  0/1 Time: 0:00:52 0.00% |█                                                                                                    |  0/1 Time: 0:00:532019-09-17 12:43:49,553 [grpc-default-executor-0] INFO  client.GrpcClientProtocolClient (GrpcClientProtocolClient.java:onNext(264)) - client-0D87034729EF->f7ede272-a28a-44e0-9552-15581fc2de04: receive RaftClientReply:client-0D87034729EF->f7ede272-a28a-44e0-9552-15581fc2de04@group-A43DC1D745E9, cid=26, FAILED org.apache.ratis.protocol.NotLeaderException: Server f7ede272-a28a-44e0-9552-15581fc2de04@group-A43DC1D745E9 is not the leader 5e893e0a-56f7-4618-9f46-a6ff48173cb6:192.168.5.153:37060, logIndex=0, commits[f7ede272-a28a-44e0-9552-15581fc2de04:c32, 5e893e0a-56f7-4618-9f46-a6ff48173cb6:c32, 84ab4d91-000c-4523-9c5f-2c204b5f6601:c28]
2019-09-17 12:43:49,668 [java.util.concurrent.ThreadPoolExecutor$Worker@303223ef[State = -1, empty queue]] WARN  server.GrpcLogAppender (GrpcLogAppender.java:timeoutAppendRequest(200)) - 5e893e0a-56f7-4618-9f46-a6ff48173cb6@group-A43DC1D745E9->f7ede272-a28a-44e0-9552-15581fc2de04-GrpcLogAppender: appendEntries Timeout, request=5e893e0a-56f7-4618-9f46-a6ff48173cb6->f7ede272-a28a-44e0-9552-15581fc2de04#50-t4, previous=(t:4, i:36), leaderCommit=32, initializing? false, entries: <empty>
2019-09-17 12:43:49,668 [java.util.concurrent.ThreadPoolExecutor$Worker@26bc7c83[State = -1, empty queue]] WARN  server.GrpcLogAppender (GrpcLogAppender.java:timeoutAppendRequest(200)) - 5e893e0a-56f7-4618-9f46-a6ff48173cb6@group-A43DC1D745E9->84ab4d91-000c-4523-9c5f-2c204b5f6601-GrpcLogAppender: appendEntries Timeout, request=5e893e0a-56f7-4618-9f46-a6ff48173cb6->84ab4d91-000c-4523-9c5f-2c204b5f6601#50-t4, previous=(t:4, i:36), leaderCommit=32, initializing? false, entries: <empty>
 0.00% |█                                                                                                    |  0/1 Time: 0:00:54 0.00% |█                                                                                                    |  0/1 Time: 0:00:552019-09-17 12:43:52,169 [java.util.concurrent.ThreadPoolExecutor$Worker@303223ef[State = -1, empty queue]] WARN  server.GrpcLogAppender (GrpcLogAppender.java:timeoutAppendRequest(200)) - 5e893e0a-56f7-4618-9f46-a6ff48173cb6@group-A43DC1D745E9->f7ede272-a28a-44e0-9552-15581fc2de04-GrpcLogAppender: appendEntries Timeout, request=5e893e0a-56f7-4618-9f46-a6ff48173cb6->f7ede272-a28a-44e0-9552-15581fc2de04#51-t4, previous=(t:4, i:36), leaderCommit=32, initializing? false, entries: <empty>
2019-09-17 12:43:52,169 [java.util.concurrent.ThreadPoolExecutor$Worker@26bc7c83[State = -1, empty queue]] WARN  server.GrpcLogAppender (GrpcLogAppender.java:timeoutAppendRequest(200)) - 5e893e0a-56f7-4618-9f46-a6ff48173cb6@group-A43DC1D745E9->84ab4d91-000c-4523-9c5f-2c204b5f6601-GrpcLogAppender: appendEntries Timeout, request=5e893e0a-56f7-4618-9f46-a6ff48173cb6->84ab4d91-000c-4523-9c5f-2c204b5f6601#51-t4, previous=(t:4, i:36), leaderCommit=32, initializing? false, entries: <empty>
 0.00% |█                                                                                                    |  0/1 Time: 0:00:56 0.00% |█                                                                                                    |  0/1 Time: 0:00:57 0.00% |█                                                                                                    |  0/1 Time: 0:00:582019-09-17 12:43:54,302 [f7ede272-a28a-44e0-9552-15581fc2de04@group-A43DC1D745E9-SegmentedRaftLogWorker] WARN  segmented.SegmentedRaftLogWorker (SegmentedRaftLogWorker.java:getFromFuture(90)) - Timeout 3/~
org.apache.ratis.protocol.TimeoutIOException: Timeout 10s: WriteLog:35: (t:4, i:35), STATEMACHINELOGENTRY, client-0D87034729EF, cid=28-writeStateMachineData
	at org.apache.ratis.util.IOUtils.getFromFuture(IOUtils.java:87)
	at org.apache.ratis.server.raftlog.segmented.SegmentedRaftLogWorker$StateMachineDataPolicy.getFromFuture(SegmentedRaftLogWorker.java:87)
	at org.apache.ratis.server.raftlog.segmented.SegmentedRaftLogWorker$WriteLog.execute(SegmentedRaftLogWorker.java:477)
	at org.apache.ratis.server.raftlog.segmented.SegmentedRaftLogWorker.run(SegmentedRaftLogWorker.java:289)
	at java.lang.Thread.run(Thread.java:748)
Caused by: java.util.concurrent.TimeoutException
	at java.util.concurrent.CompletableFuture.timedGet(CompletableFuture.java:1771)
	at java.util.concurrent.CompletableFuture.get(CompletableFuture.java:1915)
	at org.apache.ratis.util.IOUtils.getFromFuture(IOUtils.java:79)
	... 4 more
2019-09-17 12:43:54,302 [84ab4d91-000c-4523-9c5f-2c204b5f6601@group-A43DC1D745E9-SegmentedRaftLogWorker] WARN  segmented.SegmentedRaftLogWorker (SegmentedRaftLogWorker.java:getFromFuture(90)) - Timeout 3/~
org.apache.ratis.protocol.TimeoutIOException: Timeout 10s: WriteLog:35: (t:4, i:35), STATEMACHINELOGENTRY, client-0D87034729EF, cid=28-writeStateMachineData
	at org.apache.ratis.util.IOUtils.getFromFuture(IOUtils.java:87)
	at org.apache.ratis.server.raftlog.segmented.SegmentedRaftLogWorker$StateMachineDataPolicy.getFromFuture(SegmentedRaftLogWorker.java:87)
	at org.apache.ratis.server.raftlog.segmented.SegmentedRaftLogWorker$WriteLog.execute(SegmentedRaftLogWorker.java:477)
	at org.apache.ratis.server.raftlog.segmented.SegmentedRaftLogWorker.run(SegmentedRaftLogWorker.java:289)
	at java.lang.Thread.run(Thread.java:748)
Caused by: java.util.concurrent.TimeoutException
	at java.util.concurrent.CompletableFuture.timedGet(CompletableFuture.java:1771)
	at java.util.concurrent.CompletableFuture.get(CompletableFuture.java:1915)
	at org.apache.ratis.util.IOUtils.getFromFuture(IOUtils.java:79)
	... 4 more
2019-09-17 12:43:54,303 [5e893e0a-56f7-4618-9f46-a6ff48173cb6@group-A43DC1D745E9-SegmentedRaftLogWorker] WARN  segmented.SegmentedRaftLogWorker (SegmentedRaftLogWorker.java:getFromFuture(90)) - Timeout 3/~
org.apache.ratis.protocol.TimeoutIOException: Timeout 10s: WriteLog:35: (t:4, i:35), STATEMACHINELOGENTRY, client-0D87034729EF, cid=28-writeStateMachineData
	at org.apache.ratis.util.IOUtils.getFromFuture(IOUtils.java:87)
	at org.apache.ratis.server.raftlog.segmented.SegmentedRaftLogWorker$StateMachineDataPolicy.getFromFuture(SegmentedRaftLogWorker.java:87)
	at org.apache.ratis.server.raftlog.segmented.SegmentedRaftLogWorker$WriteLog.execute(SegmentedRaftLogWorker.java:477)
	at org.apache.ratis.server.raftlog.segmented.SegmentedRaftLogWorker.run(SegmentedRaftLogWorker.java:289)
	at java.lang.Thread.run(Thread.java:748)
Caused by: java.util.concurrent.TimeoutException
	at java.util.concurrent.CompletableFuture.timedGet(CompletableFuture.java:1771)
	at java.util.concurrent.CompletableFuture.get(CompletableFuture.java:1915)
	at org.apache.ratis.util.IOUtils.getFromFuture(IOUtils.java:79)
	... 4 more
2019-09-17 12:43:54,599 [grpc-default-executor-0] INFO  client.GrpcClientProtocolClient (GrpcClientProtocolClient.java:onNext(264)) - client-0D87034729EF->f7ede272-a28a-44e0-9552-15581fc2de04: receive RaftClientReply:client-0D87034729EF->f7ede272-a28a-44e0-9552-15581fc2de04@group-A43DC1D745E9, cid=26, FAILED org.apache.ratis.protocol.NotLeaderException: Server f7ede272-a28a-44e0-9552-15581fc2de04@group-A43DC1D745E9 is not the leader 5e893e0a-56f7-4618-9f46-a6ff48173cb6:192.168.5.153:37060, logIndex=0, commits[f7ede272-a28a-44e0-9552-15581fc2de04:c32, 5e893e0a-56f7-4618-9f46-a6ff48173cb6:c32, 84ab4d91-000c-4523-9c5f-2c204b5f6601:c28]
2019-09-17 12:43:54,669 [java.util.concurrent.ThreadPoolExecutor$Worker@303223ef[State = -1, empty queue]] WARN  server.GrpcLogAppender (GrpcLogAppender.java:timeoutAppendRequest(200)) - 5e893e0a-56f7-4618-9f46-a6ff48173cb6@group-A43DC1D745E9->f7ede272-a28a-44e0-9552-15581fc2de04-GrpcLogAppender: appendEntries Timeout, request=5e893e0a-56f7-4618-9f46-a6ff48173cb6->f7ede272-a28a-44e0-9552-15581fc2de04#52-t4, previous=(t:4, i:36), leaderCommit=32, initializing? false, entries: <empty>
2019-09-17 12:43:54,669 [java.util.concurrent.ThreadPoolExecutor$Worker@26bc7c83[State = -1, empty queue]] WARN  server.GrpcLogAppender (GrpcLogAppender.java:timeoutAppendRequest(200)) - 5e893e0a-56f7-4618-9f46-a6ff48173cb6@group-A43DC1D745E9->84ab4d91-000c-4523-9c5f-2c204b5f6601-GrpcLogAppender: appendEntries Timeout, request=5e893e0a-56f7-4618-9f46-a6ff48173cb6->84ab4d91-000c-4523-9c5f-2c204b5f6601#52-t4, previous=(t:4, i:36), leaderCommit=32, initializing? false, entries: <empty>
 0.00% |█                                                                                                    |  0/1 Time: 0:00:59 0.00% |█                                                                                                    |  0/1 Time: 0:01:002019-09-17 12:43:57,171 [java.util.concurrent.ThreadPoolExecutor$Worker@26bc7c83[State = -1, empty queue]] WARN  server.GrpcLogAppender (GrpcLogAppender.java:timeoutAppendRequest(200)) - 5e893e0a-56f7-4618-9f46-a6ff48173cb6@group-A43DC1D745E9->84ab4d91-000c-4523-9c5f-2c204b5f6601-GrpcLogAppender: appendEntries Timeout, request=5e893e0a-56f7-4618-9f46-a6ff48173cb6->84ab4d91-000c-4523-9c5f-2c204b5f6601#53-t4, previous=(t:4, i:36), leaderCommit=32, initializing? false, entries: <empty>
2019-09-17 12:43:57,171 [java.util.concurrent.ThreadPoolExecutor$Worker@303223ef[State = -1, empty queue]] WARN  server.GrpcLogAppender (GrpcLogAppender.java:timeoutAppendRequest(200)) - 5e893e0a-56f7-4618-9f46-a6ff48173cb6@group-A43DC1D745E9->f7ede272-a28a-44e0-9552-15581fc2de04-GrpcLogAppender: appendEntries Timeout, request=5e893e0a-56f7-4618-9f46-a6ff48173cb6->f7ede272-a28a-44e0-9552-15581fc2de04#53-t4, previous=(t:4, i:36), leaderCommit=32, initializing? false, entries: <empty>
 0.00% |█                                                                                                    |  0/1 Time: 0:01:01 0.00% |█                                                                                                    |  0/1 Time: 0:01:02 0.00% |█                                                                                                    |  0/1 Time: 0:01:032019-09-17 12:43:59,653 [grpc-default-executor-0] INFO  client.GrpcClientProtocolClient (GrpcClientProtocolClient.java:onNext(264)) - client-0D87034729EF->84ab4d91-000c-4523-9c5f-2c204b5f6601: receive RaftClientReply:client-0D87034729EF->84ab4d91-000c-4523-9c5f-2c204b5f6601@group-A43DC1D745E9, cid=26, FAILED org.apache.ratis.protocol.NotLeaderException: Server 84ab4d91-000c-4523-9c5f-2c204b5f6601@group-A43DC1D745E9 is not the leader 5e893e0a-56f7-4618-9f46-a6ff48173cb6:192.168.5.153:37060, logIndex=0, commits[84ab4d91-000c-4523-9c5f-2c204b5f6601:c32, 5e893e0a-56f7-4618-9f46-a6ff48173cb6:c32, f7ede272-a28a-44e0-9552-15581fc2de04:c28]
2019-09-17 12:43:59,673 [java.util.concurrent.ThreadPoolExecutor$Worker@26bc7c83[State = -1, empty queue]] WARN  server.GrpcLogAppender (GrpcLogAppender.java:timeoutAppendRequest(200)) - 5e893e0a-56f7-4618-9f46-a6ff48173cb6@group-A43DC1D745E9->84ab4d91-000c-4523-9c5f-2c204b5f6601-GrpcLogAppender: appendEntries Timeout, request=5e893e0a-56f7-4618-9f46-a6ff48173cb6->84ab4d91-000c-4523-9c5f-2c204b5f6601#54-t4, previous=(t:4, i:36), leaderCommit=32, initializing? false, entries: <empty>
2019-09-17 12:43:59,673 [java.util.concurrent.ThreadPoolExecutor$Worker@303223ef[State = -1, empty queue]] WARN  server.GrpcLogAppender (GrpcLogAppender.java:timeoutAppendRequest(200)) - 5e893e0a-56f7-4618-9f46-a6ff48173cb6@group-A43DC1D745E9->f7ede272-a28a-44e0-9552-15581fc2de04-GrpcLogAppender: appendEntries Timeout, request=5e893e0a-56f7-4618-9f46-a6ff48173cb6->f7ede272-a28a-44e0-9552-15581fc2de04#54-t4, previous=(t:4, i:36), leaderCommit=32, initializing? false, entries: <empty>
 0.00% |█                                                                                                    |  0/1 Time: 0:01:04 0.00% |█                                                                                                    |  0/1 Time: 0:01:052019-09-17 12:44:02,175 [java.util.concurrent.ThreadPoolExecutor$Worker@303223ef[State = -1, empty queue]] WARN  server.GrpcLogAppender (GrpcLogAppender.java:timeoutAppendRequest(200)) - 5e893e0a-56f7-4618-9f46-a6ff48173cb6@group-A43DC1D745E9->f7ede272-a28a-44e0-9552-15581fc2de04-GrpcLogAppender: appendEntries Timeout, request=5e893e0a-56f7-4618-9f46-a6ff48173cb6->f7ede272-a28a-44e0-9552-15581fc2de04#55-t4, previous=(t:4, i:36), leaderCommit=32, initializing? false, entries: <empty>
2019-09-17 12:44:02,175 [java.util.concurrent.ThreadPoolExecutor$Worker@26bc7c83[State = -1, empty queue]] WARN  server.GrpcLogAppender (GrpcLogAppender.java:timeoutAppendRequest(200)) - 5e893e0a-56f7-4618-9f46-a6ff48173cb6@group-A43DC1D745E9->84ab4d91-000c-4523-9c5f-2c204b5f6601-GrpcLogAppender: appendEntries Timeout, request=5e893e0a-56f7-4618-9f46-a6ff48173cb6->84ab4d91-000c-4523-9c5f-2c204b5f6601#55-t4, previous=(t:4, i:36), leaderCommit=32, initializing? false, entries: <empty>
 0.00% |█                                                                                                    |  0/1 Time: 0:01:06 0.00% |█                                                                                                    |  0/1 Time: 0:01:07 0.00% |█                                                                                                    |  0/1 Time: 0:01:082019-09-17 12:44:04,303 [f7ede272-a28a-44e0-9552-15581fc2de04@group-A43DC1D745E9-SegmentedRaftLogWorker] WARN  segmented.SegmentedRaftLogWorker (SegmentedRaftLogWorker.java:getFromFuture(90)) - Timeout 4/~
org.apache.ratis.protocol.TimeoutIOException: Timeout 10s: WriteLog:35: (t:4, i:35), STATEMACHINELOGENTRY, client-0D87034729EF, cid=28-writeStateMachineData
	at org.apache.ratis.util.IOUtils.getFromFuture(IOUtils.java:87)
	at org.apache.ratis.server.raftlog.segmented.SegmentedRaftLogWorker$StateMachineDataPolicy.getFromFuture(SegmentedRaftLogWorker.java:87)
	at org.apache.ratis.server.raftlog.segmented.SegmentedRaftLogWorker$WriteLog.execute(SegmentedRaftLogWorker.java:477)
	at org.apache.ratis.server.raftlog.segmented.SegmentedRaftLogWorker.run(SegmentedRaftLogWorker.java:289)
	at java.lang.Thread.run(Thread.java:748)
Caused by: java.util.concurrent.TimeoutException
	at java.util.concurrent.CompletableFuture.timedGet(CompletableFuture.java:1771)
	at java.util.concurrent.CompletableFuture.get(CompletableFuture.java:1915)
	at org.apache.ratis.util.IOUtils.getFromFuture(IOUtils.java:79)
	... 4 more
2019-09-17 12:44:04,303 [5e893e0a-56f7-4618-9f46-a6ff48173cb6@group-A43DC1D745E9-SegmentedRaftLogWorker] WARN  segmented.SegmentedRaftLogWorker (SegmentedRaftLogWorker.java:getFromFuture(90)) - Timeout 4/~
org.apache.ratis.protocol.TimeoutIOException: Timeout 10s: WriteLog:35: (t:4, i:35), STATEMACHINELOGENTRY, client-0D87034729EF, cid=28-writeStateMachineData
	at org.apache.ratis.util.IOUtils.getFromFuture(IOUtils.java:87)
	at org.apache.ratis.server.raftlog.segmented.SegmentedRaftLogWorker$StateMachineDataPolicy.getFromFuture(SegmentedRaftLogWorker.java:87)
	at org.apache.ratis.server.raftlog.segmented.SegmentedRaftLogWorker$WriteLog.execute(SegmentedRaftLogWorker.java:477)
	at org.apache.ratis.server.raftlog.segmented.SegmentedRaftLogWorker.run(SegmentedRaftLogWorker.java:289)
	at java.lang.Thread.run(Thread.java:748)
Caused by: java.util.concurrent.TimeoutException
	at java.util.concurrent.CompletableFuture.timedGet(CompletableFuture.java:1771)
	at java.util.concurrent.CompletableFuture.get(CompletableFuture.java:1915)
	at org.apache.ratis.util.IOUtils.getFromFuture(IOUtils.java:79)
	... 4 more
2019-09-17 12:44:04,303 [84ab4d91-000c-4523-9c5f-2c204b5f6601@group-A43DC1D745E9-SegmentedRaftLogWorker] WARN  segmented.SegmentedRaftLogWorker (SegmentedRaftLogWorker.java:getFromFuture(90)) - Timeout 4/~
org.apache.ratis.protocol.TimeoutIOException: Timeout 10s: WriteLog:35: (t:4, i:35), STATEMACHINELOGENTRY, client-0D87034729EF, cid=28-writeStateMachineData
	at org.apache.ratis.util.IOUtils.getFromFuture(IOUtils.java:87)
	at org.apache.ratis.server.raftlog.segmented.SegmentedRaftLogWorker$StateMachineDataPolicy.getFromFuture(SegmentedRaftLogWorker.java:87)
	at org.apache.ratis.server.raftlog.segmented.SegmentedRaftLogWorker$WriteLog.execute(SegmentedRaftLogWorker.java:477)
	at org.apache.ratis.server.raftlog.segmented.SegmentedRaftLogWorker.run(SegmentedRaftLogWorker.java:289)
	at java.lang.Thread.run(Thread.java:748)
Caused by: java.util.concurrent.TimeoutException
	at java.util.concurrent.CompletableFuture.timedGet(CompletableFuture.java:1771)
	at java.util.concurrent.CompletableFuture.get(CompletableFuture.java:1915)
	at org.apache.ratis.util.IOUtils.getFromFuture(IOUtils.java:79)
	... 4 more
2019-09-17 12:44:04,676 [java.util.concurrent.ThreadPoolExecutor$Worker@26bc7c83[State = -1, empty queue]] WARN  server.GrpcLogAppender (GrpcLogAppender.java:timeoutAppendRequest(200)) - 5e893e0a-56f7-4618-9f46-a6ff48173cb6@group-A43DC1D745E9->84ab4d91-000c-4523-9c5f-2c204b5f6601-GrpcLogAppender: appendEntries Timeout, request=5e893e0a-56f7-4618-9f46-a6ff48173cb6->84ab4d91-000c-4523-9c5f-2c204b5f6601#56-t4, previous=(t:4, i:36), leaderCommit=32, initializing? false, entries: <empty>
2019-09-17 12:44:04,676 [java.util.concurrent.ThreadPoolExecutor$Worker@303223ef[State = -1, empty queue]] WARN  server.GrpcLogAppender (GrpcLogAppender.java:timeoutAppendRequest(200)) - 5e893e0a-56f7-4618-9f46-a6ff48173cb6@group-A43DC1D745E9->f7ede272-a28a-44e0-9552-15581fc2de04-GrpcLogAppender: appendEntries Timeout, request=5e893e0a-56f7-4618-9f46-a6ff48173cb6->f7ede272-a28a-44e0-9552-15581fc2de04#56-t4, previous=(t:4, i:36), leaderCommit=32, initializing? false, entries: <empty>
2019-09-17 12:44:04,712 [grpc-default-executor-2] INFO  client.GrpcClientProtocolClient (GrpcClientProtocolClient.java:onNext(264)) - client-0D87034729EF->f7ede272-a28a-44e0-9552-15581fc2de04: receive RaftClientReply:client-0D87034729EF->f7ede272-a28a-44e0-9552-15581fc2de04@group-A43DC1D745E9, cid=26, FAILED org.apache.ratis.protocol.NotLeaderException: Server f7ede272-a28a-44e0-9552-15581fc2de04@group-A43DC1D745E9 is not the leader 5e893e0a-56f7-4618-9f46-a6ff48173cb6:192.168.5.153:37060, logIndex=0, commits[f7ede272-a28a-44e0-9552-15581fc2de04:c32, 5e893e0a-56f7-4618-9f46-a6ff48173cb6:c32, 84ab4d91-000c-4523-9c5f-2c204b5f6601:c28]
 0.00% |█                                                                                                    |  0/1 Time: 0:01:09 0.00% |█                                                                                                    |  0/1 Time: 0:01:102019-09-17 12:44:07,178 [java.util.concurrent.ThreadPoolExecutor$Worker@303223ef[State = -1, empty queue]] WARN  server.GrpcLogAppender (GrpcLogAppender.java:timeoutAppendRequest(200)) - 5e893e0a-56f7-4618-9f46-a6ff48173cb6@group-A43DC1D745E9->f7ede272-a28a-44e0-9552-15581fc2de04-GrpcLogAppender: appendEntries Timeout, request=5e893e0a-56f7-4618-9f46-a6ff48173cb6->f7ede272-a28a-44e0-9552-15581fc2de04#57-t4, previous=(t:4, i:36), leaderCommit=32, initializing? false, entries: <empty>
2019-09-17 12:44:07,178 [java.util.concurrent.ThreadPoolExecutor$Worker@26bc7c83[State = -1, empty queue]] WARN  server.GrpcLogAppender (GrpcLogAppender.java:timeoutAppendRequest(200)) - 5e893e0a-56f7-4618-9f46-a6ff48173cb6@group-A43DC1D745E9->84ab4d91-000c-4523-9c5f-2c204b5f6601-GrpcLogAppender: appendEntries Timeout, request=5e893e0a-56f7-4618-9f46-a6ff48173cb6->84ab4d91-000c-4523-9c5f-2c204b5f6601#57-t4, previous=(t:4, i:36), leaderCommit=32, initializing? false, entries: <empty>
 0.00% |█                                                                                                    |  0/1 Time: 0:01:11 0.00% |█                                                                                                    |  0/1 Time: 0:01:12 0.00% |█                                                                                                    |  0/1 Time: 0:01:132019-09-17 12:44:09,680 [java.util.concurrent.ThreadPoolExecutor$Worker@303223ef[State = -1, empty queue]] WARN  server.GrpcLogAppender (GrpcLogAppender.java:timeoutAppendRequest(200)) - 5e893e0a-56f7-4618-9f46-a6ff48173cb6@group-A43DC1D745E9->f7ede272-a28a-44e0-9552-15581fc2de04-GrpcLogAppender: appendEntries Timeout, request=5e893e0a-56f7-4618-9f46-a6ff48173cb6->f7ede272-a28a-44e0-9552-15581fc2de04#58-t4, previous=(t:4, i:36), leaderCommit=32, initializing? false, entries: <empty>
2019-09-17 12:44:09,680 [java.util.concurrent.ThreadPoolExecutor$Worker@26bc7c83[State = -1, empty queue]] WARN  server.GrpcLogAppender (GrpcLogAppender.java:timeoutAppendRequest(200)) - 5e893e0a-56f7-4618-9f46-a6ff48173cb6@group-A43DC1D745E9->84ab4d91-000c-4523-9c5f-2c204b5f6601-GrpcLogAppender: appendEntries Timeout, request=5e893e0a-56f7-4618-9f46-a6ff48173cb6->84ab4d91-000c-4523-9c5f-2c204b5f6601#58-t4, previous=(t:4, i:36), leaderCommit=32, initializing? false, entries: <empty>
2019-09-17 12:44:09,755 [grpc-default-executor-3] INFO  client.GrpcClientProtocolClient (GrpcClientProtocolClient.java:onNext(264)) - client-0D87034729EF->f7ede272-a28a-44e0-9552-15581fc2de04: receive RaftClientReply:client-0D87034729EF->f7ede272-a28a-44e0-9552-15581fc2de04@group-A43DC1D745E9, cid=26, FAILED org.apache.ratis.protocol.NotLeaderException: Server f7ede272-a28a-44e0-9552-15581fc2de04@group-A43DC1D745E9 is not the leader 5e893e0a-56f7-4618-9f46-a6ff48173cb6:192.168.5.153:37060, logIndex=0, commits[f7ede272-a28a-44e0-9552-15581fc2de04:c32, 5e893e0a-56f7-4618-9f46-a6ff48173cb6:c32, 84ab4d91-000c-4523-9c5f-2c204b5f6601:c28]
 0.00% |█                                                                                                    |  0/1 Time: 0:01:14 0.00% |█                                                                                                    |  0/1 Time: 0:01:152019-09-17 12:44:12,182 [java.util.concurrent.ThreadPoolExecutor$Worker@303223ef[State = -1, empty queue]] WARN  server.GrpcLogAppender (GrpcLogAppender.java:timeoutAppendRequest(200)) - 5e893e0a-56f7-4618-9f46-a6ff48173cb6@group-A43DC1D745E9->f7ede272-a28a-44e0-9552-15581fc2de04-GrpcLogAppender: appendEntries Timeout, request=5e893e0a-56f7-4618-9f46-a6ff48173cb6->f7ede272-a28a-44e0-9552-15581fc2de04#59-t4, previous=(t:4, i:36), leaderCommit=32, initializing? false, entries: <empty>
2019-09-17 12:44:12,182 [java.util.concurrent.ThreadPoolExecutor$Worker@26bc7c83[State = -1, empty queue]] WARN  server.GrpcLogAppender (GrpcLogAppender.java:timeoutAppendRequest(200)) - 5e893e0a-56f7-4618-9f46-a6ff48173cb6@group-A43DC1D745E9->84ab4d91-000c-4523-9c5f-2c204b5f6601-GrpcLogAppender: appendEntries Timeout, request=5e893e0a-56f7-4618-9f46-a6ff48173cb6->84ab4d91-000c-4523-9c5f-2c204b5f6601#59-t4, previous=(t:4, i:36), leaderCommit=32, initializing? false, entries: <empty>
 0.00% |█                                                                                                    |  0/1 Time: 0:01:16 0.00% |█                                                                                                    |  0/1 Time: 0:01:17 0.00% |█                                                                                                    |  0/1 Time: 0:01:182019-09-17 12:44:14,305 [f7ede272-a28a-44e0-9552-15581fc2de04@group-A43DC1D745E9-SegmentedRaftLogWorker] WARN  segmented.SegmentedRaftLogWorker (SegmentedRaftLogWorker.java:getFromFuture(90)) - Timeout 5/~
org.apache.ratis.protocol.TimeoutIOException: Timeout 10s: WriteLog:35: (t:4, i:35), STATEMACHINELOGENTRY, client-0D87034729EF, cid=28-writeStateMachineData
	at org.apache.ratis.util.IOUtils.getFromFuture(IOUtils.java:87)
	at org.apache.ratis.server.raftlog.segmented.SegmentedRaftLogWorker$StateMachineDataPolicy.getFromFuture(SegmentedRaftLogWorker.java:87)
	at org.apache.ratis.server.raftlog.segmented.SegmentedRaftLogWorker$WriteLog.execute(SegmentedRaftLogWorker.java:477)
	at org.apache.ratis.server.raftlog.segmented.SegmentedRaftLogWorker.run(SegmentedRaftLogWorker.java:289)
	at java.lang.Thread.run(Thread.java:748)
Caused by: java.util.concurrent.TimeoutException
	at java.util.concurrent.CompletableFuture.timedGet(CompletableFuture.java:1771)
	at java.util.concurrent.CompletableFuture.get(CompletableFuture.java:1915)
	at org.apache.ratis.util.IOUtils.getFromFuture(IOUtils.java:79)
	... 4 more
2019-09-17 12:44:14,306 [84ab4d91-000c-4523-9c5f-2c204b5f6601@group-A43DC1D745E9-SegmentedRaftLogWorker] WARN  segmented.SegmentedRaftLogWorker (SegmentedRaftLogWorker.java:getFromFuture(90)) - Timeout 5/~
org.apache.ratis.protocol.TimeoutIOException: Timeout 10s: WriteLog:35: (t:4, i:35), STATEMACHINELOGENTRY, client-0D87034729EF, cid=28-writeStateMachineData
	at org.apache.ratis.util.IOUtils.getFromFuture(IOUtils.java:87)
	at org.apache.ratis.server.raftlog.segmented.SegmentedRaftLogWorker$StateMachineDataPolicy.getFromFuture(SegmentedRaftLogWorker.java:87)
	at org.apache.ratis.server.raftlog.segmented.SegmentedRaftLogWorker$WriteLog.execute(SegmentedRaftLogWorker.java:477)
	at org.apache.ratis.server.raftlog.segmented.SegmentedRaftLogWorker.run(SegmentedRaftLogWorker.java:289)
	at java.lang.Thread.run(Thread.java:748)
Caused by: java.util.concurrent.TimeoutException
	at java.util.concurrent.CompletableFuture.timedGet(CompletableFuture.java:1771)
	at java.util.concurrent.CompletableFuture.get(CompletableFuture.java:1915)
	at org.apache.ratis.util.IOUtils.getFromFuture(IOUtils.java:79)
	... 4 more
2019-09-17 12:44:14,305 [5e893e0a-56f7-4618-9f46-a6ff48173cb6@group-A43DC1D745E9-SegmentedRaftLogWorker] WARN  segmented.SegmentedRaftLogWorker (SegmentedRaftLogWorker.java:getFromFuture(90)) - Timeout 5/~
org.apache.ratis.protocol.TimeoutIOException: Timeout 10s: WriteLog:35: (t:4, i:35), STATEMACHINELOGENTRY, client-0D87034729EF, cid=28-writeStateMachineData
	at org.apache.ratis.util.IOUtils.getFromFuture(IOUtils.java:87)
	at org.apache.ratis.server.raftlog.segmented.SegmentedRaftLogWorker$StateMachineDataPolicy.getFromFuture(SegmentedRaftLogWorker.java:87)
	at org.apache.ratis.server.raftlog.segmented.SegmentedRaftLogWorker$WriteLog.execute(SegmentedRaftLogWorker.java:477)
	at org.apache.ratis.server.raftlog.segmented.SegmentedRaftLogWorker.run(SegmentedRaftLogWorker.java:289)
	at java.lang.Thread.run(Thread.java:748)
Caused by: java.util.concurrent.TimeoutException
	at java.util.concurrent.CompletableFuture.timedGet(CompletableFuture.java:1771)
	at java.util.concurrent.CompletableFuture.get(CompletableFuture.java:1915)
	at org.apache.ratis.util.IOUtils.getFromFuture(IOUtils.java:79)
	... 4 more
2019-09-17 12:44:14,683 [java.util.concurrent.ThreadPoolExecutor$Worker@303223ef[State = -1, empty queue]] WARN  server.GrpcLogAppender (GrpcLogAppender.java:timeoutAppendRequest(200)) - 5e893e0a-56f7-4618-9f46-a6ff48173cb6@group-A43DC1D745E9->f7ede272-a28a-44e0-9552-15581fc2de04-GrpcLogAppender: appendEntries Timeout, request=5e893e0a-56f7-4618-9f46-a6ff48173cb6->f7ede272-a28a-44e0-9552-15581fc2de04#60-t4, previous=(t:4, i:36), leaderCommit=32, initializing? false, entries: <empty>
2019-09-17 12:44:14,683 [java.util.concurrent.ThreadPoolExecutor$Worker@26bc7c83[State = -1, empty queue]] WARN  server.GrpcLogAppender (GrpcLogAppender.java:timeoutAppendRequest(200)) - 5e893e0a-56f7-4618-9f46-a6ff48173cb6@group-A43DC1D745E9->84ab4d91-000c-4523-9c5f-2c204b5f6601-GrpcLogAppender: appendEntries Timeout, request=5e893e0a-56f7-4618-9f46-a6ff48173cb6->84ab4d91-000c-4523-9c5f-2c204b5f6601#60-t4, previous=(t:4, i:36), leaderCommit=32, initializing? false, entries: <empty>
2019-09-17 12:44:14,813 [grpc-default-executor-3] INFO  client.GrpcClientProtocolClient (GrpcClientProtocolClient.java:onNext(264)) - client-0D87034729EF->84ab4d91-000c-4523-9c5f-2c204b5f6601: receive RaftClientReply:client-0D87034729EF->84ab4d91-000c-4523-9c5f-2c204b5f6601@group-A43DC1D745E9, cid=26, FAILED org.apache.ratis.protocol.NotLeaderException: Server 84ab4d91-000c-4523-9c5f-2c204b5f6601@group-A43DC1D745E9 is not the leader 5e893e0a-56f7-4618-9f46-a6ff48173cb6:192.168.5.153:37060, logIndex=0, commits[84ab4d91-000c-4523-9c5f-2c204b5f6601:c32, 5e893e0a-56f7-4618-9f46-a6ff48173cb6:c32, f7ede272-a28a-44e0-9552-15581fc2de04:c28]
 0.00% |█                                                                                                    |  0/1 Time: 0:01:19 0.00% |█                                                                                                    |  0/1 Time: 0:01:202019-09-17 12:44:17,184 [java.util.concurrent.ThreadPoolExecutor$Worker@26bc7c83[State = -1, empty queue]] WARN  server.GrpcLogAppender (GrpcLogAppender.java:timeoutAppendRequest(200)) - 5e893e0a-56f7-4618-9f46-a6ff48173cb6@group-A43DC1D745E9->84ab4d91-000c-4523-9c5f-2c204b5f6601-GrpcLogAppender: appendEntries Timeout, request=5e893e0a-56f7-4618-9f46-a6ff48173cb6->84ab4d91-000c-4523-9c5f-2c204b5f6601#61-t4, previous=(t:4, i:36), leaderCommit=32, initializing? false, entries: <empty>
2019-09-17 12:44:17,184 [java.util.concurrent.ThreadPoolExecutor$Worker@303223ef[State = -1, empty queue]] WARN  server.GrpcLogAppender (GrpcLogAppender.java:timeoutAppendRequest(200)) - 5e893e0a-56f7-4618-9f46-a6ff48173cb6@group-A43DC1D745E9->f7ede272-a28a-44e0-9552-15581fc2de04-GrpcLogAppender: appendEntries Timeout, request=5e893e0a-56f7-4618-9f46-a6ff48173cb6->f7ede272-a28a-44e0-9552-15581fc2de04#61-t4, previous=(t:4, i:36), leaderCommit=32, initializing? false, entries: <empty>
 0.00% |█                                                                                                    |  0/1 Time: 0:01:21 0.00% |█                                                                                                    |  0/1 Time: 0:01:22 0.00% |█                                                                                                    |  0/1 Time: 0:01:232019-09-17 12:44:19,685 [java.util.concurrent.ThreadPoolExecutor$Worker@26bc7c83[State = -1, empty queue]] WARN  server.GrpcLogAppender (GrpcLogAppender.java:timeoutAppendRequest(200)) - 5e893e0a-56f7-4618-9f46-a6ff48173cb6@group-A43DC1D745E9->84ab4d91-000c-4523-9c5f-2c204b5f6601-GrpcLogAppender: appendEntries Timeout, request=5e893e0a-56f7-4618-9f46-a6ff48173cb6->84ab4d91-000c-4523-9c5f-2c204b5f6601#62-t4, previous=(t:4, i:36), leaderCommit=32, initializing? false, entries: <empty>
2019-09-17 12:44:19,685 [java.util.concurrent.ThreadPoolExecutor$Worker@303223ef[State = -1, empty queue]] WARN  server.GrpcLogAppender (GrpcLogAppender.java:timeoutAppendRequest(200)) - 5e893e0a-56f7-4618-9f46-a6ff48173cb6@group-A43DC1D745E9->f7ede272-a28a-44e0-9552-15581fc2de04-GrpcLogAppender: appendEntries Timeout, request=5e893e0a-56f7-4618-9f46-a6ff48173cb6->f7ede272-a28a-44e0-9552-15581fc2de04#62-t4, previous=(t:4, i:36), leaderCommit=32, initializing? false, entries: <empty>
2019-09-17 12:44:19,873 [grpc-default-executor-2] INFO  client.GrpcClientProtocolClient (GrpcClientProtocolClient.java:onNext(264)) - client-0D87034729EF->84ab4d91-000c-4523-9c5f-2c204b5f6601: receive RaftClientReply:client-0D87034729EF->84ab4d91-000c-4523-9c5f-2c204b5f6601@group-A43DC1D745E9, cid=26, FAILED org.apache.ratis.protocol.NotLeaderException: Server 84ab4d91-000c-4523-9c5f-2c204b5f6601@group-A43DC1D745E9 is not the leader 5e893e0a-56f7-4618-9f46-a6ff48173cb6:192.168.5.153:37060, logIndex=0, commits[84ab4d91-000c-4523-9c5f-2c204b5f6601:c32, 5e893e0a-56f7-4618-9f46-a6ff48173cb6:c32, f7ede272-a28a-44e0-9552-15581fc2de04:c28]
 0.00% |█                                                                                                    |  0/1 Time: 0:01:24 0.00% |█                                                                                                    |  0/1 Time: 0:01:252019-09-17 12:44:22,186 [java.util.concurrent.ThreadPoolExecutor$Worker@303223ef[State = -1, empty queue]] WARN  server.GrpcLogAppender (GrpcLogAppender.java:timeoutAppendRequest(200)) - 5e893e0a-56f7-4618-9f46-a6ff48173cb6@group-A43DC1D745E9->f7ede272-a28a-44e0-9552-15581fc2de04-GrpcLogAppender: appendEntries Timeout, request=5e893e0a-56f7-4618-9f46-a6ff48173cb6->f7ede272-a28a-44e0-9552-15581fc2de04#63-t4, previous=(t:4, i:36), leaderCommit=32, initializing? false, entries: <empty>
2019-09-17 12:44:22,186 [java.util.concurrent.ThreadPoolExecutor$Worker@26bc7c83[State = -1, empty queue]] WARN  server.GrpcLogAppender (GrpcLogAppender.java:timeoutAppendRequest(200)) - 5e893e0a-56f7-4618-9f46-a6ff48173cb6@group-A43DC1D745E9->84ab4d91-000c-4523-9c5f-2c204b5f6601-GrpcLogAppender: appendEntries Timeout, request=5e893e0a-56f7-4618-9f46-a6ff48173cb6->84ab4d91-000c-4523-9c5f-2c204b5f6601#63-t4, previous=(t:4, i:36), leaderCommit=32, initializing? false, entries: <empty>
 0.00% |█                                                                                                    |  0/1 Time: 0:01:26 0.00% |█                                                                                                    |  0/1 Time: 0:01:27 0.00% |█                                                                                                    |  0/1 Time: 0:01:282019-09-17 12:44:24,306 [f7ede272-a28a-44e0-9552-15581fc2de04@group-A43DC1D745E9-SegmentedRaftLogWorker] WARN  segmented.SegmentedRaftLogWorker (SegmentedRaftLogWorker.java:getFromFuture(90)) - Timeout 6/~
org.apache.ratis.protocol.TimeoutIOException: Timeout 10s: WriteLog:35: (t:4, i:35), STATEMACHINELOGENTRY, client-0D87034729EF, cid=28-writeStateMachineData
	at org.apache.ratis.util.IOUtils.getFromFuture(IOUtils.java:87)
	at org.apache.ratis.server.raftlog.segmented.SegmentedRaftLogWorker$StateMachineDataPolicy.getFromFuture(SegmentedRaftLogWorker.java:87)
	at org.apache.ratis.server.raftlog.segmented.SegmentedRaftLogWorker$WriteLog.execute(SegmentedRaftLogWorker.java:477)
	at org.apache.ratis.server.raftlog.segmented.SegmentedRaftLogWorker.run(SegmentedRaftLogWorker.java:289)
	at java.lang.Thread.run(Thread.java:748)
Caused by: java.util.concurrent.TimeoutException
	at java.util.concurrent.CompletableFuture.timedGet(CompletableFuture.java:1771)
	at java.util.concurrent.CompletableFuture.get(CompletableFuture.java:1915)
	at org.apache.ratis.util.IOUtils.getFromFuture(IOUtils.java:79)
	... 4 more
2019-09-17 12:44:24,307 [5e893e0a-56f7-4618-9f46-a6ff48173cb6@group-A43DC1D745E9-SegmentedRaftLogWorker] WARN  segmented.SegmentedRaftLogWorker (SegmentedRaftLogWorker.java:getFromFuture(90)) - Timeout 6/~
org.apache.ratis.protocol.TimeoutIOException: Timeout 10s: WriteLog:35: (t:4, i:35), STATEMACHINELOGENTRY, client-0D87034729EF, cid=28-writeStateMachineData
	at org.apache.ratis.util.IOUtils.getFromFuture(IOUtils.java:87)
	at org.apache.ratis.server.raftlog.segmented.SegmentedRaftLogWorker$StateMachineDataPolicy.getFromFuture(SegmentedRaftLogWorker.java:87)
	at org.apache.ratis.server.raftlog.segmented.SegmentedRaftLogWorker$WriteLog.execute(SegmentedRaftLogWorker.java:477)
	at org.apache.ratis.server.raftlog.segmented.SegmentedRaftLogWorker.run(SegmentedRaftLogWorker.java:289)
	at java.lang.Thread.run(Thread.java:748)
Caused by: java.util.concurrent.TimeoutException
	at java.util.concurrent.CompletableFuture.timedGet(CompletableFuture.java:1771)
	at java.util.concurrent.CompletableFuture.get(CompletableFuture.java:1915)
	at org.apache.ratis.util.IOUtils.getFromFuture(IOUtils.java:79)
	... 4 more
2019-09-17 12:44:24,307 [84ab4d91-000c-4523-9c5f-2c204b5f6601@group-A43DC1D745E9-SegmentedRaftLogWorker] WARN  segmented.SegmentedRaftLogWorker (SegmentedRaftLogWorker.java:getFromFuture(90)) - Timeout 6/~
org.apache.ratis.protocol.TimeoutIOException: Timeout 10s: WriteLog:35: (t:4, i:35), STATEMACHINELOGENTRY, client-0D87034729EF, cid=28-writeStateMachineData
	at org.apache.ratis.util.IOUtils.getFromFuture(IOUtils.java:87)
	at org.apache.ratis.server.raftlog.segmented.SegmentedRaftLogWorker$StateMachineDataPolicy.getFromFuture(SegmentedRaftLogWorker.java:87)
	at org.apache.ratis.server.raftlog.segmented.SegmentedRaftLogWorker$WriteLog.execute(SegmentedRaftLogWorker.java:477)
	at org.apache.ratis.server.raftlog.segmented.SegmentedRaftLogWorker.run(SegmentedRaftLogWorker.java:289)
	at java.lang.Thread.run(Thread.java:748)
Caused by: java.util.concurrent.TimeoutException
	at java.util.concurrent.CompletableFuture.timedGet(CompletableFuture.java:1771)
	at java.util.concurrent.CompletableFuture.get(CompletableFuture.java:1915)
	at org.apache.ratis.util.IOUtils.getFromFuture(IOUtils.java:79)
	... 4 more
2019-09-17 12:44:24,687 [java.util.concurrent.ThreadPoolExecutor$Worker@26bc7c83[State = -1, empty queue]] WARN  server.GrpcLogAppender (GrpcLogAppender.java:timeoutAppendRequest(200)) - 5e893e0a-56f7-4618-9f46-a6ff48173cb6@group-A43DC1D745E9->84ab4d91-000c-4523-9c5f-2c204b5f6601-GrpcLogAppender: appendEntries Timeout, request=5e893e0a-56f7-4618-9f46-a6ff48173cb6->84ab4d91-000c-4523-9c5f-2c204b5f6601#64-t4, previous=(t:4, i:36), leaderCommit=32, initializing? false, entries: <empty>
2019-09-17 12:44:24,687 [java.util.concurrent.ThreadPoolExecutor$Worker@303223ef[State = -1, empty queue]] WARN  server.GrpcLogAppender (GrpcLogAppender.java:timeoutAppendRequest(200)) - 5e893e0a-56f7-4618-9f46-a6ff48173cb6@group-A43DC1D745E9->f7ede272-a28a-44e0-9552-15581fc2de04-GrpcLogAppender: appendEntries Timeout, request=5e893e0a-56f7-4618-9f46-a6ff48173cb6->f7ede272-a28a-44e0-9552-15581fc2de04#64-t4, previous=(t:4, i:36), leaderCommit=32, initializing? false, entries: <empty>
2019-09-17 12:44:24,936 [grpc-default-executor-2] INFO  client.GrpcClientProtocolClient (GrpcClientProtocolClient.java:onNext(264)) - client-0D87034729EF->84ab4d91-000c-4523-9c5f-2c204b5f6601: receive RaftClientReply:client-0D87034729EF->84ab4d91-000c-4523-9c5f-2c204b5f6601@group-A43DC1D745E9, cid=26, FAILED org.apache.ratis.protocol.NotLeaderException: Server 84ab4d91-000c-4523-9c5f-2c204b5f6601@group-A43DC1D745E9 is not the leader 5e893e0a-56f7-4618-9f46-a6ff48173cb6:192.168.5.153:37060, logIndex=0, commits[84ab4d91-000c-4523-9c5f-2c204b5f6601:c32, 5e893e0a-56f7-4618-9f46-a6ff48173cb6:c32, f7ede272-a28a-44e0-9552-15581fc2de04:c28]
 0.00% |█                                                                                                    |  0/1 Time: 0:01:29 0.00% |█                                                                                                    |  0/1 Time: 0:01:302019-09-17 12:44:27,188 [java.util.concurrent.ThreadPoolExecutor$Worker@303223ef[State = -1, empty queue]] WARN  server.GrpcLogAppender (GrpcLogAppender.java:timeoutAppendRequest(200)) - 5e893e0a-56f7-4618-9f46-a6ff48173cb6@group-A43DC1D745E9->f7ede272-a28a-44e0-9552-15581fc2de04-GrpcLogAppender: appendEntries Timeout, request=5e893e0a-56f7-4618-9f46-a6ff48173cb6->f7ede272-a28a-44e0-9552-15581fc2de04#65-t4, previous=(t:4, i:36), leaderCommit=32, initializing? false, entries: <empty>
2019-09-17 12:44:27,188 [java.util.concurrent.ThreadPoolExecutor$Worker@26bc7c83[State = -1, empty queue]] WARN  server.GrpcLogAppender (GrpcLogAppender.java:timeoutAppendRequest(200)) - 5e893e0a-56f7-4618-9f46-a6ff48173cb6@group-A43DC1D745E9->84ab4d91-000c-4523-9c5f-2c204b5f6601-GrpcLogAppender: appendEntries Timeout, request=5e893e0a-56f7-4618-9f46-a6ff48173cb6->84ab4d91-000c-4523-9c5f-2c204b5f6601#65-t4, previous=(t:4, i:36), leaderCommit=32, initializing? false, entries: <empty>
 0.00% |█                                                                                                    |  0/1 Time: 0:01:31 0.00% |█                                                                                                    |  0/1 Time: 0:01:32 0.00% |█                                                                                                    |  0/1 Time: 0:01:332019-09-17 12:44:29,689 [java.util.concurrent.ThreadPoolExecutor$Worker@26bc7c83[State = -1, empty queue]] WARN  server.GrpcLogAppender (GrpcLogAppender.java:timeoutAppendRequest(200)) - 5e893e0a-56f7-4618-9f46-a6ff48173cb6@group-A43DC1D745E9->84ab4d91-000c-4523-9c5f-2c204b5f6601-GrpcLogAppender: appendEntries Timeout, request=5e893e0a-56f7-4618-9f46-a6ff48173cb6->84ab4d91-000c-4523-9c5f-2c204b5f6601#66-t4, previous=(t:4, i:36), leaderCommit=32, initializing? false, entries: <empty>
2019-09-17 12:44:29,689 [java.util.concurrent.ThreadPoolExecutor$Worker@303223ef[State = -1, empty queue]] WARN  server.GrpcLogAppender (GrpcLogAppender.java:timeoutAppendRequest(200)) - 5e893e0a-56f7-4618-9f46-a6ff48173cb6@group-A43DC1D745E9->f7ede272-a28a-44e0-9552-15581fc2de04-GrpcLogAppender: appendEntries Timeout, request=5e893e0a-56f7-4618-9f46-a6ff48173cb6->f7ede272-a28a-44e0-9552-15581fc2de04#66-t4, previous=(t:4, i:36), leaderCommit=32, initializing? false, entries: <empty>
2019-09-17 12:44:29,985 [grpc-default-executor-2] INFO  client.GrpcClientProtocolClient (GrpcClientProtocolClient.java:onNext(264)) - client-0D87034729EF->84ab4d91-000c-4523-9c5f-2c204b5f6601: receive RaftClientReply:client-0D87034729EF->84ab4d91-000c-4523-9c5f-2c204b5f6601@group-A43DC1D745E9, cid=26, FAILED org.apache.ratis.protocol.NotLeaderException: Server 84ab4d91-000c-4523-9c5f-2c204b5f6601@group-A43DC1D745E9 is not the leader 5e893e0a-56f7-4618-9f46-a6ff48173cb6:192.168.5.153:37060, logIndex=0, commits[84ab4d91-000c-4523-9c5f-2c204b5f6601:c32, 5e893e0a-56f7-4618-9f46-a6ff48173cb6:c32, f7ede272-a28a-44e0-9552-15581fc2de04:c28]
 0.00% |█                                                                                                    |  0/1 Time: 0:01:34 0.00% |█                                                                                                    |  0/1 Time: 0:01:352019-09-17 12:44:32,190 [java.util.concurrent.ThreadPoolExecutor$Worker@303223ef[State = -1, empty queue]] WARN  server.GrpcLogAppender (GrpcLogAppender.java:timeoutAppendRequest(200)) - 5e893e0a-56f7-4618-9f46-a6ff48173cb6@group-A43DC1D745E9->f7ede272-a28a-44e0-9552-15581fc2de04-GrpcLogAppender: appendEntries Timeout, request=5e893e0a-56f7-4618-9f46-a6ff48173cb6->f7ede272-a28a-44e0-9552-15581fc2de04#67-t4, previous=(t:4, i:36), leaderCommit=32, initializing? false, entries: <empty>
2019-09-17 12:44:32,190 [java.util.concurrent.ThreadPoolExecutor$Worker@26bc7c83[State = -1, empty queue]] WARN  server.GrpcLogAppender (GrpcLogAppender.java:timeoutAppendRequest(200)) - 5e893e0a-56f7-4618-9f46-a6ff48173cb6@group-A43DC1D745E9->84ab4d91-000c-4523-9c5f-2c204b5f6601-GrpcLogAppender: appendEntries Timeout, request=5e893e0a-56f7-4618-9f46-a6ff48173cb6->84ab4d91-000c-4523-9c5f-2c204b5f6601#67-t4, previous=(t:4, i:36), leaderCommit=32, initializing? false, entries: <empty>
 0.00% |█                                                                                                    |  0/1 Time: 0:01:36 0.00% |█                                                                                                    |  0/1 Time: 0:01:37 0.00% |█                                                                                                    |  0/1 Time: 0:01:382019-09-17 12:44:34,308 [f7ede272-a28a-44e0-9552-15581fc2de04@group-A43DC1D745E9-SegmentedRaftLogWorker] WARN  segmented.SegmentedRaftLogWorker (SegmentedRaftLogWorker.java:getFromFuture(90)) - Timeout 7/~
org.apache.ratis.protocol.TimeoutIOException: Timeout 10s: WriteLog:35: (t:4, i:35), STATEMACHINELOGENTRY, client-0D87034729EF, cid=28-writeStateMachineData
	at org.apache.ratis.util.IOUtils.getFromFuture(IOUtils.java:87)
	at org.apache.ratis.server.raftlog.segmented.SegmentedRaftLogWorker$StateMachineDataPolicy.getFromFuture(SegmentedRaftLogWorker.java:87)
	at org.apache.ratis.server.raftlog.segmented.SegmentedRaftLogWorker$WriteLog.execute(SegmentedRaftLogWorker.java:477)
	at org.apache.ratis.server.raftlog.segmented.SegmentedRaftLogWorker.run(SegmentedRaftLogWorker.java:289)
	at java.lang.Thread.run(Thread.java:748)
Caused by: java.util.concurrent.TimeoutException
	at java.util.concurrent.CompletableFuture.timedGet(CompletableFuture.java:1771)
	at java.util.concurrent.CompletableFuture.get(CompletableFuture.java:1915)
	at org.apache.ratis.util.IOUtils.getFromFuture(IOUtils.java:79)
	... 4 more
2019-09-17 12:44:34,318 [5e893e0a-56f7-4618-9f46-a6ff48173cb6@group-A43DC1D745E9-SegmentedRaftLogWorker] WARN  segmented.SegmentedRaftLogWorker (SegmentedRaftLogWorker.java:getFromFuture(90)) - Timeout 7/~
org.apache.ratis.protocol.TimeoutIOException: Timeout 10s: WriteLog:35: (t:4, i:35), STATEMACHINELOGENTRY, client-0D87034729EF, cid=28-writeStateMachineData
	at org.apache.ratis.util.IOUtils.getFromFuture(IOUtils.java:87)
	at org.apache.ratis.server.raftlog.segmented.SegmentedRaftLogWorker$StateMachineDataPolicy.getFromFuture(SegmentedRaftLogWorker.java:87)
	at org.apache.ratis.server.raftlog.segmented.SegmentedRaftLogWorker$WriteLog.execute(SegmentedRaftLogWorker.java:477)
	at org.apache.ratis.server.raftlog.segmented.SegmentedRaftLogWorker.run(SegmentedRaftLogWorker.java:289)
	at java.lang.Thread.run(Thread.java:748)
Caused by: java.util.concurrent.TimeoutException
	at java.util.concurrent.CompletableFuture.timedGet(CompletableFuture.java:1771)
	at java.util.concurrent.CompletableFuture.get(CompletableFuture.java:1915)
	at org.apache.ratis.util.IOUtils.getFromFuture(IOUtils.java:79)
	... 4 more
2019-09-17 12:44:34,318 [84ab4d91-000c-4523-9c5f-2c204b5f6601@group-A43DC1D745E9-SegmentedRaftLogWorker] WARN  segmented.SegmentedRaftLogWorker (SegmentedRaftLogWorker.java:getFromFuture(90)) - Timeout 7/~
org.apache.ratis.protocol.TimeoutIOException: Timeout 10s: WriteLog:35: (t:4, i:35), STATEMACHINELOGENTRY, client-0D87034729EF, cid=28-writeStateMachineData
	at org.apache.ratis.util.IOUtils.getFromFuture(IOUtils.java:87)
	at org.apache.ratis.server.raftlog.segmented.SegmentedRaftLogWorker$StateMachineDataPolicy.getFromFuture(SegmentedRaftLogWorker.java:87)
	at org.apache.ratis.server.raftlog.segmented.SegmentedRaftLogWorker$WriteLog.execute(SegmentedRaftLogWorker.java:477)
	at org.apache.ratis.server.raftlog.segmented.SegmentedRaftLogWorker.run(SegmentedRaftLogWorker.java:289)
	at java.lang.Thread.run(Thread.java:748)
Caused by: java.util.concurrent.TimeoutException
	at java.util.concurrent.CompletableFuture.timedGet(CompletableFuture.java:1771)
	at java.util.concurrent.CompletableFuture.get(CompletableFuture.java:1915)
	at org.apache.ratis.util.IOUtils.getFromFuture(IOUtils.java:79)
	... 4 more
2019-09-17 12:44:34,691 [java.util.concurrent.ThreadPoolExecutor$Worker@303223ef[State = -1, empty queue]] WARN  server.GrpcLogAppender (GrpcLogAppender.java:timeoutAppendRequest(200)) - 5e893e0a-56f7-4618-9f46-a6ff48173cb6@group-A43DC1D745E9->f7ede272-a28a-44e0-9552-15581fc2de04-GrpcLogAppender: appendEntries Timeout, request=5e893e0a-56f7-4618-9f46-a6ff48173cb6->f7ede272-a28a-44e0-9552-15581fc2de04#68-t4, previous=(t:4, i:36), leaderCommit=32, initializing? false, entries: <empty>
2019-09-17 12:44:34,691 [java.util.concurrent.ThreadPoolExecutor$Worker@26bc7c83[State = -1, empty queue]] WARN  server.GrpcLogAppender (GrpcLogAppender.java:timeoutAppendRequest(200)) - 5e893e0a-56f7-4618-9f46-a6ff48173cb6@group-A43DC1D745E9->84ab4d91-000c-4523-9c5f-2c204b5f6601-GrpcLogAppender: appendEntries Timeout, request=5e893e0a-56f7-4618-9f46-a6ff48173cb6->84ab4d91-000c-4523-9c5f-2c204b5f6601#68-t4, previous=(t:4, i:36), leaderCommit=32, initializing? false, entries: <empty>
2019-09-17 12:44:35,062 [grpc-default-executor-2] INFO  client.GrpcClientProtocolClient (GrpcClientProtocolClient.java:onNext(264)) - client-0D87034729EF->84ab4d91-000c-4523-9c5f-2c204b5f6601: receive RaftClientReply:client-0D87034729EF->84ab4d91-000c-4523-9c5f-2c204b5f6601@group-A43DC1D745E9, cid=26, FAILED org.apache.ratis.protocol.NotLeaderException: Server 84ab4d91-000c-4523-9c5f-2c204b5f6601@group-A43DC1D745E9 is not the leader 5e893e0a-56f7-4618-9f46-a6ff48173cb6:192.168.5.153:37060, logIndex=0, commits[84ab4d91-000c-4523-9c5f-2c204b5f6601:c32, 5e893e0a-56f7-4618-9f46-a6ff48173cb6:c32, f7ede272-a28a-44e0-9552-15581fc2de04:c28]
 0.00% |█                                                                                                    |  0/1 Time: 0:01:39 0.00% |█                                                                                                    |  0/1 Time: 0:01:402019-09-17 12:44:37,192 [java.util.concurrent.ThreadPoolExecutor$Worker@303223ef[State = -1, empty queue]] WARN  server.GrpcLogAppender (GrpcLogAppender.java:timeoutAppendRequest(200)) - 5e893e0a-56f7-4618-9f46-a6ff48173cb6@group-A43DC1D745E9->f7ede272-a28a-44e0-9552-15581fc2de04-GrpcLogAppender: appendEntries Timeout, request=5e893e0a-56f7-4618-9f46-a6ff48173cb6->f7ede272-a28a-44e0-9552-15581fc2de04#69-t4, previous=(t:4, i:36), leaderCommit=32, initializing? false, entries: <empty>
2019-09-17 12:44:37,192 [java.util.concurrent.ThreadPoolExecutor$Worker@26bc7c83[State = -1, empty queue]] WARN  server.GrpcLogAppender (GrpcLogAppender.java:timeoutAppendRequest(200)) - 5e893e0a-56f7-4618-9f46-a6ff48173cb6@group-A43DC1D745E9->84ab4d91-000c-4523-9c5f-2c204b5f6601-GrpcLogAppender: appendEntries Timeout, request=5e893e0a-56f7-4618-9f46-a6ff48173cb6->84ab4d91-000c-4523-9c5f-2c204b5f6601#69-t4, previous=(t:4, i:36), leaderCommit=32, initializing? false, entries: <empty>
 0.00% |█                                                                                                    |  0/1 Time: 0:01:41 0.00% |█                                                                                                    |  0/1 Time: 0:01:42 0.00% |█                                                                                                    |  0/1 Time: 0:01:432019-09-17 12:44:39,694 [java.util.concurrent.ThreadPoolExecutor$Worker@26bc7c83[State = -1, empty queue]] WARN  server.GrpcLogAppender (GrpcLogAppender.java:timeoutAppendRequest(200)) - 5e893e0a-56f7-4618-9f46-a6ff48173cb6@group-A43DC1D745E9->84ab4d91-000c-4523-9c5f-2c204b5f6601-GrpcLogAppender: appendEntries Timeout, request=5e893e0a-56f7-4618-9f46-a6ff48173cb6->84ab4d91-000c-4523-9c5f-2c204b5f6601#70-t4, previous=(t:4, i:36), leaderCommit=32, initializing? false, entries: <empty>
2019-09-17 12:44:39,694 [java.util.concurrent.ThreadPoolExecutor$Worker@303223ef[State = -1, empty queue]] WARN  server.GrpcLogAppender (GrpcLogAppender.java:timeoutAppendRequest(200)) - 5e893e0a-56f7-4618-9f46-a6ff48173cb6@group-A43DC1D745E9->f7ede272-a28a-44e0-9552-15581fc2de04-GrpcLogAppender: appendEntries Timeout, request=5e893e0a-56f7-4618-9f46-a6ff48173cb6->f7ede272-a28a-44e0-9552-15581fc2de04#70-t4, previous=(t:4, i:36), leaderCommit=32, initializing? false, entries: <empty>
2019-09-17 12:44:40,122 [grpc-default-executor-0] INFO  client.GrpcClientProtocolClient (GrpcClientProtocolClient.java:onNext(264)) - client-0D87034729EF->84ab4d91-000c-4523-9c5f-2c204b5f6601: receive RaftClientReply:client-0D87034729EF->84ab4d91-000c-4523-9c5f-2c204b5f6601@group-A43DC1D745E9, cid=26, FAILED org.apache.ratis.protocol.NotLeaderException: Server 84ab4d91-000c-4523-9c5f-2c204b5f6601@group-A43DC1D745E9 is not the leader 5e893e0a-56f7-4618-9f46-a6ff48173cb6:192.168.5.153:37060, logIndex=0, commits[84ab4d91-000c-4523-9c5f-2c204b5f6601:c32, 5e893e0a-56f7-4618-9f46-a6ff48173cb6:c32, f7ede272-a28a-44e0-9552-15581fc2de04:c28]
 0.00% |█                                                                                                    |  0/1 Time: 0:01:44 0.00% |█                                                                                                    |  0/1 Time: 0:01:452019-09-17 12:44:42,195 [java.util.concurrent.ThreadPoolExecutor$Worker@26bc7c83[State = -1, empty queue]] WARN  server.GrpcLogAppender (GrpcLogAppender.java:timeoutAppendRequest(200)) - 5e893e0a-56f7-4618-9f46-a6ff48173cb6@group-A43DC1D745E9->84ab4d91-000c-4523-9c5f-2c204b5f6601-GrpcLogAppender: appendEntries Timeout, request=5e893e0a-56f7-4618-9f46-a6ff48173cb6->84ab4d91-000c-4523-9c5f-2c204b5f6601#71-t4, previous=(t:4, i:36), leaderCommit=32, initializing? false, entries: <empty>
2019-09-17 12:44:42,195 [java.util.concurrent.ThreadPoolExecutor$Worker@303223ef[State = -1, empty queue]] WARN  server.GrpcLogAppender (GrpcLogAppender.java:timeoutAppendRequest(200)) - 5e893e0a-56f7-4618-9f46-a6ff48173cb6@group-A43DC1D745E9->f7ede272-a28a-44e0-9552-15581fc2de04-GrpcLogAppender: appendEntries Timeout, request=5e893e0a-56f7-4618-9f46-a6ff48173cb6->f7ede272-a28a-44e0-9552-15581fc2de04#71-t4, previous=(t:4, i:36), leaderCommit=32, initializing? false, entries: <empty>
 0.00% |█                                                                                                    |  0/1 Time: 0:01:46 0.00% |█                                                                                                    |  0/1 Time: 0:01:47 0.00% |█                                                                                                    |  0/1 Time: 0:01:482019-09-17 12:44:44,310 [f7ede272-a28a-44e0-9552-15581fc2de04@group-A43DC1D745E9-SegmentedRaftLogWorker] WARN  segmented.SegmentedRaftLogWorker (SegmentedRaftLogWorker.java:getFromFuture(90)) - Timeout 8/~
org.apache.ratis.protocol.TimeoutIOException: Timeout 10s: WriteLog:35: (t:4, i:35), STATEMACHINELOGENTRY, client-0D87034729EF, cid=28-writeStateMachineData
	at org.apache.ratis.util.IOUtils.getFromFuture(IOUtils.java:87)
	at org.apache.ratis.server.raftlog.segmented.SegmentedRaftLogWorker$StateMachineDataPolicy.getFromFuture(SegmentedRaftLogWorker.java:87)
	at org.apache.ratis.server.raftlog.segmented.SegmentedRaftLogWorker$WriteLog.execute(SegmentedRaftLogWorker.java:477)
	at org.apache.ratis.server.raftlog.segmented.SegmentedRaftLogWorker.run(SegmentedRaftLogWorker.java:289)
	at java.lang.Thread.run(Thread.java:748)
Caused by: java.util.concurrent.TimeoutException
	at java.util.concurrent.CompletableFuture.timedGet(CompletableFuture.java:1771)
	at java.util.concurrent.CompletableFuture.get(CompletableFuture.java:1915)
	at org.apache.ratis.util.IOUtils.getFromFuture(IOUtils.java:79)
	... 4 more
2019-09-17 12:44:44,319 [5e893e0a-56f7-4618-9f46-a6ff48173cb6@group-A43DC1D745E9-SegmentedRaftLogWorker] WARN  segmented.SegmentedRaftLogWorker (SegmentedRaftLogWorker.java:getFromFuture(90)) - Timeout 8/~
org.apache.ratis.protocol.TimeoutIOException: Timeout 10s: WriteLog:35: (t:4, i:35), STATEMACHINELOGENTRY, client-0D87034729EF, cid=28-writeStateMachineData
	at org.apache.ratis.util.IOUtils.getFromFuture(IOUtils.java:87)
	at org.apache.ratis.server.raftlog.segmented.SegmentedRaftLogWorker$StateMachineDataPolicy.getFromFuture(SegmentedRaftLogWorker.java:87)
	at org.apache.ratis.server.raftlog.segmented.SegmentedRaftLogWorker$WriteLog.execute(SegmentedRaftLogWorker.java:477)
	at org.apache.ratis.server.raftlog.segmented.SegmentedRaftLogWorker.run(SegmentedRaftLogWorker.java:289)
	at java.lang.Thread.run(Thread.java:748)
Caused by: java.util.concurrent.TimeoutException
	at java.util.concurrent.CompletableFuture.timedGet(CompletableFuture.java:1771)
	at java.util.concurrent.CompletableFuture.get(CompletableFuture.java:1915)
	at org.apache.ratis.util.IOUtils.getFromFuture(IOUtils.java:79)
	... 4 more
2019-09-17 12:44:44,319 [84ab4d91-000c-4523-9c5f-2c204b5f6601@group-A43DC1D745E9-SegmentedRaftLogWorker] WARN  segmented.SegmentedRaftLogWorker (SegmentedRaftLogWorker.java:getFromFuture(90)) - Timeout 8/~
org.apache.ratis.protocol.TimeoutIOException: Timeout 10s: WriteLog:35: (t:4, i:35), STATEMACHINELOGENTRY, client-0D87034729EF, cid=28-writeStateMachineData
	at org.apache.ratis.util.IOUtils.getFromFuture(IOUtils.java:87)
	at org.apache.ratis.server.raftlog.segmented.SegmentedRaftLogWorker$StateMachineDataPolicy.getFromFuture(SegmentedRaftLogWorker.java:87)
	at org.apache.ratis.server.raftlog.segmented.SegmentedRaftLogWorker$WriteLog.execute(SegmentedRaftLogWorker.java:477)
	at org.apache.ratis.server.raftlog.segmented.SegmentedRaftLogWorker.run(SegmentedRaftLogWorker.java:289)
	at java.lang.Thread.run(Thread.java:748)
Caused by: java.util.concurrent.TimeoutException
	at java.util.concurrent.CompletableFuture.timedGet(CompletableFuture.java:1771)
	at java.util.concurrent.CompletableFuture.get(CompletableFuture.java:1915)
	at org.apache.ratis.util.IOUtils.getFromFuture(IOUtils.java:79)
	... 4 more
2019-09-17 12:44:44,696 [java.util.concurrent.ThreadPoolExecutor$Worker@26bc7c83[State = -1, empty queue]] WARN  server.GrpcLogAppender (GrpcLogAppender.java:timeoutAppendRequest(200)) - 5e893e0a-56f7-4618-9f46-a6ff48173cb6@group-A43DC1D745E9->84ab4d91-000c-4523-9c5f-2c204b5f6601-GrpcLogAppender: appendEntries Timeout, request=5e893e0a-56f7-4618-9f46-a6ff48173cb6->84ab4d91-000c-4523-9c5f-2c204b5f6601#72-t4, previous=(t:4, i:36), leaderCommit=32, initializing? false, entries: <empty>
2019-09-17 12:44:44,696 [java.util.concurrent.ThreadPoolExecutor$Worker@303223ef[State = -1, empty queue]] WARN  server.GrpcLogAppender (GrpcLogAppender.java:timeoutAppendRequest(200)) - 5e893e0a-56f7-4618-9f46-a6ff48173cb6@group-A43DC1D745E9->f7ede272-a28a-44e0-9552-15581fc2de04-GrpcLogAppender: appendEntries Timeout, request=5e893e0a-56f7-4618-9f46-a6ff48173cb6->f7ede272-a28a-44e0-9552-15581fc2de04#72-t4, previous=(t:4, i:36), leaderCommit=32, initializing? false, entries: <empty>
2019-09-17 12:44:45,180 [grpc-default-executor-0] INFO  client.GrpcClientProtocolClient (GrpcClientProtocolClient.java:onNext(264)) - client-0D87034729EF->84ab4d91-000c-4523-9c5f-2c204b5f6601: receive RaftClientReply:client-0D87034729EF->84ab4d91-000c-4523-9c5f-2c204b5f6601@group-A43DC1D745E9, cid=26, FAILED org.apache.ratis.protocol.NotLeaderException: Server 84ab4d91-000c-4523-9c5f-2c204b5f6601@group-A43DC1D745E9 is not the leader 5e893e0a-56f7-4618-9f46-a6ff48173cb6:192.168.5.153:37060, logIndex=0, commits[84ab4d91-000c-4523-9c5f-2c204b5f6601:c32, 5e893e0a-56f7-4618-9f46-a6ff48173cb6:c32, f7ede272-a28a-44e0-9552-15581fc2de04:c28]
 0.00% |█                                                                                                    |  0/1 Time: 0:01:49 0.00% |█                                                                                                    |  0/1 Time: 0:01:502019-09-17 12:44:47,197 [java.util.concurrent.ThreadPoolExecutor$Worker@303223ef[State = -1, empty queue]] WARN  server.GrpcLogAppender (GrpcLogAppender.java:timeoutAppendRequest(200)) - 5e893e0a-56f7-4618-9f46-a6ff48173cb6@group-A43DC1D745E9->f7ede272-a28a-44e0-9552-15581fc2de04-GrpcLogAppender: appendEntries Timeout, request=5e893e0a-56f7-4618-9f46-a6ff48173cb6->f7ede272-a28a-44e0-9552-15581fc2de04#73-t4, previous=(t:4, i:36), leaderCommit=32, initializing? false, entries: <empty>
2019-09-17 12:44:47,197 [java.util.concurrent.ThreadPoolExecutor$Worker@26bc7c83[State = -1, empty queue]] WARN  server.GrpcLogAppender (GrpcLogAppender.java:timeoutAppendRequest(200)) - 5e893e0a-56f7-4618-9f46-a6ff48173cb6@group-A43DC1D745E9->84ab4d91-000c-4523-9c5f-2c204b5f6601-GrpcLogAppender: appendEntries Timeout, request=5e893e0a-56f7-4618-9f46-a6ff48173cb6->84ab4d91-000c-4523-9c5f-2c204b5f6601#73-t4, previous=(t:4, i:36), leaderCommit=32, initializing? false, entries: <empty>
 0.00% |█                                                                                                    |  0/1 Time: 0:01:51 0.00% |█                                                                                                    |  0/1 Time: 0:01:52 0.00% |█                                                                                                    |  0/1 Time: 0:01:532019-09-17 12:44:49,698 [java.util.concurrent.ThreadPoolExecutor$Worker@303223ef[State = -1, empty queue]] WARN  server.GrpcLogAppender (GrpcLogAppender.java:timeoutAppendRequest(200)) - 5e893e0a-56f7-4618-9f46-a6ff48173cb6@group-A43DC1D745E9->f7ede272-a28a-44e0-9552-15581fc2de04-GrpcLogAppender: appendEntries Timeout, request=5e893e0a-56f7-4618-9f46-a6ff48173cb6->f7ede272-a28a-44e0-9552-15581fc2de04#74-t4, previous=(t:4, i:36), leaderCommit=32, initializing? false, entries: <empty>
2019-09-17 12:44:49,698 [java.util.concurrent.ThreadPoolExecutor$Worker@26bc7c83[State = -1, empty queue]] WARN  server.GrpcLogAppender (GrpcLogAppender.java:timeoutAppendRequest(200)) - 5e893e0a-56f7-4618-9f46-a6ff48173cb6@group-A43DC1D745E9->84ab4d91-000c-4523-9c5f-2c204b5f6601-GrpcLogAppender: appendEntries Timeout, request=5e893e0a-56f7-4618-9f46-a6ff48173cb6->84ab4d91-000c-4523-9c5f-2c204b5f6601#74-t4, previous=(t:4, i:36), leaderCommit=32, initializing? false, entries: <empty>
2019-09-17 12:44:50,225 [grpc-default-executor-3] INFO  client.GrpcClientProtocolClient (GrpcClientProtocolClient.java:onNext(264)) - client-0D87034729EF->84ab4d91-000c-4523-9c5f-2c204b5f6601: receive RaftClientReply:client-0D87034729EF->84ab4d91-000c-4523-9c5f-2c204b5f6601@group-A43DC1D745E9, cid=26, FAILED org.apache.ratis.protocol.NotLeaderException: Server 84ab4d91-000c-4523-9c5f-2c204b5f6601@group-A43DC1D745E9 is not the leader 5e893e0a-56f7-4618-9f46-a6ff48173cb6:192.168.5.153:37060, logIndex=0, commits[84ab4d91-000c-4523-9c5f-2c204b5f6601:c32, 5e893e0a-56f7-4618-9f46-a6ff48173cb6:c32, f7ede272-a28a-44e0-9552-15581fc2de04:c28]
 0.00% |█                                                                                                    |  0/1 Time: 0:01:54 0.00% |█                                                                                                    |  0/1 Time: 0:01:552019-09-17 12:44:52,199 [java.util.concurrent.ThreadPoolExecutor$Worker@26bc7c83[State = -1, empty queue]] WARN  server.GrpcLogAppender (GrpcLogAppender.java:timeoutAppendRequest(200)) - 5e893e0a-56f7-4618-9f46-a6ff48173cb6@group-A43DC1D745E9->84ab4d91-000c-4523-9c5f-2c204b5f6601-GrpcLogAppender: appendEntries Timeout, request=5e893e0a-56f7-4618-9f46-a6ff48173cb6->84ab4d91-000c-4523-9c5f-2c204b5f6601#75-t4, previous=(t:4, i:36), leaderCommit=32, initializing? false, entries: <empty>
2019-09-17 12:44:52,199 [java.util.concurrent.ThreadPoolExecutor$Worker@303223ef[State = -1, empty queue]] WARN  server.GrpcLogAppender (GrpcLogAppender.java:timeoutAppendRequest(200)) - 5e893e0a-56f7-4618-9f46-a6ff48173cb6@group-A43DC1D745E9->f7ede272-a28a-44e0-9552-15581fc2de04-GrpcLogAppender: appendEntries Timeout, request=5e893e0a-56f7-4618-9f46-a6ff48173cb6->f7ede272-a28a-44e0-9552-15581fc2de04#75-t4, previous=(t:4, i:36), leaderCommit=32, initializing? false, entries: <empty>
 0.00% |█                                                                                                    |  0/1 Time: 0:01:56 0.00% |█                                                                                                    |  0/1 Time: 0:01:57 0.00% |█                                                                                                    |  0/1 Time: 0:01:582019-09-17 12:44:54,311 [f7ede272-a28a-44e0-9552-15581fc2de04@group-A43DC1D745E9-SegmentedRaftLogWorker] WARN  segmented.SegmentedRaftLogWorker (SegmentedRaftLogWorker.java:getFromFuture(90)) - Timeout 9/~
org.apache.ratis.protocol.TimeoutIOException: Timeout 10s: WriteLog:35: (t:4, i:35), STATEMACHINELOGENTRY, client-0D87034729EF, cid=28-writeStateMachineData
	at org.apache.ratis.util.IOUtils.getFromFuture(IOUtils.java:87)
	at org.apache.ratis.server.raftlog.segmented.SegmentedRaftLogWorker$StateMachineDataPolicy.getFromFuture(SegmentedRaftLogWorker.java:87)
	at org.apache.ratis.server.raftlog.segmented.SegmentedRaftLogWorker$WriteLog.execute(SegmentedRaftLogWorker.java:477)
	at org.apache.ratis.server.raftlog.segmented.SegmentedRaftLogWorker.run(SegmentedRaftLogWorker.java:289)
	at java.lang.Thread.run(Thread.java:748)
Caused by: java.util.concurrent.TimeoutException
	at java.util.concurrent.CompletableFuture.timedGet(CompletableFuture.java:1771)
	at java.util.concurrent.CompletableFuture.get(CompletableFuture.java:1915)
	at org.apache.ratis.util.IOUtils.getFromFuture(IOUtils.java:79)
	... 4 more
2019-09-17 12:44:54,320 [5e893e0a-56f7-4618-9f46-a6ff48173cb6@group-A43DC1D745E9-SegmentedRaftLogWorker] WARN  segmented.SegmentedRaftLogWorker (SegmentedRaftLogWorker.java:getFromFuture(90)) - Timeout 9/~
org.apache.ratis.protocol.TimeoutIOException: Timeout 10s: WriteLog:35: (t:4, i:35), STATEMACHINELOGENTRY, client-0D87034729EF, cid=28-writeStateMachineData
	at org.apache.ratis.util.IOUtils.getFromFuture(IOUtils.java:87)
	at org.apache.ratis.server.raftlog.segmented.SegmentedRaftLogWorker$StateMachineDataPolicy.getFromFuture(SegmentedRaftLogWorker.java:87)
	at org.apache.ratis.server.raftlog.segmented.SegmentedRaftLogWorker$WriteLog.execute(SegmentedRaftLogWorker.java:477)
	at org.apache.ratis.server.raftlog.segmented.SegmentedRaftLogWorker.run(SegmentedRaftLogWorker.java:289)
	at java.lang.Thread.run(Thread.java:748)
Caused by: java.util.concurrent.TimeoutException
	at java.util.concurrent.CompletableFuture.timedGet(CompletableFuture.java:1771)
	at java.util.concurrent.CompletableFuture.get(CompletableFuture.java:1915)
	at org.apache.ratis.util.IOUtils.getFromFuture(IOUtils.java:79)
	... 4 more
2019-09-17 12:44:54,320 [84ab4d91-000c-4523-9c5f-2c204b5f6601@group-A43DC1D745E9-SegmentedRaftLogWorker] WARN  segmented.SegmentedRaftLogWorker (SegmentedRaftLogWorker.java:getFromFuture(90)) - Timeout 9/~
org.apache.ratis.protocol.TimeoutIOException: Timeout 10s: WriteLog:35: (t:4, i:35), STATEMACHINELOGENTRY, client-0D87034729EF, cid=28-writeStateMachineData
	at org.apache.ratis.util.IOUtils.getFromFuture(IOUtils.java:87)
	at org.apache.ratis.server.raftlog.segmented.SegmentedRaftLogWorker$StateMachineDataPolicy.getFromFuture(SegmentedRaftLogWorker.java:87)
	at org.apache.ratis.server.raftlog.segmented.SegmentedRaftLogWorker$WriteLog.execute(SegmentedRaftLogWorker.java:477)
	at org.apache.ratis.server.raftlog.segmented.SegmentedRaftLogWorker.run(SegmentedRaftLogWorker.java:289)
	at java.lang.Thread.run(Thread.java:748)
Caused by: java.util.concurrent.TimeoutException
	at java.util.concurrent.CompletableFuture.timedGet(CompletableFuture.java:1771)
	at java.util.concurrent.CompletableFuture.get(CompletableFuture.java:1915)
	at org.apache.ratis.util.IOUtils.getFromFuture(IOUtils.java:79)
	... 4 more
2019-09-17 12:44:54,699 [java.util.concurrent.ThreadPoolExecutor$Worker@26bc7c83[State = -1, empty queue]] WARN  server.GrpcLogAppender (GrpcLogAppender.java:timeoutAppendRequest(200)) - 5e893e0a-56f7-4618-9f46-a6ff48173cb6@group-A43DC1D745E9->84ab4d91-000c-4523-9c5f-2c204b5f6601-GrpcLogAppender: appendEntries Timeout, request=5e893e0a-56f7-4618-9f46-a6ff48173cb6->84ab4d91-000c-4523-9c5f-2c204b5f6601#76-t4, previous=(t:4, i:36), leaderCommit=32, initializing? false, entries: <empty>
2019-09-17 12:44:54,699 [java.util.concurrent.ThreadPoolExecutor$Worker@303223ef[State = -1, empty queue]] WARN  server.GrpcLogAppender (GrpcLogAppender.java:timeoutAppendRequest(200)) - 5e893e0a-56f7-4618-9f46-a6ff48173cb6@group-A43DC1D745E9->f7ede272-a28a-44e0-9552-15581fc2de04-GrpcLogAppender: appendEntries Timeout, request=5e893e0a-56f7-4618-9f46-a6ff48173cb6->f7ede272-a28a-44e0-9552-15581fc2de04#76-t4, previous=(t:4, i:36), leaderCommit=32, initializing? false, entries: <empty>
 0.00% |█                                                                                                    |  0/1 Time: 0:01:592019-09-17 12:44:55,288 [grpc-default-executor-0] INFO  client.GrpcClientProtocolClient (GrpcClientProtocolClient.java:onNext(264)) - client-0D87034729EF->84ab4d91-000c-4523-9c5f-2c204b5f6601: receive RaftClientReply:client-0D87034729EF->84ab4d91-000c-4523-9c5f-2c204b5f6601@group-A43DC1D745E9, cid=26, FAILED org.apache.ratis.protocol.NotLeaderException: Server 84ab4d91-000c-4523-9c5f-2c204b5f6601@group-A43DC1D745E9 is not the leader 5e893e0a-56f7-4618-9f46-a6ff48173cb6:192.168.5.153:37060, logIndex=0, commits[84ab4d91-000c-4523-9c5f-2c204b5f6601:c32, 5e893e0a-56f7-4618-9f46-a6ff48173cb6:c32, f7ede272-a28a-44e0-9552-15581fc2de04:c28]
 0.00% |█                                                                                                    |  0/1 Time: 0:02:002019-09-17 12:44:57,202 [java.util.concurrent.ThreadPoolExecutor$Worker@26bc7c83[State = -1, empty queue]] WARN  server.GrpcLogAppender (GrpcLogAppender.java:timeoutAppendRequest(200)) - 5e893e0a-56f7-4618-9f46-a6ff48173cb6@group-A43DC1D745E9->84ab4d91-000c-4523-9c5f-2c204b5f6601-GrpcLogAppender: appendEntries Timeout, request=5e893e0a-56f7-4618-9f46-a6ff48173cb6->84ab4d91-000c-4523-9c5f-2c204b5f6601#77-t4, previous=(t:4, i:36), leaderCommit=32, initializing? false, entries: <empty>
2019-09-17 12:44:57,202 [java.util.concurrent.ThreadPoolExecutor$Worker@303223ef[State = -1, empty queue]] WARN  server.GrpcLogAppender (GrpcLogAppender.java:timeoutAppendRequest(200)) - 5e893e0a-56f7-4618-9f46-a6ff48173cb6@group-A43DC1D745E9->f7ede272-a28a-44e0-9552-15581fc2de04-GrpcLogAppender: appendEntries Timeout, request=5e893e0a-56f7-4618-9f46-a6ff48173cb6->f7ede272-a28a-44e0-9552-15581fc2de04#77-t4, previous=(t:4, i:36), leaderCommit=32, initializing? false, entries: <empty>
 0.00% |█                                                                                                    |  0/1 Time: 0:02:01 0.00% |█                                                                                                    |  0/1 Time: 0:02:02 0.00% |█                                                                                                    |  0/1 Time: 0:02:032019-09-17 12:44:59,703 [java.util.concurrent.ThreadPoolExecutor$Worker@303223ef[State = -1, empty queue]] WARN  server.GrpcLogAppender (GrpcLogAppender.java:timeoutAppendRequest(200)) - 5e893e0a-56f7-4618-9f46-a6ff48173cb6@group-A43DC1D745E9->f7ede272-a28a-44e0-9552-15581fc2de04-GrpcLogAppender: appendEntries Timeout, request=5e893e0a-56f7-4618-9f46-a6ff48173cb6->f7ede272-a28a-44e0-9552-15581fc2de04#78-t4, previous=(t:4, i:36), leaderCommit=32, initializing? false, entries: <empty>
2019-09-17 12:44:59,703 [java.util.concurrent.ThreadPoolExecutor$Worker@26bc7c83[State = -1, empty queue]] WARN  server.GrpcLogAppender (GrpcLogAppender.java:timeoutAppendRequest(200)) - 5e893e0a-56f7-4618-9f46-a6ff48173cb6@group-A43DC1D745E9->84ab4d91-000c-4523-9c5f-2c204b5f6601-GrpcLogAppender: appendEntries Timeout, request=5e893e0a-56f7-4618-9f46-a6ff48173cb6->84ab4d91-000c-4523-9c5f-2c204b5f6601#78-t4, previous=(t:4, i:36), leaderCommit=32, initializing? false, entries: <empty>
 0.00% |█                                                                                                    |  0/1 Time: 0:02:042019-09-17 12:45:00,465 [grpc-default-executor-0] INFO  client.GrpcClientProtocolClient (GrpcClientProtocolClient.java:onNext(264)) - client-0D87034729EF->f7ede272-a28a-44e0-9552-15581fc2de04: receive RaftClientReply:client-0D87034729EF->f7ede272-a28a-44e0-9552-15581fc2de04@group-A43DC1D745E9, cid=26, FAILED org.apache.ratis.protocol.NotLeaderException: Server f7ede272-a28a-44e0-9552-15581fc2de04@group-A43DC1D745E9 is not the leader 5e893e0a-56f7-4618-9f46-a6ff48173cb6:192.168.5.153:37060, logIndex=0, commits[f7ede272-a28a-44e0-9552-15581fc2de04:c32, 5e893e0a-56f7-4618-9f46-a6ff48173cb6:c32, 84ab4d91-000c-4523-9c5f-2c204b5f6601:c28]
 0.00% |█                                                                                                    |  0/1 Time: 0:02:052019-09-17 12:45:02,204 [java.util.concurrent.ThreadPoolExecutor$Worker@303223ef[State = -1, empty queue]] WARN  server.GrpcLogAppender (GrpcLogAppender.java:timeoutAppendRequest(200)) - 5e893e0a-56f7-4618-9f46-a6ff48173cb6@group-A43DC1D745E9->f7ede272-a28a-44e0-9552-15581fc2de04-GrpcLogAppender: appendEntries Timeout, request=5e893e0a-56f7-4618-9f46-a6ff48173cb6->f7ede272-a28a-44e0-9552-15581fc2de04#79-t4, previous=(t:4, i:36), leaderCommit=32, initializing? false, entries: <empty>
2019-09-17 12:45:02,204 [java.util.concurrent.ThreadPoolExecutor$Worker@26bc7c83[State = -1, empty queue]] WARN  server.GrpcLogAppender (GrpcLogAppender.java:timeoutAppendRequest(200)) - 5e893e0a-56f7-4618-9f46-a6ff48173cb6@group-A43DC1D745E9->84ab4d91-000c-4523-9c5f-2c204b5f6601-GrpcLogAppender: appendEntries Timeout, request=5e893e0a-56f7-4618-9f46-a6ff48173cb6->84ab4d91-000c-4523-9c5f-2c204b5f6601#79-t4, previous=(t:4, i:36), leaderCommit=32, initializing? false, entries: <empty>
 0.00% |█                                                                                                    |  0/1 Time: 0:02:06 0.00% |█                                                                                                    |  0/1 Time: 0:02:07 0.00% |█                                                                                                    |  0/1 Time: 0:02:082019-09-17 12:45:04,313 [f7ede272-a28a-44e0-9552-15581fc2de04@group-A43DC1D745E9-SegmentedRaftLogWorker] WARN  segmented.SegmentedRaftLogWorker (SegmentedRaftLogWorker.java:getFromFuture(90)) - Timeout 10/~
org.apache.ratis.protocol.TimeoutIOException: Timeout 10s: WriteLog:35: (t:4, i:35), STATEMACHINELOGENTRY, client-0D87034729EF, cid=28-writeStateMachineData
	at org.apache.ratis.util.IOUtils.getFromFuture(IOUtils.java:87)
	at org.apache.ratis.server.raftlog.segmented.SegmentedRaftLogWorker$StateMachineDataPolicy.getFromFuture(SegmentedRaftLogWorker.java:87)
	at org.apache.ratis.server.raftlog.segmented.SegmentedRaftLogWorker$WriteLog.execute(SegmentedRaftLogWorker.java:477)
	at org.apache.ratis.server.raftlog.segmented.SegmentedRaftLogWorker.run(SegmentedRaftLogWorker.java:289)
	at java.lang.Thread.run(Thread.java:748)
Caused by: java.util.concurrent.TimeoutException
	at java.util.concurrent.CompletableFuture.timedGet(CompletableFuture.java:1771)
	at java.util.concurrent.CompletableFuture.get(CompletableFuture.java:1915)
	at org.apache.ratis.util.IOUtils.getFromFuture(IOUtils.java:79)
	... 4 more
2019-09-17 12:45:04,321 [5e893e0a-56f7-4618-9f46-a6ff48173cb6@group-A43DC1D745E9-SegmentedRaftLogWorker] WARN  segmented.SegmentedRaftLogWorker (SegmentedRaftLogWorker.java:getFromFuture(90)) - Timeout 10/~
org.apache.ratis.protocol.TimeoutIOException: Timeout 10s: WriteLog:35: (t:4, i:35), STATEMACHINELOGENTRY, client-0D87034729EF, cid=28-writeStateMachineData
	at org.apache.ratis.util.IOUtils.getFromFuture(IOUtils.java:87)
	at org.apache.ratis.server.raftlog.segmented.SegmentedRaftLogWorker$StateMachineDataPolicy.getFromFuture(SegmentedRaftLogWorker.java:87)
	at org.apache.ratis.server.raftlog.segmented.SegmentedRaftLogWorker$WriteLog.execute(SegmentedRaftLogWorker.java:477)
	at org.apache.ratis.server.raftlog.segmented.SegmentedRaftLogWorker.run(SegmentedRaftLogWorker.java:289)
	at java.lang.Thread.run(Thread.java:748)
Caused by: java.util.concurrent.TimeoutException
	at java.util.concurrent.CompletableFuture.timedGet(CompletableFuture.java:1771)
	at java.util.concurrent.CompletableFuture.get(CompletableFuture.java:1915)
	at org.apache.ratis.util.IOUtils.getFromFuture(IOUtils.java:79)
	... 4 more
2019-09-17 12:45:04,321 [84ab4d91-000c-4523-9c5f-2c204b5f6601@group-A43DC1D745E9-SegmentedRaftLogWorker] WARN  segmented.SegmentedRaftLogWorker (SegmentedRaftLogWorker.java:getFromFuture(90)) - Timeout 10/~
org.apache.ratis.protocol.TimeoutIOException: Timeout 10s: WriteLog:35: (t:4, i:35), STATEMACHINELOGENTRY, client-0D87034729EF, cid=28-writeStateMachineData
	at org.apache.ratis.util.IOUtils.getFromFuture(IOUtils.java:87)
	at org.apache.ratis.server.raftlog.segmented.SegmentedRaftLogWorker$StateMachineDataPolicy.getFromFuture(SegmentedRaftLogWorker.java:87)
	at org.apache.ratis.server.raftlog.segmented.SegmentedRaftLogWorker$WriteLog.execute(SegmentedRaftLogWorker.java:477)
	at org.apache.ratis.server.raftlog.segmented.SegmentedRaftLogWorker.run(SegmentedRaftLogWorker.java:289)
	at java.lang.Thread.run(Thread.java:748)
Caused by: java.util.concurrent.TimeoutException
	at java.util.concurrent.CompletableFuture.timedGet(CompletableFuture.java:1771)
	at java.util.concurrent.CompletableFuture.get(CompletableFuture.java:1915)
	at org.apache.ratis.util.IOUtils.getFromFuture(IOUtils.java:79)
	... 4 more
2019-09-17 12:45:04,705 [java.util.concurrent.ThreadPoolExecutor$Worker@26bc7c83[State = -1, empty queue]] WARN  server.GrpcLogAppender (GrpcLogAppender.java:timeoutAppendRequest(200)) - 5e893e0a-56f7-4618-9f46-a6ff48173cb6@group-A43DC1D745E9->84ab4d91-000c-4523-9c5f-2c204b5f6601-GrpcLogAppender: appendEntries Timeout, request=5e893e0a-56f7-4618-9f46-a6ff48173cb6->84ab4d91-000c-4523-9c5f-2c204b5f6601#80-t4, previous=(t:4, i:36), leaderCommit=32, initializing? false, entries: <empty>
2019-09-17 12:45:04,705 [java.util.concurrent.ThreadPoolExecutor$Worker@303223ef[State = -1, empty queue]] WARN  server.GrpcLogAppender (GrpcLogAppender.java:timeoutAppendRequest(200)) - 5e893e0a-56f7-4618-9f46-a6ff48173cb6@group-A43DC1D745E9->f7ede272-a28a-44e0-9552-15581fc2de04-GrpcLogAppender: appendEntries Timeout, request=5e893e0a-56f7-4618-9f46-a6ff48173cb6->f7ede272-a28a-44e0-9552-15581fc2de04#80-t4, previous=(t:4, i:36), leaderCommit=32, initializing? false, entries: <empty>
 0.00% |█                                                                                                    |  0/1 Time: 0:02:092019-09-17 12:45:05,504 [grpc-default-executor-2] INFO  client.GrpcClientProtocolClient (GrpcClientProtocolClient.java:onNext(264)) - client-0D87034729EF->84ab4d91-000c-4523-9c5f-2c204b5f6601: receive RaftClientReply:client-0D87034729EF->84ab4d91-000c-4523-9c5f-2c204b5f6601@group-A43DC1D745E9, cid=26, FAILED org.apache.ratis.protocol.NotLeaderException: Server 84ab4d91-000c-4523-9c5f-2c204b5f6601@group-A43DC1D745E9 is not the leader 5e893e0a-56f7-4618-9f46-a6ff48173cb6:192.168.5.153:37060, logIndex=0, commits[84ab4d91-000c-4523-9c5f-2c204b5f6601:c32, 5e893e0a-56f7-4618-9f46-a6ff48173cb6:c32, f7ede272-a28a-44e0-9552-15581fc2de04:c28]
 0.00% |█                                                                                                    |  0/1 Time: 0:02:102019-09-17 12:45:07,205 [java.util.concurrent.ThreadPoolExecutor$Worker@303223ef[State = -1, empty queue]] WARN  server.GrpcLogAppender (GrpcLogAppender.java:timeoutAppendRequest(200)) - 5e893e0a-56f7-4618-9f46-a6ff48173cb6@group-A43DC1D745E9->f7ede272-a28a-44e0-9552-15581fc2de04-GrpcLogAppender: appendEntries Timeout, request=5e893e0a-56f7-4618-9f46-a6ff48173cb6->f7ede272-a28a-44e0-9552-15581fc2de04#81-t4, previous=(t:4, i:36), leaderCommit=32, initializing? false, entries: <empty>
2019-09-17 12:45:07,205 [java.util.concurrent.ThreadPoolExecutor$Worker@26bc7c83[State = -1, empty queue]] WARN  server.GrpcLogAppender (GrpcLogAppender.java:timeoutAppendRequest(200)) - 5e893e0a-56f7-4618-9f46-a6ff48173cb6@group-A43DC1D745E9->84ab4d91-000c-4523-9c5f-2c204b5f6601-GrpcLogAppender: appendEntries Timeout, request=5e893e0a-56f7-4618-9f46-a6ff48173cb6->84ab4d91-000c-4523-9c5f-2c204b5f6601#81-t4, previous=(t:4, i:36), leaderCommit=32, initializing? false, entries: <empty>
 0.00% |█                                                                                                    |  0/1 Time: 0:02:11 0.00% |█                                                                                                    |  0/1 Time: 0:02:12 0.00% |█                                                                                                    |  0/1 Time: 0:02:132019-09-17 12:45:09,706 [java.util.concurrent.ThreadPoolExecutor$Worker@26bc7c83[State = -1, empty queue]] WARN  server.GrpcLogAppender (GrpcLogAppender.java:timeoutAppendRequest(200)) - 5e893e0a-56f7-4618-9f46-a6ff48173cb6@group-A43DC1D745E9->84ab4d91-000c-4523-9c5f-2c204b5f6601-GrpcLogAppender: appendEntries Timeout, request=5e893e0a-56f7-4618-9f46-a6ff48173cb6->84ab4d91-000c-4523-9c5f-2c204b5f6601#82-t4, previous=(t:4, i:36), leaderCommit=32, initializing? false, entries: <empty>
2019-09-17 12:45:09,706 [java.util.concurrent.ThreadPoolExecutor$Worker@303223ef[State = -1, empty queue]] WARN  server.GrpcLogAppender (GrpcLogAppender.java:timeoutAppendRequest(200)) - 5e893e0a-56f7-4618-9f46-a6ff48173cb6@group-A43DC1D745E9->f7ede272-a28a-44e0-9552-15581fc2de04-GrpcLogAppender: appendEntries Timeout, request=5e893e0a-56f7-4618-9f46-a6ff48173cb6->f7ede272-a28a-44e0-9552-15581fc2de04#82-t4, previous=(t:4, i:36), leaderCommit=32, initializing? false, entries: <empty>
 0.00% |█                                                                                                    |  0/1 Time: 0:02:142019-09-17 12:45:10,543 [grpc-default-executor-3] INFO  client.GrpcClientProtocolClient (GrpcClientProtocolClient.java:onNext(264)) - client-0D87034729EF->f7ede272-a28a-44e0-9552-15581fc2de04: receive RaftClientReply:client-0D87034729EF->f7ede272-a28a-44e0-9552-15581fc2de04@group-A43DC1D745E9, cid=26, FAILED org.apache.ratis.protocol.NotLeaderException: Server f7ede272-a28a-44e0-9552-15581fc2de04@group-A43DC1D745E9 is not the leader 5e893e0a-56f7-4618-9f46-a6ff48173cb6:192.168.5.153:37060, logIndex=0, commits[f7ede272-a28a-44e0-9552-15581fc2de04:c32, 5e893e0a-56f7-4618-9f46-a6ff48173cb6:c32, 84ab4d91-000c-4523-9c5f-2c204b5f6601:c28]
 0.00% |█                                                                                                    |  0/1 Time: 0:02:152019-09-17 12:45:12,207 [java.util.concurrent.ThreadPoolExecutor$Worker@303223ef[State = -1, empty queue]] WARN  server.GrpcLogAppender (GrpcLogAppender.java:timeoutAppendRequest(200)) - 5e893e0a-56f7-4618-9f46-a6ff48173cb6@group-A43DC1D745E9->f7ede272-a28a-44e0-9552-15581fc2de04-GrpcLogAppender: appendEntries Timeout, request=5e893e0a-56f7-4618-9f46-a6ff48173cb6->f7ede272-a28a-44e0-9552-15581fc2de04#83-t4, previous=(t:4, i:36), leaderCommit=32, initializing? false, entries: <empty>
2019-09-17 12:45:12,207 [java.util.concurrent.ThreadPoolExecutor$Worker@26bc7c83[State = -1, empty queue]] WARN  server.GrpcLogAppender (GrpcLogAppender.java:timeoutAppendRequest(200)) - 5e893e0a-56f7-4618-9f46-a6ff48173cb6@group-A43DC1D745E9->84ab4d91-000c-4523-9c5f-2c204b5f6601-GrpcLogAppender: appendEntries Timeout, request=5e893e0a-56f7-4618-9f46-a6ff48173cb6->84ab4d91-000c-4523-9c5f-2c204b5f6601#83-t4, previous=(t:4, i:36), leaderCommit=32, initializing? false, entries: <empty>
 0.00% |█                                                                                                    |  0/1 Time: 0:02:16 0.00% |█                                                                                                    |  0/1 Time: 0:02:172019-09-17 12:45:14,244 [org.apache.ratis.server.impl.LogAppender$AppenderDaemon$$Lambda$509/159327213@1c304b8] ERROR ratis.XceiverServerRatis (XceiverServerRatis.java:triggerPipelineClose(575)) - pipeline Action CLOSE  on pipeline PipelineID=de0cac9c-8394-42f1-b79d-a43dc1d745e9.Reason : 5e893e0a-56f7-4618-9f46-a6ff48173cb6 has not seen follower/s 84ab4d91-000c-4523-9c5f-2c204b5f6601 for 120108ms f7ede272-a28a-44e0-9552-15581fc2de04 for 120112ms
 0.00% |█                                                                                                    |  0/1 Time: 0:02:182019-09-17 12:45:14,244 [org.apache.ratis.server.impl.LogAppender$AppenderDaemon$$Lambda$509/159327213@619f6f52] ERROR ratis.XceiverServerRatis (XceiverServerRatis.java:triggerPipelineClose(575)) - pipeline Action CLOSE  on pipeline PipelineID=de0cac9c-8394-42f1-b79d-a43dc1d745e9.Reason : 5e893e0a-56f7-4618-9f46-a6ff48173cb6 has not seen follower/s 84ab4d91-000c-4523-9c5f-2c204b5f6601 for 120108ms f7ede272-a28a-44e0-9552-15581fc2de04 for 120112ms
2019-09-17 12:45:14,314 [f7ede272-a28a-44e0-9552-15581fc2de04@group-A43DC1D745E9-SegmentedRaftLogWorker] WARN  segmented.SegmentedRaftLogWorker (SegmentedRaftLogWorker.java:getFromFuture(90)) - Timeout 11/~
org.apache.ratis.protocol.TimeoutIOException: Timeout 10s: WriteLog:35: (t:4, i:35), STATEMACHINELOGENTRY, client-0D87034729EF, cid=28-writeStateMachineData
	at org.apache.ratis.util.IOUtils.getFromFuture(IOUtils.java:87)
	at org.apache.ratis.server.raftlog.segmented.SegmentedRaftLogWorker$StateMachineDataPolicy.getFromFuture(SegmentedRaftLogWorker.java:87)
	at org.apache.ratis.server.raftlog.segmented.SegmentedRaftLogWorker$WriteLog.execute(SegmentedRaftLogWorker.java:477)
	at org.apache.ratis.server.raftlog.segmented.SegmentedRaftLogWorker.run(SegmentedRaftLogWorker.java:289)
	at java.lang.Thread.run(Thread.java:748)
Caused by: java.util.concurrent.TimeoutException
	at java.util.concurrent.CompletableFuture.timedGet(CompletableFuture.java:1771)
	at java.util.concurrent.CompletableFuture.get(CompletableFuture.java:1915)
	at org.apache.ratis.util.IOUtils.getFromFuture(IOUtils.java:79)
	... 4 more
2019-09-17 12:45:14,321 [5e893e0a-56f7-4618-9f46-a6ff48173cb6@group-A43DC1D745E9-SegmentedRaftLogWorker] WARN  segmented.SegmentedRaftLogWorker (SegmentedRaftLogWorker.java:getFromFuture(90)) - Timeout 11/~
org.apache.ratis.protocol.TimeoutIOException: Timeout 10s: WriteLog:35: (t:4, i:35), STATEMACHINELOGENTRY, client-0D87034729EF, cid=28-writeStateMachineData
	at org.apache.ratis.util.IOUtils.getFromFuture(IOUtils.java:87)
	at org.apache.ratis.server.raftlog.segmented.SegmentedRaftLogWorker$StateMachineDataPolicy.getFromFuture(SegmentedRaftLogWorker.java:87)
	at org.apache.ratis.server.raftlog.segmented.SegmentedRaftLogWorker$WriteLog.execute(SegmentedRaftLogWorker.java:477)
	at org.apache.ratis.server.raftlog.segmented.SegmentedRaftLogWorker.run(SegmentedRaftLogWorker.java:289)
	at java.lang.Thread.run(Thread.java:748)
Caused by: java.util.concurrent.TimeoutException
	at java.util.concurrent.CompletableFuture.timedGet(CompletableFuture.java:1771)
	at java.util.concurrent.CompletableFuture.get(CompletableFuture.java:1915)
	at org.apache.ratis.util.IOUtils.getFromFuture(IOUtils.java:79)
	... 4 more
2019-09-17 12:45:14,322 [84ab4d91-000c-4523-9c5f-2c204b5f6601@group-A43DC1D745E9-SegmentedRaftLogWorker] WARN  segmented.SegmentedRaftLogWorker (SegmentedRaftLogWorker.java:getFromFuture(90)) - Timeout 11/~
org.apache.ratis.protocol.TimeoutIOException: Timeout 10s: WriteLog:35: (t:4, i:35), STATEMACHINELOGENTRY, client-0D87034729EF, cid=28-writeStateMachineData
	at org.apache.ratis.util.IOUtils.getFromFuture(IOUtils.java:87)
	at org.apache.ratis.server.raftlog.segmented.SegmentedRaftLogWorker$StateMachineDataPolicy.getFromFuture(SegmentedRaftLogWorker.java:87)
	at org.apache.ratis.server.raftlog.segmented.SegmentedRaftLogWorker$WriteLog.execute(SegmentedRaftLogWorker.java:477)
	at org.apache.ratis.server.raftlog.segmented.SegmentedRaftLogWorker.run(SegmentedRaftLogWorker.java:289)
	at java.lang.Thread.run(Thread.java:748)
Caused by: java.util.concurrent.TimeoutException
	at java.util.concurrent.CompletableFuture.timedGet(CompletableFuture.java:1771)
	at java.util.concurrent.CompletableFuture.get(CompletableFuture.java:1915)
	at org.apache.ratis.util.IOUtils.getFromFuture(IOUtils.java:79)
	... 4 more
2019-09-17 12:45:14,428 [EventQueue-PipelineActionsForPipelineActionHandler] ERROR pipeline.PipelineActionHandler (PipelineActionHandler.java:onMessage(60)) - Received pipeline action CLOSE for Pipeline[ Id: de0cac9c-8394-42f1-b79d-a43dc1d745e9, Nodes: 5e893e0a-56f7-4618-9f46-a6ff48173cb6{ip: 192.168.5.153, host: pr-hdds-2137-trunk-mnh2s-3748177197, networkLocation: /default-rack, certSerialId: null}84ab4d91-000c-4523-9c5f-2c204b5f6601{ip: 192.168.5.153, host: pr-hdds-2137-trunk-mnh2s-3748177197, networkLocation: /default-rack, certSerialId: null}f7ede272-a28a-44e0-9552-15581fc2de04{ip: 192.168.5.153, host: pr-hdds-2137-trunk-mnh2s-3748177197, networkLocation: /default-rack, certSerialId: null}, Type:RATIS, Factor:THREE, State:OPEN] from datanode 5e893e0a-56f7-4618-9f46-a6ff48173cb6{ip: 192.168.5.153, host: pr-hdds-2137-trunk-mnh2s-3748177197, networkLocation: /default-rack, certSerialId: null}. Reason : 5e893e0a-56f7-4618-9f46-a6ff48173cb6 has not seen follower/s 84ab4d91-000c-4523-9c5f-2c204b5f6601 for 120108ms f7ede272-a28a-44e0-9552-15581fc2de04 for 120112ms
2019-09-17 12:45:14,428 [EventQueue-PipelineActionsForPipelineActionHandler] INFO  pipeline.SCMPipelineManager (SCMPipelineManager.java:finalizeAndDestroyPipeline(311)) - destroying pipeline:Pipeline[ Id: de0cac9c-8394-42f1-b79d-a43dc1d745e9, Nodes: 5e893e0a-56f7-4618-9f46-a6ff48173cb6{ip: 192.168.5.153, host: pr-hdds-2137-trunk-mnh2s-3748177197, networkLocation: /default-rack, certSerialId: null}84ab4d91-000c-4523-9c5f-2c204b5f6601{ip: 192.168.5.153, host: pr-hdds-2137-trunk-mnh2s-3748177197, networkLocation: /default-rack, certSerialId: null}f7ede272-a28a-44e0-9552-15581fc2de04{ip: 192.168.5.153, host: pr-hdds-2137-trunk-mnh2s-3748177197, networkLocation: /default-rack, certSerialId: null}, Type:RATIS, Factor:THREE, State:OPEN]
2019-09-17 12:45:14,430 [EventQueue-PipelineActionsForPipelineActionHandler] INFO  pipeline.PipelineStateManager (PipelineStateManager.java:finalizePipeline(123)) - Pipeline Pipeline[ Id: de0cac9c-8394-42f1-b79d-a43dc1d745e9, Nodes: 5e893e0a-56f7-4618-9f46-a6ff48173cb6{ip: 192.168.5.153, host: pr-hdds-2137-trunk-mnh2s-3748177197, networkLocation: /default-rack, certSerialId: null}84ab4d91-000c-4523-9c5f-2c204b5f6601{ip: 192.168.5.153, host: pr-hdds-2137-trunk-mnh2s-3748177197, networkLocation: /default-rack, certSerialId: null}f7ede272-a28a-44e0-9552-15581fc2de04{ip: 192.168.5.153, host: pr-hdds-2137-trunk-mnh2s-3748177197, networkLocation: /default-rack, certSerialId: null}, Type:RATIS, Factor:THREE, State:CLOSED] moved to CLOSED state
2019-09-17 12:45:14,433 [EventQueue-CloseContainerForCloseContainerEventHandler] INFO  container.CloseContainerEventHandler (CloseContainerEventHandler.java:onMessage(61)) - Close container Event triggered for container : #1
2019-09-17 12:45:14,439 [EventQueue-CloseContainerForCloseContainerEventHandler] INFO  container.CloseContainerEventHandler (CloseContainerEventHandler.java:onMessage(61)) - Close container Event triggered for container : #2
2019-09-17 12:45:14,440 [EventQueue-CloseContainerForCloseContainerEventHandler] INFO  container.CloseContainerEventHandler (CloseContainerEventHandler.java:onMessage(61)) - Close container Event triggered for container : #3
2019-09-17 12:45:14,709 [java.util.concurrent.ThreadPoolExecutor$Worker@26bc7c83[State = -1, empty queue]] WARN  server.GrpcLogAppender (GrpcLogAppender.java:timeoutAppendRequest(200)) - 5e893e0a-56f7-4618-9f46-a6ff48173cb6@group-A43DC1D745E9->84ab4d91-000c-4523-9c5f-2c204b5f6601-GrpcLogAppender: appendEntries Timeout, request=5e893e0a-56f7-4618-9f46-a6ff48173cb6->84ab4d91-000c-4523-9c5f-2c204b5f6601#84-t4, previous=(t:4, i:36), leaderCommit=32, initializing? false, entries: <empty>
2019-09-17 12:45:14,709 [java.util.concurrent.ThreadPoolExecutor$Worker@303223ef[State = -1, empty queue]] WARN  server.GrpcLogAppender (GrpcLogAppender.java:timeoutAppendRequest(200)) - 5e893e0a-56f7-4618-9f46-a6ff48173cb6@group-A43DC1D745E9->f7ede272-a28a-44e0-9552-15581fc2de04-GrpcLogAppender: appendEntries Timeout, request=5e893e0a-56f7-4618-9f46-a6ff48173cb6->f7ede272-a28a-44e0-9552-15581fc2de04#84-t4, previous=(t:4, i:36), leaderCommit=32, initializing? false, entries: <empty>
 0.00% |█                                                                                                    |  0/1 Time: 0:02:192019-09-17 12:45:15,600 [grpc-default-executor-2] INFO  client.GrpcClientProtocolClient (GrpcClientProtocolClient.java:onNext(264)) - client-0D87034729EF->84ab4d91-000c-4523-9c5f-2c204b5f6601: receive RaftClientReply:client-0D87034729EF->84ab4d91-000c-4523-9c5f-2c204b5f6601@group-A43DC1D745E9, cid=26, FAILED org.apache.ratis.protocol.NotLeaderException: Server 84ab4d91-000c-4523-9c5f-2c204b5f6601@group-A43DC1D745E9 is not the leader 5e893e0a-56f7-4618-9f46-a6ff48173cb6:192.168.5.153:37060, logIndex=0, commits[84ab4d91-000c-4523-9c5f-2c204b5f6601:c32, 5e893e0a-56f7-4618-9f46-a6ff48173cb6:c32, f7ede272-a28a-44e0-9552-15581fc2de04:c28]
 0.00% |█                                                                                                    |  0/1 Time: 0:02:202019-09-17 12:45:16,461 [org.apache.ratis.server.impl.LogAppender$AppenderDaemon$$Lambda$509/159327213@1c304b8] ERROR ratis.XceiverServerRatis (XceiverServerRatis.java:triggerPipelineClose(575)) - pipeline Action CLOSE  on pipeline PipelineID=de0cac9c-8394-42f1-b79d-a43dc1d745e9.Reason : 5e893e0a-56f7-4618-9f46-a6ff48173cb6 has not seen follower/s 84ab4d91-000c-4523-9c5f-2c204b5f6601 for 122342ms f7ede272-a28a-44e0-9552-15581fc2de04 for 122343ms
2019-09-17 12:45:16,461 [org.apache.ratis.server.impl.LogAppender$AppenderDaemon$$Lambda$509/159327213@619f6f52] ERROR ratis.XceiverServerRatis (XceiverServerRatis.java:triggerPipelineClose(575)) - pipeline Action CLOSE  on pipeline PipelineID=de0cac9c-8394-42f1-b79d-a43dc1d745e9.Reason : 5e893e0a-56f7-4618-9f46-a6ff48173cb6 has not seen follower/s 84ab4d91-000c-4523-9c5f-2c204b5f6601 for 122342ms f7ede272-a28a-44e0-9552-15581fc2de04 for 122343ms
2019-09-17 12:45:17,210 [java.util.concurrent.ThreadPoolExecutor$Worker@26bc7c83[State = -1, empty queue]] WARN  server.GrpcLogAppender (GrpcLogAppender.java:timeoutAppendRequest(200)) - 5e893e0a-56f7-4618-9f46-a6ff48173cb6@group-A43DC1D745E9->84ab4d91-000c-4523-9c5f-2c204b5f6601-GrpcLogAppender: appendEntries Timeout, request=5e893e0a-56f7-4618-9f46-a6ff48173cb6->84ab4d91-000c-4523-9c5f-2c204b5f6601#85-t4, previous=(t:4, i:36), leaderCommit=32, initializing? false, entries: <empty>
2019-09-17 12:45:17,210 [java.util.concurrent.ThreadPoolExecutor$Worker@303223ef[State = -1, empty queue]] WARN  server.GrpcLogAppender (GrpcLogAppender.java:timeoutAppendRequest(200)) - 5e893e0a-56f7-4618-9f46-a6ff48173cb6@group-A43DC1D745E9->f7ede272-a28a-44e0-9552-15581fc2de04-GrpcLogAppender: appendEntries Timeout, request=5e893e0a-56f7-4618-9f46-a6ff48173cb6->f7ede272-a28a-44e0-9552-15581fc2de04#85-t4, previous=(t:4, i:36), leaderCommit=32, initializing? false, entries: <empty>
 0.00% |█                                                                                                    |  0/1 Time: 0:02:212019-09-17 12:45:17,456 [EventQueue-PipelineActionsForPipelineActionHandler] ERROR pipeline.PipelineActionHandler (PipelineActionHandler.java:onMessage(60)) - Received pipeline action CLOSE for Pipeline[ Id: de0cac9c-8394-42f1-b79d-a43dc1d745e9, Nodes: 5e893e0a-56f7-4618-9f46-a6ff48173cb6{ip: 192.168.5.153, host: pr-hdds-2137-trunk-mnh2s-3748177197, networkLocation: /default-rack, certSerialId: null}84ab4d91-000c-4523-9c5f-2c204b5f6601{ip: 192.168.5.153, host: pr-hdds-2137-trunk-mnh2s-3748177197, networkLocation: /default-rack, certSerialId: null}f7ede272-a28a-44e0-9552-15581fc2de04{ip: 192.168.5.153, host: pr-hdds-2137-trunk-mnh2s-3748177197, networkLocation: /default-rack, certSerialId: null}, Type:RATIS, Factor:THREE, State:CLOSED] from datanode 5e893e0a-56f7-4618-9f46-a6ff48173cb6{ip: 192.168.5.153, host: pr-hdds-2137-trunk-mnh2s-3748177197, networkLocation: /default-rack, certSerialId: null}. Reason : 5e893e0a-56f7-4618-9f46-a6ff48173cb6 has not seen follower/s 84ab4d91-000c-4523-9c5f-2c204b5f6601 for 122342ms f7ede272-a28a-44e0-9552-15581fc2de04 for 122343ms
2019-09-17 12:45:17,456 [EventQueue-PipelineActionsForPipelineActionHandler] INFO  pipeline.SCMPipelineManager (SCMPipelineManager.java:finalizeAndDestroyPipeline(311)) - destroying pipeline:Pipeline[ Id: de0cac9c-8394-42f1-b79d-a43dc1d745e9, Nodes: 5e893e0a-56f7-4618-9f46-a6ff48173cb6{ip: 192.168.5.153, host: pr-hdds-2137-trunk-mnh2s-3748177197, networkLocation: /default-rack, certSerialId: null}84ab4d91-000c-4523-9c5f-2c204b5f6601{ip: 192.168.5.153, host: pr-hdds-2137-trunk-mnh2s-3748177197, networkLocation: /default-rack, certSerialId: null}f7ede272-a28a-44e0-9552-15581fc2de04{ip: 192.168.5.153, host: pr-hdds-2137-trunk-mnh2s-3748177197, networkLocation: /default-rack, certSerialId: null}, Type:RATIS, Factor:THREE, State:CLOSED]
 0.00% |█                                                                                                    |  0/1 Time: 0:02:222019-09-17 12:45:18,962 [org.apache.ratis.server.impl.LogAppender$AppenderDaemon$$Lambda$509/159327213@619f6f52] ERROR ratis.XceiverServerRatis (XceiverServerRatis.java:triggerPipelineClose(575)) - pipeline Action CLOSE  on pipeline PipelineID=de0cac9c-8394-42f1-b79d-a43dc1d745e9.Reason : 5e893e0a-56f7-4618-9f46-a6ff48173cb6 has not seen follower/s 84ab4d91-000c-4523-9c5f-2c204b5f6601 for 124843ms f7ede272-a28a-44e0-9552-15581fc2de04 for 124844ms
2019-09-17 12:45:18,962 [org.apache.ratis.server.impl.LogAppender$AppenderDaemon$$Lambda$509/159327213@1c304b8] ERROR ratis.XceiverServerRatis (XceiverServerRatis.java:triggerPipelineClose(575)) - pipeline Action CLOSE  on pipeline PipelineID=de0cac9c-8394-42f1-b79d-a43dc1d745e9.Reason : 5e893e0a-56f7-4618-9f46-a6ff48173cb6 has not seen follower/s 84ab4d91-000c-4523-9c5f-2c204b5f6601 for 124843ms f7ede272-a28a-44e0-9552-15581fc2de04 for 124844ms
 0.00% |█                                                                                                    |  0/1 Time: 0:02:232019-09-17 12:45:19,456 [EventQueue-PipelineActionsForPipelineActionHandler] ERROR pipeline.PipelineActionHandler (PipelineActionHandler.java:onMessage(60)) - Received pipeline action CLOSE for Pipeline[ Id: de0cac9c-8394-42f1-b79d-a43dc1d745e9, Nodes: 5e893e0a-56f7-4618-9f46-a6ff48173cb6{ip: 192.168.5.153, host: pr-hdds-2137-trunk-mnh2s-3748177197, networkLocation: /default-rack, certSerialId: null}84ab4d91-000c-4523-9c5f-2c204b5f6601{ip: 192.168.5.153, host: pr-hdds-2137-trunk-mnh2s-3748177197, networkLocation: /default-rack, certSerialId: null}f7ede272-a28a-44e0-9552-15581fc2de04{ip: 192.168.5.153, host: pr-hdds-2137-trunk-mnh2s-3748177197, networkLocation: /default-rack, certSerialId: null}, Type:RATIS, Factor:THREE, State:CLOSED] from datanode 5e893e0a-56f7-4618-9f46-a6ff48173cb6{ip: 192.168.5.153, host: pr-hdds-2137-trunk-mnh2s-3748177197, networkLocation: /default-rack, certSerialId: null}. Reason : 5e893e0a-56f7-4618-9f46-a6ff48173cb6 has not seen follower/s 84ab4d91-000c-4523-9c5f-2c204b5f6601 for 124843ms f7ede272-a28a-44e0-9552-15581fc2de04 for 124844ms
2019-09-17 12:45:19,458 [EventQueue-PipelineActionsForPipelineActionHandler] INFO  pipeline.SCMPipelineManager (SCMPipelineManager.java:finalizeAndDestroyPipeline(311)) - destroying pipeline:Pipeline[ Id: de0cac9c-8394-42f1-b79d-a43dc1d745e9, Nodes: 5e893e0a-56f7-4618-9f46-a6ff48173cb6{ip: 192.168.5.153, host: pr-hdds-2137-trunk-mnh2s-3748177197, networkLocation: /default-rack, certSerialId: null}84ab4d91-000c-4523-9c5f-2c204b5f6601{ip: 192.168.5.153, host: pr-hdds-2137-trunk-mnh2s-3748177197, networkLocation: /default-rack, certSerialId: null}f7ede272-a28a-44e0-9552-15581fc2de04{ip: 192.168.5.153, host: pr-hdds-2137-trunk-mnh2s-3748177197, networkLocation: /default-rack, certSerialId: null}, Type:RATIS, Factor:THREE, State:CLOSED]
2019-09-17 12:45:19,461 [java.util.concurrent.ThreadPoolExecutor$Worker@26bc7c83[State = -1, empty queue]] WARN  server.GrpcLogAppender (GrpcLogAppender.java:timeoutAppendRequest(200)) - 5e893e0a-56f7-4618-9f46-a6ff48173cb6@group-A43DC1D745E9->84ab4d91-000c-4523-9c5f-2c204b5f6601-GrpcLogAppender: appendEntries Timeout, request=5e893e0a-56f7-4618-9f46-a6ff48173cb6->84ab4d91-000c-4523-9c5f-2c204b5f6601#86-t4, previous=(t:4, i:36), leaderCommit=32, initializing? false, entries: size=1, first=(t:4, i:37), STATEMACHINELOGENTRY, client-58EF460EB786, cid=1
2019-09-17 12:45:19,461 [java.util.concurrent.ThreadPoolExecutor$Worker@303223ef[State = -1, empty queue]] WARN  server.GrpcLogAppender (GrpcLogAppender.java:timeoutAppendRequest(200)) - 5e893e0a-56f7-4618-9f46-a6ff48173cb6@group-A43DC1D745E9->f7ede272-a28a-44e0-9552-15581fc2de04-GrpcLogAppender: appendEntries Timeout, request=5e893e0a-56f7-4618-9f46-a6ff48173cb6->f7ede272-a28a-44e0-9552-15581fc2de04#86-t4, previous=(t:4, i:36), leaderCommit=32, initializing? false, entries: size=1, first=(t:4, i:37), STATEMACHINELOGENTRY, client-58EF460EB786, cid=1
 0.00% |█                                                                                                    |  0/1 Time: 0:02:242019-09-17 12:45:20,638 [grpc-default-executor-2] INFO  client.GrpcClientProtocolClient (GrpcClientProtocolClient.java:onNext(264)) - client-0D87034729EF->f7ede272-a28a-44e0-9552-15581fc2de04: receive RaftClientReply:client-0D87034729EF->f7ede272-a28a-44e0-9552-15581fc2de04@group-A43DC1D745E9, cid=26, FAILED org.apache.ratis.protocol.NotLeaderException: Server f7ede272-a28a-44e0-9552-15581fc2de04@group-A43DC1D745E9 is not the leader 5e893e0a-56f7-4618-9f46-a6ff48173cb6:192.168.5.153:37060, logIndex=0, commits[f7ede272-a28a-44e0-9552-15581fc2de04:c32, 5e893e0a-56f7-4618-9f46-a6ff48173cb6:c32, 84ab4d91-000c-4523-9c5f-2c204b5f6601:c28]
 0.00% |█                                                                                                    |  0/1 Time: 0:02:252019-09-17 12:45:21,463 [org.apache.ratis.server.impl.LogAppender$AppenderDaemon$$Lambda$509/159327213@1c304b8] ERROR ratis.XceiverServerRatis (XceiverServerRatis.java:triggerPipelineClose(575)) - pipeline Action CLOSE  on pipeline PipelineID=de0cac9c-8394-42f1-b79d-a43dc1d745e9.Reason : 5e893e0a-56f7-4618-9f46-a6ff48173cb6 has not seen follower/s 84ab4d91-000c-4523-9c5f-2c204b5f6601 for 127343ms f7ede272-a28a-44e0-9552-15581fc2de04 for 127344ms
2019-09-17 12:45:21,465 [org.apache.ratis.server.impl.LogAppender$AppenderDaemon$$Lambda$509/159327213@619f6f52] ERROR ratis.XceiverServerRatis (XceiverServerRatis.java:triggerPipelineClose(575)) - pipeline Action CLOSE  on pipeline PipelineID=de0cac9c-8394-42f1-b79d-a43dc1d745e9.Reason : 5e893e0a-56f7-4618-9f46-a6ff48173cb6 has not seen follower/s 84ab4d91-000c-4523-9c5f-2c204b5f6601 for 127346ms f7ede272-a28a-44e0-9552-15581fc2de04 for 127347ms
2019-09-17 12:45:21,962 [java.util.concurrent.ThreadPoolExecutor$Worker@303223ef[State = -1, empty queue]] WARN  server.GrpcLogAppender (GrpcLogAppender.java:timeoutAppendRequest(200)) - 5e893e0a-56f7-4618-9f46-a6ff48173cb6@group-A43DC1D745E9->f7ede272-a28a-44e0-9552-15581fc2de04-GrpcLogAppender: appendEntries Timeout, request=5e893e0a-56f7-4618-9f46-a6ff48173cb6->f7ede272-a28a-44e0-9552-15581fc2de04#87-t4, previous=(t:4, i:37), leaderCommit=32, initializing? false, entries: <empty>
2019-09-17 12:45:21,962 [java.util.concurrent.ThreadPoolExecutor$Worker@26bc7c83[State = -1, empty queue]] WARN  server.GrpcLogAppender (GrpcLogAppender.java:timeoutAppendRequest(200)) - 5e893e0a-56f7-4618-9f46-a6ff48173cb6@group-A43DC1D745E9->84ab4d91-000c-4523-9c5f-2c204b5f6601-GrpcLogAppender: appendEntries Timeout, request=5e893e0a-56f7-4618-9f46-a6ff48173cb6->84ab4d91-000c-4523-9c5f-2c204b5f6601#87-t4, previous=(t:4, i:37), leaderCommit=32, initializing? false, entries: <empty>
 0.00% |█                                                                                                    |  0/1 Time: 0:02:262019-09-17 12:45:22,456 [EventQueue-PipelineActionsForPipelineActionHandler] ERROR pipeline.PipelineActionHandler (PipelineActionHandler.java:onMessage(60)) - Received pipeline action CLOSE for Pipeline[ Id: de0cac9c-8394-42f1-b79d-a43dc1d745e9, Nodes: 5e893e0a-56f7-4618-9f46-a6ff48173cb6{ip: 192.168.5.153, host: pr-hdds-2137-trunk-mnh2s-3748177197, networkLocation: /default-rack, certSerialId: null}84ab4d91-000c-4523-9c5f-2c204b5f6601{ip: 192.168.5.153, host: pr-hdds-2137-trunk-mnh2s-3748177197, networkLocation: /default-rack, certSerialId: null}f7ede272-a28a-44e0-9552-15581fc2de04{ip: 192.168.5.153, host: pr-hdds-2137-trunk-mnh2s-3748177197, networkLocation: /default-rack, certSerialId: null}, Type:RATIS, Factor:THREE, State:CLOSED] from datanode 5e893e0a-56f7-4618-9f46-a6ff48173cb6{ip: 192.168.5.153, host: pr-hdds-2137-trunk-mnh2s-3748177197, networkLocation: /default-rack, certSerialId: null}. Reason : 5e893e0a-56f7-4618-9f46-a6ff48173cb6 has not seen follower/s 84ab4d91-000c-4523-9c5f-2c204b5f6601 for 127343ms f7ede272-a28a-44e0-9552-15581fc2de04 for 127344ms
2019-09-17 12:45:22,457 [EventQueue-PipelineActionsForPipelineActionHandler] INFO  pipeline.SCMPipelineManager (SCMPipelineManager.java:finalizeAndDestroyPipeline(311)) - destroying pipeline:Pipeline[ Id: de0cac9c-8394-42f1-b79d-a43dc1d745e9, Nodes: 5e893e0a-56f7-4618-9f46-a6ff48173cb6{ip: 192.168.5.153, host: pr-hdds-2137-trunk-mnh2s-3748177197, networkLocation: /default-rack, certSerialId: null}84ab4d91-000c-4523-9c5f-2c204b5f6601{ip: 192.168.5.153, host: pr-hdds-2137-trunk-mnh2s-3748177197, networkLocation: /default-rack, certSerialId: null}f7ede272-a28a-44e0-9552-15581fc2de04{ip: 192.168.5.153, host: pr-hdds-2137-trunk-mnh2s-3748177197, networkLocation: /default-rack, certSerialId: null}, Type:RATIS, Factor:THREE, State:CLOSED]
 0.00% |█                                                                                                    |  0/1 Time: 0:02:272019-09-17 12:45:23,963 [org.apache.ratis.server.impl.LogAppender$AppenderDaemon$$Lambda$509/159327213@1c304b8] ERROR ratis.XceiverServerRatis (XceiverServerRatis.java:triggerPipelineClose(575)) - pipeline Action CLOSE  on pipeline PipelineID=de0cac9c-8394-42f1-b79d-a43dc1d745e9.Reason : 5e893e0a-56f7-4618-9f46-a6ff48173cb6 has not seen follower/s 84ab4d91-000c-4523-9c5f-2c204b5f6601 for 129844ms f7ede272-a28a-44e0-9552-15581fc2de04 for 129845ms
2019-09-17 12:45:23,966 [org.apache.ratis.server.impl.LogAppender$AppenderDaemon$$Lambda$509/159327213@619f6f52] ERROR ratis.XceiverServerRatis (XceiverServerRatis.java:triggerPipelineClose(575)) - pipeline Action CLOSE  on pipeline PipelineID=de0cac9c-8394-42f1-b79d-a43dc1d745e9.Reason : 5e893e0a-56f7-4618-9f46-a6ff48173cb6 has not seen follower/s 84ab4d91-000c-4523-9c5f-2c204b5f6601 for 129847ms f7ede272-a28a-44e0-9552-15581fc2de04 for 129848ms
 0.00% |█                                                                                                    |  0/1 Time: 0:02:282019-09-17 12:45:24,315 [f7ede272-a28a-44e0-9552-15581fc2de04@group-A43DC1D745E9-SegmentedRaftLogWorker] WARN  segmented.SegmentedRaftLogWorker (SegmentedRaftLogWorker.java:getFromFuture(90)) - Timeout 12/~
org.apache.ratis.protocol.TimeoutIOException: Timeout 10s: WriteLog:35: (t:4, i:35), STATEMACHINELOGENTRY, client-0D87034729EF, cid=28-writeStateMachineData
	at org.apache.ratis.util.IOUtils.getFromFuture(IOUtils.java:87)
	at org.apache.ratis.server.raftlog.segmented.SegmentedRaftLogWorker$StateMachineDataPolicy.getFromFuture(SegmentedRaftLogWorker.java:87)
	at org.apache.ratis.server.raftlog.segmented.SegmentedRaftLogWorker$WriteLog.execute(SegmentedRaftLogWorker.java:477)
	at org.apache.ratis.server.raftlog.segmented.SegmentedRaftLogWorker.run(SegmentedRaftLogWorker.java:289)
	at java.lang.Thread.run(Thread.java:748)
Caused by: java.util.concurrent.TimeoutException
	at java.util.concurrent.CompletableFuture.timedGet(CompletableFuture.java:1771)
	at java.util.concurrent.CompletableFuture.get(CompletableFuture.java:1915)
	at org.apache.ratis.util.IOUtils.getFromFuture(IOUtils.java:79)
	... 4 more
2019-09-17 12:45:24,322 [5e893e0a-56f7-4618-9f46-a6ff48173cb6@group-A43DC1D745E9-SegmentedRaftLogWorker] WARN  segmented.SegmentedRaftLogWorker (SegmentedRaftLogWorker.java:getFromFuture(90)) - Timeout 12/~
org.apache.ratis.protocol.TimeoutIOException: Timeout 10s: WriteLog:35: (t:4, i:35), STATEMACHINELOGENTRY, client-0D87034729EF, cid=28-writeStateMachineData
	at org.apache.ratis.util.IOUtils.getFromFuture(IOUtils.java:87)
	at org.apache.ratis.server.raftlog.segmented.SegmentedRaftLogWorker$StateMachineDataPolicy.getFromFuture(SegmentedRaftLogWorker.java:87)
	at org.apache.ratis.server.raftlog.segmented.SegmentedRaftLogWorker$WriteLog.execute(SegmentedRaftLogWorker.java:477)
	at org.apache.ratis.server.raftlog.segmented.SegmentedRaftLogWorker.run(SegmentedRaftLogWorker.java:289)
	at java.lang.Thread.run(Thread.java:748)
Caused by: java.util.concurrent.TimeoutException
	at java.util.concurrent.CompletableFuture.timedGet(CompletableFuture.java:1771)
	at java.util.concurrent.CompletableFuture.get(CompletableFuture.java:1915)
	at org.apache.ratis.util.IOUtils.getFromFuture(IOUtils.java:79)
	... 4 more
2019-09-17 12:45:24,322 [84ab4d91-000c-4523-9c5f-2c204b5f6601@group-A43DC1D745E9-SegmentedRaftLogWorker] WARN  segmented.SegmentedRaftLogWorker (SegmentedRaftLogWorker.java:getFromFuture(90)) - Timeout 12/~
org.apache.ratis.protocol.TimeoutIOException: Timeout 10s: WriteLog:35: (t:4, i:35), STATEMACHINELOGENTRY, client-0D87034729EF, cid=28-writeStateMachineData
	at org.apache.ratis.util.IOUtils.getFromFuture(IOUtils.java:87)
	at org.apache.ratis.server.raftlog.segmented.SegmentedRaftLogWorker$StateMachineDataPolicy.getFromFuture(SegmentedRaftLogWorker.java:87)
	at org.apache.ratis.server.raftlog.segmented.SegmentedRaftLogWorker$WriteLog.execute(SegmentedRaftLogWorker.java:477)
	at org.apache.ratis.server.raftlog.segmented.SegmentedRaftLogWorker.run(SegmentedRaftLogWorker.java:289)
	at java.lang.Thread.run(Thread.java:748)
Caused by: java.util.concurrent.TimeoutException
	at java.util.concurrent.CompletableFuture.timedGet(CompletableFuture.java:1771)
	at java.util.concurrent.CompletableFuture.get(CompletableFuture.java:1915)
	at org.apache.ratis.util.IOUtils.getFromFuture(IOUtils.java:79)
	... 4 more
2019-09-17 12:45:24,458 [EventQueue-PipelineActionsForPipelineActionHandler] ERROR pipeline.PipelineActionHandler (PipelineActionHandler.java:onMessage(60)) - Received pipeline action CLOSE for Pipeline[ Id: de0cac9c-8394-42f1-b79d-a43dc1d745e9, Nodes: 5e893e0a-56f7-4618-9f46-a6ff48173cb6{ip: 192.168.5.153, host: pr-hdds-2137-trunk-mnh2s-3748177197, networkLocation: /default-rack, certSerialId: null}84ab4d91-000c-4523-9c5f-2c204b5f6601{ip: 192.168.5.153, host: pr-hdds-2137-trunk-mnh2s-3748177197, networkLocation: /default-rack, certSerialId: null}f7ede272-a28a-44e0-9552-15581fc2de04{ip: 192.168.5.153, host: pr-hdds-2137-trunk-mnh2s-3748177197, networkLocation: /default-rack, certSerialId: null}, Type:RATIS, Factor:THREE, State:CLOSED] from datanode 5e893e0a-56f7-4618-9f46-a6ff48173cb6{ip: 192.168.5.153, host: pr-hdds-2137-trunk-mnh2s-3748177197, networkLocation: /default-rack, certSerialId: null}. Reason : 5e893e0a-56f7-4618-9f46-a6ff48173cb6 has not seen follower/s 84ab4d91-000c-4523-9c5f-2c204b5f6601 for 129844ms f7ede272-a28a-44e0-9552-15581fc2de04 for 129845ms
2019-09-17 12:45:24,458 [EventQueue-PipelineActionsForPipelineActionHandler] INFO  pipeline.SCMPipelineManager (SCMPipelineManager.java:finalizeAndDestroyPipeline(311)) - destroying pipeline:Pipeline[ Id: de0cac9c-8394-42f1-b79d-a43dc1d745e9, Nodes: 5e893e0a-56f7-4618-9f46-a6ff48173cb6{ip: 192.168.5.153, host: pr-hdds-2137-trunk-mnh2s-3748177197, networkLocation: /default-rack, certSerialId: null}84ab4d91-000c-4523-9c5f-2c204b5f6601{ip: 192.168.5.153, host: pr-hdds-2137-trunk-mnh2s-3748177197, networkLocation: /default-rack, certSerialId: null}f7ede272-a28a-44e0-9552-15581fc2de04{ip: 192.168.5.153, host: pr-hdds-2137-trunk-mnh2s-3748177197, networkLocation: /default-rack, certSerialId: null}, Type:RATIS, Factor:THREE, State:CLOSED]
2019-09-17 12:45:24,463 [java.util.concurrent.ThreadPoolExecutor$Worker@303223ef[State = -1, empty queue]] WARN  server.GrpcLogAppender (GrpcLogAppender.java:timeoutAppendRequest(200)) - 5e893e0a-56f7-4618-9f46-a6ff48173cb6@group-A43DC1D745E9->f7ede272-a28a-44e0-9552-15581fc2de04-GrpcLogAppender: appendEntries Timeout, request=5e893e0a-56f7-4618-9f46-a6ff48173cb6->f7ede272-a28a-44e0-9552-15581fc2de04#88-t4, previous=(t:4, i:37), leaderCommit=32, initializing? false, entries: <empty>
2019-09-17 12:45:24,465 [java.util.concurrent.ThreadPoolExecutor$Worker@26bc7c83[State = -1, empty queue]] WARN  server.GrpcLogAppender (GrpcLogAppender.java:timeoutAppendRequest(200)) - 5e893e0a-56f7-4618-9f46-a6ff48173cb6@group-A43DC1D745E9->84ab4d91-000c-4523-9c5f-2c204b5f6601-GrpcLogAppender: appendEntries Timeout, request=5e893e0a-56f7-4618-9f46-a6ff48173cb6->84ab4d91-000c-4523-9c5f-2c204b5f6601#88-t4, previous=(t:4, i:37), leaderCommit=32, initializing? false, entries: <empty>
 0.00% |█                                                                                                    |  0/1 Time: 0:02:292019-09-17 12:45:25,678 [grpc-default-executor-3] INFO  client.GrpcClientProtocolClient (GrpcClientProtocolClient.java:onNext(264)) - client-0D87034729EF->f7ede272-a28a-44e0-9552-15581fc2de04: receive RaftClientReply:client-0D87034729EF->f7ede272-a28a-44e0-9552-15581fc2de04@group-A43DC1D745E9, cid=26, FAILED org.apache.ratis.protocol.NotLeaderException: Server f7ede272-a28a-44e0-9552-15581fc2de04@group-A43DC1D745E9 is not the leader 5e893e0a-56f7-4618-9f46-a6ff48173cb6:192.168.5.153:37060, logIndex=0, commits[f7ede272-a28a-44e0-9552-15581fc2de04:c32, 5e893e0a-56f7-4618-9f46-a6ff48173cb6:c32, 84ab4d91-000c-4523-9c5f-2c204b5f6601:c28]
 0.00% |█                                                                                                    |  0/1 Time: 0:02:302019-09-17 12:45:26,465 [org.apache.ratis.server.impl.LogAppender$AppenderDaemon$$Lambda$509/159327213@1c304b8] ERROR ratis.XceiverServerRatis (XceiverServerRatis.java:triggerPipelineClose(575)) - pipeline Action CLOSE  on pipeline PipelineID=de0cac9c-8394-42f1-b79d-a43dc1d745e9.Reason : 5e893e0a-56f7-4618-9f46-a6ff48173cb6 has not seen follower/s 84ab4d91-000c-4523-9c5f-2c204b5f6601 for 132346ms f7ede272-a28a-44e0-9552-15581fc2de04 for 132347ms
2019-09-17 12:45:26,467 [org.apache.ratis.server.impl.LogAppender$AppenderDaemon$$Lambda$509/159327213@619f6f52] ERROR ratis.XceiverServerRatis (XceiverServerRatis.java:triggerPipelineClose(575)) - pipeline Action CLOSE  on pipeline PipelineID=de0cac9c-8394-42f1-b79d-a43dc1d745e9.Reason : 5e893e0a-56f7-4618-9f46-a6ff48173cb6 has not seen follower/s 84ab4d91-000c-4523-9c5f-2c204b5f6601 for 132348ms f7ede272-a28a-44e0-9552-15581fc2de04 for 132349ms
2019-09-17 12:45:26,964 [java.util.concurrent.ThreadPoolExecutor$Worker@303223ef[State = -1, empty queue]] WARN  server.GrpcLogAppender (GrpcLogAppender.java:timeoutAppendRequest(200)) - 5e893e0a-56f7-4618-9f46-a6ff48173cb6@group-A43DC1D745E9->f7ede272-a28a-44e0-9552-15581fc2de04-GrpcLogAppender: appendEntries Timeout, request=5e893e0a-56f7-4618-9f46-a6ff48173cb6->f7ede272-a28a-44e0-9552-15581fc2de04#89-t4, previous=(t:4, i:37), leaderCommit=32, initializing? false, entries: <empty>
2019-09-17 12:45:26,966 [java.util.concurrent.ThreadPoolExecutor$Worker@26bc7c83[State = -1, empty queue]] WARN  server.GrpcLogAppender (GrpcLogAppender.java:timeoutAppendRequest(200)) - 5e893e0a-56f7-4618-9f46-a6ff48173cb6@group-A43DC1D745E9->84ab4d91-000c-4523-9c5f-2c204b5f6601-GrpcLogAppender: appendEntries Timeout, request=5e893e0a-56f7-4618-9f46-a6ff48173cb6->84ab4d91-000c-4523-9c5f-2c204b5f6601#89-t4, previous=(t:4, i:37), leaderCommit=32, initializing? false, entries: <empty>
 0.00% |█                                                                                                    |  0/1 Time: 0:02:312019-09-17 12:45:27,458 [EventQueue-PipelineActionsForPipelineActionHandler] ERROR pipeline.PipelineActionHandler (PipelineActionHandler.java:onMessage(60)) - Received pipeline action CLOSE for Pipeline[ Id: de0cac9c-8394-42f1-b79d-a43dc1d745e9, Nodes: 5e893e0a-56f7-4618-9f46-a6ff48173cb6{ip: 192.168.5.153, host: pr-hdds-2137-trunk-mnh2s-3748177197, networkLocation: /default-rack, certSerialId: null}84ab4d91-000c-4523-9c5f-2c204b5f6601{ip: 192.168.5.153, host: pr-hdds-2137-trunk-mnh2s-3748177197, networkLocation: /default-rack, certSerialId: null}f7ede272-a28a-44e0-9552-15581fc2de04{ip: 192.168.5.153, host: pr-hdds-2137-trunk-mnh2s-3748177197, networkLocation: /default-rack, certSerialId: null}, Type:RATIS, Factor:THREE, State:CLOSED] from datanode 5e893e0a-56f7-4618-9f46-a6ff48173cb6{ip: 192.168.5.153, host: pr-hdds-2137-trunk-mnh2s-3748177197, networkLocation: /default-rack, certSerialId: null}. Reason : 5e893e0a-56f7-4618-9f46-a6ff48173cb6 has not seen follower/s 84ab4d91-000c-4523-9c5f-2c204b5f6601 for 132346ms f7ede272-a28a-44e0-9552-15581fc2de04 for 132347ms
2019-09-17 12:45:27,458 [EventQueue-PipelineActionsForPipelineActionHandler] INFO  pipeline.SCMPipelineManager (SCMPipelineManager.java:finalizeAndDestroyPipeline(311)) - destroying pipeline:Pipeline[ Id: de0cac9c-8394-42f1-b79d-a43dc1d745e9, Nodes: 5e893e0a-56f7-4618-9f46-a6ff48173cb6{ip: 192.168.5.153, host: pr-hdds-2137-trunk-mnh2s-3748177197, networkLocation: /default-rack, certSerialId: null}84ab4d91-000c-4523-9c5f-2c204b5f6601{ip: 192.168.5.153, host: pr-hdds-2137-trunk-mnh2s-3748177197, networkLocation: /default-rack, certSerialId: null}f7ede272-a28a-44e0-9552-15581fc2de04{ip: 192.168.5.153, host: pr-hdds-2137-trunk-mnh2s-3748177197, networkLocation: /default-rack, certSerialId: null}, Type:RATIS, Factor:THREE, State:CLOSED]
 0.00% |█                                                                                                    |  0/1 Time: 0:02:322019-09-17 12:45:28,968 [org.apache.ratis.server.impl.LogAppender$AppenderDaemon$$Lambda$509/159327213@619f6f52] ERROR ratis.XceiverServerRatis (XceiverServerRatis.java:triggerPipelineClose(575)) - pipeline Action CLOSE  on pipeline PipelineID=de0cac9c-8394-42f1-b79d-a43dc1d745e9.Reason : 5e893e0a-56f7-4618-9f46-a6ff48173cb6 has not seen follower/s 84ab4d91-000c-4523-9c5f-2c204b5f6601 for 134849ms f7ede272-a28a-44e0-9552-15581fc2de04 for 134850ms
2019-09-17 12:45:28,968 [org.apache.ratis.server.impl.LogAppender$AppenderDaemon$$Lambda$509/159327213@1c304b8] ERROR ratis.XceiverServerRatis (XceiverServerRatis.java:triggerPipelineClose(575)) - pipeline Action CLOSE  on pipeline PipelineID=de0cac9c-8394-42f1-b79d-a43dc1d745e9.Reason : 5e893e0a-56f7-4618-9f46-a6ff48173cb6 has not seen follower/s 84ab4d91-000c-4523-9c5f-2c204b5f6601 for 134849ms f7ede272-a28a-44e0-9552-15581fc2de04 for 134850ms
 0.00% |█                                                                                                    |  0/1 Time: 0:02:332019-09-17 12:45:29,459 [EventQueue-PipelineActionsForPipelineActionHandler] ERROR pipeline.PipelineActionHandler (PipelineActionHandler.java:onMessage(60)) - Received pipeline action CLOSE for Pipeline[ Id: de0cac9c-8394-42f1-b79d-a43dc1d745e9, Nodes: 5e893e0a-56f7-4618-9f46-a6ff48173cb6{ip: 192.168.5.153, host: pr-hdds-2137-trunk-mnh2s-3748177197, networkLocation: /default-rack, certSerialId: null}84ab4d91-000c-4523-9c5f-2c204b5f6601{ip: 192.168.5.153, host: pr-hdds-2137-trunk-mnh2s-3748177197, networkLocation: /default-rack, certSerialId: null}f7ede272-a28a-44e0-9552-15581fc2de04{ip: 192.168.5.153, host: pr-hdds-2137-trunk-mnh2s-3748177197, networkLocation: /default-rack, certSerialId: null}, Type:RATIS, Factor:THREE, State:CLOSED] from datanode 5e893e0a-56f7-4618-9f46-a6ff48173cb6{ip: 192.168.5.153, host: pr-hdds-2137-trunk-mnh2s-3748177197, networkLocation: /default-rack, certSerialId: null}. Reason : 5e893e0a-56f7-4618-9f46-a6ff48173cb6 has not seen follower/s 84ab4d91-000c-4523-9c5f-2c204b5f6601 for 134849ms f7ede272-a28a-44e0-9552-15581fc2de04 for 134850ms
2019-09-17 12:45:29,460 [EventQueue-PipelineActionsForPipelineActionHandler] INFO  pipeline.SCMPipelineManager (SCMPipelineManager.java:finalizeAndDestroyPipeline(311)) - destroying pipeline:Pipeline[ Id: de0cac9c-8394-42f1-b79d-a43dc1d745e9, Nodes: 5e893e0a-56f7-4618-9f46-a6ff48173cb6{ip: 192.168.5.153, host: pr-hdds-2137-trunk-mnh2s-3748177197, networkLocation: /default-rack, certSerialId: null}84ab4d91-000c-4523-9c5f-2c204b5f6601{ip: 192.168.5.153, host: pr-hdds-2137-trunk-mnh2s-3748177197, networkLocation: /default-rack, certSerialId: null}f7ede272-a28a-44e0-9552-15581fc2de04{ip: 192.168.5.153, host: pr-hdds-2137-trunk-mnh2s-3748177197, networkLocation: /default-rack, certSerialId: null}, Type:RATIS, Factor:THREE, State:CLOSED]
2019-09-17 12:45:29,465 [java.util.concurrent.ThreadPoolExecutor$Worker@303223ef[State = -1, empty queue]] WARN  server.GrpcLogAppender (GrpcLogAppender.java:timeoutAppendRequest(200)) - 5e893e0a-56f7-4618-9f46-a6ff48173cb6@group-A43DC1D745E9->f7ede272-a28a-44e0-9552-15581fc2de04-GrpcLogAppender: appendEntries Timeout, request=5e893e0a-56f7-4618-9f46-a6ff48173cb6->f7ede272-a28a-44e0-9552-15581fc2de04#90-t4, previous=(t:4, i:37), leaderCommit=32, initializing? false, entries: <empty>
2019-09-17 12:45:29,469 [java.util.concurrent.ThreadPoolExecutor$Worker@26bc7c83[State = -1, empty queue]] WARN  server.GrpcLogAppender (GrpcLogAppender.java:timeoutAppendRequest(200)) - 5e893e0a-56f7-4618-9f46-a6ff48173cb6@group-A43DC1D745E9->84ab4d91-000c-4523-9c5f-2c204b5f6601-GrpcLogAppender: appendEntries Timeout, request=5e893e0a-56f7-4618-9f46-a6ff48173cb6->84ab4d91-000c-4523-9c5f-2c204b5f6601#90-t4, previous=(t:4, i:37), leaderCommit=32, initializing? false, entries: <empty>
 0.00% |█                                                                                                    |  0/1 Time: 0:02:342019-09-17 12:45:30,742 [grpc-default-executor-3] INFO  client.GrpcClientProtocolClient (GrpcClientProtocolClient.java:onNext(264)) - client-0D87034729EF->84ab4d91-000c-4523-9c5f-2c204b5f6601: receive RaftClientReply:client-0D87034729EF->84ab4d91-000c-4523-9c5f-2c204b5f6601@group-A43DC1D745E9, cid=26, FAILED org.apache.ratis.protocol.NotLeaderException: Server 84ab4d91-000c-4523-9c5f-2c204b5f6601@group-A43DC1D745E9 is not the leader 5e893e0a-56f7-4618-9f46-a6ff48173cb6:192.168.5.153:37060, logIndex=0, commits[84ab4d91-000c-4523-9c5f-2c204b5f6601:c32, 5e893e0a-56f7-4618-9f46-a6ff48173cb6:c32, f7ede272-a28a-44e0-9552-15581fc2de04:c28]
 0.00% |█                                                                                                    |  0/1 Time: 0:02:352019-09-17 12:45:31,469 [org.apache.ratis.server.impl.LogAppender$AppenderDaemon$$Lambda$509/159327213@619f6f52] ERROR ratis.XceiverServerRatis (XceiverServerRatis.java:triggerPipelineClose(575)) - pipeline Action CLOSE  on pipeline PipelineID=de0cac9c-8394-42f1-b79d-a43dc1d745e9.Reason : 5e893e0a-56f7-4618-9f46-a6ff48173cb6 has not seen follower/s 84ab4d91-000c-4523-9c5f-2c204b5f6601 for 137349ms f7ede272-a28a-44e0-9552-15581fc2de04 for 137350ms
2019-09-17 12:45:31,469 [org.apache.ratis.server.impl.LogAppender$AppenderDaemon$$Lambda$509/159327213@1c304b8] ERROR ratis.XceiverServerRatis (XceiverServerRatis.java:triggerPipelineClose(575)) - pipeline Action CLOSE  on pipeline PipelineID=de0cac9c-8394-42f1-b79d-a43dc1d745e9.Reason : 5e893e0a-56f7-4618-9f46-a6ff48173cb6 has not seen follower/s 84ab4d91-000c-4523-9c5f-2c204b5f6601 for 137349ms f7ede272-a28a-44e0-9552-15581fc2de04 for 137350ms
2019-09-17 12:45:31,968 [java.util.concurrent.ThreadPoolExecutor$Worker@303223ef[State = -1, empty queue]] WARN  server.GrpcLogAppender (GrpcLogAppender.java:timeoutAppendRequest(200)) - 5e893e0a-56f7-4618-9f46-a6ff48173cb6@group-A43DC1D745E9->f7ede272-a28a-44e0-9552-15581fc2de04-GrpcLogAppender: appendEntries Timeout, request=5e893e0a-56f7-4618-9f46-a6ff48173cb6->f7ede272-a28a-44e0-9552-15581fc2de04#91-t4, previous=(t:4, i:37), leaderCommit=32, initializing? false, entries: <empty>
2019-09-17 12:45:31,968 [java.util.concurrent.ThreadPoolExecutor$Worker@26bc7c83[State = -1, empty queue]] WARN  server.GrpcLogAppender (GrpcLogAppender.java:timeoutAppendRequest(200)) - 5e893e0a-56f7-4618-9f46-a6ff48173cb6@group-A43DC1D745E9->84ab4d91-000c-4523-9c5f-2c204b5f6601-GrpcLogAppender: appendEntries Timeout, request=5e893e0a-56f7-4618-9f46-a6ff48173cb6->84ab4d91-000c-4523-9c5f-2c204b5f6601#91-t4, previous=(t:4, i:37), leaderCommit=32, initializing? false, entries: <empty>
 0.00% |█                                                                                                    |  0/1 Time: 0:02:362019-09-17 12:45:32,461 [EventQueue-PipelineActionsForPipelineActionHandler] ERROR pipeline.PipelineActionHandler (PipelineActionHandler.java:onMessage(60)) - Received pipeline action CLOSE for Pipeline[ Id: de0cac9c-8394-42f1-b79d-a43dc1d745e9, Nodes: 5e893e0a-56f7-4618-9f46-a6ff48173cb6{ip: 192.168.5.153, host: pr-hdds-2137-trunk-mnh2s-3748177197, networkLocation: /default-rack, certSerialId: null}84ab4d91-000c-4523-9c5f-2c204b5f6601{ip: 192.168.5.153, host: pr-hdds-2137-trunk-mnh2s-3748177197, networkLocation: /default-rack, certSerialId: null}f7ede272-a28a-44e0-9552-15581fc2de04{ip: 192.168.5.153, host: pr-hdds-2137-trunk-mnh2s-3748177197, networkLocation: /default-rack, certSerialId: null}, Type:RATIS, Factor:THREE, State:CLOSED] from datanode 5e893e0a-56f7-4618-9f46-a6ff48173cb6{ip: 192.168.5.153, host: pr-hdds-2137-trunk-mnh2s-3748177197, networkLocation: /default-rack, certSerialId: null}. Reason : 5e893e0a-56f7-4618-9f46-a6ff48173cb6 has not seen follower/s 84ab4d91-000c-4523-9c5f-2c204b5f6601 for 137349ms f7ede272-a28a-44e0-9552-15581fc2de04 for 137350ms
2019-09-17 12:45:32,461 [EventQueue-PipelineActionsForPipelineActionHandler] INFO  pipeline.SCMPipelineManager (SCMPipelineManager.java:finalizeAndDestroyPipeline(311)) - destroying pipeline:Pipeline[ Id: de0cac9c-8394-42f1-b79d-a43dc1d745e9, Nodes: 5e893e0a-56f7-4618-9f46-a6ff48173cb6{ip: 192.168.5.153, host: pr-hdds-2137-trunk-mnh2s-3748177197, networkLocation: /default-rack, certSerialId: null}84ab4d91-000c-4523-9c5f-2c204b5f6601{ip: 192.168.5.153, host: pr-hdds-2137-trunk-mnh2s-3748177197, networkLocation: /default-rack, certSerialId: null}f7ede272-a28a-44e0-9552-15581fc2de04{ip: 192.168.5.153, host: pr-hdds-2137-trunk-mnh2s-3748177197, networkLocation: /default-rack, certSerialId: null}, Type:RATIS, Factor:THREE, State:CLOSED]
 0.00% |█                                                                                                    |  0/1 Time: 0:02:372019-09-17 12:45:33,971 [org.apache.ratis.server.impl.LogAppender$AppenderDaemon$$Lambda$509/159327213@1c304b8] ERROR ratis.XceiverServerRatis (XceiverServerRatis.java:triggerPipelineClose(575)) - pipeline Action CLOSE  on pipeline PipelineID=de0cac9c-8394-42f1-b79d-a43dc1d745e9.Reason : 5e893e0a-56f7-4618-9f46-a6ff48173cb6 has not seen follower/s 84ab4d91-000c-4523-9c5f-2c204b5f6601 for 139852ms f7ede272-a28a-44e0-9552-15581fc2de04 for 139853ms
2019-09-17 12:45:33,971 [org.apache.ratis.server.impl.LogAppender$AppenderDaemon$$Lambda$509/159327213@619f6f52] ERROR ratis.XceiverServerRatis (XceiverServerRatis.java:triggerPipelineClose(575)) - pipeline Action CLOSE  on pipeline PipelineID=de0cac9c-8394-42f1-b79d-a43dc1d745e9.Reason : 5e893e0a-56f7-4618-9f46-a6ff48173cb6 has not seen follower/s 84ab4d91-000c-4523-9c5f-2c204b5f6601 for 139852ms f7ede272-a28a-44e0-9552-15581fc2de04 for 139853ms
 0.00% |█                                                                                                    |  0/1 Time: 0:02:382019-09-17 12:45:34,316 [f7ede272-a28a-44e0-9552-15581fc2de04@group-A43DC1D745E9-SegmentedRaftLogWorker] WARN  segmented.SegmentedRaftLogWorker (SegmentedRaftLogWorker.java:getFromFuture(90)) - Timeout 13/~
org.apache.ratis.protocol.TimeoutIOException: Timeout 10s: WriteLog:35: (t:4, i:35), STATEMACHINELOGENTRY, client-0D87034729EF, cid=28-writeStateMachineData
	at org.apache.ratis.util.IOUtils.getFromFuture(IOUtils.java:87)
	at org.apache.ratis.server.raftlog.segmented.SegmentedRaftLogWorker$StateMachineDataPolicy.getFromFuture(SegmentedRaftLogWorker.java:87)
	at org.apache.ratis.server.raftlog.segmented.SegmentedRaftLogWorker$WriteLog.execute(SegmentedRaftLogWorker.java:477)
	at org.apache.ratis.server.raftlog.segmented.SegmentedRaftLogWorker.run(SegmentedRaftLogWorker.java:289)
	at java.lang.Thread.run(Thread.java:748)
Caused by: java.util.concurrent.TimeoutException
	at java.util.concurrent.CompletableFuture.timedGet(CompletableFuture.java:1771)
	at java.util.concurrent.CompletableFuture.get(CompletableFuture.java:1915)
	at org.apache.ratis.util.IOUtils.getFromFuture(IOUtils.java:79)
	... 4 more
2019-09-17 12:45:34,323 [5e893e0a-56f7-4618-9f46-a6ff48173cb6@group-A43DC1D745E9-SegmentedRaftLogWorker] WARN  segmented.SegmentedRaftLogWorker (SegmentedRaftLogWorker.java:getFromFuture(90)) - Timeout 13/~
org.apache.ratis.protocol.TimeoutIOException: Timeout 10s: WriteLog:35: (t:4, i:35), STATEMACHINELOGENTRY, client-0D87034729EF, cid=28-writeStateMachineData
	at org.apache.ratis.util.IOUtils.getFromFuture(IOUtils.java:87)
	at org.apache.ratis.server.raftlog.segmented.SegmentedRaftLogWorker$StateMachineDataPolicy.getFromFuture(SegmentedRaftLogWorker.java:87)
	at org.apache.ratis.server.raftlog.segmented.SegmentedRaftLogWorker$WriteLog.execute(SegmentedRaftLogWorker.java:477)
	at org.apache.ratis.server.raftlog.segmented.SegmentedRaftLogWorker.run(SegmentedRaftLogWorker.java:289)
	at java.lang.Thread.run(Thread.java:748)
Caused by: java.util.concurrent.TimeoutException
	at java.util.concurrent.CompletableFuture.timedGet(CompletableFuture.java:1771)
	at java.util.concurrent.CompletableFuture.get(CompletableFuture.java:1915)
	at org.apache.ratis.util.IOUtils.getFromFuture(IOUtils.java:79)
	... 4 more
2019-09-17 12:45:34,323 [84ab4d91-000c-4523-9c5f-2c204b5f6601@group-A43DC1D745E9-SegmentedRaftLogWorker] WARN  segmented.SegmentedRaftLogWorker (SegmentedRaftLogWorker.java:getFromFuture(90)) - Timeout 13/~
org.apache.ratis.protocol.TimeoutIOException: Timeout 10s: WriteLog:35: (t:4, i:35), STATEMACHINELOGENTRY, client-0D87034729EF, cid=28-writeStateMachineData
	at org.apache.ratis.util.IOUtils.getFromFuture(IOUtils.java:87)
	at org.apache.ratis.server.raftlog.segmented.SegmentedRaftLogWorker$StateMachineDataPolicy.getFromFuture(SegmentedRaftLogWorker.java:87)
	at org.apache.ratis.server.raftlog.segmented.SegmentedRaftLogWorker$WriteLog.execute(SegmentedRaftLogWorker.java:477)
	at org.apache.ratis.server.raftlog.segmented.SegmentedRaftLogWorker.run(SegmentedRaftLogWorker.java:289)
	at java.lang.Thread.run(Thread.java:748)
Caused by: java.util.concurrent.TimeoutException
	at java.util.concurrent.CompletableFuture.timedGet(CompletableFuture.java:1771)
	at java.util.concurrent.CompletableFuture.get(CompletableFuture.java:1915)
	at org.apache.ratis.util.IOUtils.getFromFuture(IOUtils.java:79)
	... 4 more
2019-09-17 12:45:34,459 [EventQueue-PipelineActionsForPipelineActionHandler] ERROR pipeline.PipelineActionHandler (PipelineActionHandler.java:onMessage(60)) - Received pipeline action CLOSE for Pipeline[ Id: de0cac9c-8394-42f1-b79d-a43dc1d745e9, Nodes: 5e893e0a-56f7-4618-9f46-a6ff48173cb6{ip: 192.168.5.153, host: pr-hdds-2137-trunk-mnh2s-3748177197, networkLocation: /default-rack, certSerialId: null}84ab4d91-000c-4523-9c5f-2c204b5f6601{ip: 192.168.5.153, host: pr-hdds-2137-trunk-mnh2s-3748177197, networkLocation: /default-rack, certSerialId: null}f7ede272-a28a-44e0-9552-15581fc2de04{ip: 192.168.5.153, host: pr-hdds-2137-trunk-mnh2s-3748177197, networkLocation: /default-rack, certSerialId: null}, Type:RATIS, Factor:THREE, State:CLOSED] from datanode 5e893e0a-56f7-4618-9f46-a6ff48173cb6{ip: 192.168.5.153, host: pr-hdds-2137-trunk-mnh2s-3748177197, networkLocation: /default-rack, certSerialId: null}. Reason : 5e893e0a-56f7-4618-9f46-a6ff48173cb6 has not seen follower/s 84ab4d91-000c-4523-9c5f-2c204b5f6601 for 139852ms f7ede272-a28a-44e0-9552-15581fc2de04 for 139853ms
2019-09-17 12:45:34,460 [EventQueue-PipelineActionsForPipelineActionHandler] INFO  pipeline.SCMPipelineManager (SCMPipelineManager.java:finalizeAndDestroyPipeline(311)) - destroying pipeline:Pipeline[ Id: de0cac9c-8394-42f1-b79d-a43dc1d745e9, Nodes: 5e893e0a-56f7-4618-9f46-a6ff48173cb6{ip: 192.168.5.153, host: pr-hdds-2137-trunk-mnh2s-3748177197, networkLocation: /default-rack, certSerialId: null}84ab4d91-000c-4523-9c5f-2c204b5f6601{ip: 192.168.5.153, host: pr-hdds-2137-trunk-mnh2s-3748177197, networkLocation: /default-rack, certSerialId: null}f7ede272-a28a-44e0-9552-15581fc2de04{ip: 192.168.5.153, host: pr-hdds-2137-trunk-mnh2s-3748177197, networkLocation: /default-rack, certSerialId: null}, Type:RATIS, Factor:THREE, State:CLOSED]
2019-09-17 12:45:34,469 [java.util.concurrent.ThreadPoolExecutor$Worker@26bc7c83[State = -1, empty queue]] WARN  server.GrpcLogAppender (GrpcLogAppender.java:timeoutAppendRequest(200)) - 5e893e0a-56f7-4618-9f46-a6ff48173cb6@group-A43DC1D745E9->84ab4d91-000c-4523-9c5f-2c204b5f6601-GrpcLogAppender: appendEntries Timeout, request=5e893e0a-56f7-4618-9f46-a6ff48173cb6->84ab4d91-000c-4523-9c5f-2c204b5f6601#92-t4, previous=(t:4, i:37), leaderCommit=32, initializing? false, entries: <empty>
2019-09-17 12:45:34,469 [java.util.concurrent.ThreadPoolExecutor$Worker@303223ef[State = -1, empty queue]] WARN  server.GrpcLogAppender (GrpcLogAppender.java:timeoutAppendRequest(200)) - 5e893e0a-56f7-4618-9f46-a6ff48173cb6@group-A43DC1D745E9->f7ede272-a28a-44e0-9552-15581fc2de04-GrpcLogAppender: appendEntries Timeout, request=5e893e0a-56f7-4618-9f46-a6ff48173cb6->f7ede272-a28a-44e0-9552-15581fc2de04#92-t4, previous=(t:4, i:37), leaderCommit=32, initializing? false, entries: <empty>
 0.00% |█                                                                                                    |  0/1 Time: 0:02:392019-09-17 12:45:35,821 [grpc-default-executor-3] INFO  client.GrpcClientProtocolClient (GrpcClientProtocolClient.java:onNext(264)) - client-0D87034729EF->f7ede272-a28a-44e0-9552-15581fc2de04: receive RaftClientReply:client-0D87034729EF->f7ede272-a28a-44e0-9552-15581fc2de04@group-A43DC1D745E9, cid=26, FAILED org.apache.ratis.protocol.NotLeaderException: Server f7ede272-a28a-44e0-9552-15581fc2de04@group-A43DC1D745E9 is not the leader 5e893e0a-56f7-4618-9f46-a6ff48173cb6:192.168.5.153:37060, logIndex=0, commits[f7ede272-a28a-44e0-9552-15581fc2de04:c32, 5e893e0a-56f7-4618-9f46-a6ff48173cb6:c32, 84ab4d91-000c-4523-9c5f-2c204b5f6601:c28]
 0.00% |█                                                                                                    |  0/1 Time: 0:02:402019-09-17 12:45:36,473 [org.apache.ratis.server.impl.LogAppender$AppenderDaemon$$Lambda$509/159327213@619f6f52] ERROR ratis.XceiverServerRatis (XceiverServerRatis.java:triggerPipelineClose(575)) - pipeline Action CLOSE  on pipeline PipelineID=de0cac9c-8394-42f1-b79d-a43dc1d745e9.Reason : 5e893e0a-56f7-4618-9f46-a6ff48173cb6 has not seen follower/s 84ab4d91-000c-4523-9c5f-2c204b5f6601 for 142353ms f7ede272-a28a-44e0-9552-15581fc2de04 for 142354ms
2019-09-17 12:45:36,473 [org.apache.ratis.server.impl.LogAppender$AppenderDaemon$$Lambda$509/159327213@1c304b8] ERROR ratis.XceiverServerRatis (XceiverServerRatis.java:triggerPipelineClose(575)) - pipeline Action CLOSE  on pipeline PipelineID=de0cac9c-8394-42f1-b79d-a43dc1d745e9.Reason : 5e893e0a-56f7-4618-9f46-a6ff48173cb6 has not seen follower/s 84ab4d91-000c-4523-9c5f-2c204b5f6601 for 142353ms f7ede272-a28a-44e0-9552-15581fc2de04 for 142354ms
2019-09-17 12:45:36,971 [java.util.concurrent.ThreadPoolExecutor$Worker@26bc7c83[State = -1, empty queue]] WARN  server.GrpcLogAppender (GrpcLogAppender.java:timeoutAppendRequest(200)) - 5e893e0a-56f7-4618-9f46-a6ff48173cb6@group-A43DC1D745E9->84ab4d91-000c-4523-9c5f-2c204b5f6601-GrpcLogAppender: appendEntries Timeout, request=5e893e0a-56f7-4618-9f46-a6ff48173cb6->84ab4d91-000c-4523-9c5f-2c204b5f6601#93-t4, previous=(t:4, i:37), leaderCommit=32, initializing? false, entries: <empty>
2019-09-17 12:45:36,971 [java.util.concurrent.ThreadPoolExecutor$Worker@303223ef[State = -1, empty queue]] WARN  server.GrpcLogAppender (GrpcLogAppender.java:timeoutAppendRequest(200)) - 5e893e0a-56f7-4618-9f46-a6ff48173cb6@group-A43DC1D745E9->f7ede272-a28a-44e0-9552-15581fc2de04-GrpcLogAppender: appendEntries Timeout, request=5e893e0a-56f7-4618-9f46-a6ff48173cb6->f7ede272-a28a-44e0-9552-15581fc2de04#93-t4, previous=(t:4, i:37), leaderCommit=32, initializing? false, entries: <empty>
 0.00% |█                                                                                                    |  0/1 Time: 0:02:412019-09-17 12:45:37,460 [EventQueue-PipelineActionsForPipelineActionHandler] ERROR pipeline.PipelineActionHandler (PipelineActionHandler.java:onMessage(60)) - Received pipeline action CLOSE for Pipeline[ Id: de0cac9c-8394-42f1-b79d-a43dc1d745e9, Nodes: 5e893e0a-56f7-4618-9f46-a6ff48173cb6{ip: 192.168.5.153, host: pr-hdds-2137-trunk-mnh2s-3748177197, networkLocation: /default-rack, certSerialId: null}84ab4d91-000c-4523-9c5f-2c204b5f6601{ip: 192.168.5.153, host: pr-hdds-2137-trunk-mnh2s-3748177197, networkLocation: /default-rack, certSerialId: null}f7ede272-a28a-44e0-9552-15581fc2de04{ip: 192.168.5.153, host: pr-hdds-2137-trunk-mnh2s-3748177197, networkLocation: /default-rack, certSerialId: null}, Type:RATIS, Factor:THREE, State:CLOSED] from datanode 5e893e0a-56f7-4618-9f46-a6ff48173cb6{ip: 192.168.5.153, host: pr-hdds-2137-trunk-mnh2s-3748177197, networkLocation: /default-rack, certSerialId: null}. Reason : 5e893e0a-56f7-4618-9f46-a6ff48173cb6 has not seen follower/s 84ab4d91-000c-4523-9c5f-2c204b5f6601 for 142353ms f7ede272-a28a-44e0-9552-15581fc2de04 for 142354ms
2019-09-17 12:45:37,460 [EventQueue-PipelineActionsForPipelineActionHandler] INFO  pipeline.SCMPipelineManager (SCMPipelineManager.java:finalizeAndDestroyPipeline(311)) - destroying pipeline:Pipeline[ Id: de0cac9c-8394-42f1-b79d-a43dc1d745e9, Nodes: 5e893e0a-56f7-4618-9f46-a6ff48173cb6{ip: 192.168.5.153, host: pr-hdds-2137-trunk-mnh2s-3748177197, networkLocation: /default-rack, certSerialId: null}84ab4d91-000c-4523-9c5f-2c204b5f6601{ip: 192.168.5.153, host: pr-hdds-2137-trunk-mnh2s-3748177197, networkLocation: /default-rack, certSerialId: null}f7ede272-a28a-44e0-9552-15581fc2de04{ip: 192.168.5.153, host: pr-hdds-2137-trunk-mnh2s-3748177197, networkLocation: /default-rack, certSerialId: null}, Type:RATIS, Factor:THREE, State:CLOSED]
 0.00% |█                                                                                                    |  0/1 Time: 0:02:422019-09-17 12:45:38,975 [org.apache.ratis.server.impl.LogAppender$AppenderDaemon$$Lambda$509/159327213@1c304b8] ERROR ratis.XceiverServerRatis (XceiverServerRatis.java:triggerPipelineClose(575)) - pipeline Action CLOSE  on pipeline PipelineID=de0cac9c-8394-42f1-b79d-a43dc1d745e9.Reason : 5e893e0a-56f7-4618-9f46-a6ff48173cb6 has not seen follower/s 84ab4d91-000c-4523-9c5f-2c204b5f6601 for 144855ms f7ede272-a28a-44e0-9552-15581fc2de04 for 144856ms
2019-09-17 12:45:38,975 [org.apache.ratis.server.impl.LogAppender$AppenderDaemon$$Lambda$509/159327213@619f6f52] ERROR ratis.XceiverServerRatis (XceiverServerRatis.java:triggerPipelineClose(575)) - pipeline Action CLOSE  on pipeline PipelineID=de0cac9c-8394-42f1-b79d-a43dc1d745e9.Reason : 5e893e0a-56f7-4618-9f46-a6ff48173cb6 has not seen follower/s 84ab4d91-000c-4523-9c5f-2c204b5f6601 for 144855ms f7ede272-a28a-44e0-9552-15581fc2de04 for 144856ms
 0.00% |█                                                                                                    |  0/1 Time: 0:02:432019-09-17 12:45:39,459 [EventQueue-PipelineActionsForPipelineActionHandler] ERROR pipeline.PipelineActionHandler (PipelineActionHandler.java:onMessage(60)) - Received pipeline action CLOSE for Pipeline[ Id: de0cac9c-8394-42f1-b79d-a43dc1d745e9, Nodes: 5e893e0a-56f7-4618-9f46-a6ff48173cb6{ip: 192.168.5.153, host: pr-hdds-2137-trunk-mnh2s-3748177197, networkLocation: /default-rack, certSerialId: null}84ab4d91-000c-4523-9c5f-2c204b5f6601{ip: 192.168.5.153, host: pr-hdds-2137-trunk-mnh2s-3748177197, networkLocation: /default-rack, certSerialId: null}f7ede272-a28a-44e0-9552-15581fc2de04{ip: 192.168.5.153, host: pr-hdds-2137-trunk-mnh2s-3748177197, networkLocation: /default-rack, certSerialId: null}, Type:RATIS, Factor:THREE, State:CLOSED] from datanode 5e893e0a-56f7-4618-9f46-a6ff48173cb6{ip: 192.168.5.153, host: pr-hdds-2137-trunk-mnh2s-3748177197, networkLocation: /default-rack, certSerialId: null}. Reason : 5e893e0a-56f7-4618-9f46-a6ff48173cb6 has not seen follower/s 84ab4d91-000c-4523-9c5f-2c204b5f6601 for 144855ms f7ede272-a28a-44e0-9552-15581fc2de04 for 144856ms
2019-09-17 12:45:39,459 [EventQueue-PipelineActionsForPipelineActionHandler] INFO  pipeline.SCMPipelineManager (SCMPipelineManager.java:finalizeAndDestroyPipeline(311)) - destroying pipeline:Pipeline[ Id: de0cac9c-8394-42f1-b79d-a43dc1d745e9, Nodes: 5e893e0a-56f7-4618-9f46-a6ff48173cb6{ip: 192.168.5.153, host: pr-hdds-2137-trunk-mnh2s-3748177197, networkLocation: /default-rack, certSerialId: null}84ab4d91-000c-4523-9c5f-2c204b5f6601{ip: 192.168.5.153, host: pr-hdds-2137-trunk-mnh2s-3748177197, networkLocation: /default-rack, certSerialId: null}f7ede272-a28a-44e0-9552-15581fc2de04{ip: 192.168.5.153, host: pr-hdds-2137-trunk-mnh2s-3748177197, networkLocation: /default-rack, certSerialId: null}, Type:RATIS, Factor:THREE, State:CLOSED]
2019-09-17 12:45:39,473 [java.util.concurrent.ThreadPoolExecutor$Worker@303223ef[State = -1, empty queue]] WARN  server.GrpcLogAppender (GrpcLogAppender.java:timeoutAppendRequest(200)) - 5e893e0a-56f7-4618-9f46-a6ff48173cb6@group-A43DC1D745E9->f7ede272-a28a-44e0-9552-15581fc2de04-GrpcLogAppender: appendEntries Timeout, request=5e893e0a-56f7-4618-9f46-a6ff48173cb6->f7ede272-a28a-44e0-9552-15581fc2de04#94-t4, previous=(t:4, i:37), leaderCommit=32, initializing? false, entries: <empty>
2019-09-17 12:45:39,473 [java.util.concurrent.ThreadPoolExecutor$Worker@26bc7c83[State = -1, empty queue]] WARN  server.GrpcLogAppender (GrpcLogAppender.java:timeoutAppendRequest(200)) - 5e893e0a-56f7-4618-9f46-a6ff48173cb6@group-A43DC1D745E9->84ab4d91-000c-4523-9c5f-2c204b5f6601-GrpcLogAppender: appendEntries Timeout, request=5e893e0a-56f7-4618-9f46-a6ff48173cb6->84ab4d91-000c-4523-9c5f-2c204b5f6601#94-t4, previous=(t:4, i:37), leaderCommit=32, initializing? false, entries: <empty>
 0.00% |█                                                                                                    |  0/1 Time: 0:02:442019-09-17 12:45:40,875 [grpc-default-executor-2] INFO  client.GrpcClientProtocolClient (GrpcClientProtocolClient.java:onNext(264)) - client-0D87034729EF->f7ede272-a28a-44e0-9552-15581fc2de04: receive RaftClientReply:client-0D87034729EF->f7ede272-a28a-44e0-9552-15581fc2de04@group-A43DC1D745E9, cid=26, FAILED org.apache.ratis.protocol.NotLeaderException: Server f7ede272-a28a-44e0-9552-15581fc2de04@group-A43DC1D745E9 is not the leader 5e893e0a-56f7-4618-9f46-a6ff48173cb6:192.168.5.153:37060, logIndex=0, commits[f7ede272-a28a-44e0-9552-15581fc2de04:c32, 5e893e0a-56f7-4618-9f46-a6ff48173cb6:c32, 84ab4d91-000c-4523-9c5f-2c204b5f6601:c28]
 0.00% |█                                                                                                    |  0/1 Time: 0:02:452019-09-17 12:45:41,477 [org.apache.ratis.server.impl.LogAppender$AppenderDaemon$$Lambda$509/159327213@619f6f52] ERROR ratis.XceiverServerRatis (XceiverServerRatis.java:triggerPipelineClose(575)) - pipeline Action CLOSE  on pipeline PipelineID=de0cac9c-8394-42f1-b79d-a43dc1d745e9.Reason : 5e893e0a-56f7-4618-9f46-a6ff48173cb6 has not seen follower/s 84ab4d91-000c-4523-9c5f-2c204b5f6601 for 147357ms f7ede272-a28a-44e0-9552-15581fc2de04 for 147358ms
2019-09-17 12:45:41,477 [org.apache.ratis.server.impl.LogAppender$AppenderDaemon$$Lambda$509/159327213@1c304b8] ERROR ratis.XceiverServerRatis (XceiverServerRatis.java:triggerPipelineClose(575)) - pipeline Action CLOSE  on pipeline PipelineID=de0cac9c-8394-42f1-b79d-a43dc1d745e9.Reason : 5e893e0a-56f7-4618-9f46-a6ff48173cb6 has not seen follower/s 84ab4d91-000c-4523-9c5f-2c204b5f6601 for 147357ms f7ede272-a28a-44e0-9552-15581fc2de04 for 147358ms
2019-09-17 12:45:41,975 [java.util.concurrent.ThreadPoolExecutor$Worker@26bc7c83[State = -1, empty queue]] WARN  server.GrpcLogAppender (GrpcLogAppender.java:timeoutAppendRequest(200)) - 5e893e0a-56f7-4618-9f46-a6ff48173cb6@group-A43DC1D745E9->84ab4d91-000c-4523-9c5f-2c204b5f6601-GrpcLogAppender: appendEntries Timeout, request=5e893e0a-56f7-4618-9f46-a6ff48173cb6->84ab4d91-000c-4523-9c5f-2c204b5f6601#95-t4, previous=(t:4, i:37), leaderCommit=32, initializing? false, entries: <empty>
2019-09-17 12:45:41,975 [java.util.concurrent.ThreadPoolExecutor$Worker@303223ef[State = -1, empty queue]] WARN  server.GrpcLogAppender (GrpcLogAppender.java:timeoutAppendRequest(200)) - 5e893e0a-56f7-4618-9f46-a6ff48173cb6@group-A43DC1D745E9->f7ede272-a28a-44e0-9552-15581fc2de04-GrpcLogAppender: appendEntries Timeout, request=5e893e0a-56f7-4618-9f46-a6ff48173cb6->f7ede272-a28a-44e0-9552-15581fc2de04#95-t4, previous=(t:4, i:37), leaderCommit=32, initializing? false, entries: <empty>
 0.00% |█                                                                                                    |  0/1 Time: 0:02:462019-09-17 12:45:42,461 [EventQueue-PipelineActionsForPipelineActionHandler] ERROR pipeline.PipelineActionHandler (PipelineActionHandler.java:onMessage(60)) - Received pipeline action CLOSE for Pipeline[ Id: de0cac9c-8394-42f1-b79d-a43dc1d745e9, Nodes: 5e893e0a-56f7-4618-9f46-a6ff48173cb6{ip: 192.168.5.153, host: pr-hdds-2137-trunk-mnh2s-3748177197, networkLocation: /default-rack, certSerialId: null}84ab4d91-000c-4523-9c5f-2c204b5f6601{ip: 192.168.5.153, host: pr-hdds-2137-trunk-mnh2s-3748177197, networkLocation: /default-rack, certSerialId: null}f7ede272-a28a-44e0-9552-15581fc2de04{ip: 192.168.5.153, host: pr-hdds-2137-trunk-mnh2s-3748177197, networkLocation: /default-rack, certSerialId: null}, Type:RATIS, Factor:THREE, State:CLOSED] from datanode 5e893e0a-56f7-4618-9f46-a6ff48173cb6{ip: 192.168.5.153, host: pr-hdds-2137-trunk-mnh2s-3748177197, networkLocation: /default-rack, certSerialId: null}. Reason : 5e893e0a-56f7-4618-9f46-a6ff48173cb6 has not seen follower/s 84ab4d91-000c-4523-9c5f-2c204b5f6601 for 147357ms f7ede272-a28a-44e0-9552-15581fc2de04 for 147358ms
2019-09-17 12:45:42,461 [EventQueue-PipelineActionsForPipelineActionHandler] INFO  pipeline.SCMPipelineManager (SCMPipelineManager.java:finalizeAndDestroyPipeline(311)) - destroying pipeline:Pipeline[ Id: de0cac9c-8394-42f1-b79d-a43dc1d745e9, Nodes: 5e893e0a-56f7-4618-9f46-a6ff48173cb6{ip: 192.168.5.153, host: pr-hdds-2137-trunk-mnh2s-3748177197, networkLocation: /default-rack, certSerialId: null}84ab4d91-000c-4523-9c5f-2c204b5f6601{ip: 192.168.5.153, host: pr-hdds-2137-trunk-mnh2s-3748177197, networkLocation: /default-rack, certSerialId: null}f7ede272-a28a-44e0-9552-15581fc2de04{ip: 192.168.5.153, host: pr-hdds-2137-trunk-mnh2s-3748177197, networkLocation: /default-rack, certSerialId: null}, Type:RATIS, Factor:THREE, State:CLOSED]
 0.00% |█                                                                                                    |  0/1 Time: 0:02:472019-09-17 12:45:43,979 [org.apache.ratis.server.impl.LogAppender$AppenderDaemon$$Lambda$509/159327213@619f6f52] ERROR ratis.XceiverServerRatis (XceiverServerRatis.java:triggerPipelineClose(575)) - pipeline Action CLOSE  on pipeline PipelineID=de0cac9c-8394-42f1-b79d-a43dc1d745e9.Reason : 5e893e0a-56f7-4618-9f46-a6ff48173cb6 has not seen follower/s 84ab4d91-000c-4523-9c5f-2c204b5f6601 for 149859ms f7ede272-a28a-44e0-9552-15581fc2de04 for 149860ms
2019-09-17 12:45:43,979 [org.apache.ratis.server.impl.LogAppender$AppenderDaemon$$Lambda$509/159327213@1c304b8] ERROR ratis.XceiverServerRatis (XceiverServerRatis.java:triggerPipelineClose(575)) - pipeline Action CLOSE  on pipeline PipelineID=de0cac9c-8394-42f1-b79d-a43dc1d745e9.Reason : 5e893e0a-56f7-4618-9f46-a6ff48173cb6 has not seen follower/s 84ab4d91-000c-4523-9c5f-2c204b5f6601 for 149859ms f7ede272-a28a-44e0-9552-15581fc2de04 for 149860ms
 0.00% |█                                                                                                    |  0/1 Time: 0:02:482019-09-17 12:45:44,318 [f7ede272-a28a-44e0-9552-15581fc2de04@group-A43DC1D745E9-SegmentedRaftLogWorker] WARN  segmented.SegmentedRaftLogWorker (SegmentedRaftLogWorker.java:getFromFuture(90)) - Timeout 14/~
org.apache.ratis.protocol.TimeoutIOException: Timeout 10s: WriteLog:35: (t:4, i:35), STATEMACHINELOGENTRY, client-0D87034729EF, cid=28-writeStateMachineData
	at org.apache.ratis.util.IOUtils.getFromFuture(IOUtils.java:87)
	at org.apache.ratis.server.raftlog.segmented.SegmentedRaftLogWorker$StateMachineDataPolicy.getFromFuture(SegmentedRaftLogWorker.java:87)
	at org.apache.ratis.server.raftlog.segmented.SegmentedRaftLogWorker$WriteLog.execute(SegmentedRaftLogWorker.java:477)
	at org.apache.ratis.server.raftlog.segmented.SegmentedRaftLogWorker.run(SegmentedRaftLogWorker.java:289)
	at java.lang.Thread.run(Thread.java:748)
Caused by: java.util.concurrent.TimeoutException
	at java.util.concurrent.CompletableFuture.timedGet(CompletableFuture.java:1771)
	at java.util.concurrent.CompletableFuture.get(CompletableFuture.java:1915)
	at org.apache.ratis.util.IOUtils.getFromFuture(IOUtils.java:79)
	... 4 more
2019-09-17 12:45:44,323 [5e893e0a-56f7-4618-9f46-a6ff48173cb6@group-A43DC1D745E9-SegmentedRaftLogWorker] WARN  segmented.SegmentedRaftLogWorker (SegmentedRaftLogWorker.java:getFromFuture(90)) - Timeout 14/~
org.apache.ratis.protocol.TimeoutIOException: Timeout 10s: WriteLog:35: (t:4, i:35), STATEMACHINELOGENTRY, client-0D87034729EF, cid=28-writeStateMachineData
	at org.apache.ratis.util.IOUtils.getFromFuture(IOUtils.java:87)
	at org.apache.ratis.server.raftlog.segmented.SegmentedRaftLogWorker$StateMachineDataPolicy.getFromFuture(SegmentedRaftLogWorker.java:87)
	at org.apache.ratis.server.raftlog.segmented.SegmentedRaftLogWorker$WriteLog.execute(SegmentedRaftLogWorker.java:477)
	at org.apache.ratis.server.raftlog.segmented.SegmentedRaftLogWorker.run(SegmentedRaftLogWorker.java:289)
	at java.lang.Thread.run(Thread.java:748)
Caused by: java.util.concurrent.TimeoutException
	at java.util.concurrent.CompletableFuture.timedGet(CompletableFuture.java:1771)
	at java.util.concurrent.CompletableFuture.get(CompletableFuture.java:1915)
	at org.apache.ratis.util.IOUtils.getFromFuture(IOUtils.java:79)
	... 4 more
2019-09-17 12:45:44,324 [84ab4d91-000c-4523-9c5f-2c204b5f6601@group-A43DC1D745E9-SegmentedRaftLogWorker] WARN  segmented.SegmentedRaftLogWorker (SegmentedRaftLogWorker.java:getFromFuture(90)) - Timeout 14/~
org.apache.ratis.protocol.TimeoutIOException: Timeout 10s: WriteLog:35: (t:4, i:35), STATEMACHINELOGENTRY, client-0D87034729EF, cid=28-writeStateMachineData
	at org.apache.ratis.util.IOUtils.getFromFuture(IOUtils.java:87)
	at org.apache.ratis.server.raftlog.segmented.SegmentedRaftLogWorker$StateMachineDataPolicy.getFromFuture(SegmentedRaftLogWorker.java:87)
	at org.apache.ratis.server.raftlog.segmented.SegmentedRaftLogWorker$WriteLog.execute(SegmentedRaftLogWorker.java:477)
	at org.apache.ratis.server.raftlog.segmented.SegmentedRaftLogWorker.run(SegmentedRaftLogWorker.java:289)
	at java.lang.Thread.run(Thread.java:748)
Caused by: java.util.concurrent.TimeoutException
	at java.util.concurrent.CompletableFuture.timedGet(CompletableFuture.java:1771)
	at java.util.concurrent.CompletableFuture.get(CompletableFuture.java:1915)
	at org.apache.ratis.util.IOUtils.getFromFuture(IOUtils.java:79)
	... 4 more
2019-09-17 12:45:44,461 [EventQueue-PipelineActionsForPipelineActionHandler] ERROR pipeline.PipelineActionHandler (PipelineActionHandler.java:onMessage(60)) - Received pipeline action CLOSE for Pipeline[ Id: de0cac9c-8394-42f1-b79d-a43dc1d745e9, Nodes: 5e893e0a-56f7-4618-9f46-a6ff48173cb6{ip: 192.168.5.153, host: pr-hdds-2137-trunk-mnh2s-3748177197, networkLocation: /default-rack, certSerialId: null}84ab4d91-000c-4523-9c5f-2c204b5f6601{ip: 192.168.5.153, host: pr-hdds-2137-trunk-mnh2s-3748177197, networkLocation: /default-rack, certSerialId: null}f7ede272-a28a-44e0-9552-15581fc2de04{ip: 192.168.5.153, host: pr-hdds-2137-trunk-mnh2s-3748177197, networkLocation: /default-rack, certSerialId: null}, Type:RATIS, Factor:THREE, State:CLOSED] from datanode 5e893e0a-56f7-4618-9f46-a6ff48173cb6{ip: 192.168.5.153, host: pr-hdds-2137-trunk-mnh2s-3748177197, networkLocation: /default-rack, certSerialId: null}. Reason : 5e893e0a-56f7-4618-9f46-a6ff48173cb6 has not seen follower/s 84ab4d91-000c-4523-9c5f-2c204b5f6601 for 149859ms f7ede272-a28a-44e0-9552-15581fc2de04 for 149860ms
2019-09-17 12:45:44,461 [EventQueue-PipelineActionsForPipelineActionHandler] INFO  pipeline.SCMPipelineManager (SCMPipelineManager.java:finalizeAndDestroyPipeline(311)) - destroying pipeline:Pipeline[ Id: de0cac9c-8394-42f1-b79d-a43dc1d745e9, Nodes: 5e893e0a-56f7-4618-9f46-a6ff48173cb6{ip: 192.168.5.153, host: pr-hdds-2137-trunk-mnh2s-3748177197, networkLocation: /default-rack, certSerialId: null}84ab4d91-000c-4523-9c5f-2c204b5f6601{ip: 192.168.5.153, host: pr-hdds-2137-trunk-mnh2s-3748177197, networkLocation: /default-rack, certSerialId: null}f7ede272-a28a-44e0-9552-15581fc2de04{ip: 192.168.5.153, host: pr-hdds-2137-trunk-mnh2s-3748177197, networkLocation: /default-rack, certSerialId: null}, Type:RATIS, Factor:THREE, State:CLOSED]
2019-09-17 12:45:44,476 [java.util.concurrent.ThreadPoolExecutor$Worker@303223ef[State = -1, empty queue]] WARN  server.GrpcLogAppender (GrpcLogAppender.java:timeoutAppendRequest(200)) - 5e893e0a-56f7-4618-9f46-a6ff48173cb6@group-A43DC1D745E9->f7ede272-a28a-44e0-9552-15581fc2de04-GrpcLogAppender: appendEntries Timeout, request=5e893e0a-56f7-4618-9f46-a6ff48173cb6->f7ede272-a28a-44e0-9552-15581fc2de04#96-t4, previous=(t:4, i:37), leaderCommit=32, initializing? false, entries: <empty>
2019-09-17 12:45:44,476 [java.util.concurrent.ThreadPoolExecutor$Worker@26bc7c83[State = -1, empty queue]] WARN  server.GrpcLogAppender (GrpcLogAppender.java:timeoutAppendRequest(200)) - 5e893e0a-56f7-4618-9f46-a6ff48173cb6@group-A43DC1D745E9->84ab4d91-000c-4523-9c5f-2c204b5f6601-GrpcLogAppender: appendEntries Timeout, request=5e893e0a-56f7-4618-9f46-a6ff48173cb6->84ab4d91-000c-4523-9c5f-2c204b5f6601#96-t4, previous=(t:4, i:37), leaderCommit=32, initializing? false, entries: <empty>
 0.00% |█                                                                                                    |  0/1 Time: 0:02:492019-09-17 12:45:45,931 [grpc-default-executor-3] INFO  client.GrpcClientProtocolClient (GrpcClientProtocolClient.java:onNext(264)) - client-0D87034729EF->84ab4d91-000c-4523-9c5f-2c204b5f6601: receive RaftClientReply:client-0D87034729EF->84ab4d91-000c-4523-9c5f-2c204b5f6601@group-A43DC1D745E9, cid=26, FAILED org.apache.ratis.protocol.NotLeaderException: Server 84ab4d91-000c-4523-9c5f-2c204b5f6601@group-A43DC1D745E9 is not the leader 5e893e0a-56f7-4618-9f46-a6ff48173cb6:192.168.5.153:37060, logIndex=0, commits[84ab4d91-000c-4523-9c5f-2c204b5f6601:c32, 5e893e0a-56f7-4618-9f46-a6ff48173cb6:c32, f7ede272-a28a-44e0-9552-15581fc2de04:c28]
 0.00% |█                                                                                                    |  0/1 Time: 0:02:502019-09-17 12:45:46,480 [org.apache.ratis.server.impl.LogAppender$AppenderDaemon$$Lambda$509/159327213@619f6f52] ERROR ratis.XceiverServerRatis (XceiverServerRatis.java:triggerPipelineClose(575)) - pipeline Action CLOSE  on pipeline PipelineID=de0cac9c-8394-42f1-b79d-a43dc1d745e9.Reason : 5e893e0a-56f7-4618-9f46-a6ff48173cb6 has not seen follower/s 84ab4d91-000c-4523-9c5f-2c204b5f6601 for 152360ms f7ede272-a28a-44e0-9552-15581fc2de04 for 152361ms
2019-09-17 12:45:46,480 [org.apache.ratis.server.impl.LogAppender$AppenderDaemon$$Lambda$509/159327213@1c304b8] ERROR ratis.XceiverServerRatis (XceiverServerRatis.java:triggerPipelineClose(575)) - pipeline Action CLOSE  on pipeline PipelineID=de0cac9c-8394-42f1-b79d-a43dc1d745e9.Reason : 5e893e0a-56f7-4618-9f46-a6ff48173cb6 has not seen follower/s 84ab4d91-000c-4523-9c5f-2c204b5f6601 for 152360ms f7ede272-a28a-44e0-9552-15581fc2de04 for 152361ms
2019-09-17 12:45:46,978 [java.util.concurrent.ThreadPoolExecutor$Worker@26bc7c83[State = -1, empty queue]] WARN  server.GrpcLogAppender (GrpcLogAppender.java:timeoutAppendRequest(200)) - 5e893e0a-56f7-4618-9f46-a6ff48173cb6@group-A43DC1D745E9->84ab4d91-000c-4523-9c5f-2c204b5f6601-GrpcLogAppender: appendEntries Timeout, request=5e893e0a-56f7-4618-9f46-a6ff48173cb6->84ab4d91-000c-4523-9c5f-2c204b5f6601#97-t4, previous=(t:4, i:37), leaderCommit=32, initializing? false, entries: <empty>
2019-09-17 12:45:46,978 [java.util.concurrent.ThreadPoolExecutor$Worker@303223ef[State = -1, empty queue]] WARN  server.GrpcLogAppender (GrpcLogAppender.java:timeoutAppendRequest(200)) - 5e893e0a-56f7-4618-9f46-a6ff48173cb6@group-A43DC1D745E9->f7ede272-a28a-44e0-9552-15581fc2de04-GrpcLogAppender: appendEntries Timeout, request=5e893e0a-56f7-4618-9f46-a6ff48173cb6->f7ede272-a28a-44e0-9552-15581fc2de04#97-t4, previous=(t:4, i:37), leaderCommit=32, initializing? false, entries: <empty>
 0.00% |█                                                                                                    |  0/1 Time: 0:02:512019-09-17 12:45:47,461 [EventQueue-PipelineActionsForPipelineActionHandler] ERROR pipeline.PipelineActionHandler (PipelineActionHandler.java:onMessage(60)) - Received pipeline action CLOSE for Pipeline[ Id: de0cac9c-8394-42f1-b79d-a43dc1d745e9, Nodes: 5e893e0a-56f7-4618-9f46-a6ff48173cb6{ip: 192.168.5.153, host: pr-hdds-2137-trunk-mnh2s-3748177197, networkLocation: /default-rack, certSerialId: null}84ab4d91-000c-4523-9c5f-2c204b5f6601{ip: 192.168.5.153, host: pr-hdds-2137-trunk-mnh2s-3748177197, networkLocation: /default-rack, certSerialId: null}f7ede272-a28a-44e0-9552-15581fc2de04{ip: 192.168.5.153, host: pr-hdds-2137-trunk-mnh2s-3748177197, networkLocation: /default-rack, certSerialId: null}, Type:RATIS, Factor:THREE, State:CLOSED] from datanode 5e893e0a-56f7-4618-9f46-a6ff48173cb6{ip: 192.168.5.153, host: pr-hdds-2137-trunk-mnh2s-3748177197, networkLocation: /default-rack, certSerialId: null}. Reason : 5e893e0a-56f7-4618-9f46-a6ff48173cb6 has not seen follower/s 84ab4d91-000c-4523-9c5f-2c204b5f6601 for 152360ms f7ede272-a28a-44e0-9552-15581fc2de04 for 152361ms
2019-09-17 12:45:47,461 [EventQueue-PipelineActionsForPipelineActionHandler] INFO  pipeline.SCMPipelineManager (SCMPipelineManager.java:finalizeAndDestroyPipeline(311)) - destroying pipeline:Pipeline[ Id: de0cac9c-8394-42f1-b79d-a43dc1d745e9, Nodes: 5e893e0a-56f7-4618-9f46-a6ff48173cb6{ip: 192.168.5.153, host: pr-hdds-2137-trunk-mnh2s-3748177197, networkLocation: /default-rack, certSerialId: null}84ab4d91-000c-4523-9c5f-2c204b5f6601{ip: 192.168.5.153, host: pr-hdds-2137-trunk-mnh2s-3748177197, networkLocation: /default-rack, certSerialId: null}f7ede272-a28a-44e0-9552-15581fc2de04{ip: 192.168.5.153, host: pr-hdds-2137-trunk-mnh2s-3748177197, networkLocation: /default-rack, certSerialId: null}, Type:RATIS, Factor:THREE, State:CLOSED]
 0.00% |█                                                                                                    |  0/1 Time: 0:02:522019-09-17 12:45:48,981 [org.apache.ratis.server.impl.LogAppender$AppenderDaemon$$Lambda$509/159327213@1c304b8] ERROR ratis.XceiverServerRatis (XceiverServerRatis.java:triggerPipelineClose(575)) - pipeline Action CLOSE  on pipeline PipelineID=de0cac9c-8394-42f1-b79d-a43dc1d745e9.Reason : 5e893e0a-56f7-4618-9f46-a6ff48173cb6 has not seen follower/s 84ab4d91-000c-4523-9c5f-2c204b5f6601 for 154862ms f7ede272-a28a-44e0-9552-15581fc2de04 for 154863ms
2019-09-17 12:45:48,981 [org.apache.ratis.server.impl.LogAppender$AppenderDaemon$$Lambda$509/159327213@619f6f52] ERROR ratis.XceiverServerRatis (XceiverServerRatis.java:triggerPipelineClose(575)) - pipeline Action CLOSE  on pipeline PipelineID=de0cac9c-8394-42f1-b79d-a43dc1d745e9.Reason : 5e893e0a-56f7-4618-9f46-a6ff48173cb6 has not seen follower/s 84ab4d91-000c-4523-9c5f-2c204b5f6601 for 154862ms f7ede272-a28a-44e0-9552-15581fc2de04 for 154863ms
 0.00% |█                                                                                                    |  0/1 Time: 0:02:532019-09-17 12:45:49,464 [EventQueue-PipelineActionsForPipelineActionHandler] ERROR pipeline.PipelineActionHandler (PipelineActionHandler.java:onMessage(60)) - Received pipeline action CLOSE for Pipeline[ Id: de0cac9c-8394-42f1-b79d-a43dc1d745e9, Nodes: 5e893e0a-56f7-4618-9f46-a6ff48173cb6{ip: 192.168.5.153, host: pr-hdds-2137-trunk-mnh2s-3748177197, networkLocation: /default-rack, certSerialId: null}84ab4d91-000c-4523-9c5f-2c204b5f6601{ip: 192.168.5.153, host: pr-hdds-2137-trunk-mnh2s-3748177197, networkLocation: /default-rack, certSerialId: null}f7ede272-a28a-44e0-9552-15581fc2de04{ip: 192.168.5.153, host: pr-hdds-2137-trunk-mnh2s-3748177197, networkLocation: /default-rack, certSerialId: null}, Type:RATIS, Factor:THREE, State:CLOSED] from datanode 5e893e0a-56f7-4618-9f46-a6ff48173cb6{ip: 192.168.5.153, host: pr-hdds-2137-trunk-mnh2s-3748177197, networkLocation: /default-rack, certSerialId: null}. Reason : 5e893e0a-56f7-4618-9f46-a6ff48173cb6 has not seen follower/s 84ab4d91-000c-4523-9c5f-2c204b5f6601 for 154862ms f7ede272-a28a-44e0-9552-15581fc2de04 for 154863ms
2019-09-17 12:45:49,465 [EventQueue-PipelineActionsForPipelineActionHandler] INFO  pipeline.SCMPipelineManager (SCMPipelineManager.java:finalizeAndDestroyPipeline(311)) - destroying pipeline:Pipeline[ Id: de0cac9c-8394-42f1-b79d-a43dc1d745e9, Nodes: 5e893e0a-56f7-4618-9f46-a6ff48173cb6{ip: 192.168.5.153, host: pr-hdds-2137-trunk-mnh2s-3748177197, networkLocation: /default-rack, certSerialId: null}84ab4d91-000c-4523-9c5f-2c204b5f6601{ip: 192.168.5.153, host: pr-hdds-2137-trunk-mnh2s-3748177197, networkLocation: /default-rack, certSerialId: null}f7ede272-a28a-44e0-9552-15581fc2de04{ip: 192.168.5.153, host: pr-hdds-2137-trunk-mnh2s-3748177197, networkLocation: /default-rack, certSerialId: null}, Type:RATIS, Factor:THREE, State:CLOSED]
2019-09-17 12:45:49,480 [java.util.concurrent.ThreadPoolExecutor$Worker@303223ef[State = -1, empty queue]] WARN  server.GrpcLogAppender (GrpcLogAppender.java:timeoutAppendRequest(200)) - 5e893e0a-56f7-4618-9f46-a6ff48173cb6@group-A43DC1D745E9->f7ede272-a28a-44e0-9552-15581fc2de04-GrpcLogAppender: appendEntries Timeout, request=5e893e0a-56f7-4618-9f46-a6ff48173cb6->f7ede272-a28a-44e0-9552-15581fc2de04#98-t4, previous=(t:4, i:37), leaderCommit=32, initializing? false, entries: <empty>
2019-09-17 12:45:49,480 [java.util.concurrent.ThreadPoolExecutor$Worker@26bc7c83[State = -1, empty queue]] WARN  server.GrpcLogAppender (GrpcLogAppender.java:timeoutAppendRequest(200)) - 5e893e0a-56f7-4618-9f46-a6ff48173cb6@group-A43DC1D745E9->84ab4d91-000c-4523-9c5f-2c204b5f6601-GrpcLogAppender: appendEntries Timeout, request=5e893e0a-56f7-4618-9f46-a6ff48173cb6->84ab4d91-000c-4523-9c5f-2c204b5f6601#98-t4, previous=(t:4, i:37), leaderCommit=32, initializing? false, entries: <empty>
 0.00% |█                                                                                                    |  0/1 Time: 0:02:542019-09-17 12:45:51,006 [grpc-default-executor-3] INFO  client.GrpcClientProtocolClient (GrpcClientProtocolClient.java:onNext(264)) - client-0D87034729EF->f7ede272-a28a-44e0-9552-15581fc2de04: receive RaftClientReply:client-0D87034729EF->f7ede272-a28a-44e0-9552-15581fc2de04@group-A43DC1D745E9, cid=26, FAILED org.apache.ratis.protocol.NotLeaderException: Server f7ede272-a28a-44e0-9552-15581fc2de04@group-A43DC1D745E9 is not the leader 5e893e0a-56f7-4618-9f46-a6ff48173cb6:192.168.5.153:37060, logIndex=0, commits[f7ede272-a28a-44e0-9552-15581fc2de04:c32, 5e893e0a-56f7-4618-9f46-a6ff48173cb6:c32, 84ab4d91-000c-4523-9c5f-2c204b5f6601:c28]
 0.00% |█                                                                                                    |  0/1 Time: 0:02:552019-09-17 12:45:51,483 [org.apache.ratis.server.impl.LogAppender$AppenderDaemon$$Lambda$509/159327213@619f6f52] ERROR ratis.XceiverServerRatis (XceiverServerRatis.java:triggerPipelineClose(575)) - pipeline Action CLOSE  on pipeline PipelineID=de0cac9c-8394-42f1-b79d-a43dc1d745e9.Reason : 5e893e0a-56f7-4618-9f46-a6ff48173cb6 has not seen follower/s 84ab4d91-000c-4523-9c5f-2c204b5f6601 for 157363ms f7ede272-a28a-44e0-9552-15581fc2de04 for 157364ms
2019-09-17 12:45:51,483 [org.apache.ratis.server.impl.LogAppender$AppenderDaemon$$Lambda$509/159327213@1c304b8] ERROR ratis.XceiverServerRatis (XceiverServerRatis.java:triggerPipelineClose(575)) - pipeline Action CLOSE  on pipeline PipelineID=de0cac9c-8394-42f1-b79d-a43dc1d745e9.Reason : 5e893e0a-56f7-4618-9f46-a6ff48173cb6 has not seen follower/s 84ab4d91-000c-4523-9c5f-2c204b5f6601 for 157363ms f7ede272-a28a-44e0-9552-15581fc2de04 for 157364ms
2019-09-17 12:45:51,981 [java.util.concurrent.ThreadPoolExecutor$Worker@26bc7c83[State = -1, empty queue]] WARN  server.GrpcLogAppender (GrpcLogAppender.java:timeoutAppendRequest(200)) - 5e893e0a-56f7-4618-9f46-a6ff48173cb6@group-A43DC1D745E9->84ab4d91-000c-4523-9c5f-2c204b5f6601-GrpcLogAppender: appendEntries Timeout, request=5e893e0a-56f7-4618-9f46-a6ff48173cb6->84ab4d91-000c-4523-9c5f-2c204b5f6601#99-t4, previous=(t:4, i:37), leaderCommit=32, initializing? false, entries: <empty>
2019-09-17 12:45:51,981 [java.util.concurrent.ThreadPoolExecutor$Worker@303223ef[State = -1, empty queue]] WARN  server.GrpcLogAppender (GrpcLogAppender.java:timeoutAppendRequest(200)) - 5e893e0a-56f7-4618-9f46-a6ff48173cb6@group-A43DC1D745E9->f7ede272-a28a-44e0-9552-15581fc2de04-GrpcLogAppender: appendEntries Timeout, request=5e893e0a-56f7-4618-9f46-a6ff48173cb6->f7ede272-a28a-44e0-9552-15581fc2de04#99-t4, previous=(t:4, i:37), leaderCommit=32, initializing? false, entries: <empty>
 0.00% |█                                                                                                    |  0/1 Time: 0:02:562019-09-17 12:45:52,466 [EventQueue-PipelineActionsForPipelineActionHandler] ERROR pipeline.PipelineActionHandler (PipelineActionHandler.java:onMessage(60)) - Received pipeline action CLOSE for Pipeline[ Id: de0cac9c-8394-42f1-b79d-a43dc1d745e9, Nodes: 5e893e0a-56f7-4618-9f46-a6ff48173cb6{ip: 192.168.5.153, host: pr-hdds-2137-trunk-mnh2s-3748177197, networkLocation: /default-rack, certSerialId: null}84ab4d91-000c-4523-9c5f-2c204b5f6601{ip: 192.168.5.153, host: pr-hdds-2137-trunk-mnh2s-3748177197, networkLocation: /default-rack, certSerialId: null}f7ede272-a28a-44e0-9552-15581fc2de04{ip: 192.168.5.153, host: pr-hdds-2137-trunk-mnh2s-3748177197, networkLocation: /default-rack, certSerialId: null}, Type:RATIS, Factor:THREE, State:CLOSED] from datanode 5e893e0a-56f7-4618-9f46-a6ff48173cb6{ip: 192.168.5.153, host: pr-hdds-2137-trunk-mnh2s-3748177197, networkLocation: /default-rack, certSerialId: null}. Reason : 5e893e0a-56f7-4618-9f46-a6ff48173cb6 has not seen follower/s 84ab4d91-000c-4523-9c5f-2c204b5f6601 for 157363ms f7ede272-a28a-44e0-9552-15581fc2de04 for 157364ms
2019-09-17 12:45:52,466 [EventQueue-PipelineActionsForPipelineActionHandler] INFO  pipeline.SCMPipelineManager (SCMPipelineManager.java:finalizeAndDestroyPipeline(311)) - destroying pipeline:Pipeline[ Id: de0cac9c-8394-42f1-b79d-a43dc1d745e9, Nodes: 5e893e0a-56f7-4618-9f46-a6ff48173cb6{ip: 192.168.5.153, host: pr-hdds-2137-trunk-mnh2s-3748177197, networkLocation: /default-rack, certSerialId: null}84ab4d91-000c-4523-9c5f-2c204b5f6601{ip: 192.168.5.153, host: pr-hdds-2137-trunk-mnh2s-3748177197, networkLocation: /default-rack, certSerialId: null}f7ede272-a28a-44e0-9552-15581fc2de04{ip: 192.168.5.153, host: pr-hdds-2137-trunk-mnh2s-3748177197, networkLocation: /default-rack, certSerialId: null}, Type:RATIS, Factor:THREE, State:CLOSED]
 0.00% |█                                                                                                    |  0/1 Time: 0:02:572019-09-17 12:45:53,985 [org.apache.ratis.server.impl.LogAppender$AppenderDaemon$$Lambda$509/159327213@619f6f52] ERROR ratis.XceiverServerRatis (XceiverServerRatis.java:triggerPipelineClose(575)) - pipeline Action CLOSE  on pipeline PipelineID=de0cac9c-8394-42f1-b79d-a43dc1d745e9.Reason : 5e893e0a-56f7-4618-9f46-a6ff48173cb6 has not seen follower/s 84ab4d91-000c-4523-9c5f-2c204b5f6601 for 159865ms f7ede272-a28a-44e0-9552-15581fc2de04 for 159866ms
2019-09-17 12:45:53,985 [org.apache.ratis.server.impl.LogAppender$AppenderDaemon$$Lambda$509/159327213@1c304b8] ERROR ratis.XceiverServerRatis (XceiverServerRatis.java:triggerPipelineClose(575)) - pipeline Action CLOSE  on pipeline PipelineID=de0cac9c-8394-42f1-b79d-a43dc1d745e9.Reason : 5e893e0a-56f7-4618-9f46-a6ff48173cb6 has not seen follower/s 84ab4d91-000c-4523-9c5f-2c204b5f6601 for 159865ms f7ede272-a28a-44e0-9552-15581fc2de04 for 159866ms
 0.00% |█                                                                                                    |  0/1 Time: 0:02:582019-09-17 12:45:54,319 [f7ede272-a28a-44e0-9552-15581fc2de04@group-A43DC1D745E9-SegmentedRaftLogWorker] WARN  segmented.SegmentedRaftLogWorker (SegmentedRaftLogWorker.java:getFromFuture(90)) - Timeout 15/~
org.apache.ratis.protocol.TimeoutIOException: Timeout 10s: WriteLog:35: (t:4, i:35), STATEMACHINELOGENTRY, client-0D87034729EF, cid=28-writeStateMachineData
	at org.apache.ratis.util.IOUtils.getFromFuture(IOUtils.java:87)
	at org.apache.ratis.server.raftlog.segmented.SegmentedRaftLogWorker$StateMachineDataPolicy.getFromFuture(SegmentedRaftLogWorker.java:87)
	at org.apache.ratis.server.raftlog.segmented.SegmentedRaftLogWorker$WriteLog.execute(SegmentedRaftLogWorker.java:477)
	at org.apache.ratis.server.raftlog.segmented.SegmentedRaftLogWorker.run(SegmentedRaftLogWorker.java:289)
	at java.lang.Thread.run(Thread.java:748)
Caused by: java.util.concurrent.TimeoutException
	at java.util.concurrent.CompletableFuture.timedGet(CompletableFuture.java:1771)
	at java.util.concurrent.CompletableFuture.get(CompletableFuture.java:1915)
	at org.apache.ratis.util.IOUtils.getFromFuture(IOUtils.java:79)
	... 4 more
2019-09-17 12:45:54,324 [5e893e0a-56f7-4618-9f46-a6ff48173cb6@group-A43DC1D745E9-SegmentedRaftLogWorker] WARN  segmented.SegmentedRaftLogWorker (SegmentedRaftLogWorker.java:getFromFuture(90)) - Timeout 15/~
org.apache.ratis.protocol.TimeoutIOException: Timeout 10s: WriteLog:35: (t:4, i:35), STATEMACHINELOGENTRY, client-0D87034729EF, cid=28-writeStateMachineData
	at org.apache.ratis.util.IOUtils.getFromFuture(IOUtils.java:87)
	at org.apache.ratis.server.raftlog.segmented.SegmentedRaftLogWorker$StateMachineDataPolicy.getFromFuture(SegmentedRaftLogWorker.java:87)
	at org.apache.ratis.server.raftlog.segmented.SegmentedRaftLogWorker$WriteLog.execute(SegmentedRaftLogWorker.java:477)
	at org.apache.ratis.server.raftlog.segmented.SegmentedRaftLogWorker.run(SegmentedRaftLogWorker.java:289)
	at java.lang.Thread.run(Thread.java:748)
Caused by: java.util.concurrent.TimeoutException
	at java.util.concurrent.CompletableFuture.timedGet(CompletableFuture.java:1771)
	at java.util.concurrent.CompletableFuture.get(CompletableFuture.java:1915)
	at org.apache.ratis.util.IOUtils.getFromFuture(IOUtils.java:79)
	... 4 more
2019-09-17 12:45:54,332 [84ab4d91-000c-4523-9c5f-2c204b5f6601@group-A43DC1D745E9-SegmentedRaftLogWorker] WARN  segmented.SegmentedRaftLogWorker (SegmentedRaftLogWorker.java:getFromFuture(90)) - Timeout 15/~
org.apache.ratis.protocol.TimeoutIOException: Timeout 10s: WriteLog:35: (t:4, i:35), STATEMACHINELOGENTRY, client-0D87034729EF, cid=28-writeStateMachineData
	at org.apache.ratis.util.IOUtils.getFromFuture(IOUtils.java:87)
	at org.apache.ratis.server.raftlog.segmented.SegmentedRaftLogWorker$StateMachineDataPolicy.getFromFuture(SegmentedRaftLogWorker.java:87)
	at org.apache.ratis.server.raftlog.segmented.SegmentedRaftLogWorker$WriteLog.execute(SegmentedRaftLogWorker.java:477)
	at org.apache.ratis.server.raftlog.segmented.SegmentedRaftLogWorker.run(SegmentedRaftLogWorker.java:289)
	at java.lang.Thread.run(Thread.java:748)
Caused by: java.util.concurrent.TimeoutException
	at java.util.concurrent.CompletableFuture.timedGet(CompletableFuture.java:1771)
	at java.util.concurrent.CompletableFuture.get(CompletableFuture.java:1915)
	at org.apache.ratis.util.IOUtils.getFromFuture(IOUtils.java:79)
	... 4 more
2019-09-17 12:45:54,464 [EventQueue-PipelineActionsForPipelineActionHandler] ERROR pipeline.PipelineActionHandler (PipelineActionHandler.java:onMessage(60)) - Received pipeline action CLOSE for Pipeline[ Id: de0cac9c-8394-42f1-b79d-a43dc1d745e9, Nodes: 5e893e0a-56f7-4618-9f46-a6ff48173cb6{ip: 192.168.5.153, host: pr-hdds-2137-trunk-mnh2s-3748177197, networkLocation: /default-rack, certSerialId: null}84ab4d91-000c-4523-9c5f-2c204b5f6601{ip: 192.168.5.153, host: pr-hdds-2137-trunk-mnh2s-3748177197, networkLocation: /default-rack, certSerialId: null}f7ede272-a28a-44e0-9552-15581fc2de04{ip: 192.168.5.153, host: pr-hdds-2137-trunk-mnh2s-3748177197, networkLocation: /default-rack, certSerialId: null}, Type:RATIS, Factor:THREE, State:CLOSED] from datanode 5e893e0a-56f7-4618-9f46-a6ff48173cb6{ip: 192.168.5.153, host: pr-hdds-2137-trunk-mnh2s-3748177197, networkLocation: /default-rack, certSerialId: null}. Reason : 5e893e0a-56f7-4618-9f46-a6ff48173cb6 has not seen follower/s 84ab4d91-000c-4523-9c5f-2c204b5f6601 for 159865ms f7ede272-a28a-44e0-9552-15581fc2de04 for 159866ms
2019-09-17 12:45:54,464 [EventQueue-PipelineActionsForPipelineActionHandler] INFO  pipeline.SCMPipelineManager (SCMPipelineManager.java:finalizeAndDestroyPipeline(311)) - destroying pipeline:Pipeline[ Id: de0cac9c-8394-42f1-b79d-a43dc1d745e9, Nodes: 5e893e0a-56f7-4618-9f46-a6ff48173cb6{ip: 192.168.5.153, host: pr-hdds-2137-trunk-mnh2s-3748177197, networkLocation: /default-rack, certSerialId: null}84ab4d91-000c-4523-9c5f-2c204b5f6601{ip: 192.168.5.153, host: pr-hdds-2137-trunk-mnh2s-3748177197, networkLocation: /default-rack, certSerialId: null}f7ede272-a28a-44e0-9552-15581fc2de04{ip: 192.168.5.153, host: pr-hdds-2137-trunk-mnh2s-3748177197, networkLocation: /default-rack, certSerialId: null}, Type:RATIS, Factor:THREE, State:CLOSED]
2019-09-17 12:45:54,483 [java.util.concurrent.ThreadPoolExecutor$Worker@26bc7c83[State = -1, empty queue]] WARN  server.GrpcLogAppender (GrpcLogAppender.java:timeoutAppendRequest(200)) - 5e893e0a-56f7-4618-9f46-a6ff48173cb6@group-A43DC1D745E9->84ab4d91-000c-4523-9c5f-2c204b5f6601-GrpcLogAppender: appendEntries Timeout, request=5e893e0a-56f7-4618-9f46-a6ff48173cb6->84ab4d91-000c-4523-9c5f-2c204b5f6601#100-t4, previous=(t:4, i:37), leaderCommit=32, initializing? false, entries: <empty>
2019-09-17 12:45:54,483 [java.util.concurrent.ThreadPoolExecutor$Worker@303223ef[State = -1, empty queue]] WARN  server.GrpcLogAppender (GrpcLogAppender.java:timeoutAppendRequest(200)) - 5e893e0a-56f7-4618-9f46-a6ff48173cb6@group-A43DC1D745E9->f7ede272-a28a-44e0-9552-15581fc2de04-GrpcLogAppender: appendEntries Timeout, request=5e893e0a-56f7-4618-9f46-a6ff48173cb6->f7ede272-a28a-44e0-9552-15581fc2de04#100-t4, previous=(t:4, i:37), leaderCommit=32, initializing? false, entries: <empty>
 0.00% |█                                                                                                    |  0/1 Time: 0:02:592019-09-17 12:45:56,058 [grpc-default-executor-0] INFO  client.GrpcClientProtocolClient (GrpcClientProtocolClient.java:onNext(264)) - client-0D87034729EF->84ab4d91-000c-4523-9c5f-2c204b5f6601: receive RaftClientReply:client-0D87034729EF->84ab4d91-000c-4523-9c5f-2c204b5f6601@group-A43DC1D745E9, cid=26, FAILED org.apache.ratis.protocol.NotLeaderException: Server 84ab4d91-000c-4523-9c5f-2c204b5f6601@group-A43DC1D745E9 is not the leader 5e893e0a-56f7-4618-9f46-a6ff48173cb6:192.168.5.153:37060, logIndex=0, commits[84ab4d91-000c-4523-9c5f-2c204b5f6601:c32, 5e893e0a-56f7-4618-9f46-a6ff48173cb6:c32, f7ede272-a28a-44e0-9552-15581fc2de04:c28]
 0.00% |█                                                                                                    |  0/1 Time: 0:03:002019-09-17 12:45:56,486 [org.apache.ratis.server.impl.LogAppender$AppenderDaemon$$Lambda$509/159327213@1c304b8] ERROR ratis.XceiverServerRatis (XceiverServerRatis.java:triggerPipelineClose(575)) - pipeline Action CLOSE  on pipeline PipelineID=de0cac9c-8394-42f1-b79d-a43dc1d745e9.Reason : 5e893e0a-56f7-4618-9f46-a6ff48173cb6 has not seen follower/s 84ab4d91-000c-4523-9c5f-2c204b5f6601 for 162367ms f7ede272-a28a-44e0-9552-15581fc2de04 for 162368ms
2019-09-17 12:45:56,486 [org.apache.ratis.server.impl.LogAppender$AppenderDaemon$$Lambda$509/159327213@619f6f52] ERROR ratis.XceiverServerRatis (XceiverServerRatis.java:triggerPipelineClose(575)) - pipeline Action CLOSE  on pipeline PipelineID=de0cac9c-8394-42f1-b79d-a43dc1d745e9.Reason : 5e893e0a-56f7-4618-9f46-a6ff48173cb6 has not seen follower/s 84ab4d91-000c-4523-9c5f-2c204b5f6601 for 162367ms f7ede272-a28a-44e0-9552-15581fc2de04 for 162368ms
2019-09-17 12:45:56,985 [java.util.concurrent.ThreadPoolExecutor$Worker@303223ef[State = -1, empty queue]] WARN  server.GrpcLogAppender (GrpcLogAppender.java:timeoutAppendRequest(200)) - 5e893e0a-56f7-4618-9f46-a6ff48173cb6@group-A43DC1D745E9->f7ede272-a28a-44e0-9552-15581fc2de04-GrpcLogAppender: appendEntries Timeout, request=5e893e0a-56f7-4618-9f46-a6ff48173cb6->f7ede272-a28a-44e0-9552-15581fc2de04#101-t4, previous=(t:4, i:37), leaderCommit=32, initializing? false, entries: <empty>
2019-09-17 12:45:56,985 [java.util.concurrent.ThreadPoolExecutor$Worker@26bc7c83[State = -1, empty queue]] WARN  server.GrpcLogAppender (GrpcLogAppender.java:timeoutAppendRequest(200)) - 5e893e0a-56f7-4618-9f46-a6ff48173cb6@group-A43DC1D745E9->84ab4d91-000c-4523-9c5f-2c204b5f6601-GrpcLogAppender: appendEntries Timeout, request=5e893e0a-56f7-4618-9f46-a6ff48173cb6->84ab4d91-000c-4523-9c5f-2c204b5f6601#101-t4, previous=(t:4, i:37), leaderCommit=32, initializing? false, entries: <empty>
 0.00% |█                                                                                                    |  0/1 Time: 0:03:012019-09-17 12:45:57,463 [EventQueue-PipelineActionsForPipelineActionHandler] ERROR pipeline.PipelineActionHandler (PipelineActionHandler.java:onMessage(60)) - Received pipeline action CLOSE for Pipeline[ Id: de0cac9c-8394-42f1-b79d-a43dc1d745e9, Nodes: 5e893e0a-56f7-4618-9f46-a6ff48173cb6{ip: 192.168.5.153, host: pr-hdds-2137-trunk-mnh2s-3748177197, networkLocation: /default-rack, certSerialId: null}84ab4d91-000c-4523-9c5f-2c204b5f6601{ip: 192.168.5.153, host: pr-hdds-2137-trunk-mnh2s-3748177197, networkLocation: /default-rack, certSerialId: null}f7ede272-a28a-44e0-9552-15581fc2de04{ip: 192.168.5.153, host: pr-hdds-2137-trunk-mnh2s-3748177197, networkLocation: /default-rack, certSerialId: null}, Type:RATIS, Factor:THREE, State:CLOSED] from datanode 5e893e0a-56f7-4618-9f46-a6ff48173cb6{ip: 192.168.5.153, host: pr-hdds-2137-trunk-mnh2s-3748177197, networkLocation: /default-rack, certSerialId: null}. Reason : 5e893e0a-56f7-4618-9f46-a6ff48173cb6 has not seen follower/s 84ab4d91-000c-4523-9c5f-2c204b5f6601 for 162367ms f7ede272-a28a-44e0-9552-15581fc2de04 for 162368ms
2019-09-17 12:45:57,463 [EventQueue-PipelineActionsForPipelineActionHandler] INFO  pipeline.SCMPipelineManager (SCMPipelineManager.java:finalizeAndDestroyPipeline(311)) - destroying pipeline:Pipeline[ Id: de0cac9c-8394-42f1-b79d-a43dc1d745e9, Nodes: 5e893e0a-56f7-4618-9f46-a6ff48173cb6{ip: 192.168.5.153, host: pr-hdds-2137-trunk-mnh2s-3748177197, networkLocation: /default-rack, certSerialId: null}84ab4d91-000c-4523-9c5f-2c204b5f6601{ip: 192.168.5.153, host: pr-hdds-2137-trunk-mnh2s-3748177197, networkLocation: /default-rack, certSerialId: null}f7ede272-a28a-44e0-9552-15581fc2de04{ip: 192.168.5.153, host: pr-hdds-2137-trunk-mnh2s-3748177197, networkLocation: /default-rack, certSerialId: null}, Type:RATIS, Factor:THREE, State:CLOSED]
 0.00% |█                                                                                                    |  0/1 Time: 0:03:022019-09-17 12:45:58,989 [org.apache.ratis.server.impl.LogAppender$AppenderDaemon$$Lambda$509/159327213@619f6f52] ERROR ratis.XceiverServerRatis (XceiverServerRatis.java:triggerPipelineClose(575)) - pipeline Action CLOSE  on pipeline PipelineID=de0cac9c-8394-42f1-b79d-a43dc1d745e9.Reason : 5e893e0a-56f7-4618-9f46-a6ff48173cb6 has not seen follower/s 84ab4d91-000c-4523-9c5f-2c204b5f6601 for 164869ms f7ede272-a28a-44e0-9552-15581fc2de04 for 164870ms
2019-09-17 12:45:58,989 [org.apache.ratis.server.impl.LogAppender$AppenderDaemon$$Lambda$509/159327213@1c304b8] ERROR ratis.XceiverServerRatis (XceiverServerRatis.java:triggerPipelineClose(575)) - pipeline Action CLOSE  on pipeline PipelineID=de0cac9c-8394-42f1-b79d-a43dc1d745e9.Reason : 5e893e0a-56f7-4618-9f46-a6ff48173cb6 has not seen follower/s 84ab4d91-000c-4523-9c5f-2c204b5f6601 for 164869ms f7ede272-a28a-44e0-9552-15581fc2de04 for 164870ms
 0.00% |█                                                                                                    |  0/1 Time: 0:03:032019-09-17 12:45:59,466 [EventQueue-PipelineActionsForPipelineActionHandler] ERROR pipeline.PipelineActionHandler (PipelineActionHandler.java:onMessage(60)) - Received pipeline action CLOSE for Pipeline[ Id: de0cac9c-8394-42f1-b79d-a43dc1d745e9, Nodes: 5e893e0a-56f7-4618-9f46-a6ff48173cb6{ip: 192.168.5.153, host: pr-hdds-2137-trunk-mnh2s-3748177197, networkLocation: /default-rack, certSerialId: null}84ab4d91-000c-4523-9c5f-2c204b5f6601{ip: 192.168.5.153, host: pr-hdds-2137-trunk-mnh2s-3748177197, networkLocation: /default-rack, certSerialId: null}f7ede272-a28a-44e0-9552-15581fc2de04{ip: 192.168.5.153, host: pr-hdds-2137-trunk-mnh2s-3748177197, networkLocation: /default-rack, certSerialId: null}, Type:RATIS, Factor:THREE, State:CLOSED] from datanode 5e893e0a-56f7-4618-9f46-a6ff48173cb6{ip: 192.168.5.153, host: pr-hdds-2137-trunk-mnh2s-3748177197, networkLocation: /default-rack, certSerialId: null}. Reason : 5e893e0a-56f7-4618-9f46-a6ff48173cb6 has not seen follower/s 84ab4d91-000c-4523-9c5f-2c204b5f6601 for 164869ms f7ede272-a28a-44e0-9552-15581fc2de04 for 164870ms
2019-09-17 12:45:59,467 [EventQueue-PipelineActionsForPipelineActionHandler] INFO  pipeline.SCMPipelineManager (SCMPipelineManager.java:finalizeAndDestroyPipeline(311)) - destroying pipeline:Pipeline[ Id: de0cac9c-8394-42f1-b79d-a43dc1d745e9, Nodes: 5e893e0a-56f7-4618-9f46-a6ff48173cb6{ip: 192.168.5.153, host: pr-hdds-2137-trunk-mnh2s-3748177197, networkLocation: /default-rack, certSerialId: null}84ab4d91-000c-4523-9c5f-2c204b5f6601{ip: 192.168.5.153, host: pr-hdds-2137-trunk-mnh2s-3748177197, networkLocation: /default-rack, certSerialId: null}f7ede272-a28a-44e0-9552-15581fc2de04{ip: 192.168.5.153, host: pr-hdds-2137-trunk-mnh2s-3748177197, networkLocation: /default-rack, certSerialId: null}, Type:RATIS, Factor:THREE, State:CLOSED]
2019-09-17 12:45:59,486 [java.util.concurrent.ThreadPoolExecutor$Worker@303223ef[State = -1, empty queue]] WARN  server.GrpcLogAppender (GrpcLogAppender.java:timeoutAppendRequest(200)) - 5e893e0a-56f7-4618-9f46-a6ff48173cb6@group-A43DC1D745E9->f7ede272-a28a-44e0-9552-15581fc2de04-GrpcLogAppender: appendEntries Timeout, request=5e893e0a-56f7-4618-9f46-a6ff48173cb6->f7ede272-a28a-44e0-9552-15581fc2de04#102-t4, previous=(t:4, i:37), leaderCommit=32, initializing? false, entries: <empty>
2019-09-17 12:45:59,486 [java.util.concurrent.ThreadPoolExecutor$Worker@26bc7c83[State = -1, empty queue]] WARN  server.GrpcLogAppender (GrpcLogAppender.java:timeoutAppendRequest(200)) - 5e893e0a-56f7-4618-9f46-a6ff48173cb6@group-A43DC1D745E9->84ab4d91-000c-4523-9c5f-2c204b5f6601-GrpcLogAppender: appendEntries Timeout, request=5e893e0a-56f7-4618-9f46-a6ff48173cb6->84ab4d91-000c-4523-9c5f-2c204b5f6601#102-t4, previous=(t:4, i:37), leaderCommit=32, initializing? false, entries: <empty>
 0.00% |█                                                                                                    |  0/1 Time: 0:03:042019-09-17 12:46:01,101 [grpc-default-executor-2] INFO  client.GrpcClientProtocolClient (GrpcClientProtocolClient.java:onNext(264)) - client-0D87034729EF->f7ede272-a28a-44e0-9552-15581fc2de04: receive RaftClientReply:client-0D87034729EF->f7ede272-a28a-44e0-9552-15581fc2de04@group-A43DC1D745E9, cid=26, FAILED org.apache.ratis.protocol.NotLeaderException: Server f7ede272-a28a-44e0-9552-15581fc2de04@group-A43DC1D745E9 is not the leader 5e893e0a-56f7-4618-9f46-a6ff48173cb6:192.168.5.153:37060, logIndex=0, commits[f7ede272-a28a-44e0-9552-15581fc2de04:c32, 5e893e0a-56f7-4618-9f46-a6ff48173cb6:c32, 84ab4d91-000c-4523-9c5f-2c204b5f6601:c28]
 0.00% |█                                                                                                    |  0/1 Time: 0:03:052019-09-17 12:46:01,489 [org.apache.ratis.server.impl.LogAppender$AppenderDaemon$$Lambda$509/159327213@1c304b8] ERROR ratis.XceiverServerRatis (XceiverServerRatis.java:triggerPipelineClose(575)) - pipeline Action CLOSE  on pipeline PipelineID=de0cac9c-8394-42f1-b79d-a43dc1d745e9.Reason : 5e893e0a-56f7-4618-9f46-a6ff48173cb6 has not seen follower/s 84ab4d91-000c-4523-9c5f-2c204b5f6601 for 167370ms f7ede272-a28a-44e0-9552-15581fc2de04 for 167371ms
2019-09-17 12:46:01,489 [org.apache.ratis.server.impl.LogAppender$AppenderDaemon$$Lambda$509/159327213@619f6f52] ERROR ratis.XceiverServerRatis (XceiverServerRatis.java:triggerPipelineClose(575)) - pipeline Action CLOSE  on pipeline PipelineID=de0cac9c-8394-42f1-b79d-a43dc1d745e9.Reason : 5e893e0a-56f7-4618-9f46-a6ff48173cb6 has not seen follower/s 84ab4d91-000c-4523-9c5f-2c204b5f6601 for 167370ms f7ede272-a28a-44e0-9552-15581fc2de04 for 167371ms
2019-09-17 12:46:01,988 [java.util.concurrent.ThreadPoolExecutor$Worker@26bc7c83[State = -1, empty queue]] WARN  server.GrpcLogAppender (GrpcLogAppender.java:timeoutAppendRequest(200)) - 5e893e0a-56f7-4618-9f46-a6ff48173cb6@group-A43DC1D745E9->84ab4d91-000c-4523-9c5f-2c204b5f6601-GrpcLogAppender: appendEntries Timeout, request=5e893e0a-56f7-4618-9f46-a6ff48173cb6->84ab4d91-000c-4523-9c5f-2c204b5f6601#103-t4, previous=(t:4, i:37), leaderCommit=32, initializing? false, entries: <empty>
2019-09-17 12:46:01,988 [java.util.concurrent.ThreadPoolExecutor$Worker@303223ef[State = -1, empty queue]] WARN  server.GrpcLogAppender (GrpcLogAppender.java:timeoutAppendRequest(200)) - 5e893e0a-56f7-4618-9f46-a6ff48173cb6@group-A43DC1D745E9->f7ede272-a28a-44e0-9552-15581fc2de04-GrpcLogAppender: appendEntries Timeout, request=5e893e0a-56f7-4618-9f46-a6ff48173cb6->f7ede272-a28a-44e0-9552-15581fc2de04#103-t4, previous=(t:4, i:37), leaderCommit=32, initializing? false, entries: <empty>
 0.00% |█                                                                                                    |  0/1 Time: 0:03:062019-09-17 12:46:02,465 [EventQueue-PipelineActionsForPipelineActionHandler] ERROR pipeline.PipelineActionHandler (PipelineActionHandler.java:onMessage(60)) - Received pipeline action CLOSE for Pipeline[ Id: de0cac9c-8394-42f1-b79d-a43dc1d745e9, Nodes: 5e893e0a-56f7-4618-9f46-a6ff48173cb6{ip: 192.168.5.153, host: pr-hdds-2137-trunk-mnh2s-3748177197, networkLocation: /default-rack, certSerialId: null}84ab4d91-000c-4523-9c5f-2c204b5f6601{ip: 192.168.5.153, host: pr-hdds-2137-trunk-mnh2s-3748177197, networkLocation: /default-rack, certSerialId: null}f7ede272-a28a-44e0-9552-15581fc2de04{ip: 192.168.5.153, host: pr-hdds-2137-trunk-mnh2s-3748177197, networkLocation: /default-rack, certSerialId: null}, Type:RATIS, Factor:THREE, State:CLOSED] from datanode 5e893e0a-56f7-4618-9f46-a6ff48173cb6{ip: 192.168.5.153, host: pr-hdds-2137-trunk-mnh2s-3748177197, networkLocation: /default-rack, certSerialId: null}. Reason : 5e893e0a-56f7-4618-9f46-a6ff48173cb6 has not seen follower/s 84ab4d91-000c-4523-9c5f-2c204b5f6601 for 167370ms f7ede272-a28a-44e0-9552-15581fc2de04 for 167371ms
2019-09-17 12:46:02,465 [EventQueue-PipelineActionsForPipelineActionHandler] INFO  pipeline.SCMPipelineManager (SCMPipelineManager.java:finalizeAndDestroyPipeline(311)) - destroying pipeline:Pipeline[ Id: de0cac9c-8394-42f1-b79d-a43dc1d745e9, Nodes: 5e893e0a-56f7-4618-9f46-a6ff48173cb6{ip: 192.168.5.153, host: pr-hdds-2137-trunk-mnh2s-3748177197, networkLocation: /default-rack, certSerialId: null}84ab4d91-000c-4523-9c5f-2c204b5f6601{ip: 192.168.5.153, host: pr-hdds-2137-trunk-mnh2s-3748177197, networkLocation: /default-rack, certSerialId: null}f7ede272-a28a-44e0-9552-15581fc2de04{ip: 192.168.5.153, host: pr-hdds-2137-trunk-mnh2s-3748177197, networkLocation: /default-rack, certSerialId: null}, Type:RATIS, Factor:THREE, State:CLOSED]
 0.00% |█                                                                                                    |  0/1 Time: 0:03:072019-09-17 12:46:03,992 [org.apache.ratis.server.impl.LogAppender$AppenderDaemon$$Lambda$509/159327213@619f6f52] ERROR ratis.XceiverServerRatis (XceiverServerRatis.java:triggerPipelineClose(575)) - pipeline Action CLOSE  on pipeline PipelineID=de0cac9c-8394-42f1-b79d-a43dc1d745e9.Reason : 5e893e0a-56f7-4618-9f46-a6ff48173cb6 has not seen follower/s 84ab4d91-000c-4523-9c5f-2c204b5f6601 for 169872ms f7ede272-a28a-44e0-9552-15581fc2de04 for 169873ms
2019-09-17 12:46:03,992 [org.apache.ratis.server.impl.LogAppender$AppenderDaemon$$Lambda$509/159327213@1c304b8] ERROR ratis.XceiverServerRatis (XceiverServerRatis.java:triggerPipelineClose(575)) - pipeline Action CLOSE  on pipeline PipelineID=de0cac9c-8394-42f1-b79d-a43dc1d745e9.Reason : 5e893e0a-56f7-4618-9f46-a6ff48173cb6 has not seen follower/s 84ab4d91-000c-4523-9c5f-2c204b5f6601 for 169872ms f7ede272-a28a-44e0-9552-15581fc2de04 for 169873ms
 0.00% |█                                                                                                    |  0/1 Time: 0:03:082019-09-17 12:46:04,321 [f7ede272-a28a-44e0-9552-15581fc2de04@group-A43DC1D745E9-SegmentedRaftLogWorker] WARN  segmented.SegmentedRaftLogWorker (SegmentedRaftLogWorker.java:getFromFuture(90)) - Timeout 16/~
org.apache.ratis.protocol.TimeoutIOException: Timeout 10s: WriteLog:35: (t:4, i:35), STATEMACHINELOGENTRY, client-0D87034729EF, cid=28-writeStateMachineData
	at org.apache.ratis.util.IOUtils.getFromFuture(IOUtils.java:87)
	at org.apache.ratis.server.raftlog.segmented.SegmentedRaftLogWorker$StateMachineDataPolicy.getFromFuture(SegmentedRaftLogWorker.java:87)
	at org.apache.ratis.server.raftlog.segmented.SegmentedRaftLogWorker$WriteLog.execute(SegmentedRaftLogWorker.java:477)
	at org.apache.ratis.server.raftlog.segmented.SegmentedRaftLogWorker.run(SegmentedRaftLogWorker.java:289)
	at java.lang.Thread.run(Thread.java:748)
Caused by: java.util.concurrent.TimeoutException
	at java.util.concurrent.CompletableFuture.timedGet(CompletableFuture.java:1771)
	at java.util.concurrent.CompletableFuture.get(CompletableFuture.java:1915)
	at org.apache.ratis.util.IOUtils.getFromFuture(IOUtils.java:79)
	... 4 more
2019-09-17 12:46:04,332 [5e893e0a-56f7-4618-9f46-a6ff48173cb6@group-A43DC1D745E9-SegmentedRaftLogWorker] WARN  segmented.SegmentedRaftLogWorker (SegmentedRaftLogWorker.java:getFromFuture(90)) - Timeout 16/~
org.apache.ratis.protocol.TimeoutIOException: Timeout 10s: WriteLog:35: (t:4, i:35), STATEMACHINELOGENTRY, client-0D87034729EF, cid=28-writeStateMachineData
	at org.apache.ratis.util.IOUtils.getFromFuture(IOUtils.java:87)
	at org.apache.ratis.server.raftlog.segmented.SegmentedRaftLogWorker$StateMachineDataPolicy.getFromFuture(SegmentedRaftLogWorker.java:87)
	at org.apache.ratis.server.raftlog.segmented.SegmentedRaftLogWorker$WriteLog.execute(SegmentedRaftLogWorker.java:477)
	at org.apache.ratis.server.raftlog.segmented.SegmentedRaftLogWorker.run(SegmentedRaftLogWorker.java:289)
	at java.lang.Thread.run(Thread.java:748)
Caused by: java.util.concurrent.TimeoutException
	at java.util.concurrent.CompletableFuture.timedGet(CompletableFuture.java:1771)
	at java.util.concurrent.CompletableFuture.get(CompletableFuture.java:1915)
	at org.apache.ratis.util.IOUtils.getFromFuture(IOUtils.java:79)
	... 4 more
2019-09-17 12:46:04,334 [84ab4d91-000c-4523-9c5f-2c204b5f6601@group-A43DC1D745E9-SegmentedRaftLogWorker] WARN  segmented.SegmentedRaftLogWorker (SegmentedRaftLogWorker.java:getFromFuture(90)) - Timeout 16/~
org.apache.ratis.protocol.TimeoutIOException: Timeout 10s: WriteLog:35: (t:4, i:35), STATEMACHINELOGENTRY, client-0D87034729EF, cid=28-writeStateMachineData
	at org.apache.ratis.util.IOUtils.getFromFuture(IOUtils.java:87)
	at org.apache.ratis.server.raftlog.segmented.SegmentedRaftLogWorker$StateMachineDataPolicy.getFromFuture(SegmentedRaftLogWorker.java:87)
	at org.apache.ratis.server.raftlog.segmented.SegmentedRaftLogWorker$WriteLog.execute(SegmentedRaftLogWorker.java:477)
	at org.apache.ratis.server.raftlog.segmented.SegmentedRaftLogWorker.run(SegmentedRaftLogWorker.java:289)
	at java.lang.Thread.run(Thread.java:748)
Caused by: java.util.concurrent.TimeoutException
	at java.util.concurrent.CompletableFuture.timedGet(CompletableFuture.java:1771)
	at java.util.concurrent.CompletableFuture.get(CompletableFuture.java:1915)
	at org.apache.ratis.util.IOUtils.getFromFuture(IOUtils.java:79)
	... 4 more
2019-09-17 12:46:04,465 [EventQueue-PipelineActionsForPipelineActionHandler] ERROR pipeline.PipelineActionHandler (PipelineActionHandler.java:onMessage(60)) - Received pipeline action CLOSE for Pipeline[ Id: de0cac9c-8394-42f1-b79d-a43dc1d745e9, Nodes: 5e893e0a-56f7-4618-9f46-a6ff48173cb6{ip: 192.168.5.153, host: pr-hdds-2137-trunk-mnh2s-3748177197, networkLocation: /default-rack, certSerialId: null}84ab4d91-000c-4523-9c5f-2c204b5f6601{ip: 192.168.5.153, host: pr-hdds-2137-trunk-mnh2s-3748177197, networkLocation: /default-rack, certSerialId: null}f7ede272-a28a-44e0-9552-15581fc2de04{ip: 192.168.5.153, host: pr-hdds-2137-trunk-mnh2s-3748177197, networkLocation: /default-rack, certSerialId: null}, Type:RATIS, Factor:THREE, State:CLOSED] from datanode 5e893e0a-56f7-4618-9f46-a6ff48173cb6{ip: 192.168.5.153, host: pr-hdds-2137-trunk-mnh2s-3748177197, networkLocation: /default-rack, certSerialId: null}. Reason : 5e893e0a-56f7-4618-9f46-a6ff48173cb6 has not seen follower/s 84ab4d91-000c-4523-9c5f-2c204b5f6601 for 169872ms f7ede272-a28a-44e0-9552-15581fc2de04 for 169873ms
2019-09-17 12:46:04,466 [EventQueue-PipelineActionsForPipelineActionHandler] INFO  pipeline.SCMPipelineManager (SCMPipelineManager.java:finalizeAndDestroyPipeline(311)) - destroying pipeline:Pipeline[ Id: de0cac9c-8394-42f1-b79d-a43dc1d745e9, Nodes: 5e893e0a-56f7-4618-9f46-a6ff48173cb6{ip: 192.168.5.153, host: pr-hdds-2137-trunk-mnh2s-3748177197, networkLocation: /default-rack, certSerialId: null}84ab4d91-000c-4523-9c5f-2c204b5f6601{ip: 192.168.5.153, host: pr-hdds-2137-trunk-mnh2s-3748177197, networkLocation: /default-rack, certSerialId: null}f7ede272-a28a-44e0-9552-15581fc2de04{ip: 192.168.5.153, host: pr-hdds-2137-trunk-mnh2s-3748177197, networkLocation: /default-rack, certSerialId: null}, Type:RATIS, Factor:THREE, State:CLOSED]
2019-09-17 12:46:04,489 [java.util.concurrent.ThreadPoolExecutor$Worker@26bc7c83[State = -1, empty queue]] WARN  server.GrpcLogAppender (GrpcLogAppender.java:timeoutAppendRequest(200)) - 5e893e0a-56f7-4618-9f46-a6ff48173cb6@group-A43DC1D745E9->84ab4d91-000c-4523-9c5f-2c204b5f6601-GrpcLogAppender: appendEntries Timeout, request=5e893e0a-56f7-4618-9f46-a6ff48173cb6->84ab4d91-000c-4523-9c5f-2c204b5f6601#104-t4, previous=(t:4, i:37), leaderCommit=32, initializing? false, entries: <empty>
2019-09-17 12:46:04,489 [java.util.concurrent.ThreadPoolExecutor$Worker@303223ef[State = -1, empty queue]] WARN  server.GrpcLogAppender (GrpcLogAppender.java:timeoutAppendRequest(200)) - 5e893e0a-56f7-4618-9f46-a6ff48173cb6@group-A43DC1D745E9->f7ede272-a28a-44e0-9552-15581fc2de04-GrpcLogAppender: appendEntries Timeout, request=5e893e0a-56f7-4618-9f46-a6ff48173cb6->f7ede272-a28a-44e0-9552-15581fc2de04#104-t4, previous=(t:4, i:37), leaderCommit=32, initializing? false, entries: <empty>
 0.00% |█                                                                                                    |  0/1 Time: 0:03:092019-09-17 12:46:06,159 [grpc-default-executor-2] INFO  client.GrpcClientProtocolClient (GrpcClientProtocolClient.java:onNext(264)) - client-0D87034729EF->84ab4d91-000c-4523-9c5f-2c204b5f6601: receive RaftClientReply:client-0D87034729EF->84ab4d91-000c-4523-9c5f-2c204b5f6601@group-A43DC1D745E9, cid=26, FAILED org.apache.ratis.protocol.NotLeaderException: Server 84ab4d91-000c-4523-9c5f-2c204b5f6601@group-A43DC1D745E9 is not the leader 5e893e0a-56f7-4618-9f46-a6ff48173cb6:192.168.5.153:37060, logIndex=0, commits[84ab4d91-000c-4523-9c5f-2c204b5f6601:c32, 5e893e0a-56f7-4618-9f46-a6ff48173cb6:c32, f7ede272-a28a-44e0-9552-15581fc2de04:c28]
 0.00% |█                                                                                                    |  0/1 Time: 0:03:102019-09-17 12:46:06,493 [org.apache.ratis.server.impl.LogAppender$AppenderDaemon$$Lambda$509/159327213@1c304b8] ERROR ratis.XceiverServerRatis (XceiverServerRatis.java:triggerPipelineClose(575)) - pipeline Action CLOSE  on pipeline PipelineID=de0cac9c-8394-42f1-b79d-a43dc1d745e9.Reason : 5e893e0a-56f7-4618-9f46-a6ff48173cb6 has not seen follower/s 84ab4d91-000c-4523-9c5f-2c204b5f6601 for 172373ms f7ede272-a28a-44e0-9552-15581fc2de04 for 172374ms
2019-09-17 12:46:06,493 [org.apache.ratis.server.impl.LogAppender$AppenderDaemon$$Lambda$509/159327213@619f6f52] ERROR ratis.XceiverServerRatis (XceiverServerRatis.java:triggerPipelineClose(575)) - pipeline Action CLOSE  on pipeline PipelineID=de0cac9c-8394-42f1-b79d-a43dc1d745e9.Reason : 5e893e0a-56f7-4618-9f46-a6ff48173cb6 has not seen follower/s 84ab4d91-000c-4523-9c5f-2c204b5f6601 for 172373ms f7ede272-a28a-44e0-9552-15581fc2de04 for 172374ms
2019-09-17 12:46:06,992 [java.util.concurrent.ThreadPoolExecutor$Worker@303223ef[State = -1, empty queue]] WARN  server.GrpcLogAppender (GrpcLogAppender.java:timeoutAppendRequest(200)) - 5e893e0a-56f7-4618-9f46-a6ff48173cb6@group-A43DC1D745E9->f7ede272-a28a-44e0-9552-15581fc2de04-GrpcLogAppender: appendEntries Timeout, request=5e893e0a-56f7-4618-9f46-a6ff48173cb6->f7ede272-a28a-44e0-9552-15581fc2de04#105-t4, previous=(t:4, i:37), leaderCommit=32, initializing? false, entries: <empty>
2019-09-17 12:46:06,992 [java.util.concurrent.ThreadPoolExecutor$Worker@26bc7c83[State = -1, empty queue]] WARN  server.GrpcLogAppender (GrpcLogAppender.java:timeoutAppendRequest(200)) - 5e893e0a-56f7-4618-9f46-a6ff48173cb6@group-A43DC1D745E9->84ab4d91-000c-4523-9c5f-2c204b5f6601-GrpcLogAppender: appendEntries Timeout, request=5e893e0a-56f7-4618-9f46-a6ff48173cb6->84ab4d91-000c-4523-9c5f-2c204b5f6601#105-t4, previous=(t:4, i:37), leaderCommit=32, initializing? false, entries: <empty>
 0.00% |█                                                                                                    |  0/1 Time: 0:03:112019-09-17 12:46:07,466 [EventQueue-PipelineActionsForPipelineActionHandler] ERROR pipeline.PipelineActionHandler (PipelineActionHandler.java:onMessage(60)) - Received pipeline action CLOSE for Pipeline[ Id: de0cac9c-8394-42f1-b79d-a43dc1d745e9, Nodes: 5e893e0a-56f7-4618-9f46-a6ff48173cb6{ip: 192.168.5.153, host: pr-hdds-2137-trunk-mnh2s-3748177197, networkLocation: /default-rack, certSerialId: null}84ab4d91-000c-4523-9c5f-2c204b5f6601{ip: 192.168.5.153, host: pr-hdds-2137-trunk-mnh2s-3748177197, networkLocation: /default-rack, certSerialId: null}f7ede272-a28a-44e0-9552-15581fc2de04{ip: 192.168.5.153, host: pr-hdds-2137-trunk-mnh2s-3748177197, networkLocation: /default-rack, certSerialId: null}, Type:RATIS, Factor:THREE, State:CLOSED] from datanode 5e893e0a-56f7-4618-9f46-a6ff48173cb6{ip: 192.168.5.153, host: pr-hdds-2137-trunk-mnh2s-3748177197, networkLocation: /default-rack, certSerialId: null}. Reason : 5e893e0a-56f7-4618-9f46-a6ff48173cb6 has not seen follower/s 84ab4d91-000c-4523-9c5f-2c204b5f6601 for 172373ms f7ede272-a28a-44e0-9552-15581fc2de04 for 172374ms
2019-09-17 12:46:07,466 [EventQueue-PipelineActionsForPipelineActionHandler] INFO  pipeline.SCMPipelineManager (SCMPipelineManager.java:finalizeAndDestroyPipeline(311)) - destroying pipeline:Pipeline[ Id: de0cac9c-8394-42f1-b79d-a43dc1d745e9, Nodes: 5e893e0a-56f7-4618-9f46-a6ff48173cb6{ip: 192.168.5.153, host: pr-hdds-2137-trunk-mnh2s-3748177197, networkLocation: /default-rack, certSerialId: null}84ab4d91-000c-4523-9c5f-2c204b5f6601{ip: 192.168.5.153, host: pr-hdds-2137-trunk-mnh2s-3748177197, networkLocation: /default-rack, certSerialId: null}f7ede272-a28a-44e0-9552-15581fc2de04{ip: 192.168.5.153, host: pr-hdds-2137-trunk-mnh2s-3748177197, networkLocation: /default-rack, certSerialId: null}, Type:RATIS, Factor:THREE, State:CLOSED]
 0.00% |█                                                                                                    |  0/1 Time: 0:03:122019-09-17 12:46:08,996 [org.apache.ratis.server.impl.LogAppender$AppenderDaemon$$Lambda$509/159327213@619f6f52] ERROR ratis.XceiverServerRatis (XceiverServerRatis.java:triggerPipelineClose(575)) - pipeline Action CLOSE  on pipeline PipelineID=de0cac9c-8394-42f1-b79d-a43dc1d745e9.Reason : 5e893e0a-56f7-4618-9f46-a6ff48173cb6 has not seen follower/s 84ab4d91-000c-4523-9c5f-2c204b5f6601 for 174876ms f7ede272-a28a-44e0-9552-15581fc2de04 for 174877ms
2019-09-17 12:46:08,996 [org.apache.ratis.server.impl.LogAppender$AppenderDaemon$$Lambda$509/159327213@1c304b8] ERROR ratis.XceiverServerRatis (XceiverServerRatis.java:triggerPipelineClose(575)) - pipeline Action CLOSE  on pipeline PipelineID=de0cac9c-8394-42f1-b79d-a43dc1d745e9.Reason : 5e893e0a-56f7-4618-9f46-a6ff48173cb6 has not seen follower/s 84ab4d91-000c-4523-9c5f-2c204b5f6601 for 174876ms f7ede272-a28a-44e0-9552-15581fc2de04 for 174877ms
 0.00% |█                                                                                                    |  0/1 Time: 0:03:132019-09-17 12:46:09,465 [EventQueue-PipelineActionsForPipelineActionHandler] ERROR pipeline.PipelineActionHandler (PipelineActionHandler.java:onMessage(60)) - Received pipeline action CLOSE for Pipeline[ Id: de0cac9c-8394-42f1-b79d-a43dc1d745e9, Nodes: 5e893e0a-56f7-4618-9f46-a6ff48173cb6{ip: 192.168.5.153, host: pr-hdds-2137-trunk-mnh2s-3748177197, networkLocation: /default-rack, certSerialId: null}84ab4d91-000c-4523-9c5f-2c204b5f6601{ip: 192.168.5.153, host: pr-hdds-2137-trunk-mnh2s-3748177197, networkLocation: /default-rack, certSerialId: null}f7ede272-a28a-44e0-9552-15581fc2de04{ip: 192.168.5.153, host: pr-hdds-2137-trunk-mnh2s-3748177197, networkLocation: /default-rack, certSerialId: null}, Type:RATIS, Factor:THREE, State:CLOSED] from datanode 5e893e0a-56f7-4618-9f46-a6ff48173cb6{ip: 192.168.5.153, host: pr-hdds-2137-trunk-mnh2s-3748177197, networkLocation: /default-rack, certSerialId: null}. Reason : 5e893e0a-56f7-4618-9f46-a6ff48173cb6 has not seen follower/s 84ab4d91-000c-4523-9c5f-2c204b5f6601 for 174876ms f7ede272-a28a-44e0-9552-15581fc2de04 for 174877ms
2019-09-17 12:46:09,465 [EventQueue-PipelineActionsForPipelineActionHandler] INFO  pipeline.SCMPipelineManager (SCMPipelineManager.java:finalizeAndDestroyPipeline(311)) - destroying pipeline:Pipeline[ Id: de0cac9c-8394-42f1-b79d-a43dc1d745e9, Nodes: 5e893e0a-56f7-4618-9f46-a6ff48173cb6{ip: 192.168.5.153, host: pr-hdds-2137-trunk-mnh2s-3748177197, networkLocation: /default-rack, certSerialId: null}84ab4d91-000c-4523-9c5f-2c204b5f6601{ip: 192.168.5.153, host: pr-hdds-2137-trunk-mnh2s-3748177197, networkLocation: /default-rack, certSerialId: null}f7ede272-a28a-44e0-9552-15581fc2de04{ip: 192.168.5.153, host: pr-hdds-2137-trunk-mnh2s-3748177197, networkLocation: /default-rack, certSerialId: null}, Type:RATIS, Factor:THREE, State:CLOSED]
2019-09-17 12:46:09,493 [java.util.concurrent.ThreadPoolExecutor$Worker@303223ef[State = -1, empty queue]] WARN  server.GrpcLogAppender (GrpcLogAppender.java:timeoutAppendRequest(200)) - 5e893e0a-56f7-4618-9f46-a6ff48173cb6@group-A43DC1D745E9->f7ede272-a28a-44e0-9552-15581fc2de04-GrpcLogAppender: appendEntries Timeout, request=5e893e0a-56f7-4618-9f46-a6ff48173cb6->f7ede272-a28a-44e0-9552-15581fc2de04#106-t4, previous=(t:4, i:37), leaderCommit=32, initializing? false, entries: <empty>
2019-09-17 12:46:09,493 [java.util.concurrent.ThreadPoolExecutor$Worker@26bc7c83[State = -1, empty queue]] WARN  server.GrpcLogAppender (GrpcLogAppender.java:timeoutAppendRequest(200)) - 5e893e0a-56f7-4618-9f46-a6ff48173cb6@group-A43DC1D745E9->84ab4d91-000c-4523-9c5f-2c204b5f6601-GrpcLogAppender: appendEntries Timeout, request=5e893e0a-56f7-4618-9f46-a6ff48173cb6->84ab4d91-000c-4523-9c5f-2c204b5f6601#106-t4, previous=(t:4, i:37), leaderCommit=32, initializing? false, entries: <empty>
 0.00% |█                                                                                                    |  0/1 Time: 0:03:142019-09-17 12:46:11,218 [grpc-default-executor-2] INFO  client.GrpcClientProtocolClient (GrpcClientProtocolClient.java:onNext(264)) - client-0D87034729EF->f7ede272-a28a-44e0-9552-15581fc2de04: receive RaftClientReply:client-0D87034729EF->f7ede272-a28a-44e0-9552-15581fc2de04@group-A43DC1D745E9, cid=26, FAILED org.apache.ratis.protocol.NotLeaderException: Server f7ede272-a28a-44e0-9552-15581fc2de04@group-A43DC1D745E9 is not the leader 5e893e0a-56f7-4618-9f46-a6ff48173cb6:192.168.5.153:37060, logIndex=0, commits[f7ede272-a28a-44e0-9552-15581fc2de04:c32, 5e893e0a-56f7-4618-9f46-a6ff48173cb6:c32, 84ab4d91-000c-4523-9c5f-2c204b5f6601:c28]
 0.00% |█                                                                                                    |  0/1 Time: 0:03:152019-09-17 12:46:11,497 [org.apache.ratis.server.impl.LogAppender$AppenderDaemon$$Lambda$509/159327213@619f6f52] ERROR ratis.XceiverServerRatis (XceiverServerRatis.java:triggerPipelineClose(575)) - pipeline Action CLOSE  on pipeline PipelineID=de0cac9c-8394-42f1-b79d-a43dc1d745e9.Reason : 5e893e0a-56f7-4618-9f46-a6ff48173cb6 has not seen follower/s 84ab4d91-000c-4523-9c5f-2c204b5f6601 for 177377ms f7ede272-a28a-44e0-9552-15581fc2de04 for 177378ms
2019-09-17 12:46:11,497 [org.apache.ratis.server.impl.LogAppender$AppenderDaemon$$Lambda$509/159327213@1c304b8] ERROR ratis.XceiverServerRatis (XceiverServerRatis.java:triggerPipelineClose(575)) - pipeline Action CLOSE  on pipeline PipelineID=de0cac9c-8394-42f1-b79d-a43dc1d745e9.Reason : 5e893e0a-56f7-4618-9f46-a6ff48173cb6 has not seen follower/s 84ab4d91-000c-4523-9c5f-2c204b5f6601 for 177377ms f7ede272-a28a-44e0-9552-15581fc2de04 for 177378ms
2019-09-17 12:46:11,995 [java.util.concurrent.ThreadPoolExecutor$Worker@26bc7c83[State = -1, empty queue]] WARN  server.GrpcLogAppender (GrpcLogAppender.java:timeoutAppendRequest(200)) - 5e893e0a-56f7-4618-9f46-a6ff48173cb6@group-A43DC1D745E9->84ab4d91-000c-4523-9c5f-2c204b5f6601-GrpcLogAppender: appendEntries Timeout, request=5e893e0a-56f7-4618-9f46-a6ff48173cb6->84ab4d91-000c-4523-9c5f-2c204b5f6601#107-t4, previous=(t:4, i:37), leaderCommit=32, initializing? false, entries: <empty>
2019-09-17 12:46:11,995 [java.util.concurrent.ThreadPoolExecutor$Worker@303223ef[State = -1, empty queue]] WARN  server.GrpcLogAppender (GrpcLogAppender.java:timeoutAppendRequest(200)) - 5e893e0a-56f7-4618-9f46-a6ff48173cb6@group-A43DC1D745E9->f7ede272-a28a-44e0-9552-15581fc2de04-GrpcLogAppender: appendEntries Timeout, request=5e893e0a-56f7-4618-9f46-a6ff48173cb6->f7ede272-a28a-44e0-9552-15581fc2de04#107-t4, previous=(t:4, i:37), leaderCommit=32, initializing? false, entries: <empty>
 0.00% |█                                                                                                    |  0/1 Time: 0:03:162019-09-17 12:46:12,466 [EventQueue-PipelineActionsForPipelineActionHandler] ERROR pipeline.PipelineActionHandler (PipelineActionHandler.java:onMessage(60)) - Received pipeline action CLOSE for Pipeline[ Id: de0cac9c-8394-42f1-b79d-a43dc1d745e9, Nodes: 5e893e0a-56f7-4618-9f46-a6ff48173cb6{ip: 192.168.5.153, host: pr-hdds-2137-trunk-mnh2s-3748177197, networkLocation: /default-rack, certSerialId: null}84ab4d91-000c-4523-9c5f-2c204b5f6601{ip: 192.168.5.153, host: pr-hdds-2137-trunk-mnh2s-3748177197, networkLocation: /default-rack, certSerialId: null}f7ede272-a28a-44e0-9552-15581fc2de04{ip: 192.168.5.153, host: pr-hdds-2137-trunk-mnh2s-3748177197, networkLocation: /default-rack, certSerialId: null}, Type:RATIS, Factor:THREE, State:CLOSED] from datanode 5e893e0a-56f7-4618-9f46-a6ff48173cb6{ip: 192.168.5.153, host: pr-hdds-2137-trunk-mnh2s-3748177197, networkLocation: /default-rack, certSerialId: null}. Reason : 5e893e0a-56f7-4618-9f46-a6ff48173cb6 has not seen follower/s 84ab4d91-000c-4523-9c5f-2c204b5f6601 for 177377ms f7ede272-a28a-44e0-9552-15581fc2de04 for 177378ms
2019-09-17 12:46:12,466 [EventQueue-PipelineActionsForPipelineActionHandler] INFO  pipeline.SCMPipelineManager (SCMPipelineManager.java:finalizeAndDestroyPipeline(311)) - destroying pipeline:Pipeline[ Id: de0cac9c-8394-42f1-b79d-a43dc1d745e9, Nodes: 5e893e0a-56f7-4618-9f46-a6ff48173cb6{ip: 192.168.5.153, host: pr-hdds-2137-trunk-mnh2s-3748177197, networkLocation: /default-rack, certSerialId: null}84ab4d91-000c-4523-9c5f-2c204b5f6601{ip: 192.168.5.153, host: pr-hdds-2137-trunk-mnh2s-3748177197, networkLocation: /default-rack, certSerialId: null}f7ede272-a28a-44e0-9552-15581fc2de04{ip: 192.168.5.153, host: pr-hdds-2137-trunk-mnh2s-3748177197, networkLocation: /default-rack, certSerialId: null}, Type:RATIS, Factor:THREE, State:CLOSED]
 0.00% |█                                                                                                    |  0/1 Time: 0:03:172019-09-17 12:46:14,000 [org.apache.ratis.server.impl.LogAppender$AppenderDaemon$$Lambda$509/159327213@619f6f52] ERROR ratis.XceiverServerRatis (XceiverServerRatis.java:triggerPipelineClose(575)) - pipeline Action CLOSE  on pipeline PipelineID=de0cac9c-8394-42f1-b79d-a43dc1d745e9.Reason : 5e893e0a-56f7-4618-9f46-a6ff48173cb6 has not seen follower/s 84ab4d91-000c-4523-9c5f-2c204b5f6601 for 179880ms f7ede272-a28a-44e0-9552-15581fc2de04 for 179881ms
2019-09-17 12:46:14,000 [org.apache.ratis.server.impl.LogAppender$AppenderDaemon$$Lambda$509/159327213@1c304b8] ERROR ratis.XceiverServerRatis (XceiverServerRatis.java:triggerPipelineClose(575)) - pipeline Action CLOSE  on pipeline PipelineID=de0cac9c-8394-42f1-b79d-a43dc1d745e9.Reason : 5e893e0a-56f7-4618-9f46-a6ff48173cb6 has not seen follower/s 84ab4d91-000c-4523-9c5f-2c204b5f6601 for 179880ms f7ede272-a28a-44e0-9552-15581fc2de04 for 179881ms
 0.00% |█                                                                                                    |  0/1 Time: 0:03:182019-09-17 12:46:14,322 [f7ede272-a28a-44e0-9552-15581fc2de04@group-A43DC1D745E9-SegmentedRaftLogWorker] WARN  segmented.SegmentedRaftLogWorker (SegmentedRaftLogWorker.java:getFromFuture(90)) - Timeout 17/~
org.apache.ratis.protocol.TimeoutIOException: Timeout 10s: WriteLog:35: (t:4, i:35), STATEMACHINELOGENTRY, client-0D87034729EF, cid=28-writeStateMachineData
	at org.apache.ratis.util.IOUtils.getFromFuture(IOUtils.java:87)
	at org.apache.ratis.server.raftlog.segmented.SegmentedRaftLogWorker$StateMachineDataPolicy.getFromFuture(SegmentedRaftLogWorker.java:87)
	at org.apache.ratis.server.raftlog.segmented.SegmentedRaftLogWorker$WriteLog.execute(SegmentedRaftLogWorker.java:477)
	at org.apache.ratis.server.raftlog.segmented.SegmentedRaftLogWorker.run(SegmentedRaftLogWorker.java:289)
	at java.lang.Thread.run(Thread.java:748)
Caused by: java.util.concurrent.TimeoutException
	at java.util.concurrent.CompletableFuture.timedGet(CompletableFuture.java:1771)
	at java.util.concurrent.CompletableFuture.get(CompletableFuture.java:1915)
	at org.apache.ratis.util.IOUtils.getFromFuture(IOUtils.java:79)
	... 4 more
2019-09-17 12:46:14,333 [5e893e0a-56f7-4618-9f46-a6ff48173cb6@group-A43DC1D745E9-SegmentedRaftLogWorker] WARN  segmented.SegmentedRaftLogWorker (SegmentedRaftLogWorker.java:getFromFuture(90)) - Timeout 17/~
org.apache.ratis.protocol.TimeoutIOException: Timeout 10s: WriteLog:35: (t:4, i:35), STATEMACHINELOGENTRY, client-0D87034729EF, cid=28-writeStateMachineData
	at org.apache.ratis.util.IOUtils.getFromFuture(IOUtils.java:87)
	at org.apache.ratis.server.raftlog.segmented.SegmentedRaftLogWorker$StateMachineDataPolicy.getFromFuture(SegmentedRaftLogWorker.java:87)
	at org.apache.ratis.server.raftlog.segmented.SegmentedRaftLogWorker$WriteLog.execute(SegmentedRaftLogWorker.java:477)
	at org.apache.ratis.server.raftlog.segmented.SegmentedRaftLogWorker.run(SegmentedRaftLogWorker.java:289)
	at java.lang.Thread.run(Thread.java:748)
Caused by: java.util.concurrent.TimeoutException
	at java.util.concurrent.CompletableFuture.timedGet(CompletableFuture.java:1771)
	at java.util.concurrent.CompletableFuture.get(CompletableFuture.java:1915)
	at org.apache.ratis.util.IOUtils.getFromFuture(IOUtils.java:79)
	... 4 more
2019-09-17 12:46:14,334 [84ab4d91-000c-4523-9c5f-2c204b5f6601@group-A43DC1D745E9-SegmentedRaftLogWorker] WARN  segmented.SegmentedRaftLogWorker (SegmentedRaftLogWorker.java:getFromFuture(90)) - Timeout 17/~
org.apache.ratis.protocol.TimeoutIOException: Timeout 10s: WriteLog:35: (t:4, i:35), STATEMACHINELOGENTRY, client-0D87034729EF, cid=28-writeStateMachineData
	at org.apache.ratis.util.IOUtils.getFromFuture(IOUtils.java:87)
	at org.apache.ratis.server.raftlog.segmented.SegmentedRaftLogWorker$StateMachineDataPolicy.getFromFuture(SegmentedRaftLogWorker.java:87)
	at org.apache.ratis.server.raftlog.segmented.SegmentedRaftLogWorker$WriteLog.execute(SegmentedRaftLogWorker.java:477)
	at org.apache.ratis.server.raftlog.segmented.SegmentedRaftLogWorker.run(SegmentedRaftLogWorker.java:289)
	at java.lang.Thread.run(Thread.java:748)
Caused by: java.util.concurrent.TimeoutException
	at java.util.concurrent.CompletableFuture.timedGet(CompletableFuture.java:1771)
	at java.util.concurrent.CompletableFuture.get(CompletableFuture.java:1915)
	at org.apache.ratis.util.IOUtils.getFromFuture(IOUtils.java:79)
	... 4 more
2019-09-17 12:46:14,466 [EventQueue-PipelineActionsForPipelineActionHandler] ERROR pipeline.PipelineActionHandler (PipelineActionHandler.java:onMessage(60)) - Received pipeline action CLOSE for Pipeline[ Id: de0cac9c-8394-42f1-b79d-a43dc1d745e9, Nodes: 5e893e0a-56f7-4618-9f46-a6ff48173cb6{ip: 192.168.5.153, host: pr-hdds-2137-trunk-mnh2s-3748177197, networkLocation: /default-rack, certSerialId: null}84ab4d91-000c-4523-9c5f-2c204b5f6601{ip: 192.168.5.153, host: pr-hdds-2137-trunk-mnh2s-3748177197, networkLocation: /default-rack, certSerialId: null}f7ede272-a28a-44e0-9552-15581fc2de04{ip: 192.168.5.153, host: pr-hdds-2137-trunk-mnh2s-3748177197, networkLocation: /default-rack, certSerialId: null}, Type:RATIS, Factor:THREE, State:CLOSED] from datanode 5e893e0a-56f7-4618-9f46-a6ff48173cb6{ip: 192.168.5.153, host: pr-hdds-2137-trunk-mnh2s-3748177197, networkLocation: /default-rack, certSerialId: null}. Reason : 5e893e0a-56f7-4618-9f46-a6ff48173cb6 has not seen follower/s 84ab4d91-000c-4523-9c5f-2c204b5f6601 for 179880ms f7ede272-a28a-44e0-9552-15581fc2de04 for 179881ms
2019-09-17 12:46:14,467 [EventQueue-PipelineActionsForPipelineActionHandler] INFO  pipeline.SCMPipelineManager (SCMPipelineManager.java:finalizeAndDestroyPipeline(311)) - destroying pipeline:Pipeline[ Id: de0cac9c-8394-42f1-b79d-a43dc1d745e9, Nodes: 5e893e0a-56f7-4618-9f46-a6ff48173cb6{ip: 192.168.5.153, host: pr-hdds-2137-trunk-mnh2s-3748177197, networkLocation: /default-rack, certSerialId: null}84ab4d91-000c-4523-9c5f-2c204b5f6601{ip: 192.168.5.153, host: pr-hdds-2137-trunk-mnh2s-3748177197, networkLocation: /default-rack, certSerialId: null}f7ede272-a28a-44e0-9552-15581fc2de04{ip: 192.168.5.153, host: pr-hdds-2137-trunk-mnh2s-3748177197, networkLocation: /default-rack, certSerialId: null}, Type:RATIS, Factor:THREE, State:CLOSED]
2019-09-17 12:46:14,497 [java.util.concurrent.ThreadPoolExecutor$Worker@303223ef[State = -1, empty queue]] WARN  server.GrpcLogAppender (GrpcLogAppender.java:timeoutAppendRequest(200)) - 5e893e0a-56f7-4618-9f46-a6ff48173cb6@group-A43DC1D745E9->f7ede272-a28a-44e0-9552-15581fc2de04-GrpcLogAppender: appendEntries Timeout, request=5e893e0a-56f7-4618-9f46-a6ff48173cb6->f7ede272-a28a-44e0-9552-15581fc2de04#108-t4, previous=(t:4, i:37), leaderCommit=32, initializing? false, entries: <empty>
2019-09-17 12:46:14,497 [java.util.concurrent.ThreadPoolExecutor$Worker@26bc7c83[State = -1, empty queue]] WARN  server.GrpcLogAppender (GrpcLogAppender.java:timeoutAppendRequest(200)) - 5e893e0a-56f7-4618-9f46-a6ff48173cb6@group-A43DC1D745E9->84ab4d91-000c-4523-9c5f-2c204b5f6601-GrpcLogAppender: appendEntries Timeout, request=5e893e0a-56f7-4618-9f46-a6ff48173cb6->84ab4d91-000c-4523-9c5f-2c204b5f6601#108-t4, previous=(t:4, i:37), leaderCommit=32, initializing? false, entries: <empty>
 0.00% |█                                                                                                    |  0/1 Time: 0:03:19 0.00% |█                                                                                                    |  0/1 Time: 0:03:202019-09-17 12:46:16,277 [grpc-default-executor-2] INFO  client.GrpcClientProtocolClient (GrpcClientProtocolClient.java:onNext(264)) - client-0D87034729EF->f7ede272-a28a-44e0-9552-15581fc2de04: receive RaftClientReply:client-0D87034729EF->f7ede272-a28a-44e0-9552-15581fc2de04@group-A43DC1D745E9, cid=26, FAILED org.apache.ratis.protocol.NotLeaderException: Server f7ede272-a28a-44e0-9552-15581fc2de04@group-A43DC1D745E9 is not the leader 5e893e0a-56f7-4618-9f46-a6ff48173cb6:192.168.5.153:37060, logIndex=0, commits[f7ede272-a28a-44e0-9552-15581fc2de04:c32, 5e893e0a-56f7-4618-9f46-a6ff48173cb6:c32, 84ab4d91-000c-4523-9c5f-2c204b5f6601:c28]
2019-09-17 12:46:16,500 [org.apache.ratis.server.impl.LogAppender$AppenderDaemon$$Lambda$509/159327213@1c304b8] ERROR ratis.XceiverServerRatis (XceiverServerRatis.java:triggerPipelineClose(575)) - pipeline Action CLOSE  on pipeline PipelineID=de0cac9c-8394-42f1-b79d-a43dc1d745e9.Reason : 5e893e0a-56f7-4618-9f46-a6ff48173cb6 has not seen follower/s 84ab4d91-000c-4523-9c5f-2c204b5f6601 for 182381ms f7ede272-a28a-44e0-9552-15581fc2de04 for 182382ms
2019-09-17 12:46:16,500 [org.apache.ratis.server.impl.LogAppender$AppenderDaemon$$Lambda$509/159327213@619f6f52] ERROR ratis.XceiverServerRatis (XceiverServerRatis.java:triggerPipelineClose(575)) - pipeline Action CLOSE  on pipeline PipelineID=de0cac9c-8394-42f1-b79d-a43dc1d745e9.Reason : 5e893e0a-56f7-4618-9f46-a6ff48173cb6 has not seen follower/s 84ab4d91-000c-4523-9c5f-2c204b5f6601 for 182381ms f7ede272-a28a-44e0-9552-15581fc2de04 for 182382ms
2019-09-17 12:46:16,999 [java.util.concurrent.ThreadPoolExecutor$Worker@303223ef[State = -1, empty queue]] WARN  server.GrpcLogAppender (GrpcLogAppender.java:timeoutAppendRequest(200)) - 5e893e0a-56f7-4618-9f46-a6ff48173cb6@group-A43DC1D745E9->f7ede272-a28a-44e0-9552-15581fc2de04-GrpcLogAppender: appendEntries Timeout, request=5e893e0a-56f7-4618-9f46-a6ff48173cb6->f7ede272-a28a-44e0-9552-15581fc2de04#109-t4, previous=(t:4, i:37), leaderCommit=32, initializing? false, entries: <empty>
2019-09-17 12:46:16,999 [java.util.concurrent.ThreadPoolExecutor$Worker@26bc7c83[State = -1, empty queue]] WARN  server.GrpcLogAppender (GrpcLogAppender.java:timeoutAppendRequest(200)) - 5e893e0a-56f7-4618-9f46-a6ff48173cb6@group-A43DC1D745E9->84ab4d91-000c-4523-9c5f-2c204b5f6601-GrpcLogAppender: appendEntries Timeout, request=5e893e0a-56f7-4618-9f46-a6ff48173cb6->84ab4d91-000c-4523-9c5f-2c204b5f6601#109-t4, previous=(t:4, i:37), leaderCommit=32, initializing? false, entries: <empty>
 0.00% |█                                                                                                    |  0/1 Time: 0:03:212019-09-17 12:46:17,466 [EventQueue-PipelineActionsForPipelineActionHandler] ERROR pipeline.PipelineActionHandler (PipelineActionHandler.java:onMessage(60)) - Received pipeline action CLOSE for Pipeline[ Id: de0cac9c-8394-42f1-b79d-a43dc1d745e9, Nodes: 5e893e0a-56f7-4618-9f46-a6ff48173cb6{ip: 192.168.5.153, host: pr-hdds-2137-trunk-mnh2s-3748177197, networkLocation: /default-rack, certSerialId: null}84ab4d91-000c-4523-9c5f-2c204b5f6601{ip: 192.168.5.153, host: pr-hdds-2137-trunk-mnh2s-3748177197, networkLocation: /default-rack, certSerialId: null}f7ede272-a28a-44e0-9552-15581fc2de04{ip: 192.168.5.153, host: pr-hdds-2137-trunk-mnh2s-3748177197, networkLocation: /default-rack, certSerialId: null}, Type:RATIS, Factor:THREE, State:CLOSED] from datanode 5e893e0a-56f7-4618-9f46-a6ff48173cb6{ip: 192.168.5.153, host: pr-hdds-2137-trunk-mnh2s-3748177197, networkLocation: /default-rack, certSerialId: null}. Reason : 5e893e0a-56f7-4618-9f46-a6ff48173cb6 has not seen follower/s 84ab4d91-000c-4523-9c5f-2c204b5f6601 for 182381ms f7ede272-a28a-44e0-9552-15581fc2de04 for 182382ms
2019-09-17 12:46:17,467 [EventQueue-PipelineActionsForPipelineActionHandler] INFO  pipeline.SCMPipelineManager (SCMPipelineManager.java:finalizeAndDestroyPipeline(311)) - destroying pipeline:Pipeline[ Id: de0cac9c-8394-42f1-b79d-a43dc1d745e9, Nodes: 5e893e0a-56f7-4618-9f46-a6ff48173cb6{ip: 192.168.5.153, host: pr-hdds-2137-trunk-mnh2s-3748177197, networkLocation: /default-rack, certSerialId: null}84ab4d91-000c-4523-9c5f-2c204b5f6601{ip: 192.168.5.153, host: pr-hdds-2137-trunk-mnh2s-3748177197, networkLocation: /default-rack, certSerialId: null}f7ede272-a28a-44e0-9552-15581fc2de04{ip: 192.168.5.153, host: pr-hdds-2137-trunk-mnh2s-3748177197, networkLocation: /default-rack, certSerialId: null}, Type:RATIS, Factor:THREE, State:CLOSED]
 0.00% |█                                                                                                    |  0/1 Time: 0:03:222019-09-17 12:46:19,001 [org.apache.ratis.server.impl.LogAppender$AppenderDaemon$$Lambda$509/159327213@1c304b8] ERROR ratis.XceiverServerRatis (XceiverServerRatis.java:triggerPipelineClose(575)) - pipeline Action CLOSE  on pipeline PipelineID=de0cac9c-8394-42f1-b79d-a43dc1d745e9.Reason : 5e893e0a-56f7-4618-9f46-a6ff48173cb6 has not seen follower/s 84ab4d91-000c-4523-9c5f-2c204b5f6601 for 184882ms f7ede272-a28a-44e0-9552-15581fc2de04 for 184883ms
2019-09-17 12:46:19,001 [org.apache.ratis.server.impl.LogAppender$AppenderDaemon$$Lambda$509/159327213@619f6f52] ERROR ratis.XceiverServerRatis (XceiverServerRatis.java:triggerPipelineClose(575)) - pipeline Action CLOSE  on pipeline PipelineID=de0cac9c-8394-42f1-b79d-a43dc1d745e9.Reason : 5e893e0a-56f7-4618-9f46-a6ff48173cb6 has not seen follower/s 84ab4d91-000c-4523-9c5f-2c204b5f6601 for 184882ms f7ede272-a28a-44e0-9552-15581fc2de04 for 184883ms
 0.00% |█                                                                                                    |  0/1 Time: 0:03:232019-09-17 12:46:19,466 [EventQueue-PipelineActionsForPipelineActionHandler] ERROR pipeline.PipelineActionHandler (PipelineActionHandler.java:onMessage(60)) - Received pipeline action CLOSE for Pipeline[ Id: de0cac9c-8394-42f1-b79d-a43dc1d745e9, Nodes: 5e893e0a-56f7-4618-9f46-a6ff48173cb6{ip: 192.168.5.153, host: pr-hdds-2137-trunk-mnh2s-3748177197, networkLocation: /default-rack, certSerialId: null}84ab4d91-000c-4523-9c5f-2c204b5f6601{ip: 192.168.5.153, host: pr-hdds-2137-trunk-mnh2s-3748177197, networkLocation: /default-rack, certSerialId: null}f7ede272-a28a-44e0-9552-15581fc2de04{ip: 192.168.5.153, host: pr-hdds-2137-trunk-mnh2s-3748177197, networkLocation: /default-rack, certSerialId: null}, Type:RATIS, Factor:THREE, State:CLOSED] from datanode 5e893e0a-56f7-4618-9f46-a6ff48173cb6{ip: 192.168.5.153, host: pr-hdds-2137-trunk-mnh2s-3748177197, networkLocation: /default-rack, certSerialId: null}. Reason : 5e893e0a-56f7-4618-9f46-a6ff48173cb6 has not seen follower/s 84ab4d91-000c-4523-9c5f-2c204b5f6601 for 184882ms f7ede272-a28a-44e0-9552-15581fc2de04 for 184883ms
2019-09-17 12:46:19,466 [EventQueue-PipelineActionsForPipelineActionHandler] INFO  pipeline.SCMPipelineManager (SCMPipelineManager.java:finalizeAndDestroyPipeline(311)) - destroying pipeline:Pipeline[ Id: de0cac9c-8394-42f1-b79d-a43dc1d745e9, Nodes: 5e893e0a-56f7-4618-9f46-a6ff48173cb6{ip: 192.168.5.153, host: pr-hdds-2137-trunk-mnh2s-3748177197, networkLocation: /default-rack, certSerialId: null}84ab4d91-000c-4523-9c5f-2c204b5f6601{ip: 192.168.5.153, host: pr-hdds-2137-trunk-mnh2s-3748177197, networkLocation: /default-rack, certSerialId: null}f7ede272-a28a-44e0-9552-15581fc2de04{ip: 192.168.5.153, host: pr-hdds-2137-trunk-mnh2s-3748177197, networkLocation: /default-rack, certSerialId: null}, Type:RATIS, Factor:THREE, State:CLOSED]
2019-09-17 12:46:19,500 [java.util.concurrent.ThreadPoolExecutor$Worker@303223ef[State = -1, empty queue]] WARN  server.GrpcLogAppender (GrpcLogAppender.java:timeoutAppendRequest(200)) - 5e893e0a-56f7-4618-9f46-a6ff48173cb6@group-A43DC1D745E9->f7ede272-a28a-44e0-9552-15581fc2de04-GrpcLogAppender: appendEntries Timeout, request=5e893e0a-56f7-4618-9f46-a6ff48173cb6->f7ede272-a28a-44e0-9552-15581fc2de04#110-t4, previous=(t:4, i:37), leaderCommit=32, initializing? false, entries: <empty>
2019-09-17 12:46:19,500 [java.util.concurrent.ThreadPoolExecutor$Worker@26bc7c83[State = -1, empty queue]] WARN  server.GrpcLogAppender (GrpcLogAppender.java:timeoutAppendRequest(200)) - 5e893e0a-56f7-4618-9f46-a6ff48173cb6@group-A43DC1D745E9->84ab4d91-000c-4523-9c5f-2c204b5f6601-GrpcLogAppender: appendEntries Timeout, request=5e893e0a-56f7-4618-9f46-a6ff48173cb6->84ab4d91-000c-4523-9c5f-2c204b5f6601#110-t4, previous=(t:4, i:37), leaderCommit=32, initializing? false, entries: <empty>
 0.00% |█                                                                                                    |  0/1 Time: 0:03:242019-09-17 12:46:20,455 [grpc-default-executor-0] INFO  impl.RaftServerProxy (RaftServerProxy.java:remove(95)) - 5e893e0a-56f7-4618-9f46-a6ff48173cb6: remove    LEADER 5e893e0a-56f7-4618-9f46-a6ff48173cb6@group-A43DC1D745E9:t4, leader=5e893e0a-56f7-4618-9f46-a6ff48173cb6, voted=5e893e0a-56f7-4618-9f46-a6ff48173cb6, raftlog=5e893e0a-56f7-4618-9f46-a6ff48173cb6@group-A43DC1D745E9-SegmentedRaftLog:OPENED:c32,f32,i37, conf=0: [5e893e0a-56f7-4618-9f46-a6ff48173cb6:192.168.5.153:37060, 84ab4d91-000c-4523-9c5f-2c204b5f6601:192.168.5.153:39178, f7ede272-a28a-44e0-9552-15581fc2de04:192.168.5.153:38263], old=null RUNNING
2019-09-17 12:46:20,460 [grpc-default-executor-0] INFO  impl.RaftServerImpl (RaftServerImpl.java:lambda$shutdown$3(251)) - 5e893e0a-56f7-4618-9f46-a6ff48173cb6@group-A43DC1D745E9: shutdown
2019-09-17 12:46:20,461 [grpc-default-executor-0] INFO  util.JmxRegister (JmxRegister.java:unregister(73)) - Successfully un-registered JMX Bean with object name Ratis:service=RaftServer,group=group-A43DC1D745E9,id=5e893e0a-56f7-4618-9f46-a6ff48173cb6
2019-09-17 12:46:20,461 [grpc-default-executor-0] INFO  impl.RoleInfo (RoleInfo.java:shutdownLeaderState(104)) - 5e893e0a-56f7-4618-9f46-a6ff48173cb6: shutdown LeaderState
2019-09-17 12:46:20,464 [grpc-default-executor-0] INFO  impl.PendingRequests (PendingRequests.java:sendNotLeaderResponses(202)) - 5e893e0a-56f7-4618-9f46-a6ff48173cb6-PendingRequests: sendNotLeaderResponses
2019-09-17 12:46:20,464 [org.apache.ratis.server.impl.LogAppender$AppenderDaemon$$Lambda$509/159327213@619f6f52] WARN  server.GrpcLogAppender (GrpcLogAppender.java:mayWait(143)) - 5e893e0a-56f7-4618-9f46-a6ff48173cb6@group-A43DC1D745E9->84ab4d91-000c-4523-9c5f-2c204b5f6601-GrpcLogAppender: Wait interrupted by java.lang.InterruptedException
2019-09-17 12:46:20,464 [org.apache.ratis.server.impl.LogAppender$AppenderDaemon$$Lambda$509/159327213@1c304b8] WARN  server.GrpcLogAppender (GrpcLogAppender.java:mayWait(143)) - 5e893e0a-56f7-4618-9f46-a6ff48173cb6@group-A43DC1D745E9->f7ede272-a28a-44e0-9552-15581fc2de04-GrpcLogAppender: Wait interrupted by java.lang.InterruptedException
2019-09-17 12:46:20,467 [grpc-default-executor-3] INFO  server.GrpcServerProtocolService (GrpcServerProtocolService.java:onCompleted(113)) - f7ede272-a28a-44e0-9552-15581fc2de04: Completed APPEND_ENTRIES, lastRequest: 5e893e0a-56f7-4618-9f46-a6ff48173cb6->f7ede272-a28a-44e0-9552-15581fc2de04#111-t4, previous=(t:4, i:37), leaderCommit=32, initializing? false, entries: <empty>
2019-09-17 12:46:20,467 [grpc-default-executor-2] INFO  server.GrpcServerProtocolService (GrpcServerProtocolService.java:onCompleted(113)) - 84ab4d91-000c-4523-9c5f-2c204b5f6601: Completed APPEND_ENTRIES, lastRequest: 5e893e0a-56f7-4618-9f46-a6ff48173cb6->84ab4d91-000c-4523-9c5f-2c204b5f6601#111-t4, previous=(t:4, i:37), leaderCommit=32, initializing? false, entries: <empty>
2019-09-17 12:46:20,469 [grpc-default-executor-2] INFO  server.GrpcLogAppender (GrpcLogAppender.java:onCompleted(293)) - 5e893e0a-56f7-4618-9f46-a6ff48173cb6@group-A43DC1D745E9->f7ede272-a28a-44e0-9552-15581fc2de04-AppendLogResponseHandler: follower responses appendEntries COMPLETED
2019-09-17 12:46:20,469 [grpc-default-executor-3] INFO  server.GrpcLogAppender (GrpcLogAppender.java:onCompleted(293)) - 5e893e0a-56f7-4618-9f46-a6ff48173cb6@group-A43DC1D745E9->84ab4d91-000c-4523-9c5f-2c204b5f6601-AppendLogResponseHandler: follower responses appendEntries COMPLETED
2019-09-17 12:46:20,472 [grpc-default-executor-0] INFO  impl.StateMachineUpdater (StateMachineUpdater.java:stopAndJoin(125)) - 5e893e0a-56f7-4618-9f46-a6ff48173cb6@group-A43DC1D745E9-StateMachineUpdater: set stopIndex = 32
2019-09-17 12:46:20,472 [5e893e0a-56f7-4618-9f46-a6ff48173cb6@group-A43DC1D745E9-StateMachineUpdater] INFO  ratis.ContainerStateMachine (ContainerStateMachine.java:takeSnapshot(289)) - group-A43DC1D745E9: Taking a snapshot at:(t:4, i:28) file /tmp/workdir/hadoop-ozone/tools/target/test-dir/MiniOzoneClusterImpl-50a1f6bc-759b-451e-a5dd-d4a59b2daa65/datanode-0/data/ratis/de0cac9c-8394-42f1-b79d-a43dc1d745e9/sm/snapshot.4_28
2019-09-17 12:46:20,473 [grpc-default-executor-3] INFO  impl.FollowerInfo (FollowerInfo.java:lambda$new$0(51)) - 5e893e0a-56f7-4618-9f46-a6ff48173cb6@group-A43DC1D745E9->84ab4d91-000c-4523-9c5f-2c204b5f6601: nextIndex: updateUnconditionally 38 -> 33
2019-09-17 12:46:20,473 [grpc-default-executor-2] INFO  impl.FollowerInfo (FollowerInfo.java:lambda$new$0(51)) - 5e893e0a-56f7-4618-9f46-a6ff48173cb6@group-A43DC1D745E9->f7ede272-a28a-44e0-9552-15581fc2de04: nextIndex: updateUnconditionally 38 -> 33
2019-09-17 12:46:20,500 [Command processor thread] ERROR commandhandler.CloseContainerCommandHandler (CloseContainerCommandHandler.java:handle(125)) - Can't close container #2
java.io.IOException: org.apache.ratis.protocol.GroupMismatchException: 5e893e0a-56f7-4618-9f46-a6ff48173cb6: group-A43DC1D745E9 not found.
	at org.apache.hadoop.ozone.container.common.transport.server.ratis.XceiverServerRatis.submitRequest(XceiverServerRatis.java:502)
	at org.apache.hadoop.ozone.container.common.statemachine.commandhandler.CloseContainerCommandHandler.handle(CloseContainerCommandHandler.java:102)
	at org.apache.hadoop.ozone.container.common.statemachine.commandhandler.CommandDispatcher.handle(CommandDispatcher.java:99)
	at org.apache.hadoop.ozone.container.common.statemachine.DatanodeStateMachine.lambda$initCommandHandlerThread$1(DatanodeStateMachine.java:432)
	at java.lang.Thread.run(Thread.java:748)
Caused by: java.util.concurrent.ExecutionException: org.apache.ratis.protocol.GroupMismatchException: 5e893e0a-56f7-4618-9f46-a6ff48173cb6: group-A43DC1D745E9 not found.
	at java.util.concurrent.CompletableFuture.reportGet(CompletableFuture.java:357)
	at java.util.concurrent.CompletableFuture.get(CompletableFuture.java:1895)
	at org.apache.hadoop.ozone.container.common.transport.server.ratis.XceiverServerRatis.submitRequest(XceiverServerRatis.java:500)
	... 4 more
Caused by: org.apache.ratis.protocol.GroupMismatchException: 5e893e0a-56f7-4618-9f46-a6ff48173cb6: group-A43DC1D745E9 not found.
	at org.apache.ratis.server.impl.RaftServerProxy$ImplMap.get(RaftServerProxy.java:122)
	at org.apache.ratis.server.impl.RaftServerProxy.getImplFuture(RaftServerProxy.java:269)
	at org.apache.ratis.server.impl.RaftServerProxy.submitRequest(RaftServerProxy.java:327)
	at org.apache.ratis.server.impl.RaftServerProxy.submitClientRequestAsync(RaftServerProxy.java:333)
	... 5 more
2019-09-17 12:46:20,522 [5e893e0a-56f7-4618-9f46-a6ff48173cb6@group-A43DC1D745E9-StateMachineUpdater] INFO  ratis.ContainerStateMachine (ContainerStateMachine.java:takeSnapshot(300)) - group-A43DC1D745E9: Finished taking a snapshot at:(t:4, i:28) file:/tmp/workdir/hadoop-ozone/tools/target/test-dir/MiniOzoneClusterImpl-50a1f6bc-759b-451e-a5dd-d4a59b2daa65/datanode-0/data/ratis/de0cac9c-8394-42f1-b79d-a43dc1d745e9/sm/snapshot.4_28 time:49
2019-09-17 12:46:20,522 [Command processor thread] ERROR commandhandler.CloseContainerCommandHandler (CloseContainerCommandHandler.java:handle(125)) - Can't close container #3
java.io.IOException: org.apache.ratis.protocol.GroupMismatchException: 5e893e0a-56f7-4618-9f46-a6ff48173cb6: group-A43DC1D745E9 not found.
	at org.apache.hadoop.ozone.container.common.transport.server.ratis.XceiverServerRatis.submitRequest(XceiverServerRatis.java:502)
	at org.apache.hadoop.ozone.container.common.statemachine.commandhandler.CloseContainerCommandHandler.handle(CloseContainerCommandHandler.java:102)
	at org.apache.hadoop.ozone.container.common.statemachine.commandhandler.CommandDispatcher.handle(CommandDispatcher.java:99)
	at org.apache.hadoop.ozone.container.common.statemachine.DatanodeStateMachine.lambda$initCommandHandlerThread$1(DatanodeStateMachine.java:432)
	at java.lang.Thread.run(Thread.java:748)
Caused by: java.util.concurrent.ExecutionException: org.apache.ratis.protocol.GroupMismatchException: 5e893e0a-56f7-4618-9f46-a6ff48173cb6: group-A43DC1D745E9 not found.
	at java.util.concurrent.CompletableFuture.reportGet(CompletableFuture.java:357)
	at java.util.concurrent.CompletableFuture.get(CompletableFuture.java:1895)
	at org.apache.hadoop.ozone.container.common.transport.server.ratis.XceiverServerRatis.submitRequest(XceiverServerRatis.java:500)
	... 4 more
Caused by: org.apache.ratis.protocol.GroupMismatchException: 5e893e0a-56f7-4618-9f46-a6ff48173cb6: group-A43DC1D745E9 not found.
	at org.apache.ratis.server.impl.RaftServerProxy$ImplMap.get(RaftServerProxy.java:122)
	at org.apache.ratis.server.impl.RaftServerProxy.getImplFuture(RaftServerProxy.java:269)
	at org.apache.ratis.server.impl.RaftServerProxy.submitRequest(RaftServerProxy.java:327)
	at org.apache.ratis.server.impl.RaftServerProxy.submitClientRequestAsync(RaftServerProxy.java:333)
	... 5 more
2019-09-17 12:46:20,524 [5e893e0a-56f7-4618-9f46-a6ff48173cb6@group-A43DC1D745E9-StateMachineUpdater] INFO  impl.StateMachineUpdater (StateMachineUpdater.java:takeSnapshot(258)) - 5e893e0a-56f7-4618-9f46-a6ff48173cb6@group-A43DC1D745E9-StateMachineUpdater: Took a snapshot at index 28
2019-09-17 12:46:20,525 [5e893e0a-56f7-4618-9f46-a6ff48173cb6@group-A43DC1D745E9-StateMachineUpdater] INFO  impl.StateMachineUpdater (StateMachineUpdater.java:lambda$new$0(83)) - 5e893e0a-56f7-4618-9f46-a6ff48173cb6@group-A43DC1D745E9-StateMachineUpdater: snapshotIndex: updateIncreasingly -1 -> 28
2019-09-17 12:46:20,531 [5e893e0a-56f7-4618-9f46-a6ff48173cb6@group-A43DC1D745E9-StateMachineUpdater] INFO  ratis.ContainerStateMachine (ContainerStateMachine.java:takeSnapshot(289)) - group-A43DC1D745E9: Taking a snapshot at:(t:4, i:28) file /tmp/workdir/hadoop-ozone/tools/target/test-dir/MiniOzoneClusterImpl-50a1f6bc-759b-451e-a5dd-d4a59b2daa65/datanode-0/data/ratis/de0cac9c-8394-42f1-b79d-a43dc1d745e9/sm/snapshot.4_28
2019-09-17 12:46:20,554 [5e893e0a-56f7-4618-9f46-a6ff48173cb6@group-A43DC1D745E9-StateMachineUpdater] INFO  ratis.ContainerStateMachine (ContainerStateMachine.java:takeSnapshot(300)) - group-A43DC1D745E9: Finished taking a snapshot at:(t:4, i:28) file:/tmp/workdir/hadoop-ozone/tools/target/test-dir/MiniOzoneClusterImpl-50a1f6bc-759b-451e-a5dd-d4a59b2daa65/datanode-0/data/ratis/de0cac9c-8394-42f1-b79d-a43dc1d745e9/sm/snapshot.4_28 time:23
2019-09-17 12:46:20,554 [5e893e0a-56f7-4618-9f46-a6ff48173cb6@group-A43DC1D745E9-StateMachineUpdater] INFO  impl.StateMachineUpdater (StateMachineUpdater.java:takeSnapshot(258)) - 5e893e0a-56f7-4618-9f46-a6ff48173cb6@group-A43DC1D745E9-StateMachineUpdater: Took a snapshot at index 28
2019-09-17 12:46:20,554 [5e893e0a-56f7-4618-9f46-a6ff48173cb6@group-A43DC1D745E9-StateMachineUpdater] INFO  impl.StateMachineUpdater (StateMachineUpdater.java:lambda$new$0(83)) - 5e893e0a-56f7-4618-9f46-a6ff48173cb6@group-A43DC1D745E9-StateMachineUpdater: snapshotIndex: updateIncreasingly 28 -> 28
2019-09-17 12:46:20,555 [grpc-default-executor-0] INFO  impl.RaftServerImpl (ServerState.java:close(385)) - 5e893e0a-56f7-4618-9f46-a6ff48173cb6@group-A43DC1D745E9: closes. applyIndex: 32
2019-09-17 12:46:20,558 [5e893e0a-56f7-4618-9f46-a6ff48173cb6@group-A43DC1D745E9-SegmentedRaftLogWorker] ERROR ratis.XceiverServerRatis (XceiverServerRatis.java:triggerPipelineClose(575)) - pipeline Action CLOSE  on pipeline PipelineID=de0cac9c-8394-42f1-b79d-a43dc1d745e9.Reason : WriteLog:35: (t:4, i:35), STATEMACHINELOGENTRY, client-0D87034729EF, cid=28-writeStateMachineData interrupted.
2019-09-17 12:46:20,560 [EventQueue-PipelineActionsForPipelineActionHandler] ERROR pipeline.PipelineActionHandler (PipelineActionHandler.java:onMessage(60)) - Received pipeline action CLOSE for Pipeline[ Id: de0cac9c-8394-42f1-b79d-a43dc1d745e9, Nodes: 5e893e0a-56f7-4618-9f46-a6ff48173cb6{ip: 192.168.5.153, host: pr-hdds-2137-trunk-mnh2s-3748177197, networkLocation: /default-rack, certSerialId: null}84ab4d91-000c-4523-9c5f-2c204b5f6601{ip: 192.168.5.153, host: pr-hdds-2137-trunk-mnh2s-3748177197, networkLocation: /default-rack, certSerialId: null}f7ede272-a28a-44e0-9552-15581fc2de04{ip: 192.168.5.153, host: pr-hdds-2137-trunk-mnh2s-3748177197, networkLocation: /default-rack, certSerialId: null}, Type:RATIS, Factor:THREE, State:CLOSED] from datanode 5e893e0a-56f7-4618-9f46-a6ff48173cb6{ip: 192.168.5.153, host: pr-hdds-2137-trunk-mnh2s-3748177197, networkLocation: /default-rack, certSerialId: null}. Reason : WriteLog:35: (t:4, i:35), STATEMACHINELOGENTRY, client-0D87034729EF, cid=28-writeStateMachineData interrupted.
2019-09-17 12:46:20,561 [EventQueue-PipelineActionsForPipelineActionHandler] INFO  pipeline.SCMPipelineManager (SCMPipelineManager.java:finalizeAndDestroyPipeline(311)) - destroying pipeline:Pipeline[ Id: de0cac9c-8394-42f1-b79d-a43dc1d745e9, Nodes: 5e893e0a-56f7-4618-9f46-a6ff48173cb6{ip: 192.168.5.153, host: pr-hdds-2137-trunk-mnh2s-3748177197, networkLocation: /default-rack, certSerialId: null}84ab4d91-000c-4523-9c5f-2c204b5f6601{ip: 192.168.5.153, host: pr-hdds-2137-trunk-mnh2s-3748177197, networkLocation: /default-rack, certSerialId: null}f7ede272-a28a-44e0-9552-15581fc2de04{ip: 192.168.5.153, host: pr-hdds-2137-trunk-mnh2s-3748177197, networkLocation: /default-rack, certSerialId: null}, Type:RATIS, Factor:THREE, State:CLOSED]
2019-09-17 12:46:20,571 [grpc-default-executor-0] INFO  segmented.SegmentedRaftLogWorker (SegmentedRaftLogWorker.java:close(228)) - 5e893e0a-56f7-4618-9f46-a6ff48173cb6@group-A43DC1D745E9-SegmentedRaftLogWorker close()
2019-09-17 12:46:20,591 [grpc-default-executor-0] INFO  interfaces.Container (KeyValueContainer.java:flushAndSyncDB(386)) - Container 1 is synced with bcsId 12.
2019-09-17 12:46:20,592 [grpc-default-executor-0] INFO  interfaces.Container (KeyValueContainer.java:flushAndSyncDB(386)) - Container 1 is synced with bcsId 12.
2019-09-17 12:46:20,620 [EventQueue-IncrementalContainerReportForIncrementalContainerReportHandler] INFO  container.IncrementalContainerReportHandler (AbstractContainerReportHandler.java:updateContainerState(169)) - Moving container #1 to QUASI_CLOSED state, datanode 5e893e0a-56f7-4618-9f46-a6ff48173cb6{ip: 192.168.5.153, host: pr-hdds-2137-trunk-mnh2s-3748177197, networkLocation: /default-rack, certSerialId: null} reported QUASI_CLOSED replica.
2019-09-17 12:46:20,630 [grpc-default-executor-0] INFO  interfaces.Container (KeyValueContainer.java:flushAndSyncDB(386)) - Container 2 is synced with bcsId 28.
2019-09-17 12:46:20,630 [grpc-default-executor-0] INFO  interfaces.Container (KeyValueContainer.java:flushAndSyncDB(386)) - Container 2 is synced with bcsId 28.
2019-09-17 12:46:20,672 [EventQueue-IncrementalContainerReportForIncrementalContainerReportHandler] INFO  container.IncrementalContainerReportHandler (AbstractContainerReportHandler.java:updateContainerState(169)) - Moving container #2 to QUASI_CLOSED state, datanode 5e893e0a-56f7-4618-9f46-a6ff48173cb6{ip: 192.168.5.153, host: pr-hdds-2137-trunk-mnh2s-3748177197, networkLocation: /default-rack, certSerialId: null} reported QUASI_CLOSED replica.
2019-09-17 12:46:20,759 [grpc-default-executor-0] INFO  interfaces.Container (KeyValueContainer.java:flushAndSyncDB(386)) - Container 3 is synced with bcsId 0.
2019-09-17 12:46:20,759 [grpc-default-executor-0] INFO  interfaces.Container (KeyValueContainer.java:flushAndSyncDB(386)) - Container 3 is synced with bcsId 0.
2019-09-17 12:46:20,803 [EventQueue-IncrementalContainerReportForIncrementalContainerReportHandler] INFO  container.IncrementalContainerReportHandler (AbstractContainerReportHandler.java:updateContainerState(169)) - Moving container #3 to QUASI_CLOSED state, datanode 5e893e0a-56f7-4618-9f46-a6ff48173cb6{ip: 192.168.5.153, host: pr-hdds-2137-trunk-mnh2s-3748177197, networkLocation: /default-rack, certSerialId: null} reported QUASI_CLOSED replica.
2019-09-17 12:46:20,810 [grpc-default-executor-0] INFO  impl.RaftServerProxy (RaftServerProxy.java:remove(95)) - 84ab4d91-000c-4523-9c5f-2c204b5f6601: remove  FOLLOWER 84ab4d91-000c-4523-9c5f-2c204b5f6601@group-A43DC1D745E9:t4, leader=5e893e0a-56f7-4618-9f46-a6ff48173cb6, voted=5e893e0a-56f7-4618-9f46-a6ff48173cb6, raftlog=84ab4d91-000c-4523-9c5f-2c204b5f6601@group-A43DC1D745E9-SegmentedRaftLog:OPENED:c32,f32,i37, conf=0: [5e893e0a-56f7-4618-9f46-a6ff48173cb6:192.168.5.153:37060, 84ab4d91-000c-4523-9c5f-2c204b5f6601:192.168.5.153:39178, f7ede272-a28a-44e0-9552-15581fc2de04:192.168.5.153:38263], old=null RUNNING
2019-09-17 12:46:20,810 [grpc-default-executor-0] INFO  impl.RaftServerImpl (RaftServerImpl.java:lambda$shutdown$3(251)) - 84ab4d91-000c-4523-9c5f-2c204b5f6601@group-A43DC1D745E9: shutdown
2019-09-17 12:46:20,810 [grpc-default-executor-0] INFO  util.JmxRegister (JmxRegister.java:unregister(73)) - Successfully un-registered JMX Bean with object name Ratis:service=RaftServer,group=group-A43DC1D745E9,id=84ab4d91-000c-4523-9c5f-2c204b5f6601
2019-09-17 12:46:20,811 [grpc-default-executor-0] INFO  impl.RoleInfo (RoleInfo.java:shutdownFollowerState(121)) - 84ab4d91-000c-4523-9c5f-2c204b5f6601: shutdown FollowerState
2019-09-17 12:46:20,811 [grpc-default-executor-0] INFO  impl.StateMachineUpdater (StateMachineUpdater.java:stopAndJoin(125)) - 84ab4d91-000c-4523-9c5f-2c204b5f6601@group-A43DC1D745E9-StateMachineUpdater: set stopIndex = 32
2019-09-17 12:46:20,811 [Thread-270] INFO  impl.FollowerState (FollowerState.java:run(115)) - 84ab4d91-000c-4523-9c5f-2c204b5f6601: FollowerState was interrupted: java.lang.InterruptedException: sleep interrupted
2019-09-17 12:46:20,811 [84ab4d91-000c-4523-9c5f-2c204b5f6601@group-A43DC1D745E9-StateMachineUpdater] INFO  ratis.ContainerStateMachine (ContainerStateMachine.java:takeSnapshot(289)) - group-A43DC1D745E9: Taking a snapshot at:(t:4, i:28) file /tmp/workdir/hadoop-ozone/tools/target/test-dir/MiniOzoneClusterImpl-50a1f6bc-759b-451e-a5dd-d4a59b2daa65/datanode-1/data/ratis/de0cac9c-8394-42f1-b79d-a43dc1d745e9/sm/snapshot.4_28
2019-09-17 12:46:20,835 [84ab4d91-000c-4523-9c5f-2c204b5f6601@group-A43DC1D745E9-StateMachineUpdater] INFO  ratis.ContainerStateMachine (ContainerStateMachine.java:takeSnapshot(300)) - group-A43DC1D745E9: Finished taking a snapshot at:(t:4, i:28) file:/tmp/workdir/hadoop-ozone/tools/target/test-dir/MiniOzoneClusterImpl-50a1f6bc-759b-451e-a5dd-d4a59b2daa65/datanode-1/data/ratis/de0cac9c-8394-42f1-b79d-a43dc1d745e9/sm/snapshot.4_28 time:24
2019-09-17 12:46:20,836 [84ab4d91-000c-4523-9c5f-2c204b5f6601@group-A43DC1D745E9-StateMachineUpdater] INFO  impl.StateMachineUpdater (StateMachineUpdater.java:takeSnapshot(258)) - 84ab4d91-000c-4523-9c5f-2c204b5f6601@group-A43DC1D745E9-StateMachineUpdater: Took a snapshot at index 28
2019-09-17 12:46:20,836 [84ab4d91-000c-4523-9c5f-2c204b5f6601@group-A43DC1D745E9-StateMachineUpdater] INFO  impl.StateMachineUpdater (StateMachineUpdater.java:lambda$new$0(83)) - 84ab4d91-000c-4523-9c5f-2c204b5f6601@group-A43DC1D745E9-StateMachineUpdater: snapshotIndex: updateIncreasingly -1 -> 28
2019-09-17 12:46:20,836 [84ab4d91-000c-4523-9c5f-2c204b5f6601@group-A43DC1D745E9-StateMachineUpdater] INFO  ratis.ContainerStateMachine (ContainerStateMachine.java:takeSnapshot(289)) - group-A43DC1D745E9: Taking a snapshot at:(t:4, i:28) file /tmp/workdir/hadoop-ozone/tools/target/test-dir/MiniOzoneClusterImpl-50a1f6bc-759b-451e-a5dd-d4a59b2daa65/datanode-1/data/ratis/de0cac9c-8394-42f1-b79d-a43dc1d745e9/sm/snapshot.4_28
2019-09-17 12:46:20,865 [84ab4d91-000c-4523-9c5f-2c204b5f6601@group-A43DC1D745E9-StateMachineUpdater] INFO  ratis.ContainerStateMachine (ContainerStateMachine.java:takeSnapshot(300)) - group-A43DC1D745E9: Finished taking a snapshot at:(t:4, i:28) file:/tmp/workdir/hadoop-ozone/tools/target/test-dir/MiniOzoneClusterImpl-50a1f6bc-759b-451e-a5dd-d4a59b2daa65/datanode-1/data/ratis/de0cac9c-8394-42f1-b79d-a43dc1d745e9/sm/snapshot.4_28 time:29
2019-09-17 12:46:20,865 [84ab4d91-000c-4523-9c5f-2c204b5f6601@group-A43DC1D745E9-StateMachineUpdater] INFO  impl.StateMachineUpdater (StateMachineUpdater.java:takeSnapshot(258)) - 84ab4d91-000c-4523-9c5f-2c204b5f6601@group-A43DC1D745E9-StateMachineUpdater: Took a snapshot at index 28
2019-09-17 12:46:20,865 [84ab4d91-000c-4523-9c5f-2c204b5f6601@group-A43DC1D745E9-StateMachineUpdater] INFO  impl.StateMachineUpdater (StateMachineUpdater.java:lambda$new$0(83)) - 84ab4d91-000c-4523-9c5f-2c204b5f6601@group-A43DC1D745E9-StateMachineUpdater: snapshotIndex: updateIncreasingly 28 -> 28
2019-09-17 12:46:20,866 [grpc-default-executor-0] INFO  impl.RaftServerImpl (ServerState.java:close(385)) - 84ab4d91-000c-4523-9c5f-2c204b5f6601@group-A43DC1D745E9: closes. applyIndex: 32
2019-09-17 12:46:20,868 [84ab4d91-000c-4523-9c5f-2c204b5f6601@group-A43DC1D745E9-SegmentedRaftLogWorker] ERROR ratis.XceiverServerRatis (XceiverServerRatis.java:triggerPipelineClose(575)) - pipeline Action CLOSE  on pipeline PipelineID=de0cac9c-8394-42f1-b79d-a43dc1d745e9.Reason : WriteLog:35: (t:4, i:35), STATEMACHINELOGENTRY, client-0D87034729EF, cid=28-writeStateMachineData interrupted.
2019-09-17 12:46:20,870 [EventQueue-PipelineActionsForPipelineActionHandler] ERROR pipeline.PipelineActionHandler (PipelineActionHandler.java:onMessage(60)) - Received pipeline action CLOSE for Pipeline[ Id: de0cac9c-8394-42f1-b79d-a43dc1d745e9, Nodes: 5e893e0a-56f7-4618-9f46-a6ff48173cb6{ip: 192.168.5.153, host: pr-hdds-2137-trunk-mnh2s-3748177197, networkLocation: /default-rack, certSerialId: null}84ab4d91-000c-4523-9c5f-2c204b5f6601{ip: 192.168.5.153, host: pr-hdds-2137-trunk-mnh2s-3748177197, networkLocation: /default-rack, certSerialId: null}f7ede272-a28a-44e0-9552-15581fc2de04{ip: 192.168.5.153, host: pr-hdds-2137-trunk-mnh2s-3748177197, networkLocation: /default-rack, certSerialId: null}, Type:RATIS, Factor:THREE, State:CLOSED] from datanode 84ab4d91-000c-4523-9c5f-2c204b5f6601{ip: 192.168.5.153, host: pr-hdds-2137-trunk-mnh2s-3748177197, networkLocation: /default-rack, certSerialId: null}. Reason : WriteLog:35: (t:4, i:35), STATEMACHINELOGENTRY, client-0D87034729EF, cid=28-writeStateMachineData interrupted.
2019-09-17 12:46:20,870 [EventQueue-PipelineActionsForPipelineActionHandler] INFO  pipeline.SCMPipelineManager (SCMPipelineManager.java:finalizeAndDestroyPipeline(311)) - destroying pipeline:Pipeline[ Id: de0cac9c-8394-42f1-b79d-a43dc1d745e9, Nodes: 5e893e0a-56f7-4618-9f46-a6ff48173cb6{ip: 192.168.5.153, host: pr-hdds-2137-trunk-mnh2s-3748177197, networkLocation: /default-rack, certSerialId: null}84ab4d91-000c-4523-9c5f-2c204b5f6601{ip: 192.168.5.153, host: pr-hdds-2137-trunk-mnh2s-3748177197, networkLocation: /default-rack, certSerialId: null}f7ede272-a28a-44e0-9552-15581fc2de04{ip: 192.168.5.153, host: pr-hdds-2137-trunk-mnh2s-3748177197, networkLocation: /default-rack, certSerialId: null}, Type:RATIS, Factor:THREE, State:CLOSED]
2019-09-17 12:46:20,880 [grpc-default-executor-0] INFO  segmented.SegmentedRaftLogWorker (SegmentedRaftLogWorker.java:close(228)) - 84ab4d91-000c-4523-9c5f-2c204b5f6601@group-A43DC1D745E9-SegmentedRaftLogWorker close()
2019-09-17 12:46:20,899 [grpc-default-executor-0] INFO  interfaces.Container (KeyValueContainer.java:flushAndSyncDB(386)) - Container 1 is synced with bcsId 12.
2019-09-17 12:46:20,899 [grpc-default-executor-0] INFO  interfaces.Container (KeyValueContainer.java:flushAndSyncDB(386)) - Container 1 is synced with bcsId 12.
2019-09-17 12:46:20,941 [grpc-default-executor-0] INFO  interfaces.Container (KeyValueContainer.java:flushAndSyncDB(386)) - Container 2 is synced with bcsId 28.
2019-09-17 12:46:20,942 [grpc-default-executor-0] INFO  interfaces.Container (KeyValueContainer.java:flushAndSyncDB(386)) - Container 2 is synced with bcsId 28.
 0.00% |█                                                                                                    |  0/1 Time: 0:03:252019-09-17 12:46:21,326 [grpc-default-executor-4] INFO  client.GrpcClientProtocolClient (GrpcClientProtocolClient.java:onNext(264)) - client-0D87034729EF->f7ede272-a28a-44e0-9552-15581fc2de04: receive RaftClientReply:client-0D87034729EF->f7ede272-a28a-44e0-9552-15581fc2de04@group-A43DC1D745E9, cid=26, FAILED org.apache.ratis.protocol.NotLeaderException: Server f7ede272-a28a-44e0-9552-15581fc2de04@group-A43DC1D745E9 is not the leader 5e893e0a-56f7-4618-9f46-a6ff48173cb6:192.168.5.153:37060, logIndex=0, commits[f7ede272-a28a-44e0-9552-15581fc2de04:c32, 5e893e0a-56f7-4618-9f46-a6ff48173cb6:c32, 84ab4d91-000c-4523-9c5f-2c204b5f6601:c28]
2019-09-17 12:46:21,362 [pool-53-thread-3] WARN  io.KeyOutputStream (KeyOutputStream.java:handleException(276)) - Encountered exception java.io.IOException: Unexpected Storage Container Exception: java.util.concurrent.CompletionException: java.util.concurrent.CompletionException: org.apache.ratis.protocol.GroupMismatchException: 5e893e0a-56f7-4618-9f46-a6ff48173cb6: group-A43DC1D745E9 not found. on the pipeline Pipeline[ Id: de0cac9c-8394-42f1-b79d-a43dc1d745e9, Nodes: 5e893e0a-56f7-4618-9f46-a6ff48173cb6{ip: 192.168.5.153, host: pr-hdds-2137-trunk-mnh2s-3748177197, networkLocation: /default-rack, certSerialId: null}84ab4d91-000c-4523-9c5f-2c204b5f6601{ip: 192.168.5.153, host: pr-hdds-2137-trunk-mnh2s-3748177197, networkLocation: /default-rack, certSerialId: null}f7ede272-a28a-44e0-9552-15581fc2de04{ip: 192.168.5.153, host: pr-hdds-2137-trunk-mnh2s-3748177197, networkLocation: /default-rack, certSerialId: null}, Type:RATIS, Factor:THREE, State:OPEN]. The last committed block length is 0, uncommitted data length is 2097152 retry count 0
2019-09-17 12:46:21,392 [grpc-default-executor-0] INFO  interfaces.Container (KeyValueContainer.java:flushAndSyncDB(386)) - Container 3 is synced with bcsId 0.
2019-09-17 12:46:21,395 [grpc-default-executor-0] INFO  interfaces.Container (KeyValueContainer.java:flushAndSyncDB(386)) - Container 3 is synced with bcsId 0.
2019-09-17 12:46:21,401 [grpc-default-executor-2] INFO  impl.RaftServerProxy (RaftServerProxy.java:addNew(89)) - f7ede272-a28a-44e0-9552-15581fc2de04: addNew group-1F9831CC3440:[5e893e0a-56f7-4618-9f46-a6ff48173cb6:192.168.5.153:37060, 84ab4d91-000c-4523-9c5f-2c204b5f6601:192.168.5.153:39178, f7ede272-a28a-44e0-9552-15581fc2de04:192.168.5.153:38263] returns group-1F9831CC3440:java.util.concurrent.CompletableFuture@6cf48f2f[Not completed]
2019-09-17 12:46:21,404 [grpc-default-executor-4] INFO  impl.RaftServerProxy (RaftServerProxy.java:addNew(89)) - 5e893e0a-56f7-4618-9f46-a6ff48173cb6: addNew group-1F9831CC3440:[5e893e0a-56f7-4618-9f46-a6ff48173cb6:192.168.5.153:37060, 84ab4d91-000c-4523-9c5f-2c204b5f6601:192.168.5.153:39178, f7ede272-a28a-44e0-9552-15581fc2de04:192.168.5.153:38263] returns group-1F9831CC3440:java.util.concurrent.CompletableFuture@7c4774b1[Not completed]
2019-09-17 12:46:21,404 [grpc-default-executor-3] INFO  impl.RaftServerProxy (RaftServerProxy.java:addNew(89)) - 84ab4d91-000c-4523-9c5f-2c204b5f6601: addNew group-1F9831CC3440:[5e893e0a-56f7-4618-9f46-a6ff48173cb6:192.168.5.153:37060, 84ab4d91-000c-4523-9c5f-2c204b5f6601:192.168.5.153:39178, f7ede272-a28a-44e0-9552-15581fc2de04:192.168.5.153:38263] returns group-1F9831CC3440:java.util.concurrent.CompletableFuture@79f8a036[Not completed]
2019-09-17 12:46:21,406 [pool-27-thread-1] INFO  impl.RaftServerImpl (RaftServerImpl.java:<init>(95)) - 5e893e0a-56f7-4618-9f46-a6ff48173cb6: new RaftServerImpl for group-1F9831CC3440:[5e893e0a-56f7-4618-9f46-a6ff48173cb6:192.168.5.153:37060, 84ab4d91-000c-4523-9c5f-2c204b5f6601:192.168.5.153:39178, f7ede272-a28a-44e0-9552-15581fc2de04:192.168.5.153:38263] with ContainerStateMachine:uninitialized
2019-09-17 12:46:21,406 [pool-27-thread-1] INFO  server.RaftServerConfigKeys (ConfUtils.java:logGet(43)) - raft.server.rpc.timeout.min = 5s (custom)
2019-09-17 12:46:21,406 [pool-27-thread-1] INFO  server.RaftServerConfigKeys (ConfUtils.java:logGet(43)) - raft.server.rpc.timeout.max = 5200ms (custom)
2019-09-17 12:46:21,406 [pool-27-thread-1] INFO  server.RaftServerConfigKeys (ConfUtils.java:logGet(43)) - raft.server.rpcslowness.timeout = 120s (custom)
2019-09-17 12:46:21,406 [pool-27-thread-1] INFO  server.RaftServerConfigKeys (ConfUtils.java:logGet(43)) - raft.server.sleep.deviation.threshold = 300 (default)
2019-09-17 12:46:21,406 [pool-27-thread-1] INFO  server.RaftServerConfigKeys (ConfUtils.java:logGet(43)) - raft.server.log.appender.install.snapshot.enabled = false (custom)
2019-09-17 12:46:21,406 [pool-27-thread-1] INFO  impl.RaftServerImpl (ServerState.java:<init>(103)) - 5e893e0a-56f7-4618-9f46-a6ff48173cb6@group-1F9831CC3440: ConfigurationManager, init=-1: [5e893e0a-56f7-4618-9f46-a6ff48173cb6:192.168.5.153:37060, 84ab4d91-000c-4523-9c5f-2c204b5f6601:192.168.5.153:39178, f7ede272-a28a-44e0-9552-15581fc2de04:192.168.5.153:38263], old=null, confs=<EMPTY_MAP>
2019-09-17 12:46:21,407 [pool-27-thread-1] INFO  server.RaftServerConfigKeys (ConfUtils.java:logGet(43)) - raft.server.storage.dir = [/tmp/workdir/hadoop-ozone/tools/target/test-dir/MiniOzoneClusterImpl-50a1f6bc-759b-451e-a5dd-d4a59b2daa65/datanode-0/data/ratis] (custom)
2019-09-17 12:46:21,407 [pool-47-thread-1] INFO  impl.RaftServerImpl (RaftServerImpl.java:<init>(95)) - f7ede272-a28a-44e0-9552-15581fc2de04: new RaftServerImpl for group-1F9831CC3440:[5e893e0a-56f7-4618-9f46-a6ff48173cb6:192.168.5.153:37060, 84ab4d91-000c-4523-9c5f-2c204b5f6601:192.168.5.153:39178, f7ede272-a28a-44e0-9552-15581fc2de04:192.168.5.153:38263] with ContainerStateMachine:uninitialized
2019-09-17 12:46:21,407 [pool-47-thread-1] INFO  server.RaftServerConfigKeys (ConfUtils.java:logGet(43)) - raft.server.rpc.timeout.min = 5s (custom)
2019-09-17 12:46:21,407 [pool-27-thread-1] INFO  storage.RaftStorageDirectory (RaftStorageDirectory.java:analyzeStorage(246)) - The storage directory /tmp/workdir/hadoop-ozone/tools/target/test-dir/MiniOzoneClusterImpl-50a1f6bc-759b-451e-a5dd-d4a59b2daa65/datanode-0/data/ratis/e5966ae0-5fcf-4a62-bb3f-1f9831cc3440 does not exist. Creating ...
2019-09-17 12:46:21,407 [pool-47-thread-1] INFO  server.RaftServerConfigKeys (ConfUtils.java:logGet(43)) - raft.server.rpc.timeout.max = 5200ms (custom)
2019-09-17 12:46:21,407 [pool-47-thread-1] INFO  server.RaftServerConfigKeys (ConfUtils.java:logGet(43)) - raft.server.rpcslowness.timeout = 120s (custom)
2019-09-17 12:46:21,407 [pool-47-thread-1] INFO  server.RaftServerConfigKeys (ConfUtils.java:logGet(43)) - raft.server.sleep.deviation.threshold = 300 (default)
2019-09-17 12:46:21,408 [pool-37-thread-1] INFO  impl.RaftServerImpl (RaftServerImpl.java:<init>(95)) - 84ab4d91-000c-4523-9c5f-2c204b5f6601: new RaftServerImpl for group-1F9831CC3440:[5e893e0a-56f7-4618-9f46-a6ff48173cb6:192.168.5.153:37060, 84ab4d91-000c-4523-9c5f-2c204b5f6601:192.168.5.153:39178, f7ede272-a28a-44e0-9552-15581fc2de04:192.168.5.153:38263] with ContainerStateMachine:uninitialized
2019-09-17 12:46:21,408 [pool-47-thread-1] INFO  server.RaftServerConfigKeys (ConfUtils.java:logGet(43)) - raft.server.log.appender.install.snapshot.enabled = false (custom)
2019-09-17 12:46:21,408 [pool-37-thread-1] INFO  server.RaftServerConfigKeys (ConfUtils.java:logGet(43)) - raft.server.rpc.timeout.min = 5s (custom)
2019-09-17 12:46:21,408 [pool-47-thread-1] INFO  impl.RaftServerImpl (ServerState.java:<init>(103)) - f7ede272-a28a-44e0-9552-15581fc2de04@group-1F9831CC3440: ConfigurationManager, init=-1: [5e893e0a-56f7-4618-9f46-a6ff48173cb6:192.168.5.153:37060, 84ab4d91-000c-4523-9c5f-2c204b5f6601:192.168.5.153:39178, f7ede272-a28a-44e0-9552-15581fc2de04:192.168.5.153:38263], old=null, confs=<EMPTY_MAP>
2019-09-17 12:46:21,408 [pool-37-thread-1] INFO  server.RaftServerConfigKeys (ConfUtils.java:logGet(43)) - raft.server.rpc.timeout.max = 5200ms (custom)
2019-09-17 12:46:21,408 [pool-47-thread-1] INFO  server.RaftServerConfigKeys (ConfUtils.java:logGet(43)) - raft.server.storage.dir = [/tmp/workdir/hadoop-ozone/tools/target/test-dir/MiniOzoneClusterImpl-50a1f6bc-759b-451e-a5dd-d4a59b2daa65/datanode-2/data/ratis] (custom)
2019-09-17 12:46:21,408 [pool-37-thread-1] INFO  server.RaftServerConfigKeys (ConfUtils.java:logGet(43)) - raft.server.rpcslowness.timeout = 120s (custom)
2019-09-17 12:46:21,408 [pool-37-thread-1] INFO  server.RaftServerConfigKeys (ConfUtils.java:logGet(43)) - raft.server.sleep.deviation.threshold = 300 (default)
2019-09-17 12:46:21,408 [pool-37-thread-1] INFO  server.RaftServerConfigKeys (ConfUtils.java:logGet(43)) - raft.server.log.appender.install.snapshot.enabled = false (custom)
2019-09-17 12:46:21,408 [pool-47-thread-1] INFO  storage.RaftStorageDirectory (RaftStorageDirectory.java:analyzeStorage(246)) - The storage directory /tmp/workdir/hadoop-ozone/tools/target/test-dir/MiniOzoneClusterImpl-50a1f6bc-759b-451e-a5dd-d4a59b2daa65/datanode-2/data/ratis/e5966ae0-5fcf-4a62-bb3f-1f9831cc3440 does not exist. Creating ...
2019-09-17 12:46:21,408 [pool-37-thread-1] INFO  impl.RaftServerImpl (ServerState.java:<init>(103)) - 84ab4d91-000c-4523-9c5f-2c204b5f6601@group-1F9831CC3440: ConfigurationManager, init=-1: [5e893e0a-56f7-4618-9f46-a6ff48173cb6:192.168.5.153:37060, 84ab4d91-000c-4523-9c5f-2c204b5f6601:192.168.5.153:39178, f7ede272-a28a-44e0-9552-15581fc2de04:192.168.5.153:38263], old=null, confs=<EMPTY_MAP>
2019-09-17 12:46:21,409 [pool-37-thread-1] INFO  server.RaftServerConfigKeys (ConfUtils.java:logGet(43)) - raft.server.storage.dir = [/tmp/workdir/hadoop-ozone/tools/target/test-dir/MiniOzoneClusterImpl-50a1f6bc-759b-451e-a5dd-d4a59b2daa65/datanode-1/data/ratis] (custom)
2019-09-17 12:46:21,409 [pool-37-thread-1] INFO  storage.RaftStorageDirectory (RaftStorageDirectory.java:analyzeStorage(246)) - The storage directory /tmp/workdir/hadoop-ozone/tools/target/test-dir/MiniOzoneClusterImpl-50a1f6bc-759b-451e-a5dd-d4a59b2daa65/datanode-1/data/ratis/e5966ae0-5fcf-4a62-bb3f-1f9831cc3440 does not exist. Creating ...
2019-09-17 12:46:21,426 [grpc-default-executor-0] INFO  impl.RaftServerProxy (RaftServerProxy.java:remove(95)) - f7ede272-a28a-44e0-9552-15581fc2de04: remove  FOLLOWER f7ede272-a28a-44e0-9552-15581fc2de04@group-A43DC1D745E9:t4, leader=5e893e0a-56f7-4618-9f46-a6ff48173cb6, voted=5e893e0a-56f7-4618-9f46-a6ff48173cb6, raftlog=f7ede272-a28a-44e0-9552-15581fc2de04@group-A43DC1D745E9-SegmentedRaftLog:OPENED:c32,f32,i37, conf=0: [5e893e0a-56f7-4618-9f46-a6ff48173cb6:192.168.5.153:37060, 84ab4d91-000c-4523-9c5f-2c204b5f6601:192.168.5.153:39178, f7ede272-a28a-44e0-9552-15581fc2de04:192.168.5.153:38263], old=null RUNNING
2019-09-17 12:46:21,427 [grpc-default-executor-0] INFO  impl.RaftServerImpl (RaftServerImpl.java:lambda$shutdown$3(251)) - f7ede272-a28a-44e0-9552-15581fc2de04@group-A43DC1D745E9: shutdown
2019-09-17 12:46:21,427 [grpc-default-executor-0] INFO  util.JmxRegister (JmxRegister.java:unregister(73)) - Successfully un-registered JMX Bean with object name Ratis:service=RaftServer,group=group-A43DC1D745E9,id=f7ede272-a28a-44e0-9552-15581fc2de04
2019-09-17 12:46:21,427 [grpc-default-executor-0] INFO  impl.RoleInfo (RoleInfo.java:shutdownFollowerState(121)) - f7ede272-a28a-44e0-9552-15581fc2de04: shutdown FollowerState
2019-09-17 12:46:21,427 [grpc-default-executor-0] INFO  impl.StateMachineUpdater (StateMachineUpdater.java:stopAndJoin(125)) - f7ede272-a28a-44e0-9552-15581fc2de04@group-A43DC1D745E9-StateMachineUpdater: set stopIndex = 32
2019-09-17 12:46:21,427 [Thread-271] INFO  impl.FollowerState (FollowerState.java:run(115)) - f7ede272-a28a-44e0-9552-15581fc2de04: FollowerState was interrupted: java.lang.InterruptedException: sleep interrupted
2019-09-17 12:46:21,427 [f7ede272-a28a-44e0-9552-15581fc2de04@group-A43DC1D745E9-StateMachineUpdater] INFO  ratis.ContainerStateMachine (ContainerStateMachine.java:takeSnapshot(289)) - group-A43DC1D745E9: Taking a snapshot at:(t:4, i:28) file /tmp/workdir/hadoop-ozone/tools/target/test-dir/MiniOzoneClusterImpl-50a1f6bc-759b-451e-a5dd-d4a59b2daa65/datanode-2/data/ratis/de0cac9c-8394-42f1-b79d-a43dc1d745e9/sm/snapshot.4_28
2019-09-17 12:46:21,441 [pool-47-thread-1] INFO  storage.RaftStorageDirectory (RaftStorageDirectory.java:tryLock(328)) - Lock on /tmp/workdir/hadoop-ozone/tools/target/test-dir/MiniOzoneClusterImpl-50a1f6bc-759b-451e-a5dd-d4a59b2daa65/datanode-2/data/ratis/e5966ae0-5fcf-4a62-bb3f-1f9831cc3440/in_use.lock acquired by nodename 20616@pr-hdds-2137-trunk-mnh2s-3748177197
2019-09-17 12:46:21,441 [f7ede272-a28a-44e0-9552-15581fc2de04@group-A43DC1D745E9-StateMachineUpdater] INFO  ratis.ContainerStateMachine (ContainerStateMachine.java:takeSnapshot(300)) - group-A43DC1D745E9: Finished taking a snapshot at:(t:4, i:28) file:/tmp/workdir/hadoop-ozone/tools/target/test-dir/MiniOzoneClusterImpl-50a1f6bc-759b-451e-a5dd-d4a59b2daa65/datanode-2/data/ratis/de0cac9c-8394-42f1-b79d-a43dc1d745e9/sm/snapshot.4_28 time:14
2019-09-17 12:46:21,441 [pool-27-thread-1] INFO  storage.RaftStorageDirectory (RaftStorageDirectory.java:tryLock(328)) - Lock on /tmp/workdir/hadoop-ozone/tools/target/test-dir/MiniOzoneClusterImpl-50a1f6bc-759b-451e-a5dd-d4a59b2daa65/datanode-0/data/ratis/e5966ae0-5fcf-4a62-bb3f-1f9831cc3440/in_use.lock acquired by nodename 20616@pr-hdds-2137-trunk-mnh2s-3748177197
2019-09-17 12:46:21,441 [pool-37-thread-1] INFO  storage.RaftStorageDirectory (RaftStorageDirectory.java:tryLock(328)) - Lock on /tmp/workdir/hadoop-ozone/tools/target/test-dir/MiniOzoneClusterImpl-50a1f6bc-759b-451e-a5dd-d4a59b2daa65/datanode-1/data/ratis/e5966ae0-5fcf-4a62-bb3f-1f9831cc3440/in_use.lock acquired by nodename 20616@pr-hdds-2137-trunk-mnh2s-3748177197
2019-09-17 12:46:21,442 [f7ede272-a28a-44e0-9552-15581fc2de04@group-A43DC1D745E9-StateMachineUpdater] INFO  impl.StateMachineUpdater (StateMachineUpdater.java:takeSnapshot(258)) - f7ede272-a28a-44e0-9552-15581fc2de04@group-A43DC1D745E9-StateMachineUpdater: Took a snapshot at index 28
2019-09-17 12:46:21,442 [f7ede272-a28a-44e0-9552-15581fc2de04@group-A43DC1D745E9-StateMachineUpdater] INFO  impl.StateMachineUpdater (StateMachineUpdater.java:lambda$new$0(83)) - f7ede272-a28a-44e0-9552-15581fc2de04@group-A43DC1D745E9-StateMachineUpdater: snapshotIndex: updateIncreasingly -1 -> 28
2019-09-17 12:46:21,442 [f7ede272-a28a-44e0-9552-15581fc2de04@group-A43DC1D745E9-StateMachineUpdater] INFO  ratis.ContainerStateMachine (ContainerStateMachine.java:takeSnapshot(289)) - group-A43DC1D745E9: Taking a snapshot at:(t:4, i:28) file /tmp/workdir/hadoop-ozone/tools/target/test-dir/MiniOzoneClusterImpl-50a1f6bc-759b-451e-a5dd-d4a59b2daa65/datanode-2/data/ratis/de0cac9c-8394-42f1-b79d-a43dc1d745e9/sm/snapshot.4_28
2019-09-17 12:46:21,472 [f7ede272-a28a-44e0-9552-15581fc2de04@group-A43DC1D745E9-StateMachineUpdater] INFO  ratis.ContainerStateMachine (ContainerStateMachine.java:takeSnapshot(300)) - group-A43DC1D745E9: Finished taking a snapshot at:(t:4, i:28) file:/tmp/workdir/hadoop-ozone/tools/target/test-dir/MiniOzoneClusterImpl-50a1f6bc-759b-451e-a5dd-d4a59b2daa65/datanode-2/data/ratis/de0cac9c-8394-42f1-b79d-a43dc1d745e9/sm/snapshot.4_28 time:30
2019-09-17 12:46:21,472 [pool-47-thread-1] INFO  storage.RaftStorage (RaftStorage.java:format(72)) - Storage directory /tmp/workdir/hadoop-ozone/tools/target/test-dir/MiniOzoneClusterImpl-50a1f6bc-759b-451e-a5dd-d4a59b2daa65/datanode-2/data/ratis/e5966ae0-5fcf-4a62-bb3f-1f9831cc3440 has been successfully formatted.
2019-09-17 12:46:21,472 [pool-37-thread-1] INFO  storage.RaftStorage (RaftStorage.java:format(72)) - Storage directory /tmp/workdir/hadoop-ozone/tools/target/test-dir/MiniOzoneClusterImpl-50a1f6bc-759b-451e-a5dd-d4a59b2daa65/datanode-1/data/ratis/e5966ae0-5fcf-4a62-bb3f-1f9831cc3440 has been successfully formatted.
2019-09-17 12:46:21,472 [pool-27-thread-1] INFO  storage.RaftStorage (RaftStorage.java:format(72)) - Storage directory /tmp/workdir/hadoop-ozone/tools/target/test-dir/MiniOzoneClusterImpl-50a1f6bc-759b-451e-a5dd-d4a59b2daa65/datanode-0/data/ratis/e5966ae0-5fcf-4a62-bb3f-1f9831cc3440 has been successfully formatted.
2019-09-17 12:46:21,473 [pool-47-thread-1] INFO  ratis.ContainerStateMachine (ContainerStateMachine.java:loadSnapshot(230)) - group-1F9831CC3440: The snapshot info is null. Setting the last applied indexto:(t:0, i:~)
2019-09-17 12:46:21,473 [pool-27-thread-1] INFO  ratis.ContainerStateMachine (ContainerStateMachine.java:loadSnapshot(230)) - group-1F9831CC3440: The snapshot info is null. Setting the last applied indexto:(t:0, i:~)
2019-09-17 12:46:21,473 [pool-37-thread-1] INFO  ratis.ContainerStateMachine (ContainerStateMachine.java:loadSnapshot(230)) - group-1F9831CC3440: The snapshot info is null. Setting the last applied indexto:(t:0, i:~)
2019-09-17 12:46:21,473 [f7ede272-a28a-44e0-9552-15581fc2de04@group-A43DC1D745E9-StateMachineUpdater] INFO  impl.StateMachineUpdater (StateMachineUpdater.java:takeSnapshot(258)) - f7ede272-a28a-44e0-9552-15581fc2de04@group-A43DC1D745E9-StateMachineUpdater: Took a snapshot at index 28
2019-09-17 12:46:21,473 [pool-37-thread-1] INFO  server.RaftServerConfigKeys (ConfUtils.java:logGet(43)) - raft.server.notification.no-leader.timeout = 120s (custom)
2019-09-17 12:46:21,473 [pool-27-thread-1] INFO  server.RaftServerConfigKeys (ConfUtils.java:logGet(43)) - raft.server.notification.no-leader.timeout = 120s (custom)
2019-09-17 12:46:21,473 [pool-47-thread-1] INFO  server.RaftServerConfigKeys (ConfUtils.java:logGet(43)) - raft.server.notification.no-leader.timeout = 120s (custom)
2019-09-17 12:46:21,474 [pool-27-thread-1] INFO  server.RaftServerConfigKeys (ConfUtils.java:logGet(43)) - raft.server.log.use.memory = false (default)
2019-09-17 12:46:21,474 [pool-37-thread-1] INFO  server.RaftServerConfigKeys (ConfUtils.java:logGet(43)) - raft.server.log.use.memory = false (default)
2019-09-17 12:46:21,473 [f7ede272-a28a-44e0-9552-15581fc2de04@group-A43DC1D745E9-StateMachineUpdater] INFO  impl.StateMachineUpdater (StateMachineUpdater.java:lambda$new$0(83)) - f7ede272-a28a-44e0-9552-15581fc2de04@group-A43DC1D745E9-StateMachineUpdater: snapshotIndex: updateIncreasingly 28 -> 28
2019-09-17 12:46:21,474 [pool-37-thread-1] INFO  server.RaftServerConfigKeys (ConfUtils.java:logGet(43)) - raft.server.log.purge.gap = 1000000 (custom)
2019-09-17 12:46:21,474 [pool-27-thread-1] INFO  server.RaftServerConfigKeys (ConfUtils.java:logGet(43)) - raft.server.log.purge.gap = 1000000 (custom)
2019-09-17 12:46:21,474 [pool-47-thread-1] INFO  server.RaftServerConfigKeys (ConfUtils.java:logGet(43)) - raft.server.log.use.memory = false (default)
2019-09-17 12:46:21,475 [grpc-default-executor-0] INFO  impl.RaftServerImpl (ServerState.java:close(385)) - f7ede272-a28a-44e0-9552-15581fc2de04@group-A43DC1D745E9: closes. applyIndex: 32
2019-09-17 12:46:21,475 [pool-27-thread-1] INFO  server.RaftServerConfigKeys (ConfUtils.java:logGet(43)) - raft.server.log.appender.buffer.byte-limit = 33554432 (custom)
2019-09-17 12:46:21,474 [pool-37-thread-1] INFO  server.RaftServerConfigKeys (ConfUtils.java:logGet(43)) - raft.server.log.appender.buffer.byte-limit = 33554432 (custom)
2019-09-17 12:46:21,475 [pool-27-thread-1] INFO  server.RaftServerConfigKeys (ConfUtils.java:logGet(43)) - raft.server.log.segment.size.max = 1048576 (custom)
2019-09-17 12:46:21,475 [pool-47-thread-1] INFO  server.RaftServerConfigKeys (ConfUtils.java:logGet(43)) - raft.server.log.purge.gap = 1000000 (custom)
2019-09-17 12:46:21,477 [pool-27-thread-1] INFO  server.RaftServerConfigKeys (ConfUtils.java:logGet(43)) - raft.server.log.segment.cache.num.max = 2 (custom)
2019-09-17 12:46:21,475 [pool-37-thread-1] INFO  server.RaftServerConfigKeys (ConfUtils.java:logGet(43)) - raft.server.log.segment.size.max = 1048576 (custom)
2019-09-17 12:46:21,476 [f7ede272-a28a-44e0-9552-15581fc2de04@group-A43DC1D745E9-SegmentedRaftLogWorker] ERROR ratis.XceiverServerRatis (XceiverServerRatis.java:triggerPipelineClose(575)) - pipeline Action CLOSE  on pipeline PipelineID=de0cac9c-8394-42f1-b79d-a43dc1d745e9.Reason : WriteLog:35: (t:4, i:35), STATEMACHINELOGENTRY, client-0D87034729EF, cid=28-writeStateMachineData interrupted.
2019-09-17 12:46:21,477 [pool-37-thread-1] INFO  server.RaftServerConfigKeys (ConfUtils.java:logGet(43)) - raft.server.log.segment.cache.num.max = 2 (custom)
2019-09-17 12:46:21,477 [pool-27-thread-1] INFO  segmented.SegmentedRaftLogWorker (SegmentedRaftLogWorker.java:<init>(172)) - new 5e893e0a-56f7-4618-9f46-a6ff48173cb6@group-1F9831CC3440-SegmentedRaftLogWorker for RaftStorage:Storage Directory /tmp/workdir/hadoop-ozone/tools/target/test-dir/MiniOzoneClusterImpl-50a1f6bc-759b-451e-a5dd-d4a59b2daa65/datanode-0/data/ratis/e5966ae0-5fcf-4a62-bb3f-1f9831cc3440
2019-09-17 12:46:21,477 [pool-47-thread-1] INFO  server.RaftServerConfigKeys (ConfUtils.java:logGet(43)) - raft.server.log.appender.buffer.byte-limit = 33554432 (custom)
2019-09-17 12:46:21,479 [pool-27-thread-1] INFO  server.RaftServerConfigKeys (ConfUtils.java:logGet(43)) - raft.server.log.queue.byte-limit = 2147483647 (custom)
2019-09-17 12:46:21,477 [pool-37-thread-1] INFO  segmented.SegmentedRaftLogWorker (SegmentedRaftLogWorker.java:<init>(172)) - new 84ab4d91-000c-4523-9c5f-2c204b5f6601@group-1F9831CC3440-SegmentedRaftLogWorker for RaftStorage:Storage Directory /tmp/workdir/hadoop-ozone/tools/target/test-dir/MiniOzoneClusterImpl-50a1f6bc-759b-451e-a5dd-d4a59b2daa65/datanode-1/data/ratis/e5966ae0-5fcf-4a62-bb3f-1f9831cc3440
2019-09-17 12:46:21,479 [pool-27-thread-1] INFO  server.RaftServerConfigKeys (ConfUtils.java:logGet(43)) - raft.server.log.queue.element-limit = 1024 (custom)
2019-09-17 12:46:21,479 [pool-47-thread-1] INFO  server.RaftServerConfigKeys (ConfUtils.java:logGet(43)) - raft.server.log.segment.size.max = 1048576 (custom)
2019-09-17 12:46:21,479 [pool-27-thread-1] INFO  server.RaftServerConfigKeys (ConfUtils.java:logGet(43)) - raft.server.log.segment.size.max = 1048576 (custom)
2019-09-17 12:46:21,479 [pool-37-thread-1] INFO  server.RaftServerConfigKeys (ConfUtils.java:logGet(43)) - raft.server.log.queue.byte-limit = 2147483647 (custom)
2019-09-17 12:46:21,479 [pool-27-thread-1] INFO  server.RaftServerConfigKeys (ConfUtils.java:logGet(43)) - raft.server.log.preallocated.size = 16384 (custom)
2019-09-17 12:46:21,479 [pool-47-thread-1] INFO  server.RaftServerConfigKeys (ConfUtils.java:logGet(43)) - raft.server.log.segment.cache.num.max = 2 (custom)
2019-09-17 12:46:21,480 [pool-27-thread-1] INFO  server.RaftServerConfigKeys (ConfUtils.java:logGet(43)) - raft.server.log.write.buffer.size = 33554432 (custom)
2019-09-17 12:46:21,480 [pool-37-thread-1] INFO  server.RaftServerConfigKeys (ConfUtils.java:logGet(43)) - raft.server.log.queue.element-limit = 1024 (custom)
2019-09-17 12:46:21,480 [pool-27-thread-1] INFO  server.RaftServerConfigKeys (ConfUtils.java:logGet(43)) - raft.server.log.force.sync.num = 128 (default)
2019-09-17 12:46:21,480 [pool-47-thread-1] INFO  segmented.SegmentedRaftLogWorker (SegmentedRaftLogWorker.java:<init>(172)) - new f7ede272-a28a-44e0-9552-15581fc2de04@group-1F9831CC3440-SegmentedRaftLogWorker for RaftStorage:Storage Directory /tmp/workdir/hadoop-ozone/tools/target/test-dir/MiniOzoneClusterImpl-50a1f6bc-759b-451e-a5dd-d4a59b2daa65/datanode-2/data/ratis/e5966ae0-5fcf-4a62-bb3f-1f9831cc3440
2019-09-17 12:46:21,480 [pool-27-thread-1] INFO  server.RaftServerConfigKeys (ConfUtils.java:logGet(43)) - raft.server.log.statemachine.data.sync = true (default)
2019-09-17 12:46:21,480 [pool-37-thread-1] INFO  server.RaftServerConfigKeys (ConfUtils.java:logGet(43)) - raft.server.log.segment.size.max = 1048576 (custom)
2019-09-17 12:46:21,480 [pool-27-thread-1] INFO  server.RaftServerConfigKeys (ConfUtils.java:logGet(43)) - raft.server.log.statemachine.data.sync.timeout = 10s (default)
2019-09-17 12:46:21,480 [pool-47-thread-1] INFO  server.RaftServerConfigKeys (ConfUtils.java:logGet(43)) - raft.server.log.queue.byte-limit = 2147483647 (custom)
2019-09-17 12:46:21,481 [pool-27-thread-1] INFO  server.RaftServerConfigKeys (ConfUtils.java:logGet(43)) - raft.server.log.statemachine.data.sync.timeout.retry = -1 (default)
2019-09-17 12:46:21,481 [pool-37-thread-1] INFO  server.RaftServerConfigKeys (ConfUtils.java:logGet(43)) - raft.server.log.preallocated.size = 16384 (custom)
2019-09-17 12:46:21,481 [pool-27-thread-1] INFO  server.RaftServerConfigKeys (ConfUtils.java:logGet(43)) - raft.server.log.statemachine.data.caching.enabled = true (custom)
2019-09-17 12:46:21,481 [pool-47-thread-1] INFO  server.RaftServerConfigKeys (ConfUtils.java:logGet(43)) - raft.server.log.queue.element-limit = 1024 (custom)
2019-09-17 12:46:21,481 [pool-37-thread-1] INFO  server.RaftServerConfigKeys (ConfUtils.java:logGet(43)) - raft.server.log.write.buffer.size = 33554432 (custom)
2019-09-17 12:46:21,481 [pool-47-thread-1] INFO  server.RaftServerConfigKeys (ConfUtils.java:logGet(43)) - raft.server.log.segment.size.max = 1048576 (custom)
2019-09-17 12:46:21,481 [pool-27-thread-1] INFO  segmented.SegmentedRaftLogWorker (SegmentedRaftLogWorker.java:lambda$new$0(132)) - 5e893e0a-56f7-4618-9f46-a6ff48173cb6@group-1F9831CC3440-SegmentedRaftLogWorker: flushIndex: setUnconditionally 0 -> -1
2019-09-17 12:46:21,482 [pool-47-thread-1] INFO  server.RaftServerConfigKeys (ConfUtils.java:logGet(43)) - raft.server.log.preallocated.size = 16384 (custom)
2019-09-17 12:46:21,481 [pool-37-thread-1] INFO  server.RaftServerConfigKeys (ConfUtils.java:logGet(43)) - raft.server.log.force.sync.num = 128 (default)
2019-09-17 12:46:21,482 [pool-47-thread-1] INFO  server.RaftServerConfigKeys (ConfUtils.java:logGet(43)) - raft.server.log.write.buffer.size = 33554432 (custom)
2019-09-17 12:46:21,482 [pool-27-thread-1] INFO  server.RaftServerConfigKeys (ConfUtils.java:logGet(43)) - raft.server.snapshot.auto.trigger.enabled = true (custom)
2019-09-17 12:46:21,482 [pool-47-thread-1] INFO  server.RaftServerConfigKeys (ConfUtils.java:logGet(43)) - raft.server.log.force.sync.num = 128 (default)
2019-09-17 12:46:21,482 [pool-37-thread-1] INFO  server.RaftServerConfigKeys (ConfUtils.java:logGet(43)) - raft.server.log.statemachine.data.sync = true (default)
2019-09-17 12:46:21,483 [pool-47-thread-1] INFO  server.RaftServerConfigKeys (ConfUtils.java:logGet(43)) - raft.server.log.statemachine.data.sync = true (default)
2019-09-17 12:46:21,482 [pool-27-thread-1] INFO  server.RaftServerConfigKeys (ConfUtils.java:logGet(43)) - raft.server.snapshot.auto.trigger.threshold = 10000 (custom)
2019-09-17 12:46:21,483 [pool-47-thread-1] INFO  server.RaftServerConfigKeys (ConfUtils.java:logGet(43)) - raft.server.log.statemachine.data.sync.timeout = 10s (default)
2019-09-17 12:46:21,483 [pool-37-thread-1] INFO  server.RaftServerConfigKeys (ConfUtils.java:logGet(43)) - raft.server.log.statemachine.data.sync.timeout = 10s (default)
2019-09-17 12:46:21,483 [pool-47-thread-1] INFO  server.RaftServerConfigKeys (ConfUtils.java:logGet(43)) - raft.server.log.statemachine.data.sync.timeout.retry = -1 (default)
2019-09-17 12:46:21,483 [pool-27-thread-1] INFO  server.RaftServerConfigKeys (ConfUtils.java:logGet(43)) - raft.server.snapshot.retention.num.files = 5 (custom)
2019-09-17 12:46:21,483 [pool-47-thread-1] INFO  server.RaftServerConfigKeys (ConfUtils.java:logGet(43)) - raft.server.log.statemachine.data.caching.enabled = true (custom)
2019-09-17 12:46:21,483 [pool-37-thread-1] INFO  server.RaftServerConfigKeys (ConfUtils.java:logGet(43)) - raft.server.log.statemachine.data.sync.timeout.retry = -1 (default)
2019-09-17 12:46:21,484 [pool-27-thread-1] INFO  server.RaftServerConfigKeys (ConfUtils.java:logGet(43)) - raft.server.retrycache.expirytime = 600000ms (custom)
2019-09-17 12:46:21,484 [pool-47-thread-1] INFO  segmented.SegmentedRaftLogWorker (SegmentedRaftLogWorker.java:lambda$new$0(132)) - f7ede272-a28a-44e0-9552-15581fc2de04@group-1F9831CC3440-SegmentedRaftLogWorker: flushIndex: setUnconditionally 0 -> -1
2019-09-17 12:46:21,484 [pool-37-thread-1] INFO  server.RaftServerConfigKeys (ConfUtils.java:logGet(43)) - raft.server.log.statemachine.data.caching.enabled = true (custom)
2019-09-17 12:46:21,484 [pool-47-thread-1] INFO  server.RaftServerConfigKeys (ConfUtils.java:logGet(43)) - raft.server.snapshot.auto.trigger.enabled = true (custom)
2019-09-17 12:46:21,484 [pool-47-thread-1] INFO  server.RaftServerConfigKeys (ConfUtils.java:logGet(43)) - raft.server.snapshot.auto.trigger.threshold = 10000 (custom)
2019-09-17 12:46:21,484 [pool-37-thread-1] INFO  segmented.SegmentedRaftLogWorker (SegmentedRaftLogWorker.java:lambda$new$0(132)) - 84ab4d91-000c-4523-9c5f-2c204b5f6601@group-1F9831CC3440-SegmentedRaftLogWorker: flushIndex: setUnconditionally 0 -> -1
2019-09-17 12:46:21,485 [pool-47-thread-1] INFO  server.RaftServerConfigKeys (ConfUtils.java:logGet(43)) - raft.server.snapshot.retention.num.files = 5 (custom)
2019-09-17 12:46:21,485 [pool-37-thread-1] INFO  server.RaftServerConfigKeys (ConfUtils.java:logGet(43)) - raft.server.snapshot.auto.trigger.enabled = true (custom)
2019-09-17 12:46:21,485 [pool-47-thread-1] INFO  server.RaftServerConfigKeys (ConfUtils.java:logGet(43)) - raft.server.retrycache.expirytime = 600000ms (custom)
2019-09-17 12:46:21,485 [pool-37-thread-1] INFO  server.RaftServerConfigKeys (ConfUtils.java:logGet(43)) - raft.server.snapshot.auto.trigger.threshold = 10000 (custom)
2019-09-17 12:46:21,485 [pool-37-thread-1] INFO  server.RaftServerConfigKeys (ConfUtils.java:logGet(43)) - raft.server.snapshot.retention.num.files = 5 (custom)
2019-09-17 12:46:21,485 [pool-37-thread-1] INFO  server.RaftServerConfigKeys (ConfUtils.java:logGet(43)) - raft.server.retrycache.expirytime = 600000ms (custom)
2019-09-17 12:46:21,487 [grpc-default-executor-0] INFO  segmented.SegmentedRaftLogWorker (SegmentedRaftLogWorker.java:close(228)) - f7ede272-a28a-44e0-9552-15581fc2de04@group-A43DC1D745E9-SegmentedRaftLogWorker close()
2019-09-17 12:46:21,490 [pool-27-thread-1] INFO  impl.RaftServerImpl (RaftServerImpl.java:start(185)) - 5e893e0a-56f7-4618-9f46-a6ff48173cb6@group-1F9831CC3440: start as a follower, conf=-1: [5e893e0a-56f7-4618-9f46-a6ff48173cb6:192.168.5.153:37060, 84ab4d91-000c-4523-9c5f-2c204b5f6601:192.168.5.153:39178, f7ede272-a28a-44e0-9552-15581fc2de04:192.168.5.153:38263], old=null
2019-09-17 12:46:21,490 [pool-27-thread-1] INFO  impl.RaftServerImpl (RaftServerImpl.java:setRole(174)) - 5e893e0a-56f7-4618-9f46-a6ff48173cb6@group-1F9831CC3440: changes role from      null to FOLLOWER at term 0 for startAsFollower
2019-09-17 12:46:21,490 [pool-27-thread-1] INFO  impl.RoleInfo (RoleInfo.java:updateAndGet(143)) - 5e893e0a-56f7-4618-9f46-a6ff48173cb6: start FollowerState
2019-09-17 12:46:21,491 [pool-27-thread-1] INFO  util.JmxRegister (JmxRegister.java:tryRegister(44)) - Successfully registered JMX Bean with object name Ratis:service=RaftServer,group=group-1F9831CC3440,id=5e893e0a-56f7-4618-9f46-a6ff48173cb6
2019-09-17 12:46:21,492 [pool-47-thread-1] INFO  impl.RaftServerImpl (RaftServerImpl.java:start(185)) - f7ede272-a28a-44e0-9552-15581fc2de04@group-1F9831CC3440: start as a follower, conf=-1: [5e893e0a-56f7-4618-9f46-a6ff48173cb6:192.168.5.153:37060, 84ab4d91-000c-4523-9c5f-2c204b5f6601:192.168.5.153:39178, f7ede272-a28a-44e0-9552-15581fc2de04:192.168.5.153:38263], old=null
2019-09-17 12:46:21,494 [pool-47-thread-1] INFO  impl.RaftServerImpl (RaftServerImpl.java:setRole(174)) - f7ede272-a28a-44e0-9552-15581fc2de04@group-1F9831CC3440: changes role from      null to FOLLOWER at term 0 for startAsFollower
2019-09-17 12:46:21,494 [pool-37-thread-1] INFO  impl.RaftServerImpl (RaftServerImpl.java:start(185)) - 84ab4d91-000c-4523-9c5f-2c204b5f6601@group-1F9831CC3440: start as a follower, conf=-1: [5e893e0a-56f7-4618-9f46-a6ff48173cb6:192.168.5.153:37060, 84ab4d91-000c-4523-9c5f-2c204b5f6601:192.168.5.153:39178, f7ede272-a28a-44e0-9552-15581fc2de04:192.168.5.153:38263], old=null
2019-09-17 12:46:21,494 [pool-47-thread-1] INFO  impl.RoleInfo (RoleInfo.java:updateAndGet(143)) - f7ede272-a28a-44e0-9552-15581fc2de04: start FollowerState
2019-09-17 12:46:21,494 [pool-37-thread-1] INFO  impl.RaftServerImpl (RaftServerImpl.java:setRole(174)) - 84ab4d91-000c-4523-9c5f-2c204b5f6601@group-1F9831CC3440: changes role from      null to FOLLOWER at term 0 for startAsFollower
2019-09-17 12:46:21,494 [pool-37-thread-1] INFO  impl.RoleInfo (RoleInfo.java:updateAndGet(143)) - 84ab4d91-000c-4523-9c5f-2c204b5f6601: start FollowerState
2019-09-17 12:46:21,495 [pool-47-thread-1] INFO  util.JmxRegister (JmxRegister.java:tryRegister(44)) - Successfully registered JMX Bean with object name Ratis:service=RaftServer,group=group-1F9831CC3440,id=f7ede272-a28a-44e0-9552-15581fc2de04
2019-09-17 12:46:21,495 [pool-37-thread-1] INFO  util.JmxRegister (JmxRegister.java:tryRegister(44)) - Successfully registered JMX Bean with object name Ratis:service=RaftServer,group=group-1F9831CC3440,id=84ab4d91-000c-4523-9c5f-2c204b5f6601
2019-09-17 12:46:21,499 [IPC Server handler 17 on 37580] INFO  pipeline.PipelineStateManager (PipelineStateManager.java:addPipeline(56)) - Created pipeline Pipeline[ Id: e5966ae0-5fcf-4a62-bb3f-1f9831cc3440, Nodes: 5e893e0a-56f7-4618-9f46-a6ff48173cb6{ip: 192.168.5.153, host: pr-hdds-2137-trunk-mnh2s-3748177197, networkLocation: /default-rack, certSerialId: null}84ab4d91-000c-4523-9c5f-2c204b5f6601{ip: 192.168.5.153, host: pr-hdds-2137-trunk-mnh2s-3748177197, networkLocation: /default-rack, certSerialId: null}f7ede272-a28a-44e0-9552-15581fc2de04{ip: 192.168.5.153, host: pr-hdds-2137-trunk-mnh2s-3748177197, networkLocation: /default-rack, certSerialId: null}, Type:RATIS, Factor:THREE, State:OPEN]
2019-09-17 12:46:21,499 [EventQueue-PipelineActionsForPipelineActionHandler] ERROR pipeline.PipelineActionHandler (PipelineActionHandler.java:onMessage(60)) - Received pipeline action CLOSE for Pipeline[ Id: de0cac9c-8394-42f1-b79d-a43dc1d745e9, Nodes: 5e893e0a-56f7-4618-9f46-a6ff48173cb6{ip: 192.168.5.153, host: pr-hdds-2137-trunk-mnh2s-3748177197, networkLocation: /default-rack, certSerialId: null}84ab4d91-000c-4523-9c5f-2c204b5f6601{ip: 192.168.5.153, host: pr-hdds-2137-trunk-mnh2s-3748177197, networkLocation: /default-rack, certSerialId: null}f7ede272-a28a-44e0-9552-15581fc2de04{ip: 192.168.5.153, host: pr-hdds-2137-trunk-mnh2s-3748177197, networkLocation: /default-rack, certSerialId: null}, Type:RATIS, Factor:THREE, State:CLOSED] from datanode f7ede272-a28a-44e0-9552-15581fc2de04{ip: 192.168.5.153, host: pr-hdds-2137-trunk-mnh2s-3748177197, networkLocation: /default-rack, certSerialId: null}. Reason : WriteLog:35: (t:4, i:35), STATEMACHINELOGENTRY, client-0D87034729EF, cid=28-writeStateMachineData interrupted.
2019-09-17 12:46:21,500 [EventQueue-PipelineActionsForPipelineActionHandler] INFO  pipeline.SCMPipelineManager (SCMPipelineManager.java:finalizeAndDestroyPipeline(311)) - destroying pipeline:Pipeline[ Id: de0cac9c-8394-42f1-b79d-a43dc1d745e9, Nodes: 5e893e0a-56f7-4618-9f46-a6ff48173cb6{ip: 192.168.5.153, host: pr-hdds-2137-trunk-mnh2s-3748177197, networkLocation: /default-rack, certSerialId: null}84ab4d91-000c-4523-9c5f-2c204b5f6601{ip: 192.168.5.153, host: pr-hdds-2137-trunk-mnh2s-3748177197, networkLocation: /default-rack, certSerialId: null}f7ede272-a28a-44e0-9552-15581fc2de04{ip: 192.168.5.153, host: pr-hdds-2137-trunk-mnh2s-3748177197, networkLocation: /default-rack, certSerialId: null}, Type:RATIS, Factor:THREE, State:CLOSED]
2019-09-17 12:46:21,506 [grpc-default-executor-0] INFO  interfaces.Container (KeyValueContainer.java:flushAndSyncDB(386)) - Container 1 is synced with bcsId 12.
2019-09-17 12:46:21,507 [grpc-default-executor-0] INFO  interfaces.Container (KeyValueContainer.java:flushAndSyncDB(386)) - Container 1 is synced with bcsId 12.
2019-09-17 12:46:21,530 [grpc-default-executor-3] INFO  client.GrpcClientProtocolClient (GrpcClientProtocolClient.java:onNext(264)) - client-917C2951E632->5e893e0a-56f7-4618-9f46-a6ff48173cb6: receive RaftClientReply:client-917C2951E632->5e893e0a-56f7-4618-9f46-a6ff48173cb6@group-1F9831CC3440, cid=36, FAILED org.apache.ratis.protocol.NotLeaderException: Server 5e893e0a-56f7-4618-9f46-a6ff48173cb6@group-1F9831CC3440 is not the leader, logIndex=0, commits[5e893e0a-56f7-4618-9f46-a6ff48173cb6:c-1]
2019-09-17 12:46:21,541 [grpc-default-executor-0] INFO  interfaces.Container (KeyValueContainer.java:flushAndSyncDB(386)) - Container 2 is synced with bcsId 28.
2019-09-17 12:46:21,541 [grpc-default-executor-0] INFO  interfaces.Container (KeyValueContainer.java:flushAndSyncDB(386)) - Container 2 is synced with bcsId 28.
2019-09-17 12:46:21,663 [grpc-default-executor-0] INFO  interfaces.Container (KeyValueContainer.java:flushAndSyncDB(386)) - Container 3 is synced with bcsId 0.
2019-09-17 12:46:21,664 [grpc-default-executor-0] INFO  interfaces.Container (KeyValueContainer.java:flushAndSyncDB(386)) - Container 3 is synced with bcsId 0.
2019-09-17 12:46:21,686 [RatisPipelineUtilsThread] INFO  pipeline.PipelineStateManager (PipelineStateManager.java:removePipeline(108)) - Pipeline Pipeline[ Id: de0cac9c-8394-42f1-b79d-a43dc1d745e9, Nodes: 5e893e0a-56f7-4618-9f46-a6ff48173cb6{ip: 192.168.5.153, host: pr-hdds-2137-trunk-mnh2s-3748177197, networkLocation: /default-rack, certSerialId: null}84ab4d91-000c-4523-9c5f-2c204b5f6601{ip: 192.168.5.153, host: pr-hdds-2137-trunk-mnh2s-3748177197, networkLocation: /default-rack, certSerialId: null}f7ede272-a28a-44e0-9552-15581fc2de04{ip: 192.168.5.153, host: pr-hdds-2137-trunk-mnh2s-3748177197, networkLocation: /default-rack, certSerialId: null}, Type:RATIS, Factor:THREE, State:CLOSED] removed from db
 0.00% |█                                                                                                    |  0/1 Time: 0:03:262019-09-17 12:46:22,559 [grpc-default-executor-2] INFO  client.GrpcClientProtocolClient (GrpcClientProtocolClient.java:onNext(264)) - client-917C2951E632->f7ede272-a28a-44e0-9552-15581fc2de04: receive RaftClientReply:client-917C2951E632->f7ede272-a28a-44e0-9552-15581fc2de04@group-1F9831CC3440, cid=36, FAILED org.apache.ratis.protocol.NotLeaderException: Server f7ede272-a28a-44e0-9552-15581fc2de04@group-1F9831CC3440 is not the leader, logIndex=0, commits[f7ede272-a28a-44e0-9552-15581fc2de04:c-1]
 0.00% |█                                                                                                    |  0/1 Time: 0:03:272019-09-17 12:46:23,465 [grpc-default-executor-0] INFO  impl.RaftServerProxy (RaftServerProxy.java:remove(95)) - 5e893e0a-56f7-4618-9f46-a6ff48173cb6: remove group-A43DC1D745E9:null
2019-09-17 12:46:23,474 [RatisPipelineUtilsThread] WARN  pipeline.RatisPipelineUtils (RatisPipelineUtils.java:destroyPipeline(66)) - Pipeline destroy failed for pipeline=PipelineID=de0cac9c-8394-42f1-b79d-a43dc1d745e9 dn=5e893e0a-56f7-4618-9f46-a6ff48173cb6{ip: 192.168.5.153, host: pr-hdds-2137-trunk-mnh2s-3748177197, networkLocation: /default-rack, certSerialId: null}
2019-09-17 12:46:23,483 [grpc-default-executor-0] INFO  impl.RaftServerProxy (RaftServerProxy.java:remove(95)) - 84ab4d91-000c-4523-9c5f-2c204b5f6601: remove group-A43DC1D745E9:null
2019-09-17 12:46:23,489 [RatisPipelineUtilsThread] WARN  pipeline.RatisPipelineUtils (RatisPipelineUtils.java:destroyPipeline(66)) - Pipeline destroy failed for pipeline=PipelineID=de0cac9c-8394-42f1-b79d-a43dc1d745e9 dn=84ab4d91-000c-4523-9c5f-2c204b5f6601{ip: 192.168.5.153, host: pr-hdds-2137-trunk-mnh2s-3748177197, networkLocation: /default-rack, certSerialId: null}
2019-09-17 12:46:23,495 [grpc-default-executor-0] INFO  impl.RaftServerProxy (RaftServerProxy.java:remove(95)) - f7ede272-a28a-44e0-9552-15581fc2de04: remove group-A43DC1D745E9:null
2019-09-17 12:46:23,502 [RatisPipelineUtilsThread] WARN  pipeline.RatisPipelineUtils (RatisPipelineUtils.java:destroyPipeline(66)) - Pipeline destroy failed for pipeline=PipelineID=de0cac9c-8394-42f1-b79d-a43dc1d745e9 dn=f7ede272-a28a-44e0-9552-15581fc2de04{ip: 192.168.5.153, host: pr-hdds-2137-trunk-mnh2s-3748177197, networkLocation: /default-rack, certSerialId: null}
2019-09-17 12:46:23,502 [RatisPipelineUtilsThread] ERROR pipeline.SCMPipelineManager (Scheduler.java:lambda$schedule$1(70)) - Destroy pipeline failed for pipeline:Pipeline[ Id: de0cac9c-8394-42f1-b79d-a43dc1d745e9, Nodes: 5e893e0a-56f7-4618-9f46-a6ff48173cb6{ip: 192.168.5.153, host: pr-hdds-2137-trunk-mnh2s-3748177197, networkLocation: /default-rack, certSerialId: null}84ab4d91-000c-4523-9c5f-2c204b5f6601{ip: 192.168.5.153, host: pr-hdds-2137-trunk-mnh2s-3748177197, networkLocation: /default-rack, certSerialId: null}f7ede272-a28a-44e0-9552-15581fc2de04{ip: 192.168.5.153, host: pr-hdds-2137-trunk-mnh2s-3748177197, networkLocation: /default-rack, certSerialId: null}, Type:RATIS, Factor:THREE, State:CLOSED]
org.apache.hadoop.hdds.scm.pipeline.PipelineNotFoundException: PipelineID=de0cac9c-8394-42f1-b79d-a43dc1d745e9 not found
	at org.apache.hadoop.hdds.scm.pipeline.PipelineStateMap.getPipeline(PipelineStateMap.java:132)
	at org.apache.hadoop.hdds.scm.pipeline.PipelineStateMap.removePipeline(PipelineStateMap.java:322)
	at org.apache.hadoop.hdds.scm.pipeline.PipelineStateManager.removePipeline(PipelineStateManager.java:107)
	at org.apache.hadoop.hdds.scm.pipeline.SCMPipelineManager.removePipeline(SCMPipelineManager.java:423)
	at org.apache.hadoop.hdds.scm.pipeline.SCMPipelineManager.destroyPipeline(SCMPipelineManager.java:409)
	at org.apache.hadoop.hdds.scm.pipeline.SCMPipelineManager.lambda$finalizeAndDestroyPipeline$0(SCMPipelineManager.java:318)
	at org.apache.hadoop.utils.Scheduler.lambda$schedule$1(Scheduler.java:68)
	at java.util.concurrent.Executors$RunnableAdapter.call(Executors.java:511)
	at java.util.concurrent.FutureTask.run(FutureTask.java:266)
	at java.util.concurrent.ScheduledThreadPoolExecutor$ScheduledFutureTask.access$201(ScheduledThreadPoolExecutor.java:180)
	at java.util.concurrent.ScheduledThreadPoolExecutor$ScheduledFutureTask.run(ScheduledThreadPoolExecutor.java:293)
	at java.util.concurrent.ThreadPoolExecutor.runWorker(ThreadPoolExecutor.java:1149)
	at java.util.concurrent.ThreadPoolExecutor$Worker.run(ThreadPoolExecutor.java:624)
	at java.lang.Thread.run(Thread.java:748)
2019-09-17 12:46:23,581 [grpc-default-executor-0] INFO  client.GrpcClientProtocolClient (GrpcClientProtocolClient.java:onNext(264)) - client-917C2951E632->84ab4d91-000c-4523-9c5f-2c204b5f6601: receive RaftClientReply:client-917C2951E632->84ab4d91-000c-4523-9c5f-2c204b5f6601@group-1F9831CC3440, cid=36, FAILED org.apache.ratis.protocol.NotLeaderException: Server 84ab4d91-000c-4523-9c5f-2c204b5f6601@group-1F9831CC3440 is not the leader, logIndex=0, commits[84ab4d91-000c-4523-9c5f-2c204b5f6601:c-1]
 0.00% |█                                                                                                    |  0/1 Time: 0:03:282019-09-17 12:46:24,607 [grpc-default-executor-2] INFO  client.GrpcClientProtocolClient (GrpcClientProtocolClient.java:onNext(264)) - client-917C2951E632->f7ede272-a28a-44e0-9552-15581fc2de04: receive RaftClientReply:client-917C2951E632->f7ede272-a28a-44e0-9552-15581fc2de04@group-1F9831CC3440, cid=36, FAILED org.apache.ratis.protocol.NotLeaderException: Server f7ede272-a28a-44e0-9552-15581fc2de04@group-1F9831CC3440 is not the leader, logIndex=0, commits[f7ede272-a28a-44e0-9552-15581fc2de04:c-1]
 0.00% |█                                                                                                    |  0/1 Time: 0:03:292019-09-17 12:46:25,471 [grpc-default-executor-0] INFO  impl.RaftServerProxy (RaftServerProxy.java:remove(95)) - 5e893e0a-56f7-4618-9f46-a6ff48173cb6: remove group-A43DC1D745E9:null
2019-09-17 12:46:25,479 [RatisPipelineUtilsThread] WARN  pipeline.RatisPipelineUtils (RatisPipelineUtils.java:destroyPipeline(66)) - Pipeline destroy failed for pipeline=PipelineID=de0cac9c-8394-42f1-b79d-a43dc1d745e9 dn=5e893e0a-56f7-4618-9f46-a6ff48173cb6{ip: 192.168.5.153, host: pr-hdds-2137-trunk-mnh2s-3748177197, networkLocation: /default-rack, certSerialId: null}
2019-09-17 12:46:25,485 [grpc-default-executor-0] INFO  impl.RaftServerProxy (RaftServerProxy.java:remove(95)) - 84ab4d91-000c-4523-9c5f-2c204b5f6601: remove group-A43DC1D745E9:null
2019-09-17 12:46:25,491 [RatisPipelineUtilsThread] WARN  pipeline.RatisPipelineUtils (RatisPipelineUtils.java:destroyPipeline(66)) - Pipeline destroy failed for pipeline=PipelineID=de0cac9c-8394-42f1-b79d-a43dc1d745e9 dn=84ab4d91-000c-4523-9c5f-2c204b5f6601{ip: 192.168.5.153, host: pr-hdds-2137-trunk-mnh2s-3748177197, networkLocation: /default-rack, certSerialId: null}
2019-09-17 12:46:25,496 [grpc-default-executor-0] INFO  impl.RaftServerProxy (RaftServerProxy.java:remove(95)) - f7ede272-a28a-44e0-9552-15581fc2de04: remove group-A43DC1D745E9:null
2019-09-17 12:46:25,502 [RatisPipelineUtilsThread] WARN  pipeline.RatisPipelineUtils (RatisPipelineUtils.java:destroyPipeline(66)) - Pipeline destroy failed for pipeline=PipelineID=de0cac9c-8394-42f1-b79d-a43dc1d745e9 dn=f7ede272-a28a-44e0-9552-15581fc2de04{ip: 192.168.5.153, host: pr-hdds-2137-trunk-mnh2s-3748177197, networkLocation: /default-rack, certSerialId: null}
2019-09-17 12:46:25,502 [RatisPipelineUtilsThread] ERROR pipeline.SCMPipelineManager (Scheduler.java:lambda$schedule$1(70)) - Destroy pipeline failed for pipeline:Pipeline[ Id: de0cac9c-8394-42f1-b79d-a43dc1d745e9, Nodes: 5e893e0a-56f7-4618-9f46-a6ff48173cb6{ip: 192.168.5.153, host: pr-hdds-2137-trunk-mnh2s-3748177197, networkLocation: /default-rack, certSerialId: null}84ab4d91-000c-4523-9c5f-2c204b5f6601{ip: 192.168.5.153, host: pr-hdds-2137-trunk-mnh2s-3748177197, networkLocation: /default-rack, certSerialId: null}f7ede272-a28a-44e0-9552-15581fc2de04{ip: 192.168.5.153, host: pr-hdds-2137-trunk-mnh2s-3748177197, networkLocation: /default-rack, certSerialId: null}, Type:RATIS, Factor:THREE, State:CLOSED]
org.apache.hadoop.hdds.scm.pipeline.PipelineNotFoundException: PipelineID=de0cac9c-8394-42f1-b79d-a43dc1d745e9 not found
	at org.apache.hadoop.hdds.scm.pipeline.PipelineStateMap.getPipeline(PipelineStateMap.java:132)
	at org.apache.hadoop.hdds.scm.pipeline.PipelineStateMap.removePipeline(PipelineStateMap.java:322)
	at org.apache.hadoop.hdds.scm.pipeline.PipelineStateManager.removePipeline(PipelineStateManager.java:107)
	at org.apache.hadoop.hdds.scm.pipeline.SCMPipelineManager.removePipeline(SCMPipelineManager.java:423)
	at org.apache.hadoop.hdds.scm.pipeline.SCMPipelineManager.destroyPipeline(SCMPipelineManager.java:409)
	at org.apache.hadoop.hdds.scm.pipeline.SCMPipelineManager.lambda$finalizeAndDestroyPipeline$0(SCMPipelineManager.java:318)
	at org.apache.hadoop.utils.Scheduler.lambda$schedule$1(Scheduler.java:68)
	at java.util.concurrent.Executors$RunnableAdapter.call(Executors.java:511)
	at java.util.concurrent.FutureTask.run(FutureTask.java:266)
	at java.util.concurrent.ScheduledThreadPoolExecutor$ScheduledFutureTask.access$201(ScheduledThreadPoolExecutor.java:180)
	at java.util.concurrent.ScheduledThreadPoolExecutor$ScheduledFutureTask.run(ScheduledThreadPoolExecutor.java:293)
	at java.util.concurrent.ThreadPoolExecutor.runWorker(ThreadPoolExecutor.java:1149)
	at java.util.concurrent.ThreadPoolExecutor$Worker.run(ThreadPoolExecutor.java:624)
	at java.lang.Thread.run(Thread.java:748)
2019-09-17 12:46:25,631 [grpc-default-executor-2] INFO  client.GrpcClientProtocolClient (GrpcClientProtocolClient.java:onNext(264)) - client-917C2951E632->5e893e0a-56f7-4618-9f46-a6ff48173cb6: receive RaftClientReply:client-917C2951E632->5e893e0a-56f7-4618-9f46-a6ff48173cb6@group-1F9831CC3440, cid=36, FAILED org.apache.ratis.protocol.NotLeaderException: Server 5e893e0a-56f7-4618-9f46-a6ff48173cb6@group-1F9831CC3440 is not the leader, logIndex=0, commits[5e893e0a-56f7-4618-9f46-a6ff48173cb6:c-1]
 0.00% |█                                                                                                    |  0/1 Time: 0:03:302019-09-17 12:46:26,497 [Thread-668] INFO  impl.FollowerState (FollowerState.java:run(106)) - 84ab4d91-000c-4523-9c5f-2c204b5f6601:group-1F9831CC3440 changes to CANDIDATE, lastRpcTime:5002, electionTimeout:5002ms
2019-09-17 12:46:26,499 [Thread-668] INFO  impl.RoleInfo (RoleInfo.java:shutdownFollowerState(121)) - 84ab4d91-000c-4523-9c5f-2c204b5f6601: shutdown FollowerState
2019-09-17 12:46:26,499 [Thread-668] INFO  impl.RaftServerImpl (RaftServerImpl.java:setRole(174)) - 84ab4d91-000c-4523-9c5f-2c204b5f6601@group-1F9831CC3440: changes role from  FOLLOWER to CANDIDATE at term 0 for changeToCandidate
2019-09-17 12:46:26,500 [Thread-668] INFO  impl.RoleInfo (RoleInfo.java:updateAndGet(143)) - 84ab4d91-000c-4523-9c5f-2c204b5f6601: start LeaderElection
2019-09-17 12:46:26,519 [84ab4d91-000c-4523-9c5f-2c204b5f6601@group-1F9831CC3440:LeaderElection11] INFO  impl.LeaderElection (LeaderElection.java:askForVotes(182)) - 84ab4d91-000c-4523-9c5f-2c204b5f6601@group-1F9831CC3440:LeaderElection11: begin an election at term 1 for -1: [5e893e0a-56f7-4618-9f46-a6ff48173cb6:192.168.5.153:37060, 84ab4d91-000c-4523-9c5f-2c204b5f6601:192.168.5.153:39178, f7ede272-a28a-44e0-9552-15581fc2de04:192.168.5.153:38263], old=null
2019-09-17 12:46:26,527 [grpc-default-executor-0] INFO  impl.RaftServerImpl (RaftServerImpl.java:setRole(174)) - f7ede272-a28a-44e0-9552-15581fc2de04@group-1F9831CC3440: changes role from  FOLLOWER to FOLLOWER at term 1 for recognizeCandidate:84ab4d91-000c-4523-9c5f-2c204b5f6601
2019-09-17 12:46:26,527 [grpc-default-executor-2] INFO  impl.RaftServerImpl (RaftServerImpl.java:setRole(174)) - 5e893e0a-56f7-4618-9f46-a6ff48173cb6@group-1F9831CC3440: changes role from  FOLLOWER to FOLLOWER at term 1 for recognizeCandidate:84ab4d91-000c-4523-9c5f-2c204b5f6601
2019-09-17 12:46:26,527 [grpc-default-executor-0] INFO  impl.RoleInfo (RoleInfo.java:shutdownFollowerState(121)) - f7ede272-a28a-44e0-9552-15581fc2de04: shutdown FollowerState
2019-09-17 12:46:26,527 [grpc-default-executor-2] INFO  impl.RoleInfo (RoleInfo.java:shutdownFollowerState(121)) - 5e893e0a-56f7-4618-9f46-a6ff48173cb6: shutdown FollowerState
2019-09-17 12:46:26,528 [grpc-default-executor-0] INFO  impl.RoleInfo (RoleInfo.java:updateAndGet(143)) - f7ede272-a28a-44e0-9552-15581fc2de04: start FollowerState
2019-09-17 12:46:26,528 [grpc-default-executor-2] INFO  impl.RoleInfo (RoleInfo.java:updateAndGet(143)) - 5e893e0a-56f7-4618-9f46-a6ff48173cb6: start FollowerState
2019-09-17 12:46:26,528 [Thread-667] INFO  impl.FollowerState (FollowerState.java:run(115)) - f7ede272-a28a-44e0-9552-15581fc2de04: FollowerState was interrupted: java.lang.InterruptedException: sleep interrupted
2019-09-17 12:46:26,528 [Thread-665] INFO  impl.FollowerState (FollowerState.java:run(115)) - 5e893e0a-56f7-4618-9f46-a6ff48173cb6: FollowerState was interrupted: java.lang.InterruptedException: sleep interrupted
2019-09-17 12:46:26,544 [84ab4d91-000c-4523-9c5f-2c204b5f6601@group-1F9831CC3440:LeaderElection11] INFO  impl.LeaderElection (LeaderElection.java:logAndReturn(56)) - 84ab4d91-000c-4523-9c5f-2c204b5f6601@group-1F9831CC3440:LeaderElection11: Election PASSED; received 1 response(s) [84ab4d91-000c-4523-9c5f-2c204b5f6601<-5e893e0a-56f7-4618-9f46-a6ff48173cb6#0:OK-t1] and 0 exception(s); 84ab4d91-000c-4523-9c5f-2c204b5f6601@group-1F9831CC3440:t1, leader=null, voted=84ab4d91-000c-4523-9c5f-2c204b5f6601, raftlog=84ab4d91-000c-4523-9c5f-2c204b5f6601@group-1F9831CC3440-SegmentedRaftLog:OPENED:c-1,f-1,i0, conf=-1: [5e893e0a-56f7-4618-9f46-a6ff48173cb6:192.168.5.153:37060, 84ab4d91-000c-4523-9c5f-2c204b5f6601:192.168.5.153:39178, f7ede272-a28a-44e0-9552-15581fc2de04:192.168.5.153:38263], old=null
2019-09-17 12:46:26,544 [84ab4d91-000c-4523-9c5f-2c204b5f6601@group-1F9831CC3440:LeaderElection11] INFO  impl.RoleInfo (RoleInfo.java:shutdownLeaderElection(134)) - 84ab4d91-000c-4523-9c5f-2c204b5f6601: shutdown LeaderElection
2019-09-17 12:46:26,545 [84ab4d91-000c-4523-9c5f-2c204b5f6601@group-1F9831CC3440:LeaderElection11] INFO  impl.RaftServerImpl (RaftServerImpl.java:setRole(174)) - 84ab4d91-000c-4523-9c5f-2c204b5f6601@group-1F9831CC3440: changes role from CANDIDATE to LEADER at term 1 for changeToLeader
2019-09-17 12:46:26,545 [84ab4d91-000c-4523-9c5f-2c204b5f6601@group-1F9831CC3440:LeaderElection11] INFO  impl.RaftServerImpl (ServerState.java:setLeader(253)) - 84ab4d91-000c-4523-9c5f-2c204b5f6601@group-1F9831CC3440: change Leader from null to 84ab4d91-000c-4523-9c5f-2c204b5f6601 at term 1 for becomeLeader, leader elected after 5071ms
2019-09-17 12:46:26,545 [84ab4d91-000c-4523-9c5f-2c204b5f6601@group-1F9831CC3440:LeaderElection11] INFO  server.RaftServerConfigKeys (ConfUtils.java:logGet(43)) - raft.server.staging.catchup.gap = 1000 (default)
2019-09-17 12:46:26,545 [84ab4d91-000c-4523-9c5f-2c204b5f6601@group-1F9831CC3440:LeaderElection11] INFO  server.RaftServerConfigKeys (ConfUtils.java:logGet(43)) - raft.server.rpc.sleep.time = 25ms (default)
2019-09-17 12:46:26,545 [84ab4d91-000c-4523-9c5f-2c204b5f6601@group-1F9831CC3440:LeaderElection11] INFO  server.RaftServerConfigKeys (ConfUtils.java:logGet(43)) - raft.server.write.element-limit = 4096 (default)
2019-09-17 12:46:26,545 [84ab4d91-000c-4523-9c5f-2c204b5f6601@group-1F9831CC3440:LeaderElection11] INFO  server.RaftServerConfigKeys (ConfUtils.java:logGet(43)) - raft.server.watch.timeout = 10s (default)
2019-09-17 12:46:26,546 [84ab4d91-000c-4523-9c5f-2c204b5f6601@group-1F9831CC3440:LeaderElection11] INFO  server.RaftServerConfigKeys (ConfUtils.java:logGet(43)) - raft.server.watch.timeout.denomination = 1s (default)
2019-09-17 12:46:26,546 [84ab4d91-000c-4523-9c5f-2c204b5f6601@group-1F9831CC3440:LeaderElection11] INFO  server.RaftServerConfigKeys (ConfUtils.java:logGet(43)) - raft.server.watch.element-limit = 65536 (default)
2019-09-17 12:46:26,549 [84ab4d91-000c-4523-9c5f-2c204b5f6601@group-1F9831CC3440:LeaderElection11] INFO  server.RaftServerConfigKeys (ConfUtils.java:logGet(43)) - raft.server.log.appender.snapshot.chunk.size.max = 16MB (=16777216) (default)
2019-09-17 12:46:26,549 [84ab4d91-000c-4523-9c5f-2c204b5f6601@group-1F9831CC3440:LeaderElection11] INFO  server.RaftServerConfigKeys (ConfUtils.java:logGet(43)) - raft.server.log.appender.buffer.byte-limit = 33554432 (custom)
2019-09-17 12:46:26,550 [84ab4d91-000c-4523-9c5f-2c204b5f6601@group-1F9831CC3440:LeaderElection11] INFO  server.RaftServerConfigKeys (ConfUtils.java:logGet(43)) - raft.server.log.appender.buffer.element-limit = 1 (custom)
2019-09-17 12:46:26,550 [84ab4d91-000c-4523-9c5f-2c204b5f6601@group-1F9831CC3440:LeaderElection11] INFO  grpc.GrpcConfigKeys$Server (ConfUtils.java:logGet(43)) - raft.grpc.server.leader.outstanding.appends.max = 128 (default)
2019-09-17 12:46:26,551 [84ab4d91-000c-4523-9c5f-2c204b5f6601@group-1F9831CC3440:LeaderElection11] INFO  server.RaftServerConfigKeys (ConfUtils.java:logGet(43)) - raft.server.rpc.request.timeout = 3000ms (default)
2019-09-17 12:46:26,551 [84ab4d91-000c-4523-9c5f-2c204b5f6601@group-1F9831CC3440:LeaderElection11] INFO  server.RaftServerConfigKeys (ConfUtils.java:logGet(43)) - raft.server.log.appender.install.snapshot.enabled = false (custom)
2019-09-17 12:46:26,551 [84ab4d91-000c-4523-9c5f-2c204b5f6601@group-1F9831CC3440:LeaderElection11] INFO  server.RaftServerConfigKeys (ConfUtils.java:logGet(43)) - raft.server.log.appender.snapshot.chunk.size.max = 16MB (=16777216) (default)
2019-09-17 12:46:26,552 [84ab4d91-000c-4523-9c5f-2c204b5f6601@group-1F9831CC3440:LeaderElection11] INFO  server.RaftServerConfigKeys (ConfUtils.java:logGet(43)) - raft.server.log.appender.buffer.byte-limit = 33554432 (custom)
2019-09-17 12:46:26,552 [84ab4d91-000c-4523-9c5f-2c204b5f6601@group-1F9831CC3440:LeaderElection11] INFO  server.RaftServerConfigKeys (ConfUtils.java:logGet(43)) - raft.server.log.appender.buffer.element-limit = 1 (custom)
2019-09-17 12:46:26,552 [84ab4d91-000c-4523-9c5f-2c204b5f6601@group-1F9831CC3440:LeaderElection11] INFO  grpc.GrpcConfigKeys$Server (ConfUtils.java:logGet(43)) - raft.grpc.server.leader.outstanding.appends.max = 128 (default)
2019-09-17 12:46:26,552 [84ab4d91-000c-4523-9c5f-2c204b5f6601@group-1F9831CC3440:LeaderElection11] INFO  server.RaftServerConfigKeys (ConfUtils.java:logGet(43)) - raft.server.rpc.request.timeout = 3000ms (default)
2019-09-17 12:46:26,552 [84ab4d91-000c-4523-9c5f-2c204b5f6601@group-1F9831CC3440:LeaderElection11] INFO  server.RaftServerConfigKeys (ConfUtils.java:logGet(43)) - raft.server.log.appender.install.snapshot.enabled = false (custom)
2019-09-17 12:46:26,553 [84ab4d91-000c-4523-9c5f-2c204b5f6601@group-1F9831CC3440:LeaderElection11] INFO  impl.RoleInfo (RoleInfo.java:updateAndGet(143)) - 84ab4d91-000c-4523-9c5f-2c204b5f6601: start LeaderState
2019-09-17 12:46:26,553 [84ab4d91-000c-4523-9c5f-2c204b5f6601@group-1F9831CC3440:LeaderElection11] INFO  segmented.SegmentedRaftLogWorker (SegmentedRaftLogWorker.java:startLogSegment(380)) - 84ab4d91-000c-4523-9c5f-2c204b5f6601@group-1F9831CC3440-SegmentedRaftLogWorker: Starting segment from index:0
2019-09-17 12:46:26,554 [84ab4d91-000c-4523-9c5f-2c204b5f6601@group-1F9831CC3440:LeaderElection11] INFO  impl.RaftServerImpl (ServerState.java:setRaftConf(354)) - 84ab4d91-000c-4523-9c5f-2c204b5f6601@group-1F9831CC3440: set configuration 0: [5e893e0a-56f7-4618-9f46-a6ff48173cb6:192.168.5.153:37060, 84ab4d91-000c-4523-9c5f-2c204b5f6601:192.168.5.153:39178, f7ede272-a28a-44e0-9552-15581fc2de04:192.168.5.153:38263], old=null at 0
2019-09-17 12:46:26,590 [grpc-default-executor-0] INFO  impl.RaftServerImpl (ServerState.java:setLeader(253)) - 5e893e0a-56f7-4618-9f46-a6ff48173cb6@group-1F9831CC3440: change Leader from null to 84ab4d91-000c-4523-9c5f-2c204b5f6601 at term 1 for appendEntries, leader elected after 5116ms
2019-09-17 12:46:26,591 [grpc-default-executor-2] INFO  impl.RaftServerImpl (ServerState.java:setLeader(253)) - f7ede272-a28a-44e0-9552-15581fc2de04@group-1F9831CC3440: change Leader from null to 84ab4d91-000c-4523-9c5f-2c204b5f6601 at term 1 for appendEntries, leader elected after 5117ms
2019-09-17 12:46:26,593 [grpc-default-executor-0] INFO  impl.RaftServerImpl (ServerState.java:setRaftConf(354)) - 5e893e0a-56f7-4618-9f46-a6ff48173cb6@group-1F9831CC3440: set configuration 0: [5e893e0a-56f7-4618-9f46-a6ff48173cb6:192.168.5.153:37060, 84ab4d91-000c-4523-9c5f-2c204b5f6601:192.168.5.153:39178, f7ede272-a28a-44e0-9552-15581fc2de04:192.168.5.153:38263], old=null at 0
2019-09-17 12:46:26,593 [grpc-default-executor-2] INFO  impl.RaftServerImpl (ServerState.java:setRaftConf(354)) - f7ede272-a28a-44e0-9552-15581fc2de04@group-1F9831CC3440: set configuration 0: [5e893e0a-56f7-4618-9f46-a6ff48173cb6:192.168.5.153:37060, 84ab4d91-000c-4523-9c5f-2c204b5f6601:192.168.5.153:39178, f7ede272-a28a-44e0-9552-15581fc2de04:192.168.5.153:38263], old=null at 0
2019-09-17 12:46:26,593 [grpc-default-executor-0] INFO  segmented.SegmentedRaftLogWorker (SegmentedRaftLogWorker.java:startLogSegment(380)) - 5e893e0a-56f7-4618-9f46-a6ff48173cb6@group-1F9831CC3440-SegmentedRaftLogWorker: Starting segment from index:0
2019-09-17 12:46:26,593 [grpc-default-executor-2] INFO  segmented.SegmentedRaftLogWorker (SegmentedRaftLogWorker.java:startLogSegment(380)) - f7ede272-a28a-44e0-9552-15581fc2de04@group-1F9831CC3440-SegmentedRaftLogWorker: Starting segment from index:0
2019-09-17 12:46:26,601 [84ab4d91-000c-4523-9c5f-2c204b5f6601@group-1F9831CC3440-SegmentedRaftLogWorker] INFO  segmented.SegmentedRaftLogWorker (SegmentedRaftLogWorker.java:execute(569)) - 84ab4d91-000c-4523-9c5f-2c204b5f6601@group-1F9831CC3440-SegmentedRaftLogWorker: created new log segment /tmp/workdir/hadoop-ozone/tools/target/test-dir/MiniOzoneClusterImpl-50a1f6bc-759b-451e-a5dd-d4a59b2daa65/datanode-1/data/ratis/e5966ae0-5fcf-4a62-bb3f-1f9831cc3440/current/log_inprogress_0
2019-09-17 12:46:26,630 [f7ede272-a28a-44e0-9552-15581fc2de04@group-1F9831CC3440-SegmentedRaftLogWorker] INFO  segmented.SegmentedRaftLogWorker (SegmentedRaftLogWorker.java:execute(569)) - f7ede272-a28a-44e0-9552-15581fc2de04@group-1F9831CC3440-SegmentedRaftLogWorker: created new log segment /tmp/workdir/hadoop-ozone/tools/target/test-dir/MiniOzoneClusterImpl-50a1f6bc-759b-451e-a5dd-d4a59b2daa65/datanode-2/data/ratis/e5966ae0-5fcf-4a62-bb3f-1f9831cc3440/current/log_inprogress_0
2019-09-17 12:46:26,630 [5e893e0a-56f7-4618-9f46-a6ff48173cb6@group-1F9831CC3440-SegmentedRaftLogWorker] INFO  segmented.SegmentedRaftLogWorker (SegmentedRaftLogWorker.java:execute(569)) - 5e893e0a-56f7-4618-9f46-a6ff48173cb6@group-1F9831CC3440-SegmentedRaftLogWorker: created new log segment /tmp/workdir/hadoop-ozone/tools/target/test-dir/MiniOzoneClusterImpl-50a1f6bc-759b-451e-a5dd-d4a59b2daa65/datanode-0/data/ratis/e5966ae0-5fcf-4a62-bb3f-1f9831cc3440/current/log_inprogress_0
2019-09-17 12:46:26,789 [grpc-default-executor-4] INFO  client.GrpcClientProtocolClient (GrpcClientProtocolClient.java:onNext(264)) - client-917C2951E632->84ab4d91-000c-4523-9c5f-2c204b5f6601: receive RaftClientReply:client-917C2951E632->84ab4d91-000c-4523-9c5f-2c204b5f6601@group-1F9831CC3440, cid=36, SUCCESS, logIndex=1, commits[84ab4d91-000c-4523-9c5f-2c204b5f6601:c1, 5e893e0a-56f7-4618-9f46-a6ff48173cb6:c-1, f7ede272-a28a-44e0-9552-15581fc2de04:c0]
2019-09-17 12:46:26,909 [grpc-default-executor-4] INFO  client.GrpcClientProtocolClient (GrpcClientProtocolClient.java:onNext(264)) - client-917C2951E632->84ab4d91-000c-4523-9c5f-2c204b5f6601: receive RaftClientReply:client-917C2951E632->84ab4d91-000c-4523-9c5f-2c204b5f6601@group-1F9831CC3440, cid=37, SUCCESS, logIndex=3, commits[84ab4d91-000c-4523-9c5f-2c204b5f6601:c7, 5e893e0a-56f7-4618-9f46-a6ff48173cb6:c6, f7ede272-a28a-44e0-9552-15581fc2de04:c6]
2019-09-17 12:46:26,909 [grpc-default-executor-4] INFO  client.GrpcClientProtocolClient (GrpcClientProtocolClient.java:onNext(264)) - client-917C2951E632->84ab4d91-000c-4523-9c5f-2c204b5f6601: receive RaftClientReply:client-917C2951E632->84ab4d91-000c-4523-9c5f-2c204b5f6601@group-1F9831CC3440, cid=38, SUCCESS, logIndex=4, commits[84ab4d91-000c-4523-9c5f-2c204b5f6601:c7, 5e893e0a-56f7-4618-9f46-a6ff48173cb6:c6, f7ede272-a28a-44e0-9552-15581fc2de04:c6]
2019-09-17 12:46:27,047 [grpc-default-executor-4] INFO  client.GrpcClientProtocolClient (GrpcClientProtocolClient.java:onNext(264)) - client-917C2951E632->84ab4d91-000c-4523-9c5f-2c204b5f6601: receive RaftClientReply:client-917C2951E632->84ab4d91-000c-4523-9c5f-2c204b5f6601@group-1F9831CC3440, cid=39, SUCCESS, logIndex=5, commits[84ab4d91-000c-4523-9c5f-2c204b5f6601:c7, 5e893e0a-56f7-4618-9f46-a6ff48173cb6:c6, f7ede272-a28a-44e0-9552-15581fc2de04:c6]
2019-09-17 12:46:27,092 [grpc-default-executor-4] INFO  client.GrpcClientProtocolClient (GrpcClientProtocolClient.java:onNext(264)) - client-917C2951E632->84ab4d91-000c-4523-9c5f-2c204b5f6601: receive RaftClientReply:client-917C2951E632->84ab4d91-000c-4523-9c5f-2c204b5f6601@group-1F9831CC3440, cid=46, SUCCESS, logIndex=8, commits[84ab4d91-000c-4523-9c5f-2c204b5f6601:c9, 5e893e0a-56f7-4618-9f46-a6ff48173cb6:c7, f7ede272-a28a-44e0-9552-15581fc2de04:c7]
2019-09-17 12:46:27,092 [grpc-default-executor-4] INFO  client.GrpcClientProtocolClient (GrpcClientProtocolClient.java:onNext(264)) - client-917C2951E632->84ab4d91-000c-4523-9c5f-2c204b5f6601: receive RaftClientReply:client-917C2951E632->84ab4d91-000c-4523-9c5f-2c204b5f6601@group-1F9831CC3440, cid=47, SUCCESS, logIndex=9, commits[84ab4d91-000c-4523-9c5f-2c204b5f6601:c9, 5e893e0a-56f7-4618-9f46-a6ff48173cb6:c7, f7ede272-a28a-44e0-9552-15581fc2de04:c7]
2019-09-17 12:46:27,099 [grpc-default-executor-3] INFO  client.GrpcClientProtocolClient (GrpcClientProtocolClient.java:onNext(264)) - client-917C2951E632->84ab4d91-000c-4523-9c5f-2c204b5f6601: receive RaftClientReply:client-917C2951E632->84ab4d91-000c-4523-9c5f-2c204b5f6601@group-1F9831CC3440, cid=48, SUCCESS, logIndex=10, commits[84ab4d91-000c-4523-9c5f-2c204b5f6601:c11, 5e893e0a-56f7-4618-9f46-a6ff48173cb6:c7, f7ede272-a28a-44e0-9552-15581fc2de04:c7]
2019-09-17 12:46:27,100 [grpc-default-executor-2] INFO  client.GrpcClientProtocolClient (GrpcClientProtocolClient.java:onNext(264)) - client-917C2951E632->84ab4d91-000c-4523-9c5f-2c204b5f6601: receive RaftClientReply:client-917C2951E632->84ab4d91-000c-4523-9c5f-2c204b5f6601@group-1F9831CC3440, cid=49, SUCCESS, logIndex=11, commits[84ab4d91-000c-4523-9c5f-2c204b5f6601:c11, 5e893e0a-56f7-4618-9f46-a6ff48173cb6:c7, f7ede272-a28a-44e0-9552-15581fc2de04:c7]
2019-09-17 12:46:27,115 [grpc-default-executor-2] INFO  client.GrpcClientProtocolClient (GrpcClientProtocolClient.java:onNext(264)) - client-917C2951E632->84ab4d91-000c-4523-9c5f-2c204b5f6601: receive RaftClientReply:client-917C2951E632->84ab4d91-000c-4523-9c5f-2c204b5f6601@group-1F9831CC3440, cid=50, SUCCESS, logIndex=0, commits[84ab4d91-000c-4523-9c5f-2c204b5f6601:c15, 5e893e0a-56f7-4618-9f46-a6ff48173cb6:c11, f7ede272-a28a-44e0-9552-15581fc2de04:c11]
2019-09-17 12:46:27,116 [grpc-default-executor-2] INFO  client.GrpcClientProtocolClient (GrpcClientProtocolClient.java:onNext(264)) - client-917C2951E632->84ab4d91-000c-4523-9c5f-2c204b5f6601: receive RaftClientReply:client-917C2951E632->84ab4d91-000c-4523-9c5f-2c204b5f6601@group-1F9831CC3440, cid=51, SUCCESS, logIndex=0, commits[84ab4d91-000c-4523-9c5f-2c204b5f6601:c15, 5e893e0a-56f7-4618-9f46-a6ff48173cb6:c11, f7ede272-a28a-44e0-9552-15581fc2de04:c11]
 0.00% |█                                                                                                    |  0/1 Time: 0:03:31 0.00% |█                                                                                                    |  0/1 Time: 0:03:322019-09-17 12:46:28,466 [grpc-default-executor-3] INFO  impl.RaftServerProxy (RaftServerProxy.java:remove(95)) - 5e893e0a-56f7-4618-9f46-a6ff48173cb6: remove group-A43DC1D745E9:null
2019-09-17 12:46:28,473 [RatisPipelineUtilsThread] WARN  pipeline.RatisPipelineUtils (RatisPipelineUtils.java:destroyPipeline(66)) - Pipeline destroy failed for pipeline=PipelineID=de0cac9c-8394-42f1-b79d-a43dc1d745e9 dn=5e893e0a-56f7-4618-9f46-a6ff48173cb6{ip: 192.168.5.153, host: pr-hdds-2137-trunk-mnh2s-3748177197, networkLocation: /default-rack, certSerialId: null}
2019-09-17 12:46:28,481 [grpc-default-executor-3] INFO  impl.RaftServerProxy (RaftServerProxy.java:remove(95)) - 84ab4d91-000c-4523-9c5f-2c204b5f6601: remove group-A43DC1D745E9:null
2019-09-17 12:46:28,487 [RatisPipelineUtilsThread] WARN  pipeline.RatisPipelineUtils (RatisPipelineUtils.java:destroyPipeline(66)) - Pipeline destroy failed for pipeline=PipelineID=de0cac9c-8394-42f1-b79d-a43dc1d745e9 dn=84ab4d91-000c-4523-9c5f-2c204b5f6601{ip: 192.168.5.153, host: pr-hdds-2137-trunk-mnh2s-3748177197, networkLocation: /default-rack, certSerialId: null}
2019-09-17 12:46:28,493 [grpc-default-executor-3] INFO  impl.RaftServerProxy (RaftServerProxy.java:remove(95)) - f7ede272-a28a-44e0-9552-15581fc2de04: remove group-A43DC1D745E9:null
2019-09-17 12:46:28,499 [RatisPipelineUtilsThread] WARN  pipeline.RatisPipelineUtils (RatisPipelineUtils.java:destroyPipeline(66)) - Pipeline destroy failed for pipeline=PipelineID=de0cac9c-8394-42f1-b79d-a43dc1d745e9 dn=f7ede272-a28a-44e0-9552-15581fc2de04{ip: 192.168.5.153, host: pr-hdds-2137-trunk-mnh2s-3748177197, networkLocation: /default-rack, certSerialId: null}
2019-09-17 12:46:28,500 [RatisPipelineUtilsThread] ERROR pipeline.SCMPipelineManager (Scheduler.java:lambda$schedule$1(70)) - Destroy pipeline failed for pipeline:Pipeline[ Id: de0cac9c-8394-42f1-b79d-a43dc1d745e9, Nodes: 5e893e0a-56f7-4618-9f46-a6ff48173cb6{ip: 192.168.5.153, host: pr-hdds-2137-trunk-mnh2s-3748177197, networkLocation: /default-rack, certSerialId: null}84ab4d91-000c-4523-9c5f-2c204b5f6601{ip: 192.168.5.153, host: pr-hdds-2137-trunk-mnh2s-3748177197, networkLocation: /default-rack, certSerialId: null}f7ede272-a28a-44e0-9552-15581fc2de04{ip: 192.168.5.153, host: pr-hdds-2137-trunk-mnh2s-3748177197, networkLocation: /default-rack, certSerialId: null}, Type:RATIS, Factor:THREE, State:CLOSED]
org.apache.hadoop.hdds.scm.pipeline.PipelineNotFoundException: PipelineID=de0cac9c-8394-42f1-b79d-a43dc1d745e9 not found
	at org.apache.hadoop.hdds.scm.pipeline.PipelineStateMap.getPipeline(PipelineStateMap.java:132)
	at org.apache.hadoop.hdds.scm.pipeline.PipelineStateMap.removePipeline(PipelineStateMap.java:322)
	at org.apache.hadoop.hdds.scm.pipeline.PipelineStateManager.removePipeline(PipelineStateManager.java:107)
	at org.apache.hadoop.hdds.scm.pipeline.SCMPipelineManager.removePipeline(SCMPipelineManager.java:423)
	at org.apache.hadoop.hdds.scm.pipeline.SCMPipelineManager.destroyPipeline(SCMPipelineManager.java:409)
	at org.apache.hadoop.hdds.scm.pipeline.SCMPipelineManager.lambda$finalizeAndDestroyPipeline$0(SCMPipelineManager.java:318)
	at org.apache.hadoop.utils.Scheduler.lambda$schedule$1(Scheduler.java:68)
	at java.util.concurrent.Executors$RunnableAdapter.call(Executors.java:511)
	at java.util.concurrent.FutureTask.run(FutureTask.java:266)
	at java.util.concurrent.ScheduledThreadPoolExecutor$ScheduledFutureTask.access$201(ScheduledThreadPoolExecutor.java:180)
	at java.util.concurrent.ScheduledThreadPoolExecutor$ScheduledFutureTask.run(ScheduledThreadPoolExecutor.java:293)
	at java.util.concurrent.ThreadPoolExecutor.runWorker(ThreadPoolExecutor.java:1149)
	at java.util.concurrent.ThreadPoolExecutor$Worker.run(ThreadPoolExecutor.java:624)
	at java.lang.Thread.run(Thread.java:748)
 0.00% |█                                                                                                    |  0/1 Time: 0:03:332019-09-17 12:46:30,145 [java.util.concurrent.ThreadPoolExecutor$Worker@71af583c[State = -1, empty queue]] WARN  server.GrpcLogAppender (GrpcLogAppender.java:timeoutAppendRequest(200)) - 84ab4d91-000c-4523-9c5f-2c204b5f6601@group-1F9831CC3440->5e893e0a-56f7-4618-9f46-a6ff48173cb6-GrpcLogAppender: appendEntries Timeout, request=84ab4d91-000c-4523-9c5f-2c204b5f6601->5e893e0a-56f7-4618-9f46-a6ff48173cb6#17-t1, previous=(t:1, i:15), leaderCommit=15, initializing? false, entries: size=1, first=(t:1, i:16), STATEMACHINELOGENTRY, client-917C2951E632, cid=52
2019-09-17 12:46:30,146 [java.util.concurrent.ThreadPoolExecutor$Worker@71af583c[State = -1, empty queue]] WARN  server.GrpcLogAppender (GrpcLogAppender.java:timeoutAppendRequest(200)) - 84ab4d91-000c-4523-9c5f-2c204b5f6601@group-1F9831CC3440->5e893e0a-56f7-4618-9f46-a6ff48173cb6-GrpcLogAppender: appendEntries Timeout, request=84ab4d91-000c-4523-9c5f-2c204b5f6601->5e893e0a-56f7-4618-9f46-a6ff48173cb6#18-t1, previous=(t:1, i:16), leaderCommit=15, initializing? false, entries: size=1, first=(t:1, i:17), STATEMACHINELOGENTRY, client-917C2951E632, cid=53
2019-09-17 12:46:30,148 [java.util.concurrent.ThreadPoolExecutor$Worker@71af583c[State = -1, empty queue]] WARN  server.GrpcLogAppender (GrpcLogAppender.java:timeoutAppendRequest(200)) - 84ab4d91-000c-4523-9c5f-2c204b5f6601@group-1F9831CC3440->5e893e0a-56f7-4618-9f46-a6ff48173cb6-GrpcLogAppender: appendEntries Timeout, request=84ab4d91-000c-4523-9c5f-2c204b5f6601->5e893e0a-56f7-4618-9f46-a6ff48173cb6#19-t1, previous=(t:1, i:17), leaderCommit=15, initializing? false, entries: size=1, first=(t:1, i:18), STATEMACHINELOGENTRY, client-917C2951E632, cid=54
2019-09-17 12:46:30,149 [java.util.concurrent.ThreadPoolExecutor$Worker@71af583c[State = -1, empty queue]] WARN  server.GrpcLogAppender (GrpcLogAppender.java:timeoutAppendRequest(200)) - 84ab4d91-000c-4523-9c5f-2c204b5f6601@group-1F9831CC3440->5e893e0a-56f7-4618-9f46-a6ff48173cb6-GrpcLogAppender: appendEntries Timeout, request=84ab4d91-000c-4523-9c5f-2c204b5f6601->5e893e0a-56f7-4618-9f46-a6ff48173cb6#20-t1, previous=(t:1, i:18), leaderCommit=15, initializing? false, entries: size=1, first=(t:1, i:19), STATEMACHINELOGENTRY, client-917C2951E632, cid=55
 0.00% |█                                                                                                    |  0/1 Time: 0:03:342019-09-17 12:46:30,470 [grpc-default-executor-3] INFO  impl.RaftServerProxy (RaftServerProxy.java:remove(95)) - 5e893e0a-56f7-4618-9f46-a6ff48173cb6: remove group-A43DC1D745E9:null
2019-09-17 12:46:30,477 [RatisPipelineUtilsThread] WARN  pipeline.RatisPipelineUtils (RatisPipelineUtils.java:destroyPipeline(66)) - Pipeline destroy failed for pipeline=PipelineID=de0cac9c-8394-42f1-b79d-a43dc1d745e9 dn=5e893e0a-56f7-4618-9f46-a6ff48173cb6{ip: 192.168.5.153, host: pr-hdds-2137-trunk-mnh2s-3748177197, networkLocation: /default-rack, certSerialId: null}
2019-09-17 12:46:30,483 [grpc-default-executor-3] INFO  impl.RaftServerProxy (RaftServerProxy.java:remove(95)) - 84ab4d91-000c-4523-9c5f-2c204b5f6601: remove group-A43DC1D745E9:null
2019-09-17 12:46:30,488 [RatisPipelineUtilsThread] WARN  pipeline.RatisPipelineUtils (RatisPipelineUtils.java:destroyPipeline(66)) - Pipeline destroy failed for pipeline=PipelineID=de0cac9c-8394-42f1-b79d-a43dc1d745e9 dn=84ab4d91-000c-4523-9c5f-2c204b5f6601{ip: 192.168.5.153, host: pr-hdds-2137-trunk-mnh2s-3748177197, networkLocation: /default-rack, certSerialId: null}
2019-09-17 12:46:30,494 [grpc-default-executor-3] INFO  impl.RaftServerProxy (RaftServerProxy.java:remove(95)) - f7ede272-a28a-44e0-9552-15581fc2de04: remove group-A43DC1D745E9:null
2019-09-17 12:46:30,499 [RatisPipelineUtilsThread] WARN  pipeline.RatisPipelineUtils (RatisPipelineUtils.java:destroyPipeline(66)) - Pipeline destroy failed for pipeline=PipelineID=de0cac9c-8394-42f1-b79d-a43dc1d745e9 dn=f7ede272-a28a-44e0-9552-15581fc2de04{ip: 192.168.5.153, host: pr-hdds-2137-trunk-mnh2s-3748177197, networkLocation: /default-rack, certSerialId: null}
2019-09-17 12:46:30,499 [RatisPipelineUtilsThread] ERROR pipeline.SCMPipelineManager (Scheduler.java:lambda$schedule$1(70)) - Destroy pipeline failed for pipeline:Pipeline[ Id: de0cac9c-8394-42f1-b79d-a43dc1d745e9, Nodes: 5e893e0a-56f7-4618-9f46-a6ff48173cb6{ip: 192.168.5.153, host: pr-hdds-2137-trunk-mnh2s-3748177197, networkLocation: /default-rack, certSerialId: null}84ab4d91-000c-4523-9c5f-2c204b5f6601{ip: 192.168.5.153, host: pr-hdds-2137-trunk-mnh2s-3748177197, networkLocation: /default-rack, certSerialId: null}f7ede272-a28a-44e0-9552-15581fc2de04{ip: 192.168.5.153, host: pr-hdds-2137-trunk-mnh2s-3748177197, networkLocation: /default-rack, certSerialId: null}, Type:RATIS, Factor:THREE, State:CLOSED]
org.apache.hadoop.hdds.scm.pipeline.PipelineNotFoundException: PipelineID=de0cac9c-8394-42f1-b79d-a43dc1d745e9 not found
	at org.apache.hadoop.hdds.scm.pipeline.PipelineStateMap.getPipeline(PipelineStateMap.java:132)
	at org.apache.hadoop.hdds.scm.pipeline.PipelineStateMap.removePipeline(PipelineStateMap.java:322)
	at org.apache.hadoop.hdds.scm.pipeline.PipelineStateManager.removePipeline(PipelineStateManager.java:107)
	at org.apache.hadoop.hdds.scm.pipeline.SCMPipelineManager.removePipeline(SCMPipelineManager.java:423)
	at org.apache.hadoop.hdds.scm.pipeline.SCMPipelineManager.destroyPipeline(SCMPipelineManager.java:409)
	at org.apache.hadoop.hdds.scm.pipeline.SCMPipelineManager.lambda$finalizeAndDestroyPipeline$0(SCMPipelineManager.java:318)
	at org.apache.hadoop.utils.Scheduler.lambda$schedule$1(Scheduler.java:68)
	at java.util.concurrent.Executors$RunnableAdapter.call(Executors.java:511)
	at java.util.concurrent.FutureTask.run(FutureTask.java:266)
	at java.util.concurrent.ScheduledThreadPoolExecutor$ScheduledFutureTask.access$201(ScheduledThreadPoolExecutor.java:180)
	at java.util.concurrent.ScheduledThreadPoolExecutor$ScheduledFutureTask.run(ScheduledThreadPoolExecutor.java:293)
	at java.util.concurrent.ThreadPoolExecutor.runWorker(ThreadPoolExecutor.java:1149)
	at java.util.concurrent.ThreadPoolExecutor$Worker.run(ThreadPoolExecutor.java:624)
	at java.lang.Thread.run(Thread.java:748)
 0.00% |█                                                                                                    |  0/1 Time: 0:03:352019-09-17 12:46:32,188 [grpc-default-executor-3] INFO  client.GrpcClientProtocolClient (GrpcClientProtocolClient.java:onNext(264)) - client-917C2951E632->f7ede272-a28a-44e0-9552-15581fc2de04: receive RaftClientReply:client-917C2951E632->f7ede272-a28a-44e0-9552-15581fc2de04@group-1F9831CC3440, cid=52, FAILED org.apache.ratis.protocol.NotLeaderException: Server f7ede272-a28a-44e0-9552-15581fc2de04@group-1F9831CC3440 is not the leader 84ab4d91-000c-4523-9c5f-2c204b5f6601:192.168.5.153:39178, logIndex=0, commits[f7ede272-a28a-44e0-9552-15581fc2de04:c15, 5e893e0a-56f7-4618-9f46-a6ff48173cb6:c11, 84ab4d91-000c-4523-9c5f-2c204b5f6601:c15]
 0.00% |█                                                                                                    |  0/1 Time: 0:03:362019-09-17 12:46:32,650 [java.util.concurrent.ThreadPoolExecutor$Worker@71af583c[State = -1, empty queue]] WARN  server.GrpcLogAppender (GrpcLogAppender.java:timeoutAppendRequest(200)) - 84ab4d91-000c-4523-9c5f-2c204b5f6601@group-1F9831CC3440->5e893e0a-56f7-4618-9f46-a6ff48173cb6-GrpcLogAppender: appendEntries Timeout, request=84ab4d91-000c-4523-9c5f-2c204b5f6601->5e893e0a-56f7-4618-9f46-a6ff48173cb6#21-t1, previous=(t:1, i:19), leaderCommit=15, initializing? false, entries: <empty>
 0.00% |█                                                                                                    |  0/1 Time: 0:03:372019-09-17 12:46:33,476 [grpc-default-executor-3] INFO  impl.RaftServerProxy (RaftServerProxy.java:remove(95)) - 5e893e0a-56f7-4618-9f46-a6ff48173cb6: remove group-A43DC1D745E9:null
2019-09-17 12:46:33,483 [RatisPipelineUtilsThread] WARN  pipeline.RatisPipelineUtils (RatisPipelineUtils.java:destroyPipeline(66)) - Pipeline destroy failed for pipeline=PipelineID=de0cac9c-8394-42f1-b79d-a43dc1d745e9 dn=5e893e0a-56f7-4618-9f46-a6ff48173cb6{ip: 192.168.5.153, host: pr-hdds-2137-trunk-mnh2s-3748177197, networkLocation: /default-rack, certSerialId: null}
2019-09-17 12:46:33,489 [grpc-default-executor-3] INFO  impl.RaftServerProxy (RaftServerProxy.java:remove(95)) - 84ab4d91-000c-4523-9c5f-2c204b5f6601: remove group-A43DC1D745E9:null
2019-09-17 12:46:33,498 [RatisPipelineUtilsThread] WARN  pipeline.RatisPipelineUtils (RatisPipelineUtils.java:destroyPipeline(66)) - Pipeline destroy failed for pipeline=PipelineID=de0cac9c-8394-42f1-b79d-a43dc1d745e9 dn=84ab4d91-000c-4523-9c5f-2c204b5f6601{ip: 192.168.5.153, host: pr-hdds-2137-trunk-mnh2s-3748177197, networkLocation: /default-rack, certSerialId: null}
2019-09-17 12:46:33,504 [grpc-default-executor-3] INFO  impl.RaftServerProxy (RaftServerProxy.java:remove(95)) - f7ede272-a28a-44e0-9552-15581fc2de04: remove group-A43DC1D745E9:null
2019-09-17 12:46:33,508 [RatisPipelineUtilsThread] WARN  pipeline.RatisPipelineUtils (RatisPipelineUtils.java:destroyPipeline(66)) - Pipeline destroy failed for pipeline=PipelineID=de0cac9c-8394-42f1-b79d-a43dc1d745e9 dn=f7ede272-a28a-44e0-9552-15581fc2de04{ip: 192.168.5.153, host: pr-hdds-2137-trunk-mnh2s-3748177197, networkLocation: /default-rack, certSerialId: null}
2019-09-17 12:46:33,509 [RatisPipelineUtilsThread] ERROR pipeline.SCMPipelineManager (Scheduler.java:lambda$schedule$1(70)) - Destroy pipeline failed for pipeline:Pipeline[ Id: de0cac9c-8394-42f1-b79d-a43dc1d745e9, Nodes: 5e893e0a-56f7-4618-9f46-a6ff48173cb6{ip: 192.168.5.153, host: pr-hdds-2137-trunk-mnh2s-3748177197, networkLocation: /default-rack, certSerialId: null}84ab4d91-000c-4523-9c5f-2c204b5f6601{ip: 192.168.5.153, host: pr-hdds-2137-trunk-mnh2s-3748177197, networkLocation: /default-rack, certSerialId: null}f7ede272-a28a-44e0-9552-15581fc2de04{ip: 192.168.5.153, host: pr-hdds-2137-trunk-mnh2s-3748177197, networkLocation: /default-rack, certSerialId: null}, Type:RATIS, Factor:THREE, State:CLOSED]
org.apache.hadoop.hdds.scm.pipeline.PipelineNotFoundException: PipelineID=de0cac9c-8394-42f1-b79d-a43dc1d745e9 not found
	at org.apache.hadoop.hdds.scm.pipeline.PipelineStateMap.getPipeline(PipelineStateMap.java:132)
	at org.apache.hadoop.hdds.scm.pipeline.PipelineStateMap.removePipeline(PipelineStateMap.java:322)
	at org.apache.hadoop.hdds.scm.pipeline.PipelineStateManager.removePipeline(PipelineStateManager.java:107)
	at org.apache.hadoop.hdds.scm.pipeline.SCMPipelineManager.removePipeline(SCMPipelineManager.java:423)
	at org.apache.hadoop.hdds.scm.pipeline.SCMPipelineManager.destroyPipeline(SCMPipelineManager.java:409)
	at org.apache.hadoop.hdds.scm.pipeline.SCMPipelineManager.lambda$finalizeAndDestroyPipeline$0(SCMPipelineManager.java:318)
	at org.apache.hadoop.utils.Scheduler.lambda$schedule$1(Scheduler.java:68)
	at java.util.concurrent.Executors$RunnableAdapter.call(Executors.java:511)
	at java.util.concurrent.FutureTask.run(FutureTask.java:266)
	at java.util.concurrent.ScheduledThreadPoolExecutor$ScheduledFutureTask.access$201(ScheduledThreadPoolExecutor.java:180)
	at java.util.concurrent.ScheduledThreadPoolExecutor$ScheduledFutureTask.run(ScheduledThreadPoolExecutor.java:293)
	at java.util.concurrent.ThreadPoolExecutor.runWorker(ThreadPoolExecutor.java:1149)
	at java.util.concurrent.ThreadPoolExecutor$Worker.run(ThreadPoolExecutor.java:624)
	at java.lang.Thread.run(Thread.java:748)
 0.00% |█                                                                                                    |  0/1 Time: 0:03:382019-09-17 12:46:35,151 [java.util.concurrent.ThreadPoolExecutor$Worker@71af583c[State = -1, empty queue]] WARN  server.GrpcLogAppender (GrpcLogAppender.java:timeoutAppendRequest(200)) - 84ab4d91-000c-4523-9c5f-2c204b5f6601@group-1F9831CC3440->5e893e0a-56f7-4618-9f46-a6ff48173cb6-GrpcLogAppender: appendEntries Timeout, request=84ab4d91-000c-4523-9c5f-2c204b5f6601->5e893e0a-56f7-4618-9f46-a6ff48173cb6#22-t1, previous=(t:1, i:19), leaderCommit=15, initializing? false, entries: <empty>
 0.00% |█                                                                                                    |  0/1 Time: 0:03:392019-09-17 12:46:35,485 [grpc-default-executor-3] INFO  impl.RaftServerProxy (RaftServerProxy.java:remove(95)) - 5e893e0a-56f7-4618-9f46-a6ff48173cb6: remove group-A43DC1D745E9:null
2019-09-17 12:46:35,492 [RatisPipelineUtilsThread] WARN  pipeline.RatisPipelineUtils (RatisPipelineUtils.java:destroyPipeline(66)) - Pipeline destroy failed for pipeline=PipelineID=de0cac9c-8394-42f1-b79d-a43dc1d745e9 dn=5e893e0a-56f7-4618-9f46-a6ff48173cb6{ip: 192.168.5.153, host: pr-hdds-2137-trunk-mnh2s-3748177197, networkLocation: /default-rack, certSerialId: null}
2019-09-17 12:46:35,496 [grpc-default-executor-3] INFO  impl.RaftServerProxy (RaftServerProxy.java:remove(95)) - 84ab4d91-000c-4523-9c5f-2c204b5f6601: remove group-A43DC1D745E9:null
2019-09-17 12:46:35,504 [RatisPipelineUtilsThread] WARN  pipeline.RatisPipelineUtils (RatisPipelineUtils.java:destroyPipeline(66)) - Pipeline destroy failed for pipeline=PipelineID=de0cac9c-8394-42f1-b79d-a43dc1d745e9 dn=84ab4d91-000c-4523-9c5f-2c204b5f6601{ip: 192.168.5.153, host: pr-hdds-2137-trunk-mnh2s-3748177197, networkLocation: /default-rack, certSerialId: null}
2019-09-17 12:46:35,507 [grpc-default-executor-3] INFO  impl.RaftServerProxy (RaftServerProxy.java:remove(95)) - f7ede272-a28a-44e0-9552-15581fc2de04: remove group-A43DC1D745E9:null
2019-09-17 12:46:35,511 [RatisPipelineUtilsThread] WARN  pipeline.RatisPipelineUtils (RatisPipelineUtils.java:destroyPipeline(66)) - Pipeline destroy failed for pipeline=PipelineID=de0cac9c-8394-42f1-b79d-a43dc1d745e9 dn=f7ede272-a28a-44e0-9552-15581fc2de04{ip: 192.168.5.153, host: pr-hdds-2137-trunk-mnh2s-3748177197, networkLocation: /default-rack, certSerialId: null}
2019-09-17 12:46:35,512 [RatisPipelineUtilsThread] ERROR pipeline.SCMPipelineManager (Scheduler.java:lambda$schedule$1(70)) - Destroy pipeline failed for pipeline:Pipeline[ Id: de0cac9c-8394-42f1-b79d-a43dc1d745e9, Nodes: 5e893e0a-56f7-4618-9f46-a6ff48173cb6{ip: 192.168.5.153, host: pr-hdds-2137-trunk-mnh2s-3748177197, networkLocation: /default-rack, certSerialId: null}84ab4d91-000c-4523-9c5f-2c204b5f6601{ip: 192.168.5.153, host: pr-hdds-2137-trunk-mnh2s-3748177197, networkLocation: /default-rack, certSerialId: null}f7ede272-a28a-44e0-9552-15581fc2de04{ip: 192.168.5.153, host: pr-hdds-2137-trunk-mnh2s-3748177197, networkLocation: /default-rack, certSerialId: null}, Type:RATIS, Factor:THREE, State:CLOSED]
org.apache.hadoop.hdds.scm.pipeline.PipelineNotFoundException: PipelineID=de0cac9c-8394-42f1-b79d-a43dc1d745e9 not found
	at org.apache.hadoop.hdds.scm.pipeline.PipelineStateMap.getPipeline(PipelineStateMap.java:132)
	at org.apache.hadoop.hdds.scm.pipeline.PipelineStateMap.removePipeline(PipelineStateMap.java:322)
	at org.apache.hadoop.hdds.scm.pipeline.PipelineStateManager.removePipeline(PipelineStateManager.java:107)
	at org.apache.hadoop.hdds.scm.pipeline.SCMPipelineManager.removePipeline(SCMPipelineManager.java:423)
	at org.apache.hadoop.hdds.scm.pipeline.SCMPipelineManager.destroyPipeline(SCMPipelineManager.java:409)
	at org.apache.hadoop.hdds.scm.pipeline.SCMPipelineManager.lambda$finalizeAndDestroyPipeline$0(SCMPipelineManager.java:318)
	at org.apache.hadoop.utils.Scheduler.lambda$schedule$1(Scheduler.java:68)
	at java.util.concurrent.Executors$RunnableAdapter.call(Executors.java:511)
	at java.util.concurrent.FutureTask.run(FutureTask.java:266)
	at java.util.concurrent.ScheduledThreadPoolExecutor$ScheduledFutureTask.access$201(ScheduledThreadPoolExecutor.java:180)
	at java.util.concurrent.ScheduledThreadPoolExecutor$ScheduledFutureTask.run(ScheduledThreadPoolExecutor.java:293)
	at java.util.concurrent.ThreadPoolExecutor.runWorker(ThreadPoolExecutor.java:1149)
	at java.util.concurrent.ThreadPoolExecutor$Worker.run(ThreadPoolExecutor.java:624)
	at java.lang.Thread.run(Thread.java:748)
 0.00% |█                                                                                                    |  0/1 Time: 0:03:402019-09-17 12:46:37,144 [84ab4d91-000c-4523-9c5f-2c204b5f6601@group-1F9831CC3440-SegmentedRaftLogWorker] WARN  segmented.SegmentedRaftLogWorker (SegmentedRaftLogWorker.java:getFromFuture(90)) - Timeout 0/~
org.apache.ratis.protocol.TimeoutIOException: Timeout 10s: WriteLog:16: (t:1, i:16), STATEMACHINELOGENTRY, client-917C2951E632, cid=52-writeStateMachineData
	at org.apache.ratis.util.IOUtils.getFromFuture(IOUtils.java:87)
	at org.apache.ratis.server.raftlog.segmented.SegmentedRaftLogWorker$StateMachineDataPolicy.getFromFuture(SegmentedRaftLogWorker.java:87)
	at org.apache.ratis.server.raftlog.segmented.SegmentedRaftLogWorker$WriteLog.execute(SegmentedRaftLogWorker.java:477)
	at org.apache.ratis.server.raftlog.segmented.SegmentedRaftLogWorker.run(SegmentedRaftLogWorker.java:289)
	at java.lang.Thread.run(Thread.java:748)
Caused by: java.util.concurrent.TimeoutException
	at java.util.concurrent.CompletableFuture.timedGet(CompletableFuture.java:1771)
	at java.util.concurrent.CompletableFuture.get(CompletableFuture.java:1915)
	at org.apache.ratis.util.IOUtils.getFromFuture(IOUtils.java:79)
	... 4 more
2019-09-17 12:46:37,148 [5e893e0a-56f7-4618-9f46-a6ff48173cb6@group-1F9831CC3440-SegmentedRaftLogWorker] WARN  segmented.SegmentedRaftLogWorker (SegmentedRaftLogWorker.java:getFromFuture(90)) - Timeout 0/~
org.apache.ratis.protocol.TimeoutIOException: Timeout 10s: WriteLog:16: (t:1, i:16), STATEMACHINELOGENTRY, client-917C2951E632, cid=52-writeStateMachineData
	at org.apache.ratis.util.IOUtils.getFromFuture(IOUtils.java:87)
	at org.apache.ratis.server.raftlog.segmented.SegmentedRaftLogWorker$StateMachineDataPolicy.getFromFuture(SegmentedRaftLogWorker.java:87)
	at org.apache.ratis.server.raftlog.segmented.SegmentedRaftLogWorker$WriteLog.execute(SegmentedRaftLogWorker.java:477)
	at org.apache.ratis.server.raftlog.segmented.SegmentedRaftLogWorker.run(SegmentedRaftLogWorker.java:289)
	at java.lang.Thread.run(Thread.java:748)
Caused by: java.util.concurrent.TimeoutException
	at java.util.concurrent.CompletableFuture.timedGet(CompletableFuture.java:1771)
	at java.util.concurrent.CompletableFuture.get(CompletableFuture.java:1915)
	at org.apache.ratis.util.IOUtils.getFromFuture(IOUtils.java:79)
	... 4 more
2019-09-17 12:46:37,233 [grpc-default-executor-2] INFO  client.GrpcClientProtocolClient (GrpcClientProtocolClient.java:onNext(264)) - client-917C2951E632->f7ede272-a28a-44e0-9552-15581fc2de04: receive RaftClientReply:client-917C2951E632->f7ede272-a28a-44e0-9552-15581fc2de04@group-1F9831CC3440, cid=52, FAILED org.apache.ratis.protocol.NotLeaderException: Server f7ede272-a28a-44e0-9552-15581fc2de04@group-1F9831CC3440 is not the leader 84ab4d91-000c-4523-9c5f-2c204b5f6601:192.168.5.153:39178, logIndex=0, commits[f7ede272-a28a-44e0-9552-15581fc2de04:c15, 5e893e0a-56f7-4618-9f46-a6ff48173cb6:c11, 84ab4d91-000c-4523-9c5f-2c204b5f6601:c15]
 0.00% |█                                                                                                    |  0/1 Time: 0:03:412019-09-17 12:46:37,653 [java.util.concurrent.ThreadPoolExecutor$Worker@71af583c[State = -1, empty queue]] WARN  server.GrpcLogAppender (GrpcLogAppender.java:timeoutAppendRequest(200)) - 84ab4d91-000c-4523-9c5f-2c204b5f6601@group-1F9831CC3440->5e893e0a-56f7-4618-9f46-a6ff48173cb6-GrpcLogAppender: appendEntries Timeout, request=84ab4d91-000c-4523-9c5f-2c204b5f6601->5e893e0a-56f7-4618-9f46-a6ff48173cb6#23-t1, previous=(t:1, i:19), leaderCommit=15, initializing? false, entries: <empty>
 0.00% |█                                                                                                    |  0/1 Time: 0:03:422019-09-17 12:46:38,470 [grpc-default-executor-2] INFO  impl.RaftServerProxy (RaftServerProxy.java:remove(95)) - 5e893e0a-56f7-4618-9f46-a6ff48173cb6: remove group-A43DC1D745E9:null
2019-09-17 12:46:38,477 [RatisPipelineUtilsThread] WARN  pipeline.RatisPipelineUtils (RatisPipelineUtils.java:destroyPipeline(66)) - Pipeline destroy failed for pipeline=PipelineID=de0cac9c-8394-42f1-b79d-a43dc1d745e9 dn=5e893e0a-56f7-4618-9f46-a6ff48173cb6{ip: 192.168.5.153, host: pr-hdds-2137-trunk-mnh2s-3748177197, networkLocation: /default-rack, certSerialId: null}
2019-09-17 12:46:38,481 [grpc-default-executor-2] INFO  impl.RaftServerProxy (RaftServerProxy.java:remove(95)) - 84ab4d91-000c-4523-9c5f-2c204b5f6601: remove group-A43DC1D745E9:null
2019-09-17 12:46:38,486 [RatisPipelineUtilsThread] WARN  pipeline.RatisPipelineUtils (RatisPipelineUtils.java:destroyPipeline(66)) - Pipeline destroy failed for pipeline=PipelineID=de0cac9c-8394-42f1-b79d-a43dc1d745e9 dn=84ab4d91-000c-4523-9c5f-2c204b5f6601{ip: 192.168.5.153, host: pr-hdds-2137-trunk-mnh2s-3748177197, networkLocation: /default-rack, certSerialId: null}
2019-09-17 12:46:38,489 [grpc-default-executor-2] INFO  impl.RaftServerProxy (RaftServerProxy.java:remove(95)) - f7ede272-a28a-44e0-9552-15581fc2de04: remove group-A43DC1D745E9:null
2019-09-17 12:46:38,495 [RatisPipelineUtilsThread] WARN  pipeline.RatisPipelineUtils (RatisPipelineUtils.java:destroyPipeline(66)) - Pipeline destroy failed for pipeline=PipelineID=de0cac9c-8394-42f1-b79d-a43dc1d745e9 dn=f7ede272-a28a-44e0-9552-15581fc2de04{ip: 192.168.5.153, host: pr-hdds-2137-trunk-mnh2s-3748177197, networkLocation: /default-rack, certSerialId: null}
2019-09-17 12:46:38,495 [RatisPipelineUtilsThread] ERROR pipeline.SCMPipelineManager (Scheduler.java:lambda$schedule$1(70)) - Destroy pipeline failed for pipeline:Pipeline[ Id: de0cac9c-8394-42f1-b79d-a43dc1d745e9, Nodes: 5e893e0a-56f7-4618-9f46-a6ff48173cb6{ip: 192.168.5.153, host: pr-hdds-2137-trunk-mnh2s-3748177197, networkLocation: /default-rack, certSerialId: null}84ab4d91-000c-4523-9c5f-2c204b5f6601{ip: 192.168.5.153, host: pr-hdds-2137-trunk-mnh2s-3748177197, networkLocation: /default-rack, certSerialId: null}f7ede272-a28a-44e0-9552-15581fc2de04{ip: 192.168.5.153, host: pr-hdds-2137-trunk-mnh2s-3748177197, networkLocation: /default-rack, certSerialId: null}, Type:RATIS, Factor:THREE, State:CLOSED]
org.apache.hadoop.hdds.scm.pipeline.PipelineNotFoundException: PipelineID=de0cac9c-8394-42f1-b79d-a43dc1d745e9 not found
	at org.apache.hadoop.hdds.scm.pipeline.PipelineStateMap.getPipeline(PipelineStateMap.java:132)
	at org.apache.hadoop.hdds.scm.pipeline.PipelineStateMap.removePipeline(PipelineStateMap.java:322)
	at org.apache.hadoop.hdds.scm.pipeline.PipelineStateManager.removePipeline(PipelineStateManager.java:107)
	at org.apache.hadoop.hdds.scm.pipeline.SCMPipelineManager.removePipeline(SCMPipelineManager.java:423)
	at org.apache.hadoop.hdds.scm.pipeline.SCMPipelineManager.destroyPipeline(SCMPipelineManager.java:409)
	at org.apache.hadoop.hdds.scm.pipeline.SCMPipelineManager.lambda$finalizeAndDestroyPipeline$0(SCMPipelineManager.java:318)
	at org.apache.hadoop.utils.Scheduler.lambda$schedule$1(Scheduler.java:68)
	at java.util.concurrent.Executors$RunnableAdapter.call(Executors.java:511)
	at java.util.concurrent.FutureTask.run(FutureTask.java:266)
	at java.util.concurrent.ScheduledThreadPoolExecutor$ScheduledFutureTask.access$201(ScheduledThreadPoolExecutor.java:180)
	at java.util.concurrent.ScheduledThreadPoolExecutor$ScheduledFutureTask.run(ScheduledThreadPoolExecutor.java:293)
	at java.util.concurrent.ThreadPoolExecutor.runWorker(ThreadPoolExecutor.java:1149)
	at java.util.concurrent.ThreadPoolExecutor$Worker.run(ThreadPoolExecutor.java:624)
	at java.lang.Thread.run(Thread.java:748)
 0.00% |█                                                                                                    |  0/1 Time: 0:03:432019-09-17 12:46:40,155 [java.util.concurrent.ThreadPoolExecutor$Worker@71af583c[State = -1, empty queue]] WARN  server.GrpcLogAppender (GrpcLogAppender.java:timeoutAppendRequest(200)) - 84ab4d91-000c-4523-9c5f-2c204b5f6601@group-1F9831CC3440->5e893e0a-56f7-4618-9f46-a6ff48173cb6-GrpcLogAppender: appendEntries Timeout, request=84ab4d91-000c-4523-9c5f-2c204b5f6601->5e893e0a-56f7-4618-9f46-a6ff48173cb6#24-t1, previous=(t:1, i:19), leaderCommit=15, initializing? false, entries: <empty>
 0.00% |█                                                                                                    |  0/1 Time: 0:03:442019-09-17 12:46:40,477 [grpc-default-executor-2] INFO  impl.RaftServerProxy (RaftServerProxy.java:remove(95)) - 5e893e0a-56f7-4618-9f46-a6ff48173cb6: remove group-A43DC1D745E9:null
2019-09-17 12:46:40,488 [RatisPipelineUtilsThread] WARN  pipeline.RatisPipelineUtils (RatisPipelineUtils.java:destroyPipeline(66)) - Pipeline destroy failed for pipeline=PipelineID=de0cac9c-8394-42f1-b79d-a43dc1d745e9 dn=5e893e0a-56f7-4618-9f46-a6ff48173cb6{ip: 192.168.5.153, host: pr-hdds-2137-trunk-mnh2s-3748177197, networkLocation: /default-rack, certSerialId: null}
2019-09-17 12:46:40,493 [grpc-default-executor-2] INFO  impl.RaftServerProxy (RaftServerProxy.java:remove(95)) - 84ab4d91-000c-4523-9c5f-2c204b5f6601: remove group-A43DC1D745E9:null
2019-09-17 12:46:40,498 [RatisPipelineUtilsThread] WARN  pipeline.RatisPipelineUtils (RatisPipelineUtils.java:destroyPipeline(66)) - Pipeline destroy failed for pipeline=PipelineID=de0cac9c-8394-42f1-b79d-a43dc1d745e9 dn=84ab4d91-000c-4523-9c5f-2c204b5f6601{ip: 192.168.5.153, host: pr-hdds-2137-trunk-mnh2s-3748177197, networkLocation: /default-rack, certSerialId: null}
2019-09-17 12:46:40,502 [grpc-default-executor-2] INFO  impl.RaftServerProxy (RaftServerProxy.java:remove(95)) - f7ede272-a28a-44e0-9552-15581fc2de04: remove group-A43DC1D745E9:null
2019-09-17 12:46:40,507 [RatisPipelineUtilsThread] WARN  pipeline.RatisPipelineUtils (RatisPipelineUtils.java:destroyPipeline(66)) - Pipeline destroy failed for pipeline=PipelineID=de0cac9c-8394-42f1-b79d-a43dc1d745e9 dn=f7ede272-a28a-44e0-9552-15581fc2de04{ip: 192.168.5.153, host: pr-hdds-2137-trunk-mnh2s-3748177197, networkLocation: /default-rack, certSerialId: null}
2019-09-17 12:46:40,508 [RatisPipelineUtilsThread] ERROR pipeline.SCMPipelineManager (Scheduler.java:lambda$schedule$1(70)) - Destroy pipeline failed for pipeline:Pipeline[ Id: de0cac9c-8394-42f1-b79d-a43dc1d745e9, Nodes: 5e893e0a-56f7-4618-9f46-a6ff48173cb6{ip: 192.168.5.153, host: pr-hdds-2137-trunk-mnh2s-3748177197, networkLocation: /default-rack, certSerialId: null}84ab4d91-000c-4523-9c5f-2c204b5f6601{ip: 192.168.5.153, host: pr-hdds-2137-trunk-mnh2s-3748177197, networkLocation: /default-rack, certSerialId: null}f7ede272-a28a-44e0-9552-15581fc2de04{ip: 192.168.5.153, host: pr-hdds-2137-trunk-mnh2s-3748177197, networkLocation: /default-rack, certSerialId: null}, Type:RATIS, Factor:THREE, State:CLOSED]
org.apache.hadoop.hdds.scm.pipeline.PipelineNotFoundException: PipelineID=de0cac9c-8394-42f1-b79d-a43dc1d745e9 not found
	at org.apache.hadoop.hdds.scm.pipeline.PipelineStateMap.getPipeline(PipelineStateMap.java:132)
	at org.apache.hadoop.hdds.scm.pipeline.PipelineStateMap.removePipeline(PipelineStateMap.java:322)
	at org.apache.hadoop.hdds.scm.pipeline.PipelineStateManager.removePipeline(PipelineStateManager.java:107)
	at org.apache.hadoop.hdds.scm.pipeline.SCMPipelineManager.removePipeline(SCMPipelineManager.java:423)
	at org.apache.hadoop.hdds.scm.pipeline.SCMPipelineManager.destroyPipeline(SCMPipelineManager.java:409)
	at org.apache.hadoop.hdds.scm.pipeline.SCMPipelineManager.lambda$finalizeAndDestroyPipeline$0(SCMPipelineManager.java:318)
	at org.apache.hadoop.utils.Scheduler.lambda$schedule$1(Scheduler.java:68)
	at java.util.concurrent.Executors$RunnableAdapter.call(Executors.java:511)
	at java.util.concurrent.FutureTask.run(FutureTask.java:266)
	at java.util.concurrent.ScheduledThreadPoolExecutor$ScheduledFutureTask.access$201(ScheduledThreadPoolExecutor.java:180)
	at java.util.concurrent.ScheduledThreadPoolExecutor$ScheduledFutureTask.run(ScheduledThreadPoolExecutor.java:293)
	at java.util.concurrent.ThreadPoolExecutor.runWorker(ThreadPoolExecutor.java:1149)
	at java.util.concurrent.ThreadPoolExecutor$Worker.run(ThreadPoolExecutor.java:624)
	at java.lang.Thread.run(Thread.java:748)
 0.00% |█                                                                                                    |  0/1 Time: 0:03:452019-09-17 12:46:42,283 [grpc-default-executor-3] INFO  client.GrpcClientProtocolClient (GrpcClientProtocolClient.java:onNext(264)) - client-917C2951E632->5e893e0a-56f7-4618-9f46-a6ff48173cb6: receive RaftClientReply:client-917C2951E632->5e893e0a-56f7-4618-9f46-a6ff48173cb6@group-1F9831CC3440, cid=52, FAILED org.apache.ratis.protocol.NotLeaderException: Server 5e893e0a-56f7-4618-9f46-a6ff48173cb6@group-1F9831CC3440 is not the leader 84ab4d91-000c-4523-9c5f-2c204b5f6601:192.168.5.153:39178, logIndex=0, commits[5e893e0a-56f7-4618-9f46-a6ff48173cb6:c15, 84ab4d91-000c-4523-9c5f-2c204b5f6601:c15, f7ede272-a28a-44e0-9552-15581fc2de04:c15]
 0.00% |█                                                                                                    |  0/1 Time: 0:03:462019-09-17 12:46:42,656 [java.util.concurrent.ThreadPoolExecutor$Worker@71af583c[State = -1, empty queue]] WARN  server.GrpcLogAppender (GrpcLogAppender.java:timeoutAppendRequest(200)) - 84ab4d91-000c-4523-9c5f-2c204b5f6601@group-1F9831CC3440->5e893e0a-56f7-4618-9f46-a6ff48173cb6-GrpcLogAppender: appendEntries Timeout, request=84ab4d91-000c-4523-9c5f-2c204b5f6601->5e893e0a-56f7-4618-9f46-a6ff48173cb6#25-t1, previous=(t:1, i:19), leaderCommit=15, initializing? false, entries: <empty>
 0.00% |█                                                                                                    |  0/1 Time: 0:03:472019-09-17 12:46:43,474 [grpc-default-executor-2] INFO  impl.RaftServerProxy (RaftServerProxy.java:remove(95)) - 5e893e0a-56f7-4618-9f46-a6ff48173cb6: remove group-A43DC1D745E9:null
2019-09-17 12:46:43,482 [RatisPipelineUtilsThread] WARN  pipeline.RatisPipelineUtils (RatisPipelineUtils.java:destroyPipeline(66)) - Pipeline destroy failed for pipeline=PipelineID=de0cac9c-8394-42f1-b79d-a43dc1d745e9 dn=5e893e0a-56f7-4618-9f46-a6ff48173cb6{ip: 192.168.5.153, host: pr-hdds-2137-trunk-mnh2s-3748177197, networkLocation: /default-rack, certSerialId: null}
2019-09-17 12:46:43,486 [grpc-default-executor-2] INFO  impl.RaftServerProxy (RaftServerProxy.java:remove(95)) - 84ab4d91-000c-4523-9c5f-2c204b5f6601: remove group-A43DC1D745E9:null
2019-09-17 12:46:43,491 [RatisPipelineUtilsThread] WARN  pipeline.RatisPipelineUtils (RatisPipelineUtils.java:destroyPipeline(66)) - Pipeline destroy failed for pipeline=PipelineID=de0cac9c-8394-42f1-b79d-a43dc1d745e9 dn=84ab4d91-000c-4523-9c5f-2c204b5f6601{ip: 192.168.5.153, host: pr-hdds-2137-trunk-mnh2s-3748177197, networkLocation: /default-rack, certSerialId: null}
2019-09-17 12:46:43,495 [grpc-default-executor-2] INFO  impl.RaftServerProxy (RaftServerProxy.java:remove(95)) - f7ede272-a28a-44e0-9552-15581fc2de04: remove group-A43DC1D745E9:null
2019-09-17 12:46:43,500 [RatisPipelineUtilsThread] WARN  pipeline.RatisPipelineUtils (RatisPipelineUtils.java:destroyPipeline(66)) - Pipeline destroy failed for pipeline=PipelineID=de0cac9c-8394-42f1-b79d-a43dc1d745e9 dn=f7ede272-a28a-44e0-9552-15581fc2de04{ip: 192.168.5.153, host: pr-hdds-2137-trunk-mnh2s-3748177197, networkLocation: /default-rack, certSerialId: null}
2019-09-17 12:46:43,500 [RatisPipelineUtilsThread] ERROR pipeline.SCMPipelineManager (Scheduler.java:lambda$schedule$1(70)) - Destroy pipeline failed for pipeline:Pipeline[ Id: de0cac9c-8394-42f1-b79d-a43dc1d745e9, Nodes: 5e893e0a-56f7-4618-9f46-a6ff48173cb6{ip: 192.168.5.153, host: pr-hdds-2137-trunk-mnh2s-3748177197, networkLocation: /default-rack, certSerialId: null}84ab4d91-000c-4523-9c5f-2c204b5f6601{ip: 192.168.5.153, host: pr-hdds-2137-trunk-mnh2s-3748177197, networkLocation: /default-rack, certSerialId: null}f7ede272-a28a-44e0-9552-15581fc2de04{ip: 192.168.5.153, host: pr-hdds-2137-trunk-mnh2s-3748177197, networkLocation: /default-rack, certSerialId: null}, Type:RATIS, Factor:THREE, State:CLOSED]
org.apache.hadoop.hdds.scm.pipeline.PipelineNotFoundException: PipelineID=de0cac9c-8394-42f1-b79d-a43dc1d745e9 not found
	at org.apache.hadoop.hdds.scm.pipeline.PipelineStateMap.getPipeline(PipelineStateMap.java:132)
	at org.apache.hadoop.hdds.scm.pipeline.PipelineStateMap.removePipeline(PipelineStateMap.java:322)
	at org.apache.hadoop.hdds.scm.pipeline.PipelineStateManager.removePipeline(PipelineStateManager.java:107)
	at org.apache.hadoop.hdds.scm.pipeline.SCMPipelineManager.removePipeline(SCMPipelineManager.java:423)
	at org.apache.hadoop.hdds.scm.pipeline.SCMPipelineManager.destroyPipeline(SCMPipelineManager.java:409)
	at org.apache.hadoop.hdds.scm.pipeline.SCMPipelineManager.lambda$finalizeAndDestroyPipeline$0(SCMPipelineManager.java:318)
	at org.apache.hadoop.utils.Scheduler.lambda$schedule$1(Scheduler.java:68)
	at java.util.concurrent.Executors$RunnableAdapter.call(Executors.java:511)
	at java.util.concurrent.FutureTask.run(FutureTask.java:266)
	at java.util.concurrent.ScheduledThreadPoolExecutor$ScheduledFutureTask.access$201(ScheduledThreadPoolExecutor.java:180)
	at java.util.concurrent.ScheduledThreadPoolExecutor$ScheduledFutureTask.run(ScheduledThreadPoolExecutor.java:293)
	at java.util.concurrent.ThreadPoolExecutor.runWorker(ThreadPoolExecutor.java:1149)
	at java.util.concurrent.ThreadPoolExecutor$Worker.run(ThreadPoolExecutor.java:624)
	at java.lang.Thread.run(Thread.java:748)
 0.00% |█                                                                                                    |  0/1 Time: 0:03:482019-09-17 12:46:45,157 [java.util.concurrent.ThreadPoolExecutor$Worker@71af583c[State = -1, empty queue]] WARN  server.GrpcLogAppender (GrpcLogAppender.java:timeoutAppendRequest(200)) - 84ab4d91-000c-4523-9c5f-2c204b5f6601@group-1F9831CC3440->5e893e0a-56f7-4618-9f46-a6ff48173cb6-GrpcLogAppender: appendEntries Timeout, request=84ab4d91-000c-4523-9c5f-2c204b5f6601->5e893e0a-56f7-4618-9f46-a6ff48173cb6#26-t1, previous=(t:1, i:19), leaderCommit=15, initializing? false, entries: <empty>
 0.00% |█                                                                                                    |  0/1 Time: 0:03:492019-09-17 12:46:45,471 [grpc-default-executor-2] INFO  impl.RaftServerProxy (RaftServerProxy.java:remove(95)) - 5e893e0a-56f7-4618-9f46-a6ff48173cb6: remove group-A43DC1D745E9:null
2019-09-17 12:46:45,478 [RatisPipelineUtilsThread] WARN  pipeline.RatisPipelineUtils (RatisPipelineUtils.java:destroyPipeline(66)) - Pipeline destroy failed for pipeline=PipelineID=de0cac9c-8394-42f1-b79d-a43dc1d745e9 dn=5e893e0a-56f7-4618-9f46-a6ff48173cb6{ip: 192.168.5.153, host: pr-hdds-2137-trunk-mnh2s-3748177197, networkLocation: /default-rack, certSerialId: null}
2019-09-17 12:46:45,480 [grpc-default-executor-2] INFO  impl.RaftServerProxy (RaftServerProxy.java:remove(95)) - 84ab4d91-000c-4523-9c5f-2c204b5f6601: remove group-A43DC1D745E9:null
2019-09-17 12:46:45,484 [RatisPipelineUtilsThread] WARN  pipeline.RatisPipelineUtils (RatisPipelineUtils.java:destroyPipeline(66)) - Pipeline destroy failed for pipeline=PipelineID=de0cac9c-8394-42f1-b79d-a43dc1d745e9 dn=84ab4d91-000c-4523-9c5f-2c204b5f6601{ip: 192.168.5.153, host: pr-hdds-2137-trunk-mnh2s-3748177197, networkLocation: /default-rack, certSerialId: null}
2019-09-17 12:46:45,486 [grpc-default-executor-2] INFO  impl.RaftServerProxy (RaftServerProxy.java:remove(95)) - f7ede272-a28a-44e0-9552-15581fc2de04: remove group-A43DC1D745E9:null
2019-09-17 12:46:45,489 [RatisPipelineUtilsThread] WARN  pipeline.RatisPipelineUtils (RatisPipelineUtils.java:destroyPipeline(66)) - Pipeline destroy failed for pipeline=PipelineID=de0cac9c-8394-42f1-b79d-a43dc1d745e9 dn=f7ede272-a28a-44e0-9552-15581fc2de04{ip: 192.168.5.153, host: pr-hdds-2137-trunk-mnh2s-3748177197, networkLocation: /default-rack, certSerialId: null}
2019-09-17 12:46:45,490 [RatisPipelineUtilsThread] ERROR pipeline.SCMPipelineManager (Scheduler.java:lambda$schedule$1(70)) - Destroy pipeline failed for pipeline:Pipeline[ Id: de0cac9c-8394-42f1-b79d-a43dc1d745e9, Nodes: 5e893e0a-56f7-4618-9f46-a6ff48173cb6{ip: 192.168.5.153, host: pr-hdds-2137-trunk-mnh2s-3748177197, networkLocation: /default-rack, certSerialId: null}84ab4d91-000c-4523-9c5f-2c204b5f6601{ip: 192.168.5.153, host: pr-hdds-2137-trunk-mnh2s-3748177197, networkLocation: /default-rack, certSerialId: null}f7ede272-a28a-44e0-9552-15581fc2de04{ip: 192.168.5.153, host: pr-hdds-2137-trunk-mnh2s-3748177197, networkLocation: /default-rack, certSerialId: null}, Type:RATIS, Factor:THREE, State:CLOSED]
org.apache.hadoop.hdds.scm.pipeline.PipelineNotFoundException: PipelineID=de0cac9c-8394-42f1-b79d-a43dc1d745e9 not found
	at org.apache.hadoop.hdds.scm.pipeline.PipelineStateMap.getPipeline(PipelineStateMap.java:132)
	at org.apache.hadoop.hdds.scm.pipeline.PipelineStateMap.removePipeline(PipelineStateMap.java:322)
	at org.apache.hadoop.hdds.scm.pipeline.PipelineStateManager.removePipeline(PipelineStateManager.java:107)
	at org.apache.hadoop.hdds.scm.pipeline.SCMPipelineManager.removePipeline(SCMPipelineManager.java:423)
	at org.apache.hadoop.hdds.scm.pipeline.SCMPipelineManager.destroyPipeline(SCMPipelineManager.java:409)
	at org.apache.hadoop.hdds.scm.pipeline.SCMPipelineManager.lambda$finalizeAndDestroyPipeline$0(SCMPipelineManager.java:318)
	at org.apache.hadoop.utils.Scheduler.lambda$schedule$1(Scheduler.java:68)
	at java.util.concurrent.Executors$RunnableAdapter.call(Executors.java:511)
	at java.util.concurrent.FutureTask.run(FutureTask.java:266)
	at java.util.concurrent.ScheduledThreadPoolExecutor$ScheduledFutureTask.access$201(ScheduledThreadPoolExecutor.java:180)
	at java.util.concurrent.ScheduledThreadPoolExecutor$ScheduledFutureTask.run(ScheduledThreadPoolExecutor.java:293)
	at java.util.concurrent.ThreadPoolExecutor.runWorker(ThreadPoolExecutor.java:1149)
	at java.util.concurrent.ThreadPoolExecutor$Worker.run(ThreadPoolExecutor.java:624)
	at java.lang.Thread.run(Thread.java:748)
 0.00% |█                                                                                                    |  0/1 Time: 0:03:502019-09-17 12:46:47,146 [84ab4d91-000c-4523-9c5f-2c204b5f6601@group-1F9831CC3440-SegmentedRaftLogWorker] WARN  segmented.SegmentedRaftLogWorker (SegmentedRaftLogWorker.java:getFromFuture(90)) - Timeout 1/~
org.apache.ratis.protocol.TimeoutIOException: Timeout 10s: WriteLog:16: (t:1, i:16), STATEMACHINELOGENTRY, client-917C2951E632, cid=52-writeStateMachineData
	at org.apache.ratis.util.IOUtils.getFromFuture(IOUtils.java:87)
	at org.apache.ratis.server.raftlog.segmented.SegmentedRaftLogWorker$StateMachineDataPolicy.getFromFuture(SegmentedRaftLogWorker.java:87)
	at org.apache.ratis.server.raftlog.segmented.SegmentedRaftLogWorker$WriteLog.execute(SegmentedRaftLogWorker.java:477)
	at org.apache.ratis.server.raftlog.segmented.SegmentedRaftLogWorker.run(SegmentedRaftLogWorker.java:289)
	at java.lang.Thread.run(Thread.java:748)
Caused by: java.util.concurrent.TimeoutException
	at java.util.concurrent.CompletableFuture.timedGet(CompletableFuture.java:1771)
	at java.util.concurrent.CompletableFuture.get(CompletableFuture.java:1915)
	at org.apache.ratis.util.IOUtils.getFromFuture(IOUtils.java:79)
	... 4 more
2019-09-17 12:46:47,149 [5e893e0a-56f7-4618-9f46-a6ff48173cb6@group-1F9831CC3440-SegmentedRaftLogWorker] WARN  segmented.SegmentedRaftLogWorker (SegmentedRaftLogWorker.java:getFromFuture(90)) - Timeout 1/~
org.apache.ratis.protocol.TimeoutIOException: Timeout 10s: WriteLog:16: (t:1, i:16), STATEMACHINELOGENTRY, client-917C2951E632, cid=52-writeStateMachineData
	at org.apache.ratis.util.IOUtils.getFromFuture(IOUtils.java:87)
	at org.apache.ratis.server.raftlog.segmented.SegmentedRaftLogWorker$StateMachineDataPolicy.getFromFuture(SegmentedRaftLogWorker.java:87)
	at org.apache.ratis.server.raftlog.segmented.SegmentedRaftLogWorker$WriteLog.execute(SegmentedRaftLogWorker.java:477)
	at org.apache.ratis.server.raftlog.segmented.SegmentedRaftLogWorker.run(SegmentedRaftLogWorker.java:289)
	at java.lang.Thread.run(Thread.java:748)
Caused by: java.util.concurrent.TimeoutException
	at java.util.concurrent.CompletableFuture.timedGet(CompletableFuture.java:1771)
	at java.util.concurrent.CompletableFuture.get(CompletableFuture.java:1915)
	at org.apache.ratis.util.IOUtils.getFromFuture(IOUtils.java:79)
	... 4 more
 0.00% |█                                                                                                    |  0/1 Time: 0:03:512019-09-17 12:46:47,329 [grpc-default-executor-2] INFO  client.GrpcClientProtocolClient (GrpcClientProtocolClient.java:onNext(264)) - client-917C2951E632->5e893e0a-56f7-4618-9f46-a6ff48173cb6: receive RaftClientReply:client-917C2951E632->5e893e0a-56f7-4618-9f46-a6ff48173cb6@group-1F9831CC3440, cid=52, FAILED org.apache.ratis.protocol.NotLeaderException: Server 5e893e0a-56f7-4618-9f46-a6ff48173cb6@group-1F9831CC3440 is not the leader 84ab4d91-000c-4523-9c5f-2c204b5f6601:192.168.5.153:39178, logIndex=0, commits[5e893e0a-56f7-4618-9f46-a6ff48173cb6:c15, 84ab4d91-000c-4523-9c5f-2c204b5f6601:c15, f7ede272-a28a-44e0-9552-15581fc2de04:c15]
2019-09-17 12:46:47,659 [java.util.concurrent.ThreadPoolExecutor$Worker@71af583c[State = -1, empty queue]] WARN  server.GrpcLogAppender (GrpcLogAppender.java:timeoutAppendRequest(200)) - 84ab4d91-000c-4523-9c5f-2c204b5f6601@group-1F9831CC3440->5e893e0a-56f7-4618-9f46-a6ff48173cb6-GrpcLogAppender: appendEntries Timeout, request=84ab4d91-000c-4523-9c5f-2c204b5f6601->5e893e0a-56f7-4618-9f46-a6ff48173cb6#27-t1, previous=(t:1, i:19), leaderCommit=15, initializing? false, entries: <empty>
 0.00% |█                                                                                                    |  0/1 Time: 0:03:522019-09-17 12:46:48,468 [grpc-default-executor-2] INFO  impl.RaftServerProxy (RaftServerProxy.java:remove(95)) - 5e893e0a-56f7-4618-9f46-a6ff48173cb6: remove group-A43DC1D745E9:null
2019-09-17 12:46:48,475 [RatisPipelineUtilsThread] WARN  pipeline.RatisPipelineUtils (RatisPipelineUtils.java:destroyPipeline(66)) - Pipeline destroy failed for pipeline=PipelineID=de0cac9c-8394-42f1-b79d-a43dc1d745e9 dn=5e893e0a-56f7-4618-9f46-a6ff48173cb6{ip: 192.168.5.153, host: pr-hdds-2137-trunk-mnh2s-3748177197, networkLocation: /default-rack, certSerialId: null}
2019-09-17 12:46:48,479 [grpc-default-executor-2] INFO  impl.RaftServerProxy (RaftServerProxy.java:remove(95)) - 84ab4d91-000c-4523-9c5f-2c204b5f6601: remove group-A43DC1D745E9:null
2019-09-17 12:46:48,484 [RatisPipelineUtilsThread] WARN  pipeline.RatisPipelineUtils (RatisPipelineUtils.java:destroyPipeline(66)) - Pipeline destroy failed for pipeline=PipelineID=de0cac9c-8394-42f1-b79d-a43dc1d745e9 dn=84ab4d91-000c-4523-9c5f-2c204b5f6601{ip: 192.168.5.153, host: pr-hdds-2137-trunk-mnh2s-3748177197, networkLocation: /default-rack, certSerialId: null}
2019-09-17 12:46:48,487 [grpc-default-executor-2] INFO  impl.RaftServerProxy (RaftServerProxy.java:remove(95)) - f7ede272-a28a-44e0-9552-15581fc2de04: remove group-A43DC1D745E9:null
2019-09-17 12:46:48,491 [RatisPipelineUtilsThread] WARN  pipeline.RatisPipelineUtils (RatisPipelineUtils.java:destroyPipeline(66)) - Pipeline destroy failed for pipeline=PipelineID=de0cac9c-8394-42f1-b79d-a43dc1d745e9 dn=f7ede272-a28a-44e0-9552-15581fc2de04{ip: 192.168.5.153, host: pr-hdds-2137-trunk-mnh2s-3748177197, networkLocation: /default-rack, certSerialId: null}
2019-09-17 12:46:48,492 [RatisPipelineUtilsThread] ERROR pipeline.SCMPipelineManager (Scheduler.java:lambda$schedule$1(70)) - Destroy pipeline failed for pipeline:Pipeline[ Id: de0cac9c-8394-42f1-b79d-a43dc1d745e9, Nodes: 5e893e0a-56f7-4618-9f46-a6ff48173cb6{ip: 192.168.5.153, host: pr-hdds-2137-trunk-mnh2s-3748177197, networkLocation: /default-rack, certSerialId: null}84ab4d91-000c-4523-9c5f-2c204b5f6601{ip: 192.168.5.153, host: pr-hdds-2137-trunk-mnh2s-3748177197, networkLocation: /default-rack, certSerialId: null}f7ede272-a28a-44e0-9552-15581fc2de04{ip: 192.168.5.153, host: pr-hdds-2137-trunk-mnh2s-3748177197, networkLocation: /default-rack, certSerialId: null}, Type:RATIS, Factor:THREE, State:CLOSED]
org.apache.hadoop.hdds.scm.pipeline.PipelineNotFoundException: PipelineID=de0cac9c-8394-42f1-b79d-a43dc1d745e9 not found
	at org.apache.hadoop.hdds.scm.pipeline.PipelineStateMap.getPipeline(PipelineStateMap.java:132)
	at org.apache.hadoop.hdds.scm.pipeline.PipelineStateMap.removePipeline(PipelineStateMap.java:322)
	at org.apache.hadoop.hdds.scm.pipeline.PipelineStateManager.removePipeline(PipelineStateManager.java:107)
	at org.apache.hadoop.hdds.scm.pipeline.SCMPipelineManager.removePipeline(SCMPipelineManager.java:423)
	at org.apache.hadoop.hdds.scm.pipeline.SCMPipelineManager.destroyPipeline(SCMPipelineManager.java:409)
	at org.apache.hadoop.hdds.scm.pipeline.SCMPipelineManager.lambda$finalizeAndDestroyPipeline$0(SCMPipelineManager.java:318)
	at org.apache.hadoop.utils.Scheduler.lambda$schedule$1(Scheduler.java:68)
	at java.util.concurrent.Executors$RunnableAdapter.call(Executors.java:511)
	at java.util.concurrent.FutureTask.run(FutureTask.java:266)
	at java.util.concurrent.ScheduledThreadPoolExecutor$ScheduledFutureTask.access$201(ScheduledThreadPoolExecutor.java:180)
	at java.util.concurrent.ScheduledThreadPoolExecutor$ScheduledFutureTask.run(ScheduledThreadPoolExecutor.java:293)
	at java.util.concurrent.ThreadPoolExecutor.runWorker(ThreadPoolExecutor.java:1149)
	at java.util.concurrent.ThreadPoolExecutor$Worker.run(ThreadPoolExecutor.java:624)
	at java.lang.Thread.run(Thread.java:748)
 0.00% |█                                                                                                    |  0/1 Time: 0:03:532019-09-17 12:46:50,161 [java.util.concurrent.ThreadPoolExecutor$Worker@71af583c[State = -1, empty queue]] WARN  server.GrpcLogAppender (GrpcLogAppender.java:timeoutAppendRequest(200)) - 84ab4d91-000c-4523-9c5f-2c204b5f6601@group-1F9831CC3440->5e893e0a-56f7-4618-9f46-a6ff48173cb6-GrpcLogAppender: appendEntries Timeout, request=84ab4d91-000c-4523-9c5f-2c204b5f6601->5e893e0a-56f7-4618-9f46-a6ff48173cb6#28-t1, previous=(t:1, i:19), leaderCommit=15, initializing? false, entries: <empty>
 0.00% |█                                                                                                    |  0/1 Time: 0:03:542019-09-17 12:46:50,469 [grpc-default-executor-2] INFO  impl.RaftServerProxy (RaftServerProxy.java:remove(95)) - 5e893e0a-56f7-4618-9f46-a6ff48173cb6: remove group-A43DC1D745E9:null
2019-09-17 12:46:50,475 [RatisPipelineUtilsThread] WARN  pipeline.RatisPipelineUtils (RatisPipelineUtils.java:destroyPipeline(66)) - Pipeline destroy failed for pipeline=PipelineID=de0cac9c-8394-42f1-b79d-a43dc1d745e9 dn=5e893e0a-56f7-4618-9f46-a6ff48173cb6{ip: 192.168.5.153, host: pr-hdds-2137-trunk-mnh2s-3748177197, networkLocation: /default-rack, certSerialId: null}
2019-09-17 12:46:50,478 [grpc-default-executor-2] INFO  impl.RaftServerProxy (RaftServerProxy.java:remove(95)) - 84ab4d91-000c-4523-9c5f-2c204b5f6601: remove group-A43DC1D745E9:null
2019-09-17 12:46:50,483 [RatisPipelineUtilsThread] WARN  pipeline.RatisPipelineUtils (RatisPipelineUtils.java:destroyPipeline(66)) - Pipeline destroy failed for pipeline=PipelineID=de0cac9c-8394-42f1-b79d-a43dc1d745e9 dn=84ab4d91-000c-4523-9c5f-2c204b5f6601{ip: 192.168.5.153, host: pr-hdds-2137-trunk-mnh2s-3748177197, networkLocation: /default-rack, certSerialId: null}
2019-09-17 12:46:50,486 [grpc-default-executor-2] INFO  impl.RaftServerProxy (RaftServerProxy.java:remove(95)) - f7ede272-a28a-44e0-9552-15581fc2de04: remove group-A43DC1D745E9:null
2019-09-17 12:46:50,490 [RatisPipelineUtilsThread] WARN  pipeline.RatisPipelineUtils (RatisPipelineUtils.java:destroyPipeline(66)) - Pipeline destroy failed for pipeline=PipelineID=de0cac9c-8394-42f1-b79d-a43dc1d745e9 dn=f7ede272-a28a-44e0-9552-15581fc2de04{ip: 192.168.5.153, host: pr-hdds-2137-trunk-mnh2s-3748177197, networkLocation: /default-rack, certSerialId: null}
2019-09-17 12:46:50,490 [RatisPipelineUtilsThread] ERROR pipeline.SCMPipelineManager (Scheduler.java:lambda$schedule$1(70)) - Destroy pipeline failed for pipeline:Pipeline[ Id: de0cac9c-8394-42f1-b79d-a43dc1d745e9, Nodes: 5e893e0a-56f7-4618-9f46-a6ff48173cb6{ip: 192.168.5.153, host: pr-hdds-2137-trunk-mnh2s-3748177197, networkLocation: /default-rack, certSerialId: null}84ab4d91-000c-4523-9c5f-2c204b5f6601{ip: 192.168.5.153, host: pr-hdds-2137-trunk-mnh2s-3748177197, networkLocation: /default-rack, certSerialId: null}f7ede272-a28a-44e0-9552-15581fc2de04{ip: 192.168.5.153, host: pr-hdds-2137-trunk-mnh2s-3748177197, networkLocation: /default-rack, certSerialId: null}, Type:RATIS, Factor:THREE, State:CLOSED]
org.apache.hadoop.hdds.scm.pipeline.PipelineNotFoundException: PipelineID=de0cac9c-8394-42f1-b79d-a43dc1d745e9 not found
	at org.apache.hadoop.hdds.scm.pipeline.PipelineStateMap.getPipeline(PipelineStateMap.java:132)
	at org.apache.hadoop.hdds.scm.pipeline.PipelineStateMap.removePipeline(PipelineStateMap.java:322)
	at org.apache.hadoop.hdds.scm.pipeline.PipelineStateManager.removePipeline(PipelineStateManager.java:107)
	at org.apache.hadoop.hdds.scm.pipeline.SCMPipelineManager.removePipeline(SCMPipelineManager.java:423)
	at org.apache.hadoop.hdds.scm.pipeline.SCMPipelineManager.destroyPipeline(SCMPipelineManager.java:409)
	at org.apache.hadoop.hdds.scm.pipeline.SCMPipelineManager.lambda$finalizeAndDestroyPipeline$0(SCMPipelineManager.java:318)
	at org.apache.hadoop.utils.Scheduler.lambda$schedule$1(Scheduler.java:68)
	at java.util.concurrent.Executors$RunnableAdapter.call(Executors.java:511)
	at java.util.concurrent.FutureTask.run(FutureTask.java:266)
	at java.util.concurrent.ScheduledThreadPoolExecutor$ScheduledFutureTask.access$201(ScheduledThreadPoolExecutor.java:180)
	at java.util.concurrent.ScheduledThreadPoolExecutor$ScheduledFutureTask.run(ScheduledThreadPoolExecutor.java:293)
	at java.util.concurrent.ThreadPoolExecutor.runWorker(ThreadPoolExecutor.java:1149)
	at java.util.concurrent.ThreadPoolExecutor$Worker.run(ThreadPoolExecutor.java:624)
	at java.lang.Thread.run(Thread.java:748)
 0.00% |█                                                                                                    |  0/1 Time: 0:03:55 0.00% |█                                                                                                    |  0/1 Time: 0:03:562019-09-17 12:46:52,381 [grpc-default-executor-3] INFO  client.GrpcClientProtocolClient (GrpcClientProtocolClient.java:onNext(264)) - client-917C2951E632->f7ede272-a28a-44e0-9552-15581fc2de04: receive RaftClientReply:client-917C2951E632->f7ede272-a28a-44e0-9552-15581fc2de04@group-1F9831CC3440, cid=52, FAILED org.apache.ratis.protocol.NotLeaderException: Server f7ede272-a28a-44e0-9552-15581fc2de04@group-1F9831CC3440 is not the leader 84ab4d91-000c-4523-9c5f-2c204b5f6601:192.168.5.153:39178, logIndex=0, commits[f7ede272-a28a-44e0-9552-15581fc2de04:c15, 5e893e0a-56f7-4618-9f46-a6ff48173cb6:c11, 84ab4d91-000c-4523-9c5f-2c204b5f6601:c15]
2019-09-17 12:46:52,662 [java.util.concurrent.ThreadPoolExecutor$Worker@71af583c[State = -1, empty queue]] WARN  server.GrpcLogAppender (GrpcLogAppender.java:timeoutAppendRequest(200)) - 84ab4d91-000c-4523-9c5f-2c204b5f6601@group-1F9831CC3440->5e893e0a-56f7-4618-9f46-a6ff48173cb6-GrpcLogAppender: appendEntries Timeout, request=84ab4d91-000c-4523-9c5f-2c204b5f6601->5e893e0a-56f7-4618-9f46-a6ff48173cb6#29-t1, previous=(t:1, i:19), leaderCommit=15, initializing? false, entries: <empty>
 0.00% |█                                                                                                    |  0/1 Time: 0:03:572019-09-17 12:46:53,470 [grpc-default-executor-2] INFO  impl.RaftServerProxy (RaftServerProxy.java:remove(95)) - 5e893e0a-56f7-4618-9f46-a6ff48173cb6: remove group-A43DC1D745E9:null
2019-09-17 12:46:53,482 [RatisPipelineUtilsThread] WARN  pipeline.RatisPipelineUtils (RatisPipelineUtils.java:destroyPipeline(66)) - Pipeline destroy failed for pipeline=PipelineID=de0cac9c-8394-42f1-b79d-a43dc1d745e9 dn=5e893e0a-56f7-4618-9f46-a6ff48173cb6{ip: 192.168.5.153, host: pr-hdds-2137-trunk-mnh2s-3748177197, networkLocation: /default-rack, certSerialId: null}
2019-09-17 12:46:53,485 [grpc-default-executor-2] INFO  impl.RaftServerProxy (RaftServerProxy.java:remove(95)) - 84ab4d91-000c-4523-9c5f-2c204b5f6601: remove group-A43DC1D745E9:null
2019-09-17 12:46:53,488 [RatisPipelineUtilsThread] WARN  pipeline.RatisPipelineUtils (RatisPipelineUtils.java:destroyPipeline(66)) - Pipeline destroy failed for pipeline=PipelineID=de0cac9c-8394-42f1-b79d-a43dc1d745e9 dn=84ab4d91-000c-4523-9c5f-2c204b5f6601{ip: 192.168.5.153, host: pr-hdds-2137-trunk-mnh2s-3748177197, networkLocation: /default-rack, certSerialId: null}
2019-09-17 12:46:53,490 [grpc-default-executor-2] INFO  impl.RaftServerProxy (RaftServerProxy.java:remove(95)) - f7ede272-a28a-44e0-9552-15581fc2de04: remove group-A43DC1D745E9:null
2019-09-17 12:46:53,493 [RatisPipelineUtilsThread] WARN  pipeline.RatisPipelineUtils (RatisPipelineUtils.java:destroyPipeline(66)) - Pipeline destroy failed for pipeline=PipelineID=de0cac9c-8394-42f1-b79d-a43dc1d745e9 dn=f7ede272-a28a-44e0-9552-15581fc2de04{ip: 192.168.5.153, host: pr-hdds-2137-trunk-mnh2s-3748177197, networkLocation: /default-rack, certSerialId: null}
2019-09-17 12:46:53,494 [RatisPipelineUtilsThread] ERROR pipeline.SCMPipelineManager (Scheduler.java:lambda$schedule$1(70)) - Destroy pipeline failed for pipeline:Pipeline[ Id: de0cac9c-8394-42f1-b79d-a43dc1d745e9, Nodes: 5e893e0a-56f7-4618-9f46-a6ff48173cb6{ip: 192.168.5.153, host: pr-hdds-2137-trunk-mnh2s-3748177197, networkLocation: /default-rack, certSerialId: null}84ab4d91-000c-4523-9c5f-2c204b5f6601{ip: 192.168.5.153, host: pr-hdds-2137-trunk-mnh2s-3748177197, networkLocation: /default-rack, certSerialId: null}f7ede272-a28a-44e0-9552-15581fc2de04{ip: 192.168.5.153, host: pr-hdds-2137-trunk-mnh2s-3748177197, networkLocation: /default-rack, certSerialId: null}, Type:RATIS, Factor:THREE, State:CLOSED]
org.apache.hadoop.hdds.scm.pipeline.PipelineNotFoundException: PipelineID=de0cac9c-8394-42f1-b79d-a43dc1d745e9 not found
	at org.apache.hadoop.hdds.scm.pipeline.PipelineStateMap.getPipeline(PipelineStateMap.java:132)
	at org.apache.hadoop.hdds.scm.pipeline.PipelineStateMap.removePipeline(PipelineStateMap.java:322)
	at org.apache.hadoop.hdds.scm.pipeline.PipelineStateManager.removePipeline(PipelineStateManager.java:107)
	at org.apache.hadoop.hdds.scm.pipeline.SCMPipelineManager.removePipeline(SCMPipelineManager.java:423)
	at org.apache.hadoop.hdds.scm.pipeline.SCMPipelineManager.destroyPipeline(SCMPipelineManager.java:409)
	at org.apache.hadoop.hdds.scm.pipeline.SCMPipelineManager.lambda$finalizeAndDestroyPipeline$0(SCMPipelineManager.java:318)
	at org.apache.hadoop.utils.Scheduler.lambda$schedule$1(Scheduler.java:68)
	at java.util.concurrent.Executors$RunnableAdapter.call(Executors.java:511)
	at java.util.concurrent.FutureTask.run(FutureTask.java:266)
	at java.util.concurrent.ScheduledThreadPoolExecutor$ScheduledFutureTask.access$201(ScheduledThreadPoolExecutor.java:180)
	at java.util.concurrent.ScheduledThreadPoolExecutor$ScheduledFutureTask.run(ScheduledThreadPoolExecutor.java:293)
	at java.util.concurrent.ThreadPoolExecutor.runWorker(ThreadPoolExecutor.java:1149)
	at java.util.concurrent.ThreadPoolExecutor$Worker.run(ThreadPoolExecutor.java:624)
	at java.lang.Thread.run(Thread.java:748)
 0.00% |█                                                                                                    |  0/1 Time: 0:03:582019-09-17 12:46:55,163 [java.util.concurrent.ThreadPoolExecutor$Worker@71af583c[State = -1, empty queue]] WARN  server.GrpcLogAppender (GrpcLogAppender.java:timeoutAppendRequest(200)) - 84ab4d91-000c-4523-9c5f-2c204b5f6601@group-1F9831CC3440->5e893e0a-56f7-4618-9f46-a6ff48173cb6-GrpcLogAppender: appendEntries Timeout, request=84ab4d91-000c-4523-9c5f-2c204b5f6601->5e893e0a-56f7-4618-9f46-a6ff48173cb6#30-t1, previous=(t:1, i:19), leaderCommit=15, initializing? false, entries: <empty>
 0.00% |█                                                                                                    |  0/1 Time: 0:03:592019-09-17 12:46:55,477 [grpc-default-executor-2] INFO  impl.RaftServerProxy (RaftServerProxy.java:remove(95)) - 5e893e0a-56f7-4618-9f46-a6ff48173cb6: remove group-A43DC1D745E9:null
2019-09-17 12:46:55,483 [RatisPipelineUtilsThread] WARN  pipeline.RatisPipelineUtils (RatisPipelineUtils.java:destroyPipeline(66)) - Pipeline destroy failed for pipeline=PipelineID=de0cac9c-8394-42f1-b79d-a43dc1d745e9 dn=5e893e0a-56f7-4618-9f46-a6ff48173cb6{ip: 192.168.5.153, host: pr-hdds-2137-trunk-mnh2s-3748177197, networkLocation: /default-rack, certSerialId: null}
2019-09-17 12:46:55,487 [grpc-default-executor-2] INFO  impl.RaftServerProxy (RaftServerProxy.java:remove(95)) - 84ab4d91-000c-4523-9c5f-2c204b5f6601: remove group-A43DC1D745E9:null
2019-09-17 12:46:55,491 [RatisPipelineUtilsThread] WARN  pipeline.RatisPipelineUtils (RatisPipelineUtils.java:destroyPipeline(66)) - Pipeline destroy failed for pipeline=PipelineID=de0cac9c-8394-42f1-b79d-a43dc1d745e9 dn=84ab4d91-000c-4523-9c5f-2c204b5f6601{ip: 192.168.5.153, host: pr-hdds-2137-trunk-mnh2s-3748177197, networkLocation: /default-rack, certSerialId: null}
2019-09-17 12:46:55,494 [grpc-default-executor-2] INFO  impl.RaftServerProxy (RaftServerProxy.java:remove(95)) - f7ede272-a28a-44e0-9552-15581fc2de04: remove group-A43DC1D745E9:null
2019-09-17 12:46:55,497 [RatisPipelineUtilsThread] WARN  pipeline.RatisPipelineUtils (RatisPipelineUtils.java:destroyPipeline(66)) - Pipeline destroy failed for pipeline=PipelineID=de0cac9c-8394-42f1-b79d-a43dc1d745e9 dn=f7ede272-a28a-44e0-9552-15581fc2de04{ip: 192.168.5.153, host: pr-hdds-2137-trunk-mnh2s-3748177197, networkLocation: /default-rack, certSerialId: null}
2019-09-17 12:46:55,498 [RatisPipelineUtilsThread] ERROR pipeline.SCMPipelineManager (Scheduler.java:lambda$schedule$1(70)) - Destroy pipeline failed for pipeline:Pipeline[ Id: de0cac9c-8394-42f1-b79d-a43dc1d745e9, Nodes: 5e893e0a-56f7-4618-9f46-a6ff48173cb6{ip: 192.168.5.153, host: pr-hdds-2137-trunk-mnh2s-3748177197, networkLocation: /default-rack, certSerialId: null}84ab4d91-000c-4523-9c5f-2c204b5f6601{ip: 192.168.5.153, host: pr-hdds-2137-trunk-mnh2s-3748177197, networkLocation: /default-rack, certSerialId: null}f7ede272-a28a-44e0-9552-15581fc2de04{ip: 192.168.5.153, host: pr-hdds-2137-trunk-mnh2s-3748177197, networkLocation: /default-rack, certSerialId: null}, Type:RATIS, Factor:THREE, State:CLOSED]
org.apache.hadoop.hdds.scm.pipeline.PipelineNotFoundException: PipelineID=de0cac9c-8394-42f1-b79d-a43dc1d745e9 not found
	at org.apache.hadoop.hdds.scm.pipeline.PipelineStateMap.getPipeline(PipelineStateMap.java:132)
	at org.apache.hadoop.hdds.scm.pipeline.PipelineStateMap.removePipeline(PipelineStateMap.java:322)
	at org.apache.hadoop.hdds.scm.pipeline.PipelineStateManager.removePipeline(PipelineStateManager.java:107)
	at org.apache.hadoop.hdds.scm.pipeline.SCMPipelineManager.removePipeline(SCMPipelineManager.java:423)
	at org.apache.hadoop.hdds.scm.pipeline.SCMPipelineManager.destroyPipeline(SCMPipelineManager.java:409)
	at org.apache.hadoop.hdds.scm.pipeline.SCMPipelineManager.lambda$finalizeAndDestroyPipeline$0(SCMPipelineManager.java:318)
	at org.apache.hadoop.utils.Scheduler.lambda$schedule$1(Scheduler.java:68)
	at java.util.concurrent.Executors$RunnableAdapter.call(Executors.java:511)
	at java.util.concurrent.FutureTask.run(FutureTask.java:266)
	at java.util.concurrent.ScheduledThreadPoolExecutor$ScheduledFutureTask.access$201(ScheduledThreadPoolExecutor.java:180)
	at java.util.concurrent.ScheduledThreadPoolExecutor$ScheduledFutureTask.run(ScheduledThreadPoolExecutor.java:293)
	at java.util.concurrent.ThreadPoolExecutor.runWorker(ThreadPoolExecutor.java:1149)
	at java.util.concurrent.ThreadPoolExecutor$Worker.run(ThreadPoolExecutor.java:624)
	at java.lang.Thread.run(Thread.java:748)
 0.00% |█                                                                                                    |  0/1 Time: 0:04:002019-09-17 12:46:57,147 [84ab4d91-000c-4523-9c5f-2c204b5f6601@group-1F9831CC3440-SegmentedRaftLogWorker] WARN  segmented.SegmentedRaftLogWorker (SegmentedRaftLogWorker.java:getFromFuture(90)) - Timeout 2/~
org.apache.ratis.protocol.TimeoutIOException: Timeout 10s: WriteLog:16: (t:1, i:16), STATEMACHINELOGENTRY, client-917C2951E632, cid=52-writeStateMachineData
	at org.apache.ratis.util.IOUtils.getFromFuture(IOUtils.java:87)
	at org.apache.ratis.server.raftlog.segmented.SegmentedRaftLogWorker$StateMachineDataPolicy.getFromFuture(SegmentedRaftLogWorker.java:87)
	at org.apache.ratis.server.raftlog.segmented.SegmentedRaftLogWorker$WriteLog.execute(SegmentedRaftLogWorker.java:477)
	at org.apache.ratis.server.raftlog.segmented.SegmentedRaftLogWorker.run(SegmentedRaftLogWorker.java:289)
	at java.lang.Thread.run(Thread.java:748)
Caused by: java.util.concurrent.TimeoutException
	at java.util.concurrent.CompletableFuture.timedGet(CompletableFuture.java:1771)
	at java.util.concurrent.CompletableFuture.get(CompletableFuture.java:1915)
	at org.apache.ratis.util.IOUtils.getFromFuture(IOUtils.java:79)
	... 4 more
2019-09-17 12:46:57,150 [5e893e0a-56f7-4618-9f46-a6ff48173cb6@group-1F9831CC3440-SegmentedRaftLogWorker] WARN  segmented.SegmentedRaftLogWorker (SegmentedRaftLogWorker.java:getFromFuture(90)) - Timeout 2/~
org.apache.ratis.protocol.TimeoutIOException: Timeout 10s: WriteLog:16: (t:1, i:16), STATEMACHINELOGENTRY, client-917C2951E632, cid=52-writeStateMachineData
	at org.apache.ratis.util.IOUtils.getFromFuture(IOUtils.java:87)
	at org.apache.ratis.server.raftlog.segmented.SegmentedRaftLogWorker$StateMachineDataPolicy.getFromFuture(SegmentedRaftLogWorker.java:87)
	at org.apache.ratis.server.raftlog.segmented.SegmentedRaftLogWorker$WriteLog.execute(SegmentedRaftLogWorker.java:477)
	at org.apache.ratis.server.raftlog.segmented.SegmentedRaftLogWorker.run(SegmentedRaftLogWorker.java:289)
	at java.lang.Thread.run(Thread.java:748)
Caused by: java.util.concurrent.TimeoutException
	at java.util.concurrent.CompletableFuture.timedGet(CompletableFuture.java:1771)
	at java.util.concurrent.CompletableFuture.get(CompletableFuture.java:1915)
	at org.apache.ratis.util.IOUtils.getFromFuture(IOUtils.java:79)
	... 4 more
 0.00% |█                                                                                                    |  0/1 Time: 0:04:012019-09-17 12:46:57,429 [grpc-default-executor-2] INFO  client.GrpcClientProtocolClient (GrpcClientProtocolClient.java:onNext(264)) - client-917C2951E632->f7ede272-a28a-44e0-9552-15581fc2de04: receive RaftClientReply:client-917C2951E632->f7ede272-a28a-44e0-9552-15581fc2de04@group-1F9831CC3440, cid=52, FAILED org.apache.ratis.protocol.NotLeaderException: Server f7ede272-a28a-44e0-9552-15581fc2de04@group-1F9831CC3440 is not the leader 84ab4d91-000c-4523-9c5f-2c204b5f6601:192.168.5.153:39178, logIndex=0, commits[f7ede272-a28a-44e0-9552-15581fc2de04:c15, 5e893e0a-56f7-4618-9f46-a6ff48173cb6:c11, 84ab4d91-000c-4523-9c5f-2c204b5f6601:c15]
2019-09-17 12:46:57,664 [java.util.concurrent.ThreadPoolExecutor$Worker@71af583c[State = -1, empty queue]] WARN  server.GrpcLogAppender (GrpcLogAppender.java:timeoutAppendRequest(200)) - 84ab4d91-000c-4523-9c5f-2c204b5f6601@group-1F9831CC3440->5e893e0a-56f7-4618-9f46-a6ff48173cb6-GrpcLogAppender: appendEntries Timeout, request=84ab4d91-000c-4523-9c5f-2c204b5f6601->5e893e0a-56f7-4618-9f46-a6ff48173cb6#31-t1, previous=(t:1, i:19), leaderCommit=15, initializing? false, entries: <empty>
 0.00% |█                                                                                                    |  0/1 Time: 0:04:022019-09-17 12:46:58,472 [grpc-default-executor-2] INFO  impl.RaftServerProxy (RaftServerProxy.java:remove(95)) - 5e893e0a-56f7-4618-9f46-a6ff48173cb6: remove group-A43DC1D745E9:null
2019-09-17 12:46:58,476 [RatisPipelineUtilsThread] WARN  pipeline.RatisPipelineUtils (RatisPipelineUtils.java:destroyPipeline(66)) - Pipeline destroy failed for pipeline=PipelineID=de0cac9c-8394-42f1-b79d-a43dc1d745e9 dn=5e893e0a-56f7-4618-9f46-a6ff48173cb6{ip: 192.168.5.153, host: pr-hdds-2137-trunk-mnh2s-3748177197, networkLocation: /default-rack, certSerialId: null}
2019-09-17 12:46:58,480 [grpc-default-executor-2] INFO  impl.RaftServerProxy (RaftServerProxy.java:remove(95)) - 84ab4d91-000c-4523-9c5f-2c204b5f6601: remove group-A43DC1D745E9:null
2019-09-17 12:46:58,483 [RatisPipelineUtilsThread] WARN  pipeline.RatisPipelineUtils (RatisPipelineUtils.java:destroyPipeline(66)) - Pipeline destroy failed for pipeline=PipelineID=de0cac9c-8394-42f1-b79d-a43dc1d745e9 dn=84ab4d91-000c-4523-9c5f-2c204b5f6601{ip: 192.168.5.153, host: pr-hdds-2137-trunk-mnh2s-3748177197, networkLocation: /default-rack, certSerialId: null}
2019-09-17 12:46:58,486 [grpc-default-executor-2] INFO  impl.RaftServerProxy (RaftServerProxy.java:remove(95)) - f7ede272-a28a-44e0-9552-15581fc2de04: remove group-A43DC1D745E9:null
2019-09-17 12:46:58,488 [RatisPipelineUtilsThread] WARN  pipeline.RatisPipelineUtils (RatisPipelineUtils.java:destroyPipeline(66)) - Pipeline destroy failed for pipeline=PipelineID=de0cac9c-8394-42f1-b79d-a43dc1d745e9 dn=f7ede272-a28a-44e0-9552-15581fc2de04{ip: 192.168.5.153, host: pr-hdds-2137-trunk-mnh2s-3748177197, networkLocation: /default-rack, certSerialId: null}
2019-09-17 12:46:58,488 [RatisPipelineUtilsThread] ERROR pipeline.SCMPipelineManager (Scheduler.java:lambda$schedule$1(70)) - Destroy pipeline failed for pipeline:Pipeline[ Id: de0cac9c-8394-42f1-b79d-a43dc1d745e9, Nodes: 5e893e0a-56f7-4618-9f46-a6ff48173cb6{ip: 192.168.5.153, host: pr-hdds-2137-trunk-mnh2s-3748177197, networkLocation: /default-rack, certSerialId: null}84ab4d91-000c-4523-9c5f-2c204b5f6601{ip: 192.168.5.153, host: pr-hdds-2137-trunk-mnh2s-3748177197, networkLocation: /default-rack, certSerialId: null}f7ede272-a28a-44e0-9552-15581fc2de04{ip: 192.168.5.153, host: pr-hdds-2137-trunk-mnh2s-3748177197, networkLocation: /default-rack, certSerialId: null}, Type:RATIS, Factor:THREE, State:CLOSED]
org.apache.hadoop.hdds.scm.pipeline.PipelineNotFoundException: PipelineID=de0cac9c-8394-42f1-b79d-a43dc1d745e9 not found
	at org.apache.hadoop.hdds.scm.pipeline.PipelineStateMap.getPipeline(PipelineStateMap.java:132)
	at org.apache.hadoop.hdds.scm.pipeline.PipelineStateMap.removePipeline(PipelineStateMap.java:322)
	at org.apache.hadoop.hdds.scm.pipeline.PipelineStateManager.removePipeline(PipelineStateManager.java:107)
	at org.apache.hadoop.hdds.scm.pipeline.SCMPipelineManager.removePipeline(SCMPipelineManager.java:423)
	at org.apache.hadoop.hdds.scm.pipeline.SCMPipelineManager.destroyPipeline(SCMPipelineManager.java:409)
	at org.apache.hadoop.hdds.scm.pipeline.SCMPipelineManager.lambda$finalizeAndDestroyPipeline$0(SCMPipelineManager.java:318)
	at org.apache.hadoop.utils.Scheduler.lambda$schedule$1(Scheduler.java:68)
	at java.util.concurrent.Executors$RunnableAdapter.call(Executors.java:511)
	at java.util.concurrent.FutureTask.run(FutureTask.java:266)
	at java.util.concurrent.ScheduledThreadPoolExecutor$ScheduledFutureTask.access$201(ScheduledThreadPoolExecutor.java:180)
	at java.util.concurrent.ScheduledThreadPoolExecutor$ScheduledFutureTask.run(ScheduledThreadPoolExecutor.java:293)
	at java.util.concurrent.ThreadPoolExecutor.runWorker(ThreadPoolExecutor.java:1149)
	at java.util.concurrent.ThreadPoolExecutor$Worker.run(ThreadPoolExecutor.java:624)
	at java.lang.Thread.run(Thread.java:748)
 0.00% |█                                                                                                    |  0/1 Time: 0:04:032019-09-17 12:47:00,165 [java.util.concurrent.ThreadPoolExecutor$Worker@71af583c[State = -1, empty queue]] WARN  server.GrpcLogAppender (GrpcLogAppender.java:timeoutAppendRequest(200)) - 84ab4d91-000c-4523-9c5f-2c204b5f6601@group-1F9831CC3440->5e893e0a-56f7-4618-9f46-a6ff48173cb6-GrpcLogAppender: appendEntries Timeout, request=84ab4d91-000c-4523-9c5f-2c204b5f6601->5e893e0a-56f7-4618-9f46-a6ff48173cb6#32-t1, previous=(t:1, i:19), leaderCommit=15, initializing? false, entries: <empty>
 0.00% |█                                                                                                    |  0/1 Time: 0:04:042019-09-17 12:47:00,473 [grpc-default-executor-2] INFO  impl.RaftServerProxy (RaftServerProxy.java:remove(95)) - 5e893e0a-56f7-4618-9f46-a6ff48173cb6: remove group-A43DC1D745E9:null
2019-09-17 12:47:00,478 [RatisPipelineUtilsThread] WARN  pipeline.RatisPipelineUtils (RatisPipelineUtils.java:destroyPipeline(66)) - Pipeline destroy failed for pipeline=PipelineID=de0cac9c-8394-42f1-b79d-a43dc1d745e9 dn=5e893e0a-56f7-4618-9f46-a6ff48173cb6{ip: 192.168.5.153, host: pr-hdds-2137-trunk-mnh2s-3748177197, networkLocation: /default-rack, certSerialId: null}
2019-09-17 12:47:00,482 [grpc-default-executor-2] INFO  impl.RaftServerProxy (RaftServerProxy.java:remove(95)) - 84ab4d91-000c-4523-9c5f-2c204b5f6601: remove group-A43DC1D745E9:null
2019-09-17 12:47:00,484 [RatisPipelineUtilsThread] WARN  pipeline.RatisPipelineUtils (RatisPipelineUtils.java:destroyPipeline(66)) - Pipeline destroy failed for pipeline=PipelineID=de0cac9c-8394-42f1-b79d-a43dc1d745e9 dn=84ab4d91-000c-4523-9c5f-2c204b5f6601{ip: 192.168.5.153, host: pr-hdds-2137-trunk-mnh2s-3748177197, networkLocation: /default-rack, certSerialId: null}
2019-09-17 12:47:00,487 [grpc-default-executor-2] INFO  impl.RaftServerProxy (RaftServerProxy.java:remove(95)) - f7ede272-a28a-44e0-9552-15581fc2de04: remove group-A43DC1D745E9:null
2019-09-17 12:47:00,490 [RatisPipelineUtilsThread] WARN  pipeline.RatisPipelineUtils (RatisPipelineUtils.java:destroyPipeline(66)) - Pipeline destroy failed for pipeline=PipelineID=de0cac9c-8394-42f1-b79d-a43dc1d745e9 dn=f7ede272-a28a-44e0-9552-15581fc2de04{ip: 192.168.5.153, host: pr-hdds-2137-trunk-mnh2s-3748177197, networkLocation: /default-rack, certSerialId: null}
2019-09-17 12:47:00,490 [RatisPipelineUtilsThread] ERROR pipeline.SCMPipelineManager (Scheduler.java:lambda$schedule$1(70)) - Destroy pipeline failed for pipeline:Pipeline[ Id: de0cac9c-8394-42f1-b79d-a43dc1d745e9, Nodes: 5e893e0a-56f7-4618-9f46-a6ff48173cb6{ip: 192.168.5.153, host: pr-hdds-2137-trunk-mnh2s-3748177197, networkLocation: /default-rack, certSerialId: null}84ab4d91-000c-4523-9c5f-2c204b5f6601{ip: 192.168.5.153, host: pr-hdds-2137-trunk-mnh2s-3748177197, networkLocation: /default-rack, certSerialId: null}f7ede272-a28a-44e0-9552-15581fc2de04{ip: 192.168.5.153, host: pr-hdds-2137-trunk-mnh2s-3748177197, networkLocation: /default-rack, certSerialId: null}, Type:RATIS, Factor:THREE, State:CLOSED]
org.apache.hadoop.hdds.scm.pipeline.PipelineNotFoundException: PipelineID=de0cac9c-8394-42f1-b79d-a43dc1d745e9 not found
	at org.apache.hadoop.hdds.scm.pipeline.PipelineStateMap.getPipeline(PipelineStateMap.java:132)
	at org.apache.hadoop.hdds.scm.pipeline.PipelineStateMap.removePipeline(PipelineStateMap.java:322)
	at org.apache.hadoop.hdds.scm.pipeline.PipelineStateManager.removePipeline(PipelineStateManager.java:107)
	at org.apache.hadoop.hdds.scm.pipeline.SCMPipelineManager.removePipeline(SCMPipelineManager.java:423)
	at org.apache.hadoop.hdds.scm.pipeline.SCMPipelineManager.destroyPipeline(SCMPipelineManager.java:409)
	at org.apache.hadoop.hdds.scm.pipeline.SCMPipelineManager.lambda$finalizeAndDestroyPipeline$0(SCMPipelineManager.java:318)
	at org.apache.hadoop.utils.Scheduler.lambda$schedule$1(Scheduler.java:68)
	at java.util.concurrent.Executors$RunnableAdapter.call(Executors.java:511)
	at java.util.concurrent.FutureTask.run(FutureTask.java:266)
	at java.util.concurrent.ScheduledThreadPoolExecutor$ScheduledFutureTask.access$201(ScheduledThreadPoolExecutor.java:180)
	at java.util.concurrent.ScheduledThreadPoolExecutor$ScheduledFutureTask.run(ScheduledThreadPoolExecutor.java:293)
	at java.util.concurrent.ThreadPoolExecutor.runWorker(ThreadPoolExecutor.java:1149)
	at java.util.concurrent.ThreadPoolExecutor$Worker.run(ThreadPoolExecutor.java:624)
	at java.lang.Thread.run(Thread.java:748)
 0.00% |█                                                                                                    |  0/1 Time: 0:04:05 0.00% |█                                                                                                    |  0/1 Time: 0:04:062019-09-17 12:47:02,468 [grpc-default-executor-3] INFO  client.GrpcClientProtocolClient (GrpcClientProtocolClient.java:onNext(264)) - client-917C2951E632->5e893e0a-56f7-4618-9f46-a6ff48173cb6: receive RaftClientReply:client-917C2951E632->5e893e0a-56f7-4618-9f46-a6ff48173cb6@group-1F9831CC3440, cid=52, FAILED org.apache.ratis.protocol.NotLeaderException: Server 5e893e0a-56f7-4618-9f46-a6ff48173cb6@group-1F9831CC3440 is not the leader 84ab4d91-000c-4523-9c5f-2c204b5f6601:192.168.5.153:39178, logIndex=0, commits[5e893e0a-56f7-4618-9f46-a6ff48173cb6:c15, 84ab4d91-000c-4523-9c5f-2c204b5f6601:c15, f7ede272-a28a-44e0-9552-15581fc2de04:c15]
2019-09-17 12:47:02,667 [java.util.concurrent.ThreadPoolExecutor$Worker@71af583c[State = -1, empty queue]] WARN  server.GrpcLogAppender (GrpcLogAppender.java:timeoutAppendRequest(200)) - 84ab4d91-000c-4523-9c5f-2c204b5f6601@group-1F9831CC3440->5e893e0a-56f7-4618-9f46-a6ff48173cb6-GrpcLogAppender: appendEntries Timeout, request=84ab4d91-000c-4523-9c5f-2c204b5f6601->5e893e0a-56f7-4618-9f46-a6ff48173cb6#33-t1, previous=(t:1, i:19), leaderCommit=15, initializing? false, entries: <empty>
 0.00% |█                                                                                                    |  0/1 Time: 0:04:072019-09-17 12:47:03,469 [grpc-default-executor-4] INFO  impl.RaftServerProxy (RaftServerProxy.java:remove(95)) - 5e893e0a-56f7-4618-9f46-a6ff48173cb6: remove group-A43DC1D745E9:null
2019-09-17 12:47:03,472 [RatisPipelineUtilsThread] WARN  pipeline.RatisPipelineUtils (RatisPipelineUtils.java:destroyPipeline(66)) - Pipeline destroy failed for pipeline=PipelineID=de0cac9c-8394-42f1-b79d-a43dc1d745e9 dn=5e893e0a-56f7-4618-9f46-a6ff48173cb6{ip: 192.168.5.153, host: pr-hdds-2137-trunk-mnh2s-3748177197, networkLocation: /default-rack, certSerialId: null}
2019-09-17 12:47:03,476 [grpc-default-executor-4] INFO  impl.RaftServerProxy (RaftServerProxy.java:remove(95)) - 84ab4d91-000c-4523-9c5f-2c204b5f6601: remove group-A43DC1D745E9:null
2019-09-17 12:47:03,479 [RatisPipelineUtilsThread] WARN  pipeline.RatisPipelineUtils (RatisPipelineUtils.java:destroyPipeline(66)) - Pipeline destroy failed for pipeline=PipelineID=de0cac9c-8394-42f1-b79d-a43dc1d745e9 dn=84ab4d91-000c-4523-9c5f-2c204b5f6601{ip: 192.168.5.153, host: pr-hdds-2137-trunk-mnh2s-3748177197, networkLocation: /default-rack, certSerialId: null}
2019-09-17 12:47:03,482 [grpc-default-executor-4] INFO  impl.RaftServerProxy (RaftServerProxy.java:remove(95)) - f7ede272-a28a-44e0-9552-15581fc2de04: remove group-A43DC1D745E9:null
2019-09-17 12:47:03,484 [RatisPipelineUtilsThread] WARN  pipeline.RatisPipelineUtils (RatisPipelineUtils.java:destroyPipeline(66)) - Pipeline destroy failed for pipeline=PipelineID=de0cac9c-8394-42f1-b79d-a43dc1d745e9 dn=f7ede272-a28a-44e0-9552-15581fc2de04{ip: 192.168.5.153, host: pr-hdds-2137-trunk-mnh2s-3748177197, networkLocation: /default-rack, certSerialId: null}
2019-09-17 12:47:03,485 [RatisPipelineUtilsThread] ERROR pipeline.SCMPipelineManager (Scheduler.java:lambda$schedule$1(70)) - Destroy pipeline failed for pipeline:Pipeline[ Id: de0cac9c-8394-42f1-b79d-a43dc1d745e9, Nodes: 5e893e0a-56f7-4618-9f46-a6ff48173cb6{ip: 192.168.5.153, host: pr-hdds-2137-trunk-mnh2s-3748177197, networkLocation: /default-rack, certSerialId: null}84ab4d91-000c-4523-9c5f-2c204b5f6601{ip: 192.168.5.153, host: pr-hdds-2137-trunk-mnh2s-3748177197, networkLocation: /default-rack, certSerialId: null}f7ede272-a28a-44e0-9552-15581fc2de04{ip: 192.168.5.153, host: pr-hdds-2137-trunk-mnh2s-3748177197, networkLocation: /default-rack, certSerialId: null}, Type:RATIS, Factor:THREE, State:CLOSED]
org.apache.hadoop.hdds.scm.pipeline.PipelineNotFoundException: PipelineID=de0cac9c-8394-42f1-b79d-a43dc1d745e9 not found
	at org.apache.hadoop.hdds.scm.pipeline.PipelineStateMap.getPipeline(PipelineStateMap.java:132)
	at org.apache.hadoop.hdds.scm.pipeline.PipelineStateMap.removePipeline(PipelineStateMap.java:322)
	at org.apache.hadoop.hdds.scm.pipeline.PipelineStateManager.removePipeline(PipelineStateManager.java:107)
	at org.apache.hadoop.hdds.scm.pipeline.SCMPipelineManager.removePipeline(SCMPipelineManager.java:423)
	at org.apache.hadoop.hdds.scm.pipeline.SCMPipelineManager.destroyPipeline(SCMPipelineManager.java:409)
	at org.apache.hadoop.hdds.scm.pipeline.SCMPipelineManager.lambda$finalizeAndDestroyPipeline$0(SCMPipelineManager.java:318)
	at org.apache.hadoop.utils.Scheduler.lambda$schedule$1(Scheduler.java:68)
	at java.util.concurrent.Executors$RunnableAdapter.call(Executors.java:511)
	at java.util.concurrent.FutureTask.run(FutureTask.java:266)
	at java.util.concurrent.ScheduledThreadPoolExecutor$ScheduledFutureTask.access$201(ScheduledThreadPoolExecutor.java:180)
	at java.util.concurrent.ScheduledThreadPoolExecutor$ScheduledFutureTask.run(ScheduledThreadPoolExecutor.java:293)
	at java.util.concurrent.ThreadPoolExecutor.runWorker(ThreadPoolExecutor.java:1149)
	at java.util.concurrent.ThreadPoolExecutor$Worker.run(ThreadPoolExecutor.java:624)
	at java.lang.Thread.run(Thread.java:748)
 0.00% |█                                                                                                    |  0/1 Time: 0:04:082019-09-17 12:47:05,168 [java.util.concurrent.ThreadPoolExecutor$Worker@71af583c[State = -1, empty queue]] WARN  server.GrpcLogAppender (GrpcLogAppender.java:timeoutAppendRequest(200)) - 84ab4d91-000c-4523-9c5f-2c204b5f6601@group-1F9831CC3440->5e893e0a-56f7-4618-9f46-a6ff48173cb6-GrpcLogAppender: appendEntries Timeout, request=84ab4d91-000c-4523-9c5f-2c204b5f6601->5e893e0a-56f7-4618-9f46-a6ff48173cb6#34-t1, previous=(t:1, i:19), leaderCommit=15, initializing? false, entries: <empty>
 0.00% |█                                                                                                    |  0/1 Time: 0:04:092019-09-17 12:47:05,471 [grpc-default-executor-4] INFO  impl.RaftServerProxy (RaftServerProxy.java:remove(95)) - 5e893e0a-56f7-4618-9f46-a6ff48173cb6: remove group-A43DC1D745E9:null
2019-09-17 12:47:05,474 [RatisPipelineUtilsThread] WARN  pipeline.RatisPipelineUtils (RatisPipelineUtils.java:destroyPipeline(66)) - Pipeline destroy failed for pipeline=PipelineID=de0cac9c-8394-42f1-b79d-a43dc1d745e9 dn=5e893e0a-56f7-4618-9f46-a6ff48173cb6{ip: 192.168.5.153, host: pr-hdds-2137-trunk-mnh2s-3748177197, networkLocation: /default-rack, certSerialId: null}
2019-09-17 12:47:05,477 [grpc-default-executor-4] INFO  impl.RaftServerProxy (RaftServerProxy.java:remove(95)) - 84ab4d91-000c-4523-9c5f-2c204b5f6601: remove group-A43DC1D745E9:null
2019-09-17 12:47:05,481 [RatisPipelineUtilsThread] WARN  pipeline.RatisPipelineUtils (RatisPipelineUtils.java:destroyPipeline(66)) - Pipeline destroy failed for pipeline=PipelineID=de0cac9c-8394-42f1-b79d-a43dc1d745e9 dn=84ab4d91-000c-4523-9c5f-2c204b5f6601{ip: 192.168.5.153, host: pr-hdds-2137-trunk-mnh2s-3748177197, networkLocation: /default-rack, certSerialId: null}
2019-09-17 12:47:05,483 [grpc-default-executor-4] INFO  impl.RaftServerProxy (RaftServerProxy.java:remove(95)) - f7ede272-a28a-44e0-9552-15581fc2de04: remove group-A43DC1D745E9:null
2019-09-17 12:47:05,486 [RatisPipelineUtilsThread] WARN  pipeline.RatisPipelineUtils (RatisPipelineUtils.java:destroyPipeline(66)) - Pipeline destroy failed for pipeline=PipelineID=de0cac9c-8394-42f1-b79d-a43dc1d745e9 dn=f7ede272-a28a-44e0-9552-15581fc2de04{ip: 192.168.5.153, host: pr-hdds-2137-trunk-mnh2s-3748177197, networkLocation: /default-rack, certSerialId: null}
2019-09-17 12:47:05,486 [RatisPipelineUtilsThread] ERROR pipeline.SCMPipelineManager (Scheduler.java:lambda$schedule$1(70)) - Destroy pipeline failed for pipeline:Pipeline[ Id: de0cac9c-8394-42f1-b79d-a43dc1d745e9, Nodes: 5e893e0a-56f7-4618-9f46-a6ff48173cb6{ip: 192.168.5.153, host: pr-hdds-2137-trunk-mnh2s-3748177197, networkLocation: /default-rack, certSerialId: null}84ab4d91-000c-4523-9c5f-2c204b5f6601{ip: 192.168.5.153, host: pr-hdds-2137-trunk-mnh2s-3748177197, networkLocation: /default-rack, certSerialId: null}f7ede272-a28a-44e0-9552-15581fc2de04{ip: 192.168.5.153, host: pr-hdds-2137-trunk-mnh2s-3748177197, networkLocation: /default-rack, certSerialId: null}, Type:RATIS, Factor:THREE, State:CLOSED]
org.apache.hadoop.hdds.scm.pipeline.PipelineNotFoundException: PipelineID=de0cac9c-8394-42f1-b79d-a43dc1d745e9 not found
	at org.apache.hadoop.hdds.scm.pipeline.PipelineStateMap.getPipeline(PipelineStateMap.java:132)
	at org.apache.hadoop.hdds.scm.pipeline.PipelineStateMap.removePipeline(PipelineStateMap.java:322)
	at org.apache.hadoop.hdds.scm.pipeline.PipelineStateManager.removePipeline(PipelineStateManager.java:107)
	at org.apache.hadoop.hdds.scm.pipeline.SCMPipelineManager.removePipeline(SCMPipelineManager.java:423)
	at org.apache.hadoop.hdds.scm.pipeline.SCMPipelineManager.destroyPipeline(SCMPipelineManager.java:409)
	at org.apache.hadoop.hdds.scm.pipeline.SCMPipelineManager.lambda$finalizeAndDestroyPipeline$0(SCMPipelineManager.java:318)
	at org.apache.hadoop.utils.Scheduler.lambda$schedule$1(Scheduler.java:68)
	at java.util.concurrent.Executors$RunnableAdapter.call(Executors.java:511)
	at java.util.concurrent.FutureTask.run(FutureTask.java:266)
	at java.util.concurrent.ScheduledThreadPoolExecutor$ScheduledFutureTask.access$201(ScheduledThreadPoolExecutor.java:180)
	at java.util.concurrent.ScheduledThreadPoolExecutor$ScheduledFutureTask.run(ScheduledThreadPoolExecutor.java:293)
	at java.util.concurrent.ThreadPoolExecutor.runWorker(ThreadPoolExecutor.java:1149)
	at java.util.concurrent.ThreadPoolExecutor$Worker.run(ThreadPoolExecutor.java:624)
	at java.lang.Thread.run(Thread.java:748)
 0.00% |█                                                                                                    |  0/1 Time: 0:04:102019-09-17 12:47:07,149 [84ab4d91-000c-4523-9c5f-2c204b5f6601@group-1F9831CC3440-SegmentedRaftLogWorker] WARN  segmented.SegmentedRaftLogWorker (SegmentedRaftLogWorker.java:getFromFuture(90)) - Timeout 3/~
org.apache.ratis.protocol.TimeoutIOException: Timeout 10s: WriteLog:16: (t:1, i:16), STATEMACHINELOGENTRY, client-917C2951E632, cid=52-writeStateMachineData
	at org.apache.ratis.util.IOUtils.getFromFuture(IOUtils.java:87)
	at org.apache.ratis.server.raftlog.segmented.SegmentedRaftLogWorker$StateMachineDataPolicy.getFromFuture(SegmentedRaftLogWorker.java:87)
	at org.apache.ratis.server.raftlog.segmented.SegmentedRaftLogWorker$WriteLog.execute(SegmentedRaftLogWorker.java:477)
	at org.apache.ratis.server.raftlog.segmented.SegmentedRaftLogWorker.run(SegmentedRaftLogWorker.java:289)
	at java.lang.Thread.run(Thread.java:748)
Caused by: java.util.concurrent.TimeoutException
	at java.util.concurrent.CompletableFuture.timedGet(CompletableFuture.java:1771)
	at java.util.concurrent.CompletableFuture.get(CompletableFuture.java:1915)
	at org.apache.ratis.util.IOUtils.getFromFuture(IOUtils.java:79)
	... 4 more
2019-09-17 12:47:07,151 [5e893e0a-56f7-4618-9f46-a6ff48173cb6@group-1F9831CC3440-SegmentedRaftLogWorker] WARN  segmented.SegmentedRaftLogWorker (SegmentedRaftLogWorker.java:getFromFuture(90)) - Timeout 3/~
org.apache.ratis.protocol.TimeoutIOException: Timeout 10s: WriteLog:16: (t:1, i:16), STATEMACHINELOGENTRY, client-917C2951E632, cid=52-writeStateMachineData
	at org.apache.ratis.util.IOUtils.getFromFuture(IOUtils.java:87)
	at org.apache.ratis.server.raftlog.segmented.SegmentedRaftLogWorker$StateMachineDataPolicy.getFromFuture(SegmentedRaftLogWorker.java:87)
	at org.apache.ratis.server.raftlog.segmented.SegmentedRaftLogWorker$WriteLog.execute(SegmentedRaftLogWorker.java:477)
	at org.apache.ratis.server.raftlog.segmented.SegmentedRaftLogWorker.run(SegmentedRaftLogWorker.java:289)
	at java.lang.Thread.run(Thread.java:748)
Caused by: java.util.concurrent.TimeoutException
	at java.util.concurrent.CompletableFuture.timedGet(CompletableFuture.java:1771)
	at java.util.concurrent.CompletableFuture.get(CompletableFuture.java:1915)
	at org.apache.ratis.util.IOUtils.getFromFuture(IOUtils.java:79)
	... 4 more
 0.00% |█                                                                                                    |  0/1 Time: 0:04:112019-09-17 12:47:07,504 [grpc-default-executor-3] INFO  client.GrpcClientProtocolClient (GrpcClientProtocolClient.java:onNext(264)) - client-917C2951E632->5e893e0a-56f7-4618-9f46-a6ff48173cb6: receive RaftClientReply:client-917C2951E632->5e893e0a-56f7-4618-9f46-a6ff48173cb6@group-1F9831CC3440, cid=52, FAILED org.apache.ratis.protocol.NotLeaderException: Server 5e893e0a-56f7-4618-9f46-a6ff48173cb6@group-1F9831CC3440 is not the leader 84ab4d91-000c-4523-9c5f-2c204b5f6601:192.168.5.153:39178, logIndex=0, commits[5e893e0a-56f7-4618-9f46-a6ff48173cb6:c15, 84ab4d91-000c-4523-9c5f-2c204b5f6601:c15, f7ede272-a28a-44e0-9552-15581fc2de04:c15]
2019-09-17 12:47:07,668 [java.util.concurrent.ThreadPoolExecutor$Worker@71af583c[State = -1, empty queue]] WARN  server.GrpcLogAppender (GrpcLogAppender.java:timeoutAppendRequest(200)) - 84ab4d91-000c-4523-9c5f-2c204b5f6601@group-1F9831CC3440->5e893e0a-56f7-4618-9f46-a6ff48173cb6-GrpcLogAppender: appendEntries Timeout, request=84ab4d91-000c-4523-9c5f-2c204b5f6601->5e893e0a-56f7-4618-9f46-a6ff48173cb6#35-t1, previous=(t:1, i:19), leaderCommit=15, initializing? false, entries: <empty>
 0.00% |█                                                                                                    |  0/1 Time: 0:04:122019-09-17 12:47:08,470 [grpc-default-executor-3] INFO  impl.RaftServerProxy (RaftServerProxy.java:remove(95)) - 5e893e0a-56f7-4618-9f46-a6ff48173cb6: remove group-A43DC1D745E9:null
2019-09-17 12:47:08,473 [RatisPipelineUtilsThread] WARN  pipeline.RatisPipelineUtils (RatisPipelineUtils.java:destroyPipeline(66)) - Pipeline destroy failed for pipeline=PipelineID=de0cac9c-8394-42f1-b79d-a43dc1d745e9 dn=5e893e0a-56f7-4618-9f46-a6ff48173cb6{ip: 192.168.5.153, host: pr-hdds-2137-trunk-mnh2s-3748177197, networkLocation: /default-rack, certSerialId: null}
2019-09-17 12:47:08,476 [grpc-default-executor-3] INFO  impl.RaftServerProxy (RaftServerProxy.java:remove(95)) - 84ab4d91-000c-4523-9c5f-2c204b5f6601: remove group-A43DC1D745E9:null
2019-09-17 12:47:08,479 [RatisPipelineUtilsThread] WARN  pipeline.RatisPipelineUtils (RatisPipelineUtils.java:destroyPipeline(66)) - Pipeline destroy failed for pipeline=PipelineID=de0cac9c-8394-42f1-b79d-a43dc1d745e9 dn=84ab4d91-000c-4523-9c5f-2c204b5f6601{ip: 192.168.5.153, host: pr-hdds-2137-trunk-mnh2s-3748177197, networkLocation: /default-rack, certSerialId: null}
2019-09-17 12:47:08,482 [grpc-default-executor-3] INFO  impl.RaftServerProxy (RaftServerProxy.java:remove(95)) - f7ede272-a28a-44e0-9552-15581fc2de04: remove group-A43DC1D745E9:null
2019-09-17 12:47:08,484 [RatisPipelineUtilsThread] WARN  pipeline.RatisPipelineUtils (RatisPipelineUtils.java:destroyPipeline(66)) - Pipeline destroy failed for pipeline=PipelineID=de0cac9c-8394-42f1-b79d-a43dc1d745e9 dn=f7ede272-a28a-44e0-9552-15581fc2de04{ip: 192.168.5.153, host: pr-hdds-2137-trunk-mnh2s-3748177197, networkLocation: /default-rack, certSerialId: null}
2019-09-17 12:47:08,485 [RatisPipelineUtilsThread] ERROR pipeline.SCMPipelineManager (Scheduler.java:lambda$schedule$1(70)) - Destroy pipeline failed for pipeline:Pipeline[ Id: de0cac9c-8394-42f1-b79d-a43dc1d745e9, Nodes: 5e893e0a-56f7-4618-9f46-a6ff48173cb6{ip: 192.168.5.153, host: pr-hdds-2137-trunk-mnh2s-3748177197, networkLocation: /default-rack, certSerialId: null}84ab4d91-000c-4523-9c5f-2c204b5f6601{ip: 192.168.5.153, host: pr-hdds-2137-trunk-mnh2s-3748177197, networkLocation: /default-rack, certSerialId: null}f7ede272-a28a-44e0-9552-15581fc2de04{ip: 192.168.5.153, host: pr-hdds-2137-trunk-mnh2s-3748177197, networkLocation: /default-rack, certSerialId: null}, Type:RATIS, Factor:THREE, State:CLOSED]
org.apache.hadoop.hdds.scm.pipeline.PipelineNotFoundException: PipelineID=de0cac9c-8394-42f1-b79d-a43dc1d745e9 not found
	at org.apache.hadoop.hdds.scm.pipeline.PipelineStateMap.getPipeline(PipelineStateMap.java:132)
	at org.apache.hadoop.hdds.scm.pipeline.PipelineStateMap.removePipeline(PipelineStateMap.java:322)
	at org.apache.hadoop.hdds.scm.pipeline.PipelineStateManager.removePipeline(PipelineStateManager.java:107)
	at org.apache.hadoop.hdds.scm.pipeline.SCMPipelineManager.removePipeline(SCMPipelineManager.java:423)
	at org.apache.hadoop.hdds.scm.pipeline.SCMPipelineManager.destroyPipeline(SCMPipelineManager.java:409)
	at org.apache.hadoop.hdds.scm.pipeline.SCMPipelineManager.lambda$finalizeAndDestroyPipeline$0(SCMPipelineManager.java:318)
	at org.apache.hadoop.utils.Scheduler.lambda$schedule$1(Scheduler.java:68)
	at java.util.concurrent.Executors$RunnableAdapter.call(Executors.java:511)
	at java.util.concurrent.FutureTask.run(FutureTask.java:266)
	at java.util.concurrent.ScheduledThreadPoolExecutor$ScheduledFutureTask.access$201(ScheduledThreadPoolExecutor.java:180)
	at java.util.concurrent.ScheduledThreadPoolExecutor$ScheduledFutureTask.run(ScheduledThreadPoolExecutor.java:293)
	at java.util.concurrent.ThreadPoolExecutor.runWorker(ThreadPoolExecutor.java:1149)
	at java.util.concurrent.ThreadPoolExecutor$Worker.run(ThreadPoolExecutor.java:624)
	at java.lang.Thread.run(Thread.java:748)
 0.00% |█                                                                                                    |  0/1 Time: 0:04:132019-09-17 12:47:10,168 [java.util.concurrent.ThreadPoolExecutor$Worker@71af583c[State = -1, empty queue]] WARN  server.GrpcLogAppender (GrpcLogAppender.java:timeoutAppendRequest(200)) - 84ab4d91-000c-4523-9c5f-2c204b5f6601@group-1F9831CC3440->5e893e0a-56f7-4618-9f46-a6ff48173cb6-GrpcLogAppender: appendEntries Timeout, request=84ab4d91-000c-4523-9c5f-2c204b5f6601->5e893e0a-56f7-4618-9f46-a6ff48173cb6#36-t1, previous=(t:1, i:19), leaderCommit=15, initializing? false, entries: <empty>
 0.00% |█                                                                                                    |  0/1 Time: 0:04:142019-09-17 12:47:10,471 [grpc-default-executor-3] INFO  impl.RaftServerProxy (RaftServerProxy.java:remove(95)) - 5e893e0a-56f7-4618-9f46-a6ff48173cb6: remove group-A43DC1D745E9:null
2019-09-17 12:47:10,475 [RatisPipelineUtilsThread] WARN  pipeline.RatisPipelineUtils (RatisPipelineUtils.java:destroyPipeline(66)) - Pipeline destroy failed for pipeline=PipelineID=de0cac9c-8394-42f1-b79d-a43dc1d745e9 dn=5e893e0a-56f7-4618-9f46-a6ff48173cb6{ip: 192.168.5.153, host: pr-hdds-2137-trunk-mnh2s-3748177197, networkLocation: /default-rack, certSerialId: null}
2019-09-17 12:47:10,479 [grpc-default-executor-3] INFO  impl.RaftServerProxy (RaftServerProxy.java:remove(95)) - 84ab4d91-000c-4523-9c5f-2c204b5f6601: remove group-A43DC1D745E9:null
2019-09-17 12:47:10,482 [RatisPipelineUtilsThread] WARN  pipeline.RatisPipelineUtils (RatisPipelineUtils.java:destroyPipeline(66)) - Pipeline destroy failed for pipeline=PipelineID=de0cac9c-8394-42f1-b79d-a43dc1d745e9 dn=84ab4d91-000c-4523-9c5f-2c204b5f6601{ip: 192.168.5.153, host: pr-hdds-2137-trunk-mnh2s-3748177197, networkLocation: /default-rack, certSerialId: null}
2019-09-17 12:47:10,486 [grpc-default-executor-3] INFO  impl.RaftServerProxy (RaftServerProxy.java:remove(95)) - f7ede272-a28a-44e0-9552-15581fc2de04: remove group-A43DC1D745E9:null
2019-09-17 12:47:10,489 [RatisPipelineUtilsThread] WARN  pipeline.RatisPipelineUtils (RatisPipelineUtils.java:destroyPipeline(66)) - Pipeline destroy failed for pipeline=PipelineID=de0cac9c-8394-42f1-b79d-a43dc1d745e9 dn=f7ede272-a28a-44e0-9552-15581fc2de04{ip: 192.168.5.153, host: pr-hdds-2137-trunk-mnh2s-3748177197, networkLocation: /default-rack, certSerialId: null}
2019-09-17 12:47:10,489 [RatisPipelineUtilsThread] ERROR pipeline.SCMPipelineManager (Scheduler.java:lambda$schedule$1(70)) - Destroy pipeline failed for pipeline:Pipeline[ Id: de0cac9c-8394-42f1-b79d-a43dc1d745e9, Nodes: 5e893e0a-56f7-4618-9f46-a6ff48173cb6{ip: 192.168.5.153, host: pr-hdds-2137-trunk-mnh2s-3748177197, networkLocation: /default-rack, certSerialId: null}84ab4d91-000c-4523-9c5f-2c204b5f6601{ip: 192.168.5.153, host: pr-hdds-2137-trunk-mnh2s-3748177197, networkLocation: /default-rack, certSerialId: null}f7ede272-a28a-44e0-9552-15581fc2de04{ip: 192.168.5.153, host: pr-hdds-2137-trunk-mnh2s-3748177197, networkLocation: /default-rack, certSerialId: null}, Type:RATIS, Factor:THREE, State:CLOSED]
org.apache.hadoop.hdds.scm.pipeline.PipelineNotFoundException: PipelineID=de0cac9c-8394-42f1-b79d-a43dc1d745e9 not found
	at org.apache.hadoop.hdds.scm.pipeline.PipelineStateMap.getPipeline(PipelineStateMap.java:132)
	at org.apache.hadoop.hdds.scm.pipeline.PipelineStateMap.removePipeline(PipelineStateMap.java:322)
	at org.apache.hadoop.hdds.scm.pipeline.PipelineStateManager.removePipeline(PipelineStateManager.java:107)
	at org.apache.hadoop.hdds.scm.pipeline.SCMPipelineManager.removePipeline(SCMPipelineManager.java:423)
	at org.apache.hadoop.hdds.scm.pipeline.SCMPipelineManager.destroyPipeline(SCMPipelineManager.java:409)
	at org.apache.hadoop.hdds.scm.pipeline.SCMPipelineManager.lambda$finalizeAndDestroyPipeline$0(SCMPipelineManager.java:318)
	at org.apache.hadoop.utils.Scheduler.lambda$schedule$1(Scheduler.java:68)
	at java.util.concurrent.Executors$RunnableAdapter.call(Executors.java:511)
	at java.util.concurrent.FutureTask.run(FutureTask.java:266)
	at java.util.concurrent.ScheduledThreadPoolExecutor$ScheduledFutureTask.access$201(ScheduledThreadPoolExecutor.java:180)
	at java.util.concurrent.ScheduledThreadPoolExecutor$ScheduledFutureTask.run(ScheduledThreadPoolExecutor.java:293)
	at java.util.concurrent.ThreadPoolExecutor.runWorker(ThreadPoolExecutor.java:1149)
	at java.util.concurrent.ThreadPoolExecutor$Worker.run(ThreadPoolExecutor.java:624)
	at java.lang.Thread.run(Thread.java:748)
 0.00% |█                                                                                                    |  0/1 Time: 0:04:15 0.00% |█                                                                                                    |  0/1 Time: 0:04:162019-09-17 12:47:12,537 [grpc-default-executor-3] INFO  client.GrpcClientProtocolClient (GrpcClientProtocolClient.java:onNext(264)) - client-917C2951E632->5e893e0a-56f7-4618-9f46-a6ff48173cb6: receive RaftClientReply:client-917C2951E632->5e893e0a-56f7-4618-9f46-a6ff48173cb6@group-1F9831CC3440, cid=52, FAILED org.apache.ratis.protocol.NotLeaderException: Server 5e893e0a-56f7-4618-9f46-a6ff48173cb6@group-1F9831CC3440 is not the leader 84ab4d91-000c-4523-9c5f-2c204b5f6601:192.168.5.153:39178, logIndex=0, commits[5e893e0a-56f7-4618-9f46-a6ff48173cb6:c15, 84ab4d91-000c-4523-9c5f-2c204b5f6601:c15, f7ede272-a28a-44e0-9552-15581fc2de04:c15]
2019-09-17 12:47:12,669 [java.util.concurrent.ThreadPoolExecutor$Worker@71af583c[State = -1, empty queue]] WARN  server.GrpcLogAppender (GrpcLogAppender.java:timeoutAppendRequest(200)) - 84ab4d91-000c-4523-9c5f-2c204b5f6601@group-1F9831CC3440->5e893e0a-56f7-4618-9f46-a6ff48173cb6-GrpcLogAppender: appendEntries Timeout, request=84ab4d91-000c-4523-9c5f-2c204b5f6601->5e893e0a-56f7-4618-9f46-a6ff48173cb6#37-t1, previous=(t:1, i:19), leaderCommit=15, initializing? false, entries: <empty>
 0.00% |█                                                                                                    |  0/1 Time: 0:04:172019-09-17 12:47:13,471 [grpc-default-executor-4] INFO  impl.RaftServerProxy (RaftServerProxy.java:remove(95)) - 5e893e0a-56f7-4618-9f46-a6ff48173cb6: remove group-A43DC1D745E9:null
2019-09-17 12:47:13,474 [RatisPipelineUtilsThread] WARN  pipeline.RatisPipelineUtils (RatisPipelineUtils.java:destroyPipeline(66)) - Pipeline destroy failed for pipeline=PipelineID=de0cac9c-8394-42f1-b79d-a43dc1d745e9 dn=5e893e0a-56f7-4618-9f46-a6ff48173cb6{ip: 192.168.5.153, host: pr-hdds-2137-trunk-mnh2s-3748177197, networkLocation: /default-rack, certSerialId: null}
2019-09-17 12:47:13,478 [grpc-default-executor-4] INFO  impl.RaftServerProxy (RaftServerProxy.java:remove(95)) - 84ab4d91-000c-4523-9c5f-2c204b5f6601: remove group-A43DC1D745E9:null
2019-09-17 12:47:13,480 [RatisPipelineUtilsThread] WARN  pipeline.RatisPipelineUtils (RatisPipelineUtils.java:destroyPipeline(66)) - Pipeline destroy failed for pipeline=PipelineID=de0cac9c-8394-42f1-b79d-a43dc1d745e9 dn=84ab4d91-000c-4523-9c5f-2c204b5f6601{ip: 192.168.5.153, host: pr-hdds-2137-trunk-mnh2s-3748177197, networkLocation: /default-rack, certSerialId: null}
2019-09-17 12:47:13,483 [grpc-default-executor-4] INFO  impl.RaftServerProxy (RaftServerProxy.java:remove(95)) - f7ede272-a28a-44e0-9552-15581fc2de04: remove group-A43DC1D745E9:null
2019-09-17 12:47:13,485 [RatisPipelineUtilsThread] WARN  pipeline.RatisPipelineUtils (RatisPipelineUtils.java:destroyPipeline(66)) - Pipeline destroy failed for pipeline=PipelineID=de0cac9c-8394-42f1-b79d-a43dc1d745e9 dn=f7ede272-a28a-44e0-9552-15581fc2de04{ip: 192.168.5.153, host: pr-hdds-2137-trunk-mnh2s-3748177197, networkLocation: /default-rack, certSerialId: null}
2019-09-17 12:47:13,486 [RatisPipelineUtilsThread] ERROR pipeline.SCMPipelineManager (Scheduler.java:lambda$schedule$1(70)) - Destroy pipeline failed for pipeline:Pipeline[ Id: de0cac9c-8394-42f1-b79d-a43dc1d745e9, Nodes: 5e893e0a-56f7-4618-9f46-a6ff48173cb6{ip: 192.168.5.153, host: pr-hdds-2137-trunk-mnh2s-3748177197, networkLocation: /default-rack, certSerialId: null}84ab4d91-000c-4523-9c5f-2c204b5f6601{ip: 192.168.5.153, host: pr-hdds-2137-trunk-mnh2s-3748177197, networkLocation: /default-rack, certSerialId: null}f7ede272-a28a-44e0-9552-15581fc2de04{ip: 192.168.5.153, host: pr-hdds-2137-trunk-mnh2s-3748177197, networkLocation: /default-rack, certSerialId: null}, Type:RATIS, Factor:THREE, State:CLOSED]
org.apache.hadoop.hdds.scm.pipeline.PipelineNotFoundException: PipelineID=de0cac9c-8394-42f1-b79d-a43dc1d745e9 not found
	at org.apache.hadoop.hdds.scm.pipeline.PipelineStateMap.getPipeline(PipelineStateMap.java:132)
	at org.apache.hadoop.hdds.scm.pipeline.PipelineStateMap.removePipeline(PipelineStateMap.java:322)
	at org.apache.hadoop.hdds.scm.pipeline.PipelineStateManager.removePipeline(PipelineStateManager.java:107)
	at org.apache.hadoop.hdds.scm.pipeline.SCMPipelineManager.removePipeline(SCMPipelineManager.java:423)
	at org.apache.hadoop.hdds.scm.pipeline.SCMPipelineManager.destroyPipeline(SCMPipelineManager.java:409)
	at org.apache.hadoop.hdds.scm.pipeline.SCMPipelineManager.lambda$finalizeAndDestroyPipeline$0(SCMPipelineManager.java:318)
	at org.apache.hadoop.utils.Scheduler.lambda$schedule$1(Scheduler.java:68)
	at java.util.concurrent.Executors$RunnableAdapter.call(Executors.java:511)
	at java.util.concurrent.FutureTask.run(FutureTask.java:266)
	at java.util.concurrent.ScheduledThreadPoolExecutor$ScheduledFutureTask.access$201(ScheduledThreadPoolExecutor.java:180)
	at java.util.concurrent.ScheduledThreadPoolExecutor$ScheduledFutureTask.run(ScheduledThreadPoolExecutor.java:293)
	at java.util.concurrent.ThreadPoolExecutor.runWorker(ThreadPoolExecutor.java:1149)
	at java.util.concurrent.ThreadPoolExecutor$Worker.run(ThreadPoolExecutor.java:624)
	at java.lang.Thread.run(Thread.java:748)
 0.00% |█                                                                                                    |  0/1 Time: 0:04:182019-09-17 12:47:15,170 [java.util.concurrent.ThreadPoolExecutor$Worker@71af583c[State = -1, empty queue]] WARN  server.GrpcLogAppender (GrpcLogAppender.java:timeoutAppendRequest(200)) - 84ab4d91-000c-4523-9c5f-2c204b5f6601@group-1F9831CC3440->5e893e0a-56f7-4618-9f46-a6ff48173cb6-GrpcLogAppender: appendEntries Timeout, request=84ab4d91-000c-4523-9c5f-2c204b5f6601->5e893e0a-56f7-4618-9f46-a6ff48173cb6#38-t1, previous=(t:1, i:19), leaderCommit=15, initializing? false, entries: <empty>
 0.00% |█                                                                                                    |  0/1 Time: 0:04:192019-09-17 12:47:15,477 [grpc-default-executor-4] INFO  impl.RaftServerProxy (RaftServerProxy.java:remove(95)) - 5e893e0a-56f7-4618-9f46-a6ff48173cb6: remove group-A43DC1D745E9:null
2019-09-17 12:47:15,482 [RatisPipelineUtilsThread] WARN  pipeline.RatisPipelineUtils (RatisPipelineUtils.java:destroyPipeline(66)) - Pipeline destroy failed for pipeline=PipelineID=de0cac9c-8394-42f1-b79d-a43dc1d745e9 dn=5e893e0a-56f7-4618-9f46-a6ff48173cb6{ip: 192.168.5.153, host: pr-hdds-2137-trunk-mnh2s-3748177197, networkLocation: /default-rack, certSerialId: null}
2019-09-17 12:47:15,485 [grpc-default-executor-4] INFO  impl.RaftServerProxy (RaftServerProxy.java:remove(95)) - 84ab4d91-000c-4523-9c5f-2c204b5f6601: remove group-A43DC1D745E9:null
2019-09-17 12:47:15,488 [RatisPipelineUtilsThread] WARN  pipeline.RatisPipelineUtils (RatisPipelineUtils.java:destroyPipeline(66)) - Pipeline destroy failed for pipeline=PipelineID=de0cac9c-8394-42f1-b79d-a43dc1d745e9 dn=84ab4d91-000c-4523-9c5f-2c204b5f6601{ip: 192.168.5.153, host: pr-hdds-2137-trunk-mnh2s-3748177197, networkLocation: /default-rack, certSerialId: null}
2019-09-17 12:47:15,490 [grpc-default-executor-4] INFO  impl.RaftServerProxy (RaftServerProxy.java:remove(95)) - f7ede272-a28a-44e0-9552-15581fc2de04: remove group-A43DC1D745E9:null
2019-09-17 12:47:15,493 [RatisPipelineUtilsThread] WARN  pipeline.RatisPipelineUtils (RatisPipelineUtils.java:destroyPipeline(66)) - Pipeline destroy failed for pipeline=PipelineID=de0cac9c-8394-42f1-b79d-a43dc1d745e9 dn=f7ede272-a28a-44e0-9552-15581fc2de04{ip: 192.168.5.153, host: pr-hdds-2137-trunk-mnh2s-3748177197, networkLocation: /default-rack, certSerialId: null}
2019-09-17 12:47:15,493 [RatisPipelineUtilsThread] ERROR pipeline.SCMPipelineManager (Scheduler.java:lambda$schedule$1(70)) - Destroy pipeline failed for pipeline:Pipeline[ Id: de0cac9c-8394-42f1-b79d-a43dc1d745e9, Nodes: 5e893e0a-56f7-4618-9f46-a6ff48173cb6{ip: 192.168.5.153, host: pr-hdds-2137-trunk-mnh2s-3748177197, networkLocation: /default-rack, certSerialId: null}84ab4d91-000c-4523-9c5f-2c204b5f6601{ip: 192.168.5.153, host: pr-hdds-2137-trunk-mnh2s-3748177197, networkLocation: /default-rack, certSerialId: null}f7ede272-a28a-44e0-9552-15581fc2de04{ip: 192.168.5.153, host: pr-hdds-2137-trunk-mnh2s-3748177197, networkLocation: /default-rack, certSerialId: null}, Type:RATIS, Factor:THREE, State:CLOSED]
org.apache.hadoop.hdds.scm.pipeline.PipelineNotFoundException: PipelineID=de0cac9c-8394-42f1-b79d-a43dc1d745e9 not found
	at org.apache.hadoop.hdds.scm.pipeline.PipelineStateMap.getPipeline(PipelineStateMap.java:132)
	at org.apache.hadoop.hdds.scm.pipeline.PipelineStateMap.removePipeline(PipelineStateMap.java:322)
	at org.apache.hadoop.hdds.scm.pipeline.PipelineStateManager.removePipeline(PipelineStateManager.java:107)
	at org.apache.hadoop.hdds.scm.pipeline.SCMPipelineManager.removePipeline(SCMPipelineManager.java:423)
	at org.apache.hadoop.hdds.scm.pipeline.SCMPipelineManager.destroyPipeline(SCMPipelineManager.java:409)
	at org.apache.hadoop.hdds.scm.pipeline.SCMPipelineManager.lambda$finalizeAndDestroyPipeline$0(SCMPipelineManager.java:318)
	at org.apache.hadoop.utils.Scheduler.lambda$schedule$1(Scheduler.java:68)
	at java.util.concurrent.Executors$RunnableAdapter.call(Executors.java:511)
	at java.util.concurrent.FutureTask.run(FutureTask.java:266)
	at java.util.concurrent.ScheduledThreadPoolExecutor$ScheduledFutureTask.access$201(ScheduledThreadPoolExecutor.java:180)
	at java.util.concurrent.ScheduledThreadPoolExecutor$ScheduledFutureTask.run(ScheduledThreadPoolExecutor.java:293)
	at java.util.concurrent.ThreadPoolExecutor.runWorker(ThreadPoolExecutor.java:1149)
	at java.util.concurrent.ThreadPoolExecutor$Worker.run(ThreadPoolExecutor.java:624)
	at java.lang.Thread.run(Thread.java:748)
 0.00% |█                                                                                                    |  0/1 Time: 0:04:202019-09-17 12:47:17,150 [84ab4d91-000c-4523-9c5f-2c204b5f6601@group-1F9831CC3440-SegmentedRaftLogWorker] WARN  segmented.SegmentedRaftLogWorker (SegmentedRaftLogWorker.java:getFromFuture(90)) - Timeout 4/~
org.apache.ratis.protocol.TimeoutIOException: Timeout 10s: WriteLog:16: (t:1, i:16), STATEMACHINELOGENTRY, client-917C2951E632, cid=52-writeStateMachineData
	at org.apache.ratis.util.IOUtils.getFromFuture(IOUtils.java:87)
	at org.apache.ratis.server.raftlog.segmented.SegmentedRaftLogWorker$StateMachineDataPolicy.getFromFuture(SegmentedRaftLogWorker.java:87)
	at org.apache.ratis.server.raftlog.segmented.SegmentedRaftLogWorker$WriteLog.execute(SegmentedRaftLogWorker.java:477)
	at org.apache.ratis.server.raftlog.segmented.SegmentedRaftLogWorker.run(SegmentedRaftLogWorker.java:289)
	at java.lang.Thread.run(Thread.java:748)
Caused by: java.util.concurrent.TimeoutException
	at java.util.concurrent.CompletableFuture.timedGet(CompletableFuture.java:1771)
	at java.util.concurrent.CompletableFuture.get(CompletableFuture.java:1915)
	at org.apache.ratis.util.IOUtils.getFromFuture(IOUtils.java:79)
	... 4 more
2019-09-17 12:47:17,152 [5e893e0a-56f7-4618-9f46-a6ff48173cb6@group-1F9831CC3440-SegmentedRaftLogWorker] WARN  segmented.SegmentedRaftLogWorker (SegmentedRaftLogWorker.java:getFromFuture(90)) - Timeout 4/~
org.apache.ratis.protocol.TimeoutIOException: Timeout 10s: WriteLog:16: (t:1, i:16), STATEMACHINELOGENTRY, client-917C2951E632, cid=52-writeStateMachineData
	at org.apache.ratis.util.IOUtils.getFromFuture(IOUtils.java:87)
	at org.apache.ratis.server.raftlog.segmented.SegmentedRaftLogWorker$StateMachineDataPolicy.getFromFuture(SegmentedRaftLogWorker.java:87)
	at org.apache.ratis.server.raftlog.segmented.SegmentedRaftLogWorker$WriteLog.execute(SegmentedRaftLogWorker.java:477)
	at org.apache.ratis.server.raftlog.segmented.SegmentedRaftLogWorker.run(SegmentedRaftLogWorker.java:289)
	at java.lang.Thread.run(Thread.java:748)
Caused by: java.util.concurrent.TimeoutException
	at java.util.concurrent.CompletableFuture.timedGet(CompletableFuture.java:1771)
	at java.util.concurrent.CompletableFuture.get(CompletableFuture.java:1915)
	at org.apache.ratis.util.IOUtils.getFromFuture(IOUtils.java:79)
	... 4 more
 0.00% |█                                                                                                    |  0/1 Time: 0:04:212019-09-17 12:47:17,574 [grpc-default-executor-4] INFO  client.GrpcClientProtocolClient (GrpcClientProtocolClient.java:onNext(264)) - client-917C2951E632->5e893e0a-56f7-4618-9f46-a6ff48173cb6: receive RaftClientReply:client-917C2951E632->5e893e0a-56f7-4618-9f46-a6ff48173cb6@group-1F9831CC3440, cid=52, FAILED org.apache.ratis.protocol.NotLeaderException: Server 5e893e0a-56f7-4618-9f46-a6ff48173cb6@group-1F9831CC3440 is not the leader 84ab4d91-000c-4523-9c5f-2c204b5f6601:192.168.5.153:39178, logIndex=0, commits[5e893e0a-56f7-4618-9f46-a6ff48173cb6:c15, 84ab4d91-000c-4523-9c5f-2c204b5f6601:c15, f7ede272-a28a-44e0-9552-15581fc2de04:c15]
2019-09-17 12:47:17,671 [java.util.concurrent.ThreadPoolExecutor$Worker@71af583c[State = -1, empty queue]] WARN  server.GrpcLogAppender (GrpcLogAppender.java:timeoutAppendRequest(200)) - 84ab4d91-000c-4523-9c5f-2c204b5f6601@group-1F9831CC3440->5e893e0a-56f7-4618-9f46-a6ff48173cb6-GrpcLogAppender: appendEntries Timeout, request=84ab4d91-000c-4523-9c5f-2c204b5f6601->5e893e0a-56f7-4618-9f46-a6ff48173cb6#39-t1, previous=(t:1, i:19), leaderCommit=15, initializing? false, entries: <empty>
 0.00% |█                                                                                                    |  0/1 Time: 0:04:222019-09-17 12:47:18,475 [grpc-default-executor-2] INFO  impl.RaftServerProxy (RaftServerProxy.java:remove(95)) - 5e893e0a-56f7-4618-9f46-a6ff48173cb6: remove group-A43DC1D745E9:null
2019-09-17 12:47:18,479 [RatisPipelineUtilsThread] WARN  pipeline.RatisPipelineUtils (RatisPipelineUtils.java:destroyPipeline(66)) - Pipeline destroy failed for pipeline=PipelineID=de0cac9c-8394-42f1-b79d-a43dc1d745e9 dn=5e893e0a-56f7-4618-9f46-a6ff48173cb6{ip: 192.168.5.153, host: pr-hdds-2137-trunk-mnh2s-3748177197, networkLocation: /default-rack, certSerialId: null}
2019-09-17 12:47:18,482 [grpc-default-executor-2] INFO  impl.RaftServerProxy (RaftServerProxy.java:remove(95)) - 84ab4d91-000c-4523-9c5f-2c204b5f6601: remove group-A43DC1D745E9:null
2019-09-17 12:47:18,484 [RatisPipelineUtilsThread] WARN  pipeline.RatisPipelineUtils (RatisPipelineUtils.java:destroyPipeline(66)) - Pipeline destroy failed for pipeline=PipelineID=de0cac9c-8394-42f1-b79d-a43dc1d745e9 dn=84ab4d91-000c-4523-9c5f-2c204b5f6601{ip: 192.168.5.153, host: pr-hdds-2137-trunk-mnh2s-3748177197, networkLocation: /default-rack, certSerialId: null}
2019-09-17 12:47:18,487 [grpc-default-executor-2] INFO  impl.RaftServerProxy (RaftServerProxy.java:remove(95)) - f7ede272-a28a-44e0-9552-15581fc2de04: remove group-A43DC1D745E9:null
2019-09-17 12:47:18,489 [RatisPipelineUtilsThread] WARN  pipeline.RatisPipelineUtils (RatisPipelineUtils.java:destroyPipeline(66)) - Pipeline destroy failed for pipeline=PipelineID=de0cac9c-8394-42f1-b79d-a43dc1d745e9 dn=f7ede272-a28a-44e0-9552-15581fc2de04{ip: 192.168.5.153, host: pr-hdds-2137-trunk-mnh2s-3748177197, networkLocation: /default-rack, certSerialId: null}
2019-09-17 12:47:18,490 [RatisPipelineUtilsThread] ERROR pipeline.SCMPipelineManager (Scheduler.java:lambda$schedule$1(70)) - Destroy pipeline failed for pipeline:Pipeline[ Id: de0cac9c-8394-42f1-b79d-a43dc1d745e9, Nodes: 5e893e0a-56f7-4618-9f46-a6ff48173cb6{ip: 192.168.5.153, host: pr-hdds-2137-trunk-mnh2s-3748177197, networkLocation: /default-rack, certSerialId: null}84ab4d91-000c-4523-9c5f-2c204b5f6601{ip: 192.168.5.153, host: pr-hdds-2137-trunk-mnh2s-3748177197, networkLocation: /default-rack, certSerialId: null}f7ede272-a28a-44e0-9552-15581fc2de04{ip: 192.168.5.153, host: pr-hdds-2137-trunk-mnh2s-3748177197, networkLocation: /default-rack, certSerialId: null}, Type:RATIS, Factor:THREE, State:CLOSED]
org.apache.hadoop.hdds.scm.pipeline.PipelineNotFoundException: PipelineID=de0cac9c-8394-42f1-b79d-a43dc1d745e9 not found
	at org.apache.hadoop.hdds.scm.pipeline.PipelineStateMap.getPipeline(PipelineStateMap.java:132)
	at org.apache.hadoop.hdds.scm.pipeline.PipelineStateMap.removePipeline(PipelineStateMap.java:322)
	at org.apache.hadoop.hdds.scm.pipeline.PipelineStateManager.removePipeline(PipelineStateManager.java:107)
	at org.apache.hadoop.hdds.scm.pipeline.SCMPipelineManager.removePipeline(SCMPipelineManager.java:423)
	at org.apache.hadoop.hdds.scm.pipeline.SCMPipelineManager.destroyPipeline(SCMPipelineManager.java:409)
	at org.apache.hadoop.hdds.scm.pipeline.SCMPipelineManager.lambda$finalizeAndDestroyPipeline$0(SCMPipelineManager.java:318)
	at org.apache.hadoop.utils.Scheduler.lambda$schedule$1(Scheduler.java:68)
	at java.util.concurrent.Executors$RunnableAdapter.call(Executors.java:511)
	at java.util.concurrent.FutureTask.run(FutureTask.java:266)
	at java.util.concurrent.ScheduledThreadPoolExecutor$ScheduledFutureTask.access$201(ScheduledThreadPoolExecutor.java:180)
	at java.util.concurrent.ScheduledThreadPoolExecutor$ScheduledFutureTask.run(ScheduledThreadPoolExecutor.java:293)
	at java.util.concurrent.ThreadPoolExecutor.runWorker(ThreadPoolExecutor.java:1149)
	at java.util.concurrent.ThreadPoolExecutor$Worker.run(ThreadPoolExecutor.java:624)
	at java.lang.Thread.run(Thread.java:748)
 0.00% |█                                                                                                    |  0/1 Time: 0:04:232019-09-17 12:47:20,172 [java.util.concurrent.ThreadPoolExecutor$Worker@71af583c[State = -1, empty queue]] WARN  server.GrpcLogAppender (GrpcLogAppender.java:timeoutAppendRequest(200)) - 84ab4d91-000c-4523-9c5f-2c204b5f6601@group-1F9831CC3440->5e893e0a-56f7-4618-9f46-a6ff48173cb6-GrpcLogAppender: appendEntries Timeout, request=84ab4d91-000c-4523-9c5f-2c204b5f6601->5e893e0a-56f7-4618-9f46-a6ff48173cb6#40-t1, previous=(t:1, i:19), leaderCommit=15, initializing? false, entries: <empty>
 0.00% |█                                                                                                    |  0/1 Time: 0:04:242019-09-17 12:47:20,478 [grpc-default-executor-4] INFO  impl.RaftServerProxy (RaftServerProxy.java:remove(95)) - 5e893e0a-56f7-4618-9f46-a6ff48173cb6: remove group-A43DC1D745E9:null
2019-09-17 12:47:20,483 [RatisPipelineUtilsThread] WARN  pipeline.RatisPipelineUtils (RatisPipelineUtils.java:destroyPipeline(66)) - Pipeline destroy failed for pipeline=PipelineID=de0cac9c-8394-42f1-b79d-a43dc1d745e9 dn=5e893e0a-56f7-4618-9f46-a6ff48173cb6{ip: 192.168.5.153, host: pr-hdds-2137-trunk-mnh2s-3748177197, networkLocation: /default-rack, certSerialId: null}
2019-09-17 12:47:20,486 [grpc-default-executor-4] INFO  impl.RaftServerProxy (RaftServerProxy.java:remove(95)) - 84ab4d91-000c-4523-9c5f-2c204b5f6601: remove group-A43DC1D745E9:null
2019-09-17 12:47:20,488 [RatisPipelineUtilsThread] WARN  pipeline.RatisPipelineUtils (RatisPipelineUtils.java:destroyPipeline(66)) - Pipeline destroy failed for pipeline=PipelineID=de0cac9c-8394-42f1-b79d-a43dc1d745e9 dn=84ab4d91-000c-4523-9c5f-2c204b5f6601{ip: 192.168.5.153, host: pr-hdds-2137-trunk-mnh2s-3748177197, networkLocation: /default-rack, certSerialId: null}
2019-09-17 12:47:20,491 [grpc-default-executor-4] INFO  impl.RaftServerProxy (RaftServerProxy.java:remove(95)) - f7ede272-a28a-44e0-9552-15581fc2de04: remove group-A43DC1D745E9:null
2019-09-17 12:47:20,493 [RatisPipelineUtilsThread] WARN  pipeline.RatisPipelineUtils (RatisPipelineUtils.java:destroyPipeline(66)) - Pipeline destroy failed for pipeline=PipelineID=de0cac9c-8394-42f1-b79d-a43dc1d745e9 dn=f7ede272-a28a-44e0-9552-15581fc2de04{ip: 192.168.5.153, host: pr-hdds-2137-trunk-mnh2s-3748177197, networkLocation: /default-rack, certSerialId: null}
2019-09-17 12:47:20,493 [RatisPipelineUtilsThread] ERROR pipeline.SCMPipelineManager (Scheduler.java:lambda$schedule$1(70)) - Destroy pipeline failed for pipeline:Pipeline[ Id: de0cac9c-8394-42f1-b79d-a43dc1d745e9, Nodes: 5e893e0a-56f7-4618-9f46-a6ff48173cb6{ip: 192.168.5.153, host: pr-hdds-2137-trunk-mnh2s-3748177197, networkLocation: /default-rack, certSerialId: null}84ab4d91-000c-4523-9c5f-2c204b5f6601{ip: 192.168.5.153, host: pr-hdds-2137-trunk-mnh2s-3748177197, networkLocation: /default-rack, certSerialId: null}f7ede272-a28a-44e0-9552-15581fc2de04{ip: 192.168.5.153, host: pr-hdds-2137-trunk-mnh2s-3748177197, networkLocation: /default-rack, certSerialId: null}, Type:RATIS, Factor:THREE, State:CLOSED]
org.apache.hadoop.hdds.scm.pipeline.PipelineNotFoundException: PipelineID=de0cac9c-8394-42f1-b79d-a43dc1d745e9 not found
	at org.apache.hadoop.hdds.scm.pipeline.PipelineStateMap.getPipeline(PipelineStateMap.java:132)
	at org.apache.hadoop.hdds.scm.pipeline.PipelineStateMap.removePipeline(PipelineStateMap.java:322)
	at org.apache.hadoop.hdds.scm.pipeline.PipelineStateManager.removePipeline(PipelineStateManager.java:107)
	at org.apache.hadoop.hdds.scm.pipeline.SCMPipelineManager.removePipeline(SCMPipelineManager.java:423)
	at org.apache.hadoop.hdds.scm.pipeline.SCMPipelineManager.destroyPipeline(SCMPipelineManager.java:409)
	at org.apache.hadoop.hdds.scm.pipeline.SCMPipelineManager.lambda$finalizeAndDestroyPipeline$0(SCMPipelineManager.java:318)
	at org.apache.hadoop.utils.Scheduler.lambda$schedule$1(Scheduler.java:68)
	at java.util.concurrent.Executors$RunnableAdapter.call(Executors.java:511)
	at java.util.concurrent.FutureTask.run(FutureTask.java:266)
	at java.util.concurrent.ScheduledThreadPoolExecutor$ScheduledFutureTask.access$201(ScheduledThreadPoolExecutor.java:180)
	at java.util.concurrent.ScheduledThreadPoolExecutor$ScheduledFutureTask.run(ScheduledThreadPoolExecutor.java:293)
	at java.util.concurrent.ThreadPoolExecutor.runWorker(ThreadPoolExecutor.java:1149)
	at java.util.concurrent.ThreadPoolExecutor$Worker.run(ThreadPoolExecutor.java:624)
	at java.lang.Thread.run(Thread.java:748)
 0.00% |█                                                                                                    |  0/1 Time: 0:04:25 0.00% |█                                                                                                    |  0/1 Time: 0:04:262019-09-17 12:47:22,621 [grpc-default-executor-3] INFO  client.GrpcClientProtocolClient (GrpcClientProtocolClient.java:onNext(264)) - client-917C2951E632->5e893e0a-56f7-4618-9f46-a6ff48173cb6: receive RaftClientReply:client-917C2951E632->5e893e0a-56f7-4618-9f46-a6ff48173cb6@group-1F9831CC3440, cid=52, FAILED org.apache.ratis.protocol.NotLeaderException: Server 5e893e0a-56f7-4618-9f46-a6ff48173cb6@group-1F9831CC3440 is not the leader 84ab4d91-000c-4523-9c5f-2c204b5f6601:192.168.5.153:39178, logIndex=0, commits[5e893e0a-56f7-4618-9f46-a6ff48173cb6:c15, 84ab4d91-000c-4523-9c5f-2c204b5f6601:c15, f7ede272-a28a-44e0-9552-15581fc2de04:c15]
2019-09-17 12:47:22,673 [java.util.concurrent.ThreadPoolExecutor$Worker@71af583c[State = -1, empty queue]] WARN  server.GrpcLogAppender (GrpcLogAppender.java:timeoutAppendRequest(200)) - 84ab4d91-000c-4523-9c5f-2c204b5f6601@group-1F9831CC3440->5e893e0a-56f7-4618-9f46-a6ff48173cb6-GrpcLogAppender: appendEntries Timeout, request=84ab4d91-000c-4523-9c5f-2c204b5f6601->5e893e0a-56f7-4618-9f46-a6ff48173cb6#41-t1, previous=(t:1, i:19), leaderCommit=15, initializing? false, entries: <empty>
 0.00% |█                                                                                                    |  0/1 Time: 0:04:272019-09-17 12:47:23,474 [grpc-default-executor-2] INFO  impl.RaftServerProxy (RaftServerProxy.java:remove(95)) - 5e893e0a-56f7-4618-9f46-a6ff48173cb6: remove group-A43DC1D745E9:null
2019-09-17 12:47:23,479 [RatisPipelineUtilsThread] WARN  pipeline.RatisPipelineUtils (RatisPipelineUtils.java:destroyPipeline(66)) - Pipeline destroy failed for pipeline=PipelineID=de0cac9c-8394-42f1-b79d-a43dc1d745e9 dn=5e893e0a-56f7-4618-9f46-a6ff48173cb6{ip: 192.168.5.153, host: pr-hdds-2137-trunk-mnh2s-3748177197, networkLocation: /default-rack, certSerialId: null}
2019-09-17 12:47:23,482 [grpc-default-executor-2] INFO  impl.RaftServerProxy (RaftServerProxy.java:remove(95)) - 84ab4d91-000c-4523-9c5f-2c204b5f6601: remove group-A43DC1D745E9:null
2019-09-17 12:47:23,484 [RatisPipelineUtilsThread] WARN  pipeline.RatisPipelineUtils (RatisPipelineUtils.java:destroyPipeline(66)) - Pipeline destroy failed for pipeline=PipelineID=de0cac9c-8394-42f1-b79d-a43dc1d745e9 dn=84ab4d91-000c-4523-9c5f-2c204b5f6601{ip: 192.168.5.153, host: pr-hdds-2137-trunk-mnh2s-3748177197, networkLocation: /default-rack, certSerialId: null}
2019-09-17 12:47:23,487 [grpc-default-executor-2] INFO  impl.RaftServerProxy (RaftServerProxy.java:remove(95)) - f7ede272-a28a-44e0-9552-15581fc2de04: remove group-A43DC1D745E9:null
2019-09-17 12:47:23,489 [RatisPipelineUtilsThread] WARN  pipeline.RatisPipelineUtils (RatisPipelineUtils.java:destroyPipeline(66)) - Pipeline destroy failed for pipeline=PipelineID=de0cac9c-8394-42f1-b79d-a43dc1d745e9 dn=f7ede272-a28a-44e0-9552-15581fc2de04{ip: 192.168.5.153, host: pr-hdds-2137-trunk-mnh2s-3748177197, networkLocation: /default-rack, certSerialId: null}
2019-09-17 12:47:23,490 [RatisPipelineUtilsThread] ERROR pipeline.SCMPipelineManager (Scheduler.java:lambda$schedule$1(70)) - Destroy pipeline failed for pipeline:Pipeline[ Id: de0cac9c-8394-42f1-b79d-a43dc1d745e9, Nodes: 5e893e0a-56f7-4618-9f46-a6ff48173cb6{ip: 192.168.5.153, host: pr-hdds-2137-trunk-mnh2s-3748177197, networkLocation: /default-rack, certSerialId: null}84ab4d91-000c-4523-9c5f-2c204b5f6601{ip: 192.168.5.153, host: pr-hdds-2137-trunk-mnh2s-3748177197, networkLocation: /default-rack, certSerialId: null}f7ede272-a28a-44e0-9552-15581fc2de04{ip: 192.168.5.153, host: pr-hdds-2137-trunk-mnh2s-3748177197, networkLocation: /default-rack, certSerialId: null}, Type:RATIS, Factor:THREE, State:CLOSED]
org.apache.hadoop.hdds.scm.pipeline.PipelineNotFoundException: PipelineID=de0cac9c-8394-42f1-b79d-a43dc1d745e9 not found
	at org.apache.hadoop.hdds.scm.pipeline.PipelineStateMap.getPipeline(PipelineStateMap.java:132)
	at org.apache.hadoop.hdds.scm.pipeline.PipelineStateMap.removePipeline(PipelineStateMap.java:322)
	at org.apache.hadoop.hdds.scm.pipeline.PipelineStateManager.removePipeline(PipelineStateManager.java:107)
	at org.apache.hadoop.hdds.scm.pipeline.SCMPipelineManager.removePipeline(SCMPipelineManager.java:423)
	at org.apache.hadoop.hdds.scm.pipeline.SCMPipelineManager.destroyPipeline(SCMPipelineManager.java:409)
	at org.apache.hadoop.hdds.scm.pipeline.SCMPipelineManager.lambda$finalizeAndDestroyPipeline$0(SCMPipelineManager.java:318)
	at org.apache.hadoop.utils.Scheduler.lambda$schedule$1(Scheduler.java:68)
	at java.util.concurrent.Executors$RunnableAdapter.call(Executors.java:511)
	at java.util.concurrent.FutureTask.run(FutureTask.java:266)
	at java.util.concurrent.ScheduledThreadPoolExecutor$ScheduledFutureTask.access$201(ScheduledThreadPoolExecutor.java:180)
	at java.util.concurrent.ScheduledThreadPoolExecutor$ScheduledFutureTask.run(ScheduledThreadPoolExecutor.java:293)
	at java.util.concurrent.ThreadPoolExecutor.runWorker(ThreadPoolExecutor.java:1149)
	at java.util.concurrent.ThreadPoolExecutor$Worker.run(ThreadPoolExecutor.java:624)
	at java.lang.Thread.run(Thread.java:748)
 0.00% |█                                                                                                    |  0/1 Time: 0:04:282019-09-17 12:47:25,175 [java.util.concurrent.ThreadPoolExecutor$Worker@71af583c[State = -1, empty queue]] WARN  server.GrpcLogAppender (GrpcLogAppender.java:timeoutAppendRequest(200)) - 84ab4d91-000c-4523-9c5f-2c204b5f6601@group-1F9831CC3440->5e893e0a-56f7-4618-9f46-a6ff48173cb6-GrpcLogAppender: appendEntries Timeout, request=84ab4d91-000c-4523-9c5f-2c204b5f6601->5e893e0a-56f7-4618-9f46-a6ff48173cb6#42-t1, previous=(t:1, i:19), leaderCommit=15, initializing? false, entries: <empty>
 0.00% |█                                                                                                    |  0/1 Time: 0:04:292019-09-17 12:47:25,479 [grpc-default-executor-2] INFO  impl.RaftServerProxy (RaftServerProxy.java:remove(95)) - 5e893e0a-56f7-4618-9f46-a6ff48173cb6: remove group-A43DC1D745E9:null
2019-09-17 12:47:25,484 [RatisPipelineUtilsThread] WARN  pipeline.RatisPipelineUtils (RatisPipelineUtils.java:destroyPipeline(66)) - Pipeline destroy failed for pipeline=PipelineID=de0cac9c-8394-42f1-b79d-a43dc1d745e9 dn=5e893e0a-56f7-4618-9f46-a6ff48173cb6{ip: 192.168.5.153, host: pr-hdds-2137-trunk-mnh2s-3748177197, networkLocation: /default-rack, certSerialId: null}
2019-09-17 12:47:25,488 [grpc-default-executor-2] INFO  impl.RaftServerProxy (RaftServerProxy.java:remove(95)) - 84ab4d91-000c-4523-9c5f-2c204b5f6601: remove group-A43DC1D745E9:null
2019-09-17 12:47:25,490 [RatisPipelineUtilsThread] WARN  pipeline.RatisPipelineUtils (RatisPipelineUtils.java:destroyPipeline(66)) - Pipeline destroy failed for pipeline=PipelineID=de0cac9c-8394-42f1-b79d-a43dc1d745e9 dn=84ab4d91-000c-4523-9c5f-2c204b5f6601{ip: 192.168.5.153, host: pr-hdds-2137-trunk-mnh2s-3748177197, networkLocation: /default-rack, certSerialId: null}
2019-09-17 12:47:25,493 [grpc-default-executor-2] INFO  impl.RaftServerProxy (RaftServerProxy.java:remove(95)) - f7ede272-a28a-44e0-9552-15581fc2de04: remove group-A43DC1D745E9:null
2019-09-17 12:47:25,495 [RatisPipelineUtilsThread] WARN  pipeline.RatisPipelineUtils (RatisPipelineUtils.java:destroyPipeline(66)) - Pipeline destroy failed for pipeline=PipelineID=de0cac9c-8394-42f1-b79d-a43dc1d745e9 dn=f7ede272-a28a-44e0-9552-15581fc2de04{ip: 192.168.5.153, host: pr-hdds-2137-trunk-mnh2s-3748177197, networkLocation: /default-rack, certSerialId: null}
2019-09-17 12:47:25,495 [RatisPipelineUtilsThread] ERROR pipeline.SCMPipelineManager (Scheduler.java:lambda$schedule$1(70)) - Destroy pipeline failed for pipeline:Pipeline[ Id: de0cac9c-8394-42f1-b79d-a43dc1d745e9, Nodes: 5e893e0a-56f7-4618-9f46-a6ff48173cb6{ip: 192.168.5.153, host: pr-hdds-2137-trunk-mnh2s-3748177197, networkLocation: /default-rack, certSerialId: null}84ab4d91-000c-4523-9c5f-2c204b5f6601{ip: 192.168.5.153, host: pr-hdds-2137-trunk-mnh2s-3748177197, networkLocation: /default-rack, certSerialId: null}f7ede272-a28a-44e0-9552-15581fc2de04{ip: 192.168.5.153, host: pr-hdds-2137-trunk-mnh2s-3748177197, networkLocation: /default-rack, certSerialId: null}, Type:RATIS, Factor:THREE, State:CLOSED]
org.apache.hadoop.hdds.scm.pipeline.PipelineNotFoundException: PipelineID=de0cac9c-8394-42f1-b79d-a43dc1d745e9 not found
	at org.apache.hadoop.hdds.scm.pipeline.PipelineStateMap.getPipeline(PipelineStateMap.java:132)
	at org.apache.hadoop.hdds.scm.pipeline.PipelineStateMap.removePipeline(PipelineStateMap.java:322)
	at org.apache.hadoop.hdds.scm.pipeline.PipelineStateManager.removePipeline(PipelineStateManager.java:107)
	at org.apache.hadoop.hdds.scm.pipeline.SCMPipelineManager.removePipeline(SCMPipelineManager.java:423)
	at org.apache.hadoop.hdds.scm.pipeline.SCMPipelineManager.destroyPipeline(SCMPipelineManager.java:409)
	at org.apache.hadoop.hdds.scm.pipeline.SCMPipelineManager.lambda$finalizeAndDestroyPipeline$0(SCMPipelineManager.java:318)
	at org.apache.hadoop.utils.Scheduler.lambda$schedule$1(Scheduler.java:68)
	at java.util.concurrent.Executors$RunnableAdapter.call(Executors.java:511)
	at java.util.concurrent.FutureTask.run(FutureTask.java:266)
	at java.util.concurrent.ScheduledThreadPoolExecutor$ScheduledFutureTask.access$201(ScheduledThreadPoolExecutor.java:180)
	at java.util.concurrent.ScheduledThreadPoolExecutor$ScheduledFutureTask.run(ScheduledThreadPoolExecutor.java:293)
	at java.util.concurrent.ThreadPoolExecutor.runWorker(ThreadPoolExecutor.java:1149)
	at java.util.concurrent.ThreadPoolExecutor$Worker.run(ThreadPoolExecutor.java:624)
	at java.lang.Thread.run(Thread.java:748)
 0.00% |█                                                                                                    |  0/1 Time: 0:04:302019-09-17 12:47:26,570 [grpc-default-executor-2] INFO  impl.RaftServerProxy (RaftServerProxy.java:remove(95)) - 5e893e0a-56f7-4618-9f46-a6ff48173cb6: remove group-A43DC1D745E9:null
2019-09-17 12:47:26,575 [RatisPipelineUtilsThread] WARN  pipeline.RatisPipelineUtils (RatisPipelineUtils.java:destroyPipeline(66)) - Pipeline destroy failed for pipeline=PipelineID=de0cac9c-8394-42f1-b79d-a43dc1d745e9 dn=5e893e0a-56f7-4618-9f46-a6ff48173cb6{ip: 192.168.5.153, host: pr-hdds-2137-trunk-mnh2s-3748177197, networkLocation: /default-rack, certSerialId: null}
2019-09-17 12:47:26,578 [grpc-default-executor-2] INFO  impl.RaftServerProxy (RaftServerProxy.java:remove(95)) - 84ab4d91-000c-4523-9c5f-2c204b5f6601: remove group-A43DC1D745E9:null
2019-09-17 12:47:26,581 [RatisPipelineUtilsThread] WARN  pipeline.RatisPipelineUtils (RatisPipelineUtils.java:destroyPipeline(66)) - Pipeline destroy failed for pipeline=PipelineID=de0cac9c-8394-42f1-b79d-a43dc1d745e9 dn=84ab4d91-000c-4523-9c5f-2c204b5f6601{ip: 192.168.5.153, host: pr-hdds-2137-trunk-mnh2s-3748177197, networkLocation: /default-rack, certSerialId: null}
2019-09-17 12:47:26,584 [grpc-default-executor-2] INFO  impl.RaftServerProxy (RaftServerProxy.java:remove(95)) - f7ede272-a28a-44e0-9552-15581fc2de04: remove group-A43DC1D745E9:null
2019-09-17 12:47:26,586 [RatisPipelineUtilsThread] WARN  pipeline.RatisPipelineUtils (RatisPipelineUtils.java:destroyPipeline(66)) - Pipeline destroy failed for pipeline=PipelineID=de0cac9c-8394-42f1-b79d-a43dc1d745e9 dn=f7ede272-a28a-44e0-9552-15581fc2de04{ip: 192.168.5.153, host: pr-hdds-2137-trunk-mnh2s-3748177197, networkLocation: /default-rack, certSerialId: null}
2019-09-17 12:47:26,587 [RatisPipelineUtilsThread] ERROR pipeline.SCMPipelineManager (Scheduler.java:lambda$schedule$1(70)) - Destroy pipeline failed for pipeline:Pipeline[ Id: de0cac9c-8394-42f1-b79d-a43dc1d745e9, Nodes: 5e893e0a-56f7-4618-9f46-a6ff48173cb6{ip: 192.168.5.153, host: pr-hdds-2137-trunk-mnh2s-3748177197, networkLocation: /default-rack, certSerialId: null}84ab4d91-000c-4523-9c5f-2c204b5f6601{ip: 192.168.5.153, host: pr-hdds-2137-trunk-mnh2s-3748177197, networkLocation: /default-rack, certSerialId: null}f7ede272-a28a-44e0-9552-15581fc2de04{ip: 192.168.5.153, host: pr-hdds-2137-trunk-mnh2s-3748177197, networkLocation: /default-rack, certSerialId: null}, Type:RATIS, Factor:THREE, State:CLOSED]
org.apache.hadoop.hdds.scm.pipeline.PipelineNotFoundException: PipelineID=de0cac9c-8394-42f1-b79d-a43dc1d745e9 not found
	at org.apache.hadoop.hdds.scm.pipeline.PipelineStateMap.getPipeline(PipelineStateMap.java:132)
	at org.apache.hadoop.hdds.scm.pipeline.PipelineStateMap.removePipeline(PipelineStateMap.java:322)
	at org.apache.hadoop.hdds.scm.pipeline.PipelineStateManager.removePipeline(PipelineStateManager.java:107)
	at org.apache.hadoop.hdds.scm.pipeline.SCMPipelineManager.removePipeline(SCMPipelineManager.java:423)
	at org.apache.hadoop.hdds.scm.pipeline.SCMPipelineManager.destroyPipeline(SCMPipelineManager.java:409)
	at org.apache.hadoop.hdds.scm.pipeline.SCMPipelineManager.lambda$finalizeAndDestroyPipeline$0(SCMPipelineManager.java:318)
	at org.apache.hadoop.utils.Scheduler.lambda$schedule$1(Scheduler.java:68)
	at java.util.concurrent.Executors$RunnableAdapter.call(Executors.java:511)
	at java.util.concurrent.FutureTask.run(FutureTask.java:266)
	at java.util.concurrent.ScheduledThreadPoolExecutor$ScheduledFutureTask.access$201(ScheduledThreadPoolExecutor.java:180)
	at java.util.concurrent.ScheduledThreadPoolExecutor$ScheduledFutureTask.run(ScheduledThreadPoolExecutor.java:293)
	at java.util.concurrent.ThreadPoolExecutor.runWorker(ThreadPoolExecutor.java:1149)
	at java.util.concurrent.ThreadPoolExecutor$Worker.run(ThreadPoolExecutor.java:624)
	at java.lang.Thread.run(Thread.java:748)
2019-09-17 12:47:26,876 [grpc-default-executor-2] INFO  impl.RaftServerProxy (RaftServerProxy.java:remove(95)) - 5e893e0a-56f7-4618-9f46-a6ff48173cb6: remove group-A43DC1D745E9:null
2019-09-17 12:47:26,878 [RatisPipelineUtilsThread] WARN  pipeline.RatisPipelineUtils (RatisPipelineUtils.java:destroyPipeline(66)) - Pipeline destroy failed for pipeline=PipelineID=de0cac9c-8394-42f1-b79d-a43dc1d745e9 dn=5e893e0a-56f7-4618-9f46-a6ff48173cb6{ip: 192.168.5.153, host: pr-hdds-2137-trunk-mnh2s-3748177197, networkLocation: /default-rack, certSerialId: null}
2019-09-17 12:47:26,882 [grpc-default-executor-2] INFO  impl.RaftServerProxy (RaftServerProxy.java:remove(95)) - 84ab4d91-000c-4523-9c5f-2c204b5f6601: remove group-A43DC1D745E9:null
2019-09-17 12:47:26,884 [RatisPipelineUtilsThread] WARN  pipeline.RatisPipelineUtils (RatisPipelineUtils.java:destroyPipeline(66)) - Pipeline destroy failed for pipeline=PipelineID=de0cac9c-8394-42f1-b79d-a43dc1d745e9 dn=84ab4d91-000c-4523-9c5f-2c204b5f6601{ip: 192.168.5.153, host: pr-hdds-2137-trunk-mnh2s-3748177197, networkLocation: /default-rack, certSerialId: null}
2019-09-17 12:47:26,887 [grpc-default-executor-2] INFO  impl.RaftServerProxy (RaftServerProxy.java:remove(95)) - f7ede272-a28a-44e0-9552-15581fc2de04: remove group-A43DC1D745E9:null
2019-09-17 12:47:26,889 [RatisPipelineUtilsThread] WARN  pipeline.RatisPipelineUtils (RatisPipelineUtils.java:destroyPipeline(66)) - Pipeline destroy failed for pipeline=PipelineID=de0cac9c-8394-42f1-b79d-a43dc1d745e9 dn=f7ede272-a28a-44e0-9552-15581fc2de04{ip: 192.168.5.153, host: pr-hdds-2137-trunk-mnh2s-3748177197, networkLocation: /default-rack, certSerialId: null}
2019-09-17 12:47:26,889 [RatisPipelineUtilsThread] ERROR pipeline.SCMPipelineManager (Scheduler.java:lambda$schedule$1(70)) - Destroy pipeline failed for pipeline:Pipeline[ Id: de0cac9c-8394-42f1-b79d-a43dc1d745e9, Nodes: 5e893e0a-56f7-4618-9f46-a6ff48173cb6{ip: 192.168.5.153, host: pr-hdds-2137-trunk-mnh2s-3748177197, networkLocation: /default-rack, certSerialId: null}84ab4d91-000c-4523-9c5f-2c204b5f6601{ip: 192.168.5.153, host: pr-hdds-2137-trunk-mnh2s-3748177197, networkLocation: /default-rack, certSerialId: null}f7ede272-a28a-44e0-9552-15581fc2de04{ip: 192.168.5.153, host: pr-hdds-2137-trunk-mnh2s-3748177197, networkLocation: /default-rack, certSerialId: null}, Type:RATIS, Factor:THREE, State:CLOSED]
org.apache.hadoop.hdds.scm.pipeline.PipelineNotFoundException: PipelineID=de0cac9c-8394-42f1-b79d-a43dc1d745e9 not found
	at org.apache.hadoop.hdds.scm.pipeline.PipelineStateMap.getPipeline(PipelineStateMap.java:132)
	at org.apache.hadoop.hdds.scm.pipeline.PipelineStateMap.removePipeline(PipelineStateMap.java:322)
	at org.apache.hadoop.hdds.scm.pipeline.PipelineStateManager.removePipeline(PipelineStateManager.java:107)
	at org.apache.hadoop.hdds.scm.pipeline.SCMPipelineManager.removePipeline(SCMPipelineManager.java:423)
	at org.apache.hadoop.hdds.scm.pipeline.SCMPipelineManager.destroyPipeline(SCMPipelineManager.java:409)
	at org.apache.hadoop.hdds.scm.pipeline.SCMPipelineManager.lambda$finalizeAndDestroyPipeline$0(SCMPipelineManager.java:318)
	at org.apache.hadoop.utils.Scheduler.lambda$schedule$1(Scheduler.java:68)
	at java.util.concurrent.Executors$RunnableAdapter.call(Executors.java:511)
	at java.util.concurrent.FutureTask.run(FutureTask.java:266)
	at java.util.concurrent.ScheduledThreadPoolExecutor$ScheduledFutureTask.access$201(ScheduledThreadPoolExecutor.java:180)
	at java.util.concurrent.ScheduledThreadPoolExecutor$ScheduledFutureTask.run(ScheduledThreadPoolExecutor.java:293)
	at java.util.concurrent.ThreadPoolExecutor.runWorker(ThreadPoolExecutor.java:1149)
	at java.util.concurrent.ThreadPoolExecutor$Worker.run(ThreadPoolExecutor.java:624)
	at java.lang.Thread.run(Thread.java:748)
2019-09-17 12:47:27,152 [84ab4d91-000c-4523-9c5f-2c204b5f6601@group-1F9831CC3440-SegmentedRaftLogWorker] WARN  segmented.SegmentedRaftLogWorker (SegmentedRaftLogWorker.java:getFromFuture(90)) - Timeout 5/~
org.apache.ratis.protocol.TimeoutIOException: Timeout 10s: WriteLog:16: (t:1, i:16), STATEMACHINELOGENTRY, client-917C2951E632, cid=52-writeStateMachineData
	at org.apache.ratis.util.IOUtils.getFromFuture(IOUtils.java:87)
	at org.apache.ratis.server.raftlog.segmented.SegmentedRaftLogWorker$StateMachineDataPolicy.getFromFuture(SegmentedRaftLogWorker.java:87)
	at org.apache.ratis.server.raftlog.segmented.SegmentedRaftLogWorker$WriteLog.execute(SegmentedRaftLogWorker.java:477)
	at org.apache.ratis.server.raftlog.segmented.SegmentedRaftLogWorker.run(SegmentedRaftLogWorker.java:289)
	at java.lang.Thread.run(Thread.java:748)
Caused by: java.util.concurrent.TimeoutException
	at java.util.concurrent.CompletableFuture.timedGet(CompletableFuture.java:1771)
	at java.util.concurrent.CompletableFuture.get(CompletableFuture.java:1915)
	at org.apache.ratis.util.IOUtils.getFromFuture(IOUtils.java:79)
	... 4 more
2019-09-17 12:47:27,152 [5e893e0a-56f7-4618-9f46-a6ff48173cb6@group-1F9831CC3440-SegmentedRaftLogWorker] WARN  segmented.SegmentedRaftLogWorker (SegmentedRaftLogWorker.java:getFromFuture(90)) - Timeout 5/~
org.apache.ratis.protocol.TimeoutIOException: Timeout 10s: WriteLog:16: (t:1, i:16), STATEMACHINELOGENTRY, client-917C2951E632, cid=52-writeStateMachineData
	at org.apache.ratis.util.IOUtils.getFromFuture(IOUtils.java:87)
	at org.apache.ratis.server.raftlog.segmented.SegmentedRaftLogWorker$StateMachineDataPolicy.getFromFuture(SegmentedRaftLogWorker.java:87)
	at org.apache.ratis.server.raftlog.segmented.SegmentedRaftLogWorker$WriteLog.execute(SegmentedRaftLogWorker.java:477)
	at org.apache.ratis.server.raftlog.segmented.SegmentedRaftLogWorker.run(SegmentedRaftLogWorker.java:289)
	at java.lang.Thread.run(Thread.java:748)
Caused by: java.util.concurrent.TimeoutException
	at java.util.concurrent.CompletableFuture.timedGet(CompletableFuture.java:1771)
	at java.util.concurrent.CompletableFuture.get(CompletableFuture.java:1915)
	at org.apache.ratis.util.IOUtils.getFromFuture(IOUtils.java:79)
	... 4 more
 0.00% |█                                                                                                    |  0/1 Time: 0:04:312019-09-17 12:47:27,505 [grpc-default-executor-2] INFO  impl.RaftServerProxy (RaftServerProxy.java:remove(95)) - 5e893e0a-56f7-4618-9f46-a6ff48173cb6: remove group-A43DC1D745E9:null
2019-09-17 12:47:27,508 [RatisPipelineUtilsThread] WARN  pipeline.RatisPipelineUtils (RatisPipelineUtils.java:destroyPipeline(66)) - Pipeline destroy failed for pipeline=PipelineID=de0cac9c-8394-42f1-b79d-a43dc1d745e9 dn=5e893e0a-56f7-4618-9f46-a6ff48173cb6{ip: 192.168.5.153, host: pr-hdds-2137-trunk-mnh2s-3748177197, networkLocation: /default-rack, certSerialId: null}
2019-09-17 12:47:27,512 [grpc-default-executor-2] INFO  impl.RaftServerProxy (RaftServerProxy.java:remove(95)) - 84ab4d91-000c-4523-9c5f-2c204b5f6601: remove group-A43DC1D745E9:null
2019-09-17 12:47:27,515 [RatisPipelineUtilsThread] WARN  pipeline.RatisPipelineUtils (RatisPipelineUtils.java:destroyPipeline(66)) - Pipeline destroy failed for pipeline=PipelineID=de0cac9c-8394-42f1-b79d-a43dc1d745e9 dn=84ab4d91-000c-4523-9c5f-2c204b5f6601{ip: 192.168.5.153, host: pr-hdds-2137-trunk-mnh2s-3748177197, networkLocation: /default-rack, certSerialId: null}
2019-09-17 12:47:27,518 [grpc-default-executor-2] INFO  impl.RaftServerProxy (RaftServerProxy.java:remove(95)) - f7ede272-a28a-44e0-9552-15581fc2de04: remove group-A43DC1D745E9:null
2019-09-17 12:47:27,520 [RatisPipelineUtilsThread] WARN  pipeline.RatisPipelineUtils (RatisPipelineUtils.java:destroyPipeline(66)) - Pipeline destroy failed for pipeline=PipelineID=de0cac9c-8394-42f1-b79d-a43dc1d745e9 dn=f7ede272-a28a-44e0-9552-15581fc2de04{ip: 192.168.5.153, host: pr-hdds-2137-trunk-mnh2s-3748177197, networkLocation: /default-rack, certSerialId: null}
2019-09-17 12:47:27,521 [RatisPipelineUtilsThread] ERROR pipeline.SCMPipelineManager (Scheduler.java:lambda$schedule$1(70)) - Destroy pipeline failed for pipeline:Pipeline[ Id: de0cac9c-8394-42f1-b79d-a43dc1d745e9, Nodes: 5e893e0a-56f7-4618-9f46-a6ff48173cb6{ip: 192.168.5.153, host: pr-hdds-2137-trunk-mnh2s-3748177197, networkLocation: /default-rack, certSerialId: null}84ab4d91-000c-4523-9c5f-2c204b5f6601{ip: 192.168.5.153, host: pr-hdds-2137-trunk-mnh2s-3748177197, networkLocation: /default-rack, certSerialId: null}f7ede272-a28a-44e0-9552-15581fc2de04{ip: 192.168.5.153, host: pr-hdds-2137-trunk-mnh2s-3748177197, networkLocation: /default-rack, certSerialId: null}, Type:RATIS, Factor:THREE, State:CLOSED]
org.apache.hadoop.hdds.scm.pipeline.PipelineNotFoundException: PipelineID=de0cac9c-8394-42f1-b79d-a43dc1d745e9 not found
	at org.apache.hadoop.hdds.scm.pipeline.PipelineStateMap.getPipeline(PipelineStateMap.java:132)
	at org.apache.hadoop.hdds.scm.pipeline.PipelineStateMap.removePipeline(PipelineStateMap.java:322)
	at org.apache.hadoop.hdds.scm.pipeline.PipelineStateManager.removePipeline(PipelineStateManager.java:107)
	at org.apache.hadoop.hdds.scm.pipeline.SCMPipelineManager.removePipeline(SCMPipelineManager.java:423)
	at org.apache.hadoop.hdds.scm.pipeline.SCMPipelineManager.destroyPipeline(SCMPipelineManager.java:409)
	at org.apache.hadoop.hdds.scm.pipeline.SCMPipelineManager.lambda$finalizeAndDestroyPipeline$0(SCMPipelineManager.java:318)
	at org.apache.hadoop.utils.Scheduler.lambda$schedule$1(Scheduler.java:68)
	at java.util.concurrent.Executors$RunnableAdapter.call(Executors.java:511)
	at java.util.concurrent.FutureTask.run(FutureTask.java:266)
	at java.util.concurrent.ScheduledThreadPoolExecutor$ScheduledFutureTask.access$201(ScheduledThreadPoolExecutor.java:180)
	at java.util.concurrent.ScheduledThreadPoolExecutor$ScheduledFutureTask.run(ScheduledThreadPoolExecutor.java:293)
	at java.util.concurrent.ThreadPoolExecutor.runWorker(ThreadPoolExecutor.java:1149)
	at java.util.concurrent.ThreadPoolExecutor$Worker.run(ThreadPoolExecutor.java:624)
	at java.lang.Thread.run(Thread.java:748)
2019-09-17 12:47:27,657 [grpc-default-executor-3] INFO  client.GrpcClientProtocolClient (GrpcClientProtocolClient.java:onNext(264)) - client-917C2951E632->f7ede272-a28a-44e0-9552-15581fc2de04: receive RaftClientReply:client-917C2951E632->f7ede272-a28a-44e0-9552-15581fc2de04@group-1F9831CC3440, cid=52, FAILED org.apache.ratis.protocol.NotLeaderException: Server f7ede272-a28a-44e0-9552-15581fc2de04@group-1F9831CC3440 is not the leader 84ab4d91-000c-4523-9c5f-2c204b5f6601:192.168.5.153:39178, logIndex=0, commits[f7ede272-a28a-44e0-9552-15581fc2de04:c15, 5e893e0a-56f7-4618-9f46-a6ff48173cb6:c11, 84ab4d91-000c-4523-9c5f-2c204b5f6601:c15]
2019-09-17 12:47:27,676 [java.util.concurrent.ThreadPoolExecutor$Worker@71af583c[State = -1, empty queue]] WARN  server.GrpcLogAppender (GrpcLogAppender.java:timeoutAppendRequest(200)) - 84ab4d91-000c-4523-9c5f-2c204b5f6601@group-1F9831CC3440->5e893e0a-56f7-4618-9f46-a6ff48173cb6-GrpcLogAppender: appendEntries Timeout, request=84ab4d91-000c-4523-9c5f-2c204b5f6601->5e893e0a-56f7-4618-9f46-a6ff48173cb6#43-t1, previous=(t:1, i:19), leaderCommit=15, initializing? false, entries: <empty>
 0.00% |█                                                                                                    |  0/1 Time: 0:04:32 0.00% |█                                                                                                    |  0/1 Time: 0:04:332019-09-17 12:47:30,177 [java.util.concurrent.ThreadPoolExecutor$Worker@71af583c[State = -1, empty queue]] WARN  server.GrpcLogAppender (GrpcLogAppender.java:timeoutAppendRequest(200)) - 84ab4d91-000c-4523-9c5f-2c204b5f6601@group-1F9831CC3440->5e893e0a-56f7-4618-9f46-a6ff48173cb6-GrpcLogAppender: appendEntries Timeout, request=84ab4d91-000c-4523-9c5f-2c204b5f6601->5e893e0a-56f7-4618-9f46-a6ff48173cb6#44-t1, previous=(t:1, i:19), leaderCommit=15, initializing? false, entries: <empty>
 0.00% |█                                                                                                    |  0/1 Time: 0:04:34 0.00% |█                                                                                                    |  0/1 Time: 0:04:35 0.00% |█                                                                                                    |  0/1 Time: 0:04:362019-09-17 12:47:32,679 [java.util.concurrent.ThreadPoolExecutor$Worker@71af583c[State = -1, empty queue]] WARN  server.GrpcLogAppender (GrpcLogAppender.java:timeoutAppendRequest(200)) - 84ab4d91-000c-4523-9c5f-2c204b5f6601@group-1F9831CC3440->5e893e0a-56f7-4618-9f46-a6ff48173cb6-GrpcLogAppender: appendEntries Timeout, request=84ab4d91-000c-4523-9c5f-2c204b5f6601->5e893e0a-56f7-4618-9f46-a6ff48173cb6#45-t1, previous=(t:1, i:19), leaderCommit=15, initializing? false, entries: <empty>
2019-09-17 12:47:32,710 [grpc-default-executor-2] INFO  client.GrpcClientProtocolClient (GrpcClientProtocolClient.java:onNext(264)) - client-917C2951E632->5e893e0a-56f7-4618-9f46-a6ff48173cb6: receive RaftClientReply:client-917C2951E632->5e893e0a-56f7-4618-9f46-a6ff48173cb6@group-1F9831CC3440, cid=52, FAILED org.apache.ratis.protocol.NotLeaderException: Server 5e893e0a-56f7-4618-9f46-a6ff48173cb6@group-1F9831CC3440 is not the leader 84ab4d91-000c-4523-9c5f-2c204b5f6601:192.168.5.153:39178, logIndex=0, commits[5e893e0a-56f7-4618-9f46-a6ff48173cb6:c15, 84ab4d91-000c-4523-9c5f-2c204b5f6601:c15, f7ede272-a28a-44e0-9552-15581fc2de04:c15]
 0.00% |█                                                                                                    |  0/1 Time: 0:04:37 0.00% |█                                                                                                    |  0/1 Time: 0:04:382019-09-17 12:47:35,182 [java.util.concurrent.ThreadPoolExecutor$Worker@71af583c[State = -1, empty queue]] WARN  server.GrpcLogAppender (GrpcLogAppender.java:timeoutAppendRequest(200)) - 84ab4d91-000c-4523-9c5f-2c204b5f6601@group-1F9831CC3440->5e893e0a-56f7-4618-9f46-a6ff48173cb6-GrpcLogAppender: appendEntries Timeout, request=84ab4d91-000c-4523-9c5f-2c204b5f6601->5e893e0a-56f7-4618-9f46-a6ff48173cb6#46-t1, previous=(t:1, i:19), leaderCommit=15, initializing? false, entries: <empty>
 0.00% |█                                                                                                    |  0/1 Time: 0:04:39 0.00% |█                                                                                                    |  0/1 Time: 0:04:402019-09-17 12:47:37,153 [84ab4d91-000c-4523-9c5f-2c204b5f6601@group-1F9831CC3440-SegmentedRaftLogWorker] WARN  segmented.SegmentedRaftLogWorker (SegmentedRaftLogWorker.java:getFromFuture(90)) - Timeout 6/~
org.apache.ratis.protocol.TimeoutIOException: Timeout 10s: WriteLog:16: (t:1, i:16), STATEMACHINELOGENTRY, client-917C2951E632, cid=52-writeStateMachineData
	at org.apache.ratis.util.IOUtils.getFromFuture(IOUtils.java:87)
	at org.apache.ratis.server.raftlog.segmented.SegmentedRaftLogWorker$StateMachineDataPolicy.getFromFuture(SegmentedRaftLogWorker.java:87)
	at org.apache.ratis.server.raftlog.segmented.SegmentedRaftLogWorker$WriteLog.execute(SegmentedRaftLogWorker.java:477)
	at org.apache.ratis.server.raftlog.segmented.SegmentedRaftLogWorker.run(SegmentedRaftLogWorker.java:289)
	at java.lang.Thread.run(Thread.java:748)
Caused by: java.util.concurrent.TimeoutException
	at java.util.concurrent.CompletableFuture.timedGet(CompletableFuture.java:1771)
	at java.util.concurrent.CompletableFuture.get(CompletableFuture.java:1915)
	at org.apache.ratis.util.IOUtils.getFromFuture(IOUtils.java:79)
	... 4 more
2019-09-17 12:47:37,153 [5e893e0a-56f7-4618-9f46-a6ff48173cb6@group-1F9831CC3440-SegmentedRaftLogWorker] WARN  segmented.SegmentedRaftLogWorker (SegmentedRaftLogWorker.java:getFromFuture(90)) - Timeout 6/~
org.apache.ratis.protocol.TimeoutIOException: Timeout 10s: WriteLog:16: (t:1, i:16), STATEMACHINELOGENTRY, client-917C2951E632, cid=52-writeStateMachineData
	at org.apache.ratis.util.IOUtils.getFromFuture(IOUtils.java:87)
	at org.apache.ratis.server.raftlog.segmented.SegmentedRaftLogWorker$StateMachineDataPolicy.getFromFuture(SegmentedRaftLogWorker.java:87)
	at org.apache.ratis.server.raftlog.segmented.SegmentedRaftLogWorker$WriteLog.execute(SegmentedRaftLogWorker.java:477)
	at org.apache.ratis.server.raftlog.segmented.SegmentedRaftLogWorker.run(SegmentedRaftLogWorker.java:289)
	at java.lang.Thread.run(Thread.java:748)
Caused by: java.util.concurrent.TimeoutException
	at java.util.concurrent.CompletableFuture.timedGet(CompletableFuture.java:1771)
	at java.util.concurrent.CompletableFuture.get(CompletableFuture.java:1915)
	at org.apache.ratis.util.IOUtils.getFromFuture(IOUtils.java:79)
	... 4 more
 0.00% |█                                                                                                    |  0/1 Time: 0:04:412019-09-17 12:47:37,685 [java.util.concurrent.ThreadPoolExecutor$Worker@71af583c[State = -1, empty queue]] WARN  server.GrpcLogAppender (GrpcLogAppender.java:timeoutAppendRequest(200)) - 84ab4d91-000c-4523-9c5f-2c204b5f6601@group-1F9831CC3440->5e893e0a-56f7-4618-9f46-a6ff48173cb6-GrpcLogAppender: appendEntries Timeout, request=84ab4d91-000c-4523-9c5f-2c204b5f6601->5e893e0a-56f7-4618-9f46-a6ff48173cb6#47-t1, previous=(t:1, i:19), leaderCommit=15, initializing? false, entries: <empty>
2019-09-17 12:47:37,756 [grpc-default-executor-4] INFO  client.GrpcClientProtocolClient (GrpcClientProtocolClient.java:onNext(264)) - client-917C2951E632->f7ede272-a28a-44e0-9552-15581fc2de04: receive RaftClientReply:client-917C2951E632->f7ede272-a28a-44e0-9552-15581fc2de04@group-1F9831CC3440, cid=52, FAILED org.apache.ratis.protocol.NotLeaderException: Server f7ede272-a28a-44e0-9552-15581fc2de04@group-1F9831CC3440 is not the leader 84ab4d91-000c-4523-9c5f-2c204b5f6601:192.168.5.153:39178, logIndex=0, commits[f7ede272-a28a-44e0-9552-15581fc2de04:c15, 5e893e0a-56f7-4618-9f46-a6ff48173cb6:c11, 84ab4d91-000c-4523-9c5f-2c204b5f6601:c15]
 0.00% |█                                                                                                    |  0/1 Time: 0:04:42 0.00% |█                                                                                                    |  0/1 Time: 0:04:432019-09-17 12:47:40,186 [java.util.concurrent.ThreadPoolExecutor$Worker@71af583c[State = -1, empty queue]] WARN  server.GrpcLogAppender (GrpcLogAppender.java:timeoutAppendRequest(200)) - 84ab4d91-000c-4523-9c5f-2c204b5f6601@group-1F9831CC3440->5e893e0a-56f7-4618-9f46-a6ff48173cb6-GrpcLogAppender: appendEntries Timeout, request=84ab4d91-000c-4523-9c5f-2c204b5f6601->5e893e0a-56f7-4618-9f46-a6ff48173cb6#48-t1, previous=(t:1, i:19), leaderCommit=15, initializing? false, entries: <empty>
 0.00% |█                                                                                                    |  0/1 Time: 0:04:44 0.00% |█                                                                                                    |  0/1 Time: 0:04:45 0.00% |█                                                                                                    |  0/1 Time: 0:04:462019-09-17 12:47:42,687 [java.util.concurrent.ThreadPoolExecutor$Worker@71af583c[State = -1, empty queue]] WARN  server.GrpcLogAppender (GrpcLogAppender.java:timeoutAppendRequest(200)) - 84ab4d91-000c-4523-9c5f-2c204b5f6601@group-1F9831CC3440->5e893e0a-56f7-4618-9f46-a6ff48173cb6-GrpcLogAppender: appendEntries Timeout, request=84ab4d91-000c-4523-9c5f-2c204b5f6601->5e893e0a-56f7-4618-9f46-a6ff48173cb6#49-t1, previous=(t:1, i:19), leaderCommit=15, initializing? false, entries: <empty>
2019-09-17 12:47:42,802 [grpc-default-executor-2] INFO  client.GrpcClientProtocolClient (GrpcClientProtocolClient.java:onNext(264)) - client-917C2951E632->5e893e0a-56f7-4618-9f46-a6ff48173cb6: receive RaftClientReply:client-917C2951E632->5e893e0a-56f7-4618-9f46-a6ff48173cb6@group-1F9831CC3440, cid=52, FAILED org.apache.ratis.protocol.NotLeaderException: Server 5e893e0a-56f7-4618-9f46-a6ff48173cb6@group-1F9831CC3440 is not the leader 84ab4d91-000c-4523-9c5f-2c204b5f6601:192.168.5.153:39178, logIndex=0, commits[5e893e0a-56f7-4618-9f46-a6ff48173cb6:c15, 84ab4d91-000c-4523-9c5f-2c204b5f6601:c15, f7ede272-a28a-44e0-9552-15581fc2de04:c15]
 0.00% |█                                                                                                    |  0/1 Time: 0:04:47 0.00% |█                                                                                                    |  0/1 Time: 0:04:482019-09-17 12:47:45,188 [java.util.concurrent.ThreadPoolExecutor$Worker@71af583c[State = -1, empty queue]] WARN  server.GrpcLogAppender (GrpcLogAppender.java:timeoutAppendRequest(200)) - 84ab4d91-000c-4523-9c5f-2c204b5f6601@group-1F9831CC3440->5e893e0a-56f7-4618-9f46-a6ff48173cb6-GrpcLogAppender: appendEntries Timeout, request=84ab4d91-000c-4523-9c5f-2c204b5f6601->5e893e0a-56f7-4618-9f46-a6ff48173cb6#50-t1, previous=(t:1, i:19), leaderCommit=15, initializing? false, entries: <empty>
 0.00% |█                                                                                                    |  0/1 Time: 0:04:49 0.00% |█                                                                                                    |  0/1 Time: 0:04:502019-09-17 12:47:47,154 [84ab4d91-000c-4523-9c5f-2c204b5f6601@group-1F9831CC3440-SegmentedRaftLogWorker] WARN  segmented.SegmentedRaftLogWorker (SegmentedRaftLogWorker.java:getFromFuture(90)) - Timeout 7/~
org.apache.ratis.protocol.TimeoutIOException: Timeout 10s: WriteLog:16: (t:1, i:16), STATEMACHINELOGENTRY, client-917C2951E632, cid=52-writeStateMachineData
	at org.apache.ratis.util.IOUtils.getFromFuture(IOUtils.java:87)
	at org.apache.ratis.server.raftlog.segmented.SegmentedRaftLogWorker$StateMachineDataPolicy.getFromFuture(SegmentedRaftLogWorker.java:87)
	at org.apache.ratis.server.raftlog.segmented.SegmentedRaftLogWorker$WriteLog.execute(SegmentedRaftLogWorker.java:477)
	at org.apache.ratis.server.raftlog.segmented.SegmentedRaftLogWorker.run(SegmentedRaftLogWorker.java:289)
	at java.lang.Thread.run(Thread.java:748)
Caused by: java.util.concurrent.TimeoutException
	at java.util.concurrent.CompletableFuture.timedGet(CompletableFuture.java:1771)
	at java.util.concurrent.CompletableFuture.get(CompletableFuture.java:1915)
	at org.apache.ratis.util.IOUtils.getFromFuture(IOUtils.java:79)
	... 4 more
2019-09-17 12:47:47,155 [5e893e0a-56f7-4618-9f46-a6ff48173cb6@group-1F9831CC3440-SegmentedRaftLogWorker] WARN  segmented.SegmentedRaftLogWorker (SegmentedRaftLogWorker.java:getFromFuture(90)) - Timeout 7/~
org.apache.ratis.protocol.TimeoutIOException: Timeout 10s: WriteLog:16: (t:1, i:16), STATEMACHINELOGENTRY, client-917C2951E632, cid=52-writeStateMachineData
	at org.apache.ratis.util.IOUtils.getFromFuture(IOUtils.java:87)
	at org.apache.ratis.server.raftlog.segmented.SegmentedRaftLogWorker$StateMachineDataPolicy.getFromFuture(SegmentedRaftLogWorker.java:87)
	at org.apache.ratis.server.raftlog.segmented.SegmentedRaftLogWorker$WriteLog.execute(SegmentedRaftLogWorker.java:477)
	at org.apache.ratis.server.raftlog.segmented.SegmentedRaftLogWorker.run(SegmentedRaftLogWorker.java:289)
	at java.lang.Thread.run(Thread.java:748)
Caused by: java.util.concurrent.TimeoutException
	at java.util.concurrent.CompletableFuture.timedGet(CompletableFuture.java:1771)
	at java.util.concurrent.CompletableFuture.get(CompletableFuture.java:1915)
	at org.apache.ratis.util.IOUtils.getFromFuture(IOUtils.java:79)
	... 4 more
 0.00% |█                                                                                                    |  0/1 Time: 0:04:512019-09-17 12:47:47,688 [java.util.concurrent.ThreadPoolExecutor$Worker@71af583c[State = -1, empty queue]] WARN  server.GrpcLogAppender (GrpcLogAppender.java:timeoutAppendRequest(200)) - 84ab4d91-000c-4523-9c5f-2c204b5f6601@group-1F9831CC3440->5e893e0a-56f7-4618-9f46-a6ff48173cb6-GrpcLogAppender: appendEntries Timeout, request=84ab4d91-000c-4523-9c5f-2c204b5f6601->5e893e0a-56f7-4618-9f46-a6ff48173cb6#51-t1, previous=(t:1, i:19), leaderCommit=15, initializing? false, entries: <empty>
2019-09-17 12:47:47,833 [grpc-default-executor-2] INFO  client.GrpcClientProtocolClient (GrpcClientProtocolClient.java:onNext(264)) - client-917C2951E632->f7ede272-a28a-44e0-9552-15581fc2de04: receive RaftClientReply:client-917C2951E632->f7ede272-a28a-44e0-9552-15581fc2de04@group-1F9831CC3440, cid=52, FAILED org.apache.ratis.protocol.NotLeaderException: Server f7ede272-a28a-44e0-9552-15581fc2de04@group-1F9831CC3440 is not the leader 84ab4d91-000c-4523-9c5f-2c204b5f6601:192.168.5.153:39178, logIndex=0, commits[f7ede272-a28a-44e0-9552-15581fc2de04:c15, 5e893e0a-56f7-4618-9f46-a6ff48173cb6:c11, 84ab4d91-000c-4523-9c5f-2c204b5f6601:c15]
 0.00% |█                                                                                                    |  0/1 Time: 0:04:52 0.00% |█                                                                                                    |  0/1 Time: 0:04:532019-09-17 12:47:50,188 [java.util.concurrent.ThreadPoolExecutor$Worker@71af583c[State = -1, empty queue]] WARN  server.GrpcLogAppender (GrpcLogAppender.java:timeoutAppendRequest(200)) - 84ab4d91-000c-4523-9c5f-2c204b5f6601@group-1F9831CC3440->5e893e0a-56f7-4618-9f46-a6ff48173cb6-GrpcLogAppender: appendEntries Timeout, request=84ab4d91-000c-4523-9c5f-2c204b5f6601->5e893e0a-56f7-4618-9f46-a6ff48173cb6#52-t1, previous=(t:1, i:19), leaderCommit=15, initializing? false, entries: <empty>
 0.00% |█                                                                                                    |  0/1 Time: 0:04:54 0.00% |█                                                                                                    |  0/1 Time: 0:04:55 0.00% |█                                                                                                    |  0/1 Time: 0:04:562019-09-17 12:47:52,689 [java.util.concurrent.ThreadPoolExecutor$Worker@71af583c[State = -1, empty queue]] WARN  server.GrpcLogAppender (GrpcLogAppender.java:timeoutAppendRequest(200)) - 84ab4d91-000c-4523-9c5f-2c204b5f6601@group-1F9831CC3440->5e893e0a-56f7-4618-9f46-a6ff48173cb6-GrpcLogAppender: appendEntries Timeout, request=84ab4d91-000c-4523-9c5f-2c204b5f6601->5e893e0a-56f7-4618-9f46-a6ff48173cb6#53-t1, previous=(t:1, i:19), leaderCommit=15, initializing? false, entries: <empty>
2019-09-17 12:47:53,023 [grpc-default-executor-4] INFO  client.GrpcClientProtocolClient (GrpcClientProtocolClient.java:onNext(264)) - client-917C2951E632->5e893e0a-56f7-4618-9f46-a6ff48173cb6: receive RaftClientReply:client-917C2951E632->5e893e0a-56f7-4618-9f46-a6ff48173cb6@group-1F9831CC3440, cid=52, FAILED org.apache.ratis.protocol.NotLeaderException: Server 5e893e0a-56f7-4618-9f46-a6ff48173cb6@group-1F9831CC3440 is not the leader 84ab4d91-000c-4523-9c5f-2c204b5f6601:192.168.5.153:39178, logIndex=0, commits[5e893e0a-56f7-4618-9f46-a6ff48173cb6:c15, 84ab4d91-000c-4523-9c5f-2c204b5f6601:c15, f7ede272-a28a-44e0-9552-15581fc2de04:c15]
 0.00% |█                                                                                                    |  0/1 Time: 0:04:57 0.00% |█                                                                                                    |  0/1 Time: 0:04:582019-09-17 12:47:55,189 [java.util.concurrent.ThreadPoolExecutor$Worker@71af583c[State = -1, empty queue]] WARN  server.GrpcLogAppender (GrpcLogAppender.java:timeoutAppendRequest(200)) - 84ab4d91-000c-4523-9c5f-2c204b5f6601@group-1F9831CC3440->5e893e0a-56f7-4618-9f46-a6ff48173cb6-GrpcLogAppender: appendEntries Timeout, request=84ab4d91-000c-4523-9c5f-2c204b5f6601->5e893e0a-56f7-4618-9f46-a6ff48173cb6#54-t1, previous=(t:1, i:19), leaderCommit=15, initializing? false, entries: <empty>
 0.00% |█                                                                                                    |  0/1 Time: 0:04:59 0.00% |█                                                                                                    |  0/1 Time: 0:05:002019-09-17 12:47:57,155 [84ab4d91-000c-4523-9c5f-2c204b5f6601@group-1F9831CC3440-SegmentedRaftLogWorker] WARN  segmented.SegmentedRaftLogWorker (SegmentedRaftLogWorker.java:getFromFuture(90)) - Timeout 8/~
org.apache.ratis.protocol.TimeoutIOException: Timeout 10s: WriteLog:16: (t:1, i:16), STATEMACHINELOGENTRY, client-917C2951E632, cid=52-writeStateMachineData
	at org.apache.ratis.util.IOUtils.getFromFuture(IOUtils.java:87)
	at org.apache.ratis.server.raftlog.segmented.SegmentedRaftLogWorker$StateMachineDataPolicy.getFromFuture(SegmentedRaftLogWorker.java:87)
	at org.apache.ratis.server.raftlog.segmented.SegmentedRaftLogWorker$WriteLog.execute(SegmentedRaftLogWorker.java:477)
	at org.apache.ratis.server.raftlog.segmented.SegmentedRaftLogWorker.run(SegmentedRaftLogWorker.java:289)
	at java.lang.Thread.run(Thread.java:748)
Caused by: java.util.concurrent.TimeoutException
	at java.util.concurrent.CompletableFuture.timedGet(CompletableFuture.java:1771)
	at java.util.concurrent.CompletableFuture.get(CompletableFuture.java:1915)
	at org.apache.ratis.util.IOUtils.getFromFuture(IOUtils.java:79)
	... 4 more
2019-09-17 12:47:57,156 [5e893e0a-56f7-4618-9f46-a6ff48173cb6@group-1F9831CC3440-SegmentedRaftLogWorker] WARN  segmented.SegmentedRaftLogWorker (SegmentedRaftLogWorker.java:getFromFuture(90)) - Timeout 8/~
org.apache.ratis.protocol.TimeoutIOException: Timeout 10s: WriteLog:16: (t:1, i:16), STATEMACHINELOGENTRY, client-917C2951E632, cid=52-writeStateMachineData
	at org.apache.ratis.util.IOUtils.getFromFuture(IOUtils.java:87)
	at org.apache.ratis.server.raftlog.segmented.SegmentedRaftLogWorker$StateMachineDataPolicy.getFromFuture(SegmentedRaftLogWorker.java:87)
	at org.apache.ratis.server.raftlog.segmented.SegmentedRaftLogWorker$WriteLog.execute(SegmentedRaftLogWorker.java:477)
	at org.apache.ratis.server.raftlog.segmented.SegmentedRaftLogWorker.run(SegmentedRaftLogWorker.java:289)
	at java.lang.Thread.run(Thread.java:748)
Caused by: java.util.concurrent.TimeoutException
	at java.util.concurrent.CompletableFuture.timedGet(CompletableFuture.java:1771)
	at java.util.concurrent.CompletableFuture.get(CompletableFuture.java:1915)
	at org.apache.ratis.util.IOUtils.getFromFuture(IOUtils.java:79)
	... 4 more
 0.00% |█                                                                                                    |  0/1 Time: 0:05:012019-09-17 12:47:57,690 [java.util.concurrent.ThreadPoolExecutor$Worker@71af583c[State = -1, empty queue]] WARN  server.GrpcLogAppender (GrpcLogAppender.java:timeoutAppendRequest(200)) - 84ab4d91-000c-4523-9c5f-2c204b5f6601@group-1F9831CC3440->5e893e0a-56f7-4618-9f46-a6ff48173cb6-GrpcLogAppender: appendEntries Timeout, request=84ab4d91-000c-4523-9c5f-2c204b5f6601->5e893e0a-56f7-4618-9f46-a6ff48173cb6#55-t1, previous=(t:1, i:19), leaderCommit=15, initializing? false, entries: <empty>
2019-09-17 12:47:58,064 [grpc-default-executor-3] INFO  client.GrpcClientProtocolClient (GrpcClientProtocolClient.java:onNext(264)) - client-917C2951E632->f7ede272-a28a-44e0-9552-15581fc2de04: receive RaftClientReply:client-917C2951E632->f7ede272-a28a-44e0-9552-15581fc2de04@group-1F9831CC3440, cid=52, FAILED org.apache.ratis.protocol.NotLeaderException: Server f7ede272-a28a-44e0-9552-15581fc2de04@group-1F9831CC3440 is not the leader 84ab4d91-000c-4523-9c5f-2c204b5f6601:192.168.5.153:39178, logIndex=0, commits[f7ede272-a28a-44e0-9552-15581fc2de04:c15, 5e893e0a-56f7-4618-9f46-a6ff48173cb6:c11, 84ab4d91-000c-4523-9c5f-2c204b5f6601:c15]
 0.00% |█                                                                                                    |  0/1 Time: 0:05:022019-09-17 12:47:58,428 [ReplicationMonitor] INFO  container.ReplicationManager (ReplicationManager.java:forceCloseContainer(464)) - Force closing container #1 with BCSID 12, which is in QUASI_CLOSED state.
2019-09-17 12:47:58,432 [ReplicationMonitor] INFO  container.ReplicationManager (ReplicationManager.java:sendCloseCommand(659)) - Sending close container command for container #1 to datanode 84ab4d91-000c-4523-9c5f-2c204b5f6601{ip: 192.168.5.153, host: pr-hdds-2137-trunk-mnh2s-3748177197, networkLocation: /default-rack, certSerialId: null}.
2019-09-17 12:47:58,432 [ReplicationMonitor] INFO  container.ReplicationManager (ReplicationManager.java:sendCloseCommand(659)) - Sending close container command for container #1 to datanode 5e893e0a-56f7-4618-9f46-a6ff48173cb6{ip: 192.168.5.153, host: pr-hdds-2137-trunk-mnh2s-3748177197, networkLocation: /default-rack, certSerialId: null}.
2019-09-17 12:47:58,432 [ReplicationMonitor] INFO  container.ReplicationManager (ReplicationManager.java:sendCloseCommand(659)) - Sending close container command for container #1 to datanode f7ede272-a28a-44e0-9552-15581fc2de04{ip: 192.168.5.153, host: pr-hdds-2137-trunk-mnh2s-3748177197, networkLocation: /default-rack, certSerialId: null}.
2019-09-17 12:47:58,433 [ReplicationMonitor] INFO  container.ReplicationManager (ReplicationManager.java:forceCloseContainer(464)) - Force closing container #2 with BCSID 28, which is in QUASI_CLOSED state.
2019-09-17 12:47:58,433 [ReplicationMonitor] INFO  container.ReplicationManager (ReplicationManager.java:sendCloseCommand(659)) - Sending close container command for container #2 to datanode f7ede272-a28a-44e0-9552-15581fc2de04{ip: 192.168.5.153, host: pr-hdds-2137-trunk-mnh2s-3748177197, networkLocation: /default-rack, certSerialId: null}.
2019-09-17 12:47:58,433 [ReplicationMonitor] INFO  container.ReplicationManager (ReplicationManager.java:sendCloseCommand(659)) - Sending close container command for container #2 to datanode 5e893e0a-56f7-4618-9f46-a6ff48173cb6{ip: 192.168.5.153, host: pr-hdds-2137-trunk-mnh2s-3748177197, networkLocation: /default-rack, certSerialId: null}.
2019-09-17 12:47:58,434 [ReplicationMonitor] INFO  container.ReplicationManager (ReplicationManager.java:sendCloseCommand(659)) - Sending close container command for container #2 to datanode 84ab4d91-000c-4523-9c5f-2c204b5f6601{ip: 192.168.5.153, host: pr-hdds-2137-trunk-mnh2s-3748177197, networkLocation: /default-rack, certSerialId: null}.
2019-09-17 12:47:58,434 [ReplicationMonitor] INFO  container.ReplicationManager (ReplicationManager.java:forceCloseContainer(464)) - Force closing container #3 with BCSID 0, which is in QUASI_CLOSED state.
2019-09-17 12:47:58,434 [ReplicationMonitor] INFO  container.ReplicationManager (ReplicationManager.java:sendCloseCommand(659)) - Sending close container command for container #3 to datanode 84ab4d91-000c-4523-9c5f-2c204b5f6601{ip: 192.168.5.153, host: pr-hdds-2137-trunk-mnh2s-3748177197, networkLocation: /default-rack, certSerialId: null}.
2019-09-17 12:47:58,434 [ReplicationMonitor] INFO  container.ReplicationManager (ReplicationManager.java:sendCloseCommand(659)) - Sending close container command for container #3 to datanode 5e893e0a-56f7-4618-9f46-a6ff48173cb6{ip: 192.168.5.153, host: pr-hdds-2137-trunk-mnh2s-3748177197, networkLocation: /default-rack, certSerialId: null}.
2019-09-17 12:47:58,435 [ReplicationMonitor] INFO  container.ReplicationManager (ReplicationManager.java:sendCloseCommand(659)) - Sending close container command for container #3 to datanode f7ede272-a28a-44e0-9552-15581fc2de04{ip: 192.168.5.153, host: pr-hdds-2137-trunk-mnh2s-3748177197, networkLocation: /default-rack, certSerialId: null}.
2019-09-17 12:47:58,435 [ReplicationMonitor] INFO  container.ReplicationManager (ReplicationManager.java:run(225)) - Replication Monitor Thread took 17 milliseconds for processing 5 containers.
 0.00% |█                                                                                                    |  0/1 Time: 0:05:032019-09-17 12:48:00,190 [java.util.concurrent.ThreadPoolExecutor$Worker@71af583c[State = -1, empty queue]] WARN  server.GrpcLogAppender (GrpcLogAppender.java:timeoutAppendRequest(200)) - 84ab4d91-000c-4523-9c5f-2c204b5f6601@group-1F9831CC3440->5e893e0a-56f7-4618-9f46-a6ff48173cb6-GrpcLogAppender: appendEntries Timeout, request=84ab4d91-000c-4523-9c5f-2c204b5f6601->5e893e0a-56f7-4618-9f46-a6ff48173cb6#56-t1, previous=(t:1, i:19), leaderCommit=15, initializing? false, entries: <empty>
2019-09-17 12:48:00,309 [Command processor thread] INFO  interfaces.Container (KeyValueContainer.java:flushAndSyncDB(386)) - Container 1 is synced with bcsId 12.
2019-09-17 12:48:00,310 [Command processor thread] INFO  interfaces.Container (KeyValueContainer.java:flushAndSyncDB(386)) - Container 1 is synced with bcsId 12.
 0.00% |█                                                                                                    |  0/1 Time: 0:05:042019-09-17 12:48:00,353 [Command processor thread] INFO  interfaces.Container (KeyValueContainer.java:flushAndSyncDB(386)) - Container 1 is synced with bcsId 12.
2019-09-17 12:48:00,353 [Command processor thread] INFO  interfaces.Container (KeyValueContainer.java:flushAndSyncDB(386)) - Container 1 is synced with bcsId 12.
2019-09-17 12:48:00,498 [Command processor thread] INFO  interfaces.Container (KeyValueContainer.java:close(335)) - Container 1 is closed with bcsId 12.
2019-09-17 12:48:00,498 [Command processor thread] INFO  interfaces.Container (KeyValueContainer.java:flushAndSyncDB(386)) - Container 2 is synced with bcsId 28.
2019-09-17 12:48:00,498 [Command processor thread] INFO  interfaces.Container (KeyValueContainer.java:flushAndSyncDB(386)) - Container 2 is synced with bcsId 28.
2019-09-17 12:48:00,499 [EventQueue-IncrementalContainerReportForIncrementalContainerReportHandler] INFO  container.IncrementalContainerReportHandler (AbstractContainerReportHandler.java:updateContainerState(202)) - Moving container #1 to CLOSED state, datanode f7ede272-a28a-44e0-9552-15581fc2de04{ip: 192.168.5.153, host: pr-hdds-2137-trunk-mnh2s-3748177197, networkLocation: /default-rack, certSerialId: null} reported CLOSED replica.
2019-09-17 12:48:00,515 [Command processor thread] INFO  interfaces.Container (KeyValueContainer.java:close(335)) - Container 1 is closed with bcsId 12.
2019-09-17 12:48:00,515 [Command processor thread] INFO  interfaces.Container (KeyValueContainer.java:flushAndSyncDB(386)) - Container 2 is synced with bcsId 28.
2019-09-17 12:48:00,515 [Command processor thread] INFO  interfaces.Container (KeyValueContainer.java:flushAndSyncDB(386)) - Container 2 is synced with bcsId 28.
2019-09-17 12:48:00,533 [Command processor thread] INFO  interfaces.Container (KeyValueContainer.java:close(335)) - Container 2 is closed with bcsId 28.
2019-09-17 12:48:00,533 [Command processor thread] INFO  interfaces.Container (KeyValueContainer.java:flushAndSyncDB(386)) - Container 3 is synced with bcsId 0.
2019-09-17 12:48:00,534 [Command processor thread] INFO  interfaces.Container (KeyValueContainer.java:flushAndSyncDB(386)) - Container 3 is synced with bcsId 0.
2019-09-17 12:48:00,534 [EventQueue-IncrementalContainerReportForIncrementalContainerReportHandler] INFO  container.IncrementalContainerReportHandler (AbstractContainerReportHandler.java:updateContainerState(202)) - Moving container #2 to CLOSED state, datanode f7ede272-a28a-44e0-9552-15581fc2de04{ip: 192.168.5.153, host: pr-hdds-2137-trunk-mnh2s-3748177197, networkLocation: /default-rack, certSerialId: null} reported CLOSED replica.
2019-09-17 12:48:00,550 [Command processor thread] INFO  interfaces.Container (KeyValueContainer.java:close(335)) - Container 2 is closed with bcsId 28.
2019-09-17 12:48:00,551 [Command processor thread] INFO  interfaces.Container (KeyValueContainer.java:flushAndSyncDB(386)) - Container 3 is synced with bcsId 0.
2019-09-17 12:48:00,551 [Command processor thread] INFO  interfaces.Container (KeyValueContainer.java:flushAndSyncDB(386)) - Container 3 is synced with bcsId 0.
2019-09-17 12:48:00,559 [Command processor thread] INFO  interfaces.Container (KeyValueContainer.java:close(335)) - Container 3 is closed with bcsId 0.
2019-09-17 12:48:00,560 [EventQueue-IncrementalContainerReportForIncrementalContainerReportHandler] INFO  container.IncrementalContainerReportHandler (AbstractContainerReportHandler.java:updateContainerState(202)) - Moving container #3 to CLOSED state, datanode f7ede272-a28a-44e0-9552-15581fc2de04{ip: 192.168.5.153, host: pr-hdds-2137-trunk-mnh2s-3748177197, networkLocation: /default-rack, certSerialId: null} reported CLOSED replica.
2019-09-17 12:48:00,576 [Command processor thread] INFO  interfaces.Container (KeyValueContainer.java:close(335)) - Container 3 is closed with bcsId 0.
2019-09-17 12:48:01,311 [Command processor thread] INFO  interfaces.Container (KeyValueContainer.java:flushAndSyncDB(386)) - Container 1 is synced with bcsId 12.
2019-09-17 12:48:01,311 [Command processor thread] INFO  interfaces.Container (KeyValueContainer.java:flushAndSyncDB(386)) - Container 1 is synced with bcsId 12.
 0.00% |█                                                                                                    |  0/1 Time: 0:05:052019-09-17 12:48:01,344 [Command processor thread] INFO  interfaces.Container (KeyValueContainer.java:close(335)) - Container 1 is closed with bcsId 12.
2019-09-17 12:48:01,344 [Command processor thread] INFO  interfaces.Container (KeyValueContainer.java:flushAndSyncDB(386)) - Container 2 is synced with bcsId 28.
2019-09-17 12:48:01,344 [Command processor thread] INFO  interfaces.Container (KeyValueContainer.java:flushAndSyncDB(386)) - Container 2 is synced with bcsId 28.
2019-09-17 12:48:01,369 [Command processor thread] INFO  interfaces.Container (KeyValueContainer.java:close(335)) - Container 2 is closed with bcsId 28.
2019-09-17 12:48:01,370 [Command processor thread] INFO  interfaces.Container (KeyValueContainer.java:flushAndSyncDB(386)) - Container 3 is synced with bcsId 0.
2019-09-17 12:48:01,370 [Command processor thread] INFO  interfaces.Container (KeyValueContainer.java:flushAndSyncDB(386)) - Container 3 is synced with bcsId 0.
2019-09-17 12:48:01,386 [Command processor thread] INFO  interfaces.Container (KeyValueContainer.java:close(335)) - Container 3 is closed with bcsId 0.
 0.00% |█                                                                                                    |  0/1 Time: 0:05:062019-09-17 12:48:02,691 [java.util.concurrent.ThreadPoolExecutor$Worker@71af583c[State = -1, empty queue]] WARN  server.GrpcLogAppender (GrpcLogAppender.java:timeoutAppendRequest(200)) - 84ab4d91-000c-4523-9c5f-2c204b5f6601@group-1F9831CC3440->5e893e0a-56f7-4618-9f46-a6ff48173cb6-GrpcLogAppender: appendEntries Timeout, request=84ab4d91-000c-4523-9c5f-2c204b5f6601->5e893e0a-56f7-4618-9f46-a6ff48173cb6#57-t1, previous=(t:1, i:19), leaderCommit=15, initializing? false, entries: <empty>
2019-09-17 12:48:03,102 [grpc-default-executor-4] INFO  client.GrpcClientProtocolClient (GrpcClientProtocolClient.java:onNext(264)) - client-917C2951E632->5e893e0a-56f7-4618-9f46-a6ff48173cb6: receive RaftClientReply:client-917C2951E632->5e893e0a-56f7-4618-9f46-a6ff48173cb6@group-1F9831CC3440, cid=52, FAILED org.apache.ratis.protocol.NotLeaderException: Server 5e893e0a-56f7-4618-9f46-a6ff48173cb6@group-1F9831CC3440 is not the leader 84ab4d91-000c-4523-9c5f-2c204b5f6601:192.168.5.153:39178, logIndex=0, commits[5e893e0a-56f7-4618-9f46-a6ff48173cb6:c15, 84ab4d91-000c-4523-9c5f-2c204b5f6601:c15, f7ede272-a28a-44e0-9552-15581fc2de04:c15]
 0.00% |█                                                                                                    |  0/1 Time: 0:05:07 0.00% |█                                                                                                    |  0/1 Time: 0:05:082019-09-17 12:48:05,192 [java.util.concurrent.ThreadPoolExecutor$Worker@71af583c[State = -1, empty queue]] WARN  server.GrpcLogAppender (GrpcLogAppender.java:timeoutAppendRequest(200)) - 84ab4d91-000c-4523-9c5f-2c204b5f6601@group-1F9831CC3440->5e893e0a-56f7-4618-9f46-a6ff48173cb6-GrpcLogAppender: appendEntries Timeout, request=84ab4d91-000c-4523-9c5f-2c204b5f6601->5e893e0a-56f7-4618-9f46-a6ff48173cb6#58-t1, previous=(t:1, i:19), leaderCommit=15, initializing? false, entries: <empty>
 0.00% |█                                                                                                    |  0/1 Time: 0:05:09 0.00% |█                                                                                                    |  0/1 Time: 0:05:102019-09-17 12:48:07,156 [5e893e0a-56f7-4618-9f46-a6ff48173cb6@group-1F9831CC3440-SegmentedRaftLogWorker] WARN  segmented.SegmentedRaftLogWorker (SegmentedRaftLogWorker.java:getFromFuture(90)) - Timeout 9/~
org.apache.ratis.protocol.TimeoutIOException: Timeout 10s: WriteLog:16: (t:1, i:16), STATEMACHINELOGENTRY, client-917C2951E632, cid=52-writeStateMachineData
	at org.apache.ratis.util.IOUtils.getFromFuture(IOUtils.java:87)
	at org.apache.ratis.server.raftlog.segmented.SegmentedRaftLogWorker$StateMachineDataPolicy.getFromFuture(SegmentedRaftLogWorker.java:87)
	at org.apache.ratis.server.raftlog.segmented.SegmentedRaftLogWorker$WriteLog.execute(SegmentedRaftLogWorker.java:477)
	at org.apache.ratis.server.raftlog.segmented.SegmentedRaftLogWorker.run(SegmentedRaftLogWorker.java:289)
	at java.lang.Thread.run(Thread.java:748)
Caused by: java.util.concurrent.TimeoutException
	at java.util.concurrent.CompletableFuture.timedGet(CompletableFuture.java:1771)
	at java.util.concurrent.CompletableFuture.get(CompletableFuture.java:1915)
	at org.apache.ratis.util.IOUtils.getFromFuture(IOUtils.java:79)
	... 4 more
2019-09-17 12:48:07,156 [84ab4d91-000c-4523-9c5f-2c204b5f6601@group-1F9831CC3440-SegmentedRaftLogWorker] WARN  segmented.SegmentedRaftLogWorker (SegmentedRaftLogWorker.java:getFromFuture(90)) - Timeout 9/~
org.apache.ratis.protocol.TimeoutIOException: Timeout 10s: WriteLog:16: (t:1, i:16), STATEMACHINELOGENTRY, client-917C2951E632, cid=52-writeStateMachineData
	at org.apache.ratis.util.IOUtils.getFromFuture(IOUtils.java:87)
	at org.apache.ratis.server.raftlog.segmented.SegmentedRaftLogWorker$StateMachineDataPolicy.getFromFuture(SegmentedRaftLogWorker.java:87)
	at org.apache.ratis.server.raftlog.segmented.SegmentedRaftLogWorker$WriteLog.execute(SegmentedRaftLogWorker.java:477)
	at org.apache.ratis.server.raftlog.segmented.SegmentedRaftLogWorker.run(SegmentedRaftLogWorker.java:289)
	at java.lang.Thread.run(Thread.java:748)
Caused by: java.util.concurrent.TimeoutException
	at java.util.concurrent.CompletableFuture.timedGet(CompletableFuture.java:1771)
	at java.util.concurrent.CompletableFuture.get(CompletableFuture.java:1915)
	at org.apache.ratis.util.IOUtils.getFromFuture(IOUtils.java:79)
	... 4 more
 0.00% |█                                                                                                    |  0/1 Time: 0:05:112019-09-17 12:48:07,692 [java.util.concurrent.ThreadPoolExecutor$Worker@71af583c[State = -1, empty queue]] WARN  server.GrpcLogAppender (GrpcLogAppender.java:timeoutAppendRequest(200)) - 84ab4d91-000c-4523-9c5f-2c204b5f6601@group-1F9831CC3440->5e893e0a-56f7-4618-9f46-a6ff48173cb6-GrpcLogAppender: appendEntries Timeout, request=84ab4d91-000c-4523-9c5f-2c204b5f6601->5e893e0a-56f7-4618-9f46-a6ff48173cb6#59-t1, previous=(t:1, i:19), leaderCommit=15, initializing? false, entries: <empty>
2019-09-17 12:48:08,143 [grpc-default-executor-4] INFO  client.GrpcClientProtocolClient (GrpcClientProtocolClient.java:onNext(264)) - client-917C2951E632->f7ede272-a28a-44e0-9552-15581fc2de04: receive RaftClientReply:client-917C2951E632->f7ede272-a28a-44e0-9552-15581fc2de04@group-1F9831CC3440, cid=52, FAILED org.apache.ratis.protocol.NotLeaderException: Server f7ede272-a28a-44e0-9552-15581fc2de04@group-1F9831CC3440 is not the leader 84ab4d91-000c-4523-9c5f-2c204b5f6601:192.168.5.153:39178, logIndex=0, commits[f7ede272-a28a-44e0-9552-15581fc2de04:c15, 5e893e0a-56f7-4618-9f46-a6ff48173cb6:c11, 84ab4d91-000c-4523-9c5f-2c204b5f6601:c15]
 0.00% |█                                                                                                    |  0/1 Time: 0:05:12 0.00% |█                                                                                                    |  0/1 Time: 0:05:132019-09-17 12:48:10,193 [java.util.concurrent.ThreadPoolExecutor$Worker@71af583c[State = -1, empty queue]] WARN  server.GrpcLogAppender (GrpcLogAppender.java:timeoutAppendRequest(200)) - 84ab4d91-000c-4523-9c5f-2c204b5f6601@group-1F9831CC3440->5e893e0a-56f7-4618-9f46-a6ff48173cb6-GrpcLogAppender: appendEntries Timeout, request=84ab4d91-000c-4523-9c5f-2c204b5f6601->5e893e0a-56f7-4618-9f46-a6ff48173cb6#60-t1, previous=(t:1, i:19), leaderCommit=15, initializing? false, entries: <empty>
 0.00% |█                                                                                                    |  0/1 Time: 0:05:14 0.00% |█                                                                                                    |  0/1 Time: 0:05:15 0.00% |█                                                                                                    |  0/1 Time: 0:05:162019-09-17 12:48:12,693 [java.util.concurrent.ThreadPoolExecutor$Worker@71af583c[State = -1, empty queue]] WARN  server.GrpcLogAppender (GrpcLogAppender.java:timeoutAppendRequest(200)) - 84ab4d91-000c-4523-9c5f-2c204b5f6601@group-1F9831CC3440->5e893e0a-56f7-4618-9f46-a6ff48173cb6-GrpcLogAppender: appendEntries Timeout, request=84ab4d91-000c-4523-9c5f-2c204b5f6601->5e893e0a-56f7-4618-9f46-a6ff48173cb6#61-t1, previous=(t:1, i:19), leaderCommit=15, initializing? false, entries: <empty>
2019-09-17 12:48:13,188 [grpc-default-executor-4] INFO  client.GrpcClientProtocolClient (GrpcClientProtocolClient.java:onNext(264)) - client-917C2951E632->f7ede272-a28a-44e0-9552-15581fc2de04: receive RaftClientReply:client-917C2951E632->f7ede272-a28a-44e0-9552-15581fc2de04@group-1F9831CC3440, cid=52, FAILED org.apache.ratis.protocol.NotLeaderException: Server f7ede272-a28a-44e0-9552-15581fc2de04@group-1F9831CC3440 is not the leader 84ab4d91-000c-4523-9c5f-2c204b5f6601:192.168.5.153:39178, logIndex=0, commits[f7ede272-a28a-44e0-9552-15581fc2de04:c15, 5e893e0a-56f7-4618-9f46-a6ff48173cb6:c11, 84ab4d91-000c-4523-9c5f-2c204b5f6601:c15]
 0.00% |█                                                                                                    |  0/1 Time: 0:05:17 0.00% |█                                                                                                    |  0/1 Time: 0:05:182019-09-17 12:48:15,194 [java.util.concurrent.ThreadPoolExecutor$Worker@71af583c[State = -1, empty queue]] WARN  server.GrpcLogAppender (GrpcLogAppender.java:timeoutAppendRequest(200)) - 84ab4d91-000c-4523-9c5f-2c204b5f6601@group-1F9831CC3440->5e893e0a-56f7-4618-9f46-a6ff48173cb6-GrpcLogAppender: appendEntries Timeout, request=84ab4d91-000c-4523-9c5f-2c204b5f6601->5e893e0a-56f7-4618-9f46-a6ff48173cb6#62-t1, previous=(t:1, i:19), leaderCommit=15, initializing? false, entries: <empty>
 0.00% |█                                                                                                    |  0/1 Time: 0:05:19 0.00% |█                                                                                                    |  0/1 Time: 0:05:202019-09-17 12:48:17,158 [5e893e0a-56f7-4618-9f46-a6ff48173cb6@group-1F9831CC3440-SegmentedRaftLogWorker] WARN  segmented.SegmentedRaftLogWorker (SegmentedRaftLogWorker.java:getFromFuture(90)) - Timeout 10/~
org.apache.ratis.protocol.TimeoutIOException: Timeout 10s: WriteLog:16: (t:1, i:16), STATEMACHINELOGENTRY, client-917C2951E632, cid=52-writeStateMachineData
	at org.apache.ratis.util.IOUtils.getFromFuture(IOUtils.java:87)
	at org.apache.ratis.server.raftlog.segmented.SegmentedRaftLogWorker$StateMachineDataPolicy.getFromFuture(SegmentedRaftLogWorker.java:87)
	at org.apache.ratis.server.raftlog.segmented.SegmentedRaftLogWorker$WriteLog.execute(SegmentedRaftLogWorker.java:477)
	at org.apache.ratis.server.raftlog.segmented.SegmentedRaftLogWorker.run(SegmentedRaftLogWorker.java:289)
	at java.lang.Thread.run(Thread.java:748)
Caused by: java.util.concurrent.TimeoutException
	at java.util.concurrent.CompletableFuture.timedGet(CompletableFuture.java:1771)
	at java.util.concurrent.CompletableFuture.get(CompletableFuture.java:1915)
	at org.apache.ratis.util.IOUtils.getFromFuture(IOUtils.java:79)
	... 4 more
2019-09-17 12:48:17,165 [84ab4d91-000c-4523-9c5f-2c204b5f6601@group-1F9831CC3440-SegmentedRaftLogWorker] WARN  segmented.SegmentedRaftLogWorker (SegmentedRaftLogWorker.java:getFromFuture(90)) - Timeout 10/~
org.apache.ratis.protocol.TimeoutIOException: Timeout 10s: WriteLog:16: (t:1, i:16), STATEMACHINELOGENTRY, client-917C2951E632, cid=52-writeStateMachineData
	at org.apache.ratis.util.IOUtils.getFromFuture(IOUtils.java:87)
	at org.apache.ratis.server.raftlog.segmented.SegmentedRaftLogWorker$StateMachineDataPolicy.getFromFuture(SegmentedRaftLogWorker.java:87)
	at org.apache.ratis.server.raftlog.segmented.SegmentedRaftLogWorker$WriteLog.execute(SegmentedRaftLogWorker.java:477)
	at org.apache.ratis.server.raftlog.segmented.SegmentedRaftLogWorker.run(SegmentedRaftLogWorker.java:289)
	at java.lang.Thread.run(Thread.java:748)
Caused by: java.util.concurrent.TimeoutException
	at java.util.concurrent.CompletableFuture.timedGet(CompletableFuture.java:1771)
	at java.util.concurrent.CompletableFuture.get(CompletableFuture.java:1915)
	at org.apache.ratis.util.IOUtils.getFromFuture(IOUtils.java:79)
	... 4 more
 0.00% |█                                                                                                    |  0/1 Time: 0:05:212019-09-17 12:48:17,695 [java.util.concurrent.ThreadPoolExecutor$Worker@71af583c[State = -1, empty queue]] WARN  server.GrpcLogAppender (GrpcLogAppender.java:timeoutAppendRequest(200)) - 84ab4d91-000c-4523-9c5f-2c204b5f6601@group-1F9831CC3440->5e893e0a-56f7-4618-9f46-a6ff48173cb6-GrpcLogAppender: appendEntries Timeout, request=84ab4d91-000c-4523-9c5f-2c204b5f6601->5e893e0a-56f7-4618-9f46-a6ff48173cb6#63-t1, previous=(t:1, i:19), leaderCommit=15, initializing? false, entries: <empty>
2019-09-17 12:48:18,226 [grpc-default-executor-4] INFO  client.GrpcClientProtocolClient (GrpcClientProtocolClient.java:onNext(264)) - client-917C2951E632->5e893e0a-56f7-4618-9f46-a6ff48173cb6: receive RaftClientReply:client-917C2951E632->5e893e0a-56f7-4618-9f46-a6ff48173cb6@group-1F9831CC3440, cid=52, FAILED org.apache.ratis.protocol.NotLeaderException: Server 5e893e0a-56f7-4618-9f46-a6ff48173cb6@group-1F9831CC3440 is not the leader 84ab4d91-000c-4523-9c5f-2c204b5f6601:192.168.5.153:39178, logIndex=0, commits[5e893e0a-56f7-4618-9f46-a6ff48173cb6:c15, 84ab4d91-000c-4523-9c5f-2c204b5f6601:c15, f7ede272-a28a-44e0-9552-15581fc2de04:c15]
 0.00% |█                                                                                                    |  0/1 Time: 0:05:22 0.00% |█                                                                                                    |  0/1 Time: 0:05:232019-09-17 12:48:20,197 [java.util.concurrent.ThreadPoolExecutor$Worker@71af583c[State = -1, empty queue]] WARN  server.GrpcLogAppender (GrpcLogAppender.java:timeoutAppendRequest(200)) - 84ab4d91-000c-4523-9c5f-2c204b5f6601@group-1F9831CC3440->5e893e0a-56f7-4618-9f46-a6ff48173cb6-GrpcLogAppender: appendEntries Timeout, request=84ab4d91-000c-4523-9c5f-2c204b5f6601->5e893e0a-56f7-4618-9f46-a6ff48173cb6#64-t1, previous=(t:1, i:19), leaderCommit=15, initializing? false, entries: <empty>
 0.00% |█                                                                                                    |  0/1 Time: 0:05:24 0.00% |█                                                                                                    |  0/1 Time: 0:05:25 0.00% |█                                                                                                    |  0/1 Time: 0:05:262019-09-17 12:48:22,697 [java.util.concurrent.ThreadPoolExecutor$Worker@71af583c[State = -1, empty queue]] WARN  server.GrpcLogAppender (GrpcLogAppender.java:timeoutAppendRequest(200)) - 84ab4d91-000c-4523-9c5f-2c204b5f6601@group-1F9831CC3440->5e893e0a-56f7-4618-9f46-a6ff48173cb6-GrpcLogAppender: appendEntries Timeout, request=84ab4d91-000c-4523-9c5f-2c204b5f6601->5e893e0a-56f7-4618-9f46-a6ff48173cb6#65-t1, previous=(t:1, i:19), leaderCommit=15, initializing? false, entries: <empty>
2019-09-17 12:48:23,262 [grpc-default-executor-2] INFO  client.GrpcClientProtocolClient (GrpcClientProtocolClient.java:onNext(264)) - client-917C2951E632->f7ede272-a28a-44e0-9552-15581fc2de04: receive RaftClientReply:client-917C2951E632->f7ede272-a28a-44e0-9552-15581fc2de04@group-1F9831CC3440, cid=52, FAILED org.apache.ratis.protocol.NotLeaderException: Server f7ede272-a28a-44e0-9552-15581fc2de04@group-1F9831CC3440 is not the leader 84ab4d91-000c-4523-9c5f-2c204b5f6601:192.168.5.153:39178, logIndex=0, commits[f7ede272-a28a-44e0-9552-15581fc2de04:c15, 5e893e0a-56f7-4618-9f46-a6ff48173cb6:c11, 84ab4d91-000c-4523-9c5f-2c204b5f6601:c15]
 0.00% |█                                                                                                    |  0/1 Time: 0:05:27 0.00% |█                                                                                                    |  0/1 Time: 0:05:282019-09-17 12:48:25,200 [java.util.concurrent.ThreadPoolExecutor$Worker@71af583c[State = -1, empty queue]] WARN  server.GrpcLogAppender (GrpcLogAppender.java:timeoutAppendRequest(200)) - 84ab4d91-000c-4523-9c5f-2c204b5f6601@group-1F9831CC3440->5e893e0a-56f7-4618-9f46-a6ff48173cb6-GrpcLogAppender: appendEntries Timeout, request=84ab4d91-000c-4523-9c5f-2c204b5f6601->5e893e0a-56f7-4618-9f46-a6ff48173cb6#66-t1, previous=(t:1, i:19), leaderCommit=15, initializing? false, entries: <empty>
 0.00% |█                                                                                                    |  0/1 Time: 0:05:29 0.00% |█                                                                                                    |  0/1 Time: 0:05:302019-09-17 12:48:27,163 [5e893e0a-56f7-4618-9f46-a6ff48173cb6@group-1F9831CC3440-SegmentedRaftLogWorker] WARN  segmented.SegmentedRaftLogWorker (SegmentedRaftLogWorker.java:getFromFuture(90)) - Timeout 11/~
org.apache.ratis.protocol.TimeoutIOException: Timeout 10s: WriteLog:16: (t:1, i:16), STATEMACHINELOGENTRY, client-917C2951E632, cid=52-writeStateMachineData
	at org.apache.ratis.util.IOUtils.getFromFuture(IOUtils.java:87)
	at org.apache.ratis.server.raftlog.segmented.SegmentedRaftLogWorker$StateMachineDataPolicy.getFromFuture(SegmentedRaftLogWorker.java:87)
	at org.apache.ratis.server.raftlog.segmented.SegmentedRaftLogWorker$WriteLog.execute(SegmentedRaftLogWorker.java:477)
	at org.apache.ratis.server.raftlog.segmented.SegmentedRaftLogWorker.run(SegmentedRaftLogWorker.java:289)
	at java.lang.Thread.run(Thread.java:748)
Caused by: java.util.concurrent.TimeoutException
	at java.util.concurrent.CompletableFuture.timedGet(CompletableFuture.java:1771)
	at java.util.concurrent.CompletableFuture.get(CompletableFuture.java:1915)
	at org.apache.ratis.util.IOUtils.getFromFuture(IOUtils.java:79)
	... 4 more
2019-09-17 12:48:27,166 [84ab4d91-000c-4523-9c5f-2c204b5f6601@group-1F9831CC3440-SegmentedRaftLogWorker] WARN  segmented.SegmentedRaftLogWorker (SegmentedRaftLogWorker.java:getFromFuture(90)) - Timeout 11/~
org.apache.ratis.protocol.TimeoutIOException: Timeout 10s: WriteLog:16: (t:1, i:16), STATEMACHINELOGENTRY, client-917C2951E632, cid=52-writeStateMachineData
	at org.apache.ratis.util.IOUtils.getFromFuture(IOUtils.java:87)
	at org.apache.ratis.server.raftlog.segmented.SegmentedRaftLogWorker$StateMachineDataPolicy.getFromFuture(SegmentedRaftLogWorker.java:87)
	at org.apache.ratis.server.raftlog.segmented.SegmentedRaftLogWorker$WriteLog.execute(SegmentedRaftLogWorker.java:477)
	at org.apache.ratis.server.raftlog.segmented.SegmentedRaftLogWorker.run(SegmentedRaftLogWorker.java:289)
	at java.lang.Thread.run(Thread.java:748)
Caused by: java.util.concurrent.TimeoutException
	at java.util.concurrent.CompletableFuture.timedGet(CompletableFuture.java:1771)
	at java.util.concurrent.CompletableFuture.get(CompletableFuture.java:1915)
	at org.apache.ratis.util.IOUtils.getFromFuture(IOUtils.java:79)
	... 4 more
2019-09-17 12:48:27,202 [org.apache.ratis.server.impl.LogAppender$AppenderDaemon$$Lambda$509/159327213@5a9109f0] ERROR ratis.XceiverServerRatis (XceiverServerRatis.java:triggerPipelineClose(575)) - pipeline Action CLOSE  on pipeline PipelineID=e5966ae0-5fcf-4a62-bb3f-1f9831cc3440.Reason : 84ab4d91-000c-4523-9c5f-2c204b5f6601 has not seen follower/s 5e893e0a-56f7-4618-9f46-a6ff48173cb6 for 120096ms
 0.00% |█                                                                                                    |  0/1 Time: 0:05:312019-09-17 12:48:27,396 [EventQueue-PipelineActionsForPipelineActionHandler] ERROR pipeline.PipelineActionHandler (PipelineActionHandler.java:onMessage(60)) - Received pipeline action CLOSE for Pipeline[ Id: e5966ae0-5fcf-4a62-bb3f-1f9831cc3440, Nodes: 5e893e0a-56f7-4618-9f46-a6ff48173cb6{ip: 192.168.5.153, host: pr-hdds-2137-trunk-mnh2s-3748177197, networkLocation: /default-rack, certSerialId: null}84ab4d91-000c-4523-9c5f-2c204b5f6601{ip: 192.168.5.153, host: pr-hdds-2137-trunk-mnh2s-3748177197, networkLocation: /default-rack, certSerialId: null}f7ede272-a28a-44e0-9552-15581fc2de04{ip: 192.168.5.153, host: pr-hdds-2137-trunk-mnh2s-3748177197, networkLocation: /default-rack, certSerialId: null}, Type:RATIS, Factor:THREE, State:OPEN] from datanode 84ab4d91-000c-4523-9c5f-2c204b5f6601{ip: 192.168.5.153, host: pr-hdds-2137-trunk-mnh2s-3748177197, networkLocation: /default-rack, certSerialId: null}. Reason : 84ab4d91-000c-4523-9c5f-2c204b5f6601 has not seen follower/s 5e893e0a-56f7-4618-9f46-a6ff48173cb6 for 120096ms
2019-09-17 12:48:27,396 [EventQueue-PipelineActionsForPipelineActionHandler] INFO  pipeline.SCMPipelineManager (SCMPipelineManager.java:finalizeAndDestroyPipeline(311)) - destroying pipeline:Pipeline[ Id: e5966ae0-5fcf-4a62-bb3f-1f9831cc3440, Nodes: 5e893e0a-56f7-4618-9f46-a6ff48173cb6{ip: 192.168.5.153, host: pr-hdds-2137-trunk-mnh2s-3748177197, networkLocation: /default-rack, certSerialId: null}84ab4d91-000c-4523-9c5f-2c204b5f6601{ip: 192.168.5.153, host: pr-hdds-2137-trunk-mnh2s-3748177197, networkLocation: /default-rack, certSerialId: null}f7ede272-a28a-44e0-9552-15581fc2de04{ip: 192.168.5.153, host: pr-hdds-2137-trunk-mnh2s-3748177197, networkLocation: /default-rack, certSerialId: null}, Type:RATIS, Factor:THREE, State:OPEN]
2019-09-17 12:48:27,397 [EventQueue-PipelineActionsForPipelineActionHandler] INFO  pipeline.PipelineStateManager (PipelineStateManager.java:finalizePipeline(123)) - Pipeline Pipeline[ Id: e5966ae0-5fcf-4a62-bb3f-1f9831cc3440, Nodes: 5e893e0a-56f7-4618-9f46-a6ff48173cb6{ip: 192.168.5.153, host: pr-hdds-2137-trunk-mnh2s-3748177197, networkLocation: /default-rack, certSerialId: null}84ab4d91-000c-4523-9c5f-2c204b5f6601{ip: 192.168.5.153, host: pr-hdds-2137-trunk-mnh2s-3748177197, networkLocation: /default-rack, certSerialId: null}f7ede272-a28a-44e0-9552-15581fc2de04{ip: 192.168.5.153, host: pr-hdds-2137-trunk-mnh2s-3748177197, networkLocation: /default-rack, certSerialId: null}, Type:RATIS, Factor:THREE, State:CLOSED] moved to CLOSED state
2019-09-17 12:48:27,397 [EventQueue-CloseContainerForCloseContainerEventHandler] INFO  container.CloseContainerEventHandler (CloseContainerEventHandler.java:onMessage(61)) - Close container Event triggered for container : #4
2019-09-17 12:48:27,398 [EventQueue-CloseContainerForCloseContainerEventHandler] INFO  container.CloseContainerEventHandler (CloseContainerEventHandler.java:onMessage(61)) - Close container Event triggered for container : #5
2019-09-17 12:48:27,700 [java.util.concurrent.ThreadPoolExecutor$Worker@71af583c[State = -1, empty queue]] WARN  server.GrpcLogAppender (GrpcLogAppender.java:timeoutAppendRequest(200)) - 84ab4d91-000c-4523-9c5f-2c204b5f6601@group-1F9831CC3440->5e893e0a-56f7-4618-9f46-a6ff48173cb6-GrpcLogAppender: appendEntries Timeout, request=84ab4d91-000c-4523-9c5f-2c204b5f6601->5e893e0a-56f7-4618-9f46-a6ff48173cb6#67-t1, previous=(t:1, i:19), leaderCommit=15, initializing? false, entries: <empty>
2019-09-17 12:48:28,297 [grpc-default-executor-3] INFO  client.GrpcClientProtocolClient (GrpcClientProtocolClient.java:onNext(264)) - client-917C2951E632->f7ede272-a28a-44e0-9552-15581fc2de04: receive RaftClientReply:client-917C2951E632->f7ede272-a28a-44e0-9552-15581fc2de04@group-1F9831CC3440, cid=52, FAILED org.apache.ratis.protocol.NotLeaderException: Server f7ede272-a28a-44e0-9552-15581fc2de04@group-1F9831CC3440 is not the leader 84ab4d91-000c-4523-9c5f-2c204b5f6601:192.168.5.153:39178, logIndex=0, commits[f7ede272-a28a-44e0-9552-15581fc2de04:c15, 5e893e0a-56f7-4618-9f46-a6ff48173cb6:c11, 84ab4d91-000c-4523-9c5f-2c204b5f6601:c15]
 0.00% |█                                                                                                    |  0/1 Time: 0:05:32 0.00% |█                                                                                                    |  0/1 Time: 0:05:332019-09-17 12:48:29,437 [org.apache.ratis.server.impl.LogAppender$AppenderDaemon$$Lambda$509/159327213@5a9109f0] ERROR ratis.XceiverServerRatis (XceiverServerRatis.java:triggerPipelineClose(575)) - pipeline Action CLOSE  on pipeline PipelineID=e5966ae0-5fcf-4a62-bb3f-1f9831cc3440.Reason : 84ab4d91-000c-4523-9c5f-2c204b5f6601 has not seen follower/s 5e893e0a-56f7-4618-9f46-a6ff48173cb6 for 122330ms
2019-09-17 12:48:30,201 [java.util.concurrent.ThreadPoolExecutor$Worker@71af583c[State = -1, empty queue]] WARN  server.GrpcLogAppender (GrpcLogAppender.java:timeoutAppendRequest(200)) - 84ab4d91-000c-4523-9c5f-2c204b5f6601@group-1F9831CC3440->5e893e0a-56f7-4618-9f46-a6ff48173cb6-GrpcLogAppender: appendEntries Timeout, request=84ab4d91-000c-4523-9c5f-2c204b5f6601->5e893e0a-56f7-4618-9f46-a6ff48173cb6#68-t1, previous=(t:1, i:19), leaderCommit=15, initializing? false, entries: <empty>
 0.00% |█                                                                                                    |  0/1 Time: 0:05:342019-09-17 12:48:30,436 [EventQueue-PipelineActionsForPipelineActionHandler] ERROR pipeline.PipelineActionHandler (PipelineActionHandler.java:onMessage(60)) - Received pipeline action CLOSE for Pipeline[ Id: e5966ae0-5fcf-4a62-bb3f-1f9831cc3440, Nodes: 5e893e0a-56f7-4618-9f46-a6ff48173cb6{ip: 192.168.5.153, host: pr-hdds-2137-trunk-mnh2s-3748177197, networkLocation: /default-rack, certSerialId: null}84ab4d91-000c-4523-9c5f-2c204b5f6601{ip: 192.168.5.153, host: pr-hdds-2137-trunk-mnh2s-3748177197, networkLocation: /default-rack, certSerialId: null}f7ede272-a28a-44e0-9552-15581fc2de04{ip: 192.168.5.153, host: pr-hdds-2137-trunk-mnh2s-3748177197, networkLocation: /default-rack, certSerialId: null}, Type:RATIS, Factor:THREE, State:CLOSED] from datanode 84ab4d91-000c-4523-9c5f-2c204b5f6601{ip: 192.168.5.153, host: pr-hdds-2137-trunk-mnh2s-3748177197, networkLocation: /default-rack, certSerialId: null}. Reason : 84ab4d91-000c-4523-9c5f-2c204b5f6601 has not seen follower/s 5e893e0a-56f7-4618-9f46-a6ff48173cb6 for 122330ms
2019-09-17 12:48:30,436 [EventQueue-PipelineActionsForPipelineActionHandler] INFO  pipeline.SCMPipelineManager (SCMPipelineManager.java:finalizeAndDestroyPipeline(311)) - destroying pipeline:Pipeline[ Id: e5966ae0-5fcf-4a62-bb3f-1f9831cc3440, Nodes: 5e893e0a-56f7-4618-9f46-a6ff48173cb6{ip: 192.168.5.153, host: pr-hdds-2137-trunk-mnh2s-3748177197, networkLocation: /default-rack, certSerialId: null}84ab4d91-000c-4523-9c5f-2c204b5f6601{ip: 192.168.5.153, host: pr-hdds-2137-trunk-mnh2s-3748177197, networkLocation: /default-rack, certSerialId: null}f7ede272-a28a-44e0-9552-15581fc2de04{ip: 192.168.5.153, host: pr-hdds-2137-trunk-mnh2s-3748177197, networkLocation: /default-rack, certSerialId: null}, Type:RATIS, Factor:THREE, State:CLOSED]
 0.00% |█                                                                                                    |  0/1 Time: 0:05:352019-09-17 12:48:31,937 [org.apache.ratis.server.impl.LogAppender$AppenderDaemon$$Lambda$509/159327213@5a9109f0] ERROR ratis.XceiverServerRatis (XceiverServerRatis.java:triggerPipelineClose(575)) - pipeline Action CLOSE  on pipeline PipelineID=e5966ae0-5fcf-4a62-bb3f-1f9831cc3440.Reason : 84ab4d91-000c-4523-9c5f-2c204b5f6601 has not seen follower/s 5e893e0a-56f7-4618-9f46-a6ff48173cb6 for 124831ms
 0.00% |█                                                                                                    |  0/1 Time: 0:05:362019-09-17 12:48:32,435 [EventQueue-PipelineActionsForPipelineActionHandler] ERROR pipeline.PipelineActionHandler (PipelineActionHandler.java:onMessage(60)) - Received pipeline action CLOSE for Pipeline[ Id: e5966ae0-5fcf-4a62-bb3f-1f9831cc3440, Nodes: 5e893e0a-56f7-4618-9f46-a6ff48173cb6{ip: 192.168.5.153, host: pr-hdds-2137-trunk-mnh2s-3748177197, networkLocation: /default-rack, certSerialId: null}84ab4d91-000c-4523-9c5f-2c204b5f6601{ip: 192.168.5.153, host: pr-hdds-2137-trunk-mnh2s-3748177197, networkLocation: /default-rack, certSerialId: null}f7ede272-a28a-44e0-9552-15581fc2de04{ip: 192.168.5.153, host: pr-hdds-2137-trunk-mnh2s-3748177197, networkLocation: /default-rack, certSerialId: null}, Type:RATIS, Factor:THREE, State:CLOSED] from datanode 84ab4d91-000c-4523-9c5f-2c204b5f6601{ip: 192.168.5.153, host: pr-hdds-2137-trunk-mnh2s-3748177197, networkLocation: /default-rack, certSerialId: null}. Reason : 84ab4d91-000c-4523-9c5f-2c204b5f6601 has not seen follower/s 5e893e0a-56f7-4618-9f46-a6ff48173cb6 for 124831ms
2019-09-17 12:48:32,435 [EventQueue-PipelineActionsForPipelineActionHandler] INFO  pipeline.SCMPipelineManager (SCMPipelineManager.java:finalizeAndDestroyPipeline(311)) - destroying pipeline:Pipeline[ Id: e5966ae0-5fcf-4a62-bb3f-1f9831cc3440, Nodes: 5e893e0a-56f7-4618-9f46-a6ff48173cb6{ip: 192.168.5.153, host: pr-hdds-2137-trunk-mnh2s-3748177197, networkLocation: /default-rack, certSerialId: null}84ab4d91-000c-4523-9c5f-2c204b5f6601{ip: 192.168.5.153, host: pr-hdds-2137-trunk-mnh2s-3748177197, networkLocation: /default-rack, certSerialId: null}f7ede272-a28a-44e0-9552-15581fc2de04{ip: 192.168.5.153, host: pr-hdds-2137-trunk-mnh2s-3748177197, networkLocation: /default-rack, certSerialId: null}, Type:RATIS, Factor:THREE, State:CLOSED]
2019-09-17 12:48:32,436 [java.util.concurrent.ThreadPoolExecutor$Worker@71af583c[State = -1, empty queue]] WARN  server.GrpcLogAppender (GrpcLogAppender.java:timeoutAppendRequest(200)) - 84ab4d91-000c-4523-9c5f-2c204b5f6601@group-1F9831CC3440->5e893e0a-56f7-4618-9f46-a6ff48173cb6-GrpcLogAppender: appendEntries Timeout, request=84ab4d91-000c-4523-9c5f-2c204b5f6601->5e893e0a-56f7-4618-9f46-a6ff48173cb6#69-t1, previous=(t:1, i:19), leaderCommit=15, initializing? false, entries: size=1, first=(t:1, i:20), STATEMACHINELOGENTRY, client-5584102508AA, cid=13
2019-09-17 12:48:33,323 [grpc-default-executor-3] INFO  client.GrpcClientProtocolClient (GrpcClientProtocolClient.java:onNext(264)) - client-917C2951E632->f7ede272-a28a-44e0-9552-15581fc2de04: receive RaftClientReply:client-917C2951E632->f7ede272-a28a-44e0-9552-15581fc2de04@group-1F9831CC3440, cid=52, FAILED org.apache.ratis.protocol.NotLeaderException: Server f7ede272-a28a-44e0-9552-15581fc2de04@group-1F9831CC3440 is not the leader 84ab4d91-000c-4523-9c5f-2c204b5f6601:192.168.5.153:39178, logIndex=0, commits[f7ede272-a28a-44e0-9552-15581fc2de04:c15, 5e893e0a-56f7-4618-9f46-a6ff48173cb6:c11, 84ab4d91-000c-4523-9c5f-2c204b5f6601:c15]
 0.00% |█                                                                                                    |  0/1 Time: 0:05:37 0.00% |█                                                                                                    |  0/1 Time: 0:05:382019-09-17 12:48:34,438 [org.apache.ratis.server.impl.LogAppender$AppenderDaemon$$Lambda$509/159327213@5a9109f0] ERROR ratis.XceiverServerRatis (XceiverServerRatis.java:triggerPipelineClose(575)) - pipeline Action CLOSE  on pipeline PipelineID=e5966ae0-5fcf-4a62-bb3f-1f9831cc3440.Reason : 84ab4d91-000c-4523-9c5f-2c204b5f6601 has not seen follower/s 5e893e0a-56f7-4618-9f46-a6ff48173cb6 for 127332ms
2019-09-17 12:48:34,937 [java.util.concurrent.ThreadPoolExecutor$Worker@71af583c[State = -1, empty queue]] WARN  server.GrpcLogAppender (GrpcLogAppender.java:timeoutAppendRequest(200)) - 84ab4d91-000c-4523-9c5f-2c204b5f6601@group-1F9831CC3440->5e893e0a-56f7-4618-9f46-a6ff48173cb6-GrpcLogAppender: appendEntries Timeout, request=84ab4d91-000c-4523-9c5f-2c204b5f6601->5e893e0a-56f7-4618-9f46-a6ff48173cb6#70-t1, previous=(t:1, i:20), leaderCommit=15, initializing? false, entries: <empty>
 0.00% |█                                                                                                    |  0/1 Time: 0:05:392019-09-17 12:48:35,435 [EventQueue-PipelineActionsForPipelineActionHandler] ERROR pipeline.PipelineActionHandler (PipelineActionHandler.java:onMessage(60)) - Received pipeline action CLOSE for Pipeline[ Id: e5966ae0-5fcf-4a62-bb3f-1f9831cc3440, Nodes: 5e893e0a-56f7-4618-9f46-a6ff48173cb6{ip: 192.168.5.153, host: pr-hdds-2137-trunk-mnh2s-3748177197, networkLocation: /default-rack, certSerialId: null}84ab4d91-000c-4523-9c5f-2c204b5f6601{ip: 192.168.5.153, host: pr-hdds-2137-trunk-mnh2s-3748177197, networkLocation: /default-rack, certSerialId: null}f7ede272-a28a-44e0-9552-15581fc2de04{ip: 192.168.5.153, host: pr-hdds-2137-trunk-mnh2s-3748177197, networkLocation: /default-rack, certSerialId: null}, Type:RATIS, Factor:THREE, State:CLOSED] from datanode 84ab4d91-000c-4523-9c5f-2c204b5f6601{ip: 192.168.5.153, host: pr-hdds-2137-trunk-mnh2s-3748177197, networkLocation: /default-rack, certSerialId: null}. Reason : 84ab4d91-000c-4523-9c5f-2c204b5f6601 has not seen follower/s 5e893e0a-56f7-4618-9f46-a6ff48173cb6 for 127332ms
2019-09-17 12:48:35,435 [EventQueue-PipelineActionsForPipelineActionHandler] INFO  pipeline.SCMPipelineManager (SCMPipelineManager.java:finalizeAndDestroyPipeline(311)) - destroying pipeline:Pipeline[ Id: e5966ae0-5fcf-4a62-bb3f-1f9831cc3440, Nodes: 5e893e0a-56f7-4618-9f46-a6ff48173cb6{ip: 192.168.5.153, host: pr-hdds-2137-trunk-mnh2s-3748177197, networkLocation: /default-rack, certSerialId: null}84ab4d91-000c-4523-9c5f-2c204b5f6601{ip: 192.168.5.153, host: pr-hdds-2137-trunk-mnh2s-3748177197, networkLocation: /default-rack, certSerialId: null}f7ede272-a28a-44e0-9552-15581fc2de04{ip: 192.168.5.153, host: pr-hdds-2137-trunk-mnh2s-3748177197, networkLocation: /default-rack, certSerialId: null}, Type:RATIS, Factor:THREE, State:CLOSED]
 0.00% |█                                                                                                    |  0/1 Time: 0:05:402019-09-17 12:48:36,939 [org.apache.ratis.server.impl.LogAppender$AppenderDaemon$$Lambda$509/159327213@5a9109f0] ERROR ratis.XceiverServerRatis (XceiverServerRatis.java:triggerPipelineClose(575)) - pipeline Action CLOSE  on pipeline PipelineID=e5966ae0-5fcf-4a62-bb3f-1f9831cc3440.Reason : 84ab4d91-000c-4523-9c5f-2c204b5f6601 has not seen follower/s 5e893e0a-56f7-4618-9f46-a6ff48173cb6 for 129833ms
2019-09-17 12:48:37,165 [5e893e0a-56f7-4618-9f46-a6ff48173cb6@group-1F9831CC3440-SegmentedRaftLogWorker] WARN  segmented.SegmentedRaftLogWorker (SegmentedRaftLogWorker.java:getFromFuture(90)) - Timeout 12/~
org.apache.ratis.protocol.TimeoutIOException: Timeout 10s: WriteLog:16: (t:1, i:16), STATEMACHINELOGENTRY, client-917C2951E632, cid=52-writeStateMachineData
	at org.apache.ratis.util.IOUtils.getFromFuture(IOUtils.java:87)
	at org.apache.ratis.server.raftlog.segmented.SegmentedRaftLogWorker$StateMachineDataPolicy.getFromFuture(SegmentedRaftLogWorker.java:87)
	at org.apache.ratis.server.raftlog.segmented.SegmentedRaftLogWorker$WriteLog.execute(SegmentedRaftLogWorker.java:477)
	at org.apache.ratis.server.raftlog.segmented.SegmentedRaftLogWorker.run(SegmentedRaftLogWorker.java:289)
	at java.lang.Thread.run(Thread.java:748)
Caused by: java.util.concurrent.TimeoutException
	at java.util.concurrent.CompletableFuture.timedGet(CompletableFuture.java:1771)
	at java.util.concurrent.CompletableFuture.get(CompletableFuture.java:1915)
	at org.apache.ratis.util.IOUtils.getFromFuture(IOUtils.java:79)
	... 4 more
2019-09-17 12:48:37,166 [84ab4d91-000c-4523-9c5f-2c204b5f6601@group-1F9831CC3440-SegmentedRaftLogWorker] WARN  segmented.SegmentedRaftLogWorker (SegmentedRaftLogWorker.java:getFromFuture(90)) - Timeout 12/~
org.apache.ratis.protocol.TimeoutIOException: Timeout 10s: WriteLog:16: (t:1, i:16), STATEMACHINELOGENTRY, client-917C2951E632, cid=52-writeStateMachineData
	at org.apache.ratis.util.IOUtils.getFromFuture(IOUtils.java:87)
	at org.apache.ratis.server.raftlog.segmented.SegmentedRaftLogWorker$StateMachineDataPolicy.getFromFuture(SegmentedRaftLogWorker.java:87)
	at org.apache.ratis.server.raftlog.segmented.SegmentedRaftLogWorker$WriteLog.execute(SegmentedRaftLogWorker.java:477)
	at org.apache.ratis.server.raftlog.segmented.SegmentedRaftLogWorker.run(SegmentedRaftLogWorker.java:289)
	at java.lang.Thread.run(Thread.java:748)
Caused by: java.util.concurrent.TimeoutException
	at java.util.concurrent.CompletableFuture.timedGet(CompletableFuture.java:1771)
	at java.util.concurrent.CompletableFuture.get(CompletableFuture.java:1915)
	at org.apache.ratis.util.IOUtils.getFromFuture(IOUtils.java:79)
	... 4 more
 0.00% |█                                                                                                    |  0/1 Time: 0:05:412019-09-17 12:48:37,435 [EventQueue-PipelineActionsForPipelineActionHandler] ERROR pipeline.PipelineActionHandler (PipelineActionHandler.java:onMessage(60)) - Received pipeline action CLOSE for Pipeline[ Id: e5966ae0-5fcf-4a62-bb3f-1f9831cc3440, Nodes: 5e893e0a-56f7-4618-9f46-a6ff48173cb6{ip: 192.168.5.153, host: pr-hdds-2137-trunk-mnh2s-3748177197, networkLocation: /default-rack, certSerialId: null}84ab4d91-000c-4523-9c5f-2c204b5f6601{ip: 192.168.5.153, host: pr-hdds-2137-trunk-mnh2s-3748177197, networkLocation: /default-rack, certSerialId: null}f7ede272-a28a-44e0-9552-15581fc2de04{ip: 192.168.5.153, host: pr-hdds-2137-trunk-mnh2s-3748177197, networkLocation: /default-rack, certSerialId: null}, Type:RATIS, Factor:THREE, State:CLOSED] from datanode 84ab4d91-000c-4523-9c5f-2c204b5f6601{ip: 192.168.5.153, host: pr-hdds-2137-trunk-mnh2s-3748177197, networkLocation: /default-rack, certSerialId: null}. Reason : 84ab4d91-000c-4523-9c5f-2c204b5f6601 has not seen follower/s 5e893e0a-56f7-4618-9f46-a6ff48173cb6 for 129833ms
2019-09-17 12:48:37,436 [EventQueue-PipelineActionsForPipelineActionHandler] INFO  pipeline.SCMPipelineManager (SCMPipelineManager.java:finalizeAndDestroyPipeline(311)) - destroying pipeline:Pipeline[ Id: e5966ae0-5fcf-4a62-bb3f-1f9831cc3440, Nodes: 5e893e0a-56f7-4618-9f46-a6ff48173cb6{ip: 192.168.5.153, host: pr-hdds-2137-trunk-mnh2s-3748177197, networkLocation: /default-rack, certSerialId: null}84ab4d91-000c-4523-9c5f-2c204b5f6601{ip: 192.168.5.153, host: pr-hdds-2137-trunk-mnh2s-3748177197, networkLocation: /default-rack, certSerialId: null}f7ede272-a28a-44e0-9552-15581fc2de04{ip: 192.168.5.153, host: pr-hdds-2137-trunk-mnh2s-3748177197, networkLocation: /default-rack, certSerialId: null}, Type:RATIS, Factor:THREE, State:CLOSED]
2019-09-17 12:48:37,438 [java.util.concurrent.ThreadPoolExecutor$Worker@71af583c[State = -1, empty queue]] WARN  server.GrpcLogAppender (GrpcLogAppender.java:timeoutAppendRequest(200)) - 84ab4d91-000c-4523-9c5f-2c204b5f6601@group-1F9831CC3440->5e893e0a-56f7-4618-9f46-a6ff48173cb6-GrpcLogAppender: appendEntries Timeout, request=84ab4d91-000c-4523-9c5f-2c204b5f6601->5e893e0a-56f7-4618-9f46-a6ff48173cb6#71-t1, previous=(t:1, i:20), leaderCommit=15, initializing? false, entries: <empty>
 0.00% |█                                                                                                    |  0/1 Time: 0:05:422019-09-17 12:48:38,353 [grpc-default-executor-4] INFO  client.GrpcClientProtocolClient (GrpcClientProtocolClient.java:onNext(264)) - client-917C2951E632->5e893e0a-56f7-4618-9f46-a6ff48173cb6: receive RaftClientReply:client-917C2951E632->5e893e0a-56f7-4618-9f46-a6ff48173cb6@group-1F9831CC3440, cid=52, FAILED org.apache.ratis.protocol.NotLeaderException: Server 5e893e0a-56f7-4618-9f46-a6ff48173cb6@group-1F9831CC3440 is not the leader 84ab4d91-000c-4523-9c5f-2c204b5f6601:192.168.5.153:39178, logIndex=0, commits[5e893e0a-56f7-4618-9f46-a6ff48173cb6:c15, 84ab4d91-000c-4523-9c5f-2c204b5f6601:c15, f7ede272-a28a-44e0-9552-15581fc2de04:c15]
 0.00% |█                                                                                                    |  0/1 Time: 0:05:432019-09-17 12:48:39,440 [org.apache.ratis.server.impl.LogAppender$AppenderDaemon$$Lambda$509/159327213@5a9109f0] ERROR ratis.XceiverServerRatis (XceiverServerRatis.java:triggerPipelineClose(575)) - pipeline Action CLOSE  on pipeline PipelineID=e5966ae0-5fcf-4a62-bb3f-1f9831cc3440.Reason : 84ab4d91-000c-4523-9c5f-2c204b5f6601 has not seen follower/s 5e893e0a-56f7-4618-9f46-a6ff48173cb6 for 132334ms
2019-09-17 12:48:39,939 [java.util.concurrent.ThreadPoolExecutor$Worker@71af583c[State = -1, empty queue]] WARN  server.GrpcLogAppender (GrpcLogAppender.java:timeoutAppendRequest(200)) - 84ab4d91-000c-4523-9c5f-2c204b5f6601@group-1F9831CC3440->5e893e0a-56f7-4618-9f46-a6ff48173cb6-GrpcLogAppender: appendEntries Timeout, request=84ab4d91-000c-4523-9c5f-2c204b5f6601->5e893e0a-56f7-4618-9f46-a6ff48173cb6#72-t1, previous=(t:1, i:20), leaderCommit=15, initializing? false, entries: <empty>
 0.00% |█                                                                                                    |  0/1 Time: 0:05:442019-09-17 12:48:40,435 [EventQueue-PipelineActionsForPipelineActionHandler] ERROR pipeline.PipelineActionHandler (PipelineActionHandler.java:onMessage(60)) - Received pipeline action CLOSE for Pipeline[ Id: e5966ae0-5fcf-4a62-bb3f-1f9831cc3440, Nodes: 5e893e0a-56f7-4618-9f46-a6ff48173cb6{ip: 192.168.5.153, host: pr-hdds-2137-trunk-mnh2s-3748177197, networkLocation: /default-rack, certSerialId: null}84ab4d91-000c-4523-9c5f-2c204b5f6601{ip: 192.168.5.153, host: pr-hdds-2137-trunk-mnh2s-3748177197, networkLocation: /default-rack, certSerialId: null}f7ede272-a28a-44e0-9552-15581fc2de04{ip: 192.168.5.153, host: pr-hdds-2137-trunk-mnh2s-3748177197, networkLocation: /default-rack, certSerialId: null}, Type:RATIS, Factor:THREE, State:CLOSED] from datanode 84ab4d91-000c-4523-9c5f-2c204b5f6601{ip: 192.168.5.153, host: pr-hdds-2137-trunk-mnh2s-3748177197, networkLocation: /default-rack, certSerialId: null}. Reason : 84ab4d91-000c-4523-9c5f-2c204b5f6601 has not seen follower/s 5e893e0a-56f7-4618-9f46-a6ff48173cb6 for 132334ms
2019-09-17 12:48:40,435 [EventQueue-PipelineActionsForPipelineActionHandler] INFO  pipeline.SCMPipelineManager (SCMPipelineManager.java:finalizeAndDestroyPipeline(311)) - destroying pipeline:Pipeline[ Id: e5966ae0-5fcf-4a62-bb3f-1f9831cc3440, Nodes: 5e893e0a-56f7-4618-9f46-a6ff48173cb6{ip: 192.168.5.153, host: pr-hdds-2137-trunk-mnh2s-3748177197, networkLocation: /default-rack, certSerialId: null}84ab4d91-000c-4523-9c5f-2c204b5f6601{ip: 192.168.5.153, host: pr-hdds-2137-trunk-mnh2s-3748177197, networkLocation: /default-rack, certSerialId: null}f7ede272-a28a-44e0-9552-15581fc2de04{ip: 192.168.5.153, host: pr-hdds-2137-trunk-mnh2s-3748177197, networkLocation: /default-rack, certSerialId: null}, Type:RATIS, Factor:THREE, State:CLOSED]
 0.00% |█                                                                                                    |  0/1 Time: 0:05:452019-09-17 12:48:41,942 [org.apache.ratis.server.impl.LogAppender$AppenderDaemon$$Lambda$509/159327213@5a9109f0] ERROR ratis.XceiverServerRatis (XceiverServerRatis.java:triggerPipelineClose(575)) - pipeline Action CLOSE  on pipeline PipelineID=e5966ae0-5fcf-4a62-bb3f-1f9831cc3440.Reason : 84ab4d91-000c-4523-9c5f-2c204b5f6601 has not seen follower/s 5e893e0a-56f7-4618-9f46-a6ff48173cb6 for 134836ms
 0.00% |█                                                                                                    |  0/1 Time: 0:05:462019-09-17 12:48:42,436 [EventQueue-PipelineActionsForPipelineActionHandler] ERROR pipeline.PipelineActionHandler (PipelineActionHandler.java:onMessage(60)) - Received pipeline action CLOSE for Pipeline[ Id: e5966ae0-5fcf-4a62-bb3f-1f9831cc3440, Nodes: 5e893e0a-56f7-4618-9f46-a6ff48173cb6{ip: 192.168.5.153, host: pr-hdds-2137-trunk-mnh2s-3748177197, networkLocation: /default-rack, certSerialId: null}84ab4d91-000c-4523-9c5f-2c204b5f6601{ip: 192.168.5.153, host: pr-hdds-2137-trunk-mnh2s-3748177197, networkLocation: /default-rack, certSerialId: null}f7ede272-a28a-44e0-9552-15581fc2de04{ip: 192.168.5.153, host: pr-hdds-2137-trunk-mnh2s-3748177197, networkLocation: /default-rack, certSerialId: null}, Type:RATIS, Factor:THREE, State:CLOSED] from datanode 84ab4d91-000c-4523-9c5f-2c204b5f6601{ip: 192.168.5.153, host: pr-hdds-2137-trunk-mnh2s-3748177197, networkLocation: /default-rack, certSerialId: null}. Reason : 84ab4d91-000c-4523-9c5f-2c204b5f6601 has not seen follower/s 5e893e0a-56f7-4618-9f46-a6ff48173cb6 for 134836ms
2019-09-17 12:48:42,437 [EventQueue-PipelineActionsForPipelineActionHandler] INFO  pipeline.SCMPipelineManager (SCMPipelineManager.java:finalizeAndDestroyPipeline(311)) - destroying pipeline:Pipeline[ Id: e5966ae0-5fcf-4a62-bb3f-1f9831cc3440, Nodes: 5e893e0a-56f7-4618-9f46-a6ff48173cb6{ip: 192.168.5.153, host: pr-hdds-2137-trunk-mnh2s-3748177197, networkLocation: /default-rack, certSerialId: null}84ab4d91-000c-4523-9c5f-2c204b5f6601{ip: 192.168.5.153, host: pr-hdds-2137-trunk-mnh2s-3748177197, networkLocation: /default-rack, certSerialId: null}f7ede272-a28a-44e0-9552-15581fc2de04{ip: 192.168.5.153, host: pr-hdds-2137-trunk-mnh2s-3748177197, networkLocation: /default-rack, certSerialId: null}, Type:RATIS, Factor:THREE, State:CLOSED]
2019-09-17 12:48:42,440 [java.util.concurrent.ThreadPoolExecutor$Worker@71af583c[State = -1, empty queue]] WARN  server.GrpcLogAppender (GrpcLogAppender.java:timeoutAppendRequest(200)) - 84ab4d91-000c-4523-9c5f-2c204b5f6601@group-1F9831CC3440->5e893e0a-56f7-4618-9f46-a6ff48173cb6-GrpcLogAppender: appendEntries Timeout, request=84ab4d91-000c-4523-9c5f-2c204b5f6601->5e893e0a-56f7-4618-9f46-a6ff48173cb6#73-t1, previous=(t:1, i:20), leaderCommit=15, initializing? false, entries: <empty>
 0.00% |█                                                                                                    |  0/1 Time: 0:05:472019-09-17 12:48:43,390 [grpc-default-executor-4] INFO  client.GrpcClientProtocolClient (GrpcClientProtocolClient.java:onNext(264)) - client-917C2951E632->5e893e0a-56f7-4618-9f46-a6ff48173cb6: receive RaftClientReply:client-917C2951E632->5e893e0a-56f7-4618-9f46-a6ff48173cb6@group-1F9831CC3440, cid=52, FAILED org.apache.ratis.protocol.NotLeaderException: Server 5e893e0a-56f7-4618-9f46-a6ff48173cb6@group-1F9831CC3440 is not the leader 84ab4d91-000c-4523-9c5f-2c204b5f6601:192.168.5.153:39178, logIndex=0, commits[5e893e0a-56f7-4618-9f46-a6ff48173cb6:c15, 84ab4d91-000c-4523-9c5f-2c204b5f6601:c15, f7ede272-a28a-44e0-9552-15581fc2de04:c15]
 0.00% |█                                                                                                    |  0/1 Time: 0:05:482019-09-17 12:48:44,444 [org.apache.ratis.server.impl.LogAppender$AppenderDaemon$$Lambda$509/159327213@5a9109f0] ERROR ratis.XceiverServerRatis (XceiverServerRatis.java:triggerPipelineClose(575)) - pipeline Action CLOSE  on pipeline PipelineID=e5966ae0-5fcf-4a62-bb3f-1f9831cc3440.Reason : 84ab4d91-000c-4523-9c5f-2c204b5f6601 has not seen follower/s 5e893e0a-56f7-4618-9f46-a6ff48173cb6 for 137337ms
2019-09-17 12:48:44,942 [java.util.concurrent.ThreadPoolExecutor$Worker@71af583c[State = -1, empty queue]] WARN  server.GrpcLogAppender (GrpcLogAppender.java:timeoutAppendRequest(200)) - 84ab4d91-000c-4523-9c5f-2c204b5f6601@group-1F9831CC3440->5e893e0a-56f7-4618-9f46-a6ff48173cb6-GrpcLogAppender: appendEntries Timeout, request=84ab4d91-000c-4523-9c5f-2c204b5f6601->5e893e0a-56f7-4618-9f46-a6ff48173cb6#74-t1, previous=(t:1, i:20), leaderCommit=15, initializing? false, entries: <empty>
 0.00% |█                                                                                                    |  0/1 Time: 0:05:492019-09-17 12:48:45,435 [EventQueue-PipelineActionsForPipelineActionHandler] ERROR pipeline.PipelineActionHandler (PipelineActionHandler.java:onMessage(60)) - Received pipeline action CLOSE for Pipeline[ Id: e5966ae0-5fcf-4a62-bb3f-1f9831cc3440, Nodes: 5e893e0a-56f7-4618-9f46-a6ff48173cb6{ip: 192.168.5.153, host: pr-hdds-2137-trunk-mnh2s-3748177197, networkLocation: /default-rack, certSerialId: null}84ab4d91-000c-4523-9c5f-2c204b5f6601{ip: 192.168.5.153, host: pr-hdds-2137-trunk-mnh2s-3748177197, networkLocation: /default-rack, certSerialId: null}f7ede272-a28a-44e0-9552-15581fc2de04{ip: 192.168.5.153, host: pr-hdds-2137-trunk-mnh2s-3748177197, networkLocation: /default-rack, certSerialId: null}, Type:RATIS, Factor:THREE, State:CLOSED] from datanode 84ab4d91-000c-4523-9c5f-2c204b5f6601{ip: 192.168.5.153, host: pr-hdds-2137-trunk-mnh2s-3748177197, networkLocation: /default-rack, certSerialId: null}. Reason : 84ab4d91-000c-4523-9c5f-2c204b5f6601 has not seen follower/s 5e893e0a-56f7-4618-9f46-a6ff48173cb6 for 137337ms
2019-09-17 12:48:45,436 [EventQueue-PipelineActionsForPipelineActionHandler] INFO  pipeline.SCMPipelineManager (SCMPipelineManager.java:finalizeAndDestroyPipeline(311)) - destroying pipeline:Pipeline[ Id: e5966ae0-5fcf-4a62-bb3f-1f9831cc3440, Nodes: 5e893e0a-56f7-4618-9f46-a6ff48173cb6{ip: 192.168.5.153, host: pr-hdds-2137-trunk-mnh2s-3748177197, networkLocation: /default-rack, certSerialId: null}84ab4d91-000c-4523-9c5f-2c204b5f6601{ip: 192.168.5.153, host: pr-hdds-2137-trunk-mnh2s-3748177197, networkLocation: /default-rack, certSerialId: null}f7ede272-a28a-44e0-9552-15581fc2de04{ip: 192.168.5.153, host: pr-hdds-2137-trunk-mnh2s-3748177197, networkLocation: /default-rack, certSerialId: null}, Type:RATIS, Factor:THREE, State:CLOSED]
 0.00% |█                                                                                                    |  0/1 Time: 0:05:502019-09-17 12:48:46,944 [org.apache.ratis.server.impl.LogAppender$AppenderDaemon$$Lambda$509/159327213@5a9109f0] ERROR ratis.XceiverServerRatis (XceiverServerRatis.java:triggerPipelineClose(575)) - pipeline Action CLOSE  on pipeline PipelineID=e5966ae0-5fcf-4a62-bb3f-1f9831cc3440.Reason : 84ab4d91-000c-4523-9c5f-2c204b5f6601 has not seen follower/s 5e893e0a-56f7-4618-9f46-a6ff48173cb6 for 139838ms
2019-09-17 12:48:47,166 [5e893e0a-56f7-4618-9f46-a6ff48173cb6@group-1F9831CC3440-SegmentedRaftLogWorker] WARN  segmented.SegmentedRaftLogWorker (SegmentedRaftLogWorker.java:getFromFuture(90)) - Timeout 13/~
org.apache.ratis.protocol.TimeoutIOException: Timeout 10s: WriteLog:16: (t:1, i:16), STATEMACHINELOGENTRY, client-917C2951E632, cid=52-writeStateMachineData
	at org.apache.ratis.util.IOUtils.getFromFuture(IOUtils.java:87)
	at org.apache.ratis.server.raftlog.segmented.SegmentedRaftLogWorker$StateMachineDataPolicy.getFromFuture(SegmentedRaftLogWorker.java:87)
	at org.apache.ratis.server.raftlog.segmented.SegmentedRaftLogWorker$WriteLog.execute(SegmentedRaftLogWorker.java:477)
	at org.apache.ratis.server.raftlog.segmented.SegmentedRaftLogWorker.run(SegmentedRaftLogWorker.java:289)
	at java.lang.Thread.run(Thread.java:748)
Caused by: java.util.concurrent.TimeoutException
	at java.util.concurrent.CompletableFuture.timedGet(CompletableFuture.java:1771)
	at java.util.concurrent.CompletableFuture.get(CompletableFuture.java:1915)
	at org.apache.ratis.util.IOUtils.getFromFuture(IOUtils.java:79)
	... 4 more
2019-09-17 12:48:47,167 [84ab4d91-000c-4523-9c5f-2c204b5f6601@group-1F9831CC3440-SegmentedRaftLogWorker] WARN  segmented.SegmentedRaftLogWorker (SegmentedRaftLogWorker.java:getFromFuture(90)) - Timeout 13/~
org.apache.ratis.protocol.TimeoutIOException: Timeout 10s: WriteLog:16: (t:1, i:16), STATEMACHINELOGENTRY, client-917C2951E632, cid=52-writeStateMachineData
	at org.apache.ratis.util.IOUtils.getFromFuture(IOUtils.java:87)
	at org.apache.ratis.server.raftlog.segmented.SegmentedRaftLogWorker$StateMachineDataPolicy.getFromFuture(SegmentedRaftLogWorker.java:87)
	at org.apache.ratis.server.raftlog.segmented.SegmentedRaftLogWorker$WriteLog.execute(SegmentedRaftLogWorker.java:477)
	at org.apache.ratis.server.raftlog.segmented.SegmentedRaftLogWorker.run(SegmentedRaftLogWorker.java:289)
	at java.lang.Thread.run(Thread.java:748)
Caused by: java.util.concurrent.TimeoutException
	at java.util.concurrent.CompletableFuture.timedGet(CompletableFuture.java:1771)
	at java.util.concurrent.CompletableFuture.get(CompletableFuture.java:1915)
	at org.apache.ratis.util.IOUtils.getFromFuture(IOUtils.java:79)
	... 4 more
 0.00% |█                                                                                                    |  0/1 Time: 0:05:512019-09-17 12:48:47,436 [EventQueue-PipelineActionsForPipelineActionHandler] ERROR pipeline.PipelineActionHandler (PipelineActionHandler.java:onMessage(60)) - Received pipeline action CLOSE for Pipeline[ Id: e5966ae0-5fcf-4a62-bb3f-1f9831cc3440, Nodes: 5e893e0a-56f7-4618-9f46-a6ff48173cb6{ip: 192.168.5.153, host: pr-hdds-2137-trunk-mnh2s-3748177197, networkLocation: /default-rack, certSerialId: null}84ab4d91-000c-4523-9c5f-2c204b5f6601{ip: 192.168.5.153, host: pr-hdds-2137-trunk-mnh2s-3748177197, networkLocation: /default-rack, certSerialId: null}f7ede272-a28a-44e0-9552-15581fc2de04{ip: 192.168.5.153, host: pr-hdds-2137-trunk-mnh2s-3748177197, networkLocation: /default-rack, certSerialId: null}, Type:RATIS, Factor:THREE, State:CLOSED] from datanode 84ab4d91-000c-4523-9c5f-2c204b5f6601{ip: 192.168.5.153, host: pr-hdds-2137-trunk-mnh2s-3748177197, networkLocation: /default-rack, certSerialId: null}. Reason : 84ab4d91-000c-4523-9c5f-2c204b5f6601 has not seen follower/s 5e893e0a-56f7-4618-9f46-a6ff48173cb6 for 139838ms
2019-09-17 12:48:47,436 [EventQueue-PipelineActionsForPipelineActionHandler] INFO  pipeline.SCMPipelineManager (SCMPipelineManager.java:finalizeAndDestroyPipeline(311)) - destroying pipeline:Pipeline[ Id: e5966ae0-5fcf-4a62-bb3f-1f9831cc3440, Nodes: 5e893e0a-56f7-4618-9f46-a6ff48173cb6{ip: 192.168.5.153, host: pr-hdds-2137-trunk-mnh2s-3748177197, networkLocation: /default-rack, certSerialId: null}84ab4d91-000c-4523-9c5f-2c204b5f6601{ip: 192.168.5.153, host: pr-hdds-2137-trunk-mnh2s-3748177197, networkLocation: /default-rack, certSerialId: null}f7ede272-a28a-44e0-9552-15581fc2de04{ip: 192.168.5.153, host: pr-hdds-2137-trunk-mnh2s-3748177197, networkLocation: /default-rack, certSerialId: null}, Type:RATIS, Factor:THREE, State:CLOSED]
2019-09-17 12:48:47,443 [java.util.concurrent.ThreadPoolExecutor$Worker@71af583c[State = -1, empty queue]] WARN  server.GrpcLogAppender (GrpcLogAppender.java:timeoutAppendRequest(200)) - 84ab4d91-000c-4523-9c5f-2c204b5f6601@group-1F9831CC3440->5e893e0a-56f7-4618-9f46-a6ff48173cb6-GrpcLogAppender: appendEntries Timeout, request=84ab4d91-000c-4523-9c5f-2c204b5f6601->5e893e0a-56f7-4618-9f46-a6ff48173cb6#75-t1, previous=(t:1, i:20), leaderCommit=15, initializing? false, entries: <empty>
 0.00% |█                                                                                                    |  0/1 Time: 0:05:522019-09-17 12:48:48,425 [grpc-default-executor-2] INFO  client.GrpcClientProtocolClient (GrpcClientProtocolClient.java:onNext(264)) - client-917C2951E632->5e893e0a-56f7-4618-9f46-a6ff48173cb6: receive RaftClientReply:client-917C2951E632->5e893e0a-56f7-4618-9f46-a6ff48173cb6@group-1F9831CC3440, cid=52, FAILED org.apache.ratis.protocol.NotLeaderException: Server 5e893e0a-56f7-4618-9f46-a6ff48173cb6@group-1F9831CC3440 is not the leader 84ab4d91-000c-4523-9c5f-2c204b5f6601:192.168.5.153:39178, logIndex=0, commits[5e893e0a-56f7-4618-9f46-a6ff48173cb6:c15, 84ab4d91-000c-4523-9c5f-2c204b5f6601:c15, f7ede272-a28a-44e0-9552-15581fc2de04:c15]
 0.00% |█                                                                                                    |  0/1 Time: 0:05:532019-09-17 12:48:49,446 [org.apache.ratis.server.impl.LogAppender$AppenderDaemon$$Lambda$509/159327213@5a9109f0] ERROR ratis.XceiverServerRatis (XceiverServerRatis.java:triggerPipelineClose(575)) - pipeline Action CLOSE  on pipeline PipelineID=e5966ae0-5fcf-4a62-bb3f-1f9831cc3440.Reason : 84ab4d91-000c-4523-9c5f-2c204b5f6601 has not seen follower/s 5e893e0a-56f7-4618-9f46-a6ff48173cb6 for 142340ms
2019-09-17 12:48:49,945 [java.util.concurrent.ThreadPoolExecutor$Worker@71af583c[State = -1, empty queue]] WARN  server.GrpcLogAppender (GrpcLogAppender.java:timeoutAppendRequest(200)) - 84ab4d91-000c-4523-9c5f-2c204b5f6601@group-1F9831CC3440->5e893e0a-56f7-4618-9f46-a6ff48173cb6-GrpcLogAppender: appendEntries Timeout, request=84ab4d91-000c-4523-9c5f-2c204b5f6601->5e893e0a-56f7-4618-9f46-a6ff48173cb6#76-t1, previous=(t:1, i:20), leaderCommit=15, initializing? false, entries: <empty>
 0.00% |█                                                                                                    |  0/1 Time: 0:05:542019-09-17 12:48:50,439 [EventQueue-PipelineActionsForPipelineActionHandler] ERROR pipeline.PipelineActionHandler (PipelineActionHandler.java:onMessage(60)) - Received pipeline action CLOSE for Pipeline[ Id: e5966ae0-5fcf-4a62-bb3f-1f9831cc3440, Nodes: 5e893e0a-56f7-4618-9f46-a6ff48173cb6{ip: 192.168.5.153, host: pr-hdds-2137-trunk-mnh2s-3748177197, networkLocation: /default-rack, certSerialId: null}84ab4d91-000c-4523-9c5f-2c204b5f6601{ip: 192.168.5.153, host: pr-hdds-2137-trunk-mnh2s-3748177197, networkLocation: /default-rack, certSerialId: null}f7ede272-a28a-44e0-9552-15581fc2de04{ip: 192.168.5.153, host: pr-hdds-2137-trunk-mnh2s-3748177197, networkLocation: /default-rack, certSerialId: null}, Type:RATIS, Factor:THREE, State:CLOSED] from datanode 84ab4d91-000c-4523-9c5f-2c204b5f6601{ip: 192.168.5.153, host: pr-hdds-2137-trunk-mnh2s-3748177197, networkLocation: /default-rack, certSerialId: null}. Reason : 84ab4d91-000c-4523-9c5f-2c204b5f6601 has not seen follower/s 5e893e0a-56f7-4618-9f46-a6ff48173cb6 for 142340ms
2019-09-17 12:48:50,439 [EventQueue-PipelineActionsForPipelineActionHandler] INFO  pipeline.SCMPipelineManager (SCMPipelineManager.java:finalizeAndDestroyPipeline(311)) - destroying pipeline:Pipeline[ Id: e5966ae0-5fcf-4a62-bb3f-1f9831cc3440, Nodes: 5e893e0a-56f7-4618-9f46-a6ff48173cb6{ip: 192.168.5.153, host: pr-hdds-2137-trunk-mnh2s-3748177197, networkLocation: /default-rack, certSerialId: null}84ab4d91-000c-4523-9c5f-2c204b5f6601{ip: 192.168.5.153, host: pr-hdds-2137-trunk-mnh2s-3748177197, networkLocation: /default-rack, certSerialId: null}f7ede272-a28a-44e0-9552-15581fc2de04{ip: 192.168.5.153, host: pr-hdds-2137-trunk-mnh2s-3748177197, networkLocation: /default-rack, certSerialId: null}, Type:RATIS, Factor:THREE, State:CLOSED]
 0.00% |█                                                                                                    |  0/1 Time: 0:05:552019-09-17 12:48:51,947 [org.apache.ratis.server.impl.LogAppender$AppenderDaemon$$Lambda$509/159327213@5a9109f0] ERROR ratis.XceiverServerRatis (XceiverServerRatis.java:triggerPipelineClose(575)) - pipeline Action CLOSE  on pipeline PipelineID=e5966ae0-5fcf-4a62-bb3f-1f9831cc3440.Reason : 84ab4d91-000c-4523-9c5f-2c204b5f6601 has not seen follower/s 5e893e0a-56f7-4618-9f46-a6ff48173cb6 for 144841ms
 0.00% |█                                                                                                    |  0/1 Time: 0:05:562019-09-17 12:48:52,437 [EventQueue-PipelineActionsForPipelineActionHandler] ERROR pipeline.PipelineActionHandler (PipelineActionHandler.java:onMessage(60)) - Received pipeline action CLOSE for Pipeline[ Id: e5966ae0-5fcf-4a62-bb3f-1f9831cc3440, Nodes: 5e893e0a-56f7-4618-9f46-a6ff48173cb6{ip: 192.168.5.153, host: pr-hdds-2137-trunk-mnh2s-3748177197, networkLocation: /default-rack, certSerialId: null}84ab4d91-000c-4523-9c5f-2c204b5f6601{ip: 192.168.5.153, host: pr-hdds-2137-trunk-mnh2s-3748177197, networkLocation: /default-rack, certSerialId: null}f7ede272-a28a-44e0-9552-15581fc2de04{ip: 192.168.5.153, host: pr-hdds-2137-trunk-mnh2s-3748177197, networkLocation: /default-rack, certSerialId: null}, Type:RATIS, Factor:THREE, State:CLOSED] from datanode 84ab4d91-000c-4523-9c5f-2c204b5f6601{ip: 192.168.5.153, host: pr-hdds-2137-trunk-mnh2s-3748177197, networkLocation: /default-rack, certSerialId: null}. Reason : 84ab4d91-000c-4523-9c5f-2c204b5f6601 has not seen follower/s 5e893e0a-56f7-4618-9f46-a6ff48173cb6 for 144841ms
2019-09-17 12:48:52,438 [EventQueue-PipelineActionsForPipelineActionHandler] INFO  pipeline.SCMPipelineManager (SCMPipelineManager.java:finalizeAndDestroyPipeline(311)) - destroying pipeline:Pipeline[ Id: e5966ae0-5fcf-4a62-bb3f-1f9831cc3440, Nodes: 5e893e0a-56f7-4618-9f46-a6ff48173cb6{ip: 192.168.5.153, host: pr-hdds-2137-trunk-mnh2s-3748177197, networkLocation: /default-rack, certSerialId: null}84ab4d91-000c-4523-9c5f-2c204b5f6601{ip: 192.168.5.153, host: pr-hdds-2137-trunk-mnh2s-3748177197, networkLocation: /default-rack, certSerialId: null}f7ede272-a28a-44e0-9552-15581fc2de04{ip: 192.168.5.153, host: pr-hdds-2137-trunk-mnh2s-3748177197, networkLocation: /default-rack, certSerialId: null}, Type:RATIS, Factor:THREE, State:CLOSED]
2019-09-17 12:48:52,446 [java.util.concurrent.ThreadPoolExecutor$Worker@71af583c[State = -1, empty queue]] WARN  server.GrpcLogAppender (GrpcLogAppender.java:timeoutAppendRequest(200)) - 84ab4d91-000c-4523-9c5f-2c204b5f6601@group-1F9831CC3440->5e893e0a-56f7-4618-9f46-a6ff48173cb6-GrpcLogAppender: appendEntries Timeout, request=84ab4d91-000c-4523-9c5f-2c204b5f6601->5e893e0a-56f7-4618-9f46-a6ff48173cb6#77-t1, previous=(t:1, i:20), leaderCommit=15, initializing? false, entries: <empty>
 0.00% |█                                                                                                    |  0/1 Time: 0:05:572019-09-17 12:48:53,456 [grpc-default-executor-4] INFO  client.GrpcClientProtocolClient (GrpcClientProtocolClient.java:onNext(264)) - client-917C2951E632->f7ede272-a28a-44e0-9552-15581fc2de04: receive RaftClientReply:client-917C2951E632->f7ede272-a28a-44e0-9552-15581fc2de04@group-1F9831CC3440, cid=52, FAILED org.apache.ratis.protocol.NotLeaderException: Server f7ede272-a28a-44e0-9552-15581fc2de04@group-1F9831CC3440 is not the leader 84ab4d91-000c-4523-9c5f-2c204b5f6601:192.168.5.153:39178, logIndex=0, commits[f7ede272-a28a-44e0-9552-15581fc2de04:c15, 5e893e0a-56f7-4618-9f46-a6ff48173cb6:c11, 84ab4d91-000c-4523-9c5f-2c204b5f6601:c15]
 0.00% |█                                                                                                    |  0/1 Time: 0:05:582019-09-17 12:48:54,448 [org.apache.ratis.server.impl.LogAppender$AppenderDaemon$$Lambda$509/159327213@5a9109f0] ERROR ratis.XceiverServerRatis (XceiverServerRatis.java:triggerPipelineClose(575)) - pipeline Action CLOSE  on pipeline PipelineID=e5966ae0-5fcf-4a62-bb3f-1f9831cc3440.Reason : 84ab4d91-000c-4523-9c5f-2c204b5f6601 has not seen follower/s 5e893e0a-56f7-4618-9f46-a6ff48173cb6 for 147342ms
2019-09-17 12:48:54,947 [java.util.concurrent.ThreadPoolExecutor$Worker@71af583c[State = -1, empty queue]] WARN  server.GrpcLogAppender (GrpcLogAppender.java:timeoutAppendRequest(200)) - 84ab4d91-000c-4523-9c5f-2c204b5f6601@group-1F9831CC3440->5e893e0a-56f7-4618-9f46-a6ff48173cb6-GrpcLogAppender: appendEntries Timeout, request=84ab4d91-000c-4523-9c5f-2c204b5f6601->5e893e0a-56f7-4618-9f46-a6ff48173cb6#78-t1, previous=(t:1, i:20), leaderCommit=15, initializing? false, entries: <empty>
 0.00% |█                                                                                                    |  0/1 Time: 0:05:592019-09-17 12:48:55,437 [EventQueue-PipelineActionsForPipelineActionHandler] ERROR pipeline.PipelineActionHandler (PipelineActionHandler.java:onMessage(60)) - Received pipeline action CLOSE for Pipeline[ Id: e5966ae0-5fcf-4a62-bb3f-1f9831cc3440, Nodes: 5e893e0a-56f7-4618-9f46-a6ff48173cb6{ip: 192.168.5.153, host: pr-hdds-2137-trunk-mnh2s-3748177197, networkLocation: /default-rack, certSerialId: null}84ab4d91-000c-4523-9c5f-2c204b5f6601{ip: 192.168.5.153, host: pr-hdds-2137-trunk-mnh2s-3748177197, networkLocation: /default-rack, certSerialId: null}f7ede272-a28a-44e0-9552-15581fc2de04{ip: 192.168.5.153, host: pr-hdds-2137-trunk-mnh2s-3748177197, networkLocation: /default-rack, certSerialId: null}, Type:RATIS, Factor:THREE, State:CLOSED] from datanode 84ab4d91-000c-4523-9c5f-2c204b5f6601{ip: 192.168.5.153, host: pr-hdds-2137-trunk-mnh2s-3748177197, networkLocation: /default-rack, certSerialId: null}. Reason : 84ab4d91-000c-4523-9c5f-2c204b5f6601 has not seen follower/s 5e893e0a-56f7-4618-9f46-a6ff48173cb6 for 147342ms
2019-09-17 12:48:55,438 [EventQueue-PipelineActionsForPipelineActionHandler] INFO  pipeline.SCMPipelineManager (SCMPipelineManager.java:finalizeAndDestroyPipeline(311)) - destroying pipeline:Pipeline[ Id: e5966ae0-5fcf-4a62-bb3f-1f9831cc3440, Nodes: 5e893e0a-56f7-4618-9f46-a6ff48173cb6{ip: 192.168.5.153, host: pr-hdds-2137-trunk-mnh2s-3748177197, networkLocation: /default-rack, certSerialId: null}84ab4d91-000c-4523-9c5f-2c204b5f6601{ip: 192.168.5.153, host: pr-hdds-2137-trunk-mnh2s-3748177197, networkLocation: /default-rack, certSerialId: null}f7ede272-a28a-44e0-9552-15581fc2de04{ip: 192.168.5.153, host: pr-hdds-2137-trunk-mnh2s-3748177197, networkLocation: /default-rack, certSerialId: null}, Type:RATIS, Factor:THREE, State:CLOSED]
 0.00% |█                                                                                                    |  0/1 Time: 0:06:002019-09-17 12:48:56,763 [grpc-default-executor-4] INFO  impl.RaftServerProxy (RaftServerProxy.java:addNew(89)) - 5e893e0a-56f7-4618-9f46-a6ff48173cb6: addNew group-869F42A7192E:[5e893e0a-56f7-4618-9f46-a6ff48173cb6:192.168.5.153:37060, 84ab4d91-000c-4523-9c5f-2c204b5f6601:192.168.5.153:39178, f7ede272-a28a-44e0-9552-15581fc2de04:192.168.5.153:38263] returns group-869F42A7192E:java.util.concurrent.CompletableFuture@550cbe7c[Not completed]
2019-09-17 12:48:56,763 [grpc-default-executor-3] INFO  impl.RaftServerProxy (RaftServerProxy.java:addNew(89)) - 84ab4d91-000c-4523-9c5f-2c204b5f6601: addNew group-869F42A7192E:[5e893e0a-56f7-4618-9f46-a6ff48173cb6:192.168.5.153:37060, 84ab4d91-000c-4523-9c5f-2c204b5f6601:192.168.5.153:39178, f7ede272-a28a-44e0-9552-15581fc2de04:192.168.5.153:38263] returns group-869F42A7192E:java.util.concurrent.CompletableFuture@c2012c8[Not completed]
2019-09-17 12:48:56,763 [grpc-default-executor-2] INFO  impl.RaftServerProxy (RaftServerProxy.java:addNew(89)) - f7ede272-a28a-44e0-9552-15581fc2de04: addNew group-869F42A7192E:[5e893e0a-56f7-4618-9f46-a6ff48173cb6:192.168.5.153:37060, 84ab4d91-000c-4523-9c5f-2c204b5f6601:192.168.5.153:39178, f7ede272-a28a-44e0-9552-15581fc2de04:192.168.5.153:38263] returns group-869F42A7192E:java.util.concurrent.CompletableFuture@417dab77[Not completed]
2019-09-17 12:48:56,765 [pool-27-thread-1] INFO  impl.RaftServerImpl (RaftServerImpl.java:<init>(95)) - 5e893e0a-56f7-4618-9f46-a6ff48173cb6: new RaftServerImpl for group-869F42A7192E:[5e893e0a-56f7-4618-9f46-a6ff48173cb6:192.168.5.153:37060, 84ab4d91-000c-4523-9c5f-2c204b5f6601:192.168.5.153:39178, f7ede272-a28a-44e0-9552-15581fc2de04:192.168.5.153:38263] with ContainerStateMachine:uninitialized
2019-09-17 12:48:56,765 [pool-27-thread-1] INFO  server.RaftServerConfigKeys (ConfUtils.java:logGet(43)) - raft.server.rpc.timeout.min = 5s (custom)
2019-09-17 12:48:56,765 [pool-27-thread-1] INFO  server.RaftServerConfigKeys (ConfUtils.java:logGet(43)) - raft.server.rpc.timeout.max = 5200ms (custom)
2019-09-17 12:48:56,765 [pool-27-thread-1] INFO  server.RaftServerConfigKeys (ConfUtils.java:logGet(43)) - raft.server.rpcslowness.timeout = 120s (custom)
2019-09-17 12:48:56,766 [pool-27-thread-1] INFO  server.RaftServerConfigKeys (ConfUtils.java:logGet(43)) - raft.server.sleep.deviation.threshold = 300 (default)
2019-09-17 12:48:56,766 [pool-27-thread-1] INFO  server.RaftServerConfigKeys (ConfUtils.java:logGet(43)) - raft.server.log.appender.install.snapshot.enabled = false (custom)
2019-09-17 12:48:56,766 [pool-27-thread-1] INFO  impl.RaftServerImpl (ServerState.java:<init>(103)) - 5e893e0a-56f7-4618-9f46-a6ff48173cb6@group-869F42A7192E: ConfigurationManager, init=-1: [5e893e0a-56f7-4618-9f46-a6ff48173cb6:192.168.5.153:37060, 84ab4d91-000c-4523-9c5f-2c204b5f6601:192.168.5.153:39178, f7ede272-a28a-44e0-9552-15581fc2de04:192.168.5.153:38263], old=null, confs=<EMPTY_MAP>
2019-09-17 12:48:56,766 [pool-37-thread-1] INFO  impl.RaftServerImpl (RaftServerImpl.java:<init>(95)) - 84ab4d91-000c-4523-9c5f-2c204b5f6601: new RaftServerImpl for group-869F42A7192E:[5e893e0a-56f7-4618-9f46-a6ff48173cb6:192.168.5.153:37060, 84ab4d91-000c-4523-9c5f-2c204b5f6601:192.168.5.153:39178, f7ede272-a28a-44e0-9552-15581fc2de04:192.168.5.153:38263] with ContainerStateMachine:uninitialized
2019-09-17 12:48:56,766 [pool-27-thread-1] INFO  server.RaftServerConfigKeys (ConfUtils.java:logGet(43)) - raft.server.storage.dir = [/tmp/workdir/hadoop-ozone/tools/target/test-dir/MiniOzoneClusterImpl-50a1f6bc-759b-451e-a5dd-d4a59b2daa65/datanode-0/data/ratis] (custom)
2019-09-17 12:48:56,766 [pool-37-thread-1] INFO  server.RaftServerConfigKeys (ConfUtils.java:logGet(43)) - raft.server.rpc.timeout.min = 5s (custom)
2019-09-17 12:48:56,766 [pool-37-thread-1] INFO  server.RaftServerConfigKeys (ConfUtils.java:logGet(43)) - raft.server.rpc.timeout.max = 5200ms (custom)
2019-09-17 12:48:56,766 [pool-37-thread-1] INFO  server.RaftServerConfigKeys (ConfUtils.java:logGet(43)) - raft.server.rpcslowness.timeout = 120s (custom)
2019-09-17 12:48:56,766 [pool-27-thread-1] INFO  storage.RaftStorageDirectory (RaftStorageDirectory.java:analyzeStorage(246)) - The storage directory /tmp/workdir/hadoop-ozone/tools/target/test-dir/MiniOzoneClusterImpl-50a1f6bc-759b-451e-a5dd-d4a59b2daa65/datanode-0/data/ratis/beaf19c3-da84-45d5-96c5-869f42a7192e does not exist. Creating ...
2019-09-17 12:48:56,766 [pool-47-thread-1] INFO  impl.RaftServerImpl (RaftServerImpl.java:<init>(95)) - f7ede272-a28a-44e0-9552-15581fc2de04: new RaftServerImpl for group-869F42A7192E:[5e893e0a-56f7-4618-9f46-a6ff48173cb6:192.168.5.153:37060, 84ab4d91-000c-4523-9c5f-2c204b5f6601:192.168.5.153:39178, f7ede272-a28a-44e0-9552-15581fc2de04:192.168.5.153:38263] with ContainerStateMachine:uninitialized
2019-09-17 12:48:56,766 [pool-37-thread-1] INFO  server.RaftServerConfigKeys (ConfUtils.java:logGet(43)) - raft.server.sleep.deviation.threshold = 300 (default)
2019-09-17 12:48:56,767 [pool-47-thread-1] INFO  server.RaftServerConfigKeys (ConfUtils.java:logGet(43)) - raft.server.rpc.timeout.min = 5s (custom)
2019-09-17 12:48:56,767 [pool-37-thread-1] INFO  server.RaftServerConfigKeys (ConfUtils.java:logGet(43)) - raft.server.log.appender.install.snapshot.enabled = false (custom)
2019-09-17 12:48:56,767 [pool-47-thread-1] INFO  server.RaftServerConfigKeys (ConfUtils.java:logGet(43)) - raft.server.rpc.timeout.max = 5200ms (custom)
2019-09-17 12:48:56,767 [pool-37-thread-1] INFO  impl.RaftServerImpl (ServerState.java:<init>(103)) - 84ab4d91-000c-4523-9c5f-2c204b5f6601@group-869F42A7192E: ConfigurationManager, init=-1: [5e893e0a-56f7-4618-9f46-a6ff48173cb6:192.168.5.153:37060, 84ab4d91-000c-4523-9c5f-2c204b5f6601:192.168.5.153:39178, f7ede272-a28a-44e0-9552-15581fc2de04:192.168.5.153:38263], old=null, confs=<EMPTY_MAP>
2019-09-17 12:48:56,767 [pool-47-thread-1] INFO  server.RaftServerConfigKeys (ConfUtils.java:logGet(43)) - raft.server.rpcslowness.timeout = 120s (custom)
2019-09-17 12:48:56,767 [pool-37-thread-1] INFO  server.RaftServerConfigKeys (ConfUtils.java:logGet(43)) - raft.server.storage.dir = [/tmp/workdir/hadoop-ozone/tools/target/test-dir/MiniOzoneClusterImpl-50a1f6bc-759b-451e-a5dd-d4a59b2daa65/datanode-1/data/ratis] (custom)
2019-09-17 12:48:56,767 [pool-47-thread-1] INFO  server.RaftServerConfigKeys (ConfUtils.java:logGet(43)) - raft.server.sleep.deviation.threshold = 300 (default)
2019-09-17 12:48:56,768 [pool-47-thread-1] INFO  server.RaftServerConfigKeys (ConfUtils.java:logGet(43)) - raft.server.log.appender.install.snapshot.enabled = false (custom)
2019-09-17 12:48:56,768 [pool-47-thread-1] INFO  impl.RaftServerImpl (ServerState.java:<init>(103)) - f7ede272-a28a-44e0-9552-15581fc2de04@group-869F42A7192E: ConfigurationManager, init=-1: [5e893e0a-56f7-4618-9f46-a6ff48173cb6:192.168.5.153:37060, 84ab4d91-000c-4523-9c5f-2c204b5f6601:192.168.5.153:39178, f7ede272-a28a-44e0-9552-15581fc2de04:192.168.5.153:38263], old=null, confs=<EMPTY_MAP>
2019-09-17 12:48:56,768 [pool-37-thread-1] INFO  storage.RaftStorageDirectory (RaftStorageDirectory.java:analyzeStorage(246)) - The storage directory /tmp/workdir/hadoop-ozone/tools/target/test-dir/MiniOzoneClusterImpl-50a1f6bc-759b-451e-a5dd-d4a59b2daa65/datanode-1/data/ratis/beaf19c3-da84-45d5-96c5-869f42a7192e does not exist. Creating ...
2019-09-17 12:48:56,768 [pool-47-thread-1] INFO  server.RaftServerConfigKeys (ConfUtils.java:logGet(43)) - raft.server.storage.dir = [/tmp/workdir/hadoop-ozone/tools/target/test-dir/MiniOzoneClusterImpl-50a1f6bc-759b-451e-a5dd-d4a59b2daa65/datanode-2/data/ratis] (custom)
2019-09-17 12:48:56,768 [pool-47-thread-1] INFO  storage.RaftStorageDirectory (RaftStorageDirectory.java:analyzeStorage(246)) - The storage directory /tmp/workdir/hadoop-ozone/tools/target/test-dir/MiniOzoneClusterImpl-50a1f6bc-759b-451e-a5dd-d4a59b2daa65/datanode-2/data/ratis/beaf19c3-da84-45d5-96c5-869f42a7192e does not exist. Creating ...
2019-09-17 12:48:56,783 [pool-47-thread-1] INFO  storage.RaftStorageDirectory (RaftStorageDirectory.java:tryLock(328)) - Lock on /tmp/workdir/hadoop-ozone/tools/target/test-dir/MiniOzoneClusterImpl-50a1f6bc-759b-451e-a5dd-d4a59b2daa65/datanode-2/data/ratis/beaf19c3-da84-45d5-96c5-869f42a7192e/in_use.lock acquired by nodename 20616@pr-hdds-2137-trunk-mnh2s-3748177197
2019-09-17 12:48:56,783 [pool-27-thread-1] INFO  storage.RaftStorageDirectory (RaftStorageDirectory.java:tryLock(328)) - Lock on /tmp/workdir/hadoop-ozone/tools/target/test-dir/MiniOzoneClusterImpl-50a1f6bc-759b-451e-a5dd-d4a59b2daa65/datanode-0/data/ratis/beaf19c3-da84-45d5-96c5-869f42a7192e/in_use.lock acquired by nodename 20616@pr-hdds-2137-trunk-mnh2s-3748177197
2019-09-17 12:48:56,783 [pool-37-thread-1] INFO  storage.RaftStorageDirectory (RaftStorageDirectory.java:tryLock(328)) - Lock on /tmp/workdir/hadoop-ozone/tools/target/test-dir/MiniOzoneClusterImpl-50a1f6bc-759b-451e-a5dd-d4a59b2daa65/datanode-1/data/ratis/beaf19c3-da84-45d5-96c5-869f42a7192e/in_use.lock acquired by nodename 20616@pr-hdds-2137-trunk-mnh2s-3748177197
2019-09-17 12:48:56,805 [pool-37-thread-1] INFO  storage.RaftStorage (RaftStorage.java:format(72)) - Storage directory /tmp/workdir/hadoop-ozone/tools/target/test-dir/MiniOzoneClusterImpl-50a1f6bc-759b-451e-a5dd-d4a59b2daa65/datanode-1/data/ratis/beaf19c3-da84-45d5-96c5-869f42a7192e has been successfully formatted.
2019-09-17 12:48:56,805 [pool-27-thread-1] INFO  storage.RaftStorage (RaftStorage.java:format(72)) - Storage directory /tmp/workdir/hadoop-ozone/tools/target/test-dir/MiniOzoneClusterImpl-50a1f6bc-759b-451e-a5dd-d4a59b2daa65/datanode-0/data/ratis/beaf19c3-da84-45d5-96c5-869f42a7192e has been successfully formatted.
2019-09-17 12:48:56,805 [pool-47-thread-1] INFO  storage.RaftStorage (RaftStorage.java:format(72)) - Storage directory /tmp/workdir/hadoop-ozone/tools/target/test-dir/MiniOzoneClusterImpl-50a1f6bc-759b-451e-a5dd-d4a59b2daa65/datanode-2/data/ratis/beaf19c3-da84-45d5-96c5-869f42a7192e has been successfully formatted.
2019-09-17 12:48:56,805 [pool-37-thread-1] INFO  ratis.ContainerStateMachine (ContainerStateMachine.java:loadSnapshot(230)) - group-869F42A7192E: The snapshot info is null. Setting the last applied indexto:(t:0, i:~)
2019-09-17 12:48:56,805 [pool-47-thread-1] INFO  ratis.ContainerStateMachine (ContainerStateMachine.java:loadSnapshot(230)) - group-869F42A7192E: The snapshot info is null. Setting the last applied indexto:(t:0, i:~)
2019-09-17 12:48:56,805 [pool-27-thread-1] INFO  ratis.ContainerStateMachine (ContainerStateMachine.java:loadSnapshot(230)) - group-869F42A7192E: The snapshot info is null. Setting the last applied indexto:(t:0, i:~)
2019-09-17 12:48:56,805 [pool-47-thread-1] INFO  server.RaftServerConfigKeys (ConfUtils.java:logGet(43)) - raft.server.notification.no-leader.timeout = 120s (custom)
2019-09-17 12:48:56,805 [pool-37-thread-1] INFO  server.RaftServerConfigKeys (ConfUtils.java:logGet(43)) - raft.server.notification.no-leader.timeout = 120s (custom)
2019-09-17 12:48:56,806 [pool-47-thread-1] INFO  server.RaftServerConfigKeys (ConfUtils.java:logGet(43)) - raft.server.log.use.memory = false (default)
2019-09-17 12:48:56,805 [pool-27-thread-1] INFO  server.RaftServerConfigKeys (ConfUtils.java:logGet(43)) - raft.server.notification.no-leader.timeout = 120s (custom)
2019-09-17 12:48:56,806 [pool-47-thread-1] INFO  server.RaftServerConfigKeys (ConfUtils.java:logGet(43)) - raft.server.log.purge.gap = 1000000 (custom)
2019-09-17 12:48:56,806 [pool-37-thread-1] INFO  server.RaftServerConfigKeys (ConfUtils.java:logGet(43)) - raft.server.log.use.memory = false (default)
2019-09-17 12:48:56,806 [pool-47-thread-1] INFO  server.RaftServerConfigKeys (ConfUtils.java:logGet(43)) - raft.server.log.appender.buffer.byte-limit = 33554432 (custom)
2019-09-17 12:48:56,806 [pool-27-thread-1] INFO  server.RaftServerConfigKeys (ConfUtils.java:logGet(43)) - raft.server.log.use.memory = false (default)
2019-09-17 12:48:56,806 [pool-47-thread-1] INFO  server.RaftServerConfigKeys (ConfUtils.java:logGet(43)) - raft.server.log.segment.size.max = 1048576 (custom)
2019-09-17 12:48:56,806 [pool-37-thread-1] INFO  server.RaftServerConfigKeys (ConfUtils.java:logGet(43)) - raft.server.log.purge.gap = 1000000 (custom)
2019-09-17 12:48:56,807 [pool-47-thread-1] INFO  server.RaftServerConfigKeys (ConfUtils.java:logGet(43)) - raft.server.log.segment.cache.num.max = 2 (custom)
2019-09-17 12:48:56,806 [pool-27-thread-1] INFO  server.RaftServerConfigKeys (ConfUtils.java:logGet(43)) - raft.server.log.purge.gap = 1000000 (custom)
2019-09-17 12:48:56,807 [pool-47-thread-1] INFO  segmented.SegmentedRaftLogWorker (SegmentedRaftLogWorker.java:<init>(172)) - new f7ede272-a28a-44e0-9552-15581fc2de04@group-869F42A7192E-SegmentedRaftLogWorker for RaftStorage:Storage Directory /tmp/workdir/hadoop-ozone/tools/target/test-dir/MiniOzoneClusterImpl-50a1f6bc-759b-451e-a5dd-d4a59b2daa65/datanode-2/data/ratis/beaf19c3-da84-45d5-96c5-869f42a7192e
2019-09-17 12:48:56,807 [pool-37-thread-1] INFO  server.RaftServerConfigKeys (ConfUtils.java:logGet(43)) - raft.server.log.appender.buffer.byte-limit = 33554432 (custom)
2019-09-17 12:48:56,807 [pool-47-thread-1] INFO  server.RaftServerConfigKeys (ConfUtils.java:logGet(43)) - raft.server.log.queue.byte-limit = 2147483647 (custom)
2019-09-17 12:48:56,807 [pool-27-thread-1] INFO  server.RaftServerConfigKeys (ConfUtils.java:logGet(43)) - raft.server.log.appender.buffer.byte-limit = 33554432 (custom)
2019-09-17 12:48:56,807 [pool-47-thread-1] INFO  server.RaftServerConfigKeys (ConfUtils.java:logGet(43)) - raft.server.log.queue.element-limit = 1024 (custom)
2019-09-17 12:48:56,807 [pool-37-thread-1] INFO  server.RaftServerConfigKeys (ConfUtils.java:logGet(43)) - raft.server.log.segment.size.max = 1048576 (custom)
2019-09-17 12:48:56,808 [pool-47-thread-1] INFO  server.RaftServerConfigKeys (ConfUtils.java:logGet(43)) - raft.server.log.segment.size.max = 1048576 (custom)
2019-09-17 12:48:56,807 [pool-27-thread-1] INFO  server.RaftServerConfigKeys (ConfUtils.java:logGet(43)) - raft.server.log.segment.size.max = 1048576 (custom)
2019-09-17 12:48:56,808 [pool-47-thread-1] INFO  server.RaftServerConfigKeys (ConfUtils.java:logGet(43)) - raft.server.log.preallocated.size = 16384 (custom)
2019-09-17 12:48:56,808 [pool-37-thread-1] INFO  server.RaftServerConfigKeys (ConfUtils.java:logGet(43)) - raft.server.log.segment.cache.num.max = 2 (custom)
2019-09-17 12:48:56,808 [pool-47-thread-1] INFO  server.RaftServerConfigKeys (ConfUtils.java:logGet(43)) - raft.server.log.write.buffer.size = 33554432 (custom)
2019-09-17 12:48:56,808 [pool-27-thread-1] INFO  server.RaftServerConfigKeys (ConfUtils.java:logGet(43)) - raft.server.log.segment.cache.num.max = 2 (custom)
2019-09-17 12:48:56,808 [pool-47-thread-1] INFO  server.RaftServerConfigKeys (ConfUtils.java:logGet(43)) - raft.server.log.force.sync.num = 128 (default)
2019-09-17 12:48:56,808 [pool-37-thread-1] INFO  segmented.SegmentedRaftLogWorker (SegmentedRaftLogWorker.java:<init>(172)) - new 84ab4d91-000c-4523-9c5f-2c204b5f6601@group-869F42A7192E-SegmentedRaftLogWorker for RaftStorage:Storage Directory /tmp/workdir/hadoop-ozone/tools/target/test-dir/MiniOzoneClusterImpl-50a1f6bc-759b-451e-a5dd-d4a59b2daa65/datanode-1/data/ratis/beaf19c3-da84-45d5-96c5-869f42a7192e
2019-09-17 12:48:56,808 [pool-47-thread-1] INFO  server.RaftServerConfigKeys (ConfUtils.java:logGet(43)) - raft.server.log.statemachine.data.sync = true (default)
2019-09-17 12:48:56,809 [pool-47-thread-1] INFO  server.RaftServerConfigKeys (ConfUtils.java:logGet(43)) - raft.server.log.statemachine.data.sync.timeout = 10s (default)
2019-09-17 12:48:56,808 [pool-27-thread-1] INFO  segmented.SegmentedRaftLogWorker (SegmentedRaftLogWorker.java:<init>(172)) - new 5e893e0a-56f7-4618-9f46-a6ff48173cb6@group-869F42A7192E-SegmentedRaftLogWorker for RaftStorage:Storage Directory /tmp/workdir/hadoop-ozone/tools/target/test-dir/MiniOzoneClusterImpl-50a1f6bc-759b-451e-a5dd-d4a59b2daa65/datanode-0/data/ratis/beaf19c3-da84-45d5-96c5-869f42a7192e
2019-09-17 12:48:56,809 [pool-47-thread-1] INFO  server.RaftServerConfigKeys (ConfUtils.java:logGet(43)) - raft.server.log.statemachine.data.sync.timeout.retry = -1 (default)
2019-09-17 12:48:56,809 [pool-37-thread-1] INFO  server.RaftServerConfigKeys (ConfUtils.java:logGet(43)) - raft.server.log.queue.byte-limit = 2147483647 (custom)
2019-09-17 12:48:56,809 [pool-47-thread-1] INFO  server.RaftServerConfigKeys (ConfUtils.java:logGet(43)) - raft.server.log.statemachine.data.caching.enabled = true (custom)
2019-09-17 12:48:56,809 [pool-27-thread-1] INFO  server.RaftServerConfigKeys (ConfUtils.java:logGet(43)) - raft.server.log.queue.byte-limit = 2147483647 (custom)
2019-09-17 12:48:56,809 [pool-37-thread-1] INFO  server.RaftServerConfigKeys (ConfUtils.java:logGet(43)) - raft.server.log.queue.element-limit = 1024 (custom)
2019-09-17 12:48:56,809 [pool-47-thread-1] INFO  segmented.SegmentedRaftLogWorker (SegmentedRaftLogWorker.java:lambda$new$0(132)) - f7ede272-a28a-44e0-9552-15581fc2de04@group-869F42A7192E-SegmentedRaftLogWorker: flushIndex: setUnconditionally 0 -> -1
2019-09-17 12:48:56,809 [pool-27-thread-1] INFO  server.RaftServerConfigKeys (ConfUtils.java:logGet(43)) - raft.server.log.queue.element-limit = 1024 (custom)
2019-09-17 12:48:56,810 [pool-37-thread-1] INFO  server.RaftServerConfigKeys (ConfUtils.java:logGet(43)) - raft.server.log.segment.size.max = 1048576 (custom)
2019-09-17 12:48:56,810 [pool-27-thread-1] INFO  server.RaftServerConfigKeys (ConfUtils.java:logGet(43)) - raft.server.log.segment.size.max = 1048576 (custom)
2019-09-17 12:48:56,810 [pool-37-thread-1] INFO  server.RaftServerConfigKeys (ConfUtils.java:logGet(43)) - raft.server.log.preallocated.size = 16384 (custom)
2019-09-17 12:48:56,810 [pool-47-thread-1] INFO  server.RaftServerConfigKeys (ConfUtils.java:logGet(43)) - raft.server.snapshot.auto.trigger.enabled = true (custom)
2019-09-17 12:48:56,810 [pool-37-thread-1] INFO  server.RaftServerConfigKeys (ConfUtils.java:logGet(43)) - raft.server.log.write.buffer.size = 33554432 (custom)
2019-09-17 12:48:56,810 [pool-27-thread-1] INFO  server.RaftServerConfigKeys (ConfUtils.java:logGet(43)) - raft.server.log.preallocated.size = 16384 (custom)
2019-09-17 12:48:56,810 [pool-37-thread-1] INFO  server.RaftServerConfigKeys (ConfUtils.java:logGet(43)) - raft.server.log.force.sync.num = 128 (default)
2019-09-17 12:48:56,810 [pool-47-thread-1] INFO  server.RaftServerConfigKeys (ConfUtils.java:logGet(43)) - raft.server.snapshot.auto.trigger.threshold = 10000 (custom)
2019-09-17 12:48:56,811 [pool-37-thread-1] INFO  server.RaftServerConfigKeys (ConfUtils.java:logGet(43)) - raft.server.log.statemachine.data.sync = true (default)
2019-09-17 12:48:56,811 [pool-27-thread-1] INFO  server.RaftServerConfigKeys (ConfUtils.java:logGet(43)) - raft.server.log.write.buffer.size = 33554432 (custom)
2019-09-17 12:48:56,811 [pool-37-thread-1] INFO  server.RaftServerConfigKeys (ConfUtils.java:logGet(43)) - raft.server.log.statemachine.data.sync.timeout = 10s (default)
2019-09-17 12:48:56,811 [pool-47-thread-1] INFO  server.RaftServerConfigKeys (ConfUtils.java:logGet(43)) - raft.server.snapshot.retention.num.files = 5 (custom)
2019-09-17 12:48:56,811 [pool-37-thread-1] INFO  server.RaftServerConfigKeys (ConfUtils.java:logGet(43)) - raft.server.log.statemachine.data.sync.timeout.retry = -1 (default)
2019-09-17 12:48:56,811 [pool-27-thread-1] INFO  server.RaftServerConfigKeys (ConfUtils.java:logGet(43)) - raft.server.log.force.sync.num = 128 (default)
2019-09-17 12:48:56,811 [pool-37-thread-1] INFO  server.RaftServerConfigKeys (ConfUtils.java:logGet(43)) - raft.server.log.statemachine.data.caching.enabled = true (custom)
2019-09-17 12:48:56,811 [pool-47-thread-1] INFO  server.RaftServerConfigKeys (ConfUtils.java:logGet(43)) - raft.server.retrycache.expirytime = 600000ms (custom)
2019-09-17 12:48:56,811 [pool-27-thread-1] INFO  server.RaftServerConfigKeys (ConfUtils.java:logGet(43)) - raft.server.log.statemachine.data.sync = true (default)
2019-09-17 12:48:56,812 [pool-37-thread-1] INFO  segmented.SegmentedRaftLogWorker (SegmentedRaftLogWorker.java:lambda$new$0(132)) - 84ab4d91-000c-4523-9c5f-2c204b5f6601@group-869F42A7192E-SegmentedRaftLogWorker: flushIndex: setUnconditionally 0 -> -1
2019-09-17 12:48:56,812 [pool-27-thread-1] INFO  server.RaftServerConfigKeys (ConfUtils.java:logGet(43)) - raft.server.log.statemachine.data.sync.timeout = 10s (default)
2019-09-17 12:48:56,812 [pool-37-thread-1] INFO  server.RaftServerConfigKeys (ConfUtils.java:logGet(43)) - raft.server.snapshot.auto.trigger.enabled = true (custom)
2019-09-17 12:48:56,812 [pool-27-thread-1] INFO  server.RaftServerConfigKeys (ConfUtils.java:logGet(43)) - raft.server.log.statemachine.data.sync.timeout.retry = -1 (default)
2019-09-17 12:48:56,812 [pool-37-thread-1] INFO  server.RaftServerConfigKeys (ConfUtils.java:logGet(43)) - raft.server.snapshot.auto.trigger.threshold = 10000 (custom)
2019-09-17 12:48:56,812 [pool-27-thread-1] INFO  server.RaftServerConfigKeys (ConfUtils.java:logGet(43)) - raft.server.log.statemachine.data.caching.enabled = true (custom)
2019-09-17 12:48:56,812 [pool-37-thread-1] INFO  server.RaftServerConfigKeys (ConfUtils.java:logGet(43)) - raft.server.snapshot.retention.num.files = 5 (custom)
2019-09-17 12:48:56,813 [pool-37-thread-1] INFO  server.RaftServerConfigKeys (ConfUtils.java:logGet(43)) - raft.server.retrycache.expirytime = 600000ms (custom)
2019-09-17 12:48:56,813 [pool-27-thread-1] INFO  segmented.SegmentedRaftLogWorker (SegmentedRaftLogWorker.java:lambda$new$0(132)) - 5e893e0a-56f7-4618-9f46-a6ff48173cb6@group-869F42A7192E-SegmentedRaftLogWorker: flushIndex: setUnconditionally 0 -> -1
2019-09-17 12:48:56,813 [pool-27-thread-1] INFO  server.RaftServerConfigKeys (ConfUtils.java:logGet(43)) - raft.server.snapshot.auto.trigger.enabled = true (custom)
2019-09-17 12:48:56,813 [pool-27-thread-1] INFO  server.RaftServerConfigKeys (ConfUtils.java:logGet(43)) - raft.server.snapshot.auto.trigger.threshold = 10000 (custom)
2019-09-17 12:48:56,813 [pool-27-thread-1] INFO  server.RaftServerConfigKeys (ConfUtils.java:logGet(43)) - raft.server.snapshot.retention.num.files = 5 (custom)
2019-09-17 12:48:56,813 [pool-27-thread-1] INFO  server.RaftServerConfigKeys (ConfUtils.java:logGet(43)) - raft.server.retrycache.expirytime = 600000ms (custom)
2019-09-17 12:48:56,816 [pool-37-thread-1] INFO  impl.RaftServerImpl (RaftServerImpl.java:start(185)) - 84ab4d91-000c-4523-9c5f-2c204b5f6601@group-869F42A7192E: start as a follower, conf=-1: [5e893e0a-56f7-4618-9f46-a6ff48173cb6:192.168.5.153:37060, 84ab4d91-000c-4523-9c5f-2c204b5f6601:192.168.5.153:39178, f7ede272-a28a-44e0-9552-15581fc2de04:192.168.5.153:38263], old=null
2019-09-17 12:48:56,817 [pool-47-thread-1] INFO  impl.RaftServerImpl (RaftServerImpl.java:start(185)) - f7ede272-a28a-44e0-9552-15581fc2de04@group-869F42A7192E: start as a follower, conf=-1: [5e893e0a-56f7-4618-9f46-a6ff48173cb6:192.168.5.153:37060, 84ab4d91-000c-4523-9c5f-2c204b5f6601:192.168.5.153:39178, f7ede272-a28a-44e0-9552-15581fc2de04:192.168.5.153:38263], old=null
2019-09-17 12:48:56,817 [pool-37-thread-1] INFO  impl.RaftServerImpl (RaftServerImpl.java:setRole(174)) - 84ab4d91-000c-4523-9c5f-2c204b5f6601@group-869F42A7192E: changes role from      null to FOLLOWER at term 0 for startAsFollower
2019-09-17 12:48:56,817 [pool-47-thread-1] INFO  impl.RaftServerImpl (RaftServerImpl.java:setRole(174)) - f7ede272-a28a-44e0-9552-15581fc2de04@group-869F42A7192E: changes role from      null to FOLLOWER at term 0 for startAsFollower
2019-09-17 12:48:56,817 [pool-37-thread-1] INFO  impl.RoleInfo (RoleInfo.java:updateAndGet(143)) - 84ab4d91-000c-4523-9c5f-2c204b5f6601: start FollowerState
2019-09-17 12:48:56,817 [pool-47-thread-1] INFO  impl.RoleInfo (RoleInfo.java:updateAndGet(143)) - f7ede272-a28a-44e0-9552-15581fc2de04: start FollowerState
2019-09-17 12:48:56,817 [pool-37-thread-1] INFO  util.JmxRegister (JmxRegister.java:tryRegister(44)) - Successfully registered JMX Bean with object name Ratis:service=RaftServer,group=group-869F42A7192E,id=84ab4d91-000c-4523-9c5f-2c204b5f6601
2019-09-17 12:48:56,817 [pool-27-thread-1] INFO  impl.RaftServerImpl (RaftServerImpl.java:start(185)) - 5e893e0a-56f7-4618-9f46-a6ff48173cb6@group-869F42A7192E: start as a follower, conf=-1: [5e893e0a-56f7-4618-9f46-a6ff48173cb6:192.168.5.153:37060, 84ab4d91-000c-4523-9c5f-2c204b5f6601:192.168.5.153:39178, f7ede272-a28a-44e0-9552-15581fc2de04:192.168.5.153:38263], old=null
2019-09-17 12:48:56,817 [pool-47-thread-1] INFO  util.JmxRegister (JmxRegister.java:tryRegister(44)) - Successfully registered JMX Bean with object name Ratis:service=RaftServer,group=group-869F42A7192E,id=f7ede272-a28a-44e0-9552-15581fc2de04
2019-09-17 12:48:56,818 [pool-27-thread-1] INFO  impl.RaftServerImpl (RaftServerImpl.java:setRole(174)) - 5e893e0a-56f7-4618-9f46-a6ff48173cb6@group-869F42A7192E: changes role from      null to FOLLOWER at term 0 for startAsFollower
2019-09-17 12:48:56,818 [pool-27-thread-1] INFO  impl.RoleInfo (RoleInfo.java:updateAndGet(143)) - 5e893e0a-56f7-4618-9f46-a6ff48173cb6: start FollowerState
2019-09-17 12:48:56,818 [pool-27-thread-1] INFO  util.JmxRegister (JmxRegister.java:tryRegister(44)) - Successfully registered JMX Bean with object name Ratis:service=RaftServer,group=group-869F42A7192E,id=5e893e0a-56f7-4618-9f46-a6ff48173cb6
2019-09-17 12:48:56,820 [RatisPipelineUtilsThread] INFO  pipeline.PipelineStateManager (PipelineStateManager.java:addPipeline(56)) - Created pipeline Pipeline[ Id: beaf19c3-da84-45d5-96c5-869f42a7192e, Nodes: 5e893e0a-56f7-4618-9f46-a6ff48173cb6{ip: 192.168.5.153, host: pr-hdds-2137-trunk-mnh2s-3748177197, networkLocation: /default-rack, certSerialId: null}84ab4d91-000c-4523-9c5f-2c204b5f6601{ip: 192.168.5.153, host: pr-hdds-2137-trunk-mnh2s-3748177197, networkLocation: /default-rack, certSerialId: null}f7ede272-a28a-44e0-9552-15581fc2de04{ip: 192.168.5.153, host: pr-hdds-2137-trunk-mnh2s-3748177197, networkLocation: /default-rack, certSerialId: null}, Type:RATIS, Factor:THREE, State:OPEN]
2019-09-17 12:48:56,949 [org.apache.ratis.server.impl.LogAppender$AppenderDaemon$$Lambda$509/159327213@5a9109f0] ERROR ratis.XceiverServerRatis (XceiverServerRatis.java:triggerPipelineClose(575)) - pipeline Action CLOSE  on pipeline PipelineID=e5966ae0-5fcf-4a62-bb3f-1f9831cc3440.Reason : 84ab4d91-000c-4523-9c5f-2c204b5f6601 has not seen follower/s 5e893e0a-56f7-4618-9f46-a6ff48173cb6 for 149843ms
2019-09-17 12:48:57,167 [5e893e0a-56f7-4618-9f46-a6ff48173cb6@group-1F9831CC3440-SegmentedRaftLogWorker] WARN  segmented.SegmentedRaftLogWorker (SegmentedRaftLogWorker.java:getFromFuture(90)) - Timeout 14/~
org.apache.ratis.protocol.TimeoutIOException: Timeout 10s: WriteLog:16: (t:1, i:16), STATEMACHINELOGENTRY, client-917C2951E632, cid=52-writeStateMachineData
	at org.apache.ratis.util.IOUtils.getFromFuture(IOUtils.java:87)
	at org.apache.ratis.server.raftlog.segmented.SegmentedRaftLogWorker$StateMachineDataPolicy.getFromFuture(SegmentedRaftLogWorker.java:87)
	at org.apache.ratis.server.raftlog.segmented.SegmentedRaftLogWorker$WriteLog.execute(SegmentedRaftLogWorker.java:477)
	at org.apache.ratis.server.raftlog.segmented.SegmentedRaftLogWorker.run(SegmentedRaftLogWorker.java:289)
	at java.lang.Thread.run(Thread.java:748)
Caused by: java.util.concurrent.TimeoutException
	at java.util.concurrent.CompletableFuture.timedGet(CompletableFuture.java:1771)
	at java.util.concurrent.CompletableFuture.get(CompletableFuture.java:1915)
	at org.apache.ratis.util.IOUtils.getFromFuture(IOUtils.java:79)
	... 4 more
2019-09-17 12:48:57,168 [84ab4d91-000c-4523-9c5f-2c204b5f6601@group-1F9831CC3440-SegmentedRaftLogWorker] WARN  segmented.SegmentedRaftLogWorker (SegmentedRaftLogWorker.java:getFromFuture(90)) - Timeout 14/~
org.apache.ratis.protocol.TimeoutIOException: Timeout 10s: WriteLog:16: (t:1, i:16), STATEMACHINELOGENTRY, client-917C2951E632, cid=52-writeStateMachineData
	at org.apache.ratis.util.IOUtils.getFromFuture(IOUtils.java:87)
	at org.apache.ratis.server.raftlog.segmented.SegmentedRaftLogWorker$StateMachineDataPolicy.getFromFuture(SegmentedRaftLogWorker.java:87)
	at org.apache.ratis.server.raftlog.segmented.SegmentedRaftLogWorker$WriteLog.execute(SegmentedRaftLogWorker.java:477)
	at org.apache.ratis.server.raftlog.segmented.SegmentedRaftLogWorker.run(SegmentedRaftLogWorker.java:289)
	at java.lang.Thread.run(Thread.java:748)
Caused by: java.util.concurrent.TimeoutException
	at java.util.concurrent.CompletableFuture.timedGet(CompletableFuture.java:1771)
	at java.util.concurrent.CompletableFuture.get(CompletableFuture.java:1915)
	at org.apache.ratis.util.IOUtils.getFromFuture(IOUtils.java:79)
	... 4 more
 0.00% |█                                                                                                    |  0/1 Time: 0:06:012019-09-17 12:48:57,438 [EventQueue-PipelineActionsForPipelineActionHandler] ERROR pipeline.PipelineActionHandler (PipelineActionHandler.java:onMessage(60)) - Received pipeline action CLOSE for Pipeline[ Id: e5966ae0-5fcf-4a62-bb3f-1f9831cc3440, Nodes: 5e893e0a-56f7-4618-9f46-a6ff48173cb6{ip: 192.168.5.153, host: pr-hdds-2137-trunk-mnh2s-3748177197, networkLocation: /default-rack, certSerialId: null}84ab4d91-000c-4523-9c5f-2c204b5f6601{ip: 192.168.5.153, host: pr-hdds-2137-trunk-mnh2s-3748177197, networkLocation: /default-rack, certSerialId: null}f7ede272-a28a-44e0-9552-15581fc2de04{ip: 192.168.5.153, host: pr-hdds-2137-trunk-mnh2s-3748177197, networkLocation: /default-rack, certSerialId: null}, Type:RATIS, Factor:THREE, State:CLOSED] from datanode 84ab4d91-000c-4523-9c5f-2c204b5f6601{ip: 192.168.5.153, host: pr-hdds-2137-trunk-mnh2s-3748177197, networkLocation: /default-rack, certSerialId: null}. Reason : 84ab4d91-000c-4523-9c5f-2c204b5f6601 has not seen follower/s 5e893e0a-56f7-4618-9f46-a6ff48173cb6 for 149843ms
2019-09-17 12:48:57,438 [EventQueue-PipelineActionsForPipelineActionHandler] INFO  pipeline.SCMPipelineManager (SCMPipelineManager.java:finalizeAndDestroyPipeline(311)) - destroying pipeline:Pipeline[ Id: e5966ae0-5fcf-4a62-bb3f-1f9831cc3440, Nodes: 5e893e0a-56f7-4618-9f46-a6ff48173cb6{ip: 192.168.5.153, host: pr-hdds-2137-trunk-mnh2s-3748177197, networkLocation: /default-rack, certSerialId: null}84ab4d91-000c-4523-9c5f-2c204b5f6601{ip: 192.168.5.153, host: pr-hdds-2137-trunk-mnh2s-3748177197, networkLocation: /default-rack, certSerialId: null}f7ede272-a28a-44e0-9552-15581fc2de04{ip: 192.168.5.153, host: pr-hdds-2137-trunk-mnh2s-3748177197, networkLocation: /default-rack, certSerialId: null}, Type:RATIS, Factor:THREE, State:CLOSED]
2019-09-17 12:48:57,448 [java.util.concurrent.ThreadPoolExecutor$Worker@71af583c[State = -1, empty queue]] WARN  server.GrpcLogAppender (GrpcLogAppender.java:timeoutAppendRequest(200)) - 84ab4d91-000c-4523-9c5f-2c204b5f6601@group-1F9831CC3440->5e893e0a-56f7-4618-9f46-a6ff48173cb6-GrpcLogAppender: appendEntries Timeout, request=84ab4d91-000c-4523-9c5f-2c204b5f6601->5e893e0a-56f7-4618-9f46-a6ff48173cb6#79-t1, previous=(t:1, i:20), leaderCommit=15, initializing? false, entries: <empty>
 0.00% |█                                                                                                    |  0/1 Time: 0:06:022019-09-17 12:48:58,480 [grpc-default-executor-2] INFO  client.GrpcClientProtocolClient (GrpcClientProtocolClient.java:onNext(264)) - client-917C2951E632->5e893e0a-56f7-4618-9f46-a6ff48173cb6: receive RaftClientReply:client-917C2951E632->5e893e0a-56f7-4618-9f46-a6ff48173cb6@group-1F9831CC3440, cid=52, FAILED org.apache.ratis.protocol.NotLeaderException: Server 5e893e0a-56f7-4618-9f46-a6ff48173cb6@group-1F9831CC3440 is not the leader 84ab4d91-000c-4523-9c5f-2c204b5f6601:192.168.5.153:39178, logIndex=0, commits[5e893e0a-56f7-4618-9f46-a6ff48173cb6:c15, 84ab4d91-000c-4523-9c5f-2c204b5f6601:c15, f7ede272-a28a-44e0-9552-15581fc2de04:c15]
 0.00% |█                                                                                                    |  0/1 Time: 0:06:032019-09-17 12:48:59,450 [org.apache.ratis.server.impl.LogAppender$AppenderDaemon$$Lambda$509/159327213@5a9109f0] ERROR ratis.XceiverServerRatis (XceiverServerRatis.java:triggerPipelineClose(575)) - pipeline Action CLOSE  on pipeline PipelineID=e5966ae0-5fcf-4a62-bb3f-1f9831cc3440.Reason : 84ab4d91-000c-4523-9c5f-2c204b5f6601 has not seen follower/s 5e893e0a-56f7-4618-9f46-a6ff48173cb6 for 152344ms
2019-09-17 12:48:59,949 [java.util.concurrent.ThreadPoolExecutor$Worker@71af583c[State = -1, empty queue]] WARN  server.GrpcLogAppender (GrpcLogAppender.java:timeoutAppendRequest(200)) - 84ab4d91-000c-4523-9c5f-2c204b5f6601@group-1F9831CC3440->5e893e0a-56f7-4618-9f46-a6ff48173cb6-GrpcLogAppender: appendEntries Timeout, request=84ab4d91-000c-4523-9c5f-2c204b5f6601->5e893e0a-56f7-4618-9f46-a6ff48173cb6#80-t1, previous=(t:1, i:20), leaderCommit=15, initializing? false, entries: <empty>
 0.00% |█                                                                                                    |  0/1 Time: 0:06:042019-09-17 12:49:00,438 [EventQueue-PipelineActionsForPipelineActionHandler] ERROR pipeline.PipelineActionHandler (PipelineActionHandler.java:onMessage(60)) - Received pipeline action CLOSE for Pipeline[ Id: e5966ae0-5fcf-4a62-bb3f-1f9831cc3440, Nodes: 5e893e0a-56f7-4618-9f46-a6ff48173cb6{ip: 192.168.5.153, host: pr-hdds-2137-trunk-mnh2s-3748177197, networkLocation: /default-rack, certSerialId: null}84ab4d91-000c-4523-9c5f-2c204b5f6601{ip: 192.168.5.153, host: pr-hdds-2137-trunk-mnh2s-3748177197, networkLocation: /default-rack, certSerialId: null}f7ede272-a28a-44e0-9552-15581fc2de04{ip: 192.168.5.153, host: pr-hdds-2137-trunk-mnh2s-3748177197, networkLocation: /default-rack, certSerialId: null}, Type:RATIS, Factor:THREE, State:CLOSED] from datanode 84ab4d91-000c-4523-9c5f-2c204b5f6601{ip: 192.168.5.153, host: pr-hdds-2137-trunk-mnh2s-3748177197, networkLocation: /default-rack, certSerialId: null}. Reason : 84ab4d91-000c-4523-9c5f-2c204b5f6601 has not seen follower/s 5e893e0a-56f7-4618-9f46-a6ff48173cb6 for 152344ms
2019-09-17 12:49:00,438 [EventQueue-PipelineActionsForPipelineActionHandler] INFO  pipeline.SCMPipelineManager (SCMPipelineManager.java:finalizeAndDestroyPipeline(311)) - destroying pipeline:Pipeline[ Id: e5966ae0-5fcf-4a62-bb3f-1f9831cc3440, Nodes: 5e893e0a-56f7-4618-9f46-a6ff48173cb6{ip: 192.168.5.153, host: pr-hdds-2137-trunk-mnh2s-3748177197, networkLocation: /default-rack, certSerialId: null}84ab4d91-000c-4523-9c5f-2c204b5f6601{ip: 192.168.5.153, host: pr-hdds-2137-trunk-mnh2s-3748177197, networkLocation: /default-rack, certSerialId: null}f7ede272-a28a-44e0-9552-15581fc2de04{ip: 192.168.5.153, host: pr-hdds-2137-trunk-mnh2s-3748177197, networkLocation: /default-rack, certSerialId: null}, Type:RATIS, Factor:THREE, State:CLOSED]
 0.00% |█                                                                                                    |  0/1 Time: 0:06:052019-09-17 12:49:01,855 [Thread-1053] INFO  impl.FollowerState (FollowerState.java:run(106)) - 5e893e0a-56f7-4618-9f46-a6ff48173cb6:group-869F42A7192E changes to CANDIDATE, lastRpcTime:5036, electionTimeout:5036ms
2019-09-17 12:49:01,855 [Thread-1053] INFO  impl.RoleInfo (RoleInfo.java:shutdownFollowerState(121)) - 5e893e0a-56f7-4618-9f46-a6ff48173cb6: shutdown FollowerState
2019-09-17 12:49:01,855 [Thread-1053] INFO  impl.RaftServerImpl (RaftServerImpl.java:setRole(174)) - 5e893e0a-56f7-4618-9f46-a6ff48173cb6@group-869F42A7192E: changes role from  FOLLOWER to CANDIDATE at term 0 for changeToCandidate
2019-09-17 12:49:01,855 [Thread-1053] INFO  impl.RoleInfo (RoleInfo.java:updateAndGet(143)) - 5e893e0a-56f7-4618-9f46-a6ff48173cb6: start LeaderElection
2019-09-17 12:49:01,898 [5e893e0a-56f7-4618-9f46-a6ff48173cb6@group-869F42A7192E:LeaderElection12] INFO  impl.LeaderElection (LeaderElection.java:askForVotes(182)) - 5e893e0a-56f7-4618-9f46-a6ff48173cb6@group-869F42A7192E:LeaderElection12: begin an election at term 1 for -1: [5e893e0a-56f7-4618-9f46-a6ff48173cb6:192.168.5.153:37060, 84ab4d91-000c-4523-9c5f-2c204b5f6601:192.168.5.153:39178, f7ede272-a28a-44e0-9552-15581fc2de04:192.168.5.153:38263], old=null
2019-09-17 12:49:01,904 [grpc-default-executor-3] INFO  impl.RaftServerImpl (RaftServerImpl.java:setRole(174)) - f7ede272-a28a-44e0-9552-15581fc2de04@group-869F42A7192E: changes role from  FOLLOWER to FOLLOWER at term 1 for recognizeCandidate:5e893e0a-56f7-4618-9f46-a6ff48173cb6
2019-09-17 12:49:01,904 [grpc-default-executor-3] INFO  impl.RoleInfo (RoleInfo.java:shutdownFollowerState(121)) - f7ede272-a28a-44e0-9552-15581fc2de04: shutdown FollowerState
2019-09-17 12:49:01,906 [grpc-default-executor-2] INFO  impl.RaftServerImpl (RaftServerImpl.java:setRole(174)) - 84ab4d91-000c-4523-9c5f-2c204b5f6601@group-869F42A7192E: changes role from  FOLLOWER to FOLLOWER at term 1 for recognizeCandidate:5e893e0a-56f7-4618-9f46-a6ff48173cb6
2019-09-17 12:49:01,906 [grpc-default-executor-3] INFO  impl.RoleInfo (RoleInfo.java:updateAndGet(143)) - f7ede272-a28a-44e0-9552-15581fc2de04: start FollowerState
2019-09-17 12:49:01,906 [Thread-1051] INFO  impl.FollowerState (FollowerState.java:run(115)) - f7ede272-a28a-44e0-9552-15581fc2de04: FollowerState was interrupted: java.lang.InterruptedException: sleep interrupted
2019-09-17 12:49:01,906 [grpc-default-executor-2] INFO  impl.RoleInfo (RoleInfo.java:shutdownFollowerState(121)) - 84ab4d91-000c-4523-9c5f-2c204b5f6601: shutdown FollowerState
2019-09-17 12:49:01,907 [grpc-default-executor-2] INFO  impl.RoleInfo (RoleInfo.java:updateAndGet(143)) - 84ab4d91-000c-4523-9c5f-2c204b5f6601: start FollowerState
2019-09-17 12:49:01,907 [Thread-1050] INFO  impl.FollowerState (FollowerState.java:run(115)) - 84ab4d91-000c-4523-9c5f-2c204b5f6601: FollowerState was interrupted: java.lang.InterruptedException: sleep interrupted
2019-09-17 12:49:01,938 [5e893e0a-56f7-4618-9f46-a6ff48173cb6@group-869F42A7192E:LeaderElection12] INFO  impl.LeaderElection (LeaderElection.java:logAndReturn(56)) - 5e893e0a-56f7-4618-9f46-a6ff48173cb6@group-869F42A7192E:LeaderElection12: Election PASSED; received 1 response(s) [5e893e0a-56f7-4618-9f46-a6ff48173cb6<-f7ede272-a28a-44e0-9552-15581fc2de04#0:OK-t1] and 0 exception(s); 5e893e0a-56f7-4618-9f46-a6ff48173cb6@group-869F42A7192E:t1, leader=null, voted=5e893e0a-56f7-4618-9f46-a6ff48173cb6, raftlog=5e893e0a-56f7-4618-9f46-a6ff48173cb6@group-869F42A7192E-SegmentedRaftLog:OPENED:c-1,f-1,i0, conf=-1: [5e893e0a-56f7-4618-9f46-a6ff48173cb6:192.168.5.153:37060, 84ab4d91-000c-4523-9c5f-2c204b5f6601:192.168.5.153:39178, f7ede272-a28a-44e0-9552-15581fc2de04:192.168.5.153:38263], old=null
2019-09-17 12:49:01,938 [5e893e0a-56f7-4618-9f46-a6ff48173cb6@group-869F42A7192E:LeaderElection12] INFO  impl.RoleInfo (RoleInfo.java:shutdownLeaderElection(134)) - 5e893e0a-56f7-4618-9f46-a6ff48173cb6: shutdown LeaderElection
2019-09-17 12:49:01,938 [5e893e0a-56f7-4618-9f46-a6ff48173cb6@group-869F42A7192E:LeaderElection12] INFO  impl.RaftServerImpl (RaftServerImpl.java:setRole(174)) - 5e893e0a-56f7-4618-9f46-a6ff48173cb6@group-869F42A7192E: changes role from CANDIDATE to LEADER at term 1 for changeToLeader
2019-09-17 12:49:01,938 [5e893e0a-56f7-4618-9f46-a6ff48173cb6@group-869F42A7192E:LeaderElection12] INFO  impl.RaftServerImpl (ServerState.java:setLeader(253)) - 5e893e0a-56f7-4618-9f46-a6ff48173cb6@group-869F42A7192E: change Leader from null to 5e893e0a-56f7-4618-9f46-a6ff48173cb6 at term 1 for becomeLeader, leader elected after 5132ms
2019-09-17 12:49:01,938 [5e893e0a-56f7-4618-9f46-a6ff48173cb6@group-869F42A7192E:LeaderElection12] INFO  server.RaftServerConfigKeys (ConfUtils.java:logGet(43)) - raft.server.staging.catchup.gap = 1000 (default)
2019-09-17 12:49:01,939 [5e893e0a-56f7-4618-9f46-a6ff48173cb6@group-869F42A7192E:LeaderElection12] INFO  server.RaftServerConfigKeys (ConfUtils.java:logGet(43)) - raft.server.rpc.sleep.time = 25ms (default)
2019-09-17 12:49:01,939 [5e893e0a-56f7-4618-9f46-a6ff48173cb6@group-869F42A7192E:LeaderElection12] INFO  server.RaftServerConfigKeys (ConfUtils.java:logGet(43)) - raft.server.write.element-limit = 4096 (default)
2019-09-17 12:49:01,939 [5e893e0a-56f7-4618-9f46-a6ff48173cb6@group-869F42A7192E:LeaderElection12] INFO  server.RaftServerConfigKeys (ConfUtils.java:logGet(43)) - raft.server.watch.timeout = 10s (default)
2019-09-17 12:49:01,939 [5e893e0a-56f7-4618-9f46-a6ff48173cb6@group-869F42A7192E:LeaderElection12] INFO  server.RaftServerConfigKeys (ConfUtils.java:logGet(43)) - raft.server.watch.timeout.denomination = 1s (default)
2019-09-17 12:49:01,939 [5e893e0a-56f7-4618-9f46-a6ff48173cb6@group-869F42A7192E:LeaderElection12] INFO  server.RaftServerConfigKeys (ConfUtils.java:logGet(43)) - raft.server.watch.element-limit = 65536 (default)
2019-09-17 12:49:01,942 [5e893e0a-56f7-4618-9f46-a6ff48173cb6@group-869F42A7192E:LeaderElection12] INFO  server.RaftServerConfigKeys (ConfUtils.java:logGet(43)) - raft.server.log.appender.snapshot.chunk.size.max = 16MB (=16777216) (default)
2019-09-17 12:49:01,942 [5e893e0a-56f7-4618-9f46-a6ff48173cb6@group-869F42A7192E:LeaderElection12] INFO  server.RaftServerConfigKeys (ConfUtils.java:logGet(43)) - raft.server.log.appender.buffer.byte-limit = 33554432 (custom)
2019-09-17 12:49:01,943 [5e893e0a-56f7-4618-9f46-a6ff48173cb6@group-869F42A7192E:LeaderElection12] INFO  server.RaftServerConfigKeys (ConfUtils.java:logGet(43)) - raft.server.log.appender.buffer.element-limit = 1 (custom)
2019-09-17 12:49:01,943 [5e893e0a-56f7-4618-9f46-a6ff48173cb6@group-869F42A7192E:LeaderElection12] INFO  grpc.GrpcConfigKeys$Server (ConfUtils.java:logGet(43)) - raft.grpc.server.leader.outstanding.appends.max = 128 (default)
2019-09-17 12:49:01,943 [5e893e0a-56f7-4618-9f46-a6ff48173cb6@group-869F42A7192E:LeaderElection12] INFO  server.RaftServerConfigKeys (ConfUtils.java:logGet(43)) - raft.server.rpc.request.timeout = 3000ms (default)
2019-09-17 12:49:01,943 [5e893e0a-56f7-4618-9f46-a6ff48173cb6@group-869F42A7192E:LeaderElection12] INFO  server.RaftServerConfigKeys (ConfUtils.java:logGet(43)) - raft.server.log.appender.install.snapshot.enabled = false (custom)
2019-09-17 12:49:01,944 [5e893e0a-56f7-4618-9f46-a6ff48173cb6@group-869F42A7192E:LeaderElection12] INFO  server.RaftServerConfigKeys (ConfUtils.java:logGet(43)) - raft.server.log.appender.snapshot.chunk.size.max = 16MB (=16777216) (default)
2019-09-17 12:49:01,944 [5e893e0a-56f7-4618-9f46-a6ff48173cb6@group-869F42A7192E:LeaderElection12] INFO  server.RaftServerConfigKeys (ConfUtils.java:logGet(43)) - raft.server.log.appender.buffer.byte-limit = 33554432 (custom)
2019-09-17 12:49:01,944 [5e893e0a-56f7-4618-9f46-a6ff48173cb6@group-869F42A7192E:LeaderElection12] INFO  server.RaftServerConfigKeys (ConfUtils.java:logGet(43)) - raft.server.log.appender.buffer.element-limit = 1 (custom)
2019-09-17 12:49:01,944 [5e893e0a-56f7-4618-9f46-a6ff48173cb6@group-869F42A7192E:LeaderElection12] INFO  grpc.GrpcConfigKeys$Server (ConfUtils.java:logGet(43)) - raft.grpc.server.leader.outstanding.appends.max = 128 (default)
2019-09-17 12:49:01,944 [5e893e0a-56f7-4618-9f46-a6ff48173cb6@group-869F42A7192E:LeaderElection12] INFO  server.RaftServerConfigKeys (ConfUtils.java:logGet(43)) - raft.server.rpc.request.timeout = 3000ms (default)
2019-09-17 12:49:01,944 [5e893e0a-56f7-4618-9f46-a6ff48173cb6@group-869F42A7192E:LeaderElection12] INFO  server.RaftServerConfigKeys (ConfUtils.java:logGet(43)) - raft.server.log.appender.install.snapshot.enabled = false (custom)
2019-09-17 12:49:01,945 [5e893e0a-56f7-4618-9f46-a6ff48173cb6@group-869F42A7192E:LeaderElection12] INFO  impl.RoleInfo (RoleInfo.java:updateAndGet(143)) - 5e893e0a-56f7-4618-9f46-a6ff48173cb6: start LeaderState
2019-09-17 12:49:01,945 [5e893e0a-56f7-4618-9f46-a6ff48173cb6@group-869F42A7192E:LeaderElection12] INFO  segmented.SegmentedRaftLogWorker (SegmentedRaftLogWorker.java:startLogSegment(380)) - 5e893e0a-56f7-4618-9f46-a6ff48173cb6@group-869F42A7192E-SegmentedRaftLogWorker: Starting segment from index:0
2019-09-17 12:49:01,946 [5e893e0a-56f7-4618-9f46-a6ff48173cb6@group-869F42A7192E:LeaderElection12] INFO  impl.RaftServerImpl (ServerState.java:setRaftConf(354)) - 5e893e0a-56f7-4618-9f46-a6ff48173cb6@group-869F42A7192E: set configuration 0: [5e893e0a-56f7-4618-9f46-a6ff48173cb6:192.168.5.153:37060, 84ab4d91-000c-4523-9c5f-2c204b5f6601:192.168.5.153:39178, f7ede272-a28a-44e0-9552-15581fc2de04:192.168.5.153:38263], old=null at 0
2019-09-17 12:49:01,947 [grpc-default-executor-2] INFO  impl.RaftServerImpl (ServerState.java:setLeader(253)) - 84ab4d91-000c-4523-9c5f-2c204b5f6601@group-869F42A7192E: change Leader from null to 5e893e0a-56f7-4618-9f46-a6ff48173cb6 at term 1 for appendEntries, leader elected after 5141ms
2019-09-17 12:49:01,947 [grpc-default-executor-3] INFO  impl.RaftServerImpl (ServerState.java:setLeader(253)) - f7ede272-a28a-44e0-9552-15581fc2de04@group-869F42A7192E: change Leader from null to 5e893e0a-56f7-4618-9f46-a6ff48173cb6 at term 1 for appendEntries, leader elected after 5142ms
2019-09-17 12:49:01,979 [org.apache.ratis.server.impl.LogAppender$AppenderDaemon$$Lambda$509/159327213@5a9109f0] ERROR ratis.XceiverServerRatis (XceiverServerRatis.java:triggerPipelineClose(575)) - pipeline Action CLOSE  on pipeline PipelineID=e5966ae0-5fcf-4a62-bb3f-1f9831cc3440.Reason : 84ab4d91-000c-4523-9c5f-2c204b5f6601 has not seen follower/s 5e893e0a-56f7-4618-9f46-a6ff48173cb6 for 154872ms
2019-09-17 12:49:01,981 [grpc-default-executor-3] INFO  impl.RaftServerImpl (ServerState.java:setRaftConf(354)) - 84ab4d91-000c-4523-9c5f-2c204b5f6601@group-869F42A7192E: set configuration 0: [5e893e0a-56f7-4618-9f46-a6ff48173cb6:192.168.5.153:37060, 84ab4d91-000c-4523-9c5f-2c204b5f6601:192.168.5.153:39178, f7ede272-a28a-44e0-9552-15581fc2de04:192.168.5.153:38263], old=null at 0
2019-09-17 12:49:01,981 [grpc-default-executor-4] INFO  impl.RaftServerImpl (ServerState.java:setRaftConf(354)) - f7ede272-a28a-44e0-9552-15581fc2de04@group-869F42A7192E: set configuration 0: [5e893e0a-56f7-4618-9f46-a6ff48173cb6:192.168.5.153:37060, 84ab4d91-000c-4523-9c5f-2c204b5f6601:192.168.5.153:39178, f7ede272-a28a-44e0-9552-15581fc2de04:192.168.5.153:38263], old=null at 0
2019-09-17 12:49:01,981 [grpc-default-executor-3] INFO  segmented.SegmentedRaftLogWorker (SegmentedRaftLogWorker.java:startLogSegment(380)) - 84ab4d91-000c-4523-9c5f-2c204b5f6601@group-869F42A7192E-SegmentedRaftLogWorker: Starting segment from index:0
2019-09-17 12:49:01,981 [grpc-default-executor-4] INFO  segmented.SegmentedRaftLogWorker (SegmentedRaftLogWorker.java:startLogSegment(380)) - f7ede272-a28a-44e0-9552-15581fc2de04@group-869F42A7192E-SegmentedRaftLogWorker: Starting segment from index:0
2019-09-17 12:49:01,996 [5e893e0a-56f7-4618-9f46-a6ff48173cb6@group-869F42A7192E-SegmentedRaftLogWorker] INFO  segmented.SegmentedRaftLogWorker (SegmentedRaftLogWorker.java:execute(569)) - 5e893e0a-56f7-4618-9f46-a6ff48173cb6@group-869F42A7192E-SegmentedRaftLogWorker: created new log segment /tmp/workdir/hadoop-ozone/tools/target/test-dir/MiniOzoneClusterImpl-50a1f6bc-759b-451e-a5dd-d4a59b2daa65/datanode-0/data/ratis/beaf19c3-da84-45d5-96c5-869f42a7192e/current/log_inprogress_0
2019-09-17 12:49:02,027 [f7ede272-a28a-44e0-9552-15581fc2de04@group-869F42A7192E-SegmentedRaftLogWorker] INFO  segmented.SegmentedRaftLogWorker (SegmentedRaftLogWorker.java:execute(569)) - f7ede272-a28a-44e0-9552-15581fc2de04@group-869F42A7192E-SegmentedRaftLogWorker: created new log segment /tmp/workdir/hadoop-ozone/tools/target/test-dir/MiniOzoneClusterImpl-50a1f6bc-759b-451e-a5dd-d4a59b2daa65/datanode-2/data/ratis/beaf19c3-da84-45d5-96c5-869f42a7192e/current/log_inprogress_0
2019-09-17 12:49:02,039 [84ab4d91-000c-4523-9c5f-2c204b5f6601@group-869F42A7192E-SegmentedRaftLogWorker] INFO  segmented.SegmentedRaftLogWorker (SegmentedRaftLogWorker.java:execute(569)) - 84ab4d91-000c-4523-9c5f-2c204b5f6601@group-869F42A7192E-SegmentedRaftLogWorker: created new log segment /tmp/workdir/hadoop-ozone/tools/target/test-dir/MiniOzoneClusterImpl-50a1f6bc-759b-451e-a5dd-d4a59b2daa65/datanode-1/data/ratis/beaf19c3-da84-45d5-96c5-869f42a7192e/current/log_inprogress_0
 0.00% |█                                                                                                    |  0/1 Time: 0:06:062019-09-17 12:49:02,437 [EventQueue-PipelineActionsForPipelineActionHandler] ERROR pipeline.PipelineActionHandler (PipelineActionHandler.java:onMessage(60)) - Received pipeline action CLOSE for Pipeline[ Id: e5966ae0-5fcf-4a62-bb3f-1f9831cc3440, Nodes: 5e893e0a-56f7-4618-9f46-a6ff48173cb6{ip: 192.168.5.153, host: pr-hdds-2137-trunk-mnh2s-3748177197, networkLocation: /default-rack, certSerialId: null}84ab4d91-000c-4523-9c5f-2c204b5f6601{ip: 192.168.5.153, host: pr-hdds-2137-trunk-mnh2s-3748177197, networkLocation: /default-rack, certSerialId: null}f7ede272-a28a-44e0-9552-15581fc2de04{ip: 192.168.5.153, host: pr-hdds-2137-trunk-mnh2s-3748177197, networkLocation: /default-rack, certSerialId: null}, Type:RATIS, Factor:THREE, State:CLOSED] from datanode 84ab4d91-000c-4523-9c5f-2c204b5f6601{ip: 192.168.5.153, host: pr-hdds-2137-trunk-mnh2s-3748177197, networkLocation: /default-rack, certSerialId: null}. Reason : 84ab4d91-000c-4523-9c5f-2c204b5f6601 has not seen follower/s 5e893e0a-56f7-4618-9f46-a6ff48173cb6 for 154872ms
2019-09-17 12:49:02,437 [EventQueue-PipelineActionsForPipelineActionHandler] INFO  pipeline.SCMPipelineManager (SCMPipelineManager.java:finalizeAndDestroyPipeline(311)) - destroying pipeline:Pipeline[ Id: e5966ae0-5fcf-4a62-bb3f-1f9831cc3440, Nodes: 5e893e0a-56f7-4618-9f46-a6ff48173cb6{ip: 192.168.5.153, host: pr-hdds-2137-trunk-mnh2s-3748177197, networkLocation: /default-rack, certSerialId: null}84ab4d91-000c-4523-9c5f-2c204b5f6601{ip: 192.168.5.153, host: pr-hdds-2137-trunk-mnh2s-3748177197, networkLocation: /default-rack, certSerialId: null}f7ede272-a28a-44e0-9552-15581fc2de04{ip: 192.168.5.153, host: pr-hdds-2137-trunk-mnh2s-3748177197, networkLocation: /default-rack, certSerialId: null}, Type:RATIS, Factor:THREE, State:CLOSED]
2019-09-17 12:49:02,450 [java.util.concurrent.ThreadPoolExecutor$Worker@71af583c[State = -1, empty queue]] WARN  server.GrpcLogAppender (GrpcLogAppender.java:timeoutAppendRequest(200)) - 84ab4d91-000c-4523-9c5f-2c204b5f6601@group-1F9831CC3440->5e893e0a-56f7-4618-9f46-a6ff48173cb6-GrpcLogAppender: appendEntries Timeout, request=84ab4d91-000c-4523-9c5f-2c204b5f6601->5e893e0a-56f7-4618-9f46-a6ff48173cb6#81-t1, previous=(t:1, i:20), leaderCommit=15, initializing? false, entries: <empty>
 0.00% |█                                                                                                    |  0/1 Time: 0:06:072019-09-17 12:49:03,509 [grpc-default-executor-3] INFO  client.GrpcClientProtocolClient (GrpcClientProtocolClient.java:onNext(264)) - client-917C2951E632->5e893e0a-56f7-4618-9f46-a6ff48173cb6: receive RaftClientReply:client-917C2951E632->5e893e0a-56f7-4618-9f46-a6ff48173cb6@group-1F9831CC3440, cid=52, FAILED org.apache.ratis.protocol.NotLeaderException: Server 5e893e0a-56f7-4618-9f46-a6ff48173cb6@group-1F9831CC3440 is not the leader 84ab4d91-000c-4523-9c5f-2c204b5f6601:192.168.5.153:39178, logIndex=0, commits[5e893e0a-56f7-4618-9f46-a6ff48173cb6:c15, 84ab4d91-000c-4523-9c5f-2c204b5f6601:c15, f7ede272-a28a-44e0-9552-15581fc2de04:c15]
 0.00% |█                                                                                                    |  0/1 Time: 0:06:082019-09-17 12:49:04,479 [org.apache.ratis.server.impl.LogAppender$AppenderDaemon$$Lambda$509/159327213@5a9109f0] ERROR ratis.XceiverServerRatis (XceiverServerRatis.java:triggerPipelineClose(575)) - pipeline Action CLOSE  on pipeline PipelineID=e5966ae0-5fcf-4a62-bb3f-1f9831cc3440.Reason : 84ab4d91-000c-4523-9c5f-2c204b5f6601 has not seen follower/s 5e893e0a-56f7-4618-9f46-a6ff48173cb6 for 157373ms
2019-09-17 12:49:04,978 [java.util.concurrent.ThreadPoolExecutor$Worker@71af583c[State = -1, empty queue]] WARN  server.GrpcLogAppender (GrpcLogAppender.java:timeoutAppendRequest(200)) - 84ab4d91-000c-4523-9c5f-2c204b5f6601@group-1F9831CC3440->5e893e0a-56f7-4618-9f46-a6ff48173cb6-GrpcLogAppender: appendEntries Timeout, request=84ab4d91-000c-4523-9c5f-2c204b5f6601->5e893e0a-56f7-4618-9f46-a6ff48173cb6#82-t1, previous=(t:1, i:20), leaderCommit=15, initializing? false, entries: <empty>
 0.00% |█                                                                                                    |  0/1 Time: 0:06:092019-09-17 12:49:05,438 [EventQueue-PipelineActionsForPipelineActionHandler] ERROR pipeline.PipelineActionHandler (PipelineActionHandler.java:onMessage(60)) - Received pipeline action CLOSE for Pipeline[ Id: e5966ae0-5fcf-4a62-bb3f-1f9831cc3440, Nodes: 5e893e0a-56f7-4618-9f46-a6ff48173cb6{ip: 192.168.5.153, host: pr-hdds-2137-trunk-mnh2s-3748177197, networkLocation: /default-rack, certSerialId: null}84ab4d91-000c-4523-9c5f-2c204b5f6601{ip: 192.168.5.153, host: pr-hdds-2137-trunk-mnh2s-3748177197, networkLocation: /default-rack, certSerialId: null}f7ede272-a28a-44e0-9552-15581fc2de04{ip: 192.168.5.153, host: pr-hdds-2137-trunk-mnh2s-3748177197, networkLocation: /default-rack, certSerialId: null}, Type:RATIS, Factor:THREE, State:CLOSED] from datanode 84ab4d91-000c-4523-9c5f-2c204b5f6601{ip: 192.168.5.153, host: pr-hdds-2137-trunk-mnh2s-3748177197, networkLocation: /default-rack, certSerialId: null}. Reason : 84ab4d91-000c-4523-9c5f-2c204b5f6601 has not seen follower/s 5e893e0a-56f7-4618-9f46-a6ff48173cb6 for 157373ms
2019-09-17 12:49:05,439 [EventQueue-PipelineActionsForPipelineActionHandler] INFO  pipeline.SCMPipelineManager (SCMPipelineManager.java:finalizeAndDestroyPipeline(311)) - destroying pipeline:Pipeline[ Id: e5966ae0-5fcf-4a62-bb3f-1f9831cc3440, Nodes: 5e893e0a-56f7-4618-9f46-a6ff48173cb6{ip: 192.168.5.153, host: pr-hdds-2137-trunk-mnh2s-3748177197, networkLocation: /default-rack, certSerialId: null}84ab4d91-000c-4523-9c5f-2c204b5f6601{ip: 192.168.5.153, host: pr-hdds-2137-trunk-mnh2s-3748177197, networkLocation: /default-rack, certSerialId: null}f7ede272-a28a-44e0-9552-15581fc2de04{ip: 192.168.5.153, host: pr-hdds-2137-trunk-mnh2s-3748177197, networkLocation: /default-rack, certSerialId: null}, Type:RATIS, Factor:THREE, State:CLOSED]
 0.00% |█                                                                                                    |  0/1 Time: 0:06:102019-09-17 12:49:06,981 [org.apache.ratis.server.impl.LogAppender$AppenderDaemon$$Lambda$509/159327213@5a9109f0] ERROR ratis.XceiverServerRatis (XceiverServerRatis.java:triggerPipelineClose(575)) - pipeline Action CLOSE  on pipeline PipelineID=e5966ae0-5fcf-4a62-bb3f-1f9831cc3440.Reason : 84ab4d91-000c-4523-9c5f-2c204b5f6601 has not seen follower/s 5e893e0a-56f7-4618-9f46-a6ff48173cb6 for 159875ms
2019-09-17 12:49:07,168 [5e893e0a-56f7-4618-9f46-a6ff48173cb6@group-1F9831CC3440-SegmentedRaftLogWorker] WARN  segmented.SegmentedRaftLogWorker (SegmentedRaftLogWorker.java:getFromFuture(90)) - Timeout 15/~
org.apache.ratis.protocol.TimeoutIOException: Timeout 10s: WriteLog:16: (t:1, i:16), STATEMACHINELOGENTRY, client-917C2951E632, cid=52-writeStateMachineData
	at org.apache.ratis.util.IOUtils.getFromFuture(IOUtils.java:87)
	at org.apache.ratis.server.raftlog.segmented.SegmentedRaftLogWorker$StateMachineDataPolicy.getFromFuture(SegmentedRaftLogWorker.java:87)
	at org.apache.ratis.server.raftlog.segmented.SegmentedRaftLogWorker$WriteLog.execute(SegmentedRaftLogWorker.java:477)
	at org.apache.ratis.server.raftlog.segmented.SegmentedRaftLogWorker.run(SegmentedRaftLogWorker.java:289)
	at java.lang.Thread.run(Thread.java:748)
Caused by: java.util.concurrent.TimeoutException
	at java.util.concurrent.CompletableFuture.timedGet(CompletableFuture.java:1771)
	at java.util.concurrent.CompletableFuture.get(CompletableFuture.java:1915)
	at org.apache.ratis.util.IOUtils.getFromFuture(IOUtils.java:79)
	... 4 more
2019-09-17 12:49:07,168 [84ab4d91-000c-4523-9c5f-2c204b5f6601@group-1F9831CC3440-SegmentedRaftLogWorker] WARN  segmented.SegmentedRaftLogWorker (SegmentedRaftLogWorker.java:getFromFuture(90)) - Timeout 15/~
org.apache.ratis.protocol.TimeoutIOException: Timeout 10s: WriteLog:16: (t:1, i:16), STATEMACHINELOGENTRY, client-917C2951E632, cid=52-writeStateMachineData
	at org.apache.ratis.util.IOUtils.getFromFuture(IOUtils.java:87)
	at org.apache.ratis.server.raftlog.segmented.SegmentedRaftLogWorker$StateMachineDataPolicy.getFromFuture(SegmentedRaftLogWorker.java:87)
	at org.apache.ratis.server.raftlog.segmented.SegmentedRaftLogWorker$WriteLog.execute(SegmentedRaftLogWorker.java:477)
	at org.apache.ratis.server.raftlog.segmented.SegmentedRaftLogWorker.run(SegmentedRaftLogWorker.java:289)
	at java.lang.Thread.run(Thread.java:748)
Caused by: java.util.concurrent.TimeoutException
	at java.util.concurrent.CompletableFuture.timedGet(CompletableFuture.java:1771)
	at java.util.concurrent.CompletableFuture.get(CompletableFuture.java:1915)
	at org.apache.ratis.util.IOUtils.getFromFuture(IOUtils.java:79)
	... 4 more
 0.00% |█                                                                                                    |  0/1 Time: 0:06:112019-09-17 12:49:07,438 [EventQueue-PipelineActionsForPipelineActionHandler] ERROR pipeline.PipelineActionHandler (PipelineActionHandler.java:onMessage(60)) - Received pipeline action CLOSE for Pipeline[ Id: e5966ae0-5fcf-4a62-bb3f-1f9831cc3440, Nodes: 5e893e0a-56f7-4618-9f46-a6ff48173cb6{ip: 192.168.5.153, host: pr-hdds-2137-trunk-mnh2s-3748177197, networkLocation: /default-rack, certSerialId: null}84ab4d91-000c-4523-9c5f-2c204b5f6601{ip: 192.168.5.153, host: pr-hdds-2137-trunk-mnh2s-3748177197, networkLocation: /default-rack, certSerialId: null}f7ede272-a28a-44e0-9552-15581fc2de04{ip: 192.168.5.153, host: pr-hdds-2137-trunk-mnh2s-3748177197, networkLocation: /default-rack, certSerialId: null}, Type:RATIS, Factor:THREE, State:CLOSED] from datanode 84ab4d91-000c-4523-9c5f-2c204b5f6601{ip: 192.168.5.153, host: pr-hdds-2137-trunk-mnh2s-3748177197, networkLocation: /default-rack, certSerialId: null}. Reason : 84ab4d91-000c-4523-9c5f-2c204b5f6601 has not seen follower/s 5e893e0a-56f7-4618-9f46-a6ff48173cb6 for 159875ms
2019-09-17 12:49:07,438 [EventQueue-PipelineActionsForPipelineActionHandler] INFO  pipeline.SCMPipelineManager (SCMPipelineManager.java:finalizeAndDestroyPipeline(311)) - destroying pipeline:Pipeline[ Id: e5966ae0-5fcf-4a62-bb3f-1f9831cc3440, Nodes: 5e893e0a-56f7-4618-9f46-a6ff48173cb6{ip: 192.168.5.153, host: pr-hdds-2137-trunk-mnh2s-3748177197, networkLocation: /default-rack, certSerialId: null}84ab4d91-000c-4523-9c5f-2c204b5f6601{ip: 192.168.5.153, host: pr-hdds-2137-trunk-mnh2s-3748177197, networkLocation: /default-rack, certSerialId: null}f7ede272-a28a-44e0-9552-15581fc2de04{ip: 192.168.5.153, host: pr-hdds-2137-trunk-mnh2s-3748177197, networkLocation: /default-rack, certSerialId: null}, Type:RATIS, Factor:THREE, State:CLOSED]
2019-09-17 12:49:07,479 [java.util.concurrent.ThreadPoolExecutor$Worker@71af583c[State = -1, empty queue]] WARN  server.GrpcLogAppender (GrpcLogAppender.java:timeoutAppendRequest(200)) - 84ab4d91-000c-4523-9c5f-2c204b5f6601@group-1F9831CC3440->5e893e0a-56f7-4618-9f46-a6ff48173cb6-GrpcLogAppender: appendEntries Timeout, request=84ab4d91-000c-4523-9c5f-2c204b5f6601->5e893e0a-56f7-4618-9f46-a6ff48173cb6#83-t1, previous=(t:1, i:20), leaderCommit=15, initializing? false, entries: <empty>
 0.00% |█                                                                                                    |  0/1 Time: 0:06:122019-09-17 12:49:08,548 [grpc-default-executor-4] INFO  client.GrpcClientProtocolClient (GrpcClientProtocolClient.java:onNext(264)) - client-917C2951E632->f7ede272-a28a-44e0-9552-15581fc2de04: receive RaftClientReply:client-917C2951E632->f7ede272-a28a-44e0-9552-15581fc2de04@group-1F9831CC3440, cid=52, FAILED org.apache.ratis.protocol.NotLeaderException: Server f7ede272-a28a-44e0-9552-15581fc2de04@group-1F9831CC3440 is not the leader 84ab4d91-000c-4523-9c5f-2c204b5f6601:192.168.5.153:39178, logIndex=0, commits[f7ede272-a28a-44e0-9552-15581fc2de04:c15, 5e893e0a-56f7-4618-9f46-a6ff48173cb6:c11, 84ab4d91-000c-4523-9c5f-2c204b5f6601:c15]
 0.00% |█                                                                                                    |  0/1 Time: 0:06:132019-09-17 12:49:09,481 [org.apache.ratis.server.impl.LogAppender$AppenderDaemon$$Lambda$509/159327213@5a9109f0] ERROR ratis.XceiverServerRatis (XceiverServerRatis.java:triggerPipelineClose(575)) - pipeline Action CLOSE  on pipeline PipelineID=e5966ae0-5fcf-4a62-bb3f-1f9831cc3440.Reason : 84ab4d91-000c-4523-9c5f-2c204b5f6601 has not seen follower/s 5e893e0a-56f7-4618-9f46-a6ff48173cb6 for 162375ms
2019-09-17 12:49:09,981 [java.util.concurrent.ThreadPoolExecutor$Worker@71af583c[State = -1, empty queue]] WARN  server.GrpcLogAppender (GrpcLogAppender.java:timeoutAppendRequest(200)) - 84ab4d91-000c-4523-9c5f-2c204b5f6601@group-1F9831CC3440->5e893e0a-56f7-4618-9f46-a6ff48173cb6-GrpcLogAppender: appendEntries Timeout, request=84ab4d91-000c-4523-9c5f-2c204b5f6601->5e893e0a-56f7-4618-9f46-a6ff48173cb6#84-t1, previous=(t:1, i:20), leaderCommit=15, initializing? false, entries: <empty>
 0.00% |█                                                                                                    |  0/1 Time: 0:06:142019-09-17 12:49:10,439 [EventQueue-PipelineActionsForPipelineActionHandler] ERROR pipeline.PipelineActionHandler (PipelineActionHandler.java:onMessage(60)) - Received pipeline action CLOSE for Pipeline[ Id: e5966ae0-5fcf-4a62-bb3f-1f9831cc3440, Nodes: 5e893e0a-56f7-4618-9f46-a6ff48173cb6{ip: 192.168.5.153, host: pr-hdds-2137-trunk-mnh2s-3748177197, networkLocation: /default-rack, certSerialId: null}84ab4d91-000c-4523-9c5f-2c204b5f6601{ip: 192.168.5.153, host: pr-hdds-2137-trunk-mnh2s-3748177197, networkLocation: /default-rack, certSerialId: null}f7ede272-a28a-44e0-9552-15581fc2de04{ip: 192.168.5.153, host: pr-hdds-2137-trunk-mnh2s-3748177197, networkLocation: /default-rack, certSerialId: null}, Type:RATIS, Factor:THREE, State:CLOSED] from datanode 84ab4d91-000c-4523-9c5f-2c204b5f6601{ip: 192.168.5.153, host: pr-hdds-2137-trunk-mnh2s-3748177197, networkLocation: /default-rack, certSerialId: null}. Reason : 84ab4d91-000c-4523-9c5f-2c204b5f6601 has not seen follower/s 5e893e0a-56f7-4618-9f46-a6ff48173cb6 for 162375ms
2019-09-17 12:49:10,439 [EventQueue-PipelineActionsForPipelineActionHandler] INFO  pipeline.SCMPipelineManager (SCMPipelineManager.java:finalizeAndDestroyPipeline(311)) - destroying pipeline:Pipeline[ Id: e5966ae0-5fcf-4a62-bb3f-1f9831cc3440, Nodes: 5e893e0a-56f7-4618-9f46-a6ff48173cb6{ip: 192.168.5.153, host: pr-hdds-2137-trunk-mnh2s-3748177197, networkLocation: /default-rack, certSerialId: null}84ab4d91-000c-4523-9c5f-2c204b5f6601{ip: 192.168.5.153, host: pr-hdds-2137-trunk-mnh2s-3748177197, networkLocation: /default-rack, certSerialId: null}f7ede272-a28a-44e0-9552-15581fc2de04{ip: 192.168.5.153, host: pr-hdds-2137-trunk-mnh2s-3748177197, networkLocation: /default-rack, certSerialId: null}, Type:RATIS, Factor:THREE, State:CLOSED]
 0.00% |█                                                                                                    |  0/1 Time: 0:06:152019-09-17 12:49:11,983 [org.apache.ratis.server.impl.LogAppender$AppenderDaemon$$Lambda$509/159327213@5a9109f0] ERROR ratis.XceiverServerRatis (XceiverServerRatis.java:triggerPipelineClose(575)) - pipeline Action CLOSE  on pipeline PipelineID=e5966ae0-5fcf-4a62-bb3f-1f9831cc3440.Reason : 84ab4d91-000c-4523-9c5f-2c204b5f6601 has not seen follower/s 5e893e0a-56f7-4618-9f46-a6ff48173cb6 for 164877ms
 0.00% |█                                                                                                    |  0/1 Time: 0:06:162019-09-17 12:49:12,438 [EventQueue-PipelineActionsForPipelineActionHandler] ERROR pipeline.PipelineActionHandler (PipelineActionHandler.java:onMessage(60)) - Received pipeline action CLOSE for Pipeline[ Id: e5966ae0-5fcf-4a62-bb3f-1f9831cc3440, Nodes: 5e893e0a-56f7-4618-9f46-a6ff48173cb6{ip: 192.168.5.153, host: pr-hdds-2137-trunk-mnh2s-3748177197, networkLocation: /default-rack, certSerialId: null}84ab4d91-000c-4523-9c5f-2c204b5f6601{ip: 192.168.5.153, host: pr-hdds-2137-trunk-mnh2s-3748177197, networkLocation: /default-rack, certSerialId: null}f7ede272-a28a-44e0-9552-15581fc2de04{ip: 192.168.5.153, host: pr-hdds-2137-trunk-mnh2s-3748177197, networkLocation: /default-rack, certSerialId: null}, Type:RATIS, Factor:THREE, State:CLOSED] from datanode 84ab4d91-000c-4523-9c5f-2c204b5f6601{ip: 192.168.5.153, host: pr-hdds-2137-trunk-mnh2s-3748177197, networkLocation: /default-rack, certSerialId: null}. Reason : 84ab4d91-000c-4523-9c5f-2c204b5f6601 has not seen follower/s 5e893e0a-56f7-4618-9f46-a6ff48173cb6 for 164877ms
2019-09-17 12:49:12,438 [EventQueue-PipelineActionsForPipelineActionHandler] INFO  pipeline.SCMPipelineManager (SCMPipelineManager.java:finalizeAndDestroyPipeline(311)) - destroying pipeline:Pipeline[ Id: e5966ae0-5fcf-4a62-bb3f-1f9831cc3440, Nodes: 5e893e0a-56f7-4618-9f46-a6ff48173cb6{ip: 192.168.5.153, host: pr-hdds-2137-trunk-mnh2s-3748177197, networkLocation: /default-rack, certSerialId: null}84ab4d91-000c-4523-9c5f-2c204b5f6601{ip: 192.168.5.153, host: pr-hdds-2137-trunk-mnh2s-3748177197, networkLocation: /default-rack, certSerialId: null}f7ede272-a28a-44e0-9552-15581fc2de04{ip: 192.168.5.153, host: pr-hdds-2137-trunk-mnh2s-3748177197, networkLocation: /default-rack, certSerialId: null}, Type:RATIS, Factor:THREE, State:CLOSED]
2019-09-17 12:49:12,481 [java.util.concurrent.ThreadPoolExecutor$Worker@71af583c[State = -1, empty queue]] WARN  server.GrpcLogAppender (GrpcLogAppender.java:timeoutAppendRequest(200)) - 84ab4d91-000c-4523-9c5f-2c204b5f6601@group-1F9831CC3440->5e893e0a-56f7-4618-9f46-a6ff48173cb6-GrpcLogAppender: appendEntries Timeout, request=84ab4d91-000c-4523-9c5f-2c204b5f6601->5e893e0a-56f7-4618-9f46-a6ff48173cb6#85-t1, previous=(t:1, i:20), leaderCommit=15, initializing? false, entries: <empty>
 0.00% |█                                                                                                    |  0/1 Time: 0:06:172019-09-17 12:49:13,599 [grpc-default-executor-3] INFO  client.GrpcClientProtocolClient (GrpcClientProtocolClient.java:onNext(264)) - client-917C2951E632->f7ede272-a28a-44e0-9552-15581fc2de04: receive RaftClientReply:client-917C2951E632->f7ede272-a28a-44e0-9552-15581fc2de04@group-1F9831CC3440, cid=52, FAILED org.apache.ratis.protocol.NotLeaderException: Server f7ede272-a28a-44e0-9552-15581fc2de04@group-1F9831CC3440 is not the leader 84ab4d91-000c-4523-9c5f-2c204b5f6601:192.168.5.153:39178, logIndex=0, commits[f7ede272-a28a-44e0-9552-15581fc2de04:c15, 5e893e0a-56f7-4618-9f46-a6ff48173cb6:c11, 84ab4d91-000c-4523-9c5f-2c204b5f6601:c15]
 0.00% |█                                                                                                    |  0/1 Time: 0:06:182019-09-17 12:49:14,483 [org.apache.ratis.server.impl.LogAppender$AppenderDaemon$$Lambda$509/159327213@5a9109f0] ERROR ratis.XceiverServerRatis (XceiverServerRatis.java:triggerPipelineClose(575)) - pipeline Action CLOSE  on pipeline PipelineID=e5966ae0-5fcf-4a62-bb3f-1f9831cc3440.Reason : 84ab4d91-000c-4523-9c5f-2c204b5f6601 has not seen follower/s 5e893e0a-56f7-4618-9f46-a6ff48173cb6 for 167377ms
2019-09-17 12:49:14,983 [java.util.concurrent.ThreadPoolExecutor$Worker@71af583c[State = -1, empty queue]] WARN  server.GrpcLogAppender (GrpcLogAppender.java:timeoutAppendRequest(200)) - 84ab4d91-000c-4523-9c5f-2c204b5f6601@group-1F9831CC3440->5e893e0a-56f7-4618-9f46-a6ff48173cb6-GrpcLogAppender: appendEntries Timeout, request=84ab4d91-000c-4523-9c5f-2c204b5f6601->5e893e0a-56f7-4618-9f46-a6ff48173cb6#86-t1, previous=(t:1, i:20), leaderCommit=15, initializing? false, entries: <empty>
 0.00% |█                                                                                                    |  0/1 Time: 0:06:192019-09-17 12:49:15,440 [EventQueue-PipelineActionsForPipelineActionHandler] ERROR pipeline.PipelineActionHandler (PipelineActionHandler.java:onMessage(60)) - Received pipeline action CLOSE for Pipeline[ Id: e5966ae0-5fcf-4a62-bb3f-1f9831cc3440, Nodes: 5e893e0a-56f7-4618-9f46-a6ff48173cb6{ip: 192.168.5.153, host: pr-hdds-2137-trunk-mnh2s-3748177197, networkLocation: /default-rack, certSerialId: null}84ab4d91-000c-4523-9c5f-2c204b5f6601{ip: 192.168.5.153, host: pr-hdds-2137-trunk-mnh2s-3748177197, networkLocation: /default-rack, certSerialId: null}f7ede272-a28a-44e0-9552-15581fc2de04{ip: 192.168.5.153, host: pr-hdds-2137-trunk-mnh2s-3748177197, networkLocation: /default-rack, certSerialId: null}, Type:RATIS, Factor:THREE, State:CLOSED] from datanode 84ab4d91-000c-4523-9c5f-2c204b5f6601{ip: 192.168.5.153, host: pr-hdds-2137-trunk-mnh2s-3748177197, networkLocation: /default-rack, certSerialId: null}. Reason : 84ab4d91-000c-4523-9c5f-2c204b5f6601 has not seen follower/s 5e893e0a-56f7-4618-9f46-a6ff48173cb6 for 167377ms
2019-09-17 12:49:15,440 [EventQueue-PipelineActionsForPipelineActionHandler] INFO  pipeline.SCMPipelineManager (SCMPipelineManager.java:finalizeAndDestroyPipeline(311)) - destroying pipeline:Pipeline[ Id: e5966ae0-5fcf-4a62-bb3f-1f9831cc3440, Nodes: 5e893e0a-56f7-4618-9f46-a6ff48173cb6{ip: 192.168.5.153, host: pr-hdds-2137-trunk-mnh2s-3748177197, networkLocation: /default-rack, certSerialId: null}84ab4d91-000c-4523-9c5f-2c204b5f6601{ip: 192.168.5.153, host: pr-hdds-2137-trunk-mnh2s-3748177197, networkLocation: /default-rack, certSerialId: null}f7ede272-a28a-44e0-9552-15581fc2de04{ip: 192.168.5.153, host: pr-hdds-2137-trunk-mnh2s-3748177197, networkLocation: /default-rack, certSerialId: null}, Type:RATIS, Factor:THREE, State:CLOSED]
 0.00% |█                                                                                                    |  0/1 Time: 0:06:202019-09-17 12:49:16,985 [org.apache.ratis.server.impl.LogAppender$AppenderDaemon$$Lambda$509/159327213@5a9109f0] ERROR ratis.XceiverServerRatis (XceiverServerRatis.java:triggerPipelineClose(575)) - pipeline Action CLOSE  on pipeline PipelineID=e5966ae0-5fcf-4a62-bb3f-1f9831cc3440.Reason : 84ab4d91-000c-4523-9c5f-2c204b5f6601 has not seen follower/s 5e893e0a-56f7-4618-9f46-a6ff48173cb6 for 169879ms
2019-09-17 12:49:17,169 [5e893e0a-56f7-4618-9f46-a6ff48173cb6@group-1F9831CC3440-SegmentedRaftLogWorker] WARN  segmented.SegmentedRaftLogWorker (SegmentedRaftLogWorker.java:getFromFuture(90)) - Timeout 16/~
org.apache.ratis.protocol.TimeoutIOException: Timeout 10s: WriteLog:16: (t:1, i:16), STATEMACHINELOGENTRY, client-917C2951E632, cid=52-writeStateMachineData
	at org.apache.ratis.util.IOUtils.getFromFuture(IOUtils.java:87)
	at org.apache.ratis.server.raftlog.segmented.SegmentedRaftLogWorker$StateMachineDataPolicy.getFromFuture(SegmentedRaftLogWorker.java:87)
	at org.apache.ratis.server.raftlog.segmented.SegmentedRaftLogWorker$WriteLog.execute(SegmentedRaftLogWorker.java:477)
	at org.apache.ratis.server.raftlog.segmented.SegmentedRaftLogWorker.run(SegmentedRaftLogWorker.java:289)
	at java.lang.Thread.run(Thread.java:748)
Caused by: java.util.concurrent.TimeoutException
	at java.util.concurrent.CompletableFuture.timedGet(CompletableFuture.java:1771)
	at java.util.concurrent.CompletableFuture.get(CompletableFuture.java:1915)
	at org.apache.ratis.util.IOUtils.getFromFuture(IOUtils.java:79)
	... 4 more
2019-09-17 12:49:17,169 [84ab4d91-000c-4523-9c5f-2c204b5f6601@group-1F9831CC3440-SegmentedRaftLogWorker] WARN  segmented.SegmentedRaftLogWorker (SegmentedRaftLogWorker.java:getFromFuture(90)) - Timeout 16/~
org.apache.ratis.protocol.TimeoutIOException: Timeout 10s: WriteLog:16: (t:1, i:16), STATEMACHINELOGENTRY, client-917C2951E632, cid=52-writeStateMachineData
	at org.apache.ratis.util.IOUtils.getFromFuture(IOUtils.java:87)
	at org.apache.ratis.server.raftlog.segmented.SegmentedRaftLogWorker$StateMachineDataPolicy.getFromFuture(SegmentedRaftLogWorker.java:87)
	at org.apache.ratis.server.raftlog.segmented.SegmentedRaftLogWorker$WriteLog.execute(SegmentedRaftLogWorker.java:477)
	at org.apache.ratis.server.raftlog.segmented.SegmentedRaftLogWorker.run(SegmentedRaftLogWorker.java:289)
	at java.lang.Thread.run(Thread.java:748)
Caused by: java.util.concurrent.TimeoutException
	at java.util.concurrent.CompletableFuture.timedGet(CompletableFuture.java:1771)
	at java.util.concurrent.CompletableFuture.get(CompletableFuture.java:1915)
	at org.apache.ratis.util.IOUtils.getFromFuture(IOUtils.java:79)
	... 4 more
 0.00% |█                                                                                                    |  0/1 Time: 0:06:212019-09-17 12:49:17,440 [EventQueue-PipelineActionsForPipelineActionHandler] ERROR pipeline.PipelineActionHandler (PipelineActionHandler.java:onMessage(60)) - Received pipeline action CLOSE for Pipeline[ Id: e5966ae0-5fcf-4a62-bb3f-1f9831cc3440, Nodes: 5e893e0a-56f7-4618-9f46-a6ff48173cb6{ip: 192.168.5.153, host: pr-hdds-2137-trunk-mnh2s-3748177197, networkLocation: /default-rack, certSerialId: null}84ab4d91-000c-4523-9c5f-2c204b5f6601{ip: 192.168.5.153, host: pr-hdds-2137-trunk-mnh2s-3748177197, networkLocation: /default-rack, certSerialId: null}f7ede272-a28a-44e0-9552-15581fc2de04{ip: 192.168.5.153, host: pr-hdds-2137-trunk-mnh2s-3748177197, networkLocation: /default-rack, certSerialId: null}, Type:RATIS, Factor:THREE, State:CLOSED] from datanode 84ab4d91-000c-4523-9c5f-2c204b5f6601{ip: 192.168.5.153, host: pr-hdds-2137-trunk-mnh2s-3748177197, networkLocation: /default-rack, certSerialId: null}. Reason : 84ab4d91-000c-4523-9c5f-2c204b5f6601 has not seen follower/s 5e893e0a-56f7-4618-9f46-a6ff48173cb6 for 169879ms
2019-09-17 12:49:17,440 [EventQueue-PipelineActionsForPipelineActionHandler] INFO  pipeline.SCMPipelineManager (SCMPipelineManager.java:finalizeAndDestroyPipeline(311)) - destroying pipeline:Pipeline[ Id: e5966ae0-5fcf-4a62-bb3f-1f9831cc3440, Nodes: 5e893e0a-56f7-4618-9f46-a6ff48173cb6{ip: 192.168.5.153, host: pr-hdds-2137-trunk-mnh2s-3748177197, networkLocation: /default-rack, certSerialId: null}84ab4d91-000c-4523-9c5f-2c204b5f6601{ip: 192.168.5.153, host: pr-hdds-2137-trunk-mnh2s-3748177197, networkLocation: /default-rack, certSerialId: null}f7ede272-a28a-44e0-9552-15581fc2de04{ip: 192.168.5.153, host: pr-hdds-2137-trunk-mnh2s-3748177197, networkLocation: /default-rack, certSerialId: null}, Type:RATIS, Factor:THREE, State:CLOSED]
2019-09-17 12:49:17,483 [java.util.concurrent.ThreadPoolExecutor$Worker@71af583c[State = -1, empty queue]] WARN  server.GrpcLogAppender (GrpcLogAppender.java:timeoutAppendRequest(200)) - 84ab4d91-000c-4523-9c5f-2c204b5f6601@group-1F9831CC3440->5e893e0a-56f7-4618-9f46-a6ff48173cb6-GrpcLogAppender: appendEntries Timeout, request=84ab4d91-000c-4523-9c5f-2c204b5f6601->5e893e0a-56f7-4618-9f46-a6ff48173cb6#87-t1, previous=(t:1, i:20), leaderCommit=15, initializing? false, entries: <empty>
 0.00% |█                                                                                                    |  0/1 Time: 0:06:222019-09-17 12:49:18,643 [grpc-default-executor-2] INFO  client.GrpcClientProtocolClient (GrpcClientProtocolClient.java:onNext(264)) - client-917C2951E632->5e893e0a-56f7-4618-9f46-a6ff48173cb6: receive RaftClientReply:client-917C2951E632->5e893e0a-56f7-4618-9f46-a6ff48173cb6@group-1F9831CC3440, cid=52, FAILED org.apache.ratis.protocol.NotLeaderException: Server 5e893e0a-56f7-4618-9f46-a6ff48173cb6@group-1F9831CC3440 is not the leader 84ab4d91-000c-4523-9c5f-2c204b5f6601:192.168.5.153:39178, logIndex=0, commits[5e893e0a-56f7-4618-9f46-a6ff48173cb6:c15, 84ab4d91-000c-4523-9c5f-2c204b5f6601:c15, f7ede272-a28a-44e0-9552-15581fc2de04:c15]
 0.00% |█                                                                                                    |  0/1 Time: 0:06:232019-09-17 12:49:19,486 [org.apache.ratis.server.impl.LogAppender$AppenderDaemon$$Lambda$509/159327213@5a9109f0] ERROR ratis.XceiverServerRatis (XceiverServerRatis.java:triggerPipelineClose(575)) - pipeline Action CLOSE  on pipeline PipelineID=e5966ae0-5fcf-4a62-bb3f-1f9831cc3440.Reason : 84ab4d91-000c-4523-9c5f-2c204b5f6601 has not seen follower/s 5e893e0a-56f7-4618-9f46-a6ff48173cb6 for 172380ms
2019-09-17 12:49:19,985 [java.util.concurrent.ThreadPoolExecutor$Worker@71af583c[State = -1, empty queue]] WARN  server.GrpcLogAppender (GrpcLogAppender.java:timeoutAppendRequest(200)) - 84ab4d91-000c-4523-9c5f-2c204b5f6601@group-1F9831CC3440->5e893e0a-56f7-4618-9f46-a6ff48173cb6-GrpcLogAppender: appendEntries Timeout, request=84ab4d91-000c-4523-9c5f-2c204b5f6601->5e893e0a-56f7-4618-9f46-a6ff48173cb6#88-t1, previous=(t:1, i:20), leaderCommit=15, initializing? false, entries: <empty>
 0.00% |█                                                                                                    |  0/1 Time: 0:06:242019-09-17 12:49:20,438 [EventQueue-PipelineActionsForPipelineActionHandler] ERROR pipeline.PipelineActionHandler (PipelineActionHandler.java:onMessage(60)) - Received pipeline action CLOSE for Pipeline[ Id: e5966ae0-5fcf-4a62-bb3f-1f9831cc3440, Nodes: 5e893e0a-56f7-4618-9f46-a6ff48173cb6{ip: 192.168.5.153, host: pr-hdds-2137-trunk-mnh2s-3748177197, networkLocation: /default-rack, certSerialId: null}84ab4d91-000c-4523-9c5f-2c204b5f6601{ip: 192.168.5.153, host: pr-hdds-2137-trunk-mnh2s-3748177197, networkLocation: /default-rack, certSerialId: null}f7ede272-a28a-44e0-9552-15581fc2de04{ip: 192.168.5.153, host: pr-hdds-2137-trunk-mnh2s-3748177197, networkLocation: /default-rack, certSerialId: null}, Type:RATIS, Factor:THREE, State:CLOSED] from datanode 84ab4d91-000c-4523-9c5f-2c204b5f6601{ip: 192.168.5.153, host: pr-hdds-2137-trunk-mnh2s-3748177197, networkLocation: /default-rack, certSerialId: null}. Reason : 84ab4d91-000c-4523-9c5f-2c204b5f6601 has not seen follower/s 5e893e0a-56f7-4618-9f46-a6ff48173cb6 for 172380ms
2019-09-17 12:49:20,438 [EventQueue-PipelineActionsForPipelineActionHandler] INFO  pipeline.SCMPipelineManager (SCMPipelineManager.java:finalizeAndDestroyPipeline(311)) - destroying pipeline:Pipeline[ Id: e5966ae0-5fcf-4a62-bb3f-1f9831cc3440, Nodes: 5e893e0a-56f7-4618-9f46-a6ff48173cb6{ip: 192.168.5.153, host: pr-hdds-2137-trunk-mnh2s-3748177197, networkLocation: /default-rack, certSerialId: null}84ab4d91-000c-4523-9c5f-2c204b5f6601{ip: 192.168.5.153, host: pr-hdds-2137-trunk-mnh2s-3748177197, networkLocation: /default-rack, certSerialId: null}f7ede272-a28a-44e0-9552-15581fc2de04{ip: 192.168.5.153, host: pr-hdds-2137-trunk-mnh2s-3748177197, networkLocation: /default-rack, certSerialId: null}, Type:RATIS, Factor:THREE, State:CLOSED]
 0.00% |█                                                                                                    |  0/1 Time: 0:06:252019-09-17 12:49:21,987 [org.apache.ratis.server.impl.LogAppender$AppenderDaemon$$Lambda$509/159327213@5a9109f0] ERROR ratis.XceiverServerRatis (XceiverServerRatis.java:triggerPipelineClose(575)) - pipeline Action CLOSE  on pipeline PipelineID=e5966ae0-5fcf-4a62-bb3f-1f9831cc3440.Reason : 84ab4d91-000c-4523-9c5f-2c204b5f6601 has not seen follower/s 5e893e0a-56f7-4618-9f46-a6ff48173cb6 for 174881ms
 0.00% |█                                                                                                    |  0/1 Time: 0:06:262019-09-17 12:49:22,439 [EventQueue-PipelineActionsForPipelineActionHandler] ERROR pipeline.PipelineActionHandler (PipelineActionHandler.java:onMessage(60)) - Received pipeline action CLOSE for Pipeline[ Id: e5966ae0-5fcf-4a62-bb3f-1f9831cc3440, Nodes: 5e893e0a-56f7-4618-9f46-a6ff48173cb6{ip: 192.168.5.153, host: pr-hdds-2137-trunk-mnh2s-3748177197, networkLocation: /default-rack, certSerialId: null}84ab4d91-000c-4523-9c5f-2c204b5f6601{ip: 192.168.5.153, host: pr-hdds-2137-trunk-mnh2s-3748177197, networkLocation: /default-rack, certSerialId: null}f7ede272-a28a-44e0-9552-15581fc2de04{ip: 192.168.5.153, host: pr-hdds-2137-trunk-mnh2s-3748177197, networkLocation: /default-rack, certSerialId: null}, Type:RATIS, Factor:THREE, State:CLOSED] from datanode 84ab4d91-000c-4523-9c5f-2c204b5f6601{ip: 192.168.5.153, host: pr-hdds-2137-trunk-mnh2s-3748177197, networkLocation: /default-rack, certSerialId: null}. Reason : 84ab4d91-000c-4523-9c5f-2c204b5f6601 has not seen follower/s 5e893e0a-56f7-4618-9f46-a6ff48173cb6 for 174881ms
2019-09-17 12:49:22,439 [EventQueue-PipelineActionsForPipelineActionHandler] INFO  pipeline.SCMPipelineManager (SCMPipelineManager.java:finalizeAndDestroyPipeline(311)) - destroying pipeline:Pipeline[ Id: e5966ae0-5fcf-4a62-bb3f-1f9831cc3440, Nodes: 5e893e0a-56f7-4618-9f46-a6ff48173cb6{ip: 192.168.5.153, host: pr-hdds-2137-trunk-mnh2s-3748177197, networkLocation: /default-rack, certSerialId: null}84ab4d91-000c-4523-9c5f-2c204b5f6601{ip: 192.168.5.153, host: pr-hdds-2137-trunk-mnh2s-3748177197, networkLocation: /default-rack, certSerialId: null}f7ede272-a28a-44e0-9552-15581fc2de04{ip: 192.168.5.153, host: pr-hdds-2137-trunk-mnh2s-3748177197, networkLocation: /default-rack, certSerialId: null}, Type:RATIS, Factor:THREE, State:CLOSED]
2019-09-17 12:49:22,486 [java.util.concurrent.ThreadPoolExecutor$Worker@71af583c[State = -1, empty queue]] WARN  server.GrpcLogAppender (GrpcLogAppender.java:timeoutAppendRequest(200)) - 84ab4d91-000c-4523-9c5f-2c204b5f6601@group-1F9831CC3440->5e893e0a-56f7-4618-9f46-a6ff48173cb6-GrpcLogAppender: appendEntries Timeout, request=84ab4d91-000c-4523-9c5f-2c204b5f6601->5e893e0a-56f7-4618-9f46-a6ff48173cb6#89-t1, previous=(t:1, i:20), leaderCommit=15, initializing? false, entries: <empty>
 0.00% |█                                                                                                    |  0/1 Time: 0:06:272019-09-17 12:49:23,671 [grpc-default-executor-4] INFO  client.GrpcClientProtocolClient (GrpcClientProtocolClient.java:onNext(264)) - client-917C2951E632->5e893e0a-56f7-4618-9f46-a6ff48173cb6: receive RaftClientReply:client-917C2951E632->5e893e0a-56f7-4618-9f46-a6ff48173cb6@group-1F9831CC3440, cid=52, FAILED org.apache.ratis.protocol.NotLeaderException: Server 5e893e0a-56f7-4618-9f46-a6ff48173cb6@group-1F9831CC3440 is not the leader 84ab4d91-000c-4523-9c5f-2c204b5f6601:192.168.5.153:39178, logIndex=0, commits[5e893e0a-56f7-4618-9f46-a6ff48173cb6:c15, 84ab4d91-000c-4523-9c5f-2c204b5f6601:c15, f7ede272-a28a-44e0-9552-15581fc2de04:c15]
 0.00% |█                                                                                                    |  0/1 Time: 0:06:282019-09-17 12:49:24,487 [org.apache.ratis.server.impl.LogAppender$AppenderDaemon$$Lambda$509/159327213@5a9109f0] ERROR ratis.XceiverServerRatis (XceiverServerRatis.java:triggerPipelineClose(575)) - pipeline Action CLOSE  on pipeline PipelineID=e5966ae0-5fcf-4a62-bb3f-1f9831cc3440.Reason : 84ab4d91-000c-4523-9c5f-2c204b5f6601 has not seen follower/s 5e893e0a-56f7-4618-9f46-a6ff48173cb6 for 177381ms
2019-09-17 12:49:24,987 [java.util.concurrent.ThreadPoolExecutor$Worker@71af583c[State = -1, empty queue]] WARN  server.GrpcLogAppender (GrpcLogAppender.java:timeoutAppendRequest(200)) - 84ab4d91-000c-4523-9c5f-2c204b5f6601@group-1F9831CC3440->5e893e0a-56f7-4618-9f46-a6ff48173cb6-GrpcLogAppender: appendEntries Timeout, request=84ab4d91-000c-4523-9c5f-2c204b5f6601->5e893e0a-56f7-4618-9f46-a6ff48173cb6#90-t1, previous=(t:1, i:20), leaderCommit=15, initializing? false, entries: <empty>
 0.00% |█                                                                                                    |  0/1 Time: 0:06:292019-09-17 12:49:25,440 [EventQueue-PipelineActionsForPipelineActionHandler] ERROR pipeline.PipelineActionHandler (PipelineActionHandler.java:onMessage(60)) - Received pipeline action CLOSE for Pipeline[ Id: e5966ae0-5fcf-4a62-bb3f-1f9831cc3440, Nodes: 5e893e0a-56f7-4618-9f46-a6ff48173cb6{ip: 192.168.5.153, host: pr-hdds-2137-trunk-mnh2s-3748177197, networkLocation: /default-rack, certSerialId: null}84ab4d91-000c-4523-9c5f-2c204b5f6601{ip: 192.168.5.153, host: pr-hdds-2137-trunk-mnh2s-3748177197, networkLocation: /default-rack, certSerialId: null}f7ede272-a28a-44e0-9552-15581fc2de04{ip: 192.168.5.153, host: pr-hdds-2137-trunk-mnh2s-3748177197, networkLocation: /default-rack, certSerialId: null}, Type:RATIS, Factor:THREE, State:CLOSED] from datanode 84ab4d91-000c-4523-9c5f-2c204b5f6601{ip: 192.168.5.153, host: pr-hdds-2137-trunk-mnh2s-3748177197, networkLocation: /default-rack, certSerialId: null}. Reason : 84ab4d91-000c-4523-9c5f-2c204b5f6601 has not seen follower/s 5e893e0a-56f7-4618-9f46-a6ff48173cb6 for 177381ms
2019-09-17 12:49:25,440 [EventQueue-PipelineActionsForPipelineActionHandler] INFO  pipeline.SCMPipelineManager (SCMPipelineManager.java:finalizeAndDestroyPipeline(311)) - destroying pipeline:Pipeline[ Id: e5966ae0-5fcf-4a62-bb3f-1f9831cc3440, Nodes: 5e893e0a-56f7-4618-9f46-a6ff48173cb6{ip: 192.168.5.153, host: pr-hdds-2137-trunk-mnh2s-3748177197, networkLocation: /default-rack, certSerialId: null}84ab4d91-000c-4523-9c5f-2c204b5f6601{ip: 192.168.5.153, host: pr-hdds-2137-trunk-mnh2s-3748177197, networkLocation: /default-rack, certSerialId: null}f7ede272-a28a-44e0-9552-15581fc2de04{ip: 192.168.5.153, host: pr-hdds-2137-trunk-mnh2s-3748177197, networkLocation: /default-rack, certSerialId: null}, Type:RATIS, Factor:THREE, State:CLOSED]
 0.00% |█                                                                                                    |  0/1 Time: 0:06:302019-09-17 12:49:26,988 [org.apache.ratis.server.impl.LogAppender$AppenderDaemon$$Lambda$509/159327213@5a9109f0] ERROR ratis.XceiverServerRatis (XceiverServerRatis.java:triggerPipelineClose(575)) - pipeline Action CLOSE  on pipeline PipelineID=e5966ae0-5fcf-4a62-bb3f-1f9831cc3440.Reason : 84ab4d91-000c-4523-9c5f-2c204b5f6601 has not seen follower/s 5e893e0a-56f7-4618-9f46-a6ff48173cb6 for 179882ms
2019-09-17 12:49:27,170 [5e893e0a-56f7-4618-9f46-a6ff48173cb6@group-1F9831CC3440-SegmentedRaftLogWorker] WARN  segmented.SegmentedRaftLogWorker (SegmentedRaftLogWorker.java:getFromFuture(90)) - Timeout 17/~
org.apache.ratis.protocol.TimeoutIOException: Timeout 10s: WriteLog:16: (t:1, i:16), STATEMACHINELOGENTRY, client-917C2951E632, cid=52-writeStateMachineData
	at org.apache.ratis.util.IOUtils.getFromFuture(IOUtils.java:87)
	at org.apache.ratis.server.raftlog.segmented.SegmentedRaftLogWorker$StateMachineDataPolicy.getFromFuture(SegmentedRaftLogWorker.java:87)
	at org.apache.ratis.server.raftlog.segmented.SegmentedRaftLogWorker$WriteLog.execute(SegmentedRaftLogWorker.java:477)
	at org.apache.ratis.server.raftlog.segmented.SegmentedRaftLogWorker.run(SegmentedRaftLogWorker.java:289)
	at java.lang.Thread.run(Thread.java:748)
Caused by: java.util.concurrent.TimeoutException
	at java.util.concurrent.CompletableFuture.timedGet(CompletableFuture.java:1771)
	at java.util.concurrent.CompletableFuture.get(CompletableFuture.java:1915)
	at org.apache.ratis.util.IOUtils.getFromFuture(IOUtils.java:79)
	... 4 more
2019-09-17 12:49:27,170 [84ab4d91-000c-4523-9c5f-2c204b5f6601@group-1F9831CC3440-SegmentedRaftLogWorker] WARN  segmented.SegmentedRaftLogWorker (SegmentedRaftLogWorker.java:getFromFuture(90)) - Timeout 17/~
org.apache.ratis.protocol.TimeoutIOException: Timeout 10s: WriteLog:16: (t:1, i:16), STATEMACHINELOGENTRY, client-917C2951E632, cid=52-writeStateMachineData
	at org.apache.ratis.util.IOUtils.getFromFuture(IOUtils.java:87)
	at org.apache.ratis.server.raftlog.segmented.SegmentedRaftLogWorker$StateMachineDataPolicy.getFromFuture(SegmentedRaftLogWorker.java:87)
	at org.apache.ratis.server.raftlog.segmented.SegmentedRaftLogWorker$WriteLog.execute(SegmentedRaftLogWorker.java:477)
	at org.apache.ratis.server.raftlog.segmented.SegmentedRaftLogWorker.run(SegmentedRaftLogWorker.java:289)
	at java.lang.Thread.run(Thread.java:748)
Caused by: java.util.concurrent.TimeoutException
	at java.util.concurrent.CompletableFuture.timedGet(CompletableFuture.java:1771)
	at java.util.concurrent.CompletableFuture.get(CompletableFuture.java:1915)
	at org.apache.ratis.util.IOUtils.getFromFuture(IOUtils.java:79)
	... 4 more
 0.00% |█                                                                                                    |  0/1 Time: 0:06:312019-09-17 12:49:27,440 [EventQueue-PipelineActionsForPipelineActionHandler] ERROR pipeline.PipelineActionHandler (PipelineActionHandler.java:onMessage(60)) - Received pipeline action CLOSE for Pipeline[ Id: e5966ae0-5fcf-4a62-bb3f-1f9831cc3440, Nodes: 5e893e0a-56f7-4618-9f46-a6ff48173cb6{ip: 192.168.5.153, host: pr-hdds-2137-trunk-mnh2s-3748177197, networkLocation: /default-rack, certSerialId: null}84ab4d91-000c-4523-9c5f-2c204b5f6601{ip: 192.168.5.153, host: pr-hdds-2137-trunk-mnh2s-3748177197, networkLocation: /default-rack, certSerialId: null}f7ede272-a28a-44e0-9552-15581fc2de04{ip: 192.168.5.153, host: pr-hdds-2137-trunk-mnh2s-3748177197, networkLocation: /default-rack, certSerialId: null}, Type:RATIS, Factor:THREE, State:CLOSED] from datanode 84ab4d91-000c-4523-9c5f-2c204b5f6601{ip: 192.168.5.153, host: pr-hdds-2137-trunk-mnh2s-3748177197, networkLocation: /default-rack, certSerialId: null}. Reason : 84ab4d91-000c-4523-9c5f-2c204b5f6601 has not seen follower/s 5e893e0a-56f7-4618-9f46-a6ff48173cb6 for 179882ms
2019-09-17 12:49:27,440 [EventQueue-PipelineActionsForPipelineActionHandler] INFO  pipeline.SCMPipelineManager (SCMPipelineManager.java:finalizeAndDestroyPipeline(311)) - destroying pipeline:Pipeline[ Id: e5966ae0-5fcf-4a62-bb3f-1f9831cc3440, Nodes: 5e893e0a-56f7-4618-9f46-a6ff48173cb6{ip: 192.168.5.153, host: pr-hdds-2137-trunk-mnh2s-3748177197, networkLocation: /default-rack, certSerialId: null}84ab4d91-000c-4523-9c5f-2c204b5f6601{ip: 192.168.5.153, host: pr-hdds-2137-trunk-mnh2s-3748177197, networkLocation: /default-rack, certSerialId: null}f7ede272-a28a-44e0-9552-15581fc2de04{ip: 192.168.5.153, host: pr-hdds-2137-trunk-mnh2s-3748177197, networkLocation: /default-rack, certSerialId: null}, Type:RATIS, Factor:THREE, State:CLOSED]
2019-09-17 12:49:27,487 [java.util.concurrent.ThreadPoolExecutor$Worker@71af583c[State = -1, empty queue]] WARN  server.GrpcLogAppender (GrpcLogAppender.java:timeoutAppendRequest(200)) - 84ab4d91-000c-4523-9c5f-2c204b5f6601@group-1F9831CC3440->5e893e0a-56f7-4618-9f46-a6ff48173cb6-GrpcLogAppender: appendEntries Timeout, request=84ab4d91-000c-4523-9c5f-2c204b5f6601->5e893e0a-56f7-4618-9f46-a6ff48173cb6#91-t1, previous=(t:1, i:20), leaderCommit=15, initializing? false, entries: <empty>
 0.00% |█                                                                                                    |  0/1 Time: 0:06:322019-09-17 12:49:28,702 [grpc-default-executor-3] INFO  client.GrpcClientProtocolClient (GrpcClientProtocolClient.java:onNext(264)) - client-917C2951E632->5e893e0a-56f7-4618-9f46-a6ff48173cb6: receive RaftClientReply:client-917C2951E632->5e893e0a-56f7-4618-9f46-a6ff48173cb6@group-1F9831CC3440, cid=52, FAILED org.apache.ratis.protocol.NotLeaderException: Server 5e893e0a-56f7-4618-9f46-a6ff48173cb6@group-1F9831CC3440 is not the leader 84ab4d91-000c-4523-9c5f-2c204b5f6601:192.168.5.153:39178, logIndex=0, commits[5e893e0a-56f7-4618-9f46-a6ff48173cb6:c15, 84ab4d91-000c-4523-9c5f-2c204b5f6601:c15, f7ede272-a28a-44e0-9552-15581fc2de04:c15]
 0.00% |█                                                                                                    |  0/1 Time: 0:06:332019-09-17 12:49:29,489 [org.apache.ratis.server.impl.LogAppender$AppenderDaemon$$Lambda$509/159327213@5a9109f0] ERROR ratis.XceiverServerRatis (XceiverServerRatis.java:triggerPipelineClose(575)) - pipeline Action CLOSE  on pipeline PipelineID=e5966ae0-5fcf-4a62-bb3f-1f9831cc3440.Reason : 84ab4d91-000c-4523-9c5f-2c204b5f6601 has not seen follower/s 5e893e0a-56f7-4618-9f46-a6ff48173cb6 for 182383ms
2019-09-17 12:49:29,988 [java.util.concurrent.ThreadPoolExecutor$Worker@71af583c[State = -1, empty queue]] WARN  server.GrpcLogAppender (GrpcLogAppender.java:timeoutAppendRequest(200)) - 84ab4d91-000c-4523-9c5f-2c204b5f6601@group-1F9831CC3440->5e893e0a-56f7-4618-9f46-a6ff48173cb6-GrpcLogAppender: appendEntries Timeout, request=84ab4d91-000c-4523-9c5f-2c204b5f6601->5e893e0a-56f7-4618-9f46-a6ff48173cb6#92-t1, previous=(t:1, i:20), leaderCommit=15, initializing? false, entries: <empty>
 0.00% |█                                                                                                    |  0/1 Time: 0:06:342019-09-17 12:49:30,440 [EventQueue-PipelineActionsForPipelineActionHandler] ERROR pipeline.PipelineActionHandler (PipelineActionHandler.java:onMessage(60)) - Received pipeline action CLOSE for Pipeline[ Id: e5966ae0-5fcf-4a62-bb3f-1f9831cc3440, Nodes: 5e893e0a-56f7-4618-9f46-a6ff48173cb6{ip: 192.168.5.153, host: pr-hdds-2137-trunk-mnh2s-3748177197, networkLocation: /default-rack, certSerialId: null}84ab4d91-000c-4523-9c5f-2c204b5f6601{ip: 192.168.5.153, host: pr-hdds-2137-trunk-mnh2s-3748177197, networkLocation: /default-rack, certSerialId: null}f7ede272-a28a-44e0-9552-15581fc2de04{ip: 192.168.5.153, host: pr-hdds-2137-trunk-mnh2s-3748177197, networkLocation: /default-rack, certSerialId: null}, Type:RATIS, Factor:THREE, State:CLOSED] from datanode 84ab4d91-000c-4523-9c5f-2c204b5f6601{ip: 192.168.5.153, host: pr-hdds-2137-trunk-mnh2s-3748177197, networkLocation: /default-rack, certSerialId: null}. Reason : 84ab4d91-000c-4523-9c5f-2c204b5f6601 has not seen follower/s 5e893e0a-56f7-4618-9f46-a6ff48173cb6 for 182383ms
2019-09-17 12:49:30,440 [EventQueue-PipelineActionsForPipelineActionHandler] INFO  pipeline.SCMPipelineManager (SCMPipelineManager.java:finalizeAndDestroyPipeline(311)) - destroying pipeline:Pipeline[ Id: e5966ae0-5fcf-4a62-bb3f-1f9831cc3440, Nodes: 5e893e0a-56f7-4618-9f46-a6ff48173cb6{ip: 192.168.5.153, host: pr-hdds-2137-trunk-mnh2s-3748177197, networkLocation: /default-rack, certSerialId: null}84ab4d91-000c-4523-9c5f-2c204b5f6601{ip: 192.168.5.153, host: pr-hdds-2137-trunk-mnh2s-3748177197, networkLocation: /default-rack, certSerialId: null}f7ede272-a28a-44e0-9552-15581fc2de04{ip: 192.168.5.153, host: pr-hdds-2137-trunk-mnh2s-3748177197, networkLocation: /default-rack, certSerialId: null}, Type:RATIS, Factor:THREE, State:CLOSED]
 0.00% |█                                                                                                    |  0/1 Time: 0:06:352019-09-17 12:49:31,990 [org.apache.ratis.server.impl.LogAppender$AppenderDaemon$$Lambda$509/159327213@5a9109f0] ERROR ratis.XceiverServerRatis (XceiverServerRatis.java:triggerPipelineClose(575)) - pipeline Action CLOSE  on pipeline PipelineID=e5966ae0-5fcf-4a62-bb3f-1f9831cc3440.Reason : 84ab4d91-000c-4523-9c5f-2c204b5f6601 has not seen follower/s 5e893e0a-56f7-4618-9f46-a6ff48173cb6 for 184884ms
 0.00% |█                                                                                                    |  0/1 Time: 0:06:362019-09-17 12:49:32,440 [EventQueue-PipelineActionsForPipelineActionHandler] ERROR pipeline.PipelineActionHandler (PipelineActionHandler.java:onMessage(60)) - Received pipeline action CLOSE for Pipeline[ Id: e5966ae0-5fcf-4a62-bb3f-1f9831cc3440, Nodes: 5e893e0a-56f7-4618-9f46-a6ff48173cb6{ip: 192.168.5.153, host: pr-hdds-2137-trunk-mnh2s-3748177197, networkLocation: /default-rack, certSerialId: null}84ab4d91-000c-4523-9c5f-2c204b5f6601{ip: 192.168.5.153, host: pr-hdds-2137-trunk-mnh2s-3748177197, networkLocation: /default-rack, certSerialId: null}f7ede272-a28a-44e0-9552-15581fc2de04{ip: 192.168.5.153, host: pr-hdds-2137-trunk-mnh2s-3748177197, networkLocation: /default-rack, certSerialId: null}, Type:RATIS, Factor:THREE, State:CLOSED] from datanode 84ab4d91-000c-4523-9c5f-2c204b5f6601{ip: 192.168.5.153, host: pr-hdds-2137-trunk-mnh2s-3748177197, networkLocation: /default-rack, certSerialId: null}. Reason : 84ab4d91-000c-4523-9c5f-2c204b5f6601 has not seen follower/s 5e893e0a-56f7-4618-9f46-a6ff48173cb6 for 184884ms
2019-09-17 12:49:32,441 [EventQueue-PipelineActionsForPipelineActionHandler] INFO  pipeline.SCMPipelineManager (SCMPipelineManager.java:finalizeAndDestroyPipeline(311)) - destroying pipeline:Pipeline[ Id: e5966ae0-5fcf-4a62-bb3f-1f9831cc3440, Nodes: 5e893e0a-56f7-4618-9f46-a6ff48173cb6{ip: 192.168.5.153, host: pr-hdds-2137-trunk-mnh2s-3748177197, networkLocation: /default-rack, certSerialId: null}84ab4d91-000c-4523-9c5f-2c204b5f6601{ip: 192.168.5.153, host: pr-hdds-2137-trunk-mnh2s-3748177197, networkLocation: /default-rack, certSerialId: null}f7ede272-a28a-44e0-9552-15581fc2de04{ip: 192.168.5.153, host: pr-hdds-2137-trunk-mnh2s-3748177197, networkLocation: /default-rack, certSerialId: null}, Type:RATIS, Factor:THREE, State:CLOSED]
2019-09-17 12:49:32,489 [java.util.concurrent.ThreadPoolExecutor$Worker@71af583c[State = -1, empty queue]] WARN  server.GrpcLogAppender (GrpcLogAppender.java:timeoutAppendRequest(200)) - 84ab4d91-000c-4523-9c5f-2c204b5f6601@group-1F9831CC3440->5e893e0a-56f7-4618-9f46-a6ff48173cb6-GrpcLogAppender: appendEntries Timeout, request=84ab4d91-000c-4523-9c5f-2c204b5f6601->5e893e0a-56f7-4618-9f46-a6ff48173cb6#93-t1, previous=(t:1, i:20), leaderCommit=15, initializing? false, entries: <empty>
 0.00% |█                                                                                                    |  0/1 Time: 0:06:372019-09-17 12:49:33,403 [grpc-default-executor-4] INFO  impl.RaftServerProxy (RaftServerProxy.java:remove(95)) - 5e893e0a-56f7-4618-9f46-a6ff48173cb6: remove  FOLLOWER 5e893e0a-56f7-4618-9f46-a6ff48173cb6@group-1F9831CC3440:t1, leader=84ab4d91-000c-4523-9c5f-2c204b5f6601, voted=84ab4d91-000c-4523-9c5f-2c204b5f6601, raftlog=5e893e0a-56f7-4618-9f46-a6ff48173cb6@group-1F9831CC3440-SegmentedRaftLog:OPENED:c15,f15,i20, conf=0: [5e893e0a-56f7-4618-9f46-a6ff48173cb6:192.168.5.153:37060, 84ab4d91-000c-4523-9c5f-2c204b5f6601:192.168.5.153:39178, f7ede272-a28a-44e0-9552-15581fc2de04:192.168.5.153:38263], old=null RUNNING
2019-09-17 12:49:33,404 [grpc-default-executor-4] INFO  impl.RaftServerImpl (RaftServerImpl.java:lambda$shutdown$3(251)) - 5e893e0a-56f7-4618-9f46-a6ff48173cb6@group-1F9831CC3440: shutdown
2019-09-17 12:49:33,404 [grpc-default-executor-4] INFO  util.JmxRegister (JmxRegister.java:unregister(73)) - Successfully un-registered JMX Bean with object name Ratis:service=RaftServer,group=group-1F9831CC3440,id=5e893e0a-56f7-4618-9f46-a6ff48173cb6
2019-09-17 12:49:33,404 [grpc-default-executor-4] INFO  impl.RoleInfo (RoleInfo.java:shutdownFollowerState(121)) - 5e893e0a-56f7-4618-9f46-a6ff48173cb6: shutdown FollowerState
2019-09-17 12:49:33,405 [grpc-default-executor-4] INFO  impl.StateMachineUpdater (StateMachineUpdater.java:stopAndJoin(125)) - 5e893e0a-56f7-4618-9f46-a6ff48173cb6@group-1F9831CC3440-StateMachineUpdater: set stopIndex = 15
2019-09-17 12:49:33,405 [5e893e0a-56f7-4618-9f46-a6ff48173cb6@group-1F9831CC3440-StateMachineUpdater] INFO  ratis.ContainerStateMachine (ContainerStateMachine.java:takeSnapshot(289)) - group-1F9831CC3440: Taking a snapshot at:(t:1, i:11) file /tmp/workdir/hadoop-ozone/tools/target/test-dir/MiniOzoneClusterImpl-50a1f6bc-759b-451e-a5dd-d4a59b2daa65/datanode-0/data/ratis/e5966ae0-5fcf-4a62-bb3f-1f9831cc3440/sm/snapshot.1_11
2019-09-17 12:49:33,405 [Thread-693] INFO  impl.FollowerState (FollowerState.java:run(115)) - 5e893e0a-56f7-4618-9f46-a6ff48173cb6: FollowerState was interrupted: java.lang.InterruptedException: sleep interrupted
2019-09-17 12:49:33,423 [5e893e0a-56f7-4618-9f46-a6ff48173cb6@group-1F9831CC3440-StateMachineUpdater] INFO  ratis.ContainerStateMachine (ContainerStateMachine.java:takeSnapshot(300)) - group-1F9831CC3440: Finished taking a snapshot at:(t:1, i:11) file:/tmp/workdir/hadoop-ozone/tools/target/test-dir/MiniOzoneClusterImpl-50a1f6bc-759b-451e-a5dd-d4a59b2daa65/datanode-0/data/ratis/e5966ae0-5fcf-4a62-bb3f-1f9831cc3440/sm/snapshot.1_11 time:18
2019-09-17 12:49:33,424 [5e893e0a-56f7-4618-9f46-a6ff48173cb6@group-1F9831CC3440-StateMachineUpdater] INFO  impl.StateMachineUpdater (StateMachineUpdater.java:takeSnapshot(258)) - 5e893e0a-56f7-4618-9f46-a6ff48173cb6@group-1F9831CC3440-StateMachineUpdater: Took a snapshot at index 11
2019-09-17 12:49:33,424 [5e893e0a-56f7-4618-9f46-a6ff48173cb6@group-1F9831CC3440-StateMachineUpdater] INFO  impl.StateMachineUpdater (StateMachineUpdater.java:lambda$new$0(83)) - 5e893e0a-56f7-4618-9f46-a6ff48173cb6@group-1F9831CC3440-StateMachineUpdater: snapshotIndex: updateIncreasingly -1 -> 11
2019-09-17 12:49:33,424 [5e893e0a-56f7-4618-9f46-a6ff48173cb6@group-1F9831CC3440-StateMachineUpdater] INFO  ratis.ContainerStateMachine (ContainerStateMachine.java:takeSnapshot(289)) - group-1F9831CC3440: Taking a snapshot at:(t:1, i:11) file /tmp/workdir/hadoop-ozone/tools/target/test-dir/MiniOzoneClusterImpl-50a1f6bc-759b-451e-a5dd-d4a59b2daa65/datanode-0/data/ratis/e5966ae0-5fcf-4a62-bb3f-1f9831cc3440/sm/snapshot.1_11
2019-09-17 12:49:33,440 [5e893e0a-56f7-4618-9f46-a6ff48173cb6@group-1F9831CC3440-StateMachineUpdater] INFO  ratis.ContainerStateMachine (ContainerStateMachine.java:takeSnapshot(300)) - group-1F9831CC3440: Finished taking a snapshot at:(t:1, i:11) file:/tmp/workdir/hadoop-ozone/tools/target/test-dir/MiniOzoneClusterImpl-50a1f6bc-759b-451e-a5dd-d4a59b2daa65/datanode-0/data/ratis/e5966ae0-5fcf-4a62-bb3f-1f9831cc3440/sm/snapshot.1_11 time:16
2019-09-17 12:49:33,441 [5e893e0a-56f7-4618-9f46-a6ff48173cb6@group-1F9831CC3440-StateMachineUpdater] INFO  impl.StateMachineUpdater (StateMachineUpdater.java:takeSnapshot(258)) - 5e893e0a-56f7-4618-9f46-a6ff48173cb6@group-1F9831CC3440-StateMachineUpdater: Took a snapshot at index 11
2019-09-17 12:49:33,441 [5e893e0a-56f7-4618-9f46-a6ff48173cb6@group-1F9831CC3440-StateMachineUpdater] INFO  impl.StateMachineUpdater (StateMachineUpdater.java:lambda$new$0(83)) - 5e893e0a-56f7-4618-9f46-a6ff48173cb6@group-1F9831CC3440-StateMachineUpdater: snapshotIndex: updateIncreasingly 11 -> 11
2019-09-17 12:49:33,441 [grpc-default-executor-4] INFO  impl.RaftServerImpl (ServerState.java:close(385)) - 5e893e0a-56f7-4618-9f46-a6ff48173cb6@group-1F9831CC3440: closes. applyIndex: 15
2019-09-17 12:49:33,442 [5e893e0a-56f7-4618-9f46-a6ff48173cb6@group-1F9831CC3440-SegmentedRaftLogWorker] ERROR ratis.XceiverServerRatis (XceiverServerRatis.java:triggerPipelineClose(575)) - pipeline Action CLOSE  on pipeline PipelineID=e5966ae0-5fcf-4a62-bb3f-1f9831cc3440.Reason : WriteLog:16: (t:1, i:16), STATEMACHINELOGENTRY, client-917C2951E632, cid=52-writeStateMachineData interrupted.
2019-09-17 12:49:33,445 [grpc-default-executor-4] INFO  segmented.SegmentedRaftLogWorker (SegmentedRaftLogWorker.java:close(228)) - 5e893e0a-56f7-4618-9f46-a6ff48173cb6@group-1F9831CC3440-SegmentedRaftLogWorker close()
2019-09-17 12:49:33,445 [EventQueue-PipelineActionsForPipelineActionHandler] ERROR pipeline.PipelineActionHandler (PipelineActionHandler.java:onMessage(60)) - Received pipeline action CLOSE for Pipeline[ Id: e5966ae0-5fcf-4a62-bb3f-1f9831cc3440, Nodes: 5e893e0a-56f7-4618-9f46-a6ff48173cb6{ip: 192.168.5.153, host: pr-hdds-2137-trunk-mnh2s-3748177197, networkLocation: /default-rack, certSerialId: null}84ab4d91-000c-4523-9c5f-2c204b5f6601{ip: 192.168.5.153, host: pr-hdds-2137-trunk-mnh2s-3748177197, networkLocation: /default-rack, certSerialId: null}f7ede272-a28a-44e0-9552-15581fc2de04{ip: 192.168.5.153, host: pr-hdds-2137-trunk-mnh2s-3748177197, networkLocation: /default-rack, certSerialId: null}, Type:RATIS, Factor:THREE, State:CLOSED] from datanode 5e893e0a-56f7-4618-9f46-a6ff48173cb6{ip: 192.168.5.153, host: pr-hdds-2137-trunk-mnh2s-3748177197, networkLocation: /default-rack, certSerialId: null}. Reason : WriteLog:16: (t:1, i:16), STATEMACHINELOGENTRY, client-917C2951E632, cid=52-writeStateMachineData interrupted.
2019-09-17 12:49:33,448 [EventQueue-PipelineActionsForPipelineActionHandler] INFO  pipeline.SCMPipelineManager (SCMPipelineManager.java:finalizeAndDestroyPipeline(311)) - destroying pipeline:Pipeline[ Id: e5966ae0-5fcf-4a62-bb3f-1f9831cc3440, Nodes: 5e893e0a-56f7-4618-9f46-a6ff48173cb6{ip: 192.168.5.153, host: pr-hdds-2137-trunk-mnh2s-3748177197, networkLocation: /default-rack, certSerialId: null}84ab4d91-000c-4523-9c5f-2c204b5f6601{ip: 192.168.5.153, host: pr-hdds-2137-trunk-mnh2s-3748177197, networkLocation: /default-rack, certSerialId: null}f7ede272-a28a-44e0-9552-15581fc2de04{ip: 192.168.5.153, host: pr-hdds-2137-trunk-mnh2s-3748177197, networkLocation: /default-rack, certSerialId: null}, Type:RATIS, Factor:THREE, State:CLOSED]
2019-09-17 12:49:33,462 [grpc-default-executor-4] INFO  interfaces.Container (KeyValueContainer.java:flushAndSyncDB(386)) - Container 4 is synced with bcsId 11.
2019-09-17 12:49:33,462 [grpc-default-executor-4] INFO  interfaces.Container (KeyValueContainer.java:flushAndSyncDB(386)) - Container 4 is synced with bcsId 11.
2019-09-17 12:49:33,480 [EventQueue-IncrementalContainerReportForIncrementalContainerReportHandler] INFO  container.IncrementalContainerReportHandler (AbstractContainerReportHandler.java:updateContainerState(169)) - Moving container #4 to QUASI_CLOSED state, datanode 5e893e0a-56f7-4618-9f46-a6ff48173cb6{ip: 192.168.5.153, host: pr-hdds-2137-trunk-mnh2s-3748177197, networkLocation: /default-rack, certSerialId: null} reported QUASI_CLOSED replica.
2019-09-17 12:49:33,564 [grpc-default-executor-4] INFO  interfaces.Container (KeyValueContainer.java:flushAndSyncDB(386)) - Container 5 is synced with bcsId 0.
2019-09-17 12:49:33,564 [grpc-default-executor-4] INFO  interfaces.Container (KeyValueContainer.java:flushAndSyncDB(386)) - Container 5 is synced with bcsId 0.
2019-09-17 12:49:33,582 [EventQueue-IncrementalContainerReportForIncrementalContainerReportHandler] INFO  container.IncrementalContainerReportHandler (AbstractContainerReportHandler.java:updateContainerState(169)) - Moving container #5 to QUASI_CLOSED state, datanode 5e893e0a-56f7-4618-9f46-a6ff48173cb6{ip: 192.168.5.153, host: pr-hdds-2137-trunk-mnh2s-3748177197, networkLocation: /default-rack, certSerialId: null} reported QUASI_CLOSED replica.
2019-09-17 12:49:33,587 [grpc-default-executor-4] INFO  impl.RaftServerProxy (RaftServerProxy.java:remove(95)) - 84ab4d91-000c-4523-9c5f-2c204b5f6601: remove    LEADER 84ab4d91-000c-4523-9c5f-2c204b5f6601@group-1F9831CC3440:t1, leader=84ab4d91-000c-4523-9c5f-2c204b5f6601, voted=84ab4d91-000c-4523-9c5f-2c204b5f6601, raftlog=84ab4d91-000c-4523-9c5f-2c204b5f6601@group-1F9831CC3440-SegmentedRaftLog:OPENED:c15,f15,i20, conf=0: [5e893e0a-56f7-4618-9f46-a6ff48173cb6:192.168.5.153:37060, 84ab4d91-000c-4523-9c5f-2c204b5f6601:192.168.5.153:39178, f7ede272-a28a-44e0-9552-15581fc2de04:192.168.5.153:38263], old=null RUNNING
2019-09-17 12:49:33,587 [grpc-default-executor-4] INFO  impl.RaftServerImpl (RaftServerImpl.java:lambda$shutdown$3(251)) - 84ab4d91-000c-4523-9c5f-2c204b5f6601@group-1F9831CC3440: shutdown
2019-09-17 12:49:33,587 [grpc-default-executor-4] INFO  util.JmxRegister (JmxRegister.java:unregister(73)) - Successfully un-registered JMX Bean with object name Ratis:service=RaftServer,group=group-1F9831CC3440,id=84ab4d91-000c-4523-9c5f-2c204b5f6601
2019-09-17 12:49:33,587 [grpc-default-executor-4] INFO  impl.RoleInfo (RoleInfo.java:shutdownLeaderState(104)) - 84ab4d91-000c-4523-9c5f-2c204b5f6601: shutdown LeaderState
2019-09-17 12:49:33,591 [org.apache.ratis.server.impl.LogAppender$AppenderDaemon$$Lambda$509/159327213@5a9109f0] WARN  server.GrpcLogAppender (GrpcLogAppender.java:mayWait(143)) - 84ab4d91-000c-4523-9c5f-2c204b5f6601@group-1F9831CC3440->5e893e0a-56f7-4618-9f46-a6ff48173cb6-GrpcLogAppender: Wait interrupted by java.lang.InterruptedException
2019-09-17 12:49:33,591 [org.apache.ratis.server.impl.LogAppender$AppenderDaemon$$Lambda$509/159327213@1048cefb] WARN  server.GrpcLogAppender (GrpcLogAppender.java:mayWait(143)) - 84ab4d91-000c-4523-9c5f-2c204b5f6601@group-1F9831CC3440->f7ede272-a28a-44e0-9552-15581fc2de04-GrpcLogAppender: Wait interrupted by java.lang.InterruptedException
2019-09-17 12:49:33,591 [grpc-default-executor-4] INFO  impl.PendingRequests (PendingRequests.java:sendNotLeaderResponses(202)) - 84ab4d91-000c-4523-9c5f-2c204b5f6601-PendingRequests: sendNotLeaderResponses
2019-09-17 12:49:33,593 [grpc-default-executor-3] INFO  server.GrpcServerProtocolService (GrpcServerProtocolService.java:onCompleted(113)) - f7ede272-a28a-44e0-9552-15581fc2de04: Completed APPEND_ENTRIES, lastRequest: 84ab4d91-000c-4523-9c5f-2c204b5f6601->f7ede272-a28a-44e0-9552-15581fc2de04#94-t1, previous=(t:1, i:20), leaderCommit=15, initializing? false, entries: <empty>
2019-09-17 12:49:33,592 [grpc-default-executor-2] INFO  server.GrpcServerProtocolService (GrpcServerProtocolService.java:onCompleted(113)) - 5e893e0a-56f7-4618-9f46-a6ff48173cb6: Completed APPEND_ENTRIES, lastRequest: 84ab4d91-000c-4523-9c5f-2c204b5f6601->5e893e0a-56f7-4618-9f46-a6ff48173cb6#94-t1, previous=(t:1, i:20), leaderCommit=15, initializing? false, entries: <empty>
2019-09-17 12:49:33,593 [grpc-default-executor-3] INFO  server.GrpcLogAppender (GrpcLogAppender.java:onCompleted(293)) - 84ab4d91-000c-4523-9c5f-2c204b5f6601@group-1F9831CC3440->f7ede272-a28a-44e0-9552-15581fc2de04-AppendLogResponseHandler: follower responses appendEntries COMPLETED
2019-09-17 12:49:33,594 [grpc-default-executor-2] INFO  server.GrpcLogAppender (GrpcLogAppender.java:onCompleted(293)) - 84ab4d91-000c-4523-9c5f-2c204b5f6601@group-1F9831CC3440->5e893e0a-56f7-4618-9f46-a6ff48173cb6-AppendLogResponseHandler: follower responses appendEntries COMPLETED
2019-09-17 12:49:33,597 [grpc-default-executor-3] INFO  impl.FollowerInfo (FollowerInfo.java:lambda$new$0(51)) - 84ab4d91-000c-4523-9c5f-2c204b5f6601@group-1F9831CC3440->f7ede272-a28a-44e0-9552-15581fc2de04: nextIndex: updateUnconditionally 21 -> 20
2019-09-17 12:49:33,597 [grpc-default-executor-2] INFO  impl.FollowerInfo (FollowerInfo.java:lambda$new$0(51)) - 84ab4d91-000c-4523-9c5f-2c204b5f6601@group-1F9831CC3440->5e893e0a-56f7-4618-9f46-a6ff48173cb6: nextIndex: updateUnconditionally 21 -> 16
2019-09-17 12:49:33,597 [grpc-default-executor-4] INFO  impl.StateMachineUpdater (StateMachineUpdater.java:stopAndJoin(125)) - 84ab4d91-000c-4523-9c5f-2c204b5f6601@group-1F9831CC3440-StateMachineUpdater: set stopIndex = 15
2019-09-17 12:49:33,597 [84ab4d91-000c-4523-9c5f-2c204b5f6601@group-1F9831CC3440-StateMachineUpdater] INFO  ratis.ContainerStateMachine (ContainerStateMachine.java:takeSnapshot(289)) - group-1F9831CC3440: Taking a snapshot at:(t:1, i:11) file /tmp/workdir/hadoop-ozone/tools/target/test-dir/MiniOzoneClusterImpl-50a1f6bc-759b-451e-a5dd-d4a59b2daa65/datanode-1/data/ratis/e5966ae0-5fcf-4a62-bb3f-1f9831cc3440/sm/snapshot.1_11
2019-09-17 12:49:33,614 [84ab4d91-000c-4523-9c5f-2c204b5f6601@group-1F9831CC3440-StateMachineUpdater] INFO  ratis.ContainerStateMachine (ContainerStateMachine.java:takeSnapshot(300)) - group-1F9831CC3440: Finished taking a snapshot at:(t:1, i:11) file:/tmp/workdir/hadoop-ozone/tools/target/test-dir/MiniOzoneClusterImpl-50a1f6bc-759b-451e-a5dd-d4a59b2daa65/datanode-1/data/ratis/e5966ae0-5fcf-4a62-bb3f-1f9831cc3440/sm/snapshot.1_11 time:16
2019-09-17 12:49:33,614 [84ab4d91-000c-4523-9c5f-2c204b5f6601@group-1F9831CC3440-StateMachineUpdater] INFO  impl.StateMachineUpdater (StateMachineUpdater.java:takeSnapshot(258)) - 84ab4d91-000c-4523-9c5f-2c204b5f6601@group-1F9831CC3440-StateMachineUpdater: Took a snapshot at index 11
2019-09-17 12:49:33,614 [84ab4d91-000c-4523-9c5f-2c204b5f6601@group-1F9831CC3440-StateMachineUpdater] INFO  impl.StateMachineUpdater (StateMachineUpdater.java:lambda$new$0(83)) - 84ab4d91-000c-4523-9c5f-2c204b5f6601@group-1F9831CC3440-StateMachineUpdater: snapshotIndex: updateIncreasingly -1 -> 11
2019-09-17 12:49:33,614 [84ab4d91-000c-4523-9c5f-2c204b5f6601@group-1F9831CC3440-StateMachineUpdater] INFO  ratis.ContainerStateMachine (ContainerStateMachine.java:takeSnapshot(289)) - group-1F9831CC3440: Taking a snapshot at:(t:1, i:11) file /tmp/workdir/hadoop-ozone/tools/target/test-dir/MiniOzoneClusterImpl-50a1f6bc-759b-451e-a5dd-d4a59b2daa65/datanode-1/data/ratis/e5966ae0-5fcf-4a62-bb3f-1f9831cc3440/sm/snapshot.1_11
2019-09-17 12:49:33,614 [Command processor thread] ERROR commandhandler.CloseContainerCommandHandler (CloseContainerCommandHandler.java:handle(125)) - Can't close container #5
java.io.IOException: org.apache.ratis.protocol.GroupMismatchException: 84ab4d91-000c-4523-9c5f-2c204b5f6601: group-1F9831CC3440 not found.
	at org.apache.hadoop.ozone.container.common.transport.server.ratis.XceiverServerRatis.submitRequest(XceiverServerRatis.java:502)
	at org.apache.hadoop.ozone.container.common.statemachine.commandhandler.CloseContainerCommandHandler.handle(CloseContainerCommandHandler.java:102)
	at org.apache.hadoop.ozone.container.common.statemachine.commandhandler.CommandDispatcher.handle(CommandDispatcher.java:99)
	at org.apache.hadoop.ozone.container.common.statemachine.DatanodeStateMachine.lambda$initCommandHandlerThread$1(DatanodeStateMachine.java:432)
	at java.lang.Thread.run(Thread.java:748)
Caused by: java.util.concurrent.ExecutionException: org.apache.ratis.protocol.GroupMismatchException: 84ab4d91-000c-4523-9c5f-2c204b5f6601: group-1F9831CC3440 not found.
	at java.util.concurrent.CompletableFuture.reportGet(CompletableFuture.java:357)
	at java.util.concurrent.CompletableFuture.get(CompletableFuture.java:1895)
	at org.apache.hadoop.ozone.container.common.transport.server.ratis.XceiverServerRatis.submitRequest(XceiverServerRatis.java:500)
	... 4 more
Caused by: org.apache.ratis.protocol.GroupMismatchException: 84ab4d91-000c-4523-9c5f-2c204b5f6601: group-1F9831CC3440 not found.
	at org.apache.ratis.server.impl.RaftServerProxy$ImplMap.get(RaftServerProxy.java:122)
	at org.apache.ratis.server.impl.RaftServerProxy.getImplFuture(RaftServerProxy.java:269)
	at org.apache.ratis.server.impl.RaftServerProxy.submitRequest(RaftServerProxy.java:327)
	at org.apache.ratis.server.impl.RaftServerProxy.submitClientRequestAsync(RaftServerProxy.java:333)
	... 5 more
2019-09-17 12:49:33,647 [84ab4d91-000c-4523-9c5f-2c204b5f6601@group-1F9831CC3440-StateMachineUpdater] INFO  ratis.ContainerStateMachine (ContainerStateMachine.java:takeSnapshot(300)) - group-1F9831CC3440: Finished taking a snapshot at:(t:1, i:11) file:/tmp/workdir/hadoop-ozone/tools/target/test-dir/MiniOzoneClusterImpl-50a1f6bc-759b-451e-a5dd-d4a59b2daa65/datanode-1/data/ratis/e5966ae0-5fcf-4a62-bb3f-1f9831cc3440/sm/snapshot.1_11 time:32
2019-09-17 12:49:33,647 [84ab4d91-000c-4523-9c5f-2c204b5f6601@group-1F9831CC3440-StateMachineUpdater] INFO  impl.StateMachineUpdater (StateMachineUpdater.java:takeSnapshot(258)) - 84ab4d91-000c-4523-9c5f-2c204b5f6601@group-1F9831CC3440-StateMachineUpdater: Took a snapshot at index 11
2019-09-17 12:49:33,647 [84ab4d91-000c-4523-9c5f-2c204b5f6601@group-1F9831CC3440-StateMachineUpdater] INFO  impl.StateMachineUpdater (StateMachineUpdater.java:lambda$new$0(83)) - 84ab4d91-000c-4523-9c5f-2c204b5f6601@group-1F9831CC3440-StateMachineUpdater: snapshotIndex: updateIncreasingly 11 -> 11
2019-09-17 12:49:33,647 [grpc-default-executor-4] INFO  impl.RaftServerImpl (ServerState.java:close(385)) - 84ab4d91-000c-4523-9c5f-2c204b5f6601@group-1F9831CC3440: closes. applyIndex: 15
2019-09-17 12:49:33,648 [84ab4d91-000c-4523-9c5f-2c204b5f6601@group-1F9831CC3440-SegmentedRaftLogWorker] ERROR ratis.XceiverServerRatis (XceiverServerRatis.java:triggerPipelineClose(575)) - pipeline Action CLOSE  on pipeline PipelineID=e5966ae0-5fcf-4a62-bb3f-1f9831cc3440.Reason : WriteLog:16: (t:1, i:16), STATEMACHINELOGENTRY, client-917C2951E632, cid=52-writeStateMachineData interrupted.
2019-09-17 12:49:33,650 [grpc-default-executor-4] INFO  segmented.SegmentedRaftLogWorker (SegmentedRaftLogWorker.java:close(228)) - 84ab4d91-000c-4523-9c5f-2c204b5f6601@group-1F9831CC3440-SegmentedRaftLogWorker close()
2019-09-17 12:49:33,653 [EventQueue-PipelineActionsForPipelineActionHandler] ERROR pipeline.PipelineActionHandler (PipelineActionHandler.java:onMessage(60)) - Received pipeline action CLOSE for Pipeline[ Id: e5966ae0-5fcf-4a62-bb3f-1f9831cc3440, Nodes: 5e893e0a-56f7-4618-9f46-a6ff48173cb6{ip: 192.168.5.153, host: pr-hdds-2137-trunk-mnh2s-3748177197, networkLocation: /default-rack, certSerialId: null}84ab4d91-000c-4523-9c5f-2c204b5f6601{ip: 192.168.5.153, host: pr-hdds-2137-trunk-mnh2s-3748177197, networkLocation: /default-rack, certSerialId: null}f7ede272-a28a-44e0-9552-15581fc2de04{ip: 192.168.5.153, host: pr-hdds-2137-trunk-mnh2s-3748177197, networkLocation: /default-rack, certSerialId: null}, Type:RATIS, Factor:THREE, State:CLOSED] from datanode 84ab4d91-000c-4523-9c5f-2c204b5f6601{ip: 192.168.5.153, host: pr-hdds-2137-trunk-mnh2s-3748177197, networkLocation: /default-rack, certSerialId: null}. Reason : WriteLog:16: (t:1, i:16), STATEMACHINELOGENTRY, client-917C2951E632, cid=52-writeStateMachineData interrupted.
2019-09-17 12:49:33,653 [EventQueue-PipelineActionsForPipelineActionHandler] INFO  pipeline.SCMPipelineManager (SCMPipelineManager.java:finalizeAndDestroyPipeline(311)) - destroying pipeline:Pipeline[ Id: e5966ae0-5fcf-4a62-bb3f-1f9831cc3440, Nodes: 5e893e0a-56f7-4618-9f46-a6ff48173cb6{ip: 192.168.5.153, host: pr-hdds-2137-trunk-mnh2s-3748177197, networkLocation: /default-rack, certSerialId: null}84ab4d91-000c-4523-9c5f-2c204b5f6601{ip: 192.168.5.153, host: pr-hdds-2137-trunk-mnh2s-3748177197, networkLocation: /default-rack, certSerialId: null}f7ede272-a28a-44e0-9552-15581fc2de04{ip: 192.168.5.153, host: pr-hdds-2137-trunk-mnh2s-3748177197, networkLocation: /default-rack, certSerialId: null}, Type:RATIS, Factor:THREE, State:CLOSED]
2019-09-17 12:49:33,664 [grpc-default-executor-4] INFO  interfaces.Container (KeyValueContainer.java:flushAndSyncDB(386)) - Container 4 is synced with bcsId 11.
2019-09-17 12:49:33,664 [grpc-default-executor-4] INFO  interfaces.Container (KeyValueContainer.java:flushAndSyncDB(386)) - Container 4 is synced with bcsId 11.
2019-09-17 12:49:33,745 [pool-53-thread-3] WARN  io.KeyOutputStream (KeyOutputStream.java:handleException(276)) - Encountered exception java.io.IOException: Unexpected Storage Container Exception: java.util.concurrent.CompletionException: java.util.concurrent.CompletionException: org.apache.ratis.protocol.GroupMismatchException: 5e893e0a-56f7-4618-9f46-a6ff48173cb6: group-1F9831CC3440 not found. on the pipeline Pipeline[ Id: e5966ae0-5fcf-4a62-bb3f-1f9831cc3440, Nodes: 5e893e0a-56f7-4618-9f46-a6ff48173cb6{ip: 192.168.5.153, host: pr-hdds-2137-trunk-mnh2s-3748177197, networkLocation: /default-rack, certSerialId: null}84ab4d91-000c-4523-9c5f-2c204b5f6601{ip: 192.168.5.153, host: pr-hdds-2137-trunk-mnh2s-3748177197, networkLocation: /default-rack, certSerialId: null}f7ede272-a28a-44e0-9552-15581fc2de04{ip: 192.168.5.153, host: pr-hdds-2137-trunk-mnh2s-3748177197, networkLocation: /default-rack, certSerialId: null}, Type:RATIS, Factor:THREE, State:OPEN]. The last committed block length is 0, uncommitted data length is 2097152 retry count 0
2019-09-17 12:49:33,892 [grpc-default-executor-4] INFO  interfaces.Container (KeyValueContainer.java:flushAndSyncDB(386)) - Container 5 is synced with bcsId 0.
2019-09-17 12:49:33,893 [grpc-default-executor-4] INFO  interfaces.Container (KeyValueContainer.java:flushAndSyncDB(386)) - Container 5 is synced with bcsId 0.
2019-09-17 12:49:33,984 [grpc-default-executor-4] INFO  impl.RaftServerProxy (RaftServerProxy.java:remove(95)) - f7ede272-a28a-44e0-9552-15581fc2de04: remove  FOLLOWER f7ede272-a28a-44e0-9552-15581fc2de04@group-1F9831CC3440:t1, leader=84ab4d91-000c-4523-9c5f-2c204b5f6601, voted=84ab4d91-000c-4523-9c5f-2c204b5f6601, raftlog=f7ede272-a28a-44e0-9552-15581fc2de04@group-1F9831CC3440-SegmentedRaftLog:OPENED:c15,f20,i20, conf=0: [5e893e0a-56f7-4618-9f46-a6ff48173cb6:192.168.5.153:37060, 84ab4d91-000c-4523-9c5f-2c204b5f6601:192.168.5.153:39178, f7ede272-a28a-44e0-9552-15581fc2de04:192.168.5.153:38263], old=null RUNNING
2019-09-17 12:49:33,985 [grpc-default-executor-4] INFO  impl.RaftServerImpl (RaftServerImpl.java:lambda$shutdown$3(251)) - f7ede272-a28a-44e0-9552-15581fc2de04@group-1F9831CC3440: shutdown
2019-09-17 12:49:33,985 [grpc-default-executor-4] INFO  util.JmxRegister (JmxRegister.java:unregister(73)) - Successfully un-registered JMX Bean with object name Ratis:service=RaftServer,group=group-1F9831CC3440,id=f7ede272-a28a-44e0-9552-15581fc2de04
2019-09-17 12:49:33,985 [grpc-default-executor-4] INFO  impl.RoleInfo (RoleInfo.java:shutdownFollowerState(121)) - f7ede272-a28a-44e0-9552-15581fc2de04: shutdown FollowerState
2019-09-17 12:49:33,985 [grpc-default-executor-4] INFO  impl.StateMachineUpdater (StateMachineUpdater.java:stopAndJoin(125)) - f7ede272-a28a-44e0-9552-15581fc2de04@group-1F9831CC3440-StateMachineUpdater: set stopIndex = 15
2019-09-17 12:49:33,985 [f7ede272-a28a-44e0-9552-15581fc2de04@group-1F9831CC3440-StateMachineUpdater] INFO  ratis.ContainerStateMachine (ContainerStateMachine.java:takeSnapshot(289)) - group-1F9831CC3440: Taking a snapshot at:(t:1, i:11) file /tmp/workdir/hadoop-ozone/tools/target/test-dir/MiniOzoneClusterImpl-50a1f6bc-759b-451e-a5dd-d4a59b2daa65/datanode-2/data/ratis/e5966ae0-5fcf-4a62-bb3f-1f9831cc3440/sm/snapshot.1_11
2019-09-17 12:49:33,985 [Thread-692] INFO  impl.FollowerState (FollowerState.java:run(115)) - f7ede272-a28a-44e0-9552-15581fc2de04: FollowerState was interrupted: java.lang.InterruptedException: sleep interrupted
2019-09-17 12:49:34,103 [f7ede272-a28a-44e0-9552-15581fc2de04@group-1F9831CC3440-StateMachineUpdater] INFO  ratis.ContainerStateMachine (ContainerStateMachine.java:takeSnapshot(300)) - group-1F9831CC3440: Finished taking a snapshot at:(t:1, i:11) file:/tmp/workdir/hadoop-ozone/tools/target/test-dir/MiniOzoneClusterImpl-50a1f6bc-759b-451e-a5dd-d4a59b2daa65/datanode-2/data/ratis/e5966ae0-5fcf-4a62-bb3f-1f9831cc3440/sm/snapshot.1_11 time:118
2019-09-17 12:49:34,103 [f7ede272-a28a-44e0-9552-15581fc2de04@group-1F9831CC3440-StateMachineUpdater] INFO  impl.StateMachineUpdater (StateMachineUpdater.java:takeSnapshot(258)) - f7ede272-a28a-44e0-9552-15581fc2de04@group-1F9831CC3440-StateMachineUpdater: Took a snapshot at index 11
2019-09-17 12:49:34,103 [f7ede272-a28a-44e0-9552-15581fc2de04@group-1F9831CC3440-StateMachineUpdater] INFO  impl.StateMachineUpdater (StateMachineUpdater.java:lambda$new$0(83)) - f7ede272-a28a-44e0-9552-15581fc2de04@group-1F9831CC3440-StateMachineUpdater: snapshotIndex: updateIncreasingly -1 -> 11
2019-09-17 12:49:34,104 [f7ede272-a28a-44e0-9552-15581fc2de04@group-1F9831CC3440-StateMachineUpdater] INFO  ratis.ContainerStateMachine (ContainerStateMachine.java:takeSnapshot(289)) - group-1F9831CC3440: Taking a snapshot at:(t:1, i:11) file /tmp/workdir/hadoop-ozone/tools/target/test-dir/MiniOzoneClusterImpl-50a1f6bc-759b-451e-a5dd-d4a59b2daa65/datanode-2/data/ratis/e5966ae0-5fcf-4a62-bb3f-1f9831cc3440/sm/snapshot.1_11
2019-09-17 12:49:34,120 [f7ede272-a28a-44e0-9552-15581fc2de04@group-1F9831CC3440-StateMachineUpdater] INFO  ratis.ContainerStateMachine (ContainerStateMachine.java:takeSnapshot(300)) - group-1F9831CC3440: Finished taking a snapshot at:(t:1, i:11) file:/tmp/workdir/hadoop-ozone/tools/target/test-dir/MiniOzoneClusterImpl-50a1f6bc-759b-451e-a5dd-d4a59b2daa65/datanode-2/data/ratis/e5966ae0-5fcf-4a62-bb3f-1f9831cc3440/sm/snapshot.1_11 time:17
2019-09-17 12:49:34,121 [f7ede272-a28a-44e0-9552-15581fc2de04@group-1F9831CC3440-StateMachineUpdater] INFO  impl.StateMachineUpdater (StateMachineUpdater.java:takeSnapshot(258)) - f7ede272-a28a-44e0-9552-15581fc2de04@group-1F9831CC3440-StateMachineUpdater: Took a snapshot at index 11
2019-09-17 12:49:34,121 [f7ede272-a28a-44e0-9552-15581fc2de04@group-1F9831CC3440-StateMachineUpdater] INFO  impl.StateMachineUpdater (StateMachineUpdater.java:lambda$new$0(83)) - f7ede272-a28a-44e0-9552-15581fc2de04@group-1F9831CC3440-StateMachineUpdater: snapshotIndex: updateIncreasingly 11 -> 11
2019-09-17 12:49:34,121 [grpc-default-executor-4] INFO  impl.RaftServerImpl (ServerState.java:close(385)) - f7ede272-a28a-44e0-9552-15581fc2de04@group-1F9831CC3440: closes. applyIndex: 15
2019-09-17 12:49:34,122 [f7ede272-a28a-44e0-9552-15581fc2de04@group-1F9831CC3440-SegmentedRaftLogWorker] INFO  segmented.SegmentedRaftLogWorker (SegmentedRaftLogWorker.java:run(313)) - f7ede272-a28a-44e0-9552-15581fc2de04@group-1F9831CC3440-SegmentedRaftLogWorker was interrupted, exiting. There are 0 tasks remaining in the queue.
2019-09-17 12:49:34,124 [grpc-default-executor-4] INFO  segmented.SegmentedRaftLogWorker (SegmentedRaftLogWorker.java:close(228)) - f7ede272-a28a-44e0-9552-15581fc2de04@group-1F9831CC3440-SegmentedRaftLogWorker close()
2019-09-17 12:49:34,156 [grpc-default-executor-4] INFO  interfaces.Container (KeyValueContainer.java:flushAndSyncDB(386)) - Container 4 is synced with bcsId 11.
2019-09-17 12:49:34,157 [grpc-default-executor-4] INFO  interfaces.Container (KeyValueContainer.java:flushAndSyncDB(386)) - Container 4 is synced with bcsId 11.
2019-09-17 12:49:34,256 [grpc-default-executor-5] INFO  client.GrpcClientProtocolClient (GrpcClientProtocolClient.java:onNext(264)) - client-B24658765329->5e893e0a-56f7-4618-9f46-a6ff48173cb6: receive RaftClientReply:client-B24658765329->5e893e0a-56f7-4618-9f46-a6ff48173cb6@group-869F42A7192E, cid=142, SUCCESS, logIndex=1, commits[5e893e0a-56f7-4618-9f46-a6ff48173cb6:c1, 84ab4d91-000c-4523-9c5f-2c204b5f6601:c0, f7ede272-a28a-44e0-9552-15581fc2de04:c0]
2019-09-17 12:49:34,307 [grpc-default-executor-4] INFO  interfaces.Container (KeyValueContainer.java:flushAndSyncDB(386)) - Container 5 is synced with bcsId 0.
 0.00% |█                                                                                                    |  0/1 Time: 0:06:382019-09-17 12:49:34,410 [grpc-default-executor-4] INFO  interfaces.Container (KeyValueContainer.java:flushAndSyncDB(386)) - Container 5 is synced with bcsId 0.
2019-09-17 12:49:34,417 [grpc-default-executor-6] INFO  client.GrpcClientProtocolClient (GrpcClientProtocolClient.java:onNext(264)) - client-B24658765329->5e893e0a-56f7-4618-9f46-a6ff48173cb6: receive RaftClientReply:client-B24658765329->5e893e0a-56f7-4618-9f46-a6ff48173cb6@group-869F42A7192E, cid=143, SUCCESS, logIndex=3, commits[5e893e0a-56f7-4618-9f46-a6ff48173cb6:c8, 84ab4d91-000c-4523-9c5f-2c204b5f6601:c5, f7ede272-a28a-44e0-9552-15581fc2de04:c5]
2019-09-17 12:49:34,417 [grpc-default-executor-6] INFO  client.GrpcClientProtocolClient (GrpcClientProtocolClient.java:onNext(264)) - client-B24658765329->5e893e0a-56f7-4618-9f46-a6ff48173cb6: receive RaftClientReply:client-B24658765329->5e893e0a-56f7-4618-9f46-a6ff48173cb6@group-869F42A7192E, cid=144, SUCCESS, logIndex=4, commits[5e893e0a-56f7-4618-9f46-a6ff48173cb6:c8, 84ab4d91-000c-4523-9c5f-2c204b5f6601:c5, f7ede272-a28a-44e0-9552-15581fc2de04:c5]
2019-09-17 12:49:34,438 [RatisPipelineUtilsThread] INFO  pipeline.PipelineStateManager (PipelineStateManager.java:removePipeline(108)) - Pipeline Pipeline[ Id: e5966ae0-5fcf-4a62-bb3f-1f9831cc3440, Nodes: 5e893e0a-56f7-4618-9f46-a6ff48173cb6{ip: 192.168.5.153, host: pr-hdds-2137-trunk-mnh2s-3748177197, networkLocation: /default-rack, certSerialId: null}84ab4d91-000c-4523-9c5f-2c204b5f6601{ip: 192.168.5.153, host: pr-hdds-2137-trunk-mnh2s-3748177197, networkLocation: /default-rack, certSerialId: null}f7ede272-a28a-44e0-9552-15581fc2de04{ip: 192.168.5.153, host: pr-hdds-2137-trunk-mnh2s-3748177197, networkLocation: /default-rack, certSerialId: null}, Type:RATIS, Factor:THREE, State:CLOSED] removed from db
2019-09-17 12:49:34,554 [grpc-default-executor-4] INFO  client.GrpcClientProtocolClient (GrpcClientProtocolClient.java:onNext(264)) - client-B24658765329->5e893e0a-56f7-4618-9f46-a6ff48173cb6: receive RaftClientReply:client-B24658765329->5e893e0a-56f7-4618-9f46-a6ff48173cb6@group-869F42A7192E, cid=145, SUCCESS, logIndex=5, commits[5e893e0a-56f7-4618-9f46-a6ff48173cb6:c8, 84ab4d91-000c-4523-9c5f-2c204b5f6601:c5, f7ede272-a28a-44e0-9552-15581fc2de04:c5]
2019-09-17 12:49:34,599 [grpc-default-executor-6] INFO  client.GrpcClientProtocolClient (GrpcClientProtocolClient.java:onNext(264)) - client-B24658765329->5e893e0a-56f7-4618-9f46-a6ff48173cb6: receive RaftClientReply:client-B24658765329->5e893e0a-56f7-4618-9f46-a6ff48173cb6@group-869F42A7192E, cid=147, SUCCESS, logIndex=9, commits[5e893e0a-56f7-4618-9f46-a6ff48173cb6:c10, 84ab4d91-000c-4523-9c5f-2c204b5f6601:c8, f7ede272-a28a-44e0-9552-15581fc2de04:c8]
2019-09-17 12:49:34,599 [grpc-default-executor-6] INFO  client.GrpcClientProtocolClient (GrpcClientProtocolClient.java:onNext(264)) - client-B24658765329->5e893e0a-56f7-4618-9f46-a6ff48173cb6: receive RaftClientReply:client-B24658765329->5e893e0a-56f7-4618-9f46-a6ff48173cb6@group-869F42A7192E, cid=148, SUCCESS, logIndex=10, commits[5e893e0a-56f7-4618-9f46-a6ff48173cb6:c12, 84ab4d91-000c-4523-9c5f-2c204b5f6601:c8, f7ede272-a28a-44e0-9552-15581fc2de04:c8]
2019-09-17 12:49:34,605 [grpc-default-executor-6] INFO  client.GrpcClientProtocolClient (GrpcClientProtocolClient.java:onNext(264)) - client-B24658765329->5e893e0a-56f7-4618-9f46-a6ff48173cb6: receive RaftClientReply:client-B24658765329->5e893e0a-56f7-4618-9f46-a6ff48173cb6@group-869F42A7192E, cid=149, SUCCESS, logIndex=11, commits[5e893e0a-56f7-4618-9f46-a6ff48173cb6:c12, 84ab4d91-000c-4523-9c5f-2c204b5f6601:c8, f7ede272-a28a-44e0-9552-15581fc2de04:c8]
2019-09-17 12:49:34,608 [grpc-default-executor-4] INFO  client.GrpcClientProtocolClient (GrpcClientProtocolClient.java:onNext(264)) - client-B24658765329->5e893e0a-56f7-4618-9f46-a6ff48173cb6: receive RaftClientReply:client-B24658765329->5e893e0a-56f7-4618-9f46-a6ff48173cb6@group-869F42A7192E, cid=150, SUCCESS, logIndex=12, commits[5e893e0a-56f7-4618-9f46-a6ff48173cb6:c12, 84ab4d91-000c-4523-9c5f-2c204b5f6601:c8, f7ede272-a28a-44e0-9552-15581fc2de04:c8]
2019-09-17 12:49:34,623 [grpc-default-executor-4] INFO  client.GrpcClientProtocolClient (GrpcClientProtocolClient.java:onNext(264)) - client-B24658765329->5e893e0a-56f7-4618-9f46-a6ff48173cb6: receive RaftClientReply:client-B24658765329->5e893e0a-56f7-4618-9f46-a6ff48173cb6@group-869F42A7192E, cid=151, SUCCESS, logIndex=0, commits[5e893e0a-56f7-4618-9f46-a6ff48173cb6:c15, 84ab4d91-000c-4523-9c5f-2c204b5f6601:c10, f7ede272-a28a-44e0-9552-15581fc2de04:c11]
2019-09-17 12:49:34,625 [grpc-default-executor-4] INFO  client.GrpcClientProtocolClient (GrpcClientProtocolClient.java:onNext(264)) - client-B24658765329->5e893e0a-56f7-4618-9f46-a6ff48173cb6: receive RaftClientReply:client-B24658765329->5e893e0a-56f7-4618-9f46-a6ff48173cb6@group-869F42A7192E, cid=152, SUCCESS, logIndex=0, commits[5e893e0a-56f7-4618-9f46-a6ff48173cb6:c16, 84ab4d91-000c-4523-9c5f-2c204b5f6601:c12, f7ede272-a28a-44e0-9552-15581fc2de04:c12]
 0.00% |█                                                                                                    |  0/1 Time: 0:06:39 0.00% |█                                                                                                    |  0/1 Time: 0:06:402019-09-17 12:49:36,441 [grpc-default-executor-4] INFO  impl.RaftServerProxy (RaftServerProxy.java:remove(95)) - 5e893e0a-56f7-4618-9f46-a6ff48173cb6: remove group-1F9831CC3440:null
2019-09-17 12:49:36,444 [RatisPipelineUtilsThread] WARN  pipeline.RatisPipelineUtils (RatisPipelineUtils.java:destroyPipeline(66)) - Pipeline destroy failed for pipeline=PipelineID=e5966ae0-5fcf-4a62-bb3f-1f9831cc3440 dn=5e893e0a-56f7-4618-9f46-a6ff48173cb6{ip: 192.168.5.153, host: pr-hdds-2137-trunk-mnh2s-3748177197, networkLocation: /default-rack, certSerialId: null}
2019-09-17 12:49:36,448 [grpc-default-executor-4] INFO  impl.RaftServerProxy (RaftServerProxy.java:remove(95)) - 84ab4d91-000c-4523-9c5f-2c204b5f6601: remove group-1F9831CC3440:null
2019-09-17 12:49:36,450 [RatisPipelineUtilsThread] WARN  pipeline.RatisPipelineUtils (RatisPipelineUtils.java:destroyPipeline(66)) - Pipeline destroy failed for pipeline=PipelineID=e5966ae0-5fcf-4a62-bb3f-1f9831cc3440 dn=84ab4d91-000c-4523-9c5f-2c204b5f6601{ip: 192.168.5.153, host: pr-hdds-2137-trunk-mnh2s-3748177197, networkLocation: /default-rack, certSerialId: null}
2019-09-17 12:49:36,453 [grpc-default-executor-4] INFO  impl.RaftServerProxy (RaftServerProxy.java:remove(95)) - f7ede272-a28a-44e0-9552-15581fc2de04: remove group-1F9831CC3440:null
2019-09-17 12:49:36,455 [RatisPipelineUtilsThread] WARN  pipeline.RatisPipelineUtils (RatisPipelineUtils.java:destroyPipeline(66)) - Pipeline destroy failed for pipeline=PipelineID=e5966ae0-5fcf-4a62-bb3f-1f9831cc3440 dn=f7ede272-a28a-44e0-9552-15581fc2de04{ip: 192.168.5.153, host: pr-hdds-2137-trunk-mnh2s-3748177197, networkLocation: /default-rack, certSerialId: null}
2019-09-17 12:49:36,455 [RatisPipelineUtilsThread] ERROR pipeline.SCMPipelineManager (Scheduler.java:lambda$schedule$1(70)) - Destroy pipeline failed for pipeline:Pipeline[ Id: e5966ae0-5fcf-4a62-bb3f-1f9831cc3440, Nodes: 5e893e0a-56f7-4618-9f46-a6ff48173cb6{ip: 192.168.5.153, host: pr-hdds-2137-trunk-mnh2s-3748177197, networkLocation: /default-rack, certSerialId: null}84ab4d91-000c-4523-9c5f-2c204b5f6601{ip: 192.168.5.153, host: pr-hdds-2137-trunk-mnh2s-3748177197, networkLocation: /default-rack, certSerialId: null}f7ede272-a28a-44e0-9552-15581fc2de04{ip: 192.168.5.153, host: pr-hdds-2137-trunk-mnh2s-3748177197, networkLocation: /default-rack, certSerialId: null}, Type:RATIS, Factor:THREE, State:CLOSED]
org.apache.hadoop.hdds.scm.pipeline.PipelineNotFoundException: PipelineID=e5966ae0-5fcf-4a62-bb3f-1f9831cc3440 not found
	at org.apache.hadoop.hdds.scm.pipeline.PipelineStateMap.getPipeline(PipelineStateMap.java:132)
	at org.apache.hadoop.hdds.scm.pipeline.PipelineStateMap.removePipeline(PipelineStateMap.java:322)
	at org.apache.hadoop.hdds.scm.pipeline.PipelineStateManager.removePipeline(PipelineStateManager.java:107)
	at org.apache.hadoop.hdds.scm.pipeline.SCMPipelineManager.removePipeline(SCMPipelineManager.java:423)
	at org.apache.hadoop.hdds.scm.pipeline.SCMPipelineManager.destroyPipeline(SCMPipelineManager.java:409)
	at org.apache.hadoop.hdds.scm.pipeline.SCMPipelineManager.lambda$finalizeAndDestroyPipeline$0(SCMPipelineManager.java:318)
	at org.apache.hadoop.utils.Scheduler.lambda$schedule$1(Scheduler.java:68)
	at java.util.concurrent.Executors$RunnableAdapter.call(Executors.java:511)
	at java.util.concurrent.FutureTask.run(FutureTask.java:266)
	at java.util.concurrent.ScheduledThreadPoolExecutor$ScheduledFutureTask.access$201(ScheduledThreadPoolExecutor.java:180)
	at java.util.concurrent.ScheduledThreadPoolExecutor$ScheduledFutureTask.run(ScheduledThreadPoolExecutor.java:293)
	at java.util.concurrent.ThreadPoolExecutor.runWorker(ThreadPoolExecutor.java:1149)
	at java.util.concurrent.ThreadPoolExecutor$Worker.run(ThreadPoolExecutor.java:624)
	at java.lang.Thread.run(Thread.java:748)
 0.00% |█                                                                                                    |  0/1 Time: 0:06:412019-09-17 12:49:37,642 [java.util.concurrent.ThreadPoolExecutor$Worker@baf429f[State = -1, empty queue]] WARN  server.GrpcLogAppender (GrpcLogAppender.java:timeoutAppendRequest(200)) - 5e893e0a-56f7-4618-9f46-a6ff48173cb6@group-869F42A7192E->f7ede272-a28a-44e0-9552-15581fc2de04-GrpcLogAppender: appendEntries Timeout, request=5e893e0a-56f7-4618-9f46-a6ff48173cb6->f7ede272-a28a-44e0-9552-15581fc2de04#30-t1, previous=(t:1, i:16), leaderCommit=16, initializing? false, entries: size=1, first=(t:1, i:17), STATEMACHINELOGENTRY, client-B24658765329, cid=153
2019-09-17 12:49:37,642 [java.util.concurrent.ThreadPoolExecutor$Worker@70b491f[State = -1, empty queue]] WARN  server.GrpcLogAppender (GrpcLogAppender.java:timeoutAppendRequest(200)) - 5e893e0a-56f7-4618-9f46-a6ff48173cb6@group-869F42A7192E->84ab4d91-000c-4523-9c5f-2c204b5f6601-GrpcLogAppender: appendEntries Timeout, request=5e893e0a-56f7-4618-9f46-a6ff48173cb6->84ab4d91-000c-4523-9c5f-2c204b5f6601#30-t1, previous=(t:1, i:16), leaderCommit=16, initializing? false, entries: size=1, first=(t:1, i:17), STATEMACHINELOGENTRY, client-B24658765329, cid=153
2019-09-17 12:49:37,643 [java.util.concurrent.ThreadPoolExecutor$Worker@baf429f[State = -1, empty queue]] WARN  server.GrpcLogAppender (GrpcLogAppender.java:timeoutAppendRequest(200)) - 5e893e0a-56f7-4618-9f46-a6ff48173cb6@group-869F42A7192E->f7ede272-a28a-44e0-9552-15581fc2de04-GrpcLogAppender: appendEntries Timeout, request=5e893e0a-56f7-4618-9f46-a6ff48173cb6->f7ede272-a28a-44e0-9552-15581fc2de04#31-t1, previous=(t:1, i:17), leaderCommit=16, initializing? false, entries: size=1, first=(t:1, i:18), STATEMACHINELOGENTRY, client-B24658765329, cid=154
2019-09-17 12:49:37,643 [java.util.concurrent.ThreadPoolExecutor$Worker@70b491f[State = -1, empty queue]] WARN  server.GrpcLogAppender (GrpcLogAppender.java:timeoutAppendRequest(200)) - 5e893e0a-56f7-4618-9f46-a6ff48173cb6@group-869F42A7192E->84ab4d91-000c-4523-9c5f-2c204b5f6601-GrpcLogAppender: appendEntries Timeout, request=5e893e0a-56f7-4618-9f46-a6ff48173cb6->84ab4d91-000c-4523-9c5f-2c204b5f6601#31-t1, previous=(t:1, i:17), leaderCommit=16, initializing? false, entries: size=1, first=(t:1, i:18), STATEMACHINELOGENTRY, client-B24658765329, cid=154
2019-09-17 12:49:37,646 [java.util.concurrent.ThreadPoolExecutor$Worker@baf429f[State = -1, empty queue]] WARN  server.GrpcLogAppender (GrpcLogAppender.java:timeoutAppendRequest(200)) - 5e893e0a-56f7-4618-9f46-a6ff48173cb6@group-869F42A7192E->f7ede272-a28a-44e0-9552-15581fc2de04-GrpcLogAppender: appendEntries Timeout, request=5e893e0a-56f7-4618-9f46-a6ff48173cb6->f7ede272-a28a-44e0-9552-15581fc2de04#32-t1, previous=(t:1, i:18), leaderCommit=16, initializing? false, entries: size=1, first=(t:1, i:19), STATEMACHINELOGENTRY, client-B24658765329, cid=155
2019-09-17 12:49:37,646 [java.util.concurrent.ThreadPoolExecutor$Worker@70b491f[State = -1, empty queue]] WARN  server.GrpcLogAppender (GrpcLogAppender.java:timeoutAppendRequest(200)) - 5e893e0a-56f7-4618-9f46-a6ff48173cb6@group-869F42A7192E->84ab4d91-000c-4523-9c5f-2c204b5f6601-GrpcLogAppender: appendEntries Timeout, request=5e893e0a-56f7-4618-9f46-a6ff48173cb6->84ab4d91-000c-4523-9c5f-2c204b5f6601#32-t1, previous=(t:1, i:18), leaderCommit=16, initializing? false, entries: size=1, first=(t:1, i:19), STATEMACHINELOGENTRY, client-B24658765329, cid=155
2019-09-17 12:49:37,646 [java.util.concurrent.ThreadPoolExecutor$Worker@baf429f[State = -1, empty queue]] WARN  server.GrpcLogAppender (GrpcLogAppender.java:timeoutAppendRequest(200)) - 5e893e0a-56f7-4618-9f46-a6ff48173cb6@group-869F42A7192E->f7ede272-a28a-44e0-9552-15581fc2de04-GrpcLogAppender: appendEntries Timeout, request=5e893e0a-56f7-4618-9f46-a6ff48173cb6->f7ede272-a28a-44e0-9552-15581fc2de04#33-t1, previous=(t:1, i:19), leaderCommit=16, initializing? false, entries: size=1, first=(t:1, i:20), STATEMACHINELOGENTRY, client-B24658765329, cid=156
2019-09-17 12:49:37,647 [java.util.concurrent.ThreadPoolExecutor$Worker@70b491f[State = -1, empty queue]] WARN  server.GrpcLogAppender (GrpcLogAppender.java:timeoutAppendRequest(200)) - 5e893e0a-56f7-4618-9f46-a6ff48173cb6@group-869F42A7192E->84ab4d91-000c-4523-9c5f-2c204b5f6601-GrpcLogAppender: appendEntries Timeout, request=5e893e0a-56f7-4618-9f46-a6ff48173cb6->84ab4d91-000c-4523-9c5f-2c204b5f6601#33-t1, previous=(t:1, i:19), leaderCommit=16, initializing? false, entries: size=1, first=(t:1, i:20), STATEMACHINELOGENTRY, client-B24658765329, cid=156
 0.00% |█                                                                                                    |  0/1 Time: 0:06:422019-09-17 12:49:38,448 [grpc-default-executor-4] INFO  impl.RaftServerProxy (RaftServerProxy.java:remove(95)) - 5e893e0a-56f7-4618-9f46-a6ff48173cb6: remove group-1F9831CC3440:null
2019-09-17 12:49:38,452 [RatisPipelineUtilsThread] WARN  pipeline.RatisPipelineUtils (RatisPipelineUtils.java:destroyPipeline(66)) - Pipeline destroy failed for pipeline=PipelineID=e5966ae0-5fcf-4a62-bb3f-1f9831cc3440 dn=5e893e0a-56f7-4618-9f46-a6ff48173cb6{ip: 192.168.5.153, host: pr-hdds-2137-trunk-mnh2s-3748177197, networkLocation: /default-rack, certSerialId: null}
2019-09-17 12:49:38,455 [grpc-default-executor-4] INFO  impl.RaftServerProxy (RaftServerProxy.java:remove(95)) - 84ab4d91-000c-4523-9c5f-2c204b5f6601: remove group-1F9831CC3440:null
2019-09-17 12:49:38,457 [RatisPipelineUtilsThread] WARN  pipeline.RatisPipelineUtils (RatisPipelineUtils.java:destroyPipeline(66)) - Pipeline destroy failed for pipeline=PipelineID=e5966ae0-5fcf-4a62-bb3f-1f9831cc3440 dn=84ab4d91-000c-4523-9c5f-2c204b5f6601{ip: 192.168.5.153, host: pr-hdds-2137-trunk-mnh2s-3748177197, networkLocation: /default-rack, certSerialId: null}
2019-09-17 12:49:38,460 [grpc-default-executor-4] INFO  impl.RaftServerProxy (RaftServerProxy.java:remove(95)) - f7ede272-a28a-44e0-9552-15581fc2de04: remove group-1F9831CC3440:null
2019-09-17 12:49:38,462 [RatisPipelineUtilsThread] WARN  pipeline.RatisPipelineUtils (RatisPipelineUtils.java:destroyPipeline(66)) - Pipeline destroy failed for pipeline=PipelineID=e5966ae0-5fcf-4a62-bb3f-1f9831cc3440 dn=f7ede272-a28a-44e0-9552-15581fc2de04{ip: 192.168.5.153, host: pr-hdds-2137-trunk-mnh2s-3748177197, networkLocation: /default-rack, certSerialId: null}
2019-09-17 12:49:38,463 [RatisPipelineUtilsThread] ERROR pipeline.SCMPipelineManager (Scheduler.java:lambda$schedule$1(70)) - Destroy pipeline failed for pipeline:Pipeline[ Id: e5966ae0-5fcf-4a62-bb3f-1f9831cc3440, Nodes: 5e893e0a-56f7-4618-9f46-a6ff48173cb6{ip: 192.168.5.153, host: pr-hdds-2137-trunk-mnh2s-3748177197, networkLocation: /default-rack, certSerialId: null}84ab4d91-000c-4523-9c5f-2c204b5f6601{ip: 192.168.5.153, host: pr-hdds-2137-trunk-mnh2s-3748177197, networkLocation: /default-rack, certSerialId: null}f7ede272-a28a-44e0-9552-15581fc2de04{ip: 192.168.5.153, host: pr-hdds-2137-trunk-mnh2s-3748177197, networkLocation: /default-rack, certSerialId: null}, Type:RATIS, Factor:THREE, State:CLOSED]
org.apache.hadoop.hdds.scm.pipeline.PipelineNotFoundException: PipelineID=e5966ae0-5fcf-4a62-bb3f-1f9831cc3440 not found
	at org.apache.hadoop.hdds.scm.pipeline.PipelineStateMap.getPipeline(PipelineStateMap.java:132)
	at org.apache.hadoop.hdds.scm.pipeline.PipelineStateMap.removePipeline(PipelineStateMap.java:322)
	at org.apache.hadoop.hdds.scm.pipeline.PipelineStateManager.removePipeline(PipelineStateManager.java:107)
	at org.apache.hadoop.hdds.scm.pipeline.SCMPipelineManager.removePipeline(SCMPipelineManager.java:423)
	at org.apache.hadoop.hdds.scm.pipeline.SCMPipelineManager.destroyPipeline(SCMPipelineManager.java:409)
	at org.apache.hadoop.hdds.scm.pipeline.SCMPipelineManager.lambda$finalizeAndDestroyPipeline$0(SCMPipelineManager.java:318)
	at org.apache.hadoop.utils.Scheduler.lambda$schedule$1(Scheduler.java:68)
	at java.util.concurrent.Executors$RunnableAdapter.call(Executors.java:511)
	at java.util.concurrent.FutureTask.run(FutureTask.java:266)
	at java.util.concurrent.ScheduledThreadPoolExecutor$ScheduledFutureTask.access$201(ScheduledThreadPoolExecutor.java:180)
	at java.util.concurrent.ScheduledThreadPoolExecutor$ScheduledFutureTask.run(ScheduledThreadPoolExecutor.java:293)
	at java.util.concurrent.ThreadPoolExecutor.runWorker(ThreadPoolExecutor.java:1149)
	at java.util.concurrent.ThreadPoolExecutor$Worker.run(ThreadPoolExecutor.java:624)
	at java.lang.Thread.run(Thread.java:748)
 0.00% |█                                                                                                    |  0/1 Time: 0:06:432019-09-17 12:49:39,675 [grpc-default-executor-4] INFO  client.GrpcClientProtocolClient (GrpcClientProtocolClient.java:onNext(264)) - client-B24658765329->84ab4d91-000c-4523-9c5f-2c204b5f6601: receive RaftClientReply:client-B24658765329->84ab4d91-000c-4523-9c5f-2c204b5f6601@group-869F42A7192E, cid=153, FAILED org.apache.ratis.protocol.NotLeaderException: Server 84ab4d91-000c-4523-9c5f-2c204b5f6601@group-869F42A7192E is not the leader 5e893e0a-56f7-4618-9f46-a6ff48173cb6:192.168.5.153:37060, logIndex=0, commits[84ab4d91-000c-4523-9c5f-2c204b5f6601:c16, 5e893e0a-56f7-4618-9f46-a6ff48173cb6:c16, f7ede272-a28a-44e0-9552-15581fc2de04:c12]
2019-09-17 12:49:40,147 [java.util.concurrent.ThreadPoolExecutor$Worker@70b491f[State = -1, empty queue]] WARN  server.GrpcLogAppender (GrpcLogAppender.java:timeoutAppendRequest(200)) - 5e893e0a-56f7-4618-9f46-a6ff48173cb6@group-869F42A7192E->84ab4d91-000c-4523-9c5f-2c204b5f6601-GrpcLogAppender: appendEntries Timeout, request=5e893e0a-56f7-4618-9f46-a6ff48173cb6->84ab4d91-000c-4523-9c5f-2c204b5f6601#34-t1, previous=(t:1, i:20), leaderCommit=16, initializing? false, entries: <empty>
2019-09-17 12:49:40,147 [java.util.concurrent.ThreadPoolExecutor$Worker@baf429f[State = -1, empty queue]] WARN  server.GrpcLogAppender (GrpcLogAppender.java:timeoutAppendRequest(200)) - 5e893e0a-56f7-4618-9f46-a6ff48173cb6@group-869F42A7192E->f7ede272-a28a-44e0-9552-15581fc2de04-GrpcLogAppender: appendEntries Timeout, request=5e893e0a-56f7-4618-9f46-a6ff48173cb6->f7ede272-a28a-44e0-9552-15581fc2de04#34-t1, previous=(t:1, i:20), leaderCommit=16, initializing? false, entries: <empty>
 0.00% |█                                                                                                    |  0/1 Time: 0:06:44 0.00% |█                                                                                                    |  0/1 Time: 0:06:452019-09-17 12:49:41,448 [grpc-default-executor-5] INFO  impl.RaftServerProxy (RaftServerProxy.java:remove(95)) - 5e893e0a-56f7-4618-9f46-a6ff48173cb6: remove group-1F9831CC3440:null
2019-09-17 12:49:41,454 [RatisPipelineUtilsThread] WARN  pipeline.RatisPipelineUtils (RatisPipelineUtils.java:destroyPipeline(66)) - Pipeline destroy failed for pipeline=PipelineID=e5966ae0-5fcf-4a62-bb3f-1f9831cc3440 dn=5e893e0a-56f7-4618-9f46-a6ff48173cb6{ip: 192.168.5.153, host: pr-hdds-2137-trunk-mnh2s-3748177197, networkLocation: /default-rack, certSerialId: null}
2019-09-17 12:49:41,457 [grpc-default-executor-5] INFO  impl.RaftServerProxy (RaftServerProxy.java:remove(95)) - 84ab4d91-000c-4523-9c5f-2c204b5f6601: remove group-1F9831CC3440:null
2019-09-17 12:49:41,459 [RatisPipelineUtilsThread] WARN  pipeline.RatisPipelineUtils (RatisPipelineUtils.java:destroyPipeline(66)) - Pipeline destroy failed for pipeline=PipelineID=e5966ae0-5fcf-4a62-bb3f-1f9831cc3440 dn=84ab4d91-000c-4523-9c5f-2c204b5f6601{ip: 192.168.5.153, host: pr-hdds-2137-trunk-mnh2s-3748177197, networkLocation: /default-rack, certSerialId: null}
2019-09-17 12:49:41,462 [grpc-default-executor-5] INFO  impl.RaftServerProxy (RaftServerProxy.java:remove(95)) - f7ede272-a28a-44e0-9552-15581fc2de04: remove group-1F9831CC3440:null
2019-09-17 12:49:41,463 [RatisPipelineUtilsThread] WARN  pipeline.RatisPipelineUtils (RatisPipelineUtils.java:destroyPipeline(66)) - Pipeline destroy failed for pipeline=PipelineID=e5966ae0-5fcf-4a62-bb3f-1f9831cc3440 dn=f7ede272-a28a-44e0-9552-15581fc2de04{ip: 192.168.5.153, host: pr-hdds-2137-trunk-mnh2s-3748177197, networkLocation: /default-rack, certSerialId: null}
2019-09-17 12:49:41,464 [RatisPipelineUtilsThread] ERROR pipeline.SCMPipelineManager (Scheduler.java:lambda$schedule$1(70)) - Destroy pipeline failed for pipeline:Pipeline[ Id: e5966ae0-5fcf-4a62-bb3f-1f9831cc3440, Nodes: 5e893e0a-56f7-4618-9f46-a6ff48173cb6{ip: 192.168.5.153, host: pr-hdds-2137-trunk-mnh2s-3748177197, networkLocation: /default-rack, certSerialId: null}84ab4d91-000c-4523-9c5f-2c204b5f6601{ip: 192.168.5.153, host: pr-hdds-2137-trunk-mnh2s-3748177197, networkLocation: /default-rack, certSerialId: null}f7ede272-a28a-44e0-9552-15581fc2de04{ip: 192.168.5.153, host: pr-hdds-2137-trunk-mnh2s-3748177197, networkLocation: /default-rack, certSerialId: null}, Type:RATIS, Factor:THREE, State:CLOSED]
org.apache.hadoop.hdds.scm.pipeline.PipelineNotFoundException: PipelineID=e5966ae0-5fcf-4a62-bb3f-1f9831cc3440 not found
	at org.apache.hadoop.hdds.scm.pipeline.PipelineStateMap.getPipeline(PipelineStateMap.java:132)
	at org.apache.hadoop.hdds.scm.pipeline.PipelineStateMap.removePipeline(PipelineStateMap.java:322)
	at org.apache.hadoop.hdds.scm.pipeline.PipelineStateManager.removePipeline(PipelineStateManager.java:107)
	at org.apache.hadoop.hdds.scm.pipeline.SCMPipelineManager.removePipeline(SCMPipelineManager.java:423)
	at org.apache.hadoop.hdds.scm.pipeline.SCMPipelineManager.destroyPipeline(SCMPipelineManager.java:409)
	at org.apache.hadoop.hdds.scm.pipeline.SCMPipelineManager.lambda$finalizeAndDestroyPipeline$0(SCMPipelineManager.java:318)
	at org.apache.hadoop.utils.Scheduler.lambda$schedule$1(Scheduler.java:68)
	at java.util.concurrent.Executors$RunnableAdapter.call(Executors.java:511)
	at java.util.concurrent.FutureTask.run(FutureTask.java:266)
	at java.util.concurrent.ScheduledThreadPoolExecutor$ScheduledFutureTask.access$201(ScheduledThreadPoolExecutor.java:180)
	at java.util.concurrent.ScheduledThreadPoolExecutor$ScheduledFutureTask.run(ScheduledThreadPoolExecutor.java:293)
	at java.util.concurrent.ThreadPoolExecutor.runWorker(ThreadPoolExecutor.java:1149)
	at java.util.concurrent.ThreadPoolExecutor$Worker.run(ThreadPoolExecutor.java:624)
	at java.lang.Thread.run(Thread.java:748)
 0.00% |█                                                                                                    |  0/1 Time: 0:06:462019-09-17 12:49:42,649 [java.util.concurrent.ThreadPoolExecutor$Worker@70b491f[State = -1, empty queue]] WARN  server.GrpcLogAppender (GrpcLogAppender.java:timeoutAppendRequest(200)) - 5e893e0a-56f7-4618-9f46-a6ff48173cb6@group-869F42A7192E->84ab4d91-000c-4523-9c5f-2c204b5f6601-GrpcLogAppender: appendEntries Timeout, request=5e893e0a-56f7-4618-9f46-a6ff48173cb6->84ab4d91-000c-4523-9c5f-2c204b5f6601#35-t1, previous=(t:1, i:20), leaderCommit=16, initializing? false, entries: <empty>
2019-09-17 12:49:42,649 [java.util.concurrent.ThreadPoolExecutor$Worker@baf429f[State = -1, empty queue]] WARN  server.GrpcLogAppender (GrpcLogAppender.java:timeoutAppendRequest(200)) - 5e893e0a-56f7-4618-9f46-a6ff48173cb6@group-869F42A7192E->f7ede272-a28a-44e0-9552-15581fc2de04-GrpcLogAppender: appendEntries Timeout, request=5e893e0a-56f7-4618-9f46-a6ff48173cb6->f7ede272-a28a-44e0-9552-15581fc2de04#35-t1, previous=(t:1, i:20), leaderCommit=16, initializing? false, entries: <empty>
 0.00% |█                                                                                                    |  0/1 Time: 0:06:472019-09-17 12:49:43,448 [grpc-default-executor-4] INFO  impl.RaftServerProxy (RaftServerProxy.java:remove(95)) - 5e893e0a-56f7-4618-9f46-a6ff48173cb6: remove group-1F9831CC3440:null
2019-09-17 12:49:43,452 [RatisPipelineUtilsThread] WARN  pipeline.RatisPipelineUtils (RatisPipelineUtils.java:destroyPipeline(66)) - Pipeline destroy failed for pipeline=PipelineID=e5966ae0-5fcf-4a62-bb3f-1f9831cc3440 dn=5e893e0a-56f7-4618-9f46-a6ff48173cb6{ip: 192.168.5.153, host: pr-hdds-2137-trunk-mnh2s-3748177197, networkLocation: /default-rack, certSerialId: null}
2019-09-17 12:49:43,455 [grpc-default-executor-4] INFO  impl.RaftServerProxy (RaftServerProxy.java:remove(95)) - 84ab4d91-000c-4523-9c5f-2c204b5f6601: remove group-1F9831CC3440:null
2019-09-17 12:49:43,457 [RatisPipelineUtilsThread] WARN  pipeline.RatisPipelineUtils (RatisPipelineUtils.java:destroyPipeline(66)) - Pipeline destroy failed for pipeline=PipelineID=e5966ae0-5fcf-4a62-bb3f-1f9831cc3440 dn=84ab4d91-000c-4523-9c5f-2c204b5f6601{ip: 192.168.5.153, host: pr-hdds-2137-trunk-mnh2s-3748177197, networkLocation: /default-rack, certSerialId: null}
2019-09-17 12:49:43,460 [grpc-default-executor-4] INFO  impl.RaftServerProxy (RaftServerProxy.java:remove(95)) - f7ede272-a28a-44e0-9552-15581fc2de04: remove group-1F9831CC3440:null
2019-09-17 12:49:43,462 [RatisPipelineUtilsThread] WARN  pipeline.RatisPipelineUtils (RatisPipelineUtils.java:destroyPipeline(66)) - Pipeline destroy failed for pipeline=PipelineID=e5966ae0-5fcf-4a62-bb3f-1f9831cc3440 dn=f7ede272-a28a-44e0-9552-15581fc2de04{ip: 192.168.5.153, host: pr-hdds-2137-trunk-mnh2s-3748177197, networkLocation: /default-rack, certSerialId: null}
2019-09-17 12:49:43,463 [RatisPipelineUtilsThread] ERROR pipeline.SCMPipelineManager (Scheduler.java:lambda$schedule$1(70)) - Destroy pipeline failed for pipeline:Pipeline[ Id: e5966ae0-5fcf-4a62-bb3f-1f9831cc3440, Nodes: 5e893e0a-56f7-4618-9f46-a6ff48173cb6{ip: 192.168.5.153, host: pr-hdds-2137-trunk-mnh2s-3748177197, networkLocation: /default-rack, certSerialId: null}84ab4d91-000c-4523-9c5f-2c204b5f6601{ip: 192.168.5.153, host: pr-hdds-2137-trunk-mnh2s-3748177197, networkLocation: /default-rack, certSerialId: null}f7ede272-a28a-44e0-9552-15581fc2de04{ip: 192.168.5.153, host: pr-hdds-2137-trunk-mnh2s-3748177197, networkLocation: /default-rack, certSerialId: null}, Type:RATIS, Factor:THREE, State:CLOSED]
org.apache.hadoop.hdds.scm.pipeline.PipelineNotFoundException: PipelineID=e5966ae0-5fcf-4a62-bb3f-1f9831cc3440 not found
	at org.apache.hadoop.hdds.scm.pipeline.PipelineStateMap.getPipeline(PipelineStateMap.java:132)
	at org.apache.hadoop.hdds.scm.pipeline.PipelineStateMap.removePipeline(PipelineStateMap.java:322)
	at org.apache.hadoop.hdds.scm.pipeline.PipelineStateManager.removePipeline(PipelineStateManager.java:107)
	at org.apache.hadoop.hdds.scm.pipeline.SCMPipelineManager.removePipeline(SCMPipelineManager.java:423)
	at org.apache.hadoop.hdds.scm.pipeline.SCMPipelineManager.destroyPipeline(SCMPipelineManager.java:409)
	at org.apache.hadoop.hdds.scm.pipeline.SCMPipelineManager.lambda$finalizeAndDestroyPipeline$0(SCMPipelineManager.java:318)
	at org.apache.hadoop.utils.Scheduler.lambda$schedule$1(Scheduler.java:68)
	at java.util.concurrent.Executors$RunnableAdapter.call(Executors.java:511)
	at java.util.concurrent.FutureTask.run(FutureTask.java:266)
	at java.util.concurrent.ScheduledThreadPoolExecutor$ScheduledFutureTask.access$201(ScheduledThreadPoolExecutor.java:180)
	at java.util.concurrent.ScheduledThreadPoolExecutor$ScheduledFutureTask.run(ScheduledThreadPoolExecutor.java:293)
	at java.util.concurrent.ThreadPoolExecutor.runWorker(ThreadPoolExecutor.java:1149)
	at java.util.concurrent.ThreadPoolExecutor$Worker.run(ThreadPoolExecutor.java:624)
	at java.lang.Thread.run(Thread.java:748)
 0.00% |█                                                                                                    |  0/1 Time: 0:06:482019-09-17 12:49:44,641 [5e893e0a-56f7-4618-9f46-a6ff48173cb6@group-869F42A7192E-SegmentedRaftLogWorker] WARN  segmented.SegmentedRaftLogWorker (SegmentedRaftLogWorker.java:getFromFuture(90)) - Timeout 0/~
org.apache.ratis.protocol.TimeoutIOException: Timeout 10s: WriteLog:17: (t:1, i:17), STATEMACHINELOGENTRY, client-B24658765329, cid=153-writeStateMachineData
	at org.apache.ratis.util.IOUtils.getFromFuture(IOUtils.java:87)
	at org.apache.ratis.server.raftlog.segmented.SegmentedRaftLogWorker$StateMachineDataPolicy.getFromFuture(SegmentedRaftLogWorker.java:87)
	at org.apache.ratis.server.raftlog.segmented.SegmentedRaftLogWorker$WriteLog.execute(SegmentedRaftLogWorker.java:477)
	at org.apache.ratis.server.raftlog.segmented.SegmentedRaftLogWorker.run(SegmentedRaftLogWorker.java:289)
	at java.lang.Thread.run(Thread.java:748)
Caused by: java.util.concurrent.TimeoutException
	at java.util.concurrent.CompletableFuture.timedGet(CompletableFuture.java:1771)
	at java.util.concurrent.CompletableFuture.get(CompletableFuture.java:1915)
	at org.apache.ratis.util.IOUtils.getFromFuture(IOUtils.java:79)
	... 4 more
2019-09-17 12:49:44,645 [f7ede272-a28a-44e0-9552-15581fc2de04@group-869F42A7192E-SegmentedRaftLogWorker] WARN  segmented.SegmentedRaftLogWorker (SegmentedRaftLogWorker.java:getFromFuture(90)) - Timeout 0/~
org.apache.ratis.protocol.TimeoutIOException: Timeout 10s: WriteLog:17: (t:1, i:17), STATEMACHINELOGENTRY, client-B24658765329, cid=153-writeStateMachineData
	at org.apache.ratis.util.IOUtils.getFromFuture(IOUtils.java:87)
	at org.apache.ratis.server.raftlog.segmented.SegmentedRaftLogWorker$StateMachineDataPolicy.getFromFuture(SegmentedRaftLogWorker.java:87)
	at org.apache.ratis.server.raftlog.segmented.SegmentedRaftLogWorker$WriteLog.execute(SegmentedRaftLogWorker.java:477)
	at org.apache.ratis.server.raftlog.segmented.SegmentedRaftLogWorker.run(SegmentedRaftLogWorker.java:289)
	at java.lang.Thread.run(Thread.java:748)
Caused by: java.util.concurrent.TimeoutException
	at java.util.concurrent.CompletableFuture.timedGet(CompletableFuture.java:1771)
	at java.util.concurrent.CompletableFuture.get(CompletableFuture.java:1915)
	at org.apache.ratis.util.IOUtils.getFromFuture(IOUtils.java:79)
	... 4 more
2019-09-17 12:49:44,645 [84ab4d91-000c-4523-9c5f-2c204b5f6601@group-869F42A7192E-SegmentedRaftLogWorker] WARN  segmented.SegmentedRaftLogWorker (SegmentedRaftLogWorker.java:getFromFuture(90)) - Timeout 0/~
org.apache.ratis.protocol.TimeoutIOException: Timeout 10s: WriteLog:17: (t:1, i:17), STATEMACHINELOGENTRY, client-B24658765329, cid=153-writeStateMachineData
	at org.apache.ratis.util.IOUtils.getFromFuture(IOUtils.java:87)
	at org.apache.ratis.server.raftlog.segmented.SegmentedRaftLogWorker$StateMachineDataPolicy.getFromFuture(SegmentedRaftLogWorker.java:87)
	at org.apache.ratis.server.raftlog.segmented.SegmentedRaftLogWorker$WriteLog.execute(SegmentedRaftLogWorker.java:477)
	at org.apache.ratis.server.raftlog.segmented.SegmentedRaftLogWorker.run(SegmentedRaftLogWorker.java:289)
	at java.lang.Thread.run(Thread.java:748)
Caused by: java.util.concurrent.TimeoutException
	at java.util.concurrent.CompletableFuture.timedGet(CompletableFuture.java:1771)
	at java.util.concurrent.CompletableFuture.get(CompletableFuture.java:1915)
	at org.apache.ratis.util.IOUtils.getFromFuture(IOUtils.java:79)
	... 4 more
2019-09-17 12:49:44,718 [grpc-default-executor-6] INFO  client.GrpcClientProtocolClient (GrpcClientProtocolClient.java:onNext(264)) - client-B24658765329->84ab4d91-000c-4523-9c5f-2c204b5f6601: receive RaftClientReply:client-B24658765329->84ab4d91-000c-4523-9c5f-2c204b5f6601@group-869F42A7192E, cid=153, FAILED org.apache.ratis.protocol.NotLeaderException: Server 84ab4d91-000c-4523-9c5f-2c204b5f6601@group-869F42A7192E is not the leader 5e893e0a-56f7-4618-9f46-a6ff48173cb6:192.168.5.153:37060, logIndex=0, commits[84ab4d91-000c-4523-9c5f-2c204b5f6601:c16, 5e893e0a-56f7-4618-9f46-a6ff48173cb6:c16, f7ede272-a28a-44e0-9552-15581fc2de04:c12]
2019-09-17 12:49:45,150 [java.util.concurrent.ThreadPoolExecutor$Worker@70b491f[State = -1, empty queue]] WARN  server.GrpcLogAppender (GrpcLogAppender.java:timeoutAppendRequest(200)) - 5e893e0a-56f7-4618-9f46-a6ff48173cb6@group-869F42A7192E->84ab4d91-000c-4523-9c5f-2c204b5f6601-GrpcLogAppender: appendEntries Timeout, request=5e893e0a-56f7-4618-9f46-a6ff48173cb6->84ab4d91-000c-4523-9c5f-2c204b5f6601#36-t1, previous=(t:1, i:20), leaderCommit=16, initializing? false, entries: <empty>
2019-09-17 12:49:45,150 [java.util.concurrent.ThreadPoolExecutor$Worker@baf429f[State = -1, empty queue]] WARN  server.GrpcLogAppender (GrpcLogAppender.java:timeoutAppendRequest(200)) - 5e893e0a-56f7-4618-9f46-a6ff48173cb6@group-869F42A7192E->f7ede272-a28a-44e0-9552-15581fc2de04-GrpcLogAppender: appendEntries Timeout, request=5e893e0a-56f7-4618-9f46-a6ff48173cb6->f7ede272-a28a-44e0-9552-15581fc2de04#36-t1, previous=(t:1, i:20), leaderCommit=16, initializing? false, entries: <empty>
 0.00% |█                                                                                                    |  0/1 Time: 0:06:49 0.00% |█                                                                                                    |  0/1 Time: 0:06:502019-09-17 12:49:46,450 [grpc-default-executor-5] INFO  impl.RaftServerProxy (RaftServerProxy.java:remove(95)) - 5e893e0a-56f7-4618-9f46-a6ff48173cb6: remove group-1F9831CC3440:null
2019-09-17 12:49:46,455 [RatisPipelineUtilsThread] WARN  pipeline.RatisPipelineUtils (RatisPipelineUtils.java:destroyPipeline(66)) - Pipeline destroy failed for pipeline=PipelineID=e5966ae0-5fcf-4a62-bb3f-1f9831cc3440 dn=5e893e0a-56f7-4618-9f46-a6ff48173cb6{ip: 192.168.5.153, host: pr-hdds-2137-trunk-mnh2s-3748177197, networkLocation: /default-rack, certSerialId: null}
2019-09-17 12:49:46,458 [grpc-default-executor-5] INFO  impl.RaftServerProxy (RaftServerProxy.java:remove(95)) - 84ab4d91-000c-4523-9c5f-2c204b5f6601: remove group-1F9831CC3440:null
2019-09-17 12:49:46,460 [RatisPipelineUtilsThread] WARN  pipeline.RatisPipelineUtils (RatisPipelineUtils.java:destroyPipeline(66)) - Pipeline destroy failed for pipeline=PipelineID=e5966ae0-5fcf-4a62-bb3f-1f9831cc3440 dn=84ab4d91-000c-4523-9c5f-2c204b5f6601{ip: 192.168.5.153, host: pr-hdds-2137-trunk-mnh2s-3748177197, networkLocation: /default-rack, certSerialId: null}
2019-09-17 12:49:46,462 [grpc-default-executor-5] INFO  impl.RaftServerProxy (RaftServerProxy.java:remove(95)) - f7ede272-a28a-44e0-9552-15581fc2de04: remove group-1F9831CC3440:null
2019-09-17 12:49:46,464 [RatisPipelineUtilsThread] WARN  pipeline.RatisPipelineUtils (RatisPipelineUtils.java:destroyPipeline(66)) - Pipeline destroy failed for pipeline=PipelineID=e5966ae0-5fcf-4a62-bb3f-1f9831cc3440 dn=f7ede272-a28a-44e0-9552-15581fc2de04{ip: 192.168.5.153, host: pr-hdds-2137-trunk-mnh2s-3748177197, networkLocation: /default-rack, certSerialId: null}
2019-09-17 12:49:46,464 [RatisPipelineUtilsThread] ERROR pipeline.SCMPipelineManager (Scheduler.java:lambda$schedule$1(70)) - Destroy pipeline failed for pipeline:Pipeline[ Id: e5966ae0-5fcf-4a62-bb3f-1f9831cc3440, Nodes: 5e893e0a-56f7-4618-9f46-a6ff48173cb6{ip: 192.168.5.153, host: pr-hdds-2137-trunk-mnh2s-3748177197, networkLocation: /default-rack, certSerialId: null}84ab4d91-000c-4523-9c5f-2c204b5f6601{ip: 192.168.5.153, host: pr-hdds-2137-trunk-mnh2s-3748177197, networkLocation: /default-rack, certSerialId: null}f7ede272-a28a-44e0-9552-15581fc2de04{ip: 192.168.5.153, host: pr-hdds-2137-trunk-mnh2s-3748177197, networkLocation: /default-rack, certSerialId: null}, Type:RATIS, Factor:THREE, State:CLOSED]
org.apache.hadoop.hdds.scm.pipeline.PipelineNotFoundException: PipelineID=e5966ae0-5fcf-4a62-bb3f-1f9831cc3440 not found
	at org.apache.hadoop.hdds.scm.pipeline.PipelineStateMap.getPipeline(PipelineStateMap.java:132)
	at org.apache.hadoop.hdds.scm.pipeline.PipelineStateMap.removePipeline(PipelineStateMap.java:322)
	at org.apache.hadoop.hdds.scm.pipeline.PipelineStateManager.removePipeline(PipelineStateManager.java:107)
	at org.apache.hadoop.hdds.scm.pipeline.SCMPipelineManager.removePipeline(SCMPipelineManager.java:423)
	at org.apache.hadoop.hdds.scm.pipeline.SCMPipelineManager.destroyPipeline(SCMPipelineManager.java:409)
	at org.apache.hadoop.hdds.scm.pipeline.SCMPipelineManager.lambda$finalizeAndDestroyPipeline$0(SCMPipelineManager.java:318)
	at org.apache.hadoop.utils.Scheduler.lambda$schedule$1(Scheduler.java:68)
	at java.util.concurrent.Executors$RunnableAdapter.call(Executors.java:511)
	at java.util.concurrent.FutureTask.run(FutureTask.java:266)
	at java.util.concurrent.ScheduledThreadPoolExecutor$ScheduledFutureTask.access$201(ScheduledThreadPoolExecutor.java:180)
	at java.util.concurrent.ScheduledThreadPoolExecutor$ScheduledFutureTask.run(ScheduledThreadPoolExecutor.java:293)
	at java.util.concurrent.ThreadPoolExecutor.runWorker(ThreadPoolExecutor.java:1149)
	at java.util.concurrent.ThreadPoolExecutor$Worker.run(ThreadPoolExecutor.java:624)
	at java.lang.Thread.run(Thread.java:748)
 0.00% |█                                                                                                    |  0/1 Time: 0:06:512019-09-17 12:49:47,651 [java.util.concurrent.ThreadPoolExecutor$Worker@baf429f[State = -1, empty queue]] WARN  server.GrpcLogAppender (GrpcLogAppender.java:timeoutAppendRequest(200)) - 5e893e0a-56f7-4618-9f46-a6ff48173cb6@group-869F42A7192E->f7ede272-a28a-44e0-9552-15581fc2de04-GrpcLogAppender: appendEntries Timeout, request=5e893e0a-56f7-4618-9f46-a6ff48173cb6->f7ede272-a28a-44e0-9552-15581fc2de04#37-t1, previous=(t:1, i:20), leaderCommit=16, initializing? false, entries: <empty>
2019-09-17 12:49:47,651 [java.util.concurrent.ThreadPoolExecutor$Worker@70b491f[State = -1, empty queue]] WARN  server.GrpcLogAppender (GrpcLogAppender.java:timeoutAppendRequest(200)) - 5e893e0a-56f7-4618-9f46-a6ff48173cb6@group-869F42A7192E->84ab4d91-000c-4523-9c5f-2c204b5f6601-GrpcLogAppender: appendEntries Timeout, request=5e893e0a-56f7-4618-9f46-a6ff48173cb6->84ab4d91-000c-4523-9c5f-2c204b5f6601#37-t1, previous=(t:1, i:20), leaderCommit=16, initializing? false, entries: <empty>
 0.00% |█                                                                                                    |  0/1 Time: 0:06:522019-09-17 12:49:48,441 [grpc-default-executor-6] INFO  impl.RaftServerProxy (RaftServerProxy.java:remove(95)) - 5e893e0a-56f7-4618-9f46-a6ff48173cb6: remove group-1F9831CC3440:null
2019-09-17 12:49:48,444 [RatisPipelineUtilsThread] WARN  pipeline.RatisPipelineUtils (RatisPipelineUtils.java:destroyPipeline(66)) - Pipeline destroy failed for pipeline=PipelineID=e5966ae0-5fcf-4a62-bb3f-1f9831cc3440 dn=5e893e0a-56f7-4618-9f46-a6ff48173cb6{ip: 192.168.5.153, host: pr-hdds-2137-trunk-mnh2s-3748177197, networkLocation: /default-rack, certSerialId: null}
2019-09-17 12:49:48,447 [grpc-default-executor-6] INFO  impl.RaftServerProxy (RaftServerProxy.java:remove(95)) - 84ab4d91-000c-4523-9c5f-2c204b5f6601: remove group-1F9831CC3440:null
2019-09-17 12:49:48,450 [RatisPipelineUtilsThread] WARN  pipeline.RatisPipelineUtils (RatisPipelineUtils.java:destroyPipeline(66)) - Pipeline destroy failed for pipeline=PipelineID=e5966ae0-5fcf-4a62-bb3f-1f9831cc3440 dn=84ab4d91-000c-4523-9c5f-2c204b5f6601{ip: 192.168.5.153, host: pr-hdds-2137-trunk-mnh2s-3748177197, networkLocation: /default-rack, certSerialId: null}
2019-09-17 12:49:48,452 [grpc-default-executor-6] INFO  impl.RaftServerProxy (RaftServerProxy.java:remove(95)) - f7ede272-a28a-44e0-9552-15581fc2de04: remove group-1F9831CC3440:null
2019-09-17 12:49:48,455 [RatisPipelineUtilsThread] WARN  pipeline.RatisPipelineUtils (RatisPipelineUtils.java:destroyPipeline(66)) - Pipeline destroy failed for pipeline=PipelineID=e5966ae0-5fcf-4a62-bb3f-1f9831cc3440 dn=f7ede272-a28a-44e0-9552-15581fc2de04{ip: 192.168.5.153, host: pr-hdds-2137-trunk-mnh2s-3748177197, networkLocation: /default-rack, certSerialId: null}
2019-09-17 12:49:48,455 [RatisPipelineUtilsThread] ERROR pipeline.SCMPipelineManager (Scheduler.java:lambda$schedule$1(70)) - Destroy pipeline failed for pipeline:Pipeline[ Id: e5966ae0-5fcf-4a62-bb3f-1f9831cc3440, Nodes: 5e893e0a-56f7-4618-9f46-a6ff48173cb6{ip: 192.168.5.153, host: pr-hdds-2137-trunk-mnh2s-3748177197, networkLocation: /default-rack, certSerialId: null}84ab4d91-000c-4523-9c5f-2c204b5f6601{ip: 192.168.5.153, host: pr-hdds-2137-trunk-mnh2s-3748177197, networkLocation: /default-rack, certSerialId: null}f7ede272-a28a-44e0-9552-15581fc2de04{ip: 192.168.5.153, host: pr-hdds-2137-trunk-mnh2s-3748177197, networkLocation: /default-rack, certSerialId: null}, Type:RATIS, Factor:THREE, State:CLOSED]
org.apache.hadoop.hdds.scm.pipeline.PipelineNotFoundException: PipelineID=e5966ae0-5fcf-4a62-bb3f-1f9831cc3440 not found
	at org.apache.hadoop.hdds.scm.pipeline.PipelineStateMap.getPipeline(PipelineStateMap.java:132)
	at org.apache.hadoop.hdds.scm.pipeline.PipelineStateMap.removePipeline(PipelineStateMap.java:322)
	at org.apache.hadoop.hdds.scm.pipeline.PipelineStateManager.removePipeline(PipelineStateManager.java:107)
	at org.apache.hadoop.hdds.scm.pipeline.SCMPipelineManager.removePipeline(SCMPipelineManager.java:423)
	at org.apache.hadoop.hdds.scm.pipeline.SCMPipelineManager.destroyPipeline(SCMPipelineManager.java:409)
	at org.apache.hadoop.hdds.scm.pipeline.SCMPipelineManager.lambda$finalizeAndDestroyPipeline$0(SCMPipelineManager.java:318)
	at org.apache.hadoop.utils.Scheduler.lambda$schedule$1(Scheduler.java:68)
	at java.util.concurrent.Executors$RunnableAdapter.call(Executors.java:511)
	at java.util.concurrent.FutureTask.run(FutureTask.java:266)
	at java.util.concurrent.ScheduledThreadPoolExecutor$ScheduledFutureTask.access$201(ScheduledThreadPoolExecutor.java:180)
	at java.util.concurrent.ScheduledThreadPoolExecutor$ScheduledFutureTask.run(ScheduledThreadPoolExecutor.java:293)
	at java.util.concurrent.ThreadPoolExecutor.runWorker(ThreadPoolExecutor.java:1149)
	at java.util.concurrent.ThreadPoolExecutor$Worker.run(ThreadPoolExecutor.java:624)
	at java.lang.Thread.run(Thread.java:748)
 0.00% |█                                                                                                    |  0/1 Time: 0:06:532019-09-17 12:49:49,752 [grpc-default-executor-5] INFO  client.GrpcClientProtocolClient (GrpcClientProtocolClient.java:onNext(264)) - client-B24658765329->f7ede272-a28a-44e0-9552-15581fc2de04: receive RaftClientReply:client-B24658765329->f7ede272-a28a-44e0-9552-15581fc2de04@group-869F42A7192E, cid=153, FAILED org.apache.ratis.protocol.NotLeaderException: Server f7ede272-a28a-44e0-9552-15581fc2de04@group-869F42A7192E is not the leader 5e893e0a-56f7-4618-9f46-a6ff48173cb6:192.168.5.153:37060, logIndex=0, commits[f7ede272-a28a-44e0-9552-15581fc2de04:c16, 5e893e0a-56f7-4618-9f46-a6ff48173cb6:c16, 84ab4d91-000c-4523-9c5f-2c204b5f6601:c12]
2019-09-17 12:49:50,152 [java.util.concurrent.ThreadPoolExecutor$Worker@baf429f[State = -1, empty queue]] WARN  server.GrpcLogAppender (GrpcLogAppender.java:timeoutAppendRequest(200)) - 5e893e0a-56f7-4618-9f46-a6ff48173cb6@group-869F42A7192E->f7ede272-a28a-44e0-9552-15581fc2de04-GrpcLogAppender: appendEntries Timeout, request=5e893e0a-56f7-4618-9f46-a6ff48173cb6->f7ede272-a28a-44e0-9552-15581fc2de04#38-t1, previous=(t:1, i:20), leaderCommit=16, initializing? false, entries: <empty>
2019-09-17 12:49:50,152 [java.util.concurrent.ThreadPoolExecutor$Worker@70b491f[State = -1, empty queue]] WARN  server.GrpcLogAppender (GrpcLogAppender.java:timeoutAppendRequest(200)) - 5e893e0a-56f7-4618-9f46-a6ff48173cb6@group-869F42A7192E->84ab4d91-000c-4523-9c5f-2c204b5f6601-GrpcLogAppender: appendEntries Timeout, request=5e893e0a-56f7-4618-9f46-a6ff48173cb6->84ab4d91-000c-4523-9c5f-2c204b5f6601#38-t1, previous=(t:1, i:20), leaderCommit=16, initializing? false, entries: <empty>
 0.00% |█                                                                                                    |  0/1 Time: 0:06:54 0.00% |█                                                                                                    |  0/1 Time: 0:06:552019-09-17 12:49:51,440 [grpc-default-executor-4] INFO  impl.RaftServerProxy (RaftServerProxy.java:remove(95)) - 5e893e0a-56f7-4618-9f46-a6ff48173cb6: remove group-1F9831CC3440:null
2019-09-17 12:49:51,443 [RatisPipelineUtilsThread] WARN  pipeline.RatisPipelineUtils (RatisPipelineUtils.java:destroyPipeline(66)) - Pipeline destroy failed for pipeline=PipelineID=e5966ae0-5fcf-4a62-bb3f-1f9831cc3440 dn=5e893e0a-56f7-4618-9f46-a6ff48173cb6{ip: 192.168.5.153, host: pr-hdds-2137-trunk-mnh2s-3748177197, networkLocation: /default-rack, certSerialId: null}
2019-09-17 12:49:51,446 [grpc-default-executor-4] INFO  impl.RaftServerProxy (RaftServerProxy.java:remove(95)) - 84ab4d91-000c-4523-9c5f-2c204b5f6601: remove group-1F9831CC3440:null
2019-09-17 12:49:51,448 [RatisPipelineUtilsThread] WARN  pipeline.RatisPipelineUtils (RatisPipelineUtils.java:destroyPipeline(66)) - Pipeline destroy failed for pipeline=PipelineID=e5966ae0-5fcf-4a62-bb3f-1f9831cc3440 dn=84ab4d91-000c-4523-9c5f-2c204b5f6601{ip: 192.168.5.153, host: pr-hdds-2137-trunk-mnh2s-3748177197, networkLocation: /default-rack, certSerialId: null}
2019-09-17 12:49:51,451 [grpc-default-executor-4] INFO  impl.RaftServerProxy (RaftServerProxy.java:remove(95)) - f7ede272-a28a-44e0-9552-15581fc2de04: remove group-1F9831CC3440:null
2019-09-17 12:49:51,453 [RatisPipelineUtilsThread] WARN  pipeline.RatisPipelineUtils (RatisPipelineUtils.java:destroyPipeline(66)) - Pipeline destroy failed for pipeline=PipelineID=e5966ae0-5fcf-4a62-bb3f-1f9831cc3440 dn=f7ede272-a28a-44e0-9552-15581fc2de04{ip: 192.168.5.153, host: pr-hdds-2137-trunk-mnh2s-3748177197, networkLocation: /default-rack, certSerialId: null}
2019-09-17 12:49:51,454 [RatisPipelineUtilsThread] ERROR pipeline.SCMPipelineManager (Scheduler.java:lambda$schedule$1(70)) - Destroy pipeline failed for pipeline:Pipeline[ Id: e5966ae0-5fcf-4a62-bb3f-1f9831cc3440, Nodes: 5e893e0a-56f7-4618-9f46-a6ff48173cb6{ip: 192.168.5.153, host: pr-hdds-2137-trunk-mnh2s-3748177197, networkLocation: /default-rack, certSerialId: null}84ab4d91-000c-4523-9c5f-2c204b5f6601{ip: 192.168.5.153, host: pr-hdds-2137-trunk-mnh2s-3748177197, networkLocation: /default-rack, certSerialId: null}f7ede272-a28a-44e0-9552-15581fc2de04{ip: 192.168.5.153, host: pr-hdds-2137-trunk-mnh2s-3748177197, networkLocation: /default-rack, certSerialId: null}, Type:RATIS, Factor:THREE, State:CLOSED]
org.apache.hadoop.hdds.scm.pipeline.PipelineNotFoundException: PipelineID=e5966ae0-5fcf-4a62-bb3f-1f9831cc3440 not found
	at org.apache.hadoop.hdds.scm.pipeline.PipelineStateMap.getPipeline(PipelineStateMap.java:132)
	at org.apache.hadoop.hdds.scm.pipeline.PipelineStateMap.removePipeline(PipelineStateMap.java:322)
	at org.apache.hadoop.hdds.scm.pipeline.PipelineStateManager.removePipeline(PipelineStateManager.java:107)
	at org.apache.hadoop.hdds.scm.pipeline.SCMPipelineManager.removePipeline(SCMPipelineManager.java:423)
	at org.apache.hadoop.hdds.scm.pipeline.SCMPipelineManager.destroyPipeline(SCMPipelineManager.java:409)
	at org.apache.hadoop.hdds.scm.pipeline.SCMPipelineManager.lambda$finalizeAndDestroyPipeline$0(SCMPipelineManager.java:318)
	at org.apache.hadoop.utils.Scheduler.lambda$schedule$1(Scheduler.java:68)
	at java.util.concurrent.Executors$RunnableAdapter.call(Executors.java:511)
	at java.util.concurrent.FutureTask.run(FutureTask.java:266)
	at java.util.concurrent.ScheduledThreadPoolExecutor$ScheduledFutureTask.access$201(ScheduledThreadPoolExecutor.java:180)
	at java.util.concurrent.ScheduledThreadPoolExecutor$ScheduledFutureTask.run(ScheduledThreadPoolExecutor.java:293)
	at java.util.concurrent.ThreadPoolExecutor.runWorker(ThreadPoolExecutor.java:1149)
	at java.util.concurrent.ThreadPoolExecutor$Worker.run(ThreadPoolExecutor.java:624)
	at java.lang.Thread.run(Thread.java:748)
 0.00% |█                                                                                                    |  0/1 Time: 0:06:562019-09-17 12:49:52,652 [java.util.concurrent.ThreadPoolExecutor$Worker@baf429f[State = -1, empty queue]] WARN  server.GrpcLogAppender (GrpcLogAppender.java:timeoutAppendRequest(200)) - 5e893e0a-56f7-4618-9f46-a6ff48173cb6@group-869F42A7192E->f7ede272-a28a-44e0-9552-15581fc2de04-GrpcLogAppender: appendEntries Timeout, request=5e893e0a-56f7-4618-9f46-a6ff48173cb6->f7ede272-a28a-44e0-9552-15581fc2de04#39-t1, previous=(t:1, i:20), leaderCommit=16, initializing? false, entries: <empty>
2019-09-17 12:49:52,652 [java.util.concurrent.ThreadPoolExecutor$Worker@70b491f[State = -1, empty queue]] WARN  server.GrpcLogAppender (GrpcLogAppender.java:timeoutAppendRequest(200)) - 5e893e0a-56f7-4618-9f46-a6ff48173cb6@group-869F42A7192E->84ab4d91-000c-4523-9c5f-2c204b5f6601-GrpcLogAppender: appendEntries Timeout, request=5e893e0a-56f7-4618-9f46-a6ff48173cb6->84ab4d91-000c-4523-9c5f-2c204b5f6601#39-t1, previous=(t:1, i:20), leaderCommit=16, initializing? false, entries: <empty>
 0.00% |█                                                                                                    |  0/1 Time: 0:06:572019-09-17 12:49:53,441 [grpc-default-executor-4] INFO  impl.RaftServerProxy (RaftServerProxy.java:remove(95)) - 5e893e0a-56f7-4618-9f46-a6ff48173cb6: remove group-1F9831CC3440:null
2019-09-17 12:49:53,444 [RatisPipelineUtilsThread] WARN  pipeline.RatisPipelineUtils (RatisPipelineUtils.java:destroyPipeline(66)) - Pipeline destroy failed for pipeline=PipelineID=e5966ae0-5fcf-4a62-bb3f-1f9831cc3440 dn=5e893e0a-56f7-4618-9f46-a6ff48173cb6{ip: 192.168.5.153, host: pr-hdds-2137-trunk-mnh2s-3748177197, networkLocation: /default-rack, certSerialId: null}
2019-09-17 12:49:53,447 [grpc-default-executor-4] INFO  impl.RaftServerProxy (RaftServerProxy.java:remove(95)) - 84ab4d91-000c-4523-9c5f-2c204b5f6601: remove group-1F9831CC3440:null
2019-09-17 12:49:53,449 [RatisPipelineUtilsThread] WARN  pipeline.RatisPipelineUtils (RatisPipelineUtils.java:destroyPipeline(66)) - Pipeline destroy failed for pipeline=PipelineID=e5966ae0-5fcf-4a62-bb3f-1f9831cc3440 dn=84ab4d91-000c-4523-9c5f-2c204b5f6601{ip: 192.168.5.153, host: pr-hdds-2137-trunk-mnh2s-3748177197, networkLocation: /default-rack, certSerialId: null}
2019-09-17 12:49:53,452 [grpc-default-executor-4] INFO  impl.RaftServerProxy (RaftServerProxy.java:remove(95)) - f7ede272-a28a-44e0-9552-15581fc2de04: remove group-1F9831CC3440:null
2019-09-17 12:49:53,455 [RatisPipelineUtilsThread] WARN  pipeline.RatisPipelineUtils (RatisPipelineUtils.java:destroyPipeline(66)) - Pipeline destroy failed for pipeline=PipelineID=e5966ae0-5fcf-4a62-bb3f-1f9831cc3440 dn=f7ede272-a28a-44e0-9552-15581fc2de04{ip: 192.168.5.153, host: pr-hdds-2137-trunk-mnh2s-3748177197, networkLocation: /default-rack, certSerialId: null}
2019-09-17 12:49:53,455 [RatisPipelineUtilsThread] ERROR pipeline.SCMPipelineManager (Scheduler.java:lambda$schedule$1(70)) - Destroy pipeline failed for pipeline:Pipeline[ Id: e5966ae0-5fcf-4a62-bb3f-1f9831cc3440, Nodes: 5e893e0a-56f7-4618-9f46-a6ff48173cb6{ip: 192.168.5.153, host: pr-hdds-2137-trunk-mnh2s-3748177197, networkLocation: /default-rack, certSerialId: null}84ab4d91-000c-4523-9c5f-2c204b5f6601{ip: 192.168.5.153, host: pr-hdds-2137-trunk-mnh2s-3748177197, networkLocation: /default-rack, certSerialId: null}f7ede272-a28a-44e0-9552-15581fc2de04{ip: 192.168.5.153, host: pr-hdds-2137-trunk-mnh2s-3748177197, networkLocation: /default-rack, certSerialId: null}, Type:RATIS, Factor:THREE, State:CLOSED]
org.apache.hadoop.hdds.scm.pipeline.PipelineNotFoundException: PipelineID=e5966ae0-5fcf-4a62-bb3f-1f9831cc3440 not found
	at org.apache.hadoop.hdds.scm.pipeline.PipelineStateMap.getPipeline(PipelineStateMap.java:132)
	at org.apache.hadoop.hdds.scm.pipeline.PipelineStateMap.removePipeline(PipelineStateMap.java:322)
	at org.apache.hadoop.hdds.scm.pipeline.PipelineStateManager.removePipeline(PipelineStateManager.java:107)
	at org.apache.hadoop.hdds.scm.pipeline.SCMPipelineManager.removePipeline(SCMPipelineManager.java:423)
	at org.apache.hadoop.hdds.scm.pipeline.SCMPipelineManager.destroyPipeline(SCMPipelineManager.java:409)
	at org.apache.hadoop.hdds.scm.pipeline.SCMPipelineManager.lambda$finalizeAndDestroyPipeline$0(SCMPipelineManager.java:318)
	at org.apache.hadoop.utils.Scheduler.lambda$schedule$1(Scheduler.java:68)
	at java.util.concurrent.Executors$RunnableAdapter.call(Executors.java:511)
	at java.util.concurrent.FutureTask.run(FutureTask.java:266)
	at java.util.concurrent.ScheduledThreadPoolExecutor$ScheduledFutureTask.access$201(ScheduledThreadPoolExecutor.java:180)
	at java.util.concurrent.ScheduledThreadPoolExecutor$ScheduledFutureTask.run(ScheduledThreadPoolExecutor.java:293)
	at java.util.concurrent.ThreadPoolExecutor.runWorker(ThreadPoolExecutor.java:1149)
	at java.util.concurrent.ThreadPoolExecutor$Worker.run(ThreadPoolExecutor.java:624)
	at java.lang.Thread.run(Thread.java:748)
 0.00% |█                                                                                                    |  0/1 Time: 0:06:582019-09-17 12:49:54,643 [5e893e0a-56f7-4618-9f46-a6ff48173cb6@group-869F42A7192E-SegmentedRaftLogWorker] WARN  segmented.SegmentedRaftLogWorker (SegmentedRaftLogWorker.java:getFromFuture(90)) - Timeout 1/~
org.apache.ratis.protocol.TimeoutIOException: Timeout 10s: WriteLog:17: (t:1, i:17), STATEMACHINELOGENTRY, client-B24658765329, cid=153-writeStateMachineData
	at org.apache.ratis.util.IOUtils.getFromFuture(IOUtils.java:87)
	at org.apache.ratis.server.raftlog.segmented.SegmentedRaftLogWorker$StateMachineDataPolicy.getFromFuture(SegmentedRaftLogWorker.java:87)
	at org.apache.ratis.server.raftlog.segmented.SegmentedRaftLogWorker$WriteLog.execute(SegmentedRaftLogWorker.java:477)
	at org.apache.ratis.server.raftlog.segmented.SegmentedRaftLogWorker.run(SegmentedRaftLogWorker.java:289)
	at java.lang.Thread.run(Thread.java:748)
Caused by: java.util.concurrent.TimeoutException
	at java.util.concurrent.CompletableFuture.timedGet(CompletableFuture.java:1771)
	at java.util.concurrent.CompletableFuture.get(CompletableFuture.java:1915)
	at org.apache.ratis.util.IOUtils.getFromFuture(IOUtils.java:79)
	... 4 more
2019-09-17 12:49:54,645 [f7ede272-a28a-44e0-9552-15581fc2de04@group-869F42A7192E-SegmentedRaftLogWorker] WARN  segmented.SegmentedRaftLogWorker (SegmentedRaftLogWorker.java:getFromFuture(90)) - Timeout 1/~
org.apache.ratis.protocol.TimeoutIOException: Timeout 10s: WriteLog:17: (t:1, i:17), STATEMACHINELOGENTRY, client-B24658765329, cid=153-writeStateMachineData
	at org.apache.ratis.util.IOUtils.getFromFuture(IOUtils.java:87)
	at org.apache.ratis.server.raftlog.segmented.SegmentedRaftLogWorker$StateMachineDataPolicy.getFromFuture(SegmentedRaftLogWorker.java:87)
	at org.apache.ratis.server.raftlog.segmented.SegmentedRaftLogWorker$WriteLog.execute(SegmentedRaftLogWorker.java:477)
	at org.apache.ratis.server.raftlog.segmented.SegmentedRaftLogWorker.run(SegmentedRaftLogWorker.java:289)
	at java.lang.Thread.run(Thread.java:748)
Caused by: java.util.concurrent.TimeoutException
	at java.util.concurrent.CompletableFuture.timedGet(CompletableFuture.java:1771)
	at java.util.concurrent.CompletableFuture.get(CompletableFuture.java:1915)
	at org.apache.ratis.util.IOUtils.getFromFuture(IOUtils.java:79)
	... 4 more
2019-09-17 12:49:54,646 [84ab4d91-000c-4523-9c5f-2c204b5f6601@group-869F42A7192E-SegmentedRaftLogWorker] WARN  segmented.SegmentedRaftLogWorker (SegmentedRaftLogWorker.java:getFromFuture(90)) - Timeout 1/~
org.apache.ratis.protocol.TimeoutIOException: Timeout 10s: WriteLog:17: (t:1, i:17), STATEMACHINELOGENTRY, client-B24658765329, cid=153-writeStateMachineData
	at org.apache.ratis.util.IOUtils.getFromFuture(IOUtils.java:87)
	at org.apache.ratis.server.raftlog.segmented.SegmentedRaftLogWorker$StateMachineDataPolicy.getFromFuture(SegmentedRaftLogWorker.java:87)
	at org.apache.ratis.server.raftlog.segmented.SegmentedRaftLogWorker$WriteLog.execute(SegmentedRaftLogWorker.java:477)
	at org.apache.ratis.server.raftlog.segmented.SegmentedRaftLogWorker.run(SegmentedRaftLogWorker.java:289)
	at java.lang.Thread.run(Thread.java:748)
Caused by: java.util.concurrent.TimeoutException
	at java.util.concurrent.CompletableFuture.timedGet(CompletableFuture.java:1771)
	at java.util.concurrent.CompletableFuture.get(CompletableFuture.java:1915)
	at org.apache.ratis.util.IOUtils.getFromFuture(IOUtils.java:79)
	... 4 more
2019-09-17 12:49:54,779 [grpc-default-executor-5] INFO  client.GrpcClientProtocolClient (GrpcClientProtocolClient.java:onNext(264)) - client-B24658765329->f7ede272-a28a-44e0-9552-15581fc2de04: receive RaftClientReply:client-B24658765329->f7ede272-a28a-44e0-9552-15581fc2de04@group-869F42A7192E, cid=153, FAILED org.apache.ratis.protocol.NotLeaderException: Server f7ede272-a28a-44e0-9552-15581fc2de04@group-869F42A7192E is not the leader 5e893e0a-56f7-4618-9f46-a6ff48173cb6:192.168.5.153:37060, logIndex=0, commits[f7ede272-a28a-44e0-9552-15581fc2de04:c16, 5e893e0a-56f7-4618-9f46-a6ff48173cb6:c16, 84ab4d91-000c-4523-9c5f-2c204b5f6601:c12]
2019-09-17 12:49:55,153 [java.util.concurrent.ThreadPoolExecutor$Worker@70b491f[State = -1, empty queue]] WARN  server.GrpcLogAppender (GrpcLogAppender.java:timeoutAppendRequest(200)) - 5e893e0a-56f7-4618-9f46-a6ff48173cb6@group-869F42A7192E->84ab4d91-000c-4523-9c5f-2c204b5f6601-GrpcLogAppender: appendEntries Timeout, request=5e893e0a-56f7-4618-9f46-a6ff48173cb6->84ab4d91-000c-4523-9c5f-2c204b5f6601#40-t1, previous=(t:1, i:20), leaderCommit=16, initializing? false, entries: <empty>
2019-09-17 12:49:55,153 [java.util.concurrent.ThreadPoolExecutor$Worker@baf429f[State = -1, empty queue]] WARN  server.GrpcLogAppender (GrpcLogAppender.java:timeoutAppendRequest(200)) - 5e893e0a-56f7-4618-9f46-a6ff48173cb6@group-869F42A7192E->f7ede272-a28a-44e0-9552-15581fc2de04-GrpcLogAppender: appendEntries Timeout, request=5e893e0a-56f7-4618-9f46-a6ff48173cb6->f7ede272-a28a-44e0-9552-15581fc2de04#40-t1, previous=(t:1, i:20), leaderCommit=16, initializing? false, entries: <empty>
 0.00% |█                                                                                                    |  0/1 Time: 0:06:59 0.00% |█                                                                                                    |  0/1 Time: 0:07:002019-09-17 12:49:56,444 [grpc-default-executor-6] INFO  impl.RaftServerProxy (RaftServerProxy.java:remove(95)) - 5e893e0a-56f7-4618-9f46-a6ff48173cb6: remove group-1F9831CC3440:null
2019-09-17 12:49:56,447 [RatisPipelineUtilsThread] WARN  pipeline.RatisPipelineUtils (RatisPipelineUtils.java:destroyPipeline(66)) - Pipeline destroy failed for pipeline=PipelineID=e5966ae0-5fcf-4a62-bb3f-1f9831cc3440 dn=5e893e0a-56f7-4618-9f46-a6ff48173cb6{ip: 192.168.5.153, host: pr-hdds-2137-trunk-mnh2s-3748177197, networkLocation: /default-rack, certSerialId: null}
2019-09-17 12:49:56,450 [grpc-default-executor-6] INFO  impl.RaftServerProxy (RaftServerProxy.java:remove(95)) - 84ab4d91-000c-4523-9c5f-2c204b5f6601: remove group-1F9831CC3440:null
2019-09-17 12:49:56,452 [RatisPipelineUtilsThread] WARN  pipeline.RatisPipelineUtils (RatisPipelineUtils.java:destroyPipeline(66)) - Pipeline destroy failed for pipeline=PipelineID=e5966ae0-5fcf-4a62-bb3f-1f9831cc3440 dn=84ab4d91-000c-4523-9c5f-2c204b5f6601{ip: 192.168.5.153, host: pr-hdds-2137-trunk-mnh2s-3748177197, networkLocation: /default-rack, certSerialId: null}
2019-09-17 12:49:56,455 [grpc-default-executor-6] INFO  impl.RaftServerProxy (RaftServerProxy.java:remove(95)) - f7ede272-a28a-44e0-9552-15581fc2de04: remove group-1F9831CC3440:null
2019-09-17 12:49:56,457 [RatisPipelineUtilsThread] WARN  pipeline.RatisPipelineUtils (RatisPipelineUtils.java:destroyPipeline(66)) - Pipeline destroy failed for pipeline=PipelineID=e5966ae0-5fcf-4a62-bb3f-1f9831cc3440 dn=f7ede272-a28a-44e0-9552-15581fc2de04{ip: 192.168.5.153, host: pr-hdds-2137-trunk-mnh2s-3748177197, networkLocation: /default-rack, certSerialId: null}
2019-09-17 12:49:56,458 [RatisPipelineUtilsThread] ERROR pipeline.SCMPipelineManager (Scheduler.java:lambda$schedule$1(70)) - Destroy pipeline failed for pipeline:Pipeline[ Id: e5966ae0-5fcf-4a62-bb3f-1f9831cc3440, Nodes: 5e893e0a-56f7-4618-9f46-a6ff48173cb6{ip: 192.168.5.153, host: pr-hdds-2137-trunk-mnh2s-3748177197, networkLocation: /default-rack, certSerialId: null}84ab4d91-000c-4523-9c5f-2c204b5f6601{ip: 192.168.5.153, host: pr-hdds-2137-trunk-mnh2s-3748177197, networkLocation: /default-rack, certSerialId: null}f7ede272-a28a-44e0-9552-15581fc2de04{ip: 192.168.5.153, host: pr-hdds-2137-trunk-mnh2s-3748177197, networkLocation: /default-rack, certSerialId: null}, Type:RATIS, Factor:THREE, State:CLOSED]
org.apache.hadoop.hdds.scm.pipeline.PipelineNotFoundException: PipelineID=e5966ae0-5fcf-4a62-bb3f-1f9831cc3440 not found
	at org.apache.hadoop.hdds.scm.pipeline.PipelineStateMap.getPipeline(PipelineStateMap.java:132)
	at org.apache.hadoop.hdds.scm.pipeline.PipelineStateMap.removePipeline(PipelineStateMap.java:322)
	at org.apache.hadoop.hdds.scm.pipeline.PipelineStateManager.removePipeline(PipelineStateManager.java:107)
	at org.apache.hadoop.hdds.scm.pipeline.SCMPipelineManager.removePipeline(SCMPipelineManager.java:423)
	at org.apache.hadoop.hdds.scm.pipeline.SCMPipelineManager.destroyPipeline(SCMPipelineManager.java:409)
	at org.apache.hadoop.hdds.scm.pipeline.SCMPipelineManager.lambda$finalizeAndDestroyPipeline$0(SCMPipelineManager.java:318)
	at org.apache.hadoop.utils.Scheduler.lambda$schedule$1(Scheduler.java:68)
	at java.util.concurrent.Executors$RunnableAdapter.call(Executors.java:511)
	at java.util.concurrent.FutureTask.run(FutureTask.java:266)
	at java.util.concurrent.ScheduledThreadPoolExecutor$ScheduledFutureTask.access$201(ScheduledThreadPoolExecutor.java:180)
	at java.util.concurrent.ScheduledThreadPoolExecutor$ScheduledFutureTask.run(ScheduledThreadPoolExecutor.java:293)
	at java.util.concurrent.ThreadPoolExecutor.runWorker(ThreadPoolExecutor.java:1149)
	at java.util.concurrent.ThreadPoolExecutor$Worker.run(ThreadPoolExecutor.java:624)
	at java.lang.Thread.run(Thread.java:748)
 0.00% |█                                                                                                    |  0/1 Time: 0:07:012019-09-17 12:49:57,653 [java.util.concurrent.ThreadPoolExecutor$Worker@70b491f[State = -1, empty queue]] WARN  server.GrpcLogAppender (GrpcLogAppender.java:timeoutAppendRequest(200)) - 5e893e0a-56f7-4618-9f46-a6ff48173cb6@group-869F42A7192E->84ab4d91-000c-4523-9c5f-2c204b5f6601-GrpcLogAppender: appendEntries Timeout, request=5e893e0a-56f7-4618-9f46-a6ff48173cb6->84ab4d91-000c-4523-9c5f-2c204b5f6601#41-t1, previous=(t:1, i:20), leaderCommit=16, initializing? false, entries: <empty>
2019-09-17 12:49:57,653 [java.util.concurrent.ThreadPoolExecutor$Worker@baf429f[State = -1, empty queue]] WARN  server.GrpcLogAppender (GrpcLogAppender.java:timeoutAppendRequest(200)) - 5e893e0a-56f7-4618-9f46-a6ff48173cb6@group-869F42A7192E->f7ede272-a28a-44e0-9552-15581fc2de04-GrpcLogAppender: appendEntries Timeout, request=5e893e0a-56f7-4618-9f46-a6ff48173cb6->f7ede272-a28a-44e0-9552-15581fc2de04#41-t1, previous=(t:1, i:20), leaderCommit=16, initializing? false, entries: <empty>
 0.00% |█                                                                                                    |  0/1 Time: 0:07:022019-09-17 12:49:58,447 [grpc-default-executor-6] INFO  impl.RaftServerProxy (RaftServerProxy.java:remove(95)) - 5e893e0a-56f7-4618-9f46-a6ff48173cb6: remove group-1F9831CC3440:null
2019-09-17 12:49:58,451 [RatisPipelineUtilsThread] WARN  pipeline.RatisPipelineUtils (RatisPipelineUtils.java:destroyPipeline(66)) - Pipeline destroy failed for pipeline=PipelineID=e5966ae0-5fcf-4a62-bb3f-1f9831cc3440 dn=5e893e0a-56f7-4618-9f46-a6ff48173cb6{ip: 192.168.5.153, host: pr-hdds-2137-trunk-mnh2s-3748177197, networkLocation: /default-rack, certSerialId: null}
2019-09-17 12:49:58,454 [grpc-default-executor-6] INFO  impl.RaftServerProxy (RaftServerProxy.java:remove(95)) - 84ab4d91-000c-4523-9c5f-2c204b5f6601: remove group-1F9831CC3440:null
2019-09-17 12:49:58,456 [RatisPipelineUtilsThread] WARN  pipeline.RatisPipelineUtils (RatisPipelineUtils.java:destroyPipeline(66)) - Pipeline destroy failed for pipeline=PipelineID=e5966ae0-5fcf-4a62-bb3f-1f9831cc3440 dn=84ab4d91-000c-4523-9c5f-2c204b5f6601{ip: 192.168.5.153, host: pr-hdds-2137-trunk-mnh2s-3748177197, networkLocation: /default-rack, certSerialId: null}
2019-09-17 12:49:58,459 [grpc-default-executor-6] INFO  impl.RaftServerProxy (RaftServerProxy.java:remove(95)) - f7ede272-a28a-44e0-9552-15581fc2de04: remove group-1F9831CC3440:null
2019-09-17 12:49:58,462 [RatisPipelineUtilsThread] WARN  pipeline.RatisPipelineUtils (RatisPipelineUtils.java:destroyPipeline(66)) - Pipeline destroy failed for pipeline=PipelineID=e5966ae0-5fcf-4a62-bb3f-1f9831cc3440 dn=f7ede272-a28a-44e0-9552-15581fc2de04{ip: 192.168.5.153, host: pr-hdds-2137-trunk-mnh2s-3748177197, networkLocation: /default-rack, certSerialId: null}
2019-09-17 12:49:58,462 [RatisPipelineUtilsThread] ERROR pipeline.SCMPipelineManager (Scheduler.java:lambda$schedule$1(70)) - Destroy pipeline failed for pipeline:Pipeline[ Id: e5966ae0-5fcf-4a62-bb3f-1f9831cc3440, Nodes: 5e893e0a-56f7-4618-9f46-a6ff48173cb6{ip: 192.168.5.153, host: pr-hdds-2137-trunk-mnh2s-3748177197, networkLocation: /default-rack, certSerialId: null}84ab4d91-000c-4523-9c5f-2c204b5f6601{ip: 192.168.5.153, host: pr-hdds-2137-trunk-mnh2s-3748177197, networkLocation: /default-rack, certSerialId: null}f7ede272-a28a-44e0-9552-15581fc2de04{ip: 192.168.5.153, host: pr-hdds-2137-trunk-mnh2s-3748177197, networkLocation: /default-rack, certSerialId: null}, Type:RATIS, Factor:THREE, State:CLOSED]
org.apache.hadoop.hdds.scm.pipeline.PipelineNotFoundException: PipelineID=e5966ae0-5fcf-4a62-bb3f-1f9831cc3440 not found
	at org.apache.hadoop.hdds.scm.pipeline.PipelineStateMap.getPipeline(PipelineStateMap.java:132)
	at org.apache.hadoop.hdds.scm.pipeline.PipelineStateMap.removePipeline(PipelineStateMap.java:322)
	at org.apache.hadoop.hdds.scm.pipeline.PipelineStateManager.removePipeline(PipelineStateManager.java:107)
	at org.apache.hadoop.hdds.scm.pipeline.SCMPipelineManager.removePipeline(SCMPipelineManager.java:423)
	at org.apache.hadoop.hdds.scm.pipeline.SCMPipelineManager.destroyPipeline(SCMPipelineManager.java:409)
	at org.apache.hadoop.hdds.scm.pipeline.SCMPipelineManager.lambda$finalizeAndDestroyPipeline$0(SCMPipelineManager.java:318)
	at org.apache.hadoop.utils.Scheduler.lambda$schedule$1(Scheduler.java:68)
	at java.util.concurrent.Executors$RunnableAdapter.call(Executors.java:511)
	at java.util.concurrent.FutureTask.run(FutureTask.java:266)
	at java.util.concurrent.ScheduledThreadPoolExecutor$ScheduledFutureTask.access$201(ScheduledThreadPoolExecutor.java:180)
	at java.util.concurrent.ScheduledThreadPoolExecutor$ScheduledFutureTask.run(ScheduledThreadPoolExecutor.java:293)
	at java.util.concurrent.ThreadPoolExecutor.runWorker(ThreadPoolExecutor.java:1149)
	at java.util.concurrent.ThreadPoolExecutor$Worker.run(ThreadPoolExecutor.java:624)
	at java.lang.Thread.run(Thread.java:748)
 0.00% |█                                                                                                    |  0/1 Time: 0:07:032019-09-17 12:49:59,814 [grpc-default-executor-4] INFO  client.GrpcClientProtocolClient (GrpcClientProtocolClient.java:onNext(264)) - client-B24658765329->f7ede272-a28a-44e0-9552-15581fc2de04: receive RaftClientReply:client-B24658765329->f7ede272-a28a-44e0-9552-15581fc2de04@group-869F42A7192E, cid=153, FAILED org.apache.ratis.protocol.NotLeaderException: Server f7ede272-a28a-44e0-9552-15581fc2de04@group-869F42A7192E is not the leader 5e893e0a-56f7-4618-9f46-a6ff48173cb6:192.168.5.153:37060, logIndex=0, commits[f7ede272-a28a-44e0-9552-15581fc2de04:c16, 5e893e0a-56f7-4618-9f46-a6ff48173cb6:c16, 84ab4d91-000c-4523-9c5f-2c204b5f6601:c12]
2019-09-17 12:50:00,154 [java.util.concurrent.ThreadPoolExecutor$Worker@baf429f[State = -1, empty queue]] WARN  server.GrpcLogAppender (GrpcLogAppender.java:timeoutAppendRequest(200)) - 5e893e0a-56f7-4618-9f46-a6ff48173cb6@group-869F42A7192E->f7ede272-a28a-44e0-9552-15581fc2de04-GrpcLogAppender: appendEntries Timeout, request=5e893e0a-56f7-4618-9f46-a6ff48173cb6->f7ede272-a28a-44e0-9552-15581fc2de04#42-t1, previous=(t:1, i:20), leaderCommit=16, initializing? false, entries: <empty>
2019-09-17 12:50:00,154 [java.util.concurrent.ThreadPoolExecutor$Worker@70b491f[State = -1, empty queue]] WARN  server.GrpcLogAppender (GrpcLogAppender.java:timeoutAppendRequest(200)) - 5e893e0a-56f7-4618-9f46-a6ff48173cb6@group-869F42A7192E->84ab4d91-000c-4523-9c5f-2c204b5f6601-GrpcLogAppender: appendEntries Timeout, request=5e893e0a-56f7-4618-9f46-a6ff48173cb6->84ab4d91-000c-4523-9c5f-2c204b5f6601#42-t1, previous=(t:1, i:20), leaderCommit=16, initializing? false, entries: <empty>
 0.00% |█                                                                                                    |  0/1 Time: 0:07:04 0.00% |█                                                                                                    |  0/1 Time: 0:07:052019-09-17 12:50:01,446 [grpc-default-executor-5] INFO  impl.RaftServerProxy (RaftServerProxy.java:remove(95)) - 5e893e0a-56f7-4618-9f46-a6ff48173cb6: remove group-1F9831CC3440:null
2019-09-17 12:50:01,450 [RatisPipelineUtilsThread] WARN  pipeline.RatisPipelineUtils (RatisPipelineUtils.java:destroyPipeline(66)) - Pipeline destroy failed for pipeline=PipelineID=e5966ae0-5fcf-4a62-bb3f-1f9831cc3440 dn=5e893e0a-56f7-4618-9f46-a6ff48173cb6{ip: 192.168.5.153, host: pr-hdds-2137-trunk-mnh2s-3748177197, networkLocation: /default-rack, certSerialId: null}
2019-09-17 12:50:01,452 [grpc-default-executor-5] INFO  impl.RaftServerProxy (RaftServerProxy.java:remove(95)) - 84ab4d91-000c-4523-9c5f-2c204b5f6601: remove group-1F9831CC3440:null
2019-09-17 12:50:01,454 [RatisPipelineUtilsThread] WARN  pipeline.RatisPipelineUtils (RatisPipelineUtils.java:destroyPipeline(66)) - Pipeline destroy failed for pipeline=PipelineID=e5966ae0-5fcf-4a62-bb3f-1f9831cc3440 dn=84ab4d91-000c-4523-9c5f-2c204b5f6601{ip: 192.168.5.153, host: pr-hdds-2137-trunk-mnh2s-3748177197, networkLocation: /default-rack, certSerialId: null}
2019-09-17 12:50:01,456 [grpc-default-executor-5] INFO  impl.RaftServerProxy (RaftServerProxy.java:remove(95)) - f7ede272-a28a-44e0-9552-15581fc2de04: remove group-1F9831CC3440:null
2019-09-17 12:50:01,458 [RatisPipelineUtilsThread] WARN  pipeline.RatisPipelineUtils (RatisPipelineUtils.java:destroyPipeline(66)) - Pipeline destroy failed for pipeline=PipelineID=e5966ae0-5fcf-4a62-bb3f-1f9831cc3440 dn=f7ede272-a28a-44e0-9552-15581fc2de04{ip: 192.168.5.153, host: pr-hdds-2137-trunk-mnh2s-3748177197, networkLocation: /default-rack, certSerialId: null}
2019-09-17 12:50:01,458 [RatisPipelineUtilsThread] ERROR pipeline.SCMPipelineManager (Scheduler.java:lambda$schedule$1(70)) - Destroy pipeline failed for pipeline:Pipeline[ Id: e5966ae0-5fcf-4a62-bb3f-1f9831cc3440, Nodes: 5e893e0a-56f7-4618-9f46-a6ff48173cb6{ip: 192.168.5.153, host: pr-hdds-2137-trunk-mnh2s-3748177197, networkLocation: /default-rack, certSerialId: null}84ab4d91-000c-4523-9c5f-2c204b5f6601{ip: 192.168.5.153, host: pr-hdds-2137-trunk-mnh2s-3748177197, networkLocation: /default-rack, certSerialId: null}f7ede272-a28a-44e0-9552-15581fc2de04{ip: 192.168.5.153, host: pr-hdds-2137-trunk-mnh2s-3748177197, networkLocation: /default-rack, certSerialId: null}, Type:RATIS, Factor:THREE, State:CLOSED]
org.apache.hadoop.hdds.scm.pipeline.PipelineNotFoundException: PipelineID=e5966ae0-5fcf-4a62-bb3f-1f9831cc3440 not found
	at org.apache.hadoop.hdds.scm.pipeline.PipelineStateMap.getPipeline(PipelineStateMap.java:132)
	at org.apache.hadoop.hdds.scm.pipeline.PipelineStateMap.removePipeline(PipelineStateMap.java:322)
	at org.apache.hadoop.hdds.scm.pipeline.PipelineStateManager.removePipeline(PipelineStateManager.java:107)
	at org.apache.hadoop.hdds.scm.pipeline.SCMPipelineManager.removePipeline(SCMPipelineManager.java:423)
	at org.apache.hadoop.hdds.scm.pipeline.SCMPipelineManager.destroyPipeline(SCMPipelineManager.java:409)
	at org.apache.hadoop.hdds.scm.pipeline.SCMPipelineManager.lambda$finalizeAndDestroyPipeline$0(SCMPipelineManager.java:318)
	at org.apache.hadoop.utils.Scheduler.lambda$schedule$1(Scheduler.java:68)
	at java.util.concurrent.Executors$RunnableAdapter.call(Executors.java:511)
	at java.util.concurrent.FutureTask.run(FutureTask.java:266)
	at java.util.concurrent.ScheduledThreadPoolExecutor$ScheduledFutureTask.access$201(ScheduledThreadPoolExecutor.java:180)
	at java.util.concurrent.ScheduledThreadPoolExecutor$ScheduledFutureTask.run(ScheduledThreadPoolExecutor.java:293)
	at java.util.concurrent.ThreadPoolExecutor.runWorker(ThreadPoolExecutor.java:1149)
	at java.util.concurrent.ThreadPoolExecutor$Worker.run(ThreadPoolExecutor.java:624)
	at java.lang.Thread.run(Thread.java:748)
 0.00% |█                                                                                                    |  0/1 Time: 0:07:062019-09-17 12:50:02,655 [java.util.concurrent.ThreadPoolExecutor$Worker@70b491f[State = -1, empty queue]] WARN  server.GrpcLogAppender (GrpcLogAppender.java:timeoutAppendRequest(200)) - 5e893e0a-56f7-4618-9f46-a6ff48173cb6@group-869F42A7192E->84ab4d91-000c-4523-9c5f-2c204b5f6601-GrpcLogAppender: appendEntries Timeout, request=5e893e0a-56f7-4618-9f46-a6ff48173cb6->84ab4d91-000c-4523-9c5f-2c204b5f6601#43-t1, previous=(t:1, i:20), leaderCommit=16, initializing? false, entries: <empty>
2019-09-17 12:50:02,655 [java.util.concurrent.ThreadPoolExecutor$Worker@baf429f[State = -1, empty queue]] WARN  server.GrpcLogAppender (GrpcLogAppender.java:timeoutAppendRequest(200)) - 5e893e0a-56f7-4618-9f46-a6ff48173cb6@group-869F42A7192E->f7ede272-a28a-44e0-9552-15581fc2de04-GrpcLogAppender: appendEntries Timeout, request=5e893e0a-56f7-4618-9f46-a6ff48173cb6->f7ede272-a28a-44e0-9552-15581fc2de04#43-t1, previous=(t:1, i:20), leaderCommit=16, initializing? false, entries: <empty>
 0.00% |█                                                                                                    |  0/1 Time: 0:07:072019-09-17 12:50:03,451 [grpc-default-executor-4] INFO  impl.RaftServerProxy (RaftServerProxy.java:remove(95)) - 5e893e0a-56f7-4618-9f46-a6ff48173cb6: remove group-1F9831CC3440:null
2019-09-17 12:50:03,456 [RatisPipelineUtilsThread] WARN  pipeline.RatisPipelineUtils (RatisPipelineUtils.java:destroyPipeline(66)) - Pipeline destroy failed for pipeline=PipelineID=e5966ae0-5fcf-4a62-bb3f-1f9831cc3440 dn=5e893e0a-56f7-4618-9f46-a6ff48173cb6{ip: 192.168.5.153, host: pr-hdds-2137-trunk-mnh2s-3748177197, networkLocation: /default-rack, certSerialId: null}
2019-09-17 12:50:03,459 [grpc-default-executor-4] INFO  impl.RaftServerProxy (RaftServerProxy.java:remove(95)) - 84ab4d91-000c-4523-9c5f-2c204b5f6601: remove group-1F9831CC3440:null
2019-09-17 12:50:03,461 [RatisPipelineUtilsThread] WARN  pipeline.RatisPipelineUtils (RatisPipelineUtils.java:destroyPipeline(66)) - Pipeline destroy failed for pipeline=PipelineID=e5966ae0-5fcf-4a62-bb3f-1f9831cc3440 dn=84ab4d91-000c-4523-9c5f-2c204b5f6601{ip: 192.168.5.153, host: pr-hdds-2137-trunk-mnh2s-3748177197, networkLocation: /default-rack, certSerialId: null}
2019-09-17 12:50:03,466 [grpc-default-executor-4] INFO  impl.RaftServerProxy (RaftServerProxy.java:remove(95)) - f7ede272-a28a-44e0-9552-15581fc2de04: remove group-1F9831CC3440:null
2019-09-17 12:50:03,468 [RatisPipelineUtilsThread] WARN  pipeline.RatisPipelineUtils (RatisPipelineUtils.java:destroyPipeline(66)) - Pipeline destroy failed for pipeline=PipelineID=e5966ae0-5fcf-4a62-bb3f-1f9831cc3440 dn=f7ede272-a28a-44e0-9552-15581fc2de04{ip: 192.168.5.153, host: pr-hdds-2137-trunk-mnh2s-3748177197, networkLocation: /default-rack, certSerialId: null}
2019-09-17 12:50:03,469 [RatisPipelineUtilsThread] ERROR pipeline.SCMPipelineManager (Scheduler.java:lambda$schedule$1(70)) - Destroy pipeline failed for pipeline:Pipeline[ Id: e5966ae0-5fcf-4a62-bb3f-1f9831cc3440, Nodes: 5e893e0a-56f7-4618-9f46-a6ff48173cb6{ip: 192.168.5.153, host: pr-hdds-2137-trunk-mnh2s-3748177197, networkLocation: /default-rack, certSerialId: null}84ab4d91-000c-4523-9c5f-2c204b5f6601{ip: 192.168.5.153, host: pr-hdds-2137-trunk-mnh2s-3748177197, networkLocation: /default-rack, certSerialId: null}f7ede272-a28a-44e0-9552-15581fc2de04{ip: 192.168.5.153, host: pr-hdds-2137-trunk-mnh2s-3748177197, networkLocation: /default-rack, certSerialId: null}, Type:RATIS, Factor:THREE, State:CLOSED]
org.apache.hadoop.hdds.scm.pipeline.PipelineNotFoundException: PipelineID=e5966ae0-5fcf-4a62-bb3f-1f9831cc3440 not found
	at org.apache.hadoop.hdds.scm.pipeline.PipelineStateMap.getPipeline(PipelineStateMap.java:132)
	at org.apache.hadoop.hdds.scm.pipeline.PipelineStateMap.removePipeline(PipelineStateMap.java:322)
	at org.apache.hadoop.hdds.scm.pipeline.PipelineStateManager.removePipeline(PipelineStateManager.java:107)
	at org.apache.hadoop.hdds.scm.pipeline.SCMPipelineManager.removePipeline(SCMPipelineManager.java:423)
	at org.apache.hadoop.hdds.scm.pipeline.SCMPipelineManager.destroyPipeline(SCMPipelineManager.java:409)
	at org.apache.hadoop.hdds.scm.pipeline.SCMPipelineManager.lambda$finalizeAndDestroyPipeline$0(SCMPipelineManager.java:318)
	at org.apache.hadoop.utils.Scheduler.lambda$schedule$1(Scheduler.java:68)
	at java.util.concurrent.Executors$RunnableAdapter.call(Executors.java:511)
	at java.util.concurrent.FutureTask.run(FutureTask.java:266)
	at java.util.concurrent.ScheduledThreadPoolExecutor$ScheduledFutureTask.access$201(ScheduledThreadPoolExecutor.java:180)
	at java.util.concurrent.ScheduledThreadPoolExecutor$ScheduledFutureTask.run(ScheduledThreadPoolExecutor.java:293)
	at java.util.concurrent.ThreadPoolExecutor.runWorker(ThreadPoolExecutor.java:1149)
	at java.util.concurrent.ThreadPoolExecutor$Worker.run(ThreadPoolExecutor.java:624)
	at java.lang.Thread.run(Thread.java:748)
 0.00% |█                                                                                                    |  0/1 Time: 0:07:082019-09-17 12:50:04,644 [5e893e0a-56f7-4618-9f46-a6ff48173cb6@group-869F42A7192E-SegmentedRaftLogWorker] WARN  segmented.SegmentedRaftLogWorker (SegmentedRaftLogWorker.java:getFromFuture(90)) - Timeout 2/~
org.apache.ratis.protocol.TimeoutIOException: Timeout 10s: WriteLog:17: (t:1, i:17), STATEMACHINELOGENTRY, client-B24658765329, cid=153-writeStateMachineData
	at org.apache.ratis.util.IOUtils.getFromFuture(IOUtils.java:87)
	at org.apache.ratis.server.raftlog.segmented.SegmentedRaftLogWorker$StateMachineDataPolicy.getFromFuture(SegmentedRaftLogWorker.java:87)
	at org.apache.ratis.server.raftlog.segmented.SegmentedRaftLogWorker$WriteLog.execute(SegmentedRaftLogWorker.java:477)
	at org.apache.ratis.server.raftlog.segmented.SegmentedRaftLogWorker.run(SegmentedRaftLogWorker.java:289)
	at java.lang.Thread.run(Thread.java:748)
Caused by: java.util.concurrent.TimeoutException
	at java.util.concurrent.CompletableFuture.timedGet(CompletableFuture.java:1771)
	at java.util.concurrent.CompletableFuture.get(CompletableFuture.java:1915)
	at org.apache.ratis.util.IOUtils.getFromFuture(IOUtils.java:79)
	... 4 more
2019-09-17 12:50:04,646 [f7ede272-a28a-44e0-9552-15581fc2de04@group-869F42A7192E-SegmentedRaftLogWorker] WARN  segmented.SegmentedRaftLogWorker (SegmentedRaftLogWorker.java:getFromFuture(90)) - Timeout 2/~
org.apache.ratis.protocol.TimeoutIOException: Timeout 10s: WriteLog:17: (t:1, i:17), STATEMACHINELOGENTRY, client-B24658765329, cid=153-writeStateMachineData
	at org.apache.ratis.util.IOUtils.getFromFuture(IOUtils.java:87)
	at org.apache.ratis.server.raftlog.segmented.SegmentedRaftLogWorker$StateMachineDataPolicy.getFromFuture(SegmentedRaftLogWorker.java:87)
	at org.apache.ratis.server.raftlog.segmented.SegmentedRaftLogWorker$WriteLog.execute(SegmentedRaftLogWorker.java:477)
	at org.apache.ratis.server.raftlog.segmented.SegmentedRaftLogWorker.run(SegmentedRaftLogWorker.java:289)
	at java.lang.Thread.run(Thread.java:748)
Caused by: java.util.concurrent.TimeoutException
	at java.util.concurrent.CompletableFuture.timedGet(CompletableFuture.java:1771)
	at java.util.concurrent.CompletableFuture.get(CompletableFuture.java:1915)
	at org.apache.ratis.util.IOUtils.getFromFuture(IOUtils.java:79)
	... 4 more
2019-09-17 12:50:04,658 [84ab4d91-000c-4523-9c5f-2c204b5f6601@group-869F42A7192E-SegmentedRaftLogWorker] WARN  segmented.SegmentedRaftLogWorker (SegmentedRaftLogWorker.java:getFromFuture(90)) - Timeout 2/~
org.apache.ratis.protocol.TimeoutIOException: Timeout 10s: WriteLog:17: (t:1, i:17), STATEMACHINELOGENTRY, client-B24658765329, cid=153-writeStateMachineData
	at org.apache.ratis.util.IOUtils.getFromFuture(IOUtils.java:87)
	at org.apache.ratis.server.raftlog.segmented.SegmentedRaftLogWorker$StateMachineDataPolicy.getFromFuture(SegmentedRaftLogWorker.java:87)
	at org.apache.ratis.server.raftlog.segmented.SegmentedRaftLogWorker$WriteLog.execute(SegmentedRaftLogWorker.java:477)
	at org.apache.ratis.server.raftlog.segmented.SegmentedRaftLogWorker.run(SegmentedRaftLogWorker.java:289)
	at java.lang.Thread.run(Thread.java:748)
Caused by: java.util.concurrent.TimeoutException
	at java.util.concurrent.CompletableFuture.timedGet(CompletableFuture.java:1771)
	at java.util.concurrent.CompletableFuture.get(CompletableFuture.java:1915)
	at org.apache.ratis.util.IOUtils.getFromFuture(IOUtils.java:79)
	... 4 more
2019-09-17 12:50:04,855 [grpc-default-executor-6] INFO  client.GrpcClientProtocolClient (GrpcClientProtocolClient.java:onNext(264)) - client-B24658765329->84ab4d91-000c-4523-9c5f-2c204b5f6601: receive RaftClientReply:client-B24658765329->84ab4d91-000c-4523-9c5f-2c204b5f6601@group-869F42A7192E, cid=153, FAILED org.apache.ratis.protocol.NotLeaderException: Server 84ab4d91-000c-4523-9c5f-2c204b5f6601@group-869F42A7192E is not the leader 5e893e0a-56f7-4618-9f46-a6ff48173cb6:192.168.5.153:37060, logIndex=0, commits[84ab4d91-000c-4523-9c5f-2c204b5f6601:c16, 5e893e0a-56f7-4618-9f46-a6ff48173cb6:c16, f7ede272-a28a-44e0-9552-15581fc2de04:c12]
2019-09-17 12:50:05,157 [java.util.concurrent.ThreadPoolExecutor$Worker@baf429f[State = -1, empty queue]] WARN  server.GrpcLogAppender (GrpcLogAppender.java:timeoutAppendRequest(200)) - 5e893e0a-56f7-4618-9f46-a6ff48173cb6@group-869F42A7192E->f7ede272-a28a-44e0-9552-15581fc2de04-GrpcLogAppender: appendEntries Timeout, request=5e893e0a-56f7-4618-9f46-a6ff48173cb6->f7ede272-a28a-44e0-9552-15581fc2de04#44-t1, previous=(t:1, i:20), leaderCommit=16, initializing? false, entries: <empty>
2019-09-17 12:50:05,157 [java.util.concurrent.ThreadPoolExecutor$Worker@70b491f[State = -1, empty queue]] WARN  server.GrpcLogAppender (GrpcLogAppender.java:timeoutAppendRequest(200)) - 5e893e0a-56f7-4618-9f46-a6ff48173cb6@group-869F42A7192E->84ab4d91-000c-4523-9c5f-2c204b5f6601-GrpcLogAppender: appendEntries Timeout, request=5e893e0a-56f7-4618-9f46-a6ff48173cb6->84ab4d91-000c-4523-9c5f-2c204b5f6601#44-t1, previous=(t:1, i:20), leaderCommit=16, initializing? false, entries: <empty>
 0.00% |█                                                                                                    |  0/1 Time: 0:07:09 0.00% |█                                                                                                    |  0/1 Time: 0:07:102019-09-17 12:50:06,447 [grpc-default-executor-6] INFO  impl.RaftServerProxy (RaftServerProxy.java:remove(95)) - 5e893e0a-56f7-4618-9f46-a6ff48173cb6: remove group-1F9831CC3440:null
2019-09-17 12:50:06,452 [RatisPipelineUtilsThread] WARN  pipeline.RatisPipelineUtils (RatisPipelineUtils.java:destroyPipeline(66)) - Pipeline destroy failed for pipeline=PipelineID=e5966ae0-5fcf-4a62-bb3f-1f9831cc3440 dn=5e893e0a-56f7-4618-9f46-a6ff48173cb6{ip: 192.168.5.153, host: pr-hdds-2137-trunk-mnh2s-3748177197, networkLocation: /default-rack, certSerialId: null}
2019-09-17 12:50:06,454 [grpc-default-executor-6] INFO  impl.RaftServerProxy (RaftServerProxy.java:remove(95)) - 84ab4d91-000c-4523-9c5f-2c204b5f6601: remove group-1F9831CC3440:null
2019-09-17 12:50:06,456 [RatisPipelineUtilsThread] WARN  pipeline.RatisPipelineUtils (RatisPipelineUtils.java:destroyPipeline(66)) - Pipeline destroy failed for pipeline=PipelineID=e5966ae0-5fcf-4a62-bb3f-1f9831cc3440 dn=84ab4d91-000c-4523-9c5f-2c204b5f6601{ip: 192.168.5.153, host: pr-hdds-2137-trunk-mnh2s-3748177197, networkLocation: /default-rack, certSerialId: null}
2019-09-17 12:50:06,459 [grpc-default-executor-6] INFO  impl.RaftServerProxy (RaftServerProxy.java:remove(95)) - f7ede272-a28a-44e0-9552-15581fc2de04: remove group-1F9831CC3440:null
2019-09-17 12:50:06,461 [RatisPipelineUtilsThread] WARN  pipeline.RatisPipelineUtils (RatisPipelineUtils.java:destroyPipeline(66)) - Pipeline destroy failed for pipeline=PipelineID=e5966ae0-5fcf-4a62-bb3f-1f9831cc3440 dn=f7ede272-a28a-44e0-9552-15581fc2de04{ip: 192.168.5.153, host: pr-hdds-2137-trunk-mnh2s-3748177197, networkLocation: /default-rack, certSerialId: null}
2019-09-17 12:50:06,462 [RatisPipelineUtilsThread] ERROR pipeline.SCMPipelineManager (Scheduler.java:lambda$schedule$1(70)) - Destroy pipeline failed for pipeline:Pipeline[ Id: e5966ae0-5fcf-4a62-bb3f-1f9831cc3440, Nodes: 5e893e0a-56f7-4618-9f46-a6ff48173cb6{ip: 192.168.5.153, host: pr-hdds-2137-trunk-mnh2s-3748177197, networkLocation: /default-rack, certSerialId: null}84ab4d91-000c-4523-9c5f-2c204b5f6601{ip: 192.168.5.153, host: pr-hdds-2137-trunk-mnh2s-3748177197, networkLocation: /default-rack, certSerialId: null}f7ede272-a28a-44e0-9552-15581fc2de04{ip: 192.168.5.153, host: pr-hdds-2137-trunk-mnh2s-3748177197, networkLocation: /default-rack, certSerialId: null}, Type:RATIS, Factor:THREE, State:CLOSED]
org.apache.hadoop.hdds.scm.pipeline.PipelineNotFoundException: PipelineID=e5966ae0-5fcf-4a62-bb3f-1f9831cc3440 not found
	at org.apache.hadoop.hdds.scm.pipeline.PipelineStateMap.getPipeline(PipelineStateMap.java:132)
	at org.apache.hadoop.hdds.scm.pipeline.PipelineStateMap.removePipeline(PipelineStateMap.java:322)
	at org.apache.hadoop.hdds.scm.pipeline.PipelineStateManager.removePipeline(PipelineStateManager.java:107)
	at org.apache.hadoop.hdds.scm.pipeline.SCMPipelineManager.removePipeline(SCMPipelineManager.java:423)
	at org.apache.hadoop.hdds.scm.pipeline.SCMPipelineManager.destroyPipeline(SCMPipelineManager.java:409)
	at org.apache.hadoop.hdds.scm.pipeline.SCMPipelineManager.lambda$finalizeAndDestroyPipeline$0(SCMPipelineManager.java:318)
	at org.apache.hadoop.utils.Scheduler.lambda$schedule$1(Scheduler.java:68)
	at java.util.concurrent.Executors$RunnableAdapter.call(Executors.java:511)
	at java.util.concurrent.FutureTask.run(FutureTask.java:266)
	at java.util.concurrent.ScheduledThreadPoolExecutor$ScheduledFutureTask.access$201(ScheduledThreadPoolExecutor.java:180)
	at java.util.concurrent.ScheduledThreadPoolExecutor$ScheduledFutureTask.run(ScheduledThreadPoolExecutor.java:293)
	at java.util.concurrent.ThreadPoolExecutor.runWorker(ThreadPoolExecutor.java:1149)
	at java.util.concurrent.ThreadPoolExecutor$Worker.run(ThreadPoolExecutor.java:624)
	at java.lang.Thread.run(Thread.java:748)
 0.00% |█                                                                                                    |  0/1 Time: 0:07:112019-09-17 12:50:07,663 [java.util.concurrent.ThreadPoolExecutor$Worker@70b491f[State = -1, empty queue]] WARN  server.GrpcLogAppender (GrpcLogAppender.java:timeoutAppendRequest(200)) - 5e893e0a-56f7-4618-9f46-a6ff48173cb6@group-869F42A7192E->84ab4d91-000c-4523-9c5f-2c204b5f6601-GrpcLogAppender: appendEntries Timeout, request=5e893e0a-56f7-4618-9f46-a6ff48173cb6->84ab4d91-000c-4523-9c5f-2c204b5f6601#45-t1, previous=(t:1, i:20), leaderCommit=16, initializing? false, entries: <empty>
2019-09-17 12:50:07,663 [java.util.concurrent.ThreadPoolExecutor$Worker@baf429f[State = -1, empty queue]] WARN  server.GrpcLogAppender (GrpcLogAppender.java:timeoutAppendRequest(200)) - 5e893e0a-56f7-4618-9f46-a6ff48173cb6@group-869F42A7192E->f7ede272-a28a-44e0-9552-15581fc2de04-GrpcLogAppender: appendEntries Timeout, request=5e893e0a-56f7-4618-9f46-a6ff48173cb6->f7ede272-a28a-44e0-9552-15581fc2de04#45-t1, previous=(t:1, i:20), leaderCommit=16, initializing? false, entries: <empty>
 0.00% |█                                                                                                    |  0/1 Time: 0:07:122019-09-17 12:50:08,445 [grpc-default-executor-6] INFO  impl.RaftServerProxy (RaftServerProxy.java:remove(95)) - 5e893e0a-56f7-4618-9f46-a6ff48173cb6: remove group-1F9831CC3440:null
2019-09-17 12:50:08,448 [RatisPipelineUtilsThread] WARN  pipeline.RatisPipelineUtils (RatisPipelineUtils.java:destroyPipeline(66)) - Pipeline destroy failed for pipeline=PipelineID=e5966ae0-5fcf-4a62-bb3f-1f9831cc3440 dn=5e893e0a-56f7-4618-9f46-a6ff48173cb6{ip: 192.168.5.153, host: pr-hdds-2137-trunk-mnh2s-3748177197, networkLocation: /default-rack, certSerialId: null}
2019-09-17 12:50:08,451 [grpc-default-executor-6] INFO  impl.RaftServerProxy (RaftServerProxy.java:remove(95)) - 84ab4d91-000c-4523-9c5f-2c204b5f6601: remove group-1F9831CC3440:null
2019-09-17 12:50:08,453 [RatisPipelineUtilsThread] WARN  pipeline.RatisPipelineUtils (RatisPipelineUtils.java:destroyPipeline(66)) - Pipeline destroy failed for pipeline=PipelineID=e5966ae0-5fcf-4a62-bb3f-1f9831cc3440 dn=84ab4d91-000c-4523-9c5f-2c204b5f6601{ip: 192.168.5.153, host: pr-hdds-2137-trunk-mnh2s-3748177197, networkLocation: /default-rack, certSerialId: null}
2019-09-17 12:50:08,456 [grpc-default-executor-6] INFO  impl.RaftServerProxy (RaftServerProxy.java:remove(95)) - f7ede272-a28a-44e0-9552-15581fc2de04: remove group-1F9831CC3440:null
2019-09-17 12:50:08,458 [RatisPipelineUtilsThread] WARN  pipeline.RatisPipelineUtils (RatisPipelineUtils.java:destroyPipeline(66)) - Pipeline destroy failed for pipeline=PipelineID=e5966ae0-5fcf-4a62-bb3f-1f9831cc3440 dn=f7ede272-a28a-44e0-9552-15581fc2de04{ip: 192.168.5.153, host: pr-hdds-2137-trunk-mnh2s-3748177197, networkLocation: /default-rack, certSerialId: null}
2019-09-17 12:50:08,458 [RatisPipelineUtilsThread] ERROR pipeline.SCMPipelineManager (Scheduler.java:lambda$schedule$1(70)) - Destroy pipeline failed for pipeline:Pipeline[ Id: e5966ae0-5fcf-4a62-bb3f-1f9831cc3440, Nodes: 5e893e0a-56f7-4618-9f46-a6ff48173cb6{ip: 192.168.5.153, host: pr-hdds-2137-trunk-mnh2s-3748177197, networkLocation: /default-rack, certSerialId: null}84ab4d91-000c-4523-9c5f-2c204b5f6601{ip: 192.168.5.153, host: pr-hdds-2137-trunk-mnh2s-3748177197, networkLocation: /default-rack, certSerialId: null}f7ede272-a28a-44e0-9552-15581fc2de04{ip: 192.168.5.153, host: pr-hdds-2137-trunk-mnh2s-3748177197, networkLocation: /default-rack, certSerialId: null}, Type:RATIS, Factor:THREE, State:CLOSED]
org.apache.hadoop.hdds.scm.pipeline.PipelineNotFoundException: PipelineID=e5966ae0-5fcf-4a62-bb3f-1f9831cc3440 not found
	at org.apache.hadoop.hdds.scm.pipeline.PipelineStateMap.getPipeline(PipelineStateMap.java:132)
	at org.apache.hadoop.hdds.scm.pipeline.PipelineStateMap.removePipeline(PipelineStateMap.java:322)
	at org.apache.hadoop.hdds.scm.pipeline.PipelineStateManager.removePipeline(PipelineStateManager.java:107)
	at org.apache.hadoop.hdds.scm.pipeline.SCMPipelineManager.removePipeline(SCMPipelineManager.java:423)
	at org.apache.hadoop.hdds.scm.pipeline.SCMPipelineManager.destroyPipeline(SCMPipelineManager.java:409)
	at org.apache.hadoop.hdds.scm.pipeline.SCMPipelineManager.lambda$finalizeAndDestroyPipeline$0(SCMPipelineManager.java:318)
	at org.apache.hadoop.utils.Scheduler.lambda$schedule$1(Scheduler.java:68)
	at java.util.concurrent.Executors$RunnableAdapter.call(Executors.java:511)
	at java.util.concurrent.FutureTask.run(FutureTask.java:266)
	at java.util.concurrent.ScheduledThreadPoolExecutor$ScheduledFutureTask.access$201(ScheduledThreadPoolExecutor.java:180)
	at java.util.concurrent.ScheduledThreadPoolExecutor$ScheduledFutureTask.run(ScheduledThreadPoolExecutor.java:293)
	at java.util.concurrent.ThreadPoolExecutor.runWorker(ThreadPoolExecutor.java:1149)
	at java.util.concurrent.ThreadPoolExecutor$Worker.run(ThreadPoolExecutor.java:624)
	at java.lang.Thread.run(Thread.java:748)
 0.00% |█                                                                                                    |  0/1 Time: 0:07:132019-09-17 12:50:09,900 [grpc-default-executor-5] INFO  client.GrpcClientProtocolClient (GrpcClientProtocolClient.java:onNext(264)) - client-B24658765329->f7ede272-a28a-44e0-9552-15581fc2de04: receive RaftClientReply:client-B24658765329->f7ede272-a28a-44e0-9552-15581fc2de04@group-869F42A7192E, cid=153, FAILED org.apache.ratis.protocol.NotLeaderException: Server f7ede272-a28a-44e0-9552-15581fc2de04@group-869F42A7192E is not the leader 5e893e0a-56f7-4618-9f46-a6ff48173cb6:192.168.5.153:37060, logIndex=0, commits[f7ede272-a28a-44e0-9552-15581fc2de04:c16, 5e893e0a-56f7-4618-9f46-a6ff48173cb6:c16, 84ab4d91-000c-4523-9c5f-2c204b5f6601:c12]
2019-09-17 12:50:10,164 [java.util.concurrent.ThreadPoolExecutor$Worker@70b491f[State = -1, empty queue]] WARN  server.GrpcLogAppender (GrpcLogAppender.java:timeoutAppendRequest(200)) - 5e893e0a-56f7-4618-9f46-a6ff48173cb6@group-869F42A7192E->84ab4d91-000c-4523-9c5f-2c204b5f6601-GrpcLogAppender: appendEntries Timeout, request=5e893e0a-56f7-4618-9f46-a6ff48173cb6->84ab4d91-000c-4523-9c5f-2c204b5f6601#46-t1, previous=(t:1, i:20), leaderCommit=16, initializing? false, entries: <empty>
2019-09-17 12:50:10,164 [java.util.concurrent.ThreadPoolExecutor$Worker@baf429f[State = -1, empty queue]] WARN  server.GrpcLogAppender (GrpcLogAppender.java:timeoutAppendRequest(200)) - 5e893e0a-56f7-4618-9f46-a6ff48173cb6@group-869F42A7192E->f7ede272-a28a-44e0-9552-15581fc2de04-GrpcLogAppender: appendEntries Timeout, request=5e893e0a-56f7-4618-9f46-a6ff48173cb6->f7ede272-a28a-44e0-9552-15581fc2de04#46-t1, previous=(t:1, i:20), leaderCommit=16, initializing? false, entries: <empty>
 0.00% |█                                                                                                    |  0/1 Time: 0:07:14 0.00% |█                                                                                                    |  0/1 Time: 0:07:152019-09-17 12:50:11,449 [grpc-default-executor-4] INFO  impl.RaftServerProxy (RaftServerProxy.java:remove(95)) - 5e893e0a-56f7-4618-9f46-a6ff48173cb6: remove group-1F9831CC3440:null
2019-09-17 12:50:11,454 [RatisPipelineUtilsThread] WARN  pipeline.RatisPipelineUtils (RatisPipelineUtils.java:destroyPipeline(66)) - Pipeline destroy failed for pipeline=PipelineID=e5966ae0-5fcf-4a62-bb3f-1f9831cc3440 dn=5e893e0a-56f7-4618-9f46-a6ff48173cb6{ip: 192.168.5.153, host: pr-hdds-2137-trunk-mnh2s-3748177197, networkLocation: /default-rack, certSerialId: null}
2019-09-17 12:50:11,457 [grpc-default-executor-4] INFO  impl.RaftServerProxy (RaftServerProxy.java:remove(95)) - 84ab4d91-000c-4523-9c5f-2c204b5f6601: remove group-1F9831CC3440:null
2019-09-17 12:50:11,460 [RatisPipelineUtilsThread] WARN  pipeline.RatisPipelineUtils (RatisPipelineUtils.java:destroyPipeline(66)) - Pipeline destroy failed for pipeline=PipelineID=e5966ae0-5fcf-4a62-bb3f-1f9831cc3440 dn=84ab4d91-000c-4523-9c5f-2c204b5f6601{ip: 192.168.5.153, host: pr-hdds-2137-trunk-mnh2s-3748177197, networkLocation: /default-rack, certSerialId: null}
2019-09-17 12:50:11,462 [grpc-default-executor-4] INFO  impl.RaftServerProxy (RaftServerProxy.java:remove(95)) - f7ede272-a28a-44e0-9552-15581fc2de04: remove group-1F9831CC3440:null
2019-09-17 12:50:11,464 [RatisPipelineUtilsThread] WARN  pipeline.RatisPipelineUtils (RatisPipelineUtils.java:destroyPipeline(66)) - Pipeline destroy failed for pipeline=PipelineID=e5966ae0-5fcf-4a62-bb3f-1f9831cc3440 dn=f7ede272-a28a-44e0-9552-15581fc2de04{ip: 192.168.5.153, host: pr-hdds-2137-trunk-mnh2s-3748177197, networkLocation: /default-rack, certSerialId: null}
2019-09-17 12:50:11,465 [RatisPipelineUtilsThread] ERROR pipeline.SCMPipelineManager (Scheduler.java:lambda$schedule$1(70)) - Destroy pipeline failed for pipeline:Pipeline[ Id: e5966ae0-5fcf-4a62-bb3f-1f9831cc3440, Nodes: 5e893e0a-56f7-4618-9f46-a6ff48173cb6{ip: 192.168.5.153, host: pr-hdds-2137-trunk-mnh2s-3748177197, networkLocation: /default-rack, certSerialId: null}84ab4d91-000c-4523-9c5f-2c204b5f6601{ip: 192.168.5.153, host: pr-hdds-2137-trunk-mnh2s-3748177197, networkLocation: /default-rack, certSerialId: null}f7ede272-a28a-44e0-9552-15581fc2de04{ip: 192.168.5.153, host: pr-hdds-2137-trunk-mnh2s-3748177197, networkLocation: /default-rack, certSerialId: null}, Type:RATIS, Factor:THREE, State:CLOSED]
org.apache.hadoop.hdds.scm.pipeline.PipelineNotFoundException: PipelineID=e5966ae0-5fcf-4a62-bb3f-1f9831cc3440 not found
	at org.apache.hadoop.hdds.scm.pipeline.PipelineStateMap.getPipeline(PipelineStateMap.java:132)
	at org.apache.hadoop.hdds.scm.pipeline.PipelineStateMap.removePipeline(PipelineStateMap.java:322)
	at org.apache.hadoop.hdds.scm.pipeline.PipelineStateManager.removePipeline(PipelineStateManager.java:107)
	at org.apache.hadoop.hdds.scm.pipeline.SCMPipelineManager.removePipeline(SCMPipelineManager.java:423)
	at org.apache.hadoop.hdds.scm.pipeline.SCMPipelineManager.destroyPipeline(SCMPipelineManager.java:409)
	at org.apache.hadoop.hdds.scm.pipeline.SCMPipelineManager.lambda$finalizeAndDestroyPipeline$0(SCMPipelineManager.java:318)
	at org.apache.hadoop.utils.Scheduler.lambda$schedule$1(Scheduler.java:68)
	at java.util.concurrent.Executors$RunnableAdapter.call(Executors.java:511)
	at java.util.concurrent.FutureTask.run(FutureTask.java:266)
	at java.util.concurrent.ScheduledThreadPoolExecutor$ScheduledFutureTask.access$201(ScheduledThreadPoolExecutor.java:180)
	at java.util.concurrent.ScheduledThreadPoolExecutor$ScheduledFutureTask.run(ScheduledThreadPoolExecutor.java:293)
	at java.util.concurrent.ThreadPoolExecutor.runWorker(ThreadPoolExecutor.java:1149)
	at java.util.concurrent.ThreadPoolExecutor$Worker.run(ThreadPoolExecutor.java:624)
	at java.lang.Thread.run(Thread.java:748)
 0.00% |█                                                                                                    |  0/1 Time: 0:07:162019-09-17 12:50:12,666 [java.util.concurrent.ThreadPoolExecutor$Worker@baf429f[State = -1, empty queue]] WARN  server.GrpcLogAppender (GrpcLogAppender.java:timeoutAppendRequest(200)) - 5e893e0a-56f7-4618-9f46-a6ff48173cb6@group-869F42A7192E->f7ede272-a28a-44e0-9552-15581fc2de04-GrpcLogAppender: appendEntries Timeout, request=5e893e0a-56f7-4618-9f46-a6ff48173cb6->f7ede272-a28a-44e0-9552-15581fc2de04#47-t1, previous=(t:1, i:20), leaderCommit=16, initializing? false, entries: <empty>
2019-09-17 12:50:12,666 [java.util.concurrent.ThreadPoolExecutor$Worker@70b491f[State = -1, empty queue]] WARN  server.GrpcLogAppender (GrpcLogAppender.java:timeoutAppendRequest(200)) - 5e893e0a-56f7-4618-9f46-a6ff48173cb6@group-869F42A7192E->84ab4d91-000c-4523-9c5f-2c204b5f6601-GrpcLogAppender: appendEntries Timeout, request=5e893e0a-56f7-4618-9f46-a6ff48173cb6->84ab4d91-000c-4523-9c5f-2c204b5f6601#47-t1, previous=(t:1, i:20), leaderCommit=16, initializing? false, entries: <empty>
 0.00% |█                                                                                                    |  0/1 Time: 0:07:172019-09-17 12:50:13,451 [grpc-default-executor-6] INFO  impl.RaftServerProxy (RaftServerProxy.java:remove(95)) - 5e893e0a-56f7-4618-9f46-a6ff48173cb6: remove group-1F9831CC3440:null
2019-09-17 12:50:13,456 [RatisPipelineUtilsThread] WARN  pipeline.RatisPipelineUtils (RatisPipelineUtils.java:destroyPipeline(66)) - Pipeline destroy failed for pipeline=PipelineID=e5966ae0-5fcf-4a62-bb3f-1f9831cc3440 dn=5e893e0a-56f7-4618-9f46-a6ff48173cb6{ip: 192.168.5.153, host: pr-hdds-2137-trunk-mnh2s-3748177197, networkLocation: /default-rack, certSerialId: null}
2019-09-17 12:50:13,459 [grpc-default-executor-6] INFO  impl.RaftServerProxy (RaftServerProxy.java:remove(95)) - 84ab4d91-000c-4523-9c5f-2c204b5f6601: remove group-1F9831CC3440:null
2019-09-17 12:50:13,462 [RatisPipelineUtilsThread] WARN  pipeline.RatisPipelineUtils (RatisPipelineUtils.java:destroyPipeline(66)) - Pipeline destroy failed for pipeline=PipelineID=e5966ae0-5fcf-4a62-bb3f-1f9831cc3440 dn=84ab4d91-000c-4523-9c5f-2c204b5f6601{ip: 192.168.5.153, host: pr-hdds-2137-trunk-mnh2s-3748177197, networkLocation: /default-rack, certSerialId: null}
2019-09-17 12:50:13,464 [grpc-default-executor-6] INFO  impl.RaftServerProxy (RaftServerProxy.java:remove(95)) - f7ede272-a28a-44e0-9552-15581fc2de04: remove group-1F9831CC3440:null
2019-09-17 12:50:13,466 [RatisPipelineUtilsThread] WARN  pipeline.RatisPipelineUtils (RatisPipelineUtils.java:destroyPipeline(66)) - Pipeline destroy failed for pipeline=PipelineID=e5966ae0-5fcf-4a62-bb3f-1f9831cc3440 dn=f7ede272-a28a-44e0-9552-15581fc2de04{ip: 192.168.5.153, host: pr-hdds-2137-trunk-mnh2s-3748177197, networkLocation: /default-rack, certSerialId: null}
2019-09-17 12:50:13,467 [RatisPipelineUtilsThread] ERROR pipeline.SCMPipelineManager (Scheduler.java:lambda$schedule$1(70)) - Destroy pipeline failed for pipeline:Pipeline[ Id: e5966ae0-5fcf-4a62-bb3f-1f9831cc3440, Nodes: 5e893e0a-56f7-4618-9f46-a6ff48173cb6{ip: 192.168.5.153, host: pr-hdds-2137-trunk-mnh2s-3748177197, networkLocation: /default-rack, certSerialId: null}84ab4d91-000c-4523-9c5f-2c204b5f6601{ip: 192.168.5.153, host: pr-hdds-2137-trunk-mnh2s-3748177197, networkLocation: /default-rack, certSerialId: null}f7ede272-a28a-44e0-9552-15581fc2de04{ip: 192.168.5.153, host: pr-hdds-2137-trunk-mnh2s-3748177197, networkLocation: /default-rack, certSerialId: null}, Type:RATIS, Factor:THREE, State:CLOSED]
org.apache.hadoop.hdds.scm.pipeline.PipelineNotFoundException: PipelineID=e5966ae0-5fcf-4a62-bb3f-1f9831cc3440 not found
	at org.apache.hadoop.hdds.scm.pipeline.PipelineStateMap.getPipeline(PipelineStateMap.java:132)
	at org.apache.hadoop.hdds.scm.pipeline.PipelineStateMap.removePipeline(PipelineStateMap.java:322)
	at org.apache.hadoop.hdds.scm.pipeline.PipelineStateManager.removePipeline(PipelineStateManager.java:107)
	at org.apache.hadoop.hdds.scm.pipeline.SCMPipelineManager.removePipeline(SCMPipelineManager.java:423)
	at org.apache.hadoop.hdds.scm.pipeline.SCMPipelineManager.destroyPipeline(SCMPipelineManager.java:409)
	at org.apache.hadoop.hdds.scm.pipeline.SCMPipelineManager.lambda$finalizeAndDestroyPipeline$0(SCMPipelineManager.java:318)
	at org.apache.hadoop.utils.Scheduler.lambda$schedule$1(Scheduler.java:68)
	at java.util.concurrent.Executors$RunnableAdapter.call(Executors.java:511)
	at java.util.concurrent.FutureTask.run(FutureTask.java:266)
	at java.util.concurrent.ScheduledThreadPoolExecutor$ScheduledFutureTask.access$201(ScheduledThreadPoolExecutor.java:180)
	at java.util.concurrent.ScheduledThreadPoolExecutor$ScheduledFutureTask.run(ScheduledThreadPoolExecutor.java:293)
	at java.util.concurrent.ThreadPoolExecutor.runWorker(ThreadPoolExecutor.java:1149)
	at java.util.concurrent.ThreadPoolExecutor$Worker.run(ThreadPoolExecutor.java:624)
	at java.lang.Thread.run(Thread.java:748)
 0.00% |█                                                                                                    |  0/1 Time: 0:07:182019-09-17 12:50:14,646 [5e893e0a-56f7-4618-9f46-a6ff48173cb6@group-869F42A7192E-SegmentedRaftLogWorker] WARN  segmented.SegmentedRaftLogWorker (SegmentedRaftLogWorker.java:getFromFuture(90)) - Timeout 3/~
org.apache.ratis.protocol.TimeoutIOException: Timeout 10s: WriteLog:17: (t:1, i:17), STATEMACHINELOGENTRY, client-B24658765329, cid=153-writeStateMachineData
	at org.apache.ratis.util.IOUtils.getFromFuture(IOUtils.java:87)
	at org.apache.ratis.server.raftlog.segmented.SegmentedRaftLogWorker$StateMachineDataPolicy.getFromFuture(SegmentedRaftLogWorker.java:87)
	at org.apache.ratis.server.raftlog.segmented.SegmentedRaftLogWorker$WriteLog.execute(SegmentedRaftLogWorker.java:477)
	at org.apache.ratis.server.raftlog.segmented.SegmentedRaftLogWorker.run(SegmentedRaftLogWorker.java:289)
	at java.lang.Thread.run(Thread.java:748)
Caused by: java.util.concurrent.TimeoutException
	at java.util.concurrent.CompletableFuture.timedGet(CompletableFuture.java:1771)
	at java.util.concurrent.CompletableFuture.get(CompletableFuture.java:1915)
	at org.apache.ratis.util.IOUtils.getFromFuture(IOUtils.java:79)
	... 4 more
2019-09-17 12:50:14,662 [f7ede272-a28a-44e0-9552-15581fc2de04@group-869F42A7192E-SegmentedRaftLogWorker] WARN  segmented.SegmentedRaftLogWorker (SegmentedRaftLogWorker.java:getFromFuture(90)) - Timeout 3/~
org.apache.ratis.protocol.TimeoutIOException: Timeout 10s: WriteLog:17: (t:1, i:17), STATEMACHINELOGENTRY, client-B24658765329, cid=153-writeStateMachineData
	at org.apache.ratis.util.IOUtils.getFromFuture(IOUtils.java:87)
	at org.apache.ratis.server.raftlog.segmented.SegmentedRaftLogWorker$StateMachineDataPolicy.getFromFuture(SegmentedRaftLogWorker.java:87)
	at org.apache.ratis.server.raftlog.segmented.SegmentedRaftLogWorker$WriteLog.execute(SegmentedRaftLogWorker.java:477)
	at org.apache.ratis.server.raftlog.segmented.SegmentedRaftLogWorker.run(SegmentedRaftLogWorker.java:289)
	at java.lang.Thread.run(Thread.java:748)
Caused by: java.util.concurrent.TimeoutException
	at java.util.concurrent.CompletableFuture.timedGet(CompletableFuture.java:1771)
	at java.util.concurrent.CompletableFuture.get(CompletableFuture.java:1915)
	at org.apache.ratis.util.IOUtils.getFromFuture(IOUtils.java:79)
	... 4 more
2019-09-17 12:50:14,662 [84ab4d91-000c-4523-9c5f-2c204b5f6601@group-869F42A7192E-SegmentedRaftLogWorker] WARN  segmented.SegmentedRaftLogWorker (SegmentedRaftLogWorker.java:getFromFuture(90)) - Timeout 3/~
org.apache.ratis.protocol.TimeoutIOException: Timeout 10s: WriteLog:17: (t:1, i:17), STATEMACHINELOGENTRY, client-B24658765329, cid=153-writeStateMachineData
	at org.apache.ratis.util.IOUtils.getFromFuture(IOUtils.java:87)
	at org.apache.ratis.server.raftlog.segmented.SegmentedRaftLogWorker$StateMachineDataPolicy.getFromFuture(SegmentedRaftLogWorker.java:87)
	at org.apache.ratis.server.raftlog.segmented.SegmentedRaftLogWorker$WriteLog.execute(SegmentedRaftLogWorker.java:477)
	at org.apache.ratis.server.raftlog.segmented.SegmentedRaftLogWorker.run(SegmentedRaftLogWorker.java:289)
	at java.lang.Thread.run(Thread.java:748)
Caused by: java.util.concurrent.TimeoutException
	at java.util.concurrent.CompletableFuture.timedGet(CompletableFuture.java:1771)
	at java.util.concurrent.CompletableFuture.get(CompletableFuture.java:1915)
	at org.apache.ratis.util.IOUtils.getFromFuture(IOUtils.java:79)
	... 4 more
2019-09-17 12:50:14,937 [grpc-default-executor-6] INFO  client.GrpcClientProtocolClient (GrpcClientProtocolClient.java:onNext(264)) - client-B24658765329->84ab4d91-000c-4523-9c5f-2c204b5f6601: receive RaftClientReply:client-B24658765329->84ab4d91-000c-4523-9c5f-2c204b5f6601@group-869F42A7192E, cid=153, FAILED org.apache.ratis.protocol.NotLeaderException: Server 84ab4d91-000c-4523-9c5f-2c204b5f6601@group-869F42A7192E is not the leader 5e893e0a-56f7-4618-9f46-a6ff48173cb6:192.168.5.153:37060, logIndex=0, commits[84ab4d91-000c-4523-9c5f-2c204b5f6601:c16, 5e893e0a-56f7-4618-9f46-a6ff48173cb6:c16, f7ede272-a28a-44e0-9552-15581fc2de04:c12]
2019-09-17 12:50:15,167 [java.util.concurrent.ThreadPoolExecutor$Worker@70b491f[State = -1, empty queue]] WARN  server.GrpcLogAppender (GrpcLogAppender.java:timeoutAppendRequest(200)) - 5e893e0a-56f7-4618-9f46-a6ff48173cb6@group-869F42A7192E->84ab4d91-000c-4523-9c5f-2c204b5f6601-GrpcLogAppender: appendEntries Timeout, request=5e893e0a-56f7-4618-9f46-a6ff48173cb6->84ab4d91-000c-4523-9c5f-2c204b5f6601#48-t1, previous=(t:1, i:20), leaderCommit=16, initializing? false, entries: <empty>
2019-09-17 12:50:15,167 [java.util.concurrent.ThreadPoolExecutor$Worker@baf429f[State = -1, empty queue]] WARN  server.GrpcLogAppender (GrpcLogAppender.java:timeoutAppendRequest(200)) - 5e893e0a-56f7-4618-9f46-a6ff48173cb6@group-869F42A7192E->f7ede272-a28a-44e0-9552-15581fc2de04-GrpcLogAppender: appendEntries Timeout, request=5e893e0a-56f7-4618-9f46-a6ff48173cb6->f7ede272-a28a-44e0-9552-15581fc2de04#48-t1, previous=(t:1, i:20), leaderCommit=16, initializing? false, entries: <empty>
 0.00% |█                                                                                                    |  0/1 Time: 0:07:19 0.00% |█                                                                                                    |  0/1 Time: 0:07:202019-09-17 12:50:16,449 [grpc-default-executor-5] INFO  impl.RaftServerProxy (RaftServerProxy.java:remove(95)) - 5e893e0a-56f7-4618-9f46-a6ff48173cb6: remove group-1F9831CC3440:null
2019-09-17 12:50:16,452 [RatisPipelineUtilsThread] WARN  pipeline.RatisPipelineUtils (RatisPipelineUtils.java:destroyPipeline(66)) - Pipeline destroy failed for pipeline=PipelineID=e5966ae0-5fcf-4a62-bb3f-1f9831cc3440 dn=5e893e0a-56f7-4618-9f46-a6ff48173cb6{ip: 192.168.5.153, host: pr-hdds-2137-trunk-mnh2s-3748177197, networkLocation: /default-rack, certSerialId: null}
2019-09-17 12:50:16,454 [grpc-default-executor-5] INFO  impl.RaftServerProxy (RaftServerProxy.java:remove(95)) - 84ab4d91-000c-4523-9c5f-2c204b5f6601: remove group-1F9831CC3440:null
2019-09-17 12:50:16,456 [RatisPipelineUtilsThread] WARN  pipeline.RatisPipelineUtils (RatisPipelineUtils.java:destroyPipeline(66)) - Pipeline destroy failed for pipeline=PipelineID=e5966ae0-5fcf-4a62-bb3f-1f9831cc3440 dn=84ab4d91-000c-4523-9c5f-2c204b5f6601{ip: 192.168.5.153, host: pr-hdds-2137-trunk-mnh2s-3748177197, networkLocation: /default-rack, certSerialId: null}
2019-09-17 12:50:16,458 [grpc-default-executor-5] INFO  impl.RaftServerProxy (RaftServerProxy.java:remove(95)) - f7ede272-a28a-44e0-9552-15581fc2de04: remove group-1F9831CC3440:null
2019-09-17 12:50:16,460 [RatisPipelineUtilsThread] WARN  pipeline.RatisPipelineUtils (RatisPipelineUtils.java:destroyPipeline(66)) - Pipeline destroy failed for pipeline=PipelineID=e5966ae0-5fcf-4a62-bb3f-1f9831cc3440 dn=f7ede272-a28a-44e0-9552-15581fc2de04{ip: 192.168.5.153, host: pr-hdds-2137-trunk-mnh2s-3748177197, networkLocation: /default-rack, certSerialId: null}
2019-09-17 12:50:16,461 [RatisPipelineUtilsThread] ERROR pipeline.SCMPipelineManager (Scheduler.java:lambda$schedule$1(70)) - Destroy pipeline failed for pipeline:Pipeline[ Id: e5966ae0-5fcf-4a62-bb3f-1f9831cc3440, Nodes: 5e893e0a-56f7-4618-9f46-a6ff48173cb6{ip: 192.168.5.153, host: pr-hdds-2137-trunk-mnh2s-3748177197, networkLocation: /default-rack, certSerialId: null}84ab4d91-000c-4523-9c5f-2c204b5f6601{ip: 192.168.5.153, host: pr-hdds-2137-trunk-mnh2s-3748177197, networkLocation: /default-rack, certSerialId: null}f7ede272-a28a-44e0-9552-15581fc2de04{ip: 192.168.5.153, host: pr-hdds-2137-trunk-mnh2s-3748177197, networkLocation: /default-rack, certSerialId: null}, Type:RATIS, Factor:THREE, State:CLOSED]
org.apache.hadoop.hdds.scm.pipeline.PipelineNotFoundException: PipelineID=e5966ae0-5fcf-4a62-bb3f-1f9831cc3440 not found
	at org.apache.hadoop.hdds.scm.pipeline.PipelineStateMap.getPipeline(PipelineStateMap.java:132)
	at org.apache.hadoop.hdds.scm.pipeline.PipelineStateMap.removePipeline(PipelineStateMap.java:322)
	at org.apache.hadoop.hdds.scm.pipeline.PipelineStateManager.removePipeline(PipelineStateManager.java:107)
	at org.apache.hadoop.hdds.scm.pipeline.SCMPipelineManager.removePipeline(SCMPipelineManager.java:423)
	at org.apache.hadoop.hdds.scm.pipeline.SCMPipelineManager.destroyPipeline(SCMPipelineManager.java:409)
	at org.apache.hadoop.hdds.scm.pipeline.SCMPipelineManager.lambda$finalizeAndDestroyPipeline$0(SCMPipelineManager.java:318)
	at org.apache.hadoop.utils.Scheduler.lambda$schedule$1(Scheduler.java:68)
	at java.util.concurrent.Executors$RunnableAdapter.call(Executors.java:511)
	at java.util.concurrent.FutureTask.run(FutureTask.java:266)
	at java.util.concurrent.ScheduledThreadPoolExecutor$ScheduledFutureTask.access$201(ScheduledThreadPoolExecutor.java:180)
	at java.util.concurrent.ScheduledThreadPoolExecutor$ScheduledFutureTask.run(ScheduledThreadPoolExecutor.java:293)
	at java.util.concurrent.ThreadPoolExecutor.runWorker(ThreadPoolExecutor.java:1149)
	at java.util.concurrent.ThreadPoolExecutor$Worker.run(ThreadPoolExecutor.java:624)
	at java.lang.Thread.run(Thread.java:748)
 0.00% |█                                                                                                    |  0/1 Time: 0:07:212019-09-17 12:50:17,669 [java.util.concurrent.ThreadPoolExecutor$Worker@70b491f[State = -1, empty queue]] WARN  server.GrpcLogAppender (GrpcLogAppender.java:timeoutAppendRequest(200)) - 5e893e0a-56f7-4618-9f46-a6ff48173cb6@group-869F42A7192E->84ab4d91-000c-4523-9c5f-2c204b5f6601-GrpcLogAppender: appendEntries Timeout, request=5e893e0a-56f7-4618-9f46-a6ff48173cb6->84ab4d91-000c-4523-9c5f-2c204b5f6601#49-t1, previous=(t:1, i:20), leaderCommit=16, initializing? false, entries: <empty>
2019-09-17 12:50:17,669 [java.util.concurrent.ThreadPoolExecutor$Worker@baf429f[State = -1, empty queue]] WARN  server.GrpcLogAppender (GrpcLogAppender.java:timeoutAppendRequest(200)) - 5e893e0a-56f7-4618-9f46-a6ff48173cb6@group-869F42A7192E->f7ede272-a28a-44e0-9552-15581fc2de04-GrpcLogAppender: appendEntries Timeout, request=5e893e0a-56f7-4618-9f46-a6ff48173cb6->f7ede272-a28a-44e0-9552-15581fc2de04#49-t1, previous=(t:1, i:20), leaderCommit=16, initializing? false, entries: <empty>
 0.00% |█                                                                                                    |  0/1 Time: 0:07:222019-09-17 12:50:18,451 [grpc-default-executor-5] INFO  impl.RaftServerProxy (RaftServerProxy.java:remove(95)) - 5e893e0a-56f7-4618-9f46-a6ff48173cb6: remove group-1F9831CC3440:null
2019-09-17 12:50:18,456 [RatisPipelineUtilsThread] WARN  pipeline.RatisPipelineUtils (RatisPipelineUtils.java:destroyPipeline(66)) - Pipeline destroy failed for pipeline=PipelineID=e5966ae0-5fcf-4a62-bb3f-1f9831cc3440 dn=5e893e0a-56f7-4618-9f46-a6ff48173cb6{ip: 192.168.5.153, host: pr-hdds-2137-trunk-mnh2s-3748177197, networkLocation: /default-rack, certSerialId: null}
2019-09-17 12:50:18,459 [grpc-default-executor-5] INFO  impl.RaftServerProxy (RaftServerProxy.java:remove(95)) - 84ab4d91-000c-4523-9c5f-2c204b5f6601: remove group-1F9831CC3440:null
2019-09-17 12:50:18,461 [RatisPipelineUtilsThread] WARN  pipeline.RatisPipelineUtils (RatisPipelineUtils.java:destroyPipeline(66)) - Pipeline destroy failed for pipeline=PipelineID=e5966ae0-5fcf-4a62-bb3f-1f9831cc3440 dn=84ab4d91-000c-4523-9c5f-2c204b5f6601{ip: 192.168.5.153, host: pr-hdds-2137-trunk-mnh2s-3748177197, networkLocation: /default-rack, certSerialId: null}
2019-09-17 12:50:18,464 [grpc-default-executor-5] INFO  impl.RaftServerProxy (RaftServerProxy.java:remove(95)) - f7ede272-a28a-44e0-9552-15581fc2de04: remove group-1F9831CC3440:null
2019-09-17 12:50:18,466 [RatisPipelineUtilsThread] WARN  pipeline.RatisPipelineUtils (RatisPipelineUtils.java:destroyPipeline(66)) - Pipeline destroy failed for pipeline=PipelineID=e5966ae0-5fcf-4a62-bb3f-1f9831cc3440 dn=f7ede272-a28a-44e0-9552-15581fc2de04{ip: 192.168.5.153, host: pr-hdds-2137-trunk-mnh2s-3748177197, networkLocation: /default-rack, certSerialId: null}
2019-09-17 12:50:18,467 [RatisPipelineUtilsThread] ERROR pipeline.SCMPipelineManager (Scheduler.java:lambda$schedule$1(70)) - Destroy pipeline failed for pipeline:Pipeline[ Id: e5966ae0-5fcf-4a62-bb3f-1f9831cc3440, Nodes: 5e893e0a-56f7-4618-9f46-a6ff48173cb6{ip: 192.168.5.153, host: pr-hdds-2137-trunk-mnh2s-3748177197, networkLocation: /default-rack, certSerialId: null}84ab4d91-000c-4523-9c5f-2c204b5f6601{ip: 192.168.5.153, host: pr-hdds-2137-trunk-mnh2s-3748177197, networkLocation: /default-rack, certSerialId: null}f7ede272-a28a-44e0-9552-15581fc2de04{ip: 192.168.5.153, host: pr-hdds-2137-trunk-mnh2s-3748177197, networkLocation: /default-rack, certSerialId: null}, Type:RATIS, Factor:THREE, State:CLOSED]
org.apache.hadoop.hdds.scm.pipeline.PipelineNotFoundException: PipelineID=e5966ae0-5fcf-4a62-bb3f-1f9831cc3440 not found
	at org.apache.hadoop.hdds.scm.pipeline.PipelineStateMap.getPipeline(PipelineStateMap.java:132)
	at org.apache.hadoop.hdds.scm.pipeline.PipelineStateMap.removePipeline(PipelineStateMap.java:322)
	at org.apache.hadoop.hdds.scm.pipeline.PipelineStateManager.removePipeline(PipelineStateManager.java:107)
	at org.apache.hadoop.hdds.scm.pipeline.SCMPipelineManager.removePipeline(SCMPipelineManager.java:423)
	at org.apache.hadoop.hdds.scm.pipeline.SCMPipelineManager.destroyPipeline(SCMPipelineManager.java:409)
	at org.apache.hadoop.hdds.scm.pipeline.SCMPipelineManager.lambda$finalizeAndDestroyPipeline$0(SCMPipelineManager.java:318)
	at org.apache.hadoop.utils.Scheduler.lambda$schedule$1(Scheduler.java:68)
	at java.util.concurrent.Executors$RunnableAdapter.call(Executors.java:511)
	at java.util.concurrent.FutureTask.run(FutureTask.java:266)
	at java.util.concurrent.ScheduledThreadPoolExecutor$ScheduledFutureTask.access$201(ScheduledThreadPoolExecutor.java:180)
	at java.util.concurrent.ScheduledThreadPoolExecutor$ScheduledFutureTask.run(ScheduledThreadPoolExecutor.java:293)
	at java.util.concurrent.ThreadPoolExecutor.runWorker(ThreadPoolExecutor.java:1149)
	at java.util.concurrent.ThreadPoolExecutor$Worker.run(ThreadPoolExecutor.java:624)
	at java.lang.Thread.run(Thread.java:748)
 0.00% |█                                                                                                    |  0/1 Time: 0:07:232019-09-17 12:50:19,979 [grpc-default-executor-5] INFO  client.GrpcClientProtocolClient (GrpcClientProtocolClient.java:onNext(264)) - client-B24658765329->f7ede272-a28a-44e0-9552-15581fc2de04: receive RaftClientReply:client-B24658765329->f7ede272-a28a-44e0-9552-15581fc2de04@group-869F42A7192E, cid=153, FAILED org.apache.ratis.protocol.NotLeaderException: Server f7ede272-a28a-44e0-9552-15581fc2de04@group-869F42A7192E is not the leader 5e893e0a-56f7-4618-9f46-a6ff48173cb6:192.168.5.153:37060, logIndex=0, commits[f7ede272-a28a-44e0-9552-15581fc2de04:c16, 5e893e0a-56f7-4618-9f46-a6ff48173cb6:c16, 84ab4d91-000c-4523-9c5f-2c204b5f6601:c12]
2019-09-17 12:50:20,170 [java.util.concurrent.ThreadPoolExecutor$Worker@baf429f[State = -1, empty queue]] WARN  server.GrpcLogAppender (GrpcLogAppender.java:timeoutAppendRequest(200)) - 5e893e0a-56f7-4618-9f46-a6ff48173cb6@group-869F42A7192E->f7ede272-a28a-44e0-9552-15581fc2de04-GrpcLogAppender: appendEntries Timeout, request=5e893e0a-56f7-4618-9f46-a6ff48173cb6->f7ede272-a28a-44e0-9552-15581fc2de04#50-t1, previous=(t:1, i:20), leaderCommit=16, initializing? false, entries: <empty>
2019-09-17 12:50:20,170 [java.util.concurrent.ThreadPoolExecutor$Worker@70b491f[State = -1, empty queue]] WARN  server.GrpcLogAppender (GrpcLogAppender.java:timeoutAppendRequest(200)) - 5e893e0a-56f7-4618-9f46-a6ff48173cb6@group-869F42A7192E->84ab4d91-000c-4523-9c5f-2c204b5f6601-GrpcLogAppender: appendEntries Timeout, request=5e893e0a-56f7-4618-9f46-a6ff48173cb6->84ab4d91-000c-4523-9c5f-2c204b5f6601#50-t1, previous=(t:1, i:20), leaderCommit=16, initializing? false, entries: <empty>
 0.00% |█                                                                                                    |  0/1 Time: 0:07:24 0.00% |█                                                                                                    |  0/1 Time: 0:07:252019-09-17 12:50:21,450 [grpc-default-executor-5] INFO  impl.RaftServerProxy (RaftServerProxy.java:remove(95)) - 5e893e0a-56f7-4618-9f46-a6ff48173cb6: remove group-1F9831CC3440:null
2019-09-17 12:50:21,454 [RatisPipelineUtilsThread] WARN  pipeline.RatisPipelineUtils (RatisPipelineUtils.java:destroyPipeline(66)) - Pipeline destroy failed for pipeline=PipelineID=e5966ae0-5fcf-4a62-bb3f-1f9831cc3440 dn=5e893e0a-56f7-4618-9f46-a6ff48173cb6{ip: 192.168.5.153, host: pr-hdds-2137-trunk-mnh2s-3748177197, networkLocation: /default-rack, certSerialId: null}
2019-09-17 12:50:21,457 [grpc-default-executor-5] INFO  impl.RaftServerProxy (RaftServerProxy.java:remove(95)) - 84ab4d91-000c-4523-9c5f-2c204b5f6601: remove group-1F9831CC3440:null
2019-09-17 12:50:21,459 [RatisPipelineUtilsThread] WARN  pipeline.RatisPipelineUtils (RatisPipelineUtils.java:destroyPipeline(66)) - Pipeline destroy failed for pipeline=PipelineID=e5966ae0-5fcf-4a62-bb3f-1f9831cc3440 dn=84ab4d91-000c-4523-9c5f-2c204b5f6601{ip: 192.168.5.153, host: pr-hdds-2137-trunk-mnh2s-3748177197, networkLocation: /default-rack, certSerialId: null}
2019-09-17 12:50:21,462 [grpc-default-executor-5] INFO  impl.RaftServerProxy (RaftServerProxy.java:remove(95)) - f7ede272-a28a-44e0-9552-15581fc2de04: remove group-1F9831CC3440:null
2019-09-17 12:50:21,464 [RatisPipelineUtilsThread] WARN  pipeline.RatisPipelineUtils (RatisPipelineUtils.java:destroyPipeline(66)) - Pipeline destroy failed for pipeline=PipelineID=e5966ae0-5fcf-4a62-bb3f-1f9831cc3440 dn=f7ede272-a28a-44e0-9552-15581fc2de04{ip: 192.168.5.153, host: pr-hdds-2137-trunk-mnh2s-3748177197, networkLocation: /default-rack, certSerialId: null}
2019-09-17 12:50:21,464 [RatisPipelineUtilsThread] ERROR pipeline.SCMPipelineManager (Scheduler.java:lambda$schedule$1(70)) - Destroy pipeline failed for pipeline:Pipeline[ Id: e5966ae0-5fcf-4a62-bb3f-1f9831cc3440, Nodes: 5e893e0a-56f7-4618-9f46-a6ff48173cb6{ip: 192.168.5.153, host: pr-hdds-2137-trunk-mnh2s-3748177197, networkLocation: /default-rack, certSerialId: null}84ab4d91-000c-4523-9c5f-2c204b5f6601{ip: 192.168.5.153, host: pr-hdds-2137-trunk-mnh2s-3748177197, networkLocation: /default-rack, certSerialId: null}f7ede272-a28a-44e0-9552-15581fc2de04{ip: 192.168.5.153, host: pr-hdds-2137-trunk-mnh2s-3748177197, networkLocation: /default-rack, certSerialId: null}, Type:RATIS, Factor:THREE, State:CLOSED]
org.apache.hadoop.hdds.scm.pipeline.PipelineNotFoundException: PipelineID=e5966ae0-5fcf-4a62-bb3f-1f9831cc3440 not found
	at org.apache.hadoop.hdds.scm.pipeline.PipelineStateMap.getPipeline(PipelineStateMap.java:132)
	at org.apache.hadoop.hdds.scm.pipeline.PipelineStateMap.removePipeline(PipelineStateMap.java:322)
	at org.apache.hadoop.hdds.scm.pipeline.PipelineStateManager.removePipeline(PipelineStateManager.java:107)
	at org.apache.hadoop.hdds.scm.pipeline.SCMPipelineManager.removePipeline(SCMPipelineManager.java:423)
	at org.apache.hadoop.hdds.scm.pipeline.SCMPipelineManager.destroyPipeline(SCMPipelineManager.java:409)
	at org.apache.hadoop.hdds.scm.pipeline.SCMPipelineManager.lambda$finalizeAndDestroyPipeline$0(SCMPipelineManager.java:318)
	at org.apache.hadoop.utils.Scheduler.lambda$schedule$1(Scheduler.java:68)
	at java.util.concurrent.Executors$RunnableAdapter.call(Executors.java:511)
	at java.util.concurrent.FutureTask.run(FutureTask.java:266)
	at java.util.concurrent.ScheduledThreadPoolExecutor$ScheduledFutureTask.access$201(ScheduledThreadPoolExecutor.java:180)
	at java.util.concurrent.ScheduledThreadPoolExecutor$ScheduledFutureTask.run(ScheduledThreadPoolExecutor.java:293)
	at java.util.concurrent.ThreadPoolExecutor.runWorker(ThreadPoolExecutor.java:1149)
	at java.util.concurrent.ThreadPoolExecutor$Worker.run(ThreadPoolExecutor.java:624)
	at java.lang.Thread.run(Thread.java:748)
 0.00% |█                                                                                                    |  0/1 Time: 0:07:262019-09-17 12:50:22,672 [java.util.concurrent.ThreadPoolExecutor$Worker@70b491f[State = -1, empty queue]] WARN  server.GrpcLogAppender (GrpcLogAppender.java:timeoutAppendRequest(200)) - 5e893e0a-56f7-4618-9f46-a6ff48173cb6@group-869F42A7192E->84ab4d91-000c-4523-9c5f-2c204b5f6601-GrpcLogAppender: appendEntries Timeout, request=5e893e0a-56f7-4618-9f46-a6ff48173cb6->84ab4d91-000c-4523-9c5f-2c204b5f6601#51-t1, previous=(t:1, i:20), leaderCommit=16, initializing? false, entries: <empty>
2019-09-17 12:50:22,672 [java.util.concurrent.ThreadPoolExecutor$Worker@baf429f[State = -1, empty queue]] WARN  server.GrpcLogAppender (GrpcLogAppender.java:timeoutAppendRequest(200)) - 5e893e0a-56f7-4618-9f46-a6ff48173cb6@group-869F42A7192E->f7ede272-a28a-44e0-9552-15581fc2de04-GrpcLogAppender: appendEntries Timeout, request=5e893e0a-56f7-4618-9f46-a6ff48173cb6->f7ede272-a28a-44e0-9552-15581fc2de04#51-t1, previous=(t:1, i:20), leaderCommit=16, initializing? false, entries: <empty>
 0.00% |█                                                                                                    |  0/1 Time: 0:07:272019-09-17 12:50:23,453 [grpc-default-executor-6] INFO  impl.RaftServerProxy (RaftServerProxy.java:remove(95)) - 5e893e0a-56f7-4618-9f46-a6ff48173cb6: remove group-1F9831CC3440:null
2019-09-17 12:50:23,458 [RatisPipelineUtilsThread] WARN  pipeline.RatisPipelineUtils (RatisPipelineUtils.java:destroyPipeline(66)) - Pipeline destroy failed for pipeline=PipelineID=e5966ae0-5fcf-4a62-bb3f-1f9831cc3440 dn=5e893e0a-56f7-4618-9f46-a6ff48173cb6{ip: 192.168.5.153, host: pr-hdds-2137-trunk-mnh2s-3748177197, networkLocation: /default-rack, certSerialId: null}
2019-09-17 12:50:23,462 [grpc-default-executor-6] INFO  impl.RaftServerProxy (RaftServerProxy.java:remove(95)) - 84ab4d91-000c-4523-9c5f-2c204b5f6601: remove group-1F9831CC3440:null
2019-09-17 12:50:23,464 [RatisPipelineUtilsThread] WARN  pipeline.RatisPipelineUtils (RatisPipelineUtils.java:destroyPipeline(66)) - Pipeline destroy failed for pipeline=PipelineID=e5966ae0-5fcf-4a62-bb3f-1f9831cc3440 dn=84ab4d91-000c-4523-9c5f-2c204b5f6601{ip: 192.168.5.153, host: pr-hdds-2137-trunk-mnh2s-3748177197, networkLocation: /default-rack, certSerialId: null}
2019-09-17 12:50:23,467 [grpc-default-executor-6] INFO  impl.RaftServerProxy (RaftServerProxy.java:remove(95)) - f7ede272-a28a-44e0-9552-15581fc2de04: remove group-1F9831CC3440:null
2019-09-17 12:50:23,469 [RatisPipelineUtilsThread] WARN  pipeline.RatisPipelineUtils (RatisPipelineUtils.java:destroyPipeline(66)) - Pipeline destroy failed for pipeline=PipelineID=e5966ae0-5fcf-4a62-bb3f-1f9831cc3440 dn=f7ede272-a28a-44e0-9552-15581fc2de04{ip: 192.168.5.153, host: pr-hdds-2137-trunk-mnh2s-3748177197, networkLocation: /default-rack, certSerialId: null}
2019-09-17 12:50:23,469 [RatisPipelineUtilsThread] ERROR pipeline.SCMPipelineManager (Scheduler.java:lambda$schedule$1(70)) - Destroy pipeline failed for pipeline:Pipeline[ Id: e5966ae0-5fcf-4a62-bb3f-1f9831cc3440, Nodes: 5e893e0a-56f7-4618-9f46-a6ff48173cb6{ip: 192.168.5.153, host: pr-hdds-2137-trunk-mnh2s-3748177197, networkLocation: /default-rack, certSerialId: null}84ab4d91-000c-4523-9c5f-2c204b5f6601{ip: 192.168.5.153, host: pr-hdds-2137-trunk-mnh2s-3748177197, networkLocation: /default-rack, certSerialId: null}f7ede272-a28a-44e0-9552-15581fc2de04{ip: 192.168.5.153, host: pr-hdds-2137-trunk-mnh2s-3748177197, networkLocation: /default-rack, certSerialId: null}, Type:RATIS, Factor:THREE, State:CLOSED]
org.apache.hadoop.hdds.scm.pipeline.PipelineNotFoundException: PipelineID=e5966ae0-5fcf-4a62-bb3f-1f9831cc3440 not found
	at org.apache.hadoop.hdds.scm.pipeline.PipelineStateMap.getPipeline(PipelineStateMap.java:132)
	at org.apache.hadoop.hdds.scm.pipeline.PipelineStateMap.removePipeline(PipelineStateMap.java:322)
	at org.apache.hadoop.hdds.scm.pipeline.PipelineStateManager.removePipeline(PipelineStateManager.java:107)
	at org.apache.hadoop.hdds.scm.pipeline.SCMPipelineManager.removePipeline(SCMPipelineManager.java:423)
	at org.apache.hadoop.hdds.scm.pipeline.SCMPipelineManager.destroyPipeline(SCMPipelineManager.java:409)
	at org.apache.hadoop.hdds.scm.pipeline.SCMPipelineManager.lambda$finalizeAndDestroyPipeline$0(SCMPipelineManager.java:318)
	at org.apache.hadoop.utils.Scheduler.lambda$schedule$1(Scheduler.java:68)
	at java.util.concurrent.Executors$RunnableAdapter.call(Executors.java:511)
	at java.util.concurrent.FutureTask.run(FutureTask.java:266)
	at java.util.concurrent.ScheduledThreadPoolExecutor$ScheduledFutureTask.access$201(ScheduledThreadPoolExecutor.java:180)
	at java.util.concurrent.ScheduledThreadPoolExecutor$ScheduledFutureTask.run(ScheduledThreadPoolExecutor.java:293)
	at java.util.concurrent.ThreadPoolExecutor.runWorker(ThreadPoolExecutor.java:1149)
	at java.util.concurrent.ThreadPoolExecutor$Worker.run(ThreadPoolExecutor.java:624)
	at java.lang.Thread.run(Thread.java:748)
 0.00% |█                                                                                                    |  0/1 Time: 0:07:282019-09-17 12:50:24,648 [5e893e0a-56f7-4618-9f46-a6ff48173cb6@group-869F42A7192E-SegmentedRaftLogWorker] WARN  segmented.SegmentedRaftLogWorker (SegmentedRaftLogWorker.java:getFromFuture(90)) - Timeout 4/~
org.apache.ratis.protocol.TimeoutIOException: Timeout 10s: WriteLog:17: (t:1, i:17), STATEMACHINELOGENTRY, client-B24658765329, cid=153-writeStateMachineData
	at org.apache.ratis.util.IOUtils.getFromFuture(IOUtils.java:87)
	at org.apache.ratis.server.raftlog.segmented.SegmentedRaftLogWorker$StateMachineDataPolicy.getFromFuture(SegmentedRaftLogWorker.java:87)
	at org.apache.ratis.server.raftlog.segmented.SegmentedRaftLogWorker$WriteLog.execute(SegmentedRaftLogWorker.java:477)
	at org.apache.ratis.server.raftlog.segmented.SegmentedRaftLogWorker.run(SegmentedRaftLogWorker.java:289)
	at java.lang.Thread.run(Thread.java:748)
Caused by: java.util.concurrent.TimeoutException
	at java.util.concurrent.CompletableFuture.timedGet(CompletableFuture.java:1771)
	at java.util.concurrent.CompletableFuture.get(CompletableFuture.java:1915)
	at org.apache.ratis.util.IOUtils.getFromFuture(IOUtils.java:79)
	... 4 more
2019-09-17 12:50:24,663 [f7ede272-a28a-44e0-9552-15581fc2de04@group-869F42A7192E-SegmentedRaftLogWorker] WARN  segmented.SegmentedRaftLogWorker (SegmentedRaftLogWorker.java:getFromFuture(90)) - Timeout 4/~
org.apache.ratis.protocol.TimeoutIOException: Timeout 10s: WriteLog:17: (t:1, i:17), STATEMACHINELOGENTRY, client-B24658765329, cid=153-writeStateMachineData
	at org.apache.ratis.util.IOUtils.getFromFuture(IOUtils.java:87)
	at org.apache.ratis.server.raftlog.segmented.SegmentedRaftLogWorker$StateMachineDataPolicy.getFromFuture(SegmentedRaftLogWorker.java:87)
	at org.apache.ratis.server.raftlog.segmented.SegmentedRaftLogWorker$WriteLog.execute(SegmentedRaftLogWorker.java:477)
	at org.apache.ratis.server.raftlog.segmented.SegmentedRaftLogWorker.run(SegmentedRaftLogWorker.java:289)
	at java.lang.Thread.run(Thread.java:748)
Caused by: java.util.concurrent.TimeoutException
	at java.util.concurrent.CompletableFuture.timedGet(CompletableFuture.java:1771)
	at java.util.concurrent.CompletableFuture.get(CompletableFuture.java:1915)
	at org.apache.ratis.util.IOUtils.getFromFuture(IOUtils.java:79)
	... 4 more
2019-09-17 12:50:24,663 [84ab4d91-000c-4523-9c5f-2c204b5f6601@group-869F42A7192E-SegmentedRaftLogWorker] WARN  segmented.SegmentedRaftLogWorker (SegmentedRaftLogWorker.java:getFromFuture(90)) - Timeout 4/~
org.apache.ratis.protocol.TimeoutIOException: Timeout 10s: WriteLog:17: (t:1, i:17), STATEMACHINELOGENTRY, client-B24658765329, cid=153-writeStateMachineData
	at org.apache.ratis.util.IOUtils.getFromFuture(IOUtils.java:87)
	at org.apache.ratis.server.raftlog.segmented.SegmentedRaftLogWorker$StateMachineDataPolicy.getFromFuture(SegmentedRaftLogWorker.java:87)
	at org.apache.ratis.server.raftlog.segmented.SegmentedRaftLogWorker$WriteLog.execute(SegmentedRaftLogWorker.java:477)
	at org.apache.ratis.server.raftlog.segmented.SegmentedRaftLogWorker.run(SegmentedRaftLogWorker.java:289)
	at java.lang.Thread.run(Thread.java:748)
Caused by: java.util.concurrent.TimeoutException
	at java.util.concurrent.CompletableFuture.timedGet(CompletableFuture.java:1771)
	at java.util.concurrent.CompletableFuture.get(CompletableFuture.java:1915)
	at org.apache.ratis.util.IOUtils.getFromFuture(IOUtils.java:79)
	... 4 more
2019-09-17 12:50:25,015 [grpc-default-executor-5] INFO  client.GrpcClientProtocolClient (GrpcClientProtocolClient.java:onNext(264)) - client-B24658765329->84ab4d91-000c-4523-9c5f-2c204b5f6601: receive RaftClientReply:client-B24658765329->84ab4d91-000c-4523-9c5f-2c204b5f6601@group-869F42A7192E, cid=153, FAILED org.apache.ratis.protocol.NotLeaderException: Server 84ab4d91-000c-4523-9c5f-2c204b5f6601@group-869F42A7192E is not the leader 5e893e0a-56f7-4618-9f46-a6ff48173cb6:192.168.5.153:37060, logIndex=0, commits[84ab4d91-000c-4523-9c5f-2c204b5f6601:c16, 5e893e0a-56f7-4618-9f46-a6ff48173cb6:c16, f7ede272-a28a-44e0-9552-15581fc2de04:c12]
2019-09-17 12:50:25,173 [java.util.concurrent.ThreadPoolExecutor$Worker@70b491f[State = -1, empty queue]] WARN  server.GrpcLogAppender (GrpcLogAppender.java:timeoutAppendRequest(200)) - 5e893e0a-56f7-4618-9f46-a6ff48173cb6@group-869F42A7192E->84ab4d91-000c-4523-9c5f-2c204b5f6601-GrpcLogAppender: appendEntries Timeout, request=5e893e0a-56f7-4618-9f46-a6ff48173cb6->84ab4d91-000c-4523-9c5f-2c204b5f6601#52-t1, previous=(t:1, i:20), leaderCommit=16, initializing? false, entries: <empty>
2019-09-17 12:50:25,173 [java.util.concurrent.ThreadPoolExecutor$Worker@baf429f[State = -1, empty queue]] WARN  server.GrpcLogAppender (GrpcLogAppender.java:timeoutAppendRequest(200)) - 5e893e0a-56f7-4618-9f46-a6ff48173cb6@group-869F42A7192E->f7ede272-a28a-44e0-9552-15581fc2de04-GrpcLogAppender: appendEntries Timeout, request=5e893e0a-56f7-4618-9f46-a6ff48173cb6->f7ede272-a28a-44e0-9552-15581fc2de04#52-t1, previous=(t:1, i:20), leaderCommit=16, initializing? false, entries: <empty>
 0.00% |█                                                                                                    |  0/1 Time: 0:07:29 0.00% |█                                                                                                    |  0/1 Time: 0:07:302019-09-17 12:50:26,448 [grpc-default-executor-5] INFO  impl.RaftServerProxy (RaftServerProxy.java:remove(95)) - 5e893e0a-56f7-4618-9f46-a6ff48173cb6: remove group-1F9831CC3440:null
2019-09-17 12:50:26,453 [RatisPipelineUtilsThread] WARN  pipeline.RatisPipelineUtils (RatisPipelineUtils.java:destroyPipeline(66)) - Pipeline destroy failed for pipeline=PipelineID=e5966ae0-5fcf-4a62-bb3f-1f9831cc3440 dn=5e893e0a-56f7-4618-9f46-a6ff48173cb6{ip: 192.168.5.153, host: pr-hdds-2137-trunk-mnh2s-3748177197, networkLocation: /default-rack, certSerialId: null}
2019-09-17 12:50:26,456 [grpc-default-executor-5] INFO  impl.RaftServerProxy (RaftServerProxy.java:remove(95)) - 84ab4d91-000c-4523-9c5f-2c204b5f6601: remove group-1F9831CC3440:null
2019-09-17 12:50:26,458 [RatisPipelineUtilsThread] WARN  pipeline.RatisPipelineUtils (RatisPipelineUtils.java:destroyPipeline(66)) - Pipeline destroy failed for pipeline=PipelineID=e5966ae0-5fcf-4a62-bb3f-1f9831cc3440 dn=84ab4d91-000c-4523-9c5f-2c204b5f6601{ip: 192.168.5.153, host: pr-hdds-2137-trunk-mnh2s-3748177197, networkLocation: /default-rack, certSerialId: null}
2019-09-17 12:50:26,460 [grpc-default-executor-5] INFO  impl.RaftServerProxy (RaftServerProxy.java:remove(95)) - f7ede272-a28a-44e0-9552-15581fc2de04: remove group-1F9831CC3440:null
2019-09-17 12:50:26,463 [RatisPipelineUtilsThread] WARN  pipeline.RatisPipelineUtils (RatisPipelineUtils.java:destroyPipeline(66)) - Pipeline destroy failed for pipeline=PipelineID=e5966ae0-5fcf-4a62-bb3f-1f9831cc3440 dn=f7ede272-a28a-44e0-9552-15581fc2de04{ip: 192.168.5.153, host: pr-hdds-2137-trunk-mnh2s-3748177197, networkLocation: /default-rack, certSerialId: null}
2019-09-17 12:50:26,463 [RatisPipelineUtilsThread] ERROR pipeline.SCMPipelineManager (Scheduler.java:lambda$schedule$1(70)) - Destroy pipeline failed for pipeline:Pipeline[ Id: e5966ae0-5fcf-4a62-bb3f-1f9831cc3440, Nodes: 5e893e0a-56f7-4618-9f46-a6ff48173cb6{ip: 192.168.5.153, host: pr-hdds-2137-trunk-mnh2s-3748177197, networkLocation: /default-rack, certSerialId: null}84ab4d91-000c-4523-9c5f-2c204b5f6601{ip: 192.168.5.153, host: pr-hdds-2137-trunk-mnh2s-3748177197, networkLocation: /default-rack, certSerialId: null}f7ede272-a28a-44e0-9552-15581fc2de04{ip: 192.168.5.153, host: pr-hdds-2137-trunk-mnh2s-3748177197, networkLocation: /default-rack, certSerialId: null}, Type:RATIS, Factor:THREE, State:CLOSED]
org.apache.hadoop.hdds.scm.pipeline.PipelineNotFoundException: PipelineID=e5966ae0-5fcf-4a62-bb3f-1f9831cc3440 not found
	at org.apache.hadoop.hdds.scm.pipeline.PipelineStateMap.getPipeline(PipelineStateMap.java:132)
	at org.apache.hadoop.hdds.scm.pipeline.PipelineStateMap.removePipeline(PipelineStateMap.java:322)
	at org.apache.hadoop.hdds.scm.pipeline.PipelineStateManager.removePipeline(PipelineStateManager.java:107)
	at org.apache.hadoop.hdds.scm.pipeline.SCMPipelineManager.removePipeline(SCMPipelineManager.java:423)
	at org.apache.hadoop.hdds.scm.pipeline.SCMPipelineManager.destroyPipeline(SCMPipelineManager.java:409)
	at org.apache.hadoop.hdds.scm.pipeline.SCMPipelineManager.lambda$finalizeAndDestroyPipeline$0(SCMPipelineManager.java:318)
	at org.apache.hadoop.utils.Scheduler.lambda$schedule$1(Scheduler.java:68)
	at java.util.concurrent.Executors$RunnableAdapter.call(Executors.java:511)
	at java.util.concurrent.FutureTask.run(FutureTask.java:266)
	at java.util.concurrent.ScheduledThreadPoolExecutor$ScheduledFutureTask.access$201(ScheduledThreadPoolExecutor.java:180)
	at java.util.concurrent.ScheduledThreadPoolExecutor$ScheduledFutureTask.run(ScheduledThreadPoolExecutor.java:293)
	at java.util.concurrent.ThreadPoolExecutor.runWorker(ThreadPoolExecutor.java:1149)
	at java.util.concurrent.ThreadPoolExecutor$Worker.run(ThreadPoolExecutor.java:624)
	at java.lang.Thread.run(Thread.java:748)
 0.00% |█                                                                                                    |  0/1 Time: 0:07:312019-09-17 12:50:27,674 [java.util.concurrent.ThreadPoolExecutor$Worker@70b491f[State = -1, empty queue]] WARN  server.GrpcLogAppender (GrpcLogAppender.java:timeoutAppendRequest(200)) - 5e893e0a-56f7-4618-9f46-a6ff48173cb6@group-869F42A7192E->84ab4d91-000c-4523-9c5f-2c204b5f6601-GrpcLogAppender: appendEntries Timeout, request=5e893e0a-56f7-4618-9f46-a6ff48173cb6->84ab4d91-000c-4523-9c5f-2c204b5f6601#53-t1, previous=(t:1, i:20), leaderCommit=16, initializing? false, entries: <empty>
2019-09-17 12:50:27,674 [java.util.concurrent.ThreadPoolExecutor$Worker@baf429f[State = -1, empty queue]] WARN  server.GrpcLogAppender (GrpcLogAppender.java:timeoutAppendRequest(200)) - 5e893e0a-56f7-4618-9f46-a6ff48173cb6@group-869F42A7192E->f7ede272-a28a-44e0-9552-15581fc2de04-GrpcLogAppender: appendEntries Timeout, request=5e893e0a-56f7-4618-9f46-a6ff48173cb6->f7ede272-a28a-44e0-9552-15581fc2de04#53-t1, previous=(t:1, i:20), leaderCommit=16, initializing? false, entries: <empty>
 0.00% |█                                                                                                    |  0/1 Time: 0:07:322019-09-17 12:50:28,443 [grpc-default-executor-6] INFO  impl.RaftServerProxy (RaftServerProxy.java:remove(95)) - 5e893e0a-56f7-4618-9f46-a6ff48173cb6: remove group-1F9831CC3440:null
2019-09-17 12:50:28,446 [RatisPipelineUtilsThread] WARN  pipeline.RatisPipelineUtils (RatisPipelineUtils.java:destroyPipeline(66)) - Pipeline destroy failed for pipeline=PipelineID=e5966ae0-5fcf-4a62-bb3f-1f9831cc3440 dn=5e893e0a-56f7-4618-9f46-a6ff48173cb6{ip: 192.168.5.153, host: pr-hdds-2137-trunk-mnh2s-3748177197, networkLocation: /default-rack, certSerialId: null}
2019-09-17 12:50:28,448 [grpc-default-executor-6] INFO  impl.RaftServerProxy (RaftServerProxy.java:remove(95)) - 84ab4d91-000c-4523-9c5f-2c204b5f6601: remove group-1F9831CC3440:null
2019-09-17 12:50:28,450 [RatisPipelineUtilsThread] WARN  pipeline.RatisPipelineUtils (RatisPipelineUtils.java:destroyPipeline(66)) - Pipeline destroy failed for pipeline=PipelineID=e5966ae0-5fcf-4a62-bb3f-1f9831cc3440 dn=84ab4d91-000c-4523-9c5f-2c204b5f6601{ip: 192.168.5.153, host: pr-hdds-2137-trunk-mnh2s-3748177197, networkLocation: /default-rack, certSerialId: null}
2019-09-17 12:50:28,452 [grpc-default-executor-6] INFO  impl.RaftServerProxy (RaftServerProxy.java:remove(95)) - f7ede272-a28a-44e0-9552-15581fc2de04: remove group-1F9831CC3440:null
2019-09-17 12:50:28,454 [RatisPipelineUtilsThread] WARN  pipeline.RatisPipelineUtils (RatisPipelineUtils.java:destroyPipeline(66)) - Pipeline destroy failed for pipeline=PipelineID=e5966ae0-5fcf-4a62-bb3f-1f9831cc3440 dn=f7ede272-a28a-44e0-9552-15581fc2de04{ip: 192.168.5.153, host: pr-hdds-2137-trunk-mnh2s-3748177197, networkLocation: /default-rack, certSerialId: null}
2019-09-17 12:50:28,454 [RatisPipelineUtilsThread] ERROR pipeline.SCMPipelineManager (Scheduler.java:lambda$schedule$1(70)) - Destroy pipeline failed for pipeline:Pipeline[ Id: e5966ae0-5fcf-4a62-bb3f-1f9831cc3440, Nodes: 5e893e0a-56f7-4618-9f46-a6ff48173cb6{ip: 192.168.5.153, host: pr-hdds-2137-trunk-mnh2s-3748177197, networkLocation: /default-rack, certSerialId: null}84ab4d91-000c-4523-9c5f-2c204b5f6601{ip: 192.168.5.153, host: pr-hdds-2137-trunk-mnh2s-3748177197, networkLocation: /default-rack, certSerialId: null}f7ede272-a28a-44e0-9552-15581fc2de04{ip: 192.168.5.153, host: pr-hdds-2137-trunk-mnh2s-3748177197, networkLocation: /default-rack, certSerialId: null}, Type:RATIS, Factor:THREE, State:CLOSED]
org.apache.hadoop.hdds.scm.pipeline.PipelineNotFoundException: PipelineID=e5966ae0-5fcf-4a62-bb3f-1f9831cc3440 not found
	at org.apache.hadoop.hdds.scm.pipeline.PipelineStateMap.getPipeline(PipelineStateMap.java:132)
	at org.apache.hadoop.hdds.scm.pipeline.PipelineStateMap.removePipeline(PipelineStateMap.java:322)
	at org.apache.hadoop.hdds.scm.pipeline.PipelineStateManager.removePipeline(PipelineStateManager.java:107)
	at org.apache.hadoop.hdds.scm.pipeline.SCMPipelineManager.removePipeline(SCMPipelineManager.java:423)
	at org.apache.hadoop.hdds.scm.pipeline.SCMPipelineManager.destroyPipeline(SCMPipelineManager.java:409)
	at org.apache.hadoop.hdds.scm.pipeline.SCMPipelineManager.lambda$finalizeAndDestroyPipeline$0(SCMPipelineManager.java:318)
	at org.apache.hadoop.utils.Scheduler.lambda$schedule$1(Scheduler.java:68)
	at java.util.concurrent.Executors$RunnableAdapter.call(Executors.java:511)
	at java.util.concurrent.FutureTask.run(FutureTask.java:266)
	at java.util.concurrent.ScheduledThreadPoolExecutor$ScheduledFutureTask.access$201(ScheduledThreadPoolExecutor.java:180)
	at java.util.concurrent.ScheduledThreadPoolExecutor$ScheduledFutureTask.run(ScheduledThreadPoolExecutor.java:293)
	at java.util.concurrent.ThreadPoolExecutor.runWorker(ThreadPoolExecutor.java:1149)
	at java.util.concurrent.ThreadPoolExecutor$Worker.run(ThreadPoolExecutor.java:624)
	at java.lang.Thread.run(Thread.java:748)
 0.00% |█                                                                                                    |  0/1 Time: 0:07:332019-09-17 12:50:30,057 [grpc-default-executor-5] INFO  client.GrpcClientProtocolClient (GrpcClientProtocolClient.java:onNext(264)) - client-B24658765329->84ab4d91-000c-4523-9c5f-2c204b5f6601: receive RaftClientReply:client-B24658765329->84ab4d91-000c-4523-9c5f-2c204b5f6601@group-869F42A7192E, cid=153, FAILED org.apache.ratis.protocol.NotLeaderException: Server 84ab4d91-000c-4523-9c5f-2c204b5f6601@group-869F42A7192E is not the leader 5e893e0a-56f7-4618-9f46-a6ff48173cb6:192.168.5.153:37060, logIndex=0, commits[84ab4d91-000c-4523-9c5f-2c204b5f6601:c16, 5e893e0a-56f7-4618-9f46-a6ff48173cb6:c16, f7ede272-a28a-44e0-9552-15581fc2de04:c12]
2019-09-17 12:50:30,175 [java.util.concurrent.ThreadPoolExecutor$Worker@baf429f[State = -1, empty queue]] WARN  server.GrpcLogAppender (GrpcLogAppender.java:timeoutAppendRequest(200)) - 5e893e0a-56f7-4618-9f46-a6ff48173cb6@group-869F42A7192E->f7ede272-a28a-44e0-9552-15581fc2de04-GrpcLogAppender: appendEntries Timeout, request=5e893e0a-56f7-4618-9f46-a6ff48173cb6->f7ede272-a28a-44e0-9552-15581fc2de04#54-t1, previous=(t:1, i:20), leaderCommit=16, initializing? false, entries: <empty>
2019-09-17 12:50:30,175 [java.util.concurrent.ThreadPoolExecutor$Worker@70b491f[State = -1, empty queue]] WARN  server.GrpcLogAppender (GrpcLogAppender.java:timeoutAppendRequest(200)) - 5e893e0a-56f7-4618-9f46-a6ff48173cb6@group-869F42A7192E->84ab4d91-000c-4523-9c5f-2c204b5f6601-GrpcLogAppender: appendEntries Timeout, request=5e893e0a-56f7-4618-9f46-a6ff48173cb6->84ab4d91-000c-4523-9c5f-2c204b5f6601#54-t1, previous=(t:1, i:20), leaderCommit=16, initializing? false, entries: <empty>
 0.00% |█                                                                                                    |  0/1 Time: 0:07:34 0.00% |█                                                                                                    |  0/1 Time: 0:07:352019-09-17 12:50:31,447 [grpc-default-executor-6] INFO  impl.RaftServerProxy (RaftServerProxy.java:remove(95)) - 5e893e0a-56f7-4618-9f46-a6ff48173cb6: remove group-1F9831CC3440:null
2019-09-17 12:50:31,450 [RatisPipelineUtilsThread] WARN  pipeline.RatisPipelineUtils (RatisPipelineUtils.java:destroyPipeline(66)) - Pipeline destroy failed for pipeline=PipelineID=e5966ae0-5fcf-4a62-bb3f-1f9831cc3440 dn=5e893e0a-56f7-4618-9f46-a6ff48173cb6{ip: 192.168.5.153, host: pr-hdds-2137-trunk-mnh2s-3748177197, networkLocation: /default-rack, certSerialId: null}
2019-09-17 12:50:31,453 [grpc-default-executor-6] INFO  impl.RaftServerProxy (RaftServerProxy.java:remove(95)) - 84ab4d91-000c-4523-9c5f-2c204b5f6601: remove group-1F9831CC3440:null
2019-09-17 12:50:31,455 [RatisPipelineUtilsThread] WARN  pipeline.RatisPipelineUtils (RatisPipelineUtils.java:destroyPipeline(66)) - Pipeline destroy failed for pipeline=PipelineID=e5966ae0-5fcf-4a62-bb3f-1f9831cc3440 dn=84ab4d91-000c-4523-9c5f-2c204b5f6601{ip: 192.168.5.153, host: pr-hdds-2137-trunk-mnh2s-3748177197, networkLocation: /default-rack, certSerialId: null}
2019-09-17 12:50:31,457 [grpc-default-executor-5] INFO  impl.RaftServerProxy (RaftServerProxy.java:remove(95)) - f7ede272-a28a-44e0-9552-15581fc2de04: remove group-1F9831CC3440:null
2019-09-17 12:50:31,459 [RatisPipelineUtilsThread] WARN  pipeline.RatisPipelineUtils (RatisPipelineUtils.java:destroyPipeline(66)) - Pipeline destroy failed for pipeline=PipelineID=e5966ae0-5fcf-4a62-bb3f-1f9831cc3440 dn=f7ede272-a28a-44e0-9552-15581fc2de04{ip: 192.168.5.153, host: pr-hdds-2137-trunk-mnh2s-3748177197, networkLocation: /default-rack, certSerialId: null}
2019-09-17 12:50:31,460 [RatisPipelineUtilsThread] ERROR pipeline.SCMPipelineManager (Scheduler.java:lambda$schedule$1(70)) - Destroy pipeline failed for pipeline:Pipeline[ Id: e5966ae0-5fcf-4a62-bb3f-1f9831cc3440, Nodes: 5e893e0a-56f7-4618-9f46-a6ff48173cb6{ip: 192.168.5.153, host: pr-hdds-2137-trunk-mnh2s-3748177197, networkLocation: /default-rack, certSerialId: null}84ab4d91-000c-4523-9c5f-2c204b5f6601{ip: 192.168.5.153, host: pr-hdds-2137-trunk-mnh2s-3748177197, networkLocation: /default-rack, certSerialId: null}f7ede272-a28a-44e0-9552-15581fc2de04{ip: 192.168.5.153, host: pr-hdds-2137-trunk-mnh2s-3748177197, networkLocation: /default-rack, certSerialId: null}, Type:RATIS, Factor:THREE, State:CLOSED]
org.apache.hadoop.hdds.scm.pipeline.PipelineNotFoundException: PipelineID=e5966ae0-5fcf-4a62-bb3f-1f9831cc3440 not found
	at org.apache.hadoop.hdds.scm.pipeline.PipelineStateMap.getPipeline(PipelineStateMap.java:132)
	at org.apache.hadoop.hdds.scm.pipeline.PipelineStateMap.removePipeline(PipelineStateMap.java:322)
	at org.apache.hadoop.hdds.scm.pipeline.PipelineStateManager.removePipeline(PipelineStateManager.java:107)
	at org.apache.hadoop.hdds.scm.pipeline.SCMPipelineManager.removePipeline(SCMPipelineManager.java:423)
	at org.apache.hadoop.hdds.scm.pipeline.SCMPipelineManager.destroyPipeline(SCMPipelineManager.java:409)
	at org.apache.hadoop.hdds.scm.pipeline.SCMPipelineManager.lambda$finalizeAndDestroyPipeline$0(SCMPipelineManager.java:318)
	at org.apache.hadoop.utils.Scheduler.lambda$schedule$1(Scheduler.java:68)
	at java.util.concurrent.Executors$RunnableAdapter.call(Executors.java:511)
	at java.util.concurrent.FutureTask.run(FutureTask.java:266)
	at java.util.concurrent.ScheduledThreadPoolExecutor$ScheduledFutureTask.access$201(ScheduledThreadPoolExecutor.java:180)
	at java.util.concurrent.ScheduledThreadPoolExecutor$ScheduledFutureTask.run(ScheduledThreadPoolExecutor.java:293)
	at java.util.concurrent.ThreadPoolExecutor.runWorker(ThreadPoolExecutor.java:1149)
	at java.util.concurrent.ThreadPoolExecutor$Worker.run(ThreadPoolExecutor.java:624)
	at java.lang.Thread.run(Thread.java:748)
 0.00% |█                                                                                                    |  0/1 Time: 0:07:362019-09-17 12:50:32,675 [java.util.concurrent.ThreadPoolExecutor$Worker@baf429f[State = -1, empty queue]] WARN  server.GrpcLogAppender (GrpcLogAppender.java:timeoutAppendRequest(200)) - 5e893e0a-56f7-4618-9f46-a6ff48173cb6@group-869F42A7192E->f7ede272-a28a-44e0-9552-15581fc2de04-GrpcLogAppender: appendEntries Timeout, request=5e893e0a-56f7-4618-9f46-a6ff48173cb6->f7ede272-a28a-44e0-9552-15581fc2de04#55-t1, previous=(t:1, i:20), leaderCommit=16, initializing? false, entries: <empty>
2019-09-17 12:50:32,675 [java.util.concurrent.ThreadPoolExecutor$Worker@70b491f[State = -1, empty queue]] WARN  server.GrpcLogAppender (GrpcLogAppender.java:timeoutAppendRequest(200)) - 5e893e0a-56f7-4618-9f46-a6ff48173cb6@group-869F42A7192E->84ab4d91-000c-4523-9c5f-2c204b5f6601-GrpcLogAppender: appendEntries Timeout, request=5e893e0a-56f7-4618-9f46-a6ff48173cb6->84ab4d91-000c-4523-9c5f-2c204b5f6601#55-t1, previous=(t:1, i:20), leaderCommit=16, initializing? false, entries: <empty>
 0.00% |█                                                                                                    |  0/1 Time: 0:07:372019-09-17 12:50:33,449 [grpc-default-executor-6] INFO  impl.RaftServerProxy (RaftServerProxy.java:remove(95)) - 5e893e0a-56f7-4618-9f46-a6ff48173cb6: remove group-1F9831CC3440:null
2019-09-17 12:50:33,453 [RatisPipelineUtilsThread] WARN  pipeline.RatisPipelineUtils (RatisPipelineUtils.java:destroyPipeline(66)) - Pipeline destroy failed for pipeline=PipelineID=e5966ae0-5fcf-4a62-bb3f-1f9831cc3440 dn=5e893e0a-56f7-4618-9f46-a6ff48173cb6{ip: 192.168.5.153, host: pr-hdds-2137-trunk-mnh2s-3748177197, networkLocation: /default-rack, certSerialId: null}
2019-09-17 12:50:33,456 [grpc-default-executor-6] INFO  impl.RaftServerProxy (RaftServerProxy.java:remove(95)) - 84ab4d91-000c-4523-9c5f-2c204b5f6601: remove group-1F9831CC3440:null
2019-09-17 12:50:33,458 [RatisPipelineUtilsThread] WARN  pipeline.RatisPipelineUtils (RatisPipelineUtils.java:destroyPipeline(66)) - Pipeline destroy failed for pipeline=PipelineID=e5966ae0-5fcf-4a62-bb3f-1f9831cc3440 dn=84ab4d91-000c-4523-9c5f-2c204b5f6601{ip: 192.168.5.153, host: pr-hdds-2137-trunk-mnh2s-3748177197, networkLocation: /default-rack, certSerialId: null}
2019-09-17 12:50:33,461 [grpc-default-executor-6] INFO  impl.RaftServerProxy (RaftServerProxy.java:remove(95)) - f7ede272-a28a-44e0-9552-15581fc2de04: remove group-1F9831CC3440:null
2019-09-17 12:50:33,463 [RatisPipelineUtilsThread] WARN  pipeline.RatisPipelineUtils (RatisPipelineUtils.java:destroyPipeline(66)) - Pipeline destroy failed for pipeline=PipelineID=e5966ae0-5fcf-4a62-bb3f-1f9831cc3440 dn=f7ede272-a28a-44e0-9552-15581fc2de04{ip: 192.168.5.153, host: pr-hdds-2137-trunk-mnh2s-3748177197, networkLocation: /default-rack, certSerialId: null}
2019-09-17 12:50:33,464 [RatisPipelineUtilsThread] ERROR pipeline.SCMPipelineManager (Scheduler.java:lambda$schedule$1(70)) - Destroy pipeline failed for pipeline:Pipeline[ Id: e5966ae0-5fcf-4a62-bb3f-1f9831cc3440, Nodes: 5e893e0a-56f7-4618-9f46-a6ff48173cb6{ip: 192.168.5.153, host: pr-hdds-2137-trunk-mnh2s-3748177197, networkLocation: /default-rack, certSerialId: null}84ab4d91-000c-4523-9c5f-2c204b5f6601{ip: 192.168.5.153, host: pr-hdds-2137-trunk-mnh2s-3748177197, networkLocation: /default-rack, certSerialId: null}f7ede272-a28a-44e0-9552-15581fc2de04{ip: 192.168.5.153, host: pr-hdds-2137-trunk-mnh2s-3748177197, networkLocation: /default-rack, certSerialId: null}, Type:RATIS, Factor:THREE, State:CLOSED]
org.apache.hadoop.hdds.scm.pipeline.PipelineNotFoundException: PipelineID=e5966ae0-5fcf-4a62-bb3f-1f9831cc3440 not found
	at org.apache.hadoop.hdds.scm.pipeline.PipelineStateMap.getPipeline(PipelineStateMap.java:132)
	at org.apache.hadoop.hdds.scm.pipeline.PipelineStateMap.removePipeline(PipelineStateMap.java:322)
	at org.apache.hadoop.hdds.scm.pipeline.PipelineStateManager.removePipeline(PipelineStateManager.java:107)
	at org.apache.hadoop.hdds.scm.pipeline.SCMPipelineManager.removePipeline(SCMPipelineManager.java:423)
	at org.apache.hadoop.hdds.scm.pipeline.SCMPipelineManager.destroyPipeline(SCMPipelineManager.java:409)
	at org.apache.hadoop.hdds.scm.pipeline.SCMPipelineManager.lambda$finalizeAndDestroyPipeline$0(SCMPipelineManager.java:318)
	at org.apache.hadoop.utils.Scheduler.lambda$schedule$1(Scheduler.java:68)
	at java.util.concurrent.Executors$RunnableAdapter.call(Executors.java:511)
	at java.util.concurrent.FutureTask.run(FutureTask.java:266)
	at java.util.concurrent.ScheduledThreadPoolExecutor$ScheduledFutureTask.access$201(ScheduledThreadPoolExecutor.java:180)
	at java.util.concurrent.ScheduledThreadPoolExecutor$ScheduledFutureTask.run(ScheduledThreadPoolExecutor.java:293)
	at java.util.concurrent.ThreadPoolExecutor.runWorker(ThreadPoolExecutor.java:1149)
	at java.util.concurrent.ThreadPoolExecutor$Worker.run(ThreadPoolExecutor.java:624)
	at java.lang.Thread.run(Thread.java:748)
 0.00% |█                                                                                                    |  0/1 Time: 0:07:382019-09-17 12:50:34,649 [5e893e0a-56f7-4618-9f46-a6ff48173cb6@group-869F42A7192E-SegmentedRaftLogWorker] WARN  segmented.SegmentedRaftLogWorker (SegmentedRaftLogWorker.java:getFromFuture(90)) - Timeout 5/~
org.apache.ratis.protocol.TimeoutIOException: Timeout 10s: WriteLog:17: (t:1, i:17), STATEMACHINELOGENTRY, client-B24658765329, cid=153-writeStateMachineData
	at org.apache.ratis.util.IOUtils.getFromFuture(IOUtils.java:87)
	at org.apache.ratis.server.raftlog.segmented.SegmentedRaftLogWorker$StateMachineDataPolicy.getFromFuture(SegmentedRaftLogWorker.java:87)
	at org.apache.ratis.server.raftlog.segmented.SegmentedRaftLogWorker$WriteLog.execute(SegmentedRaftLogWorker.java:477)
	at org.apache.ratis.server.raftlog.segmented.SegmentedRaftLogWorker.run(SegmentedRaftLogWorker.java:289)
	at java.lang.Thread.run(Thread.java:748)
Caused by: java.util.concurrent.TimeoutException
	at java.util.concurrent.CompletableFuture.timedGet(CompletableFuture.java:1771)
	at java.util.concurrent.CompletableFuture.get(CompletableFuture.java:1915)
	at org.apache.ratis.util.IOUtils.getFromFuture(IOUtils.java:79)
	... 4 more
2019-09-17 12:50:34,663 [f7ede272-a28a-44e0-9552-15581fc2de04@group-869F42A7192E-SegmentedRaftLogWorker] WARN  segmented.SegmentedRaftLogWorker (SegmentedRaftLogWorker.java:getFromFuture(90)) - Timeout 5/~
org.apache.ratis.protocol.TimeoutIOException: Timeout 10s: WriteLog:17: (t:1, i:17), STATEMACHINELOGENTRY, client-B24658765329, cid=153-writeStateMachineData
	at org.apache.ratis.util.IOUtils.getFromFuture(IOUtils.java:87)
	at org.apache.ratis.server.raftlog.segmented.SegmentedRaftLogWorker$StateMachineDataPolicy.getFromFuture(SegmentedRaftLogWorker.java:87)
	at org.apache.ratis.server.raftlog.segmented.SegmentedRaftLogWorker$WriteLog.execute(SegmentedRaftLogWorker.java:477)
	at org.apache.ratis.server.raftlog.segmented.SegmentedRaftLogWorker.run(SegmentedRaftLogWorker.java:289)
	at java.lang.Thread.run(Thread.java:748)
Caused by: java.util.concurrent.TimeoutException
	at java.util.concurrent.CompletableFuture.timedGet(CompletableFuture.java:1771)
	at java.util.concurrent.CompletableFuture.get(CompletableFuture.java:1915)
	at org.apache.ratis.util.IOUtils.getFromFuture(IOUtils.java:79)
	... 4 more
2019-09-17 12:50:34,664 [84ab4d91-000c-4523-9c5f-2c204b5f6601@group-869F42A7192E-SegmentedRaftLogWorker] WARN  segmented.SegmentedRaftLogWorker (SegmentedRaftLogWorker.java:getFromFuture(90)) - Timeout 5/~
org.apache.ratis.protocol.TimeoutIOException: Timeout 10s: WriteLog:17: (t:1, i:17), STATEMACHINELOGENTRY, client-B24658765329, cid=153-writeStateMachineData
	at org.apache.ratis.util.IOUtils.getFromFuture(IOUtils.java:87)
	at org.apache.ratis.server.raftlog.segmented.SegmentedRaftLogWorker$StateMachineDataPolicy.getFromFuture(SegmentedRaftLogWorker.java:87)
	at org.apache.ratis.server.raftlog.segmented.SegmentedRaftLogWorker$WriteLog.execute(SegmentedRaftLogWorker.java:477)
	at org.apache.ratis.server.raftlog.segmented.SegmentedRaftLogWorker.run(SegmentedRaftLogWorker.java:289)
	at java.lang.Thread.run(Thread.java:748)
Caused by: java.util.concurrent.TimeoutException
	at java.util.concurrent.CompletableFuture.timedGet(CompletableFuture.java:1771)
	at java.util.concurrent.CompletableFuture.get(CompletableFuture.java:1915)
	at org.apache.ratis.util.IOUtils.getFromFuture(IOUtils.java:79)
	... 4 more
2019-09-17 12:50:35,105 [grpc-default-executor-5] INFO  client.GrpcClientProtocolClient (GrpcClientProtocolClient.java:onNext(264)) - client-B24658765329->f7ede272-a28a-44e0-9552-15581fc2de04: receive RaftClientReply:client-B24658765329->f7ede272-a28a-44e0-9552-15581fc2de04@group-869F42A7192E, cid=153, FAILED org.apache.ratis.protocol.NotLeaderException: Server f7ede272-a28a-44e0-9552-15581fc2de04@group-869F42A7192E is not the leader 5e893e0a-56f7-4618-9f46-a6ff48173cb6:192.168.5.153:37060, logIndex=0, commits[f7ede272-a28a-44e0-9552-15581fc2de04:c16, 5e893e0a-56f7-4618-9f46-a6ff48173cb6:c16, 84ab4d91-000c-4523-9c5f-2c204b5f6601:c12]
2019-09-17 12:50:35,176 [java.util.concurrent.ThreadPoolExecutor$Worker@baf429f[State = -1, empty queue]] WARN  server.GrpcLogAppender (GrpcLogAppender.java:timeoutAppendRequest(200)) - 5e893e0a-56f7-4618-9f46-a6ff48173cb6@group-869F42A7192E->f7ede272-a28a-44e0-9552-15581fc2de04-GrpcLogAppender: appendEntries Timeout, request=5e893e0a-56f7-4618-9f46-a6ff48173cb6->f7ede272-a28a-44e0-9552-15581fc2de04#56-t1, previous=(t:1, i:20), leaderCommit=16, initializing? false, entries: <empty>
2019-09-17 12:50:35,176 [java.util.concurrent.ThreadPoolExecutor$Worker@70b491f[State = -1, empty queue]] WARN  server.GrpcLogAppender (GrpcLogAppender.java:timeoutAppendRequest(200)) - 5e893e0a-56f7-4618-9f46-a6ff48173cb6@group-869F42A7192E->84ab4d91-000c-4523-9c5f-2c204b5f6601-GrpcLogAppender: appendEntries Timeout, request=5e893e0a-56f7-4618-9f46-a6ff48173cb6->84ab4d91-000c-4523-9c5f-2c204b5f6601#56-t1, previous=(t:1, i:20), leaderCommit=16, initializing? false, entries: <empty>
 0.00% |█                                                                                                    |  0/1 Time: 0:07:39 0.00% |█                                                                                                    |  0/1 Time: 0:07:402019-09-17 12:50:36,444 [grpc-default-executor-6] INFO  impl.RaftServerProxy (RaftServerProxy.java:remove(95)) - 5e893e0a-56f7-4618-9f46-a6ff48173cb6: remove group-1F9831CC3440:null
2019-09-17 12:50:36,447 [RatisPipelineUtilsThread] WARN  pipeline.RatisPipelineUtils (RatisPipelineUtils.java:destroyPipeline(66)) - Pipeline destroy failed for pipeline=PipelineID=e5966ae0-5fcf-4a62-bb3f-1f9831cc3440 dn=5e893e0a-56f7-4618-9f46-a6ff48173cb6{ip: 192.168.5.153, host: pr-hdds-2137-trunk-mnh2s-3748177197, networkLocation: /default-rack, certSerialId: null}
2019-09-17 12:50:36,451 [grpc-default-executor-6] INFO  impl.RaftServerProxy (RaftServerProxy.java:remove(95)) - 84ab4d91-000c-4523-9c5f-2c204b5f6601: remove group-1F9831CC3440:null
2019-09-17 12:50:36,453 [RatisPipelineUtilsThread] WARN  pipeline.RatisPipelineUtils (RatisPipelineUtils.java:destroyPipeline(66)) - Pipeline destroy failed for pipeline=PipelineID=e5966ae0-5fcf-4a62-bb3f-1f9831cc3440 dn=84ab4d91-000c-4523-9c5f-2c204b5f6601{ip: 192.168.5.153, host: pr-hdds-2137-trunk-mnh2s-3748177197, networkLocation: /default-rack, certSerialId: null}
2019-09-17 12:50:36,456 [grpc-default-executor-6] INFO  impl.RaftServerProxy (RaftServerProxy.java:remove(95)) - f7ede272-a28a-44e0-9552-15581fc2de04: remove group-1F9831CC3440:null
2019-09-17 12:50:36,458 [RatisPipelineUtilsThread] WARN  pipeline.RatisPipelineUtils (RatisPipelineUtils.java:destroyPipeline(66)) - Pipeline destroy failed for pipeline=PipelineID=e5966ae0-5fcf-4a62-bb3f-1f9831cc3440 dn=f7ede272-a28a-44e0-9552-15581fc2de04{ip: 192.168.5.153, host: pr-hdds-2137-trunk-mnh2s-3748177197, networkLocation: /default-rack, certSerialId: null}
2019-09-17 12:50:36,459 [RatisPipelineUtilsThread] ERROR pipeline.SCMPipelineManager (Scheduler.java:lambda$schedule$1(70)) - Destroy pipeline failed for pipeline:Pipeline[ Id: e5966ae0-5fcf-4a62-bb3f-1f9831cc3440, Nodes: 5e893e0a-56f7-4618-9f46-a6ff48173cb6{ip: 192.168.5.153, host: pr-hdds-2137-trunk-mnh2s-3748177197, networkLocation: /default-rack, certSerialId: null}84ab4d91-000c-4523-9c5f-2c204b5f6601{ip: 192.168.5.153, host: pr-hdds-2137-trunk-mnh2s-3748177197, networkLocation: /default-rack, certSerialId: null}f7ede272-a28a-44e0-9552-15581fc2de04{ip: 192.168.5.153, host: pr-hdds-2137-trunk-mnh2s-3748177197, networkLocation: /default-rack, certSerialId: null}, Type:RATIS, Factor:THREE, State:CLOSED]
org.apache.hadoop.hdds.scm.pipeline.PipelineNotFoundException: PipelineID=e5966ae0-5fcf-4a62-bb3f-1f9831cc3440 not found
	at org.apache.hadoop.hdds.scm.pipeline.PipelineStateMap.getPipeline(PipelineStateMap.java:132)
	at org.apache.hadoop.hdds.scm.pipeline.PipelineStateMap.removePipeline(PipelineStateMap.java:322)
	at org.apache.hadoop.hdds.scm.pipeline.PipelineStateManager.removePipeline(PipelineStateManager.java:107)
	at org.apache.hadoop.hdds.scm.pipeline.SCMPipelineManager.removePipeline(SCMPipelineManager.java:423)
	at org.apache.hadoop.hdds.scm.pipeline.SCMPipelineManager.destroyPipeline(SCMPipelineManager.java:409)
	at org.apache.hadoop.hdds.scm.pipeline.SCMPipelineManager.lambda$finalizeAndDestroyPipeline$0(SCMPipelineManager.java:318)
	at org.apache.hadoop.utils.Scheduler.lambda$schedule$1(Scheduler.java:68)
	at java.util.concurrent.Executors$RunnableAdapter.call(Executors.java:511)
	at java.util.concurrent.FutureTask.run(FutureTask.java:266)
	at java.util.concurrent.ScheduledThreadPoolExecutor$ScheduledFutureTask.access$201(ScheduledThreadPoolExecutor.java:180)
	at java.util.concurrent.ScheduledThreadPoolExecutor$ScheduledFutureTask.run(ScheduledThreadPoolExecutor.java:293)
	at java.util.concurrent.ThreadPoolExecutor.runWorker(ThreadPoolExecutor.java:1149)
	at java.util.concurrent.ThreadPoolExecutor$Worker.run(ThreadPoolExecutor.java:624)
	at java.lang.Thread.run(Thread.java:748)
 0.00% |█                                                                                                    |  0/1 Time: 0:07:412019-09-17 12:50:37,677 [java.util.concurrent.ThreadPoolExecutor$Worker@70b491f[State = -1, empty queue]] WARN  server.GrpcLogAppender (GrpcLogAppender.java:timeoutAppendRequest(200)) - 5e893e0a-56f7-4618-9f46-a6ff48173cb6@group-869F42A7192E->84ab4d91-000c-4523-9c5f-2c204b5f6601-GrpcLogAppender: appendEntries Timeout, request=5e893e0a-56f7-4618-9f46-a6ff48173cb6->84ab4d91-000c-4523-9c5f-2c204b5f6601#57-t1, previous=(t:1, i:20), leaderCommit=16, initializing? false, entries: <empty>
2019-09-17 12:50:37,677 [java.util.concurrent.ThreadPoolExecutor$Worker@baf429f[State = -1, empty queue]] WARN  server.GrpcLogAppender (GrpcLogAppender.java:timeoutAppendRequest(200)) - 5e893e0a-56f7-4618-9f46-a6ff48173cb6@group-869F42A7192E->f7ede272-a28a-44e0-9552-15581fc2de04-GrpcLogAppender: appendEntries Timeout, request=5e893e0a-56f7-4618-9f46-a6ff48173cb6->f7ede272-a28a-44e0-9552-15581fc2de04#57-t1, previous=(t:1, i:20), leaderCommit=16, initializing? false, entries: <empty>
 0.00% |█                                                                                                    |  0/1 Time: 0:07:422019-09-17 12:50:38,446 [grpc-default-executor-6] INFO  impl.RaftServerProxy (RaftServerProxy.java:remove(95)) - 5e893e0a-56f7-4618-9f46-a6ff48173cb6: remove group-1F9831CC3440:null
2019-09-17 12:50:38,448 [RatisPipelineUtilsThread] WARN  pipeline.RatisPipelineUtils (RatisPipelineUtils.java:destroyPipeline(66)) - Pipeline destroy failed for pipeline=PipelineID=e5966ae0-5fcf-4a62-bb3f-1f9831cc3440 dn=5e893e0a-56f7-4618-9f46-a6ff48173cb6{ip: 192.168.5.153, host: pr-hdds-2137-trunk-mnh2s-3748177197, networkLocation: /default-rack, certSerialId: null}
2019-09-17 12:50:38,451 [grpc-default-executor-6] INFO  impl.RaftServerProxy (RaftServerProxy.java:remove(95)) - 84ab4d91-000c-4523-9c5f-2c204b5f6601: remove group-1F9831CC3440:null
2019-09-17 12:50:38,453 [RatisPipelineUtilsThread] WARN  pipeline.RatisPipelineUtils (RatisPipelineUtils.java:destroyPipeline(66)) - Pipeline destroy failed for pipeline=PipelineID=e5966ae0-5fcf-4a62-bb3f-1f9831cc3440 dn=84ab4d91-000c-4523-9c5f-2c204b5f6601{ip: 192.168.5.153, host: pr-hdds-2137-trunk-mnh2s-3748177197, networkLocation: /default-rack, certSerialId: null}
2019-09-17 12:50:38,456 [grpc-default-executor-6] INFO  impl.RaftServerProxy (RaftServerProxy.java:remove(95)) - f7ede272-a28a-44e0-9552-15581fc2de04: remove group-1F9831CC3440:null
2019-09-17 12:50:38,458 [RatisPipelineUtilsThread] WARN  pipeline.RatisPipelineUtils (RatisPipelineUtils.java:destroyPipeline(66)) - Pipeline destroy failed for pipeline=PipelineID=e5966ae0-5fcf-4a62-bb3f-1f9831cc3440 dn=f7ede272-a28a-44e0-9552-15581fc2de04{ip: 192.168.5.153, host: pr-hdds-2137-trunk-mnh2s-3748177197, networkLocation: /default-rack, certSerialId: null}
2019-09-17 12:50:38,459 [RatisPipelineUtilsThread] ERROR pipeline.SCMPipelineManager (Scheduler.java:lambda$schedule$1(70)) - Destroy pipeline failed for pipeline:Pipeline[ Id: e5966ae0-5fcf-4a62-bb3f-1f9831cc3440, Nodes: 5e893e0a-56f7-4618-9f46-a6ff48173cb6{ip: 192.168.5.153, host: pr-hdds-2137-trunk-mnh2s-3748177197, networkLocation: /default-rack, certSerialId: null}84ab4d91-000c-4523-9c5f-2c204b5f6601{ip: 192.168.5.153, host: pr-hdds-2137-trunk-mnh2s-3748177197, networkLocation: /default-rack, certSerialId: null}f7ede272-a28a-44e0-9552-15581fc2de04{ip: 192.168.5.153, host: pr-hdds-2137-trunk-mnh2s-3748177197, networkLocation: /default-rack, certSerialId: null}, Type:RATIS, Factor:THREE, State:CLOSED]
org.apache.hadoop.hdds.scm.pipeline.PipelineNotFoundException: PipelineID=e5966ae0-5fcf-4a62-bb3f-1f9831cc3440 not found
	at org.apache.hadoop.hdds.scm.pipeline.PipelineStateMap.getPipeline(PipelineStateMap.java:132)
	at org.apache.hadoop.hdds.scm.pipeline.PipelineStateMap.removePipeline(PipelineStateMap.java:322)
	at org.apache.hadoop.hdds.scm.pipeline.PipelineStateManager.removePipeline(PipelineStateManager.java:107)
	at org.apache.hadoop.hdds.scm.pipeline.SCMPipelineManager.removePipeline(SCMPipelineManager.java:423)
	at org.apache.hadoop.hdds.scm.pipeline.SCMPipelineManager.destroyPipeline(SCMPipelineManager.java:409)
	at org.apache.hadoop.hdds.scm.pipeline.SCMPipelineManager.lambda$finalizeAndDestroyPipeline$0(SCMPipelineManager.java:318)
	at org.apache.hadoop.utils.Scheduler.lambda$schedule$1(Scheduler.java:68)
	at java.util.concurrent.Executors$RunnableAdapter.call(Executors.java:511)
	at java.util.concurrent.FutureTask.run(FutureTask.java:266)
	at java.util.concurrent.ScheduledThreadPoolExecutor$ScheduledFutureTask.access$201(ScheduledThreadPoolExecutor.java:180)
	at java.util.concurrent.ScheduledThreadPoolExecutor$ScheduledFutureTask.run(ScheduledThreadPoolExecutor.java:293)
	at java.util.concurrent.ThreadPoolExecutor.runWorker(ThreadPoolExecutor.java:1149)
	at java.util.concurrent.ThreadPoolExecutor$Worker.run(ThreadPoolExecutor.java:624)
	at java.lang.Thread.run(Thread.java:748)
 0.00% |█                                                                                                    |  0/1 Time: 0:07:432019-09-17 12:50:39,453 [grpc-default-executor-5] INFO  impl.RaftServerProxy (RaftServerProxy.java:remove(95)) - 5e893e0a-56f7-4618-9f46-a6ff48173cb6: remove group-1F9831CC3440:null
2019-09-17 12:50:39,456 [RatisPipelineUtilsThread] WARN  pipeline.RatisPipelineUtils (RatisPipelineUtils.java:destroyPipeline(66)) - Pipeline destroy failed for pipeline=PipelineID=e5966ae0-5fcf-4a62-bb3f-1f9831cc3440 dn=5e893e0a-56f7-4618-9f46-a6ff48173cb6{ip: 192.168.5.153, host: pr-hdds-2137-trunk-mnh2s-3748177197, networkLocation: /default-rack, certSerialId: null}
2019-09-17 12:50:39,459 [grpc-default-executor-5] INFO  impl.RaftServerProxy (RaftServerProxy.java:remove(95)) - 84ab4d91-000c-4523-9c5f-2c204b5f6601: remove group-1F9831CC3440:null
2019-09-17 12:50:39,461 [RatisPipelineUtilsThread] WARN  pipeline.RatisPipelineUtils (RatisPipelineUtils.java:destroyPipeline(66)) - Pipeline destroy failed for pipeline=PipelineID=e5966ae0-5fcf-4a62-bb3f-1f9831cc3440 dn=84ab4d91-000c-4523-9c5f-2c204b5f6601{ip: 192.168.5.153, host: pr-hdds-2137-trunk-mnh2s-3748177197, networkLocation: /default-rack, certSerialId: null}
2019-09-17 12:50:39,464 [grpc-default-executor-5] INFO  impl.RaftServerProxy (RaftServerProxy.java:remove(95)) - f7ede272-a28a-44e0-9552-15581fc2de04: remove group-1F9831CC3440:null
2019-09-17 12:50:39,466 [RatisPipelineUtilsThread] WARN  pipeline.RatisPipelineUtils (RatisPipelineUtils.java:destroyPipeline(66)) - Pipeline destroy failed for pipeline=PipelineID=e5966ae0-5fcf-4a62-bb3f-1f9831cc3440 dn=f7ede272-a28a-44e0-9552-15581fc2de04{ip: 192.168.5.153, host: pr-hdds-2137-trunk-mnh2s-3748177197, networkLocation: /default-rack, certSerialId: null}
2019-09-17 12:50:39,467 [RatisPipelineUtilsThread] ERROR pipeline.SCMPipelineManager (Scheduler.java:lambda$schedule$1(70)) - Destroy pipeline failed for pipeline:Pipeline[ Id: e5966ae0-5fcf-4a62-bb3f-1f9831cc3440, Nodes: 5e893e0a-56f7-4618-9f46-a6ff48173cb6{ip: 192.168.5.153, host: pr-hdds-2137-trunk-mnh2s-3748177197, networkLocation: /default-rack, certSerialId: null}84ab4d91-000c-4523-9c5f-2c204b5f6601{ip: 192.168.5.153, host: pr-hdds-2137-trunk-mnh2s-3748177197, networkLocation: /default-rack, certSerialId: null}f7ede272-a28a-44e0-9552-15581fc2de04{ip: 192.168.5.153, host: pr-hdds-2137-trunk-mnh2s-3748177197, networkLocation: /default-rack, certSerialId: null}, Type:RATIS, Factor:THREE, State:CLOSED]
org.apache.hadoop.hdds.scm.pipeline.PipelineNotFoundException: PipelineID=e5966ae0-5fcf-4a62-bb3f-1f9831cc3440 not found
	at org.apache.hadoop.hdds.scm.pipeline.PipelineStateMap.getPipeline(PipelineStateMap.java:132)
	at org.apache.hadoop.hdds.scm.pipeline.PipelineStateMap.removePipeline(PipelineStateMap.java:322)
	at org.apache.hadoop.hdds.scm.pipeline.PipelineStateManager.removePipeline(PipelineStateManager.java:107)
	at org.apache.hadoop.hdds.scm.pipeline.SCMPipelineManager.removePipeline(SCMPipelineManager.java:423)
	at org.apache.hadoop.hdds.scm.pipeline.SCMPipelineManager.destroyPipeline(SCMPipelineManager.java:409)
	at org.apache.hadoop.hdds.scm.pipeline.SCMPipelineManager.lambda$finalizeAndDestroyPipeline$0(SCMPipelineManager.java:318)
	at org.apache.hadoop.utils.Scheduler.lambda$schedule$1(Scheduler.java:68)
	at java.util.concurrent.Executors$RunnableAdapter.call(Executors.java:511)
	at java.util.concurrent.FutureTask.run(FutureTask.java:266)
	at java.util.concurrent.ScheduledThreadPoolExecutor$ScheduledFutureTask.access$201(ScheduledThreadPoolExecutor.java:180)
	at java.util.concurrent.ScheduledThreadPoolExecutor$ScheduledFutureTask.run(ScheduledThreadPoolExecutor.java:293)
	at java.util.concurrent.ThreadPoolExecutor.runWorker(ThreadPoolExecutor.java:1149)
	at java.util.concurrent.ThreadPoolExecutor$Worker.run(ThreadPoolExecutor.java:624)
	at java.lang.Thread.run(Thread.java:748)
2019-09-17 12:50:39,657 [grpc-default-executor-5] INFO  impl.RaftServerProxy (RaftServerProxy.java:remove(95)) - 5e893e0a-56f7-4618-9f46-a6ff48173cb6: remove group-1F9831CC3440:null
2019-09-17 12:50:39,660 [RatisPipelineUtilsThread] WARN  pipeline.RatisPipelineUtils (RatisPipelineUtils.java:destroyPipeline(66)) - Pipeline destroy failed for pipeline=PipelineID=e5966ae0-5fcf-4a62-bb3f-1f9831cc3440 dn=5e893e0a-56f7-4618-9f46-a6ff48173cb6{ip: 192.168.5.153, host: pr-hdds-2137-trunk-mnh2s-3748177197, networkLocation: /default-rack, certSerialId: null}
2019-09-17 12:50:39,662 [grpc-default-executor-5] INFO  impl.RaftServerProxy (RaftServerProxy.java:remove(95)) - 84ab4d91-000c-4523-9c5f-2c204b5f6601: remove group-1F9831CC3440:null
2019-09-17 12:50:39,665 [RatisPipelineUtilsThread] WARN  pipeline.RatisPipelineUtils (RatisPipelineUtils.java:destroyPipeline(66)) - Pipeline destroy failed for pipeline=PipelineID=e5966ae0-5fcf-4a62-bb3f-1f9831cc3440 dn=84ab4d91-000c-4523-9c5f-2c204b5f6601{ip: 192.168.5.153, host: pr-hdds-2137-trunk-mnh2s-3748177197, networkLocation: /default-rack, certSerialId: null}
2019-09-17 12:50:39,667 [grpc-default-executor-5] INFO  impl.RaftServerProxy (RaftServerProxy.java:remove(95)) - f7ede272-a28a-44e0-9552-15581fc2de04: remove group-1F9831CC3440:null
2019-09-17 12:50:39,669 [RatisPipelineUtilsThread] WARN  pipeline.RatisPipelineUtils (RatisPipelineUtils.java:destroyPipeline(66)) - Pipeline destroy failed for pipeline=PipelineID=e5966ae0-5fcf-4a62-bb3f-1f9831cc3440 dn=f7ede272-a28a-44e0-9552-15581fc2de04{ip: 192.168.5.153, host: pr-hdds-2137-trunk-mnh2s-3748177197, networkLocation: /default-rack, certSerialId: null}
2019-09-17 12:50:39,670 [RatisPipelineUtilsThread] ERROR pipeline.SCMPipelineManager (Scheduler.java:lambda$schedule$1(70)) - Destroy pipeline failed for pipeline:Pipeline[ Id: e5966ae0-5fcf-4a62-bb3f-1f9831cc3440, Nodes: 5e893e0a-56f7-4618-9f46-a6ff48173cb6{ip: 192.168.5.153, host: pr-hdds-2137-trunk-mnh2s-3748177197, networkLocation: /default-rack, certSerialId: null}84ab4d91-000c-4523-9c5f-2c204b5f6601{ip: 192.168.5.153, host: pr-hdds-2137-trunk-mnh2s-3748177197, networkLocation: /default-rack, certSerialId: null}f7ede272-a28a-44e0-9552-15581fc2de04{ip: 192.168.5.153, host: pr-hdds-2137-trunk-mnh2s-3748177197, networkLocation: /default-rack, certSerialId: null}, Type:RATIS, Factor:THREE, State:CLOSED]
org.apache.hadoop.hdds.scm.pipeline.PipelineNotFoundException: PipelineID=e5966ae0-5fcf-4a62-bb3f-1f9831cc3440 not found
	at org.apache.hadoop.hdds.scm.pipeline.PipelineStateMap.getPipeline(PipelineStateMap.java:132)
	at org.apache.hadoop.hdds.scm.pipeline.PipelineStateMap.removePipeline(PipelineStateMap.java:322)
	at org.apache.hadoop.hdds.scm.pipeline.PipelineStateManager.removePipeline(PipelineStateManager.java:107)
	at org.apache.hadoop.hdds.scm.pipeline.SCMPipelineManager.removePipeline(SCMPipelineManager.java:423)
	at org.apache.hadoop.hdds.scm.pipeline.SCMPipelineManager.destroyPipeline(SCMPipelineManager.java:409)
	at org.apache.hadoop.hdds.scm.pipeline.SCMPipelineManager.lambda$finalizeAndDestroyPipeline$0(SCMPipelineManager.java:318)
	at org.apache.hadoop.utils.Scheduler.lambda$schedule$1(Scheduler.java:68)
	at java.util.concurrent.Executors$RunnableAdapter.call(Executors.java:511)
	at java.util.concurrent.FutureTask.run(FutureTask.java:266)
	at java.util.concurrent.ScheduledThreadPoolExecutor$ScheduledFutureTask.access$201(ScheduledThreadPoolExecutor.java:180)
	at java.util.concurrent.ScheduledThreadPoolExecutor$ScheduledFutureTask.run(ScheduledThreadPoolExecutor.java:293)
	at java.util.concurrent.ThreadPoolExecutor.runWorker(ThreadPoolExecutor.java:1149)
	at java.util.concurrent.ThreadPoolExecutor$Worker.run(ThreadPoolExecutor.java:624)
	at java.lang.Thread.run(Thread.java:748)
2019-09-17 12:50:40,138 [grpc-default-executor-5] INFO  client.GrpcClientProtocolClient (GrpcClientProtocolClient.java:onNext(264)) - client-B24658765329->84ab4d91-000c-4523-9c5f-2c204b5f6601: receive RaftClientReply:client-B24658765329->84ab4d91-000c-4523-9c5f-2c204b5f6601@group-869F42A7192E, cid=153, FAILED org.apache.ratis.protocol.NotLeaderException: Server 84ab4d91-000c-4523-9c5f-2c204b5f6601@group-869F42A7192E is not the leader 5e893e0a-56f7-4618-9f46-a6ff48173cb6:192.168.5.153:37060, logIndex=0, commits[84ab4d91-000c-4523-9c5f-2c204b5f6601:c16, 5e893e0a-56f7-4618-9f46-a6ff48173cb6:c16, f7ede272-a28a-44e0-9552-15581fc2de04:c12]
2019-09-17 12:50:40,177 [java.util.concurrent.ThreadPoolExecutor$Worker@baf429f[State = -1, empty queue]] WARN  server.GrpcLogAppender (GrpcLogAppender.java:timeoutAppendRequest(200)) - 5e893e0a-56f7-4618-9f46-a6ff48173cb6@group-869F42A7192E->f7ede272-a28a-44e0-9552-15581fc2de04-GrpcLogAppender: appendEntries Timeout, request=5e893e0a-56f7-4618-9f46-a6ff48173cb6->f7ede272-a28a-44e0-9552-15581fc2de04#58-t1, previous=(t:1, i:20), leaderCommit=16, initializing? false, entries: <empty>
2019-09-17 12:50:40,177 [java.util.concurrent.ThreadPoolExecutor$Worker@70b491f[State = -1, empty queue]] WARN  server.GrpcLogAppender (GrpcLogAppender.java:timeoutAppendRequest(200)) - 5e893e0a-56f7-4618-9f46-a6ff48173cb6@group-869F42A7192E->84ab4d91-000c-4523-9c5f-2c204b5f6601-GrpcLogAppender: appendEntries Timeout, request=5e893e0a-56f7-4618-9f46-a6ff48173cb6->84ab4d91-000c-4523-9c5f-2c204b5f6601#58-t1, previous=(t:1, i:20), leaderCommit=16, initializing? false, entries: <empty>
 0.00% |█                                                                                                    |  0/1 Time: 0:07:44 0.00% |█                                                                                                    |  0/1 Time: 0:07:45 0.00% |█                                                                                                    |  0/1 Time: 0:07:462019-09-17 12:50:42,677 [java.util.concurrent.ThreadPoolExecutor$Worker@baf429f[State = -1, empty queue]] WARN  server.GrpcLogAppender (GrpcLogAppender.java:timeoutAppendRequest(200)) - 5e893e0a-56f7-4618-9f46-a6ff48173cb6@group-869F42A7192E->f7ede272-a28a-44e0-9552-15581fc2de04-GrpcLogAppender: appendEntries Timeout, request=5e893e0a-56f7-4618-9f46-a6ff48173cb6->f7ede272-a28a-44e0-9552-15581fc2de04#59-t1, previous=(t:1, i:20), leaderCommit=16, initializing? false, entries: <empty>
2019-09-17 12:50:42,677 [java.util.concurrent.ThreadPoolExecutor$Worker@70b491f[State = -1, empty queue]] WARN  server.GrpcLogAppender (GrpcLogAppender.java:timeoutAppendRequest(200)) - 5e893e0a-56f7-4618-9f46-a6ff48173cb6@group-869F42A7192E->84ab4d91-000c-4523-9c5f-2c204b5f6601-GrpcLogAppender: appendEntries Timeout, request=5e893e0a-56f7-4618-9f46-a6ff48173cb6->84ab4d91-000c-4523-9c5f-2c204b5f6601#59-t1, previous=(t:1, i:20), leaderCommit=16, initializing? false, entries: <empty>
 0.00% |█                                                                                                    |  0/1 Time: 0:07:47 0.00% |█                                                                                                    |  0/1 Time: 0:07:482019-09-17 12:50:44,651 [5e893e0a-56f7-4618-9f46-a6ff48173cb6@group-869F42A7192E-SegmentedRaftLogWorker] WARN  segmented.SegmentedRaftLogWorker (SegmentedRaftLogWorker.java:getFromFuture(90)) - Timeout 6/~
org.apache.ratis.protocol.TimeoutIOException: Timeout 10s: WriteLog:17: (t:1, i:17), STATEMACHINELOGENTRY, client-B24658765329, cid=153-writeStateMachineData
	at org.apache.ratis.util.IOUtils.getFromFuture(IOUtils.java:87)
	at org.apache.ratis.server.raftlog.segmented.SegmentedRaftLogWorker$StateMachineDataPolicy.getFromFuture(SegmentedRaftLogWorker.java:87)
	at org.apache.ratis.server.raftlog.segmented.SegmentedRaftLogWorker$WriteLog.execute(SegmentedRaftLogWorker.java:477)
	at org.apache.ratis.server.raftlog.segmented.SegmentedRaftLogWorker.run(SegmentedRaftLogWorker.java:289)
	at java.lang.Thread.run(Thread.java:748)
Caused by: java.util.concurrent.TimeoutException
	at java.util.concurrent.CompletableFuture.timedGet(CompletableFuture.java:1771)
	at java.util.concurrent.CompletableFuture.get(CompletableFuture.java:1915)
	at org.apache.ratis.util.IOUtils.getFromFuture(IOUtils.java:79)
	... 4 more
2019-09-17 12:50:44,664 [f7ede272-a28a-44e0-9552-15581fc2de04@group-869F42A7192E-SegmentedRaftLogWorker] WARN  segmented.SegmentedRaftLogWorker (SegmentedRaftLogWorker.java:getFromFuture(90)) - Timeout 6/~
org.apache.ratis.protocol.TimeoutIOException: Timeout 10s: WriteLog:17: (t:1, i:17), STATEMACHINELOGENTRY, client-B24658765329, cid=153-writeStateMachineData
	at org.apache.ratis.util.IOUtils.getFromFuture(IOUtils.java:87)
	at org.apache.ratis.server.raftlog.segmented.SegmentedRaftLogWorker$StateMachineDataPolicy.getFromFuture(SegmentedRaftLogWorker.java:87)
	at org.apache.ratis.server.raftlog.segmented.SegmentedRaftLogWorker$WriteLog.execute(SegmentedRaftLogWorker.java:477)
	at org.apache.ratis.server.raftlog.segmented.SegmentedRaftLogWorker.run(SegmentedRaftLogWorker.java:289)
	at java.lang.Thread.run(Thread.java:748)
Caused by: java.util.concurrent.TimeoutException
	at java.util.concurrent.CompletableFuture.timedGet(CompletableFuture.java:1771)
	at java.util.concurrent.CompletableFuture.get(CompletableFuture.java:1915)
	at org.apache.ratis.util.IOUtils.getFromFuture(IOUtils.java:79)
	... 4 more
2019-09-17 12:50:44,665 [84ab4d91-000c-4523-9c5f-2c204b5f6601@group-869F42A7192E-SegmentedRaftLogWorker] WARN  segmented.SegmentedRaftLogWorker (SegmentedRaftLogWorker.java:getFromFuture(90)) - Timeout 6/~
org.apache.ratis.protocol.TimeoutIOException: Timeout 10s: WriteLog:17: (t:1, i:17), STATEMACHINELOGENTRY, client-B24658765329, cid=153-writeStateMachineData
	at org.apache.ratis.util.IOUtils.getFromFuture(IOUtils.java:87)
	at org.apache.ratis.server.raftlog.segmented.SegmentedRaftLogWorker$StateMachineDataPolicy.getFromFuture(SegmentedRaftLogWorker.java:87)
	at org.apache.ratis.server.raftlog.segmented.SegmentedRaftLogWorker$WriteLog.execute(SegmentedRaftLogWorker.java:477)
	at org.apache.ratis.server.raftlog.segmented.SegmentedRaftLogWorker.run(SegmentedRaftLogWorker.java:289)
	at java.lang.Thread.run(Thread.java:748)
Caused by: java.util.concurrent.TimeoutException
	at java.util.concurrent.CompletableFuture.timedGet(CompletableFuture.java:1771)
	at java.util.concurrent.CompletableFuture.get(CompletableFuture.java:1915)
	at org.apache.ratis.util.IOUtils.getFromFuture(IOUtils.java:79)
	... 4 more
2019-09-17 12:50:45,176 [grpc-default-executor-5] INFO  client.GrpcClientProtocolClient (GrpcClientProtocolClient.java:onNext(264)) - client-B24658765329->84ab4d91-000c-4523-9c5f-2c204b5f6601: receive RaftClientReply:client-B24658765329->84ab4d91-000c-4523-9c5f-2c204b5f6601@group-869F42A7192E, cid=153, FAILED org.apache.ratis.protocol.NotLeaderException: Server 84ab4d91-000c-4523-9c5f-2c204b5f6601@group-869F42A7192E is not the leader 5e893e0a-56f7-4618-9f46-a6ff48173cb6:192.168.5.153:37060, logIndex=0, commits[84ab4d91-000c-4523-9c5f-2c204b5f6601:c16, 5e893e0a-56f7-4618-9f46-a6ff48173cb6:c16, f7ede272-a28a-44e0-9552-15581fc2de04:c12]
2019-09-17 12:50:45,179 [java.util.concurrent.ThreadPoolExecutor$Worker@70b491f[State = -1, empty queue]] WARN  server.GrpcLogAppender (GrpcLogAppender.java:timeoutAppendRequest(200)) - 5e893e0a-56f7-4618-9f46-a6ff48173cb6@group-869F42A7192E->84ab4d91-000c-4523-9c5f-2c204b5f6601-GrpcLogAppender: appendEntries Timeout, request=5e893e0a-56f7-4618-9f46-a6ff48173cb6->84ab4d91-000c-4523-9c5f-2c204b5f6601#60-t1, previous=(t:1, i:20), leaderCommit=16, initializing? false, entries: <empty>
2019-09-17 12:50:45,182 [java.util.concurrent.ThreadPoolExecutor$Worker@baf429f[State = -1, empty queue]] WARN  server.GrpcLogAppender (GrpcLogAppender.java:timeoutAppendRequest(200)) - 5e893e0a-56f7-4618-9f46-a6ff48173cb6@group-869F42A7192E->f7ede272-a28a-44e0-9552-15581fc2de04-GrpcLogAppender: appendEntries Timeout, request=5e893e0a-56f7-4618-9f46-a6ff48173cb6->f7ede272-a28a-44e0-9552-15581fc2de04#60-t1, previous=(t:1, i:20), leaderCommit=16, initializing? false, entries: <empty>
 0.00% |█                                                                                                    |  0/1 Time: 0:07:49 0.00% |█                                                                                                    |  0/1 Time: 0:07:50 0.00% |█                                                                                                    |  0/1 Time: 0:07:512019-09-17 12:50:47,679 [java.util.concurrent.ThreadPoolExecutor$Worker@70b491f[State = -1, empty queue]] WARN  server.GrpcLogAppender (GrpcLogAppender.java:timeoutAppendRequest(200)) - 5e893e0a-56f7-4618-9f46-a6ff48173cb6@group-869F42A7192E->84ab4d91-000c-4523-9c5f-2c204b5f6601-GrpcLogAppender: appendEntries Timeout, request=5e893e0a-56f7-4618-9f46-a6ff48173cb6->84ab4d91-000c-4523-9c5f-2c204b5f6601#61-t1, previous=(t:1, i:20), leaderCommit=16, initializing? false, entries: <empty>
2019-09-17 12:50:47,679 [java.util.concurrent.ThreadPoolExecutor$Worker@baf429f[State = -1, empty queue]] WARN  server.GrpcLogAppender (GrpcLogAppender.java:timeoutAppendRequest(200)) - 5e893e0a-56f7-4618-9f46-a6ff48173cb6@group-869F42A7192E->f7ede272-a28a-44e0-9552-15581fc2de04-GrpcLogAppender: appendEntries Timeout, request=5e893e0a-56f7-4618-9f46-a6ff48173cb6->f7ede272-a28a-44e0-9552-15581fc2de04#61-t1, previous=(t:1, i:20), leaderCommit=16, initializing? false, entries: <empty>
 0.00% |█                                                                                                    |  0/1 Time: 0:07:52 0.00% |█                                                                                                    |  0/1 Time: 0:07:532019-09-17 12:50:50,180 [java.util.concurrent.ThreadPoolExecutor$Worker@baf429f[State = -1, empty queue]] WARN  server.GrpcLogAppender (GrpcLogAppender.java:timeoutAppendRequest(200)) - 5e893e0a-56f7-4618-9f46-a6ff48173cb6@group-869F42A7192E->f7ede272-a28a-44e0-9552-15581fc2de04-GrpcLogAppender: appendEntries Timeout, request=5e893e0a-56f7-4618-9f46-a6ff48173cb6->f7ede272-a28a-44e0-9552-15581fc2de04#62-t1, previous=(t:1, i:20), leaderCommit=16, initializing? false, entries: <empty>
2019-09-17 12:50:50,180 [java.util.concurrent.ThreadPoolExecutor$Worker@70b491f[State = -1, empty queue]] WARN  server.GrpcLogAppender (GrpcLogAppender.java:timeoutAppendRequest(200)) - 5e893e0a-56f7-4618-9f46-a6ff48173cb6@group-869F42A7192E->84ab4d91-000c-4523-9c5f-2c204b5f6601-GrpcLogAppender: appendEntries Timeout, request=5e893e0a-56f7-4618-9f46-a6ff48173cb6->84ab4d91-000c-4523-9c5f-2c204b5f6601#62-t1, previous=(t:1, i:20), leaderCommit=16, initializing? false, entries: <empty>
2019-09-17 12:50:50,216 [grpc-default-executor-5] INFO  client.GrpcClientProtocolClient (GrpcClientProtocolClient.java:onNext(264)) - client-B24658765329->84ab4d91-000c-4523-9c5f-2c204b5f6601: receive RaftClientReply:client-B24658765329->84ab4d91-000c-4523-9c5f-2c204b5f6601@group-869F42A7192E, cid=153, FAILED org.apache.ratis.protocol.NotLeaderException: Server 84ab4d91-000c-4523-9c5f-2c204b5f6601@group-869F42A7192E is not the leader 5e893e0a-56f7-4618-9f46-a6ff48173cb6:192.168.5.153:37060, logIndex=0, commits[84ab4d91-000c-4523-9c5f-2c204b5f6601:c16, 5e893e0a-56f7-4618-9f46-a6ff48173cb6:c16, f7ede272-a28a-44e0-9552-15581fc2de04:c12]
 0.00% |█                                                                                                    |  0/1 Time: 0:07:54 0.00% |█                                                                                                    |  0/1 Time: 0:07:55 0.00% |█                                                                                                    |  0/1 Time: 0:07:562019-09-17 12:50:52,681 [java.util.concurrent.ThreadPoolExecutor$Worker@baf429f[State = -1, empty queue]] WARN  server.GrpcLogAppender (GrpcLogAppender.java:timeoutAppendRequest(200)) - 5e893e0a-56f7-4618-9f46-a6ff48173cb6@group-869F42A7192E->f7ede272-a28a-44e0-9552-15581fc2de04-GrpcLogAppender: appendEntries Timeout, request=5e893e0a-56f7-4618-9f46-a6ff48173cb6->f7ede272-a28a-44e0-9552-15581fc2de04#63-t1, previous=(t:1, i:20), leaderCommit=16, initializing? false, entries: <empty>
2019-09-17 12:50:52,681 [java.util.concurrent.ThreadPoolExecutor$Worker@70b491f[State = -1, empty queue]] WARN  server.GrpcLogAppender (GrpcLogAppender.java:timeoutAppendRequest(200)) - 5e893e0a-56f7-4618-9f46-a6ff48173cb6@group-869F42A7192E->84ab4d91-000c-4523-9c5f-2c204b5f6601-GrpcLogAppender: appendEntries Timeout, request=5e893e0a-56f7-4618-9f46-a6ff48173cb6->84ab4d91-000c-4523-9c5f-2c204b5f6601#63-t1, previous=(t:1, i:20), leaderCommit=16, initializing? false, entries: <empty>
 0.00% |█                                                                                                    |  0/1 Time: 0:07:57 0.00% |█                                                                                                    |  0/1 Time: 0:07:582019-09-17 12:50:54,652 [5e893e0a-56f7-4618-9f46-a6ff48173cb6@group-869F42A7192E-SegmentedRaftLogWorker] WARN  segmented.SegmentedRaftLogWorker (SegmentedRaftLogWorker.java:getFromFuture(90)) - Timeout 7/~
org.apache.ratis.protocol.TimeoutIOException: Timeout 10s: WriteLog:17: (t:1, i:17), STATEMACHINELOGENTRY, client-B24658765329, cid=153-writeStateMachineData
	at org.apache.ratis.util.IOUtils.getFromFuture(IOUtils.java:87)
	at org.apache.ratis.server.raftlog.segmented.SegmentedRaftLogWorker$StateMachineDataPolicy.getFromFuture(SegmentedRaftLogWorker.java:87)
	at org.apache.ratis.server.raftlog.segmented.SegmentedRaftLogWorker$WriteLog.execute(SegmentedRaftLogWorker.java:477)
	at org.apache.ratis.server.raftlog.segmented.SegmentedRaftLogWorker.run(SegmentedRaftLogWorker.java:289)
	at java.lang.Thread.run(Thread.java:748)
Caused by: java.util.concurrent.TimeoutException
	at java.util.concurrent.CompletableFuture.timedGet(CompletableFuture.java:1771)
	at java.util.concurrent.CompletableFuture.get(CompletableFuture.java:1915)
	at org.apache.ratis.util.IOUtils.getFromFuture(IOUtils.java:79)
	... 4 more
2019-09-17 12:50:54,665 [f7ede272-a28a-44e0-9552-15581fc2de04@group-869F42A7192E-SegmentedRaftLogWorker] WARN  segmented.SegmentedRaftLogWorker (SegmentedRaftLogWorker.java:getFromFuture(90)) - Timeout 7/~
org.apache.ratis.protocol.TimeoutIOException: Timeout 10s: WriteLog:17: (t:1, i:17), STATEMACHINELOGENTRY, client-B24658765329, cid=153-writeStateMachineData
	at org.apache.ratis.util.IOUtils.getFromFuture(IOUtils.java:87)
	at org.apache.ratis.server.raftlog.segmented.SegmentedRaftLogWorker$StateMachineDataPolicy.getFromFuture(SegmentedRaftLogWorker.java:87)
	at org.apache.ratis.server.raftlog.segmented.SegmentedRaftLogWorker$WriteLog.execute(SegmentedRaftLogWorker.java:477)
	at org.apache.ratis.server.raftlog.segmented.SegmentedRaftLogWorker.run(SegmentedRaftLogWorker.java:289)
	at java.lang.Thread.run(Thread.java:748)
Caused by: java.util.concurrent.TimeoutException
	at java.util.concurrent.CompletableFuture.timedGet(CompletableFuture.java:1771)
	at java.util.concurrent.CompletableFuture.get(CompletableFuture.java:1915)
	at org.apache.ratis.util.IOUtils.getFromFuture(IOUtils.java:79)
	... 4 more
2019-09-17 12:50:54,665 [84ab4d91-000c-4523-9c5f-2c204b5f6601@group-869F42A7192E-SegmentedRaftLogWorker] WARN  segmented.SegmentedRaftLogWorker (SegmentedRaftLogWorker.java:getFromFuture(90)) - Timeout 7/~
org.apache.ratis.protocol.TimeoutIOException: Timeout 10s: WriteLog:17: (t:1, i:17), STATEMACHINELOGENTRY, client-B24658765329, cid=153-writeStateMachineData
	at org.apache.ratis.util.IOUtils.getFromFuture(IOUtils.java:87)
	at org.apache.ratis.server.raftlog.segmented.SegmentedRaftLogWorker$StateMachineDataPolicy.getFromFuture(SegmentedRaftLogWorker.java:87)
	at org.apache.ratis.server.raftlog.segmented.SegmentedRaftLogWorker$WriteLog.execute(SegmentedRaftLogWorker.java:477)
	at org.apache.ratis.server.raftlog.segmented.SegmentedRaftLogWorker.run(SegmentedRaftLogWorker.java:289)
	at java.lang.Thread.run(Thread.java:748)
Caused by: java.util.concurrent.TimeoutException
	at java.util.concurrent.CompletableFuture.timedGet(CompletableFuture.java:1771)
	at java.util.concurrent.CompletableFuture.get(CompletableFuture.java:1915)
	at org.apache.ratis.util.IOUtils.getFromFuture(IOUtils.java:79)
	... 4 more
2019-09-17 12:50:55,181 [java.util.concurrent.ThreadPoolExecutor$Worker@baf429f[State = -1, empty queue]] WARN  server.GrpcLogAppender (GrpcLogAppender.java:timeoutAppendRequest(200)) - 5e893e0a-56f7-4618-9f46-a6ff48173cb6@group-869F42A7192E->f7ede272-a28a-44e0-9552-15581fc2de04-GrpcLogAppender: appendEntries Timeout, request=5e893e0a-56f7-4618-9f46-a6ff48173cb6->f7ede272-a28a-44e0-9552-15581fc2de04#64-t1, previous=(t:1, i:20), leaderCommit=16, initializing? false, entries: <empty>
2019-09-17 12:50:55,181 [java.util.concurrent.ThreadPoolExecutor$Worker@70b491f[State = -1, empty queue]] WARN  server.GrpcLogAppender (GrpcLogAppender.java:timeoutAppendRequest(200)) - 5e893e0a-56f7-4618-9f46-a6ff48173cb6@group-869F42A7192E->84ab4d91-000c-4523-9c5f-2c204b5f6601-GrpcLogAppender: appendEntries Timeout, request=5e893e0a-56f7-4618-9f46-a6ff48173cb6->84ab4d91-000c-4523-9c5f-2c204b5f6601#64-t1, previous=(t:1, i:20), leaderCommit=16, initializing? false, entries: <empty>
 0.00% |█                                                                                                    |  0/1 Time: 0:07:592019-09-17 12:50:55,452 [grpc-default-executor-6] INFO  client.GrpcClientProtocolClient (GrpcClientProtocolClient.java:onNext(264)) - client-B24658765329->f7ede272-a28a-44e0-9552-15581fc2de04: receive RaftClientReply:client-B24658765329->f7ede272-a28a-44e0-9552-15581fc2de04@group-869F42A7192E, cid=153, FAILED org.apache.ratis.protocol.NotLeaderException: Server f7ede272-a28a-44e0-9552-15581fc2de04@group-869F42A7192E is not the leader 5e893e0a-56f7-4618-9f46-a6ff48173cb6:192.168.5.153:37060, logIndex=0, commits[f7ede272-a28a-44e0-9552-15581fc2de04:c16, 5e893e0a-56f7-4618-9f46-a6ff48173cb6:c16, 84ab4d91-000c-4523-9c5f-2c204b5f6601:c12]
 0.00% |█                                                                                                    |  0/1 Time: 0:08:00 0.00% |█                                                                                                    |  0/1 Time: 0:08:012019-09-17 12:50:57,682 [java.util.concurrent.ThreadPoolExecutor$Worker@70b491f[State = -1, empty queue]] WARN  server.GrpcLogAppender (GrpcLogAppender.java:timeoutAppendRequest(200)) - 5e893e0a-56f7-4618-9f46-a6ff48173cb6@group-869F42A7192E->84ab4d91-000c-4523-9c5f-2c204b5f6601-GrpcLogAppender: appendEntries Timeout, request=5e893e0a-56f7-4618-9f46-a6ff48173cb6->84ab4d91-000c-4523-9c5f-2c204b5f6601#65-t1, previous=(t:1, i:20), leaderCommit=16, initializing? false, entries: <empty>
2019-09-17 12:50:57,682 [java.util.concurrent.ThreadPoolExecutor$Worker@baf429f[State = -1, empty queue]] WARN  server.GrpcLogAppender (GrpcLogAppender.java:timeoutAppendRequest(200)) - 5e893e0a-56f7-4618-9f46-a6ff48173cb6@group-869F42A7192E->f7ede272-a28a-44e0-9552-15581fc2de04-GrpcLogAppender: appendEntries Timeout, request=5e893e0a-56f7-4618-9f46-a6ff48173cb6->f7ede272-a28a-44e0-9552-15581fc2de04#65-t1, previous=(t:1, i:20), leaderCommit=16, initializing? false, entries: <empty>
 0.00% |█                                                                                                    |  0/1 Time: 0:08:02 0.00% |█                                                                                                    |  0/1 Time: 0:08:032019-09-17 12:51:00,182 [java.util.concurrent.ThreadPoolExecutor$Worker@70b491f[State = -1, empty queue]] WARN  server.GrpcLogAppender (GrpcLogAppender.java:timeoutAppendRequest(200)) - 5e893e0a-56f7-4618-9f46-a6ff48173cb6@group-869F42A7192E->84ab4d91-000c-4523-9c5f-2c204b5f6601-GrpcLogAppender: appendEntries Timeout, request=5e893e0a-56f7-4618-9f46-a6ff48173cb6->84ab4d91-000c-4523-9c5f-2c204b5f6601#66-t1, previous=(t:1, i:20), leaderCommit=16, initializing? false, entries: <empty>
2019-09-17 12:51:00,182 [java.util.concurrent.ThreadPoolExecutor$Worker@baf429f[State = -1, empty queue]] WARN  server.GrpcLogAppender (GrpcLogAppender.java:timeoutAppendRequest(200)) - 5e893e0a-56f7-4618-9f46-a6ff48173cb6@group-869F42A7192E->f7ede272-a28a-44e0-9552-15581fc2de04-GrpcLogAppender: appendEntries Timeout, request=5e893e0a-56f7-4618-9f46-a6ff48173cb6->f7ede272-a28a-44e0-9552-15581fc2de04#66-t1, previous=(t:1, i:20), leaderCommit=16, initializing? false, entries: <empty>
 0.00% |█                                                                                                    |  0/1 Time: 0:08:042019-09-17 12:51:00,492 [grpc-default-executor-5] INFO  client.GrpcClientProtocolClient (GrpcClientProtocolClient.java:onNext(264)) - client-B24658765329->84ab4d91-000c-4523-9c5f-2c204b5f6601: receive RaftClientReply:client-B24658765329->84ab4d91-000c-4523-9c5f-2c204b5f6601@group-869F42A7192E, cid=153, FAILED org.apache.ratis.protocol.NotLeaderException: Server 84ab4d91-000c-4523-9c5f-2c204b5f6601@group-869F42A7192E is not the leader 5e893e0a-56f7-4618-9f46-a6ff48173cb6:192.168.5.153:37060, logIndex=0, commits[84ab4d91-000c-4523-9c5f-2c204b5f6601:c16, 5e893e0a-56f7-4618-9f46-a6ff48173cb6:c16, f7ede272-a28a-44e0-9552-15581fc2de04:c12]
 0.00% |█                                                                                                    |  0/1 Time: 0:08:05 0.00% |█                                                                                                    |  0/1 Time: 0:08:062019-09-17 12:51:02,683 [java.util.concurrent.ThreadPoolExecutor$Worker@70b491f[State = -1, empty queue]] WARN  server.GrpcLogAppender (GrpcLogAppender.java:timeoutAppendRequest(200)) - 5e893e0a-56f7-4618-9f46-a6ff48173cb6@group-869F42A7192E->84ab4d91-000c-4523-9c5f-2c204b5f6601-GrpcLogAppender: appendEntries Timeout, request=5e893e0a-56f7-4618-9f46-a6ff48173cb6->84ab4d91-000c-4523-9c5f-2c204b5f6601#67-t1, previous=(t:1, i:20), leaderCommit=16, initializing? false, entries: <empty>
2019-09-17 12:51:02,683 [java.util.concurrent.ThreadPoolExecutor$Worker@baf429f[State = -1, empty queue]] WARN  server.GrpcLogAppender (GrpcLogAppender.java:timeoutAppendRequest(200)) - 5e893e0a-56f7-4618-9f46-a6ff48173cb6@group-869F42A7192E->f7ede272-a28a-44e0-9552-15581fc2de04-GrpcLogAppender: appendEntries Timeout, request=5e893e0a-56f7-4618-9f46-a6ff48173cb6->f7ede272-a28a-44e0-9552-15581fc2de04#67-t1, previous=(t:1, i:20), leaderCommit=16, initializing? false, entries: <empty>
 0.00% |█                                                                                                    |  0/1 Time: 0:08:07 0.00% |█                                                                                                    |  0/1 Time: 0:08:082019-09-17 12:51:04,653 [5e893e0a-56f7-4618-9f46-a6ff48173cb6@group-869F42A7192E-SegmentedRaftLogWorker] WARN  segmented.SegmentedRaftLogWorker (SegmentedRaftLogWorker.java:getFromFuture(90)) - Timeout 8/~
org.apache.ratis.protocol.TimeoutIOException: Timeout 10s: WriteLog:17: (t:1, i:17), STATEMACHINELOGENTRY, client-B24658765329, cid=153-writeStateMachineData
	at org.apache.ratis.util.IOUtils.getFromFuture(IOUtils.java:87)
	at org.apache.ratis.server.raftlog.segmented.SegmentedRaftLogWorker$StateMachineDataPolicy.getFromFuture(SegmentedRaftLogWorker.java:87)
	at org.apache.ratis.server.raftlog.segmented.SegmentedRaftLogWorker$WriteLog.execute(SegmentedRaftLogWorker.java:477)
	at org.apache.ratis.server.raftlog.segmented.SegmentedRaftLogWorker.run(SegmentedRaftLogWorker.java:289)
	at java.lang.Thread.run(Thread.java:748)
Caused by: java.util.concurrent.TimeoutException
	at java.util.concurrent.CompletableFuture.timedGet(CompletableFuture.java:1771)
	at java.util.concurrent.CompletableFuture.get(CompletableFuture.java:1915)
	at org.apache.ratis.util.IOUtils.getFromFuture(IOUtils.java:79)
	... 4 more
2019-09-17 12:51:04,665 [f7ede272-a28a-44e0-9552-15581fc2de04@group-869F42A7192E-SegmentedRaftLogWorker] WARN  segmented.SegmentedRaftLogWorker (SegmentedRaftLogWorker.java:getFromFuture(90)) - Timeout 8/~
org.apache.ratis.protocol.TimeoutIOException: Timeout 10s: WriteLog:17: (t:1, i:17), STATEMACHINELOGENTRY, client-B24658765329, cid=153-writeStateMachineData
	at org.apache.ratis.util.IOUtils.getFromFuture(IOUtils.java:87)
	at org.apache.ratis.server.raftlog.segmented.SegmentedRaftLogWorker$StateMachineDataPolicy.getFromFuture(SegmentedRaftLogWorker.java:87)
	at org.apache.ratis.server.raftlog.segmented.SegmentedRaftLogWorker$WriteLog.execute(SegmentedRaftLogWorker.java:477)
	at org.apache.ratis.server.raftlog.segmented.SegmentedRaftLogWorker.run(SegmentedRaftLogWorker.java:289)
	at java.lang.Thread.run(Thread.java:748)
Caused by: java.util.concurrent.TimeoutException
	at java.util.concurrent.CompletableFuture.timedGet(CompletableFuture.java:1771)
	at java.util.concurrent.CompletableFuture.get(CompletableFuture.java:1915)
	at org.apache.ratis.util.IOUtils.getFromFuture(IOUtils.java:79)
	... 4 more
2019-09-17 12:51:04,666 [84ab4d91-000c-4523-9c5f-2c204b5f6601@group-869F42A7192E-SegmentedRaftLogWorker] WARN  segmented.SegmentedRaftLogWorker (SegmentedRaftLogWorker.java:getFromFuture(90)) - Timeout 8/~
org.apache.ratis.protocol.TimeoutIOException: Timeout 10s: WriteLog:17: (t:1, i:17), STATEMACHINELOGENTRY, client-B24658765329, cid=153-writeStateMachineData
	at org.apache.ratis.util.IOUtils.getFromFuture(IOUtils.java:87)
	at org.apache.ratis.server.raftlog.segmented.SegmentedRaftLogWorker$StateMachineDataPolicy.getFromFuture(SegmentedRaftLogWorker.java:87)
	at org.apache.ratis.server.raftlog.segmented.SegmentedRaftLogWorker$WriteLog.execute(SegmentedRaftLogWorker.java:477)
	at org.apache.ratis.server.raftlog.segmented.SegmentedRaftLogWorker.run(SegmentedRaftLogWorker.java:289)
	at java.lang.Thread.run(Thread.java:748)
Caused by: java.util.concurrent.TimeoutException
	at java.util.concurrent.CompletableFuture.timedGet(CompletableFuture.java:1771)
	at java.util.concurrent.CompletableFuture.get(CompletableFuture.java:1915)
	at org.apache.ratis.util.IOUtils.getFromFuture(IOUtils.java:79)
	... 4 more
2019-09-17 12:51:05,184 [java.util.concurrent.ThreadPoolExecutor$Worker@baf429f[State = -1, empty queue]] WARN  server.GrpcLogAppender (GrpcLogAppender.java:timeoutAppendRequest(200)) - 5e893e0a-56f7-4618-9f46-a6ff48173cb6@group-869F42A7192E->f7ede272-a28a-44e0-9552-15581fc2de04-GrpcLogAppender: appendEntries Timeout, request=5e893e0a-56f7-4618-9f46-a6ff48173cb6->f7ede272-a28a-44e0-9552-15581fc2de04#68-t1, previous=(t:1, i:20), leaderCommit=16, initializing? false, entries: <empty>
2019-09-17 12:51:05,184 [java.util.concurrent.ThreadPoolExecutor$Worker@70b491f[State = -1, empty queue]] WARN  server.GrpcLogAppender (GrpcLogAppender.java:timeoutAppendRequest(200)) - 5e893e0a-56f7-4618-9f46-a6ff48173cb6@group-869F42A7192E->84ab4d91-000c-4523-9c5f-2c204b5f6601-GrpcLogAppender: appendEntries Timeout, request=5e893e0a-56f7-4618-9f46-a6ff48173cb6->84ab4d91-000c-4523-9c5f-2c204b5f6601#68-t1, previous=(t:1, i:20), leaderCommit=16, initializing? false, entries: <empty>
 0.00% |█                                                                                                    |  0/1 Time: 0:08:092019-09-17 12:51:05,545 [grpc-default-executor-6] INFO  client.GrpcClientProtocolClient (GrpcClientProtocolClient.java:onNext(264)) - client-B24658765329->f7ede272-a28a-44e0-9552-15581fc2de04: receive RaftClientReply:client-B24658765329->f7ede272-a28a-44e0-9552-15581fc2de04@group-869F42A7192E, cid=153, FAILED org.apache.ratis.protocol.NotLeaderException: Server f7ede272-a28a-44e0-9552-15581fc2de04@group-869F42A7192E is not the leader 5e893e0a-56f7-4618-9f46-a6ff48173cb6:192.168.5.153:37060, logIndex=0, commits[f7ede272-a28a-44e0-9552-15581fc2de04:c16, 5e893e0a-56f7-4618-9f46-a6ff48173cb6:c16, 84ab4d91-000c-4523-9c5f-2c204b5f6601:c12]
 0.00% |█                                                                                                    |  0/1 Time: 0:08:10 0.00% |█                                                                                                    |  0/1 Time: 0:08:112019-09-17 12:51:07,685 [java.util.concurrent.ThreadPoolExecutor$Worker@baf429f[State = -1, empty queue]] WARN  server.GrpcLogAppender (GrpcLogAppender.java:timeoutAppendRequest(200)) - 5e893e0a-56f7-4618-9f46-a6ff48173cb6@group-869F42A7192E->f7ede272-a28a-44e0-9552-15581fc2de04-GrpcLogAppender: appendEntries Timeout, request=5e893e0a-56f7-4618-9f46-a6ff48173cb6->f7ede272-a28a-44e0-9552-15581fc2de04#69-t1, previous=(t:1, i:20), leaderCommit=16, initializing? false, entries: <empty>
2019-09-17 12:51:07,685 [java.util.concurrent.ThreadPoolExecutor$Worker@70b491f[State = -1, empty queue]] WARN  server.GrpcLogAppender (GrpcLogAppender.java:timeoutAppendRequest(200)) - 5e893e0a-56f7-4618-9f46-a6ff48173cb6@group-869F42A7192E->84ab4d91-000c-4523-9c5f-2c204b5f6601-GrpcLogAppender: appendEntries Timeout, request=5e893e0a-56f7-4618-9f46-a6ff48173cb6->84ab4d91-000c-4523-9c5f-2c204b5f6601#69-t1, previous=(t:1, i:20), leaderCommit=16, initializing? false, entries: <empty>
 0.00% |█                                                                                                    |  0/1 Time: 0:08:12 0.00% |█                                                                                                    |  0/1 Time: 0:08:132019-09-17 12:51:10,185 [java.util.concurrent.ThreadPoolExecutor$Worker@baf429f[State = -1, empty queue]] WARN  server.GrpcLogAppender (GrpcLogAppender.java:timeoutAppendRequest(200)) - 5e893e0a-56f7-4618-9f46-a6ff48173cb6@group-869F42A7192E->f7ede272-a28a-44e0-9552-15581fc2de04-GrpcLogAppender: appendEntries Timeout, request=5e893e0a-56f7-4618-9f46-a6ff48173cb6->f7ede272-a28a-44e0-9552-15581fc2de04#70-t1, previous=(t:1, i:20), leaderCommit=16, initializing? false, entries: <empty>
2019-09-17 12:51:10,185 [java.util.concurrent.ThreadPoolExecutor$Worker@70b491f[State = -1, empty queue]] WARN  server.GrpcLogAppender (GrpcLogAppender.java:timeoutAppendRequest(200)) - 5e893e0a-56f7-4618-9f46-a6ff48173cb6@group-869F42A7192E->84ab4d91-000c-4523-9c5f-2c204b5f6601-GrpcLogAppender: appendEntries Timeout, request=5e893e0a-56f7-4618-9f46-a6ff48173cb6->84ab4d91-000c-4523-9c5f-2c204b5f6601#70-t1, previous=(t:1, i:20), leaderCommit=16, initializing? false, entries: <empty>
 0.00% |█                                                                                                    |  0/1 Time: 0:08:142019-09-17 12:51:10,580 [grpc-default-executor-4] INFO  client.GrpcClientProtocolClient (GrpcClientProtocolClient.java:onNext(264)) - client-B24658765329->84ab4d91-000c-4523-9c5f-2c204b5f6601: receive RaftClientReply:client-B24658765329->84ab4d91-000c-4523-9c5f-2c204b5f6601@group-869F42A7192E, cid=153, FAILED org.apache.ratis.protocol.NotLeaderException: Server 84ab4d91-000c-4523-9c5f-2c204b5f6601@group-869F42A7192E is not the leader 5e893e0a-56f7-4618-9f46-a6ff48173cb6:192.168.5.153:37060, logIndex=0, commits[84ab4d91-000c-4523-9c5f-2c204b5f6601:c16, 5e893e0a-56f7-4618-9f46-a6ff48173cb6:c16, f7ede272-a28a-44e0-9552-15581fc2de04:c12]
 0.00% |█                                                                                                    |  0/1 Time: 0:08:15 0.00% |█                                                                                                    |  0/1 Time: 0:08:162019-09-17 12:51:12,685 [java.util.concurrent.ThreadPoolExecutor$Worker@baf429f[State = -1, empty queue]] WARN  server.GrpcLogAppender (GrpcLogAppender.java:timeoutAppendRequest(200)) - 5e893e0a-56f7-4618-9f46-a6ff48173cb6@group-869F42A7192E->f7ede272-a28a-44e0-9552-15581fc2de04-GrpcLogAppender: appendEntries Timeout, request=5e893e0a-56f7-4618-9f46-a6ff48173cb6->f7ede272-a28a-44e0-9552-15581fc2de04#71-t1, previous=(t:1, i:20), leaderCommit=16, initializing? false, entries: <empty>
2019-09-17 12:51:12,685 [java.util.concurrent.ThreadPoolExecutor$Worker@70b491f[State = -1, empty queue]] WARN  server.GrpcLogAppender (GrpcLogAppender.java:timeoutAppendRequest(200)) - 5e893e0a-56f7-4618-9f46-a6ff48173cb6@group-869F42A7192E->84ab4d91-000c-4523-9c5f-2c204b5f6601-GrpcLogAppender: appendEntries Timeout, request=5e893e0a-56f7-4618-9f46-a6ff48173cb6->84ab4d91-000c-4523-9c5f-2c204b5f6601#71-t1, previous=(t:1, i:20), leaderCommit=16, initializing? false, entries: <empty>
 0.00% |█                                                                                                    |  0/1 Time: 0:08:17 0.00% |█                                                                                                    |  0/1 Time: 0:08:182019-09-17 12:51:14,655 [5e893e0a-56f7-4618-9f46-a6ff48173cb6@group-869F42A7192E-SegmentedRaftLogWorker] WARN  segmented.SegmentedRaftLogWorker (SegmentedRaftLogWorker.java:getFromFuture(90)) - Timeout 9/~
org.apache.ratis.protocol.TimeoutIOException: Timeout 10s: WriteLog:17: (t:1, i:17), STATEMACHINELOGENTRY, client-B24658765329, cid=153-writeStateMachineData
	at org.apache.ratis.util.IOUtils.getFromFuture(IOUtils.java:87)
	at org.apache.ratis.server.raftlog.segmented.SegmentedRaftLogWorker$StateMachineDataPolicy.getFromFuture(SegmentedRaftLogWorker.java:87)
	at org.apache.ratis.server.raftlog.segmented.SegmentedRaftLogWorker$WriteLog.execute(SegmentedRaftLogWorker.java:477)
	at org.apache.ratis.server.raftlog.segmented.SegmentedRaftLogWorker.run(SegmentedRaftLogWorker.java:289)
	at java.lang.Thread.run(Thread.java:748)
Caused by: java.util.concurrent.TimeoutException
	at java.util.concurrent.CompletableFuture.timedGet(CompletableFuture.java:1771)
	at java.util.concurrent.CompletableFuture.get(CompletableFuture.java:1915)
	at org.apache.ratis.util.IOUtils.getFromFuture(IOUtils.java:79)
	... 4 more
2019-09-17 12:51:14,666 [f7ede272-a28a-44e0-9552-15581fc2de04@group-869F42A7192E-SegmentedRaftLogWorker] WARN  segmented.SegmentedRaftLogWorker (SegmentedRaftLogWorker.java:getFromFuture(90)) - Timeout 9/~
org.apache.ratis.protocol.TimeoutIOException: Timeout 10s: WriteLog:17: (t:1, i:17), STATEMACHINELOGENTRY, client-B24658765329, cid=153-writeStateMachineData
	at org.apache.ratis.util.IOUtils.getFromFuture(IOUtils.java:87)
	at org.apache.ratis.server.raftlog.segmented.SegmentedRaftLogWorker$StateMachineDataPolicy.getFromFuture(SegmentedRaftLogWorker.java:87)
	at org.apache.ratis.server.raftlog.segmented.SegmentedRaftLogWorker$WriteLog.execute(SegmentedRaftLogWorker.java:477)
	at org.apache.ratis.server.raftlog.segmented.SegmentedRaftLogWorker.run(SegmentedRaftLogWorker.java:289)
	at java.lang.Thread.run(Thread.java:748)
Caused by: java.util.concurrent.TimeoutException
	at java.util.concurrent.CompletableFuture.timedGet(CompletableFuture.java:1771)
	at java.util.concurrent.CompletableFuture.get(CompletableFuture.java:1915)
	at org.apache.ratis.util.IOUtils.getFromFuture(IOUtils.java:79)
	... 4 more
2019-09-17 12:51:14,666 [84ab4d91-000c-4523-9c5f-2c204b5f6601@group-869F42A7192E-SegmentedRaftLogWorker] WARN  segmented.SegmentedRaftLogWorker (SegmentedRaftLogWorker.java:getFromFuture(90)) - Timeout 9/~
org.apache.ratis.protocol.TimeoutIOException: Timeout 10s: WriteLog:17: (t:1, i:17), STATEMACHINELOGENTRY, client-B24658765329, cid=153-writeStateMachineData
	at org.apache.ratis.util.IOUtils.getFromFuture(IOUtils.java:87)
	at org.apache.ratis.server.raftlog.segmented.SegmentedRaftLogWorker$StateMachineDataPolicy.getFromFuture(SegmentedRaftLogWorker.java:87)
	at org.apache.ratis.server.raftlog.segmented.SegmentedRaftLogWorker$WriteLog.execute(SegmentedRaftLogWorker.java:477)
	at org.apache.ratis.server.raftlog.segmented.SegmentedRaftLogWorker.run(SegmentedRaftLogWorker.java:289)
	at java.lang.Thread.run(Thread.java:748)
Caused by: java.util.concurrent.TimeoutException
	at java.util.concurrent.CompletableFuture.timedGet(CompletableFuture.java:1771)
	at java.util.concurrent.CompletableFuture.get(CompletableFuture.java:1915)
	at org.apache.ratis.util.IOUtils.getFromFuture(IOUtils.java:79)
	... 4 more
2019-09-17 12:51:15,186 [java.util.concurrent.ThreadPoolExecutor$Worker@baf429f[State = -1, empty queue]] WARN  server.GrpcLogAppender (GrpcLogAppender.java:timeoutAppendRequest(200)) - 5e893e0a-56f7-4618-9f46-a6ff48173cb6@group-869F42A7192E->f7ede272-a28a-44e0-9552-15581fc2de04-GrpcLogAppender: appendEntries Timeout, request=5e893e0a-56f7-4618-9f46-a6ff48173cb6->f7ede272-a28a-44e0-9552-15581fc2de04#72-t1, previous=(t:1, i:20), leaderCommit=16, initializing? false, entries: <empty>
2019-09-17 12:51:15,186 [java.util.concurrent.ThreadPoolExecutor$Worker@70b491f[State = -1, empty queue]] WARN  server.GrpcLogAppender (GrpcLogAppender.java:timeoutAppendRequest(200)) - 5e893e0a-56f7-4618-9f46-a6ff48173cb6@group-869F42A7192E->84ab4d91-000c-4523-9c5f-2c204b5f6601-GrpcLogAppender: appendEntries Timeout, request=5e893e0a-56f7-4618-9f46-a6ff48173cb6->84ab4d91-000c-4523-9c5f-2c204b5f6601#72-t1, previous=(t:1, i:20), leaderCommit=16, initializing? false, entries: <empty>
 0.00% |█                                                                                                    |  0/1 Time: 0:08:192019-09-17 12:51:15,617 [grpc-default-executor-5] INFO  client.GrpcClientProtocolClient (GrpcClientProtocolClient.java:onNext(264)) - client-B24658765329->84ab4d91-000c-4523-9c5f-2c204b5f6601: receive RaftClientReply:client-B24658765329->84ab4d91-000c-4523-9c5f-2c204b5f6601@group-869F42A7192E, cid=153, FAILED org.apache.ratis.protocol.NotLeaderException: Server 84ab4d91-000c-4523-9c5f-2c204b5f6601@group-869F42A7192E is not the leader 5e893e0a-56f7-4618-9f46-a6ff48173cb6:192.168.5.153:37060, logIndex=0, commits[84ab4d91-000c-4523-9c5f-2c204b5f6601:c16, 5e893e0a-56f7-4618-9f46-a6ff48173cb6:c16, f7ede272-a28a-44e0-9552-15581fc2de04:c12]
 0.00% |█                                                                                                    |  0/1 Time: 0:08:20 0.00% |█                                                                                                    |  0/1 Time: 0:08:212019-09-17 12:51:17,686 [java.util.concurrent.ThreadPoolExecutor$Worker@70b491f[State = -1, empty queue]] WARN  server.GrpcLogAppender (GrpcLogAppender.java:timeoutAppendRequest(200)) - 5e893e0a-56f7-4618-9f46-a6ff48173cb6@group-869F42A7192E->84ab4d91-000c-4523-9c5f-2c204b5f6601-GrpcLogAppender: appendEntries Timeout, request=5e893e0a-56f7-4618-9f46-a6ff48173cb6->84ab4d91-000c-4523-9c5f-2c204b5f6601#73-t1, previous=(t:1, i:20), leaderCommit=16, initializing? false, entries: <empty>
2019-09-17 12:51:17,686 [java.util.concurrent.ThreadPoolExecutor$Worker@baf429f[State = -1, empty queue]] WARN  server.GrpcLogAppender (GrpcLogAppender.java:timeoutAppendRequest(200)) - 5e893e0a-56f7-4618-9f46-a6ff48173cb6@group-869F42A7192E->f7ede272-a28a-44e0-9552-15581fc2de04-GrpcLogAppender: appendEntries Timeout, request=5e893e0a-56f7-4618-9f46-a6ff48173cb6->f7ede272-a28a-44e0-9552-15581fc2de04#73-t1, previous=(t:1, i:20), leaderCommit=16, initializing? false, entries: <empty>
 0.00% |█                                                                                                    |  0/1 Time: 0:08:22 0.00% |█                                                                                                    |  0/1 Time: 0:08:232019-09-17 12:51:20,187 [java.util.concurrent.ThreadPoolExecutor$Worker@70b491f[State = -1, empty queue]] WARN  server.GrpcLogAppender (GrpcLogAppender.java:timeoutAppendRequest(200)) - 5e893e0a-56f7-4618-9f46-a6ff48173cb6@group-869F42A7192E->84ab4d91-000c-4523-9c5f-2c204b5f6601-GrpcLogAppender: appendEntries Timeout, request=5e893e0a-56f7-4618-9f46-a6ff48173cb6->84ab4d91-000c-4523-9c5f-2c204b5f6601#74-t1, previous=(t:1, i:20), leaderCommit=16, initializing? false, entries: <empty>
2019-09-17 12:51:20,187 [java.util.concurrent.ThreadPoolExecutor$Worker@baf429f[State = -1, empty queue]] WARN  server.GrpcLogAppender (GrpcLogAppender.java:timeoutAppendRequest(200)) - 5e893e0a-56f7-4618-9f46-a6ff48173cb6@group-869F42A7192E->f7ede272-a28a-44e0-9552-15581fc2de04-GrpcLogAppender: appendEntries Timeout, request=5e893e0a-56f7-4618-9f46-a6ff48173cb6->f7ede272-a28a-44e0-9552-15581fc2de04#74-t1, previous=(t:1, i:20), leaderCommit=16, initializing? false, entries: <empty>
 0.00% |█                                                                                                    |  0/1 Time: 0:08:242019-09-17 12:51:20,670 [grpc-default-executor-5] INFO  client.GrpcClientProtocolClient (GrpcClientProtocolClient.java:onNext(264)) - client-B24658765329->84ab4d91-000c-4523-9c5f-2c204b5f6601: receive RaftClientReply:client-B24658765329->84ab4d91-000c-4523-9c5f-2c204b5f6601@group-869F42A7192E, cid=153, FAILED org.apache.ratis.protocol.NotLeaderException: Server 84ab4d91-000c-4523-9c5f-2c204b5f6601@group-869F42A7192E is not the leader 5e893e0a-56f7-4618-9f46-a6ff48173cb6:192.168.5.153:37060, logIndex=0, commits[84ab4d91-000c-4523-9c5f-2c204b5f6601:c16, 5e893e0a-56f7-4618-9f46-a6ff48173cb6:c16, f7ede272-a28a-44e0-9552-15581fc2de04:c12]
 0.00% |█                                                                                                    |  0/1 Time: 0:08:25 0.00% |█                                                                                                    |  0/1 Time: 0:08:262019-09-17 12:51:22,688 [java.util.concurrent.ThreadPoolExecutor$Worker@70b491f[State = -1, empty queue]] WARN  server.GrpcLogAppender (GrpcLogAppender.java:timeoutAppendRequest(200)) - 5e893e0a-56f7-4618-9f46-a6ff48173cb6@group-869F42A7192E->84ab4d91-000c-4523-9c5f-2c204b5f6601-GrpcLogAppender: appendEntries Timeout, request=5e893e0a-56f7-4618-9f46-a6ff48173cb6->84ab4d91-000c-4523-9c5f-2c204b5f6601#75-t1, previous=(t:1, i:20), leaderCommit=16, initializing? false, entries: <empty>
2019-09-17 12:51:22,688 [java.util.concurrent.ThreadPoolExecutor$Worker@baf429f[State = -1, empty queue]] WARN  server.GrpcLogAppender (GrpcLogAppender.java:timeoutAppendRequest(200)) - 5e893e0a-56f7-4618-9f46-a6ff48173cb6@group-869F42A7192E->f7ede272-a28a-44e0-9552-15581fc2de04-GrpcLogAppender: appendEntries Timeout, request=5e893e0a-56f7-4618-9f46-a6ff48173cb6->f7ede272-a28a-44e0-9552-15581fc2de04#75-t1, previous=(t:1, i:20), leaderCommit=16, initializing? false, entries: <empty>
 0.00% |█                                                                                                    |  0/1 Time: 0:08:27 0.00% |█                                                                                                    |  0/1 Time: 0:08:282019-09-17 12:51:24,657 [5e893e0a-56f7-4618-9f46-a6ff48173cb6@group-869F42A7192E-SegmentedRaftLogWorker] WARN  segmented.SegmentedRaftLogWorker (SegmentedRaftLogWorker.java:getFromFuture(90)) - Timeout 10/~
org.apache.ratis.protocol.TimeoutIOException: Timeout 10s: WriteLog:17: (t:1, i:17), STATEMACHINELOGENTRY, client-B24658765329, cid=153-writeStateMachineData
	at org.apache.ratis.util.IOUtils.getFromFuture(IOUtils.java:87)
	at org.apache.ratis.server.raftlog.segmented.SegmentedRaftLogWorker$StateMachineDataPolicy.getFromFuture(SegmentedRaftLogWorker.java:87)
	at org.apache.ratis.server.raftlog.segmented.SegmentedRaftLogWorker$WriteLog.execute(SegmentedRaftLogWorker.java:477)
	at org.apache.ratis.server.raftlog.segmented.SegmentedRaftLogWorker.run(SegmentedRaftLogWorker.java:289)
	at java.lang.Thread.run(Thread.java:748)
Caused by: java.util.concurrent.TimeoutException
	at java.util.concurrent.CompletableFuture.timedGet(CompletableFuture.java:1771)
	at java.util.concurrent.CompletableFuture.get(CompletableFuture.java:1915)
	at org.apache.ratis.util.IOUtils.getFromFuture(IOUtils.java:79)
	... 4 more
2019-09-17 12:51:24,667 [f7ede272-a28a-44e0-9552-15581fc2de04@group-869F42A7192E-SegmentedRaftLogWorker] WARN  segmented.SegmentedRaftLogWorker (SegmentedRaftLogWorker.java:getFromFuture(90)) - Timeout 10/~
org.apache.ratis.protocol.TimeoutIOException: Timeout 10s: WriteLog:17: (t:1, i:17), STATEMACHINELOGENTRY, client-B24658765329, cid=153-writeStateMachineData
	at org.apache.ratis.util.IOUtils.getFromFuture(IOUtils.java:87)
	at org.apache.ratis.server.raftlog.segmented.SegmentedRaftLogWorker$StateMachineDataPolicy.getFromFuture(SegmentedRaftLogWorker.java:87)
	at org.apache.ratis.server.raftlog.segmented.SegmentedRaftLogWorker$WriteLog.execute(SegmentedRaftLogWorker.java:477)
	at org.apache.ratis.server.raftlog.segmented.SegmentedRaftLogWorker.run(SegmentedRaftLogWorker.java:289)
	at java.lang.Thread.run(Thread.java:748)
Caused by: java.util.concurrent.TimeoutException
	at java.util.concurrent.CompletableFuture.timedGet(CompletableFuture.java:1771)
	at java.util.concurrent.CompletableFuture.get(CompletableFuture.java:1915)
	at org.apache.ratis.util.IOUtils.getFromFuture(IOUtils.java:79)
	... 4 more
2019-09-17 12:51:24,667 [84ab4d91-000c-4523-9c5f-2c204b5f6601@group-869F42A7192E-SegmentedRaftLogWorker] WARN  segmented.SegmentedRaftLogWorker (SegmentedRaftLogWorker.java:getFromFuture(90)) - Timeout 10/~
org.apache.ratis.protocol.TimeoutIOException: Timeout 10s: WriteLog:17: (t:1, i:17), STATEMACHINELOGENTRY, client-B24658765329, cid=153-writeStateMachineData
	at org.apache.ratis.util.IOUtils.getFromFuture(IOUtils.java:87)
	at org.apache.ratis.server.raftlog.segmented.SegmentedRaftLogWorker$StateMachineDataPolicy.getFromFuture(SegmentedRaftLogWorker.java:87)
	at org.apache.ratis.server.raftlog.segmented.SegmentedRaftLogWorker$WriteLog.execute(SegmentedRaftLogWorker.java:477)
	at org.apache.ratis.server.raftlog.segmented.SegmentedRaftLogWorker.run(SegmentedRaftLogWorker.java:289)
	at java.lang.Thread.run(Thread.java:748)
Caused by: java.util.concurrent.TimeoutException
	at java.util.concurrent.CompletableFuture.timedGet(CompletableFuture.java:1771)
	at java.util.concurrent.CompletableFuture.get(CompletableFuture.java:1915)
	at org.apache.ratis.util.IOUtils.getFromFuture(IOUtils.java:79)
	... 4 more
2019-09-17 12:51:25,188 [java.util.concurrent.ThreadPoolExecutor$Worker@70b491f[State = -1, empty queue]] WARN  server.GrpcLogAppender (GrpcLogAppender.java:timeoutAppendRequest(200)) - 5e893e0a-56f7-4618-9f46-a6ff48173cb6@group-869F42A7192E->84ab4d91-000c-4523-9c5f-2c204b5f6601-GrpcLogAppender: appendEntries Timeout, request=5e893e0a-56f7-4618-9f46-a6ff48173cb6->84ab4d91-000c-4523-9c5f-2c204b5f6601#76-t1, previous=(t:1, i:20), leaderCommit=16, initializing? false, entries: <empty>
2019-09-17 12:51:25,188 [java.util.concurrent.ThreadPoolExecutor$Worker@baf429f[State = -1, empty queue]] WARN  server.GrpcLogAppender (GrpcLogAppender.java:timeoutAppendRequest(200)) - 5e893e0a-56f7-4618-9f46-a6ff48173cb6@group-869F42A7192E->f7ede272-a28a-44e0-9552-15581fc2de04-GrpcLogAppender: appendEntries Timeout, request=5e893e0a-56f7-4618-9f46-a6ff48173cb6->f7ede272-a28a-44e0-9552-15581fc2de04#76-t1, previous=(t:1, i:20), leaderCommit=16, initializing? false, entries: <empty>
 0.00% |█                                                                                                    |  0/1 Time: 0:08:292019-09-17 12:51:25,718 [grpc-default-executor-4] INFO  client.GrpcClientProtocolClient (GrpcClientProtocolClient.java:onNext(264)) - client-B24658765329->84ab4d91-000c-4523-9c5f-2c204b5f6601: receive RaftClientReply:client-B24658765329->84ab4d91-000c-4523-9c5f-2c204b5f6601@group-869F42A7192E, cid=153, FAILED org.apache.ratis.protocol.NotLeaderException: Server 84ab4d91-000c-4523-9c5f-2c204b5f6601@group-869F42A7192E is not the leader 5e893e0a-56f7-4618-9f46-a6ff48173cb6:192.168.5.153:37060, logIndex=0, commits[84ab4d91-000c-4523-9c5f-2c204b5f6601:c16, 5e893e0a-56f7-4618-9f46-a6ff48173cb6:c16, f7ede272-a28a-44e0-9552-15581fc2de04:c12]
 0.00% |█                                                                                                    |  0/1 Time: 0:08:30 0.00% |█                                                                                                    |  0/1 Time: 0:08:312019-09-17 12:51:27,689 [java.util.concurrent.ThreadPoolExecutor$Worker@70b491f[State = -1, empty queue]] WARN  server.GrpcLogAppender (GrpcLogAppender.java:timeoutAppendRequest(200)) - 5e893e0a-56f7-4618-9f46-a6ff48173cb6@group-869F42A7192E->84ab4d91-000c-4523-9c5f-2c204b5f6601-GrpcLogAppender: appendEntries Timeout, request=5e893e0a-56f7-4618-9f46-a6ff48173cb6->84ab4d91-000c-4523-9c5f-2c204b5f6601#77-t1, previous=(t:1, i:20), leaderCommit=16, initializing? false, entries: <empty>
2019-09-17 12:51:27,689 [java.util.concurrent.ThreadPoolExecutor$Worker@baf429f[State = -1, empty queue]] WARN  server.GrpcLogAppender (GrpcLogAppender.java:timeoutAppendRequest(200)) - 5e893e0a-56f7-4618-9f46-a6ff48173cb6@group-869F42A7192E->f7ede272-a28a-44e0-9552-15581fc2de04-GrpcLogAppender: appendEntries Timeout, request=5e893e0a-56f7-4618-9f46-a6ff48173cb6->f7ede272-a28a-44e0-9552-15581fc2de04#77-t1, previous=(t:1, i:20), leaderCommit=16, initializing? false, entries: <empty>
 0.00% |█                                                                                                    |  0/1 Time: 0:08:32 0.00% |█                                                                                                    |  0/1 Time: 0:08:332019-09-17 12:51:30,189 [java.util.concurrent.ThreadPoolExecutor$Worker@baf429f[State = -1, empty queue]] WARN  server.GrpcLogAppender (GrpcLogAppender.java:timeoutAppendRequest(200)) - 5e893e0a-56f7-4618-9f46-a6ff48173cb6@group-869F42A7192E->f7ede272-a28a-44e0-9552-15581fc2de04-GrpcLogAppender: appendEntries Timeout, request=5e893e0a-56f7-4618-9f46-a6ff48173cb6->f7ede272-a28a-44e0-9552-15581fc2de04#78-t1, previous=(t:1, i:20), leaderCommit=16, initializing? false, entries: <empty>
2019-09-17 12:51:30,190 [java.util.concurrent.ThreadPoolExecutor$Worker@70b491f[State = -1, empty queue]] WARN  server.GrpcLogAppender (GrpcLogAppender.java:timeoutAppendRequest(200)) - 5e893e0a-56f7-4618-9f46-a6ff48173cb6@group-869F42A7192E->84ab4d91-000c-4523-9c5f-2c204b5f6601-GrpcLogAppender: appendEntries Timeout, request=5e893e0a-56f7-4618-9f46-a6ff48173cb6->84ab4d91-000c-4523-9c5f-2c204b5f6601#78-t1, previous=(t:1, i:20), leaderCommit=16, initializing? false, entries: <empty>
 0.00% |█                                                                                                    |  0/1 Time: 0:08:342019-09-17 12:51:30,755 [grpc-default-executor-6] INFO  client.GrpcClientProtocolClient (GrpcClientProtocolClient.java:onNext(264)) - client-B24658765329->84ab4d91-000c-4523-9c5f-2c204b5f6601: receive RaftClientReply:client-B24658765329->84ab4d91-000c-4523-9c5f-2c204b5f6601@group-869F42A7192E, cid=153, FAILED org.apache.ratis.protocol.NotLeaderException: Server 84ab4d91-000c-4523-9c5f-2c204b5f6601@group-869F42A7192E is not the leader 5e893e0a-56f7-4618-9f46-a6ff48173cb6:192.168.5.153:37060, logIndex=0, commits[84ab4d91-000c-4523-9c5f-2c204b5f6601:c16, 5e893e0a-56f7-4618-9f46-a6ff48173cb6:c16, f7ede272-a28a-44e0-9552-15581fc2de04:c12]
 0.00% |█                                                                                                    |  0/1 Time: 0:08:35 0.00% |█                                                                                                    |  0/1 Time: 0:08:362019-09-17 12:51:32,690 [java.util.concurrent.ThreadPoolExecutor$Worker@baf429f[State = -1, empty queue]] WARN  server.GrpcLogAppender (GrpcLogAppender.java:timeoutAppendRequest(200)) - 5e893e0a-56f7-4618-9f46-a6ff48173cb6@group-869F42A7192E->f7ede272-a28a-44e0-9552-15581fc2de04-GrpcLogAppender: appendEntries Timeout, request=5e893e0a-56f7-4618-9f46-a6ff48173cb6->f7ede272-a28a-44e0-9552-15581fc2de04#79-t1, previous=(t:1, i:20), leaderCommit=16, initializing? false, entries: <empty>
2019-09-17 12:51:32,690 [java.util.concurrent.ThreadPoolExecutor$Worker@70b491f[State = -1, empty queue]] WARN  server.GrpcLogAppender (GrpcLogAppender.java:timeoutAppendRequest(200)) - 5e893e0a-56f7-4618-9f46-a6ff48173cb6@group-869F42A7192E->84ab4d91-000c-4523-9c5f-2c204b5f6601-GrpcLogAppender: appendEntries Timeout, request=5e893e0a-56f7-4618-9f46-a6ff48173cb6->84ab4d91-000c-4523-9c5f-2c204b5f6601#79-t1, previous=(t:1, i:20), leaderCommit=16, initializing? false, entries: <empty>
 0.00% |█                                                                                                    |  0/1 Time: 0:08:37 0.00% |█                                                                                                    |  0/1 Time: 0:08:382019-09-17 12:51:34,659 [5e893e0a-56f7-4618-9f46-a6ff48173cb6@group-869F42A7192E-SegmentedRaftLogWorker] WARN  segmented.SegmentedRaftLogWorker (SegmentedRaftLogWorker.java:getFromFuture(90)) - Timeout 11/~
org.apache.ratis.protocol.TimeoutIOException: Timeout 10s: WriteLog:17: (t:1, i:17), STATEMACHINELOGENTRY, client-B24658765329, cid=153-writeStateMachineData
	at org.apache.ratis.util.IOUtils.getFromFuture(IOUtils.java:87)
	at org.apache.ratis.server.raftlog.segmented.SegmentedRaftLogWorker$StateMachineDataPolicy.getFromFuture(SegmentedRaftLogWorker.java:87)
	at org.apache.ratis.server.raftlog.segmented.SegmentedRaftLogWorker$WriteLog.execute(SegmentedRaftLogWorker.java:477)
	at org.apache.ratis.server.raftlog.segmented.SegmentedRaftLogWorker.run(SegmentedRaftLogWorker.java:289)
	at java.lang.Thread.run(Thread.java:748)
Caused by: java.util.concurrent.TimeoutException
	at java.util.concurrent.CompletableFuture.timedGet(CompletableFuture.java:1771)
	at java.util.concurrent.CompletableFuture.get(CompletableFuture.java:1915)
	at org.apache.ratis.util.IOUtils.getFromFuture(IOUtils.java:79)
	... 4 more
2019-09-17 12:51:34,667 [f7ede272-a28a-44e0-9552-15581fc2de04@group-869F42A7192E-SegmentedRaftLogWorker] WARN  segmented.SegmentedRaftLogWorker (SegmentedRaftLogWorker.java:getFromFuture(90)) - Timeout 11/~
org.apache.ratis.protocol.TimeoutIOException: Timeout 10s: WriteLog:17: (t:1, i:17), STATEMACHINELOGENTRY, client-B24658765329, cid=153-writeStateMachineData
	at org.apache.ratis.util.IOUtils.getFromFuture(IOUtils.java:87)
	at org.apache.ratis.server.raftlog.segmented.SegmentedRaftLogWorker$StateMachineDataPolicy.getFromFuture(SegmentedRaftLogWorker.java:87)
	at org.apache.ratis.server.raftlog.segmented.SegmentedRaftLogWorker$WriteLog.execute(SegmentedRaftLogWorker.java:477)
	at org.apache.ratis.server.raftlog.segmented.SegmentedRaftLogWorker.run(SegmentedRaftLogWorker.java:289)
	at java.lang.Thread.run(Thread.java:748)
Caused by: java.util.concurrent.TimeoutException
	at java.util.concurrent.CompletableFuture.timedGet(CompletableFuture.java:1771)
	at java.util.concurrent.CompletableFuture.get(CompletableFuture.java:1915)
	at org.apache.ratis.util.IOUtils.getFromFuture(IOUtils.java:79)
	... 4 more
2019-09-17 12:51:34,681 [84ab4d91-000c-4523-9c5f-2c204b5f6601@group-869F42A7192E-SegmentedRaftLogWorker] WARN  segmented.SegmentedRaftLogWorker (SegmentedRaftLogWorker.java:getFromFuture(90)) - Timeout 11/~
org.apache.ratis.protocol.TimeoutIOException: Timeout 10s: WriteLog:17: (t:1, i:17), STATEMACHINELOGENTRY, client-B24658765329, cid=153-writeStateMachineData
	at org.apache.ratis.util.IOUtils.getFromFuture(IOUtils.java:87)
	at org.apache.ratis.server.raftlog.segmented.SegmentedRaftLogWorker$StateMachineDataPolicy.getFromFuture(SegmentedRaftLogWorker.java:87)
	at org.apache.ratis.server.raftlog.segmented.SegmentedRaftLogWorker$WriteLog.execute(SegmentedRaftLogWorker.java:477)
	at org.apache.ratis.server.raftlog.segmented.SegmentedRaftLogWorker.run(SegmentedRaftLogWorker.java:289)
	at java.lang.Thread.run(Thread.java:748)
Caused by: java.util.concurrent.TimeoutException
	at java.util.concurrent.CompletableFuture.timedGet(CompletableFuture.java:1771)
	at java.util.concurrent.CompletableFuture.get(CompletableFuture.java:1915)
	at org.apache.ratis.util.IOUtils.getFromFuture(IOUtils.java:79)
	... 4 more
2019-09-17 12:51:34,694 [org.apache.ratis.server.impl.LogAppender$AppenderDaemon$$Lambda$509/159327213@81edd1c] ERROR ratis.XceiverServerRatis (XceiverServerRatis.java:triggerPipelineClose(575)) - pipeline Action CLOSE  on pipeline PipelineID=beaf19c3-da84-45d5-96c5-869f42a7192e.Reason : 5e893e0a-56f7-4618-9f46-a6ff48173cb6 has not seen follower/s 84ab4d91-000c-4523-9c5f-2c204b5f6601 for 120072ms f7ede272-a28a-44e0-9552-15581fc2de04 for 120070ms
2019-09-17 12:51:34,694 [org.apache.ratis.server.impl.LogAppender$AppenderDaemon$$Lambda$509/159327213@6e915ccd] ERROR ratis.XceiverServerRatis (XceiverServerRatis.java:triggerPipelineClose(575)) - pipeline Action CLOSE  on pipeline PipelineID=beaf19c3-da84-45d5-96c5-869f42a7192e.Reason : 5e893e0a-56f7-4618-9f46-a6ff48173cb6 has not seen follower/s 84ab4d91-000c-4523-9c5f-2c204b5f6601 for 120072ms f7ede272-a28a-44e0-9552-15581fc2de04 for 120070ms
2019-09-17 12:51:34,806 [EventQueue-PipelineActionsForPipelineActionHandler] ERROR pipeline.PipelineActionHandler (PipelineActionHandler.java:onMessage(60)) - Received pipeline action CLOSE for Pipeline[ Id: beaf19c3-da84-45d5-96c5-869f42a7192e, Nodes: 5e893e0a-56f7-4618-9f46-a6ff48173cb6{ip: 192.168.5.153, host: pr-hdds-2137-trunk-mnh2s-3748177197, networkLocation: /default-rack, certSerialId: null}84ab4d91-000c-4523-9c5f-2c204b5f6601{ip: 192.168.5.153, host: pr-hdds-2137-trunk-mnh2s-3748177197, networkLocation: /default-rack, certSerialId: null}f7ede272-a28a-44e0-9552-15581fc2de04{ip: 192.168.5.153, host: pr-hdds-2137-trunk-mnh2s-3748177197, networkLocation: /default-rack, certSerialId: null}, Type:RATIS, Factor:THREE, State:OPEN] from datanode 5e893e0a-56f7-4618-9f46-a6ff48173cb6{ip: 192.168.5.153, host: pr-hdds-2137-trunk-mnh2s-3748177197, networkLocation: /default-rack, certSerialId: null}. Reason : 5e893e0a-56f7-4618-9f46-a6ff48173cb6 has not seen follower/s 84ab4d91-000c-4523-9c5f-2c204b5f6601 for 120072ms f7ede272-a28a-44e0-9552-15581fc2de04 for 120070ms
2019-09-17 12:51:34,806 [EventQueue-PipelineActionsForPipelineActionHandler] INFO  pipeline.SCMPipelineManager (SCMPipelineManager.java:finalizeAndDestroyPipeline(311)) - destroying pipeline:Pipeline[ Id: beaf19c3-da84-45d5-96c5-869f42a7192e, Nodes: 5e893e0a-56f7-4618-9f46-a6ff48173cb6{ip: 192.168.5.153, host: pr-hdds-2137-trunk-mnh2s-3748177197, networkLocation: /default-rack, certSerialId: null}84ab4d91-000c-4523-9c5f-2c204b5f6601{ip: 192.168.5.153, host: pr-hdds-2137-trunk-mnh2s-3748177197, networkLocation: /default-rack, certSerialId: null}f7ede272-a28a-44e0-9552-15581fc2de04{ip: 192.168.5.153, host: pr-hdds-2137-trunk-mnh2s-3748177197, networkLocation: /default-rack, certSerialId: null}, Type:RATIS, Factor:THREE, State:OPEN]
2019-09-17 12:51:34,806 [EventQueue-PipelineActionsForPipelineActionHandler] INFO  pipeline.PipelineStateManager (PipelineStateManager.java:finalizePipeline(123)) - Pipeline Pipeline[ Id: beaf19c3-da84-45d5-96c5-869f42a7192e, Nodes: 5e893e0a-56f7-4618-9f46-a6ff48173cb6{ip: 192.168.5.153, host: pr-hdds-2137-trunk-mnh2s-3748177197, networkLocation: /default-rack, certSerialId: null}84ab4d91-000c-4523-9c5f-2c204b5f6601{ip: 192.168.5.153, host: pr-hdds-2137-trunk-mnh2s-3748177197, networkLocation: /default-rack, certSerialId: null}f7ede272-a28a-44e0-9552-15581fc2de04{ip: 192.168.5.153, host: pr-hdds-2137-trunk-mnh2s-3748177197, networkLocation: /default-rack, certSerialId: null}, Type:RATIS, Factor:THREE, State:CLOSED] moved to CLOSED state
2019-09-17 12:51:34,807 [EventQueue-CloseContainerForCloseContainerEventHandler] INFO  container.CloseContainerEventHandler (CloseContainerEventHandler.java:onMessage(61)) - Close container Event triggered for container : #6
2019-09-17 12:51:34,808 [EventQueue-CloseContainerForCloseContainerEventHandler] INFO  container.CloseContainerEventHandler (CloseContainerEventHandler.java:onMessage(61)) - Close container Event triggered for container : #7
2019-09-17 12:51:35,191 [java.util.concurrent.ThreadPoolExecutor$Worker@70b491f[State = -1, empty queue]] WARN  server.GrpcLogAppender (GrpcLogAppender.java:timeoutAppendRequest(200)) - 5e893e0a-56f7-4618-9f46-a6ff48173cb6@group-869F42A7192E->84ab4d91-000c-4523-9c5f-2c204b5f6601-GrpcLogAppender: appendEntries Timeout, request=5e893e0a-56f7-4618-9f46-a6ff48173cb6->84ab4d91-000c-4523-9c5f-2c204b5f6601#80-t1, previous=(t:1, i:20), leaderCommit=16, initializing? false, entries: <empty>
2019-09-17 12:51:35,191 [java.util.concurrent.ThreadPoolExecutor$Worker@baf429f[State = -1, empty queue]] WARN  server.GrpcLogAppender (GrpcLogAppender.java:timeoutAppendRequest(200)) - 5e893e0a-56f7-4618-9f46-a6ff48173cb6@group-869F42A7192E->f7ede272-a28a-44e0-9552-15581fc2de04-GrpcLogAppender: appendEntries Timeout, request=5e893e0a-56f7-4618-9f46-a6ff48173cb6->f7ede272-a28a-44e0-9552-15581fc2de04#80-t1, previous=(t:1, i:20), leaderCommit=16, initializing? false, entries: <empty>
 0.00% |█                                                                                                    |  0/1 Time: 0:08:392019-09-17 12:51:35,797 [grpc-default-executor-4] INFO  client.GrpcClientProtocolClient (GrpcClientProtocolClient.java:onNext(264)) - client-B24658765329->84ab4d91-000c-4523-9c5f-2c204b5f6601: receive RaftClientReply:client-B24658765329->84ab4d91-000c-4523-9c5f-2c204b5f6601@group-869F42A7192E, cid=153, FAILED org.apache.ratis.protocol.NotLeaderException: Server 84ab4d91-000c-4523-9c5f-2c204b5f6601@group-869F42A7192E is not the leader 5e893e0a-56f7-4618-9f46-a6ff48173cb6:192.168.5.153:37060, logIndex=0, commits[84ab4d91-000c-4523-9c5f-2c204b5f6601:c16, 5e893e0a-56f7-4618-9f46-a6ff48173cb6:c16, f7ede272-a28a-44e0-9552-15581fc2de04:c12]
 0.00% |█                                                                                                    |  0/1 Time: 0:08:402019-09-17 12:51:36,832 [org.apache.ratis.server.impl.LogAppender$AppenderDaemon$$Lambda$509/159327213@6e915ccd] ERROR ratis.XceiverServerRatis (XceiverServerRatis.java:triggerPipelineClose(575)) - pipeline Action CLOSE  on pipeline PipelineID=beaf19c3-da84-45d5-96c5-869f42a7192e.Reason : 5e893e0a-56f7-4618-9f46-a6ff48173cb6 has not seen follower/s 84ab4d91-000c-4523-9c5f-2c204b5f6601 for 122211ms f7ede272-a28a-44e0-9552-15581fc2de04 for 122209ms
2019-09-17 12:51:36,832 [org.apache.ratis.server.impl.LogAppender$AppenderDaemon$$Lambda$509/159327213@81edd1c] ERROR ratis.XceiverServerRatis (XceiverServerRatis.java:triggerPipelineClose(575)) - pipeline Action CLOSE  on pipeline PipelineID=beaf19c3-da84-45d5-96c5-869f42a7192e.Reason : 5e893e0a-56f7-4618-9f46-a6ff48173cb6 has not seen follower/s 84ab4d91-000c-4523-9c5f-2c204b5f6601 for 122211ms f7ede272-a28a-44e0-9552-15581fc2de04 for 122209ms
 0.00% |█                                                                                                    |  0/1 Time: 0:08:412019-09-17 12:51:37,693 [java.util.concurrent.ThreadPoolExecutor$Worker@70b491f[State = -1, empty queue]] WARN  server.GrpcLogAppender (GrpcLogAppender.java:timeoutAppendRequest(200)) - 5e893e0a-56f7-4618-9f46-a6ff48173cb6@group-869F42A7192E->84ab4d91-000c-4523-9c5f-2c204b5f6601-GrpcLogAppender: appendEntries Timeout, request=5e893e0a-56f7-4618-9f46-a6ff48173cb6->84ab4d91-000c-4523-9c5f-2c204b5f6601#81-t1, previous=(t:1, i:20), leaderCommit=16, initializing? false, entries: <empty>
2019-09-17 12:51:37,693 [java.util.concurrent.ThreadPoolExecutor$Worker@baf429f[State = -1, empty queue]] WARN  server.GrpcLogAppender (GrpcLogAppender.java:timeoutAppendRequest(200)) - 5e893e0a-56f7-4618-9f46-a6ff48173cb6@group-869F42A7192E->f7ede272-a28a-44e0-9552-15581fc2de04-GrpcLogAppender: appendEntries Timeout, request=5e893e0a-56f7-4618-9f46-a6ff48173cb6->f7ede272-a28a-44e0-9552-15581fc2de04#81-t1, previous=(t:1, i:20), leaderCommit=16, initializing? false, entries: <empty>
2019-09-17 12:51:37,832 [EventQueue-PipelineActionsForPipelineActionHandler] ERROR pipeline.PipelineActionHandler (PipelineActionHandler.java:onMessage(60)) - Received pipeline action CLOSE for Pipeline[ Id: beaf19c3-da84-45d5-96c5-869f42a7192e, Nodes: 5e893e0a-56f7-4618-9f46-a6ff48173cb6{ip: 192.168.5.153, host: pr-hdds-2137-trunk-mnh2s-3748177197, networkLocation: /default-rack, certSerialId: null}84ab4d91-000c-4523-9c5f-2c204b5f6601{ip: 192.168.5.153, host: pr-hdds-2137-trunk-mnh2s-3748177197, networkLocation: /default-rack, certSerialId: null}f7ede272-a28a-44e0-9552-15581fc2de04{ip: 192.168.5.153, host: pr-hdds-2137-trunk-mnh2s-3748177197, networkLocation: /default-rack, certSerialId: null}, Type:RATIS, Factor:THREE, State:CLOSED] from datanode 5e893e0a-56f7-4618-9f46-a6ff48173cb6{ip: 192.168.5.153, host: pr-hdds-2137-trunk-mnh2s-3748177197, networkLocation: /default-rack, certSerialId: null}. Reason : 5e893e0a-56f7-4618-9f46-a6ff48173cb6 has not seen follower/s 84ab4d91-000c-4523-9c5f-2c204b5f6601 for 122211ms f7ede272-a28a-44e0-9552-15581fc2de04 for 122209ms
2019-09-17 12:51:37,832 [EventQueue-PipelineActionsForPipelineActionHandler] INFO  pipeline.SCMPipelineManager (SCMPipelineManager.java:finalizeAndDestroyPipeline(311)) - destroying pipeline:Pipeline[ Id: beaf19c3-da84-45d5-96c5-869f42a7192e, Nodes: 5e893e0a-56f7-4618-9f46-a6ff48173cb6{ip: 192.168.5.153, host: pr-hdds-2137-trunk-mnh2s-3748177197, networkLocation: /default-rack, certSerialId: null}84ab4d91-000c-4523-9c5f-2c204b5f6601{ip: 192.168.5.153, host: pr-hdds-2137-trunk-mnh2s-3748177197, networkLocation: /default-rack, certSerialId: null}f7ede272-a28a-44e0-9552-15581fc2de04{ip: 192.168.5.153, host: pr-hdds-2137-trunk-mnh2s-3748177197, networkLocation: /default-rack, certSerialId: null}, Type:RATIS, Factor:THREE, State:CLOSED]
 0.00% |█                                                                                                    |  0/1 Time: 0:08:422019-09-17 12:51:39,333 [org.apache.ratis.server.impl.LogAppender$AppenderDaemon$$Lambda$509/159327213@6e915ccd] ERROR ratis.XceiverServerRatis (XceiverServerRatis.java:triggerPipelineClose(575)) - pipeline Action CLOSE  on pipeline PipelineID=beaf19c3-da84-45d5-96c5-869f42a7192e.Reason : 5e893e0a-56f7-4618-9f46-a6ff48173cb6 has not seen follower/s 84ab4d91-000c-4523-9c5f-2c204b5f6601 for 124712ms f7ede272-a28a-44e0-9552-15581fc2de04 for 124710ms
2019-09-17 12:51:39,333 [org.apache.ratis.server.impl.LogAppender$AppenderDaemon$$Lambda$509/159327213@81edd1c] ERROR ratis.XceiverServerRatis (XceiverServerRatis.java:triggerPipelineClose(575)) - pipeline Action CLOSE  on pipeline PipelineID=beaf19c3-da84-45d5-96c5-869f42a7192e.Reason : 5e893e0a-56f7-4618-9f46-a6ff48173cb6 has not seen follower/s 84ab4d91-000c-4523-9c5f-2c204b5f6601 for 124712ms f7ede272-a28a-44e0-9552-15581fc2de04 for 124710ms
 0.00% |█                                                                                                    |  0/1 Time: 0:08:432019-09-17 12:51:39,832 [EventQueue-PipelineActionsForPipelineActionHandler] ERROR pipeline.PipelineActionHandler (PipelineActionHandler.java:onMessage(60)) - Received pipeline action CLOSE for Pipeline[ Id: beaf19c3-da84-45d5-96c5-869f42a7192e, Nodes: 5e893e0a-56f7-4618-9f46-a6ff48173cb6{ip: 192.168.5.153, host: pr-hdds-2137-trunk-mnh2s-3748177197, networkLocation: /default-rack, certSerialId: null}84ab4d91-000c-4523-9c5f-2c204b5f6601{ip: 192.168.5.153, host: pr-hdds-2137-trunk-mnh2s-3748177197, networkLocation: /default-rack, certSerialId: null}f7ede272-a28a-44e0-9552-15581fc2de04{ip: 192.168.5.153, host: pr-hdds-2137-trunk-mnh2s-3748177197, networkLocation: /default-rack, certSerialId: null}, Type:RATIS, Factor:THREE, State:CLOSED] from datanode 5e893e0a-56f7-4618-9f46-a6ff48173cb6{ip: 192.168.5.153, host: pr-hdds-2137-trunk-mnh2s-3748177197, networkLocation: /default-rack, certSerialId: null}. Reason : 5e893e0a-56f7-4618-9f46-a6ff48173cb6 has not seen follower/s 84ab4d91-000c-4523-9c5f-2c204b5f6601 for 124712ms f7ede272-a28a-44e0-9552-15581fc2de04 for 124710ms
2019-09-17 12:51:39,832 [EventQueue-PipelineActionsForPipelineActionHandler] INFO  pipeline.SCMPipelineManager (SCMPipelineManager.java:finalizeAndDestroyPipeline(311)) - destroying pipeline:Pipeline[ Id: beaf19c3-da84-45d5-96c5-869f42a7192e, Nodes: 5e893e0a-56f7-4618-9f46-a6ff48173cb6{ip: 192.168.5.153, host: pr-hdds-2137-trunk-mnh2s-3748177197, networkLocation: /default-rack, certSerialId: null}84ab4d91-000c-4523-9c5f-2c204b5f6601{ip: 192.168.5.153, host: pr-hdds-2137-trunk-mnh2s-3748177197, networkLocation: /default-rack, certSerialId: null}f7ede272-a28a-44e0-9552-15581fc2de04{ip: 192.168.5.153, host: pr-hdds-2137-trunk-mnh2s-3748177197, networkLocation: /default-rack, certSerialId: null}, Type:RATIS, Factor:THREE, State:CLOSED]
2019-09-17 12:51:39,832 [java.util.concurrent.ThreadPoolExecutor$Worker@70b491f[State = -1, empty queue]] WARN  server.GrpcLogAppender (GrpcLogAppender.java:timeoutAppendRequest(200)) - 5e893e0a-56f7-4618-9f46-a6ff48173cb6@group-869F42A7192E->84ab4d91-000c-4523-9c5f-2c204b5f6601-GrpcLogAppender: appendEntries Timeout, request=5e893e0a-56f7-4618-9f46-a6ff48173cb6->84ab4d91-000c-4523-9c5f-2c204b5f6601#82-t1, previous=(t:1, i:20), leaderCommit=16, initializing? false, entries: size=1, first=(t:1, i:21), STATEMACHINELOGENTRY, client-58EF460EB786, cid=15
2019-09-17 12:51:39,832 [java.util.concurrent.ThreadPoolExecutor$Worker@baf429f[State = -1, empty queue]] WARN  server.GrpcLogAppender (GrpcLogAppender.java:timeoutAppendRequest(200)) - 5e893e0a-56f7-4618-9f46-a6ff48173cb6@group-869F42A7192E->f7ede272-a28a-44e0-9552-15581fc2de04-GrpcLogAppender: appendEntries Timeout, request=5e893e0a-56f7-4618-9f46-a6ff48173cb6->f7ede272-a28a-44e0-9552-15581fc2de04#82-t1, previous=(t:1, i:20), leaderCommit=16, initializing? false, entries: size=1, first=(t:1, i:21), STATEMACHINELOGENTRY, client-58EF460EB786, cid=15
 0.00% |█                                                                                                    |  0/1 Time: 0:08:442019-09-17 12:51:40,839 [grpc-default-executor-5] INFO  client.GrpcClientProtocolClient (GrpcClientProtocolClient.java:onNext(264)) - client-B24658765329->f7ede272-a28a-44e0-9552-15581fc2de04: receive RaftClientReply:client-B24658765329->f7ede272-a28a-44e0-9552-15581fc2de04@group-869F42A7192E, cid=153, FAILED org.apache.ratis.protocol.NotLeaderException: Server f7ede272-a28a-44e0-9552-15581fc2de04@group-869F42A7192E is not the leader 5e893e0a-56f7-4618-9f46-a6ff48173cb6:192.168.5.153:37060, logIndex=0, commits[f7ede272-a28a-44e0-9552-15581fc2de04:c16, 5e893e0a-56f7-4618-9f46-a6ff48173cb6:c16, 84ab4d91-000c-4523-9c5f-2c204b5f6601:c12]
 0.00% |█                                                                                                    |  0/1 Time: 0:08:452019-09-17 12:51:41,834 [org.apache.ratis.server.impl.LogAppender$AppenderDaemon$$Lambda$509/159327213@81edd1c] ERROR ratis.XceiverServerRatis (XceiverServerRatis.java:triggerPipelineClose(575)) - pipeline Action CLOSE  on pipeline PipelineID=beaf19c3-da84-45d5-96c5-869f42a7192e.Reason : 5e893e0a-56f7-4618-9f46-a6ff48173cb6 has not seen follower/s 84ab4d91-000c-4523-9c5f-2c204b5f6601 for 127213ms f7ede272-a28a-44e0-9552-15581fc2de04 for 127211ms
2019-09-17 12:51:41,834 [org.apache.ratis.server.impl.LogAppender$AppenderDaemon$$Lambda$509/159327213@6e915ccd] ERROR ratis.XceiverServerRatis (XceiverServerRatis.java:triggerPipelineClose(575)) - pipeline Action CLOSE  on pipeline PipelineID=beaf19c3-da84-45d5-96c5-869f42a7192e.Reason : 5e893e0a-56f7-4618-9f46-a6ff48173cb6 has not seen follower/s 84ab4d91-000c-4523-9c5f-2c204b5f6601 for 127212ms f7ede272-a28a-44e0-9552-15581fc2de04 for 127211ms
2019-09-17 12:51:42,333 [java.util.concurrent.ThreadPoolExecutor$Worker@baf429f[State = -1, empty queue]] WARN  server.GrpcLogAppender (GrpcLogAppender.java:timeoutAppendRequest(200)) - 5e893e0a-56f7-4618-9f46-a6ff48173cb6@group-869F42A7192E->f7ede272-a28a-44e0-9552-15581fc2de04-GrpcLogAppender: appendEntries Timeout, request=5e893e0a-56f7-4618-9f46-a6ff48173cb6->f7ede272-a28a-44e0-9552-15581fc2de04#83-t1, previous=(t:1, i:21), leaderCommit=16, initializing? false, entries: <empty>
2019-09-17 12:51:42,333 [java.util.concurrent.ThreadPoolExecutor$Worker@70b491f[State = -1, empty queue]] WARN  server.GrpcLogAppender (GrpcLogAppender.java:timeoutAppendRequest(200)) - 5e893e0a-56f7-4618-9f46-a6ff48173cb6@group-869F42A7192E->84ab4d91-000c-4523-9c5f-2c204b5f6601-GrpcLogAppender: appendEntries Timeout, request=5e893e0a-56f7-4618-9f46-a6ff48173cb6->84ab4d91-000c-4523-9c5f-2c204b5f6601#83-t1, previous=(t:1, i:21), leaderCommit=16, initializing? false, entries: <empty>
 0.00% |█                                                                                                    |  0/1 Time: 0:08:462019-09-17 12:51:42,832 [EventQueue-PipelineActionsForPipelineActionHandler] ERROR pipeline.PipelineActionHandler (PipelineActionHandler.java:onMessage(60)) - Received pipeline action CLOSE for Pipeline[ Id: beaf19c3-da84-45d5-96c5-869f42a7192e, Nodes: 5e893e0a-56f7-4618-9f46-a6ff48173cb6{ip: 192.168.5.153, host: pr-hdds-2137-trunk-mnh2s-3748177197, networkLocation: /default-rack, certSerialId: null}84ab4d91-000c-4523-9c5f-2c204b5f6601{ip: 192.168.5.153, host: pr-hdds-2137-trunk-mnh2s-3748177197, networkLocation: /default-rack, certSerialId: null}f7ede272-a28a-44e0-9552-15581fc2de04{ip: 192.168.5.153, host: pr-hdds-2137-trunk-mnh2s-3748177197, networkLocation: /default-rack, certSerialId: null}, Type:RATIS, Factor:THREE, State:CLOSED] from datanode 5e893e0a-56f7-4618-9f46-a6ff48173cb6{ip: 192.168.5.153, host: pr-hdds-2137-trunk-mnh2s-3748177197, networkLocation: /default-rack, certSerialId: null}. Reason : 5e893e0a-56f7-4618-9f46-a6ff48173cb6 has not seen follower/s 84ab4d91-000c-4523-9c5f-2c204b5f6601 for 127213ms f7ede272-a28a-44e0-9552-15581fc2de04 for 127211ms
2019-09-17 12:51:42,832 [EventQueue-PipelineActionsForPipelineActionHandler] INFO  pipeline.SCMPipelineManager (SCMPipelineManager.java:finalizeAndDestroyPipeline(311)) - destroying pipeline:Pipeline[ Id: beaf19c3-da84-45d5-96c5-869f42a7192e, Nodes: 5e893e0a-56f7-4618-9f46-a6ff48173cb6{ip: 192.168.5.153, host: pr-hdds-2137-trunk-mnh2s-3748177197, networkLocation: /default-rack, certSerialId: null}84ab4d91-000c-4523-9c5f-2c204b5f6601{ip: 192.168.5.153, host: pr-hdds-2137-trunk-mnh2s-3748177197, networkLocation: /default-rack, certSerialId: null}f7ede272-a28a-44e0-9552-15581fc2de04{ip: 192.168.5.153, host: pr-hdds-2137-trunk-mnh2s-3748177197, networkLocation: /default-rack, certSerialId: null}, Type:RATIS, Factor:THREE, State:CLOSED]
 0.00% |█                                                                                                    |  0/1 Time: 0:08:472019-09-17 12:51:44,335 [org.apache.ratis.server.impl.LogAppender$AppenderDaemon$$Lambda$509/159327213@81edd1c] ERROR ratis.XceiverServerRatis (XceiverServerRatis.java:triggerPipelineClose(575)) - pipeline Action CLOSE  on pipeline PipelineID=beaf19c3-da84-45d5-96c5-869f42a7192e.Reason : 5e893e0a-56f7-4618-9f46-a6ff48173cb6 has not seen follower/s 84ab4d91-000c-4523-9c5f-2c204b5f6601 for 129714ms f7ede272-a28a-44e0-9552-15581fc2de04 for 129712ms
2019-09-17 12:51:44,335 [org.apache.ratis.server.impl.LogAppender$AppenderDaemon$$Lambda$509/159327213@6e915ccd] ERROR ratis.XceiverServerRatis (XceiverServerRatis.java:triggerPipelineClose(575)) - pipeline Action CLOSE  on pipeline PipelineID=beaf19c3-da84-45d5-96c5-869f42a7192e.Reason : 5e893e0a-56f7-4618-9f46-a6ff48173cb6 has not seen follower/s 84ab4d91-000c-4523-9c5f-2c204b5f6601 for 129714ms f7ede272-a28a-44e0-9552-15581fc2de04 for 129712ms
 0.00% |█                                                                                                    |  0/1 Time: 0:08:482019-09-17 12:51:44,662 [5e893e0a-56f7-4618-9f46-a6ff48173cb6@group-869F42A7192E-SegmentedRaftLogWorker] WARN  segmented.SegmentedRaftLogWorker (SegmentedRaftLogWorker.java:getFromFuture(90)) - Timeout 12/~
org.apache.ratis.protocol.TimeoutIOException: Timeout 10s: WriteLog:17: (t:1, i:17), STATEMACHINELOGENTRY, client-B24658765329, cid=153-writeStateMachineData
	at org.apache.ratis.util.IOUtils.getFromFuture(IOUtils.java:87)
	at org.apache.ratis.server.raftlog.segmented.SegmentedRaftLogWorker$StateMachineDataPolicy.getFromFuture(SegmentedRaftLogWorker.java:87)
	at org.apache.ratis.server.raftlog.segmented.SegmentedRaftLogWorker$WriteLog.execute(SegmentedRaftLogWorker.java:477)
	at org.apache.ratis.server.raftlog.segmented.SegmentedRaftLogWorker.run(SegmentedRaftLogWorker.java:289)
	at java.lang.Thread.run(Thread.java:748)
Caused by: java.util.concurrent.TimeoutException
	at java.util.concurrent.CompletableFuture.timedGet(CompletableFuture.java:1771)
	at java.util.concurrent.CompletableFuture.get(CompletableFuture.java:1915)
	at org.apache.ratis.util.IOUtils.getFromFuture(IOUtils.java:79)
	... 4 more
2019-09-17 12:51:44,681 [f7ede272-a28a-44e0-9552-15581fc2de04@group-869F42A7192E-SegmentedRaftLogWorker] WARN  segmented.SegmentedRaftLogWorker (SegmentedRaftLogWorker.java:getFromFuture(90)) - Timeout 12/~
org.apache.ratis.protocol.TimeoutIOException: Timeout 10s: WriteLog:17: (t:1, i:17), STATEMACHINELOGENTRY, client-B24658765329, cid=153-writeStateMachineData
	at org.apache.ratis.util.IOUtils.getFromFuture(IOUtils.java:87)
	at org.apache.ratis.server.raftlog.segmented.SegmentedRaftLogWorker$StateMachineDataPolicy.getFromFuture(SegmentedRaftLogWorker.java:87)
	at org.apache.ratis.server.raftlog.segmented.SegmentedRaftLogWorker$WriteLog.execute(SegmentedRaftLogWorker.java:477)
	at org.apache.ratis.server.raftlog.segmented.SegmentedRaftLogWorker.run(SegmentedRaftLogWorker.java:289)
	at java.lang.Thread.run(Thread.java:748)
Caused by: java.util.concurrent.TimeoutException
	at java.util.concurrent.CompletableFuture.timedGet(CompletableFuture.java:1771)
	at java.util.concurrent.CompletableFuture.get(CompletableFuture.java:1915)
	at org.apache.ratis.util.IOUtils.getFromFuture(IOUtils.java:79)
	... 4 more
2019-09-17 12:51:44,682 [84ab4d91-000c-4523-9c5f-2c204b5f6601@group-869F42A7192E-SegmentedRaftLogWorker] WARN  segmented.SegmentedRaftLogWorker (SegmentedRaftLogWorker.java:getFromFuture(90)) - Timeout 12/~
org.apache.ratis.protocol.TimeoutIOException: Timeout 10s: WriteLog:17: (t:1, i:17), STATEMACHINELOGENTRY, client-B24658765329, cid=153-writeStateMachineData
	at org.apache.ratis.util.IOUtils.getFromFuture(IOUtils.java:87)
	at org.apache.ratis.server.raftlog.segmented.SegmentedRaftLogWorker$StateMachineDataPolicy.getFromFuture(SegmentedRaftLogWorker.java:87)
	at org.apache.ratis.server.raftlog.segmented.SegmentedRaftLogWorker$WriteLog.execute(SegmentedRaftLogWorker.java:477)
	at org.apache.ratis.server.raftlog.segmented.SegmentedRaftLogWorker.run(SegmentedRaftLogWorker.java:289)
	at java.lang.Thread.run(Thread.java:748)
Caused by: java.util.concurrent.TimeoutException
	at java.util.concurrent.CompletableFuture.timedGet(CompletableFuture.java:1771)
	at java.util.concurrent.CompletableFuture.get(CompletableFuture.java:1915)
	at org.apache.ratis.util.IOUtils.getFromFuture(IOUtils.java:79)
	... 4 more
2019-09-17 12:51:44,833 [EventQueue-PipelineActionsForPipelineActionHandler] ERROR pipeline.PipelineActionHandler (PipelineActionHandler.java:onMessage(60)) - Received pipeline action CLOSE for Pipeline[ Id: beaf19c3-da84-45d5-96c5-869f42a7192e, Nodes: 5e893e0a-56f7-4618-9f46-a6ff48173cb6{ip: 192.168.5.153, host: pr-hdds-2137-trunk-mnh2s-3748177197, networkLocation: /default-rack, certSerialId: null}84ab4d91-000c-4523-9c5f-2c204b5f6601{ip: 192.168.5.153, host: pr-hdds-2137-trunk-mnh2s-3748177197, networkLocation: /default-rack, certSerialId: null}f7ede272-a28a-44e0-9552-15581fc2de04{ip: 192.168.5.153, host: pr-hdds-2137-trunk-mnh2s-3748177197, networkLocation: /default-rack, certSerialId: null}, Type:RATIS, Factor:THREE, State:CLOSED] from datanode 5e893e0a-56f7-4618-9f46-a6ff48173cb6{ip: 192.168.5.153, host: pr-hdds-2137-trunk-mnh2s-3748177197, networkLocation: /default-rack, certSerialId: null}. Reason : 5e893e0a-56f7-4618-9f46-a6ff48173cb6 has not seen follower/s 84ab4d91-000c-4523-9c5f-2c204b5f6601 for 129714ms f7ede272-a28a-44e0-9552-15581fc2de04 for 129712ms
2019-09-17 12:51:44,834 [EventQueue-PipelineActionsForPipelineActionHandler] INFO  pipeline.SCMPipelineManager (SCMPipelineManager.java:finalizeAndDestroyPipeline(311)) - destroying pipeline:Pipeline[ Id: beaf19c3-da84-45d5-96c5-869f42a7192e, Nodes: 5e893e0a-56f7-4618-9f46-a6ff48173cb6{ip: 192.168.5.153, host: pr-hdds-2137-trunk-mnh2s-3748177197, networkLocation: /default-rack, certSerialId: null}84ab4d91-000c-4523-9c5f-2c204b5f6601{ip: 192.168.5.153, host: pr-hdds-2137-trunk-mnh2s-3748177197, networkLocation: /default-rack, certSerialId: null}f7ede272-a28a-44e0-9552-15581fc2de04{ip: 192.168.5.153, host: pr-hdds-2137-trunk-mnh2s-3748177197, networkLocation: /default-rack, certSerialId: null}, Type:RATIS, Factor:THREE, State:CLOSED]
2019-09-17 12:51:44,834 [java.util.concurrent.ThreadPoolExecutor$Worker@70b491f[State = -1, empty queue]] WARN  server.GrpcLogAppender (GrpcLogAppender.java:timeoutAppendRequest(200)) - 5e893e0a-56f7-4618-9f46-a6ff48173cb6@group-869F42A7192E->84ab4d91-000c-4523-9c5f-2c204b5f6601-GrpcLogAppender: appendEntries Timeout, request=5e893e0a-56f7-4618-9f46-a6ff48173cb6->84ab4d91-000c-4523-9c5f-2c204b5f6601#84-t1, previous=(t:1, i:21), leaderCommit=16, initializing? false, entries: <empty>
2019-09-17 12:51:44,834 [java.util.concurrent.ThreadPoolExecutor$Worker@baf429f[State = -1, empty queue]] WARN  server.GrpcLogAppender (GrpcLogAppender.java:timeoutAppendRequest(200)) - 5e893e0a-56f7-4618-9f46-a6ff48173cb6@group-869F42A7192E->f7ede272-a28a-44e0-9552-15581fc2de04-GrpcLogAppender: appendEntries Timeout, request=5e893e0a-56f7-4618-9f46-a6ff48173cb6->f7ede272-a28a-44e0-9552-15581fc2de04#84-t1, previous=(t:1, i:21), leaderCommit=16, initializing? false, entries: <empty>
 0.00% |█                                                                                                    |  0/1 Time: 0:08:492019-09-17 12:51:45,872 [grpc-default-executor-6] INFO  client.GrpcClientProtocolClient (GrpcClientProtocolClient.java:onNext(264)) - client-B24658765329->84ab4d91-000c-4523-9c5f-2c204b5f6601: receive RaftClientReply:client-B24658765329->84ab4d91-000c-4523-9c5f-2c204b5f6601@group-869F42A7192E, cid=153, FAILED org.apache.ratis.protocol.NotLeaderException: Server 84ab4d91-000c-4523-9c5f-2c204b5f6601@group-869F42A7192E is not the leader 5e893e0a-56f7-4618-9f46-a6ff48173cb6:192.168.5.153:37060, logIndex=0, commits[84ab4d91-000c-4523-9c5f-2c204b5f6601:c16, 5e893e0a-56f7-4618-9f46-a6ff48173cb6:c16, f7ede272-a28a-44e0-9552-15581fc2de04:c12]
 0.00% |█                                                                                                    |  0/1 Time: 0:08:502019-09-17 12:51:46,836 [org.apache.ratis.server.impl.LogAppender$AppenderDaemon$$Lambda$509/159327213@81edd1c] ERROR ratis.XceiverServerRatis (XceiverServerRatis.java:triggerPipelineClose(575)) - pipeline Action CLOSE  on pipeline PipelineID=beaf19c3-da84-45d5-96c5-869f42a7192e.Reason : 5e893e0a-56f7-4618-9f46-a6ff48173cb6 has not seen follower/s 84ab4d91-000c-4523-9c5f-2c204b5f6601 for 132215ms f7ede272-a28a-44e0-9552-15581fc2de04 for 132213ms
2019-09-17 12:51:46,836 [org.apache.ratis.server.impl.LogAppender$AppenderDaemon$$Lambda$509/159327213@6e915ccd] ERROR ratis.XceiverServerRatis (XceiverServerRatis.java:triggerPipelineClose(575)) - pipeline Action CLOSE  on pipeline PipelineID=beaf19c3-da84-45d5-96c5-869f42a7192e.Reason : 5e893e0a-56f7-4618-9f46-a6ff48173cb6 has not seen follower/s 84ab4d91-000c-4523-9c5f-2c204b5f6601 for 132215ms f7ede272-a28a-44e0-9552-15581fc2de04 for 132213ms
2019-09-17 12:51:47,335 [java.util.concurrent.ThreadPoolExecutor$Worker@70b491f[State = -1, empty queue]] WARN  server.GrpcLogAppender (GrpcLogAppender.java:timeoutAppendRequest(200)) - 5e893e0a-56f7-4618-9f46-a6ff48173cb6@group-869F42A7192E->84ab4d91-000c-4523-9c5f-2c204b5f6601-GrpcLogAppender: appendEntries Timeout, request=5e893e0a-56f7-4618-9f46-a6ff48173cb6->84ab4d91-000c-4523-9c5f-2c204b5f6601#85-t1, previous=(t:1, i:21), leaderCommit=16, initializing? false, entries: <empty>
2019-09-17 12:51:47,335 [java.util.concurrent.ThreadPoolExecutor$Worker@baf429f[State = -1, empty queue]] WARN  server.GrpcLogAppender (GrpcLogAppender.java:timeoutAppendRequest(200)) - 5e893e0a-56f7-4618-9f46-a6ff48173cb6@group-869F42A7192E->f7ede272-a28a-44e0-9552-15581fc2de04-GrpcLogAppender: appendEntries Timeout, request=5e893e0a-56f7-4618-9f46-a6ff48173cb6->f7ede272-a28a-44e0-9552-15581fc2de04#85-t1, previous=(t:1, i:21), leaderCommit=16, initializing? false, entries: <empty>
 0.00% |█                                                                                                    |  0/1 Time: 0:08:512019-09-17 12:51:47,832 [EventQueue-PipelineActionsForPipelineActionHandler] ERROR pipeline.PipelineActionHandler (PipelineActionHandler.java:onMessage(60)) - Received pipeline action CLOSE for Pipeline[ Id: beaf19c3-da84-45d5-96c5-869f42a7192e, Nodes: 5e893e0a-56f7-4618-9f46-a6ff48173cb6{ip: 192.168.5.153, host: pr-hdds-2137-trunk-mnh2s-3748177197, networkLocation: /default-rack, certSerialId: null}84ab4d91-000c-4523-9c5f-2c204b5f6601{ip: 192.168.5.153, host: pr-hdds-2137-trunk-mnh2s-3748177197, networkLocation: /default-rack, certSerialId: null}f7ede272-a28a-44e0-9552-15581fc2de04{ip: 192.168.5.153, host: pr-hdds-2137-trunk-mnh2s-3748177197, networkLocation: /default-rack, certSerialId: null}, Type:RATIS, Factor:THREE, State:CLOSED] from datanode 5e893e0a-56f7-4618-9f46-a6ff48173cb6{ip: 192.168.5.153, host: pr-hdds-2137-trunk-mnh2s-3748177197, networkLocation: /default-rack, certSerialId: null}. Reason : 5e893e0a-56f7-4618-9f46-a6ff48173cb6 has not seen follower/s 84ab4d91-000c-4523-9c5f-2c204b5f6601 for 132215ms f7ede272-a28a-44e0-9552-15581fc2de04 for 132213ms
2019-09-17 12:51:47,833 [EventQueue-PipelineActionsForPipelineActionHandler] INFO  pipeline.SCMPipelineManager (SCMPipelineManager.java:finalizeAndDestroyPipeline(311)) - destroying pipeline:Pipeline[ Id: beaf19c3-da84-45d5-96c5-869f42a7192e, Nodes: 5e893e0a-56f7-4618-9f46-a6ff48173cb6{ip: 192.168.5.153, host: pr-hdds-2137-trunk-mnh2s-3748177197, networkLocation: /default-rack, certSerialId: null}84ab4d91-000c-4523-9c5f-2c204b5f6601{ip: 192.168.5.153, host: pr-hdds-2137-trunk-mnh2s-3748177197, networkLocation: /default-rack, certSerialId: null}f7ede272-a28a-44e0-9552-15581fc2de04{ip: 192.168.5.153, host: pr-hdds-2137-trunk-mnh2s-3748177197, networkLocation: /default-rack, certSerialId: null}, Type:RATIS, Factor:THREE, State:CLOSED]
 0.00% |█                                                                                                    |  0/1 Time: 0:08:522019-09-17 12:51:49,338 [org.apache.ratis.server.impl.LogAppender$AppenderDaemon$$Lambda$509/159327213@81edd1c] ERROR ratis.XceiverServerRatis (XceiverServerRatis.java:triggerPipelineClose(575)) - pipeline Action CLOSE  on pipeline PipelineID=beaf19c3-da84-45d5-96c5-869f42a7192e.Reason : 5e893e0a-56f7-4618-9f46-a6ff48173cb6 has not seen follower/s 84ab4d91-000c-4523-9c5f-2c204b5f6601 for 134716ms f7ede272-a28a-44e0-9552-15581fc2de04 for 134715ms
2019-09-17 12:51:49,338 [org.apache.ratis.server.impl.LogAppender$AppenderDaemon$$Lambda$509/159327213@6e915ccd] ERROR ratis.XceiverServerRatis (XceiverServerRatis.java:triggerPipelineClose(575)) - pipeline Action CLOSE  on pipeline PipelineID=beaf19c3-da84-45d5-96c5-869f42a7192e.Reason : 5e893e0a-56f7-4618-9f46-a6ff48173cb6 has not seen follower/s 84ab4d91-000c-4523-9c5f-2c204b5f6601 for 134716ms f7ede272-a28a-44e0-9552-15581fc2de04 for 134715ms
 0.00% |█                                                                                                    |  0/1 Time: 0:08:532019-09-17 12:51:49,835 [EventQueue-PipelineActionsForPipelineActionHandler] ERROR pipeline.PipelineActionHandler (PipelineActionHandler.java:onMessage(60)) - Received pipeline action CLOSE for Pipeline[ Id: beaf19c3-da84-45d5-96c5-869f42a7192e, Nodes: 5e893e0a-56f7-4618-9f46-a6ff48173cb6{ip: 192.168.5.153, host: pr-hdds-2137-trunk-mnh2s-3748177197, networkLocation: /default-rack, certSerialId: null}84ab4d91-000c-4523-9c5f-2c204b5f6601{ip: 192.168.5.153, host: pr-hdds-2137-trunk-mnh2s-3748177197, networkLocation: /default-rack, certSerialId: null}f7ede272-a28a-44e0-9552-15581fc2de04{ip: 192.168.5.153, host: pr-hdds-2137-trunk-mnh2s-3748177197, networkLocation: /default-rack, certSerialId: null}, Type:RATIS, Factor:THREE, State:CLOSED] from datanode 5e893e0a-56f7-4618-9f46-a6ff48173cb6{ip: 192.168.5.153, host: pr-hdds-2137-trunk-mnh2s-3748177197, networkLocation: /default-rack, certSerialId: null}. Reason : 5e893e0a-56f7-4618-9f46-a6ff48173cb6 has not seen follower/s 84ab4d91-000c-4523-9c5f-2c204b5f6601 for 134716ms f7ede272-a28a-44e0-9552-15581fc2de04 for 134715ms
2019-09-17 12:51:49,836 [EventQueue-PipelineActionsForPipelineActionHandler] INFO  pipeline.SCMPipelineManager (SCMPipelineManager.java:finalizeAndDestroyPipeline(311)) - destroying pipeline:Pipeline[ Id: beaf19c3-da84-45d5-96c5-869f42a7192e, Nodes: 5e893e0a-56f7-4618-9f46-a6ff48173cb6{ip: 192.168.5.153, host: pr-hdds-2137-trunk-mnh2s-3748177197, networkLocation: /default-rack, certSerialId: null}84ab4d91-000c-4523-9c5f-2c204b5f6601{ip: 192.168.5.153, host: pr-hdds-2137-trunk-mnh2s-3748177197, networkLocation: /default-rack, certSerialId: null}f7ede272-a28a-44e0-9552-15581fc2de04{ip: 192.168.5.153, host: pr-hdds-2137-trunk-mnh2s-3748177197, networkLocation: /default-rack, certSerialId: null}, Type:RATIS, Factor:THREE, State:CLOSED]
2019-09-17 12:51:49,836 [java.util.concurrent.ThreadPoolExecutor$Worker@70b491f[State = -1, empty queue]] WARN  server.GrpcLogAppender (GrpcLogAppender.java:timeoutAppendRequest(200)) - 5e893e0a-56f7-4618-9f46-a6ff48173cb6@group-869F42A7192E->84ab4d91-000c-4523-9c5f-2c204b5f6601-GrpcLogAppender: appendEntries Timeout, request=5e893e0a-56f7-4618-9f46-a6ff48173cb6->84ab4d91-000c-4523-9c5f-2c204b5f6601#86-t1, previous=(t:1, i:21), leaderCommit=16, initializing? false, entries: <empty>
2019-09-17 12:51:49,836 [java.util.concurrent.ThreadPoolExecutor$Worker@baf429f[State = -1, empty queue]] WARN  server.GrpcLogAppender (GrpcLogAppender.java:timeoutAppendRequest(200)) - 5e893e0a-56f7-4618-9f46-a6ff48173cb6@group-869F42A7192E->f7ede272-a28a-44e0-9552-15581fc2de04-GrpcLogAppender: appendEntries Timeout, request=5e893e0a-56f7-4618-9f46-a6ff48173cb6->f7ede272-a28a-44e0-9552-15581fc2de04#86-t1, previous=(t:1, i:21), leaderCommit=16, initializing? false, entries: <empty>
 0.00% |█                                                                                                    |  0/1 Time: 0:08:542019-09-17 12:51:50,922 [grpc-default-executor-5] INFO  client.GrpcClientProtocolClient (GrpcClientProtocolClient.java:onNext(264)) - client-B24658765329->f7ede272-a28a-44e0-9552-15581fc2de04: receive RaftClientReply:client-B24658765329->f7ede272-a28a-44e0-9552-15581fc2de04@group-869F42A7192E, cid=153, FAILED org.apache.ratis.protocol.NotLeaderException: Server f7ede272-a28a-44e0-9552-15581fc2de04@group-869F42A7192E is not the leader 5e893e0a-56f7-4618-9f46-a6ff48173cb6:192.168.5.153:37060, logIndex=0, commits[f7ede272-a28a-44e0-9552-15581fc2de04:c16, 5e893e0a-56f7-4618-9f46-a6ff48173cb6:c16, 84ab4d91-000c-4523-9c5f-2c204b5f6601:c12]
 0.00% |█                                                                                                    |  0/1 Time: 0:08:552019-09-17 12:51:51,839 [org.apache.ratis.server.impl.LogAppender$AppenderDaemon$$Lambda$509/159327213@81edd1c] ERROR ratis.XceiverServerRatis (XceiverServerRatis.java:triggerPipelineClose(575)) - pipeline Action CLOSE  on pipeline PipelineID=beaf19c3-da84-45d5-96c5-869f42a7192e.Reason : 5e893e0a-56f7-4618-9f46-a6ff48173cb6 has not seen follower/s 84ab4d91-000c-4523-9c5f-2c204b5f6601 for 137217ms f7ede272-a28a-44e0-9552-15581fc2de04 for 137215ms
2019-09-17 12:51:51,839 [org.apache.ratis.server.impl.LogAppender$AppenderDaemon$$Lambda$509/159327213@6e915ccd] ERROR ratis.XceiverServerRatis (XceiverServerRatis.java:triggerPipelineClose(575)) - pipeline Action CLOSE  on pipeline PipelineID=beaf19c3-da84-45d5-96c5-869f42a7192e.Reason : 5e893e0a-56f7-4618-9f46-a6ff48173cb6 has not seen follower/s 84ab4d91-000c-4523-9c5f-2c204b5f6601 for 137217ms f7ede272-a28a-44e0-9552-15581fc2de04 for 137215ms
2019-09-17 12:51:52,338 [java.util.concurrent.ThreadPoolExecutor$Worker@baf429f[State = -1, empty queue]] WARN  server.GrpcLogAppender (GrpcLogAppender.java:timeoutAppendRequest(200)) - 5e893e0a-56f7-4618-9f46-a6ff48173cb6@group-869F42A7192E->f7ede272-a28a-44e0-9552-15581fc2de04-GrpcLogAppender: appendEntries Timeout, request=5e893e0a-56f7-4618-9f46-a6ff48173cb6->f7ede272-a28a-44e0-9552-15581fc2de04#87-t1, previous=(t:1, i:21), leaderCommit=16, initializing? false, entries: <empty>
2019-09-17 12:51:52,338 [java.util.concurrent.ThreadPoolExecutor$Worker@70b491f[State = -1, empty queue]] WARN  server.GrpcLogAppender (GrpcLogAppender.java:timeoutAppendRequest(200)) - 5e893e0a-56f7-4618-9f46-a6ff48173cb6@group-869F42A7192E->84ab4d91-000c-4523-9c5f-2c204b5f6601-GrpcLogAppender: appendEntries Timeout, request=5e893e0a-56f7-4618-9f46-a6ff48173cb6->84ab4d91-000c-4523-9c5f-2c204b5f6601#87-t1, previous=(t:1, i:21), leaderCommit=16, initializing? false, entries: <empty>
 0.00% |█                                                                                                    |  0/1 Time: 0:08:562019-09-17 12:51:52,833 [EventQueue-PipelineActionsForPipelineActionHandler] ERROR pipeline.PipelineActionHandler (PipelineActionHandler.java:onMessage(60)) - Received pipeline action CLOSE for Pipeline[ Id: beaf19c3-da84-45d5-96c5-869f42a7192e, Nodes: 5e893e0a-56f7-4618-9f46-a6ff48173cb6{ip: 192.168.5.153, host: pr-hdds-2137-trunk-mnh2s-3748177197, networkLocation: /default-rack, certSerialId: null}84ab4d91-000c-4523-9c5f-2c204b5f6601{ip: 192.168.5.153, host: pr-hdds-2137-trunk-mnh2s-3748177197, networkLocation: /default-rack, certSerialId: null}f7ede272-a28a-44e0-9552-15581fc2de04{ip: 192.168.5.153, host: pr-hdds-2137-trunk-mnh2s-3748177197, networkLocation: /default-rack, certSerialId: null}, Type:RATIS, Factor:THREE, State:CLOSED] from datanode 5e893e0a-56f7-4618-9f46-a6ff48173cb6{ip: 192.168.5.153, host: pr-hdds-2137-trunk-mnh2s-3748177197, networkLocation: /default-rack, certSerialId: null}. Reason : 5e893e0a-56f7-4618-9f46-a6ff48173cb6 has not seen follower/s 84ab4d91-000c-4523-9c5f-2c204b5f6601 for 137217ms f7ede272-a28a-44e0-9552-15581fc2de04 for 137215ms
2019-09-17 12:51:52,833 [EventQueue-PipelineActionsForPipelineActionHandler] INFO  pipeline.SCMPipelineManager (SCMPipelineManager.java:finalizeAndDestroyPipeline(311)) - destroying pipeline:Pipeline[ Id: beaf19c3-da84-45d5-96c5-869f42a7192e, Nodes: 5e893e0a-56f7-4618-9f46-a6ff48173cb6{ip: 192.168.5.153, host: pr-hdds-2137-trunk-mnh2s-3748177197, networkLocation: /default-rack, certSerialId: null}84ab4d91-000c-4523-9c5f-2c204b5f6601{ip: 192.168.5.153, host: pr-hdds-2137-trunk-mnh2s-3748177197, networkLocation: /default-rack, certSerialId: null}f7ede272-a28a-44e0-9552-15581fc2de04{ip: 192.168.5.153, host: pr-hdds-2137-trunk-mnh2s-3748177197, networkLocation: /default-rack, certSerialId: null}, Type:RATIS, Factor:THREE, State:CLOSED]
 0.00% |█                                                                                                    |  0/1 Time: 0:08:572019-09-17 12:51:54,339 [org.apache.ratis.server.impl.LogAppender$AppenderDaemon$$Lambda$509/159327213@6e915ccd] ERROR ratis.XceiverServerRatis (XceiverServerRatis.java:triggerPipelineClose(575)) - pipeline Action CLOSE  on pipeline PipelineID=beaf19c3-da84-45d5-96c5-869f42a7192e.Reason : 5e893e0a-56f7-4618-9f46-a6ff48173cb6 has not seen follower/s 84ab4d91-000c-4523-9c5f-2c204b5f6601 for 139717ms f7ede272-a28a-44e0-9552-15581fc2de04 for 139716ms
2019-09-17 12:51:54,339 [org.apache.ratis.server.impl.LogAppender$AppenderDaemon$$Lambda$509/159327213@81edd1c] ERROR ratis.XceiverServerRatis (XceiverServerRatis.java:triggerPipelineClose(575)) - pipeline Action CLOSE  on pipeline PipelineID=beaf19c3-da84-45d5-96c5-869f42a7192e.Reason : 5e893e0a-56f7-4618-9f46-a6ff48173cb6 has not seen follower/s 84ab4d91-000c-4523-9c5f-2c204b5f6601 for 139718ms f7ede272-a28a-44e0-9552-15581fc2de04 for 139716ms
 0.00% |█                                                                                                    |  0/1 Time: 0:08:582019-09-17 12:51:54,663 [5e893e0a-56f7-4618-9f46-a6ff48173cb6@group-869F42A7192E-SegmentedRaftLogWorker] WARN  segmented.SegmentedRaftLogWorker (SegmentedRaftLogWorker.java:getFromFuture(90)) - Timeout 13/~
org.apache.ratis.protocol.TimeoutIOException: Timeout 10s: WriteLog:17: (t:1, i:17), STATEMACHINELOGENTRY, client-B24658765329, cid=153-writeStateMachineData
	at org.apache.ratis.util.IOUtils.getFromFuture(IOUtils.java:87)
	at org.apache.ratis.server.raftlog.segmented.SegmentedRaftLogWorker$StateMachineDataPolicy.getFromFuture(SegmentedRaftLogWorker.java:87)
	at org.apache.ratis.server.raftlog.segmented.SegmentedRaftLogWorker$WriteLog.execute(SegmentedRaftLogWorker.java:477)
	at org.apache.ratis.server.raftlog.segmented.SegmentedRaftLogWorker.run(SegmentedRaftLogWorker.java:289)
	at java.lang.Thread.run(Thread.java:748)
Caused by: java.util.concurrent.TimeoutException
	at java.util.concurrent.CompletableFuture.timedGet(CompletableFuture.java:1771)
	at java.util.concurrent.CompletableFuture.get(CompletableFuture.java:1915)
	at org.apache.ratis.util.IOUtils.getFromFuture(IOUtils.java:79)
	... 4 more
2019-09-17 12:51:54,682 [f7ede272-a28a-44e0-9552-15581fc2de04@group-869F42A7192E-SegmentedRaftLogWorker] WARN  segmented.SegmentedRaftLogWorker (SegmentedRaftLogWorker.java:getFromFuture(90)) - Timeout 13/~
org.apache.ratis.protocol.TimeoutIOException: Timeout 10s: WriteLog:17: (t:1, i:17), STATEMACHINELOGENTRY, client-B24658765329, cid=153-writeStateMachineData
	at org.apache.ratis.util.IOUtils.getFromFuture(IOUtils.java:87)
	at org.apache.ratis.server.raftlog.segmented.SegmentedRaftLogWorker$StateMachineDataPolicy.getFromFuture(SegmentedRaftLogWorker.java:87)
	at org.apache.ratis.server.raftlog.segmented.SegmentedRaftLogWorker$WriteLog.execute(SegmentedRaftLogWorker.java:477)
	at org.apache.ratis.server.raftlog.segmented.SegmentedRaftLogWorker.run(SegmentedRaftLogWorker.java:289)
	at java.lang.Thread.run(Thread.java:748)
Caused by: java.util.concurrent.TimeoutException
	at java.util.concurrent.CompletableFuture.timedGet(CompletableFuture.java:1771)
	at java.util.concurrent.CompletableFuture.get(CompletableFuture.java:1915)
	at org.apache.ratis.util.IOUtils.getFromFuture(IOUtils.java:79)
	... 4 more
2019-09-17 12:51:54,682 [84ab4d91-000c-4523-9c5f-2c204b5f6601@group-869F42A7192E-SegmentedRaftLogWorker] WARN  segmented.SegmentedRaftLogWorker (SegmentedRaftLogWorker.java:getFromFuture(90)) - Timeout 13/~
org.apache.ratis.protocol.TimeoutIOException: Timeout 10s: WriteLog:17: (t:1, i:17), STATEMACHINELOGENTRY, client-B24658765329, cid=153-writeStateMachineData
	at org.apache.ratis.util.IOUtils.getFromFuture(IOUtils.java:87)
	at org.apache.ratis.server.raftlog.segmented.SegmentedRaftLogWorker$StateMachineDataPolicy.getFromFuture(SegmentedRaftLogWorker.java:87)
	at org.apache.ratis.server.raftlog.segmented.SegmentedRaftLogWorker$WriteLog.execute(SegmentedRaftLogWorker.java:477)
	at org.apache.ratis.server.raftlog.segmented.SegmentedRaftLogWorker.run(SegmentedRaftLogWorker.java:289)
	at java.lang.Thread.run(Thread.java:748)
Caused by: java.util.concurrent.TimeoutException
	at java.util.concurrent.CompletableFuture.timedGet(CompletableFuture.java:1771)
	at java.util.concurrent.CompletableFuture.get(CompletableFuture.java:1915)
	at org.apache.ratis.util.IOUtils.getFromFuture(IOUtils.java:79)
	... 4 more
2019-09-17 12:51:54,833 [EventQueue-PipelineActionsForPipelineActionHandler] ERROR pipeline.PipelineActionHandler (PipelineActionHandler.java:onMessage(60)) - Received pipeline action CLOSE for Pipeline[ Id: beaf19c3-da84-45d5-96c5-869f42a7192e, Nodes: 5e893e0a-56f7-4618-9f46-a6ff48173cb6{ip: 192.168.5.153, host: pr-hdds-2137-trunk-mnh2s-3748177197, networkLocation: /default-rack, certSerialId: null}84ab4d91-000c-4523-9c5f-2c204b5f6601{ip: 192.168.5.153, host: pr-hdds-2137-trunk-mnh2s-3748177197, networkLocation: /default-rack, certSerialId: null}f7ede272-a28a-44e0-9552-15581fc2de04{ip: 192.168.5.153, host: pr-hdds-2137-trunk-mnh2s-3748177197, networkLocation: /default-rack, certSerialId: null}, Type:RATIS, Factor:THREE, State:CLOSED] from datanode 5e893e0a-56f7-4618-9f46-a6ff48173cb6{ip: 192.168.5.153, host: pr-hdds-2137-trunk-mnh2s-3748177197, networkLocation: /default-rack, certSerialId: null}. Reason : 5e893e0a-56f7-4618-9f46-a6ff48173cb6 has not seen follower/s 84ab4d91-000c-4523-9c5f-2c204b5f6601 for 139717ms f7ede272-a28a-44e0-9552-15581fc2de04 for 139716ms
2019-09-17 12:51:54,834 [EventQueue-PipelineActionsForPipelineActionHandler] INFO  pipeline.SCMPipelineManager (SCMPipelineManager.java:finalizeAndDestroyPipeline(311)) - destroying pipeline:Pipeline[ Id: beaf19c3-da84-45d5-96c5-869f42a7192e, Nodes: 5e893e0a-56f7-4618-9f46-a6ff48173cb6{ip: 192.168.5.153, host: pr-hdds-2137-trunk-mnh2s-3748177197, networkLocation: /default-rack, certSerialId: null}84ab4d91-000c-4523-9c5f-2c204b5f6601{ip: 192.168.5.153, host: pr-hdds-2137-trunk-mnh2s-3748177197, networkLocation: /default-rack, certSerialId: null}f7ede272-a28a-44e0-9552-15581fc2de04{ip: 192.168.5.153, host: pr-hdds-2137-trunk-mnh2s-3748177197, networkLocation: /default-rack, certSerialId: null}, Type:RATIS, Factor:THREE, State:CLOSED]
2019-09-17 12:51:54,838 [java.util.concurrent.ThreadPoolExecutor$Worker@70b491f[State = -1, empty queue]] WARN  server.GrpcLogAppender (GrpcLogAppender.java:timeoutAppendRequest(200)) - 5e893e0a-56f7-4618-9f46-a6ff48173cb6@group-869F42A7192E->84ab4d91-000c-4523-9c5f-2c204b5f6601-GrpcLogAppender: appendEntries Timeout, request=5e893e0a-56f7-4618-9f46-a6ff48173cb6->84ab4d91-000c-4523-9c5f-2c204b5f6601#88-t1, previous=(t:1, i:21), leaderCommit=16, initializing? false, entries: <empty>
2019-09-17 12:51:54,838 [java.util.concurrent.ThreadPoolExecutor$Worker@baf429f[State = -1, empty queue]] WARN  server.GrpcLogAppender (GrpcLogAppender.java:timeoutAppendRequest(200)) - 5e893e0a-56f7-4618-9f46-a6ff48173cb6@group-869F42A7192E->f7ede272-a28a-44e0-9552-15581fc2de04-GrpcLogAppender: appendEntries Timeout, request=5e893e0a-56f7-4618-9f46-a6ff48173cb6->f7ede272-a28a-44e0-9552-15581fc2de04#88-t1, previous=(t:1, i:21), leaderCommit=16, initializing? false, entries: <empty>
 0.00% |█                                                                                                    |  0/1 Time: 0:08:592019-09-17 12:51:55,954 [grpc-default-executor-6] INFO  client.GrpcClientProtocolClient (GrpcClientProtocolClient.java:onNext(264)) - client-B24658765329->f7ede272-a28a-44e0-9552-15581fc2de04: receive RaftClientReply:client-B24658765329->f7ede272-a28a-44e0-9552-15581fc2de04@group-869F42A7192E, cid=153, FAILED org.apache.ratis.protocol.NotLeaderException: Server f7ede272-a28a-44e0-9552-15581fc2de04@group-869F42A7192E is not the leader 5e893e0a-56f7-4618-9f46-a6ff48173cb6:192.168.5.153:37060, logIndex=0, commits[f7ede272-a28a-44e0-9552-15581fc2de04:c16, 5e893e0a-56f7-4618-9f46-a6ff48173cb6:c16, 84ab4d91-000c-4523-9c5f-2c204b5f6601:c12]
 0.00% |█                                                                                                    |  0/1 Time: 0:09:002019-09-17 12:51:56,840 [org.apache.ratis.server.impl.LogAppender$AppenderDaemon$$Lambda$509/159327213@81edd1c] ERROR ratis.XceiverServerRatis (XceiverServerRatis.java:triggerPipelineClose(575)) - pipeline Action CLOSE  on pipeline PipelineID=beaf19c3-da84-45d5-96c5-869f42a7192e.Reason : 5e893e0a-56f7-4618-9f46-a6ff48173cb6 has not seen follower/s 84ab4d91-000c-4523-9c5f-2c204b5f6601 for 142218ms f7ede272-a28a-44e0-9552-15581fc2de04 for 142217ms
2019-09-17 12:51:56,840 [org.apache.ratis.server.impl.LogAppender$AppenderDaemon$$Lambda$509/159327213@6e915ccd] ERROR ratis.XceiverServerRatis (XceiverServerRatis.java:triggerPipelineClose(575)) - pipeline Action CLOSE  on pipeline PipelineID=beaf19c3-da84-45d5-96c5-869f42a7192e.Reason : 5e893e0a-56f7-4618-9f46-a6ff48173cb6 has not seen follower/s 84ab4d91-000c-4523-9c5f-2c204b5f6601 for 142218ms f7ede272-a28a-44e0-9552-15581fc2de04 for 142217ms
2019-09-17 12:51:57,339 [java.util.concurrent.ThreadPoolExecutor$Worker@baf429f[State = -1, empty queue]] WARN  server.GrpcLogAppender (GrpcLogAppender.java:timeoutAppendRequest(200)) - 5e893e0a-56f7-4618-9f46-a6ff48173cb6@group-869F42A7192E->f7ede272-a28a-44e0-9552-15581fc2de04-GrpcLogAppender: appendEntries Timeout, request=5e893e0a-56f7-4618-9f46-a6ff48173cb6->f7ede272-a28a-44e0-9552-15581fc2de04#89-t1, previous=(t:1, i:21), leaderCommit=16, initializing? false, entries: <empty>
2019-09-17 12:51:57,339 [java.util.concurrent.ThreadPoolExecutor$Worker@70b491f[State = -1, empty queue]] WARN  server.GrpcLogAppender (GrpcLogAppender.java:timeoutAppendRequest(200)) - 5e893e0a-56f7-4618-9f46-a6ff48173cb6@group-869F42A7192E->84ab4d91-000c-4523-9c5f-2c204b5f6601-GrpcLogAppender: appendEntries Timeout, request=5e893e0a-56f7-4618-9f46-a6ff48173cb6->84ab4d91-000c-4523-9c5f-2c204b5f6601#89-t1, previous=(t:1, i:21), leaderCommit=16, initializing? false, entries: <empty>
 0.00% |█                                                                                                    |  0/1 Time: 0:09:012019-09-17 12:51:57,836 [EventQueue-PipelineActionsForPipelineActionHandler] ERROR pipeline.PipelineActionHandler (PipelineActionHandler.java:onMessage(60)) - Received pipeline action CLOSE for Pipeline[ Id: beaf19c3-da84-45d5-96c5-869f42a7192e, Nodes: 5e893e0a-56f7-4618-9f46-a6ff48173cb6{ip: 192.168.5.153, host: pr-hdds-2137-trunk-mnh2s-3748177197, networkLocation: /default-rack, certSerialId: null}84ab4d91-000c-4523-9c5f-2c204b5f6601{ip: 192.168.5.153, host: pr-hdds-2137-trunk-mnh2s-3748177197, networkLocation: /default-rack, certSerialId: null}f7ede272-a28a-44e0-9552-15581fc2de04{ip: 192.168.5.153, host: pr-hdds-2137-trunk-mnh2s-3748177197, networkLocation: /default-rack, certSerialId: null}, Type:RATIS, Factor:THREE, State:CLOSED] from datanode 5e893e0a-56f7-4618-9f46-a6ff48173cb6{ip: 192.168.5.153, host: pr-hdds-2137-trunk-mnh2s-3748177197, networkLocation: /default-rack, certSerialId: null}. Reason : 5e893e0a-56f7-4618-9f46-a6ff48173cb6 has not seen follower/s 84ab4d91-000c-4523-9c5f-2c204b5f6601 for 142218ms f7ede272-a28a-44e0-9552-15581fc2de04 for 142217ms
2019-09-17 12:51:57,836 [EventQueue-PipelineActionsForPipelineActionHandler] INFO  pipeline.SCMPipelineManager (SCMPipelineManager.java:finalizeAndDestroyPipeline(311)) - destroying pipeline:Pipeline[ Id: beaf19c3-da84-45d5-96c5-869f42a7192e, Nodes: 5e893e0a-56f7-4618-9f46-a6ff48173cb6{ip: 192.168.5.153, host: pr-hdds-2137-trunk-mnh2s-3748177197, networkLocation: /default-rack, certSerialId: null}84ab4d91-000c-4523-9c5f-2c204b5f6601{ip: 192.168.5.153, host: pr-hdds-2137-trunk-mnh2s-3748177197, networkLocation: /default-rack, certSerialId: null}f7ede272-a28a-44e0-9552-15581fc2de04{ip: 192.168.5.153, host: pr-hdds-2137-trunk-mnh2s-3748177197, networkLocation: /default-rack, certSerialId: null}, Type:RATIS, Factor:THREE, State:CLOSED]
 0.00% |█                                                                                                    |  0/1 Time: 0:09:022019-09-17 12:51:59,342 [org.apache.ratis.server.impl.LogAppender$AppenderDaemon$$Lambda$509/159327213@6e915ccd] ERROR ratis.XceiverServerRatis (XceiverServerRatis.java:triggerPipelineClose(575)) - pipeline Action CLOSE  on pipeline PipelineID=beaf19c3-da84-45d5-96c5-869f42a7192e.Reason : 5e893e0a-56f7-4618-9f46-a6ff48173cb6 has not seen follower/s 84ab4d91-000c-4523-9c5f-2c204b5f6601 for 144720ms f7ede272-a28a-44e0-9552-15581fc2de04 for 144719ms
2019-09-17 12:51:59,342 [org.apache.ratis.server.impl.LogAppender$AppenderDaemon$$Lambda$509/159327213@81edd1c] ERROR ratis.XceiverServerRatis (XceiverServerRatis.java:triggerPipelineClose(575)) - pipeline Action CLOSE  on pipeline PipelineID=beaf19c3-da84-45d5-96c5-869f42a7192e.Reason : 5e893e0a-56f7-4618-9f46-a6ff48173cb6 has not seen follower/s 84ab4d91-000c-4523-9c5f-2c204b5f6601 for 144720ms f7ede272-a28a-44e0-9552-15581fc2de04 for 144719ms
 0.00% |█                                                                                                    |  0/1 Time: 0:09:032019-09-17 12:51:59,835 [EventQueue-PipelineActionsForPipelineActionHandler] ERROR pipeline.PipelineActionHandler (PipelineActionHandler.java:onMessage(60)) - Received pipeline action CLOSE for Pipeline[ Id: beaf19c3-da84-45d5-96c5-869f42a7192e, Nodes: 5e893e0a-56f7-4618-9f46-a6ff48173cb6{ip: 192.168.5.153, host: pr-hdds-2137-trunk-mnh2s-3748177197, networkLocation: /default-rack, certSerialId: null}84ab4d91-000c-4523-9c5f-2c204b5f6601{ip: 192.168.5.153, host: pr-hdds-2137-trunk-mnh2s-3748177197, networkLocation: /default-rack, certSerialId: null}f7ede272-a28a-44e0-9552-15581fc2de04{ip: 192.168.5.153, host: pr-hdds-2137-trunk-mnh2s-3748177197, networkLocation: /default-rack, certSerialId: null}, Type:RATIS, Factor:THREE, State:CLOSED] from datanode 5e893e0a-56f7-4618-9f46-a6ff48173cb6{ip: 192.168.5.153, host: pr-hdds-2137-trunk-mnh2s-3748177197, networkLocation: /default-rack, certSerialId: null}. Reason : 5e893e0a-56f7-4618-9f46-a6ff48173cb6 has not seen follower/s 84ab4d91-000c-4523-9c5f-2c204b5f6601 for 144720ms f7ede272-a28a-44e0-9552-15581fc2de04 for 144719ms
2019-09-17 12:51:59,835 [EventQueue-PipelineActionsForPipelineActionHandler] INFO  pipeline.SCMPipelineManager (SCMPipelineManager.java:finalizeAndDestroyPipeline(311)) - destroying pipeline:Pipeline[ Id: beaf19c3-da84-45d5-96c5-869f42a7192e, Nodes: 5e893e0a-56f7-4618-9f46-a6ff48173cb6{ip: 192.168.5.153, host: pr-hdds-2137-trunk-mnh2s-3748177197, networkLocation: /default-rack, certSerialId: null}84ab4d91-000c-4523-9c5f-2c204b5f6601{ip: 192.168.5.153, host: pr-hdds-2137-trunk-mnh2s-3748177197, networkLocation: /default-rack, certSerialId: null}f7ede272-a28a-44e0-9552-15581fc2de04{ip: 192.168.5.153, host: pr-hdds-2137-trunk-mnh2s-3748177197, networkLocation: /default-rack, certSerialId: null}, Type:RATIS, Factor:THREE, State:CLOSED]
2019-09-17 12:51:59,840 [java.util.concurrent.ThreadPoolExecutor$Worker@70b491f[State = -1, empty queue]] WARN  server.GrpcLogAppender (GrpcLogAppender.java:timeoutAppendRequest(200)) - 5e893e0a-56f7-4618-9f46-a6ff48173cb6@group-869F42A7192E->84ab4d91-000c-4523-9c5f-2c204b5f6601-GrpcLogAppender: appendEntries Timeout, request=5e893e0a-56f7-4618-9f46-a6ff48173cb6->84ab4d91-000c-4523-9c5f-2c204b5f6601#90-t1, previous=(t:1, i:21), leaderCommit=16, initializing? false, entries: <empty>
2019-09-17 12:51:59,840 [java.util.concurrent.ThreadPoolExecutor$Worker@baf429f[State = -1, empty queue]] WARN  server.GrpcLogAppender (GrpcLogAppender.java:timeoutAppendRequest(200)) - 5e893e0a-56f7-4618-9f46-a6ff48173cb6@group-869F42A7192E->f7ede272-a28a-44e0-9552-15581fc2de04-GrpcLogAppender: appendEntries Timeout, request=5e893e0a-56f7-4618-9f46-a6ff48173cb6->f7ede272-a28a-44e0-9552-15581fc2de04#90-t1, previous=(t:1, i:21), leaderCommit=16, initializing? false, entries: <empty>
 0.00% |█                                                                                                    |  0/1 Time: 0:09:042019-09-17 12:52:00,994 [grpc-default-executor-4] INFO  client.GrpcClientProtocolClient (GrpcClientProtocolClient.java:onNext(264)) - client-B24658765329->f7ede272-a28a-44e0-9552-15581fc2de04: receive RaftClientReply:client-B24658765329->f7ede272-a28a-44e0-9552-15581fc2de04@group-869F42A7192E, cid=153, FAILED org.apache.ratis.protocol.NotLeaderException: Server f7ede272-a28a-44e0-9552-15581fc2de04@group-869F42A7192E is not the leader 5e893e0a-56f7-4618-9f46-a6ff48173cb6:192.168.5.153:37060, logIndex=0, commits[f7ede272-a28a-44e0-9552-15581fc2de04:c16, 5e893e0a-56f7-4618-9f46-a6ff48173cb6:c16, 84ab4d91-000c-4523-9c5f-2c204b5f6601:c12]
 0.00% |█                                                                                                    |  0/1 Time: 0:09:052019-09-17 12:52:01,842 [org.apache.ratis.server.impl.LogAppender$AppenderDaemon$$Lambda$509/159327213@6e915ccd] ERROR ratis.XceiverServerRatis (XceiverServerRatis.java:triggerPipelineClose(575)) - pipeline Action CLOSE  on pipeline PipelineID=beaf19c3-da84-45d5-96c5-869f42a7192e.Reason : 5e893e0a-56f7-4618-9f46-a6ff48173cb6 has not seen follower/s 84ab4d91-000c-4523-9c5f-2c204b5f6601 for 147221ms f7ede272-a28a-44e0-9552-15581fc2de04 for 147219ms
2019-09-17 12:52:01,842 [org.apache.ratis.server.impl.LogAppender$AppenderDaemon$$Lambda$509/159327213@81edd1c] ERROR ratis.XceiverServerRatis (XceiverServerRatis.java:triggerPipelineClose(575)) - pipeline Action CLOSE  on pipeline PipelineID=beaf19c3-da84-45d5-96c5-869f42a7192e.Reason : 5e893e0a-56f7-4618-9f46-a6ff48173cb6 has not seen follower/s 84ab4d91-000c-4523-9c5f-2c204b5f6601 for 147221ms f7ede272-a28a-44e0-9552-15581fc2de04 for 147219ms
2019-09-17 12:52:02,342 [java.util.concurrent.ThreadPoolExecutor$Worker@baf429f[State = -1, empty queue]] WARN  server.GrpcLogAppender (GrpcLogAppender.java:timeoutAppendRequest(200)) - 5e893e0a-56f7-4618-9f46-a6ff48173cb6@group-869F42A7192E->f7ede272-a28a-44e0-9552-15581fc2de04-GrpcLogAppender: appendEntries Timeout, request=5e893e0a-56f7-4618-9f46-a6ff48173cb6->f7ede272-a28a-44e0-9552-15581fc2de04#91-t1, previous=(t:1, i:21), leaderCommit=16, initializing? false, entries: <empty>
2019-09-17 12:52:02,342 [java.util.concurrent.ThreadPoolExecutor$Worker@70b491f[State = -1, empty queue]] WARN  server.GrpcLogAppender (GrpcLogAppender.java:timeoutAppendRequest(200)) - 5e893e0a-56f7-4618-9f46-a6ff48173cb6@group-869F42A7192E->84ab4d91-000c-4523-9c5f-2c204b5f6601-GrpcLogAppender: appendEntries Timeout, request=5e893e0a-56f7-4618-9f46-a6ff48173cb6->84ab4d91-000c-4523-9c5f-2c204b5f6601#91-t1, previous=(t:1, i:21), leaderCommit=16, initializing? false, entries: <empty>
 0.00% |█                                                                                                    |  0/1 Time: 0:09:062019-09-17 12:52:02,836 [EventQueue-PipelineActionsForPipelineActionHandler] ERROR pipeline.PipelineActionHandler (PipelineActionHandler.java:onMessage(60)) - Received pipeline action CLOSE for Pipeline[ Id: beaf19c3-da84-45d5-96c5-869f42a7192e, Nodes: 5e893e0a-56f7-4618-9f46-a6ff48173cb6{ip: 192.168.5.153, host: pr-hdds-2137-trunk-mnh2s-3748177197, networkLocation: /default-rack, certSerialId: null}84ab4d91-000c-4523-9c5f-2c204b5f6601{ip: 192.168.5.153, host: pr-hdds-2137-trunk-mnh2s-3748177197, networkLocation: /default-rack, certSerialId: null}f7ede272-a28a-44e0-9552-15581fc2de04{ip: 192.168.5.153, host: pr-hdds-2137-trunk-mnh2s-3748177197, networkLocation: /default-rack, certSerialId: null}, Type:RATIS, Factor:THREE, State:CLOSED] from datanode 5e893e0a-56f7-4618-9f46-a6ff48173cb6{ip: 192.168.5.153, host: pr-hdds-2137-trunk-mnh2s-3748177197, networkLocation: /default-rack, certSerialId: null}. Reason : 5e893e0a-56f7-4618-9f46-a6ff48173cb6 has not seen follower/s 84ab4d91-000c-4523-9c5f-2c204b5f6601 for 147221ms f7ede272-a28a-44e0-9552-15581fc2de04 for 147219ms
2019-09-17 12:52:02,837 [EventQueue-PipelineActionsForPipelineActionHandler] INFO  pipeline.SCMPipelineManager (SCMPipelineManager.java:finalizeAndDestroyPipeline(311)) - destroying pipeline:Pipeline[ Id: beaf19c3-da84-45d5-96c5-869f42a7192e, Nodes: 5e893e0a-56f7-4618-9f46-a6ff48173cb6{ip: 192.168.5.153, host: pr-hdds-2137-trunk-mnh2s-3748177197, networkLocation: /default-rack, certSerialId: null}84ab4d91-000c-4523-9c5f-2c204b5f6601{ip: 192.168.5.153, host: pr-hdds-2137-trunk-mnh2s-3748177197, networkLocation: /default-rack, certSerialId: null}f7ede272-a28a-44e0-9552-15581fc2de04{ip: 192.168.5.153, host: pr-hdds-2137-trunk-mnh2s-3748177197, networkLocation: /default-rack, certSerialId: null}, Type:RATIS, Factor:THREE, State:CLOSED]
 0.00% |█                                                                                                    |  0/1 Time: 0:09:072019-09-17 12:52:04,344 [org.apache.ratis.server.impl.LogAppender$AppenderDaemon$$Lambda$509/159327213@6e915ccd] ERROR ratis.XceiverServerRatis (XceiverServerRatis.java:triggerPipelineClose(575)) - pipeline Action CLOSE  on pipeline PipelineID=beaf19c3-da84-45d5-96c5-869f42a7192e.Reason : 5e893e0a-56f7-4618-9f46-a6ff48173cb6 has not seen follower/s 84ab4d91-000c-4523-9c5f-2c204b5f6601 for 149722ms f7ede272-a28a-44e0-9552-15581fc2de04 for 149721ms
2019-09-17 12:52:04,344 [org.apache.ratis.server.impl.LogAppender$AppenderDaemon$$Lambda$509/159327213@81edd1c] ERROR ratis.XceiverServerRatis (XceiverServerRatis.java:triggerPipelineClose(575)) - pipeline Action CLOSE  on pipeline PipelineID=beaf19c3-da84-45d5-96c5-869f42a7192e.Reason : 5e893e0a-56f7-4618-9f46-a6ff48173cb6 has not seen follower/s 84ab4d91-000c-4523-9c5f-2c204b5f6601 for 149722ms f7ede272-a28a-44e0-9552-15581fc2de04 for 149721ms
 0.00% |█                                                                                                    |  0/1 Time: 0:09:082019-09-17 12:52:04,664 [5e893e0a-56f7-4618-9f46-a6ff48173cb6@group-869F42A7192E-SegmentedRaftLogWorker] WARN  segmented.SegmentedRaftLogWorker (SegmentedRaftLogWorker.java:getFromFuture(90)) - Timeout 14/~
org.apache.ratis.protocol.TimeoutIOException: Timeout 10s: WriteLog:17: (t:1, i:17), STATEMACHINELOGENTRY, client-B24658765329, cid=153-writeStateMachineData
	at org.apache.ratis.util.IOUtils.getFromFuture(IOUtils.java:87)
	at org.apache.ratis.server.raftlog.segmented.SegmentedRaftLogWorker$StateMachineDataPolicy.getFromFuture(SegmentedRaftLogWorker.java:87)
	at org.apache.ratis.server.raftlog.segmented.SegmentedRaftLogWorker$WriteLog.execute(SegmentedRaftLogWorker.java:477)
	at org.apache.ratis.server.raftlog.segmented.SegmentedRaftLogWorker.run(SegmentedRaftLogWorker.java:289)
	at java.lang.Thread.run(Thread.java:748)
Caused by: java.util.concurrent.TimeoutException
	at java.util.concurrent.CompletableFuture.timedGet(CompletableFuture.java:1771)
	at java.util.concurrent.CompletableFuture.get(CompletableFuture.java:1915)
	at org.apache.ratis.util.IOUtils.getFromFuture(IOUtils.java:79)
	... 4 more
2019-09-17 12:52:04,682 [f7ede272-a28a-44e0-9552-15581fc2de04@group-869F42A7192E-SegmentedRaftLogWorker] WARN  segmented.SegmentedRaftLogWorker (SegmentedRaftLogWorker.java:getFromFuture(90)) - Timeout 14/~
org.apache.ratis.protocol.TimeoutIOException: Timeout 10s: WriteLog:17: (t:1, i:17), STATEMACHINELOGENTRY, client-B24658765329, cid=153-writeStateMachineData
	at org.apache.ratis.util.IOUtils.getFromFuture(IOUtils.java:87)
	at org.apache.ratis.server.raftlog.segmented.SegmentedRaftLogWorker$StateMachineDataPolicy.getFromFuture(SegmentedRaftLogWorker.java:87)
	at org.apache.ratis.server.raftlog.segmented.SegmentedRaftLogWorker$WriteLog.execute(SegmentedRaftLogWorker.java:477)
	at org.apache.ratis.server.raftlog.segmented.SegmentedRaftLogWorker.run(SegmentedRaftLogWorker.java:289)
	at java.lang.Thread.run(Thread.java:748)
Caused by: java.util.concurrent.TimeoutException
	at java.util.concurrent.CompletableFuture.timedGet(CompletableFuture.java:1771)
	at java.util.concurrent.CompletableFuture.get(CompletableFuture.java:1915)
	at org.apache.ratis.util.IOUtils.getFromFuture(IOUtils.java:79)
	... 4 more
2019-09-17 12:52:04,683 [84ab4d91-000c-4523-9c5f-2c204b5f6601@group-869F42A7192E-SegmentedRaftLogWorker] WARN  segmented.SegmentedRaftLogWorker (SegmentedRaftLogWorker.java:getFromFuture(90)) - Timeout 14/~
org.apache.ratis.protocol.TimeoutIOException: Timeout 10s: WriteLog:17: (t:1, i:17), STATEMACHINELOGENTRY, client-B24658765329, cid=153-writeStateMachineData
	at org.apache.ratis.util.IOUtils.getFromFuture(IOUtils.java:87)
	at org.apache.ratis.server.raftlog.segmented.SegmentedRaftLogWorker$StateMachineDataPolicy.getFromFuture(SegmentedRaftLogWorker.java:87)
	at org.apache.ratis.server.raftlog.segmented.SegmentedRaftLogWorker$WriteLog.execute(SegmentedRaftLogWorker.java:477)
	at org.apache.ratis.server.raftlog.segmented.SegmentedRaftLogWorker.run(SegmentedRaftLogWorker.java:289)
	at java.lang.Thread.run(Thread.java:748)
Caused by: java.util.concurrent.TimeoutException
	at java.util.concurrent.CompletableFuture.timedGet(CompletableFuture.java:1771)
	at java.util.concurrent.CompletableFuture.get(CompletableFuture.java:1915)
	at org.apache.ratis.util.IOUtils.getFromFuture(IOUtils.java:79)
	... 4 more
2019-09-17 12:52:04,835 [EventQueue-PipelineActionsForPipelineActionHandler] ERROR pipeline.PipelineActionHandler (PipelineActionHandler.java:onMessage(60)) - Received pipeline action CLOSE for Pipeline[ Id: beaf19c3-da84-45d5-96c5-869f42a7192e, Nodes: 5e893e0a-56f7-4618-9f46-a6ff48173cb6{ip: 192.168.5.153, host: pr-hdds-2137-trunk-mnh2s-3748177197, networkLocation: /default-rack, certSerialId: null}84ab4d91-000c-4523-9c5f-2c204b5f6601{ip: 192.168.5.153, host: pr-hdds-2137-trunk-mnh2s-3748177197, networkLocation: /default-rack, certSerialId: null}f7ede272-a28a-44e0-9552-15581fc2de04{ip: 192.168.5.153, host: pr-hdds-2137-trunk-mnh2s-3748177197, networkLocation: /default-rack, certSerialId: null}, Type:RATIS, Factor:THREE, State:CLOSED] from datanode 5e893e0a-56f7-4618-9f46-a6ff48173cb6{ip: 192.168.5.153, host: pr-hdds-2137-trunk-mnh2s-3748177197, networkLocation: /default-rack, certSerialId: null}. Reason : 5e893e0a-56f7-4618-9f46-a6ff48173cb6 has not seen follower/s 84ab4d91-000c-4523-9c5f-2c204b5f6601 for 149722ms f7ede272-a28a-44e0-9552-15581fc2de04 for 149721ms
2019-09-17 12:52:04,836 [EventQueue-PipelineActionsForPipelineActionHandler] INFO  pipeline.SCMPipelineManager (SCMPipelineManager.java:finalizeAndDestroyPipeline(311)) - destroying pipeline:Pipeline[ Id: beaf19c3-da84-45d5-96c5-869f42a7192e, Nodes: 5e893e0a-56f7-4618-9f46-a6ff48173cb6{ip: 192.168.5.153, host: pr-hdds-2137-trunk-mnh2s-3748177197, networkLocation: /default-rack, certSerialId: null}84ab4d91-000c-4523-9c5f-2c204b5f6601{ip: 192.168.5.153, host: pr-hdds-2137-trunk-mnh2s-3748177197, networkLocation: /default-rack, certSerialId: null}f7ede272-a28a-44e0-9552-15581fc2de04{ip: 192.168.5.153, host: pr-hdds-2137-trunk-mnh2s-3748177197, networkLocation: /default-rack, certSerialId: null}, Type:RATIS, Factor:THREE, State:CLOSED]
2019-09-17 12:52:04,842 [java.util.concurrent.ThreadPoolExecutor$Worker@70b491f[State = -1, empty queue]] WARN  server.GrpcLogAppender (GrpcLogAppender.java:timeoutAppendRequest(200)) - 5e893e0a-56f7-4618-9f46-a6ff48173cb6@group-869F42A7192E->84ab4d91-000c-4523-9c5f-2c204b5f6601-GrpcLogAppender: appendEntries Timeout, request=5e893e0a-56f7-4618-9f46-a6ff48173cb6->84ab4d91-000c-4523-9c5f-2c204b5f6601#92-t1, previous=(t:1, i:21), leaderCommit=16, initializing? false, entries: <empty>
2019-09-17 12:52:04,842 [java.util.concurrent.ThreadPoolExecutor$Worker@baf429f[State = -1, empty queue]] WARN  server.GrpcLogAppender (GrpcLogAppender.java:timeoutAppendRequest(200)) - 5e893e0a-56f7-4618-9f46-a6ff48173cb6@group-869F42A7192E->f7ede272-a28a-44e0-9552-15581fc2de04-GrpcLogAppender: appendEntries Timeout, request=5e893e0a-56f7-4618-9f46-a6ff48173cb6->f7ede272-a28a-44e0-9552-15581fc2de04#92-t1, previous=(t:1, i:21), leaderCommit=16, initializing? false, entries: <empty>
 0.00% |█                                                                                                    |  0/1 Time: 0:09:092019-09-17 12:52:06,028 [grpc-default-executor-4] INFO  client.GrpcClientProtocolClient (GrpcClientProtocolClient.java:onNext(264)) - client-B24658765329->f7ede272-a28a-44e0-9552-15581fc2de04: receive RaftClientReply:client-B24658765329->f7ede272-a28a-44e0-9552-15581fc2de04@group-869F42A7192E, cid=153, FAILED org.apache.ratis.protocol.NotLeaderException: Server f7ede272-a28a-44e0-9552-15581fc2de04@group-869F42A7192E is not the leader 5e893e0a-56f7-4618-9f46-a6ff48173cb6:192.168.5.153:37060, logIndex=0, commits[f7ede272-a28a-44e0-9552-15581fc2de04:c16, 5e893e0a-56f7-4618-9f46-a6ff48173cb6:c16, 84ab4d91-000c-4523-9c5f-2c204b5f6601:c12]
 0.00% |█                                                                                                    |  0/1 Time: 0:09:102019-09-17 12:52:06,845 [org.apache.ratis.server.impl.LogAppender$AppenderDaemon$$Lambda$509/159327213@6e915ccd] ERROR ratis.XceiverServerRatis (XceiverServerRatis.java:triggerPipelineClose(575)) - pipeline Action CLOSE  on pipeline PipelineID=beaf19c3-da84-45d5-96c5-869f42a7192e.Reason : 5e893e0a-56f7-4618-9f46-a6ff48173cb6 has not seen follower/s 84ab4d91-000c-4523-9c5f-2c204b5f6601 for 152223ms f7ede272-a28a-44e0-9552-15581fc2de04 for 152222ms
2019-09-17 12:52:06,845 [org.apache.ratis.server.impl.LogAppender$AppenderDaemon$$Lambda$509/159327213@81edd1c] ERROR ratis.XceiverServerRatis (XceiverServerRatis.java:triggerPipelineClose(575)) - pipeline Action CLOSE  on pipeline PipelineID=beaf19c3-da84-45d5-96c5-869f42a7192e.Reason : 5e893e0a-56f7-4618-9f46-a6ff48173cb6 has not seen follower/s 84ab4d91-000c-4523-9c5f-2c204b5f6601 for 152223ms f7ede272-a28a-44e0-9552-15581fc2de04 for 152222ms
2019-09-17 12:52:07,344 [java.util.concurrent.ThreadPoolExecutor$Worker@baf429f[State = -1, empty queue]] WARN  server.GrpcLogAppender (GrpcLogAppender.java:timeoutAppendRequest(200)) - 5e893e0a-56f7-4618-9f46-a6ff48173cb6@group-869F42A7192E->f7ede272-a28a-44e0-9552-15581fc2de04-GrpcLogAppender: appendEntries Timeout, request=5e893e0a-56f7-4618-9f46-a6ff48173cb6->f7ede272-a28a-44e0-9552-15581fc2de04#93-t1, previous=(t:1, i:21), leaderCommit=16, initializing? false, entries: <empty>
2019-09-17 12:52:07,344 [java.util.concurrent.ThreadPoolExecutor$Worker@70b491f[State = -1, empty queue]] WARN  server.GrpcLogAppender (GrpcLogAppender.java:timeoutAppendRequest(200)) - 5e893e0a-56f7-4618-9f46-a6ff48173cb6@group-869F42A7192E->84ab4d91-000c-4523-9c5f-2c204b5f6601-GrpcLogAppender: appendEntries Timeout, request=5e893e0a-56f7-4618-9f46-a6ff48173cb6->84ab4d91-000c-4523-9c5f-2c204b5f6601#93-t1, previous=(t:1, i:21), leaderCommit=16, initializing? false, entries: <empty>
 0.00% |█                                                                                                    |  0/1 Time: 0:09:112019-09-17 12:52:07,835 [EventQueue-PipelineActionsForPipelineActionHandler] ERROR pipeline.PipelineActionHandler (PipelineActionHandler.java:onMessage(60)) - Received pipeline action CLOSE for Pipeline[ Id: beaf19c3-da84-45d5-96c5-869f42a7192e, Nodes: 5e893e0a-56f7-4618-9f46-a6ff48173cb6{ip: 192.168.5.153, host: pr-hdds-2137-trunk-mnh2s-3748177197, networkLocation: /default-rack, certSerialId: null}84ab4d91-000c-4523-9c5f-2c204b5f6601{ip: 192.168.5.153, host: pr-hdds-2137-trunk-mnh2s-3748177197, networkLocation: /default-rack, certSerialId: null}f7ede272-a28a-44e0-9552-15581fc2de04{ip: 192.168.5.153, host: pr-hdds-2137-trunk-mnh2s-3748177197, networkLocation: /default-rack, certSerialId: null}, Type:RATIS, Factor:THREE, State:CLOSED] from datanode 5e893e0a-56f7-4618-9f46-a6ff48173cb6{ip: 192.168.5.153, host: pr-hdds-2137-trunk-mnh2s-3748177197, networkLocation: /default-rack, certSerialId: null}. Reason : 5e893e0a-56f7-4618-9f46-a6ff48173cb6 has not seen follower/s 84ab4d91-000c-4523-9c5f-2c204b5f6601 for 152223ms f7ede272-a28a-44e0-9552-15581fc2de04 for 152222ms
2019-09-17 12:52:07,835 [EventQueue-PipelineActionsForPipelineActionHandler] INFO  pipeline.SCMPipelineManager (SCMPipelineManager.java:finalizeAndDestroyPipeline(311)) - destroying pipeline:Pipeline[ Id: beaf19c3-da84-45d5-96c5-869f42a7192e, Nodes: 5e893e0a-56f7-4618-9f46-a6ff48173cb6{ip: 192.168.5.153, host: pr-hdds-2137-trunk-mnh2s-3748177197, networkLocation: /default-rack, certSerialId: null}84ab4d91-000c-4523-9c5f-2c204b5f6601{ip: 192.168.5.153, host: pr-hdds-2137-trunk-mnh2s-3748177197, networkLocation: /default-rack, certSerialId: null}f7ede272-a28a-44e0-9552-15581fc2de04{ip: 192.168.5.153, host: pr-hdds-2137-trunk-mnh2s-3748177197, networkLocation: /default-rack, certSerialId: null}, Type:RATIS, Factor:THREE, State:CLOSED]
 0.00% |█                                                                                                    |  0/1 Time: 0:09:122019-09-17 12:52:09,345 [org.apache.ratis.server.impl.LogAppender$AppenderDaemon$$Lambda$509/159327213@81edd1c] ERROR ratis.XceiverServerRatis (XceiverServerRatis.java:triggerPipelineClose(575)) - pipeline Action CLOSE  on pipeline PipelineID=beaf19c3-da84-45d5-96c5-869f42a7192e.Reason : 5e893e0a-56f7-4618-9f46-a6ff48173cb6 has not seen follower/s 84ab4d91-000c-4523-9c5f-2c204b5f6601 for 154724ms f7ede272-a28a-44e0-9552-15581fc2de04 for 154722ms
2019-09-17 12:52:09,345 [org.apache.ratis.server.impl.LogAppender$AppenderDaemon$$Lambda$509/159327213@6e915ccd] ERROR ratis.XceiverServerRatis (XceiverServerRatis.java:triggerPipelineClose(575)) - pipeline Action CLOSE  on pipeline PipelineID=beaf19c3-da84-45d5-96c5-869f42a7192e.Reason : 5e893e0a-56f7-4618-9f46-a6ff48173cb6 has not seen follower/s 84ab4d91-000c-4523-9c5f-2c204b5f6601 for 154724ms f7ede272-a28a-44e0-9552-15581fc2de04 for 154722ms
 0.00% |█                                                                                                    |  0/1 Time: 0:09:132019-09-17 12:52:09,835 [EventQueue-PipelineActionsForPipelineActionHandler] ERROR pipeline.PipelineActionHandler (PipelineActionHandler.java:onMessage(60)) - Received pipeline action CLOSE for Pipeline[ Id: beaf19c3-da84-45d5-96c5-869f42a7192e, Nodes: 5e893e0a-56f7-4618-9f46-a6ff48173cb6{ip: 192.168.5.153, host: pr-hdds-2137-trunk-mnh2s-3748177197, networkLocation: /default-rack, certSerialId: null}84ab4d91-000c-4523-9c5f-2c204b5f6601{ip: 192.168.5.153, host: pr-hdds-2137-trunk-mnh2s-3748177197, networkLocation: /default-rack, certSerialId: null}f7ede272-a28a-44e0-9552-15581fc2de04{ip: 192.168.5.153, host: pr-hdds-2137-trunk-mnh2s-3748177197, networkLocation: /default-rack, certSerialId: null}, Type:RATIS, Factor:THREE, State:CLOSED] from datanode 5e893e0a-56f7-4618-9f46-a6ff48173cb6{ip: 192.168.5.153, host: pr-hdds-2137-trunk-mnh2s-3748177197, networkLocation: /default-rack, certSerialId: null}. Reason : 5e893e0a-56f7-4618-9f46-a6ff48173cb6 has not seen follower/s 84ab4d91-000c-4523-9c5f-2c204b5f6601 for 154724ms f7ede272-a28a-44e0-9552-15581fc2de04 for 154722ms
2019-09-17 12:52:09,835 [EventQueue-PipelineActionsForPipelineActionHandler] INFO  pipeline.SCMPipelineManager (SCMPipelineManager.java:finalizeAndDestroyPipeline(311)) - destroying pipeline:Pipeline[ Id: beaf19c3-da84-45d5-96c5-869f42a7192e, Nodes: 5e893e0a-56f7-4618-9f46-a6ff48173cb6{ip: 192.168.5.153, host: pr-hdds-2137-trunk-mnh2s-3748177197, networkLocation: /default-rack, certSerialId: null}84ab4d91-000c-4523-9c5f-2c204b5f6601{ip: 192.168.5.153, host: pr-hdds-2137-trunk-mnh2s-3748177197, networkLocation: /default-rack, certSerialId: null}f7ede272-a28a-44e0-9552-15581fc2de04{ip: 192.168.5.153, host: pr-hdds-2137-trunk-mnh2s-3748177197, networkLocation: /default-rack, certSerialId: null}, Type:RATIS, Factor:THREE, State:CLOSED]
2019-09-17 12:52:09,844 [java.util.concurrent.ThreadPoolExecutor$Worker@baf429f[State = -1, empty queue]] WARN  server.GrpcLogAppender (GrpcLogAppender.java:timeoutAppendRequest(200)) - 5e893e0a-56f7-4618-9f46-a6ff48173cb6@group-869F42A7192E->f7ede272-a28a-44e0-9552-15581fc2de04-GrpcLogAppender: appendEntries Timeout, request=5e893e0a-56f7-4618-9f46-a6ff48173cb6->f7ede272-a28a-44e0-9552-15581fc2de04#94-t1, previous=(t:1, i:21), leaderCommit=16, initializing? false, entries: <empty>
2019-09-17 12:52:09,845 [java.util.concurrent.ThreadPoolExecutor$Worker@70b491f[State = -1, empty queue]] WARN  server.GrpcLogAppender (GrpcLogAppender.java:timeoutAppendRequest(200)) - 5e893e0a-56f7-4618-9f46-a6ff48173cb6@group-869F42A7192E->84ab4d91-000c-4523-9c5f-2c204b5f6601-GrpcLogAppender: appendEntries Timeout, request=5e893e0a-56f7-4618-9f46-a6ff48173cb6->84ab4d91-000c-4523-9c5f-2c204b5f6601#94-t1, previous=(t:1, i:21), leaderCommit=16, initializing? false, entries: <empty>
 0.00% |█                                                                                                    |  0/1 Time: 0:09:142019-09-17 12:52:11,059 [grpc-default-executor-4] INFO  client.GrpcClientProtocolClient (GrpcClientProtocolClient.java:onNext(264)) - client-B24658765329->f7ede272-a28a-44e0-9552-15581fc2de04: receive RaftClientReply:client-B24658765329->f7ede272-a28a-44e0-9552-15581fc2de04@group-869F42A7192E, cid=153, FAILED org.apache.ratis.protocol.NotLeaderException: Server f7ede272-a28a-44e0-9552-15581fc2de04@group-869F42A7192E is not the leader 5e893e0a-56f7-4618-9f46-a6ff48173cb6:192.168.5.153:37060, logIndex=0, commits[f7ede272-a28a-44e0-9552-15581fc2de04:c16, 5e893e0a-56f7-4618-9f46-a6ff48173cb6:c16, 84ab4d91-000c-4523-9c5f-2c204b5f6601:c12]
 0.00% |█                                                                                                    |  0/1 Time: 0:09:152019-09-17 12:52:11,846 [org.apache.ratis.server.impl.LogAppender$AppenderDaemon$$Lambda$509/159327213@6e915ccd] ERROR ratis.XceiverServerRatis (XceiverServerRatis.java:triggerPipelineClose(575)) - pipeline Action CLOSE  on pipeline PipelineID=beaf19c3-da84-45d5-96c5-869f42a7192e.Reason : 5e893e0a-56f7-4618-9f46-a6ff48173cb6 has not seen follower/s 84ab4d91-000c-4523-9c5f-2c204b5f6601 for 157225ms f7ede272-a28a-44e0-9552-15581fc2de04 for 157223ms
2019-09-17 12:52:11,846 [org.apache.ratis.server.impl.LogAppender$AppenderDaemon$$Lambda$509/159327213@81edd1c] ERROR ratis.XceiverServerRatis (XceiverServerRatis.java:triggerPipelineClose(575)) - pipeline Action CLOSE  on pipeline PipelineID=beaf19c3-da84-45d5-96c5-869f42a7192e.Reason : 5e893e0a-56f7-4618-9f46-a6ff48173cb6 has not seen follower/s 84ab4d91-000c-4523-9c5f-2c204b5f6601 for 157225ms f7ede272-a28a-44e0-9552-15581fc2de04 for 157223ms
2019-09-17 12:52:12,345 [java.util.concurrent.ThreadPoolExecutor$Worker@baf429f[State = -1, empty queue]] WARN  server.GrpcLogAppender (GrpcLogAppender.java:timeoutAppendRequest(200)) - 5e893e0a-56f7-4618-9f46-a6ff48173cb6@group-869F42A7192E->f7ede272-a28a-44e0-9552-15581fc2de04-GrpcLogAppender: appendEntries Timeout, request=5e893e0a-56f7-4618-9f46-a6ff48173cb6->f7ede272-a28a-44e0-9552-15581fc2de04#95-t1, previous=(t:1, i:21), leaderCommit=16, initializing? false, entries: <empty>
2019-09-17 12:52:12,345 [java.util.concurrent.ThreadPoolExecutor$Worker@70b491f[State = -1, empty queue]] WARN  server.GrpcLogAppender (GrpcLogAppender.java:timeoutAppendRequest(200)) - 5e893e0a-56f7-4618-9f46-a6ff48173cb6@group-869F42A7192E->84ab4d91-000c-4523-9c5f-2c204b5f6601-GrpcLogAppender: appendEntries Timeout, request=5e893e0a-56f7-4618-9f46-a6ff48173cb6->84ab4d91-000c-4523-9c5f-2c204b5f6601#95-t1, previous=(t:1, i:21), leaderCommit=16, initializing? false, entries: <empty>
 0.00% |█                                                                                                    |  0/1 Time: 0:09:162019-09-17 12:52:12,835 [EventQueue-PipelineActionsForPipelineActionHandler] ERROR pipeline.PipelineActionHandler (PipelineActionHandler.java:onMessage(60)) - Received pipeline action CLOSE for Pipeline[ Id: beaf19c3-da84-45d5-96c5-869f42a7192e, Nodes: 5e893e0a-56f7-4618-9f46-a6ff48173cb6{ip: 192.168.5.153, host: pr-hdds-2137-trunk-mnh2s-3748177197, networkLocation: /default-rack, certSerialId: null}84ab4d91-000c-4523-9c5f-2c204b5f6601{ip: 192.168.5.153, host: pr-hdds-2137-trunk-mnh2s-3748177197, networkLocation: /default-rack, certSerialId: null}f7ede272-a28a-44e0-9552-15581fc2de04{ip: 192.168.5.153, host: pr-hdds-2137-trunk-mnh2s-3748177197, networkLocation: /default-rack, certSerialId: null}, Type:RATIS, Factor:THREE, State:CLOSED] from datanode 5e893e0a-56f7-4618-9f46-a6ff48173cb6{ip: 192.168.5.153, host: pr-hdds-2137-trunk-mnh2s-3748177197, networkLocation: /default-rack, certSerialId: null}. Reason : 5e893e0a-56f7-4618-9f46-a6ff48173cb6 has not seen follower/s 84ab4d91-000c-4523-9c5f-2c204b5f6601 for 157225ms f7ede272-a28a-44e0-9552-15581fc2de04 for 157223ms
2019-09-17 12:52:12,836 [EventQueue-PipelineActionsForPipelineActionHandler] INFO  pipeline.SCMPipelineManager (SCMPipelineManager.java:finalizeAndDestroyPipeline(311)) - destroying pipeline:Pipeline[ Id: beaf19c3-da84-45d5-96c5-869f42a7192e, Nodes: 5e893e0a-56f7-4618-9f46-a6ff48173cb6{ip: 192.168.5.153, host: pr-hdds-2137-trunk-mnh2s-3748177197, networkLocation: /default-rack, certSerialId: null}84ab4d91-000c-4523-9c5f-2c204b5f6601{ip: 192.168.5.153, host: pr-hdds-2137-trunk-mnh2s-3748177197, networkLocation: /default-rack, certSerialId: null}f7ede272-a28a-44e0-9552-15581fc2de04{ip: 192.168.5.153, host: pr-hdds-2137-trunk-mnh2s-3748177197, networkLocation: /default-rack, certSerialId: null}, Type:RATIS, Factor:THREE, State:CLOSED]
 0.00% |█                                                                                                    |  0/1 Time: 0:09:172019-09-17 12:52:14,348 [org.apache.ratis.server.impl.LogAppender$AppenderDaemon$$Lambda$509/159327213@6e915ccd] ERROR ratis.XceiverServerRatis (XceiverServerRatis.java:triggerPipelineClose(575)) - pipeline Action CLOSE  on pipeline PipelineID=beaf19c3-da84-45d5-96c5-869f42a7192e.Reason : 5e893e0a-56f7-4618-9f46-a6ff48173cb6 has not seen follower/s 84ab4d91-000c-4523-9c5f-2c204b5f6601 for 159726ms f7ede272-a28a-44e0-9552-15581fc2de04 for 159725ms
2019-09-17 12:52:14,348 [org.apache.ratis.server.impl.LogAppender$AppenderDaemon$$Lambda$509/159327213@81edd1c] ERROR ratis.XceiverServerRatis (XceiverServerRatis.java:triggerPipelineClose(575)) - pipeline Action CLOSE  on pipeline PipelineID=beaf19c3-da84-45d5-96c5-869f42a7192e.Reason : 5e893e0a-56f7-4618-9f46-a6ff48173cb6 has not seen follower/s 84ab4d91-000c-4523-9c5f-2c204b5f6601 for 159726ms f7ede272-a28a-44e0-9552-15581fc2de04 for 159725ms
 0.00% |█                                                                                                    |  0/1 Time: 0:09:182019-09-17 12:52:14,665 [5e893e0a-56f7-4618-9f46-a6ff48173cb6@group-869F42A7192E-SegmentedRaftLogWorker] WARN  segmented.SegmentedRaftLogWorker (SegmentedRaftLogWorker.java:getFromFuture(90)) - Timeout 15/~
org.apache.ratis.protocol.TimeoutIOException: Timeout 10s: WriteLog:17: (t:1, i:17), STATEMACHINELOGENTRY, client-B24658765329, cid=153-writeStateMachineData
	at org.apache.ratis.util.IOUtils.getFromFuture(IOUtils.java:87)
	at org.apache.ratis.server.raftlog.segmented.SegmentedRaftLogWorker$StateMachineDataPolicy.getFromFuture(SegmentedRaftLogWorker.java:87)
	at org.apache.ratis.server.raftlog.segmented.SegmentedRaftLogWorker$WriteLog.execute(SegmentedRaftLogWorker.java:477)
	at org.apache.ratis.server.raftlog.segmented.SegmentedRaftLogWorker.run(SegmentedRaftLogWorker.java:289)
	at java.lang.Thread.run(Thread.java:748)
Caused by: java.util.concurrent.TimeoutException
	at java.util.concurrent.CompletableFuture.timedGet(CompletableFuture.java:1771)
	at java.util.concurrent.CompletableFuture.get(CompletableFuture.java:1915)
	at org.apache.ratis.util.IOUtils.getFromFuture(IOUtils.java:79)
	... 4 more
2019-09-17 12:52:14,683 [f7ede272-a28a-44e0-9552-15581fc2de04@group-869F42A7192E-SegmentedRaftLogWorker] WARN  segmented.SegmentedRaftLogWorker (SegmentedRaftLogWorker.java:getFromFuture(90)) - Timeout 15/~
org.apache.ratis.protocol.TimeoutIOException: Timeout 10s: WriteLog:17: (t:1, i:17), STATEMACHINELOGENTRY, client-B24658765329, cid=153-writeStateMachineData
	at org.apache.ratis.util.IOUtils.getFromFuture(IOUtils.java:87)
	at org.apache.ratis.server.raftlog.segmented.SegmentedRaftLogWorker$StateMachineDataPolicy.getFromFuture(SegmentedRaftLogWorker.java:87)
	at org.apache.ratis.server.raftlog.segmented.SegmentedRaftLogWorker$WriteLog.execute(SegmentedRaftLogWorker.java:477)
	at org.apache.ratis.server.raftlog.segmented.SegmentedRaftLogWorker.run(SegmentedRaftLogWorker.java:289)
	at java.lang.Thread.run(Thread.java:748)
Caused by: java.util.concurrent.TimeoutException
	at java.util.concurrent.CompletableFuture.timedGet(CompletableFuture.java:1771)
	at java.util.concurrent.CompletableFuture.get(CompletableFuture.java:1915)
	at org.apache.ratis.util.IOUtils.getFromFuture(IOUtils.java:79)
	... 4 more
2019-09-17 12:52:14,684 [84ab4d91-000c-4523-9c5f-2c204b5f6601@group-869F42A7192E-SegmentedRaftLogWorker] WARN  segmented.SegmentedRaftLogWorker (SegmentedRaftLogWorker.java:getFromFuture(90)) - Timeout 15/~
org.apache.ratis.protocol.TimeoutIOException: Timeout 10s: WriteLog:17: (t:1, i:17), STATEMACHINELOGENTRY, client-B24658765329, cid=153-writeStateMachineData
	at org.apache.ratis.util.IOUtils.getFromFuture(IOUtils.java:87)
	at org.apache.ratis.server.raftlog.segmented.SegmentedRaftLogWorker$StateMachineDataPolicy.getFromFuture(SegmentedRaftLogWorker.java:87)
	at org.apache.ratis.server.raftlog.segmented.SegmentedRaftLogWorker$WriteLog.execute(SegmentedRaftLogWorker.java:477)
	at org.apache.ratis.server.raftlog.segmented.SegmentedRaftLogWorker.run(SegmentedRaftLogWorker.java:289)
	at java.lang.Thread.run(Thread.java:748)
Caused by: java.util.concurrent.TimeoutException
	at java.util.concurrent.CompletableFuture.timedGet(CompletableFuture.java:1771)
	at java.util.concurrent.CompletableFuture.get(CompletableFuture.java:1915)
	at org.apache.ratis.util.IOUtils.getFromFuture(IOUtils.java:79)
	... 4 more
2019-09-17 12:52:14,838 [EventQueue-PipelineActionsForPipelineActionHandler] ERROR pipeline.PipelineActionHandler (PipelineActionHandler.java:onMessage(60)) - Received pipeline action CLOSE for Pipeline[ Id: beaf19c3-da84-45d5-96c5-869f42a7192e, Nodes: 5e893e0a-56f7-4618-9f46-a6ff48173cb6{ip: 192.168.5.153, host: pr-hdds-2137-trunk-mnh2s-3748177197, networkLocation: /default-rack, certSerialId: null}84ab4d91-000c-4523-9c5f-2c204b5f6601{ip: 192.168.5.153, host: pr-hdds-2137-trunk-mnh2s-3748177197, networkLocation: /default-rack, certSerialId: null}f7ede272-a28a-44e0-9552-15581fc2de04{ip: 192.168.5.153, host: pr-hdds-2137-trunk-mnh2s-3748177197, networkLocation: /default-rack, certSerialId: null}, Type:RATIS, Factor:THREE, State:CLOSED] from datanode 5e893e0a-56f7-4618-9f46-a6ff48173cb6{ip: 192.168.5.153, host: pr-hdds-2137-trunk-mnh2s-3748177197, networkLocation: /default-rack, certSerialId: null}. Reason : 5e893e0a-56f7-4618-9f46-a6ff48173cb6 has not seen follower/s 84ab4d91-000c-4523-9c5f-2c204b5f6601 for 159726ms f7ede272-a28a-44e0-9552-15581fc2de04 for 159725ms
2019-09-17 12:52:14,838 [EventQueue-PipelineActionsForPipelineActionHandler] INFO  pipeline.SCMPipelineManager (SCMPipelineManager.java:finalizeAndDestroyPipeline(311)) - destroying pipeline:Pipeline[ Id: beaf19c3-da84-45d5-96c5-869f42a7192e, Nodes: 5e893e0a-56f7-4618-9f46-a6ff48173cb6{ip: 192.168.5.153, host: pr-hdds-2137-trunk-mnh2s-3748177197, networkLocation: /default-rack, certSerialId: null}84ab4d91-000c-4523-9c5f-2c204b5f6601{ip: 192.168.5.153, host: pr-hdds-2137-trunk-mnh2s-3748177197, networkLocation: /default-rack, certSerialId: null}f7ede272-a28a-44e0-9552-15581fc2de04{ip: 192.168.5.153, host: pr-hdds-2137-trunk-mnh2s-3748177197, networkLocation: /default-rack, certSerialId: null}, Type:RATIS, Factor:THREE, State:CLOSED]
2019-09-17 12:52:14,846 [java.util.concurrent.ThreadPoolExecutor$Worker@70b491f[State = -1, empty queue]] WARN  server.GrpcLogAppender (GrpcLogAppender.java:timeoutAppendRequest(200)) - 5e893e0a-56f7-4618-9f46-a6ff48173cb6@group-869F42A7192E->84ab4d91-000c-4523-9c5f-2c204b5f6601-GrpcLogAppender: appendEntries Timeout, request=5e893e0a-56f7-4618-9f46-a6ff48173cb6->84ab4d91-000c-4523-9c5f-2c204b5f6601#96-t1, previous=(t:1, i:21), leaderCommit=16, initializing? false, entries: <empty>
2019-09-17 12:52:14,846 [java.util.concurrent.ThreadPoolExecutor$Worker@baf429f[State = -1, empty queue]] WARN  server.GrpcLogAppender (GrpcLogAppender.java:timeoutAppendRequest(200)) - 5e893e0a-56f7-4618-9f46-a6ff48173cb6@group-869F42A7192E->f7ede272-a28a-44e0-9552-15581fc2de04-GrpcLogAppender: appendEntries Timeout, request=5e893e0a-56f7-4618-9f46-a6ff48173cb6->f7ede272-a28a-44e0-9552-15581fc2de04#96-t1, previous=(t:1, i:21), leaderCommit=16, initializing? false, entries: <empty>
 0.00% |█                                                                                                    |  0/1 Time: 0:09:192019-09-17 12:52:16,099 [grpc-default-executor-5] INFO  client.GrpcClientProtocolClient (GrpcClientProtocolClient.java:onNext(264)) - client-B24658765329->84ab4d91-000c-4523-9c5f-2c204b5f6601: receive RaftClientReply:client-B24658765329->84ab4d91-000c-4523-9c5f-2c204b5f6601@group-869F42A7192E, cid=153, FAILED org.apache.ratis.protocol.NotLeaderException: Server 84ab4d91-000c-4523-9c5f-2c204b5f6601@group-869F42A7192E is not the leader 5e893e0a-56f7-4618-9f46-a6ff48173cb6:192.168.5.153:37060, logIndex=0, commits[84ab4d91-000c-4523-9c5f-2c204b5f6601:c16, 5e893e0a-56f7-4618-9f46-a6ff48173cb6:c16, f7ede272-a28a-44e0-9552-15581fc2de04:c12]
 0.00% |█                                                                                                    |  0/1 Time: 0:09:202019-09-17 12:52:16,848 [org.apache.ratis.server.impl.LogAppender$AppenderDaemon$$Lambda$509/159327213@6e915ccd] ERROR ratis.XceiverServerRatis (XceiverServerRatis.java:triggerPipelineClose(575)) - pipeline Action CLOSE  on pipeline PipelineID=beaf19c3-da84-45d5-96c5-869f42a7192e.Reason : 5e893e0a-56f7-4618-9f46-a6ff48173cb6 has not seen follower/s 84ab4d91-000c-4523-9c5f-2c204b5f6601 for 162226ms f7ede272-a28a-44e0-9552-15581fc2de04 for 162225ms
2019-09-17 12:52:16,848 [org.apache.ratis.server.impl.LogAppender$AppenderDaemon$$Lambda$509/159327213@81edd1c] ERROR ratis.XceiverServerRatis (XceiverServerRatis.java:triggerPipelineClose(575)) - pipeline Action CLOSE  on pipeline PipelineID=beaf19c3-da84-45d5-96c5-869f42a7192e.Reason : 5e893e0a-56f7-4618-9f46-a6ff48173cb6 has not seen follower/s 84ab4d91-000c-4523-9c5f-2c204b5f6601 for 162226ms f7ede272-a28a-44e0-9552-15581fc2de04 for 162225ms
2019-09-17 12:52:17,347 [java.util.concurrent.ThreadPoolExecutor$Worker@baf429f[State = -1, empty queue]] WARN  server.GrpcLogAppender (GrpcLogAppender.java:timeoutAppendRequest(200)) - 5e893e0a-56f7-4618-9f46-a6ff48173cb6@group-869F42A7192E->f7ede272-a28a-44e0-9552-15581fc2de04-GrpcLogAppender: appendEntries Timeout, request=5e893e0a-56f7-4618-9f46-a6ff48173cb6->f7ede272-a28a-44e0-9552-15581fc2de04#97-t1, previous=(t:1, i:21), leaderCommit=16, initializing? false, entries: <empty>
2019-09-17 12:52:17,347 [java.util.concurrent.ThreadPoolExecutor$Worker@70b491f[State = -1, empty queue]] WARN  server.GrpcLogAppender (GrpcLogAppender.java:timeoutAppendRequest(200)) - 5e893e0a-56f7-4618-9f46-a6ff48173cb6@group-869F42A7192E->84ab4d91-000c-4523-9c5f-2c204b5f6601-GrpcLogAppender: appendEntries Timeout, request=5e893e0a-56f7-4618-9f46-a6ff48173cb6->84ab4d91-000c-4523-9c5f-2c204b5f6601#97-t1, previous=(t:1, i:21), leaderCommit=16, initializing? false, entries: <empty>
 0.00% |█                                                                                                    |  0/1 Time: 0:09:212019-09-17 12:52:17,835 [EventQueue-PipelineActionsForPipelineActionHandler] ERROR pipeline.PipelineActionHandler (PipelineActionHandler.java:onMessage(60)) - Received pipeline action CLOSE for Pipeline[ Id: beaf19c3-da84-45d5-96c5-869f42a7192e, Nodes: 5e893e0a-56f7-4618-9f46-a6ff48173cb6{ip: 192.168.5.153, host: pr-hdds-2137-trunk-mnh2s-3748177197, networkLocation: /default-rack, certSerialId: null}84ab4d91-000c-4523-9c5f-2c204b5f6601{ip: 192.168.5.153, host: pr-hdds-2137-trunk-mnh2s-3748177197, networkLocation: /default-rack, certSerialId: null}f7ede272-a28a-44e0-9552-15581fc2de04{ip: 192.168.5.153, host: pr-hdds-2137-trunk-mnh2s-3748177197, networkLocation: /default-rack, certSerialId: null}, Type:RATIS, Factor:THREE, State:CLOSED] from datanode 5e893e0a-56f7-4618-9f46-a6ff48173cb6{ip: 192.168.5.153, host: pr-hdds-2137-trunk-mnh2s-3748177197, networkLocation: /default-rack, certSerialId: null}. Reason : 5e893e0a-56f7-4618-9f46-a6ff48173cb6 has not seen follower/s 84ab4d91-000c-4523-9c5f-2c204b5f6601 for 162226ms f7ede272-a28a-44e0-9552-15581fc2de04 for 162225ms
2019-09-17 12:52:17,835 [EventQueue-PipelineActionsForPipelineActionHandler] INFO  pipeline.SCMPipelineManager (SCMPipelineManager.java:finalizeAndDestroyPipeline(311)) - destroying pipeline:Pipeline[ Id: beaf19c3-da84-45d5-96c5-869f42a7192e, Nodes: 5e893e0a-56f7-4618-9f46-a6ff48173cb6{ip: 192.168.5.153, host: pr-hdds-2137-trunk-mnh2s-3748177197, networkLocation: /default-rack, certSerialId: null}84ab4d91-000c-4523-9c5f-2c204b5f6601{ip: 192.168.5.153, host: pr-hdds-2137-trunk-mnh2s-3748177197, networkLocation: /default-rack, certSerialId: null}f7ede272-a28a-44e0-9552-15581fc2de04{ip: 192.168.5.153, host: pr-hdds-2137-trunk-mnh2s-3748177197, networkLocation: /default-rack, certSerialId: null}, Type:RATIS, Factor:THREE, State:CLOSED]
 0.00% |█                                                                                                    |  0/1 Time: 0:09:222019-09-17 12:52:19,350 [org.apache.ratis.server.impl.LogAppender$AppenderDaemon$$Lambda$509/159327213@6e915ccd] ERROR ratis.XceiverServerRatis (XceiverServerRatis.java:triggerPipelineClose(575)) - pipeline Action CLOSE  on pipeline PipelineID=beaf19c3-da84-45d5-96c5-869f42a7192e.Reason : 5e893e0a-56f7-4618-9f46-a6ff48173cb6 has not seen follower/s 84ab4d91-000c-4523-9c5f-2c204b5f6601 for 164728ms f7ede272-a28a-44e0-9552-15581fc2de04 for 164727ms
2019-09-17 12:52:19,350 [org.apache.ratis.server.impl.LogAppender$AppenderDaemon$$Lambda$509/159327213@81edd1c] ERROR ratis.XceiverServerRatis (XceiverServerRatis.java:triggerPipelineClose(575)) - pipeline Action CLOSE  on pipeline PipelineID=beaf19c3-da84-45d5-96c5-869f42a7192e.Reason : 5e893e0a-56f7-4618-9f46-a6ff48173cb6 has not seen follower/s 84ab4d91-000c-4523-9c5f-2c204b5f6601 for 164728ms f7ede272-a28a-44e0-9552-15581fc2de04 for 164727ms
 0.00% |█                                                                                                    |  0/1 Time: 0:09:232019-09-17 12:52:19,837 [EventQueue-PipelineActionsForPipelineActionHandler] ERROR pipeline.PipelineActionHandler (PipelineActionHandler.java:onMessage(60)) - Received pipeline action CLOSE for Pipeline[ Id: beaf19c3-da84-45d5-96c5-869f42a7192e, Nodes: 5e893e0a-56f7-4618-9f46-a6ff48173cb6{ip: 192.168.5.153, host: pr-hdds-2137-trunk-mnh2s-3748177197, networkLocation: /default-rack, certSerialId: null}84ab4d91-000c-4523-9c5f-2c204b5f6601{ip: 192.168.5.153, host: pr-hdds-2137-trunk-mnh2s-3748177197, networkLocation: /default-rack, certSerialId: null}f7ede272-a28a-44e0-9552-15581fc2de04{ip: 192.168.5.153, host: pr-hdds-2137-trunk-mnh2s-3748177197, networkLocation: /default-rack, certSerialId: null}, Type:RATIS, Factor:THREE, State:CLOSED] from datanode 5e893e0a-56f7-4618-9f46-a6ff48173cb6{ip: 192.168.5.153, host: pr-hdds-2137-trunk-mnh2s-3748177197, networkLocation: /default-rack, certSerialId: null}. Reason : 5e893e0a-56f7-4618-9f46-a6ff48173cb6 has not seen follower/s 84ab4d91-000c-4523-9c5f-2c204b5f6601 for 164728ms f7ede272-a28a-44e0-9552-15581fc2de04 for 164727ms
2019-09-17 12:52:19,837 [EventQueue-PipelineActionsForPipelineActionHandler] INFO  pipeline.SCMPipelineManager (SCMPipelineManager.java:finalizeAndDestroyPipeline(311)) - destroying pipeline:Pipeline[ Id: beaf19c3-da84-45d5-96c5-869f42a7192e, Nodes: 5e893e0a-56f7-4618-9f46-a6ff48173cb6{ip: 192.168.5.153, host: pr-hdds-2137-trunk-mnh2s-3748177197, networkLocation: /default-rack, certSerialId: null}84ab4d91-000c-4523-9c5f-2c204b5f6601{ip: 192.168.5.153, host: pr-hdds-2137-trunk-mnh2s-3748177197, networkLocation: /default-rack, certSerialId: null}f7ede272-a28a-44e0-9552-15581fc2de04{ip: 192.168.5.153, host: pr-hdds-2137-trunk-mnh2s-3748177197, networkLocation: /default-rack, certSerialId: null}, Type:RATIS, Factor:THREE, State:CLOSED]
2019-09-17 12:52:19,848 [java.util.concurrent.ThreadPoolExecutor$Worker@baf429f[State = -1, empty queue]] WARN  server.GrpcLogAppender (GrpcLogAppender.java:timeoutAppendRequest(200)) - 5e893e0a-56f7-4618-9f46-a6ff48173cb6@group-869F42A7192E->f7ede272-a28a-44e0-9552-15581fc2de04-GrpcLogAppender: appendEntries Timeout, request=5e893e0a-56f7-4618-9f46-a6ff48173cb6->f7ede272-a28a-44e0-9552-15581fc2de04#98-t1, previous=(t:1, i:21), leaderCommit=16, initializing? false, entries: <empty>
2019-09-17 12:52:19,848 [java.util.concurrent.ThreadPoolExecutor$Worker@70b491f[State = -1, empty queue]] WARN  server.GrpcLogAppender (GrpcLogAppender.java:timeoutAppendRequest(200)) - 5e893e0a-56f7-4618-9f46-a6ff48173cb6@group-869F42A7192E->84ab4d91-000c-4523-9c5f-2c204b5f6601-GrpcLogAppender: appendEntries Timeout, request=5e893e0a-56f7-4618-9f46-a6ff48173cb6->84ab4d91-000c-4523-9c5f-2c204b5f6601#98-t1, previous=(t:1, i:21), leaderCommit=16, initializing? false, entries: <empty>
 0.00% |█                                                                                                    |  0/1 Time: 0:09:242019-09-17 12:52:21,141 [grpc-default-executor-6] INFO  client.GrpcClientProtocolClient (GrpcClientProtocolClient.java:onNext(264)) - client-B24658765329->f7ede272-a28a-44e0-9552-15581fc2de04: receive RaftClientReply:client-B24658765329->f7ede272-a28a-44e0-9552-15581fc2de04@group-869F42A7192E, cid=153, FAILED org.apache.ratis.protocol.NotLeaderException: Server f7ede272-a28a-44e0-9552-15581fc2de04@group-869F42A7192E is not the leader 5e893e0a-56f7-4618-9f46-a6ff48173cb6:192.168.5.153:37060, logIndex=0, commits[f7ede272-a28a-44e0-9552-15581fc2de04:c16, 5e893e0a-56f7-4618-9f46-a6ff48173cb6:c16, 84ab4d91-000c-4523-9c5f-2c204b5f6601:c12]
 0.00% |█                                                                                                    |  0/1 Time: 0:09:252019-09-17 12:52:21,851 [org.apache.ratis.server.impl.LogAppender$AppenderDaemon$$Lambda$509/159327213@81edd1c] ERROR ratis.XceiverServerRatis (XceiverServerRatis.java:triggerPipelineClose(575)) - pipeline Action CLOSE  on pipeline PipelineID=beaf19c3-da84-45d5-96c5-869f42a7192e.Reason : 5e893e0a-56f7-4618-9f46-a6ff48173cb6 has not seen follower/s 84ab4d91-000c-4523-9c5f-2c204b5f6601 for 167229ms f7ede272-a28a-44e0-9552-15581fc2de04 for 167228ms
2019-09-17 12:52:21,851 [org.apache.ratis.server.impl.LogAppender$AppenderDaemon$$Lambda$509/159327213@6e915ccd] ERROR ratis.XceiverServerRatis (XceiverServerRatis.java:triggerPipelineClose(575)) - pipeline Action CLOSE  on pipeline PipelineID=beaf19c3-da84-45d5-96c5-869f42a7192e.Reason : 5e893e0a-56f7-4618-9f46-a6ff48173cb6 has not seen follower/s 84ab4d91-000c-4523-9c5f-2c204b5f6601 for 167229ms f7ede272-a28a-44e0-9552-15581fc2de04 for 167228ms
2019-09-17 12:52:22,350 [java.util.concurrent.ThreadPoolExecutor$Worker@70b491f[State = -1, empty queue]] WARN  server.GrpcLogAppender (GrpcLogAppender.java:timeoutAppendRequest(200)) - 5e893e0a-56f7-4618-9f46-a6ff48173cb6@group-869F42A7192E->84ab4d91-000c-4523-9c5f-2c204b5f6601-GrpcLogAppender: appendEntries Timeout, request=5e893e0a-56f7-4618-9f46-a6ff48173cb6->84ab4d91-000c-4523-9c5f-2c204b5f6601#99-t1, previous=(t:1, i:21), leaderCommit=16, initializing? false, entries: <empty>
2019-09-17 12:52:22,350 [java.util.concurrent.ThreadPoolExecutor$Worker@baf429f[State = -1, empty queue]] WARN  server.GrpcLogAppender (GrpcLogAppender.java:timeoutAppendRequest(200)) - 5e893e0a-56f7-4618-9f46-a6ff48173cb6@group-869F42A7192E->f7ede272-a28a-44e0-9552-15581fc2de04-GrpcLogAppender: appendEntries Timeout, request=5e893e0a-56f7-4618-9f46-a6ff48173cb6->f7ede272-a28a-44e0-9552-15581fc2de04#99-t1, previous=(t:1, i:21), leaderCommit=16, initializing? false, entries: <empty>
 0.00% |█                                                                                                    |  0/1 Time: 0:09:262019-09-17 12:52:22,838 [EventQueue-PipelineActionsForPipelineActionHandler] ERROR pipeline.PipelineActionHandler (PipelineActionHandler.java:onMessage(60)) - Received pipeline action CLOSE for Pipeline[ Id: beaf19c3-da84-45d5-96c5-869f42a7192e, Nodes: 5e893e0a-56f7-4618-9f46-a6ff48173cb6{ip: 192.168.5.153, host: pr-hdds-2137-trunk-mnh2s-3748177197, networkLocation: /default-rack, certSerialId: null}84ab4d91-000c-4523-9c5f-2c204b5f6601{ip: 192.168.5.153, host: pr-hdds-2137-trunk-mnh2s-3748177197, networkLocation: /default-rack, certSerialId: null}f7ede272-a28a-44e0-9552-15581fc2de04{ip: 192.168.5.153, host: pr-hdds-2137-trunk-mnh2s-3748177197, networkLocation: /default-rack, certSerialId: null}, Type:RATIS, Factor:THREE, State:CLOSED] from datanode 5e893e0a-56f7-4618-9f46-a6ff48173cb6{ip: 192.168.5.153, host: pr-hdds-2137-trunk-mnh2s-3748177197, networkLocation: /default-rack, certSerialId: null}. Reason : 5e893e0a-56f7-4618-9f46-a6ff48173cb6 has not seen follower/s 84ab4d91-000c-4523-9c5f-2c204b5f6601 for 167229ms f7ede272-a28a-44e0-9552-15581fc2de04 for 167228ms
2019-09-17 12:52:22,838 [EventQueue-PipelineActionsForPipelineActionHandler] INFO  pipeline.SCMPipelineManager (SCMPipelineManager.java:finalizeAndDestroyPipeline(311)) - destroying pipeline:Pipeline[ Id: beaf19c3-da84-45d5-96c5-869f42a7192e, Nodes: 5e893e0a-56f7-4618-9f46-a6ff48173cb6{ip: 192.168.5.153, host: pr-hdds-2137-trunk-mnh2s-3748177197, networkLocation: /default-rack, certSerialId: null}84ab4d91-000c-4523-9c5f-2c204b5f6601{ip: 192.168.5.153, host: pr-hdds-2137-trunk-mnh2s-3748177197, networkLocation: /default-rack, certSerialId: null}f7ede272-a28a-44e0-9552-15581fc2de04{ip: 192.168.5.153, host: pr-hdds-2137-trunk-mnh2s-3748177197, networkLocation: /default-rack, certSerialId: null}, Type:RATIS, Factor:THREE, State:CLOSED]
 0.00% |█                                                                                                    |  0/1 Time: 0:09:272019-09-17 12:52:24,352 [org.apache.ratis.server.impl.LogAppender$AppenderDaemon$$Lambda$509/159327213@6e915ccd] ERROR ratis.XceiverServerRatis (XceiverServerRatis.java:triggerPipelineClose(575)) - pipeline Action CLOSE  on pipeline PipelineID=beaf19c3-da84-45d5-96c5-869f42a7192e.Reason : 5e893e0a-56f7-4618-9f46-a6ff48173cb6 has not seen follower/s 84ab4d91-000c-4523-9c5f-2c204b5f6601 for 169730ms f7ede272-a28a-44e0-9552-15581fc2de04 for 169729ms
2019-09-17 12:52:24,352 [org.apache.ratis.server.impl.LogAppender$AppenderDaemon$$Lambda$509/159327213@81edd1c] ERROR ratis.XceiverServerRatis (XceiverServerRatis.java:triggerPipelineClose(575)) - pipeline Action CLOSE  on pipeline PipelineID=beaf19c3-da84-45d5-96c5-869f42a7192e.Reason : 5e893e0a-56f7-4618-9f46-a6ff48173cb6 has not seen follower/s 84ab4d91-000c-4523-9c5f-2c204b5f6601 for 169730ms f7ede272-a28a-44e0-9552-15581fc2de04 for 169729ms
 0.00% |█                                                                                                    |  0/1 Time: 0:09:282019-09-17 12:52:24,667 [5e893e0a-56f7-4618-9f46-a6ff48173cb6@group-869F42A7192E-SegmentedRaftLogWorker] WARN  segmented.SegmentedRaftLogWorker (SegmentedRaftLogWorker.java:getFromFuture(90)) - Timeout 16/~
org.apache.ratis.protocol.TimeoutIOException: Timeout 10s: WriteLog:17: (t:1, i:17), STATEMACHINELOGENTRY, client-B24658765329, cid=153-writeStateMachineData
	at org.apache.ratis.util.IOUtils.getFromFuture(IOUtils.java:87)
	at org.apache.ratis.server.raftlog.segmented.SegmentedRaftLogWorker$StateMachineDataPolicy.getFromFuture(SegmentedRaftLogWorker.java:87)
	at org.apache.ratis.server.raftlog.segmented.SegmentedRaftLogWorker$WriteLog.execute(SegmentedRaftLogWorker.java:477)
	at org.apache.ratis.server.raftlog.segmented.SegmentedRaftLogWorker.run(SegmentedRaftLogWorker.java:289)
	at java.lang.Thread.run(Thread.java:748)
Caused by: java.util.concurrent.TimeoutException
	at java.util.concurrent.CompletableFuture.timedGet(CompletableFuture.java:1771)
	at java.util.concurrent.CompletableFuture.get(CompletableFuture.java:1915)
	at org.apache.ratis.util.IOUtils.getFromFuture(IOUtils.java:79)
	... 4 more
2019-09-17 12:52:24,684 [f7ede272-a28a-44e0-9552-15581fc2de04@group-869F42A7192E-SegmentedRaftLogWorker] WARN  segmented.SegmentedRaftLogWorker (SegmentedRaftLogWorker.java:getFromFuture(90)) - Timeout 16/~
org.apache.ratis.protocol.TimeoutIOException: Timeout 10s: WriteLog:17: (t:1, i:17), STATEMACHINELOGENTRY, client-B24658765329, cid=153-writeStateMachineData
	at org.apache.ratis.util.IOUtils.getFromFuture(IOUtils.java:87)
	at org.apache.ratis.server.raftlog.segmented.SegmentedRaftLogWorker$StateMachineDataPolicy.getFromFuture(SegmentedRaftLogWorker.java:87)
	at org.apache.ratis.server.raftlog.segmented.SegmentedRaftLogWorker$WriteLog.execute(SegmentedRaftLogWorker.java:477)
	at org.apache.ratis.server.raftlog.segmented.SegmentedRaftLogWorker.run(SegmentedRaftLogWorker.java:289)
	at java.lang.Thread.run(Thread.java:748)
Caused by: java.util.concurrent.TimeoutException
	at java.util.concurrent.CompletableFuture.timedGet(CompletableFuture.java:1771)
	at java.util.concurrent.CompletableFuture.get(CompletableFuture.java:1915)
	at org.apache.ratis.util.IOUtils.getFromFuture(IOUtils.java:79)
	... 4 more
2019-09-17 12:52:24,684 [84ab4d91-000c-4523-9c5f-2c204b5f6601@group-869F42A7192E-SegmentedRaftLogWorker] WARN  segmented.SegmentedRaftLogWorker (SegmentedRaftLogWorker.java:getFromFuture(90)) - Timeout 16/~
org.apache.ratis.protocol.TimeoutIOException: Timeout 10s: WriteLog:17: (t:1, i:17), STATEMACHINELOGENTRY, client-B24658765329, cid=153-writeStateMachineData
	at org.apache.ratis.util.IOUtils.getFromFuture(IOUtils.java:87)
	at org.apache.ratis.server.raftlog.segmented.SegmentedRaftLogWorker$StateMachineDataPolicy.getFromFuture(SegmentedRaftLogWorker.java:87)
	at org.apache.ratis.server.raftlog.segmented.SegmentedRaftLogWorker$WriteLog.execute(SegmentedRaftLogWorker.java:477)
	at org.apache.ratis.server.raftlog.segmented.SegmentedRaftLogWorker.run(SegmentedRaftLogWorker.java:289)
	at java.lang.Thread.run(Thread.java:748)
Caused by: java.util.concurrent.TimeoutException
	at java.util.concurrent.CompletableFuture.timedGet(CompletableFuture.java:1771)
	at java.util.concurrent.CompletableFuture.get(CompletableFuture.java:1915)
	at org.apache.ratis.util.IOUtils.getFromFuture(IOUtils.java:79)
	... 4 more
2019-09-17 12:52:24,838 [EventQueue-PipelineActionsForPipelineActionHandler] ERROR pipeline.PipelineActionHandler (PipelineActionHandler.java:onMessage(60)) - Received pipeline action CLOSE for Pipeline[ Id: beaf19c3-da84-45d5-96c5-869f42a7192e, Nodes: 5e893e0a-56f7-4618-9f46-a6ff48173cb6{ip: 192.168.5.153, host: pr-hdds-2137-trunk-mnh2s-3748177197, networkLocation: /default-rack, certSerialId: null}84ab4d91-000c-4523-9c5f-2c204b5f6601{ip: 192.168.5.153, host: pr-hdds-2137-trunk-mnh2s-3748177197, networkLocation: /default-rack, certSerialId: null}f7ede272-a28a-44e0-9552-15581fc2de04{ip: 192.168.5.153, host: pr-hdds-2137-trunk-mnh2s-3748177197, networkLocation: /default-rack, certSerialId: null}, Type:RATIS, Factor:THREE, State:CLOSED] from datanode 5e893e0a-56f7-4618-9f46-a6ff48173cb6{ip: 192.168.5.153, host: pr-hdds-2137-trunk-mnh2s-3748177197, networkLocation: /default-rack, certSerialId: null}. Reason : 5e893e0a-56f7-4618-9f46-a6ff48173cb6 has not seen follower/s 84ab4d91-000c-4523-9c5f-2c204b5f6601 for 169730ms f7ede272-a28a-44e0-9552-15581fc2de04 for 169729ms
2019-09-17 12:52:24,838 [EventQueue-PipelineActionsForPipelineActionHandler] INFO  pipeline.SCMPipelineManager (SCMPipelineManager.java:finalizeAndDestroyPipeline(311)) - destroying pipeline:Pipeline[ Id: beaf19c3-da84-45d5-96c5-869f42a7192e, Nodes: 5e893e0a-56f7-4618-9f46-a6ff48173cb6{ip: 192.168.5.153, host: pr-hdds-2137-trunk-mnh2s-3748177197, networkLocation: /default-rack, certSerialId: null}84ab4d91-000c-4523-9c5f-2c204b5f6601{ip: 192.168.5.153, host: pr-hdds-2137-trunk-mnh2s-3748177197, networkLocation: /default-rack, certSerialId: null}f7ede272-a28a-44e0-9552-15581fc2de04{ip: 192.168.5.153, host: pr-hdds-2137-trunk-mnh2s-3748177197, networkLocation: /default-rack, certSerialId: null}, Type:RATIS, Factor:THREE, State:CLOSED]
2019-09-17 12:52:24,851 [java.util.concurrent.ThreadPoolExecutor$Worker@70b491f[State = -1, empty queue]] WARN  server.GrpcLogAppender (GrpcLogAppender.java:timeoutAppendRequest(200)) - 5e893e0a-56f7-4618-9f46-a6ff48173cb6@group-869F42A7192E->84ab4d91-000c-4523-9c5f-2c204b5f6601-GrpcLogAppender: appendEntries Timeout, request=5e893e0a-56f7-4618-9f46-a6ff48173cb6->84ab4d91-000c-4523-9c5f-2c204b5f6601#100-t1, previous=(t:1, i:21), leaderCommit=16, initializing? false, entries: <empty>
2019-09-17 12:52:24,851 [java.util.concurrent.ThreadPoolExecutor$Worker@baf429f[State = -1, empty queue]] WARN  server.GrpcLogAppender (GrpcLogAppender.java:timeoutAppendRequest(200)) - 5e893e0a-56f7-4618-9f46-a6ff48173cb6@group-869F42A7192E->f7ede272-a28a-44e0-9552-15581fc2de04-GrpcLogAppender: appendEntries Timeout, request=5e893e0a-56f7-4618-9f46-a6ff48173cb6->f7ede272-a28a-44e0-9552-15581fc2de04#100-t1, previous=(t:1, i:21), leaderCommit=16, initializing? false, entries: <empty>
 0.00% |█                                                                                                    |  0/1 Time: 0:09:292019-09-17 12:52:26,169 [grpc-default-executor-4] INFO  client.GrpcClientProtocolClient (GrpcClientProtocolClient.java:onNext(264)) - client-B24658765329->84ab4d91-000c-4523-9c5f-2c204b5f6601: receive RaftClientReply:client-B24658765329->84ab4d91-000c-4523-9c5f-2c204b5f6601@group-869F42A7192E, cid=153, FAILED org.apache.ratis.protocol.NotLeaderException: Server 84ab4d91-000c-4523-9c5f-2c204b5f6601@group-869F42A7192E is not the leader 5e893e0a-56f7-4618-9f46-a6ff48173cb6:192.168.5.153:37060, logIndex=0, commits[84ab4d91-000c-4523-9c5f-2c204b5f6601:c16, 5e893e0a-56f7-4618-9f46-a6ff48173cb6:c16, f7ede272-a28a-44e0-9552-15581fc2de04:c12]
 0.00% |█                                                                                                    |  0/1 Time: 0:09:302019-09-17 12:52:26,853 [org.apache.ratis.server.impl.LogAppender$AppenderDaemon$$Lambda$509/159327213@6e915ccd] ERROR ratis.XceiverServerRatis (XceiverServerRatis.java:triggerPipelineClose(575)) - pipeline Action CLOSE  on pipeline PipelineID=beaf19c3-da84-45d5-96c5-869f42a7192e.Reason : 5e893e0a-56f7-4618-9f46-a6ff48173cb6 has not seen follower/s 84ab4d91-000c-4523-9c5f-2c204b5f6601 for 172231ms f7ede272-a28a-44e0-9552-15581fc2de04 for 172230ms
2019-09-17 12:52:26,853 [org.apache.ratis.server.impl.LogAppender$AppenderDaemon$$Lambda$509/159327213@81edd1c] ERROR ratis.XceiverServerRatis (XceiverServerRatis.java:triggerPipelineClose(575)) - pipeline Action CLOSE  on pipeline PipelineID=beaf19c3-da84-45d5-96c5-869f42a7192e.Reason : 5e893e0a-56f7-4618-9f46-a6ff48173cb6 has not seen follower/s 84ab4d91-000c-4523-9c5f-2c204b5f6601 for 172231ms f7ede272-a28a-44e0-9552-15581fc2de04 for 172230ms
2019-09-17 12:52:27,352 [java.util.concurrent.ThreadPoolExecutor$Worker@70b491f[State = -1, empty queue]] WARN  server.GrpcLogAppender (GrpcLogAppender.java:timeoutAppendRequest(200)) - 5e893e0a-56f7-4618-9f46-a6ff48173cb6@group-869F42A7192E->84ab4d91-000c-4523-9c5f-2c204b5f6601-GrpcLogAppender: appendEntries Timeout, request=5e893e0a-56f7-4618-9f46-a6ff48173cb6->84ab4d91-000c-4523-9c5f-2c204b5f6601#101-t1, previous=(t:1, i:21), leaderCommit=16, initializing? false, entries: <empty>
2019-09-17 12:52:27,352 [java.util.concurrent.ThreadPoolExecutor$Worker@baf429f[State = -1, empty queue]] WARN  server.GrpcLogAppender (GrpcLogAppender.java:timeoutAppendRequest(200)) - 5e893e0a-56f7-4618-9f46-a6ff48173cb6@group-869F42A7192E->f7ede272-a28a-44e0-9552-15581fc2de04-GrpcLogAppender: appendEntries Timeout, request=5e893e0a-56f7-4618-9f46-a6ff48173cb6->f7ede272-a28a-44e0-9552-15581fc2de04#101-t1, previous=(t:1, i:21), leaderCommit=16, initializing? false, entries: <empty>
 0.00% |█                                                                                                    |  0/1 Time: 0:09:312019-09-17 12:52:27,839 [EventQueue-PipelineActionsForPipelineActionHandler] ERROR pipeline.PipelineActionHandler (PipelineActionHandler.java:onMessage(60)) - Received pipeline action CLOSE for Pipeline[ Id: beaf19c3-da84-45d5-96c5-869f42a7192e, Nodes: 5e893e0a-56f7-4618-9f46-a6ff48173cb6{ip: 192.168.5.153, host: pr-hdds-2137-trunk-mnh2s-3748177197, networkLocation: /default-rack, certSerialId: null}84ab4d91-000c-4523-9c5f-2c204b5f6601{ip: 192.168.5.153, host: pr-hdds-2137-trunk-mnh2s-3748177197, networkLocation: /default-rack, certSerialId: null}f7ede272-a28a-44e0-9552-15581fc2de04{ip: 192.168.5.153, host: pr-hdds-2137-trunk-mnh2s-3748177197, networkLocation: /default-rack, certSerialId: null}, Type:RATIS, Factor:THREE, State:CLOSED] from datanode 5e893e0a-56f7-4618-9f46-a6ff48173cb6{ip: 192.168.5.153, host: pr-hdds-2137-trunk-mnh2s-3748177197, networkLocation: /default-rack, certSerialId: null}. Reason : 5e893e0a-56f7-4618-9f46-a6ff48173cb6 has not seen follower/s 84ab4d91-000c-4523-9c5f-2c204b5f6601 for 172231ms f7ede272-a28a-44e0-9552-15581fc2de04 for 172230ms
2019-09-17 12:52:27,840 [EventQueue-PipelineActionsForPipelineActionHandler] INFO  pipeline.SCMPipelineManager (SCMPipelineManager.java:finalizeAndDestroyPipeline(311)) - destroying pipeline:Pipeline[ Id: beaf19c3-da84-45d5-96c5-869f42a7192e, Nodes: 5e893e0a-56f7-4618-9f46-a6ff48173cb6{ip: 192.168.5.153, host: pr-hdds-2137-trunk-mnh2s-3748177197, networkLocation: /default-rack, certSerialId: null}84ab4d91-000c-4523-9c5f-2c204b5f6601{ip: 192.168.5.153, host: pr-hdds-2137-trunk-mnh2s-3748177197, networkLocation: /default-rack, certSerialId: null}f7ede272-a28a-44e0-9552-15581fc2de04{ip: 192.168.5.153, host: pr-hdds-2137-trunk-mnh2s-3748177197, networkLocation: /default-rack, certSerialId: null}, Type:RATIS, Factor:THREE, State:CLOSED]
 0.00% |█                                                                                                    |  0/1 Time: 0:09:322019-09-17 12:52:29,354 [org.apache.ratis.server.impl.LogAppender$AppenderDaemon$$Lambda$509/159327213@81edd1c] ERROR ratis.XceiverServerRatis (XceiverServerRatis.java:triggerPipelineClose(575)) - pipeline Action CLOSE  on pipeline PipelineID=beaf19c3-da84-45d5-96c5-869f42a7192e.Reason : 5e893e0a-56f7-4618-9f46-a6ff48173cb6 has not seen follower/s 84ab4d91-000c-4523-9c5f-2c204b5f6601 for 174732ms f7ede272-a28a-44e0-9552-15581fc2de04 for 174731ms
2019-09-17 12:52:29,354 [org.apache.ratis.server.impl.LogAppender$AppenderDaemon$$Lambda$509/159327213@6e915ccd] ERROR ratis.XceiverServerRatis (XceiverServerRatis.java:triggerPipelineClose(575)) - pipeline Action CLOSE  on pipeline PipelineID=beaf19c3-da84-45d5-96c5-869f42a7192e.Reason : 5e893e0a-56f7-4618-9f46-a6ff48173cb6 has not seen follower/s 84ab4d91-000c-4523-9c5f-2c204b5f6601 for 174732ms f7ede272-a28a-44e0-9552-15581fc2de04 for 174731ms
 0.00% |█                                                                                                    |  0/1 Time: 0:09:332019-09-17 12:52:29,837 [EventQueue-PipelineActionsForPipelineActionHandler] ERROR pipeline.PipelineActionHandler (PipelineActionHandler.java:onMessage(60)) - Received pipeline action CLOSE for Pipeline[ Id: beaf19c3-da84-45d5-96c5-869f42a7192e, Nodes: 5e893e0a-56f7-4618-9f46-a6ff48173cb6{ip: 192.168.5.153, host: pr-hdds-2137-trunk-mnh2s-3748177197, networkLocation: /default-rack, certSerialId: null}84ab4d91-000c-4523-9c5f-2c204b5f6601{ip: 192.168.5.153, host: pr-hdds-2137-trunk-mnh2s-3748177197, networkLocation: /default-rack, certSerialId: null}f7ede272-a28a-44e0-9552-15581fc2de04{ip: 192.168.5.153, host: pr-hdds-2137-trunk-mnh2s-3748177197, networkLocation: /default-rack, certSerialId: null}, Type:RATIS, Factor:THREE, State:CLOSED] from datanode 5e893e0a-56f7-4618-9f46-a6ff48173cb6{ip: 192.168.5.153, host: pr-hdds-2137-trunk-mnh2s-3748177197, networkLocation: /default-rack, certSerialId: null}. Reason : 5e893e0a-56f7-4618-9f46-a6ff48173cb6 has not seen follower/s 84ab4d91-000c-4523-9c5f-2c204b5f6601 for 174732ms f7ede272-a28a-44e0-9552-15581fc2de04 for 174731ms
2019-09-17 12:52:29,838 [EventQueue-PipelineActionsForPipelineActionHandler] INFO  pipeline.SCMPipelineManager (SCMPipelineManager.java:finalizeAndDestroyPipeline(311)) - destroying pipeline:Pipeline[ Id: beaf19c3-da84-45d5-96c5-869f42a7192e, Nodes: 5e893e0a-56f7-4618-9f46-a6ff48173cb6{ip: 192.168.5.153, host: pr-hdds-2137-trunk-mnh2s-3748177197, networkLocation: /default-rack, certSerialId: null}84ab4d91-000c-4523-9c5f-2c204b5f6601{ip: 192.168.5.153, host: pr-hdds-2137-trunk-mnh2s-3748177197, networkLocation: /default-rack, certSerialId: null}f7ede272-a28a-44e0-9552-15581fc2de04{ip: 192.168.5.153, host: pr-hdds-2137-trunk-mnh2s-3748177197, networkLocation: /default-rack, certSerialId: null}, Type:RATIS, Factor:THREE, State:CLOSED]
2019-09-17 12:52:29,852 [java.util.concurrent.ThreadPoolExecutor$Worker@baf429f[State = -1, empty queue]] WARN  server.GrpcLogAppender (GrpcLogAppender.java:timeoutAppendRequest(200)) - 5e893e0a-56f7-4618-9f46-a6ff48173cb6@group-869F42A7192E->f7ede272-a28a-44e0-9552-15581fc2de04-GrpcLogAppender: appendEntries Timeout, request=5e893e0a-56f7-4618-9f46-a6ff48173cb6->f7ede272-a28a-44e0-9552-15581fc2de04#102-t1, previous=(t:1, i:21), leaderCommit=16, initializing? false, entries: <empty>
2019-09-17 12:52:29,853 [java.util.concurrent.ThreadPoolExecutor$Worker@70b491f[State = -1, empty queue]] WARN  server.GrpcLogAppender (GrpcLogAppender.java:timeoutAppendRequest(200)) - 5e893e0a-56f7-4618-9f46-a6ff48173cb6@group-869F42A7192E->84ab4d91-000c-4523-9c5f-2c204b5f6601-GrpcLogAppender: appendEntries Timeout, request=5e893e0a-56f7-4618-9f46-a6ff48173cb6->84ab4d91-000c-4523-9c5f-2c204b5f6601#102-t1, previous=(t:1, i:21), leaderCommit=16, initializing? false, entries: <empty>
 0.00% |█                                                                                                    |  0/1 Time: 0:09:342019-09-17 12:52:31,221 [grpc-default-executor-5] INFO  client.GrpcClientProtocolClient (GrpcClientProtocolClient.java:onNext(264)) - client-B24658765329->f7ede272-a28a-44e0-9552-15581fc2de04: receive RaftClientReply:client-B24658765329->f7ede272-a28a-44e0-9552-15581fc2de04@group-869F42A7192E, cid=153, FAILED org.apache.ratis.protocol.NotLeaderException: Server f7ede272-a28a-44e0-9552-15581fc2de04@group-869F42A7192E is not the leader 5e893e0a-56f7-4618-9f46-a6ff48173cb6:192.168.5.153:37060, logIndex=0, commits[f7ede272-a28a-44e0-9552-15581fc2de04:c16, 5e893e0a-56f7-4618-9f46-a6ff48173cb6:c16, 84ab4d91-000c-4523-9c5f-2c204b5f6601:c12]
 0.00% |█                                                                                                    |  0/1 Time: 0:09:352019-09-17 12:52:31,856 [org.apache.ratis.server.impl.LogAppender$AppenderDaemon$$Lambda$509/159327213@6e915ccd] ERROR ratis.XceiverServerRatis (XceiverServerRatis.java:triggerPipelineClose(575)) - pipeline Action CLOSE  on pipeline PipelineID=beaf19c3-da84-45d5-96c5-869f42a7192e.Reason : 5e893e0a-56f7-4618-9f46-a6ff48173cb6 has not seen follower/s 84ab4d91-000c-4523-9c5f-2c204b5f6601 for 177234ms f7ede272-a28a-44e0-9552-15581fc2de04 for 177233ms
2019-09-17 12:52:31,856 [org.apache.ratis.server.impl.LogAppender$AppenderDaemon$$Lambda$509/159327213@81edd1c] ERROR ratis.XceiverServerRatis (XceiverServerRatis.java:triggerPipelineClose(575)) - pipeline Action CLOSE  on pipeline PipelineID=beaf19c3-da84-45d5-96c5-869f42a7192e.Reason : 5e893e0a-56f7-4618-9f46-a6ff48173cb6 has not seen follower/s 84ab4d91-000c-4523-9c5f-2c204b5f6601 for 177234ms f7ede272-a28a-44e0-9552-15581fc2de04 for 177233ms
2019-09-17 12:52:32,354 [java.util.concurrent.ThreadPoolExecutor$Worker@70b491f[State = -1, empty queue]] WARN  server.GrpcLogAppender (GrpcLogAppender.java:timeoutAppendRequest(200)) - 5e893e0a-56f7-4618-9f46-a6ff48173cb6@group-869F42A7192E->84ab4d91-000c-4523-9c5f-2c204b5f6601-GrpcLogAppender: appendEntries Timeout, request=5e893e0a-56f7-4618-9f46-a6ff48173cb6->84ab4d91-000c-4523-9c5f-2c204b5f6601#103-t1, previous=(t:1, i:21), leaderCommit=16, initializing? false, entries: <empty>
2019-09-17 12:52:32,354 [java.util.concurrent.ThreadPoolExecutor$Worker@baf429f[State = -1, empty queue]] WARN  server.GrpcLogAppender (GrpcLogAppender.java:timeoutAppendRequest(200)) - 5e893e0a-56f7-4618-9f46-a6ff48173cb6@group-869F42A7192E->f7ede272-a28a-44e0-9552-15581fc2de04-GrpcLogAppender: appendEntries Timeout, request=5e893e0a-56f7-4618-9f46-a6ff48173cb6->f7ede272-a28a-44e0-9552-15581fc2de04#103-t1, previous=(t:1, i:21), leaderCommit=16, initializing? false, entries: <empty>
 0.00% |█                                                                                                    |  0/1 Time: 0:09:362019-09-17 12:52:32,839 [EventQueue-PipelineActionsForPipelineActionHandler] ERROR pipeline.PipelineActionHandler (PipelineActionHandler.java:onMessage(60)) - Received pipeline action CLOSE for Pipeline[ Id: beaf19c3-da84-45d5-96c5-869f42a7192e, Nodes: 5e893e0a-56f7-4618-9f46-a6ff48173cb6{ip: 192.168.5.153, host: pr-hdds-2137-trunk-mnh2s-3748177197, networkLocation: /default-rack, certSerialId: null}84ab4d91-000c-4523-9c5f-2c204b5f6601{ip: 192.168.5.153, host: pr-hdds-2137-trunk-mnh2s-3748177197, networkLocation: /default-rack, certSerialId: null}f7ede272-a28a-44e0-9552-15581fc2de04{ip: 192.168.5.153, host: pr-hdds-2137-trunk-mnh2s-3748177197, networkLocation: /default-rack, certSerialId: null}, Type:RATIS, Factor:THREE, State:CLOSED] from datanode 5e893e0a-56f7-4618-9f46-a6ff48173cb6{ip: 192.168.5.153, host: pr-hdds-2137-trunk-mnh2s-3748177197, networkLocation: /default-rack, certSerialId: null}. Reason : 5e893e0a-56f7-4618-9f46-a6ff48173cb6 has not seen follower/s 84ab4d91-000c-4523-9c5f-2c204b5f6601 for 177234ms f7ede272-a28a-44e0-9552-15581fc2de04 for 177233ms
2019-09-17 12:52:32,840 [EventQueue-PipelineActionsForPipelineActionHandler] INFO  pipeline.SCMPipelineManager (SCMPipelineManager.java:finalizeAndDestroyPipeline(311)) - destroying pipeline:Pipeline[ Id: beaf19c3-da84-45d5-96c5-869f42a7192e, Nodes: 5e893e0a-56f7-4618-9f46-a6ff48173cb6{ip: 192.168.5.153, host: pr-hdds-2137-trunk-mnh2s-3748177197, networkLocation: /default-rack, certSerialId: null}84ab4d91-000c-4523-9c5f-2c204b5f6601{ip: 192.168.5.153, host: pr-hdds-2137-trunk-mnh2s-3748177197, networkLocation: /default-rack, certSerialId: null}f7ede272-a28a-44e0-9552-15581fc2de04{ip: 192.168.5.153, host: pr-hdds-2137-trunk-mnh2s-3748177197, networkLocation: /default-rack, certSerialId: null}, Type:RATIS, Factor:THREE, State:CLOSED]
 0.00% |█                                                                                                    |  0/1 Time: 0:09:372019-09-17 12:52:34,356 [org.apache.ratis.server.impl.LogAppender$AppenderDaemon$$Lambda$509/159327213@81edd1c] ERROR ratis.XceiverServerRatis (XceiverServerRatis.java:triggerPipelineClose(575)) - pipeline Action CLOSE  on pipeline PipelineID=beaf19c3-da84-45d5-96c5-869f42a7192e.Reason : 5e893e0a-56f7-4618-9f46-a6ff48173cb6 has not seen follower/s 84ab4d91-000c-4523-9c5f-2c204b5f6601 for 179735ms f7ede272-a28a-44e0-9552-15581fc2de04 for 179733ms
2019-09-17 12:52:34,357 [org.apache.ratis.server.impl.LogAppender$AppenderDaemon$$Lambda$509/159327213@6e915ccd] ERROR ratis.XceiverServerRatis (XceiverServerRatis.java:triggerPipelineClose(575)) - pipeline Action CLOSE  on pipeline PipelineID=beaf19c3-da84-45d5-96c5-869f42a7192e.Reason : 5e893e0a-56f7-4618-9f46-a6ff48173cb6 has not seen follower/s 84ab4d91-000c-4523-9c5f-2c204b5f6601 for 179735ms f7ede272-a28a-44e0-9552-15581fc2de04 for 179734ms
 0.00% |█                                                                                                    |  0/1 Time: 0:09:382019-09-17 12:52:34,668 [5e893e0a-56f7-4618-9f46-a6ff48173cb6@group-869F42A7192E-SegmentedRaftLogWorker] WARN  segmented.SegmentedRaftLogWorker (SegmentedRaftLogWorker.java:getFromFuture(90)) - Timeout 17/~
org.apache.ratis.protocol.TimeoutIOException: Timeout 10s: WriteLog:17: (t:1, i:17), STATEMACHINELOGENTRY, client-B24658765329, cid=153-writeStateMachineData
	at org.apache.ratis.util.IOUtils.getFromFuture(IOUtils.java:87)
	at org.apache.ratis.server.raftlog.segmented.SegmentedRaftLogWorker$StateMachineDataPolicy.getFromFuture(SegmentedRaftLogWorker.java:87)
	at org.apache.ratis.server.raftlog.segmented.SegmentedRaftLogWorker$WriteLog.execute(SegmentedRaftLogWorker.java:477)
	at org.apache.ratis.server.raftlog.segmented.SegmentedRaftLogWorker.run(SegmentedRaftLogWorker.java:289)
	at java.lang.Thread.run(Thread.java:748)
Caused by: java.util.concurrent.TimeoutException
	at java.util.concurrent.CompletableFuture.timedGet(CompletableFuture.java:1771)
	at java.util.concurrent.CompletableFuture.get(CompletableFuture.java:1915)
	at org.apache.ratis.util.IOUtils.getFromFuture(IOUtils.java:79)
	... 4 more
2019-09-17 12:52:34,684 [f7ede272-a28a-44e0-9552-15581fc2de04@group-869F42A7192E-SegmentedRaftLogWorker] WARN  segmented.SegmentedRaftLogWorker (SegmentedRaftLogWorker.java:getFromFuture(90)) - Timeout 17/~
org.apache.ratis.protocol.TimeoutIOException: Timeout 10s: WriteLog:17: (t:1, i:17), STATEMACHINELOGENTRY, client-B24658765329, cid=153-writeStateMachineData
	at org.apache.ratis.util.IOUtils.getFromFuture(IOUtils.java:87)
	at org.apache.ratis.server.raftlog.segmented.SegmentedRaftLogWorker$StateMachineDataPolicy.getFromFuture(SegmentedRaftLogWorker.java:87)
	at org.apache.ratis.server.raftlog.segmented.SegmentedRaftLogWorker$WriteLog.execute(SegmentedRaftLogWorker.java:477)
	at org.apache.ratis.server.raftlog.segmented.SegmentedRaftLogWorker.run(SegmentedRaftLogWorker.java:289)
	at java.lang.Thread.run(Thread.java:748)
Caused by: java.util.concurrent.TimeoutException
	at java.util.concurrent.CompletableFuture.timedGet(CompletableFuture.java:1771)
	at java.util.concurrent.CompletableFuture.get(CompletableFuture.java:1915)
	at org.apache.ratis.util.IOUtils.getFromFuture(IOUtils.java:79)
	... 4 more
2019-09-17 12:52:34,685 [84ab4d91-000c-4523-9c5f-2c204b5f6601@group-869F42A7192E-SegmentedRaftLogWorker] WARN  segmented.SegmentedRaftLogWorker (SegmentedRaftLogWorker.java:getFromFuture(90)) - Timeout 17/~
org.apache.ratis.protocol.TimeoutIOException: Timeout 10s: WriteLog:17: (t:1, i:17), STATEMACHINELOGENTRY, client-B24658765329, cid=153-writeStateMachineData
	at org.apache.ratis.util.IOUtils.getFromFuture(IOUtils.java:87)
	at org.apache.ratis.server.raftlog.segmented.SegmentedRaftLogWorker$StateMachineDataPolicy.getFromFuture(SegmentedRaftLogWorker.java:87)
	at org.apache.ratis.server.raftlog.segmented.SegmentedRaftLogWorker$WriteLog.execute(SegmentedRaftLogWorker.java:477)
	at org.apache.ratis.server.raftlog.segmented.SegmentedRaftLogWorker.run(SegmentedRaftLogWorker.java:289)
	at java.lang.Thread.run(Thread.java:748)
Caused by: java.util.concurrent.TimeoutException
	at java.util.concurrent.CompletableFuture.timedGet(CompletableFuture.java:1771)
	at java.util.concurrent.CompletableFuture.get(CompletableFuture.java:1915)
	at org.apache.ratis.util.IOUtils.getFromFuture(IOUtils.java:79)
	... 4 more
2019-09-17 12:52:34,839 [EventQueue-PipelineActionsForPipelineActionHandler] ERROR pipeline.PipelineActionHandler (PipelineActionHandler.java:onMessage(60)) - Received pipeline action CLOSE for Pipeline[ Id: beaf19c3-da84-45d5-96c5-869f42a7192e, Nodes: 5e893e0a-56f7-4618-9f46-a6ff48173cb6{ip: 192.168.5.153, host: pr-hdds-2137-trunk-mnh2s-3748177197, networkLocation: /default-rack, certSerialId: null}84ab4d91-000c-4523-9c5f-2c204b5f6601{ip: 192.168.5.153, host: pr-hdds-2137-trunk-mnh2s-3748177197, networkLocation: /default-rack, certSerialId: null}f7ede272-a28a-44e0-9552-15581fc2de04{ip: 192.168.5.153, host: pr-hdds-2137-trunk-mnh2s-3748177197, networkLocation: /default-rack, certSerialId: null}, Type:RATIS, Factor:THREE, State:CLOSED] from datanode 5e893e0a-56f7-4618-9f46-a6ff48173cb6{ip: 192.168.5.153, host: pr-hdds-2137-trunk-mnh2s-3748177197, networkLocation: /default-rack, certSerialId: null}. Reason : 5e893e0a-56f7-4618-9f46-a6ff48173cb6 has not seen follower/s 84ab4d91-000c-4523-9c5f-2c204b5f6601 for 179735ms f7ede272-a28a-44e0-9552-15581fc2de04 for 179733ms
2019-09-17 12:52:34,840 [EventQueue-PipelineActionsForPipelineActionHandler] INFO  pipeline.SCMPipelineManager (SCMPipelineManager.java:finalizeAndDestroyPipeline(311)) - destroying pipeline:Pipeline[ Id: beaf19c3-da84-45d5-96c5-869f42a7192e, Nodes: 5e893e0a-56f7-4618-9f46-a6ff48173cb6{ip: 192.168.5.153, host: pr-hdds-2137-trunk-mnh2s-3748177197, networkLocation: /default-rack, certSerialId: null}84ab4d91-000c-4523-9c5f-2c204b5f6601{ip: 192.168.5.153, host: pr-hdds-2137-trunk-mnh2s-3748177197, networkLocation: /default-rack, certSerialId: null}f7ede272-a28a-44e0-9552-15581fc2de04{ip: 192.168.5.153, host: pr-hdds-2137-trunk-mnh2s-3748177197, networkLocation: /default-rack, certSerialId: null}, Type:RATIS, Factor:THREE, State:CLOSED]
2019-09-17 12:52:34,856 [java.util.concurrent.ThreadPoolExecutor$Worker@baf429f[State = -1, empty queue]] WARN  server.GrpcLogAppender (GrpcLogAppender.java:timeoutAppendRequest(200)) - 5e893e0a-56f7-4618-9f46-a6ff48173cb6@group-869F42A7192E->f7ede272-a28a-44e0-9552-15581fc2de04-GrpcLogAppender: appendEntries Timeout, request=5e893e0a-56f7-4618-9f46-a6ff48173cb6->f7ede272-a28a-44e0-9552-15581fc2de04#104-t1, previous=(t:1, i:21), leaderCommit=16, initializing? false, entries: <empty>
2019-09-17 12:52:34,856 [java.util.concurrent.ThreadPoolExecutor$Worker@70b491f[State = -1, empty queue]] WARN  server.GrpcLogAppender (GrpcLogAppender.java:timeoutAppendRequest(200)) - 5e893e0a-56f7-4618-9f46-a6ff48173cb6@group-869F42A7192E->84ab4d91-000c-4523-9c5f-2c204b5f6601-GrpcLogAppender: appendEntries Timeout, request=5e893e0a-56f7-4618-9f46-a6ff48173cb6->84ab4d91-000c-4523-9c5f-2c204b5f6601#104-t1, previous=(t:1, i:21), leaderCommit=16, initializing? false, entries: <empty>
 0.00% |█                                                                                                    |  0/1 Time: 0:09:392019-09-17 12:52:36,270 [grpc-default-executor-5] INFO  client.GrpcClientProtocolClient (GrpcClientProtocolClient.java:onNext(264)) - client-B24658765329->f7ede272-a28a-44e0-9552-15581fc2de04: receive RaftClientReply:client-B24658765329->f7ede272-a28a-44e0-9552-15581fc2de04@group-869F42A7192E, cid=153, FAILED org.apache.ratis.protocol.NotLeaderException: Server f7ede272-a28a-44e0-9552-15581fc2de04@group-869F42A7192E is not the leader 5e893e0a-56f7-4618-9f46-a6ff48173cb6:192.168.5.153:37060, logIndex=0, commits[f7ede272-a28a-44e0-9552-15581fc2de04:c16, 5e893e0a-56f7-4618-9f46-a6ff48173cb6:c16, 84ab4d91-000c-4523-9c5f-2c204b5f6601:c12]
 0.00% |█                                                                                                    |  0/1 Time: 0:09:402019-09-17 12:52:36,858 [org.apache.ratis.server.impl.LogAppender$AppenderDaemon$$Lambda$509/159327213@6e915ccd] ERROR ratis.XceiverServerRatis (XceiverServerRatis.java:triggerPipelineClose(575)) - pipeline Action CLOSE  on pipeline PipelineID=beaf19c3-da84-45d5-96c5-869f42a7192e.Reason : 5e893e0a-56f7-4618-9f46-a6ff48173cb6 has not seen follower/s 84ab4d91-000c-4523-9c5f-2c204b5f6601 for 182236ms f7ede272-a28a-44e0-9552-15581fc2de04 for 182235ms
2019-09-17 12:52:36,858 [org.apache.ratis.server.impl.LogAppender$AppenderDaemon$$Lambda$509/159327213@81edd1c] ERROR ratis.XceiverServerRatis (XceiverServerRatis.java:triggerPipelineClose(575)) - pipeline Action CLOSE  on pipeline PipelineID=beaf19c3-da84-45d5-96c5-869f42a7192e.Reason : 5e893e0a-56f7-4618-9f46-a6ff48173cb6 has not seen follower/s 84ab4d91-000c-4523-9c5f-2c204b5f6601 for 182236ms f7ede272-a28a-44e0-9552-15581fc2de04 for 182235ms
2019-09-17 12:52:37,356 [java.util.concurrent.ThreadPoolExecutor$Worker@70b491f[State = -1, empty queue]] WARN  server.GrpcLogAppender (GrpcLogAppender.java:timeoutAppendRequest(200)) - 5e893e0a-56f7-4618-9f46-a6ff48173cb6@group-869F42A7192E->84ab4d91-000c-4523-9c5f-2c204b5f6601-GrpcLogAppender: appendEntries Timeout, request=5e893e0a-56f7-4618-9f46-a6ff48173cb6->84ab4d91-000c-4523-9c5f-2c204b5f6601#105-t1, previous=(t:1, i:21), leaderCommit=16, initializing? false, entries: <empty>
2019-09-17 12:52:37,357 [java.util.concurrent.ThreadPoolExecutor$Worker@baf429f[State = -1, empty queue]] WARN  server.GrpcLogAppender (GrpcLogAppender.java:timeoutAppendRequest(200)) - 5e893e0a-56f7-4618-9f46-a6ff48173cb6@group-869F42A7192E->f7ede272-a28a-44e0-9552-15581fc2de04-GrpcLogAppender: appendEntries Timeout, request=5e893e0a-56f7-4618-9f46-a6ff48173cb6->f7ede272-a28a-44e0-9552-15581fc2de04#105-t1, previous=(t:1, i:21), leaderCommit=16, initializing? false, entries: <empty>
 0.00% |█                                                                                                    |  0/1 Time: 0:09:412019-09-17 12:52:37,842 [EventQueue-PipelineActionsForPipelineActionHandler] ERROR pipeline.PipelineActionHandler (PipelineActionHandler.java:onMessage(60)) - Received pipeline action CLOSE for Pipeline[ Id: beaf19c3-da84-45d5-96c5-869f42a7192e, Nodes: 5e893e0a-56f7-4618-9f46-a6ff48173cb6{ip: 192.168.5.153, host: pr-hdds-2137-trunk-mnh2s-3748177197, networkLocation: /default-rack, certSerialId: null}84ab4d91-000c-4523-9c5f-2c204b5f6601{ip: 192.168.5.153, host: pr-hdds-2137-trunk-mnh2s-3748177197, networkLocation: /default-rack, certSerialId: null}f7ede272-a28a-44e0-9552-15581fc2de04{ip: 192.168.5.153, host: pr-hdds-2137-trunk-mnh2s-3748177197, networkLocation: /default-rack, certSerialId: null}, Type:RATIS, Factor:THREE, State:CLOSED] from datanode 5e893e0a-56f7-4618-9f46-a6ff48173cb6{ip: 192.168.5.153, host: pr-hdds-2137-trunk-mnh2s-3748177197, networkLocation: /default-rack, certSerialId: null}. Reason : 5e893e0a-56f7-4618-9f46-a6ff48173cb6 has not seen follower/s 84ab4d91-000c-4523-9c5f-2c204b5f6601 for 182236ms f7ede272-a28a-44e0-9552-15581fc2de04 for 182235ms
2019-09-17 12:52:37,842 [EventQueue-PipelineActionsForPipelineActionHandler] INFO  pipeline.SCMPipelineManager (SCMPipelineManager.java:finalizeAndDestroyPipeline(311)) - destroying pipeline:Pipeline[ Id: beaf19c3-da84-45d5-96c5-869f42a7192e, Nodes: 5e893e0a-56f7-4618-9f46-a6ff48173cb6{ip: 192.168.5.153, host: pr-hdds-2137-trunk-mnh2s-3748177197, networkLocation: /default-rack, certSerialId: null}84ab4d91-000c-4523-9c5f-2c204b5f6601{ip: 192.168.5.153, host: pr-hdds-2137-trunk-mnh2s-3748177197, networkLocation: /default-rack, certSerialId: null}f7ede272-a28a-44e0-9552-15581fc2de04{ip: 192.168.5.153, host: pr-hdds-2137-trunk-mnh2s-3748177197, networkLocation: /default-rack, certSerialId: null}, Type:RATIS, Factor:THREE, State:CLOSED]
 0.00% |█                                                                                                    |  0/1 Time: 0:09:422019-09-17 12:52:39,359 [org.apache.ratis.server.impl.LogAppender$AppenderDaemon$$Lambda$509/159327213@81edd1c] ERROR ratis.XceiverServerRatis (XceiverServerRatis.java:triggerPipelineClose(575)) - pipeline Action CLOSE  on pipeline PipelineID=beaf19c3-da84-45d5-96c5-869f42a7192e.Reason : 5e893e0a-56f7-4618-9f46-a6ff48173cb6 has not seen follower/s 84ab4d91-000c-4523-9c5f-2c204b5f6601 for 184737ms f7ede272-a28a-44e0-9552-15581fc2de04 for 184736ms
2019-09-17 12:52:39,359 [org.apache.ratis.server.impl.LogAppender$AppenderDaemon$$Lambda$509/159327213@6e915ccd] ERROR ratis.XceiverServerRatis (XceiverServerRatis.java:triggerPipelineClose(575)) - pipeline Action CLOSE  on pipeline PipelineID=beaf19c3-da84-45d5-96c5-869f42a7192e.Reason : 5e893e0a-56f7-4618-9f46-a6ff48173cb6 has not seen follower/s 84ab4d91-000c-4523-9c5f-2c204b5f6601 for 184737ms f7ede272-a28a-44e0-9552-15581fc2de04 for 184736ms
 0.00% |█                                                                                                    |  0/1 Time: 0:09:432019-09-17 12:52:39,843 [EventQueue-PipelineActionsForPipelineActionHandler] ERROR pipeline.PipelineActionHandler (PipelineActionHandler.java:onMessage(60)) - Received pipeline action CLOSE for Pipeline[ Id: beaf19c3-da84-45d5-96c5-869f42a7192e, Nodes: 5e893e0a-56f7-4618-9f46-a6ff48173cb6{ip: 192.168.5.153, host: pr-hdds-2137-trunk-mnh2s-3748177197, networkLocation: /default-rack, certSerialId: null}84ab4d91-000c-4523-9c5f-2c204b5f6601{ip: 192.168.5.153, host: pr-hdds-2137-trunk-mnh2s-3748177197, networkLocation: /default-rack, certSerialId: null}f7ede272-a28a-44e0-9552-15581fc2de04{ip: 192.168.5.153, host: pr-hdds-2137-trunk-mnh2s-3748177197, networkLocation: /default-rack, certSerialId: null}, Type:RATIS, Factor:THREE, State:CLOSED] from datanode 5e893e0a-56f7-4618-9f46-a6ff48173cb6{ip: 192.168.5.153, host: pr-hdds-2137-trunk-mnh2s-3748177197, networkLocation: /default-rack, certSerialId: null}. Reason : 5e893e0a-56f7-4618-9f46-a6ff48173cb6 has not seen follower/s 84ab4d91-000c-4523-9c5f-2c204b5f6601 for 184737ms f7ede272-a28a-44e0-9552-15581fc2de04 for 184736ms
2019-09-17 12:52:39,843 [EventQueue-PipelineActionsForPipelineActionHandler] INFO  pipeline.SCMPipelineManager (SCMPipelineManager.java:finalizeAndDestroyPipeline(311)) - destroying pipeline:Pipeline[ Id: beaf19c3-da84-45d5-96c5-869f42a7192e, Nodes: 5e893e0a-56f7-4618-9f46-a6ff48173cb6{ip: 192.168.5.153, host: pr-hdds-2137-trunk-mnh2s-3748177197, networkLocation: /default-rack, certSerialId: null}84ab4d91-000c-4523-9c5f-2c204b5f6601{ip: 192.168.5.153, host: pr-hdds-2137-trunk-mnh2s-3748177197, networkLocation: /default-rack, certSerialId: null}f7ede272-a28a-44e0-9552-15581fc2de04{ip: 192.168.5.153, host: pr-hdds-2137-trunk-mnh2s-3748177197, networkLocation: /default-rack, certSerialId: null}, Type:RATIS, Factor:THREE, State:CLOSED]
2019-09-17 12:52:39,858 [java.util.concurrent.ThreadPoolExecutor$Worker@baf429f[State = -1, empty queue]] WARN  server.GrpcLogAppender (GrpcLogAppender.java:timeoutAppendRequest(200)) - 5e893e0a-56f7-4618-9f46-a6ff48173cb6@group-869F42A7192E->f7ede272-a28a-44e0-9552-15581fc2de04-GrpcLogAppender: appendEntries Timeout, request=5e893e0a-56f7-4618-9f46-a6ff48173cb6->f7ede272-a28a-44e0-9552-15581fc2de04#106-t1, previous=(t:1, i:21), leaderCommit=16, initializing? false, entries: <empty>
2019-09-17 12:52:39,858 [java.util.concurrent.ThreadPoolExecutor$Worker@70b491f[State = -1, empty queue]] WARN  server.GrpcLogAppender (GrpcLogAppender.java:timeoutAppendRequest(200)) - 5e893e0a-56f7-4618-9f46-a6ff48173cb6@group-869F42A7192E->84ab4d91-000c-4523-9c5f-2c204b5f6601-GrpcLogAppender: appendEntries Timeout, request=5e893e0a-56f7-4618-9f46-a6ff48173cb6->84ab4d91-000c-4523-9c5f-2c204b5f6601#106-t1, previous=(t:1, i:21), leaderCommit=16, initializing? false, entries: <empty>
 0.00% |█                                                                                                    |  0/1 Time: 0:09:442019-09-17 12:52:40,817 [grpc-default-executor-6] INFO  impl.RaftServerProxy (RaftServerProxy.java:remove(95)) - 5e893e0a-56f7-4618-9f46-a6ff48173cb6: remove    LEADER 5e893e0a-56f7-4618-9f46-a6ff48173cb6@group-869F42A7192E:t1, leader=5e893e0a-56f7-4618-9f46-a6ff48173cb6, voted=5e893e0a-56f7-4618-9f46-a6ff48173cb6, raftlog=5e893e0a-56f7-4618-9f46-a6ff48173cb6@group-869F42A7192E-SegmentedRaftLog:OPENED:c16,f16,i21, conf=0: [5e893e0a-56f7-4618-9f46-a6ff48173cb6:192.168.5.153:37060, 84ab4d91-000c-4523-9c5f-2c204b5f6601:192.168.5.153:39178, f7ede272-a28a-44e0-9552-15581fc2de04:192.168.5.153:38263], old=null RUNNING
2019-09-17 12:52:40,818 [grpc-default-executor-6] INFO  impl.RaftServerImpl (RaftServerImpl.java:lambda$shutdown$3(251)) - 5e893e0a-56f7-4618-9f46-a6ff48173cb6@group-869F42A7192E: shutdown
2019-09-17 12:52:40,818 [grpc-default-executor-6] INFO  util.JmxRegister (JmxRegister.java:unregister(73)) - Successfully un-registered JMX Bean with object name Ratis:service=RaftServer,group=group-869F42A7192E,id=5e893e0a-56f7-4618-9f46-a6ff48173cb6
2019-09-17 12:52:40,819 [grpc-default-executor-6] INFO  impl.RoleInfo (RoleInfo.java:shutdownLeaderState(104)) - 5e893e0a-56f7-4618-9f46-a6ff48173cb6: shutdown LeaderState
2019-09-17 12:52:40,823 [org.apache.ratis.server.impl.LogAppender$AppenderDaemon$$Lambda$509/159327213@81edd1c] WARN  server.GrpcLogAppender (GrpcLogAppender.java:mayWait(143)) - 5e893e0a-56f7-4618-9f46-a6ff48173cb6@group-869F42A7192E->84ab4d91-000c-4523-9c5f-2c204b5f6601-GrpcLogAppender: Wait interrupted by java.lang.InterruptedException
2019-09-17 12:52:40,823 [org.apache.ratis.server.impl.LogAppender$AppenderDaemon$$Lambda$509/159327213@6e915ccd] WARN  server.GrpcLogAppender (GrpcLogAppender.java:mayWait(143)) - 5e893e0a-56f7-4618-9f46-a6ff48173cb6@group-869F42A7192E->f7ede272-a28a-44e0-9552-15581fc2de04-GrpcLogAppender: Wait interrupted by java.lang.InterruptedException
2019-09-17 12:52:40,823 [grpc-default-executor-6] INFO  impl.PendingRequests (PendingRequests.java:sendNotLeaderResponses(202)) - 5e893e0a-56f7-4618-9f46-a6ff48173cb6-PendingRequests: sendNotLeaderResponses
2019-09-17 12:52:40,823 [grpc-default-executor-5] INFO  server.GrpcServerProtocolService (GrpcServerProtocolService.java:onCompleted(113)) - 84ab4d91-000c-4523-9c5f-2c204b5f6601: Completed APPEND_ENTRIES, lastRequest: 5e893e0a-56f7-4618-9f46-a6ff48173cb6->84ab4d91-000c-4523-9c5f-2c204b5f6601#107-t1, previous=(t:1, i:21), leaderCommit=16, initializing? false, entries: <empty>
2019-09-17 12:52:40,823 [grpc-default-executor-4] INFO  server.GrpcServerProtocolService (GrpcServerProtocolService.java:onCompleted(113)) - f7ede272-a28a-44e0-9552-15581fc2de04: Completed APPEND_ENTRIES, lastRequest: 5e893e0a-56f7-4618-9f46-a6ff48173cb6->f7ede272-a28a-44e0-9552-15581fc2de04#107-t1, previous=(t:1, i:21), leaderCommit=16, initializing? false, entries: <empty>
2019-09-17 12:52:40,825 [grpc-default-executor-5] INFO  server.GrpcLogAppender (GrpcLogAppender.java:onCompleted(293)) - 5e893e0a-56f7-4618-9f46-a6ff48173cb6@group-869F42A7192E->84ab4d91-000c-4523-9c5f-2c204b5f6601-AppendLogResponseHandler: follower responses appendEntries COMPLETED
2019-09-17 12:52:40,825 [grpc-default-executor-4] INFO  server.GrpcLogAppender (GrpcLogAppender.java:onCompleted(293)) - 5e893e0a-56f7-4618-9f46-a6ff48173cb6@group-869F42A7192E->f7ede272-a28a-44e0-9552-15581fc2de04-AppendLogResponseHandler: follower responses appendEntries COMPLETED
2019-09-17 12:52:40,829 [grpc-default-executor-5] INFO  impl.FollowerInfo (FollowerInfo.java:lambda$new$0(51)) - 5e893e0a-56f7-4618-9f46-a6ff48173cb6@group-869F42A7192E->84ab4d91-000c-4523-9c5f-2c204b5f6601: nextIndex: updateUnconditionally 22 -> 17
2019-09-17 12:52:40,829 [5e893e0a-56f7-4618-9f46-a6ff48173cb6@group-869F42A7192E-StateMachineUpdater] INFO  ratis.ContainerStateMachine (ContainerStateMachine.java:takeSnapshot(289)) - group-869F42A7192E: Taking a snapshot at:(t:1, i:12) file /tmp/workdir/hadoop-ozone/tools/target/test-dir/MiniOzoneClusterImpl-50a1f6bc-759b-451e-a5dd-d4a59b2daa65/datanode-0/data/ratis/beaf19c3-da84-45d5-96c5-869f42a7192e/sm/snapshot.1_12
2019-09-17 12:52:40,829 [grpc-default-executor-6] INFO  impl.StateMachineUpdater (StateMachineUpdater.java:stopAndJoin(125)) - 5e893e0a-56f7-4618-9f46-a6ff48173cb6@group-869F42A7192E-StateMachineUpdater: set stopIndex = 16
2019-09-17 12:52:40,829 [grpc-default-executor-4] INFO  impl.FollowerInfo (FollowerInfo.java:lambda$new$0(51)) - 5e893e0a-56f7-4618-9f46-a6ff48173cb6@group-869F42A7192E->f7ede272-a28a-44e0-9552-15581fc2de04: nextIndex: updateUnconditionally 22 -> 17
2019-09-17 12:52:40,852 [5e893e0a-56f7-4618-9f46-a6ff48173cb6@group-869F42A7192E-StateMachineUpdater] INFO  ratis.ContainerStateMachine (ContainerStateMachine.java:takeSnapshot(300)) - group-869F42A7192E: Finished taking a snapshot at:(t:1, i:12) file:/tmp/workdir/hadoop-ozone/tools/target/test-dir/MiniOzoneClusterImpl-50a1f6bc-759b-451e-a5dd-d4a59b2daa65/datanode-0/data/ratis/beaf19c3-da84-45d5-96c5-869f42a7192e/sm/snapshot.1_12 time:23
2019-09-17 12:52:40,853 [5e893e0a-56f7-4618-9f46-a6ff48173cb6@group-869F42A7192E-StateMachineUpdater] INFO  impl.StateMachineUpdater (StateMachineUpdater.java:takeSnapshot(258)) - 5e893e0a-56f7-4618-9f46-a6ff48173cb6@group-869F42A7192E-StateMachineUpdater: Took a snapshot at index 12
2019-09-17 12:52:40,853 [Command processor thread] ERROR commandhandler.CloseContainerCommandHandler (CloseContainerCommandHandler.java:handle(125)) - Can't close container #7
java.io.IOException: org.apache.ratis.protocol.GroupMismatchException: 5e893e0a-56f7-4618-9f46-a6ff48173cb6: group-869F42A7192E not found.
	at org.apache.hadoop.ozone.container.common.transport.server.ratis.XceiverServerRatis.submitRequest(XceiverServerRatis.java:502)
	at org.apache.hadoop.ozone.container.common.statemachine.commandhandler.CloseContainerCommandHandler.handle(CloseContainerCommandHandler.java:102)
	at org.apache.hadoop.ozone.container.common.statemachine.commandhandler.CommandDispatcher.handle(CommandDispatcher.java:99)
	at org.apache.hadoop.ozone.container.common.statemachine.DatanodeStateMachine.lambda$initCommandHandlerThread$1(DatanodeStateMachine.java:432)
	at java.lang.Thread.run(Thread.java:748)
Caused by: java.util.concurrent.ExecutionException: org.apache.ratis.protocol.GroupMismatchException: 5e893e0a-56f7-4618-9f46-a6ff48173cb6: group-869F42A7192E not found.
	at java.util.concurrent.CompletableFuture.reportGet(CompletableFuture.java:357)
	at java.util.concurrent.CompletableFuture.get(CompletableFuture.java:1895)
	at org.apache.hadoop.ozone.container.common.transport.server.ratis.XceiverServerRatis.submitRequest(XceiverServerRatis.java:500)
	... 4 more
Caused by: org.apache.ratis.protocol.GroupMismatchException: 5e893e0a-56f7-4618-9f46-a6ff48173cb6: group-869F42A7192E not found.
	at org.apache.ratis.server.impl.RaftServerProxy$ImplMap.get(RaftServerProxy.java:122)
	at org.apache.ratis.server.impl.RaftServerProxy.getImplFuture(RaftServerProxy.java:269)
	at org.apache.ratis.server.impl.RaftServerProxy.submitRequest(RaftServerProxy.java:327)
	at org.apache.ratis.server.impl.RaftServerProxy.submitClientRequestAsync(RaftServerProxy.java:333)
	... 5 more
2019-09-17 12:52:40,853 [5e893e0a-56f7-4618-9f46-a6ff48173cb6@group-869F42A7192E-StateMachineUpdater] INFO  impl.StateMachineUpdater (StateMachineUpdater.java:lambda$new$0(83)) - 5e893e0a-56f7-4618-9f46-a6ff48173cb6@group-869F42A7192E-StateMachineUpdater: snapshotIndex: updateIncreasingly -1 -> 12
2019-09-17 12:52:40,854 [5e893e0a-56f7-4618-9f46-a6ff48173cb6@group-869F42A7192E-StateMachineUpdater] INFO  ratis.ContainerStateMachine (ContainerStateMachine.java:takeSnapshot(289)) - group-869F42A7192E: Taking a snapshot at:(t:1, i:12) file /tmp/workdir/hadoop-ozone/tools/target/test-dir/MiniOzoneClusterImpl-50a1f6bc-759b-451e-a5dd-d4a59b2daa65/datanode-0/data/ratis/beaf19c3-da84-45d5-96c5-869f42a7192e/sm/snapshot.1_12
2019-09-17 12:52:40,870 [5e893e0a-56f7-4618-9f46-a6ff48173cb6@group-869F42A7192E-StateMachineUpdater] INFO  ratis.ContainerStateMachine (ContainerStateMachine.java:takeSnapshot(300)) - group-869F42A7192E: Finished taking a snapshot at:(t:1, i:12) file:/tmp/workdir/hadoop-ozone/tools/target/test-dir/MiniOzoneClusterImpl-50a1f6bc-759b-451e-a5dd-d4a59b2daa65/datanode-0/data/ratis/beaf19c3-da84-45d5-96c5-869f42a7192e/sm/snapshot.1_12 time:16
2019-09-17 12:52:40,871 [5e893e0a-56f7-4618-9f46-a6ff48173cb6@group-869F42A7192E-StateMachineUpdater] INFO  impl.StateMachineUpdater (StateMachineUpdater.java:takeSnapshot(258)) - 5e893e0a-56f7-4618-9f46-a6ff48173cb6@group-869F42A7192E-StateMachineUpdater: Took a snapshot at index 12
2019-09-17 12:52:40,871 [5e893e0a-56f7-4618-9f46-a6ff48173cb6@group-869F42A7192E-StateMachineUpdater] INFO  impl.StateMachineUpdater (StateMachineUpdater.java:lambda$new$0(83)) - 5e893e0a-56f7-4618-9f46-a6ff48173cb6@group-869F42A7192E-StateMachineUpdater: snapshotIndex: updateIncreasingly 12 -> 12
2019-09-17 12:52:40,871 [grpc-default-executor-6] INFO  impl.RaftServerImpl (ServerState.java:close(385)) - 5e893e0a-56f7-4618-9f46-a6ff48173cb6@group-869F42A7192E: closes. applyIndex: 16
2019-09-17 12:52:40,872 [5e893e0a-56f7-4618-9f46-a6ff48173cb6@group-869F42A7192E-SegmentedRaftLogWorker] ERROR ratis.XceiverServerRatis (XceiverServerRatis.java:triggerPipelineClose(575)) - pipeline Action CLOSE  on pipeline PipelineID=beaf19c3-da84-45d5-96c5-869f42a7192e.Reason : WriteLog:17: (t:1, i:17), STATEMACHINELOGENTRY, client-B24658765329, cid=153-writeStateMachineData interrupted.
2019-09-17 12:52:40,874 [grpc-default-executor-6] INFO  segmented.SegmentedRaftLogWorker (SegmentedRaftLogWorker.java:close(228)) - 5e893e0a-56f7-4618-9f46-a6ff48173cb6@group-869F42A7192E-SegmentedRaftLogWorker close()
2019-09-17 12:52:40,876 [EventQueue-PipelineActionsForPipelineActionHandler] ERROR pipeline.PipelineActionHandler (PipelineActionHandler.java:onMessage(60)) - Received pipeline action CLOSE for Pipeline[ Id: beaf19c3-da84-45d5-96c5-869f42a7192e, Nodes: 5e893e0a-56f7-4618-9f46-a6ff48173cb6{ip: 192.168.5.153, host: pr-hdds-2137-trunk-mnh2s-3748177197, networkLocation: /default-rack, certSerialId: null}84ab4d91-000c-4523-9c5f-2c204b5f6601{ip: 192.168.5.153, host: pr-hdds-2137-trunk-mnh2s-3748177197, networkLocation: /default-rack, certSerialId: null}f7ede272-a28a-44e0-9552-15581fc2de04{ip: 192.168.5.153, host: pr-hdds-2137-trunk-mnh2s-3748177197, networkLocation: /default-rack, certSerialId: null}, Type:RATIS, Factor:THREE, State:CLOSED] from datanode 5e893e0a-56f7-4618-9f46-a6ff48173cb6{ip: 192.168.5.153, host: pr-hdds-2137-trunk-mnh2s-3748177197, networkLocation: /default-rack, certSerialId: null}. Reason : WriteLog:17: (t:1, i:17), STATEMACHINELOGENTRY, client-B24658765329, cid=153-writeStateMachineData interrupted.
2019-09-17 12:52:40,876 [EventQueue-PipelineActionsForPipelineActionHandler] INFO  pipeline.SCMPipelineManager (SCMPipelineManager.java:finalizeAndDestroyPipeline(311)) - destroying pipeline:Pipeline[ Id: beaf19c3-da84-45d5-96c5-869f42a7192e, Nodes: 5e893e0a-56f7-4618-9f46-a6ff48173cb6{ip: 192.168.5.153, host: pr-hdds-2137-trunk-mnh2s-3748177197, networkLocation: /default-rack, certSerialId: null}84ab4d91-000c-4523-9c5f-2c204b5f6601{ip: 192.168.5.153, host: pr-hdds-2137-trunk-mnh2s-3748177197, networkLocation: /default-rack, certSerialId: null}f7ede272-a28a-44e0-9552-15581fc2de04{ip: 192.168.5.153, host: pr-hdds-2137-trunk-mnh2s-3748177197, networkLocation: /default-rack, certSerialId: null}, Type:RATIS, Factor:THREE, State:CLOSED]
2019-09-17 12:52:40,896 [grpc-default-executor-6] INFO  interfaces.Container (KeyValueContainer.java:flushAndSyncDB(386)) - Container 6 is synced with bcsId 12.
2019-09-17 12:52:40,896 [grpc-default-executor-6] INFO  interfaces.Container (KeyValueContainer.java:flushAndSyncDB(386)) - Container 6 is synced with bcsId 12.
2019-09-17 12:52:40,926 [EventQueue-IncrementalContainerReportForIncrementalContainerReportHandler] INFO  container.IncrementalContainerReportHandler (AbstractContainerReportHandler.java:updateContainerState(169)) - Moving container #6 to QUASI_CLOSED state, datanode 5e893e0a-56f7-4618-9f46-a6ff48173cb6{ip: 192.168.5.153, host: pr-hdds-2137-trunk-mnh2s-3748177197, networkLocation: /default-rack, certSerialId: null} reported QUASI_CLOSED replica.
2019-09-17 12:52:41,035 [grpc-default-executor-6] INFO  interfaces.Container (KeyValueContainer.java:flushAndSyncDB(386)) - Container 7 is synced with bcsId 0.
2019-09-17 12:52:41,035 [grpc-default-executor-6] INFO  interfaces.Container (KeyValueContainer.java:flushAndSyncDB(386)) - Container 7 is synced with bcsId 0.
2019-09-17 12:52:41,053 [EventQueue-IncrementalContainerReportForIncrementalContainerReportHandler] INFO  container.IncrementalContainerReportHandler (AbstractContainerReportHandler.java:updateContainerState(169)) - Moving container #7 to QUASI_CLOSED state, datanode 5e893e0a-56f7-4618-9f46-a6ff48173cb6{ip: 192.168.5.153, host: pr-hdds-2137-trunk-mnh2s-3748177197, networkLocation: /default-rack, certSerialId: null} reported QUASI_CLOSED replica.
2019-09-17 12:52:41,057 [grpc-default-executor-6] INFO  impl.RaftServerProxy (RaftServerProxy.java:remove(95)) - 84ab4d91-000c-4523-9c5f-2c204b5f6601: remove  FOLLOWER 84ab4d91-000c-4523-9c5f-2c204b5f6601@group-869F42A7192E:t1, leader=5e893e0a-56f7-4618-9f46-a6ff48173cb6, voted=5e893e0a-56f7-4618-9f46-a6ff48173cb6, raftlog=84ab4d91-000c-4523-9c5f-2c204b5f6601@group-869F42A7192E-SegmentedRaftLog:OPENED:c16,f16,i21, conf=0: [5e893e0a-56f7-4618-9f46-a6ff48173cb6:192.168.5.153:37060, 84ab4d91-000c-4523-9c5f-2c204b5f6601:192.168.5.153:39178, f7ede272-a28a-44e0-9552-15581fc2de04:192.168.5.153:38263], old=null RUNNING
2019-09-17 12:52:41,057 [grpc-default-executor-6] INFO  impl.RaftServerImpl (RaftServerImpl.java:lambda$shutdown$3(251)) - 84ab4d91-000c-4523-9c5f-2c204b5f6601@group-869F42A7192E: shutdown
2019-09-17 12:52:41,057 [grpc-default-executor-6] INFO  util.JmxRegister (JmxRegister.java:unregister(73)) - Successfully un-registered JMX Bean with object name Ratis:service=RaftServer,group=group-869F42A7192E,id=84ab4d91-000c-4523-9c5f-2c204b5f6601
2019-09-17 12:52:41,057 [grpc-default-executor-6] INFO  impl.RoleInfo (RoleInfo.java:shutdownFollowerState(121)) - 84ab4d91-000c-4523-9c5f-2c204b5f6601: shutdown FollowerState
2019-09-17 12:52:41,058 [grpc-default-executor-6] INFO  impl.StateMachineUpdater (StateMachineUpdater.java:stopAndJoin(125)) - 84ab4d91-000c-4523-9c5f-2c204b5f6601@group-869F42A7192E-StateMachineUpdater: set stopIndex = 16
2019-09-17 12:52:41,058 [Thread-1067] INFO  impl.FollowerState (FollowerState.java:run(115)) - 84ab4d91-000c-4523-9c5f-2c204b5f6601: FollowerState was interrupted: java.lang.InterruptedException: sleep interrupted
2019-09-17 12:52:41,058 [84ab4d91-000c-4523-9c5f-2c204b5f6601@group-869F42A7192E-StateMachineUpdater] INFO  ratis.ContainerStateMachine (ContainerStateMachine.java:takeSnapshot(289)) - group-869F42A7192E: Taking a snapshot at:(t:1, i:12) file /tmp/workdir/hadoop-ozone/tools/target/test-dir/MiniOzoneClusterImpl-50a1f6bc-759b-451e-a5dd-d4a59b2daa65/datanode-1/data/ratis/beaf19c3-da84-45d5-96c5-869f42a7192e/sm/snapshot.1_12
2019-09-17 12:52:41,096 [84ab4d91-000c-4523-9c5f-2c204b5f6601@group-869F42A7192E-StateMachineUpdater] INFO  ratis.ContainerStateMachine (ContainerStateMachine.java:takeSnapshot(300)) - group-869F42A7192E: Finished taking a snapshot at:(t:1, i:12) file:/tmp/workdir/hadoop-ozone/tools/target/test-dir/MiniOzoneClusterImpl-50a1f6bc-759b-451e-a5dd-d4a59b2daa65/datanode-1/data/ratis/beaf19c3-da84-45d5-96c5-869f42a7192e/sm/snapshot.1_12 time:39
2019-09-17 12:52:41,096 [84ab4d91-000c-4523-9c5f-2c204b5f6601@group-869F42A7192E-StateMachineUpdater] INFO  impl.StateMachineUpdater (StateMachineUpdater.java:takeSnapshot(258)) - 84ab4d91-000c-4523-9c5f-2c204b5f6601@group-869F42A7192E-StateMachineUpdater: Took a snapshot at index 12
2019-09-17 12:52:41,096 [84ab4d91-000c-4523-9c5f-2c204b5f6601@group-869F42A7192E-StateMachineUpdater] INFO  impl.StateMachineUpdater (StateMachineUpdater.java:lambda$new$0(83)) - 84ab4d91-000c-4523-9c5f-2c204b5f6601@group-869F42A7192E-StateMachineUpdater: snapshotIndex: updateIncreasingly -1 -> 12
2019-09-17 12:52:41,097 [84ab4d91-000c-4523-9c5f-2c204b5f6601@group-869F42A7192E-StateMachineUpdater] INFO  ratis.ContainerStateMachine (ContainerStateMachine.java:takeSnapshot(289)) - group-869F42A7192E: Taking a snapshot at:(t:1, i:12) file /tmp/workdir/hadoop-ozone/tools/target/test-dir/MiniOzoneClusterImpl-50a1f6bc-759b-451e-a5dd-d4a59b2daa65/datanode-1/data/ratis/beaf19c3-da84-45d5-96c5-869f42a7192e/sm/snapshot.1_12
2019-09-17 12:52:41,113 [84ab4d91-000c-4523-9c5f-2c204b5f6601@group-869F42A7192E-StateMachineUpdater] INFO  ratis.ContainerStateMachine (ContainerStateMachine.java:takeSnapshot(300)) - group-869F42A7192E: Finished taking a snapshot at:(t:1, i:12) file:/tmp/workdir/hadoop-ozone/tools/target/test-dir/MiniOzoneClusterImpl-50a1f6bc-759b-451e-a5dd-d4a59b2daa65/datanode-1/data/ratis/beaf19c3-da84-45d5-96c5-869f42a7192e/sm/snapshot.1_12 time:17
2019-09-17 12:52:41,113 [84ab4d91-000c-4523-9c5f-2c204b5f6601@group-869F42A7192E-StateMachineUpdater] INFO  impl.StateMachineUpdater (StateMachineUpdater.java:takeSnapshot(258)) - 84ab4d91-000c-4523-9c5f-2c204b5f6601@group-869F42A7192E-StateMachineUpdater: Took a snapshot at index 12
2019-09-17 12:52:41,113 [84ab4d91-000c-4523-9c5f-2c204b5f6601@group-869F42A7192E-StateMachineUpdater] INFO  impl.StateMachineUpdater (StateMachineUpdater.java:lambda$new$0(83)) - 84ab4d91-000c-4523-9c5f-2c204b5f6601@group-869F42A7192E-StateMachineUpdater: snapshotIndex: updateIncreasingly 12 -> 12
2019-09-17 12:52:41,113 [grpc-default-executor-6] INFO  impl.RaftServerImpl (ServerState.java:close(385)) - 84ab4d91-000c-4523-9c5f-2c204b5f6601@group-869F42A7192E: closes. applyIndex: 16
2019-09-17 12:52:41,114 [84ab4d91-000c-4523-9c5f-2c204b5f6601@group-869F42A7192E-SegmentedRaftLogWorker] ERROR ratis.XceiverServerRatis (XceiverServerRatis.java:triggerPipelineClose(575)) - pipeline Action CLOSE  on pipeline PipelineID=beaf19c3-da84-45d5-96c5-869f42a7192e.Reason : WriteLog:17: (t:1, i:17), STATEMACHINELOGENTRY, client-B24658765329, cid=153-writeStateMachineData interrupted.
2019-09-17 12:52:41,116 [grpc-default-executor-6] INFO  segmented.SegmentedRaftLogWorker (SegmentedRaftLogWorker.java:close(228)) - 84ab4d91-000c-4523-9c5f-2c204b5f6601@group-869F42A7192E-SegmentedRaftLogWorker close()
2019-09-17 12:52:41,119 [EventQueue-PipelineActionsForPipelineActionHandler] ERROR pipeline.PipelineActionHandler (PipelineActionHandler.java:onMessage(60)) - Received pipeline action CLOSE for Pipeline[ Id: beaf19c3-da84-45d5-96c5-869f42a7192e, Nodes: 5e893e0a-56f7-4618-9f46-a6ff48173cb6{ip: 192.168.5.153, host: pr-hdds-2137-trunk-mnh2s-3748177197, networkLocation: /default-rack, certSerialId: null}84ab4d91-000c-4523-9c5f-2c204b5f6601{ip: 192.168.5.153, host: pr-hdds-2137-trunk-mnh2s-3748177197, networkLocation: /default-rack, certSerialId: null}f7ede272-a28a-44e0-9552-15581fc2de04{ip: 192.168.5.153, host: pr-hdds-2137-trunk-mnh2s-3748177197, networkLocation: /default-rack, certSerialId: null}, Type:RATIS, Factor:THREE, State:CLOSED] from datanode 84ab4d91-000c-4523-9c5f-2c204b5f6601{ip: 192.168.5.153, host: pr-hdds-2137-trunk-mnh2s-3748177197, networkLocation: /default-rack, certSerialId: null}. Reason : WriteLog:17: (t:1, i:17), STATEMACHINELOGENTRY, client-B24658765329, cid=153-writeStateMachineData interrupted.
2019-09-17 12:52:41,119 [EventQueue-PipelineActionsForPipelineActionHandler] INFO  pipeline.SCMPipelineManager (SCMPipelineManager.java:finalizeAndDestroyPipeline(311)) - destroying pipeline:Pipeline[ Id: beaf19c3-da84-45d5-96c5-869f42a7192e, Nodes: 5e893e0a-56f7-4618-9f46-a6ff48173cb6{ip: 192.168.5.153, host: pr-hdds-2137-trunk-mnh2s-3748177197, networkLocation: /default-rack, certSerialId: null}84ab4d91-000c-4523-9c5f-2c204b5f6601{ip: 192.168.5.153, host: pr-hdds-2137-trunk-mnh2s-3748177197, networkLocation: /default-rack, certSerialId: null}f7ede272-a28a-44e0-9552-15581fc2de04{ip: 192.168.5.153, host: pr-hdds-2137-trunk-mnh2s-3748177197, networkLocation: /default-rack, certSerialId: null}, Type:RATIS, Factor:THREE, State:CLOSED]
2019-09-17 12:52:41,139 [grpc-default-executor-6] INFO  interfaces.Container (KeyValueContainer.java:flushAndSyncDB(386)) - Container 6 is synced with bcsId 12.
2019-09-17 12:52:41,139 [grpc-default-executor-6] INFO  interfaces.Container (KeyValueContainer.java:flushAndSyncDB(386)) - Container 6 is synced with bcsId 12.
2019-09-17 12:52:41,255 [grpc-default-executor-6] INFO  interfaces.Container (KeyValueContainer.java:flushAndSyncDB(386)) - Container 7 is synced with bcsId 0.
2019-09-17 12:52:41,256 [grpc-default-executor-6] INFO  interfaces.Container (KeyValueContainer.java:flushAndSyncDB(386)) - Container 7 is synced with bcsId 0.
2019-09-17 12:52:41,285 [grpc-default-executor-6] INFO  impl.RaftServerProxy (RaftServerProxy.java:remove(95)) - f7ede272-a28a-44e0-9552-15581fc2de04: remove  FOLLOWER f7ede272-a28a-44e0-9552-15581fc2de04@group-869F42A7192E:t1, leader=5e893e0a-56f7-4618-9f46-a6ff48173cb6, voted=5e893e0a-56f7-4618-9f46-a6ff48173cb6, raftlog=f7ede272-a28a-44e0-9552-15581fc2de04@group-869F42A7192E-SegmentedRaftLog:OPENED:c16,f16,i21, conf=0: [5e893e0a-56f7-4618-9f46-a6ff48173cb6:192.168.5.153:37060, 84ab4d91-000c-4523-9c5f-2c204b5f6601:192.168.5.153:39178, f7ede272-a28a-44e0-9552-15581fc2de04:192.168.5.153:38263], old=null RUNNING
2019-09-17 12:52:41,285 [grpc-default-executor-6] INFO  impl.RaftServerImpl (RaftServerImpl.java:lambda$shutdown$3(251)) - f7ede272-a28a-44e0-9552-15581fc2de04@group-869F42A7192E: shutdown
2019-09-17 12:52:41,285 [grpc-default-executor-6] INFO  util.JmxRegister (JmxRegister.java:unregister(73)) - Successfully un-registered JMX Bean with object name Ratis:service=RaftServer,group=group-869F42A7192E,id=f7ede272-a28a-44e0-9552-15581fc2de04
2019-09-17 12:52:41,285 [grpc-default-executor-6] INFO  impl.RoleInfo (RoleInfo.java:shutdownFollowerState(121)) - f7ede272-a28a-44e0-9552-15581fc2de04: shutdown FollowerState
2019-09-17 12:52:41,286 [grpc-default-executor-6] INFO  impl.StateMachineUpdater (StateMachineUpdater.java:stopAndJoin(125)) - f7ede272-a28a-44e0-9552-15581fc2de04@group-869F42A7192E-StateMachineUpdater: set stopIndex = 16
2019-09-17 12:52:41,286 [Thread-1066] INFO  impl.FollowerState (FollowerState.java:run(115)) - f7ede272-a28a-44e0-9552-15581fc2de04: FollowerState was interrupted: java.lang.InterruptedException: sleep interrupted
2019-09-17 12:52:41,286 [f7ede272-a28a-44e0-9552-15581fc2de04@group-869F42A7192E-StateMachineUpdater] INFO  ratis.ContainerStateMachine (ContainerStateMachine.java:takeSnapshot(289)) - group-869F42A7192E: Taking a snapshot at:(t:1, i:12) file /tmp/workdir/hadoop-ozone/tools/target/test-dir/MiniOzoneClusterImpl-50a1f6bc-759b-451e-a5dd-d4a59b2daa65/datanode-2/data/ratis/beaf19c3-da84-45d5-96c5-869f42a7192e/sm/snapshot.1_12
2019-09-17 12:52:41,304 [f7ede272-a28a-44e0-9552-15581fc2de04@group-869F42A7192E-StateMachineUpdater] INFO  ratis.ContainerStateMachine (ContainerStateMachine.java:takeSnapshot(300)) - group-869F42A7192E: Finished taking a snapshot at:(t:1, i:12) file:/tmp/workdir/hadoop-ozone/tools/target/test-dir/MiniOzoneClusterImpl-50a1f6bc-759b-451e-a5dd-d4a59b2daa65/datanode-2/data/ratis/beaf19c3-da84-45d5-96c5-869f42a7192e/sm/snapshot.1_12 time:17
2019-09-17 12:52:41,304 [f7ede272-a28a-44e0-9552-15581fc2de04@group-869F42A7192E-StateMachineUpdater] INFO  impl.StateMachineUpdater (StateMachineUpdater.java:takeSnapshot(258)) - f7ede272-a28a-44e0-9552-15581fc2de04@group-869F42A7192E-StateMachineUpdater: Took a snapshot at index 12
2019-09-17 12:52:41,304 [f7ede272-a28a-44e0-9552-15581fc2de04@group-869F42A7192E-StateMachineUpdater] INFO  impl.StateMachineUpdater (StateMachineUpdater.java:lambda$new$0(83)) - f7ede272-a28a-44e0-9552-15581fc2de04@group-869F42A7192E-StateMachineUpdater: snapshotIndex: updateIncreasingly -1 -> 12
2019-09-17 12:52:41,306 [f7ede272-a28a-44e0-9552-15581fc2de04@group-869F42A7192E-StateMachineUpdater] INFO  ratis.ContainerStateMachine (ContainerStateMachine.java:takeSnapshot(289)) - group-869F42A7192E: Taking a snapshot at:(t:1, i:12) file /tmp/workdir/hadoop-ozone/tools/target/test-dir/MiniOzoneClusterImpl-50a1f6bc-759b-451e-a5dd-d4a59b2daa65/datanode-2/data/ratis/beaf19c3-da84-45d5-96c5-869f42a7192e/sm/snapshot.1_12
2019-09-17 12:52:41,313 [pool-53-thread-3] WARN  io.KeyOutputStream (KeyOutputStream.java:handleException(276)) - Encountered exception java.io.IOException: Unexpected Storage Container Exception: java.util.concurrent.CompletionException: java.util.concurrent.CompletionException: org.apache.ratis.protocol.GroupMismatchException: 84ab4d91-000c-4523-9c5f-2c204b5f6601: group-869F42A7192E not found. on the pipeline Pipeline[ Id: beaf19c3-da84-45d5-96c5-869f42a7192e, Nodes: 5e893e0a-56f7-4618-9f46-a6ff48173cb6{ip: 192.168.5.153, host: pr-hdds-2137-trunk-mnh2s-3748177197, networkLocation: /default-rack, certSerialId: null}84ab4d91-000c-4523-9c5f-2c204b5f6601{ip: 192.168.5.153, host: pr-hdds-2137-trunk-mnh2s-3748177197, networkLocation: /default-rack, certSerialId: null}f7ede272-a28a-44e0-9552-15581fc2de04{ip: 192.168.5.153, host: pr-hdds-2137-trunk-mnh2s-3748177197, networkLocation: /default-rack, certSerialId: null}, Type:RATIS, Factor:THREE, State:OPEN]. The last committed block length is 0, uncommitted data length is 2097152 retry count 0
2019-09-17 12:52:41,334 [f7ede272-a28a-44e0-9552-15581fc2de04@group-869F42A7192E-StateMachineUpdater] INFO  ratis.ContainerStateMachine (ContainerStateMachine.java:takeSnapshot(300)) - group-869F42A7192E: Finished taking a snapshot at:(t:1, i:12) file:/tmp/workdir/hadoop-ozone/tools/target/test-dir/MiniOzoneClusterImpl-50a1f6bc-759b-451e-a5dd-d4a59b2daa65/datanode-2/data/ratis/beaf19c3-da84-45d5-96c5-869f42a7192e/sm/snapshot.1_12 time:29
2019-09-17 12:52:41,335 [f7ede272-a28a-44e0-9552-15581fc2de04@group-869F42A7192E-StateMachineUpdater] INFO  impl.StateMachineUpdater (StateMachineUpdater.java:takeSnapshot(258)) - f7ede272-a28a-44e0-9552-15581fc2de04@group-869F42A7192E-StateMachineUpdater: Took a snapshot at index 12
2019-09-17 12:52:41,336 [f7ede272-a28a-44e0-9552-15581fc2de04@group-869F42A7192E-StateMachineUpdater] INFO  impl.StateMachineUpdater (StateMachineUpdater.java:lambda$new$0(83)) - f7ede272-a28a-44e0-9552-15581fc2de04@group-869F42A7192E-StateMachineUpdater: snapshotIndex: updateIncreasingly 12 -> 12
2019-09-17 12:52:41,336 [grpc-default-executor-6] INFO  impl.RaftServerImpl (ServerState.java:close(385)) - f7ede272-a28a-44e0-9552-15581fc2de04@group-869F42A7192E: closes. applyIndex: 16
2019-09-17 12:52:41,337 [f7ede272-a28a-44e0-9552-15581fc2de04@group-869F42A7192E-SegmentedRaftLogWorker] ERROR ratis.XceiverServerRatis (XceiverServerRatis.java:triggerPipelineClose(575)) - pipeline Action CLOSE  on pipeline PipelineID=beaf19c3-da84-45d5-96c5-869f42a7192e.Reason : WriteLog:17: (t:1, i:17), STATEMACHINELOGENTRY, client-B24658765329, cid=153-writeStateMachineData interrupted.
2019-09-17 12:52:41,341 [grpc-default-executor-6] INFO  segmented.SegmentedRaftLogWorker (SegmentedRaftLogWorker.java:close(228)) - f7ede272-a28a-44e0-9552-15581fc2de04@group-869F42A7192E-SegmentedRaftLogWorker close()
2019-09-17 12:52:41,346 [grpc-default-executor-7] INFO  impl.RaftServerProxy (RaftServerProxy.java:addNew(89)) - 5e893e0a-56f7-4618-9f46-a6ff48173cb6: addNew group-0E70A92CA2C7:[5e893e0a-56f7-4618-9f46-a6ff48173cb6:192.168.5.153:37060, 84ab4d91-000c-4523-9c5f-2c204b5f6601:192.168.5.153:39178, f7ede272-a28a-44e0-9552-15581fc2de04:192.168.5.153:38263] returns group-0E70A92CA2C7:java.util.concurrent.CompletableFuture@7b93c574[Not completed]
2019-09-17 12:52:41,347 [grpc-default-executor-7] INFO  impl.RaftServerProxy (RaftServerProxy.java:addNew(89)) - f7ede272-a28a-44e0-9552-15581fc2de04: addNew group-0E70A92CA2C7:[5e893e0a-56f7-4618-9f46-a6ff48173cb6:192.168.5.153:37060, 84ab4d91-000c-4523-9c5f-2c204b5f6601:192.168.5.153:39178, f7ede272-a28a-44e0-9552-15581fc2de04:192.168.5.153:38263] returns group-0E70A92CA2C7:java.util.concurrent.CompletableFuture@69253ed5[Not completed]
2019-09-17 12:52:41,347 [grpc-default-executor-4] INFO  impl.RaftServerProxy (RaftServerProxy.java:addNew(89)) - 84ab4d91-000c-4523-9c5f-2c204b5f6601: addNew group-0E70A92CA2C7:[5e893e0a-56f7-4618-9f46-a6ff48173cb6:192.168.5.153:37060, 84ab4d91-000c-4523-9c5f-2c204b5f6601:192.168.5.153:39178, f7ede272-a28a-44e0-9552-15581fc2de04:192.168.5.153:38263] returns group-0E70A92CA2C7:java.util.concurrent.CompletableFuture@770ac34d[Not completed]
2019-09-17 12:52:41,350 [pool-27-thread-1] INFO  impl.RaftServerImpl (RaftServerImpl.java:<init>(95)) - 5e893e0a-56f7-4618-9f46-a6ff48173cb6: new RaftServerImpl for group-0E70A92CA2C7:[5e893e0a-56f7-4618-9f46-a6ff48173cb6:192.168.5.153:37060, 84ab4d91-000c-4523-9c5f-2c204b5f6601:192.168.5.153:39178, f7ede272-a28a-44e0-9552-15581fc2de04:192.168.5.153:38263] with ContainerStateMachine:uninitialized
2019-09-17 12:52:41,351 [pool-27-thread-1] INFO  server.RaftServerConfigKeys (ConfUtils.java:logGet(43)) - raft.server.rpc.timeout.min = 5s (custom)
2019-09-17 12:52:41,351 [pool-27-thread-1] INFO  server.RaftServerConfigKeys (ConfUtils.java:logGet(43)) - raft.server.rpc.timeout.max = 5200ms (custom)
2019-09-17 12:52:41,351 [pool-27-thread-1] INFO  server.RaftServerConfigKeys (ConfUtils.java:logGet(43)) - raft.server.rpcslowness.timeout = 120s (custom)
2019-09-17 12:52:41,351 [pool-27-thread-1] INFO  server.RaftServerConfigKeys (ConfUtils.java:logGet(43)) - raft.server.sleep.deviation.threshold = 300 (default)
2019-09-17 12:52:41,351 [pool-27-thread-1] INFO  server.RaftServerConfigKeys (ConfUtils.java:logGet(43)) - raft.server.log.appender.install.snapshot.enabled = false (custom)
2019-09-17 12:52:41,351 [pool-37-thread-1] INFO  impl.RaftServerImpl (RaftServerImpl.java:<init>(95)) - 84ab4d91-000c-4523-9c5f-2c204b5f6601: new RaftServerImpl for group-0E70A92CA2C7:[5e893e0a-56f7-4618-9f46-a6ff48173cb6:192.168.5.153:37060, 84ab4d91-000c-4523-9c5f-2c204b5f6601:192.168.5.153:39178, f7ede272-a28a-44e0-9552-15581fc2de04:192.168.5.153:38263] with ContainerStateMachine:uninitialized
2019-09-17 12:52:41,351 [pool-27-thread-1] INFO  impl.RaftServerImpl (ServerState.java:<init>(103)) - 5e893e0a-56f7-4618-9f46-a6ff48173cb6@group-0E70A92CA2C7: ConfigurationManager, init=-1: [5e893e0a-56f7-4618-9f46-a6ff48173cb6:192.168.5.153:37060, 84ab4d91-000c-4523-9c5f-2c204b5f6601:192.168.5.153:39178, f7ede272-a28a-44e0-9552-15581fc2de04:192.168.5.153:38263], old=null, confs=<EMPTY_MAP>
2019-09-17 12:52:41,351 [pool-37-thread-1] INFO  server.RaftServerConfigKeys (ConfUtils.java:logGet(43)) - raft.server.rpc.timeout.min = 5s (custom)
2019-09-17 12:52:41,352 [pool-37-thread-1] INFO  server.RaftServerConfigKeys (ConfUtils.java:logGet(43)) - raft.server.rpc.timeout.max = 5200ms (custom)
2019-09-17 12:52:41,352 [pool-27-thread-1] INFO  server.RaftServerConfigKeys (ConfUtils.java:logGet(43)) - raft.server.storage.dir = [/tmp/workdir/hadoop-ozone/tools/target/test-dir/MiniOzoneClusterImpl-50a1f6bc-759b-451e-a5dd-d4a59b2daa65/datanode-0/data/ratis] (custom)
2019-09-17 12:52:41,352 [pool-37-thread-1] INFO  server.RaftServerConfigKeys (ConfUtils.java:logGet(43)) - raft.server.rpcslowness.timeout = 120s (custom)
2019-09-17 12:52:41,352 [pool-47-thread-1] INFO  impl.RaftServerImpl (RaftServerImpl.java:<init>(95)) - f7ede272-a28a-44e0-9552-15581fc2de04: new RaftServerImpl for group-0E70A92CA2C7:[5e893e0a-56f7-4618-9f46-a6ff48173cb6:192.168.5.153:37060, 84ab4d91-000c-4523-9c5f-2c204b5f6601:192.168.5.153:39178, f7ede272-a28a-44e0-9552-15581fc2de04:192.168.5.153:38263] with ContainerStateMachine:uninitialized
2019-09-17 12:52:41,352 [pool-37-thread-1] INFO  server.RaftServerConfigKeys (ConfUtils.java:logGet(43)) - raft.server.sleep.deviation.threshold = 300 (default)
2019-09-17 12:52:41,352 [pool-27-thread-1] INFO  storage.RaftStorageDirectory (RaftStorageDirectory.java:analyzeStorage(246)) - The storage directory /tmp/workdir/hadoop-ozone/tools/target/test-dir/MiniOzoneClusterImpl-50a1f6bc-759b-451e-a5dd-d4a59b2daa65/datanode-0/data/ratis/2352ae7c-367f-43ff-a988-0e70a92ca2c7 does not exist. Creating ...
2019-09-17 12:52:41,352 [pool-47-thread-1] INFO  server.RaftServerConfigKeys (ConfUtils.java:logGet(43)) - raft.server.rpc.timeout.min = 5s (custom)
2019-09-17 12:52:41,352 [pool-37-thread-1] INFO  server.RaftServerConfigKeys (ConfUtils.java:logGet(43)) - raft.server.log.appender.install.snapshot.enabled = false (custom)
2019-09-17 12:52:41,353 [pool-47-thread-1] INFO  server.RaftServerConfigKeys (ConfUtils.java:logGet(43)) - raft.server.rpc.timeout.max = 5200ms (custom)
2019-09-17 12:52:41,353 [pool-37-thread-1] INFO  impl.RaftServerImpl (ServerState.java:<init>(103)) - 84ab4d91-000c-4523-9c5f-2c204b5f6601@group-0E70A92CA2C7: ConfigurationManager, init=-1: [5e893e0a-56f7-4618-9f46-a6ff48173cb6:192.168.5.153:37060, 84ab4d91-000c-4523-9c5f-2c204b5f6601:192.168.5.153:39178, f7ede272-a28a-44e0-9552-15581fc2de04:192.168.5.153:38263], old=null, confs=<EMPTY_MAP>
2019-09-17 12:52:41,353 [pool-47-thread-1] INFO  server.RaftServerConfigKeys (ConfUtils.java:logGet(43)) - raft.server.rpcslowness.timeout = 120s (custom)
2019-09-17 12:52:41,353 [pool-37-thread-1] INFO  server.RaftServerConfigKeys (ConfUtils.java:logGet(43)) - raft.server.storage.dir = [/tmp/workdir/hadoop-ozone/tools/target/test-dir/MiniOzoneClusterImpl-50a1f6bc-759b-451e-a5dd-d4a59b2daa65/datanode-1/data/ratis] (custom)
2019-09-17 12:52:41,353 [pool-47-thread-1] INFO  server.RaftServerConfigKeys (ConfUtils.java:logGet(43)) - raft.server.sleep.deviation.threshold = 300 (default)
2019-09-17 12:52:41,353 [pool-47-thread-1] INFO  server.RaftServerConfigKeys (ConfUtils.java:logGet(43)) - raft.server.log.appender.install.snapshot.enabled = false (custom)
2019-09-17 12:52:41,353 [pool-37-thread-1] INFO  storage.RaftStorageDirectory (RaftStorageDirectory.java:analyzeStorage(246)) - The storage directory /tmp/workdir/hadoop-ozone/tools/target/test-dir/MiniOzoneClusterImpl-50a1f6bc-759b-451e-a5dd-d4a59b2daa65/datanode-1/data/ratis/2352ae7c-367f-43ff-a988-0e70a92ca2c7 does not exist. Creating ...
2019-09-17 12:52:41,354 [pool-47-thread-1] INFO  impl.RaftServerImpl (ServerState.java:<init>(103)) - f7ede272-a28a-44e0-9552-15581fc2de04@group-0E70A92CA2C7: ConfigurationManager, init=-1: [5e893e0a-56f7-4618-9f46-a6ff48173cb6:192.168.5.153:37060, 84ab4d91-000c-4523-9c5f-2c204b5f6601:192.168.5.153:39178, f7ede272-a28a-44e0-9552-15581fc2de04:192.168.5.153:38263], old=null, confs=<EMPTY_MAP>
2019-09-17 12:52:41,354 [pool-47-thread-1] INFO  server.RaftServerConfigKeys (ConfUtils.java:logGet(43)) - raft.server.storage.dir = [/tmp/workdir/hadoop-ozone/tools/target/test-dir/MiniOzoneClusterImpl-50a1f6bc-759b-451e-a5dd-d4a59b2daa65/datanode-2/data/ratis] (custom)
2019-09-17 12:52:41,354 [pool-47-thread-1] INFO  storage.RaftStorageDirectory (RaftStorageDirectory.java:analyzeStorage(246)) - The storage directory /tmp/workdir/hadoop-ozone/tools/target/test-dir/MiniOzoneClusterImpl-50a1f6bc-759b-451e-a5dd-d4a59b2daa65/datanode-2/data/ratis/2352ae7c-367f-43ff-a988-0e70a92ca2c7 does not exist. Creating ...
2019-09-17 12:52:41,360 [grpc-default-executor-6] INFO  interfaces.Container (KeyValueContainer.java:flushAndSyncDB(386)) - Container 6 is synced with bcsId 12.
2019-09-17 12:52:41,360 [grpc-default-executor-6] INFO  interfaces.Container (KeyValueContainer.java:flushAndSyncDB(386)) - Container 6 is synced with bcsId 12.
2019-09-17 12:52:41,377 [pool-47-thread-1] INFO  storage.RaftStorageDirectory (RaftStorageDirectory.java:tryLock(328)) - Lock on /tmp/workdir/hadoop-ozone/tools/target/test-dir/MiniOzoneClusterImpl-50a1f6bc-759b-451e-a5dd-d4a59b2daa65/datanode-2/data/ratis/2352ae7c-367f-43ff-a988-0e70a92ca2c7/in_use.lock acquired by nodename 20616@pr-hdds-2137-trunk-mnh2s-3748177197
2019-09-17 12:52:41,377 [pool-27-thread-1] INFO  storage.RaftStorageDirectory (RaftStorageDirectory.java:tryLock(328)) - Lock on /tmp/workdir/hadoop-ozone/tools/target/test-dir/MiniOzoneClusterImpl-50a1f6bc-759b-451e-a5dd-d4a59b2daa65/datanode-0/data/ratis/2352ae7c-367f-43ff-a988-0e70a92ca2c7/in_use.lock acquired by nodename 20616@pr-hdds-2137-trunk-mnh2s-3748177197
2019-09-17 12:52:41,377 [pool-37-thread-1] INFO  storage.RaftStorageDirectory (RaftStorageDirectory.java:tryLock(328)) - Lock on /tmp/workdir/hadoop-ozone/tools/target/test-dir/MiniOzoneClusterImpl-50a1f6bc-759b-451e-a5dd-d4a59b2daa65/datanode-1/data/ratis/2352ae7c-367f-43ff-a988-0e70a92ca2c7/in_use.lock acquired by nodename 20616@pr-hdds-2137-trunk-mnh2s-3748177197
2019-09-17 12:52:41,395 [pool-37-thread-1] INFO  storage.RaftStorage (RaftStorage.java:format(72)) - Storage directory /tmp/workdir/hadoop-ozone/tools/target/test-dir/MiniOzoneClusterImpl-50a1f6bc-759b-451e-a5dd-d4a59b2daa65/datanode-1/data/ratis/2352ae7c-367f-43ff-a988-0e70a92ca2c7 has been successfully formatted.
2019-09-17 12:52:41,395 [pool-47-thread-1] INFO  storage.RaftStorage (RaftStorage.java:format(72)) - Storage directory /tmp/workdir/hadoop-ozone/tools/target/test-dir/MiniOzoneClusterImpl-50a1f6bc-759b-451e-a5dd-d4a59b2daa65/datanode-2/data/ratis/2352ae7c-367f-43ff-a988-0e70a92ca2c7 has been successfully formatted.
2019-09-17 12:52:41,395 [pool-27-thread-1] INFO  storage.RaftStorage (RaftStorage.java:format(72)) - Storage directory /tmp/workdir/hadoop-ozone/tools/target/test-dir/MiniOzoneClusterImpl-50a1f6bc-759b-451e-a5dd-d4a59b2daa65/datanode-0/data/ratis/2352ae7c-367f-43ff-a988-0e70a92ca2c7 has been successfully formatted.
2019-09-17 12:52:41,395 [pool-37-thread-1] INFO  ratis.ContainerStateMachine (ContainerStateMachine.java:loadSnapshot(230)) - group-0E70A92CA2C7: The snapshot info is null. Setting the last applied indexto:(t:0, i:~)
2019-09-17 12:52:41,395 [pool-27-thread-1] INFO  ratis.ContainerStateMachine (ContainerStateMachine.java:loadSnapshot(230)) - group-0E70A92CA2C7: The snapshot info is null. Setting the last applied indexto:(t:0, i:~)
2019-09-17 12:52:41,395 [pool-47-thread-1] INFO  ratis.ContainerStateMachine (ContainerStateMachine.java:loadSnapshot(230)) - group-0E70A92CA2C7: The snapshot info is null. Setting the last applied indexto:(t:0, i:~)
2019-09-17 12:52:41,396 [pool-27-thread-1] INFO  server.RaftServerConfigKeys (ConfUtils.java:logGet(43)) - raft.server.notification.no-leader.timeout = 120s (custom)
2019-09-17 12:52:41,395 [pool-37-thread-1] INFO  server.RaftServerConfigKeys (ConfUtils.java:logGet(43)) - raft.server.notification.no-leader.timeout = 120s (custom)
2019-09-17 12:52:41,396 [pool-27-thread-1] INFO  server.RaftServerConfigKeys (ConfUtils.java:logGet(43)) - raft.server.log.use.memory = false (default)
2019-09-17 12:52:41,396 [pool-47-thread-1] INFO  server.RaftServerConfigKeys (ConfUtils.java:logGet(43)) - raft.server.notification.no-leader.timeout = 120s (custom)
2019-09-17 12:52:41,396 [pool-27-thread-1] INFO  server.RaftServerConfigKeys (ConfUtils.java:logGet(43)) - raft.server.log.purge.gap = 1000000 (custom)
2019-09-17 12:52:41,396 [pool-37-thread-1] INFO  server.RaftServerConfigKeys (ConfUtils.java:logGet(43)) - raft.server.log.use.memory = false (default)
2019-09-17 12:52:41,397 [pool-27-thread-1] INFO  server.RaftServerConfigKeys (ConfUtils.java:logGet(43)) - raft.server.log.appender.buffer.byte-limit = 33554432 (custom)
2019-09-17 12:52:41,396 [pool-47-thread-1] INFO  server.RaftServerConfigKeys (ConfUtils.java:logGet(43)) - raft.server.log.use.memory = false (default)
2019-09-17 12:52:41,397 [pool-27-thread-1] INFO  server.RaftServerConfigKeys (ConfUtils.java:logGet(43)) - raft.server.log.segment.size.max = 1048576 (custom)
2019-09-17 12:52:41,397 [pool-37-thread-1] INFO  server.RaftServerConfigKeys (ConfUtils.java:logGet(43)) - raft.server.log.purge.gap = 1000000 (custom)
2019-09-17 12:52:41,397 [pool-27-thread-1] INFO  server.RaftServerConfigKeys (ConfUtils.java:logGet(43)) - raft.server.log.segment.cache.num.max = 2 (custom)
2019-09-17 12:52:41,397 [pool-47-thread-1] INFO  server.RaftServerConfigKeys (ConfUtils.java:logGet(43)) - raft.server.log.purge.gap = 1000000 (custom)
2019-09-17 12:52:41,398 [pool-27-thread-1] INFO  segmented.SegmentedRaftLogWorker (SegmentedRaftLogWorker.java:<init>(172)) - new 5e893e0a-56f7-4618-9f46-a6ff48173cb6@group-0E70A92CA2C7-SegmentedRaftLogWorker for RaftStorage:Storage Directory /tmp/workdir/hadoop-ozone/tools/target/test-dir/MiniOzoneClusterImpl-50a1f6bc-759b-451e-a5dd-d4a59b2daa65/datanode-0/data/ratis/2352ae7c-367f-43ff-a988-0e70a92ca2c7
2019-09-17 12:52:41,397 [pool-37-thread-1] INFO  server.RaftServerConfigKeys (ConfUtils.java:logGet(43)) - raft.server.log.appender.buffer.byte-limit = 33554432 (custom)
2019-09-17 12:52:41,398 [pool-47-thread-1] INFO  server.RaftServerConfigKeys (ConfUtils.java:logGet(43)) - raft.server.log.appender.buffer.byte-limit = 33554432 (custom)
2019-09-17 12:52:41,398 [pool-37-thread-1] INFO  server.RaftServerConfigKeys (ConfUtils.java:logGet(43)) - raft.server.log.segment.size.max = 1048576 (custom)
2019-09-17 12:52:41,398 [pool-27-thread-1] INFO  server.RaftServerConfigKeys (ConfUtils.java:logGet(43)) - raft.server.log.queue.byte-limit = 2147483647 (custom)
2019-09-17 12:52:41,398 [pool-37-thread-1] INFO  server.RaftServerConfigKeys (ConfUtils.java:logGet(43)) - raft.server.log.segment.cache.num.max = 2 (custom)
2019-09-17 12:52:41,398 [pool-47-thread-1] INFO  server.RaftServerConfigKeys (ConfUtils.java:logGet(43)) - raft.server.log.segment.size.max = 1048576 (custom)
2019-09-17 12:52:41,399 [pool-37-thread-1] INFO  segmented.SegmentedRaftLogWorker (SegmentedRaftLogWorker.java:<init>(172)) - new 84ab4d91-000c-4523-9c5f-2c204b5f6601@group-0E70A92CA2C7-SegmentedRaftLogWorker for RaftStorage:Storage Directory /tmp/workdir/hadoop-ozone/tools/target/test-dir/MiniOzoneClusterImpl-50a1f6bc-759b-451e-a5dd-d4a59b2daa65/datanode-1/data/ratis/2352ae7c-367f-43ff-a988-0e70a92ca2c7
2019-09-17 12:52:41,399 [pool-27-thread-1] INFO  server.RaftServerConfigKeys (ConfUtils.java:logGet(43)) - raft.server.log.queue.element-limit = 1024 (custom)
2019-09-17 12:52:41,399 [pool-37-thread-1] INFO  server.RaftServerConfigKeys (ConfUtils.java:logGet(43)) - raft.server.log.queue.byte-limit = 2147483647 (custom)
2019-09-17 12:52:41,399 [pool-47-thread-1] INFO  server.RaftServerConfigKeys (ConfUtils.java:logGet(43)) - raft.server.log.segment.cache.num.max = 2 (custom)
2019-09-17 12:52:41,399 [pool-37-thread-1] INFO  server.RaftServerConfigKeys (ConfUtils.java:logGet(43)) - raft.server.log.queue.element-limit = 1024 (custom)
2019-09-17 12:52:41,399 [pool-27-thread-1] INFO  server.RaftServerConfigKeys (ConfUtils.java:logGet(43)) - raft.server.log.segment.size.max = 1048576 (custom)
2019-09-17 12:52:41,400 [pool-37-thread-1] INFO  server.RaftServerConfigKeys (ConfUtils.java:logGet(43)) - raft.server.log.segment.size.max = 1048576 (custom)
2019-09-17 12:52:41,399 [pool-47-thread-1] INFO  segmented.SegmentedRaftLogWorker (SegmentedRaftLogWorker.java:<init>(172)) - new f7ede272-a28a-44e0-9552-15581fc2de04@group-0E70A92CA2C7-SegmentedRaftLogWorker for RaftStorage:Storage Directory /tmp/workdir/hadoop-ozone/tools/target/test-dir/MiniOzoneClusterImpl-50a1f6bc-759b-451e-a5dd-d4a59b2daa65/datanode-2/data/ratis/2352ae7c-367f-43ff-a988-0e70a92ca2c7
2019-09-17 12:52:41,400 [pool-37-thread-1] INFO  server.RaftServerConfigKeys (ConfUtils.java:logGet(43)) - raft.server.log.preallocated.size = 16384 (custom)
2019-09-17 12:52:41,400 [pool-27-thread-1] INFO  server.RaftServerConfigKeys (ConfUtils.java:logGet(43)) - raft.server.log.preallocated.size = 16384 (custom)
2019-09-17 12:52:41,400 [pool-37-thread-1] INFO  server.RaftServerConfigKeys (ConfUtils.java:logGet(43)) - raft.server.log.write.buffer.size = 33554432 (custom)
2019-09-17 12:52:41,400 [pool-47-thread-1] INFO  server.RaftServerConfigKeys (ConfUtils.java:logGet(43)) - raft.server.log.queue.byte-limit = 2147483647 (custom)
2019-09-17 12:52:41,400 [pool-37-thread-1] INFO  server.RaftServerConfigKeys (ConfUtils.java:logGet(43)) - raft.server.log.force.sync.num = 128 (default)
2019-09-17 12:52:41,400 [pool-27-thread-1] INFO  server.RaftServerConfigKeys (ConfUtils.java:logGet(43)) - raft.server.log.write.buffer.size = 33554432 (custom)
2019-09-17 12:52:41,401 [pool-37-thread-1] INFO  server.RaftServerConfigKeys (ConfUtils.java:logGet(43)) - raft.server.log.statemachine.data.sync = true (default)
2019-09-17 12:52:41,401 [pool-47-thread-1] INFO  server.RaftServerConfigKeys (ConfUtils.java:logGet(43)) - raft.server.log.queue.element-limit = 1024 (custom)
2019-09-17 12:52:41,401 [pool-37-thread-1] INFO  server.RaftServerConfigKeys (ConfUtils.java:logGet(43)) - raft.server.log.statemachine.data.sync.timeout = 10s (default)
2019-09-17 12:52:41,401 [pool-27-thread-1] INFO  server.RaftServerConfigKeys (ConfUtils.java:logGet(43)) - raft.server.log.force.sync.num = 128 (default)
2019-09-17 12:52:41,401 [pool-37-thread-1] INFO  server.RaftServerConfigKeys (ConfUtils.java:logGet(43)) - raft.server.log.statemachine.data.sync.timeout.retry = -1 (default)
2019-09-17 12:52:41,401 [pool-47-thread-1] INFO  server.RaftServerConfigKeys (ConfUtils.java:logGet(43)) - raft.server.log.segment.size.max = 1048576 (custom)
2019-09-17 12:52:41,402 [pool-37-thread-1] INFO  server.RaftServerConfigKeys (ConfUtils.java:logGet(43)) - raft.server.log.statemachine.data.caching.enabled = true (custom)
2019-09-17 12:52:41,402 [pool-27-thread-1] INFO  server.RaftServerConfigKeys (ConfUtils.java:logGet(43)) - raft.server.log.statemachine.data.sync = true (default)
2019-09-17 12:52:41,402 [pool-47-thread-1] INFO  server.RaftServerConfigKeys (ConfUtils.java:logGet(43)) - raft.server.log.preallocated.size = 16384 (custom)
2019-09-17 12:52:41,402 [pool-37-thread-1] INFO  segmented.SegmentedRaftLogWorker (SegmentedRaftLogWorker.java:lambda$new$0(132)) - 84ab4d91-000c-4523-9c5f-2c204b5f6601@group-0E70A92CA2C7-SegmentedRaftLogWorker: flushIndex: setUnconditionally 0 -> -1
2019-09-17 12:52:41,402 [pool-27-thread-1] INFO  server.RaftServerConfigKeys (ConfUtils.java:logGet(43)) - raft.server.log.statemachine.data.sync.timeout = 10s (default)
2019-09-17 12:52:41,402 [pool-47-thread-1] INFO  server.RaftServerConfigKeys (ConfUtils.java:logGet(43)) - raft.server.log.write.buffer.size = 33554432 (custom)
2019-09-17 12:52:41,403 [pool-37-thread-1] INFO  server.RaftServerConfigKeys (ConfUtils.java:logGet(43)) - raft.server.snapshot.auto.trigger.enabled = true (custom)
2019-09-17 12:52:41,403 [pool-27-thread-1] INFO  server.RaftServerConfigKeys (ConfUtils.java:logGet(43)) - raft.server.log.statemachine.data.sync.timeout.retry = -1 (default)
2019-09-17 12:52:41,403 [pool-37-thread-1] INFO  server.RaftServerConfigKeys (ConfUtils.java:logGet(43)) - raft.server.snapshot.auto.trigger.threshold = 10000 (custom)
2019-09-17 12:52:41,403 [pool-47-thread-1] INFO  server.RaftServerConfigKeys (ConfUtils.java:logGet(43)) - raft.server.log.force.sync.num = 128 (default)
2019-09-17 12:52:41,403 [pool-37-thread-1] INFO  server.RaftServerConfigKeys (ConfUtils.java:logGet(43)) - raft.server.snapshot.retention.num.files = 5 (custom)
2019-09-17 12:52:41,403 [pool-27-thread-1] INFO  server.RaftServerConfigKeys (ConfUtils.java:logGet(43)) - raft.server.log.statemachine.data.caching.enabled = true (custom)
2019-09-17 12:52:41,404 [pool-37-thread-1] INFO  server.RaftServerConfigKeys (ConfUtils.java:logGet(43)) - raft.server.retrycache.expirytime = 600000ms (custom)
2019-09-17 12:52:41,403 [pool-47-thread-1] INFO  server.RaftServerConfigKeys (ConfUtils.java:logGet(43)) - raft.server.log.statemachine.data.sync = true (default)
2019-09-17 12:52:41,404 [pool-27-thread-1] INFO  segmented.SegmentedRaftLogWorker (SegmentedRaftLogWorker.java:lambda$new$0(132)) - 5e893e0a-56f7-4618-9f46-a6ff48173cb6@group-0E70A92CA2C7-SegmentedRaftLogWorker: flushIndex: setUnconditionally 0 -> -1
2019-09-17 12:52:41,404 [pool-47-thread-1] INFO  server.RaftServerConfigKeys (ConfUtils.java:logGet(43)) - raft.server.log.statemachine.data.sync.timeout = 10s (default)
2019-09-17 12:52:41,404 [pool-27-thread-1] INFO  server.RaftServerConfigKeys (ConfUtils.java:logGet(43)) - raft.server.snapshot.auto.trigger.enabled = true (custom)
2019-09-17 12:52:41,404 [pool-47-thread-1] INFO  server.RaftServerConfigKeys (ConfUtils.java:logGet(43)) - raft.server.log.statemachine.data.sync.timeout.retry = -1 (default)
2019-09-17 12:52:41,404 [pool-27-thread-1] INFO  server.RaftServerConfigKeys (ConfUtils.java:logGet(43)) - raft.server.snapshot.auto.trigger.threshold = 10000 (custom)
2019-09-17 12:52:41,405 [pool-47-thread-1] INFO  server.RaftServerConfigKeys (ConfUtils.java:logGet(43)) - raft.server.log.statemachine.data.caching.enabled = true (custom)
2019-09-17 12:52:41,405 [pool-27-thread-1] INFO  server.RaftServerConfigKeys (ConfUtils.java:logGet(43)) - raft.server.snapshot.retention.num.files = 5 (custom)
2019-09-17 12:52:41,405 [pool-27-thread-1] INFO  server.RaftServerConfigKeys (ConfUtils.java:logGet(43)) - raft.server.retrycache.expirytime = 600000ms (custom)
2019-09-17 12:52:41,405 [pool-47-thread-1] INFO  segmented.SegmentedRaftLogWorker (SegmentedRaftLogWorker.java:lambda$new$0(132)) - f7ede272-a28a-44e0-9552-15581fc2de04@group-0E70A92CA2C7-SegmentedRaftLogWorker: flushIndex: setUnconditionally 0 -> -1
2019-09-17 12:52:41,405 [pool-47-thread-1] INFO  server.RaftServerConfigKeys (ConfUtils.java:logGet(43)) - raft.server.snapshot.auto.trigger.enabled = true (custom)
2019-09-17 12:52:41,406 [pool-47-thread-1] INFO  server.RaftServerConfigKeys (ConfUtils.java:logGet(43)) - raft.server.snapshot.auto.trigger.threshold = 10000 (custom)
2019-09-17 12:52:41,406 [pool-47-thread-1] INFO  server.RaftServerConfigKeys (ConfUtils.java:logGet(43)) - raft.server.snapshot.retention.num.files = 5 (custom)
2019-09-17 12:52:41,406 [pool-47-thread-1] INFO  server.RaftServerConfigKeys (ConfUtils.java:logGet(43)) - raft.server.retrycache.expirytime = 600000ms (custom)
2019-09-17 12:52:41,407 [pool-37-thread-1] INFO  impl.RaftServerImpl (RaftServerImpl.java:start(185)) - 84ab4d91-000c-4523-9c5f-2c204b5f6601@group-0E70A92CA2C7: start as a follower, conf=-1: [5e893e0a-56f7-4618-9f46-a6ff48173cb6:192.168.5.153:37060, 84ab4d91-000c-4523-9c5f-2c204b5f6601:192.168.5.153:39178, f7ede272-a28a-44e0-9552-15581fc2de04:192.168.5.153:38263], old=null
2019-09-17 12:52:41,407 [pool-37-thread-1] INFO  impl.RaftServerImpl (RaftServerImpl.java:setRole(174)) - 84ab4d91-000c-4523-9c5f-2c204b5f6601@group-0E70A92CA2C7: changes role from      null to FOLLOWER at term 0 for startAsFollower
2019-09-17 12:52:41,407 [pool-37-thread-1] INFO  impl.RoleInfo (RoleInfo.java:updateAndGet(143)) - 84ab4d91-000c-4523-9c5f-2c204b5f6601: start FollowerState
2019-09-17 12:52:41,408 [pool-37-thread-1] INFO  util.JmxRegister (JmxRegister.java:tryRegister(44)) - Successfully registered JMX Bean with object name Ratis:service=RaftServer,group=group-0E70A92CA2C7,id=84ab4d91-000c-4523-9c5f-2c204b5f6601
2019-09-17 12:52:41,409 [pool-27-thread-1] INFO  impl.RaftServerImpl (RaftServerImpl.java:start(185)) - 5e893e0a-56f7-4618-9f46-a6ff48173cb6@group-0E70A92CA2C7: start as a follower, conf=-1: [5e893e0a-56f7-4618-9f46-a6ff48173cb6:192.168.5.153:37060, 84ab4d91-000c-4523-9c5f-2c204b5f6601:192.168.5.153:39178, f7ede272-a28a-44e0-9552-15581fc2de04:192.168.5.153:38263], old=null
2019-09-17 12:52:41,409 [pool-27-thread-1] INFO  impl.RaftServerImpl (RaftServerImpl.java:setRole(174)) - 5e893e0a-56f7-4618-9f46-a6ff48173cb6@group-0E70A92CA2C7: changes role from      null to FOLLOWER at term 0 for startAsFollower
2019-09-17 12:52:41,409 [pool-27-thread-1] INFO  impl.RoleInfo (RoleInfo.java:updateAndGet(143)) - 5e893e0a-56f7-4618-9f46-a6ff48173cb6: start FollowerState
2019-09-17 12:52:41,409 [pool-27-thread-1] INFO  util.JmxRegister (JmxRegister.java:tryRegister(44)) - Successfully registered JMX Bean with object name Ratis:service=RaftServer,group=group-0E70A92CA2C7,id=5e893e0a-56f7-4618-9f46-a6ff48173cb6
2019-09-17 12:52:41,410 [pool-47-thread-1] INFO  impl.RaftServerImpl (RaftServerImpl.java:start(185)) - f7ede272-a28a-44e0-9552-15581fc2de04@group-0E70A92CA2C7: start as a follower, conf=-1: [5e893e0a-56f7-4618-9f46-a6ff48173cb6:192.168.5.153:37060, 84ab4d91-000c-4523-9c5f-2c204b5f6601:192.168.5.153:39178, f7ede272-a28a-44e0-9552-15581fc2de04:192.168.5.153:38263], old=null
2019-09-17 12:52:41,410 [pool-47-thread-1] INFO  impl.RaftServerImpl (RaftServerImpl.java:setRole(174)) - f7ede272-a28a-44e0-9552-15581fc2de04@group-0E70A92CA2C7: changes role from      null to FOLLOWER at term 0 for startAsFollower
2019-09-17 12:52:41,410 [pool-47-thread-1] INFO  impl.RoleInfo (RoleInfo.java:updateAndGet(143)) - f7ede272-a28a-44e0-9552-15581fc2de04: start FollowerState
2019-09-17 12:52:41,411 [pool-47-thread-1] INFO  util.JmxRegister (JmxRegister.java:tryRegister(44)) - Successfully registered JMX Bean with object name Ratis:service=RaftServer,group=group-0E70A92CA2C7,id=f7ede272-a28a-44e0-9552-15581fc2de04
2019-09-17 12:52:41,413 [IPC Server handler 5 on 37580] INFO  pipeline.PipelineStateManager (PipelineStateManager.java:addPipeline(56)) - Created pipeline Pipeline[ Id: 2352ae7c-367f-43ff-a988-0e70a92ca2c7, Nodes: 5e893e0a-56f7-4618-9f46-a6ff48173cb6{ip: 192.168.5.153, host: pr-hdds-2137-trunk-mnh2s-3748177197, networkLocation: /default-rack, certSerialId: null}84ab4d91-000c-4523-9c5f-2c204b5f6601{ip: 192.168.5.153, host: pr-hdds-2137-trunk-mnh2s-3748177197, networkLocation: /default-rack, certSerialId: null}f7ede272-a28a-44e0-9552-15581fc2de04{ip: 192.168.5.153, host: pr-hdds-2137-trunk-mnh2s-3748177197, networkLocation: /default-rack, certSerialId: null}, Type:RATIS, Factor:THREE, State:OPEN]
2019-09-17 12:52:41,413 [EventQueue-PipelineActionsForPipelineActionHandler] ERROR pipeline.PipelineActionHandler (PipelineActionHandler.java:onMessage(60)) - Received pipeline action CLOSE for Pipeline[ Id: beaf19c3-da84-45d5-96c5-869f42a7192e, Nodes: 5e893e0a-56f7-4618-9f46-a6ff48173cb6{ip: 192.168.5.153, host: pr-hdds-2137-trunk-mnh2s-3748177197, networkLocation: /default-rack, certSerialId: null}84ab4d91-000c-4523-9c5f-2c204b5f6601{ip: 192.168.5.153, host: pr-hdds-2137-trunk-mnh2s-3748177197, networkLocation: /default-rack, certSerialId: null}f7ede272-a28a-44e0-9552-15581fc2de04{ip: 192.168.5.153, host: pr-hdds-2137-trunk-mnh2s-3748177197, networkLocation: /default-rack, certSerialId: null}, Type:RATIS, Factor:THREE, State:CLOSED] from datanode f7ede272-a28a-44e0-9552-15581fc2de04{ip: 192.168.5.153, host: pr-hdds-2137-trunk-mnh2s-3748177197, networkLocation: /default-rack, certSerialId: null}. Reason : WriteLog:17: (t:1, i:17), STATEMACHINELOGENTRY, client-B24658765329, cid=153-writeStateMachineData interrupted.
2019-09-17 12:52:41,413 [EventQueue-PipelineActionsForPipelineActionHandler] INFO  pipeline.SCMPipelineManager (SCMPipelineManager.java:finalizeAndDestroyPipeline(311)) - destroying pipeline:Pipeline[ Id: beaf19c3-da84-45d5-96c5-869f42a7192e, Nodes: 5e893e0a-56f7-4618-9f46-a6ff48173cb6{ip: 192.168.5.153, host: pr-hdds-2137-trunk-mnh2s-3748177197, networkLocation: /default-rack, certSerialId: null}84ab4d91-000c-4523-9c5f-2c204b5f6601{ip: 192.168.5.153, host: pr-hdds-2137-trunk-mnh2s-3748177197, networkLocation: /default-rack, certSerialId: null}f7ede272-a28a-44e0-9552-15581fc2de04{ip: 192.168.5.153, host: pr-hdds-2137-trunk-mnh2s-3748177197, networkLocation: /default-rack, certSerialId: null}, Type:RATIS, Factor:THREE, State:CLOSED]
2019-09-17 12:52:41,432 [grpc-default-executor-7] INFO  client.GrpcClientProtocolClient (GrpcClientProtocolClient.java:onNext(264)) - client-71E54A2B450F->5e893e0a-56f7-4618-9f46-a6ff48173cb6: receive RaftClientReply:client-71E54A2B450F->5e893e0a-56f7-4618-9f46-a6ff48173cb6@group-0E70A92CA2C7, cid=247, FAILED org.apache.ratis.protocol.NotLeaderException: Server 5e893e0a-56f7-4618-9f46-a6ff48173cb6@group-0E70A92CA2C7 is not the leader, logIndex=0, commits[5e893e0a-56f7-4618-9f46-a6ff48173cb6:c-1]
 0.00% |█                                                                                                    |  0/1 Time: 0:09:452019-09-17 12:52:41,480 [grpc-default-executor-6] INFO  interfaces.Container (KeyValueContainer.java:flushAndSyncDB(386)) - Container 7 is synced with bcsId 0.
2019-09-17 12:52:41,481 [grpc-default-executor-6] INFO  interfaces.Container (KeyValueContainer.java:flushAndSyncDB(386)) - Container 7 is synced with bcsId 0.
2019-09-17 12:52:41,499 [RatisPipelineUtilsThread] INFO  pipeline.PipelineStateManager (PipelineStateManager.java:removePipeline(108)) - Pipeline Pipeline[ Id: beaf19c3-da84-45d5-96c5-869f42a7192e, Nodes: 5e893e0a-56f7-4618-9f46-a6ff48173cb6{ip: 192.168.5.153, host: pr-hdds-2137-trunk-mnh2s-3748177197, networkLocation: /default-rack, certSerialId: null}84ab4d91-000c-4523-9c5f-2c204b5f6601{ip: 192.168.5.153, host: pr-hdds-2137-trunk-mnh2s-3748177197, networkLocation: /default-rack, certSerialId: null}f7ede272-a28a-44e0-9552-15581fc2de04{ip: 192.168.5.153, host: pr-hdds-2137-trunk-mnh2s-3748177197, networkLocation: /default-rack, certSerialId: null}, Type:RATIS, Factor:THREE, State:CLOSED] removed from db
 0.00% |█                                                                                                    |  0/1 Time: 0:09:462019-09-17 12:52:42,467 [grpc-default-executor-7] INFO  client.GrpcClientProtocolClient (GrpcClientProtocolClient.java:onNext(264)) - client-71E54A2B450F->f7ede272-a28a-44e0-9552-15581fc2de04: receive RaftClientReply:client-71E54A2B450F->f7ede272-a28a-44e0-9552-15581fc2de04@group-0E70A92CA2C7, cid=247, FAILED org.apache.ratis.protocol.NotLeaderException: Server f7ede272-a28a-44e0-9552-15581fc2de04@group-0E70A92CA2C7 is not the leader, logIndex=0, commits[f7ede272-a28a-44e0-9552-15581fc2de04:c-1]
 0.00% |█                                                                                                    |  0/1 Time: 0:09:472019-09-17 12:52:43,488 [grpc-default-executor-4] INFO  client.GrpcClientProtocolClient (GrpcClientProtocolClient.java:onNext(264)) - client-71E54A2B450F->5e893e0a-56f7-4618-9f46-a6ff48173cb6: receive RaftClientReply:client-71E54A2B450F->5e893e0a-56f7-4618-9f46-a6ff48173cb6@group-0E70A92CA2C7, cid=247, FAILED org.apache.ratis.protocol.NotLeaderException: Server 5e893e0a-56f7-4618-9f46-a6ff48173cb6@group-0E70A92CA2C7 is not the leader, logIndex=0, commits[5e893e0a-56f7-4618-9f46-a6ff48173cb6:c-1]
2019-09-17 12:52:43,838 [grpc-default-executor-4] INFO  impl.RaftServerProxy (RaftServerProxy.java:remove(95)) - 5e893e0a-56f7-4618-9f46-a6ff48173cb6: remove group-869F42A7192E:null
2019-09-17 12:52:43,842 [RatisPipelineUtilsThread] WARN  pipeline.RatisPipelineUtils (RatisPipelineUtils.java:destroyPipeline(66)) - Pipeline destroy failed for pipeline=PipelineID=beaf19c3-da84-45d5-96c5-869f42a7192e dn=5e893e0a-56f7-4618-9f46-a6ff48173cb6{ip: 192.168.5.153, host: pr-hdds-2137-trunk-mnh2s-3748177197, networkLocation: /default-rack, certSerialId: null}
2019-09-17 12:52:43,844 [grpc-default-executor-4] INFO  impl.RaftServerProxy (RaftServerProxy.java:remove(95)) - 84ab4d91-000c-4523-9c5f-2c204b5f6601: remove group-869F42A7192E:null
2019-09-17 12:52:43,847 [RatisPipelineUtilsThread] WARN  pipeline.RatisPipelineUtils (RatisPipelineUtils.java:destroyPipeline(66)) - Pipeline destroy failed for pipeline=PipelineID=beaf19c3-da84-45d5-96c5-869f42a7192e dn=84ab4d91-000c-4523-9c5f-2c204b5f6601{ip: 192.168.5.153, host: pr-hdds-2137-trunk-mnh2s-3748177197, networkLocation: /default-rack, certSerialId: null}
2019-09-17 12:52:43,849 [grpc-default-executor-4] INFO  impl.RaftServerProxy (RaftServerProxy.java:remove(95)) - f7ede272-a28a-44e0-9552-15581fc2de04: remove group-869F42A7192E:null
2019-09-17 12:52:43,851 [RatisPipelineUtilsThread] WARN  pipeline.RatisPipelineUtils (RatisPipelineUtils.java:destroyPipeline(66)) - Pipeline destroy failed for pipeline=PipelineID=beaf19c3-da84-45d5-96c5-869f42a7192e dn=f7ede272-a28a-44e0-9552-15581fc2de04{ip: 192.168.5.153, host: pr-hdds-2137-trunk-mnh2s-3748177197, networkLocation: /default-rack, certSerialId: null}
2019-09-17 12:52:43,852 [RatisPipelineUtilsThread] ERROR pipeline.SCMPipelineManager (Scheduler.java:lambda$schedule$1(70)) - Destroy pipeline failed for pipeline:Pipeline[ Id: beaf19c3-da84-45d5-96c5-869f42a7192e, Nodes: 5e893e0a-56f7-4618-9f46-a6ff48173cb6{ip: 192.168.5.153, host: pr-hdds-2137-trunk-mnh2s-3748177197, networkLocation: /default-rack, certSerialId: null}84ab4d91-000c-4523-9c5f-2c204b5f6601{ip: 192.168.5.153, host: pr-hdds-2137-trunk-mnh2s-3748177197, networkLocation: /default-rack, certSerialId: null}f7ede272-a28a-44e0-9552-15581fc2de04{ip: 192.168.5.153, host: pr-hdds-2137-trunk-mnh2s-3748177197, networkLocation: /default-rack, certSerialId: null}, Type:RATIS, Factor:THREE, State:CLOSED]
org.apache.hadoop.hdds.scm.pipeline.PipelineNotFoundException: PipelineID=beaf19c3-da84-45d5-96c5-869f42a7192e not found
	at org.apache.hadoop.hdds.scm.pipeline.PipelineStateMap.getPipeline(PipelineStateMap.java:132)
	at org.apache.hadoop.hdds.scm.pipeline.PipelineStateMap.removePipeline(PipelineStateMap.java:322)
	at org.apache.hadoop.hdds.scm.pipeline.PipelineStateManager.removePipeline(PipelineStateManager.java:107)
	at org.apache.hadoop.hdds.scm.pipeline.SCMPipelineManager.removePipeline(SCMPipelineManager.java:423)
	at org.apache.hadoop.hdds.scm.pipeline.SCMPipelineManager.destroyPipeline(SCMPipelineManager.java:409)
	at org.apache.hadoop.hdds.scm.pipeline.SCMPipelineManager.lambda$finalizeAndDestroyPipeline$0(SCMPipelineManager.java:318)
	at org.apache.hadoop.utils.Scheduler.lambda$schedule$1(Scheduler.java:68)
	at java.util.concurrent.Executors$RunnableAdapter.call(Executors.java:511)
	at java.util.concurrent.FutureTask.run(FutureTask.java:266)
	at java.util.concurrent.ScheduledThreadPoolExecutor$ScheduledFutureTask.access$201(ScheduledThreadPoolExecutor.java:180)
	at java.util.concurrent.ScheduledThreadPoolExecutor$ScheduledFutureTask.run(ScheduledThreadPoolExecutor.java:293)
	at java.util.concurrent.ThreadPoolExecutor.runWorker(ThreadPoolExecutor.java:1149)
	at java.util.concurrent.ThreadPoolExecutor$Worker.run(ThreadPoolExecutor.java:624)
	at java.lang.Thread.run(Thread.java:748)
 0.00% |█                                                                                                    |  0/1 Time: 0:09:482019-09-17 12:52:44,506 [grpc-default-executor-7] INFO  client.GrpcClientProtocolClient (GrpcClientProtocolClient.java:onNext(264)) - client-71E54A2B450F->84ab4d91-000c-4523-9c5f-2c204b5f6601: receive RaftClientReply:client-71E54A2B450F->84ab4d91-000c-4523-9c5f-2c204b5f6601@group-0E70A92CA2C7, cid=247, FAILED org.apache.ratis.protocol.NotLeaderException: Server 84ab4d91-000c-4523-9c5f-2c204b5f6601@group-0E70A92CA2C7 is not the leader, logIndex=0, commits[84ab4d91-000c-4523-9c5f-2c204b5f6601:c-1]
 0.00% |█                                                                                                    |  0/1 Time: 0:09:492019-09-17 12:52:45,533 [grpc-default-executor-7] INFO  client.GrpcClientProtocolClient (GrpcClientProtocolClient.java:onNext(264)) - client-71E54A2B450F->f7ede272-a28a-44e0-9552-15581fc2de04: receive RaftClientReply:client-71E54A2B450F->f7ede272-a28a-44e0-9552-15581fc2de04@group-0E70A92CA2C7, cid=247, FAILED org.apache.ratis.protocol.NotLeaderException: Server f7ede272-a28a-44e0-9552-15581fc2de04@group-0E70A92CA2C7 is not the leader, logIndex=0, commits[f7ede272-a28a-44e0-9552-15581fc2de04:c-1]
2019-09-17 12:52:45,836 [grpc-default-executor-7] INFO  impl.RaftServerProxy (RaftServerProxy.java:remove(95)) - 5e893e0a-56f7-4618-9f46-a6ff48173cb6: remove group-869F42A7192E:null
2019-09-17 12:52:45,839 [RatisPipelineUtilsThread] WARN  pipeline.RatisPipelineUtils (RatisPipelineUtils.java:destroyPipeline(66)) - Pipeline destroy failed for pipeline=PipelineID=beaf19c3-da84-45d5-96c5-869f42a7192e dn=5e893e0a-56f7-4618-9f46-a6ff48173cb6{ip: 192.168.5.153, host: pr-hdds-2137-trunk-mnh2s-3748177197, networkLocation: /default-rack, certSerialId: null}
2019-09-17 12:52:45,842 [grpc-default-executor-7] INFO  impl.RaftServerProxy (RaftServerProxy.java:remove(95)) - 84ab4d91-000c-4523-9c5f-2c204b5f6601: remove group-869F42A7192E:null
2019-09-17 12:52:45,843 [RatisPipelineUtilsThread] WARN  pipeline.RatisPipelineUtils (RatisPipelineUtils.java:destroyPipeline(66)) - Pipeline destroy failed for pipeline=PipelineID=beaf19c3-da84-45d5-96c5-869f42a7192e dn=84ab4d91-000c-4523-9c5f-2c204b5f6601{ip: 192.168.5.153, host: pr-hdds-2137-trunk-mnh2s-3748177197, networkLocation: /default-rack, certSerialId: null}
2019-09-17 12:52:45,846 [grpc-default-executor-7] INFO  impl.RaftServerProxy (RaftServerProxy.java:remove(95)) - f7ede272-a28a-44e0-9552-15581fc2de04: remove group-869F42A7192E:null
2019-09-17 12:52:45,848 [RatisPipelineUtilsThread] WARN  pipeline.RatisPipelineUtils (RatisPipelineUtils.java:destroyPipeline(66)) - Pipeline destroy failed for pipeline=PipelineID=beaf19c3-da84-45d5-96c5-869f42a7192e dn=f7ede272-a28a-44e0-9552-15581fc2de04{ip: 192.168.5.153, host: pr-hdds-2137-trunk-mnh2s-3748177197, networkLocation: /default-rack, certSerialId: null}
2019-09-17 12:52:45,849 [RatisPipelineUtilsThread] ERROR pipeline.SCMPipelineManager (Scheduler.java:lambda$schedule$1(70)) - Destroy pipeline failed for pipeline:Pipeline[ Id: beaf19c3-da84-45d5-96c5-869f42a7192e, Nodes: 5e893e0a-56f7-4618-9f46-a6ff48173cb6{ip: 192.168.5.153, host: pr-hdds-2137-trunk-mnh2s-3748177197, networkLocation: /default-rack, certSerialId: null}84ab4d91-000c-4523-9c5f-2c204b5f6601{ip: 192.168.5.153, host: pr-hdds-2137-trunk-mnh2s-3748177197, networkLocation: /default-rack, certSerialId: null}f7ede272-a28a-44e0-9552-15581fc2de04{ip: 192.168.5.153, host: pr-hdds-2137-trunk-mnh2s-3748177197, networkLocation: /default-rack, certSerialId: null}, Type:RATIS, Factor:THREE, State:CLOSED]
org.apache.hadoop.hdds.scm.pipeline.PipelineNotFoundException: PipelineID=beaf19c3-da84-45d5-96c5-869f42a7192e not found
	at org.apache.hadoop.hdds.scm.pipeline.PipelineStateMap.getPipeline(PipelineStateMap.java:132)
	at org.apache.hadoop.hdds.scm.pipeline.PipelineStateMap.removePipeline(PipelineStateMap.java:322)
	at org.apache.hadoop.hdds.scm.pipeline.PipelineStateManager.removePipeline(PipelineStateManager.java:107)
	at org.apache.hadoop.hdds.scm.pipeline.SCMPipelineManager.removePipeline(SCMPipelineManager.java:423)
	at org.apache.hadoop.hdds.scm.pipeline.SCMPipelineManager.destroyPipeline(SCMPipelineManager.java:409)
	at org.apache.hadoop.hdds.scm.pipeline.SCMPipelineManager.lambda$finalizeAndDestroyPipeline$0(SCMPipelineManager.java:318)
	at org.apache.hadoop.utils.Scheduler.lambda$schedule$1(Scheduler.java:68)
	at java.util.concurrent.Executors$RunnableAdapter.call(Executors.java:511)
	at java.util.concurrent.FutureTask.run(FutureTask.java:266)
	at java.util.concurrent.ScheduledThreadPoolExecutor$ScheduledFutureTask.access$201(ScheduledThreadPoolExecutor.java:180)
	at java.util.concurrent.ScheduledThreadPoolExecutor$ScheduledFutureTask.run(ScheduledThreadPoolExecutor.java:293)
	at java.util.concurrent.ThreadPoolExecutor.runWorker(ThreadPoolExecutor.java:1149)
	at java.util.concurrent.ThreadPoolExecutor$Worker.run(ThreadPoolExecutor.java:624)
	at java.lang.Thread.run(Thread.java:748)
2019-09-17 12:52:46,429 [Thread-1571] INFO  impl.FollowerState (FollowerState.java:run(106)) - f7ede272-a28a-44e0-9552-15581fc2de04:group-0E70A92CA2C7 changes to CANDIDATE, lastRpcTime:5018, electionTimeout:5018ms
2019-09-17 12:52:46,429 [Thread-1571] INFO  impl.RoleInfo (RoleInfo.java:shutdownFollowerState(121)) - f7ede272-a28a-44e0-9552-15581fc2de04: shutdown FollowerState
2019-09-17 12:52:46,430 [Thread-1571] INFO  impl.RaftServerImpl (RaftServerImpl.java:setRole(174)) - f7ede272-a28a-44e0-9552-15581fc2de04@group-0E70A92CA2C7: changes role from  FOLLOWER to CANDIDATE at term 0 for changeToCandidate
2019-09-17 12:52:46,430 [Thread-1571] INFO  impl.RoleInfo (RoleInfo.java:updateAndGet(143)) - f7ede272-a28a-44e0-9552-15581fc2de04: start LeaderElection
 0.00% |█                                                                                                    |  0/1 Time: 0:09:502019-09-17 12:52:46,452 [f7ede272-a28a-44e0-9552-15581fc2de04@group-0E70A92CA2C7:LeaderElection13] INFO  impl.LeaderElection (LeaderElection.java:askForVotes(182)) - f7ede272-a28a-44e0-9552-15581fc2de04@group-0E70A92CA2C7:LeaderElection13: begin an election at term 1 for -1: [5e893e0a-56f7-4618-9f46-a6ff48173cb6:192.168.5.153:37060, 84ab4d91-000c-4523-9c5f-2c204b5f6601:192.168.5.153:39178, f7ede272-a28a-44e0-9552-15581fc2de04:192.168.5.153:38263], old=null
2019-09-17 12:52:46,456 [grpc-default-executor-7] INFO  impl.RaftServerImpl (RaftServerImpl.java:setRole(174)) - 84ab4d91-000c-4523-9c5f-2c204b5f6601@group-0E70A92CA2C7: changes role from  FOLLOWER to FOLLOWER at term 1 for recognizeCandidate:f7ede272-a28a-44e0-9552-15581fc2de04
2019-09-17 12:52:46,456 [grpc-default-executor-4] INFO  impl.RaftServerImpl (RaftServerImpl.java:setRole(174)) - 5e893e0a-56f7-4618-9f46-a6ff48173cb6@group-0E70A92CA2C7: changes role from  FOLLOWER to FOLLOWER at term 1 for recognizeCandidate:f7ede272-a28a-44e0-9552-15581fc2de04
2019-09-17 12:52:46,456 [grpc-default-executor-7] INFO  impl.RoleInfo (RoleInfo.java:shutdownFollowerState(121)) - 84ab4d91-000c-4523-9c5f-2c204b5f6601: shutdown FollowerState
2019-09-17 12:52:46,456 [grpc-default-executor-4] INFO  impl.RoleInfo (RoleInfo.java:shutdownFollowerState(121)) - 5e893e0a-56f7-4618-9f46-a6ff48173cb6: shutdown FollowerState
2019-09-17 12:52:46,457 [grpc-default-executor-7] INFO  impl.RoleInfo (RoleInfo.java:updateAndGet(143)) - 84ab4d91-000c-4523-9c5f-2c204b5f6601: start FollowerState
2019-09-17 12:52:46,457 [Thread-1569] INFO  impl.FollowerState (FollowerState.java:run(115)) - 5e893e0a-56f7-4618-9f46-a6ff48173cb6: FollowerState was interrupted: java.lang.InterruptedException: sleep interrupted
2019-09-17 12:52:46,457 [Thread-1567] INFO  impl.FollowerState (FollowerState.java:run(115)) - 84ab4d91-000c-4523-9c5f-2c204b5f6601: FollowerState was interrupted: java.lang.InterruptedException: sleep interrupted
2019-09-17 12:52:46,457 [grpc-default-executor-4] INFO  impl.RoleInfo (RoleInfo.java:updateAndGet(143)) - 5e893e0a-56f7-4618-9f46-a6ff48173cb6: start FollowerState
2019-09-17 12:52:46,478 [f7ede272-a28a-44e0-9552-15581fc2de04@group-0E70A92CA2C7:LeaderElection13] INFO  impl.LeaderElection (LeaderElection.java:logAndReturn(56)) - f7ede272-a28a-44e0-9552-15581fc2de04@group-0E70A92CA2C7:LeaderElection13: Election PASSED; received 1 response(s) [f7ede272-a28a-44e0-9552-15581fc2de04<-5e893e0a-56f7-4618-9f46-a6ff48173cb6#0:OK-t1] and 0 exception(s); f7ede272-a28a-44e0-9552-15581fc2de04@group-0E70A92CA2C7:t1, leader=null, voted=f7ede272-a28a-44e0-9552-15581fc2de04, raftlog=f7ede272-a28a-44e0-9552-15581fc2de04@group-0E70A92CA2C7-SegmentedRaftLog:OPENED:c-1,f-1,i0, conf=-1: [5e893e0a-56f7-4618-9f46-a6ff48173cb6:192.168.5.153:37060, 84ab4d91-000c-4523-9c5f-2c204b5f6601:192.168.5.153:39178, f7ede272-a28a-44e0-9552-15581fc2de04:192.168.5.153:38263], old=null
2019-09-17 12:52:46,478 [f7ede272-a28a-44e0-9552-15581fc2de04@group-0E70A92CA2C7:LeaderElection13] INFO  impl.RoleInfo (RoleInfo.java:shutdownLeaderElection(134)) - f7ede272-a28a-44e0-9552-15581fc2de04: shutdown LeaderElection
2019-09-17 12:52:46,478 [f7ede272-a28a-44e0-9552-15581fc2de04@group-0E70A92CA2C7:LeaderElection13] INFO  impl.RaftServerImpl (RaftServerImpl.java:setRole(174)) - f7ede272-a28a-44e0-9552-15581fc2de04@group-0E70A92CA2C7: changes role from CANDIDATE to LEADER at term 1 for changeToLeader
2019-09-17 12:52:46,478 [f7ede272-a28a-44e0-9552-15581fc2de04@group-0E70A92CA2C7:LeaderElection13] INFO  impl.RaftServerImpl (ServerState.java:setLeader(253)) - f7ede272-a28a-44e0-9552-15581fc2de04@group-0E70A92CA2C7: change Leader from null to f7ede272-a28a-44e0-9552-15581fc2de04 at term 1 for becomeLeader, leader elected after 5082ms
2019-09-17 12:52:46,479 [f7ede272-a28a-44e0-9552-15581fc2de04@group-0E70A92CA2C7:LeaderElection13] INFO  server.RaftServerConfigKeys (ConfUtils.java:logGet(43)) - raft.server.staging.catchup.gap = 1000 (default)
2019-09-17 12:52:46,479 [f7ede272-a28a-44e0-9552-15581fc2de04@group-0E70A92CA2C7:LeaderElection13] INFO  server.RaftServerConfigKeys (ConfUtils.java:logGet(43)) - raft.server.rpc.sleep.time = 25ms (default)
2019-09-17 12:52:46,479 [f7ede272-a28a-44e0-9552-15581fc2de04@group-0E70A92CA2C7:LeaderElection13] INFO  server.RaftServerConfigKeys (ConfUtils.java:logGet(43)) - raft.server.write.element-limit = 4096 (default)
2019-09-17 12:52:46,479 [f7ede272-a28a-44e0-9552-15581fc2de04@group-0E70A92CA2C7:LeaderElection13] INFO  server.RaftServerConfigKeys (ConfUtils.java:logGet(43)) - raft.server.watch.timeout = 10s (default)
2019-09-17 12:52:46,479 [f7ede272-a28a-44e0-9552-15581fc2de04@group-0E70A92CA2C7:LeaderElection13] INFO  server.RaftServerConfigKeys (ConfUtils.java:logGet(43)) - raft.server.watch.timeout.denomination = 1s (default)
2019-09-17 12:52:46,479 [f7ede272-a28a-44e0-9552-15581fc2de04@group-0E70A92CA2C7:LeaderElection13] INFO  server.RaftServerConfigKeys (ConfUtils.java:logGet(43)) - raft.server.watch.element-limit = 65536 (default)
2019-09-17 12:52:46,483 [f7ede272-a28a-44e0-9552-15581fc2de04@group-0E70A92CA2C7:LeaderElection13] INFO  server.RaftServerConfigKeys (ConfUtils.java:logGet(43)) - raft.server.log.appender.snapshot.chunk.size.max = 16MB (=16777216) (default)
2019-09-17 12:52:46,483 [f7ede272-a28a-44e0-9552-15581fc2de04@group-0E70A92CA2C7:LeaderElection13] INFO  server.RaftServerConfigKeys (ConfUtils.java:logGet(43)) - raft.server.log.appender.buffer.byte-limit = 33554432 (custom)
2019-09-17 12:52:46,483 [f7ede272-a28a-44e0-9552-15581fc2de04@group-0E70A92CA2C7:LeaderElection13] INFO  server.RaftServerConfigKeys (ConfUtils.java:logGet(43)) - raft.server.log.appender.buffer.element-limit = 1 (custom)
2019-09-17 12:52:46,483 [f7ede272-a28a-44e0-9552-15581fc2de04@group-0E70A92CA2C7:LeaderElection13] INFO  grpc.GrpcConfigKeys$Server (ConfUtils.java:logGet(43)) - raft.grpc.server.leader.outstanding.appends.max = 128 (default)
2019-09-17 12:52:46,483 [f7ede272-a28a-44e0-9552-15581fc2de04@group-0E70A92CA2C7:LeaderElection13] INFO  server.RaftServerConfigKeys (ConfUtils.java:logGet(43)) - raft.server.rpc.request.timeout = 3000ms (default)
2019-09-17 12:52:46,484 [f7ede272-a28a-44e0-9552-15581fc2de04@group-0E70A92CA2C7:LeaderElection13] INFO  server.RaftServerConfigKeys (ConfUtils.java:logGet(43)) - raft.server.log.appender.install.snapshot.enabled = false (custom)
2019-09-17 12:52:46,484 [f7ede272-a28a-44e0-9552-15581fc2de04@group-0E70A92CA2C7:LeaderElection13] INFO  server.RaftServerConfigKeys (ConfUtils.java:logGet(43)) - raft.server.log.appender.snapshot.chunk.size.max = 16MB (=16777216) (default)
2019-09-17 12:52:46,484 [f7ede272-a28a-44e0-9552-15581fc2de04@group-0E70A92CA2C7:LeaderElection13] INFO  server.RaftServerConfigKeys (ConfUtils.java:logGet(43)) - raft.server.log.appender.buffer.byte-limit = 33554432 (custom)
2019-09-17 12:52:46,484 [f7ede272-a28a-44e0-9552-15581fc2de04@group-0E70A92CA2C7:LeaderElection13] INFO  server.RaftServerConfigKeys (ConfUtils.java:logGet(43)) - raft.server.log.appender.buffer.element-limit = 1 (custom)
2019-09-17 12:52:46,484 [f7ede272-a28a-44e0-9552-15581fc2de04@group-0E70A92CA2C7:LeaderElection13] INFO  grpc.GrpcConfigKeys$Server (ConfUtils.java:logGet(43)) - raft.grpc.server.leader.outstanding.appends.max = 128 (default)
2019-09-17 12:52:46,484 [f7ede272-a28a-44e0-9552-15581fc2de04@group-0E70A92CA2C7:LeaderElection13] INFO  server.RaftServerConfigKeys (ConfUtils.java:logGet(43)) - raft.server.rpc.request.timeout = 3000ms (default)
2019-09-17 12:52:46,484 [f7ede272-a28a-44e0-9552-15581fc2de04@group-0E70A92CA2C7:LeaderElection13] INFO  server.RaftServerConfigKeys (ConfUtils.java:logGet(43)) - raft.server.log.appender.install.snapshot.enabled = false (custom)
2019-09-17 12:52:46,485 [f7ede272-a28a-44e0-9552-15581fc2de04@group-0E70A92CA2C7:LeaderElection13] INFO  impl.RoleInfo (RoleInfo.java:updateAndGet(143)) - f7ede272-a28a-44e0-9552-15581fc2de04: start LeaderState
2019-09-17 12:52:46,485 [f7ede272-a28a-44e0-9552-15581fc2de04@group-0E70A92CA2C7:LeaderElection13] INFO  segmented.SegmentedRaftLogWorker (SegmentedRaftLogWorker.java:startLogSegment(380)) - f7ede272-a28a-44e0-9552-15581fc2de04@group-0E70A92CA2C7-SegmentedRaftLogWorker: Starting segment from index:0
2019-09-17 12:52:46,486 [f7ede272-a28a-44e0-9552-15581fc2de04@group-0E70A92CA2C7:LeaderElection13] INFO  impl.RaftServerImpl (ServerState.java:setRaftConf(354)) - f7ede272-a28a-44e0-9552-15581fc2de04@group-0E70A92CA2C7: set configuration 0: [5e893e0a-56f7-4618-9f46-a6ff48173cb6:192.168.5.153:37060, 84ab4d91-000c-4523-9c5f-2c204b5f6601:192.168.5.153:39178, f7ede272-a28a-44e0-9552-15581fc2de04:192.168.5.153:38263], old=null at 0
2019-09-17 12:52:46,513 [grpc-default-executor-7] INFO  impl.RaftServerImpl (ServerState.java:setLeader(253)) - 5e893e0a-56f7-4618-9f46-a6ff48173cb6@group-0E70A92CA2C7: change Leader from null to f7ede272-a28a-44e0-9552-15581fc2de04 at term 1 for appendEntries, leader elected after 5117ms
2019-09-17 12:52:46,514 [grpc-default-executor-7] INFO  impl.RaftServerImpl (ServerState.java:setLeader(253)) - 84ab4d91-000c-4523-9c5f-2c204b5f6601@group-0E70A92CA2C7: change Leader from null to f7ede272-a28a-44e0-9552-15581fc2de04 at term 1 for appendEntries, leader elected after 5118ms
2019-09-17 12:52:46,516 [grpc-default-executor-4] INFO  impl.RaftServerImpl (ServerState.java:setRaftConf(354)) - 84ab4d91-000c-4523-9c5f-2c204b5f6601@group-0E70A92CA2C7: set configuration 0: [5e893e0a-56f7-4618-9f46-a6ff48173cb6:192.168.5.153:37060, 84ab4d91-000c-4523-9c5f-2c204b5f6601:192.168.5.153:39178, f7ede272-a28a-44e0-9552-15581fc2de04:192.168.5.153:38263], old=null at 0
2019-09-17 12:52:46,516 [grpc-default-executor-7] INFO  impl.RaftServerImpl (ServerState.java:setRaftConf(354)) - 5e893e0a-56f7-4618-9f46-a6ff48173cb6@group-0E70A92CA2C7: set configuration 0: [5e893e0a-56f7-4618-9f46-a6ff48173cb6:192.168.5.153:37060, 84ab4d91-000c-4523-9c5f-2c204b5f6601:192.168.5.153:39178, f7ede272-a28a-44e0-9552-15581fc2de04:192.168.5.153:38263], old=null at 0
2019-09-17 12:52:46,517 [grpc-default-executor-4] INFO  segmented.SegmentedRaftLogWorker (SegmentedRaftLogWorker.java:startLogSegment(380)) - 84ab4d91-000c-4523-9c5f-2c204b5f6601@group-0E70A92CA2C7-SegmentedRaftLogWorker: Starting segment from index:0
2019-09-17 12:52:46,517 [grpc-default-executor-7] INFO  segmented.SegmentedRaftLogWorker (SegmentedRaftLogWorker.java:startLogSegment(380)) - 5e893e0a-56f7-4618-9f46-a6ff48173cb6@group-0E70A92CA2C7-SegmentedRaftLogWorker: Starting segment from index:0
2019-09-17 12:52:46,534 [f7ede272-a28a-44e0-9552-15581fc2de04@group-0E70A92CA2C7-SegmentedRaftLogWorker] INFO  segmented.SegmentedRaftLogWorker (SegmentedRaftLogWorker.java:execute(569)) - f7ede272-a28a-44e0-9552-15581fc2de04@group-0E70A92CA2C7-SegmentedRaftLogWorker: created new log segment /tmp/workdir/hadoop-ozone/tools/target/test-dir/MiniOzoneClusterImpl-50a1f6bc-759b-451e-a5dd-d4a59b2daa65/datanode-2/data/ratis/2352ae7c-367f-43ff-a988-0e70a92ca2c7/current/log_inprogress_0
2019-09-17 12:52:46,550 [grpc-default-executor-4] INFO  client.GrpcClientProtocolClient (GrpcClientProtocolClient.java:onNext(264)) - client-71E54A2B450F->84ab4d91-000c-4523-9c5f-2c204b5f6601: receive RaftClientReply:client-71E54A2B450F->84ab4d91-000c-4523-9c5f-2c204b5f6601@group-0E70A92CA2C7, cid=247, FAILED org.apache.ratis.protocol.NotLeaderException: Server 84ab4d91-000c-4523-9c5f-2c204b5f6601@group-0E70A92CA2C7 is not the leader f7ede272-a28a-44e0-9552-15581fc2de04:192.168.5.153:38263, logIndex=0, commits[84ab4d91-000c-4523-9c5f-2c204b5f6601:c-1, 5e893e0a-56f7-4618-9f46-a6ff48173cb6:c-1, f7ede272-a28a-44e0-9552-15581fc2de04:c-1]
2019-09-17 12:52:46,572 [5e893e0a-56f7-4618-9f46-a6ff48173cb6@group-0E70A92CA2C7-SegmentedRaftLogWorker] INFO  segmented.SegmentedRaftLogWorker (SegmentedRaftLogWorker.java:execute(569)) - 5e893e0a-56f7-4618-9f46-a6ff48173cb6@group-0E70A92CA2C7-SegmentedRaftLogWorker: created new log segment /tmp/workdir/hadoop-ozone/tools/target/test-dir/MiniOzoneClusterImpl-50a1f6bc-759b-451e-a5dd-d4a59b2daa65/datanode-0/data/ratis/2352ae7c-367f-43ff-a988-0e70a92ca2c7/current/log_inprogress_0
2019-09-17 12:52:46,572 [84ab4d91-000c-4523-9c5f-2c204b5f6601@group-0E70A92CA2C7-SegmentedRaftLogWorker] INFO  segmented.SegmentedRaftLogWorker (SegmentedRaftLogWorker.java:execute(569)) - 84ab4d91-000c-4523-9c5f-2c204b5f6601@group-0E70A92CA2C7-SegmentedRaftLogWorker: created new log segment /tmp/workdir/hadoop-ozone/tools/target/test-dir/MiniOzoneClusterImpl-50a1f6bc-759b-451e-a5dd-d4a59b2daa65/datanode-1/data/ratis/2352ae7c-367f-43ff-a988-0e70a92ca2c7/current/log_inprogress_0
2019-09-17 12:52:46,870 [grpc-default-executor-6] INFO  client.GrpcClientProtocolClient (GrpcClientProtocolClient.java:onNext(264)) - client-71E54A2B450F->f7ede272-a28a-44e0-9552-15581fc2de04: receive RaftClientReply:client-71E54A2B450F->f7ede272-a28a-44e0-9552-15581fc2de04@group-0E70A92CA2C7, cid=247, SUCCESS, logIndex=1, commits[f7ede272-a28a-44e0-9552-15581fc2de04:c1, 5e893e0a-56f7-4618-9f46-a6ff48173cb6:c0, 84ab4d91-000c-4523-9c5f-2c204b5f6601:c0]
2019-09-17 12:52:46,960 [grpc-default-executor-4] INFO  client.GrpcClientProtocolClient (GrpcClientProtocolClient.java:onNext(264)) - client-71E54A2B450F->f7ede272-a28a-44e0-9552-15581fc2de04: receive RaftClientReply:client-71E54A2B450F->f7ede272-a28a-44e0-9552-15581fc2de04@group-0E70A92CA2C7, cid=248, SUCCESS, logIndex=3, commits[f7ede272-a28a-44e0-9552-15581fc2de04:c8, 5e893e0a-56f7-4618-9f46-a6ff48173cb6:c6, 84ab4d91-000c-4523-9c5f-2c204b5f6601:c6]
2019-09-17 12:52:46,961 [grpc-default-executor-4] INFO  client.GrpcClientProtocolClient (GrpcClientProtocolClient.java:onNext(264)) - client-71E54A2B450F->f7ede272-a28a-44e0-9552-15581fc2de04: receive RaftClientReply:client-71E54A2B450F->f7ede272-a28a-44e0-9552-15581fc2de04@group-0E70A92CA2C7, cid=249, SUCCESS, logIndex=4, commits[f7ede272-a28a-44e0-9552-15581fc2de04:c8, 5e893e0a-56f7-4618-9f46-a6ff48173cb6:c6, 84ab4d91-000c-4523-9c5f-2c204b5f6601:c6]
2019-09-17 12:52:47,108 [grpc-default-executor-4] INFO  client.GrpcClientProtocolClient (GrpcClientProtocolClient.java:onNext(264)) - client-71E54A2B450F->f7ede272-a28a-44e0-9552-15581fc2de04: receive RaftClientReply:client-71E54A2B450F->f7ede272-a28a-44e0-9552-15581fc2de04@group-0E70A92CA2C7, cid=250, SUCCESS, logIndex=6, commits[f7ede272-a28a-44e0-9552-15581fc2de04:c8, 5e893e0a-56f7-4618-9f46-a6ff48173cb6:c6, 84ab4d91-000c-4523-9c5f-2c204b5f6601:c6]
2019-09-17 12:52:47,145 [grpc-default-executor-5] INFO  client.GrpcClientProtocolClient (GrpcClientProtocolClient.java:onNext(264)) - client-71E54A2B450F->f7ede272-a28a-44e0-9552-15581fc2de04: receive RaftClientReply:client-71E54A2B450F->f7ede272-a28a-44e0-9552-15581fc2de04@group-0E70A92CA2C7, cid=257, SUCCESS, logIndex=9, commits[f7ede272-a28a-44e0-9552-15581fc2de04:c9, 5e893e0a-56f7-4618-9f46-a6ff48173cb6:c8, 84ab4d91-000c-4523-9c5f-2c204b5f6601:c8]
2019-09-17 12:52:47,146 [grpc-default-executor-5] INFO  client.GrpcClientProtocolClient (GrpcClientProtocolClient.java:onNext(264)) - client-71E54A2B450F->f7ede272-a28a-44e0-9552-15581fc2de04: receive RaftClientReply:client-71E54A2B450F->f7ede272-a28a-44e0-9552-15581fc2de04@group-0E70A92CA2C7, cid=258, SUCCESS, logIndex=10, commits[f7ede272-a28a-44e0-9552-15581fc2de04:c12, 5e893e0a-56f7-4618-9f46-a6ff48173cb6:c8, 84ab4d91-000c-4523-9c5f-2c204b5f6601:c8]
2019-09-17 12:52:47,149 [grpc-default-executor-5] INFO  client.GrpcClientProtocolClient (GrpcClientProtocolClient.java:onNext(264)) - client-71E54A2B450F->f7ede272-a28a-44e0-9552-15581fc2de04: receive RaftClientReply:client-71E54A2B450F->f7ede272-a28a-44e0-9552-15581fc2de04@group-0E70A92CA2C7, cid=259, SUCCESS, logIndex=11, commits[f7ede272-a28a-44e0-9552-15581fc2de04:c12, 5e893e0a-56f7-4618-9f46-a6ff48173cb6:c8, 84ab4d91-000c-4523-9c5f-2c204b5f6601:c8]
2019-09-17 12:52:47,149 [grpc-default-executor-5] INFO  client.GrpcClientProtocolClient (GrpcClientProtocolClient.java:onNext(264)) - client-71E54A2B450F->f7ede272-a28a-44e0-9552-15581fc2de04: receive RaftClientReply:client-71E54A2B450F->f7ede272-a28a-44e0-9552-15581fc2de04@group-0E70A92CA2C7, cid=260, SUCCESS, logIndex=12, commits[f7ede272-a28a-44e0-9552-15581fc2de04:c12, 5e893e0a-56f7-4618-9f46-a6ff48173cb6:c8, 84ab4d91-000c-4523-9c5f-2c204b5f6601:c8]
2019-09-17 12:52:47,164 [grpc-default-executor-6] INFO  client.GrpcClientProtocolClient (GrpcClientProtocolClient.java:onNext(264)) - client-71E54A2B450F->f7ede272-a28a-44e0-9552-15581fc2de04: receive RaftClientReply:client-71E54A2B450F->f7ede272-a28a-44e0-9552-15581fc2de04@group-0E70A92CA2C7, cid=261, SUCCESS, logIndex=0, commits[f7ede272-a28a-44e0-9552-15581fc2de04:c14, 5e893e0a-56f7-4618-9f46-a6ff48173cb6:c11, 84ab4d91-000c-4523-9c5f-2c204b5f6601:c12]
2019-09-17 12:52:47,166 [grpc-default-executor-6] INFO  client.GrpcClientProtocolClient (GrpcClientProtocolClient.java:onNext(264)) - client-71E54A2B450F->f7ede272-a28a-44e0-9552-15581fc2de04: receive RaftClientReply:client-71E54A2B450F->f7ede272-a28a-44e0-9552-15581fc2de04@group-0E70A92CA2C7, cid=262, SUCCESS, logIndex=0, commits[f7ede272-a28a-44e0-9552-15581fc2de04:c15, 5e893e0a-56f7-4618-9f46-a6ff48173cb6:c12, 84ab4d91-000c-4523-9c5f-2c204b5f6601:c12]
 100.00% |█████████████████████████████████████████████████████████████████████████████████████████████████████|  1/1 Time: 0:09:51
2019-09-17 12:52:48,837 [grpc-default-executor-6] INFO  impl.RaftServerProxy (RaftServerProxy.java:remove(95)) - 5e893e0a-56f7-4618-9f46-a6ff48173cb6: remove group-869F42A7192E:null
2019-09-17 12:52:48,840 [RatisPipelineUtilsThread] WARN  pipeline.RatisPipelineUtils (RatisPipelineUtils.java:destroyPipeline(66)) - Pipeline destroy failed for pipeline=PipelineID=beaf19c3-da84-45d5-96c5-869f42a7192e dn=5e893e0a-56f7-4618-9f46-a6ff48173cb6{ip: 192.168.5.153, host: pr-hdds-2137-trunk-mnh2s-3748177197, networkLocation: /default-rack, certSerialId: null}
2019-09-17 12:52:48,843 [grpc-default-executor-6] INFO  impl.RaftServerProxy (RaftServerProxy.java:remove(95)) - 84ab4d91-000c-4523-9c5f-2c204b5f6601: remove group-869F42A7192E:null
2019-09-17 12:52:48,845 [RatisPipelineUtilsThread] WARN  pipeline.RatisPipelineUtils (RatisPipelineUtils.java:destroyPipeline(66)) - Pipeline destroy failed for pipeline=PipelineID=beaf19c3-da84-45d5-96c5-869f42a7192e dn=84ab4d91-000c-4523-9c5f-2c204b5f6601{ip: 192.168.5.153, host: pr-hdds-2137-trunk-mnh2s-3748177197, networkLocation: /default-rack, certSerialId: null}
2019-09-17 12:52:48,847 [grpc-default-executor-6] INFO  impl.RaftServerProxy (RaftServerProxy.java:remove(95)) - f7ede272-a28a-44e0-9552-15581fc2de04: remove group-869F42A7192E:null
2019-09-17 12:52:48,849 [RatisPipelineUtilsThread] WARN  pipeline.RatisPipelineUtils (RatisPipelineUtils.java:destroyPipeline(66)) - Pipeline destroy failed for pipeline=PipelineID=beaf19c3-da84-45d5-96c5-869f42a7192e dn=f7ede272-a28a-44e0-9552-15581fc2de04{ip: 192.168.5.153, host: pr-hdds-2137-trunk-mnh2s-3748177197, networkLocation: /default-rack, certSerialId: null}
2019-09-17 12:52:48,849 [RatisPipelineUtilsThread] ERROR pipeline.SCMPipelineManager (Scheduler.java:lambda$schedule$1(70)) - Destroy pipeline failed for pipeline:Pipeline[ Id: beaf19c3-da84-45d5-96c5-869f42a7192e, Nodes: 5e893e0a-56f7-4618-9f46-a6ff48173cb6{ip: 192.168.5.153, host: pr-hdds-2137-trunk-mnh2s-3748177197, networkLocation: /default-rack, certSerialId: null}84ab4d91-000c-4523-9c5f-2c204b5f6601{ip: 192.168.5.153, host: pr-hdds-2137-trunk-mnh2s-3748177197, networkLocation: /default-rack, certSerialId: null}f7ede272-a28a-44e0-9552-15581fc2de04{ip: 192.168.5.153, host: pr-hdds-2137-trunk-mnh2s-3748177197, networkLocation: /default-rack, certSerialId: null}, Type:RATIS, Factor:THREE, State:CLOSED]
org.apache.hadoop.hdds.scm.pipeline.PipelineNotFoundException: PipelineID=beaf19c3-da84-45d5-96c5-869f42a7192e not found
	at org.apache.hadoop.hdds.scm.pipeline.PipelineStateMap.getPipeline(PipelineStateMap.java:132)
	at org.apache.hadoop.hdds.scm.pipeline.PipelineStateMap.removePipeline(PipelineStateMap.java:322)
	at org.apache.hadoop.hdds.scm.pipeline.PipelineStateManager.removePipeline(PipelineStateManager.java:107)
	at org.apache.hadoop.hdds.scm.pipeline.SCMPipelineManager.removePipeline(SCMPipelineManager.java:423)
	at org.apache.hadoop.hdds.scm.pipeline.SCMPipelineManager.destroyPipeline(SCMPipelineManager.java:409)
	at org.apache.hadoop.hdds.scm.pipeline.SCMPipelineManager.lambda$finalizeAndDestroyPipeline$0(SCMPipelineManager.java:318)
	at org.apache.hadoop.utils.Scheduler.lambda$schedule$1(Scheduler.java:68)
	at java.util.concurrent.Executors$RunnableAdapter.call(Executors.java:511)
	at java.util.concurrent.FutureTask.run(FutureTask.java:266)
	at java.util.concurrent.ScheduledThreadPoolExecutor$ScheduledFutureTask.access$201(ScheduledThreadPoolExecutor.java:180)
	at java.util.concurrent.ScheduledThreadPoolExecutor$ScheduledFutureTask.run(ScheduledThreadPoolExecutor.java:293)
	at java.util.concurrent.ThreadPoolExecutor.runWorker(ThreadPoolExecutor.java:1149)
	at java.util.concurrent.ThreadPoolExecutor$Worker.run(ThreadPoolExecutor.java:624)
	at java.lang.Thread.run(Thread.java:748)
2019-09-17 12:52:50,843 [grpc-default-executor-5] INFO  impl.RaftServerProxy (RaftServerProxy.java:remove(95)) - 5e893e0a-56f7-4618-9f46-a6ff48173cb6: remove group-869F42A7192E:null
2019-09-17 12:52:50,848 [RatisPipelineUtilsThread] WARN  pipeline.RatisPipelineUtils (RatisPipelineUtils.java:destroyPipeline(66)) - Pipeline destroy failed for pipeline=PipelineID=beaf19c3-da84-45d5-96c5-869f42a7192e dn=5e893e0a-56f7-4618-9f46-a6ff48173cb6{ip: 192.168.5.153, host: pr-hdds-2137-trunk-mnh2s-3748177197, networkLocation: /default-rack, certSerialId: null}
2019-09-17 12:52:50,851 [grpc-default-executor-5] INFO  impl.RaftServerProxy (RaftServerProxy.java:remove(95)) - 84ab4d91-000c-4523-9c5f-2c204b5f6601: remove group-869F42A7192E:null
2019-09-17 12:52:50,853 [RatisPipelineUtilsThread] WARN  pipeline.RatisPipelineUtils (RatisPipelineUtils.java:destroyPipeline(66)) - Pipeline destroy failed for pipeline=PipelineID=beaf19c3-da84-45d5-96c5-869f42a7192e dn=84ab4d91-000c-4523-9c5f-2c204b5f6601{ip: 192.168.5.153, host: pr-hdds-2137-trunk-mnh2s-3748177197, networkLocation: /default-rack, certSerialId: null}
2019-09-17 12:52:50,856 [grpc-default-executor-5] INFO  impl.RaftServerProxy (RaftServerProxy.java:remove(95)) - f7ede272-a28a-44e0-9552-15581fc2de04: remove group-869F42A7192E:null
2019-09-17 12:52:50,857 [RatisPipelineUtilsThread] WARN  pipeline.RatisPipelineUtils (RatisPipelineUtils.java:destroyPipeline(66)) - Pipeline destroy failed for pipeline=PipelineID=beaf19c3-da84-45d5-96c5-869f42a7192e dn=f7ede272-a28a-44e0-9552-15581fc2de04{ip: 192.168.5.153, host: pr-hdds-2137-trunk-mnh2s-3748177197, networkLocation: /default-rack, certSerialId: null}
2019-09-17 12:52:50,858 [RatisPipelineUtilsThread] ERROR pipeline.SCMPipelineManager (Scheduler.java:lambda$schedule$1(70)) - Destroy pipeline failed for pipeline:Pipeline[ Id: beaf19c3-da84-45d5-96c5-869f42a7192e, Nodes: 5e893e0a-56f7-4618-9f46-a6ff48173cb6{ip: 192.168.5.153, host: pr-hdds-2137-trunk-mnh2s-3748177197, networkLocation: /default-rack, certSerialId: null}84ab4d91-000c-4523-9c5f-2c204b5f6601{ip: 192.168.5.153, host: pr-hdds-2137-trunk-mnh2s-3748177197, networkLocation: /default-rack, certSerialId: null}f7ede272-a28a-44e0-9552-15581fc2de04{ip: 192.168.5.153, host: pr-hdds-2137-trunk-mnh2s-3748177197, networkLocation: /default-rack, certSerialId: null}, Type:RATIS, Factor:THREE, State:CLOSED]
org.apache.hadoop.hdds.scm.pipeline.PipelineNotFoundException: PipelineID=beaf19c3-da84-45d5-96c5-869f42a7192e not found
	at org.apache.hadoop.hdds.scm.pipeline.PipelineStateMap.getPipeline(PipelineStateMap.java:132)
	at org.apache.hadoop.hdds.scm.pipeline.PipelineStateMap.removePipeline(PipelineStateMap.java:322)
	at org.apache.hadoop.hdds.scm.pipeline.PipelineStateManager.removePipeline(PipelineStateManager.java:107)
	at org.apache.hadoop.hdds.scm.pipeline.SCMPipelineManager.removePipeline(SCMPipelineManager.java:423)
	at org.apache.hadoop.hdds.scm.pipeline.SCMPipelineManager.destroyPipeline(SCMPipelineManager.java:409)
	at org.apache.hadoop.hdds.scm.pipeline.SCMPipelineManager.lambda$finalizeAndDestroyPipeline$0(SCMPipelineManager.java:318)
	at org.apache.hadoop.utils.Scheduler.lambda$schedule$1(Scheduler.java:68)
	at java.util.concurrent.Executors$RunnableAdapter.call(Executors.java:511)
	at java.util.concurrent.FutureTask.run(FutureTask.java:266)
	at java.util.concurrent.ScheduledThreadPoolExecutor$ScheduledFutureTask.access$201(ScheduledThreadPoolExecutor.java:180)
	at java.util.concurrent.ScheduledThreadPoolExecutor$ScheduledFutureTask.run(ScheduledThreadPoolExecutor.java:293)
	at java.util.concurrent.ThreadPoolExecutor.runWorker(ThreadPoolExecutor.java:1149)
	at java.util.concurrent.ThreadPoolExecutor$Worker.run(ThreadPoolExecutor.java:624)
	at java.lang.Thread.run(Thread.java:748)
2019-09-17 12:52:52,777 [main] INFO  pipeline.SCMPipelineManager (SCMPipelineManager.java:finalizeAndDestroyPipeline(311)) - destroying pipeline:Pipeline[ Id: 22b25e15-f7aa-4333-9a99-4d4b80019bf9, Nodes: 5e893e0a-56f7-4618-9f46-a6ff48173cb6{ip: 192.168.5.153, host: pr-hdds-2137-trunk-mnh2s-3748177197, networkLocation: /default-rack, certSerialId: null}, Type:RATIS, Factor:ONE, State:OPEN]
2019-09-17 12:52:52,777 [main] INFO  pipeline.PipelineStateManager (PipelineStateManager.java:finalizePipeline(123)) - Pipeline Pipeline[ Id: 22b25e15-f7aa-4333-9a99-4d4b80019bf9, Nodes: 5e893e0a-56f7-4618-9f46-a6ff48173cb6{ip: 192.168.5.153, host: pr-hdds-2137-trunk-mnh2s-3748177197, networkLocation: /default-rack, certSerialId: null}, Type:RATIS, Factor:ONE, State:CLOSED] moved to CLOSED state
2019-09-17 12:52:52,780 [grpc-default-executor-5] INFO  impl.RaftServerProxy (RaftServerProxy.java:remove(95)) - 5e893e0a-56f7-4618-9f46-a6ff48173cb6: remove    LEADER 5e893e0a-56f7-4618-9f46-a6ff48173cb6@group-4D4B80019BF9:t1, leader=5e893e0a-56f7-4618-9f46-a6ff48173cb6, voted=5e893e0a-56f7-4618-9f46-a6ff48173cb6, raftlog=5e893e0a-56f7-4618-9f46-a6ff48173cb6@group-4D4B80019BF9-SegmentedRaftLog:OPENED:c0,f0,i0, conf=0: [5e893e0a-56f7-4618-9f46-a6ff48173cb6:192.168.5.153:37060], old=null RUNNING
2019-09-17 12:52:52,781 [grpc-default-executor-5] INFO  impl.RaftServerImpl (RaftServerImpl.java:lambda$shutdown$3(251)) - 5e893e0a-56f7-4618-9f46-a6ff48173cb6@group-4D4B80019BF9: shutdown
2019-09-17 12:52:52,781 [grpc-default-executor-5] INFO  util.JmxRegister (JmxRegister.java:unregister(73)) - Successfully un-registered JMX Bean with object name Ratis:service=RaftServer,group=group-4D4B80019BF9,id=5e893e0a-56f7-4618-9f46-a6ff48173cb6
2019-09-17 12:52:52,781 [grpc-default-executor-5] INFO  impl.RoleInfo (RoleInfo.java:shutdownLeaderState(104)) - 5e893e0a-56f7-4618-9f46-a6ff48173cb6: shutdown LeaderState
2019-09-17 12:52:52,782 [grpc-default-executor-5] INFO  impl.PendingRequests (PendingRequests.java:sendNotLeaderResponses(202)) - 5e893e0a-56f7-4618-9f46-a6ff48173cb6-PendingRequests: sendNotLeaderResponses
2019-09-17 12:52:52,782 [grpc-default-executor-5] INFO  impl.StateMachineUpdater (StateMachineUpdater.java:stopAndJoin(125)) - 5e893e0a-56f7-4618-9f46-a6ff48173cb6@group-4D4B80019BF9-StateMachineUpdater: set stopIndex = 0
2019-09-17 12:52:52,782 [grpc-default-executor-5] INFO  impl.RaftServerImpl (ServerState.java:close(385)) - 5e893e0a-56f7-4618-9f46-a6ff48173cb6@group-4D4B80019BF9: closes. applyIndex: 0
2019-09-17 12:52:52,783 [5e893e0a-56f7-4618-9f46-a6ff48173cb6@group-4D4B80019BF9-SegmentedRaftLogWorker] INFO  segmented.SegmentedRaftLogWorker (SegmentedRaftLogWorker.java:run(313)) - 5e893e0a-56f7-4618-9f46-a6ff48173cb6@group-4D4B80019BF9-SegmentedRaftLogWorker was interrupted, exiting. There are 0 tasks remaining in the queue.
2019-09-17 12:52:52,785 [grpc-default-executor-5] INFO  segmented.SegmentedRaftLogWorker (SegmentedRaftLogWorker.java:close(228)) - 5e893e0a-56f7-4618-9f46-a6ff48173cb6@group-4D4B80019BF9-SegmentedRaftLogWorker close()
2019-09-17 12:52:52,792 [main] INFO  pipeline.PipelineStateManager (PipelineStateManager.java:removePipeline(108)) - Pipeline Pipeline[ Id: 22b25e15-f7aa-4333-9a99-4d4b80019bf9, Nodes: 5e893e0a-56f7-4618-9f46-a6ff48173cb6{ip: 192.168.5.153, host: pr-hdds-2137-trunk-mnh2s-3748177197, networkLocation: /default-rack, certSerialId: null}, Type:RATIS, Factor:ONE, State:CLOSED] removed from db
2019-09-17 12:52:52,797 [grpc-default-executor-5] INFO  impl.RaftServerProxy (RaftServerProxy.java:addNew(89)) - 5e893e0a-56f7-4618-9f46-a6ff48173cb6: addNew group-E282734DA0EB:[5e893e0a-56f7-4618-9f46-a6ff48173cb6:192.168.5.153:37060] returns group-E282734DA0EB:java.util.concurrent.CompletableFuture@7a55cda8[Not completed]
2019-09-17 12:52:52,799 [pool-27-thread-1] INFO  impl.RaftServerImpl (RaftServerImpl.java:<init>(95)) - 5e893e0a-56f7-4618-9f46-a6ff48173cb6: new RaftServerImpl for group-E282734DA0EB:[5e893e0a-56f7-4618-9f46-a6ff48173cb6:192.168.5.153:37060] with ContainerStateMachine:uninitialized
2019-09-17 12:52:52,800 [pool-27-thread-1] INFO  server.RaftServerConfigKeys (ConfUtils.java:logGet(43)) - raft.server.rpc.timeout.min = 5s (custom)
2019-09-17 12:52:52,800 [pool-27-thread-1] INFO  server.RaftServerConfigKeys (ConfUtils.java:logGet(43)) - raft.server.rpc.timeout.max = 5200ms (custom)
2019-09-17 12:52:52,800 [pool-27-thread-1] INFO  server.RaftServerConfigKeys (ConfUtils.java:logGet(43)) - raft.server.rpcslowness.timeout = 120s (custom)
2019-09-17 12:52:52,800 [pool-27-thread-1] INFO  server.RaftServerConfigKeys (ConfUtils.java:logGet(43)) - raft.server.sleep.deviation.threshold = 300 (default)
2019-09-17 12:52:52,800 [pool-27-thread-1] INFO  server.RaftServerConfigKeys (ConfUtils.java:logGet(43)) - raft.server.log.appender.install.snapshot.enabled = false (custom)
2019-09-17 12:52:52,800 [pool-27-thread-1] INFO  impl.RaftServerImpl (ServerState.java:<init>(103)) - 5e893e0a-56f7-4618-9f46-a6ff48173cb6@group-E282734DA0EB: ConfigurationManager, init=-1: [5e893e0a-56f7-4618-9f46-a6ff48173cb6:192.168.5.153:37060], old=null, confs=<EMPTY_MAP>
2019-09-17 12:52:52,800 [pool-27-thread-1] INFO  server.RaftServerConfigKeys (ConfUtils.java:logGet(43)) - raft.server.storage.dir = [/tmp/workdir/hadoop-ozone/tools/target/test-dir/MiniOzoneClusterImpl-50a1f6bc-759b-451e-a5dd-d4a59b2daa65/datanode-0/data/ratis] (custom)
2019-09-17 12:52:52,803 [pool-27-thread-1] INFO  storage.RaftStorageDirectory (RaftStorageDirectory.java:analyzeStorage(246)) - The storage directory /tmp/workdir/hadoop-ozone/tools/target/test-dir/MiniOzoneClusterImpl-50a1f6bc-759b-451e-a5dd-d4a59b2daa65/datanode-0/data/ratis/bd6034cd-be87-4337-bb8b-e282734da0eb does not exist. Creating ...
2019-09-17 12:52:52,818 [pool-27-thread-1] INFO  storage.RaftStorageDirectory (RaftStorageDirectory.java:tryLock(328)) - Lock on /tmp/workdir/hadoop-ozone/tools/target/test-dir/MiniOzoneClusterImpl-50a1f6bc-759b-451e-a5dd-d4a59b2daa65/datanode-0/data/ratis/bd6034cd-be87-4337-bb8b-e282734da0eb/in_use.lock acquired by nodename 20616@pr-hdds-2137-trunk-mnh2s-3748177197
2019-09-17 12:52:52,836 [pool-27-thread-1] INFO  storage.RaftStorage (RaftStorage.java:format(72)) - Storage directory /tmp/workdir/hadoop-ozone/tools/target/test-dir/MiniOzoneClusterImpl-50a1f6bc-759b-451e-a5dd-d4a59b2daa65/datanode-0/data/ratis/bd6034cd-be87-4337-bb8b-e282734da0eb has been successfully formatted.
2019-09-17 12:52:52,836 [pool-27-thread-1] INFO  ratis.ContainerStateMachine (ContainerStateMachine.java:loadSnapshot(230)) - group-E282734DA0EB: The snapshot info is null. Setting the last applied indexto:(t:0, i:~)
2019-09-17 12:52:52,836 [pool-27-thread-1] INFO  server.RaftServerConfigKeys (ConfUtils.java:logGet(43)) - raft.server.notification.no-leader.timeout = 120s (custom)
2019-09-17 12:52:52,836 [pool-27-thread-1] INFO  server.RaftServerConfigKeys (ConfUtils.java:logGet(43)) - raft.server.log.use.memory = false (default)
2019-09-17 12:52:52,837 [pool-27-thread-1] INFO  server.RaftServerConfigKeys (ConfUtils.java:logGet(43)) - raft.server.log.purge.gap = 1000000 (custom)
2019-09-17 12:52:52,837 [pool-27-thread-1] INFO  server.RaftServerConfigKeys (ConfUtils.java:logGet(43)) - raft.server.log.appender.buffer.byte-limit = 33554432 (custom)
2019-09-17 12:52:52,837 [pool-27-thread-1] INFO  server.RaftServerConfigKeys (ConfUtils.java:logGet(43)) - raft.server.log.segment.size.max = 1048576 (custom)
2019-09-17 12:52:52,837 [pool-27-thread-1] INFO  server.RaftServerConfigKeys (ConfUtils.java:logGet(43)) - raft.server.log.segment.cache.num.max = 2 (custom)
2019-09-17 12:52:52,837 [pool-27-thread-1] INFO  segmented.SegmentedRaftLogWorker (SegmentedRaftLogWorker.java:<init>(172)) - new 5e893e0a-56f7-4618-9f46-a6ff48173cb6@group-E282734DA0EB-SegmentedRaftLogWorker for RaftStorage:Storage Directory /tmp/workdir/hadoop-ozone/tools/target/test-dir/MiniOzoneClusterImpl-50a1f6bc-759b-451e-a5dd-d4a59b2daa65/datanode-0/data/ratis/bd6034cd-be87-4337-bb8b-e282734da0eb
2019-09-17 12:52:52,837 [pool-27-thread-1] INFO  server.RaftServerConfigKeys (ConfUtils.java:logGet(43)) - raft.server.log.queue.byte-limit = 2147483647 (custom)
2019-09-17 12:52:52,838 [pool-27-thread-1] INFO  server.RaftServerConfigKeys (ConfUtils.java:logGet(43)) - raft.server.log.queue.element-limit = 1024 (custom)
2019-09-17 12:52:52,838 [pool-27-thread-1] INFO  server.RaftServerConfigKeys (ConfUtils.java:logGet(43)) - raft.server.log.segment.size.max = 1048576 (custom)
2019-09-17 12:52:52,838 [pool-27-thread-1] INFO  server.RaftServerConfigKeys (ConfUtils.java:logGet(43)) - raft.server.log.preallocated.size = 16384 (custom)
2019-09-17 12:52:52,838 [pool-27-thread-1] INFO  server.RaftServerConfigKeys (ConfUtils.java:logGet(43)) - raft.server.log.write.buffer.size = 33554432 (custom)
2019-09-17 12:52:52,838 [pool-27-thread-1] INFO  server.RaftServerConfigKeys (ConfUtils.java:logGet(43)) - raft.server.log.force.sync.num = 128 (default)
2019-09-17 12:52:52,838 [pool-27-thread-1] INFO  server.RaftServerConfigKeys (ConfUtils.java:logGet(43)) - raft.server.log.statemachine.data.sync = true (default)
2019-09-17 12:52:52,839 [pool-27-thread-1] INFO  server.RaftServerConfigKeys (ConfUtils.java:logGet(43)) - raft.server.log.statemachine.data.sync.timeout = 10s (default)
2019-09-17 12:52:52,839 [pool-27-thread-1] INFO  server.RaftServerConfigKeys (ConfUtils.java:logGet(43)) - raft.server.log.statemachine.data.sync.timeout.retry = -1 (default)
2019-09-17 12:52:52,839 [pool-27-thread-1] INFO  server.RaftServerConfigKeys (ConfUtils.java:logGet(43)) - raft.server.log.statemachine.data.caching.enabled = true (custom)
2019-09-17 12:52:52,839 [pool-27-thread-1] INFO  segmented.SegmentedRaftLogWorker (SegmentedRaftLogWorker.java:lambda$new$0(132)) - 5e893e0a-56f7-4618-9f46-a6ff48173cb6@group-E282734DA0EB-SegmentedRaftLogWorker: flushIndex: setUnconditionally 0 -> -1
2019-09-17 12:52:52,840 [pool-27-thread-1] INFO  server.RaftServerConfigKeys (ConfUtils.java:logGet(43)) - raft.server.snapshot.auto.trigger.enabled = true (custom)
2019-09-17 12:52:52,840 [pool-27-thread-1] INFO  server.RaftServerConfigKeys (ConfUtils.java:logGet(43)) - raft.server.snapshot.auto.trigger.threshold = 10000 (custom)
2019-09-17 12:52:52,840 [pool-27-thread-1] INFO  server.RaftServerConfigKeys (ConfUtils.java:logGet(43)) - raft.server.snapshot.retention.num.files = 5 (custom)
2019-09-17 12:52:52,840 [pool-27-thread-1] INFO  server.RaftServerConfigKeys (ConfUtils.java:logGet(43)) - raft.server.retrycache.expirytime = 600000ms (custom)
2019-09-17 12:52:52,843 [pool-27-thread-1] INFO  impl.RaftServerImpl (RaftServerImpl.java:start(185)) - 5e893e0a-56f7-4618-9f46-a6ff48173cb6@group-E282734DA0EB: start as a follower, conf=-1: [5e893e0a-56f7-4618-9f46-a6ff48173cb6:192.168.5.153:37060], old=null
2019-09-17 12:52:52,843 [pool-27-thread-1] INFO  impl.RaftServerImpl (RaftServerImpl.java:setRole(174)) - 5e893e0a-56f7-4618-9f46-a6ff48173cb6@group-E282734DA0EB: changes role from      null to FOLLOWER at term 0 for startAsFollower
2019-09-17 12:52:52,843 [pool-27-thread-1] INFO  impl.RoleInfo (RoleInfo.java:updateAndGet(143)) - 5e893e0a-56f7-4618-9f46-a6ff48173cb6: start FollowerState
2019-09-17 12:52:52,844 [pool-27-thread-1] INFO  util.JmxRegister (JmxRegister.java:tryRegister(44)) - Successfully registered JMX Bean with object name Ratis:service=RaftServer,group=group-E282734DA0EB,id=5e893e0a-56f7-4618-9f46-a6ff48173cb6
2019-09-17 12:52:52,846 [RatisPipelineUtilsThread] INFO  pipeline.PipelineStateManager (PipelineStateManager.java:addPipeline(56)) - Created pipeline Pipeline[ Id: bd6034cd-be87-4337-bb8b-e282734da0eb, Nodes: 5e893e0a-56f7-4618-9f46-a6ff48173cb6{ip: 192.168.5.153, host: pr-hdds-2137-trunk-mnh2s-3748177197, networkLocation: /default-rack, certSerialId: null}, Type:RATIS, Factor:ONE, State:OPEN]
2019-09-17 12:52:52,877 [main] INFO  freon.RandomKeyGenerator (RandomKeyGenerator.java:call(283)) - Number of Threads: 10
2019-09-17 12:52:52,877 [main] INFO  freon.RandomKeyGenerator (RandomKeyGenerator.java:call(288)) - Number of Volumes: 1.
2019-09-17 12:52:52,877 [main] INFO  freon.RandomKeyGenerator (RandomKeyGenerator.java:call(289)) - Number of Buckets per Volume: 1.
2019-09-17 12:52:52,877 [main] INFO  freon.RandomKeyGenerator (RandomKeyGenerator.java:call(290)) - Number of Keys per Bucket: 1.
2019-09-17 12:52:52,877 [main] INFO  freon.RandomKeyGenerator (RandomKeyGenerator.java:call(291)) - Key size: 20971520 bytes
2019-09-17 12:52:52,878 [main] INFO  freon.RandomKeyGenerator (RandomKeyGenerator.java:call(292)) - Buffer size: 4096 bytes
2019-09-17 12:52:52,878 [main] INFO  freon.RandomKeyGenerator (RandomKeyGenerator.java:call(293)) - validateWrites : true
2019-09-17 12:52:52,879 [main] INFO  freon.RandomKeyGenerator (RandomKeyGenerator.java:call(307)) - Data validation is enabled.
2019-09-17 12:52:52,879 [main] INFO  freon.RandomKeyGenerator (RandomKeyGenerator.java:call(313)) - Starting progress bar Thread.

 0.00% |█                                                                                                    |  0/1 Time: 0:00:002019-09-17 12:52:52,897 [pool-62-thread-1] INFO  rpc.RpcClient (RpcClient.java:createVolume(302)) - Creating Volume: vol-0-09922, with jenkins1000 as owner.
2019-09-17 12:52:52,901 [IPC Server handler 2 on 45066] INFO  volume.OMVolumeCreateRequest (OMVolumeCreateRequest.java:validateAndUpdateCache(189)) - created volume:vol-0-09922 for user:jenkins1000
2019-09-17 12:52:52,909 [pool-62-thread-2] INFO  rpc.RpcClient (RpcClient.java:createBucket(441)) - Creating Bucket: vol-0-09922/bucket-0-61156, with Versioning false and Storage Type set to DISK and Encryption set to false 
2019-09-17 12:52:52,959 [grpc-default-executor-7] INFO  client.GrpcClientProtocolClient (GrpcClientProtocolClient.java:onNext(264)) - client-B7904277824C->5e893e0a-56f7-4618-9f46-a6ff48173cb6: receive RaftClientReply:client-B7904277824C->5e893e0a-56f7-4618-9f46-a6ff48173cb6@group-0E70A92CA2C7, cid=271, FAILED org.apache.ratis.protocol.NotLeaderException: Server 5e893e0a-56f7-4618-9f46-a6ff48173cb6@group-0E70A92CA2C7 is not the leader f7ede272-a28a-44e0-9552-15581fc2de04:192.168.5.153:38263, logIndex=0, commits[5e893e0a-56f7-4618-9f46-a6ff48173cb6:c15, 84ab4d91-000c-4523-9c5f-2c204b5f6601:c15, f7ede272-a28a-44e0-9552-15581fc2de04:c15]
2019-09-17 12:52:53,156 [grpc-default-executor-5] INFO  client.GrpcClientProtocolClient (GrpcClientProtocolClient.java:onNext(264)) - client-B7904277824C->f7ede272-a28a-44e0-9552-15581fc2de04: receive RaftClientReply:client-B7904277824C->f7ede272-a28a-44e0-9552-15581fc2de04@group-0E70A92CA2C7, cid=271, SUCCESS, logIndex=16, commits[f7ede272-a28a-44e0-9552-15581fc2de04:c16, 5e893e0a-56f7-4618-9f46-a6ff48173cb6:c15, 84ab4d91-000c-4523-9c5f-2c204b5f6601:c15]
2019-09-17 12:52:53,300 [grpc-default-executor-7] INFO  client.GrpcClientProtocolClient (GrpcClientProtocolClient.java:onNext(264)) - client-B7904277824C->f7ede272-a28a-44e0-9552-15581fc2de04: receive RaftClientReply:client-B7904277824C->f7ede272-a28a-44e0-9552-15581fc2de04@group-0E70A92CA2C7, cid=272, SUCCESS, logIndex=18, commits[f7ede272-a28a-44e0-9552-15581fc2de04:c22, 5e893e0a-56f7-4618-9f46-a6ff48173cb6:c20, 84ab4d91-000c-4523-9c5f-2c204b5f6601:c20]
2019-09-17 12:52:53,301 [grpc-default-executor-7] INFO  client.GrpcClientProtocolClient (GrpcClientProtocolClient.java:onNext(264)) - client-B7904277824C->f7ede272-a28a-44e0-9552-15581fc2de04: receive RaftClientReply:client-B7904277824C->f7ede272-a28a-44e0-9552-15581fc2de04@group-0E70A92CA2C7, cid=273, SUCCESS, logIndex=19, commits[f7ede272-a28a-44e0-9552-15581fc2de04:c22, 5e893e0a-56f7-4618-9f46-a6ff48173cb6:c20, 84ab4d91-000c-4523-9c5f-2c204b5f6601:c20]
2019-09-17 12:52:53,452 [grpc-default-executor-7] INFO  client.GrpcClientProtocolClient (GrpcClientProtocolClient.java:onNext(264)) - client-B7904277824C->f7ede272-a28a-44e0-9552-15581fc2de04: receive RaftClientReply:client-B7904277824C->f7ede272-a28a-44e0-9552-15581fc2de04@group-0E70A92CA2C7, cid=274, SUCCESS, logIndex=20, commits[f7ede272-a28a-44e0-9552-15581fc2de04:c22, 5e893e0a-56f7-4618-9f46-a6ff48173cb6:c20, 84ab4d91-000c-4523-9c5f-2c204b5f6601:c20]
2019-09-17 12:52:53,493 [grpc-default-executor-5] INFO  client.GrpcClientProtocolClient (GrpcClientProtocolClient.java:onNext(264)) - client-B7904277824C->f7ede272-a28a-44e0-9552-15581fc2de04: receive RaftClientReply:client-B7904277824C->f7ede272-a28a-44e0-9552-15581fc2de04@group-0E70A92CA2C7, cid=275, SUCCESS, logIndex=23, commits[f7ede272-a28a-44e0-9552-15581fc2de04:c26, 5e893e0a-56f7-4618-9f46-a6ff48173cb6:c22, 84ab4d91-000c-4523-9c5f-2c204b5f6601:c22]
2019-09-17 12:52:53,494 [grpc-default-executor-5] INFO  client.GrpcClientProtocolClient (GrpcClientProtocolClient.java:onNext(264)) - client-B7904277824C->f7ede272-a28a-44e0-9552-15581fc2de04: receive RaftClientReply:client-B7904277824C->f7ede272-a28a-44e0-9552-15581fc2de04@group-0E70A92CA2C7, cid=276, SUCCESS, logIndex=24, commits[f7ede272-a28a-44e0-9552-15581fc2de04:c26, 5e893e0a-56f7-4618-9f46-a6ff48173cb6:c22, 84ab4d91-000c-4523-9c5f-2c204b5f6601:c22]
2019-09-17 12:52:53,495 [grpc-default-executor-5] INFO  client.GrpcClientProtocolClient (GrpcClientProtocolClient.java:onNext(264)) - client-B7904277824C->f7ede272-a28a-44e0-9552-15581fc2de04: receive RaftClientReply:client-B7904277824C->f7ede272-a28a-44e0-9552-15581fc2de04@group-0E70A92CA2C7, cid=277, SUCCESS, logIndex=25, commits[f7ede272-a28a-44e0-9552-15581fc2de04:c26, 5e893e0a-56f7-4618-9f46-a6ff48173cb6:c22, 84ab4d91-000c-4523-9c5f-2c204b5f6601:c22]
2019-09-17 12:52:53,496 [grpc-default-executor-5] INFO  client.GrpcClientProtocolClient (GrpcClientProtocolClient.java:onNext(264)) - client-B7904277824C->f7ede272-a28a-44e0-9552-15581fc2de04: receive RaftClientReply:client-B7904277824C->f7ede272-a28a-44e0-9552-15581fc2de04@group-0E70A92CA2C7, cid=278, SUCCESS, logIndex=26, commits[f7ede272-a28a-44e0-9552-15581fc2de04:c26, 5e893e0a-56f7-4618-9f46-a6ff48173cb6:c22, 84ab4d91-000c-4523-9c5f-2c204b5f6601:c22]
2019-09-17 12:52:53,514 [grpc-default-executor-5] INFO  client.GrpcClientProtocolClient (GrpcClientProtocolClient.java:onNext(264)) - client-B7904277824C->f7ede272-a28a-44e0-9552-15581fc2de04: receive RaftClientReply:client-B7904277824C->f7ede272-a28a-44e0-9552-15581fc2de04@group-0E70A92CA2C7, cid=279, SUCCESS, logIndex=0, commits[f7ede272-a28a-44e0-9552-15581fc2de04:c30, 5e893e0a-56f7-4618-9f46-a6ff48173cb6:c24, 84ab4d91-000c-4523-9c5f-2c204b5f6601:c26]
2019-09-17 12:52:53,516 [grpc-default-executor-5] INFO  client.GrpcClientProtocolClient (GrpcClientProtocolClient.java:onNext(264)) - client-B7904277824C->f7ede272-a28a-44e0-9552-15581fc2de04: receive RaftClientReply:client-B7904277824C->f7ede272-a28a-44e0-9552-15581fc2de04@group-0E70A92CA2C7, cid=280, SUCCESS, logIndex=0, commits[f7ede272-a28a-44e0-9552-15581fc2de04:c30, 5e893e0a-56f7-4618-9f46-a6ff48173cb6:c26, 84ab4d91-000c-4523-9c5f-2c204b5f6601:c26]
2019-09-17 12:52:53,837 [grpc-default-executor-4] INFO  impl.RaftServerProxy (RaftServerProxy.java:remove(95)) - 5e893e0a-56f7-4618-9f46-a6ff48173cb6: remove group-869F42A7192E:null
2019-09-17 12:52:53,839 [RatisPipelineUtilsThread] WARN  pipeline.RatisPipelineUtils (RatisPipelineUtils.java:destroyPipeline(66)) - Pipeline destroy failed for pipeline=PipelineID=beaf19c3-da84-45d5-96c5-869f42a7192e dn=5e893e0a-56f7-4618-9f46-a6ff48173cb6{ip: 192.168.5.153, host: pr-hdds-2137-trunk-mnh2s-3748177197, networkLocation: /default-rack, certSerialId: null}
2019-09-17 12:52:53,842 [grpc-default-executor-4] INFO  impl.RaftServerProxy (RaftServerProxy.java:remove(95)) - 84ab4d91-000c-4523-9c5f-2c204b5f6601: remove group-869F42A7192E:null
2019-09-17 12:52:53,844 [RatisPipelineUtilsThread] WARN  pipeline.RatisPipelineUtils (RatisPipelineUtils.java:destroyPipeline(66)) - Pipeline destroy failed for pipeline=PipelineID=beaf19c3-da84-45d5-96c5-869f42a7192e dn=84ab4d91-000c-4523-9c5f-2c204b5f6601{ip: 192.168.5.153, host: pr-hdds-2137-trunk-mnh2s-3748177197, networkLocation: /default-rack, certSerialId: null}
2019-09-17 12:52:53,847 [grpc-default-executor-4] INFO  impl.RaftServerProxy (RaftServerProxy.java:remove(95)) - f7ede272-a28a-44e0-9552-15581fc2de04: remove group-869F42A7192E:null
2019-09-17 12:52:53,849 [RatisPipelineUtilsThread] WARN  pipeline.RatisPipelineUtils (RatisPipelineUtils.java:destroyPipeline(66)) - Pipeline destroy failed for pipeline=PipelineID=beaf19c3-da84-45d5-96c5-869f42a7192e dn=f7ede272-a28a-44e0-9552-15581fc2de04{ip: 192.168.5.153, host: pr-hdds-2137-trunk-mnh2s-3748177197, networkLocation: /default-rack, certSerialId: null}
2019-09-17 12:52:53,849 [RatisPipelineUtilsThread] ERROR pipeline.SCMPipelineManager (Scheduler.java:lambda$schedule$1(70)) - Destroy pipeline failed for pipeline:Pipeline[ Id: beaf19c3-da84-45d5-96c5-869f42a7192e, Nodes: 5e893e0a-56f7-4618-9f46-a6ff48173cb6{ip: 192.168.5.153, host: pr-hdds-2137-trunk-mnh2s-3748177197, networkLocation: /default-rack, certSerialId: null}84ab4d91-000c-4523-9c5f-2c204b5f6601{ip: 192.168.5.153, host: pr-hdds-2137-trunk-mnh2s-3748177197, networkLocation: /default-rack, certSerialId: null}f7ede272-a28a-44e0-9552-15581fc2de04{ip: 192.168.5.153, host: pr-hdds-2137-trunk-mnh2s-3748177197, networkLocation: /default-rack, certSerialId: null}, Type:RATIS, Factor:THREE, State:CLOSED]
org.apache.hadoop.hdds.scm.pipeline.PipelineNotFoundException: PipelineID=beaf19c3-da84-45d5-96c5-869f42a7192e not found
	at org.apache.hadoop.hdds.scm.pipeline.PipelineStateMap.getPipeline(PipelineStateMap.java:132)
	at org.apache.hadoop.hdds.scm.pipeline.PipelineStateMap.removePipeline(PipelineStateMap.java:322)
	at org.apache.hadoop.hdds.scm.pipeline.PipelineStateManager.removePipeline(PipelineStateManager.java:107)
	at org.apache.hadoop.hdds.scm.pipeline.SCMPipelineManager.removePipeline(SCMPipelineManager.java:423)
	at org.apache.hadoop.hdds.scm.pipeline.SCMPipelineManager.destroyPipeline(SCMPipelineManager.java:409)
	at org.apache.hadoop.hdds.scm.pipeline.SCMPipelineManager.lambda$finalizeAndDestroyPipeline$0(SCMPipelineManager.java:318)
	at org.apache.hadoop.utils.Scheduler.lambda$schedule$1(Scheduler.java:68)
	at java.util.concurrent.Executors$RunnableAdapter.call(Executors.java:511)
	at java.util.concurrent.FutureTask.run(FutureTask.java:266)
	at java.util.concurrent.ScheduledThreadPoolExecutor$ScheduledFutureTask.access$201(ScheduledThreadPoolExecutor.java:180)
	at java.util.concurrent.ScheduledThreadPoolExecutor$ScheduledFutureTask.run(ScheduledThreadPoolExecutor.java:293)
	at java.util.concurrent.ThreadPoolExecutor.runWorker(ThreadPoolExecutor.java:1149)
	at java.util.concurrent.ThreadPoolExecutor$Worker.run(ThreadPoolExecutor.java:624)
	at java.lang.Thread.run(Thread.java:748)
 0.00% |█                                                                                                    |  0/1 Time: 0:00:01 0.00% |█                                                                                                    |  0/1 Time: 0:00:022019-09-17 12:52:55,840 [grpc-default-executor-4] INFO  impl.RaftServerProxy (RaftServerProxy.java:remove(95)) - 5e893e0a-56f7-4618-9f46-a6ff48173cb6: remove group-869F42A7192E:null
2019-09-17 12:52:55,842 [RatisPipelineUtilsThread] WARN  pipeline.RatisPipelineUtils (RatisPipelineUtils.java:destroyPipeline(66)) - Pipeline destroy failed for pipeline=PipelineID=beaf19c3-da84-45d5-96c5-869f42a7192e dn=5e893e0a-56f7-4618-9f46-a6ff48173cb6{ip: 192.168.5.153, host: pr-hdds-2137-trunk-mnh2s-3748177197, networkLocation: /default-rack, certSerialId: null}
2019-09-17 12:52:55,844 [grpc-default-executor-4] INFO  impl.RaftServerProxy (RaftServerProxy.java:remove(95)) - 84ab4d91-000c-4523-9c5f-2c204b5f6601: remove group-869F42A7192E:null
2019-09-17 12:52:55,846 [RatisPipelineUtilsThread] WARN  pipeline.RatisPipelineUtils (RatisPipelineUtils.java:destroyPipeline(66)) - Pipeline destroy failed for pipeline=PipelineID=beaf19c3-da84-45d5-96c5-869f42a7192e dn=84ab4d91-000c-4523-9c5f-2c204b5f6601{ip: 192.168.5.153, host: pr-hdds-2137-trunk-mnh2s-3748177197, networkLocation: /default-rack, certSerialId: null}
2019-09-17 12:52:55,848 [grpc-default-executor-4] INFO  impl.RaftServerProxy (RaftServerProxy.java:remove(95)) - f7ede272-a28a-44e0-9552-15581fc2de04: remove group-869F42A7192E:null
2019-09-17 12:52:55,850 [RatisPipelineUtilsThread] WARN  pipeline.RatisPipelineUtils (RatisPipelineUtils.java:destroyPipeline(66)) - Pipeline destroy failed for pipeline=PipelineID=beaf19c3-da84-45d5-96c5-869f42a7192e dn=f7ede272-a28a-44e0-9552-15581fc2de04{ip: 192.168.5.153, host: pr-hdds-2137-trunk-mnh2s-3748177197, networkLocation: /default-rack, certSerialId: null}
2019-09-17 12:52:55,850 [RatisPipelineUtilsThread] ERROR pipeline.SCMPipelineManager (Scheduler.java:lambda$schedule$1(70)) - Destroy pipeline failed for pipeline:Pipeline[ Id: beaf19c3-da84-45d5-96c5-869f42a7192e, Nodes: 5e893e0a-56f7-4618-9f46-a6ff48173cb6{ip: 192.168.5.153, host: pr-hdds-2137-trunk-mnh2s-3748177197, networkLocation: /default-rack, certSerialId: null}84ab4d91-000c-4523-9c5f-2c204b5f6601{ip: 192.168.5.153, host: pr-hdds-2137-trunk-mnh2s-3748177197, networkLocation: /default-rack, certSerialId: null}f7ede272-a28a-44e0-9552-15581fc2de04{ip: 192.168.5.153, host: pr-hdds-2137-trunk-mnh2s-3748177197, networkLocation: /default-rack, certSerialId: null}, Type:RATIS, Factor:THREE, State:CLOSED]
org.apache.hadoop.hdds.scm.pipeline.PipelineNotFoundException: PipelineID=beaf19c3-da84-45d5-96c5-869f42a7192e not found
	at org.apache.hadoop.hdds.scm.pipeline.PipelineStateMap.getPipeline(PipelineStateMap.java:132)
	at org.apache.hadoop.hdds.scm.pipeline.PipelineStateMap.removePipeline(PipelineStateMap.java:322)
	at org.apache.hadoop.hdds.scm.pipeline.PipelineStateManager.removePipeline(PipelineStateManager.java:107)
	at org.apache.hadoop.hdds.scm.pipeline.SCMPipelineManager.removePipeline(SCMPipelineManager.java:423)
	at org.apache.hadoop.hdds.scm.pipeline.SCMPipelineManager.destroyPipeline(SCMPipelineManager.java:409)
	at org.apache.hadoop.hdds.scm.pipeline.SCMPipelineManager.lambda$finalizeAndDestroyPipeline$0(SCMPipelineManager.java:318)
	at org.apache.hadoop.utils.Scheduler.lambda$schedule$1(Scheduler.java:68)
	at java.util.concurrent.Executors$RunnableAdapter.call(Executors.java:511)
	at java.util.concurrent.FutureTask.run(FutureTask.java:266)
	at java.util.concurrent.ScheduledThreadPoolExecutor$ScheduledFutureTask.access$201(ScheduledThreadPoolExecutor.java:180)
	at java.util.concurrent.ScheduledThreadPoolExecutor$ScheduledFutureTask.run(ScheduledThreadPoolExecutor.java:293)
	at java.util.concurrent.ThreadPoolExecutor.runWorker(ThreadPoolExecutor.java:1149)
	at java.util.concurrent.ThreadPoolExecutor$Worker.run(ThreadPoolExecutor.java:624)
	at java.lang.Thread.run(Thread.java:748)
 0.00% |█                                                                                                    |  0/1 Time: 0:00:032019-09-17 12:52:56,525 [java.util.concurrent.ThreadPoolExecutor$Worker@114f3833[State = -1, empty queue]] WARN  server.GrpcLogAppender (GrpcLogAppender.java:timeoutAppendRequest(200)) - f7ede272-a28a-44e0-9552-15581fc2de04@group-0E70A92CA2C7->84ab4d91-000c-4523-9c5f-2c204b5f6601-GrpcLogAppender: appendEntries Timeout, request=f7ede272-a28a-44e0-9552-15581fc2de04->84ab4d91-000c-4523-9c5f-2c204b5f6601#34-t1, previous=(t:1, i:30), leaderCommit=30, initializing? false, entries: size=1, first=(t:1, i:31), STATEMACHINELOGENTRY, client-B7904277824C, cid=281
2019-09-17 12:52:56,525 [java.util.concurrent.ThreadPoolExecutor$Worker@27773213[State = -1, empty queue]] WARN  server.GrpcLogAppender (GrpcLogAppender.java:timeoutAppendRequest(200)) - f7ede272-a28a-44e0-9552-15581fc2de04@group-0E70A92CA2C7->5e893e0a-56f7-4618-9f46-a6ff48173cb6-GrpcLogAppender: appendEntries Timeout, request=f7ede272-a28a-44e0-9552-15581fc2de04->5e893e0a-56f7-4618-9f46-a6ff48173cb6#34-t1, previous=(t:1, i:30), leaderCommit=30, initializing? false, entries: size=1, first=(t:1, i:31), STATEMACHINELOGENTRY, client-B7904277824C, cid=281
2019-09-17 12:52:56,526 [java.util.concurrent.ThreadPoolExecutor$Worker@114f3833[State = -1, empty queue]] WARN  server.GrpcLogAppender (GrpcLogAppender.java:timeoutAppendRequest(200)) - f7ede272-a28a-44e0-9552-15581fc2de04@group-0E70A92CA2C7->84ab4d91-000c-4523-9c5f-2c204b5f6601-GrpcLogAppender: appendEntries Timeout, request=f7ede272-a28a-44e0-9552-15581fc2de04->84ab4d91-000c-4523-9c5f-2c204b5f6601#35-t1, previous=(t:1, i:31), leaderCommit=30, initializing? false, entries: size=1, first=(t:1, i:32), STATEMACHINELOGENTRY, client-B7904277824C, cid=282
2019-09-17 12:52:56,526 [java.util.concurrent.ThreadPoolExecutor$Worker@27773213[State = -1, empty queue]] WARN  server.GrpcLogAppender (GrpcLogAppender.java:timeoutAppendRequest(200)) - f7ede272-a28a-44e0-9552-15581fc2de04@group-0E70A92CA2C7->5e893e0a-56f7-4618-9f46-a6ff48173cb6-GrpcLogAppender: appendEntries Timeout, request=f7ede272-a28a-44e0-9552-15581fc2de04->5e893e0a-56f7-4618-9f46-a6ff48173cb6#35-t1, previous=(t:1, i:31), leaderCommit=30, initializing? false, entries: size=1, first=(t:1, i:32), STATEMACHINELOGENTRY, client-B7904277824C, cid=282
2019-09-17 12:52:56,529 [java.util.concurrent.ThreadPoolExecutor$Worker@114f3833[State = -1, empty queue]] WARN  server.GrpcLogAppender (GrpcLogAppender.java:timeoutAppendRequest(200)) - f7ede272-a28a-44e0-9552-15581fc2de04@group-0E70A92CA2C7->84ab4d91-000c-4523-9c5f-2c204b5f6601-GrpcLogAppender: appendEntries Timeout, request=f7ede272-a28a-44e0-9552-15581fc2de04->84ab4d91-000c-4523-9c5f-2c204b5f6601#36-t1, previous=(t:1, i:32), leaderCommit=30, initializing? false, entries: size=1, first=(t:1, i:33), STATEMACHINELOGENTRY, client-B7904277824C, cid=283
2019-09-17 12:52:56,529 [java.util.concurrent.ThreadPoolExecutor$Worker@27773213[State = -1, empty queue]] WARN  server.GrpcLogAppender (GrpcLogAppender.java:timeoutAppendRequest(200)) - f7ede272-a28a-44e0-9552-15581fc2de04@group-0E70A92CA2C7->5e893e0a-56f7-4618-9f46-a6ff48173cb6-GrpcLogAppender: appendEntries Timeout, request=f7ede272-a28a-44e0-9552-15581fc2de04->5e893e0a-56f7-4618-9f46-a6ff48173cb6#36-t1, previous=(t:1, i:32), leaderCommit=30, initializing? false, entries: size=1, first=(t:1, i:33), STATEMACHINELOGENTRY, client-B7904277824C, cid=283
2019-09-17 12:52:56,529 [java.util.concurrent.ThreadPoolExecutor$Worker@114f3833[State = -1, empty queue]] WARN  server.GrpcLogAppender (GrpcLogAppender.java:timeoutAppendRequest(200)) - f7ede272-a28a-44e0-9552-15581fc2de04@group-0E70A92CA2C7->84ab4d91-000c-4523-9c5f-2c204b5f6601-GrpcLogAppender: appendEntries Timeout, request=f7ede272-a28a-44e0-9552-15581fc2de04->84ab4d91-000c-4523-9c5f-2c204b5f6601#37-t1, previous=(t:1, i:33), leaderCommit=30, initializing? false, entries: size=1, first=(t:1, i:34), STATEMACHINELOGENTRY, client-B7904277824C, cid=284
2019-09-17 12:52:56,530 [java.util.concurrent.ThreadPoolExecutor$Worker@27773213[State = -1, empty queue]] WARN  server.GrpcLogAppender (GrpcLogAppender.java:timeoutAppendRequest(200)) - f7ede272-a28a-44e0-9552-15581fc2de04@group-0E70A92CA2C7->5e893e0a-56f7-4618-9f46-a6ff48173cb6-GrpcLogAppender: appendEntries Timeout, request=f7ede272-a28a-44e0-9552-15581fc2de04->5e893e0a-56f7-4618-9f46-a6ff48173cb6#37-t1, previous=(t:1, i:33), leaderCommit=30, initializing? false, entries: size=1, first=(t:1, i:34), STATEMACHINELOGENTRY, client-B7904277824C, cid=284
 0.00% |█                                                                                                    |  0/1 Time: 0:00:04 0.00% |█                                                                                                    |  0/1 Time: 0:00:052019-09-17 12:52:58,035 [Thread-1667] INFO  impl.FollowerState (FollowerState.java:run(106)) - 5e893e0a-56f7-4618-9f46-a6ff48173cb6:group-E282734DA0EB changes to CANDIDATE, lastRpcTime:5191, electionTimeout:5191ms
2019-09-17 12:52:58,035 [Thread-1667] INFO  impl.RoleInfo (RoleInfo.java:shutdownFollowerState(121)) - 5e893e0a-56f7-4618-9f46-a6ff48173cb6: shutdown FollowerState
2019-09-17 12:52:58,035 [Thread-1667] INFO  impl.RaftServerImpl (RaftServerImpl.java:setRole(174)) - 5e893e0a-56f7-4618-9f46-a6ff48173cb6@group-E282734DA0EB: changes role from  FOLLOWER to CANDIDATE at term 0 for changeToCandidate
2019-09-17 12:52:58,036 [Thread-1667] INFO  impl.RoleInfo (RoleInfo.java:updateAndGet(143)) - 5e893e0a-56f7-4618-9f46-a6ff48173cb6: start LeaderElection
2019-09-17 12:52:58,073 [5e893e0a-56f7-4618-9f46-a6ff48173cb6@group-E282734DA0EB:LeaderElection14] INFO  impl.LeaderElection (LeaderElection.java:askForVotes(182)) - 5e893e0a-56f7-4618-9f46-a6ff48173cb6@group-E282734DA0EB:LeaderElection14: begin an election at term 1 for -1: [5e893e0a-56f7-4618-9f46-a6ff48173cb6:192.168.5.153:37060], old=null
2019-09-17 12:52:58,074 [5e893e0a-56f7-4618-9f46-a6ff48173cb6@group-E282734DA0EB:LeaderElection14] INFO  impl.RoleInfo (RoleInfo.java:shutdownLeaderElection(134)) - 5e893e0a-56f7-4618-9f46-a6ff48173cb6: shutdown LeaderElection
2019-09-17 12:52:58,074 [5e893e0a-56f7-4618-9f46-a6ff48173cb6@group-E282734DA0EB:LeaderElection14] INFO  impl.RaftServerImpl (RaftServerImpl.java:setRole(174)) - 5e893e0a-56f7-4618-9f46-a6ff48173cb6@group-E282734DA0EB: changes role from CANDIDATE to LEADER at term 1 for changeToLeader
2019-09-17 12:52:58,074 [5e893e0a-56f7-4618-9f46-a6ff48173cb6@group-E282734DA0EB:LeaderElection14] INFO  impl.RaftServerImpl (ServerState.java:setLeader(253)) - 5e893e0a-56f7-4618-9f46-a6ff48173cb6@group-E282734DA0EB: change Leader from null to 5e893e0a-56f7-4618-9f46-a6ff48173cb6 at term 1 for becomeLeader, leader elected after 5237ms
2019-09-17 12:52:58,074 [5e893e0a-56f7-4618-9f46-a6ff48173cb6@group-E282734DA0EB:LeaderElection14] INFO  server.RaftServerConfigKeys (ConfUtils.java:logGet(43)) - raft.server.staging.catchup.gap = 1000 (default)
2019-09-17 12:52:58,074 [5e893e0a-56f7-4618-9f46-a6ff48173cb6@group-E282734DA0EB:LeaderElection14] INFO  server.RaftServerConfigKeys (ConfUtils.java:logGet(43)) - raft.server.rpc.sleep.time = 25ms (default)
2019-09-17 12:52:58,075 [5e893e0a-56f7-4618-9f46-a6ff48173cb6@group-E282734DA0EB:LeaderElection14] INFO  server.RaftServerConfigKeys (ConfUtils.java:logGet(43)) - raft.server.write.element-limit = 4096 (default)
2019-09-17 12:52:58,075 [5e893e0a-56f7-4618-9f46-a6ff48173cb6@group-E282734DA0EB:LeaderElection14] INFO  server.RaftServerConfigKeys (ConfUtils.java:logGet(43)) - raft.server.watch.timeout = 10s (default)
2019-09-17 12:52:58,075 [5e893e0a-56f7-4618-9f46-a6ff48173cb6@group-E282734DA0EB:LeaderElection14] INFO  server.RaftServerConfigKeys (ConfUtils.java:logGet(43)) - raft.server.watch.timeout.denomination = 1s (default)
2019-09-17 12:52:58,075 [5e893e0a-56f7-4618-9f46-a6ff48173cb6@group-E282734DA0EB:LeaderElection14] INFO  server.RaftServerConfigKeys (ConfUtils.java:logGet(43)) - raft.server.watch.element-limit = 65536 (default)
2019-09-17 12:52:58,079 [5e893e0a-56f7-4618-9f46-a6ff48173cb6@group-E282734DA0EB:LeaderElection14] INFO  impl.RoleInfo (RoleInfo.java:updateAndGet(143)) - 5e893e0a-56f7-4618-9f46-a6ff48173cb6: start LeaderState
2019-09-17 12:52:58,079 [5e893e0a-56f7-4618-9f46-a6ff48173cb6@group-E282734DA0EB:LeaderElection14] INFO  segmented.SegmentedRaftLogWorker (SegmentedRaftLogWorker.java:startLogSegment(380)) - 5e893e0a-56f7-4618-9f46-a6ff48173cb6@group-E282734DA0EB-SegmentedRaftLogWorker: Starting segment from index:0
2019-09-17 12:52:58,080 [5e893e0a-56f7-4618-9f46-a6ff48173cb6@group-E282734DA0EB:LeaderElection14] INFO  impl.RaftServerImpl (ServerState.java:setRaftConf(354)) - 5e893e0a-56f7-4618-9f46-a6ff48173cb6@group-E282734DA0EB: set configuration 0: [5e893e0a-56f7-4618-9f46-a6ff48173cb6:192.168.5.153:37060], old=null at 0
2019-09-17 12:52:58,132 [5e893e0a-56f7-4618-9f46-a6ff48173cb6@group-E282734DA0EB-SegmentedRaftLogWorker] INFO  segmented.SegmentedRaftLogWorker (SegmentedRaftLogWorker.java:execute(569)) - 5e893e0a-56f7-4618-9f46-a6ff48173cb6@group-E282734DA0EB-SegmentedRaftLogWorker: created new log segment /tmp/workdir/hadoop-ozone/tools/target/test-dir/MiniOzoneClusterImpl-50a1f6bc-759b-451e-a5dd-d4a59b2daa65/datanode-0/data/ratis/bd6034cd-be87-4337-bb8b-e282734da0eb/current/log_inprogress_0
2019-09-17 12:52:58,436 [ReplicationMonitor] INFO  container.ReplicationManager (ReplicationManager.java:forceCloseContainer(464)) - Force closing container #5 with BCSID 0, which is in QUASI_CLOSED state.
2019-09-17 12:52:58,436 [ReplicationMonitor] INFO  container.ReplicationManager (ReplicationManager.java:sendCloseCommand(659)) - Sending close container command for container #5 to datanode 84ab4d91-000c-4523-9c5f-2c204b5f6601{ip: 192.168.5.153, host: pr-hdds-2137-trunk-mnh2s-3748177197, networkLocation: /default-rack, certSerialId: null}.
2019-09-17 12:52:58,436 [ReplicationMonitor] INFO  container.ReplicationManager (ReplicationManager.java:sendCloseCommand(659)) - Sending close container command for container #5 to datanode 5e893e0a-56f7-4618-9f46-a6ff48173cb6{ip: 192.168.5.153, host: pr-hdds-2137-trunk-mnh2s-3748177197, networkLocation: /default-rack, certSerialId: null}.
2019-09-17 12:52:58,436 [ReplicationMonitor] INFO  container.ReplicationManager (ReplicationManager.java:sendCloseCommand(659)) - Sending close container command for container #5 to datanode f7ede272-a28a-44e0-9552-15581fc2de04{ip: 192.168.5.153, host: pr-hdds-2137-trunk-mnh2s-3748177197, networkLocation: /default-rack, certSerialId: null}.
2019-09-17 12:52:58,437 [ReplicationMonitor] INFO  container.ReplicationManager (ReplicationManager.java:forceCloseContainer(464)) - Force closing container #6 with BCSID 12, which is in QUASI_CLOSED state.
2019-09-17 12:52:58,437 [ReplicationMonitor] INFO  container.ReplicationManager (ReplicationManager.java:sendCloseCommand(659)) - Sending close container command for container #6 to datanode f7ede272-a28a-44e0-9552-15581fc2de04{ip: 192.168.5.153, host: pr-hdds-2137-trunk-mnh2s-3748177197, networkLocation: /default-rack, certSerialId: null}.
2019-09-17 12:52:58,437 [ReplicationMonitor] INFO  container.ReplicationManager (ReplicationManager.java:sendCloseCommand(659)) - Sending close container command for container #6 to datanode 5e893e0a-56f7-4618-9f46-a6ff48173cb6{ip: 192.168.5.153, host: pr-hdds-2137-trunk-mnh2s-3748177197, networkLocation: /default-rack, certSerialId: null}.
2019-09-17 12:52:58,437 [ReplicationMonitor] INFO  container.ReplicationManager (ReplicationManager.java:sendCloseCommand(659)) - Sending close container command for container #6 to datanode 84ab4d91-000c-4523-9c5f-2c204b5f6601{ip: 192.168.5.153, host: pr-hdds-2137-trunk-mnh2s-3748177197, networkLocation: /default-rack, certSerialId: null}.
2019-09-17 12:52:58,437 [ReplicationMonitor] INFO  container.ReplicationManager (ReplicationManager.java:forceCloseContainer(464)) - Force closing container #7 with BCSID 0, which is in QUASI_CLOSED state.
2019-09-17 12:52:58,437 [ReplicationMonitor] INFO  container.ReplicationManager (ReplicationManager.java:sendCloseCommand(659)) - Sending close container command for container #7 to datanode f7ede272-a28a-44e0-9552-15581fc2de04{ip: 192.168.5.153, host: pr-hdds-2137-trunk-mnh2s-3748177197, networkLocation: /default-rack, certSerialId: null}.
2019-09-17 12:52:58,437 [ReplicationMonitor] INFO  container.ReplicationManager (ReplicationManager.java:sendCloseCommand(659)) - Sending close container command for container #7 to datanode 84ab4d91-000c-4523-9c5f-2c204b5f6601{ip: 192.168.5.153, host: pr-hdds-2137-trunk-mnh2s-3748177197, networkLocation: /default-rack, certSerialId: null}.
2019-09-17 12:52:58,438 [ReplicationMonitor] INFO  container.ReplicationManager (ReplicationManager.java:sendCloseCommand(659)) - Sending close container command for container #7 to datanode 5e893e0a-56f7-4618-9f46-a6ff48173cb6{ip: 192.168.5.153, host: pr-hdds-2137-trunk-mnh2s-3748177197, networkLocation: /default-rack, certSerialId: null}.
2019-09-17 12:52:58,441 [ReplicationMonitor] INFO  container.ReplicationManager (ReplicationManager.java:forceCloseContainer(464)) - Force closing container #4 with BCSID 11, which is in QUASI_CLOSED state.
2019-09-17 12:52:58,441 [ReplicationMonitor] INFO  container.ReplicationManager (ReplicationManager.java:sendCloseCommand(659)) - Sending close container command for container #4 to datanode f7ede272-a28a-44e0-9552-15581fc2de04{ip: 192.168.5.153, host: pr-hdds-2137-trunk-mnh2s-3748177197, networkLocation: /default-rack, certSerialId: null}.
2019-09-17 12:52:58,441 [ReplicationMonitor] INFO  container.ReplicationManager (ReplicationManager.java:sendCloseCommand(659)) - Sending close container command for container #4 to datanode 5e893e0a-56f7-4618-9f46-a6ff48173cb6{ip: 192.168.5.153, host: pr-hdds-2137-trunk-mnh2s-3748177197, networkLocation: /default-rack, certSerialId: null}.
2019-09-17 12:52:58,442 [ReplicationMonitor] INFO  container.ReplicationManager (ReplicationManager.java:sendCloseCommand(659)) - Sending close container command for container #4 to datanode 84ab4d91-000c-4523-9c5f-2c204b5f6601{ip: 192.168.5.153, host: pr-hdds-2137-trunk-mnh2s-3748177197, networkLocation: /default-rack, certSerialId: null}.
2019-09-17 12:52:58,442 [ReplicationMonitor] INFO  container.ReplicationManager (ReplicationManager.java:run(225)) - Replication Monitor Thread took 7 milliseconds for processing 10 containers.
2019-09-17 12:52:58,547 [grpc-default-executor-5] INFO  client.GrpcClientProtocolClient (GrpcClientProtocolClient.java:onNext(264)) - client-B7904277824C->84ab4d91-000c-4523-9c5f-2c204b5f6601: receive RaftClientReply:client-B7904277824C->84ab4d91-000c-4523-9c5f-2c204b5f6601@group-0E70A92CA2C7, cid=281, FAILED org.apache.ratis.protocol.NotLeaderException: Server 84ab4d91-000c-4523-9c5f-2c204b5f6601@group-0E70A92CA2C7 is not the leader f7ede272-a28a-44e0-9552-15581fc2de04:192.168.5.153:38263, logIndex=0, commits[84ab4d91-000c-4523-9c5f-2c204b5f6601:c30, 5e893e0a-56f7-4618-9f46-a6ff48173cb6:c26, f7ede272-a28a-44e0-9552-15581fc2de04:c30]
2019-09-17 12:52:58,843 [grpc-default-executor-7] INFO  impl.RaftServerProxy (RaftServerProxy.java:remove(95)) - 5e893e0a-56f7-4618-9f46-a6ff48173cb6: remove group-869F42A7192E:null
2019-09-17 12:52:58,846 [RatisPipelineUtilsThread] WARN  pipeline.RatisPipelineUtils (RatisPipelineUtils.java:destroyPipeline(66)) - Pipeline destroy failed for pipeline=PipelineID=beaf19c3-da84-45d5-96c5-869f42a7192e dn=5e893e0a-56f7-4618-9f46-a6ff48173cb6{ip: 192.168.5.153, host: pr-hdds-2137-trunk-mnh2s-3748177197, networkLocation: /default-rack, certSerialId: null}
2019-09-17 12:52:58,848 [grpc-default-executor-7] INFO  impl.RaftServerProxy (RaftServerProxy.java:remove(95)) - 84ab4d91-000c-4523-9c5f-2c204b5f6601: remove group-869F42A7192E:null
2019-09-17 12:52:58,850 [RatisPipelineUtilsThread] WARN  pipeline.RatisPipelineUtils (RatisPipelineUtils.java:destroyPipeline(66)) - Pipeline destroy failed for pipeline=PipelineID=beaf19c3-da84-45d5-96c5-869f42a7192e dn=84ab4d91-000c-4523-9c5f-2c204b5f6601{ip: 192.168.5.153, host: pr-hdds-2137-trunk-mnh2s-3748177197, networkLocation: /default-rack, certSerialId: null}
2019-09-17 12:52:58,852 [grpc-default-executor-7] INFO  impl.RaftServerProxy (RaftServerProxy.java:remove(95)) - f7ede272-a28a-44e0-9552-15581fc2de04: remove group-869F42A7192E:null
2019-09-17 12:52:58,853 [RatisPipelineUtilsThread] WARN  pipeline.RatisPipelineUtils (RatisPipelineUtils.java:destroyPipeline(66)) - Pipeline destroy failed for pipeline=PipelineID=beaf19c3-da84-45d5-96c5-869f42a7192e dn=f7ede272-a28a-44e0-9552-15581fc2de04{ip: 192.168.5.153, host: pr-hdds-2137-trunk-mnh2s-3748177197, networkLocation: /default-rack, certSerialId: null}
2019-09-17 12:52:58,854 [RatisPipelineUtilsThread] ERROR pipeline.SCMPipelineManager (Scheduler.java:lambda$schedule$1(70)) - Destroy pipeline failed for pipeline:Pipeline[ Id: beaf19c3-da84-45d5-96c5-869f42a7192e, Nodes: 5e893e0a-56f7-4618-9f46-a6ff48173cb6{ip: 192.168.5.153, host: pr-hdds-2137-trunk-mnh2s-3748177197, networkLocation: /default-rack, certSerialId: null}84ab4d91-000c-4523-9c5f-2c204b5f6601{ip: 192.168.5.153, host: pr-hdds-2137-trunk-mnh2s-3748177197, networkLocation: /default-rack, certSerialId: null}f7ede272-a28a-44e0-9552-15581fc2de04{ip: 192.168.5.153, host: pr-hdds-2137-trunk-mnh2s-3748177197, networkLocation: /default-rack, certSerialId: null}, Type:RATIS, Factor:THREE, State:CLOSED]
org.apache.hadoop.hdds.scm.pipeline.PipelineNotFoundException: PipelineID=beaf19c3-da84-45d5-96c5-869f42a7192e not found
	at org.apache.hadoop.hdds.scm.pipeline.PipelineStateMap.getPipeline(PipelineStateMap.java:132)
	at org.apache.hadoop.hdds.scm.pipeline.PipelineStateMap.removePipeline(PipelineStateMap.java:322)
	at org.apache.hadoop.hdds.scm.pipeline.PipelineStateManager.removePipeline(PipelineStateManager.java:107)
	at org.apache.hadoop.hdds.scm.pipeline.SCMPipelineManager.removePipeline(SCMPipelineManager.java:423)
	at org.apache.hadoop.hdds.scm.pipeline.SCMPipelineManager.destroyPipeline(SCMPipelineManager.java:409)
	at org.apache.hadoop.hdds.scm.pipeline.SCMPipelineManager.lambda$finalizeAndDestroyPipeline$0(SCMPipelineManager.java:318)
	at org.apache.hadoop.utils.Scheduler.lambda$schedule$1(Scheduler.java:68)
	at java.util.concurrent.Executors$RunnableAdapter.call(Executors.java:511)
	at java.util.concurrent.FutureTask.run(FutureTask.java:266)
	at java.util.concurrent.ScheduledThreadPoolExecutor$ScheduledFutureTask.access$201(ScheduledThreadPoolExecutor.java:180)
	at java.util.concurrent.ScheduledThreadPoolExecutor$ScheduledFutureTask.run(ScheduledThreadPoolExecutor.java:293)
	at java.util.concurrent.ThreadPoolExecutor.runWorker(ThreadPoolExecutor.java:1149)
	at java.util.concurrent.ThreadPoolExecutor$Worker.run(ThreadPoolExecutor.java:624)
	at java.lang.Thread.run(Thread.java:748)
 0.00% |█                                                                                                    |  0/1 Time: 0:00:062019-09-17 12:52:59,030 [java.util.concurrent.ThreadPoolExecutor$Worker@114f3833[State = -1, empty queue]] WARN  server.GrpcLogAppender (GrpcLogAppender.java:timeoutAppendRequest(200)) - f7ede272-a28a-44e0-9552-15581fc2de04@group-0E70A92CA2C7->84ab4d91-000c-4523-9c5f-2c204b5f6601-GrpcLogAppender: appendEntries Timeout, request=f7ede272-a28a-44e0-9552-15581fc2de04->84ab4d91-000c-4523-9c5f-2c204b5f6601#38-t1, previous=(t:1, i:34), leaderCommit=30, initializing? false, entries: <empty>
2019-09-17 12:52:59,030 [java.util.concurrent.ThreadPoolExecutor$Worker@27773213[State = -1, empty queue]] WARN  server.GrpcLogAppender (GrpcLogAppender.java:timeoutAppendRequest(200)) - f7ede272-a28a-44e0-9552-15581fc2de04@group-0E70A92CA2C7->5e893e0a-56f7-4618-9f46-a6ff48173cb6-GrpcLogAppender: appendEntries Timeout, request=f7ede272-a28a-44e0-9552-15581fc2de04->5e893e0a-56f7-4618-9f46-a6ff48173cb6#38-t1, previous=(t:1, i:34), leaderCommit=30, initializing? false, entries: <empty>
2019-09-17 12:52:59,692 [Command processor thread] INFO  interfaces.Container (KeyValueContainer.java:flushAndSyncDB(386)) - Container 5 is synced with bcsId 0.
2019-09-17 12:52:59,692 [Command processor thread] INFO  interfaces.Container (KeyValueContainer.java:flushAndSyncDB(386)) - Container 5 is synced with bcsId 0.
2019-09-17 12:52:59,693 [Command processor thread] INFO  interfaces.Container (KeyValueContainer.java:flushAndSyncDB(386)) - Container 5 is synced with bcsId 0.
2019-09-17 12:52:59,693 [Command processor thread] INFO  interfaces.Container (KeyValueContainer.java:flushAndSyncDB(386)) - Container 5 is synced with bcsId 0.
2019-09-17 12:52:59,721 [Command processor thread] INFO  interfaces.Container (KeyValueContainer.java:close(335)) - Container 5 is closed with bcsId 0.
2019-09-17 12:52:59,721 [Command processor thread] INFO  interfaces.Container (KeyValueContainer.java:close(335)) - Container 5 is closed with bcsId 0.
2019-09-17 12:52:59,721 [Command processor thread] INFO  interfaces.Container (KeyValueContainer.java:flushAndSyncDB(386)) - Container 6 is synced with bcsId 12.
2019-09-17 12:52:59,721 [Command processor thread] INFO  interfaces.Container (KeyValueContainer.java:flushAndSyncDB(386)) - Container 6 is synced with bcsId 12.
2019-09-17 12:52:59,721 [Command processor thread] INFO  interfaces.Container (KeyValueContainer.java:flushAndSyncDB(386)) - Container 6 is synced with bcsId 12.
2019-09-17 12:52:59,722 [Command processor thread] INFO  interfaces.Container (KeyValueContainer.java:flushAndSyncDB(386)) - Container 6 is synced with bcsId 12.
2019-09-17 12:52:59,723 [EventQueue-IncrementalContainerReportForIncrementalContainerReportHandler] INFO  container.IncrementalContainerReportHandler (AbstractContainerReportHandler.java:updateContainerState(202)) - Moving container #5 to CLOSED state, datanode f7ede272-a28a-44e0-9552-15581fc2de04{ip: 192.168.5.153, host: pr-hdds-2137-trunk-mnh2s-3748177197, networkLocation: /default-rack, certSerialId: null} reported CLOSED replica.
2019-09-17 12:52:59,746 [Command processor thread] INFO  interfaces.Container (KeyValueContainer.java:close(335)) - Container 6 is closed with bcsId 12.
2019-09-17 12:52:59,747 [Command processor thread] INFO  interfaces.Container (KeyValueContainer.java:close(335)) - Container 6 is closed with bcsId 12.
2019-09-17 12:52:59,747 [Command processor thread] INFO  interfaces.Container (KeyValueContainer.java:flushAndSyncDB(386)) - Container 7 is synced with bcsId 0.
2019-09-17 12:52:59,747 [Command processor thread] INFO  interfaces.Container (KeyValueContainer.java:flushAndSyncDB(386)) - Container 7 is synced with bcsId 0.
2019-09-17 12:52:59,747 [Command processor thread] INFO  interfaces.Container (KeyValueContainer.java:flushAndSyncDB(386)) - Container 7 is synced with bcsId 0.
2019-09-17 12:52:59,747 [Command processor thread] INFO  interfaces.Container (KeyValueContainer.java:flushAndSyncDB(386)) - Container 7 is synced with bcsId 0.
2019-09-17 12:52:59,747 [EventQueue-IncrementalContainerReportForIncrementalContainerReportHandler] INFO  container.IncrementalContainerReportHandler (AbstractContainerReportHandler.java:updateContainerState(202)) - Moving container #6 to CLOSED state, datanode f7ede272-a28a-44e0-9552-15581fc2de04{ip: 192.168.5.153, host: pr-hdds-2137-trunk-mnh2s-3748177197, networkLocation: /default-rack, certSerialId: null} reported CLOSED replica.
2019-09-17 12:52:59,792 [Command processor thread] INFO  interfaces.Container (KeyValueContainer.java:close(335)) - Container 7 is closed with bcsId 0.
2019-09-17 12:52:59,792 [Command processor thread] INFO  interfaces.Container (KeyValueContainer.java:close(335)) - Container 7 is closed with bcsId 0.
2019-09-17 12:52:59,792 [Command processor thread] INFO  interfaces.Container (KeyValueContainer.java:flushAndSyncDB(386)) - Container 4 is synced with bcsId 11.
2019-09-17 12:52:59,793 [Command processor thread] INFO  interfaces.Container (KeyValueContainer.java:flushAndSyncDB(386)) - Container 4 is synced with bcsId 11.
2019-09-17 12:52:59,793 [Command processor thread] INFO  interfaces.Container (KeyValueContainer.java:flushAndSyncDB(386)) - Container 4 is synced with bcsId 11.
2019-09-17 12:52:59,793 [Command processor thread] INFO  interfaces.Container (KeyValueContainer.java:flushAndSyncDB(386)) - Container 4 is synced with bcsId 11.
2019-09-17 12:52:59,793 [EventQueue-IncrementalContainerReportForIncrementalContainerReportHandler] INFO  container.IncrementalContainerReportHandler (AbstractContainerReportHandler.java:updateContainerState(202)) - Moving container #7 to CLOSED state, datanode f7ede272-a28a-44e0-9552-15581fc2de04{ip: 192.168.5.153, host: pr-hdds-2137-trunk-mnh2s-3748177197, networkLocation: /default-rack, certSerialId: null} reported CLOSED replica.
2019-09-17 12:52:59,829 [Command processor thread] INFO  interfaces.Container (KeyValueContainer.java:close(335)) - Container 4 is closed with bcsId 11.
2019-09-17 12:52:59,829 [Command processor thread] INFO  interfaces.Container (KeyValueContainer.java:close(335)) - Container 4 is closed with bcsId 11.
2019-09-17 12:52:59,830 [EventQueue-IncrementalContainerReportForIncrementalContainerReportHandler] INFO  container.IncrementalContainerReportHandler (AbstractContainerReportHandler.java:updateContainerState(202)) - Moving container #4 to CLOSED state, datanode f7ede272-a28a-44e0-9552-15581fc2de04{ip: 192.168.5.153, host: pr-hdds-2137-trunk-mnh2s-3748177197, networkLocation: /default-rack, certSerialId: null} reported CLOSED replica.
 0.00% |█                                                                                                    |  0/1 Time: 0:00:072019-09-17 12:53:00,692 [Command processor thread] INFO  interfaces.Container (KeyValueContainer.java:flushAndSyncDB(386)) - Container 5 is synced with bcsId 0.
2019-09-17 12:53:00,693 [Command processor thread] INFO  interfaces.Container (KeyValueContainer.java:flushAndSyncDB(386)) - Container 5 is synced with bcsId 0.
2019-09-17 12:53:00,721 [Command processor thread] INFO  interfaces.Container (KeyValueContainer.java:close(335)) - Container 5 is closed with bcsId 0.
2019-09-17 12:53:00,722 [Command processor thread] INFO  interfaces.Container (KeyValueContainer.java:flushAndSyncDB(386)) - Container 6 is synced with bcsId 12.
2019-09-17 12:53:00,722 [Command processor thread] INFO  interfaces.Container (KeyValueContainer.java:flushAndSyncDB(386)) - Container 6 is synced with bcsId 12.
2019-09-17 12:53:00,751 [Command processor thread] INFO  interfaces.Container (KeyValueContainer.java:close(335)) - Container 6 is closed with bcsId 12.
2019-09-17 12:53:00,752 [Command processor thread] INFO  interfaces.Container (KeyValueContainer.java:flushAndSyncDB(386)) - Container 7 is synced with bcsId 0.
2019-09-17 12:53:00,752 [Command processor thread] INFO  interfaces.Container (KeyValueContainer.java:flushAndSyncDB(386)) - Container 7 is synced with bcsId 0.
2019-09-17 12:53:00,793 [Command processor thread] INFO  interfaces.Container (KeyValueContainer.java:close(335)) - Container 7 is closed with bcsId 0.
2019-09-17 12:53:00,793 [Command processor thread] INFO  interfaces.Container (KeyValueContainer.java:flushAndSyncDB(386)) - Container 4 is synced with bcsId 11.
2019-09-17 12:53:00,793 [Command processor thread] INFO  interfaces.Container (KeyValueContainer.java:flushAndSyncDB(386)) - Container 4 is synced with bcsId 11.
2019-09-17 12:53:00,822 [Command processor thread] INFO  interfaces.Container (KeyValueContainer.java:close(335)) - Container 4 is closed with bcsId 11.
2019-09-17 12:53:00,845 [grpc-default-executor-7] INFO  impl.RaftServerProxy (RaftServerProxy.java:remove(95)) - 5e893e0a-56f7-4618-9f46-a6ff48173cb6: remove group-869F42A7192E:null
2019-09-17 12:53:00,849 [RatisPipelineUtilsThread] WARN  pipeline.RatisPipelineUtils (RatisPipelineUtils.java:destroyPipeline(66)) - Pipeline destroy failed for pipeline=PipelineID=beaf19c3-da84-45d5-96c5-869f42a7192e dn=5e893e0a-56f7-4618-9f46-a6ff48173cb6{ip: 192.168.5.153, host: pr-hdds-2137-trunk-mnh2s-3748177197, networkLocation: /default-rack, certSerialId: null}
2019-09-17 12:53:00,851 [grpc-default-executor-7] INFO  impl.RaftServerProxy (RaftServerProxy.java:remove(95)) - 84ab4d91-000c-4523-9c5f-2c204b5f6601: remove group-869F42A7192E:null
2019-09-17 12:53:00,853 [RatisPipelineUtilsThread] WARN  pipeline.RatisPipelineUtils (RatisPipelineUtils.java:destroyPipeline(66)) - Pipeline destroy failed for pipeline=PipelineID=beaf19c3-da84-45d5-96c5-869f42a7192e dn=84ab4d91-000c-4523-9c5f-2c204b5f6601{ip: 192.168.5.153, host: pr-hdds-2137-trunk-mnh2s-3748177197, networkLocation: /default-rack, certSerialId: null}
2019-09-17 12:53:00,855 [grpc-default-executor-7] INFO  impl.RaftServerProxy (RaftServerProxy.java:remove(95)) - f7ede272-a28a-44e0-9552-15581fc2de04: remove group-869F42A7192E:null
2019-09-17 12:53:00,856 [RatisPipelineUtilsThread] WARN  pipeline.RatisPipelineUtils (RatisPipelineUtils.java:destroyPipeline(66)) - Pipeline destroy failed for pipeline=PipelineID=beaf19c3-da84-45d5-96c5-869f42a7192e dn=f7ede272-a28a-44e0-9552-15581fc2de04{ip: 192.168.5.153, host: pr-hdds-2137-trunk-mnh2s-3748177197, networkLocation: /default-rack, certSerialId: null}
2019-09-17 12:53:00,856 [RatisPipelineUtilsThread] ERROR pipeline.SCMPipelineManager (Scheduler.java:lambda$schedule$1(70)) - Destroy pipeline failed for pipeline:Pipeline[ Id: beaf19c3-da84-45d5-96c5-869f42a7192e, Nodes: 5e893e0a-56f7-4618-9f46-a6ff48173cb6{ip: 192.168.5.153, host: pr-hdds-2137-trunk-mnh2s-3748177197, networkLocation: /default-rack, certSerialId: null}84ab4d91-000c-4523-9c5f-2c204b5f6601{ip: 192.168.5.153, host: pr-hdds-2137-trunk-mnh2s-3748177197, networkLocation: /default-rack, certSerialId: null}f7ede272-a28a-44e0-9552-15581fc2de04{ip: 192.168.5.153, host: pr-hdds-2137-trunk-mnh2s-3748177197, networkLocation: /default-rack, certSerialId: null}, Type:RATIS, Factor:THREE, State:CLOSED]
org.apache.hadoop.hdds.scm.pipeline.PipelineNotFoundException: PipelineID=beaf19c3-da84-45d5-96c5-869f42a7192e not found
	at org.apache.hadoop.hdds.scm.pipeline.PipelineStateMap.getPipeline(PipelineStateMap.java:132)
	at org.apache.hadoop.hdds.scm.pipeline.PipelineStateMap.removePipeline(PipelineStateMap.java:322)
	at org.apache.hadoop.hdds.scm.pipeline.PipelineStateManager.removePipeline(PipelineStateManager.java:107)
	at org.apache.hadoop.hdds.scm.pipeline.SCMPipelineManager.removePipeline(SCMPipelineManager.java:423)
	at org.apache.hadoop.hdds.scm.pipeline.SCMPipelineManager.destroyPipeline(SCMPipelineManager.java:409)
	at org.apache.hadoop.hdds.scm.pipeline.SCMPipelineManager.lambda$finalizeAndDestroyPipeline$0(SCMPipelineManager.java:318)
	at org.apache.hadoop.utils.Scheduler.lambda$schedule$1(Scheduler.java:68)
	at java.util.concurrent.Executors$RunnableAdapter.call(Executors.java:511)
	at java.util.concurrent.FutureTask.run(FutureTask.java:266)
	at java.util.concurrent.ScheduledThreadPoolExecutor$ScheduledFutureTask.access$201(ScheduledThreadPoolExecutor.java:180)
	at java.util.concurrent.ScheduledThreadPoolExecutor$ScheduledFutureTask.run(ScheduledThreadPoolExecutor.java:293)
	at java.util.concurrent.ThreadPoolExecutor.runWorker(ThreadPoolExecutor.java:1149)
	at java.util.concurrent.ThreadPoolExecutor$Worker.run(ThreadPoolExecutor.java:624)
	at java.lang.Thread.run(Thread.java:748)
 0.00% |█                                                                                                    |  0/1 Time: 0:00:082019-09-17 12:53:01,530 [java.util.concurrent.ThreadPoolExecutor$Worker@114f3833[State = -1, empty queue]] WARN  server.GrpcLogAppender (GrpcLogAppender.java:timeoutAppendRequest(200)) - f7ede272-a28a-44e0-9552-15581fc2de04@group-0E70A92CA2C7->84ab4d91-000c-4523-9c5f-2c204b5f6601-GrpcLogAppender: appendEntries Timeout, request=f7ede272-a28a-44e0-9552-15581fc2de04->84ab4d91-000c-4523-9c5f-2c204b5f6601#39-t1, previous=(t:1, i:34), leaderCommit=30, initializing? false, entries: <empty>
2019-09-17 12:53:01,530 [java.util.concurrent.ThreadPoolExecutor$Worker@27773213[State = -1, empty queue]] WARN  server.GrpcLogAppender (GrpcLogAppender.java:timeoutAppendRequest(200)) - f7ede272-a28a-44e0-9552-15581fc2de04@group-0E70A92CA2C7->5e893e0a-56f7-4618-9f46-a6ff48173cb6-GrpcLogAppender: appendEntries Timeout, request=f7ede272-a28a-44e0-9552-15581fc2de04->5e893e0a-56f7-4618-9f46-a6ff48173cb6#39-t1, previous=(t:1, i:34), leaderCommit=30, initializing? false, entries: <empty>
 0.00% |█                                                                                                    |  0/1 Time: 0:00:09 0.00% |█                                                                                                    |  0/1 Time: 0:00:102019-09-17 12:53:03,525 [f7ede272-a28a-44e0-9552-15581fc2de04@group-0E70A92CA2C7-SegmentedRaftLogWorker] WARN  segmented.SegmentedRaftLogWorker (SegmentedRaftLogWorker.java:getFromFuture(90)) - Timeout 0/~
org.apache.ratis.protocol.TimeoutIOException: Timeout 10s: WriteLog:31: (t:1, i:31), STATEMACHINELOGENTRY, client-B7904277824C, cid=281-writeStateMachineData
	at org.apache.ratis.util.IOUtils.getFromFuture(IOUtils.java:87)
	at org.apache.ratis.server.raftlog.segmented.SegmentedRaftLogWorker$StateMachineDataPolicy.getFromFuture(SegmentedRaftLogWorker.java:87)
	at org.apache.ratis.server.raftlog.segmented.SegmentedRaftLogWorker$WriteLog.execute(SegmentedRaftLogWorker.java:477)
	at org.apache.ratis.server.raftlog.segmented.SegmentedRaftLogWorker.run(SegmentedRaftLogWorker.java:289)
	at java.lang.Thread.run(Thread.java:748)
Caused by: java.util.concurrent.TimeoutException
	at java.util.concurrent.CompletableFuture.timedGet(CompletableFuture.java:1771)
	at java.util.concurrent.CompletableFuture.get(CompletableFuture.java:1915)
	at org.apache.ratis.util.IOUtils.getFromFuture(IOUtils.java:79)
	... 4 more
2019-09-17 12:53:03,529 [84ab4d91-000c-4523-9c5f-2c204b5f6601@group-0E70A92CA2C7-SegmentedRaftLogWorker] WARN  segmented.SegmentedRaftLogWorker (SegmentedRaftLogWorker.java:getFromFuture(90)) - Timeout 0/~
org.apache.ratis.protocol.TimeoutIOException: Timeout 10s: WriteLog:31: (t:1, i:31), STATEMACHINELOGENTRY, client-B7904277824C, cid=281-writeStateMachineData
	at org.apache.ratis.util.IOUtils.getFromFuture(IOUtils.java:87)
	at org.apache.ratis.server.raftlog.segmented.SegmentedRaftLogWorker$StateMachineDataPolicy.getFromFuture(SegmentedRaftLogWorker.java:87)
	at org.apache.ratis.server.raftlog.segmented.SegmentedRaftLogWorker$WriteLog.execute(SegmentedRaftLogWorker.java:477)
	at org.apache.ratis.server.raftlog.segmented.SegmentedRaftLogWorker.run(SegmentedRaftLogWorker.java:289)
	at java.lang.Thread.run(Thread.java:748)
Caused by: java.util.concurrent.TimeoutException
	at java.util.concurrent.CompletableFuture.timedGet(CompletableFuture.java:1771)
	at java.util.concurrent.CompletableFuture.get(CompletableFuture.java:1915)
	at org.apache.ratis.util.IOUtils.getFromFuture(IOUtils.java:79)
	... 4 more
2019-09-17 12:53:03,529 [5e893e0a-56f7-4618-9f46-a6ff48173cb6@group-0E70A92CA2C7-SegmentedRaftLogWorker] WARN  segmented.SegmentedRaftLogWorker (SegmentedRaftLogWorker.java:getFromFuture(90)) - Timeout 0/~
org.apache.ratis.protocol.TimeoutIOException: Timeout 10s: WriteLog:31: (t:1, i:31), STATEMACHINELOGENTRY, client-B7904277824C, cid=281-writeStateMachineData
	at org.apache.ratis.util.IOUtils.getFromFuture(IOUtils.java:87)
	at org.apache.ratis.server.raftlog.segmented.SegmentedRaftLogWorker$StateMachineDataPolicy.getFromFuture(SegmentedRaftLogWorker.java:87)
	at org.apache.ratis.server.raftlog.segmented.SegmentedRaftLogWorker$WriteLog.execute(SegmentedRaftLogWorker.java:477)
	at org.apache.ratis.server.raftlog.segmented.SegmentedRaftLogWorker.run(SegmentedRaftLogWorker.java:289)
	at java.lang.Thread.run(Thread.java:748)
Caused by: java.util.concurrent.TimeoutException
	at java.util.concurrent.CompletableFuture.timedGet(CompletableFuture.java:1771)
	at java.util.concurrent.CompletableFuture.get(CompletableFuture.java:1915)
	at org.apache.ratis.util.IOUtils.getFromFuture(IOUtils.java:79)
	... 4 more
2019-09-17 12:53:03,588 [grpc-default-executor-5] INFO  client.GrpcClientProtocolClient (GrpcClientProtocolClient.java:onNext(264)) - client-B7904277824C->84ab4d91-000c-4523-9c5f-2c204b5f6601: receive RaftClientReply:client-B7904277824C->84ab4d91-000c-4523-9c5f-2c204b5f6601@group-0E70A92CA2C7, cid=281, FAILED org.apache.ratis.protocol.NotLeaderException: Server 84ab4d91-000c-4523-9c5f-2c204b5f6601@group-0E70A92CA2C7 is not the leader f7ede272-a28a-44e0-9552-15581fc2de04:192.168.5.153:38263, logIndex=0, commits[84ab4d91-000c-4523-9c5f-2c204b5f6601:c30, 5e893e0a-56f7-4618-9f46-a6ff48173cb6:c26, f7ede272-a28a-44e0-9552-15581fc2de04:c30]
2019-09-17 12:53:03,841 [grpc-default-executor-7] INFO  impl.RaftServerProxy (RaftServerProxy.java:remove(95)) - 5e893e0a-56f7-4618-9f46-a6ff48173cb6: remove group-869F42A7192E:null
2019-09-17 12:53:03,846 [RatisPipelineUtilsThread] WARN  pipeline.RatisPipelineUtils (RatisPipelineUtils.java:destroyPipeline(66)) - Pipeline destroy failed for pipeline=PipelineID=beaf19c3-da84-45d5-96c5-869f42a7192e dn=5e893e0a-56f7-4618-9f46-a6ff48173cb6{ip: 192.168.5.153, host: pr-hdds-2137-trunk-mnh2s-3748177197, networkLocation: /default-rack, certSerialId: null}
2019-09-17 12:53:03,849 [grpc-default-executor-7] INFO  impl.RaftServerProxy (RaftServerProxy.java:remove(95)) - 84ab4d91-000c-4523-9c5f-2c204b5f6601: remove group-869F42A7192E:null
2019-09-17 12:53:03,851 [RatisPipelineUtilsThread] WARN  pipeline.RatisPipelineUtils (RatisPipelineUtils.java:destroyPipeline(66)) - Pipeline destroy failed for pipeline=PipelineID=beaf19c3-da84-45d5-96c5-869f42a7192e dn=84ab4d91-000c-4523-9c5f-2c204b5f6601{ip: 192.168.5.153, host: pr-hdds-2137-trunk-mnh2s-3748177197, networkLocation: /default-rack, certSerialId: null}
2019-09-17 12:53:03,854 [grpc-default-executor-7] INFO  impl.RaftServerProxy (RaftServerProxy.java:remove(95)) - f7ede272-a28a-44e0-9552-15581fc2de04: remove group-869F42A7192E:null
2019-09-17 12:53:03,855 [RatisPipelineUtilsThread] WARN  pipeline.RatisPipelineUtils (RatisPipelineUtils.java:destroyPipeline(66)) - Pipeline destroy failed for pipeline=PipelineID=beaf19c3-da84-45d5-96c5-869f42a7192e dn=f7ede272-a28a-44e0-9552-15581fc2de04{ip: 192.168.5.153, host: pr-hdds-2137-trunk-mnh2s-3748177197, networkLocation: /default-rack, certSerialId: null}
2019-09-17 12:53:03,856 [RatisPipelineUtilsThread] ERROR pipeline.SCMPipelineManager (Scheduler.java:lambda$schedule$1(70)) - Destroy pipeline failed for pipeline:Pipeline[ Id: beaf19c3-da84-45d5-96c5-869f42a7192e, Nodes: 5e893e0a-56f7-4618-9f46-a6ff48173cb6{ip: 192.168.5.153, host: pr-hdds-2137-trunk-mnh2s-3748177197, networkLocation: /default-rack, certSerialId: null}84ab4d91-000c-4523-9c5f-2c204b5f6601{ip: 192.168.5.153, host: pr-hdds-2137-trunk-mnh2s-3748177197, networkLocation: /default-rack, certSerialId: null}f7ede272-a28a-44e0-9552-15581fc2de04{ip: 192.168.5.153, host: pr-hdds-2137-trunk-mnh2s-3748177197, networkLocation: /default-rack, certSerialId: null}, Type:RATIS, Factor:THREE, State:CLOSED]
org.apache.hadoop.hdds.scm.pipeline.PipelineNotFoundException: PipelineID=beaf19c3-da84-45d5-96c5-869f42a7192e not found
	at org.apache.hadoop.hdds.scm.pipeline.PipelineStateMap.getPipeline(PipelineStateMap.java:132)
	at org.apache.hadoop.hdds.scm.pipeline.PipelineStateMap.removePipeline(PipelineStateMap.java:322)
	at org.apache.hadoop.hdds.scm.pipeline.PipelineStateManager.removePipeline(PipelineStateManager.java:107)
	at org.apache.hadoop.hdds.scm.pipeline.SCMPipelineManager.removePipeline(SCMPipelineManager.java:423)
	at org.apache.hadoop.hdds.scm.pipeline.SCMPipelineManager.destroyPipeline(SCMPipelineManager.java:409)
	at org.apache.hadoop.hdds.scm.pipeline.SCMPipelineManager.lambda$finalizeAndDestroyPipeline$0(SCMPipelineManager.java:318)
	at org.apache.hadoop.utils.Scheduler.lambda$schedule$1(Scheduler.java:68)
	at java.util.concurrent.Executors$RunnableAdapter.call(Executors.java:511)
	at java.util.concurrent.FutureTask.run(FutureTask.java:266)
	at java.util.concurrent.ScheduledThreadPoolExecutor$ScheduledFutureTask.access$201(ScheduledThreadPoolExecutor.java:180)
	at java.util.concurrent.ScheduledThreadPoolExecutor$ScheduledFutureTask.run(ScheduledThreadPoolExecutor.java:293)
	at java.util.concurrent.ThreadPoolExecutor.runWorker(ThreadPoolExecutor.java:1149)
	at java.util.concurrent.ThreadPoolExecutor$Worker.run(ThreadPoolExecutor.java:624)
	at java.lang.Thread.run(Thread.java:748)
 0.00% |█                                                                                                    |  0/1 Time: 0:00:112019-09-17 12:53:04,031 [java.util.concurrent.ThreadPoolExecutor$Worker@114f3833[State = -1, empty queue]] WARN  server.GrpcLogAppender (GrpcLogAppender.java:timeoutAppendRequest(200)) - f7ede272-a28a-44e0-9552-15581fc2de04@group-0E70A92CA2C7->84ab4d91-000c-4523-9c5f-2c204b5f6601-GrpcLogAppender: appendEntries Timeout, request=f7ede272-a28a-44e0-9552-15581fc2de04->84ab4d91-000c-4523-9c5f-2c204b5f6601#40-t1, previous=(t:1, i:34), leaderCommit=30, initializing? false, entries: <empty>
2019-09-17 12:53:04,031 [java.util.concurrent.ThreadPoolExecutor$Worker@27773213[State = -1, empty queue]] WARN  server.GrpcLogAppender (GrpcLogAppender.java:timeoutAppendRequest(200)) - f7ede272-a28a-44e0-9552-15581fc2de04@group-0E70A92CA2C7->5e893e0a-56f7-4618-9f46-a6ff48173cb6-GrpcLogAppender: appendEntries Timeout, request=f7ede272-a28a-44e0-9552-15581fc2de04->5e893e0a-56f7-4618-9f46-a6ff48173cb6#40-t1, previous=(t:1, i:34), leaderCommit=30, initializing? false, entries: <empty>
 0.00% |█                                                                                                    |  0/1 Time: 0:00:122019-09-17 12:53:05,845 [grpc-default-executor-7] INFO  impl.RaftServerProxy (RaftServerProxy.java:remove(95)) - 5e893e0a-56f7-4618-9f46-a6ff48173cb6: remove group-869F42A7192E:null
2019-09-17 12:53:05,849 [RatisPipelineUtilsThread] WARN  pipeline.RatisPipelineUtils (RatisPipelineUtils.java:destroyPipeline(66)) - Pipeline destroy failed for pipeline=PipelineID=beaf19c3-da84-45d5-96c5-869f42a7192e dn=5e893e0a-56f7-4618-9f46-a6ff48173cb6{ip: 192.168.5.153, host: pr-hdds-2137-trunk-mnh2s-3748177197, networkLocation: /default-rack, certSerialId: null}
2019-09-17 12:53:05,851 [grpc-default-executor-7] INFO  impl.RaftServerProxy (RaftServerProxy.java:remove(95)) - 84ab4d91-000c-4523-9c5f-2c204b5f6601: remove group-869F42A7192E:null
2019-09-17 12:53:05,853 [RatisPipelineUtilsThread] WARN  pipeline.RatisPipelineUtils (RatisPipelineUtils.java:destroyPipeline(66)) - Pipeline destroy failed for pipeline=PipelineID=beaf19c3-da84-45d5-96c5-869f42a7192e dn=84ab4d91-000c-4523-9c5f-2c204b5f6601{ip: 192.168.5.153, host: pr-hdds-2137-trunk-mnh2s-3748177197, networkLocation: /default-rack, certSerialId: null}
2019-09-17 12:53:05,855 [grpc-default-executor-7] INFO  impl.RaftServerProxy (RaftServerProxy.java:remove(95)) - f7ede272-a28a-44e0-9552-15581fc2de04: remove group-869F42A7192E:null
2019-09-17 12:53:05,857 [RatisPipelineUtilsThread] WARN  pipeline.RatisPipelineUtils (RatisPipelineUtils.java:destroyPipeline(66)) - Pipeline destroy failed for pipeline=PipelineID=beaf19c3-da84-45d5-96c5-869f42a7192e dn=f7ede272-a28a-44e0-9552-15581fc2de04{ip: 192.168.5.153, host: pr-hdds-2137-trunk-mnh2s-3748177197, networkLocation: /default-rack, certSerialId: null}
2019-09-17 12:53:05,857 [RatisPipelineUtilsThread] ERROR pipeline.SCMPipelineManager (Scheduler.java:lambda$schedule$1(70)) - Destroy pipeline failed for pipeline:Pipeline[ Id: beaf19c3-da84-45d5-96c5-869f42a7192e, Nodes: 5e893e0a-56f7-4618-9f46-a6ff48173cb6{ip: 192.168.5.153, host: pr-hdds-2137-trunk-mnh2s-3748177197, networkLocation: /default-rack, certSerialId: null}84ab4d91-000c-4523-9c5f-2c204b5f6601{ip: 192.168.5.153, host: pr-hdds-2137-trunk-mnh2s-3748177197, networkLocation: /default-rack, certSerialId: null}f7ede272-a28a-44e0-9552-15581fc2de04{ip: 192.168.5.153, host: pr-hdds-2137-trunk-mnh2s-3748177197, networkLocation: /default-rack, certSerialId: null}, Type:RATIS, Factor:THREE, State:CLOSED]
org.apache.hadoop.hdds.scm.pipeline.PipelineNotFoundException: PipelineID=beaf19c3-da84-45d5-96c5-869f42a7192e not found
	at org.apache.hadoop.hdds.scm.pipeline.PipelineStateMap.getPipeline(PipelineStateMap.java:132)
	at org.apache.hadoop.hdds.scm.pipeline.PipelineStateMap.removePipeline(PipelineStateMap.java:322)
	at org.apache.hadoop.hdds.scm.pipeline.PipelineStateManager.removePipeline(PipelineStateManager.java:107)
	at org.apache.hadoop.hdds.scm.pipeline.SCMPipelineManager.removePipeline(SCMPipelineManager.java:423)
	at org.apache.hadoop.hdds.scm.pipeline.SCMPipelineManager.destroyPipeline(SCMPipelineManager.java:409)
	at org.apache.hadoop.hdds.scm.pipeline.SCMPipelineManager.lambda$finalizeAndDestroyPipeline$0(SCMPipelineManager.java:318)
	at org.apache.hadoop.utils.Scheduler.lambda$schedule$1(Scheduler.java:68)
	at java.util.concurrent.Executors$RunnableAdapter.call(Executors.java:511)
	at java.util.concurrent.FutureTask.run(FutureTask.java:266)
	at java.util.concurrent.ScheduledThreadPoolExecutor$ScheduledFutureTask.access$201(ScheduledThreadPoolExecutor.java:180)
	at java.util.concurrent.ScheduledThreadPoolExecutor$ScheduledFutureTask.run(ScheduledThreadPoolExecutor.java:293)
	at java.util.concurrent.ThreadPoolExecutor.runWorker(ThreadPoolExecutor.java:1149)
	at java.util.concurrent.ThreadPoolExecutor$Worker.run(ThreadPoolExecutor.java:624)
	at java.lang.Thread.run(Thread.java:748)
 0.00% |█                                                                                                    |  0/1 Time: 0:00:132019-09-17 12:53:06,532 [java.util.concurrent.ThreadPoolExecutor$Worker@114f3833[State = -1, empty queue]] WARN  server.GrpcLogAppender (GrpcLogAppender.java:timeoutAppendRequest(200)) - f7ede272-a28a-44e0-9552-15581fc2de04@group-0E70A92CA2C7->84ab4d91-000c-4523-9c5f-2c204b5f6601-GrpcLogAppender: appendEntries Timeout, request=f7ede272-a28a-44e0-9552-15581fc2de04->84ab4d91-000c-4523-9c5f-2c204b5f6601#41-t1, previous=(t:1, i:34), leaderCommit=30, initializing? false, entries: <empty>
2019-09-17 12:53:06,532 [java.util.concurrent.ThreadPoolExecutor$Worker@27773213[State = -1, empty queue]] WARN  server.GrpcLogAppender (GrpcLogAppender.java:timeoutAppendRequest(200)) - f7ede272-a28a-44e0-9552-15581fc2de04@group-0E70A92CA2C7->5e893e0a-56f7-4618-9f46-a6ff48173cb6-GrpcLogAppender: appendEntries Timeout, request=f7ede272-a28a-44e0-9552-15581fc2de04->5e893e0a-56f7-4618-9f46-a6ff48173cb6#41-t1, previous=(t:1, i:34), leaderCommit=30, initializing? false, entries: <empty>
 0.00% |█                                                                                                    |  0/1 Time: 0:00:14 0.00% |█                                                                                                    |  0/1 Time: 0:00:152019-09-17 12:53:08,633 [grpc-default-executor-4] INFO  client.GrpcClientProtocolClient (GrpcClientProtocolClient.java:onNext(264)) - client-B7904277824C->84ab4d91-000c-4523-9c5f-2c204b5f6601: receive RaftClientReply:client-B7904277824C->84ab4d91-000c-4523-9c5f-2c204b5f6601@group-0E70A92CA2C7, cid=281, FAILED org.apache.ratis.protocol.NotLeaderException: Server 84ab4d91-000c-4523-9c5f-2c204b5f6601@group-0E70A92CA2C7 is not the leader f7ede272-a28a-44e0-9552-15581fc2de04:192.168.5.153:38263, logIndex=0, commits[84ab4d91-000c-4523-9c5f-2c204b5f6601:c30, 5e893e0a-56f7-4618-9f46-a6ff48173cb6:c26, f7ede272-a28a-44e0-9552-15581fc2de04:c30]
2019-09-17 12:53:08,841 [grpc-default-executor-4] INFO  impl.RaftServerProxy (RaftServerProxy.java:remove(95)) - 5e893e0a-56f7-4618-9f46-a6ff48173cb6: remove group-869F42A7192E:null
2019-09-17 12:53:08,844 [RatisPipelineUtilsThread] WARN  pipeline.RatisPipelineUtils (RatisPipelineUtils.java:destroyPipeline(66)) - Pipeline destroy failed for pipeline=PipelineID=beaf19c3-da84-45d5-96c5-869f42a7192e dn=5e893e0a-56f7-4618-9f46-a6ff48173cb6{ip: 192.168.5.153, host: pr-hdds-2137-trunk-mnh2s-3748177197, networkLocation: /default-rack, certSerialId: null}
2019-09-17 12:53:08,847 [grpc-default-executor-4] INFO  impl.RaftServerProxy (RaftServerProxy.java:remove(95)) - 84ab4d91-000c-4523-9c5f-2c204b5f6601: remove group-869F42A7192E:null
2019-09-17 12:53:08,849 [RatisPipelineUtilsThread] WARN  pipeline.RatisPipelineUtils (RatisPipelineUtils.java:destroyPipeline(66)) - Pipeline destroy failed for pipeline=PipelineID=beaf19c3-da84-45d5-96c5-869f42a7192e dn=84ab4d91-000c-4523-9c5f-2c204b5f6601{ip: 192.168.5.153, host: pr-hdds-2137-trunk-mnh2s-3748177197, networkLocation: /default-rack, certSerialId: null}
2019-09-17 12:53:08,851 [grpc-default-executor-4] INFO  impl.RaftServerProxy (RaftServerProxy.java:remove(95)) - f7ede272-a28a-44e0-9552-15581fc2de04: remove group-869F42A7192E:null
2019-09-17 12:53:08,853 [RatisPipelineUtilsThread] WARN  pipeline.RatisPipelineUtils (RatisPipelineUtils.java:destroyPipeline(66)) - Pipeline destroy failed for pipeline=PipelineID=beaf19c3-da84-45d5-96c5-869f42a7192e dn=f7ede272-a28a-44e0-9552-15581fc2de04{ip: 192.168.5.153, host: pr-hdds-2137-trunk-mnh2s-3748177197, networkLocation: /default-rack, certSerialId: null}
2019-09-17 12:53:08,853 [RatisPipelineUtilsThread] ERROR pipeline.SCMPipelineManager (Scheduler.java:lambda$schedule$1(70)) - Destroy pipeline failed for pipeline:Pipeline[ Id: beaf19c3-da84-45d5-96c5-869f42a7192e, Nodes: 5e893e0a-56f7-4618-9f46-a6ff48173cb6{ip: 192.168.5.153, host: pr-hdds-2137-trunk-mnh2s-3748177197, networkLocation: /default-rack, certSerialId: null}84ab4d91-000c-4523-9c5f-2c204b5f6601{ip: 192.168.5.153, host: pr-hdds-2137-trunk-mnh2s-3748177197, networkLocation: /default-rack, certSerialId: null}f7ede272-a28a-44e0-9552-15581fc2de04{ip: 192.168.5.153, host: pr-hdds-2137-trunk-mnh2s-3748177197, networkLocation: /default-rack, certSerialId: null}, Type:RATIS, Factor:THREE, State:CLOSED]
org.apache.hadoop.hdds.scm.pipeline.PipelineNotFoundException: PipelineID=beaf19c3-da84-45d5-96c5-869f42a7192e not found
	at org.apache.hadoop.hdds.scm.pipeline.PipelineStateMap.getPipeline(PipelineStateMap.java:132)
	at org.apache.hadoop.hdds.scm.pipeline.PipelineStateMap.removePipeline(PipelineStateMap.java:322)
	at org.apache.hadoop.hdds.scm.pipeline.PipelineStateManager.removePipeline(PipelineStateManager.java:107)
	at org.apache.hadoop.hdds.scm.pipeline.SCMPipelineManager.removePipeline(SCMPipelineManager.java:423)
	at org.apache.hadoop.hdds.scm.pipeline.SCMPipelineManager.destroyPipeline(SCMPipelineManager.java:409)
	at org.apache.hadoop.hdds.scm.pipeline.SCMPipelineManager.lambda$finalizeAndDestroyPipeline$0(SCMPipelineManager.java:318)
	at org.apache.hadoop.utils.Scheduler.lambda$schedule$1(Scheduler.java:68)
	at java.util.concurrent.Executors$RunnableAdapter.call(Executors.java:511)
	at java.util.concurrent.FutureTask.run(FutureTask.java:266)
	at java.util.concurrent.ScheduledThreadPoolExecutor$ScheduledFutureTask.access$201(ScheduledThreadPoolExecutor.java:180)
	at java.util.concurrent.ScheduledThreadPoolExecutor$ScheduledFutureTask.run(ScheduledThreadPoolExecutor.java:293)
	at java.util.concurrent.ThreadPoolExecutor.runWorker(ThreadPoolExecutor.java:1149)
	at java.util.concurrent.ThreadPoolExecutor$Worker.run(ThreadPoolExecutor.java:624)
	at java.lang.Thread.run(Thread.java:748)
 0.00% |█                                                                                                    |  0/1 Time: 0:00:162019-09-17 12:53:09,032 [java.util.concurrent.ThreadPoolExecutor$Worker@114f3833[State = -1, empty queue]] WARN  server.GrpcLogAppender (GrpcLogAppender.java:timeoutAppendRequest(200)) - f7ede272-a28a-44e0-9552-15581fc2de04@group-0E70A92CA2C7->84ab4d91-000c-4523-9c5f-2c204b5f6601-GrpcLogAppender: appendEntries Timeout, request=f7ede272-a28a-44e0-9552-15581fc2de04->84ab4d91-000c-4523-9c5f-2c204b5f6601#42-t1, previous=(t:1, i:34), leaderCommit=30, initializing? false, entries: <empty>
2019-09-17 12:53:09,035 [java.util.concurrent.ThreadPoolExecutor$Worker@27773213[State = -1, empty queue]] WARN  server.GrpcLogAppender (GrpcLogAppender.java:timeoutAppendRequest(200)) - f7ede272-a28a-44e0-9552-15581fc2de04@group-0E70A92CA2C7->5e893e0a-56f7-4618-9f46-a6ff48173cb6-GrpcLogAppender: appendEntries Timeout, request=f7ede272-a28a-44e0-9552-15581fc2de04->5e893e0a-56f7-4618-9f46-a6ff48173cb6#42-t1, previous=(t:1, i:34), leaderCommit=30, initializing? false, entries: <empty>
 0.00% |█                                                                                                    |  0/1 Time: 0:00:172019-09-17 12:53:10,839 [grpc-default-executor-4] INFO  impl.RaftServerProxy (RaftServerProxy.java:remove(95)) - 5e893e0a-56f7-4618-9f46-a6ff48173cb6: remove group-869F42A7192E:null
2019-09-17 12:53:10,841 [RatisPipelineUtilsThread] WARN  pipeline.RatisPipelineUtils (RatisPipelineUtils.java:destroyPipeline(66)) - Pipeline destroy failed for pipeline=PipelineID=beaf19c3-da84-45d5-96c5-869f42a7192e dn=5e893e0a-56f7-4618-9f46-a6ff48173cb6{ip: 192.168.5.153, host: pr-hdds-2137-trunk-mnh2s-3748177197, networkLocation: /default-rack, certSerialId: null}
2019-09-17 12:53:10,845 [grpc-default-executor-4] INFO  impl.RaftServerProxy (RaftServerProxy.java:remove(95)) - 84ab4d91-000c-4523-9c5f-2c204b5f6601: remove group-869F42A7192E:null
2019-09-17 12:53:10,847 [RatisPipelineUtilsThread] WARN  pipeline.RatisPipelineUtils (RatisPipelineUtils.java:destroyPipeline(66)) - Pipeline destroy failed for pipeline=PipelineID=beaf19c3-da84-45d5-96c5-869f42a7192e dn=84ab4d91-000c-4523-9c5f-2c204b5f6601{ip: 192.168.5.153, host: pr-hdds-2137-trunk-mnh2s-3748177197, networkLocation: /default-rack, certSerialId: null}
2019-09-17 12:53:10,849 [grpc-default-executor-4] INFO  impl.RaftServerProxy (RaftServerProxy.java:remove(95)) - f7ede272-a28a-44e0-9552-15581fc2de04: remove group-869F42A7192E:null
2019-09-17 12:53:10,851 [RatisPipelineUtilsThread] WARN  pipeline.RatisPipelineUtils (RatisPipelineUtils.java:destroyPipeline(66)) - Pipeline destroy failed for pipeline=PipelineID=beaf19c3-da84-45d5-96c5-869f42a7192e dn=f7ede272-a28a-44e0-9552-15581fc2de04{ip: 192.168.5.153, host: pr-hdds-2137-trunk-mnh2s-3748177197, networkLocation: /default-rack, certSerialId: null}
2019-09-17 12:53:10,851 [RatisPipelineUtilsThread] ERROR pipeline.SCMPipelineManager (Scheduler.java:lambda$schedule$1(70)) - Destroy pipeline failed for pipeline:Pipeline[ Id: beaf19c3-da84-45d5-96c5-869f42a7192e, Nodes: 5e893e0a-56f7-4618-9f46-a6ff48173cb6{ip: 192.168.5.153, host: pr-hdds-2137-trunk-mnh2s-3748177197, networkLocation: /default-rack, certSerialId: null}84ab4d91-000c-4523-9c5f-2c204b5f6601{ip: 192.168.5.153, host: pr-hdds-2137-trunk-mnh2s-3748177197, networkLocation: /default-rack, certSerialId: null}f7ede272-a28a-44e0-9552-15581fc2de04{ip: 192.168.5.153, host: pr-hdds-2137-trunk-mnh2s-3748177197, networkLocation: /default-rack, certSerialId: null}, Type:RATIS, Factor:THREE, State:CLOSED]
org.apache.hadoop.hdds.scm.pipeline.PipelineNotFoundException: PipelineID=beaf19c3-da84-45d5-96c5-869f42a7192e not found
	at org.apache.hadoop.hdds.scm.pipeline.PipelineStateMap.getPipeline(PipelineStateMap.java:132)
	at org.apache.hadoop.hdds.scm.pipeline.PipelineStateMap.removePipeline(PipelineStateMap.java:322)
	at org.apache.hadoop.hdds.scm.pipeline.PipelineStateManager.removePipeline(PipelineStateManager.java:107)
	at org.apache.hadoop.hdds.scm.pipeline.SCMPipelineManager.removePipeline(SCMPipelineManager.java:423)
	at org.apache.hadoop.hdds.scm.pipeline.SCMPipelineManager.destroyPipeline(SCMPipelineManager.java:409)
	at org.apache.hadoop.hdds.scm.pipeline.SCMPipelineManager.lambda$finalizeAndDestroyPipeline$0(SCMPipelineManager.java:318)
	at org.apache.hadoop.utils.Scheduler.lambda$schedule$1(Scheduler.java:68)
	at java.util.concurrent.Executors$RunnableAdapter.call(Executors.java:511)
	at java.util.concurrent.FutureTask.run(FutureTask.java:266)
	at java.util.concurrent.ScheduledThreadPoolExecutor$ScheduledFutureTask.access$201(ScheduledThreadPoolExecutor.java:180)
	at java.util.concurrent.ScheduledThreadPoolExecutor$ScheduledFutureTask.run(ScheduledThreadPoolExecutor.java:293)
	at java.util.concurrent.ThreadPoolExecutor.runWorker(ThreadPoolExecutor.java:1149)
	at java.util.concurrent.ThreadPoolExecutor$Worker.run(ThreadPoolExecutor.java:624)
	at java.lang.Thread.run(Thread.java:748)
 0.00% |█                                                                                                    |  0/1 Time: 0:00:182019-09-17 12:53:11,533 [java.util.concurrent.ThreadPoolExecutor$Worker@114f3833[State = -1, empty queue]] WARN  server.GrpcLogAppender (GrpcLogAppender.java:timeoutAppendRequest(200)) - f7ede272-a28a-44e0-9552-15581fc2de04@group-0E70A92CA2C7->84ab4d91-000c-4523-9c5f-2c204b5f6601-GrpcLogAppender: appendEntries Timeout, request=f7ede272-a28a-44e0-9552-15581fc2de04->84ab4d91-000c-4523-9c5f-2c204b5f6601#43-t1, previous=(t:1, i:34), leaderCommit=30, initializing? false, entries: <empty>
2019-09-17 12:53:11,533 [java.util.concurrent.ThreadPoolExecutor$Worker@27773213[State = -1, empty queue]] WARN  server.GrpcLogAppender (GrpcLogAppender.java:timeoutAppendRequest(200)) - f7ede272-a28a-44e0-9552-15581fc2de04@group-0E70A92CA2C7->5e893e0a-56f7-4618-9f46-a6ff48173cb6-GrpcLogAppender: appendEntries Timeout, request=f7ede272-a28a-44e0-9552-15581fc2de04->5e893e0a-56f7-4618-9f46-a6ff48173cb6#43-t1, previous=(t:1, i:34), leaderCommit=30, initializing? false, entries: <empty>
 0.00% |█                                                                                                    |  0/1 Time: 0:00:19 0.00% |█                                                                                                    |  0/1 Time: 0:00:202019-09-17 12:53:13,526 [f7ede272-a28a-44e0-9552-15581fc2de04@group-0E70A92CA2C7-SegmentedRaftLogWorker] WARN  segmented.SegmentedRaftLogWorker (SegmentedRaftLogWorker.java:getFromFuture(90)) - Timeout 1/~
org.apache.ratis.protocol.TimeoutIOException: Timeout 10s: WriteLog:31: (t:1, i:31), STATEMACHINELOGENTRY, client-B7904277824C, cid=281-writeStateMachineData
	at org.apache.ratis.util.IOUtils.getFromFuture(IOUtils.java:87)
	at org.apache.ratis.server.raftlog.segmented.SegmentedRaftLogWorker$StateMachineDataPolicy.getFromFuture(SegmentedRaftLogWorker.java:87)
	at org.apache.ratis.server.raftlog.segmented.SegmentedRaftLogWorker$WriteLog.execute(SegmentedRaftLogWorker.java:477)
	at org.apache.ratis.server.raftlog.segmented.SegmentedRaftLogWorker.run(SegmentedRaftLogWorker.java:289)
	at java.lang.Thread.run(Thread.java:748)
Caused by: java.util.concurrent.TimeoutException
	at java.util.concurrent.CompletableFuture.timedGet(CompletableFuture.java:1771)
	at java.util.concurrent.CompletableFuture.get(CompletableFuture.java:1915)
	at org.apache.ratis.util.IOUtils.getFromFuture(IOUtils.java:79)
	... 4 more
2019-09-17 12:53:13,530 [84ab4d91-000c-4523-9c5f-2c204b5f6601@group-0E70A92CA2C7-SegmentedRaftLogWorker] WARN  segmented.SegmentedRaftLogWorker (SegmentedRaftLogWorker.java:getFromFuture(90)) - Timeout 1/~
org.apache.ratis.protocol.TimeoutIOException: Timeout 10s: WriteLog:31: (t:1, i:31), STATEMACHINELOGENTRY, client-B7904277824C, cid=281-writeStateMachineData
	at org.apache.ratis.util.IOUtils.getFromFuture(IOUtils.java:87)
	at org.apache.ratis.server.raftlog.segmented.SegmentedRaftLogWorker$StateMachineDataPolicy.getFromFuture(SegmentedRaftLogWorker.java:87)
	at org.apache.ratis.server.raftlog.segmented.SegmentedRaftLogWorker$WriteLog.execute(SegmentedRaftLogWorker.java:477)
	at org.apache.ratis.server.raftlog.segmented.SegmentedRaftLogWorker.run(SegmentedRaftLogWorker.java:289)
	at java.lang.Thread.run(Thread.java:748)
Caused by: java.util.concurrent.TimeoutException
	at java.util.concurrent.CompletableFuture.timedGet(CompletableFuture.java:1771)
	at java.util.concurrent.CompletableFuture.get(CompletableFuture.java:1915)
	at org.apache.ratis.util.IOUtils.getFromFuture(IOUtils.java:79)
	... 4 more
2019-09-17 12:53:13,530 [5e893e0a-56f7-4618-9f46-a6ff48173cb6@group-0E70A92CA2C7-SegmentedRaftLogWorker] WARN  segmented.SegmentedRaftLogWorker (SegmentedRaftLogWorker.java:getFromFuture(90)) - Timeout 1/~
org.apache.ratis.protocol.TimeoutIOException: Timeout 10s: WriteLog:31: (t:1, i:31), STATEMACHINELOGENTRY, client-B7904277824C, cid=281-writeStateMachineData
	at org.apache.ratis.util.IOUtils.getFromFuture(IOUtils.java:87)
	at org.apache.ratis.server.raftlog.segmented.SegmentedRaftLogWorker$StateMachineDataPolicy.getFromFuture(SegmentedRaftLogWorker.java:87)
	at org.apache.ratis.server.raftlog.segmented.SegmentedRaftLogWorker$WriteLog.execute(SegmentedRaftLogWorker.java:477)
	at org.apache.ratis.server.raftlog.segmented.SegmentedRaftLogWorker.run(SegmentedRaftLogWorker.java:289)
	at java.lang.Thread.run(Thread.java:748)
Caused by: java.util.concurrent.TimeoutException
	at java.util.concurrent.CompletableFuture.timedGet(CompletableFuture.java:1771)
	at java.util.concurrent.CompletableFuture.get(CompletableFuture.java:1915)
	at org.apache.ratis.util.IOUtils.getFromFuture(IOUtils.java:79)
	... 4 more
2019-09-17 12:53:13,661 [grpc-default-executor-5] INFO  client.GrpcClientProtocolClient (GrpcClientProtocolClient.java:onNext(264)) - client-B7904277824C->5e893e0a-56f7-4618-9f46-a6ff48173cb6: receive RaftClientReply:client-B7904277824C->5e893e0a-56f7-4618-9f46-a6ff48173cb6@group-0E70A92CA2C7, cid=281, FAILED org.apache.ratis.protocol.NotLeaderException: Server 5e893e0a-56f7-4618-9f46-a6ff48173cb6@group-0E70A92CA2C7 is not the leader f7ede272-a28a-44e0-9552-15581fc2de04:192.168.5.153:38263, logIndex=0, commits[5e893e0a-56f7-4618-9f46-a6ff48173cb6:c30, 84ab4d91-000c-4523-9c5f-2c204b5f6601:c26, f7ede272-a28a-44e0-9552-15581fc2de04:c30]
2019-09-17 12:53:13,838 [grpc-default-executor-4] INFO  impl.RaftServerProxy (RaftServerProxy.java:remove(95)) - 5e893e0a-56f7-4618-9f46-a6ff48173cb6: remove group-869F42A7192E:null
2019-09-17 12:53:13,841 [RatisPipelineUtilsThread] WARN  pipeline.RatisPipelineUtils (RatisPipelineUtils.java:destroyPipeline(66)) - Pipeline destroy failed for pipeline=PipelineID=beaf19c3-da84-45d5-96c5-869f42a7192e dn=5e893e0a-56f7-4618-9f46-a6ff48173cb6{ip: 192.168.5.153, host: pr-hdds-2137-trunk-mnh2s-3748177197, networkLocation: /default-rack, certSerialId: null}
2019-09-17 12:53:13,843 [grpc-default-executor-4] INFO  impl.RaftServerProxy (RaftServerProxy.java:remove(95)) - 84ab4d91-000c-4523-9c5f-2c204b5f6601: remove group-869F42A7192E:null
2019-09-17 12:53:13,845 [RatisPipelineUtilsThread] WARN  pipeline.RatisPipelineUtils (RatisPipelineUtils.java:destroyPipeline(66)) - Pipeline destroy failed for pipeline=PipelineID=beaf19c3-da84-45d5-96c5-869f42a7192e dn=84ab4d91-000c-4523-9c5f-2c204b5f6601{ip: 192.168.5.153, host: pr-hdds-2137-trunk-mnh2s-3748177197, networkLocation: /default-rack, certSerialId: null}
2019-09-17 12:53:13,847 [grpc-default-executor-4] INFO  impl.RaftServerProxy (RaftServerProxy.java:remove(95)) - f7ede272-a28a-44e0-9552-15581fc2de04: remove group-869F42A7192E:null
2019-09-17 12:53:13,848 [RatisPipelineUtilsThread] WARN  pipeline.RatisPipelineUtils (RatisPipelineUtils.java:destroyPipeline(66)) - Pipeline destroy failed for pipeline=PipelineID=beaf19c3-da84-45d5-96c5-869f42a7192e dn=f7ede272-a28a-44e0-9552-15581fc2de04{ip: 192.168.5.153, host: pr-hdds-2137-trunk-mnh2s-3748177197, networkLocation: /default-rack, certSerialId: null}
2019-09-17 12:53:13,848 [RatisPipelineUtilsThread] ERROR pipeline.SCMPipelineManager (Scheduler.java:lambda$schedule$1(70)) - Destroy pipeline failed for pipeline:Pipeline[ Id: beaf19c3-da84-45d5-96c5-869f42a7192e, Nodes: 5e893e0a-56f7-4618-9f46-a6ff48173cb6{ip: 192.168.5.153, host: pr-hdds-2137-trunk-mnh2s-3748177197, networkLocation: /default-rack, certSerialId: null}84ab4d91-000c-4523-9c5f-2c204b5f6601{ip: 192.168.5.153, host: pr-hdds-2137-trunk-mnh2s-3748177197, networkLocation: /default-rack, certSerialId: null}f7ede272-a28a-44e0-9552-15581fc2de04{ip: 192.168.5.153, host: pr-hdds-2137-trunk-mnh2s-3748177197, networkLocation: /default-rack, certSerialId: null}, Type:RATIS, Factor:THREE, State:CLOSED]
org.apache.hadoop.hdds.scm.pipeline.PipelineNotFoundException: PipelineID=beaf19c3-da84-45d5-96c5-869f42a7192e not found
	at org.apache.hadoop.hdds.scm.pipeline.PipelineStateMap.getPipeline(PipelineStateMap.java:132)
	at org.apache.hadoop.hdds.scm.pipeline.PipelineStateMap.removePipeline(PipelineStateMap.java:322)
	at org.apache.hadoop.hdds.scm.pipeline.PipelineStateManager.removePipeline(PipelineStateManager.java:107)
	at org.apache.hadoop.hdds.scm.pipeline.SCMPipelineManager.removePipeline(SCMPipelineManager.java:423)
	at org.apache.hadoop.hdds.scm.pipeline.SCMPipelineManager.destroyPipeline(SCMPipelineManager.java:409)
	at org.apache.hadoop.hdds.scm.pipeline.SCMPipelineManager.lambda$finalizeAndDestroyPipeline$0(SCMPipelineManager.java:318)
	at org.apache.hadoop.utils.Scheduler.lambda$schedule$1(Scheduler.java:68)
	at java.util.concurrent.Executors$RunnableAdapter.call(Executors.java:511)
	at java.util.concurrent.FutureTask.run(FutureTask.java:266)
	at java.util.concurrent.ScheduledThreadPoolExecutor$ScheduledFutureTask.access$201(ScheduledThreadPoolExecutor.java:180)
	at java.util.concurrent.ScheduledThreadPoolExecutor$ScheduledFutureTask.run(ScheduledThreadPoolExecutor.java:293)
	at java.util.concurrent.ThreadPoolExecutor.runWorker(ThreadPoolExecutor.java:1149)
	at java.util.concurrent.ThreadPoolExecutor$Worker.run(ThreadPoolExecutor.java:624)
	at java.lang.Thread.run(Thread.java:748)
 0.00% |█                                                                                                    |  0/1 Time: 0:00:212019-09-17 12:53:14,033 [java.util.concurrent.ThreadPoolExecutor$Worker@27773213[State = -1, empty queue]] WARN  server.GrpcLogAppender (GrpcLogAppender.java:timeoutAppendRequest(200)) - f7ede272-a28a-44e0-9552-15581fc2de04@group-0E70A92CA2C7->5e893e0a-56f7-4618-9f46-a6ff48173cb6-GrpcLogAppender: appendEntries Timeout, request=f7ede272-a28a-44e0-9552-15581fc2de04->5e893e0a-56f7-4618-9f46-a6ff48173cb6#44-t1, previous=(t:1, i:34), leaderCommit=30, initializing? false, entries: <empty>
2019-09-17 12:53:14,033 [java.util.concurrent.ThreadPoolExecutor$Worker@114f3833[State = -1, empty queue]] WARN  server.GrpcLogAppender (GrpcLogAppender.java:timeoutAppendRequest(200)) - f7ede272-a28a-44e0-9552-15581fc2de04@group-0E70A92CA2C7->84ab4d91-000c-4523-9c5f-2c204b5f6601-GrpcLogAppender: appendEntries Timeout, request=f7ede272-a28a-44e0-9552-15581fc2de04->84ab4d91-000c-4523-9c5f-2c204b5f6601#44-t1, previous=(t:1, i:34), leaderCommit=30, initializing? false, entries: <empty>
 0.00% |█                                                                                                    |  0/1 Time: 0:00:222019-09-17 12:53:15,839 [grpc-default-executor-4] INFO  impl.RaftServerProxy (RaftServerProxy.java:remove(95)) - 5e893e0a-56f7-4618-9f46-a6ff48173cb6: remove group-869F42A7192E:null
2019-09-17 12:53:15,842 [RatisPipelineUtilsThread] WARN  pipeline.RatisPipelineUtils (RatisPipelineUtils.java:destroyPipeline(66)) - Pipeline destroy failed for pipeline=PipelineID=beaf19c3-da84-45d5-96c5-869f42a7192e dn=5e893e0a-56f7-4618-9f46-a6ff48173cb6{ip: 192.168.5.153, host: pr-hdds-2137-trunk-mnh2s-3748177197, networkLocation: /default-rack, certSerialId: null}
2019-09-17 12:53:15,845 [grpc-default-executor-4] INFO  impl.RaftServerProxy (RaftServerProxy.java:remove(95)) - 84ab4d91-000c-4523-9c5f-2c204b5f6601: remove group-869F42A7192E:null
2019-09-17 12:53:15,847 [RatisPipelineUtilsThread] WARN  pipeline.RatisPipelineUtils (RatisPipelineUtils.java:destroyPipeline(66)) - Pipeline destroy failed for pipeline=PipelineID=beaf19c3-da84-45d5-96c5-869f42a7192e dn=84ab4d91-000c-4523-9c5f-2c204b5f6601{ip: 192.168.5.153, host: pr-hdds-2137-trunk-mnh2s-3748177197, networkLocation: /default-rack, certSerialId: null}
2019-09-17 12:53:15,850 [grpc-default-executor-4] INFO  impl.RaftServerProxy (RaftServerProxy.java:remove(95)) - f7ede272-a28a-44e0-9552-15581fc2de04: remove group-869F42A7192E:null
2019-09-17 12:53:15,852 [RatisPipelineUtilsThread] WARN  pipeline.RatisPipelineUtils (RatisPipelineUtils.java:destroyPipeline(66)) - Pipeline destroy failed for pipeline=PipelineID=beaf19c3-da84-45d5-96c5-869f42a7192e dn=f7ede272-a28a-44e0-9552-15581fc2de04{ip: 192.168.5.153, host: pr-hdds-2137-trunk-mnh2s-3748177197, networkLocation: /default-rack, certSerialId: null}
2019-09-17 12:53:15,852 [RatisPipelineUtilsThread] ERROR pipeline.SCMPipelineManager (Scheduler.java:lambda$schedule$1(70)) - Destroy pipeline failed for pipeline:Pipeline[ Id: beaf19c3-da84-45d5-96c5-869f42a7192e, Nodes: 5e893e0a-56f7-4618-9f46-a6ff48173cb6{ip: 192.168.5.153, host: pr-hdds-2137-trunk-mnh2s-3748177197, networkLocation: /default-rack, certSerialId: null}84ab4d91-000c-4523-9c5f-2c204b5f6601{ip: 192.168.5.153, host: pr-hdds-2137-trunk-mnh2s-3748177197, networkLocation: /default-rack, certSerialId: null}f7ede272-a28a-44e0-9552-15581fc2de04{ip: 192.168.5.153, host: pr-hdds-2137-trunk-mnh2s-3748177197, networkLocation: /default-rack, certSerialId: null}, Type:RATIS, Factor:THREE, State:CLOSED]
org.apache.hadoop.hdds.scm.pipeline.PipelineNotFoundException: PipelineID=beaf19c3-da84-45d5-96c5-869f42a7192e not found
	at org.apache.hadoop.hdds.scm.pipeline.PipelineStateMap.getPipeline(PipelineStateMap.java:132)
	at org.apache.hadoop.hdds.scm.pipeline.PipelineStateMap.removePipeline(PipelineStateMap.java:322)
	at org.apache.hadoop.hdds.scm.pipeline.PipelineStateManager.removePipeline(PipelineStateManager.java:107)
	at org.apache.hadoop.hdds.scm.pipeline.SCMPipelineManager.removePipeline(SCMPipelineManager.java:423)
	at org.apache.hadoop.hdds.scm.pipeline.SCMPipelineManager.destroyPipeline(SCMPipelineManager.java:409)
	at org.apache.hadoop.hdds.scm.pipeline.SCMPipelineManager.lambda$finalizeAndDestroyPipeline$0(SCMPipelineManager.java:318)
	at org.apache.hadoop.utils.Scheduler.lambda$schedule$1(Scheduler.java:68)
	at java.util.concurrent.Executors$RunnableAdapter.call(Executors.java:511)
	at java.util.concurrent.FutureTask.run(FutureTask.java:266)
	at java.util.concurrent.ScheduledThreadPoolExecutor$ScheduledFutureTask.access$201(ScheduledThreadPoolExecutor.java:180)
	at java.util.concurrent.ScheduledThreadPoolExecutor$ScheduledFutureTask.run(ScheduledThreadPoolExecutor.java:293)
	at java.util.concurrent.ThreadPoolExecutor.runWorker(ThreadPoolExecutor.java:1149)
	at java.util.concurrent.ThreadPoolExecutor$Worker.run(ThreadPoolExecutor.java:624)
	at java.lang.Thread.run(Thread.java:748)
 0.00% |█                                                                                                    |  0/1 Time: 0:00:232019-09-17 12:53:16,534 [java.util.concurrent.ThreadPoolExecutor$Worker@27773213[State = -1, empty queue]] WARN  server.GrpcLogAppender (GrpcLogAppender.java:timeoutAppendRequest(200)) - f7ede272-a28a-44e0-9552-15581fc2de04@group-0E70A92CA2C7->5e893e0a-56f7-4618-9f46-a6ff48173cb6-GrpcLogAppender: appendEntries Timeout, request=f7ede272-a28a-44e0-9552-15581fc2de04->5e893e0a-56f7-4618-9f46-a6ff48173cb6#45-t1, previous=(t:1, i:34), leaderCommit=30, initializing? false, entries: <empty>
2019-09-17 12:53:16,534 [java.util.concurrent.ThreadPoolExecutor$Worker@114f3833[State = -1, empty queue]] WARN  server.GrpcLogAppender (GrpcLogAppender.java:timeoutAppendRequest(200)) - f7ede272-a28a-44e0-9552-15581fc2de04@group-0E70A92CA2C7->84ab4d91-000c-4523-9c5f-2c204b5f6601-GrpcLogAppender: appendEntries Timeout, request=f7ede272-a28a-44e0-9552-15581fc2de04->84ab4d91-000c-4523-9c5f-2c204b5f6601#45-t1, previous=(t:1, i:34), leaderCommit=30, initializing? false, entries: <empty>
 0.00% |█                                                                                                    |  0/1 Time: 0:00:24 0.00% |█                                                                                                    |  0/1 Time: 0:00:252019-09-17 12:53:18,718 [grpc-default-executor-7] INFO  client.GrpcClientProtocolClient (GrpcClientProtocolClient.java:onNext(264)) - client-B7904277824C->5e893e0a-56f7-4618-9f46-a6ff48173cb6: receive RaftClientReply:client-B7904277824C->5e893e0a-56f7-4618-9f46-a6ff48173cb6@group-0E70A92CA2C7, cid=281, FAILED org.apache.ratis.protocol.NotLeaderException: Server 5e893e0a-56f7-4618-9f46-a6ff48173cb6@group-0E70A92CA2C7 is not the leader f7ede272-a28a-44e0-9552-15581fc2de04:192.168.5.153:38263, logIndex=0, commits[5e893e0a-56f7-4618-9f46-a6ff48173cb6:c30, 84ab4d91-000c-4523-9c5f-2c204b5f6601:c26, f7ede272-a28a-44e0-9552-15581fc2de04:c30]
2019-09-17 12:53:18,841 [grpc-default-executor-5] INFO  impl.RaftServerProxy (RaftServerProxy.java:remove(95)) - 5e893e0a-56f7-4618-9f46-a6ff48173cb6: remove group-869F42A7192E:null
2019-09-17 12:53:18,844 [RatisPipelineUtilsThread] WARN  pipeline.RatisPipelineUtils (RatisPipelineUtils.java:destroyPipeline(66)) - Pipeline destroy failed for pipeline=PipelineID=beaf19c3-da84-45d5-96c5-869f42a7192e dn=5e893e0a-56f7-4618-9f46-a6ff48173cb6{ip: 192.168.5.153, host: pr-hdds-2137-trunk-mnh2s-3748177197, networkLocation: /default-rack, certSerialId: null}
2019-09-17 12:53:18,847 [grpc-default-executor-5] INFO  impl.RaftServerProxy (RaftServerProxy.java:remove(95)) - 84ab4d91-000c-4523-9c5f-2c204b5f6601: remove group-869F42A7192E:null
2019-09-17 12:53:18,849 [RatisPipelineUtilsThread] WARN  pipeline.RatisPipelineUtils (RatisPipelineUtils.java:destroyPipeline(66)) - Pipeline destroy failed for pipeline=PipelineID=beaf19c3-da84-45d5-96c5-869f42a7192e dn=84ab4d91-000c-4523-9c5f-2c204b5f6601{ip: 192.168.5.153, host: pr-hdds-2137-trunk-mnh2s-3748177197, networkLocation: /default-rack, certSerialId: null}
2019-09-17 12:53:18,851 [grpc-default-executor-5] INFO  impl.RaftServerProxy (RaftServerProxy.java:remove(95)) - f7ede272-a28a-44e0-9552-15581fc2de04: remove group-869F42A7192E:null
2019-09-17 12:53:18,853 [RatisPipelineUtilsThread] WARN  pipeline.RatisPipelineUtils (RatisPipelineUtils.java:destroyPipeline(66)) - Pipeline destroy failed for pipeline=PipelineID=beaf19c3-da84-45d5-96c5-869f42a7192e dn=f7ede272-a28a-44e0-9552-15581fc2de04{ip: 192.168.5.153, host: pr-hdds-2137-trunk-mnh2s-3748177197, networkLocation: /default-rack, certSerialId: null}
2019-09-17 12:53:18,854 [RatisPipelineUtilsThread] ERROR pipeline.SCMPipelineManager (Scheduler.java:lambda$schedule$1(70)) - Destroy pipeline failed for pipeline:Pipeline[ Id: beaf19c3-da84-45d5-96c5-869f42a7192e, Nodes: 5e893e0a-56f7-4618-9f46-a6ff48173cb6{ip: 192.168.5.153, host: pr-hdds-2137-trunk-mnh2s-3748177197, networkLocation: /default-rack, certSerialId: null}84ab4d91-000c-4523-9c5f-2c204b5f6601{ip: 192.168.5.153, host: pr-hdds-2137-trunk-mnh2s-3748177197, networkLocation: /default-rack, certSerialId: null}f7ede272-a28a-44e0-9552-15581fc2de04{ip: 192.168.5.153, host: pr-hdds-2137-trunk-mnh2s-3748177197, networkLocation: /default-rack, certSerialId: null}, Type:RATIS, Factor:THREE, State:CLOSED]
org.apache.hadoop.hdds.scm.pipeline.PipelineNotFoundException: PipelineID=beaf19c3-da84-45d5-96c5-869f42a7192e not found
	at org.apache.hadoop.hdds.scm.pipeline.PipelineStateMap.getPipeline(PipelineStateMap.java:132)
	at org.apache.hadoop.hdds.scm.pipeline.PipelineStateMap.removePipeline(PipelineStateMap.java:322)
	at org.apache.hadoop.hdds.scm.pipeline.PipelineStateManager.removePipeline(PipelineStateManager.java:107)
	at org.apache.hadoop.hdds.scm.pipeline.SCMPipelineManager.removePipeline(SCMPipelineManager.java:423)
	at org.apache.hadoop.hdds.scm.pipeline.SCMPipelineManager.destroyPipeline(SCMPipelineManager.java:409)
	at org.apache.hadoop.hdds.scm.pipeline.SCMPipelineManager.lambda$finalizeAndDestroyPipeline$0(SCMPipelineManager.java:318)
	at org.apache.hadoop.utils.Scheduler.lambda$schedule$1(Scheduler.java:68)
	at java.util.concurrent.Executors$RunnableAdapter.call(Executors.java:511)
	at java.util.concurrent.FutureTask.run(FutureTask.java:266)
	at java.util.concurrent.ScheduledThreadPoolExecutor$ScheduledFutureTask.access$201(ScheduledThreadPoolExecutor.java:180)
	at java.util.concurrent.ScheduledThreadPoolExecutor$ScheduledFutureTask.run(ScheduledThreadPoolExecutor.java:293)
	at java.util.concurrent.ThreadPoolExecutor.runWorker(ThreadPoolExecutor.java:1149)
	at java.util.concurrent.ThreadPoolExecutor$Worker.run(ThreadPoolExecutor.java:624)
	at java.lang.Thread.run(Thread.java:748)
 0.00% |█                                                                                                    |  0/1 Time: 0:00:262019-09-17 12:53:19,034 [java.util.concurrent.ThreadPoolExecutor$Worker@27773213[State = -1, empty queue]] WARN  server.GrpcLogAppender (GrpcLogAppender.java:timeoutAppendRequest(200)) - f7ede272-a28a-44e0-9552-15581fc2de04@group-0E70A92CA2C7->5e893e0a-56f7-4618-9f46-a6ff48173cb6-GrpcLogAppender: appendEntries Timeout, request=f7ede272-a28a-44e0-9552-15581fc2de04->5e893e0a-56f7-4618-9f46-a6ff48173cb6#46-t1, previous=(t:1, i:34), leaderCommit=30, initializing? false, entries: <empty>
2019-09-17 12:53:19,034 [java.util.concurrent.ThreadPoolExecutor$Worker@114f3833[State = -1, empty queue]] WARN  server.GrpcLogAppender (GrpcLogAppender.java:timeoutAppendRequest(200)) - f7ede272-a28a-44e0-9552-15581fc2de04@group-0E70A92CA2C7->84ab4d91-000c-4523-9c5f-2c204b5f6601-GrpcLogAppender: appendEntries Timeout, request=f7ede272-a28a-44e0-9552-15581fc2de04->84ab4d91-000c-4523-9c5f-2c204b5f6601#46-t1, previous=(t:1, i:34), leaderCommit=30, initializing? false, entries: <empty>
 0.00% |█                                                                                                    |  0/1 Time: 0:00:272019-09-17 12:53:20,844 [grpc-default-executor-5] INFO  impl.RaftServerProxy (RaftServerProxy.java:remove(95)) - 5e893e0a-56f7-4618-9f46-a6ff48173cb6: remove group-869F42A7192E:null
2019-09-17 12:53:20,848 [RatisPipelineUtilsThread] WARN  pipeline.RatisPipelineUtils (RatisPipelineUtils.java:destroyPipeline(66)) - Pipeline destroy failed for pipeline=PipelineID=beaf19c3-da84-45d5-96c5-869f42a7192e dn=5e893e0a-56f7-4618-9f46-a6ff48173cb6{ip: 192.168.5.153, host: pr-hdds-2137-trunk-mnh2s-3748177197, networkLocation: /default-rack, certSerialId: null}
2019-09-17 12:53:20,851 [grpc-default-executor-5] INFO  impl.RaftServerProxy (RaftServerProxy.java:remove(95)) - 84ab4d91-000c-4523-9c5f-2c204b5f6601: remove group-869F42A7192E:null
2019-09-17 12:53:20,854 [RatisPipelineUtilsThread] WARN  pipeline.RatisPipelineUtils (RatisPipelineUtils.java:destroyPipeline(66)) - Pipeline destroy failed for pipeline=PipelineID=beaf19c3-da84-45d5-96c5-869f42a7192e dn=84ab4d91-000c-4523-9c5f-2c204b5f6601{ip: 192.168.5.153, host: pr-hdds-2137-trunk-mnh2s-3748177197, networkLocation: /default-rack, certSerialId: null}
2019-09-17 12:53:20,856 [grpc-default-executor-5] INFO  impl.RaftServerProxy (RaftServerProxy.java:remove(95)) - f7ede272-a28a-44e0-9552-15581fc2de04: remove group-869F42A7192E:null
2019-09-17 12:53:20,858 [RatisPipelineUtilsThread] WARN  pipeline.RatisPipelineUtils (RatisPipelineUtils.java:destroyPipeline(66)) - Pipeline destroy failed for pipeline=PipelineID=beaf19c3-da84-45d5-96c5-869f42a7192e dn=f7ede272-a28a-44e0-9552-15581fc2de04{ip: 192.168.5.153, host: pr-hdds-2137-trunk-mnh2s-3748177197, networkLocation: /default-rack, certSerialId: null}
2019-09-17 12:53:20,858 [RatisPipelineUtilsThread] ERROR pipeline.SCMPipelineManager (Scheduler.java:lambda$schedule$1(70)) - Destroy pipeline failed for pipeline:Pipeline[ Id: beaf19c3-da84-45d5-96c5-869f42a7192e, Nodes: 5e893e0a-56f7-4618-9f46-a6ff48173cb6{ip: 192.168.5.153, host: pr-hdds-2137-trunk-mnh2s-3748177197, networkLocation: /default-rack, certSerialId: null}84ab4d91-000c-4523-9c5f-2c204b5f6601{ip: 192.168.5.153, host: pr-hdds-2137-trunk-mnh2s-3748177197, networkLocation: /default-rack, certSerialId: null}f7ede272-a28a-44e0-9552-15581fc2de04{ip: 192.168.5.153, host: pr-hdds-2137-trunk-mnh2s-3748177197, networkLocation: /default-rack, certSerialId: null}, Type:RATIS, Factor:THREE, State:CLOSED]
org.apache.hadoop.hdds.scm.pipeline.PipelineNotFoundException: PipelineID=beaf19c3-da84-45d5-96c5-869f42a7192e not found
	at org.apache.hadoop.hdds.scm.pipeline.PipelineStateMap.getPipeline(PipelineStateMap.java:132)
	at org.apache.hadoop.hdds.scm.pipeline.PipelineStateMap.removePipeline(PipelineStateMap.java:322)
	at org.apache.hadoop.hdds.scm.pipeline.PipelineStateManager.removePipeline(PipelineStateManager.java:107)
	at org.apache.hadoop.hdds.scm.pipeline.SCMPipelineManager.removePipeline(SCMPipelineManager.java:423)
	at org.apache.hadoop.hdds.scm.pipeline.SCMPipelineManager.destroyPipeline(SCMPipelineManager.java:409)
	at org.apache.hadoop.hdds.scm.pipeline.SCMPipelineManager.lambda$finalizeAndDestroyPipeline$0(SCMPipelineManager.java:318)
	at org.apache.hadoop.utils.Scheduler.lambda$schedule$1(Scheduler.java:68)
	at java.util.concurrent.Executors$RunnableAdapter.call(Executors.java:511)
	at java.util.concurrent.FutureTask.run(FutureTask.java:266)
	at java.util.concurrent.ScheduledThreadPoolExecutor$ScheduledFutureTask.access$201(ScheduledThreadPoolExecutor.java:180)
	at java.util.concurrent.ScheduledThreadPoolExecutor$ScheduledFutureTask.run(ScheduledThreadPoolExecutor.java:293)
	at java.util.concurrent.ThreadPoolExecutor.runWorker(ThreadPoolExecutor.java:1149)
	at java.util.concurrent.ThreadPoolExecutor$Worker.run(ThreadPoolExecutor.java:624)
	at java.lang.Thread.run(Thread.java:748)
 0.00% |█                                                                                                    |  0/1 Time: 0:00:282019-09-17 12:53:21,535 [java.util.concurrent.ThreadPoolExecutor$Worker@27773213[State = -1, empty queue]] WARN  server.GrpcLogAppender (GrpcLogAppender.java:timeoutAppendRequest(200)) - f7ede272-a28a-44e0-9552-15581fc2de04@group-0E70A92CA2C7->5e893e0a-56f7-4618-9f46-a6ff48173cb6-GrpcLogAppender: appendEntries Timeout, request=f7ede272-a28a-44e0-9552-15581fc2de04->5e893e0a-56f7-4618-9f46-a6ff48173cb6#47-t1, previous=(t:1, i:34), leaderCommit=30, initializing? false, entries: <empty>
2019-09-17 12:53:21,535 [java.util.concurrent.ThreadPoolExecutor$Worker@114f3833[State = -1, empty queue]] WARN  server.GrpcLogAppender (GrpcLogAppender.java:timeoutAppendRequest(200)) - f7ede272-a28a-44e0-9552-15581fc2de04@group-0E70A92CA2C7->84ab4d91-000c-4523-9c5f-2c204b5f6601-GrpcLogAppender: appendEntries Timeout, request=f7ede272-a28a-44e0-9552-15581fc2de04->84ab4d91-000c-4523-9c5f-2c204b5f6601#47-t1, previous=(t:1, i:34), leaderCommit=30, initializing? false, entries: <empty>
 0.00% |█                                                                                                    |  0/1 Time: 0:00:29 0.00% |█                                                                                                    |  0/1 Time: 0:00:302019-09-17 12:53:23,527 [f7ede272-a28a-44e0-9552-15581fc2de04@group-0E70A92CA2C7-SegmentedRaftLogWorker] WARN  segmented.SegmentedRaftLogWorker (SegmentedRaftLogWorker.java:getFromFuture(90)) - Timeout 2/~
org.apache.ratis.protocol.TimeoutIOException: Timeout 10s: WriteLog:31: (t:1, i:31), STATEMACHINELOGENTRY, client-B7904277824C, cid=281-writeStateMachineData
	at org.apache.ratis.util.IOUtils.getFromFuture(IOUtils.java:87)
	at org.apache.ratis.server.raftlog.segmented.SegmentedRaftLogWorker$StateMachineDataPolicy.getFromFuture(SegmentedRaftLogWorker.java:87)
	at org.apache.ratis.server.raftlog.segmented.SegmentedRaftLogWorker$WriteLog.execute(SegmentedRaftLogWorker.java:477)
	at org.apache.ratis.server.raftlog.segmented.SegmentedRaftLogWorker.run(SegmentedRaftLogWorker.java:289)
	at java.lang.Thread.run(Thread.java:748)
Caused by: java.util.concurrent.TimeoutException
	at java.util.concurrent.CompletableFuture.timedGet(CompletableFuture.java:1771)
	at java.util.concurrent.CompletableFuture.get(CompletableFuture.java:1915)
	at org.apache.ratis.util.IOUtils.getFromFuture(IOUtils.java:79)
	... 4 more
2019-09-17 12:53:23,530 [84ab4d91-000c-4523-9c5f-2c204b5f6601@group-0E70A92CA2C7-SegmentedRaftLogWorker] WARN  segmented.SegmentedRaftLogWorker (SegmentedRaftLogWorker.java:getFromFuture(90)) - Timeout 2/~
org.apache.ratis.protocol.TimeoutIOException: Timeout 10s: WriteLog:31: (t:1, i:31), STATEMACHINELOGENTRY, client-B7904277824C, cid=281-writeStateMachineData
	at org.apache.ratis.util.IOUtils.getFromFuture(IOUtils.java:87)
	at org.apache.ratis.server.raftlog.segmented.SegmentedRaftLogWorker$StateMachineDataPolicy.getFromFuture(SegmentedRaftLogWorker.java:87)
	at org.apache.ratis.server.raftlog.segmented.SegmentedRaftLogWorker$WriteLog.execute(SegmentedRaftLogWorker.java:477)
	at org.apache.ratis.server.raftlog.segmented.SegmentedRaftLogWorker.run(SegmentedRaftLogWorker.java:289)
	at java.lang.Thread.run(Thread.java:748)
Caused by: java.util.concurrent.TimeoutException
	at java.util.concurrent.CompletableFuture.timedGet(CompletableFuture.java:1771)
	at java.util.concurrent.CompletableFuture.get(CompletableFuture.java:1915)
	at org.apache.ratis.util.IOUtils.getFromFuture(IOUtils.java:79)
	... 4 more
2019-09-17 12:53:23,542 [5e893e0a-56f7-4618-9f46-a6ff48173cb6@group-0E70A92CA2C7-SegmentedRaftLogWorker] WARN  segmented.SegmentedRaftLogWorker (SegmentedRaftLogWorker.java:getFromFuture(90)) - Timeout 2/~
org.apache.ratis.protocol.TimeoutIOException: Timeout 10s: WriteLog:31: (t:1, i:31), STATEMACHINELOGENTRY, client-B7904277824C, cid=281-writeStateMachineData
	at org.apache.ratis.util.IOUtils.getFromFuture(IOUtils.java:87)
	at org.apache.ratis.server.raftlog.segmented.SegmentedRaftLogWorker$StateMachineDataPolicy.getFromFuture(SegmentedRaftLogWorker.java:87)
	at org.apache.ratis.server.raftlog.segmented.SegmentedRaftLogWorker$WriteLog.execute(SegmentedRaftLogWorker.java:477)
	at org.apache.ratis.server.raftlog.segmented.SegmentedRaftLogWorker.run(SegmentedRaftLogWorker.java:289)
	at java.lang.Thread.run(Thread.java:748)
Caused by: java.util.concurrent.TimeoutException
	at java.util.concurrent.CompletableFuture.timedGet(CompletableFuture.java:1771)
	at java.util.concurrent.CompletableFuture.get(CompletableFuture.java:1915)
	at org.apache.ratis.util.IOUtils.getFromFuture(IOUtils.java:79)
	... 4 more
2019-09-17 12:53:23,761 [grpc-default-executor-5] INFO  client.GrpcClientProtocolClient (GrpcClientProtocolClient.java:onNext(264)) - client-B7904277824C->5e893e0a-56f7-4618-9f46-a6ff48173cb6: receive RaftClientReply:client-B7904277824C->5e893e0a-56f7-4618-9f46-a6ff48173cb6@group-0E70A92CA2C7, cid=281, FAILED org.apache.ratis.protocol.NotLeaderException: Server 5e893e0a-56f7-4618-9f46-a6ff48173cb6@group-0E70A92CA2C7 is not the leader f7ede272-a28a-44e0-9552-15581fc2de04:192.168.5.153:38263, logIndex=0, commits[5e893e0a-56f7-4618-9f46-a6ff48173cb6:c30, 84ab4d91-000c-4523-9c5f-2c204b5f6601:c26, f7ede272-a28a-44e0-9552-15581fc2de04:c30]
2019-09-17 12:53:23,840 [grpc-default-executor-7] INFO  impl.RaftServerProxy (RaftServerProxy.java:remove(95)) - 5e893e0a-56f7-4618-9f46-a6ff48173cb6: remove group-869F42A7192E:null
2019-09-17 12:53:23,844 [RatisPipelineUtilsThread] WARN  pipeline.RatisPipelineUtils (RatisPipelineUtils.java:destroyPipeline(66)) - Pipeline destroy failed for pipeline=PipelineID=beaf19c3-da84-45d5-96c5-869f42a7192e dn=5e893e0a-56f7-4618-9f46-a6ff48173cb6{ip: 192.168.5.153, host: pr-hdds-2137-trunk-mnh2s-3748177197, networkLocation: /default-rack, certSerialId: null}
2019-09-17 12:53:23,848 [grpc-default-executor-7] INFO  impl.RaftServerProxy (RaftServerProxy.java:remove(95)) - 84ab4d91-000c-4523-9c5f-2c204b5f6601: remove group-869F42A7192E:null
2019-09-17 12:53:23,853 [RatisPipelineUtilsThread] WARN  pipeline.RatisPipelineUtils (RatisPipelineUtils.java:destroyPipeline(66)) - Pipeline destroy failed for pipeline=PipelineID=beaf19c3-da84-45d5-96c5-869f42a7192e dn=84ab4d91-000c-4523-9c5f-2c204b5f6601{ip: 192.168.5.153, host: pr-hdds-2137-trunk-mnh2s-3748177197, networkLocation: /default-rack, certSerialId: null}
2019-09-17 12:53:23,857 [grpc-default-executor-7] INFO  impl.RaftServerProxy (RaftServerProxy.java:remove(95)) - f7ede272-a28a-44e0-9552-15581fc2de04: remove group-869F42A7192E:null
2019-09-17 12:53:23,860 [RatisPipelineUtilsThread] WARN  pipeline.RatisPipelineUtils (RatisPipelineUtils.java:destroyPipeline(66)) - Pipeline destroy failed for pipeline=PipelineID=beaf19c3-da84-45d5-96c5-869f42a7192e dn=f7ede272-a28a-44e0-9552-15581fc2de04{ip: 192.168.5.153, host: pr-hdds-2137-trunk-mnh2s-3748177197, networkLocation: /default-rack, certSerialId: null}
2019-09-17 12:53:23,861 [RatisPipelineUtilsThread] ERROR pipeline.SCMPipelineManager (Scheduler.java:lambda$schedule$1(70)) - Destroy pipeline failed for pipeline:Pipeline[ Id: beaf19c3-da84-45d5-96c5-869f42a7192e, Nodes: 5e893e0a-56f7-4618-9f46-a6ff48173cb6{ip: 192.168.5.153, host: pr-hdds-2137-trunk-mnh2s-3748177197, networkLocation: /default-rack, certSerialId: null}84ab4d91-000c-4523-9c5f-2c204b5f6601{ip: 192.168.5.153, host: pr-hdds-2137-trunk-mnh2s-3748177197, networkLocation: /default-rack, certSerialId: null}f7ede272-a28a-44e0-9552-15581fc2de04{ip: 192.168.5.153, host: pr-hdds-2137-trunk-mnh2s-3748177197, networkLocation: /default-rack, certSerialId: null}, Type:RATIS, Factor:THREE, State:CLOSED]
org.apache.hadoop.hdds.scm.pipeline.PipelineNotFoundException: PipelineID=beaf19c3-da84-45d5-96c5-869f42a7192e not found
	at org.apache.hadoop.hdds.scm.pipeline.PipelineStateMap.getPipeline(PipelineStateMap.java:132)
	at org.apache.hadoop.hdds.scm.pipeline.PipelineStateMap.removePipeline(PipelineStateMap.java:322)
	at org.apache.hadoop.hdds.scm.pipeline.PipelineStateManager.removePipeline(PipelineStateManager.java:107)
	at org.apache.hadoop.hdds.scm.pipeline.SCMPipelineManager.removePipeline(SCMPipelineManager.java:423)
	at org.apache.hadoop.hdds.scm.pipeline.SCMPipelineManager.destroyPipeline(SCMPipelineManager.java:409)
	at org.apache.hadoop.hdds.scm.pipeline.SCMPipelineManager.lambda$finalizeAndDestroyPipeline$0(SCMPipelineManager.java:318)
	at org.apache.hadoop.utils.Scheduler.lambda$schedule$1(Scheduler.java:68)
	at java.util.concurrent.Executors$RunnableAdapter.call(Executors.java:511)
	at java.util.concurrent.FutureTask.run(FutureTask.java:266)
	at java.util.concurrent.ScheduledThreadPoolExecutor$ScheduledFutureTask.access$201(ScheduledThreadPoolExecutor.java:180)
	at java.util.concurrent.ScheduledThreadPoolExecutor$ScheduledFutureTask.run(ScheduledThreadPoolExecutor.java:293)
	at java.util.concurrent.ThreadPoolExecutor.runWorker(ThreadPoolExecutor.java:1149)
	at java.util.concurrent.ThreadPoolExecutor$Worker.run(ThreadPoolExecutor.java:624)
	at java.lang.Thread.run(Thread.java:748)
 0.00% |█                                                                                                    |  0/1 Time: 0:00:312019-09-17 12:53:24,035 [java.util.concurrent.ThreadPoolExecutor$Worker@114f3833[State = -1, empty queue]] WARN  server.GrpcLogAppender (GrpcLogAppender.java:timeoutAppendRequest(200)) - f7ede272-a28a-44e0-9552-15581fc2de04@group-0E70A92CA2C7->84ab4d91-000c-4523-9c5f-2c204b5f6601-GrpcLogAppender: appendEntries Timeout, request=f7ede272-a28a-44e0-9552-15581fc2de04->84ab4d91-000c-4523-9c5f-2c204b5f6601#48-t1, previous=(t:1, i:34), leaderCommit=30, initializing? false, entries: <empty>
2019-09-17 12:53:24,035 [java.util.concurrent.ThreadPoolExecutor$Worker@27773213[State = -1, empty queue]] WARN  server.GrpcLogAppender (GrpcLogAppender.java:timeoutAppendRequest(200)) - f7ede272-a28a-44e0-9552-15581fc2de04@group-0E70A92CA2C7->5e893e0a-56f7-4618-9f46-a6ff48173cb6-GrpcLogAppender: appendEntries Timeout, request=f7ede272-a28a-44e0-9552-15581fc2de04->5e893e0a-56f7-4618-9f46-a6ff48173cb6#48-t1, previous=(t:1, i:34), leaderCommit=30, initializing? false, entries: <empty>
 0.00% |█                                                                                                    |  0/1 Time: 0:00:322019-09-17 12:53:25,841 [grpc-default-executor-7] INFO  impl.RaftServerProxy (RaftServerProxy.java:remove(95)) - 5e893e0a-56f7-4618-9f46-a6ff48173cb6: remove group-869F42A7192E:null
2019-09-17 12:53:25,843 [RatisPipelineUtilsThread] WARN  pipeline.RatisPipelineUtils (RatisPipelineUtils.java:destroyPipeline(66)) - Pipeline destroy failed for pipeline=PipelineID=beaf19c3-da84-45d5-96c5-869f42a7192e dn=5e893e0a-56f7-4618-9f46-a6ff48173cb6{ip: 192.168.5.153, host: pr-hdds-2137-trunk-mnh2s-3748177197, networkLocation: /default-rack, certSerialId: null}
2019-09-17 12:53:25,844 [grpc-default-executor-7] INFO  impl.RaftServerProxy (RaftServerProxy.java:remove(95)) - 84ab4d91-000c-4523-9c5f-2c204b5f6601: remove group-869F42A7192E:null
2019-09-17 12:53:25,846 [RatisPipelineUtilsThread] WARN  pipeline.RatisPipelineUtils (RatisPipelineUtils.java:destroyPipeline(66)) - Pipeline destroy failed for pipeline=PipelineID=beaf19c3-da84-45d5-96c5-869f42a7192e dn=84ab4d91-000c-4523-9c5f-2c204b5f6601{ip: 192.168.5.153, host: pr-hdds-2137-trunk-mnh2s-3748177197, networkLocation: /default-rack, certSerialId: null}
2019-09-17 12:53:25,848 [grpc-default-executor-7] INFO  impl.RaftServerProxy (RaftServerProxy.java:remove(95)) - f7ede272-a28a-44e0-9552-15581fc2de04: remove group-869F42A7192E:null
2019-09-17 12:53:25,850 [RatisPipelineUtilsThread] WARN  pipeline.RatisPipelineUtils (RatisPipelineUtils.java:destroyPipeline(66)) - Pipeline destroy failed for pipeline=PipelineID=beaf19c3-da84-45d5-96c5-869f42a7192e dn=f7ede272-a28a-44e0-9552-15581fc2de04{ip: 192.168.5.153, host: pr-hdds-2137-trunk-mnh2s-3748177197, networkLocation: /default-rack, certSerialId: null}
2019-09-17 12:53:25,850 [RatisPipelineUtilsThread] ERROR pipeline.SCMPipelineManager (Scheduler.java:lambda$schedule$1(70)) - Destroy pipeline failed for pipeline:Pipeline[ Id: beaf19c3-da84-45d5-96c5-869f42a7192e, Nodes: 5e893e0a-56f7-4618-9f46-a6ff48173cb6{ip: 192.168.5.153, host: pr-hdds-2137-trunk-mnh2s-3748177197, networkLocation: /default-rack, certSerialId: null}84ab4d91-000c-4523-9c5f-2c204b5f6601{ip: 192.168.5.153, host: pr-hdds-2137-trunk-mnh2s-3748177197, networkLocation: /default-rack, certSerialId: null}f7ede272-a28a-44e0-9552-15581fc2de04{ip: 192.168.5.153, host: pr-hdds-2137-trunk-mnh2s-3748177197, networkLocation: /default-rack, certSerialId: null}, Type:RATIS, Factor:THREE, State:CLOSED]
org.apache.hadoop.hdds.scm.pipeline.PipelineNotFoundException: PipelineID=beaf19c3-da84-45d5-96c5-869f42a7192e not found
	at org.apache.hadoop.hdds.scm.pipeline.PipelineStateMap.getPipeline(PipelineStateMap.java:132)
	at org.apache.hadoop.hdds.scm.pipeline.PipelineStateMap.removePipeline(PipelineStateMap.java:322)
	at org.apache.hadoop.hdds.scm.pipeline.PipelineStateManager.removePipeline(PipelineStateManager.java:107)
	at org.apache.hadoop.hdds.scm.pipeline.SCMPipelineManager.removePipeline(SCMPipelineManager.java:423)
	at org.apache.hadoop.hdds.scm.pipeline.SCMPipelineManager.destroyPipeline(SCMPipelineManager.java:409)
	at org.apache.hadoop.hdds.scm.pipeline.SCMPipelineManager.lambda$finalizeAndDestroyPipeline$0(SCMPipelineManager.java:318)
	at org.apache.hadoop.utils.Scheduler.lambda$schedule$1(Scheduler.java:68)
	at java.util.concurrent.Executors$RunnableAdapter.call(Executors.java:511)
	at java.util.concurrent.FutureTask.run(FutureTask.java:266)
	at java.util.concurrent.ScheduledThreadPoolExecutor$ScheduledFutureTask.access$201(ScheduledThreadPoolExecutor.java:180)
	at java.util.concurrent.ScheduledThreadPoolExecutor$ScheduledFutureTask.run(ScheduledThreadPoolExecutor.java:293)
	at java.util.concurrent.ThreadPoolExecutor.runWorker(ThreadPoolExecutor.java:1149)
	at java.util.concurrent.ThreadPoolExecutor$Worker.run(ThreadPoolExecutor.java:624)
	at java.lang.Thread.run(Thread.java:748)
 0.00% |█                                                                                                    |  0/1 Time: 0:00:332019-09-17 12:53:26,542 [java.util.concurrent.ThreadPoolExecutor$Worker@114f3833[State = -1, empty queue]] WARN  server.GrpcLogAppender (GrpcLogAppender.java:timeoutAppendRequest(200)) - f7ede272-a28a-44e0-9552-15581fc2de04@group-0E70A92CA2C7->84ab4d91-000c-4523-9c5f-2c204b5f6601-GrpcLogAppender: appendEntries Timeout, request=f7ede272-a28a-44e0-9552-15581fc2de04->84ab4d91-000c-4523-9c5f-2c204b5f6601#49-t1, previous=(t:1, i:34), leaderCommit=30, initializing? false, entries: <empty>
2019-09-17 12:53:26,542 [java.util.concurrent.ThreadPoolExecutor$Worker@27773213[State = -1, empty queue]] WARN  server.GrpcLogAppender (GrpcLogAppender.java:timeoutAppendRequest(200)) - f7ede272-a28a-44e0-9552-15581fc2de04@group-0E70A92CA2C7->5e893e0a-56f7-4618-9f46-a6ff48173cb6-GrpcLogAppender: appendEntries Timeout, request=f7ede272-a28a-44e0-9552-15581fc2de04->5e893e0a-56f7-4618-9f46-a6ff48173cb6#49-t1, previous=(t:1, i:34), leaderCommit=30, initializing? false, entries: <empty>
 0.00% |█                                                                                                    |  0/1 Time: 0:00:34 0.00% |█                                                                                                    |  0/1 Time: 0:00:352019-09-17 12:53:28,792 [grpc-default-executor-5] INFO  client.GrpcClientProtocolClient (GrpcClientProtocolClient.java:onNext(264)) - client-B7904277824C->84ab4d91-000c-4523-9c5f-2c204b5f6601: receive RaftClientReply:client-B7904277824C->84ab4d91-000c-4523-9c5f-2c204b5f6601@group-0E70A92CA2C7, cid=281, FAILED org.apache.ratis.protocol.NotLeaderException: Server 84ab4d91-000c-4523-9c5f-2c204b5f6601@group-0E70A92CA2C7 is not the leader f7ede272-a28a-44e0-9552-15581fc2de04:192.168.5.153:38263, logIndex=0, commits[84ab4d91-000c-4523-9c5f-2c204b5f6601:c30, 5e893e0a-56f7-4618-9f46-a6ff48173cb6:c26, f7ede272-a28a-44e0-9552-15581fc2de04:c30]
2019-09-17 12:53:28,843 [grpc-default-executor-4] INFO  impl.RaftServerProxy (RaftServerProxy.java:remove(95)) - 5e893e0a-56f7-4618-9f46-a6ff48173cb6: remove group-869F42A7192E:null
2019-09-17 12:53:28,848 [RatisPipelineUtilsThread] WARN  pipeline.RatisPipelineUtils (RatisPipelineUtils.java:destroyPipeline(66)) - Pipeline destroy failed for pipeline=PipelineID=beaf19c3-da84-45d5-96c5-869f42a7192e dn=5e893e0a-56f7-4618-9f46-a6ff48173cb6{ip: 192.168.5.153, host: pr-hdds-2137-trunk-mnh2s-3748177197, networkLocation: /default-rack, certSerialId: null}
2019-09-17 12:53:28,853 [grpc-default-executor-4] INFO  impl.RaftServerProxy (RaftServerProxy.java:remove(95)) - 84ab4d91-000c-4523-9c5f-2c204b5f6601: remove group-869F42A7192E:null
2019-09-17 12:53:28,856 [RatisPipelineUtilsThread] WARN  pipeline.RatisPipelineUtils (RatisPipelineUtils.java:destroyPipeline(66)) - Pipeline destroy failed for pipeline=PipelineID=beaf19c3-da84-45d5-96c5-869f42a7192e dn=84ab4d91-000c-4523-9c5f-2c204b5f6601{ip: 192.168.5.153, host: pr-hdds-2137-trunk-mnh2s-3748177197, networkLocation: /default-rack, certSerialId: null}
2019-09-17 12:53:28,859 [grpc-default-executor-4] INFO  impl.RaftServerProxy (RaftServerProxy.java:remove(95)) - f7ede272-a28a-44e0-9552-15581fc2de04: remove group-869F42A7192E:null
2019-09-17 12:53:28,861 [RatisPipelineUtilsThread] WARN  pipeline.RatisPipelineUtils (RatisPipelineUtils.java:destroyPipeline(66)) - Pipeline destroy failed for pipeline=PipelineID=beaf19c3-da84-45d5-96c5-869f42a7192e dn=f7ede272-a28a-44e0-9552-15581fc2de04{ip: 192.168.5.153, host: pr-hdds-2137-trunk-mnh2s-3748177197, networkLocation: /default-rack, certSerialId: null}
2019-09-17 12:53:28,861 [RatisPipelineUtilsThread] ERROR pipeline.SCMPipelineManager (Scheduler.java:lambda$schedule$1(70)) - Destroy pipeline failed for pipeline:Pipeline[ Id: beaf19c3-da84-45d5-96c5-869f42a7192e, Nodes: 5e893e0a-56f7-4618-9f46-a6ff48173cb6{ip: 192.168.5.153, host: pr-hdds-2137-trunk-mnh2s-3748177197, networkLocation: /default-rack, certSerialId: null}84ab4d91-000c-4523-9c5f-2c204b5f6601{ip: 192.168.5.153, host: pr-hdds-2137-trunk-mnh2s-3748177197, networkLocation: /default-rack, certSerialId: null}f7ede272-a28a-44e0-9552-15581fc2de04{ip: 192.168.5.153, host: pr-hdds-2137-trunk-mnh2s-3748177197, networkLocation: /default-rack, certSerialId: null}, Type:RATIS, Factor:THREE, State:CLOSED]
org.apache.hadoop.hdds.scm.pipeline.PipelineNotFoundException: PipelineID=beaf19c3-da84-45d5-96c5-869f42a7192e not found
	at org.apache.hadoop.hdds.scm.pipeline.PipelineStateMap.getPipeline(PipelineStateMap.java:132)
	at org.apache.hadoop.hdds.scm.pipeline.PipelineStateMap.removePipeline(PipelineStateMap.java:322)
	at org.apache.hadoop.hdds.scm.pipeline.PipelineStateManager.removePipeline(PipelineStateManager.java:107)
	at org.apache.hadoop.hdds.scm.pipeline.SCMPipelineManager.removePipeline(SCMPipelineManager.java:423)
	at org.apache.hadoop.hdds.scm.pipeline.SCMPipelineManager.destroyPipeline(SCMPipelineManager.java:409)
	at org.apache.hadoop.hdds.scm.pipeline.SCMPipelineManager.lambda$finalizeAndDestroyPipeline$0(SCMPipelineManager.java:318)
	at org.apache.hadoop.utils.Scheduler.lambda$schedule$1(Scheduler.java:68)
	at java.util.concurrent.Executors$RunnableAdapter.call(Executors.java:511)
	at java.util.concurrent.FutureTask.run(FutureTask.java:266)
	at java.util.concurrent.ScheduledThreadPoolExecutor$ScheduledFutureTask.access$201(ScheduledThreadPoolExecutor.java:180)
	at java.util.concurrent.ScheduledThreadPoolExecutor$ScheduledFutureTask.run(ScheduledThreadPoolExecutor.java:293)
	at java.util.concurrent.ThreadPoolExecutor.runWorker(ThreadPoolExecutor.java:1149)
	at java.util.concurrent.ThreadPoolExecutor$Worker.run(ThreadPoolExecutor.java:624)
	at java.lang.Thread.run(Thread.java:748)
 0.00% |█                                                                                                    |  0/1 Time: 0:00:362019-09-17 12:53:29,042 [java.util.concurrent.ThreadPoolExecutor$Worker@27773213[State = -1, empty queue]] WARN  server.GrpcLogAppender (GrpcLogAppender.java:timeoutAppendRequest(200)) - f7ede272-a28a-44e0-9552-15581fc2de04@group-0E70A92CA2C7->5e893e0a-56f7-4618-9f46-a6ff48173cb6-GrpcLogAppender: appendEntries Timeout, request=f7ede272-a28a-44e0-9552-15581fc2de04->5e893e0a-56f7-4618-9f46-a6ff48173cb6#50-t1, previous=(t:1, i:34), leaderCommit=30, initializing? false, entries: <empty>
2019-09-17 12:53:29,043 [java.util.concurrent.ThreadPoolExecutor$Worker@114f3833[State = -1, empty queue]] WARN  server.GrpcLogAppender (GrpcLogAppender.java:timeoutAppendRequest(200)) - f7ede272-a28a-44e0-9552-15581fc2de04@group-0E70A92CA2C7->84ab4d91-000c-4523-9c5f-2c204b5f6601-GrpcLogAppender: appendEntries Timeout, request=f7ede272-a28a-44e0-9552-15581fc2de04->84ab4d91-000c-4523-9c5f-2c204b5f6601#50-t1, previous=(t:1, i:34), leaderCommit=30, initializing? false, entries: <empty>
 0.00% |█                                                                                                    |  0/1 Time: 0:00:372019-09-17 12:53:30,841 [grpc-default-executor-4] INFO  impl.RaftServerProxy (RaftServerProxy.java:remove(95)) - 5e893e0a-56f7-4618-9f46-a6ff48173cb6: remove group-869F42A7192E:null
2019-09-17 12:53:30,844 [RatisPipelineUtilsThread] WARN  pipeline.RatisPipelineUtils (RatisPipelineUtils.java:destroyPipeline(66)) - Pipeline destroy failed for pipeline=PipelineID=beaf19c3-da84-45d5-96c5-869f42a7192e dn=5e893e0a-56f7-4618-9f46-a6ff48173cb6{ip: 192.168.5.153, host: pr-hdds-2137-trunk-mnh2s-3748177197, networkLocation: /default-rack, certSerialId: null}
2019-09-17 12:53:30,847 [grpc-default-executor-4] INFO  impl.RaftServerProxy (RaftServerProxy.java:remove(95)) - 84ab4d91-000c-4523-9c5f-2c204b5f6601: remove group-869F42A7192E:null
2019-09-17 12:53:30,849 [RatisPipelineUtilsThread] WARN  pipeline.RatisPipelineUtils (RatisPipelineUtils.java:destroyPipeline(66)) - Pipeline destroy failed for pipeline=PipelineID=beaf19c3-da84-45d5-96c5-869f42a7192e dn=84ab4d91-000c-4523-9c5f-2c204b5f6601{ip: 192.168.5.153, host: pr-hdds-2137-trunk-mnh2s-3748177197, networkLocation: /default-rack, certSerialId: null}
2019-09-17 12:53:30,851 [grpc-default-executor-4] INFO  impl.RaftServerProxy (RaftServerProxy.java:remove(95)) - f7ede272-a28a-44e0-9552-15581fc2de04: remove group-869F42A7192E:null
2019-09-17 12:53:30,853 [RatisPipelineUtilsThread] WARN  pipeline.RatisPipelineUtils (RatisPipelineUtils.java:destroyPipeline(66)) - Pipeline destroy failed for pipeline=PipelineID=beaf19c3-da84-45d5-96c5-869f42a7192e dn=f7ede272-a28a-44e0-9552-15581fc2de04{ip: 192.168.5.153, host: pr-hdds-2137-trunk-mnh2s-3748177197, networkLocation: /default-rack, certSerialId: null}
2019-09-17 12:53:30,854 [RatisPipelineUtilsThread] ERROR pipeline.SCMPipelineManager (Scheduler.java:lambda$schedule$1(70)) - Destroy pipeline failed for pipeline:Pipeline[ Id: beaf19c3-da84-45d5-96c5-869f42a7192e, Nodes: 5e893e0a-56f7-4618-9f46-a6ff48173cb6{ip: 192.168.5.153, host: pr-hdds-2137-trunk-mnh2s-3748177197, networkLocation: /default-rack, certSerialId: null}84ab4d91-000c-4523-9c5f-2c204b5f6601{ip: 192.168.5.153, host: pr-hdds-2137-trunk-mnh2s-3748177197, networkLocation: /default-rack, certSerialId: null}f7ede272-a28a-44e0-9552-15581fc2de04{ip: 192.168.5.153, host: pr-hdds-2137-trunk-mnh2s-3748177197, networkLocation: /default-rack, certSerialId: null}, Type:RATIS, Factor:THREE, State:CLOSED]
org.apache.hadoop.hdds.scm.pipeline.PipelineNotFoundException: PipelineID=beaf19c3-da84-45d5-96c5-869f42a7192e not found
	at org.apache.hadoop.hdds.scm.pipeline.PipelineStateMap.getPipeline(PipelineStateMap.java:132)
	at org.apache.hadoop.hdds.scm.pipeline.PipelineStateMap.removePipeline(PipelineStateMap.java:322)
	at org.apache.hadoop.hdds.scm.pipeline.PipelineStateManager.removePipeline(PipelineStateManager.java:107)
	at org.apache.hadoop.hdds.scm.pipeline.SCMPipelineManager.removePipeline(SCMPipelineManager.java:423)
	at org.apache.hadoop.hdds.scm.pipeline.SCMPipelineManager.destroyPipeline(SCMPipelineManager.java:409)
	at org.apache.hadoop.hdds.scm.pipeline.SCMPipelineManager.lambda$finalizeAndDestroyPipeline$0(SCMPipelineManager.java:318)
	at org.apache.hadoop.utils.Scheduler.lambda$schedule$1(Scheduler.java:68)
	at java.util.concurrent.Executors$RunnableAdapter.call(Executors.java:511)
	at java.util.concurrent.FutureTask.run(FutureTask.java:266)
	at java.util.concurrent.ScheduledThreadPoolExecutor$ScheduledFutureTask.access$201(ScheduledThreadPoolExecutor.java:180)
	at java.util.concurrent.ScheduledThreadPoolExecutor$ScheduledFutureTask.run(ScheduledThreadPoolExecutor.java:293)
	at java.util.concurrent.ThreadPoolExecutor.runWorker(ThreadPoolExecutor.java:1149)
	at java.util.concurrent.ThreadPoolExecutor$Worker.run(ThreadPoolExecutor.java:624)
	at java.lang.Thread.run(Thread.java:748)
 0.00% |█                                                                                                    |  0/1 Time: 0:00:382019-09-17 12:53:31,543 [java.util.concurrent.ThreadPoolExecutor$Worker@27773213[State = -1, empty queue]] WARN  server.GrpcLogAppender (GrpcLogAppender.java:timeoutAppendRequest(200)) - f7ede272-a28a-44e0-9552-15581fc2de04@group-0E70A92CA2C7->5e893e0a-56f7-4618-9f46-a6ff48173cb6-GrpcLogAppender: appendEntries Timeout, request=f7ede272-a28a-44e0-9552-15581fc2de04->5e893e0a-56f7-4618-9f46-a6ff48173cb6#51-t1, previous=(t:1, i:34), leaderCommit=30, initializing? false, entries: <empty>
2019-09-17 12:53:31,543 [java.util.concurrent.ThreadPoolExecutor$Worker@114f3833[State = -1, empty queue]] WARN  server.GrpcLogAppender (GrpcLogAppender.java:timeoutAppendRequest(200)) - f7ede272-a28a-44e0-9552-15581fc2de04@group-0E70A92CA2C7->84ab4d91-000c-4523-9c5f-2c204b5f6601-GrpcLogAppender: appendEntries Timeout, request=f7ede272-a28a-44e0-9552-15581fc2de04->84ab4d91-000c-4523-9c5f-2c204b5f6601#51-t1, previous=(t:1, i:34), leaderCommit=30, initializing? false, entries: <empty>
 0.00% |█                                                                                                    |  0/1 Time: 0:00:39 0.00% |█                                                                                                    |  0/1 Time: 0:00:402019-09-17 12:53:33,528 [f7ede272-a28a-44e0-9552-15581fc2de04@group-0E70A92CA2C7-SegmentedRaftLogWorker] WARN  segmented.SegmentedRaftLogWorker (SegmentedRaftLogWorker.java:getFromFuture(90)) - Timeout 3/~
org.apache.ratis.protocol.TimeoutIOException: Timeout 10s: WriteLog:31: (t:1, i:31), STATEMACHINELOGENTRY, client-B7904277824C, cid=281-writeStateMachineData
	at org.apache.ratis.util.IOUtils.getFromFuture(IOUtils.java:87)
	at org.apache.ratis.server.raftlog.segmented.SegmentedRaftLogWorker$StateMachineDataPolicy.getFromFuture(SegmentedRaftLogWorker.java:87)
	at org.apache.ratis.server.raftlog.segmented.SegmentedRaftLogWorker$WriteLog.execute(SegmentedRaftLogWorker.java:477)
	at org.apache.ratis.server.raftlog.segmented.SegmentedRaftLogWorker.run(SegmentedRaftLogWorker.java:289)
	at java.lang.Thread.run(Thread.java:748)
Caused by: java.util.concurrent.TimeoutException
	at java.util.concurrent.CompletableFuture.timedGet(CompletableFuture.java:1771)
	at java.util.concurrent.CompletableFuture.get(CompletableFuture.java:1915)
	at org.apache.ratis.util.IOUtils.getFromFuture(IOUtils.java:79)
	... 4 more
2019-09-17 12:53:33,542 [84ab4d91-000c-4523-9c5f-2c204b5f6601@group-0E70A92CA2C7-SegmentedRaftLogWorker] WARN  segmented.SegmentedRaftLogWorker (SegmentedRaftLogWorker.java:getFromFuture(90)) - Timeout 3/~
org.apache.ratis.protocol.TimeoutIOException: Timeout 10s: WriteLog:31: (t:1, i:31), STATEMACHINELOGENTRY, client-B7904277824C, cid=281-writeStateMachineData
	at org.apache.ratis.util.IOUtils.getFromFuture(IOUtils.java:87)
	at org.apache.ratis.server.raftlog.segmented.SegmentedRaftLogWorker$StateMachineDataPolicy.getFromFuture(SegmentedRaftLogWorker.java:87)
	at org.apache.ratis.server.raftlog.segmented.SegmentedRaftLogWorker$WriteLog.execute(SegmentedRaftLogWorker.java:477)
	at org.apache.ratis.server.raftlog.segmented.SegmentedRaftLogWorker.run(SegmentedRaftLogWorker.java:289)
	at java.lang.Thread.run(Thread.java:748)
Caused by: java.util.concurrent.TimeoutException
	at java.util.concurrent.CompletableFuture.timedGet(CompletableFuture.java:1771)
	at java.util.concurrent.CompletableFuture.get(CompletableFuture.java:1915)
	at org.apache.ratis.util.IOUtils.getFromFuture(IOUtils.java:79)
	... 4 more
2019-09-17 12:53:33,543 [5e893e0a-56f7-4618-9f46-a6ff48173cb6@group-0E70A92CA2C7-SegmentedRaftLogWorker] WARN  segmented.SegmentedRaftLogWorker (SegmentedRaftLogWorker.java:getFromFuture(90)) - Timeout 3/~
org.apache.ratis.protocol.TimeoutIOException: Timeout 10s: WriteLog:31: (t:1, i:31), STATEMACHINELOGENTRY, client-B7904277824C, cid=281-writeStateMachineData
	at org.apache.ratis.util.IOUtils.getFromFuture(IOUtils.java:87)
	at org.apache.ratis.server.raftlog.segmented.SegmentedRaftLogWorker$StateMachineDataPolicy.getFromFuture(SegmentedRaftLogWorker.java:87)
	at org.apache.ratis.server.raftlog.segmented.SegmentedRaftLogWorker$WriteLog.execute(SegmentedRaftLogWorker.java:477)
	at org.apache.ratis.server.raftlog.segmented.SegmentedRaftLogWorker.run(SegmentedRaftLogWorker.java:289)
	at java.lang.Thread.run(Thread.java:748)
Caused by: java.util.concurrent.TimeoutException
	at java.util.concurrent.CompletableFuture.timedGet(CompletableFuture.java:1771)
	at java.util.concurrent.CompletableFuture.get(CompletableFuture.java:1915)
	at org.apache.ratis.util.IOUtils.getFromFuture(IOUtils.java:79)
	... 4 more
2019-09-17 12:53:33,830 [grpc-default-executor-5] INFO  client.GrpcClientProtocolClient (GrpcClientProtocolClient.java:onNext(264)) - client-B7904277824C->84ab4d91-000c-4523-9c5f-2c204b5f6601: receive RaftClientReply:client-B7904277824C->84ab4d91-000c-4523-9c5f-2c204b5f6601@group-0E70A92CA2C7, cid=281, FAILED org.apache.ratis.protocol.NotLeaderException: Server 84ab4d91-000c-4523-9c5f-2c204b5f6601@group-0E70A92CA2C7 is not the leader f7ede272-a28a-44e0-9552-15581fc2de04:192.168.5.153:38263, logIndex=0, commits[84ab4d91-000c-4523-9c5f-2c204b5f6601:c30, 5e893e0a-56f7-4618-9f46-a6ff48173cb6:c26, f7ede272-a28a-44e0-9552-15581fc2de04:c30]
2019-09-17 12:53:33,844 [grpc-default-executor-4] INFO  impl.RaftServerProxy (RaftServerProxy.java:remove(95)) - 5e893e0a-56f7-4618-9f46-a6ff48173cb6: remove group-869F42A7192E:null
2019-09-17 12:53:33,847 [RatisPipelineUtilsThread] WARN  pipeline.RatisPipelineUtils (RatisPipelineUtils.java:destroyPipeline(66)) - Pipeline destroy failed for pipeline=PipelineID=beaf19c3-da84-45d5-96c5-869f42a7192e dn=5e893e0a-56f7-4618-9f46-a6ff48173cb6{ip: 192.168.5.153, host: pr-hdds-2137-trunk-mnh2s-3748177197, networkLocation: /default-rack, certSerialId: null}
2019-09-17 12:53:33,850 [grpc-default-executor-4] INFO  impl.RaftServerProxy (RaftServerProxy.java:remove(95)) - 84ab4d91-000c-4523-9c5f-2c204b5f6601: remove group-869F42A7192E:null
2019-09-17 12:53:33,852 [RatisPipelineUtilsThread] WARN  pipeline.RatisPipelineUtils (RatisPipelineUtils.java:destroyPipeline(66)) - Pipeline destroy failed for pipeline=PipelineID=beaf19c3-da84-45d5-96c5-869f42a7192e dn=84ab4d91-000c-4523-9c5f-2c204b5f6601{ip: 192.168.5.153, host: pr-hdds-2137-trunk-mnh2s-3748177197, networkLocation: /default-rack, certSerialId: null}
2019-09-17 12:53:33,854 [grpc-default-executor-4] INFO  impl.RaftServerProxy (RaftServerProxy.java:remove(95)) - f7ede272-a28a-44e0-9552-15581fc2de04: remove group-869F42A7192E:null
2019-09-17 12:53:33,856 [RatisPipelineUtilsThread] WARN  pipeline.RatisPipelineUtils (RatisPipelineUtils.java:destroyPipeline(66)) - Pipeline destroy failed for pipeline=PipelineID=beaf19c3-da84-45d5-96c5-869f42a7192e dn=f7ede272-a28a-44e0-9552-15581fc2de04{ip: 192.168.5.153, host: pr-hdds-2137-trunk-mnh2s-3748177197, networkLocation: /default-rack, certSerialId: null}
2019-09-17 12:53:33,857 [RatisPipelineUtilsThread] ERROR pipeline.SCMPipelineManager (Scheduler.java:lambda$schedule$1(70)) - Destroy pipeline failed for pipeline:Pipeline[ Id: beaf19c3-da84-45d5-96c5-869f42a7192e, Nodes: 5e893e0a-56f7-4618-9f46-a6ff48173cb6{ip: 192.168.5.153, host: pr-hdds-2137-trunk-mnh2s-3748177197, networkLocation: /default-rack, certSerialId: null}84ab4d91-000c-4523-9c5f-2c204b5f6601{ip: 192.168.5.153, host: pr-hdds-2137-trunk-mnh2s-3748177197, networkLocation: /default-rack, certSerialId: null}f7ede272-a28a-44e0-9552-15581fc2de04{ip: 192.168.5.153, host: pr-hdds-2137-trunk-mnh2s-3748177197, networkLocation: /default-rack, certSerialId: null}, Type:RATIS, Factor:THREE, State:CLOSED]
org.apache.hadoop.hdds.scm.pipeline.PipelineNotFoundException: PipelineID=beaf19c3-da84-45d5-96c5-869f42a7192e not found
	at org.apache.hadoop.hdds.scm.pipeline.PipelineStateMap.getPipeline(PipelineStateMap.java:132)
	at org.apache.hadoop.hdds.scm.pipeline.PipelineStateMap.removePipeline(PipelineStateMap.java:322)
	at org.apache.hadoop.hdds.scm.pipeline.PipelineStateManager.removePipeline(PipelineStateManager.java:107)
	at org.apache.hadoop.hdds.scm.pipeline.SCMPipelineManager.removePipeline(SCMPipelineManager.java:423)
	at org.apache.hadoop.hdds.scm.pipeline.SCMPipelineManager.destroyPipeline(SCMPipelineManager.java:409)
	at org.apache.hadoop.hdds.scm.pipeline.SCMPipelineManager.lambda$finalizeAndDestroyPipeline$0(SCMPipelineManager.java:318)
	at org.apache.hadoop.utils.Scheduler.lambda$schedule$1(Scheduler.java:68)
	at java.util.concurrent.Executors$RunnableAdapter.call(Executors.java:511)
	at java.util.concurrent.FutureTask.run(FutureTask.java:266)
	at java.util.concurrent.ScheduledThreadPoolExecutor$ScheduledFutureTask.access$201(ScheduledThreadPoolExecutor.java:180)
	at java.util.concurrent.ScheduledThreadPoolExecutor$ScheduledFutureTask.run(ScheduledThreadPoolExecutor.java:293)
	at java.util.concurrent.ThreadPoolExecutor.runWorker(ThreadPoolExecutor.java:1149)
	at java.util.concurrent.ThreadPoolExecutor$Worker.run(ThreadPoolExecutor.java:624)
	at java.lang.Thread.run(Thread.java:748)
 0.00% |█                                                                                                    |  0/1 Time: 0:00:412019-09-17 12:53:34,043 [java.util.concurrent.ThreadPoolExecutor$Worker@27773213[State = -1, empty queue]] WARN  server.GrpcLogAppender (GrpcLogAppender.java:timeoutAppendRequest(200)) - f7ede272-a28a-44e0-9552-15581fc2de04@group-0E70A92CA2C7->5e893e0a-56f7-4618-9f46-a6ff48173cb6-GrpcLogAppender: appendEntries Timeout, request=f7ede272-a28a-44e0-9552-15581fc2de04->5e893e0a-56f7-4618-9f46-a6ff48173cb6#52-t1, previous=(t:1, i:34), leaderCommit=30, initializing? false, entries: <empty>
2019-09-17 12:53:34,043 [java.util.concurrent.ThreadPoolExecutor$Worker@114f3833[State = -1, empty queue]] WARN  server.GrpcLogAppender (GrpcLogAppender.java:timeoutAppendRequest(200)) - f7ede272-a28a-44e0-9552-15581fc2de04@group-0E70A92CA2C7->84ab4d91-000c-4523-9c5f-2c204b5f6601-GrpcLogAppender: appendEntries Timeout, request=f7ede272-a28a-44e0-9552-15581fc2de04->84ab4d91-000c-4523-9c5f-2c204b5f6601#52-t1, previous=(t:1, i:34), leaderCommit=30, initializing? false, entries: <empty>
 0.00% |█                                                                                                    |  0/1 Time: 0:00:422019-09-17 12:53:35,846 [grpc-default-executor-4] INFO  impl.RaftServerProxy (RaftServerProxy.java:remove(95)) - 5e893e0a-56f7-4618-9f46-a6ff48173cb6: remove group-869F42A7192E:null
2019-09-17 12:53:35,850 [RatisPipelineUtilsThread] WARN  pipeline.RatisPipelineUtils (RatisPipelineUtils.java:destroyPipeline(66)) - Pipeline destroy failed for pipeline=PipelineID=beaf19c3-da84-45d5-96c5-869f42a7192e dn=5e893e0a-56f7-4618-9f46-a6ff48173cb6{ip: 192.168.5.153, host: pr-hdds-2137-trunk-mnh2s-3748177197, networkLocation: /default-rack, certSerialId: null}
2019-09-17 12:53:35,852 [grpc-default-executor-4] INFO  impl.RaftServerProxy (RaftServerProxy.java:remove(95)) - 84ab4d91-000c-4523-9c5f-2c204b5f6601: remove group-869F42A7192E:null
2019-09-17 12:53:35,854 [RatisPipelineUtilsThread] WARN  pipeline.RatisPipelineUtils (RatisPipelineUtils.java:destroyPipeline(66)) - Pipeline destroy failed for pipeline=PipelineID=beaf19c3-da84-45d5-96c5-869f42a7192e dn=84ab4d91-000c-4523-9c5f-2c204b5f6601{ip: 192.168.5.153, host: pr-hdds-2137-trunk-mnh2s-3748177197, networkLocation: /default-rack, certSerialId: null}
2019-09-17 12:53:35,857 [grpc-default-executor-4] INFO  impl.RaftServerProxy (RaftServerProxy.java:remove(95)) - f7ede272-a28a-44e0-9552-15581fc2de04: remove group-869F42A7192E:null
2019-09-17 12:53:35,859 [RatisPipelineUtilsThread] WARN  pipeline.RatisPipelineUtils (RatisPipelineUtils.java:destroyPipeline(66)) - Pipeline destroy failed for pipeline=PipelineID=beaf19c3-da84-45d5-96c5-869f42a7192e dn=f7ede272-a28a-44e0-9552-15581fc2de04{ip: 192.168.5.153, host: pr-hdds-2137-trunk-mnh2s-3748177197, networkLocation: /default-rack, certSerialId: null}
2019-09-17 12:53:35,859 [RatisPipelineUtilsThread] ERROR pipeline.SCMPipelineManager (Scheduler.java:lambda$schedule$1(70)) - Destroy pipeline failed for pipeline:Pipeline[ Id: beaf19c3-da84-45d5-96c5-869f42a7192e, Nodes: 5e893e0a-56f7-4618-9f46-a6ff48173cb6{ip: 192.168.5.153, host: pr-hdds-2137-trunk-mnh2s-3748177197, networkLocation: /default-rack, certSerialId: null}84ab4d91-000c-4523-9c5f-2c204b5f6601{ip: 192.168.5.153, host: pr-hdds-2137-trunk-mnh2s-3748177197, networkLocation: /default-rack, certSerialId: null}f7ede272-a28a-44e0-9552-15581fc2de04{ip: 192.168.5.153, host: pr-hdds-2137-trunk-mnh2s-3748177197, networkLocation: /default-rack, certSerialId: null}, Type:RATIS, Factor:THREE, State:CLOSED]
org.apache.hadoop.hdds.scm.pipeline.PipelineNotFoundException: PipelineID=beaf19c3-da84-45d5-96c5-869f42a7192e not found
	at org.apache.hadoop.hdds.scm.pipeline.PipelineStateMap.getPipeline(PipelineStateMap.java:132)
	at org.apache.hadoop.hdds.scm.pipeline.PipelineStateMap.removePipeline(PipelineStateMap.java:322)
	at org.apache.hadoop.hdds.scm.pipeline.PipelineStateManager.removePipeline(PipelineStateManager.java:107)
	at org.apache.hadoop.hdds.scm.pipeline.SCMPipelineManager.removePipeline(SCMPipelineManager.java:423)
	at org.apache.hadoop.hdds.scm.pipeline.SCMPipelineManager.destroyPipeline(SCMPipelineManager.java:409)
	at org.apache.hadoop.hdds.scm.pipeline.SCMPipelineManager.lambda$finalizeAndDestroyPipeline$0(SCMPipelineManager.java:318)
	at org.apache.hadoop.utils.Scheduler.lambda$schedule$1(Scheduler.java:68)
	at java.util.concurrent.Executors$RunnableAdapter.call(Executors.java:511)
	at java.util.concurrent.FutureTask.run(FutureTask.java:266)
	at java.util.concurrent.ScheduledThreadPoolExecutor$ScheduledFutureTask.access$201(ScheduledThreadPoolExecutor.java:180)
	at java.util.concurrent.ScheduledThreadPoolExecutor$ScheduledFutureTask.run(ScheduledThreadPoolExecutor.java:293)
	at java.util.concurrent.ThreadPoolExecutor.runWorker(ThreadPoolExecutor.java:1149)
	at java.util.concurrent.ThreadPoolExecutor$Worker.run(ThreadPoolExecutor.java:624)
	at java.lang.Thread.run(Thread.java:748)
 0.00% |█                                                                                                    |  0/1 Time: 0:00:432019-09-17 12:53:36,544 [java.util.concurrent.ThreadPoolExecutor$Worker@27773213[State = -1, empty queue]] WARN  server.GrpcLogAppender (GrpcLogAppender.java:timeoutAppendRequest(200)) - f7ede272-a28a-44e0-9552-15581fc2de04@group-0E70A92CA2C7->5e893e0a-56f7-4618-9f46-a6ff48173cb6-GrpcLogAppender: appendEntries Timeout, request=f7ede272-a28a-44e0-9552-15581fc2de04->5e893e0a-56f7-4618-9f46-a6ff48173cb6#53-t1, previous=(t:1, i:34), leaderCommit=30, initializing? false, entries: <empty>
2019-09-17 12:53:36,544 [java.util.concurrent.ThreadPoolExecutor$Worker@114f3833[State = -1, empty queue]] WARN  server.GrpcLogAppender (GrpcLogAppender.java:timeoutAppendRequest(200)) - f7ede272-a28a-44e0-9552-15581fc2de04@group-0E70A92CA2C7->84ab4d91-000c-4523-9c5f-2c204b5f6601-GrpcLogAppender: appendEntries Timeout, request=f7ede272-a28a-44e0-9552-15581fc2de04->84ab4d91-000c-4523-9c5f-2c204b5f6601#53-t1, previous=(t:1, i:34), leaderCommit=30, initializing? false, entries: <empty>
 0.00% |█                                                                                                    |  0/1 Time: 0:00:44 0.00% |█                                                                                                    |  0/1 Time: 0:00:452019-09-17 12:53:38,848 [grpc-default-executor-4] INFO  impl.RaftServerProxy (RaftServerProxy.java:remove(95)) - 5e893e0a-56f7-4618-9f46-a6ff48173cb6: remove group-869F42A7192E:null
2019-09-17 12:53:38,853 [RatisPipelineUtilsThread] WARN  pipeline.RatisPipelineUtils (RatisPipelineUtils.java:destroyPipeline(66)) - Pipeline destroy failed for pipeline=PipelineID=beaf19c3-da84-45d5-96c5-869f42a7192e dn=5e893e0a-56f7-4618-9f46-a6ff48173cb6{ip: 192.168.5.153, host: pr-hdds-2137-trunk-mnh2s-3748177197, networkLocation: /default-rack, certSerialId: null}
2019-09-17 12:53:38,856 [grpc-default-executor-4] INFO  impl.RaftServerProxy (RaftServerProxy.java:remove(95)) - 84ab4d91-000c-4523-9c5f-2c204b5f6601: remove group-869F42A7192E:null
2019-09-17 12:53:38,861 [RatisPipelineUtilsThread] WARN  pipeline.RatisPipelineUtils (RatisPipelineUtils.java:destroyPipeline(66)) - Pipeline destroy failed for pipeline=PipelineID=beaf19c3-da84-45d5-96c5-869f42a7192e dn=84ab4d91-000c-4523-9c5f-2c204b5f6601{ip: 192.168.5.153, host: pr-hdds-2137-trunk-mnh2s-3748177197, networkLocation: /default-rack, certSerialId: null}
2019-09-17 12:53:38,865 [grpc-default-executor-7] INFO  impl.RaftServerProxy (RaftServerProxy.java:remove(95)) - f7ede272-a28a-44e0-9552-15581fc2de04: remove group-869F42A7192E:null
2019-09-17 12:53:38,867 [RatisPipelineUtilsThread] WARN  pipeline.RatisPipelineUtils (RatisPipelineUtils.java:destroyPipeline(66)) - Pipeline destroy failed for pipeline=PipelineID=beaf19c3-da84-45d5-96c5-869f42a7192e dn=f7ede272-a28a-44e0-9552-15581fc2de04{ip: 192.168.5.153, host: pr-hdds-2137-trunk-mnh2s-3748177197, networkLocation: /default-rack, certSerialId: null}
2019-09-17 12:53:38,868 [RatisPipelineUtilsThread] ERROR pipeline.SCMPipelineManager (Scheduler.java:lambda$schedule$1(70)) - Destroy pipeline failed for pipeline:Pipeline[ Id: beaf19c3-da84-45d5-96c5-869f42a7192e, Nodes: 5e893e0a-56f7-4618-9f46-a6ff48173cb6{ip: 192.168.5.153, host: pr-hdds-2137-trunk-mnh2s-3748177197, networkLocation: /default-rack, certSerialId: null}84ab4d91-000c-4523-9c5f-2c204b5f6601{ip: 192.168.5.153, host: pr-hdds-2137-trunk-mnh2s-3748177197, networkLocation: /default-rack, certSerialId: null}f7ede272-a28a-44e0-9552-15581fc2de04{ip: 192.168.5.153, host: pr-hdds-2137-trunk-mnh2s-3748177197, networkLocation: /default-rack, certSerialId: null}, Type:RATIS, Factor:THREE, State:CLOSED]
org.apache.hadoop.hdds.scm.pipeline.PipelineNotFoundException: PipelineID=beaf19c3-da84-45d5-96c5-869f42a7192e not found
	at org.apache.hadoop.hdds.scm.pipeline.PipelineStateMap.getPipeline(PipelineStateMap.java:132)
	at org.apache.hadoop.hdds.scm.pipeline.PipelineStateMap.removePipeline(PipelineStateMap.java:322)
	at org.apache.hadoop.hdds.scm.pipeline.PipelineStateManager.removePipeline(PipelineStateManager.java:107)
	at org.apache.hadoop.hdds.scm.pipeline.SCMPipelineManager.removePipeline(SCMPipelineManager.java:423)
	at org.apache.hadoop.hdds.scm.pipeline.SCMPipelineManager.destroyPipeline(SCMPipelineManager.java:409)
	at org.apache.hadoop.hdds.scm.pipeline.SCMPipelineManager.lambda$finalizeAndDestroyPipeline$0(SCMPipelineManager.java:318)
	at org.apache.hadoop.utils.Scheduler.lambda$schedule$1(Scheduler.java:68)
	at java.util.concurrent.Executors$RunnableAdapter.call(Executors.java:511)
	at java.util.concurrent.FutureTask.run(FutureTask.java:266)
	at java.util.concurrent.ScheduledThreadPoolExecutor$ScheduledFutureTask.access$201(ScheduledThreadPoolExecutor.java:180)
	at java.util.concurrent.ScheduledThreadPoolExecutor$ScheduledFutureTask.run(ScheduledThreadPoolExecutor.java:293)
	at java.util.concurrent.ThreadPoolExecutor.runWorker(ThreadPoolExecutor.java:1149)
	at java.util.concurrent.ThreadPoolExecutor$Worker.run(ThreadPoolExecutor.java:624)
	at java.lang.Thread.run(Thread.java:748)
2019-09-17 12:53:38,872 [grpc-default-executor-4] INFO  client.GrpcClientProtocolClient (GrpcClientProtocolClient.java:onNext(264)) - client-B7904277824C->5e893e0a-56f7-4618-9f46-a6ff48173cb6: receive RaftClientReply:client-B7904277824C->5e893e0a-56f7-4618-9f46-a6ff48173cb6@group-0E70A92CA2C7, cid=281, FAILED org.apache.ratis.protocol.NotLeaderException: Server 5e893e0a-56f7-4618-9f46-a6ff48173cb6@group-0E70A92CA2C7 is not the leader f7ede272-a28a-44e0-9552-15581fc2de04:192.168.5.153:38263, logIndex=0, commits[5e893e0a-56f7-4618-9f46-a6ff48173cb6:c30, 84ab4d91-000c-4523-9c5f-2c204b5f6601:c26, f7ede272-a28a-44e0-9552-15581fc2de04:c30]
 0.00% |█                                                                                                    |  0/1 Time: 0:00:462019-09-17 12:53:39,044 [java.util.concurrent.ThreadPoolExecutor$Worker@27773213[State = -1, empty queue]] WARN  server.GrpcLogAppender (GrpcLogAppender.java:timeoutAppendRequest(200)) - f7ede272-a28a-44e0-9552-15581fc2de04@group-0E70A92CA2C7->5e893e0a-56f7-4618-9f46-a6ff48173cb6-GrpcLogAppender: appendEntries Timeout, request=f7ede272-a28a-44e0-9552-15581fc2de04->5e893e0a-56f7-4618-9f46-a6ff48173cb6#54-t1, previous=(t:1, i:34), leaderCommit=30, initializing? false, entries: <empty>
2019-09-17 12:53:39,044 [java.util.concurrent.ThreadPoolExecutor$Worker@114f3833[State = -1, empty queue]] WARN  server.GrpcLogAppender (GrpcLogAppender.java:timeoutAppendRequest(200)) - f7ede272-a28a-44e0-9552-15581fc2de04@group-0E70A92CA2C7->84ab4d91-000c-4523-9c5f-2c204b5f6601-GrpcLogAppender: appendEntries Timeout, request=f7ede272-a28a-44e0-9552-15581fc2de04->84ab4d91-000c-4523-9c5f-2c204b5f6601#54-t1, previous=(t:1, i:34), leaderCommit=30, initializing? false, entries: <empty>
 0.00% |█                                                                                                    |  0/1 Time: 0:00:472019-09-17 12:53:40,850 [grpc-default-executor-7] INFO  impl.RaftServerProxy (RaftServerProxy.java:remove(95)) - 5e893e0a-56f7-4618-9f46-a6ff48173cb6: remove group-869F42A7192E:null
2019-09-17 12:53:40,854 [RatisPipelineUtilsThread] WARN  pipeline.RatisPipelineUtils (RatisPipelineUtils.java:destroyPipeline(66)) - Pipeline destroy failed for pipeline=PipelineID=beaf19c3-da84-45d5-96c5-869f42a7192e dn=5e893e0a-56f7-4618-9f46-a6ff48173cb6{ip: 192.168.5.153, host: pr-hdds-2137-trunk-mnh2s-3748177197, networkLocation: /default-rack, certSerialId: null}
2019-09-17 12:53:40,857 [grpc-default-executor-7] INFO  impl.RaftServerProxy (RaftServerProxy.java:remove(95)) - 84ab4d91-000c-4523-9c5f-2c204b5f6601: remove group-869F42A7192E:null
2019-09-17 12:53:40,858 [RatisPipelineUtilsThread] WARN  pipeline.RatisPipelineUtils (RatisPipelineUtils.java:destroyPipeline(66)) - Pipeline destroy failed for pipeline=PipelineID=beaf19c3-da84-45d5-96c5-869f42a7192e dn=84ab4d91-000c-4523-9c5f-2c204b5f6601{ip: 192.168.5.153, host: pr-hdds-2137-trunk-mnh2s-3748177197, networkLocation: /default-rack, certSerialId: null}
2019-09-17 12:53:40,860 [grpc-default-executor-7] INFO  impl.RaftServerProxy (RaftServerProxy.java:remove(95)) - f7ede272-a28a-44e0-9552-15581fc2de04: remove group-869F42A7192E:null
2019-09-17 12:53:40,861 [RatisPipelineUtilsThread] WARN  pipeline.RatisPipelineUtils (RatisPipelineUtils.java:destroyPipeline(66)) - Pipeline destroy failed for pipeline=PipelineID=beaf19c3-da84-45d5-96c5-869f42a7192e dn=f7ede272-a28a-44e0-9552-15581fc2de04{ip: 192.168.5.153, host: pr-hdds-2137-trunk-mnh2s-3748177197, networkLocation: /default-rack, certSerialId: null}
2019-09-17 12:53:40,862 [RatisPipelineUtilsThread] ERROR pipeline.SCMPipelineManager (Scheduler.java:lambda$schedule$1(70)) - Destroy pipeline failed for pipeline:Pipeline[ Id: beaf19c3-da84-45d5-96c5-869f42a7192e, Nodes: 5e893e0a-56f7-4618-9f46-a6ff48173cb6{ip: 192.168.5.153, host: pr-hdds-2137-trunk-mnh2s-3748177197, networkLocation: /default-rack, certSerialId: null}84ab4d91-000c-4523-9c5f-2c204b5f6601{ip: 192.168.5.153, host: pr-hdds-2137-trunk-mnh2s-3748177197, networkLocation: /default-rack, certSerialId: null}f7ede272-a28a-44e0-9552-15581fc2de04{ip: 192.168.5.153, host: pr-hdds-2137-trunk-mnh2s-3748177197, networkLocation: /default-rack, certSerialId: null}, Type:RATIS, Factor:THREE, State:CLOSED]
org.apache.hadoop.hdds.scm.pipeline.PipelineNotFoundException: PipelineID=beaf19c3-da84-45d5-96c5-869f42a7192e not found
	at org.apache.hadoop.hdds.scm.pipeline.PipelineStateMap.getPipeline(PipelineStateMap.java:132)
	at org.apache.hadoop.hdds.scm.pipeline.PipelineStateMap.removePipeline(PipelineStateMap.java:322)
	at org.apache.hadoop.hdds.scm.pipeline.PipelineStateManager.removePipeline(PipelineStateManager.java:107)
	at org.apache.hadoop.hdds.scm.pipeline.SCMPipelineManager.removePipeline(SCMPipelineManager.java:423)
	at org.apache.hadoop.hdds.scm.pipeline.SCMPipelineManager.destroyPipeline(SCMPipelineManager.java:409)
	at org.apache.hadoop.hdds.scm.pipeline.SCMPipelineManager.lambda$finalizeAndDestroyPipeline$0(SCMPipelineManager.java:318)
	at org.apache.hadoop.utils.Scheduler.lambda$schedule$1(Scheduler.java:68)
	at java.util.concurrent.Executors$RunnableAdapter.call(Executors.java:511)
	at java.util.concurrent.FutureTask.run(FutureTask.java:266)
	at java.util.concurrent.ScheduledThreadPoolExecutor$ScheduledFutureTask.access$201(ScheduledThreadPoolExecutor.java:180)
	at java.util.concurrent.ScheduledThreadPoolExecutor$ScheduledFutureTask.run(ScheduledThreadPoolExecutor.java:293)
	at java.util.concurrent.ThreadPoolExecutor.runWorker(ThreadPoolExecutor.java:1149)
	at java.util.concurrent.ThreadPoolExecutor$Worker.run(ThreadPoolExecutor.java:624)
	at java.lang.Thread.run(Thread.java:748)
 0.00% |█                                                                                                    |  0/1 Time: 0:00:482019-09-17 12:53:41,545 [java.util.concurrent.ThreadPoolExecutor$Worker@114f3833[State = -1, empty queue]] WARN  server.GrpcLogAppender (GrpcLogAppender.java:timeoutAppendRequest(200)) - f7ede272-a28a-44e0-9552-15581fc2de04@group-0E70A92CA2C7->84ab4d91-000c-4523-9c5f-2c204b5f6601-GrpcLogAppender: appendEntries Timeout, request=f7ede272-a28a-44e0-9552-15581fc2de04->84ab4d91-000c-4523-9c5f-2c204b5f6601#55-t1, previous=(t:1, i:34), leaderCommit=30, initializing? false, entries: <empty>
2019-09-17 12:53:41,545 [java.util.concurrent.ThreadPoolExecutor$Worker@27773213[State = -1, empty queue]] WARN  server.GrpcLogAppender (GrpcLogAppender.java:timeoutAppendRequest(200)) - f7ede272-a28a-44e0-9552-15581fc2de04@group-0E70A92CA2C7->5e893e0a-56f7-4618-9f46-a6ff48173cb6-GrpcLogAppender: appendEntries Timeout, request=f7ede272-a28a-44e0-9552-15581fc2de04->5e893e0a-56f7-4618-9f46-a6ff48173cb6#55-t1, previous=(t:1, i:34), leaderCommit=30, initializing? false, entries: <empty>
 0.00% |█                                                                                                    |  0/1 Time: 0:00:49 0.00% |█                                                                                                    |  0/1 Time: 0:00:502019-09-17 12:53:43,530 [f7ede272-a28a-44e0-9552-15581fc2de04@group-0E70A92CA2C7-SegmentedRaftLogWorker] WARN  segmented.SegmentedRaftLogWorker (SegmentedRaftLogWorker.java:getFromFuture(90)) - Timeout 4/~
org.apache.ratis.protocol.TimeoutIOException: Timeout 10s: WriteLog:31: (t:1, i:31), STATEMACHINELOGENTRY, client-B7904277824C, cid=281-writeStateMachineData
	at org.apache.ratis.util.IOUtils.getFromFuture(IOUtils.java:87)
	at org.apache.ratis.server.raftlog.segmented.SegmentedRaftLogWorker$StateMachineDataPolicy.getFromFuture(SegmentedRaftLogWorker.java:87)
	at org.apache.ratis.server.raftlog.segmented.SegmentedRaftLogWorker$WriteLog.execute(SegmentedRaftLogWorker.java:477)
	at org.apache.ratis.server.raftlog.segmented.SegmentedRaftLogWorker.run(SegmentedRaftLogWorker.java:289)
	at java.lang.Thread.run(Thread.java:748)
Caused by: java.util.concurrent.TimeoutException
	at java.util.concurrent.CompletableFuture.timedGet(CompletableFuture.java:1771)
	at java.util.concurrent.CompletableFuture.get(CompletableFuture.java:1915)
	at org.apache.ratis.util.IOUtils.getFromFuture(IOUtils.java:79)
	... 4 more
2019-09-17 12:53:43,543 [84ab4d91-000c-4523-9c5f-2c204b5f6601@group-0E70A92CA2C7-SegmentedRaftLogWorker] WARN  segmented.SegmentedRaftLogWorker (SegmentedRaftLogWorker.java:getFromFuture(90)) - Timeout 4/~
org.apache.ratis.protocol.TimeoutIOException: Timeout 10s: WriteLog:31: (t:1, i:31), STATEMACHINELOGENTRY, client-B7904277824C, cid=281-writeStateMachineData
	at org.apache.ratis.util.IOUtils.getFromFuture(IOUtils.java:87)
	at org.apache.ratis.server.raftlog.segmented.SegmentedRaftLogWorker$StateMachineDataPolicy.getFromFuture(SegmentedRaftLogWorker.java:87)
	at org.apache.ratis.server.raftlog.segmented.SegmentedRaftLogWorker$WriteLog.execute(SegmentedRaftLogWorker.java:477)
	at org.apache.ratis.server.raftlog.segmented.SegmentedRaftLogWorker.run(SegmentedRaftLogWorker.java:289)
	at java.lang.Thread.run(Thread.java:748)
Caused by: java.util.concurrent.TimeoutException
	at java.util.concurrent.CompletableFuture.timedGet(CompletableFuture.java:1771)
	at java.util.concurrent.CompletableFuture.get(CompletableFuture.java:1915)
	at org.apache.ratis.util.IOUtils.getFromFuture(IOUtils.java:79)
	... 4 more
2019-09-17 12:53:43,544 [5e893e0a-56f7-4618-9f46-a6ff48173cb6@group-0E70A92CA2C7-SegmentedRaftLogWorker] WARN  segmented.SegmentedRaftLogWorker (SegmentedRaftLogWorker.java:getFromFuture(90)) - Timeout 4/~
org.apache.ratis.protocol.TimeoutIOException: Timeout 10s: WriteLog:31: (t:1, i:31), STATEMACHINELOGENTRY, client-B7904277824C, cid=281-writeStateMachineData
	at org.apache.ratis.util.IOUtils.getFromFuture(IOUtils.java:87)
	at org.apache.ratis.server.raftlog.segmented.SegmentedRaftLogWorker$StateMachineDataPolicy.getFromFuture(SegmentedRaftLogWorker.java:87)
	at org.apache.ratis.server.raftlog.segmented.SegmentedRaftLogWorker$WriteLog.execute(SegmentedRaftLogWorker.java:477)
	at org.apache.ratis.server.raftlog.segmented.SegmentedRaftLogWorker.run(SegmentedRaftLogWorker.java:289)
	at java.lang.Thread.run(Thread.java:748)
Caused by: java.util.concurrent.TimeoutException
	at java.util.concurrent.CompletableFuture.timedGet(CompletableFuture.java:1771)
	at java.util.concurrent.CompletableFuture.get(CompletableFuture.java:1915)
	at org.apache.ratis.util.IOUtils.getFromFuture(IOUtils.java:79)
	... 4 more
2019-09-17 12:53:43,851 [grpc-default-executor-7] INFO  impl.RaftServerProxy (RaftServerProxy.java:remove(95)) - 5e893e0a-56f7-4618-9f46-a6ff48173cb6: remove group-869F42A7192E:null
2019-09-17 12:53:43,855 [RatisPipelineUtilsThread] WARN  pipeline.RatisPipelineUtils (RatisPipelineUtils.java:destroyPipeline(66)) - Pipeline destroy failed for pipeline=PipelineID=beaf19c3-da84-45d5-96c5-869f42a7192e dn=5e893e0a-56f7-4618-9f46-a6ff48173cb6{ip: 192.168.5.153, host: pr-hdds-2137-trunk-mnh2s-3748177197, networkLocation: /default-rack, certSerialId: null}
2019-09-17 12:53:43,858 [grpc-default-executor-7] INFO  impl.RaftServerProxy (RaftServerProxy.java:remove(95)) - 84ab4d91-000c-4523-9c5f-2c204b5f6601: remove group-869F42A7192E:null
2019-09-17 12:53:43,859 [RatisPipelineUtilsThread] WARN  pipeline.RatisPipelineUtils (RatisPipelineUtils.java:destroyPipeline(66)) - Pipeline destroy failed for pipeline=PipelineID=beaf19c3-da84-45d5-96c5-869f42a7192e dn=84ab4d91-000c-4523-9c5f-2c204b5f6601{ip: 192.168.5.153, host: pr-hdds-2137-trunk-mnh2s-3748177197, networkLocation: /default-rack, certSerialId: null}
2019-09-17 12:53:43,862 [grpc-default-executor-7] INFO  impl.RaftServerProxy (RaftServerProxy.java:remove(95)) - f7ede272-a28a-44e0-9552-15581fc2de04: remove group-869F42A7192E:null
2019-09-17 12:53:43,863 [RatisPipelineUtilsThread] WARN  pipeline.RatisPipelineUtils (RatisPipelineUtils.java:destroyPipeline(66)) - Pipeline destroy failed for pipeline=PipelineID=beaf19c3-da84-45d5-96c5-869f42a7192e dn=f7ede272-a28a-44e0-9552-15581fc2de04{ip: 192.168.5.153, host: pr-hdds-2137-trunk-mnh2s-3748177197, networkLocation: /default-rack, certSerialId: null}
2019-09-17 12:53:43,863 [RatisPipelineUtilsThread] ERROR pipeline.SCMPipelineManager (Scheduler.java:lambda$schedule$1(70)) - Destroy pipeline failed for pipeline:Pipeline[ Id: beaf19c3-da84-45d5-96c5-869f42a7192e, Nodes: 5e893e0a-56f7-4618-9f46-a6ff48173cb6{ip: 192.168.5.153, host: pr-hdds-2137-trunk-mnh2s-3748177197, networkLocation: /default-rack, certSerialId: null}84ab4d91-000c-4523-9c5f-2c204b5f6601{ip: 192.168.5.153, host: pr-hdds-2137-trunk-mnh2s-3748177197, networkLocation: /default-rack, certSerialId: null}f7ede272-a28a-44e0-9552-15581fc2de04{ip: 192.168.5.153, host: pr-hdds-2137-trunk-mnh2s-3748177197, networkLocation: /default-rack, certSerialId: null}, Type:RATIS, Factor:THREE, State:CLOSED]
org.apache.hadoop.hdds.scm.pipeline.PipelineNotFoundException: PipelineID=beaf19c3-da84-45d5-96c5-869f42a7192e not found
	at org.apache.hadoop.hdds.scm.pipeline.PipelineStateMap.getPipeline(PipelineStateMap.java:132)
	at org.apache.hadoop.hdds.scm.pipeline.PipelineStateMap.removePipeline(PipelineStateMap.java:322)
	at org.apache.hadoop.hdds.scm.pipeline.PipelineStateManager.removePipeline(PipelineStateManager.java:107)
	at org.apache.hadoop.hdds.scm.pipeline.SCMPipelineManager.removePipeline(SCMPipelineManager.java:423)
	at org.apache.hadoop.hdds.scm.pipeline.SCMPipelineManager.destroyPipeline(SCMPipelineManager.java:409)
	at org.apache.hadoop.hdds.scm.pipeline.SCMPipelineManager.lambda$finalizeAndDestroyPipeline$0(SCMPipelineManager.java:318)
	at org.apache.hadoop.utils.Scheduler.lambda$schedule$1(Scheduler.java:68)
	at java.util.concurrent.Executors$RunnableAdapter.call(Executors.java:511)
	at java.util.concurrent.FutureTask.run(FutureTask.java:266)
	at java.util.concurrent.ScheduledThreadPoolExecutor$ScheduledFutureTask.access$201(ScheduledThreadPoolExecutor.java:180)
	at java.util.concurrent.ScheduledThreadPoolExecutor$ScheduledFutureTask.run(ScheduledThreadPoolExecutor.java:293)
	at java.util.concurrent.ThreadPoolExecutor.runWorker(ThreadPoolExecutor.java:1149)
	at java.util.concurrent.ThreadPoolExecutor$Worker.run(ThreadPoolExecutor.java:624)
	at java.lang.Thread.run(Thread.java:748)
 0.00% |█                                                                                                    |  0/1 Time: 0:00:512019-09-17 12:53:43,905 [grpc-default-executor-5] INFO  client.GrpcClientProtocolClient (GrpcClientProtocolClient.java:onNext(264)) - client-B7904277824C->5e893e0a-56f7-4618-9f46-a6ff48173cb6: receive RaftClientReply:client-B7904277824C->5e893e0a-56f7-4618-9f46-a6ff48173cb6@group-0E70A92CA2C7, cid=281, FAILED org.apache.ratis.protocol.NotLeaderException: Server 5e893e0a-56f7-4618-9f46-a6ff48173cb6@group-0E70A92CA2C7 is not the leader f7ede272-a28a-44e0-9552-15581fc2de04:192.168.5.153:38263, logIndex=0, commits[5e893e0a-56f7-4618-9f46-a6ff48173cb6:c30, 84ab4d91-000c-4523-9c5f-2c204b5f6601:c26, f7ede272-a28a-44e0-9552-15581fc2de04:c30]
2019-09-17 12:53:44,046 [java.util.concurrent.ThreadPoolExecutor$Worker@114f3833[State = -1, empty queue]] WARN  server.GrpcLogAppender (GrpcLogAppender.java:timeoutAppendRequest(200)) - f7ede272-a28a-44e0-9552-15581fc2de04@group-0E70A92CA2C7->84ab4d91-000c-4523-9c5f-2c204b5f6601-GrpcLogAppender: appendEntries Timeout, request=f7ede272-a28a-44e0-9552-15581fc2de04->84ab4d91-000c-4523-9c5f-2c204b5f6601#56-t1, previous=(t:1, i:34), leaderCommit=30, initializing? false, entries: <empty>
2019-09-17 12:53:44,046 [java.util.concurrent.ThreadPoolExecutor$Worker@27773213[State = -1, empty queue]] WARN  server.GrpcLogAppender (GrpcLogAppender.java:timeoutAppendRequest(200)) - f7ede272-a28a-44e0-9552-15581fc2de04@group-0E70A92CA2C7->5e893e0a-56f7-4618-9f46-a6ff48173cb6-GrpcLogAppender: appendEntries Timeout, request=f7ede272-a28a-44e0-9552-15581fc2de04->5e893e0a-56f7-4618-9f46-a6ff48173cb6#56-t1, previous=(t:1, i:34), leaderCommit=30, initializing? false, entries: <empty>
 0.00% |█                                                                                                    |  0/1 Time: 0:00:522019-09-17 12:53:45,848 [grpc-default-executor-4] INFO  impl.RaftServerProxy (RaftServerProxy.java:remove(95)) - 5e893e0a-56f7-4618-9f46-a6ff48173cb6: remove group-869F42A7192E:null
2019-09-17 12:53:45,850 [RatisPipelineUtilsThread] WARN  pipeline.RatisPipelineUtils (RatisPipelineUtils.java:destroyPipeline(66)) - Pipeline destroy failed for pipeline=PipelineID=beaf19c3-da84-45d5-96c5-869f42a7192e dn=5e893e0a-56f7-4618-9f46-a6ff48173cb6{ip: 192.168.5.153, host: pr-hdds-2137-trunk-mnh2s-3748177197, networkLocation: /default-rack, certSerialId: null}
2019-09-17 12:53:45,853 [grpc-default-executor-4] INFO  impl.RaftServerProxy (RaftServerProxy.java:remove(95)) - 84ab4d91-000c-4523-9c5f-2c204b5f6601: remove group-869F42A7192E:null
2019-09-17 12:53:45,855 [RatisPipelineUtilsThread] WARN  pipeline.RatisPipelineUtils (RatisPipelineUtils.java:destroyPipeline(66)) - Pipeline destroy failed for pipeline=PipelineID=beaf19c3-da84-45d5-96c5-869f42a7192e dn=84ab4d91-000c-4523-9c5f-2c204b5f6601{ip: 192.168.5.153, host: pr-hdds-2137-trunk-mnh2s-3748177197, networkLocation: /default-rack, certSerialId: null}
2019-09-17 12:53:45,857 [grpc-default-executor-4] INFO  impl.RaftServerProxy (RaftServerProxy.java:remove(95)) - f7ede272-a28a-44e0-9552-15581fc2de04: remove group-869F42A7192E:null
2019-09-17 12:53:45,859 [RatisPipelineUtilsThread] WARN  pipeline.RatisPipelineUtils (RatisPipelineUtils.java:destroyPipeline(66)) - Pipeline destroy failed for pipeline=PipelineID=beaf19c3-da84-45d5-96c5-869f42a7192e dn=f7ede272-a28a-44e0-9552-15581fc2de04{ip: 192.168.5.153, host: pr-hdds-2137-trunk-mnh2s-3748177197, networkLocation: /default-rack, certSerialId: null}
2019-09-17 12:53:45,860 [RatisPipelineUtilsThread] ERROR pipeline.SCMPipelineManager (Scheduler.java:lambda$schedule$1(70)) - Destroy pipeline failed for pipeline:Pipeline[ Id: beaf19c3-da84-45d5-96c5-869f42a7192e, Nodes: 5e893e0a-56f7-4618-9f46-a6ff48173cb6{ip: 192.168.5.153, host: pr-hdds-2137-trunk-mnh2s-3748177197, networkLocation: /default-rack, certSerialId: null}84ab4d91-000c-4523-9c5f-2c204b5f6601{ip: 192.168.5.153, host: pr-hdds-2137-trunk-mnh2s-3748177197, networkLocation: /default-rack, certSerialId: null}f7ede272-a28a-44e0-9552-15581fc2de04{ip: 192.168.5.153, host: pr-hdds-2137-trunk-mnh2s-3748177197, networkLocation: /default-rack, certSerialId: null}, Type:RATIS, Factor:THREE, State:CLOSED]
org.apache.hadoop.hdds.scm.pipeline.PipelineNotFoundException: PipelineID=beaf19c3-da84-45d5-96c5-869f42a7192e not found
	at org.apache.hadoop.hdds.scm.pipeline.PipelineStateMap.getPipeline(PipelineStateMap.java:132)
	at org.apache.hadoop.hdds.scm.pipeline.PipelineStateMap.removePipeline(PipelineStateMap.java:322)
	at org.apache.hadoop.hdds.scm.pipeline.PipelineStateManager.removePipeline(PipelineStateManager.java:107)
	at org.apache.hadoop.hdds.scm.pipeline.SCMPipelineManager.removePipeline(SCMPipelineManager.java:423)
	at org.apache.hadoop.hdds.scm.pipeline.SCMPipelineManager.destroyPipeline(SCMPipelineManager.java:409)
	at org.apache.hadoop.hdds.scm.pipeline.SCMPipelineManager.lambda$finalizeAndDestroyPipeline$0(SCMPipelineManager.java:318)
	at org.apache.hadoop.utils.Scheduler.lambda$schedule$1(Scheduler.java:68)
	at java.util.concurrent.Executors$RunnableAdapter.call(Executors.java:511)
	at java.util.concurrent.FutureTask.run(FutureTask.java:266)
	at java.util.concurrent.ScheduledThreadPoolExecutor$ScheduledFutureTask.access$201(ScheduledThreadPoolExecutor.java:180)
	at java.util.concurrent.ScheduledThreadPoolExecutor$ScheduledFutureTask.run(ScheduledThreadPoolExecutor.java:293)
	at java.util.concurrent.ThreadPoolExecutor.runWorker(ThreadPoolExecutor.java:1149)
	at java.util.concurrent.ThreadPoolExecutor$Worker.run(ThreadPoolExecutor.java:624)
	at java.lang.Thread.run(Thread.java:748)
 0.00% |█                                                                                                    |  0/1 Time: 0:00:532019-09-17 12:53:46,547 [java.util.concurrent.ThreadPoolExecutor$Worker@27773213[State = -1, empty queue]] WARN  server.GrpcLogAppender (GrpcLogAppender.java:timeoutAppendRequest(200)) - f7ede272-a28a-44e0-9552-15581fc2de04@group-0E70A92CA2C7->5e893e0a-56f7-4618-9f46-a6ff48173cb6-GrpcLogAppender: appendEntries Timeout, request=f7ede272-a28a-44e0-9552-15581fc2de04->5e893e0a-56f7-4618-9f46-a6ff48173cb6#57-t1, previous=(t:1, i:34), leaderCommit=30, initializing? false, entries: <empty>
2019-09-17 12:53:46,547 [java.util.concurrent.ThreadPoolExecutor$Worker@114f3833[State = -1, empty queue]] WARN  server.GrpcLogAppender (GrpcLogAppender.java:timeoutAppendRequest(200)) - f7ede272-a28a-44e0-9552-15581fc2de04@group-0E70A92CA2C7->84ab4d91-000c-4523-9c5f-2c204b5f6601-GrpcLogAppender: appendEntries Timeout, request=f7ede272-a28a-44e0-9552-15581fc2de04->84ab4d91-000c-4523-9c5f-2c204b5f6601#57-t1, previous=(t:1, i:34), leaderCommit=30, initializing? false, entries: <empty>
2019-09-17 12:53:46,882 [grpc-default-executor-7] INFO  impl.RaftServerProxy (RaftServerProxy.java:remove(95)) - 5e893e0a-56f7-4618-9f46-a6ff48173cb6: remove group-869F42A7192E:null
2019-09-17 12:53:46,886 [RatisPipelineUtilsThread] WARN  pipeline.RatisPipelineUtils (RatisPipelineUtils.java:destroyPipeline(66)) - Pipeline destroy failed for pipeline=PipelineID=beaf19c3-da84-45d5-96c5-869f42a7192e dn=5e893e0a-56f7-4618-9f46-a6ff48173cb6{ip: 192.168.5.153, host: pr-hdds-2137-trunk-mnh2s-3748177197, networkLocation: /default-rack, certSerialId: null}
2019-09-17 12:53:46,888 [grpc-default-executor-7] INFO  impl.RaftServerProxy (RaftServerProxy.java:remove(95)) - 84ab4d91-000c-4523-9c5f-2c204b5f6601: remove group-869F42A7192E:null
2019-09-17 12:53:46,891 [RatisPipelineUtilsThread] WARN  pipeline.RatisPipelineUtils (RatisPipelineUtils.java:destroyPipeline(66)) - Pipeline destroy failed for pipeline=PipelineID=beaf19c3-da84-45d5-96c5-869f42a7192e dn=84ab4d91-000c-4523-9c5f-2c204b5f6601{ip: 192.168.5.153, host: pr-hdds-2137-trunk-mnh2s-3748177197, networkLocation: /default-rack, certSerialId: null}
 0.00% |█                                                                                                    |  0/1 Time: 0:00:542019-09-17 12:53:46,893 [grpc-default-executor-7] INFO  impl.RaftServerProxy (RaftServerProxy.java:remove(95)) - f7ede272-a28a-44e0-9552-15581fc2de04: remove group-869F42A7192E:null
2019-09-17 12:53:46,895 [RatisPipelineUtilsThread] WARN  pipeline.RatisPipelineUtils (RatisPipelineUtils.java:destroyPipeline(66)) - Pipeline destroy failed for pipeline=PipelineID=beaf19c3-da84-45d5-96c5-869f42a7192e dn=f7ede272-a28a-44e0-9552-15581fc2de04{ip: 192.168.5.153, host: pr-hdds-2137-trunk-mnh2s-3748177197, networkLocation: /default-rack, certSerialId: null}
2019-09-17 12:53:46,895 [RatisPipelineUtilsThread] ERROR pipeline.SCMPipelineManager (Scheduler.java:lambda$schedule$1(70)) - Destroy pipeline failed for pipeline:Pipeline[ Id: beaf19c3-da84-45d5-96c5-869f42a7192e, Nodes: 5e893e0a-56f7-4618-9f46-a6ff48173cb6{ip: 192.168.5.153, host: pr-hdds-2137-trunk-mnh2s-3748177197, networkLocation: /default-rack, certSerialId: null}84ab4d91-000c-4523-9c5f-2c204b5f6601{ip: 192.168.5.153, host: pr-hdds-2137-trunk-mnh2s-3748177197, networkLocation: /default-rack, certSerialId: null}f7ede272-a28a-44e0-9552-15581fc2de04{ip: 192.168.5.153, host: pr-hdds-2137-trunk-mnh2s-3748177197, networkLocation: /default-rack, certSerialId: null}, Type:RATIS, Factor:THREE, State:CLOSED]
org.apache.hadoop.hdds.scm.pipeline.PipelineNotFoundException: PipelineID=beaf19c3-da84-45d5-96c5-869f42a7192e not found
	at org.apache.hadoop.hdds.scm.pipeline.PipelineStateMap.getPipeline(PipelineStateMap.java:132)
	at org.apache.hadoop.hdds.scm.pipeline.PipelineStateMap.removePipeline(PipelineStateMap.java:322)
	at org.apache.hadoop.hdds.scm.pipeline.PipelineStateManager.removePipeline(PipelineStateManager.java:107)
	at org.apache.hadoop.hdds.scm.pipeline.SCMPipelineManager.removePipeline(SCMPipelineManager.java:423)
	at org.apache.hadoop.hdds.scm.pipeline.SCMPipelineManager.destroyPipeline(SCMPipelineManager.java:409)
	at org.apache.hadoop.hdds.scm.pipeline.SCMPipelineManager.lambda$finalizeAndDestroyPipeline$0(SCMPipelineManager.java:318)
	at org.apache.hadoop.utils.Scheduler.lambda$schedule$1(Scheduler.java:68)
	at java.util.concurrent.Executors$RunnableAdapter.call(Executors.java:511)
	at java.util.concurrent.FutureTask.run(FutureTask.java:266)
	at java.util.concurrent.ScheduledThreadPoolExecutor$ScheduledFutureTask.access$201(ScheduledThreadPoolExecutor.java:180)
	at java.util.concurrent.ScheduledThreadPoolExecutor$ScheduledFutureTask.run(ScheduledThreadPoolExecutor.java:293)
	at java.util.concurrent.ThreadPoolExecutor.runWorker(ThreadPoolExecutor.java:1149)
	at java.util.concurrent.ThreadPoolExecutor$Worker.run(ThreadPoolExecutor.java:624)
	at java.lang.Thread.run(Thread.java:748)
2019-09-17 12:53:47,123 [grpc-default-executor-7] INFO  impl.RaftServerProxy (RaftServerProxy.java:remove(95)) - 5e893e0a-56f7-4618-9f46-a6ff48173cb6: remove group-869F42A7192E:null
2019-09-17 12:53:47,125 [RatisPipelineUtilsThread] WARN  pipeline.RatisPipelineUtils (RatisPipelineUtils.java:destroyPipeline(66)) - Pipeline destroy failed for pipeline=PipelineID=beaf19c3-da84-45d5-96c5-869f42a7192e dn=5e893e0a-56f7-4618-9f46-a6ff48173cb6{ip: 192.168.5.153, host: pr-hdds-2137-trunk-mnh2s-3748177197, networkLocation: /default-rack, certSerialId: null}
2019-09-17 12:53:47,127 [grpc-default-executor-7] INFO  impl.RaftServerProxy (RaftServerProxy.java:remove(95)) - 84ab4d91-000c-4523-9c5f-2c204b5f6601: remove group-869F42A7192E:null
2019-09-17 12:53:47,128 [RatisPipelineUtilsThread] WARN  pipeline.RatisPipelineUtils (RatisPipelineUtils.java:destroyPipeline(66)) - Pipeline destroy failed for pipeline=PipelineID=beaf19c3-da84-45d5-96c5-869f42a7192e dn=84ab4d91-000c-4523-9c5f-2c204b5f6601{ip: 192.168.5.153, host: pr-hdds-2137-trunk-mnh2s-3748177197, networkLocation: /default-rack, certSerialId: null}
2019-09-17 12:53:47,130 [grpc-default-executor-7] INFO  impl.RaftServerProxy (RaftServerProxy.java:remove(95)) - f7ede272-a28a-44e0-9552-15581fc2de04: remove group-869F42A7192E:null
2019-09-17 12:53:47,131 [RatisPipelineUtilsThread] WARN  pipeline.RatisPipelineUtils (RatisPipelineUtils.java:destroyPipeline(66)) - Pipeline destroy failed for pipeline=PipelineID=beaf19c3-da84-45d5-96c5-869f42a7192e dn=f7ede272-a28a-44e0-9552-15581fc2de04{ip: 192.168.5.153, host: pr-hdds-2137-trunk-mnh2s-3748177197, networkLocation: /default-rack, certSerialId: null}
2019-09-17 12:53:47,131 [RatisPipelineUtilsThread] ERROR pipeline.SCMPipelineManager (Scheduler.java:lambda$schedule$1(70)) - Destroy pipeline failed for pipeline:Pipeline[ Id: beaf19c3-da84-45d5-96c5-869f42a7192e, Nodes: 5e893e0a-56f7-4618-9f46-a6ff48173cb6{ip: 192.168.5.153, host: pr-hdds-2137-trunk-mnh2s-3748177197, networkLocation: /default-rack, certSerialId: null}84ab4d91-000c-4523-9c5f-2c204b5f6601{ip: 192.168.5.153, host: pr-hdds-2137-trunk-mnh2s-3748177197, networkLocation: /default-rack, certSerialId: null}f7ede272-a28a-44e0-9552-15581fc2de04{ip: 192.168.5.153, host: pr-hdds-2137-trunk-mnh2s-3748177197, networkLocation: /default-rack, certSerialId: null}, Type:RATIS, Factor:THREE, State:CLOSED]
org.apache.hadoop.hdds.scm.pipeline.PipelineNotFoundException: PipelineID=beaf19c3-da84-45d5-96c5-869f42a7192e not found
	at org.apache.hadoop.hdds.scm.pipeline.PipelineStateMap.getPipeline(PipelineStateMap.java:132)
	at org.apache.hadoop.hdds.scm.pipeline.PipelineStateMap.removePipeline(PipelineStateMap.java:322)
	at org.apache.hadoop.hdds.scm.pipeline.PipelineStateManager.removePipeline(PipelineStateManager.java:107)
	at org.apache.hadoop.hdds.scm.pipeline.SCMPipelineManager.removePipeline(SCMPipelineManager.java:423)
	at org.apache.hadoop.hdds.scm.pipeline.SCMPipelineManager.destroyPipeline(SCMPipelineManager.java:409)
	at org.apache.hadoop.hdds.scm.pipeline.SCMPipelineManager.lambda$finalizeAndDestroyPipeline$0(SCMPipelineManager.java:318)
	at org.apache.hadoop.utils.Scheduler.lambda$schedule$1(Scheduler.java:68)
	at java.util.concurrent.Executors$RunnableAdapter.call(Executors.java:511)
	at java.util.concurrent.FutureTask.run(FutureTask.java:266)
	at java.util.concurrent.ScheduledThreadPoolExecutor$ScheduledFutureTask.access$201(ScheduledThreadPoolExecutor.java:180)
	at java.util.concurrent.ScheduledThreadPoolExecutor$ScheduledFutureTask.run(ScheduledThreadPoolExecutor.java:293)
	at java.util.concurrent.ThreadPoolExecutor.runWorker(ThreadPoolExecutor.java:1149)
	at java.util.concurrent.ThreadPoolExecutor$Worker.run(ThreadPoolExecutor.java:624)
	at java.lang.Thread.run(Thread.java:748)
2019-09-17 12:53:47,417 [grpc-default-executor-7] INFO  impl.RaftServerProxy (RaftServerProxy.java:remove(95)) - 5e893e0a-56f7-4618-9f46-a6ff48173cb6: remove group-869F42A7192E:null
2019-09-17 12:53:47,419 [RatisPipelineUtilsThread] WARN  pipeline.RatisPipelineUtils (RatisPipelineUtils.java:destroyPipeline(66)) - Pipeline destroy failed for pipeline=PipelineID=beaf19c3-da84-45d5-96c5-869f42a7192e dn=5e893e0a-56f7-4618-9f46-a6ff48173cb6{ip: 192.168.5.153, host: pr-hdds-2137-trunk-mnh2s-3748177197, networkLocation: /default-rack, certSerialId: null}
2019-09-17 12:53:47,422 [grpc-default-executor-7] INFO  impl.RaftServerProxy (RaftServerProxy.java:remove(95)) - 84ab4d91-000c-4523-9c5f-2c204b5f6601: remove group-869F42A7192E:null
2019-09-17 12:53:47,424 [RatisPipelineUtilsThread] WARN  pipeline.RatisPipelineUtils (RatisPipelineUtils.java:destroyPipeline(66)) - Pipeline destroy failed for pipeline=PipelineID=beaf19c3-da84-45d5-96c5-869f42a7192e dn=84ab4d91-000c-4523-9c5f-2c204b5f6601{ip: 192.168.5.153, host: pr-hdds-2137-trunk-mnh2s-3748177197, networkLocation: /default-rack, certSerialId: null}
2019-09-17 12:53:47,427 [grpc-default-executor-7] INFO  impl.RaftServerProxy (RaftServerProxy.java:remove(95)) - f7ede272-a28a-44e0-9552-15581fc2de04: remove group-869F42A7192E:null
2019-09-17 12:53:47,430 [RatisPipelineUtilsThread] WARN  pipeline.RatisPipelineUtils (RatisPipelineUtils.java:destroyPipeline(66)) - Pipeline destroy failed for pipeline=PipelineID=beaf19c3-da84-45d5-96c5-869f42a7192e dn=f7ede272-a28a-44e0-9552-15581fc2de04{ip: 192.168.5.153, host: pr-hdds-2137-trunk-mnh2s-3748177197, networkLocation: /default-rack, certSerialId: null}
2019-09-17 12:53:47,430 [RatisPipelineUtilsThread] ERROR pipeline.SCMPipelineManager (Scheduler.java:lambda$schedule$1(70)) - Destroy pipeline failed for pipeline:Pipeline[ Id: beaf19c3-da84-45d5-96c5-869f42a7192e, Nodes: 5e893e0a-56f7-4618-9f46-a6ff48173cb6{ip: 192.168.5.153, host: pr-hdds-2137-trunk-mnh2s-3748177197, networkLocation: /default-rack, certSerialId: null}84ab4d91-000c-4523-9c5f-2c204b5f6601{ip: 192.168.5.153, host: pr-hdds-2137-trunk-mnh2s-3748177197, networkLocation: /default-rack, certSerialId: null}f7ede272-a28a-44e0-9552-15581fc2de04{ip: 192.168.5.153, host: pr-hdds-2137-trunk-mnh2s-3748177197, networkLocation: /default-rack, certSerialId: null}, Type:RATIS, Factor:THREE, State:CLOSED]
org.apache.hadoop.hdds.scm.pipeline.PipelineNotFoundException: PipelineID=beaf19c3-da84-45d5-96c5-869f42a7192e not found
	at org.apache.hadoop.hdds.scm.pipeline.PipelineStateMap.getPipeline(PipelineStateMap.java:132)
	at org.apache.hadoop.hdds.scm.pipeline.PipelineStateMap.removePipeline(PipelineStateMap.java:322)
	at org.apache.hadoop.hdds.scm.pipeline.PipelineStateManager.removePipeline(PipelineStateManager.java:107)
	at org.apache.hadoop.hdds.scm.pipeline.SCMPipelineManager.removePipeline(SCMPipelineManager.java:423)
	at org.apache.hadoop.hdds.scm.pipeline.SCMPipelineManager.destroyPipeline(SCMPipelineManager.java:409)
	at org.apache.hadoop.hdds.scm.pipeline.SCMPipelineManager.lambda$finalizeAndDestroyPipeline$0(SCMPipelineManager.java:318)
	at org.apache.hadoop.utils.Scheduler.lambda$schedule$1(Scheduler.java:68)
	at java.util.concurrent.Executors$RunnableAdapter.call(Executors.java:511)
	at java.util.concurrent.FutureTask.run(FutureTask.java:266)
	at java.util.concurrent.ScheduledThreadPoolExecutor$ScheduledFutureTask.access$201(ScheduledThreadPoolExecutor.java:180)
	at java.util.concurrent.ScheduledThreadPoolExecutor$ScheduledFutureTask.run(ScheduledThreadPoolExecutor.java:293)
	at java.util.concurrent.ThreadPoolExecutor.runWorker(ThreadPoolExecutor.java:1149)
	at java.util.concurrent.ThreadPoolExecutor$Worker.run(ThreadPoolExecutor.java:624)
	at java.lang.Thread.run(Thread.java:748)
 0.00% |█                                                                                                    |  0/1 Time: 0:00:55 0.00% |█                                                                                                    |  0/1 Time: 0:00:562019-09-17 12:53:48,933 [grpc-default-executor-5] INFO  client.GrpcClientProtocolClient (GrpcClientProtocolClient.java:onNext(264)) - client-B7904277824C->84ab4d91-000c-4523-9c5f-2c204b5f6601: receive RaftClientReply:client-B7904277824C->84ab4d91-000c-4523-9c5f-2c204b5f6601@group-0E70A92CA2C7, cid=281, FAILED org.apache.ratis.protocol.NotLeaderException: Server 84ab4d91-000c-4523-9c5f-2c204b5f6601@group-0E70A92CA2C7 is not the leader f7ede272-a28a-44e0-9552-15581fc2de04:192.168.5.153:38263, logIndex=0, commits[84ab4d91-000c-4523-9c5f-2c204b5f6601:c30, 5e893e0a-56f7-4618-9f46-a6ff48173cb6:c26, f7ede272-a28a-44e0-9552-15581fc2de04:c30]
2019-09-17 12:53:49,047 [java.util.concurrent.ThreadPoolExecutor$Worker@27773213[State = -1, empty queue]] WARN  server.GrpcLogAppender (GrpcLogAppender.java:timeoutAppendRequest(200)) - f7ede272-a28a-44e0-9552-15581fc2de04@group-0E70A92CA2C7->5e893e0a-56f7-4618-9f46-a6ff48173cb6-GrpcLogAppender: appendEntries Timeout, request=f7ede272-a28a-44e0-9552-15581fc2de04->5e893e0a-56f7-4618-9f46-a6ff48173cb6#58-t1, previous=(t:1, i:34), leaderCommit=30, initializing? false, entries: <empty>
2019-09-17 12:53:49,047 [java.util.concurrent.ThreadPoolExecutor$Worker@114f3833[State = -1, empty queue]] WARN  server.GrpcLogAppender (GrpcLogAppender.java:timeoutAppendRequest(200)) - f7ede272-a28a-44e0-9552-15581fc2de04@group-0E70A92CA2C7->84ab4d91-000c-4523-9c5f-2c204b5f6601-GrpcLogAppender: appendEntries Timeout, request=f7ede272-a28a-44e0-9552-15581fc2de04->84ab4d91-000c-4523-9c5f-2c204b5f6601#58-t1, previous=(t:1, i:34), leaderCommit=30, initializing? false, entries: <empty>
 0.00% |█                                                                                                    |  0/1 Time: 0:00:57 0.00% |█                                                                                                    |  0/1 Time: 0:00:582019-09-17 12:53:51,548 [java.util.concurrent.ThreadPoolExecutor$Worker@27773213[State = -1, empty queue]] WARN  server.GrpcLogAppender (GrpcLogAppender.java:timeoutAppendRequest(200)) - f7ede272-a28a-44e0-9552-15581fc2de04@group-0E70A92CA2C7->5e893e0a-56f7-4618-9f46-a6ff48173cb6-GrpcLogAppender: appendEntries Timeout, request=f7ede272-a28a-44e0-9552-15581fc2de04->5e893e0a-56f7-4618-9f46-a6ff48173cb6#59-t1, previous=(t:1, i:34), leaderCommit=30, initializing? false, entries: <empty>
2019-09-17 12:53:51,548 [java.util.concurrent.ThreadPoolExecutor$Worker@114f3833[State = -1, empty queue]] WARN  server.GrpcLogAppender (GrpcLogAppender.java:timeoutAppendRequest(200)) - f7ede272-a28a-44e0-9552-15581fc2de04@group-0E70A92CA2C7->84ab4d91-000c-4523-9c5f-2c204b5f6601-GrpcLogAppender: appendEntries Timeout, request=f7ede272-a28a-44e0-9552-15581fc2de04->84ab4d91-000c-4523-9c5f-2c204b5f6601#59-t1, previous=(t:1, i:34), leaderCommit=30, initializing? false, entries: <empty>
 0.00% |█                                                                                                    |  0/1 Time: 0:00:59 0.00% |█                                                                                                    |  0/1 Time: 0:01:002019-09-17 12:53:53,531 [f7ede272-a28a-44e0-9552-15581fc2de04@group-0E70A92CA2C7-SegmentedRaftLogWorker] WARN  segmented.SegmentedRaftLogWorker (SegmentedRaftLogWorker.java:getFromFuture(90)) - Timeout 5/~
org.apache.ratis.protocol.TimeoutIOException: Timeout 10s: WriteLog:31: (t:1, i:31), STATEMACHINELOGENTRY, client-B7904277824C, cid=281-writeStateMachineData
	at org.apache.ratis.util.IOUtils.getFromFuture(IOUtils.java:87)
	at org.apache.ratis.server.raftlog.segmented.SegmentedRaftLogWorker$StateMachineDataPolicy.getFromFuture(SegmentedRaftLogWorker.java:87)
	at org.apache.ratis.server.raftlog.segmented.SegmentedRaftLogWorker$WriteLog.execute(SegmentedRaftLogWorker.java:477)
	at org.apache.ratis.server.raftlog.segmented.SegmentedRaftLogWorker.run(SegmentedRaftLogWorker.java:289)
	at java.lang.Thread.run(Thread.java:748)
Caused by: java.util.concurrent.TimeoutException
	at java.util.concurrent.CompletableFuture.timedGet(CompletableFuture.java:1771)
	at java.util.concurrent.CompletableFuture.get(CompletableFuture.java:1915)
	at org.apache.ratis.util.IOUtils.getFromFuture(IOUtils.java:79)
	... 4 more
2019-09-17 12:53:53,544 [84ab4d91-000c-4523-9c5f-2c204b5f6601@group-0E70A92CA2C7-SegmentedRaftLogWorker] WARN  segmented.SegmentedRaftLogWorker (SegmentedRaftLogWorker.java:getFromFuture(90)) - Timeout 5/~
org.apache.ratis.protocol.TimeoutIOException: Timeout 10s: WriteLog:31: (t:1, i:31), STATEMACHINELOGENTRY, client-B7904277824C, cid=281-writeStateMachineData
	at org.apache.ratis.util.IOUtils.getFromFuture(IOUtils.java:87)
	at org.apache.ratis.server.raftlog.segmented.SegmentedRaftLogWorker$StateMachineDataPolicy.getFromFuture(SegmentedRaftLogWorker.java:87)
	at org.apache.ratis.server.raftlog.segmented.SegmentedRaftLogWorker$WriteLog.execute(SegmentedRaftLogWorker.java:477)
	at org.apache.ratis.server.raftlog.segmented.SegmentedRaftLogWorker.run(SegmentedRaftLogWorker.java:289)
	at java.lang.Thread.run(Thread.java:748)
Caused by: java.util.concurrent.TimeoutException
	at java.util.concurrent.CompletableFuture.timedGet(CompletableFuture.java:1771)
	at java.util.concurrent.CompletableFuture.get(CompletableFuture.java:1915)
	at org.apache.ratis.util.IOUtils.getFromFuture(IOUtils.java:79)
	... 4 more
2019-09-17 12:53:53,544 [5e893e0a-56f7-4618-9f46-a6ff48173cb6@group-0E70A92CA2C7-SegmentedRaftLogWorker] WARN  segmented.SegmentedRaftLogWorker (SegmentedRaftLogWorker.java:getFromFuture(90)) - Timeout 5/~
org.apache.ratis.protocol.TimeoutIOException: Timeout 10s: WriteLog:31: (t:1, i:31), STATEMACHINELOGENTRY, client-B7904277824C, cid=281-writeStateMachineData
	at org.apache.ratis.util.IOUtils.getFromFuture(IOUtils.java:87)
	at org.apache.ratis.server.raftlog.segmented.SegmentedRaftLogWorker$StateMachineDataPolicy.getFromFuture(SegmentedRaftLogWorker.java:87)
	at org.apache.ratis.server.raftlog.segmented.SegmentedRaftLogWorker$WriteLog.execute(SegmentedRaftLogWorker.java:477)
	at org.apache.ratis.server.raftlog.segmented.SegmentedRaftLogWorker.run(SegmentedRaftLogWorker.java:289)
	at java.lang.Thread.run(Thread.java:748)
Caused by: java.util.concurrent.TimeoutException
	at java.util.concurrent.CompletableFuture.timedGet(CompletableFuture.java:1771)
	at java.util.concurrent.CompletableFuture.get(CompletableFuture.java:1915)
	at org.apache.ratis.util.IOUtils.getFromFuture(IOUtils.java:79)
	... 4 more
 0.00% |█                                                                                                    |  0/1 Time: 0:01:012019-09-17 12:53:53,958 [grpc-default-executor-5] INFO  client.GrpcClientProtocolClient (GrpcClientProtocolClient.java:onNext(264)) - client-B7904277824C->84ab4d91-000c-4523-9c5f-2c204b5f6601: receive RaftClientReply:client-B7904277824C->84ab4d91-000c-4523-9c5f-2c204b5f6601@group-0E70A92CA2C7, cid=281, FAILED org.apache.ratis.protocol.NotLeaderException: Server 84ab4d91-000c-4523-9c5f-2c204b5f6601@group-0E70A92CA2C7 is not the leader f7ede272-a28a-44e0-9552-15581fc2de04:192.168.5.153:38263, logIndex=0, commits[84ab4d91-000c-4523-9c5f-2c204b5f6601:c30, 5e893e0a-56f7-4618-9f46-a6ff48173cb6:c26, f7ede272-a28a-44e0-9552-15581fc2de04:c30]
2019-09-17 12:53:54,048 [java.util.concurrent.ThreadPoolExecutor$Worker@114f3833[State = -1, empty queue]] WARN  server.GrpcLogAppender (GrpcLogAppender.java:timeoutAppendRequest(200)) - f7ede272-a28a-44e0-9552-15581fc2de04@group-0E70A92CA2C7->84ab4d91-000c-4523-9c5f-2c204b5f6601-GrpcLogAppender: appendEntries Timeout, request=f7ede272-a28a-44e0-9552-15581fc2de04->84ab4d91-000c-4523-9c5f-2c204b5f6601#60-t1, previous=(t:1, i:34), leaderCommit=30, initializing? false, entries: <empty>
2019-09-17 12:53:54,048 [java.util.concurrent.ThreadPoolExecutor$Worker@27773213[State = -1, empty queue]] WARN  server.GrpcLogAppender (GrpcLogAppender.java:timeoutAppendRequest(200)) - f7ede272-a28a-44e0-9552-15581fc2de04@group-0E70A92CA2C7->5e893e0a-56f7-4618-9f46-a6ff48173cb6-GrpcLogAppender: appendEntries Timeout, request=f7ede272-a28a-44e0-9552-15581fc2de04->5e893e0a-56f7-4618-9f46-a6ff48173cb6#60-t1, previous=(t:1, i:34), leaderCommit=30, initializing? false, entries: <empty>
 0.00% |█                                                                                                    |  0/1 Time: 0:01:02 0.00% |█                                                                                                    |  0/1 Time: 0:01:032019-09-17 12:53:56,548 [java.util.concurrent.ThreadPoolExecutor$Worker@27773213[State = -1, empty queue]] WARN  server.GrpcLogAppender (GrpcLogAppender.java:timeoutAppendRequest(200)) - f7ede272-a28a-44e0-9552-15581fc2de04@group-0E70A92CA2C7->5e893e0a-56f7-4618-9f46-a6ff48173cb6-GrpcLogAppender: appendEntries Timeout, request=f7ede272-a28a-44e0-9552-15581fc2de04->5e893e0a-56f7-4618-9f46-a6ff48173cb6#61-t1, previous=(t:1, i:34), leaderCommit=30, initializing? false, entries: <empty>
2019-09-17 12:53:56,548 [java.util.concurrent.ThreadPoolExecutor$Worker@114f3833[State = -1, empty queue]] WARN  server.GrpcLogAppender (GrpcLogAppender.java:timeoutAppendRequest(200)) - f7ede272-a28a-44e0-9552-15581fc2de04@group-0E70A92CA2C7->84ab4d91-000c-4523-9c5f-2c204b5f6601-GrpcLogAppender: appendEntries Timeout, request=f7ede272-a28a-44e0-9552-15581fc2de04->84ab4d91-000c-4523-9c5f-2c204b5f6601#61-t1, previous=(t:1, i:34), leaderCommit=30, initializing? false, entries: <empty>
 0.00% |█                                                                                                    |  0/1 Time: 0:01:04 0.00% |█                                                                                                    |  0/1 Time: 0:01:05 0.00% |█                                                                                                    |  0/1 Time: 0:01:062019-09-17 12:53:59,001 [grpc-default-executor-5] INFO  client.GrpcClientProtocolClient (GrpcClientProtocolClient.java:onNext(264)) - client-B7904277824C->5e893e0a-56f7-4618-9f46-a6ff48173cb6: receive RaftClientReply:client-B7904277824C->5e893e0a-56f7-4618-9f46-a6ff48173cb6@group-0E70A92CA2C7, cid=281, FAILED org.apache.ratis.protocol.NotLeaderException: Server 5e893e0a-56f7-4618-9f46-a6ff48173cb6@group-0E70A92CA2C7 is not the leader f7ede272-a28a-44e0-9552-15581fc2de04:192.168.5.153:38263, logIndex=0, commits[5e893e0a-56f7-4618-9f46-a6ff48173cb6:c30, 84ab4d91-000c-4523-9c5f-2c204b5f6601:c26, f7ede272-a28a-44e0-9552-15581fc2de04:c30]
2019-09-17 12:53:59,049 [java.util.concurrent.ThreadPoolExecutor$Worker@114f3833[State = -1, empty queue]] WARN  server.GrpcLogAppender (GrpcLogAppender.java:timeoutAppendRequest(200)) - f7ede272-a28a-44e0-9552-15581fc2de04@group-0E70A92CA2C7->84ab4d91-000c-4523-9c5f-2c204b5f6601-GrpcLogAppender: appendEntries Timeout, request=f7ede272-a28a-44e0-9552-15581fc2de04->84ab4d91-000c-4523-9c5f-2c204b5f6601#62-t1, previous=(t:1, i:34), leaderCommit=30, initializing? false, entries: <empty>
2019-09-17 12:53:59,049 [java.util.concurrent.ThreadPoolExecutor$Worker@27773213[State = -1, empty queue]] WARN  server.GrpcLogAppender (GrpcLogAppender.java:timeoutAppendRequest(200)) - f7ede272-a28a-44e0-9552-15581fc2de04@group-0E70A92CA2C7->5e893e0a-56f7-4618-9f46-a6ff48173cb6-GrpcLogAppender: appendEntries Timeout, request=f7ede272-a28a-44e0-9552-15581fc2de04->5e893e0a-56f7-4618-9f46-a6ff48173cb6#62-t1, previous=(t:1, i:34), leaderCommit=30, initializing? false, entries: <empty>
 0.00% |█                                                                                                    |  0/1 Time: 0:01:07 0.00% |█                                                                                                    |  0/1 Time: 0:01:082019-09-17 12:54:01,549 [java.util.concurrent.ThreadPoolExecutor$Worker@114f3833[State = -1, empty queue]] WARN  server.GrpcLogAppender (GrpcLogAppender.java:timeoutAppendRequest(200)) - f7ede272-a28a-44e0-9552-15581fc2de04@group-0E70A92CA2C7->84ab4d91-000c-4523-9c5f-2c204b5f6601-GrpcLogAppender: appendEntries Timeout, request=f7ede272-a28a-44e0-9552-15581fc2de04->84ab4d91-000c-4523-9c5f-2c204b5f6601#63-t1, previous=(t:1, i:34), leaderCommit=30, initializing? false, entries: <empty>
2019-09-17 12:54:01,549 [java.util.concurrent.ThreadPoolExecutor$Worker@27773213[State = -1, empty queue]] WARN  server.GrpcLogAppender (GrpcLogAppender.java:timeoutAppendRequest(200)) - f7ede272-a28a-44e0-9552-15581fc2de04@group-0E70A92CA2C7->5e893e0a-56f7-4618-9f46-a6ff48173cb6-GrpcLogAppender: appendEntries Timeout, request=f7ede272-a28a-44e0-9552-15581fc2de04->5e893e0a-56f7-4618-9f46-a6ff48173cb6#63-t1, previous=(t:1, i:34), leaderCommit=30, initializing? false, entries: <empty>
 0.00% |█                                                                                                    |  0/1 Time: 0:01:09 0.00% |█                                                                                                    |  0/1 Time: 0:01:102019-09-17 12:54:03,532 [f7ede272-a28a-44e0-9552-15581fc2de04@group-0E70A92CA2C7-SegmentedRaftLogWorker] WARN  segmented.SegmentedRaftLogWorker (SegmentedRaftLogWorker.java:getFromFuture(90)) - Timeout 6/~
org.apache.ratis.protocol.TimeoutIOException: Timeout 10s: WriteLog:31: (t:1, i:31), STATEMACHINELOGENTRY, client-B7904277824C, cid=281-writeStateMachineData
	at org.apache.ratis.util.IOUtils.getFromFuture(IOUtils.java:87)
	at org.apache.ratis.server.raftlog.segmented.SegmentedRaftLogWorker$StateMachineDataPolicy.getFromFuture(SegmentedRaftLogWorker.java:87)
	at org.apache.ratis.server.raftlog.segmented.SegmentedRaftLogWorker$WriteLog.execute(SegmentedRaftLogWorker.java:477)
	at org.apache.ratis.server.raftlog.segmented.SegmentedRaftLogWorker.run(SegmentedRaftLogWorker.java:289)
	at java.lang.Thread.run(Thread.java:748)
Caused by: java.util.concurrent.TimeoutException
	at java.util.concurrent.CompletableFuture.timedGet(CompletableFuture.java:1771)
	at java.util.concurrent.CompletableFuture.get(CompletableFuture.java:1915)
	at org.apache.ratis.util.IOUtils.getFromFuture(IOUtils.java:79)
	... 4 more
2019-09-17 12:54:03,545 [84ab4d91-000c-4523-9c5f-2c204b5f6601@group-0E70A92CA2C7-SegmentedRaftLogWorker] WARN  segmented.SegmentedRaftLogWorker (SegmentedRaftLogWorker.java:getFromFuture(90)) - Timeout 6/~
org.apache.ratis.protocol.TimeoutIOException: Timeout 10s: WriteLog:31: (t:1, i:31), STATEMACHINELOGENTRY, client-B7904277824C, cid=281-writeStateMachineData
	at org.apache.ratis.util.IOUtils.getFromFuture(IOUtils.java:87)
	at org.apache.ratis.server.raftlog.segmented.SegmentedRaftLogWorker$StateMachineDataPolicy.getFromFuture(SegmentedRaftLogWorker.java:87)
	at org.apache.ratis.server.raftlog.segmented.SegmentedRaftLogWorker$WriteLog.execute(SegmentedRaftLogWorker.java:477)
	at org.apache.ratis.server.raftlog.segmented.SegmentedRaftLogWorker.run(SegmentedRaftLogWorker.java:289)
	at java.lang.Thread.run(Thread.java:748)
Caused by: java.util.concurrent.TimeoutException
	at java.util.concurrent.CompletableFuture.timedGet(CompletableFuture.java:1771)
	at java.util.concurrent.CompletableFuture.get(CompletableFuture.java:1915)
	at org.apache.ratis.util.IOUtils.getFromFuture(IOUtils.java:79)
	... 4 more
2019-09-17 12:54:03,545 [5e893e0a-56f7-4618-9f46-a6ff48173cb6@group-0E70A92CA2C7-SegmentedRaftLogWorker] WARN  segmented.SegmentedRaftLogWorker (SegmentedRaftLogWorker.java:getFromFuture(90)) - Timeout 6/~
org.apache.ratis.protocol.TimeoutIOException: Timeout 10s: WriteLog:31: (t:1, i:31), STATEMACHINELOGENTRY, client-B7904277824C, cid=281-writeStateMachineData
	at org.apache.ratis.util.IOUtils.getFromFuture(IOUtils.java:87)
	at org.apache.ratis.server.raftlog.segmented.SegmentedRaftLogWorker$StateMachineDataPolicy.getFromFuture(SegmentedRaftLogWorker.java:87)
	at org.apache.ratis.server.raftlog.segmented.SegmentedRaftLogWorker$WriteLog.execute(SegmentedRaftLogWorker.java:477)
	at org.apache.ratis.server.raftlog.segmented.SegmentedRaftLogWorker.run(SegmentedRaftLogWorker.java:289)
	at java.lang.Thread.run(Thread.java:748)
Caused by: java.util.concurrent.TimeoutException
	at java.util.concurrent.CompletableFuture.timedGet(CompletableFuture.java:1771)
	at java.util.concurrent.CompletableFuture.get(CompletableFuture.java:1915)
	at org.apache.ratis.util.IOUtils.getFromFuture(IOUtils.java:79)
	... 4 more
 0.00% |█                                                                                                    |  0/1 Time: 0:01:112019-09-17 12:54:04,044 [grpc-default-executor-5] INFO  client.GrpcClientProtocolClient (GrpcClientProtocolClient.java:onNext(264)) - client-B7904277824C->5e893e0a-56f7-4618-9f46-a6ff48173cb6: receive RaftClientReply:client-B7904277824C->5e893e0a-56f7-4618-9f46-a6ff48173cb6@group-0E70A92CA2C7, cid=281, FAILED org.apache.ratis.protocol.NotLeaderException: Server 5e893e0a-56f7-4618-9f46-a6ff48173cb6@group-0E70A92CA2C7 is not the leader f7ede272-a28a-44e0-9552-15581fc2de04:192.168.5.153:38263, logIndex=0, commits[5e893e0a-56f7-4618-9f46-a6ff48173cb6:c30, 84ab4d91-000c-4523-9c5f-2c204b5f6601:c26, f7ede272-a28a-44e0-9552-15581fc2de04:c30]
2019-09-17 12:54:04,050 [java.util.concurrent.ThreadPoolExecutor$Worker@27773213[State = -1, empty queue]] WARN  server.GrpcLogAppender (GrpcLogAppender.java:timeoutAppendRequest(200)) - f7ede272-a28a-44e0-9552-15581fc2de04@group-0E70A92CA2C7->5e893e0a-56f7-4618-9f46-a6ff48173cb6-GrpcLogAppender: appendEntries Timeout, request=f7ede272-a28a-44e0-9552-15581fc2de04->5e893e0a-56f7-4618-9f46-a6ff48173cb6#64-t1, previous=(t:1, i:34), leaderCommit=30, initializing? false, entries: <empty>
2019-09-17 12:54:04,050 [java.util.concurrent.ThreadPoolExecutor$Worker@114f3833[State = -1, empty queue]] WARN  server.GrpcLogAppender (GrpcLogAppender.java:timeoutAppendRequest(200)) - f7ede272-a28a-44e0-9552-15581fc2de04@group-0E70A92CA2C7->84ab4d91-000c-4523-9c5f-2c204b5f6601-GrpcLogAppender: appendEntries Timeout, request=f7ede272-a28a-44e0-9552-15581fc2de04->84ab4d91-000c-4523-9c5f-2c204b5f6601#64-t1, previous=(t:1, i:34), leaderCommit=30, initializing? false, entries: <empty>
 0.00% |█                                                                                                    |  0/1 Time: 0:01:12 0.00% |█                                                                                                    |  0/1 Time: 0:01:132019-09-17 12:54:06,550 [java.util.concurrent.ThreadPoolExecutor$Worker@27773213[State = -1, empty queue]] WARN  server.GrpcLogAppender (GrpcLogAppender.java:timeoutAppendRequest(200)) - f7ede272-a28a-44e0-9552-15581fc2de04@group-0E70A92CA2C7->5e893e0a-56f7-4618-9f46-a6ff48173cb6-GrpcLogAppender: appendEntries Timeout, request=f7ede272-a28a-44e0-9552-15581fc2de04->5e893e0a-56f7-4618-9f46-a6ff48173cb6#65-t1, previous=(t:1, i:34), leaderCommit=30, initializing? false, entries: <empty>
2019-09-17 12:54:06,550 [java.util.concurrent.ThreadPoolExecutor$Worker@114f3833[State = -1, empty queue]] WARN  server.GrpcLogAppender (GrpcLogAppender.java:timeoutAppendRequest(200)) - f7ede272-a28a-44e0-9552-15581fc2de04@group-0E70A92CA2C7->84ab4d91-000c-4523-9c5f-2c204b5f6601-GrpcLogAppender: appendEntries Timeout, request=f7ede272-a28a-44e0-9552-15581fc2de04->84ab4d91-000c-4523-9c5f-2c204b5f6601#65-t1, previous=(t:1, i:34), leaderCommit=30, initializing? false, entries: <empty>
 0.00% |█                                                                                                    |  0/1 Time: 0:01:14 0.00% |█                                                                                                    |  0/1 Time: 0:01:15 0.00% |█                                                                                                    |  0/1 Time: 0:01:162019-09-17 12:54:09,051 [java.util.concurrent.ThreadPoolExecutor$Worker@114f3833[State = -1, empty queue]] WARN  server.GrpcLogAppender (GrpcLogAppender.java:timeoutAppendRequest(200)) - f7ede272-a28a-44e0-9552-15581fc2de04@group-0E70A92CA2C7->84ab4d91-000c-4523-9c5f-2c204b5f6601-GrpcLogAppender: appendEntries Timeout, request=f7ede272-a28a-44e0-9552-15581fc2de04->84ab4d91-000c-4523-9c5f-2c204b5f6601#66-t1, previous=(t:1, i:34), leaderCommit=30, initializing? false, entries: <empty>
2019-09-17 12:54:09,051 [java.util.concurrent.ThreadPoolExecutor$Worker@27773213[State = -1, empty queue]] WARN  server.GrpcLogAppender (GrpcLogAppender.java:timeoutAppendRequest(200)) - f7ede272-a28a-44e0-9552-15581fc2de04@group-0E70A92CA2C7->5e893e0a-56f7-4618-9f46-a6ff48173cb6-GrpcLogAppender: appendEntries Timeout, request=f7ede272-a28a-44e0-9552-15581fc2de04->5e893e0a-56f7-4618-9f46-a6ff48173cb6#66-t1, previous=(t:1, i:34), leaderCommit=30, initializing? false, entries: <empty>
2019-09-17 12:54:09,086 [grpc-default-executor-4] INFO  client.GrpcClientProtocolClient (GrpcClientProtocolClient.java:onNext(264)) - client-B7904277824C->5e893e0a-56f7-4618-9f46-a6ff48173cb6: receive RaftClientReply:client-B7904277824C->5e893e0a-56f7-4618-9f46-a6ff48173cb6@group-0E70A92CA2C7, cid=281, FAILED org.apache.ratis.protocol.NotLeaderException: Server 5e893e0a-56f7-4618-9f46-a6ff48173cb6@group-0E70A92CA2C7 is not the leader f7ede272-a28a-44e0-9552-15581fc2de04:192.168.5.153:38263, logIndex=0, commits[5e893e0a-56f7-4618-9f46-a6ff48173cb6:c30, 84ab4d91-000c-4523-9c5f-2c204b5f6601:c26, f7ede272-a28a-44e0-9552-15581fc2de04:c30]
 0.00% |█                                                                                                    |  0/1 Time: 0:01:17 0.00% |█                                                                                                    |  0/1 Time: 0:01:182019-09-17 12:54:11,551 [java.util.concurrent.ThreadPoolExecutor$Worker@27773213[State = -1, empty queue]] WARN  server.GrpcLogAppender (GrpcLogAppender.java:timeoutAppendRequest(200)) - f7ede272-a28a-44e0-9552-15581fc2de04@group-0E70A92CA2C7->5e893e0a-56f7-4618-9f46-a6ff48173cb6-GrpcLogAppender: appendEntries Timeout, request=f7ede272-a28a-44e0-9552-15581fc2de04->5e893e0a-56f7-4618-9f46-a6ff48173cb6#67-t1, previous=(t:1, i:34), leaderCommit=30, initializing? false, entries: <empty>
2019-09-17 12:54:11,551 [java.util.concurrent.ThreadPoolExecutor$Worker@114f3833[State = -1, empty queue]] WARN  server.GrpcLogAppender (GrpcLogAppender.java:timeoutAppendRequest(200)) - f7ede272-a28a-44e0-9552-15581fc2de04@group-0E70A92CA2C7->84ab4d91-000c-4523-9c5f-2c204b5f6601-GrpcLogAppender: appendEntries Timeout, request=f7ede272-a28a-44e0-9552-15581fc2de04->84ab4d91-000c-4523-9c5f-2c204b5f6601#67-t1, previous=(t:1, i:34), leaderCommit=30, initializing? false, entries: <empty>
 0.00% |█                                                                                                    |  0/1 Time: 0:01:19 0.00% |█                                                                                                    |  0/1 Time: 0:01:202019-09-17 12:54:13,533 [f7ede272-a28a-44e0-9552-15581fc2de04@group-0E70A92CA2C7-SegmentedRaftLogWorker] WARN  segmented.SegmentedRaftLogWorker (SegmentedRaftLogWorker.java:getFromFuture(90)) - Timeout 7/~
org.apache.ratis.protocol.TimeoutIOException: Timeout 10s: WriteLog:31: (t:1, i:31), STATEMACHINELOGENTRY, client-B7904277824C, cid=281-writeStateMachineData
	at org.apache.ratis.util.IOUtils.getFromFuture(IOUtils.java:87)
	at org.apache.ratis.server.raftlog.segmented.SegmentedRaftLogWorker$StateMachineDataPolicy.getFromFuture(SegmentedRaftLogWorker.java:87)
	at org.apache.ratis.server.raftlog.segmented.SegmentedRaftLogWorker$WriteLog.execute(SegmentedRaftLogWorker.java:477)
	at org.apache.ratis.server.raftlog.segmented.SegmentedRaftLogWorker.run(SegmentedRaftLogWorker.java:289)
	at java.lang.Thread.run(Thread.java:748)
Caused by: java.util.concurrent.TimeoutException
	at java.util.concurrent.CompletableFuture.timedGet(CompletableFuture.java:1771)
	at java.util.concurrent.CompletableFuture.get(CompletableFuture.java:1915)
	at org.apache.ratis.util.IOUtils.getFromFuture(IOUtils.java:79)
	... 4 more
2019-09-17 12:54:13,546 [84ab4d91-000c-4523-9c5f-2c204b5f6601@group-0E70A92CA2C7-SegmentedRaftLogWorker] WARN  segmented.SegmentedRaftLogWorker (SegmentedRaftLogWorker.java:getFromFuture(90)) - Timeout 7/~
org.apache.ratis.protocol.TimeoutIOException: Timeout 10s: WriteLog:31: (t:1, i:31), STATEMACHINELOGENTRY, client-B7904277824C, cid=281-writeStateMachineData
	at org.apache.ratis.util.IOUtils.getFromFuture(IOUtils.java:87)
	at org.apache.ratis.server.raftlog.segmented.SegmentedRaftLogWorker$StateMachineDataPolicy.getFromFuture(SegmentedRaftLogWorker.java:87)
	at org.apache.ratis.server.raftlog.segmented.SegmentedRaftLogWorker$WriteLog.execute(SegmentedRaftLogWorker.java:477)
	at org.apache.ratis.server.raftlog.segmented.SegmentedRaftLogWorker.run(SegmentedRaftLogWorker.java:289)
	at java.lang.Thread.run(Thread.java:748)
Caused by: java.util.concurrent.TimeoutException
	at java.util.concurrent.CompletableFuture.timedGet(CompletableFuture.java:1771)
	at java.util.concurrent.CompletableFuture.get(CompletableFuture.java:1915)
	at org.apache.ratis.util.IOUtils.getFromFuture(IOUtils.java:79)
	... 4 more
2019-09-17 12:54:13,546 [5e893e0a-56f7-4618-9f46-a6ff48173cb6@group-0E70A92CA2C7-SegmentedRaftLogWorker] WARN  segmented.SegmentedRaftLogWorker (SegmentedRaftLogWorker.java:getFromFuture(90)) - Timeout 7/~
org.apache.ratis.protocol.TimeoutIOException: Timeout 10s: WriteLog:31: (t:1, i:31), STATEMACHINELOGENTRY, client-B7904277824C, cid=281-writeStateMachineData
	at org.apache.ratis.util.IOUtils.getFromFuture(IOUtils.java:87)
	at org.apache.ratis.server.raftlog.segmented.SegmentedRaftLogWorker$StateMachineDataPolicy.getFromFuture(SegmentedRaftLogWorker.java:87)
	at org.apache.ratis.server.raftlog.segmented.SegmentedRaftLogWorker$WriteLog.execute(SegmentedRaftLogWorker.java:477)
	at org.apache.ratis.server.raftlog.segmented.SegmentedRaftLogWorker.run(SegmentedRaftLogWorker.java:289)
	at java.lang.Thread.run(Thread.java:748)
Caused by: java.util.concurrent.TimeoutException
	at java.util.concurrent.CompletableFuture.timedGet(CompletableFuture.java:1771)
	at java.util.concurrent.CompletableFuture.get(CompletableFuture.java:1915)
	at org.apache.ratis.util.IOUtils.getFromFuture(IOUtils.java:79)
	... 4 more
 0.00% |█                                                                                                    |  0/1 Time: 0:01:212019-09-17 12:54:14,052 [java.util.concurrent.ThreadPoolExecutor$Worker@114f3833[State = -1, empty queue]] WARN  server.GrpcLogAppender (GrpcLogAppender.java:timeoutAppendRequest(200)) - f7ede272-a28a-44e0-9552-15581fc2de04@group-0E70A92CA2C7->84ab4d91-000c-4523-9c5f-2c204b5f6601-GrpcLogAppender: appendEntries Timeout, request=f7ede272-a28a-44e0-9552-15581fc2de04->84ab4d91-000c-4523-9c5f-2c204b5f6601#68-t1, previous=(t:1, i:34), leaderCommit=30, initializing? false, entries: <empty>
2019-09-17 12:54:14,052 [java.util.concurrent.ThreadPoolExecutor$Worker@27773213[State = -1, empty queue]] WARN  server.GrpcLogAppender (GrpcLogAppender.java:timeoutAppendRequest(200)) - f7ede272-a28a-44e0-9552-15581fc2de04@group-0E70A92CA2C7->5e893e0a-56f7-4618-9f46-a6ff48173cb6-GrpcLogAppender: appendEntries Timeout, request=f7ede272-a28a-44e0-9552-15581fc2de04->5e893e0a-56f7-4618-9f46-a6ff48173cb6#68-t1, previous=(t:1, i:34), leaderCommit=30, initializing? false, entries: <empty>
2019-09-17 12:54:14,119 [grpc-default-executor-5] INFO  client.GrpcClientProtocolClient (GrpcClientProtocolClient.java:onNext(264)) - client-B7904277824C->5e893e0a-56f7-4618-9f46-a6ff48173cb6: receive RaftClientReply:client-B7904277824C->5e893e0a-56f7-4618-9f46-a6ff48173cb6@group-0E70A92CA2C7, cid=281, FAILED org.apache.ratis.protocol.NotLeaderException: Server 5e893e0a-56f7-4618-9f46-a6ff48173cb6@group-0E70A92CA2C7 is not the leader f7ede272-a28a-44e0-9552-15581fc2de04:192.168.5.153:38263, logIndex=0, commits[5e893e0a-56f7-4618-9f46-a6ff48173cb6:c30, 84ab4d91-000c-4523-9c5f-2c204b5f6601:c26, f7ede272-a28a-44e0-9552-15581fc2de04:c30]
 0.00% |█                                                                                                    |  0/1 Time: 0:01:22 0.00% |█                                                                                                    |  0/1 Time: 0:01:232019-09-17 12:54:16,552 [java.util.concurrent.ThreadPoolExecutor$Worker@27773213[State = -1, empty queue]] WARN  server.GrpcLogAppender (GrpcLogAppender.java:timeoutAppendRequest(200)) - f7ede272-a28a-44e0-9552-15581fc2de04@group-0E70A92CA2C7->5e893e0a-56f7-4618-9f46-a6ff48173cb6-GrpcLogAppender: appendEntries Timeout, request=f7ede272-a28a-44e0-9552-15581fc2de04->5e893e0a-56f7-4618-9f46-a6ff48173cb6#69-t1, previous=(t:1, i:34), leaderCommit=30, initializing? false, entries: <empty>
2019-09-17 12:54:16,552 [java.util.concurrent.ThreadPoolExecutor$Worker@114f3833[State = -1, empty queue]] WARN  server.GrpcLogAppender (GrpcLogAppender.java:timeoutAppendRequest(200)) - f7ede272-a28a-44e0-9552-15581fc2de04@group-0E70A92CA2C7->84ab4d91-000c-4523-9c5f-2c204b5f6601-GrpcLogAppender: appendEntries Timeout, request=f7ede272-a28a-44e0-9552-15581fc2de04->84ab4d91-000c-4523-9c5f-2c204b5f6601#69-t1, previous=(t:1, i:34), leaderCommit=30, initializing? false, entries: <empty>
 0.00% |█                                                                                                    |  0/1 Time: 0:01:24 0.00% |█                                                                                                    |  0/1 Time: 0:01:25 0.00% |█                                                                                                    |  0/1 Time: 0:01:262019-09-17 12:54:19,052 [java.util.concurrent.ThreadPoolExecutor$Worker@114f3833[State = -1, empty queue]] WARN  server.GrpcLogAppender (GrpcLogAppender.java:timeoutAppendRequest(200)) - f7ede272-a28a-44e0-9552-15581fc2de04@group-0E70A92CA2C7->84ab4d91-000c-4523-9c5f-2c204b5f6601-GrpcLogAppender: appendEntries Timeout, request=f7ede272-a28a-44e0-9552-15581fc2de04->84ab4d91-000c-4523-9c5f-2c204b5f6601#70-t1, previous=(t:1, i:34), leaderCommit=30, initializing? false, entries: <empty>
2019-09-17 12:54:19,052 [java.util.concurrent.ThreadPoolExecutor$Worker@27773213[State = -1, empty queue]] WARN  server.GrpcLogAppender (GrpcLogAppender.java:timeoutAppendRequest(200)) - f7ede272-a28a-44e0-9552-15581fc2de04@group-0E70A92CA2C7->5e893e0a-56f7-4618-9f46-a6ff48173cb6-GrpcLogAppender: appendEntries Timeout, request=f7ede272-a28a-44e0-9552-15581fc2de04->5e893e0a-56f7-4618-9f46-a6ff48173cb6#70-t1, previous=(t:1, i:34), leaderCommit=30, initializing? false, entries: <empty>
2019-09-17 12:54:19,146 [grpc-default-executor-7] INFO  client.GrpcClientProtocolClient (GrpcClientProtocolClient.java:onNext(264)) - client-B7904277824C->5e893e0a-56f7-4618-9f46-a6ff48173cb6: receive RaftClientReply:client-B7904277824C->5e893e0a-56f7-4618-9f46-a6ff48173cb6@group-0E70A92CA2C7, cid=281, FAILED org.apache.ratis.protocol.NotLeaderException: Server 5e893e0a-56f7-4618-9f46-a6ff48173cb6@group-0E70A92CA2C7 is not the leader f7ede272-a28a-44e0-9552-15581fc2de04:192.168.5.153:38263, logIndex=0, commits[5e893e0a-56f7-4618-9f46-a6ff48173cb6:c30, 84ab4d91-000c-4523-9c5f-2c204b5f6601:c26, f7ede272-a28a-44e0-9552-15581fc2de04:c30]
 0.00% |█                                                                                                    |  0/1 Time: 0:01:27 0.00% |█                                                                                                    |  0/1 Time: 0:01:282019-09-17 12:54:21,553 [java.util.concurrent.ThreadPoolExecutor$Worker@27773213[State = -1, empty queue]] WARN  server.GrpcLogAppender (GrpcLogAppender.java:timeoutAppendRequest(200)) - f7ede272-a28a-44e0-9552-15581fc2de04@group-0E70A92CA2C7->5e893e0a-56f7-4618-9f46-a6ff48173cb6-GrpcLogAppender: appendEntries Timeout, request=f7ede272-a28a-44e0-9552-15581fc2de04->5e893e0a-56f7-4618-9f46-a6ff48173cb6#71-t1, previous=(t:1, i:34), leaderCommit=30, initializing? false, entries: <empty>
2019-09-17 12:54:21,553 [java.util.concurrent.ThreadPoolExecutor$Worker@114f3833[State = -1, empty queue]] WARN  server.GrpcLogAppender (GrpcLogAppender.java:timeoutAppendRequest(200)) - f7ede272-a28a-44e0-9552-15581fc2de04@group-0E70A92CA2C7->84ab4d91-000c-4523-9c5f-2c204b5f6601-GrpcLogAppender: appendEntries Timeout, request=f7ede272-a28a-44e0-9552-15581fc2de04->84ab4d91-000c-4523-9c5f-2c204b5f6601#71-t1, previous=(t:1, i:34), leaderCommit=30, initializing? false, entries: <empty>
 0.00% |█                                                                                                    |  0/1 Time: 0:01:29 0.00% |█                                                                                                    |  0/1 Time: 0:01:302019-09-17 12:54:23,535 [f7ede272-a28a-44e0-9552-15581fc2de04@group-0E70A92CA2C7-SegmentedRaftLogWorker] WARN  segmented.SegmentedRaftLogWorker (SegmentedRaftLogWorker.java:getFromFuture(90)) - Timeout 8/~
org.apache.ratis.protocol.TimeoutIOException: Timeout 10s: WriteLog:31: (t:1, i:31), STATEMACHINELOGENTRY, client-B7904277824C, cid=281-writeStateMachineData
	at org.apache.ratis.util.IOUtils.getFromFuture(IOUtils.java:87)
	at org.apache.ratis.server.raftlog.segmented.SegmentedRaftLogWorker$StateMachineDataPolicy.getFromFuture(SegmentedRaftLogWorker.java:87)
	at org.apache.ratis.server.raftlog.segmented.SegmentedRaftLogWorker$WriteLog.execute(SegmentedRaftLogWorker.java:477)
	at org.apache.ratis.server.raftlog.segmented.SegmentedRaftLogWorker.run(SegmentedRaftLogWorker.java:289)
	at java.lang.Thread.run(Thread.java:748)
Caused by: java.util.concurrent.TimeoutException
	at java.util.concurrent.CompletableFuture.timedGet(CompletableFuture.java:1771)
	at java.util.concurrent.CompletableFuture.get(CompletableFuture.java:1915)
	at org.apache.ratis.util.IOUtils.getFromFuture(IOUtils.java:79)
	... 4 more
2019-09-17 12:54:23,546 [84ab4d91-000c-4523-9c5f-2c204b5f6601@group-0E70A92CA2C7-SegmentedRaftLogWorker] WARN  segmented.SegmentedRaftLogWorker (SegmentedRaftLogWorker.java:getFromFuture(90)) - Timeout 8/~
org.apache.ratis.protocol.TimeoutIOException: Timeout 10s: WriteLog:31: (t:1, i:31), STATEMACHINELOGENTRY, client-B7904277824C, cid=281-writeStateMachineData
	at org.apache.ratis.util.IOUtils.getFromFuture(IOUtils.java:87)
	at org.apache.ratis.server.raftlog.segmented.SegmentedRaftLogWorker$StateMachineDataPolicy.getFromFuture(SegmentedRaftLogWorker.java:87)
	at org.apache.ratis.server.raftlog.segmented.SegmentedRaftLogWorker$WriteLog.execute(SegmentedRaftLogWorker.java:477)
	at org.apache.ratis.server.raftlog.segmented.SegmentedRaftLogWorker.run(SegmentedRaftLogWorker.java:289)
	at java.lang.Thread.run(Thread.java:748)
Caused by: java.util.concurrent.TimeoutException
	at java.util.concurrent.CompletableFuture.timedGet(CompletableFuture.java:1771)
	at java.util.concurrent.CompletableFuture.get(CompletableFuture.java:1915)
	at org.apache.ratis.util.IOUtils.getFromFuture(IOUtils.java:79)
	... 4 more
2019-09-17 12:54:23,547 [5e893e0a-56f7-4618-9f46-a6ff48173cb6@group-0E70A92CA2C7-SegmentedRaftLogWorker] WARN  segmented.SegmentedRaftLogWorker (SegmentedRaftLogWorker.java:getFromFuture(90)) - Timeout 8/~
org.apache.ratis.protocol.TimeoutIOException: Timeout 10s: WriteLog:31: (t:1, i:31), STATEMACHINELOGENTRY, client-B7904277824C, cid=281-writeStateMachineData
	at org.apache.ratis.util.IOUtils.getFromFuture(IOUtils.java:87)
	at org.apache.ratis.server.raftlog.segmented.SegmentedRaftLogWorker$StateMachineDataPolicy.getFromFuture(SegmentedRaftLogWorker.java:87)
	at org.apache.ratis.server.raftlog.segmented.SegmentedRaftLogWorker$WriteLog.execute(SegmentedRaftLogWorker.java:477)
	at org.apache.ratis.server.raftlog.segmented.SegmentedRaftLogWorker.run(SegmentedRaftLogWorker.java:289)
	at java.lang.Thread.run(Thread.java:748)
Caused by: java.util.concurrent.TimeoutException
	at java.util.concurrent.CompletableFuture.timedGet(CompletableFuture.java:1771)
	at java.util.concurrent.CompletableFuture.get(CompletableFuture.java:1915)
	at org.apache.ratis.util.IOUtils.getFromFuture(IOUtils.java:79)
	... 4 more
 0.00% |█                                                                                                    |  0/1 Time: 0:01:312019-09-17 12:54:24,053 [java.util.concurrent.ThreadPoolExecutor$Worker@27773213[State = -1, empty queue]] WARN  server.GrpcLogAppender (GrpcLogAppender.java:timeoutAppendRequest(200)) - f7ede272-a28a-44e0-9552-15581fc2de04@group-0E70A92CA2C7->5e893e0a-56f7-4618-9f46-a6ff48173cb6-GrpcLogAppender: appendEntries Timeout, request=f7ede272-a28a-44e0-9552-15581fc2de04->5e893e0a-56f7-4618-9f46-a6ff48173cb6#72-t1, previous=(t:1, i:34), leaderCommit=30, initializing? false, entries: <empty>
2019-09-17 12:54:24,053 [java.util.concurrent.ThreadPoolExecutor$Worker@114f3833[State = -1, empty queue]] WARN  server.GrpcLogAppender (GrpcLogAppender.java:timeoutAppendRequest(200)) - f7ede272-a28a-44e0-9552-15581fc2de04@group-0E70A92CA2C7->84ab4d91-000c-4523-9c5f-2c204b5f6601-GrpcLogAppender: appendEntries Timeout, request=f7ede272-a28a-44e0-9552-15581fc2de04->84ab4d91-000c-4523-9c5f-2c204b5f6601#72-t1, previous=(t:1, i:34), leaderCommit=30, initializing? false, entries: <empty>
2019-09-17 12:54:24,189 [grpc-default-executor-5] INFO  client.GrpcClientProtocolClient (GrpcClientProtocolClient.java:onNext(264)) - client-B7904277824C->5e893e0a-56f7-4618-9f46-a6ff48173cb6: receive RaftClientReply:client-B7904277824C->5e893e0a-56f7-4618-9f46-a6ff48173cb6@group-0E70A92CA2C7, cid=281, FAILED org.apache.ratis.protocol.NotLeaderException: Server 5e893e0a-56f7-4618-9f46-a6ff48173cb6@group-0E70A92CA2C7 is not the leader f7ede272-a28a-44e0-9552-15581fc2de04:192.168.5.153:38263, logIndex=0, commits[5e893e0a-56f7-4618-9f46-a6ff48173cb6:c30, 84ab4d91-000c-4523-9c5f-2c204b5f6601:c26, f7ede272-a28a-44e0-9552-15581fc2de04:c30]
 0.00% |█                                                                                                    |  0/1 Time: 0:01:32 0.00% |█                                                                                                    |  0/1 Time: 0:01:332019-09-17 12:54:26,554 [java.util.concurrent.ThreadPoolExecutor$Worker@27773213[State = -1, empty queue]] WARN  server.GrpcLogAppender (GrpcLogAppender.java:timeoutAppendRequest(200)) - f7ede272-a28a-44e0-9552-15581fc2de04@group-0E70A92CA2C7->5e893e0a-56f7-4618-9f46-a6ff48173cb6-GrpcLogAppender: appendEntries Timeout, request=f7ede272-a28a-44e0-9552-15581fc2de04->5e893e0a-56f7-4618-9f46-a6ff48173cb6#73-t1, previous=(t:1, i:34), leaderCommit=30, initializing? false, entries: <empty>
2019-09-17 12:54:26,554 [java.util.concurrent.ThreadPoolExecutor$Worker@114f3833[State = -1, empty queue]] WARN  server.GrpcLogAppender (GrpcLogAppender.java:timeoutAppendRequest(200)) - f7ede272-a28a-44e0-9552-15581fc2de04@group-0E70A92CA2C7->84ab4d91-000c-4523-9c5f-2c204b5f6601-GrpcLogAppender: appendEntries Timeout, request=f7ede272-a28a-44e0-9552-15581fc2de04->84ab4d91-000c-4523-9c5f-2c204b5f6601#73-t1, previous=(t:1, i:34), leaderCommit=30, initializing? false, entries: <empty>
 0.00% |█                                                                                                    |  0/1 Time: 0:01:34 0.00% |█                                                                                                    |  0/1 Time: 0:01:35 0.00% |█                                                                                                    |  0/1 Time: 0:01:362019-09-17 12:54:29,055 [java.util.concurrent.ThreadPoolExecutor$Worker@27773213[State = -1, empty queue]] WARN  server.GrpcLogAppender (GrpcLogAppender.java:timeoutAppendRequest(200)) - f7ede272-a28a-44e0-9552-15581fc2de04@group-0E70A92CA2C7->5e893e0a-56f7-4618-9f46-a6ff48173cb6-GrpcLogAppender: appendEntries Timeout, request=f7ede272-a28a-44e0-9552-15581fc2de04->5e893e0a-56f7-4618-9f46-a6ff48173cb6#74-t1, previous=(t:1, i:34), leaderCommit=30, initializing? false, entries: <empty>
2019-09-17 12:54:29,055 [java.util.concurrent.ThreadPoolExecutor$Worker@114f3833[State = -1, empty queue]] WARN  server.GrpcLogAppender (GrpcLogAppender.java:timeoutAppendRequest(200)) - f7ede272-a28a-44e0-9552-15581fc2de04@group-0E70A92CA2C7->84ab4d91-000c-4523-9c5f-2c204b5f6601-GrpcLogAppender: appendEntries Timeout, request=f7ede272-a28a-44e0-9552-15581fc2de04->84ab4d91-000c-4523-9c5f-2c204b5f6601#74-t1, previous=(t:1, i:34), leaderCommit=30, initializing? false, entries: <empty>
2019-09-17 12:54:29,226 [grpc-default-executor-5] INFO  client.GrpcClientProtocolClient (GrpcClientProtocolClient.java:onNext(264)) - client-B7904277824C->5e893e0a-56f7-4618-9f46-a6ff48173cb6: receive RaftClientReply:client-B7904277824C->5e893e0a-56f7-4618-9f46-a6ff48173cb6@group-0E70A92CA2C7, cid=281, FAILED org.apache.ratis.protocol.NotLeaderException: Server 5e893e0a-56f7-4618-9f46-a6ff48173cb6@group-0E70A92CA2C7 is not the leader f7ede272-a28a-44e0-9552-15581fc2de04:192.168.5.153:38263, logIndex=0, commits[5e893e0a-56f7-4618-9f46-a6ff48173cb6:c30, 84ab4d91-000c-4523-9c5f-2c204b5f6601:c26, f7ede272-a28a-44e0-9552-15581fc2de04:c30]
 0.00% |█                                                                                                    |  0/1 Time: 0:01:37 0.00% |█                                                                                                    |  0/1 Time: 0:01:382019-09-17 12:54:31,556 [java.util.concurrent.ThreadPoolExecutor$Worker@27773213[State = -1, empty queue]] WARN  server.GrpcLogAppender (GrpcLogAppender.java:timeoutAppendRequest(200)) - f7ede272-a28a-44e0-9552-15581fc2de04@group-0E70A92CA2C7->5e893e0a-56f7-4618-9f46-a6ff48173cb6-GrpcLogAppender: appendEntries Timeout, request=f7ede272-a28a-44e0-9552-15581fc2de04->5e893e0a-56f7-4618-9f46-a6ff48173cb6#75-t1, previous=(t:1, i:34), leaderCommit=30, initializing? false, entries: <empty>
2019-09-17 12:54:31,556 [java.util.concurrent.ThreadPoolExecutor$Worker@114f3833[State = -1, empty queue]] WARN  server.GrpcLogAppender (GrpcLogAppender.java:timeoutAppendRequest(200)) - f7ede272-a28a-44e0-9552-15581fc2de04@group-0E70A92CA2C7->84ab4d91-000c-4523-9c5f-2c204b5f6601-GrpcLogAppender: appendEntries Timeout, request=f7ede272-a28a-44e0-9552-15581fc2de04->84ab4d91-000c-4523-9c5f-2c204b5f6601#75-t1, previous=(t:1, i:34), leaderCommit=30, initializing? false, entries: <empty>
 0.00% |█                                                                                                    |  0/1 Time: 0:01:39 0.00% |█                                                                                                    |  0/1 Time: 0:01:402019-09-17 12:54:33,536 [f7ede272-a28a-44e0-9552-15581fc2de04@group-0E70A92CA2C7-SegmentedRaftLogWorker] WARN  segmented.SegmentedRaftLogWorker (SegmentedRaftLogWorker.java:getFromFuture(90)) - Timeout 9/~
org.apache.ratis.protocol.TimeoutIOException: Timeout 10s: WriteLog:31: (t:1, i:31), STATEMACHINELOGENTRY, client-B7904277824C, cid=281-writeStateMachineData
	at org.apache.ratis.util.IOUtils.getFromFuture(IOUtils.java:87)
	at org.apache.ratis.server.raftlog.segmented.SegmentedRaftLogWorker$StateMachineDataPolicy.getFromFuture(SegmentedRaftLogWorker.java:87)
	at org.apache.ratis.server.raftlog.segmented.SegmentedRaftLogWorker$WriteLog.execute(SegmentedRaftLogWorker.java:477)
	at org.apache.ratis.server.raftlog.segmented.SegmentedRaftLogWorker.run(SegmentedRaftLogWorker.java:289)
	at java.lang.Thread.run(Thread.java:748)
Caused by: java.util.concurrent.TimeoutException
	at java.util.concurrent.CompletableFuture.timedGet(CompletableFuture.java:1771)
	at java.util.concurrent.CompletableFuture.get(CompletableFuture.java:1915)
	at org.apache.ratis.util.IOUtils.getFromFuture(IOUtils.java:79)
	... 4 more
2019-09-17 12:54:33,547 [84ab4d91-000c-4523-9c5f-2c204b5f6601@group-0E70A92CA2C7-SegmentedRaftLogWorker] WARN  segmented.SegmentedRaftLogWorker (SegmentedRaftLogWorker.java:getFromFuture(90)) - Timeout 9/~
org.apache.ratis.protocol.TimeoutIOException: Timeout 10s: WriteLog:31: (t:1, i:31), STATEMACHINELOGENTRY, client-B7904277824C, cid=281-writeStateMachineData
	at org.apache.ratis.util.IOUtils.getFromFuture(IOUtils.java:87)
	at org.apache.ratis.server.raftlog.segmented.SegmentedRaftLogWorker$StateMachineDataPolicy.getFromFuture(SegmentedRaftLogWorker.java:87)
	at org.apache.ratis.server.raftlog.segmented.SegmentedRaftLogWorker$WriteLog.execute(SegmentedRaftLogWorker.java:477)
	at org.apache.ratis.server.raftlog.segmented.SegmentedRaftLogWorker.run(SegmentedRaftLogWorker.java:289)
	at java.lang.Thread.run(Thread.java:748)
Caused by: java.util.concurrent.TimeoutException
	at java.util.concurrent.CompletableFuture.timedGet(CompletableFuture.java:1771)
	at java.util.concurrent.CompletableFuture.get(CompletableFuture.java:1915)
	at org.apache.ratis.util.IOUtils.getFromFuture(IOUtils.java:79)
	... 4 more
2019-09-17 12:54:33,548 [5e893e0a-56f7-4618-9f46-a6ff48173cb6@group-0E70A92CA2C7-SegmentedRaftLogWorker] WARN  segmented.SegmentedRaftLogWorker (SegmentedRaftLogWorker.java:getFromFuture(90)) - Timeout 9/~
org.apache.ratis.protocol.TimeoutIOException: Timeout 10s: WriteLog:31: (t:1, i:31), STATEMACHINELOGENTRY, client-B7904277824C, cid=281-writeStateMachineData
	at org.apache.ratis.util.IOUtils.getFromFuture(IOUtils.java:87)
	at org.apache.ratis.server.raftlog.segmented.SegmentedRaftLogWorker$StateMachineDataPolicy.getFromFuture(SegmentedRaftLogWorker.java:87)
	at org.apache.ratis.server.raftlog.segmented.SegmentedRaftLogWorker$WriteLog.execute(SegmentedRaftLogWorker.java:477)
	at org.apache.ratis.server.raftlog.segmented.SegmentedRaftLogWorker.run(SegmentedRaftLogWorker.java:289)
	at java.lang.Thread.run(Thread.java:748)
Caused by: java.util.concurrent.TimeoutException
	at java.util.concurrent.CompletableFuture.timedGet(CompletableFuture.java:1771)
	at java.util.concurrent.CompletableFuture.get(CompletableFuture.java:1915)
	at org.apache.ratis.util.IOUtils.getFromFuture(IOUtils.java:79)
	... 4 more
 0.00% |█                                                                                                    |  0/1 Time: 0:01:412019-09-17 12:54:34,056 [java.util.concurrent.ThreadPoolExecutor$Worker@27773213[State = -1, empty queue]] WARN  server.GrpcLogAppender (GrpcLogAppender.java:timeoutAppendRequest(200)) - f7ede272-a28a-44e0-9552-15581fc2de04@group-0E70A92CA2C7->5e893e0a-56f7-4618-9f46-a6ff48173cb6-GrpcLogAppender: appendEntries Timeout, request=f7ede272-a28a-44e0-9552-15581fc2de04->5e893e0a-56f7-4618-9f46-a6ff48173cb6#76-t1, previous=(t:1, i:34), leaderCommit=30, initializing? false, entries: <empty>
2019-09-17 12:54:34,056 [java.util.concurrent.ThreadPoolExecutor$Worker@114f3833[State = -1, empty queue]] WARN  server.GrpcLogAppender (GrpcLogAppender.java:timeoutAppendRequest(200)) - f7ede272-a28a-44e0-9552-15581fc2de04@group-0E70A92CA2C7->84ab4d91-000c-4523-9c5f-2c204b5f6601-GrpcLogAppender: appendEntries Timeout, request=f7ede272-a28a-44e0-9552-15581fc2de04->84ab4d91-000c-4523-9c5f-2c204b5f6601#76-t1, previous=(t:1, i:34), leaderCommit=30, initializing? false, entries: <empty>
2019-09-17 12:54:34,251 [grpc-default-executor-7] INFO  client.GrpcClientProtocolClient (GrpcClientProtocolClient.java:onNext(264)) - client-B7904277824C->84ab4d91-000c-4523-9c5f-2c204b5f6601: receive RaftClientReply:client-B7904277824C->84ab4d91-000c-4523-9c5f-2c204b5f6601@group-0E70A92CA2C7, cid=281, FAILED org.apache.ratis.protocol.NotLeaderException: Server 84ab4d91-000c-4523-9c5f-2c204b5f6601@group-0E70A92CA2C7 is not the leader f7ede272-a28a-44e0-9552-15581fc2de04:192.168.5.153:38263, logIndex=0, commits[84ab4d91-000c-4523-9c5f-2c204b5f6601:c30, 5e893e0a-56f7-4618-9f46-a6ff48173cb6:c26, f7ede272-a28a-44e0-9552-15581fc2de04:c30]
 0.00% |█                                                                                                    |  0/1 Time: 0:01:42 0.00% |█                                                                                                    |  0/1 Time: 0:01:432019-09-17 12:54:36,556 [java.util.concurrent.ThreadPoolExecutor$Worker@114f3833[State = -1, empty queue]] WARN  server.GrpcLogAppender (GrpcLogAppender.java:timeoutAppendRequest(200)) - f7ede272-a28a-44e0-9552-15581fc2de04@group-0E70A92CA2C7->84ab4d91-000c-4523-9c5f-2c204b5f6601-GrpcLogAppender: appendEntries Timeout, request=f7ede272-a28a-44e0-9552-15581fc2de04->84ab4d91-000c-4523-9c5f-2c204b5f6601#77-t1, previous=(t:1, i:34), leaderCommit=30, initializing? false, entries: <empty>
2019-09-17 12:54:36,556 [java.util.concurrent.ThreadPoolExecutor$Worker@27773213[State = -1, empty queue]] WARN  server.GrpcLogAppender (GrpcLogAppender.java:timeoutAppendRequest(200)) - f7ede272-a28a-44e0-9552-15581fc2de04@group-0E70A92CA2C7->5e893e0a-56f7-4618-9f46-a6ff48173cb6-GrpcLogAppender: appendEntries Timeout, request=f7ede272-a28a-44e0-9552-15581fc2de04->5e893e0a-56f7-4618-9f46-a6ff48173cb6#77-t1, previous=(t:1, i:34), leaderCommit=30, initializing? false, entries: <empty>
 0.00% |█                                                                                                    |  0/1 Time: 0:01:44 0.00% |█                                                                                                    |  0/1 Time: 0:01:45 0.00% |█                                                                                                    |  0/1 Time: 0:01:462019-09-17 12:54:39,056 [java.util.concurrent.ThreadPoolExecutor$Worker@27773213[State = -1, empty queue]] WARN  server.GrpcLogAppender (GrpcLogAppender.java:timeoutAppendRequest(200)) - f7ede272-a28a-44e0-9552-15581fc2de04@group-0E70A92CA2C7->5e893e0a-56f7-4618-9f46-a6ff48173cb6-GrpcLogAppender: appendEntries Timeout, request=f7ede272-a28a-44e0-9552-15581fc2de04->5e893e0a-56f7-4618-9f46-a6ff48173cb6#78-t1, previous=(t:1, i:34), leaderCommit=30, initializing? false, entries: <empty>
2019-09-17 12:54:39,056 [java.util.concurrent.ThreadPoolExecutor$Worker@114f3833[State = -1, empty queue]] WARN  server.GrpcLogAppender (GrpcLogAppender.java:timeoutAppendRequest(200)) - f7ede272-a28a-44e0-9552-15581fc2de04@group-0E70A92CA2C7->84ab4d91-000c-4523-9c5f-2c204b5f6601-GrpcLogAppender: appendEntries Timeout, request=f7ede272-a28a-44e0-9552-15581fc2de04->84ab4d91-000c-4523-9c5f-2c204b5f6601#78-t1, previous=(t:1, i:34), leaderCommit=30, initializing? false, entries: <empty>
2019-09-17 12:54:39,274 [grpc-default-executor-4] INFO  client.GrpcClientProtocolClient (GrpcClientProtocolClient.java:onNext(264)) - client-B7904277824C->84ab4d91-000c-4523-9c5f-2c204b5f6601: receive RaftClientReply:client-B7904277824C->84ab4d91-000c-4523-9c5f-2c204b5f6601@group-0E70A92CA2C7, cid=281, FAILED org.apache.ratis.protocol.NotLeaderException: Server 84ab4d91-000c-4523-9c5f-2c204b5f6601@group-0E70A92CA2C7 is not the leader f7ede272-a28a-44e0-9552-15581fc2de04:192.168.5.153:38263, logIndex=0, commits[84ab4d91-000c-4523-9c5f-2c204b5f6601:c30, 5e893e0a-56f7-4618-9f46-a6ff48173cb6:c26, f7ede272-a28a-44e0-9552-15581fc2de04:c30]
 0.00% |█                                                                                                    |  0/1 Time: 0:01:47 0.00% |█                                                                                                    |  0/1 Time: 0:01:482019-09-17 12:54:41,557 [java.util.concurrent.ThreadPoolExecutor$Worker@27773213[State = -1, empty queue]] WARN  server.GrpcLogAppender (GrpcLogAppender.java:timeoutAppendRequest(200)) - f7ede272-a28a-44e0-9552-15581fc2de04@group-0E70A92CA2C7->5e893e0a-56f7-4618-9f46-a6ff48173cb6-GrpcLogAppender: appendEntries Timeout, request=f7ede272-a28a-44e0-9552-15581fc2de04->5e893e0a-56f7-4618-9f46-a6ff48173cb6#79-t1, previous=(t:1, i:34), leaderCommit=30, initializing? false, entries: <empty>
2019-09-17 12:54:41,557 [java.util.concurrent.ThreadPoolExecutor$Worker@114f3833[State = -1, empty queue]] WARN  server.GrpcLogAppender (GrpcLogAppender.java:timeoutAppendRequest(200)) - f7ede272-a28a-44e0-9552-15581fc2de04@group-0E70A92CA2C7->84ab4d91-000c-4523-9c5f-2c204b5f6601-GrpcLogAppender: appendEntries Timeout, request=f7ede272-a28a-44e0-9552-15581fc2de04->84ab4d91-000c-4523-9c5f-2c204b5f6601#79-t1, previous=(t:1, i:34), leaderCommit=30, initializing? false, entries: <empty>
 0.00% |█                                                                                                    |  0/1 Time: 0:01:49 0.00% |█                                                                                                    |  0/1 Time: 0:01:502019-09-17 12:54:43,537 [f7ede272-a28a-44e0-9552-15581fc2de04@group-0E70A92CA2C7-SegmentedRaftLogWorker] WARN  segmented.SegmentedRaftLogWorker (SegmentedRaftLogWorker.java:getFromFuture(90)) - Timeout 10/~
org.apache.ratis.protocol.TimeoutIOException: Timeout 10s: WriteLog:31: (t:1, i:31), STATEMACHINELOGENTRY, client-B7904277824C, cid=281-writeStateMachineData
	at org.apache.ratis.util.IOUtils.getFromFuture(IOUtils.java:87)
	at org.apache.ratis.server.raftlog.segmented.SegmentedRaftLogWorker$StateMachineDataPolicy.getFromFuture(SegmentedRaftLogWorker.java:87)
	at org.apache.ratis.server.raftlog.segmented.SegmentedRaftLogWorker$WriteLog.execute(SegmentedRaftLogWorker.java:477)
	at org.apache.ratis.server.raftlog.segmented.SegmentedRaftLogWorker.run(SegmentedRaftLogWorker.java:289)
	at java.lang.Thread.run(Thread.java:748)
Caused by: java.util.concurrent.TimeoutException
	at java.util.concurrent.CompletableFuture.timedGet(CompletableFuture.java:1771)
	at java.util.concurrent.CompletableFuture.get(CompletableFuture.java:1915)
	at org.apache.ratis.util.IOUtils.getFromFuture(IOUtils.java:79)
	... 4 more
2019-09-17 12:54:43,548 [84ab4d91-000c-4523-9c5f-2c204b5f6601@group-0E70A92CA2C7-SegmentedRaftLogWorker] WARN  segmented.SegmentedRaftLogWorker (SegmentedRaftLogWorker.java:getFromFuture(90)) - Timeout 10/~
org.apache.ratis.protocol.TimeoutIOException: Timeout 10s: WriteLog:31: (t:1, i:31), STATEMACHINELOGENTRY, client-B7904277824C, cid=281-writeStateMachineData
	at org.apache.ratis.util.IOUtils.getFromFuture(IOUtils.java:87)
	at org.apache.ratis.server.raftlog.segmented.SegmentedRaftLogWorker$StateMachineDataPolicy.getFromFuture(SegmentedRaftLogWorker.java:87)
	at org.apache.ratis.server.raftlog.segmented.SegmentedRaftLogWorker$WriteLog.execute(SegmentedRaftLogWorker.java:477)
	at org.apache.ratis.server.raftlog.segmented.SegmentedRaftLogWorker.run(SegmentedRaftLogWorker.java:289)
	at java.lang.Thread.run(Thread.java:748)
Caused by: java.util.concurrent.TimeoutException
	at java.util.concurrent.CompletableFuture.timedGet(CompletableFuture.java:1771)
	at java.util.concurrent.CompletableFuture.get(CompletableFuture.java:1915)
	at org.apache.ratis.util.IOUtils.getFromFuture(IOUtils.java:79)
	... 4 more
2019-09-17 12:54:43,548 [5e893e0a-56f7-4618-9f46-a6ff48173cb6@group-0E70A92CA2C7-SegmentedRaftLogWorker] WARN  segmented.SegmentedRaftLogWorker (SegmentedRaftLogWorker.java:getFromFuture(90)) - Timeout 10/~
org.apache.ratis.protocol.TimeoutIOException: Timeout 10s: WriteLog:31: (t:1, i:31), STATEMACHINELOGENTRY, client-B7904277824C, cid=281-writeStateMachineData
	at org.apache.ratis.util.IOUtils.getFromFuture(IOUtils.java:87)
	at org.apache.ratis.server.raftlog.segmented.SegmentedRaftLogWorker$StateMachineDataPolicy.getFromFuture(SegmentedRaftLogWorker.java:87)
	at org.apache.ratis.server.raftlog.segmented.SegmentedRaftLogWorker$WriteLog.execute(SegmentedRaftLogWorker.java:477)
	at org.apache.ratis.server.raftlog.segmented.SegmentedRaftLogWorker.run(SegmentedRaftLogWorker.java:289)
	at java.lang.Thread.run(Thread.java:748)
Caused by: java.util.concurrent.TimeoutException
	at java.util.concurrent.CompletableFuture.timedGet(CompletableFuture.java:1771)
	at java.util.concurrent.CompletableFuture.get(CompletableFuture.java:1915)
	at org.apache.ratis.util.IOUtils.getFromFuture(IOUtils.java:79)
	... 4 more
 0.00% |█                                                                                                    |  0/1 Time: 0:01:512019-09-17 12:54:44,057 [java.util.concurrent.ThreadPoolExecutor$Worker@114f3833[State = -1, empty queue]] WARN  server.GrpcLogAppender (GrpcLogAppender.java:timeoutAppendRequest(200)) - f7ede272-a28a-44e0-9552-15581fc2de04@group-0E70A92CA2C7->84ab4d91-000c-4523-9c5f-2c204b5f6601-GrpcLogAppender: appendEntries Timeout, request=f7ede272-a28a-44e0-9552-15581fc2de04->84ab4d91-000c-4523-9c5f-2c204b5f6601#80-t1, previous=(t:1, i:34), leaderCommit=30, initializing? false, entries: <empty>
2019-09-17 12:54:44,057 [java.util.concurrent.ThreadPoolExecutor$Worker@27773213[State = -1, empty queue]] WARN  server.GrpcLogAppender (GrpcLogAppender.java:timeoutAppendRequest(200)) - f7ede272-a28a-44e0-9552-15581fc2de04@group-0E70A92CA2C7->5e893e0a-56f7-4618-9f46-a6ff48173cb6-GrpcLogAppender: appendEntries Timeout, request=f7ede272-a28a-44e0-9552-15581fc2de04->5e893e0a-56f7-4618-9f46-a6ff48173cb6#80-t1, previous=(t:1, i:34), leaderCommit=30, initializing? false, entries: <empty>
2019-09-17 12:54:44,300 [grpc-default-executor-4] INFO  client.GrpcClientProtocolClient (GrpcClientProtocolClient.java:onNext(264)) - client-B7904277824C->5e893e0a-56f7-4618-9f46-a6ff48173cb6: receive RaftClientReply:client-B7904277824C->5e893e0a-56f7-4618-9f46-a6ff48173cb6@group-0E70A92CA2C7, cid=281, FAILED org.apache.ratis.protocol.NotLeaderException: Server 5e893e0a-56f7-4618-9f46-a6ff48173cb6@group-0E70A92CA2C7 is not the leader f7ede272-a28a-44e0-9552-15581fc2de04:192.168.5.153:38263, logIndex=0, commits[5e893e0a-56f7-4618-9f46-a6ff48173cb6:c30, 84ab4d91-000c-4523-9c5f-2c204b5f6601:c26, f7ede272-a28a-44e0-9552-15581fc2de04:c30]
 0.00% |█                                                                                                    |  0/1 Time: 0:01:52 0.00% |█                                                                                                    |  0/1 Time: 0:01:532019-09-17 12:54:46,557 [java.util.concurrent.ThreadPoolExecutor$Worker@114f3833[State = -1, empty queue]] WARN  server.GrpcLogAppender (GrpcLogAppender.java:timeoutAppendRequest(200)) - f7ede272-a28a-44e0-9552-15581fc2de04@group-0E70A92CA2C7->84ab4d91-000c-4523-9c5f-2c204b5f6601-GrpcLogAppender: appendEntries Timeout, request=f7ede272-a28a-44e0-9552-15581fc2de04->84ab4d91-000c-4523-9c5f-2c204b5f6601#81-t1, previous=(t:1, i:34), leaderCommit=30, initializing? false, entries: <empty>
2019-09-17 12:54:46,557 [java.util.concurrent.ThreadPoolExecutor$Worker@27773213[State = -1, empty queue]] WARN  server.GrpcLogAppender (GrpcLogAppender.java:timeoutAppendRequest(200)) - f7ede272-a28a-44e0-9552-15581fc2de04@group-0E70A92CA2C7->5e893e0a-56f7-4618-9f46-a6ff48173cb6-GrpcLogAppender: appendEntries Timeout, request=f7ede272-a28a-44e0-9552-15581fc2de04->5e893e0a-56f7-4618-9f46-a6ff48173cb6#81-t1, previous=(t:1, i:34), leaderCommit=30, initializing? false, entries: <empty>
 0.00% |█                                                                                                    |  0/1 Time: 0:01:54 0.00% |█                                                                                                    |  0/1 Time: 0:01:55 0.00% |█                                                                                                    |  0/1 Time: 0:01:562019-09-17 12:54:49,058 [java.util.concurrent.ThreadPoolExecutor$Worker@114f3833[State = -1, empty queue]] WARN  server.GrpcLogAppender (GrpcLogAppender.java:timeoutAppendRequest(200)) - f7ede272-a28a-44e0-9552-15581fc2de04@group-0E70A92CA2C7->84ab4d91-000c-4523-9c5f-2c204b5f6601-GrpcLogAppender: appendEntries Timeout, request=f7ede272-a28a-44e0-9552-15581fc2de04->84ab4d91-000c-4523-9c5f-2c204b5f6601#82-t1, previous=(t:1, i:34), leaderCommit=30, initializing? false, entries: <empty>
2019-09-17 12:54:49,058 [java.util.concurrent.ThreadPoolExecutor$Worker@27773213[State = -1, empty queue]] WARN  server.GrpcLogAppender (GrpcLogAppender.java:timeoutAppendRequest(200)) - f7ede272-a28a-44e0-9552-15581fc2de04@group-0E70A92CA2C7->5e893e0a-56f7-4618-9f46-a6ff48173cb6-GrpcLogAppender: appendEntries Timeout, request=f7ede272-a28a-44e0-9552-15581fc2de04->5e893e0a-56f7-4618-9f46-a6ff48173cb6#82-t1, previous=(t:1, i:34), leaderCommit=30, initializing? false, entries: <empty>
2019-09-17 12:54:49,321 [grpc-default-executor-7] INFO  client.GrpcClientProtocolClient (GrpcClientProtocolClient.java:onNext(264)) - client-B7904277824C->5e893e0a-56f7-4618-9f46-a6ff48173cb6: receive RaftClientReply:client-B7904277824C->5e893e0a-56f7-4618-9f46-a6ff48173cb6@group-0E70A92CA2C7, cid=281, FAILED org.apache.ratis.protocol.NotLeaderException: Server 5e893e0a-56f7-4618-9f46-a6ff48173cb6@group-0E70A92CA2C7 is not the leader f7ede272-a28a-44e0-9552-15581fc2de04:192.168.5.153:38263, logIndex=0, commits[5e893e0a-56f7-4618-9f46-a6ff48173cb6:c30, 84ab4d91-000c-4523-9c5f-2c204b5f6601:c26, f7ede272-a28a-44e0-9552-15581fc2de04:c30]
 0.00% |█                                                                                                    |  0/1 Time: 0:01:57 0.00% |█                                                                                                    |  0/1 Time: 0:01:582019-09-17 12:54:51,558 [java.util.concurrent.ThreadPoolExecutor$Worker@114f3833[State = -1, empty queue]] WARN  server.GrpcLogAppender (GrpcLogAppender.java:timeoutAppendRequest(200)) - f7ede272-a28a-44e0-9552-15581fc2de04@group-0E70A92CA2C7->84ab4d91-000c-4523-9c5f-2c204b5f6601-GrpcLogAppender: appendEntries Timeout, request=f7ede272-a28a-44e0-9552-15581fc2de04->84ab4d91-000c-4523-9c5f-2c204b5f6601#83-t1, previous=(t:1, i:34), leaderCommit=30, initializing? false, entries: <empty>
2019-09-17 12:54:51,558 [java.util.concurrent.ThreadPoolExecutor$Worker@27773213[State = -1, empty queue]] WARN  server.GrpcLogAppender (GrpcLogAppender.java:timeoutAppendRequest(200)) - f7ede272-a28a-44e0-9552-15581fc2de04@group-0E70A92CA2C7->5e893e0a-56f7-4618-9f46-a6ff48173cb6-GrpcLogAppender: appendEntries Timeout, request=f7ede272-a28a-44e0-9552-15581fc2de04->5e893e0a-56f7-4618-9f46-a6ff48173cb6#83-t1, previous=(t:1, i:34), leaderCommit=30, initializing? false, entries: <empty>
 0.00% |█                                                                                                    |  0/1 Time: 0:01:59 0.00% |█                                                                                                    |  0/1 Time: 0:02:002019-09-17 12:54:53,537 [f7ede272-a28a-44e0-9552-15581fc2de04@group-0E70A92CA2C7-SegmentedRaftLogWorker] WARN  segmented.SegmentedRaftLogWorker (SegmentedRaftLogWorker.java:getFromFuture(90)) - Timeout 11/~
org.apache.ratis.protocol.TimeoutIOException: Timeout 10s: WriteLog:31: (t:1, i:31), STATEMACHINELOGENTRY, client-B7904277824C, cid=281-writeStateMachineData
	at org.apache.ratis.util.IOUtils.getFromFuture(IOUtils.java:87)
	at org.apache.ratis.server.raftlog.segmented.SegmentedRaftLogWorker$StateMachineDataPolicy.getFromFuture(SegmentedRaftLogWorker.java:87)
	at org.apache.ratis.server.raftlog.segmented.SegmentedRaftLogWorker$WriteLog.execute(SegmentedRaftLogWorker.java:477)
	at org.apache.ratis.server.raftlog.segmented.SegmentedRaftLogWorker.run(SegmentedRaftLogWorker.java:289)
	at java.lang.Thread.run(Thread.java:748)
Caused by: java.util.concurrent.TimeoutException
	at java.util.concurrent.CompletableFuture.timedGet(CompletableFuture.java:1771)
	at java.util.concurrent.CompletableFuture.get(CompletableFuture.java:1915)
	at org.apache.ratis.util.IOUtils.getFromFuture(IOUtils.java:79)
	... 4 more
2019-09-17 12:54:53,549 [84ab4d91-000c-4523-9c5f-2c204b5f6601@group-0E70A92CA2C7-SegmentedRaftLogWorker] WARN  segmented.SegmentedRaftLogWorker (SegmentedRaftLogWorker.java:getFromFuture(90)) - Timeout 11/~
org.apache.ratis.protocol.TimeoutIOException: Timeout 10s: WriteLog:31: (t:1, i:31), STATEMACHINELOGENTRY, client-B7904277824C, cid=281-writeStateMachineData
	at org.apache.ratis.util.IOUtils.getFromFuture(IOUtils.java:87)
	at org.apache.ratis.server.raftlog.segmented.SegmentedRaftLogWorker$StateMachineDataPolicy.getFromFuture(SegmentedRaftLogWorker.java:87)
	at org.apache.ratis.server.raftlog.segmented.SegmentedRaftLogWorker$WriteLog.execute(SegmentedRaftLogWorker.java:477)
	at org.apache.ratis.server.raftlog.segmented.SegmentedRaftLogWorker.run(SegmentedRaftLogWorker.java:289)
	at java.lang.Thread.run(Thread.java:748)
Caused by: java.util.concurrent.TimeoutException
	at java.util.concurrent.CompletableFuture.timedGet(CompletableFuture.java:1771)
	at java.util.concurrent.CompletableFuture.get(CompletableFuture.java:1915)
	at org.apache.ratis.util.IOUtils.getFromFuture(IOUtils.java:79)
	... 4 more
2019-09-17 12:54:53,549 [5e893e0a-56f7-4618-9f46-a6ff48173cb6@group-0E70A92CA2C7-SegmentedRaftLogWorker] WARN  segmented.SegmentedRaftLogWorker (SegmentedRaftLogWorker.java:getFromFuture(90)) - Timeout 11/~
org.apache.ratis.protocol.TimeoutIOException: Timeout 10s: WriteLog:31: (t:1, i:31), STATEMACHINELOGENTRY, client-B7904277824C, cid=281-writeStateMachineData
	at org.apache.ratis.util.IOUtils.getFromFuture(IOUtils.java:87)
	at org.apache.ratis.server.raftlog.segmented.SegmentedRaftLogWorker$StateMachineDataPolicy.getFromFuture(SegmentedRaftLogWorker.java:87)
	at org.apache.ratis.server.raftlog.segmented.SegmentedRaftLogWorker$WriteLog.execute(SegmentedRaftLogWorker.java:477)
	at org.apache.ratis.server.raftlog.segmented.SegmentedRaftLogWorker.run(SegmentedRaftLogWorker.java:289)
	at java.lang.Thread.run(Thread.java:748)
Caused by: java.util.concurrent.TimeoutException
	at java.util.concurrent.CompletableFuture.timedGet(CompletableFuture.java:1771)
	at java.util.concurrent.CompletableFuture.get(CompletableFuture.java:1915)
	at org.apache.ratis.util.IOUtils.getFromFuture(IOUtils.java:79)
	... 4 more
2019-09-17 12:54:53,559 [org.apache.ratis.server.impl.LogAppender$AppenderDaemon$$Lambda$509/159327213@b9d0d58] ERROR ratis.XceiverServerRatis (XceiverServerRatis.java:triggerPipelineClose(575)) - pipeline Action CLOSE  on pipeline PipelineID=2352ae7c-367f-43ff-a988-0e70a92ca2c7.Reason : f7ede272-a28a-44e0-9552-15581fc2de04 has not seen follower/s 5e893e0a-56f7-4618-9f46-a6ff48173cb6 for 120045ms 84ab4d91-000c-4523-9c5f-2c204b5f6601 for 120058ms
2019-09-17 12:54:53,559 [org.apache.ratis.server.impl.LogAppender$AppenderDaemon$$Lambda$509/159327213@700dfebd] ERROR ratis.XceiverServerRatis (XceiverServerRatis.java:triggerPipelineClose(575)) - pipeline Action CLOSE  on pipeline PipelineID=2352ae7c-367f-43ff-a988-0e70a92ca2c7.Reason : f7ede272-a28a-44e0-9552-15581fc2de04 has not seen follower/s 5e893e0a-56f7-4618-9f46-a6ff48173cb6 for 120045ms 84ab4d91-000c-4523-9c5f-2c204b5f6601 for 120058ms
2019-09-17 12:54:53,844 [EventQueue-PipelineActionsForPipelineActionHandler] ERROR pipeline.PipelineActionHandler (PipelineActionHandler.java:onMessage(60)) - Received pipeline action CLOSE for Pipeline[ Id: 2352ae7c-367f-43ff-a988-0e70a92ca2c7, Nodes: 5e893e0a-56f7-4618-9f46-a6ff48173cb6{ip: 192.168.5.153, host: pr-hdds-2137-trunk-mnh2s-3748177197, networkLocation: /default-rack, certSerialId: null}84ab4d91-000c-4523-9c5f-2c204b5f6601{ip: 192.168.5.153, host: pr-hdds-2137-trunk-mnh2s-3748177197, networkLocation: /default-rack, certSerialId: null}f7ede272-a28a-44e0-9552-15581fc2de04{ip: 192.168.5.153, host: pr-hdds-2137-trunk-mnh2s-3748177197, networkLocation: /default-rack, certSerialId: null}, Type:RATIS, Factor:THREE, State:OPEN] from datanode f7ede272-a28a-44e0-9552-15581fc2de04{ip: 192.168.5.153, host: pr-hdds-2137-trunk-mnh2s-3748177197, networkLocation: /default-rack, certSerialId: null}. Reason : f7ede272-a28a-44e0-9552-15581fc2de04 has not seen follower/s 5e893e0a-56f7-4618-9f46-a6ff48173cb6 for 120045ms 84ab4d91-000c-4523-9c5f-2c204b5f6601 for 120058ms
2019-09-17 12:54:53,844 [EventQueue-PipelineActionsForPipelineActionHandler] INFO  pipeline.SCMPipelineManager (SCMPipelineManager.java:finalizeAndDestroyPipeline(311)) - destroying pipeline:Pipeline[ Id: 2352ae7c-367f-43ff-a988-0e70a92ca2c7, Nodes: 5e893e0a-56f7-4618-9f46-a6ff48173cb6{ip: 192.168.5.153, host: pr-hdds-2137-trunk-mnh2s-3748177197, networkLocation: /default-rack, certSerialId: null}84ab4d91-000c-4523-9c5f-2c204b5f6601{ip: 192.168.5.153, host: pr-hdds-2137-trunk-mnh2s-3748177197, networkLocation: /default-rack, certSerialId: null}f7ede272-a28a-44e0-9552-15581fc2de04{ip: 192.168.5.153, host: pr-hdds-2137-trunk-mnh2s-3748177197, networkLocation: /default-rack, certSerialId: null}, Type:RATIS, Factor:THREE, State:OPEN]
2019-09-17 12:54:53,844 [EventQueue-PipelineActionsForPipelineActionHandler] INFO  pipeline.PipelineStateManager (PipelineStateManager.java:finalizePipeline(123)) - Pipeline Pipeline[ Id: 2352ae7c-367f-43ff-a988-0e70a92ca2c7, Nodes: 5e893e0a-56f7-4618-9f46-a6ff48173cb6{ip: 192.168.5.153, host: pr-hdds-2137-trunk-mnh2s-3748177197, networkLocation: /default-rack, certSerialId: null}84ab4d91-000c-4523-9c5f-2c204b5f6601{ip: 192.168.5.153, host: pr-hdds-2137-trunk-mnh2s-3748177197, networkLocation: /default-rack, certSerialId: null}f7ede272-a28a-44e0-9552-15581fc2de04{ip: 192.168.5.153, host: pr-hdds-2137-trunk-mnh2s-3748177197, networkLocation: /default-rack, certSerialId: null}, Type:RATIS, Factor:THREE, State:CLOSED] moved to CLOSED state
2019-09-17 12:54:53,845 [EventQueue-CloseContainerForCloseContainerEventHandler] INFO  container.CloseContainerEventHandler (CloseContainerEventHandler.java:onMessage(61)) - Close container Event triggered for container : #8
2019-09-17 12:54:53,846 [EventQueue-CloseContainerForCloseContainerEventHandler] INFO  container.CloseContainerEventHandler (CloseContainerEventHandler.java:onMessage(61)) - Close container Event triggered for container : #9
2019-09-17 12:54:53,846 [EventQueue-CloseContainerForCloseContainerEventHandler] INFO  container.CloseContainerEventHandler (CloseContainerEventHandler.java:onMessage(61)) - Close container Event triggered for container : #10
 0.00% |█                                                                                                    |  0/1 Time: 0:02:012019-09-17 12:54:54,059 [java.util.concurrent.ThreadPoolExecutor$Worker@27773213[State = -1, empty queue]] WARN  server.GrpcLogAppender (GrpcLogAppender.java:timeoutAppendRequest(200)) - f7ede272-a28a-44e0-9552-15581fc2de04@group-0E70A92CA2C7->5e893e0a-56f7-4618-9f46-a6ff48173cb6-GrpcLogAppender: appendEntries Timeout, request=f7ede272-a28a-44e0-9552-15581fc2de04->5e893e0a-56f7-4618-9f46-a6ff48173cb6#84-t1, previous=(t:1, i:34), leaderCommit=30, initializing? false, entries: <empty>
2019-09-17 12:54:54,059 [java.util.concurrent.ThreadPoolExecutor$Worker@114f3833[State = -1, empty queue]] WARN  server.GrpcLogAppender (GrpcLogAppender.java:timeoutAppendRequest(200)) - f7ede272-a28a-44e0-9552-15581fc2de04@group-0E70A92CA2C7->84ab4d91-000c-4523-9c5f-2c204b5f6601-GrpcLogAppender: appendEntries Timeout, request=f7ede272-a28a-44e0-9552-15581fc2de04->84ab4d91-000c-4523-9c5f-2c204b5f6601#84-t1, previous=(t:1, i:34), leaderCommit=30, initializing? false, entries: <empty>
2019-09-17 12:54:54,540 [grpc-default-executor-4] INFO  client.GrpcClientProtocolClient (GrpcClientProtocolClient.java:onNext(264)) - client-B7904277824C->84ab4d91-000c-4523-9c5f-2c204b5f6601: receive RaftClientReply:client-B7904277824C->84ab4d91-000c-4523-9c5f-2c204b5f6601@group-0E70A92CA2C7, cid=281, FAILED org.apache.ratis.protocol.NotLeaderException: Server 84ab4d91-000c-4523-9c5f-2c204b5f6601@group-0E70A92CA2C7 is not the leader f7ede272-a28a-44e0-9552-15581fc2de04:192.168.5.153:38263, logIndex=0, commits[84ab4d91-000c-4523-9c5f-2c204b5f6601:c30, 5e893e0a-56f7-4618-9f46-a6ff48173cb6:c26, f7ede272-a28a-44e0-9552-15581fc2de04:c30]
 0.00% |█                                                                                                    |  0/1 Time: 0:02:022019-09-17 12:54:55,873 [org.apache.ratis.server.impl.LogAppender$AppenderDaemon$$Lambda$509/159327213@b9d0d58] ERROR ratis.XceiverServerRatis (XceiverServerRatis.java:triggerPipelineClose(575)) - pipeline Action CLOSE  on pipeline PipelineID=2352ae7c-367f-43ff-a988-0e70a92ca2c7.Reason : f7ede272-a28a-44e0-9552-15581fc2de04 has not seen follower/s 5e893e0a-56f7-4618-9f46-a6ff48173cb6 for 122359ms 84ab4d91-000c-4523-9c5f-2c204b5f6601 for 122372ms
2019-09-17 12:54:55,873 [org.apache.ratis.server.impl.LogAppender$AppenderDaemon$$Lambda$509/159327213@700dfebd] ERROR ratis.XceiverServerRatis (XceiverServerRatis.java:triggerPipelineClose(575)) - pipeline Action CLOSE  on pipeline PipelineID=2352ae7c-367f-43ff-a988-0e70a92ca2c7.Reason : f7ede272-a28a-44e0-9552-15581fc2de04 has not seen follower/s 5e893e0a-56f7-4618-9f46-a6ff48173cb6 for 122359ms 84ab4d91-000c-4523-9c5f-2c204b5f6601 for 122372ms
 0.00% |█                                                                                                    |  0/1 Time: 0:02:032019-09-17 12:54:56,559 [java.util.concurrent.ThreadPoolExecutor$Worker@27773213[State = -1, empty queue]] WARN  server.GrpcLogAppender (GrpcLogAppender.java:timeoutAppendRequest(200)) - f7ede272-a28a-44e0-9552-15581fc2de04@group-0E70A92CA2C7->5e893e0a-56f7-4618-9f46-a6ff48173cb6-GrpcLogAppender: appendEntries Timeout, request=f7ede272-a28a-44e0-9552-15581fc2de04->5e893e0a-56f7-4618-9f46-a6ff48173cb6#85-t1, previous=(t:1, i:34), leaderCommit=30, initializing? false, entries: <empty>
2019-09-17 12:54:56,559 [java.util.concurrent.ThreadPoolExecutor$Worker@114f3833[State = -1, empty queue]] WARN  server.GrpcLogAppender (GrpcLogAppender.java:timeoutAppendRequest(200)) - f7ede272-a28a-44e0-9552-15581fc2de04@group-0E70A92CA2C7->84ab4d91-000c-4523-9c5f-2c204b5f6601-GrpcLogAppender: appendEntries Timeout, request=f7ede272-a28a-44e0-9552-15581fc2de04->84ab4d91-000c-4523-9c5f-2c204b5f6601#85-t1, previous=(t:1, i:34), leaderCommit=30, initializing? false, entries: <empty>
2019-09-17 12:54:56,849 [grpc-default-executor-7] INFO  impl.RaftServerProxy (RaftServerProxy.java:addNew(89)) - 84ab4d91-000c-4523-9c5f-2c204b5f6601: addNew group-F4D2F7B62D29:[5e893e0a-56f7-4618-9f46-a6ff48173cb6:192.168.5.153:37060, 84ab4d91-000c-4523-9c5f-2c204b5f6601:192.168.5.153:39178, f7ede272-a28a-44e0-9552-15581fc2de04:192.168.5.153:38263] returns group-F4D2F7B62D29:java.util.concurrent.CompletableFuture@21ac2594[Not completed]
2019-09-17 12:54:56,849 [grpc-default-executor-5] INFO  impl.RaftServerProxy (RaftServerProxy.java:addNew(89)) - 5e893e0a-56f7-4618-9f46-a6ff48173cb6: addNew group-F4D2F7B62D29:[5e893e0a-56f7-4618-9f46-a6ff48173cb6:192.168.5.153:37060, 84ab4d91-000c-4523-9c5f-2c204b5f6601:192.168.5.153:39178, f7ede272-a28a-44e0-9552-15581fc2de04:192.168.5.153:38263] returns group-F4D2F7B62D29:java.util.concurrent.CompletableFuture@4d107dd9[Not completed]
2019-09-17 12:54:56,849 [grpc-default-executor-4] INFO  impl.RaftServerProxy (RaftServerProxy.java:addNew(89)) - f7ede272-a28a-44e0-9552-15581fc2de04: addNew group-F4D2F7B62D29:[5e893e0a-56f7-4618-9f46-a6ff48173cb6:192.168.5.153:37060, 84ab4d91-000c-4523-9c5f-2c204b5f6601:192.168.5.153:39178, f7ede272-a28a-44e0-9552-15581fc2de04:192.168.5.153:38263] returns group-F4D2F7B62D29:java.util.concurrent.CompletableFuture@f34c2e1[Not completed]
2019-09-17 12:54:56,853 [pool-47-thread-1] INFO  impl.RaftServerImpl (RaftServerImpl.java:<init>(95)) - f7ede272-a28a-44e0-9552-15581fc2de04: new RaftServerImpl for group-F4D2F7B62D29:[5e893e0a-56f7-4618-9f46-a6ff48173cb6:192.168.5.153:37060, 84ab4d91-000c-4523-9c5f-2c204b5f6601:192.168.5.153:39178, f7ede272-a28a-44e0-9552-15581fc2de04:192.168.5.153:38263] with ContainerStateMachine:uninitialized
2019-09-17 12:54:56,853 [pool-47-thread-1] INFO  server.RaftServerConfigKeys (ConfUtils.java:logGet(43)) - raft.server.rpc.timeout.min = 5s (custom)
2019-09-17 12:54:56,853 [pool-47-thread-1] INFO  server.RaftServerConfigKeys (ConfUtils.java:logGet(43)) - raft.server.rpc.timeout.max = 5200ms (custom)
2019-09-17 12:54:56,853 [pool-47-thread-1] INFO  server.RaftServerConfigKeys (ConfUtils.java:logGet(43)) - raft.server.rpcslowness.timeout = 120s (custom)
2019-09-17 12:54:56,853 [pool-47-thread-1] INFO  server.RaftServerConfigKeys (ConfUtils.java:logGet(43)) - raft.server.sleep.deviation.threshold = 300 (default)
2019-09-17 12:54:56,853 [pool-27-thread-1] INFO  impl.RaftServerImpl (RaftServerImpl.java:<init>(95)) - 5e893e0a-56f7-4618-9f46-a6ff48173cb6: new RaftServerImpl for group-F4D2F7B62D29:[5e893e0a-56f7-4618-9f46-a6ff48173cb6:192.168.5.153:37060, 84ab4d91-000c-4523-9c5f-2c204b5f6601:192.168.5.153:39178, f7ede272-a28a-44e0-9552-15581fc2de04:192.168.5.153:38263] with ContainerStateMachine:uninitialized
2019-09-17 12:54:56,854 [pool-47-thread-1] INFO  server.RaftServerConfigKeys (ConfUtils.java:logGet(43)) - raft.server.log.appender.install.snapshot.enabled = false (custom)
2019-09-17 12:54:56,854 [pool-27-thread-1] INFO  server.RaftServerConfigKeys (ConfUtils.java:logGet(43)) - raft.server.rpc.timeout.min = 5s (custom)
2019-09-17 12:54:56,854 [pool-47-thread-1] INFO  impl.RaftServerImpl (ServerState.java:<init>(103)) - f7ede272-a28a-44e0-9552-15581fc2de04@group-F4D2F7B62D29: ConfigurationManager, init=-1: [5e893e0a-56f7-4618-9f46-a6ff48173cb6:192.168.5.153:37060, 84ab4d91-000c-4523-9c5f-2c204b5f6601:192.168.5.153:39178, f7ede272-a28a-44e0-9552-15581fc2de04:192.168.5.153:38263], old=null, confs=<EMPTY_MAP>
2019-09-17 12:54:56,854 [pool-27-thread-1] INFO  server.RaftServerConfigKeys (ConfUtils.java:logGet(43)) - raft.server.rpc.timeout.max = 5200ms (custom)
2019-09-17 12:54:56,854 [pool-27-thread-1] INFO  server.RaftServerConfigKeys (ConfUtils.java:logGet(43)) - raft.server.rpcslowness.timeout = 120s (custom)
2019-09-17 12:54:56,854 [pool-27-thread-1] INFO  server.RaftServerConfigKeys (ConfUtils.java:logGet(43)) - raft.server.sleep.deviation.threshold = 300 (default)
2019-09-17 12:54:56,854 [pool-47-thread-1] INFO  server.RaftServerConfigKeys (ConfUtils.java:logGet(43)) - raft.server.storage.dir = [/tmp/workdir/hadoop-ozone/tools/target/test-dir/MiniOzoneClusterImpl-50a1f6bc-759b-451e-a5dd-d4a59b2daa65/datanode-2/data/ratis] (custom)
2019-09-17 12:54:56,854 [pool-37-thread-1] INFO  impl.RaftServerImpl (RaftServerImpl.java:<init>(95)) - 84ab4d91-000c-4523-9c5f-2c204b5f6601: new RaftServerImpl for group-F4D2F7B62D29:[5e893e0a-56f7-4618-9f46-a6ff48173cb6:192.168.5.153:37060, 84ab4d91-000c-4523-9c5f-2c204b5f6601:192.168.5.153:39178, f7ede272-a28a-44e0-9552-15581fc2de04:192.168.5.153:38263] with ContainerStateMachine:uninitialized
2019-09-17 12:54:56,854 [pool-27-thread-1] INFO  server.RaftServerConfigKeys (ConfUtils.java:logGet(43)) - raft.server.log.appender.install.snapshot.enabled = false (custom)
2019-09-17 12:54:56,855 [pool-37-thread-1] INFO  server.RaftServerConfigKeys (ConfUtils.java:logGet(43)) - raft.server.rpc.timeout.min = 5s (custom)
2019-09-17 12:54:56,855 [pool-27-thread-1] INFO  impl.RaftServerImpl (ServerState.java:<init>(103)) - 5e893e0a-56f7-4618-9f46-a6ff48173cb6@group-F4D2F7B62D29: ConfigurationManager, init=-1: [5e893e0a-56f7-4618-9f46-a6ff48173cb6:192.168.5.153:37060, 84ab4d91-000c-4523-9c5f-2c204b5f6601:192.168.5.153:39178, f7ede272-a28a-44e0-9552-15581fc2de04:192.168.5.153:38263], old=null, confs=<EMPTY_MAP>
2019-09-17 12:54:56,855 [pool-37-thread-1] INFO  server.RaftServerConfigKeys (ConfUtils.java:logGet(43)) - raft.server.rpc.timeout.max = 5200ms (custom)
2019-09-17 12:54:56,855 [pool-47-thread-1] INFO  storage.RaftStorageDirectory (RaftStorageDirectory.java:analyzeStorage(246)) - The storage directory /tmp/workdir/hadoop-ozone/tools/target/test-dir/MiniOzoneClusterImpl-50a1f6bc-759b-451e-a5dd-d4a59b2daa65/datanode-2/data/ratis/8376842e-df81-42ad-9dff-f4d2f7b62d29 does not exist. Creating ...
2019-09-17 12:54:56,855 [pool-37-thread-1] INFO  server.RaftServerConfigKeys (ConfUtils.java:logGet(43)) - raft.server.rpcslowness.timeout = 120s (custom)
2019-09-17 12:54:56,856 [pool-37-thread-1] INFO  server.RaftServerConfigKeys (ConfUtils.java:logGet(43)) - raft.server.sleep.deviation.threshold = 300 (default)
2019-09-17 12:54:56,855 [pool-27-thread-1] INFO  server.RaftServerConfigKeys (ConfUtils.java:logGet(43)) - raft.server.storage.dir = [/tmp/workdir/hadoop-ozone/tools/target/test-dir/MiniOzoneClusterImpl-50a1f6bc-759b-451e-a5dd-d4a59b2daa65/datanode-0/data/ratis] (custom)
2019-09-17 12:54:56,856 [pool-37-thread-1] INFO  server.RaftServerConfigKeys (ConfUtils.java:logGet(43)) - raft.server.log.appender.install.snapshot.enabled = false (custom)
2019-09-17 12:54:56,856 [pool-37-thread-1] INFO  impl.RaftServerImpl (ServerState.java:<init>(103)) - 84ab4d91-000c-4523-9c5f-2c204b5f6601@group-F4D2F7B62D29: ConfigurationManager, init=-1: [5e893e0a-56f7-4618-9f46-a6ff48173cb6:192.168.5.153:37060, 84ab4d91-000c-4523-9c5f-2c204b5f6601:192.168.5.153:39178, f7ede272-a28a-44e0-9552-15581fc2de04:192.168.5.153:38263], old=null, confs=<EMPTY_MAP>
2019-09-17 12:54:56,856 [pool-27-thread-1] INFO  storage.RaftStorageDirectory (RaftStorageDirectory.java:analyzeStorage(246)) - The storage directory /tmp/workdir/hadoop-ozone/tools/target/test-dir/MiniOzoneClusterImpl-50a1f6bc-759b-451e-a5dd-d4a59b2daa65/datanode-0/data/ratis/8376842e-df81-42ad-9dff-f4d2f7b62d29 does not exist. Creating ...
2019-09-17 12:54:56,856 [pool-37-thread-1] INFO  server.RaftServerConfigKeys (ConfUtils.java:logGet(43)) - raft.server.storage.dir = [/tmp/workdir/hadoop-ozone/tools/target/test-dir/MiniOzoneClusterImpl-50a1f6bc-759b-451e-a5dd-d4a59b2daa65/datanode-1/data/ratis] (custom)
2019-09-17 12:54:56,857 [pool-37-thread-1] INFO  storage.RaftStorageDirectory (RaftStorageDirectory.java:analyzeStorage(246)) - The storage directory /tmp/workdir/hadoop-ozone/tools/target/test-dir/MiniOzoneClusterImpl-50a1f6bc-759b-451e-a5dd-d4a59b2daa65/datanode-1/data/ratis/8376842e-df81-42ad-9dff-f4d2f7b62d29 does not exist. Creating ...
2019-09-17 12:54:56,881 [pool-37-thread-1] INFO  storage.RaftStorageDirectory (RaftStorageDirectory.java:tryLock(328)) - Lock on /tmp/workdir/hadoop-ozone/tools/target/test-dir/MiniOzoneClusterImpl-50a1f6bc-759b-451e-a5dd-d4a59b2daa65/datanode-1/data/ratis/8376842e-df81-42ad-9dff-f4d2f7b62d29/in_use.lock acquired by nodename 20616@pr-hdds-2137-trunk-mnh2s-3748177197
2019-09-17 12:54:56,881 [pool-47-thread-1] INFO  storage.RaftStorageDirectory (RaftStorageDirectory.java:tryLock(328)) - Lock on /tmp/workdir/hadoop-ozone/tools/target/test-dir/MiniOzoneClusterImpl-50a1f6bc-759b-451e-a5dd-d4a59b2daa65/datanode-2/data/ratis/8376842e-df81-42ad-9dff-f4d2f7b62d29/in_use.lock acquired by nodename 20616@pr-hdds-2137-trunk-mnh2s-3748177197
2019-09-17 12:54:56,881 [pool-27-thread-1] INFO  storage.RaftStorageDirectory (RaftStorageDirectory.java:tryLock(328)) - Lock on /tmp/workdir/hadoop-ozone/tools/target/test-dir/MiniOzoneClusterImpl-50a1f6bc-759b-451e-a5dd-d4a59b2daa65/datanode-0/data/ratis/8376842e-df81-42ad-9dff-f4d2f7b62d29/in_use.lock acquired by nodename 20616@pr-hdds-2137-trunk-mnh2s-3748177197
2019-09-17 12:54:56,907 [pool-47-thread-1] INFO  storage.RaftStorage (RaftStorage.java:format(72)) - Storage directory /tmp/workdir/hadoop-ozone/tools/target/test-dir/MiniOzoneClusterImpl-50a1f6bc-759b-451e-a5dd-d4a59b2daa65/datanode-2/data/ratis/8376842e-df81-42ad-9dff-f4d2f7b62d29 has been successfully formatted.
2019-09-17 12:54:56,907 [pool-37-thread-1] INFO  storage.RaftStorage (RaftStorage.java:format(72)) - Storage directory /tmp/workdir/hadoop-ozone/tools/target/test-dir/MiniOzoneClusterImpl-50a1f6bc-759b-451e-a5dd-d4a59b2daa65/datanode-1/data/ratis/8376842e-df81-42ad-9dff-f4d2f7b62d29 has been successfully formatted.
2019-09-17 12:54:56,907 [pool-27-thread-1] INFO  storage.RaftStorage (RaftStorage.java:format(72)) - Storage directory /tmp/workdir/hadoop-ozone/tools/target/test-dir/MiniOzoneClusterImpl-50a1f6bc-759b-451e-a5dd-d4a59b2daa65/datanode-0/data/ratis/8376842e-df81-42ad-9dff-f4d2f7b62d29 has been successfully formatted.
2019-09-17 12:54:56,907 [pool-37-thread-1] INFO  ratis.ContainerStateMachine (ContainerStateMachine.java:loadSnapshot(230)) - group-F4D2F7B62D29: The snapshot info is null. Setting the last applied indexto:(t:0, i:~)
2019-09-17 12:54:56,907 [pool-47-thread-1] INFO  ratis.ContainerStateMachine (ContainerStateMachine.java:loadSnapshot(230)) - group-F4D2F7B62D29: The snapshot info is null. Setting the last applied indexto:(t:0, i:~)
2019-09-17 12:54:56,908 [pool-37-thread-1] INFO  server.RaftServerConfigKeys (ConfUtils.java:logGet(43)) - raft.server.notification.no-leader.timeout = 120s (custom)
2019-09-17 12:54:56,907 [pool-27-thread-1] INFO  ratis.ContainerStateMachine (ContainerStateMachine.java:loadSnapshot(230)) - group-F4D2F7B62D29: The snapshot info is null. Setting the last applied indexto:(t:0, i:~)
2019-09-17 12:54:56,908 [pool-37-thread-1] INFO  server.RaftServerConfigKeys (ConfUtils.java:logGet(43)) - raft.server.log.use.memory = false (default)
2019-09-17 12:54:56,908 [pool-47-thread-1] INFO  server.RaftServerConfigKeys (ConfUtils.java:logGet(43)) - raft.server.notification.no-leader.timeout = 120s (custom)
2019-09-17 12:54:56,908 [pool-37-thread-1] INFO  server.RaftServerConfigKeys (ConfUtils.java:logGet(43)) - raft.server.log.purge.gap = 1000000 (custom)
2019-09-17 12:54:56,908 [pool-27-thread-1] INFO  server.RaftServerConfigKeys (ConfUtils.java:logGet(43)) - raft.server.notification.no-leader.timeout = 120s (custom)
2019-09-17 12:54:56,908 [pool-37-thread-1] INFO  server.RaftServerConfigKeys (ConfUtils.java:logGet(43)) - raft.server.log.appender.buffer.byte-limit = 33554432 (custom)
2019-09-17 12:54:56,908 [pool-47-thread-1] INFO  server.RaftServerConfigKeys (ConfUtils.java:logGet(43)) - raft.server.log.use.memory = false (default)
 0.00% |█                                                                                                    |  0/1 Time: 0:02:042019-09-17 12:54:56,909 [pool-47-thread-1] INFO  server.RaftServerConfigKeys (ConfUtils.java:logGet(43)) - raft.server.log.purge.gap = 1000000 (custom)
2019-09-17 12:54:56,909 [pool-37-thread-1] INFO  server.RaftServerConfigKeys (ConfUtils.java:logGet(43)) - raft.server.log.segment.size.max = 1048576 (custom)
2019-09-17 12:54:56,908 [pool-27-thread-1] INFO  server.RaftServerConfigKeys (ConfUtils.java:logGet(43)) - raft.server.log.use.memory = false (default)
2019-09-17 12:54:56,909 [pool-37-thread-1] INFO  server.RaftServerConfigKeys (ConfUtils.java:logGet(43)) - raft.server.log.segment.cache.num.max = 2 (custom)
2019-09-17 12:54:56,909 [pool-47-thread-1] INFO  server.RaftServerConfigKeys (ConfUtils.java:logGet(43)) - raft.server.log.appender.buffer.byte-limit = 33554432 (custom)
2019-09-17 12:54:56,909 [pool-37-thread-1] INFO  segmented.SegmentedRaftLogWorker (SegmentedRaftLogWorker.java:<init>(172)) - new 84ab4d91-000c-4523-9c5f-2c204b5f6601@group-F4D2F7B62D29-SegmentedRaftLogWorker for RaftStorage:Storage Directory /tmp/workdir/hadoop-ozone/tools/target/test-dir/MiniOzoneClusterImpl-50a1f6bc-759b-451e-a5dd-d4a59b2daa65/datanode-1/data/ratis/8376842e-df81-42ad-9dff-f4d2f7b62d29
2019-09-17 12:54:56,909 [pool-27-thread-1] INFO  server.RaftServerConfigKeys (ConfUtils.java:logGet(43)) - raft.server.log.purge.gap = 1000000 (custom)
2019-09-17 12:54:56,910 [pool-37-thread-1] INFO  server.RaftServerConfigKeys (ConfUtils.java:logGet(43)) - raft.server.log.queue.byte-limit = 2147483647 (custom)
2019-09-17 12:54:56,910 [pool-47-thread-1] INFO  server.RaftServerConfigKeys (ConfUtils.java:logGet(43)) - raft.server.log.segment.size.max = 1048576 (custom)
2019-09-17 12:54:56,910 [pool-37-thread-1] INFO  server.RaftServerConfigKeys (ConfUtils.java:logGet(43)) - raft.server.log.queue.element-limit = 1024 (custom)
2019-09-17 12:54:56,910 [pool-27-thread-1] INFO  server.RaftServerConfigKeys (ConfUtils.java:logGet(43)) - raft.server.log.appender.buffer.byte-limit = 33554432 (custom)
2019-09-17 12:54:56,910 [pool-37-thread-1] INFO  server.RaftServerConfigKeys (ConfUtils.java:logGet(43)) - raft.server.log.segment.size.max = 1048576 (custom)
2019-09-17 12:54:56,910 [pool-37-thread-1] INFO  server.RaftServerConfigKeys (ConfUtils.java:logGet(43)) - raft.server.log.preallocated.size = 16384 (custom)
2019-09-17 12:54:56,910 [pool-47-thread-1] INFO  server.RaftServerConfigKeys (ConfUtils.java:logGet(43)) - raft.server.log.segment.cache.num.max = 2 (custom)
2019-09-17 12:54:56,911 [pool-37-thread-1] INFO  server.RaftServerConfigKeys (ConfUtils.java:logGet(43)) - raft.server.log.write.buffer.size = 33554432 (custom)
2019-09-17 12:54:56,910 [pool-27-thread-1] INFO  server.RaftServerConfigKeys (ConfUtils.java:logGet(43)) - raft.server.log.segment.size.max = 1048576 (custom)
2019-09-17 12:54:56,911 [pool-37-thread-1] INFO  server.RaftServerConfigKeys (ConfUtils.java:logGet(43)) - raft.server.log.force.sync.num = 128 (default)
2019-09-17 12:54:56,911 [pool-47-thread-1] INFO  segmented.SegmentedRaftLogWorker (SegmentedRaftLogWorker.java:<init>(172)) - new f7ede272-a28a-44e0-9552-15581fc2de04@group-F4D2F7B62D29-SegmentedRaftLogWorker for RaftStorage:Storage Directory /tmp/workdir/hadoop-ozone/tools/target/test-dir/MiniOzoneClusterImpl-50a1f6bc-759b-451e-a5dd-d4a59b2daa65/datanode-2/data/ratis/8376842e-df81-42ad-9dff-f4d2f7b62d29
2019-09-17 12:54:56,911 [pool-37-thread-1] INFO  server.RaftServerConfigKeys (ConfUtils.java:logGet(43)) - raft.server.log.statemachine.data.sync = true (default)
2019-09-17 12:54:56,911 [pool-27-thread-1] INFO  server.RaftServerConfigKeys (ConfUtils.java:logGet(43)) - raft.server.log.segment.cache.num.max = 2 (custom)
2019-09-17 12:54:56,911 [pool-37-thread-1] INFO  server.RaftServerConfigKeys (ConfUtils.java:logGet(43)) - raft.server.log.statemachine.data.sync.timeout = 10s (default)
2019-09-17 12:54:56,911 [pool-47-thread-1] INFO  server.RaftServerConfigKeys (ConfUtils.java:logGet(43)) - raft.server.log.queue.byte-limit = 2147483647 (custom)
2019-09-17 12:54:56,912 [pool-37-thread-1] INFO  server.RaftServerConfigKeys (ConfUtils.java:logGet(43)) - raft.server.log.statemachine.data.sync.timeout.retry = -1 (default)
2019-09-17 12:54:56,912 [pool-27-thread-1] INFO  segmented.SegmentedRaftLogWorker (SegmentedRaftLogWorker.java:<init>(172)) - new 5e893e0a-56f7-4618-9f46-a6ff48173cb6@group-F4D2F7B62D29-SegmentedRaftLogWorker for RaftStorage:Storage Directory /tmp/workdir/hadoop-ozone/tools/target/test-dir/MiniOzoneClusterImpl-50a1f6bc-759b-451e-a5dd-d4a59b2daa65/datanode-0/data/ratis/8376842e-df81-42ad-9dff-f4d2f7b62d29
2019-09-17 12:54:56,912 [pool-37-thread-1] INFO  server.RaftServerConfigKeys (ConfUtils.java:logGet(43)) - raft.server.log.statemachine.data.caching.enabled = true (custom)
2019-09-17 12:54:56,912 [pool-47-thread-1] INFO  server.RaftServerConfigKeys (ConfUtils.java:logGet(43)) - raft.server.log.queue.element-limit = 1024 (custom)
2019-09-17 12:54:56,912 [pool-27-thread-1] INFO  server.RaftServerConfigKeys (ConfUtils.java:logGet(43)) - raft.server.log.queue.byte-limit = 2147483647 (custom)
2019-09-17 12:54:56,912 [pool-47-thread-1] INFO  server.RaftServerConfigKeys (ConfUtils.java:logGet(43)) - raft.server.log.segment.size.max = 1048576 (custom)
2019-09-17 12:54:56,912 [pool-37-thread-1] INFO  segmented.SegmentedRaftLogWorker (SegmentedRaftLogWorker.java:lambda$new$0(132)) - 84ab4d91-000c-4523-9c5f-2c204b5f6601@group-F4D2F7B62D29-SegmentedRaftLogWorker: flushIndex: setUnconditionally 0 -> -1
2019-09-17 12:54:56,912 [pool-27-thread-1] INFO  server.RaftServerConfigKeys (ConfUtils.java:logGet(43)) - raft.server.log.queue.element-limit = 1024 (custom)
2019-09-17 12:54:56,913 [pool-47-thread-1] INFO  server.RaftServerConfigKeys (ConfUtils.java:logGet(43)) - raft.server.log.preallocated.size = 16384 (custom)
2019-09-17 12:54:56,913 [pool-27-thread-1] INFO  server.RaftServerConfigKeys (ConfUtils.java:logGet(43)) - raft.server.log.segment.size.max = 1048576 (custom)
2019-09-17 12:54:56,913 [pool-37-thread-1] INFO  server.RaftServerConfigKeys (ConfUtils.java:logGet(43)) - raft.server.snapshot.auto.trigger.enabled = true (custom)
2019-09-17 12:54:56,913 [pool-47-thread-1] INFO  server.RaftServerConfigKeys (ConfUtils.java:logGet(43)) - raft.server.log.write.buffer.size = 33554432 (custom)
2019-09-17 12:54:56,913 [pool-37-thread-1] INFO  server.RaftServerConfigKeys (ConfUtils.java:logGet(43)) - raft.server.snapshot.auto.trigger.threshold = 10000 (custom)
2019-09-17 12:54:56,913 [pool-27-thread-1] INFO  server.RaftServerConfigKeys (ConfUtils.java:logGet(43)) - raft.server.log.preallocated.size = 16384 (custom)
2019-09-17 12:54:56,914 [pool-37-thread-1] INFO  server.RaftServerConfigKeys (ConfUtils.java:logGet(43)) - raft.server.snapshot.retention.num.files = 5 (custom)
2019-09-17 12:54:56,913 [pool-47-thread-1] INFO  server.RaftServerConfigKeys (ConfUtils.java:logGet(43)) - raft.server.log.force.sync.num = 128 (default)
2019-09-17 12:54:56,914 [pool-37-thread-1] INFO  server.RaftServerConfigKeys (ConfUtils.java:logGet(43)) - raft.server.retrycache.expirytime = 600000ms (custom)
2019-09-17 12:54:56,914 [pool-27-thread-1] INFO  server.RaftServerConfigKeys (ConfUtils.java:logGet(43)) - raft.server.log.write.buffer.size = 33554432 (custom)
2019-09-17 12:54:56,914 [pool-47-thread-1] INFO  server.RaftServerConfigKeys (ConfUtils.java:logGet(43)) - raft.server.log.statemachine.data.sync = true (default)
2019-09-17 12:54:56,914 [pool-27-thread-1] INFO  server.RaftServerConfigKeys (ConfUtils.java:logGet(43)) - raft.server.log.force.sync.num = 128 (default)
2019-09-17 12:54:56,914 [pool-47-thread-1] INFO  server.RaftServerConfigKeys (ConfUtils.java:logGet(43)) - raft.server.log.statemachine.data.sync.timeout = 10s (default)
2019-09-17 12:54:56,914 [pool-27-thread-1] INFO  server.RaftServerConfigKeys (ConfUtils.java:logGet(43)) - raft.server.log.statemachine.data.sync = true (default)
2019-09-17 12:54:56,915 [pool-47-thread-1] INFO  server.RaftServerConfigKeys (ConfUtils.java:logGet(43)) - raft.server.log.statemachine.data.sync.timeout.retry = -1 (default)
2019-09-17 12:54:56,915 [pool-27-thread-1] INFO  server.RaftServerConfigKeys (ConfUtils.java:logGet(43)) - raft.server.log.statemachine.data.sync.timeout = 10s (default)
2019-09-17 12:54:56,915 [pool-47-thread-1] INFO  server.RaftServerConfigKeys (ConfUtils.java:logGet(43)) - raft.server.log.statemachine.data.caching.enabled = true (custom)
2019-09-17 12:54:56,915 [pool-27-thread-1] INFO  server.RaftServerConfigKeys (ConfUtils.java:logGet(43)) - raft.server.log.statemachine.data.sync.timeout.retry = -1 (default)
2019-09-17 12:54:56,915 [pool-47-thread-1] INFO  segmented.SegmentedRaftLogWorker (SegmentedRaftLogWorker.java:lambda$new$0(132)) - f7ede272-a28a-44e0-9552-15581fc2de04@group-F4D2F7B62D29-SegmentedRaftLogWorker: flushIndex: setUnconditionally 0 -> -1
2019-09-17 12:54:56,915 [pool-27-thread-1] INFO  server.RaftServerConfigKeys (ConfUtils.java:logGet(43)) - raft.server.log.statemachine.data.caching.enabled = true (custom)
2019-09-17 12:54:56,916 [pool-47-thread-1] INFO  server.RaftServerConfigKeys (ConfUtils.java:logGet(43)) - raft.server.snapshot.auto.trigger.enabled = true (custom)
2019-09-17 12:54:56,916 [pool-27-thread-1] INFO  segmented.SegmentedRaftLogWorker (SegmentedRaftLogWorker.java:lambda$new$0(132)) - 5e893e0a-56f7-4618-9f46-a6ff48173cb6@group-F4D2F7B62D29-SegmentedRaftLogWorker: flushIndex: setUnconditionally 0 -> -1
2019-09-17 12:54:56,916 [pool-47-thread-1] INFO  server.RaftServerConfigKeys (ConfUtils.java:logGet(43)) - raft.server.snapshot.auto.trigger.threshold = 10000 (custom)
2019-09-17 12:54:56,916 [pool-47-thread-1] INFO  server.RaftServerConfigKeys (ConfUtils.java:logGet(43)) - raft.server.snapshot.retention.num.files = 5 (custom)
2019-09-17 12:54:56,916 [pool-27-thread-1] INFO  server.RaftServerConfigKeys (ConfUtils.java:logGet(43)) - raft.server.snapshot.auto.trigger.enabled = true (custom)
2019-09-17 12:54:56,916 [pool-47-thread-1] INFO  server.RaftServerConfigKeys (ConfUtils.java:logGet(43)) - raft.server.retrycache.expirytime = 600000ms (custom)
2019-09-17 12:54:56,916 [pool-27-thread-1] INFO  server.RaftServerConfigKeys (ConfUtils.java:logGet(43)) - raft.server.snapshot.auto.trigger.threshold = 10000 (custom)
2019-09-17 12:54:56,916 [pool-27-thread-1] INFO  server.RaftServerConfigKeys (ConfUtils.java:logGet(43)) - raft.server.snapshot.retention.num.files = 5 (custom)
2019-09-17 12:54:56,916 [pool-27-thread-1] INFO  server.RaftServerConfigKeys (ConfUtils.java:logGet(43)) - raft.server.retrycache.expirytime = 600000ms (custom)
2019-09-17 12:54:56,918 [pool-37-thread-1] INFO  impl.RaftServerImpl (RaftServerImpl.java:start(185)) - 84ab4d91-000c-4523-9c5f-2c204b5f6601@group-F4D2F7B62D29: start as a follower, conf=-1: [5e893e0a-56f7-4618-9f46-a6ff48173cb6:192.168.5.153:37060, 84ab4d91-000c-4523-9c5f-2c204b5f6601:192.168.5.153:39178, f7ede272-a28a-44e0-9552-15581fc2de04:192.168.5.153:38263], old=null
2019-09-17 12:54:56,918 [pool-37-thread-1] INFO  impl.RaftServerImpl (RaftServerImpl.java:setRole(174)) - 84ab4d91-000c-4523-9c5f-2c204b5f6601@group-F4D2F7B62D29: changes role from      null to FOLLOWER at term 0 for startAsFollower
2019-09-17 12:54:56,918 [pool-37-thread-1] INFO  impl.RoleInfo (RoleInfo.java:updateAndGet(143)) - 84ab4d91-000c-4523-9c5f-2c204b5f6601: start FollowerState
2019-09-17 12:54:56,919 [pool-37-thread-1] INFO  util.JmxRegister (JmxRegister.java:tryRegister(44)) - Successfully registered JMX Bean with object name Ratis:service=RaftServer,group=group-F4D2F7B62D29,id=84ab4d91-000c-4523-9c5f-2c204b5f6601
2019-09-17 12:54:56,919 [pool-47-thread-1] INFO  impl.RaftServerImpl (RaftServerImpl.java:start(185)) - f7ede272-a28a-44e0-9552-15581fc2de04@group-F4D2F7B62D29: start as a follower, conf=-1: [5e893e0a-56f7-4618-9f46-a6ff48173cb6:192.168.5.153:37060, 84ab4d91-000c-4523-9c5f-2c204b5f6601:192.168.5.153:39178, f7ede272-a28a-44e0-9552-15581fc2de04:192.168.5.153:38263], old=null
2019-09-17 12:54:56,919 [pool-47-thread-1] INFO  impl.RaftServerImpl (RaftServerImpl.java:setRole(174)) - f7ede272-a28a-44e0-9552-15581fc2de04@group-F4D2F7B62D29: changes role from      null to FOLLOWER at term 0 for startAsFollower
2019-09-17 12:54:56,919 [pool-27-thread-1] INFO  impl.RaftServerImpl (RaftServerImpl.java:start(185)) - 5e893e0a-56f7-4618-9f46-a6ff48173cb6@group-F4D2F7B62D29: start as a follower, conf=-1: [5e893e0a-56f7-4618-9f46-a6ff48173cb6:192.168.5.153:37060, 84ab4d91-000c-4523-9c5f-2c204b5f6601:192.168.5.153:39178, f7ede272-a28a-44e0-9552-15581fc2de04:192.168.5.153:38263], old=null
2019-09-17 12:54:56,919 [pool-47-thread-1] INFO  impl.RoleInfo (RoleInfo.java:updateAndGet(143)) - f7ede272-a28a-44e0-9552-15581fc2de04: start FollowerState
2019-09-17 12:54:56,920 [pool-27-thread-1] INFO  impl.RaftServerImpl (RaftServerImpl.java:setRole(174)) - 5e893e0a-56f7-4618-9f46-a6ff48173cb6@group-F4D2F7B62D29: changes role from      null to FOLLOWER at term 0 for startAsFollower
2019-09-17 12:54:56,920 [pool-27-thread-1] INFO  impl.RoleInfo (RoleInfo.java:updateAndGet(143)) - 5e893e0a-56f7-4618-9f46-a6ff48173cb6: start FollowerState
2019-09-17 12:54:56,920 [pool-47-thread-1] INFO  util.JmxRegister (JmxRegister.java:tryRegister(44)) - Successfully registered JMX Bean with object name Ratis:service=RaftServer,group=group-F4D2F7B62D29,id=f7ede272-a28a-44e0-9552-15581fc2de04
2019-09-17 12:54:56,920 [pool-27-thread-1] INFO  util.JmxRegister (JmxRegister.java:tryRegister(44)) - Successfully registered JMX Bean with object name Ratis:service=RaftServer,group=group-F4D2F7B62D29,id=5e893e0a-56f7-4618-9f46-a6ff48173cb6
2019-09-17 12:54:56,922 [RatisPipelineUtilsThread] INFO  pipeline.PipelineStateManager (PipelineStateManager.java:addPipeline(56)) - Created pipeline Pipeline[ Id: 8376842e-df81-42ad-9dff-f4d2f7b62d29, Nodes: 5e893e0a-56f7-4618-9f46-a6ff48173cb6{ip: 192.168.5.153, host: pr-hdds-2137-trunk-mnh2s-3748177197, networkLocation: /default-rack, certSerialId: null}84ab4d91-000c-4523-9c5f-2c204b5f6601{ip: 192.168.5.153, host: pr-hdds-2137-trunk-mnh2s-3748177197, networkLocation: /default-rack, certSerialId: null}f7ede272-a28a-44e0-9552-15581fc2de04{ip: 192.168.5.153, host: pr-hdds-2137-trunk-mnh2s-3748177197, networkLocation: /default-rack, certSerialId: null}, Type:RATIS, Factor:THREE, State:OPEN]
2019-09-17 12:54:56,923 [EventQueue-PipelineActionsForPipelineActionHandler] ERROR pipeline.PipelineActionHandler (PipelineActionHandler.java:onMessage(60)) - Received pipeline action CLOSE for Pipeline[ Id: 2352ae7c-367f-43ff-a988-0e70a92ca2c7, Nodes: 5e893e0a-56f7-4618-9f46-a6ff48173cb6{ip: 192.168.5.153, host: pr-hdds-2137-trunk-mnh2s-3748177197, networkLocation: /default-rack, certSerialId: null}84ab4d91-000c-4523-9c5f-2c204b5f6601{ip: 192.168.5.153, host: pr-hdds-2137-trunk-mnh2s-3748177197, networkLocation: /default-rack, certSerialId: null}f7ede272-a28a-44e0-9552-15581fc2de04{ip: 192.168.5.153, host: pr-hdds-2137-trunk-mnh2s-3748177197, networkLocation: /default-rack, certSerialId: null}, Type:RATIS, Factor:THREE, State:CLOSED] from datanode f7ede272-a28a-44e0-9552-15581fc2de04{ip: 192.168.5.153, host: pr-hdds-2137-trunk-mnh2s-3748177197, networkLocation: /default-rack, certSerialId: null}. Reason : f7ede272-a28a-44e0-9552-15581fc2de04 has not seen follower/s 5e893e0a-56f7-4618-9f46-a6ff48173cb6 for 122359ms 84ab4d91-000c-4523-9c5f-2c204b5f6601 for 122372ms
2019-09-17 12:54:56,923 [EventQueue-PipelineActionsForPipelineActionHandler] INFO  pipeline.SCMPipelineManager (SCMPipelineManager.java:finalizeAndDestroyPipeline(311)) - destroying pipeline:Pipeline[ Id: 2352ae7c-367f-43ff-a988-0e70a92ca2c7, Nodes: 5e893e0a-56f7-4618-9f46-a6ff48173cb6{ip: 192.168.5.153, host: pr-hdds-2137-trunk-mnh2s-3748177197, networkLocation: /default-rack, certSerialId: null}84ab4d91-000c-4523-9c5f-2c204b5f6601{ip: 192.168.5.153, host: pr-hdds-2137-trunk-mnh2s-3748177197, networkLocation: /default-rack, certSerialId: null}f7ede272-a28a-44e0-9552-15581fc2de04{ip: 192.168.5.153, host: pr-hdds-2137-trunk-mnh2s-3748177197, networkLocation: /default-rack, certSerialId: null}, Type:RATIS, Factor:THREE, State:CLOSED]
 0.00% |█                                                                                                    |  0/1 Time: 0:02:052019-09-17 12:54:58,375 [org.apache.ratis.server.impl.LogAppender$AppenderDaemon$$Lambda$509/159327213@700dfebd] ERROR ratis.XceiverServerRatis (XceiverServerRatis.java:triggerPipelineClose(575)) - pipeline Action CLOSE  on pipeline PipelineID=2352ae7c-367f-43ff-a988-0e70a92ca2c7.Reason : f7ede272-a28a-44e0-9552-15581fc2de04 has not seen follower/s 5e893e0a-56f7-4618-9f46-a6ff48173cb6 for 124861ms 84ab4d91-000c-4523-9c5f-2c204b5f6601 for 124874ms
2019-09-17 12:54:58,375 [org.apache.ratis.server.impl.LogAppender$AppenderDaemon$$Lambda$509/159327213@b9d0d58] ERROR ratis.XceiverServerRatis (XceiverServerRatis.java:triggerPipelineClose(575)) - pipeline Action CLOSE  on pipeline PipelineID=2352ae7c-367f-43ff-a988-0e70a92ca2c7.Reason : f7ede272-a28a-44e0-9552-15581fc2de04 has not seen follower/s 5e893e0a-56f7-4618-9f46-a6ff48173cb6 for 124861ms 84ab4d91-000c-4523-9c5f-2c204b5f6601 for 124874ms
2019-09-17 12:54:58,874 [java.util.concurrent.ThreadPoolExecutor$Worker@114f3833[State = -1, empty queue]] WARN  server.GrpcLogAppender (GrpcLogAppender.java:timeoutAppendRequest(200)) - f7ede272-a28a-44e0-9552-15581fc2de04@group-0E70A92CA2C7->84ab4d91-000c-4523-9c5f-2c204b5f6601-GrpcLogAppender: appendEntries Timeout, request=f7ede272-a28a-44e0-9552-15581fc2de04->84ab4d91-000c-4523-9c5f-2c204b5f6601#86-t1, previous=(t:1, i:34), leaderCommit=30, initializing? false, entries: size=1, first=(t:1, i:35), STATEMACHINELOGENTRY, client-9EE75E2433FD, cid=21
2019-09-17 12:54:58,874 [java.util.concurrent.ThreadPoolExecutor$Worker@27773213[State = -1, empty queue]] WARN  server.GrpcLogAppender (GrpcLogAppender.java:timeoutAppendRequest(200)) - f7ede272-a28a-44e0-9552-15581fc2de04@group-0E70A92CA2C7->5e893e0a-56f7-4618-9f46-a6ff48173cb6-GrpcLogAppender: appendEntries Timeout, request=f7ede272-a28a-44e0-9552-15581fc2de04->5e893e0a-56f7-4618-9f46-a6ff48173cb6#86-t1, previous=(t:1, i:34), leaderCommit=30, initializing? false, entries: size=1, first=(t:1, i:35), STATEMACHINELOGENTRY, client-9EE75E2433FD, cid=21
2019-09-17 12:54:58,874 [EventQueue-PipelineActionsForPipelineActionHandler] ERROR pipeline.PipelineActionHandler (PipelineActionHandler.java:onMessage(60)) - Received pipeline action CLOSE for Pipeline[ Id: 2352ae7c-367f-43ff-a988-0e70a92ca2c7, Nodes: 5e893e0a-56f7-4618-9f46-a6ff48173cb6{ip: 192.168.5.153, host: pr-hdds-2137-trunk-mnh2s-3748177197, networkLocation: /default-rack, certSerialId: null}84ab4d91-000c-4523-9c5f-2c204b5f6601{ip: 192.168.5.153, host: pr-hdds-2137-trunk-mnh2s-3748177197, networkLocation: /default-rack, certSerialId: null}f7ede272-a28a-44e0-9552-15581fc2de04{ip: 192.168.5.153, host: pr-hdds-2137-trunk-mnh2s-3748177197, networkLocation: /default-rack, certSerialId: null}, Type:RATIS, Factor:THREE, State:CLOSED] from datanode f7ede272-a28a-44e0-9552-15581fc2de04{ip: 192.168.5.153, host: pr-hdds-2137-trunk-mnh2s-3748177197, networkLocation: /default-rack, certSerialId: null}. Reason : f7ede272-a28a-44e0-9552-15581fc2de04 has not seen follower/s 5e893e0a-56f7-4618-9f46-a6ff48173cb6 for 124861ms 84ab4d91-000c-4523-9c5f-2c204b5f6601 for 124874ms
2019-09-17 12:54:58,875 [EventQueue-PipelineActionsForPipelineActionHandler] INFO  pipeline.SCMPipelineManager (SCMPipelineManager.java:finalizeAndDestroyPipeline(311)) - destroying pipeline:Pipeline[ Id: 2352ae7c-367f-43ff-a988-0e70a92ca2c7, Nodes: 5e893e0a-56f7-4618-9f46-a6ff48173cb6{ip: 192.168.5.153, host: pr-hdds-2137-trunk-mnh2s-3748177197, networkLocation: /default-rack, certSerialId: null}84ab4d91-000c-4523-9c5f-2c204b5f6601{ip: 192.168.5.153, host: pr-hdds-2137-trunk-mnh2s-3748177197, networkLocation: /default-rack, certSerialId: null}f7ede272-a28a-44e0-9552-15581fc2de04{ip: 192.168.5.153, host: pr-hdds-2137-trunk-mnh2s-3748177197, networkLocation: /default-rack, certSerialId: null}, Type:RATIS, Factor:THREE, State:CLOSED]
 0.00% |█                                                                                                    |  0/1 Time: 0:02:062019-09-17 12:54:59,581 [grpc-default-executor-5] INFO  client.GrpcClientProtocolClient (GrpcClientProtocolClient.java:onNext(264)) - client-B7904277824C->84ab4d91-000c-4523-9c5f-2c204b5f6601: receive RaftClientReply:client-B7904277824C->84ab4d91-000c-4523-9c5f-2c204b5f6601@group-0E70A92CA2C7, cid=281, FAILED org.apache.ratis.protocol.NotLeaderException: Server 84ab4d91-000c-4523-9c5f-2c204b5f6601@group-0E70A92CA2C7 is not the leader f7ede272-a28a-44e0-9552-15581fc2de04:192.168.5.153:38263, logIndex=0, commits[84ab4d91-000c-4523-9c5f-2c204b5f6601:c30, 5e893e0a-56f7-4618-9f46-a6ff48173cb6:c26, f7ede272-a28a-44e0-9552-15581fc2de04:c30]
 0.00% |█                                                                                                    |  0/1 Time: 0:02:072019-09-17 12:55:00,877 [org.apache.ratis.server.impl.LogAppender$AppenderDaemon$$Lambda$509/159327213@700dfebd] ERROR ratis.XceiverServerRatis (XceiverServerRatis.java:triggerPipelineClose(575)) - pipeline Action CLOSE  on pipeline PipelineID=2352ae7c-367f-43ff-a988-0e70a92ca2c7.Reason : f7ede272-a28a-44e0-9552-15581fc2de04 has not seen follower/s 5e893e0a-56f7-4618-9f46-a6ff48173cb6 for 127362ms 84ab4d91-000c-4523-9c5f-2c204b5f6601 for 127375ms
2019-09-17 12:55:00,877 [org.apache.ratis.server.impl.LogAppender$AppenderDaemon$$Lambda$509/159327213@b9d0d58] ERROR ratis.XceiverServerRatis (XceiverServerRatis.java:triggerPipelineClose(575)) - pipeline Action CLOSE  on pipeline PipelineID=2352ae7c-367f-43ff-a988-0e70a92ca2c7.Reason : f7ede272-a28a-44e0-9552-15581fc2de04 has not seen follower/s 5e893e0a-56f7-4618-9f46-a6ff48173cb6 for 127362ms 84ab4d91-000c-4523-9c5f-2c204b5f6601 for 127375ms
 0.00% |█                                                                                                    |  0/1 Time: 0:02:082019-09-17 12:55:01,375 [java.util.concurrent.ThreadPoolExecutor$Worker@114f3833[State = -1, empty queue]] WARN  server.GrpcLogAppender (GrpcLogAppender.java:timeoutAppendRequest(200)) - f7ede272-a28a-44e0-9552-15581fc2de04@group-0E70A92CA2C7->84ab4d91-000c-4523-9c5f-2c204b5f6601-GrpcLogAppender: appendEntries Timeout, request=f7ede272-a28a-44e0-9552-15581fc2de04->84ab4d91-000c-4523-9c5f-2c204b5f6601#87-t1, previous=(t:1, i:35), leaderCommit=30, initializing? false, entries: <empty>
2019-09-17 12:55:01,375 [java.util.concurrent.ThreadPoolExecutor$Worker@27773213[State = -1, empty queue]] WARN  server.GrpcLogAppender (GrpcLogAppender.java:timeoutAppendRequest(200)) - f7ede272-a28a-44e0-9552-15581fc2de04@group-0E70A92CA2C7->5e893e0a-56f7-4618-9f46-a6ff48173cb6-GrpcLogAppender: appendEntries Timeout, request=f7ede272-a28a-44e0-9552-15581fc2de04->5e893e0a-56f7-4618-9f46-a6ff48173cb6#87-t1, previous=(t:1, i:35), leaderCommit=30, initializing? false, entries: <empty>
2019-09-17 12:55:01,877 [EventQueue-PipelineActionsForPipelineActionHandler] ERROR pipeline.PipelineActionHandler (PipelineActionHandler.java:onMessage(60)) - Received pipeline action CLOSE for Pipeline[ Id: 2352ae7c-367f-43ff-a988-0e70a92ca2c7, Nodes: 5e893e0a-56f7-4618-9f46-a6ff48173cb6{ip: 192.168.5.153, host: pr-hdds-2137-trunk-mnh2s-3748177197, networkLocation: /default-rack, certSerialId: null}84ab4d91-000c-4523-9c5f-2c204b5f6601{ip: 192.168.5.153, host: pr-hdds-2137-trunk-mnh2s-3748177197, networkLocation: /default-rack, certSerialId: null}f7ede272-a28a-44e0-9552-15581fc2de04{ip: 192.168.5.153, host: pr-hdds-2137-trunk-mnh2s-3748177197, networkLocation: /default-rack, certSerialId: null}, Type:RATIS, Factor:THREE, State:CLOSED] from datanode f7ede272-a28a-44e0-9552-15581fc2de04{ip: 192.168.5.153, host: pr-hdds-2137-trunk-mnh2s-3748177197, networkLocation: /default-rack, certSerialId: null}. Reason : f7ede272-a28a-44e0-9552-15581fc2de04 has not seen follower/s 5e893e0a-56f7-4618-9f46-a6ff48173cb6 for 127362ms 84ab4d91-000c-4523-9c5f-2c204b5f6601 for 127375ms
2019-09-17 12:55:01,878 [EventQueue-PipelineActionsForPipelineActionHandler] INFO  pipeline.SCMPipelineManager (SCMPipelineManager.java:finalizeAndDestroyPipeline(311)) - destroying pipeline:Pipeline[ Id: 2352ae7c-367f-43ff-a988-0e70a92ca2c7, Nodes: 5e893e0a-56f7-4618-9f46-a6ff48173cb6{ip: 192.168.5.153, host: pr-hdds-2137-trunk-mnh2s-3748177197, networkLocation: /default-rack, certSerialId: null}84ab4d91-000c-4523-9c5f-2c204b5f6601{ip: 192.168.5.153, host: pr-hdds-2137-trunk-mnh2s-3748177197, networkLocation: /default-rack, certSerialId: null}f7ede272-a28a-44e0-9552-15581fc2de04{ip: 192.168.5.153, host: pr-hdds-2137-trunk-mnh2s-3748177197, networkLocation: /default-rack, certSerialId: null}, Type:RATIS, Factor:THREE, State:CLOSED]
 0.00% |█                                                                                                    |  0/1 Time: 0:02:092019-09-17 12:55:01,931 [Thread-1972] INFO  impl.FollowerState (FollowerState.java:run(106)) - f7ede272-a28a-44e0-9552-15581fc2de04:group-F4D2F7B62D29 changes to CANDIDATE, lastRpcTime:5011, electionTimeout:5011ms
2019-09-17 12:55:01,932 [Thread-1972] INFO  impl.RoleInfo (RoleInfo.java:shutdownFollowerState(121)) - f7ede272-a28a-44e0-9552-15581fc2de04: shutdown FollowerState
2019-09-17 12:55:01,932 [Thread-1972] INFO  impl.RaftServerImpl (RaftServerImpl.java:setRole(174)) - f7ede272-a28a-44e0-9552-15581fc2de04@group-F4D2F7B62D29: changes role from  FOLLOWER to CANDIDATE at term 0 for changeToCandidate
2019-09-17 12:55:01,933 [Thread-1972] INFO  impl.RoleInfo (RoleInfo.java:updateAndGet(143)) - f7ede272-a28a-44e0-9552-15581fc2de04: start LeaderElection
2019-09-17 12:55:01,958 [Thread-1971] INFO  impl.FollowerState (FollowerState.java:run(106)) - 84ab4d91-000c-4523-9c5f-2c204b5f6601:group-F4D2F7B62D29 changes to CANDIDATE, lastRpcTime:5039, electionTimeout:5039ms
2019-09-17 12:55:01,958 [Thread-1971] INFO  impl.RoleInfo (RoleInfo.java:shutdownFollowerState(121)) - 84ab4d91-000c-4523-9c5f-2c204b5f6601: shutdown FollowerState
2019-09-17 12:55:01,959 [Thread-1971] INFO  impl.RaftServerImpl (RaftServerImpl.java:setRole(174)) - 84ab4d91-000c-4523-9c5f-2c204b5f6601@group-F4D2F7B62D29: changes role from  FOLLOWER to CANDIDATE at term 0 for changeToCandidate
2019-09-17 12:55:01,959 [Thread-1971] INFO  impl.RoleInfo (RoleInfo.java:updateAndGet(143)) - 84ab4d91-000c-4523-9c5f-2c204b5f6601: start LeaderElection
2019-09-17 12:55:01,963 [f7ede272-a28a-44e0-9552-15581fc2de04@group-F4D2F7B62D29:LeaderElection15] INFO  impl.LeaderElection (LeaderElection.java:askForVotes(182)) - f7ede272-a28a-44e0-9552-15581fc2de04@group-F4D2F7B62D29:LeaderElection15: begin an election at term 1 for -1: [5e893e0a-56f7-4618-9f46-a6ff48173cb6:192.168.5.153:37060, 84ab4d91-000c-4523-9c5f-2c204b5f6601:192.168.5.153:39178, f7ede272-a28a-44e0-9552-15581fc2de04:192.168.5.153:38263], old=null
2019-09-17 12:55:01,971 [grpc-default-executor-5] INFO  impl.RaftServerImpl (RaftServerImpl.java:setRole(174)) - 5e893e0a-56f7-4618-9f46-a6ff48173cb6@group-F4D2F7B62D29: changes role from  FOLLOWER to FOLLOWER at term 1 for recognizeCandidate:f7ede272-a28a-44e0-9552-15581fc2de04
2019-09-17 12:55:01,971 [grpc-default-executor-5] INFO  impl.RoleInfo (RoleInfo.java:shutdownFollowerState(121)) - 5e893e0a-56f7-4618-9f46-a6ff48173cb6: shutdown FollowerState
2019-09-17 12:55:01,972 [grpc-default-executor-5] INFO  impl.RoleInfo (RoleInfo.java:updateAndGet(143)) - 5e893e0a-56f7-4618-9f46-a6ff48173cb6: start FollowerState
2019-09-17 12:55:01,972 [Thread-1974] INFO  impl.FollowerState (FollowerState.java:run(115)) - 5e893e0a-56f7-4618-9f46-a6ff48173cb6: FollowerState was interrupted: java.lang.InterruptedException: sleep interrupted
2019-09-17 12:55:01,983 [84ab4d91-000c-4523-9c5f-2c204b5f6601@group-F4D2F7B62D29:LeaderElection16] INFO  impl.LeaderElection (LeaderElection.java:askForVotes(182)) - 84ab4d91-000c-4523-9c5f-2c204b5f6601@group-F4D2F7B62D29:LeaderElection16: begin an election at term 1 for -1: [5e893e0a-56f7-4618-9f46-a6ff48173cb6:192.168.5.153:37060, 84ab4d91-000c-4523-9c5f-2c204b5f6601:192.168.5.153:39178, f7ede272-a28a-44e0-9552-15581fc2de04:192.168.5.153:38263], old=null
2019-09-17 12:55:02,007 [84ab4d91-000c-4523-9c5f-2c204b5f6601@group-F4D2F7B62D29:LeaderElection16] INFO  impl.LeaderElection (LeaderElection.java:logAndReturn(56)) - 84ab4d91-000c-4523-9c5f-2c204b5f6601@group-F4D2F7B62D29:LeaderElection16: Election REJECTED; received 2 response(s) [84ab4d91-000c-4523-9c5f-2c204b5f6601<-5e893e0a-56f7-4618-9f46-a6ff48173cb6#0:FAIL-t1, 84ab4d91-000c-4523-9c5f-2c204b5f6601<-f7ede272-a28a-44e0-9552-15581fc2de04#0:FAIL-t1] and 0 exception(s); 84ab4d91-000c-4523-9c5f-2c204b5f6601@group-F4D2F7B62D29:t1, leader=null, voted=84ab4d91-000c-4523-9c5f-2c204b5f6601, raftlog=84ab4d91-000c-4523-9c5f-2c204b5f6601@group-F4D2F7B62D29-SegmentedRaftLog:OPENED:c-1,f-1,i0, conf=-1: [5e893e0a-56f7-4618-9f46-a6ff48173cb6:192.168.5.153:37060, 84ab4d91-000c-4523-9c5f-2c204b5f6601:192.168.5.153:39178, f7ede272-a28a-44e0-9552-15581fc2de04:192.168.5.153:38263], old=null
2019-09-17 12:55:02,007 [f7ede272-a28a-44e0-9552-15581fc2de04@group-F4D2F7B62D29:LeaderElection15] INFO  impl.LeaderElection (LeaderElection.java:logAndReturn(56)) - f7ede272-a28a-44e0-9552-15581fc2de04@group-F4D2F7B62D29:LeaderElection15: Election PASSED; received 2 response(s) [f7ede272-a28a-44e0-9552-15581fc2de04<-5e893e0a-56f7-4618-9f46-a6ff48173cb6#0:OK-t1, f7ede272-a28a-44e0-9552-15581fc2de04<-84ab4d91-000c-4523-9c5f-2c204b5f6601#0:FAIL-t1] and 0 exception(s); f7ede272-a28a-44e0-9552-15581fc2de04@group-F4D2F7B62D29:t1, leader=null, voted=f7ede272-a28a-44e0-9552-15581fc2de04, raftlog=f7ede272-a28a-44e0-9552-15581fc2de04@group-F4D2F7B62D29-SegmentedRaftLog:OPENED:c-1,f-1,i0, conf=-1: [5e893e0a-56f7-4618-9f46-a6ff48173cb6:192.168.5.153:37060, 84ab4d91-000c-4523-9c5f-2c204b5f6601:192.168.5.153:39178, f7ede272-a28a-44e0-9552-15581fc2de04:192.168.5.153:38263], old=null
2019-09-17 12:55:02,008 [84ab4d91-000c-4523-9c5f-2c204b5f6601@group-F4D2F7B62D29:LeaderElection16] INFO  impl.RaftServerImpl (RaftServerImpl.java:setRole(174)) - 84ab4d91-000c-4523-9c5f-2c204b5f6601@group-F4D2F7B62D29: changes role from CANDIDATE to FOLLOWER at term 1 for DISCOVERED_A_NEW_TERM
2019-09-17 12:55:02,008 [f7ede272-a28a-44e0-9552-15581fc2de04@group-F4D2F7B62D29:LeaderElection15] INFO  impl.RoleInfo (RoleInfo.java:shutdownLeaderElection(134)) - f7ede272-a28a-44e0-9552-15581fc2de04: shutdown LeaderElection
2019-09-17 12:55:02,008 [84ab4d91-000c-4523-9c5f-2c204b5f6601@group-F4D2F7B62D29:LeaderElection16] INFO  impl.RoleInfo (RoleInfo.java:shutdownLeaderElection(134)) - 84ab4d91-000c-4523-9c5f-2c204b5f6601: shutdown LeaderElection
2019-09-17 12:55:02,008 [f7ede272-a28a-44e0-9552-15581fc2de04@group-F4D2F7B62D29:LeaderElection15] INFO  impl.RaftServerImpl (RaftServerImpl.java:setRole(174)) - f7ede272-a28a-44e0-9552-15581fc2de04@group-F4D2F7B62D29: changes role from CANDIDATE to LEADER at term 1 for changeToLeader
2019-09-17 12:55:02,008 [84ab4d91-000c-4523-9c5f-2c204b5f6601@group-F4D2F7B62D29:LeaderElection16] INFO  impl.RoleInfo (RoleInfo.java:updateAndGet(143)) - 84ab4d91-000c-4523-9c5f-2c204b5f6601: start FollowerState
2019-09-17 12:55:02,008 [f7ede272-a28a-44e0-9552-15581fc2de04@group-F4D2F7B62D29:LeaderElection15] INFO  impl.RaftServerImpl (ServerState.java:setLeader(253)) - f7ede272-a28a-44e0-9552-15581fc2de04@group-F4D2F7B62D29: change Leader from null to f7ede272-a28a-44e0-9552-15581fc2de04 at term 1 for becomeLeader, leader elected after 5100ms
2019-09-17 12:55:02,009 [f7ede272-a28a-44e0-9552-15581fc2de04@group-F4D2F7B62D29:LeaderElection15] INFO  server.RaftServerConfigKeys (ConfUtils.java:logGet(43)) - raft.server.staging.catchup.gap = 1000 (default)
2019-09-17 12:55:02,009 [f7ede272-a28a-44e0-9552-15581fc2de04@group-F4D2F7B62D29:LeaderElection15] INFO  server.RaftServerConfigKeys (ConfUtils.java:logGet(43)) - raft.server.rpc.sleep.time = 25ms (default)
2019-09-17 12:55:02,009 [f7ede272-a28a-44e0-9552-15581fc2de04@group-F4D2F7B62D29:LeaderElection15] INFO  server.RaftServerConfigKeys (ConfUtils.java:logGet(43)) - raft.server.write.element-limit = 4096 (default)
2019-09-17 12:55:02,010 [f7ede272-a28a-44e0-9552-15581fc2de04@group-F4D2F7B62D29:LeaderElection15] INFO  server.RaftServerConfigKeys (ConfUtils.java:logGet(43)) - raft.server.watch.timeout = 10s (default)
2019-09-17 12:55:02,010 [f7ede272-a28a-44e0-9552-15581fc2de04@group-F4D2F7B62D29:LeaderElection15] INFO  server.RaftServerConfigKeys (ConfUtils.java:logGet(43)) - raft.server.watch.timeout.denomination = 1s (default)
2019-09-17 12:55:02,010 [f7ede272-a28a-44e0-9552-15581fc2de04@group-F4D2F7B62D29:LeaderElection15] INFO  server.RaftServerConfigKeys (ConfUtils.java:logGet(43)) - raft.server.watch.element-limit = 65536 (default)
2019-09-17 12:55:02,014 [f7ede272-a28a-44e0-9552-15581fc2de04@group-F4D2F7B62D29:LeaderElection15] INFO  server.RaftServerConfigKeys (ConfUtils.java:logGet(43)) - raft.server.log.appender.snapshot.chunk.size.max = 16MB (=16777216) (default)
2019-09-17 12:55:02,015 [f7ede272-a28a-44e0-9552-15581fc2de04@group-F4D2F7B62D29:LeaderElection15] INFO  server.RaftServerConfigKeys (ConfUtils.java:logGet(43)) - raft.server.log.appender.buffer.byte-limit = 33554432 (custom)
2019-09-17 12:55:02,015 [f7ede272-a28a-44e0-9552-15581fc2de04@group-F4D2F7B62D29:LeaderElection15] INFO  server.RaftServerConfigKeys (ConfUtils.java:logGet(43)) - raft.server.log.appender.buffer.element-limit = 1 (custom)
2019-09-17 12:55:02,015 [f7ede272-a28a-44e0-9552-15581fc2de04@group-F4D2F7B62D29:LeaderElection15] INFO  grpc.GrpcConfigKeys$Server (ConfUtils.java:logGet(43)) - raft.grpc.server.leader.outstanding.appends.max = 128 (default)
2019-09-17 12:55:02,015 [f7ede272-a28a-44e0-9552-15581fc2de04@group-F4D2F7B62D29:LeaderElection15] INFO  server.RaftServerConfigKeys (ConfUtils.java:logGet(43)) - raft.server.rpc.request.timeout = 3000ms (default)
2019-09-17 12:55:02,016 [f7ede272-a28a-44e0-9552-15581fc2de04@group-F4D2F7B62D29:LeaderElection15] INFO  server.RaftServerConfigKeys (ConfUtils.java:logGet(43)) - raft.server.log.appender.install.snapshot.enabled = false (custom)
2019-09-17 12:55:02,016 [f7ede272-a28a-44e0-9552-15581fc2de04@group-F4D2F7B62D29:LeaderElection15] INFO  server.RaftServerConfigKeys (ConfUtils.java:logGet(43)) - raft.server.log.appender.snapshot.chunk.size.max = 16MB (=16777216) (default)
2019-09-17 12:55:02,016 [f7ede272-a28a-44e0-9552-15581fc2de04@group-F4D2F7B62D29:LeaderElection15] INFO  server.RaftServerConfigKeys (ConfUtils.java:logGet(43)) - raft.server.log.appender.buffer.byte-limit = 33554432 (custom)
2019-09-17 12:55:02,016 [f7ede272-a28a-44e0-9552-15581fc2de04@group-F4D2F7B62D29:LeaderElection15] INFO  server.RaftServerConfigKeys (ConfUtils.java:logGet(43)) - raft.server.log.appender.buffer.element-limit = 1 (custom)
2019-09-17 12:55:02,016 [f7ede272-a28a-44e0-9552-15581fc2de04@group-F4D2F7B62D29:LeaderElection15] INFO  grpc.GrpcConfigKeys$Server (ConfUtils.java:logGet(43)) - raft.grpc.server.leader.outstanding.appends.max = 128 (default)
2019-09-17 12:55:02,017 [f7ede272-a28a-44e0-9552-15581fc2de04@group-F4D2F7B62D29:LeaderElection15] INFO  server.RaftServerConfigKeys (ConfUtils.java:logGet(43)) - raft.server.rpc.request.timeout = 3000ms (default)
2019-09-17 12:55:02,017 [f7ede272-a28a-44e0-9552-15581fc2de04@group-F4D2F7B62D29:LeaderElection15] INFO  server.RaftServerConfigKeys (ConfUtils.java:logGet(43)) - raft.server.log.appender.install.snapshot.enabled = false (custom)
2019-09-17 12:55:02,017 [f7ede272-a28a-44e0-9552-15581fc2de04@group-F4D2F7B62D29:LeaderElection15] INFO  impl.RoleInfo (RoleInfo.java:updateAndGet(143)) - f7ede272-a28a-44e0-9552-15581fc2de04: start LeaderState
2019-09-17 12:55:02,018 [f7ede272-a28a-44e0-9552-15581fc2de04@group-F4D2F7B62D29:LeaderElection15] INFO  segmented.SegmentedRaftLogWorker (SegmentedRaftLogWorker.java:startLogSegment(380)) - f7ede272-a28a-44e0-9552-15581fc2de04@group-F4D2F7B62D29-SegmentedRaftLogWorker: Starting segment from index:0
2019-09-17 12:55:02,019 [f7ede272-a28a-44e0-9552-15581fc2de04@group-F4D2F7B62D29:LeaderElection15] INFO  impl.RaftServerImpl (ServerState.java:setRaftConf(354)) - f7ede272-a28a-44e0-9552-15581fc2de04@group-F4D2F7B62D29: set configuration 0: [5e893e0a-56f7-4618-9f46-a6ff48173cb6:192.168.5.153:37060, 84ab4d91-000c-4523-9c5f-2c204b5f6601:192.168.5.153:39178, f7ede272-a28a-44e0-9552-15581fc2de04:192.168.5.153:38263], old=null at 0
2019-09-17 12:55:02,058 [grpc-default-executor-5] INFO  impl.RaftServerImpl (ServerState.java:setLeader(253)) - 5e893e0a-56f7-4618-9f46-a6ff48173cb6@group-F4D2F7B62D29: change Leader from null to f7ede272-a28a-44e0-9552-15581fc2de04 at term 1 for appendEntries, leader elected after 5149ms
2019-09-17 12:55:02,058 [grpc-default-executor-7] INFO  impl.RaftServerImpl (ServerState.java:setLeader(253)) - 84ab4d91-000c-4523-9c5f-2c204b5f6601@group-F4D2F7B62D29: change Leader from null to f7ede272-a28a-44e0-9552-15581fc2de04 at term 1 for appendEntries, leader elected after 5150ms
2019-09-17 12:55:02,061 [grpc-default-executor-7] INFO  impl.RaftServerImpl (ServerState.java:setRaftConf(354)) - 5e893e0a-56f7-4618-9f46-a6ff48173cb6@group-F4D2F7B62D29: set configuration 0: [5e893e0a-56f7-4618-9f46-a6ff48173cb6:192.168.5.153:37060, 84ab4d91-000c-4523-9c5f-2c204b5f6601:192.168.5.153:39178, f7ede272-a28a-44e0-9552-15581fc2de04:192.168.5.153:38263], old=null at 0
2019-09-17 12:55:02,061 [grpc-default-executor-5] INFO  impl.RaftServerImpl (ServerState.java:setRaftConf(354)) - 84ab4d91-000c-4523-9c5f-2c204b5f6601@group-F4D2F7B62D29: set configuration 0: [5e893e0a-56f7-4618-9f46-a6ff48173cb6:192.168.5.153:37060, 84ab4d91-000c-4523-9c5f-2c204b5f6601:192.168.5.153:39178, f7ede272-a28a-44e0-9552-15581fc2de04:192.168.5.153:38263], old=null at 0
2019-09-17 12:55:02,061 [grpc-default-executor-7] INFO  segmented.SegmentedRaftLogWorker (SegmentedRaftLogWorker.java:startLogSegment(380)) - 5e893e0a-56f7-4618-9f46-a6ff48173cb6@group-F4D2F7B62D29-SegmentedRaftLogWorker: Starting segment from index:0
2019-09-17 12:55:02,061 [grpc-default-executor-5] INFO  segmented.SegmentedRaftLogWorker (SegmentedRaftLogWorker.java:startLogSegment(380)) - 84ab4d91-000c-4523-9c5f-2c204b5f6601@group-F4D2F7B62D29-SegmentedRaftLogWorker: Starting segment from index:0
2019-09-17 12:55:02,081 [f7ede272-a28a-44e0-9552-15581fc2de04@group-F4D2F7B62D29-SegmentedRaftLogWorker] INFO  segmented.SegmentedRaftLogWorker (SegmentedRaftLogWorker.java:execute(569)) - f7ede272-a28a-44e0-9552-15581fc2de04@group-F4D2F7B62D29-SegmentedRaftLogWorker: created new log segment /tmp/workdir/hadoop-ozone/tools/target/test-dir/MiniOzoneClusterImpl-50a1f6bc-759b-451e-a5dd-d4a59b2daa65/datanode-2/data/ratis/8376842e-df81-42ad-9dff-f4d2f7b62d29/current/log_inprogress_0
2019-09-17 12:55:02,108 [5e893e0a-56f7-4618-9f46-a6ff48173cb6@group-F4D2F7B62D29-SegmentedRaftLogWorker] INFO  segmented.SegmentedRaftLogWorker (SegmentedRaftLogWorker.java:execute(569)) - 5e893e0a-56f7-4618-9f46-a6ff48173cb6@group-F4D2F7B62D29-SegmentedRaftLogWorker: created new log segment /tmp/workdir/hadoop-ozone/tools/target/test-dir/MiniOzoneClusterImpl-50a1f6bc-759b-451e-a5dd-d4a59b2daa65/datanode-0/data/ratis/8376842e-df81-42ad-9dff-f4d2f7b62d29/current/log_inprogress_0
2019-09-17 12:55:02,109 [84ab4d91-000c-4523-9c5f-2c204b5f6601@group-F4D2F7B62D29-SegmentedRaftLogWorker] INFO  segmented.SegmentedRaftLogWorker (SegmentedRaftLogWorker.java:execute(569)) - 84ab4d91-000c-4523-9c5f-2c204b5f6601@group-F4D2F7B62D29-SegmentedRaftLogWorker: created new log segment /tmp/workdir/hadoop-ozone/tools/target/test-dir/MiniOzoneClusterImpl-50a1f6bc-759b-451e-a5dd-d4a59b2daa65/datanode-1/data/ratis/8376842e-df81-42ad-9dff-f4d2f7b62d29/current/log_inprogress_0
 0.00% |█                                                                                                    |  0/1 Time: 0:02:102019-09-17 12:55:03,377 [org.apache.ratis.server.impl.LogAppender$AppenderDaemon$$Lambda$509/159327213@b9d0d58] ERROR ratis.XceiverServerRatis (XceiverServerRatis.java:triggerPipelineClose(575)) - pipeline Action CLOSE  on pipeline PipelineID=2352ae7c-367f-43ff-a988-0e70a92ca2c7.Reason : f7ede272-a28a-44e0-9552-15581fc2de04 has not seen follower/s 5e893e0a-56f7-4618-9f46-a6ff48173cb6 for 129862ms 84ab4d91-000c-4523-9c5f-2c204b5f6601 for 129876ms
2019-09-17 12:55:03,377 [org.apache.ratis.server.impl.LogAppender$AppenderDaemon$$Lambda$509/159327213@700dfebd] ERROR ratis.XceiverServerRatis (XceiverServerRatis.java:triggerPipelineClose(575)) - pipeline Action CLOSE  on pipeline PipelineID=2352ae7c-367f-43ff-a988-0e70a92ca2c7.Reason : f7ede272-a28a-44e0-9552-15581fc2de04 has not seen follower/s 5e893e0a-56f7-4618-9f46-a6ff48173cb6 for 129862ms 84ab4d91-000c-4523-9c5f-2c204b5f6601 for 129876ms
2019-09-17 12:55:03,538 [f7ede272-a28a-44e0-9552-15581fc2de04@group-0E70A92CA2C7-SegmentedRaftLogWorker] WARN  segmented.SegmentedRaftLogWorker (SegmentedRaftLogWorker.java:getFromFuture(90)) - Timeout 12/~
org.apache.ratis.protocol.TimeoutIOException: Timeout 10s: WriteLog:31: (t:1, i:31), STATEMACHINELOGENTRY, client-B7904277824C, cid=281-writeStateMachineData
	at org.apache.ratis.util.IOUtils.getFromFuture(IOUtils.java:87)
	at org.apache.ratis.server.raftlog.segmented.SegmentedRaftLogWorker$StateMachineDataPolicy.getFromFuture(SegmentedRaftLogWorker.java:87)
	at org.apache.ratis.server.raftlog.segmented.SegmentedRaftLogWorker$WriteLog.execute(SegmentedRaftLogWorker.java:477)
	at org.apache.ratis.server.raftlog.segmented.SegmentedRaftLogWorker.run(SegmentedRaftLogWorker.java:289)
	at java.lang.Thread.run(Thread.java:748)
Caused by: java.util.concurrent.TimeoutException
	at java.util.concurrent.CompletableFuture.timedGet(CompletableFuture.java:1771)
	at java.util.concurrent.CompletableFuture.get(CompletableFuture.java:1915)
	at org.apache.ratis.util.IOUtils.getFromFuture(IOUtils.java:79)
	... 4 more
2019-09-17 12:55:03,556 [84ab4d91-000c-4523-9c5f-2c204b5f6601@group-0E70A92CA2C7-SegmentedRaftLogWorker] WARN  segmented.SegmentedRaftLogWorker (SegmentedRaftLogWorker.java:getFromFuture(90)) - Timeout 12/~
org.apache.ratis.protocol.TimeoutIOException: Timeout 10s: WriteLog:31: (t:1, i:31), STATEMACHINELOGENTRY, client-B7904277824C, cid=281-writeStateMachineData
	at org.apache.ratis.util.IOUtils.getFromFuture(IOUtils.java:87)
	at org.apache.ratis.server.raftlog.segmented.SegmentedRaftLogWorker$StateMachineDataPolicy.getFromFuture(SegmentedRaftLogWorker.java:87)
	at org.apache.ratis.server.raftlog.segmented.SegmentedRaftLogWorker$WriteLog.execute(SegmentedRaftLogWorker.java:477)
	at org.apache.ratis.server.raftlog.segmented.SegmentedRaftLogWorker.run(SegmentedRaftLogWorker.java:289)
	at java.lang.Thread.run(Thread.java:748)
Caused by: java.util.concurrent.TimeoutException
	at java.util.concurrent.CompletableFuture.timedGet(CompletableFuture.java:1771)
	at java.util.concurrent.CompletableFuture.get(CompletableFuture.java:1915)
	at org.apache.ratis.util.IOUtils.getFromFuture(IOUtils.java:79)
	... 4 more
2019-09-17 12:55:03,557 [5e893e0a-56f7-4618-9f46-a6ff48173cb6@group-0E70A92CA2C7-SegmentedRaftLogWorker] WARN  segmented.SegmentedRaftLogWorker (SegmentedRaftLogWorker.java:getFromFuture(90)) - Timeout 12/~
org.apache.ratis.protocol.TimeoutIOException: Timeout 10s: WriteLog:31: (t:1, i:31), STATEMACHINELOGENTRY, client-B7904277824C, cid=281-writeStateMachineData
	at org.apache.ratis.util.IOUtils.getFromFuture(IOUtils.java:87)
	at org.apache.ratis.server.raftlog.segmented.SegmentedRaftLogWorker$StateMachineDataPolicy.getFromFuture(SegmentedRaftLogWorker.java:87)
	at org.apache.ratis.server.raftlog.segmented.SegmentedRaftLogWorker$WriteLog.execute(SegmentedRaftLogWorker.java:477)
	at org.apache.ratis.server.raftlog.segmented.SegmentedRaftLogWorker.run(SegmentedRaftLogWorker.java:289)
	at java.lang.Thread.run(Thread.java:748)
Caused by: java.util.concurrent.TimeoutException
	at java.util.concurrent.CompletableFuture.timedGet(CompletableFuture.java:1771)
	at java.util.concurrent.CompletableFuture.get(CompletableFuture.java:1915)
	at org.apache.ratis.util.IOUtils.getFromFuture(IOUtils.java:79)
	... 4 more
2019-09-17 12:55:03,875 [EventQueue-PipelineActionsForPipelineActionHandler] ERROR pipeline.PipelineActionHandler (PipelineActionHandler.java:onMessage(60)) - Received pipeline action CLOSE for Pipeline[ Id: 2352ae7c-367f-43ff-a988-0e70a92ca2c7, Nodes: 5e893e0a-56f7-4618-9f46-a6ff48173cb6{ip: 192.168.5.153, host: pr-hdds-2137-trunk-mnh2s-3748177197, networkLocation: /default-rack, certSerialId: null}84ab4d91-000c-4523-9c5f-2c204b5f6601{ip: 192.168.5.153, host: pr-hdds-2137-trunk-mnh2s-3748177197, networkLocation: /default-rack, certSerialId: null}f7ede272-a28a-44e0-9552-15581fc2de04{ip: 192.168.5.153, host: pr-hdds-2137-trunk-mnh2s-3748177197, networkLocation: /default-rack, certSerialId: null}, Type:RATIS, Factor:THREE, State:CLOSED] from datanode f7ede272-a28a-44e0-9552-15581fc2de04{ip: 192.168.5.153, host: pr-hdds-2137-trunk-mnh2s-3748177197, networkLocation: /default-rack, certSerialId: null}. Reason : f7ede272-a28a-44e0-9552-15581fc2de04 has not seen follower/s 5e893e0a-56f7-4618-9f46-a6ff48173cb6 for 129862ms 84ab4d91-000c-4523-9c5f-2c204b5f6601 for 129876ms
2019-09-17 12:55:03,875 [EventQueue-PipelineActionsForPipelineActionHandler] INFO  pipeline.SCMPipelineManager (SCMPipelineManager.java:finalizeAndDestroyPipeline(311)) - destroying pipeline:Pipeline[ Id: 2352ae7c-367f-43ff-a988-0e70a92ca2c7, Nodes: 5e893e0a-56f7-4618-9f46-a6ff48173cb6{ip: 192.168.5.153, host: pr-hdds-2137-trunk-mnh2s-3748177197, networkLocation: /default-rack, certSerialId: null}84ab4d91-000c-4523-9c5f-2c204b5f6601{ip: 192.168.5.153, host: pr-hdds-2137-trunk-mnh2s-3748177197, networkLocation: /default-rack, certSerialId: null}f7ede272-a28a-44e0-9552-15581fc2de04{ip: 192.168.5.153, host: pr-hdds-2137-trunk-mnh2s-3748177197, networkLocation: /default-rack, certSerialId: null}, Type:RATIS, Factor:THREE, State:CLOSED]
2019-09-17 12:55:03,876 [java.util.concurrent.ThreadPoolExecutor$Worker@27773213[State = -1, empty queue]] WARN  server.GrpcLogAppender (GrpcLogAppender.java:timeoutAppendRequest(200)) - f7ede272-a28a-44e0-9552-15581fc2de04@group-0E70A92CA2C7->5e893e0a-56f7-4618-9f46-a6ff48173cb6-GrpcLogAppender: appendEntries Timeout, request=f7ede272-a28a-44e0-9552-15581fc2de04->5e893e0a-56f7-4618-9f46-a6ff48173cb6#88-t1, previous=(t:1, i:35), leaderCommit=30, initializing? false, entries: <empty>
2019-09-17 12:55:03,876 [java.util.concurrent.ThreadPoolExecutor$Worker@114f3833[State = -1, empty queue]] WARN  server.GrpcLogAppender (GrpcLogAppender.java:timeoutAppendRequest(200)) - f7ede272-a28a-44e0-9552-15581fc2de04@group-0E70A92CA2C7->84ab4d91-000c-4523-9c5f-2c204b5f6601-GrpcLogAppender: appendEntries Timeout, request=f7ede272-a28a-44e0-9552-15581fc2de04->84ab4d91-000c-4523-9c5f-2c204b5f6601#88-t1, previous=(t:1, i:35), leaderCommit=30, initializing? false, entries: <empty>
 0.00% |█                                                                                                    |  0/1 Time: 0:02:112019-09-17 12:55:04,620 [grpc-default-executor-7] INFO  client.GrpcClientProtocolClient (GrpcClientProtocolClient.java:onNext(264)) - client-B7904277824C->5e893e0a-56f7-4618-9f46-a6ff48173cb6: receive RaftClientReply:client-B7904277824C->5e893e0a-56f7-4618-9f46-a6ff48173cb6@group-0E70A92CA2C7, cid=281, FAILED org.apache.ratis.protocol.NotLeaderException: Server 5e893e0a-56f7-4618-9f46-a6ff48173cb6@group-0E70A92CA2C7 is not the leader f7ede272-a28a-44e0-9552-15581fc2de04:192.168.5.153:38263, logIndex=0, commits[5e893e0a-56f7-4618-9f46-a6ff48173cb6:c30, 84ab4d91-000c-4523-9c5f-2c204b5f6601:c26, f7ede272-a28a-44e0-9552-15581fc2de04:c30]
 0.00% |█                                                                                                    |  0/1 Time: 0:02:122019-09-17 12:55:05,879 [org.apache.ratis.server.impl.LogAppender$AppenderDaemon$$Lambda$509/159327213@b9d0d58] ERROR ratis.XceiverServerRatis (XceiverServerRatis.java:triggerPipelineClose(575)) - pipeline Action CLOSE  on pipeline PipelineID=2352ae7c-367f-43ff-a988-0e70a92ca2c7.Reason : f7ede272-a28a-44e0-9552-15581fc2de04 has not seen follower/s 5e893e0a-56f7-4618-9f46-a6ff48173cb6 for 132364ms 84ab4d91-000c-4523-9c5f-2c204b5f6601 for 132377ms
2019-09-17 12:55:05,879 [org.apache.ratis.server.impl.LogAppender$AppenderDaemon$$Lambda$509/159327213@700dfebd] ERROR ratis.XceiverServerRatis (XceiverServerRatis.java:triggerPipelineClose(575)) - pipeline Action CLOSE  on pipeline PipelineID=2352ae7c-367f-43ff-a988-0e70a92ca2c7.Reason : f7ede272-a28a-44e0-9552-15581fc2de04 has not seen follower/s 5e893e0a-56f7-4618-9f46-a6ff48173cb6 for 132364ms 84ab4d91-000c-4523-9c5f-2c204b5f6601 for 132377ms
 0.00% |█                                                                                                    |  0/1 Time: 0:02:132019-09-17 12:55:06,377 [java.util.concurrent.ThreadPoolExecutor$Worker@27773213[State = -1, empty queue]] WARN  server.GrpcLogAppender (GrpcLogAppender.java:timeoutAppendRequest(200)) - f7ede272-a28a-44e0-9552-15581fc2de04@group-0E70A92CA2C7->5e893e0a-56f7-4618-9f46-a6ff48173cb6-GrpcLogAppender: appendEntries Timeout, request=f7ede272-a28a-44e0-9552-15581fc2de04->5e893e0a-56f7-4618-9f46-a6ff48173cb6#89-t1, previous=(t:1, i:35), leaderCommit=30, initializing? false, entries: <empty>
2019-09-17 12:55:06,377 [java.util.concurrent.ThreadPoolExecutor$Worker@114f3833[State = -1, empty queue]] WARN  server.GrpcLogAppender (GrpcLogAppender.java:timeoutAppendRequest(200)) - f7ede272-a28a-44e0-9552-15581fc2de04@group-0E70A92CA2C7->84ab4d91-000c-4523-9c5f-2c204b5f6601-GrpcLogAppender: appendEntries Timeout, request=f7ede272-a28a-44e0-9552-15581fc2de04->84ab4d91-000c-4523-9c5f-2c204b5f6601#89-t1, previous=(t:1, i:35), leaderCommit=30, initializing? false, entries: <empty>
2019-09-17 12:55:06,876 [EventQueue-PipelineActionsForPipelineActionHandler] ERROR pipeline.PipelineActionHandler (PipelineActionHandler.java:onMessage(60)) - Received pipeline action CLOSE for Pipeline[ Id: 2352ae7c-367f-43ff-a988-0e70a92ca2c7, Nodes: 5e893e0a-56f7-4618-9f46-a6ff48173cb6{ip: 192.168.5.153, host: pr-hdds-2137-trunk-mnh2s-3748177197, networkLocation: /default-rack, certSerialId: null}84ab4d91-000c-4523-9c5f-2c204b5f6601{ip: 192.168.5.153, host: pr-hdds-2137-trunk-mnh2s-3748177197, networkLocation: /default-rack, certSerialId: null}f7ede272-a28a-44e0-9552-15581fc2de04{ip: 192.168.5.153, host: pr-hdds-2137-trunk-mnh2s-3748177197, networkLocation: /default-rack, certSerialId: null}, Type:RATIS, Factor:THREE, State:CLOSED] from datanode f7ede272-a28a-44e0-9552-15581fc2de04{ip: 192.168.5.153, host: pr-hdds-2137-trunk-mnh2s-3748177197, networkLocation: /default-rack, certSerialId: null}. Reason : f7ede272-a28a-44e0-9552-15581fc2de04 has not seen follower/s 5e893e0a-56f7-4618-9f46-a6ff48173cb6 for 132364ms 84ab4d91-000c-4523-9c5f-2c204b5f6601 for 132377ms
2019-09-17 12:55:06,876 [EventQueue-PipelineActionsForPipelineActionHandler] INFO  pipeline.SCMPipelineManager (SCMPipelineManager.java:finalizeAndDestroyPipeline(311)) - destroying pipeline:Pipeline[ Id: 2352ae7c-367f-43ff-a988-0e70a92ca2c7, Nodes: 5e893e0a-56f7-4618-9f46-a6ff48173cb6{ip: 192.168.5.153, host: pr-hdds-2137-trunk-mnh2s-3748177197, networkLocation: /default-rack, certSerialId: null}84ab4d91-000c-4523-9c5f-2c204b5f6601{ip: 192.168.5.153, host: pr-hdds-2137-trunk-mnh2s-3748177197, networkLocation: /default-rack, certSerialId: null}f7ede272-a28a-44e0-9552-15581fc2de04{ip: 192.168.5.153, host: pr-hdds-2137-trunk-mnh2s-3748177197, networkLocation: /default-rack, certSerialId: null}, Type:RATIS, Factor:THREE, State:CLOSED]
 0.00% |█                                                                                                    |  0/1 Time: 0:02:14 0.00% |█                                                                                                    |  0/1 Time: 0:02:152019-09-17 12:55:08,380 [org.apache.ratis.server.impl.LogAppender$AppenderDaemon$$Lambda$509/159327213@b9d0d58] ERROR ratis.XceiverServerRatis (XceiverServerRatis.java:triggerPipelineClose(575)) - pipeline Action CLOSE  on pipeline PipelineID=2352ae7c-367f-43ff-a988-0e70a92ca2c7.Reason : f7ede272-a28a-44e0-9552-15581fc2de04 has not seen follower/s 5e893e0a-56f7-4618-9f46-a6ff48173cb6 for 134865ms 84ab4d91-000c-4523-9c5f-2c204b5f6601 for 134879ms
2019-09-17 12:55:08,380 [org.apache.ratis.server.impl.LogAppender$AppenderDaemon$$Lambda$509/159327213@700dfebd] ERROR ratis.XceiverServerRatis (XceiverServerRatis.java:triggerPipelineClose(575)) - pipeline Action CLOSE  on pipeline PipelineID=2352ae7c-367f-43ff-a988-0e70a92ca2c7.Reason : f7ede272-a28a-44e0-9552-15581fc2de04 has not seen follower/s 5e893e0a-56f7-4618-9f46-a6ff48173cb6 for 134865ms 84ab4d91-000c-4523-9c5f-2c204b5f6601 for 134879ms
2019-09-17 12:55:08,875 [EventQueue-PipelineActionsForPipelineActionHandler] ERROR pipeline.PipelineActionHandler (PipelineActionHandler.java:onMessage(60)) - Received pipeline action CLOSE for Pipeline[ Id: 2352ae7c-367f-43ff-a988-0e70a92ca2c7, Nodes: 5e893e0a-56f7-4618-9f46-a6ff48173cb6{ip: 192.168.5.153, host: pr-hdds-2137-trunk-mnh2s-3748177197, networkLocation: /default-rack, certSerialId: null}84ab4d91-000c-4523-9c5f-2c204b5f6601{ip: 192.168.5.153, host: pr-hdds-2137-trunk-mnh2s-3748177197, networkLocation: /default-rack, certSerialId: null}f7ede272-a28a-44e0-9552-15581fc2de04{ip: 192.168.5.153, host: pr-hdds-2137-trunk-mnh2s-3748177197, networkLocation: /default-rack, certSerialId: null}, Type:RATIS, Factor:THREE, State:CLOSED] from datanode f7ede272-a28a-44e0-9552-15581fc2de04{ip: 192.168.5.153, host: pr-hdds-2137-trunk-mnh2s-3748177197, networkLocation: /default-rack, certSerialId: null}. Reason : f7ede272-a28a-44e0-9552-15581fc2de04 has not seen follower/s 5e893e0a-56f7-4618-9f46-a6ff48173cb6 for 134865ms 84ab4d91-000c-4523-9c5f-2c204b5f6601 for 134879ms
2019-09-17 12:55:08,876 [EventQueue-PipelineActionsForPipelineActionHandler] INFO  pipeline.SCMPipelineManager (SCMPipelineManager.java:finalizeAndDestroyPipeline(311)) - destroying pipeline:Pipeline[ Id: 2352ae7c-367f-43ff-a988-0e70a92ca2c7, Nodes: 5e893e0a-56f7-4618-9f46-a6ff48173cb6{ip: 192.168.5.153, host: pr-hdds-2137-trunk-mnh2s-3748177197, networkLocation: /default-rack, certSerialId: null}84ab4d91-000c-4523-9c5f-2c204b5f6601{ip: 192.168.5.153, host: pr-hdds-2137-trunk-mnh2s-3748177197, networkLocation: /default-rack, certSerialId: null}f7ede272-a28a-44e0-9552-15581fc2de04{ip: 192.168.5.153, host: pr-hdds-2137-trunk-mnh2s-3748177197, networkLocation: /default-rack, certSerialId: null}, Type:RATIS, Factor:THREE, State:CLOSED]
2019-09-17 12:55:08,878 [java.util.concurrent.ThreadPoolExecutor$Worker@27773213[State = -1, empty queue]] WARN  server.GrpcLogAppender (GrpcLogAppender.java:timeoutAppendRequest(200)) - f7ede272-a28a-44e0-9552-15581fc2de04@group-0E70A92CA2C7->5e893e0a-56f7-4618-9f46-a6ff48173cb6-GrpcLogAppender: appendEntries Timeout, request=f7ede272-a28a-44e0-9552-15581fc2de04->5e893e0a-56f7-4618-9f46-a6ff48173cb6#90-t1, previous=(t:1, i:35), leaderCommit=30, initializing? false, entries: <empty>
2019-09-17 12:55:08,878 [java.util.concurrent.ThreadPoolExecutor$Worker@114f3833[State = -1, empty queue]] WARN  server.GrpcLogAppender (GrpcLogAppender.java:timeoutAppendRequest(200)) - f7ede272-a28a-44e0-9552-15581fc2de04@group-0E70A92CA2C7->84ab4d91-000c-4523-9c5f-2c204b5f6601-GrpcLogAppender: appendEntries Timeout, request=f7ede272-a28a-44e0-9552-15581fc2de04->84ab4d91-000c-4523-9c5f-2c204b5f6601#90-t1, previous=(t:1, i:35), leaderCommit=30, initializing? false, entries: <empty>
 0.00% |█                                                                                                    |  0/1 Time: 0:02:162019-09-17 12:55:09,668 [grpc-default-executor-7] INFO  client.GrpcClientProtocolClient (GrpcClientProtocolClient.java:onNext(264)) - client-B7904277824C->84ab4d91-000c-4523-9c5f-2c204b5f6601: receive RaftClientReply:client-B7904277824C->84ab4d91-000c-4523-9c5f-2c204b5f6601@group-0E70A92CA2C7, cid=281, FAILED org.apache.ratis.protocol.NotLeaderException: Server 84ab4d91-000c-4523-9c5f-2c204b5f6601@group-0E70A92CA2C7 is not the leader f7ede272-a28a-44e0-9552-15581fc2de04:192.168.5.153:38263, logIndex=0, commits[84ab4d91-000c-4523-9c5f-2c204b5f6601:c30, 5e893e0a-56f7-4618-9f46-a6ff48173cb6:c26, f7ede272-a28a-44e0-9552-15581fc2de04:c30]
 0.00% |█                                                                                                    |  0/1 Time: 0:02:172019-09-17 12:55:10,882 [org.apache.ratis.server.impl.LogAppender$AppenderDaemon$$Lambda$509/159327213@b9d0d58] ERROR ratis.XceiverServerRatis (XceiverServerRatis.java:triggerPipelineClose(575)) - pipeline Action CLOSE  on pipeline PipelineID=2352ae7c-367f-43ff-a988-0e70a92ca2c7.Reason : f7ede272-a28a-44e0-9552-15581fc2de04 has not seen follower/s 5e893e0a-56f7-4618-9f46-a6ff48173cb6 for 137367ms 84ab4d91-000c-4523-9c5f-2c204b5f6601 for 137380ms
2019-09-17 12:55:10,882 [org.apache.ratis.server.impl.LogAppender$AppenderDaemon$$Lambda$509/159327213@700dfebd] ERROR ratis.XceiverServerRatis (XceiverServerRatis.java:triggerPipelineClose(575)) - pipeline Action CLOSE  on pipeline PipelineID=2352ae7c-367f-43ff-a988-0e70a92ca2c7.Reason : f7ede272-a28a-44e0-9552-15581fc2de04 has not seen follower/s 5e893e0a-56f7-4618-9f46-a6ff48173cb6 for 137367ms 84ab4d91-000c-4523-9c5f-2c204b5f6601 for 137380ms
 0.00% |█                                                                                                    |  0/1 Time: 0:02:182019-09-17 12:55:11,380 [java.util.concurrent.ThreadPoolExecutor$Worker@114f3833[State = -1, empty queue]] WARN  server.GrpcLogAppender (GrpcLogAppender.java:timeoutAppendRequest(200)) - f7ede272-a28a-44e0-9552-15581fc2de04@group-0E70A92CA2C7->84ab4d91-000c-4523-9c5f-2c204b5f6601-GrpcLogAppender: appendEntries Timeout, request=f7ede272-a28a-44e0-9552-15581fc2de04->84ab4d91-000c-4523-9c5f-2c204b5f6601#91-t1, previous=(t:1, i:35), leaderCommit=30, initializing? false, entries: <empty>
2019-09-17 12:55:11,380 [java.util.concurrent.ThreadPoolExecutor$Worker@27773213[State = -1, empty queue]] WARN  server.GrpcLogAppender (GrpcLogAppender.java:timeoutAppendRequest(200)) - f7ede272-a28a-44e0-9552-15581fc2de04@group-0E70A92CA2C7->5e893e0a-56f7-4618-9f46-a6ff48173cb6-GrpcLogAppender: appendEntries Timeout, request=f7ede272-a28a-44e0-9552-15581fc2de04->5e893e0a-56f7-4618-9f46-a6ff48173cb6#91-t1, previous=(t:1, i:35), leaderCommit=30, initializing? false, entries: <empty>
2019-09-17 12:55:11,876 [EventQueue-PipelineActionsForPipelineActionHandler] ERROR pipeline.PipelineActionHandler (PipelineActionHandler.java:onMessage(60)) - Received pipeline action CLOSE for Pipeline[ Id: 2352ae7c-367f-43ff-a988-0e70a92ca2c7, Nodes: 5e893e0a-56f7-4618-9f46-a6ff48173cb6{ip: 192.168.5.153, host: pr-hdds-2137-trunk-mnh2s-3748177197, networkLocation: /default-rack, certSerialId: null}84ab4d91-000c-4523-9c5f-2c204b5f6601{ip: 192.168.5.153, host: pr-hdds-2137-trunk-mnh2s-3748177197, networkLocation: /default-rack, certSerialId: null}f7ede272-a28a-44e0-9552-15581fc2de04{ip: 192.168.5.153, host: pr-hdds-2137-trunk-mnh2s-3748177197, networkLocation: /default-rack, certSerialId: null}, Type:RATIS, Factor:THREE, State:CLOSED] from datanode f7ede272-a28a-44e0-9552-15581fc2de04{ip: 192.168.5.153, host: pr-hdds-2137-trunk-mnh2s-3748177197, networkLocation: /default-rack, certSerialId: null}. Reason : f7ede272-a28a-44e0-9552-15581fc2de04 has not seen follower/s 5e893e0a-56f7-4618-9f46-a6ff48173cb6 for 137367ms 84ab4d91-000c-4523-9c5f-2c204b5f6601 for 137380ms
2019-09-17 12:55:11,876 [EventQueue-PipelineActionsForPipelineActionHandler] INFO  pipeline.SCMPipelineManager (SCMPipelineManager.java:finalizeAndDestroyPipeline(311)) - destroying pipeline:Pipeline[ Id: 2352ae7c-367f-43ff-a988-0e70a92ca2c7, Nodes: 5e893e0a-56f7-4618-9f46-a6ff48173cb6{ip: 192.168.5.153, host: pr-hdds-2137-trunk-mnh2s-3748177197, networkLocation: /default-rack, certSerialId: null}84ab4d91-000c-4523-9c5f-2c204b5f6601{ip: 192.168.5.153, host: pr-hdds-2137-trunk-mnh2s-3748177197, networkLocation: /default-rack, certSerialId: null}f7ede272-a28a-44e0-9552-15581fc2de04{ip: 192.168.5.153, host: pr-hdds-2137-trunk-mnh2s-3748177197, networkLocation: /default-rack, certSerialId: null}, Type:RATIS, Factor:THREE, State:CLOSED]
 0.00% |█                                                                                                    |  0/1 Time: 0:02:19 0.00% |█                                                                                                    |  0/1 Time: 0:02:202019-09-17 12:55:13,383 [org.apache.ratis.server.impl.LogAppender$AppenderDaemon$$Lambda$509/159327213@700dfebd] ERROR ratis.XceiverServerRatis (XceiverServerRatis.java:triggerPipelineClose(575)) - pipeline Action CLOSE  on pipeline PipelineID=2352ae7c-367f-43ff-a988-0e70a92ca2c7.Reason : f7ede272-a28a-44e0-9552-15581fc2de04 has not seen follower/s 5e893e0a-56f7-4618-9f46-a6ff48173cb6 for 139868ms 84ab4d91-000c-4523-9c5f-2c204b5f6601 for 139881ms
2019-09-17 12:55:13,383 [org.apache.ratis.server.impl.LogAppender$AppenderDaemon$$Lambda$509/159327213@b9d0d58] ERROR ratis.XceiverServerRatis (XceiverServerRatis.java:triggerPipelineClose(575)) - pipeline Action CLOSE  on pipeline PipelineID=2352ae7c-367f-43ff-a988-0e70a92ca2c7.Reason : f7ede272-a28a-44e0-9552-15581fc2de04 has not seen follower/s 5e893e0a-56f7-4618-9f46-a6ff48173cb6 for 139868ms 84ab4d91-000c-4523-9c5f-2c204b5f6601 for 139881ms
2019-09-17 12:55:13,539 [f7ede272-a28a-44e0-9552-15581fc2de04@group-0E70A92CA2C7-SegmentedRaftLogWorker] WARN  segmented.SegmentedRaftLogWorker (SegmentedRaftLogWorker.java:getFromFuture(90)) - Timeout 13/~
org.apache.ratis.protocol.TimeoutIOException: Timeout 10s: WriteLog:31: (t:1, i:31), STATEMACHINELOGENTRY, client-B7904277824C, cid=281-writeStateMachineData
	at org.apache.ratis.util.IOUtils.getFromFuture(IOUtils.java:87)
	at org.apache.ratis.server.raftlog.segmented.SegmentedRaftLogWorker$StateMachineDataPolicy.getFromFuture(SegmentedRaftLogWorker.java:87)
	at org.apache.ratis.server.raftlog.segmented.SegmentedRaftLogWorker$WriteLog.execute(SegmentedRaftLogWorker.java:477)
	at org.apache.ratis.server.raftlog.segmented.SegmentedRaftLogWorker.run(SegmentedRaftLogWorker.java:289)
	at java.lang.Thread.run(Thread.java:748)
Caused by: java.util.concurrent.TimeoutException
	at java.util.concurrent.CompletableFuture.timedGet(CompletableFuture.java:1771)
	at java.util.concurrent.CompletableFuture.get(CompletableFuture.java:1915)
	at org.apache.ratis.util.IOUtils.getFromFuture(IOUtils.java:79)
	... 4 more
2019-09-17 12:55:13,557 [84ab4d91-000c-4523-9c5f-2c204b5f6601@group-0E70A92CA2C7-SegmentedRaftLogWorker] WARN  segmented.SegmentedRaftLogWorker (SegmentedRaftLogWorker.java:getFromFuture(90)) - Timeout 13/~
org.apache.ratis.protocol.TimeoutIOException: Timeout 10s: WriteLog:31: (t:1, i:31), STATEMACHINELOGENTRY, client-B7904277824C, cid=281-writeStateMachineData
	at org.apache.ratis.util.IOUtils.getFromFuture(IOUtils.java:87)
	at org.apache.ratis.server.raftlog.segmented.SegmentedRaftLogWorker$StateMachineDataPolicy.getFromFuture(SegmentedRaftLogWorker.java:87)
	at org.apache.ratis.server.raftlog.segmented.SegmentedRaftLogWorker$WriteLog.execute(SegmentedRaftLogWorker.java:477)
	at org.apache.ratis.server.raftlog.segmented.SegmentedRaftLogWorker.run(SegmentedRaftLogWorker.java:289)
	at java.lang.Thread.run(Thread.java:748)
Caused by: java.util.concurrent.TimeoutException
	at java.util.concurrent.CompletableFuture.timedGet(CompletableFuture.java:1771)
	at java.util.concurrent.CompletableFuture.get(CompletableFuture.java:1915)
	at org.apache.ratis.util.IOUtils.getFromFuture(IOUtils.java:79)
	... 4 more
2019-09-17 12:55:13,557 [5e893e0a-56f7-4618-9f46-a6ff48173cb6@group-0E70A92CA2C7-SegmentedRaftLogWorker] WARN  segmented.SegmentedRaftLogWorker (SegmentedRaftLogWorker.java:getFromFuture(90)) - Timeout 13/~
org.apache.ratis.protocol.TimeoutIOException: Timeout 10s: WriteLog:31: (t:1, i:31), STATEMACHINELOGENTRY, client-B7904277824C, cid=281-writeStateMachineData
	at org.apache.ratis.util.IOUtils.getFromFuture(IOUtils.java:87)
	at org.apache.ratis.server.raftlog.segmented.SegmentedRaftLogWorker$StateMachineDataPolicy.getFromFuture(SegmentedRaftLogWorker.java:87)
	at org.apache.ratis.server.raftlog.segmented.SegmentedRaftLogWorker$WriteLog.execute(SegmentedRaftLogWorker.java:477)
	at org.apache.ratis.server.raftlog.segmented.SegmentedRaftLogWorker.run(SegmentedRaftLogWorker.java:289)
	at java.lang.Thread.run(Thread.java:748)
Caused by: java.util.concurrent.TimeoutException
	at java.util.concurrent.CompletableFuture.timedGet(CompletableFuture.java:1771)
	at java.util.concurrent.CompletableFuture.get(CompletableFuture.java:1915)
	at org.apache.ratis.util.IOUtils.getFromFuture(IOUtils.java:79)
	... 4 more
2019-09-17 12:55:13,875 [EventQueue-PipelineActionsForPipelineActionHandler] ERROR pipeline.PipelineActionHandler (PipelineActionHandler.java:onMessage(60)) - Received pipeline action CLOSE for Pipeline[ Id: 2352ae7c-367f-43ff-a988-0e70a92ca2c7, Nodes: 5e893e0a-56f7-4618-9f46-a6ff48173cb6{ip: 192.168.5.153, host: pr-hdds-2137-trunk-mnh2s-3748177197, networkLocation: /default-rack, certSerialId: null}84ab4d91-000c-4523-9c5f-2c204b5f6601{ip: 192.168.5.153, host: pr-hdds-2137-trunk-mnh2s-3748177197, networkLocation: /default-rack, certSerialId: null}f7ede272-a28a-44e0-9552-15581fc2de04{ip: 192.168.5.153, host: pr-hdds-2137-trunk-mnh2s-3748177197, networkLocation: /default-rack, certSerialId: null}, Type:RATIS, Factor:THREE, State:CLOSED] from datanode f7ede272-a28a-44e0-9552-15581fc2de04{ip: 192.168.5.153, host: pr-hdds-2137-trunk-mnh2s-3748177197, networkLocation: /default-rack, certSerialId: null}. Reason : f7ede272-a28a-44e0-9552-15581fc2de04 has not seen follower/s 5e893e0a-56f7-4618-9f46-a6ff48173cb6 for 139868ms 84ab4d91-000c-4523-9c5f-2c204b5f6601 for 139881ms
2019-09-17 12:55:13,876 [EventQueue-PipelineActionsForPipelineActionHandler] INFO  pipeline.SCMPipelineManager (SCMPipelineManager.java:finalizeAndDestroyPipeline(311)) - destroying pipeline:Pipeline[ Id: 2352ae7c-367f-43ff-a988-0e70a92ca2c7, Nodes: 5e893e0a-56f7-4618-9f46-a6ff48173cb6{ip: 192.168.5.153, host: pr-hdds-2137-trunk-mnh2s-3748177197, networkLocation: /default-rack, certSerialId: null}84ab4d91-000c-4523-9c5f-2c204b5f6601{ip: 192.168.5.153, host: pr-hdds-2137-trunk-mnh2s-3748177197, networkLocation: /default-rack, certSerialId: null}f7ede272-a28a-44e0-9552-15581fc2de04{ip: 192.168.5.153, host: pr-hdds-2137-trunk-mnh2s-3748177197, networkLocation: /default-rack, certSerialId: null}, Type:RATIS, Factor:THREE, State:CLOSED]
2019-09-17 12:55:13,881 [java.util.concurrent.ThreadPoolExecutor$Worker@114f3833[State = -1, empty queue]] WARN  server.GrpcLogAppender (GrpcLogAppender.java:timeoutAppendRequest(200)) - f7ede272-a28a-44e0-9552-15581fc2de04@group-0E70A92CA2C7->84ab4d91-000c-4523-9c5f-2c204b5f6601-GrpcLogAppender: appendEntries Timeout, request=f7ede272-a28a-44e0-9552-15581fc2de04->84ab4d91-000c-4523-9c5f-2c204b5f6601#92-t1, previous=(t:1, i:35), leaderCommit=30, initializing? false, entries: <empty>
2019-09-17 12:55:13,881 [java.util.concurrent.ThreadPoolExecutor$Worker@27773213[State = -1, empty queue]] WARN  server.GrpcLogAppender (GrpcLogAppender.java:timeoutAppendRequest(200)) - f7ede272-a28a-44e0-9552-15581fc2de04@group-0E70A92CA2C7->5e893e0a-56f7-4618-9f46-a6ff48173cb6-GrpcLogAppender: appendEntries Timeout, request=f7ede272-a28a-44e0-9552-15581fc2de04->5e893e0a-56f7-4618-9f46-a6ff48173cb6#92-t1, previous=(t:1, i:35), leaderCommit=30, initializing? false, entries: <empty>
 0.00% |█                                                                                                    |  0/1 Time: 0:02:212019-09-17 12:55:14,715 [grpc-default-executor-4] INFO  client.GrpcClientProtocolClient (GrpcClientProtocolClient.java:onNext(264)) - client-B7904277824C->5e893e0a-56f7-4618-9f46-a6ff48173cb6: receive RaftClientReply:client-B7904277824C->5e893e0a-56f7-4618-9f46-a6ff48173cb6@group-0E70A92CA2C7, cid=281, FAILED org.apache.ratis.protocol.NotLeaderException: Server 5e893e0a-56f7-4618-9f46-a6ff48173cb6@group-0E70A92CA2C7 is not the leader f7ede272-a28a-44e0-9552-15581fc2de04:192.168.5.153:38263, logIndex=0, commits[5e893e0a-56f7-4618-9f46-a6ff48173cb6:c30, 84ab4d91-000c-4523-9c5f-2c204b5f6601:c26, f7ede272-a28a-44e0-9552-15581fc2de04:c30]
 0.00% |█                                                                                                    |  0/1 Time: 0:02:222019-09-17 12:55:15,883 [org.apache.ratis.server.impl.LogAppender$AppenderDaemon$$Lambda$509/159327213@700dfebd] ERROR ratis.XceiverServerRatis (XceiverServerRatis.java:triggerPipelineClose(575)) - pipeline Action CLOSE  on pipeline PipelineID=2352ae7c-367f-43ff-a988-0e70a92ca2c7.Reason : f7ede272-a28a-44e0-9552-15581fc2de04 has not seen follower/s 5e893e0a-56f7-4618-9f46-a6ff48173cb6 for 142368ms 84ab4d91-000c-4523-9c5f-2c204b5f6601 for 142381ms
2019-09-17 12:55:15,883 [org.apache.ratis.server.impl.LogAppender$AppenderDaemon$$Lambda$509/159327213@b9d0d58] ERROR ratis.XceiverServerRatis (XceiverServerRatis.java:triggerPipelineClose(575)) - pipeline Action CLOSE  on pipeline PipelineID=2352ae7c-367f-43ff-a988-0e70a92ca2c7.Reason : f7ede272-a28a-44e0-9552-15581fc2de04 has not seen follower/s 5e893e0a-56f7-4618-9f46-a6ff48173cb6 for 142368ms 84ab4d91-000c-4523-9c5f-2c204b5f6601 for 142382ms
 0.00% |█                                                                                                    |  0/1 Time: 0:02:232019-09-17 12:55:16,382 [java.util.concurrent.ThreadPoolExecutor$Worker@114f3833[State = -1, empty queue]] WARN  server.GrpcLogAppender (GrpcLogAppender.java:timeoutAppendRequest(200)) - f7ede272-a28a-44e0-9552-15581fc2de04@group-0E70A92CA2C7->84ab4d91-000c-4523-9c5f-2c204b5f6601-GrpcLogAppender: appendEntries Timeout, request=f7ede272-a28a-44e0-9552-15581fc2de04->84ab4d91-000c-4523-9c5f-2c204b5f6601#93-t1, previous=(t:1, i:35), leaderCommit=30, initializing? false, entries: <empty>
2019-09-17 12:55:16,382 [java.util.concurrent.ThreadPoolExecutor$Worker@27773213[State = -1, empty queue]] WARN  server.GrpcLogAppender (GrpcLogAppender.java:timeoutAppendRequest(200)) - f7ede272-a28a-44e0-9552-15581fc2de04@group-0E70A92CA2C7->5e893e0a-56f7-4618-9f46-a6ff48173cb6-GrpcLogAppender: appendEntries Timeout, request=f7ede272-a28a-44e0-9552-15581fc2de04->5e893e0a-56f7-4618-9f46-a6ff48173cb6#93-t1, previous=(t:1, i:35), leaderCommit=30, initializing? false, entries: <empty>
2019-09-17 12:55:16,876 [EventQueue-PipelineActionsForPipelineActionHandler] ERROR pipeline.PipelineActionHandler (PipelineActionHandler.java:onMessage(60)) - Received pipeline action CLOSE for Pipeline[ Id: 2352ae7c-367f-43ff-a988-0e70a92ca2c7, Nodes: 5e893e0a-56f7-4618-9f46-a6ff48173cb6{ip: 192.168.5.153, host: pr-hdds-2137-trunk-mnh2s-3748177197, networkLocation: /default-rack, certSerialId: null}84ab4d91-000c-4523-9c5f-2c204b5f6601{ip: 192.168.5.153, host: pr-hdds-2137-trunk-mnh2s-3748177197, networkLocation: /default-rack, certSerialId: null}f7ede272-a28a-44e0-9552-15581fc2de04{ip: 192.168.5.153, host: pr-hdds-2137-trunk-mnh2s-3748177197, networkLocation: /default-rack, certSerialId: null}, Type:RATIS, Factor:THREE, State:CLOSED] from datanode f7ede272-a28a-44e0-9552-15581fc2de04{ip: 192.168.5.153, host: pr-hdds-2137-trunk-mnh2s-3748177197, networkLocation: /default-rack, certSerialId: null}. Reason : f7ede272-a28a-44e0-9552-15581fc2de04 has not seen follower/s 5e893e0a-56f7-4618-9f46-a6ff48173cb6 for 142368ms 84ab4d91-000c-4523-9c5f-2c204b5f6601 for 142381ms
2019-09-17 12:55:16,876 [EventQueue-PipelineActionsForPipelineActionHandler] INFO  pipeline.SCMPipelineManager (SCMPipelineManager.java:finalizeAndDestroyPipeline(311)) - destroying pipeline:Pipeline[ Id: 2352ae7c-367f-43ff-a988-0e70a92ca2c7, Nodes: 5e893e0a-56f7-4618-9f46-a6ff48173cb6{ip: 192.168.5.153, host: pr-hdds-2137-trunk-mnh2s-3748177197, networkLocation: /default-rack, certSerialId: null}84ab4d91-000c-4523-9c5f-2c204b5f6601{ip: 192.168.5.153, host: pr-hdds-2137-trunk-mnh2s-3748177197, networkLocation: /default-rack, certSerialId: null}f7ede272-a28a-44e0-9552-15581fc2de04{ip: 192.168.5.153, host: pr-hdds-2137-trunk-mnh2s-3748177197, networkLocation: /default-rack, certSerialId: null}, Type:RATIS, Factor:THREE, State:CLOSED]
 0.00% |█                                                                                                    |  0/1 Time: 0:02:24 0.00% |█                                                                                                    |  0/1 Time: 0:02:252019-09-17 12:55:18,383 [org.apache.ratis.server.impl.LogAppender$AppenderDaemon$$Lambda$509/159327213@700dfebd] ERROR ratis.XceiverServerRatis (XceiverServerRatis.java:triggerPipelineClose(575)) - pipeline Action CLOSE  on pipeline PipelineID=2352ae7c-367f-43ff-a988-0e70a92ca2c7.Reason : f7ede272-a28a-44e0-9552-15581fc2de04 has not seen follower/s 5e893e0a-56f7-4618-9f46-a6ff48173cb6 for 144869ms 84ab4d91-000c-4523-9c5f-2c204b5f6601 for 144882ms
2019-09-17 12:55:18,383 [org.apache.ratis.server.impl.LogAppender$AppenderDaemon$$Lambda$509/159327213@b9d0d58] ERROR ratis.XceiverServerRatis (XceiverServerRatis.java:triggerPipelineClose(575)) - pipeline Action CLOSE  on pipeline PipelineID=2352ae7c-367f-43ff-a988-0e70a92ca2c7.Reason : f7ede272-a28a-44e0-9552-15581fc2de04 has not seen follower/s 5e893e0a-56f7-4618-9f46-a6ff48173cb6 for 144869ms 84ab4d91-000c-4523-9c5f-2c204b5f6601 for 144882ms
2019-09-17 12:55:18,875 [EventQueue-PipelineActionsForPipelineActionHandler] ERROR pipeline.PipelineActionHandler (PipelineActionHandler.java:onMessage(60)) - Received pipeline action CLOSE for Pipeline[ Id: 2352ae7c-367f-43ff-a988-0e70a92ca2c7, Nodes: 5e893e0a-56f7-4618-9f46-a6ff48173cb6{ip: 192.168.5.153, host: pr-hdds-2137-trunk-mnh2s-3748177197, networkLocation: /default-rack, certSerialId: null}84ab4d91-000c-4523-9c5f-2c204b5f6601{ip: 192.168.5.153, host: pr-hdds-2137-trunk-mnh2s-3748177197, networkLocation: /default-rack, certSerialId: null}f7ede272-a28a-44e0-9552-15581fc2de04{ip: 192.168.5.153, host: pr-hdds-2137-trunk-mnh2s-3748177197, networkLocation: /default-rack, certSerialId: null}, Type:RATIS, Factor:THREE, State:CLOSED] from datanode f7ede272-a28a-44e0-9552-15581fc2de04{ip: 192.168.5.153, host: pr-hdds-2137-trunk-mnh2s-3748177197, networkLocation: /default-rack, certSerialId: null}. Reason : f7ede272-a28a-44e0-9552-15581fc2de04 has not seen follower/s 5e893e0a-56f7-4618-9f46-a6ff48173cb6 for 144869ms 84ab4d91-000c-4523-9c5f-2c204b5f6601 for 144882ms
2019-09-17 12:55:18,875 [EventQueue-PipelineActionsForPipelineActionHandler] INFO  pipeline.SCMPipelineManager (SCMPipelineManager.java:finalizeAndDestroyPipeline(311)) - destroying pipeline:Pipeline[ Id: 2352ae7c-367f-43ff-a988-0e70a92ca2c7, Nodes: 5e893e0a-56f7-4618-9f46-a6ff48173cb6{ip: 192.168.5.153, host: pr-hdds-2137-trunk-mnh2s-3748177197, networkLocation: /default-rack, certSerialId: null}84ab4d91-000c-4523-9c5f-2c204b5f6601{ip: 192.168.5.153, host: pr-hdds-2137-trunk-mnh2s-3748177197, networkLocation: /default-rack, certSerialId: null}f7ede272-a28a-44e0-9552-15581fc2de04{ip: 192.168.5.153, host: pr-hdds-2137-trunk-mnh2s-3748177197, networkLocation: /default-rack, certSerialId: null}, Type:RATIS, Factor:THREE, State:CLOSED]
2019-09-17 12:55:18,883 [java.util.concurrent.ThreadPoolExecutor$Worker@114f3833[State = -1, empty queue]] WARN  server.GrpcLogAppender (GrpcLogAppender.java:timeoutAppendRequest(200)) - f7ede272-a28a-44e0-9552-15581fc2de04@group-0E70A92CA2C7->84ab4d91-000c-4523-9c5f-2c204b5f6601-GrpcLogAppender: appendEntries Timeout, request=f7ede272-a28a-44e0-9552-15581fc2de04->84ab4d91-000c-4523-9c5f-2c204b5f6601#94-t1, previous=(t:1, i:35), leaderCommit=30, initializing? false, entries: <empty>
2019-09-17 12:55:18,883 [java.util.concurrent.ThreadPoolExecutor$Worker@27773213[State = -1, empty queue]] WARN  server.GrpcLogAppender (GrpcLogAppender.java:timeoutAppendRequest(200)) - f7ede272-a28a-44e0-9552-15581fc2de04@group-0E70A92CA2C7->5e893e0a-56f7-4618-9f46-a6ff48173cb6-GrpcLogAppender: appendEntries Timeout, request=f7ede272-a28a-44e0-9552-15581fc2de04->5e893e0a-56f7-4618-9f46-a6ff48173cb6#94-t1, previous=(t:1, i:35), leaderCommit=30, initializing? false, entries: <empty>
 0.00% |█                                                                                                    |  0/1 Time: 0:02:262019-09-17 12:55:19,754 [grpc-default-executor-5] INFO  client.GrpcClientProtocolClient (GrpcClientProtocolClient.java:onNext(264)) - client-B7904277824C->5e893e0a-56f7-4618-9f46-a6ff48173cb6: receive RaftClientReply:client-B7904277824C->5e893e0a-56f7-4618-9f46-a6ff48173cb6@group-0E70A92CA2C7, cid=281, FAILED org.apache.ratis.protocol.NotLeaderException: Server 5e893e0a-56f7-4618-9f46-a6ff48173cb6@group-0E70A92CA2C7 is not the leader f7ede272-a28a-44e0-9552-15581fc2de04:192.168.5.153:38263, logIndex=0, commits[5e893e0a-56f7-4618-9f46-a6ff48173cb6:c30, 84ab4d91-000c-4523-9c5f-2c204b5f6601:c26, f7ede272-a28a-44e0-9552-15581fc2de04:c30]
 0.00% |█                                                                                                    |  0/1 Time: 0:02:272019-09-17 12:55:20,884 [org.apache.ratis.server.impl.LogAppender$AppenderDaemon$$Lambda$509/159327213@700dfebd] ERROR ratis.XceiverServerRatis (XceiverServerRatis.java:triggerPipelineClose(575)) - pipeline Action CLOSE  on pipeline PipelineID=2352ae7c-367f-43ff-a988-0e70a92ca2c7.Reason : f7ede272-a28a-44e0-9552-15581fc2de04 has not seen follower/s 5e893e0a-56f7-4618-9f46-a6ff48173cb6 for 147370ms 84ab4d91-000c-4523-9c5f-2c204b5f6601 for 147383ms
2019-09-17 12:55:20,884 [org.apache.ratis.server.impl.LogAppender$AppenderDaemon$$Lambda$509/159327213@b9d0d58] ERROR ratis.XceiverServerRatis (XceiverServerRatis.java:triggerPipelineClose(575)) - pipeline Action CLOSE  on pipeline PipelineID=2352ae7c-367f-43ff-a988-0e70a92ca2c7.Reason : f7ede272-a28a-44e0-9552-15581fc2de04 has not seen follower/s 5e893e0a-56f7-4618-9f46-a6ff48173cb6 for 147370ms 84ab4d91-000c-4523-9c5f-2c204b5f6601 for 147383ms
 0.00% |█                                                                                                    |  0/1 Time: 0:02:282019-09-17 12:55:21,383 [java.util.concurrent.ThreadPoolExecutor$Worker@114f3833[State = -1, empty queue]] WARN  server.GrpcLogAppender (GrpcLogAppender.java:timeoutAppendRequest(200)) - f7ede272-a28a-44e0-9552-15581fc2de04@group-0E70A92CA2C7->84ab4d91-000c-4523-9c5f-2c204b5f6601-GrpcLogAppender: appendEntries Timeout, request=f7ede272-a28a-44e0-9552-15581fc2de04->84ab4d91-000c-4523-9c5f-2c204b5f6601#95-t1, previous=(t:1, i:35), leaderCommit=30, initializing? false, entries: <empty>
2019-09-17 12:55:21,383 [java.util.concurrent.ThreadPoolExecutor$Worker@27773213[State = -1, empty queue]] WARN  server.GrpcLogAppender (GrpcLogAppender.java:timeoutAppendRequest(200)) - f7ede272-a28a-44e0-9552-15581fc2de04@group-0E70A92CA2C7->5e893e0a-56f7-4618-9f46-a6ff48173cb6-GrpcLogAppender: appendEntries Timeout, request=f7ede272-a28a-44e0-9552-15581fc2de04->5e893e0a-56f7-4618-9f46-a6ff48173cb6#95-t1, previous=(t:1, i:35), leaderCommit=30, initializing? false, entries: <empty>
2019-09-17 12:55:21,875 [EventQueue-PipelineActionsForPipelineActionHandler] ERROR pipeline.PipelineActionHandler (PipelineActionHandler.java:onMessage(60)) - Received pipeline action CLOSE for Pipeline[ Id: 2352ae7c-367f-43ff-a988-0e70a92ca2c7, Nodes: 5e893e0a-56f7-4618-9f46-a6ff48173cb6{ip: 192.168.5.153, host: pr-hdds-2137-trunk-mnh2s-3748177197, networkLocation: /default-rack, certSerialId: null}84ab4d91-000c-4523-9c5f-2c204b5f6601{ip: 192.168.5.153, host: pr-hdds-2137-trunk-mnh2s-3748177197, networkLocation: /default-rack, certSerialId: null}f7ede272-a28a-44e0-9552-15581fc2de04{ip: 192.168.5.153, host: pr-hdds-2137-trunk-mnh2s-3748177197, networkLocation: /default-rack, certSerialId: null}, Type:RATIS, Factor:THREE, State:CLOSED] from datanode f7ede272-a28a-44e0-9552-15581fc2de04{ip: 192.168.5.153, host: pr-hdds-2137-trunk-mnh2s-3748177197, networkLocation: /default-rack, certSerialId: null}. Reason : f7ede272-a28a-44e0-9552-15581fc2de04 has not seen follower/s 5e893e0a-56f7-4618-9f46-a6ff48173cb6 for 147370ms 84ab4d91-000c-4523-9c5f-2c204b5f6601 for 147383ms
2019-09-17 12:55:21,875 [EventQueue-PipelineActionsForPipelineActionHandler] INFO  pipeline.SCMPipelineManager (SCMPipelineManager.java:finalizeAndDestroyPipeline(311)) - destroying pipeline:Pipeline[ Id: 2352ae7c-367f-43ff-a988-0e70a92ca2c7, Nodes: 5e893e0a-56f7-4618-9f46-a6ff48173cb6{ip: 192.168.5.153, host: pr-hdds-2137-trunk-mnh2s-3748177197, networkLocation: /default-rack, certSerialId: null}84ab4d91-000c-4523-9c5f-2c204b5f6601{ip: 192.168.5.153, host: pr-hdds-2137-trunk-mnh2s-3748177197, networkLocation: /default-rack, certSerialId: null}f7ede272-a28a-44e0-9552-15581fc2de04{ip: 192.168.5.153, host: pr-hdds-2137-trunk-mnh2s-3748177197, networkLocation: /default-rack, certSerialId: null}, Type:RATIS, Factor:THREE, State:CLOSED]
 0.00% |█                                                                                                    |  0/1 Time: 0:02:29 0.00% |█                                                                                                    |  0/1 Time: 0:02:302019-09-17 12:55:23,386 [org.apache.ratis.server.impl.LogAppender$AppenderDaemon$$Lambda$509/159327213@b9d0d58] ERROR ratis.XceiverServerRatis (XceiverServerRatis.java:triggerPipelineClose(575)) - pipeline Action CLOSE  on pipeline PipelineID=2352ae7c-367f-43ff-a988-0e70a92ca2c7.Reason : f7ede272-a28a-44e0-9552-15581fc2de04 has not seen follower/s 5e893e0a-56f7-4618-9f46-a6ff48173cb6 for 149871ms 84ab4d91-000c-4523-9c5f-2c204b5f6601 for 149885ms
2019-09-17 12:55:23,386 [org.apache.ratis.server.impl.LogAppender$AppenderDaemon$$Lambda$509/159327213@700dfebd] ERROR ratis.XceiverServerRatis (XceiverServerRatis.java:triggerPipelineClose(575)) - pipeline Action CLOSE  on pipeline PipelineID=2352ae7c-367f-43ff-a988-0e70a92ca2c7.Reason : f7ede272-a28a-44e0-9552-15581fc2de04 has not seen follower/s 5e893e0a-56f7-4618-9f46-a6ff48173cb6 for 149871ms 84ab4d91-000c-4523-9c5f-2c204b5f6601 for 149885ms
2019-09-17 12:55:23,541 [f7ede272-a28a-44e0-9552-15581fc2de04@group-0E70A92CA2C7-SegmentedRaftLogWorker] WARN  segmented.SegmentedRaftLogWorker (SegmentedRaftLogWorker.java:getFromFuture(90)) - Timeout 14/~
org.apache.ratis.protocol.TimeoutIOException: Timeout 10s: WriteLog:31: (t:1, i:31), STATEMACHINELOGENTRY, client-B7904277824C, cid=281-writeStateMachineData
	at org.apache.ratis.util.IOUtils.getFromFuture(IOUtils.java:87)
	at org.apache.ratis.server.raftlog.segmented.SegmentedRaftLogWorker$StateMachineDataPolicy.getFromFuture(SegmentedRaftLogWorker.java:87)
	at org.apache.ratis.server.raftlog.segmented.SegmentedRaftLogWorker$WriteLog.execute(SegmentedRaftLogWorker.java:477)
	at org.apache.ratis.server.raftlog.segmented.SegmentedRaftLogWorker.run(SegmentedRaftLogWorker.java:289)
	at java.lang.Thread.run(Thread.java:748)
Caused by: java.util.concurrent.TimeoutException
	at java.util.concurrent.CompletableFuture.timedGet(CompletableFuture.java:1771)
	at java.util.concurrent.CompletableFuture.get(CompletableFuture.java:1915)
	at org.apache.ratis.util.IOUtils.getFromFuture(IOUtils.java:79)
	... 4 more
2019-09-17 12:55:23,558 [84ab4d91-000c-4523-9c5f-2c204b5f6601@group-0E70A92CA2C7-SegmentedRaftLogWorker] WARN  segmented.SegmentedRaftLogWorker (SegmentedRaftLogWorker.java:getFromFuture(90)) - Timeout 14/~
org.apache.ratis.protocol.TimeoutIOException: Timeout 10s: WriteLog:31: (t:1, i:31), STATEMACHINELOGENTRY, client-B7904277824C, cid=281-writeStateMachineData
	at org.apache.ratis.util.IOUtils.getFromFuture(IOUtils.java:87)
	at org.apache.ratis.server.raftlog.segmented.SegmentedRaftLogWorker$StateMachineDataPolicy.getFromFuture(SegmentedRaftLogWorker.java:87)
	at org.apache.ratis.server.raftlog.segmented.SegmentedRaftLogWorker$WriteLog.execute(SegmentedRaftLogWorker.java:477)
	at org.apache.ratis.server.raftlog.segmented.SegmentedRaftLogWorker.run(SegmentedRaftLogWorker.java:289)
	at java.lang.Thread.run(Thread.java:748)
Caused by: java.util.concurrent.TimeoutException
	at java.util.concurrent.CompletableFuture.timedGet(CompletableFuture.java:1771)
	at java.util.concurrent.CompletableFuture.get(CompletableFuture.java:1915)
	at org.apache.ratis.util.IOUtils.getFromFuture(IOUtils.java:79)
	... 4 more
2019-09-17 12:55:23,558 [5e893e0a-56f7-4618-9f46-a6ff48173cb6@group-0E70A92CA2C7-SegmentedRaftLogWorker] WARN  segmented.SegmentedRaftLogWorker (SegmentedRaftLogWorker.java:getFromFuture(90)) - Timeout 14/~
org.apache.ratis.protocol.TimeoutIOException: Timeout 10s: WriteLog:31: (t:1, i:31), STATEMACHINELOGENTRY, client-B7904277824C, cid=281-writeStateMachineData
	at org.apache.ratis.util.IOUtils.getFromFuture(IOUtils.java:87)
	at org.apache.ratis.server.raftlog.segmented.SegmentedRaftLogWorker$StateMachineDataPolicy.getFromFuture(SegmentedRaftLogWorker.java:87)
	at org.apache.ratis.server.raftlog.segmented.SegmentedRaftLogWorker$WriteLog.execute(SegmentedRaftLogWorker.java:477)
	at org.apache.ratis.server.raftlog.segmented.SegmentedRaftLogWorker.run(SegmentedRaftLogWorker.java:289)
	at java.lang.Thread.run(Thread.java:748)
Caused by: java.util.concurrent.TimeoutException
	at java.util.concurrent.CompletableFuture.timedGet(CompletableFuture.java:1771)
	at java.util.concurrent.CompletableFuture.get(CompletableFuture.java:1915)
	at org.apache.ratis.util.IOUtils.getFromFuture(IOUtils.java:79)
	... 4 more
2019-09-17 12:55:23,877 [EventQueue-PipelineActionsForPipelineActionHandler] ERROR pipeline.PipelineActionHandler (PipelineActionHandler.java:onMessage(60)) - Received pipeline action CLOSE for Pipeline[ Id: 2352ae7c-367f-43ff-a988-0e70a92ca2c7, Nodes: 5e893e0a-56f7-4618-9f46-a6ff48173cb6{ip: 192.168.5.153, host: pr-hdds-2137-trunk-mnh2s-3748177197, networkLocation: /default-rack, certSerialId: null}84ab4d91-000c-4523-9c5f-2c204b5f6601{ip: 192.168.5.153, host: pr-hdds-2137-trunk-mnh2s-3748177197, networkLocation: /default-rack, certSerialId: null}f7ede272-a28a-44e0-9552-15581fc2de04{ip: 192.168.5.153, host: pr-hdds-2137-trunk-mnh2s-3748177197, networkLocation: /default-rack, certSerialId: null}, Type:RATIS, Factor:THREE, State:CLOSED] from datanode f7ede272-a28a-44e0-9552-15581fc2de04{ip: 192.168.5.153, host: pr-hdds-2137-trunk-mnh2s-3748177197, networkLocation: /default-rack, certSerialId: null}. Reason : f7ede272-a28a-44e0-9552-15581fc2de04 has not seen follower/s 5e893e0a-56f7-4618-9f46-a6ff48173cb6 for 149871ms 84ab4d91-000c-4523-9c5f-2c204b5f6601 for 149885ms
2019-09-17 12:55:23,877 [EventQueue-PipelineActionsForPipelineActionHandler] INFO  pipeline.SCMPipelineManager (SCMPipelineManager.java:finalizeAndDestroyPipeline(311)) - destroying pipeline:Pipeline[ Id: 2352ae7c-367f-43ff-a988-0e70a92ca2c7, Nodes: 5e893e0a-56f7-4618-9f46-a6ff48173cb6{ip: 192.168.5.153, host: pr-hdds-2137-trunk-mnh2s-3748177197, networkLocation: /default-rack, certSerialId: null}84ab4d91-000c-4523-9c5f-2c204b5f6601{ip: 192.168.5.153, host: pr-hdds-2137-trunk-mnh2s-3748177197, networkLocation: /default-rack, certSerialId: null}f7ede272-a28a-44e0-9552-15581fc2de04{ip: 192.168.5.153, host: pr-hdds-2137-trunk-mnh2s-3748177197, networkLocation: /default-rack, certSerialId: null}, Type:RATIS, Factor:THREE, State:CLOSED]
2019-09-17 12:55:23,884 [java.util.concurrent.ThreadPoolExecutor$Worker@27773213[State = -1, empty queue]] WARN  server.GrpcLogAppender (GrpcLogAppender.java:timeoutAppendRequest(200)) - f7ede272-a28a-44e0-9552-15581fc2de04@group-0E70A92CA2C7->5e893e0a-56f7-4618-9f46-a6ff48173cb6-GrpcLogAppender: appendEntries Timeout, request=f7ede272-a28a-44e0-9552-15581fc2de04->5e893e0a-56f7-4618-9f46-a6ff48173cb6#96-t1, previous=(t:1, i:35), leaderCommit=30, initializing? false, entries: <empty>
2019-09-17 12:55:23,884 [java.util.concurrent.ThreadPoolExecutor$Worker@114f3833[State = -1, empty queue]] WARN  server.GrpcLogAppender (GrpcLogAppender.java:timeoutAppendRequest(200)) - f7ede272-a28a-44e0-9552-15581fc2de04@group-0E70A92CA2C7->84ab4d91-000c-4523-9c5f-2c204b5f6601-GrpcLogAppender: appendEntries Timeout, request=f7ede272-a28a-44e0-9552-15581fc2de04->84ab4d91-000c-4523-9c5f-2c204b5f6601#96-t1, previous=(t:1, i:35), leaderCommit=30, initializing? false, entries: <empty>
 0.00% |█                                                                                                    |  0/1 Time: 0:02:312019-09-17 12:55:24,808 [grpc-default-executor-7] INFO  client.GrpcClientProtocolClient (GrpcClientProtocolClient.java:onNext(264)) - client-B7904277824C->84ab4d91-000c-4523-9c5f-2c204b5f6601: receive RaftClientReply:client-B7904277824C->84ab4d91-000c-4523-9c5f-2c204b5f6601@group-0E70A92CA2C7, cid=281, FAILED org.apache.ratis.protocol.NotLeaderException: Server 84ab4d91-000c-4523-9c5f-2c204b5f6601@group-0E70A92CA2C7 is not the leader f7ede272-a28a-44e0-9552-15581fc2de04:192.168.5.153:38263, logIndex=0, commits[84ab4d91-000c-4523-9c5f-2c204b5f6601:c30, 5e893e0a-56f7-4618-9f46-a6ff48173cb6:c26, f7ede272-a28a-44e0-9552-15581fc2de04:c30]
 0.00% |█                                                                                                    |  0/1 Time: 0:02:322019-09-17 12:55:25,886 [org.apache.ratis.server.impl.LogAppender$AppenderDaemon$$Lambda$509/159327213@700dfebd] ERROR ratis.XceiverServerRatis (XceiverServerRatis.java:triggerPipelineClose(575)) - pipeline Action CLOSE  on pipeline PipelineID=2352ae7c-367f-43ff-a988-0e70a92ca2c7.Reason : f7ede272-a28a-44e0-9552-15581fc2de04 has not seen follower/s 5e893e0a-56f7-4618-9f46-a6ff48173cb6 for 152372ms 84ab4d91-000c-4523-9c5f-2c204b5f6601 for 152385ms
2019-09-17 12:55:25,886 [org.apache.ratis.server.impl.LogAppender$AppenderDaemon$$Lambda$509/159327213@b9d0d58] ERROR ratis.XceiverServerRatis (XceiverServerRatis.java:triggerPipelineClose(575)) - pipeline Action CLOSE  on pipeline PipelineID=2352ae7c-367f-43ff-a988-0e70a92ca2c7.Reason : f7ede272-a28a-44e0-9552-15581fc2de04 has not seen follower/s 5e893e0a-56f7-4618-9f46-a6ff48173cb6 for 152372ms 84ab4d91-000c-4523-9c5f-2c204b5f6601 for 152385ms
 0.00% |█                                                                                                    |  0/1 Time: 0:02:332019-09-17 12:55:26,386 [java.util.concurrent.ThreadPoolExecutor$Worker@27773213[State = -1, empty queue]] WARN  server.GrpcLogAppender (GrpcLogAppender.java:timeoutAppendRequest(200)) - f7ede272-a28a-44e0-9552-15581fc2de04@group-0E70A92CA2C7->5e893e0a-56f7-4618-9f46-a6ff48173cb6-GrpcLogAppender: appendEntries Timeout, request=f7ede272-a28a-44e0-9552-15581fc2de04->5e893e0a-56f7-4618-9f46-a6ff48173cb6#97-t1, previous=(t:1, i:35), leaderCommit=30, initializing? false, entries: <empty>
2019-09-17 12:55:26,386 [java.util.concurrent.ThreadPoolExecutor$Worker@114f3833[State = -1, empty queue]] WARN  server.GrpcLogAppender (GrpcLogAppender.java:timeoutAppendRequest(200)) - f7ede272-a28a-44e0-9552-15581fc2de04@group-0E70A92CA2C7->84ab4d91-000c-4523-9c5f-2c204b5f6601-GrpcLogAppender: appendEntries Timeout, request=f7ede272-a28a-44e0-9552-15581fc2de04->84ab4d91-000c-4523-9c5f-2c204b5f6601#97-t1, previous=(t:1, i:35), leaderCommit=30, initializing? false, entries: <empty>
2019-09-17 12:55:26,877 [EventQueue-PipelineActionsForPipelineActionHandler] ERROR pipeline.PipelineActionHandler (PipelineActionHandler.java:onMessage(60)) - Received pipeline action CLOSE for Pipeline[ Id: 2352ae7c-367f-43ff-a988-0e70a92ca2c7, Nodes: 5e893e0a-56f7-4618-9f46-a6ff48173cb6{ip: 192.168.5.153, host: pr-hdds-2137-trunk-mnh2s-3748177197, networkLocation: /default-rack, certSerialId: null}84ab4d91-000c-4523-9c5f-2c204b5f6601{ip: 192.168.5.153, host: pr-hdds-2137-trunk-mnh2s-3748177197, networkLocation: /default-rack, certSerialId: null}f7ede272-a28a-44e0-9552-15581fc2de04{ip: 192.168.5.153, host: pr-hdds-2137-trunk-mnh2s-3748177197, networkLocation: /default-rack, certSerialId: null}, Type:RATIS, Factor:THREE, State:CLOSED] from datanode f7ede272-a28a-44e0-9552-15581fc2de04{ip: 192.168.5.153, host: pr-hdds-2137-trunk-mnh2s-3748177197, networkLocation: /default-rack, certSerialId: null}. Reason : f7ede272-a28a-44e0-9552-15581fc2de04 has not seen follower/s 5e893e0a-56f7-4618-9f46-a6ff48173cb6 for 152372ms 84ab4d91-000c-4523-9c5f-2c204b5f6601 for 152385ms
2019-09-17 12:55:26,877 [EventQueue-PipelineActionsForPipelineActionHandler] INFO  pipeline.SCMPipelineManager (SCMPipelineManager.java:finalizeAndDestroyPipeline(311)) - destroying pipeline:Pipeline[ Id: 2352ae7c-367f-43ff-a988-0e70a92ca2c7, Nodes: 5e893e0a-56f7-4618-9f46-a6ff48173cb6{ip: 192.168.5.153, host: pr-hdds-2137-trunk-mnh2s-3748177197, networkLocation: /default-rack, certSerialId: null}84ab4d91-000c-4523-9c5f-2c204b5f6601{ip: 192.168.5.153, host: pr-hdds-2137-trunk-mnh2s-3748177197, networkLocation: /default-rack, certSerialId: null}f7ede272-a28a-44e0-9552-15581fc2de04{ip: 192.168.5.153, host: pr-hdds-2137-trunk-mnh2s-3748177197, networkLocation: /default-rack, certSerialId: null}, Type:RATIS, Factor:THREE, State:CLOSED]
 0.00% |█                                                                                                    |  0/1 Time: 0:02:34 0.00% |█                                                                                                    |  0/1 Time: 0:02:352019-09-17 12:55:28,388 [org.apache.ratis.server.impl.LogAppender$AppenderDaemon$$Lambda$509/159327213@700dfebd] ERROR ratis.XceiverServerRatis (XceiverServerRatis.java:triggerPipelineClose(575)) - pipeline Action CLOSE  on pipeline PipelineID=2352ae7c-367f-43ff-a988-0e70a92ca2c7.Reason : f7ede272-a28a-44e0-9552-15581fc2de04 has not seen follower/s 5e893e0a-56f7-4618-9f46-a6ff48173cb6 for 154873ms 84ab4d91-000c-4523-9c5f-2c204b5f6601 for 154886ms
2019-09-17 12:55:28,388 [org.apache.ratis.server.impl.LogAppender$AppenderDaemon$$Lambda$509/159327213@b9d0d58] ERROR ratis.XceiverServerRatis (XceiverServerRatis.java:triggerPipelineClose(575)) - pipeline Action CLOSE  on pipeline PipelineID=2352ae7c-367f-43ff-a988-0e70a92ca2c7.Reason : f7ede272-a28a-44e0-9552-15581fc2de04 has not seen follower/s 5e893e0a-56f7-4618-9f46-a6ff48173cb6 for 154873ms 84ab4d91-000c-4523-9c5f-2c204b5f6601 for 154886ms
2019-09-17 12:55:28,875 [EventQueue-PipelineActionsForPipelineActionHandler] ERROR pipeline.PipelineActionHandler (PipelineActionHandler.java:onMessage(60)) - Received pipeline action CLOSE for Pipeline[ Id: 2352ae7c-367f-43ff-a988-0e70a92ca2c7, Nodes: 5e893e0a-56f7-4618-9f46-a6ff48173cb6{ip: 192.168.5.153, host: pr-hdds-2137-trunk-mnh2s-3748177197, networkLocation: /default-rack, certSerialId: null}84ab4d91-000c-4523-9c5f-2c204b5f6601{ip: 192.168.5.153, host: pr-hdds-2137-trunk-mnh2s-3748177197, networkLocation: /default-rack, certSerialId: null}f7ede272-a28a-44e0-9552-15581fc2de04{ip: 192.168.5.153, host: pr-hdds-2137-trunk-mnh2s-3748177197, networkLocation: /default-rack, certSerialId: null}, Type:RATIS, Factor:THREE, State:CLOSED] from datanode f7ede272-a28a-44e0-9552-15581fc2de04{ip: 192.168.5.153, host: pr-hdds-2137-trunk-mnh2s-3748177197, networkLocation: /default-rack, certSerialId: null}. Reason : f7ede272-a28a-44e0-9552-15581fc2de04 has not seen follower/s 5e893e0a-56f7-4618-9f46-a6ff48173cb6 for 154873ms 84ab4d91-000c-4523-9c5f-2c204b5f6601 for 154886ms
2019-09-17 12:55:28,875 [EventQueue-PipelineActionsForPipelineActionHandler] INFO  pipeline.SCMPipelineManager (SCMPipelineManager.java:finalizeAndDestroyPipeline(311)) - destroying pipeline:Pipeline[ Id: 2352ae7c-367f-43ff-a988-0e70a92ca2c7, Nodes: 5e893e0a-56f7-4618-9f46-a6ff48173cb6{ip: 192.168.5.153, host: pr-hdds-2137-trunk-mnh2s-3748177197, networkLocation: /default-rack, certSerialId: null}84ab4d91-000c-4523-9c5f-2c204b5f6601{ip: 192.168.5.153, host: pr-hdds-2137-trunk-mnh2s-3748177197, networkLocation: /default-rack, certSerialId: null}f7ede272-a28a-44e0-9552-15581fc2de04{ip: 192.168.5.153, host: pr-hdds-2137-trunk-mnh2s-3748177197, networkLocation: /default-rack, certSerialId: null}, Type:RATIS, Factor:THREE, State:CLOSED]
2019-09-17 12:55:28,886 [java.util.concurrent.ThreadPoolExecutor$Worker@114f3833[State = -1, empty queue]] WARN  server.GrpcLogAppender (GrpcLogAppender.java:timeoutAppendRequest(200)) - f7ede272-a28a-44e0-9552-15581fc2de04@group-0E70A92CA2C7->84ab4d91-000c-4523-9c5f-2c204b5f6601-GrpcLogAppender: appendEntries Timeout, request=f7ede272-a28a-44e0-9552-15581fc2de04->84ab4d91-000c-4523-9c5f-2c204b5f6601#98-t1, previous=(t:1, i:35), leaderCommit=30, initializing? false, entries: <empty>
2019-09-17 12:55:28,886 [java.util.concurrent.ThreadPoolExecutor$Worker@27773213[State = -1, empty queue]] WARN  server.GrpcLogAppender (GrpcLogAppender.java:timeoutAppendRequest(200)) - f7ede272-a28a-44e0-9552-15581fc2de04@group-0E70A92CA2C7->5e893e0a-56f7-4618-9f46-a6ff48173cb6-GrpcLogAppender: appendEntries Timeout, request=f7ede272-a28a-44e0-9552-15581fc2de04->5e893e0a-56f7-4618-9f46-a6ff48173cb6#98-t1, previous=(t:1, i:35), leaderCommit=30, initializing? false, entries: <empty>
 0.00% |█                                                                                                    |  0/1 Time: 0:02:362019-09-17 12:55:29,845 [grpc-default-executor-7] INFO  client.GrpcClientProtocolClient (GrpcClientProtocolClient.java:onNext(264)) - client-B7904277824C->84ab4d91-000c-4523-9c5f-2c204b5f6601: receive RaftClientReply:client-B7904277824C->84ab4d91-000c-4523-9c5f-2c204b5f6601@group-0E70A92CA2C7, cid=281, FAILED org.apache.ratis.protocol.NotLeaderException: Server 84ab4d91-000c-4523-9c5f-2c204b5f6601@group-0E70A92CA2C7 is not the leader f7ede272-a28a-44e0-9552-15581fc2de04:192.168.5.153:38263, logIndex=0, commits[84ab4d91-000c-4523-9c5f-2c204b5f6601:c30, 5e893e0a-56f7-4618-9f46-a6ff48173cb6:c26, f7ede272-a28a-44e0-9552-15581fc2de04:c30]
 0.00% |█                                                                                                    |  0/1 Time: 0:02:372019-09-17 12:55:30,888 [org.apache.ratis.server.impl.LogAppender$AppenderDaemon$$Lambda$509/159327213@b9d0d58] ERROR ratis.XceiverServerRatis (XceiverServerRatis.java:triggerPipelineClose(575)) - pipeline Action CLOSE  on pipeline PipelineID=2352ae7c-367f-43ff-a988-0e70a92ca2c7.Reason : f7ede272-a28a-44e0-9552-15581fc2de04 has not seen follower/s 5e893e0a-56f7-4618-9f46-a6ff48173cb6 for 157374ms 84ab4d91-000c-4523-9c5f-2c204b5f6601 for 157387ms
2019-09-17 12:55:30,888 [org.apache.ratis.server.impl.LogAppender$AppenderDaemon$$Lambda$509/159327213@700dfebd] ERROR ratis.XceiverServerRatis (XceiverServerRatis.java:triggerPipelineClose(575)) - pipeline Action CLOSE  on pipeline PipelineID=2352ae7c-367f-43ff-a988-0e70a92ca2c7.Reason : f7ede272-a28a-44e0-9552-15581fc2de04 has not seen follower/s 5e893e0a-56f7-4618-9f46-a6ff48173cb6 for 157374ms 84ab4d91-000c-4523-9c5f-2c204b5f6601 for 157387ms
 0.00% |█                                                                                                    |  0/1 Time: 0:02:382019-09-17 12:55:31,387 [java.util.concurrent.ThreadPoolExecutor$Worker@114f3833[State = -1, empty queue]] WARN  server.GrpcLogAppender (GrpcLogAppender.java:timeoutAppendRequest(200)) - f7ede272-a28a-44e0-9552-15581fc2de04@group-0E70A92CA2C7->84ab4d91-000c-4523-9c5f-2c204b5f6601-GrpcLogAppender: appendEntries Timeout, request=f7ede272-a28a-44e0-9552-15581fc2de04->84ab4d91-000c-4523-9c5f-2c204b5f6601#99-t1, previous=(t:1, i:35), leaderCommit=30, initializing? false, entries: <empty>
2019-09-17 12:55:31,387 [java.util.concurrent.ThreadPoolExecutor$Worker@27773213[State = -1, empty queue]] WARN  server.GrpcLogAppender (GrpcLogAppender.java:timeoutAppendRequest(200)) - f7ede272-a28a-44e0-9552-15581fc2de04@group-0E70A92CA2C7->5e893e0a-56f7-4618-9f46-a6ff48173cb6-GrpcLogAppender: appendEntries Timeout, request=f7ede272-a28a-44e0-9552-15581fc2de04->5e893e0a-56f7-4618-9f46-a6ff48173cb6#99-t1, previous=(t:1, i:35), leaderCommit=30, initializing? false, entries: <empty>
2019-09-17 12:55:31,875 [EventQueue-PipelineActionsForPipelineActionHandler] ERROR pipeline.PipelineActionHandler (PipelineActionHandler.java:onMessage(60)) - Received pipeline action CLOSE for Pipeline[ Id: 2352ae7c-367f-43ff-a988-0e70a92ca2c7, Nodes: 5e893e0a-56f7-4618-9f46-a6ff48173cb6{ip: 192.168.5.153, host: pr-hdds-2137-trunk-mnh2s-3748177197, networkLocation: /default-rack, certSerialId: null}84ab4d91-000c-4523-9c5f-2c204b5f6601{ip: 192.168.5.153, host: pr-hdds-2137-trunk-mnh2s-3748177197, networkLocation: /default-rack, certSerialId: null}f7ede272-a28a-44e0-9552-15581fc2de04{ip: 192.168.5.153, host: pr-hdds-2137-trunk-mnh2s-3748177197, networkLocation: /default-rack, certSerialId: null}, Type:RATIS, Factor:THREE, State:CLOSED] from datanode f7ede272-a28a-44e0-9552-15581fc2de04{ip: 192.168.5.153, host: pr-hdds-2137-trunk-mnh2s-3748177197, networkLocation: /default-rack, certSerialId: null}. Reason : f7ede272-a28a-44e0-9552-15581fc2de04 has not seen follower/s 5e893e0a-56f7-4618-9f46-a6ff48173cb6 for 157374ms 84ab4d91-000c-4523-9c5f-2c204b5f6601 for 157387ms
2019-09-17 12:55:31,875 [EventQueue-PipelineActionsForPipelineActionHandler] INFO  pipeline.SCMPipelineManager (SCMPipelineManager.java:finalizeAndDestroyPipeline(311)) - destroying pipeline:Pipeline[ Id: 2352ae7c-367f-43ff-a988-0e70a92ca2c7, Nodes: 5e893e0a-56f7-4618-9f46-a6ff48173cb6{ip: 192.168.5.153, host: pr-hdds-2137-trunk-mnh2s-3748177197, networkLocation: /default-rack, certSerialId: null}84ab4d91-000c-4523-9c5f-2c204b5f6601{ip: 192.168.5.153, host: pr-hdds-2137-trunk-mnh2s-3748177197, networkLocation: /default-rack, certSerialId: null}f7ede272-a28a-44e0-9552-15581fc2de04{ip: 192.168.5.153, host: pr-hdds-2137-trunk-mnh2s-3748177197, networkLocation: /default-rack, certSerialId: null}, Type:RATIS, Factor:THREE, State:CLOSED]
 0.00% |█                                                                                                    |  0/1 Time: 0:02:39 0.00% |█                                                                                                    |  0/1 Time: 0:02:402019-09-17 12:55:33,389 [org.apache.ratis.server.impl.LogAppender$AppenderDaemon$$Lambda$509/159327213@b9d0d58] ERROR ratis.XceiverServerRatis (XceiverServerRatis.java:triggerPipelineClose(575)) - pipeline Action CLOSE  on pipeline PipelineID=2352ae7c-367f-43ff-a988-0e70a92ca2c7.Reason : f7ede272-a28a-44e0-9552-15581fc2de04 has not seen follower/s 5e893e0a-56f7-4618-9f46-a6ff48173cb6 for 159875ms 84ab4d91-000c-4523-9c5f-2c204b5f6601 for 159888ms
2019-09-17 12:55:33,389 [org.apache.ratis.server.impl.LogAppender$AppenderDaemon$$Lambda$509/159327213@700dfebd] ERROR ratis.XceiverServerRatis (XceiverServerRatis.java:triggerPipelineClose(575)) - pipeline Action CLOSE  on pipeline PipelineID=2352ae7c-367f-43ff-a988-0e70a92ca2c7.Reason : f7ede272-a28a-44e0-9552-15581fc2de04 has not seen follower/s 5e893e0a-56f7-4618-9f46-a6ff48173cb6 for 159875ms 84ab4d91-000c-4523-9c5f-2c204b5f6601 for 159888ms
2019-09-17 12:55:33,542 [f7ede272-a28a-44e0-9552-15581fc2de04@group-0E70A92CA2C7-SegmentedRaftLogWorker] WARN  segmented.SegmentedRaftLogWorker (SegmentedRaftLogWorker.java:getFromFuture(90)) - Timeout 15/~
org.apache.ratis.protocol.TimeoutIOException: Timeout 10s: WriteLog:31: (t:1, i:31), STATEMACHINELOGENTRY, client-B7904277824C, cid=281-writeStateMachineData
	at org.apache.ratis.util.IOUtils.getFromFuture(IOUtils.java:87)
	at org.apache.ratis.server.raftlog.segmented.SegmentedRaftLogWorker$StateMachineDataPolicy.getFromFuture(SegmentedRaftLogWorker.java:87)
	at org.apache.ratis.server.raftlog.segmented.SegmentedRaftLogWorker$WriteLog.execute(SegmentedRaftLogWorker.java:477)
	at org.apache.ratis.server.raftlog.segmented.SegmentedRaftLogWorker.run(SegmentedRaftLogWorker.java:289)
	at java.lang.Thread.run(Thread.java:748)
Caused by: java.util.concurrent.TimeoutException
	at java.util.concurrent.CompletableFuture.timedGet(CompletableFuture.java:1771)
	at java.util.concurrent.CompletableFuture.get(CompletableFuture.java:1915)
	at org.apache.ratis.util.IOUtils.getFromFuture(IOUtils.java:79)
	... 4 more
2019-09-17 12:55:33,559 [84ab4d91-000c-4523-9c5f-2c204b5f6601@group-0E70A92CA2C7-SegmentedRaftLogWorker] WARN  segmented.SegmentedRaftLogWorker (SegmentedRaftLogWorker.java:getFromFuture(90)) - Timeout 15/~
org.apache.ratis.protocol.TimeoutIOException: Timeout 10s: WriteLog:31: (t:1, i:31), STATEMACHINELOGENTRY, client-B7904277824C, cid=281-writeStateMachineData
	at org.apache.ratis.util.IOUtils.getFromFuture(IOUtils.java:87)
	at org.apache.ratis.server.raftlog.segmented.SegmentedRaftLogWorker$StateMachineDataPolicy.getFromFuture(SegmentedRaftLogWorker.java:87)
	at org.apache.ratis.server.raftlog.segmented.SegmentedRaftLogWorker$WriteLog.execute(SegmentedRaftLogWorker.java:477)
	at org.apache.ratis.server.raftlog.segmented.SegmentedRaftLogWorker.run(SegmentedRaftLogWorker.java:289)
	at java.lang.Thread.run(Thread.java:748)
Caused by: java.util.concurrent.TimeoutException
	at java.util.concurrent.CompletableFuture.timedGet(CompletableFuture.java:1771)
	at java.util.concurrent.CompletableFuture.get(CompletableFuture.java:1915)
	at org.apache.ratis.util.IOUtils.getFromFuture(IOUtils.java:79)
	... 4 more
2019-09-17 12:55:33,559 [5e893e0a-56f7-4618-9f46-a6ff48173cb6@group-0E70A92CA2C7-SegmentedRaftLogWorker] WARN  segmented.SegmentedRaftLogWorker (SegmentedRaftLogWorker.java:getFromFuture(90)) - Timeout 15/~
org.apache.ratis.protocol.TimeoutIOException: Timeout 10s: WriteLog:31: (t:1, i:31), STATEMACHINELOGENTRY, client-B7904277824C, cid=281-writeStateMachineData
	at org.apache.ratis.util.IOUtils.getFromFuture(IOUtils.java:87)
	at org.apache.ratis.server.raftlog.segmented.SegmentedRaftLogWorker$StateMachineDataPolicy.getFromFuture(SegmentedRaftLogWorker.java:87)
	at org.apache.ratis.server.raftlog.segmented.SegmentedRaftLogWorker$WriteLog.execute(SegmentedRaftLogWorker.java:477)
	at org.apache.ratis.server.raftlog.segmented.SegmentedRaftLogWorker.run(SegmentedRaftLogWorker.java:289)
	at java.lang.Thread.run(Thread.java:748)
Caused by: java.util.concurrent.TimeoutException
	at java.util.concurrent.CompletableFuture.timedGet(CompletableFuture.java:1771)
	at java.util.concurrent.CompletableFuture.get(CompletableFuture.java:1915)
	at org.apache.ratis.util.IOUtils.getFromFuture(IOUtils.java:79)
	... 4 more
2019-09-17 12:55:33,875 [EventQueue-PipelineActionsForPipelineActionHandler] ERROR pipeline.PipelineActionHandler (PipelineActionHandler.java:onMessage(60)) - Received pipeline action CLOSE for Pipeline[ Id: 2352ae7c-367f-43ff-a988-0e70a92ca2c7, Nodes: 5e893e0a-56f7-4618-9f46-a6ff48173cb6{ip: 192.168.5.153, host: pr-hdds-2137-trunk-mnh2s-3748177197, networkLocation: /default-rack, certSerialId: null}84ab4d91-000c-4523-9c5f-2c204b5f6601{ip: 192.168.5.153, host: pr-hdds-2137-trunk-mnh2s-3748177197, networkLocation: /default-rack, certSerialId: null}f7ede272-a28a-44e0-9552-15581fc2de04{ip: 192.168.5.153, host: pr-hdds-2137-trunk-mnh2s-3748177197, networkLocation: /default-rack, certSerialId: null}, Type:RATIS, Factor:THREE, State:CLOSED] from datanode f7ede272-a28a-44e0-9552-15581fc2de04{ip: 192.168.5.153, host: pr-hdds-2137-trunk-mnh2s-3748177197, networkLocation: /default-rack, certSerialId: null}. Reason : f7ede272-a28a-44e0-9552-15581fc2de04 has not seen follower/s 5e893e0a-56f7-4618-9f46-a6ff48173cb6 for 159875ms 84ab4d91-000c-4523-9c5f-2c204b5f6601 for 159888ms
2019-09-17 12:55:33,875 [EventQueue-PipelineActionsForPipelineActionHandler] INFO  pipeline.SCMPipelineManager (SCMPipelineManager.java:finalizeAndDestroyPipeline(311)) - destroying pipeline:Pipeline[ Id: 2352ae7c-367f-43ff-a988-0e70a92ca2c7, Nodes: 5e893e0a-56f7-4618-9f46-a6ff48173cb6{ip: 192.168.5.153, host: pr-hdds-2137-trunk-mnh2s-3748177197, networkLocation: /default-rack, certSerialId: null}84ab4d91-000c-4523-9c5f-2c204b5f6601{ip: 192.168.5.153, host: pr-hdds-2137-trunk-mnh2s-3748177197, networkLocation: /default-rack, certSerialId: null}f7ede272-a28a-44e0-9552-15581fc2de04{ip: 192.168.5.153, host: pr-hdds-2137-trunk-mnh2s-3748177197, networkLocation: /default-rack, certSerialId: null}, Type:RATIS, Factor:THREE, State:CLOSED]
2019-09-17 12:55:33,888 [java.util.concurrent.ThreadPoolExecutor$Worker@114f3833[State = -1, empty queue]] WARN  server.GrpcLogAppender (GrpcLogAppender.java:timeoutAppendRequest(200)) - f7ede272-a28a-44e0-9552-15581fc2de04@group-0E70A92CA2C7->84ab4d91-000c-4523-9c5f-2c204b5f6601-GrpcLogAppender: appendEntries Timeout, request=f7ede272-a28a-44e0-9552-15581fc2de04->84ab4d91-000c-4523-9c5f-2c204b5f6601#100-t1, previous=(t:1, i:35), leaderCommit=30, initializing? false, entries: <empty>
2019-09-17 12:55:33,888 [java.util.concurrent.ThreadPoolExecutor$Worker@27773213[State = -1, empty queue]] WARN  server.GrpcLogAppender (GrpcLogAppender.java:timeoutAppendRequest(200)) - f7ede272-a28a-44e0-9552-15581fc2de04@group-0E70A92CA2C7->5e893e0a-56f7-4618-9f46-a6ff48173cb6-GrpcLogAppender: appendEntries Timeout, request=f7ede272-a28a-44e0-9552-15581fc2de04->5e893e0a-56f7-4618-9f46-a6ff48173cb6#100-t1, previous=(t:1, i:35), leaderCommit=30, initializing? false, entries: <empty>
 0.00% |█                                                                                                    |  0/1 Time: 0:02:412019-09-17 12:55:34,874 [grpc-default-executor-5] INFO  client.GrpcClientProtocolClient (GrpcClientProtocolClient.java:onNext(264)) - client-B7904277824C->84ab4d91-000c-4523-9c5f-2c204b5f6601: receive RaftClientReply:client-B7904277824C->84ab4d91-000c-4523-9c5f-2c204b5f6601@group-0E70A92CA2C7, cid=281, FAILED org.apache.ratis.protocol.NotLeaderException: Server 84ab4d91-000c-4523-9c5f-2c204b5f6601@group-0E70A92CA2C7 is not the leader f7ede272-a28a-44e0-9552-15581fc2de04:192.168.5.153:38263, logIndex=0, commits[84ab4d91-000c-4523-9c5f-2c204b5f6601:c30, 5e893e0a-56f7-4618-9f46-a6ff48173cb6:c26, f7ede272-a28a-44e0-9552-15581fc2de04:c30]
 0.00% |█                                                                                                    |  0/1 Time: 0:02:422019-09-17 12:55:35,890 [org.apache.ratis.server.impl.LogAppender$AppenderDaemon$$Lambda$509/159327213@b9d0d58] ERROR ratis.XceiverServerRatis (XceiverServerRatis.java:triggerPipelineClose(575)) - pipeline Action CLOSE  on pipeline PipelineID=2352ae7c-367f-43ff-a988-0e70a92ca2c7.Reason : f7ede272-a28a-44e0-9552-15581fc2de04 has not seen follower/s 5e893e0a-56f7-4618-9f46-a6ff48173cb6 for 162375ms 84ab4d91-000c-4523-9c5f-2c204b5f6601 for 162388ms
2019-09-17 12:55:35,890 [org.apache.ratis.server.impl.LogAppender$AppenderDaemon$$Lambda$509/159327213@700dfebd] ERROR ratis.XceiverServerRatis (XceiverServerRatis.java:triggerPipelineClose(575)) - pipeline Action CLOSE  on pipeline PipelineID=2352ae7c-367f-43ff-a988-0e70a92ca2c7.Reason : f7ede272-a28a-44e0-9552-15581fc2de04 has not seen follower/s 5e893e0a-56f7-4618-9f46-a6ff48173cb6 for 162375ms 84ab4d91-000c-4523-9c5f-2c204b5f6601 for 162389ms
 0.00% |█                                                                                                    |  0/1 Time: 0:02:432019-09-17 12:55:36,389 [java.util.concurrent.ThreadPoolExecutor$Worker@27773213[State = -1, empty queue]] WARN  server.GrpcLogAppender (GrpcLogAppender.java:timeoutAppendRequest(200)) - f7ede272-a28a-44e0-9552-15581fc2de04@group-0E70A92CA2C7->5e893e0a-56f7-4618-9f46-a6ff48173cb6-GrpcLogAppender: appendEntries Timeout, request=f7ede272-a28a-44e0-9552-15581fc2de04->5e893e0a-56f7-4618-9f46-a6ff48173cb6#101-t1, previous=(t:1, i:35), leaderCommit=30, initializing? false, entries: <empty>
2019-09-17 12:55:36,389 [java.util.concurrent.ThreadPoolExecutor$Worker@114f3833[State = -1, empty queue]] WARN  server.GrpcLogAppender (GrpcLogAppender.java:timeoutAppendRequest(200)) - f7ede272-a28a-44e0-9552-15581fc2de04@group-0E70A92CA2C7->84ab4d91-000c-4523-9c5f-2c204b5f6601-GrpcLogAppender: appendEntries Timeout, request=f7ede272-a28a-44e0-9552-15581fc2de04->84ab4d91-000c-4523-9c5f-2c204b5f6601#101-t1, previous=(t:1, i:35), leaderCommit=30, initializing? false, entries: <empty>
2019-09-17 12:55:36,876 [EventQueue-PipelineActionsForPipelineActionHandler] ERROR pipeline.PipelineActionHandler (PipelineActionHandler.java:onMessage(60)) - Received pipeline action CLOSE for Pipeline[ Id: 2352ae7c-367f-43ff-a988-0e70a92ca2c7, Nodes: 5e893e0a-56f7-4618-9f46-a6ff48173cb6{ip: 192.168.5.153, host: pr-hdds-2137-trunk-mnh2s-3748177197, networkLocation: /default-rack, certSerialId: null}84ab4d91-000c-4523-9c5f-2c204b5f6601{ip: 192.168.5.153, host: pr-hdds-2137-trunk-mnh2s-3748177197, networkLocation: /default-rack, certSerialId: null}f7ede272-a28a-44e0-9552-15581fc2de04{ip: 192.168.5.153, host: pr-hdds-2137-trunk-mnh2s-3748177197, networkLocation: /default-rack, certSerialId: null}, Type:RATIS, Factor:THREE, State:CLOSED] from datanode f7ede272-a28a-44e0-9552-15581fc2de04{ip: 192.168.5.153, host: pr-hdds-2137-trunk-mnh2s-3748177197, networkLocation: /default-rack, certSerialId: null}. Reason : f7ede272-a28a-44e0-9552-15581fc2de04 has not seen follower/s 5e893e0a-56f7-4618-9f46-a6ff48173cb6 for 162375ms 84ab4d91-000c-4523-9c5f-2c204b5f6601 for 162388ms
2019-09-17 12:55:36,876 [EventQueue-PipelineActionsForPipelineActionHandler] INFO  pipeline.SCMPipelineManager (SCMPipelineManager.java:finalizeAndDestroyPipeline(311)) - destroying pipeline:Pipeline[ Id: 2352ae7c-367f-43ff-a988-0e70a92ca2c7, Nodes: 5e893e0a-56f7-4618-9f46-a6ff48173cb6{ip: 192.168.5.153, host: pr-hdds-2137-trunk-mnh2s-3748177197, networkLocation: /default-rack, certSerialId: null}84ab4d91-000c-4523-9c5f-2c204b5f6601{ip: 192.168.5.153, host: pr-hdds-2137-trunk-mnh2s-3748177197, networkLocation: /default-rack, certSerialId: null}f7ede272-a28a-44e0-9552-15581fc2de04{ip: 192.168.5.153, host: pr-hdds-2137-trunk-mnh2s-3748177197, networkLocation: /default-rack, certSerialId: null}, Type:RATIS, Factor:THREE, State:CLOSED]
 0.00% |█                                                                                                    |  0/1 Time: 0:02:44 0.00% |█                                                                                                    |  0/1 Time: 0:02:452019-09-17 12:55:38,392 [org.apache.ratis.server.impl.LogAppender$AppenderDaemon$$Lambda$509/159327213@700dfebd] ERROR ratis.XceiverServerRatis (XceiverServerRatis.java:triggerPipelineClose(575)) - pipeline Action CLOSE  on pipeline PipelineID=2352ae7c-367f-43ff-a988-0e70a92ca2c7.Reason : f7ede272-a28a-44e0-9552-15581fc2de04 has not seen follower/s 5e893e0a-56f7-4618-9f46-a6ff48173cb6 for 164877ms 84ab4d91-000c-4523-9c5f-2c204b5f6601 for 164890ms
2019-09-17 12:55:38,392 [org.apache.ratis.server.impl.LogAppender$AppenderDaemon$$Lambda$509/159327213@b9d0d58] ERROR ratis.XceiverServerRatis (XceiverServerRatis.java:triggerPipelineClose(575)) - pipeline Action CLOSE  on pipeline PipelineID=2352ae7c-367f-43ff-a988-0e70a92ca2c7.Reason : f7ede272-a28a-44e0-9552-15581fc2de04 has not seen follower/s 5e893e0a-56f7-4618-9f46-a6ff48173cb6 for 164877ms 84ab4d91-000c-4523-9c5f-2c204b5f6601 for 164890ms
2019-09-17 12:55:38,880 [EventQueue-PipelineActionsForPipelineActionHandler] ERROR pipeline.PipelineActionHandler (PipelineActionHandler.java:onMessage(60)) - Received pipeline action CLOSE for Pipeline[ Id: 2352ae7c-367f-43ff-a988-0e70a92ca2c7, Nodes: 5e893e0a-56f7-4618-9f46-a6ff48173cb6{ip: 192.168.5.153, host: pr-hdds-2137-trunk-mnh2s-3748177197, networkLocation: /default-rack, certSerialId: null}84ab4d91-000c-4523-9c5f-2c204b5f6601{ip: 192.168.5.153, host: pr-hdds-2137-trunk-mnh2s-3748177197, networkLocation: /default-rack, certSerialId: null}f7ede272-a28a-44e0-9552-15581fc2de04{ip: 192.168.5.153, host: pr-hdds-2137-trunk-mnh2s-3748177197, networkLocation: /default-rack, certSerialId: null}, Type:RATIS, Factor:THREE, State:CLOSED] from datanode f7ede272-a28a-44e0-9552-15581fc2de04{ip: 192.168.5.153, host: pr-hdds-2137-trunk-mnh2s-3748177197, networkLocation: /default-rack, certSerialId: null}. Reason : f7ede272-a28a-44e0-9552-15581fc2de04 has not seen follower/s 5e893e0a-56f7-4618-9f46-a6ff48173cb6 for 164877ms 84ab4d91-000c-4523-9c5f-2c204b5f6601 for 164890ms
2019-09-17 12:55:38,880 [EventQueue-PipelineActionsForPipelineActionHandler] INFO  pipeline.SCMPipelineManager (SCMPipelineManager.java:finalizeAndDestroyPipeline(311)) - destroying pipeline:Pipeline[ Id: 2352ae7c-367f-43ff-a988-0e70a92ca2c7, Nodes: 5e893e0a-56f7-4618-9f46-a6ff48173cb6{ip: 192.168.5.153, host: pr-hdds-2137-trunk-mnh2s-3748177197, networkLocation: /default-rack, certSerialId: null}84ab4d91-000c-4523-9c5f-2c204b5f6601{ip: 192.168.5.153, host: pr-hdds-2137-trunk-mnh2s-3748177197, networkLocation: /default-rack, certSerialId: null}f7ede272-a28a-44e0-9552-15581fc2de04{ip: 192.168.5.153, host: pr-hdds-2137-trunk-mnh2s-3748177197, networkLocation: /default-rack, certSerialId: null}, Type:RATIS, Factor:THREE, State:CLOSED]
2019-09-17 12:55:38,905 [java.util.concurrent.ThreadPoolExecutor$Worker@27773213[State = -1, empty queue]] WARN  server.GrpcLogAppender (GrpcLogAppender.java:timeoutAppendRequest(200)) - f7ede272-a28a-44e0-9552-15581fc2de04@group-0E70A92CA2C7->5e893e0a-56f7-4618-9f46-a6ff48173cb6-GrpcLogAppender: appendEntries Timeout, request=f7ede272-a28a-44e0-9552-15581fc2de04->5e893e0a-56f7-4618-9f46-a6ff48173cb6#102-t1, previous=(t:1, i:35), leaderCommit=30, initializing? false, entries: <empty>
2019-09-17 12:55:38,905 [java.util.concurrent.ThreadPoolExecutor$Worker@114f3833[State = -1, empty queue]] WARN  server.GrpcLogAppender (GrpcLogAppender.java:timeoutAppendRequest(200)) - f7ede272-a28a-44e0-9552-15581fc2de04@group-0E70A92CA2C7->84ab4d91-000c-4523-9c5f-2c204b5f6601-GrpcLogAppender: appendEntries Timeout, request=f7ede272-a28a-44e0-9552-15581fc2de04->84ab4d91-000c-4523-9c5f-2c204b5f6601#102-t1, previous=(t:1, i:35), leaderCommit=30, initializing? false, entries: <empty>
 0.00% |█                                                                                                    |  0/1 Time: 0:02:46 0.00% |█                                                                                                    |  0/1 Time: 0:02:472019-09-17 12:55:39,927 [grpc-default-executor-5] INFO  client.GrpcClientProtocolClient (GrpcClientProtocolClient.java:onNext(264)) - client-B7904277824C->5e893e0a-56f7-4618-9f46-a6ff48173cb6: receive RaftClientReply:client-B7904277824C->5e893e0a-56f7-4618-9f46-a6ff48173cb6@group-0E70A92CA2C7, cid=281, FAILED org.apache.ratis.protocol.NotLeaderException: Server 5e893e0a-56f7-4618-9f46-a6ff48173cb6@group-0E70A92CA2C7 is not the leader f7ede272-a28a-44e0-9552-15581fc2de04:192.168.5.153:38263, logIndex=0, commits[5e893e0a-56f7-4618-9f46-a6ff48173cb6:c30, 84ab4d91-000c-4523-9c5f-2c204b5f6601:c26, f7ede272-a28a-44e0-9552-15581fc2de04:c30]
2019-09-17 12:55:40,893 [org.apache.ratis.server.impl.LogAppender$AppenderDaemon$$Lambda$509/159327213@b9d0d58] ERROR ratis.XceiverServerRatis (XceiverServerRatis.java:triggerPipelineClose(575)) - pipeline Action CLOSE  on pipeline PipelineID=2352ae7c-367f-43ff-a988-0e70a92ca2c7.Reason : f7ede272-a28a-44e0-9552-15581fc2de04 has not seen follower/s 5e893e0a-56f7-4618-9f46-a6ff48173cb6 for 167378ms 84ab4d91-000c-4523-9c5f-2c204b5f6601 for 167391ms
2019-09-17 12:55:40,893 [org.apache.ratis.server.impl.LogAppender$AppenderDaemon$$Lambda$509/159327213@700dfebd] ERROR ratis.XceiverServerRatis (XceiverServerRatis.java:triggerPipelineClose(575)) - pipeline Action CLOSE  on pipeline PipelineID=2352ae7c-367f-43ff-a988-0e70a92ca2c7.Reason : f7ede272-a28a-44e0-9552-15581fc2de04 has not seen follower/s 5e893e0a-56f7-4618-9f46-a6ff48173cb6 for 167378ms 84ab4d91-000c-4523-9c5f-2c204b5f6601 for 167391ms
 0.00% |█                                                                                                    |  0/1 Time: 0:02:482019-09-17 12:55:41,391 [java.util.concurrent.ThreadPoolExecutor$Worker@27773213[State = -1, empty queue]] WARN  server.GrpcLogAppender (GrpcLogAppender.java:timeoutAppendRequest(200)) - f7ede272-a28a-44e0-9552-15581fc2de04@group-0E70A92CA2C7->5e893e0a-56f7-4618-9f46-a6ff48173cb6-GrpcLogAppender: appendEntries Timeout, request=f7ede272-a28a-44e0-9552-15581fc2de04->5e893e0a-56f7-4618-9f46-a6ff48173cb6#103-t1, previous=(t:1, i:35), leaderCommit=30, initializing? false, entries: <empty>
2019-09-17 12:55:41,391 [java.util.concurrent.ThreadPoolExecutor$Worker@114f3833[State = -1, empty queue]] WARN  server.GrpcLogAppender (GrpcLogAppender.java:timeoutAppendRequest(200)) - f7ede272-a28a-44e0-9552-15581fc2de04@group-0E70A92CA2C7->84ab4d91-000c-4523-9c5f-2c204b5f6601-GrpcLogAppender: appendEntries Timeout, request=f7ede272-a28a-44e0-9552-15581fc2de04->84ab4d91-000c-4523-9c5f-2c204b5f6601#103-t1, previous=(t:1, i:35), leaderCommit=30, initializing? false, entries: <empty>
2019-09-17 12:55:41,880 [EventQueue-PipelineActionsForPipelineActionHandler] ERROR pipeline.PipelineActionHandler (PipelineActionHandler.java:onMessage(60)) - Received pipeline action CLOSE for Pipeline[ Id: 2352ae7c-367f-43ff-a988-0e70a92ca2c7, Nodes: 5e893e0a-56f7-4618-9f46-a6ff48173cb6{ip: 192.168.5.153, host: pr-hdds-2137-trunk-mnh2s-3748177197, networkLocation: /default-rack, certSerialId: null}84ab4d91-000c-4523-9c5f-2c204b5f6601{ip: 192.168.5.153, host: pr-hdds-2137-trunk-mnh2s-3748177197, networkLocation: /default-rack, certSerialId: null}f7ede272-a28a-44e0-9552-15581fc2de04{ip: 192.168.5.153, host: pr-hdds-2137-trunk-mnh2s-3748177197, networkLocation: /default-rack, certSerialId: null}, Type:RATIS, Factor:THREE, State:CLOSED] from datanode f7ede272-a28a-44e0-9552-15581fc2de04{ip: 192.168.5.153, host: pr-hdds-2137-trunk-mnh2s-3748177197, networkLocation: /default-rack, certSerialId: null}. Reason : f7ede272-a28a-44e0-9552-15581fc2de04 has not seen follower/s 5e893e0a-56f7-4618-9f46-a6ff48173cb6 for 167378ms 84ab4d91-000c-4523-9c5f-2c204b5f6601 for 167391ms
2019-09-17 12:55:41,880 [EventQueue-PipelineActionsForPipelineActionHandler] INFO  pipeline.SCMPipelineManager (SCMPipelineManager.java:finalizeAndDestroyPipeline(311)) - destroying pipeline:Pipeline[ Id: 2352ae7c-367f-43ff-a988-0e70a92ca2c7, Nodes: 5e893e0a-56f7-4618-9f46-a6ff48173cb6{ip: 192.168.5.153, host: pr-hdds-2137-trunk-mnh2s-3748177197, networkLocation: /default-rack, certSerialId: null}84ab4d91-000c-4523-9c5f-2c204b5f6601{ip: 192.168.5.153, host: pr-hdds-2137-trunk-mnh2s-3748177197, networkLocation: /default-rack, certSerialId: null}f7ede272-a28a-44e0-9552-15581fc2de04{ip: 192.168.5.153, host: pr-hdds-2137-trunk-mnh2s-3748177197, networkLocation: /default-rack, certSerialId: null}, Type:RATIS, Factor:THREE, State:CLOSED]
 0.00% |█                                                                                                    |  0/1 Time: 0:02:49 0.00% |█                                                                                                    |  0/1 Time: 0:02:502019-09-17 12:55:43,394 [org.apache.ratis.server.impl.LogAppender$AppenderDaemon$$Lambda$509/159327213@700dfebd] ERROR ratis.XceiverServerRatis (XceiverServerRatis.java:triggerPipelineClose(575)) - pipeline Action CLOSE  on pipeline PipelineID=2352ae7c-367f-43ff-a988-0e70a92ca2c7.Reason : f7ede272-a28a-44e0-9552-15581fc2de04 has not seen follower/s 5e893e0a-56f7-4618-9f46-a6ff48173cb6 for 169880ms 84ab4d91-000c-4523-9c5f-2c204b5f6601 for 169893ms
2019-09-17 12:55:43,394 [org.apache.ratis.server.impl.LogAppender$AppenderDaemon$$Lambda$509/159327213@b9d0d58] ERROR ratis.XceiverServerRatis (XceiverServerRatis.java:triggerPipelineClose(575)) - pipeline Action CLOSE  on pipeline PipelineID=2352ae7c-367f-43ff-a988-0e70a92ca2c7.Reason : f7ede272-a28a-44e0-9552-15581fc2de04 has not seen follower/s 5e893e0a-56f7-4618-9f46-a6ff48173cb6 for 169880ms 84ab4d91-000c-4523-9c5f-2c204b5f6601 for 169893ms
2019-09-17 12:55:43,544 [f7ede272-a28a-44e0-9552-15581fc2de04@group-0E70A92CA2C7-SegmentedRaftLogWorker] WARN  segmented.SegmentedRaftLogWorker (SegmentedRaftLogWorker.java:getFromFuture(90)) - Timeout 16/~
org.apache.ratis.protocol.TimeoutIOException: Timeout 10s: WriteLog:31: (t:1, i:31), STATEMACHINELOGENTRY, client-B7904277824C, cid=281-writeStateMachineData
	at org.apache.ratis.util.IOUtils.getFromFuture(IOUtils.java:87)
	at org.apache.ratis.server.raftlog.segmented.SegmentedRaftLogWorker$StateMachineDataPolicy.getFromFuture(SegmentedRaftLogWorker.java:87)
	at org.apache.ratis.server.raftlog.segmented.SegmentedRaftLogWorker$WriteLog.execute(SegmentedRaftLogWorker.java:477)
	at org.apache.ratis.server.raftlog.segmented.SegmentedRaftLogWorker.run(SegmentedRaftLogWorker.java:289)
	at java.lang.Thread.run(Thread.java:748)
Caused by: java.util.concurrent.TimeoutException
	at java.util.concurrent.CompletableFuture.timedGet(CompletableFuture.java:1771)
	at java.util.concurrent.CompletableFuture.get(CompletableFuture.java:1915)
	at org.apache.ratis.util.IOUtils.getFromFuture(IOUtils.java:79)
	... 4 more
2019-09-17 12:55:43,560 [84ab4d91-000c-4523-9c5f-2c204b5f6601@group-0E70A92CA2C7-SegmentedRaftLogWorker] WARN  segmented.SegmentedRaftLogWorker (SegmentedRaftLogWorker.java:getFromFuture(90)) - Timeout 16/~
org.apache.ratis.protocol.TimeoutIOException: Timeout 10s: WriteLog:31: (t:1, i:31), STATEMACHINELOGENTRY, client-B7904277824C, cid=281-writeStateMachineData
	at org.apache.ratis.util.IOUtils.getFromFuture(IOUtils.java:87)
	at org.apache.ratis.server.raftlog.segmented.SegmentedRaftLogWorker$StateMachineDataPolicy.getFromFuture(SegmentedRaftLogWorker.java:87)
	at org.apache.ratis.server.raftlog.segmented.SegmentedRaftLogWorker$WriteLog.execute(SegmentedRaftLogWorker.java:477)
	at org.apache.ratis.server.raftlog.segmented.SegmentedRaftLogWorker.run(SegmentedRaftLogWorker.java:289)
	at java.lang.Thread.run(Thread.java:748)
Caused by: java.util.concurrent.TimeoutException
	at java.util.concurrent.CompletableFuture.timedGet(CompletableFuture.java:1771)
	at java.util.concurrent.CompletableFuture.get(CompletableFuture.java:1915)
	at org.apache.ratis.util.IOUtils.getFromFuture(IOUtils.java:79)
	... 4 more
2019-09-17 12:55:43,560 [5e893e0a-56f7-4618-9f46-a6ff48173cb6@group-0E70A92CA2C7-SegmentedRaftLogWorker] WARN  segmented.SegmentedRaftLogWorker (SegmentedRaftLogWorker.java:getFromFuture(90)) - Timeout 16/~
org.apache.ratis.protocol.TimeoutIOException: Timeout 10s: WriteLog:31: (t:1, i:31), STATEMACHINELOGENTRY, client-B7904277824C, cid=281-writeStateMachineData
	at org.apache.ratis.util.IOUtils.getFromFuture(IOUtils.java:87)
	at org.apache.ratis.server.raftlog.segmented.SegmentedRaftLogWorker$StateMachineDataPolicy.getFromFuture(SegmentedRaftLogWorker.java:87)
	at org.apache.ratis.server.raftlog.segmented.SegmentedRaftLogWorker$WriteLog.execute(SegmentedRaftLogWorker.java:477)
	at org.apache.ratis.server.raftlog.segmented.SegmentedRaftLogWorker.run(SegmentedRaftLogWorker.java:289)
	at java.lang.Thread.run(Thread.java:748)
Caused by: java.util.concurrent.TimeoutException
	at java.util.concurrent.CompletableFuture.timedGet(CompletableFuture.java:1771)
	at java.util.concurrent.CompletableFuture.get(CompletableFuture.java:1915)
	at org.apache.ratis.util.IOUtils.getFromFuture(IOUtils.java:79)
	... 4 more
2019-09-17 12:55:43,881 [EventQueue-PipelineActionsForPipelineActionHandler] ERROR pipeline.PipelineActionHandler (PipelineActionHandler.java:onMessage(60)) - Received pipeline action CLOSE for Pipeline[ Id: 2352ae7c-367f-43ff-a988-0e70a92ca2c7, Nodes: 5e893e0a-56f7-4618-9f46-a6ff48173cb6{ip: 192.168.5.153, host: pr-hdds-2137-trunk-mnh2s-3748177197, networkLocation: /default-rack, certSerialId: null}84ab4d91-000c-4523-9c5f-2c204b5f6601{ip: 192.168.5.153, host: pr-hdds-2137-trunk-mnh2s-3748177197, networkLocation: /default-rack, certSerialId: null}f7ede272-a28a-44e0-9552-15581fc2de04{ip: 192.168.5.153, host: pr-hdds-2137-trunk-mnh2s-3748177197, networkLocation: /default-rack, certSerialId: null}, Type:RATIS, Factor:THREE, State:CLOSED] from datanode f7ede272-a28a-44e0-9552-15581fc2de04{ip: 192.168.5.153, host: pr-hdds-2137-trunk-mnh2s-3748177197, networkLocation: /default-rack, certSerialId: null}. Reason : f7ede272-a28a-44e0-9552-15581fc2de04 has not seen follower/s 5e893e0a-56f7-4618-9f46-a6ff48173cb6 for 169880ms 84ab4d91-000c-4523-9c5f-2c204b5f6601 for 169893ms
2019-09-17 12:55:43,881 [EventQueue-PipelineActionsForPipelineActionHandler] INFO  pipeline.SCMPipelineManager (SCMPipelineManager.java:finalizeAndDestroyPipeline(311)) - destroying pipeline:Pipeline[ Id: 2352ae7c-367f-43ff-a988-0e70a92ca2c7, Nodes: 5e893e0a-56f7-4618-9f46-a6ff48173cb6{ip: 192.168.5.153, host: pr-hdds-2137-trunk-mnh2s-3748177197, networkLocation: /default-rack, certSerialId: null}84ab4d91-000c-4523-9c5f-2c204b5f6601{ip: 192.168.5.153, host: pr-hdds-2137-trunk-mnh2s-3748177197, networkLocation: /default-rack, certSerialId: null}f7ede272-a28a-44e0-9552-15581fc2de04{ip: 192.168.5.153, host: pr-hdds-2137-trunk-mnh2s-3748177197, networkLocation: /default-rack, certSerialId: null}, Type:RATIS, Factor:THREE, State:CLOSED]
2019-09-17 12:55:43,892 [java.util.concurrent.ThreadPoolExecutor$Worker@114f3833[State = -1, empty queue]] WARN  server.GrpcLogAppender (GrpcLogAppender.java:timeoutAppendRequest(200)) - f7ede272-a28a-44e0-9552-15581fc2de04@group-0E70A92CA2C7->84ab4d91-000c-4523-9c5f-2c204b5f6601-GrpcLogAppender: appendEntries Timeout, request=f7ede272-a28a-44e0-9552-15581fc2de04->84ab4d91-000c-4523-9c5f-2c204b5f6601#104-t1, previous=(t:1, i:35), leaderCommit=30, initializing? false, entries: <empty>
2019-09-17 12:55:43,892 [java.util.concurrent.ThreadPoolExecutor$Worker@27773213[State = -1, empty queue]] WARN  server.GrpcLogAppender (GrpcLogAppender.java:timeoutAppendRequest(200)) - f7ede272-a28a-44e0-9552-15581fc2de04@group-0E70A92CA2C7->5e893e0a-56f7-4618-9f46-a6ff48173cb6-GrpcLogAppender: appendEntries Timeout, request=f7ede272-a28a-44e0-9552-15581fc2de04->5e893e0a-56f7-4618-9f46-a6ff48173cb6#104-t1, previous=(t:1, i:35), leaderCommit=30, initializing? false, entries: <empty>
 0.00% |█                                                                                                    |  0/1 Time: 0:02:51 0.00% |█                                                                                                    |  0/1 Time: 0:02:522019-09-17 12:55:44,967 [grpc-default-executor-4] INFO  client.GrpcClientProtocolClient (GrpcClientProtocolClient.java:onNext(264)) - client-B7904277824C->84ab4d91-000c-4523-9c5f-2c204b5f6601: receive RaftClientReply:client-B7904277824C->84ab4d91-000c-4523-9c5f-2c204b5f6601@group-0E70A92CA2C7, cid=281, FAILED org.apache.ratis.protocol.NotLeaderException: Server 84ab4d91-000c-4523-9c5f-2c204b5f6601@group-0E70A92CA2C7 is not the leader f7ede272-a28a-44e0-9552-15581fc2de04:192.168.5.153:38263, logIndex=0, commits[84ab4d91-000c-4523-9c5f-2c204b5f6601:c30, 5e893e0a-56f7-4618-9f46-a6ff48173cb6:c26, f7ede272-a28a-44e0-9552-15581fc2de04:c30]
2019-09-17 12:55:45,896 [org.apache.ratis.server.impl.LogAppender$AppenderDaemon$$Lambda$509/159327213@b9d0d58] ERROR ratis.XceiverServerRatis (XceiverServerRatis.java:triggerPipelineClose(575)) - pipeline Action CLOSE  on pipeline PipelineID=2352ae7c-367f-43ff-a988-0e70a92ca2c7.Reason : f7ede272-a28a-44e0-9552-15581fc2de04 has not seen follower/s 5e893e0a-56f7-4618-9f46-a6ff48173cb6 for 172381ms 84ab4d91-000c-4523-9c5f-2c204b5f6601 for 172394ms
2019-09-17 12:55:45,896 [org.apache.ratis.server.impl.LogAppender$AppenderDaemon$$Lambda$509/159327213@700dfebd] ERROR ratis.XceiverServerRatis (XceiverServerRatis.java:triggerPipelineClose(575)) - pipeline Action CLOSE  on pipeline PipelineID=2352ae7c-367f-43ff-a988-0e70a92ca2c7.Reason : f7ede272-a28a-44e0-9552-15581fc2de04 has not seen follower/s 5e893e0a-56f7-4618-9f46-a6ff48173cb6 for 172381ms 84ab4d91-000c-4523-9c5f-2c204b5f6601 for 172394ms
 0.00% |█                                                                                                    |  0/1 Time: 0:02:532019-09-17 12:55:46,394 [java.util.concurrent.ThreadPoolExecutor$Worker@27773213[State = -1, empty queue]] WARN  server.GrpcLogAppender (GrpcLogAppender.java:timeoutAppendRequest(200)) - f7ede272-a28a-44e0-9552-15581fc2de04@group-0E70A92CA2C7->5e893e0a-56f7-4618-9f46-a6ff48173cb6-GrpcLogAppender: appendEntries Timeout, request=f7ede272-a28a-44e0-9552-15581fc2de04->5e893e0a-56f7-4618-9f46-a6ff48173cb6#105-t1, previous=(t:1, i:35), leaderCommit=30, initializing? false, entries: <empty>
2019-09-17 12:55:46,394 [java.util.concurrent.ThreadPoolExecutor$Worker@114f3833[State = -1, empty queue]] WARN  server.GrpcLogAppender (GrpcLogAppender.java:timeoutAppendRequest(200)) - f7ede272-a28a-44e0-9552-15581fc2de04@group-0E70A92CA2C7->84ab4d91-000c-4523-9c5f-2c204b5f6601-GrpcLogAppender: appendEntries Timeout, request=f7ede272-a28a-44e0-9552-15581fc2de04->84ab4d91-000c-4523-9c5f-2c204b5f6601#105-t1, previous=(t:1, i:35), leaderCommit=30, initializing? false, entries: <empty>
2019-09-17 12:55:46,880 [EventQueue-PipelineActionsForPipelineActionHandler] ERROR pipeline.PipelineActionHandler (PipelineActionHandler.java:onMessage(60)) - Received pipeline action CLOSE for Pipeline[ Id: 2352ae7c-367f-43ff-a988-0e70a92ca2c7, Nodes: 5e893e0a-56f7-4618-9f46-a6ff48173cb6{ip: 192.168.5.153, host: pr-hdds-2137-trunk-mnh2s-3748177197, networkLocation: /default-rack, certSerialId: null}84ab4d91-000c-4523-9c5f-2c204b5f6601{ip: 192.168.5.153, host: pr-hdds-2137-trunk-mnh2s-3748177197, networkLocation: /default-rack, certSerialId: null}f7ede272-a28a-44e0-9552-15581fc2de04{ip: 192.168.5.153, host: pr-hdds-2137-trunk-mnh2s-3748177197, networkLocation: /default-rack, certSerialId: null}, Type:RATIS, Factor:THREE, State:CLOSED] from datanode f7ede272-a28a-44e0-9552-15581fc2de04{ip: 192.168.5.153, host: pr-hdds-2137-trunk-mnh2s-3748177197, networkLocation: /default-rack, certSerialId: null}. Reason : f7ede272-a28a-44e0-9552-15581fc2de04 has not seen follower/s 5e893e0a-56f7-4618-9f46-a6ff48173cb6 for 172381ms 84ab4d91-000c-4523-9c5f-2c204b5f6601 for 172394ms
2019-09-17 12:55:46,881 [EventQueue-PipelineActionsForPipelineActionHandler] INFO  pipeline.SCMPipelineManager (SCMPipelineManager.java:finalizeAndDestroyPipeline(311)) - destroying pipeline:Pipeline[ Id: 2352ae7c-367f-43ff-a988-0e70a92ca2c7, Nodes: 5e893e0a-56f7-4618-9f46-a6ff48173cb6{ip: 192.168.5.153, host: pr-hdds-2137-trunk-mnh2s-3748177197, networkLocation: /default-rack, certSerialId: null}84ab4d91-000c-4523-9c5f-2c204b5f6601{ip: 192.168.5.153, host: pr-hdds-2137-trunk-mnh2s-3748177197, networkLocation: /default-rack, certSerialId: null}f7ede272-a28a-44e0-9552-15581fc2de04{ip: 192.168.5.153, host: pr-hdds-2137-trunk-mnh2s-3748177197, networkLocation: /default-rack, certSerialId: null}, Type:RATIS, Factor:THREE, State:CLOSED]
 0.00% |█                                                                                                    |  0/1 Time: 0:02:54 0.00% |█                                                                                                    |  0/1 Time: 0:02:552019-09-17 12:55:48,397 [org.apache.ratis.server.impl.LogAppender$AppenderDaemon$$Lambda$509/159327213@b9d0d58] ERROR ratis.XceiverServerRatis (XceiverServerRatis.java:triggerPipelineClose(575)) - pipeline Action CLOSE  on pipeline PipelineID=2352ae7c-367f-43ff-a988-0e70a92ca2c7.Reason : f7ede272-a28a-44e0-9552-15581fc2de04 has not seen follower/s 5e893e0a-56f7-4618-9f46-a6ff48173cb6 for 174882ms 84ab4d91-000c-4523-9c5f-2c204b5f6601 for 174895ms
2019-09-17 12:55:48,397 [org.apache.ratis.server.impl.LogAppender$AppenderDaemon$$Lambda$509/159327213@700dfebd] ERROR ratis.XceiverServerRatis (XceiverServerRatis.java:triggerPipelineClose(575)) - pipeline Action CLOSE  on pipeline PipelineID=2352ae7c-367f-43ff-a988-0e70a92ca2c7.Reason : f7ede272-a28a-44e0-9552-15581fc2de04 has not seen follower/s 5e893e0a-56f7-4618-9f46-a6ff48173cb6 for 174882ms 84ab4d91-000c-4523-9c5f-2c204b5f6601 for 174895ms
2019-09-17 12:55:48,881 [EventQueue-PipelineActionsForPipelineActionHandler] ERROR pipeline.PipelineActionHandler (PipelineActionHandler.java:onMessage(60)) - Received pipeline action CLOSE for Pipeline[ Id: 2352ae7c-367f-43ff-a988-0e70a92ca2c7, Nodes: 5e893e0a-56f7-4618-9f46-a6ff48173cb6{ip: 192.168.5.153, host: pr-hdds-2137-trunk-mnh2s-3748177197, networkLocation: /default-rack, certSerialId: null}84ab4d91-000c-4523-9c5f-2c204b5f6601{ip: 192.168.5.153, host: pr-hdds-2137-trunk-mnh2s-3748177197, networkLocation: /default-rack, certSerialId: null}f7ede272-a28a-44e0-9552-15581fc2de04{ip: 192.168.5.153, host: pr-hdds-2137-trunk-mnh2s-3748177197, networkLocation: /default-rack, certSerialId: null}, Type:RATIS, Factor:THREE, State:CLOSED] from datanode f7ede272-a28a-44e0-9552-15581fc2de04{ip: 192.168.5.153, host: pr-hdds-2137-trunk-mnh2s-3748177197, networkLocation: /default-rack, certSerialId: null}. Reason : f7ede272-a28a-44e0-9552-15581fc2de04 has not seen follower/s 5e893e0a-56f7-4618-9f46-a6ff48173cb6 for 174882ms 84ab4d91-000c-4523-9c5f-2c204b5f6601 for 174895ms
2019-09-17 12:55:48,882 [EventQueue-PipelineActionsForPipelineActionHandler] INFO  pipeline.SCMPipelineManager (SCMPipelineManager.java:finalizeAndDestroyPipeline(311)) - destroying pipeline:Pipeline[ Id: 2352ae7c-367f-43ff-a988-0e70a92ca2c7, Nodes: 5e893e0a-56f7-4618-9f46-a6ff48173cb6{ip: 192.168.5.153, host: pr-hdds-2137-trunk-mnh2s-3748177197, networkLocation: /default-rack, certSerialId: null}84ab4d91-000c-4523-9c5f-2c204b5f6601{ip: 192.168.5.153, host: pr-hdds-2137-trunk-mnh2s-3748177197, networkLocation: /default-rack, certSerialId: null}f7ede272-a28a-44e0-9552-15581fc2de04{ip: 192.168.5.153, host: pr-hdds-2137-trunk-mnh2s-3748177197, networkLocation: /default-rack, certSerialId: null}, Type:RATIS, Factor:THREE, State:CLOSED]
2019-09-17 12:55:48,895 [java.util.concurrent.ThreadPoolExecutor$Worker@114f3833[State = -1, empty queue]] WARN  server.GrpcLogAppender (GrpcLogAppender.java:timeoutAppendRequest(200)) - f7ede272-a28a-44e0-9552-15581fc2de04@group-0E70A92CA2C7->84ab4d91-000c-4523-9c5f-2c204b5f6601-GrpcLogAppender: appendEntries Timeout, request=f7ede272-a28a-44e0-9552-15581fc2de04->84ab4d91-000c-4523-9c5f-2c204b5f6601#106-t1, previous=(t:1, i:35), leaderCommit=30, initializing? false, entries: <empty>
2019-09-17 12:55:48,895 [java.util.concurrent.ThreadPoolExecutor$Worker@27773213[State = -1, empty queue]] WARN  server.GrpcLogAppender (GrpcLogAppender.java:timeoutAppendRequest(200)) - f7ede272-a28a-44e0-9552-15581fc2de04@group-0E70A92CA2C7->5e893e0a-56f7-4618-9f46-a6ff48173cb6-GrpcLogAppender: appendEntries Timeout, request=f7ede272-a28a-44e0-9552-15581fc2de04->5e893e0a-56f7-4618-9f46-a6ff48173cb6#106-t1, previous=(t:1, i:35), leaderCommit=30, initializing? false, entries: <empty>
 0.00% |█                                                                                                    |  0/1 Time: 0:02:56 0.00% |█                                                                                                    |  0/1 Time: 0:02:572019-09-17 12:55:50,010 [grpc-default-executor-4] INFO  client.GrpcClientProtocolClient (GrpcClientProtocolClient.java:onNext(264)) - client-B7904277824C->5e893e0a-56f7-4618-9f46-a6ff48173cb6: receive RaftClientReply:client-B7904277824C->5e893e0a-56f7-4618-9f46-a6ff48173cb6@group-0E70A92CA2C7, cid=281, FAILED org.apache.ratis.protocol.NotLeaderException: Server 5e893e0a-56f7-4618-9f46-a6ff48173cb6@group-0E70A92CA2C7 is not the leader f7ede272-a28a-44e0-9552-15581fc2de04:192.168.5.153:38263, logIndex=0, commits[5e893e0a-56f7-4618-9f46-a6ff48173cb6:c30, 84ab4d91-000c-4523-9c5f-2c204b5f6601:c26, f7ede272-a28a-44e0-9552-15581fc2de04:c30]
2019-09-17 12:55:50,898 [org.apache.ratis.server.impl.LogAppender$AppenderDaemon$$Lambda$509/159327213@700dfebd] ERROR ratis.XceiverServerRatis (XceiverServerRatis.java:triggerPipelineClose(575)) - pipeline Action CLOSE  on pipeline PipelineID=2352ae7c-367f-43ff-a988-0e70a92ca2c7.Reason : f7ede272-a28a-44e0-9552-15581fc2de04 has not seen follower/s 5e893e0a-56f7-4618-9f46-a6ff48173cb6 for 177383ms 84ab4d91-000c-4523-9c5f-2c204b5f6601 for 177396ms
2019-09-17 12:55:50,898 [org.apache.ratis.server.impl.LogAppender$AppenderDaemon$$Lambda$509/159327213@b9d0d58] ERROR ratis.XceiverServerRatis (XceiverServerRatis.java:triggerPipelineClose(575)) - pipeline Action CLOSE  on pipeline PipelineID=2352ae7c-367f-43ff-a988-0e70a92ca2c7.Reason : f7ede272-a28a-44e0-9552-15581fc2de04 has not seen follower/s 5e893e0a-56f7-4618-9f46-a6ff48173cb6 for 177383ms 84ab4d91-000c-4523-9c5f-2c204b5f6601 for 177396ms
 0.00% |█                                                                                                    |  0/1 Time: 0:02:582019-09-17 12:55:51,396 [java.util.concurrent.ThreadPoolExecutor$Worker@27773213[State = -1, empty queue]] WARN  server.GrpcLogAppender (GrpcLogAppender.java:timeoutAppendRequest(200)) - f7ede272-a28a-44e0-9552-15581fc2de04@group-0E70A92CA2C7->5e893e0a-56f7-4618-9f46-a6ff48173cb6-GrpcLogAppender: appendEntries Timeout, request=f7ede272-a28a-44e0-9552-15581fc2de04->5e893e0a-56f7-4618-9f46-a6ff48173cb6#107-t1, previous=(t:1, i:35), leaderCommit=30, initializing? false, entries: <empty>
2019-09-17 12:55:51,396 [java.util.concurrent.ThreadPoolExecutor$Worker@114f3833[State = -1, empty queue]] WARN  server.GrpcLogAppender (GrpcLogAppender.java:timeoutAppendRequest(200)) - f7ede272-a28a-44e0-9552-15581fc2de04@group-0E70A92CA2C7->84ab4d91-000c-4523-9c5f-2c204b5f6601-GrpcLogAppender: appendEntries Timeout, request=f7ede272-a28a-44e0-9552-15581fc2de04->84ab4d91-000c-4523-9c5f-2c204b5f6601#107-t1, previous=(t:1, i:35), leaderCommit=30, initializing? false, entries: <empty>
2019-09-17 12:55:51,882 [EventQueue-PipelineActionsForPipelineActionHandler] ERROR pipeline.PipelineActionHandler (PipelineActionHandler.java:onMessage(60)) - Received pipeline action CLOSE for Pipeline[ Id: 2352ae7c-367f-43ff-a988-0e70a92ca2c7, Nodes: 5e893e0a-56f7-4618-9f46-a6ff48173cb6{ip: 192.168.5.153, host: pr-hdds-2137-trunk-mnh2s-3748177197, networkLocation: /default-rack, certSerialId: null}84ab4d91-000c-4523-9c5f-2c204b5f6601{ip: 192.168.5.153, host: pr-hdds-2137-trunk-mnh2s-3748177197, networkLocation: /default-rack, certSerialId: null}f7ede272-a28a-44e0-9552-15581fc2de04{ip: 192.168.5.153, host: pr-hdds-2137-trunk-mnh2s-3748177197, networkLocation: /default-rack, certSerialId: null}, Type:RATIS, Factor:THREE, State:CLOSED] from datanode f7ede272-a28a-44e0-9552-15581fc2de04{ip: 192.168.5.153, host: pr-hdds-2137-trunk-mnh2s-3748177197, networkLocation: /default-rack, certSerialId: null}. Reason : f7ede272-a28a-44e0-9552-15581fc2de04 has not seen follower/s 5e893e0a-56f7-4618-9f46-a6ff48173cb6 for 177383ms 84ab4d91-000c-4523-9c5f-2c204b5f6601 for 177396ms
2019-09-17 12:55:51,882 [EventQueue-PipelineActionsForPipelineActionHandler] INFO  pipeline.SCMPipelineManager (SCMPipelineManager.java:finalizeAndDestroyPipeline(311)) - destroying pipeline:Pipeline[ Id: 2352ae7c-367f-43ff-a988-0e70a92ca2c7, Nodes: 5e893e0a-56f7-4618-9f46-a6ff48173cb6{ip: 192.168.5.153, host: pr-hdds-2137-trunk-mnh2s-3748177197, networkLocation: /default-rack, certSerialId: null}84ab4d91-000c-4523-9c5f-2c204b5f6601{ip: 192.168.5.153, host: pr-hdds-2137-trunk-mnh2s-3748177197, networkLocation: /default-rack, certSerialId: null}f7ede272-a28a-44e0-9552-15581fc2de04{ip: 192.168.5.153, host: pr-hdds-2137-trunk-mnh2s-3748177197, networkLocation: /default-rack, certSerialId: null}, Type:RATIS, Factor:THREE, State:CLOSED]
 0.00% |█                                                                                                    |  0/1 Time: 0:02:59 0.00% |█                                                                                                    |  0/1 Time: 0:03:002019-09-17 12:55:53,400 [org.apache.ratis.server.impl.LogAppender$AppenderDaemon$$Lambda$509/159327213@b9d0d58] ERROR ratis.XceiverServerRatis (XceiverServerRatis.java:triggerPipelineClose(575)) - pipeline Action CLOSE  on pipeline PipelineID=2352ae7c-367f-43ff-a988-0e70a92ca2c7.Reason : f7ede272-a28a-44e0-9552-15581fc2de04 has not seen follower/s 5e893e0a-56f7-4618-9f46-a6ff48173cb6 for 179885ms 84ab4d91-000c-4523-9c5f-2c204b5f6601 for 179898ms
2019-09-17 12:55:53,400 [org.apache.ratis.server.impl.LogAppender$AppenderDaemon$$Lambda$509/159327213@700dfebd] ERROR ratis.XceiverServerRatis (XceiverServerRatis.java:triggerPipelineClose(575)) - pipeline Action CLOSE  on pipeline PipelineID=2352ae7c-367f-43ff-a988-0e70a92ca2c7.Reason : f7ede272-a28a-44e0-9552-15581fc2de04 has not seen follower/s 5e893e0a-56f7-4618-9f46-a6ff48173cb6 for 179885ms 84ab4d91-000c-4523-9c5f-2c204b5f6601 for 179898ms
2019-09-17 12:55:53,545 [f7ede272-a28a-44e0-9552-15581fc2de04@group-0E70A92CA2C7-SegmentedRaftLogWorker] WARN  segmented.SegmentedRaftLogWorker (SegmentedRaftLogWorker.java:getFromFuture(90)) - Timeout 17/~
org.apache.ratis.protocol.TimeoutIOException: Timeout 10s: WriteLog:31: (t:1, i:31), STATEMACHINELOGENTRY, client-B7904277824C, cid=281-writeStateMachineData
	at org.apache.ratis.util.IOUtils.getFromFuture(IOUtils.java:87)
	at org.apache.ratis.server.raftlog.segmented.SegmentedRaftLogWorker$StateMachineDataPolicy.getFromFuture(SegmentedRaftLogWorker.java:87)
	at org.apache.ratis.server.raftlog.segmented.SegmentedRaftLogWorker$WriteLog.execute(SegmentedRaftLogWorker.java:477)
	at org.apache.ratis.server.raftlog.segmented.SegmentedRaftLogWorker.run(SegmentedRaftLogWorker.java:289)
	at java.lang.Thread.run(Thread.java:748)
Caused by: java.util.concurrent.TimeoutException
	at java.util.concurrent.CompletableFuture.timedGet(CompletableFuture.java:1771)
	at java.util.concurrent.CompletableFuture.get(CompletableFuture.java:1915)
	at org.apache.ratis.util.IOUtils.getFromFuture(IOUtils.java:79)
	... 4 more
2019-09-17 12:55:53,561 [84ab4d91-000c-4523-9c5f-2c204b5f6601@group-0E70A92CA2C7-SegmentedRaftLogWorker] WARN  segmented.SegmentedRaftLogWorker (SegmentedRaftLogWorker.java:getFromFuture(90)) - Timeout 17/~
org.apache.ratis.protocol.TimeoutIOException: Timeout 10s: WriteLog:31: (t:1, i:31), STATEMACHINELOGENTRY, client-B7904277824C, cid=281-writeStateMachineData
	at org.apache.ratis.util.IOUtils.getFromFuture(IOUtils.java:87)
	at org.apache.ratis.server.raftlog.segmented.SegmentedRaftLogWorker$StateMachineDataPolicy.getFromFuture(SegmentedRaftLogWorker.java:87)
	at org.apache.ratis.server.raftlog.segmented.SegmentedRaftLogWorker$WriteLog.execute(SegmentedRaftLogWorker.java:477)
	at org.apache.ratis.server.raftlog.segmented.SegmentedRaftLogWorker.run(SegmentedRaftLogWorker.java:289)
	at java.lang.Thread.run(Thread.java:748)
Caused by: java.util.concurrent.TimeoutException
	at java.util.concurrent.CompletableFuture.timedGet(CompletableFuture.java:1771)
	at java.util.concurrent.CompletableFuture.get(CompletableFuture.java:1915)
	at org.apache.ratis.util.IOUtils.getFromFuture(IOUtils.java:79)
	... 4 more
2019-09-17 12:55:53,561 [5e893e0a-56f7-4618-9f46-a6ff48173cb6@group-0E70A92CA2C7-SegmentedRaftLogWorker] WARN  segmented.SegmentedRaftLogWorker (SegmentedRaftLogWorker.java:getFromFuture(90)) - Timeout 17/~
org.apache.ratis.protocol.TimeoutIOException: Timeout 10s: WriteLog:31: (t:1, i:31), STATEMACHINELOGENTRY, client-B7904277824C, cid=281-writeStateMachineData
	at org.apache.ratis.util.IOUtils.getFromFuture(IOUtils.java:87)
	at org.apache.ratis.server.raftlog.segmented.SegmentedRaftLogWorker$StateMachineDataPolicy.getFromFuture(SegmentedRaftLogWorker.java:87)
	at org.apache.ratis.server.raftlog.segmented.SegmentedRaftLogWorker$WriteLog.execute(SegmentedRaftLogWorker.java:477)
	at org.apache.ratis.server.raftlog.segmented.SegmentedRaftLogWorker.run(SegmentedRaftLogWorker.java:289)
	at java.lang.Thread.run(Thread.java:748)
Caused by: java.util.concurrent.TimeoutException
	at java.util.concurrent.CompletableFuture.timedGet(CompletableFuture.java:1771)
	at java.util.concurrent.CompletableFuture.get(CompletableFuture.java:1915)
	at org.apache.ratis.util.IOUtils.getFromFuture(IOUtils.java:79)
	... 4 more
2019-09-17 12:55:53,882 [EventQueue-PipelineActionsForPipelineActionHandler] ERROR pipeline.PipelineActionHandler (PipelineActionHandler.java:onMessage(60)) - Received pipeline action CLOSE for Pipeline[ Id: 2352ae7c-367f-43ff-a988-0e70a92ca2c7, Nodes: 5e893e0a-56f7-4618-9f46-a6ff48173cb6{ip: 192.168.5.153, host: pr-hdds-2137-trunk-mnh2s-3748177197, networkLocation: /default-rack, certSerialId: null}84ab4d91-000c-4523-9c5f-2c204b5f6601{ip: 192.168.5.153, host: pr-hdds-2137-trunk-mnh2s-3748177197, networkLocation: /default-rack, certSerialId: null}f7ede272-a28a-44e0-9552-15581fc2de04{ip: 192.168.5.153, host: pr-hdds-2137-trunk-mnh2s-3748177197, networkLocation: /default-rack, certSerialId: null}, Type:RATIS, Factor:THREE, State:CLOSED] from datanode f7ede272-a28a-44e0-9552-15581fc2de04{ip: 192.168.5.153, host: pr-hdds-2137-trunk-mnh2s-3748177197, networkLocation: /default-rack, certSerialId: null}. Reason : f7ede272-a28a-44e0-9552-15581fc2de04 has not seen follower/s 5e893e0a-56f7-4618-9f46-a6ff48173cb6 for 179885ms 84ab4d91-000c-4523-9c5f-2c204b5f6601 for 179898ms
2019-09-17 12:55:53,882 [EventQueue-PipelineActionsForPipelineActionHandler] INFO  pipeline.SCMPipelineManager (SCMPipelineManager.java:finalizeAndDestroyPipeline(311)) - destroying pipeline:Pipeline[ Id: 2352ae7c-367f-43ff-a988-0e70a92ca2c7, Nodes: 5e893e0a-56f7-4618-9f46-a6ff48173cb6{ip: 192.168.5.153, host: pr-hdds-2137-trunk-mnh2s-3748177197, networkLocation: /default-rack, certSerialId: null}84ab4d91-000c-4523-9c5f-2c204b5f6601{ip: 192.168.5.153, host: pr-hdds-2137-trunk-mnh2s-3748177197, networkLocation: /default-rack, certSerialId: null}f7ede272-a28a-44e0-9552-15581fc2de04{ip: 192.168.5.153, host: pr-hdds-2137-trunk-mnh2s-3748177197, networkLocation: /default-rack, certSerialId: null}, Type:RATIS, Factor:THREE, State:CLOSED]
2019-09-17 12:55:53,897 [java.util.concurrent.ThreadPoolExecutor$Worker@27773213[State = -1, empty queue]] WARN  server.GrpcLogAppender (GrpcLogAppender.java:timeoutAppendRequest(200)) - f7ede272-a28a-44e0-9552-15581fc2de04@group-0E70A92CA2C7->5e893e0a-56f7-4618-9f46-a6ff48173cb6-GrpcLogAppender: appendEntries Timeout, request=f7ede272-a28a-44e0-9552-15581fc2de04->5e893e0a-56f7-4618-9f46-a6ff48173cb6#108-t1, previous=(t:1, i:35), leaderCommit=30, initializing? false, entries: <empty>
2019-09-17 12:55:53,897 [java.util.concurrent.ThreadPoolExecutor$Worker@114f3833[State = -1, empty queue]] WARN  server.GrpcLogAppender (GrpcLogAppender.java:timeoutAppendRequest(200)) - f7ede272-a28a-44e0-9552-15581fc2de04@group-0E70A92CA2C7->84ab4d91-000c-4523-9c5f-2c204b5f6601-GrpcLogAppender: appendEntries Timeout, request=f7ede272-a28a-44e0-9552-15581fc2de04->84ab4d91-000c-4523-9c5f-2c204b5f6601#108-t1, previous=(t:1, i:35), leaderCommit=30, initializing? false, entries: <empty>
 0.00% |█                                                                                                    |  0/1 Time: 0:03:01 0.00% |█                                                                                                    |  0/1 Time: 0:03:022019-09-17 12:55:55,045 [grpc-default-executor-5] INFO  client.GrpcClientProtocolClient (GrpcClientProtocolClient.java:onNext(264)) - client-B7904277824C->5e893e0a-56f7-4618-9f46-a6ff48173cb6: receive RaftClientReply:client-B7904277824C->5e893e0a-56f7-4618-9f46-a6ff48173cb6@group-0E70A92CA2C7, cid=281, FAILED org.apache.ratis.protocol.NotLeaderException: Server 5e893e0a-56f7-4618-9f46-a6ff48173cb6@group-0E70A92CA2C7 is not the leader f7ede272-a28a-44e0-9552-15581fc2de04:192.168.5.153:38263, logIndex=0, commits[5e893e0a-56f7-4618-9f46-a6ff48173cb6:c30, 84ab4d91-000c-4523-9c5f-2c204b5f6601:c26, f7ede272-a28a-44e0-9552-15581fc2de04:c30]
2019-09-17 12:55:55,900 [org.apache.ratis.server.impl.LogAppender$AppenderDaemon$$Lambda$509/159327213@b9d0d58] ERROR ratis.XceiverServerRatis (XceiverServerRatis.java:triggerPipelineClose(575)) - pipeline Action CLOSE  on pipeline PipelineID=2352ae7c-367f-43ff-a988-0e70a92ca2c7.Reason : f7ede272-a28a-44e0-9552-15581fc2de04 has not seen follower/s 5e893e0a-56f7-4618-9f46-a6ff48173cb6 for 182386ms 84ab4d91-000c-4523-9c5f-2c204b5f6601 for 182399ms
2019-09-17 12:55:55,901 [org.apache.ratis.server.impl.LogAppender$AppenderDaemon$$Lambda$509/159327213@700dfebd] ERROR ratis.XceiverServerRatis (XceiverServerRatis.java:triggerPipelineClose(575)) - pipeline Action CLOSE  on pipeline PipelineID=2352ae7c-367f-43ff-a988-0e70a92ca2c7.Reason : f7ede272-a28a-44e0-9552-15581fc2de04 has not seen follower/s 5e893e0a-56f7-4618-9f46-a6ff48173cb6 for 182386ms 84ab4d91-000c-4523-9c5f-2c204b5f6601 for 182399ms
 0.00% |█                                                                                                    |  0/1 Time: 0:03:032019-09-17 12:55:56,399 [java.util.concurrent.ThreadPoolExecutor$Worker@114f3833[State = -1, empty queue]] WARN  server.GrpcLogAppender (GrpcLogAppender.java:timeoutAppendRequest(200)) - f7ede272-a28a-44e0-9552-15581fc2de04@group-0E70A92CA2C7->84ab4d91-000c-4523-9c5f-2c204b5f6601-GrpcLogAppender: appendEntries Timeout, request=f7ede272-a28a-44e0-9552-15581fc2de04->84ab4d91-000c-4523-9c5f-2c204b5f6601#109-t1, previous=(t:1, i:35), leaderCommit=30, initializing? false, entries: <empty>
2019-09-17 12:55:56,399 [java.util.concurrent.ThreadPoolExecutor$Worker@27773213[State = -1, empty queue]] WARN  server.GrpcLogAppender (GrpcLogAppender.java:timeoutAppendRequest(200)) - f7ede272-a28a-44e0-9552-15581fc2de04@group-0E70A92CA2C7->5e893e0a-56f7-4618-9f46-a6ff48173cb6-GrpcLogAppender: appendEntries Timeout, request=f7ede272-a28a-44e0-9552-15581fc2de04->5e893e0a-56f7-4618-9f46-a6ff48173cb6#109-t1, previous=(t:1, i:35), leaderCommit=30, initializing? false, entries: <empty>
2019-09-17 12:55:56,881 [EventQueue-PipelineActionsForPipelineActionHandler] ERROR pipeline.PipelineActionHandler (PipelineActionHandler.java:onMessage(60)) - Received pipeline action CLOSE for Pipeline[ Id: 2352ae7c-367f-43ff-a988-0e70a92ca2c7, Nodes: 5e893e0a-56f7-4618-9f46-a6ff48173cb6{ip: 192.168.5.153, host: pr-hdds-2137-trunk-mnh2s-3748177197, networkLocation: /default-rack, certSerialId: null}84ab4d91-000c-4523-9c5f-2c204b5f6601{ip: 192.168.5.153, host: pr-hdds-2137-trunk-mnh2s-3748177197, networkLocation: /default-rack, certSerialId: null}f7ede272-a28a-44e0-9552-15581fc2de04{ip: 192.168.5.153, host: pr-hdds-2137-trunk-mnh2s-3748177197, networkLocation: /default-rack, certSerialId: null}, Type:RATIS, Factor:THREE, State:CLOSED] from datanode f7ede272-a28a-44e0-9552-15581fc2de04{ip: 192.168.5.153, host: pr-hdds-2137-trunk-mnh2s-3748177197, networkLocation: /default-rack, certSerialId: null}. Reason : f7ede272-a28a-44e0-9552-15581fc2de04 has not seen follower/s 5e893e0a-56f7-4618-9f46-a6ff48173cb6 for 182386ms 84ab4d91-000c-4523-9c5f-2c204b5f6601 for 182399ms
2019-09-17 12:55:56,882 [EventQueue-PipelineActionsForPipelineActionHandler] INFO  pipeline.SCMPipelineManager (SCMPipelineManager.java:finalizeAndDestroyPipeline(311)) - destroying pipeline:Pipeline[ Id: 2352ae7c-367f-43ff-a988-0e70a92ca2c7, Nodes: 5e893e0a-56f7-4618-9f46-a6ff48173cb6{ip: 192.168.5.153, host: pr-hdds-2137-trunk-mnh2s-3748177197, networkLocation: /default-rack, certSerialId: null}84ab4d91-000c-4523-9c5f-2c204b5f6601{ip: 192.168.5.153, host: pr-hdds-2137-trunk-mnh2s-3748177197, networkLocation: /default-rack, certSerialId: null}f7ede272-a28a-44e0-9552-15581fc2de04{ip: 192.168.5.153, host: pr-hdds-2137-trunk-mnh2s-3748177197, networkLocation: /default-rack, certSerialId: null}, Type:RATIS, Factor:THREE, State:CLOSED]
 0.00% |█                                                                                                    |  0/1 Time: 0:03:04 0.00% |█                                                                                                    |  0/1 Time: 0:03:052019-09-17 12:55:58,404 [org.apache.ratis.server.impl.LogAppender$AppenderDaemon$$Lambda$509/159327213@b9d0d58] ERROR ratis.XceiverServerRatis (XceiverServerRatis.java:triggerPipelineClose(575)) - pipeline Action CLOSE  on pipeline PipelineID=2352ae7c-367f-43ff-a988-0e70a92ca2c7.Reason : f7ede272-a28a-44e0-9552-15581fc2de04 has not seen follower/s 5e893e0a-56f7-4618-9f46-a6ff48173cb6 for 184889ms 84ab4d91-000c-4523-9c5f-2c204b5f6601 for 184902ms
2019-09-17 12:55:58,404 [org.apache.ratis.server.impl.LogAppender$AppenderDaemon$$Lambda$509/159327213@700dfebd] ERROR ratis.XceiverServerRatis (XceiverServerRatis.java:triggerPipelineClose(575)) - pipeline Action CLOSE  on pipeline PipelineID=2352ae7c-367f-43ff-a988-0e70a92ca2c7.Reason : f7ede272-a28a-44e0-9552-15581fc2de04 has not seen follower/s 5e893e0a-56f7-4618-9f46-a6ff48173cb6 for 184889ms 84ab4d91-000c-4523-9c5f-2c204b5f6601 for 184902ms
2019-09-17 12:55:58,883 [EventQueue-PipelineActionsForPipelineActionHandler] ERROR pipeline.PipelineActionHandler (PipelineActionHandler.java:onMessage(60)) - Received pipeline action CLOSE for Pipeline[ Id: 2352ae7c-367f-43ff-a988-0e70a92ca2c7, Nodes: 5e893e0a-56f7-4618-9f46-a6ff48173cb6{ip: 192.168.5.153, host: pr-hdds-2137-trunk-mnh2s-3748177197, networkLocation: /default-rack, certSerialId: null}84ab4d91-000c-4523-9c5f-2c204b5f6601{ip: 192.168.5.153, host: pr-hdds-2137-trunk-mnh2s-3748177197, networkLocation: /default-rack, certSerialId: null}f7ede272-a28a-44e0-9552-15581fc2de04{ip: 192.168.5.153, host: pr-hdds-2137-trunk-mnh2s-3748177197, networkLocation: /default-rack, certSerialId: null}, Type:RATIS, Factor:THREE, State:CLOSED] from datanode f7ede272-a28a-44e0-9552-15581fc2de04{ip: 192.168.5.153, host: pr-hdds-2137-trunk-mnh2s-3748177197, networkLocation: /default-rack, certSerialId: null}. Reason : f7ede272-a28a-44e0-9552-15581fc2de04 has not seen follower/s 5e893e0a-56f7-4618-9f46-a6ff48173cb6 for 184889ms 84ab4d91-000c-4523-9c5f-2c204b5f6601 for 184902ms
2019-09-17 12:55:58,883 [EventQueue-PipelineActionsForPipelineActionHandler] INFO  pipeline.SCMPipelineManager (SCMPipelineManager.java:finalizeAndDestroyPipeline(311)) - destroying pipeline:Pipeline[ Id: 2352ae7c-367f-43ff-a988-0e70a92ca2c7, Nodes: 5e893e0a-56f7-4618-9f46-a6ff48173cb6{ip: 192.168.5.153, host: pr-hdds-2137-trunk-mnh2s-3748177197, networkLocation: /default-rack, certSerialId: null}84ab4d91-000c-4523-9c5f-2c204b5f6601{ip: 192.168.5.153, host: pr-hdds-2137-trunk-mnh2s-3748177197, networkLocation: /default-rack, certSerialId: null}f7ede272-a28a-44e0-9552-15581fc2de04{ip: 192.168.5.153, host: pr-hdds-2137-trunk-mnh2s-3748177197, networkLocation: /default-rack, certSerialId: null}, Type:RATIS, Factor:THREE, State:CLOSED]
2019-09-17 12:55:58,901 [java.util.concurrent.ThreadPoolExecutor$Worker@114f3833[State = -1, empty queue]] WARN  server.GrpcLogAppender (GrpcLogAppender.java:timeoutAppendRequest(200)) - f7ede272-a28a-44e0-9552-15581fc2de04@group-0E70A92CA2C7->84ab4d91-000c-4523-9c5f-2c204b5f6601-GrpcLogAppender: appendEntries Timeout, request=f7ede272-a28a-44e0-9552-15581fc2de04->84ab4d91-000c-4523-9c5f-2c204b5f6601#110-t1, previous=(t:1, i:35), leaderCommit=30, initializing? false, entries: <empty>
2019-09-17 12:55:58,901 [java.util.concurrent.ThreadPoolExecutor$Worker@27773213[State = -1, empty queue]] WARN  server.GrpcLogAppender (GrpcLogAppender.java:timeoutAppendRequest(200)) - f7ede272-a28a-44e0-9552-15581fc2de04@group-0E70A92CA2C7->5e893e0a-56f7-4618-9f46-a6ff48173cb6-GrpcLogAppender: appendEntries Timeout, request=f7ede272-a28a-44e0-9552-15581fc2de04->5e893e0a-56f7-4618-9f46-a6ff48173cb6#110-t1, previous=(t:1, i:35), leaderCommit=30, initializing? false, entries: <empty>
 0.00% |█                                                                                                    |  0/1 Time: 0:03:062019-09-17 12:55:59,855 [grpc-default-executor-5] INFO  impl.RaftServerProxy (RaftServerProxy.java:remove(95)) - 5e893e0a-56f7-4618-9f46-a6ff48173cb6: remove  FOLLOWER 5e893e0a-56f7-4618-9f46-a6ff48173cb6@group-0E70A92CA2C7:t1, leader=f7ede272-a28a-44e0-9552-15581fc2de04, voted=f7ede272-a28a-44e0-9552-15581fc2de04, raftlog=5e893e0a-56f7-4618-9f46-a6ff48173cb6@group-0E70A92CA2C7-SegmentedRaftLog:OPENED:c30,f30,i35, conf=0: [5e893e0a-56f7-4618-9f46-a6ff48173cb6:192.168.5.153:37060, 84ab4d91-000c-4523-9c5f-2c204b5f6601:192.168.5.153:39178, f7ede272-a28a-44e0-9552-15581fc2de04:192.168.5.153:38263], old=null RUNNING
2019-09-17 12:55:59,855 [grpc-default-executor-5] INFO  impl.RaftServerImpl (RaftServerImpl.java:lambda$shutdown$3(251)) - 5e893e0a-56f7-4618-9f46-a6ff48173cb6@group-0E70A92CA2C7: shutdown
2019-09-17 12:55:59,856 [grpc-default-executor-5] INFO  util.JmxRegister (JmxRegister.java:unregister(73)) - Successfully un-registered JMX Bean with object name Ratis:service=RaftServer,group=group-0E70A92CA2C7,id=5e893e0a-56f7-4618-9f46-a6ff48173cb6
2019-09-17 12:55:59,856 [grpc-default-executor-5] INFO  impl.RoleInfo (RoleInfo.java:shutdownFollowerState(121)) - 5e893e0a-56f7-4618-9f46-a6ff48173cb6: shutdown FollowerState
2019-09-17 12:55:59,856 [grpc-default-executor-5] INFO  impl.StateMachineUpdater (StateMachineUpdater.java:stopAndJoin(125)) - 5e893e0a-56f7-4618-9f46-a6ff48173cb6@group-0E70A92CA2C7-StateMachineUpdater: set stopIndex = 30
2019-09-17 12:55:59,856 [Thread-1595] INFO  impl.FollowerState (FollowerState.java:run(115)) - 5e893e0a-56f7-4618-9f46-a6ff48173cb6: FollowerState was interrupted: java.lang.InterruptedException: sleep interrupted
2019-09-17 12:55:59,856 [5e893e0a-56f7-4618-9f46-a6ff48173cb6@group-0E70A92CA2C7-StateMachineUpdater] INFO  ratis.ContainerStateMachine (ContainerStateMachine.java:takeSnapshot(289)) - group-0E70A92CA2C7: Taking a snapshot at:(t:1, i:26) file /tmp/workdir/hadoop-ozone/tools/target/test-dir/MiniOzoneClusterImpl-50a1f6bc-759b-451e-a5dd-d4a59b2daa65/datanode-0/data/ratis/2352ae7c-367f-43ff-a988-0e70a92ca2c7/sm/snapshot.1_26
2019-09-17 12:55:59,884 [5e893e0a-56f7-4618-9f46-a6ff48173cb6@group-0E70A92CA2C7-StateMachineUpdater] INFO  ratis.ContainerStateMachine (ContainerStateMachine.java:takeSnapshot(300)) - group-0E70A92CA2C7: Finished taking a snapshot at:(t:1, i:26) file:/tmp/workdir/hadoop-ozone/tools/target/test-dir/MiniOzoneClusterImpl-50a1f6bc-759b-451e-a5dd-d4a59b2daa65/datanode-0/data/ratis/2352ae7c-367f-43ff-a988-0e70a92ca2c7/sm/snapshot.1_26 time:28
2019-09-17 12:55:59,885 [5e893e0a-56f7-4618-9f46-a6ff48173cb6@group-0E70A92CA2C7-StateMachineUpdater] INFO  impl.StateMachineUpdater (StateMachineUpdater.java:takeSnapshot(258)) - 5e893e0a-56f7-4618-9f46-a6ff48173cb6@group-0E70A92CA2C7-StateMachineUpdater: Took a snapshot at index 26
2019-09-17 12:55:59,885 [5e893e0a-56f7-4618-9f46-a6ff48173cb6@group-0E70A92CA2C7-StateMachineUpdater] INFO  impl.StateMachineUpdater (StateMachineUpdater.java:lambda$new$0(83)) - 5e893e0a-56f7-4618-9f46-a6ff48173cb6@group-0E70A92CA2C7-StateMachineUpdater: snapshotIndex: updateIncreasingly -1 -> 26
2019-09-17 12:55:59,886 [5e893e0a-56f7-4618-9f46-a6ff48173cb6@group-0E70A92CA2C7-StateMachineUpdater] INFO  ratis.ContainerStateMachine (ContainerStateMachine.java:takeSnapshot(289)) - group-0E70A92CA2C7: Taking a snapshot at:(t:1, i:26) file /tmp/workdir/hadoop-ozone/tools/target/test-dir/MiniOzoneClusterImpl-50a1f6bc-759b-451e-a5dd-d4a59b2daa65/datanode-0/data/ratis/2352ae7c-367f-43ff-a988-0e70a92ca2c7/sm/snapshot.1_26
2019-09-17 12:55:59,901 [5e893e0a-56f7-4618-9f46-a6ff48173cb6@group-0E70A92CA2C7-StateMachineUpdater] INFO  ratis.ContainerStateMachine (ContainerStateMachine.java:takeSnapshot(300)) - group-0E70A92CA2C7: Finished taking a snapshot at:(t:1, i:26) file:/tmp/workdir/hadoop-ozone/tools/target/test-dir/MiniOzoneClusterImpl-50a1f6bc-759b-451e-a5dd-d4a59b2daa65/datanode-0/data/ratis/2352ae7c-367f-43ff-a988-0e70a92ca2c7/sm/snapshot.1_26 time:16
2019-09-17 12:55:59,901 [5e893e0a-56f7-4618-9f46-a6ff48173cb6@group-0E70A92CA2C7-StateMachineUpdater] INFO  impl.StateMachineUpdater (StateMachineUpdater.java:takeSnapshot(258)) - 5e893e0a-56f7-4618-9f46-a6ff48173cb6@group-0E70A92CA2C7-StateMachineUpdater: Took a snapshot at index 26
2019-09-17 12:55:59,902 [5e893e0a-56f7-4618-9f46-a6ff48173cb6@group-0E70A92CA2C7-StateMachineUpdater] INFO  impl.StateMachineUpdater (StateMachineUpdater.java:lambda$new$0(83)) - 5e893e0a-56f7-4618-9f46-a6ff48173cb6@group-0E70A92CA2C7-StateMachineUpdater: snapshotIndex: updateIncreasingly 26 -> 26
2019-09-17 12:55:59,902 [grpc-default-executor-5] INFO  impl.RaftServerImpl (ServerState.java:close(385)) - 5e893e0a-56f7-4618-9f46-a6ff48173cb6@group-0E70A92CA2C7: closes. applyIndex: 30
2019-09-17 12:55:59,903 [5e893e0a-56f7-4618-9f46-a6ff48173cb6@group-0E70A92CA2C7-SegmentedRaftLogWorker] ERROR ratis.XceiverServerRatis (XceiverServerRatis.java:triggerPipelineClose(575)) - pipeline Action CLOSE  on pipeline PipelineID=2352ae7c-367f-43ff-a988-0e70a92ca2c7.Reason : WriteLog:31: (t:1, i:31), STATEMACHINELOGENTRY, client-B7904277824C, cid=281-writeStateMachineData interrupted.
2019-09-17 12:55:59,906 [grpc-default-executor-5] INFO  segmented.SegmentedRaftLogWorker (SegmentedRaftLogWorker.java:close(228)) - 5e893e0a-56f7-4618-9f46-a6ff48173cb6@group-0E70A92CA2C7-SegmentedRaftLogWorker close()
2019-09-17 12:55:59,906 [EventQueue-PipelineActionsForPipelineActionHandler] ERROR pipeline.PipelineActionHandler (PipelineActionHandler.java:onMessage(60)) - Received pipeline action CLOSE for Pipeline[ Id: 2352ae7c-367f-43ff-a988-0e70a92ca2c7, Nodes: 5e893e0a-56f7-4618-9f46-a6ff48173cb6{ip: 192.168.5.153, host: pr-hdds-2137-trunk-mnh2s-3748177197, networkLocation: /default-rack, certSerialId: null}84ab4d91-000c-4523-9c5f-2c204b5f6601{ip: 192.168.5.153, host: pr-hdds-2137-trunk-mnh2s-3748177197, networkLocation: /default-rack, certSerialId: null}f7ede272-a28a-44e0-9552-15581fc2de04{ip: 192.168.5.153, host: pr-hdds-2137-trunk-mnh2s-3748177197, networkLocation: /default-rack, certSerialId: null}, Type:RATIS, Factor:THREE, State:CLOSED] from datanode 5e893e0a-56f7-4618-9f46-a6ff48173cb6{ip: 192.168.5.153, host: pr-hdds-2137-trunk-mnh2s-3748177197, networkLocation: /default-rack, certSerialId: null}. Reason : WriteLog:31: (t:1, i:31), STATEMACHINELOGENTRY, client-B7904277824C, cid=281-writeStateMachineData interrupted.
2019-09-17 12:55:59,908 [EventQueue-PipelineActionsForPipelineActionHandler] INFO  pipeline.SCMPipelineManager (SCMPipelineManager.java:finalizeAndDestroyPipeline(311)) - destroying pipeline:Pipeline[ Id: 2352ae7c-367f-43ff-a988-0e70a92ca2c7, Nodes: 5e893e0a-56f7-4618-9f46-a6ff48173cb6{ip: 192.168.5.153, host: pr-hdds-2137-trunk-mnh2s-3748177197, networkLocation: /default-rack, certSerialId: null}84ab4d91-000c-4523-9c5f-2c204b5f6601{ip: 192.168.5.153, host: pr-hdds-2137-trunk-mnh2s-3748177197, networkLocation: /default-rack, certSerialId: null}f7ede272-a28a-44e0-9552-15581fc2de04{ip: 192.168.5.153, host: pr-hdds-2137-trunk-mnh2s-3748177197, networkLocation: /default-rack, certSerialId: null}, Type:RATIS, Factor:THREE, State:CLOSED]
 0.00% |█                                                                                                    |  0/1 Time: 0:03:072019-09-17 12:55:59,927 [grpc-default-executor-5] INFO  interfaces.Container (KeyValueContainer.java:flushAndSyncDB(386)) - Container 8 is synced with bcsId 12.
2019-09-17 12:55:59,927 [grpc-default-executor-5] INFO  interfaces.Container (KeyValueContainer.java:flushAndSyncDB(386)) - Container 8 is synced with bcsId 12.
2019-09-17 12:55:59,945 [EventQueue-IncrementalContainerReportForIncrementalContainerReportHandler] INFO  container.IncrementalContainerReportHandler (AbstractContainerReportHandler.java:updateContainerState(169)) - Moving container #8 to QUASI_CLOSED state, datanode 5e893e0a-56f7-4618-9f46-a6ff48173cb6{ip: 192.168.5.153, host: pr-hdds-2137-trunk-mnh2s-3748177197, networkLocation: /default-rack, certSerialId: null} reported QUASI_CLOSED replica.
2019-09-17 12:55:59,961 [grpc-default-executor-5] INFO  interfaces.Container (KeyValueContainer.java:flushAndSyncDB(386)) - Container 9 is synced with bcsId 26.
2019-09-17 12:55:59,961 [grpc-default-executor-5] INFO  interfaces.Container (KeyValueContainer.java:flushAndSyncDB(386)) - Container 9 is synced with bcsId 26.
2019-09-17 12:55:59,987 [EventQueue-IncrementalContainerReportForIncrementalContainerReportHandler] INFO  container.IncrementalContainerReportHandler (AbstractContainerReportHandler.java:updateContainerState(169)) - Moving container #9 to QUASI_CLOSED state, datanode 5e893e0a-56f7-4618-9f46-a6ff48173cb6{ip: 192.168.5.153, host: pr-hdds-2137-trunk-mnh2s-3748177197, networkLocation: /default-rack, certSerialId: null} reported QUASI_CLOSED replica.
2019-09-17 12:56:00,067 [grpc-default-executor-5] INFO  interfaces.Container (KeyValueContainer.java:flushAndSyncDB(386)) - Container 10 is synced with bcsId 0.
2019-09-17 12:56:00,067 [grpc-default-executor-5] INFO  interfaces.Container (KeyValueContainer.java:flushAndSyncDB(386)) - Container 10 is synced with bcsId 0.
2019-09-17 12:56:00,081 [grpc-default-executor-7] INFO  client.GrpcClientProtocolClient (GrpcClientProtocolClient.java:onNext(264)) - client-B7904277824C->84ab4d91-000c-4523-9c5f-2c204b5f6601: receive RaftClientReply:client-B7904277824C->84ab4d91-000c-4523-9c5f-2c204b5f6601@group-0E70A92CA2C7, cid=281, FAILED org.apache.ratis.protocol.NotLeaderException: Server 84ab4d91-000c-4523-9c5f-2c204b5f6601@group-0E70A92CA2C7 is not the leader f7ede272-a28a-44e0-9552-15581fc2de04:192.168.5.153:38263, logIndex=0, commits[84ab4d91-000c-4523-9c5f-2c204b5f6601:c30, 5e893e0a-56f7-4618-9f46-a6ff48173cb6:c26, f7ede272-a28a-44e0-9552-15581fc2de04:c30]
2019-09-17 12:56:00,090 [EventQueue-IncrementalContainerReportForIncrementalContainerReportHandler] INFO  container.IncrementalContainerReportHandler (AbstractContainerReportHandler.java:updateContainerState(169)) - Moving container #10 to QUASI_CLOSED state, datanode 5e893e0a-56f7-4618-9f46-a6ff48173cb6{ip: 192.168.5.153, host: pr-hdds-2137-trunk-mnh2s-3748177197, networkLocation: /default-rack, certSerialId: null} reported QUASI_CLOSED replica.
2019-09-17 12:56:00,093 [grpc-default-worker-ELG-3-4] WARN  nio.NioEventLoop (NioEventLoop.java:select(786)) - Selector.select() returned prematurely {} times in a row; rebuilding Selector {}.
2019-09-17 12:56:00,094 [grpc-default-executor-4] INFO  impl.RaftServerProxy (RaftServerProxy.java:remove(95)) - 84ab4d91-000c-4523-9c5f-2c204b5f6601: remove  FOLLOWER 84ab4d91-000c-4523-9c5f-2c204b5f6601@group-0E70A92CA2C7:t1, leader=f7ede272-a28a-44e0-9552-15581fc2de04, voted=f7ede272-a28a-44e0-9552-15581fc2de04, raftlog=84ab4d91-000c-4523-9c5f-2c204b5f6601@group-0E70A92CA2C7-SegmentedRaftLog:OPENED:c30,f30,i35, conf=0: [5e893e0a-56f7-4618-9f46-a6ff48173cb6:192.168.5.153:37060, 84ab4d91-000c-4523-9c5f-2c204b5f6601:192.168.5.153:39178, f7ede272-a28a-44e0-9552-15581fc2de04:192.168.5.153:38263], old=null RUNNING
2019-09-17 12:56:00,094 [grpc-default-executor-4] INFO  impl.RaftServerImpl (RaftServerImpl.java:lambda$shutdown$3(251)) - 84ab4d91-000c-4523-9c5f-2c204b5f6601@group-0E70A92CA2C7: shutdown
2019-09-17 12:56:00,094 [grpc-default-worker-ELG-3-4] INFO  nio.NioEventLoop (NioEventLoop.java:rebuildSelector0(396)) - Migrated 2 channel(s) to the new Selector.
2019-09-17 12:56:00,094 [grpc-default-executor-4] INFO  util.JmxRegister (JmxRegister.java:unregister(73)) - Successfully un-registered JMX Bean with object name Ratis:service=RaftServer,group=group-0E70A92CA2C7,id=84ab4d91-000c-4523-9c5f-2c204b5f6601
2019-09-17 12:56:00,095 [grpc-default-executor-4] INFO  impl.RoleInfo (RoleInfo.java:shutdownFollowerState(121)) - 84ab4d91-000c-4523-9c5f-2c204b5f6601: shutdown FollowerState
2019-09-17 12:56:00,095 [grpc-default-executor-4] INFO  impl.StateMachineUpdater (StateMachineUpdater.java:stopAndJoin(125)) - 84ab4d91-000c-4523-9c5f-2c204b5f6601@group-0E70A92CA2C7-StateMachineUpdater: set stopIndex = 30
2019-09-17 12:56:00,095 [84ab4d91-000c-4523-9c5f-2c204b5f6601@group-0E70A92CA2C7-StateMachineUpdater] INFO  ratis.ContainerStateMachine (ContainerStateMachine.java:takeSnapshot(289)) - group-0E70A92CA2C7: Taking a snapshot at:(t:1, i:26) file /tmp/workdir/hadoop-ozone/tools/target/test-dir/MiniOzoneClusterImpl-50a1f6bc-759b-451e-a5dd-d4a59b2daa65/datanode-1/data/ratis/2352ae7c-367f-43ff-a988-0e70a92ca2c7/sm/snapshot.1_26
2019-09-17 12:56:00,095 [Thread-1594] INFO  impl.FollowerState (FollowerState.java:run(115)) - 84ab4d91-000c-4523-9c5f-2c204b5f6601: FollowerState was interrupted: java.lang.InterruptedException: sleep interrupted
2019-09-17 12:56:00,117 [84ab4d91-000c-4523-9c5f-2c204b5f6601@group-0E70A92CA2C7-StateMachineUpdater] INFO  ratis.ContainerStateMachine (ContainerStateMachine.java:takeSnapshot(300)) - group-0E70A92CA2C7: Finished taking a snapshot at:(t:1, i:26) file:/tmp/workdir/hadoop-ozone/tools/target/test-dir/MiniOzoneClusterImpl-50a1f6bc-759b-451e-a5dd-d4a59b2daa65/datanode-1/data/ratis/2352ae7c-367f-43ff-a988-0e70a92ca2c7/sm/snapshot.1_26 time:22
2019-09-17 12:56:00,117 [84ab4d91-000c-4523-9c5f-2c204b5f6601@group-0E70A92CA2C7-StateMachineUpdater] INFO  impl.StateMachineUpdater (StateMachineUpdater.java:takeSnapshot(258)) - 84ab4d91-000c-4523-9c5f-2c204b5f6601@group-0E70A92CA2C7-StateMachineUpdater: Took a snapshot at index 26
2019-09-17 12:56:00,117 [84ab4d91-000c-4523-9c5f-2c204b5f6601@group-0E70A92CA2C7-StateMachineUpdater] INFO  impl.StateMachineUpdater (StateMachineUpdater.java:lambda$new$0(83)) - 84ab4d91-000c-4523-9c5f-2c204b5f6601@group-0E70A92CA2C7-StateMachineUpdater: snapshotIndex: updateIncreasingly -1 -> 26
2019-09-17 12:56:00,118 [84ab4d91-000c-4523-9c5f-2c204b5f6601@group-0E70A92CA2C7-StateMachineUpdater] INFO  ratis.ContainerStateMachine (ContainerStateMachine.java:takeSnapshot(289)) - group-0E70A92CA2C7: Taking a snapshot at:(t:1, i:26) file /tmp/workdir/hadoop-ozone/tools/target/test-dir/MiniOzoneClusterImpl-50a1f6bc-759b-451e-a5dd-d4a59b2daa65/datanode-1/data/ratis/2352ae7c-367f-43ff-a988-0e70a92ca2c7/sm/snapshot.1_26
2019-09-17 12:56:00,149 [84ab4d91-000c-4523-9c5f-2c204b5f6601@group-0E70A92CA2C7-StateMachineUpdater] INFO  ratis.ContainerStateMachine (ContainerStateMachine.java:takeSnapshot(300)) - group-0E70A92CA2C7: Finished taking a snapshot at:(t:1, i:26) file:/tmp/workdir/hadoop-ozone/tools/target/test-dir/MiniOzoneClusterImpl-50a1f6bc-759b-451e-a5dd-d4a59b2daa65/datanode-1/data/ratis/2352ae7c-367f-43ff-a988-0e70a92ca2c7/sm/snapshot.1_26 time:32
2019-09-17 12:56:00,149 [84ab4d91-000c-4523-9c5f-2c204b5f6601@group-0E70A92CA2C7-StateMachineUpdater] INFO  impl.StateMachineUpdater (StateMachineUpdater.java:takeSnapshot(258)) - 84ab4d91-000c-4523-9c5f-2c204b5f6601@group-0E70A92CA2C7-StateMachineUpdater: Took a snapshot at index 26
2019-09-17 12:56:00,149 [84ab4d91-000c-4523-9c5f-2c204b5f6601@group-0E70A92CA2C7-StateMachineUpdater] INFO  impl.StateMachineUpdater (StateMachineUpdater.java:lambda$new$0(83)) - 84ab4d91-000c-4523-9c5f-2c204b5f6601@group-0E70A92CA2C7-StateMachineUpdater: snapshotIndex: updateIncreasingly 26 -> 26
2019-09-17 12:56:00,150 [grpc-default-executor-4] INFO  impl.RaftServerImpl (ServerState.java:close(385)) - 84ab4d91-000c-4523-9c5f-2c204b5f6601@group-0E70A92CA2C7: closes. applyIndex: 30
2019-09-17 12:56:00,150 [84ab4d91-000c-4523-9c5f-2c204b5f6601@group-0E70A92CA2C7-SegmentedRaftLogWorker] ERROR ratis.XceiverServerRatis (XceiverServerRatis.java:triggerPipelineClose(575)) - pipeline Action CLOSE  on pipeline PipelineID=2352ae7c-367f-43ff-a988-0e70a92ca2c7.Reason : WriteLog:31: (t:1, i:31), STATEMACHINELOGENTRY, client-B7904277824C, cid=281-writeStateMachineData interrupted.
2019-09-17 12:56:00,153 [grpc-default-executor-4] INFO  segmented.SegmentedRaftLogWorker (SegmentedRaftLogWorker.java:close(228)) - 84ab4d91-000c-4523-9c5f-2c204b5f6601@group-0E70A92CA2C7-SegmentedRaftLogWorker close()
2019-09-17 12:56:00,155 [EventQueue-PipelineActionsForPipelineActionHandler] ERROR pipeline.PipelineActionHandler (PipelineActionHandler.java:onMessage(60)) - Received pipeline action CLOSE for Pipeline[ Id: 2352ae7c-367f-43ff-a988-0e70a92ca2c7, Nodes: 5e893e0a-56f7-4618-9f46-a6ff48173cb6{ip: 192.168.5.153, host: pr-hdds-2137-trunk-mnh2s-3748177197, networkLocation: /default-rack, certSerialId: null}84ab4d91-000c-4523-9c5f-2c204b5f6601{ip: 192.168.5.153, host: pr-hdds-2137-trunk-mnh2s-3748177197, networkLocation: /default-rack, certSerialId: null}f7ede272-a28a-44e0-9552-15581fc2de04{ip: 192.168.5.153, host: pr-hdds-2137-trunk-mnh2s-3748177197, networkLocation: /default-rack, certSerialId: null}, Type:RATIS, Factor:THREE, State:CLOSED] from datanode 84ab4d91-000c-4523-9c5f-2c204b5f6601{ip: 192.168.5.153, host: pr-hdds-2137-trunk-mnh2s-3748177197, networkLocation: /default-rack, certSerialId: null}. Reason : WriteLog:31: (t:1, i:31), STATEMACHINELOGENTRY, client-B7904277824C, cid=281-writeStateMachineData interrupted.
2019-09-17 12:56:00,155 [EventQueue-PipelineActionsForPipelineActionHandler] INFO  pipeline.SCMPipelineManager (SCMPipelineManager.java:finalizeAndDestroyPipeline(311)) - destroying pipeline:Pipeline[ Id: 2352ae7c-367f-43ff-a988-0e70a92ca2c7, Nodes: 5e893e0a-56f7-4618-9f46-a6ff48173cb6{ip: 192.168.5.153, host: pr-hdds-2137-trunk-mnh2s-3748177197, networkLocation: /default-rack, certSerialId: null}84ab4d91-000c-4523-9c5f-2c204b5f6601{ip: 192.168.5.153, host: pr-hdds-2137-trunk-mnh2s-3748177197, networkLocation: /default-rack, certSerialId: null}f7ede272-a28a-44e0-9552-15581fc2de04{ip: 192.168.5.153, host: pr-hdds-2137-trunk-mnh2s-3748177197, networkLocation: /default-rack, certSerialId: null}, Type:RATIS, Factor:THREE, State:CLOSED]
2019-09-17 12:56:00,166 [grpc-default-executor-4] INFO  interfaces.Container (KeyValueContainer.java:flushAndSyncDB(386)) - Container 8 is synced with bcsId 12.
2019-09-17 12:56:00,167 [grpc-default-executor-4] INFO  interfaces.Container (KeyValueContainer.java:flushAndSyncDB(386)) - Container 8 is synced with bcsId 12.
2019-09-17 12:56:00,222 [grpc-default-executor-4] INFO  interfaces.Container (KeyValueContainer.java:flushAndSyncDB(386)) - Container 9 is synced with bcsId 26.
2019-09-17 12:56:00,223 [grpc-default-executor-4] INFO  interfaces.Container (KeyValueContainer.java:flushAndSyncDB(386)) - Container 9 is synced with bcsId 26.
2019-09-17 12:56:00,321 [grpc-default-executor-4] INFO  interfaces.Container (KeyValueContainer.java:flushAndSyncDB(386)) - Container 10 is synced with bcsId 0.
2019-09-17 12:56:00,321 [grpc-default-executor-4] INFO  interfaces.Container (KeyValueContainer.java:flushAndSyncDB(386)) - Container 10 is synced with bcsId 0.
2019-09-17 12:56:00,345 [grpc-default-executor-4] INFO  impl.RaftServerProxy (RaftServerProxy.java:remove(95)) - f7ede272-a28a-44e0-9552-15581fc2de04: remove    LEADER f7ede272-a28a-44e0-9552-15581fc2de04@group-0E70A92CA2C7:t1, leader=f7ede272-a28a-44e0-9552-15581fc2de04, voted=f7ede272-a28a-44e0-9552-15581fc2de04, raftlog=f7ede272-a28a-44e0-9552-15581fc2de04@group-0E70A92CA2C7-SegmentedRaftLog:OPENED:c30,f30,i35, conf=0: [5e893e0a-56f7-4618-9f46-a6ff48173cb6:192.168.5.153:37060, 84ab4d91-000c-4523-9c5f-2c204b5f6601:192.168.5.153:39178, f7ede272-a28a-44e0-9552-15581fc2de04:192.168.5.153:38263], old=null RUNNING
2019-09-17 12:56:00,346 [grpc-default-executor-4] INFO  impl.RaftServerImpl (RaftServerImpl.java:lambda$shutdown$3(251)) - f7ede272-a28a-44e0-9552-15581fc2de04@group-0E70A92CA2C7: shutdown
2019-09-17 12:56:00,346 [grpc-default-executor-4] INFO  util.JmxRegister (JmxRegister.java:unregister(73)) - Successfully un-registered JMX Bean with object name Ratis:service=RaftServer,group=group-0E70A92CA2C7,id=f7ede272-a28a-44e0-9552-15581fc2de04
2019-09-17 12:56:00,346 [grpc-default-executor-4] INFO  impl.RoleInfo (RoleInfo.java:shutdownLeaderState(104)) - f7ede272-a28a-44e0-9552-15581fc2de04: shutdown LeaderState
2019-09-17 12:56:00,350 [grpc-default-executor-4] INFO  impl.PendingRequests (PendingRequests.java:sendNotLeaderResponses(202)) - f7ede272-a28a-44e0-9552-15581fc2de04-PendingRequests: sendNotLeaderResponses
2019-09-17 12:56:00,351 [org.apache.ratis.server.impl.LogAppender$AppenderDaemon$$Lambda$509/159327213@b9d0d58] WARN  server.GrpcLogAppender (GrpcLogAppender.java:mayWait(143)) - f7ede272-a28a-44e0-9552-15581fc2de04@group-0E70A92CA2C7->5e893e0a-56f7-4618-9f46-a6ff48173cb6-GrpcLogAppender: Wait interrupted by java.lang.InterruptedException
2019-09-17 12:56:00,350 [org.apache.ratis.server.impl.LogAppender$AppenderDaemon$$Lambda$509/159327213@700dfebd] WARN  server.GrpcLogAppender (GrpcLogAppender.java:mayWait(143)) - f7ede272-a28a-44e0-9552-15581fc2de04@group-0E70A92CA2C7->84ab4d91-000c-4523-9c5f-2c204b5f6601-GrpcLogAppender: Wait interrupted by java.lang.InterruptedException
2019-09-17 12:56:00,351 [grpc-default-executor-5] INFO  server.GrpcServerProtocolService (GrpcServerProtocolService.java:onCompleted(113)) - 5e893e0a-56f7-4618-9f46-a6ff48173cb6: Completed APPEND_ENTRIES, lastRequest: f7ede272-a28a-44e0-9552-15581fc2de04->5e893e0a-56f7-4618-9f46-a6ff48173cb6#111-t1, previous=(t:1, i:35), leaderCommit=30, initializing? false, entries: <empty>
2019-09-17 12:56:00,355 [grpc-default-executor-4] INFO  impl.StateMachineUpdater (StateMachineUpdater.java:stopAndJoin(125)) - f7ede272-a28a-44e0-9552-15581fc2de04@group-0E70A92CA2C7-StateMachineUpdater: set stopIndex = 30
2019-09-17 12:56:00,355 [grpc-default-executor-7] INFO  server.GrpcServerProtocolService (GrpcServerProtocolService.java:onCompleted(113)) - 84ab4d91-000c-4523-9c5f-2c204b5f6601: Completed APPEND_ENTRIES, lastRequest: f7ede272-a28a-44e0-9552-15581fc2de04->84ab4d91-000c-4523-9c5f-2c204b5f6601#111-t1, previous=(t:1, i:35), leaderCommit=30, initializing? false, entries: <empty>
2019-09-17 12:56:00,355 [f7ede272-a28a-44e0-9552-15581fc2de04@group-0E70A92CA2C7-StateMachineUpdater] INFO  ratis.ContainerStateMachine (ContainerStateMachine.java:takeSnapshot(289)) - group-0E70A92CA2C7: Taking a snapshot at:(t:1, i:26) file /tmp/workdir/hadoop-ozone/tools/target/test-dir/MiniOzoneClusterImpl-50a1f6bc-759b-451e-a5dd-d4a59b2daa65/datanode-2/data/ratis/2352ae7c-367f-43ff-a988-0e70a92ca2c7/sm/snapshot.1_26
2019-09-17 12:56:00,355 [grpc-default-executor-5] INFO  server.GrpcLogAppender (GrpcLogAppender.java:onCompleted(293)) - f7ede272-a28a-44e0-9552-15581fc2de04@group-0E70A92CA2C7->5e893e0a-56f7-4618-9f46-a6ff48173cb6-AppendLogResponseHandler: follower responses appendEntries COMPLETED
2019-09-17 12:56:00,356 [grpc-default-executor-8] INFO  server.GrpcLogAppender (GrpcLogAppender.java:onCompleted(293)) - f7ede272-a28a-44e0-9552-15581fc2de04@group-0E70A92CA2C7->84ab4d91-000c-4523-9c5f-2c204b5f6601-AppendLogResponseHandler: follower responses appendEntries COMPLETED
2019-09-17 12:56:00,357 [grpc-default-executor-5] INFO  impl.FollowerInfo (FollowerInfo.java:lambda$new$0(51)) - f7ede272-a28a-44e0-9552-15581fc2de04@group-0E70A92CA2C7->5e893e0a-56f7-4618-9f46-a6ff48173cb6: nextIndex: updateUnconditionally 36 -> 31
2019-09-17 12:56:00,360 [grpc-default-executor-8] INFO  impl.FollowerInfo (FollowerInfo.java:lambda$new$0(51)) - f7ede272-a28a-44e0-9552-15581fc2de04@group-0E70A92CA2C7->84ab4d91-000c-4523-9c5f-2c204b5f6601: nextIndex: updateUnconditionally 36 -> 31
2019-09-17 12:56:00,362 [grpc-default-executor-7] WARN  server.GrpcLogAppender (LogUtils.java:warn(134)) - f7ede272-a28a-44e0-9552-15581fc2de04@group-F4D2F7B62D29->5e893e0a-56f7-4618-9f46-a6ff48173cb6-AppendLogResponseHandler: Failed appendEntries: org.apache.ratis.thirdparty.io.grpc.StatusRuntimeException: UNAVAILABLE: Channel shutdownNow invoked
2019-09-17 12:56:00,362 [grpc-default-executor-8] WARN  server.GrpcLogAppender (LogUtils.java:warn(134)) - f7ede272-a28a-44e0-9552-15581fc2de04@group-F4D2F7B62D29->84ab4d91-000c-4523-9c5f-2c204b5f6601-AppendLogResponseHandler: Failed appendEntries: org.apache.ratis.thirdparty.io.grpc.StatusRuntimeException: UNAVAILABLE: Channel shutdownNow invoked
2019-09-17 12:56:00,362 [grpc-default-executor-7] INFO  impl.FollowerInfo (FollowerInfo.java:lambda$new$0(51)) - f7ede272-a28a-44e0-9552-15581fc2de04@group-F4D2F7B62D29->5e893e0a-56f7-4618-9f46-a6ff48173cb6: nextIndex: updateUnconditionally 1 -> 0
2019-09-17 12:56:00,362 [grpc-default-executor-8] INFO  impl.FollowerInfo (FollowerInfo.java:lambda$new$0(51)) - f7ede272-a28a-44e0-9552-15581fc2de04@group-F4D2F7B62D29->84ab4d91-000c-4523-9c5f-2c204b5f6601: nextIndex: updateUnconditionally 1 -> 0
2019-09-17 12:56:00,363 [grpc-default-executor-5] WARN  server.GrpcServerProtocolService (LogUtils.java:warn(134)) - 84ab4d91-000c-4523-9c5f-2c204b5f6601: installSnapshot onError, lastRequest: f7ede272-a28a-44e0-9552-15581fc2de04->84ab4d91-000c-4523-9c5f-2c204b5f6601#24-t1, previous=(t:1, i:0), leaderCommit=0, initializing? false, entries: <empty>: org.apache.ratis.thirdparty.io.grpc.StatusRuntimeException: CANCELLED: cancelled before receiving half close
2019-09-17 12:56:00,363 [grpc-default-executor-9] WARN  server.GrpcServerProtocolService (LogUtils.java:warn(134)) - 5e893e0a-56f7-4618-9f46-a6ff48173cb6: installSnapshot onError, lastRequest: f7ede272-a28a-44e0-9552-15581fc2de04->5e893e0a-56f7-4618-9f46-a6ff48173cb6#24-t1, previous=(t:1, i:0), leaderCommit=0, initializing? false, entries: <empty>: org.apache.ratis.thirdparty.io.grpc.StatusRuntimeException: CANCELLED: cancelled before receiving half close
2019-09-17 12:56:00,376 [f7ede272-a28a-44e0-9552-15581fc2de04@group-0E70A92CA2C7-StateMachineUpdater] INFO  ratis.ContainerStateMachine (ContainerStateMachine.java:takeSnapshot(300)) - group-0E70A92CA2C7: Finished taking a snapshot at:(t:1, i:26) file:/tmp/workdir/hadoop-ozone/tools/target/test-dir/MiniOzoneClusterImpl-50a1f6bc-759b-451e-a5dd-d4a59b2daa65/datanode-2/data/ratis/2352ae7c-367f-43ff-a988-0e70a92ca2c7/sm/snapshot.1_26 time:21
2019-09-17 12:56:00,376 [f7ede272-a28a-44e0-9552-15581fc2de04@group-0E70A92CA2C7-StateMachineUpdater] INFO  impl.StateMachineUpdater (StateMachineUpdater.java:takeSnapshot(258)) - f7ede272-a28a-44e0-9552-15581fc2de04@group-0E70A92CA2C7-StateMachineUpdater: Took a snapshot at index 26
2019-09-17 12:56:00,376 [f7ede272-a28a-44e0-9552-15581fc2de04@group-0E70A92CA2C7-StateMachineUpdater] INFO  impl.StateMachineUpdater (StateMachineUpdater.java:lambda$new$0(83)) - f7ede272-a28a-44e0-9552-15581fc2de04@group-0E70A92CA2C7-StateMachineUpdater: snapshotIndex: updateIncreasingly -1 -> 26
2019-09-17 12:56:00,377 [f7ede272-a28a-44e0-9552-15581fc2de04@group-0E70A92CA2C7-StateMachineUpdater] INFO  ratis.ContainerStateMachine (ContainerStateMachine.java:takeSnapshot(289)) - group-0E70A92CA2C7: Taking a snapshot at:(t:1, i:26) file /tmp/workdir/hadoop-ozone/tools/target/test-dir/MiniOzoneClusterImpl-50a1f6bc-759b-451e-a5dd-d4a59b2daa65/datanode-2/data/ratis/2352ae7c-367f-43ff-a988-0e70a92ca2c7/sm/snapshot.1_26
2019-09-17 12:56:00,377 [Command processor thread] ERROR commandhandler.CloseContainerCommandHandler (CloseContainerCommandHandler.java:handle(125)) - Can't close container #9
java.io.IOException: org.apache.ratis.protocol.GroupMismatchException: f7ede272-a28a-44e0-9552-15581fc2de04: group-0E70A92CA2C7 not found.
	at org.apache.hadoop.ozone.container.common.transport.server.ratis.XceiverServerRatis.submitRequest(XceiverServerRatis.java:502)
	at org.apache.hadoop.ozone.container.common.statemachine.commandhandler.CloseContainerCommandHandler.handle(CloseContainerCommandHandler.java:102)
	at org.apache.hadoop.ozone.container.common.statemachine.commandhandler.CommandDispatcher.handle(CommandDispatcher.java:99)
	at org.apache.hadoop.ozone.container.common.statemachine.DatanodeStateMachine.lambda$initCommandHandlerThread$1(DatanodeStateMachine.java:432)
	at java.lang.Thread.run(Thread.java:748)
Caused by: java.util.concurrent.ExecutionException: org.apache.ratis.protocol.GroupMismatchException: f7ede272-a28a-44e0-9552-15581fc2de04: group-0E70A92CA2C7 not found.
	at java.util.concurrent.CompletableFuture.reportGet(CompletableFuture.java:357)
	at java.util.concurrent.CompletableFuture.get(CompletableFuture.java:1895)
	at org.apache.hadoop.ozone.container.common.transport.server.ratis.XceiverServerRatis.submitRequest(XceiverServerRatis.java:500)
	... 4 more
Caused by: org.apache.ratis.protocol.GroupMismatchException: f7ede272-a28a-44e0-9552-15581fc2de04: group-0E70A92CA2C7 not found.
	at org.apache.ratis.server.impl.RaftServerProxy$ImplMap.get(RaftServerProxy.java:122)
	at org.apache.ratis.server.impl.RaftServerProxy.getImplFuture(RaftServerProxy.java:269)
	at org.apache.ratis.server.impl.RaftServerProxy.submitRequest(RaftServerProxy.java:327)
	at org.apache.ratis.server.impl.RaftServerProxy.submitClientRequestAsync(RaftServerProxy.java:333)
	... 5 more
2019-09-17 12:56:00,404 [f7ede272-a28a-44e0-9552-15581fc2de04@group-0E70A92CA2C7-StateMachineUpdater] INFO  ratis.ContainerStateMachine (ContainerStateMachine.java:takeSnapshot(300)) - group-0E70A92CA2C7: Finished taking a snapshot at:(t:1, i:26) file:/tmp/workdir/hadoop-ozone/tools/target/test-dir/MiniOzoneClusterImpl-50a1f6bc-759b-451e-a5dd-d4a59b2daa65/datanode-2/data/ratis/2352ae7c-367f-43ff-a988-0e70a92ca2c7/sm/snapshot.1_26 time:28
2019-09-17 12:56:00,404 [f7ede272-a28a-44e0-9552-15581fc2de04@group-0E70A92CA2C7-StateMachineUpdater] INFO  impl.StateMachineUpdater (StateMachineUpdater.java:takeSnapshot(258)) - f7ede272-a28a-44e0-9552-15581fc2de04@group-0E70A92CA2C7-StateMachineUpdater: Took a snapshot at index 26
2019-09-17 12:56:00,405 [f7ede272-a28a-44e0-9552-15581fc2de04@group-0E70A92CA2C7-StateMachineUpdater] INFO  impl.StateMachineUpdater (StateMachineUpdater.java:lambda$new$0(83)) - f7ede272-a28a-44e0-9552-15581fc2de04@group-0E70A92CA2C7-StateMachineUpdater: snapshotIndex: updateIncreasingly 26 -> 26
2019-09-17 12:56:00,405 [Command processor thread] ERROR commandhandler.CloseContainerCommandHandler (CloseContainerCommandHandler.java:handle(125)) - Can't close container #10
java.io.IOException: org.apache.ratis.protocol.GroupMismatchException: f7ede272-a28a-44e0-9552-15581fc2de04: group-0E70A92CA2C7 not found.
	at org.apache.hadoop.ozone.container.common.transport.server.ratis.XceiverServerRatis.submitRequest(XceiverServerRatis.java:502)
	at org.apache.hadoop.ozone.container.common.statemachine.commandhandler.CloseContainerCommandHandler.handle(CloseContainerCommandHandler.java:102)
	at org.apache.hadoop.ozone.container.common.statemachine.commandhandler.CommandDispatcher.handle(CommandDispatcher.java:99)
	at org.apache.hadoop.ozone.container.common.statemachine.DatanodeStateMachine.lambda$initCommandHandlerThread$1(DatanodeStateMachine.java:432)
	at java.lang.Thread.run(Thread.java:748)
Caused by: java.util.concurrent.ExecutionException: org.apache.ratis.protocol.GroupMismatchException: f7ede272-a28a-44e0-9552-15581fc2de04: group-0E70A92CA2C7 not found.
	at java.util.concurrent.CompletableFuture.reportGet(CompletableFuture.java:357)
	at java.util.concurrent.CompletableFuture.get(CompletableFuture.java:1895)
	at org.apache.hadoop.ozone.container.common.transport.server.ratis.XceiverServerRatis.submitRequest(XceiverServerRatis.java:500)
	... 4 more
Caused by: org.apache.ratis.protocol.GroupMismatchException: f7ede272-a28a-44e0-9552-15581fc2de04: group-0E70A92CA2C7 not found.
	at org.apache.ratis.server.impl.RaftServerProxy$ImplMap.get(RaftServerProxy.java:122)
	at org.apache.ratis.server.impl.RaftServerProxy.getImplFuture(RaftServerProxy.java:269)
	at org.apache.ratis.server.impl.RaftServerProxy.submitRequest(RaftServerProxy.java:327)
	at org.apache.ratis.server.impl.RaftServerProxy.submitClientRequestAsync(RaftServerProxy.java:333)
	... 5 more
2019-09-17 12:56:00,405 [grpc-default-executor-4] INFO  impl.RaftServerImpl (ServerState.java:close(385)) - f7ede272-a28a-44e0-9552-15581fc2de04@group-0E70A92CA2C7: closes. applyIndex: 30
2019-09-17 12:56:00,406 [f7ede272-a28a-44e0-9552-15581fc2de04@group-0E70A92CA2C7-SegmentedRaftLogWorker] ERROR ratis.XceiverServerRatis (XceiverServerRatis.java:triggerPipelineClose(575)) - pipeline Action CLOSE  on pipeline PipelineID=2352ae7c-367f-43ff-a988-0e70a92ca2c7.Reason : WriteLog:31: (t:1, i:31), STATEMACHINELOGENTRY, client-B7904277824C, cid=281-writeStateMachineData interrupted.
2019-09-17 12:56:00,408 [grpc-default-executor-4] INFO  segmented.SegmentedRaftLogWorker (SegmentedRaftLogWorker.java:close(228)) - f7ede272-a28a-44e0-9552-15581fc2de04@group-0E70A92CA2C7-SegmentedRaftLogWorker close()
2019-09-17 12:56:00,409 [EventQueue-PipelineActionsForPipelineActionHandler] ERROR pipeline.PipelineActionHandler (PipelineActionHandler.java:onMessage(60)) - Received pipeline action CLOSE for Pipeline[ Id: 2352ae7c-367f-43ff-a988-0e70a92ca2c7, Nodes: 5e893e0a-56f7-4618-9f46-a6ff48173cb6{ip: 192.168.5.153, host: pr-hdds-2137-trunk-mnh2s-3748177197, networkLocation: /default-rack, certSerialId: null}84ab4d91-000c-4523-9c5f-2c204b5f6601{ip: 192.168.5.153, host: pr-hdds-2137-trunk-mnh2s-3748177197, networkLocation: /default-rack, certSerialId: null}f7ede272-a28a-44e0-9552-15581fc2de04{ip: 192.168.5.153, host: pr-hdds-2137-trunk-mnh2s-3748177197, networkLocation: /default-rack, certSerialId: null}, Type:RATIS, Factor:THREE, State:CLOSED] from datanode f7ede272-a28a-44e0-9552-15581fc2de04{ip: 192.168.5.153, host: pr-hdds-2137-trunk-mnh2s-3748177197, networkLocation: /default-rack, certSerialId: null}. Reason : WriteLog:31: (t:1, i:31), STATEMACHINELOGENTRY, client-B7904277824C, cid=281-writeStateMachineData interrupted.
2019-09-17 12:56:00,409 [EventQueue-PipelineActionsForPipelineActionHandler] INFO  pipeline.SCMPipelineManager (SCMPipelineManager.java:finalizeAndDestroyPipeline(311)) - destroying pipeline:Pipeline[ Id: 2352ae7c-367f-43ff-a988-0e70a92ca2c7, Nodes: 5e893e0a-56f7-4618-9f46-a6ff48173cb6{ip: 192.168.5.153, host: pr-hdds-2137-trunk-mnh2s-3748177197, networkLocation: /default-rack, certSerialId: null}84ab4d91-000c-4523-9c5f-2c204b5f6601{ip: 192.168.5.153, host: pr-hdds-2137-trunk-mnh2s-3748177197, networkLocation: /default-rack, certSerialId: null}f7ede272-a28a-44e0-9552-15581fc2de04{ip: 192.168.5.153, host: pr-hdds-2137-trunk-mnh2s-3748177197, networkLocation: /default-rack, certSerialId: null}, Type:RATIS, Factor:THREE, State:CLOSED]
2019-09-17 12:56:00,422 [grpc-default-executor-4] INFO  interfaces.Container (KeyValueContainer.java:flushAndSyncDB(386)) - Container 8 is synced with bcsId 12.
2019-09-17 12:56:00,423 [grpc-default-executor-4] INFO  interfaces.Container (KeyValueContainer.java:flushAndSyncDB(386)) - Container 8 is synced with bcsId 12.
2019-09-17 12:56:00,465 [grpc-default-executor-4] INFO  interfaces.Container (KeyValueContainer.java:flushAndSyncDB(386)) - Container 9 is synced with bcsId 26.
2019-09-17 12:56:00,465 [grpc-default-executor-4] INFO  interfaces.Container (KeyValueContainer.java:flushAndSyncDB(386)) - Container 9 is synced with bcsId 26.
2019-09-17 12:56:00,564 [grpc-default-executor-4] INFO  interfaces.Container (KeyValueContainer.java:flushAndSyncDB(386)) - Container 10 is synced with bcsId 0.
2019-09-17 12:56:00,565 [grpc-default-executor-4] INFO  interfaces.Container (KeyValueContainer.java:flushAndSyncDB(386)) - Container 10 is synced with bcsId 0.
2019-09-17 12:56:00,590 [RatisPipelineUtilsThread] INFO  pipeline.PipelineStateManager (PipelineStateManager.java:removePipeline(108)) - Pipeline Pipeline[ Id: 2352ae7c-367f-43ff-a988-0e70a92ca2c7, Nodes: 5e893e0a-56f7-4618-9f46-a6ff48173cb6{ip: 192.168.5.153, host: pr-hdds-2137-trunk-mnh2s-3748177197, networkLocation: /default-rack, certSerialId: null}84ab4d91-000c-4523-9c5f-2c204b5f6601{ip: 192.168.5.153, host: pr-hdds-2137-trunk-mnh2s-3748177197, networkLocation: /default-rack, certSerialId: null}f7ede272-a28a-44e0-9552-15581fc2de04{ip: 192.168.5.153, host: pr-hdds-2137-trunk-mnh2s-3748177197, networkLocation: /default-rack, certSerialId: null}, Type:RATIS, Factor:THREE, State:CLOSED] removed from db
 0.00% |█                                                                                                    |  0/1 Time: 0:03:082019-09-17 12:56:01,383 [pool-62-thread-3] WARN  io.KeyOutputStream (KeyOutputStream.java:handleException(276)) - Encountered exception java.io.IOException: Unexpected Storage Container Exception: java.util.concurrent.CompletionException: java.util.concurrent.CompletionException: org.apache.ratis.protocol.GroupMismatchException: f7ede272-a28a-44e0-9552-15581fc2de04: group-0E70A92CA2C7 not found. on the pipeline Pipeline[ Id: 2352ae7c-367f-43ff-a988-0e70a92ca2c7, Nodes: 5e893e0a-56f7-4618-9f46-a6ff48173cb6{ip: 192.168.5.153, host: pr-hdds-2137-trunk-mnh2s-3748177197, networkLocation: /default-rack, certSerialId: null}84ab4d91-000c-4523-9c5f-2c204b5f6601{ip: 192.168.5.153, host: pr-hdds-2137-trunk-mnh2s-3748177197, networkLocation: /default-rack, certSerialId: null}f7ede272-a28a-44e0-9552-15581fc2de04{ip: 192.168.5.153, host: pr-hdds-2137-trunk-mnh2s-3748177197, networkLocation: /default-rack, certSerialId: null}, Type:RATIS, Factor:THREE, State:OPEN]. The last committed block length is 0, uncommitted data length is 2097152 retry count 0
2019-09-17 12:56:01,429 [grpc-default-executor-4] INFO  client.GrpcClientProtocolClient (GrpcClientProtocolClient.java:onNext(264)) - client-F9FFF08073A2->5e893e0a-56f7-4618-9f46-a6ff48173cb6: receive RaftClientReply:client-F9FFF08073A2->5e893e0a-56f7-4618-9f46-a6ff48173cb6@group-F4D2F7B62D29, cid=366, FAILED org.apache.ratis.protocol.NotLeaderException: Server 5e893e0a-56f7-4618-9f46-a6ff48173cb6@group-F4D2F7B62D29 is not the leader f7ede272-a28a-44e0-9552-15581fc2de04:192.168.5.153:38263, logIndex=0, commits[5e893e0a-56f7-4618-9f46-a6ff48173cb6:c0, 84ab4d91-000c-4523-9c5f-2c204b5f6601:c0, f7ede272-a28a-44e0-9552-15581fc2de04:c0]
2019-09-17 12:56:01,448 [grpc-default-executor-4] INFO  impl.RaftServerImpl (ServerState.java:setRaftConf(354)) - 5e893e0a-56f7-4618-9f46-a6ff48173cb6@group-F4D2F7B62D29: set configuration 0: [5e893e0a-56f7-4618-9f46-a6ff48173cb6:192.168.5.153:37060, 84ab4d91-000c-4523-9c5f-2c204b5f6601:192.168.5.153:39178, f7ede272-a28a-44e0-9552-15581fc2de04:192.168.5.153:38263], old=null at 0
2019-09-17 12:56:01,448 [grpc-default-executor-9] INFO  impl.RaftServerImpl (ServerState.java:setRaftConf(354)) - 84ab4d91-000c-4523-9c5f-2c204b5f6601@group-F4D2F7B62D29: set configuration 0: [5e893e0a-56f7-4618-9f46-a6ff48173cb6:192.168.5.153:37060, 84ab4d91-000c-4523-9c5f-2c204b5f6601:192.168.5.153:39178, f7ede272-a28a-44e0-9552-15581fc2de04:192.168.5.153:38263], old=null at 0
2019-09-17 12:56:01,601 [grpc-default-executor-9] INFO  client.GrpcClientProtocolClient (GrpcClientProtocolClient.java:onNext(264)) - client-F9FFF08073A2->f7ede272-a28a-44e0-9552-15581fc2de04: receive RaftClientReply:client-F9FFF08073A2->f7ede272-a28a-44e0-9552-15581fc2de04@group-F4D2F7B62D29, cid=366, SUCCESS, logIndex=1, commits[f7ede272-a28a-44e0-9552-15581fc2de04:c1, 5e893e0a-56f7-4618-9f46-a6ff48173cb6:c0, 84ab4d91-000c-4523-9c5f-2c204b5f6601:c0]
2019-09-17 12:56:01,718 [grpc-default-executor-4] INFO  client.GrpcClientProtocolClient (GrpcClientProtocolClient.java:onNext(264)) - client-F9FFF08073A2->f7ede272-a28a-44e0-9552-15581fc2de04: receive RaftClientReply:client-F9FFF08073A2->f7ede272-a28a-44e0-9552-15581fc2de04@group-F4D2F7B62D29, cid=367, SUCCESS, logIndex=3, commits[f7ede272-a28a-44e0-9552-15581fc2de04:c8, 5e893e0a-56f7-4618-9f46-a6ff48173cb6:c5, 84ab4d91-000c-4523-9c5f-2c204b5f6601:c5]
2019-09-17 12:56:01,719 [grpc-default-executor-4] INFO  client.GrpcClientProtocolClient (GrpcClientProtocolClient.java:onNext(264)) - client-F9FFF08073A2->f7ede272-a28a-44e0-9552-15581fc2de04: receive RaftClientReply:client-F9FFF08073A2->f7ede272-a28a-44e0-9552-15581fc2de04@group-F4D2F7B62D29, cid=368, SUCCESS, logIndex=4, commits[f7ede272-a28a-44e0-9552-15581fc2de04:c8, 5e893e0a-56f7-4618-9f46-a6ff48173cb6:c5, 84ab4d91-000c-4523-9c5f-2c204b5f6601:c5]
 0.00% |█                                                                                                    |  0/1 Time: 0:03:092019-09-17 12:56:02,027 [grpc-default-executor-4] INFO  client.GrpcClientProtocolClient (GrpcClientProtocolClient.java:onNext(264)) - client-F9FFF08073A2->f7ede272-a28a-44e0-9552-15581fc2de04: receive RaftClientReply:client-F9FFF08073A2->f7ede272-a28a-44e0-9552-15581fc2de04@group-F4D2F7B62D29, cid=369, SUCCESS, logIndex=5, commits[f7ede272-a28a-44e0-9552-15581fc2de04:c8, 5e893e0a-56f7-4618-9f46-a6ff48173cb6:c5, 84ab4d91-000c-4523-9c5f-2c204b5f6601:c5]
2019-09-17 12:56:02,062 [grpc-default-executor-4] INFO  client.GrpcClientProtocolClient (GrpcClientProtocolClient.java:onNext(264)) - client-F9FFF08073A2->f7ede272-a28a-44e0-9552-15581fc2de04: receive RaftClientReply:client-F9FFF08073A2->f7ede272-a28a-44e0-9552-15581fc2de04@group-F4D2F7B62D29, cid=370, SUCCESS, logIndex=9, commits[f7ede272-a28a-44e0-9552-15581fc2de04:c10, 5e893e0a-56f7-4618-9f46-a6ff48173cb6:c8, 84ab4d91-000c-4523-9c5f-2c204b5f6601:c8]
2019-09-17 12:56:02,063 [grpc-default-executor-4] INFO  client.GrpcClientProtocolClient (GrpcClientProtocolClient.java:onNext(264)) - client-F9FFF08073A2->f7ede272-a28a-44e0-9552-15581fc2de04: receive RaftClientReply:client-F9FFF08073A2->f7ede272-a28a-44e0-9552-15581fc2de04@group-F4D2F7B62D29, cid=371, SUCCESS, logIndex=10, commits[f7ede272-a28a-44e0-9552-15581fc2de04:c10, 5e893e0a-56f7-4618-9f46-a6ff48173cb6:c8, 84ab4d91-000c-4523-9c5f-2c204b5f6601:c8]
2019-09-17 12:56:02,072 [grpc-default-executor-4] INFO  client.GrpcClientProtocolClient (GrpcClientProtocolClient.java:onNext(264)) - client-F9FFF08073A2->f7ede272-a28a-44e0-9552-15581fc2de04: receive RaftClientReply:client-F9FFF08073A2->f7ede272-a28a-44e0-9552-15581fc2de04@group-F4D2F7B62D29, cid=372, SUCCESS, logIndex=11, commits[f7ede272-a28a-44e0-9552-15581fc2de04:c12, 5e893e0a-56f7-4618-9f46-a6ff48173cb6:c8, 84ab4d91-000c-4523-9c5f-2c204b5f6601:c8]
2019-09-17 12:56:02,073 [grpc-default-executor-4] INFO  client.GrpcClientProtocolClient (GrpcClientProtocolClient.java:onNext(264)) - client-F9FFF08073A2->f7ede272-a28a-44e0-9552-15581fc2de04: receive RaftClientReply:client-F9FFF08073A2->f7ede272-a28a-44e0-9552-15581fc2de04@group-F4D2F7B62D29, cid=373, SUCCESS, logIndex=12, commits[f7ede272-a28a-44e0-9552-15581fc2de04:c12, 5e893e0a-56f7-4618-9f46-a6ff48173cb6:c8, 84ab4d91-000c-4523-9c5f-2c204b5f6601:c8]
2019-09-17 12:56:02,078 [grpc-default-executor-4] INFO  client.GrpcClientProtocolClient (GrpcClientProtocolClient.java:onNext(264)) - client-F9FFF08073A2->f7ede272-a28a-44e0-9552-15581fc2de04: receive RaftClientReply:client-F9FFF08073A2->f7ede272-a28a-44e0-9552-15581fc2de04@group-F4D2F7B62D29, cid=374, SUCCESS, logIndex=0, commits[f7ede272-a28a-44e0-9552-15581fc2de04:c14, 5e893e0a-56f7-4618-9f46-a6ff48173cb6:c10, 84ab4d91-000c-4523-9c5f-2c204b5f6601:c10]
2019-09-17 12:56:02,084 [grpc-default-executor-4] INFO  client.GrpcClientProtocolClient (GrpcClientProtocolClient.java:onNext(264)) - client-F9FFF08073A2->f7ede272-a28a-44e0-9552-15581fc2de04: receive RaftClientReply:client-F9FFF08073A2->f7ede272-a28a-44e0-9552-15581fc2de04@group-F4D2F7B62D29, cid=375, SUCCESS, logIndex=0, commits[f7ede272-a28a-44e0-9552-15581fc2de04:c16, 5e893e0a-56f7-4618-9f46-a6ff48173cb6:c12, 84ab4d91-000c-4523-9c5f-2c204b5f6601:c12]
2019-09-17 12:56:02,271 [grpc-default-executor-9] INFO  client.GrpcClientProtocolClient (GrpcClientProtocolClient.java:onNext(264)) - client-F9FFF08073A2->f7ede272-a28a-44e0-9552-15581fc2de04: receive RaftClientReply:client-F9FFF08073A2->f7ede272-a28a-44e0-9552-15581fc2de04@group-F4D2F7B62D29, cid=376, SUCCESS, logIndex=17, commits[f7ede272-a28a-44e0-9552-15581fc2de04:c20, 5e893e0a-56f7-4618-9f46-a6ff48173cb6:c16, 84ab4d91-000c-4523-9c5f-2c204b5f6601:c12]
2019-09-17 12:56:02,323 [grpc-default-executor-9] INFO  client.GrpcClientProtocolClient (GrpcClientProtocolClient.java:onNext(264)) - client-F9FFF08073A2->f7ede272-a28a-44e0-9552-15581fc2de04: receive RaftClientReply:client-F9FFF08073A2->f7ede272-a28a-44e0-9552-15581fc2de04@group-F4D2F7B62D29, cid=377, SUCCESS, logIndex=18, commits[f7ede272-a28a-44e0-9552-15581fc2de04:c22, 5e893e0a-56f7-4618-9f46-a6ff48173cb6:c20, 84ab4d91-000c-4523-9c5f-2c204b5f6601:c12]
2019-09-17 12:56:02,323 [grpc-default-executor-9] INFO  client.GrpcClientProtocolClient (GrpcClientProtocolClient.java:onNext(264)) - client-F9FFF08073A2->f7ede272-a28a-44e0-9552-15581fc2de04: receive RaftClientReply:client-F9FFF08073A2->f7ede272-a28a-44e0-9552-15581fc2de04@group-F4D2F7B62D29, cid=378, SUCCESS, logIndex=19, commits[f7ede272-a28a-44e0-9552-15581fc2de04:c22, 5e893e0a-56f7-4618-9f46-a6ff48173cb6:c20, 84ab4d91-000c-4523-9c5f-2c204b5f6601:c12]
2019-09-17 12:56:02,399 [grpc-default-executor-9] INFO  client.GrpcClientProtocolClient (GrpcClientProtocolClient.java:onNext(264)) - client-F9FFF08073A2->f7ede272-a28a-44e0-9552-15581fc2de04: receive RaftClientReply:client-F9FFF08073A2->f7ede272-a28a-44e0-9552-15581fc2de04@group-F4D2F7B62D29, cid=379, SUCCESS, logIndex=20, commits[f7ede272-a28a-44e0-9552-15581fc2de04:c22, 5e893e0a-56f7-4618-9f46-a6ff48173cb6:c20, 84ab4d91-000c-4523-9c5f-2c204b5f6601:c12]
 0.00% |█                                                                                                    |  0/1 Time: 0:03:102019-09-17 12:56:02,927 [grpc-default-executor-9] INFO  impl.RaftServerProxy (RaftServerProxy.java:remove(95)) - 5e893e0a-56f7-4618-9f46-a6ff48173cb6: remove group-0E70A92CA2C7:null
2019-09-17 12:56:02,930 [RatisPipelineUtilsThread] WARN  pipeline.RatisPipelineUtils (RatisPipelineUtils.java:destroyPipeline(66)) - Pipeline destroy failed for pipeline=PipelineID=2352ae7c-367f-43ff-a988-0e70a92ca2c7 dn=5e893e0a-56f7-4618-9f46-a6ff48173cb6{ip: 192.168.5.153, host: pr-hdds-2137-trunk-mnh2s-3748177197, networkLocation: /default-rack, certSerialId: null}
2019-09-17 12:56:02,932 [grpc-default-executor-9] INFO  impl.RaftServerProxy (RaftServerProxy.java:remove(95)) - 84ab4d91-000c-4523-9c5f-2c204b5f6601: remove group-0E70A92CA2C7:null
2019-09-17 12:56:02,934 [RatisPipelineUtilsThread] WARN  pipeline.RatisPipelineUtils (RatisPipelineUtils.java:destroyPipeline(66)) - Pipeline destroy failed for pipeline=PipelineID=2352ae7c-367f-43ff-a988-0e70a92ca2c7 dn=84ab4d91-000c-4523-9c5f-2c204b5f6601{ip: 192.168.5.153, host: pr-hdds-2137-trunk-mnh2s-3748177197, networkLocation: /default-rack, certSerialId: null}
2019-09-17 12:56:02,937 [grpc-default-executor-9] INFO  impl.RaftServerProxy (RaftServerProxy.java:remove(95)) - f7ede272-a28a-44e0-9552-15581fc2de04: remove group-0E70A92CA2C7:null
2019-09-17 12:56:02,939 [RatisPipelineUtilsThread] WARN  pipeline.RatisPipelineUtils (RatisPipelineUtils.java:destroyPipeline(66)) - Pipeline destroy failed for pipeline=PipelineID=2352ae7c-367f-43ff-a988-0e70a92ca2c7 dn=f7ede272-a28a-44e0-9552-15581fc2de04{ip: 192.168.5.153, host: pr-hdds-2137-trunk-mnh2s-3748177197, networkLocation: /default-rack, certSerialId: null}
2019-09-17 12:56:02,939 [RatisPipelineUtilsThread] ERROR pipeline.SCMPipelineManager (Scheduler.java:lambda$schedule$1(70)) - Destroy pipeline failed for pipeline:Pipeline[ Id: 2352ae7c-367f-43ff-a988-0e70a92ca2c7, Nodes: 5e893e0a-56f7-4618-9f46-a6ff48173cb6{ip: 192.168.5.153, host: pr-hdds-2137-trunk-mnh2s-3748177197, networkLocation: /default-rack, certSerialId: null}84ab4d91-000c-4523-9c5f-2c204b5f6601{ip: 192.168.5.153, host: pr-hdds-2137-trunk-mnh2s-3748177197, networkLocation: /default-rack, certSerialId: null}f7ede272-a28a-44e0-9552-15581fc2de04{ip: 192.168.5.153, host: pr-hdds-2137-trunk-mnh2s-3748177197, networkLocation: /default-rack, certSerialId: null}, Type:RATIS, Factor:THREE, State:CLOSED]
org.apache.hadoop.hdds.scm.pipeline.PipelineNotFoundException: PipelineID=2352ae7c-367f-43ff-a988-0e70a92ca2c7 not found
	at org.apache.hadoop.hdds.scm.pipeline.PipelineStateMap.getPipeline(PipelineStateMap.java:132)
	at org.apache.hadoop.hdds.scm.pipeline.PipelineStateMap.removePipeline(PipelineStateMap.java:322)
	at org.apache.hadoop.hdds.scm.pipeline.PipelineStateManager.removePipeline(PipelineStateManager.java:107)
	at org.apache.hadoop.hdds.scm.pipeline.SCMPipelineManager.removePipeline(SCMPipelineManager.java:423)
	at org.apache.hadoop.hdds.scm.pipeline.SCMPipelineManager.destroyPipeline(SCMPipelineManager.java:409)
	at org.apache.hadoop.hdds.scm.pipeline.SCMPipelineManager.lambda$finalizeAndDestroyPipeline$0(SCMPipelineManager.java:318)
	at org.apache.hadoop.utils.Scheduler.lambda$schedule$1(Scheduler.java:68)
	at java.util.concurrent.Executors$RunnableAdapter.call(Executors.java:511)
	at java.util.concurrent.FutureTask.run(FutureTask.java:266)
	at java.util.concurrent.ScheduledThreadPoolExecutor$ScheduledFutureTask.access$201(ScheduledThreadPoolExecutor.java:180)
	at java.util.concurrent.ScheduledThreadPoolExecutor$ScheduledFutureTask.run(ScheduledThreadPoolExecutor.java:293)
	at java.util.concurrent.ThreadPoolExecutor.runWorker(ThreadPoolExecutor.java:1149)
	at java.util.concurrent.ThreadPoolExecutor$Worker.run(ThreadPoolExecutor.java:624)
	at java.lang.Thread.run(Thread.java:748)
 0.00% |█                                                                                                    |  0/1 Time: 0:03:112019-09-17 12:56:04,878 [grpc-default-executor-9] INFO  impl.RaftServerProxy (RaftServerProxy.java:remove(95)) - 5e893e0a-56f7-4618-9f46-a6ff48173cb6: remove group-0E70A92CA2C7:null
2019-09-17 12:56:04,881 [RatisPipelineUtilsThread] WARN  pipeline.RatisPipelineUtils (RatisPipelineUtils.java:destroyPipeline(66)) - Pipeline destroy failed for pipeline=PipelineID=2352ae7c-367f-43ff-a988-0e70a92ca2c7 dn=5e893e0a-56f7-4618-9f46-a6ff48173cb6{ip: 192.168.5.153, host: pr-hdds-2137-trunk-mnh2s-3748177197, networkLocation: /default-rack, certSerialId: null}
2019-09-17 12:56:04,883 [grpc-default-executor-9] INFO  impl.RaftServerProxy (RaftServerProxy.java:remove(95)) - 84ab4d91-000c-4523-9c5f-2c204b5f6601: remove group-0E70A92CA2C7:null
2019-09-17 12:56:04,885 [RatisPipelineUtilsThread] WARN  pipeline.RatisPipelineUtils (RatisPipelineUtils.java:destroyPipeline(66)) - Pipeline destroy failed for pipeline=PipelineID=2352ae7c-367f-43ff-a988-0e70a92ca2c7 dn=84ab4d91-000c-4523-9c5f-2c204b5f6601{ip: 192.168.5.153, host: pr-hdds-2137-trunk-mnh2s-3748177197, networkLocation: /default-rack, certSerialId: null}
2019-09-17 12:56:04,886 [grpc-default-executor-9] INFO  impl.RaftServerProxy (RaftServerProxy.java:remove(95)) - f7ede272-a28a-44e0-9552-15581fc2de04: remove group-0E70A92CA2C7:null
2019-09-17 12:56:04,888 [RatisPipelineUtilsThread] WARN  pipeline.RatisPipelineUtils (RatisPipelineUtils.java:destroyPipeline(66)) - Pipeline destroy failed for pipeline=PipelineID=2352ae7c-367f-43ff-a988-0e70a92ca2c7 dn=f7ede272-a28a-44e0-9552-15581fc2de04{ip: 192.168.5.153, host: pr-hdds-2137-trunk-mnh2s-3748177197, networkLocation: /default-rack, certSerialId: null}
2019-09-17 12:56:04,888 [RatisPipelineUtilsThread] ERROR pipeline.SCMPipelineManager (Scheduler.java:lambda$schedule$1(70)) - Destroy pipeline failed for pipeline:Pipeline[ Id: 2352ae7c-367f-43ff-a988-0e70a92ca2c7, Nodes: 5e893e0a-56f7-4618-9f46-a6ff48173cb6{ip: 192.168.5.153, host: pr-hdds-2137-trunk-mnh2s-3748177197, networkLocation: /default-rack, certSerialId: null}84ab4d91-000c-4523-9c5f-2c204b5f6601{ip: 192.168.5.153, host: pr-hdds-2137-trunk-mnh2s-3748177197, networkLocation: /default-rack, certSerialId: null}f7ede272-a28a-44e0-9552-15581fc2de04{ip: 192.168.5.153, host: pr-hdds-2137-trunk-mnh2s-3748177197, networkLocation: /default-rack, certSerialId: null}, Type:RATIS, Factor:THREE, State:CLOSED]
org.apache.hadoop.hdds.scm.pipeline.PipelineNotFoundException: PipelineID=2352ae7c-367f-43ff-a988-0e70a92ca2c7 not found
	at org.apache.hadoop.hdds.scm.pipeline.PipelineStateMap.getPipeline(PipelineStateMap.java:132)
	at org.apache.hadoop.hdds.scm.pipeline.PipelineStateMap.removePipeline(PipelineStateMap.java:322)
	at org.apache.hadoop.hdds.scm.pipeline.PipelineStateManager.removePipeline(PipelineStateManager.java:107)
	at org.apache.hadoop.hdds.scm.pipeline.SCMPipelineManager.removePipeline(SCMPipelineManager.java:423)
	at org.apache.hadoop.hdds.scm.pipeline.SCMPipelineManager.destroyPipeline(SCMPipelineManager.java:409)
	at org.apache.hadoop.hdds.scm.pipeline.SCMPipelineManager.lambda$finalizeAndDestroyPipeline$0(SCMPipelineManager.java:318)
	at org.apache.hadoop.utils.Scheduler.lambda$schedule$1(Scheduler.java:68)
	at java.util.concurrent.Executors$RunnableAdapter.call(Executors.java:511)
	at java.util.concurrent.FutureTask.run(FutureTask.java:266)
	at java.util.concurrent.ScheduledThreadPoolExecutor$ScheduledFutureTask.access$201(ScheduledThreadPoolExecutor.java:180)
	at java.util.concurrent.ScheduledThreadPoolExecutor$ScheduledFutureTask.run(ScheduledThreadPoolExecutor.java:293)
	at java.util.concurrent.ThreadPoolExecutor.runWorker(ThreadPoolExecutor.java:1149)
	at java.util.concurrent.ThreadPoolExecutor$Worker.run(ThreadPoolExecutor.java:624)
	at java.lang.Thread.run(Thread.java:748)
 0.00% |█                                                                                                    |  0/1 Time: 0:03:122019-09-17 12:56:05,097 [java.util.concurrent.ThreadPoolExecutor$Worker@4be7cde4[State = -1, empty queue]] WARN  server.GrpcLogAppender (GrpcLogAppender.java:timeoutAppendRequest(200)) - f7ede272-a28a-44e0-9552-15581fc2de04@group-F4D2F7B62D29->84ab4d91-000c-4523-9c5f-2c204b5f6601-GrpcLogAppender: appendEntries Timeout, request=f7ede272-a28a-44e0-9552-15581fc2de04->84ab4d91-000c-4523-9c5f-2c204b5f6601#42-t1, previous=(t:1, i:16), leaderCommit=16, initializing? false, entries: size=1, first=(t:1, i:17), STATEMACHINELOGENTRY, client-F9FFF08073A2, cid=376
2019-09-17 12:56:05,097 [java.util.concurrent.ThreadPoolExecutor$Worker@4be7cde4[State = -1, empty queue]] WARN  server.GrpcLogAppender (GrpcLogAppender.java:timeoutAppendRequest(200)) - f7ede272-a28a-44e0-9552-15581fc2de04@group-F4D2F7B62D29->84ab4d91-000c-4523-9c5f-2c204b5f6601-GrpcLogAppender: appendEntries Timeout, request=f7ede272-a28a-44e0-9552-15581fc2de04->84ab4d91-000c-4523-9c5f-2c204b5f6601#43-t1, previous=(t:1, i:17), leaderCommit=16, initializing? false, entries: size=1, first=(t:1, i:18), STATEMACHINELOGENTRY, client-F9FFF08073A2, cid=377
2019-09-17 12:56:05,101 [java.util.concurrent.ThreadPoolExecutor$Worker@4be7cde4[State = -1, empty queue]] WARN  server.GrpcLogAppender (GrpcLogAppender.java:timeoutAppendRequest(200)) - f7ede272-a28a-44e0-9552-15581fc2de04@group-F4D2F7B62D29->84ab4d91-000c-4523-9c5f-2c204b5f6601-GrpcLogAppender: appendEntries Timeout, request=f7ede272-a28a-44e0-9552-15581fc2de04->84ab4d91-000c-4523-9c5f-2c204b5f6601#44-t1, previous=(t:1, i:18), leaderCommit=16, initializing? false, entries: size=1, first=(t:1, i:19), STATEMACHINELOGENTRY, client-F9FFF08073A2, cid=378
2019-09-17 12:56:05,101 [java.util.concurrent.ThreadPoolExecutor$Worker@4be7cde4[State = -1, empty queue]] WARN  server.GrpcLogAppender (GrpcLogAppender.java:timeoutAppendRequest(200)) - f7ede272-a28a-44e0-9552-15581fc2de04@group-F4D2F7B62D29->84ab4d91-000c-4523-9c5f-2c204b5f6601-GrpcLogAppender: appendEntries Timeout, request=f7ede272-a28a-44e0-9552-15581fc2de04->84ab4d91-000c-4523-9c5f-2c204b5f6601#45-t1, previous=(t:1, i:19), leaderCommit=16, initializing? false, entries: size=1, first=(t:1, i:20), STATEMACHINELOGENTRY, client-F9FFF08073A2, cid=379
2019-09-17 12:56:05,268 [java.util.concurrent.ThreadPoolExecutor$Worker@4be7cde4[State = -1, empty queue]] WARN  server.GrpcLogAppender (GrpcLogAppender.java:timeoutAppendRequest(200)) - f7ede272-a28a-44e0-9552-15581fc2de04@group-F4D2F7B62D29->84ab4d91-000c-4523-9c5f-2c204b5f6601-GrpcLogAppender: appendEntries Timeout, request=f7ede272-a28a-44e0-9552-15581fc2de04->84ab4d91-000c-4523-9c5f-2c204b5f6601#46-t1, previous=(t:1, i:20), leaderCommit=20, initializing? false, entries: size=1, first=(t:1, i:21), METADATAENTRY(c17)
2019-09-17 12:56:05,268 [java.util.concurrent.ThreadPoolExecutor$Worker@4be7cde4[State = -1, empty queue]] WARN  server.GrpcLogAppender (GrpcLogAppender.java:timeoutAppendRequest(200)) - f7ede272-a28a-44e0-9552-15581fc2de04@group-F4D2F7B62D29->84ab4d91-000c-4523-9c5f-2c204b5f6601-GrpcLogAppender: appendEntries Timeout, request=f7ede272-a28a-44e0-9552-15581fc2de04->84ab4d91-000c-4523-9c5f-2c204b5f6601#47-t1, previous=(t:1, i:21), leaderCommit=20, initializing? false, entries: size=1, first=(t:1, i:22), METADATAENTRY(c20)
 0.00% |█                                                                                                    |  0/1 Time: 0:03:13 0.00% |█                                                                                                    |  0/1 Time: 0:03:142019-09-17 12:56:07,769 [java.util.concurrent.ThreadPoolExecutor$Worker@4be7cde4[State = -1, empty queue]] WARN  server.GrpcLogAppender (GrpcLogAppender.java:timeoutAppendRequest(200)) - f7ede272-a28a-44e0-9552-15581fc2de04@group-F4D2F7B62D29->84ab4d91-000c-4523-9c5f-2c204b5f6601-GrpcLogAppender: appendEntries Timeout, request=f7ede272-a28a-44e0-9552-15581fc2de04->84ab4d91-000c-4523-9c5f-2c204b5f6601#48-t1, previous=(t:1, i:22), leaderCommit=22, initializing? false, entries: <empty>
2019-09-17 12:56:07,891 [grpc-default-executor-9] INFO  impl.RaftServerProxy (RaftServerProxy.java:remove(95)) - 5e893e0a-56f7-4618-9f46-a6ff48173cb6: remove group-0E70A92CA2C7:null
2019-09-17 12:56:07,898 [RatisPipelineUtilsThread] WARN  pipeline.RatisPipelineUtils (RatisPipelineUtils.java:destroyPipeline(66)) - Pipeline destroy failed for pipeline=PipelineID=2352ae7c-367f-43ff-a988-0e70a92ca2c7 dn=5e893e0a-56f7-4618-9f46-a6ff48173cb6{ip: 192.168.5.153, host: pr-hdds-2137-trunk-mnh2s-3748177197, networkLocation: /default-rack, certSerialId: null}
2019-09-17 12:56:07,900 [grpc-default-executor-9] INFO  impl.RaftServerProxy (RaftServerProxy.java:remove(95)) - 84ab4d91-000c-4523-9c5f-2c204b5f6601: remove group-0E70A92CA2C7:null
2019-09-17 12:56:07,903 [RatisPipelineUtilsThread] WARN  pipeline.RatisPipelineUtils (RatisPipelineUtils.java:destroyPipeline(66)) - Pipeline destroy failed for pipeline=PipelineID=2352ae7c-367f-43ff-a988-0e70a92ca2c7 dn=84ab4d91-000c-4523-9c5f-2c204b5f6601{ip: 192.168.5.153, host: pr-hdds-2137-trunk-mnh2s-3748177197, networkLocation: /default-rack, certSerialId: null}
2019-09-17 12:56:07,906 [grpc-default-executor-9] INFO  impl.RaftServerProxy (RaftServerProxy.java:remove(95)) - f7ede272-a28a-44e0-9552-15581fc2de04: remove group-0E70A92CA2C7:null
2019-09-17 12:56:07,908 [RatisPipelineUtilsThread] WARN  pipeline.RatisPipelineUtils (RatisPipelineUtils.java:destroyPipeline(66)) - Pipeline destroy failed for pipeline=PipelineID=2352ae7c-367f-43ff-a988-0e70a92ca2c7 dn=f7ede272-a28a-44e0-9552-15581fc2de04{ip: 192.168.5.153, host: pr-hdds-2137-trunk-mnh2s-3748177197, networkLocation: /default-rack, certSerialId: null}
2019-09-17 12:56:07,908 [RatisPipelineUtilsThread] ERROR pipeline.SCMPipelineManager (Scheduler.java:lambda$schedule$1(70)) - Destroy pipeline failed for pipeline:Pipeline[ Id: 2352ae7c-367f-43ff-a988-0e70a92ca2c7, Nodes: 5e893e0a-56f7-4618-9f46-a6ff48173cb6{ip: 192.168.5.153, host: pr-hdds-2137-trunk-mnh2s-3748177197, networkLocation: /default-rack, certSerialId: null}84ab4d91-000c-4523-9c5f-2c204b5f6601{ip: 192.168.5.153, host: pr-hdds-2137-trunk-mnh2s-3748177197, networkLocation: /default-rack, certSerialId: null}f7ede272-a28a-44e0-9552-15581fc2de04{ip: 192.168.5.153, host: pr-hdds-2137-trunk-mnh2s-3748177197, networkLocation: /default-rack, certSerialId: null}, Type:RATIS, Factor:THREE, State:CLOSED]
org.apache.hadoop.hdds.scm.pipeline.PipelineNotFoundException: PipelineID=2352ae7c-367f-43ff-a988-0e70a92ca2c7 not found
	at org.apache.hadoop.hdds.scm.pipeline.PipelineStateMap.getPipeline(PipelineStateMap.java:132)
	at org.apache.hadoop.hdds.scm.pipeline.PipelineStateMap.removePipeline(PipelineStateMap.java:322)
	at org.apache.hadoop.hdds.scm.pipeline.PipelineStateManager.removePipeline(PipelineStateManager.java:107)
	at org.apache.hadoop.hdds.scm.pipeline.SCMPipelineManager.removePipeline(SCMPipelineManager.java:423)
	at org.apache.hadoop.hdds.scm.pipeline.SCMPipelineManager.destroyPipeline(SCMPipelineManager.java:409)
	at org.apache.hadoop.hdds.scm.pipeline.SCMPipelineManager.lambda$finalizeAndDestroyPipeline$0(SCMPipelineManager.java:318)
	at org.apache.hadoop.utils.Scheduler.lambda$schedule$1(Scheduler.java:68)
	at java.util.concurrent.Executors$RunnableAdapter.call(Executors.java:511)
	at java.util.concurrent.FutureTask.run(FutureTask.java:266)
	at java.util.concurrent.ScheduledThreadPoolExecutor$ScheduledFutureTask.access$201(ScheduledThreadPoolExecutor.java:180)
	at java.util.concurrent.ScheduledThreadPoolExecutor$ScheduledFutureTask.run(ScheduledThreadPoolExecutor.java:293)
	at java.util.concurrent.ThreadPoolExecutor.runWorker(ThreadPoolExecutor.java:1149)
	at java.util.concurrent.ThreadPoolExecutor$Worker.run(ThreadPoolExecutor.java:624)
	at java.lang.Thread.run(Thread.java:748)
 0.00% |█                                                                                                    |  0/1 Time: 0:03:15 0.00% |█                                                                                                    |  0/1 Time: 0:03:162019-09-17 12:56:09,885 [grpc-default-executor-9] INFO  impl.RaftServerProxy (RaftServerProxy.java:remove(95)) - 5e893e0a-56f7-4618-9f46-a6ff48173cb6: remove group-0E70A92CA2C7:null
2019-09-17 12:56:09,889 [RatisPipelineUtilsThread] WARN  pipeline.RatisPipelineUtils (RatisPipelineUtils.java:destroyPipeline(66)) - Pipeline destroy failed for pipeline=PipelineID=2352ae7c-367f-43ff-a988-0e70a92ca2c7 dn=5e893e0a-56f7-4618-9f46-a6ff48173cb6{ip: 192.168.5.153, host: pr-hdds-2137-trunk-mnh2s-3748177197, networkLocation: /default-rack, certSerialId: null}
2019-09-17 12:56:09,892 [grpc-default-executor-9] INFO  impl.RaftServerProxy (RaftServerProxy.java:remove(95)) - 84ab4d91-000c-4523-9c5f-2c204b5f6601: remove group-0E70A92CA2C7:null
2019-09-17 12:56:09,894 [RatisPipelineUtilsThread] WARN  pipeline.RatisPipelineUtils (RatisPipelineUtils.java:destroyPipeline(66)) - Pipeline destroy failed for pipeline=PipelineID=2352ae7c-367f-43ff-a988-0e70a92ca2c7 dn=84ab4d91-000c-4523-9c5f-2c204b5f6601{ip: 192.168.5.153, host: pr-hdds-2137-trunk-mnh2s-3748177197, networkLocation: /default-rack, certSerialId: null}
2019-09-17 12:56:09,896 [grpc-default-executor-9] INFO  impl.RaftServerProxy (RaftServerProxy.java:remove(95)) - f7ede272-a28a-44e0-9552-15581fc2de04: remove group-0E70A92CA2C7:null
2019-09-17 12:56:09,897 [RatisPipelineUtilsThread] WARN  pipeline.RatisPipelineUtils (RatisPipelineUtils.java:destroyPipeline(66)) - Pipeline destroy failed for pipeline=PipelineID=2352ae7c-367f-43ff-a988-0e70a92ca2c7 dn=f7ede272-a28a-44e0-9552-15581fc2de04{ip: 192.168.5.153, host: pr-hdds-2137-trunk-mnh2s-3748177197, networkLocation: /default-rack, certSerialId: null}
2019-09-17 12:56:09,898 [RatisPipelineUtilsThread] ERROR pipeline.SCMPipelineManager (Scheduler.java:lambda$schedule$1(70)) - Destroy pipeline failed for pipeline:Pipeline[ Id: 2352ae7c-367f-43ff-a988-0e70a92ca2c7, Nodes: 5e893e0a-56f7-4618-9f46-a6ff48173cb6{ip: 192.168.5.153, host: pr-hdds-2137-trunk-mnh2s-3748177197, networkLocation: /default-rack, certSerialId: null}84ab4d91-000c-4523-9c5f-2c204b5f6601{ip: 192.168.5.153, host: pr-hdds-2137-trunk-mnh2s-3748177197, networkLocation: /default-rack, certSerialId: null}f7ede272-a28a-44e0-9552-15581fc2de04{ip: 192.168.5.153, host: pr-hdds-2137-trunk-mnh2s-3748177197, networkLocation: /default-rack, certSerialId: null}, Type:RATIS, Factor:THREE, State:CLOSED]
org.apache.hadoop.hdds.scm.pipeline.PipelineNotFoundException: PipelineID=2352ae7c-367f-43ff-a988-0e70a92ca2c7 not found
	at org.apache.hadoop.hdds.scm.pipeline.PipelineStateMap.getPipeline(PipelineStateMap.java:132)
	at org.apache.hadoop.hdds.scm.pipeline.PipelineStateMap.removePipeline(PipelineStateMap.java:322)
	at org.apache.hadoop.hdds.scm.pipeline.PipelineStateManager.removePipeline(PipelineStateManager.java:107)
	at org.apache.hadoop.hdds.scm.pipeline.SCMPipelineManager.removePipeline(SCMPipelineManager.java:423)
	at org.apache.hadoop.hdds.scm.pipeline.SCMPipelineManager.destroyPipeline(SCMPipelineManager.java:409)
	at org.apache.hadoop.hdds.scm.pipeline.SCMPipelineManager.lambda$finalizeAndDestroyPipeline$0(SCMPipelineManager.java:318)
	at org.apache.hadoop.utils.Scheduler.lambda$schedule$1(Scheduler.java:68)
	at java.util.concurrent.Executors$RunnableAdapter.call(Executors.java:511)
	at java.util.concurrent.FutureTask.run(FutureTask.java:266)
	at java.util.concurrent.ScheduledThreadPoolExecutor$ScheduledFutureTask.access$201(ScheduledThreadPoolExecutor.java:180)
	at java.util.concurrent.ScheduledThreadPoolExecutor$ScheduledFutureTask.run(ScheduledThreadPoolExecutor.java:293)
	at java.util.concurrent.ThreadPoolExecutor.runWorker(ThreadPoolExecutor.java:1149)
	at java.util.concurrent.ThreadPoolExecutor$Worker.run(ThreadPoolExecutor.java:624)
	at java.lang.Thread.run(Thread.java:748)
 0.00% |█                                                                                                    |  0/1 Time: 0:03:172019-09-17 12:56:10,270 [java.util.concurrent.ThreadPoolExecutor$Worker@4be7cde4[State = -1, empty queue]] WARN  server.GrpcLogAppender (GrpcLogAppender.java:timeoutAppendRequest(200)) - f7ede272-a28a-44e0-9552-15581fc2de04@group-F4D2F7B62D29->84ab4d91-000c-4523-9c5f-2c204b5f6601-GrpcLogAppender: appendEntries Timeout, request=f7ede272-a28a-44e0-9552-15581fc2de04->84ab4d91-000c-4523-9c5f-2c204b5f6601#49-t1, previous=(t:1, i:22), leaderCommit=22, initializing? false, entries: <empty>
 0.00% |█                                                                                                    |  0/1 Time: 0:03:18 0.00% |█                                                                                                    |  0/1 Time: 0:03:192019-09-17 12:56:12,263 [84ab4d91-000c-4523-9c5f-2c204b5f6601@group-F4D2F7B62D29-SegmentedRaftLogWorker] WARN  segmented.SegmentedRaftLogWorker (SegmentedRaftLogWorker.java:getFromFuture(90)) - Timeout 0/~
org.apache.ratis.protocol.TimeoutIOException: Timeout 10s: WriteLog:19: (t:1, i:19), STATEMACHINELOGENTRY, client-F9FFF08073A2, cid=378-writeStateMachineData
	at org.apache.ratis.util.IOUtils.getFromFuture(IOUtils.java:87)
	at org.apache.ratis.server.raftlog.segmented.SegmentedRaftLogWorker$StateMachineDataPolicy.getFromFuture(SegmentedRaftLogWorker.java:87)
	at org.apache.ratis.server.raftlog.segmented.SegmentedRaftLogWorker$WriteLog.execute(SegmentedRaftLogWorker.java:477)
	at org.apache.ratis.server.raftlog.segmented.SegmentedRaftLogWorker.run(SegmentedRaftLogWorker.java:289)
	at java.lang.Thread.run(Thread.java:748)
Caused by: java.util.concurrent.TimeoutException
	at java.util.concurrent.CompletableFuture.timedGet(CompletableFuture.java:1771)
	at java.util.concurrent.CompletableFuture.get(CompletableFuture.java:1915)
	at org.apache.ratis.util.IOUtils.getFromFuture(IOUtils.java:79)
	... 4 more
2019-09-17 12:56:12,771 [java.util.concurrent.ThreadPoolExecutor$Worker@4be7cde4[State = -1, empty queue]] WARN  server.GrpcLogAppender (GrpcLogAppender.java:timeoutAppendRequest(200)) - f7ede272-a28a-44e0-9552-15581fc2de04@group-F4D2F7B62D29->84ab4d91-000c-4523-9c5f-2c204b5f6601-GrpcLogAppender: appendEntries Timeout, request=f7ede272-a28a-44e0-9552-15581fc2de04->84ab4d91-000c-4523-9c5f-2c204b5f6601#50-t1, previous=(t:1, i:22), leaderCommit=22, initializing? false, entries: <empty>
2019-09-17 12:56:12,861 [Thread-2229] INFO  client.GrpcClientProtocolService (GrpcClientProtocolService.java:lambda$processClientRequest$0(278)) - Failed RaftClientRequest:client-F9FFF08073A2->f7ede272-a28a-44e0-9552-15581fc2de04@group-F4D2F7B62D29, cid=380, seq=0, Watch-ALL_COMMITTED(18), Message:<EMPTY>, reply=RaftClientReply:client-F9FFF08073A2->f7ede272-a28a-44e0-9552-15581fc2de04@group-F4D2F7B62D29, cid=380, FAILED org.apache.ratis.protocol.NotReplicatedException: Request with call Id 380 and log index 18 is not yet replicated to ALL_COMMITTED, logIndex=18, commits[f7ede272-a28a-44e0-9552-15581fc2de04:c22, 5e893e0a-56f7-4618-9f46-a6ff48173cb6:c22, 84ab4d91-000c-4523-9c5f-2c204b5f6601:c12]
2019-09-17 12:56:12,874 [grpc-default-executor-9] INFO  client.GrpcClientProtocolClient (GrpcClientProtocolClient.java:onNext(264)) - client-F9FFF08073A2->f7ede272-a28a-44e0-9552-15581fc2de04: receive RaftClientReply:client-F9FFF08073A2->f7ede272-a28a-44e0-9552-15581fc2de04@group-F4D2F7B62D29, cid=380, FAILED org.apache.ratis.protocol.NotReplicatedException: Request with call Id 380 and log index 18 is not yet replicated to ALL_COMMITTED, logIndex=18, commits[f7ede272-a28a-44e0-9552-15581fc2de04:c22, 5e893e0a-56f7-4618-9f46-a6ff48173cb6:c22, 84ab4d91-000c-4523-9c5f-2c204b5f6601:c12]
2019-09-17 12:56:12,883 [pool-62-thread-3] WARN  scm.XceiverClientRatis (XceiverClientRatis.java:watchForCommit(262)) - 3 way commit failed on pipeline Pipeline[ Id: 8376842e-df81-42ad-9dff-f4d2f7b62d29, Nodes: 5e893e0a-56f7-4618-9f46-a6ff48173cb6{ip: 192.168.5.153, host: pr-hdds-2137-trunk-mnh2s-3748177197, networkLocation: /default-rack, certSerialId: null}84ab4d91-000c-4523-9c5f-2c204b5f6601{ip: 192.168.5.153, host: pr-hdds-2137-trunk-mnh2s-3748177197, networkLocation: /default-rack, certSerialId: null}f7ede272-a28a-44e0-9552-15581fc2de04{ip: 192.168.5.153, host: pr-hdds-2137-trunk-mnh2s-3748177197, networkLocation: /default-rack, certSerialId: null}, Type:RATIS, Factor:THREE, State:OPEN]
java.util.concurrent.ExecutionException: org.apache.ratis.protocol.NotReplicatedException: Request with call Id 380 and log index 18 is not yet replicated to ALL_COMMITTED
	at java.util.concurrent.CompletableFuture.reportGet(CompletableFuture.java:357)
	at java.util.concurrent.CompletableFuture.get(CompletableFuture.java:1915)
	at org.apache.hadoop.hdds.scm.XceiverClientRatis.watchForCommit(XceiverClientRatis.java:259)
	at org.apache.hadoop.hdds.scm.storage.CommitWatcher.watchForCommit(CommitWatcher.java:194)
	at org.apache.hadoop.hdds.scm.storage.CommitWatcher.watchOnFirstIndex(CommitWatcher.java:135)
	at org.apache.hadoop.hdds.scm.storage.BlockOutputStream.watchForCommit(BlockOutputStream.java:347)
	at org.apache.hadoop.hdds.scm.storage.BlockOutputStream.handleFullBuffer(BlockOutputStream.java:324)
	at org.apache.hadoop.hdds.scm.storage.BlockOutputStream.write(BlockOutputStream.java:251)
	at org.apache.hadoop.ozone.client.io.BlockOutputStreamEntry.write(BlockOutputStreamEntry.java:129)
	at org.apache.hadoop.ozone.client.io.KeyOutputStream.handleWrite(KeyOutputStream.java:211)
	at org.apache.hadoop.ozone.client.io.KeyOutputStream.write(KeyOutputStream.java:193)
	at org.apache.hadoop.ozone.client.io.OzoneOutputStream.write(OzoneOutputStream.java:49)
	at org.apache.hadoop.ozone.freon.RandomKeyGenerator.createKey(RandomKeyGenerator.java:708)
	at org.apache.hadoop.ozone.freon.RandomKeyGenerator.access$1100(RandomKeyGenerator.java:88)
	at org.apache.hadoop.ozone.freon.RandomKeyGenerator$ObjectCreator.run(RandomKeyGenerator.java:615)
	at java.util.concurrent.Executors$RunnableAdapter.call(Executors.java:511)
	at java.util.concurrent.FutureTask.run(FutureTask.java:266)
	at java.util.concurrent.ThreadPoolExecutor.runWorker(ThreadPoolExecutor.java:1149)
	at java.util.concurrent.ThreadPoolExecutor$Worker.run(ThreadPoolExecutor.java:624)
	at java.lang.Thread.run(Thread.java:748)
Caused by: org.apache.ratis.protocol.NotReplicatedException: Request with call Id 380 and log index 18 is not yet replicated to ALL_COMMITTED
	at org.apache.ratis.client.impl.ClientProtoUtils.toRaftClientReply(ClientProtoUtils.java:246)
	at org.apache.ratis.grpc.client.GrpcClientProtocolClient$AsyncStreamObservers$1.onNext(GrpcClientProtocolClient.java:263)
	at org.apache.ratis.grpc.client.GrpcClientProtocolClient$AsyncStreamObservers$1.onNext(GrpcClientProtocolClient.java:258)
	at org.apache.ratis.thirdparty.io.grpc.stub.ClientCalls$StreamObserverToCallListenerAdapter.onMessage(ClientCalls.java:421)
	at org.apache.ratis.thirdparty.io.grpc.ForwardingClientCallListener.onMessage(ForwardingClientCallListener.java:33)
	at org.apache.ratis.thirdparty.io.grpc.ForwardingClientCallListener.onMessage(ForwardingClientCallListener.java:33)
	at org.apache.ratis.thirdparty.io.grpc.internal.ClientCallImpl$ClientStreamListenerImpl$1MessagesAvailable.runInContext(ClientCallImpl.java:519)
	at org.apache.ratis.thirdparty.io.grpc.internal.ContextRunnable.run(ContextRunnable.java:37)
	at org.apache.ratis.thirdparty.io.grpc.internal.SerializingExecutor.run(SerializingExecutor.java:123)
	... 3 more
2019-09-17 12:56:12,892 [grpc-default-executor-5] INFO  client.GrpcClientProtocolClient (GrpcClientProtocolClient.java:onNext(264)) - client-F9FFF08073A2->f7ede272-a28a-44e0-9552-15581fc2de04: receive RaftClientReply:client-F9FFF08073A2->f7ede272-a28a-44e0-9552-15581fc2de04@group-F4D2F7B62D29, cid=393, SUCCESS, logIndex=0, commits[f7ede272-a28a-44e0-9552-15581fc2de04:c22, 5e893e0a-56f7-4618-9f46-a6ff48173cb6:c22, 84ab4d91-000c-4523-9c5f-2c204b5f6601:c12]
2019-09-17 12:56:12,899 [pool-62-thread-3] INFO  scm.XceiverClientRatis (XceiverClientRatis.java:lambda$watchForCommit$7(280)) - Could not commit index 18 on pipeline Pipeline[ Id: 8376842e-df81-42ad-9dff-f4d2f7b62d29, Nodes: 5e893e0a-56f7-4618-9f46-a6ff48173cb6{ip: 192.168.5.153, host: pr-hdds-2137-trunk-mnh2s-3748177197, networkLocation: /default-rack, certSerialId: null}84ab4d91-000c-4523-9c5f-2c204b5f6601{ip: 192.168.5.153, host: pr-hdds-2137-trunk-mnh2s-3748177197, networkLocation: /default-rack, certSerialId: null}f7ede272-a28a-44e0-9552-15581fc2de04{ip: 192.168.5.153, host: pr-hdds-2137-trunk-mnh2s-3748177197, networkLocation: /default-rack, certSerialId: null}, Type:RATIS, Factor:THREE, State:OPEN] to all the nodes. Server 84ab4d91-000c-4523-9c5f-2c204b5f6601 has failed. Committed by majority.
2019-09-17 12:56:12,901 [pool-62-thread-3] WARN  storage.BlockOutputStream (BlockOutputStream.java:watchForCommit(353)) - Failed to commit BlockId conID: 12 locID: 102807959115268114 bcsId: 20 on Pipeline[ Id: 8376842e-df81-42ad-9dff-f4d2f7b62d29, Nodes: 5e893e0a-56f7-4618-9f46-a6ff48173cb6{ip: 192.168.5.153, host: pr-hdds-2137-trunk-mnh2s-3748177197, networkLocation: /default-rack, certSerialId: null}84ab4d91-000c-4523-9c5f-2c204b5f6601{ip: 192.168.5.153, host: pr-hdds-2137-trunk-mnh2s-3748177197, networkLocation: /default-rack, certSerialId: null}f7ede272-a28a-44e0-9552-15581fc2de04{ip: 192.168.5.153, host: pr-hdds-2137-trunk-mnh2s-3748177197, networkLocation: /default-rack, certSerialId: null}, Type:RATIS, Factor:THREE, State:OPEN]. Failed nodes: [84ab4d91-000c-4523-9c5f-2c204b5f6601{ip: null, host: null, networkLocation: /default-rack, certSerialId: null}]
2019-09-17 12:56:12,902 [grpc-default-executor-9] INFO  impl.RaftServerProxy (RaftServerProxy.java:remove(95)) - 5e893e0a-56f7-4618-9f46-a6ff48173cb6: remove group-0E70A92CA2C7:null
2019-09-17 12:56:12,907 [RatisPipelineUtilsThread] WARN  pipeline.RatisPipelineUtils (RatisPipelineUtils.java:destroyPipeline(66)) - Pipeline destroy failed for pipeline=PipelineID=2352ae7c-367f-43ff-a988-0e70a92ca2c7 dn=5e893e0a-56f7-4618-9f46-a6ff48173cb6{ip: 192.168.5.153, host: pr-hdds-2137-trunk-mnh2s-3748177197, networkLocation: /default-rack, certSerialId: null}
2019-09-17 12:56:12,910 [grpc-default-executor-9] INFO  impl.RaftServerProxy (RaftServerProxy.java:remove(95)) - 84ab4d91-000c-4523-9c5f-2c204b5f6601: remove group-0E70A92CA2C7:null
2019-09-17 12:56:12,912 [RatisPipelineUtilsThread] WARN  pipeline.RatisPipelineUtils (RatisPipelineUtils.java:destroyPipeline(66)) - Pipeline destroy failed for pipeline=PipelineID=2352ae7c-367f-43ff-a988-0e70a92ca2c7 dn=84ab4d91-000c-4523-9c5f-2c204b5f6601{ip: 192.168.5.153, host: pr-hdds-2137-trunk-mnh2s-3748177197, networkLocation: /default-rack, certSerialId: null}
2019-09-17 12:56:12,914 [grpc-default-executor-5] INFO  impl.RaftServerProxy (RaftServerProxy.java:remove(95)) - f7ede272-a28a-44e0-9552-15581fc2de04: remove group-0E70A92CA2C7:null
2019-09-17 12:56:12,916 [RatisPipelineUtilsThread] WARN  pipeline.RatisPipelineUtils (RatisPipelineUtils.java:destroyPipeline(66)) - Pipeline destroy failed for pipeline=PipelineID=2352ae7c-367f-43ff-a988-0e70a92ca2c7 dn=f7ede272-a28a-44e0-9552-15581fc2de04{ip: 192.168.5.153, host: pr-hdds-2137-trunk-mnh2s-3748177197, networkLocation: /default-rack, certSerialId: null}
2019-09-17 12:56:12,916 [RatisPipelineUtilsThread] ERROR pipeline.SCMPipelineManager (Scheduler.java:lambda$schedule$1(70)) - Destroy pipeline failed for pipeline:Pipeline[ Id: 2352ae7c-367f-43ff-a988-0e70a92ca2c7, Nodes: 5e893e0a-56f7-4618-9f46-a6ff48173cb6{ip: 192.168.5.153, host: pr-hdds-2137-trunk-mnh2s-3748177197, networkLocation: /default-rack, certSerialId: null}84ab4d91-000c-4523-9c5f-2c204b5f6601{ip: 192.168.5.153, host: pr-hdds-2137-trunk-mnh2s-3748177197, networkLocation: /default-rack, certSerialId: null}f7ede272-a28a-44e0-9552-15581fc2de04{ip: 192.168.5.153, host: pr-hdds-2137-trunk-mnh2s-3748177197, networkLocation: /default-rack, certSerialId: null}, Type:RATIS, Factor:THREE, State:CLOSED]
org.apache.hadoop.hdds.scm.pipeline.PipelineNotFoundException: PipelineID=2352ae7c-367f-43ff-a988-0e70a92ca2c7 not found
	at org.apache.hadoop.hdds.scm.pipeline.PipelineStateMap.getPipeline(PipelineStateMap.java:132)
	at org.apache.hadoop.hdds.scm.pipeline.PipelineStateMap.removePipeline(PipelineStateMap.java:322)
	at org.apache.hadoop.hdds.scm.pipeline.PipelineStateManager.removePipeline(PipelineStateManager.java:107)
	at org.apache.hadoop.hdds.scm.pipeline.SCMPipelineManager.removePipeline(SCMPipelineManager.java:423)
	at org.apache.hadoop.hdds.scm.pipeline.SCMPipelineManager.destroyPipeline(SCMPipelineManager.java:409)
	at org.apache.hadoop.hdds.scm.pipeline.SCMPipelineManager.lambda$finalizeAndDestroyPipeline$0(SCMPipelineManager.java:318)
	at org.apache.hadoop.utils.Scheduler.lambda$schedule$1(Scheduler.java:68)
	at java.util.concurrent.Executors$RunnableAdapter.call(Executors.java:511)
	at java.util.concurrent.FutureTask.run(FutureTask.java:266)
	at java.util.concurrent.ScheduledThreadPoolExecutor$ScheduledFutureTask.access$201(ScheduledThreadPoolExecutor.java:180)
	at java.util.concurrent.ScheduledThreadPoolExecutor$ScheduledFutureTask.run(ScheduledThreadPoolExecutor.java:293)
	at java.util.concurrent.ThreadPoolExecutor.runWorker(ThreadPoolExecutor.java:1149)
	at java.util.concurrent.ThreadPoolExecutor$Worker.run(ThreadPoolExecutor.java:624)
	at java.lang.Thread.run(Thread.java:748)
 0.00% |█                                                                                                    |  0/1 Time: 0:03:202019-09-17 12:56:12,937 [grpc-default-executor-9] INFO  client.GrpcClientProtocolClient (GrpcClientProtocolClient.java:onNext(264)) - client-F9FFF08073A2->f7ede272-a28a-44e0-9552-15581fc2de04: receive RaftClientReply:client-F9FFF08073A2->f7ede272-a28a-44e0-9552-15581fc2de04@group-F4D2F7B62D29, cid=396, SUCCESS, logIndex=23, commits[f7ede272-a28a-44e0-9552-15581fc2de04:c24, 5e893e0a-56f7-4618-9f46-a6ff48173cb6:c22, 84ab4d91-000c-4523-9c5f-2c204b5f6601:c12]
2019-09-17 12:56:12,938 [grpc-default-executor-9] INFO  client.GrpcClientProtocolClient (GrpcClientProtocolClient.java:onNext(264)) - client-F9FFF08073A2->f7ede272-a28a-44e0-9552-15581fc2de04: receive RaftClientReply:client-F9FFF08073A2->f7ede272-a28a-44e0-9552-15581fc2de04@group-F4D2F7B62D29, cid=397, SUCCESS, logIndex=24, commits[f7ede272-a28a-44e0-9552-15581fc2de04:c24, 5e893e0a-56f7-4618-9f46-a6ff48173cb6:c22, 84ab4d91-000c-4523-9c5f-2c204b5f6601:c12]
2019-09-17 12:56:13,022 [grpc-default-executor-5] INFO  client.GrpcClientProtocolClient (GrpcClientProtocolClient.java:onNext(264)) - client-F9FFF08073A2->f7ede272-a28a-44e0-9552-15581fc2de04: receive RaftClientReply:client-F9FFF08073A2->f7ede272-a28a-44e0-9552-15581fc2de04@group-F4D2F7B62D29, cid=399, SUCCESS, logIndex=27, commits[f7ede272-a28a-44e0-9552-15581fc2de04:c28, 5e893e0a-56f7-4618-9f46-a6ff48173cb6:c26, 84ab4d91-000c-4523-9c5f-2c204b5f6601:c12]
2019-09-17 12:56:13,023 [grpc-default-executor-5] INFO  client.GrpcClientProtocolClient (GrpcClientProtocolClient.java:onNext(264)) - client-F9FFF08073A2->f7ede272-a28a-44e0-9552-15581fc2de04: receive RaftClientReply:client-F9FFF08073A2->f7ede272-a28a-44e0-9552-15581fc2de04@group-F4D2F7B62D29, cid=400, SUCCESS, logIndex=28, commits[f7ede272-a28a-44e0-9552-15581fc2de04:c28, 5e893e0a-56f7-4618-9f46-a6ff48173cb6:c26, 84ab4d91-000c-4523-9c5f-2c204b5f6601:c12]
 0.00% |█                                                                                                    |  0/1 Time: 0:03:212019-09-17 12:56:14,879 [grpc-default-executor-5] INFO  impl.RaftServerProxy (RaftServerProxy.java:remove(95)) - 5e893e0a-56f7-4618-9f46-a6ff48173cb6: remove group-0E70A92CA2C7:null
2019-09-17 12:56:14,881 [RatisPipelineUtilsThread] WARN  pipeline.RatisPipelineUtils (RatisPipelineUtils.java:destroyPipeline(66)) - Pipeline destroy failed for pipeline=PipelineID=2352ae7c-367f-43ff-a988-0e70a92ca2c7 dn=5e893e0a-56f7-4618-9f46-a6ff48173cb6{ip: 192.168.5.153, host: pr-hdds-2137-trunk-mnh2s-3748177197, networkLocation: /default-rack, certSerialId: null}
2019-09-17 12:56:14,883 [grpc-default-executor-5] INFO  impl.RaftServerProxy (RaftServerProxy.java:remove(95)) - 84ab4d91-000c-4523-9c5f-2c204b5f6601: remove group-0E70A92CA2C7:null
2019-09-17 12:56:14,885 [RatisPipelineUtilsThread] WARN  pipeline.RatisPipelineUtils (RatisPipelineUtils.java:destroyPipeline(66)) - Pipeline destroy failed for pipeline=PipelineID=2352ae7c-367f-43ff-a988-0e70a92ca2c7 dn=84ab4d91-000c-4523-9c5f-2c204b5f6601{ip: 192.168.5.153, host: pr-hdds-2137-trunk-mnh2s-3748177197, networkLocation: /default-rack, certSerialId: null}
2019-09-17 12:56:14,888 [grpc-default-executor-5] INFO  impl.RaftServerProxy (RaftServerProxy.java:remove(95)) - f7ede272-a28a-44e0-9552-15581fc2de04: remove group-0E70A92CA2C7:null
2019-09-17 12:56:14,889 [RatisPipelineUtilsThread] WARN  pipeline.RatisPipelineUtils (RatisPipelineUtils.java:destroyPipeline(66)) - Pipeline destroy failed for pipeline=PipelineID=2352ae7c-367f-43ff-a988-0e70a92ca2c7 dn=f7ede272-a28a-44e0-9552-15581fc2de04{ip: 192.168.5.153, host: pr-hdds-2137-trunk-mnh2s-3748177197, networkLocation: /default-rack, certSerialId: null}
2019-09-17 12:56:14,890 [RatisPipelineUtilsThread] ERROR pipeline.SCMPipelineManager (Scheduler.java:lambda$schedule$1(70)) - Destroy pipeline failed for pipeline:Pipeline[ Id: 2352ae7c-367f-43ff-a988-0e70a92ca2c7, Nodes: 5e893e0a-56f7-4618-9f46-a6ff48173cb6{ip: 192.168.5.153, host: pr-hdds-2137-trunk-mnh2s-3748177197, networkLocation: /default-rack, certSerialId: null}84ab4d91-000c-4523-9c5f-2c204b5f6601{ip: 192.168.5.153, host: pr-hdds-2137-trunk-mnh2s-3748177197, networkLocation: /default-rack, certSerialId: null}f7ede272-a28a-44e0-9552-15581fc2de04{ip: 192.168.5.153, host: pr-hdds-2137-trunk-mnh2s-3748177197, networkLocation: /default-rack, certSerialId: null}, Type:RATIS, Factor:THREE, State:CLOSED]
org.apache.hadoop.hdds.scm.pipeline.PipelineNotFoundException: PipelineID=2352ae7c-367f-43ff-a988-0e70a92ca2c7 not found
	at org.apache.hadoop.hdds.scm.pipeline.PipelineStateMap.getPipeline(PipelineStateMap.java:132)
	at org.apache.hadoop.hdds.scm.pipeline.PipelineStateMap.removePipeline(PipelineStateMap.java:322)
	at org.apache.hadoop.hdds.scm.pipeline.PipelineStateManager.removePipeline(PipelineStateManager.java:107)
	at org.apache.hadoop.hdds.scm.pipeline.SCMPipelineManager.removePipeline(SCMPipelineManager.java:423)
	at org.apache.hadoop.hdds.scm.pipeline.SCMPipelineManager.destroyPipeline(SCMPipelineManager.java:409)
	at org.apache.hadoop.hdds.scm.pipeline.SCMPipelineManager.lambda$finalizeAndDestroyPipeline$0(SCMPipelineManager.java:318)
	at org.apache.hadoop.utils.Scheduler.lambda$schedule$1(Scheduler.java:68)
	at java.util.concurrent.Executors$RunnableAdapter.call(Executors.java:511)
	at java.util.concurrent.FutureTask.run(FutureTask.java:266)
	at java.util.concurrent.ScheduledThreadPoolExecutor$ScheduledFutureTask.access$201(ScheduledThreadPoolExecutor.java:180)
	at java.util.concurrent.ScheduledThreadPoolExecutor$ScheduledFutureTask.run(ScheduledThreadPoolExecutor.java:293)
	at java.util.concurrent.ThreadPoolExecutor.runWorker(ThreadPoolExecutor.java:1149)
	at java.util.concurrent.ThreadPoolExecutor$Worker.run(ThreadPoolExecutor.java:624)
	at java.lang.Thread.run(Thread.java:748)
 0.00% |█                                                                                                    |  0/1 Time: 0:03:222019-09-17 12:56:15,273 [java.util.concurrent.ThreadPoolExecutor$Worker@4be7cde4[State = -1, empty queue]] WARN  server.GrpcLogAppender (GrpcLogAppender.java:timeoutAppendRequest(200)) - f7ede272-a28a-44e0-9552-15581fc2de04@group-F4D2F7B62D29->84ab4d91-000c-4523-9c5f-2c204b5f6601-GrpcLogAppender: appendEntries Timeout, request=f7ede272-a28a-44e0-9552-15581fc2de04->84ab4d91-000c-4523-9c5f-2c204b5f6601#51-t1, previous=(t:1, i:22), leaderCommit=22, initializing? false, entries: <empty>
2019-09-17 12:56:15,919 [java.util.concurrent.ThreadPoolExecutor$Worker@4be7cde4[State = -1, empty queue]] WARN  server.GrpcLogAppender (GrpcLogAppender.java:timeoutAppendRequest(200)) - f7ede272-a28a-44e0-9552-15581fc2de04@group-F4D2F7B62D29->84ab4d91-000c-4523-9c5f-2c204b5f6601-GrpcLogAppender: appendEntries Timeout, request=f7ede272-a28a-44e0-9552-15581fc2de04->84ab4d91-000c-4523-9c5f-2c204b5f6601#52-t1, previous=(t:1, i:22), leaderCommit=22, initializing? false, entries: size=1, first=(t:1, i:23), STATEMACHINELOGENTRY, client-F9FFF08073A2, cid=396
2019-09-17 12:56:15,919 [java.util.concurrent.ThreadPoolExecutor$Worker@4be7cde4[State = -1, empty queue]] WARN  server.GrpcLogAppender (GrpcLogAppender.java:timeoutAppendRequest(200)) - f7ede272-a28a-44e0-9552-15581fc2de04@group-F4D2F7B62D29->84ab4d91-000c-4523-9c5f-2c204b5f6601-GrpcLogAppender: appendEntries Timeout, request=f7ede272-a28a-44e0-9552-15581fc2de04->84ab4d91-000c-4523-9c5f-2c204b5f6601#53-t1, previous=(t:1, i:23), leaderCommit=22, initializing? false, entries: size=1, first=(t:1, i:24), STATEMACHINELOGENTRY, client-F9FFF08073A2, cid=397
 0.00% |█                                                                                                    |  0/1 Time: 0:03:232019-09-17 12:56:15,936 [java.util.concurrent.ThreadPoolExecutor$Worker@4be7cde4[State = -1, empty queue]] WARN  server.GrpcLogAppender (GrpcLogAppender.java:timeoutAppendRequest(200)) - f7ede272-a28a-44e0-9552-15581fc2de04@group-F4D2F7B62D29->84ab4d91-000c-4523-9c5f-2c204b5f6601-GrpcLogAppender: appendEntries Timeout, request=f7ede272-a28a-44e0-9552-15581fc2de04->84ab4d91-000c-4523-9c5f-2c204b5f6601#54-t1, previous=(t:1, i:24), leaderCommit=23, initializing? false, entries: size=1, first=(t:1, i:25), METADATAENTRY(c23)
2019-09-17 12:56:15,936 [java.util.concurrent.ThreadPoolExecutor$Worker@4be7cde4[State = -1, empty queue]] WARN  server.GrpcLogAppender (GrpcLogAppender.java:timeoutAppendRequest(200)) - f7ede272-a28a-44e0-9552-15581fc2de04@group-F4D2F7B62D29->84ab4d91-000c-4523-9c5f-2c204b5f6601-GrpcLogAppender: appendEntries Timeout, request=f7ede272-a28a-44e0-9552-15581fc2de04->84ab4d91-000c-4523-9c5f-2c204b5f6601#55-t1, previous=(t:1, i:25), leaderCommit=24, initializing? false, entries: size=1, first=(t:1, i:26), METADATAENTRY(c24)
2019-09-17 12:56:15,950 [java.util.concurrent.ThreadPoolExecutor$Worker@4be7cde4[State = -1, empty queue]] WARN  server.GrpcLogAppender (GrpcLogAppender.java:timeoutAppendRequest(200)) - f7ede272-a28a-44e0-9552-15581fc2de04@group-F4D2F7B62D29->84ab4d91-000c-4523-9c5f-2c204b5f6601-GrpcLogAppender: appendEntries Timeout, request=f7ede272-a28a-44e0-9552-15581fc2de04->84ab4d91-000c-4523-9c5f-2c204b5f6601#56-t1, previous=(t:1, i:26), leaderCommit=26, initializing? false, entries: size=1, first=(t:1, i:27), STATEMACHINELOGENTRY, client-F9FFF08073A2, cid=399
2019-09-17 12:56:15,950 [java.util.concurrent.ThreadPoolExecutor$Worker@4be7cde4[State = -1, empty queue]] WARN  server.GrpcLogAppender (GrpcLogAppender.java:timeoutAppendRequest(200)) - f7ede272-a28a-44e0-9552-15581fc2de04@group-F4D2F7B62D29->84ab4d91-000c-4523-9c5f-2c204b5f6601-GrpcLogAppender: appendEntries Timeout, request=f7ede272-a28a-44e0-9552-15581fc2de04->84ab4d91-000c-4523-9c5f-2c204b5f6601#57-t1, previous=(t:1, i:27), leaderCommit=26, initializing? false, entries: size=1, first=(t:1, i:28), STATEMACHINELOGENTRY, client-F9FFF08073A2, cid=400
2019-09-17 12:56:16,020 [java.util.concurrent.ThreadPoolExecutor$Worker@4be7cde4[State = -1, empty queue]] WARN  server.GrpcLogAppender (GrpcLogAppender.java:timeoutAppendRequest(200)) - f7ede272-a28a-44e0-9552-15581fc2de04@group-F4D2F7B62D29->84ab4d91-000c-4523-9c5f-2c204b5f6601-GrpcLogAppender: appendEntries Timeout, request=f7ede272-a28a-44e0-9552-15581fc2de04->84ab4d91-000c-4523-9c5f-2c204b5f6601#58-t1, previous=(t:1, i:28), leaderCommit=28, initializing? false, entries: size=1, first=(t:1, i:29), METADATAENTRY(c27)
2019-09-17 12:56:16,020 [java.util.concurrent.ThreadPoolExecutor$Worker@4be7cde4[State = -1, empty queue]] WARN  server.GrpcLogAppender (GrpcLogAppender.java:timeoutAppendRequest(200)) - f7ede272-a28a-44e0-9552-15581fc2de04@group-F4D2F7B62D29->84ab4d91-000c-4523-9c5f-2c204b5f6601-GrpcLogAppender: appendEntries Timeout, request=f7ede272-a28a-44e0-9552-15581fc2de04->84ab4d91-000c-4523-9c5f-2c204b5f6601#59-t1, previous=(t:1, i:29), leaderCommit=28, initializing? false, entries: size=1, first=(t:1, i:30), METADATAENTRY(c28)
2019-09-17 12:56:16,859 [Thread-2254] INFO  client.GrpcClientProtocolService (GrpcClientProtocolService.java:lambda$processClientRequest$0(278)) - Failed RaftClientRequest:client-F9FFF08073A2->f7ede272-a28a-44e0-9552-15581fc2de04@group-F4D2F7B62D29, cid=380, seq=0, Watch-ALL_COMMITTED(18), Message:<EMPTY>, reply=RaftClientReply:client-F9FFF08073A2->f7ede272-a28a-44e0-9552-15581fc2de04@group-F4D2F7B62D29, cid=380, FAILED org.apache.ratis.protocol.NotReplicatedException: Request with call Id 380 and log index 18 is not yet replicated to ALL_COMMITTED, logIndex=18, commits[f7ede272-a28a-44e0-9552-15581fc2de04:c30, 5e893e0a-56f7-4618-9f46-a6ff48173cb6:c30, 84ab4d91-000c-4523-9c5f-2c204b5f6601:c12]
2019-09-17 12:56:16,867 [grpc-default-executor-5] INFO  client.GrpcClientProtocolClient (GrpcClientProtocolClient.java:onNext(264)) - client-F9FFF08073A2->f7ede272-a28a-44e0-9552-15581fc2de04: receive RaftClientReply:client-F9FFF08073A2->f7ede272-a28a-44e0-9552-15581fc2de04@group-F4D2F7B62D29, cid=380, FAILED org.apache.ratis.protocol.NotReplicatedException: Request with call Id 380 and log index 18 is not yet replicated to ALL_COMMITTED, logIndex=18, commits[f7ede272-a28a-44e0-9552-15581fc2de04:c30, 5e893e0a-56f7-4618-9f46-a6ff48173cb6:c30, 84ab4d91-000c-4523-9c5f-2c204b5f6601:c12]
 0.00% |█                                                                                                    |  0/1 Time: 0:03:242019-09-17 12:56:17,887 [grpc-default-executor-5] INFO  impl.RaftServerProxy (RaftServerProxy.java:remove(95)) - 5e893e0a-56f7-4618-9f46-a6ff48173cb6: remove group-0E70A92CA2C7:null
2019-09-17 12:56:17,892 [RatisPipelineUtilsThread] WARN  pipeline.RatisPipelineUtils (RatisPipelineUtils.java:destroyPipeline(66)) - Pipeline destroy failed for pipeline=PipelineID=2352ae7c-367f-43ff-a988-0e70a92ca2c7 dn=5e893e0a-56f7-4618-9f46-a6ff48173cb6{ip: 192.168.5.153, host: pr-hdds-2137-trunk-mnh2s-3748177197, networkLocation: /default-rack, certSerialId: null}
2019-09-17 12:56:17,894 [grpc-default-executor-5] INFO  impl.RaftServerProxy (RaftServerProxy.java:remove(95)) - 84ab4d91-000c-4523-9c5f-2c204b5f6601: remove group-0E70A92CA2C7:null
2019-09-17 12:56:17,896 [RatisPipelineUtilsThread] WARN  pipeline.RatisPipelineUtils (RatisPipelineUtils.java:destroyPipeline(66)) - Pipeline destroy failed for pipeline=PipelineID=2352ae7c-367f-43ff-a988-0e70a92ca2c7 dn=84ab4d91-000c-4523-9c5f-2c204b5f6601{ip: 192.168.5.153, host: pr-hdds-2137-trunk-mnh2s-3748177197, networkLocation: /default-rack, certSerialId: null}
2019-09-17 12:56:17,898 [grpc-default-executor-5] INFO  impl.RaftServerProxy (RaftServerProxy.java:remove(95)) - f7ede272-a28a-44e0-9552-15581fc2de04: remove group-0E70A92CA2C7:null
2019-09-17 12:56:17,900 [RatisPipelineUtilsThread] WARN  pipeline.RatisPipelineUtils (RatisPipelineUtils.java:destroyPipeline(66)) - Pipeline destroy failed for pipeline=PipelineID=2352ae7c-367f-43ff-a988-0e70a92ca2c7 dn=f7ede272-a28a-44e0-9552-15581fc2de04{ip: 192.168.5.153, host: pr-hdds-2137-trunk-mnh2s-3748177197, networkLocation: /default-rack, certSerialId: null}
2019-09-17 12:56:17,901 [RatisPipelineUtilsThread] ERROR pipeline.SCMPipelineManager (Scheduler.java:lambda$schedule$1(70)) - Destroy pipeline failed for pipeline:Pipeline[ Id: 2352ae7c-367f-43ff-a988-0e70a92ca2c7, Nodes: 5e893e0a-56f7-4618-9f46-a6ff48173cb6{ip: 192.168.5.153, host: pr-hdds-2137-trunk-mnh2s-3748177197, networkLocation: /default-rack, certSerialId: null}84ab4d91-000c-4523-9c5f-2c204b5f6601{ip: 192.168.5.153, host: pr-hdds-2137-trunk-mnh2s-3748177197, networkLocation: /default-rack, certSerialId: null}f7ede272-a28a-44e0-9552-15581fc2de04{ip: 192.168.5.153, host: pr-hdds-2137-trunk-mnh2s-3748177197, networkLocation: /default-rack, certSerialId: null}, Type:RATIS, Factor:THREE, State:CLOSED]
org.apache.hadoop.hdds.scm.pipeline.PipelineNotFoundException: PipelineID=2352ae7c-367f-43ff-a988-0e70a92ca2c7 not found
	at org.apache.hadoop.hdds.scm.pipeline.PipelineStateMap.getPipeline(PipelineStateMap.java:132)
	at org.apache.hadoop.hdds.scm.pipeline.PipelineStateMap.removePipeline(PipelineStateMap.java:322)
	at org.apache.hadoop.hdds.scm.pipeline.PipelineStateManager.removePipeline(PipelineStateManager.java:107)
	at org.apache.hadoop.hdds.scm.pipeline.SCMPipelineManager.removePipeline(SCMPipelineManager.java:423)
	at org.apache.hadoop.hdds.scm.pipeline.SCMPipelineManager.destroyPipeline(SCMPipelineManager.java:409)
	at org.apache.hadoop.hdds.scm.pipeline.SCMPipelineManager.lambda$finalizeAndDestroyPipeline$0(SCMPipelineManager.java:318)
	at org.apache.hadoop.utils.Scheduler.lambda$schedule$1(Scheduler.java:68)
	at java.util.concurrent.Executors$RunnableAdapter.call(Executors.java:511)
	at java.util.concurrent.FutureTask.run(FutureTask.java:266)
	at java.util.concurrent.ScheduledThreadPoolExecutor$ScheduledFutureTask.access$201(ScheduledThreadPoolExecutor.java:180)
	at java.util.concurrent.ScheduledThreadPoolExecutor$ScheduledFutureTask.run(ScheduledThreadPoolExecutor.java:293)
	at java.util.concurrent.ThreadPoolExecutor.runWorker(ThreadPoolExecutor.java:1149)
	at java.util.concurrent.ThreadPoolExecutor$Worker.run(ThreadPoolExecutor.java:624)
	at java.lang.Thread.run(Thread.java:748)
 0.00% |█                                                                                                    |  0/1 Time: 0:03:252019-09-17 12:56:18,521 [java.util.concurrent.ThreadPoolExecutor$Worker@4be7cde4[State = -1, empty queue]] WARN  server.GrpcLogAppender (GrpcLogAppender.java:timeoutAppendRequest(200)) - f7ede272-a28a-44e0-9552-15581fc2de04@group-F4D2F7B62D29->84ab4d91-000c-4523-9c5f-2c204b5f6601-GrpcLogAppender: appendEntries Timeout, request=f7ede272-a28a-44e0-9552-15581fc2de04->84ab4d91-000c-4523-9c5f-2c204b5f6601#60-t1, previous=(t:1, i:30), leaderCommit=30, initializing? false, entries: <empty>
 0.00% |█                                                                                                    |  0/1 Time: 0:03:262019-09-17 12:56:19,887 [grpc-default-executor-5] INFO  impl.RaftServerProxy (RaftServerProxy.java:remove(95)) - 5e893e0a-56f7-4618-9f46-a6ff48173cb6: remove group-0E70A92CA2C7:null
2019-09-17 12:56:19,891 [RatisPipelineUtilsThread] WARN  pipeline.RatisPipelineUtils (RatisPipelineUtils.java:destroyPipeline(66)) - Pipeline destroy failed for pipeline=PipelineID=2352ae7c-367f-43ff-a988-0e70a92ca2c7 dn=5e893e0a-56f7-4618-9f46-a6ff48173cb6{ip: 192.168.5.153, host: pr-hdds-2137-trunk-mnh2s-3748177197, networkLocation: /default-rack, certSerialId: null}
2019-09-17 12:56:19,894 [grpc-default-executor-5] INFO  impl.RaftServerProxy (RaftServerProxy.java:remove(95)) - 84ab4d91-000c-4523-9c5f-2c204b5f6601: remove group-0E70A92CA2C7:null
2019-09-17 12:56:19,896 [RatisPipelineUtilsThread] WARN  pipeline.RatisPipelineUtils (RatisPipelineUtils.java:destroyPipeline(66)) - Pipeline destroy failed for pipeline=PipelineID=2352ae7c-367f-43ff-a988-0e70a92ca2c7 dn=84ab4d91-000c-4523-9c5f-2c204b5f6601{ip: 192.168.5.153, host: pr-hdds-2137-trunk-mnh2s-3748177197, networkLocation: /default-rack, certSerialId: null}
2019-09-17 12:56:19,898 [grpc-default-executor-5] INFO  impl.RaftServerProxy (RaftServerProxy.java:remove(95)) - f7ede272-a28a-44e0-9552-15581fc2de04: remove group-0E70A92CA2C7:null
2019-09-17 12:56:19,900 [RatisPipelineUtilsThread] WARN  pipeline.RatisPipelineUtils (RatisPipelineUtils.java:destroyPipeline(66)) - Pipeline destroy failed for pipeline=PipelineID=2352ae7c-367f-43ff-a988-0e70a92ca2c7 dn=f7ede272-a28a-44e0-9552-15581fc2de04{ip: 192.168.5.153, host: pr-hdds-2137-trunk-mnh2s-3748177197, networkLocation: /default-rack, certSerialId: null}
2019-09-17 12:56:19,900 [RatisPipelineUtilsThread] ERROR pipeline.SCMPipelineManager (Scheduler.java:lambda$schedule$1(70)) - Destroy pipeline failed for pipeline:Pipeline[ Id: 2352ae7c-367f-43ff-a988-0e70a92ca2c7, Nodes: 5e893e0a-56f7-4618-9f46-a6ff48173cb6{ip: 192.168.5.153, host: pr-hdds-2137-trunk-mnh2s-3748177197, networkLocation: /default-rack, certSerialId: null}84ab4d91-000c-4523-9c5f-2c204b5f6601{ip: 192.168.5.153, host: pr-hdds-2137-trunk-mnh2s-3748177197, networkLocation: /default-rack, certSerialId: null}f7ede272-a28a-44e0-9552-15581fc2de04{ip: 192.168.5.153, host: pr-hdds-2137-trunk-mnh2s-3748177197, networkLocation: /default-rack, certSerialId: null}, Type:RATIS, Factor:THREE, State:CLOSED]
org.apache.hadoop.hdds.scm.pipeline.PipelineNotFoundException: PipelineID=2352ae7c-367f-43ff-a988-0e70a92ca2c7 not found
	at org.apache.hadoop.hdds.scm.pipeline.PipelineStateMap.getPipeline(PipelineStateMap.java:132)
	at org.apache.hadoop.hdds.scm.pipeline.PipelineStateMap.removePipeline(PipelineStateMap.java:322)
	at org.apache.hadoop.hdds.scm.pipeline.PipelineStateManager.removePipeline(PipelineStateManager.java:107)
	at org.apache.hadoop.hdds.scm.pipeline.SCMPipelineManager.removePipeline(SCMPipelineManager.java:423)
	at org.apache.hadoop.hdds.scm.pipeline.SCMPipelineManager.destroyPipeline(SCMPipelineManager.java:409)
	at org.apache.hadoop.hdds.scm.pipeline.SCMPipelineManager.lambda$finalizeAndDestroyPipeline$0(SCMPipelineManager.java:318)
	at org.apache.hadoop.utils.Scheduler.lambda$schedule$1(Scheduler.java:68)
	at java.util.concurrent.Executors$RunnableAdapter.call(Executors.java:511)
	at java.util.concurrent.FutureTask.run(FutureTask.java:266)
	at java.util.concurrent.ScheduledThreadPoolExecutor$ScheduledFutureTask.access$201(ScheduledThreadPoolExecutor.java:180)
	at java.util.concurrent.ScheduledThreadPoolExecutor$ScheduledFutureTask.run(ScheduledThreadPoolExecutor.java:293)
	at java.util.concurrent.ThreadPoolExecutor.runWorker(ThreadPoolExecutor.java:1149)
	at java.util.concurrent.ThreadPoolExecutor$Worker.run(ThreadPoolExecutor.java:624)
	at java.lang.Thread.run(Thread.java:748)
 0.00% |█                                                                                                    |  0/1 Time: 0:03:272019-09-17 12:56:20,858 [Thread-2266] INFO  client.GrpcClientProtocolService (GrpcClientProtocolService.java:lambda$processClientRequest$0(278)) - Failed RaftClientRequest:client-F9FFF08073A2->f7ede272-a28a-44e0-9552-15581fc2de04@group-F4D2F7B62D29, cid=380, seq=0, Watch-ALL_COMMITTED(18), Message:<EMPTY>, reply=RaftClientReply:client-F9FFF08073A2->f7ede272-a28a-44e0-9552-15581fc2de04@group-F4D2F7B62D29, cid=380, FAILED org.apache.ratis.protocol.NotReplicatedException: Request with call Id 380 and log index 18 is not yet replicated to ALL_COMMITTED, logIndex=18, commits[f7ede272-a28a-44e0-9552-15581fc2de04:c30, 5e893e0a-56f7-4618-9f46-a6ff48173cb6:c30, 84ab4d91-000c-4523-9c5f-2c204b5f6601:c12]
2019-09-17 12:56:20,862 [grpc-default-executor-5] INFO  client.GrpcClientProtocolClient (GrpcClientProtocolClient.java:onNext(264)) - client-F9FFF08073A2->f7ede272-a28a-44e0-9552-15581fc2de04: receive RaftClientReply:client-F9FFF08073A2->f7ede272-a28a-44e0-9552-15581fc2de04@group-F4D2F7B62D29, cid=380, FAILED org.apache.ratis.protocol.NotReplicatedException: Request with call Id 380 and log index 18 is not yet replicated to ALL_COMMITTED, logIndex=18, commits[f7ede272-a28a-44e0-9552-15581fc2de04:c30, 5e893e0a-56f7-4618-9f46-a6ff48173cb6:c30, 84ab4d91-000c-4523-9c5f-2c204b5f6601:c12]
 0.00% |█                                                                                                    |  0/1 Time: 0:03:282019-09-17 12:56:21,022 [java.util.concurrent.ThreadPoolExecutor$Worker@4be7cde4[State = -1, empty queue]] WARN  server.GrpcLogAppender (GrpcLogAppender.java:timeoutAppendRequest(200)) - f7ede272-a28a-44e0-9552-15581fc2de04@group-F4D2F7B62D29->84ab4d91-000c-4523-9c5f-2c204b5f6601-GrpcLogAppender: appendEntries Timeout, request=f7ede272-a28a-44e0-9552-15581fc2de04->84ab4d91-000c-4523-9c5f-2c204b5f6601#61-t1, previous=(t:1, i:30), leaderCommit=30, initializing? false, entries: <empty>
 0.00% |█                                                                                                    |  0/1 Time: 0:03:292019-09-17 12:56:22,265 [84ab4d91-000c-4523-9c5f-2c204b5f6601@group-F4D2F7B62D29-SegmentedRaftLogWorker] WARN  segmented.SegmentedRaftLogWorker (SegmentedRaftLogWorker.java:getFromFuture(90)) - Timeout 1/~
org.apache.ratis.protocol.TimeoutIOException: Timeout 10s: WriteLog:19: (t:1, i:19), STATEMACHINELOGENTRY, client-F9FFF08073A2, cid=378-writeStateMachineData
	at org.apache.ratis.util.IOUtils.getFromFuture(IOUtils.java:87)
	at org.apache.ratis.server.raftlog.segmented.SegmentedRaftLogWorker$StateMachineDataPolicy.getFromFuture(SegmentedRaftLogWorker.java:87)
	at org.apache.ratis.server.raftlog.segmented.SegmentedRaftLogWorker$WriteLog.execute(SegmentedRaftLogWorker.java:477)
	at org.apache.ratis.server.raftlog.segmented.SegmentedRaftLogWorker.run(SegmentedRaftLogWorker.java:289)
	at java.lang.Thread.run(Thread.java:748)
Caused by: java.util.concurrent.TimeoutException
	at java.util.concurrent.CompletableFuture.timedGet(CompletableFuture.java:1771)
	at java.util.concurrent.CompletableFuture.get(CompletableFuture.java:1915)
	at org.apache.ratis.util.IOUtils.getFromFuture(IOUtils.java:79)
	... 4 more
2019-09-17 12:56:22,885 [grpc-default-executor-5] INFO  impl.RaftServerProxy (RaftServerProxy.java:remove(95)) - 5e893e0a-56f7-4618-9f46-a6ff48173cb6: remove group-0E70A92CA2C7:null
2019-09-17 12:56:22,888 [RatisPipelineUtilsThread] WARN  pipeline.RatisPipelineUtils (RatisPipelineUtils.java:destroyPipeline(66)) - Pipeline destroy failed for pipeline=PipelineID=2352ae7c-367f-43ff-a988-0e70a92ca2c7 dn=5e893e0a-56f7-4618-9f46-a6ff48173cb6{ip: 192.168.5.153, host: pr-hdds-2137-trunk-mnh2s-3748177197, networkLocation: /default-rack, certSerialId: null}
2019-09-17 12:56:22,890 [grpc-default-executor-5] INFO  impl.RaftServerProxy (RaftServerProxy.java:remove(95)) - 84ab4d91-000c-4523-9c5f-2c204b5f6601: remove group-0E70A92CA2C7:null
2019-09-17 12:56:22,892 [RatisPipelineUtilsThread] WARN  pipeline.RatisPipelineUtils (RatisPipelineUtils.java:destroyPipeline(66)) - Pipeline destroy failed for pipeline=PipelineID=2352ae7c-367f-43ff-a988-0e70a92ca2c7 dn=84ab4d91-000c-4523-9c5f-2c204b5f6601{ip: 192.168.5.153, host: pr-hdds-2137-trunk-mnh2s-3748177197, networkLocation: /default-rack, certSerialId: null}
2019-09-17 12:56:22,895 [grpc-default-executor-5] INFO  impl.RaftServerProxy (RaftServerProxy.java:remove(95)) - f7ede272-a28a-44e0-9552-15581fc2de04: remove group-0E70A92CA2C7:null
2019-09-17 12:56:22,897 [RatisPipelineUtilsThread] WARN  pipeline.RatisPipelineUtils (RatisPipelineUtils.java:destroyPipeline(66)) - Pipeline destroy failed for pipeline=PipelineID=2352ae7c-367f-43ff-a988-0e70a92ca2c7 dn=f7ede272-a28a-44e0-9552-15581fc2de04{ip: 192.168.5.153, host: pr-hdds-2137-trunk-mnh2s-3748177197, networkLocation: /default-rack, certSerialId: null}
2019-09-17 12:56:22,897 [RatisPipelineUtilsThread] ERROR pipeline.SCMPipelineManager (Scheduler.java:lambda$schedule$1(70)) - Destroy pipeline failed for pipeline:Pipeline[ Id: 2352ae7c-367f-43ff-a988-0e70a92ca2c7, Nodes: 5e893e0a-56f7-4618-9f46-a6ff48173cb6{ip: 192.168.5.153, host: pr-hdds-2137-trunk-mnh2s-3748177197, networkLocation: /default-rack, certSerialId: null}84ab4d91-000c-4523-9c5f-2c204b5f6601{ip: 192.168.5.153, host: pr-hdds-2137-trunk-mnh2s-3748177197, networkLocation: /default-rack, certSerialId: null}f7ede272-a28a-44e0-9552-15581fc2de04{ip: 192.168.5.153, host: pr-hdds-2137-trunk-mnh2s-3748177197, networkLocation: /default-rack, certSerialId: null}, Type:RATIS, Factor:THREE, State:CLOSED]
org.apache.hadoop.hdds.scm.pipeline.PipelineNotFoundException: PipelineID=2352ae7c-367f-43ff-a988-0e70a92ca2c7 not found
	at org.apache.hadoop.hdds.scm.pipeline.PipelineStateMap.getPipeline(PipelineStateMap.java:132)
	at org.apache.hadoop.hdds.scm.pipeline.PipelineStateMap.removePipeline(PipelineStateMap.java:322)
	at org.apache.hadoop.hdds.scm.pipeline.PipelineStateManager.removePipeline(PipelineStateManager.java:107)
	at org.apache.hadoop.hdds.scm.pipeline.SCMPipelineManager.removePipeline(SCMPipelineManager.java:423)
	at org.apache.hadoop.hdds.scm.pipeline.SCMPipelineManager.destroyPipeline(SCMPipelineManager.java:409)
	at org.apache.hadoop.hdds.scm.pipeline.SCMPipelineManager.lambda$finalizeAndDestroyPipeline$0(SCMPipelineManager.java:318)
	at org.apache.hadoop.utils.Scheduler.lambda$schedule$1(Scheduler.java:68)
	at java.util.concurrent.Executors$RunnableAdapter.call(Executors.java:511)
	at java.util.concurrent.FutureTask.run(FutureTask.java:266)
	at java.util.concurrent.ScheduledThreadPoolExecutor$ScheduledFutureTask.access$201(ScheduledThreadPoolExecutor.java:180)
	at java.util.concurrent.ScheduledThreadPoolExecutor$ScheduledFutureTask.run(ScheduledThreadPoolExecutor.java:293)
	at java.util.concurrent.ThreadPoolExecutor.runWorker(ThreadPoolExecutor.java:1149)
	at java.util.concurrent.ThreadPoolExecutor$Worker.run(ThreadPoolExecutor.java:624)
	at java.lang.Thread.run(Thread.java:748)
 0.00% |█                                                                                                    |  0/1 Time: 0:03:302019-09-17 12:56:23,522 [java.util.concurrent.ThreadPoolExecutor$Worker@4be7cde4[State = -1, empty queue]] WARN  server.GrpcLogAppender (GrpcLogAppender.java:timeoutAppendRequest(200)) - f7ede272-a28a-44e0-9552-15581fc2de04@group-F4D2F7B62D29->84ab4d91-000c-4523-9c5f-2c204b5f6601-GrpcLogAppender: appendEntries Timeout, request=f7ede272-a28a-44e0-9552-15581fc2de04->84ab4d91-000c-4523-9c5f-2c204b5f6601#62-t1, previous=(t:1, i:30), leaderCommit=30, initializing? false, entries: <empty>
2019-09-17 12:56:23,857 [Thread-2272] INFO  client.GrpcClientProtocolService (GrpcClientProtocolService.java:lambda$processClientRequest$0(278)) - Failed RaftClientRequest:client-F9FFF08073A2->f7ede272-a28a-44e0-9552-15581fc2de04@group-F4D2F7B62D29, cid=401, seq=0, Watch-ALL_COMMITTED(28), Message:<EMPTY>, reply=RaftClientReply:client-F9FFF08073A2->f7ede272-a28a-44e0-9552-15581fc2de04@group-F4D2F7B62D29, cid=401, FAILED org.apache.ratis.protocol.NotReplicatedException: Request with call Id 401 and log index 28 is not yet replicated to ALL_COMMITTED, logIndex=28, commits[f7ede272-a28a-44e0-9552-15581fc2de04:c30, 5e893e0a-56f7-4618-9f46-a6ff48173cb6:c30, 84ab4d91-000c-4523-9c5f-2c204b5f6601:c12]
2019-09-17 12:56:23,859 [grpc-default-executor-5] INFO  client.GrpcClientProtocolClient (GrpcClientProtocolClient.java:onNext(264)) - client-F9FFF08073A2->f7ede272-a28a-44e0-9552-15581fc2de04: receive RaftClientReply:client-F9FFF08073A2->f7ede272-a28a-44e0-9552-15581fc2de04@group-F4D2F7B62D29, cid=401, FAILED org.apache.ratis.protocol.NotReplicatedException: Request with call Id 401 and log index 28 is not yet replicated to ALL_COMMITTED, logIndex=28, commits[f7ede272-a28a-44e0-9552-15581fc2de04:c30, 5e893e0a-56f7-4618-9f46-a6ff48173cb6:c30, 84ab4d91-000c-4523-9c5f-2c204b5f6601:c12]
2019-09-17 12:56:23,862 [pool-62-thread-3] WARN  scm.XceiverClientRatis (XceiverClientRatis.java:watchForCommit(262)) - 3 way commit failed on pipeline Pipeline[ Id: 8376842e-df81-42ad-9dff-f4d2f7b62d29, Nodes: 5e893e0a-56f7-4618-9f46-a6ff48173cb6{ip: 192.168.5.153, host: pr-hdds-2137-trunk-mnh2s-3748177197, networkLocation: /default-rack, certSerialId: null}84ab4d91-000c-4523-9c5f-2c204b5f6601{ip: 192.168.5.153, host: pr-hdds-2137-trunk-mnh2s-3748177197, networkLocation: /default-rack, certSerialId: null}f7ede272-a28a-44e0-9552-15581fc2de04{ip: 192.168.5.153, host: pr-hdds-2137-trunk-mnh2s-3748177197, networkLocation: /default-rack, certSerialId: null}, Type:RATIS, Factor:THREE, State:OPEN]
java.util.concurrent.ExecutionException: org.apache.ratis.protocol.NotReplicatedException: Request with call Id 401 and log index 28 is not yet replicated to ALL_COMMITTED
	at java.util.concurrent.CompletableFuture.reportGet(CompletableFuture.java:357)
	at java.util.concurrent.CompletableFuture.get(CompletableFuture.java:1915)
	at org.apache.hadoop.hdds.scm.XceiverClientRatis.watchForCommit(XceiverClientRatis.java:259)
	at org.apache.hadoop.hdds.scm.storage.CommitWatcher.watchForCommit(CommitWatcher.java:194)
	at org.apache.hadoop.hdds.scm.storage.CommitWatcher.watchOnLastIndex(CommitWatcher.java:157)
	at org.apache.hadoop.hdds.scm.storage.BlockOutputStream.watchForCommit(BlockOutputStream.java:347)
	at org.apache.hadoop.hdds.scm.storage.BlockOutputStream.handleFlush(BlockOutputStream.java:479)
	at org.apache.hadoop.hdds.scm.storage.BlockOutputStream.close(BlockOutputStream.java:493)
	at org.apache.hadoop.ozone.client.io.BlockOutputStreamEntry.close(BlockOutputStreamEntry.java:143)
	at org.apache.hadoop.ozone.client.io.KeyOutputStream.handleFlushOrClose(KeyOutputStream.java:438)
	at org.apache.hadoop.ozone.client.io.KeyOutputStream.handleWrite(KeyOutputStream.java:235)
	at org.apache.hadoop.ozone.client.io.KeyOutputStream.write(KeyOutputStream.java:193)
	at org.apache.hadoop.ozone.client.io.OzoneOutputStream.write(OzoneOutputStream.java:49)
	at org.apache.hadoop.ozone.freon.RandomKeyGenerator.createKey(RandomKeyGenerator.java:708)
	at org.apache.hadoop.ozone.freon.RandomKeyGenerator.access$1100(RandomKeyGenerator.java:88)
	at org.apache.hadoop.ozone.freon.RandomKeyGenerator$ObjectCreator.run(RandomKeyGenerator.java:615)
	at java.util.concurrent.Executors$RunnableAdapter.call(Executors.java:511)
	at java.util.concurrent.FutureTask.run(FutureTask.java:266)
	at java.util.concurrent.ThreadPoolExecutor.runWorker(ThreadPoolExecutor.java:1149)
	at java.util.concurrent.ThreadPoolExecutor$Worker.run(ThreadPoolExecutor.java:624)
	at java.lang.Thread.run(Thread.java:748)
Caused by: org.apache.ratis.protocol.NotReplicatedException: Request with call Id 401 and log index 28 is not yet replicated to ALL_COMMITTED
	at org.apache.ratis.client.impl.ClientProtoUtils.toRaftClientReply(ClientProtoUtils.java:246)
	at org.apache.ratis.grpc.client.GrpcClientProtocolClient$AsyncStreamObservers$1.onNext(GrpcClientProtocolClient.java:263)
	at org.apache.ratis.grpc.client.GrpcClientProtocolClient$AsyncStreamObservers$1.onNext(GrpcClientProtocolClient.java:258)
	at org.apache.ratis.thirdparty.io.grpc.stub.ClientCalls$StreamObserverToCallListenerAdapter.onMessage(ClientCalls.java:421)
	at org.apache.ratis.thirdparty.io.grpc.ForwardingClientCallListener.onMessage(ForwardingClientCallListener.java:33)
	at org.apache.ratis.thirdparty.io.grpc.ForwardingClientCallListener.onMessage(ForwardingClientCallListener.java:33)
	at org.apache.ratis.thirdparty.io.grpc.internal.ClientCallImpl$ClientStreamListenerImpl$1MessagesAvailable.runInContext(ClientCallImpl.java:519)
	at org.apache.ratis.thirdparty.io.grpc.internal.ContextRunnable.run(ContextRunnable.java:37)
	at org.apache.ratis.thirdparty.io.grpc.internal.SerializingExecutor.run(SerializingExecutor.java:123)
	... 3 more
2019-09-17 12:56:23,865 [grpc-default-executor-5] INFO  client.GrpcClientProtocolClient (GrpcClientProtocolClient.java:onNext(264)) - client-F9FFF08073A2->f7ede272-a28a-44e0-9552-15581fc2de04: receive RaftClientReply:client-F9FFF08073A2->f7ede272-a28a-44e0-9552-15581fc2de04@group-F4D2F7B62D29, cid=414, SUCCESS, logIndex=0, commits[f7ede272-a28a-44e0-9552-15581fc2de04:c30, 5e893e0a-56f7-4618-9f46-a6ff48173cb6:c30, 84ab4d91-000c-4523-9c5f-2c204b5f6601:c12]
2019-09-17 12:56:23,866 [pool-62-thread-3] INFO  scm.XceiverClientRatis (XceiverClientRatis.java:lambda$watchForCommit$7(280)) - Could not commit index 28 on pipeline Pipeline[ Id: 8376842e-df81-42ad-9dff-f4d2f7b62d29, Nodes: 5e893e0a-56f7-4618-9f46-a6ff48173cb6{ip: 192.168.5.153, host: pr-hdds-2137-trunk-mnh2s-3748177197, networkLocation: /default-rack, certSerialId: null}84ab4d91-000c-4523-9c5f-2c204b5f6601{ip: 192.168.5.153, host: pr-hdds-2137-trunk-mnh2s-3748177197, networkLocation: /default-rack, certSerialId: null}f7ede272-a28a-44e0-9552-15581fc2de04{ip: 192.168.5.153, host: pr-hdds-2137-trunk-mnh2s-3748177197, networkLocation: /default-rack, certSerialId: null}, Type:RATIS, Factor:THREE, State:OPEN] to all the nodes. Server 84ab4d91-000c-4523-9c5f-2c204b5f6601 has failed. Committed by majority.
2019-09-17 12:56:23,867 [pool-62-thread-3] WARN  storage.BlockOutputStream (BlockOutputStream.java:watchForCommit(353)) - Failed to commit BlockId conID: 12 locID: 102807959115268114 bcsId: 28 on Pipeline[ Id: 8376842e-df81-42ad-9dff-f4d2f7b62d29, Nodes: 5e893e0a-56f7-4618-9f46-a6ff48173cb6{ip: 192.168.5.153, host: pr-hdds-2137-trunk-mnh2s-3748177197, networkLocation: /default-rack, certSerialId: null}84ab4d91-000c-4523-9c5f-2c204b5f6601{ip: 192.168.5.153, host: pr-hdds-2137-trunk-mnh2s-3748177197, networkLocation: /default-rack, certSerialId: null}f7ede272-a28a-44e0-9552-15581fc2de04{ip: 192.168.5.153, host: pr-hdds-2137-trunk-mnh2s-3748177197, networkLocation: /default-rack, certSerialId: null}, Type:RATIS, Factor:THREE, State:OPEN]. Failed nodes: [84ab4d91-000c-4523-9c5f-2c204b5f6601{ip: null, host: null, networkLocation: /default-rack, certSerialId: null}]
2019-09-17 12:56:23,894 [IPC Server handler 15 on 37580] WARN  block.BlockManagerImpl (BlockManagerImpl.java:allocateBlock(192)) - Pipeline creation failed for type:RATIS factor:THREE. Retrying get pipelines call once.
org.apache.hadoop.hdds.scm.pipeline.InsufficientDatanodesException: Cannot create pipeline of factor 3 using 0 nodes.
	at org.apache.hadoop.hdds.scm.pipeline.RatisPipelineProvider.create(RatisPipelineProvider.java:152)
	at org.apache.hadoop.hdds.scm.pipeline.PipelineFactory.create(PipelineFactory.java:57)
	at org.apache.hadoop.hdds.scm.pipeline.SCMPipelineManager.createPipeline(SCMPipelineManager.java:151)
	at org.apache.hadoop.hdds.scm.block.BlockManagerImpl.allocateBlock(BlockManagerImpl.java:190)
	at org.apache.hadoop.hdds.scm.server.SCMBlockProtocolServer.allocateBlock(SCMBlockProtocolServer.java:182)
	at org.apache.hadoop.ozone.protocolPB.ScmBlockLocationProtocolServerSideTranslatorPB.allocateScmBlock(ScmBlockLocationProtocolServerSideTranslatorPB.java:183)
	at org.apache.hadoop.ozone.protocolPB.ScmBlockLocationProtocolServerSideTranslatorPB.processMessage(ScmBlockLocationProtocolServerSideTranslatorPB.java:141)
	at org.apache.hadoop.ozone.protocolPB.ScmBlockLocationProtocolServerSideTranslatorPB.send(ScmBlockLocationProtocolServerSideTranslatorPB.java:116)
	at org.apache.hadoop.hdds.protocol.proto.ScmBlockLocationProtocolProtos$ScmBlockLocationProtocolService$2.callBlockingMethod(ScmBlockLocationProtocolProtos.java:13157)
	at org.apache.hadoop.ipc.ProtobufRpcEngine$Server$ProtoBufRpcInvoker.call(ProtobufRpcEngine.java:524)
	at org.apache.hadoop.ipc.RPC$Server.call(RPC.java:1025)
	at org.apache.hadoop.ipc.Server$RpcCall.run(Server.java:876)
	at org.apache.hadoop.ipc.Server$RpcCall.run(Server.java:822)
	at java.security.AccessController.doPrivileged(Native Method)
	at javax.security.auth.Subject.doAs(Subject.java:422)
	at org.apache.hadoop.security.UserGroupInformation.doAs(UserGroupInformation.java:1730)
	at org.apache.hadoop.ipc.Server$Handler.run(Server.java:2682)
2019-09-17 12:56:23,895 [IPC Server handler 15 on 37580] INFO  block.BlockManagerImpl (BlockManagerImpl.java:allocateBlock(198)) - Could not find available pipeline of type:RATIS and factor:THREE even after retrying
2019-09-17 12:56:23,895 [IPC Server handler 15 on 37580] ERROR block.BlockManagerImpl (BlockManagerImpl.java:allocateBlock(222)) - Unable to allocate a block for the size: 4194304, type: RATIS, factor: THREE
2019-09-17 12:56:23,903 [pool-62-thread-3] ERROR io.BlockOutputStreamEntryPool (BlockOutputStreamEntryPool.java:allocateBlockIfNeeded(299)) - Try to allocate more blocks for write failed, already allocated 0 blocks for this write.
INTERNAL_ERROR org.apache.hadoop.ozone.om.exceptions.OMException: Allocated 0 blocks. Requested 1 blocks
	at org.apache.hadoop.ozone.om.protocolPB.OzoneManagerProtocolClientSideTranslatorPB.handleError(OzoneManagerProtocolClientSideTranslatorPB.java:726)
	at org.apache.hadoop.ozone.om.protocolPB.OzoneManagerProtocolClientSideTranslatorPB.allocateBlock(OzoneManagerProtocolClientSideTranslatorPB.java:758)
	at sun.reflect.NativeMethodAccessorImpl.invoke0(Native Method)
	at sun.reflect.NativeMethodAccessorImpl.invoke(NativeMethodAccessorImpl.java:62)
	at sun.reflect.DelegatingMethodAccessorImpl.invoke(DelegatingMethodAccessorImpl.java:43)
	at java.lang.reflect.Method.invoke(Method.java:498)
	at org.apache.hadoop.hdds.tracing.TraceAllMethod.invoke(TraceAllMethod.java:66)
	at com.sun.proxy.$Proxy37.allocateBlock(Unknown Source)
	at org.apache.hadoop.ozone.client.io.BlockOutputStreamEntryPool.allocateNewBlock(BlockOutputStreamEntryPool.java:248)
	at org.apache.hadoop.ozone.client.io.BlockOutputStreamEntryPool.allocateBlockIfNeeded(BlockOutputStreamEntryPool.java:296)
	at org.apache.hadoop.ozone.client.io.KeyOutputStream.handleWrite(KeyOutputStream.java:201)
	at org.apache.hadoop.ozone.client.io.KeyOutputStream.write(KeyOutputStream.java:193)
	at org.apache.hadoop.ozone.client.io.OzoneOutputStream.write(OzoneOutputStream.java:49)
	at org.apache.hadoop.ozone.freon.RandomKeyGenerator.createKey(RandomKeyGenerator.java:708)
	at org.apache.hadoop.ozone.freon.RandomKeyGenerator.access$1100(RandomKeyGenerator.java:88)
	at org.apache.hadoop.ozone.freon.RandomKeyGenerator$ObjectCreator.run(RandomKeyGenerator.java:615)
	at java.util.concurrent.Executors$RunnableAdapter.call(Executors.java:511)
	at java.util.concurrent.FutureTask.run(FutureTask.java:266)
	at java.util.concurrent.ThreadPoolExecutor.runWorker(ThreadPoolExecutor.java:1149)
	at java.util.concurrent.ThreadPoolExecutor$Worker.run(ThreadPoolExecutor.java:624)
	at java.lang.Thread.run(Thread.java:748)
2019-09-17 12:56:23,903 [pool-62-thread-3] ERROR freon.RandomKeyGenerator (RandomKeyGenerator.java:createKey(733)) - Exception while adding key: key-0-97531 in bucket: bucket-0-61156 of volume: vol-0-09922.
INTERNAL_ERROR org.apache.hadoop.ozone.om.exceptions.OMException: Allocated 0 blocks. Requested 1 blocks
	at org.apache.hadoop.ozone.om.protocolPB.OzoneManagerProtocolClientSideTranslatorPB.handleError(OzoneManagerProtocolClientSideTranslatorPB.java:726)
	at org.apache.hadoop.ozone.om.protocolPB.OzoneManagerProtocolClientSideTranslatorPB.allocateBlock(OzoneManagerProtocolClientSideTranslatorPB.java:758)
	at sun.reflect.NativeMethodAccessorImpl.invoke0(Native Method)
	at sun.reflect.NativeMethodAccessorImpl.invoke(NativeMethodAccessorImpl.java:62)
	at sun.reflect.DelegatingMethodAccessorImpl.invoke(DelegatingMethodAccessorImpl.java:43)
	at java.lang.reflect.Method.invoke(Method.java:498)
	at org.apache.hadoop.hdds.tracing.TraceAllMethod.invoke(TraceAllMethod.java:66)
	at com.sun.proxy.$Proxy37.allocateBlock(Unknown Source)
	at org.apache.hadoop.ozone.client.io.BlockOutputStreamEntryPool.allocateNewBlock(BlockOutputStreamEntryPool.java:248)
	at org.apache.hadoop.ozone.client.io.BlockOutputStreamEntryPool.allocateBlockIfNeeded(BlockOutputStreamEntryPool.java:296)
	at org.apache.hadoop.ozone.client.io.KeyOutputStream.handleWrite(KeyOutputStream.java:201)
	at org.apache.hadoop.ozone.client.io.KeyOutputStream.write(KeyOutputStream.java:193)
	at org.apache.hadoop.ozone.client.io.OzoneOutputStream.write(OzoneOutputStream.java:49)
	at org.apache.hadoop.ozone.freon.RandomKeyGenerator.createKey(RandomKeyGenerator.java:708)
	at org.apache.hadoop.ozone.freon.RandomKeyGenerator.access$1100(RandomKeyGenerator.java:88)
	at org.apache.hadoop.ozone.freon.RandomKeyGenerator$ObjectCreator.run(RandomKeyGenerator.java:615)
	at java.util.concurrent.Executors$RunnableAdapter.call(Executors.java:511)
	at java.util.concurrent.FutureTask.run(FutureTask.java:266)
	at java.util.concurrent.ThreadPoolExecutor.runWorker(ThreadPoolExecutor.java:1149)
	at java.util.concurrent.ThreadPoolExecutor$Worker.run(ThreadPoolExecutor.java:624)
	at java.lang.Thread.run(Thread.java:748)
 0.00% |█                                                                                                    |  0/1 Time: 0:03:312019-09-17 12:56:24,879 [grpc-default-executor-5] INFO  impl.RaftServerProxy (RaftServerProxy.java:remove(95)) - 5e893e0a-56f7-4618-9f46-a6ff48173cb6: remove group-0E70A92CA2C7:null
2019-09-17 12:56:24,882 [RatisPipelineUtilsThread] WARN  pipeline.RatisPipelineUtils (RatisPipelineUtils.java:destroyPipeline(66)) - Pipeline destroy failed for pipeline=PipelineID=2352ae7c-367f-43ff-a988-0e70a92ca2c7 dn=5e893e0a-56f7-4618-9f46-a6ff48173cb6{ip: 192.168.5.153, host: pr-hdds-2137-trunk-mnh2s-3748177197, networkLocation: /default-rack, certSerialId: null}
2019-09-17 12:56:24,884 [grpc-default-executor-5] INFO  impl.RaftServerProxy (RaftServerProxy.java:remove(95)) - 84ab4d91-000c-4523-9c5f-2c204b5f6601: remove group-0E70A92CA2C7:null
2019-09-17 12:56:24,886 [RatisPipelineUtilsThread] WARN  pipeline.RatisPipelineUtils (RatisPipelineUtils.java:destroyPipeline(66)) - Pipeline destroy failed for pipeline=PipelineID=2352ae7c-367f-43ff-a988-0e70a92ca2c7 dn=84ab4d91-000c-4523-9c5f-2c204b5f6601{ip: 192.168.5.153, host: pr-hdds-2137-trunk-mnh2s-3748177197, networkLocation: /default-rack, certSerialId: null}
2019-09-17 12:56:24,887 [grpc-default-executor-5] INFO  impl.RaftServerProxy (RaftServerProxy.java:remove(95)) - f7ede272-a28a-44e0-9552-15581fc2de04: remove group-0E70A92CA2C7:null
2019-09-17 12:56:24,889 [RatisPipelineUtilsThread] WARN  pipeline.RatisPipelineUtils (RatisPipelineUtils.java:destroyPipeline(66)) - Pipeline destroy failed for pipeline=PipelineID=2352ae7c-367f-43ff-a988-0e70a92ca2c7 dn=f7ede272-a28a-44e0-9552-15581fc2de04{ip: 192.168.5.153, host: pr-hdds-2137-trunk-mnh2s-3748177197, networkLocation: /default-rack, certSerialId: null}
2019-09-17 12:56:24,889 [RatisPipelineUtilsThread] ERROR pipeline.SCMPipelineManager (Scheduler.java:lambda$schedule$1(70)) - Destroy pipeline failed for pipeline:Pipeline[ Id: 2352ae7c-367f-43ff-a988-0e70a92ca2c7, Nodes: 5e893e0a-56f7-4618-9f46-a6ff48173cb6{ip: 192.168.5.153, host: pr-hdds-2137-trunk-mnh2s-3748177197, networkLocation: /default-rack, certSerialId: null}84ab4d91-000c-4523-9c5f-2c204b5f6601{ip: 192.168.5.153, host: pr-hdds-2137-trunk-mnh2s-3748177197, networkLocation: /default-rack, certSerialId: null}f7ede272-a28a-44e0-9552-15581fc2de04{ip: 192.168.5.153, host: pr-hdds-2137-trunk-mnh2s-3748177197, networkLocation: /default-rack, certSerialId: null}, Type:RATIS, Factor:THREE, State:CLOSED]
org.apache.hadoop.hdds.scm.pipeline.PipelineNotFoundException: PipelineID=2352ae7c-367f-43ff-a988-0e70a92ca2c7 not found
	at org.apache.hadoop.hdds.scm.pipeline.PipelineStateMap.getPipeline(PipelineStateMap.java:132)
	at org.apache.hadoop.hdds.scm.pipeline.PipelineStateMap.removePipeline(PipelineStateMap.java:322)
	at org.apache.hadoop.hdds.scm.pipeline.PipelineStateManager.removePipeline(PipelineStateManager.java:107)
	at org.apache.hadoop.hdds.scm.pipeline.SCMPipelineManager.removePipeline(SCMPipelineManager.java:423)
	at org.apache.hadoop.hdds.scm.pipeline.SCMPipelineManager.destroyPipeline(SCMPipelineManager.java:409)
	at org.apache.hadoop.hdds.scm.pipeline.SCMPipelineManager.lambda$finalizeAndDestroyPipeline$0(SCMPipelineManager.java:318)
	at org.apache.hadoop.utils.Scheduler.lambda$schedule$1(Scheduler.java:68)
	at java.util.concurrent.Executors$RunnableAdapter.call(Executors.java:511)
	at java.util.concurrent.FutureTask.run(FutureTask.java:266)
	at java.util.concurrent.ScheduledThreadPoolExecutor$ScheduledFutureTask.access$201(ScheduledThreadPoolExecutor.java:180)
	at java.util.concurrent.ScheduledThreadPoolExecutor$ScheduledFutureTask.run(ScheduledThreadPoolExecutor.java:293)
	at java.util.concurrent.ThreadPoolExecutor.runWorker(ThreadPoolExecutor.java:1149)
	at java.util.concurrent.ThreadPoolExecutor$Worker.run(ThreadPoolExecutor.java:624)
	at java.lang.Thread.run(Thread.java:748)
 0.00% |█                                                                                                    |  0/1 Time: 0:03:32 0.00% |█                                                                                                    |  0/1 Time: 0:03:332019-09-17 12:56:26,022 [java.util.concurrent.ThreadPoolExecutor$Worker@4be7cde4[State = -1, empty queue]] WARN  server.GrpcLogAppender (GrpcLogAppender.java:timeoutAppendRequest(200)) - f7ede272-a28a-44e0-9552-15581fc2de04@group-F4D2F7B62D29->84ab4d91-000c-4523-9c5f-2c204b5f6601-GrpcLogAppender: appendEntries Timeout, request=f7ede272-a28a-44e0-9552-15581fc2de04->84ab4d91-000c-4523-9c5f-2c204b5f6601#63-t1, previous=(t:1, i:30), leaderCommit=30, initializing? false, entries: <empty>
 0.00% |█                                                                                                    |  0/1 Time: 0:03:342019-09-17 12:56:27,858 [Thread-2283] INFO  client.GrpcClientProtocolService (GrpcClientProtocolService.java:lambda$processClientRequest$0(278)) - Failed RaftClientRequest:client-F9FFF08073A2->f7ede272-a28a-44e0-9552-15581fc2de04@group-F4D2F7B62D29, cid=401, seq=0, Watch-ALL_COMMITTED(28), Message:<EMPTY>, reply=RaftClientReply:client-F9FFF08073A2->f7ede272-a28a-44e0-9552-15581fc2de04@group-F4D2F7B62D29, cid=401, FAILED org.apache.ratis.protocol.NotReplicatedException: Request with call Id 401 and log index 28 is not yet replicated to ALL_COMMITTED, logIndex=28, commits[f7ede272-a28a-44e0-9552-15581fc2de04:c30, 5e893e0a-56f7-4618-9f46-a6ff48173cb6:c30, 84ab4d91-000c-4523-9c5f-2c204b5f6601:c12]
2019-09-17 12:56:27,866 [grpc-default-executor-5] INFO  client.GrpcClientProtocolClient (GrpcClientProtocolClient.java:onNext(264)) - client-F9FFF08073A2->f7ede272-a28a-44e0-9552-15581fc2de04: receive RaftClientReply:client-F9FFF08073A2->f7ede272-a28a-44e0-9552-15581fc2de04@group-F4D2F7B62D29, cid=401, FAILED org.apache.ratis.protocol.NotReplicatedException: Request with call Id 401 and log index 28 is not yet replicated to ALL_COMMITTED, logIndex=28, commits[f7ede272-a28a-44e0-9552-15581fc2de04:c30, 5e893e0a-56f7-4618-9f46-a6ff48173cb6:c30, 84ab4d91-000c-4523-9c5f-2c204b5f6601:c12]
2019-09-17 12:56:27,884 [grpc-default-executor-5] INFO  impl.RaftServerProxy (RaftServerProxy.java:remove(95)) - 5e893e0a-56f7-4618-9f46-a6ff48173cb6: remove group-0E70A92CA2C7:null
2019-09-17 12:56:27,889 [RatisPipelineUtilsThread] WARN  pipeline.RatisPipelineUtils (RatisPipelineUtils.java:destroyPipeline(66)) - Pipeline destroy failed for pipeline=PipelineID=2352ae7c-367f-43ff-a988-0e70a92ca2c7 dn=5e893e0a-56f7-4618-9f46-a6ff48173cb6{ip: 192.168.5.153, host: pr-hdds-2137-trunk-mnh2s-3748177197, networkLocation: /default-rack, certSerialId: null}
2019-09-17 12:56:27,891 [grpc-default-executor-5] INFO  impl.RaftServerProxy (RaftServerProxy.java:remove(95)) - 84ab4d91-000c-4523-9c5f-2c204b5f6601: remove group-0E70A92CA2C7:null
2019-09-17 12:56:27,893 [RatisPipelineUtilsThread] WARN  pipeline.RatisPipelineUtils (RatisPipelineUtils.java:destroyPipeline(66)) - Pipeline destroy failed for pipeline=PipelineID=2352ae7c-367f-43ff-a988-0e70a92ca2c7 dn=84ab4d91-000c-4523-9c5f-2c204b5f6601{ip: 192.168.5.153, host: pr-hdds-2137-trunk-mnh2s-3748177197, networkLocation: /default-rack, certSerialId: null}
2019-09-17 12:56:27,895 [grpc-default-executor-5] INFO  impl.RaftServerProxy (RaftServerProxy.java:remove(95)) - f7ede272-a28a-44e0-9552-15581fc2de04: remove group-0E70A92CA2C7:null
2019-09-17 12:56:27,897 [RatisPipelineUtilsThread] WARN  pipeline.RatisPipelineUtils (RatisPipelineUtils.java:destroyPipeline(66)) - Pipeline destroy failed for pipeline=PipelineID=2352ae7c-367f-43ff-a988-0e70a92ca2c7 dn=f7ede272-a28a-44e0-9552-15581fc2de04{ip: 192.168.5.153, host: pr-hdds-2137-trunk-mnh2s-3748177197, networkLocation: /default-rack, certSerialId: null}
2019-09-17 12:56:27,897 [RatisPipelineUtilsThread] ERROR pipeline.SCMPipelineManager (Scheduler.java:lambda$schedule$1(70)) - Destroy pipeline failed for pipeline:Pipeline[ Id: 2352ae7c-367f-43ff-a988-0e70a92ca2c7, Nodes: 5e893e0a-56f7-4618-9f46-a6ff48173cb6{ip: 192.168.5.153, host: pr-hdds-2137-trunk-mnh2s-3748177197, networkLocation: /default-rack, certSerialId: null}84ab4d91-000c-4523-9c5f-2c204b5f6601{ip: 192.168.5.153, host: pr-hdds-2137-trunk-mnh2s-3748177197, networkLocation: /default-rack, certSerialId: null}f7ede272-a28a-44e0-9552-15581fc2de04{ip: 192.168.5.153, host: pr-hdds-2137-trunk-mnh2s-3748177197, networkLocation: /default-rack, certSerialId: null}, Type:RATIS, Factor:THREE, State:CLOSED]
org.apache.hadoop.hdds.scm.pipeline.PipelineNotFoundException: PipelineID=2352ae7c-367f-43ff-a988-0e70a92ca2c7 not found
	at org.apache.hadoop.hdds.scm.pipeline.PipelineStateMap.getPipeline(PipelineStateMap.java:132)
	at org.apache.hadoop.hdds.scm.pipeline.PipelineStateMap.removePipeline(PipelineStateMap.java:322)
	at org.apache.hadoop.hdds.scm.pipeline.PipelineStateManager.removePipeline(PipelineStateManager.java:107)
	at org.apache.hadoop.hdds.scm.pipeline.SCMPipelineManager.removePipeline(SCMPipelineManager.java:423)
	at org.apache.hadoop.hdds.scm.pipeline.SCMPipelineManager.destroyPipeline(SCMPipelineManager.java:409)
	at org.apache.hadoop.hdds.scm.pipeline.SCMPipelineManager.lambda$finalizeAndDestroyPipeline$0(SCMPipelineManager.java:318)
	at org.apache.hadoop.utils.Scheduler.lambda$schedule$1(Scheduler.java:68)
	at java.util.concurrent.Executors$RunnableAdapter.call(Executors.java:511)
	at java.util.concurrent.FutureTask.run(FutureTask.java:266)
	at java.util.concurrent.ScheduledThreadPoolExecutor$ScheduledFutureTask.access$201(ScheduledThreadPoolExecutor.java:180)
	at java.util.concurrent.ScheduledThreadPoolExecutor$ScheduledFutureTask.run(ScheduledThreadPoolExecutor.java:293)
	at java.util.concurrent.ThreadPoolExecutor.runWorker(ThreadPoolExecutor.java:1149)
	at java.util.concurrent.ThreadPoolExecutor$Worker.run(ThreadPoolExecutor.java:624)
	at java.lang.Thread.run(Thread.java:748)
 100.00% |█████████████████████████████████████████████████████████████████████████████████████████████████████|  1/1 Time: 0:03:35
2019-09-17 12:56:28,524 [java.util.concurrent.ThreadPoolExecutor$Worker@4be7cde4[State = -1, empty queue]] WARN  server.GrpcLogAppender (GrpcLogAppender.java:timeoutAppendRequest(200)) - f7ede272-a28a-44e0-9552-15581fc2de04@group-F4D2F7B62D29->84ab4d91-000c-4523-9c5f-2c204b5f6601-GrpcLogAppender: appendEntries Timeout, request=f7ede272-a28a-44e0-9552-15581fc2de04->84ab4d91-000c-4523-9c5f-2c204b5f6601#64-t1, previous=(t:1, i:30), leaderCommit=30, initializing? false, entries: <empty>
2019-09-17 12:56:29,884 [grpc-default-executor-5] INFO  impl.RaftServerProxy (RaftServerProxy.java:remove(95)) - 5e893e0a-56f7-4618-9f46-a6ff48173cb6: remove group-0E70A92CA2C7:null
2019-09-17 12:56:29,890 [RatisPipelineUtilsThread] WARN  pipeline.RatisPipelineUtils (RatisPipelineUtils.java:destroyPipeline(66)) - Pipeline destroy failed for pipeline=PipelineID=2352ae7c-367f-43ff-a988-0e70a92ca2c7 dn=5e893e0a-56f7-4618-9f46-a6ff48173cb6{ip: 192.168.5.153, host: pr-hdds-2137-trunk-mnh2s-3748177197, networkLocation: /default-rack, certSerialId: null}
2019-09-17 12:56:29,895 [grpc-default-executor-5] INFO  impl.RaftServerProxy (RaftServerProxy.java:remove(95)) - 84ab4d91-000c-4523-9c5f-2c204b5f6601: remove group-0E70A92CA2C7:null
2019-09-17 12:56:29,897 [RatisPipelineUtilsThread] WARN  pipeline.RatisPipelineUtils (RatisPipelineUtils.java:destroyPipeline(66)) - Pipeline destroy failed for pipeline=PipelineID=2352ae7c-367f-43ff-a988-0e70a92ca2c7 dn=84ab4d91-000c-4523-9c5f-2c204b5f6601{ip: 192.168.5.153, host: pr-hdds-2137-trunk-mnh2s-3748177197, networkLocation: /default-rack, certSerialId: null}
2019-09-17 12:56:29,900 [grpc-default-executor-5] INFO  impl.RaftServerProxy (RaftServerProxy.java:remove(95)) - f7ede272-a28a-44e0-9552-15581fc2de04: remove group-0E70A92CA2C7:null
2019-09-17 12:56:29,902 [RatisPipelineUtilsThread] WARN  pipeline.RatisPipelineUtils (RatisPipelineUtils.java:destroyPipeline(66)) - Pipeline destroy failed for pipeline=PipelineID=2352ae7c-367f-43ff-a988-0e70a92ca2c7 dn=f7ede272-a28a-44e0-9552-15581fc2de04{ip: 192.168.5.153, host: pr-hdds-2137-trunk-mnh2s-3748177197, networkLocation: /default-rack, certSerialId: null}
2019-09-17 12:56:29,903 [RatisPipelineUtilsThread] ERROR pipeline.SCMPipelineManager (Scheduler.java:lambda$schedule$1(70)) - Destroy pipeline failed for pipeline:Pipeline[ Id: 2352ae7c-367f-43ff-a988-0e70a92ca2c7, Nodes: 5e893e0a-56f7-4618-9f46-a6ff48173cb6{ip: 192.168.5.153, host: pr-hdds-2137-trunk-mnh2s-3748177197, networkLocation: /default-rack, certSerialId: null}84ab4d91-000c-4523-9c5f-2c204b5f6601{ip: 192.168.5.153, host: pr-hdds-2137-trunk-mnh2s-3748177197, networkLocation: /default-rack, certSerialId: null}f7ede272-a28a-44e0-9552-15581fc2de04{ip: 192.168.5.153, host: pr-hdds-2137-trunk-mnh2s-3748177197, networkLocation: /default-rack, certSerialId: null}, Type:RATIS, Factor:THREE, State:CLOSED]
org.apache.hadoop.hdds.scm.pipeline.PipelineNotFoundException: PipelineID=2352ae7c-367f-43ff-a988-0e70a92ca2c7 not found
	at org.apache.hadoop.hdds.scm.pipeline.PipelineStateMap.getPipeline(PipelineStateMap.java:132)
	at org.apache.hadoop.hdds.scm.pipeline.PipelineStateMap.removePipeline(PipelineStateMap.java:322)
	at org.apache.hadoop.hdds.scm.pipeline.PipelineStateManager.removePipeline(PipelineStateManager.java:107)
	at org.apache.hadoop.hdds.scm.pipeline.SCMPipelineManager.removePipeline(SCMPipelineManager.java:423)
	at org.apache.hadoop.hdds.scm.pipeline.SCMPipelineManager.destroyPipeline(SCMPipelineManager.java:409)
	at org.apache.hadoop.hdds.scm.pipeline.SCMPipelineManager.lambda$finalizeAndDestroyPipeline$0(SCMPipelineManager.java:318)
	at org.apache.hadoop.utils.Scheduler.lambda$schedule$1(Scheduler.java:68)
	at java.util.concurrent.Executors$RunnableAdapter.call(Executors.java:511)
	at java.util.concurrent.FutureTask.run(FutureTask.java:266)
	at java.util.concurrent.ScheduledThreadPoolExecutor$ScheduledFutureTask.access$201(ScheduledThreadPoolExecutor.java:180)
	at java.util.concurrent.ScheduledThreadPoolExecutor$ScheduledFutureTask.run(ScheduledThreadPoolExecutor.java:293)
	at java.util.concurrent.ThreadPoolExecutor.runWorker(ThreadPoolExecutor.java:1149)
	at java.util.concurrent.ThreadPoolExecutor$Worker.run(ThreadPoolExecutor.java:624)
	at java.lang.Thread.run(Thread.java:748)
2019-09-17 12:56:31,025 [java.util.concurrent.ThreadPoolExecutor$Worker@4be7cde4[State = -1, empty queue]] WARN  server.GrpcLogAppender (GrpcLogAppender.java:timeoutAppendRequest(200)) - f7ede272-a28a-44e0-9552-15581fc2de04@group-F4D2F7B62D29->84ab4d91-000c-4523-9c5f-2c204b5f6601-GrpcLogAppender: appendEntries Timeout, request=f7ede272-a28a-44e0-9552-15581fc2de04->84ab4d91-000c-4523-9c5f-2c204b5f6601#65-t1, previous=(t:1, i:30), leaderCommit=30, initializing? false, entries: <empty>
2019-09-17 12:56:31,861 [Thread-2294] INFO  client.GrpcClientProtocolService (GrpcClientProtocolService.java:lambda$processClientRequest$0(278)) - Failed RaftClientRequest:client-F9FFF08073A2->f7ede272-a28a-44e0-9552-15581fc2de04@group-F4D2F7B62D29, cid=401, seq=0, Watch-ALL_COMMITTED(28), Message:<EMPTY>, reply=RaftClientReply:client-F9FFF08073A2->f7ede272-a28a-44e0-9552-15581fc2de04@group-F4D2F7B62D29, cid=401, FAILED org.apache.ratis.protocol.NotReplicatedException: Request with call Id 401 and log index 28 is not yet replicated to ALL_COMMITTED, logIndex=28, commits[f7ede272-a28a-44e0-9552-15581fc2de04:c30, 5e893e0a-56f7-4618-9f46-a6ff48173cb6:c30, 84ab4d91-000c-4523-9c5f-2c204b5f6601:c12]
2019-09-17 12:56:31,868 [grpc-default-executor-5] INFO  client.GrpcClientProtocolClient (GrpcClientProtocolClient.java:onNext(264)) - client-F9FFF08073A2->f7ede272-a28a-44e0-9552-15581fc2de04: receive RaftClientReply:client-F9FFF08073A2->f7ede272-a28a-44e0-9552-15581fc2de04@group-F4D2F7B62D29, cid=401, FAILED org.apache.ratis.protocol.NotReplicatedException: Request with call Id 401 and log index 28 is not yet replicated to ALL_COMMITTED, logIndex=28, commits[f7ede272-a28a-44e0-9552-15581fc2de04:c30, 5e893e0a-56f7-4618-9f46-a6ff48173cb6:c30, 84ab4d91-000c-4523-9c5f-2c204b5f6601:c12]
2019-09-17 12:56:32,267 [84ab4d91-000c-4523-9c5f-2c204b5f6601@group-F4D2F7B62D29-SegmentedRaftLogWorker] WARN  segmented.SegmentedRaftLogWorker (SegmentedRaftLogWorker.java:getFromFuture(90)) - Timeout 2/~
org.apache.ratis.protocol.TimeoutIOException: Timeout 10s: WriteLog:19: (t:1, i:19), STATEMACHINELOGENTRY, client-F9FFF08073A2, cid=378-writeStateMachineData
	at org.apache.ratis.util.IOUtils.getFromFuture(IOUtils.java:87)
	at org.apache.ratis.server.raftlog.segmented.SegmentedRaftLogWorker$StateMachineDataPolicy.getFromFuture(SegmentedRaftLogWorker.java:87)
	at org.apache.ratis.server.raftlog.segmented.SegmentedRaftLogWorker$WriteLog.execute(SegmentedRaftLogWorker.java:477)
	at org.apache.ratis.server.raftlog.segmented.SegmentedRaftLogWorker.run(SegmentedRaftLogWorker.java:289)
	at java.lang.Thread.run(Thread.java:748)
Caused by: java.util.concurrent.TimeoutException
	at java.util.concurrent.CompletableFuture.timedGet(CompletableFuture.java:1771)
	at java.util.concurrent.CompletableFuture.get(CompletableFuture.java:1915)
	at org.apache.ratis.util.IOUtils.getFromFuture(IOUtils.java:79)
	... 4 more
2019-09-17 12:56:32,895 [grpc-default-executor-5] INFO  impl.RaftServerProxy (RaftServerProxy.java:remove(95)) - 5e893e0a-56f7-4618-9f46-a6ff48173cb6: remove group-0E70A92CA2C7:null
2019-09-17 12:56:32,900 [RatisPipelineUtilsThread] WARN  pipeline.RatisPipelineUtils (RatisPipelineUtils.java:destroyPipeline(66)) - Pipeline destroy failed for pipeline=PipelineID=2352ae7c-367f-43ff-a988-0e70a92ca2c7 dn=5e893e0a-56f7-4618-9f46-a6ff48173cb6{ip: 192.168.5.153, host: pr-hdds-2137-trunk-mnh2s-3748177197, networkLocation: /default-rack, certSerialId: null}
2019-09-17 12:56:32,903 [grpc-default-executor-5] INFO  impl.RaftServerProxy (RaftServerProxy.java:remove(95)) - 84ab4d91-000c-4523-9c5f-2c204b5f6601: remove group-0E70A92CA2C7:null
2019-09-17 12:56:32,905 [RatisPipelineUtilsThread] WARN  pipeline.RatisPipelineUtils (RatisPipelineUtils.java:destroyPipeline(66)) - Pipeline destroy failed for pipeline=PipelineID=2352ae7c-367f-43ff-a988-0e70a92ca2c7 dn=84ab4d91-000c-4523-9c5f-2c204b5f6601{ip: 192.168.5.153, host: pr-hdds-2137-trunk-mnh2s-3748177197, networkLocation: /default-rack, certSerialId: null}
2019-09-17 12:56:32,908 [grpc-default-executor-5] INFO  impl.RaftServerProxy (RaftServerProxy.java:remove(95)) - f7ede272-a28a-44e0-9552-15581fc2de04: remove group-0E70A92CA2C7:null
]]></system-out>
    <system-err><![CDATA[ERROR StatusLogger No Log4j 2 configuration file found. Using default configuration (logging only errors to the console), or user programmatically provided configurations. Set system property 'log4j2.debug' to show Log4j 2 internal initialization logging. See https://logging.apache.org/log4j/2.x/manual/configuration.html for instructions on how to configure Log4j 2
Sep 17, 2019 12:56:00 PM org.apache.ratis.thirdparty.io.grpc.internal.SerializingExecutor run
SEVERE: Exception while executing runnable org.apache.ratis.thirdparty.io.grpc.internal.ServerImpl$JumpToApplicationThreadServerStreamListener$1Closed@b3bc138
org.apache.ratis.thirdparty.io.grpc.StatusRuntimeException: CANCELLED: call already cancelled
	at org.apache.ratis.thirdparty.io.grpc.Status.asRuntimeException(Status.java:517)
	at org.apache.ratis.thirdparty.io.grpc.stub.ServerCalls$ServerCallStreamObserverImpl.onCompleted(ServerCalls.java:356)
	at org.apache.ratis.grpc.server.GrpcServerProtocolService$ServerRequestStreamObserver.onError(GrpcServerProtocolService.java:121)
	at org.apache.ratis.thirdparty.io.grpc.stub.ServerCalls$StreamingServerCallHandler$StreamingServerCallListener.onCancel(ServerCalls.java:269)
	at org.apache.ratis.thirdparty.io.grpc.internal.ServerCallImpl$ServerStreamListenerImpl.closed(ServerCallImpl.java:293)
	at org.apache.ratis.thirdparty.io.grpc.internal.ServerImpl$JumpToApplicationThreadServerStreamListener$1Closed.runInContext(ServerImpl.java:741)
	at org.apache.ratis.thirdparty.io.grpc.internal.ContextRunnable.run(ContextRunnable.java:37)
	at org.apache.ratis.thirdparty.io.grpc.internal.SerializingExecutor.run(SerializingExecutor.java:123)
	at java.util.concurrent.ThreadPoolExecutor.runWorker(ThreadPoolExecutor.java:1149)
	at java.util.concurrent.ThreadPoolExecutor$Worker.run(ThreadPoolExecutor.java:624)
	at java.lang.Thread.run(Thread.java:748)

Sep 17, 2019 12:56:00 PM org.apache.ratis.thirdparty.io.grpc.internal.SerializingExecutor run
SEVERE: Exception while executing runnable org.apache.ratis.thirdparty.io.grpc.internal.ServerImpl$JumpToApplicationThreadServerStreamListener$1Closed@5758216c
org.apache.ratis.thirdparty.io.grpc.StatusRuntimeException: CANCELLED: call already cancelled
	at org.apache.ratis.thirdparty.io.grpc.Status.asRuntimeException(Status.java:517)
	at org.apache.ratis.thirdparty.io.grpc.stub.ServerCalls$ServerCallStreamObserverImpl.onCompleted(ServerCalls.java:356)
	at org.apache.ratis.grpc.server.GrpcServerProtocolService$ServerRequestStreamObserver.onError(GrpcServerProtocolService.java:121)
	at org.apache.ratis.thirdparty.io.grpc.stub.ServerCalls$StreamingServerCallHandler$StreamingServerCallListener.onCancel(ServerCalls.java:269)
	at org.apache.ratis.thirdparty.io.grpc.internal.ServerCallImpl$ServerStreamListenerImpl.closed(ServerCallImpl.java:293)
	at org.apache.ratis.thirdparty.io.grpc.internal.ServerImpl$JumpToApplicationThreadServerStreamListener$1Closed.runInContext(ServerImpl.java:741)
	at org.apache.ratis.thirdparty.io.grpc.internal.ContextRunnable.run(ContextRunnable.java:37)
	at org.apache.ratis.thirdparty.io.grpc.internal.SerializingExecutor.run(SerializingExecutor.java:123)
	at java.util.concurrent.ThreadPoolExecutor.runWorker(ThreadPoolExecutor.java:1149)
	at java.util.concurrent.ThreadPoolExecutor$Worker.run(ThreadPoolExecutor.java:624)
	at java.lang.Thread.run(Thread.java:748)

]]></system-err>
  </testcase>
</testsuite>