<?xml version="1.0" encoding="UTF-8"?>
<testsuite xmlns:xsi="http://www.w3.org/2001/XMLSchema-instance" xsi:noNamespaceSchemaLocation="https://maven.apache.org/surefire/maven-surefire-plugin/xsd/surefire-test-report.xsd" name="org.apache.hadoop.ozone.freon.TestDataValidateWithUnsafeByteOperations" time="377.367" tests="3" errors="1" skipped="0" failures="0">
  <properties>
    <property name="awt.toolkit" value="sun.awt.X11.XToolkit"/>
    <property name="file.encoding.pkg" value="sun.io"/>
    <property name="java.specification.version" value="1.8"/>
    <property name="sun.cpu.isalist" value=""/>
    <property name="sun.jnu.encoding" value="UTF-8"/>
    <property name="java.class.path" value="/tmp/workdir/hadoop-ozone/tools/target/test-classes:/tmp/workdir/hadoop-ozone/tools/target/classes:/home/user/.m2/repository/org/apache/hadoop/hadoop-ozone-ozone-manager/0.5.0-SNAPSHOT/hadoop-ozone-ozone-manager-0.5.0-SNAPSHOT.jar:/home/user/.m2/repository/org/apache/hadoop/hadoop-hdds-docs/0.5.0-SNAPSHOT/hadoop-hdds-docs-0.5.0-SNAPSHOT.jar:/home/user/.m2/repository/org/bouncycastle/bcprov-jdk15on/1.60/bcprov-jdk15on-1.60.jar:/home/user/.m2/repository/org/apache/hadoop/hadoop-ozone-common/0.5.0-SNAPSHOT/hadoop-ozone-common-0.5.0-SNAPSHOT.jar:/home/user/.m2/repository/org/apache/commons/commons-compress/1.4.1/commons-compress-1.4.1.jar:/home/user/.m2/repository/org/tukaani/xz/1.0/xz-1.0.jar:/home/user/.m2/repository/org/apache/hadoop/hadoop-hdfs-client/3.2.0/hadoop-hdfs-client-3.2.0.jar:/home/user/.m2/repository/com/fasterxml/jackson/core/jackson-annotations/2.9.5/jackson-annotations-2.9.5.jar:/home/user/.m2/repository/org/apache/hadoop/hadoop-hdds-common/0.5.0-SNAPSHOT/hadoop-hdds-common-0.5.0-SNAPSHOT.jar:/home/user/.m2/repository/org/apache/hadoop/hadoop-hdds-config/0.5.0-SNAPSHOT/hadoop-hdds-config-0.5.0-SNAPSHOT.jar:/home/user/.m2/repository/javax/annotation/javax.annotation-api/1.2/javax.annotation-api-1.2.jar:/home/user/.m2/repository/org/apache/ratis/ratis-server/0.4.0-78e95b9-SNAPSHOT/ratis-server-0.4.0-78e95b9-SNAPSHOT.jar:/home/user/.m2/repository/org/apache/ratis/ratis-thirdparty-misc/0.2.0/ratis-thirdparty-misc-0.2.0.jar:/home/user/.m2/repository/org/apache/ratis/ratis-proto/0.4.0-78e95b9-SNAPSHOT/ratis-proto-0.4.0-78e95b9-SNAPSHOT.jar:/home/user/.m2/repository/org/apache/ratis/ratis-common/0.4.0-78e95b9-SNAPSHOT/ratis-common-0.4.0-78e95b9-SNAPSHOT.jar:/home/user/.m2/repository/org/apache/ratis/ratis-client/0.4.0-78e95b9-SNAPSHOT/ratis-client-0.4.0-78e95b9-SNAPSHOT.jar:/home/user/.m2/repository/org/apache/ratis/ratis-metrics/0.4.0-78e95b9-SNAPSHOT/ratis-metrics-0.4.0-78e95b9-SNAPSHOT.jar:/home/user/.m2/repository/com/github/joshelser/dropwizard-metrics-hadoop-metrics2-reporter/0.1.2/dropwizard-metrics-hadoop-metrics2-reporter-0.1.2.jar:/home/user/.m2/repository/io/dropwizard/metrics/metrics-jvm/3.2.5/metrics-jvm-3.2.5.jar:/home/user/.m2/repository/io/dropwizard/metrics/metrics-ganglia/3.2.5/metrics-ganglia-3.2.5.jar:/home/user/.m2/repository/info/ganglia/gmetric4j/gmetric4j/1.0.7/gmetric4j-1.0.7.jar:/home/user/.m2/repository/org/apache/ratis/ratis-netty/0.4.0-78e95b9-SNAPSHOT/ratis-netty-0.4.0-78e95b9-SNAPSHOT.jar:/home/user/.m2/repository/org/apache/ratis/ratis-grpc/0.4.0-78e95b9-SNAPSHOT/ratis-grpc-0.4.0-78e95b9-SNAPSHOT.jar:/home/user/.m2/repository/org/rocksdb/rocksdbjni/6.0.1/rocksdbjni-6.0.1.jar:/home/user/.m2/repository/org/apache/logging/log4j/log4j-api/2.11.0/log4j-api-2.11.0.jar:/home/user/.m2/repository/org/apache/logging/log4j/log4j-core/2.11.0/log4j-core-2.11.0.jar:/home/user/.m2/repository/com/lmax/disruptor/3.4.2/disruptor-3.4.2.jar:/home/user/.m2/repository/org/apache/commons/commons-pool2/2.6.0/commons-pool2-2.6.0.jar:/home/user/.m2/repository/org/bouncycastle/bcpkix-jdk15on/1.60/bcpkix-jdk15on-1.60.jar:/home/user/.m2/repository/commons-validator/commons-validator/1.6/commons-validator-1.6.jar:/home/user/.m2/repository/commons-digester/commons-digester/1.8.1/commons-digester-1.8.1.jar:/home/user/.m2/repository/io/jaegertracing/jaeger-client/0.33.1/jaeger-client-0.33.1.jar:/home/user/.m2/repository/io/jaegertracing/jaeger-thrift/0.33.1/jaeger-thrift-0.33.1.jar:/home/user/.m2/repository/org/apache/thrift/libthrift/0.11.0/libthrift-0.11.0.jar:/home/user/.m2/repository/com/squareup/okhttp3/okhttp/3.9.0/okhttp-3.9.0.jar:/home/user/.m2/repository/com/squareup/okio/okio/1.13.0/okio-1.13.0.jar:/home/user/.m2/repository/io/jaegertracing/jaeger-core/0.33.1/jaeger-core-0.33.1.jar:/home/user/.m2/repository/io/jaegertracing/jaeger-tracerresolver/0.33.1/jaeger-tracerresolver-0.33.1.jar:/home/user/.m2/repository/io/opentracing/contrib/opentracing-tracerresolver/0.1.5/opentracing-tracerresolver-0.1.5.jar:/home/user/.m2/repository/io/opentracing/opentracing-util/0.31.0/opentracing-util-0.31.0.jar:/home/user/.m2/repository/io/opentracing/opentracing-api/0.31.0/opentracing-api-0.31.0.jar:/home/user/.m2/repository/io/opentracing/opentracing-noop/0.31.0/opentracing-noop-0.31.0.jar:/home/user/.m2/repository/org/yaml/snakeyaml/1.16/snakeyaml-1.16.jar:/home/user/.m2/repository/org/apache/hadoop/hadoop-hdds-container-service/0.5.0-SNAPSHOT/hadoop-hdds-container-service-0.5.0-SNAPSHOT.jar:/home/user/.m2/repository/org/apache/hadoop/hadoop-hdds-client/0.5.0-SNAPSHOT/hadoop-hdds-client-0.5.0-SNAPSHOT.jar:/home/user/.m2/repository/org/apache/hadoop/hadoop-hdds-tools/0.5.0-SNAPSHOT/hadoop-hdds-tools-0.5.0-SNAPSHOT.jar:/home/user/.m2/repository/org/xerial/sqlite-jdbc/3.25.2/sqlite-jdbc-3.25.2.jar:/home/user/.m2/repository/org/apache/hadoop/hadoop-hdds-server-scm/0.5.0-SNAPSHOT/hadoop-hdds-server-scm-0.5.0-SNAPSHOT.jar:/home/user/.m2/repository/org/hamcrest/hamcrest-all/1.3/hamcrest-all-1.3.jar:/home/user/.m2/repository/info/picocli/picocli/3.9.6/picocli-3.9.6.jar:/home/user/.m2/repository/com/google/protobuf/protobuf-java/2.5.0/protobuf-java-2.5.0.jar:/home/user/.m2/repository/com/google/guava/guava/11.0.2/guava-11.0.2.jar:/home/user/.m2/repository/org/apache/hadoop/hadoop-ozone-client/0.5.0-SNAPSHOT/hadoop-ozone-client-0.5.0-SNAPSHOT.jar:/tmp/workdir/hadoop-ozone/ozonefs/target/classes:/home/user/.m2/repository/org/apache/hadoop/hadoop-hdds-server-framework/0.5.0-SNAPSHOT/hadoop-hdds-server-framework-0.5.0-SNAPSHOT.jar:/home/user/.m2/repository/org/apache/hadoop/hadoop-common/3.2.0/hadoop-common-3.2.0.jar:/home/user/.m2/repository/org/apache/hadoop/hadoop-annotations/3.2.0/hadoop-annotations-3.2.0.jar:/usr/lib/jvm/java-1.8-openjdk/jre/../lib/tools.jar:/home/user/.m2/repository/commons-cli/commons-cli/1.2/commons-cli-1.2.jar:/home/user/.m2/repository/org/apache/commons/commons-math3/3.1.1/commons-math3-3.1.1.jar:/home/user/.m2/repository/org/apache/httpcomponents/httpclient/4.5.2/httpclient-4.5.2.jar:/home/user/.m2/repository/org/apache/httpcomponents/httpcore/4.4.4/httpcore-4.4.4.jar:/home/user/.m2/repository/commons-codec/commons-codec/1.11/commons-codec-1.11.jar:/home/user/.m2/repository/commons-io/commons-io/2.5/commons-io-2.5.jar:/home/user/.m2/repository/commons-net/commons-net/3.6/commons-net-3.6.jar:/home/user/.m2/repository/commons-collections/commons-collections/3.2.2/commons-collections-3.2.2.jar:/home/user/.m2/repository/javax/servlet/javax.servlet-api/3.1.0/javax.servlet-api-3.1.0.jar:/home/user/.m2/repository/org/eclipse/jetty/jetty-server/9.3.24.v20180605/jetty-server-9.3.24.v20180605.jar:/home/user/.m2/repository/org/eclipse/jetty/jetty-http/9.3.24.v20180605/jetty-http-9.3.24.v20180605.jar:/home/user/.m2/repository/org/eclipse/jetty/jetty-io/9.3.24.v20180605/jetty-io-9.3.24.v20180605.jar:/home/user/.m2/repository/org/eclipse/jetty/jetty-util/9.3.24.v20180605/jetty-util-9.3.24.v20180605.jar:/home/user/.m2/repository/org/eclipse/jetty/jetty-servlet/9.3.24.v20180605/jetty-servlet-9.3.24.v20180605.jar:/home/user/.m2/repository/org/eclipse/jetty/jetty-security/9.3.24.v20180605/jetty-security-9.3.24.v20180605.jar:/home/user/.m2/repository/org/eclipse/jetty/jetty-webapp/9.3.24.v20180605/jetty-webapp-9.3.24.v20180605.jar:/home/user/.m2/repository/org/eclipse/jetty/jetty-xml/9.3.24.v20180605/jetty-xml-9.3.24.v20180605.jar:/home/user/.m2/repository/javax/servlet/jsp/jsp-api/2.1/jsp-api-2.1.jar:/home/user/.m2/repository/com/sun/jersey/jersey-core/1.19/jersey-core-1.19.jar:/home/user/.m2/repository/javax/ws/rs/jsr311-api/1.1.1/jsr311-api-1.1.1.jar:/home/user/.m2/repository/com/sun/jersey/jersey-servlet/1.19/jersey-servlet-1.19.jar:/home/user/.m2/repository/com/sun/jersey/jersey-json/1.19/jersey-json-1.19.jar:/home/user/.m2/repository/org/codehaus/jettison/jettison/1.1/jettison-1.1.jar:/home/user/.m2/repository/com/sun/xml/bind/jaxb-impl/2.3.0.1/jaxb-impl-2.3.0.1.jar:/home/user/.m2/repository/org/codehaus/jackson/jackson-core-asl/1.9.13/jackson-core-asl-1.9.13.jar:/home/user/.m2/repository/org/codehaus/jackson/jackson-mapper-asl/1.9.13/jackson-mapper-asl-1.9.13.jar:/home/user/.m2/repository/org/codehaus/jackson/jackson-jaxrs/1.9.13/jackson-jaxrs-1.9.13.jar:/home/user/.m2/repository/org/codehaus/jackson/jackson-xc/1.9.13/jackson-xc-1.9.13.jar:/home/user/.m2/repository/com/sun/jersey/jersey-server/1.19/jersey-server-1.19.jar:/home/user/.m2/repository/commons-logging/commons-logging/1.1.3/commons-logging-1.1.3.jar:/home/user/.m2/repository/log4j/log4j/1.2.17/log4j-1.2.17.jar:/home/user/.m2/repository/commons-beanutils/commons-beanutils/1.9.3/commons-beanutils-1.9.3.jar:/home/user/.m2/repository/org/apache/commons/commons-configuration2/2.1.1/commons-configuration2-2.1.1.jar:/home/user/.m2/repository/org/apache/commons/commons-lang3/3.7/commons-lang3-3.7.jar:/home/user/.m2/repository/org/apache/commons/commons-text/1.4/commons-text-1.4.jar:/home/user/.m2/repository/org/slf4j/slf4j-api/1.7.25/slf4j-api-1.7.25.jar:/home/user/.m2/repository/org/slf4j/slf4j-log4j12/1.7.25/slf4j-log4j12-1.7.25.jar:/home/user/.m2/repository/org/apache/avro/avro/1.7.7/avro-1.7.7.jar:/home/user/.m2/repository/com/thoughtworks/paranamer/paranamer/2.3/paranamer-2.3.jar:/home/user/.m2/repository/org/xerial/snappy/snappy-java/1.0.5/snappy-java-1.0.5.jar:/home/user/.m2/repository/com/google/re2j/re2j/1.1/re2j-1.1.jar:/home/user/.m2/repository/com/google/code/gson/gson/2.2.4/gson-2.2.4.jar:/home/user/.m2/repository/org/apache/hadoop/hadoop-auth/3.2.0/hadoop-auth-3.2.0.jar:/home/user/.m2/repository/com/nimbusds/nimbus-jose-jwt/4.41.1/nimbus-jose-jwt-4.41.1.jar:/home/user/.m2/repository/com/github/stephenc/jcip/jcip-annotations/1.0-1/jcip-annotations-1.0-1.jar:/home/user/.m2/repository/net/minidev/json-smart/2.3/json-smart-2.3.jar:/home/user/.m2/repository/net/minidev/accessors-smart/1.2/accessors-smart-1.2.jar:/home/user/.m2/repository/org/apache/curator/curator-framework/2.12.0/curator-framework-2.12.0.jar:/home/user/.m2/repository/com/jcraft/jsch/0.1.54/jsch-0.1.54.jar:/home/user/.m2/repository/org/apache/curator/curator-client/2.12.0/curator-client-2.12.0.jar:/home/user/.m2/repository/org/apache/curator/curator-recipes/2.12.0/curator-recipes-2.12.0.jar:/home/user/.m2/repository/com/google/code/findbugs/jsr305/3.0.0/jsr305-3.0.0.jar:/home/user/.m2/repository/org/apache/htrace/htrace-core4/4.1.0-incubating/htrace-core4-4.1.0-incubating.jar:/home/user/.m2/repository/org/apache/zookeeper/zookeeper/3.4.13/zookeeper-3.4.13.jar:/home/user/.m2/repository/org/apache/yetus/audience-annotations/0.5.0/audience-annotations-0.5.0.jar:/home/user/.m2/repository/org/apache/kerby/kerb-simplekdc/1.0.1/kerb-simplekdc-1.0.1.jar:/home/user/.m2/repository/org/apache/kerby/kerb-client/1.0.1/kerb-client-1.0.1.jar:/home/user/.m2/repository/org/apache/kerby/kerby-config/1.0.1/kerby-config-1.0.1.jar:/home/user/.m2/repository/org/apache/kerby/kerb-core/1.0.1/kerb-core-1.0.1.jar:/home/user/.m2/repository/org/apache/kerby/kerby-pkix/1.0.1/kerby-pkix-1.0.1.jar:/home/user/.m2/repository/org/apache/kerby/kerby-asn1/1.0.1/kerby-asn1-1.0.1.jar:/home/user/.m2/repository/org/apache/kerby/kerby-util/1.0.1/kerby-util-1.0.1.jar:/home/user/.m2/repository/org/apache/kerby/kerb-common/1.0.1/kerb-common-1.0.1.jar:/home/user/.m2/repository/org/apache/kerby/kerb-crypto/1.0.1/kerb-crypto-1.0.1.jar:/home/user/.m2/repository/org/apache/kerby/kerb-util/1.0.1/kerb-util-1.0.1.jar:/home/user/.m2/repository/org/apache/kerby/token-provider/1.0.1/token-provider-1.0.1.jar:/home/user/.m2/repository/org/apache/kerby/kerb-admin/1.0.1/kerb-admin-1.0.1.jar:/home/user/.m2/repository/org/apache/kerby/kerb-server/1.0.1/kerb-server-1.0.1.jar:/home/user/.m2/repository/org/apache/kerby/kerb-identity/1.0.1/kerb-identity-1.0.1.jar:/home/user/.m2/repository/org/apache/kerby/kerby-xdr/1.0.1/kerby-xdr-1.0.1.jar:/home/user/.m2/repository/com/fasterxml/jackson/core/jackson-databind/2.9.5/jackson-databind-2.9.5.jar:/home/user/.m2/repository/com/fasterxml/jackson/core/jackson-core/2.9.5/jackson-core-2.9.5.jar:/home/user/.m2/repository/org/codehaus/woodstox/stax2-api/3.1.4/stax2-api-3.1.4.jar:/home/user/.m2/repository/com/fasterxml/woodstox/woodstox-core/5.0.3/woodstox-core-5.0.3.jar:/home/user/.m2/repository/dnsjava/dnsjava/2.1.7/dnsjava-2.1.7.jar:/home/user/.m2/repository/org/apache/hadoop/hadoop-hdfs/3.2.0/hadoop-hdfs-3.2.0.jar:/home/user/.m2/repository/org/eclipse/jetty/jetty-util-ajax/9.3.24.v20180605/jetty-util-ajax-9.3.24.v20180605.jar:/home/user/.m2/repository/commons-daemon/commons-daemon/1.0.13/commons-daemon-1.0.13.jar:/home/user/.m2/repository/io/netty/netty/3.10.5.Final/netty-3.10.5.Final.jar:/home/user/.m2/repository/io/netty/netty-all/4.0.52.Final/netty-all-4.0.52.Final.jar:/home/user/.m2/repository/org/fusesource/leveldbjni/leveldbjni-all/1.8/leveldbjni-all-1.8.jar:/home/user/.m2/repository/com/sun/xml/bind/jaxb-core/2.3.0.1/jaxb-core-2.3.0.1.jar:/home/user/.m2/repository/javax/xml/bind/jaxb-api/2.3.0/jaxb-api-2.3.0.jar:/home/user/.m2/repository/javax/activation/activation/1.1.1/activation-1.1.1.jar:/home/user/.m2/repository/io/dropwizard/metrics/metrics-core/3.2.4/metrics-core-3.2.4.jar:/home/user/.m2/repository/org/openjdk/jmh/jmh-core/1.19/jmh-core-1.19.jar:/home/user/.m2/repository/net/sf/jopt-simple/jopt-simple/4.6/jopt-simple-4.6.jar:/home/user/.m2/repository/org/openjdk/jmh/jmh-generator-annprocess/1.19/jmh-generator-annprocess-1.19.jar:/home/user/.m2/repository/com/google/code/findbugs/findbugs/3.0.1/findbugs-3.0.1.jar:/home/user/.m2/repository/net/jcip/jcip-annotations/1.0/jcip-annotations-1.0.jar:/home/user/.m2/repository/com/google/code/findbugs/bcel-findbugs/6.0/bcel-findbugs-6.0.jar:/home/user/.m2/repository/com/google/code/findbugs/jFormatString/2.0.1/jFormatString-2.0.1.jar:/home/user/.m2/repository/dom4j/dom4j/1.6.1/dom4j-1.6.1.jar:/home/user/.m2/repository/xml-apis/xml-apis/1.0.b2/xml-apis-1.0.b2.jar:/home/user/.m2/repository/org/ow2/asm/asm-debug-all/5.0.2/asm-debug-all-5.0.2.jar:/home/user/.m2/repository/org/ow2/asm/asm-commons/5.0.2/asm-commons-5.0.2.jar:/home/user/.m2/repository/org/ow2/asm/asm-tree/5.0.2/asm-tree-5.0.2.jar:/home/user/.m2/repository/org/ow2/asm/asm/5.0.4/asm-5.0.4.jar:/home/user/.m2/repository/commons-lang/commons-lang/2.6/commons-lang-2.6.jar:/home/user/.m2/repository/com/apple/AppleJavaExtensions/1.4/AppleJavaExtensions-1.4.jar:/home/user/.m2/repository/jaxen/jaxen/1.1.6/jaxen-1.1.6.jar:/home/user/.m2/repository/junit/junit/4.11/junit-4.11.jar:/home/user/.m2/repository/org/hamcrest/hamcrest-core/1.3/hamcrest-core-1.3.jar:/home/user/.m2/repository/org/apache/hadoop/hadoop-common/3.2.0/hadoop-common-3.2.0-tests.jar:/tmp/workdir/hadoop-ozone/integration-test/target/test-classes:/home/user/.m2/repository/org/apache/hadoop/hadoop-ozone-s3gateway/0.5.0-SNAPSHOT/hadoop-ozone-s3gateway-0.5.0-SNAPSHOT.jar:/home/user/.m2/repository/org/jboss/weld/servlet/weld-servlet/2.4.7.Final/weld-servlet-2.4.7.Final.jar:/home/user/.m2/repository/org/glassfish/jersey/containers/jersey-container-servlet-core/2.27/jersey-container-servlet-core-2.27.jar:/home/user/.m2/repository/org/glassfish/hk2/external/javax.inject/2.5.0-b42/javax.inject-2.5.0-b42.jar:/home/user/.m2/repository/org/glassfish/jersey/core/jersey-common/2.27/jersey-common-2.27.jar:/home/user/.m2/repository/org/glassfish/hk2/osgi-resource-locator/1.0.1/osgi-resource-locator-1.0.1.jar:/home/user/.m2/repository/javax/ws/rs/javax.ws.rs-api/2.1/javax.ws.rs-api-2.1.jar:/home/user/.m2/repository/org/glassfish/jersey/ext/cdi/jersey-cdi1x/2.27/jersey-cdi1x-2.27.jar:/home/user/.m2/repository/org/glassfish/jersey/inject/jersey-hk2/2.27/jersey-hk2-2.27.jar:/home/user/.m2/repository/org/glassfish/hk2/hk2-locator/2.5.0-b42/hk2-locator-2.5.0-b42.jar:/home/user/.m2/repository/org/javassist/javassist/3.22.0-CR2/javassist-3.22.0-CR2.jar:/home/user/.m2/repository/org/glassfish/hk2/hk2-api/2.5.0/hk2-api-2.5.0.jar:/home/user/.m2/repository/org/glassfish/hk2/external/jakarta.inject/2.5.0/jakarta.inject-2.5.0.jar:/home/user/.m2/repository/org/glassfish/hk2/hk2-utils/2.5.0/hk2-utils-2.5.0.jar:/home/user/.m2/repository/jakarta/annotation/jakarta.annotation-api/1.3.4/jakarta.annotation-api-1.3.4.jar:/home/user/.m2/repository/org/glassfish/hk2/external/aopalliance-repackaged/2.5.0/aopalliance-repackaged-2.5.0.jar:/home/user/.m2/repository/com/fasterxml/jackson/dataformat/jackson-dataformat-xml/2.9.0/jackson-dataformat-xml-2.9.0.jar:/home/user/.m2/repository/com/fasterxml/jackson/module/jackson-module-jaxb-annotations/2.9.5/jackson-module-jaxb-annotations-2.9.5.jar:/home/user/.m2/repository/javax/enterprise/cdi-api/1.2/cdi-api-1.2.jar:/home/user/.m2/repository/javax/el/javax.el-api/3.0.0/javax.el-api-3.0.0.jar:/home/user/.m2/repository/javax/interceptor/javax.interceptor-api/1.2/javax.interceptor-api-1.2.jar:/home/user/.m2/repository/javax/inject/javax.inject/1/javax.inject-1.jar:/home/user/.m2/repository/org/apache/hadoop/hadoop-ozone-csi/0.5.0-SNAPSHOT/hadoop-ozone-csi-0.5.0-SNAPSHOT.jar:/home/user/.m2/repository/com/google/protobuf/protobuf-java-util/3.5.1/protobuf-java-util-3.5.1.jar:/home/user/.m2/repository/io/grpc/grpc-netty/1.17.1/grpc-netty-1.17.1.jar:/home/user/.m2/repository/io/grpc/grpc-core/1.17.1/grpc-core-1.17.1.jar:/home/user/.m2/repository/io/grpc/grpc-context/1.17.1/grpc-context-1.17.1.jar:/home/user/.m2/repository/com/google/errorprone/error_prone_annotations/2.2.0/error_prone_annotations-2.2.0.jar:/home/user/.m2/repository/org/codehaus/mojo/animal-sniffer-annotations/1.17/animal-sniffer-annotations-1.17.jar:/home/user/.m2/repository/io/opencensus/opencensus-api/0.17.0/opencensus-api-0.17.0.jar:/home/user/.m2/repository/io/opencensus/opencensus-contrib-grpc-metrics/0.17.0/opencensus-contrib-grpc-metrics-0.17.0.jar:/home/user/.m2/repository/io/netty/netty-codec-http2/4.1.30.Final/netty-codec-http2-4.1.30.Final.jar:/home/user/.m2/repository/io/netty/netty-codec-http/4.1.30.Final/netty-codec-http-4.1.30.Final.jar:/home/user/.m2/repository/io/netty/netty-codec/4.1.30.Final/netty-codec-4.1.30.Final.jar:/home/user/.m2/repository/io/netty/netty-handler/4.1.30.Final/netty-handler-4.1.30.Final.jar:/home/user/.m2/repository/io/netty/netty-handler-proxy/4.1.30.Final/netty-handler-proxy-4.1.30.Final.jar:/home/user/.m2/repository/io/netty/netty-codec-socks/4.1.30.Final/netty-codec-socks-4.1.30.Final.jar:/home/user/.m2/repository/io/netty/netty-transport-native-epoll/4.1.30.Final/netty-transport-native-epoll-4.1.30.Final.jar:/home/user/.m2/repository/io/netty/netty-common/4.1.30.Final/netty-common-4.1.30.Final.jar:/home/user/.m2/repository/io/netty/netty-buffer/4.1.30.Final/netty-buffer-4.1.30.Final.jar:/home/user/.m2/repository/io/netty/netty-transport/4.1.30.Final/netty-transport-4.1.30.Final.jar:/home/user/.m2/repository/io/netty/netty-resolver/4.1.30.Final/netty-resolver-4.1.30.Final.jar:/home/user/.m2/repository/io/netty/netty-transport-native-unix-common/4.1.30.Final/netty-transport-native-unix-common-4.1.30.Final.jar:/home/user/.m2/repository/io/grpc/grpc-protobuf/1.17.1/grpc-protobuf-1.17.1.jar:/home/user/.m2/repository/com/google/api/grpc/proto-google-common-protos/1.0.0/proto-google-common-protos-1.0.0.jar:/home/user/.m2/repository/io/grpc/grpc-protobuf-lite/1.17.1/grpc-protobuf-lite-1.17.1.jar:/home/user/.m2/repository/io/grpc/grpc-stub/1.17.1/grpc-stub-1.17.1.jar:/home/user/.m2/repository/org/apache/hadoop/hadoop-ozone-recon/0.5.0-SNAPSHOT/hadoop-ozone-recon-0.5.0-SNAPSHOT.jar:/home/user/.m2/repository/org/apache/hadoop/hadoop-ozone-reconcodegen/0.5.0-SNAPSHOT/hadoop-ozone-reconcodegen-0.5.0-SNAPSHOT.jar:/home/user/.m2/repository/com/google/inject/extensions/guice-multibindings/4.0/guice-multibindings-4.0.jar:/home/user/.m2/repository/com/google/inject/guice/4.0/guice-4.0.jar:/home/user/.m2/repository/aopalliance/aopalliance/1.0/aopalliance-1.0.jar:/home/user/.m2/repository/com/google/inject/extensions/guice-servlet/4.0/guice-servlet-4.0.jar:/home/user/.m2/repository/org/glassfish/jersey/containers/jersey-container-servlet/2.27/jersey-container-servlet-2.27.jar:/home/user/.m2/repository/org/glassfish/hk2/guice-bridge/2.5.0/guice-bridge-2.5.0.jar:/home/user/.m2/repository/org/glassfish/jersey/core/jersey-server/2.27/jersey-server-2.27.jar:/home/user/.m2/repository/org/glassfish/jersey/core/jersey-client/2.27/jersey-client-2.27.jar:/home/user/.m2/repository/org/glassfish/jersey/media/jersey-media-jaxb/2.27/jersey-media-jaxb-2.27.jar:/home/user/.m2/repository/javax/validation/validation-api/1.1.0.Final/validation-api-1.1.0.Final.jar:/home/user/.m2/repository/org/glassfish/jersey/media/jersey-media-json-jackson/2.27/jersey-media-json-jackson-2.27.jar:/home/user/.m2/repository/org/glassfish/jersey/ext/jersey-entity-filtering/2.27/jersey-entity-filtering-2.27.jar:/home/user/.m2/repository/com/google/inject/extensions/guice-assistedinject/4.0/guice-assistedinject-4.0.jar:/home/user/.m2/repository/org/jooq/jooq/3.11.10/jooq-3.11.10.jar:/home/user/.m2/repository/org/jooq/jooq-meta/3.11.10/jooq-meta-3.11.10.jar:/home/user/.m2/repository/org/jooq/jooq-codegen/3.11.10/jooq-codegen-3.11.10.jar:/home/user/.m2/repository/com/jolbox/bonecp/0.8.0.RELEASE/bonecp-0.8.0.RELEASE.jar:/home/user/.m2/repository/org/springframework/spring-jdbc/5.1.3.RELEASE/spring-jdbc-5.1.3.RELEASE.jar:/home/user/.m2/repository/org/springframework/spring-beans/5.1.3.RELEASE/spring-beans-5.1.3.RELEASE.jar:/home/user/.m2/repository/org/springframework/spring-core/5.1.3.RELEASE/spring-core-5.1.3.RELEASE.jar:/home/user/.m2/repository/org/springframework/spring-jcl/5.1.3.RELEASE/spring-jcl-5.1.3.RELEASE.jar:/home/user/.m2/repository/org/springframework/spring-tx/5.1.3.RELEASE/spring-tx-5.1.3.RELEASE.jar:/home/user/.m2/repository/org/mockito/mockito-core/2.15.0/mockito-core-2.15.0.jar:/home/user/.m2/repository/net/bytebuddy/byte-buddy/1.7.9/byte-buddy-1.7.9.jar:/home/user/.m2/repository/net/bytebuddy/byte-buddy-agent/1.7.9/byte-buddy-agent-1.7.9.jar:/home/user/.m2/repository/org/objenesis/objenesis/1.0/objenesis-1.0.jar:"/>
    <property name="java.vm.vendor" value="IcedTea"/>
    <property name="sun.arch.data.model" value="64"/>
    <property name="test.build.dir" value="/tmp/workdir/hadoop-ozone/tools/target/test-dir"/>
    <property name="test.cache.data" value=""/>
    <property name="java.vendor.url" value="https://icedtea.classpath.org"/>
    <property name="user.timezone" value=""/>
    <property name="java.vm.specification.version" value="1.8"/>
    <property name="os.name" value="Linux"/>
    <property name="test.build.data" value="/tmp/workdir/hadoop-ozone/tools/target/test-dir"/>
    <property name="user.country" value="US"/>
    <property name="sun.java.launcher" value="SUN_STANDARD"/>
    <property name="sun.boot.library.path" value="/usr/lib/jvm/java-1.8-openjdk/jre/lib/amd64"/>
    <property name="sun.java.command" value="/tmp/workdir/hadoop-ozone/tools/target/surefire/surefirebooter7090768967228663742.jar /tmp/workdir/hadoop-ozone/tools/target/surefire 2019-09-17T10-08-38_374-jvmRun1 surefire6589683645585586376tmp surefire_1155843129887925872237tmp"/>
    <property name="test" value="!TestMiniChaosOzoneCluster"/>
    <property name="surefire.test.class.path" value="/tmp/workdir/hadoop-ozone/tools/target/test-classes:/tmp/workdir/hadoop-ozone/tools/target/classes:/home/user/.m2/repository/org/apache/hadoop/hadoop-ozone-ozone-manager/0.5.0-SNAPSHOT/hadoop-ozone-ozone-manager-0.5.0-SNAPSHOT.jar:/home/user/.m2/repository/org/apache/hadoop/hadoop-hdds-docs/0.5.0-SNAPSHOT/hadoop-hdds-docs-0.5.0-SNAPSHOT.jar:/home/user/.m2/repository/org/bouncycastle/bcprov-jdk15on/1.60/bcprov-jdk15on-1.60.jar:/home/user/.m2/repository/org/apache/hadoop/hadoop-ozone-common/0.5.0-SNAPSHOT/hadoop-ozone-common-0.5.0-SNAPSHOT.jar:/home/user/.m2/repository/org/apache/commons/commons-compress/1.4.1/commons-compress-1.4.1.jar:/home/user/.m2/repository/org/tukaani/xz/1.0/xz-1.0.jar:/home/user/.m2/repository/org/apache/hadoop/hadoop-hdfs-client/3.2.0/hadoop-hdfs-client-3.2.0.jar:/home/user/.m2/repository/com/fasterxml/jackson/core/jackson-annotations/2.9.5/jackson-annotations-2.9.5.jar:/home/user/.m2/repository/org/apache/hadoop/hadoop-hdds-common/0.5.0-SNAPSHOT/hadoop-hdds-common-0.5.0-SNAPSHOT.jar:/home/user/.m2/repository/org/apache/hadoop/hadoop-hdds-config/0.5.0-SNAPSHOT/hadoop-hdds-config-0.5.0-SNAPSHOT.jar:/home/user/.m2/repository/javax/annotation/javax.annotation-api/1.2/javax.annotation-api-1.2.jar:/home/user/.m2/repository/org/apache/ratis/ratis-server/0.4.0-78e95b9-SNAPSHOT/ratis-server-0.4.0-78e95b9-SNAPSHOT.jar:/home/user/.m2/repository/org/apache/ratis/ratis-thirdparty-misc/0.2.0/ratis-thirdparty-misc-0.2.0.jar:/home/user/.m2/repository/org/apache/ratis/ratis-proto/0.4.0-78e95b9-SNAPSHOT/ratis-proto-0.4.0-78e95b9-SNAPSHOT.jar:/home/user/.m2/repository/org/apache/ratis/ratis-common/0.4.0-78e95b9-SNAPSHOT/ratis-common-0.4.0-78e95b9-SNAPSHOT.jar:/home/user/.m2/repository/org/apache/ratis/ratis-client/0.4.0-78e95b9-SNAPSHOT/ratis-client-0.4.0-78e95b9-SNAPSHOT.jar:/home/user/.m2/repository/org/apache/ratis/ratis-metrics/0.4.0-78e95b9-SNAPSHOT/ratis-metrics-0.4.0-78e95b9-SNAPSHOT.jar:/home/user/.m2/repository/com/github/joshelser/dropwizard-metrics-hadoop-metrics2-reporter/0.1.2/dropwizard-metrics-hadoop-metrics2-reporter-0.1.2.jar:/home/user/.m2/repository/io/dropwizard/metrics/metrics-jvm/3.2.5/metrics-jvm-3.2.5.jar:/home/user/.m2/repository/io/dropwizard/metrics/metrics-ganglia/3.2.5/metrics-ganglia-3.2.5.jar:/home/user/.m2/repository/info/ganglia/gmetric4j/gmetric4j/1.0.7/gmetric4j-1.0.7.jar:/home/user/.m2/repository/org/apache/ratis/ratis-netty/0.4.0-78e95b9-SNAPSHOT/ratis-netty-0.4.0-78e95b9-SNAPSHOT.jar:/home/user/.m2/repository/org/apache/ratis/ratis-grpc/0.4.0-78e95b9-SNAPSHOT/ratis-grpc-0.4.0-78e95b9-SNAPSHOT.jar:/home/user/.m2/repository/org/rocksdb/rocksdbjni/6.0.1/rocksdbjni-6.0.1.jar:/home/user/.m2/repository/org/apache/logging/log4j/log4j-api/2.11.0/log4j-api-2.11.0.jar:/home/user/.m2/repository/org/apache/logging/log4j/log4j-core/2.11.0/log4j-core-2.11.0.jar:/home/user/.m2/repository/com/lmax/disruptor/3.4.2/disruptor-3.4.2.jar:/home/user/.m2/repository/org/apache/commons/commons-pool2/2.6.0/commons-pool2-2.6.0.jar:/home/user/.m2/repository/org/bouncycastle/bcpkix-jdk15on/1.60/bcpkix-jdk15on-1.60.jar:/home/user/.m2/repository/commons-validator/commons-validator/1.6/commons-validator-1.6.jar:/home/user/.m2/repository/commons-digester/commons-digester/1.8.1/commons-digester-1.8.1.jar:/home/user/.m2/repository/io/jaegertracing/jaeger-client/0.33.1/jaeger-client-0.33.1.jar:/home/user/.m2/repository/io/jaegertracing/jaeger-thrift/0.33.1/jaeger-thrift-0.33.1.jar:/home/user/.m2/repository/org/apache/thrift/libthrift/0.11.0/libthrift-0.11.0.jar:/home/user/.m2/repository/com/squareup/okhttp3/okhttp/3.9.0/okhttp-3.9.0.jar:/home/user/.m2/repository/com/squareup/okio/okio/1.13.0/okio-1.13.0.jar:/home/user/.m2/repository/io/jaegertracing/jaeger-core/0.33.1/jaeger-core-0.33.1.jar:/home/user/.m2/repository/io/jaegertracing/jaeger-tracerresolver/0.33.1/jaeger-tracerresolver-0.33.1.jar:/home/user/.m2/repository/io/opentracing/contrib/opentracing-tracerresolver/0.1.5/opentracing-tracerresolver-0.1.5.jar:/home/user/.m2/repository/io/opentracing/opentracing-util/0.31.0/opentracing-util-0.31.0.jar:/home/user/.m2/repository/io/opentracing/opentracing-api/0.31.0/opentracing-api-0.31.0.jar:/home/user/.m2/repository/io/opentracing/opentracing-noop/0.31.0/opentracing-noop-0.31.0.jar:/home/user/.m2/repository/org/yaml/snakeyaml/1.16/snakeyaml-1.16.jar:/home/user/.m2/repository/org/apache/hadoop/hadoop-hdds-container-service/0.5.0-SNAPSHOT/hadoop-hdds-container-service-0.5.0-SNAPSHOT.jar:/home/user/.m2/repository/org/apache/hadoop/hadoop-hdds-client/0.5.0-SNAPSHOT/hadoop-hdds-client-0.5.0-SNAPSHOT.jar:/home/user/.m2/repository/org/apache/hadoop/hadoop-hdds-tools/0.5.0-SNAPSHOT/hadoop-hdds-tools-0.5.0-SNAPSHOT.jar:/home/user/.m2/repository/org/xerial/sqlite-jdbc/3.25.2/sqlite-jdbc-3.25.2.jar:/home/user/.m2/repository/org/apache/hadoop/hadoop-hdds-server-scm/0.5.0-SNAPSHOT/hadoop-hdds-server-scm-0.5.0-SNAPSHOT.jar:/home/user/.m2/repository/org/hamcrest/hamcrest-all/1.3/hamcrest-all-1.3.jar:/home/user/.m2/repository/info/picocli/picocli/3.9.6/picocli-3.9.6.jar:/home/user/.m2/repository/com/google/protobuf/protobuf-java/2.5.0/protobuf-java-2.5.0.jar:/home/user/.m2/repository/com/google/guava/guava/11.0.2/guava-11.0.2.jar:/home/user/.m2/repository/org/apache/hadoop/hadoop-ozone-client/0.5.0-SNAPSHOT/hadoop-ozone-client-0.5.0-SNAPSHOT.jar:/tmp/workdir/hadoop-ozone/ozonefs/target/classes:/home/user/.m2/repository/org/apache/hadoop/hadoop-hdds-server-framework/0.5.0-SNAPSHOT/hadoop-hdds-server-framework-0.5.0-SNAPSHOT.jar:/home/user/.m2/repository/org/apache/hadoop/hadoop-common/3.2.0/hadoop-common-3.2.0.jar:/home/user/.m2/repository/org/apache/hadoop/hadoop-annotations/3.2.0/hadoop-annotations-3.2.0.jar:/usr/lib/jvm/java-1.8-openjdk/jre/../lib/tools.jar:/home/user/.m2/repository/commons-cli/commons-cli/1.2/commons-cli-1.2.jar:/home/user/.m2/repository/org/apache/commons/commons-math3/3.1.1/commons-math3-3.1.1.jar:/home/user/.m2/repository/org/apache/httpcomponents/httpclient/4.5.2/httpclient-4.5.2.jar:/home/user/.m2/repository/org/apache/httpcomponents/httpcore/4.4.4/httpcore-4.4.4.jar:/home/user/.m2/repository/commons-codec/commons-codec/1.11/commons-codec-1.11.jar:/home/user/.m2/repository/commons-io/commons-io/2.5/commons-io-2.5.jar:/home/user/.m2/repository/commons-net/commons-net/3.6/commons-net-3.6.jar:/home/user/.m2/repository/commons-collections/commons-collections/3.2.2/commons-collections-3.2.2.jar:/home/user/.m2/repository/javax/servlet/javax.servlet-api/3.1.0/javax.servlet-api-3.1.0.jar:/home/user/.m2/repository/org/eclipse/jetty/jetty-server/9.3.24.v20180605/jetty-server-9.3.24.v20180605.jar:/home/user/.m2/repository/org/eclipse/jetty/jetty-http/9.3.24.v20180605/jetty-http-9.3.24.v20180605.jar:/home/user/.m2/repository/org/eclipse/jetty/jetty-io/9.3.24.v20180605/jetty-io-9.3.24.v20180605.jar:/home/user/.m2/repository/org/eclipse/jetty/jetty-util/9.3.24.v20180605/jetty-util-9.3.24.v20180605.jar:/home/user/.m2/repository/org/eclipse/jetty/jetty-servlet/9.3.24.v20180605/jetty-servlet-9.3.24.v20180605.jar:/home/user/.m2/repository/org/eclipse/jetty/jetty-security/9.3.24.v20180605/jetty-security-9.3.24.v20180605.jar:/home/user/.m2/repository/org/eclipse/jetty/jetty-webapp/9.3.24.v20180605/jetty-webapp-9.3.24.v20180605.jar:/home/user/.m2/repository/org/eclipse/jetty/jetty-xml/9.3.24.v20180605/jetty-xml-9.3.24.v20180605.jar:/home/user/.m2/repository/javax/servlet/jsp/jsp-api/2.1/jsp-api-2.1.jar:/home/user/.m2/repository/com/sun/jersey/jersey-core/1.19/jersey-core-1.19.jar:/home/user/.m2/repository/javax/ws/rs/jsr311-api/1.1.1/jsr311-api-1.1.1.jar:/home/user/.m2/repository/com/sun/jersey/jersey-servlet/1.19/jersey-servlet-1.19.jar:/home/user/.m2/repository/com/sun/jersey/jersey-json/1.19/jersey-json-1.19.jar:/home/user/.m2/repository/org/codehaus/jettison/jettison/1.1/jettison-1.1.jar:/home/user/.m2/repository/com/sun/xml/bind/jaxb-impl/2.3.0.1/jaxb-impl-2.3.0.1.jar:/home/user/.m2/repository/org/codehaus/jackson/jackson-core-asl/1.9.13/jackson-core-asl-1.9.13.jar:/home/user/.m2/repository/org/codehaus/jackson/jackson-mapper-asl/1.9.13/jackson-mapper-asl-1.9.13.jar:/home/user/.m2/repository/org/codehaus/jackson/jackson-jaxrs/1.9.13/jackson-jaxrs-1.9.13.jar:/home/user/.m2/repository/org/codehaus/jackson/jackson-xc/1.9.13/jackson-xc-1.9.13.jar:/home/user/.m2/repository/com/sun/jersey/jersey-server/1.19/jersey-server-1.19.jar:/home/user/.m2/repository/commons-logging/commons-logging/1.1.3/commons-logging-1.1.3.jar:/home/user/.m2/repository/log4j/log4j/1.2.17/log4j-1.2.17.jar:/home/user/.m2/repository/commons-beanutils/commons-beanutils/1.9.3/commons-beanutils-1.9.3.jar:/home/user/.m2/repository/org/apache/commons/commons-configuration2/2.1.1/commons-configuration2-2.1.1.jar:/home/user/.m2/repository/org/apache/commons/commons-lang3/3.7/commons-lang3-3.7.jar:/home/user/.m2/repository/org/apache/commons/commons-text/1.4/commons-text-1.4.jar:/home/user/.m2/repository/org/slf4j/slf4j-api/1.7.25/slf4j-api-1.7.25.jar:/home/user/.m2/repository/org/slf4j/slf4j-log4j12/1.7.25/slf4j-log4j12-1.7.25.jar:/home/user/.m2/repository/org/apache/avro/avro/1.7.7/avro-1.7.7.jar:/home/user/.m2/repository/com/thoughtworks/paranamer/paranamer/2.3/paranamer-2.3.jar:/home/user/.m2/repository/org/xerial/snappy/snappy-java/1.0.5/snappy-java-1.0.5.jar:/home/user/.m2/repository/com/google/re2j/re2j/1.1/re2j-1.1.jar:/home/user/.m2/repository/com/google/code/gson/gson/2.2.4/gson-2.2.4.jar:/home/user/.m2/repository/org/apache/hadoop/hadoop-auth/3.2.0/hadoop-auth-3.2.0.jar:/home/user/.m2/repository/com/nimbusds/nimbus-jose-jwt/4.41.1/nimbus-jose-jwt-4.41.1.jar:/home/user/.m2/repository/com/github/stephenc/jcip/jcip-annotations/1.0-1/jcip-annotations-1.0-1.jar:/home/user/.m2/repository/net/minidev/json-smart/2.3/json-smart-2.3.jar:/home/user/.m2/repository/net/minidev/accessors-smart/1.2/accessors-smart-1.2.jar:/home/user/.m2/repository/org/apache/curator/curator-framework/2.12.0/curator-framework-2.12.0.jar:/home/user/.m2/repository/com/jcraft/jsch/0.1.54/jsch-0.1.54.jar:/home/user/.m2/repository/org/apache/curator/curator-client/2.12.0/curator-client-2.12.0.jar:/home/user/.m2/repository/org/apache/curator/curator-recipes/2.12.0/curator-recipes-2.12.0.jar:/home/user/.m2/repository/com/google/code/findbugs/jsr305/3.0.0/jsr305-3.0.0.jar:/home/user/.m2/repository/org/apache/htrace/htrace-core4/4.1.0-incubating/htrace-core4-4.1.0-incubating.jar:/home/user/.m2/repository/org/apache/zookeeper/zookeeper/3.4.13/zookeeper-3.4.13.jar:/home/user/.m2/repository/org/apache/yetus/audience-annotations/0.5.0/audience-annotations-0.5.0.jar:/home/user/.m2/repository/org/apache/kerby/kerb-simplekdc/1.0.1/kerb-simplekdc-1.0.1.jar:/home/user/.m2/repository/org/apache/kerby/kerb-client/1.0.1/kerb-client-1.0.1.jar:/home/user/.m2/repository/org/apache/kerby/kerby-config/1.0.1/kerby-config-1.0.1.jar:/home/user/.m2/repository/org/apache/kerby/kerb-core/1.0.1/kerb-core-1.0.1.jar:/home/user/.m2/repository/org/apache/kerby/kerby-pkix/1.0.1/kerby-pkix-1.0.1.jar:/home/user/.m2/repository/org/apache/kerby/kerby-asn1/1.0.1/kerby-asn1-1.0.1.jar:/home/user/.m2/repository/org/apache/kerby/kerby-util/1.0.1/kerby-util-1.0.1.jar:/home/user/.m2/repository/org/apache/kerby/kerb-common/1.0.1/kerb-common-1.0.1.jar:/home/user/.m2/repository/org/apache/kerby/kerb-crypto/1.0.1/kerb-crypto-1.0.1.jar:/home/user/.m2/repository/org/apache/kerby/kerb-util/1.0.1/kerb-util-1.0.1.jar:/home/user/.m2/repository/org/apache/kerby/token-provider/1.0.1/token-provider-1.0.1.jar:/home/user/.m2/repository/org/apache/kerby/kerb-admin/1.0.1/kerb-admin-1.0.1.jar:/home/user/.m2/repository/org/apache/kerby/kerb-server/1.0.1/kerb-server-1.0.1.jar:/home/user/.m2/repository/org/apache/kerby/kerb-identity/1.0.1/kerb-identity-1.0.1.jar:/home/user/.m2/repository/org/apache/kerby/kerby-xdr/1.0.1/kerby-xdr-1.0.1.jar:/home/user/.m2/repository/com/fasterxml/jackson/core/jackson-databind/2.9.5/jackson-databind-2.9.5.jar:/home/user/.m2/repository/com/fasterxml/jackson/core/jackson-core/2.9.5/jackson-core-2.9.5.jar:/home/user/.m2/repository/org/codehaus/woodstox/stax2-api/3.1.4/stax2-api-3.1.4.jar:/home/user/.m2/repository/com/fasterxml/woodstox/woodstox-core/5.0.3/woodstox-core-5.0.3.jar:/home/user/.m2/repository/dnsjava/dnsjava/2.1.7/dnsjava-2.1.7.jar:/home/user/.m2/repository/org/apache/hadoop/hadoop-hdfs/3.2.0/hadoop-hdfs-3.2.0.jar:/home/user/.m2/repository/org/eclipse/jetty/jetty-util-ajax/9.3.24.v20180605/jetty-util-ajax-9.3.24.v20180605.jar:/home/user/.m2/repository/commons-daemon/commons-daemon/1.0.13/commons-daemon-1.0.13.jar:/home/user/.m2/repository/io/netty/netty/3.10.5.Final/netty-3.10.5.Final.jar:/home/user/.m2/repository/io/netty/netty-all/4.0.52.Final/netty-all-4.0.52.Final.jar:/home/user/.m2/repository/org/fusesource/leveldbjni/leveldbjni-all/1.8/leveldbjni-all-1.8.jar:/home/user/.m2/repository/com/sun/xml/bind/jaxb-core/2.3.0.1/jaxb-core-2.3.0.1.jar:/home/user/.m2/repository/javax/xml/bind/jaxb-api/2.3.0/jaxb-api-2.3.0.jar:/home/user/.m2/repository/javax/activation/activation/1.1.1/activation-1.1.1.jar:/home/user/.m2/repository/io/dropwizard/metrics/metrics-core/3.2.4/metrics-core-3.2.4.jar:/home/user/.m2/repository/org/openjdk/jmh/jmh-core/1.19/jmh-core-1.19.jar:/home/user/.m2/repository/net/sf/jopt-simple/jopt-simple/4.6/jopt-simple-4.6.jar:/home/user/.m2/repository/org/openjdk/jmh/jmh-generator-annprocess/1.19/jmh-generator-annprocess-1.19.jar:/home/user/.m2/repository/com/google/code/findbugs/findbugs/3.0.1/findbugs-3.0.1.jar:/home/user/.m2/repository/net/jcip/jcip-annotations/1.0/jcip-annotations-1.0.jar:/home/user/.m2/repository/com/google/code/findbugs/bcel-findbugs/6.0/bcel-findbugs-6.0.jar:/home/user/.m2/repository/com/google/code/findbugs/jFormatString/2.0.1/jFormatString-2.0.1.jar:/home/user/.m2/repository/dom4j/dom4j/1.6.1/dom4j-1.6.1.jar:/home/user/.m2/repository/xml-apis/xml-apis/1.0.b2/xml-apis-1.0.b2.jar:/home/user/.m2/repository/org/ow2/asm/asm-debug-all/5.0.2/asm-debug-all-5.0.2.jar:/home/user/.m2/repository/org/ow2/asm/asm-commons/5.0.2/asm-commons-5.0.2.jar:/home/user/.m2/repository/org/ow2/asm/asm-tree/5.0.2/asm-tree-5.0.2.jar:/home/user/.m2/repository/org/ow2/asm/asm/5.0.4/asm-5.0.4.jar:/home/user/.m2/repository/commons-lang/commons-lang/2.6/commons-lang-2.6.jar:/home/user/.m2/repository/com/apple/AppleJavaExtensions/1.4/AppleJavaExtensions-1.4.jar:/home/user/.m2/repository/jaxen/jaxen/1.1.6/jaxen-1.1.6.jar:/home/user/.m2/repository/junit/junit/4.11/junit-4.11.jar:/home/user/.m2/repository/org/hamcrest/hamcrest-core/1.3/hamcrest-core-1.3.jar:/home/user/.m2/repository/org/apache/hadoop/hadoop-common/3.2.0/hadoop-common-3.2.0-tests.jar:/tmp/workdir/hadoop-ozone/integration-test/target/test-classes:/home/user/.m2/repository/org/apache/hadoop/hadoop-ozone-s3gateway/0.5.0-SNAPSHOT/hadoop-ozone-s3gateway-0.5.0-SNAPSHOT.jar:/home/user/.m2/repository/org/jboss/weld/servlet/weld-servlet/2.4.7.Final/weld-servlet-2.4.7.Final.jar:/home/user/.m2/repository/org/glassfish/jersey/containers/jersey-container-servlet-core/2.27/jersey-container-servlet-core-2.27.jar:/home/user/.m2/repository/org/glassfish/hk2/external/javax.inject/2.5.0-b42/javax.inject-2.5.0-b42.jar:/home/user/.m2/repository/org/glassfish/jersey/core/jersey-common/2.27/jersey-common-2.27.jar:/home/user/.m2/repository/org/glassfish/hk2/osgi-resource-locator/1.0.1/osgi-resource-locator-1.0.1.jar:/home/user/.m2/repository/javax/ws/rs/javax.ws.rs-api/2.1/javax.ws.rs-api-2.1.jar:/home/user/.m2/repository/org/glassfish/jersey/ext/cdi/jersey-cdi1x/2.27/jersey-cdi1x-2.27.jar:/home/user/.m2/repository/org/glassfish/jersey/inject/jersey-hk2/2.27/jersey-hk2-2.27.jar:/home/user/.m2/repository/org/glassfish/hk2/hk2-locator/2.5.0-b42/hk2-locator-2.5.0-b42.jar:/home/user/.m2/repository/org/javassist/javassist/3.22.0-CR2/javassist-3.22.0-CR2.jar:/home/user/.m2/repository/org/glassfish/hk2/hk2-api/2.5.0/hk2-api-2.5.0.jar:/home/user/.m2/repository/org/glassfish/hk2/external/jakarta.inject/2.5.0/jakarta.inject-2.5.0.jar:/home/user/.m2/repository/org/glassfish/hk2/hk2-utils/2.5.0/hk2-utils-2.5.0.jar:/home/user/.m2/repository/jakarta/annotation/jakarta.annotation-api/1.3.4/jakarta.annotation-api-1.3.4.jar:/home/user/.m2/repository/org/glassfish/hk2/external/aopalliance-repackaged/2.5.0/aopalliance-repackaged-2.5.0.jar:/home/user/.m2/repository/com/fasterxml/jackson/dataformat/jackson-dataformat-xml/2.9.0/jackson-dataformat-xml-2.9.0.jar:/home/user/.m2/repository/com/fasterxml/jackson/module/jackson-module-jaxb-annotations/2.9.5/jackson-module-jaxb-annotations-2.9.5.jar:/home/user/.m2/repository/javax/enterprise/cdi-api/1.2/cdi-api-1.2.jar:/home/user/.m2/repository/javax/el/javax.el-api/3.0.0/javax.el-api-3.0.0.jar:/home/user/.m2/repository/javax/interceptor/javax.interceptor-api/1.2/javax.interceptor-api-1.2.jar:/home/user/.m2/repository/javax/inject/javax.inject/1/javax.inject-1.jar:/home/user/.m2/repository/org/apache/hadoop/hadoop-ozone-csi/0.5.0-SNAPSHOT/hadoop-ozone-csi-0.5.0-SNAPSHOT.jar:/home/user/.m2/repository/com/google/protobuf/protobuf-java-util/3.5.1/protobuf-java-util-3.5.1.jar:/home/user/.m2/repository/io/grpc/grpc-netty/1.17.1/grpc-netty-1.17.1.jar:/home/user/.m2/repository/io/grpc/grpc-core/1.17.1/grpc-core-1.17.1.jar:/home/user/.m2/repository/io/grpc/grpc-context/1.17.1/grpc-context-1.17.1.jar:/home/user/.m2/repository/com/google/errorprone/error_prone_annotations/2.2.0/error_prone_annotations-2.2.0.jar:/home/user/.m2/repository/org/codehaus/mojo/animal-sniffer-annotations/1.17/animal-sniffer-annotations-1.17.jar:/home/user/.m2/repository/io/opencensus/opencensus-api/0.17.0/opencensus-api-0.17.0.jar:/home/user/.m2/repository/io/opencensus/opencensus-contrib-grpc-metrics/0.17.0/opencensus-contrib-grpc-metrics-0.17.0.jar:/home/user/.m2/repository/io/netty/netty-codec-http2/4.1.30.Final/netty-codec-http2-4.1.30.Final.jar:/home/user/.m2/repository/io/netty/netty-codec-http/4.1.30.Final/netty-codec-http-4.1.30.Final.jar:/home/user/.m2/repository/io/netty/netty-codec/4.1.30.Final/netty-codec-4.1.30.Final.jar:/home/user/.m2/repository/io/netty/netty-handler/4.1.30.Final/netty-handler-4.1.30.Final.jar:/home/user/.m2/repository/io/netty/netty-handler-proxy/4.1.30.Final/netty-handler-proxy-4.1.30.Final.jar:/home/user/.m2/repository/io/netty/netty-codec-socks/4.1.30.Final/netty-codec-socks-4.1.30.Final.jar:/home/user/.m2/repository/io/netty/netty-transport-native-epoll/4.1.30.Final/netty-transport-native-epoll-4.1.30.Final.jar:/home/user/.m2/repository/io/netty/netty-common/4.1.30.Final/netty-common-4.1.30.Final.jar:/home/user/.m2/repository/io/netty/netty-buffer/4.1.30.Final/netty-buffer-4.1.30.Final.jar:/home/user/.m2/repository/io/netty/netty-transport/4.1.30.Final/netty-transport-4.1.30.Final.jar:/home/user/.m2/repository/io/netty/netty-resolver/4.1.30.Final/netty-resolver-4.1.30.Final.jar:/home/user/.m2/repository/io/netty/netty-transport-native-unix-common/4.1.30.Final/netty-transport-native-unix-common-4.1.30.Final.jar:/home/user/.m2/repository/io/grpc/grpc-protobuf/1.17.1/grpc-protobuf-1.17.1.jar:/home/user/.m2/repository/com/google/api/grpc/proto-google-common-protos/1.0.0/proto-google-common-protos-1.0.0.jar:/home/user/.m2/repository/io/grpc/grpc-protobuf-lite/1.17.1/grpc-protobuf-lite-1.17.1.jar:/home/user/.m2/repository/io/grpc/grpc-stub/1.17.1/grpc-stub-1.17.1.jar:/home/user/.m2/repository/org/apache/hadoop/hadoop-ozone-recon/0.5.0-SNAPSHOT/hadoop-ozone-recon-0.5.0-SNAPSHOT.jar:/home/user/.m2/repository/org/apache/hadoop/hadoop-ozone-reconcodegen/0.5.0-SNAPSHOT/hadoop-ozone-reconcodegen-0.5.0-SNAPSHOT.jar:/home/user/.m2/repository/com/google/inject/extensions/guice-multibindings/4.0/guice-multibindings-4.0.jar:/home/user/.m2/repository/com/google/inject/guice/4.0/guice-4.0.jar:/home/user/.m2/repository/aopalliance/aopalliance/1.0/aopalliance-1.0.jar:/home/user/.m2/repository/com/google/inject/extensions/guice-servlet/4.0/guice-servlet-4.0.jar:/home/user/.m2/repository/org/glassfish/jersey/containers/jersey-container-servlet/2.27/jersey-container-servlet-2.27.jar:/home/user/.m2/repository/org/glassfish/hk2/guice-bridge/2.5.0/guice-bridge-2.5.0.jar:/home/user/.m2/repository/org/glassfish/jersey/core/jersey-server/2.27/jersey-server-2.27.jar:/home/user/.m2/repository/org/glassfish/jersey/core/jersey-client/2.27/jersey-client-2.27.jar:/home/user/.m2/repository/org/glassfish/jersey/media/jersey-media-jaxb/2.27/jersey-media-jaxb-2.27.jar:/home/user/.m2/repository/javax/validation/validation-api/1.1.0.Final/validation-api-1.1.0.Final.jar:/home/user/.m2/repository/org/glassfish/jersey/media/jersey-media-json-jackson/2.27/jersey-media-json-jackson-2.27.jar:/home/user/.m2/repository/org/glassfish/jersey/ext/jersey-entity-filtering/2.27/jersey-entity-filtering-2.27.jar:/home/user/.m2/repository/com/google/inject/extensions/guice-assistedinject/4.0/guice-assistedinject-4.0.jar:/home/user/.m2/repository/org/jooq/jooq/3.11.10/jooq-3.11.10.jar:/home/user/.m2/repository/org/jooq/jooq-meta/3.11.10/jooq-meta-3.11.10.jar:/home/user/.m2/repository/org/jooq/jooq-codegen/3.11.10/jooq-codegen-3.11.10.jar:/home/user/.m2/repository/com/jolbox/bonecp/0.8.0.RELEASE/bonecp-0.8.0.RELEASE.jar:/home/user/.m2/repository/org/springframework/spring-jdbc/5.1.3.RELEASE/spring-jdbc-5.1.3.RELEASE.jar:/home/user/.m2/repository/org/springframework/spring-beans/5.1.3.RELEASE/spring-beans-5.1.3.RELEASE.jar:/home/user/.m2/repository/org/springframework/spring-core/5.1.3.RELEASE/spring-core-5.1.3.RELEASE.jar:/home/user/.m2/repository/org/springframework/spring-jcl/5.1.3.RELEASE/spring-jcl-5.1.3.RELEASE.jar:/home/user/.m2/repository/org/springframework/spring-tx/5.1.3.RELEASE/spring-tx-5.1.3.RELEASE.jar:/home/user/.m2/repository/org/mockito/mockito-core/2.15.0/mockito-core-2.15.0.jar:/home/user/.m2/repository/net/bytebuddy/byte-buddy/1.7.9/byte-buddy-1.7.9.jar:/home/user/.m2/repository/net/bytebuddy/byte-buddy-agent/1.7.9/byte-buddy-agent-1.7.9.jar:/home/user/.m2/repository/org/objenesis/objenesis/1.0/objenesis-1.0.jar:"/>
    <property name="sun.cpu.endian" value="little"/>
    <property name="user.home" value="/home/user"/>
    <property name="user.language" value="en"/>
    <property name="java.specification.vendor" value="Oracle Corporation"/>
    <property name="java.home" value="/usr/lib/jvm/java-1.8-openjdk/jre"/>
    <property name="java.security.krb5.conf" value="/tmp/workdir/hadoop-ozone/tools/target/test-classes/krb5.conf"/>
    <property name="basedir" value="/tmp/workdir/hadoop-ozone/tools"/>
    <property name="file.separator" value="/"/>
    <property name="line.separator" value="&#10;"/>
    <property name="java.vm.specification.vendor" value="Oracle Corporation"/>
    <property name="java.specification.name" value="Java Platform API Specification"/>
    <property name="java.awt.graphicsenv" value="sun.awt.X11GraphicsEnvironment"/>
    <property name="surefire.real.class.path" value="/tmp/workdir/hadoop-ozone/tools/target/surefire/surefirebooter7090768967228663742.jar"/>
    <property name="hadoop.log.dir" value="/tmp/workdir/hadoop-ozone/tools/target/log"/>
    <property name="sun.boot.class.path" value="/usr/lib/jvm/java-1.8-openjdk/jre/lib/resources.jar:/usr/lib/jvm/java-1.8-openjdk/jre/lib/rt.jar:/usr/lib/jvm/java-1.8-openjdk/jre/lib/sunrsasign.jar:/usr/lib/jvm/java-1.8-openjdk/jre/lib/jsse.jar:/usr/lib/jvm/java-1.8-openjdk/jre/lib/jce.jar:/usr/lib/jvm/java-1.8-openjdk/jre/lib/charsets.jar:/usr/lib/jvm/java-1.8-openjdk/jre/lib/jfr.jar:/usr/lib/jvm/java-1.8-openjdk/jre/classes"/>
    <property name="sun.management.compiler" value="HotSpot 64-Bit Tiered Compilers"/>
    <property name="java.runtime.version" value="1.8.0_212-b04"/>
    <property name="java.net.preferIPv4Stack" value="true"/>
    <property name="user.name" value="jenkins1000"/>
    <property name="path.separator" value=":"/>
    <property name="java.security.egd" value="file:///dev/urandom"/>
    <property name="os.version" value="3.10.0-957.12.2.el7.x86_64"/>
    <property name="java.endorsed.dirs" value="/usr/lib/jvm/java-1.8-openjdk/jre/lib/endorsed"/>
    <property name="java.runtime.name" value="OpenJDK Runtime Environment"/>
    <property name="file.encoding" value="UTF-8"/>
    <property name="java.vm.name" value="OpenJDK 64-Bit Server VM"/>
    <property name="test.build.webapps" value=""/>
    <property name="localRepository" value="/home/user/.m2/repository"/>
    <property name="java.vendor.url.bug" value="https://icedtea.classpath.org/bugzilla"/>
    <property name="java.io.tmpdir" value="/tmp"/>
    <property name="require.test.libhadoop" value=""/>
    <property name="java.version" value="1.8.0_212"/>
    <property name="user.dir" value="/tmp/workdir/hadoop-ozone/tools"/>
    <property name="os.arch" value="amd64"/>
    <property name="java.vm.specification.name" value="Java Virtual Machine Specification"/>
    <property name="test.build.classes" value="/tmp/workdir/hadoop-ozone/tools/target/test-classes"/>
    <property name="java.awt.printerjob" value="sun.print.PSPrinterJob"/>
    <property name="sun.os.patch.level" value="unknown"/>
    <property name="hadoop.tmp.dir" value="/tmp/workdir/hadoop-ozone/tools/target/tmp"/>
    <property name="java.library.path" value="/usr/lib/jvm/java-1.8-openjdk/jre/lib/amd64/server:/usr/lib/jvm/java-1.8-openjdk/jre/lib/amd64:/usr/lib/jvm/java-1.8-openjdk/jre/../lib/amd64:/tmp/workdir/hadoop-ozone/tools/target/native/target/usr/local/lib:/tmp/workdir/hadoop-ozone/tools/../../hadoop-common-project/hadoop-common/target/native/target/usr/local/lib:/usr/java/packages/lib/amd64:/usr/lib64:/lib64:/lib:/usr/lib"/>
    <property name="java.vm.info" value="mixed mode"/>
    <property name="java.vendor" value="IcedTea"/>
    <property name="java.vm.version" value="25.212-b04"/>
    <property name="java.ext.dirs" value="/usr/lib/jvm/java-1.8-openjdk/jre/lib/ext:/usr/java/packages/lib/ext"/>
    <property name="sun.io.unicode.encoding" value="UnicodeLittle"/>
    <property name="java.class.version" value="52.0"/>
  </properties>
  <testcase name="ratisTestLargeKey" classname="org.apache.hadoop.ozone.freon.TestDataValidateWithUnsafeByteOperations" time="235.737">
    <error message="Allocated 0 blocks. Requested 1 blocks" type="INTERNAL_ERROR org.apache.hadoop.ozone.om.exceptions.OMException">INTERNAL_ERROR org.apache.hadoop.ozone.om.exceptions.OMException: Allocated 0 blocks. Requested 1 blocks
	at org.apache.hadoop.ozone.om.protocolPB.OzoneManagerProtocolClientSideTranslatorPB.handleError(OzoneManagerProtocolClientSideTranslatorPB.java:726)
	at org.apache.hadoop.ozone.om.protocolPB.OzoneManagerProtocolClientSideTranslatorPB.allocateBlock(OzoneManagerProtocolClientSideTranslatorPB.java:758)
	at sun.reflect.NativeMethodAccessorImpl.invoke0(Native Method)
	at sun.reflect.NativeMethodAccessorImpl.invoke(NativeMethodAccessorImpl.java:62)
	at sun.reflect.DelegatingMethodAccessorImpl.invoke(DelegatingMethodAccessorImpl.java:43)
	at java.lang.reflect.Method.invoke(Method.java:498)
	at org.apache.hadoop.hdds.tracing.TraceAllMethod.invoke(TraceAllMethod.java:66)
	at com.sun.proxy.$Proxy37.allocateBlock(Unknown Source)
	at org.apache.hadoop.ozone.client.io.BlockOutputStreamEntryPool.allocateNewBlock(BlockOutputStreamEntryPool.java:248)
	at org.apache.hadoop.ozone.client.io.BlockOutputStreamEntryPool.allocateBlockIfNeeded(BlockOutputStreamEntryPool.java:296)
	at org.apache.hadoop.ozone.client.io.KeyOutputStream.handleWrite(KeyOutputStream.java:201)
	at org.apache.hadoop.ozone.client.io.KeyOutputStream.write(KeyOutputStream.java:193)
	at org.apache.hadoop.ozone.client.io.OzoneOutputStream.write(OzoneOutputStream.java:49)
	at org.apache.hadoop.ozone.freon.RandomKeyGenerator.createKey(RandomKeyGenerator.java:708)
	at org.apache.hadoop.ozone.freon.RandomKeyGenerator.access$1100(RandomKeyGenerator.java:88)
	at org.apache.hadoop.ozone.freon.RandomKeyGenerator$ObjectCreator.run(RandomKeyGenerator.java:615)
	at java.util.concurrent.Executors$RunnableAdapter.call(Executors.java:511)
	at java.util.concurrent.FutureTask.run(FutureTask.java:266)
	at java.util.concurrent.ThreadPoolExecutor.runWorker(ThreadPoolExecutor.java:1149)
	at java.util.concurrent.ThreadPoolExecutor$Worker.run(ThreadPoolExecutor.java:624)
	at java.lang.Thread.run(Thread.java:748)
</error>
    <system-out><![CDATA[2019-09-17 13:15:47,402 [main] WARN  server.ServerUtils (ServerUtils.java:getScmDbDir(145)) - ozone.scm.db.dirs is not configured. We recommend adding this setting. Falling back to ozone.metadata.dirs instead.
2019-09-17 13:15:47,588 [main] WARN  server.ServerUtils (ServerUtils.java:getScmDbDir(145)) - ozone.scm.db.dirs is not configured. We recommend adding this setting. Falling back to ozone.metadata.dirs instead.
2019-09-17 13:15:47,592 [main] WARN  server.ServerUtils (ServerUtils.java:getScmDbDir(145)) - ozone.scm.db.dirs is not configured. We recommend adding this setting. Falling back to ozone.metadata.dirs instead.
2019-09-17 13:15:47,612 [main] INFO  util.log (Log.java:initialized(192)) - Logging initialized @991ms
2019-09-17 13:15:47,720 [main] INFO  db.DBStoreBuilder (DBStoreBuilder.java:addTable(110)) - using custom profile for table: deletedBlocks
2019-09-17 13:15:47,721 [main] INFO  db.DBStoreBuilder (DBStoreBuilder.java:processTables(161)) - Using default column profile:DBProfile.DISK for Table:deletedBlocks
2019-09-17 13:15:47,721 [main] INFO  db.DBStoreBuilder (DBStoreBuilder.java:addTable(110)) - using custom profile for table: validCerts
2019-09-17 13:15:47,721 [main] INFO  db.DBStoreBuilder (DBStoreBuilder.java:processTables(161)) - Using default column profile:DBProfile.DISK for Table:validCerts
2019-09-17 13:15:47,722 [main] INFO  db.DBStoreBuilder (DBStoreBuilder.java:addTable(110)) - using custom profile for table: revokedCerts
2019-09-17 13:15:47,722 [main] INFO  db.DBStoreBuilder (DBStoreBuilder.java:processTables(161)) - Using default column profile:DBProfile.DISK for Table:revokedCerts
2019-09-17 13:15:47,740 [main] INFO  db.DBStoreBuilder (DBStoreBuilder.java:addTable(110)) - using custom profile for table: default
2019-09-17 13:15:47,741 [main] INFO  db.DBStoreBuilder (DBStoreBuilder.java:processTables(167)) - Using default column profile:DBProfile.DISK for Table:default
2019-09-17 13:15:47,743 [main] INFO  db.DBStoreBuilder (DBStoreBuilder.java:getDbProfile(198)) - Using default options. DBProfile.DISK
2019-09-17 13:15:48,109 [main] INFO  net.NodeSchemaLoader (NodeSchemaLoader.java:loadSchemaFromFile(125)) - Loading file from sun.misc.CompoundEnumeration@55141def
2019-09-17 13:15:48,112 [main] INFO  net.NodeSchemaLoader (NodeSchemaLoader.java:loadSchema(171)) - Loading network topology layer schema file
2019-09-17 13:15:48,196 [main] WARN  server.ServerUtils (ServerUtils.java:sanitizeUserArgs(70)) - ozone.scm.stale.node.interval value = 300000 is larger than max = 100000 based on the key value of ozone.scm.heartbeat.thread.interval, reset to the max value 100000.
2019-09-17 13:15:48,198 [main] WARN  server.ServerUtils (ServerUtils.java:sanitizeUserArgs(70)) - ozone.scm.stale.node.interval value = 300000 is larger than max = 100000 based on the key value of ozone.scm.heartbeat.thread.interval, reset to the max value 100000.
2019-09-17 13:15:48,200 [main] INFO  node.SCMNodeManager (SCMNodeManager.java:<init>(114)) - Entering startup safe mode.
2019-09-17 13:15:48,278 [main] INFO  algorithms.ContainerPlacementPolicyFactory (ContainerPlacementPolicyFactory.java:getPolicy(57)) - Create container placement policy of type org.apache.hadoop.hdds.scm.container.placement.algorithms.SCMContainerPlacementRandom
2019-09-17 13:15:48,294 [main] WARN  server.ServerUtils (ServerUtils.java:getScmDbDir(145)) - ozone.scm.db.dirs is not configured. We recommend adding this setting. Falling back to ozone.metadata.dirs instead.
2019-09-17 13:15:48,434 [main] INFO  pipeline.SCMPipelineManager (SCMPipelineManager.java:initializePipelineState(128)) - No pipeline exists in current db
2019-09-17 13:15:48,438 [main] WARN  server.ServerUtils (ServerUtils.java:getScmDbDir(145)) - ozone.scm.db.dirs is not configured. We recommend adding this setting. Falling back to ozone.metadata.dirs instead.
2019-09-17 13:15:48,598 [main] WARN  events.EventQueue (EventQueue.java:fireEvent(183)) - No event handler registered for event TypedEvent{payloadType=SafeModeStatus, name='SafeModeStatus'}
2019-09-17 13:15:49,040 [main] INFO  ipc.CallQueueManager (CallQueueManager.java:<init>(84)) - Using callQueue: class java.util.concurrent.LinkedBlockingQueue, queueCapacity: 2000, scheduler: class org.apache.hadoop.ipc.DefaultRpcScheduler, ipcBackoff: false.
2019-09-17 13:15:49,072 [Socket Reader #1 for port 46689] INFO  ipc.Server (Server.java:run(1074)) - Starting Socket Reader #1 for port 46689
2019-09-17 13:15:49,249 [main] INFO  ipc.CallQueueManager (CallQueueManager.java:<init>(84)) - Using callQueue: class java.util.concurrent.LinkedBlockingQueue, queueCapacity: 2000, scheduler: class org.apache.hadoop.ipc.DefaultRpcScheduler, ipcBackoff: false.
2019-09-17 13:15:49,250 [Socket Reader #1 for port 45946] INFO  ipc.Server (Server.java:run(1074)) - Starting Socket Reader #1 for port 45946
2019-09-17 13:15:49,262 [main] INFO  ipc.CallQueueManager (CallQueueManager.java:<init>(84)) - Using callQueue: class java.util.concurrent.LinkedBlockingQueue, queueCapacity: 2000, scheduler: class org.apache.hadoop.ipc.DefaultRpcScheduler, ipcBackoff: false.
2019-09-17 13:15:49,263 [Socket Reader #1 for port 38202] INFO  ipc.Server (Server.java:run(1074)) - Starting Socket Reader #1 for port 38202
2019-09-17 13:15:49,295 [main] INFO  hdfs.DFSUtil (DFSUtil.java:httpServerTemplateForNNAndJN(1641)) - Starting Web-server for scm at: http://0.0.0.0:0
2019-09-17 13:15:49,424 [main] INFO  server.AuthenticationFilter (AuthenticationFilter.java:constructSecretProvider(240)) - Unable to initialize FileSignerSecretProvider, falling back to use random secrets.
2019-09-17 13:15:49,440 [main] WARN  http.HttpRequestLog (HttpRequestLog.java:getRequestLog(97)) - Jetty request log can only be enabled using Log4j
2019-09-17 13:15:49,453 [main] INFO  http.HttpServer2 (HttpServer2.java:addGlobalFilter(975)) - Added global filter 'safety' (class=org.apache.hadoop.http.HttpServer2$QuotingInputFilter)
2019-09-17 13:15:49,457 [main] INFO  http.HttpServer2 (HttpServer2.java:addFilter(948)) - Added filter static_user_filter (class=org.apache.hadoop.http.lib.StaticUserWebFilter$StaticUserFilter) to context scm
2019-09-17 13:15:49,457 [main] INFO  http.HttpServer2 (HttpServer2.java:addFilter(958)) - Added filter static_user_filter (class=org.apache.hadoop.http.lib.StaticUserWebFilter$StaticUserFilter) to context static
2019-09-17 13:15:49,457 [main] INFO  http.HttpServer2 (HttpServer2.java:addFilter(958)) - Added filter static_user_filter (class=org.apache.hadoop.http.lib.StaticUserWebFilter$StaticUserFilter) to context logs
2019-09-17 13:15:49,489 [main] INFO  server.StorageContainerManager (StorageContainerManager.java:start(763)) - StorageContainerLocationProtocol RPC server is listening at /0.0.0.0:38202
2019-09-17 13:15:49,550 [main] WARN  impl.MetricsConfig (MetricsConfig.java:loadFirst(134)) - Cannot locate configuration: tried hadoop-metrics2-storagecontainermanager.properties,hadoop-metrics2.properties
2019-09-17 13:15:49,564 [main] INFO  impl.MetricsSystemImpl (MetricsSystemImpl.java:startTimer(374)) - Scheduled Metric snapshot period at 10 second(s).
2019-09-17 13:15:49,564 [main] INFO  impl.MetricsSystemImpl (MetricsSystemImpl.java:start(191)) - StorageContainerManager metrics system started
2019-09-17 13:15:49,811 [main] INFO  server.SCMClientProtocolServer (SCMClientProtocolServer.java:start(151)) - RPC server for Client  is listening at /0.0.0.0:38202
2019-09-17 13:15:49,812 [IPC Server Responder] INFO  ipc.Server (Server.java:run(1314)) - IPC Server Responder: starting
2019-09-17 13:15:49,812 [IPC Server listener on 38202] INFO  ipc.Server (Server.java:run(1153)) - IPC Server listener on 38202: starting
2019-09-17 13:15:49,823 [main] INFO  server.StorageContainerManager (StorageContainerManager.java:start(773)) - ScmBlockLocationProtocol RPC server is listening at /0.0.0.0:45946
2019-09-17 13:15:49,826 [main] INFO  server.SCMBlockProtocolServer (SCMBlockProtocolServer.java:start(146)) - RPC server for Block Protocol is listening at /0.0.0.0:45946
2019-09-17 13:15:49,830 [IPC Server listener on 45946] INFO  ipc.Server (Server.java:run(1153)) - IPC Server listener on 45946: starting
2019-09-17 13:15:49,832 [IPC Server Responder] INFO  ipc.Server (Server.java:run(1314)) - IPC Server Responder: starting
2019-09-17 13:15:49,836 [main] INFO  server.StorageContainerManager (StorageContainerManager.java:start(777)) - ScmDatanodeProtocl RPC server is listening at /0.0.0.0:46689
2019-09-17 13:15:49,836 [main] INFO  server.SCMDatanodeProtocolServer (SCMDatanodeProtocolServer.java:start(191)) - RPC server for DataNodes is listening at /0.0.0.0:46689
2019-09-17 13:15:49,836 [IPC Server Responder] INFO  ipc.Server (Server.java:run(1314)) - IPC Server Responder: starting
2019-09-17 13:15:49,837 [IPC Server listener on 46689] INFO  ipc.Server (Server.java:run(1153)) - IPC Server listener on 46689: starting
2019-09-17 13:15:49,841 [main] INFO  http.HttpServer2 (HttpServer2.java:bindListener(1191)) - Jetty bound to port 34262
2019-09-17 13:15:49,842 [main] INFO  server.Server (Server.java:doStart(351)) - jetty-9.3.24.v20180605, build timestamp: 2018-06-05T17:11:56Z, git hash: 84205aa28f11a4f31f2a3b86d1bba2cc8ab69827
2019-09-17 13:15:49,877 [main] INFO  handler.ContextHandler (ContextHandler.java:doStart(781)) - Started o.e.j.s.ServletContextHandler@43b6123e{/logs,file:///tmp/workdir/hadoop-ozone/tools/target/log,AVAILABLE}
2019-09-17 13:15:49,878 [main] INFO  handler.ContextHandler (ContextHandler.java:doStart(781)) - Started o.e.j.s.ServletContextHandler@61e94def{/static,jar:file:/home/user/.m2/repository/org/apache/hadoop/hadoop-hdds-server-scm/0.5.0-SNAPSHOT/hadoop-hdds-server-scm-0.5.0-SNAPSHOT.jar!/webapps/static,AVAILABLE}
2019-09-17 13:15:49,948 [main] INFO  handler.ContextHandler (ContextHandler.java:doStart(781)) - Started o.e.j.w.WebAppContext@3f093abe{/,file:///tmp/jetty-0.0.0.0-34262-scm-_-any-575320316759908822.dir/webapp/,AVAILABLE}{/scm}
2019-09-17 13:15:49,953 [main] INFO  server.AbstractConnector (AbstractConnector.java:doStart(278)) - Started ServerConnector@724bade8{HTTP/1.1,[http/1.1]}{0.0.0.0:34262}
2019-09-17 13:15:49,954 [main] INFO  server.Server (Server.java:doStart(419)) - Started @3332ms
2019-09-17 13:15:49,956 [main] INFO  impl.MetricsSinkAdapter (MetricsSinkAdapter.java:start(204)) - Sink prometheus started
2019-09-17 13:15:49,956 [main] INFO  impl.MetricsSystemImpl (MetricsSystemImpl.java:registerSink(301)) - Registered sink prometheus
2019-09-17 13:15:49,958 [main] INFO  server.BaseHttpServer (BaseHttpServer.java:updateConnectorAddress(215)) - HTTP server of SCM is listening at http://0.0.0.0:34262
2019-09-17 13:15:49,967 [org.apache.hadoop.util.JvmPauseMonitor$Monitor@6970140a] INFO  util.JvmPauseMonitor (JvmPauseMonitor.java:run(188)) - Starting JVM pause monitor
2019-09-17 13:15:49,971 [main] WARN  server.ServerUtils (ServerUtils.java:getDBPath(222)) - ozone.om.db.dirs is not configured. We recommend adding this setting. Falling back to ozone.metadata.dirs instead.
2019-09-17 13:15:50,187 [main] WARN  server.ServerUtils (ServerUtils.java:getDBPath(222)) - ozone.om.db.dirs is not configured. We recommend adding this setting. Falling back to ozone.metadata.dirs instead.
2019-09-17 13:15:50,188 [main] WARN  server.ServerUtils (ServerUtils.java:getDBPath(222)) - ozone.om.db.dirs is not configured. We recommend adding this setting. Falling back to ozone.metadata.dirs instead.
2019-09-17 13:15:50,189 [main] INFO  om.OzoneManager (OzoneManager.java:setOMNodeDetails(649)) - OM Service ID is not set. Setting it to the default ID: omServiceIdDefault
2019-09-17 13:15:50,189 [main] INFO  om.OzoneManager (OzoneManager.java:setOMNodeDetails(655)) - OM Node ID is not set. Setting it to the OmStorage's OmID: 2dbf5ad5-b647-40ff-80ca-fbb0e0d6299c
2019-09-17 13:15:50,190 [main] INFO  om.OzoneManager (OzoneManager.java:loadOMHAConfigs(606)) - Found matching OM address with OMServiceId: null, OMNodeId: null, RPC Address: localhost:0 and Ratis port: 9872
2019-09-17 13:15:50,880 [main] WARN  server.ServerUtils (ServerUtils.java:getDBPath(222)) - ozone.om.db.dirs is not configured. We recommend adding this setting. Falling back to ozone.metadata.dirs instead.
2019-09-17 13:15:50,889 [main] INFO  db.DBStoreBuilder (DBStoreBuilder.java:addTable(110)) - using custom profile for table: userTable
2019-09-17 13:15:50,890 [main] INFO  db.DBStoreBuilder (DBStoreBuilder.java:processTables(161)) - Using default column profile:DBProfile.DISK for Table:userTable
2019-09-17 13:15:50,890 [main] INFO  db.DBStoreBuilder (DBStoreBuilder.java:addTable(110)) - using custom profile for table: volumeTable
2019-09-17 13:15:50,890 [main] INFO  db.DBStoreBuilder (DBStoreBuilder.java:processTables(161)) - Using default column profile:DBProfile.DISK for Table:volumeTable
2019-09-17 13:15:50,890 [main] INFO  db.DBStoreBuilder (DBStoreBuilder.java:addTable(110)) - using custom profile for table: bucketTable
2019-09-17 13:15:50,891 [main] INFO  db.DBStoreBuilder (DBStoreBuilder.java:processTables(161)) - Using default column profile:DBProfile.DISK for Table:bucketTable
2019-09-17 13:15:50,891 [main] INFO  db.DBStoreBuilder (DBStoreBuilder.java:addTable(110)) - using custom profile for table: keyTable
2019-09-17 13:15:50,891 [main] INFO  db.DBStoreBuilder (DBStoreBuilder.java:processTables(161)) - Using default column profile:DBProfile.DISK for Table:keyTable
2019-09-17 13:15:50,891 [main] INFO  db.DBStoreBuilder (DBStoreBuilder.java:addTable(110)) - using custom profile for table: deletedTable
2019-09-17 13:15:50,892 [main] INFO  db.DBStoreBuilder (DBStoreBuilder.java:processTables(161)) - Using default column profile:DBProfile.DISK for Table:deletedTable
2019-09-17 13:15:50,892 [main] INFO  db.DBStoreBuilder (DBStoreBuilder.java:addTable(110)) - using custom profile for table: openKeyTable
2019-09-17 13:15:50,892 [main] INFO  db.DBStoreBuilder (DBStoreBuilder.java:processTables(161)) - Using default column profile:DBProfile.DISK for Table:openKeyTable
2019-09-17 13:15:50,892 [main] INFO  db.DBStoreBuilder (DBStoreBuilder.java:addTable(110)) - using custom profile for table: s3Table
2019-09-17 13:15:50,893 [main] INFO  db.DBStoreBuilder (DBStoreBuilder.java:processTables(161)) - Using default column profile:DBProfile.DISK for Table:s3Table
2019-09-17 13:15:50,893 [main] INFO  db.DBStoreBuilder (DBStoreBuilder.java:addTable(110)) - using custom profile for table: multipartInfoTable
2019-09-17 13:15:50,893 [main] INFO  db.DBStoreBuilder (DBStoreBuilder.java:processTables(161)) - Using default column profile:DBProfile.DISK for Table:multipartInfoTable
2019-09-17 13:15:50,894 [main] INFO  db.DBStoreBuilder (DBStoreBuilder.java:addTable(110)) - using custom profile for table: dTokenTable
2019-09-17 13:15:50,894 [main] INFO  db.DBStoreBuilder (DBStoreBuilder.java:processTables(161)) - Using default column profile:DBProfile.DISK for Table:dTokenTable
2019-09-17 13:15:50,894 [main] INFO  db.DBStoreBuilder (DBStoreBuilder.java:addTable(110)) - using custom profile for table: s3SecretTable
2019-09-17 13:15:50,894 [main] INFO  db.DBStoreBuilder (DBStoreBuilder.java:processTables(161)) - Using default column profile:DBProfile.DISK for Table:s3SecretTable
2019-09-17 13:15:50,895 [main] INFO  db.DBStoreBuilder (DBStoreBuilder.java:addTable(110)) - using custom profile for table: prefixTable
2019-09-17 13:15:50,895 [main] INFO  db.DBStoreBuilder (DBStoreBuilder.java:processTables(161)) - Using default column profile:DBProfile.DISK for Table:prefixTable
2019-09-17 13:15:50,895 [main] INFO  db.DBStoreBuilder (DBStoreBuilder.java:addTable(110)) - using custom profile for table: default
2019-09-17 13:15:50,895 [main] INFO  db.DBStoreBuilder (DBStoreBuilder.java:processTables(167)) - Using default column profile:DBProfile.DISK for Table:default
2019-09-17 13:15:50,896 [main] INFO  db.DBStoreBuilder (DBStoreBuilder.java:getDbProfile(198)) - Using default options. DBProfile.DISK
2019-09-17 13:15:51,611 [main] INFO  ipc.CallQueueManager (CallQueueManager.java:<init>(84)) - Using callQueue: class java.util.concurrent.LinkedBlockingQueue, queueCapacity: 2000, scheduler: class org.apache.hadoop.ipc.DefaultRpcScheduler, ipcBackoff: false.
2019-09-17 13:15:51,612 [Socket Reader #1 for port 36081] INFO  ipc.Server (Server.java:run(1074)) - Starting Socket Reader #1 for port 36081
2019-09-17 13:15:51,634 [main] INFO  om.OzoneManager (OzoneManager.java:start(1240)) - OzoneManager RPC server is listening at localhost/127.0.0.1:36081
2019-09-17 13:15:51,634 [main] INFO  impl.MetricsSystemImpl (MetricsSystemImpl.java:init(158)) - OzoneManager metrics system started (again)
2019-09-17 13:15:51,636 [IPC Server Responder] INFO  ipc.Server (Server.java:run(1314)) - IPC Server Responder: starting
2019-09-17 13:15:51,636 [IPC Server listener on 36081] INFO  ipc.Server (Server.java:run(1153)) - IPC Server listener on 36081: starting
2019-09-17 13:15:51,641 [main] INFO  hdfs.DFSUtil (DFSUtil.java:httpServerTemplateForNNAndJN(1641)) - Starting Web-server for ozoneManager at: http://0.0.0.0:0
2019-09-17 13:15:51,643 [main] INFO  server.AuthenticationFilter (AuthenticationFilter.java:constructSecretProvider(240)) - Unable to initialize FileSignerSecretProvider, falling back to use random secrets.
2019-09-17 13:15:51,643 [main] WARN  http.HttpRequestLog (HttpRequestLog.java:getRequestLog(97)) - Jetty request log can only be enabled using Log4j
2019-09-17 13:15:51,645 [main] INFO  http.HttpServer2 (HttpServer2.java:addGlobalFilter(975)) - Added global filter 'safety' (class=org.apache.hadoop.http.HttpServer2$QuotingInputFilter)
2019-09-17 13:15:51,646 [main] INFO  http.HttpServer2 (HttpServer2.java:addFilter(948)) - Added filter static_user_filter (class=org.apache.hadoop.http.lib.StaticUserWebFilter$StaticUserFilter) to context ozoneManager
2019-09-17 13:15:51,646 [main] INFO  http.HttpServer2 (HttpServer2.java:addFilter(958)) - Added filter static_user_filter (class=org.apache.hadoop.http.lib.StaticUserWebFilter$StaticUserFilter) to context logs
2019-09-17 13:15:51,647 [main] INFO  http.HttpServer2 (HttpServer2.java:addFilter(958)) - Added filter static_user_filter (class=org.apache.hadoop.http.lib.StaticUserWebFilter$StaticUserFilter) to context static
2019-09-17 13:15:51,649 [main] INFO  http.HttpServer2 (HttpServer2.java:bindListener(1191)) - Jetty bound to port 45292
2019-09-17 13:15:51,649 [main] INFO  server.Server (Server.java:doStart(351)) - jetty-9.3.24.v20180605, build timestamp: 2018-06-05T17:11:56Z, git hash: 84205aa28f11a4f31f2a3b86d1bba2cc8ab69827
2019-09-17 13:15:51,651 [main] INFO  handler.ContextHandler (ContextHandler.java:doStart(781)) - Started o.e.j.s.ServletContextHandler@629f066f{/logs,file:///tmp/workdir/hadoop-ozone/tools/target/log,AVAILABLE}
2019-09-17 13:15:51,652 [main] INFO  handler.ContextHandler (ContextHandler.java:doStart(781)) - Started o.e.j.s.ServletContextHandler@ecfbe91{/static,jar:file:/home/user/.m2/repository/org/apache/hadoop/hadoop-ozone-ozone-manager/0.5.0-SNAPSHOT/hadoop-ozone-ozone-manager-0.5.0-SNAPSHOT.jar!/webapps/static,AVAILABLE}
2019-09-17 13:15:51,701 [main] INFO  handler.ContextHandler (ContextHandler.java:doStart(781)) - Started o.e.j.w.WebAppContext@319854f0{/,file:///tmp/jetty-0.0.0.0-45292-ozoneManager-_-any-3544274927806193659.dir/webapp/,AVAILABLE}{/ozoneManager}
2019-09-17 13:15:51,702 [main] INFO  server.AbstractConnector (AbstractConnector.java:doStart(278)) - Started ServerConnector@748fe51d{HTTP/1.1,[http/1.1]}{0.0.0.0:45292}
2019-09-17 13:15:51,702 [main] INFO  server.Server (Server.java:doStart(419)) - Started @5081ms
2019-09-17 13:15:51,703 [main] WARN  impl.MetricsSystemImpl (MetricsSystemImpl.java:register(276)) - Sink prometheus already exists!
2019-09-17 13:15:51,704 [main] INFO  server.BaseHttpServer (BaseHttpServer.java:updateConnectorAddress(215)) - HTTP server of OZONEMANAGER is listening at http://0.0.0.0:45292
2019-09-17 13:15:51,998 [main] INFO  impl.MetricsSystemImpl (MetricsSystemImpl.java:init(158)) - HddsDatanode metrics system started (again)
2019-09-17 13:15:52,050 [main] INFO  ozone.HddsDatanodeService (HddsDatanodeService.java:start(184)) - HddsDatanodeService host:pr-hdds-2137-trunk-mnh2s-3748177197 ip:192.168.5.153
2019-09-17 13:15:52,086 [main] INFO  volume.HddsVolume (HddsVolume.java:<init>(176)) - Creating Volume: /tmp/workdir/hadoop-ozone/tools/target/test-dir/MiniOzoneClusterImpl-f0fd4d7a-2cff-4230-aa30-c4e451fbf5d5/datanode-0/data/containers/hdds of  storage type : DISK and capacity : 1482555576320
2019-09-17 13:15:52,088 [main] INFO  volume.VolumeSet (VolumeSet.java:initializeVolumeSet(170)) - Added Volume : /tmp/workdir/hadoop-ozone/tools/target/test-dir/MiniOzoneClusterImpl-f0fd4d7a-2cff-4230-aa30-c4e451fbf5d5/datanode-0/data/containers/hdds to VolumeSet
2019-09-17 13:15:52,091 [main] INFO  volume.ThrottledAsyncChecker (ThrottledAsyncChecker.java:schedule(139)) - Scheduling a check for org.apache.hadoop.ozone.container.common.volume.HddsVolume@290aeb20
2019-09-17 13:15:52,109 [main] INFO  volume.HddsVolumeChecker (HddsVolumeChecker.java:checkAllVolumes(202)) - Scheduled health check for volume org.apache.hadoop.ozone.container.common.volume.HddsVolume@290aeb20
2019-09-17 13:15:52,219 [main] INFO  impl.RaftServerProxy (ConfUtils.java:logGet(43)) - raft.rpc.type = GRPC (default)
2019-09-17 13:15:52,302 [main] INFO  grpc.GrpcFactory (GrpcFactory.java:checkPooledByteBufAllocatorUseCacheForAllThreads(45)) - PERFORMANCE WARNING: useCacheForAllThreads is true that may cause Netty to create a lot garbage objects and, as a result, trigger GC.
	It is recommended to disable useCacheForAllThreads by setting -Dorg.apache.ratis.thirdparty.io.netty.allocator.useCacheForAllThreads=false in command line.
2019-09-17 13:15:52,309 [main] INFO  grpc.GrpcConfigKeys$Server (ConfUtils.java:logGet(43)) - raft.grpc.server.port = 0 (default)
2019-09-17 13:15:52,311 [main] INFO  server.GrpcService (ConfUtils.java:logGet(43)) - raft.grpc.message.size.max = 33570816 (custom)
2019-09-17 13:15:52,313 [main] INFO  server.RaftServerConfigKeys (ConfUtils.java:logGet(43)) - raft.server.log.appender.buffer.byte-limit = 33554432 (custom)
2019-09-17 13:15:52,314 [main] INFO  server.GrpcService (ConfUtils.java:logGet(43)) - raft.grpc.flow.control.window = 1MB (=1048576) (default)
2019-09-17 13:15:52,315 [main] INFO  server.RaftServerConfigKeys (ConfUtils.java:logGet(43)) - raft.server.rpc.request.timeout = 3000ms (default)
2019-09-17 13:15:52,532 [main] INFO  server.RaftServerConfigKeys (ConfUtils.java:logGet(43)) - raft.server.storage.dir = [/tmp/workdir/hadoop-ozone/tools/target/test-dir/MiniOzoneClusterImpl-f0fd4d7a-2cff-4230-aa30-c4e451fbf5d5/datanode-0/data/ratis] (custom)
2019-09-17 13:15:52,602 [main] INFO  hdfs.DFSUtil (DFSUtil.java:httpServerTemplateForNNAndJN(1641)) - Starting Web-server for hddsDatanode at: http://0.0.0.0:0
2019-09-17 13:15:52,604 [main] INFO  server.AuthenticationFilter (AuthenticationFilter.java:constructSecretProvider(240)) - Unable to initialize FileSignerSecretProvider, falling back to use random secrets.
2019-09-17 13:15:52,605 [main] WARN  http.HttpRequestLog (HttpRequestLog.java:getRequestLog(97)) - Jetty request log can only be enabled using Log4j
2019-09-17 13:15:52,607 [main] INFO  http.HttpServer2 (HttpServer2.java:addGlobalFilter(975)) - Added global filter 'safety' (class=org.apache.hadoop.http.HttpServer2$QuotingInputFilter)
2019-09-17 13:15:52,608 [main] INFO  http.HttpServer2 (HttpServer2.java:addFilter(948)) - Added filter static_user_filter (class=org.apache.hadoop.http.lib.StaticUserWebFilter$StaticUserFilter) to context hddsDatanode
2019-09-17 13:15:52,608 [main] INFO  http.HttpServer2 (HttpServer2.java:addFilter(958)) - Added filter static_user_filter (class=org.apache.hadoop.http.lib.StaticUserWebFilter$StaticUserFilter) to context logs
2019-09-17 13:15:52,608 [main] INFO  http.HttpServer2 (HttpServer2.java:addFilter(958)) - Added filter static_user_filter (class=org.apache.hadoop.http.lib.StaticUserWebFilter$StaticUserFilter) to context static
2019-09-17 13:15:52,609 [main] INFO  http.HttpServer2 (HttpServer2.java:bindListener(1191)) - Jetty bound to port 43632
2019-09-17 13:15:52,610 [main] INFO  server.Server (Server.java:doStart(351)) - jetty-9.3.24.v20180605, build timestamp: 2018-06-05T17:11:56Z, git hash: 84205aa28f11a4f31f2a3b86d1bba2cc8ab69827
2019-09-17 13:15:52,612 [main] INFO  handler.ContextHandler (ContextHandler.java:doStart(781)) - Started o.e.j.s.ServletContextHandler@767a014e{/logs,file:///tmp/workdir/hadoop-ozone/tools/target/log,AVAILABLE}
2019-09-17 13:15:52,612 [main] INFO  handler.ContextHandler (ContextHandler.java:doStart(781)) - Started o.e.j.s.ServletContextHandler@3968bc60{/static,jar:file:/home/user/.m2/repository/org/apache/hadoop/hadoop-hdds-container-service/0.5.0-SNAPSHOT/hadoop-hdds-container-service-0.5.0-SNAPSHOT.jar!/webapps/static,AVAILABLE}
2019-09-17 13:15:52,640 [main] INFO  handler.ContextHandler (ContextHandler.java:doStart(781)) - Started o.e.j.w.WebAppContext@4c6007fb{/,file:///tmp/jetty-0.0.0.0-43632-hddsDatanode-_-any-5248674217346497427.dir/webapp/,AVAILABLE}{/hddsDatanode}
2019-09-17 13:15:52,641 [main] INFO  server.AbstractConnector (AbstractConnector.java:doStart(278)) - Started ServerConnector@3e33d73e{HTTP/1.1,[http/1.1]}{0.0.0.0:43632}
2019-09-17 13:15:52,642 [main] INFO  server.Server (Server.java:doStart(419)) - Started @6021ms
2019-09-17 13:15:52,643 [main] WARN  impl.MetricsSystemImpl (MetricsSystemImpl.java:register(276)) - Sink prometheus already exists!
2019-09-17 13:15:52,644 [main] INFO  server.BaseHttpServer (BaseHttpServer.java:updateConnectorAddress(215)) - HTTP server of HDDSDATANODE is listening at http://0.0.0.0:43632
2019-09-17 13:15:52,645 [main] INFO  impl.MetricsSystemImpl (MetricsSystemImpl.java:init(158)) - HddsDatanode metrics system started (again)
2019-09-17 13:15:52,649 [main] INFO  ozone.HddsDatanodeService (HddsDatanodeService.java:start(184)) - HddsDatanodeService host:pr-hdds-2137-trunk-mnh2s-3748177197 ip:192.168.5.153
2019-09-17 13:15:52,650 [org.apache.hadoop.util.JvmPauseMonitor$Monitor@26147d95] INFO  util.JvmPauseMonitor (JvmPauseMonitor.java:run(188)) - Starting JVM pause monitor
2019-09-17 13:15:52,659 [main] INFO  volume.HddsVolume (HddsVolume.java:<init>(176)) - Creating Volume: /tmp/workdir/hadoop-ozone/tools/target/test-dir/MiniOzoneClusterImpl-f0fd4d7a-2cff-4230-aa30-c4e451fbf5d5/datanode-1/data/containers/hdds of  storage type : DISK and capacity : 1482555576320
2019-09-17 13:15:52,660 [main] INFO  volume.VolumeSet (VolumeSet.java:initializeVolumeSet(170)) - Added Volume : /tmp/workdir/hadoop-ozone/tools/target/test-dir/MiniOzoneClusterImpl-f0fd4d7a-2cff-4230-aa30-c4e451fbf5d5/datanode-1/data/containers/hdds to VolumeSet
2019-09-17 13:15:52,660 [main] INFO  volume.ThrottledAsyncChecker (ThrottledAsyncChecker.java:schedule(139)) - Scheduling a check for org.apache.hadoop.ozone.container.common.volume.HddsVolume@3dffc764
2019-09-17 13:15:52,661 [main] INFO  volume.HddsVolumeChecker (HddsVolumeChecker.java:checkAllVolumes(202)) - Scheduled health check for volume org.apache.hadoop.ozone.container.common.volume.HddsVolume@3dffc764
2019-09-17 13:15:52,679 [main] INFO  impl.RaftServerProxy (ConfUtils.java:logGet(43)) - raft.rpc.type = GRPC (default)
2019-09-17 13:15:52,680 [main] INFO  grpc.GrpcFactory (GrpcFactory.java:checkPooledByteBufAllocatorUseCacheForAllThreads(45)) - PERFORMANCE WARNING: useCacheForAllThreads is true that may cause Netty to create a lot garbage objects and, as a result, trigger GC.
	It is recommended to disable useCacheForAllThreads by setting -Dorg.apache.ratis.thirdparty.io.netty.allocator.useCacheForAllThreads=false in command line.
2019-09-17 13:15:52,680 [main] INFO  grpc.GrpcConfigKeys$Server (ConfUtils.java:logGet(43)) - raft.grpc.server.port = 0 (default)
2019-09-17 13:15:52,681 [main] INFO  server.GrpcService (ConfUtils.java:logGet(43)) - raft.grpc.message.size.max = 33570816 (custom)
2019-09-17 13:15:52,681 [main] INFO  server.RaftServerConfigKeys (ConfUtils.java:logGet(43)) - raft.server.log.appender.buffer.byte-limit = 33554432 (custom)
2019-09-17 13:15:52,681 [main] INFO  server.GrpcService (ConfUtils.java:logGet(43)) - raft.grpc.flow.control.window = 1MB (=1048576) (default)
2019-09-17 13:15:52,682 [main] INFO  server.RaftServerConfigKeys (ConfUtils.java:logGet(43)) - raft.server.rpc.request.timeout = 3000ms (default)
2019-09-17 13:15:52,683 [main] INFO  server.RaftServerConfigKeys (ConfUtils.java:logGet(43)) - raft.server.storage.dir = [/tmp/workdir/hadoop-ozone/tools/target/test-dir/MiniOzoneClusterImpl-f0fd4d7a-2cff-4230-aa30-c4e451fbf5d5/datanode-1/data/ratis] (custom)
2019-09-17 13:15:52,685 [main] INFO  hdfs.DFSUtil (DFSUtil.java:httpServerTemplateForNNAndJN(1641)) - Starting Web-server for hddsDatanode at: http://0.0.0.0:0
2019-09-17 13:15:52,687 [main] INFO  server.AuthenticationFilter (AuthenticationFilter.java:constructSecretProvider(240)) - Unable to initialize FileSignerSecretProvider, falling back to use random secrets.
2019-09-17 13:15:52,688 [main] WARN  http.HttpRequestLog (HttpRequestLog.java:getRequestLog(97)) - Jetty request log can only be enabled using Log4j
2019-09-17 13:15:52,692 [main] INFO  http.HttpServer2 (HttpServer2.java:addGlobalFilter(975)) - Added global filter 'safety' (class=org.apache.hadoop.http.HttpServer2$QuotingInputFilter)
2019-09-17 13:15:52,693 [main] INFO  http.HttpServer2 (HttpServer2.java:addFilter(948)) - Added filter static_user_filter (class=org.apache.hadoop.http.lib.StaticUserWebFilter$StaticUserFilter) to context hddsDatanode
2019-09-17 13:15:52,693 [main] INFO  http.HttpServer2 (HttpServer2.java:addFilter(958)) - Added filter static_user_filter (class=org.apache.hadoop.http.lib.StaticUserWebFilter$StaticUserFilter) to context logs
2019-09-17 13:15:52,693 [main] INFO  http.HttpServer2 (HttpServer2.java:addFilter(958)) - Added filter static_user_filter (class=org.apache.hadoop.http.lib.StaticUserWebFilter$StaticUserFilter) to context static
2019-09-17 13:15:52,694 [main] INFO  http.HttpServer2 (HttpServer2.java:bindListener(1191)) - Jetty bound to port 36876
2019-09-17 13:15:52,695 [main] INFO  server.Server (Server.java:doStart(351)) - jetty-9.3.24.v20180605, build timestamp: 2018-06-05T17:11:56Z, git hash: 84205aa28f11a4f31f2a3b86d1bba2cc8ab69827
2019-09-17 13:15:52,699 [main] INFO  handler.ContextHandler (ContextHandler.java:doStart(781)) - Started o.e.j.s.ServletContextHandler@12fcc71f{/logs,file:///tmp/workdir/hadoop-ozone/tools/target/log,AVAILABLE}
2019-09-17 13:15:52,699 [main] INFO  handler.ContextHandler (ContextHandler.java:doStart(781)) - Started o.e.j.s.ServletContextHandler@3ed7821{/static,jar:file:/home/user/.m2/repository/org/apache/hadoop/hadoop-hdds-container-service/0.5.0-SNAPSHOT/hadoop-hdds-container-service-0.5.0-SNAPSHOT.jar!/webapps/static,AVAILABLE}
2019-09-17 13:15:52,738 [main] INFO  handler.ContextHandler (ContextHandler.java:doStart(781)) - Started o.e.j.w.WebAppContext@524a076e{/,file:///tmp/jetty-0.0.0.0-36876-hddsDatanode-_-any-8291402159030294253.dir/webapp/,AVAILABLE}{/hddsDatanode}
2019-09-17 13:15:52,740 [main] INFO  server.AbstractConnector (AbstractConnector.java:doStart(278)) - Started ServerConnector@5b5e7036{HTTP/1.1,[http/1.1]}{0.0.0.0:36876}
2019-09-17 13:15:52,740 [main] INFO  server.Server (Server.java:doStart(419)) - Started @6118ms
2019-09-17 13:15:52,741 [main] WARN  impl.MetricsSystemImpl (MetricsSystemImpl.java:register(276)) - Sink prometheus already exists!
2019-09-17 13:15:52,742 [main] INFO  server.BaseHttpServer (BaseHttpServer.java:updateConnectorAddress(215)) - HTTP server of HDDSDATANODE is listening at http://0.0.0.0:36876
2019-09-17 13:15:52,742 [main] INFO  impl.MetricsSystemImpl (MetricsSystemImpl.java:init(158)) - HddsDatanode metrics system started (again)
2019-09-17 13:15:52,744 [org.apache.hadoop.util.JvmPauseMonitor$Monitor@387bb1f9] INFO  util.JvmPauseMonitor (JvmPauseMonitor.java:run(188)) - Starting JVM pause monitor
2019-09-17 13:15:52,746 [main] INFO  ozone.HddsDatanodeService (HddsDatanodeService.java:start(184)) - HddsDatanodeService host:pr-hdds-2137-trunk-mnh2s-3748177197 ip:192.168.5.153
2019-09-17 13:15:52,753 [main] INFO  volume.HddsVolume (HddsVolume.java:<init>(176)) - Creating Volume: /tmp/workdir/hadoop-ozone/tools/target/test-dir/MiniOzoneClusterImpl-f0fd4d7a-2cff-4230-aa30-c4e451fbf5d5/datanode-2/data/containers/hdds of  storage type : DISK and capacity : 1482555576320
2019-09-17 13:15:52,753 [main] INFO  volume.VolumeSet (VolumeSet.java:initializeVolumeSet(170)) - Added Volume : /tmp/workdir/hadoop-ozone/tools/target/test-dir/MiniOzoneClusterImpl-f0fd4d7a-2cff-4230-aa30-c4e451fbf5d5/datanode-2/data/containers/hdds to VolumeSet
2019-09-17 13:15:52,753 [main] INFO  volume.ThrottledAsyncChecker (ThrottledAsyncChecker.java:schedule(139)) - Scheduling a check for org.apache.hadoop.ozone.container.common.volume.HddsVolume@1aad0b1
2019-09-17 13:15:52,754 [main] INFO  volume.HddsVolumeChecker (HddsVolumeChecker.java:checkAllVolumes(202)) - Scheduled health check for volume org.apache.hadoop.ozone.container.common.volume.HddsVolume@1aad0b1
2019-09-17 13:15:52,773 [main] INFO  impl.RaftServerProxy (ConfUtils.java:logGet(43)) - raft.rpc.type = GRPC (default)
2019-09-17 13:15:52,773 [Datanode State Machine Thread - 0] INFO  datanode.InitDatanodeState (InitDatanodeState.java:persistContainerDatanodeDetails(140)) - DatanodeDetails is persisted to /tmp/workdir/hadoop-ozone/tools/target/test-dir/MiniOzoneClusterImpl-f0fd4d7a-2cff-4230-aa30-c4e451fbf5d5/datanode-0/meta/datanode.id
2019-09-17 13:15:52,773 [main] INFO  grpc.GrpcFactory (GrpcFactory.java:checkPooledByteBufAllocatorUseCacheForAllThreads(45)) - PERFORMANCE WARNING: useCacheForAllThreads is true that may cause Netty to create a lot garbage objects and, as a result, trigger GC.
	It is recommended to disable useCacheForAllThreads by setting -Dorg.apache.ratis.thirdparty.io.netty.allocator.useCacheForAllThreads=false in command line.
2019-09-17 13:15:52,774 [main] INFO  grpc.GrpcConfigKeys$Server (ConfUtils.java:logGet(43)) - raft.grpc.server.port = 0 (default)
2019-09-17 13:15:52,776 [main] INFO  server.GrpcService (ConfUtils.java:logGet(43)) - raft.grpc.message.size.max = 33570816 (custom)
2019-09-17 13:15:52,776 [main] INFO  server.RaftServerConfigKeys (ConfUtils.java:logGet(43)) - raft.server.log.appender.buffer.byte-limit = 33554432 (custom)
2019-09-17 13:15:52,776 [main] INFO  server.GrpcService (ConfUtils.java:logGet(43)) - raft.grpc.flow.control.window = 1MB (=1048576) (default)
2019-09-17 13:15:52,776 [main] INFO  server.RaftServerConfigKeys (ConfUtils.java:logGet(43)) - raft.server.rpc.request.timeout = 3000ms (default)
2019-09-17 13:15:52,776 [Datanode State Machine Thread - 0] INFO  datanode.InitDatanodeState (InitDatanodeState.java:persistContainerDatanodeDetails(140)) - DatanodeDetails is persisted to /tmp/workdir/hadoop-ozone/tools/target/test-dir/MiniOzoneClusterImpl-f0fd4d7a-2cff-4230-aa30-c4e451fbf5d5/datanode-1/meta/datanode.id
2019-09-17 13:15:52,777 [main] INFO  server.RaftServerConfigKeys (ConfUtils.java:logGet(43)) - raft.server.storage.dir = [/tmp/workdir/hadoop-ozone/tools/target/test-dir/MiniOzoneClusterImpl-f0fd4d7a-2cff-4230-aa30-c4e451fbf5d5/datanode-2/data/ratis] (custom)
2019-09-17 13:15:52,779 [main] INFO  hdfs.DFSUtil (DFSUtil.java:httpServerTemplateForNNAndJN(1641)) - Starting Web-server for hddsDatanode at: http://0.0.0.0:0
2019-09-17 13:15:52,781 [main] INFO  server.AuthenticationFilter (AuthenticationFilter.java:constructSecretProvider(240)) - Unable to initialize FileSignerSecretProvider, falling back to use random secrets.
2019-09-17 13:15:52,781 [main] WARN  http.HttpRequestLog (HttpRequestLog.java:getRequestLog(97)) - Jetty request log can only be enabled using Log4j
2019-09-17 13:15:52,783 [main] INFO  http.HttpServer2 (HttpServer2.java:addGlobalFilter(975)) - Added global filter 'safety' (class=org.apache.hadoop.http.HttpServer2$QuotingInputFilter)
2019-09-17 13:15:52,784 [main] INFO  http.HttpServer2 (HttpServer2.java:addFilter(948)) - Added filter static_user_filter (class=org.apache.hadoop.http.lib.StaticUserWebFilter$StaticUserFilter) to context hddsDatanode
2019-09-17 13:15:52,784 [main] INFO  http.HttpServer2 (HttpServer2.java:addFilter(958)) - Added filter static_user_filter (class=org.apache.hadoop.http.lib.StaticUserWebFilter$StaticUserFilter) to context logs
2019-09-17 13:15:52,784 [main] INFO  http.HttpServer2 (HttpServer2.java:addFilter(958)) - Added filter static_user_filter (class=org.apache.hadoop.http.lib.StaticUserWebFilter$StaticUserFilter) to context static
2019-09-17 13:15:52,785 [main] INFO  http.HttpServer2 (HttpServer2.java:bindListener(1191)) - Jetty bound to port 39375
2019-09-17 13:15:52,785 [main] INFO  server.Server (Server.java:doStart(351)) - jetty-9.3.24.v20180605, build timestamp: 2018-06-05T17:11:56Z, git hash: 84205aa28f11a4f31f2a3b86d1bba2cc8ab69827
2019-09-17 13:15:52,788 [main] INFO  handler.ContextHandler (ContextHandler.java:doStart(781)) - Started o.e.j.s.ServletContextHandler@4faa298{/logs,file:///tmp/workdir/hadoop-ozone/tools/target/log,AVAILABLE}
2019-09-17 13:15:52,788 [main] INFO  handler.ContextHandler (ContextHandler.java:doStart(781)) - Started o.e.j.s.ServletContextHandler@151bf776{/static,jar:file:/home/user/.m2/repository/org/apache/hadoop/hadoop-hdds-container-service/0.5.0-SNAPSHOT/hadoop-hdds-container-service-0.5.0-SNAPSHOT.jar!/webapps/static,AVAILABLE}
2019-09-17 13:15:52,818 [main] INFO  handler.ContextHandler (ContextHandler.java:doStart(781)) - Started o.e.j.w.WebAppContext@74174a23{/,file:///tmp/jetty-0.0.0.0-39375-hddsDatanode-_-any-3327883634412625972.dir/webapp/,AVAILABLE}{/hddsDatanode}
2019-09-17 13:15:52,819 [main] INFO  server.AbstractConnector (AbstractConnector.java:doStart(278)) - Started ServerConnector@6342d610{HTTP/1.1,[http/1.1]}{0.0.0.0:39375}
2019-09-17 13:15:52,820 [main] INFO  server.Server (Server.java:doStart(419)) - Started @6198ms
2019-09-17 13:15:52,820 [main] WARN  impl.MetricsSystemImpl (MetricsSystemImpl.java:register(276)) - Sink prometheus already exists!
2019-09-17 13:15:52,821 [main] INFO  server.BaseHttpServer (BaseHttpServer.java:updateConnectorAddress(215)) - HTTP server of HDDSDATANODE is listening at http://0.0.0.0:39375
2019-09-17 13:15:52,821 [main] INFO  impl.MetricsSystemImpl (MetricsSystemImpl.java:init(158)) - HddsDatanode metrics system started (again)
2019-09-17 13:15:52,824 [org.apache.hadoop.util.JvmPauseMonitor$Monitor@6e7eeb33] INFO  util.JvmPauseMonitor (JvmPauseMonitor.java:run(188)) - Starting JVM pause monitor
2019-09-17 13:15:52,825 [main] INFO  ozone.HddsDatanodeService (HddsDatanodeService.java:start(184)) - HddsDatanodeService host:pr-hdds-2137-trunk-mnh2s-3748177197 ip:192.168.5.153
2019-09-17 13:15:52,827 [Datanode State Machine Thread - 0] INFO  datanode.InitDatanodeState (InitDatanodeState.java:persistContainerDatanodeDetails(140)) - DatanodeDetails is persisted to /tmp/workdir/hadoop-ozone/tools/target/test-dir/MiniOzoneClusterImpl-f0fd4d7a-2cff-4230-aa30-c4e451fbf5d5/datanode-2/meta/datanode.id
2019-09-17 13:15:52,832 [main] INFO  volume.HddsVolume (HddsVolume.java:<init>(176)) - Creating Volume: /tmp/workdir/hadoop-ozone/tools/target/test-dir/MiniOzoneClusterImpl-f0fd4d7a-2cff-4230-aa30-c4e451fbf5d5/datanode-3/data/containers/hdds of  storage type : DISK and capacity : 1482555576320
2019-09-17 13:15:52,832 [main] INFO  volume.VolumeSet (VolumeSet.java:initializeVolumeSet(170)) - Added Volume : /tmp/workdir/hadoop-ozone/tools/target/test-dir/MiniOzoneClusterImpl-f0fd4d7a-2cff-4230-aa30-c4e451fbf5d5/datanode-3/data/containers/hdds to VolumeSet
2019-09-17 13:15:52,832 [main] INFO  volume.ThrottledAsyncChecker (ThrottledAsyncChecker.java:schedule(139)) - Scheduling a check for org.apache.hadoop.ozone.container.common.volume.HddsVolume@3cd9aa64
2019-09-17 13:15:52,833 [main] INFO  volume.HddsVolumeChecker (HddsVolumeChecker.java:checkAllVolumes(202)) - Scheduled health check for volume org.apache.hadoop.ozone.container.common.volume.HddsVolume@3cd9aa64
2019-09-17 13:15:52,848 [main] INFO  impl.RaftServerProxy (ConfUtils.java:logGet(43)) - raft.rpc.type = GRPC (default)
2019-09-17 13:15:52,849 [main] INFO  grpc.GrpcFactory (GrpcFactory.java:checkPooledByteBufAllocatorUseCacheForAllThreads(45)) - PERFORMANCE WARNING: useCacheForAllThreads is true that may cause Netty to create a lot garbage objects and, as a result, trigger GC.
	It is recommended to disable useCacheForAllThreads by setting -Dorg.apache.ratis.thirdparty.io.netty.allocator.useCacheForAllThreads=false in command line.
2019-09-17 13:15:52,849 [main] INFO  grpc.GrpcConfigKeys$Server (ConfUtils.java:logGet(43)) - raft.grpc.server.port = 0 (default)
2019-09-17 13:15:52,849 [main] INFO  server.GrpcService (ConfUtils.java:logGet(43)) - raft.grpc.message.size.max = 33570816 (custom)
2019-09-17 13:15:52,849 [main] INFO  server.RaftServerConfigKeys (ConfUtils.java:logGet(43)) - raft.server.log.appender.buffer.byte-limit = 33554432 (custom)
2019-09-17 13:15:52,850 [main] INFO  server.GrpcService (ConfUtils.java:logGet(43)) - raft.grpc.flow.control.window = 1MB (=1048576) (default)
2019-09-17 13:15:52,850 [main] INFO  server.RaftServerConfigKeys (ConfUtils.java:logGet(43)) - raft.server.rpc.request.timeout = 3000ms (default)
2019-09-17 13:15:52,850 [main] INFO  server.RaftServerConfigKeys (ConfUtils.java:logGet(43)) - raft.server.storage.dir = [/tmp/workdir/hadoop-ozone/tools/target/test-dir/MiniOzoneClusterImpl-f0fd4d7a-2cff-4230-aa30-c4e451fbf5d5/datanode-3/data/ratis] (custom)
2019-09-17 13:15:52,852 [main] INFO  hdfs.DFSUtil (DFSUtil.java:httpServerTemplateForNNAndJN(1641)) - Starting Web-server for hddsDatanode at: http://0.0.0.0:0
2019-09-17 13:15:52,854 [main] INFO  server.AuthenticationFilter (AuthenticationFilter.java:constructSecretProvider(240)) - Unable to initialize FileSignerSecretProvider, falling back to use random secrets.
2019-09-17 13:15:52,854 [main] WARN  http.HttpRequestLog (HttpRequestLog.java:getRequestLog(97)) - Jetty request log can only be enabled using Log4j
2019-09-17 13:15:52,856 [main] INFO  http.HttpServer2 (HttpServer2.java:addGlobalFilter(975)) - Added global filter 'safety' (class=org.apache.hadoop.http.HttpServer2$QuotingInputFilter)
2019-09-17 13:15:52,857 [main] INFO  http.HttpServer2 (HttpServer2.java:addFilter(948)) - Added filter static_user_filter (class=org.apache.hadoop.http.lib.StaticUserWebFilter$StaticUserFilter) to context hddsDatanode
2019-09-17 13:15:52,857 [main] INFO  http.HttpServer2 (HttpServer2.java:addFilter(958)) - Added filter static_user_filter (class=org.apache.hadoop.http.lib.StaticUserWebFilter$StaticUserFilter) to context static
2019-09-17 13:15:52,857 [main] INFO  http.HttpServer2 (HttpServer2.java:addFilter(958)) - Added filter static_user_filter (class=org.apache.hadoop.http.lib.StaticUserWebFilter$StaticUserFilter) to context logs
2019-09-17 13:15:52,858 [main] INFO  http.HttpServer2 (HttpServer2.java:bindListener(1191)) - Jetty bound to port 45921
2019-09-17 13:15:52,858 [main] INFO  server.Server (Server.java:doStart(351)) - jetty-9.3.24.v20180605, build timestamp: 2018-06-05T17:11:56Z, git hash: 84205aa28f11a4f31f2a3b86d1bba2cc8ab69827
2019-09-17 13:15:52,861 [main] INFO  handler.ContextHandler (ContextHandler.java:doStart(781)) - Started o.e.j.s.ServletContextHandler@642f9a77{/logs,file:///tmp/workdir/hadoop-ozone/tools/target/log,AVAILABLE}
2019-09-17 13:15:52,862 [main] INFO  handler.ContextHandler (ContextHandler.java:doStart(781)) - Started o.e.j.s.ServletContextHandler@5634d0f4{/static,jar:file:/home/user/.m2/repository/org/apache/hadoop/hadoop-hdds-container-service/0.5.0-SNAPSHOT/hadoop-hdds-container-service-0.5.0-SNAPSHOT.jar!/webapps/static,AVAILABLE}
2019-09-17 13:15:52,891 [main] INFO  handler.ContextHandler (ContextHandler.java:doStart(781)) - Started o.e.j.w.WebAppContext@73844119{/,file:///tmp/jetty-0.0.0.0-45921-hddsDatanode-_-any-502953968341252267.dir/webapp/,AVAILABLE}{/hddsDatanode}
2019-09-17 13:15:52,892 [main] INFO  server.AbstractConnector (AbstractConnector.java:doStart(278)) - Started ServerConnector@44f24a20{HTTP/1.1,[http/1.1]}{0.0.0.0:45921}
2019-09-17 13:15:52,892 [main] INFO  server.Server (Server.java:doStart(419)) - Started @6271ms
2019-09-17 13:15:52,893 [main] WARN  impl.MetricsSystemImpl (MetricsSystemImpl.java:register(276)) - Sink prometheus already exists!
2019-09-17 13:15:52,894 [main] INFO  server.BaseHttpServer (BaseHttpServer.java:updateConnectorAddress(215)) - HTTP server of HDDSDATANODE is listening at http://0.0.0.0:45921
2019-09-17 13:15:52,894 [main] INFO  impl.MetricsSystemImpl (MetricsSystemImpl.java:init(158)) - HddsDatanode metrics system started (again)
2019-09-17 13:15:52,897 [org.apache.hadoop.util.JvmPauseMonitor$Monitor@45bf8034] INFO  util.JvmPauseMonitor (JvmPauseMonitor.java:run(188)) - Starting JVM pause monitor
2019-09-17 13:15:52,899 [main] INFO  ozone.HddsDatanodeService (HddsDatanodeService.java:start(184)) - HddsDatanodeService host:pr-hdds-2137-trunk-mnh2s-3748177197 ip:192.168.5.153
2019-09-17 13:15:52,900 [Datanode State Machine Thread - 0] INFO  datanode.InitDatanodeState (InitDatanodeState.java:persistContainerDatanodeDetails(140)) - DatanodeDetails is persisted to /tmp/workdir/hadoop-ozone/tools/target/test-dir/MiniOzoneClusterImpl-f0fd4d7a-2cff-4230-aa30-c4e451fbf5d5/datanode-3/meta/datanode.id
2019-09-17 13:15:52,907 [main] INFO  volume.HddsVolume (HddsVolume.java:<init>(176)) - Creating Volume: /tmp/workdir/hadoop-ozone/tools/target/test-dir/MiniOzoneClusterImpl-f0fd4d7a-2cff-4230-aa30-c4e451fbf5d5/datanode-4/data/containers/hdds of  storage type : DISK and capacity : 1482555576320
2019-09-17 13:15:52,907 [main] INFO  volume.VolumeSet (VolumeSet.java:initializeVolumeSet(170)) - Added Volume : /tmp/workdir/hadoop-ozone/tools/target/test-dir/MiniOzoneClusterImpl-f0fd4d7a-2cff-4230-aa30-c4e451fbf5d5/datanode-4/data/containers/hdds to VolumeSet
2019-09-17 13:15:52,908 [main] INFO  volume.ThrottledAsyncChecker (ThrottledAsyncChecker.java:schedule(139)) - Scheduling a check for org.apache.hadoop.ozone.container.common.volume.HddsVolume@58f39564
2019-09-17 13:15:52,908 [main] INFO  volume.HddsVolumeChecker (HddsVolumeChecker.java:checkAllVolumes(202)) - Scheduled health check for volume org.apache.hadoop.ozone.container.common.volume.HddsVolume@58f39564
2019-09-17 13:15:52,932 [main] INFO  impl.RaftServerProxy (ConfUtils.java:logGet(43)) - raft.rpc.type = GRPC (default)
2019-09-17 13:15:52,933 [main] INFO  grpc.GrpcFactory (GrpcFactory.java:checkPooledByteBufAllocatorUseCacheForAllThreads(45)) - PERFORMANCE WARNING: useCacheForAllThreads is true that may cause Netty to create a lot garbage objects and, as a result, trigger GC.
	It is recommended to disable useCacheForAllThreads by setting -Dorg.apache.ratis.thirdparty.io.netty.allocator.useCacheForAllThreads=false in command line.
2019-09-17 13:15:52,933 [main] INFO  grpc.GrpcConfigKeys$Server (ConfUtils.java:logGet(43)) - raft.grpc.server.port = 0 (default)
2019-09-17 13:15:52,933 [main] INFO  server.GrpcService (ConfUtils.java:logGet(43)) - raft.grpc.message.size.max = 33570816 (custom)
2019-09-17 13:15:52,933 [main] INFO  server.RaftServerConfigKeys (ConfUtils.java:logGet(43)) - raft.server.log.appender.buffer.byte-limit = 33554432 (custom)
2019-09-17 13:15:52,934 [main] INFO  server.GrpcService (ConfUtils.java:logGet(43)) - raft.grpc.flow.control.window = 1MB (=1048576) (default)
2019-09-17 13:15:52,934 [main] INFO  server.RaftServerConfigKeys (ConfUtils.java:logGet(43)) - raft.server.rpc.request.timeout = 3000ms (default)
2019-09-17 13:15:52,935 [main] INFO  server.RaftServerConfigKeys (ConfUtils.java:logGet(43)) - raft.server.storage.dir = [/tmp/workdir/hadoop-ozone/tools/target/test-dir/MiniOzoneClusterImpl-f0fd4d7a-2cff-4230-aa30-c4e451fbf5d5/datanode-4/data/ratis] (custom)
2019-09-17 13:15:52,937 [main] INFO  hdfs.DFSUtil (DFSUtil.java:httpServerTemplateForNNAndJN(1641)) - Starting Web-server for hddsDatanode at: http://0.0.0.0:0
2019-09-17 13:15:52,939 [main] INFO  server.AuthenticationFilter (AuthenticationFilter.java:constructSecretProvider(240)) - Unable to initialize FileSignerSecretProvider, falling back to use random secrets.
2019-09-17 13:15:52,939 [main] WARN  http.HttpRequestLog (HttpRequestLog.java:getRequestLog(97)) - Jetty request log can only be enabled using Log4j
2019-09-17 13:15:52,941 [main] INFO  http.HttpServer2 (HttpServer2.java:addGlobalFilter(975)) - Added global filter 'safety' (class=org.apache.hadoop.http.HttpServer2$QuotingInputFilter)
2019-09-17 13:15:52,942 [main] INFO  http.HttpServer2 (HttpServer2.java:addFilter(948)) - Added filter static_user_filter (class=org.apache.hadoop.http.lib.StaticUserWebFilter$StaticUserFilter) to context hddsDatanode
2019-09-17 13:15:52,942 [main] INFO  http.HttpServer2 (HttpServer2.java:addFilter(958)) - Added filter static_user_filter (class=org.apache.hadoop.http.lib.StaticUserWebFilter$StaticUserFilter) to context static
2019-09-17 13:15:52,943 [main] INFO  http.HttpServer2 (HttpServer2.java:addFilter(958)) - Added filter static_user_filter (class=org.apache.hadoop.http.lib.StaticUserWebFilter$StaticUserFilter) to context logs
2019-09-17 13:15:52,943 [main] INFO  http.HttpServer2 (HttpServer2.java:bindListener(1191)) - Jetty bound to port 33851
2019-09-17 13:15:52,944 [main] INFO  server.Server (Server.java:doStart(351)) - jetty-9.3.24.v20180605, build timestamp: 2018-06-05T17:11:56Z, git hash: 84205aa28f11a4f31f2a3b86d1bba2cc8ab69827
2019-09-17 13:15:52,946 [main] INFO  handler.ContextHandler (ContextHandler.java:doStart(781)) - Started o.e.j.s.ServletContextHandler@60c8a093{/logs,file:///tmp/workdir/hadoop-ozone/tools/target/log,AVAILABLE}
2019-09-17 13:15:52,946 [main] INFO  handler.ContextHandler (ContextHandler.java:doStart(781)) - Started o.e.j.s.ServletContextHandler@2a369e14{/static,jar:file:/home/user/.m2/repository/org/apache/hadoop/hadoop-hdds-container-service/0.5.0-SNAPSHOT/hadoop-hdds-container-service-0.5.0-SNAPSHOT.jar!/webapps/static,AVAILABLE}
2019-09-17 13:15:52,979 [main] INFO  handler.ContextHandler (ContextHandler.java:doStart(781)) - Started o.e.j.w.WebAppContext@127a7272{/,file:///tmp/jetty-0.0.0.0-33851-hddsDatanode-_-any-7402328412762894811.dir/webapp/,AVAILABLE}{/hddsDatanode}
2019-09-17 13:15:52,981 [main] INFO  server.AbstractConnector (AbstractConnector.java:doStart(278)) - Started ServerConnector@ff23ae7{HTTP/1.1,[http/1.1]}{0.0.0.0:33851}
2019-09-17 13:15:52,981 [main] INFO  server.Server (Server.java:doStart(419)) - Started @6359ms
2019-09-17 13:15:52,981 [main] WARN  impl.MetricsSystemImpl (MetricsSystemImpl.java:register(276)) - Sink prometheus already exists!
2019-09-17 13:15:52,982 [main] INFO  server.BaseHttpServer (BaseHttpServer.java:updateConnectorAddress(215)) - HTTP server of HDDSDATANODE is listening at http://0.0.0.0:33851
2019-09-17 13:15:52,985 [main] INFO  ozone.MiniOzoneClusterImpl (MiniOzoneClusterImpl.java:lambda$waitForClusterToBeReady$0(145)) - Waiting for cluster to be ready. Got 0 of 5 DN Heartbeats.
2019-09-17 13:15:52,985 [org.apache.hadoop.util.JvmPauseMonitor$Monitor@44ba788e] INFO  util.JvmPauseMonitor (JvmPauseMonitor.java:run(188)) - Starting JVM pause monitor
2019-09-17 13:15:52,988 [Datanode State Machine Thread - 0] INFO  datanode.InitDatanodeState (InitDatanodeState.java:persistContainerDatanodeDetails(140)) - DatanodeDetails is persisted to /tmp/workdir/hadoop-ozone/tools/target/test-dir/MiniOzoneClusterImpl-f0fd4d7a-2cff-4230-aa30-c4e451fbf5d5/datanode-4/meta/datanode.id
2019-09-17 13:15:53,985 [main] INFO  ozone.MiniOzoneClusterImpl (MiniOzoneClusterImpl.java:lambda$waitForClusterToBeReady$0(145)) - Waiting for cluster to be ready. Got 0 of 5 DN Heartbeats.
2019-09-17 13:15:54,749 [Datanode State Machine Thread - 0] INFO  ozoneimpl.OzoneContainer (OzoneContainer.java:start(217)) - Attempting to start container services.
2019-09-17 13:15:54,752 [Datanode State Machine Thread - 0] INFO  ozoneimpl.OzoneContainer (OzoneContainer.java:startContainerScrub(179)) - Background container scanner has been disabled.
2019-09-17 13:15:54,752 [Datanode State Machine Thread - 0] INFO  ratis.XceiverServerRatis (XceiverServerRatis.java:start(411)) - Starting XceiverServerRatis c5ad2958-1e71-4305-8551-aa22f829f9b0 at port 0
2019-09-17 13:15:54,777 [Datanode State Machine Thread - 0] INFO  impl.RaftServerProxy (RaftServerProxy.java:lambda$start$3(299)) - c5ad2958-1e71-4305-8551-aa22f829f9b0: start RPC server
2019-09-17 13:15:54,832 [Datanode State Machine Thread - 0] INFO  ozoneimpl.OzoneContainer (OzoneContainer.java:start(217)) - Attempting to start container services.
2019-09-17 13:15:54,836 [Datanode State Machine Thread - 0] INFO  ozoneimpl.OzoneContainer (OzoneContainer.java:startContainerScrub(179)) - Background container scanner has been disabled.
2019-09-17 13:15:54,836 [Datanode State Machine Thread - 0] INFO  ratis.XceiverServerRatis (XceiverServerRatis.java:start(411)) - Starting XceiverServerRatis c272a19c-58f0-4f89-b8a3-99206c50c4db at port 0
2019-09-17 13:15:54,842 [Datanode State Machine Thread - 0] INFO  impl.RaftServerProxy (RaftServerProxy.java:lambda$start$3(299)) - c272a19c-58f0-4f89-b8a3-99206c50c4db: start RPC server
2019-09-17 13:15:54,864 [Datanode State Machine Thread - 0] INFO  ozoneimpl.OzoneContainer (OzoneContainer.java:start(217)) - Attempting to start container services.
2019-09-17 13:15:54,866 [Datanode State Machine Thread - 0] INFO  ozoneimpl.OzoneContainer (OzoneContainer.java:startContainerScrub(179)) - Background container scanner has been disabled.
2019-09-17 13:15:54,866 [Datanode State Machine Thread - 0] INFO  ratis.XceiverServerRatis (XceiverServerRatis.java:start(411)) - Starting XceiverServerRatis 2de42d1e-45de-4f1c-b9d9-c37b95a80a97 at port 0
2019-09-17 13:15:54,873 [Datanode State Machine Thread - 0] INFO  impl.RaftServerProxy (RaftServerProxy.java:lambda$start$3(299)) - 2de42d1e-45de-4f1c-b9d9-c37b95a80a97: start RPC server
2019-09-17 13:15:54,925 [Datanode State Machine Thread - 0] INFO  ozoneimpl.OzoneContainer (OzoneContainer.java:start(217)) - Attempting to start container services.
2019-09-17 13:15:54,927 [Datanode State Machine Thread - 0] INFO  ozoneimpl.OzoneContainer (OzoneContainer.java:startContainerScrub(179)) - Background container scanner has been disabled.
2019-09-17 13:15:54,931 [Datanode State Machine Thread - 0] INFO  ratis.XceiverServerRatis (XceiverServerRatis.java:start(411)) - Starting XceiverServerRatis ee26f971-09bc-425e-9e93-48f1ae9ac0f1 at port 0
2019-09-17 13:15:54,943 [Datanode State Machine Thread - 0] INFO  impl.RaftServerProxy (RaftServerProxy.java:lambda$start$3(299)) - ee26f971-09bc-425e-9e93-48f1ae9ac0f1: start RPC server
2019-09-17 13:15:54,946 [Datanode State Machine Thread - 0] INFO  server.GrpcService (GrpcService.java:startImpl(158)) - c272a19c-58f0-4f89-b8a3-99206c50c4db: GrpcService started, listening on 0.0.0.0/0.0.0.0:46635
2019-09-17 13:15:54,945 [Datanode State Machine Thread - 0] INFO  server.GrpcService (GrpcService.java:startImpl(158)) - c5ad2958-1e71-4305-8551-aa22f829f9b0: GrpcService started, listening on 0.0.0.0/0.0.0.0:32904
2019-09-17 13:15:54,945 [Datanode State Machine Thread - 0] INFO  server.GrpcService (GrpcService.java:startImpl(158)) - 2de42d1e-45de-4f1c-b9d9-c37b95a80a97: GrpcService started, listening on 0.0.0.0/0.0.0.0:40988
2019-09-17 13:15:54,947 [Datanode State Machine Thread - 0] INFO  server.GrpcService (GrpcService.java:startImpl(158)) - ee26f971-09bc-425e-9e93-48f1ae9ac0f1: GrpcService started, listening on 0.0.0.0/0.0.0.0:34705
2019-09-17 13:15:54,947 [Datanode State Machine Thread - 0] INFO  ratis.XceiverServerRatis (XceiverServerRatis.java:start(421)) - XceiverServerRatis c5ad2958-1e71-4305-8551-aa22f829f9b0 is started using port 32904
2019-09-17 13:15:54,947 [Datanode State Machine Thread - 0] INFO  ratis.XceiverServerRatis (XceiverServerRatis.java:start(421)) - XceiverServerRatis c272a19c-58f0-4f89-b8a3-99206c50c4db is started using port 46635
2019-09-17 13:15:54,948 [Datanode State Machine Thread - 0] INFO  ratis.XceiverServerRatis (XceiverServerRatis.java:start(421)) - XceiverServerRatis ee26f971-09bc-425e-9e93-48f1ae9ac0f1 is started using port 34705
2019-09-17 13:15:54,948 [Datanode State Machine Thread - 0] INFO  ratis.XceiverServerRatis (XceiverServerRatis.java:start(421)) - XceiverServerRatis 2de42d1e-45de-4f1c-b9d9-c37b95a80a97 is started using port 40988
2019-09-17 13:15:54,957 [Datanode State Machine Thread - 0] INFO  server.XceiverServerGrpc (XceiverServerGrpc.java:start(163)) - XceiverServerGrpc c272a19c-58f0-4f89-b8a3-99206c50c4db is started using port 45669
2019-09-17 13:15:54,958 [Datanode State Machine Thread - 0] INFO  server.XceiverServerGrpc (XceiverServerGrpc.java:start(163)) - XceiverServerGrpc c5ad2958-1e71-4305-8551-aa22f829f9b0 is started using port 35056
2019-09-17 13:15:54,957 [Datanode State Machine Thread - 0] INFO  server.XceiverServerGrpc (XceiverServerGrpc.java:start(163)) - XceiverServerGrpc ee26f971-09bc-425e-9e93-48f1ae9ac0f1 is started using port 44859
2019-09-17 13:15:54,957 [Datanode State Machine Thread - 0] INFO  server.XceiverServerGrpc (XceiverServerGrpc.java:start(163)) - XceiverServerGrpc 2de42d1e-45de-4f1c-b9d9-c37b95a80a97 is started using port 41749
2019-09-17 13:15:54,986 [main] INFO  ozone.MiniOzoneClusterImpl (MiniOzoneClusterImpl.java:lambda$waitForClusterToBeReady$0(145)) - Waiting for cluster to be ready. Got 0 of 5 DN Heartbeats.
2019-09-17 13:15:55,017 [Datanode State Machine Thread - 0] INFO  ozoneimpl.OzoneContainer (OzoneContainer.java:start(217)) - Attempting to start container services.
2019-09-17 13:15:55,021 [Datanode State Machine Thread - 0] INFO  ozoneimpl.OzoneContainer (OzoneContainer.java:startContainerScrub(179)) - Background container scanner has been disabled.
2019-09-17 13:15:55,022 [Datanode State Machine Thread - 0] INFO  ratis.XceiverServerRatis (XceiverServerRatis.java:start(411)) - Starting XceiverServerRatis 6c3c6da7-32c5-4321-a860-cdd0ae39be33 at port 0
2019-09-17 13:15:55,028 [Datanode State Machine Thread - 0] INFO  impl.RaftServerProxy (RaftServerProxy.java:lambda$start$3(299)) - 6c3c6da7-32c5-4321-a860-cdd0ae39be33: start RPC server
2019-09-17 13:15:55,032 [Datanode State Machine Thread - 0] INFO  server.GrpcService (GrpcService.java:startImpl(158)) - 6c3c6da7-32c5-4321-a860-cdd0ae39be33: GrpcService started, listening on 0.0.0.0/0.0.0.0:36145
2019-09-17 13:15:55,033 [Datanode State Machine Thread - 0] INFO  ratis.XceiverServerRatis (XceiverServerRatis.java:start(421)) - XceiverServerRatis 6c3c6da7-32c5-4321-a860-cdd0ae39be33 is started using port 36145
2019-09-17 13:15:55,036 [Datanode State Machine Thread - 0] INFO  server.XceiverServerGrpc (XceiverServerGrpc.java:start(163)) - XceiverServerGrpc 6c3c6da7-32c5-4321-a860-cdd0ae39be33 is started using port 41270
2019-09-17 13:15:55,988 [main] INFO  ozone.MiniOzoneClusterImpl (MiniOzoneClusterImpl.java:lambda$waitForClusterToBeReady$0(145)) - Waiting for cluster to be ready. Got 0 of 5 DN Heartbeats.
2019-09-17 13:15:56,696 [IPC Server handler 15 on 46689] INFO  net.NetworkTopology (NetworkTopologyImpl.java:add(110)) - Added a new node: /default-rack/c5ad2958-1e71-4305-8551-aa22f829f9b0
2019-09-17 13:15:56,697 [IPC Server handler 15 on 46689] INFO  node.SCMNodeManager (SCMNodeManager.java:register(266)) - Registered Data node : c5ad2958-1e71-4305-8551-aa22f829f9b0{ip: 192.168.5.153, host: pr-hdds-2137-trunk-mnh2s-3748177197, networkLocation: /default-rack, certSerialId: null}
2019-09-17 13:15:56,702 [EventQueue-NodeRegistrationContainerReportForDataNodeSafeModeRule] INFO  safemode.SCMSafeModeManager (DataNodeSafeModeRule.java:process(71)) - SCM in safe mode. 1 DataNodes registered, 1 required.
2019-09-17 13:15:56,702 [EventQueue-NodeRegistrationContainerReportForDataNodeSafeModeRule] INFO  safemode.SCMSafeModeManager (SCMSafeModeManager.java:validateSafeModeExitRules(177)) - ScmSafeModeManager, all rules are successfully validated
2019-09-17 13:15:56,703 [EventQueue-NodeRegistrationContainerReportForDataNodeSafeModeRule] INFO  safemode.SCMSafeModeManager (SCMSafeModeManager.java:exitSafeMode(193)) - SCM exiting safe mode.
2019-09-17 13:15:56,747 [IPC Server handler 16 on 46689] INFO  net.NetworkTopology (NetworkTopologyImpl.java:add(110)) - Added a new node: /default-rack/c272a19c-58f0-4f89-b8a3-99206c50c4db
2019-09-17 13:15:56,747 [IPC Server handler 16 on 46689] INFO  node.SCMNodeManager (SCMNodeManager.java:register(266)) - Registered Data node : c272a19c-58f0-4f89-b8a3-99206c50c4db{ip: 192.168.5.153, host: pr-hdds-2137-trunk-mnh2s-3748177197, networkLocation: /default-rack, certSerialId: null}
2019-09-17 13:15:56,828 [IPC Server handler 18 on 46689] INFO  net.NetworkTopology (NetworkTopologyImpl.java:add(110)) - Added a new node: /default-rack/2de42d1e-45de-4f1c-b9d9-c37b95a80a97
2019-09-17 13:15:56,828 [IPC Server handler 18 on 46689] INFO  node.SCMNodeManager (SCMNodeManager.java:register(266)) - Registered Data node : 2de42d1e-45de-4f1c-b9d9-c37b95a80a97{ip: 192.168.5.153, host: pr-hdds-2137-trunk-mnh2s-3748177197, networkLocation: /default-rack, certSerialId: null}
2019-09-17 13:15:56,900 [IPC Server handler 17 on 46689] INFO  net.NetworkTopology (NetworkTopologyImpl.java:add(110)) - Added a new node: /default-rack/ee26f971-09bc-425e-9e93-48f1ae9ac0f1
2019-09-17 13:15:56,900 [IPC Server handler 17 on 46689] INFO  node.SCMNodeManager (SCMNodeManager.java:register(266)) - Registered Data node : ee26f971-09bc-425e-9e93-48f1ae9ac0f1{ip: 192.168.5.153, host: pr-hdds-2137-trunk-mnh2s-3748177197, networkLocation: /default-rack, certSerialId: null}
2019-09-17 13:15:56,988 [main] INFO  ozone.MiniOzoneClusterImpl (MiniOzoneClusterImpl.java:lambda$waitForClusterToBeReady$0(145)) - Waiting for cluster to be ready. Got 4 of 5 DN Heartbeats.
2019-09-17 13:15:56,989 [IPC Server handler 15 on 46689] INFO  net.NetworkTopology (NetworkTopologyImpl.java:add(110)) - Added a new node: /default-rack/6c3c6da7-32c5-4321-a860-cdd0ae39be33
2019-09-17 13:15:56,989 [IPC Server handler 15 on 46689] INFO  node.SCMNodeManager (SCMNodeManager.java:register(266)) - Registered Data node : 6c3c6da7-32c5-4321-a860-cdd0ae39be33{ip: 192.168.5.153, host: pr-hdds-2137-trunk-mnh2s-3748177197, networkLocation: /default-rack, certSerialId: null}
2019-09-17 13:15:57,210 [grpc-default-executor-0] INFO  impl.RaftServerProxy (RaftServerProxy.java:addNew(89)) - c5ad2958-1e71-4305-8551-aa22f829f9b0: addNew group-5D7F9946B59E:[c5ad2958-1e71-4305-8551-aa22f829f9b0:192.168.5.153:32904] returns group-5D7F9946B59E:java.util.concurrent.CompletableFuture@72e85bb[Not completed]
2019-09-17 13:15:57,228 [pool-27-thread-1] INFO  impl.RaftServerImpl (RaftServerImpl.java:<init>(95)) - c5ad2958-1e71-4305-8551-aa22f829f9b0: new RaftServerImpl for group-5D7F9946B59E:[c5ad2958-1e71-4305-8551-aa22f829f9b0:192.168.5.153:32904] with ContainerStateMachine:uninitialized
2019-09-17 13:15:57,229 [pool-27-thread-1] INFO  server.RaftServerConfigKeys (ConfUtils.java:logGet(43)) - raft.server.rpc.timeout.min = 5s (custom)
2019-09-17 13:15:57,232 [pool-27-thread-1] INFO  server.RaftServerConfigKeys (ConfUtils.java:logGet(43)) - raft.server.rpc.timeout.max = 5200ms (custom)
2019-09-17 13:15:57,232 [pool-27-thread-1] INFO  server.RaftServerConfigKeys (ConfUtils.java:logGet(43)) - raft.server.rpcslowness.timeout = 120s (custom)
2019-09-17 13:15:57,233 [pool-27-thread-1] INFO  server.RaftServerConfigKeys (ConfUtils.java:logGet(43)) - raft.server.sleep.deviation.threshold = 300 (default)
2019-09-17 13:15:57,233 [pool-27-thread-1] INFO  server.RaftServerConfigKeys (ConfUtils.java:logGet(43)) - raft.server.log.appender.install.snapshot.enabled = false (custom)
2019-09-17 13:15:57,240 [pool-27-thread-1] INFO  impl.RaftServerImpl (ServerState.java:<init>(103)) - c5ad2958-1e71-4305-8551-aa22f829f9b0@group-5D7F9946B59E: ConfigurationManager, init=-1: [c5ad2958-1e71-4305-8551-aa22f829f9b0:192.168.5.153:32904], old=null, confs=<EMPTY_MAP>
2019-09-17 13:15:57,240 [pool-27-thread-1] INFO  server.RaftServerConfigKeys (ConfUtils.java:logGet(43)) - raft.server.storage.dir = [/tmp/workdir/hadoop-ozone/tools/target/test-dir/MiniOzoneClusterImpl-f0fd4d7a-2cff-4230-aa30-c4e451fbf5d5/datanode-0/data/ratis] (custom)
2019-09-17 13:15:57,247 [pool-27-thread-1] INFO  storage.RaftStorageDirectory (RaftStorageDirectory.java:analyzeStorage(246)) - The storage directory /tmp/workdir/hadoop-ozone/tools/target/test-dir/MiniOzoneClusterImpl-f0fd4d7a-2cff-4230-aa30-c4e451fbf5d5/datanode-0/data/ratis/845707ff-8c88-4a60-b31b-5d7f9946b59e does not exist. Creating ...
2019-09-17 13:15:57,268 [pool-27-thread-1] INFO  storage.RaftStorageDirectory (RaftStorageDirectory.java:tryLock(328)) - Lock on /tmp/workdir/hadoop-ozone/tools/target/test-dir/MiniOzoneClusterImpl-f0fd4d7a-2cff-4230-aa30-c4e451fbf5d5/datanode-0/data/ratis/845707ff-8c88-4a60-b31b-5d7f9946b59e/in_use.lock acquired by nodename 27448@pr-hdds-2137-trunk-mnh2s-3748177197
2019-09-17 13:15:57,306 [pool-27-thread-1] INFO  storage.RaftStorage (RaftStorage.java:format(72)) - Storage directory /tmp/workdir/hadoop-ozone/tools/target/test-dir/MiniOzoneClusterImpl-f0fd4d7a-2cff-4230-aa30-c4e451fbf5d5/datanode-0/data/ratis/845707ff-8c88-4a60-b31b-5d7f9946b59e has been successfully formatted.
2019-09-17 13:15:57,309 [pool-27-thread-1] INFO  ratis.ContainerStateMachine (ContainerStateMachine.java:loadSnapshot(230)) - group-5D7F9946B59E: The snapshot info is null. Setting the last applied indexto:(t:0, i:~)
2019-09-17 13:15:57,310 [pool-27-thread-1] INFO  server.RaftServerConfigKeys (ConfUtils.java:logGet(43)) - raft.server.notification.no-leader.timeout = 120s (custom)
2019-09-17 13:15:57,314 [pool-27-thread-1] INFO  server.RaftServerConfigKeys (ConfUtils.java:logGet(43)) - raft.server.log.use.memory = false (default)
2019-09-17 13:15:57,323 [pool-27-thread-1] INFO  server.RaftServerConfigKeys (ConfUtils.java:logGet(43)) - raft.server.log.purge.gap = 1000000 (custom)
2019-09-17 13:15:57,324 [pool-27-thread-1] INFO  server.RaftServerConfigKeys (ConfUtils.java:logGet(43)) - raft.server.log.appender.buffer.byte-limit = 33554432 (custom)
2019-09-17 13:15:57,328 [pool-27-thread-1] INFO  server.RaftServerConfigKeys (ConfUtils.java:logGet(43)) - raft.server.log.segment.size.max = 1048576 (custom)
2019-09-17 13:15:57,334 [pool-27-thread-1] INFO  server.RaftServerConfigKeys (ConfUtils.java:logGet(43)) - raft.server.log.segment.cache.num.max = 2 (custom)
2019-09-17 13:15:57,341 [pool-27-thread-1] INFO  segmented.SegmentedRaftLogWorker (SegmentedRaftLogWorker.java:<init>(172)) - new c5ad2958-1e71-4305-8551-aa22f829f9b0@group-5D7F9946B59E-SegmentedRaftLogWorker for RaftStorage:Storage Directory /tmp/workdir/hadoop-ozone/tools/target/test-dir/MiniOzoneClusterImpl-f0fd4d7a-2cff-4230-aa30-c4e451fbf5d5/datanode-0/data/ratis/845707ff-8c88-4a60-b31b-5d7f9946b59e
2019-09-17 13:15:57,343 [pool-27-thread-1] INFO  impl.MetricsSystemImpl (MetricsSystemImpl.java:init(158)) - ratis metrics system started (again)
2019-09-17 13:15:57,398 [pool-27-thread-1] INFO  server.RaftServerConfigKeys (ConfUtils.java:logGet(43)) - raft.server.log.queue.byte-limit = 2147483647 (custom)
2019-09-17 13:15:57,399 [pool-27-thread-1] INFO  server.RaftServerConfigKeys (ConfUtils.java:logGet(43)) - raft.server.log.queue.element-limit = 1024 (custom)
2019-09-17 13:15:57,404 [pool-27-thread-1] INFO  server.RaftServerConfigKeys (ConfUtils.java:logGet(43)) - raft.server.log.segment.size.max = 1048576 (custom)
2019-09-17 13:15:57,405 [pool-27-thread-1] INFO  server.RaftServerConfigKeys (ConfUtils.java:logGet(43)) - raft.server.log.preallocated.size = 16384 (custom)
2019-09-17 13:15:57,406 [pool-27-thread-1] INFO  server.RaftServerConfigKeys (ConfUtils.java:logGet(43)) - raft.server.log.write.buffer.size = 33554432 (custom)
2019-09-17 13:15:57,406 [pool-27-thread-1] INFO  server.RaftServerConfigKeys (ConfUtils.java:logGet(43)) - raft.server.log.force.sync.num = 128 (default)
2019-09-17 13:15:57,408 [pool-27-thread-1] INFO  server.RaftServerConfigKeys (ConfUtils.java:logGet(43)) - raft.server.log.statemachine.data.sync = true (default)
2019-09-17 13:15:57,408 [pool-27-thread-1] INFO  server.RaftServerConfigKeys (ConfUtils.java:logGet(43)) - raft.server.log.statemachine.data.sync.timeout = 10s (default)
2019-09-17 13:15:57,409 [pool-27-thread-1] INFO  server.RaftServerConfigKeys (ConfUtils.java:logGet(43)) - raft.server.log.statemachine.data.sync.timeout.retry = -1 (default)
2019-09-17 13:15:57,424 [pool-27-thread-1] INFO  server.RaftServerConfigKeys (ConfUtils.java:logGet(43)) - raft.server.log.statemachine.data.caching.enabled = true (custom)
2019-09-17 13:15:57,430 [pool-27-thread-1] INFO  segmented.SegmentedRaftLogWorker (SegmentedRaftLogWorker.java:lambda$new$0(132)) - c5ad2958-1e71-4305-8551-aa22f829f9b0@group-5D7F9946B59E-SegmentedRaftLogWorker: flushIndex: setUnconditionally 0 -> -1
2019-09-17 13:15:57,436 [pool-27-thread-1] INFO  server.RaftServerConfigKeys (ConfUtils.java:logGet(43)) - raft.server.snapshot.auto.trigger.enabled = true (custom)
2019-09-17 13:15:57,437 [pool-27-thread-1] INFO  server.RaftServerConfigKeys (ConfUtils.java:logGet(43)) - raft.server.snapshot.auto.trigger.threshold = 10000 (custom)
2019-09-17 13:15:57,438 [pool-27-thread-1] INFO  server.RaftServerConfigKeys (ConfUtils.java:logGet(43)) - raft.server.snapshot.retention.num.files = 5 (custom)
2019-09-17 13:15:57,439 [pool-27-thread-1] INFO  server.RaftServerConfigKeys (ConfUtils.java:logGet(43)) - raft.server.retrycache.expirytime = 600000ms (custom)
2019-09-17 13:15:57,471 [pool-27-thread-1] INFO  impl.RaftServerImpl (RaftServerImpl.java:start(185)) - c5ad2958-1e71-4305-8551-aa22f829f9b0@group-5D7F9946B59E: start as a follower, conf=-1: [c5ad2958-1e71-4305-8551-aa22f829f9b0:192.168.5.153:32904], old=null
2019-09-17 13:15:57,472 [pool-27-thread-1] INFO  impl.RaftServerImpl (RaftServerImpl.java:setRole(174)) - c5ad2958-1e71-4305-8551-aa22f829f9b0@group-5D7F9946B59E: changes role from      null to FOLLOWER at term 0 for startAsFollower
2019-09-17 13:15:57,473 [pool-27-thread-1] INFO  impl.RoleInfo (RoleInfo.java:updateAndGet(143)) - c5ad2958-1e71-4305-8551-aa22f829f9b0: start FollowerState
2019-09-17 13:15:57,475 [pool-27-thread-1] INFO  util.JmxRegister (JmxRegister.java:tryRegister(44)) - Successfully registered JMX Bean with object name Ratis:service=RaftServer,group=group-5D7F9946B59E,id=c5ad2958-1e71-4305-8551-aa22f829f9b0
2019-09-17 13:15:57,558 [RatisPipelineUtilsThread] INFO  pipeline.PipelineStateManager (PipelineStateManager.java:addPipeline(56)) - Created pipeline Pipeline[ Id: 845707ff-8c88-4a60-b31b-5d7f9946b59e, Nodes: c5ad2958-1e71-4305-8551-aa22f829f9b0{ip: 192.168.5.153, host: pr-hdds-2137-trunk-mnh2s-3748177197, networkLocation: /default-rack, certSerialId: null}, Type:RATIS, Factor:ONE, State:OPEN]
2019-09-17 13:15:57,578 [grpc-default-executor-0] INFO  impl.RaftServerProxy (RaftServerProxy.java:addNew(89)) - 2de42d1e-45de-4f1c-b9d9-c37b95a80a97: addNew group-A49D0F87C4FE:[2de42d1e-45de-4f1c-b9d9-c37b95a80a97:192.168.5.153:40988] returns group-A49D0F87C4FE:java.util.concurrent.CompletableFuture@3e7682d5[Not completed]
2019-09-17 13:15:57,610 [pool-47-thread-1] INFO  impl.RaftServerImpl (RaftServerImpl.java:<init>(95)) - 2de42d1e-45de-4f1c-b9d9-c37b95a80a97: new RaftServerImpl for group-A49D0F87C4FE:[2de42d1e-45de-4f1c-b9d9-c37b95a80a97:192.168.5.153:40988] with ContainerStateMachine:uninitialized
2019-09-17 13:15:57,612 [pool-47-thread-1] INFO  server.RaftServerConfigKeys (ConfUtils.java:logGet(43)) - raft.server.rpc.timeout.min = 5s (custom)
2019-09-17 13:15:57,612 [pool-47-thread-1] INFO  server.RaftServerConfigKeys (ConfUtils.java:logGet(43)) - raft.server.rpc.timeout.max = 5200ms (custom)
2019-09-17 13:15:57,612 [pool-47-thread-1] INFO  server.RaftServerConfigKeys (ConfUtils.java:logGet(43)) - raft.server.rpcslowness.timeout = 120s (custom)
2019-09-17 13:15:57,612 [pool-47-thread-1] INFO  server.RaftServerConfigKeys (ConfUtils.java:logGet(43)) - raft.server.sleep.deviation.threshold = 300 (default)
2019-09-17 13:15:57,613 [pool-47-thread-1] INFO  server.RaftServerConfigKeys (ConfUtils.java:logGet(43)) - raft.server.log.appender.install.snapshot.enabled = false (custom)
2019-09-17 13:15:57,613 [pool-47-thread-1] INFO  impl.RaftServerImpl (ServerState.java:<init>(103)) - 2de42d1e-45de-4f1c-b9d9-c37b95a80a97@group-A49D0F87C4FE: ConfigurationManager, init=-1: [2de42d1e-45de-4f1c-b9d9-c37b95a80a97:192.168.5.153:40988], old=null, confs=<EMPTY_MAP>
2019-09-17 13:15:57,613 [pool-47-thread-1] INFO  server.RaftServerConfigKeys (ConfUtils.java:logGet(43)) - raft.server.storage.dir = [/tmp/workdir/hadoop-ozone/tools/target/test-dir/MiniOzoneClusterImpl-f0fd4d7a-2cff-4230-aa30-c4e451fbf5d5/datanode-2/data/ratis] (custom)
2019-09-17 13:15:57,614 [pool-47-thread-1] INFO  storage.RaftStorageDirectory (RaftStorageDirectory.java:analyzeStorage(246)) - The storage directory /tmp/workdir/hadoop-ozone/tools/target/test-dir/MiniOzoneClusterImpl-f0fd4d7a-2cff-4230-aa30-c4e451fbf5d5/datanode-2/data/ratis/be58ee75-eebe-4636-90d5-a49d0f87c4fe does not exist. Creating ...
2019-09-17 13:15:57,648 [pool-47-thread-1] INFO  storage.RaftStorageDirectory (RaftStorageDirectory.java:tryLock(328)) - Lock on /tmp/workdir/hadoop-ozone/tools/target/test-dir/MiniOzoneClusterImpl-f0fd4d7a-2cff-4230-aa30-c4e451fbf5d5/datanode-2/data/ratis/be58ee75-eebe-4636-90d5-a49d0f87c4fe/in_use.lock acquired by nodename 27448@pr-hdds-2137-trunk-mnh2s-3748177197
2019-09-17 13:15:57,660 [pool-47-thread-1] INFO  storage.RaftStorage (RaftStorage.java:format(72)) - Storage directory /tmp/workdir/hadoop-ozone/tools/target/test-dir/MiniOzoneClusterImpl-f0fd4d7a-2cff-4230-aa30-c4e451fbf5d5/datanode-2/data/ratis/be58ee75-eebe-4636-90d5-a49d0f87c4fe has been successfully formatted.
2019-09-17 13:15:57,662 [pool-47-thread-1] INFO  ratis.ContainerStateMachine (ContainerStateMachine.java:loadSnapshot(230)) - group-A49D0F87C4FE: The snapshot info is null. Setting the last applied indexto:(t:0, i:~)
2019-09-17 13:15:57,663 [pool-47-thread-1] INFO  server.RaftServerConfigKeys (ConfUtils.java:logGet(43)) - raft.server.notification.no-leader.timeout = 120s (custom)
2019-09-17 13:15:57,663 [pool-47-thread-1] INFO  server.RaftServerConfigKeys (ConfUtils.java:logGet(43)) - raft.server.log.use.memory = false (default)
2019-09-17 13:15:57,664 [pool-47-thread-1] INFO  server.RaftServerConfigKeys (ConfUtils.java:logGet(43)) - raft.server.log.purge.gap = 1000000 (custom)
2019-09-17 13:15:57,664 [pool-47-thread-1] INFO  server.RaftServerConfigKeys (ConfUtils.java:logGet(43)) - raft.server.log.appender.buffer.byte-limit = 33554432 (custom)
2019-09-17 13:15:57,664 [pool-47-thread-1] INFO  server.RaftServerConfigKeys (ConfUtils.java:logGet(43)) - raft.server.log.segment.size.max = 1048576 (custom)
2019-09-17 13:15:57,664 [pool-47-thread-1] INFO  server.RaftServerConfigKeys (ConfUtils.java:logGet(43)) - raft.server.log.segment.cache.num.max = 2 (custom)
2019-09-17 13:15:57,664 [pool-47-thread-1] INFO  segmented.SegmentedRaftLogWorker (SegmentedRaftLogWorker.java:<init>(172)) - new 2de42d1e-45de-4f1c-b9d9-c37b95a80a97@group-A49D0F87C4FE-SegmentedRaftLogWorker for RaftStorage:Storage Directory /tmp/workdir/hadoop-ozone/tools/target/test-dir/MiniOzoneClusterImpl-f0fd4d7a-2cff-4230-aa30-c4e451fbf5d5/datanode-2/data/ratis/be58ee75-eebe-4636-90d5-a49d0f87c4fe
2019-09-17 13:15:57,670 [pool-47-thread-1] INFO  server.RaftServerConfigKeys (ConfUtils.java:logGet(43)) - raft.server.log.queue.byte-limit = 2147483647 (custom)
2019-09-17 13:15:57,670 [pool-47-thread-1] INFO  server.RaftServerConfigKeys (ConfUtils.java:logGet(43)) - raft.server.log.queue.element-limit = 1024 (custom)
2019-09-17 13:15:57,671 [pool-47-thread-1] INFO  server.RaftServerConfigKeys (ConfUtils.java:logGet(43)) - raft.server.log.segment.size.max = 1048576 (custom)
2019-09-17 13:15:57,671 [pool-47-thread-1] INFO  server.RaftServerConfigKeys (ConfUtils.java:logGet(43)) - raft.server.log.preallocated.size = 16384 (custom)
2019-09-17 13:15:57,671 [pool-47-thread-1] INFO  server.RaftServerConfigKeys (ConfUtils.java:logGet(43)) - raft.server.log.write.buffer.size = 33554432 (custom)
2019-09-17 13:15:57,671 [pool-47-thread-1] INFO  server.RaftServerConfigKeys (ConfUtils.java:logGet(43)) - raft.server.log.force.sync.num = 128 (default)
2019-09-17 13:15:57,671 [pool-47-thread-1] INFO  server.RaftServerConfigKeys (ConfUtils.java:logGet(43)) - raft.server.log.statemachine.data.sync = true (default)
2019-09-17 13:15:57,671 [pool-47-thread-1] INFO  server.RaftServerConfigKeys (ConfUtils.java:logGet(43)) - raft.server.log.statemachine.data.sync.timeout = 10s (default)
2019-09-17 13:15:57,671 [pool-47-thread-1] INFO  server.RaftServerConfigKeys (ConfUtils.java:logGet(43)) - raft.server.log.statemachine.data.sync.timeout.retry = -1 (default)
2019-09-17 13:15:57,672 [pool-47-thread-1] INFO  server.RaftServerConfigKeys (ConfUtils.java:logGet(43)) - raft.server.log.statemachine.data.caching.enabled = true (custom)
2019-09-17 13:15:57,672 [pool-47-thread-1] INFO  segmented.SegmentedRaftLogWorker (SegmentedRaftLogWorker.java:lambda$new$0(132)) - 2de42d1e-45de-4f1c-b9d9-c37b95a80a97@group-A49D0F87C4FE-SegmentedRaftLogWorker: flushIndex: setUnconditionally 0 -> -1
2019-09-17 13:15:57,672 [pool-47-thread-1] INFO  server.RaftServerConfigKeys (ConfUtils.java:logGet(43)) - raft.server.snapshot.auto.trigger.enabled = true (custom)
2019-09-17 13:15:57,673 [pool-47-thread-1] INFO  server.RaftServerConfigKeys (ConfUtils.java:logGet(43)) - raft.server.snapshot.auto.trigger.threshold = 10000 (custom)
2019-09-17 13:15:57,673 [pool-47-thread-1] INFO  server.RaftServerConfigKeys (ConfUtils.java:logGet(43)) - raft.server.snapshot.retention.num.files = 5 (custom)
2019-09-17 13:15:57,673 [pool-47-thread-1] INFO  server.RaftServerConfigKeys (ConfUtils.java:logGet(43)) - raft.server.retrycache.expirytime = 600000ms (custom)
2019-09-17 13:15:57,677 [pool-47-thread-1] INFO  impl.RaftServerImpl (RaftServerImpl.java:start(185)) - 2de42d1e-45de-4f1c-b9d9-c37b95a80a97@group-A49D0F87C4FE: start as a follower, conf=-1: [2de42d1e-45de-4f1c-b9d9-c37b95a80a97:192.168.5.153:40988], old=null
2019-09-17 13:15:57,678 [pool-47-thread-1] INFO  impl.RaftServerImpl (RaftServerImpl.java:setRole(174)) - 2de42d1e-45de-4f1c-b9d9-c37b95a80a97@group-A49D0F87C4FE: changes role from      null to FOLLOWER at term 0 for startAsFollower
2019-09-17 13:15:57,678 [pool-47-thread-1] INFO  impl.RoleInfo (RoleInfo.java:updateAndGet(143)) - 2de42d1e-45de-4f1c-b9d9-c37b95a80a97: start FollowerState
2019-09-17 13:15:57,680 [pool-47-thread-1] INFO  util.JmxRegister (JmxRegister.java:tryRegister(44)) - Successfully registered JMX Bean with object name Ratis:service=RaftServer,group=group-A49D0F87C4FE,id=2de42d1e-45de-4f1c-b9d9-c37b95a80a97
2019-09-17 13:15:57,692 [RatisPipelineUtilsThread] INFO  pipeline.PipelineStateManager (PipelineStateManager.java:addPipeline(56)) - Created pipeline Pipeline[ Id: be58ee75-eebe-4636-90d5-a49d0f87c4fe, Nodes: 2de42d1e-45de-4f1c-b9d9-c37b95a80a97{ip: 192.168.5.153, host: pr-hdds-2137-trunk-mnh2s-3748177197, networkLocation: /default-rack, certSerialId: null}, Type:RATIS, Factor:ONE, State:OPEN]
2019-09-17 13:15:57,706 [grpc-default-executor-0] INFO  impl.RaftServerProxy (RaftServerProxy.java:addNew(89)) - 6c3c6da7-32c5-4321-a860-cdd0ae39be33: addNew group-9535A53750E7:[6c3c6da7-32c5-4321-a860-cdd0ae39be33:192.168.5.153:36145] returns group-9535A53750E7:java.util.concurrent.CompletableFuture@12af1668[Not completed]
2019-09-17 13:15:57,722 [pool-67-thread-1] INFO  impl.RaftServerImpl (RaftServerImpl.java:<init>(95)) - 6c3c6da7-32c5-4321-a860-cdd0ae39be33: new RaftServerImpl for group-9535A53750E7:[6c3c6da7-32c5-4321-a860-cdd0ae39be33:192.168.5.153:36145] with ContainerStateMachine:uninitialized
2019-09-17 13:15:57,722 [pool-67-thread-1] INFO  server.RaftServerConfigKeys (ConfUtils.java:logGet(43)) - raft.server.rpc.timeout.min = 5s (custom)
2019-09-17 13:15:57,722 [pool-67-thread-1] INFO  server.RaftServerConfigKeys (ConfUtils.java:logGet(43)) - raft.server.rpc.timeout.max = 5200ms (custom)
2019-09-17 13:15:57,722 [pool-67-thread-1] INFO  server.RaftServerConfigKeys (ConfUtils.java:logGet(43)) - raft.server.rpcslowness.timeout = 120s (custom)
2019-09-17 13:15:57,722 [pool-67-thread-1] INFO  server.RaftServerConfigKeys (ConfUtils.java:logGet(43)) - raft.server.sleep.deviation.threshold = 300 (default)
2019-09-17 13:15:57,723 [pool-67-thread-1] INFO  server.RaftServerConfigKeys (ConfUtils.java:logGet(43)) - raft.server.log.appender.install.snapshot.enabled = false (custom)
2019-09-17 13:15:57,723 [pool-67-thread-1] INFO  impl.RaftServerImpl (ServerState.java:<init>(103)) - 6c3c6da7-32c5-4321-a860-cdd0ae39be33@group-9535A53750E7: ConfigurationManager, init=-1: [6c3c6da7-32c5-4321-a860-cdd0ae39be33:192.168.5.153:36145], old=null, confs=<EMPTY_MAP>
2019-09-17 13:15:57,723 [pool-67-thread-1] INFO  server.RaftServerConfigKeys (ConfUtils.java:logGet(43)) - raft.server.storage.dir = [/tmp/workdir/hadoop-ozone/tools/target/test-dir/MiniOzoneClusterImpl-f0fd4d7a-2cff-4230-aa30-c4e451fbf5d5/datanode-4/data/ratis] (custom)
2019-09-17 13:15:57,723 [pool-67-thread-1] INFO  storage.RaftStorageDirectory (RaftStorageDirectory.java:analyzeStorage(246)) - The storage directory /tmp/workdir/hadoop-ozone/tools/target/test-dir/MiniOzoneClusterImpl-f0fd4d7a-2cff-4230-aa30-c4e451fbf5d5/datanode-4/data/ratis/a4935f18-24de-4467-b488-9535a53750e7 does not exist. Creating ...
2019-09-17 13:15:57,736 [pool-67-thread-1] INFO  storage.RaftStorageDirectory (RaftStorageDirectory.java:tryLock(328)) - Lock on /tmp/workdir/hadoop-ozone/tools/target/test-dir/MiniOzoneClusterImpl-f0fd4d7a-2cff-4230-aa30-c4e451fbf5d5/datanode-4/data/ratis/a4935f18-24de-4467-b488-9535a53750e7/in_use.lock acquired by nodename 27448@pr-hdds-2137-trunk-mnh2s-3748177197
2019-09-17 13:15:57,760 [pool-67-thread-1] INFO  storage.RaftStorage (RaftStorage.java:format(72)) - Storage directory /tmp/workdir/hadoop-ozone/tools/target/test-dir/MiniOzoneClusterImpl-f0fd4d7a-2cff-4230-aa30-c4e451fbf5d5/datanode-4/data/ratis/a4935f18-24de-4467-b488-9535a53750e7 has been successfully formatted.
2019-09-17 13:15:57,760 [pool-67-thread-1] INFO  ratis.ContainerStateMachine (ContainerStateMachine.java:loadSnapshot(230)) - group-9535A53750E7: The snapshot info is null. Setting the last applied indexto:(t:0, i:~)
2019-09-17 13:15:57,760 [pool-67-thread-1] INFO  server.RaftServerConfigKeys (ConfUtils.java:logGet(43)) - raft.server.notification.no-leader.timeout = 120s (custom)
2019-09-17 13:15:57,760 [pool-67-thread-1] INFO  server.RaftServerConfigKeys (ConfUtils.java:logGet(43)) - raft.server.log.use.memory = false (default)
2019-09-17 13:15:57,761 [pool-67-thread-1] INFO  server.RaftServerConfigKeys (ConfUtils.java:logGet(43)) - raft.server.log.purge.gap = 1000000 (custom)
2019-09-17 13:15:57,761 [pool-67-thread-1] INFO  server.RaftServerConfigKeys (ConfUtils.java:logGet(43)) - raft.server.log.appender.buffer.byte-limit = 33554432 (custom)
2019-09-17 13:15:57,761 [pool-67-thread-1] INFO  server.RaftServerConfigKeys (ConfUtils.java:logGet(43)) - raft.server.log.segment.size.max = 1048576 (custom)
2019-09-17 13:15:57,761 [pool-67-thread-1] INFO  server.RaftServerConfigKeys (ConfUtils.java:logGet(43)) - raft.server.log.segment.cache.num.max = 2 (custom)
2019-09-17 13:15:57,761 [pool-67-thread-1] INFO  segmented.SegmentedRaftLogWorker (SegmentedRaftLogWorker.java:<init>(172)) - new 6c3c6da7-32c5-4321-a860-cdd0ae39be33@group-9535A53750E7-SegmentedRaftLogWorker for RaftStorage:Storage Directory /tmp/workdir/hadoop-ozone/tools/target/test-dir/MiniOzoneClusterImpl-f0fd4d7a-2cff-4230-aa30-c4e451fbf5d5/datanode-4/data/ratis/a4935f18-24de-4467-b488-9535a53750e7
2019-09-17 13:15:57,786 [pool-67-thread-1] INFO  server.RaftServerConfigKeys (ConfUtils.java:logGet(43)) - raft.server.log.queue.byte-limit = 2147483647 (custom)
2019-09-17 13:15:57,786 [pool-67-thread-1] INFO  server.RaftServerConfigKeys (ConfUtils.java:logGet(43)) - raft.server.log.queue.element-limit = 1024 (custom)
2019-09-17 13:15:57,786 [pool-67-thread-1] INFO  server.RaftServerConfigKeys (ConfUtils.java:logGet(43)) - raft.server.log.segment.size.max = 1048576 (custom)
2019-09-17 13:15:57,787 [pool-67-thread-1] INFO  server.RaftServerConfigKeys (ConfUtils.java:logGet(43)) - raft.server.log.preallocated.size = 16384 (custom)
2019-09-17 13:15:57,787 [pool-67-thread-1] INFO  server.RaftServerConfigKeys (ConfUtils.java:logGet(43)) - raft.server.log.write.buffer.size = 33554432 (custom)
2019-09-17 13:15:57,787 [pool-67-thread-1] INFO  server.RaftServerConfigKeys (ConfUtils.java:logGet(43)) - raft.server.log.force.sync.num = 128 (default)
2019-09-17 13:15:57,787 [pool-67-thread-1] INFO  server.RaftServerConfigKeys (ConfUtils.java:logGet(43)) - raft.server.log.statemachine.data.sync = true (default)
2019-09-17 13:15:57,787 [pool-67-thread-1] INFO  server.RaftServerConfigKeys (ConfUtils.java:logGet(43)) - raft.server.log.statemachine.data.sync.timeout = 10s (default)
2019-09-17 13:15:57,787 [pool-67-thread-1] INFO  server.RaftServerConfigKeys (ConfUtils.java:logGet(43)) - raft.server.log.statemachine.data.sync.timeout.retry = -1 (default)
2019-09-17 13:15:57,788 [pool-67-thread-1] INFO  server.RaftServerConfigKeys (ConfUtils.java:logGet(43)) - raft.server.log.statemachine.data.caching.enabled = true (custom)
2019-09-17 13:15:57,788 [pool-67-thread-1] INFO  segmented.SegmentedRaftLogWorker (SegmentedRaftLogWorker.java:lambda$new$0(132)) - 6c3c6da7-32c5-4321-a860-cdd0ae39be33@group-9535A53750E7-SegmentedRaftLogWorker: flushIndex: setUnconditionally 0 -> -1
2019-09-17 13:15:57,788 [pool-67-thread-1] INFO  server.RaftServerConfigKeys (ConfUtils.java:logGet(43)) - raft.server.snapshot.auto.trigger.enabled = true (custom)
2019-09-17 13:15:57,788 [pool-67-thread-1] INFO  server.RaftServerConfigKeys (ConfUtils.java:logGet(43)) - raft.server.snapshot.auto.trigger.threshold = 10000 (custom)
2019-09-17 13:15:57,789 [pool-67-thread-1] INFO  server.RaftServerConfigKeys (ConfUtils.java:logGet(43)) - raft.server.snapshot.retention.num.files = 5 (custom)
2019-09-17 13:15:57,789 [pool-67-thread-1] INFO  server.RaftServerConfigKeys (ConfUtils.java:logGet(43)) - raft.server.retrycache.expirytime = 600000ms (custom)
2019-09-17 13:15:57,793 [pool-67-thread-1] INFO  impl.RaftServerImpl (RaftServerImpl.java:start(185)) - 6c3c6da7-32c5-4321-a860-cdd0ae39be33@group-9535A53750E7: start as a follower, conf=-1: [6c3c6da7-32c5-4321-a860-cdd0ae39be33:192.168.5.153:36145], old=null
2019-09-17 13:15:57,793 [pool-67-thread-1] INFO  impl.RaftServerImpl (RaftServerImpl.java:setRole(174)) - 6c3c6da7-32c5-4321-a860-cdd0ae39be33@group-9535A53750E7: changes role from      null to FOLLOWER at term 0 for startAsFollower
2019-09-17 13:15:57,793 [pool-67-thread-1] INFO  impl.RoleInfo (RoleInfo.java:updateAndGet(143)) - 6c3c6da7-32c5-4321-a860-cdd0ae39be33: start FollowerState
2019-09-17 13:15:57,793 [pool-67-thread-1] INFO  util.JmxRegister (JmxRegister.java:tryRegister(44)) - Successfully registered JMX Bean with object name Ratis:service=RaftServer,group=group-9535A53750E7,id=6c3c6da7-32c5-4321-a860-cdd0ae39be33
2019-09-17 13:15:57,801 [RatisPipelineUtilsThread] INFO  pipeline.PipelineStateManager (PipelineStateManager.java:addPipeline(56)) - Created pipeline Pipeline[ Id: a4935f18-24de-4467-b488-9535a53750e7, Nodes: 6c3c6da7-32c5-4321-a860-cdd0ae39be33{ip: 192.168.5.153, host: pr-hdds-2137-trunk-mnh2s-3748177197, networkLocation: /default-rack, certSerialId: null}, Type:RATIS, Factor:ONE, State:OPEN]
2019-09-17 13:15:57,817 [grpc-default-executor-0] INFO  impl.RaftServerProxy (RaftServerProxy.java:addNew(89)) - ee26f971-09bc-425e-9e93-48f1ae9ac0f1: addNew group-42982BD2713C:[ee26f971-09bc-425e-9e93-48f1ae9ac0f1:192.168.5.153:34705] returns group-42982BD2713C:java.util.concurrent.CompletableFuture@3f2eb5d4[Not completed]
2019-09-17 13:15:57,819 [pool-57-thread-1] INFO  impl.RaftServerImpl (RaftServerImpl.java:<init>(95)) - ee26f971-09bc-425e-9e93-48f1ae9ac0f1: new RaftServerImpl for group-42982BD2713C:[ee26f971-09bc-425e-9e93-48f1ae9ac0f1:192.168.5.153:34705] with ContainerStateMachine:uninitialized
2019-09-17 13:15:57,820 [pool-57-thread-1] INFO  server.RaftServerConfigKeys (ConfUtils.java:logGet(43)) - raft.server.rpc.timeout.min = 5s (custom)
2019-09-17 13:15:57,820 [pool-57-thread-1] INFO  server.RaftServerConfigKeys (ConfUtils.java:logGet(43)) - raft.server.rpc.timeout.max = 5200ms (custom)
2019-09-17 13:15:57,820 [pool-57-thread-1] INFO  server.RaftServerConfigKeys (ConfUtils.java:logGet(43)) - raft.server.rpcslowness.timeout = 120s (custom)
2019-09-17 13:15:57,820 [pool-57-thread-1] INFO  server.RaftServerConfigKeys (ConfUtils.java:logGet(43)) - raft.server.sleep.deviation.threshold = 300 (default)
2019-09-17 13:15:57,820 [pool-57-thread-1] INFO  server.RaftServerConfigKeys (ConfUtils.java:logGet(43)) - raft.server.log.appender.install.snapshot.enabled = false (custom)
2019-09-17 13:15:57,820 [pool-57-thread-1] INFO  impl.RaftServerImpl (ServerState.java:<init>(103)) - ee26f971-09bc-425e-9e93-48f1ae9ac0f1@group-42982BD2713C: ConfigurationManager, init=-1: [ee26f971-09bc-425e-9e93-48f1ae9ac0f1:192.168.5.153:34705], old=null, confs=<EMPTY_MAP>
2019-09-17 13:15:57,820 [pool-57-thread-1] INFO  server.RaftServerConfigKeys (ConfUtils.java:logGet(43)) - raft.server.storage.dir = [/tmp/workdir/hadoop-ozone/tools/target/test-dir/MiniOzoneClusterImpl-f0fd4d7a-2cff-4230-aa30-c4e451fbf5d5/datanode-3/data/ratis] (custom)
2019-09-17 13:15:57,821 [pool-57-thread-1] INFO  storage.RaftStorageDirectory (RaftStorageDirectory.java:analyzeStorage(246)) - The storage directory /tmp/workdir/hadoop-ozone/tools/target/test-dir/MiniOzoneClusterImpl-f0fd4d7a-2cff-4230-aa30-c4e451fbf5d5/datanode-3/data/ratis/65d749f5-102a-4415-8d3a-42982bd2713c does not exist. Creating ...
2019-09-17 13:15:57,839 [pool-57-thread-1] INFO  storage.RaftStorageDirectory (RaftStorageDirectory.java:tryLock(328)) - Lock on /tmp/workdir/hadoop-ozone/tools/target/test-dir/MiniOzoneClusterImpl-f0fd4d7a-2cff-4230-aa30-c4e451fbf5d5/datanode-3/data/ratis/65d749f5-102a-4415-8d3a-42982bd2713c/in_use.lock acquired by nodename 27448@pr-hdds-2137-trunk-mnh2s-3748177197
2019-09-17 13:15:57,868 [pool-57-thread-1] INFO  storage.RaftStorage (RaftStorage.java:format(72)) - Storage directory /tmp/workdir/hadoop-ozone/tools/target/test-dir/MiniOzoneClusterImpl-f0fd4d7a-2cff-4230-aa30-c4e451fbf5d5/datanode-3/data/ratis/65d749f5-102a-4415-8d3a-42982bd2713c has been successfully formatted.
2019-09-17 13:15:57,868 [pool-57-thread-1] INFO  ratis.ContainerStateMachine (ContainerStateMachine.java:loadSnapshot(230)) - group-42982BD2713C: The snapshot info is null. Setting the last applied indexto:(t:0, i:~)
2019-09-17 13:15:57,868 [pool-57-thread-1] INFO  server.RaftServerConfigKeys (ConfUtils.java:logGet(43)) - raft.server.notification.no-leader.timeout = 120s (custom)
2019-09-17 13:15:57,868 [pool-57-thread-1] INFO  server.RaftServerConfigKeys (ConfUtils.java:logGet(43)) - raft.server.log.use.memory = false (default)
2019-09-17 13:15:57,869 [pool-57-thread-1] INFO  server.RaftServerConfigKeys (ConfUtils.java:logGet(43)) - raft.server.log.purge.gap = 1000000 (custom)
2019-09-17 13:15:57,869 [pool-57-thread-1] INFO  server.RaftServerConfigKeys (ConfUtils.java:logGet(43)) - raft.server.log.appender.buffer.byte-limit = 33554432 (custom)
2019-09-17 13:15:57,869 [pool-57-thread-1] INFO  server.RaftServerConfigKeys (ConfUtils.java:logGet(43)) - raft.server.log.segment.size.max = 1048576 (custom)
2019-09-17 13:15:57,869 [pool-57-thread-1] INFO  server.RaftServerConfigKeys (ConfUtils.java:logGet(43)) - raft.server.log.segment.cache.num.max = 2 (custom)
2019-09-17 13:15:57,869 [pool-57-thread-1] INFO  segmented.SegmentedRaftLogWorker (SegmentedRaftLogWorker.java:<init>(172)) - new ee26f971-09bc-425e-9e93-48f1ae9ac0f1@group-42982BD2713C-SegmentedRaftLogWorker for RaftStorage:Storage Directory /tmp/workdir/hadoop-ozone/tools/target/test-dir/MiniOzoneClusterImpl-f0fd4d7a-2cff-4230-aa30-c4e451fbf5d5/datanode-3/data/ratis/65d749f5-102a-4415-8d3a-42982bd2713c
2019-09-17 13:15:57,875 [pool-57-thread-1] INFO  server.RaftServerConfigKeys (ConfUtils.java:logGet(43)) - raft.server.log.queue.byte-limit = 2147483647 (custom)
2019-09-17 13:15:57,876 [pool-57-thread-1] INFO  server.RaftServerConfigKeys (ConfUtils.java:logGet(43)) - raft.server.log.queue.element-limit = 1024 (custom)
2019-09-17 13:15:57,876 [pool-57-thread-1] INFO  server.RaftServerConfigKeys (ConfUtils.java:logGet(43)) - raft.server.log.segment.size.max = 1048576 (custom)
2019-09-17 13:15:57,876 [pool-57-thread-1] INFO  server.RaftServerConfigKeys (ConfUtils.java:logGet(43)) - raft.server.log.preallocated.size = 16384 (custom)
2019-09-17 13:15:57,876 [pool-57-thread-1] INFO  server.RaftServerConfigKeys (ConfUtils.java:logGet(43)) - raft.server.log.write.buffer.size = 33554432 (custom)
2019-09-17 13:15:57,876 [pool-57-thread-1] INFO  server.RaftServerConfigKeys (ConfUtils.java:logGet(43)) - raft.server.log.force.sync.num = 128 (default)
2019-09-17 13:15:57,876 [pool-57-thread-1] INFO  server.RaftServerConfigKeys (ConfUtils.java:logGet(43)) - raft.server.log.statemachine.data.sync = true (default)
2019-09-17 13:15:57,877 [pool-57-thread-1] INFO  server.RaftServerConfigKeys (ConfUtils.java:logGet(43)) - raft.server.log.statemachine.data.sync.timeout = 10s (default)
2019-09-17 13:15:57,877 [pool-57-thread-1] INFO  server.RaftServerConfigKeys (ConfUtils.java:logGet(43)) - raft.server.log.statemachine.data.sync.timeout.retry = -1 (default)
2019-09-17 13:15:57,877 [pool-57-thread-1] INFO  server.RaftServerConfigKeys (ConfUtils.java:logGet(43)) - raft.server.log.statemachine.data.caching.enabled = true (custom)
2019-09-17 13:15:57,878 [pool-57-thread-1] INFO  segmented.SegmentedRaftLogWorker (SegmentedRaftLogWorker.java:lambda$new$0(132)) - ee26f971-09bc-425e-9e93-48f1ae9ac0f1@group-42982BD2713C-SegmentedRaftLogWorker: flushIndex: setUnconditionally 0 -> -1
2019-09-17 13:15:57,878 [pool-57-thread-1] INFO  server.RaftServerConfigKeys (ConfUtils.java:logGet(43)) - raft.server.snapshot.auto.trigger.enabled = true (custom)
2019-09-17 13:15:57,878 [pool-57-thread-1] INFO  server.RaftServerConfigKeys (ConfUtils.java:logGet(43)) - raft.server.snapshot.auto.trigger.threshold = 10000 (custom)
2019-09-17 13:15:57,878 [pool-57-thread-1] INFO  server.RaftServerConfigKeys (ConfUtils.java:logGet(43)) - raft.server.snapshot.retention.num.files = 5 (custom)
2019-09-17 13:15:57,878 [pool-57-thread-1] INFO  server.RaftServerConfigKeys (ConfUtils.java:logGet(43)) - raft.server.retrycache.expirytime = 600000ms (custom)
2019-09-17 13:15:57,883 [pool-57-thread-1] INFO  impl.RaftServerImpl (RaftServerImpl.java:start(185)) - ee26f971-09bc-425e-9e93-48f1ae9ac0f1@group-42982BD2713C: start as a follower, conf=-1: [ee26f971-09bc-425e-9e93-48f1ae9ac0f1:192.168.5.153:34705], old=null
2019-09-17 13:15:57,883 [pool-57-thread-1] INFO  impl.RaftServerImpl (RaftServerImpl.java:setRole(174)) - ee26f971-09bc-425e-9e93-48f1ae9ac0f1@group-42982BD2713C: changes role from      null to FOLLOWER at term 0 for startAsFollower
2019-09-17 13:15:57,883 [pool-57-thread-1] INFO  impl.RoleInfo (RoleInfo.java:updateAndGet(143)) - ee26f971-09bc-425e-9e93-48f1ae9ac0f1: start FollowerState
2019-09-17 13:15:57,883 [pool-57-thread-1] INFO  util.JmxRegister (JmxRegister.java:tryRegister(44)) - Successfully registered JMX Bean with object name Ratis:service=RaftServer,group=group-42982BD2713C,id=ee26f971-09bc-425e-9e93-48f1ae9ac0f1
2019-09-17 13:15:57,893 [RatisPipelineUtilsThread] INFO  pipeline.PipelineStateManager (PipelineStateManager.java:addPipeline(56)) - Created pipeline Pipeline[ Id: 65d749f5-102a-4415-8d3a-42982bd2713c, Nodes: ee26f971-09bc-425e-9e93-48f1ae9ac0f1{ip: 192.168.5.153, host: pr-hdds-2137-trunk-mnh2s-3748177197, networkLocation: /default-rack, certSerialId: null}, Type:RATIS, Factor:ONE, State:OPEN]
2019-09-17 13:15:57,913 [grpc-default-executor-0] INFO  impl.RaftServerProxy (RaftServerProxy.java:addNew(89)) - c272a19c-58f0-4f89-b8a3-99206c50c4db: addNew group-F4346D4ACE6F:[c272a19c-58f0-4f89-b8a3-99206c50c4db:192.168.5.153:46635] returns group-F4346D4ACE6F:java.util.concurrent.CompletableFuture@2b668937[Not completed]
2019-09-17 13:15:57,915 [pool-37-thread-1] INFO  impl.RaftServerImpl (RaftServerImpl.java:<init>(95)) - c272a19c-58f0-4f89-b8a3-99206c50c4db: new RaftServerImpl for group-F4346D4ACE6F:[c272a19c-58f0-4f89-b8a3-99206c50c4db:192.168.5.153:46635] with ContainerStateMachine:uninitialized
2019-09-17 13:15:57,915 [pool-37-thread-1] INFO  server.RaftServerConfigKeys (ConfUtils.java:logGet(43)) - raft.server.rpc.timeout.min = 5s (custom)
2019-09-17 13:15:57,915 [pool-37-thread-1] INFO  server.RaftServerConfigKeys (ConfUtils.java:logGet(43)) - raft.server.rpc.timeout.max = 5200ms (custom)
2019-09-17 13:15:57,916 [pool-37-thread-1] INFO  server.RaftServerConfigKeys (ConfUtils.java:logGet(43)) - raft.server.rpcslowness.timeout = 120s (custom)
2019-09-17 13:15:57,916 [pool-37-thread-1] INFO  server.RaftServerConfigKeys (ConfUtils.java:logGet(43)) - raft.server.sleep.deviation.threshold = 300 (default)
2019-09-17 13:15:57,916 [pool-37-thread-1] INFO  server.RaftServerConfigKeys (ConfUtils.java:logGet(43)) - raft.server.log.appender.install.snapshot.enabled = false (custom)
2019-09-17 13:15:57,916 [pool-37-thread-1] INFO  impl.RaftServerImpl (ServerState.java:<init>(103)) - c272a19c-58f0-4f89-b8a3-99206c50c4db@group-F4346D4ACE6F: ConfigurationManager, init=-1: [c272a19c-58f0-4f89-b8a3-99206c50c4db:192.168.5.153:46635], old=null, confs=<EMPTY_MAP>
2019-09-17 13:15:57,916 [pool-37-thread-1] INFO  server.RaftServerConfigKeys (ConfUtils.java:logGet(43)) - raft.server.storage.dir = [/tmp/workdir/hadoop-ozone/tools/target/test-dir/MiniOzoneClusterImpl-f0fd4d7a-2cff-4230-aa30-c4e451fbf5d5/datanode-1/data/ratis] (custom)
2019-09-17 13:15:57,917 [pool-37-thread-1] INFO  storage.RaftStorageDirectory (RaftStorageDirectory.java:analyzeStorage(246)) - The storage directory /tmp/workdir/hadoop-ozone/tools/target/test-dir/MiniOzoneClusterImpl-f0fd4d7a-2cff-4230-aa30-c4e451fbf5d5/datanode-1/data/ratis/b11d1723-cc5b-44b4-9a77-f4346d4ace6f does not exist. Creating ...
2019-09-17 13:15:57,954 [pool-37-thread-1] INFO  storage.RaftStorageDirectory (RaftStorageDirectory.java:tryLock(328)) - Lock on /tmp/workdir/hadoop-ozone/tools/target/test-dir/MiniOzoneClusterImpl-f0fd4d7a-2cff-4230-aa30-c4e451fbf5d5/datanode-1/data/ratis/b11d1723-cc5b-44b4-9a77-f4346d4ace6f/in_use.lock acquired by nodename 27448@pr-hdds-2137-trunk-mnh2s-3748177197
2019-09-17 13:15:57,980 [pool-37-thread-1] INFO  storage.RaftStorage (RaftStorage.java:format(72)) - Storage directory /tmp/workdir/hadoop-ozone/tools/target/test-dir/MiniOzoneClusterImpl-f0fd4d7a-2cff-4230-aa30-c4e451fbf5d5/datanode-1/data/ratis/b11d1723-cc5b-44b4-9a77-f4346d4ace6f has been successfully formatted.
2019-09-17 13:15:57,980 [pool-37-thread-1] INFO  ratis.ContainerStateMachine (ContainerStateMachine.java:loadSnapshot(230)) - group-F4346D4ACE6F: The snapshot info is null. Setting the last applied indexto:(t:0, i:~)
2019-09-17 13:15:57,981 [pool-37-thread-1] INFO  server.RaftServerConfigKeys (ConfUtils.java:logGet(43)) - raft.server.notification.no-leader.timeout = 120s (custom)
2019-09-17 13:15:57,981 [pool-37-thread-1] INFO  server.RaftServerConfigKeys (ConfUtils.java:logGet(43)) - raft.server.log.use.memory = false (default)
2019-09-17 13:15:57,981 [pool-37-thread-1] INFO  server.RaftServerConfigKeys (ConfUtils.java:logGet(43)) - raft.server.log.purge.gap = 1000000 (custom)
2019-09-17 13:15:57,981 [pool-37-thread-1] INFO  server.RaftServerConfigKeys (ConfUtils.java:logGet(43)) - raft.server.log.appender.buffer.byte-limit = 33554432 (custom)
2019-09-17 13:15:57,981 [pool-37-thread-1] INFO  server.RaftServerConfigKeys (ConfUtils.java:logGet(43)) - raft.server.log.segment.size.max = 1048576 (custom)
2019-09-17 13:15:57,981 [pool-37-thread-1] INFO  server.RaftServerConfigKeys (ConfUtils.java:logGet(43)) - raft.server.log.segment.cache.num.max = 2 (custom)
2019-09-17 13:15:57,981 [pool-37-thread-1] INFO  segmented.SegmentedRaftLogWorker (SegmentedRaftLogWorker.java:<init>(172)) - new c272a19c-58f0-4f89-b8a3-99206c50c4db@group-F4346D4ACE6F-SegmentedRaftLogWorker for RaftStorage:Storage Directory /tmp/workdir/hadoop-ozone/tools/target/test-dir/MiniOzoneClusterImpl-f0fd4d7a-2cff-4230-aa30-c4e451fbf5d5/datanode-1/data/ratis/b11d1723-cc5b-44b4-9a77-f4346d4ace6f
2019-09-17 13:15:57,985 [pool-37-thread-1] INFO  server.RaftServerConfigKeys (ConfUtils.java:logGet(43)) - raft.server.log.queue.byte-limit = 2147483647 (custom)
2019-09-17 13:15:57,985 [pool-37-thread-1] INFO  server.RaftServerConfigKeys (ConfUtils.java:logGet(43)) - raft.server.log.queue.element-limit = 1024 (custom)
2019-09-17 13:15:57,985 [pool-37-thread-1] INFO  server.RaftServerConfigKeys (ConfUtils.java:logGet(43)) - raft.server.log.segment.size.max = 1048576 (custom)
2019-09-17 13:15:57,985 [pool-37-thread-1] INFO  server.RaftServerConfigKeys (ConfUtils.java:logGet(43)) - raft.server.log.preallocated.size = 16384 (custom)
2019-09-17 13:15:57,985 [pool-37-thread-1] INFO  server.RaftServerConfigKeys (ConfUtils.java:logGet(43)) - raft.server.log.write.buffer.size = 33554432 (custom)
2019-09-17 13:15:57,985 [pool-37-thread-1] INFO  server.RaftServerConfigKeys (ConfUtils.java:logGet(43)) - raft.server.log.force.sync.num = 128 (default)
2019-09-17 13:15:57,986 [pool-37-thread-1] INFO  server.RaftServerConfigKeys (ConfUtils.java:logGet(43)) - raft.server.log.statemachine.data.sync = true (default)
2019-09-17 13:15:57,986 [pool-37-thread-1] INFO  server.RaftServerConfigKeys (ConfUtils.java:logGet(43)) - raft.server.log.statemachine.data.sync.timeout = 10s (default)
2019-09-17 13:15:57,986 [pool-37-thread-1] INFO  server.RaftServerConfigKeys (ConfUtils.java:logGet(43)) - raft.server.log.statemachine.data.sync.timeout.retry = -1 (default)
2019-09-17 13:15:57,986 [pool-37-thread-1] INFO  server.RaftServerConfigKeys (ConfUtils.java:logGet(43)) - raft.server.log.statemachine.data.caching.enabled = true (custom)
2019-09-17 13:15:57,986 [pool-37-thread-1] INFO  segmented.SegmentedRaftLogWorker (SegmentedRaftLogWorker.java:lambda$new$0(132)) - c272a19c-58f0-4f89-b8a3-99206c50c4db@group-F4346D4ACE6F-SegmentedRaftLogWorker: flushIndex: setUnconditionally 0 -> -1
2019-09-17 13:15:57,987 [pool-37-thread-1] INFO  server.RaftServerConfigKeys (ConfUtils.java:logGet(43)) - raft.server.snapshot.auto.trigger.enabled = true (custom)
2019-09-17 13:15:57,987 [pool-37-thread-1] INFO  server.RaftServerConfigKeys (ConfUtils.java:logGet(43)) - raft.server.snapshot.auto.trigger.threshold = 10000 (custom)
2019-09-17 13:15:57,987 [pool-37-thread-1] INFO  server.RaftServerConfigKeys (ConfUtils.java:logGet(43)) - raft.server.snapshot.retention.num.files = 5 (custom)
2019-09-17 13:15:57,987 [pool-37-thread-1] INFO  server.RaftServerConfigKeys (ConfUtils.java:logGet(43)) - raft.server.retrycache.expirytime = 600000ms (custom)
2019-09-17 13:15:57,989 [main] INFO  ozone.MiniOzoneClusterImpl (MiniOzoneClusterImpl.java:lambda$waitForClusterToBeReady$0(145)) - Cluster is ready. Got 5 of 5 DN Heartbeats.
2019-09-17 13:15:57,991 [pool-37-thread-1] INFO  impl.RaftServerImpl (RaftServerImpl.java:start(185)) - c272a19c-58f0-4f89-b8a3-99206c50c4db@group-F4346D4ACE6F: start as a follower, conf=-1: [c272a19c-58f0-4f89-b8a3-99206c50c4db:192.168.5.153:46635], old=null
2019-09-17 13:15:57,991 [pool-37-thread-1] INFO  impl.RaftServerImpl (RaftServerImpl.java:setRole(174)) - c272a19c-58f0-4f89-b8a3-99206c50c4db@group-F4346D4ACE6F: changes role from      null to FOLLOWER at term 0 for startAsFollower
2019-09-17 13:15:57,991 [pool-37-thread-1] INFO  impl.RoleInfo (RoleInfo.java:updateAndGet(143)) - c272a19c-58f0-4f89-b8a3-99206c50c4db: start FollowerState
2019-09-17 13:15:57,992 [pool-37-thread-1] INFO  util.JmxRegister (JmxRegister.java:tryRegister(44)) - Successfully registered JMX Bean with object name Ratis:service=RaftServer,group=group-F4346D4ACE6F,id=c272a19c-58f0-4f89-b8a3-99206c50c4db
2019-09-17 13:15:58,002 [RatisPipelineUtilsThread] INFO  pipeline.PipelineStateManager (PipelineStateManager.java:addPipeline(56)) - Created pipeline Pipeline[ Id: b11d1723-cc5b-44b4-9a77-f4346d4ace6f, Nodes: c272a19c-58f0-4f89-b8a3-99206c50c4db{ip: 192.168.5.153, host: pr-hdds-2137-trunk-mnh2s-3748177197, networkLocation: /default-rack, certSerialId: null}, Type:RATIS, Factor:ONE, State:OPEN]
2019-09-17 13:15:58,046 [grpc-default-executor-2] INFO  impl.RaftServerProxy (RaftServerProxy.java:addNew(89)) - c5ad2958-1e71-4305-8551-aa22f829f9b0: addNew group-36B53022FF4E:[6c3c6da7-32c5-4321-a860-cdd0ae39be33:192.168.5.153:36145, 2de42d1e-45de-4f1c-b9d9-c37b95a80a97:192.168.5.153:40988, c5ad2958-1e71-4305-8551-aa22f829f9b0:192.168.5.153:32904] returns group-36B53022FF4E:java.util.concurrent.CompletableFuture@7e43fa4d[Not completed]
2019-09-17 13:15:58,046 [grpc-default-executor-1] INFO  impl.RaftServerProxy (RaftServerProxy.java:addNew(89)) - 6c3c6da7-32c5-4321-a860-cdd0ae39be33: addNew group-36B53022FF4E:[6c3c6da7-32c5-4321-a860-cdd0ae39be33:192.168.5.153:36145, 2de42d1e-45de-4f1c-b9d9-c37b95a80a97:192.168.5.153:40988, c5ad2958-1e71-4305-8551-aa22f829f9b0:192.168.5.153:32904] returns group-36B53022FF4E:java.util.concurrent.CompletableFuture@1e224e9d[Not completed]
2019-09-17 13:15:58,048 [pool-27-thread-1] INFO  impl.RaftServerImpl (RaftServerImpl.java:<init>(95)) - c5ad2958-1e71-4305-8551-aa22f829f9b0: new RaftServerImpl for group-36B53022FF4E:[6c3c6da7-32c5-4321-a860-cdd0ae39be33:192.168.5.153:36145, 2de42d1e-45de-4f1c-b9d9-c37b95a80a97:192.168.5.153:40988, c5ad2958-1e71-4305-8551-aa22f829f9b0:192.168.5.153:32904] with ContainerStateMachine:uninitialized
2019-09-17 13:15:58,049 [pool-27-thread-1] INFO  server.RaftServerConfigKeys (ConfUtils.java:logGet(43)) - raft.server.rpc.timeout.min = 5s (custom)
2019-09-17 13:15:58,049 [pool-27-thread-1] INFO  server.RaftServerConfigKeys (ConfUtils.java:logGet(43)) - raft.server.rpc.timeout.max = 5200ms (custom)
2019-09-17 13:15:58,049 [pool-27-thread-1] INFO  server.RaftServerConfigKeys (ConfUtils.java:logGet(43)) - raft.server.rpcslowness.timeout = 120s (custom)
2019-09-17 13:15:58,049 [pool-27-thread-1] INFO  server.RaftServerConfigKeys (ConfUtils.java:logGet(43)) - raft.server.sleep.deviation.threshold = 300 (default)
2019-09-17 13:15:58,050 [pool-27-thread-1] INFO  server.RaftServerConfigKeys (ConfUtils.java:logGet(43)) - raft.server.log.appender.install.snapshot.enabled = false (custom)
2019-09-17 13:15:58,050 [grpc-default-executor-1] INFO  impl.RaftServerProxy (RaftServerProxy.java:addNew(89)) - 2de42d1e-45de-4f1c-b9d9-c37b95a80a97: addNew group-36B53022FF4E:[6c3c6da7-32c5-4321-a860-cdd0ae39be33:192.168.5.153:36145, 2de42d1e-45de-4f1c-b9d9-c37b95a80a97:192.168.5.153:40988, c5ad2958-1e71-4305-8551-aa22f829f9b0:192.168.5.153:32904] returns group-36B53022FF4E:java.util.concurrent.CompletableFuture@5b20d33d[Not completed]
2019-09-17 13:15:58,050 [pool-67-thread-1] INFO  impl.RaftServerImpl (RaftServerImpl.java:<init>(95)) - 6c3c6da7-32c5-4321-a860-cdd0ae39be33: new RaftServerImpl for group-36B53022FF4E:[6c3c6da7-32c5-4321-a860-cdd0ae39be33:192.168.5.153:36145, 2de42d1e-45de-4f1c-b9d9-c37b95a80a97:192.168.5.153:40988, c5ad2958-1e71-4305-8551-aa22f829f9b0:192.168.5.153:32904] with ContainerStateMachine:uninitialized
2019-09-17 13:15:58,050 [pool-27-thread-1] INFO  impl.RaftServerImpl (ServerState.java:<init>(103)) - c5ad2958-1e71-4305-8551-aa22f829f9b0@group-36B53022FF4E: ConfigurationManager, init=-1: [6c3c6da7-32c5-4321-a860-cdd0ae39be33:192.168.5.153:36145, 2de42d1e-45de-4f1c-b9d9-c37b95a80a97:192.168.5.153:40988, c5ad2958-1e71-4305-8551-aa22f829f9b0:192.168.5.153:32904], old=null, confs=<EMPTY_MAP>
2019-09-17 13:15:58,050 [pool-67-thread-1] INFO  server.RaftServerConfigKeys (ConfUtils.java:logGet(43)) - raft.server.rpc.timeout.min = 5s (custom)
2019-09-17 13:15:58,050 [pool-27-thread-1] INFO  server.RaftServerConfigKeys (ConfUtils.java:logGet(43)) - raft.server.storage.dir = [/tmp/workdir/hadoop-ozone/tools/target/test-dir/MiniOzoneClusterImpl-f0fd4d7a-2cff-4230-aa30-c4e451fbf5d5/datanode-0/data/ratis] (custom)
2019-09-17 13:15:58,050 [pool-67-thread-1] INFO  server.RaftServerConfigKeys (ConfUtils.java:logGet(43)) - raft.server.rpc.timeout.max = 5200ms (custom)
2019-09-17 13:15:58,050 [pool-67-thread-1] INFO  server.RaftServerConfigKeys (ConfUtils.java:logGet(43)) - raft.server.rpcslowness.timeout = 120s (custom)
2019-09-17 13:15:58,050 [pool-67-thread-1] INFO  server.RaftServerConfigKeys (ConfUtils.java:logGet(43)) - raft.server.sleep.deviation.threshold = 300 (default)
2019-09-17 13:15:58,051 [pool-27-thread-1] INFO  storage.RaftStorageDirectory (RaftStorageDirectory.java:analyzeStorage(246)) - The storage directory /tmp/workdir/hadoop-ozone/tools/target/test-dir/MiniOzoneClusterImpl-f0fd4d7a-2cff-4230-aa30-c4e451fbf5d5/datanode-0/data/ratis/b75cb183-17d1-419a-aaf4-36b53022ff4e does not exist. Creating ...
2019-09-17 13:15:58,051 [pool-67-thread-1] INFO  server.RaftServerConfigKeys (ConfUtils.java:logGet(43)) - raft.server.log.appender.install.snapshot.enabled = false (custom)
2019-09-17 13:15:58,051 [pool-67-thread-1] INFO  impl.RaftServerImpl (ServerState.java:<init>(103)) - 6c3c6da7-32c5-4321-a860-cdd0ae39be33@group-36B53022FF4E: ConfigurationManager, init=-1: [6c3c6da7-32c5-4321-a860-cdd0ae39be33:192.168.5.153:36145, 2de42d1e-45de-4f1c-b9d9-c37b95a80a97:192.168.5.153:40988, c5ad2958-1e71-4305-8551-aa22f829f9b0:192.168.5.153:32904], old=null, confs=<EMPTY_MAP>
2019-09-17 13:15:58,051 [pool-67-thread-1] INFO  server.RaftServerConfigKeys (ConfUtils.java:logGet(43)) - raft.server.storage.dir = [/tmp/workdir/hadoop-ozone/tools/target/test-dir/MiniOzoneClusterImpl-f0fd4d7a-2cff-4230-aa30-c4e451fbf5d5/datanode-4/data/ratis] (custom)
2019-09-17 13:15:58,051 [pool-67-thread-1] INFO  storage.RaftStorageDirectory (RaftStorageDirectory.java:analyzeStorage(246)) - The storage directory /tmp/workdir/hadoop-ozone/tools/target/test-dir/MiniOzoneClusterImpl-f0fd4d7a-2cff-4230-aa30-c4e451fbf5d5/datanode-4/data/ratis/b75cb183-17d1-419a-aaf4-36b53022ff4e does not exist. Creating ...
2019-09-17 13:15:58,051 [pool-47-thread-1] INFO  impl.RaftServerImpl (RaftServerImpl.java:<init>(95)) - 2de42d1e-45de-4f1c-b9d9-c37b95a80a97: new RaftServerImpl for group-36B53022FF4E:[6c3c6da7-32c5-4321-a860-cdd0ae39be33:192.168.5.153:36145, 2de42d1e-45de-4f1c-b9d9-c37b95a80a97:192.168.5.153:40988, c5ad2958-1e71-4305-8551-aa22f829f9b0:192.168.5.153:32904] with ContainerStateMachine:uninitialized
2019-09-17 13:15:58,052 [pool-47-thread-1] INFO  server.RaftServerConfigKeys (ConfUtils.java:logGet(43)) - raft.server.rpc.timeout.min = 5s (custom)
2019-09-17 13:15:58,052 [pool-47-thread-1] INFO  server.RaftServerConfigKeys (ConfUtils.java:logGet(43)) - raft.server.rpc.timeout.max = 5200ms (custom)
2019-09-17 13:15:58,052 [pool-47-thread-1] INFO  server.RaftServerConfigKeys (ConfUtils.java:logGet(43)) - raft.server.rpcslowness.timeout = 120s (custom)
2019-09-17 13:15:58,052 [pool-47-thread-1] INFO  server.RaftServerConfigKeys (ConfUtils.java:logGet(43)) - raft.server.sleep.deviation.threshold = 300 (default)
2019-09-17 13:15:58,052 [pool-47-thread-1] INFO  server.RaftServerConfigKeys (ConfUtils.java:logGet(43)) - raft.server.log.appender.install.snapshot.enabled = false (custom)
2019-09-17 13:15:58,053 [pool-47-thread-1] INFO  impl.RaftServerImpl (ServerState.java:<init>(103)) - 2de42d1e-45de-4f1c-b9d9-c37b95a80a97@group-36B53022FF4E: ConfigurationManager, init=-1: [6c3c6da7-32c5-4321-a860-cdd0ae39be33:192.168.5.153:36145, 2de42d1e-45de-4f1c-b9d9-c37b95a80a97:192.168.5.153:40988, c5ad2958-1e71-4305-8551-aa22f829f9b0:192.168.5.153:32904], old=null, confs=<EMPTY_MAP>
2019-09-17 13:15:58,053 [pool-47-thread-1] INFO  server.RaftServerConfigKeys (ConfUtils.java:logGet(43)) - raft.server.storage.dir = [/tmp/workdir/hadoop-ozone/tools/target/test-dir/MiniOzoneClusterImpl-f0fd4d7a-2cff-4230-aa30-c4e451fbf5d5/datanode-2/data/ratis] (custom)
2019-09-17 13:15:58,053 [pool-47-thread-1] INFO  storage.RaftStorageDirectory (RaftStorageDirectory.java:analyzeStorage(246)) - The storage directory /tmp/workdir/hadoop-ozone/tools/target/test-dir/MiniOzoneClusterImpl-f0fd4d7a-2cff-4230-aa30-c4e451fbf5d5/datanode-2/data/ratis/b75cb183-17d1-419a-aaf4-36b53022ff4e does not exist. Creating ...
2019-09-17 13:15:58,073 [pool-47-thread-1] INFO  storage.RaftStorageDirectory (RaftStorageDirectory.java:tryLock(328)) - Lock on /tmp/workdir/hadoop-ozone/tools/target/test-dir/MiniOzoneClusterImpl-f0fd4d7a-2cff-4230-aa30-c4e451fbf5d5/datanode-2/data/ratis/b75cb183-17d1-419a-aaf4-36b53022ff4e/in_use.lock acquired by nodename 27448@pr-hdds-2137-trunk-mnh2s-3748177197
2019-09-17 13:15:58,073 [pool-67-thread-1] INFO  storage.RaftStorageDirectory (RaftStorageDirectory.java:tryLock(328)) - Lock on /tmp/workdir/hadoop-ozone/tools/target/test-dir/MiniOzoneClusterImpl-f0fd4d7a-2cff-4230-aa30-c4e451fbf5d5/datanode-4/data/ratis/b75cb183-17d1-419a-aaf4-36b53022ff4e/in_use.lock acquired by nodename 27448@pr-hdds-2137-trunk-mnh2s-3748177197
2019-09-17 13:15:58,073 [pool-27-thread-1] INFO  storage.RaftStorageDirectory (RaftStorageDirectory.java:tryLock(328)) - Lock on /tmp/workdir/hadoop-ozone/tools/target/test-dir/MiniOzoneClusterImpl-f0fd4d7a-2cff-4230-aa30-c4e451fbf5d5/datanode-0/data/ratis/b75cb183-17d1-419a-aaf4-36b53022ff4e/in_use.lock acquired by nodename 27448@pr-hdds-2137-trunk-mnh2s-3748177197
2019-09-17 13:15:58,099 [pool-27-thread-1] INFO  storage.RaftStorage (RaftStorage.java:format(72)) - Storage directory /tmp/workdir/hadoop-ozone/tools/target/test-dir/MiniOzoneClusterImpl-f0fd4d7a-2cff-4230-aa30-c4e451fbf5d5/datanode-0/data/ratis/b75cb183-17d1-419a-aaf4-36b53022ff4e has been successfully formatted.
2019-09-17 13:15:58,099 [pool-47-thread-1] INFO  storage.RaftStorage (RaftStorage.java:format(72)) - Storage directory /tmp/workdir/hadoop-ozone/tools/target/test-dir/MiniOzoneClusterImpl-f0fd4d7a-2cff-4230-aa30-c4e451fbf5d5/datanode-2/data/ratis/b75cb183-17d1-419a-aaf4-36b53022ff4e has been successfully formatted.
2019-09-17 13:15:58,099 [pool-67-thread-1] INFO  storage.RaftStorage (RaftStorage.java:format(72)) - Storage directory /tmp/workdir/hadoop-ozone/tools/target/test-dir/MiniOzoneClusterImpl-f0fd4d7a-2cff-4230-aa30-c4e451fbf5d5/datanode-4/data/ratis/b75cb183-17d1-419a-aaf4-36b53022ff4e has been successfully formatted.
2019-09-17 13:15:58,099 [pool-27-thread-1] INFO  ratis.ContainerStateMachine (ContainerStateMachine.java:loadSnapshot(230)) - group-36B53022FF4E: The snapshot info is null. Setting the last applied indexto:(t:0, i:~)
2019-09-17 13:15:58,099 [pool-47-thread-1] INFO  ratis.ContainerStateMachine (ContainerStateMachine.java:loadSnapshot(230)) - group-36B53022FF4E: The snapshot info is null. Setting the last applied indexto:(t:0, i:~)
2019-09-17 13:15:58,099 [pool-67-thread-1] INFO  ratis.ContainerStateMachine (ContainerStateMachine.java:loadSnapshot(230)) - group-36B53022FF4E: The snapshot info is null. Setting the last applied indexto:(t:0, i:~)
2019-09-17 13:15:58,099 [pool-27-thread-1] INFO  server.RaftServerConfigKeys (ConfUtils.java:logGet(43)) - raft.server.notification.no-leader.timeout = 120s (custom)
2019-09-17 13:15:58,100 [pool-67-thread-1] INFO  server.RaftServerConfigKeys (ConfUtils.java:logGet(43)) - raft.server.notification.no-leader.timeout = 120s (custom)
2019-09-17 13:15:58,099 [pool-47-thread-1] INFO  server.RaftServerConfigKeys (ConfUtils.java:logGet(43)) - raft.server.notification.no-leader.timeout = 120s (custom)
2019-09-17 13:15:58,100 [pool-67-thread-1] INFO  server.RaftServerConfigKeys (ConfUtils.java:logGet(43)) - raft.server.log.use.memory = false (default)
2019-09-17 13:15:58,100 [pool-27-thread-1] INFO  server.RaftServerConfigKeys (ConfUtils.java:logGet(43)) - raft.server.log.use.memory = false (default)
2019-09-17 13:15:58,100 [pool-47-thread-1] INFO  server.RaftServerConfigKeys (ConfUtils.java:logGet(43)) - raft.server.log.use.memory = false (default)
2019-09-17 13:15:58,100 [pool-27-thread-1] INFO  server.RaftServerConfigKeys (ConfUtils.java:logGet(43)) - raft.server.log.purge.gap = 1000000 (custom)
2019-09-17 13:15:58,100 [pool-67-thread-1] INFO  server.RaftServerConfigKeys (ConfUtils.java:logGet(43)) - raft.server.log.purge.gap = 1000000 (custom)
2019-09-17 13:15:58,101 [pool-27-thread-1] INFO  server.RaftServerConfigKeys (ConfUtils.java:logGet(43)) - raft.server.log.appender.buffer.byte-limit = 33554432 (custom)
2019-09-17 13:15:58,101 [pool-47-thread-1] INFO  server.RaftServerConfigKeys (ConfUtils.java:logGet(43)) - raft.server.log.purge.gap = 1000000 (custom)
2019-09-17 13:15:58,101 [pool-27-thread-1] INFO  server.RaftServerConfigKeys (ConfUtils.java:logGet(43)) - raft.server.log.segment.size.max = 1048576 (custom)
2019-09-17 13:15:58,101 [pool-67-thread-1] INFO  server.RaftServerConfigKeys (ConfUtils.java:logGet(43)) - raft.server.log.appender.buffer.byte-limit = 33554432 (custom)
2019-09-17 13:15:58,101 [pool-27-thread-1] INFO  server.RaftServerConfigKeys (ConfUtils.java:logGet(43)) - raft.server.log.segment.cache.num.max = 2 (custom)
2019-09-17 13:15:58,101 [pool-47-thread-1] INFO  server.RaftServerConfigKeys (ConfUtils.java:logGet(43)) - raft.server.log.appender.buffer.byte-limit = 33554432 (custom)
2019-09-17 13:15:58,102 [pool-27-thread-1] INFO  segmented.SegmentedRaftLogWorker (SegmentedRaftLogWorker.java:<init>(172)) - new c5ad2958-1e71-4305-8551-aa22f829f9b0@group-36B53022FF4E-SegmentedRaftLogWorker for RaftStorage:Storage Directory /tmp/workdir/hadoop-ozone/tools/target/test-dir/MiniOzoneClusterImpl-f0fd4d7a-2cff-4230-aa30-c4e451fbf5d5/datanode-0/data/ratis/b75cb183-17d1-419a-aaf4-36b53022ff4e
2019-09-17 13:15:58,102 [pool-67-thread-1] INFO  server.RaftServerConfigKeys (ConfUtils.java:logGet(43)) - raft.server.log.segment.size.max = 1048576 (custom)
2019-09-17 13:15:58,102 [pool-27-thread-1] INFO  server.RaftServerConfigKeys (ConfUtils.java:logGet(43)) - raft.server.log.queue.byte-limit = 2147483647 (custom)
2019-09-17 13:15:58,102 [pool-47-thread-1] INFO  server.RaftServerConfigKeys (ConfUtils.java:logGet(43)) - raft.server.log.segment.size.max = 1048576 (custom)
2019-09-17 13:15:58,102 [pool-27-thread-1] INFO  server.RaftServerConfigKeys (ConfUtils.java:logGet(43)) - raft.server.log.queue.element-limit = 1024 (custom)
2019-09-17 13:15:58,102 [pool-67-thread-1] INFO  server.RaftServerConfigKeys (ConfUtils.java:logGet(43)) - raft.server.log.segment.cache.num.max = 2 (custom)
2019-09-17 13:15:58,102 [pool-27-thread-1] INFO  server.RaftServerConfigKeys (ConfUtils.java:logGet(43)) - raft.server.log.segment.size.max = 1048576 (custom)
2019-09-17 13:15:58,102 [pool-47-thread-1] INFO  server.RaftServerConfigKeys (ConfUtils.java:logGet(43)) - raft.server.log.segment.cache.num.max = 2 (custom)
2019-09-17 13:15:58,103 [pool-27-thread-1] INFO  server.RaftServerConfigKeys (ConfUtils.java:logGet(43)) - raft.server.log.preallocated.size = 16384 (custom)
2019-09-17 13:15:58,103 [pool-67-thread-1] INFO  segmented.SegmentedRaftLogWorker (SegmentedRaftLogWorker.java:<init>(172)) - new 6c3c6da7-32c5-4321-a860-cdd0ae39be33@group-36B53022FF4E-SegmentedRaftLogWorker for RaftStorage:Storage Directory /tmp/workdir/hadoop-ozone/tools/target/test-dir/MiniOzoneClusterImpl-f0fd4d7a-2cff-4230-aa30-c4e451fbf5d5/datanode-4/data/ratis/b75cb183-17d1-419a-aaf4-36b53022ff4e
2019-09-17 13:15:58,103 [pool-27-thread-1] INFO  server.RaftServerConfigKeys (ConfUtils.java:logGet(43)) - raft.server.log.write.buffer.size = 33554432 (custom)
2019-09-17 13:15:58,103 [pool-47-thread-1] INFO  segmented.SegmentedRaftLogWorker (SegmentedRaftLogWorker.java:<init>(172)) - new 2de42d1e-45de-4f1c-b9d9-c37b95a80a97@group-36B53022FF4E-SegmentedRaftLogWorker for RaftStorage:Storage Directory /tmp/workdir/hadoop-ozone/tools/target/test-dir/MiniOzoneClusterImpl-f0fd4d7a-2cff-4230-aa30-c4e451fbf5d5/datanode-2/data/ratis/b75cb183-17d1-419a-aaf4-36b53022ff4e
2019-09-17 13:15:58,103 [pool-27-thread-1] INFO  server.RaftServerConfigKeys (ConfUtils.java:logGet(43)) - raft.server.log.force.sync.num = 128 (default)
2019-09-17 13:15:58,103 [pool-67-thread-1] INFO  server.RaftServerConfigKeys (ConfUtils.java:logGet(43)) - raft.server.log.queue.byte-limit = 2147483647 (custom)
2019-09-17 13:15:58,104 [pool-27-thread-1] INFO  server.RaftServerConfigKeys (ConfUtils.java:logGet(43)) - raft.server.log.statemachine.data.sync = true (default)
2019-09-17 13:15:58,103 [pool-47-thread-1] INFO  server.RaftServerConfigKeys (ConfUtils.java:logGet(43)) - raft.server.log.queue.byte-limit = 2147483647 (custom)
2019-09-17 13:15:58,104 [pool-27-thread-1] INFO  server.RaftServerConfigKeys (ConfUtils.java:logGet(43)) - raft.server.log.statemachine.data.sync.timeout = 10s (default)
2019-09-17 13:15:58,104 [pool-67-thread-1] INFO  server.RaftServerConfigKeys (ConfUtils.java:logGet(43)) - raft.server.log.queue.element-limit = 1024 (custom)
2019-09-17 13:15:58,104 [pool-27-thread-1] INFO  server.RaftServerConfigKeys (ConfUtils.java:logGet(43)) - raft.server.log.statemachine.data.sync.timeout.retry = -1 (default)
2019-09-17 13:15:58,104 [pool-47-thread-1] INFO  server.RaftServerConfigKeys (ConfUtils.java:logGet(43)) - raft.server.log.queue.element-limit = 1024 (custom)
2019-09-17 13:15:58,105 [pool-27-thread-1] INFO  server.RaftServerConfigKeys (ConfUtils.java:logGet(43)) - raft.server.log.statemachine.data.caching.enabled = true (custom)
2019-09-17 13:15:58,104 [pool-67-thread-1] INFO  server.RaftServerConfigKeys (ConfUtils.java:logGet(43)) - raft.server.log.segment.size.max = 1048576 (custom)
2019-09-17 13:15:58,105 [pool-47-thread-1] INFO  server.RaftServerConfigKeys (ConfUtils.java:logGet(43)) - raft.server.log.segment.size.max = 1048576 (custom)
2019-09-17 13:15:58,105 [pool-67-thread-1] INFO  server.RaftServerConfigKeys (ConfUtils.java:logGet(43)) - raft.server.log.preallocated.size = 16384 (custom)
2019-09-17 13:15:58,105 [pool-27-thread-1] INFO  segmented.SegmentedRaftLogWorker (SegmentedRaftLogWorker.java:lambda$new$0(132)) - c5ad2958-1e71-4305-8551-aa22f829f9b0@group-36B53022FF4E-SegmentedRaftLogWorker: flushIndex: setUnconditionally 0 -> -1
2019-09-17 13:15:58,105 [pool-67-thread-1] INFO  server.RaftServerConfigKeys (ConfUtils.java:logGet(43)) - raft.server.log.write.buffer.size = 33554432 (custom)
2019-09-17 13:15:58,105 [pool-47-thread-1] INFO  server.RaftServerConfigKeys (ConfUtils.java:logGet(43)) - raft.server.log.preallocated.size = 16384 (custom)
2019-09-17 13:15:58,106 [pool-67-thread-1] INFO  server.RaftServerConfigKeys (ConfUtils.java:logGet(43)) - raft.server.log.force.sync.num = 128 (default)
2019-09-17 13:15:58,105 [pool-27-thread-1] INFO  server.RaftServerConfigKeys (ConfUtils.java:logGet(43)) - raft.server.snapshot.auto.trigger.enabled = true (custom)
2019-09-17 13:15:58,106 [pool-47-thread-1] INFO  server.RaftServerConfigKeys (ConfUtils.java:logGet(43)) - raft.server.log.write.buffer.size = 33554432 (custom)
2019-09-17 13:15:58,106 [pool-27-thread-1] INFO  server.RaftServerConfigKeys (ConfUtils.java:logGet(43)) - raft.server.snapshot.auto.trigger.threshold = 10000 (custom)
2019-09-17 13:15:58,106 [pool-67-thread-1] INFO  server.RaftServerConfigKeys (ConfUtils.java:logGet(43)) - raft.server.log.statemachine.data.sync = true (default)
2019-09-17 13:15:58,106 [pool-27-thread-1] INFO  server.RaftServerConfigKeys (ConfUtils.java:logGet(43)) - raft.server.snapshot.retention.num.files = 5 (custom)
2019-09-17 13:15:58,106 [pool-47-thread-1] INFO  server.RaftServerConfigKeys (ConfUtils.java:logGet(43)) - raft.server.log.force.sync.num = 128 (default)
2019-09-17 13:15:58,107 [pool-27-thread-1] INFO  server.RaftServerConfigKeys (ConfUtils.java:logGet(43)) - raft.server.retrycache.expirytime = 600000ms (custom)
2019-09-17 13:15:58,106 [pool-67-thread-1] INFO  server.RaftServerConfigKeys (ConfUtils.java:logGet(43)) - raft.server.log.statemachine.data.sync.timeout = 10s (default)
2019-09-17 13:15:58,107 [pool-47-thread-1] INFO  server.RaftServerConfigKeys (ConfUtils.java:logGet(43)) - raft.server.log.statemachine.data.sync = true (default)
2019-09-17 13:15:58,107 [pool-67-thread-1] INFO  server.RaftServerConfigKeys (ConfUtils.java:logGet(43)) - raft.server.log.statemachine.data.sync.timeout.retry = -1 (default)
2019-09-17 13:15:58,107 [pool-47-thread-1] INFO  server.RaftServerConfigKeys (ConfUtils.java:logGet(43)) - raft.server.log.statemachine.data.sync.timeout = 10s (default)
2019-09-17 13:15:58,107 [pool-67-thread-1] INFO  server.RaftServerConfigKeys (ConfUtils.java:logGet(43)) - raft.server.log.statemachine.data.caching.enabled = true (custom)
2019-09-17 13:15:58,108 [pool-47-thread-1] INFO  server.RaftServerConfigKeys (ConfUtils.java:logGet(43)) - raft.server.log.statemachine.data.sync.timeout.retry = -1 (default)
2019-09-17 13:15:58,108 [pool-67-thread-1] INFO  segmented.SegmentedRaftLogWorker (SegmentedRaftLogWorker.java:lambda$new$0(132)) - 6c3c6da7-32c5-4321-a860-cdd0ae39be33@group-36B53022FF4E-SegmentedRaftLogWorker: flushIndex: setUnconditionally 0 -> -1
2019-09-17 13:15:58,108 [pool-47-thread-1] INFO  server.RaftServerConfigKeys (ConfUtils.java:logGet(43)) - raft.server.log.statemachine.data.caching.enabled = true (custom)
2019-09-17 13:15:58,108 [pool-67-thread-1] INFO  server.RaftServerConfigKeys (ConfUtils.java:logGet(43)) - raft.server.snapshot.auto.trigger.enabled = true (custom)
2019-09-17 13:15:58,108 [pool-67-thread-1] INFO  server.RaftServerConfigKeys (ConfUtils.java:logGet(43)) - raft.server.snapshot.auto.trigger.threshold = 10000 (custom)
2019-09-17 13:15:58,108 [pool-47-thread-1] INFO  segmented.SegmentedRaftLogWorker (SegmentedRaftLogWorker.java:lambda$new$0(132)) - 2de42d1e-45de-4f1c-b9d9-c37b95a80a97@group-36B53022FF4E-SegmentedRaftLogWorker: flushIndex: setUnconditionally 0 -> -1
2019-09-17 13:15:58,109 [pool-67-thread-1] INFO  server.RaftServerConfigKeys (ConfUtils.java:logGet(43)) - raft.server.snapshot.retention.num.files = 5 (custom)
2019-09-17 13:15:58,109 [pool-47-thread-1] INFO  server.RaftServerConfigKeys (ConfUtils.java:logGet(43)) - raft.server.snapshot.auto.trigger.enabled = true (custom)
2019-09-17 13:15:58,109 [pool-67-thread-1] INFO  server.RaftServerConfigKeys (ConfUtils.java:logGet(43)) - raft.server.retrycache.expirytime = 600000ms (custom)
2019-09-17 13:15:58,109 [pool-47-thread-1] INFO  server.RaftServerConfigKeys (ConfUtils.java:logGet(43)) - raft.server.snapshot.auto.trigger.threshold = 10000 (custom)
2019-09-17 13:15:58,109 [pool-47-thread-1] INFO  server.RaftServerConfigKeys (ConfUtils.java:logGet(43)) - raft.server.snapshot.retention.num.files = 5 (custom)
2019-09-17 13:15:58,110 [pool-27-thread-1] INFO  impl.RaftServerImpl (RaftServerImpl.java:start(185)) - c5ad2958-1e71-4305-8551-aa22f829f9b0@group-36B53022FF4E: start as a follower, conf=-1: [6c3c6da7-32c5-4321-a860-cdd0ae39be33:192.168.5.153:36145, 2de42d1e-45de-4f1c-b9d9-c37b95a80a97:192.168.5.153:40988, c5ad2958-1e71-4305-8551-aa22f829f9b0:192.168.5.153:32904], old=null
2019-09-17 13:15:58,110 [pool-27-thread-1] INFO  impl.RaftServerImpl (RaftServerImpl.java:setRole(174)) - c5ad2958-1e71-4305-8551-aa22f829f9b0@group-36B53022FF4E: changes role from      null to FOLLOWER at term 0 for startAsFollower
2019-09-17 13:15:58,110 [pool-47-thread-1] INFO  server.RaftServerConfigKeys (ConfUtils.java:logGet(43)) - raft.server.retrycache.expirytime = 600000ms (custom)
2019-09-17 13:15:58,110 [pool-27-thread-1] INFO  impl.RoleInfo (RoleInfo.java:updateAndGet(143)) - c5ad2958-1e71-4305-8551-aa22f829f9b0: start FollowerState
2019-09-17 13:15:58,110 [pool-27-thread-1] INFO  util.JmxRegister (JmxRegister.java:tryRegister(44)) - Successfully registered JMX Bean with object name Ratis:service=RaftServer,group=group-36B53022FF4E,id=c5ad2958-1e71-4305-8551-aa22f829f9b0
2019-09-17 13:15:58,131 [pool-67-thread-1] INFO  impl.RaftServerImpl (RaftServerImpl.java:start(185)) - 6c3c6da7-32c5-4321-a860-cdd0ae39be33@group-36B53022FF4E: start as a follower, conf=-1: [6c3c6da7-32c5-4321-a860-cdd0ae39be33:192.168.5.153:36145, 2de42d1e-45de-4f1c-b9d9-c37b95a80a97:192.168.5.153:40988, c5ad2958-1e71-4305-8551-aa22f829f9b0:192.168.5.153:32904], old=null
2019-09-17 13:15:58,132 [pool-67-thread-1] INFO  impl.RaftServerImpl (RaftServerImpl.java:setRole(174)) - 6c3c6da7-32c5-4321-a860-cdd0ae39be33@group-36B53022FF4E: changes role from      null to FOLLOWER at term 0 for startAsFollower
2019-09-17 13:15:58,132 [pool-47-thread-1] INFO  impl.RaftServerImpl (RaftServerImpl.java:start(185)) - 2de42d1e-45de-4f1c-b9d9-c37b95a80a97@group-36B53022FF4E: start as a follower, conf=-1: [6c3c6da7-32c5-4321-a860-cdd0ae39be33:192.168.5.153:36145, 2de42d1e-45de-4f1c-b9d9-c37b95a80a97:192.168.5.153:40988, c5ad2958-1e71-4305-8551-aa22f829f9b0:192.168.5.153:32904], old=null
2019-09-17 13:15:58,133 [pool-67-thread-1] INFO  impl.RoleInfo (RoleInfo.java:updateAndGet(143)) - 6c3c6da7-32c5-4321-a860-cdd0ae39be33: start FollowerState
2019-09-17 13:15:58,134 [pool-47-thread-1] INFO  impl.RaftServerImpl (RaftServerImpl.java:setRole(174)) - 2de42d1e-45de-4f1c-b9d9-c37b95a80a97@group-36B53022FF4E: changes role from      null to FOLLOWER at term 0 for startAsFollower
2019-09-17 13:15:58,134 [pool-47-thread-1] INFO  impl.RoleInfo (RoleInfo.java:updateAndGet(143)) - 2de42d1e-45de-4f1c-b9d9-c37b95a80a97: start FollowerState
2019-09-17 13:15:58,134 [pool-67-thread-1] INFO  util.JmxRegister (JmxRegister.java:tryRegister(44)) - Successfully registered JMX Bean with object name Ratis:service=RaftServer,group=group-36B53022FF4E,id=6c3c6da7-32c5-4321-a860-cdd0ae39be33
2019-09-17 13:15:58,134 [pool-47-thread-1] INFO  util.JmxRegister (JmxRegister.java:tryRegister(44)) - Successfully registered JMX Bean with object name Ratis:service=RaftServer,group=group-36B53022FF4E,id=2de42d1e-45de-4f1c-b9d9-c37b95a80a97
2019-09-17 13:15:58,150 [RatisPipelineUtilsThread] INFO  pipeline.PipelineStateManager (PipelineStateManager.java:addPipeline(56)) - Created pipeline Pipeline[ Id: b75cb183-17d1-419a-aaf4-36b53022ff4e, Nodes: 2de42d1e-45de-4f1c-b9d9-c37b95a80a97{ip: 192.168.5.153, host: pr-hdds-2137-trunk-mnh2s-3748177197, networkLocation: /default-rack, certSerialId: null}6c3c6da7-32c5-4321-a860-cdd0ae39be33{ip: 192.168.5.153, host: pr-hdds-2137-trunk-mnh2s-3748177197, networkLocation: /default-rack, certSerialId: null}c5ad2958-1e71-4305-8551-aa22f829f9b0{ip: 192.168.5.153, host: pr-hdds-2137-trunk-mnh2s-3748177197, networkLocation: /default-rack, certSerialId: null}, Type:RATIS, Factor:THREE, State:OPEN]
2019-09-17 13:15:58,686 [main] INFO  freon.RandomKeyGenerator (RandomKeyGenerator.java:call(283)) - Number of Threads: 10
2019-09-17 13:15:58,687 [main] INFO  freon.RandomKeyGenerator (RandomKeyGenerator.java:call(288)) - Number of Volumes: 1.
2019-09-17 13:15:58,687 [main] INFO  freon.RandomKeyGenerator (RandomKeyGenerator.java:call(289)) - Number of Buckets per Volume: 1.
2019-09-17 13:15:58,688 [main] INFO  freon.RandomKeyGenerator (RandomKeyGenerator.java:call(290)) - Number of Keys per Bucket: 1.
2019-09-17 13:15:58,688 [main] INFO  freon.RandomKeyGenerator (RandomKeyGenerator.java:call(291)) - Key size: 20971520 bytes
2019-09-17 13:15:58,688 [main] INFO  freon.RandomKeyGenerator (RandomKeyGenerator.java:call(292)) - Buffer size: 4096 bytes
2019-09-17 13:15:58,688 [main] INFO  freon.RandomKeyGenerator (RandomKeyGenerator.java:call(293)) - validateWrites : true
2019-09-17 13:15:58,696 [main] INFO  freon.RandomKeyGenerator (RandomKeyGenerator.java:call(307)) - Data validation is enabled.
2019-09-17 13:15:58,698 [main] INFO  freon.RandomKeyGenerator (RandomKeyGenerator.java:call(313)) - Starting progress bar Thread.

 0.00% |█                                                                                                    |  0/1 Time: 0:00:002019-09-17 13:15:58,733 [pool-73-thread-1] INFO  rpc.RpcClient (RpcClient.java:createVolume(302)) - Creating Volume: vol-0-34383, with jenkins1000 as owner.
2019-09-17 13:15:58,859 [IPC Server handler 0 on 36081] INFO  volume.OMVolumeCreateRequest (OMVolumeCreateRequest.java:validateAndUpdateCache(189)) - created volume:vol-0-34383 for user:jenkins1000
2019-09-17 13:15:58,891 [pool-73-thread-2] INFO  rpc.RpcClient (RpcClient.java:createBucket(441)) - Creating Bucket: vol-0-34383/bucket-0-34671, with Versioning false and Storage Type set to DISK and Encryption set to false 
2019-09-17 13:15:59,427 [pool-73-thread-3] INFO  impl.MetricsSystemImpl (MetricsSystemImpl.java:init(158)) - XceiverClientMetrics metrics system started (again)
2019-09-17 13:15:59,550 [grpc-default-executor-2] INFO  client.GrpcClientProtocolClient (GrpcClientProtocolClient.java:onNext(264)) - client-D6A36A8B0482->2de42d1e-45de-4f1c-b9d9-c37b95a80a97: receive RaftClientReply:client-D6A36A8B0482->2de42d1e-45de-4f1c-b9d9-c37b95a80a97@group-36B53022FF4E, cid=8, FAILED org.apache.ratis.protocol.NotLeaderException: Server 2de42d1e-45de-4f1c-b9d9-c37b95a80a97@group-36B53022FF4E is not the leader, logIndex=0, commits[2de42d1e-45de-4f1c-b9d9-c37b95a80a97:c-1]
 0.00% |█                                                                                                    |  0/1 Time: 0:00:012019-09-17 13:15:59,707 [Thread-208] INFO  container.ReplicationManager (ReplicationManager.java:start(162)) - Starting Replication Monitor Thread.
2019-09-17 13:15:59,710 [ReplicationMonitor] INFO  container.ReplicationManager (ReplicationManager.java:run(225)) - Replication Monitor Thread took 1 milliseconds for processing 3 containers.
2019-09-17 13:16:00,604 [grpc-default-executor-1] INFO  client.GrpcClientProtocolClient (GrpcClientProtocolClient.java:onNext(264)) - client-D6A36A8B0482->6c3c6da7-32c5-4321-a860-cdd0ae39be33: receive RaftClientReply:client-D6A36A8B0482->6c3c6da7-32c5-4321-a860-cdd0ae39be33@group-36B53022FF4E, cid=8, FAILED org.apache.ratis.protocol.NotLeaderException: Server 6c3c6da7-32c5-4321-a860-cdd0ae39be33@group-36B53022FF4E is not the leader, logIndex=0, commits[6c3c6da7-32c5-4321-a860-cdd0ae39be33:c-1]
 0.00% |█                                                                                                    |  0/1 Time: 0:00:022019-09-17 13:16:01,648 [grpc-default-executor-1] INFO  client.GrpcClientProtocolClient (GrpcClientProtocolClient.java:onNext(264)) - client-D6A36A8B0482->2de42d1e-45de-4f1c-b9d9-c37b95a80a97: receive RaftClientReply:client-D6A36A8B0482->2de42d1e-45de-4f1c-b9d9-c37b95a80a97@group-36B53022FF4E, cid=8, FAILED org.apache.ratis.protocol.NotLeaderException: Server 2de42d1e-45de-4f1c-b9d9-c37b95a80a97@group-36B53022FF4E is not the leader, logIndex=0, commits[2de42d1e-45de-4f1c-b9d9-c37b95a80a97:c-1]
 0.00% |█                                                                                                    |  0/1 Time: 0:00:032019-09-17 13:16:02,674 [Thread-210] INFO  impl.FollowerState (FollowerState.java:run(106)) - c5ad2958-1e71-4305-8551-aa22f829f9b0:group-5D7F9946B59E changes to CANDIDATE, lastRpcTime:5201, electionTimeout:5200ms
2019-09-17 13:16:02,677 [Thread-210] INFO  impl.RoleInfo (RoleInfo.java:shutdownFollowerState(121)) - c5ad2958-1e71-4305-8551-aa22f829f9b0: shutdown FollowerState
2019-09-17 13:16:02,677 [Thread-210] INFO  impl.RaftServerImpl (RaftServerImpl.java:setRole(174)) - c5ad2958-1e71-4305-8551-aa22f829f9b0@group-5D7F9946B59E: changes role from  FOLLOWER to CANDIDATE at term 0 for changeToCandidate
2019-09-17 13:16:02,686 [Thread-210] INFO  impl.RoleInfo (RoleInfo.java:updateAndGet(143)) - c5ad2958-1e71-4305-8551-aa22f829f9b0: start LeaderElection
2019-09-17 13:16:02,691 [grpc-default-executor-1] INFO  client.GrpcClientProtocolClient (GrpcClientProtocolClient.java:onNext(264)) - client-D6A36A8B0482->c5ad2958-1e71-4305-8551-aa22f829f9b0: receive RaftClientReply:client-D6A36A8B0482->c5ad2958-1e71-4305-8551-aa22f829f9b0@group-36B53022FF4E, cid=8, FAILED org.apache.ratis.protocol.NotLeaderException: Server c5ad2958-1e71-4305-8551-aa22f829f9b0@group-36B53022FF4E is not the leader, logIndex=0, commits[c5ad2958-1e71-4305-8551-aa22f829f9b0:c-1]
 0.00% |█                                                                                                    |  0/1 Time: 0:00:042019-09-17 13:16:02,754 [Thread-213] INFO  impl.FollowerState (FollowerState.java:run(106)) - 2de42d1e-45de-4f1c-b9d9-c37b95a80a97:group-A49D0F87C4FE changes to CANDIDATE, lastRpcTime:5076, electionTimeout:5074ms
2019-09-17 13:16:02,760 [Thread-213] INFO  impl.RoleInfo (RoleInfo.java:shutdownFollowerState(121)) - 2de42d1e-45de-4f1c-b9d9-c37b95a80a97: shutdown FollowerState
2019-09-17 13:16:02,760 [Thread-213] INFO  impl.RaftServerImpl (RaftServerImpl.java:setRole(174)) - 2de42d1e-45de-4f1c-b9d9-c37b95a80a97@group-A49D0F87C4FE: changes role from  FOLLOWER to CANDIDATE at term 0 for changeToCandidate
2019-09-17 13:16:02,760 [Thread-213] INFO  impl.RoleInfo (RoleInfo.java:updateAndGet(143)) - 2de42d1e-45de-4f1c-b9d9-c37b95a80a97: start LeaderElection
2019-09-17 13:16:02,896 [Thread-219] INFO  impl.FollowerState (FollowerState.java:run(106)) - ee26f971-09bc-425e-9e93-48f1ae9ac0f1:group-42982BD2713C changes to CANDIDATE, lastRpcTime:5013, electionTimeout:5013ms
2019-09-17 13:16:02,897 [Thread-219] INFO  impl.RoleInfo (RoleInfo.java:shutdownFollowerState(121)) - ee26f971-09bc-425e-9e93-48f1ae9ac0f1: shutdown FollowerState
2019-09-17 13:16:02,897 [Thread-219] INFO  impl.RaftServerImpl (RaftServerImpl.java:setRole(174)) - ee26f971-09bc-425e-9e93-48f1ae9ac0f1@group-42982BD2713C: changes role from  FOLLOWER to CANDIDATE at term 0 for changeToCandidate
2019-09-17 13:16:02,897 [Thread-219] INFO  impl.RoleInfo (RoleInfo.java:updateAndGet(143)) - ee26f971-09bc-425e-9e93-48f1ae9ac0f1: start LeaderElection
2019-09-17 13:16:02,932 [Thread-216] INFO  impl.FollowerState (FollowerState.java:run(106)) - 6c3c6da7-32c5-4321-a860-cdd0ae39be33:group-9535A53750E7 changes to CANDIDATE, lastRpcTime:5138, electionTimeout:5138ms
2019-09-17 13:16:02,932 [Thread-216] INFO  impl.RoleInfo (RoleInfo.java:shutdownFollowerState(121)) - 6c3c6da7-32c5-4321-a860-cdd0ae39be33: shutdown FollowerState
2019-09-17 13:16:02,932 [Thread-216] INFO  impl.RaftServerImpl (RaftServerImpl.java:setRole(174)) - 6c3c6da7-32c5-4321-a860-cdd0ae39be33@group-9535A53750E7: changes role from  FOLLOWER to CANDIDATE at term 0 for changeToCandidate
2019-09-17 13:16:02,932 [Thread-216] INFO  impl.RoleInfo (RoleInfo.java:updateAndGet(143)) - 6c3c6da7-32c5-4321-a860-cdd0ae39be33: start LeaderElection
2019-09-17 13:16:03,047 [Thread-222] INFO  impl.FollowerState (FollowerState.java:run(106)) - c272a19c-58f0-4f89-b8a3-99206c50c4db:group-F4346D4ACE6F changes to CANDIDATE, lastRpcTime:5055, electionTimeout:5055ms
2019-09-17 13:16:03,047 [Thread-222] INFO  impl.RoleInfo (RoleInfo.java:shutdownFollowerState(121)) - c272a19c-58f0-4f89-b8a3-99206c50c4db: shutdown FollowerState
2019-09-17 13:16:03,047 [Thread-222] INFO  impl.RaftServerImpl (RaftServerImpl.java:setRole(174)) - c272a19c-58f0-4f89-b8a3-99206c50c4db@group-F4346D4ACE6F: changes role from  FOLLOWER to CANDIDATE at term 0 for changeToCandidate
2019-09-17 13:16:03,048 [Thread-222] INFO  impl.RoleInfo (RoleInfo.java:updateAndGet(143)) - c272a19c-58f0-4f89-b8a3-99206c50c4db: start LeaderElection
2019-09-17 13:16:03,139 [6c3c6da7-32c5-4321-a860-cdd0ae39be33@group-9535A53750E7:LeaderElection4] INFO  impl.LeaderElection (LeaderElection.java:askForVotes(182)) - 6c3c6da7-32c5-4321-a860-cdd0ae39be33@group-9535A53750E7:LeaderElection4: begin an election at term 1 for -1: [6c3c6da7-32c5-4321-a860-cdd0ae39be33:192.168.5.153:36145], old=null
2019-09-17 13:16:03,139 [c272a19c-58f0-4f89-b8a3-99206c50c4db@group-F4346D4ACE6F:LeaderElection5] INFO  impl.LeaderElection (LeaderElection.java:askForVotes(182)) - c272a19c-58f0-4f89-b8a3-99206c50c4db@group-F4346D4ACE6F:LeaderElection5: begin an election at term 1 for -1: [c272a19c-58f0-4f89-b8a3-99206c50c4db:192.168.5.153:46635], old=null
2019-09-17 13:16:03,139 [c5ad2958-1e71-4305-8551-aa22f829f9b0@group-5D7F9946B59E:LeaderElection1] INFO  impl.LeaderElection (LeaderElection.java:askForVotes(182)) - c5ad2958-1e71-4305-8551-aa22f829f9b0@group-5D7F9946B59E:LeaderElection1: begin an election at term 1 for -1: [c5ad2958-1e71-4305-8551-aa22f829f9b0:192.168.5.153:32904], old=null
2019-09-17 13:16:03,139 [ee26f971-09bc-425e-9e93-48f1ae9ac0f1@group-42982BD2713C:LeaderElection3] INFO  impl.LeaderElection (LeaderElection.java:askForVotes(182)) - ee26f971-09bc-425e-9e93-48f1ae9ac0f1@group-42982BD2713C:LeaderElection3: begin an election at term 1 for -1: [ee26f971-09bc-425e-9e93-48f1ae9ac0f1:192.168.5.153:34705], old=null
2019-09-17 13:16:03,139 [2de42d1e-45de-4f1c-b9d9-c37b95a80a97@group-A49D0F87C4FE:LeaderElection2] INFO  impl.LeaderElection (LeaderElection.java:askForVotes(182)) - 2de42d1e-45de-4f1c-b9d9-c37b95a80a97@group-A49D0F87C4FE:LeaderElection2: begin an election at term 1 for -1: [2de42d1e-45de-4f1c-b9d9-c37b95a80a97:192.168.5.153:40988], old=null
2019-09-17 13:16:03,148 [c272a19c-58f0-4f89-b8a3-99206c50c4db@group-F4346D4ACE6F:LeaderElection5] INFO  impl.RoleInfo (RoleInfo.java:shutdownLeaderElection(134)) - c272a19c-58f0-4f89-b8a3-99206c50c4db: shutdown LeaderElection
2019-09-17 13:16:03,148 [6c3c6da7-32c5-4321-a860-cdd0ae39be33@group-9535A53750E7:LeaderElection4] INFO  impl.RoleInfo (RoleInfo.java:shutdownLeaderElection(134)) - 6c3c6da7-32c5-4321-a860-cdd0ae39be33: shutdown LeaderElection
2019-09-17 13:16:03,148 [ee26f971-09bc-425e-9e93-48f1ae9ac0f1@group-42982BD2713C:LeaderElection3] INFO  impl.RoleInfo (RoleInfo.java:shutdownLeaderElection(134)) - ee26f971-09bc-425e-9e93-48f1ae9ac0f1: shutdown LeaderElection
2019-09-17 13:16:03,148 [c5ad2958-1e71-4305-8551-aa22f829f9b0@group-5D7F9946B59E:LeaderElection1] INFO  impl.RoleInfo (RoleInfo.java:shutdownLeaderElection(134)) - c5ad2958-1e71-4305-8551-aa22f829f9b0: shutdown LeaderElection
2019-09-17 13:16:03,148 [2de42d1e-45de-4f1c-b9d9-c37b95a80a97@group-A49D0F87C4FE:LeaderElection2] INFO  impl.RoleInfo (RoleInfo.java:shutdownLeaderElection(134)) - 2de42d1e-45de-4f1c-b9d9-c37b95a80a97: shutdown LeaderElection
2019-09-17 13:16:03,149 [2de42d1e-45de-4f1c-b9d9-c37b95a80a97@group-A49D0F87C4FE:LeaderElection2] INFO  impl.RaftServerImpl (RaftServerImpl.java:setRole(174)) - 2de42d1e-45de-4f1c-b9d9-c37b95a80a97@group-A49D0F87C4FE: changes role from CANDIDATE to LEADER at term 1 for changeToLeader
2019-09-17 13:16:03,149 [c5ad2958-1e71-4305-8551-aa22f829f9b0@group-5D7F9946B59E:LeaderElection1] INFO  impl.RaftServerImpl (RaftServerImpl.java:setRole(174)) - c5ad2958-1e71-4305-8551-aa22f829f9b0@group-5D7F9946B59E: changes role from CANDIDATE to LEADER at term 1 for changeToLeader
2019-09-17 13:16:03,149 [ee26f971-09bc-425e-9e93-48f1ae9ac0f1@group-42982BD2713C:LeaderElection3] INFO  impl.RaftServerImpl (RaftServerImpl.java:setRole(174)) - ee26f971-09bc-425e-9e93-48f1ae9ac0f1@group-42982BD2713C: changes role from CANDIDATE to LEADER at term 1 for changeToLeader
2019-09-17 13:16:03,149 [6c3c6da7-32c5-4321-a860-cdd0ae39be33@group-9535A53750E7:LeaderElection4] INFO  impl.RaftServerImpl (RaftServerImpl.java:setRole(174)) - 6c3c6da7-32c5-4321-a860-cdd0ae39be33@group-9535A53750E7: changes role from CANDIDATE to LEADER at term 1 for changeToLeader
2019-09-17 13:16:03,149 [c272a19c-58f0-4f89-b8a3-99206c50c4db@group-F4346D4ACE6F:LeaderElection5] INFO  impl.RaftServerImpl (RaftServerImpl.java:setRole(174)) - c272a19c-58f0-4f89-b8a3-99206c50c4db@group-F4346D4ACE6F: changes role from CANDIDATE to LEADER at term 1 for changeToLeader
2019-09-17 13:16:03,149 [6c3c6da7-32c5-4321-a860-cdd0ae39be33@group-9535A53750E7:LeaderElection4] INFO  impl.RaftServerImpl (ServerState.java:setLeader(253)) - 6c3c6da7-32c5-4321-a860-cdd0ae39be33@group-9535A53750E7: change Leader from null to 6c3c6da7-32c5-4321-a860-cdd0ae39be33 at term 1 for becomeLeader, leader elected after 5389ms
2019-09-17 13:16:03,149 [ee26f971-09bc-425e-9e93-48f1ae9ac0f1@group-42982BD2713C:LeaderElection3] INFO  impl.RaftServerImpl (ServerState.java:setLeader(253)) - ee26f971-09bc-425e-9e93-48f1ae9ac0f1@group-42982BD2713C: change Leader from null to ee26f971-09bc-425e-9e93-48f1ae9ac0f1 at term 1 for becomeLeader, leader elected after 5280ms
2019-09-17 13:16:03,149 [c5ad2958-1e71-4305-8551-aa22f829f9b0@group-5D7F9946B59E:LeaderElection1] INFO  impl.RaftServerImpl (ServerState.java:setLeader(253)) - c5ad2958-1e71-4305-8551-aa22f829f9b0@group-5D7F9946B59E: change Leader from null to c5ad2958-1e71-4305-8551-aa22f829f9b0 at term 1 for becomeLeader, leader elected after 5839ms
2019-09-17 13:16:03,149 [2de42d1e-45de-4f1c-b9d9-c37b95a80a97@group-A49D0F87C4FE:LeaderElection2] INFO  impl.RaftServerImpl (ServerState.java:setLeader(253)) - 2de42d1e-45de-4f1c-b9d9-c37b95a80a97@group-A49D0F87C4FE: change Leader from null to 2de42d1e-45de-4f1c-b9d9-c37b95a80a97 at term 1 for becomeLeader, leader elected after 5485ms
2019-09-17 13:16:03,149 [c272a19c-58f0-4f89-b8a3-99206c50c4db@group-F4346D4ACE6F:LeaderElection5] INFO  impl.RaftServerImpl (ServerState.java:setLeader(253)) - c272a19c-58f0-4f89-b8a3-99206c50c4db@group-F4346D4ACE6F: change Leader from null to c272a19c-58f0-4f89-b8a3-99206c50c4db at term 1 for becomeLeader, leader elected after 5168ms
2019-09-17 13:16:03,159 [ee26f971-09bc-425e-9e93-48f1ae9ac0f1@group-42982BD2713C:LeaderElection3] INFO  server.RaftServerConfigKeys (ConfUtils.java:logGet(43)) - raft.server.staging.catchup.gap = 1000 (default)
2019-09-17 13:16:03,162 [c272a19c-58f0-4f89-b8a3-99206c50c4db@group-F4346D4ACE6F:LeaderElection5] INFO  server.RaftServerConfigKeys (ConfUtils.java:logGet(43)) - raft.server.staging.catchup.gap = 1000 (default)
2019-09-17 13:16:03,163 [ee26f971-09bc-425e-9e93-48f1ae9ac0f1@group-42982BD2713C:LeaderElection3] INFO  server.RaftServerConfigKeys (ConfUtils.java:logGet(43)) - raft.server.rpc.sleep.time = 25ms (default)
2019-09-17 13:16:03,160 [c5ad2958-1e71-4305-8551-aa22f829f9b0@group-5D7F9946B59E:LeaderElection1] INFO  server.RaftServerConfigKeys (ConfUtils.java:logGet(43)) - raft.server.staging.catchup.gap = 1000 (default)
2019-09-17 13:16:03,160 [2de42d1e-45de-4f1c-b9d9-c37b95a80a97@group-A49D0F87C4FE:LeaderElection2] INFO  server.RaftServerConfigKeys (ConfUtils.java:logGet(43)) - raft.server.staging.catchup.gap = 1000 (default)
2019-09-17 13:16:03,164 [c5ad2958-1e71-4305-8551-aa22f829f9b0@group-5D7F9946B59E:LeaderElection1] INFO  server.RaftServerConfigKeys (ConfUtils.java:logGet(43)) - raft.server.rpc.sleep.time = 25ms (default)
2019-09-17 13:16:03,163 [c272a19c-58f0-4f89-b8a3-99206c50c4db@group-F4346D4ACE6F:LeaderElection5] INFO  server.RaftServerConfigKeys (ConfUtils.java:logGet(43)) - raft.server.rpc.sleep.time = 25ms (default)
2019-09-17 13:16:03,163 [6c3c6da7-32c5-4321-a860-cdd0ae39be33@group-9535A53750E7:LeaderElection4] INFO  server.RaftServerConfigKeys (ConfUtils.java:logGet(43)) - raft.server.staging.catchup.gap = 1000 (default)
2019-09-17 13:16:03,164 [2de42d1e-45de-4f1c-b9d9-c37b95a80a97@group-A49D0F87C4FE:LeaderElection2] INFO  server.RaftServerConfigKeys (ConfUtils.java:logGet(43)) - raft.server.rpc.sleep.time = 25ms (default)
2019-09-17 13:16:03,164 [6c3c6da7-32c5-4321-a860-cdd0ae39be33@group-9535A53750E7:LeaderElection4] INFO  server.RaftServerConfigKeys (ConfUtils.java:logGet(43)) - raft.server.rpc.sleep.time = 25ms (default)
2019-09-17 13:16:03,166 [c5ad2958-1e71-4305-8551-aa22f829f9b0@group-5D7F9946B59E:LeaderElection1] INFO  server.RaftServerConfigKeys (ConfUtils.java:logGet(43)) - raft.server.write.element-limit = 4096 (default)
2019-09-17 13:16:03,167 [6c3c6da7-32c5-4321-a860-cdd0ae39be33@group-9535A53750E7:LeaderElection4] INFO  server.RaftServerConfigKeys (ConfUtils.java:logGet(43)) - raft.server.write.element-limit = 4096 (default)
2019-09-17 13:16:03,166 [2de42d1e-45de-4f1c-b9d9-c37b95a80a97@group-A49D0F87C4FE:LeaderElection2] INFO  server.RaftServerConfigKeys (ConfUtils.java:logGet(43)) - raft.server.write.element-limit = 4096 (default)
2019-09-17 13:16:03,166 [c272a19c-58f0-4f89-b8a3-99206c50c4db@group-F4346D4ACE6F:LeaderElection5] INFO  server.RaftServerConfigKeys (ConfUtils.java:logGet(43)) - raft.server.write.element-limit = 4096 (default)
2019-09-17 13:16:03,166 [ee26f971-09bc-425e-9e93-48f1ae9ac0f1@group-42982BD2713C:LeaderElection3] INFO  server.RaftServerConfigKeys (ConfUtils.java:logGet(43)) - raft.server.write.element-limit = 4096 (default)
2019-09-17 13:16:03,172 [c5ad2958-1e71-4305-8551-aa22f829f9b0@group-5D7F9946B59E:LeaderElection1] INFO  server.RaftServerConfigKeys (ConfUtils.java:logGet(43)) - raft.server.watch.timeout = 10s (default)
2019-09-17 13:16:03,172 [6c3c6da7-32c5-4321-a860-cdd0ae39be33@group-9535A53750E7:LeaderElection4] INFO  server.RaftServerConfigKeys (ConfUtils.java:logGet(43)) - raft.server.watch.timeout = 10s (default)
2019-09-17 13:16:03,172 [2de42d1e-45de-4f1c-b9d9-c37b95a80a97@group-A49D0F87C4FE:LeaderElection2] INFO  server.RaftServerConfigKeys (ConfUtils.java:logGet(43)) - raft.server.watch.timeout = 10s (default)
2019-09-17 13:16:03,172 [c272a19c-58f0-4f89-b8a3-99206c50c4db@group-F4346D4ACE6F:LeaderElection5] INFO  server.RaftServerConfigKeys (ConfUtils.java:logGet(43)) - raft.server.watch.timeout = 10s (default)
2019-09-17 13:16:03,172 [ee26f971-09bc-425e-9e93-48f1ae9ac0f1@group-42982BD2713C:LeaderElection3] INFO  server.RaftServerConfigKeys (ConfUtils.java:logGet(43)) - raft.server.watch.timeout = 10s (default)
2019-09-17 13:16:03,173 [c272a19c-58f0-4f89-b8a3-99206c50c4db@group-F4346D4ACE6F:LeaderElection5] INFO  server.RaftServerConfigKeys (ConfUtils.java:logGet(43)) - raft.server.watch.timeout.denomination = 1s (default)
2019-09-17 13:16:03,173 [2de42d1e-45de-4f1c-b9d9-c37b95a80a97@group-A49D0F87C4FE:LeaderElection2] INFO  server.RaftServerConfigKeys (ConfUtils.java:logGet(43)) - raft.server.watch.timeout.denomination = 1s (default)
2019-09-17 13:16:03,173 [6c3c6da7-32c5-4321-a860-cdd0ae39be33@group-9535A53750E7:LeaderElection4] INFO  server.RaftServerConfigKeys (ConfUtils.java:logGet(43)) - raft.server.watch.timeout.denomination = 1s (default)
2019-09-17 13:16:03,172 [c5ad2958-1e71-4305-8551-aa22f829f9b0@group-5D7F9946B59E:LeaderElection1] INFO  server.RaftServerConfigKeys (ConfUtils.java:logGet(43)) - raft.server.watch.timeout.denomination = 1s (default)
2019-09-17 13:16:03,173 [ee26f971-09bc-425e-9e93-48f1ae9ac0f1@group-42982BD2713C:LeaderElection3] INFO  server.RaftServerConfigKeys (ConfUtils.java:logGet(43)) - raft.server.watch.timeout.denomination = 1s (default)
2019-09-17 13:16:03,174 [c5ad2958-1e71-4305-8551-aa22f829f9b0@group-5D7F9946B59E:LeaderElection1] INFO  server.RaftServerConfigKeys (ConfUtils.java:logGet(43)) - raft.server.watch.element-limit = 65536 (default)
2019-09-17 13:16:03,174 [ee26f971-09bc-425e-9e93-48f1ae9ac0f1@group-42982BD2713C:LeaderElection3] INFO  server.RaftServerConfigKeys (ConfUtils.java:logGet(43)) - raft.server.watch.element-limit = 65536 (default)
2019-09-17 13:16:03,175 [6c3c6da7-32c5-4321-a860-cdd0ae39be33@group-9535A53750E7:LeaderElection4] INFO  server.RaftServerConfigKeys (ConfUtils.java:logGet(43)) - raft.server.watch.element-limit = 65536 (default)
2019-09-17 13:16:03,174 [2de42d1e-45de-4f1c-b9d9-c37b95a80a97@group-A49D0F87C4FE:LeaderElection2] INFO  server.RaftServerConfigKeys (ConfUtils.java:logGet(43)) - raft.server.watch.element-limit = 65536 (default)
2019-09-17 13:16:03,174 [c272a19c-58f0-4f89-b8a3-99206c50c4db@group-F4346D4ACE6F:LeaderElection5] INFO  server.RaftServerConfigKeys (ConfUtils.java:logGet(43)) - raft.server.watch.element-limit = 65536 (default)
2019-09-17 13:16:03,194 [c5ad2958-1e71-4305-8551-aa22f829f9b0@group-5D7F9946B59E:LeaderElection1] INFO  impl.RoleInfo (RoleInfo.java:updateAndGet(143)) - c5ad2958-1e71-4305-8551-aa22f829f9b0: start LeaderState
2019-09-17 13:16:03,194 [c272a19c-58f0-4f89-b8a3-99206c50c4db@group-F4346D4ACE6F:LeaderElection5] INFO  impl.RoleInfo (RoleInfo.java:updateAndGet(143)) - c272a19c-58f0-4f89-b8a3-99206c50c4db: start LeaderState
2019-09-17 13:16:03,194 [ee26f971-09bc-425e-9e93-48f1ae9ac0f1@group-42982BD2713C:LeaderElection3] INFO  impl.RoleInfo (RoleInfo.java:updateAndGet(143)) - ee26f971-09bc-425e-9e93-48f1ae9ac0f1: start LeaderState
2019-09-17 13:16:03,194 [2de42d1e-45de-4f1c-b9d9-c37b95a80a97@group-A49D0F87C4FE:LeaderElection2] INFO  impl.RoleInfo (RoleInfo.java:updateAndGet(143)) - 2de42d1e-45de-4f1c-b9d9-c37b95a80a97: start LeaderState
2019-09-17 13:16:03,194 [6c3c6da7-32c5-4321-a860-cdd0ae39be33@group-9535A53750E7:LeaderElection4] INFO  impl.RoleInfo (RoleInfo.java:updateAndGet(143)) - 6c3c6da7-32c5-4321-a860-cdd0ae39be33: start LeaderState
2019-09-17 13:16:03,214 [2de42d1e-45de-4f1c-b9d9-c37b95a80a97@group-A49D0F87C4FE:LeaderElection2] INFO  segmented.SegmentedRaftLogWorker (SegmentedRaftLogWorker.java:startLogSegment(380)) - 2de42d1e-45de-4f1c-b9d9-c37b95a80a97@group-A49D0F87C4FE-SegmentedRaftLogWorker: Starting segment from index:0
2019-09-17 13:16:03,214 [c272a19c-58f0-4f89-b8a3-99206c50c4db@group-F4346D4ACE6F:LeaderElection5] INFO  segmented.SegmentedRaftLogWorker (SegmentedRaftLogWorker.java:startLogSegment(380)) - c272a19c-58f0-4f89-b8a3-99206c50c4db@group-F4346D4ACE6F-SegmentedRaftLogWorker: Starting segment from index:0
2019-09-17 13:16:03,214 [ee26f971-09bc-425e-9e93-48f1ae9ac0f1@group-42982BD2713C:LeaderElection3] INFO  segmented.SegmentedRaftLogWorker (SegmentedRaftLogWorker.java:startLogSegment(380)) - ee26f971-09bc-425e-9e93-48f1ae9ac0f1@group-42982BD2713C-SegmentedRaftLogWorker: Starting segment from index:0
2019-09-17 13:16:03,214 [6c3c6da7-32c5-4321-a860-cdd0ae39be33@group-9535A53750E7:LeaderElection4] INFO  segmented.SegmentedRaftLogWorker (SegmentedRaftLogWorker.java:startLogSegment(380)) - 6c3c6da7-32c5-4321-a860-cdd0ae39be33@group-9535A53750E7-SegmentedRaftLogWorker: Starting segment from index:0
2019-09-17 13:16:03,214 [c5ad2958-1e71-4305-8551-aa22f829f9b0@group-5D7F9946B59E:LeaderElection1] INFO  segmented.SegmentedRaftLogWorker (SegmentedRaftLogWorker.java:startLogSegment(380)) - c5ad2958-1e71-4305-8551-aa22f829f9b0@group-5D7F9946B59E-SegmentedRaftLogWorker: Starting segment from index:0
2019-09-17 13:16:03,222 [6c3c6da7-32c5-4321-a860-cdd0ae39be33@group-9535A53750E7:LeaderElection4] INFO  impl.RaftServerImpl (ServerState.java:setRaftConf(354)) - 6c3c6da7-32c5-4321-a860-cdd0ae39be33@group-9535A53750E7: set configuration 0: [6c3c6da7-32c5-4321-a860-cdd0ae39be33:192.168.5.153:36145], old=null at 0
2019-09-17 13:16:03,222 [c5ad2958-1e71-4305-8551-aa22f829f9b0@group-5D7F9946B59E:LeaderElection1] INFO  impl.RaftServerImpl (ServerState.java:setRaftConf(354)) - c5ad2958-1e71-4305-8551-aa22f829f9b0@group-5D7F9946B59E: set configuration 0: [c5ad2958-1e71-4305-8551-aa22f829f9b0:192.168.5.153:32904], old=null at 0
2019-09-17 13:16:03,222 [ee26f971-09bc-425e-9e93-48f1ae9ac0f1@group-42982BD2713C:LeaderElection3] INFO  impl.RaftServerImpl (ServerState.java:setRaftConf(354)) - ee26f971-09bc-425e-9e93-48f1ae9ac0f1@group-42982BD2713C: set configuration 0: [ee26f971-09bc-425e-9e93-48f1ae9ac0f1:192.168.5.153:34705], old=null at 0
2019-09-17 13:16:03,222 [2de42d1e-45de-4f1c-b9d9-c37b95a80a97@group-A49D0F87C4FE:LeaderElection2] INFO  impl.RaftServerImpl (ServerState.java:setRaftConf(354)) - 2de42d1e-45de-4f1c-b9d9-c37b95a80a97@group-A49D0F87C4FE: set configuration 0: [2de42d1e-45de-4f1c-b9d9-c37b95a80a97:192.168.5.153:40988], old=null at 0
2019-09-17 13:16:03,222 [c272a19c-58f0-4f89-b8a3-99206c50c4db@group-F4346D4ACE6F:LeaderElection5] INFO  impl.RaftServerImpl (ServerState.java:setRaftConf(354)) - c272a19c-58f0-4f89-b8a3-99206c50c4db@group-F4346D4ACE6F: set configuration 0: [c272a19c-58f0-4f89-b8a3-99206c50c4db:192.168.5.153:46635], old=null at 0
2019-09-17 13:16:03,253 [Thread-227] INFO  impl.FollowerState (FollowerState.java:run(106)) - c5ad2958-1e71-4305-8551-aa22f829f9b0:group-36B53022FF4E changes to CANDIDATE, lastRpcTime:5143, electionTimeout:5143ms
2019-09-17 13:16:03,254 [Thread-227] INFO  impl.RoleInfo (RoleInfo.java:shutdownFollowerState(121)) - c5ad2958-1e71-4305-8551-aa22f829f9b0: shutdown FollowerState
2019-09-17 13:16:03,254 [Thread-227] INFO  impl.RaftServerImpl (RaftServerImpl.java:setRole(174)) - c5ad2958-1e71-4305-8551-aa22f829f9b0@group-36B53022FF4E: changes role from  FOLLOWER to CANDIDATE at term 0 for changeToCandidate
2019-09-17 13:16:03,254 [Thread-227] INFO  impl.RoleInfo (RoleInfo.java:updateAndGet(143)) - c5ad2958-1e71-4305-8551-aa22f829f9b0: start LeaderElection
2019-09-17 13:16:03,265 [Thread-230] INFO  impl.FollowerState (FollowerState.java:run(106)) - 2de42d1e-45de-4f1c-b9d9-c37b95a80a97:group-36B53022FF4E changes to CANDIDATE, lastRpcTime:5131, electionTimeout:5131ms
2019-09-17 13:16:03,266 [Thread-230] INFO  impl.RoleInfo (RoleInfo.java:shutdownFollowerState(121)) - 2de42d1e-45de-4f1c-b9d9-c37b95a80a97: shutdown FollowerState
2019-09-17 13:16:03,266 [Thread-230] INFO  impl.RaftServerImpl (RaftServerImpl.java:setRole(174)) - 2de42d1e-45de-4f1c-b9d9-c37b95a80a97@group-36B53022FF4E: changes role from  FOLLOWER to CANDIDATE at term 0 for changeToCandidate
2019-09-17 13:16:03,266 [Thread-230] INFO  impl.RoleInfo (RoleInfo.java:updateAndGet(143)) - 2de42d1e-45de-4f1c-b9d9-c37b95a80a97: start LeaderElection
2019-09-17 13:16:03,283 [c5ad2958-1e71-4305-8551-aa22f829f9b0@group-36B53022FF4E:LeaderElection6] INFO  impl.LeaderElection (LeaderElection.java:askForVotes(182)) - c5ad2958-1e71-4305-8551-aa22f829f9b0@group-36B53022FF4E:LeaderElection6: begin an election at term 1 for -1: [6c3c6da7-32c5-4321-a860-cdd0ae39be33:192.168.5.153:36145, 2de42d1e-45de-4f1c-b9d9-c37b95a80a97:192.168.5.153:40988, c5ad2958-1e71-4305-8551-aa22f829f9b0:192.168.5.153:32904], old=null
2019-09-17 13:16:03,283 [2de42d1e-45de-4f1c-b9d9-c37b95a80a97@group-36B53022FF4E:LeaderElection7] INFO  impl.LeaderElection (LeaderElection.java:askForVotes(182)) - 2de42d1e-45de-4f1c-b9d9-c37b95a80a97@group-36B53022FF4E:LeaderElection7: begin an election at term 1 for -1: [6c3c6da7-32c5-4321-a860-cdd0ae39be33:192.168.5.153:36145, 2de42d1e-45de-4f1c-b9d9-c37b95a80a97:192.168.5.153:40988, c5ad2958-1e71-4305-8551-aa22f829f9b0:192.168.5.153:32904], old=null
2019-09-17 13:16:03,284 [Thread-229] INFO  impl.FollowerState (FollowerState.java:run(106)) - 6c3c6da7-32c5-4321-a860-cdd0ae39be33:group-36B53022FF4E changes to CANDIDATE, lastRpcTime:5150, electionTimeout:5150ms
2019-09-17 13:16:03,284 [Thread-229] INFO  impl.RoleInfo (RoleInfo.java:shutdownFollowerState(121)) - 6c3c6da7-32c5-4321-a860-cdd0ae39be33: shutdown FollowerState
2019-09-17 13:16:03,284 [Thread-229] INFO  impl.RaftServerImpl (RaftServerImpl.java:setRole(174)) - 6c3c6da7-32c5-4321-a860-cdd0ae39be33@group-36B53022FF4E: changes role from  FOLLOWER to CANDIDATE at term 0 for changeToCandidate
2019-09-17 13:16:03,285 [Thread-229] INFO  impl.RoleInfo (RoleInfo.java:updateAndGet(143)) - 6c3c6da7-32c5-4321-a860-cdd0ae39be33: start LeaderElection
2019-09-17 13:16:03,302 [6c3c6da7-32c5-4321-a860-cdd0ae39be33@group-36B53022FF4E:LeaderElection8] INFO  impl.LeaderElection (LeaderElection.java:askForVotes(182)) - 6c3c6da7-32c5-4321-a860-cdd0ae39be33@group-36B53022FF4E:LeaderElection8: begin an election at term 1 for -1: [6c3c6da7-32c5-4321-a860-cdd0ae39be33:192.168.5.153:36145, 2de42d1e-45de-4f1c-b9d9-c37b95a80a97:192.168.5.153:40988, c5ad2958-1e71-4305-8551-aa22f829f9b0:192.168.5.153:32904], old=null
2019-09-17 13:16:03,362 [6c3c6da7-32c5-4321-a860-cdd0ae39be33@group-36B53022FF4E:LeaderElection8] INFO  impl.LeaderElection (LeaderElection.java:logAndReturn(56)) - 6c3c6da7-32c5-4321-a860-cdd0ae39be33@group-36B53022FF4E:LeaderElection8: Election REJECTED; received 2 response(s) [6c3c6da7-32c5-4321-a860-cdd0ae39be33<-c5ad2958-1e71-4305-8551-aa22f829f9b0#0:FAIL-t1, 6c3c6da7-32c5-4321-a860-cdd0ae39be33<-2de42d1e-45de-4f1c-b9d9-c37b95a80a97#0:FAIL-t1] and 0 exception(s); 6c3c6da7-32c5-4321-a860-cdd0ae39be33@group-36B53022FF4E:t1, leader=null, voted=6c3c6da7-32c5-4321-a860-cdd0ae39be33, raftlog=6c3c6da7-32c5-4321-a860-cdd0ae39be33@group-36B53022FF4E-SegmentedRaftLog:OPENED:c-1,f-1,i0, conf=-1: [6c3c6da7-32c5-4321-a860-cdd0ae39be33:192.168.5.153:36145, 2de42d1e-45de-4f1c-b9d9-c37b95a80a97:192.168.5.153:40988, c5ad2958-1e71-4305-8551-aa22f829f9b0:192.168.5.153:32904], old=null
2019-09-17 13:16:03,362 [2de42d1e-45de-4f1c-b9d9-c37b95a80a97@group-36B53022FF4E:LeaderElection7] INFO  impl.LeaderElection (LeaderElection.java:logAndReturn(56)) - 2de42d1e-45de-4f1c-b9d9-c37b95a80a97@group-36B53022FF4E:LeaderElection7: Election REJECTED; received 2 response(s) [2de42d1e-45de-4f1c-b9d9-c37b95a80a97<-6c3c6da7-32c5-4321-a860-cdd0ae39be33#0:FAIL-t1, 2de42d1e-45de-4f1c-b9d9-c37b95a80a97<-c5ad2958-1e71-4305-8551-aa22f829f9b0#0:FAIL-t1] and 0 exception(s); 2de42d1e-45de-4f1c-b9d9-c37b95a80a97@group-36B53022FF4E:t1, leader=null, voted=2de42d1e-45de-4f1c-b9d9-c37b95a80a97, raftlog=2de42d1e-45de-4f1c-b9d9-c37b95a80a97@group-36B53022FF4E-SegmentedRaftLog:OPENED:c-1,f-1,i0, conf=-1: [6c3c6da7-32c5-4321-a860-cdd0ae39be33:192.168.5.153:36145, 2de42d1e-45de-4f1c-b9d9-c37b95a80a97:192.168.5.153:40988, c5ad2958-1e71-4305-8551-aa22f829f9b0:192.168.5.153:32904], old=null
2019-09-17 13:16:03,362 [c5ad2958-1e71-4305-8551-aa22f829f9b0@group-36B53022FF4E:LeaderElection6] INFO  impl.LeaderElection (LeaderElection.java:logAndReturn(56)) - c5ad2958-1e71-4305-8551-aa22f829f9b0@group-36B53022FF4E:LeaderElection6: Election REJECTED; received 2 response(s) [c5ad2958-1e71-4305-8551-aa22f829f9b0<-6c3c6da7-32c5-4321-a860-cdd0ae39be33#0:FAIL-t1, c5ad2958-1e71-4305-8551-aa22f829f9b0<-2de42d1e-45de-4f1c-b9d9-c37b95a80a97#0:FAIL-t1] and 0 exception(s); c5ad2958-1e71-4305-8551-aa22f829f9b0@group-36B53022FF4E:t1, leader=null, voted=c5ad2958-1e71-4305-8551-aa22f829f9b0, raftlog=c5ad2958-1e71-4305-8551-aa22f829f9b0@group-36B53022FF4E-SegmentedRaftLog:OPENED:c-1,f-1,i0, conf=-1: [6c3c6da7-32c5-4321-a860-cdd0ae39be33:192.168.5.153:36145, 2de42d1e-45de-4f1c-b9d9-c37b95a80a97:192.168.5.153:40988, c5ad2958-1e71-4305-8551-aa22f829f9b0:192.168.5.153:32904], old=null
2019-09-17 13:16:03,370 [2de42d1e-45de-4f1c-b9d9-c37b95a80a97@group-36B53022FF4E:LeaderElection7] INFO  impl.RaftServerImpl (RaftServerImpl.java:setRole(174)) - 2de42d1e-45de-4f1c-b9d9-c37b95a80a97@group-36B53022FF4E: changes role from CANDIDATE to FOLLOWER at term 1 for DISCOVERED_A_NEW_TERM
2019-09-17 13:16:03,372 [6c3c6da7-32c5-4321-a860-cdd0ae39be33@group-36B53022FF4E:LeaderElection8] INFO  impl.RaftServerImpl (RaftServerImpl.java:setRole(174)) - 6c3c6da7-32c5-4321-a860-cdd0ae39be33@group-36B53022FF4E: changes role from CANDIDATE to FOLLOWER at term 1 for DISCOVERED_A_NEW_TERM
2019-09-17 13:16:03,370 [c5ad2958-1e71-4305-8551-aa22f829f9b0@group-36B53022FF4E:LeaderElection6] INFO  impl.RaftServerImpl (RaftServerImpl.java:setRole(174)) - c5ad2958-1e71-4305-8551-aa22f829f9b0@group-36B53022FF4E: changes role from CANDIDATE to FOLLOWER at term 1 for DISCOVERED_A_NEW_TERM
2019-09-17 13:16:03,374 [6c3c6da7-32c5-4321-a860-cdd0ae39be33@group-36B53022FF4E:LeaderElection8] INFO  impl.RoleInfo (RoleInfo.java:shutdownLeaderElection(134)) - 6c3c6da7-32c5-4321-a860-cdd0ae39be33: shutdown LeaderElection
2019-09-17 13:16:03,373 [2de42d1e-45de-4f1c-b9d9-c37b95a80a97@group-36B53022FF4E:LeaderElection7] INFO  impl.RoleInfo (RoleInfo.java:shutdownLeaderElection(134)) - 2de42d1e-45de-4f1c-b9d9-c37b95a80a97: shutdown LeaderElection
2019-09-17 13:16:03,374 [6c3c6da7-32c5-4321-a860-cdd0ae39be33@group-36B53022FF4E:LeaderElection8] INFO  impl.RoleInfo (RoleInfo.java:updateAndGet(143)) - 6c3c6da7-32c5-4321-a860-cdd0ae39be33: start FollowerState
2019-09-17 13:16:03,374 [c5ad2958-1e71-4305-8551-aa22f829f9b0@group-36B53022FF4E:LeaderElection6] INFO  impl.RoleInfo (RoleInfo.java:shutdownLeaderElection(134)) - c5ad2958-1e71-4305-8551-aa22f829f9b0: shutdown LeaderElection
2019-09-17 13:16:03,374 [2de42d1e-45de-4f1c-b9d9-c37b95a80a97@group-36B53022FF4E:LeaderElection7] INFO  impl.RoleInfo (RoleInfo.java:updateAndGet(143)) - 2de42d1e-45de-4f1c-b9d9-c37b95a80a97: start FollowerState
2019-09-17 13:16:03,374 [c5ad2958-1e71-4305-8551-aa22f829f9b0@group-36B53022FF4E:LeaderElection6] INFO  impl.RoleInfo (RoleInfo.java:updateAndGet(143)) - c5ad2958-1e71-4305-8551-aa22f829f9b0: start FollowerState
2019-09-17 13:16:03,481 [2de42d1e-45de-4f1c-b9d9-c37b95a80a97@group-A49D0F87C4FE-SegmentedRaftLogWorker] INFO  segmented.SegmentedRaftLogWorker (SegmentedRaftLogWorker.java:execute(569)) - 2de42d1e-45de-4f1c-b9d9-c37b95a80a97@group-A49D0F87C4FE-SegmentedRaftLogWorker: created new log segment /tmp/workdir/hadoop-ozone/tools/target/test-dir/MiniOzoneClusterImpl-f0fd4d7a-2cff-4230-aa30-c4e451fbf5d5/datanode-2/data/ratis/be58ee75-eebe-4636-90d5-a49d0f87c4fe/current/log_inprogress_0
2019-09-17 13:16:03,481 [6c3c6da7-32c5-4321-a860-cdd0ae39be33@group-9535A53750E7-SegmentedRaftLogWorker] INFO  segmented.SegmentedRaftLogWorker (SegmentedRaftLogWorker.java:execute(569)) - 6c3c6da7-32c5-4321-a860-cdd0ae39be33@group-9535A53750E7-SegmentedRaftLogWorker: created new log segment /tmp/workdir/hadoop-ozone/tools/target/test-dir/MiniOzoneClusterImpl-f0fd4d7a-2cff-4230-aa30-c4e451fbf5d5/datanode-4/data/ratis/a4935f18-24de-4467-b488-9535a53750e7/current/log_inprogress_0
2019-09-17 13:16:03,481 [ee26f971-09bc-425e-9e93-48f1ae9ac0f1@group-42982BD2713C-SegmentedRaftLogWorker] INFO  segmented.SegmentedRaftLogWorker (SegmentedRaftLogWorker.java:execute(569)) - ee26f971-09bc-425e-9e93-48f1ae9ac0f1@group-42982BD2713C-SegmentedRaftLogWorker: created new log segment /tmp/workdir/hadoop-ozone/tools/target/test-dir/MiniOzoneClusterImpl-f0fd4d7a-2cff-4230-aa30-c4e451fbf5d5/datanode-3/data/ratis/65d749f5-102a-4415-8d3a-42982bd2713c/current/log_inprogress_0
2019-09-17 13:16:03,481 [c272a19c-58f0-4f89-b8a3-99206c50c4db@group-F4346D4ACE6F-SegmentedRaftLogWorker] INFO  segmented.SegmentedRaftLogWorker (SegmentedRaftLogWorker.java:execute(569)) - c272a19c-58f0-4f89-b8a3-99206c50c4db@group-F4346D4ACE6F-SegmentedRaftLogWorker: created new log segment /tmp/workdir/hadoop-ozone/tools/target/test-dir/MiniOzoneClusterImpl-f0fd4d7a-2cff-4230-aa30-c4e451fbf5d5/datanode-1/data/ratis/b11d1723-cc5b-44b4-9a77-f4346d4ace6f/current/log_inprogress_0
2019-09-17 13:16:03,481 [c5ad2958-1e71-4305-8551-aa22f829f9b0@group-5D7F9946B59E-SegmentedRaftLogWorker] INFO  segmented.SegmentedRaftLogWorker (SegmentedRaftLogWorker.java:execute(569)) - c5ad2958-1e71-4305-8551-aa22f829f9b0@group-5D7F9946B59E-SegmentedRaftLogWorker: created new log segment /tmp/workdir/hadoop-ozone/tools/target/test-dir/MiniOzoneClusterImpl-f0fd4d7a-2cff-4230-aa30-c4e451fbf5d5/datanode-0/data/ratis/845707ff-8c88-4a60-b31b-5d7f9946b59e/current/log_inprogress_0
 0.00% |█                                                                                                    |  0/1 Time: 0:00:052019-09-17 13:16:03,723 [grpc-default-executor-2] INFO  client.GrpcClientProtocolClient (GrpcClientProtocolClient.java:onNext(264)) - client-D6A36A8B0482->6c3c6da7-32c5-4321-a860-cdd0ae39be33: receive RaftClientReply:client-D6A36A8B0482->6c3c6da7-32c5-4321-a860-cdd0ae39be33@group-36B53022FF4E, cid=8, FAILED org.apache.ratis.protocol.NotLeaderException: Server 6c3c6da7-32c5-4321-a860-cdd0ae39be33@group-36B53022FF4E is not the leader, logIndex=0, commits[6c3c6da7-32c5-4321-a860-cdd0ae39be33:c-1]
 0.00% |█                                                                                                    |  0/1 Time: 0:00:062019-09-17 13:16:04,773 [grpc-default-executor-2] INFO  client.GrpcClientProtocolClient (GrpcClientProtocolClient.java:onNext(264)) - client-D6A36A8B0482->c5ad2958-1e71-4305-8551-aa22f829f9b0: receive RaftClientReply:client-D6A36A8B0482->c5ad2958-1e71-4305-8551-aa22f829f9b0@group-36B53022FF4E, cid=8, FAILED org.apache.ratis.protocol.NotLeaderException: Server c5ad2958-1e71-4305-8551-aa22f829f9b0@group-36B53022FF4E is not the leader, logIndex=0, commits[c5ad2958-1e71-4305-8551-aa22f829f9b0:c-1]
 0.00% |█                                                                                                    |  0/1 Time: 0:00:072019-09-17 13:16:05,811 [grpc-default-executor-5] INFO  client.GrpcClientProtocolClient (GrpcClientProtocolClient.java:onNext(264)) - client-D6A36A8B0482->6c3c6da7-32c5-4321-a860-cdd0ae39be33: receive RaftClientReply:client-D6A36A8B0482->6c3c6da7-32c5-4321-a860-cdd0ae39be33@group-36B53022FF4E, cid=8, FAILED org.apache.ratis.protocol.NotLeaderException: Server 6c3c6da7-32c5-4321-a860-cdd0ae39be33@group-36B53022FF4E is not the leader, logIndex=0, commits[6c3c6da7-32c5-4321-a860-cdd0ae39be33:c-1]
 0.00% |█                                                                                                    |  0/1 Time: 0:00:082019-09-17 13:16:06,840 [grpc-default-executor-5] INFO  client.GrpcClientProtocolClient (GrpcClientProtocolClient.java:onNext(264)) - client-D6A36A8B0482->2de42d1e-45de-4f1c-b9d9-c37b95a80a97: receive RaftClientReply:client-D6A36A8B0482->2de42d1e-45de-4f1c-b9d9-c37b95a80a97@group-36B53022FF4E, cid=8, FAILED org.apache.ratis.protocol.NotLeaderException: Server 2de42d1e-45de-4f1c-b9d9-c37b95a80a97@group-36B53022FF4E is not the leader, logIndex=0, commits[2de42d1e-45de-4f1c-b9d9-c37b95a80a97:c-1]
 0.00% |█                                                                                                    |  0/1 Time: 0:00:092019-09-17 13:16:07,868 [grpc-default-executor-5] INFO  client.GrpcClientProtocolClient (GrpcClientProtocolClient.java:onNext(264)) - client-D6A36A8B0482->6c3c6da7-32c5-4321-a860-cdd0ae39be33: receive RaftClientReply:client-D6A36A8B0482->6c3c6da7-32c5-4321-a860-cdd0ae39be33@group-36B53022FF4E, cid=8, FAILED org.apache.ratis.protocol.NotLeaderException: Server 6c3c6da7-32c5-4321-a860-cdd0ae39be33@group-36B53022FF4E is not the leader, logIndex=0, commits[6c3c6da7-32c5-4321-a860-cdd0ae39be33:c-1]
2019-09-17 13:16:08,401 [Thread-270] INFO  impl.FollowerState (FollowerState.java:run(106)) - c5ad2958-1e71-4305-8551-aa22f829f9b0:group-36B53022FF4E changes to CANDIDATE, lastRpcTime:5026, electionTimeout:5023ms
2019-09-17 13:16:08,402 [Thread-270] INFO  impl.RoleInfo (RoleInfo.java:shutdownFollowerState(121)) - c5ad2958-1e71-4305-8551-aa22f829f9b0: shutdown FollowerState
2019-09-17 13:16:08,402 [Thread-270] INFO  impl.RaftServerImpl (RaftServerImpl.java:setRole(174)) - c5ad2958-1e71-4305-8551-aa22f829f9b0@group-36B53022FF4E: changes role from  FOLLOWER to CANDIDATE at term 1 for changeToCandidate
2019-09-17 13:16:08,402 [Thread-270] INFO  impl.RoleInfo (RoleInfo.java:updateAndGet(143)) - c5ad2958-1e71-4305-8551-aa22f829f9b0: start LeaderElection
2019-09-17 13:16:08,468 [Thread-268] INFO  impl.FollowerState (FollowerState.java:run(106)) - 6c3c6da7-32c5-4321-a860-cdd0ae39be33:group-36B53022FF4E changes to CANDIDATE, lastRpcTime:5093, electionTimeout:5092ms
2019-09-17 13:16:08,468 [Thread-268] INFO  impl.RoleInfo (RoleInfo.java:shutdownFollowerState(121)) - 6c3c6da7-32c5-4321-a860-cdd0ae39be33: shutdown FollowerState
2019-09-17 13:16:08,468 [Thread-268] INFO  impl.RaftServerImpl (RaftServerImpl.java:setRole(174)) - 6c3c6da7-32c5-4321-a860-cdd0ae39be33@group-36B53022FF4E: changes role from  FOLLOWER to CANDIDATE at term 1 for changeToCandidate
2019-09-17 13:16:08,468 [Thread-268] INFO  impl.RoleInfo (RoleInfo.java:updateAndGet(143)) - 6c3c6da7-32c5-4321-a860-cdd0ae39be33: start LeaderElection
2019-09-17 13:16:08,472 [Thread-269] INFO  impl.FollowerState (FollowerState.java:run(106)) - 2de42d1e-45de-4f1c-b9d9-c37b95a80a97:group-36B53022FF4E changes to CANDIDATE, lastRpcTime:5097, electionTimeout:5095ms
2019-09-17 13:16:08,472 [Thread-269] INFO  impl.RoleInfo (RoleInfo.java:shutdownFollowerState(121)) - 2de42d1e-45de-4f1c-b9d9-c37b95a80a97: shutdown FollowerState
2019-09-17 13:16:08,472 [Thread-269] INFO  impl.RaftServerImpl (RaftServerImpl.java:setRole(174)) - 2de42d1e-45de-4f1c-b9d9-c37b95a80a97@group-36B53022FF4E: changes role from  FOLLOWER to CANDIDATE at term 1 for changeToCandidate
2019-09-17 13:16:08,472 [Thread-269] INFO  impl.RoleInfo (RoleInfo.java:updateAndGet(143)) - 2de42d1e-45de-4f1c-b9d9-c37b95a80a97: start LeaderElection
 0.00% |█                                                                                                    |  0/1 Time: 0:00:102019-09-17 13:16:08,900 [grpc-default-executor-4] INFO  client.GrpcClientProtocolClient (GrpcClientProtocolClient.java:onNext(264)) - client-D6A36A8B0482->2de42d1e-45de-4f1c-b9d9-c37b95a80a97: receive RaftClientReply:client-D6A36A8B0482->2de42d1e-45de-4f1c-b9d9-c37b95a80a97@group-36B53022FF4E, cid=8, FAILED org.apache.ratis.protocol.NotLeaderException: Server 2de42d1e-45de-4f1c-b9d9-c37b95a80a97@group-36B53022FF4E is not the leader, logIndex=0, commits[2de42d1e-45de-4f1c-b9d9-c37b95a80a97:c-1]
 0.00% |█                                                                                                    |  0/1 Time: 0:00:112019-09-17 13:16:09,924 [2de42d1e-45de-4f1c-b9d9-c37b95a80a97@group-36B53022FF4E:LeaderElection11] INFO  impl.LeaderElection (LeaderElection.java:askForVotes(182)) - 2de42d1e-45de-4f1c-b9d9-c37b95a80a97@group-36B53022FF4E:LeaderElection11: begin an election at term 2 for -1: [6c3c6da7-32c5-4321-a860-cdd0ae39be33:192.168.5.153:36145, 2de42d1e-45de-4f1c-b9d9-c37b95a80a97:192.168.5.153:40988, c5ad2958-1e71-4305-8551-aa22f829f9b0:192.168.5.153:32904], old=null
2019-09-17 13:16:09,924 [c5ad2958-1e71-4305-8551-aa22f829f9b0@group-36B53022FF4E:LeaderElection9] INFO  impl.LeaderElection (LeaderElection.java:askForVotes(182)) - c5ad2958-1e71-4305-8551-aa22f829f9b0@group-36B53022FF4E:LeaderElection9: begin an election at term 2 for -1: [6c3c6da7-32c5-4321-a860-cdd0ae39be33:192.168.5.153:36145, 2de42d1e-45de-4f1c-b9d9-c37b95a80a97:192.168.5.153:40988, c5ad2958-1e71-4305-8551-aa22f829f9b0:192.168.5.153:32904], old=null
2019-09-17 13:16:09,924 [6c3c6da7-32c5-4321-a860-cdd0ae39be33@group-36B53022FF4E:LeaderElection10] INFO  impl.LeaderElection (LeaderElection.java:askForVotes(182)) - 6c3c6da7-32c5-4321-a860-cdd0ae39be33@group-36B53022FF4E:LeaderElection10: begin an election at term 2 for -1: [6c3c6da7-32c5-4321-a860-cdd0ae39be33:192.168.5.153:36145, 2de42d1e-45de-4f1c-b9d9-c37b95a80a97:192.168.5.153:40988, c5ad2958-1e71-4305-8551-aa22f829f9b0:192.168.5.153:32904], old=null
2019-09-17 13:16:09,935 [grpc-default-executor-5] INFO  client.GrpcClientProtocolClient (GrpcClientProtocolClient.java:onNext(264)) - client-D6A36A8B0482->c5ad2958-1e71-4305-8551-aa22f829f9b0: receive RaftClientReply:client-D6A36A8B0482->c5ad2958-1e71-4305-8551-aa22f829f9b0@group-36B53022FF4E, cid=8, FAILED org.apache.ratis.protocol.NotLeaderException: Server c5ad2958-1e71-4305-8551-aa22f829f9b0@group-36B53022FF4E is not the leader, logIndex=0, commits[c5ad2958-1e71-4305-8551-aa22f829f9b0:c-1]
2019-09-17 13:16:09,947 [6c3c6da7-32c5-4321-a860-cdd0ae39be33@group-36B53022FF4E:LeaderElection10] INFO  impl.LeaderElection (LeaderElection.java:logAndReturn(56)) - 6c3c6da7-32c5-4321-a860-cdd0ae39be33@group-36B53022FF4E:LeaderElection10: Election REJECTED; received 2 response(s) [6c3c6da7-32c5-4321-a860-cdd0ae39be33<-c5ad2958-1e71-4305-8551-aa22f829f9b0#0:FAIL-t2, 6c3c6da7-32c5-4321-a860-cdd0ae39be33<-2de42d1e-45de-4f1c-b9d9-c37b95a80a97#0:FAIL-t2] and 0 exception(s); 6c3c6da7-32c5-4321-a860-cdd0ae39be33@group-36B53022FF4E:t2, leader=null, voted=6c3c6da7-32c5-4321-a860-cdd0ae39be33, raftlog=6c3c6da7-32c5-4321-a860-cdd0ae39be33@group-36B53022FF4E-SegmentedRaftLog:OPENED:c-1,f-1,i0, conf=-1: [6c3c6da7-32c5-4321-a860-cdd0ae39be33:192.168.5.153:36145, 2de42d1e-45de-4f1c-b9d9-c37b95a80a97:192.168.5.153:40988, c5ad2958-1e71-4305-8551-aa22f829f9b0:192.168.5.153:32904], old=null
2019-09-17 13:16:09,947 [6c3c6da7-32c5-4321-a860-cdd0ae39be33@group-36B53022FF4E:LeaderElection10] INFO  impl.RaftServerImpl (RaftServerImpl.java:setRole(174)) - 6c3c6da7-32c5-4321-a860-cdd0ae39be33@group-36B53022FF4E: changes role from CANDIDATE to FOLLOWER at term 2 for DISCOVERED_A_NEW_TERM
2019-09-17 13:16:09,949 [6c3c6da7-32c5-4321-a860-cdd0ae39be33@group-36B53022FF4E:LeaderElection10] INFO  impl.RoleInfo (RoleInfo.java:shutdownLeaderElection(134)) - 6c3c6da7-32c5-4321-a860-cdd0ae39be33: shutdown LeaderElection
2019-09-17 13:16:09,949 [6c3c6da7-32c5-4321-a860-cdd0ae39be33@group-36B53022FF4E:LeaderElection10] INFO  impl.RoleInfo (RoleInfo.java:updateAndGet(143)) - 6c3c6da7-32c5-4321-a860-cdd0ae39be33: start FollowerState
2019-09-17 13:16:09,949 [2de42d1e-45de-4f1c-b9d9-c37b95a80a97@group-36B53022FF4E:LeaderElection11] INFO  impl.LeaderElection (LeaderElection.java:logAndReturn(56)) - 2de42d1e-45de-4f1c-b9d9-c37b95a80a97@group-36B53022FF4E:LeaderElection11: Election REJECTED; received 2 response(s) [2de42d1e-45de-4f1c-b9d9-c37b95a80a97<-6c3c6da7-32c5-4321-a860-cdd0ae39be33#0:FAIL-t2, 2de42d1e-45de-4f1c-b9d9-c37b95a80a97<-c5ad2958-1e71-4305-8551-aa22f829f9b0#0:FAIL-t2] and 0 exception(s); 2de42d1e-45de-4f1c-b9d9-c37b95a80a97@group-36B53022FF4E:t2, leader=null, voted=2de42d1e-45de-4f1c-b9d9-c37b95a80a97, raftlog=2de42d1e-45de-4f1c-b9d9-c37b95a80a97@group-36B53022FF4E-SegmentedRaftLog:OPENED:c-1,f-1,i0, conf=-1: [6c3c6da7-32c5-4321-a860-cdd0ae39be33:192.168.5.153:36145, 2de42d1e-45de-4f1c-b9d9-c37b95a80a97:192.168.5.153:40988, c5ad2958-1e71-4305-8551-aa22f829f9b0:192.168.5.153:32904], old=null
2019-09-17 13:16:09,950 [2de42d1e-45de-4f1c-b9d9-c37b95a80a97@group-36B53022FF4E:LeaderElection11] INFO  impl.RaftServerImpl (RaftServerImpl.java:setRole(174)) - 2de42d1e-45de-4f1c-b9d9-c37b95a80a97@group-36B53022FF4E: changes role from CANDIDATE to FOLLOWER at term 2 for DISCOVERED_A_NEW_TERM
2019-09-17 13:16:09,951 [2de42d1e-45de-4f1c-b9d9-c37b95a80a97@group-36B53022FF4E:LeaderElection11] INFO  impl.RoleInfo (RoleInfo.java:shutdownLeaderElection(134)) - 2de42d1e-45de-4f1c-b9d9-c37b95a80a97: shutdown LeaderElection
2019-09-17 13:16:09,953 [2de42d1e-45de-4f1c-b9d9-c37b95a80a97@group-36B53022FF4E:LeaderElection11] INFO  impl.RoleInfo (RoleInfo.java:updateAndGet(143)) - 2de42d1e-45de-4f1c-b9d9-c37b95a80a97: start FollowerState
2019-09-17 13:16:09,955 [c5ad2958-1e71-4305-8551-aa22f829f9b0@group-36B53022FF4E:LeaderElection9] INFO  impl.LeaderElection (LeaderElection.java:logAndReturn(56)) - c5ad2958-1e71-4305-8551-aa22f829f9b0@group-36B53022FF4E:LeaderElection9: Election REJECTED; received 2 response(s) [c5ad2958-1e71-4305-8551-aa22f829f9b0<-6c3c6da7-32c5-4321-a860-cdd0ae39be33#0:FAIL-t2, c5ad2958-1e71-4305-8551-aa22f829f9b0<-2de42d1e-45de-4f1c-b9d9-c37b95a80a97#0:FAIL-t2] and 0 exception(s); c5ad2958-1e71-4305-8551-aa22f829f9b0@group-36B53022FF4E:t2, leader=null, voted=c5ad2958-1e71-4305-8551-aa22f829f9b0, raftlog=c5ad2958-1e71-4305-8551-aa22f829f9b0@group-36B53022FF4E-SegmentedRaftLog:OPENED:c-1,f-1,i0, conf=-1: [6c3c6da7-32c5-4321-a860-cdd0ae39be33:192.168.5.153:36145, 2de42d1e-45de-4f1c-b9d9-c37b95a80a97:192.168.5.153:40988, c5ad2958-1e71-4305-8551-aa22f829f9b0:192.168.5.153:32904], old=null
2019-09-17 13:16:09,956 [c5ad2958-1e71-4305-8551-aa22f829f9b0@group-36B53022FF4E:LeaderElection9] INFO  impl.RaftServerImpl (RaftServerImpl.java:setRole(174)) - c5ad2958-1e71-4305-8551-aa22f829f9b0@group-36B53022FF4E: changes role from CANDIDATE to FOLLOWER at term 2 for DISCOVERED_A_NEW_TERM
2019-09-17 13:16:09,956 [c5ad2958-1e71-4305-8551-aa22f829f9b0@group-36B53022FF4E:LeaderElection9] INFO  impl.RoleInfo (RoleInfo.java:shutdownLeaderElection(134)) - c5ad2958-1e71-4305-8551-aa22f829f9b0: shutdown LeaderElection
2019-09-17 13:16:09,958 [c5ad2958-1e71-4305-8551-aa22f829f9b0@group-36B53022FF4E:LeaderElection9] INFO  impl.RoleInfo (RoleInfo.java:updateAndGet(143)) - c5ad2958-1e71-4305-8551-aa22f829f9b0: start FollowerState
 0.00% |█                                                                                                    |  0/1 Time: 0:00:122019-09-17 13:16:10,961 [grpc-default-executor-1] INFO  client.GrpcClientProtocolClient (GrpcClientProtocolClient.java:onNext(264)) - client-D6A36A8B0482->6c3c6da7-32c5-4321-a860-cdd0ae39be33: receive RaftClientReply:client-D6A36A8B0482->6c3c6da7-32c5-4321-a860-cdd0ae39be33@group-36B53022FF4E, cid=8, FAILED org.apache.ratis.protocol.NotLeaderException: Server 6c3c6da7-32c5-4321-a860-cdd0ae39be33@group-36B53022FF4E is not the leader, logIndex=0, commits[6c3c6da7-32c5-4321-a860-cdd0ae39be33:c-1]
 0.00% |█                                                                                                    |  0/1 Time: 0:00:132019-09-17 13:16:11,989 [grpc-default-executor-1] INFO  client.GrpcClientProtocolClient (GrpcClientProtocolClient.java:onNext(264)) - client-D6A36A8B0482->2de42d1e-45de-4f1c-b9d9-c37b95a80a97: receive RaftClientReply:client-D6A36A8B0482->2de42d1e-45de-4f1c-b9d9-c37b95a80a97@group-36B53022FF4E, cid=8, FAILED org.apache.ratis.protocol.NotLeaderException: Server 2de42d1e-45de-4f1c-b9d9-c37b95a80a97@group-36B53022FF4E is not the leader, logIndex=0, commits[2de42d1e-45de-4f1c-b9d9-c37b95a80a97:c-1]
 0.00% |█                                                                                                    |  0/1 Time: 0:00:142019-09-17 13:16:13,019 [grpc-default-executor-1] INFO  client.GrpcClientProtocolClient (GrpcClientProtocolClient.java:onNext(264)) - client-D6A36A8B0482->6c3c6da7-32c5-4321-a860-cdd0ae39be33: receive RaftClientReply:client-D6A36A8B0482->6c3c6da7-32c5-4321-a860-cdd0ae39be33@group-36B53022FF4E, cid=8, FAILED org.apache.ratis.protocol.NotLeaderException: Server 6c3c6da7-32c5-4321-a860-cdd0ae39be33@group-36B53022FF4E is not the leader, logIndex=0, commits[6c3c6da7-32c5-4321-a860-cdd0ae39be33:c-1]
 0.00% |█                                                                                                    |  0/1 Time: 0:00:152019-09-17 13:16:14,044 [grpc-default-executor-3] INFO  client.GrpcClientProtocolClient (GrpcClientProtocolClient.java:onNext(264)) - client-D6A36A8B0482->c5ad2958-1e71-4305-8551-aa22f829f9b0: receive RaftClientReply:client-D6A36A8B0482->c5ad2958-1e71-4305-8551-aa22f829f9b0@group-36B53022FF4E, cid=8, FAILED org.apache.ratis.protocol.NotLeaderException: Server c5ad2958-1e71-4305-8551-aa22f829f9b0@group-36B53022FF4E is not the leader, logIndex=0, commits[c5ad2958-1e71-4305-8551-aa22f829f9b0:c-1]
 0.00% |█                                                                                                    |  0/1 Time: 0:00:162019-09-17 13:16:14,980 [Thread-296] INFO  impl.FollowerState (FollowerState.java:run(106)) - c5ad2958-1e71-4305-8551-aa22f829f9b0:group-36B53022FF4E changes to CANDIDATE, lastRpcTime:5022, electionTimeout:5021ms
2019-09-17 13:16:14,980 [Thread-296] INFO  impl.RoleInfo (RoleInfo.java:shutdownFollowerState(121)) - c5ad2958-1e71-4305-8551-aa22f829f9b0: shutdown FollowerState
2019-09-17 13:16:14,981 [Thread-296] INFO  impl.RaftServerImpl (RaftServerImpl.java:setRole(174)) - c5ad2958-1e71-4305-8551-aa22f829f9b0@group-36B53022FF4E: changes role from  FOLLOWER to CANDIDATE at term 2 for changeToCandidate
2019-09-17 13:16:14,981 [Thread-296] INFO  impl.RoleInfo (RoleInfo.java:updateAndGet(143)) - c5ad2958-1e71-4305-8551-aa22f829f9b0: start LeaderElection
2019-09-17 13:16:15,046 [Thread-295] INFO  impl.FollowerState (FollowerState.java:run(106)) - 2de42d1e-45de-4f1c-b9d9-c37b95a80a97:group-36B53022FF4E changes to CANDIDATE, lastRpcTime:5092, electionTimeout:5091ms
2019-09-17 13:16:15,046 [Thread-295] INFO  impl.RoleInfo (RoleInfo.java:shutdownFollowerState(121)) - 2de42d1e-45de-4f1c-b9d9-c37b95a80a97: shutdown FollowerState
2019-09-17 13:16:15,046 [Thread-295] INFO  impl.RaftServerImpl (RaftServerImpl.java:setRole(174)) - 2de42d1e-45de-4f1c-b9d9-c37b95a80a97@group-36B53022FF4E: changes role from  FOLLOWER to CANDIDATE at term 2 for changeToCandidate
2019-09-17 13:16:15,046 [Thread-295] INFO  impl.RoleInfo (RoleInfo.java:updateAndGet(143)) - 2de42d1e-45de-4f1c-b9d9-c37b95a80a97: start LeaderElection
2019-09-17 13:16:15,057 [c5ad2958-1e71-4305-8551-aa22f829f9b0@group-36B53022FF4E:LeaderElection12] INFO  impl.LeaderElection (LeaderElection.java:askForVotes(182)) - c5ad2958-1e71-4305-8551-aa22f829f9b0@group-36B53022FF4E:LeaderElection12: begin an election at term 3 for -1: [6c3c6da7-32c5-4321-a860-cdd0ae39be33:192.168.5.153:36145, 2de42d1e-45de-4f1c-b9d9-c37b95a80a97:192.168.5.153:40988, c5ad2958-1e71-4305-8551-aa22f829f9b0:192.168.5.153:32904], old=null
2019-09-17 13:16:15,063 [grpc-default-executor-3] INFO  impl.RaftServerImpl (RaftServerImpl.java:setRole(174)) - 6c3c6da7-32c5-4321-a860-cdd0ae39be33@group-36B53022FF4E: changes role from  FOLLOWER to FOLLOWER at term 3 for recognizeCandidate:c5ad2958-1e71-4305-8551-aa22f829f9b0
2019-09-17 13:16:15,065 [grpc-default-executor-3] INFO  impl.RoleInfo (RoleInfo.java:shutdownFollowerState(121)) - 6c3c6da7-32c5-4321-a860-cdd0ae39be33: shutdown FollowerState
2019-09-17 13:16:15,066 [grpc-default-executor-3] INFO  impl.RoleInfo (RoleInfo.java:updateAndGet(143)) - 6c3c6da7-32c5-4321-a860-cdd0ae39be33: start FollowerState
2019-09-17 13:16:15,066 [Thread-294] INFO  impl.FollowerState (FollowerState.java:run(115)) - 6c3c6da7-32c5-4321-a860-cdd0ae39be33: FollowerState was interrupted: java.lang.InterruptedException: sleep interrupted
2019-09-17 13:16:15,068 [grpc-default-executor-1] INFO  client.GrpcClientProtocolClient (GrpcClientProtocolClient.java:onNext(264)) - client-D6A36A8B0482->2de42d1e-45de-4f1c-b9d9-c37b95a80a97: receive RaftClientReply:client-D6A36A8B0482->2de42d1e-45de-4f1c-b9d9-c37b95a80a97@group-36B53022FF4E, cid=8, FAILED org.apache.ratis.protocol.NotLeaderException: Server 2de42d1e-45de-4f1c-b9d9-c37b95a80a97@group-36B53022FF4E is not the leader, logIndex=0, commits[2de42d1e-45de-4f1c-b9d9-c37b95a80a97:c-1]
2019-09-17 13:16:15,124 [2de42d1e-45de-4f1c-b9d9-c37b95a80a97@group-36B53022FF4E:LeaderElection13] INFO  impl.LeaderElection (LeaderElection.java:askForVotes(182)) - 2de42d1e-45de-4f1c-b9d9-c37b95a80a97@group-36B53022FF4E:LeaderElection13: begin an election at term 3 for -1: [6c3c6da7-32c5-4321-a860-cdd0ae39be33:192.168.5.153:36145, 2de42d1e-45de-4f1c-b9d9-c37b95a80a97:192.168.5.153:40988, c5ad2958-1e71-4305-8551-aa22f829f9b0:192.168.5.153:32904], old=null
2019-09-17 13:16:15,126 [c5ad2958-1e71-4305-8551-aa22f829f9b0@group-36B53022FF4E:LeaderElection12] INFO  impl.LeaderElection (LeaderElection.java:logAndReturn(56)) - c5ad2958-1e71-4305-8551-aa22f829f9b0@group-36B53022FF4E:LeaderElection12: Election PASSED; received 1 response(s) [c5ad2958-1e71-4305-8551-aa22f829f9b0<-6c3c6da7-32c5-4321-a860-cdd0ae39be33#0:OK-t3] and 0 exception(s); c5ad2958-1e71-4305-8551-aa22f829f9b0@group-36B53022FF4E:t3, leader=null, voted=c5ad2958-1e71-4305-8551-aa22f829f9b0, raftlog=c5ad2958-1e71-4305-8551-aa22f829f9b0@group-36B53022FF4E-SegmentedRaftLog:OPENED:c-1,f-1,i0, conf=-1: [6c3c6da7-32c5-4321-a860-cdd0ae39be33:192.168.5.153:36145, 2de42d1e-45de-4f1c-b9d9-c37b95a80a97:192.168.5.153:40988, c5ad2958-1e71-4305-8551-aa22f829f9b0:192.168.5.153:32904], old=null
2019-09-17 13:16:15,126 [c5ad2958-1e71-4305-8551-aa22f829f9b0@group-36B53022FF4E:LeaderElection12] INFO  impl.RoleInfo (RoleInfo.java:shutdownLeaderElection(134)) - c5ad2958-1e71-4305-8551-aa22f829f9b0: shutdown LeaderElection
2019-09-17 13:16:15,134 [c5ad2958-1e71-4305-8551-aa22f829f9b0@group-36B53022FF4E:LeaderElection12] INFO  impl.RaftServerImpl (RaftServerImpl.java:setRole(174)) - c5ad2958-1e71-4305-8551-aa22f829f9b0@group-36B53022FF4E: changes role from CANDIDATE to LEADER at term 3 for changeToLeader
2019-09-17 13:16:15,134 [c5ad2958-1e71-4305-8551-aa22f829f9b0@group-36B53022FF4E:LeaderElection12] INFO  impl.RaftServerImpl (ServerState.java:setLeader(253)) - c5ad2958-1e71-4305-8551-aa22f829f9b0@group-36B53022FF4E: change Leader from null to c5ad2958-1e71-4305-8551-aa22f829f9b0 at term 3 for becomeLeader, leader elected after 17035ms
2019-09-17 13:16:15,135 [c5ad2958-1e71-4305-8551-aa22f829f9b0@group-36B53022FF4E:LeaderElection12] INFO  server.RaftServerConfigKeys (ConfUtils.java:logGet(43)) - raft.server.staging.catchup.gap = 1000 (default)
2019-09-17 13:16:15,138 [c5ad2958-1e71-4305-8551-aa22f829f9b0@group-36B53022FF4E:LeaderElection12] INFO  server.RaftServerConfigKeys (ConfUtils.java:logGet(43)) - raft.server.rpc.sleep.time = 25ms (default)
2019-09-17 13:16:15,139 [c5ad2958-1e71-4305-8551-aa22f829f9b0@group-36B53022FF4E:LeaderElection12] INFO  server.RaftServerConfigKeys (ConfUtils.java:logGet(43)) - raft.server.write.element-limit = 4096 (default)
2019-09-17 13:16:15,139 [c5ad2958-1e71-4305-8551-aa22f829f9b0@group-36B53022FF4E:LeaderElection12] INFO  server.RaftServerConfigKeys (ConfUtils.java:logGet(43)) - raft.server.watch.timeout = 10s (default)
2019-09-17 13:16:15,139 [c5ad2958-1e71-4305-8551-aa22f829f9b0@group-36B53022FF4E:LeaderElection12] INFO  server.RaftServerConfigKeys (ConfUtils.java:logGet(43)) - raft.server.watch.timeout.denomination = 1s (default)
2019-09-17 13:16:15,140 [c5ad2958-1e71-4305-8551-aa22f829f9b0@group-36B53022FF4E:LeaderElection12] INFO  server.RaftServerConfigKeys (ConfUtils.java:logGet(43)) - raft.server.watch.element-limit = 65536 (default)
2019-09-17 13:16:15,151 [c5ad2958-1e71-4305-8551-aa22f829f9b0@group-36B53022FF4E:LeaderElection12] INFO  server.RaftServerConfigKeys (ConfUtils.java:logGet(43)) - raft.server.log.appender.snapshot.chunk.size.max = 16MB (=16777216) (default)
2019-09-17 13:16:15,151 [c5ad2958-1e71-4305-8551-aa22f829f9b0@group-36B53022FF4E:LeaderElection12] INFO  server.RaftServerConfigKeys (ConfUtils.java:logGet(43)) - raft.server.log.appender.buffer.byte-limit = 33554432 (custom)
2019-09-17 13:16:15,152 [c5ad2958-1e71-4305-8551-aa22f829f9b0@group-36B53022FF4E:LeaderElection12] INFO  server.RaftServerConfigKeys (ConfUtils.java:logGet(43)) - raft.server.log.appender.buffer.element-limit = 1 (custom)
2019-09-17 13:16:15,159 [c5ad2958-1e71-4305-8551-aa22f829f9b0@group-36B53022FF4E:LeaderElection12] INFO  grpc.GrpcConfigKeys$Server (ConfUtils.java:logGet(43)) - raft.grpc.server.leader.outstanding.appends.max = 128 (default)
2019-09-17 13:16:15,159 [c5ad2958-1e71-4305-8551-aa22f829f9b0@group-36B53022FF4E:LeaderElection12] INFO  server.RaftServerConfigKeys (ConfUtils.java:logGet(43)) - raft.server.rpc.request.timeout = 3000ms (default)
2019-09-17 13:16:15,160 [c5ad2958-1e71-4305-8551-aa22f829f9b0@group-36B53022FF4E:LeaderElection12] INFO  server.RaftServerConfigKeys (ConfUtils.java:logGet(43)) - raft.server.log.appender.install.snapshot.enabled = false (custom)
2019-09-17 13:16:15,161 [c5ad2958-1e71-4305-8551-aa22f829f9b0@group-36B53022FF4E:LeaderElection12] INFO  server.RaftServerConfigKeys (ConfUtils.java:logGet(43)) - raft.server.log.appender.snapshot.chunk.size.max = 16MB (=16777216) (default)
2019-09-17 13:16:15,162 [c5ad2958-1e71-4305-8551-aa22f829f9b0@group-36B53022FF4E:LeaderElection12] INFO  server.RaftServerConfigKeys (ConfUtils.java:logGet(43)) - raft.server.log.appender.buffer.byte-limit = 33554432 (custom)
2019-09-17 13:16:15,162 [c5ad2958-1e71-4305-8551-aa22f829f9b0@group-36B53022FF4E:LeaderElection12] INFO  server.RaftServerConfigKeys (ConfUtils.java:logGet(43)) - raft.server.log.appender.buffer.element-limit = 1 (custom)
2019-09-17 13:16:15,162 [c5ad2958-1e71-4305-8551-aa22f829f9b0@group-36B53022FF4E:LeaderElection12] INFO  grpc.GrpcConfigKeys$Server (ConfUtils.java:logGet(43)) - raft.grpc.server.leader.outstanding.appends.max = 128 (default)
2019-09-17 13:16:15,163 [c5ad2958-1e71-4305-8551-aa22f829f9b0@group-36B53022FF4E:LeaderElection12] INFO  server.RaftServerConfigKeys (ConfUtils.java:logGet(43)) - raft.server.rpc.request.timeout = 3000ms (default)
2019-09-17 13:16:15,163 [c5ad2958-1e71-4305-8551-aa22f829f9b0@group-36B53022FF4E:LeaderElection12] INFO  server.RaftServerConfigKeys (ConfUtils.java:logGet(43)) - raft.server.log.appender.install.snapshot.enabled = false (custom)
2019-09-17 13:16:15,165 [c5ad2958-1e71-4305-8551-aa22f829f9b0@group-36B53022FF4E:LeaderElection12] INFO  impl.RoleInfo (RoleInfo.java:updateAndGet(143)) - c5ad2958-1e71-4305-8551-aa22f829f9b0: start LeaderState
2019-09-17 13:16:15,165 [c5ad2958-1e71-4305-8551-aa22f829f9b0@group-36B53022FF4E:LeaderElection12] INFO  segmented.SegmentedRaftLogWorker (SegmentedRaftLogWorker.java:startLogSegment(380)) - c5ad2958-1e71-4305-8551-aa22f829f9b0@group-36B53022FF4E-SegmentedRaftLogWorker: Starting segment from index:0
2019-09-17 13:16:15,166 [c5ad2958-1e71-4305-8551-aa22f829f9b0@group-36B53022FF4E:LeaderElection12] INFO  impl.RaftServerImpl (ServerState.java:setRaftConf(354)) - c5ad2958-1e71-4305-8551-aa22f829f9b0@group-36B53022FF4E: set configuration 0: [6c3c6da7-32c5-4321-a860-cdd0ae39be33:192.168.5.153:36145, 2de42d1e-45de-4f1c-b9d9-c37b95a80a97:192.168.5.153:40988, c5ad2958-1e71-4305-8551-aa22f829f9b0:192.168.5.153:32904], old=null at 0
2019-09-17 13:16:15,166 [grpc-default-executor-5] INFO  impl.RaftServerImpl (RaftServerImpl.java:requestVote(758)) - c5ad2958-1e71-4305-8551-aa22f829f9b0@group-36B53022FF4E-   LEADER: Withhold vote from candidate 2de42d1e-45de-4f1c-b9d9-c37b95a80a97 with term 3. State: leader=c5ad2958-1e71-4305-8551-aa22f829f9b0, term=3, lastRpcElapsed=null
2019-09-17 13:16:15,199 [2de42d1e-45de-4f1c-b9d9-c37b95a80a97@group-36B53022FF4E:LeaderElection13] INFO  impl.LeaderElection (LeaderElection.java:logAndReturn(56)) - 2de42d1e-45de-4f1c-b9d9-c37b95a80a97@group-36B53022FF4E:LeaderElection13: Election REJECTED; received 2 response(s) [2de42d1e-45de-4f1c-b9d9-c37b95a80a97<-6c3c6da7-32c5-4321-a860-cdd0ae39be33#0:FAIL-t3, 2de42d1e-45de-4f1c-b9d9-c37b95a80a97<-c5ad2958-1e71-4305-8551-aa22f829f9b0#0:FAIL-t3] and 0 exception(s); 2de42d1e-45de-4f1c-b9d9-c37b95a80a97@group-36B53022FF4E:t3, leader=null, voted=2de42d1e-45de-4f1c-b9d9-c37b95a80a97, raftlog=2de42d1e-45de-4f1c-b9d9-c37b95a80a97@group-36B53022FF4E-SegmentedRaftLog:OPENED:c-1,f-1,i0, conf=-1: [6c3c6da7-32c5-4321-a860-cdd0ae39be33:192.168.5.153:36145, 2de42d1e-45de-4f1c-b9d9-c37b95a80a97:192.168.5.153:40988, c5ad2958-1e71-4305-8551-aa22f829f9b0:192.168.5.153:32904], old=null
2019-09-17 13:16:15,199 [2de42d1e-45de-4f1c-b9d9-c37b95a80a97@group-36B53022FF4E:LeaderElection13] INFO  impl.RaftServerImpl (RaftServerImpl.java:setRole(174)) - 2de42d1e-45de-4f1c-b9d9-c37b95a80a97@group-36B53022FF4E: changes role from CANDIDATE to FOLLOWER at term 3 for DISCOVERED_A_NEW_TERM
2019-09-17 13:16:15,199 [2de42d1e-45de-4f1c-b9d9-c37b95a80a97@group-36B53022FF4E:LeaderElection13] INFO  impl.RoleInfo (RoleInfo.java:shutdownLeaderElection(134)) - 2de42d1e-45de-4f1c-b9d9-c37b95a80a97: shutdown LeaderElection
2019-09-17 13:16:15,199 [2de42d1e-45de-4f1c-b9d9-c37b95a80a97@group-36B53022FF4E:LeaderElection13] INFO  impl.RoleInfo (RoleInfo.java:updateAndGet(143)) - 2de42d1e-45de-4f1c-b9d9-c37b95a80a97: start FollowerState
2019-09-17 13:16:15,219 [grpc-default-executor-5] INFO  impl.RaftServerImpl (ServerState.java:setLeader(253)) - 6c3c6da7-32c5-4321-a860-cdd0ae39be33@group-36B53022FF4E: change Leader from null to c5ad2958-1e71-4305-8551-aa22f829f9b0 at term 3 for appendEntries, leader elected after 17119ms
2019-09-17 13:16:15,219 [grpc-default-executor-3] INFO  impl.RaftServerImpl (ServerState.java:setLeader(253)) - 2de42d1e-45de-4f1c-b9d9-c37b95a80a97@group-36B53022FF4E: change Leader from null to c5ad2958-1e71-4305-8551-aa22f829f9b0 at term 3 for appendEntries, leader elected after 17119ms
2019-09-17 13:16:15,249 [grpc-default-executor-3] INFO  impl.RaftServerImpl (ServerState.java:setRaftConf(354)) - 2de42d1e-45de-4f1c-b9d9-c37b95a80a97@group-36B53022FF4E: set configuration 0: [6c3c6da7-32c5-4321-a860-cdd0ae39be33:192.168.5.153:36145, 2de42d1e-45de-4f1c-b9d9-c37b95a80a97:192.168.5.153:40988, c5ad2958-1e71-4305-8551-aa22f829f9b0:192.168.5.153:32904], old=null at 0
2019-09-17 13:16:15,249 [grpc-default-executor-5] INFO  impl.RaftServerImpl (ServerState.java:setRaftConf(354)) - 6c3c6da7-32c5-4321-a860-cdd0ae39be33@group-36B53022FF4E: set configuration 0: [6c3c6da7-32c5-4321-a860-cdd0ae39be33:192.168.5.153:36145, 2de42d1e-45de-4f1c-b9d9-c37b95a80a97:192.168.5.153:40988, c5ad2958-1e71-4305-8551-aa22f829f9b0:192.168.5.153:32904], old=null at 0
2019-09-17 13:16:15,250 [grpc-default-executor-3] INFO  segmented.SegmentedRaftLogWorker (SegmentedRaftLogWorker.java:startLogSegment(380)) - 2de42d1e-45de-4f1c-b9d9-c37b95a80a97@group-36B53022FF4E-SegmentedRaftLogWorker: Starting segment from index:0
2019-09-17 13:16:15,250 [grpc-default-executor-5] INFO  segmented.SegmentedRaftLogWorker (SegmentedRaftLogWorker.java:startLogSegment(380)) - 6c3c6da7-32c5-4321-a860-cdd0ae39be33@group-36B53022FF4E-SegmentedRaftLogWorker: Starting segment from index:0
2019-09-17 13:16:15,336 [c5ad2958-1e71-4305-8551-aa22f829f9b0@group-36B53022FF4E-SegmentedRaftLogWorker] INFO  segmented.SegmentedRaftLogWorker (SegmentedRaftLogWorker.java:execute(569)) - c5ad2958-1e71-4305-8551-aa22f829f9b0@group-36B53022FF4E-SegmentedRaftLogWorker: created new log segment /tmp/workdir/hadoop-ozone/tools/target/test-dir/MiniOzoneClusterImpl-f0fd4d7a-2cff-4230-aa30-c4e451fbf5d5/datanode-0/data/ratis/b75cb183-17d1-419a-aaf4-36b53022ff4e/current/log_inprogress_0
2019-09-17 13:16:15,336 [2de42d1e-45de-4f1c-b9d9-c37b95a80a97@group-36B53022FF4E-SegmentedRaftLogWorker] INFO  segmented.SegmentedRaftLogWorker (SegmentedRaftLogWorker.java:execute(569)) - 2de42d1e-45de-4f1c-b9d9-c37b95a80a97@group-36B53022FF4E-SegmentedRaftLogWorker: created new log segment /tmp/workdir/hadoop-ozone/tools/target/test-dir/MiniOzoneClusterImpl-f0fd4d7a-2cff-4230-aa30-c4e451fbf5d5/datanode-2/data/ratis/b75cb183-17d1-419a-aaf4-36b53022ff4e/current/log_inprogress_0
2019-09-17 13:16:15,336 [6c3c6da7-32c5-4321-a860-cdd0ae39be33@group-36B53022FF4E-SegmentedRaftLogWorker] INFO  segmented.SegmentedRaftLogWorker (SegmentedRaftLogWorker.java:execute(569)) - 6c3c6da7-32c5-4321-a860-cdd0ae39be33@group-36B53022FF4E-SegmentedRaftLogWorker: created new log segment /tmp/workdir/hadoop-ozone/tools/target/test-dir/MiniOzoneClusterImpl-f0fd4d7a-2cff-4230-aa30-c4e451fbf5d5/datanode-4/data/ratis/b75cb183-17d1-419a-aaf4-36b53022ff4e/current/log_inprogress_0
 0.00% |█                                                                                                    |  0/1 Time: 0:00:17 0.00% |█                                                                                                    |  0/1 Time: 0:00:182019-09-17 13:16:17,573 [grpc-default-executor-5] INFO  client.GrpcClientProtocolClient (GrpcClientProtocolClient.java:onNext(264)) - client-D6A36A8B0482->c5ad2958-1e71-4305-8551-aa22f829f9b0: receive RaftClientReply:client-D6A36A8B0482->c5ad2958-1e71-4305-8551-aa22f829f9b0@group-36B53022FF4E, cid=8, SUCCESS, logIndex=1, commits[c5ad2958-1e71-4305-8551-aa22f829f9b0:c1, 6c3c6da7-32c5-4321-a860-cdd0ae39be33:c-1, 2de42d1e-45de-4f1c-b9d9-c37b95a80a97:c0]
 0.00% |█                                                                                                    |  0/1 Time: 0:00:192019-09-17 13:16:17,899 [grpc-default-executor-1] INFO  client.GrpcClientProtocolClient (GrpcClientProtocolClient.java:onNext(264)) - client-D6A36A8B0482->c5ad2958-1e71-4305-8551-aa22f829f9b0: receive RaftClientReply:client-D6A36A8B0482->c5ad2958-1e71-4305-8551-aa22f829f9b0@group-36B53022FF4E, cid=9, SUCCESS, logIndex=3, commits[c5ad2958-1e71-4305-8551-aa22f829f9b0:c7, 6c3c6da7-32c5-4321-a860-cdd0ae39be33:c3, 2de42d1e-45de-4f1c-b9d9-c37b95a80a97:c4]
2019-09-17 13:16:17,902 [grpc-default-executor-1] INFO  client.GrpcClientProtocolClient (GrpcClientProtocolClient.java:onNext(264)) - client-D6A36A8B0482->c5ad2958-1e71-4305-8551-aa22f829f9b0: receive RaftClientReply:client-D6A36A8B0482->c5ad2958-1e71-4305-8551-aa22f829f9b0@group-36B53022FF4E, cid=10, SUCCESS, logIndex=4, commits[c5ad2958-1e71-4305-8551-aa22f829f9b0:c7, 6c3c6da7-32c5-4321-a860-cdd0ae39be33:c3, 2de42d1e-45de-4f1c-b9d9-c37b95a80a97:c4]
2019-09-17 13:16:18,290 [grpc-default-executor-1] INFO  client.GrpcClientProtocolClient (GrpcClientProtocolClient.java:onNext(264)) - client-D6A36A8B0482->c5ad2958-1e71-4305-8551-aa22f829f9b0: receive RaftClientReply:client-D6A36A8B0482->c5ad2958-1e71-4305-8551-aa22f829f9b0@group-36B53022FF4E, cid=11, SUCCESS, logIndex=5, commits[c5ad2958-1e71-4305-8551-aa22f829f9b0:c8, 6c3c6da7-32c5-4321-a860-cdd0ae39be33:c5, 2de42d1e-45de-4f1c-b9d9-c37b95a80a97:c5]
2019-09-17 13:16:18,526 [grpc-default-executor-5] INFO  client.GrpcClientProtocolClient (GrpcClientProtocolClient.java:onNext(264)) - client-D6A36A8B0482->c5ad2958-1e71-4305-8551-aa22f829f9b0: receive RaftClientReply:client-D6A36A8B0482->c5ad2958-1e71-4305-8551-aa22f829f9b0@group-36B53022FF4E, cid=12, SUCCESS, logIndex=9, commits[c5ad2958-1e71-4305-8551-aa22f829f9b0:c10, 6c3c6da7-32c5-4321-a860-cdd0ae39be33:c8, 2de42d1e-45de-4f1c-b9d9-c37b95a80a97:c8]
2019-09-17 13:16:18,528 [grpc-default-executor-5] INFO  client.GrpcClientProtocolClient (GrpcClientProtocolClient.java:onNext(264)) - client-D6A36A8B0482->c5ad2958-1e71-4305-8551-aa22f829f9b0: receive RaftClientReply:client-D6A36A8B0482->c5ad2958-1e71-4305-8551-aa22f829f9b0@group-36B53022FF4E, cid=13, SUCCESS, logIndex=10, commits[c5ad2958-1e71-4305-8551-aa22f829f9b0:c10, 6c3c6da7-32c5-4321-a860-cdd0ae39be33:c8, 2de42d1e-45de-4f1c-b9d9-c37b95a80a97:c8]
2019-09-17 13:16:18,576 [grpc-default-executor-5] INFO  client.GrpcClientProtocolClient (GrpcClientProtocolClient.java:onNext(264)) - client-D6A36A8B0482->c5ad2958-1e71-4305-8551-aa22f829f9b0: receive RaftClientReply:client-D6A36A8B0482->c5ad2958-1e71-4305-8551-aa22f829f9b0@group-36B53022FF4E, cid=14, SUCCESS, logIndex=11, commits[c5ad2958-1e71-4305-8551-aa22f829f9b0:c12, 6c3c6da7-32c5-4321-a860-cdd0ae39be33:c8, 2de42d1e-45de-4f1c-b9d9-c37b95a80a97:c8]
2019-09-17 13:16:18,577 [grpc-default-executor-5] INFO  client.GrpcClientProtocolClient (GrpcClientProtocolClient.java:onNext(264)) - client-D6A36A8B0482->c5ad2958-1e71-4305-8551-aa22f829f9b0: receive RaftClientReply:client-D6A36A8B0482->c5ad2958-1e71-4305-8551-aa22f829f9b0@group-36B53022FF4E, cid=15, SUCCESS, logIndex=12, commits[c5ad2958-1e71-4305-8551-aa22f829f9b0:c12, 6c3c6da7-32c5-4321-a860-cdd0ae39be33:c8, 2de42d1e-45de-4f1c-b9d9-c37b95a80a97:c8]
2019-09-17 13:16:18,606 [grpc-default-executor-5] INFO  client.GrpcClientProtocolClient (GrpcClientProtocolClient.java:onNext(264)) - client-D6A36A8B0482->c5ad2958-1e71-4305-8551-aa22f829f9b0: receive RaftClientReply:client-D6A36A8B0482->c5ad2958-1e71-4305-8551-aa22f829f9b0@group-36B53022FF4E, cid=16, SUCCESS, logIndex=0, commits[c5ad2958-1e71-4305-8551-aa22f829f9b0:c14, 6c3c6da7-32c5-4321-a860-cdd0ae39be33:c10, 2de42d1e-45de-4f1c-b9d9-c37b95a80a97:c10]
2019-09-17 13:16:18,637 [grpc-default-executor-3] INFO  client.GrpcClientProtocolClient (GrpcClientProtocolClient.java:onNext(264)) - client-D6A36A8B0482->c5ad2958-1e71-4305-8551-aa22f829f9b0: receive RaftClientReply:client-D6A36A8B0482->c5ad2958-1e71-4305-8551-aa22f829f9b0@group-36B53022FF4E, cid=17, SUCCESS, logIndex=0, commits[c5ad2958-1e71-4305-8551-aa22f829f9b0:c14, 6c3c6da7-32c5-4321-a860-cdd0ae39be33:c12, 2de42d1e-45de-4f1c-b9d9-c37b95a80a97:c12]
2019-09-17 13:16:18,667 [grpc-default-executor-3] INFO  client.GrpcClientProtocolClient (GrpcClientProtocolClient.java:onNext(264)) - client-186B59C0213A->2de42d1e-45de-4f1c-b9d9-c37b95a80a97: receive RaftClientReply:client-186B59C0213A->2de42d1e-45de-4f1c-b9d9-c37b95a80a97@group-36B53022FF4E, cid=18, FAILED org.apache.ratis.protocol.NotLeaderException: Server 2de42d1e-45de-4f1c-b9d9-c37b95a80a97@group-36B53022FF4E is not the leader c5ad2958-1e71-4305-8551-aa22f829f9b0:192.168.5.153:32904, logIndex=0, commits[2de42d1e-45de-4f1c-b9d9-c37b95a80a97:c12, 6c3c6da7-32c5-4321-a860-cdd0ae39be33:c8, c5ad2958-1e71-4305-8551-aa22f829f9b0:c12]
 0.00% |█                                                                                                    |  0/1 Time: 0:00:202019-09-17 13:16:18,985 [grpc-default-executor-3] INFO  client.GrpcClientProtocolClient (GrpcClientProtocolClient.java:onNext(264)) - client-186B59C0213A->c5ad2958-1e71-4305-8551-aa22f829f9b0: receive RaftClientReply:client-186B59C0213A->c5ad2958-1e71-4305-8551-aa22f829f9b0@group-36B53022FF4E, cid=18, SUCCESS, logIndex=17, commits[c5ad2958-1e71-4305-8551-aa22f829f9b0:c17, 6c3c6da7-32c5-4321-a860-cdd0ae39be33:c16, 2de42d1e-45de-4f1c-b9d9-c37b95a80a97:c16]
2019-09-17 13:16:19,344 [grpc-default-executor-3] INFO  client.GrpcClientProtocolClient (GrpcClientProtocolClient.java:onNext(264)) - client-186B59C0213A->c5ad2958-1e71-4305-8551-aa22f829f9b0: receive RaftClientReply:client-186B59C0213A->c5ad2958-1e71-4305-8551-aa22f829f9b0@group-36B53022FF4E, cid=19, SUCCESS, logIndex=19, commits[c5ad2958-1e71-4305-8551-aa22f829f9b0:c23, 6c3c6da7-32c5-4321-a860-cdd0ae39be33:c21, 2de42d1e-45de-4f1c-b9d9-c37b95a80a97:c21]
2019-09-17 13:16:19,345 [grpc-default-executor-3] INFO  client.GrpcClientProtocolClient (GrpcClientProtocolClient.java:onNext(264)) - client-186B59C0213A->c5ad2958-1e71-4305-8551-aa22f829f9b0: receive RaftClientReply:client-186B59C0213A->c5ad2958-1e71-4305-8551-aa22f829f9b0@group-36B53022FF4E, cid=20, SUCCESS, logIndex=20, commits[c5ad2958-1e71-4305-8551-aa22f829f9b0:c23, 6c3c6da7-32c5-4321-a860-cdd0ae39be33:c21, 2de42d1e-45de-4f1c-b9d9-c37b95a80a97:c21]
2019-09-17 13:16:19,563 [grpc-default-executor-3] INFO  client.GrpcClientProtocolClient (GrpcClientProtocolClient.java:onNext(264)) - client-186B59C0213A->c5ad2958-1e71-4305-8551-aa22f829f9b0: receive RaftClientReply:client-186B59C0213A->c5ad2958-1e71-4305-8551-aa22f829f9b0@group-36B53022FF4E, cid=21, SUCCESS, logIndex=21, commits[c5ad2958-1e71-4305-8551-aa22f829f9b0:c23, 6c3c6da7-32c5-4321-a860-cdd0ae39be33:c21, 2de42d1e-45de-4f1c-b9d9-c37b95a80a97:c21]
2019-09-17 13:16:19,653 [grpc-default-executor-3] INFO  client.GrpcClientProtocolClient (GrpcClientProtocolClient.java:onNext(264)) - client-186B59C0213A->c5ad2958-1e71-4305-8551-aa22f829f9b0: receive RaftClientReply:client-186B59C0213A->c5ad2958-1e71-4305-8551-aa22f829f9b0@group-36B53022FF4E, cid=22, SUCCESS, logIndex=24, commits[c5ad2958-1e71-4305-8551-aa22f829f9b0:c24, 6c3c6da7-32c5-4321-a860-cdd0ae39be33:c23, 2de42d1e-45de-4f1c-b9d9-c37b95a80a97:c23]
2019-09-17 13:16:19,684 [grpc-default-executor-5] INFO  client.GrpcClientProtocolClient (GrpcClientProtocolClient.java:onNext(264)) - client-186B59C0213A->c5ad2958-1e71-4305-8551-aa22f829f9b0: receive RaftClientReply:client-186B59C0213A->c5ad2958-1e71-4305-8551-aa22f829f9b0@group-36B53022FF4E, cid=23, SUCCESS, logIndex=25, commits[c5ad2958-1e71-4305-8551-aa22f829f9b0:c27, 6c3c6da7-32c5-4321-a860-cdd0ae39be33:c23, 2de42d1e-45de-4f1c-b9d9-c37b95a80a97:c23]
2019-09-17 13:16:19,687 [grpc-default-executor-5] INFO  client.GrpcClientProtocolClient (GrpcClientProtocolClient.java:onNext(264)) - client-186B59C0213A->c5ad2958-1e71-4305-8551-aa22f829f9b0: receive RaftClientReply:client-186B59C0213A->c5ad2958-1e71-4305-8551-aa22f829f9b0@group-36B53022FF4E, cid=24, SUCCESS, logIndex=26, commits[c5ad2958-1e71-4305-8551-aa22f829f9b0:c27, 6c3c6da7-32c5-4321-a860-cdd0ae39be33:c23, 2de42d1e-45de-4f1c-b9d9-c37b95a80a97:c23]
2019-09-17 13:16:19,690 [grpc-default-executor-5] INFO  client.GrpcClientProtocolClient (GrpcClientProtocolClient.java:onNext(264)) - client-186B59C0213A->c5ad2958-1e71-4305-8551-aa22f829f9b0: receive RaftClientReply:client-186B59C0213A->c5ad2958-1e71-4305-8551-aa22f829f9b0@group-36B53022FF4E, cid=25, SUCCESS, logIndex=27, commits[c5ad2958-1e71-4305-8551-aa22f829f9b0:c27, 6c3c6da7-32c5-4321-a860-cdd0ae39be33:c23, 2de42d1e-45de-4f1c-b9d9-c37b95a80a97:c24]
 0.00% |█                                                                                                    |  0/1 Time: 0:00:212019-09-17 13:16:19,733 [grpc-default-executor-5] INFO  client.GrpcClientProtocolClient (GrpcClientProtocolClient.java:onNext(264)) - client-186B59C0213A->c5ad2958-1e71-4305-8551-aa22f829f9b0: receive RaftClientReply:client-186B59C0213A->c5ad2958-1e71-4305-8551-aa22f829f9b0@group-36B53022FF4E, cid=26, SUCCESS, logIndex=0, commits[c5ad2958-1e71-4305-8551-aa22f829f9b0:c30, 6c3c6da7-32c5-4321-a860-cdd0ae39be33:c27, 2de42d1e-45de-4f1c-b9d9-c37b95a80a97:c27]
2019-09-17 13:16:19,738 [grpc-default-executor-5] INFO  client.GrpcClientProtocolClient (GrpcClientProtocolClient.java:onNext(264)) - client-186B59C0213A->c5ad2958-1e71-4305-8551-aa22f829f9b0: receive RaftClientReply:client-186B59C0213A->c5ad2958-1e71-4305-8551-aa22f829f9b0@group-36B53022FF4E, cid=27, SUCCESS, logIndex=0, commits[c5ad2958-1e71-4305-8551-aa22f829f9b0:c30, 6c3c6da7-32c5-4321-a860-cdd0ae39be33:c27, 2de42d1e-45de-4f1c-b9d9-c37b95a80a97:c27]
 0.00% |█                                                                                                    |  0/1 Time: 0:00:22 0.00% |█                                                                                                    |  0/1 Time: 0:00:23 0.00% |█                                                                                                    |  0/1 Time: 0:00:242019-09-17 13:16:22,758 [java.util.concurrent.ThreadPoolExecutor$Worker@6b2a1b54[State = -1, empty queue]] WARN  server.GrpcLogAppender (GrpcLogAppender.java:timeoutAppendRequest(200)) - c5ad2958-1e71-4305-8551-aa22f829f9b0@group-36B53022FF4E->6c3c6da7-32c5-4321-a860-cdd0ae39be33-GrpcLogAppender: appendEntries Timeout, request=c5ad2958-1e71-4305-8551-aa22f829f9b0->6c3c6da7-32c5-4321-a860-cdd0ae39be33#32-t3, previous=(t:3, i:30), leaderCommit=30, initializing? false, entries: size=1, first=(t:3, i:31), STATEMACHINELOGENTRY, client-186B59C0213A, cid=28
2019-09-17 13:16:22,759 [java.util.concurrent.ThreadPoolExecutor$Worker@6b2a1b54[State = -1, empty queue]] WARN  server.GrpcLogAppender (GrpcLogAppender.java:timeoutAppendRequest(200)) - c5ad2958-1e71-4305-8551-aa22f829f9b0@group-36B53022FF4E->6c3c6da7-32c5-4321-a860-cdd0ae39be33-GrpcLogAppender: appendEntries Timeout, request=c5ad2958-1e71-4305-8551-aa22f829f9b0->6c3c6da7-32c5-4321-a860-cdd0ae39be33#33-t3, previous=(t:3, i:31), leaderCommit=30, initializing? false, entries: size=1, first=(t:3, i:32), STATEMACHINELOGENTRY, client-186B59C0213A, cid=29
2019-09-17 13:16:22,765 [java.util.concurrent.ThreadPoolExecutor$Worker@6b2a1b54[State = -1, empty queue]] WARN  server.GrpcLogAppender (GrpcLogAppender.java:timeoutAppendRequest(200)) - c5ad2958-1e71-4305-8551-aa22f829f9b0@group-36B53022FF4E->6c3c6da7-32c5-4321-a860-cdd0ae39be33-GrpcLogAppender: appendEntries Timeout, request=c5ad2958-1e71-4305-8551-aa22f829f9b0->6c3c6da7-32c5-4321-a860-cdd0ae39be33#34-t3, previous=(t:3, i:32), leaderCommit=30, initializing? false, entries: size=1, first=(t:3, i:33), STATEMACHINELOGENTRY, client-186B59C0213A, cid=30
2019-09-17 13:16:22,766 [java.util.concurrent.ThreadPoolExecutor$Worker@6b2a1b54[State = -1, empty queue]] WARN  server.GrpcLogAppender (GrpcLogAppender.java:timeoutAppendRequest(200)) - c5ad2958-1e71-4305-8551-aa22f829f9b0@group-36B53022FF4E->6c3c6da7-32c5-4321-a860-cdd0ae39be33-GrpcLogAppender: appendEntries Timeout, request=c5ad2958-1e71-4305-8551-aa22f829f9b0->6c3c6da7-32c5-4321-a860-cdd0ae39be33#35-t3, previous=(t:3, i:33), leaderCommit=30, initializing? false, entries: size=1, first=(t:3, i:34), STATEMACHINELOGENTRY, client-186B59C0213A, cid=31
 0.00% |█                                                                                                    |  0/1 Time: 0:00:25 0.00% |█                                                                                                    |  0/1 Time: 0:00:262019-09-17 13:16:24,822 [grpc-default-executor-5] INFO  client.GrpcClientProtocolClient (GrpcClientProtocolClient.java:onNext(264)) - client-186B59C0213A->6c3c6da7-32c5-4321-a860-cdd0ae39be33: receive RaftClientReply:client-186B59C0213A->6c3c6da7-32c5-4321-a860-cdd0ae39be33@group-36B53022FF4E, cid=28, FAILED org.apache.ratis.protocol.NotLeaderException: Server 6c3c6da7-32c5-4321-a860-cdd0ae39be33@group-36B53022FF4E is not the leader c5ad2958-1e71-4305-8551-aa22f829f9b0:192.168.5.153:32904, logIndex=0, commits[6c3c6da7-32c5-4321-a860-cdd0ae39be33:c30, 2de42d1e-45de-4f1c-b9d9-c37b95a80a97:c30, c5ad2958-1e71-4305-8551-aa22f829f9b0:c30]
2019-09-17 13:16:25,266 [java.util.concurrent.ThreadPoolExecutor$Worker@6b2a1b54[State = -1, empty queue]] WARN  server.GrpcLogAppender (GrpcLogAppender.java:timeoutAppendRequest(200)) - c5ad2958-1e71-4305-8551-aa22f829f9b0@group-36B53022FF4E->6c3c6da7-32c5-4321-a860-cdd0ae39be33-GrpcLogAppender: appendEntries Timeout, request=c5ad2958-1e71-4305-8551-aa22f829f9b0->6c3c6da7-32c5-4321-a860-cdd0ae39be33#36-t3, previous=(t:3, i:34), leaderCommit=30, initializing? false, entries: <empty>
 0.00% |█                                                                                                    |  0/1 Time: 0:00:27 0.00% |█                                                                                                    |  0/1 Time: 0:00:28 0.00% |█                                                                                                    |  0/1 Time: 0:00:292019-09-17 13:16:27,767 [java.util.concurrent.ThreadPoolExecutor$Worker@6b2a1b54[State = -1, empty queue]] WARN  server.GrpcLogAppender (GrpcLogAppender.java:timeoutAppendRequest(200)) - c5ad2958-1e71-4305-8551-aa22f829f9b0@group-36B53022FF4E->6c3c6da7-32c5-4321-a860-cdd0ae39be33-GrpcLogAppender: appendEntries Timeout, request=c5ad2958-1e71-4305-8551-aa22f829f9b0->6c3c6da7-32c5-4321-a860-cdd0ae39be33#37-t3, previous=(t:3, i:34), leaderCommit=30, initializing? false, entries: <empty>
 0.00% |█                                                                                                    |  0/1 Time: 0:00:30 0.00% |█                                                                                                    |  0/1 Time: 0:00:312019-09-17 13:16:29,893 [grpc-default-executor-1] INFO  client.GrpcClientProtocolClient (GrpcClientProtocolClient.java:onNext(264)) - client-186B59C0213A->6c3c6da7-32c5-4321-a860-cdd0ae39be33: receive RaftClientReply:client-186B59C0213A->6c3c6da7-32c5-4321-a860-cdd0ae39be33@group-36B53022FF4E, cid=28, FAILED org.apache.ratis.protocol.NotLeaderException: Server 6c3c6da7-32c5-4321-a860-cdd0ae39be33@group-36B53022FF4E is not the leader c5ad2958-1e71-4305-8551-aa22f829f9b0:192.168.5.153:32904, logIndex=0, commits[6c3c6da7-32c5-4321-a860-cdd0ae39be33:c30, 2de42d1e-45de-4f1c-b9d9-c37b95a80a97:c30, c5ad2958-1e71-4305-8551-aa22f829f9b0:c30]
2019-09-17 13:16:29,940 [c5ad2958-1e71-4305-8551-aa22f829f9b0@group-36B53022FF4E-SegmentedRaftLogWorker] WARN  segmented.SegmentedRaftLogWorker (SegmentedRaftLogWorker.java:getFromFuture(90)) - Timeout 0/~
org.apache.ratis.protocol.TimeoutIOException: Timeout 10s: WriteLog:33: (t:3, i:33), STATEMACHINELOGENTRY, client-186B59C0213A, cid=30-writeStateMachineData
	at org.apache.ratis.util.IOUtils.getFromFuture(IOUtils.java:87)
	at org.apache.ratis.server.raftlog.segmented.SegmentedRaftLogWorker$StateMachineDataPolicy.getFromFuture(SegmentedRaftLogWorker.java:87)
	at org.apache.ratis.server.raftlog.segmented.SegmentedRaftLogWorker$WriteLog.execute(SegmentedRaftLogWorker.java:477)
	at org.apache.ratis.server.raftlog.segmented.SegmentedRaftLogWorker.run(SegmentedRaftLogWorker.java:289)
	at java.lang.Thread.run(Thread.java:748)
Caused by: java.util.concurrent.TimeoutException
	at java.util.concurrent.CompletableFuture.timedGet(CompletableFuture.java:1771)
	at java.util.concurrent.CompletableFuture.get(CompletableFuture.java:1915)
	at org.apache.ratis.util.IOUtils.getFromFuture(IOUtils.java:79)
	... 4 more
2019-09-17 13:16:29,989 [6c3c6da7-32c5-4321-a860-cdd0ae39be33@group-36B53022FF4E-SegmentedRaftLogWorker] WARN  segmented.SegmentedRaftLogWorker (SegmentedRaftLogWorker.java:getFromFuture(90)) - Timeout 0/~
org.apache.ratis.protocol.TimeoutIOException: Timeout 10s: WriteLog:33: (t:3, i:33), STATEMACHINELOGENTRY, client-186B59C0213A, cid=30-writeStateMachineData
	at org.apache.ratis.util.IOUtils.getFromFuture(IOUtils.java:87)
	at org.apache.ratis.server.raftlog.segmented.SegmentedRaftLogWorker$StateMachineDataPolicy.getFromFuture(SegmentedRaftLogWorker.java:87)
	at org.apache.ratis.server.raftlog.segmented.SegmentedRaftLogWorker$WriteLog.execute(SegmentedRaftLogWorker.java:477)
	at org.apache.ratis.server.raftlog.segmented.SegmentedRaftLogWorker.run(SegmentedRaftLogWorker.java:289)
	at java.lang.Thread.run(Thread.java:748)
Caused by: java.util.concurrent.TimeoutException
	at java.util.concurrent.CompletableFuture.timedGet(CompletableFuture.java:1771)
	at java.util.concurrent.CompletableFuture.get(CompletableFuture.java:1915)
	at org.apache.ratis.util.IOUtils.getFromFuture(IOUtils.java:79)
	... 4 more
2019-09-17 13:16:30,271 [java.util.concurrent.ThreadPoolExecutor$Worker@6b2a1b54[State = -1, empty queue]] WARN  server.GrpcLogAppender (GrpcLogAppender.java:timeoutAppendRequest(200)) - c5ad2958-1e71-4305-8551-aa22f829f9b0@group-36B53022FF4E->6c3c6da7-32c5-4321-a860-cdd0ae39be33-GrpcLogAppender: appendEntries Timeout, request=c5ad2958-1e71-4305-8551-aa22f829f9b0->6c3c6da7-32c5-4321-a860-cdd0ae39be33#38-t3, previous=(t:3, i:34), leaderCommit=30, initializing? false, entries: <empty>
 0.00% |█                                                                                                    |  0/1 Time: 0:00:32 0.00% |█                                                                                                    |  0/1 Time: 0:00:33 0.00% |█                                                                                                    |  0/1 Time: 0:00:342019-09-17 13:16:32,772 [java.util.concurrent.ThreadPoolExecutor$Worker@6b2a1b54[State = -1, empty queue]] WARN  server.GrpcLogAppender (GrpcLogAppender.java:timeoutAppendRequest(200)) - c5ad2958-1e71-4305-8551-aa22f829f9b0@group-36B53022FF4E->6c3c6da7-32c5-4321-a860-cdd0ae39be33-GrpcLogAppender: appendEntries Timeout, request=c5ad2958-1e71-4305-8551-aa22f829f9b0->6c3c6da7-32c5-4321-a860-cdd0ae39be33#39-t3, previous=(t:3, i:34), leaderCommit=30, initializing? false, entries: <empty>
 0.00% |█                                                                                                    |  0/1 Time: 0:00:35 0.00% |█                                                                                                    |  0/1 Time: 0:00:362019-09-17 13:16:34,961 [grpc-default-executor-5] INFO  client.GrpcClientProtocolClient (GrpcClientProtocolClient.java:onNext(264)) - client-186B59C0213A->6c3c6da7-32c5-4321-a860-cdd0ae39be33: receive RaftClientReply:client-186B59C0213A->6c3c6da7-32c5-4321-a860-cdd0ae39be33@group-36B53022FF4E, cid=28, FAILED org.apache.ratis.protocol.NotLeaderException: Server 6c3c6da7-32c5-4321-a860-cdd0ae39be33@group-36B53022FF4E is not the leader c5ad2958-1e71-4305-8551-aa22f829f9b0:192.168.5.153:32904, logIndex=0, commits[6c3c6da7-32c5-4321-a860-cdd0ae39be33:c30, 2de42d1e-45de-4f1c-b9d9-c37b95a80a97:c30, c5ad2958-1e71-4305-8551-aa22f829f9b0:c30]
2019-09-17 13:16:35,274 [java.util.concurrent.ThreadPoolExecutor$Worker@6b2a1b54[State = -1, empty queue]] WARN  server.GrpcLogAppender (GrpcLogAppender.java:timeoutAppendRequest(200)) - c5ad2958-1e71-4305-8551-aa22f829f9b0@group-36B53022FF4E->6c3c6da7-32c5-4321-a860-cdd0ae39be33-GrpcLogAppender: appendEntries Timeout, request=c5ad2958-1e71-4305-8551-aa22f829f9b0->6c3c6da7-32c5-4321-a860-cdd0ae39be33#40-t3, previous=(t:3, i:34), leaderCommit=30, initializing? false, entries: <empty>
 0.00% |█                                                                                                    |  0/1 Time: 0:00:37 0.00% |█                                                                                                    |  0/1 Time: 0:00:38 0.00% |█                                                                                                    |  0/1 Time: 0:00:392019-09-17 13:16:37,776 [java.util.concurrent.ThreadPoolExecutor$Worker@6b2a1b54[State = -1, empty queue]] WARN  server.GrpcLogAppender (GrpcLogAppender.java:timeoutAppendRequest(200)) - c5ad2958-1e71-4305-8551-aa22f829f9b0@group-36B53022FF4E->6c3c6da7-32c5-4321-a860-cdd0ae39be33-GrpcLogAppender: appendEntries Timeout, request=c5ad2958-1e71-4305-8551-aa22f829f9b0->6c3c6da7-32c5-4321-a860-cdd0ae39be33#41-t3, previous=(t:3, i:34), leaderCommit=30, initializing? false, entries: <empty>
 0.00% |█                                                                                                    |  0/1 Time: 0:00:40 0.00% |█                                                                                                    |  0/1 Time: 0:00:412019-09-17 13:16:39,942 [c5ad2958-1e71-4305-8551-aa22f829f9b0@group-36B53022FF4E-SegmentedRaftLogWorker] WARN  segmented.SegmentedRaftLogWorker (SegmentedRaftLogWorker.java:getFromFuture(90)) - Timeout 1/~
org.apache.ratis.protocol.TimeoutIOException: Timeout 10s: WriteLog:33: (t:3, i:33), STATEMACHINELOGENTRY, client-186B59C0213A, cid=30-writeStateMachineData
	at org.apache.ratis.util.IOUtils.getFromFuture(IOUtils.java:87)
	at org.apache.ratis.server.raftlog.segmented.SegmentedRaftLogWorker$StateMachineDataPolicy.getFromFuture(SegmentedRaftLogWorker.java:87)
	at org.apache.ratis.server.raftlog.segmented.SegmentedRaftLogWorker$WriteLog.execute(SegmentedRaftLogWorker.java:477)
	at org.apache.ratis.server.raftlog.segmented.SegmentedRaftLogWorker.run(SegmentedRaftLogWorker.java:289)
	at java.lang.Thread.run(Thread.java:748)
Caused by: java.util.concurrent.TimeoutException
	at java.util.concurrent.CompletableFuture.timedGet(CompletableFuture.java:1771)
	at java.util.concurrent.CompletableFuture.get(CompletableFuture.java:1915)
	at org.apache.ratis.util.IOUtils.getFromFuture(IOUtils.java:79)
	... 4 more
2019-09-17 13:16:39,992 [6c3c6da7-32c5-4321-a860-cdd0ae39be33@group-36B53022FF4E-SegmentedRaftLogWorker] WARN  segmented.SegmentedRaftLogWorker (SegmentedRaftLogWorker.java:getFromFuture(90)) - Timeout 1/~
org.apache.ratis.protocol.TimeoutIOException: Timeout 10s: WriteLog:33: (t:3, i:33), STATEMACHINELOGENTRY, client-186B59C0213A, cid=30-writeStateMachineData
	at org.apache.ratis.util.IOUtils.getFromFuture(IOUtils.java:87)
	at org.apache.ratis.server.raftlog.segmented.SegmentedRaftLogWorker$StateMachineDataPolicy.getFromFuture(SegmentedRaftLogWorker.java:87)
	at org.apache.ratis.server.raftlog.segmented.SegmentedRaftLogWorker$WriteLog.execute(SegmentedRaftLogWorker.java:477)
	at org.apache.ratis.server.raftlog.segmented.SegmentedRaftLogWorker.run(SegmentedRaftLogWorker.java:289)
	at java.lang.Thread.run(Thread.java:748)
Caused by: java.util.concurrent.TimeoutException
	at java.util.concurrent.CompletableFuture.timedGet(CompletableFuture.java:1771)
	at java.util.concurrent.CompletableFuture.get(CompletableFuture.java:1915)
	at org.apache.ratis.util.IOUtils.getFromFuture(IOUtils.java:79)
	... 4 more
2019-09-17 13:16:40,014 [grpc-default-executor-5] INFO  client.GrpcClientProtocolClient (GrpcClientProtocolClient.java:onNext(264)) - client-186B59C0213A->6c3c6da7-32c5-4321-a860-cdd0ae39be33: receive RaftClientReply:client-186B59C0213A->6c3c6da7-32c5-4321-a860-cdd0ae39be33@group-36B53022FF4E, cid=28, FAILED org.apache.ratis.protocol.NotLeaderException: Server 6c3c6da7-32c5-4321-a860-cdd0ae39be33@group-36B53022FF4E is not the leader c5ad2958-1e71-4305-8551-aa22f829f9b0:192.168.5.153:32904, logIndex=0, commits[6c3c6da7-32c5-4321-a860-cdd0ae39be33:c30, 2de42d1e-45de-4f1c-b9d9-c37b95a80a97:c30, c5ad2958-1e71-4305-8551-aa22f829f9b0:c30]
2019-09-17 13:16:40,277 [java.util.concurrent.ThreadPoolExecutor$Worker@6b2a1b54[State = -1, empty queue]] WARN  server.GrpcLogAppender (GrpcLogAppender.java:timeoutAppendRequest(200)) - c5ad2958-1e71-4305-8551-aa22f829f9b0@group-36B53022FF4E->6c3c6da7-32c5-4321-a860-cdd0ae39be33-GrpcLogAppender: appendEntries Timeout, request=c5ad2958-1e71-4305-8551-aa22f829f9b0->6c3c6da7-32c5-4321-a860-cdd0ae39be33#42-t3, previous=(t:3, i:34), leaderCommit=30, initializing? false, entries: <empty>
 0.00% |█                                                                                                    |  0/1 Time: 0:00:42 0.00% |█                                                                                                    |  0/1 Time: 0:00:43 0.00% |█                                                                                                    |  0/1 Time: 0:00:442019-09-17 13:16:42,778 [java.util.concurrent.ThreadPoolExecutor$Worker@6b2a1b54[State = -1, empty queue]] WARN  server.GrpcLogAppender (GrpcLogAppender.java:timeoutAppendRequest(200)) - c5ad2958-1e71-4305-8551-aa22f829f9b0@group-36B53022FF4E->6c3c6da7-32c5-4321-a860-cdd0ae39be33-GrpcLogAppender: appendEntries Timeout, request=c5ad2958-1e71-4305-8551-aa22f829f9b0->6c3c6da7-32c5-4321-a860-cdd0ae39be33#43-t3, previous=(t:3, i:34), leaderCommit=30, initializing? false, entries: <empty>
 0.00% |█                                                                                                    |  0/1 Time: 0:00:45 0.00% |█                                                                                                    |  0/1 Time: 0:00:462019-09-17 13:16:45,057 [grpc-default-executor-1] INFO  client.GrpcClientProtocolClient (GrpcClientProtocolClient.java:onNext(264)) - client-186B59C0213A->2de42d1e-45de-4f1c-b9d9-c37b95a80a97: receive RaftClientReply:client-186B59C0213A->2de42d1e-45de-4f1c-b9d9-c37b95a80a97@group-36B53022FF4E, cid=28, FAILED org.apache.ratis.protocol.NotLeaderException: Server 2de42d1e-45de-4f1c-b9d9-c37b95a80a97@group-36B53022FF4E is not the leader c5ad2958-1e71-4305-8551-aa22f829f9b0:192.168.5.153:32904, logIndex=0, commits[2de42d1e-45de-4f1c-b9d9-c37b95a80a97:c30, 6c3c6da7-32c5-4321-a860-cdd0ae39be33:c27, c5ad2958-1e71-4305-8551-aa22f829f9b0:c30]
2019-09-17 13:16:45,279 [java.util.concurrent.ThreadPoolExecutor$Worker@6b2a1b54[State = -1, empty queue]] WARN  server.GrpcLogAppender (GrpcLogAppender.java:timeoutAppendRequest(200)) - c5ad2958-1e71-4305-8551-aa22f829f9b0@group-36B53022FF4E->6c3c6da7-32c5-4321-a860-cdd0ae39be33-GrpcLogAppender: appendEntries Timeout, request=c5ad2958-1e71-4305-8551-aa22f829f9b0->6c3c6da7-32c5-4321-a860-cdd0ae39be33#44-t3, previous=(t:3, i:34), leaderCommit=30, initializing? false, entries: <empty>
 0.00% |█                                                                                                    |  0/1 Time: 0:00:47 0.00% |█                                                                                                    |  0/1 Time: 0:00:48 0.00% |█                                                                                                    |  0/1 Time: 0:00:492019-09-17 13:16:47,780 [java.util.concurrent.ThreadPoolExecutor$Worker@6b2a1b54[State = -1, empty queue]] WARN  server.GrpcLogAppender (GrpcLogAppender.java:timeoutAppendRequest(200)) - c5ad2958-1e71-4305-8551-aa22f829f9b0@group-36B53022FF4E->6c3c6da7-32c5-4321-a860-cdd0ae39be33-GrpcLogAppender: appendEntries Timeout, request=c5ad2958-1e71-4305-8551-aa22f829f9b0->6c3c6da7-32c5-4321-a860-cdd0ae39be33#45-t3, previous=(t:3, i:34), leaderCommit=30, initializing? false, entries: <empty>
 0.00% |█                                                                                                    |  0/1 Time: 0:00:50 0.00% |█                                                                                                    |  0/1 Time: 0:00:512019-09-17 13:16:49,948 [c5ad2958-1e71-4305-8551-aa22f829f9b0@group-36B53022FF4E-SegmentedRaftLogWorker] WARN  segmented.SegmentedRaftLogWorker (SegmentedRaftLogWorker.java:getFromFuture(90)) - Timeout 2/~
org.apache.ratis.protocol.TimeoutIOException: Timeout 10s: WriteLog:33: (t:3, i:33), STATEMACHINELOGENTRY, client-186B59C0213A, cid=30-writeStateMachineData
	at org.apache.ratis.util.IOUtils.getFromFuture(IOUtils.java:87)
	at org.apache.ratis.server.raftlog.segmented.SegmentedRaftLogWorker$StateMachineDataPolicy.getFromFuture(SegmentedRaftLogWorker.java:87)
	at org.apache.ratis.server.raftlog.segmented.SegmentedRaftLogWorker$WriteLog.execute(SegmentedRaftLogWorker.java:477)
	at org.apache.ratis.server.raftlog.segmented.SegmentedRaftLogWorker.run(SegmentedRaftLogWorker.java:289)
	at java.lang.Thread.run(Thread.java:748)
Caused by: java.util.concurrent.TimeoutException
	at java.util.concurrent.CompletableFuture.timedGet(CompletableFuture.java:1771)
	at java.util.concurrent.CompletableFuture.get(CompletableFuture.java:1915)
	at org.apache.ratis.util.IOUtils.getFromFuture(IOUtils.java:79)
	... 4 more
2019-09-17 13:16:49,993 [6c3c6da7-32c5-4321-a860-cdd0ae39be33@group-36B53022FF4E-SegmentedRaftLogWorker] WARN  segmented.SegmentedRaftLogWorker (SegmentedRaftLogWorker.java:getFromFuture(90)) - Timeout 2/~
org.apache.ratis.protocol.TimeoutIOException: Timeout 10s: WriteLog:33: (t:3, i:33), STATEMACHINELOGENTRY, client-186B59C0213A, cid=30-writeStateMachineData
	at org.apache.ratis.util.IOUtils.getFromFuture(IOUtils.java:87)
	at org.apache.ratis.server.raftlog.segmented.SegmentedRaftLogWorker$StateMachineDataPolicy.getFromFuture(SegmentedRaftLogWorker.java:87)
	at org.apache.ratis.server.raftlog.segmented.SegmentedRaftLogWorker$WriteLog.execute(SegmentedRaftLogWorker.java:477)
	at org.apache.ratis.server.raftlog.segmented.SegmentedRaftLogWorker.run(SegmentedRaftLogWorker.java:289)
	at java.lang.Thread.run(Thread.java:748)
Caused by: java.util.concurrent.TimeoutException
	at java.util.concurrent.CompletableFuture.timedGet(CompletableFuture.java:1771)
	at java.util.concurrent.CompletableFuture.get(CompletableFuture.java:1915)
	at org.apache.ratis.util.IOUtils.getFromFuture(IOUtils.java:79)
	... 4 more
2019-09-17 13:16:50,109 [grpc-default-executor-1] INFO  client.GrpcClientProtocolClient (GrpcClientProtocolClient.java:onNext(264)) - client-186B59C0213A->6c3c6da7-32c5-4321-a860-cdd0ae39be33: receive RaftClientReply:client-186B59C0213A->6c3c6da7-32c5-4321-a860-cdd0ae39be33@group-36B53022FF4E, cid=28, FAILED org.apache.ratis.protocol.NotLeaderException: Server 6c3c6da7-32c5-4321-a860-cdd0ae39be33@group-36B53022FF4E is not the leader c5ad2958-1e71-4305-8551-aa22f829f9b0:192.168.5.153:32904, logIndex=0, commits[6c3c6da7-32c5-4321-a860-cdd0ae39be33:c30, 2de42d1e-45de-4f1c-b9d9-c37b95a80a97:c30, c5ad2958-1e71-4305-8551-aa22f829f9b0:c30]
2019-09-17 13:16:50,281 [java.util.concurrent.ThreadPoolExecutor$Worker@6b2a1b54[State = -1, empty queue]] WARN  server.GrpcLogAppender (GrpcLogAppender.java:timeoutAppendRequest(200)) - c5ad2958-1e71-4305-8551-aa22f829f9b0@group-36B53022FF4E->6c3c6da7-32c5-4321-a860-cdd0ae39be33-GrpcLogAppender: appendEntries Timeout, request=c5ad2958-1e71-4305-8551-aa22f829f9b0->6c3c6da7-32c5-4321-a860-cdd0ae39be33#46-t3, previous=(t:3, i:34), leaderCommit=30, initializing? false, entries: <empty>
 0.00% |█                                                                                                    |  0/1 Time: 0:00:52 0.00% |█                                                                                                    |  0/1 Time: 0:00:53 0.00% |█                                                                                                    |  0/1 Time: 0:00:542019-09-17 13:16:52,782 [java.util.concurrent.ThreadPoolExecutor$Worker@6b2a1b54[State = -1, empty queue]] WARN  server.GrpcLogAppender (GrpcLogAppender.java:timeoutAppendRequest(200)) - c5ad2958-1e71-4305-8551-aa22f829f9b0@group-36B53022FF4E->6c3c6da7-32c5-4321-a860-cdd0ae39be33-GrpcLogAppender: appendEntries Timeout, request=c5ad2958-1e71-4305-8551-aa22f829f9b0->6c3c6da7-32c5-4321-a860-cdd0ae39be33#47-t3, previous=(t:3, i:34), leaderCommit=30, initializing? false, entries: <empty>
 0.00% |█                                                                                                    |  0/1 Time: 0:00:55 0.00% |█                                                                                                    |  0/1 Time: 0:00:562019-09-17 13:16:55,163 [grpc-default-executor-5] INFO  client.GrpcClientProtocolClient (GrpcClientProtocolClient.java:onNext(264)) - client-186B59C0213A->2de42d1e-45de-4f1c-b9d9-c37b95a80a97: receive RaftClientReply:client-186B59C0213A->2de42d1e-45de-4f1c-b9d9-c37b95a80a97@group-36B53022FF4E, cid=28, FAILED org.apache.ratis.protocol.NotLeaderException: Server 2de42d1e-45de-4f1c-b9d9-c37b95a80a97@group-36B53022FF4E is not the leader c5ad2958-1e71-4305-8551-aa22f829f9b0:192.168.5.153:32904, logIndex=0, commits[2de42d1e-45de-4f1c-b9d9-c37b95a80a97:c30, 6c3c6da7-32c5-4321-a860-cdd0ae39be33:c27, c5ad2958-1e71-4305-8551-aa22f829f9b0:c30]
2019-09-17 13:16:55,282 [java.util.concurrent.ThreadPoolExecutor$Worker@6b2a1b54[State = -1, empty queue]] WARN  server.GrpcLogAppender (GrpcLogAppender.java:timeoutAppendRequest(200)) - c5ad2958-1e71-4305-8551-aa22f829f9b0@group-36B53022FF4E->6c3c6da7-32c5-4321-a860-cdd0ae39be33-GrpcLogAppender: appendEntries Timeout, request=c5ad2958-1e71-4305-8551-aa22f829f9b0->6c3c6da7-32c5-4321-a860-cdd0ae39be33#48-t3, previous=(t:3, i:34), leaderCommit=30, initializing? false, entries: <empty>
 0.00% |█                                                                                                    |  0/1 Time: 0:00:57 0.00% |█                                                                                                    |  0/1 Time: 0:00:58 0.00% |█                                                                                                    |  0/1 Time: 0:00:592019-09-17 13:16:57,783 [java.util.concurrent.ThreadPoolExecutor$Worker@6b2a1b54[State = -1, empty queue]] WARN  server.GrpcLogAppender (GrpcLogAppender.java:timeoutAppendRequest(200)) - c5ad2958-1e71-4305-8551-aa22f829f9b0@group-36B53022FF4E->6c3c6da7-32c5-4321-a860-cdd0ae39be33-GrpcLogAppender: appendEntries Timeout, request=c5ad2958-1e71-4305-8551-aa22f829f9b0->6c3c6da7-32c5-4321-a860-cdd0ae39be33#49-t3, previous=(t:3, i:34), leaderCommit=30, initializing? false, entries: <empty>
 0.00% |█                                                                                                    |  0/1 Time: 0:01:00 0.00% |█                                                                                                    |  0/1 Time: 0:01:012019-09-17 13:16:59,955 [c5ad2958-1e71-4305-8551-aa22f829f9b0@group-36B53022FF4E-SegmentedRaftLogWorker] WARN  segmented.SegmentedRaftLogWorker (SegmentedRaftLogWorker.java:getFromFuture(90)) - Timeout 3/~
org.apache.ratis.protocol.TimeoutIOException: Timeout 10s: WriteLog:33: (t:3, i:33), STATEMACHINELOGENTRY, client-186B59C0213A, cid=30-writeStateMachineData
	at org.apache.ratis.util.IOUtils.getFromFuture(IOUtils.java:87)
	at org.apache.ratis.server.raftlog.segmented.SegmentedRaftLogWorker$StateMachineDataPolicy.getFromFuture(SegmentedRaftLogWorker.java:87)
	at org.apache.ratis.server.raftlog.segmented.SegmentedRaftLogWorker$WriteLog.execute(SegmentedRaftLogWorker.java:477)
	at org.apache.ratis.server.raftlog.segmented.SegmentedRaftLogWorker.run(SegmentedRaftLogWorker.java:289)
	at java.lang.Thread.run(Thread.java:748)
Caused by: java.util.concurrent.TimeoutException
	at java.util.concurrent.CompletableFuture.timedGet(CompletableFuture.java:1771)
	at java.util.concurrent.CompletableFuture.get(CompletableFuture.java:1915)
	at org.apache.ratis.util.IOUtils.getFromFuture(IOUtils.java:79)
	... 4 more
2019-09-17 13:16:59,994 [6c3c6da7-32c5-4321-a860-cdd0ae39be33@group-36B53022FF4E-SegmentedRaftLogWorker] WARN  segmented.SegmentedRaftLogWorker (SegmentedRaftLogWorker.java:getFromFuture(90)) - Timeout 3/~
org.apache.ratis.protocol.TimeoutIOException: Timeout 10s: WriteLog:33: (t:3, i:33), STATEMACHINELOGENTRY, client-186B59C0213A, cid=30-writeStateMachineData
	at org.apache.ratis.util.IOUtils.getFromFuture(IOUtils.java:87)
	at org.apache.ratis.server.raftlog.segmented.SegmentedRaftLogWorker$StateMachineDataPolicy.getFromFuture(SegmentedRaftLogWorker.java:87)
	at org.apache.ratis.server.raftlog.segmented.SegmentedRaftLogWorker$WriteLog.execute(SegmentedRaftLogWorker.java:477)
	at org.apache.ratis.server.raftlog.segmented.SegmentedRaftLogWorker.run(SegmentedRaftLogWorker.java:289)
	at java.lang.Thread.run(Thread.java:748)
Caused by: java.util.concurrent.TimeoutException
	at java.util.concurrent.CompletableFuture.timedGet(CompletableFuture.java:1771)
	at java.util.concurrent.CompletableFuture.get(CompletableFuture.java:1915)
	at org.apache.ratis.util.IOUtils.getFromFuture(IOUtils.java:79)
	... 4 more
2019-09-17 13:17:00,220 [grpc-default-executor-1] INFO  client.GrpcClientProtocolClient (GrpcClientProtocolClient.java:onNext(264)) - client-186B59C0213A->2de42d1e-45de-4f1c-b9d9-c37b95a80a97: receive RaftClientReply:client-186B59C0213A->2de42d1e-45de-4f1c-b9d9-c37b95a80a97@group-36B53022FF4E, cid=28, FAILED org.apache.ratis.protocol.NotLeaderException: Server 2de42d1e-45de-4f1c-b9d9-c37b95a80a97@group-36B53022FF4E is not the leader c5ad2958-1e71-4305-8551-aa22f829f9b0:192.168.5.153:32904, logIndex=0, commits[2de42d1e-45de-4f1c-b9d9-c37b95a80a97:c30, 6c3c6da7-32c5-4321-a860-cdd0ae39be33:c27, c5ad2958-1e71-4305-8551-aa22f829f9b0:c30]
2019-09-17 13:17:00,284 [java.util.concurrent.ThreadPoolExecutor$Worker@6b2a1b54[State = -1, empty queue]] WARN  server.GrpcLogAppender (GrpcLogAppender.java:timeoutAppendRequest(200)) - c5ad2958-1e71-4305-8551-aa22f829f9b0@group-36B53022FF4E->6c3c6da7-32c5-4321-a860-cdd0ae39be33-GrpcLogAppender: appendEntries Timeout, request=c5ad2958-1e71-4305-8551-aa22f829f9b0->6c3c6da7-32c5-4321-a860-cdd0ae39be33#50-t3, previous=(t:3, i:34), leaderCommit=30, initializing? false, entries: <empty>
 0.00% |█                                                                                                    |  0/1 Time: 0:01:02 0.00% |█                                                                                                    |  0/1 Time: 0:01:03 0.00% |█                                                                                                    |  0/1 Time: 0:01:042019-09-17 13:17:02,785 [java.util.concurrent.ThreadPoolExecutor$Worker@6b2a1b54[State = -1, empty queue]] WARN  server.GrpcLogAppender (GrpcLogAppender.java:timeoutAppendRequest(200)) - c5ad2958-1e71-4305-8551-aa22f829f9b0@group-36B53022FF4E->6c3c6da7-32c5-4321-a860-cdd0ae39be33-GrpcLogAppender: appendEntries Timeout, request=c5ad2958-1e71-4305-8551-aa22f829f9b0->6c3c6da7-32c5-4321-a860-cdd0ae39be33#51-t3, previous=(t:3, i:34), leaderCommit=30, initializing? false, entries: <empty>
 0.00% |█                                                                                                    |  0/1 Time: 0:01:05 0.00% |█                                                                                                    |  0/1 Time: 0:01:062019-09-17 13:17:05,286 [java.util.concurrent.ThreadPoolExecutor$Worker@6b2a1b54[State = -1, empty queue]] WARN  server.GrpcLogAppender (GrpcLogAppender.java:timeoutAppendRequest(200)) - c5ad2958-1e71-4305-8551-aa22f829f9b0@group-36B53022FF4E->6c3c6da7-32c5-4321-a860-cdd0ae39be33-GrpcLogAppender: appendEntries Timeout, request=c5ad2958-1e71-4305-8551-aa22f829f9b0->6c3c6da7-32c5-4321-a860-cdd0ae39be33#52-t3, previous=(t:3, i:34), leaderCommit=30, initializing? false, entries: <empty>
2019-09-17 13:17:05,296 [grpc-default-executor-1] INFO  client.GrpcClientProtocolClient (GrpcClientProtocolClient.java:onNext(264)) - client-186B59C0213A->6c3c6da7-32c5-4321-a860-cdd0ae39be33: receive RaftClientReply:client-186B59C0213A->6c3c6da7-32c5-4321-a860-cdd0ae39be33@group-36B53022FF4E, cid=28, FAILED org.apache.ratis.protocol.NotLeaderException: Server 6c3c6da7-32c5-4321-a860-cdd0ae39be33@group-36B53022FF4E is not the leader c5ad2958-1e71-4305-8551-aa22f829f9b0:192.168.5.153:32904, logIndex=0, commits[6c3c6da7-32c5-4321-a860-cdd0ae39be33:c30, 2de42d1e-45de-4f1c-b9d9-c37b95a80a97:c30, c5ad2958-1e71-4305-8551-aa22f829f9b0:c30]
 0.00% |█                                                                                                    |  0/1 Time: 0:01:07 0.00% |█                                                                                                    |  0/1 Time: 0:01:08 0.00% |█                                                                                                    |  0/1 Time: 0:01:092019-09-17 13:17:07,787 [java.util.concurrent.ThreadPoolExecutor$Worker@6b2a1b54[State = -1, empty queue]] WARN  server.GrpcLogAppender (GrpcLogAppender.java:timeoutAppendRequest(200)) - c5ad2958-1e71-4305-8551-aa22f829f9b0@group-36B53022FF4E->6c3c6da7-32c5-4321-a860-cdd0ae39be33-GrpcLogAppender: appendEntries Timeout, request=c5ad2958-1e71-4305-8551-aa22f829f9b0->6c3c6da7-32c5-4321-a860-cdd0ae39be33#53-t3, previous=(t:3, i:34), leaderCommit=30, initializing? false, entries: <empty>
 0.00% |█                                                                                                    |  0/1 Time: 0:01:10 0.00% |█                                                                                                    |  0/1 Time: 0:01:112019-09-17 13:17:09,959 [c5ad2958-1e71-4305-8551-aa22f829f9b0@group-36B53022FF4E-SegmentedRaftLogWorker] WARN  segmented.SegmentedRaftLogWorker (SegmentedRaftLogWorker.java:getFromFuture(90)) - Timeout 4/~
org.apache.ratis.protocol.TimeoutIOException: Timeout 10s: WriteLog:33: (t:3, i:33), STATEMACHINELOGENTRY, client-186B59C0213A, cid=30-writeStateMachineData
	at org.apache.ratis.util.IOUtils.getFromFuture(IOUtils.java:87)
	at org.apache.ratis.server.raftlog.segmented.SegmentedRaftLogWorker$StateMachineDataPolicy.getFromFuture(SegmentedRaftLogWorker.java:87)
	at org.apache.ratis.server.raftlog.segmented.SegmentedRaftLogWorker$WriteLog.execute(SegmentedRaftLogWorker.java:477)
	at org.apache.ratis.server.raftlog.segmented.SegmentedRaftLogWorker.run(SegmentedRaftLogWorker.java:289)
	at java.lang.Thread.run(Thread.java:748)
Caused by: java.util.concurrent.TimeoutException
	at java.util.concurrent.CompletableFuture.timedGet(CompletableFuture.java:1771)
	at java.util.concurrent.CompletableFuture.get(CompletableFuture.java:1915)
	at org.apache.ratis.util.IOUtils.getFromFuture(IOUtils.java:79)
	... 4 more
2019-09-17 13:17:09,995 [6c3c6da7-32c5-4321-a860-cdd0ae39be33@group-36B53022FF4E-SegmentedRaftLogWorker] WARN  segmented.SegmentedRaftLogWorker (SegmentedRaftLogWorker.java:getFromFuture(90)) - Timeout 4/~
org.apache.ratis.protocol.TimeoutIOException: Timeout 10s: WriteLog:33: (t:3, i:33), STATEMACHINELOGENTRY, client-186B59C0213A, cid=30-writeStateMachineData
	at org.apache.ratis.util.IOUtils.getFromFuture(IOUtils.java:87)
	at org.apache.ratis.server.raftlog.segmented.SegmentedRaftLogWorker$StateMachineDataPolicy.getFromFuture(SegmentedRaftLogWorker.java:87)
	at org.apache.ratis.server.raftlog.segmented.SegmentedRaftLogWorker$WriteLog.execute(SegmentedRaftLogWorker.java:477)
	at org.apache.ratis.server.raftlog.segmented.SegmentedRaftLogWorker.run(SegmentedRaftLogWorker.java:289)
	at java.lang.Thread.run(Thread.java:748)
Caused by: java.util.concurrent.TimeoutException
	at java.util.concurrent.CompletableFuture.timedGet(CompletableFuture.java:1771)
	at java.util.concurrent.CompletableFuture.get(CompletableFuture.java:1915)
	at org.apache.ratis.util.IOUtils.getFromFuture(IOUtils.java:79)
	... 4 more
2019-09-17 13:17:10,288 [java.util.concurrent.ThreadPoolExecutor$Worker@6b2a1b54[State = -1, empty queue]] WARN  server.GrpcLogAppender (GrpcLogAppender.java:timeoutAppendRequest(200)) - c5ad2958-1e71-4305-8551-aa22f829f9b0@group-36B53022FF4E->6c3c6da7-32c5-4321-a860-cdd0ae39be33-GrpcLogAppender: appendEntries Timeout, request=c5ad2958-1e71-4305-8551-aa22f829f9b0->6c3c6da7-32c5-4321-a860-cdd0ae39be33#54-t3, previous=(t:3, i:34), leaderCommit=30, initializing? false, entries: <empty>
2019-09-17 13:17:10,371 [grpc-default-executor-1] INFO  client.GrpcClientProtocolClient (GrpcClientProtocolClient.java:onNext(264)) - client-186B59C0213A->2de42d1e-45de-4f1c-b9d9-c37b95a80a97: receive RaftClientReply:client-186B59C0213A->2de42d1e-45de-4f1c-b9d9-c37b95a80a97@group-36B53022FF4E, cid=28, FAILED org.apache.ratis.protocol.NotLeaderException: Server 2de42d1e-45de-4f1c-b9d9-c37b95a80a97@group-36B53022FF4E is not the leader c5ad2958-1e71-4305-8551-aa22f829f9b0:192.168.5.153:32904, logIndex=0, commits[2de42d1e-45de-4f1c-b9d9-c37b95a80a97:c30, 6c3c6da7-32c5-4321-a860-cdd0ae39be33:c27, c5ad2958-1e71-4305-8551-aa22f829f9b0:c30]
 0.00% |█                                                                                                    |  0/1 Time: 0:01:12 0.00% |█                                                                                                    |  0/1 Time: 0:01:13 0.00% |█                                                                                                    |  0/1 Time: 0:01:142019-09-17 13:17:12,789 [java.util.concurrent.ThreadPoolExecutor$Worker@6b2a1b54[State = -1, empty queue]] WARN  server.GrpcLogAppender (GrpcLogAppender.java:timeoutAppendRequest(200)) - c5ad2958-1e71-4305-8551-aa22f829f9b0@group-36B53022FF4E->6c3c6da7-32c5-4321-a860-cdd0ae39be33-GrpcLogAppender: appendEntries Timeout, request=c5ad2958-1e71-4305-8551-aa22f829f9b0->6c3c6da7-32c5-4321-a860-cdd0ae39be33#55-t3, previous=(t:3, i:34), leaderCommit=30, initializing? false, entries: <empty>
 0.00% |█                                                                                                    |  0/1 Time: 0:01:15 0.00% |█                                                                                                    |  0/1 Time: 0:01:162019-09-17 13:17:15,291 [java.util.concurrent.ThreadPoolExecutor$Worker@6b2a1b54[State = -1, empty queue]] WARN  server.GrpcLogAppender (GrpcLogAppender.java:timeoutAppendRequest(200)) - c5ad2958-1e71-4305-8551-aa22f829f9b0@group-36B53022FF4E->6c3c6da7-32c5-4321-a860-cdd0ae39be33-GrpcLogAppender: appendEntries Timeout, request=c5ad2958-1e71-4305-8551-aa22f829f9b0->6c3c6da7-32c5-4321-a860-cdd0ae39be33#56-t3, previous=(t:3, i:34), leaderCommit=30, initializing? false, entries: <empty>
2019-09-17 13:17:15,425 [grpc-default-executor-1] INFO  client.GrpcClientProtocolClient (GrpcClientProtocolClient.java:onNext(264)) - client-186B59C0213A->2de42d1e-45de-4f1c-b9d9-c37b95a80a97: receive RaftClientReply:client-186B59C0213A->2de42d1e-45de-4f1c-b9d9-c37b95a80a97@group-36B53022FF4E, cid=28, FAILED org.apache.ratis.protocol.NotLeaderException: Server 2de42d1e-45de-4f1c-b9d9-c37b95a80a97@group-36B53022FF4E is not the leader c5ad2958-1e71-4305-8551-aa22f829f9b0:192.168.5.153:32904, logIndex=0, commits[2de42d1e-45de-4f1c-b9d9-c37b95a80a97:c30, 6c3c6da7-32c5-4321-a860-cdd0ae39be33:c27, c5ad2958-1e71-4305-8551-aa22f829f9b0:c30]
 0.00% |█                                                                                                    |  0/1 Time: 0:01:17 0.00% |█                                                                                                    |  0/1 Time: 0:01:18 0.00% |█                                                                                                    |  0/1 Time: 0:01:192019-09-17 13:17:17,792 [java.util.concurrent.ThreadPoolExecutor$Worker@6b2a1b54[State = -1, empty queue]] WARN  server.GrpcLogAppender (GrpcLogAppender.java:timeoutAppendRequest(200)) - c5ad2958-1e71-4305-8551-aa22f829f9b0@group-36B53022FF4E->6c3c6da7-32c5-4321-a860-cdd0ae39be33-GrpcLogAppender: appendEntries Timeout, request=c5ad2958-1e71-4305-8551-aa22f829f9b0->6c3c6da7-32c5-4321-a860-cdd0ae39be33#57-t3, previous=(t:3, i:34), leaderCommit=30, initializing? false, entries: <empty>
 0.00% |█                                                                                                    |  0/1 Time: 0:01:20 0.00% |█                                                                                                    |  0/1 Time: 0:01:212019-09-17 13:17:19,963 [c5ad2958-1e71-4305-8551-aa22f829f9b0@group-36B53022FF4E-SegmentedRaftLogWorker] WARN  segmented.SegmentedRaftLogWorker (SegmentedRaftLogWorker.java:getFromFuture(90)) - Timeout 5/~
org.apache.ratis.protocol.TimeoutIOException: Timeout 10s: WriteLog:33: (t:3, i:33), STATEMACHINELOGENTRY, client-186B59C0213A, cid=30-writeStateMachineData
	at org.apache.ratis.util.IOUtils.getFromFuture(IOUtils.java:87)
	at org.apache.ratis.server.raftlog.segmented.SegmentedRaftLogWorker$StateMachineDataPolicy.getFromFuture(SegmentedRaftLogWorker.java:87)
	at org.apache.ratis.server.raftlog.segmented.SegmentedRaftLogWorker$WriteLog.execute(SegmentedRaftLogWorker.java:477)
	at org.apache.ratis.server.raftlog.segmented.SegmentedRaftLogWorker.run(SegmentedRaftLogWorker.java:289)
	at java.lang.Thread.run(Thread.java:748)
Caused by: java.util.concurrent.TimeoutException
	at java.util.concurrent.CompletableFuture.timedGet(CompletableFuture.java:1771)
	at java.util.concurrent.CompletableFuture.get(CompletableFuture.java:1915)
	at org.apache.ratis.util.IOUtils.getFromFuture(IOUtils.java:79)
	... 4 more
2019-09-17 13:17:19,996 [6c3c6da7-32c5-4321-a860-cdd0ae39be33@group-36B53022FF4E-SegmentedRaftLogWorker] WARN  segmented.SegmentedRaftLogWorker (SegmentedRaftLogWorker.java:getFromFuture(90)) - Timeout 5/~
org.apache.ratis.protocol.TimeoutIOException: Timeout 10s: WriteLog:33: (t:3, i:33), STATEMACHINELOGENTRY, client-186B59C0213A, cid=30-writeStateMachineData
	at org.apache.ratis.util.IOUtils.getFromFuture(IOUtils.java:87)
	at org.apache.ratis.server.raftlog.segmented.SegmentedRaftLogWorker$StateMachineDataPolicy.getFromFuture(SegmentedRaftLogWorker.java:87)
	at org.apache.ratis.server.raftlog.segmented.SegmentedRaftLogWorker$WriteLog.execute(SegmentedRaftLogWorker.java:477)
	at org.apache.ratis.server.raftlog.segmented.SegmentedRaftLogWorker.run(SegmentedRaftLogWorker.java:289)
	at java.lang.Thread.run(Thread.java:748)
Caused by: java.util.concurrent.TimeoutException
	at java.util.concurrent.CompletableFuture.timedGet(CompletableFuture.java:1771)
	at java.util.concurrent.CompletableFuture.get(CompletableFuture.java:1915)
	at org.apache.ratis.util.IOUtils.getFromFuture(IOUtils.java:79)
	... 4 more
2019-09-17 13:17:20,293 [java.util.concurrent.ThreadPoolExecutor$Worker@6b2a1b54[State = -1, empty queue]] WARN  server.GrpcLogAppender (GrpcLogAppender.java:timeoutAppendRequest(200)) - c5ad2958-1e71-4305-8551-aa22f829f9b0@group-36B53022FF4E->6c3c6da7-32c5-4321-a860-cdd0ae39be33-GrpcLogAppender: appendEntries Timeout, request=c5ad2958-1e71-4305-8551-aa22f829f9b0->6c3c6da7-32c5-4321-a860-cdd0ae39be33#58-t3, previous=(t:3, i:34), leaderCommit=30, initializing? false, entries: <empty>
2019-09-17 13:17:20,493 [grpc-default-executor-1] INFO  client.GrpcClientProtocolClient (GrpcClientProtocolClient.java:onNext(264)) - client-186B59C0213A->2de42d1e-45de-4f1c-b9d9-c37b95a80a97: receive RaftClientReply:client-186B59C0213A->2de42d1e-45de-4f1c-b9d9-c37b95a80a97@group-36B53022FF4E, cid=28, FAILED org.apache.ratis.protocol.NotLeaderException: Server 2de42d1e-45de-4f1c-b9d9-c37b95a80a97@group-36B53022FF4E is not the leader c5ad2958-1e71-4305-8551-aa22f829f9b0:192.168.5.153:32904, logIndex=0, commits[2de42d1e-45de-4f1c-b9d9-c37b95a80a97:c30, 6c3c6da7-32c5-4321-a860-cdd0ae39be33:c27, c5ad2958-1e71-4305-8551-aa22f829f9b0:c30]
 0.00% |█                                                                                                    |  0/1 Time: 0:01:22 0.00% |█                                                                                                    |  0/1 Time: 0:01:23 0.00% |█                                                                                                    |  0/1 Time: 0:01:242019-09-17 13:17:22,795 [java.util.concurrent.ThreadPoolExecutor$Worker@6b2a1b54[State = -1, empty queue]] WARN  server.GrpcLogAppender (GrpcLogAppender.java:timeoutAppendRequest(200)) - c5ad2958-1e71-4305-8551-aa22f829f9b0@group-36B53022FF4E->6c3c6da7-32c5-4321-a860-cdd0ae39be33-GrpcLogAppender: appendEntries Timeout, request=c5ad2958-1e71-4305-8551-aa22f829f9b0->6c3c6da7-32c5-4321-a860-cdd0ae39be33#59-t3, previous=(t:3, i:34), leaderCommit=30, initializing? false, entries: <empty>
 0.00% |█                                                                                                    |  0/1 Time: 0:01:25 0.00% |█                                                                                                    |  0/1 Time: 0:01:262019-09-17 13:17:25,298 [java.util.concurrent.ThreadPoolExecutor$Worker@6b2a1b54[State = -1, empty queue]] WARN  server.GrpcLogAppender (GrpcLogAppender.java:timeoutAppendRequest(200)) - c5ad2958-1e71-4305-8551-aa22f829f9b0@group-36B53022FF4E->6c3c6da7-32c5-4321-a860-cdd0ae39be33-GrpcLogAppender: appendEntries Timeout, request=c5ad2958-1e71-4305-8551-aa22f829f9b0->6c3c6da7-32c5-4321-a860-cdd0ae39be33#60-t3, previous=(t:3, i:34), leaderCommit=30, initializing? false, entries: <empty>
2019-09-17 13:17:25,563 [grpc-default-executor-3] INFO  client.GrpcClientProtocolClient (GrpcClientProtocolClient.java:onNext(264)) - client-186B59C0213A->2de42d1e-45de-4f1c-b9d9-c37b95a80a97: receive RaftClientReply:client-186B59C0213A->2de42d1e-45de-4f1c-b9d9-c37b95a80a97@group-36B53022FF4E, cid=28, FAILED org.apache.ratis.protocol.NotLeaderException: Server 2de42d1e-45de-4f1c-b9d9-c37b95a80a97@group-36B53022FF4E is not the leader c5ad2958-1e71-4305-8551-aa22f829f9b0:192.168.5.153:32904, logIndex=0, commits[2de42d1e-45de-4f1c-b9d9-c37b95a80a97:c30, 6c3c6da7-32c5-4321-a860-cdd0ae39be33:c27, c5ad2958-1e71-4305-8551-aa22f829f9b0:c30]
 0.00% |█                                                                                                    |  0/1 Time: 0:01:27 0.00% |█                                                                                                    |  0/1 Time: 0:01:28 0.00% |█                                                                                                    |  0/1 Time: 0:01:292019-09-17 13:17:27,798 [java.util.concurrent.ThreadPoolExecutor$Worker@6b2a1b54[State = -1, empty queue]] WARN  server.GrpcLogAppender (GrpcLogAppender.java:timeoutAppendRequest(200)) - c5ad2958-1e71-4305-8551-aa22f829f9b0@group-36B53022FF4E->6c3c6da7-32c5-4321-a860-cdd0ae39be33-GrpcLogAppender: appendEntries Timeout, request=c5ad2958-1e71-4305-8551-aa22f829f9b0->6c3c6da7-32c5-4321-a860-cdd0ae39be33#61-t3, previous=(t:3, i:34), leaderCommit=30, initializing? false, entries: <empty>
 0.00% |█                                                                                                    |  0/1 Time: 0:01:30 0.00% |█                                                                                                    |  0/1 Time: 0:01:312019-09-17 13:17:29,967 [c5ad2958-1e71-4305-8551-aa22f829f9b0@group-36B53022FF4E-SegmentedRaftLogWorker] WARN  segmented.SegmentedRaftLogWorker (SegmentedRaftLogWorker.java:getFromFuture(90)) - Timeout 6/~
org.apache.ratis.protocol.TimeoutIOException: Timeout 10s: WriteLog:33: (t:3, i:33), STATEMACHINELOGENTRY, client-186B59C0213A, cid=30-writeStateMachineData
	at org.apache.ratis.util.IOUtils.getFromFuture(IOUtils.java:87)
	at org.apache.ratis.server.raftlog.segmented.SegmentedRaftLogWorker$StateMachineDataPolicy.getFromFuture(SegmentedRaftLogWorker.java:87)
	at org.apache.ratis.server.raftlog.segmented.SegmentedRaftLogWorker$WriteLog.execute(SegmentedRaftLogWorker.java:477)
	at org.apache.ratis.server.raftlog.segmented.SegmentedRaftLogWorker.run(SegmentedRaftLogWorker.java:289)
	at java.lang.Thread.run(Thread.java:748)
Caused by: java.util.concurrent.TimeoutException
	at java.util.concurrent.CompletableFuture.timedGet(CompletableFuture.java:1771)
	at java.util.concurrent.CompletableFuture.get(CompletableFuture.java:1915)
	at org.apache.ratis.util.IOUtils.getFromFuture(IOUtils.java:79)
	... 4 more
2019-09-17 13:17:29,997 [6c3c6da7-32c5-4321-a860-cdd0ae39be33@group-36B53022FF4E-SegmentedRaftLogWorker] WARN  segmented.SegmentedRaftLogWorker (SegmentedRaftLogWorker.java:getFromFuture(90)) - Timeout 6/~
org.apache.ratis.protocol.TimeoutIOException: Timeout 10s: WriteLog:33: (t:3, i:33), STATEMACHINELOGENTRY, client-186B59C0213A, cid=30-writeStateMachineData
	at org.apache.ratis.util.IOUtils.getFromFuture(IOUtils.java:87)
	at org.apache.ratis.server.raftlog.segmented.SegmentedRaftLogWorker$StateMachineDataPolicy.getFromFuture(SegmentedRaftLogWorker.java:87)
	at org.apache.ratis.server.raftlog.segmented.SegmentedRaftLogWorker$WriteLog.execute(SegmentedRaftLogWorker.java:477)
	at org.apache.ratis.server.raftlog.segmented.SegmentedRaftLogWorker.run(SegmentedRaftLogWorker.java:289)
	at java.lang.Thread.run(Thread.java:748)
Caused by: java.util.concurrent.TimeoutException
	at java.util.concurrent.CompletableFuture.timedGet(CompletableFuture.java:1771)
	at java.util.concurrent.CompletableFuture.get(CompletableFuture.java:1915)
	at org.apache.ratis.util.IOUtils.getFromFuture(IOUtils.java:79)
	... 4 more
2019-09-17 13:17:30,299 [java.util.concurrent.ThreadPoolExecutor$Worker@6b2a1b54[State = -1, empty queue]] WARN  server.GrpcLogAppender (GrpcLogAppender.java:timeoutAppendRequest(200)) - c5ad2958-1e71-4305-8551-aa22f829f9b0@group-36B53022FF4E->6c3c6da7-32c5-4321-a860-cdd0ae39be33-GrpcLogAppender: appendEntries Timeout, request=c5ad2958-1e71-4305-8551-aa22f829f9b0->6c3c6da7-32c5-4321-a860-cdd0ae39be33#62-t3, previous=(t:3, i:34), leaderCommit=30, initializing? false, entries: <empty>
2019-09-17 13:17:30,628 [grpc-default-executor-5] INFO  client.GrpcClientProtocolClient (GrpcClientProtocolClient.java:onNext(264)) - client-186B59C0213A->6c3c6da7-32c5-4321-a860-cdd0ae39be33: receive RaftClientReply:client-186B59C0213A->6c3c6da7-32c5-4321-a860-cdd0ae39be33@group-36B53022FF4E, cid=28, FAILED org.apache.ratis.protocol.NotLeaderException: Server 6c3c6da7-32c5-4321-a860-cdd0ae39be33@group-36B53022FF4E is not the leader c5ad2958-1e71-4305-8551-aa22f829f9b0:192.168.5.153:32904, logIndex=0, commits[6c3c6da7-32c5-4321-a860-cdd0ae39be33:c30, 2de42d1e-45de-4f1c-b9d9-c37b95a80a97:c30, c5ad2958-1e71-4305-8551-aa22f829f9b0:c30]
 0.00% |█                                                                                                    |  0/1 Time: 0:01:32 0.00% |█                                                                                                    |  0/1 Time: 0:01:33 0.00% |█                                                                                                    |  0/1 Time: 0:01:342019-09-17 13:17:32,800 [java.util.concurrent.ThreadPoolExecutor$Worker@6b2a1b54[State = -1, empty queue]] WARN  server.GrpcLogAppender (GrpcLogAppender.java:timeoutAppendRequest(200)) - c5ad2958-1e71-4305-8551-aa22f829f9b0@group-36B53022FF4E->6c3c6da7-32c5-4321-a860-cdd0ae39be33-GrpcLogAppender: appendEntries Timeout, request=c5ad2958-1e71-4305-8551-aa22f829f9b0->6c3c6da7-32c5-4321-a860-cdd0ae39be33#63-t3, previous=(t:3, i:34), leaderCommit=30, initializing? false, entries: <empty>
 0.00% |█                                                                                                    |  0/1 Time: 0:01:35 0.00% |█                                                                                                    |  0/1 Time: 0:01:362019-09-17 13:17:35,302 [java.util.concurrent.ThreadPoolExecutor$Worker@6b2a1b54[State = -1, empty queue]] WARN  server.GrpcLogAppender (GrpcLogAppender.java:timeoutAppendRequest(200)) - c5ad2958-1e71-4305-8551-aa22f829f9b0@group-36B53022FF4E->6c3c6da7-32c5-4321-a860-cdd0ae39be33-GrpcLogAppender: appendEntries Timeout, request=c5ad2958-1e71-4305-8551-aa22f829f9b0->6c3c6da7-32c5-4321-a860-cdd0ae39be33#64-t3, previous=(t:3, i:34), leaderCommit=30, initializing? false, entries: <empty>
2019-09-17 13:17:35,688 [grpc-default-executor-5] INFO  client.GrpcClientProtocolClient (GrpcClientProtocolClient.java:onNext(264)) - client-186B59C0213A->6c3c6da7-32c5-4321-a860-cdd0ae39be33: receive RaftClientReply:client-186B59C0213A->6c3c6da7-32c5-4321-a860-cdd0ae39be33@group-36B53022FF4E, cid=28, FAILED org.apache.ratis.protocol.NotLeaderException: Server 6c3c6da7-32c5-4321-a860-cdd0ae39be33@group-36B53022FF4E is not the leader c5ad2958-1e71-4305-8551-aa22f829f9b0:192.168.5.153:32904, logIndex=0, commits[6c3c6da7-32c5-4321-a860-cdd0ae39be33:c30, 2de42d1e-45de-4f1c-b9d9-c37b95a80a97:c30, c5ad2958-1e71-4305-8551-aa22f829f9b0:c30]
 0.00% |█                                                                                                    |  0/1 Time: 0:01:37 0.00% |█                                                                                                    |  0/1 Time: 0:01:38 0.00% |█                                                                                                    |  0/1 Time: 0:01:392019-09-17 13:17:37,803 [java.util.concurrent.ThreadPoolExecutor$Worker@6b2a1b54[State = -1, empty queue]] WARN  server.GrpcLogAppender (GrpcLogAppender.java:timeoutAppendRequest(200)) - c5ad2958-1e71-4305-8551-aa22f829f9b0@group-36B53022FF4E->6c3c6da7-32c5-4321-a860-cdd0ae39be33-GrpcLogAppender: appendEntries Timeout, request=c5ad2958-1e71-4305-8551-aa22f829f9b0->6c3c6da7-32c5-4321-a860-cdd0ae39be33#65-t3, previous=(t:3, i:34), leaderCommit=30, initializing? false, entries: <empty>
 0.00% |█                                                                                                    |  0/1 Time: 0:01:40 0.00% |█                                                                                                    |  0/1 Time: 0:01:412019-09-17 13:17:39,972 [c5ad2958-1e71-4305-8551-aa22f829f9b0@group-36B53022FF4E-SegmentedRaftLogWorker] WARN  segmented.SegmentedRaftLogWorker (SegmentedRaftLogWorker.java:getFromFuture(90)) - Timeout 7/~
org.apache.ratis.protocol.TimeoutIOException: Timeout 10s: WriteLog:33: (t:3, i:33), STATEMACHINELOGENTRY, client-186B59C0213A, cid=30-writeStateMachineData
	at org.apache.ratis.util.IOUtils.getFromFuture(IOUtils.java:87)
	at org.apache.ratis.server.raftlog.segmented.SegmentedRaftLogWorker$StateMachineDataPolicy.getFromFuture(SegmentedRaftLogWorker.java:87)
	at org.apache.ratis.server.raftlog.segmented.SegmentedRaftLogWorker$WriteLog.execute(SegmentedRaftLogWorker.java:477)
	at org.apache.ratis.server.raftlog.segmented.SegmentedRaftLogWorker.run(SegmentedRaftLogWorker.java:289)
	at java.lang.Thread.run(Thread.java:748)
Caused by: java.util.concurrent.TimeoutException
	at java.util.concurrent.CompletableFuture.timedGet(CompletableFuture.java:1771)
	at java.util.concurrent.CompletableFuture.get(CompletableFuture.java:1915)
	at org.apache.ratis.util.IOUtils.getFromFuture(IOUtils.java:79)
	... 4 more
2019-09-17 13:17:39,998 [6c3c6da7-32c5-4321-a860-cdd0ae39be33@group-36B53022FF4E-SegmentedRaftLogWorker] WARN  segmented.SegmentedRaftLogWorker (SegmentedRaftLogWorker.java:getFromFuture(90)) - Timeout 7/~
org.apache.ratis.protocol.TimeoutIOException: Timeout 10s: WriteLog:33: (t:3, i:33), STATEMACHINELOGENTRY, client-186B59C0213A, cid=30-writeStateMachineData
	at org.apache.ratis.util.IOUtils.getFromFuture(IOUtils.java:87)
	at org.apache.ratis.server.raftlog.segmented.SegmentedRaftLogWorker$StateMachineDataPolicy.getFromFuture(SegmentedRaftLogWorker.java:87)
	at org.apache.ratis.server.raftlog.segmented.SegmentedRaftLogWorker$WriteLog.execute(SegmentedRaftLogWorker.java:477)
	at org.apache.ratis.server.raftlog.segmented.SegmentedRaftLogWorker.run(SegmentedRaftLogWorker.java:289)
	at java.lang.Thread.run(Thread.java:748)
Caused by: java.util.concurrent.TimeoutException
	at java.util.concurrent.CompletableFuture.timedGet(CompletableFuture.java:1771)
	at java.util.concurrent.CompletableFuture.get(CompletableFuture.java:1915)
	at org.apache.ratis.util.IOUtils.getFromFuture(IOUtils.java:79)
	... 4 more
2019-09-17 13:17:40,305 [java.util.concurrent.ThreadPoolExecutor$Worker@6b2a1b54[State = -1, empty queue]] WARN  server.GrpcLogAppender (GrpcLogAppender.java:timeoutAppendRequest(200)) - c5ad2958-1e71-4305-8551-aa22f829f9b0@group-36B53022FF4E->6c3c6da7-32c5-4321-a860-cdd0ae39be33-GrpcLogAppender: appendEntries Timeout, request=c5ad2958-1e71-4305-8551-aa22f829f9b0->6c3c6da7-32c5-4321-a860-cdd0ae39be33#66-t3, previous=(t:3, i:34), leaderCommit=30, initializing? false, entries: <empty>
 0.00% |█                                                                                                    |  0/1 Time: 0:01:422019-09-17 13:17:40,946 [grpc-default-executor-3] INFO  client.GrpcClientProtocolClient (GrpcClientProtocolClient.java:onNext(264)) - client-186B59C0213A->2de42d1e-45de-4f1c-b9d9-c37b95a80a97: receive RaftClientReply:client-186B59C0213A->2de42d1e-45de-4f1c-b9d9-c37b95a80a97@group-36B53022FF4E, cid=28, FAILED org.apache.ratis.protocol.NotLeaderException: Server 2de42d1e-45de-4f1c-b9d9-c37b95a80a97@group-36B53022FF4E is not the leader c5ad2958-1e71-4305-8551-aa22f829f9b0:192.168.5.153:32904, logIndex=0, commits[2de42d1e-45de-4f1c-b9d9-c37b95a80a97:c30, 6c3c6da7-32c5-4321-a860-cdd0ae39be33:c27, c5ad2958-1e71-4305-8551-aa22f829f9b0:c30]
 0.00% |█                                                                                                    |  0/1 Time: 0:01:43 0.00% |█                                                                                                    |  0/1 Time: 0:01:442019-09-17 13:17:42,806 [java.util.concurrent.ThreadPoolExecutor$Worker@6b2a1b54[State = -1, empty queue]] WARN  server.GrpcLogAppender (GrpcLogAppender.java:timeoutAppendRequest(200)) - c5ad2958-1e71-4305-8551-aa22f829f9b0@group-36B53022FF4E->6c3c6da7-32c5-4321-a860-cdd0ae39be33-GrpcLogAppender: appendEntries Timeout, request=c5ad2958-1e71-4305-8551-aa22f829f9b0->6c3c6da7-32c5-4321-a860-cdd0ae39be33#67-t3, previous=(t:3, i:34), leaderCommit=30, initializing? false, entries: <empty>
 0.00% |█                                                                                                    |  0/1 Time: 0:01:45 0.00% |█                                                                                                    |  0/1 Time: 0:01:462019-09-17 13:17:45,307 [java.util.concurrent.ThreadPoolExecutor$Worker@6b2a1b54[State = -1, empty queue]] WARN  server.GrpcLogAppender (GrpcLogAppender.java:timeoutAppendRequest(200)) - c5ad2958-1e71-4305-8551-aa22f829f9b0@group-36B53022FF4E->6c3c6da7-32c5-4321-a860-cdd0ae39be33-GrpcLogAppender: appendEntries Timeout, request=c5ad2958-1e71-4305-8551-aa22f829f9b0->6c3c6da7-32c5-4321-a860-cdd0ae39be33#68-t3, previous=(t:3, i:34), leaderCommit=30, initializing? false, entries: <empty>
 0.00% |█                                                                                                    |  0/1 Time: 0:01:472019-09-17 13:17:46,012 [grpc-default-executor-3] INFO  client.GrpcClientProtocolClient (GrpcClientProtocolClient.java:onNext(264)) - client-186B59C0213A->6c3c6da7-32c5-4321-a860-cdd0ae39be33: receive RaftClientReply:client-186B59C0213A->6c3c6da7-32c5-4321-a860-cdd0ae39be33@group-36B53022FF4E, cid=28, FAILED org.apache.ratis.protocol.NotLeaderException: Server 6c3c6da7-32c5-4321-a860-cdd0ae39be33@group-36B53022FF4E is not the leader c5ad2958-1e71-4305-8551-aa22f829f9b0:192.168.5.153:32904, logIndex=0, commits[6c3c6da7-32c5-4321-a860-cdd0ae39be33:c30, 2de42d1e-45de-4f1c-b9d9-c37b95a80a97:c30, c5ad2958-1e71-4305-8551-aa22f829f9b0:c30]
 0.00% |█                                                                                                    |  0/1 Time: 0:01:48 0.00% |█                                                                                                    |  0/1 Time: 0:01:492019-09-17 13:17:47,809 [java.util.concurrent.ThreadPoolExecutor$Worker@6b2a1b54[State = -1, empty queue]] WARN  server.GrpcLogAppender (GrpcLogAppender.java:timeoutAppendRequest(200)) - c5ad2958-1e71-4305-8551-aa22f829f9b0@group-36B53022FF4E->6c3c6da7-32c5-4321-a860-cdd0ae39be33-GrpcLogAppender: appendEntries Timeout, request=c5ad2958-1e71-4305-8551-aa22f829f9b0->6c3c6da7-32c5-4321-a860-cdd0ae39be33#69-t3, previous=(t:3, i:34), leaderCommit=30, initializing? false, entries: <empty>
 0.00% |█                                                                                                    |  0/1 Time: 0:01:50 0.00% |█                                                                                                    |  0/1 Time: 0:01:512019-09-17 13:17:49,976 [c5ad2958-1e71-4305-8551-aa22f829f9b0@group-36B53022FF4E-SegmentedRaftLogWorker] WARN  segmented.SegmentedRaftLogWorker (SegmentedRaftLogWorker.java:getFromFuture(90)) - Timeout 8/~
org.apache.ratis.protocol.TimeoutIOException: Timeout 10s: WriteLog:33: (t:3, i:33), STATEMACHINELOGENTRY, client-186B59C0213A, cid=30-writeStateMachineData
	at org.apache.ratis.util.IOUtils.getFromFuture(IOUtils.java:87)
	at org.apache.ratis.server.raftlog.segmented.SegmentedRaftLogWorker$StateMachineDataPolicy.getFromFuture(SegmentedRaftLogWorker.java:87)
	at org.apache.ratis.server.raftlog.segmented.SegmentedRaftLogWorker$WriteLog.execute(SegmentedRaftLogWorker.java:477)
	at org.apache.ratis.server.raftlog.segmented.SegmentedRaftLogWorker.run(SegmentedRaftLogWorker.java:289)
	at java.lang.Thread.run(Thread.java:748)
Caused by: java.util.concurrent.TimeoutException
	at java.util.concurrent.CompletableFuture.timedGet(CompletableFuture.java:1771)
	at java.util.concurrent.CompletableFuture.get(CompletableFuture.java:1915)
	at org.apache.ratis.util.IOUtils.getFromFuture(IOUtils.java:79)
	... 4 more
2019-09-17 13:17:49,999 [6c3c6da7-32c5-4321-a860-cdd0ae39be33@group-36B53022FF4E-SegmentedRaftLogWorker] WARN  segmented.SegmentedRaftLogWorker (SegmentedRaftLogWorker.java:getFromFuture(90)) - Timeout 8/~
org.apache.ratis.protocol.TimeoutIOException: Timeout 10s: WriteLog:33: (t:3, i:33), STATEMACHINELOGENTRY, client-186B59C0213A, cid=30-writeStateMachineData
	at org.apache.ratis.util.IOUtils.getFromFuture(IOUtils.java:87)
	at org.apache.ratis.server.raftlog.segmented.SegmentedRaftLogWorker$StateMachineDataPolicy.getFromFuture(SegmentedRaftLogWorker.java:87)
	at org.apache.ratis.server.raftlog.segmented.SegmentedRaftLogWorker$WriteLog.execute(SegmentedRaftLogWorker.java:477)
	at org.apache.ratis.server.raftlog.segmented.SegmentedRaftLogWorker.run(SegmentedRaftLogWorker.java:289)
	at java.lang.Thread.run(Thread.java:748)
Caused by: java.util.concurrent.TimeoutException
	at java.util.concurrent.CompletableFuture.timedGet(CompletableFuture.java:1771)
	at java.util.concurrent.CompletableFuture.get(CompletableFuture.java:1915)
	at org.apache.ratis.util.IOUtils.getFromFuture(IOUtils.java:79)
	... 4 more
2019-09-17 13:17:50,309 [java.util.concurrent.ThreadPoolExecutor$Worker@6b2a1b54[State = -1, empty queue]] WARN  server.GrpcLogAppender (GrpcLogAppender.java:timeoutAppendRequest(200)) - c5ad2958-1e71-4305-8551-aa22f829f9b0@group-36B53022FF4E->6c3c6da7-32c5-4321-a860-cdd0ae39be33-GrpcLogAppender: appendEntries Timeout, request=c5ad2958-1e71-4305-8551-aa22f829f9b0->6c3c6da7-32c5-4321-a860-cdd0ae39be33#70-t3, previous=(t:3, i:34), leaderCommit=30, initializing? false, entries: <empty>
 0.00% |█                                                                                                    |  0/1 Time: 0:01:522019-09-17 13:17:51,080 [grpc-default-executor-3] INFO  client.GrpcClientProtocolClient (GrpcClientProtocolClient.java:onNext(264)) - client-186B59C0213A->2de42d1e-45de-4f1c-b9d9-c37b95a80a97: receive RaftClientReply:client-186B59C0213A->2de42d1e-45de-4f1c-b9d9-c37b95a80a97@group-36B53022FF4E, cid=28, FAILED org.apache.ratis.protocol.NotLeaderException: Server 2de42d1e-45de-4f1c-b9d9-c37b95a80a97@group-36B53022FF4E is not the leader c5ad2958-1e71-4305-8551-aa22f829f9b0:192.168.5.153:32904, logIndex=0, commits[2de42d1e-45de-4f1c-b9d9-c37b95a80a97:c30, 6c3c6da7-32c5-4321-a860-cdd0ae39be33:c27, c5ad2958-1e71-4305-8551-aa22f829f9b0:c30]
 0.00% |█                                                                                                    |  0/1 Time: 0:01:53 0.00% |█                                                                                                    |  0/1 Time: 0:01:542019-09-17 13:17:52,812 [java.util.concurrent.ThreadPoolExecutor$Worker@6b2a1b54[State = -1, empty queue]] WARN  server.GrpcLogAppender (GrpcLogAppender.java:timeoutAppendRequest(200)) - c5ad2958-1e71-4305-8551-aa22f829f9b0@group-36B53022FF4E->6c3c6da7-32c5-4321-a860-cdd0ae39be33-GrpcLogAppender: appendEntries Timeout, request=c5ad2958-1e71-4305-8551-aa22f829f9b0->6c3c6da7-32c5-4321-a860-cdd0ae39be33#71-t3, previous=(t:3, i:34), leaderCommit=30, initializing? false, entries: <empty>
 0.00% |█                                                                                                    |  0/1 Time: 0:01:55 0.00% |█                                                                                                    |  0/1 Time: 0:01:562019-09-17 13:17:55,314 [java.util.concurrent.ThreadPoolExecutor$Worker@6b2a1b54[State = -1, empty queue]] WARN  server.GrpcLogAppender (GrpcLogAppender.java:timeoutAppendRequest(200)) - c5ad2958-1e71-4305-8551-aa22f829f9b0@group-36B53022FF4E->6c3c6da7-32c5-4321-a860-cdd0ae39be33-GrpcLogAppender: appendEntries Timeout, request=c5ad2958-1e71-4305-8551-aa22f829f9b0->6c3c6da7-32c5-4321-a860-cdd0ae39be33#72-t3, previous=(t:3, i:34), leaderCommit=30, initializing? false, entries: <empty>
 0.00% |█                                                                                                    |  0/1 Time: 0:01:572019-09-17 13:17:56,142 [grpc-default-executor-3] INFO  client.GrpcClientProtocolClient (GrpcClientProtocolClient.java:onNext(264)) - client-186B59C0213A->6c3c6da7-32c5-4321-a860-cdd0ae39be33: receive RaftClientReply:client-186B59C0213A->6c3c6da7-32c5-4321-a860-cdd0ae39be33@group-36B53022FF4E, cid=28, FAILED org.apache.ratis.protocol.NotLeaderException: Server 6c3c6da7-32c5-4321-a860-cdd0ae39be33@group-36B53022FF4E is not the leader c5ad2958-1e71-4305-8551-aa22f829f9b0:192.168.5.153:32904, logIndex=0, commits[6c3c6da7-32c5-4321-a860-cdd0ae39be33:c30, 2de42d1e-45de-4f1c-b9d9-c37b95a80a97:c30, c5ad2958-1e71-4305-8551-aa22f829f9b0:c30]
 0.00% |█                                                                                                    |  0/1 Time: 0:01:58 0.00% |█                                                                                                    |  0/1 Time: 0:01:592019-09-17 13:17:57,815 [java.util.concurrent.ThreadPoolExecutor$Worker@6b2a1b54[State = -1, empty queue]] WARN  server.GrpcLogAppender (GrpcLogAppender.java:timeoutAppendRequest(200)) - c5ad2958-1e71-4305-8551-aa22f829f9b0@group-36B53022FF4E->6c3c6da7-32c5-4321-a860-cdd0ae39be33-GrpcLogAppender: appendEntries Timeout, request=c5ad2958-1e71-4305-8551-aa22f829f9b0->6c3c6da7-32c5-4321-a860-cdd0ae39be33#73-t3, previous=(t:3, i:34), leaderCommit=30, initializing? false, entries: <empty>
 0.00% |█                                                                                                    |  0/1 Time: 0:02:00 0.00% |█                                                                                                    |  0/1 Time: 0:02:012019-09-17 13:17:59,982 [c5ad2958-1e71-4305-8551-aa22f829f9b0@group-36B53022FF4E-SegmentedRaftLogWorker] WARN  segmented.SegmentedRaftLogWorker (SegmentedRaftLogWorker.java:getFromFuture(90)) - Timeout 9/~
org.apache.ratis.protocol.TimeoutIOException: Timeout 10s: WriteLog:33: (t:3, i:33), STATEMACHINELOGENTRY, client-186B59C0213A, cid=30-writeStateMachineData
	at org.apache.ratis.util.IOUtils.getFromFuture(IOUtils.java:87)
	at org.apache.ratis.server.raftlog.segmented.SegmentedRaftLogWorker$StateMachineDataPolicy.getFromFuture(SegmentedRaftLogWorker.java:87)
	at org.apache.ratis.server.raftlog.segmented.SegmentedRaftLogWorker$WriteLog.execute(SegmentedRaftLogWorker.java:477)
	at org.apache.ratis.server.raftlog.segmented.SegmentedRaftLogWorker.run(SegmentedRaftLogWorker.java:289)
	at java.lang.Thread.run(Thread.java:748)
Caused by: java.util.concurrent.TimeoutException
	at java.util.concurrent.CompletableFuture.timedGet(CompletableFuture.java:1771)
	at java.util.concurrent.CompletableFuture.get(CompletableFuture.java:1915)
	at org.apache.ratis.util.IOUtils.getFromFuture(IOUtils.java:79)
	... 4 more
2019-09-17 13:18:00,000 [6c3c6da7-32c5-4321-a860-cdd0ae39be33@group-36B53022FF4E-SegmentedRaftLogWorker] WARN  segmented.SegmentedRaftLogWorker (SegmentedRaftLogWorker.java:getFromFuture(90)) - Timeout 9/~
org.apache.ratis.protocol.TimeoutIOException: Timeout 10s: WriteLog:33: (t:3, i:33), STATEMACHINELOGENTRY, client-186B59C0213A, cid=30-writeStateMachineData
	at org.apache.ratis.util.IOUtils.getFromFuture(IOUtils.java:87)
	at org.apache.ratis.server.raftlog.segmented.SegmentedRaftLogWorker$StateMachineDataPolicy.getFromFuture(SegmentedRaftLogWorker.java:87)
	at org.apache.ratis.server.raftlog.segmented.SegmentedRaftLogWorker$WriteLog.execute(SegmentedRaftLogWorker.java:477)
	at org.apache.ratis.server.raftlog.segmented.SegmentedRaftLogWorker.run(SegmentedRaftLogWorker.java:289)
	at java.lang.Thread.run(Thread.java:748)
Caused by: java.util.concurrent.TimeoutException
	at java.util.concurrent.CompletableFuture.timedGet(CompletableFuture.java:1771)
	at java.util.concurrent.CompletableFuture.get(CompletableFuture.java:1915)
	at org.apache.ratis.util.IOUtils.getFromFuture(IOUtils.java:79)
	... 4 more
2019-09-17 13:18:00,318 [java.util.concurrent.ThreadPoolExecutor$Worker@6b2a1b54[State = -1, empty queue]] WARN  server.GrpcLogAppender (GrpcLogAppender.java:timeoutAppendRequest(200)) - c5ad2958-1e71-4305-8551-aa22f829f9b0@group-36B53022FF4E->6c3c6da7-32c5-4321-a860-cdd0ae39be33-GrpcLogAppender: appendEntries Timeout, request=c5ad2958-1e71-4305-8551-aa22f829f9b0->6c3c6da7-32c5-4321-a860-cdd0ae39be33#74-t3, previous=(t:3, i:34), leaderCommit=30, initializing? false, entries: <empty>
 0.00% |█                                                                                                    |  0/1 Time: 0:02:022019-09-17 13:18:01,218 [grpc-default-executor-3] INFO  client.GrpcClientProtocolClient (GrpcClientProtocolClient.java:onNext(264)) - client-186B59C0213A->6c3c6da7-32c5-4321-a860-cdd0ae39be33: receive RaftClientReply:client-186B59C0213A->6c3c6da7-32c5-4321-a860-cdd0ae39be33@group-36B53022FF4E, cid=28, FAILED org.apache.ratis.protocol.NotLeaderException: Server 6c3c6da7-32c5-4321-a860-cdd0ae39be33@group-36B53022FF4E is not the leader c5ad2958-1e71-4305-8551-aa22f829f9b0:192.168.5.153:32904, logIndex=0, commits[6c3c6da7-32c5-4321-a860-cdd0ae39be33:c30, 2de42d1e-45de-4f1c-b9d9-c37b95a80a97:c30, c5ad2958-1e71-4305-8551-aa22f829f9b0:c30]
 0.00% |█                                                                                                    |  0/1 Time: 0:02:03 0.00% |█                                                                                                    |  0/1 Time: 0:02:042019-09-17 13:18:02,819 [java.util.concurrent.ThreadPoolExecutor$Worker@6b2a1b54[State = -1, empty queue]] WARN  server.GrpcLogAppender (GrpcLogAppender.java:timeoutAppendRequest(200)) - c5ad2958-1e71-4305-8551-aa22f829f9b0@group-36B53022FF4E->6c3c6da7-32c5-4321-a860-cdd0ae39be33-GrpcLogAppender: appendEntries Timeout, request=c5ad2958-1e71-4305-8551-aa22f829f9b0->6c3c6da7-32c5-4321-a860-cdd0ae39be33#75-t3, previous=(t:3, i:34), leaderCommit=30, initializing? false, entries: <empty>
 0.00% |█                                                                                                    |  0/1 Time: 0:02:05 0.00% |█                                                                                                    |  0/1 Time: 0:02:062019-09-17 13:18:05,320 [java.util.concurrent.ThreadPoolExecutor$Worker@6b2a1b54[State = -1, empty queue]] WARN  server.GrpcLogAppender (GrpcLogAppender.java:timeoutAppendRequest(200)) - c5ad2958-1e71-4305-8551-aa22f829f9b0@group-36B53022FF4E->6c3c6da7-32c5-4321-a860-cdd0ae39be33-GrpcLogAppender: appendEntries Timeout, request=c5ad2958-1e71-4305-8551-aa22f829f9b0->6c3c6da7-32c5-4321-a860-cdd0ae39be33#76-t3, previous=(t:3, i:34), leaderCommit=30, initializing? false, entries: <empty>
 0.00% |█                                                                                                    |  0/1 Time: 0:02:072019-09-17 13:18:06,270 [grpc-default-executor-3] INFO  client.GrpcClientProtocolClient (GrpcClientProtocolClient.java:onNext(264)) - client-186B59C0213A->6c3c6da7-32c5-4321-a860-cdd0ae39be33: receive RaftClientReply:client-186B59C0213A->6c3c6da7-32c5-4321-a860-cdd0ae39be33@group-36B53022FF4E, cid=28, FAILED org.apache.ratis.protocol.NotLeaderException: Server 6c3c6da7-32c5-4321-a860-cdd0ae39be33@group-36B53022FF4E is not the leader c5ad2958-1e71-4305-8551-aa22f829f9b0:192.168.5.153:32904, logIndex=0, commits[6c3c6da7-32c5-4321-a860-cdd0ae39be33:c30, 2de42d1e-45de-4f1c-b9d9-c37b95a80a97:c30, c5ad2958-1e71-4305-8551-aa22f829f9b0:c30]
 0.00% |█                                                                                                    |  0/1 Time: 0:02:08 0.00% |█                                                                                                    |  0/1 Time: 0:02:092019-09-17 13:18:07,821 [java.util.concurrent.ThreadPoolExecutor$Worker@6b2a1b54[State = -1, empty queue]] WARN  server.GrpcLogAppender (GrpcLogAppender.java:timeoutAppendRequest(200)) - c5ad2958-1e71-4305-8551-aa22f829f9b0@group-36B53022FF4E->6c3c6da7-32c5-4321-a860-cdd0ae39be33-GrpcLogAppender: appendEntries Timeout, request=c5ad2958-1e71-4305-8551-aa22f829f9b0->6c3c6da7-32c5-4321-a860-cdd0ae39be33#77-t3, previous=(t:3, i:34), leaderCommit=30, initializing? false, entries: <empty>
 0.00% |█                                                                                                    |  0/1 Time: 0:02:10 0.00% |█                                                                                                    |  0/1 Time: 0:02:112019-09-17 13:18:09,987 [c5ad2958-1e71-4305-8551-aa22f829f9b0@group-36B53022FF4E-SegmentedRaftLogWorker] WARN  segmented.SegmentedRaftLogWorker (SegmentedRaftLogWorker.java:getFromFuture(90)) - Timeout 10/~
org.apache.ratis.protocol.TimeoutIOException: Timeout 10s: WriteLog:33: (t:3, i:33), STATEMACHINELOGENTRY, client-186B59C0213A, cid=30-writeStateMachineData
	at org.apache.ratis.util.IOUtils.getFromFuture(IOUtils.java:87)
	at org.apache.ratis.server.raftlog.segmented.SegmentedRaftLogWorker$StateMachineDataPolicy.getFromFuture(SegmentedRaftLogWorker.java:87)
	at org.apache.ratis.server.raftlog.segmented.SegmentedRaftLogWorker$WriteLog.execute(SegmentedRaftLogWorker.java:477)
	at org.apache.ratis.server.raftlog.segmented.SegmentedRaftLogWorker.run(SegmentedRaftLogWorker.java:289)
	at java.lang.Thread.run(Thread.java:748)
Caused by: java.util.concurrent.TimeoutException
	at java.util.concurrent.CompletableFuture.timedGet(CompletableFuture.java:1771)
	at java.util.concurrent.CompletableFuture.get(CompletableFuture.java:1915)
	at org.apache.ratis.util.IOUtils.getFromFuture(IOUtils.java:79)
	... 4 more
2019-09-17 13:18:10,012 [6c3c6da7-32c5-4321-a860-cdd0ae39be33@group-36B53022FF4E-SegmentedRaftLogWorker] WARN  segmented.SegmentedRaftLogWorker (SegmentedRaftLogWorker.java:getFromFuture(90)) - Timeout 10/~
org.apache.ratis.protocol.TimeoutIOException: Timeout 10s: WriteLog:33: (t:3, i:33), STATEMACHINELOGENTRY, client-186B59C0213A, cid=30-writeStateMachineData
	at org.apache.ratis.util.IOUtils.getFromFuture(IOUtils.java:87)
	at org.apache.ratis.server.raftlog.segmented.SegmentedRaftLogWorker$StateMachineDataPolicy.getFromFuture(SegmentedRaftLogWorker.java:87)
	at org.apache.ratis.server.raftlog.segmented.SegmentedRaftLogWorker$WriteLog.execute(SegmentedRaftLogWorker.java:477)
	at org.apache.ratis.server.raftlog.segmented.SegmentedRaftLogWorker.run(SegmentedRaftLogWorker.java:289)
	at java.lang.Thread.run(Thread.java:748)
Caused by: java.util.concurrent.TimeoutException
	at java.util.concurrent.CompletableFuture.timedGet(CompletableFuture.java:1771)
	at java.util.concurrent.CompletableFuture.get(CompletableFuture.java:1915)
	at org.apache.ratis.util.IOUtils.getFromFuture(IOUtils.java:79)
	... 4 more
2019-09-17 13:18:10,322 [java.util.concurrent.ThreadPoolExecutor$Worker@6b2a1b54[State = -1, empty queue]] WARN  server.GrpcLogAppender (GrpcLogAppender.java:timeoutAppendRequest(200)) - c5ad2958-1e71-4305-8551-aa22f829f9b0@group-36B53022FF4E->6c3c6da7-32c5-4321-a860-cdd0ae39be33-GrpcLogAppender: appendEntries Timeout, request=c5ad2958-1e71-4305-8551-aa22f829f9b0->6c3c6da7-32c5-4321-a860-cdd0ae39be33#78-t3, previous=(t:3, i:34), leaderCommit=30, initializing? false, entries: <empty>
 0.00% |█                                                                                                    |  0/1 Time: 0:02:122019-09-17 13:18:11,322 [grpc-default-executor-3] INFO  client.GrpcClientProtocolClient (GrpcClientProtocolClient.java:onNext(264)) - client-186B59C0213A->6c3c6da7-32c5-4321-a860-cdd0ae39be33: receive RaftClientReply:client-186B59C0213A->6c3c6da7-32c5-4321-a860-cdd0ae39be33@group-36B53022FF4E, cid=28, FAILED org.apache.ratis.protocol.NotLeaderException: Server 6c3c6da7-32c5-4321-a860-cdd0ae39be33@group-36B53022FF4E is not the leader c5ad2958-1e71-4305-8551-aa22f829f9b0:192.168.5.153:32904, logIndex=0, commits[6c3c6da7-32c5-4321-a860-cdd0ae39be33:c30, 2de42d1e-45de-4f1c-b9d9-c37b95a80a97:c30, c5ad2958-1e71-4305-8551-aa22f829f9b0:c30]
 0.00% |█                                                                                                    |  0/1 Time: 0:02:13 0.00% |█                                                                                                    |  0/1 Time: 0:02:142019-09-17 13:18:12,822 [java.util.concurrent.ThreadPoolExecutor$Worker@6b2a1b54[State = -1, empty queue]] WARN  server.GrpcLogAppender (GrpcLogAppender.java:timeoutAppendRequest(200)) - c5ad2958-1e71-4305-8551-aa22f829f9b0@group-36B53022FF4E->6c3c6da7-32c5-4321-a860-cdd0ae39be33-GrpcLogAppender: appendEntries Timeout, request=c5ad2958-1e71-4305-8551-aa22f829f9b0->6c3c6da7-32c5-4321-a860-cdd0ae39be33#79-t3, previous=(t:3, i:34), leaderCommit=30, initializing? false, entries: <empty>
 0.00% |█                                                                                                    |  0/1 Time: 0:02:15 0.00% |█                                                                                                    |  0/1 Time: 0:02:162019-09-17 13:18:15,323 [java.util.concurrent.ThreadPoolExecutor$Worker@6b2a1b54[State = -1, empty queue]] WARN  server.GrpcLogAppender (GrpcLogAppender.java:timeoutAppendRequest(200)) - c5ad2958-1e71-4305-8551-aa22f829f9b0@group-36B53022FF4E->6c3c6da7-32c5-4321-a860-cdd0ae39be33-GrpcLogAppender: appendEntries Timeout, request=c5ad2958-1e71-4305-8551-aa22f829f9b0->6c3c6da7-32c5-4321-a860-cdd0ae39be33#80-t3, previous=(t:3, i:34), leaderCommit=30, initializing? false, entries: <empty>
 0.00% |█                                                                                                    |  0/1 Time: 0:02:172019-09-17 13:18:16,386 [grpc-default-executor-5] INFO  client.GrpcClientProtocolClient (GrpcClientProtocolClient.java:onNext(264)) - client-186B59C0213A->6c3c6da7-32c5-4321-a860-cdd0ae39be33: receive RaftClientReply:client-186B59C0213A->6c3c6da7-32c5-4321-a860-cdd0ae39be33@group-36B53022FF4E, cid=28, FAILED org.apache.ratis.protocol.NotLeaderException: Server 6c3c6da7-32c5-4321-a860-cdd0ae39be33@group-36B53022FF4E is not the leader c5ad2958-1e71-4305-8551-aa22f829f9b0:192.168.5.153:32904, logIndex=0, commits[6c3c6da7-32c5-4321-a860-cdd0ae39be33:c30, 2de42d1e-45de-4f1c-b9d9-c37b95a80a97:c30, c5ad2958-1e71-4305-8551-aa22f829f9b0:c30]
 0.00% |█                                                                                                    |  0/1 Time: 0:02:18 0.00% |█                                                                                                    |  0/1 Time: 0:02:192019-09-17 13:18:17,824 [java.util.concurrent.ThreadPoolExecutor$Worker@6b2a1b54[State = -1, empty queue]] WARN  server.GrpcLogAppender (GrpcLogAppender.java:timeoutAppendRequest(200)) - c5ad2958-1e71-4305-8551-aa22f829f9b0@group-36B53022FF4E->6c3c6da7-32c5-4321-a860-cdd0ae39be33-GrpcLogAppender: appendEntries Timeout, request=c5ad2958-1e71-4305-8551-aa22f829f9b0->6c3c6da7-32c5-4321-a860-cdd0ae39be33#81-t3, previous=(t:3, i:34), leaderCommit=30, initializing? false, entries: <empty>
 0.00% |█                                                                                                    |  0/1 Time: 0:02:20 0.00% |█                                                                                                    |  0/1 Time: 0:02:212019-09-17 13:18:19,860 [org.apache.ratis.server.impl.LogAppender$AppenderDaemon$$Lambda$695/1012440095@4f9c6ed4] ERROR ratis.XceiverServerRatis (XceiverServerRatis.java:triggerPipelineClose(575)) - pipeline Action CLOSE  on pipeline PipelineID=b75cb183-17d1-419a-aaf4-36b53022ff4e.Reason : c5ad2958-1e71-4305-8551-aa22f829f9b0 has not seen follower/s 6c3c6da7-32c5-4321-a860-cdd0ae39be33 for 120116ms
2019-09-17 13:18:19,965 [EventQueue-PipelineActionsForPipelineActionHandler] ERROR pipeline.PipelineActionHandler (PipelineActionHandler.java:onMessage(60)) - Received pipeline action CLOSE for Pipeline[ Id: b75cb183-17d1-419a-aaf4-36b53022ff4e, Nodes: 2de42d1e-45de-4f1c-b9d9-c37b95a80a97{ip: 192.168.5.153, host: pr-hdds-2137-trunk-mnh2s-3748177197, networkLocation: /default-rack, certSerialId: null}6c3c6da7-32c5-4321-a860-cdd0ae39be33{ip: 192.168.5.153, host: pr-hdds-2137-trunk-mnh2s-3748177197, networkLocation: /default-rack, certSerialId: null}c5ad2958-1e71-4305-8551-aa22f829f9b0{ip: 192.168.5.153, host: pr-hdds-2137-trunk-mnh2s-3748177197, networkLocation: /default-rack, certSerialId: null}, Type:RATIS, Factor:THREE, State:OPEN] from datanode c5ad2958-1e71-4305-8551-aa22f829f9b0{ip: 192.168.5.153, host: pr-hdds-2137-trunk-mnh2s-3748177197, networkLocation: /default-rack, certSerialId: null}. Reason : c5ad2958-1e71-4305-8551-aa22f829f9b0 has not seen follower/s 6c3c6da7-32c5-4321-a860-cdd0ae39be33 for 120116ms
2019-09-17 13:18:19,965 [EventQueue-PipelineActionsForPipelineActionHandler] INFO  pipeline.SCMPipelineManager (SCMPipelineManager.java:finalizeAndDestroyPipeline(311)) - destroying pipeline:Pipeline[ Id: b75cb183-17d1-419a-aaf4-36b53022ff4e, Nodes: 2de42d1e-45de-4f1c-b9d9-c37b95a80a97{ip: 192.168.5.153, host: pr-hdds-2137-trunk-mnh2s-3748177197, networkLocation: /default-rack, certSerialId: null}6c3c6da7-32c5-4321-a860-cdd0ae39be33{ip: 192.168.5.153, host: pr-hdds-2137-trunk-mnh2s-3748177197, networkLocation: /default-rack, certSerialId: null}c5ad2958-1e71-4305-8551-aa22f829f9b0{ip: 192.168.5.153, host: pr-hdds-2137-trunk-mnh2s-3748177197, networkLocation: /default-rack, certSerialId: null}, Type:RATIS, Factor:THREE, State:OPEN]
2019-09-17 13:18:19,966 [EventQueue-PipelineActionsForPipelineActionHandler] INFO  pipeline.PipelineStateManager (PipelineStateManager.java:finalizePipeline(123)) - Pipeline Pipeline[ Id: b75cb183-17d1-419a-aaf4-36b53022ff4e, Nodes: 2de42d1e-45de-4f1c-b9d9-c37b95a80a97{ip: 192.168.5.153, host: pr-hdds-2137-trunk-mnh2s-3748177197, networkLocation: /default-rack, certSerialId: null}6c3c6da7-32c5-4321-a860-cdd0ae39be33{ip: 192.168.5.153, host: pr-hdds-2137-trunk-mnh2s-3748177197, networkLocation: /default-rack, certSerialId: null}c5ad2958-1e71-4305-8551-aa22f829f9b0{ip: 192.168.5.153, host: pr-hdds-2137-trunk-mnh2s-3748177197, networkLocation: /default-rack, certSerialId: null}, Type:RATIS, Factor:THREE, State:CLOSED] moved to CLOSED state
2019-09-17 13:18:19,969 [EventQueue-CloseContainerForCloseContainerEventHandler] INFO  container.CloseContainerEventHandler (CloseContainerEventHandler.java:onMessage(61)) - Close container Event triggered for container : #1
2019-09-17 13:18:19,976 [EventQueue-CloseContainerForCloseContainerEventHandler] INFO  container.CloseContainerEventHandler (CloseContainerEventHandler.java:onMessage(61)) - Close container Event triggered for container : #2
2019-09-17 13:18:19,976 [EventQueue-CloseContainerForCloseContainerEventHandler] INFO  container.CloseContainerEventHandler (CloseContainerEventHandler.java:onMessage(61)) - Close container Event triggered for container : #3
2019-09-17 13:18:19,991 [c5ad2958-1e71-4305-8551-aa22f829f9b0@group-36B53022FF4E-SegmentedRaftLogWorker] WARN  segmented.SegmentedRaftLogWorker (SegmentedRaftLogWorker.java:getFromFuture(90)) - Timeout 11/~
org.apache.ratis.protocol.TimeoutIOException: Timeout 10s: WriteLog:33: (t:3, i:33), STATEMACHINELOGENTRY, client-186B59C0213A, cid=30-writeStateMachineData
	at org.apache.ratis.util.IOUtils.getFromFuture(IOUtils.java:87)
	at org.apache.ratis.server.raftlog.segmented.SegmentedRaftLogWorker$StateMachineDataPolicy.getFromFuture(SegmentedRaftLogWorker.java:87)
	at org.apache.ratis.server.raftlog.segmented.SegmentedRaftLogWorker$WriteLog.execute(SegmentedRaftLogWorker.java:477)
	at org.apache.ratis.server.raftlog.segmented.SegmentedRaftLogWorker.run(SegmentedRaftLogWorker.java:289)
	at java.lang.Thread.run(Thread.java:748)
Caused by: java.util.concurrent.TimeoutException
	at java.util.concurrent.CompletableFuture.timedGet(CompletableFuture.java:1771)
	at java.util.concurrent.CompletableFuture.get(CompletableFuture.java:1915)
	at org.apache.ratis.util.IOUtils.getFromFuture(IOUtils.java:79)
	... 4 more
2019-09-17 13:18:20,012 [6c3c6da7-32c5-4321-a860-cdd0ae39be33@group-36B53022FF4E-SegmentedRaftLogWorker] WARN  segmented.SegmentedRaftLogWorker (SegmentedRaftLogWorker.java:getFromFuture(90)) - Timeout 11/~
org.apache.ratis.protocol.TimeoutIOException: Timeout 10s: WriteLog:33: (t:3, i:33), STATEMACHINELOGENTRY, client-186B59C0213A, cid=30-writeStateMachineData
	at org.apache.ratis.util.IOUtils.getFromFuture(IOUtils.java:87)
	at org.apache.ratis.server.raftlog.segmented.SegmentedRaftLogWorker$StateMachineDataPolicy.getFromFuture(SegmentedRaftLogWorker.java:87)
	at org.apache.ratis.server.raftlog.segmented.SegmentedRaftLogWorker$WriteLog.execute(SegmentedRaftLogWorker.java:477)
	at org.apache.ratis.server.raftlog.segmented.SegmentedRaftLogWorker.run(SegmentedRaftLogWorker.java:289)
	at java.lang.Thread.run(Thread.java:748)
Caused by: java.util.concurrent.TimeoutException
	at java.util.concurrent.CompletableFuture.timedGet(CompletableFuture.java:1771)
	at java.util.concurrent.CompletableFuture.get(CompletableFuture.java:1915)
	at org.apache.ratis.util.IOUtils.getFromFuture(IOUtils.java:79)
	... 4 more
2019-09-17 13:18:20,324 [java.util.concurrent.ThreadPoolExecutor$Worker@6b2a1b54[State = -1, empty queue]] WARN  server.GrpcLogAppender (GrpcLogAppender.java:timeoutAppendRequest(200)) - c5ad2958-1e71-4305-8551-aa22f829f9b0@group-36B53022FF4E->6c3c6da7-32c5-4321-a860-cdd0ae39be33-GrpcLogAppender: appendEntries Timeout, request=c5ad2958-1e71-4305-8551-aa22f829f9b0->6c3c6da7-32c5-4321-a860-cdd0ae39be33#82-t3, previous=(t:3, i:34), leaderCommit=30, initializing? false, entries: <empty>
 0.00% |█                                                                                                    |  0/1 Time: 0:02:222019-09-17 13:18:21,436 [grpc-default-executor-5] INFO  client.GrpcClientProtocolClient (GrpcClientProtocolClient.java:onNext(264)) - client-186B59C0213A->6c3c6da7-32c5-4321-a860-cdd0ae39be33: receive RaftClientReply:client-186B59C0213A->6c3c6da7-32c5-4321-a860-cdd0ae39be33@group-36B53022FF4E, cid=28, FAILED org.apache.ratis.protocol.NotLeaderException: Server 6c3c6da7-32c5-4321-a860-cdd0ae39be33@group-36B53022FF4E is not the leader c5ad2958-1e71-4305-8551-aa22f829f9b0:192.168.5.153:32904, logIndex=0, commits[6c3c6da7-32c5-4321-a860-cdd0ae39be33:c30, 2de42d1e-45de-4f1c-b9d9-c37b95a80a97:c30, c5ad2958-1e71-4305-8551-aa22f829f9b0:c30]
 0.00% |█                                                                                                    |  0/1 Time: 0:02:232019-09-17 13:18:22,328 [org.apache.ratis.server.impl.LogAppender$AppenderDaemon$$Lambda$695/1012440095@4f9c6ed4] ERROR ratis.XceiverServerRatis (XceiverServerRatis.java:triggerPipelineClose(575)) - pipeline Action CLOSE  on pipeline PipelineID=b75cb183-17d1-419a-aaf4-36b53022ff4e.Reason : c5ad2958-1e71-4305-8551-aa22f829f9b0 has not seen follower/s 6c3c6da7-32c5-4321-a860-cdd0ae39be33 for 122598ms
 0.00% |█                                                                                                    |  0/1 Time: 0:02:242019-09-17 13:18:22,827 [java.util.concurrent.ThreadPoolExecutor$Worker@6b2a1b54[State = -1, empty queue]] WARN  server.GrpcLogAppender (GrpcLogAppender.java:timeoutAppendRequest(200)) - c5ad2958-1e71-4305-8551-aa22f829f9b0@group-36B53022FF4E->6c3c6da7-32c5-4321-a860-cdd0ae39be33-GrpcLogAppender: appendEntries Timeout, request=c5ad2958-1e71-4305-8551-aa22f829f9b0->6c3c6da7-32c5-4321-a860-cdd0ae39be33#83-t3, previous=(t:3, i:34), leaderCommit=30, initializing? false, entries: <empty>
2019-09-17 13:18:22,965 [EventQueue-PipelineActionsForPipelineActionHandler] ERROR pipeline.PipelineActionHandler (PipelineActionHandler.java:onMessage(60)) - Received pipeline action CLOSE for Pipeline[ Id: b75cb183-17d1-419a-aaf4-36b53022ff4e, Nodes: 2de42d1e-45de-4f1c-b9d9-c37b95a80a97{ip: 192.168.5.153, host: pr-hdds-2137-trunk-mnh2s-3748177197, networkLocation: /default-rack, certSerialId: null}6c3c6da7-32c5-4321-a860-cdd0ae39be33{ip: 192.168.5.153, host: pr-hdds-2137-trunk-mnh2s-3748177197, networkLocation: /default-rack, certSerialId: null}c5ad2958-1e71-4305-8551-aa22f829f9b0{ip: 192.168.5.153, host: pr-hdds-2137-trunk-mnh2s-3748177197, networkLocation: /default-rack, certSerialId: null}, Type:RATIS, Factor:THREE, State:CLOSED] from datanode c5ad2958-1e71-4305-8551-aa22f829f9b0{ip: 192.168.5.153, host: pr-hdds-2137-trunk-mnh2s-3748177197, networkLocation: /default-rack, certSerialId: null}. Reason : c5ad2958-1e71-4305-8551-aa22f829f9b0 has not seen follower/s 6c3c6da7-32c5-4321-a860-cdd0ae39be33 for 122598ms
2019-09-17 13:18:22,966 [EventQueue-PipelineActionsForPipelineActionHandler] INFO  pipeline.SCMPipelineManager (SCMPipelineManager.java:finalizeAndDestroyPipeline(311)) - destroying pipeline:Pipeline[ Id: b75cb183-17d1-419a-aaf4-36b53022ff4e, Nodes: 2de42d1e-45de-4f1c-b9d9-c37b95a80a97{ip: 192.168.5.153, host: pr-hdds-2137-trunk-mnh2s-3748177197, networkLocation: /default-rack, certSerialId: null}6c3c6da7-32c5-4321-a860-cdd0ae39be33{ip: 192.168.5.153, host: pr-hdds-2137-trunk-mnh2s-3748177197, networkLocation: /default-rack, certSerialId: null}c5ad2958-1e71-4305-8551-aa22f829f9b0{ip: 192.168.5.153, host: pr-hdds-2137-trunk-mnh2s-3748177197, networkLocation: /default-rack, certSerialId: null}, Type:RATIS, Factor:THREE, State:CLOSED]
 0.00% |█                                                                                                    |  0/1 Time: 0:02:25 0.00% |█                                                                                                    |  0/1 Time: 0:02:262019-09-17 13:18:24,830 [org.apache.ratis.server.impl.LogAppender$AppenderDaemon$$Lambda$695/1012440095@4f9c6ed4] ERROR ratis.XceiverServerRatis (XceiverServerRatis.java:triggerPipelineClose(575)) - pipeline Action CLOSE  on pipeline PipelineID=b75cb183-17d1-419a-aaf4-36b53022ff4e.Reason : c5ad2958-1e71-4305-8551-aa22f829f9b0 has not seen follower/s 6c3c6da7-32c5-4321-a860-cdd0ae39be33 for 125100ms
2019-09-17 13:18:24,963 [EventQueue-PipelineActionsForPipelineActionHandler] ERROR pipeline.PipelineActionHandler (PipelineActionHandler.java:onMessage(60)) - Received pipeline action CLOSE for Pipeline[ Id: b75cb183-17d1-419a-aaf4-36b53022ff4e, Nodes: 2de42d1e-45de-4f1c-b9d9-c37b95a80a97{ip: 192.168.5.153, host: pr-hdds-2137-trunk-mnh2s-3748177197, networkLocation: /default-rack, certSerialId: null}6c3c6da7-32c5-4321-a860-cdd0ae39be33{ip: 192.168.5.153, host: pr-hdds-2137-trunk-mnh2s-3748177197, networkLocation: /default-rack, certSerialId: null}c5ad2958-1e71-4305-8551-aa22f829f9b0{ip: 192.168.5.153, host: pr-hdds-2137-trunk-mnh2s-3748177197, networkLocation: /default-rack, certSerialId: null}, Type:RATIS, Factor:THREE, State:CLOSED] from datanode c5ad2958-1e71-4305-8551-aa22f829f9b0{ip: 192.168.5.153, host: pr-hdds-2137-trunk-mnh2s-3748177197, networkLocation: /default-rack, certSerialId: null}. Reason : c5ad2958-1e71-4305-8551-aa22f829f9b0 has not seen follower/s 6c3c6da7-32c5-4321-a860-cdd0ae39be33 for 125100ms
2019-09-17 13:18:24,965 [EventQueue-PipelineActionsForPipelineActionHandler] INFO  pipeline.SCMPipelineManager (SCMPipelineManager.java:finalizeAndDestroyPipeline(311)) - destroying pipeline:Pipeline[ Id: b75cb183-17d1-419a-aaf4-36b53022ff4e, Nodes: 2de42d1e-45de-4f1c-b9d9-c37b95a80a97{ip: 192.168.5.153, host: pr-hdds-2137-trunk-mnh2s-3748177197, networkLocation: /default-rack, certSerialId: null}6c3c6da7-32c5-4321-a860-cdd0ae39be33{ip: 192.168.5.153, host: pr-hdds-2137-trunk-mnh2s-3748177197, networkLocation: /default-rack, certSerialId: null}c5ad2958-1e71-4305-8551-aa22f829f9b0{ip: 192.168.5.153, host: pr-hdds-2137-trunk-mnh2s-3748177197, networkLocation: /default-rack, certSerialId: null}, Type:RATIS, Factor:THREE, State:CLOSED]
2019-09-17 13:18:25,328 [java.util.concurrent.ThreadPoolExecutor$Worker@6b2a1b54[State = -1, empty queue]] WARN  server.GrpcLogAppender (GrpcLogAppender.java:timeoutAppendRequest(200)) - c5ad2958-1e71-4305-8551-aa22f829f9b0@group-36B53022FF4E->6c3c6da7-32c5-4321-a860-cdd0ae39be33-GrpcLogAppender: appendEntries Timeout, request=c5ad2958-1e71-4305-8551-aa22f829f9b0->6c3c6da7-32c5-4321-a860-cdd0ae39be33#84-t3, previous=(t:3, i:34), leaderCommit=30, initializing? false, entries: <empty>
2019-09-17 13:18:25,652 [org.apache.ratis.server.impl.LogAppender$AppenderDaemon$$Lambda$695/1012440095@4f9c6ed4] ERROR ratis.XceiverServerRatis (XceiverServerRatis.java:triggerPipelineClose(575)) - pipeline Action CLOSE  on pipeline PipelineID=b75cb183-17d1-419a-aaf4-36b53022ff4e.Reason : c5ad2958-1e71-4305-8551-aa22f829f9b0 has not seen follower/s 6c3c6da7-32c5-4321-a860-cdd0ae39be33 for 125922ms
 0.00% |█                                                                                                    |  0/1 Time: 0:02:272019-09-17 13:18:26,483 [grpc-default-executor-1] INFO  client.GrpcClientProtocolClient (GrpcClientProtocolClient.java:onNext(264)) - client-186B59C0213A->6c3c6da7-32c5-4321-a860-cdd0ae39be33: receive RaftClientReply:client-186B59C0213A->6c3c6da7-32c5-4321-a860-cdd0ae39be33@group-36B53022FF4E, cid=28, FAILED org.apache.ratis.protocol.NotLeaderException: Server 6c3c6da7-32c5-4321-a860-cdd0ae39be33@group-36B53022FF4E is not the leader c5ad2958-1e71-4305-8551-aa22f829f9b0:192.168.5.153:32904, logIndex=0, commits[6c3c6da7-32c5-4321-a860-cdd0ae39be33:c30, 2de42d1e-45de-4f1c-b9d9-c37b95a80a97:c30, c5ad2958-1e71-4305-8551-aa22f829f9b0:c30]
2019-09-17 13:18:26,651 [EventQueue-PipelineActionsForPipelineActionHandler] ERROR pipeline.PipelineActionHandler (PipelineActionHandler.java:onMessage(60)) - Received pipeline action CLOSE for Pipeline[ Id: b75cb183-17d1-419a-aaf4-36b53022ff4e, Nodes: 2de42d1e-45de-4f1c-b9d9-c37b95a80a97{ip: 192.168.5.153, host: pr-hdds-2137-trunk-mnh2s-3748177197, networkLocation: /default-rack, certSerialId: null}6c3c6da7-32c5-4321-a860-cdd0ae39be33{ip: 192.168.5.153, host: pr-hdds-2137-trunk-mnh2s-3748177197, networkLocation: /default-rack, certSerialId: null}c5ad2958-1e71-4305-8551-aa22f829f9b0{ip: 192.168.5.153, host: pr-hdds-2137-trunk-mnh2s-3748177197, networkLocation: /default-rack, certSerialId: null}, Type:RATIS, Factor:THREE, State:CLOSED] from datanode c5ad2958-1e71-4305-8551-aa22f829f9b0{ip: 192.168.5.153, host: pr-hdds-2137-trunk-mnh2s-3748177197, networkLocation: /default-rack, certSerialId: null}. Reason : c5ad2958-1e71-4305-8551-aa22f829f9b0 has not seen follower/s 6c3c6da7-32c5-4321-a860-cdd0ae39be33 for 125922ms
2019-09-17 13:18:26,651 [EventQueue-PipelineActionsForPipelineActionHandler] INFO  pipeline.SCMPipelineManager (SCMPipelineManager.java:finalizeAndDestroyPipeline(311)) - destroying pipeline:Pipeline[ Id: b75cb183-17d1-419a-aaf4-36b53022ff4e, Nodes: 2de42d1e-45de-4f1c-b9d9-c37b95a80a97{ip: 192.168.5.153, host: pr-hdds-2137-trunk-mnh2s-3748177197, networkLocation: /default-rack, certSerialId: null}6c3c6da7-32c5-4321-a860-cdd0ae39be33{ip: 192.168.5.153, host: pr-hdds-2137-trunk-mnh2s-3748177197, networkLocation: /default-rack, certSerialId: null}c5ad2958-1e71-4305-8551-aa22f829f9b0{ip: 192.168.5.153, host: pr-hdds-2137-trunk-mnh2s-3748177197, networkLocation: /default-rack, certSerialId: null}, Type:RATIS, Factor:THREE, State:CLOSED]
 0.00% |█                                                                                                    |  0/1 Time: 0:02:28 0.00% |█                                                                                                    |  0/1 Time: 0:02:292019-09-17 13:18:27,830 [java.util.concurrent.ThreadPoolExecutor$Worker@6b2a1b54[State = -1, empty queue]] WARN  server.GrpcLogAppender (GrpcLogAppender.java:timeoutAppendRequest(200)) - c5ad2958-1e71-4305-8551-aa22f829f9b0@group-36B53022FF4E->6c3c6da7-32c5-4321-a860-cdd0ae39be33-GrpcLogAppender: appendEntries Timeout, request=c5ad2958-1e71-4305-8551-aa22f829f9b0->6c3c6da7-32c5-4321-a860-cdd0ae39be33#85-t3, previous=(t:3, i:34), leaderCommit=30, initializing? false, entries: <empty>
2019-09-17 13:18:28,154 [org.apache.ratis.server.impl.LogAppender$AppenderDaemon$$Lambda$695/1012440095@4f9c6ed4] ERROR ratis.XceiverServerRatis (XceiverServerRatis.java:triggerPipelineClose(575)) - pipeline Action CLOSE  on pipeline PipelineID=b75cb183-17d1-419a-aaf4-36b53022ff4e.Reason : c5ad2958-1e71-4305-8551-aa22f829f9b0 has not seen follower/s 6c3c6da7-32c5-4321-a860-cdd0ae39be33 for 128424ms
2019-09-17 13:18:28,651 [EventQueue-PipelineActionsForPipelineActionHandler] ERROR pipeline.PipelineActionHandler (PipelineActionHandler.java:onMessage(60)) - Received pipeline action CLOSE for Pipeline[ Id: b75cb183-17d1-419a-aaf4-36b53022ff4e, Nodes: 2de42d1e-45de-4f1c-b9d9-c37b95a80a97{ip: 192.168.5.153, host: pr-hdds-2137-trunk-mnh2s-3748177197, networkLocation: /default-rack, certSerialId: null}6c3c6da7-32c5-4321-a860-cdd0ae39be33{ip: 192.168.5.153, host: pr-hdds-2137-trunk-mnh2s-3748177197, networkLocation: /default-rack, certSerialId: null}c5ad2958-1e71-4305-8551-aa22f829f9b0{ip: 192.168.5.153, host: pr-hdds-2137-trunk-mnh2s-3748177197, networkLocation: /default-rack, certSerialId: null}, Type:RATIS, Factor:THREE, State:CLOSED] from datanode c5ad2958-1e71-4305-8551-aa22f829f9b0{ip: 192.168.5.153, host: pr-hdds-2137-trunk-mnh2s-3748177197, networkLocation: /default-rack, certSerialId: null}. Reason : c5ad2958-1e71-4305-8551-aa22f829f9b0 has not seen follower/s 6c3c6da7-32c5-4321-a860-cdd0ae39be33 for 128424ms
2019-09-17 13:18:28,652 [EventQueue-PipelineActionsForPipelineActionHandler] INFO  pipeline.SCMPipelineManager (SCMPipelineManager.java:finalizeAndDestroyPipeline(311)) - destroying pipeline:Pipeline[ Id: b75cb183-17d1-419a-aaf4-36b53022ff4e, Nodes: 2de42d1e-45de-4f1c-b9d9-c37b95a80a97{ip: 192.168.5.153, host: pr-hdds-2137-trunk-mnh2s-3748177197, networkLocation: /default-rack, certSerialId: null}6c3c6da7-32c5-4321-a860-cdd0ae39be33{ip: 192.168.5.153, host: pr-hdds-2137-trunk-mnh2s-3748177197, networkLocation: /default-rack, certSerialId: null}c5ad2958-1e71-4305-8551-aa22f829f9b0{ip: 192.168.5.153, host: pr-hdds-2137-trunk-mnh2s-3748177197, networkLocation: /default-rack, certSerialId: null}, Type:RATIS, Factor:THREE, State:CLOSED]
2019-09-17 13:18:28,653 [java.util.concurrent.ThreadPoolExecutor$Worker@6b2a1b54[State = -1, empty queue]] WARN  server.GrpcLogAppender (GrpcLogAppender.java:timeoutAppendRequest(200)) - c5ad2958-1e71-4305-8551-aa22f829f9b0@group-36B53022FF4E->6c3c6da7-32c5-4321-a860-cdd0ae39be33-GrpcLogAppender: appendEntries Timeout, request=c5ad2958-1e71-4305-8551-aa22f829f9b0->6c3c6da7-32c5-4321-a860-cdd0ae39be33#86-t3, previous=(t:3, i:34), leaderCommit=30, initializing? false, entries: size=1, first=(t:3, i:35), STATEMACHINELOGENTRY, client-65067042BD9D, cid=4
 0.00% |█                                                                                                    |  0/1 Time: 0:02:30 0.00% |█                                                                                                    |  0/1 Time: 0:02:312019-09-17 13:18:29,995 [c5ad2958-1e71-4305-8551-aa22f829f9b0@group-36B53022FF4E-SegmentedRaftLogWorker] WARN  segmented.SegmentedRaftLogWorker (SegmentedRaftLogWorker.java:getFromFuture(90)) - Timeout 12/~
org.apache.ratis.protocol.TimeoutIOException: Timeout 10s: WriteLog:33: (t:3, i:33), STATEMACHINELOGENTRY, client-186B59C0213A, cid=30-writeStateMachineData
	at org.apache.ratis.util.IOUtils.getFromFuture(IOUtils.java:87)
	at org.apache.ratis.server.raftlog.segmented.SegmentedRaftLogWorker$StateMachineDataPolicy.getFromFuture(SegmentedRaftLogWorker.java:87)
	at org.apache.ratis.server.raftlog.segmented.SegmentedRaftLogWorker$WriteLog.execute(SegmentedRaftLogWorker.java:477)
	at org.apache.ratis.server.raftlog.segmented.SegmentedRaftLogWorker.run(SegmentedRaftLogWorker.java:289)
	at java.lang.Thread.run(Thread.java:748)
Caused by: java.util.concurrent.TimeoutException
	at java.util.concurrent.CompletableFuture.timedGet(CompletableFuture.java:1771)
	at java.util.concurrent.CompletableFuture.get(CompletableFuture.java:1915)
	at org.apache.ratis.util.IOUtils.getFromFuture(IOUtils.java:79)
	... 4 more
2019-09-17 13:18:30,013 [6c3c6da7-32c5-4321-a860-cdd0ae39be33@group-36B53022FF4E-SegmentedRaftLogWorker] WARN  segmented.SegmentedRaftLogWorker (SegmentedRaftLogWorker.java:getFromFuture(90)) - Timeout 12/~
org.apache.ratis.protocol.TimeoutIOException: Timeout 10s: WriteLog:33: (t:3, i:33), STATEMACHINELOGENTRY, client-186B59C0213A, cid=30-writeStateMachineData
	at org.apache.ratis.util.IOUtils.getFromFuture(IOUtils.java:87)
	at org.apache.ratis.server.raftlog.segmented.SegmentedRaftLogWorker$StateMachineDataPolicy.getFromFuture(SegmentedRaftLogWorker.java:87)
	at org.apache.ratis.server.raftlog.segmented.SegmentedRaftLogWorker$WriteLog.execute(SegmentedRaftLogWorker.java:477)
	at org.apache.ratis.server.raftlog.segmented.SegmentedRaftLogWorker.run(SegmentedRaftLogWorker.java:289)
	at java.lang.Thread.run(Thread.java:748)
Caused by: java.util.concurrent.TimeoutException
	at java.util.concurrent.CompletableFuture.timedGet(CompletableFuture.java:1771)
	at java.util.concurrent.CompletableFuture.get(CompletableFuture.java:1915)
	at org.apache.ratis.util.IOUtils.getFromFuture(IOUtils.java:79)
	... 4 more
2019-09-17 13:18:30,657 [org.apache.ratis.server.impl.LogAppender$AppenderDaemon$$Lambda$695/1012440095@4f9c6ed4] ERROR ratis.XceiverServerRatis (XceiverServerRatis.java:triggerPipelineClose(575)) - pipeline Action CLOSE  on pipeline PipelineID=b75cb183-17d1-419a-aaf4-36b53022ff4e.Reason : c5ad2958-1e71-4305-8551-aa22f829f9b0 has not seen follower/s 6c3c6da7-32c5-4321-a860-cdd0ae39be33 for 130926ms
 0.00% |█                                                                                                    |  0/1 Time: 0:02:322019-09-17 13:18:31,154 [java.util.concurrent.ThreadPoolExecutor$Worker@6b2a1b54[State = -1, empty queue]] WARN  server.GrpcLogAppender (GrpcLogAppender.java:timeoutAppendRequest(200)) - c5ad2958-1e71-4305-8551-aa22f829f9b0@group-36B53022FF4E->6c3c6da7-32c5-4321-a860-cdd0ae39be33-GrpcLogAppender: appendEntries Timeout, request=c5ad2958-1e71-4305-8551-aa22f829f9b0->6c3c6da7-32c5-4321-a860-cdd0ae39be33#87-t3, previous=(t:3, i:35), leaderCommit=30, initializing? false, entries: <empty>
2019-09-17 13:18:31,547 [grpc-default-executor-1] INFO  client.GrpcClientProtocolClient (GrpcClientProtocolClient.java:onNext(264)) - client-186B59C0213A->6c3c6da7-32c5-4321-a860-cdd0ae39be33: receive RaftClientReply:client-186B59C0213A->6c3c6da7-32c5-4321-a860-cdd0ae39be33@group-36B53022FF4E, cid=28, FAILED org.apache.ratis.protocol.NotLeaderException: Server 6c3c6da7-32c5-4321-a860-cdd0ae39be33@group-36B53022FF4E is not the leader c5ad2958-1e71-4305-8551-aa22f829f9b0:192.168.5.153:32904, logIndex=0, commits[6c3c6da7-32c5-4321-a860-cdd0ae39be33:c30, 2de42d1e-45de-4f1c-b9d9-c37b95a80a97:c30, c5ad2958-1e71-4305-8551-aa22f829f9b0:c30]
2019-09-17 13:18:31,653 [EventQueue-PipelineActionsForPipelineActionHandler] ERROR pipeline.PipelineActionHandler (PipelineActionHandler.java:onMessage(60)) - Received pipeline action CLOSE for Pipeline[ Id: b75cb183-17d1-419a-aaf4-36b53022ff4e, Nodes: 2de42d1e-45de-4f1c-b9d9-c37b95a80a97{ip: 192.168.5.153, host: pr-hdds-2137-trunk-mnh2s-3748177197, networkLocation: /default-rack, certSerialId: null}6c3c6da7-32c5-4321-a860-cdd0ae39be33{ip: 192.168.5.153, host: pr-hdds-2137-trunk-mnh2s-3748177197, networkLocation: /default-rack, certSerialId: null}c5ad2958-1e71-4305-8551-aa22f829f9b0{ip: 192.168.5.153, host: pr-hdds-2137-trunk-mnh2s-3748177197, networkLocation: /default-rack, certSerialId: null}, Type:RATIS, Factor:THREE, State:CLOSED] from datanode c5ad2958-1e71-4305-8551-aa22f829f9b0{ip: 192.168.5.153, host: pr-hdds-2137-trunk-mnh2s-3748177197, networkLocation: /default-rack, certSerialId: null}. Reason : c5ad2958-1e71-4305-8551-aa22f829f9b0 has not seen follower/s 6c3c6da7-32c5-4321-a860-cdd0ae39be33 for 130926ms
2019-09-17 13:18:31,654 [EventQueue-PipelineActionsForPipelineActionHandler] INFO  pipeline.SCMPipelineManager (SCMPipelineManager.java:finalizeAndDestroyPipeline(311)) - destroying pipeline:Pipeline[ Id: b75cb183-17d1-419a-aaf4-36b53022ff4e, Nodes: 2de42d1e-45de-4f1c-b9d9-c37b95a80a97{ip: 192.168.5.153, host: pr-hdds-2137-trunk-mnh2s-3748177197, networkLocation: /default-rack, certSerialId: null}6c3c6da7-32c5-4321-a860-cdd0ae39be33{ip: 192.168.5.153, host: pr-hdds-2137-trunk-mnh2s-3748177197, networkLocation: /default-rack, certSerialId: null}c5ad2958-1e71-4305-8551-aa22f829f9b0{ip: 192.168.5.153, host: pr-hdds-2137-trunk-mnh2s-3748177197, networkLocation: /default-rack, certSerialId: null}, Type:RATIS, Factor:THREE, State:CLOSED]
 0.00% |█                                                                                                    |  0/1 Time: 0:02:33 0.00% |█                                                                                                    |  0/1 Time: 0:02:342019-09-17 13:18:33,160 [org.apache.ratis.server.impl.LogAppender$AppenderDaemon$$Lambda$695/1012440095@4f9c6ed4] ERROR ratis.XceiverServerRatis (XceiverServerRatis.java:triggerPipelineClose(575)) - pipeline Action CLOSE  on pipeline PipelineID=b75cb183-17d1-419a-aaf4-36b53022ff4e.Reason : c5ad2958-1e71-4305-8551-aa22f829f9b0 has not seen follower/s 6c3c6da7-32c5-4321-a860-cdd0ae39be33 for 133430ms
2019-09-17 13:18:33,653 [EventQueue-PipelineActionsForPipelineActionHandler] ERROR pipeline.PipelineActionHandler (PipelineActionHandler.java:onMessage(60)) - Received pipeline action CLOSE for Pipeline[ Id: b75cb183-17d1-419a-aaf4-36b53022ff4e, Nodes: 2de42d1e-45de-4f1c-b9d9-c37b95a80a97{ip: 192.168.5.153, host: pr-hdds-2137-trunk-mnh2s-3748177197, networkLocation: /default-rack, certSerialId: null}6c3c6da7-32c5-4321-a860-cdd0ae39be33{ip: 192.168.5.153, host: pr-hdds-2137-trunk-mnh2s-3748177197, networkLocation: /default-rack, certSerialId: null}c5ad2958-1e71-4305-8551-aa22f829f9b0{ip: 192.168.5.153, host: pr-hdds-2137-trunk-mnh2s-3748177197, networkLocation: /default-rack, certSerialId: null}, Type:RATIS, Factor:THREE, State:CLOSED] from datanode c5ad2958-1e71-4305-8551-aa22f829f9b0{ip: 192.168.5.153, host: pr-hdds-2137-trunk-mnh2s-3748177197, networkLocation: /default-rack, certSerialId: null}. Reason : c5ad2958-1e71-4305-8551-aa22f829f9b0 has not seen follower/s 6c3c6da7-32c5-4321-a860-cdd0ae39be33 for 133430ms
2019-09-17 13:18:33,655 [EventQueue-PipelineActionsForPipelineActionHandler] INFO  pipeline.SCMPipelineManager (SCMPipelineManager.java:finalizeAndDestroyPipeline(311)) - destroying pipeline:Pipeline[ Id: b75cb183-17d1-419a-aaf4-36b53022ff4e, Nodes: 2de42d1e-45de-4f1c-b9d9-c37b95a80a97{ip: 192.168.5.153, host: pr-hdds-2137-trunk-mnh2s-3748177197, networkLocation: /default-rack, certSerialId: null}6c3c6da7-32c5-4321-a860-cdd0ae39be33{ip: 192.168.5.153, host: pr-hdds-2137-trunk-mnh2s-3748177197, networkLocation: /default-rack, certSerialId: null}c5ad2958-1e71-4305-8551-aa22f829f9b0{ip: 192.168.5.153, host: pr-hdds-2137-trunk-mnh2s-3748177197, networkLocation: /default-rack, certSerialId: null}, Type:RATIS, Factor:THREE, State:CLOSED]
2019-09-17 13:18:33,656 [java.util.concurrent.ThreadPoolExecutor$Worker@6b2a1b54[State = -1, empty queue]] WARN  server.GrpcLogAppender (GrpcLogAppender.java:timeoutAppendRequest(200)) - c5ad2958-1e71-4305-8551-aa22f829f9b0@group-36B53022FF4E->6c3c6da7-32c5-4321-a860-cdd0ae39be33-GrpcLogAppender: appendEntries Timeout, request=c5ad2958-1e71-4305-8551-aa22f829f9b0->6c3c6da7-32c5-4321-a860-cdd0ae39be33#88-t3, previous=(t:3, i:35), leaderCommit=30, initializing? false, entries: <empty>
 0.00% |█                                                                                                    |  0/1 Time: 0:02:35 0.00% |█                                                                                                    |  0/1 Time: 0:02:362019-09-17 13:18:35,661 [org.apache.ratis.server.impl.LogAppender$AppenderDaemon$$Lambda$695/1012440095@4f9c6ed4] ERROR ratis.XceiverServerRatis (XceiverServerRatis.java:triggerPipelineClose(575)) - pipeline Action CLOSE  on pipeline PipelineID=b75cb183-17d1-419a-aaf4-36b53022ff4e.Reason : c5ad2958-1e71-4305-8551-aa22f829f9b0 has not seen follower/s 6c3c6da7-32c5-4321-a860-cdd0ae39be33 for 135931ms
 0.00% |█                                                                                                    |  0/1 Time: 0:02:372019-09-17 13:18:36,160 [java.util.concurrent.ThreadPoolExecutor$Worker@6b2a1b54[State = -1, empty queue]] WARN  server.GrpcLogAppender (GrpcLogAppender.java:timeoutAppendRequest(200)) - c5ad2958-1e71-4305-8551-aa22f829f9b0@group-36B53022FF4E->6c3c6da7-32c5-4321-a860-cdd0ae39be33-GrpcLogAppender: appendEntries Timeout, request=c5ad2958-1e71-4305-8551-aa22f829f9b0->6c3c6da7-32c5-4321-a860-cdd0ae39be33#89-t3, previous=(t:3, i:35), leaderCommit=30, initializing? false, entries: <empty>
2019-09-17 13:18:36,600 [grpc-default-executor-5] INFO  client.GrpcClientProtocolClient (GrpcClientProtocolClient.java:onNext(264)) - client-186B59C0213A->2de42d1e-45de-4f1c-b9d9-c37b95a80a97: receive RaftClientReply:client-186B59C0213A->2de42d1e-45de-4f1c-b9d9-c37b95a80a97@group-36B53022FF4E, cid=28, FAILED org.apache.ratis.protocol.NotLeaderException: Server 2de42d1e-45de-4f1c-b9d9-c37b95a80a97@group-36B53022FF4E is not the leader c5ad2958-1e71-4305-8551-aa22f829f9b0:192.168.5.153:32904, logIndex=0, commits[2de42d1e-45de-4f1c-b9d9-c37b95a80a97:c30, 6c3c6da7-32c5-4321-a860-cdd0ae39be33:c27, c5ad2958-1e71-4305-8551-aa22f829f9b0:c30]
2019-09-17 13:18:36,652 [EventQueue-PipelineActionsForPipelineActionHandler] ERROR pipeline.PipelineActionHandler (PipelineActionHandler.java:onMessage(60)) - Received pipeline action CLOSE for Pipeline[ Id: b75cb183-17d1-419a-aaf4-36b53022ff4e, Nodes: 2de42d1e-45de-4f1c-b9d9-c37b95a80a97{ip: 192.168.5.153, host: pr-hdds-2137-trunk-mnh2s-3748177197, networkLocation: /default-rack, certSerialId: null}6c3c6da7-32c5-4321-a860-cdd0ae39be33{ip: 192.168.5.153, host: pr-hdds-2137-trunk-mnh2s-3748177197, networkLocation: /default-rack, certSerialId: null}c5ad2958-1e71-4305-8551-aa22f829f9b0{ip: 192.168.5.153, host: pr-hdds-2137-trunk-mnh2s-3748177197, networkLocation: /default-rack, certSerialId: null}, Type:RATIS, Factor:THREE, State:CLOSED] from datanode c5ad2958-1e71-4305-8551-aa22f829f9b0{ip: 192.168.5.153, host: pr-hdds-2137-trunk-mnh2s-3748177197, networkLocation: /default-rack, certSerialId: null}. Reason : c5ad2958-1e71-4305-8551-aa22f829f9b0 has not seen follower/s 6c3c6da7-32c5-4321-a860-cdd0ae39be33 for 135931ms
2019-09-17 13:18:36,653 [EventQueue-PipelineActionsForPipelineActionHandler] INFO  pipeline.SCMPipelineManager (SCMPipelineManager.java:finalizeAndDestroyPipeline(311)) - destroying pipeline:Pipeline[ Id: b75cb183-17d1-419a-aaf4-36b53022ff4e, Nodes: 2de42d1e-45de-4f1c-b9d9-c37b95a80a97{ip: 192.168.5.153, host: pr-hdds-2137-trunk-mnh2s-3748177197, networkLocation: /default-rack, certSerialId: null}6c3c6da7-32c5-4321-a860-cdd0ae39be33{ip: 192.168.5.153, host: pr-hdds-2137-trunk-mnh2s-3748177197, networkLocation: /default-rack, certSerialId: null}c5ad2958-1e71-4305-8551-aa22f829f9b0{ip: 192.168.5.153, host: pr-hdds-2137-trunk-mnh2s-3748177197, networkLocation: /default-rack, certSerialId: null}, Type:RATIS, Factor:THREE, State:CLOSED]
 0.00% |█                                                                                                    |  0/1 Time: 0:02:38 0.00% |█                                                                                                    |  0/1 Time: 0:02:392019-09-17 13:18:38,162 [org.apache.ratis.server.impl.LogAppender$AppenderDaemon$$Lambda$695/1012440095@4f9c6ed4] ERROR ratis.XceiverServerRatis (XceiverServerRatis.java:triggerPipelineClose(575)) - pipeline Action CLOSE  on pipeline PipelineID=b75cb183-17d1-419a-aaf4-36b53022ff4e.Reason : c5ad2958-1e71-4305-8551-aa22f829f9b0 has not seen follower/s 6c3c6da7-32c5-4321-a860-cdd0ae39be33 for 138432ms
2019-09-17 13:18:38,652 [EventQueue-PipelineActionsForPipelineActionHandler] ERROR pipeline.PipelineActionHandler (PipelineActionHandler.java:onMessage(60)) - Received pipeline action CLOSE for Pipeline[ Id: b75cb183-17d1-419a-aaf4-36b53022ff4e, Nodes: 2de42d1e-45de-4f1c-b9d9-c37b95a80a97{ip: 192.168.5.153, host: pr-hdds-2137-trunk-mnh2s-3748177197, networkLocation: /default-rack, certSerialId: null}6c3c6da7-32c5-4321-a860-cdd0ae39be33{ip: 192.168.5.153, host: pr-hdds-2137-trunk-mnh2s-3748177197, networkLocation: /default-rack, certSerialId: null}c5ad2958-1e71-4305-8551-aa22f829f9b0{ip: 192.168.5.153, host: pr-hdds-2137-trunk-mnh2s-3748177197, networkLocation: /default-rack, certSerialId: null}, Type:RATIS, Factor:THREE, State:CLOSED] from datanode c5ad2958-1e71-4305-8551-aa22f829f9b0{ip: 192.168.5.153, host: pr-hdds-2137-trunk-mnh2s-3748177197, networkLocation: /default-rack, certSerialId: null}. Reason : c5ad2958-1e71-4305-8551-aa22f829f9b0 has not seen follower/s 6c3c6da7-32c5-4321-a860-cdd0ae39be33 for 138432ms
2019-09-17 13:18:38,655 [EventQueue-PipelineActionsForPipelineActionHandler] INFO  pipeline.SCMPipelineManager (SCMPipelineManager.java:finalizeAndDestroyPipeline(311)) - destroying pipeline:Pipeline[ Id: b75cb183-17d1-419a-aaf4-36b53022ff4e, Nodes: 2de42d1e-45de-4f1c-b9d9-c37b95a80a97{ip: 192.168.5.153, host: pr-hdds-2137-trunk-mnh2s-3748177197, networkLocation: /default-rack, certSerialId: null}6c3c6da7-32c5-4321-a860-cdd0ae39be33{ip: 192.168.5.153, host: pr-hdds-2137-trunk-mnh2s-3748177197, networkLocation: /default-rack, certSerialId: null}c5ad2958-1e71-4305-8551-aa22f829f9b0{ip: 192.168.5.153, host: pr-hdds-2137-trunk-mnh2s-3748177197, networkLocation: /default-rack, certSerialId: null}, Type:RATIS, Factor:THREE, State:CLOSED]
2019-09-17 13:18:38,661 [java.util.concurrent.ThreadPoolExecutor$Worker@6b2a1b54[State = -1, empty queue]] WARN  server.GrpcLogAppender (GrpcLogAppender.java:timeoutAppendRequest(200)) - c5ad2958-1e71-4305-8551-aa22f829f9b0@group-36B53022FF4E->6c3c6da7-32c5-4321-a860-cdd0ae39be33-GrpcLogAppender: appendEntries Timeout, request=c5ad2958-1e71-4305-8551-aa22f829f9b0->6c3c6da7-32c5-4321-a860-cdd0ae39be33#90-t3, previous=(t:3, i:35), leaderCommit=30, initializing? false, entries: <empty>
 0.00% |█                                                                                                    |  0/1 Time: 0:02:40 0.00% |█                                                                                                    |  0/1 Time: 0:02:412019-09-17 13:18:40,000 [c5ad2958-1e71-4305-8551-aa22f829f9b0@group-36B53022FF4E-SegmentedRaftLogWorker] WARN  segmented.SegmentedRaftLogWorker (SegmentedRaftLogWorker.java:getFromFuture(90)) - Timeout 13/~
org.apache.ratis.protocol.TimeoutIOException: Timeout 10s: WriteLog:33: (t:3, i:33), STATEMACHINELOGENTRY, client-186B59C0213A, cid=30-writeStateMachineData
	at org.apache.ratis.util.IOUtils.getFromFuture(IOUtils.java:87)
	at org.apache.ratis.server.raftlog.segmented.SegmentedRaftLogWorker$StateMachineDataPolicy.getFromFuture(SegmentedRaftLogWorker.java:87)
	at org.apache.ratis.server.raftlog.segmented.SegmentedRaftLogWorker$WriteLog.execute(SegmentedRaftLogWorker.java:477)
	at org.apache.ratis.server.raftlog.segmented.SegmentedRaftLogWorker.run(SegmentedRaftLogWorker.java:289)
	at java.lang.Thread.run(Thread.java:748)
Caused by: java.util.concurrent.TimeoutException
	at java.util.concurrent.CompletableFuture.timedGet(CompletableFuture.java:1771)
	at java.util.concurrent.CompletableFuture.get(CompletableFuture.java:1915)
	at org.apache.ratis.util.IOUtils.getFromFuture(IOUtils.java:79)
	... 4 more
2019-09-17 13:18:40,016 [6c3c6da7-32c5-4321-a860-cdd0ae39be33@group-36B53022FF4E-SegmentedRaftLogWorker] WARN  segmented.SegmentedRaftLogWorker (SegmentedRaftLogWorker.java:getFromFuture(90)) - Timeout 13/~
org.apache.ratis.protocol.TimeoutIOException: Timeout 10s: WriteLog:33: (t:3, i:33), STATEMACHINELOGENTRY, client-186B59C0213A, cid=30-writeStateMachineData
	at org.apache.ratis.util.IOUtils.getFromFuture(IOUtils.java:87)
	at org.apache.ratis.server.raftlog.segmented.SegmentedRaftLogWorker$StateMachineDataPolicy.getFromFuture(SegmentedRaftLogWorker.java:87)
	at org.apache.ratis.server.raftlog.segmented.SegmentedRaftLogWorker$WriteLog.execute(SegmentedRaftLogWorker.java:477)
	at org.apache.ratis.server.raftlog.segmented.SegmentedRaftLogWorker.run(SegmentedRaftLogWorker.java:289)
	at java.lang.Thread.run(Thread.java:748)
Caused by: java.util.concurrent.TimeoutException
	at java.util.concurrent.CompletableFuture.timedGet(CompletableFuture.java:1771)
	at java.util.concurrent.CompletableFuture.get(CompletableFuture.java:1915)
	at org.apache.ratis.util.IOUtils.getFromFuture(IOUtils.java:79)
	... 4 more
2019-09-17 13:18:40,663 [org.apache.ratis.server.impl.LogAppender$AppenderDaemon$$Lambda$695/1012440095@4f9c6ed4] ERROR ratis.XceiverServerRatis (XceiverServerRatis.java:triggerPipelineClose(575)) - pipeline Action CLOSE  on pipeline PipelineID=b75cb183-17d1-419a-aaf4-36b53022ff4e.Reason : c5ad2958-1e71-4305-8551-aa22f829f9b0 has not seen follower/s 6c3c6da7-32c5-4321-a860-cdd0ae39be33 for 140933ms
 0.00% |█                                                                                                    |  0/1 Time: 0:02:422019-09-17 13:18:41,162 [java.util.concurrent.ThreadPoolExecutor$Worker@6b2a1b54[State = -1, empty queue]] WARN  server.GrpcLogAppender (GrpcLogAppender.java:timeoutAppendRequest(200)) - c5ad2958-1e71-4305-8551-aa22f829f9b0@group-36B53022FF4E->6c3c6da7-32c5-4321-a860-cdd0ae39be33-GrpcLogAppender: appendEntries Timeout, request=c5ad2958-1e71-4305-8551-aa22f829f9b0->6c3c6da7-32c5-4321-a860-cdd0ae39be33#91-t3, previous=(t:3, i:35), leaderCommit=30, initializing? false, entries: <empty>
2019-09-17 13:18:41,655 [EventQueue-PipelineActionsForPipelineActionHandler] ERROR pipeline.PipelineActionHandler (PipelineActionHandler.java:onMessage(60)) - Received pipeline action CLOSE for Pipeline[ Id: b75cb183-17d1-419a-aaf4-36b53022ff4e, Nodes: 2de42d1e-45de-4f1c-b9d9-c37b95a80a97{ip: 192.168.5.153, host: pr-hdds-2137-trunk-mnh2s-3748177197, networkLocation: /default-rack, certSerialId: null}6c3c6da7-32c5-4321-a860-cdd0ae39be33{ip: 192.168.5.153, host: pr-hdds-2137-trunk-mnh2s-3748177197, networkLocation: /default-rack, certSerialId: null}c5ad2958-1e71-4305-8551-aa22f829f9b0{ip: 192.168.5.153, host: pr-hdds-2137-trunk-mnh2s-3748177197, networkLocation: /default-rack, certSerialId: null}, Type:RATIS, Factor:THREE, State:CLOSED] from datanode c5ad2958-1e71-4305-8551-aa22f829f9b0{ip: 192.168.5.153, host: pr-hdds-2137-trunk-mnh2s-3748177197, networkLocation: /default-rack, certSerialId: null}. Reason : c5ad2958-1e71-4305-8551-aa22f829f9b0 has not seen follower/s 6c3c6da7-32c5-4321-a860-cdd0ae39be33 for 140933ms
2019-09-17 13:18:41,655 [EventQueue-PipelineActionsForPipelineActionHandler] INFO  pipeline.SCMPipelineManager (SCMPipelineManager.java:finalizeAndDestroyPipeline(311)) - destroying pipeline:Pipeline[ Id: b75cb183-17d1-419a-aaf4-36b53022ff4e, Nodes: 2de42d1e-45de-4f1c-b9d9-c37b95a80a97{ip: 192.168.5.153, host: pr-hdds-2137-trunk-mnh2s-3748177197, networkLocation: /default-rack, certSerialId: null}6c3c6da7-32c5-4321-a860-cdd0ae39be33{ip: 192.168.5.153, host: pr-hdds-2137-trunk-mnh2s-3748177197, networkLocation: /default-rack, certSerialId: null}c5ad2958-1e71-4305-8551-aa22f829f9b0{ip: 192.168.5.153, host: pr-hdds-2137-trunk-mnh2s-3748177197, networkLocation: /default-rack, certSerialId: null}, Type:RATIS, Factor:THREE, State:CLOSED]
2019-09-17 13:18:41,657 [grpc-default-executor-3] INFO  client.GrpcClientProtocolClient (GrpcClientProtocolClient.java:onNext(264)) - client-186B59C0213A->2de42d1e-45de-4f1c-b9d9-c37b95a80a97: receive RaftClientReply:client-186B59C0213A->2de42d1e-45de-4f1c-b9d9-c37b95a80a97@group-36B53022FF4E, cid=28, FAILED org.apache.ratis.protocol.NotLeaderException: Server 2de42d1e-45de-4f1c-b9d9-c37b95a80a97@group-36B53022FF4E is not the leader c5ad2958-1e71-4305-8551-aa22f829f9b0:192.168.5.153:32904, logIndex=0, commits[2de42d1e-45de-4f1c-b9d9-c37b95a80a97:c30, 6c3c6da7-32c5-4321-a860-cdd0ae39be33:c27, c5ad2958-1e71-4305-8551-aa22f829f9b0:c30]
 0.00% |█                                                                                                    |  0/1 Time: 0:02:43 0.00% |█                                                                                                    |  0/1 Time: 0:02:442019-09-17 13:18:43,164 [org.apache.ratis.server.impl.LogAppender$AppenderDaemon$$Lambda$695/1012440095@4f9c6ed4] ERROR ratis.XceiverServerRatis (XceiverServerRatis.java:triggerPipelineClose(575)) - pipeline Action CLOSE  on pipeline PipelineID=b75cb183-17d1-419a-aaf4-36b53022ff4e.Reason : c5ad2958-1e71-4305-8551-aa22f829f9b0 has not seen follower/s 6c3c6da7-32c5-4321-a860-cdd0ae39be33 for 143434ms
2019-09-17 13:18:43,652 [EventQueue-PipelineActionsForPipelineActionHandler] ERROR pipeline.PipelineActionHandler (PipelineActionHandler.java:onMessage(60)) - Received pipeline action CLOSE for Pipeline[ Id: b75cb183-17d1-419a-aaf4-36b53022ff4e, Nodes: 2de42d1e-45de-4f1c-b9d9-c37b95a80a97{ip: 192.168.5.153, host: pr-hdds-2137-trunk-mnh2s-3748177197, networkLocation: /default-rack, certSerialId: null}6c3c6da7-32c5-4321-a860-cdd0ae39be33{ip: 192.168.5.153, host: pr-hdds-2137-trunk-mnh2s-3748177197, networkLocation: /default-rack, certSerialId: null}c5ad2958-1e71-4305-8551-aa22f829f9b0{ip: 192.168.5.153, host: pr-hdds-2137-trunk-mnh2s-3748177197, networkLocation: /default-rack, certSerialId: null}, Type:RATIS, Factor:THREE, State:CLOSED] from datanode c5ad2958-1e71-4305-8551-aa22f829f9b0{ip: 192.168.5.153, host: pr-hdds-2137-trunk-mnh2s-3748177197, networkLocation: /default-rack, certSerialId: null}. Reason : c5ad2958-1e71-4305-8551-aa22f829f9b0 has not seen follower/s 6c3c6da7-32c5-4321-a860-cdd0ae39be33 for 143434ms
2019-09-17 13:18:43,655 [EventQueue-PipelineActionsForPipelineActionHandler] INFO  pipeline.SCMPipelineManager (SCMPipelineManager.java:finalizeAndDestroyPipeline(311)) - destroying pipeline:Pipeline[ Id: b75cb183-17d1-419a-aaf4-36b53022ff4e, Nodes: 2de42d1e-45de-4f1c-b9d9-c37b95a80a97{ip: 192.168.5.153, host: pr-hdds-2137-trunk-mnh2s-3748177197, networkLocation: /default-rack, certSerialId: null}6c3c6da7-32c5-4321-a860-cdd0ae39be33{ip: 192.168.5.153, host: pr-hdds-2137-trunk-mnh2s-3748177197, networkLocation: /default-rack, certSerialId: null}c5ad2958-1e71-4305-8551-aa22f829f9b0{ip: 192.168.5.153, host: pr-hdds-2137-trunk-mnh2s-3748177197, networkLocation: /default-rack, certSerialId: null}, Type:RATIS, Factor:THREE, State:CLOSED]
2019-09-17 13:18:43,663 [java.util.concurrent.ThreadPoolExecutor$Worker@6b2a1b54[State = -1, empty queue]] WARN  server.GrpcLogAppender (GrpcLogAppender.java:timeoutAppendRequest(200)) - c5ad2958-1e71-4305-8551-aa22f829f9b0@group-36B53022FF4E->6c3c6da7-32c5-4321-a860-cdd0ae39be33-GrpcLogAppender: appendEntries Timeout, request=c5ad2958-1e71-4305-8551-aa22f829f9b0->6c3c6da7-32c5-4321-a860-cdd0ae39be33#92-t3, previous=(t:3, i:35), leaderCommit=30, initializing? false, entries: <empty>
 0.00% |█                                                                                                    |  0/1 Time: 0:02:45 0.00% |█                                                                                                    |  0/1 Time: 0:02:462019-09-17 13:18:45,665 [org.apache.ratis.server.impl.LogAppender$AppenderDaemon$$Lambda$695/1012440095@4f9c6ed4] ERROR ratis.XceiverServerRatis (XceiverServerRatis.java:triggerPipelineClose(575)) - pipeline Action CLOSE  on pipeline PipelineID=b75cb183-17d1-419a-aaf4-36b53022ff4e.Reason : c5ad2958-1e71-4305-8551-aa22f829f9b0 has not seen follower/s 6c3c6da7-32c5-4321-a860-cdd0ae39be33 for 145935ms
 0.00% |█                                                                                                    |  0/1 Time: 0:02:472019-09-17 13:18:46,164 [java.util.concurrent.ThreadPoolExecutor$Worker@6b2a1b54[State = -1, empty queue]] WARN  server.GrpcLogAppender (GrpcLogAppender.java:timeoutAppendRequest(200)) - c5ad2958-1e71-4305-8551-aa22f829f9b0@group-36B53022FF4E->6c3c6da7-32c5-4321-a860-cdd0ae39be33-GrpcLogAppender: appendEntries Timeout, request=c5ad2958-1e71-4305-8551-aa22f829f9b0->6c3c6da7-32c5-4321-a860-cdd0ae39be33#93-t3, previous=(t:3, i:35), leaderCommit=30, initializing? false, entries: <empty>
2019-09-17 13:18:46,654 [EventQueue-PipelineActionsForPipelineActionHandler] ERROR pipeline.PipelineActionHandler (PipelineActionHandler.java:onMessage(60)) - Received pipeline action CLOSE for Pipeline[ Id: b75cb183-17d1-419a-aaf4-36b53022ff4e, Nodes: 2de42d1e-45de-4f1c-b9d9-c37b95a80a97{ip: 192.168.5.153, host: pr-hdds-2137-trunk-mnh2s-3748177197, networkLocation: /default-rack, certSerialId: null}6c3c6da7-32c5-4321-a860-cdd0ae39be33{ip: 192.168.5.153, host: pr-hdds-2137-trunk-mnh2s-3748177197, networkLocation: /default-rack, certSerialId: null}c5ad2958-1e71-4305-8551-aa22f829f9b0{ip: 192.168.5.153, host: pr-hdds-2137-trunk-mnh2s-3748177197, networkLocation: /default-rack, certSerialId: null}, Type:RATIS, Factor:THREE, State:CLOSED] from datanode c5ad2958-1e71-4305-8551-aa22f829f9b0{ip: 192.168.5.153, host: pr-hdds-2137-trunk-mnh2s-3748177197, networkLocation: /default-rack, certSerialId: null}. Reason : c5ad2958-1e71-4305-8551-aa22f829f9b0 has not seen follower/s 6c3c6da7-32c5-4321-a860-cdd0ae39be33 for 145935ms
2019-09-17 13:18:46,654 [EventQueue-PipelineActionsForPipelineActionHandler] INFO  pipeline.SCMPipelineManager (SCMPipelineManager.java:finalizeAndDestroyPipeline(311)) - destroying pipeline:Pipeline[ Id: b75cb183-17d1-419a-aaf4-36b53022ff4e, Nodes: 2de42d1e-45de-4f1c-b9d9-c37b95a80a97{ip: 192.168.5.153, host: pr-hdds-2137-trunk-mnh2s-3748177197, networkLocation: /default-rack, certSerialId: null}6c3c6da7-32c5-4321-a860-cdd0ae39be33{ip: 192.168.5.153, host: pr-hdds-2137-trunk-mnh2s-3748177197, networkLocation: /default-rack, certSerialId: null}c5ad2958-1e71-4305-8551-aa22f829f9b0{ip: 192.168.5.153, host: pr-hdds-2137-trunk-mnh2s-3748177197, networkLocation: /default-rack, certSerialId: null}, Type:RATIS, Factor:THREE, State:CLOSED]
2019-09-17 13:18:46,702 [grpc-default-executor-3] INFO  client.GrpcClientProtocolClient (GrpcClientProtocolClient.java:onNext(264)) - client-186B59C0213A->2de42d1e-45de-4f1c-b9d9-c37b95a80a97: receive RaftClientReply:client-186B59C0213A->2de42d1e-45de-4f1c-b9d9-c37b95a80a97@group-36B53022FF4E, cid=28, FAILED org.apache.ratis.protocol.NotLeaderException: Server 2de42d1e-45de-4f1c-b9d9-c37b95a80a97@group-36B53022FF4E is not the leader c5ad2958-1e71-4305-8551-aa22f829f9b0:192.168.5.153:32904, logIndex=0, commits[2de42d1e-45de-4f1c-b9d9-c37b95a80a97:c30, 6c3c6da7-32c5-4321-a860-cdd0ae39be33:c27, c5ad2958-1e71-4305-8551-aa22f829f9b0:c30]
 0.00% |█                                                                                                    |  0/1 Time: 0:02:48 0.00% |█                                                                                                    |  0/1 Time: 0:02:492019-09-17 13:18:48,165 [org.apache.ratis.server.impl.LogAppender$AppenderDaemon$$Lambda$695/1012440095@4f9c6ed4] ERROR ratis.XceiverServerRatis (XceiverServerRatis.java:triggerPipelineClose(575)) - pipeline Action CLOSE  on pipeline PipelineID=b75cb183-17d1-419a-aaf4-36b53022ff4e.Reason : c5ad2958-1e71-4305-8551-aa22f829f9b0 has not seen follower/s 6c3c6da7-32c5-4321-a860-cdd0ae39be33 for 148435ms
2019-09-17 13:18:48,654 [EventQueue-PipelineActionsForPipelineActionHandler] ERROR pipeline.PipelineActionHandler (PipelineActionHandler.java:onMessage(60)) - Received pipeline action CLOSE for Pipeline[ Id: b75cb183-17d1-419a-aaf4-36b53022ff4e, Nodes: 2de42d1e-45de-4f1c-b9d9-c37b95a80a97{ip: 192.168.5.153, host: pr-hdds-2137-trunk-mnh2s-3748177197, networkLocation: /default-rack, certSerialId: null}6c3c6da7-32c5-4321-a860-cdd0ae39be33{ip: 192.168.5.153, host: pr-hdds-2137-trunk-mnh2s-3748177197, networkLocation: /default-rack, certSerialId: null}c5ad2958-1e71-4305-8551-aa22f829f9b0{ip: 192.168.5.153, host: pr-hdds-2137-trunk-mnh2s-3748177197, networkLocation: /default-rack, certSerialId: null}, Type:RATIS, Factor:THREE, State:CLOSED] from datanode c5ad2958-1e71-4305-8551-aa22f829f9b0{ip: 192.168.5.153, host: pr-hdds-2137-trunk-mnh2s-3748177197, networkLocation: /default-rack, certSerialId: null}. Reason : c5ad2958-1e71-4305-8551-aa22f829f9b0 has not seen follower/s 6c3c6da7-32c5-4321-a860-cdd0ae39be33 for 148435ms
2019-09-17 13:18:48,657 [EventQueue-PipelineActionsForPipelineActionHandler] INFO  pipeline.SCMPipelineManager (SCMPipelineManager.java:finalizeAndDestroyPipeline(311)) - destroying pipeline:Pipeline[ Id: b75cb183-17d1-419a-aaf4-36b53022ff4e, Nodes: 2de42d1e-45de-4f1c-b9d9-c37b95a80a97{ip: 192.168.5.153, host: pr-hdds-2137-trunk-mnh2s-3748177197, networkLocation: /default-rack, certSerialId: null}6c3c6da7-32c5-4321-a860-cdd0ae39be33{ip: 192.168.5.153, host: pr-hdds-2137-trunk-mnh2s-3748177197, networkLocation: /default-rack, certSerialId: null}c5ad2958-1e71-4305-8551-aa22f829f9b0{ip: 192.168.5.153, host: pr-hdds-2137-trunk-mnh2s-3748177197, networkLocation: /default-rack, certSerialId: null}, Type:RATIS, Factor:THREE, State:CLOSED]
2019-09-17 13:18:48,665 [java.util.concurrent.ThreadPoolExecutor$Worker@6b2a1b54[State = -1, empty queue]] WARN  server.GrpcLogAppender (GrpcLogAppender.java:timeoutAppendRequest(200)) - c5ad2958-1e71-4305-8551-aa22f829f9b0@group-36B53022FF4E->6c3c6da7-32c5-4321-a860-cdd0ae39be33-GrpcLogAppender: appendEntries Timeout, request=c5ad2958-1e71-4305-8551-aa22f829f9b0->6c3c6da7-32c5-4321-a860-cdd0ae39be33#94-t3, previous=(t:3, i:35), leaderCommit=30, initializing? false, entries: <empty>
 0.00% |█                                                                                                    |  0/1 Time: 0:02:50 0.00% |█                                                                                                    |  0/1 Time: 0:02:512019-09-17 13:18:50,005 [c5ad2958-1e71-4305-8551-aa22f829f9b0@group-36B53022FF4E-SegmentedRaftLogWorker] WARN  segmented.SegmentedRaftLogWorker (SegmentedRaftLogWorker.java:getFromFuture(90)) - Timeout 14/~
org.apache.ratis.protocol.TimeoutIOException: Timeout 10s: WriteLog:33: (t:3, i:33), STATEMACHINELOGENTRY, client-186B59C0213A, cid=30-writeStateMachineData
	at org.apache.ratis.util.IOUtils.getFromFuture(IOUtils.java:87)
	at org.apache.ratis.server.raftlog.segmented.SegmentedRaftLogWorker$StateMachineDataPolicy.getFromFuture(SegmentedRaftLogWorker.java:87)
	at org.apache.ratis.server.raftlog.segmented.SegmentedRaftLogWorker$WriteLog.execute(SegmentedRaftLogWorker.java:477)
	at org.apache.ratis.server.raftlog.segmented.SegmentedRaftLogWorker.run(SegmentedRaftLogWorker.java:289)
	at java.lang.Thread.run(Thread.java:748)
Caused by: java.util.concurrent.TimeoutException
	at java.util.concurrent.CompletableFuture.timedGet(CompletableFuture.java:1771)
	at java.util.concurrent.CompletableFuture.get(CompletableFuture.java:1915)
	at org.apache.ratis.util.IOUtils.getFromFuture(IOUtils.java:79)
	... 4 more
2019-09-17 13:18:50,017 [6c3c6da7-32c5-4321-a860-cdd0ae39be33@group-36B53022FF4E-SegmentedRaftLogWorker] WARN  segmented.SegmentedRaftLogWorker (SegmentedRaftLogWorker.java:getFromFuture(90)) - Timeout 14/~
org.apache.ratis.protocol.TimeoutIOException: Timeout 10s: WriteLog:33: (t:3, i:33), STATEMACHINELOGENTRY, client-186B59C0213A, cid=30-writeStateMachineData
	at org.apache.ratis.util.IOUtils.getFromFuture(IOUtils.java:87)
	at org.apache.ratis.server.raftlog.segmented.SegmentedRaftLogWorker$StateMachineDataPolicy.getFromFuture(SegmentedRaftLogWorker.java:87)
	at org.apache.ratis.server.raftlog.segmented.SegmentedRaftLogWorker$WriteLog.execute(SegmentedRaftLogWorker.java:477)
	at org.apache.ratis.server.raftlog.segmented.SegmentedRaftLogWorker.run(SegmentedRaftLogWorker.java:289)
	at java.lang.Thread.run(Thread.java:748)
Caused by: java.util.concurrent.TimeoutException
	at java.util.concurrent.CompletableFuture.timedGet(CompletableFuture.java:1771)
	at java.util.concurrent.CompletableFuture.get(CompletableFuture.java:1915)
	at org.apache.ratis.util.IOUtils.getFromFuture(IOUtils.java:79)
	... 4 more
2019-09-17 13:18:50,667 [org.apache.ratis.server.impl.LogAppender$AppenderDaemon$$Lambda$695/1012440095@4f9c6ed4] ERROR ratis.XceiverServerRatis (XceiverServerRatis.java:triggerPipelineClose(575)) - pipeline Action CLOSE  on pipeline PipelineID=b75cb183-17d1-419a-aaf4-36b53022ff4e.Reason : c5ad2958-1e71-4305-8551-aa22f829f9b0 has not seen follower/s 6c3c6da7-32c5-4321-a860-cdd0ae39be33 for 150937ms
 0.00% |█                                                                                                    |  0/1 Time: 0:02:522019-09-17 13:18:51,165 [java.util.concurrent.ThreadPoolExecutor$Worker@6b2a1b54[State = -1, empty queue]] WARN  server.GrpcLogAppender (GrpcLogAppender.java:timeoutAppendRequest(200)) - c5ad2958-1e71-4305-8551-aa22f829f9b0@group-36B53022FF4E->6c3c6da7-32c5-4321-a860-cdd0ae39be33-GrpcLogAppender: appendEntries Timeout, request=c5ad2958-1e71-4305-8551-aa22f829f9b0->6c3c6da7-32c5-4321-a860-cdd0ae39be33#95-t3, previous=(t:3, i:35), leaderCommit=30, initializing? false, entries: <empty>
2019-09-17 13:18:51,654 [EventQueue-PipelineActionsForPipelineActionHandler] ERROR pipeline.PipelineActionHandler (PipelineActionHandler.java:onMessage(60)) - Received pipeline action CLOSE for Pipeline[ Id: b75cb183-17d1-419a-aaf4-36b53022ff4e, Nodes: 2de42d1e-45de-4f1c-b9d9-c37b95a80a97{ip: 192.168.5.153, host: pr-hdds-2137-trunk-mnh2s-3748177197, networkLocation: /default-rack, certSerialId: null}6c3c6da7-32c5-4321-a860-cdd0ae39be33{ip: 192.168.5.153, host: pr-hdds-2137-trunk-mnh2s-3748177197, networkLocation: /default-rack, certSerialId: null}c5ad2958-1e71-4305-8551-aa22f829f9b0{ip: 192.168.5.153, host: pr-hdds-2137-trunk-mnh2s-3748177197, networkLocation: /default-rack, certSerialId: null}, Type:RATIS, Factor:THREE, State:CLOSED] from datanode c5ad2958-1e71-4305-8551-aa22f829f9b0{ip: 192.168.5.153, host: pr-hdds-2137-trunk-mnh2s-3748177197, networkLocation: /default-rack, certSerialId: null}. Reason : c5ad2958-1e71-4305-8551-aa22f829f9b0 has not seen follower/s 6c3c6da7-32c5-4321-a860-cdd0ae39be33 for 150937ms
2019-09-17 13:18:51,655 [EventQueue-PipelineActionsForPipelineActionHandler] INFO  pipeline.SCMPipelineManager (SCMPipelineManager.java:finalizeAndDestroyPipeline(311)) - destroying pipeline:Pipeline[ Id: b75cb183-17d1-419a-aaf4-36b53022ff4e, Nodes: 2de42d1e-45de-4f1c-b9d9-c37b95a80a97{ip: 192.168.5.153, host: pr-hdds-2137-trunk-mnh2s-3748177197, networkLocation: /default-rack, certSerialId: null}6c3c6da7-32c5-4321-a860-cdd0ae39be33{ip: 192.168.5.153, host: pr-hdds-2137-trunk-mnh2s-3748177197, networkLocation: /default-rack, certSerialId: null}c5ad2958-1e71-4305-8551-aa22f829f9b0{ip: 192.168.5.153, host: pr-hdds-2137-trunk-mnh2s-3748177197, networkLocation: /default-rack, certSerialId: null}, Type:RATIS, Factor:THREE, State:CLOSED]
2019-09-17 13:18:51,761 [grpc-default-executor-5] INFO  client.GrpcClientProtocolClient (GrpcClientProtocolClient.java:onNext(264)) - client-186B59C0213A->2de42d1e-45de-4f1c-b9d9-c37b95a80a97: receive RaftClientReply:client-186B59C0213A->2de42d1e-45de-4f1c-b9d9-c37b95a80a97@group-36B53022FF4E, cid=28, FAILED org.apache.ratis.protocol.NotLeaderException: Server 2de42d1e-45de-4f1c-b9d9-c37b95a80a97@group-36B53022FF4E is not the leader c5ad2958-1e71-4305-8551-aa22f829f9b0:192.168.5.153:32904, logIndex=0, commits[2de42d1e-45de-4f1c-b9d9-c37b95a80a97:c30, 6c3c6da7-32c5-4321-a860-cdd0ae39be33:c27, c5ad2958-1e71-4305-8551-aa22f829f9b0:c30]
 0.00% |█                                                                                                    |  0/1 Time: 0:02:53 0.00% |█                                                                                                    |  0/1 Time: 0:02:542019-09-17 13:18:53,167 [org.apache.ratis.server.impl.LogAppender$AppenderDaemon$$Lambda$695/1012440095@4f9c6ed4] ERROR ratis.XceiverServerRatis (XceiverServerRatis.java:triggerPipelineClose(575)) - pipeline Action CLOSE  on pipeline PipelineID=b75cb183-17d1-419a-aaf4-36b53022ff4e.Reason : c5ad2958-1e71-4305-8551-aa22f829f9b0 has not seen follower/s 6c3c6da7-32c5-4321-a860-cdd0ae39be33 for 153437ms
2019-09-17 13:18:53,654 [EventQueue-PipelineActionsForPipelineActionHandler] ERROR pipeline.PipelineActionHandler (PipelineActionHandler.java:onMessage(60)) - Received pipeline action CLOSE for Pipeline[ Id: b75cb183-17d1-419a-aaf4-36b53022ff4e, Nodes: 2de42d1e-45de-4f1c-b9d9-c37b95a80a97{ip: 192.168.5.153, host: pr-hdds-2137-trunk-mnh2s-3748177197, networkLocation: /default-rack, certSerialId: null}6c3c6da7-32c5-4321-a860-cdd0ae39be33{ip: 192.168.5.153, host: pr-hdds-2137-trunk-mnh2s-3748177197, networkLocation: /default-rack, certSerialId: null}c5ad2958-1e71-4305-8551-aa22f829f9b0{ip: 192.168.5.153, host: pr-hdds-2137-trunk-mnh2s-3748177197, networkLocation: /default-rack, certSerialId: null}, Type:RATIS, Factor:THREE, State:CLOSED] from datanode c5ad2958-1e71-4305-8551-aa22f829f9b0{ip: 192.168.5.153, host: pr-hdds-2137-trunk-mnh2s-3748177197, networkLocation: /default-rack, certSerialId: null}. Reason : c5ad2958-1e71-4305-8551-aa22f829f9b0 has not seen follower/s 6c3c6da7-32c5-4321-a860-cdd0ae39be33 for 153437ms
2019-09-17 13:18:53,654 [EventQueue-PipelineActionsForPipelineActionHandler] INFO  pipeline.SCMPipelineManager (SCMPipelineManager.java:finalizeAndDestroyPipeline(311)) - destroying pipeline:Pipeline[ Id: b75cb183-17d1-419a-aaf4-36b53022ff4e, Nodes: 2de42d1e-45de-4f1c-b9d9-c37b95a80a97{ip: 192.168.5.153, host: pr-hdds-2137-trunk-mnh2s-3748177197, networkLocation: /default-rack, certSerialId: null}6c3c6da7-32c5-4321-a860-cdd0ae39be33{ip: 192.168.5.153, host: pr-hdds-2137-trunk-mnh2s-3748177197, networkLocation: /default-rack, certSerialId: null}c5ad2958-1e71-4305-8551-aa22f829f9b0{ip: 192.168.5.153, host: pr-hdds-2137-trunk-mnh2s-3748177197, networkLocation: /default-rack, certSerialId: null}, Type:RATIS, Factor:THREE, State:CLOSED]
2019-09-17 13:18:53,667 [java.util.concurrent.ThreadPoolExecutor$Worker@6b2a1b54[State = -1, empty queue]] WARN  server.GrpcLogAppender (GrpcLogAppender.java:timeoutAppendRequest(200)) - c5ad2958-1e71-4305-8551-aa22f829f9b0@group-36B53022FF4E->6c3c6da7-32c5-4321-a860-cdd0ae39be33-GrpcLogAppender: appendEntries Timeout, request=c5ad2958-1e71-4305-8551-aa22f829f9b0->6c3c6da7-32c5-4321-a860-cdd0ae39be33#96-t3, previous=(t:3, i:35), leaderCommit=30, initializing? false, entries: <empty>
 0.00% |█                                                                                                    |  0/1 Time: 0:02:55 0.00% |█                                                                                                    |  0/1 Time: 0:02:562019-09-17 13:18:55,671 [org.apache.ratis.server.impl.LogAppender$AppenderDaemon$$Lambda$695/1012440095@4f9c6ed4] ERROR ratis.XceiverServerRatis (XceiverServerRatis.java:triggerPipelineClose(575)) - pipeline Action CLOSE  on pipeline PipelineID=b75cb183-17d1-419a-aaf4-36b53022ff4e.Reason : c5ad2958-1e71-4305-8551-aa22f829f9b0 has not seen follower/s 6c3c6da7-32c5-4321-a860-cdd0ae39be33 for 155940ms
 0.00% |█                                                                                                    |  0/1 Time: 0:02:572019-09-17 13:18:56,168 [java.util.concurrent.ThreadPoolExecutor$Worker@6b2a1b54[State = -1, empty queue]] WARN  server.GrpcLogAppender (GrpcLogAppender.java:timeoutAppendRequest(200)) - c5ad2958-1e71-4305-8551-aa22f829f9b0@group-36B53022FF4E->6c3c6da7-32c5-4321-a860-cdd0ae39be33-GrpcLogAppender: appendEntries Timeout, request=c5ad2958-1e71-4305-8551-aa22f829f9b0->6c3c6da7-32c5-4321-a860-cdd0ae39be33#97-t3, previous=(t:3, i:35), leaderCommit=30, initializing? false, entries: <empty>
2019-09-17 13:18:56,655 [EventQueue-PipelineActionsForPipelineActionHandler] ERROR pipeline.PipelineActionHandler (PipelineActionHandler.java:onMessage(60)) - Received pipeline action CLOSE for Pipeline[ Id: b75cb183-17d1-419a-aaf4-36b53022ff4e, Nodes: 2de42d1e-45de-4f1c-b9d9-c37b95a80a97{ip: 192.168.5.153, host: pr-hdds-2137-trunk-mnh2s-3748177197, networkLocation: /default-rack, certSerialId: null}6c3c6da7-32c5-4321-a860-cdd0ae39be33{ip: 192.168.5.153, host: pr-hdds-2137-trunk-mnh2s-3748177197, networkLocation: /default-rack, certSerialId: null}c5ad2958-1e71-4305-8551-aa22f829f9b0{ip: 192.168.5.153, host: pr-hdds-2137-trunk-mnh2s-3748177197, networkLocation: /default-rack, certSerialId: null}, Type:RATIS, Factor:THREE, State:CLOSED] from datanode c5ad2958-1e71-4305-8551-aa22f829f9b0{ip: 192.168.5.153, host: pr-hdds-2137-trunk-mnh2s-3748177197, networkLocation: /default-rack, certSerialId: null}. Reason : c5ad2958-1e71-4305-8551-aa22f829f9b0 has not seen follower/s 6c3c6da7-32c5-4321-a860-cdd0ae39be33 for 155940ms
2019-09-17 13:18:56,655 [EventQueue-PipelineActionsForPipelineActionHandler] INFO  pipeline.SCMPipelineManager (SCMPipelineManager.java:finalizeAndDestroyPipeline(311)) - destroying pipeline:Pipeline[ Id: b75cb183-17d1-419a-aaf4-36b53022ff4e, Nodes: 2de42d1e-45de-4f1c-b9d9-c37b95a80a97{ip: 192.168.5.153, host: pr-hdds-2137-trunk-mnh2s-3748177197, networkLocation: /default-rack, certSerialId: null}6c3c6da7-32c5-4321-a860-cdd0ae39be33{ip: 192.168.5.153, host: pr-hdds-2137-trunk-mnh2s-3748177197, networkLocation: /default-rack, certSerialId: null}c5ad2958-1e71-4305-8551-aa22f829f9b0{ip: 192.168.5.153, host: pr-hdds-2137-trunk-mnh2s-3748177197, networkLocation: /default-rack, certSerialId: null}, Type:RATIS, Factor:THREE, State:CLOSED]
 0.00% |█                                                                                                    |  0/1 Time: 0:02:582019-09-17 13:18:56,816 [grpc-default-executor-3] INFO  client.GrpcClientProtocolClient (GrpcClientProtocolClient.java:onNext(264)) - client-186B59C0213A->2de42d1e-45de-4f1c-b9d9-c37b95a80a97: receive RaftClientReply:client-186B59C0213A->2de42d1e-45de-4f1c-b9d9-c37b95a80a97@group-36B53022FF4E, cid=28, FAILED org.apache.ratis.protocol.NotLeaderException: Server 2de42d1e-45de-4f1c-b9d9-c37b95a80a97@group-36B53022FF4E is not the leader c5ad2958-1e71-4305-8551-aa22f829f9b0:192.168.5.153:32904, logIndex=0, commits[2de42d1e-45de-4f1c-b9d9-c37b95a80a97:c30, 6c3c6da7-32c5-4321-a860-cdd0ae39be33:c27, c5ad2958-1e71-4305-8551-aa22f829f9b0:c30]
 0.00% |█                                                                                                    |  0/1 Time: 0:02:592019-09-17 13:18:58,171 [org.apache.ratis.server.impl.LogAppender$AppenderDaemon$$Lambda$695/1012440095@4f9c6ed4] ERROR ratis.XceiverServerRatis (XceiverServerRatis.java:triggerPipelineClose(575)) - pipeline Action CLOSE  on pipeline PipelineID=b75cb183-17d1-419a-aaf4-36b53022ff4e.Reason : c5ad2958-1e71-4305-8551-aa22f829f9b0 has not seen follower/s 6c3c6da7-32c5-4321-a860-cdd0ae39be33 for 158441ms
2019-09-17 13:18:58,656 [EventQueue-PipelineActionsForPipelineActionHandler] ERROR pipeline.PipelineActionHandler (PipelineActionHandler.java:onMessage(60)) - Received pipeline action CLOSE for Pipeline[ Id: b75cb183-17d1-419a-aaf4-36b53022ff4e, Nodes: 2de42d1e-45de-4f1c-b9d9-c37b95a80a97{ip: 192.168.5.153, host: pr-hdds-2137-trunk-mnh2s-3748177197, networkLocation: /default-rack, certSerialId: null}6c3c6da7-32c5-4321-a860-cdd0ae39be33{ip: 192.168.5.153, host: pr-hdds-2137-trunk-mnh2s-3748177197, networkLocation: /default-rack, certSerialId: null}c5ad2958-1e71-4305-8551-aa22f829f9b0{ip: 192.168.5.153, host: pr-hdds-2137-trunk-mnh2s-3748177197, networkLocation: /default-rack, certSerialId: null}, Type:RATIS, Factor:THREE, State:CLOSED] from datanode c5ad2958-1e71-4305-8551-aa22f829f9b0{ip: 192.168.5.153, host: pr-hdds-2137-trunk-mnh2s-3748177197, networkLocation: /default-rack, certSerialId: null}. Reason : c5ad2958-1e71-4305-8551-aa22f829f9b0 has not seen follower/s 6c3c6da7-32c5-4321-a860-cdd0ae39be33 for 158441ms
2019-09-17 13:18:58,656 [EventQueue-PipelineActionsForPipelineActionHandler] INFO  pipeline.SCMPipelineManager (SCMPipelineManager.java:finalizeAndDestroyPipeline(311)) - destroying pipeline:Pipeline[ Id: b75cb183-17d1-419a-aaf4-36b53022ff4e, Nodes: 2de42d1e-45de-4f1c-b9d9-c37b95a80a97{ip: 192.168.5.153, host: pr-hdds-2137-trunk-mnh2s-3748177197, networkLocation: /default-rack, certSerialId: null}6c3c6da7-32c5-4321-a860-cdd0ae39be33{ip: 192.168.5.153, host: pr-hdds-2137-trunk-mnh2s-3748177197, networkLocation: /default-rack, certSerialId: null}c5ad2958-1e71-4305-8551-aa22f829f9b0{ip: 192.168.5.153, host: pr-hdds-2137-trunk-mnh2s-3748177197, networkLocation: /default-rack, certSerialId: null}, Type:RATIS, Factor:THREE, State:CLOSED]
2019-09-17 13:18:58,670 [java.util.concurrent.ThreadPoolExecutor$Worker@6b2a1b54[State = -1, empty queue]] WARN  server.GrpcLogAppender (GrpcLogAppender.java:timeoutAppendRequest(200)) - c5ad2958-1e71-4305-8551-aa22f829f9b0@group-36B53022FF4E->6c3c6da7-32c5-4321-a860-cdd0ae39be33-GrpcLogAppender: appendEntries Timeout, request=c5ad2958-1e71-4305-8551-aa22f829f9b0->6c3c6da7-32c5-4321-a860-cdd0ae39be33#98-t3, previous=(t:3, i:35), leaderCommit=30, initializing? false, entries: <empty>
 0.00% |█                                                                                                    |  0/1 Time: 0:03:00 0.00% |█                                                                                                    |  0/1 Time: 0:03:012019-09-17 13:19:00,014 [c5ad2958-1e71-4305-8551-aa22f829f9b0@group-36B53022FF4E-SegmentedRaftLogWorker] WARN  segmented.SegmentedRaftLogWorker (SegmentedRaftLogWorker.java:getFromFuture(90)) - Timeout 15/~
org.apache.ratis.protocol.TimeoutIOException: Timeout 10s: WriteLog:33: (t:3, i:33), STATEMACHINELOGENTRY, client-186B59C0213A, cid=30-writeStateMachineData
	at org.apache.ratis.util.IOUtils.getFromFuture(IOUtils.java:87)
	at org.apache.ratis.server.raftlog.segmented.SegmentedRaftLogWorker$StateMachineDataPolicy.getFromFuture(SegmentedRaftLogWorker.java:87)
	at org.apache.ratis.server.raftlog.segmented.SegmentedRaftLogWorker$WriteLog.execute(SegmentedRaftLogWorker.java:477)
	at org.apache.ratis.server.raftlog.segmented.SegmentedRaftLogWorker.run(SegmentedRaftLogWorker.java:289)
	at java.lang.Thread.run(Thread.java:748)
Caused by: java.util.concurrent.TimeoutException
	at java.util.concurrent.CompletableFuture.timedGet(CompletableFuture.java:1771)
	at java.util.concurrent.CompletableFuture.get(CompletableFuture.java:1915)
	at org.apache.ratis.util.IOUtils.getFromFuture(IOUtils.java:79)
	... 4 more
2019-09-17 13:19:00,019 [6c3c6da7-32c5-4321-a860-cdd0ae39be33@group-36B53022FF4E-SegmentedRaftLogWorker] WARN  segmented.SegmentedRaftLogWorker (SegmentedRaftLogWorker.java:getFromFuture(90)) - Timeout 15/~
org.apache.ratis.protocol.TimeoutIOException: Timeout 10s: WriteLog:33: (t:3, i:33), STATEMACHINELOGENTRY, client-186B59C0213A, cid=30-writeStateMachineData
	at org.apache.ratis.util.IOUtils.getFromFuture(IOUtils.java:87)
	at org.apache.ratis.server.raftlog.segmented.SegmentedRaftLogWorker$StateMachineDataPolicy.getFromFuture(SegmentedRaftLogWorker.java:87)
	at org.apache.ratis.server.raftlog.segmented.SegmentedRaftLogWorker$WriteLog.execute(SegmentedRaftLogWorker.java:477)
	at org.apache.ratis.server.raftlog.segmented.SegmentedRaftLogWorker.run(SegmentedRaftLogWorker.java:289)
	at java.lang.Thread.run(Thread.java:748)
Caused by: java.util.concurrent.TimeoutException
	at java.util.concurrent.CompletableFuture.timedGet(CompletableFuture.java:1771)
	at java.util.concurrent.CompletableFuture.get(CompletableFuture.java:1915)
	at org.apache.ratis.util.IOUtils.getFromFuture(IOUtils.java:79)
	... 4 more
2019-09-17 13:19:00,673 [org.apache.ratis.server.impl.LogAppender$AppenderDaemon$$Lambda$695/1012440095@4f9c6ed4] ERROR ratis.XceiverServerRatis (XceiverServerRatis.java:triggerPipelineClose(575)) - pipeline Action CLOSE  on pipeline PipelineID=b75cb183-17d1-419a-aaf4-36b53022ff4e.Reason : c5ad2958-1e71-4305-8551-aa22f829f9b0 has not seen follower/s 6c3c6da7-32c5-4321-a860-cdd0ae39be33 for 160943ms
 0.00% |█                                                                                                    |  0/1 Time: 0:03:022019-09-17 13:19:01,171 [java.util.concurrent.ThreadPoolExecutor$Worker@6b2a1b54[State = -1, empty queue]] WARN  server.GrpcLogAppender (GrpcLogAppender.java:timeoutAppendRequest(200)) - c5ad2958-1e71-4305-8551-aa22f829f9b0@group-36B53022FF4E->6c3c6da7-32c5-4321-a860-cdd0ae39be33-GrpcLogAppender: appendEntries Timeout, request=c5ad2958-1e71-4305-8551-aa22f829f9b0->6c3c6da7-32c5-4321-a860-cdd0ae39be33#99-t3, previous=(t:3, i:35), leaderCommit=30, initializing? false, entries: <empty>
2019-09-17 13:19:01,657 [EventQueue-PipelineActionsForPipelineActionHandler] ERROR pipeline.PipelineActionHandler (PipelineActionHandler.java:onMessage(60)) - Received pipeline action CLOSE for Pipeline[ Id: b75cb183-17d1-419a-aaf4-36b53022ff4e, Nodes: 2de42d1e-45de-4f1c-b9d9-c37b95a80a97{ip: 192.168.5.153, host: pr-hdds-2137-trunk-mnh2s-3748177197, networkLocation: /default-rack, certSerialId: null}6c3c6da7-32c5-4321-a860-cdd0ae39be33{ip: 192.168.5.153, host: pr-hdds-2137-trunk-mnh2s-3748177197, networkLocation: /default-rack, certSerialId: null}c5ad2958-1e71-4305-8551-aa22f829f9b0{ip: 192.168.5.153, host: pr-hdds-2137-trunk-mnh2s-3748177197, networkLocation: /default-rack, certSerialId: null}, Type:RATIS, Factor:THREE, State:CLOSED] from datanode c5ad2958-1e71-4305-8551-aa22f829f9b0{ip: 192.168.5.153, host: pr-hdds-2137-trunk-mnh2s-3748177197, networkLocation: /default-rack, certSerialId: null}. Reason : c5ad2958-1e71-4305-8551-aa22f829f9b0 has not seen follower/s 6c3c6da7-32c5-4321-a860-cdd0ae39be33 for 160943ms
2019-09-17 13:19:01,657 [EventQueue-PipelineActionsForPipelineActionHandler] INFO  pipeline.SCMPipelineManager (SCMPipelineManager.java:finalizeAndDestroyPipeline(311)) - destroying pipeline:Pipeline[ Id: b75cb183-17d1-419a-aaf4-36b53022ff4e, Nodes: 2de42d1e-45de-4f1c-b9d9-c37b95a80a97{ip: 192.168.5.153, host: pr-hdds-2137-trunk-mnh2s-3748177197, networkLocation: /default-rack, certSerialId: null}6c3c6da7-32c5-4321-a860-cdd0ae39be33{ip: 192.168.5.153, host: pr-hdds-2137-trunk-mnh2s-3748177197, networkLocation: /default-rack, certSerialId: null}c5ad2958-1e71-4305-8551-aa22f829f9b0{ip: 192.168.5.153, host: pr-hdds-2137-trunk-mnh2s-3748177197, networkLocation: /default-rack, certSerialId: null}, Type:RATIS, Factor:THREE, State:CLOSED]
 0.00% |█                                                                                                    |  0/1 Time: 0:03:032019-09-17 13:19:01,876 [grpc-default-executor-1] INFO  client.GrpcClientProtocolClient (GrpcClientProtocolClient.java:onNext(264)) - client-186B59C0213A->2de42d1e-45de-4f1c-b9d9-c37b95a80a97: receive RaftClientReply:client-186B59C0213A->2de42d1e-45de-4f1c-b9d9-c37b95a80a97@group-36B53022FF4E, cid=28, FAILED org.apache.ratis.protocol.NotLeaderException: Server 2de42d1e-45de-4f1c-b9d9-c37b95a80a97@group-36B53022FF4E is not the leader c5ad2958-1e71-4305-8551-aa22f829f9b0:192.168.5.153:32904, logIndex=0, commits[2de42d1e-45de-4f1c-b9d9-c37b95a80a97:c30, 6c3c6da7-32c5-4321-a860-cdd0ae39be33:c27, c5ad2958-1e71-4305-8551-aa22f829f9b0:c30]
 0.00% |█                                                                                                    |  0/1 Time: 0:03:042019-09-17 13:19:03,175 [org.apache.ratis.server.impl.LogAppender$AppenderDaemon$$Lambda$695/1012440095@4f9c6ed4] ERROR ratis.XceiverServerRatis (XceiverServerRatis.java:triggerPipelineClose(575)) - pipeline Action CLOSE  on pipeline PipelineID=b75cb183-17d1-419a-aaf4-36b53022ff4e.Reason : c5ad2958-1e71-4305-8551-aa22f829f9b0 has not seen follower/s 6c3c6da7-32c5-4321-a860-cdd0ae39be33 for 163445ms
2019-09-17 13:19:03,658 [EventQueue-PipelineActionsForPipelineActionHandler] ERROR pipeline.PipelineActionHandler (PipelineActionHandler.java:onMessage(60)) - Received pipeline action CLOSE for Pipeline[ Id: b75cb183-17d1-419a-aaf4-36b53022ff4e, Nodes: 2de42d1e-45de-4f1c-b9d9-c37b95a80a97{ip: 192.168.5.153, host: pr-hdds-2137-trunk-mnh2s-3748177197, networkLocation: /default-rack, certSerialId: null}6c3c6da7-32c5-4321-a860-cdd0ae39be33{ip: 192.168.5.153, host: pr-hdds-2137-trunk-mnh2s-3748177197, networkLocation: /default-rack, certSerialId: null}c5ad2958-1e71-4305-8551-aa22f829f9b0{ip: 192.168.5.153, host: pr-hdds-2137-trunk-mnh2s-3748177197, networkLocation: /default-rack, certSerialId: null}, Type:RATIS, Factor:THREE, State:CLOSED] from datanode c5ad2958-1e71-4305-8551-aa22f829f9b0{ip: 192.168.5.153, host: pr-hdds-2137-trunk-mnh2s-3748177197, networkLocation: /default-rack, certSerialId: null}. Reason : c5ad2958-1e71-4305-8551-aa22f829f9b0 has not seen follower/s 6c3c6da7-32c5-4321-a860-cdd0ae39be33 for 163445ms
2019-09-17 13:19:03,658 [EventQueue-PipelineActionsForPipelineActionHandler] INFO  pipeline.SCMPipelineManager (SCMPipelineManager.java:finalizeAndDestroyPipeline(311)) - destroying pipeline:Pipeline[ Id: b75cb183-17d1-419a-aaf4-36b53022ff4e, Nodes: 2de42d1e-45de-4f1c-b9d9-c37b95a80a97{ip: 192.168.5.153, host: pr-hdds-2137-trunk-mnh2s-3748177197, networkLocation: /default-rack, certSerialId: null}6c3c6da7-32c5-4321-a860-cdd0ae39be33{ip: 192.168.5.153, host: pr-hdds-2137-trunk-mnh2s-3748177197, networkLocation: /default-rack, certSerialId: null}c5ad2958-1e71-4305-8551-aa22f829f9b0{ip: 192.168.5.153, host: pr-hdds-2137-trunk-mnh2s-3748177197, networkLocation: /default-rack, certSerialId: null}, Type:RATIS, Factor:THREE, State:CLOSED]
2019-09-17 13:19:03,673 [java.util.concurrent.ThreadPoolExecutor$Worker@6b2a1b54[State = -1, empty queue]] WARN  server.GrpcLogAppender (GrpcLogAppender.java:timeoutAppendRequest(200)) - c5ad2958-1e71-4305-8551-aa22f829f9b0@group-36B53022FF4E->6c3c6da7-32c5-4321-a860-cdd0ae39be33-GrpcLogAppender: appendEntries Timeout, request=c5ad2958-1e71-4305-8551-aa22f829f9b0->6c3c6da7-32c5-4321-a860-cdd0ae39be33#100-t3, previous=(t:3, i:35), leaderCommit=30, initializing? false, entries: <empty>
 0.00% |█                                                                                                    |  0/1 Time: 0:03:05 0.00% |█                                                                                                    |  0/1 Time: 0:03:062019-09-17 13:19:05,676 [org.apache.ratis.server.impl.LogAppender$AppenderDaemon$$Lambda$695/1012440095@4f9c6ed4] ERROR ratis.XceiverServerRatis (XceiverServerRatis.java:triggerPipelineClose(575)) - pipeline Action CLOSE  on pipeline PipelineID=b75cb183-17d1-419a-aaf4-36b53022ff4e.Reason : c5ad2958-1e71-4305-8551-aa22f829f9b0 has not seen follower/s 6c3c6da7-32c5-4321-a860-cdd0ae39be33 for 165946ms
 0.00% |█                                                                                                    |  0/1 Time: 0:03:072019-09-17 13:19:06,175 [java.util.concurrent.ThreadPoolExecutor$Worker@6b2a1b54[State = -1, empty queue]] WARN  server.GrpcLogAppender (GrpcLogAppender.java:timeoutAppendRequest(200)) - c5ad2958-1e71-4305-8551-aa22f829f9b0@group-36B53022FF4E->6c3c6da7-32c5-4321-a860-cdd0ae39be33-GrpcLogAppender: appendEntries Timeout, request=c5ad2958-1e71-4305-8551-aa22f829f9b0->6c3c6da7-32c5-4321-a860-cdd0ae39be33#101-t3, previous=(t:3, i:35), leaderCommit=30, initializing? false, entries: <empty>
2019-09-17 13:19:06,661 [EventQueue-PipelineActionsForPipelineActionHandler] ERROR pipeline.PipelineActionHandler (PipelineActionHandler.java:onMessage(60)) - Received pipeline action CLOSE for Pipeline[ Id: b75cb183-17d1-419a-aaf4-36b53022ff4e, Nodes: 2de42d1e-45de-4f1c-b9d9-c37b95a80a97{ip: 192.168.5.153, host: pr-hdds-2137-trunk-mnh2s-3748177197, networkLocation: /default-rack, certSerialId: null}6c3c6da7-32c5-4321-a860-cdd0ae39be33{ip: 192.168.5.153, host: pr-hdds-2137-trunk-mnh2s-3748177197, networkLocation: /default-rack, certSerialId: null}c5ad2958-1e71-4305-8551-aa22f829f9b0{ip: 192.168.5.153, host: pr-hdds-2137-trunk-mnh2s-3748177197, networkLocation: /default-rack, certSerialId: null}, Type:RATIS, Factor:THREE, State:CLOSED] from datanode c5ad2958-1e71-4305-8551-aa22f829f9b0{ip: 192.168.5.153, host: pr-hdds-2137-trunk-mnh2s-3748177197, networkLocation: /default-rack, certSerialId: null}. Reason : c5ad2958-1e71-4305-8551-aa22f829f9b0 has not seen follower/s 6c3c6da7-32c5-4321-a860-cdd0ae39be33 for 165946ms
2019-09-17 13:19:06,662 [EventQueue-PipelineActionsForPipelineActionHandler] INFO  pipeline.SCMPipelineManager (SCMPipelineManager.java:finalizeAndDestroyPipeline(311)) - destroying pipeline:Pipeline[ Id: b75cb183-17d1-419a-aaf4-36b53022ff4e, Nodes: 2de42d1e-45de-4f1c-b9d9-c37b95a80a97{ip: 192.168.5.153, host: pr-hdds-2137-trunk-mnh2s-3748177197, networkLocation: /default-rack, certSerialId: null}6c3c6da7-32c5-4321-a860-cdd0ae39be33{ip: 192.168.5.153, host: pr-hdds-2137-trunk-mnh2s-3748177197, networkLocation: /default-rack, certSerialId: null}c5ad2958-1e71-4305-8551-aa22f829f9b0{ip: 192.168.5.153, host: pr-hdds-2137-trunk-mnh2s-3748177197, networkLocation: /default-rack, certSerialId: null}, Type:RATIS, Factor:THREE, State:CLOSED]
 0.00% |█                                                                                                    |  0/1 Time: 0:03:082019-09-17 13:19:06,936 [grpc-default-executor-3] INFO  client.GrpcClientProtocolClient (GrpcClientProtocolClient.java:onNext(264)) - client-186B59C0213A->2de42d1e-45de-4f1c-b9d9-c37b95a80a97: receive RaftClientReply:client-186B59C0213A->2de42d1e-45de-4f1c-b9d9-c37b95a80a97@group-36B53022FF4E, cid=28, FAILED org.apache.ratis.protocol.NotLeaderException: Server 2de42d1e-45de-4f1c-b9d9-c37b95a80a97@group-36B53022FF4E is not the leader c5ad2958-1e71-4305-8551-aa22f829f9b0:192.168.5.153:32904, logIndex=0, commits[2de42d1e-45de-4f1c-b9d9-c37b95a80a97:c30, 6c3c6da7-32c5-4321-a860-cdd0ae39be33:c27, c5ad2958-1e71-4305-8551-aa22f829f9b0:c30]
 0.00% |█                                                                                                    |  0/1 Time: 0:03:092019-09-17 13:19:08,177 [org.apache.ratis.server.impl.LogAppender$AppenderDaemon$$Lambda$695/1012440095@4f9c6ed4] ERROR ratis.XceiverServerRatis (XceiverServerRatis.java:triggerPipelineClose(575)) - pipeline Action CLOSE  on pipeline PipelineID=b75cb183-17d1-419a-aaf4-36b53022ff4e.Reason : c5ad2958-1e71-4305-8551-aa22f829f9b0 has not seen follower/s 6c3c6da7-32c5-4321-a860-cdd0ae39be33 for 168447ms
2019-09-17 13:19:08,659 [EventQueue-PipelineActionsForPipelineActionHandler] ERROR pipeline.PipelineActionHandler (PipelineActionHandler.java:onMessage(60)) - Received pipeline action CLOSE for Pipeline[ Id: b75cb183-17d1-419a-aaf4-36b53022ff4e, Nodes: 2de42d1e-45de-4f1c-b9d9-c37b95a80a97{ip: 192.168.5.153, host: pr-hdds-2137-trunk-mnh2s-3748177197, networkLocation: /default-rack, certSerialId: null}6c3c6da7-32c5-4321-a860-cdd0ae39be33{ip: 192.168.5.153, host: pr-hdds-2137-trunk-mnh2s-3748177197, networkLocation: /default-rack, certSerialId: null}c5ad2958-1e71-4305-8551-aa22f829f9b0{ip: 192.168.5.153, host: pr-hdds-2137-trunk-mnh2s-3748177197, networkLocation: /default-rack, certSerialId: null}, Type:RATIS, Factor:THREE, State:CLOSED] from datanode c5ad2958-1e71-4305-8551-aa22f829f9b0{ip: 192.168.5.153, host: pr-hdds-2137-trunk-mnh2s-3748177197, networkLocation: /default-rack, certSerialId: null}. Reason : c5ad2958-1e71-4305-8551-aa22f829f9b0 has not seen follower/s 6c3c6da7-32c5-4321-a860-cdd0ae39be33 for 168447ms
2019-09-17 13:19:08,659 [EventQueue-PipelineActionsForPipelineActionHandler] INFO  pipeline.SCMPipelineManager (SCMPipelineManager.java:finalizeAndDestroyPipeline(311)) - destroying pipeline:Pipeline[ Id: b75cb183-17d1-419a-aaf4-36b53022ff4e, Nodes: 2de42d1e-45de-4f1c-b9d9-c37b95a80a97{ip: 192.168.5.153, host: pr-hdds-2137-trunk-mnh2s-3748177197, networkLocation: /default-rack, certSerialId: null}6c3c6da7-32c5-4321-a860-cdd0ae39be33{ip: 192.168.5.153, host: pr-hdds-2137-trunk-mnh2s-3748177197, networkLocation: /default-rack, certSerialId: null}c5ad2958-1e71-4305-8551-aa22f829f9b0{ip: 192.168.5.153, host: pr-hdds-2137-trunk-mnh2s-3748177197, networkLocation: /default-rack, certSerialId: null}, Type:RATIS, Factor:THREE, State:CLOSED]
2019-09-17 13:19:08,676 [java.util.concurrent.ThreadPoolExecutor$Worker@6b2a1b54[State = -1, empty queue]] WARN  server.GrpcLogAppender (GrpcLogAppender.java:timeoutAppendRequest(200)) - c5ad2958-1e71-4305-8551-aa22f829f9b0@group-36B53022FF4E->6c3c6da7-32c5-4321-a860-cdd0ae39be33-GrpcLogAppender: appendEntries Timeout, request=c5ad2958-1e71-4305-8551-aa22f829f9b0->6c3c6da7-32c5-4321-a860-cdd0ae39be33#102-t3, previous=(t:3, i:35), leaderCommit=30, initializing? false, entries: <empty>
 0.00% |█                                                                                                    |  0/1 Time: 0:03:10 0.00% |█                                                                                                    |  0/1 Time: 0:03:112019-09-17 13:19:10,019 [c5ad2958-1e71-4305-8551-aa22f829f9b0@group-36B53022FF4E-SegmentedRaftLogWorker] WARN  segmented.SegmentedRaftLogWorker (SegmentedRaftLogWorker.java:getFromFuture(90)) - Timeout 16/~
org.apache.ratis.protocol.TimeoutIOException: Timeout 10s: WriteLog:33: (t:3, i:33), STATEMACHINELOGENTRY, client-186B59C0213A, cid=30-writeStateMachineData
	at org.apache.ratis.util.IOUtils.getFromFuture(IOUtils.java:87)
	at org.apache.ratis.server.raftlog.segmented.SegmentedRaftLogWorker$StateMachineDataPolicy.getFromFuture(SegmentedRaftLogWorker.java:87)
	at org.apache.ratis.server.raftlog.segmented.SegmentedRaftLogWorker$WriteLog.execute(SegmentedRaftLogWorker.java:477)
	at org.apache.ratis.server.raftlog.segmented.SegmentedRaftLogWorker.run(SegmentedRaftLogWorker.java:289)
	at java.lang.Thread.run(Thread.java:748)
Caused by: java.util.concurrent.TimeoutException
	at java.util.concurrent.CompletableFuture.timedGet(CompletableFuture.java:1771)
	at java.util.concurrent.CompletableFuture.get(CompletableFuture.java:1915)
	at org.apache.ratis.util.IOUtils.getFromFuture(IOUtils.java:79)
	... 4 more
2019-09-17 13:19:10,020 [6c3c6da7-32c5-4321-a860-cdd0ae39be33@group-36B53022FF4E-SegmentedRaftLogWorker] WARN  segmented.SegmentedRaftLogWorker (SegmentedRaftLogWorker.java:getFromFuture(90)) - Timeout 16/~
org.apache.ratis.protocol.TimeoutIOException: Timeout 10s: WriteLog:33: (t:3, i:33), STATEMACHINELOGENTRY, client-186B59C0213A, cid=30-writeStateMachineData
	at org.apache.ratis.util.IOUtils.getFromFuture(IOUtils.java:87)
	at org.apache.ratis.server.raftlog.segmented.SegmentedRaftLogWorker$StateMachineDataPolicy.getFromFuture(SegmentedRaftLogWorker.java:87)
	at org.apache.ratis.server.raftlog.segmented.SegmentedRaftLogWorker$WriteLog.execute(SegmentedRaftLogWorker.java:477)
	at org.apache.ratis.server.raftlog.segmented.SegmentedRaftLogWorker.run(SegmentedRaftLogWorker.java:289)
	at java.lang.Thread.run(Thread.java:748)
Caused by: java.util.concurrent.TimeoutException
	at java.util.concurrent.CompletableFuture.timedGet(CompletableFuture.java:1771)
	at java.util.concurrent.CompletableFuture.get(CompletableFuture.java:1915)
	at org.apache.ratis.util.IOUtils.getFromFuture(IOUtils.java:79)
	... 4 more
2019-09-17 13:19:10,681 [org.apache.ratis.server.impl.LogAppender$AppenderDaemon$$Lambda$695/1012440095@4f9c6ed4] ERROR ratis.XceiverServerRatis (XceiverServerRatis.java:triggerPipelineClose(575)) - pipeline Action CLOSE  on pipeline PipelineID=b75cb183-17d1-419a-aaf4-36b53022ff4e.Reason : c5ad2958-1e71-4305-8551-aa22f829f9b0 has not seen follower/s 6c3c6da7-32c5-4321-a860-cdd0ae39be33 for 170951ms
 0.00% |█                                                                                                    |  0/1 Time: 0:03:122019-09-17 13:19:11,178 [java.util.concurrent.ThreadPoolExecutor$Worker@6b2a1b54[State = -1, empty queue]] WARN  server.GrpcLogAppender (GrpcLogAppender.java:timeoutAppendRequest(200)) - c5ad2958-1e71-4305-8551-aa22f829f9b0@group-36B53022FF4E->6c3c6da7-32c5-4321-a860-cdd0ae39be33-GrpcLogAppender: appendEntries Timeout, request=c5ad2958-1e71-4305-8551-aa22f829f9b0->6c3c6da7-32c5-4321-a860-cdd0ae39be33#103-t3, previous=(t:3, i:35), leaderCommit=30, initializing? false, entries: <empty>
2019-09-17 13:19:11,662 [EventQueue-PipelineActionsForPipelineActionHandler] ERROR pipeline.PipelineActionHandler (PipelineActionHandler.java:onMessage(60)) - Received pipeline action CLOSE for Pipeline[ Id: b75cb183-17d1-419a-aaf4-36b53022ff4e, Nodes: 2de42d1e-45de-4f1c-b9d9-c37b95a80a97{ip: 192.168.5.153, host: pr-hdds-2137-trunk-mnh2s-3748177197, networkLocation: /default-rack, certSerialId: null}6c3c6da7-32c5-4321-a860-cdd0ae39be33{ip: 192.168.5.153, host: pr-hdds-2137-trunk-mnh2s-3748177197, networkLocation: /default-rack, certSerialId: null}c5ad2958-1e71-4305-8551-aa22f829f9b0{ip: 192.168.5.153, host: pr-hdds-2137-trunk-mnh2s-3748177197, networkLocation: /default-rack, certSerialId: null}, Type:RATIS, Factor:THREE, State:CLOSED] from datanode c5ad2958-1e71-4305-8551-aa22f829f9b0{ip: 192.168.5.153, host: pr-hdds-2137-trunk-mnh2s-3748177197, networkLocation: /default-rack, certSerialId: null}. Reason : c5ad2958-1e71-4305-8551-aa22f829f9b0 has not seen follower/s 6c3c6da7-32c5-4321-a860-cdd0ae39be33 for 170951ms
2019-09-17 13:19:11,662 [EventQueue-PipelineActionsForPipelineActionHandler] INFO  pipeline.SCMPipelineManager (SCMPipelineManager.java:finalizeAndDestroyPipeline(311)) - destroying pipeline:Pipeline[ Id: b75cb183-17d1-419a-aaf4-36b53022ff4e, Nodes: 2de42d1e-45de-4f1c-b9d9-c37b95a80a97{ip: 192.168.5.153, host: pr-hdds-2137-trunk-mnh2s-3748177197, networkLocation: /default-rack, certSerialId: null}6c3c6da7-32c5-4321-a860-cdd0ae39be33{ip: 192.168.5.153, host: pr-hdds-2137-trunk-mnh2s-3748177197, networkLocation: /default-rack, certSerialId: null}c5ad2958-1e71-4305-8551-aa22f829f9b0{ip: 192.168.5.153, host: pr-hdds-2137-trunk-mnh2s-3748177197, networkLocation: /default-rack, certSerialId: null}, Type:RATIS, Factor:THREE, State:CLOSED]
 0.00% |█                                                                                                    |  0/1 Time: 0:03:132019-09-17 13:19:11,993 [grpc-default-executor-5] INFO  client.GrpcClientProtocolClient (GrpcClientProtocolClient.java:onNext(264)) - client-186B59C0213A->6c3c6da7-32c5-4321-a860-cdd0ae39be33: receive RaftClientReply:client-186B59C0213A->6c3c6da7-32c5-4321-a860-cdd0ae39be33@group-36B53022FF4E, cid=28, FAILED org.apache.ratis.protocol.NotLeaderException: Server 6c3c6da7-32c5-4321-a860-cdd0ae39be33@group-36B53022FF4E is not the leader c5ad2958-1e71-4305-8551-aa22f829f9b0:192.168.5.153:32904, logIndex=0, commits[6c3c6da7-32c5-4321-a860-cdd0ae39be33:c30, 2de42d1e-45de-4f1c-b9d9-c37b95a80a97:c30, c5ad2958-1e71-4305-8551-aa22f829f9b0:c30]
 0.00% |█                                                                                                    |  0/1 Time: 0:03:142019-09-17 13:19:13,181 [org.apache.ratis.server.impl.LogAppender$AppenderDaemon$$Lambda$695/1012440095@4f9c6ed4] ERROR ratis.XceiverServerRatis (XceiverServerRatis.java:triggerPipelineClose(575)) - pipeline Action CLOSE  on pipeline PipelineID=b75cb183-17d1-419a-aaf4-36b53022ff4e.Reason : c5ad2958-1e71-4305-8551-aa22f829f9b0 has not seen follower/s 6c3c6da7-32c5-4321-a860-cdd0ae39be33 for 173451ms
2019-09-17 13:19:13,663 [EventQueue-PipelineActionsForPipelineActionHandler] ERROR pipeline.PipelineActionHandler (PipelineActionHandler.java:onMessage(60)) - Received pipeline action CLOSE for Pipeline[ Id: b75cb183-17d1-419a-aaf4-36b53022ff4e, Nodes: 2de42d1e-45de-4f1c-b9d9-c37b95a80a97{ip: 192.168.5.153, host: pr-hdds-2137-trunk-mnh2s-3748177197, networkLocation: /default-rack, certSerialId: null}6c3c6da7-32c5-4321-a860-cdd0ae39be33{ip: 192.168.5.153, host: pr-hdds-2137-trunk-mnh2s-3748177197, networkLocation: /default-rack, certSerialId: null}c5ad2958-1e71-4305-8551-aa22f829f9b0{ip: 192.168.5.153, host: pr-hdds-2137-trunk-mnh2s-3748177197, networkLocation: /default-rack, certSerialId: null}, Type:RATIS, Factor:THREE, State:CLOSED] from datanode c5ad2958-1e71-4305-8551-aa22f829f9b0{ip: 192.168.5.153, host: pr-hdds-2137-trunk-mnh2s-3748177197, networkLocation: /default-rack, certSerialId: null}. Reason : c5ad2958-1e71-4305-8551-aa22f829f9b0 has not seen follower/s 6c3c6da7-32c5-4321-a860-cdd0ae39be33 for 173451ms
2019-09-17 13:19:13,663 [EventQueue-PipelineActionsForPipelineActionHandler] INFO  pipeline.SCMPipelineManager (SCMPipelineManager.java:finalizeAndDestroyPipeline(311)) - destroying pipeline:Pipeline[ Id: b75cb183-17d1-419a-aaf4-36b53022ff4e, Nodes: 2de42d1e-45de-4f1c-b9d9-c37b95a80a97{ip: 192.168.5.153, host: pr-hdds-2137-trunk-mnh2s-3748177197, networkLocation: /default-rack, certSerialId: null}6c3c6da7-32c5-4321-a860-cdd0ae39be33{ip: 192.168.5.153, host: pr-hdds-2137-trunk-mnh2s-3748177197, networkLocation: /default-rack, certSerialId: null}c5ad2958-1e71-4305-8551-aa22f829f9b0{ip: 192.168.5.153, host: pr-hdds-2137-trunk-mnh2s-3748177197, networkLocation: /default-rack, certSerialId: null}, Type:RATIS, Factor:THREE, State:CLOSED]
2019-09-17 13:19:13,680 [java.util.concurrent.ThreadPoolExecutor$Worker@6b2a1b54[State = -1, empty queue]] WARN  server.GrpcLogAppender (GrpcLogAppender.java:timeoutAppendRequest(200)) - c5ad2958-1e71-4305-8551-aa22f829f9b0@group-36B53022FF4E->6c3c6da7-32c5-4321-a860-cdd0ae39be33-GrpcLogAppender: appendEntries Timeout, request=c5ad2958-1e71-4305-8551-aa22f829f9b0->6c3c6da7-32c5-4321-a860-cdd0ae39be33#104-t3, previous=(t:3, i:35), leaderCommit=30, initializing? false, entries: <empty>
 0.00% |█                                                                                                    |  0/1 Time: 0:03:15 0.00% |█                                                                                                    |  0/1 Time: 0:03:162019-09-17 13:19:15,684 [org.apache.ratis.server.impl.LogAppender$AppenderDaemon$$Lambda$695/1012440095@4f9c6ed4] ERROR ratis.XceiverServerRatis (XceiverServerRatis.java:triggerPipelineClose(575)) - pipeline Action CLOSE  on pipeline PipelineID=b75cb183-17d1-419a-aaf4-36b53022ff4e.Reason : c5ad2958-1e71-4305-8551-aa22f829f9b0 has not seen follower/s 6c3c6da7-32c5-4321-a860-cdd0ae39be33 for 175954ms
 0.00% |█                                                                                                    |  0/1 Time: 0:03:172019-09-17 13:19:16,181 [java.util.concurrent.ThreadPoolExecutor$Worker@6b2a1b54[State = -1, empty queue]] WARN  server.GrpcLogAppender (GrpcLogAppender.java:timeoutAppendRequest(200)) - c5ad2958-1e71-4305-8551-aa22f829f9b0@group-36B53022FF4E->6c3c6da7-32c5-4321-a860-cdd0ae39be33-GrpcLogAppender: appendEntries Timeout, request=c5ad2958-1e71-4305-8551-aa22f829f9b0->6c3c6da7-32c5-4321-a860-cdd0ae39be33#105-t3, previous=(t:3, i:35), leaderCommit=30, initializing? false, entries: <empty>
2019-09-17 13:19:16,663 [EventQueue-PipelineActionsForPipelineActionHandler] ERROR pipeline.PipelineActionHandler (PipelineActionHandler.java:onMessage(60)) - Received pipeline action CLOSE for Pipeline[ Id: b75cb183-17d1-419a-aaf4-36b53022ff4e, Nodes: 2de42d1e-45de-4f1c-b9d9-c37b95a80a97{ip: 192.168.5.153, host: pr-hdds-2137-trunk-mnh2s-3748177197, networkLocation: /default-rack, certSerialId: null}6c3c6da7-32c5-4321-a860-cdd0ae39be33{ip: 192.168.5.153, host: pr-hdds-2137-trunk-mnh2s-3748177197, networkLocation: /default-rack, certSerialId: null}c5ad2958-1e71-4305-8551-aa22f829f9b0{ip: 192.168.5.153, host: pr-hdds-2137-trunk-mnh2s-3748177197, networkLocation: /default-rack, certSerialId: null}, Type:RATIS, Factor:THREE, State:CLOSED] from datanode c5ad2958-1e71-4305-8551-aa22f829f9b0{ip: 192.168.5.153, host: pr-hdds-2137-trunk-mnh2s-3748177197, networkLocation: /default-rack, certSerialId: null}. Reason : c5ad2958-1e71-4305-8551-aa22f829f9b0 has not seen follower/s 6c3c6da7-32c5-4321-a860-cdd0ae39be33 for 175954ms
2019-09-17 13:19:16,663 [EventQueue-PipelineActionsForPipelineActionHandler] INFO  pipeline.SCMPipelineManager (SCMPipelineManager.java:finalizeAndDestroyPipeline(311)) - destroying pipeline:Pipeline[ Id: b75cb183-17d1-419a-aaf4-36b53022ff4e, Nodes: 2de42d1e-45de-4f1c-b9d9-c37b95a80a97{ip: 192.168.5.153, host: pr-hdds-2137-trunk-mnh2s-3748177197, networkLocation: /default-rack, certSerialId: null}6c3c6da7-32c5-4321-a860-cdd0ae39be33{ip: 192.168.5.153, host: pr-hdds-2137-trunk-mnh2s-3748177197, networkLocation: /default-rack, certSerialId: null}c5ad2958-1e71-4305-8551-aa22f829f9b0{ip: 192.168.5.153, host: pr-hdds-2137-trunk-mnh2s-3748177197, networkLocation: /default-rack, certSerialId: null}, Type:RATIS, Factor:THREE, State:CLOSED]
 0.00% |█                                                                                                    |  0/1 Time: 0:03:182019-09-17 13:19:17,038 [grpc-default-executor-1] INFO  client.GrpcClientProtocolClient (GrpcClientProtocolClient.java:onNext(264)) - client-186B59C0213A->2de42d1e-45de-4f1c-b9d9-c37b95a80a97: receive RaftClientReply:client-186B59C0213A->2de42d1e-45de-4f1c-b9d9-c37b95a80a97@group-36B53022FF4E, cid=28, FAILED org.apache.ratis.protocol.NotLeaderException: Server 2de42d1e-45de-4f1c-b9d9-c37b95a80a97@group-36B53022FF4E is not the leader c5ad2958-1e71-4305-8551-aa22f829f9b0:192.168.5.153:32904, logIndex=0, commits[2de42d1e-45de-4f1c-b9d9-c37b95a80a97:c30, 6c3c6da7-32c5-4321-a860-cdd0ae39be33:c27, c5ad2958-1e71-4305-8551-aa22f829f9b0:c30]
 0.00% |█                                                                                                    |  0/1 Time: 0:03:192019-09-17 13:19:18,184 [org.apache.ratis.server.impl.LogAppender$AppenderDaemon$$Lambda$695/1012440095@4f9c6ed4] ERROR ratis.XceiverServerRatis (XceiverServerRatis.java:triggerPipelineClose(575)) - pipeline Action CLOSE  on pipeline PipelineID=b75cb183-17d1-419a-aaf4-36b53022ff4e.Reason : c5ad2958-1e71-4305-8551-aa22f829f9b0 has not seen follower/s 6c3c6da7-32c5-4321-a860-cdd0ae39be33 for 178454ms
2019-09-17 13:19:18,662 [EventQueue-PipelineActionsForPipelineActionHandler] ERROR pipeline.PipelineActionHandler (PipelineActionHandler.java:onMessage(60)) - Received pipeline action CLOSE for Pipeline[ Id: b75cb183-17d1-419a-aaf4-36b53022ff4e, Nodes: 2de42d1e-45de-4f1c-b9d9-c37b95a80a97{ip: 192.168.5.153, host: pr-hdds-2137-trunk-mnh2s-3748177197, networkLocation: /default-rack, certSerialId: null}6c3c6da7-32c5-4321-a860-cdd0ae39be33{ip: 192.168.5.153, host: pr-hdds-2137-trunk-mnh2s-3748177197, networkLocation: /default-rack, certSerialId: null}c5ad2958-1e71-4305-8551-aa22f829f9b0{ip: 192.168.5.153, host: pr-hdds-2137-trunk-mnh2s-3748177197, networkLocation: /default-rack, certSerialId: null}, Type:RATIS, Factor:THREE, State:CLOSED] from datanode c5ad2958-1e71-4305-8551-aa22f829f9b0{ip: 192.168.5.153, host: pr-hdds-2137-trunk-mnh2s-3748177197, networkLocation: /default-rack, certSerialId: null}. Reason : c5ad2958-1e71-4305-8551-aa22f829f9b0 has not seen follower/s 6c3c6da7-32c5-4321-a860-cdd0ae39be33 for 178454ms
2019-09-17 13:19:18,662 [EventQueue-PipelineActionsForPipelineActionHandler] INFO  pipeline.SCMPipelineManager (SCMPipelineManager.java:finalizeAndDestroyPipeline(311)) - destroying pipeline:Pipeline[ Id: b75cb183-17d1-419a-aaf4-36b53022ff4e, Nodes: 2de42d1e-45de-4f1c-b9d9-c37b95a80a97{ip: 192.168.5.153, host: pr-hdds-2137-trunk-mnh2s-3748177197, networkLocation: /default-rack, certSerialId: null}6c3c6da7-32c5-4321-a860-cdd0ae39be33{ip: 192.168.5.153, host: pr-hdds-2137-trunk-mnh2s-3748177197, networkLocation: /default-rack, certSerialId: null}c5ad2958-1e71-4305-8551-aa22f829f9b0{ip: 192.168.5.153, host: pr-hdds-2137-trunk-mnh2s-3748177197, networkLocation: /default-rack, certSerialId: null}, Type:RATIS, Factor:THREE, State:CLOSED]
2019-09-17 13:19:18,683 [java.util.concurrent.ThreadPoolExecutor$Worker@6b2a1b54[State = -1, empty queue]] WARN  server.GrpcLogAppender (GrpcLogAppender.java:timeoutAppendRequest(200)) - c5ad2958-1e71-4305-8551-aa22f829f9b0@group-36B53022FF4E->6c3c6da7-32c5-4321-a860-cdd0ae39be33-GrpcLogAppender: appendEntries Timeout, request=c5ad2958-1e71-4305-8551-aa22f829f9b0->6c3c6da7-32c5-4321-a860-cdd0ae39be33#106-t3, previous=(t:3, i:35), leaderCommit=30, initializing? false, entries: <empty>
 0.00% |█                                                                                                    |  0/1 Time: 0:03:20 0.00% |█                                                                                                    |  0/1 Time: 0:03:212019-09-17 13:19:20,021 [c5ad2958-1e71-4305-8551-aa22f829f9b0@group-36B53022FF4E-SegmentedRaftLogWorker] WARN  segmented.SegmentedRaftLogWorker (SegmentedRaftLogWorker.java:getFromFuture(90)) - Timeout 17/~
org.apache.ratis.protocol.TimeoutIOException: Timeout 10s: WriteLog:33: (t:3, i:33), STATEMACHINELOGENTRY, client-186B59C0213A, cid=30-writeStateMachineData
	at org.apache.ratis.util.IOUtils.getFromFuture(IOUtils.java:87)
	at org.apache.ratis.server.raftlog.segmented.SegmentedRaftLogWorker$StateMachineDataPolicy.getFromFuture(SegmentedRaftLogWorker.java:87)
	at org.apache.ratis.server.raftlog.segmented.SegmentedRaftLogWorker$WriteLog.execute(SegmentedRaftLogWorker.java:477)
	at org.apache.ratis.server.raftlog.segmented.SegmentedRaftLogWorker.run(SegmentedRaftLogWorker.java:289)
	at java.lang.Thread.run(Thread.java:748)
Caused by: java.util.concurrent.TimeoutException
	at java.util.concurrent.CompletableFuture.timedGet(CompletableFuture.java:1771)
	at java.util.concurrent.CompletableFuture.get(CompletableFuture.java:1915)
	at org.apache.ratis.util.IOUtils.getFromFuture(IOUtils.java:79)
	... 4 more
2019-09-17 13:19:20,021 [6c3c6da7-32c5-4321-a860-cdd0ae39be33@group-36B53022FF4E-SegmentedRaftLogWorker] WARN  segmented.SegmentedRaftLogWorker (SegmentedRaftLogWorker.java:getFromFuture(90)) - Timeout 17/~
org.apache.ratis.protocol.TimeoutIOException: Timeout 10s: WriteLog:33: (t:3, i:33), STATEMACHINELOGENTRY, client-186B59C0213A, cid=30-writeStateMachineData
	at org.apache.ratis.util.IOUtils.getFromFuture(IOUtils.java:87)
	at org.apache.ratis.server.raftlog.segmented.SegmentedRaftLogWorker$StateMachineDataPolicy.getFromFuture(SegmentedRaftLogWorker.java:87)
	at org.apache.ratis.server.raftlog.segmented.SegmentedRaftLogWorker$WriteLog.execute(SegmentedRaftLogWorker.java:477)
	at org.apache.ratis.server.raftlog.segmented.SegmentedRaftLogWorker.run(SegmentedRaftLogWorker.java:289)
	at java.lang.Thread.run(Thread.java:748)
Caused by: java.util.concurrent.TimeoutException
	at java.util.concurrent.CompletableFuture.timedGet(CompletableFuture.java:1771)
	at java.util.concurrent.CompletableFuture.get(CompletableFuture.java:1915)
	at org.apache.ratis.util.IOUtils.getFromFuture(IOUtils.java:79)
	... 4 more
2019-09-17 13:19:20,686 [org.apache.ratis.server.impl.LogAppender$AppenderDaemon$$Lambda$695/1012440095@4f9c6ed4] ERROR ratis.XceiverServerRatis (XceiverServerRatis.java:triggerPipelineClose(575)) - pipeline Action CLOSE  on pipeline PipelineID=b75cb183-17d1-419a-aaf4-36b53022ff4e.Reason : c5ad2958-1e71-4305-8551-aa22f829f9b0 has not seen follower/s 6c3c6da7-32c5-4321-a860-cdd0ae39be33 for 180956ms
 0.00% |█                                                                                                    |  0/1 Time: 0:03:222019-09-17 13:19:21,184 [java.util.concurrent.ThreadPoolExecutor$Worker@6b2a1b54[State = -1, empty queue]] WARN  server.GrpcLogAppender (GrpcLogAppender.java:timeoutAppendRequest(200)) - c5ad2958-1e71-4305-8551-aa22f829f9b0@group-36B53022FF4E->6c3c6da7-32c5-4321-a860-cdd0ae39be33-GrpcLogAppender: appendEntries Timeout, request=c5ad2958-1e71-4305-8551-aa22f829f9b0->6c3c6da7-32c5-4321-a860-cdd0ae39be33#107-t3, previous=(t:3, i:35), leaderCommit=30, initializing? false, entries: <empty>
2019-09-17 13:19:21,663 [EventQueue-PipelineActionsForPipelineActionHandler] ERROR pipeline.PipelineActionHandler (PipelineActionHandler.java:onMessage(60)) - Received pipeline action CLOSE for Pipeline[ Id: b75cb183-17d1-419a-aaf4-36b53022ff4e, Nodes: 2de42d1e-45de-4f1c-b9d9-c37b95a80a97{ip: 192.168.5.153, host: pr-hdds-2137-trunk-mnh2s-3748177197, networkLocation: /default-rack, certSerialId: null}6c3c6da7-32c5-4321-a860-cdd0ae39be33{ip: 192.168.5.153, host: pr-hdds-2137-trunk-mnh2s-3748177197, networkLocation: /default-rack, certSerialId: null}c5ad2958-1e71-4305-8551-aa22f829f9b0{ip: 192.168.5.153, host: pr-hdds-2137-trunk-mnh2s-3748177197, networkLocation: /default-rack, certSerialId: null}, Type:RATIS, Factor:THREE, State:CLOSED] from datanode c5ad2958-1e71-4305-8551-aa22f829f9b0{ip: 192.168.5.153, host: pr-hdds-2137-trunk-mnh2s-3748177197, networkLocation: /default-rack, certSerialId: null}. Reason : c5ad2958-1e71-4305-8551-aa22f829f9b0 has not seen follower/s 6c3c6da7-32c5-4321-a860-cdd0ae39be33 for 180956ms
2019-09-17 13:19:21,663 [EventQueue-PipelineActionsForPipelineActionHandler] INFO  pipeline.SCMPipelineManager (SCMPipelineManager.java:finalizeAndDestroyPipeline(311)) - destroying pipeline:Pipeline[ Id: b75cb183-17d1-419a-aaf4-36b53022ff4e, Nodes: 2de42d1e-45de-4f1c-b9d9-c37b95a80a97{ip: 192.168.5.153, host: pr-hdds-2137-trunk-mnh2s-3748177197, networkLocation: /default-rack, certSerialId: null}6c3c6da7-32c5-4321-a860-cdd0ae39be33{ip: 192.168.5.153, host: pr-hdds-2137-trunk-mnh2s-3748177197, networkLocation: /default-rack, certSerialId: null}c5ad2958-1e71-4305-8551-aa22f829f9b0{ip: 192.168.5.153, host: pr-hdds-2137-trunk-mnh2s-3748177197, networkLocation: /default-rack, certSerialId: null}, Type:RATIS, Factor:THREE, State:CLOSED]
 0.00% |█                                                                                                    |  0/1 Time: 0:03:232019-09-17 13:19:22,085 [grpc-default-executor-1] INFO  client.GrpcClientProtocolClient (GrpcClientProtocolClient.java:onNext(264)) - client-186B59C0213A->6c3c6da7-32c5-4321-a860-cdd0ae39be33: receive RaftClientReply:client-186B59C0213A->6c3c6da7-32c5-4321-a860-cdd0ae39be33@group-36B53022FF4E, cid=28, FAILED org.apache.ratis.protocol.NotLeaderException: Server 6c3c6da7-32c5-4321-a860-cdd0ae39be33@group-36B53022FF4E is not the leader c5ad2958-1e71-4305-8551-aa22f829f9b0:192.168.5.153:32904, logIndex=0, commits[6c3c6da7-32c5-4321-a860-cdd0ae39be33:c30, 2de42d1e-45de-4f1c-b9d9-c37b95a80a97:c30, c5ad2958-1e71-4305-8551-aa22f829f9b0:c30]
 0.00% |█                                                                                                    |  0/1 Time: 0:03:242019-09-17 13:19:23,187 [org.apache.ratis.server.impl.LogAppender$AppenderDaemon$$Lambda$695/1012440095@4f9c6ed4] ERROR ratis.XceiverServerRatis (XceiverServerRatis.java:triggerPipelineClose(575)) - pipeline Action CLOSE  on pipeline PipelineID=b75cb183-17d1-419a-aaf4-36b53022ff4e.Reason : c5ad2958-1e71-4305-8551-aa22f829f9b0 has not seen follower/s 6c3c6da7-32c5-4321-a860-cdd0ae39be33 for 183457ms
2019-09-17 13:19:23,662 [EventQueue-PipelineActionsForPipelineActionHandler] ERROR pipeline.PipelineActionHandler (PipelineActionHandler.java:onMessage(60)) - Received pipeline action CLOSE for Pipeline[ Id: b75cb183-17d1-419a-aaf4-36b53022ff4e, Nodes: 2de42d1e-45de-4f1c-b9d9-c37b95a80a97{ip: 192.168.5.153, host: pr-hdds-2137-trunk-mnh2s-3748177197, networkLocation: /default-rack, certSerialId: null}6c3c6da7-32c5-4321-a860-cdd0ae39be33{ip: 192.168.5.153, host: pr-hdds-2137-trunk-mnh2s-3748177197, networkLocation: /default-rack, certSerialId: null}c5ad2958-1e71-4305-8551-aa22f829f9b0{ip: 192.168.5.153, host: pr-hdds-2137-trunk-mnh2s-3748177197, networkLocation: /default-rack, certSerialId: null}, Type:RATIS, Factor:THREE, State:CLOSED] from datanode c5ad2958-1e71-4305-8551-aa22f829f9b0{ip: 192.168.5.153, host: pr-hdds-2137-trunk-mnh2s-3748177197, networkLocation: /default-rack, certSerialId: null}. Reason : c5ad2958-1e71-4305-8551-aa22f829f9b0 has not seen follower/s 6c3c6da7-32c5-4321-a860-cdd0ae39be33 for 183457ms
2019-09-17 13:19:23,662 [EventQueue-PipelineActionsForPipelineActionHandler] INFO  pipeline.SCMPipelineManager (SCMPipelineManager.java:finalizeAndDestroyPipeline(311)) - destroying pipeline:Pipeline[ Id: b75cb183-17d1-419a-aaf4-36b53022ff4e, Nodes: 2de42d1e-45de-4f1c-b9d9-c37b95a80a97{ip: 192.168.5.153, host: pr-hdds-2137-trunk-mnh2s-3748177197, networkLocation: /default-rack, certSerialId: null}6c3c6da7-32c5-4321-a860-cdd0ae39be33{ip: 192.168.5.153, host: pr-hdds-2137-trunk-mnh2s-3748177197, networkLocation: /default-rack, certSerialId: null}c5ad2958-1e71-4305-8551-aa22f829f9b0{ip: 192.168.5.153, host: pr-hdds-2137-trunk-mnh2s-3748177197, networkLocation: /default-rack, certSerialId: null}, Type:RATIS, Factor:THREE, State:CLOSED]
2019-09-17 13:19:23,685 [java.util.concurrent.ThreadPoolExecutor$Worker@6b2a1b54[State = -1, empty queue]] WARN  server.GrpcLogAppender (GrpcLogAppender.java:timeoutAppendRequest(200)) - c5ad2958-1e71-4305-8551-aa22f829f9b0@group-36B53022FF4E->6c3c6da7-32c5-4321-a860-cdd0ae39be33-GrpcLogAppender: appendEntries Timeout, request=c5ad2958-1e71-4305-8551-aa22f829f9b0->6c3c6da7-32c5-4321-a860-cdd0ae39be33#108-t3, previous=(t:3, i:35), leaderCommit=30, initializing? false, entries: <empty>
 0.00% |█                                                                                                    |  0/1 Time: 0:03:25 0.00% |█                                                                                                    |  0/1 Time: 0:03:262019-09-17 13:19:25,688 [org.apache.ratis.server.impl.LogAppender$AppenderDaemon$$Lambda$695/1012440095@4f9c6ed4] ERROR ratis.XceiverServerRatis (XceiverServerRatis.java:triggerPipelineClose(575)) - pipeline Action CLOSE  on pipeline PipelineID=b75cb183-17d1-419a-aaf4-36b53022ff4e.Reason : c5ad2958-1e71-4305-8551-aa22f829f9b0 has not seen follower/s 6c3c6da7-32c5-4321-a860-cdd0ae39be33 for 185958ms
 0.00% |█                                                                                                    |  0/1 Time: 0:03:272019-09-17 13:19:25,991 [grpc-default-executor-1] INFO  impl.RaftServerProxy (RaftServerProxy.java:remove(95)) - 2de42d1e-45de-4f1c-b9d9-c37b95a80a97: remove  FOLLOWER 2de42d1e-45de-4f1c-b9d9-c37b95a80a97@group-36B53022FF4E:t3, leader=c5ad2958-1e71-4305-8551-aa22f829f9b0, voted=2de42d1e-45de-4f1c-b9d9-c37b95a80a97, raftlog=2de42d1e-45de-4f1c-b9d9-c37b95a80a97@group-36B53022FF4E-SegmentedRaftLog:OPENED:c30,f35,i35, conf=0: [6c3c6da7-32c5-4321-a860-cdd0ae39be33:192.168.5.153:36145, 2de42d1e-45de-4f1c-b9d9-c37b95a80a97:192.168.5.153:40988, c5ad2958-1e71-4305-8551-aa22f829f9b0:192.168.5.153:32904], old=null RUNNING
2019-09-17 13:19:25,995 [grpc-default-executor-1] INFO  impl.RaftServerImpl (RaftServerImpl.java:lambda$shutdown$3(251)) - 2de42d1e-45de-4f1c-b9d9-c37b95a80a97@group-36B53022FF4E: shutdown
2019-09-17 13:19:25,996 [grpc-default-executor-1] INFO  util.JmxRegister (JmxRegister.java:unregister(73)) - Successfully un-registered JMX Bean with object name Ratis:service=RaftServer,group=group-36B53022FF4E,id=2de42d1e-45de-4f1c-b9d9-c37b95a80a97
2019-09-17 13:19:25,996 [grpc-default-executor-1] INFO  impl.RoleInfo (RoleInfo.java:shutdownFollowerState(121)) - 2de42d1e-45de-4f1c-b9d9-c37b95a80a97: shutdown FollowerState
2019-09-17 13:19:25,996 [grpc-default-executor-1] INFO  impl.StateMachineUpdater (StateMachineUpdater.java:stopAndJoin(125)) - 2de42d1e-45de-4f1c-b9d9-c37b95a80a97@group-36B53022FF4E-StateMachineUpdater: set stopIndex = 30
2019-09-17 13:19:25,996 [Thread-317] INFO  impl.FollowerState (FollowerState.java:run(115)) - 2de42d1e-45de-4f1c-b9d9-c37b95a80a97: FollowerState was interrupted: java.lang.InterruptedException: sleep interrupted
2019-09-17 13:19:25,996 [2de42d1e-45de-4f1c-b9d9-c37b95a80a97@group-36B53022FF4E-StateMachineUpdater] INFO  ratis.ContainerStateMachine (ContainerStateMachine.java:takeSnapshot(289)) - group-36B53022FF4E: Taking a snapshot at:(t:3, i:27) file /tmp/workdir/hadoop-ozone/tools/target/test-dir/MiniOzoneClusterImpl-f0fd4d7a-2cff-4230-aa30-c4e451fbf5d5/datanode-2/data/ratis/b75cb183-17d1-419a-aaf4-36b53022ff4e/sm/snapshot.3_27
2019-09-17 13:19:26,032 [2de42d1e-45de-4f1c-b9d9-c37b95a80a97@group-36B53022FF4E-StateMachineUpdater] INFO  ratis.ContainerStateMachine (ContainerStateMachine.java:takeSnapshot(300)) - group-36B53022FF4E: Finished taking a snapshot at:(t:3, i:27) file:/tmp/workdir/hadoop-ozone/tools/target/test-dir/MiniOzoneClusterImpl-f0fd4d7a-2cff-4230-aa30-c4e451fbf5d5/datanode-2/data/ratis/b75cb183-17d1-419a-aaf4-36b53022ff4e/sm/snapshot.3_27 time:36
2019-09-17 13:19:26,034 [2de42d1e-45de-4f1c-b9d9-c37b95a80a97@group-36B53022FF4E-StateMachineUpdater] INFO  impl.StateMachineUpdater (StateMachineUpdater.java:takeSnapshot(258)) - 2de42d1e-45de-4f1c-b9d9-c37b95a80a97@group-36B53022FF4E-StateMachineUpdater: Took a snapshot at index 27
2019-09-17 13:19:26,036 [2de42d1e-45de-4f1c-b9d9-c37b95a80a97@group-36B53022FF4E-StateMachineUpdater] INFO  impl.StateMachineUpdater (StateMachineUpdater.java:lambda$new$0(83)) - 2de42d1e-45de-4f1c-b9d9-c37b95a80a97@group-36B53022FF4E-StateMachineUpdater: snapshotIndex: updateIncreasingly -1 -> 27
2019-09-17 13:19:26,041 [2de42d1e-45de-4f1c-b9d9-c37b95a80a97@group-36B53022FF4E-StateMachineUpdater] INFO  ratis.ContainerStateMachine (ContainerStateMachine.java:takeSnapshot(289)) - group-36B53022FF4E: Taking a snapshot at:(t:3, i:27) file /tmp/workdir/hadoop-ozone/tools/target/test-dir/MiniOzoneClusterImpl-f0fd4d7a-2cff-4230-aa30-c4e451fbf5d5/datanode-2/data/ratis/b75cb183-17d1-419a-aaf4-36b53022ff4e/sm/snapshot.3_27
2019-09-17 13:19:26,187 [java.util.concurrent.ThreadPoolExecutor$Worker@6b2a1b54[State = -1, empty queue]] WARN  server.GrpcLogAppender (GrpcLogAppender.java:timeoutAppendRequest(200)) - c5ad2958-1e71-4305-8551-aa22f829f9b0@group-36B53022FF4E->6c3c6da7-32c5-4321-a860-cdd0ae39be33-GrpcLogAppender: appendEntries Timeout, request=c5ad2958-1e71-4305-8551-aa22f829f9b0->6c3c6da7-32c5-4321-a860-cdd0ae39be33#109-t3, previous=(t:3, i:35), leaderCommit=30, initializing? false, entries: <empty>
2019-09-17 13:19:26,385 [2de42d1e-45de-4f1c-b9d9-c37b95a80a97@group-36B53022FF4E-StateMachineUpdater] INFO  ratis.ContainerStateMachine (ContainerStateMachine.java:takeSnapshot(300)) - group-36B53022FF4E: Finished taking a snapshot at:(t:3, i:27) file:/tmp/workdir/hadoop-ozone/tools/target/test-dir/MiniOzoneClusterImpl-f0fd4d7a-2cff-4230-aa30-c4e451fbf5d5/datanode-2/data/ratis/b75cb183-17d1-419a-aaf4-36b53022ff4e/sm/snapshot.3_27 time:344
2019-09-17 13:19:26,386 [2de42d1e-45de-4f1c-b9d9-c37b95a80a97@group-36B53022FF4E-StateMachineUpdater] INFO  impl.StateMachineUpdater (StateMachineUpdater.java:takeSnapshot(258)) - 2de42d1e-45de-4f1c-b9d9-c37b95a80a97@group-36B53022FF4E-StateMachineUpdater: Took a snapshot at index 27
2019-09-17 13:19:26,386 [2de42d1e-45de-4f1c-b9d9-c37b95a80a97@group-36B53022FF4E-StateMachineUpdater] INFO  impl.StateMachineUpdater (StateMachineUpdater.java:lambda$new$0(83)) - 2de42d1e-45de-4f1c-b9d9-c37b95a80a97@group-36B53022FF4E-StateMachineUpdater: snapshotIndex: updateIncreasingly 27 -> 27
2019-09-17 13:19:26,386 [grpc-default-executor-1] INFO  impl.RaftServerImpl (ServerState.java:close(385)) - 2de42d1e-45de-4f1c-b9d9-c37b95a80a97@group-36B53022FF4E: closes. applyIndex: 30
2019-09-17 13:19:26,389 [2de42d1e-45de-4f1c-b9d9-c37b95a80a97@group-36B53022FF4E-SegmentedRaftLogWorker] INFO  segmented.SegmentedRaftLogWorker (SegmentedRaftLogWorker.java:run(313)) - 2de42d1e-45de-4f1c-b9d9-c37b95a80a97@group-36B53022FF4E-SegmentedRaftLogWorker was interrupted, exiting. There are 0 tasks remaining in the queue.
2019-09-17 13:19:26,392 [grpc-default-executor-1] INFO  segmented.SegmentedRaftLogWorker (SegmentedRaftLogWorker.java:close(228)) - 2de42d1e-45de-4f1c-b9d9-c37b95a80a97@group-36B53022FF4E-SegmentedRaftLogWorker close()
2019-09-17 13:19:26,493 [grpc-default-executor-1] INFO  interfaces.Container (KeyValueContainer.java:flushAndSyncDB(386)) - Container 1 is synced with bcsId 12.
2019-09-17 13:19:26,494 [grpc-default-executor-1] INFO  interfaces.Container (KeyValueContainer.java:flushAndSyncDB(386)) - Container 1 is synced with bcsId 12.
2019-09-17 13:19:26,519 [EventQueue-IncrementalContainerReportForIncrementalContainerReportHandler] INFO  container.IncrementalContainerReportHandler (AbstractContainerReportHandler.java:updateContainerState(169)) - Moving container #1 to QUASI_CLOSED state, datanode 2de42d1e-45de-4f1c-b9d9-c37b95a80a97{ip: 192.168.5.153, host: pr-hdds-2137-trunk-mnh2s-3748177197, networkLocation: /default-rack, certSerialId: null} reported QUASI_CLOSED replica.
2019-09-17 13:19:26,530 [grpc-default-executor-1] INFO  interfaces.Container (KeyValueContainer.java:flushAndSyncDB(386)) - Container 2 is synced with bcsId 27.
2019-09-17 13:19:26,530 [grpc-default-executor-1] INFO  interfaces.Container (KeyValueContainer.java:flushAndSyncDB(386)) - Container 2 is synced with bcsId 27.
2019-09-17 13:19:26,547 [EventQueue-IncrementalContainerReportForIncrementalContainerReportHandler] INFO  container.IncrementalContainerReportHandler (AbstractContainerReportHandler.java:updateContainerState(169)) - Moving container #2 to QUASI_CLOSED state, datanode 2de42d1e-45de-4f1c-b9d9-c37b95a80a97{ip: 192.168.5.153, host: pr-hdds-2137-trunk-mnh2s-3748177197, networkLocation: /default-rack, certSerialId: null} reported QUASI_CLOSED replica.
2019-09-17 13:19:26,634 [grpc-default-executor-1] INFO  interfaces.Container (KeyValueContainer.java:flushAndSyncDB(386)) - Container 3 is synced with bcsId 0.
2019-09-17 13:19:26,635 [grpc-default-executor-1] INFO  interfaces.Container (KeyValueContainer.java:flushAndSyncDB(386)) - Container 3 is synced with bcsId 0.
2019-09-17 13:19:26,654 [EventQueue-IncrementalContainerReportForIncrementalContainerReportHandler] INFO  container.IncrementalContainerReportHandler (AbstractContainerReportHandler.java:updateContainerState(169)) - Moving container #3 to QUASI_CLOSED state, datanode 2de42d1e-45de-4f1c-b9d9-c37b95a80a97{ip: 192.168.5.153, host: pr-hdds-2137-trunk-mnh2s-3748177197, networkLocation: /default-rack, certSerialId: null} reported QUASI_CLOSED replica.
2019-09-17 13:19:26,662 [EventQueue-PipelineActionsForPipelineActionHandler] ERROR pipeline.PipelineActionHandler (PipelineActionHandler.java:onMessage(60)) - Received pipeline action CLOSE for Pipeline[ Id: b75cb183-17d1-419a-aaf4-36b53022ff4e, Nodes: 2de42d1e-45de-4f1c-b9d9-c37b95a80a97{ip: 192.168.5.153, host: pr-hdds-2137-trunk-mnh2s-3748177197, networkLocation: /default-rack, certSerialId: null}6c3c6da7-32c5-4321-a860-cdd0ae39be33{ip: 192.168.5.153, host: pr-hdds-2137-trunk-mnh2s-3748177197, networkLocation: /default-rack, certSerialId: null}c5ad2958-1e71-4305-8551-aa22f829f9b0{ip: 192.168.5.153, host: pr-hdds-2137-trunk-mnh2s-3748177197, networkLocation: /default-rack, certSerialId: null}, Type:RATIS, Factor:THREE, State:CLOSED] from datanode c5ad2958-1e71-4305-8551-aa22f829f9b0{ip: 192.168.5.153, host: pr-hdds-2137-trunk-mnh2s-3748177197, networkLocation: /default-rack, certSerialId: null}. Reason : c5ad2958-1e71-4305-8551-aa22f829f9b0 has not seen follower/s 6c3c6da7-32c5-4321-a860-cdd0ae39be33 for 185958ms
2019-09-17 13:19:26,662 [EventQueue-PipelineActionsForPipelineActionHandler] INFO  pipeline.SCMPipelineManager (SCMPipelineManager.java:finalizeAndDestroyPipeline(311)) - destroying pipeline:Pipeline[ Id: b75cb183-17d1-419a-aaf4-36b53022ff4e, Nodes: 2de42d1e-45de-4f1c-b9d9-c37b95a80a97{ip: 192.168.5.153, host: pr-hdds-2137-trunk-mnh2s-3748177197, networkLocation: /default-rack, certSerialId: null}6c3c6da7-32c5-4321-a860-cdd0ae39be33{ip: 192.168.5.153, host: pr-hdds-2137-trunk-mnh2s-3748177197, networkLocation: /default-rack, certSerialId: null}c5ad2958-1e71-4305-8551-aa22f829f9b0{ip: 192.168.5.153, host: pr-hdds-2137-trunk-mnh2s-3748177197, networkLocation: /default-rack, certSerialId: null}, Type:RATIS, Factor:THREE, State:CLOSED]
2019-09-17 13:19:26,664 [grpc-default-executor-1] INFO  impl.RaftServerProxy (RaftServerProxy.java:remove(95)) - 6c3c6da7-32c5-4321-a860-cdd0ae39be33: remove  FOLLOWER 6c3c6da7-32c5-4321-a860-cdd0ae39be33@group-36B53022FF4E:t3, leader=c5ad2958-1e71-4305-8551-aa22f829f9b0, voted=c5ad2958-1e71-4305-8551-aa22f829f9b0, raftlog=6c3c6da7-32c5-4321-a860-cdd0ae39be33@group-36B53022FF4E-SegmentedRaftLog:OPENED:c30,f30,i35, conf=0: [6c3c6da7-32c5-4321-a860-cdd0ae39be33:192.168.5.153:36145, 2de42d1e-45de-4f1c-b9d9-c37b95a80a97:192.168.5.153:40988, c5ad2958-1e71-4305-8551-aa22f829f9b0:192.168.5.153:32904], old=null RUNNING
2019-09-17 13:19:26,665 [grpc-default-executor-1] INFO  impl.RaftServerImpl (RaftServerImpl.java:lambda$shutdown$3(251)) - 6c3c6da7-32c5-4321-a860-cdd0ae39be33@group-36B53022FF4E: shutdown
2019-09-17 13:19:26,665 [grpc-default-executor-1] INFO  util.JmxRegister (JmxRegister.java:unregister(73)) - Successfully un-registered JMX Bean with object name Ratis:service=RaftServer,group=group-36B53022FF4E,id=6c3c6da7-32c5-4321-a860-cdd0ae39be33
2019-09-17 13:19:26,666 [grpc-default-executor-1] INFO  impl.RoleInfo (RoleInfo.java:shutdownFollowerState(121)) - 6c3c6da7-32c5-4321-a860-cdd0ae39be33: shutdown FollowerState
2019-09-17 13:19:26,666 [grpc-default-executor-1] INFO  impl.StateMachineUpdater (StateMachineUpdater.java:stopAndJoin(125)) - 6c3c6da7-32c5-4321-a860-cdd0ae39be33@group-36B53022FF4E-StateMachineUpdater: set stopIndex = 30
2019-09-17 13:19:26,666 [6c3c6da7-32c5-4321-a860-cdd0ae39be33@group-36B53022FF4E-StateMachineUpdater] INFO  ratis.ContainerStateMachine (ContainerStateMachine.java:takeSnapshot(289)) - group-36B53022FF4E: Taking a snapshot at:(t:3, i:27) file /tmp/workdir/hadoop-ozone/tools/target/test-dir/MiniOzoneClusterImpl-f0fd4d7a-2cff-4230-aa30-c4e451fbf5d5/datanode-4/data/ratis/b75cb183-17d1-419a-aaf4-36b53022ff4e/sm/snapshot.3_27
2019-09-17 13:19:26,666 [Thread-311] INFO  impl.FollowerState (FollowerState.java:run(115)) - 6c3c6da7-32c5-4321-a860-cdd0ae39be33: FollowerState was interrupted: java.lang.InterruptedException: sleep interrupted
2019-09-17 13:19:26,678 [6c3c6da7-32c5-4321-a860-cdd0ae39be33@group-36B53022FF4E-StateMachineUpdater] INFO  ratis.ContainerStateMachine (ContainerStateMachine.java:takeSnapshot(300)) - group-36B53022FF4E: Finished taking a snapshot at:(t:3, i:27) file:/tmp/workdir/hadoop-ozone/tools/target/test-dir/MiniOzoneClusterImpl-f0fd4d7a-2cff-4230-aa30-c4e451fbf5d5/datanode-4/data/ratis/b75cb183-17d1-419a-aaf4-36b53022ff4e/sm/snapshot.3_27 time:12
2019-09-17 13:19:26,678 [6c3c6da7-32c5-4321-a860-cdd0ae39be33@group-36B53022FF4E-StateMachineUpdater] INFO  impl.StateMachineUpdater (StateMachineUpdater.java:takeSnapshot(258)) - 6c3c6da7-32c5-4321-a860-cdd0ae39be33@group-36B53022FF4E-StateMachineUpdater: Took a snapshot at index 27
2019-09-17 13:19:26,678 [6c3c6da7-32c5-4321-a860-cdd0ae39be33@group-36B53022FF4E-StateMachineUpdater] INFO  impl.StateMachineUpdater (StateMachineUpdater.java:lambda$new$0(83)) - 6c3c6da7-32c5-4321-a860-cdd0ae39be33@group-36B53022FF4E-StateMachineUpdater: snapshotIndex: updateIncreasingly -1 -> 27
2019-09-17 13:19:26,679 [6c3c6da7-32c5-4321-a860-cdd0ae39be33@group-36B53022FF4E-StateMachineUpdater] INFO  ratis.ContainerStateMachine (ContainerStateMachine.java:takeSnapshot(289)) - group-36B53022FF4E: Taking a snapshot at:(t:3, i:27) file /tmp/workdir/hadoop-ozone/tools/target/test-dir/MiniOzoneClusterImpl-f0fd4d7a-2cff-4230-aa30-c4e451fbf5d5/datanode-4/data/ratis/b75cb183-17d1-419a-aaf4-36b53022ff4e/sm/snapshot.3_27
2019-09-17 13:19:26,718 [6c3c6da7-32c5-4321-a860-cdd0ae39be33@group-36B53022FF4E-StateMachineUpdater] INFO  ratis.ContainerStateMachine (ContainerStateMachine.java:takeSnapshot(300)) - group-36B53022FF4E: Finished taking a snapshot at:(t:3, i:27) file:/tmp/workdir/hadoop-ozone/tools/target/test-dir/MiniOzoneClusterImpl-f0fd4d7a-2cff-4230-aa30-c4e451fbf5d5/datanode-4/data/ratis/b75cb183-17d1-419a-aaf4-36b53022ff4e/sm/snapshot.3_27 time:39
2019-09-17 13:19:26,718 [6c3c6da7-32c5-4321-a860-cdd0ae39be33@group-36B53022FF4E-StateMachineUpdater] INFO  impl.StateMachineUpdater (StateMachineUpdater.java:takeSnapshot(258)) - 6c3c6da7-32c5-4321-a860-cdd0ae39be33@group-36B53022FF4E-StateMachineUpdater: Took a snapshot at index 27
2019-09-17 13:19:26,718 [6c3c6da7-32c5-4321-a860-cdd0ae39be33@group-36B53022FF4E-StateMachineUpdater] INFO  impl.StateMachineUpdater (StateMachineUpdater.java:lambda$new$0(83)) - 6c3c6da7-32c5-4321-a860-cdd0ae39be33@group-36B53022FF4E-StateMachineUpdater: snapshotIndex: updateIncreasingly 27 -> 27
2019-09-17 13:19:26,719 [grpc-default-executor-1] INFO  impl.RaftServerImpl (ServerState.java:close(385)) - 6c3c6da7-32c5-4321-a860-cdd0ae39be33@group-36B53022FF4E: closes. applyIndex: 30
2019-09-17 13:19:26,722 [6c3c6da7-32c5-4321-a860-cdd0ae39be33@group-36B53022FF4E-SegmentedRaftLogWorker] ERROR ratis.XceiverServerRatis (XceiverServerRatis.java:triggerPipelineClose(575)) - pipeline Action CLOSE  on pipeline PipelineID=b75cb183-17d1-419a-aaf4-36b53022ff4e.Reason : WriteLog:33: (t:3, i:33), STATEMACHINELOGENTRY, client-186B59C0213A, cid=30-writeStateMachineData interrupted.
2019-09-17 13:19:26,725 [EventQueue-PipelineActionsForPipelineActionHandler] ERROR pipeline.PipelineActionHandler (PipelineActionHandler.java:onMessage(60)) - Received pipeline action CLOSE for Pipeline[ Id: b75cb183-17d1-419a-aaf4-36b53022ff4e, Nodes: 2de42d1e-45de-4f1c-b9d9-c37b95a80a97{ip: 192.168.5.153, host: pr-hdds-2137-trunk-mnh2s-3748177197, networkLocation: /default-rack, certSerialId: null}6c3c6da7-32c5-4321-a860-cdd0ae39be33{ip: 192.168.5.153, host: pr-hdds-2137-trunk-mnh2s-3748177197, networkLocation: /default-rack, certSerialId: null}c5ad2958-1e71-4305-8551-aa22f829f9b0{ip: 192.168.5.153, host: pr-hdds-2137-trunk-mnh2s-3748177197, networkLocation: /default-rack, certSerialId: null}, Type:RATIS, Factor:THREE, State:CLOSED] from datanode 6c3c6da7-32c5-4321-a860-cdd0ae39be33{ip: 192.168.5.153, host: pr-hdds-2137-trunk-mnh2s-3748177197, networkLocation: /default-rack, certSerialId: null}. Reason : WriteLog:33: (t:3, i:33), STATEMACHINELOGENTRY, client-186B59C0213A, cid=30-writeStateMachineData interrupted.
2019-09-17 13:19:26,725 [EventQueue-PipelineActionsForPipelineActionHandler] INFO  pipeline.SCMPipelineManager (SCMPipelineManager.java:finalizeAndDestroyPipeline(311)) - destroying pipeline:Pipeline[ Id: b75cb183-17d1-419a-aaf4-36b53022ff4e, Nodes: 2de42d1e-45de-4f1c-b9d9-c37b95a80a97{ip: 192.168.5.153, host: pr-hdds-2137-trunk-mnh2s-3748177197, networkLocation: /default-rack, certSerialId: null}6c3c6da7-32c5-4321-a860-cdd0ae39be33{ip: 192.168.5.153, host: pr-hdds-2137-trunk-mnh2s-3748177197, networkLocation: /default-rack, certSerialId: null}c5ad2958-1e71-4305-8551-aa22f829f9b0{ip: 192.168.5.153, host: pr-hdds-2137-trunk-mnh2s-3748177197, networkLocation: /default-rack, certSerialId: null}, Type:RATIS, Factor:THREE, State:CLOSED]
2019-09-17 13:19:26,732 [grpc-default-executor-1] INFO  segmented.SegmentedRaftLogWorker (SegmentedRaftLogWorker.java:close(228)) - 6c3c6da7-32c5-4321-a860-cdd0ae39be33@group-36B53022FF4E-SegmentedRaftLogWorker close()
2019-09-17 13:19:26,752 [grpc-default-executor-1] INFO  interfaces.Container (KeyValueContainer.java:flushAndSyncDB(386)) - Container 1 is synced with bcsId 12.
2019-09-17 13:19:26,752 [grpc-default-executor-1] INFO  interfaces.Container (KeyValueContainer.java:flushAndSyncDB(386)) - Container 1 is synced with bcsId 12.
2019-09-17 13:19:26,785 [grpc-default-executor-1] INFO  interfaces.Container (KeyValueContainer.java:flushAndSyncDB(386)) - Container 2 is synced with bcsId 27.
2019-09-17 13:19:26,786 [grpc-default-executor-1] INFO  interfaces.Container (KeyValueContainer.java:flushAndSyncDB(386)) - Container 2 is synced with bcsId 27.
 0.00% |█                                                                                                    |  0/1 Time: 0:03:282019-09-17 13:19:26,887 [grpc-default-executor-1] INFO  interfaces.Container (KeyValueContainer.java:flushAndSyncDB(386)) - Container 3 is synced with bcsId 0.
2019-09-17 13:19:26,887 [grpc-default-executor-1] INFO  interfaces.Container (KeyValueContainer.java:flushAndSyncDB(386)) - Container 3 is synced with bcsId 0.
2019-09-17 13:19:26,975 [grpc-default-executor-1] INFO  impl.RaftServerProxy (RaftServerProxy.java:remove(95)) - c5ad2958-1e71-4305-8551-aa22f829f9b0: remove    LEADER c5ad2958-1e71-4305-8551-aa22f829f9b0@group-36B53022FF4E:t3, leader=c5ad2958-1e71-4305-8551-aa22f829f9b0, voted=c5ad2958-1e71-4305-8551-aa22f829f9b0, raftlog=c5ad2958-1e71-4305-8551-aa22f829f9b0@group-36B53022FF4E-SegmentedRaftLog:OPENED:c30,f30,i35, conf=0: [6c3c6da7-32c5-4321-a860-cdd0ae39be33:192.168.5.153:36145, 2de42d1e-45de-4f1c-b9d9-c37b95a80a97:192.168.5.153:40988, c5ad2958-1e71-4305-8551-aa22f829f9b0:192.168.5.153:32904], old=null RUNNING
2019-09-17 13:19:26,975 [grpc-default-executor-1] INFO  impl.RaftServerImpl (RaftServerImpl.java:lambda$shutdown$3(251)) - c5ad2958-1e71-4305-8551-aa22f829f9b0@group-36B53022FF4E: shutdown
2019-09-17 13:19:26,976 [grpc-default-executor-1] INFO  util.JmxRegister (JmxRegister.java:unregister(73)) - Successfully un-registered JMX Bean with object name Ratis:service=RaftServer,group=group-36B53022FF4E,id=c5ad2958-1e71-4305-8551-aa22f829f9b0
2019-09-17 13:19:26,976 [grpc-default-executor-1] INFO  impl.RoleInfo (RoleInfo.java:shutdownLeaderState(104)) - c5ad2958-1e71-4305-8551-aa22f829f9b0: shutdown LeaderState
2019-09-17 13:19:26,979 [grpc-default-executor-1] INFO  impl.PendingRequests (PendingRequests.java:sendNotLeaderResponses(202)) - c5ad2958-1e71-4305-8551-aa22f829f9b0-PendingRequests: sendNotLeaderResponses
2019-09-17 13:19:26,981 [org.apache.ratis.server.impl.LogAppender$AppenderDaemon$$Lambda$695/1012440095@4f9c6ed4] WARN  server.GrpcLogAppender (GrpcLogAppender.java:mayWait(143)) - c5ad2958-1e71-4305-8551-aa22f829f9b0@group-36B53022FF4E->6c3c6da7-32c5-4321-a860-cdd0ae39be33-GrpcLogAppender: Wait interrupted by java.lang.InterruptedException
2019-09-17 13:19:26,979 [org.apache.ratis.server.impl.LogAppender$AppenderDaemon$$Lambda$695/1012440095@769427db] WARN  server.GrpcLogAppender (GrpcLogAppender.java:mayWait(143)) - c5ad2958-1e71-4305-8551-aa22f829f9b0@group-36B53022FF4E->2de42d1e-45de-4f1c-b9d9-c37b95a80a97-GrpcLogAppender: Wait interrupted by java.lang.InterruptedException
2019-09-17 13:19:26,983 [grpc-default-executor-5] INFO  server.GrpcServerProtocolService (GrpcServerProtocolService.java:onCompleted(113)) - 2de42d1e-45de-4f1c-b9d9-c37b95a80a97: Completed APPEND_ENTRIES, lastRequest: c5ad2958-1e71-4305-8551-aa22f829f9b0->2de42d1e-45de-4f1c-b9d9-c37b95a80a97#110-t3, previous=(t:3, i:35), leaderCommit=30, initializing? false, entries: <empty>
2019-09-17 13:19:26,983 [grpc-default-executor-3] INFO  server.GrpcServerProtocolService (GrpcServerProtocolService.java:onCompleted(113)) - 6c3c6da7-32c5-4321-a860-cdd0ae39be33: Completed APPEND_ENTRIES, lastRequest: c5ad2958-1e71-4305-8551-aa22f829f9b0->6c3c6da7-32c5-4321-a860-cdd0ae39be33#110-t3, previous=(t:3, i:35), leaderCommit=30, initializing? false, entries: <empty>
2019-09-17 13:19:26,989 [grpc-default-executor-1] INFO  impl.StateMachineUpdater (StateMachineUpdater.java:stopAndJoin(125)) - c5ad2958-1e71-4305-8551-aa22f829f9b0@group-36B53022FF4E-StateMachineUpdater: set stopIndex = 30
2019-09-17 13:19:26,990 [c5ad2958-1e71-4305-8551-aa22f829f9b0@group-36B53022FF4E-StateMachineUpdater] INFO  ratis.ContainerStateMachine (ContainerStateMachine.java:takeSnapshot(289)) - group-36B53022FF4E: Taking a snapshot at:(t:3, i:27) file /tmp/workdir/hadoop-ozone/tools/target/test-dir/MiniOzoneClusterImpl-f0fd4d7a-2cff-4230-aa30-c4e451fbf5d5/datanode-0/data/ratis/b75cb183-17d1-419a-aaf4-36b53022ff4e/sm/snapshot.3_27
2019-09-17 13:19:26,990 [grpc-default-executor-5] INFO  server.GrpcLogAppender (GrpcLogAppender.java:onCompleted(293)) - c5ad2958-1e71-4305-8551-aa22f829f9b0@group-36B53022FF4E->2de42d1e-45de-4f1c-b9d9-c37b95a80a97-AppendLogResponseHandler: follower responses appendEntries COMPLETED
2019-09-17 13:19:26,990 [grpc-default-executor-3] INFO  server.GrpcLogAppender (GrpcLogAppender.java:onCompleted(293)) - c5ad2958-1e71-4305-8551-aa22f829f9b0@group-36B53022FF4E->6c3c6da7-32c5-4321-a860-cdd0ae39be33-AppendLogResponseHandler: follower responses appendEntries COMPLETED
2019-09-17 13:19:26,991 [grpc-default-executor-5] INFO  impl.FollowerInfo (FollowerInfo.java:lambda$new$0(51)) - c5ad2958-1e71-4305-8551-aa22f829f9b0@group-36B53022FF4E->2de42d1e-45de-4f1c-b9d9-c37b95a80a97: nextIndex: updateUnconditionally 36 -> 35
2019-09-17 13:19:26,991 [grpc-default-executor-3] INFO  impl.FollowerInfo (FollowerInfo.java:lambda$new$0(51)) - c5ad2958-1e71-4305-8551-aa22f829f9b0@group-36B53022FF4E->6c3c6da7-32c5-4321-a860-cdd0ae39be33: nextIndex: updateUnconditionally 36 -> 31
2019-09-17 13:19:27,014 [c5ad2958-1e71-4305-8551-aa22f829f9b0@group-36B53022FF4E-StateMachineUpdater] INFO  ratis.ContainerStateMachine (ContainerStateMachine.java:takeSnapshot(300)) - group-36B53022FF4E: Finished taking a snapshot at:(t:3, i:27) file:/tmp/workdir/hadoop-ozone/tools/target/test-dir/MiniOzoneClusterImpl-f0fd4d7a-2cff-4230-aa30-c4e451fbf5d5/datanode-0/data/ratis/b75cb183-17d1-419a-aaf4-36b53022ff4e/sm/snapshot.3_27 time:24
2019-09-17 13:19:27,014 [c5ad2958-1e71-4305-8551-aa22f829f9b0@group-36B53022FF4E-StateMachineUpdater] INFO  impl.StateMachineUpdater (StateMachineUpdater.java:takeSnapshot(258)) - c5ad2958-1e71-4305-8551-aa22f829f9b0@group-36B53022FF4E-StateMachineUpdater: Took a snapshot at index 27
2019-09-17 13:19:27,014 [c5ad2958-1e71-4305-8551-aa22f829f9b0@group-36B53022FF4E-StateMachineUpdater] INFO  impl.StateMachineUpdater (StateMachineUpdater.java:lambda$new$0(83)) - c5ad2958-1e71-4305-8551-aa22f829f9b0@group-36B53022FF4E-StateMachineUpdater: snapshotIndex: updateIncreasingly -1 -> 27
2019-09-17 13:19:27,014 [c5ad2958-1e71-4305-8551-aa22f829f9b0@group-36B53022FF4E-StateMachineUpdater] INFO  ratis.ContainerStateMachine (ContainerStateMachine.java:takeSnapshot(289)) - group-36B53022FF4E: Taking a snapshot at:(t:3, i:27) file /tmp/workdir/hadoop-ozone/tools/target/test-dir/MiniOzoneClusterImpl-f0fd4d7a-2cff-4230-aa30-c4e451fbf5d5/datanode-0/data/ratis/b75cb183-17d1-419a-aaf4-36b53022ff4e/sm/snapshot.3_27
2019-09-17 13:19:27,015 [Command processor thread] ERROR commandhandler.CloseContainerCommandHandler (CloseContainerCommandHandler.java:handle(125)) - Can't close container #2
java.io.IOException: org.apache.ratis.protocol.GroupMismatchException: c5ad2958-1e71-4305-8551-aa22f829f9b0: group-36B53022FF4E not found.
	at org.apache.hadoop.ozone.container.common.transport.server.ratis.XceiverServerRatis.submitRequest(XceiverServerRatis.java:502)
	at org.apache.hadoop.ozone.container.common.statemachine.commandhandler.CloseContainerCommandHandler.handle(CloseContainerCommandHandler.java:102)
	at org.apache.hadoop.ozone.container.common.statemachine.commandhandler.CommandDispatcher.handle(CommandDispatcher.java:99)
	at org.apache.hadoop.ozone.container.common.statemachine.DatanodeStateMachine.lambda$initCommandHandlerThread$1(DatanodeStateMachine.java:432)
	at java.lang.Thread.run(Thread.java:748)
Caused by: java.util.concurrent.ExecutionException: org.apache.ratis.protocol.GroupMismatchException: c5ad2958-1e71-4305-8551-aa22f829f9b0: group-36B53022FF4E not found.
	at java.util.concurrent.CompletableFuture.reportGet(CompletableFuture.java:357)
	at java.util.concurrent.CompletableFuture.get(CompletableFuture.java:1895)
	at org.apache.hadoop.ozone.container.common.transport.server.ratis.XceiverServerRatis.submitRequest(XceiverServerRatis.java:500)
	... 4 more
Caused by: org.apache.ratis.protocol.GroupMismatchException: c5ad2958-1e71-4305-8551-aa22f829f9b0: group-36B53022FF4E not found.
	at org.apache.ratis.server.impl.RaftServerProxy$ImplMap.get(RaftServerProxy.java:122)
	at org.apache.ratis.server.impl.RaftServerProxy.getImplFuture(RaftServerProxy.java:269)
	at org.apache.ratis.server.impl.RaftServerProxy.submitRequest(RaftServerProxy.java:327)
	at org.apache.ratis.server.impl.RaftServerProxy.submitClientRequestAsync(RaftServerProxy.java:333)
	... 5 more
2019-09-17 13:19:27,049 [c5ad2958-1e71-4305-8551-aa22f829f9b0@group-36B53022FF4E-StateMachineUpdater] INFO  ratis.ContainerStateMachine (ContainerStateMachine.java:takeSnapshot(300)) - group-36B53022FF4E: Finished taking a snapshot at:(t:3, i:27) file:/tmp/workdir/hadoop-ozone/tools/target/test-dir/MiniOzoneClusterImpl-f0fd4d7a-2cff-4230-aa30-c4e451fbf5d5/datanode-0/data/ratis/b75cb183-17d1-419a-aaf4-36b53022ff4e/sm/snapshot.3_27 time:35
2019-09-17 13:19:27,050 [c5ad2958-1e71-4305-8551-aa22f829f9b0@group-36B53022FF4E-StateMachineUpdater] INFO  impl.StateMachineUpdater (StateMachineUpdater.java:takeSnapshot(258)) - c5ad2958-1e71-4305-8551-aa22f829f9b0@group-36B53022FF4E-StateMachineUpdater: Took a snapshot at index 27
2019-09-17 13:19:27,050 [c5ad2958-1e71-4305-8551-aa22f829f9b0@group-36B53022FF4E-StateMachineUpdater] INFO  impl.StateMachineUpdater (StateMachineUpdater.java:lambda$new$0(83)) - c5ad2958-1e71-4305-8551-aa22f829f9b0@group-36B53022FF4E-StateMachineUpdater: snapshotIndex: updateIncreasingly 27 -> 27
2019-09-17 13:19:27,050 [Command processor thread] ERROR commandhandler.CloseContainerCommandHandler (CloseContainerCommandHandler.java:handle(125)) - Can't close container #3
java.io.IOException: org.apache.ratis.protocol.GroupMismatchException: c5ad2958-1e71-4305-8551-aa22f829f9b0: group-36B53022FF4E not found.
	at org.apache.hadoop.ozone.container.common.transport.server.ratis.XceiverServerRatis.submitRequest(XceiverServerRatis.java:502)
	at org.apache.hadoop.ozone.container.common.statemachine.commandhandler.CloseContainerCommandHandler.handle(CloseContainerCommandHandler.java:102)
	at org.apache.hadoop.ozone.container.common.statemachine.commandhandler.CommandDispatcher.handle(CommandDispatcher.java:99)
	at org.apache.hadoop.ozone.container.common.statemachine.DatanodeStateMachine.lambda$initCommandHandlerThread$1(DatanodeStateMachine.java:432)
	at java.lang.Thread.run(Thread.java:748)
Caused by: java.util.concurrent.ExecutionException: org.apache.ratis.protocol.GroupMismatchException: c5ad2958-1e71-4305-8551-aa22f829f9b0: group-36B53022FF4E not found.
	at java.util.concurrent.CompletableFuture.reportGet(CompletableFuture.java:357)
	at java.util.concurrent.CompletableFuture.get(CompletableFuture.java:1895)
	at org.apache.hadoop.ozone.container.common.transport.server.ratis.XceiverServerRatis.submitRequest(XceiverServerRatis.java:500)
	... 4 more
Caused by: org.apache.ratis.protocol.GroupMismatchException: c5ad2958-1e71-4305-8551-aa22f829f9b0: group-36B53022FF4E not found.
	at org.apache.ratis.server.impl.RaftServerProxy$ImplMap.get(RaftServerProxy.java:122)
	at org.apache.ratis.server.impl.RaftServerProxy.getImplFuture(RaftServerProxy.java:269)
	at org.apache.ratis.server.impl.RaftServerProxy.submitRequest(RaftServerProxy.java:327)
	at org.apache.ratis.server.impl.RaftServerProxy.submitClientRequestAsync(RaftServerProxy.java:333)
	... 5 more
2019-09-17 13:19:27,050 [grpc-default-executor-1] INFO  impl.RaftServerImpl (ServerState.java:close(385)) - c5ad2958-1e71-4305-8551-aa22f829f9b0@group-36B53022FF4E: closes. applyIndex: 30
2019-09-17 13:19:27,051 [c5ad2958-1e71-4305-8551-aa22f829f9b0@group-36B53022FF4E-SegmentedRaftLogWorker] ERROR ratis.XceiverServerRatis (XceiverServerRatis.java:triggerPipelineClose(575)) - pipeline Action CLOSE  on pipeline PipelineID=b75cb183-17d1-419a-aaf4-36b53022ff4e.Reason : WriteLog:33: (t:3, i:33), STATEMACHINELOGENTRY, client-186B59C0213A, cid=30-writeStateMachineData interrupted.
2019-09-17 13:19:27,054 [EventQueue-PipelineActionsForPipelineActionHandler] ERROR pipeline.PipelineActionHandler (PipelineActionHandler.java:onMessage(60)) - Received pipeline action CLOSE for Pipeline[ Id: b75cb183-17d1-419a-aaf4-36b53022ff4e, Nodes: 2de42d1e-45de-4f1c-b9d9-c37b95a80a97{ip: 192.168.5.153, host: pr-hdds-2137-trunk-mnh2s-3748177197, networkLocation: /default-rack, certSerialId: null}6c3c6da7-32c5-4321-a860-cdd0ae39be33{ip: 192.168.5.153, host: pr-hdds-2137-trunk-mnh2s-3748177197, networkLocation: /default-rack, certSerialId: null}c5ad2958-1e71-4305-8551-aa22f829f9b0{ip: 192.168.5.153, host: pr-hdds-2137-trunk-mnh2s-3748177197, networkLocation: /default-rack, certSerialId: null}, Type:RATIS, Factor:THREE, State:CLOSED] from datanode c5ad2958-1e71-4305-8551-aa22f829f9b0{ip: 192.168.5.153, host: pr-hdds-2137-trunk-mnh2s-3748177197, networkLocation: /default-rack, certSerialId: null}. Reason : WriteLog:33: (t:3, i:33), STATEMACHINELOGENTRY, client-186B59C0213A, cid=30-writeStateMachineData interrupted.
2019-09-17 13:19:27,054 [EventQueue-PipelineActionsForPipelineActionHandler] INFO  pipeline.SCMPipelineManager (SCMPipelineManager.java:finalizeAndDestroyPipeline(311)) - destroying pipeline:Pipeline[ Id: b75cb183-17d1-419a-aaf4-36b53022ff4e, Nodes: 2de42d1e-45de-4f1c-b9d9-c37b95a80a97{ip: 192.168.5.153, host: pr-hdds-2137-trunk-mnh2s-3748177197, networkLocation: /default-rack, certSerialId: null}6c3c6da7-32c5-4321-a860-cdd0ae39be33{ip: 192.168.5.153, host: pr-hdds-2137-trunk-mnh2s-3748177197, networkLocation: /default-rack, certSerialId: null}c5ad2958-1e71-4305-8551-aa22f829f9b0{ip: 192.168.5.153, host: pr-hdds-2137-trunk-mnh2s-3748177197, networkLocation: /default-rack, certSerialId: null}, Type:RATIS, Factor:THREE, State:CLOSED]
2019-09-17 13:19:27,057 [grpc-default-executor-1] INFO  segmented.SegmentedRaftLogWorker (SegmentedRaftLogWorker.java:close(228)) - c5ad2958-1e71-4305-8551-aa22f829f9b0@group-36B53022FF4E-SegmentedRaftLogWorker close()
2019-09-17 13:19:27,066 [grpc-default-executor-1] INFO  interfaces.Container (KeyValueContainer.java:flushAndSyncDB(386)) - Container 1 is synced with bcsId 12.
2019-09-17 13:19:27,067 [grpc-default-executor-1] INFO  interfaces.Container (KeyValueContainer.java:flushAndSyncDB(386)) - Container 1 is synced with bcsId 12.
2019-09-17 13:19:27,087 [grpc-default-executor-1] INFO  interfaces.Container (KeyValueContainer.java:flushAndSyncDB(386)) - Container 2 is synced with bcsId 27.
2019-09-17 13:19:27,087 [grpc-default-executor-1] INFO  interfaces.Container (KeyValueContainer.java:flushAndSyncDB(386)) - Container 2 is synced with bcsId 27.
2019-09-17 13:19:27,151 [pool-73-thread-3] WARN  io.KeyOutputStream (KeyOutputStream.java:handleException(276)) - Encountered exception java.io.IOException: Unexpected Storage Container Exception: java.util.concurrent.CompletionException: java.util.concurrent.CompletionException: org.apache.ratis.protocol.GroupMismatchException: 2de42d1e-45de-4f1c-b9d9-c37b95a80a97: group-36B53022FF4E not found. on the pipeline Pipeline[ Id: b75cb183-17d1-419a-aaf4-36b53022ff4e, Nodes: 2de42d1e-45de-4f1c-b9d9-c37b95a80a97{ip: 192.168.5.153, host: pr-hdds-2137-trunk-mnh2s-3748177197, networkLocation: /default-rack, certSerialId: null}6c3c6da7-32c5-4321-a860-cdd0ae39be33{ip: 192.168.5.153, host: pr-hdds-2137-trunk-mnh2s-3748177197, networkLocation: /default-rack, certSerialId: null}c5ad2958-1e71-4305-8551-aa22f829f9b0{ip: 192.168.5.153, host: pr-hdds-2137-trunk-mnh2s-3748177197, networkLocation: /default-rack, certSerialId: null}, Type:RATIS, Factor:THREE, State:OPEN]. The last committed block length is 0, uncommitted data length is 2097152 retry count 0
2019-09-17 13:19:27,199 [grpc-default-executor-3] INFO  impl.RaftServerProxy (RaftServerProxy.java:addNew(89)) - 6c3c6da7-32c5-4321-a860-cdd0ae39be33: addNew group-B43E45A2ECEA:[6c3c6da7-32c5-4321-a860-cdd0ae39be33:192.168.5.153:36145, 2de42d1e-45de-4f1c-b9d9-c37b95a80a97:192.168.5.153:40988, c5ad2958-1e71-4305-8551-aa22f829f9b0:192.168.5.153:32904] returns group-B43E45A2ECEA:java.util.concurrent.CompletableFuture@1f44e175[Not completed]
2019-09-17 13:19:27,199 [grpc-default-executor-6] INFO  impl.RaftServerProxy (RaftServerProxy.java:addNew(89)) - 2de42d1e-45de-4f1c-b9d9-c37b95a80a97: addNew group-B43E45A2ECEA:[6c3c6da7-32c5-4321-a860-cdd0ae39be33:192.168.5.153:36145, 2de42d1e-45de-4f1c-b9d9-c37b95a80a97:192.168.5.153:40988, c5ad2958-1e71-4305-8551-aa22f829f9b0:192.168.5.153:32904] returns group-B43E45A2ECEA:java.util.concurrent.CompletableFuture@55296f9f[Not completed]
2019-09-17 13:19:27,202 [grpc-default-executor-5] INFO  impl.RaftServerProxy (RaftServerProxy.java:addNew(89)) - c5ad2958-1e71-4305-8551-aa22f829f9b0: addNew group-B43E45A2ECEA:[6c3c6da7-32c5-4321-a860-cdd0ae39be33:192.168.5.153:36145, 2de42d1e-45de-4f1c-b9d9-c37b95a80a97:192.168.5.153:40988, c5ad2958-1e71-4305-8551-aa22f829f9b0:192.168.5.153:32904] returns group-B43E45A2ECEA:java.util.concurrent.CompletableFuture@41772774[Not completed]
2019-09-17 13:19:27,203 [pool-47-thread-1] INFO  impl.RaftServerImpl (RaftServerImpl.java:<init>(95)) - 2de42d1e-45de-4f1c-b9d9-c37b95a80a97: new RaftServerImpl for group-B43E45A2ECEA:[6c3c6da7-32c5-4321-a860-cdd0ae39be33:192.168.5.153:36145, 2de42d1e-45de-4f1c-b9d9-c37b95a80a97:192.168.5.153:40988, c5ad2958-1e71-4305-8551-aa22f829f9b0:192.168.5.153:32904] with ContainerStateMachine:uninitialized
2019-09-17 13:19:27,203 [pool-47-thread-1] INFO  server.RaftServerConfigKeys (ConfUtils.java:logGet(43)) - raft.server.rpc.timeout.min = 5s (custom)
2019-09-17 13:19:27,203 [pool-47-thread-1] INFO  server.RaftServerConfigKeys (ConfUtils.java:logGet(43)) - raft.server.rpc.timeout.max = 5200ms (custom)
2019-09-17 13:19:27,203 [pool-47-thread-1] INFO  server.RaftServerConfigKeys (ConfUtils.java:logGet(43)) - raft.server.rpcslowness.timeout = 120s (custom)
2019-09-17 13:19:27,203 [pool-47-thread-1] INFO  server.RaftServerConfigKeys (ConfUtils.java:logGet(43)) - raft.server.sleep.deviation.threshold = 300 (default)
2019-09-17 13:19:27,203 [pool-47-thread-1] INFO  server.RaftServerConfigKeys (ConfUtils.java:logGet(43)) - raft.server.log.appender.install.snapshot.enabled = false (custom)
2019-09-17 13:19:27,204 [pool-47-thread-1] INFO  impl.RaftServerImpl (ServerState.java:<init>(103)) - 2de42d1e-45de-4f1c-b9d9-c37b95a80a97@group-B43E45A2ECEA: ConfigurationManager, init=-1: [6c3c6da7-32c5-4321-a860-cdd0ae39be33:192.168.5.153:36145, 2de42d1e-45de-4f1c-b9d9-c37b95a80a97:192.168.5.153:40988, c5ad2958-1e71-4305-8551-aa22f829f9b0:192.168.5.153:32904], old=null, confs=<EMPTY_MAP>
2019-09-17 13:19:27,204 [pool-27-thread-1] INFO  impl.RaftServerImpl (RaftServerImpl.java:<init>(95)) - c5ad2958-1e71-4305-8551-aa22f829f9b0: new RaftServerImpl for group-B43E45A2ECEA:[6c3c6da7-32c5-4321-a860-cdd0ae39be33:192.168.5.153:36145, 2de42d1e-45de-4f1c-b9d9-c37b95a80a97:192.168.5.153:40988, c5ad2958-1e71-4305-8551-aa22f829f9b0:192.168.5.153:32904] with ContainerStateMachine:uninitialized
2019-09-17 13:19:27,204 [pool-27-thread-1] INFO  server.RaftServerConfigKeys (ConfUtils.java:logGet(43)) - raft.server.rpc.timeout.min = 5s (custom)
2019-09-17 13:19:27,204 [pool-47-thread-1] INFO  server.RaftServerConfigKeys (ConfUtils.java:logGet(43)) - raft.server.storage.dir = [/tmp/workdir/hadoop-ozone/tools/target/test-dir/MiniOzoneClusterImpl-f0fd4d7a-2cff-4230-aa30-c4e451fbf5d5/datanode-2/data/ratis] (custom)
2019-09-17 13:19:27,204 [pool-27-thread-1] INFO  server.RaftServerConfigKeys (ConfUtils.java:logGet(43)) - raft.server.rpc.timeout.max = 5200ms (custom)
2019-09-17 13:19:27,204 [pool-27-thread-1] INFO  server.RaftServerConfigKeys (ConfUtils.java:logGet(43)) - raft.server.rpcslowness.timeout = 120s (custom)
2019-09-17 13:19:27,204 [pool-27-thread-1] INFO  server.RaftServerConfigKeys (ConfUtils.java:logGet(43)) - raft.server.sleep.deviation.threshold = 300 (default)
2019-09-17 13:19:27,204 [pool-47-thread-1] INFO  storage.RaftStorageDirectory (RaftStorageDirectory.java:analyzeStorage(246)) - The storage directory /tmp/workdir/hadoop-ozone/tools/target/test-dir/MiniOzoneClusterImpl-f0fd4d7a-2cff-4230-aa30-c4e451fbf5d5/datanode-2/data/ratis/eaf66fd7-7166-4ab2-93ce-b43e45a2ecea does not exist. Creating ...
2019-09-17 13:19:27,204 [pool-67-thread-1] INFO  impl.RaftServerImpl (RaftServerImpl.java:<init>(95)) - 6c3c6da7-32c5-4321-a860-cdd0ae39be33: new RaftServerImpl for group-B43E45A2ECEA:[6c3c6da7-32c5-4321-a860-cdd0ae39be33:192.168.5.153:36145, 2de42d1e-45de-4f1c-b9d9-c37b95a80a97:192.168.5.153:40988, c5ad2958-1e71-4305-8551-aa22f829f9b0:192.168.5.153:32904] with ContainerStateMachine:uninitialized
2019-09-17 13:19:27,204 [pool-27-thread-1] INFO  server.RaftServerConfigKeys (ConfUtils.java:logGet(43)) - raft.server.log.appender.install.snapshot.enabled = false (custom)
2019-09-17 13:19:27,205 [pool-67-thread-1] INFO  server.RaftServerConfigKeys (ConfUtils.java:logGet(43)) - raft.server.rpc.timeout.min = 5s (custom)
2019-09-17 13:19:27,205 [pool-27-thread-1] INFO  impl.RaftServerImpl (ServerState.java:<init>(103)) - c5ad2958-1e71-4305-8551-aa22f829f9b0@group-B43E45A2ECEA: ConfigurationManager, init=-1: [6c3c6da7-32c5-4321-a860-cdd0ae39be33:192.168.5.153:36145, 2de42d1e-45de-4f1c-b9d9-c37b95a80a97:192.168.5.153:40988, c5ad2958-1e71-4305-8551-aa22f829f9b0:192.168.5.153:32904], old=null, confs=<EMPTY_MAP>
2019-09-17 13:19:27,205 [pool-67-thread-1] INFO  server.RaftServerConfigKeys (ConfUtils.java:logGet(43)) - raft.server.rpc.timeout.max = 5200ms (custom)
2019-09-17 13:19:27,205 [pool-27-thread-1] INFO  server.RaftServerConfigKeys (ConfUtils.java:logGet(43)) - raft.server.storage.dir = [/tmp/workdir/hadoop-ozone/tools/target/test-dir/MiniOzoneClusterImpl-f0fd4d7a-2cff-4230-aa30-c4e451fbf5d5/datanode-0/data/ratis] (custom)
2019-09-17 13:19:27,205 [pool-67-thread-1] INFO  server.RaftServerConfigKeys (ConfUtils.java:logGet(43)) - raft.server.rpcslowness.timeout = 120s (custom)
2019-09-17 13:19:27,205 [pool-67-thread-1] INFO  server.RaftServerConfigKeys (ConfUtils.java:logGet(43)) - raft.server.sleep.deviation.threshold = 300 (default)
2019-09-17 13:19:27,205 [pool-27-thread-1] INFO  storage.RaftStorageDirectory (RaftStorageDirectory.java:analyzeStorage(246)) - The storage directory /tmp/workdir/hadoop-ozone/tools/target/test-dir/MiniOzoneClusterImpl-f0fd4d7a-2cff-4230-aa30-c4e451fbf5d5/datanode-0/data/ratis/eaf66fd7-7166-4ab2-93ce-b43e45a2ecea does not exist. Creating ...
2019-09-17 13:19:27,205 [pool-67-thread-1] INFO  server.RaftServerConfigKeys (ConfUtils.java:logGet(43)) - raft.server.log.appender.install.snapshot.enabled = false (custom)
2019-09-17 13:19:27,205 [pool-67-thread-1] INFO  impl.RaftServerImpl (ServerState.java:<init>(103)) - 6c3c6da7-32c5-4321-a860-cdd0ae39be33@group-B43E45A2ECEA: ConfigurationManager, init=-1: [6c3c6da7-32c5-4321-a860-cdd0ae39be33:192.168.5.153:36145, 2de42d1e-45de-4f1c-b9d9-c37b95a80a97:192.168.5.153:40988, c5ad2958-1e71-4305-8551-aa22f829f9b0:192.168.5.153:32904], old=null, confs=<EMPTY_MAP>
2019-09-17 13:19:27,205 [pool-67-thread-1] INFO  server.RaftServerConfigKeys (ConfUtils.java:logGet(43)) - raft.server.storage.dir = [/tmp/workdir/hadoop-ozone/tools/target/test-dir/MiniOzoneClusterImpl-f0fd4d7a-2cff-4230-aa30-c4e451fbf5d5/datanode-4/data/ratis] (custom)
2019-09-17 13:19:27,206 [pool-67-thread-1] INFO  storage.RaftStorageDirectory (RaftStorageDirectory.java:analyzeStorage(246)) - The storage directory /tmp/workdir/hadoop-ozone/tools/target/test-dir/MiniOzoneClusterImpl-f0fd4d7a-2cff-4230-aa30-c4e451fbf5d5/datanode-4/data/ratis/eaf66fd7-7166-4ab2-93ce-b43e45a2ecea does not exist. Creating ...
2019-09-17 13:19:27,227 [pool-47-thread-1] INFO  storage.RaftStorageDirectory (RaftStorageDirectory.java:tryLock(328)) - Lock on /tmp/workdir/hadoop-ozone/tools/target/test-dir/MiniOzoneClusterImpl-f0fd4d7a-2cff-4230-aa30-c4e451fbf5d5/datanode-2/data/ratis/eaf66fd7-7166-4ab2-93ce-b43e45a2ecea/in_use.lock acquired by nodename 27448@pr-hdds-2137-trunk-mnh2s-3748177197
2019-09-17 13:19:27,227 [grpc-default-executor-1] INFO  interfaces.Container (KeyValueContainer.java:flushAndSyncDB(386)) - Container 3 is synced with bcsId 0.
2019-09-17 13:19:27,227 [pool-67-thread-1] INFO  storage.RaftStorageDirectory (RaftStorageDirectory.java:tryLock(328)) - Lock on /tmp/workdir/hadoop-ozone/tools/target/test-dir/MiniOzoneClusterImpl-f0fd4d7a-2cff-4230-aa30-c4e451fbf5d5/datanode-4/data/ratis/eaf66fd7-7166-4ab2-93ce-b43e45a2ecea/in_use.lock acquired by nodename 27448@pr-hdds-2137-trunk-mnh2s-3748177197
2019-09-17 13:19:27,227 [pool-27-thread-1] INFO  storage.RaftStorageDirectory (RaftStorageDirectory.java:tryLock(328)) - Lock on /tmp/workdir/hadoop-ozone/tools/target/test-dir/MiniOzoneClusterImpl-f0fd4d7a-2cff-4230-aa30-c4e451fbf5d5/datanode-0/data/ratis/eaf66fd7-7166-4ab2-93ce-b43e45a2ecea/in_use.lock acquired by nodename 27448@pr-hdds-2137-trunk-mnh2s-3748177197
2019-09-17 13:19:27,228 [grpc-default-executor-1] INFO  interfaces.Container (KeyValueContainer.java:flushAndSyncDB(386)) - Container 3 is synced with bcsId 0.
2019-09-17 13:19:27,243 [pool-47-thread-1] INFO  storage.RaftStorage (RaftStorage.java:format(72)) - Storage directory /tmp/workdir/hadoop-ozone/tools/target/test-dir/MiniOzoneClusterImpl-f0fd4d7a-2cff-4230-aa30-c4e451fbf5d5/datanode-2/data/ratis/eaf66fd7-7166-4ab2-93ce-b43e45a2ecea has been successfully formatted.
2019-09-17 13:19:27,243 [pool-67-thread-1] INFO  storage.RaftStorage (RaftStorage.java:format(72)) - Storage directory /tmp/workdir/hadoop-ozone/tools/target/test-dir/MiniOzoneClusterImpl-f0fd4d7a-2cff-4230-aa30-c4e451fbf5d5/datanode-4/data/ratis/eaf66fd7-7166-4ab2-93ce-b43e45a2ecea has been successfully formatted.
2019-09-17 13:19:27,243 [pool-27-thread-1] INFO  storage.RaftStorage (RaftStorage.java:format(72)) - Storage directory /tmp/workdir/hadoop-ozone/tools/target/test-dir/MiniOzoneClusterImpl-f0fd4d7a-2cff-4230-aa30-c4e451fbf5d5/datanode-0/data/ratis/eaf66fd7-7166-4ab2-93ce-b43e45a2ecea has been successfully formatted.
2019-09-17 13:19:27,243 [pool-47-thread-1] INFO  ratis.ContainerStateMachine (ContainerStateMachine.java:loadSnapshot(230)) - group-B43E45A2ECEA: The snapshot info is null. Setting the last applied indexto:(t:0, i:~)
2019-09-17 13:19:27,244 [pool-67-thread-1] INFO  ratis.ContainerStateMachine (ContainerStateMachine.java:loadSnapshot(230)) - group-B43E45A2ECEA: The snapshot info is null. Setting the last applied indexto:(t:0, i:~)
2019-09-17 13:19:27,244 [pool-47-thread-1] INFO  server.RaftServerConfigKeys (ConfUtils.java:logGet(43)) - raft.server.notification.no-leader.timeout = 120s (custom)
2019-09-17 13:19:27,244 [pool-27-thread-1] INFO  ratis.ContainerStateMachine (ContainerStateMachine.java:loadSnapshot(230)) - group-B43E45A2ECEA: The snapshot info is null. Setting the last applied indexto:(t:0, i:~)
2019-09-17 13:19:27,244 [pool-47-thread-1] INFO  server.RaftServerConfigKeys (ConfUtils.java:logGet(43)) - raft.server.log.use.memory = false (default)
2019-09-17 13:19:27,244 [pool-67-thread-1] INFO  server.RaftServerConfigKeys (ConfUtils.java:logGet(43)) - raft.server.notification.no-leader.timeout = 120s (custom)
2019-09-17 13:19:27,244 [pool-47-thread-1] INFO  server.RaftServerConfigKeys (ConfUtils.java:logGet(43)) - raft.server.log.purge.gap = 1000000 (custom)
2019-09-17 13:19:27,244 [pool-27-thread-1] INFO  server.RaftServerConfigKeys (ConfUtils.java:logGet(43)) - raft.server.notification.no-leader.timeout = 120s (custom)
2019-09-17 13:19:27,244 [pool-47-thread-1] INFO  server.RaftServerConfigKeys (ConfUtils.java:logGet(43)) - raft.server.log.appender.buffer.byte-limit = 33554432 (custom)
2019-09-17 13:19:27,244 [pool-67-thread-1] INFO  server.RaftServerConfigKeys (ConfUtils.java:logGet(43)) - raft.server.log.use.memory = false (default)
2019-09-17 13:19:27,244 [pool-47-thread-1] INFO  server.RaftServerConfigKeys (ConfUtils.java:logGet(43)) - raft.server.log.segment.size.max = 1048576 (custom)
2019-09-17 13:19:27,245 [pool-67-thread-1] INFO  server.RaftServerConfigKeys (ConfUtils.java:logGet(43)) - raft.server.log.purge.gap = 1000000 (custom)
2019-09-17 13:19:27,244 [pool-27-thread-1] INFO  server.RaftServerConfigKeys (ConfUtils.java:logGet(43)) - raft.server.log.use.memory = false (default)
2019-09-17 13:19:27,247 [pool-67-thread-1] INFO  server.RaftServerConfigKeys (ConfUtils.java:logGet(43)) - raft.server.log.appender.buffer.byte-limit = 33554432 (custom)
2019-09-17 13:19:27,247 [pool-47-thread-1] INFO  server.RaftServerConfigKeys (ConfUtils.java:logGet(43)) - raft.server.log.segment.cache.num.max = 2 (custom)
2019-09-17 13:19:27,247 [pool-67-thread-1] INFO  server.RaftServerConfigKeys (ConfUtils.java:logGet(43)) - raft.server.log.segment.size.max = 1048576 (custom)
2019-09-17 13:19:27,247 [pool-27-thread-1] INFO  server.RaftServerConfigKeys (ConfUtils.java:logGet(43)) - raft.server.log.purge.gap = 1000000 (custom)
2019-09-17 13:19:27,247 [pool-67-thread-1] INFO  server.RaftServerConfigKeys (ConfUtils.java:logGet(43)) - raft.server.log.segment.cache.num.max = 2 (custom)
2019-09-17 13:19:27,247 [pool-47-thread-1] INFO  segmented.SegmentedRaftLogWorker (SegmentedRaftLogWorker.java:<init>(172)) - new 2de42d1e-45de-4f1c-b9d9-c37b95a80a97@group-B43E45A2ECEA-SegmentedRaftLogWorker for RaftStorage:Storage Directory /tmp/workdir/hadoop-ozone/tools/target/test-dir/MiniOzoneClusterImpl-f0fd4d7a-2cff-4230-aa30-c4e451fbf5d5/datanode-2/data/ratis/eaf66fd7-7166-4ab2-93ce-b43e45a2ecea
2019-09-17 13:19:27,247 [pool-67-thread-1] INFO  segmented.SegmentedRaftLogWorker (SegmentedRaftLogWorker.java:<init>(172)) - new 6c3c6da7-32c5-4321-a860-cdd0ae39be33@group-B43E45A2ECEA-SegmentedRaftLogWorker for RaftStorage:Storage Directory /tmp/workdir/hadoop-ozone/tools/target/test-dir/MiniOzoneClusterImpl-f0fd4d7a-2cff-4230-aa30-c4e451fbf5d5/datanode-4/data/ratis/eaf66fd7-7166-4ab2-93ce-b43e45a2ecea
2019-09-17 13:19:27,247 [pool-27-thread-1] INFO  server.RaftServerConfigKeys (ConfUtils.java:logGet(43)) - raft.server.log.appender.buffer.byte-limit = 33554432 (custom)
2019-09-17 13:19:27,248 [pool-67-thread-1] INFO  server.RaftServerConfigKeys (ConfUtils.java:logGet(43)) - raft.server.log.queue.byte-limit = 2147483647 (custom)
2019-09-17 13:19:27,248 [pool-47-thread-1] INFO  server.RaftServerConfigKeys (ConfUtils.java:logGet(43)) - raft.server.log.queue.byte-limit = 2147483647 (custom)
2019-09-17 13:19:27,248 [pool-67-thread-1] INFO  server.RaftServerConfigKeys (ConfUtils.java:logGet(43)) - raft.server.log.queue.element-limit = 1024 (custom)
2019-09-17 13:19:27,248 [pool-27-thread-1] INFO  server.RaftServerConfigKeys (ConfUtils.java:logGet(43)) - raft.server.log.segment.size.max = 1048576 (custom)
2019-09-17 13:19:27,248 [pool-67-thread-1] INFO  server.RaftServerConfigKeys (ConfUtils.java:logGet(43)) - raft.server.log.segment.size.max = 1048576 (custom)
2019-09-17 13:19:27,248 [pool-47-thread-1] INFO  server.RaftServerConfigKeys (ConfUtils.java:logGet(43)) - raft.server.log.queue.element-limit = 1024 (custom)
2019-09-17 13:19:27,248 [pool-67-thread-1] INFO  server.RaftServerConfigKeys (ConfUtils.java:logGet(43)) - raft.server.log.preallocated.size = 16384 (custom)
2019-09-17 13:19:27,248 [pool-27-thread-1] INFO  server.RaftServerConfigKeys (ConfUtils.java:logGet(43)) - raft.server.log.segment.cache.num.max = 2 (custom)
2019-09-17 13:19:27,248 [pool-67-thread-1] INFO  server.RaftServerConfigKeys (ConfUtils.java:logGet(43)) - raft.server.log.write.buffer.size = 33554432 (custom)
2019-09-17 13:19:27,249 [pool-67-thread-1] INFO  server.RaftServerConfigKeys (ConfUtils.java:logGet(43)) - raft.server.log.force.sync.num = 128 (default)
2019-09-17 13:19:27,248 [pool-47-thread-1] INFO  server.RaftServerConfigKeys (ConfUtils.java:logGet(43)) - raft.server.log.segment.size.max = 1048576 (custom)
2019-09-17 13:19:27,249 [pool-67-thread-1] INFO  server.RaftServerConfigKeys (ConfUtils.java:logGet(43)) - raft.server.log.statemachine.data.sync = true (default)
2019-09-17 13:19:27,249 [pool-27-thread-1] INFO  segmented.SegmentedRaftLogWorker (SegmentedRaftLogWorker.java:<init>(172)) - new c5ad2958-1e71-4305-8551-aa22f829f9b0@group-B43E45A2ECEA-SegmentedRaftLogWorker for RaftStorage:Storage Directory /tmp/workdir/hadoop-ozone/tools/target/test-dir/MiniOzoneClusterImpl-f0fd4d7a-2cff-4230-aa30-c4e451fbf5d5/datanode-0/data/ratis/eaf66fd7-7166-4ab2-93ce-b43e45a2ecea
2019-09-17 13:19:27,249 [pool-67-thread-1] INFO  server.RaftServerConfigKeys (ConfUtils.java:logGet(43)) - raft.server.log.statemachine.data.sync.timeout = 10s (default)
2019-09-17 13:19:27,249 [pool-47-thread-1] INFO  server.RaftServerConfigKeys (ConfUtils.java:logGet(43)) - raft.server.log.preallocated.size = 16384 (custom)
2019-09-17 13:19:27,249 [pool-67-thread-1] INFO  server.RaftServerConfigKeys (ConfUtils.java:logGet(43)) - raft.server.log.statemachine.data.sync.timeout.retry = -1 (default)
2019-09-17 13:19:27,249 [pool-27-thread-1] INFO  server.RaftServerConfigKeys (ConfUtils.java:logGet(43)) - raft.server.log.queue.byte-limit = 2147483647 (custom)
2019-09-17 13:19:27,249 [pool-67-thread-1] INFO  server.RaftServerConfigKeys (ConfUtils.java:logGet(43)) - raft.server.log.statemachine.data.caching.enabled = true (custom)
2019-09-17 13:19:27,249 [pool-47-thread-1] INFO  server.RaftServerConfigKeys (ConfUtils.java:logGet(43)) - raft.server.log.write.buffer.size = 33554432 (custom)
2019-09-17 13:19:27,249 [pool-27-thread-1] INFO  server.RaftServerConfigKeys (ConfUtils.java:logGet(43)) - raft.server.log.queue.element-limit = 1024 (custom)
2019-09-17 13:19:27,250 [pool-47-thread-1] INFO  server.RaftServerConfigKeys (ConfUtils.java:logGet(43)) - raft.server.log.force.sync.num = 128 (default)
2019-09-17 13:19:27,250 [pool-27-thread-1] INFO  server.RaftServerConfigKeys (ConfUtils.java:logGet(43)) - raft.server.log.segment.size.max = 1048576 (custom)
2019-09-17 13:19:27,250 [pool-67-thread-1] INFO  segmented.SegmentedRaftLogWorker (SegmentedRaftLogWorker.java:lambda$new$0(132)) - 6c3c6da7-32c5-4321-a860-cdd0ae39be33@group-B43E45A2ECEA-SegmentedRaftLogWorker: flushIndex: setUnconditionally 0 -> -1
2019-09-17 13:19:27,250 [pool-27-thread-1] INFO  server.RaftServerConfigKeys (ConfUtils.java:logGet(43)) - raft.server.log.preallocated.size = 16384 (custom)
2019-09-17 13:19:27,250 [pool-47-thread-1] INFO  server.RaftServerConfigKeys (ConfUtils.java:logGet(43)) - raft.server.log.statemachine.data.sync = true (default)
2019-09-17 13:19:27,250 [pool-67-thread-1] INFO  server.RaftServerConfigKeys (ConfUtils.java:logGet(43)) - raft.server.snapshot.auto.trigger.enabled = true (custom)
2019-09-17 13:19:27,250 [pool-27-thread-1] INFO  server.RaftServerConfigKeys (ConfUtils.java:logGet(43)) - raft.server.log.write.buffer.size = 33554432 (custom)
2019-09-17 13:19:27,250 [pool-67-thread-1] INFO  server.RaftServerConfigKeys (ConfUtils.java:logGet(43)) - raft.server.snapshot.auto.trigger.threshold = 10000 (custom)
2019-09-17 13:19:27,250 [pool-47-thread-1] INFO  server.RaftServerConfigKeys (ConfUtils.java:logGet(43)) - raft.server.log.statemachine.data.sync.timeout = 10s (default)
2019-09-17 13:19:27,250 [pool-67-thread-1] INFO  server.RaftServerConfigKeys (ConfUtils.java:logGet(43)) - raft.server.snapshot.retention.num.files = 5 (custom)
2019-09-17 13:19:27,250 [pool-27-thread-1] INFO  server.RaftServerConfigKeys (ConfUtils.java:logGet(43)) - raft.server.log.force.sync.num = 128 (default)
2019-09-17 13:19:27,251 [pool-67-thread-1] INFO  server.RaftServerConfigKeys (ConfUtils.java:logGet(43)) - raft.server.retrycache.expirytime = 600000ms (custom)
2019-09-17 13:19:27,250 [pool-47-thread-1] INFO  server.RaftServerConfigKeys (ConfUtils.java:logGet(43)) - raft.server.log.statemachine.data.sync.timeout.retry = -1 (default)
2019-09-17 13:19:27,251 [pool-27-thread-1] INFO  server.RaftServerConfigKeys (ConfUtils.java:logGet(43)) - raft.server.log.statemachine.data.sync = true (default)
2019-09-17 13:19:27,251 [pool-47-thread-1] INFO  server.RaftServerConfigKeys (ConfUtils.java:logGet(43)) - raft.server.log.statemachine.data.caching.enabled = true (custom)
2019-09-17 13:19:27,251 [pool-27-thread-1] INFO  server.RaftServerConfigKeys (ConfUtils.java:logGet(43)) - raft.server.log.statemachine.data.sync.timeout = 10s (default)
2019-09-17 13:19:27,251 [pool-27-thread-1] INFO  server.RaftServerConfigKeys (ConfUtils.java:logGet(43)) - raft.server.log.statemachine.data.sync.timeout.retry = -1 (default)
2019-09-17 13:19:27,251 [pool-47-thread-1] INFO  segmented.SegmentedRaftLogWorker (SegmentedRaftLogWorker.java:lambda$new$0(132)) - 2de42d1e-45de-4f1c-b9d9-c37b95a80a97@group-B43E45A2ECEA-SegmentedRaftLogWorker: flushIndex: setUnconditionally 0 -> -1
2019-09-17 13:19:27,251 [pool-27-thread-1] INFO  server.RaftServerConfigKeys (ConfUtils.java:logGet(43)) - raft.server.log.statemachine.data.caching.enabled = true (custom)
2019-09-17 13:19:27,251 [pool-47-thread-1] INFO  server.RaftServerConfigKeys (ConfUtils.java:logGet(43)) - raft.server.snapshot.auto.trigger.enabled = true (custom)
2019-09-17 13:19:27,252 [pool-47-thread-1] INFO  server.RaftServerConfigKeys (ConfUtils.java:logGet(43)) - raft.server.snapshot.auto.trigger.threshold = 10000 (custom)
2019-09-17 13:19:27,252 [pool-27-thread-1] INFO  segmented.SegmentedRaftLogWorker (SegmentedRaftLogWorker.java:lambda$new$0(132)) - c5ad2958-1e71-4305-8551-aa22f829f9b0@group-B43E45A2ECEA-SegmentedRaftLogWorker: flushIndex: setUnconditionally 0 -> -1
2019-09-17 13:19:27,252 [pool-47-thread-1] INFO  server.RaftServerConfigKeys (ConfUtils.java:logGet(43)) - raft.server.snapshot.retention.num.files = 5 (custom)
2019-09-17 13:19:27,252 [pool-47-thread-1] INFO  server.RaftServerConfigKeys (ConfUtils.java:logGet(43)) - raft.server.retrycache.expirytime = 600000ms (custom)
2019-09-17 13:19:27,252 [pool-27-thread-1] INFO  server.RaftServerConfigKeys (ConfUtils.java:logGet(43)) - raft.server.snapshot.auto.trigger.enabled = true (custom)
2019-09-17 13:19:27,252 [pool-27-thread-1] INFO  server.RaftServerConfigKeys (ConfUtils.java:logGet(43)) - raft.server.snapshot.auto.trigger.threshold = 10000 (custom)
2019-09-17 13:19:27,252 [pool-27-thread-1] INFO  server.RaftServerConfigKeys (ConfUtils.java:logGet(43)) - raft.server.snapshot.retention.num.files = 5 (custom)
2019-09-17 13:19:27,252 [pool-27-thread-1] INFO  server.RaftServerConfigKeys (ConfUtils.java:logGet(43)) - raft.server.retrycache.expirytime = 600000ms (custom)
2019-09-17 13:19:27,254 [pool-67-thread-1] INFO  impl.RaftServerImpl (RaftServerImpl.java:start(185)) - 6c3c6da7-32c5-4321-a860-cdd0ae39be33@group-B43E45A2ECEA: start as a follower, conf=-1: [6c3c6da7-32c5-4321-a860-cdd0ae39be33:192.168.5.153:36145, 2de42d1e-45de-4f1c-b9d9-c37b95a80a97:192.168.5.153:40988, c5ad2958-1e71-4305-8551-aa22f829f9b0:192.168.5.153:32904], old=null
2019-09-17 13:19:27,254 [pool-67-thread-1] INFO  impl.RaftServerImpl (RaftServerImpl.java:setRole(174)) - 6c3c6da7-32c5-4321-a860-cdd0ae39be33@group-B43E45A2ECEA: changes role from      null to FOLLOWER at term 0 for startAsFollower
2019-09-17 13:19:27,254 [pool-67-thread-1] INFO  impl.RoleInfo (RoleInfo.java:updateAndGet(143)) - 6c3c6da7-32c5-4321-a860-cdd0ae39be33: start FollowerState
2019-09-17 13:19:27,254 [pool-47-thread-1] INFO  impl.RaftServerImpl (RaftServerImpl.java:start(185)) - 2de42d1e-45de-4f1c-b9d9-c37b95a80a97@group-B43E45A2ECEA: start as a follower, conf=-1: [6c3c6da7-32c5-4321-a860-cdd0ae39be33:192.168.5.153:36145, 2de42d1e-45de-4f1c-b9d9-c37b95a80a97:192.168.5.153:40988, c5ad2958-1e71-4305-8551-aa22f829f9b0:192.168.5.153:32904], old=null
2019-09-17 13:19:27,254 [pool-67-thread-1] INFO  util.JmxRegister (JmxRegister.java:tryRegister(44)) - Successfully registered JMX Bean with object name Ratis:service=RaftServer,group=group-B43E45A2ECEA,id=6c3c6da7-32c5-4321-a860-cdd0ae39be33
2019-09-17 13:19:27,254 [pool-47-thread-1] INFO  impl.RaftServerImpl (RaftServerImpl.java:setRole(174)) - 2de42d1e-45de-4f1c-b9d9-c37b95a80a97@group-B43E45A2ECEA: changes role from      null to FOLLOWER at term 0 for startAsFollower
2019-09-17 13:19:27,255 [pool-47-thread-1] INFO  impl.RoleInfo (RoleInfo.java:updateAndGet(143)) - 2de42d1e-45de-4f1c-b9d9-c37b95a80a97: start FollowerState
2019-09-17 13:19:27,255 [pool-27-thread-1] INFO  impl.RaftServerImpl (RaftServerImpl.java:start(185)) - c5ad2958-1e71-4305-8551-aa22f829f9b0@group-B43E45A2ECEA: start as a follower, conf=-1: [6c3c6da7-32c5-4321-a860-cdd0ae39be33:192.168.5.153:36145, 2de42d1e-45de-4f1c-b9d9-c37b95a80a97:192.168.5.153:40988, c5ad2958-1e71-4305-8551-aa22f829f9b0:192.168.5.153:32904], old=null
2019-09-17 13:19:27,255 [pool-27-thread-1] INFO  impl.RaftServerImpl (RaftServerImpl.java:setRole(174)) - c5ad2958-1e71-4305-8551-aa22f829f9b0@group-B43E45A2ECEA: changes role from      null to FOLLOWER at term 0 for startAsFollower
2019-09-17 13:19:27,255 [pool-47-thread-1] INFO  util.JmxRegister (JmxRegister.java:tryRegister(44)) - Successfully registered JMX Bean with object name Ratis:service=RaftServer,group=group-B43E45A2ECEA,id=2de42d1e-45de-4f1c-b9d9-c37b95a80a97
2019-09-17 13:19:27,255 [pool-27-thread-1] INFO  impl.RoleInfo (RoleInfo.java:updateAndGet(143)) - c5ad2958-1e71-4305-8551-aa22f829f9b0: start FollowerState
2019-09-17 13:19:27,255 [pool-27-thread-1] INFO  util.JmxRegister (JmxRegister.java:tryRegister(44)) - Successfully registered JMX Bean with object name Ratis:service=RaftServer,group=group-B43E45A2ECEA,id=c5ad2958-1e71-4305-8551-aa22f829f9b0
2019-09-17 13:19:27,268 [IPC Server handler 0 on 45946] INFO  pipeline.PipelineStateManager (PipelineStateManager.java:addPipeline(56)) - Created pipeline Pipeline[ Id: eaf66fd7-7166-4ab2-93ce-b43e45a2ecea, Nodes: 2de42d1e-45de-4f1c-b9d9-c37b95a80a97{ip: 192.168.5.153, host: pr-hdds-2137-trunk-mnh2s-3748177197, networkLocation: /default-rack, certSerialId: null}6c3c6da7-32c5-4321-a860-cdd0ae39be33{ip: 192.168.5.153, host: pr-hdds-2137-trunk-mnh2s-3748177197, networkLocation: /default-rack, certSerialId: null}c5ad2958-1e71-4305-8551-aa22f829f9b0{ip: 192.168.5.153, host: pr-hdds-2137-trunk-mnh2s-3748177197, networkLocation: /default-rack, certSerialId: null}, Type:RATIS, Factor:THREE, State:OPEN]
2019-09-17 13:19:27,268 [RatisPipelineUtilsThread] INFO  pipeline.PipelineStateManager (PipelineStateManager.java:removePipeline(108)) - Pipeline Pipeline[ Id: b75cb183-17d1-419a-aaf4-36b53022ff4e, Nodes: 2de42d1e-45de-4f1c-b9d9-c37b95a80a97{ip: 192.168.5.153, host: pr-hdds-2137-trunk-mnh2s-3748177197, networkLocation: /default-rack, certSerialId: null}6c3c6da7-32c5-4321-a860-cdd0ae39be33{ip: 192.168.5.153, host: pr-hdds-2137-trunk-mnh2s-3748177197, networkLocation: /default-rack, certSerialId: null}c5ad2958-1e71-4305-8551-aa22f829f9b0{ip: 192.168.5.153, host: pr-hdds-2137-trunk-mnh2s-3748177197, networkLocation: /default-rack, certSerialId: null}, Type:RATIS, Factor:THREE, State:CLOSED] removed from db
2019-09-17 13:19:27,296 [grpc-default-executor-5] INFO  client.GrpcClientProtocolClient (GrpcClientProtocolClient.java:onNext(264)) - client-5692B9027A58->2de42d1e-45de-4f1c-b9d9-c37b95a80a97: receive RaftClientReply:client-5692B9027A58->2de42d1e-45de-4f1c-b9d9-c37b95a80a97@group-B43E45A2ECEA, cid=38, FAILED org.apache.ratis.protocol.NotLeaderException: Server 2de42d1e-45de-4f1c-b9d9-c37b95a80a97@group-B43E45A2ECEA is not the leader, logIndex=0, commits[2de42d1e-45de-4f1c-b9d9-c37b95a80a97:c-1]
 0.00% |█                                                                                                    |  0/1 Time: 0:03:292019-09-17 13:19:28,324 [grpc-default-executor-5] INFO  client.GrpcClientProtocolClient (GrpcClientProtocolClient.java:onNext(264)) - client-5692B9027A58->6c3c6da7-32c5-4321-a860-cdd0ae39be33: receive RaftClientReply:client-5692B9027A58->6c3c6da7-32c5-4321-a860-cdd0ae39be33@group-B43E45A2ECEA, cid=38, FAILED org.apache.ratis.protocol.NotLeaderException: Server 6c3c6da7-32c5-4321-a860-cdd0ae39be33@group-B43E45A2ECEA is not the leader, logIndex=0, commits[6c3c6da7-32c5-4321-a860-cdd0ae39be33:c-1]
 0.00% |█                                                                                                    |  0/1 Time: 0:03:302019-09-17 13:19:28,976 [grpc-default-executor-1] INFO  impl.RaftServerProxy (RaftServerProxy.java:remove(95)) - 2de42d1e-45de-4f1c-b9d9-c37b95a80a97: remove group-36B53022FF4E:null
2019-09-17 13:19:28,986 [RatisPipelineUtilsThread] WARN  pipeline.RatisPipelineUtils (RatisPipelineUtils.java:destroyPipeline(66)) - Pipeline destroy failed for pipeline=PipelineID=b75cb183-17d1-419a-aaf4-36b53022ff4e dn=2de42d1e-45de-4f1c-b9d9-c37b95a80a97{ip: 192.168.5.153, host: pr-hdds-2137-trunk-mnh2s-3748177197, networkLocation: /default-rack, certSerialId: null}
2019-09-17 13:19:28,995 [grpc-default-executor-1] INFO  impl.RaftServerProxy (RaftServerProxy.java:remove(95)) - 6c3c6da7-32c5-4321-a860-cdd0ae39be33: remove group-36B53022FF4E:null
2019-09-17 13:19:29,001 [RatisPipelineUtilsThread] WARN  pipeline.RatisPipelineUtils (RatisPipelineUtils.java:destroyPipeline(66)) - Pipeline destroy failed for pipeline=PipelineID=b75cb183-17d1-419a-aaf4-36b53022ff4e dn=6c3c6da7-32c5-4321-a860-cdd0ae39be33{ip: 192.168.5.153, host: pr-hdds-2137-trunk-mnh2s-3748177197, networkLocation: /default-rack, certSerialId: null}
2019-09-17 13:19:29,008 [grpc-default-executor-1] INFO  impl.RaftServerProxy (RaftServerProxy.java:remove(95)) - c5ad2958-1e71-4305-8551-aa22f829f9b0: remove group-36B53022FF4E:null
2019-09-17 13:19:29,015 [RatisPipelineUtilsThread] WARN  pipeline.RatisPipelineUtils (RatisPipelineUtils.java:destroyPipeline(66)) - Pipeline destroy failed for pipeline=PipelineID=b75cb183-17d1-419a-aaf4-36b53022ff4e dn=c5ad2958-1e71-4305-8551-aa22f829f9b0{ip: 192.168.5.153, host: pr-hdds-2137-trunk-mnh2s-3748177197, networkLocation: /default-rack, certSerialId: null}
2019-09-17 13:19:29,015 [RatisPipelineUtilsThread] ERROR pipeline.SCMPipelineManager (Scheduler.java:lambda$schedule$1(70)) - Destroy pipeline failed for pipeline:Pipeline[ Id: b75cb183-17d1-419a-aaf4-36b53022ff4e, Nodes: 2de42d1e-45de-4f1c-b9d9-c37b95a80a97{ip: 192.168.5.153, host: pr-hdds-2137-trunk-mnh2s-3748177197, networkLocation: /default-rack, certSerialId: null}6c3c6da7-32c5-4321-a860-cdd0ae39be33{ip: 192.168.5.153, host: pr-hdds-2137-trunk-mnh2s-3748177197, networkLocation: /default-rack, certSerialId: null}c5ad2958-1e71-4305-8551-aa22f829f9b0{ip: 192.168.5.153, host: pr-hdds-2137-trunk-mnh2s-3748177197, networkLocation: /default-rack, certSerialId: null}, Type:RATIS, Factor:THREE, State:CLOSED]
org.apache.hadoop.hdds.scm.pipeline.PipelineNotFoundException: PipelineID=b75cb183-17d1-419a-aaf4-36b53022ff4e not found
	at org.apache.hadoop.hdds.scm.pipeline.PipelineStateMap.getPipeline(PipelineStateMap.java:132)
	at org.apache.hadoop.hdds.scm.pipeline.PipelineStateMap.removePipeline(PipelineStateMap.java:322)
	at org.apache.hadoop.hdds.scm.pipeline.PipelineStateManager.removePipeline(PipelineStateManager.java:107)
	at org.apache.hadoop.hdds.scm.pipeline.SCMPipelineManager.removePipeline(SCMPipelineManager.java:423)
	at org.apache.hadoop.hdds.scm.pipeline.SCMPipelineManager.destroyPipeline(SCMPipelineManager.java:409)
	at org.apache.hadoop.hdds.scm.pipeline.SCMPipelineManager.lambda$finalizeAndDestroyPipeline$0(SCMPipelineManager.java:318)
	at org.apache.hadoop.utils.Scheduler.lambda$schedule$1(Scheduler.java:68)
	at java.util.concurrent.Executors$RunnableAdapter.call(Executors.java:511)
	at java.util.concurrent.FutureTask.run(FutureTask.java:266)
	at java.util.concurrent.ScheduledThreadPoolExecutor$ScheduledFutureTask.access$201(ScheduledThreadPoolExecutor.java:180)
	at java.util.concurrent.ScheduledThreadPoolExecutor$ScheduledFutureTask.run(ScheduledThreadPoolExecutor.java:293)
	at java.util.concurrent.ThreadPoolExecutor.runWorker(ThreadPoolExecutor.java:1149)
	at java.util.concurrent.ThreadPoolExecutor$Worker.run(ThreadPoolExecutor.java:624)
	at java.lang.Thread.run(Thread.java:748)
2019-09-17 13:19:29,349 [grpc-default-executor-5] INFO  client.GrpcClientProtocolClient (GrpcClientProtocolClient.java:onNext(264)) - client-5692B9027A58->2de42d1e-45de-4f1c-b9d9-c37b95a80a97: receive RaftClientReply:client-5692B9027A58->2de42d1e-45de-4f1c-b9d9-c37b95a80a97@group-B43E45A2ECEA, cid=38, FAILED org.apache.ratis.protocol.NotLeaderException: Server 2de42d1e-45de-4f1c-b9d9-c37b95a80a97@group-B43E45A2ECEA is not the leader, logIndex=0, commits[2de42d1e-45de-4f1c-b9d9-c37b95a80a97:c-1]
 0.00% |█                                                                                                    |  0/1 Time: 0:03:312019-09-17 13:19:30,372 [grpc-default-executor-5] INFO  client.GrpcClientProtocolClient (GrpcClientProtocolClient.java:onNext(264)) - client-5692B9027A58->c5ad2958-1e71-4305-8551-aa22f829f9b0: receive RaftClientReply:client-5692B9027A58->c5ad2958-1e71-4305-8551-aa22f829f9b0@group-B43E45A2ECEA, cid=38, FAILED org.apache.ratis.protocol.NotLeaderException: Server c5ad2958-1e71-4305-8551-aa22f829f9b0@group-B43E45A2ECEA is not the leader, logIndex=0, commits[c5ad2958-1e71-4305-8551-aa22f829f9b0:c-1]
 0.00% |█                                                                                                    |  0/1 Time: 0:03:322019-09-17 13:19:30,977 [grpc-default-executor-6] INFO  impl.RaftServerProxy (RaftServerProxy.java:remove(95)) - 2de42d1e-45de-4f1c-b9d9-c37b95a80a97: remove group-36B53022FF4E:null
2019-09-17 13:19:30,984 [RatisPipelineUtilsThread] WARN  pipeline.RatisPipelineUtils (RatisPipelineUtils.java:destroyPipeline(66)) - Pipeline destroy failed for pipeline=PipelineID=b75cb183-17d1-419a-aaf4-36b53022ff4e dn=2de42d1e-45de-4f1c-b9d9-c37b95a80a97{ip: 192.168.5.153, host: pr-hdds-2137-trunk-mnh2s-3748177197, networkLocation: /default-rack, certSerialId: null}
2019-09-17 13:19:30,991 [grpc-default-executor-6] INFO  impl.RaftServerProxy (RaftServerProxy.java:remove(95)) - 6c3c6da7-32c5-4321-a860-cdd0ae39be33: remove group-36B53022FF4E:null
2019-09-17 13:19:30,998 [RatisPipelineUtilsThread] WARN  pipeline.RatisPipelineUtils (RatisPipelineUtils.java:destroyPipeline(66)) - Pipeline destroy failed for pipeline=PipelineID=b75cb183-17d1-419a-aaf4-36b53022ff4e dn=6c3c6da7-32c5-4321-a860-cdd0ae39be33{ip: 192.168.5.153, host: pr-hdds-2137-trunk-mnh2s-3748177197, networkLocation: /default-rack, certSerialId: null}
2019-09-17 13:19:31,005 [grpc-default-executor-6] INFO  impl.RaftServerProxy (RaftServerProxy.java:remove(95)) - c5ad2958-1e71-4305-8551-aa22f829f9b0: remove group-36B53022FF4E:null
2019-09-17 13:19:31,011 [RatisPipelineUtilsThread] WARN  pipeline.RatisPipelineUtils (RatisPipelineUtils.java:destroyPipeline(66)) - Pipeline destroy failed for pipeline=PipelineID=b75cb183-17d1-419a-aaf4-36b53022ff4e dn=c5ad2958-1e71-4305-8551-aa22f829f9b0{ip: 192.168.5.153, host: pr-hdds-2137-trunk-mnh2s-3748177197, networkLocation: /default-rack, certSerialId: null}
2019-09-17 13:19:31,011 [RatisPipelineUtilsThread] ERROR pipeline.SCMPipelineManager (Scheduler.java:lambda$schedule$1(70)) - Destroy pipeline failed for pipeline:Pipeline[ Id: b75cb183-17d1-419a-aaf4-36b53022ff4e, Nodes: 2de42d1e-45de-4f1c-b9d9-c37b95a80a97{ip: 192.168.5.153, host: pr-hdds-2137-trunk-mnh2s-3748177197, networkLocation: /default-rack, certSerialId: null}6c3c6da7-32c5-4321-a860-cdd0ae39be33{ip: 192.168.5.153, host: pr-hdds-2137-trunk-mnh2s-3748177197, networkLocation: /default-rack, certSerialId: null}c5ad2958-1e71-4305-8551-aa22f829f9b0{ip: 192.168.5.153, host: pr-hdds-2137-trunk-mnh2s-3748177197, networkLocation: /default-rack, certSerialId: null}, Type:RATIS, Factor:THREE, State:CLOSED]
org.apache.hadoop.hdds.scm.pipeline.PipelineNotFoundException: PipelineID=b75cb183-17d1-419a-aaf4-36b53022ff4e not found
	at org.apache.hadoop.hdds.scm.pipeline.PipelineStateMap.getPipeline(PipelineStateMap.java:132)
	at org.apache.hadoop.hdds.scm.pipeline.PipelineStateMap.removePipeline(PipelineStateMap.java:322)
	at org.apache.hadoop.hdds.scm.pipeline.PipelineStateManager.removePipeline(PipelineStateManager.java:107)
	at org.apache.hadoop.hdds.scm.pipeline.SCMPipelineManager.removePipeline(SCMPipelineManager.java:423)
	at org.apache.hadoop.hdds.scm.pipeline.SCMPipelineManager.destroyPipeline(SCMPipelineManager.java:409)
	at org.apache.hadoop.hdds.scm.pipeline.SCMPipelineManager.lambda$finalizeAndDestroyPipeline$0(SCMPipelineManager.java:318)
	at org.apache.hadoop.utils.Scheduler.lambda$schedule$1(Scheduler.java:68)
	at java.util.concurrent.Executors$RunnableAdapter.call(Executors.java:511)
	at java.util.concurrent.FutureTask.run(FutureTask.java:266)
	at java.util.concurrent.ScheduledThreadPoolExecutor$ScheduledFutureTask.access$201(ScheduledThreadPoolExecutor.java:180)
	at java.util.concurrent.ScheduledThreadPoolExecutor$ScheduledFutureTask.run(ScheduledThreadPoolExecutor.java:293)
	at java.util.concurrent.ThreadPoolExecutor.runWorker(ThreadPoolExecutor.java:1149)
	at java.util.concurrent.ThreadPoolExecutor$Worker.run(ThreadPoolExecutor.java:624)
	at java.lang.Thread.run(Thread.java:748)
2019-09-17 13:19:31,391 [grpc-default-executor-5] INFO  client.GrpcClientProtocolClient (GrpcClientProtocolClient.java:onNext(264)) - client-5692B9027A58->6c3c6da7-32c5-4321-a860-cdd0ae39be33: receive RaftClientReply:client-5692B9027A58->6c3c6da7-32c5-4321-a860-cdd0ae39be33@group-B43E45A2ECEA, cid=38, FAILED org.apache.ratis.protocol.NotLeaderException: Server 6c3c6da7-32c5-4321-a860-cdd0ae39be33@group-B43E45A2ECEA is not the leader, logIndex=0, commits[6c3c6da7-32c5-4321-a860-cdd0ae39be33:c-1]
 0.00% |█                                                                                                    |  0/1 Time: 0:03:332019-09-17 13:19:32,283 [Thread-715] INFO  impl.FollowerState (FollowerState.java:run(106)) - 2de42d1e-45de-4f1c-b9d9-c37b95a80a97:group-B43E45A2ECEA changes to CANDIDATE, lastRpcTime:5028, electionTimeout:5028ms
2019-09-17 13:19:32,284 [Thread-715] INFO  impl.RoleInfo (RoleInfo.java:shutdownFollowerState(121)) - 2de42d1e-45de-4f1c-b9d9-c37b95a80a97: shutdown FollowerState
2019-09-17 13:19:32,284 [Thread-715] INFO  impl.RaftServerImpl (RaftServerImpl.java:setRole(174)) - 2de42d1e-45de-4f1c-b9d9-c37b95a80a97@group-B43E45A2ECEA: changes role from  FOLLOWER to CANDIDATE at term 0 for changeToCandidate
2019-09-17 13:19:32,284 [Thread-715] INFO  impl.RoleInfo (RoleInfo.java:updateAndGet(143)) - 2de42d1e-45de-4f1c-b9d9-c37b95a80a97: start LeaderElection
2019-09-17 13:19:32,316 [2de42d1e-45de-4f1c-b9d9-c37b95a80a97@group-B43E45A2ECEA:LeaderElection14] INFO  impl.LeaderElection (LeaderElection.java:askForVotes(182)) - 2de42d1e-45de-4f1c-b9d9-c37b95a80a97@group-B43E45A2ECEA:LeaderElection14: begin an election at term 1 for -1: [6c3c6da7-32c5-4321-a860-cdd0ae39be33:192.168.5.153:36145, 2de42d1e-45de-4f1c-b9d9-c37b95a80a97:192.168.5.153:40988, c5ad2958-1e71-4305-8551-aa22f829f9b0:192.168.5.153:32904], old=null
2019-09-17 13:19:32,322 [grpc-default-executor-5] INFO  impl.RaftServerImpl (RaftServerImpl.java:setRole(174)) - c5ad2958-1e71-4305-8551-aa22f829f9b0@group-B43E45A2ECEA: changes role from  FOLLOWER to FOLLOWER at term 1 for recognizeCandidate:2de42d1e-45de-4f1c-b9d9-c37b95a80a97
2019-09-17 13:19:32,323 [grpc-default-executor-6] INFO  impl.RaftServerImpl (RaftServerImpl.java:setRole(174)) - 6c3c6da7-32c5-4321-a860-cdd0ae39be33@group-B43E45A2ECEA: changes role from  FOLLOWER to FOLLOWER at term 1 for recognizeCandidate:2de42d1e-45de-4f1c-b9d9-c37b95a80a97
2019-09-17 13:19:32,323 [grpc-default-executor-5] INFO  impl.RoleInfo (RoleInfo.java:shutdownFollowerState(121)) - c5ad2958-1e71-4305-8551-aa22f829f9b0: shutdown FollowerState
2019-09-17 13:19:32,324 [grpc-default-executor-6] INFO  impl.RoleInfo (RoleInfo.java:shutdownFollowerState(121)) - 6c3c6da7-32c5-4321-a860-cdd0ae39be33: shutdown FollowerState
2019-09-17 13:19:32,324 [grpc-default-executor-5] INFO  impl.RoleInfo (RoleInfo.java:updateAndGet(143)) - c5ad2958-1e71-4305-8551-aa22f829f9b0: start FollowerState
2019-09-17 13:19:32,324 [grpc-default-executor-6] INFO  impl.RoleInfo (RoleInfo.java:updateAndGet(143)) - 6c3c6da7-32c5-4321-a860-cdd0ae39be33: start FollowerState
2019-09-17 13:19:32,324 [Thread-717] INFO  impl.FollowerState (FollowerState.java:run(115)) - c5ad2958-1e71-4305-8551-aa22f829f9b0: FollowerState was interrupted: java.lang.InterruptedException: sleep interrupted
2019-09-17 13:19:32,324 [Thread-714] INFO  impl.FollowerState (FollowerState.java:run(115)) - 6c3c6da7-32c5-4321-a860-cdd0ae39be33: FollowerState was interrupted: java.lang.InterruptedException: sleep interrupted
2019-09-17 13:19:32,352 [2de42d1e-45de-4f1c-b9d9-c37b95a80a97@group-B43E45A2ECEA:LeaderElection14] INFO  impl.LeaderElection (LeaderElection.java:logAndReturn(56)) - 2de42d1e-45de-4f1c-b9d9-c37b95a80a97@group-B43E45A2ECEA:LeaderElection14: Election PASSED; received 1 response(s) [2de42d1e-45de-4f1c-b9d9-c37b95a80a97<-c5ad2958-1e71-4305-8551-aa22f829f9b0#0:OK-t1] and 0 exception(s); 2de42d1e-45de-4f1c-b9d9-c37b95a80a97@group-B43E45A2ECEA:t1, leader=null, voted=2de42d1e-45de-4f1c-b9d9-c37b95a80a97, raftlog=2de42d1e-45de-4f1c-b9d9-c37b95a80a97@group-B43E45A2ECEA-SegmentedRaftLog:OPENED:c-1,f-1,i0, conf=-1: [6c3c6da7-32c5-4321-a860-cdd0ae39be33:192.168.5.153:36145, 2de42d1e-45de-4f1c-b9d9-c37b95a80a97:192.168.5.153:40988, c5ad2958-1e71-4305-8551-aa22f829f9b0:192.168.5.153:32904], old=null
2019-09-17 13:19:32,352 [2de42d1e-45de-4f1c-b9d9-c37b95a80a97@group-B43E45A2ECEA:LeaderElection14] INFO  impl.RoleInfo (RoleInfo.java:shutdownLeaderElection(134)) - 2de42d1e-45de-4f1c-b9d9-c37b95a80a97: shutdown LeaderElection
2019-09-17 13:19:32,352 [2de42d1e-45de-4f1c-b9d9-c37b95a80a97@group-B43E45A2ECEA:LeaderElection14] INFO  impl.RaftServerImpl (RaftServerImpl.java:setRole(174)) - 2de42d1e-45de-4f1c-b9d9-c37b95a80a97@group-B43E45A2ECEA: changes role from CANDIDATE to LEADER at term 1 for changeToLeader
2019-09-17 13:19:32,353 [2de42d1e-45de-4f1c-b9d9-c37b95a80a97@group-B43E45A2ECEA:LeaderElection14] INFO  impl.RaftServerImpl (ServerState.java:setLeader(253)) - 2de42d1e-45de-4f1c-b9d9-c37b95a80a97@group-B43E45A2ECEA: change Leader from null to 2de42d1e-45de-4f1c-b9d9-c37b95a80a97 at term 1 for becomeLeader, leader elected after 5108ms
2019-09-17 13:19:32,353 [2de42d1e-45de-4f1c-b9d9-c37b95a80a97@group-B43E45A2ECEA:LeaderElection14] INFO  server.RaftServerConfigKeys (ConfUtils.java:logGet(43)) - raft.server.staging.catchup.gap = 1000 (default)
2019-09-17 13:19:32,353 [2de42d1e-45de-4f1c-b9d9-c37b95a80a97@group-B43E45A2ECEA:LeaderElection14] INFO  server.RaftServerConfigKeys (ConfUtils.java:logGet(43)) - raft.server.rpc.sleep.time = 25ms (default)
2019-09-17 13:19:32,353 [2de42d1e-45de-4f1c-b9d9-c37b95a80a97@group-B43E45A2ECEA:LeaderElection14] INFO  server.RaftServerConfigKeys (ConfUtils.java:logGet(43)) - raft.server.write.element-limit = 4096 (default)
2019-09-17 13:19:32,353 [2de42d1e-45de-4f1c-b9d9-c37b95a80a97@group-B43E45A2ECEA:LeaderElection14] INFO  server.RaftServerConfigKeys (ConfUtils.java:logGet(43)) - raft.server.watch.timeout = 10s (default)
2019-09-17 13:19:32,353 [2de42d1e-45de-4f1c-b9d9-c37b95a80a97@group-B43E45A2ECEA:LeaderElection14] INFO  server.RaftServerConfigKeys (ConfUtils.java:logGet(43)) - raft.server.watch.timeout.denomination = 1s (default)
2019-09-17 13:19:32,354 [2de42d1e-45de-4f1c-b9d9-c37b95a80a97@group-B43E45A2ECEA:LeaderElection14] INFO  server.RaftServerConfigKeys (ConfUtils.java:logGet(43)) - raft.server.watch.element-limit = 65536 (default)
2019-09-17 13:19:32,357 [2de42d1e-45de-4f1c-b9d9-c37b95a80a97@group-B43E45A2ECEA:LeaderElection14] INFO  server.RaftServerConfigKeys (ConfUtils.java:logGet(43)) - raft.server.log.appender.snapshot.chunk.size.max = 16MB (=16777216) (default)
2019-09-17 13:19:32,357 [2de42d1e-45de-4f1c-b9d9-c37b95a80a97@group-B43E45A2ECEA:LeaderElection14] INFO  server.RaftServerConfigKeys (ConfUtils.java:logGet(43)) - raft.server.log.appender.buffer.byte-limit = 33554432 (custom)
2019-09-17 13:19:32,357 [2de42d1e-45de-4f1c-b9d9-c37b95a80a97@group-B43E45A2ECEA:LeaderElection14] INFO  server.RaftServerConfigKeys (ConfUtils.java:logGet(43)) - raft.server.log.appender.buffer.element-limit = 1 (custom)
2019-09-17 13:19:32,357 [2de42d1e-45de-4f1c-b9d9-c37b95a80a97@group-B43E45A2ECEA:LeaderElection14] INFO  grpc.GrpcConfigKeys$Server (ConfUtils.java:logGet(43)) - raft.grpc.server.leader.outstanding.appends.max = 128 (default)
2019-09-17 13:19:32,359 [2de42d1e-45de-4f1c-b9d9-c37b95a80a97@group-B43E45A2ECEA:LeaderElection14] INFO  server.RaftServerConfigKeys (ConfUtils.java:logGet(43)) - raft.server.rpc.request.timeout = 3000ms (default)
2019-09-17 13:19:32,360 [2de42d1e-45de-4f1c-b9d9-c37b95a80a97@group-B43E45A2ECEA:LeaderElection14] INFO  server.RaftServerConfigKeys (ConfUtils.java:logGet(43)) - raft.server.log.appender.install.snapshot.enabled = false (custom)
2019-09-17 13:19:32,360 [2de42d1e-45de-4f1c-b9d9-c37b95a80a97@group-B43E45A2ECEA:LeaderElection14] INFO  server.RaftServerConfigKeys (ConfUtils.java:logGet(43)) - raft.server.log.appender.snapshot.chunk.size.max = 16MB (=16777216) (default)
2019-09-17 13:19:32,360 [2de42d1e-45de-4f1c-b9d9-c37b95a80a97@group-B43E45A2ECEA:LeaderElection14] INFO  server.RaftServerConfigKeys (ConfUtils.java:logGet(43)) - raft.server.log.appender.buffer.byte-limit = 33554432 (custom)
2019-09-17 13:19:32,360 [2de42d1e-45de-4f1c-b9d9-c37b95a80a97@group-B43E45A2ECEA:LeaderElection14] INFO  server.RaftServerConfigKeys (ConfUtils.java:logGet(43)) - raft.server.log.appender.buffer.element-limit = 1 (custom)
2019-09-17 13:19:32,360 [2de42d1e-45de-4f1c-b9d9-c37b95a80a97@group-B43E45A2ECEA:LeaderElection14] INFO  grpc.GrpcConfigKeys$Server (ConfUtils.java:logGet(43)) - raft.grpc.server.leader.outstanding.appends.max = 128 (default)
2019-09-17 13:19:32,361 [2de42d1e-45de-4f1c-b9d9-c37b95a80a97@group-B43E45A2ECEA:LeaderElection14] INFO  server.RaftServerConfigKeys (ConfUtils.java:logGet(43)) - raft.server.rpc.request.timeout = 3000ms (default)
2019-09-17 13:19:32,361 [2de42d1e-45de-4f1c-b9d9-c37b95a80a97@group-B43E45A2ECEA:LeaderElection14] INFO  server.RaftServerConfigKeys (ConfUtils.java:logGet(43)) - raft.server.log.appender.install.snapshot.enabled = false (custom)
2019-09-17 13:19:32,361 [2de42d1e-45de-4f1c-b9d9-c37b95a80a97@group-B43E45A2ECEA:LeaderElection14] INFO  impl.RoleInfo (RoleInfo.java:updateAndGet(143)) - 2de42d1e-45de-4f1c-b9d9-c37b95a80a97: start LeaderState
2019-09-17 13:19:32,361 [2de42d1e-45de-4f1c-b9d9-c37b95a80a97@group-B43E45A2ECEA:LeaderElection14] INFO  segmented.SegmentedRaftLogWorker (SegmentedRaftLogWorker.java:startLogSegment(380)) - 2de42d1e-45de-4f1c-b9d9-c37b95a80a97@group-B43E45A2ECEA-SegmentedRaftLogWorker: Starting segment from index:0
2019-09-17 13:19:32,362 [2de42d1e-45de-4f1c-b9d9-c37b95a80a97@group-B43E45A2ECEA:LeaderElection14] INFO  impl.RaftServerImpl (ServerState.java:setRaftConf(354)) - 2de42d1e-45de-4f1c-b9d9-c37b95a80a97@group-B43E45A2ECEA: set configuration 0: [6c3c6da7-32c5-4321-a860-cdd0ae39be33:192.168.5.153:36145, 2de42d1e-45de-4f1c-b9d9-c37b95a80a97:192.168.5.153:40988, c5ad2958-1e71-4305-8551-aa22f829f9b0:192.168.5.153:32904], old=null at 0
2019-09-17 13:19:32,394 [grpc-default-executor-6] INFO  impl.RaftServerImpl (ServerState.java:setLeader(253)) - 6c3c6da7-32c5-4321-a860-cdd0ae39be33@group-B43E45A2ECEA: change Leader from null to 2de42d1e-45de-4f1c-b9d9-c37b95a80a97 at term 1 for appendEntries, leader elected after 5150ms
2019-09-17 13:19:32,394 [grpc-default-executor-5] INFO  impl.RaftServerImpl (ServerState.java:setLeader(253)) - c5ad2958-1e71-4305-8551-aa22f829f9b0@group-B43E45A2ECEA: change Leader from null to 2de42d1e-45de-4f1c-b9d9-c37b95a80a97 at term 1 for appendEntries, leader elected after 5150ms
2019-09-17 13:19:32,402 [grpc-default-executor-5] INFO  impl.RaftServerImpl (ServerState.java:setRaftConf(354)) - 6c3c6da7-32c5-4321-a860-cdd0ae39be33@group-B43E45A2ECEA: set configuration 0: [6c3c6da7-32c5-4321-a860-cdd0ae39be33:192.168.5.153:36145, 2de42d1e-45de-4f1c-b9d9-c37b95a80a97:192.168.5.153:40988, c5ad2958-1e71-4305-8551-aa22f829f9b0:192.168.5.153:32904], old=null at 0
2019-09-17 13:19:32,402 [grpc-default-executor-1] INFO  impl.RaftServerImpl (ServerState.java:setRaftConf(354)) - c5ad2958-1e71-4305-8551-aa22f829f9b0@group-B43E45A2ECEA: set configuration 0: [6c3c6da7-32c5-4321-a860-cdd0ae39be33:192.168.5.153:36145, 2de42d1e-45de-4f1c-b9d9-c37b95a80a97:192.168.5.153:40988, c5ad2958-1e71-4305-8551-aa22f829f9b0:192.168.5.153:32904], old=null at 0
2019-09-17 13:19:32,402 [grpc-default-executor-5] INFO  segmented.SegmentedRaftLogWorker (SegmentedRaftLogWorker.java:startLogSegment(380)) - 6c3c6da7-32c5-4321-a860-cdd0ae39be33@group-B43E45A2ECEA-SegmentedRaftLogWorker: Starting segment from index:0
2019-09-17 13:19:32,402 [grpc-default-executor-1] INFO  segmented.SegmentedRaftLogWorker (SegmentedRaftLogWorker.java:startLogSegment(380)) - c5ad2958-1e71-4305-8551-aa22f829f9b0@group-B43E45A2ECEA-SegmentedRaftLogWorker: Starting segment from index:0
2019-09-17 13:19:32,448 [2de42d1e-45de-4f1c-b9d9-c37b95a80a97@group-B43E45A2ECEA-SegmentedRaftLogWorker] INFO  segmented.SegmentedRaftLogWorker (SegmentedRaftLogWorker.java:execute(569)) - 2de42d1e-45de-4f1c-b9d9-c37b95a80a97@group-B43E45A2ECEA-SegmentedRaftLogWorker: created new log segment /tmp/workdir/hadoop-ozone/tools/target/test-dir/MiniOzoneClusterImpl-f0fd4d7a-2cff-4230-aa30-c4e451fbf5d5/datanode-2/data/ratis/eaf66fd7-7166-4ab2-93ce-b43e45a2ecea/current/log_inprogress_0
2019-09-17 13:19:32,477 [c5ad2958-1e71-4305-8551-aa22f829f9b0@group-B43E45A2ECEA-SegmentedRaftLogWorker] INFO  segmented.SegmentedRaftLogWorker (SegmentedRaftLogWorker.java:execute(569)) - c5ad2958-1e71-4305-8551-aa22f829f9b0@group-B43E45A2ECEA-SegmentedRaftLogWorker: created new log segment /tmp/workdir/hadoop-ozone/tools/target/test-dir/MiniOzoneClusterImpl-f0fd4d7a-2cff-4230-aa30-c4e451fbf5d5/datanode-0/data/ratis/eaf66fd7-7166-4ab2-93ce-b43e45a2ecea/current/log_inprogress_0
2019-09-17 13:19:32,477 [6c3c6da7-32c5-4321-a860-cdd0ae39be33@group-B43E45A2ECEA-SegmentedRaftLogWorker] INFO  segmented.SegmentedRaftLogWorker (SegmentedRaftLogWorker.java:execute(569)) - 6c3c6da7-32c5-4321-a860-cdd0ae39be33@group-B43E45A2ECEA-SegmentedRaftLogWorker: created new log segment /tmp/workdir/hadoop-ozone/tools/target/test-dir/MiniOzoneClusterImpl-f0fd4d7a-2cff-4230-aa30-c4e451fbf5d5/datanode-4/data/ratis/eaf66fd7-7166-4ab2-93ce-b43e45a2ecea/current/log_inprogress_0
2019-09-17 13:19:32,579 [grpc-default-executor-5] INFO  client.GrpcClientProtocolClient (GrpcClientProtocolClient.java:onNext(264)) - client-5692B9027A58->2de42d1e-45de-4f1c-b9d9-c37b95a80a97: receive RaftClientReply:client-5692B9027A58->2de42d1e-45de-4f1c-b9d9-c37b95a80a97@group-B43E45A2ECEA, cid=38, FAILED org.apache.ratis.protocol.LeaderNotReadyException: 2de42d1e-45de-4f1c-b9d9-c37b95a80a97@group-B43E45A2ECEA is in LEADER state but not ready yet., logIndex=0, commits[2de42d1e-45de-4f1c-b9d9-c37b95a80a97:c-1, 6c3c6da7-32c5-4321-a860-cdd0ae39be33:c-1, c5ad2958-1e71-4305-8551-aa22f829f9b0:c-1]
2019-09-17 13:19:32,659 [grpc-default-executor-5] INFO  impl.RaftServerProxy (RaftServerProxy.java:remove(95)) - 2de42d1e-45de-4f1c-b9d9-c37b95a80a97: remove group-36B53022FF4E:null
2019-09-17 13:19:32,665 [RatisPipelineUtilsThread] WARN  pipeline.RatisPipelineUtils (RatisPipelineUtils.java:destroyPipeline(66)) - Pipeline destroy failed for pipeline=PipelineID=b75cb183-17d1-419a-aaf4-36b53022ff4e dn=2de42d1e-45de-4f1c-b9d9-c37b95a80a97{ip: 192.168.5.153, host: pr-hdds-2137-trunk-mnh2s-3748177197, networkLocation: /default-rack, certSerialId: null}
2019-09-17 13:19:32,670 [grpc-default-executor-5] INFO  impl.RaftServerProxy (RaftServerProxy.java:remove(95)) - 6c3c6da7-32c5-4321-a860-cdd0ae39be33: remove group-36B53022FF4E:null
2019-09-17 13:19:32,675 [RatisPipelineUtilsThread] WARN  pipeline.RatisPipelineUtils (RatisPipelineUtils.java:destroyPipeline(66)) - Pipeline destroy failed for pipeline=PipelineID=b75cb183-17d1-419a-aaf4-36b53022ff4e dn=6c3c6da7-32c5-4321-a860-cdd0ae39be33{ip: 192.168.5.153, host: pr-hdds-2137-trunk-mnh2s-3748177197, networkLocation: /default-rack, certSerialId: null}
2019-09-17 13:19:32,680 [grpc-default-executor-5] INFO  impl.RaftServerProxy (RaftServerProxy.java:remove(95)) - c5ad2958-1e71-4305-8551-aa22f829f9b0: remove group-36B53022FF4E:null
2019-09-17 13:19:32,685 [RatisPipelineUtilsThread] WARN  pipeline.RatisPipelineUtils (RatisPipelineUtils.java:destroyPipeline(66)) - Pipeline destroy failed for pipeline=PipelineID=b75cb183-17d1-419a-aaf4-36b53022ff4e dn=c5ad2958-1e71-4305-8551-aa22f829f9b0{ip: 192.168.5.153, host: pr-hdds-2137-trunk-mnh2s-3748177197, networkLocation: /default-rack, certSerialId: null}
2019-09-17 13:19:32,685 [RatisPipelineUtilsThread] ERROR pipeline.SCMPipelineManager (Scheduler.java:lambda$schedule$1(70)) - Destroy pipeline failed for pipeline:Pipeline[ Id: b75cb183-17d1-419a-aaf4-36b53022ff4e, Nodes: 2de42d1e-45de-4f1c-b9d9-c37b95a80a97{ip: 192.168.5.153, host: pr-hdds-2137-trunk-mnh2s-3748177197, networkLocation: /default-rack, certSerialId: null}6c3c6da7-32c5-4321-a860-cdd0ae39be33{ip: 192.168.5.153, host: pr-hdds-2137-trunk-mnh2s-3748177197, networkLocation: /default-rack, certSerialId: null}c5ad2958-1e71-4305-8551-aa22f829f9b0{ip: 192.168.5.153, host: pr-hdds-2137-trunk-mnh2s-3748177197, networkLocation: /default-rack, certSerialId: null}, Type:RATIS, Factor:THREE, State:CLOSED]
org.apache.hadoop.hdds.scm.pipeline.PipelineNotFoundException: PipelineID=b75cb183-17d1-419a-aaf4-36b53022ff4e not found
	at org.apache.hadoop.hdds.scm.pipeline.PipelineStateMap.getPipeline(PipelineStateMap.java:132)
	at org.apache.hadoop.hdds.scm.pipeline.PipelineStateMap.removePipeline(PipelineStateMap.java:322)
	at org.apache.hadoop.hdds.scm.pipeline.PipelineStateManager.removePipeline(PipelineStateManager.java:107)
	at org.apache.hadoop.hdds.scm.pipeline.SCMPipelineManager.removePipeline(SCMPipelineManager.java:423)
	at org.apache.hadoop.hdds.scm.pipeline.SCMPipelineManager.destroyPipeline(SCMPipelineManager.java:409)
	at org.apache.hadoop.hdds.scm.pipeline.SCMPipelineManager.lambda$finalizeAndDestroyPipeline$0(SCMPipelineManager.java:318)
	at org.apache.hadoop.utils.Scheduler.lambda$schedule$1(Scheduler.java:68)
	at java.util.concurrent.Executors$RunnableAdapter.call(Executors.java:511)
	at java.util.concurrent.FutureTask.run(FutureTask.java:266)
	at java.util.concurrent.ScheduledThreadPoolExecutor$ScheduledFutureTask.access$201(ScheduledThreadPoolExecutor.java:180)
	at java.util.concurrent.ScheduledThreadPoolExecutor$ScheduledFutureTask.run(ScheduledThreadPoolExecutor.java:293)
	at java.util.concurrent.ThreadPoolExecutor.runWorker(ThreadPoolExecutor.java:1149)
	at java.util.concurrent.ThreadPoolExecutor$Worker.run(ThreadPoolExecutor.java:624)
	at java.lang.Thread.run(Thread.java:748)
 0.00% |█                                                                                                    |  0/1 Time: 0:03:34 0.00% |█                                                                                                    |  0/1 Time: 0:03:352019-09-17 13:19:34,669 [grpc-default-executor-5] INFO  impl.RaftServerProxy (RaftServerProxy.java:remove(95)) - 2de42d1e-45de-4f1c-b9d9-c37b95a80a97: remove group-36B53022FF4E:null
2019-09-17 13:19:34,675 [RatisPipelineUtilsThread] WARN  pipeline.RatisPipelineUtils (RatisPipelineUtils.java:destroyPipeline(66)) - Pipeline destroy failed for pipeline=PipelineID=b75cb183-17d1-419a-aaf4-36b53022ff4e dn=2de42d1e-45de-4f1c-b9d9-c37b95a80a97{ip: 192.168.5.153, host: pr-hdds-2137-trunk-mnh2s-3748177197, networkLocation: /default-rack, certSerialId: null}
2019-09-17 13:19:34,688 [grpc-default-executor-5] INFO  impl.RaftServerProxy (RaftServerProxy.java:remove(95)) - 6c3c6da7-32c5-4321-a860-cdd0ae39be33: remove group-36B53022FF4E:null
2019-09-17 13:19:34,693 [RatisPipelineUtilsThread] WARN  pipeline.RatisPipelineUtils (RatisPipelineUtils.java:destroyPipeline(66)) - Pipeline destroy failed for pipeline=PipelineID=b75cb183-17d1-419a-aaf4-36b53022ff4e dn=6c3c6da7-32c5-4321-a860-cdd0ae39be33{ip: 192.168.5.153, host: pr-hdds-2137-trunk-mnh2s-3748177197, networkLocation: /default-rack, certSerialId: null}
2019-09-17 13:19:34,698 [grpc-default-executor-5] INFO  impl.RaftServerProxy (RaftServerProxy.java:remove(95)) - c5ad2958-1e71-4305-8551-aa22f829f9b0: remove group-36B53022FF4E:null
2019-09-17 13:19:34,703 [RatisPipelineUtilsThread] WARN  pipeline.RatisPipelineUtils (RatisPipelineUtils.java:destroyPipeline(66)) - Pipeline destroy failed for pipeline=PipelineID=b75cb183-17d1-419a-aaf4-36b53022ff4e dn=c5ad2958-1e71-4305-8551-aa22f829f9b0{ip: 192.168.5.153, host: pr-hdds-2137-trunk-mnh2s-3748177197, networkLocation: /default-rack, certSerialId: null}
2019-09-17 13:19:34,704 [RatisPipelineUtilsThread] ERROR pipeline.SCMPipelineManager (Scheduler.java:lambda$schedule$1(70)) - Destroy pipeline failed for pipeline:Pipeline[ Id: b75cb183-17d1-419a-aaf4-36b53022ff4e, Nodes: 2de42d1e-45de-4f1c-b9d9-c37b95a80a97{ip: 192.168.5.153, host: pr-hdds-2137-trunk-mnh2s-3748177197, networkLocation: /default-rack, certSerialId: null}6c3c6da7-32c5-4321-a860-cdd0ae39be33{ip: 192.168.5.153, host: pr-hdds-2137-trunk-mnh2s-3748177197, networkLocation: /default-rack, certSerialId: null}c5ad2958-1e71-4305-8551-aa22f829f9b0{ip: 192.168.5.153, host: pr-hdds-2137-trunk-mnh2s-3748177197, networkLocation: /default-rack, certSerialId: null}, Type:RATIS, Factor:THREE, State:CLOSED]
org.apache.hadoop.hdds.scm.pipeline.PipelineNotFoundException: PipelineID=b75cb183-17d1-419a-aaf4-36b53022ff4e not found
	at org.apache.hadoop.hdds.scm.pipeline.PipelineStateMap.getPipeline(PipelineStateMap.java:132)
	at org.apache.hadoop.hdds.scm.pipeline.PipelineStateMap.removePipeline(PipelineStateMap.java:322)
	at org.apache.hadoop.hdds.scm.pipeline.PipelineStateManager.removePipeline(PipelineStateManager.java:107)
	at org.apache.hadoop.hdds.scm.pipeline.SCMPipelineManager.removePipeline(SCMPipelineManager.java:423)
	at org.apache.hadoop.hdds.scm.pipeline.SCMPipelineManager.destroyPipeline(SCMPipelineManager.java:409)
	at org.apache.hadoop.hdds.scm.pipeline.SCMPipelineManager.lambda$finalizeAndDestroyPipeline$0(SCMPipelineManager.java:318)
	at org.apache.hadoop.utils.Scheduler.lambda$schedule$1(Scheduler.java:68)
	at java.util.concurrent.Executors$RunnableAdapter.call(Executors.java:511)
	at java.util.concurrent.FutureTask.run(FutureTask.java:266)
	at java.util.concurrent.ScheduledThreadPoolExecutor$ScheduledFutureTask.access$201(ScheduledThreadPoolExecutor.java:180)
	at java.util.concurrent.ScheduledThreadPoolExecutor$ScheduledFutureTask.run(ScheduledThreadPoolExecutor.java:293)
	at java.util.concurrent.ThreadPoolExecutor.runWorker(ThreadPoolExecutor.java:1149)
	at java.util.concurrent.ThreadPoolExecutor$Worker.run(ThreadPoolExecutor.java:624)
	at java.lang.Thread.run(Thread.java:748)
 0.00% |█                                                                                                    |  0/1 Time: 0:03:362019-09-17 13:19:34,988 [grpc-default-executor-5] INFO  client.GrpcClientProtocolClient (GrpcClientProtocolClient.java:onNext(264)) - client-5692B9027A58->2de42d1e-45de-4f1c-b9d9-c37b95a80a97: receive RaftClientReply:client-5692B9027A58->2de42d1e-45de-4f1c-b9d9-c37b95a80a97@group-B43E45A2ECEA, cid=38, SUCCESS, logIndex=1, commits[2de42d1e-45de-4f1c-b9d9-c37b95a80a97:c1, 6c3c6da7-32c5-4321-a860-cdd0ae39be33:c0, c5ad2958-1e71-4305-8551-aa22f829f9b0:c0]
2019-09-17 13:19:35,139 [grpc-default-executor-6] INFO  client.GrpcClientProtocolClient (GrpcClientProtocolClient.java:onNext(264)) - client-5692B9027A58->2de42d1e-45de-4f1c-b9d9-c37b95a80a97: receive RaftClientReply:client-5692B9027A58->2de42d1e-45de-4f1c-b9d9-c37b95a80a97@group-B43E45A2ECEA, cid=39, SUCCESS, logIndex=3, commits[2de42d1e-45de-4f1c-b9d9-c37b95a80a97:c8, 6c3c6da7-32c5-4321-a860-cdd0ae39be33:c6, c5ad2958-1e71-4305-8551-aa22f829f9b0:c6]
2019-09-17 13:19:35,140 [grpc-default-executor-6] INFO  client.GrpcClientProtocolClient (GrpcClientProtocolClient.java:onNext(264)) - client-5692B9027A58->2de42d1e-45de-4f1c-b9d9-c37b95a80a97: receive RaftClientReply:client-5692B9027A58->2de42d1e-45de-4f1c-b9d9-c37b95a80a97@group-B43E45A2ECEA, cid=40, SUCCESS, logIndex=5, commits[2de42d1e-45de-4f1c-b9d9-c37b95a80a97:c8, 6c3c6da7-32c5-4321-a860-cdd0ae39be33:c6, c5ad2958-1e71-4305-8551-aa22f829f9b0:c6]
2019-09-17 13:19:35,635 [grpc-default-executor-6] INFO  client.GrpcClientProtocolClient (GrpcClientProtocolClient.java:onNext(264)) - client-5692B9027A58->2de42d1e-45de-4f1c-b9d9-c37b95a80a97: receive RaftClientReply:client-5692B9027A58->2de42d1e-45de-4f1c-b9d9-c37b95a80a97@group-B43E45A2ECEA, cid=41, SUCCESS, logIndex=6, commits[2de42d1e-45de-4f1c-b9d9-c37b95a80a97:c8, 6c3c6da7-32c5-4321-a860-cdd0ae39be33:c6, c5ad2958-1e71-4305-8551-aa22f829f9b0:c6]
2019-09-17 13:19:35,681 [grpc-default-executor-5] INFO  client.GrpcClientProtocolClient (GrpcClientProtocolClient.java:onNext(264)) - client-5692B9027A58->2de42d1e-45de-4f1c-b9d9-c37b95a80a97: receive RaftClientReply:client-5692B9027A58->2de42d1e-45de-4f1c-b9d9-c37b95a80a97@group-B43E45A2ECEA, cid=54, SUCCESS, logIndex=9, commits[2de42d1e-45de-4f1c-b9d9-c37b95a80a97:c10, 6c3c6da7-32c5-4321-a860-cdd0ae39be33:c8, c5ad2958-1e71-4305-8551-aa22f829f9b0:c8]
2019-09-17 13:19:35,682 [grpc-default-executor-5] INFO  client.GrpcClientProtocolClient (GrpcClientProtocolClient.java:onNext(264)) - client-5692B9027A58->2de42d1e-45de-4f1c-b9d9-c37b95a80a97: receive RaftClientReply:client-5692B9027A58->2de42d1e-45de-4f1c-b9d9-c37b95a80a97@group-B43E45A2ECEA, cid=55, SUCCESS, logIndex=10, commits[2de42d1e-45de-4f1c-b9d9-c37b95a80a97:c10, 6c3c6da7-32c5-4321-a860-cdd0ae39be33:c8, c5ad2958-1e71-4305-8551-aa22f829f9b0:c8]
2019-09-17 13:19:35,708 [grpc-default-executor-3] INFO  client.GrpcClientProtocolClient (GrpcClientProtocolClient.java:onNext(264)) - client-5692B9027A58->2de42d1e-45de-4f1c-b9d9-c37b95a80a97: receive RaftClientReply:client-5692B9027A58->2de42d1e-45de-4f1c-b9d9-c37b95a80a97@group-B43E45A2ECEA, cid=56, SUCCESS, logIndex=11, commits[2de42d1e-45de-4f1c-b9d9-c37b95a80a97:c12, 6c3c6da7-32c5-4321-a860-cdd0ae39be33:c8, c5ad2958-1e71-4305-8551-aa22f829f9b0:c8]
2019-09-17 13:19:35,709 [grpc-default-executor-3] INFO  client.GrpcClientProtocolClient (GrpcClientProtocolClient.java:onNext(264)) - client-5692B9027A58->2de42d1e-45de-4f1c-b9d9-c37b95a80a97: receive RaftClientReply:client-5692B9027A58->2de42d1e-45de-4f1c-b9d9-c37b95a80a97@group-B43E45A2ECEA, cid=57, SUCCESS, logIndex=12, commits[2de42d1e-45de-4f1c-b9d9-c37b95a80a97:c12, 6c3c6da7-32c5-4321-a860-cdd0ae39be33:c8, c5ad2958-1e71-4305-8551-aa22f829f9b0:c8]
2019-09-17 13:19:35,727 [grpc-default-executor-5] INFO  client.GrpcClientProtocolClient (GrpcClientProtocolClient.java:onNext(264)) - client-5692B9027A58->2de42d1e-45de-4f1c-b9d9-c37b95a80a97: receive RaftClientReply:client-5692B9027A58->2de42d1e-45de-4f1c-b9d9-c37b95a80a97@group-B43E45A2ECEA, cid=58, SUCCESS, logIndex=0, commits[2de42d1e-45de-4f1c-b9d9-c37b95a80a97:c14, 6c3c6da7-32c5-4321-a860-cdd0ae39be33:c10, c5ad2958-1e71-4305-8551-aa22f829f9b0:c10]
2019-09-17 13:19:35,746 [grpc-default-executor-3] INFO  client.GrpcClientProtocolClient (GrpcClientProtocolClient.java:onNext(264)) - client-5692B9027A58->2de42d1e-45de-4f1c-b9d9-c37b95a80a97: receive RaftClientReply:client-5692B9027A58->2de42d1e-45de-4f1c-b9d9-c37b95a80a97@group-B43E45A2ECEA, cid=59, SUCCESS, logIndex=0, commits[2de42d1e-45de-4f1c-b9d9-c37b95a80a97:c16, 6c3c6da7-32c5-4321-a860-cdd0ae39be33:c12, c5ad2958-1e71-4305-8551-aa22f829f9b0:c12]
 0.00% |█                                                                                                    |  0/1 Time: 0:03:372019-09-17 13:19:35,945 [grpc-default-executor-3] INFO  client.GrpcClientProtocolClient (GrpcClientProtocolClient.java:onNext(264)) - client-5692B9027A58->2de42d1e-45de-4f1c-b9d9-c37b95a80a97: receive RaftClientReply:client-5692B9027A58->2de42d1e-45de-4f1c-b9d9-c37b95a80a97@group-B43E45A2ECEA, cid=60, SUCCESS, logIndex=17, commits[2de42d1e-45de-4f1c-b9d9-c37b95a80a97:c20, 6c3c6da7-32c5-4321-a860-cdd0ae39be33:c16, c5ad2958-1e71-4305-8551-aa22f829f9b0:c12]
2019-09-17 13:19:36,023 [grpc-default-executor-3] INFO  client.GrpcClientProtocolClient (GrpcClientProtocolClient.java:onNext(264)) - client-5692B9027A58->2de42d1e-45de-4f1c-b9d9-c37b95a80a97: receive RaftClientReply:client-5692B9027A58->2de42d1e-45de-4f1c-b9d9-c37b95a80a97@group-B43E45A2ECEA, cid=61, SUCCESS, logIndex=18, commits[2de42d1e-45de-4f1c-b9d9-c37b95a80a97:c23, 6c3c6da7-32c5-4321-a860-cdd0ae39be33:c20, c5ad2958-1e71-4305-8551-aa22f829f9b0:c12]
2019-09-17 13:19:36,024 [grpc-default-executor-3] INFO  client.GrpcClientProtocolClient (GrpcClientProtocolClient.java:onNext(264)) - client-5692B9027A58->2de42d1e-45de-4f1c-b9d9-c37b95a80a97: receive RaftClientReply:client-5692B9027A58->2de42d1e-45de-4f1c-b9d9-c37b95a80a97@group-B43E45A2ECEA, cid=62, SUCCESS, logIndex=19, commits[2de42d1e-45de-4f1c-b9d9-c37b95a80a97:c23, 6c3c6da7-32c5-4321-a860-cdd0ae39be33:c20, c5ad2958-1e71-4305-8551-aa22f829f9b0:c12]
2019-09-17 13:19:36,084 [grpc-default-executor-3] INFO  client.GrpcClientProtocolClient (GrpcClientProtocolClient.java:onNext(264)) - client-5692B9027A58->2de42d1e-45de-4f1c-b9d9-c37b95a80a97: receive RaftClientReply:client-5692B9027A58->2de42d1e-45de-4f1c-b9d9-c37b95a80a97@group-B43E45A2ECEA, cid=63, SUCCESS, logIndex=20, commits[2de42d1e-45de-4f1c-b9d9-c37b95a80a97:c23, 6c3c6da7-32c5-4321-a860-cdd0ae39be33:c20, c5ad2958-1e71-4305-8551-aa22f829f9b0:c12]
 0.00% |█                                                                                                    |  0/1 Time: 0:03:382019-09-17 13:19:37,661 [grpc-default-executor-3] INFO  impl.RaftServerProxy (RaftServerProxy.java:remove(95)) - 2de42d1e-45de-4f1c-b9d9-c37b95a80a97: remove group-36B53022FF4E:null
2019-09-17 13:19:37,672 [RatisPipelineUtilsThread] WARN  pipeline.RatisPipelineUtils (RatisPipelineUtils.java:destroyPipeline(66)) - Pipeline destroy failed for pipeline=PipelineID=b75cb183-17d1-419a-aaf4-36b53022ff4e dn=2de42d1e-45de-4f1c-b9d9-c37b95a80a97{ip: 192.168.5.153, host: pr-hdds-2137-trunk-mnh2s-3748177197, networkLocation: /default-rack, certSerialId: null}
2019-09-17 13:19:37,678 [grpc-default-executor-3] INFO  impl.RaftServerProxy (RaftServerProxy.java:remove(95)) - 6c3c6da7-32c5-4321-a860-cdd0ae39be33: remove group-36B53022FF4E:null
2019-09-17 13:19:37,682 [RatisPipelineUtilsThread] WARN  pipeline.RatisPipelineUtils (RatisPipelineUtils.java:destroyPipeline(66)) - Pipeline destroy failed for pipeline=PipelineID=b75cb183-17d1-419a-aaf4-36b53022ff4e dn=6c3c6da7-32c5-4321-a860-cdd0ae39be33{ip: 192.168.5.153, host: pr-hdds-2137-trunk-mnh2s-3748177197, networkLocation: /default-rack, certSerialId: null}
2019-09-17 13:19:37,687 [grpc-default-executor-3] INFO  impl.RaftServerProxy (RaftServerProxy.java:remove(95)) - c5ad2958-1e71-4305-8551-aa22f829f9b0: remove group-36B53022FF4E:null
2019-09-17 13:19:37,691 [RatisPipelineUtilsThread] WARN  pipeline.RatisPipelineUtils (RatisPipelineUtils.java:destroyPipeline(66)) - Pipeline destroy failed for pipeline=PipelineID=b75cb183-17d1-419a-aaf4-36b53022ff4e dn=c5ad2958-1e71-4305-8551-aa22f829f9b0{ip: 192.168.5.153, host: pr-hdds-2137-trunk-mnh2s-3748177197, networkLocation: /default-rack, certSerialId: null}
2019-09-17 13:19:37,691 [RatisPipelineUtilsThread] ERROR pipeline.SCMPipelineManager (Scheduler.java:lambda$schedule$1(70)) - Destroy pipeline failed for pipeline:Pipeline[ Id: b75cb183-17d1-419a-aaf4-36b53022ff4e, Nodes: 2de42d1e-45de-4f1c-b9d9-c37b95a80a97{ip: 192.168.5.153, host: pr-hdds-2137-trunk-mnh2s-3748177197, networkLocation: /default-rack, certSerialId: null}6c3c6da7-32c5-4321-a860-cdd0ae39be33{ip: 192.168.5.153, host: pr-hdds-2137-trunk-mnh2s-3748177197, networkLocation: /default-rack, certSerialId: null}c5ad2958-1e71-4305-8551-aa22f829f9b0{ip: 192.168.5.153, host: pr-hdds-2137-trunk-mnh2s-3748177197, networkLocation: /default-rack, certSerialId: null}, Type:RATIS, Factor:THREE, State:CLOSED]
org.apache.hadoop.hdds.scm.pipeline.PipelineNotFoundException: PipelineID=b75cb183-17d1-419a-aaf4-36b53022ff4e not found
	at org.apache.hadoop.hdds.scm.pipeline.PipelineStateMap.getPipeline(PipelineStateMap.java:132)
	at org.apache.hadoop.hdds.scm.pipeline.PipelineStateMap.removePipeline(PipelineStateMap.java:322)
	at org.apache.hadoop.hdds.scm.pipeline.PipelineStateManager.removePipeline(PipelineStateManager.java:107)
	at org.apache.hadoop.hdds.scm.pipeline.SCMPipelineManager.removePipeline(SCMPipelineManager.java:423)
	at org.apache.hadoop.hdds.scm.pipeline.SCMPipelineManager.destroyPipeline(SCMPipelineManager.java:409)
	at org.apache.hadoop.hdds.scm.pipeline.SCMPipelineManager.lambda$finalizeAndDestroyPipeline$0(SCMPipelineManager.java:318)
	at org.apache.hadoop.utils.Scheduler.lambda$schedule$1(Scheduler.java:68)
	at java.util.concurrent.Executors$RunnableAdapter.call(Executors.java:511)
	at java.util.concurrent.FutureTask.run(FutureTask.java:266)
	at java.util.concurrent.ScheduledThreadPoolExecutor$ScheduledFutureTask.access$201(ScheduledThreadPoolExecutor.java:180)
	at java.util.concurrent.ScheduledThreadPoolExecutor$ScheduledFutureTask.run(ScheduledThreadPoolExecutor.java:293)
	at java.util.concurrent.ThreadPoolExecutor.runWorker(ThreadPoolExecutor.java:1149)
	at java.util.concurrent.ThreadPoolExecutor$Worker.run(ThreadPoolExecutor.java:624)
	at java.lang.Thread.run(Thread.java:748)
 0.00% |█                                                                                                    |  0/1 Time: 0:03:392019-09-17 13:19:38,774 [java.util.concurrent.ThreadPoolExecutor$Worker@70702776[State = -1, empty queue]] WARN  server.GrpcLogAppender (GrpcLogAppender.java:timeoutAppendRequest(200)) - 2de42d1e-45de-4f1c-b9d9-c37b95a80a97@group-B43E45A2ECEA->c5ad2958-1e71-4305-8551-aa22f829f9b0-GrpcLogAppender: appendEntries Timeout, request=2de42d1e-45de-4f1c-b9d9-c37b95a80a97->c5ad2958-1e71-4305-8551-aa22f829f9b0#18-t1, previous=(t:1, i:16), leaderCommit=16, initializing? false, entries: size=1, first=(t:1, i:17), STATEMACHINELOGENTRY, client-5692B9027A58, cid=60
2019-09-17 13:19:38,774 [java.util.concurrent.ThreadPoolExecutor$Worker@70702776[State = -1, empty queue]] WARN  server.GrpcLogAppender (GrpcLogAppender.java:timeoutAppendRequest(200)) - 2de42d1e-45de-4f1c-b9d9-c37b95a80a97@group-B43E45A2ECEA->c5ad2958-1e71-4305-8551-aa22f829f9b0-GrpcLogAppender: appendEntries Timeout, request=2de42d1e-45de-4f1c-b9d9-c37b95a80a97->c5ad2958-1e71-4305-8551-aa22f829f9b0#19-t1, previous=(t:1, i:17), leaderCommit=16, initializing? false, entries: size=1, first=(t:1, i:18), STATEMACHINELOGENTRY, client-5692B9027A58, cid=61
2019-09-17 13:19:38,783 [java.util.concurrent.ThreadPoolExecutor$Worker@70702776[State = -1, empty queue]] WARN  server.GrpcLogAppender (GrpcLogAppender.java:timeoutAppendRequest(200)) - 2de42d1e-45de-4f1c-b9d9-c37b95a80a97@group-B43E45A2ECEA->c5ad2958-1e71-4305-8551-aa22f829f9b0-GrpcLogAppender: appendEntries Timeout, request=2de42d1e-45de-4f1c-b9d9-c37b95a80a97->c5ad2958-1e71-4305-8551-aa22f829f9b0#20-t1, previous=(t:1, i:18), leaderCommit=16, initializing? false, entries: size=1, first=(t:1, i:19), STATEMACHINELOGENTRY, client-5692B9027A58, cid=62
2019-09-17 13:19:38,783 [java.util.concurrent.ThreadPoolExecutor$Worker@70702776[State = -1, empty queue]] WARN  server.GrpcLogAppender (GrpcLogAppender.java:timeoutAppendRequest(200)) - 2de42d1e-45de-4f1c-b9d9-c37b95a80a97@group-B43E45A2ECEA->c5ad2958-1e71-4305-8551-aa22f829f9b0-GrpcLogAppender: appendEntries Timeout, request=2de42d1e-45de-4f1c-b9d9-c37b95a80a97->c5ad2958-1e71-4305-8551-aa22f829f9b0#21-t1, previous=(t:1, i:19), leaderCommit=16, initializing? false, entries: size=1, first=(t:1, i:20), STATEMACHINELOGENTRY, client-5692B9027A58, cid=63
 0.00% |█                                                                                                    |  0/1 Time: 0:03:402019-09-17 13:19:38,940 [java.util.concurrent.ThreadPoolExecutor$Worker@70702776[State = -1, empty queue]] WARN  server.GrpcLogAppender (GrpcLogAppender.java:timeoutAppendRequest(200)) - 2de42d1e-45de-4f1c-b9d9-c37b95a80a97@group-B43E45A2ECEA->c5ad2958-1e71-4305-8551-aa22f829f9b0-GrpcLogAppender: appendEntries Timeout, request=2de42d1e-45de-4f1c-b9d9-c37b95a80a97->c5ad2958-1e71-4305-8551-aa22f829f9b0#22-t1, previous=(t:1, i:20), leaderCommit=19, initializing? false, entries: size=1, first=(t:1, i:21), METADATAENTRY(c17)
2019-09-17 13:19:38,940 [java.util.concurrent.ThreadPoolExecutor$Worker@70702776[State = -1, empty queue]] WARN  server.GrpcLogAppender (GrpcLogAppender.java:timeoutAppendRequest(200)) - 2de42d1e-45de-4f1c-b9d9-c37b95a80a97@group-B43E45A2ECEA->c5ad2958-1e71-4305-8551-aa22f829f9b0-GrpcLogAppender: appendEntries Timeout, request=2de42d1e-45de-4f1c-b9d9-c37b95a80a97->c5ad2958-1e71-4305-8551-aa22f829f9b0#23-t1, previous=(t:1, i:21), leaderCommit=19, initializing? false, entries: size=1, first=(t:1, i:22), METADATAENTRY(c19)
2019-09-17 13:19:38,941 [java.util.concurrent.ThreadPoolExecutor$Worker@70702776[State = -1, empty queue]] WARN  server.GrpcLogAppender (GrpcLogAppender.java:timeoutAppendRequest(200)) - 2de42d1e-45de-4f1c-b9d9-c37b95a80a97@group-B43E45A2ECEA->c5ad2958-1e71-4305-8551-aa22f829f9b0-GrpcLogAppender: appendEntries Timeout, request=2de42d1e-45de-4f1c-b9d9-c37b95a80a97->c5ad2958-1e71-4305-8551-aa22f829f9b0#24-t1, previous=(t:1, i:22), leaderCommit=20, initializing? false, entries: size=1, first=(t:1, i:23), METADATAENTRY(c20)
2019-09-17 13:19:39,667 [grpc-default-executor-3] INFO  impl.RaftServerProxy (RaftServerProxy.java:remove(95)) - 2de42d1e-45de-4f1c-b9d9-c37b95a80a97: remove group-36B53022FF4E:null
2019-09-17 13:19:39,673 [RatisPipelineUtilsThread] WARN  pipeline.RatisPipelineUtils (RatisPipelineUtils.java:destroyPipeline(66)) - Pipeline destroy failed for pipeline=PipelineID=b75cb183-17d1-419a-aaf4-36b53022ff4e dn=2de42d1e-45de-4f1c-b9d9-c37b95a80a97{ip: 192.168.5.153, host: pr-hdds-2137-trunk-mnh2s-3748177197, networkLocation: /default-rack, certSerialId: null}
2019-09-17 13:19:39,678 [grpc-default-executor-3] INFO  impl.RaftServerProxy (RaftServerProxy.java:remove(95)) - 6c3c6da7-32c5-4321-a860-cdd0ae39be33: remove group-36B53022FF4E:null
2019-09-17 13:19:39,690 [RatisPipelineUtilsThread] WARN  pipeline.RatisPipelineUtils (RatisPipelineUtils.java:destroyPipeline(66)) - Pipeline destroy failed for pipeline=PipelineID=b75cb183-17d1-419a-aaf4-36b53022ff4e dn=6c3c6da7-32c5-4321-a860-cdd0ae39be33{ip: 192.168.5.153, host: pr-hdds-2137-trunk-mnh2s-3748177197, networkLocation: /default-rack, certSerialId: null}
2019-09-17 13:19:39,695 [grpc-default-executor-3] INFO  impl.RaftServerProxy (RaftServerProxy.java:remove(95)) - c5ad2958-1e71-4305-8551-aa22f829f9b0: remove group-36B53022FF4E:null
2019-09-17 13:19:39,699 [RatisPipelineUtilsThread] WARN  pipeline.RatisPipelineUtils (RatisPipelineUtils.java:destroyPipeline(66)) - Pipeline destroy failed for pipeline=PipelineID=b75cb183-17d1-419a-aaf4-36b53022ff4e dn=c5ad2958-1e71-4305-8551-aa22f829f9b0{ip: 192.168.5.153, host: pr-hdds-2137-trunk-mnh2s-3748177197, networkLocation: /default-rack, certSerialId: null}
2019-09-17 13:19:39,700 [RatisPipelineUtilsThread] ERROR pipeline.SCMPipelineManager (Scheduler.java:lambda$schedule$1(70)) - Destroy pipeline failed for pipeline:Pipeline[ Id: b75cb183-17d1-419a-aaf4-36b53022ff4e, Nodes: 2de42d1e-45de-4f1c-b9d9-c37b95a80a97{ip: 192.168.5.153, host: pr-hdds-2137-trunk-mnh2s-3748177197, networkLocation: /default-rack, certSerialId: null}6c3c6da7-32c5-4321-a860-cdd0ae39be33{ip: 192.168.5.153, host: pr-hdds-2137-trunk-mnh2s-3748177197, networkLocation: /default-rack, certSerialId: null}c5ad2958-1e71-4305-8551-aa22f829f9b0{ip: 192.168.5.153, host: pr-hdds-2137-trunk-mnh2s-3748177197, networkLocation: /default-rack, certSerialId: null}, Type:RATIS, Factor:THREE, State:CLOSED]
org.apache.hadoop.hdds.scm.pipeline.PipelineNotFoundException: PipelineID=b75cb183-17d1-419a-aaf4-36b53022ff4e not found
	at org.apache.hadoop.hdds.scm.pipeline.PipelineStateMap.getPipeline(PipelineStateMap.java:132)
	at org.apache.hadoop.hdds.scm.pipeline.PipelineStateMap.removePipeline(PipelineStateMap.java:322)
	at org.apache.hadoop.hdds.scm.pipeline.PipelineStateManager.removePipeline(PipelineStateManager.java:107)
	at org.apache.hadoop.hdds.scm.pipeline.SCMPipelineManager.removePipeline(SCMPipelineManager.java:423)
	at org.apache.hadoop.hdds.scm.pipeline.SCMPipelineManager.destroyPipeline(SCMPipelineManager.java:409)
	at org.apache.hadoop.hdds.scm.pipeline.SCMPipelineManager.lambda$finalizeAndDestroyPipeline$0(SCMPipelineManager.java:318)
	at org.apache.hadoop.utils.Scheduler.lambda$schedule$1(Scheduler.java:68)
	at java.util.concurrent.Executors$RunnableAdapter.call(Executors.java:511)
	at java.util.concurrent.FutureTask.run(FutureTask.java:266)
	at java.util.concurrent.ScheduledThreadPoolExecutor$ScheduledFutureTask.access$201(ScheduledThreadPoolExecutor.java:180)
	at java.util.concurrent.ScheduledThreadPoolExecutor$ScheduledFutureTask.run(ScheduledThreadPoolExecutor.java:293)
	at java.util.concurrent.ThreadPoolExecutor.runWorker(ThreadPoolExecutor.java:1149)
	at java.util.concurrent.ThreadPoolExecutor$Worker.run(ThreadPoolExecutor.java:624)
	at java.lang.Thread.run(Thread.java:748)
 0.00% |█                                                                                                    |  0/1 Time: 0:03:41 0.00% |█                                                                                                    |  0/1 Time: 0:03:422019-09-17 13:19:41,086 [pool-73-thread-3] WARN  scm.XceiverClientRatis (XceiverClientRatis.java:watchForCommit(262)) - 3 way commit failed on pipeline Pipeline[ Id: eaf66fd7-7166-4ab2-93ce-b43e45a2ecea, Nodes: 2de42d1e-45de-4f1c-b9d9-c37b95a80a97{ip: 192.168.5.153, host: pr-hdds-2137-trunk-mnh2s-3748177197, networkLocation: /default-rack, certSerialId: null}6c3c6da7-32c5-4321-a860-cdd0ae39be33{ip: 192.168.5.153, host: pr-hdds-2137-trunk-mnh2s-3748177197, networkLocation: /default-rack, certSerialId: null}c5ad2958-1e71-4305-8551-aa22f829f9b0{ip: 192.168.5.153, host: pr-hdds-2137-trunk-mnh2s-3748177197, networkLocation: /default-rack, certSerialId: null}, Type:RATIS, Factor:THREE, State:OPEN]
java.util.concurrent.TimeoutException
	at java.util.concurrent.CompletableFuture.timedGet(CompletableFuture.java:1771)
	at java.util.concurrent.CompletableFuture.get(CompletableFuture.java:1915)
	at org.apache.hadoop.hdds.scm.XceiverClientRatis.watchForCommit(XceiverClientRatis.java:259)
	at org.apache.hadoop.hdds.scm.storage.CommitWatcher.watchForCommit(CommitWatcher.java:194)
	at org.apache.hadoop.hdds.scm.storage.CommitWatcher.watchOnFirstIndex(CommitWatcher.java:135)
	at org.apache.hadoop.hdds.scm.storage.BlockOutputStream.watchForCommit(BlockOutputStream.java:347)
	at org.apache.hadoop.hdds.scm.storage.BlockOutputStream.handleFullBuffer(BlockOutputStream.java:324)
	at org.apache.hadoop.hdds.scm.storage.BlockOutputStream.write(BlockOutputStream.java:251)
	at org.apache.hadoop.ozone.client.io.BlockOutputStreamEntry.write(BlockOutputStreamEntry.java:129)
	at org.apache.hadoop.ozone.client.io.KeyOutputStream.handleWrite(KeyOutputStream.java:211)
	at org.apache.hadoop.ozone.client.io.KeyOutputStream.write(KeyOutputStream.java:193)
	at org.apache.hadoop.ozone.client.io.OzoneOutputStream.write(OzoneOutputStream.java:49)
	at org.apache.hadoop.ozone.freon.RandomKeyGenerator.createKey(RandomKeyGenerator.java:708)
	at org.apache.hadoop.ozone.freon.RandomKeyGenerator.access$1100(RandomKeyGenerator.java:88)
	at org.apache.hadoop.ozone.freon.RandomKeyGenerator$ObjectCreator.run(RandomKeyGenerator.java:615)
	at java.util.concurrent.Executors$RunnableAdapter.call(Executors.java:511)
	at java.util.concurrent.FutureTask.run(FutureTask.java:266)
	at java.util.concurrent.ThreadPoolExecutor.runWorker(ThreadPoolExecutor.java:1149)
	at java.util.concurrent.ThreadPoolExecutor$Worker.run(ThreadPoolExecutor.java:624)
	at java.lang.Thread.run(Thread.java:748)
2019-09-17 13:19:41,093 [grpc-default-executor-3] INFO  client.GrpcClientProtocolClient (GrpcClientProtocolClient.java:onNext(264)) - client-5692B9027A58->2de42d1e-45de-4f1c-b9d9-c37b95a80a97: receive RaftClientReply:client-5692B9027A58->2de42d1e-45de-4f1c-b9d9-c37b95a80a97@group-B43E45A2ECEA, cid=71, SUCCESS, logIndex=0, commits[2de42d1e-45de-4f1c-b9d9-c37b95a80a97:c23, 6c3c6da7-32c5-4321-a860-cdd0ae39be33:c23, c5ad2958-1e71-4305-8551-aa22f829f9b0:c12]
2019-09-17 13:19:41,103 [pool-73-thread-3] INFO  scm.XceiverClientRatis (XceiverClientRatis.java:lambda$watchForCommit$7(280)) - Could not commit index 18 on pipeline Pipeline[ Id: eaf66fd7-7166-4ab2-93ce-b43e45a2ecea, Nodes: 2de42d1e-45de-4f1c-b9d9-c37b95a80a97{ip: 192.168.5.153, host: pr-hdds-2137-trunk-mnh2s-3748177197, networkLocation: /default-rack, certSerialId: null}6c3c6da7-32c5-4321-a860-cdd0ae39be33{ip: 192.168.5.153, host: pr-hdds-2137-trunk-mnh2s-3748177197, networkLocation: /default-rack, certSerialId: null}c5ad2958-1e71-4305-8551-aa22f829f9b0{ip: 192.168.5.153, host: pr-hdds-2137-trunk-mnh2s-3748177197, networkLocation: /default-rack, certSerialId: null}, Type:RATIS, Factor:THREE, State:OPEN] to all the nodes. Server c5ad2958-1e71-4305-8551-aa22f829f9b0 has failed. Committed by majority.
2019-09-17 13:19:41,103 [pool-73-thread-3] WARN  storage.BlockOutputStream (BlockOutputStream.java:watchForCommit(353)) - Failed to commit BlockId conID: 5 locID: 102808051761545223 bcsId: 20 on Pipeline[ Id: eaf66fd7-7166-4ab2-93ce-b43e45a2ecea, Nodes: 2de42d1e-45de-4f1c-b9d9-c37b95a80a97{ip: 192.168.5.153, host: pr-hdds-2137-trunk-mnh2s-3748177197, networkLocation: /default-rack, certSerialId: null}6c3c6da7-32c5-4321-a860-cdd0ae39be33{ip: 192.168.5.153, host: pr-hdds-2137-trunk-mnh2s-3748177197, networkLocation: /default-rack, certSerialId: null}c5ad2958-1e71-4305-8551-aa22f829f9b0{ip: 192.168.5.153, host: pr-hdds-2137-trunk-mnh2s-3748177197, networkLocation: /default-rack, certSerialId: null}, Type:RATIS, Factor:THREE, State:OPEN]. Failed nodes: [c5ad2958-1e71-4305-8551-aa22f829f9b0{ip: null, host: null, networkLocation: /default-rack, certSerialId: null}]
2019-09-17 13:19:41,137 [grpc-default-executor-5] INFO  client.GrpcClientProtocolClient (GrpcClientProtocolClient.java:onNext(264)) - client-5692B9027A58->2de42d1e-45de-4f1c-b9d9-c37b95a80a97: receive RaftClientReply:client-5692B9027A58->2de42d1e-45de-4f1c-b9d9-c37b95a80a97@group-B43E45A2ECEA, cid=72, SUCCESS, logIndex=24, commits[2de42d1e-45de-4f1c-b9d9-c37b95a80a97:c25, 6c3c6da7-32c5-4321-a860-cdd0ae39be33:c23, c5ad2958-1e71-4305-8551-aa22f829f9b0:c12]
2019-09-17 13:19:41,139 [grpc-default-executor-5] INFO  client.GrpcClientProtocolClient (GrpcClientProtocolClient.java:onNext(264)) - client-5692B9027A58->2de42d1e-45de-4f1c-b9d9-c37b95a80a97: receive RaftClientReply:client-5692B9027A58->2de42d1e-45de-4f1c-b9d9-c37b95a80a97@group-B43E45A2ECEA, cid=73, SUCCESS, logIndex=25, commits[2de42d1e-45de-4f1c-b9d9-c37b95a80a97:c25, 6c3c6da7-32c5-4321-a860-cdd0ae39be33:c23, c5ad2958-1e71-4305-8551-aa22f829f9b0:c12]
2019-09-17 13:19:41,167 [grpc-default-executor-3] INFO  client.GrpcClientProtocolClient (GrpcClientProtocolClient.java:onNext(264)) - client-5692B9027A58->2de42d1e-45de-4f1c-b9d9-c37b95a80a97: receive RaftClientReply:client-5692B9027A58->2de42d1e-45de-4f1c-b9d9-c37b95a80a97@group-B43E45A2ECEA, cid=74, SUCCESS, logIndex=28, commits[2de42d1e-45de-4f1c-b9d9-c37b95a80a97:c29, 6c3c6da7-32c5-4321-a860-cdd0ae39be33:c26, c5ad2958-1e71-4305-8551-aa22f829f9b0:c12]
2019-09-17 13:19:41,168 [grpc-default-executor-3] INFO  client.GrpcClientProtocolClient (GrpcClientProtocolClient.java:onNext(264)) - client-5692B9027A58->2de42d1e-45de-4f1c-b9d9-c37b95a80a97: receive RaftClientReply:client-5692B9027A58->2de42d1e-45de-4f1c-b9d9-c37b95a80a97@group-B43E45A2ECEA, cid=75, SUCCESS, logIndex=29, commits[2de42d1e-45de-4f1c-b9d9-c37b95a80a97:c29, 6c3c6da7-32c5-4321-a860-cdd0ae39be33:c26, c5ad2958-1e71-4305-8551-aa22f829f9b0:c12]
2019-09-17 13:19:41,442 [java.util.concurrent.ThreadPoolExecutor$Worker@70702776[State = -1, empty queue]] WARN  server.GrpcLogAppender (GrpcLogAppender.java:timeoutAppendRequest(200)) - 2de42d1e-45de-4f1c-b9d9-c37b95a80a97@group-B43E45A2ECEA->c5ad2958-1e71-4305-8551-aa22f829f9b0-GrpcLogAppender: appendEntries Timeout, request=2de42d1e-45de-4f1c-b9d9-c37b95a80a97->c5ad2958-1e71-4305-8551-aa22f829f9b0#25-t1, previous=(t:1, i:23), leaderCommit=23, initializing? false, entries: <empty>
 0.00% |█                                                                                                    |  0/1 Time: 0:03:432019-09-17 13:19:42,663 [grpc-default-executor-3] INFO  impl.RaftServerProxy (RaftServerProxy.java:remove(95)) - 2de42d1e-45de-4f1c-b9d9-c37b95a80a97: remove group-36B53022FF4E:null
2019-09-17 13:19:42,671 [RatisPipelineUtilsThread] WARN  pipeline.RatisPipelineUtils (RatisPipelineUtils.java:destroyPipeline(66)) - Pipeline destroy failed for pipeline=PipelineID=b75cb183-17d1-419a-aaf4-36b53022ff4e dn=2de42d1e-45de-4f1c-b9d9-c37b95a80a97{ip: 192.168.5.153, host: pr-hdds-2137-trunk-mnh2s-3748177197, networkLocation: /default-rack, certSerialId: null}
2019-09-17 13:19:42,677 [grpc-default-executor-3] INFO  impl.RaftServerProxy (RaftServerProxy.java:remove(95)) - 6c3c6da7-32c5-4321-a860-cdd0ae39be33: remove group-36B53022FF4E:null
2019-09-17 13:19:42,684 [RatisPipelineUtilsThread] WARN  pipeline.RatisPipelineUtils (RatisPipelineUtils.java:destroyPipeline(66)) - Pipeline destroy failed for pipeline=PipelineID=b75cb183-17d1-419a-aaf4-36b53022ff4e dn=6c3c6da7-32c5-4321-a860-cdd0ae39be33{ip: 192.168.5.153, host: pr-hdds-2137-trunk-mnh2s-3748177197, networkLocation: /default-rack, certSerialId: null}
2019-09-17 13:19:42,697 [grpc-default-executor-3] INFO  impl.RaftServerProxy (RaftServerProxy.java:remove(95)) - c5ad2958-1e71-4305-8551-aa22f829f9b0: remove group-36B53022FF4E:null
2019-09-17 13:19:42,702 [RatisPipelineUtilsThread] WARN  pipeline.RatisPipelineUtils (RatisPipelineUtils.java:destroyPipeline(66)) - Pipeline destroy failed for pipeline=PipelineID=b75cb183-17d1-419a-aaf4-36b53022ff4e dn=c5ad2958-1e71-4305-8551-aa22f829f9b0{ip: 192.168.5.153, host: pr-hdds-2137-trunk-mnh2s-3748177197, networkLocation: /default-rack, certSerialId: null}
2019-09-17 13:19:42,702 [RatisPipelineUtilsThread] ERROR pipeline.SCMPipelineManager (Scheduler.java:lambda$schedule$1(70)) - Destroy pipeline failed for pipeline:Pipeline[ Id: b75cb183-17d1-419a-aaf4-36b53022ff4e, Nodes: 2de42d1e-45de-4f1c-b9d9-c37b95a80a97{ip: 192.168.5.153, host: pr-hdds-2137-trunk-mnh2s-3748177197, networkLocation: /default-rack, certSerialId: null}6c3c6da7-32c5-4321-a860-cdd0ae39be33{ip: 192.168.5.153, host: pr-hdds-2137-trunk-mnh2s-3748177197, networkLocation: /default-rack, certSerialId: null}c5ad2958-1e71-4305-8551-aa22f829f9b0{ip: 192.168.5.153, host: pr-hdds-2137-trunk-mnh2s-3748177197, networkLocation: /default-rack, certSerialId: null}, Type:RATIS, Factor:THREE, State:CLOSED]
org.apache.hadoop.hdds.scm.pipeline.PipelineNotFoundException: PipelineID=b75cb183-17d1-419a-aaf4-36b53022ff4e not found
	at org.apache.hadoop.hdds.scm.pipeline.PipelineStateMap.getPipeline(PipelineStateMap.java:132)
	at org.apache.hadoop.hdds.scm.pipeline.PipelineStateMap.removePipeline(PipelineStateMap.java:322)
	at org.apache.hadoop.hdds.scm.pipeline.PipelineStateManager.removePipeline(PipelineStateManager.java:107)
	at org.apache.hadoop.hdds.scm.pipeline.SCMPipelineManager.removePipeline(SCMPipelineManager.java:423)
	at org.apache.hadoop.hdds.scm.pipeline.SCMPipelineManager.destroyPipeline(SCMPipelineManager.java:409)
	at org.apache.hadoop.hdds.scm.pipeline.SCMPipelineManager.lambda$finalizeAndDestroyPipeline$0(SCMPipelineManager.java:318)
	at org.apache.hadoop.utils.Scheduler.lambda$schedule$1(Scheduler.java:68)
	at java.util.concurrent.Executors$RunnableAdapter.call(Executors.java:511)
	at java.util.concurrent.FutureTask.run(FutureTask.java:266)
	at java.util.concurrent.ScheduledThreadPoolExecutor$ScheduledFutureTask.access$201(ScheduledThreadPoolExecutor.java:180)
	at java.util.concurrent.ScheduledThreadPoolExecutor$ScheduledFutureTask.run(ScheduledThreadPoolExecutor.java:293)
	at java.util.concurrent.ThreadPoolExecutor.runWorker(ThreadPoolExecutor.java:1149)
	at java.util.concurrent.ThreadPoolExecutor$Worker.run(ThreadPoolExecutor.java:624)
	at java.lang.Thread.run(Thread.java:748)
 0.00% |█                                                                                                    |  0/1 Time: 0:03:44 0.00% |█                                                                                                    |  0/1 Time: 0:03:452019-09-17 13:19:43,943 [java.util.concurrent.ThreadPoolExecutor$Worker@70702776[State = -1, empty queue]] WARN  server.GrpcLogAppender (GrpcLogAppender.java:timeoutAppendRequest(200)) - 2de42d1e-45de-4f1c-b9d9-c37b95a80a97@group-B43E45A2ECEA->c5ad2958-1e71-4305-8551-aa22f829f9b0-GrpcLogAppender: appendEntries Timeout, request=2de42d1e-45de-4f1c-b9d9-c37b95a80a97->c5ad2958-1e71-4305-8551-aa22f829f9b0#26-t1, previous=(t:1, i:23), leaderCommit=23, initializing? false, entries: <empty>
2019-09-17 13:19:44,119 [java.util.concurrent.ThreadPoolExecutor$Worker@70702776[State = -1, empty queue]] WARN  server.GrpcLogAppender (GrpcLogAppender.java:timeoutAppendRequest(200)) - 2de42d1e-45de-4f1c-b9d9-c37b95a80a97@group-B43E45A2ECEA->c5ad2958-1e71-4305-8551-aa22f829f9b0-GrpcLogAppender: appendEntries Timeout, request=2de42d1e-45de-4f1c-b9d9-c37b95a80a97->c5ad2958-1e71-4305-8551-aa22f829f9b0#27-t1, previous=(t:1, i:23), leaderCommit=23, initializing? false, entries: size=1, first=(t:1, i:24), STATEMACHINELOGENTRY, client-5692B9027A58, cid=72
2019-09-17 13:19:44,120 [java.util.concurrent.ThreadPoolExecutor$Worker@70702776[State = -1, empty queue]] WARN  server.GrpcLogAppender (GrpcLogAppender.java:timeoutAppendRequest(200)) - 2de42d1e-45de-4f1c-b9d9-c37b95a80a97@group-B43E45A2ECEA->c5ad2958-1e71-4305-8551-aa22f829f9b0-GrpcLogAppender: appendEntries Timeout, request=2de42d1e-45de-4f1c-b9d9-c37b95a80a97->c5ad2958-1e71-4305-8551-aa22f829f9b0#28-t1, previous=(t:1, i:24), leaderCommit=23, initializing? false, entries: size=1, first=(t:1, i:25), STATEMACHINELOGENTRY, client-5692B9027A58, cid=73
2019-09-17 13:19:44,135 [java.util.concurrent.ThreadPoolExecutor$Worker@70702776[State = -1, empty queue]] WARN  server.GrpcLogAppender (GrpcLogAppender.java:timeoutAppendRequest(200)) - 2de42d1e-45de-4f1c-b9d9-c37b95a80a97@group-B43E45A2ECEA->c5ad2958-1e71-4305-8551-aa22f829f9b0-GrpcLogAppender: appendEntries Timeout, request=2de42d1e-45de-4f1c-b9d9-c37b95a80a97->c5ad2958-1e71-4305-8551-aa22f829f9b0#29-t1, previous=(t:1, i:25), leaderCommit=24, initializing? false, entries: size=1, first=(t:1, i:26), METADATAENTRY(c24)
2019-09-17 13:19:44,135 [java.util.concurrent.ThreadPoolExecutor$Worker@70702776[State = -1, empty queue]] WARN  server.GrpcLogAppender (GrpcLogAppender.java:timeoutAppendRequest(200)) - 2de42d1e-45de-4f1c-b9d9-c37b95a80a97@group-B43E45A2ECEA->c5ad2958-1e71-4305-8551-aa22f829f9b0-GrpcLogAppender: appendEntries Timeout, request=2de42d1e-45de-4f1c-b9d9-c37b95a80a97->c5ad2958-1e71-4305-8551-aa22f829f9b0#30-t1, previous=(t:1, i:26), leaderCommit=25, initializing? false, entries: size=1, first=(t:1, i:27), METADATAENTRY(c25)
2019-09-17 13:19:44,148 [java.util.concurrent.ThreadPoolExecutor$Worker@70702776[State = -1, empty queue]] WARN  server.GrpcLogAppender (GrpcLogAppender.java:timeoutAppendRequest(200)) - 2de42d1e-45de-4f1c-b9d9-c37b95a80a97@group-B43E45A2ECEA->c5ad2958-1e71-4305-8551-aa22f829f9b0-GrpcLogAppender: appendEntries Timeout, request=2de42d1e-45de-4f1c-b9d9-c37b95a80a97->c5ad2958-1e71-4305-8551-aa22f829f9b0#31-t1, previous=(t:1, i:27), leaderCommit=26, initializing? false, entries: size=1, first=(t:1, i:28), STATEMACHINELOGENTRY, client-5692B9027A58, cid=74
2019-09-17 13:19:44,149 [java.util.concurrent.ThreadPoolExecutor$Worker@70702776[State = -1, empty queue]] WARN  server.GrpcLogAppender (GrpcLogAppender.java:timeoutAppendRequest(200)) - 2de42d1e-45de-4f1c-b9d9-c37b95a80a97@group-B43E45A2ECEA->c5ad2958-1e71-4305-8551-aa22f829f9b0-GrpcLogAppender: appendEntries Timeout, request=2de42d1e-45de-4f1c-b9d9-c37b95a80a97->c5ad2958-1e71-4305-8551-aa22f829f9b0#32-t1, previous=(t:1, i:28), leaderCommit=26, initializing? false, entries: size=1, first=(t:1, i:29), STATEMACHINELOGENTRY, client-5692B9027A58, cid=75
2019-09-17 13:19:44,166 [java.util.concurrent.ThreadPoolExecutor$Worker@70702776[State = -1, empty queue]] WARN  server.GrpcLogAppender (GrpcLogAppender.java:timeoutAppendRequest(200)) - 2de42d1e-45de-4f1c-b9d9-c37b95a80a97@group-B43E45A2ECEA->c5ad2958-1e71-4305-8551-aa22f829f9b0-GrpcLogAppender: appendEntries Timeout, request=2de42d1e-45de-4f1c-b9d9-c37b95a80a97->c5ad2958-1e71-4305-8551-aa22f829f9b0#33-t1, previous=(t:1, i:29), leaderCommit=29, initializing? false, entries: size=1, first=(t:1, i:30), METADATAENTRY(c28)
2019-09-17 13:19:44,166 [java.util.concurrent.ThreadPoolExecutor$Worker@70702776[State = -1, empty queue]] WARN  server.GrpcLogAppender (GrpcLogAppender.java:timeoutAppendRequest(200)) - 2de42d1e-45de-4f1c-b9d9-c37b95a80a97@group-B43E45A2ECEA->c5ad2958-1e71-4305-8551-aa22f829f9b0-GrpcLogAppender: appendEntries Timeout, request=2de42d1e-45de-4f1c-b9d9-c37b95a80a97->c5ad2958-1e71-4305-8551-aa22f829f9b0#34-t1, previous=(t:1, i:30), leaderCommit=29, initializing? false, entries: size=1, first=(t:1, i:31), METADATAENTRY(c29)
2019-09-17 13:19:44,660 [grpc-default-executor-3] INFO  impl.RaftServerProxy (RaftServerProxy.java:remove(95)) - 2de42d1e-45de-4f1c-b9d9-c37b95a80a97: remove group-36B53022FF4E:null
2019-09-17 13:19:44,666 [RatisPipelineUtilsThread] WARN  pipeline.RatisPipelineUtils (RatisPipelineUtils.java:destroyPipeline(66)) - Pipeline destroy failed for pipeline=PipelineID=b75cb183-17d1-419a-aaf4-36b53022ff4e dn=2de42d1e-45de-4f1c-b9d9-c37b95a80a97{ip: 192.168.5.153, host: pr-hdds-2137-trunk-mnh2s-3748177197, networkLocation: /default-rack, certSerialId: null}
2019-09-17 13:19:44,669 [grpc-default-executor-3] INFO  impl.RaftServerProxy (RaftServerProxy.java:remove(95)) - 6c3c6da7-32c5-4321-a860-cdd0ae39be33: remove group-36B53022FF4E:null
2019-09-17 13:19:44,675 [RatisPipelineUtilsThread] WARN  pipeline.RatisPipelineUtils (RatisPipelineUtils.java:destroyPipeline(66)) - Pipeline destroy failed for pipeline=PipelineID=b75cb183-17d1-419a-aaf4-36b53022ff4e dn=6c3c6da7-32c5-4321-a860-cdd0ae39be33{ip: 192.168.5.153, host: pr-hdds-2137-trunk-mnh2s-3748177197, networkLocation: /default-rack, certSerialId: null}
2019-09-17 13:19:44,678 [grpc-default-executor-3] INFO  impl.RaftServerProxy (RaftServerProxy.java:remove(95)) - c5ad2958-1e71-4305-8551-aa22f829f9b0: remove group-36B53022FF4E:null
2019-09-17 13:19:44,683 [RatisPipelineUtilsThread] WARN  pipeline.RatisPipelineUtils (RatisPipelineUtils.java:destroyPipeline(66)) - Pipeline destroy failed for pipeline=PipelineID=b75cb183-17d1-419a-aaf4-36b53022ff4e dn=c5ad2958-1e71-4305-8551-aa22f829f9b0{ip: 192.168.5.153, host: pr-hdds-2137-trunk-mnh2s-3748177197, networkLocation: /default-rack, certSerialId: null}
2019-09-17 13:19:44,684 [RatisPipelineUtilsThread] ERROR pipeline.SCMPipelineManager (Scheduler.java:lambda$schedule$1(70)) - Destroy pipeline failed for pipeline:Pipeline[ Id: b75cb183-17d1-419a-aaf4-36b53022ff4e, Nodes: 2de42d1e-45de-4f1c-b9d9-c37b95a80a97{ip: 192.168.5.153, host: pr-hdds-2137-trunk-mnh2s-3748177197, networkLocation: /default-rack, certSerialId: null}6c3c6da7-32c5-4321-a860-cdd0ae39be33{ip: 192.168.5.153, host: pr-hdds-2137-trunk-mnh2s-3748177197, networkLocation: /default-rack, certSerialId: null}c5ad2958-1e71-4305-8551-aa22f829f9b0{ip: 192.168.5.153, host: pr-hdds-2137-trunk-mnh2s-3748177197, networkLocation: /default-rack, certSerialId: null}, Type:RATIS, Factor:THREE, State:CLOSED]
org.apache.hadoop.hdds.scm.pipeline.PipelineNotFoundException: PipelineID=b75cb183-17d1-419a-aaf4-36b53022ff4e not found
	at org.apache.hadoop.hdds.scm.pipeline.PipelineStateMap.getPipeline(PipelineStateMap.java:132)
	at org.apache.hadoop.hdds.scm.pipeline.PipelineStateMap.removePipeline(PipelineStateMap.java:322)
	at org.apache.hadoop.hdds.scm.pipeline.PipelineStateManager.removePipeline(PipelineStateManager.java:107)
	at org.apache.hadoop.hdds.scm.pipeline.SCMPipelineManager.removePipeline(SCMPipelineManager.java:423)
	at org.apache.hadoop.hdds.scm.pipeline.SCMPipelineManager.destroyPipeline(SCMPipelineManager.java:409)
	at org.apache.hadoop.hdds.scm.pipeline.SCMPipelineManager.lambda$finalizeAndDestroyPipeline$0(SCMPipelineManager.java:318)
	at org.apache.hadoop.utils.Scheduler.lambda$schedule$1(Scheduler.java:68)
	at java.util.concurrent.Executors$RunnableAdapter.call(Executors.java:511)
	at java.util.concurrent.FutureTask.run(FutureTask.java:266)
	at java.util.concurrent.ScheduledThreadPoolExecutor$ScheduledFutureTask.access$201(ScheduledThreadPoolExecutor.java:180)
	at java.util.concurrent.ScheduledThreadPoolExecutor$ScheduledFutureTask.run(ScheduledThreadPoolExecutor.java:293)
	at java.util.concurrent.ThreadPoolExecutor.runWorker(ThreadPoolExecutor.java:1149)
	at java.util.concurrent.ThreadPoolExecutor$Worker.run(ThreadPoolExecutor.java:624)
	at java.lang.Thread.run(Thread.java:748)
 0.00% |█                                                                                                    |  0/1 Time: 0:03:462019-09-17 13:19:45,779 [c5ad2958-1e71-4305-8551-aa22f829f9b0@group-B43E45A2ECEA-SegmentedRaftLogWorker] WARN  segmented.SegmentedRaftLogWorker (SegmentedRaftLogWorker.java:getFromFuture(90)) - Timeout 0/~
org.apache.ratis.protocol.TimeoutIOException: Timeout 10s: WriteLog:17: (t:1, i:17), STATEMACHINELOGENTRY, client-5692B9027A58, cid=60-writeStateMachineData
	at org.apache.ratis.util.IOUtils.getFromFuture(IOUtils.java:87)
	at org.apache.ratis.server.raftlog.segmented.SegmentedRaftLogWorker$StateMachineDataPolicy.getFromFuture(SegmentedRaftLogWorker.java:87)
	at org.apache.ratis.server.raftlog.segmented.SegmentedRaftLogWorker$WriteLog.execute(SegmentedRaftLogWorker.java:477)
	at org.apache.ratis.server.raftlog.segmented.SegmentedRaftLogWorker.run(SegmentedRaftLogWorker.java:289)
	at java.lang.Thread.run(Thread.java:748)
Caused by: java.util.concurrent.TimeoutException
	at java.util.concurrent.CompletableFuture.timedGet(CompletableFuture.java:1771)
	at java.util.concurrent.CompletableFuture.get(CompletableFuture.java:1915)
	at org.apache.ratis.util.IOUtils.getFromFuture(IOUtils.java:79)
	... 4 more
 0.00% |█                                                                                                    |  0/1 Time: 0:03:472019-09-17 13:19:46,169 [pool-73-thread-3] WARN  scm.XceiverClientRatis (XceiverClientRatis.java:watchForCommit(262)) - 3 way commit failed on pipeline Pipeline[ Id: eaf66fd7-7166-4ab2-93ce-b43e45a2ecea, Nodes: 2de42d1e-45de-4f1c-b9d9-c37b95a80a97{ip: 192.168.5.153, host: pr-hdds-2137-trunk-mnh2s-3748177197, networkLocation: /default-rack, certSerialId: null}6c3c6da7-32c5-4321-a860-cdd0ae39be33{ip: 192.168.5.153, host: pr-hdds-2137-trunk-mnh2s-3748177197, networkLocation: /default-rack, certSerialId: null}c5ad2958-1e71-4305-8551-aa22f829f9b0{ip: 192.168.5.153, host: pr-hdds-2137-trunk-mnh2s-3748177197, networkLocation: /default-rack, certSerialId: null}, Type:RATIS, Factor:THREE, State:OPEN]
java.util.concurrent.TimeoutException
	at java.util.concurrent.CompletableFuture.timedGet(CompletableFuture.java:1771)
	at java.util.concurrent.CompletableFuture.get(CompletableFuture.java:1915)
	at org.apache.hadoop.hdds.scm.XceiverClientRatis.watchForCommit(XceiverClientRatis.java:259)
	at org.apache.hadoop.hdds.scm.storage.CommitWatcher.watchForCommit(CommitWatcher.java:194)
	at org.apache.hadoop.hdds.scm.storage.CommitWatcher.watchOnLastIndex(CommitWatcher.java:157)
	at org.apache.hadoop.hdds.scm.storage.BlockOutputStream.watchForCommit(BlockOutputStream.java:347)
	at org.apache.hadoop.hdds.scm.storage.BlockOutputStream.handleFlush(BlockOutputStream.java:479)
	at org.apache.hadoop.hdds.scm.storage.BlockOutputStream.close(BlockOutputStream.java:493)
	at org.apache.hadoop.ozone.client.io.BlockOutputStreamEntry.close(BlockOutputStreamEntry.java:143)
	at org.apache.hadoop.ozone.client.io.KeyOutputStream.handleFlushOrClose(KeyOutputStream.java:438)
	at org.apache.hadoop.ozone.client.io.KeyOutputStream.handleWrite(KeyOutputStream.java:235)
	at org.apache.hadoop.ozone.client.io.KeyOutputStream.write(KeyOutputStream.java:193)
	at org.apache.hadoop.ozone.client.io.OzoneOutputStream.write(OzoneOutputStream.java:49)
	at org.apache.hadoop.ozone.freon.RandomKeyGenerator.createKey(RandomKeyGenerator.java:708)
	at org.apache.hadoop.ozone.freon.RandomKeyGenerator.access$1100(RandomKeyGenerator.java:88)
	at org.apache.hadoop.ozone.freon.RandomKeyGenerator$ObjectCreator.run(RandomKeyGenerator.java:615)
	at java.util.concurrent.Executors$RunnableAdapter.call(Executors.java:511)
	at java.util.concurrent.FutureTask.run(FutureTask.java:266)
	at java.util.concurrent.ThreadPoolExecutor.runWorker(ThreadPoolExecutor.java:1149)
	at java.util.concurrent.ThreadPoolExecutor$Worker.run(ThreadPoolExecutor.java:624)
	at java.lang.Thread.run(Thread.java:748)
2019-09-17 13:19:46,171 [grpc-default-executor-3] INFO  client.GrpcClientProtocolClient (GrpcClientProtocolClient.java:onNext(264)) - client-5692B9027A58->2de42d1e-45de-4f1c-b9d9-c37b95a80a97: receive RaftClientReply:client-5692B9027A58->2de42d1e-45de-4f1c-b9d9-c37b95a80a97@group-B43E45A2ECEA, cid=83, SUCCESS, logIndex=0, commits[2de42d1e-45de-4f1c-b9d9-c37b95a80a97:c31, 6c3c6da7-32c5-4321-a860-cdd0ae39be33:c31, c5ad2958-1e71-4305-8551-aa22f829f9b0:c12]
2019-09-17 13:19:46,172 [pool-73-thread-3] INFO  scm.XceiverClientRatis (XceiverClientRatis.java:lambda$watchForCommit$7(280)) - Could not commit index 29 on pipeline Pipeline[ Id: eaf66fd7-7166-4ab2-93ce-b43e45a2ecea, Nodes: 2de42d1e-45de-4f1c-b9d9-c37b95a80a97{ip: 192.168.5.153, host: pr-hdds-2137-trunk-mnh2s-3748177197, networkLocation: /default-rack, certSerialId: null}6c3c6da7-32c5-4321-a860-cdd0ae39be33{ip: 192.168.5.153, host: pr-hdds-2137-trunk-mnh2s-3748177197, networkLocation: /default-rack, certSerialId: null}c5ad2958-1e71-4305-8551-aa22f829f9b0{ip: 192.168.5.153, host: pr-hdds-2137-trunk-mnh2s-3748177197, networkLocation: /default-rack, certSerialId: null}, Type:RATIS, Factor:THREE, State:OPEN] to all the nodes. Server c5ad2958-1e71-4305-8551-aa22f829f9b0 has failed. Committed by majority.
2019-09-17 13:19:46,172 [pool-73-thread-3] WARN  storage.BlockOutputStream (BlockOutputStream.java:watchForCommit(353)) - Failed to commit BlockId conID: 5 locID: 102808051761545223 bcsId: 29 on Pipeline[ Id: eaf66fd7-7166-4ab2-93ce-b43e45a2ecea, Nodes: 2de42d1e-45de-4f1c-b9d9-c37b95a80a97{ip: 192.168.5.153, host: pr-hdds-2137-trunk-mnh2s-3748177197, networkLocation: /default-rack, certSerialId: null}6c3c6da7-32c5-4321-a860-cdd0ae39be33{ip: 192.168.5.153, host: pr-hdds-2137-trunk-mnh2s-3748177197, networkLocation: /default-rack, certSerialId: null}c5ad2958-1e71-4305-8551-aa22f829f9b0{ip: 192.168.5.153, host: pr-hdds-2137-trunk-mnh2s-3748177197, networkLocation: /default-rack, certSerialId: null}, Type:RATIS, Factor:THREE, State:OPEN]. Failed nodes: [c5ad2958-1e71-4305-8551-aa22f829f9b0{ip: null, host: null, networkLocation: /default-rack, certSerialId: null}]
2019-09-17 13:19:46,199 [IPC Server handler 0 on 45946] WARN  block.BlockManagerImpl (BlockManagerImpl.java:allocateBlock(192)) - Pipeline creation failed for type:RATIS factor:THREE. Retrying get pipelines call once.
org.apache.hadoop.hdds.scm.pipeline.InsufficientDatanodesException: Cannot create pipeline of factor 3 using 2 nodes.
	at org.apache.hadoop.hdds.scm.pipeline.RatisPipelineProvider.create(RatisPipelineProvider.java:152)
	at org.apache.hadoop.hdds.scm.pipeline.PipelineFactory.create(PipelineFactory.java:57)
	at org.apache.hadoop.hdds.scm.pipeline.SCMPipelineManager.createPipeline(SCMPipelineManager.java:151)
	at org.apache.hadoop.hdds.scm.block.BlockManagerImpl.allocateBlock(BlockManagerImpl.java:190)
	at org.apache.hadoop.hdds.scm.server.SCMBlockProtocolServer.allocateBlock(SCMBlockProtocolServer.java:182)
	at org.apache.hadoop.ozone.protocolPB.ScmBlockLocationProtocolServerSideTranslatorPB.allocateScmBlock(ScmBlockLocationProtocolServerSideTranslatorPB.java:183)
	at org.apache.hadoop.ozone.protocolPB.ScmBlockLocationProtocolServerSideTranslatorPB.processMessage(ScmBlockLocationProtocolServerSideTranslatorPB.java:141)
	at org.apache.hadoop.ozone.protocolPB.ScmBlockLocationProtocolServerSideTranslatorPB.send(ScmBlockLocationProtocolServerSideTranslatorPB.java:116)
	at org.apache.hadoop.hdds.protocol.proto.ScmBlockLocationProtocolProtos$ScmBlockLocationProtocolService$2.callBlockingMethod(ScmBlockLocationProtocolProtos.java:13157)
	at org.apache.hadoop.ipc.ProtobufRpcEngine$Server$ProtoBufRpcInvoker.call(ProtobufRpcEngine.java:524)
	at org.apache.hadoop.ipc.RPC$Server.call(RPC.java:1025)
	at org.apache.hadoop.ipc.Server$RpcCall.run(Server.java:876)
	at org.apache.hadoop.ipc.Server$RpcCall.run(Server.java:822)
	at java.security.AccessController.doPrivileged(Native Method)
	at javax.security.auth.Subject.doAs(Subject.java:422)
	at org.apache.hadoop.security.UserGroupInformation.doAs(UserGroupInformation.java:1730)
	at org.apache.hadoop.ipc.Server$Handler.run(Server.java:2682)
2019-09-17 13:19:46,200 [IPC Server handler 0 on 45946] INFO  block.BlockManagerImpl (BlockManagerImpl.java:allocateBlock(198)) - Could not find available pipeline of type:RATIS and factor:THREE even after retrying
2019-09-17 13:19:46,200 [IPC Server handler 0 on 45946] ERROR block.BlockManagerImpl (BlockManagerImpl.java:allocateBlock(222)) - Unable to allocate a block for the size: 4194304, type: RATIS, factor: THREE
2019-09-17 13:19:46,204 [pool-73-thread-3] ERROR io.BlockOutputStreamEntryPool (BlockOutputStreamEntryPool.java:allocateBlockIfNeeded(299)) - Try to allocate more blocks for write failed, already allocated 0 blocks for this write.
INTERNAL_ERROR org.apache.hadoop.ozone.om.exceptions.OMException: Allocated 0 blocks. Requested 1 blocks
	at org.apache.hadoop.ozone.om.protocolPB.OzoneManagerProtocolClientSideTranslatorPB.handleError(OzoneManagerProtocolClientSideTranslatorPB.java:726)
	at org.apache.hadoop.ozone.om.protocolPB.OzoneManagerProtocolClientSideTranslatorPB.allocateBlock(OzoneManagerProtocolClientSideTranslatorPB.java:758)
	at sun.reflect.NativeMethodAccessorImpl.invoke0(Native Method)
	at sun.reflect.NativeMethodAccessorImpl.invoke(NativeMethodAccessorImpl.java:62)
	at sun.reflect.DelegatingMethodAccessorImpl.invoke(DelegatingMethodAccessorImpl.java:43)
	at java.lang.reflect.Method.invoke(Method.java:498)
	at org.apache.hadoop.hdds.tracing.TraceAllMethod.invoke(TraceAllMethod.java:66)
	at com.sun.proxy.$Proxy37.allocateBlock(Unknown Source)
	at org.apache.hadoop.ozone.client.io.BlockOutputStreamEntryPool.allocateNewBlock(BlockOutputStreamEntryPool.java:248)
	at org.apache.hadoop.ozone.client.io.BlockOutputStreamEntryPool.allocateBlockIfNeeded(BlockOutputStreamEntryPool.java:296)
	at org.apache.hadoop.ozone.client.io.KeyOutputStream.handleWrite(KeyOutputStream.java:201)
	at org.apache.hadoop.ozone.client.io.KeyOutputStream.write(KeyOutputStream.java:193)
	at org.apache.hadoop.ozone.client.io.OzoneOutputStream.write(OzoneOutputStream.java:49)
	at org.apache.hadoop.ozone.freon.RandomKeyGenerator.createKey(RandomKeyGenerator.java:708)
	at org.apache.hadoop.ozone.freon.RandomKeyGenerator.access$1100(RandomKeyGenerator.java:88)
	at org.apache.hadoop.ozone.freon.RandomKeyGenerator$ObjectCreator.run(RandomKeyGenerator.java:615)
	at java.util.concurrent.Executors$RunnableAdapter.call(Executors.java:511)
	at java.util.concurrent.FutureTask.run(FutureTask.java:266)
	at java.util.concurrent.ThreadPoolExecutor.runWorker(ThreadPoolExecutor.java:1149)
	at java.util.concurrent.ThreadPoolExecutor$Worker.run(ThreadPoolExecutor.java:624)
	at java.lang.Thread.run(Thread.java:748)
2019-09-17 13:19:46,205 [pool-73-thread-3] ERROR freon.RandomKeyGenerator (RandomKeyGenerator.java:createKey(733)) - Exception while adding key: key-0-23652 in bucket: bucket-0-34671 of volume: vol-0-34383.
INTERNAL_ERROR org.apache.hadoop.ozone.om.exceptions.OMException: Allocated 0 blocks. Requested 1 blocks
	at org.apache.hadoop.ozone.om.protocolPB.OzoneManagerProtocolClientSideTranslatorPB.handleError(OzoneManagerProtocolClientSideTranslatorPB.java:726)
	at org.apache.hadoop.ozone.om.protocolPB.OzoneManagerProtocolClientSideTranslatorPB.allocateBlock(OzoneManagerProtocolClientSideTranslatorPB.java:758)
	at sun.reflect.NativeMethodAccessorImpl.invoke0(Native Method)
	at sun.reflect.NativeMethodAccessorImpl.invoke(NativeMethodAccessorImpl.java:62)
	at sun.reflect.DelegatingMethodAccessorImpl.invoke(DelegatingMethodAccessorImpl.java:43)
	at java.lang.reflect.Method.invoke(Method.java:498)
	at org.apache.hadoop.hdds.tracing.TraceAllMethod.invoke(TraceAllMethod.java:66)
	at com.sun.proxy.$Proxy37.allocateBlock(Unknown Source)
	at org.apache.hadoop.ozone.client.io.BlockOutputStreamEntryPool.allocateNewBlock(BlockOutputStreamEntryPool.java:248)
	at org.apache.hadoop.ozone.client.io.BlockOutputStreamEntryPool.allocateBlockIfNeeded(BlockOutputStreamEntryPool.java:296)
	at org.apache.hadoop.ozone.client.io.KeyOutputStream.handleWrite(KeyOutputStream.java:201)
	at org.apache.hadoop.ozone.client.io.KeyOutputStream.write(KeyOutputStream.java:193)
	at org.apache.hadoop.ozone.client.io.OzoneOutputStream.write(OzoneOutputStream.java:49)
	at org.apache.hadoop.ozone.freon.RandomKeyGenerator.createKey(RandomKeyGenerator.java:708)
	at org.apache.hadoop.ozone.freon.RandomKeyGenerator.access$1100(RandomKeyGenerator.java:88)
	at org.apache.hadoop.ozone.freon.RandomKeyGenerator$ObjectCreator.run(RandomKeyGenerator.java:615)
	at java.util.concurrent.Executors$RunnableAdapter.call(Executors.java:511)
	at java.util.concurrent.FutureTask.run(FutureTask.java:266)
	at java.util.concurrent.ThreadPoolExecutor.runWorker(ThreadPoolExecutor.java:1149)
	at java.util.concurrent.ThreadPoolExecutor$Worker.run(ThreadPoolExecutor.java:624)
	at java.lang.Thread.run(Thread.java:748)
2019-09-17 13:19:46,667 [java.util.concurrent.ThreadPoolExecutor$Worker@70702776[State = -1, empty queue]] WARN  server.GrpcLogAppender (GrpcLogAppender.java:timeoutAppendRequest(200)) - 2de42d1e-45de-4f1c-b9d9-c37b95a80a97@group-B43E45A2ECEA->c5ad2958-1e71-4305-8551-aa22f829f9b0-GrpcLogAppender: appendEntries Timeout, request=2de42d1e-45de-4f1c-b9d9-c37b95a80a97->c5ad2958-1e71-4305-8551-aa22f829f9b0#35-t1, previous=(t:1, i:31), leaderCommit=31, initializing? false, entries: <empty>
 0.00% |█                                                                                                    |  0/1 Time: 0:03:482019-09-17 13:19:46,857 [Thread-862] INFO  client.GrpcClientProtocolService (GrpcClientProtocolService.java:lambda$processClientRequest$0(278)) - Failed RaftClientRequest:client-5692B9027A58->2de42d1e-45de-4f1c-b9d9-c37b95a80a97@group-B43E45A2ECEA, cid=64, seq=0, Watch-ALL_COMMITTED(18), Message:<EMPTY>, reply=RaftClientReply:client-5692B9027A58->2de42d1e-45de-4f1c-b9d9-c37b95a80a97@group-B43E45A2ECEA, cid=64, FAILED org.apache.ratis.protocol.NotReplicatedException: Request with call Id 64 and log index 18 is not yet replicated to ALL_COMMITTED, logIndex=18, commits[2de42d1e-45de-4f1c-b9d9-c37b95a80a97:c31, 6c3c6da7-32c5-4321-a860-cdd0ae39be33:c31, c5ad2958-1e71-4305-8551-aa22f829f9b0:c12]
2019-09-17 13:19:46,864 [grpc-default-executor-3] INFO  client.GrpcClientProtocolClient (GrpcClientProtocolClient.java:onNext(264)) - client-5692B9027A58->2de42d1e-45de-4f1c-b9d9-c37b95a80a97: receive RaftClientReply:client-5692B9027A58->2de42d1e-45de-4f1c-b9d9-c37b95a80a97@group-B43E45A2ECEA, cid=64, FAILED org.apache.ratis.protocol.NotReplicatedException: Request with call Id 64 and log index 18 is not yet replicated to ALL_COMMITTED, logIndex=18, commits[2de42d1e-45de-4f1c-b9d9-c37b95a80a97:c31, 6c3c6da7-32c5-4321-a860-cdd0ae39be33:c31, c5ad2958-1e71-4305-8551-aa22f829f9b0:c12]
2019-09-17 13:19:47,660 [grpc-default-executor-3] INFO  impl.RaftServerProxy (RaftServerProxy.java:remove(95)) - 2de42d1e-45de-4f1c-b9d9-c37b95a80a97: remove group-36B53022FF4E:null
2019-09-17 13:19:47,665 [RatisPipelineUtilsThread] WARN  pipeline.RatisPipelineUtils (RatisPipelineUtils.java:destroyPipeline(66)) - Pipeline destroy failed for pipeline=PipelineID=b75cb183-17d1-419a-aaf4-36b53022ff4e dn=2de42d1e-45de-4f1c-b9d9-c37b95a80a97{ip: 192.168.5.153, host: pr-hdds-2137-trunk-mnh2s-3748177197, networkLocation: /default-rack, certSerialId: null}
2019-09-17 13:19:47,668 [grpc-default-executor-3] INFO  impl.RaftServerProxy (RaftServerProxy.java:remove(95)) - 6c3c6da7-32c5-4321-a860-cdd0ae39be33: remove group-36B53022FF4E:null
2019-09-17 13:19:47,673 [RatisPipelineUtilsThread] WARN  pipeline.RatisPipelineUtils (RatisPipelineUtils.java:destroyPipeline(66)) - Pipeline destroy failed for pipeline=PipelineID=b75cb183-17d1-419a-aaf4-36b53022ff4e dn=6c3c6da7-32c5-4321-a860-cdd0ae39be33{ip: 192.168.5.153, host: pr-hdds-2137-trunk-mnh2s-3748177197, networkLocation: /default-rack, certSerialId: null}
2019-09-17 13:19:47,676 [grpc-default-executor-3] INFO  impl.RaftServerProxy (RaftServerProxy.java:remove(95)) - c5ad2958-1e71-4305-8551-aa22f829f9b0: remove group-36B53022FF4E:null
2019-09-17 13:19:47,680 [RatisPipelineUtilsThread] WARN  pipeline.RatisPipelineUtils (RatisPipelineUtils.java:destroyPipeline(66)) - Pipeline destroy failed for pipeline=PipelineID=b75cb183-17d1-419a-aaf4-36b53022ff4e dn=c5ad2958-1e71-4305-8551-aa22f829f9b0{ip: 192.168.5.153, host: pr-hdds-2137-trunk-mnh2s-3748177197, networkLocation: /default-rack, certSerialId: null}
2019-09-17 13:19:47,681 [RatisPipelineUtilsThread] ERROR pipeline.SCMPipelineManager (Scheduler.java:lambda$schedule$1(70)) - Destroy pipeline failed for pipeline:Pipeline[ Id: b75cb183-17d1-419a-aaf4-36b53022ff4e, Nodes: 2de42d1e-45de-4f1c-b9d9-c37b95a80a97{ip: 192.168.5.153, host: pr-hdds-2137-trunk-mnh2s-3748177197, networkLocation: /default-rack, certSerialId: null}6c3c6da7-32c5-4321-a860-cdd0ae39be33{ip: 192.168.5.153, host: pr-hdds-2137-trunk-mnh2s-3748177197, networkLocation: /default-rack, certSerialId: null}c5ad2958-1e71-4305-8551-aa22f829f9b0{ip: 192.168.5.153, host: pr-hdds-2137-trunk-mnh2s-3748177197, networkLocation: /default-rack, certSerialId: null}, Type:RATIS, Factor:THREE, State:CLOSED]
org.apache.hadoop.hdds.scm.pipeline.PipelineNotFoundException: PipelineID=b75cb183-17d1-419a-aaf4-36b53022ff4e not found
	at org.apache.hadoop.hdds.scm.pipeline.PipelineStateMap.getPipeline(PipelineStateMap.java:132)
	at org.apache.hadoop.hdds.scm.pipeline.PipelineStateMap.removePipeline(PipelineStateMap.java:322)
	at org.apache.hadoop.hdds.scm.pipeline.PipelineStateManager.removePipeline(PipelineStateManager.java:107)
	at org.apache.hadoop.hdds.scm.pipeline.SCMPipelineManager.removePipeline(SCMPipelineManager.java:423)
	at org.apache.hadoop.hdds.scm.pipeline.SCMPipelineManager.destroyPipeline(SCMPipelineManager.java:409)
	at org.apache.hadoop.hdds.scm.pipeline.SCMPipelineManager.lambda$finalizeAndDestroyPipeline$0(SCMPipelineManager.java:318)
	at org.apache.hadoop.utils.Scheduler.lambda$schedule$1(Scheduler.java:68)
	at java.util.concurrent.Executors$RunnableAdapter.call(Executors.java:511)
	at java.util.concurrent.FutureTask.run(FutureTask.java:266)
	at java.util.concurrent.ScheduledThreadPoolExecutor$ScheduledFutureTask.access$201(ScheduledThreadPoolExecutor.java:180)
	at java.util.concurrent.ScheduledThreadPoolExecutor$ScheduledFutureTask.run(ScheduledThreadPoolExecutor.java:293)
	at java.util.concurrent.ThreadPoolExecutor.runWorker(ThreadPoolExecutor.java:1149)
	at java.util.concurrent.ThreadPoolExecutor$Worker.run(ThreadPoolExecutor.java:624)
	at java.lang.Thread.run(Thread.java:748)
 0.00% |█                                                                                                    |  0/1 Time: 0:03:49 100.00% |█████████████████████████████████████████████████████████████████████████████████████████████████████|  1/1 Time: 0:03:50
2019-09-17 13:19:49,167 [java.util.concurrent.ThreadPoolExecutor$Worker@70702776[State = -1, empty queue]] WARN  server.GrpcLogAppender (GrpcLogAppender.java:timeoutAppendRequest(200)) - 2de42d1e-45de-4f1c-b9d9-c37b95a80a97@group-B43E45A2ECEA->c5ad2958-1e71-4305-8551-aa22f829f9b0-GrpcLogAppender: appendEntries Timeout, request=2de42d1e-45de-4f1c-b9d9-c37b95a80a97->c5ad2958-1e71-4305-8551-aa22f829f9b0#36-t1, previous=(t:1, i:31), leaderCommit=31, initializing? false, entries: <empty>
2019-09-17 13:19:49,660 [grpc-default-executor-3] INFO  impl.RaftServerProxy (RaftServerProxy.java:remove(95)) - 2de42d1e-45de-4f1c-b9d9-c37b95a80a97: remove group-36B53022FF4E:null
2019-09-17 13:19:49,665 [RatisPipelineUtilsThread] WARN  pipeline.RatisPipelineUtils (RatisPipelineUtils.java:destroyPipeline(66)) - Pipeline destroy failed for pipeline=PipelineID=b75cb183-17d1-419a-aaf4-36b53022ff4e dn=2de42d1e-45de-4f1c-b9d9-c37b95a80a97{ip: 192.168.5.153, host: pr-hdds-2137-trunk-mnh2s-3748177197, networkLocation: /default-rack, certSerialId: null}
2019-09-17 13:19:49,668 [grpc-default-executor-3] INFO  impl.RaftServerProxy (RaftServerProxy.java:remove(95)) - 6c3c6da7-32c5-4321-a860-cdd0ae39be33: remove group-36B53022FF4E:null
2019-09-17 13:19:49,673 [RatisPipelineUtilsThread] WARN  pipeline.RatisPipelineUtils (RatisPipelineUtils.java:destroyPipeline(66)) - Pipeline destroy failed for pipeline=PipelineID=b75cb183-17d1-419a-aaf4-36b53022ff4e dn=6c3c6da7-32c5-4321-a860-cdd0ae39be33{ip: 192.168.5.153, host: pr-hdds-2137-trunk-mnh2s-3748177197, networkLocation: /default-rack, certSerialId: null}
2019-09-17 13:19:49,676 [grpc-default-executor-3] INFO  impl.RaftServerProxy (RaftServerProxy.java:remove(95)) - c5ad2958-1e71-4305-8551-aa22f829f9b0: remove group-36B53022FF4E:null
2019-09-17 13:19:49,681 [RatisPipelineUtilsThread] WARN  pipeline.RatisPipelineUtils (RatisPipelineUtils.java:destroyPipeline(66)) - Pipeline destroy failed for pipeline=PipelineID=b75cb183-17d1-419a-aaf4-36b53022ff4e dn=c5ad2958-1e71-4305-8551-aa22f829f9b0{ip: 192.168.5.153, host: pr-hdds-2137-trunk-mnh2s-3748177197, networkLocation: /default-rack, certSerialId: null}
2019-09-17 13:19:49,682 [RatisPipelineUtilsThread] ERROR pipeline.SCMPipelineManager (Scheduler.java:lambda$schedule$1(70)) - Destroy pipeline failed for pipeline:Pipeline[ Id: b75cb183-17d1-419a-aaf4-36b53022ff4e, Nodes: 2de42d1e-45de-4f1c-b9d9-c37b95a80a97{ip: 192.168.5.153, host: pr-hdds-2137-trunk-mnh2s-3748177197, networkLocation: /default-rack, certSerialId: null}6c3c6da7-32c5-4321-a860-cdd0ae39be33{ip: 192.168.5.153, host: pr-hdds-2137-trunk-mnh2s-3748177197, networkLocation: /default-rack, certSerialId: null}c5ad2958-1e71-4305-8551-aa22f829f9b0{ip: 192.168.5.153, host: pr-hdds-2137-trunk-mnh2s-3748177197, networkLocation: /default-rack, certSerialId: null}, Type:RATIS, Factor:THREE, State:CLOSED]
org.apache.hadoop.hdds.scm.pipeline.PipelineNotFoundException: PipelineID=b75cb183-17d1-419a-aaf4-36b53022ff4e not found
	at org.apache.hadoop.hdds.scm.pipeline.PipelineStateMap.getPipeline(PipelineStateMap.java:132)
	at org.apache.hadoop.hdds.scm.pipeline.PipelineStateMap.removePipeline(PipelineStateMap.java:322)
	at org.apache.hadoop.hdds.scm.pipeline.PipelineStateManager.removePipeline(PipelineStateManager.java:107)
	at org.apache.hadoop.hdds.scm.pipeline.SCMPipelineManager.removePipeline(SCMPipelineManager.java:423)
	at org.apache.hadoop.hdds.scm.pipeline.SCMPipelineManager.destroyPipeline(SCMPipelineManager.java:409)
	at org.apache.hadoop.hdds.scm.pipeline.SCMPipelineManager.lambda$finalizeAndDestroyPipeline$0(SCMPipelineManager.java:318)
	at org.apache.hadoop.utils.Scheduler.lambda$schedule$1(Scheduler.java:68)
	at java.util.concurrent.Executors$RunnableAdapter.call(Executors.java:511)
	at java.util.concurrent.FutureTask.run(FutureTask.java:266)
	at java.util.concurrent.ScheduledThreadPoolExecutor$ScheduledFutureTask.access$201(ScheduledThreadPoolExecutor.java:180)
	at java.util.concurrent.ScheduledThreadPoolExecutor$ScheduledFutureTask.run(ScheduledThreadPoolExecutor.java:293)
	at java.util.concurrent.ThreadPoolExecutor.runWorker(ThreadPoolExecutor.java:1149)
	at java.util.concurrent.ThreadPoolExecutor$Worker.run(ThreadPoolExecutor.java:624)
	at java.lang.Thread.run(Thread.java:748)
2019-09-17 13:19:50,857 [Thread-873] INFO  client.GrpcClientProtocolService (GrpcClientProtocolService.java:lambda$processClientRequest$0(278)) - Failed RaftClientRequest:client-5692B9027A58->2de42d1e-45de-4f1c-b9d9-c37b95a80a97@group-B43E45A2ECEA, cid=64, seq=0, Watch-ALL_COMMITTED(18), Message:<EMPTY>, reply=RaftClientReply:client-5692B9027A58->2de42d1e-45de-4f1c-b9d9-c37b95a80a97@group-B43E45A2ECEA, cid=64, FAILED org.apache.ratis.protocol.NotReplicatedException: Request with call Id 64 and log index 18 is not yet replicated to ALL_COMMITTED, logIndex=18, commits[2de42d1e-45de-4f1c-b9d9-c37b95a80a97:c31, 6c3c6da7-32c5-4321-a860-cdd0ae39be33:c31, c5ad2958-1e71-4305-8551-aa22f829f9b0:c12]
2019-09-17 13:19:50,861 [grpc-default-executor-3] INFO  client.GrpcClientProtocolClient (GrpcClientProtocolClient.java:onNext(264)) - client-5692B9027A58->2de42d1e-45de-4f1c-b9d9-c37b95a80a97: receive RaftClientReply:client-5692B9027A58->2de42d1e-45de-4f1c-b9d9-c37b95a80a97@group-B43E45A2ECEA, cid=64, FAILED org.apache.ratis.protocol.NotReplicatedException: Request with call Id 64 and log index 18 is not yet replicated to ALL_COMMITTED, logIndex=18, commits[2de42d1e-45de-4f1c-b9d9-c37b95a80a97:c31, 6c3c6da7-32c5-4321-a860-cdd0ae39be33:c31, c5ad2958-1e71-4305-8551-aa22f829f9b0:c12]
2019-09-17 13:19:51,668 [java.util.concurrent.ThreadPoolExecutor$Worker@70702776[State = -1, empty queue]] WARN  server.GrpcLogAppender (GrpcLogAppender.java:timeoutAppendRequest(200)) - 2de42d1e-45de-4f1c-b9d9-c37b95a80a97@group-B43E45A2ECEA->c5ad2958-1e71-4305-8551-aa22f829f9b0-GrpcLogAppender: appendEntries Timeout, request=2de42d1e-45de-4f1c-b9d9-c37b95a80a97->c5ad2958-1e71-4305-8551-aa22f829f9b0#37-t1, previous=(t:1, i:31), leaderCommit=31, initializing? false, entries: <empty>
2019-09-17 13:19:51,856 [Thread-876] INFO  client.GrpcClientProtocolService (GrpcClientProtocolService.java:lambda$processClientRequest$0(278)) - Failed RaftClientRequest:client-5692B9027A58->2de42d1e-45de-4f1c-b9d9-c37b95a80a97@group-B43E45A2ECEA, cid=76, seq=0, Watch-ALL_COMMITTED(29), Message:<EMPTY>, reply=RaftClientReply:client-5692B9027A58->2de42d1e-45de-4f1c-b9d9-c37b95a80a97@group-B43E45A2ECEA, cid=76, FAILED org.apache.ratis.protocol.NotReplicatedException: Request with call Id 76 and log index 29 is not yet replicated to ALL_COMMITTED, logIndex=29, commits[2de42d1e-45de-4f1c-b9d9-c37b95a80a97:c31, 6c3c6da7-32c5-4321-a860-cdd0ae39be33:c31, c5ad2958-1e71-4305-8551-aa22f829f9b0:c12]
2019-09-17 13:19:51,858 [grpc-default-executor-3] INFO  client.GrpcClientProtocolClient (GrpcClientProtocolClient.java:onNext(264)) - client-5692B9027A58->2de42d1e-45de-4f1c-b9d9-c37b95a80a97: receive RaftClientReply:client-5692B9027A58->2de42d1e-45de-4f1c-b9d9-c37b95a80a97@group-B43E45A2ECEA, cid=76, FAILED org.apache.ratis.protocol.NotReplicatedException: Request with call Id 76 and log index 29 is not yet replicated to ALL_COMMITTED, logIndex=29, commits[2de42d1e-45de-4f1c-b9d9-c37b95a80a97:c31, 6c3c6da7-32c5-4321-a860-cdd0ae39be33:c31, c5ad2958-1e71-4305-8551-aa22f829f9b0:c12]
2019-09-17 13:19:52,663 [grpc-default-executor-3] INFO  impl.RaftServerProxy (RaftServerProxy.java:remove(95)) - 2de42d1e-45de-4f1c-b9d9-c37b95a80a97: remove group-36B53022FF4E:null
2019-09-17 13:19:52,673 [RatisPipelineUtilsThread] WARN  pipeline.RatisPipelineUtils (RatisPipelineUtils.java:destroyPipeline(66)) - Pipeline destroy failed for pipeline=PipelineID=b75cb183-17d1-419a-aaf4-36b53022ff4e dn=2de42d1e-45de-4f1c-b9d9-c37b95a80a97{ip: 192.168.5.153, host: pr-hdds-2137-trunk-mnh2s-3748177197, networkLocation: /default-rack, certSerialId: null}
2019-09-17 13:19:52,677 [grpc-default-executor-3] INFO  impl.RaftServerProxy (RaftServerProxy.java:remove(95)) - 6c3c6da7-32c5-4321-a860-cdd0ae39be33: remove group-36B53022FF4E:null
2019-09-17 13:19:52,684 [RatisPipelineUtilsThread] WARN  pipeline.RatisPipelineUtils (RatisPipelineUtils.java:destroyPipeline(66)) - Pipeline destroy failed for pipeline=PipelineID=b75cb183-17d1-419a-aaf4-36b53022ff4e dn=6c3c6da7-32c5-4321-a860-cdd0ae39be33{ip: 192.168.5.153, host: pr-hdds-2137-trunk-mnh2s-3748177197, networkLocation: /default-rack, certSerialId: null}
2019-09-17 13:19:52,687 [grpc-default-executor-3] INFO  impl.RaftServerProxy (RaftServerProxy.java:remove(95)) - c5ad2958-1e71-4305-8551-aa22f829f9b0: remove group-36B53022FF4E:null
2019-09-17 13:19:52,693 [RatisPipelineUtilsThread] WARN  pipeline.RatisPipelineUtils (RatisPipelineUtils.java:destroyPipeline(66)) - Pipeline destroy failed for pipeline=PipelineID=b75cb183-17d1-419a-aaf4-36b53022ff4e dn=c5ad2958-1e71-4305-8551-aa22f829f9b0{ip: 192.168.5.153, host: pr-hdds-2137-trunk-mnh2s-3748177197, networkLocation: /default-rack, certSerialId: null}
2019-09-17 13:19:52,693 [RatisPipelineUtilsThread] ERROR pipeline.SCMPipelineManager (Scheduler.java:lambda$schedule$1(70)) - Destroy pipeline failed for pipeline:Pipeline[ Id: b75cb183-17d1-419a-aaf4-36b53022ff4e, Nodes: 2de42d1e-45de-4f1c-b9d9-c37b95a80a97{ip: 192.168.5.153, host: pr-hdds-2137-trunk-mnh2s-3748177197, networkLocation: /default-rack, certSerialId: null}6c3c6da7-32c5-4321-a860-cdd0ae39be33{ip: 192.168.5.153, host: pr-hdds-2137-trunk-mnh2s-3748177197, networkLocation: /default-rack, certSerialId: null}c5ad2958-1e71-4305-8551-aa22f829f9b0{ip: 192.168.5.153, host: pr-hdds-2137-trunk-mnh2s-3748177197, networkLocation: /default-rack, certSerialId: null}, Type:RATIS, Factor:THREE, State:CLOSED]
org.apache.hadoop.hdds.scm.pipeline.PipelineNotFoundException: PipelineID=b75cb183-17d1-419a-aaf4-36b53022ff4e not found
	at org.apache.hadoop.hdds.scm.pipeline.PipelineStateMap.getPipeline(PipelineStateMap.java:132)
	at org.apache.hadoop.hdds.scm.pipeline.PipelineStateMap.removePipeline(PipelineStateMap.java:322)
	at org.apache.hadoop.hdds.scm.pipeline.PipelineStateManager.removePipeline(PipelineStateManager.java:107)
	at org.apache.hadoop.hdds.scm.pipeline.SCMPipelineManager.removePipeline(SCMPipelineManager.java:423)
	at org.apache.hadoop.hdds.scm.pipeline.SCMPipelineManager.destroyPipeline(SCMPipelineManager.java:409)
	at org.apache.hadoop.hdds.scm.pipeline.SCMPipelineManager.lambda$finalizeAndDestroyPipeline$0(SCMPipelineManager.java:318)
	at org.apache.hadoop.utils.Scheduler.lambda$schedule$1(Scheduler.java:68)
	at java.util.concurrent.Executors$RunnableAdapter.call(Executors.java:511)
	at java.util.concurrent.FutureTask.run(FutureTask.java:266)
	at java.util.concurrent.ScheduledThreadPoolExecutor$ScheduledFutureTask.access$201(ScheduledThreadPoolExecutor.java:180)
	at java.util.concurrent.ScheduledThreadPoolExecutor$ScheduledFutureTask.run(ScheduledThreadPoolExecutor.java:293)
	at java.util.concurrent.ThreadPoolExecutor.runWorker(ThreadPoolExecutor.java:1149)
	at java.util.concurrent.ThreadPoolExecutor$Worker.run(ThreadPoolExecutor.java:624)
	at java.lang.Thread.run(Thread.java:748)
]]></system-out>
    <system-err><![CDATA[ERROR StatusLogger No Log4j 2 configuration file found. Using default configuration (logging only errors to the console), or user programmatically provided configurations. Set system property 'log4j2.debug' to show Log4j 2 internal initialization logging. See https://logging.apache.org/log4j/2.x/manual/configuration.html for instructions on how to configure Log4j 2
]]></system-err>
  </testcase>
  <testcase name="standaloneTestLargeKey" classname="org.apache.hadoop.ozone.freon.TestDataValidateWithUnsafeByteOperations" time="57.085"/>
  <testcase name="validateWriteTest" classname="org.apache.hadoop.ozone.freon.TestDataValidateWithUnsafeByteOperations" time="56.214"/>
</testsuite>