<?xml version="1.0" encoding="UTF-8"?>
<testsuite xmlns:xsi="http://www.w3.org/2001/XMLSchema-instance" xsi:noNamespaceSchemaLocation="https://maven.apache.org/surefire/maven-surefire-plugin/xsd/surefire-test-report.xsd" name="org.apache.hadoop.ozone.client.rpc.TestBlockOutputStreamWithFailures" time="741.428" tests="8" errors="0" skipped="0" failures="1">
  <properties>
    <property name="awt.toolkit" value="sun.awt.X11.XToolkit"/>
    <property name="file.encoding.pkg" value="sun.io"/>
    <property name="java.specification.version" value="1.8"/>
    <property name="sun.cpu.isalist" value=""/>
    <property name="sun.jnu.encoding" value="UTF-8"/>
    <property name="java.class.path" value="/workdir/hadoop-ozone/integration-test/target/test-classes:/workdir/hadoop-ozone/integration-test/target/classes:/home/user/.m2/repository/org/apache/hadoop/hadoop-ozone-common/0.5.0-SNAPSHOT/hadoop-ozone-common-0.5.0-SNAPSHOT.jar:/home/user/.m2/repository/org/apache/commons/commons-compress/1.4.1/commons-compress-1.4.1.jar:/home/user/.m2/repository/org/tukaani/xz/1.0/xz-1.0.jar:/home/user/.m2/repository/org/apache/hadoop/hadoop-common/3.2.0/hadoop-common-3.2.0.jar:/home/user/.m2/repository/org/apache/hadoop/hadoop-hdfs/3.2.0/hadoop-hdfs-3.2.0.jar:/home/user/.m2/repository/org/apache/hadoop/hadoop-hdfs-client/3.2.0/hadoop-hdfs-client-3.2.0.jar:/home/user/.m2/repository/com/fasterxml/jackson/core/jackson-annotations/2.9.5/jackson-annotations-2.9.5.jar:/home/user/.m2/repository/org/apache/hadoop/hadoop-hdds-common/0.5.0-SNAPSHOT/hadoop-hdds-common-0.5.0-SNAPSHOT.jar:/home/user/.m2/repository/javax/annotation/javax.annotation-api/1.2/javax.annotation-api-1.2.jar:/home/user/.m2/repository/org/apache/ratis/ratis-server/0.4.0-2337318-SNAPSHOT/ratis-server-0.4.0-2337318-SNAPSHOT.jar:/home/user/.m2/repository/org/apache/ratis/ratis-thirdparty-misc/0.2.0/ratis-thirdparty-misc-0.2.0.jar:/home/user/.m2/repository/org/apache/ratis/ratis-proto/0.4.0-2337318-SNAPSHOT/ratis-proto-0.4.0-2337318-SNAPSHOT.jar:/home/user/.m2/repository/org/apache/ratis/ratis-common/0.4.0-2337318-SNAPSHOT/ratis-common-0.4.0-2337318-SNAPSHOT.jar:/home/user/.m2/repository/org/apache/ratis/ratis-client/0.4.0-2337318-SNAPSHOT/ratis-client-0.4.0-2337318-SNAPSHOT.jar:/home/user/.m2/repository/org/apache/ratis/ratis-metrics/0.4.0-2337318-SNAPSHOT/ratis-metrics-0.4.0-2337318-SNAPSHOT.jar:/home/user/.m2/repository/org/apache/ratis/ratis-netty/0.4.0-2337318-SNAPSHOT/ratis-netty-0.4.0-2337318-SNAPSHOT.jar:/home/user/.m2/repository/org/apache/ratis/ratis-grpc/0.4.0-2337318-SNAPSHOT/ratis-grpc-0.4.0-2337318-SNAPSHOT.jar:/home/user/.m2/repository/org/rocksdb/rocksdbjni/6.0.1/rocksdbjni-6.0.1.jar:/home/user/.m2/repository/org/apache/logging/log4j/log4j-api/2.11.0/log4j-api-2.11.0.jar:/home/user/.m2/repository/org/apache/logging/log4j/log4j-core/2.11.0/log4j-core-2.11.0.jar:/home/user/.m2/repository/com/lmax/disruptor/3.4.2/disruptor-3.4.2.jar:/home/user/.m2/repository/org/apache/commons/commons-pool2/2.6.0/commons-pool2-2.6.0.jar:/home/user/.m2/repository/org/bouncycastle/bcpkix-jdk15on/1.60/bcpkix-jdk15on-1.60.jar:/home/user/.m2/repository/commons-validator/commons-validator/1.6/commons-validator-1.6.jar:/home/user/.m2/repository/commons-digester/commons-digester/1.8.1/commons-digester-1.8.1.jar:/home/user/.m2/repository/io/jaegertracing/jaeger-client/0.33.1/jaeger-client-0.33.1.jar:/home/user/.m2/repository/io/jaegertracing/jaeger-thrift/0.33.1/jaeger-thrift-0.33.1.jar:/home/user/.m2/repository/org/apache/thrift/libthrift/0.11.0/libthrift-0.11.0.jar:/home/user/.m2/repository/com/squareup/okhttp3/okhttp/3.9.0/okhttp-3.9.0.jar:/home/user/.m2/repository/com/squareup/okio/okio/1.13.0/okio-1.13.0.jar:/home/user/.m2/repository/io/jaegertracing/jaeger-core/0.33.1/jaeger-core-0.33.1.jar:/home/user/.m2/repository/io/jaegertracing/jaeger-tracerresolver/0.33.1/jaeger-tracerresolver-0.33.1.jar:/home/user/.m2/repository/io/opentracing/contrib/opentracing-tracerresolver/0.1.5/opentracing-tracerresolver-0.1.5.jar:/home/user/.m2/repository/io/opentracing/opentracing-util/0.31.0/opentracing-util-0.31.0.jar:/home/user/.m2/repository/io/opentracing/opentracing-api/0.31.0/opentracing-api-0.31.0.jar:/home/user/.m2/repository/io/opentracing/opentracing-noop/0.31.0/opentracing-noop-0.31.0.jar:/home/user/.m2/repository/org/apache/hadoop/hadoop-hdds-server-framework/0.5.0-SNAPSHOT/hadoop-hdds-server-framework-0.5.0-SNAPSHOT.jar:/home/user/.m2/repository/org/apache/hadoop/hadoop-hdds-container-service/0.5.0-SNAPSHOT/hadoop-hdds-container-service-0.5.0-SNAPSHOT.jar:/home/user/.m2/repository/org/apache/hadoop/hadoop-hdds-client/0.5.0-SNAPSHOT/hadoop-hdds-client-0.5.0-SNAPSHOT.jar:/home/user/.m2/repository/org/apache/hadoop/hadoop-hdds-tools/0.5.0-SNAPSHOT/hadoop-hdds-tools-0.5.0-SNAPSHOT.jar:/home/user/.m2/repository/org/apache/hadoop/hadoop-hdds-server-scm/0.5.0-SNAPSHOT/hadoop-hdds-server-scm-0.5.0-SNAPSHOT.jar:/home/user/.m2/repository/org/apache/hadoop/hadoop-hdds-docs/0.5.0-SNAPSHOT/hadoop-hdds-docs-0.5.0-SNAPSHOT.jar:/home/user/.m2/repository/io/dropwizard/metrics/metrics-core/3.2.4/metrics-core-3.2.4.jar:/home/user/.m2/repository/org/hamcrest/hamcrest-all/1.3/hamcrest-all-1.3.jar:/home/user/.m2/repository/org/bouncycastle/bcprov-jdk15on/1.60/bcprov-jdk15on-1.60.jar:/home/user/.m2/repository/info/picocli/picocli/3.9.6/picocli-3.9.6.jar:/home/user/.m2/repository/com/google/protobuf/protobuf-java/2.5.0/protobuf-java-2.5.0.jar:/home/user/.m2/repository/com/google/guava/guava/11.0.2/guava-11.0.2.jar:/home/user/.m2/repository/org/apache/hadoop/hadoop-ozone-ozone-manager/0.5.0-SNAPSHOT/hadoop-ozone-ozone-manager-0.5.0-SNAPSHOT.jar:/home/user/.m2/repository/org/apache/hadoop/hadoop-minikdc/3.2.0/hadoop-minikdc-3.2.0.jar:/home/user/.m2/repository/commons-io/commons-io/2.5/commons-io-2.5.jar:/home/user/.m2/repository/org/apache/kerby/kerb-simplekdc/1.0.1/kerb-simplekdc-1.0.1.jar:/home/user/.m2/repository/org/apache/kerby/kerb-client/1.0.1/kerb-client-1.0.1.jar:/home/user/.m2/repository/org/apache/kerby/kerby-config/1.0.1/kerby-config-1.0.1.jar:/home/user/.m2/repository/org/apache/kerby/kerb-core/1.0.1/kerb-core-1.0.1.jar:/home/user/.m2/repository/org/apache/kerby/kerby-pkix/1.0.1/kerby-pkix-1.0.1.jar:/home/user/.m2/repository/org/apache/kerby/kerby-asn1/1.0.1/kerby-asn1-1.0.1.jar:/home/user/.m2/repository/org/apache/kerby/kerby-util/1.0.1/kerby-util-1.0.1.jar:/home/user/.m2/repository/org/apache/kerby/kerb-common/1.0.1/kerb-common-1.0.1.jar:/home/user/.m2/repository/org/apache/kerby/kerb-crypto/1.0.1/kerb-crypto-1.0.1.jar:/home/user/.m2/repository/org/apache/kerby/kerb-util/1.0.1/kerb-util-1.0.1.jar:/home/user/.m2/repository/org/apache/kerby/token-provider/1.0.1/token-provider-1.0.1.jar:/home/user/.m2/repository/org/apache/kerby/kerb-admin/1.0.1/kerb-admin-1.0.1.jar:/home/user/.m2/repository/org/apache/kerby/kerb-server/1.0.1/kerb-server-1.0.1.jar:/home/user/.m2/repository/org/apache/kerby/kerb-identity/1.0.1/kerb-identity-1.0.1.jar:/home/user/.m2/repository/org/apache/kerby/kerby-xdr/1.0.1/kerby-xdr-1.0.1.jar:/home/user/.m2/repository/org/slf4j/slf4j-log4j12/1.7.25/slf4j-log4j12-1.7.25.jar:/home/user/.m2/repository/org/apache/hadoop/hadoop-ozone-s3gateway/0.5.0-SNAPSHOT/hadoop-ozone-s3gateway-0.5.0-SNAPSHOT.jar:/home/user/.m2/repository/org/jboss/weld/servlet/weld-servlet/2.4.7.Final/weld-servlet-2.4.7.Final.jar:/home/user/.m2/repository/org/glassfish/jersey/containers/jersey-container-servlet-core/2.27/jersey-container-servlet-core-2.27.jar:/home/user/.m2/repository/org/glassfish/hk2/external/javax.inject/2.5.0-b42/javax.inject-2.5.0-b42.jar:/home/user/.m2/repository/org/glassfish/jersey/core/jersey-common/2.27/jersey-common-2.27.jar:/home/user/.m2/repository/org/glassfish/hk2/osgi-resource-locator/1.0.1/osgi-resource-locator-1.0.1.jar:/home/user/.m2/repository/javax/ws/rs/javax.ws.rs-api/2.1/javax.ws.rs-api-2.1.jar:/home/user/.m2/repository/org/glassfish/jersey/ext/cdi/jersey-cdi1x/2.27/jersey-cdi1x-2.27.jar:/home/user/.m2/repository/org/glassfish/jersey/inject/jersey-hk2/2.27/jersey-hk2-2.27.jar:/home/user/.m2/repository/org/glassfish/hk2/hk2-locator/2.5.0-b42/hk2-locator-2.5.0-b42.jar:/home/user/.m2/repository/org/javassist/javassist/3.22.0-CR2/javassist-3.22.0-CR2.jar:/home/user/.m2/repository/org/glassfish/hk2/hk2-api/2.5.0/hk2-api-2.5.0.jar:/home/user/.m2/repository/org/glassfish/hk2/external/jakarta.inject/2.5.0/jakarta.inject-2.5.0.jar:/home/user/.m2/repository/org/glassfish/hk2/hk2-utils/2.5.0/hk2-utils-2.5.0.jar:/home/user/.m2/repository/jakarta/annotation/jakarta.annotation-api/1.3.4/jakarta.annotation-api-1.3.4.jar:/home/user/.m2/repository/org/glassfish/hk2/external/aopalliance-repackaged/2.5.0/aopalliance-repackaged-2.5.0.jar:/home/user/.m2/repository/com/fasterxml/jackson/dataformat/jackson-dataformat-xml/2.9.0/jackson-dataformat-xml-2.9.0.jar:/home/user/.m2/repository/com/fasterxml/jackson/core/jackson-core/2.9.5/jackson-core-2.9.5.jar:/home/user/.m2/repository/com/fasterxml/jackson/module/jackson-module-jaxb-annotations/2.9.5/jackson-module-jaxb-annotations-2.9.5.jar:/home/user/.m2/repository/javax/enterprise/cdi-api/1.2/cdi-api-1.2.jar:/home/user/.m2/repository/javax/el/javax.el-api/3.0.0/javax.el-api-3.0.0.jar:/home/user/.m2/repository/javax/interceptor/javax.interceptor-api/1.2/javax.interceptor-api-1.2.jar:/home/user/.m2/repository/javax/inject/javax.inject/1/javax.inject-1.jar:/home/user/.m2/repository/com/sun/xml/bind/jaxb-impl/2.3.0.1/jaxb-impl-2.3.0.1.jar:/home/user/.m2/repository/com/sun/xml/bind/jaxb-core/2.3.0.1/jaxb-core-2.3.0.1.jar:/home/user/.m2/repository/javax/xml/bind/jaxb-api/2.3.0/jaxb-api-2.3.0.jar:/home/user/.m2/repository/javax/activation/activation/1.1.1/activation-1.1.1.jar:/home/user/.m2/repository/org/apache/hadoop/hadoop-ozone-csi/0.5.0-SNAPSHOT/hadoop-ozone-csi-0.5.0-SNAPSHOT.jar:/home/user/.m2/repository/com/google/protobuf/protobuf-java-util/3.5.1/protobuf-java-util-3.5.1.jar:/home/user/.m2/repository/org/apache/hadoop/hadoop-hdds-config/0.5.0-SNAPSHOT/hadoop-hdds-config-0.5.0-SNAPSHOT.jar:/home/user/.m2/repository/io/grpc/grpc-netty/1.17.1/grpc-netty-1.17.1.jar:/home/user/.m2/repository/io/grpc/grpc-core/1.17.1/grpc-core-1.17.1.jar:/home/user/.m2/repository/io/grpc/grpc-context/1.17.1/grpc-context-1.17.1.jar:/home/user/.m2/repository/com/google/errorprone/error_prone_annotations/2.2.0/error_prone_annotations-2.2.0.jar:/home/user/.m2/repository/org/codehaus/mojo/animal-sniffer-annotations/1.17/animal-sniffer-annotations-1.17.jar:/home/user/.m2/repository/io/opencensus/opencensus-api/0.17.0/opencensus-api-0.17.0.jar:/home/user/.m2/repository/io/opencensus/opencensus-contrib-grpc-metrics/0.17.0/opencensus-contrib-grpc-metrics-0.17.0.jar:/home/user/.m2/repository/io/netty/netty-codec-http2/4.1.30.Final/netty-codec-http2-4.1.30.Final.jar:/home/user/.m2/repository/io/netty/netty-codec-http/4.1.30.Final/netty-codec-http-4.1.30.Final.jar:/home/user/.m2/repository/io/netty/netty-codec/4.1.30.Final/netty-codec-4.1.30.Final.jar:/home/user/.m2/repository/io/netty/netty-handler/4.1.30.Final/netty-handler-4.1.30.Final.jar:/home/user/.m2/repository/io/netty/netty-handler-proxy/4.1.30.Final/netty-handler-proxy-4.1.30.Final.jar:/home/user/.m2/repository/io/netty/netty-codec-socks/4.1.30.Final/netty-codec-socks-4.1.30.Final.jar:/home/user/.m2/repository/io/netty/netty-transport-native-epoll/4.1.30.Final/netty-transport-native-epoll-4.1.30.Final.jar:/home/user/.m2/repository/io/netty/netty-common/4.1.30.Final/netty-common-4.1.30.Final.jar:/home/user/.m2/repository/io/netty/netty-buffer/4.1.30.Final/netty-buffer-4.1.30.Final.jar:/home/user/.m2/repository/io/netty/netty-transport/4.1.30.Final/netty-transport-4.1.30.Final.jar:/home/user/.m2/repository/io/netty/netty-resolver/4.1.30.Final/netty-resolver-4.1.30.Final.jar:/home/user/.m2/repository/io/netty/netty-transport-native-unix-common/4.1.30.Final/netty-transport-native-unix-common-4.1.30.Final.jar:/home/user/.m2/repository/io/grpc/grpc-protobuf/1.17.1/grpc-protobuf-1.17.1.jar:/home/user/.m2/repository/com/google/api/grpc/proto-google-common-protos/1.0.0/proto-google-common-protos-1.0.0.jar:/home/user/.m2/repository/io/grpc/grpc-protobuf-lite/1.17.1/grpc-protobuf-lite-1.17.1.jar:/home/user/.m2/repository/io/grpc/grpc-stub/1.17.1/grpc-stub-1.17.1.jar:/home/user/.m2/repository/org/apache/hadoop/hadoop-ozone-recon/0.5.0-SNAPSHOT/hadoop-ozone-recon-0.5.0-SNAPSHOT.jar:/home/user/.m2/repository/org/apache/hadoop/hadoop-ozone-reconcodegen/0.5.0-SNAPSHOT/hadoop-ozone-reconcodegen-0.5.0-SNAPSHOT.jar:/home/user/.m2/repository/com/google/inject/extensions/guice-multibindings/4.0/guice-multibindings-4.0.jar:/home/user/.m2/repository/com/google/inject/guice/4.0/guice-4.0.jar:/home/user/.m2/repository/aopalliance/aopalliance/1.0/aopalliance-1.0.jar:/home/user/.m2/repository/com/google/inject/extensions/guice-servlet/4.0/guice-servlet-4.0.jar:/home/user/.m2/repository/org/glassfish/jersey/containers/jersey-container-servlet/2.27/jersey-container-servlet-2.27.jar:/home/user/.m2/repository/org/glassfish/hk2/guice-bridge/2.5.0/guice-bridge-2.5.0.jar:/home/user/.m2/repository/org/glassfish/jersey/core/jersey-server/2.27/jersey-server-2.27.jar:/home/user/.m2/repository/org/glassfish/jersey/core/jersey-client/2.27/jersey-client-2.27.jar:/home/user/.m2/repository/org/glassfish/jersey/media/jersey-media-jaxb/2.27/jersey-media-jaxb-2.27.jar:/home/user/.m2/repository/javax/validation/validation-api/1.1.0.Final/validation-api-1.1.0.Final.jar:/home/user/.m2/repository/org/glassfish/jersey/media/jersey-media-json-jackson/2.27/jersey-media-json-jackson-2.27.jar:/home/user/.m2/repository/org/glassfish/jersey/ext/jersey-entity-filtering/2.27/jersey-entity-filtering-2.27.jar:/home/user/.m2/repository/com/google/inject/extensions/guice-assistedinject/4.0/guice-assistedinject-4.0.jar:/home/user/.m2/repository/org/jooq/jooq/3.11.10/jooq-3.11.10.jar:/home/user/.m2/repository/org/jooq/jooq-meta/3.11.10/jooq-meta-3.11.10.jar:/home/user/.m2/repository/org/jooq/jooq-codegen/3.11.10/jooq-codegen-3.11.10.jar:/home/user/.m2/repository/com/jolbox/bonecp/0.8.0.RELEASE/bonecp-0.8.0.RELEASE.jar:/home/user/.m2/repository/org/xerial/sqlite-jdbc/3.25.2/sqlite-jdbc-3.25.2.jar:/home/user/.m2/repository/org/springframework/spring-jdbc/5.1.3.RELEASE/spring-jdbc-5.1.3.RELEASE.jar:/home/user/.m2/repository/org/springframework/spring-beans/5.1.3.RELEASE/spring-beans-5.1.3.RELEASE.jar:/home/user/.m2/repository/org/springframework/spring-core/5.1.3.RELEASE/spring-core-5.1.3.RELEASE.jar:/home/user/.m2/repository/org/springframework/spring-jcl/5.1.3.RELEASE/spring-jcl-5.1.3.RELEASE.jar:/home/user/.m2/repository/org/springframework/spring-tx/5.1.3.RELEASE/spring-tx-5.1.3.RELEASE.jar:/home/user/.m2/repository/org/apache/hadoop/hadoop-ozone-client/0.5.0-SNAPSHOT/hadoop-ozone-client-0.5.0-SNAPSHOT.jar:/home/user/.m2/repository/commons-lang/commons-lang/2.6/commons-lang-2.6.jar:/home/user/.m2/repository/org/apache/hadoop/hadoop-ozone-ozone-manager/0.5.0-SNAPSHOT/hadoop-ozone-ozone-manager-0.5.0-SNAPSHOT-tests.jar:/home/user/.m2/repository/junit/junit/4.11/junit-4.11.jar:/home/user/.m2/repository/org/hamcrest/hamcrest-core/1.3/hamcrest-core-1.3.jar:/home/user/.m2/repository/org/openjdk/jmh/jmh-core/1.19/jmh-core-1.19.jar:/home/user/.m2/repository/net/sf/jopt-simple/jopt-simple/4.6/jopt-simple-4.6.jar:/home/user/.m2/repository/org/apache/commons/commons-math3/3.1.1/commons-math3-3.1.1.jar:/home/user/.m2/repository/org/openjdk/jmh/jmh-generator-annprocess/1.19/jmh-generator-annprocess-1.19.jar:/home/user/.m2/repository/org/mockito/mockito-all/1.8.5/mockito-all-1.8.5.jar:/home/user/.m2/repository/org/apache/hadoop/hadoop-kms/3.2.0/hadoop-kms-3.2.0.jar:/home/user/.m2/repository/org/apache/hadoop/hadoop-auth/3.2.0/hadoop-auth-3.2.0.jar:/home/user/.m2/repository/com/nimbusds/nimbus-jose-jwt/4.41.1/nimbus-jose-jwt-4.41.1.jar:/home/user/.m2/repository/com/github/stephenc/jcip/jcip-annotations/1.0-1/jcip-annotations-1.0-1.jar:/home/user/.m2/repository/net/minidev/json-smart/2.3/json-smart-2.3.jar:/home/user/.m2/repository/net/minidev/accessors-smart/1.2/accessors-smart-1.2.jar:/home/user/.m2/repository/org/ow2/asm/asm/5.0.4/asm-5.0.4.jar:/home/user/.m2/repository/org/apache/curator/curator-framework/2.12.0/curator-framework-2.12.0.jar:/home/user/.m2/repository/com/sun/jersey/jersey-core/1.19/jersey-core-1.19.jar:/home/user/.m2/repository/javax/ws/rs/jsr311-api/1.1.1/jsr311-api-1.1.1.jar:/home/user/.m2/repository/com/sun/jersey/jersey-server/1.19/jersey-server-1.19.jar:/home/user/.m2/repository/javax/servlet/javax.servlet-api/3.1.0/javax.servlet-api-3.1.0.jar:/home/user/.m2/repository/org/eclipse/jetty/jetty-server/9.3.24.v20180605/jetty-server-9.3.24.v20180605.jar:/home/user/.m2/repository/org/eclipse/jetty/jetty-http/9.3.24.v20180605/jetty-http-9.3.24.v20180605.jar:/home/user/.m2/repository/org/eclipse/jetty/jetty-io/9.3.24.v20180605/jetty-io-9.3.24.v20180605.jar:/home/user/.m2/repository/org/eclipse/jetty/jetty-webapp/9.3.24.v20180605/jetty-webapp-9.3.24.v20180605.jar:/home/user/.m2/repository/org/eclipse/jetty/jetty-xml/9.3.24.v20180605/jetty-xml-9.3.24.v20180605.jar:/home/user/.m2/repository/log4j/log4j/1.2.17/log4j-1.2.17.jar:/home/user/.m2/repository/org/slf4j/slf4j-api/1.7.25/slf4j-api-1.7.25.jar:/home/user/.m2/repository/org/slf4j/jul-to-slf4j/1.7.25/jul-to-slf4j-1.7.25.jar:/home/user/.m2/repository/org/eclipse/jetty/jetty-util/9.3.24.v20180605/jetty-util-9.3.24.v20180605.jar:/home/user/.m2/repository/com/fasterxml/jackson/core/jackson-databind/2.9.5/jackson-databind-2.9.5.jar:/home/user/.m2/repository/org/apache/hadoop/hadoop-kms/3.2.0/hadoop-kms-3.2.0-tests.jar:/home/user/.m2/repository/org/apache/hadoop/hadoop-hdds-server-scm/0.5.0-SNAPSHOT/hadoop-hdds-server-scm-0.5.0-SNAPSHOT-tests.jar:/home/user/.m2/repository/org/apache/hadoop/hadoop-hdds-container-service/0.5.0-SNAPSHOT/hadoop-hdds-container-service-0.5.0-SNAPSHOT-tests.jar:/home/user/.m2/repository/org/yaml/snakeyaml/1.16/snakeyaml-1.16.jar:/home/user/.m2/repository/org/apache/hadoop/hadoop-common/3.2.0/hadoop-common-3.2.0-tests.jar:/home/user/.m2/repository/org/apache/hadoop/hadoop-annotations/3.2.0/hadoop-annotations-3.2.0.jar:/usr/lib/jvm/java-1.8-openjdk/jre/../lib/tools.jar:/home/user/.m2/repository/commons-cli/commons-cli/1.2/commons-cli-1.2.jar:/home/user/.m2/repository/org/apache/httpcomponents/httpclient/4.5.2/httpclient-4.5.2.jar:/home/user/.m2/repository/org/apache/httpcomponents/httpcore/4.4.4/httpcore-4.4.4.jar:/home/user/.m2/repository/commons-codec/commons-codec/1.11/commons-codec-1.11.jar:/home/user/.m2/repository/commons-net/commons-net/3.6/commons-net-3.6.jar:/home/user/.m2/repository/commons-collections/commons-collections/3.2.2/commons-collections-3.2.2.jar:/home/user/.m2/repository/org/eclipse/jetty/jetty-servlet/9.3.24.v20180605/jetty-servlet-9.3.24.v20180605.jar:/home/user/.m2/repository/org/eclipse/jetty/jetty-security/9.3.24.v20180605/jetty-security-9.3.24.v20180605.jar:/home/user/.m2/repository/javax/servlet/jsp/jsp-api/2.1/jsp-api-2.1.jar:/home/user/.m2/repository/com/sun/jersey/jersey-servlet/1.19/jersey-servlet-1.19.jar:/home/user/.m2/repository/com/sun/jersey/jersey-json/1.19/jersey-json-1.19.jar:/home/user/.m2/repository/org/codehaus/jettison/jettison/1.1/jettison-1.1.jar:/home/user/.m2/repository/org/codehaus/jackson/jackson-core-asl/1.9.13/jackson-core-asl-1.9.13.jar:/home/user/.m2/repository/org/codehaus/jackson/jackson-mapper-asl/1.9.13/jackson-mapper-asl-1.9.13.jar:/home/user/.m2/repository/org/codehaus/jackson/jackson-jaxrs/1.9.13/jackson-jaxrs-1.9.13.jar:/home/user/.m2/repository/org/codehaus/jackson/jackson-xc/1.9.13/jackson-xc-1.9.13.jar:/home/user/.m2/repository/commons-logging/commons-logging/1.1.3/commons-logging-1.1.3.jar:/home/user/.m2/repository/commons-beanutils/commons-beanutils/1.9.3/commons-beanutils-1.9.3.jar:/home/user/.m2/repository/org/apache/commons/commons-configuration2/2.1.1/commons-configuration2-2.1.1.jar:/home/user/.m2/repository/org/apache/commons/commons-lang3/3.7/commons-lang3-3.7.jar:/home/user/.m2/repository/org/apache/commons/commons-text/1.4/commons-text-1.4.jar:/home/user/.m2/repository/org/apache/avro/avro/1.7.7/avro-1.7.7.jar:/home/user/.m2/repository/com/thoughtworks/paranamer/paranamer/2.3/paranamer-2.3.jar:/home/user/.m2/repository/org/xerial/snappy/snappy-java/1.0.5/snappy-java-1.0.5.jar:/home/user/.m2/repository/com/google/re2j/re2j/1.1/re2j-1.1.jar:/home/user/.m2/repository/com/google/code/gson/gson/2.2.4/gson-2.2.4.jar:/home/user/.m2/repository/com/jcraft/jsch/0.1.54/jsch-0.1.54.jar:/home/user/.m2/repository/org/apache/curator/curator-client/2.12.0/curator-client-2.12.0.jar:/home/user/.m2/repository/org/apache/curator/curator-recipes/2.12.0/curator-recipes-2.12.0.jar:/home/user/.m2/repository/com/google/code/findbugs/jsr305/3.0.0/jsr305-3.0.0.jar:/home/user/.m2/repository/org/apache/htrace/htrace-core4/4.1.0-incubating/htrace-core4-4.1.0-incubating.jar:/home/user/.m2/repository/org/apache/zookeeper/zookeeper/3.4.13/zookeeper-3.4.13.jar:/home/user/.m2/repository/org/apache/yetus/audience-annotations/0.5.0/audience-annotations-0.5.0.jar:/home/user/.m2/repository/org/codehaus/woodstox/stax2-api/3.1.4/stax2-api-3.1.4.jar:/home/user/.m2/repository/com/fasterxml/woodstox/woodstox-core/5.0.3/woodstox-core-5.0.3.jar:/home/user/.m2/repository/dnsjava/dnsjava/2.1.7/dnsjava-2.1.7.jar:/home/user/.m2/repository/org/apache/hadoop/hadoop-hdfs/3.2.0/hadoop-hdfs-3.2.0-tests.jar:/home/user/.m2/repository/org/eclipse/jetty/jetty-util-ajax/9.3.24.v20180605/jetty-util-ajax-9.3.24.v20180605.jar:/home/user/.m2/repository/commons-daemon/commons-daemon/1.0.13/commons-daemon-1.0.13.jar:/home/user/.m2/repository/io/netty/netty/3.10.5.Final/netty-3.10.5.Final.jar:/home/user/.m2/repository/io/netty/netty-all/4.0.52.Final/netty-all-4.0.52.Final.jar:/home/user/.m2/repository/org/fusesource/leveldbjni/leveldbjni-all/1.8/leveldbjni-all-1.8.jar:"/>
    <property name="java.vm.vendor" value="IcedTea"/>
    <property name="sun.arch.data.model" value="64"/>
    <property name="test.build.dir" value="/workdir/hadoop-ozone/integration-test/target/test-dir"/>
    <property name="test.cache.data" value=""/>
    <property name="java.vendor.url" value="https://icedtea.classpath.org"/>
    <property name="user.timezone" value=""/>
    <property name="java.vm.specification.version" value="1.8"/>
    <property name="os.name" value="Linux"/>
    <property name="test.build.data" value="/workdir/hadoop-ozone/integration-test/target/test-dir"/>
    <property name="user.country" value="US"/>
    <property name="sun.java.launcher" value="SUN_STANDARD"/>
    <property name="sun.boot.library.path" value="/usr/lib/jvm/java-1.8-openjdk/jre/lib/amd64"/>
    <property name="sun.java.command" value="/workdir/hadoop-ozone/integration-test/target/surefire/surefirebooter7270384792383649864.jar /workdir/hadoop-ozone/integration-test/target/surefire 2019-09-09T07-40-13_225-jvmRun1 surefire7714420951309069500tmp surefire_212607648914660386456tmp"/>
    <property name="test" value="!TestMiniChaosOzoneCluster"/>
    <property name="surefire.test.class.path" value="/workdir/hadoop-ozone/integration-test/target/test-classes:/workdir/hadoop-ozone/integration-test/target/classes:/home/user/.m2/repository/org/apache/hadoop/hadoop-ozone-common/0.5.0-SNAPSHOT/hadoop-ozone-common-0.5.0-SNAPSHOT.jar:/home/user/.m2/repository/org/apache/commons/commons-compress/1.4.1/commons-compress-1.4.1.jar:/home/user/.m2/repository/org/tukaani/xz/1.0/xz-1.0.jar:/home/user/.m2/repository/org/apache/hadoop/hadoop-common/3.2.0/hadoop-common-3.2.0.jar:/home/user/.m2/repository/org/apache/hadoop/hadoop-hdfs/3.2.0/hadoop-hdfs-3.2.0.jar:/home/user/.m2/repository/org/apache/hadoop/hadoop-hdfs-client/3.2.0/hadoop-hdfs-client-3.2.0.jar:/home/user/.m2/repository/com/fasterxml/jackson/core/jackson-annotations/2.9.5/jackson-annotations-2.9.5.jar:/home/user/.m2/repository/org/apache/hadoop/hadoop-hdds-common/0.5.0-SNAPSHOT/hadoop-hdds-common-0.5.0-SNAPSHOT.jar:/home/user/.m2/repository/javax/annotation/javax.annotation-api/1.2/javax.annotation-api-1.2.jar:/home/user/.m2/repository/org/apache/ratis/ratis-server/0.4.0-2337318-SNAPSHOT/ratis-server-0.4.0-2337318-SNAPSHOT.jar:/home/user/.m2/repository/org/apache/ratis/ratis-thirdparty-misc/0.2.0/ratis-thirdparty-misc-0.2.0.jar:/home/user/.m2/repository/org/apache/ratis/ratis-proto/0.4.0-2337318-SNAPSHOT/ratis-proto-0.4.0-2337318-SNAPSHOT.jar:/home/user/.m2/repository/org/apache/ratis/ratis-common/0.4.0-2337318-SNAPSHOT/ratis-common-0.4.0-2337318-SNAPSHOT.jar:/home/user/.m2/repository/org/apache/ratis/ratis-client/0.4.0-2337318-SNAPSHOT/ratis-client-0.4.0-2337318-SNAPSHOT.jar:/home/user/.m2/repository/org/apache/ratis/ratis-metrics/0.4.0-2337318-SNAPSHOT/ratis-metrics-0.4.0-2337318-SNAPSHOT.jar:/home/user/.m2/repository/org/apache/ratis/ratis-netty/0.4.0-2337318-SNAPSHOT/ratis-netty-0.4.0-2337318-SNAPSHOT.jar:/home/user/.m2/repository/org/apache/ratis/ratis-grpc/0.4.0-2337318-SNAPSHOT/ratis-grpc-0.4.0-2337318-SNAPSHOT.jar:/home/user/.m2/repository/org/rocksdb/rocksdbjni/6.0.1/rocksdbjni-6.0.1.jar:/home/user/.m2/repository/org/apache/logging/log4j/log4j-api/2.11.0/log4j-api-2.11.0.jar:/home/user/.m2/repository/org/apache/logging/log4j/log4j-core/2.11.0/log4j-core-2.11.0.jar:/home/user/.m2/repository/com/lmax/disruptor/3.4.2/disruptor-3.4.2.jar:/home/user/.m2/repository/org/apache/commons/commons-pool2/2.6.0/commons-pool2-2.6.0.jar:/home/user/.m2/repository/org/bouncycastle/bcpkix-jdk15on/1.60/bcpkix-jdk15on-1.60.jar:/home/user/.m2/repository/commons-validator/commons-validator/1.6/commons-validator-1.6.jar:/home/user/.m2/repository/commons-digester/commons-digester/1.8.1/commons-digester-1.8.1.jar:/home/user/.m2/repository/io/jaegertracing/jaeger-client/0.33.1/jaeger-client-0.33.1.jar:/home/user/.m2/repository/io/jaegertracing/jaeger-thrift/0.33.1/jaeger-thrift-0.33.1.jar:/home/user/.m2/repository/org/apache/thrift/libthrift/0.11.0/libthrift-0.11.0.jar:/home/user/.m2/repository/com/squareup/okhttp3/okhttp/3.9.0/okhttp-3.9.0.jar:/home/user/.m2/repository/com/squareup/okio/okio/1.13.0/okio-1.13.0.jar:/home/user/.m2/repository/io/jaegertracing/jaeger-core/0.33.1/jaeger-core-0.33.1.jar:/home/user/.m2/repository/io/jaegertracing/jaeger-tracerresolver/0.33.1/jaeger-tracerresolver-0.33.1.jar:/home/user/.m2/repository/io/opentracing/contrib/opentracing-tracerresolver/0.1.5/opentracing-tracerresolver-0.1.5.jar:/home/user/.m2/repository/io/opentracing/opentracing-util/0.31.0/opentracing-util-0.31.0.jar:/home/user/.m2/repository/io/opentracing/opentracing-api/0.31.0/opentracing-api-0.31.0.jar:/home/user/.m2/repository/io/opentracing/opentracing-noop/0.31.0/opentracing-noop-0.31.0.jar:/home/user/.m2/repository/org/apache/hadoop/hadoop-hdds-server-framework/0.5.0-SNAPSHOT/hadoop-hdds-server-framework-0.5.0-SNAPSHOT.jar:/home/user/.m2/repository/org/apache/hadoop/hadoop-hdds-container-service/0.5.0-SNAPSHOT/hadoop-hdds-container-service-0.5.0-SNAPSHOT.jar:/home/user/.m2/repository/org/apache/hadoop/hadoop-hdds-client/0.5.0-SNAPSHOT/hadoop-hdds-client-0.5.0-SNAPSHOT.jar:/home/user/.m2/repository/org/apache/hadoop/hadoop-hdds-tools/0.5.0-SNAPSHOT/hadoop-hdds-tools-0.5.0-SNAPSHOT.jar:/home/user/.m2/repository/org/apache/hadoop/hadoop-hdds-server-scm/0.5.0-SNAPSHOT/hadoop-hdds-server-scm-0.5.0-SNAPSHOT.jar:/home/user/.m2/repository/org/apache/hadoop/hadoop-hdds-docs/0.5.0-SNAPSHOT/hadoop-hdds-docs-0.5.0-SNAPSHOT.jar:/home/user/.m2/repository/io/dropwizard/metrics/metrics-core/3.2.4/metrics-core-3.2.4.jar:/home/user/.m2/repository/org/hamcrest/hamcrest-all/1.3/hamcrest-all-1.3.jar:/home/user/.m2/repository/org/bouncycastle/bcprov-jdk15on/1.60/bcprov-jdk15on-1.60.jar:/home/user/.m2/repository/info/picocli/picocli/3.9.6/picocli-3.9.6.jar:/home/user/.m2/repository/com/google/protobuf/protobuf-java/2.5.0/protobuf-java-2.5.0.jar:/home/user/.m2/repository/com/google/guava/guava/11.0.2/guava-11.0.2.jar:/home/user/.m2/repository/org/apache/hadoop/hadoop-ozone-ozone-manager/0.5.0-SNAPSHOT/hadoop-ozone-ozone-manager-0.5.0-SNAPSHOT.jar:/home/user/.m2/repository/org/apache/hadoop/hadoop-minikdc/3.2.0/hadoop-minikdc-3.2.0.jar:/home/user/.m2/repository/commons-io/commons-io/2.5/commons-io-2.5.jar:/home/user/.m2/repository/org/apache/kerby/kerb-simplekdc/1.0.1/kerb-simplekdc-1.0.1.jar:/home/user/.m2/repository/org/apache/kerby/kerb-client/1.0.1/kerb-client-1.0.1.jar:/home/user/.m2/repository/org/apache/kerby/kerby-config/1.0.1/kerby-config-1.0.1.jar:/home/user/.m2/repository/org/apache/kerby/kerb-core/1.0.1/kerb-core-1.0.1.jar:/home/user/.m2/repository/org/apache/kerby/kerby-pkix/1.0.1/kerby-pkix-1.0.1.jar:/home/user/.m2/repository/org/apache/kerby/kerby-asn1/1.0.1/kerby-asn1-1.0.1.jar:/home/user/.m2/repository/org/apache/kerby/kerby-util/1.0.1/kerby-util-1.0.1.jar:/home/user/.m2/repository/org/apache/kerby/kerb-common/1.0.1/kerb-common-1.0.1.jar:/home/user/.m2/repository/org/apache/kerby/kerb-crypto/1.0.1/kerb-crypto-1.0.1.jar:/home/user/.m2/repository/org/apache/kerby/kerb-util/1.0.1/kerb-util-1.0.1.jar:/home/user/.m2/repository/org/apache/kerby/token-provider/1.0.1/token-provider-1.0.1.jar:/home/user/.m2/repository/org/apache/kerby/kerb-admin/1.0.1/kerb-admin-1.0.1.jar:/home/user/.m2/repository/org/apache/kerby/kerb-server/1.0.1/kerb-server-1.0.1.jar:/home/user/.m2/repository/org/apache/kerby/kerb-identity/1.0.1/kerb-identity-1.0.1.jar:/home/user/.m2/repository/org/apache/kerby/kerby-xdr/1.0.1/kerby-xdr-1.0.1.jar:/home/user/.m2/repository/org/slf4j/slf4j-log4j12/1.7.25/slf4j-log4j12-1.7.25.jar:/home/user/.m2/repository/org/apache/hadoop/hadoop-ozone-s3gateway/0.5.0-SNAPSHOT/hadoop-ozone-s3gateway-0.5.0-SNAPSHOT.jar:/home/user/.m2/repository/org/jboss/weld/servlet/weld-servlet/2.4.7.Final/weld-servlet-2.4.7.Final.jar:/home/user/.m2/repository/org/glassfish/jersey/containers/jersey-container-servlet-core/2.27/jersey-container-servlet-core-2.27.jar:/home/user/.m2/repository/org/glassfish/hk2/external/javax.inject/2.5.0-b42/javax.inject-2.5.0-b42.jar:/home/user/.m2/repository/org/glassfish/jersey/core/jersey-common/2.27/jersey-common-2.27.jar:/home/user/.m2/repository/org/glassfish/hk2/osgi-resource-locator/1.0.1/osgi-resource-locator-1.0.1.jar:/home/user/.m2/repository/javax/ws/rs/javax.ws.rs-api/2.1/javax.ws.rs-api-2.1.jar:/home/user/.m2/repository/org/glassfish/jersey/ext/cdi/jersey-cdi1x/2.27/jersey-cdi1x-2.27.jar:/home/user/.m2/repository/org/glassfish/jersey/inject/jersey-hk2/2.27/jersey-hk2-2.27.jar:/home/user/.m2/repository/org/glassfish/hk2/hk2-locator/2.5.0-b42/hk2-locator-2.5.0-b42.jar:/home/user/.m2/repository/org/javassist/javassist/3.22.0-CR2/javassist-3.22.0-CR2.jar:/home/user/.m2/repository/org/glassfish/hk2/hk2-api/2.5.0/hk2-api-2.5.0.jar:/home/user/.m2/repository/org/glassfish/hk2/external/jakarta.inject/2.5.0/jakarta.inject-2.5.0.jar:/home/user/.m2/repository/org/glassfish/hk2/hk2-utils/2.5.0/hk2-utils-2.5.0.jar:/home/user/.m2/repository/jakarta/annotation/jakarta.annotation-api/1.3.4/jakarta.annotation-api-1.3.4.jar:/home/user/.m2/repository/org/glassfish/hk2/external/aopalliance-repackaged/2.5.0/aopalliance-repackaged-2.5.0.jar:/home/user/.m2/repository/com/fasterxml/jackson/dataformat/jackson-dataformat-xml/2.9.0/jackson-dataformat-xml-2.9.0.jar:/home/user/.m2/repository/com/fasterxml/jackson/core/jackson-core/2.9.5/jackson-core-2.9.5.jar:/home/user/.m2/repository/com/fasterxml/jackson/module/jackson-module-jaxb-annotations/2.9.5/jackson-module-jaxb-annotations-2.9.5.jar:/home/user/.m2/repository/javax/enterprise/cdi-api/1.2/cdi-api-1.2.jar:/home/user/.m2/repository/javax/el/javax.el-api/3.0.0/javax.el-api-3.0.0.jar:/home/user/.m2/repository/javax/interceptor/javax.interceptor-api/1.2/javax.interceptor-api-1.2.jar:/home/user/.m2/repository/javax/inject/javax.inject/1/javax.inject-1.jar:/home/user/.m2/repository/com/sun/xml/bind/jaxb-impl/2.3.0.1/jaxb-impl-2.3.0.1.jar:/home/user/.m2/repository/com/sun/xml/bind/jaxb-core/2.3.0.1/jaxb-core-2.3.0.1.jar:/home/user/.m2/repository/javax/xml/bind/jaxb-api/2.3.0/jaxb-api-2.3.0.jar:/home/user/.m2/repository/javax/activation/activation/1.1.1/activation-1.1.1.jar:/home/user/.m2/repository/org/apache/hadoop/hadoop-ozone-csi/0.5.0-SNAPSHOT/hadoop-ozone-csi-0.5.0-SNAPSHOT.jar:/home/user/.m2/repository/com/google/protobuf/protobuf-java-util/3.5.1/protobuf-java-util-3.5.1.jar:/home/user/.m2/repository/org/apache/hadoop/hadoop-hdds-config/0.5.0-SNAPSHOT/hadoop-hdds-config-0.5.0-SNAPSHOT.jar:/home/user/.m2/repository/io/grpc/grpc-netty/1.17.1/grpc-netty-1.17.1.jar:/home/user/.m2/repository/io/grpc/grpc-core/1.17.1/grpc-core-1.17.1.jar:/home/user/.m2/repository/io/grpc/grpc-context/1.17.1/grpc-context-1.17.1.jar:/home/user/.m2/repository/com/google/errorprone/error_prone_annotations/2.2.0/error_prone_annotations-2.2.0.jar:/home/user/.m2/repository/org/codehaus/mojo/animal-sniffer-annotations/1.17/animal-sniffer-annotations-1.17.jar:/home/user/.m2/repository/io/opencensus/opencensus-api/0.17.0/opencensus-api-0.17.0.jar:/home/user/.m2/repository/io/opencensus/opencensus-contrib-grpc-metrics/0.17.0/opencensus-contrib-grpc-metrics-0.17.0.jar:/home/user/.m2/repository/io/netty/netty-codec-http2/4.1.30.Final/netty-codec-http2-4.1.30.Final.jar:/home/user/.m2/repository/io/netty/netty-codec-http/4.1.30.Final/netty-codec-http-4.1.30.Final.jar:/home/user/.m2/repository/io/netty/netty-codec/4.1.30.Final/netty-codec-4.1.30.Final.jar:/home/user/.m2/repository/io/netty/netty-handler/4.1.30.Final/netty-handler-4.1.30.Final.jar:/home/user/.m2/repository/io/netty/netty-handler-proxy/4.1.30.Final/netty-handler-proxy-4.1.30.Final.jar:/home/user/.m2/repository/io/netty/netty-codec-socks/4.1.30.Final/netty-codec-socks-4.1.30.Final.jar:/home/user/.m2/repository/io/netty/netty-transport-native-epoll/4.1.30.Final/netty-transport-native-epoll-4.1.30.Final.jar:/home/user/.m2/repository/io/netty/netty-common/4.1.30.Final/netty-common-4.1.30.Final.jar:/home/user/.m2/repository/io/netty/netty-buffer/4.1.30.Final/netty-buffer-4.1.30.Final.jar:/home/user/.m2/repository/io/netty/netty-transport/4.1.30.Final/netty-transport-4.1.30.Final.jar:/home/user/.m2/repository/io/netty/netty-resolver/4.1.30.Final/netty-resolver-4.1.30.Final.jar:/home/user/.m2/repository/io/netty/netty-transport-native-unix-common/4.1.30.Final/netty-transport-native-unix-common-4.1.30.Final.jar:/home/user/.m2/repository/io/grpc/grpc-protobuf/1.17.1/grpc-protobuf-1.17.1.jar:/home/user/.m2/repository/com/google/api/grpc/proto-google-common-protos/1.0.0/proto-google-common-protos-1.0.0.jar:/home/user/.m2/repository/io/grpc/grpc-protobuf-lite/1.17.1/grpc-protobuf-lite-1.17.1.jar:/home/user/.m2/repository/io/grpc/grpc-stub/1.17.1/grpc-stub-1.17.1.jar:/home/user/.m2/repository/org/apache/hadoop/hadoop-ozone-recon/0.5.0-SNAPSHOT/hadoop-ozone-recon-0.5.0-SNAPSHOT.jar:/home/user/.m2/repository/org/apache/hadoop/hadoop-ozone-reconcodegen/0.5.0-SNAPSHOT/hadoop-ozone-reconcodegen-0.5.0-SNAPSHOT.jar:/home/user/.m2/repository/com/google/inject/extensions/guice-multibindings/4.0/guice-multibindings-4.0.jar:/home/user/.m2/repository/com/google/inject/guice/4.0/guice-4.0.jar:/home/user/.m2/repository/aopalliance/aopalliance/1.0/aopalliance-1.0.jar:/home/user/.m2/repository/com/google/inject/extensions/guice-servlet/4.0/guice-servlet-4.0.jar:/home/user/.m2/repository/org/glassfish/jersey/containers/jersey-container-servlet/2.27/jersey-container-servlet-2.27.jar:/home/user/.m2/repository/org/glassfish/hk2/guice-bridge/2.5.0/guice-bridge-2.5.0.jar:/home/user/.m2/repository/org/glassfish/jersey/core/jersey-server/2.27/jersey-server-2.27.jar:/home/user/.m2/repository/org/glassfish/jersey/core/jersey-client/2.27/jersey-client-2.27.jar:/home/user/.m2/repository/org/glassfish/jersey/media/jersey-media-jaxb/2.27/jersey-media-jaxb-2.27.jar:/home/user/.m2/repository/javax/validation/validation-api/1.1.0.Final/validation-api-1.1.0.Final.jar:/home/user/.m2/repository/org/glassfish/jersey/media/jersey-media-json-jackson/2.27/jersey-media-json-jackson-2.27.jar:/home/user/.m2/repository/org/glassfish/jersey/ext/jersey-entity-filtering/2.27/jersey-entity-filtering-2.27.jar:/home/user/.m2/repository/com/google/inject/extensions/guice-assistedinject/4.0/guice-assistedinject-4.0.jar:/home/user/.m2/repository/org/jooq/jooq/3.11.10/jooq-3.11.10.jar:/home/user/.m2/repository/org/jooq/jooq-meta/3.11.10/jooq-meta-3.11.10.jar:/home/user/.m2/repository/org/jooq/jooq-codegen/3.11.10/jooq-codegen-3.11.10.jar:/home/user/.m2/repository/com/jolbox/bonecp/0.8.0.RELEASE/bonecp-0.8.0.RELEASE.jar:/home/user/.m2/repository/org/xerial/sqlite-jdbc/3.25.2/sqlite-jdbc-3.25.2.jar:/home/user/.m2/repository/org/springframework/spring-jdbc/5.1.3.RELEASE/spring-jdbc-5.1.3.RELEASE.jar:/home/user/.m2/repository/org/springframework/spring-beans/5.1.3.RELEASE/spring-beans-5.1.3.RELEASE.jar:/home/user/.m2/repository/org/springframework/spring-core/5.1.3.RELEASE/spring-core-5.1.3.RELEASE.jar:/home/user/.m2/repository/org/springframework/spring-jcl/5.1.3.RELEASE/spring-jcl-5.1.3.RELEASE.jar:/home/user/.m2/repository/org/springframework/spring-tx/5.1.3.RELEASE/spring-tx-5.1.3.RELEASE.jar:/home/user/.m2/repository/org/apache/hadoop/hadoop-ozone-client/0.5.0-SNAPSHOT/hadoop-ozone-client-0.5.0-SNAPSHOT.jar:/home/user/.m2/repository/commons-lang/commons-lang/2.6/commons-lang-2.6.jar:/home/user/.m2/repository/org/apache/hadoop/hadoop-ozone-ozone-manager/0.5.0-SNAPSHOT/hadoop-ozone-ozone-manager-0.5.0-SNAPSHOT-tests.jar:/home/user/.m2/repository/junit/junit/4.11/junit-4.11.jar:/home/user/.m2/repository/org/hamcrest/hamcrest-core/1.3/hamcrest-core-1.3.jar:/home/user/.m2/repository/org/openjdk/jmh/jmh-core/1.19/jmh-core-1.19.jar:/home/user/.m2/repository/net/sf/jopt-simple/jopt-simple/4.6/jopt-simple-4.6.jar:/home/user/.m2/repository/org/apache/commons/commons-math3/3.1.1/commons-math3-3.1.1.jar:/home/user/.m2/repository/org/openjdk/jmh/jmh-generator-annprocess/1.19/jmh-generator-annprocess-1.19.jar:/home/user/.m2/repository/org/mockito/mockito-all/1.8.5/mockito-all-1.8.5.jar:/home/user/.m2/repository/org/apache/hadoop/hadoop-kms/3.2.0/hadoop-kms-3.2.0.jar:/home/user/.m2/repository/org/apache/hadoop/hadoop-auth/3.2.0/hadoop-auth-3.2.0.jar:/home/user/.m2/repository/com/nimbusds/nimbus-jose-jwt/4.41.1/nimbus-jose-jwt-4.41.1.jar:/home/user/.m2/repository/com/github/stephenc/jcip/jcip-annotations/1.0-1/jcip-annotations-1.0-1.jar:/home/user/.m2/repository/net/minidev/json-smart/2.3/json-smart-2.3.jar:/home/user/.m2/repository/net/minidev/accessors-smart/1.2/accessors-smart-1.2.jar:/home/user/.m2/repository/org/ow2/asm/asm/5.0.4/asm-5.0.4.jar:/home/user/.m2/repository/org/apache/curator/curator-framework/2.12.0/curator-framework-2.12.0.jar:/home/user/.m2/repository/com/sun/jersey/jersey-core/1.19/jersey-core-1.19.jar:/home/user/.m2/repository/javax/ws/rs/jsr311-api/1.1.1/jsr311-api-1.1.1.jar:/home/user/.m2/repository/com/sun/jersey/jersey-server/1.19/jersey-server-1.19.jar:/home/user/.m2/repository/javax/servlet/javax.servlet-api/3.1.0/javax.servlet-api-3.1.0.jar:/home/user/.m2/repository/org/eclipse/jetty/jetty-server/9.3.24.v20180605/jetty-server-9.3.24.v20180605.jar:/home/user/.m2/repository/org/eclipse/jetty/jetty-http/9.3.24.v20180605/jetty-http-9.3.24.v20180605.jar:/home/user/.m2/repository/org/eclipse/jetty/jetty-io/9.3.24.v20180605/jetty-io-9.3.24.v20180605.jar:/home/user/.m2/repository/org/eclipse/jetty/jetty-webapp/9.3.24.v20180605/jetty-webapp-9.3.24.v20180605.jar:/home/user/.m2/repository/org/eclipse/jetty/jetty-xml/9.3.24.v20180605/jetty-xml-9.3.24.v20180605.jar:/home/user/.m2/repository/log4j/log4j/1.2.17/log4j-1.2.17.jar:/home/user/.m2/repository/org/slf4j/slf4j-api/1.7.25/slf4j-api-1.7.25.jar:/home/user/.m2/repository/org/slf4j/jul-to-slf4j/1.7.25/jul-to-slf4j-1.7.25.jar:/home/user/.m2/repository/org/eclipse/jetty/jetty-util/9.3.24.v20180605/jetty-util-9.3.24.v20180605.jar:/home/user/.m2/repository/com/fasterxml/jackson/core/jackson-databind/2.9.5/jackson-databind-2.9.5.jar:/home/user/.m2/repository/org/apache/hadoop/hadoop-kms/3.2.0/hadoop-kms-3.2.0-tests.jar:/home/user/.m2/repository/org/apache/hadoop/hadoop-hdds-server-scm/0.5.0-SNAPSHOT/hadoop-hdds-server-scm-0.5.0-SNAPSHOT-tests.jar:/home/user/.m2/repository/org/apache/hadoop/hadoop-hdds-container-service/0.5.0-SNAPSHOT/hadoop-hdds-container-service-0.5.0-SNAPSHOT-tests.jar:/home/user/.m2/repository/org/yaml/snakeyaml/1.16/snakeyaml-1.16.jar:/home/user/.m2/repository/org/apache/hadoop/hadoop-common/3.2.0/hadoop-common-3.2.0-tests.jar:/home/user/.m2/repository/org/apache/hadoop/hadoop-annotations/3.2.0/hadoop-annotations-3.2.0.jar:/usr/lib/jvm/java-1.8-openjdk/jre/../lib/tools.jar:/home/user/.m2/repository/commons-cli/commons-cli/1.2/commons-cli-1.2.jar:/home/user/.m2/repository/org/apache/httpcomponents/httpclient/4.5.2/httpclient-4.5.2.jar:/home/user/.m2/repository/org/apache/httpcomponents/httpcore/4.4.4/httpcore-4.4.4.jar:/home/user/.m2/repository/commons-codec/commons-codec/1.11/commons-codec-1.11.jar:/home/user/.m2/repository/commons-net/commons-net/3.6/commons-net-3.6.jar:/home/user/.m2/repository/commons-collections/commons-collections/3.2.2/commons-collections-3.2.2.jar:/home/user/.m2/repository/org/eclipse/jetty/jetty-servlet/9.3.24.v20180605/jetty-servlet-9.3.24.v20180605.jar:/home/user/.m2/repository/org/eclipse/jetty/jetty-security/9.3.24.v20180605/jetty-security-9.3.24.v20180605.jar:/home/user/.m2/repository/javax/servlet/jsp/jsp-api/2.1/jsp-api-2.1.jar:/home/user/.m2/repository/com/sun/jersey/jersey-servlet/1.19/jersey-servlet-1.19.jar:/home/user/.m2/repository/com/sun/jersey/jersey-json/1.19/jersey-json-1.19.jar:/home/user/.m2/repository/org/codehaus/jettison/jettison/1.1/jettison-1.1.jar:/home/user/.m2/repository/org/codehaus/jackson/jackson-core-asl/1.9.13/jackson-core-asl-1.9.13.jar:/home/user/.m2/repository/org/codehaus/jackson/jackson-mapper-asl/1.9.13/jackson-mapper-asl-1.9.13.jar:/home/user/.m2/repository/org/codehaus/jackson/jackson-jaxrs/1.9.13/jackson-jaxrs-1.9.13.jar:/home/user/.m2/repository/org/codehaus/jackson/jackson-xc/1.9.13/jackson-xc-1.9.13.jar:/home/user/.m2/repository/commons-logging/commons-logging/1.1.3/commons-logging-1.1.3.jar:/home/user/.m2/repository/commons-beanutils/commons-beanutils/1.9.3/commons-beanutils-1.9.3.jar:/home/user/.m2/repository/org/apache/commons/commons-configuration2/2.1.1/commons-configuration2-2.1.1.jar:/home/user/.m2/repository/org/apache/commons/commons-lang3/3.7/commons-lang3-3.7.jar:/home/user/.m2/repository/org/apache/commons/commons-text/1.4/commons-text-1.4.jar:/home/user/.m2/repository/org/apache/avro/avro/1.7.7/avro-1.7.7.jar:/home/user/.m2/repository/com/thoughtworks/paranamer/paranamer/2.3/paranamer-2.3.jar:/home/user/.m2/repository/org/xerial/snappy/snappy-java/1.0.5/snappy-java-1.0.5.jar:/home/user/.m2/repository/com/google/re2j/re2j/1.1/re2j-1.1.jar:/home/user/.m2/repository/com/google/code/gson/gson/2.2.4/gson-2.2.4.jar:/home/user/.m2/repository/com/jcraft/jsch/0.1.54/jsch-0.1.54.jar:/home/user/.m2/repository/org/apache/curator/curator-client/2.12.0/curator-client-2.12.0.jar:/home/user/.m2/repository/org/apache/curator/curator-recipes/2.12.0/curator-recipes-2.12.0.jar:/home/user/.m2/repository/com/google/code/findbugs/jsr305/3.0.0/jsr305-3.0.0.jar:/home/user/.m2/repository/org/apache/htrace/htrace-core4/4.1.0-incubating/htrace-core4-4.1.0-incubating.jar:/home/user/.m2/repository/org/apache/zookeeper/zookeeper/3.4.13/zookeeper-3.4.13.jar:/home/user/.m2/repository/org/apache/yetus/audience-annotations/0.5.0/audience-annotations-0.5.0.jar:/home/user/.m2/repository/org/codehaus/woodstox/stax2-api/3.1.4/stax2-api-3.1.4.jar:/home/user/.m2/repository/com/fasterxml/woodstox/woodstox-core/5.0.3/woodstox-core-5.0.3.jar:/home/user/.m2/repository/dnsjava/dnsjava/2.1.7/dnsjava-2.1.7.jar:/home/user/.m2/repository/org/apache/hadoop/hadoop-hdfs/3.2.0/hadoop-hdfs-3.2.0-tests.jar:/home/user/.m2/repository/org/eclipse/jetty/jetty-util-ajax/9.3.24.v20180605/jetty-util-ajax-9.3.24.v20180605.jar:/home/user/.m2/repository/commons-daemon/commons-daemon/1.0.13/commons-daemon-1.0.13.jar:/home/user/.m2/repository/io/netty/netty/3.10.5.Final/netty-3.10.5.Final.jar:/home/user/.m2/repository/io/netty/netty-all/4.0.52.Final/netty-all-4.0.52.Final.jar:/home/user/.m2/repository/org/fusesource/leveldbjni/leveldbjni-all/1.8/leveldbjni-all-1.8.jar:"/>
    <property name="sun.cpu.endian" value="little"/>
    <property name="user.home" value="/home/user"/>
    <property name="user.language" value="en"/>
    <property name="java.specification.vendor" value="Oracle Corporation"/>
    <property name="java.home" value="/usr/lib/jvm/java-1.8-openjdk/jre"/>
    <property name="java.security.krb5.conf" value="/workdir/hadoop-ozone/integration-test/target/test-classes/krb5.conf"/>
    <property name="basedir" value="/workdir/hadoop-ozone/integration-test"/>
    <property name="file.separator" value="/"/>
    <property name="line.separator" value="&#10;"/>
    <property name="java.vm.specification.vendor" value="Oracle Corporation"/>
    <property name="java.specification.name" value="Java Platform API Specification"/>
    <property name="java.awt.graphicsenv" value="sun.awt.X11GraphicsEnvironment"/>
    <property name="surefire.real.class.path" value="/workdir/hadoop-ozone/integration-test/target/surefire/surefirebooter7270384792383649864.jar"/>
    <property name="hadoop.log.dir" value="/workdir/hadoop-ozone/integration-test/target/log"/>
    <property name="sun.boot.class.path" value="/usr/lib/jvm/java-1.8-openjdk/jre/lib/resources.jar:/usr/lib/jvm/java-1.8-openjdk/jre/lib/rt.jar:/usr/lib/jvm/java-1.8-openjdk/jre/lib/sunrsasign.jar:/usr/lib/jvm/java-1.8-openjdk/jre/lib/jsse.jar:/usr/lib/jvm/java-1.8-openjdk/jre/lib/jce.jar:/usr/lib/jvm/java-1.8-openjdk/jre/lib/charsets.jar:/usr/lib/jvm/java-1.8-openjdk/jre/lib/jfr.jar:/usr/lib/jvm/java-1.8-openjdk/jre/classes"/>
    <property name="sun.management.compiler" value="HotSpot 64-Bit Tiered Compilers"/>
    <property name="java.runtime.version" value="1.8.0_212-b04"/>
    <property name="java.net.preferIPv4Stack" value="true"/>
    <property name="user.name" value="jenkins1000"/>
    <property name="path.separator" value=":"/>
    <property name="java.security.egd" value="file:///dev/urandom"/>
    <property name="os.version" value="3.10.0-957.12.2.el7.x86_64"/>
    <property name="java.endorsed.dirs" value="/usr/lib/jvm/java-1.8-openjdk/jre/lib/endorsed"/>
    <property name="java.runtime.name" value="OpenJDK Runtime Environment"/>
    <property name="file.encoding" value="UTF-8"/>
    <property name="java.vm.name" value="OpenJDK 64-Bit Server VM"/>
    <property name="test.build.webapps" value=""/>
    <property name="localRepository" value="/home/user/.m2/repository"/>
    <property name="java.vendor.url.bug" value="https://icedtea.classpath.org/bugzilla"/>
    <property name="java.io.tmpdir" value="/tmp"/>
    <property name="require.test.libhadoop" value=""/>
    <property name="java.version" value="1.8.0_212"/>
    <property name="user.dir" value="/workdir/hadoop-ozone/integration-test"/>
    <property name="os.arch" value="amd64"/>
    <property name="java.vm.specification.name" value="Java Virtual Machine Specification"/>
    <property name="test.build.classes" value="/workdir/hadoop-ozone/integration-test/target/test-classes"/>
    <property name="java.awt.printerjob" value="sun.print.PSPrinterJob"/>
    <property name="sun.os.patch.level" value="unknown"/>
    <property name="hadoop.tmp.dir" value="/workdir/hadoop-ozone/integration-test/target/tmp"/>
    <property name="java.library.path" value="/usr/lib/jvm/java-1.8-openjdk/jre/lib/amd64/server:/usr/lib/jvm/java-1.8-openjdk/jre/lib/amd64:/usr/lib/jvm/java-1.8-openjdk/jre/../lib/amd64:/workdir/hadoop-ozone/integration-test/target/native/target/usr/local/lib:/workdir/hadoop-ozone/integration-test/../../hadoop-common-project/hadoop-common/target/native/target/usr/local/lib:/usr/java/packages/lib/amd64:/usr/lib64:/lib64:/lib:/usr/lib"/>
    <property name="java.vm.info" value="mixed mode"/>
    <property name="java.vendor" value="IcedTea"/>
    <property name="java.vm.version" value="25.212-b04"/>
    <property name="java.ext.dirs" value="/usr/lib/jvm/java-1.8-openjdk/jre/lib/ext:/usr/java/packages/lib/ext"/>
    <property name="sun.io.unicode.encoding" value="UnicodeLittle"/>
    <property name="java.class.version" value="52.0"/>
  </properties>
  <testcase name="test2DatanodesFailure" classname="org.apache.hadoop.ozone.client.rpc.TestBlockOutputStreamWithFailures" time="105.529"/>
  <testcase name="testDatanodeFailureWithPreAllocation" classname="org.apache.hadoop.ozone.client.rpc.TestBlockOutputStreamWithFailures" time="226.16"/>
  <testcase name="testDatanodeFailureWithSingleNodeRatis" classname="org.apache.hadoop.ozone.client.rpc.TestBlockOutputStreamWithFailures" time="225.525"/>
  <testcase name="testWatchForCommitWithSingleNodeRatis" classname="org.apache.hadoop.ozone.client.rpc.TestBlockOutputStreamWithFailures" time="35.927"/>
  <testcase name="testWatchForCommitDatanodeFailure" classname="org.apache.hadoop.ozone.client.rpc.TestBlockOutputStreamWithFailures" time="34.147"/>
  <testcase name="testFailureWithPrimeSizedData" classname="org.apache.hadoop.ozone.client.rpc.TestBlockOutputStreamWithFailures" time="36.312"/>
  <testcase name="testWatchForCommitWithCloseContainerException" classname="org.apache.hadoop.ozone.client.rpc.TestBlockOutputStreamWithFailures" time="40.974">
    <failure message="expected:&lt;77&gt; but was:&lt;78&gt;" type="java.lang.AssertionError"><![CDATA[java.lang.AssertionError: expected:<77> but was:<78>
	at org.junit.Assert.fail(Assert.java:88)
	at org.junit.Assert.failNotEquals(Assert.java:743)
	at org.junit.Assert.assertEquals(Assert.java:118)
	at org.junit.Assert.assertEquals(Assert.java:555)
	at org.junit.Assert.assertEquals(Assert.java:542)
	at org.apache.hadoop.ozone.client.rpc.TestBlockOutputStreamWithFailures.testWatchForCommitWithCloseContainerException(TestBlockOutputStreamWithFailures.java:196)
	at sun.reflect.NativeMethodAccessorImpl.invoke0(Native Method)
	at sun.reflect.NativeMethodAccessorImpl.invoke(NativeMethodAccessorImpl.java:62)
	at sun.reflect.DelegatingMethodAccessorImpl.invoke(DelegatingMethodAccessorImpl.java:43)
	at java.lang.reflect.Method.invoke(Method.java:498)
	at org.junit.runners.model.FrameworkMethod$1.runReflectiveCall(FrameworkMethod.java:47)
	at org.junit.internal.runners.model.ReflectiveCallable.run(ReflectiveCallable.java:12)
	at org.junit.runners.model.FrameworkMethod.invokeExplosively(FrameworkMethod.java:44)
	at org.junit.internal.runners.statements.InvokeMethod.evaluate(InvokeMethod.java:17)
	at org.junit.internal.runners.statements.RunBefores.evaluate(RunBefores.java:26)
	at org.junit.internal.runners.statements.RunAfters.evaluate(RunAfters.java:27)
	at org.junit.runners.ParentRunner.runLeaf(ParentRunner.java:271)
	at org.junit.runners.BlockJUnit4ClassRunner.runChild(BlockJUnit4ClassRunner.java:70)
	at org.junit.runners.BlockJUnit4ClassRunner.runChild(BlockJUnit4ClassRunner.java:50)
	at org.junit.runners.ParentRunner$3.run(ParentRunner.java:238)
	at org.junit.runners.ParentRunner$1.schedule(ParentRunner.java:63)
	at org.junit.runners.ParentRunner.runChildren(ParentRunner.java:236)
	at org.junit.runners.ParentRunner.access$000(ParentRunner.java:53)
	at org.junit.runners.ParentRunner$2.evaluate(ParentRunner.java:229)
	at org.junit.runners.ParentRunner.run(ParentRunner.java:309)
	at org.apache.maven.surefire.junit4.JUnit4Provider.execute(JUnit4Provider.java:365)
	at org.apache.maven.surefire.junit4.JUnit4Provider.executeWithRerun(JUnit4Provider.java:273)
	at org.apache.maven.surefire.junit4.JUnit4Provider.executeTestSet(JUnit4Provider.java:238)
	at org.apache.maven.surefire.junit4.JUnit4Provider.invoke(JUnit4Provider.java:159)
	at org.apache.maven.surefire.booter.ForkedBooter.invokeProviderInSameClassLoader(ForkedBooter.java:384)
	at org.apache.maven.surefire.booter.ForkedBooter.runSuitesInProcess(ForkedBooter.java:345)
	at org.apache.maven.surefire.booter.ForkedBooter.execute(ForkedBooter.java:126)
	at org.apache.maven.surefire.booter.ForkedBooter.main(ForkedBooter.java:418)
]]></failure>
    <system-out><![CDATA[2019-09-09 08:10:22,248 [main] WARN  server.ServerUtils (ServerUtils.java:getScmDbDir(145)) - ozone.scm.db.dirs is not configured. We recommend adding this setting. Falling back to ozone.metadata.dirs instead.
2019-09-09 08:10:22,274 [main] WARN  server.ServerUtils (ServerUtils.java:getScmDbDir(145)) - ozone.scm.db.dirs is not configured. We recommend adding this setting. Falling back to ozone.metadata.dirs instead.
2019-09-09 08:10:22,274 [main] WARN  server.ServerUtils (ServerUtils.java:getScmDbDir(145)) - ozone.scm.db.dirs is not configured. We recommend adding this setting. Falling back to ozone.metadata.dirs instead.
2019-09-09 08:10:22,275 [main] INFO  db.DBStoreBuilder (DBStoreBuilder.java:addTable(110)) - using custom profile for table: deletedBlocks
2019-09-09 08:10:22,275 [main] INFO  db.DBStoreBuilder (DBStoreBuilder.java:processTables(161)) - Using default column profile:DBProfile.DISK for Table:deletedBlocks
2019-09-09 08:10:22,275 [main] INFO  db.DBStoreBuilder (DBStoreBuilder.java:addTable(110)) - using custom profile for table: validCerts
2019-09-09 08:10:22,276 [main] INFO  db.DBStoreBuilder (DBStoreBuilder.java:processTables(161)) - Using default column profile:DBProfile.DISK for Table:validCerts
2019-09-09 08:10:22,276 [main] INFO  db.DBStoreBuilder (DBStoreBuilder.java:addTable(110)) - using custom profile for table: revokedCerts
2019-09-09 08:10:22,276 [main] INFO  db.DBStoreBuilder (DBStoreBuilder.java:processTables(161)) - Using default column profile:DBProfile.DISK for Table:revokedCerts
2019-09-09 08:10:22,276 [main] INFO  db.DBStoreBuilder (DBStoreBuilder.java:addTable(110)) - using custom profile for table: default
2019-09-09 08:10:22,277 [main] INFO  db.DBStoreBuilder (DBStoreBuilder.java:processTables(167)) - Using default column profile:DBProfile.DISK for Table:default
2019-09-09 08:10:22,277 [main] INFO  db.DBStoreBuilder (DBStoreBuilder.java:getDbProfile(198)) - Using default options. DBProfile.DISK
2019-09-09 08:10:22,622 [main] INFO  net.NodeSchemaLoader (NodeSchemaLoader.java:loadSchemaFromFile(125)) - Loading file from sun.misc.CompoundEnumeration@5d601832
2019-09-09 08:10:22,622 [main] INFO  net.NodeSchemaLoader (NodeSchemaLoader.java:loadSchema(171)) - Loading network topology layer schema file
2019-09-09 08:10:22,629 [main] INFO  node.SCMNodeManager (SCMNodeManager.java:<init>(114)) - Entering startup safe mode.
2019-09-09 08:10:22,630 [main] INFO  algorithms.ContainerPlacementPolicyFactory (ContainerPlacementPolicyFactory.java:getPolicy(55)) - Create container placement policy of type org.apache.hadoop.hdds.scm.container.placement.algorithms.SCMContainerPlacementRandom
2019-09-09 08:10:22,630 [main] WARN  server.ServerUtils (ServerUtils.java:getScmDbDir(145)) - ozone.scm.db.dirs is not configured. We recommend adding this setting. Falling back to ozone.metadata.dirs instead.
2019-09-09 08:10:22,771 [main] INFO  pipeline.SCMPipelineManager (SCMPipelineManager.java:initializePipelineState(128)) - No pipeline exists in current db
2019-09-09 08:10:22,771 [main] WARN  server.ServerUtils (ServerUtils.java:getScmDbDir(145)) - ozone.scm.db.dirs is not configured. We recommend adding this setting. Falling back to ozone.metadata.dirs instead.
2019-09-09 08:10:22,912 [main] WARN  events.EventQueue (EventQueue.java:fireEvent(183)) - No event handler registered for event TypedEvent{payloadType=SafeModeStatus, name='SafeModeStatus'}
2019-09-09 08:10:22,913 [main] INFO  ipc.CallQueueManager (CallQueueManager.java:<init>(84)) - Using callQueue: class java.util.concurrent.LinkedBlockingQueue, queueCapacity: 2000, scheduler: class org.apache.hadoop.ipc.DefaultRpcScheduler, ipcBackoff: false.
2019-09-09 08:10:22,917 [Socket Reader #1 for port 45363] INFO  ipc.Server (Server.java:run(1074)) - Starting Socket Reader #1 for port 45363
2019-09-09 08:10:22,920 [main] INFO  ipc.CallQueueManager (CallQueueManager.java:<init>(84)) - Using callQueue: class java.util.concurrent.LinkedBlockingQueue, queueCapacity: 2000, scheduler: class org.apache.hadoop.ipc.DefaultRpcScheduler, ipcBackoff: false.
2019-09-09 08:10:22,921 [Socket Reader #1 for port 42257] INFO  ipc.Server (Server.java:run(1074)) - Starting Socket Reader #1 for port 42257
2019-09-09 08:10:22,924 [main] INFO  ipc.CallQueueManager (CallQueueManager.java:<init>(84)) - Using callQueue: class java.util.concurrent.LinkedBlockingQueue, queueCapacity: 2000, scheduler: class org.apache.hadoop.ipc.DefaultRpcScheduler, ipcBackoff: false.
2019-09-09 08:10:22,925 [Socket Reader #1 for port 39934] INFO  ipc.Server (Server.java:run(1074)) - Starting Socket Reader #1 for port 39934
2019-09-09 08:10:22,928 [main] INFO  hdfs.DFSUtil (DFSUtil.java:httpServerTemplateForNNAndJN(1641)) - Starting Web-server for scm at: http://0.0.0.0:0
2019-09-09 08:10:22,930 [main] INFO  server.AuthenticationFilter (AuthenticationFilter.java:constructSecretProvider(240)) - Unable to initialize FileSignerSecretProvider, falling back to use random secrets.
2019-09-09 08:10:22,931 [main] WARN  http.HttpRequestLog (HttpRequestLog.java:getRequestLog(97)) - Jetty request log can only be enabled using Log4j
2019-09-09 08:10:22,934 [main] INFO  http.HttpServer2 (HttpServer2.java:addGlobalFilter(975)) - Added global filter 'safety' (class=org.apache.hadoop.http.HttpServer2$QuotingInputFilter)
2019-09-09 08:10:22,934 [main] INFO  http.HttpServer2 (HttpServer2.java:addFilter(948)) - Added filter static_user_filter (class=org.apache.hadoop.http.lib.StaticUserWebFilter$StaticUserFilter) to context scm
2019-09-09 08:10:22,935 [main] INFO  http.HttpServer2 (HttpServer2.java:addFilter(958)) - Added filter static_user_filter (class=org.apache.hadoop.http.lib.StaticUserWebFilter$StaticUserFilter) to context logs
2019-09-09 08:10:22,935 [main] INFO  http.HttpServer2 (HttpServer2.java:addFilter(958)) - Added filter static_user_filter (class=org.apache.hadoop.http.lib.StaticUserWebFilter$StaticUserFilter) to context static
2019-09-09 08:10:22,937 [main] INFO  server.StorageContainerManager (StorageContainerManager.java:start(759)) - StorageContainerLocationProtocol RPC server is listening at /0.0.0.0:39934
2019-09-09 08:10:22,940 [main] WARN  impl.MetricsConfig (MetricsConfig.java:loadFirst(134)) - Cannot locate configuration: tried hadoop-metrics2-storagecontainermanager.properties,hadoop-metrics2.properties
2019-09-09 08:10:22,941 [main] INFO  impl.MetricsSystemImpl (MetricsSystemImpl.java:startTimer(374)) - Scheduled Metric snapshot period at 10 second(s).
2019-09-09 08:10:22,941 [main] INFO  impl.MetricsSystemImpl (MetricsSystemImpl.java:start(191)) - StorageContainerManager metrics system started
2019-09-09 08:10:23,013 [main] WARN  impl.MetricsSystemImpl (MetricsSystemImpl.java:register(276)) - Sink prometheus already exists!
2019-09-09 08:10:23,066 [main] INFO  server.SCMClientProtocolServer (SCMClientProtocolServer.java:start(151)) - RPC server for Client  is listening at /0.0.0.0:39934
2019-09-09 08:10:23,066 [IPC Server Responder] INFO  ipc.Server (Server.java:run(1314)) - IPC Server Responder: starting
2019-09-09 08:10:23,066 [IPC Server listener on 39934] INFO  ipc.Server (Server.java:run(1153)) - IPC Server listener on 39934: starting
2019-09-09 08:10:23,071 [main] INFO  server.StorageContainerManager (StorageContainerManager.java:start(769)) - ScmBlockLocationProtocol RPC server is listening at /0.0.0.0:42257
2019-09-09 08:10:23,071 [main] INFO  server.SCMBlockProtocolServer (SCMBlockProtocolServer.java:start(146)) - RPC server for Block Protocol is listening at /0.0.0.0:42257
2019-09-09 08:10:23,071 [IPC Server Responder] INFO  ipc.Server (Server.java:run(1314)) - IPC Server Responder: starting
2019-09-09 08:10:23,072 [IPC Server listener on 42257] INFO  ipc.Server (Server.java:run(1153)) - IPC Server listener on 42257: starting
2019-09-09 08:10:23,075 [main] INFO  server.StorageContainerManager (StorageContainerManager.java:start(773)) - ScmDatanodeProtocl RPC server is listening at /0.0.0.0:45363
2019-09-09 08:10:23,075 [main] INFO  server.SCMDatanodeProtocolServer (SCMDatanodeProtocolServer.java:start(191)) - RPC server for DataNodes is listening at /0.0.0.0:45363
2019-09-09 08:10:23,076 [IPC Server Responder] INFO  ipc.Server (Server.java:run(1314)) - IPC Server Responder: starting
2019-09-09 08:10:23,076 [IPC Server listener on 45363] INFO  ipc.Server (Server.java:run(1153)) - IPC Server listener on 45363: starting
2019-09-09 08:10:23,080 [main] INFO  http.HttpServer2 (HttpServer2.java:bindListener(1191)) - Jetty bound to port 40231
2019-09-09 08:10:23,080 [main] INFO  server.Server (Server.java:doStart(351)) - jetty-9.3.24.v20180605, build timestamp: 2018-06-05T17:11:56Z, git hash: 84205aa28f11a4f31f2a3b86d1bba2cc8ab69827
2019-09-09 08:10:23,081 [main] INFO  handler.ContextHandler (ContextHandler.java:doStart(781)) - Started o.e.j.s.ServletContextHandler@3ef3f661{/logs,file:///workdir/hadoop-ozone/integration-test/target/log,AVAILABLE}
2019-09-09 08:10:23,082 [main] INFO  handler.ContextHandler (ContextHandler.java:doStart(781)) - Started o.e.j.s.ServletContextHandler@5b332439{/static,file:///workdir/hadoop-ozone/integration-test/target/test-classes/webapps/static,AVAILABLE}
2019-09-09 08:10:23,085 [main] INFO  handler.ContextHandler (ContextHandler.java:doStart(781)) - Started o.e.j.w.WebAppContext@33f4c769{/,file:///workdir/hadoop-ozone/integration-test/target/test-classes/webapps/scm/,AVAILABLE}{/scm}
2019-09-09 08:10:23,086 [main] INFO  server.AbstractConnector (AbstractConnector.java:doStart(278)) - Started ServerConnector@4ebd6fd6{HTTP/1.1,[http/1.1]}{0.0.0.0:40231}
2019-09-09 08:10:23,086 [main] INFO  server.Server (Server.java:doStart(419)) - Started @665052ms
2019-09-09 08:10:23,087 [main] WARN  impl.MetricsSystemImpl (MetricsSystemImpl.java:register(276)) - Sink prometheus already exists!
2019-09-09 08:10:23,087 [main] INFO  server.BaseHttpServer (BaseHttpServer.java:updateConnectorAddress(215)) - HTTP server of SCM is listening at http://0.0.0.0:40231
2019-09-09 08:10:23,088 [main] WARN  server.ServerUtils (ServerUtils.java:getDBPath(222)) - ozone.om.db.dirs is not configured. We recommend adding this setting. Falling back to ozone.metadata.dirs instead.
2019-09-09 08:10:23,088 [org.apache.hadoop.util.JvmPauseMonitor$Monitor@7404ddca] INFO  util.JvmPauseMonitor (JvmPauseMonitor.java:run(188)) - Starting JVM pause monitor
2019-09-09 08:10:23,113 [main] WARN  server.ServerUtils (ServerUtils.java:getDBPath(222)) - ozone.om.db.dirs is not configured. We recommend adding this setting. Falling back to ozone.metadata.dirs instead.
2019-09-09 08:10:23,114 [main] WARN  server.ServerUtils (ServerUtils.java:getDBPath(222)) - ozone.om.db.dirs is not configured. We recommend adding this setting. Falling back to ozone.metadata.dirs instead.
2019-09-09 08:10:23,114 [main] INFO  om.OzoneManager (OzoneManager.java:setOMNodeDetails(649)) - OM Service ID is not set. Setting it to the default ID: omServiceIdDefault
2019-09-09 08:10:23,114 [main] INFO  om.OzoneManager (OzoneManager.java:setOMNodeDetails(655)) - OM Node ID is not set. Setting it to the OmStorage's OmID: 30746bb4-2d92-45cd-be3b-33f05848bf81
2019-09-09 08:10:23,114 [main] INFO  om.OzoneManager (OzoneManager.java:loadOMHAConfigs(606)) - Found matching OM address with OMServiceId: null, OMNodeId: null, RPC Address: localhost:0 and Ratis port: 9872
2019-09-09 08:10:23,120 [main] WARN  server.ServerUtils (ServerUtils.java:getDBPath(222)) - ozone.om.db.dirs is not configured. We recommend adding this setting. Falling back to ozone.metadata.dirs instead.
2019-09-09 08:10:23,121 [main] INFO  db.DBStoreBuilder (DBStoreBuilder.java:addTable(110)) - using custom profile for table: userTable
2019-09-09 08:10:23,121 [main] INFO  db.DBStoreBuilder (DBStoreBuilder.java:processTables(161)) - Using default column profile:DBProfile.DISK for Table:userTable
2019-09-09 08:10:23,121 [main] INFO  db.DBStoreBuilder (DBStoreBuilder.java:addTable(110)) - using custom profile for table: volumeTable
2019-09-09 08:10:23,121 [main] INFO  db.DBStoreBuilder (DBStoreBuilder.java:processTables(161)) - Using default column profile:DBProfile.DISK for Table:volumeTable
2019-09-09 08:10:23,121 [main] INFO  db.DBStoreBuilder (DBStoreBuilder.java:addTable(110)) - using custom profile for table: bucketTable
2019-09-09 08:10:23,121 [main] INFO  db.DBStoreBuilder (DBStoreBuilder.java:processTables(161)) - Using default column profile:DBProfile.DISK for Table:bucketTable
2019-09-09 08:10:23,122 [main] INFO  db.DBStoreBuilder (DBStoreBuilder.java:addTable(110)) - using custom profile for table: keyTable
2019-09-09 08:10:23,122 [main] INFO  db.DBStoreBuilder (DBStoreBuilder.java:processTables(161)) - Using default column profile:DBProfile.DISK for Table:keyTable
2019-09-09 08:10:23,122 [main] INFO  db.DBStoreBuilder (DBStoreBuilder.java:addTable(110)) - using custom profile for table: deletedTable
2019-09-09 08:10:23,122 [main] INFO  db.DBStoreBuilder (DBStoreBuilder.java:processTables(161)) - Using default column profile:DBProfile.DISK for Table:deletedTable
2019-09-09 08:10:23,122 [main] INFO  db.DBStoreBuilder (DBStoreBuilder.java:addTable(110)) - using custom profile for table: openKeyTable
2019-09-09 08:10:23,122 [main] INFO  db.DBStoreBuilder (DBStoreBuilder.java:processTables(161)) - Using default column profile:DBProfile.DISK for Table:openKeyTable
2019-09-09 08:10:23,123 [main] INFO  db.DBStoreBuilder (DBStoreBuilder.java:addTable(110)) - using custom profile for table: s3Table
2019-09-09 08:10:23,123 [main] INFO  db.DBStoreBuilder (DBStoreBuilder.java:processTables(161)) - Using default column profile:DBProfile.DISK for Table:s3Table
2019-09-09 08:10:23,123 [main] INFO  db.DBStoreBuilder (DBStoreBuilder.java:addTable(110)) - using custom profile for table: multipartInfoTable
2019-09-09 08:10:23,123 [main] INFO  db.DBStoreBuilder (DBStoreBuilder.java:processTables(161)) - Using default column profile:DBProfile.DISK for Table:multipartInfoTable
2019-09-09 08:10:23,123 [main] INFO  db.DBStoreBuilder (DBStoreBuilder.java:addTable(110)) - using custom profile for table: dTokenTable
2019-09-09 08:10:23,123 [main] INFO  db.DBStoreBuilder (DBStoreBuilder.java:processTables(161)) - Using default column profile:DBProfile.DISK for Table:dTokenTable
2019-09-09 08:10:23,124 [main] INFO  db.DBStoreBuilder (DBStoreBuilder.java:addTable(110)) - using custom profile for table: s3SecretTable
2019-09-09 08:10:23,124 [main] INFO  db.DBStoreBuilder (DBStoreBuilder.java:processTables(161)) - Using default column profile:DBProfile.DISK for Table:s3SecretTable
2019-09-09 08:10:23,124 [main] INFO  db.DBStoreBuilder (DBStoreBuilder.java:addTable(110)) - using custom profile for table: prefixTable
2019-09-09 08:10:23,124 [main] INFO  db.DBStoreBuilder (DBStoreBuilder.java:processTables(161)) - Using default column profile:DBProfile.DISK for Table:prefixTable
2019-09-09 08:10:23,124 [main] INFO  db.DBStoreBuilder (DBStoreBuilder.java:addTable(110)) - using custom profile for table: default
2019-09-09 08:10:23,124 [main] INFO  db.DBStoreBuilder (DBStoreBuilder.java:processTables(167)) - Using default column profile:DBProfile.DISK for Table:default
2019-09-09 08:10:23,125 [main] INFO  db.DBStoreBuilder (DBStoreBuilder.java:getDbProfile(198)) - Using default options. DBProfile.DISK
2019-09-09 08:10:24,009 [main] INFO  ipc.CallQueueManager (CallQueueManager.java:<init>(84)) - Using callQueue: class java.util.concurrent.LinkedBlockingQueue, queueCapacity: 2000, scheduler: class org.apache.hadoop.ipc.DefaultRpcScheduler, ipcBackoff: false.
2019-09-09 08:10:24,011 [Socket Reader #1 for port 43639] INFO  ipc.Server (Server.java:run(1074)) - Starting Socket Reader #1 for port 43639
2019-09-09 08:10:24,028 [main] INFO  om.OzoneManager (OzoneManager.java:start(1240)) - OzoneManager RPC server is listening at localhost/127.0.0.1:43639
2019-09-09 08:10:24,029 [main] INFO  impl.MetricsSystemImpl (MetricsSystemImpl.java:init(158)) - OzoneManager metrics system started (again)
2019-09-09 08:10:24,030 [IPC Server Responder] INFO  ipc.Server (Server.java:run(1314)) - IPC Server Responder: starting
2019-09-09 08:10:24,030 [IPC Server listener on 43639] INFO  ipc.Server (Server.java:run(1153)) - IPC Server listener on 43639: starting
2019-09-09 08:10:24,037 [main] INFO  hdfs.DFSUtil (DFSUtil.java:httpServerTemplateForNNAndJN(1641)) - Starting Web-server for ozoneManager at: http://0.0.0.0:0
2019-09-09 08:10:24,039 [main] INFO  server.AuthenticationFilter (AuthenticationFilter.java:constructSecretProvider(240)) - Unable to initialize FileSignerSecretProvider, falling back to use random secrets.
2019-09-09 08:10:24,039 [main] WARN  http.HttpRequestLog (HttpRequestLog.java:getRequestLog(97)) - Jetty request log can only be enabled using Log4j
2019-09-09 08:10:24,041 [main] INFO  http.HttpServer2 (HttpServer2.java:addGlobalFilter(975)) - Added global filter 'safety' (class=org.apache.hadoop.http.HttpServer2$QuotingInputFilter)
2019-09-09 08:10:24,041 [main] INFO  http.HttpServer2 (HttpServer2.java:addFilter(948)) - Added filter static_user_filter (class=org.apache.hadoop.http.lib.StaticUserWebFilter$StaticUserFilter) to context ozoneManager
2019-09-09 08:10:24,041 [main] INFO  http.HttpServer2 (HttpServer2.java:addFilter(958)) - Added filter static_user_filter (class=org.apache.hadoop.http.lib.StaticUserWebFilter$StaticUserFilter) to context static
2019-09-09 08:10:24,042 [main] INFO  http.HttpServer2 (HttpServer2.java:addFilter(958)) - Added filter static_user_filter (class=org.apache.hadoop.http.lib.StaticUserWebFilter$StaticUserFilter) to context logs
2019-09-09 08:10:24,042 [main] INFO  http.HttpServer2 (HttpServer2.java:bindListener(1191)) - Jetty bound to port 40273
2019-09-09 08:10:24,042 [main] INFO  server.Server (Server.java:doStart(351)) - jetty-9.3.24.v20180605, build timestamp: 2018-06-05T17:11:56Z, git hash: 84205aa28f11a4f31f2a3b86d1bba2cc8ab69827
2019-09-09 08:10:24,044 [main] INFO  handler.ContextHandler (ContextHandler.java:doStart(781)) - Started o.e.j.s.ServletContextHandler@7cd3e0da{/logs,file:///workdir/hadoop-ozone/integration-test/target/log,AVAILABLE}
2019-09-09 08:10:24,044 [main] INFO  handler.ContextHandler (ContextHandler.java:doStart(781)) - Started o.e.j.s.ServletContextHandler@67e77f52{/static,file:///workdir/hadoop-ozone/integration-test/target/test-classes/webapps/static,AVAILABLE}
2019-09-09 08:10:24,048 [main] INFO  handler.ContextHandler (ContextHandler.java:doStart(781)) - Started o.e.j.w.WebAppContext@11c7a0b4{/,file:///workdir/hadoop-ozone/integration-test/target/test-classes/webapps/ozoneManager/,AVAILABLE}{/ozoneManager}
2019-09-09 08:10:24,049 [main] INFO  server.AbstractConnector (AbstractConnector.java:doStart(278)) - Started ServerConnector@75ed125a{HTTP/1.1,[http/1.1]}{0.0.0.0:40273}
2019-09-09 08:10:24,050 [main] INFO  server.Server (Server.java:doStart(419)) - Started @666016ms
2019-09-09 08:10:24,050 [main] WARN  impl.MetricsSystemImpl (MetricsSystemImpl.java:register(276)) - Sink prometheus already exists!
2019-09-09 08:10:24,050 [main] INFO  server.BaseHttpServer (BaseHttpServer.java:updateConnectorAddress(215)) - HTTP server of OZONEMANAGER is listening at http://0.0.0.0:40273
2019-09-09 08:10:24,065 [main] INFO  impl.MetricsSystemImpl (MetricsSystemImpl.java:init(158)) - HddsDatanode metrics system started (again)
2019-09-09 08:10:24,067 [main] INFO  ozone.HddsDatanodeService (HddsDatanodeService.java:start(184)) - HddsDatanodeService host:pr-hdds-2076-zndlt-2349722852 ip:192.168.5.142
2019-09-09 08:10:24,073 [main] INFO  volume.HddsVolume (HddsVolume.java:<init>(176)) - Creating Volume: /workdir/hadoop-ozone/integration-test/target/test-dir/MiniOzoneClusterImpl-550fe9fd-5f12-4795-9217-62db7b6f07fe/datanode-0/data/containers/hdds of  storage type : DISK and capacity : 1482555576320
2019-09-09 08:10:24,073 [main] INFO  volume.VolumeSet (VolumeSet.java:initializeVolumeSet(170)) - Added Volume : /workdir/hadoop-ozone/integration-test/target/test-dir/MiniOzoneClusterImpl-550fe9fd-5f12-4795-9217-62db7b6f07fe/datanode-0/data/containers/hdds to VolumeSet
2019-09-09 08:10:24,074 [main] INFO  volume.ThrottledAsyncChecker (ThrottledAsyncChecker.java:schedule(140)) - Scheduling a check for org.apache.hadoop.ozone.container.common.volume.HddsVolume@5a3cf824
2019-09-09 08:10:24,074 [main] INFO  volume.HddsVolumeChecker (HddsVolumeChecker.java:checkAllVolumes(203)) - Scheduled health check for volume org.apache.hadoop.ozone.container.common.volume.HddsVolume@5a3cf824
2019-09-09 08:10:24,087 [main] INFO  impl.RaftServerProxy (ConfUtils.java:logGet(43)) - raft.rpc.type = GRPC (default)
2019-09-09 08:10:24,088 [main] INFO  grpc.GrpcFactory (GrpcFactory.java:checkPooledByteBufAllocatorUseCacheForAllThreads(45)) - PERFORMANCE WARNING: useCacheForAllThreads is true that may cause Netty to create a lot garbage objects and, as a result, trigger GC.
	It is recommended to disable useCacheForAllThreads by setting -Dorg.apache.ratis.thirdparty.io.netty.allocator.useCacheForAllThreads=false in command line.
2019-09-09 08:10:24,088 [main] INFO  grpc.GrpcConfigKeys$Server (ConfUtils.java:logGet(43)) - raft.grpc.server.port = 0 (default)
2019-09-09 08:10:24,088 [main] INFO  server.GrpcService (ConfUtils.java:logGet(43)) - raft.grpc.message.size.max = 33570816 (custom)
2019-09-09 08:10:24,088 [main] INFO  server.RaftServerConfigKeys (ConfUtils.java:logGet(43)) - raft.server.log.appender.buffer.byte-limit = 33554432 (custom)
2019-09-09 08:10:24,088 [main] INFO  server.GrpcService (ConfUtils.java:logGet(43)) - raft.grpc.flow.control.window = 1MB (=1048576) (default)
2019-09-09 08:10:24,089 [main] INFO  server.RaftServerConfigKeys (ConfUtils.java:logGet(43)) - raft.server.rpc.request.timeout = 3000ms (default)
2019-09-09 08:10:24,089 [main] INFO  server.RaftServerConfigKeys (ConfUtils.java:logGet(43)) - raft.server.storage.dir = [/workdir/hadoop-ozone/integration-test/target/test-dir/MiniOzoneClusterImpl-550fe9fd-5f12-4795-9217-62db7b6f07fe/datanode-0/data/ratis] (custom)
2019-09-09 08:10:24,090 [main] INFO  hdfs.DFSUtil (DFSUtil.java:httpServerTemplateForNNAndJN(1641)) - Starting Web-server for hddsDatanode at: http://0.0.0.0:0
2019-09-09 08:10:24,091 [main] INFO  server.AuthenticationFilter (AuthenticationFilter.java:constructSecretProvider(240)) - Unable to initialize FileSignerSecretProvider, falling back to use random secrets.
2019-09-09 08:10:24,092 [main] WARN  http.HttpRequestLog (HttpRequestLog.java:getRequestLog(97)) - Jetty request log can only be enabled using Log4j
2019-09-09 08:10:24,093 [main] INFO  http.HttpServer2 (HttpServer2.java:addGlobalFilter(975)) - Added global filter 'safety' (class=org.apache.hadoop.http.HttpServer2$QuotingInputFilter)
2019-09-09 08:10:24,094 [main] INFO  http.HttpServer2 (HttpServer2.java:addFilter(948)) - Added filter static_user_filter (class=org.apache.hadoop.http.lib.StaticUserWebFilter$StaticUserFilter) to context hddsDatanode
2019-09-09 08:10:24,094 [main] INFO  http.HttpServer2 (HttpServer2.java:addFilter(958)) - Added filter static_user_filter (class=org.apache.hadoop.http.lib.StaticUserWebFilter$StaticUserFilter) to context logs
2019-09-09 08:10:24,094 [main] INFO  http.HttpServer2 (HttpServer2.java:addFilter(958)) - Added filter static_user_filter (class=org.apache.hadoop.http.lib.StaticUserWebFilter$StaticUserFilter) to context static
2019-09-09 08:10:24,095 [main] INFO  http.HttpServer2 (HttpServer2.java:bindListener(1191)) - Jetty bound to port 43931
2019-09-09 08:10:24,095 [main] INFO  server.Server (Server.java:doStart(351)) - jetty-9.3.24.v20180605, build timestamp: 2018-06-05T17:11:56Z, git hash: 84205aa28f11a4f31f2a3b86d1bba2cc8ab69827
2019-09-09 08:10:24,096 [main] INFO  handler.ContextHandler (ContextHandler.java:doStart(781)) - Started o.e.j.s.ServletContextHandler@4fe8f2ae{/logs,file:///workdir/hadoop-ozone/integration-test/target/log,AVAILABLE}
2019-09-09 08:10:24,097 [main] INFO  handler.ContextHandler (ContextHandler.java:doStart(781)) - Started o.e.j.s.ServletContextHandler@61808ecd{/static,jar:file:/home/user/.m2/repository/org/apache/hadoop/hadoop-hdds-container-service/0.5.0-SNAPSHOT/hadoop-hdds-container-service-0.5.0-SNAPSHOT.jar!/webapps/static,AVAILABLE}
2019-09-09 08:10:24,123 [main] INFO  handler.ContextHandler (ContextHandler.java:doStart(781)) - Started o.e.j.w.WebAppContext@6d7740f0{/,file:///tmp/jetty-0.0.0.0-43931-hddsDatanode-_-any-2935531911611386593.dir/webapp/,AVAILABLE}{/hddsDatanode}
2019-09-09 08:10:24,124 [main] INFO  server.AbstractConnector (AbstractConnector.java:doStart(278)) - Started ServerConnector@7b1a30e5{HTTP/1.1,[http/1.1]}{0.0.0.0:43931}
2019-09-09 08:10:24,125 [main] INFO  server.Server (Server.java:doStart(419)) - Started @666091ms
2019-09-09 08:10:24,125 [main] WARN  impl.MetricsSystemImpl (MetricsSystemImpl.java:register(276)) - Sink prometheus already exists!
2019-09-09 08:10:24,126 [main] INFO  server.BaseHttpServer (BaseHttpServer.java:updateConnectorAddress(215)) - HTTP server of HDDSDATANODE is listening at http://0.0.0.0:43931
2019-09-09 08:10:24,126 [main] INFO  impl.MetricsSystemImpl (MetricsSystemImpl.java:init(158)) - HddsDatanode metrics system started (again)
2019-09-09 08:10:24,129 [org.apache.hadoop.util.JvmPauseMonitor$Monitor@77b3bb5] INFO  util.JvmPauseMonitor (JvmPauseMonitor.java:run(188)) - Starting JVM pause monitor
2019-09-09 08:10:24,129 [main] INFO  ozone.HddsDatanodeService (HddsDatanodeService.java:start(184)) - HddsDatanodeService host:pr-hdds-2076-zndlt-2349722852 ip:192.168.5.142
2019-09-09 08:10:24,130 [Datanode State Machine Thread - 0] INFO  datanode.InitDatanodeState (InitDatanodeState.java:persistContainerDatanodeDetails(140)) - DatanodeDetails is persisted to /workdir/hadoop-ozone/integration-test/target/test-dir/MiniOzoneClusterImpl-550fe9fd-5f12-4795-9217-62db7b6f07fe/datanode-0/meta/datanode.id
2019-09-09 08:10:24,135 [main] INFO  volume.HddsVolume (HddsVolume.java:<init>(176)) - Creating Volume: /workdir/hadoop-ozone/integration-test/target/test-dir/MiniOzoneClusterImpl-550fe9fd-5f12-4795-9217-62db7b6f07fe/datanode-1/data/containers/hdds of  storage type : DISK and capacity : 1482555576320
2019-09-09 08:10:24,135 [main] INFO  volume.VolumeSet (VolumeSet.java:initializeVolumeSet(170)) - Added Volume : /workdir/hadoop-ozone/integration-test/target/test-dir/MiniOzoneClusterImpl-550fe9fd-5f12-4795-9217-62db7b6f07fe/datanode-1/data/containers/hdds to VolumeSet
2019-09-09 08:10:24,135 [main] INFO  volume.ThrottledAsyncChecker (ThrottledAsyncChecker.java:schedule(140)) - Scheduling a check for org.apache.hadoop.ozone.container.common.volume.HddsVolume@1d283d1
2019-09-09 08:10:24,136 [main] INFO  volume.HddsVolumeChecker (HddsVolumeChecker.java:checkAllVolumes(203)) - Scheduled health check for volume org.apache.hadoop.ozone.container.common.volume.HddsVolume@1d283d1
2019-09-09 08:10:24,149 [main] INFO  impl.RaftServerProxy (ConfUtils.java:logGet(43)) - raft.rpc.type = GRPC (default)
2019-09-09 08:10:24,150 [main] INFO  grpc.GrpcFactory (GrpcFactory.java:checkPooledByteBufAllocatorUseCacheForAllThreads(45)) - PERFORMANCE WARNING: useCacheForAllThreads is true that may cause Netty to create a lot garbage objects and, as a result, trigger GC.
	It is recommended to disable useCacheForAllThreads by setting -Dorg.apache.ratis.thirdparty.io.netty.allocator.useCacheForAllThreads=false in command line.
2019-09-09 08:10:24,150 [main] INFO  grpc.GrpcConfigKeys$Server (ConfUtils.java:logGet(43)) - raft.grpc.server.port = 0 (default)
2019-09-09 08:10:24,150 [main] INFO  server.GrpcService (ConfUtils.java:logGet(43)) - raft.grpc.message.size.max = 33570816 (custom)
2019-09-09 08:10:24,150 [main] INFO  server.RaftServerConfigKeys (ConfUtils.java:logGet(43)) - raft.server.log.appender.buffer.byte-limit = 33554432 (custom)
2019-09-09 08:10:24,150 [main] INFO  server.GrpcService (ConfUtils.java:logGet(43)) - raft.grpc.flow.control.window = 1MB (=1048576) (default)
2019-09-09 08:10:24,150 [main] INFO  server.RaftServerConfigKeys (ConfUtils.java:logGet(43)) - raft.server.rpc.request.timeout = 3000ms (default)
2019-09-09 08:10:24,151 [main] INFO  server.RaftServerConfigKeys (ConfUtils.java:logGet(43)) - raft.server.storage.dir = [/workdir/hadoop-ozone/integration-test/target/test-dir/MiniOzoneClusterImpl-550fe9fd-5f12-4795-9217-62db7b6f07fe/datanode-1/data/ratis] (custom)
2019-09-09 08:10:24,152 [main] INFO  hdfs.DFSUtil (DFSUtil.java:httpServerTemplateForNNAndJN(1641)) - Starting Web-server for hddsDatanode at: http://0.0.0.0:0
2019-09-09 08:10:24,153 [main] INFO  server.AuthenticationFilter (AuthenticationFilter.java:constructSecretProvider(240)) - Unable to initialize FileSignerSecretProvider, falling back to use random secrets.
2019-09-09 08:10:24,154 [main] WARN  http.HttpRequestLog (HttpRequestLog.java:getRequestLog(97)) - Jetty request log can only be enabled using Log4j
2019-09-09 08:10:24,155 [main] INFO  http.HttpServer2 (HttpServer2.java:addGlobalFilter(975)) - Added global filter 'safety' (class=org.apache.hadoop.http.HttpServer2$QuotingInputFilter)
2019-09-09 08:10:24,155 [main] INFO  http.HttpServer2 (HttpServer2.java:addFilter(948)) - Added filter static_user_filter (class=org.apache.hadoop.http.lib.StaticUserWebFilter$StaticUserFilter) to context hddsDatanode
2019-09-09 08:10:24,156 [main] INFO  http.HttpServer2 (HttpServer2.java:addFilter(958)) - Added filter static_user_filter (class=org.apache.hadoop.http.lib.StaticUserWebFilter$StaticUserFilter) to context logs
2019-09-09 08:10:24,156 [main] INFO  http.HttpServer2 (HttpServer2.java:addFilter(958)) - Added filter static_user_filter (class=org.apache.hadoop.http.lib.StaticUserWebFilter$StaticUserFilter) to context static
2019-09-09 08:10:24,156 [main] INFO  http.HttpServer2 (HttpServer2.java:bindListener(1191)) - Jetty bound to port 45084
2019-09-09 08:10:24,156 [main] INFO  server.Server (Server.java:doStart(351)) - jetty-9.3.24.v20180605, build timestamp: 2018-06-05T17:11:56Z, git hash: 84205aa28f11a4f31f2a3b86d1bba2cc8ab69827
2019-09-09 08:10:24,158 [main] INFO  handler.ContextHandler (ContextHandler.java:doStart(781)) - Started o.e.j.s.ServletContextHandler@634aa81e{/logs,file:///workdir/hadoop-ozone/integration-test/target/log,AVAILABLE}
2019-09-09 08:10:24,158 [main] INFO  handler.ContextHandler (ContextHandler.java:doStart(781)) - Started o.e.j.s.ServletContextHandler@52d96367{/static,jar:file:/home/user/.m2/repository/org/apache/hadoop/hadoop-hdds-container-service/0.5.0-SNAPSHOT/hadoop-hdds-container-service-0.5.0-SNAPSHOT.jar!/webapps/static,AVAILABLE}
2019-09-09 08:10:24,185 [main] INFO  handler.ContextHandler (ContextHandler.java:doStart(781)) - Started o.e.j.w.WebAppContext@b3857e2{/,file:///tmp/jetty-0.0.0.0-45084-hddsDatanode-_-any-6504101655451148631.dir/webapp/,AVAILABLE}{/hddsDatanode}
2019-09-09 08:10:24,186 [main] INFO  server.AbstractConnector (AbstractConnector.java:doStart(278)) - Started ServerConnector@25a290ee{HTTP/1.1,[http/1.1]}{0.0.0.0:45084}
2019-09-09 08:10:24,187 [main] INFO  server.Server (Server.java:doStart(419)) - Started @666153ms
2019-09-09 08:10:24,187 [main] WARN  impl.MetricsSystemImpl (MetricsSystemImpl.java:register(276)) - Sink prometheus already exists!
2019-09-09 08:10:24,188 [main] INFO  server.BaseHttpServer (BaseHttpServer.java:updateConnectorAddress(215)) - HTTP server of HDDSDATANODE is listening at http://0.0.0.0:45084
2019-09-09 08:10:24,188 [main] INFO  impl.MetricsSystemImpl (MetricsSystemImpl.java:init(158)) - HddsDatanode metrics system started (again)
2019-09-09 08:10:24,191 [org.apache.hadoop.util.JvmPauseMonitor$Monitor@26f983b] INFO  util.JvmPauseMonitor (JvmPauseMonitor.java:run(188)) - Starting JVM pause monitor
2019-09-09 08:10:24,191 [main] INFO  ozone.HddsDatanodeService (HddsDatanodeService.java:start(184)) - HddsDatanodeService host:pr-hdds-2076-zndlt-2349722852 ip:192.168.5.142
2019-09-09 08:10:24,192 [Datanode State Machine Thread - 0] INFO  datanode.InitDatanodeState (InitDatanodeState.java:persistContainerDatanodeDetails(140)) - DatanodeDetails is persisted to /workdir/hadoop-ozone/integration-test/target/test-dir/MiniOzoneClusterImpl-550fe9fd-5f12-4795-9217-62db7b6f07fe/datanode-1/meta/datanode.id
2019-09-09 08:10:24,197 [main] INFO  volume.HddsVolume (HddsVolume.java:<init>(176)) - Creating Volume: /workdir/hadoop-ozone/integration-test/target/test-dir/MiniOzoneClusterImpl-550fe9fd-5f12-4795-9217-62db7b6f07fe/datanode-2/data/containers/hdds of  storage type : DISK and capacity : 1482555576320
2019-09-09 08:10:24,197 [main] INFO  volume.VolumeSet (VolumeSet.java:initializeVolumeSet(170)) - Added Volume : /workdir/hadoop-ozone/integration-test/target/test-dir/MiniOzoneClusterImpl-550fe9fd-5f12-4795-9217-62db7b6f07fe/datanode-2/data/containers/hdds to VolumeSet
2019-09-09 08:10:24,197 [main] INFO  volume.ThrottledAsyncChecker (ThrottledAsyncChecker.java:schedule(140)) - Scheduling a check for org.apache.hadoop.ozone.container.common.volume.HddsVolume@655203e3
2019-09-09 08:10:24,198 [main] INFO  volume.HddsVolumeChecker (HddsVolumeChecker.java:checkAllVolumes(203)) - Scheduled health check for volume org.apache.hadoop.ozone.container.common.volume.HddsVolume@655203e3
2019-09-09 08:10:24,211 [main] INFO  impl.RaftServerProxy (ConfUtils.java:logGet(43)) - raft.rpc.type = GRPC (default)
2019-09-09 08:10:24,211 [main] INFO  grpc.GrpcFactory (GrpcFactory.java:checkPooledByteBufAllocatorUseCacheForAllThreads(45)) - PERFORMANCE WARNING: useCacheForAllThreads is true that may cause Netty to create a lot garbage objects and, as a result, trigger GC.
	It is recommended to disable useCacheForAllThreads by setting -Dorg.apache.ratis.thirdparty.io.netty.allocator.useCacheForAllThreads=false in command line.
2019-09-09 08:10:24,211 [main] INFO  grpc.GrpcConfigKeys$Server (ConfUtils.java:logGet(43)) - raft.grpc.server.port = 0 (default)
2019-09-09 08:10:24,211 [main] INFO  server.GrpcService (ConfUtils.java:logGet(43)) - raft.grpc.message.size.max = 33570816 (custom)
2019-09-09 08:10:24,212 [main] INFO  server.RaftServerConfigKeys (ConfUtils.java:logGet(43)) - raft.server.log.appender.buffer.byte-limit = 33554432 (custom)
2019-09-09 08:10:24,212 [main] INFO  server.GrpcService (ConfUtils.java:logGet(43)) - raft.grpc.flow.control.window = 1MB (=1048576) (default)
2019-09-09 08:10:24,212 [main] INFO  server.RaftServerConfigKeys (ConfUtils.java:logGet(43)) - raft.server.rpc.request.timeout = 3000ms (default)
2019-09-09 08:10:24,212 [main] INFO  server.RaftServerConfigKeys (ConfUtils.java:logGet(43)) - raft.server.storage.dir = [/workdir/hadoop-ozone/integration-test/target/test-dir/MiniOzoneClusterImpl-550fe9fd-5f12-4795-9217-62db7b6f07fe/datanode-2/data/ratis] (custom)
2019-09-09 08:10:24,214 [main] INFO  hdfs.DFSUtil (DFSUtil.java:httpServerTemplateForNNAndJN(1641)) - Starting Web-server for hddsDatanode at: http://0.0.0.0:0
2019-09-09 08:10:24,215 [main] INFO  server.AuthenticationFilter (AuthenticationFilter.java:constructSecretProvider(240)) - Unable to initialize FileSignerSecretProvider, falling back to use random secrets.
2019-09-09 08:10:24,215 [main] WARN  http.HttpRequestLog (HttpRequestLog.java:getRequestLog(97)) - Jetty request log can only be enabled using Log4j
2019-09-09 08:10:24,217 [main] INFO  http.HttpServer2 (HttpServer2.java:addGlobalFilter(975)) - Added global filter 'safety' (class=org.apache.hadoop.http.HttpServer2$QuotingInputFilter)
2019-09-09 08:10:24,217 [main] INFO  http.HttpServer2 (HttpServer2.java:addFilter(948)) - Added filter static_user_filter (class=org.apache.hadoop.http.lib.StaticUserWebFilter$StaticUserFilter) to context hddsDatanode
2019-09-09 08:10:24,217 [main] INFO  http.HttpServer2 (HttpServer2.java:addFilter(958)) - Added filter static_user_filter (class=org.apache.hadoop.http.lib.StaticUserWebFilter$StaticUserFilter) to context logs
2019-09-09 08:10:24,217 [main] INFO  http.HttpServer2 (HttpServer2.java:addFilter(958)) - Added filter static_user_filter (class=org.apache.hadoop.http.lib.StaticUserWebFilter$StaticUserFilter) to context static
2019-09-09 08:10:24,218 [main] INFO  http.HttpServer2 (HttpServer2.java:bindListener(1191)) - Jetty bound to port 37026
2019-09-09 08:10:24,218 [main] INFO  server.Server (Server.java:doStart(351)) - jetty-9.3.24.v20180605, build timestamp: 2018-06-05T17:11:56Z, git hash: 84205aa28f11a4f31f2a3b86d1bba2cc8ab69827
2019-09-09 08:10:24,219 [main] INFO  handler.ContextHandler (ContextHandler.java:doStart(781)) - Started o.e.j.s.ServletContextHandler@52c46334{/logs,file:///workdir/hadoop-ozone/integration-test/target/log,AVAILABLE}
2019-09-09 08:10:24,220 [main] INFO  handler.ContextHandler (ContextHandler.java:doStart(781)) - Started o.e.j.s.ServletContextHandler@5d767218{/static,jar:file:/home/user/.m2/repository/org/apache/hadoop/hadoop-hdds-container-service/0.5.0-SNAPSHOT/hadoop-hdds-container-service-0.5.0-SNAPSHOT.jar!/webapps/static,AVAILABLE}
2019-09-09 08:10:24,247 [main] INFO  handler.ContextHandler (ContextHandler.java:doStart(781)) - Started o.e.j.w.WebAppContext@3d8d970e{/,file:///tmp/jetty-0.0.0.0-37026-hddsDatanode-_-any-3955441034524911613.dir/webapp/,AVAILABLE}{/hddsDatanode}
2019-09-09 08:10:24,247 [main] INFO  server.AbstractConnector (AbstractConnector.java:doStart(278)) - Started ServerConnector@2fac80a8{HTTP/1.1,[http/1.1]}{0.0.0.0:37026}
2019-09-09 08:10:24,248 [main] INFO  server.Server (Server.java:doStart(419)) - Started @666214ms
2019-09-09 08:10:24,248 [main] WARN  impl.MetricsSystemImpl (MetricsSystemImpl.java:register(276)) - Sink prometheus already exists!
2019-09-09 08:10:24,249 [main] INFO  server.BaseHttpServer (BaseHttpServer.java:updateConnectorAddress(215)) - HTTP server of HDDSDATANODE is listening at http://0.0.0.0:37026
2019-09-09 08:10:24,249 [main] INFO  impl.MetricsSystemImpl (MetricsSystemImpl.java:init(158)) - HddsDatanode metrics system started (again)
2019-09-09 08:10:24,252 [org.apache.hadoop.util.JvmPauseMonitor$Monitor@50f0070b] INFO  util.JvmPauseMonitor (JvmPauseMonitor.java:run(188)) - Starting JVM pause monitor
2019-09-09 08:10:24,253 [main] INFO  ozone.HddsDatanodeService (HddsDatanodeService.java:start(184)) - HddsDatanodeService host:pr-hdds-2076-zndlt-2349722852 ip:192.168.5.142
2019-09-09 08:10:24,254 [Datanode State Machine Thread - 0] INFO  datanode.InitDatanodeState (InitDatanodeState.java:persistContainerDatanodeDetails(140)) - DatanodeDetails is persisted to /workdir/hadoop-ozone/integration-test/target/test-dir/MiniOzoneClusterImpl-550fe9fd-5f12-4795-9217-62db7b6f07fe/datanode-2/meta/datanode.id
2019-09-09 08:10:24,258 [main] INFO  volume.HddsVolume (HddsVolume.java:<init>(176)) - Creating Volume: /workdir/hadoop-ozone/integration-test/target/test-dir/MiniOzoneClusterImpl-550fe9fd-5f12-4795-9217-62db7b6f07fe/datanode-3/data/containers/hdds of  storage type : DISK and capacity : 1482555576320
2019-09-09 08:10:24,259 [main] INFO  volume.VolumeSet (VolumeSet.java:initializeVolumeSet(170)) - Added Volume : /workdir/hadoop-ozone/integration-test/target/test-dir/MiniOzoneClusterImpl-550fe9fd-5f12-4795-9217-62db7b6f07fe/datanode-3/data/containers/hdds to VolumeSet
2019-09-09 08:10:24,259 [main] INFO  volume.ThrottledAsyncChecker (ThrottledAsyncChecker.java:schedule(140)) - Scheduling a check for org.apache.hadoop.ozone.container.common.volume.HddsVolume@3c17bd0b
2019-09-09 08:10:24,259 [main] INFO  volume.HddsVolumeChecker (HddsVolumeChecker.java:checkAllVolumes(203)) - Scheduled health check for volume org.apache.hadoop.ozone.container.common.volume.HddsVolume@3c17bd0b
2019-09-09 08:10:24,273 [main] INFO  impl.RaftServerProxy (ConfUtils.java:logGet(43)) - raft.rpc.type = GRPC (default)
2019-09-09 08:10:24,273 [main] INFO  grpc.GrpcFactory (GrpcFactory.java:checkPooledByteBufAllocatorUseCacheForAllThreads(45)) - PERFORMANCE WARNING: useCacheForAllThreads is true that may cause Netty to create a lot garbage objects and, as a result, trigger GC.
	It is recommended to disable useCacheForAllThreads by setting -Dorg.apache.ratis.thirdparty.io.netty.allocator.useCacheForAllThreads=false in command line.
2019-09-09 08:10:24,273 [main] INFO  grpc.GrpcConfigKeys$Server (ConfUtils.java:logGet(43)) - raft.grpc.server.port = 0 (default)
2019-09-09 08:10:24,274 [main] INFO  server.GrpcService (ConfUtils.java:logGet(43)) - raft.grpc.message.size.max = 33570816 (custom)
2019-09-09 08:10:24,274 [main] INFO  server.RaftServerConfigKeys (ConfUtils.java:logGet(43)) - raft.server.log.appender.buffer.byte-limit = 33554432 (custom)
2019-09-09 08:10:24,274 [main] INFO  server.GrpcService (ConfUtils.java:logGet(43)) - raft.grpc.flow.control.window = 1MB (=1048576) (default)
2019-09-09 08:10:24,274 [main] INFO  server.RaftServerConfigKeys (ConfUtils.java:logGet(43)) - raft.server.rpc.request.timeout = 3000ms (default)
2019-09-09 08:10:24,275 [main] INFO  server.RaftServerConfigKeys (ConfUtils.java:logGet(43)) - raft.server.storage.dir = [/workdir/hadoop-ozone/integration-test/target/test-dir/MiniOzoneClusterImpl-550fe9fd-5f12-4795-9217-62db7b6f07fe/datanode-3/data/ratis] (custom)
2019-09-09 08:10:24,276 [main] INFO  hdfs.DFSUtil (DFSUtil.java:httpServerTemplateForNNAndJN(1641)) - Starting Web-server for hddsDatanode at: http://0.0.0.0:0
2019-09-09 08:10:24,277 [main] INFO  server.AuthenticationFilter (AuthenticationFilter.java:constructSecretProvider(240)) - Unable to initialize FileSignerSecretProvider, falling back to use random secrets.
2019-09-09 08:10:24,278 [main] WARN  http.HttpRequestLog (HttpRequestLog.java:getRequestLog(97)) - Jetty request log can only be enabled using Log4j
2019-09-09 08:10:24,279 [main] INFO  http.HttpServer2 (HttpServer2.java:addGlobalFilter(975)) - Added global filter 'safety' (class=org.apache.hadoop.http.HttpServer2$QuotingInputFilter)
2019-09-09 08:10:24,279 [main] INFO  http.HttpServer2 (HttpServer2.java:addFilter(948)) - Added filter static_user_filter (class=org.apache.hadoop.http.lib.StaticUserWebFilter$StaticUserFilter) to context hddsDatanode
2019-09-09 08:10:24,279 [main] INFO  http.HttpServer2 (HttpServer2.java:addFilter(958)) - Added filter static_user_filter (class=org.apache.hadoop.http.lib.StaticUserWebFilter$StaticUserFilter) to context static
2019-09-09 08:10:24,280 [main] INFO  http.HttpServer2 (HttpServer2.java:addFilter(958)) - Added filter static_user_filter (class=org.apache.hadoop.http.lib.StaticUserWebFilter$StaticUserFilter) to context logs
2019-09-09 08:10:24,280 [main] INFO  http.HttpServer2 (HttpServer2.java:bindListener(1191)) - Jetty bound to port 43905
2019-09-09 08:10:24,280 [main] INFO  server.Server (Server.java:doStart(351)) - jetty-9.3.24.v20180605, build timestamp: 2018-06-05T17:11:56Z, git hash: 84205aa28f11a4f31f2a3b86d1bba2cc8ab69827
2019-09-09 08:10:24,282 [main] INFO  handler.ContextHandler (ContextHandler.java:doStart(781)) - Started o.e.j.s.ServletContextHandler@67b560fe{/logs,file:///workdir/hadoop-ozone/integration-test/target/log,AVAILABLE}
2019-09-09 08:10:24,282 [main] INFO  handler.ContextHandler (ContextHandler.java:doStart(781)) - Started o.e.j.s.ServletContextHandler@14ed7ddf{/static,jar:file:/home/user/.m2/repository/org/apache/hadoop/hadoop-hdds-container-service/0.5.0-SNAPSHOT/hadoop-hdds-container-service-0.5.0-SNAPSHOT.jar!/webapps/static,AVAILABLE}
2019-09-09 08:10:24,310 [main] INFO  handler.ContextHandler (ContextHandler.java:doStart(781)) - Started o.e.j.w.WebAppContext@6c6c2a73{/,file:///tmp/jetty-0.0.0.0-43905-hddsDatanode-_-any-996992478318677003.dir/webapp/,AVAILABLE}{/hddsDatanode}
2019-09-09 08:10:24,310 [main] INFO  server.AbstractConnector (AbstractConnector.java:doStart(278)) - Started ServerConnector@6a4af081{HTTP/1.1,[http/1.1]}{0.0.0.0:43905}
2019-09-09 08:10:24,312 [main] INFO  server.Server (Server.java:doStart(419)) - Started @666278ms
2019-09-09 08:10:24,312 [main] WARN  impl.MetricsSystemImpl (MetricsSystemImpl.java:register(276)) - Sink prometheus already exists!
2019-09-09 08:10:24,313 [main] INFO  server.BaseHttpServer (BaseHttpServer.java:updateConnectorAddress(215)) - HTTP server of HDDSDATANODE is listening at http://0.0.0.0:43905
2019-09-09 08:10:24,313 [main] INFO  impl.MetricsSystemImpl (MetricsSystemImpl.java:init(158)) - HddsDatanode metrics system started (again)
2019-09-09 08:10:24,316 [org.apache.hadoop.util.JvmPauseMonitor$Monitor@7abef2a8] INFO  util.JvmPauseMonitor (JvmPauseMonitor.java:run(188)) - Starting JVM pause monitor
2019-09-09 08:10:24,317 [main] INFO  ozone.HddsDatanodeService (HddsDatanodeService.java:start(184)) - HddsDatanodeService host:pr-hdds-2076-zndlt-2349722852 ip:192.168.5.142
2019-09-09 08:10:24,318 [Datanode State Machine Thread - 0] INFO  datanode.InitDatanodeState (InitDatanodeState.java:persistContainerDatanodeDetails(140)) - DatanodeDetails is persisted to /workdir/hadoop-ozone/integration-test/target/test-dir/MiniOzoneClusterImpl-550fe9fd-5f12-4795-9217-62db7b6f07fe/datanode-3/meta/datanode.id
2019-09-09 08:10:24,323 [main] INFO  volume.HddsVolume (HddsVolume.java:<init>(176)) - Creating Volume: /workdir/hadoop-ozone/integration-test/target/test-dir/MiniOzoneClusterImpl-550fe9fd-5f12-4795-9217-62db7b6f07fe/datanode-4/data/containers/hdds of  storage type : DISK and capacity : 1482555576320
2019-09-09 08:10:24,323 [main] INFO  volume.VolumeSet (VolumeSet.java:initializeVolumeSet(170)) - Added Volume : /workdir/hadoop-ozone/integration-test/target/test-dir/MiniOzoneClusterImpl-550fe9fd-5f12-4795-9217-62db7b6f07fe/datanode-4/data/containers/hdds to VolumeSet
2019-09-09 08:10:24,324 [main] INFO  volume.ThrottledAsyncChecker (ThrottledAsyncChecker.java:schedule(140)) - Scheduling a check for org.apache.hadoop.ozone.container.common.volume.HddsVolume@5d7f1e59
2019-09-09 08:10:24,324 [main] INFO  volume.HddsVolumeChecker (HddsVolumeChecker.java:checkAllVolumes(203)) - Scheduled health check for volume org.apache.hadoop.ozone.container.common.volume.HddsVolume@5d7f1e59
2019-09-09 08:10:24,336 [main] INFO  impl.RaftServerProxy (ConfUtils.java:logGet(43)) - raft.rpc.type = GRPC (default)
2019-09-09 08:10:24,337 [main] INFO  grpc.GrpcFactory (GrpcFactory.java:checkPooledByteBufAllocatorUseCacheForAllThreads(45)) - PERFORMANCE WARNING: useCacheForAllThreads is true that may cause Netty to create a lot garbage objects and, as a result, trigger GC.
	It is recommended to disable useCacheForAllThreads by setting -Dorg.apache.ratis.thirdparty.io.netty.allocator.useCacheForAllThreads=false in command line.
2019-09-09 08:10:24,337 [main] INFO  grpc.GrpcConfigKeys$Server (ConfUtils.java:logGet(43)) - raft.grpc.server.port = 0 (default)
2019-09-09 08:10:24,337 [main] INFO  server.GrpcService (ConfUtils.java:logGet(43)) - raft.grpc.message.size.max = 33570816 (custom)
2019-09-09 08:10:24,337 [main] INFO  server.RaftServerConfigKeys (ConfUtils.java:logGet(43)) - raft.server.log.appender.buffer.byte-limit = 33554432 (custom)
2019-09-09 08:10:24,337 [main] INFO  server.GrpcService (ConfUtils.java:logGet(43)) - raft.grpc.flow.control.window = 1MB (=1048576) (default)
2019-09-09 08:10:24,338 [main] INFO  server.RaftServerConfigKeys (ConfUtils.java:logGet(43)) - raft.server.rpc.request.timeout = 3000ms (default)
2019-09-09 08:10:24,338 [main] INFO  server.RaftServerConfigKeys (ConfUtils.java:logGet(43)) - raft.server.storage.dir = [/workdir/hadoop-ozone/integration-test/target/test-dir/MiniOzoneClusterImpl-550fe9fd-5f12-4795-9217-62db7b6f07fe/datanode-4/data/ratis] (custom)
2019-09-09 08:10:24,339 [main] INFO  hdfs.DFSUtil (DFSUtil.java:httpServerTemplateForNNAndJN(1641)) - Starting Web-server for hddsDatanode at: http://0.0.0.0:0
2019-09-09 08:10:24,340 [main] INFO  server.AuthenticationFilter (AuthenticationFilter.java:constructSecretProvider(240)) - Unable to initialize FileSignerSecretProvider, falling back to use random secrets.
2019-09-09 08:10:24,341 [main] WARN  http.HttpRequestLog (HttpRequestLog.java:getRequestLog(97)) - Jetty request log can only be enabled using Log4j
2019-09-09 08:10:24,342 [main] INFO  http.HttpServer2 (HttpServer2.java:addGlobalFilter(975)) - Added global filter 'safety' (class=org.apache.hadoop.http.HttpServer2$QuotingInputFilter)
2019-09-09 08:10:24,342 [main] INFO  http.HttpServer2 (HttpServer2.java:addFilter(948)) - Added filter static_user_filter (class=org.apache.hadoop.http.lib.StaticUserWebFilter$StaticUserFilter) to context hddsDatanode
2019-09-09 08:10:24,342 [main] INFO  http.HttpServer2 (HttpServer2.java:addFilter(958)) - Added filter static_user_filter (class=org.apache.hadoop.http.lib.StaticUserWebFilter$StaticUserFilter) to context logs
2019-09-09 08:10:24,342 [main] INFO  http.HttpServer2 (HttpServer2.java:addFilter(958)) - Added filter static_user_filter (class=org.apache.hadoop.http.lib.StaticUserWebFilter$StaticUserFilter) to context static
2019-09-09 08:10:24,343 [main] INFO  http.HttpServer2 (HttpServer2.java:bindListener(1191)) - Jetty bound to port 41289
2019-09-09 08:10:24,343 [main] INFO  server.Server (Server.java:doStart(351)) - jetty-9.3.24.v20180605, build timestamp: 2018-06-05T17:11:56Z, git hash: 84205aa28f11a4f31f2a3b86d1bba2cc8ab69827
2019-09-09 08:10:24,345 [main] INFO  handler.ContextHandler (ContextHandler.java:doStart(781)) - Started o.e.j.s.ServletContextHandler@59e082f8{/logs,file:///workdir/hadoop-ozone/integration-test/target/log,AVAILABLE}
2019-09-09 08:10:24,345 [main] INFO  handler.ContextHandler (ContextHandler.java:doStart(781)) - Started o.e.j.s.ServletContextHandler@44d43cc9{/static,jar:file:/home/user/.m2/repository/org/apache/hadoop/hadoop-hdds-container-service/0.5.0-SNAPSHOT/hadoop-hdds-container-service-0.5.0-SNAPSHOT.jar!/webapps/static,AVAILABLE}
2019-09-09 08:10:24,377 [main] INFO  handler.ContextHandler (ContextHandler.java:doStart(781)) - Started o.e.j.w.WebAppContext@5ed31735{/,file:///tmp/jetty-0.0.0.0-41289-hddsDatanode-_-any-4123050623940090348.dir/webapp/,AVAILABLE}{/hddsDatanode}
2019-09-09 08:10:24,378 [main] INFO  server.AbstractConnector (AbstractConnector.java:doStart(278)) - Started ServerConnector@2fb082ff{HTTP/1.1,[http/1.1]}{0.0.0.0:41289}
2019-09-09 08:10:24,379 [main] INFO  server.Server (Server.java:doStart(419)) - Started @666345ms
2019-09-09 08:10:24,380 [main] WARN  impl.MetricsSystemImpl (MetricsSystemImpl.java:register(276)) - Sink prometheus already exists!
2019-09-09 08:10:24,381 [main] INFO  server.BaseHttpServer (BaseHttpServer.java:updateConnectorAddress(215)) - HTTP server of HDDSDATANODE is listening at http://0.0.0.0:41289
2019-09-09 08:10:24,381 [main] INFO  impl.MetricsSystemImpl (MetricsSystemImpl.java:init(158)) - HddsDatanode metrics system started (again)
2019-09-09 08:10:24,385 [org.apache.hadoop.util.JvmPauseMonitor$Monitor@fa5f571] INFO  util.JvmPauseMonitor (JvmPauseMonitor.java:run(188)) - Starting JVM pause monitor
2019-09-09 08:10:24,385 [main] INFO  ozone.HddsDatanodeService (HddsDatanodeService.java:start(184)) - HddsDatanodeService host:pr-hdds-2076-zndlt-2349722852 ip:192.168.5.142
2019-09-09 08:10:24,386 [Datanode State Machine Thread - 0] INFO  datanode.InitDatanodeState (InitDatanodeState.java:persistContainerDatanodeDetails(140)) - DatanodeDetails is persisted to /workdir/hadoop-ozone/integration-test/target/test-dir/MiniOzoneClusterImpl-550fe9fd-5f12-4795-9217-62db7b6f07fe/datanode-4/meta/datanode.id
2019-09-09 08:10:24,391 [main] INFO  volume.HddsVolume (HddsVolume.java:<init>(176)) - Creating Volume: /workdir/hadoop-ozone/integration-test/target/test-dir/MiniOzoneClusterImpl-550fe9fd-5f12-4795-9217-62db7b6f07fe/datanode-5/data/containers/hdds of  storage type : DISK and capacity : 1482555576320
2019-09-09 08:10:24,391 [main] INFO  volume.VolumeSet (VolumeSet.java:initializeVolumeSet(170)) - Added Volume : /workdir/hadoop-ozone/integration-test/target/test-dir/MiniOzoneClusterImpl-550fe9fd-5f12-4795-9217-62db7b6f07fe/datanode-5/data/containers/hdds to VolumeSet
2019-09-09 08:10:24,391 [main] INFO  volume.ThrottledAsyncChecker (ThrottledAsyncChecker.java:schedule(140)) - Scheduling a check for org.apache.hadoop.ozone.container.common.volume.HddsVolume@53f7a906
2019-09-09 08:10:24,392 [main] INFO  volume.HddsVolumeChecker (HddsVolumeChecker.java:checkAllVolumes(203)) - Scheduled health check for volume org.apache.hadoop.ozone.container.common.volume.HddsVolume@53f7a906
2019-09-09 08:10:24,411 [main] INFO  impl.RaftServerProxy (ConfUtils.java:logGet(43)) - raft.rpc.type = GRPC (default)
2019-09-09 08:10:24,412 [main] INFO  grpc.GrpcFactory (GrpcFactory.java:checkPooledByteBufAllocatorUseCacheForAllThreads(45)) - PERFORMANCE WARNING: useCacheForAllThreads is true that may cause Netty to create a lot garbage objects and, as a result, trigger GC.
	It is recommended to disable useCacheForAllThreads by setting -Dorg.apache.ratis.thirdparty.io.netty.allocator.useCacheForAllThreads=false in command line.
2019-09-09 08:10:24,412 [main] INFO  grpc.GrpcConfigKeys$Server (ConfUtils.java:logGet(43)) - raft.grpc.server.port = 0 (default)
2019-09-09 08:10:24,412 [main] INFO  server.GrpcService (ConfUtils.java:logGet(43)) - raft.grpc.message.size.max = 33570816 (custom)
2019-09-09 08:10:24,413 [main] INFO  server.RaftServerConfigKeys (ConfUtils.java:logGet(43)) - raft.server.log.appender.buffer.byte-limit = 33554432 (custom)
2019-09-09 08:10:24,413 [main] INFO  server.GrpcService (ConfUtils.java:logGet(43)) - raft.grpc.flow.control.window = 1MB (=1048576) (default)
2019-09-09 08:10:24,413 [main] INFO  server.RaftServerConfigKeys (ConfUtils.java:logGet(43)) - raft.server.rpc.request.timeout = 3000ms (default)
2019-09-09 08:10:24,414 [main] INFO  server.RaftServerConfigKeys (ConfUtils.java:logGet(43)) - raft.server.storage.dir = [/workdir/hadoop-ozone/integration-test/target/test-dir/MiniOzoneClusterImpl-550fe9fd-5f12-4795-9217-62db7b6f07fe/datanode-5/data/ratis] (custom)
2019-09-09 08:10:24,415 [main] INFO  hdfs.DFSUtil (DFSUtil.java:httpServerTemplateForNNAndJN(1641)) - Starting Web-server for hddsDatanode at: http://0.0.0.0:0
2019-09-09 08:10:24,417 [main] INFO  server.AuthenticationFilter (AuthenticationFilter.java:constructSecretProvider(240)) - Unable to initialize FileSignerSecretProvider, falling back to use random secrets.
2019-09-09 08:10:24,418 [main] WARN  http.HttpRequestLog (HttpRequestLog.java:getRequestLog(97)) - Jetty request log can only be enabled using Log4j
2019-09-09 08:10:24,419 [main] INFO  http.HttpServer2 (HttpServer2.java:addGlobalFilter(975)) - Added global filter 'safety' (class=org.apache.hadoop.http.HttpServer2$QuotingInputFilter)
2019-09-09 08:10:24,420 [main] INFO  http.HttpServer2 (HttpServer2.java:addFilter(948)) - Added filter static_user_filter (class=org.apache.hadoop.http.lib.StaticUserWebFilter$StaticUserFilter) to context hddsDatanode
2019-09-09 08:10:24,420 [main] INFO  http.HttpServer2 (HttpServer2.java:addFilter(958)) - Added filter static_user_filter (class=org.apache.hadoop.http.lib.StaticUserWebFilter$StaticUserFilter) to context logs
2019-09-09 08:10:24,420 [main] INFO  http.HttpServer2 (HttpServer2.java:addFilter(958)) - Added filter static_user_filter (class=org.apache.hadoop.http.lib.StaticUserWebFilter$StaticUserFilter) to context static
2019-09-09 08:10:24,421 [main] INFO  http.HttpServer2 (HttpServer2.java:bindListener(1191)) - Jetty bound to port 36866
2019-09-09 08:10:24,421 [main] INFO  server.Server (Server.java:doStart(351)) - jetty-9.3.24.v20180605, build timestamp: 2018-06-05T17:11:56Z, git hash: 84205aa28f11a4f31f2a3b86d1bba2cc8ab69827
2019-09-09 08:10:24,423 [main] INFO  handler.ContextHandler (ContextHandler.java:doStart(781)) - Started o.e.j.s.ServletContextHandler@85ab964{/logs,file:///workdir/hadoop-ozone/integration-test/target/log,AVAILABLE}
2019-09-09 08:10:24,424 [main] INFO  handler.ContextHandler (ContextHandler.java:doStart(781)) - Started o.e.j.s.ServletContextHandler@12365bd8{/static,jar:file:/home/user/.m2/repository/org/apache/hadoop/hadoop-hdds-container-service/0.5.0-SNAPSHOT/hadoop-hdds-container-service-0.5.0-SNAPSHOT.jar!/webapps/static,AVAILABLE}
2019-09-09 08:10:24,451 [main] INFO  handler.ContextHandler (ContextHandler.java:doStart(781)) - Started o.e.j.w.WebAppContext@7e848aea{/,file:///tmp/jetty-0.0.0.0-36866-hddsDatanode-_-any-2339595514654653686.dir/webapp/,AVAILABLE}{/hddsDatanode}
2019-09-09 08:10:24,451 [main] INFO  server.AbstractConnector (AbstractConnector.java:doStart(278)) - Started ServerConnector@786a3477{HTTP/1.1,[http/1.1]}{0.0.0.0:36866}
2019-09-09 08:10:24,452 [main] INFO  server.Server (Server.java:doStart(419)) - Started @666418ms
2019-09-09 08:10:24,453 [main] WARN  impl.MetricsSystemImpl (MetricsSystemImpl.java:register(276)) - Sink prometheus already exists!
2019-09-09 08:10:24,454 [main] INFO  server.BaseHttpServer (BaseHttpServer.java:updateConnectorAddress(215)) - HTTP server of HDDSDATANODE is listening at http://0.0.0.0:36866
2019-09-09 08:10:24,454 [main] INFO  impl.MetricsSystemImpl (MetricsSystemImpl.java:init(158)) - HddsDatanode metrics system started (again)
2019-09-09 08:10:24,458 [org.apache.hadoop.util.JvmPauseMonitor$Monitor@565d0779] INFO  util.JvmPauseMonitor (JvmPauseMonitor.java:run(188)) - Starting JVM pause monitor
2019-09-09 08:10:24,459 [main] INFO  ozone.HddsDatanodeService (HddsDatanodeService.java:start(184)) - HddsDatanodeService host:pr-hdds-2076-zndlt-2349722852 ip:192.168.5.142
2019-09-09 08:10:24,459 [Datanode State Machine Thread - 0] INFO  datanode.InitDatanodeState (InitDatanodeState.java:persistContainerDatanodeDetails(140)) - DatanodeDetails is persisted to /workdir/hadoop-ozone/integration-test/target/test-dir/MiniOzoneClusterImpl-550fe9fd-5f12-4795-9217-62db7b6f07fe/datanode-5/meta/datanode.id
2019-09-09 08:10:24,464 [main] INFO  volume.HddsVolume (HddsVolume.java:<init>(176)) - Creating Volume: /workdir/hadoop-ozone/integration-test/target/test-dir/MiniOzoneClusterImpl-550fe9fd-5f12-4795-9217-62db7b6f07fe/datanode-6/data/containers/hdds of  storage type : DISK and capacity : 1482555576320
2019-09-09 08:10:24,465 [main] INFO  volume.VolumeSet (VolumeSet.java:initializeVolumeSet(170)) - Added Volume : /workdir/hadoop-ozone/integration-test/target/test-dir/MiniOzoneClusterImpl-550fe9fd-5f12-4795-9217-62db7b6f07fe/datanode-6/data/containers/hdds to VolumeSet
2019-09-09 08:10:24,465 [main] INFO  volume.ThrottledAsyncChecker (ThrottledAsyncChecker.java:schedule(140)) - Scheduling a check for org.apache.hadoop.ozone.container.common.volume.HddsVolume@37c2f0b4
2019-09-09 08:10:24,465 [main] INFO  volume.HddsVolumeChecker (HddsVolumeChecker.java:checkAllVolumes(203)) - Scheduled health check for volume org.apache.hadoop.ozone.container.common.volume.HddsVolume@37c2f0b4
2019-09-09 08:10:24,479 [main] INFO  impl.RaftServerProxy (ConfUtils.java:logGet(43)) - raft.rpc.type = GRPC (default)
2019-09-09 08:10:24,479 [main] INFO  grpc.GrpcFactory (GrpcFactory.java:checkPooledByteBufAllocatorUseCacheForAllThreads(45)) - PERFORMANCE WARNING: useCacheForAllThreads is true that may cause Netty to create a lot garbage objects and, as a result, trigger GC.
	It is recommended to disable useCacheForAllThreads by setting -Dorg.apache.ratis.thirdparty.io.netty.allocator.useCacheForAllThreads=false in command line.
2019-09-09 08:10:24,479 [main] INFO  grpc.GrpcConfigKeys$Server (ConfUtils.java:logGet(43)) - raft.grpc.server.port = 0 (default)
2019-09-09 08:10:24,479 [main] INFO  server.GrpcService (ConfUtils.java:logGet(43)) - raft.grpc.message.size.max = 33570816 (custom)
2019-09-09 08:10:24,479 [main] INFO  server.RaftServerConfigKeys (ConfUtils.java:logGet(43)) - raft.server.log.appender.buffer.byte-limit = 33554432 (custom)
2019-09-09 08:10:24,480 [main] INFO  server.GrpcService (ConfUtils.java:logGet(43)) - raft.grpc.flow.control.window = 1MB (=1048576) (default)
2019-09-09 08:10:24,480 [main] INFO  server.RaftServerConfigKeys (ConfUtils.java:logGet(43)) - raft.server.rpc.request.timeout = 3000ms (default)
2019-09-09 08:10:24,480 [main] INFO  server.RaftServerConfigKeys (ConfUtils.java:logGet(43)) - raft.server.storage.dir = [/workdir/hadoop-ozone/integration-test/target/test-dir/MiniOzoneClusterImpl-550fe9fd-5f12-4795-9217-62db7b6f07fe/datanode-6/data/ratis] (custom)
2019-09-09 08:10:24,481 [main] INFO  hdfs.DFSUtil (DFSUtil.java:httpServerTemplateForNNAndJN(1641)) - Starting Web-server for hddsDatanode at: http://0.0.0.0:0
2019-09-09 08:10:24,482 [main] INFO  server.AuthenticationFilter (AuthenticationFilter.java:constructSecretProvider(240)) - Unable to initialize FileSignerSecretProvider, falling back to use random secrets.
2019-09-09 08:10:24,483 [main] WARN  http.HttpRequestLog (HttpRequestLog.java:getRequestLog(97)) - Jetty request log can only be enabled using Log4j
2019-09-09 08:10:24,484 [main] INFO  http.HttpServer2 (HttpServer2.java:addGlobalFilter(975)) - Added global filter 'safety' (class=org.apache.hadoop.http.HttpServer2$QuotingInputFilter)
2019-09-09 08:10:24,484 [main] INFO  http.HttpServer2 (HttpServer2.java:addFilter(948)) - Added filter static_user_filter (class=org.apache.hadoop.http.lib.StaticUserWebFilter$StaticUserFilter) to context hddsDatanode
2019-09-09 08:10:24,484 [main] INFO  http.HttpServer2 (HttpServer2.java:addFilter(958)) - Added filter static_user_filter (class=org.apache.hadoop.http.lib.StaticUserWebFilter$StaticUserFilter) to context logs
2019-09-09 08:10:24,485 [main] INFO  http.HttpServer2 (HttpServer2.java:addFilter(958)) - Added filter static_user_filter (class=org.apache.hadoop.http.lib.StaticUserWebFilter$StaticUserFilter) to context static
2019-09-09 08:10:24,485 [main] INFO  http.HttpServer2 (HttpServer2.java:bindListener(1191)) - Jetty bound to port 35985
2019-09-09 08:10:24,485 [main] INFO  server.Server (Server.java:doStart(351)) - jetty-9.3.24.v20180605, build timestamp: 2018-06-05T17:11:56Z, git hash: 84205aa28f11a4f31f2a3b86d1bba2cc8ab69827
2019-09-09 08:10:24,487 [main] INFO  handler.ContextHandler (ContextHandler.java:doStart(781)) - Started o.e.j.s.ServletContextHandler@5f0677f3{/logs,file:///workdir/hadoop-ozone/integration-test/target/log,AVAILABLE}
2019-09-09 08:10:24,487 [main] INFO  handler.ContextHandler (ContextHandler.java:doStart(781)) - Started o.e.j.s.ServletContextHandler@4cd7d5e1{/static,jar:file:/home/user/.m2/repository/org/apache/hadoop/hadoop-hdds-container-service/0.5.0-SNAPSHOT/hadoop-hdds-container-service-0.5.0-SNAPSHOT.jar!/webapps/static,AVAILABLE}
2019-09-09 08:10:24,521 [main] INFO  handler.ContextHandler (ContextHandler.java:doStart(781)) - Started o.e.j.w.WebAppContext@b5312df{/,file:///tmp/jetty-0.0.0.0-35985-hddsDatanode-_-any-8485612001430483488.dir/webapp/,AVAILABLE}{/hddsDatanode}
2019-09-09 08:10:24,521 [main] INFO  server.AbstractConnector (AbstractConnector.java:doStart(278)) - Started ServerConnector@4300e240{HTTP/1.1,[http/1.1]}{0.0.0.0:35985}
2019-09-09 08:10:24,521 [main] INFO  server.Server (Server.java:doStart(419)) - Started @666487ms
2019-09-09 08:10:24,523 [main] WARN  impl.MetricsSystemImpl (MetricsSystemImpl.java:register(276)) - Sink prometheus already exists!
2019-09-09 08:10:24,524 [main] INFO  server.BaseHttpServer (BaseHttpServer.java:updateConnectorAddress(215)) - HTTP server of HDDSDATANODE is listening at http://0.0.0.0:35985
2019-09-09 08:10:24,524 [main] INFO  ozone.MiniOzoneClusterImpl (MiniOzoneClusterImpl.java:lambda$waitForClusterToBeReady$0(140)) - Waiting for cluster to be ready. Got 0 of 7 DN Heartbeats.
2019-09-09 08:10:24,525 [org.apache.hadoop.util.JvmPauseMonitor$Monitor@c3a6097] INFO  util.JvmPauseMonitor (JvmPauseMonitor.java:run(188)) - Starting JVM pause monitor
2019-09-09 08:10:24,526 [Datanode State Machine Thread - 0] INFO  datanode.InitDatanodeState (InitDatanodeState.java:persistContainerDatanodeDetails(140)) - DatanodeDetails is persisted to /workdir/hadoop-ozone/integration-test/target/test-dir/MiniOzoneClusterImpl-550fe9fd-5f12-4795-9217-62db7b6f07fe/datanode-6/meta/datanode.id
2019-09-09 08:10:25,524 [main] INFO  ozone.MiniOzoneClusterImpl (MiniOzoneClusterImpl.java:lambda$waitForClusterToBeReady$0(140)) - Waiting for cluster to be ready. Got 0 of 7 DN Heartbeats.
2019-09-09 08:10:26,175 [Datanode State Machine Thread - 0] INFO  ozoneimpl.OzoneContainer (OzoneContainer.java:start(216)) - Attempting to start container services.
2019-09-09 08:10:26,175 [Datanode State Machine Thread - 0] INFO  ozoneimpl.OzoneContainer (OzoneContainer.java:startContainerScrub(178)) - Background container scanner has been disabled.
2019-09-09 08:10:26,176 [Datanode State Machine Thread - 0] INFO  ratis.XceiverServerRatis (XceiverServerRatis.java:start(393)) - Starting XceiverServerRatis 2c83aa93-f009-451a-9dcf-0b4432233ff4 at port 0
2019-09-09 08:10:26,181 [Datanode State Machine Thread - 0] INFO  impl.RaftServerProxy (RaftServerProxy.java:lambda$start$3(299)) - 2c83aa93-f009-451a-9dcf-0b4432233ff4: start RPC server
2019-09-09 08:10:26,189 [Datanode State Machine Thread - 0] INFO  server.GrpcService (GrpcService.java:startImpl(149)) - 2c83aa93-f009-451a-9dcf-0b4432233ff4: GrpcService started, listening on 0.0.0.0/0.0.0.0:36698
2019-09-09 08:10:26,189 [Datanode State Machine Thread - 0] INFO  ratis.XceiverServerRatis (XceiverServerRatis.java:start(403)) - XceiverServerRatis 2c83aa93-f009-451a-9dcf-0b4432233ff4 is started using port 36698
2019-09-09 08:10:26,190 [Datanode State Machine Thread - 0] INFO  server.XceiverServerGrpc (XceiverServerGrpc.java:start(163)) - XceiverServerGrpc 2c83aa93-f009-451a-9dcf-0b4432233ff4 is started using port 34769
2019-09-09 08:10:26,217 [Datanode State Machine Thread - 0] INFO  ozoneimpl.OzoneContainer (OzoneContainer.java:start(216)) - Attempting to start container services.
2019-09-09 08:10:26,217 [Datanode State Machine Thread - 0] INFO  ozoneimpl.OzoneContainer (OzoneContainer.java:startContainerScrub(178)) - Background container scanner has been disabled.
2019-09-09 08:10:26,217 [Datanode State Machine Thread - 0] INFO  ratis.XceiverServerRatis (XceiverServerRatis.java:start(393)) - Starting XceiverServerRatis 6aa0834b-231e-4111-87df-6afda18d0427 at port 0
2019-09-09 08:10:26,223 [Datanode State Machine Thread - 0] INFO  impl.RaftServerProxy (RaftServerProxy.java:lambda$start$3(299)) - 6aa0834b-231e-4111-87df-6afda18d0427: start RPC server
2019-09-09 08:10:26,224 [Datanode State Machine Thread - 0] INFO  server.GrpcService (GrpcService.java:startImpl(149)) - 6aa0834b-231e-4111-87df-6afda18d0427: GrpcService started, listening on 0.0.0.0/0.0.0.0:45430
2019-09-09 08:10:26,224 [Datanode State Machine Thread - 0] INFO  ratis.XceiverServerRatis (XceiverServerRatis.java:start(403)) - XceiverServerRatis 6aa0834b-231e-4111-87df-6afda18d0427 is started using port 45430
2019-09-09 08:10:26,224 [Datanode State Machine Thread - 0] INFO  server.XceiverServerGrpc (XceiverServerGrpc.java:start(163)) - XceiverServerGrpc 6aa0834b-231e-4111-87df-6afda18d0427 is started using port 41218
2019-09-09 08:10:26,266 [Datanode State Machine Thread - 0] INFO  ozoneimpl.OzoneContainer (OzoneContainer.java:start(216)) - Attempting to start container services.
2019-09-09 08:10:26,267 [Datanode State Machine Thread - 0] INFO  ozoneimpl.OzoneContainer (OzoneContainer.java:startContainerScrub(178)) - Background container scanner has been disabled.
2019-09-09 08:10:26,267 [Datanode State Machine Thread - 0] INFO  ratis.XceiverServerRatis (XceiverServerRatis.java:start(393)) - Starting XceiverServerRatis d5239ec2-78a2-4cd1-a8eb-80aa9cb2f2f7 at port 0
2019-09-09 08:10:26,274 [Datanode State Machine Thread - 0] INFO  impl.RaftServerProxy (RaftServerProxy.java:lambda$start$3(299)) - d5239ec2-78a2-4cd1-a8eb-80aa9cb2f2f7: start RPC server
2019-09-09 08:10:26,274 [Datanode State Machine Thread - 0] INFO  server.GrpcService (GrpcService.java:startImpl(149)) - d5239ec2-78a2-4cd1-a8eb-80aa9cb2f2f7: GrpcService started, listening on 0.0.0.0/0.0.0.0:40637
2019-09-09 08:10:26,275 [Datanode State Machine Thread - 0] INFO  ratis.XceiverServerRatis (XceiverServerRatis.java:start(403)) - XceiverServerRatis d5239ec2-78a2-4cd1-a8eb-80aa9cb2f2f7 is started using port 40637
2019-09-09 08:10:26,275 [Datanode State Machine Thread - 0] INFO  server.XceiverServerGrpc (XceiverServerGrpc.java:start(163)) - XceiverServerGrpc d5239ec2-78a2-4cd1-a8eb-80aa9cb2f2f7 is started using port 42449
2019-09-09 08:10:26,340 [Datanode State Machine Thread - 0] INFO  ozoneimpl.OzoneContainer (OzoneContainer.java:start(216)) - Attempting to start container services.
2019-09-09 08:10:26,341 [Datanode State Machine Thread - 0] INFO  ozoneimpl.OzoneContainer (OzoneContainer.java:startContainerScrub(178)) - Background container scanner has been disabled.
2019-09-09 08:10:26,341 [Datanode State Machine Thread - 0] INFO  ratis.XceiverServerRatis (XceiverServerRatis.java:start(393)) - Starting XceiverServerRatis 350e76c6-83a1-4611-85eb-62f03c20ce37 at port 0
2019-09-09 08:10:26,348 [Datanode State Machine Thread - 0] INFO  impl.RaftServerProxy (RaftServerProxy.java:lambda$start$3(299)) - 350e76c6-83a1-4611-85eb-62f03c20ce37: start RPC server
2019-09-09 08:10:26,348 [Datanode State Machine Thread - 0] INFO  server.GrpcService (GrpcService.java:startImpl(149)) - 350e76c6-83a1-4611-85eb-62f03c20ce37: GrpcService started, listening on 0.0.0.0/0.0.0.0:34354
2019-09-09 08:10:26,349 [Datanode State Machine Thread - 0] INFO  ratis.XceiverServerRatis (XceiverServerRatis.java:start(403)) - XceiverServerRatis 350e76c6-83a1-4611-85eb-62f03c20ce37 is started using port 34354
2019-09-09 08:10:26,349 [Datanode State Machine Thread - 0] INFO  server.XceiverServerGrpc (XceiverServerGrpc.java:start(163)) - XceiverServerGrpc 350e76c6-83a1-4611-85eb-62f03c20ce37 is started using port 39143
2019-09-09 08:10:26,409 [Datanode State Machine Thread - 0] INFO  ozoneimpl.OzoneContainer (OzoneContainer.java:start(216)) - Attempting to start container services.
2019-09-09 08:10:26,409 [Datanode State Machine Thread - 0] INFO  ozoneimpl.OzoneContainer (OzoneContainer.java:startContainerScrub(178)) - Background container scanner has been disabled.
2019-09-09 08:10:26,409 [Datanode State Machine Thread - 0] INFO  ratis.XceiverServerRatis (XceiverServerRatis.java:start(393)) - Starting XceiverServerRatis 0a9ac026-a0ca-44a0-95ed-35416f57c02b at port 0
2019-09-09 08:10:26,416 [Datanode State Machine Thread - 0] INFO  impl.RaftServerProxy (RaftServerProxy.java:lambda$start$3(299)) - 0a9ac026-a0ca-44a0-95ed-35416f57c02b: start RPC server
2019-09-09 08:10:26,417 [Datanode State Machine Thread - 0] INFO  server.GrpcService (GrpcService.java:startImpl(149)) - 0a9ac026-a0ca-44a0-95ed-35416f57c02b: GrpcService started, listening on 0.0.0.0/0.0.0.0:35360
2019-09-09 08:10:26,417 [Datanode State Machine Thread - 0] INFO  ratis.XceiverServerRatis (XceiverServerRatis.java:start(403)) - XceiverServerRatis 0a9ac026-a0ca-44a0-95ed-35416f57c02b is started using port 35360
2019-09-09 08:10:26,417 [Datanode State Machine Thread - 0] INFO  server.XceiverServerGrpc (XceiverServerGrpc.java:start(163)) - XceiverServerGrpc 0a9ac026-a0ca-44a0-95ed-35416f57c02b is started using port 40693
2019-09-09 08:10:26,483 [Datanode State Machine Thread - 0] INFO  ozoneimpl.OzoneContainer (OzoneContainer.java:start(216)) - Attempting to start container services.
2019-09-09 08:10:26,483 [Datanode State Machine Thread - 0] INFO  ozoneimpl.OzoneContainer (OzoneContainer.java:startContainerScrub(178)) - Background container scanner has been disabled.
2019-09-09 08:10:26,483 [Datanode State Machine Thread - 0] INFO  ratis.XceiverServerRatis (XceiverServerRatis.java:start(393)) - Starting XceiverServerRatis f0b1dae6-f321-4e50-a03e-542d768699a7 at port 0
2019-09-09 08:10:26,490 [Datanode State Machine Thread - 0] INFO  impl.RaftServerProxy (RaftServerProxy.java:lambda$start$3(299)) - f0b1dae6-f321-4e50-a03e-542d768699a7: start RPC server
2019-09-09 08:10:26,494 [Datanode State Machine Thread - 0] INFO  server.GrpcService (GrpcService.java:startImpl(149)) - f0b1dae6-f321-4e50-a03e-542d768699a7: GrpcService started, listening on 0.0.0.0/0.0.0.0:44392
2019-09-09 08:10:26,494 [Datanode State Machine Thread - 0] INFO  ratis.XceiverServerRatis (XceiverServerRatis.java:start(403)) - XceiverServerRatis f0b1dae6-f321-4e50-a03e-542d768699a7 is started using port 44392
2019-09-09 08:10:26,495 [Datanode State Machine Thread - 0] INFO  server.XceiverServerGrpc (XceiverServerGrpc.java:start(163)) - XceiverServerGrpc f0b1dae6-f321-4e50-a03e-542d768699a7 is started using port 39355
2019-09-09 08:10:26,525 [main] INFO  ozone.MiniOzoneClusterImpl (MiniOzoneClusterImpl.java:lambda$waitForClusterToBeReady$0(140)) - Waiting for cluster to be ready. Got 0 of 7 DN Heartbeats.
2019-09-09 08:10:26,539 [Datanode State Machine Thread - 0] INFO  ozoneimpl.OzoneContainer (OzoneContainer.java:start(216)) - Attempting to start container services.
2019-09-09 08:10:26,540 [Datanode State Machine Thread - 0] INFO  ozoneimpl.OzoneContainer (OzoneContainer.java:startContainerScrub(178)) - Background container scanner has been disabled.
2019-09-09 08:10:26,540 [Datanode State Machine Thread - 0] INFO  ratis.XceiverServerRatis (XceiverServerRatis.java:start(393)) - Starting XceiverServerRatis 287b279c-f855-45a5-8b0c-56f3c92d2fe2 at port 0
2019-09-09 08:10:26,548 [Datanode State Machine Thread - 0] INFO  impl.RaftServerProxy (RaftServerProxy.java:lambda$start$3(299)) - 287b279c-f855-45a5-8b0c-56f3c92d2fe2: start RPC server
2019-09-09 08:10:26,549 [Datanode State Machine Thread - 0] INFO  server.GrpcService (GrpcService.java:startImpl(149)) - 287b279c-f855-45a5-8b0c-56f3c92d2fe2: GrpcService started, listening on 0.0.0.0/0.0.0.0:39938
2019-09-09 08:10:26,549 [Datanode State Machine Thread - 0] INFO  ratis.XceiverServerRatis (XceiverServerRatis.java:start(403)) - XceiverServerRatis 287b279c-f855-45a5-8b0c-56f3c92d2fe2 is started using port 39938
2019-09-09 08:10:26,550 [Datanode State Machine Thread - 0] INFO  server.XceiverServerGrpc (XceiverServerGrpc.java:start(163)) - XceiverServerGrpc 287b279c-f855-45a5-8b0c-56f3c92d2fe2 is started using port 43943
2019-09-09 08:10:27,525 [main] INFO  ozone.MiniOzoneClusterImpl (MiniOzoneClusterImpl.java:lambda$waitForClusterToBeReady$0(140)) - Waiting for cluster to be ready. Got 0 of 7 DN Heartbeats.
2019-09-09 08:10:28,135 [IPC Server handler 0 on 45363] INFO  net.NetworkTopology (NetworkTopologyImpl.java:add(110)) - Added a new node: /default-rack/2c83aa93-f009-451a-9dcf-0b4432233ff4
2019-09-09 08:10:28,139 [IPC Server handler 0 on 45363] INFO  node.SCMNodeManager (SCMNodeManager.java:register(266)) - Registered Data node : 2c83aa93-f009-451a-9dcf-0b4432233ff4{ip: 192.168.5.142, host: pr-hdds-2076-zndlt-2349722852, networkLocation: /default-rack, certSerialId: null}
2019-09-09 08:10:28,140 [EventQueue-NodeRegistrationContainerReportForDataNodeSafeModeRule] INFO  safemode.SCMSafeModeManager (DataNodeSafeModeRule.java:process(71)) - SCM in safe mode. 1 DataNodes registered, 1 required.
2019-09-09 08:10:28,143 [EventQueue-NodeRegistrationContainerReportForDataNodeSafeModeRule] INFO  safemode.SCMSafeModeManager (SCMSafeModeManager.java:validateSafeModeExitRules(177)) - ScmSafeModeManager, all rules are successfully validated
2019-09-09 08:10:28,143 [EventQueue-NodeRegistrationContainerReportForDataNodeSafeModeRule] INFO  safemode.SCMSafeModeManager (SCMSafeModeManager.java:exitSafeMode(193)) - SCM exiting safe mode.
2019-09-09 08:10:28,152 [grpc-default-executor-13] INFO  impl.RaftServerProxy (RaftServerProxy.java:addNew(89)) - 2c83aa93-f009-451a-9dcf-0b4432233ff4: addNew group-F923644D616F:[2c83aa93-f009-451a-9dcf-0b4432233ff4:192.168.5.142:36698] returns group-F923644D616F:java.util.concurrent.CompletableFuture@42e18f45[Not completed]
2019-09-09 08:10:28,154 [pool-589-thread-1] INFO  impl.RaftServerImpl (RaftServerImpl.java:<init>(93)) - 2c83aa93-f009-451a-9dcf-0b4432233ff4: new RaftServerImpl for group-F923644D616F:[2c83aa93-f009-451a-9dcf-0b4432233ff4:192.168.5.142:36698] with ContainerStateMachine:uninitialized
2019-09-09 08:10:28,154 [pool-589-thread-1] INFO  server.RaftServerConfigKeys (ConfUtils.java:logGet(43)) - raft.server.rpc.timeout.min = 5s (custom)
2019-09-09 08:10:28,154 [pool-589-thread-1] INFO  server.RaftServerConfigKeys (ConfUtils.java:logGet(43)) - raft.server.rpc.timeout.max = 5200ms (custom)
2019-09-09 08:10:28,155 [pool-589-thread-1] INFO  server.RaftServerConfigKeys (ConfUtils.java:logGet(43)) - raft.server.rpcslowness.timeout = 120s (custom)
2019-09-09 08:10:28,155 [pool-589-thread-1] INFO  server.RaftServerConfigKeys (ConfUtils.java:logGet(43)) - raft.server.sleep.deviation.threshold = 300 (default)
2019-09-09 08:10:28,155 [pool-589-thread-1] INFO  server.RaftServerConfigKeys (ConfUtils.java:logGet(43)) - raft.server.log.appender.install.snapshot.enabled = false (custom)
2019-09-09 08:10:28,155 [pool-589-thread-1] INFO  impl.RaftServerImpl (ServerState.java:<init>(105)) - 2c83aa93-f009-451a-9dcf-0b4432233ff4:group-F923644D616F ConfigurationManager, init=-1: [2c83aa93-f009-451a-9dcf-0b4432233ff4:192.168.5.142:36698], old=null, confs=<EMPTY_MAP>
2019-09-09 08:10:28,155 [pool-589-thread-1] INFO  server.RaftServerConfigKeys (ConfUtils.java:logGet(43)) - raft.server.storage.dir = [/workdir/hadoop-ozone/integration-test/target/test-dir/MiniOzoneClusterImpl-550fe9fd-5f12-4795-9217-62db7b6f07fe/datanode-0/data/ratis] (custom)
2019-09-09 08:10:28,156 [pool-589-thread-1] INFO  storage.RaftStorageDirectory (RaftStorageDirectory.java:analyzeStorage(246)) - The storage directory /workdir/hadoop-ozone/integration-test/target/test-dir/MiniOzoneClusterImpl-550fe9fd-5f12-4795-9217-62db7b6f07fe/datanode-0/data/ratis/f9f30b29-3100-45e7-a3a1-f923644d616f does not exist. Creating ...
2019-09-09 08:10:28,181 [pool-589-thread-1] INFO  storage.RaftStorageDirectory (RaftStorageDirectory.java:tryLock(328)) - Lock on /workdir/hadoop-ozone/integration-test/target/test-dir/MiniOzoneClusterImpl-550fe9fd-5f12-4795-9217-62db7b6f07fe/datanode-0/data/ratis/f9f30b29-3100-45e7-a3a1-f923644d616f/in_use.lock acquired by nodename 30070@pr-hdds-2076-zndlt-2349722852
2019-09-09 08:10:28,193 [IPC Server handler 1 on 45363] INFO  net.NetworkTopology (NetworkTopologyImpl.java:add(110)) - Added a new node: /default-rack/6aa0834b-231e-4111-87df-6afda18d0427
2019-09-09 08:10:28,193 [IPC Server handler 1 on 45363] INFO  node.SCMNodeManager (SCMNodeManager.java:register(266)) - Registered Data node : 6aa0834b-231e-4111-87df-6afda18d0427{ip: 192.168.5.142, host: pr-hdds-2076-zndlt-2349722852, networkLocation: /default-rack, certSerialId: null}
2019-09-09 08:10:28,194 [pool-589-thread-1] INFO  storage.RaftStorage (RaftStorage.java:format(72)) - Storage directory /workdir/hadoop-ozone/integration-test/target/test-dir/MiniOzoneClusterImpl-550fe9fd-5f12-4795-9217-62db7b6f07fe/datanode-0/data/ratis/f9f30b29-3100-45e7-a3a1-f923644d616f has been successfully formatted.
2019-09-09 08:10:28,194 [pool-589-thread-1] INFO  ratis.ContainerStateMachine (ContainerStateMachine.java:loadSnapshot(227)) - group-F923644D616F: The snapshot info is null. Setting the last applied indexto:(t:0, i:~)
2019-09-09 08:10:28,194 [pool-589-thread-1] INFO  server.RaftServerConfigKeys (ConfUtils.java:logGet(43)) - raft.server.leader.election.timeout = 120s (custom)
2019-09-09 08:10:28,194 [pool-589-thread-1] INFO  server.RaftServerConfigKeys (ConfUtils.java:logGet(43)) - raft.server.log.use.memory = false (default)
2019-09-09 08:10:28,195 [pool-589-thread-1] INFO  server.RaftServerConfigKeys (ConfUtils.java:logGet(43)) - raft.server.log.purge.gap = 1000000 (custom)
2019-09-09 08:10:28,195 [pool-589-thread-1] INFO  server.RaftServerConfigKeys (ConfUtils.java:logGet(43)) - raft.server.log.appender.buffer.byte-limit = 33554432 (custom)
2019-09-09 08:10:28,195 [pool-589-thread-1] INFO  server.RaftServerConfigKeys (ConfUtils.java:logGet(43)) - raft.server.log.segment.size.max = 1048576 (custom)
2019-09-09 08:10:28,195 [pool-589-thread-1] INFO  server.RaftServerConfigKeys (ConfUtils.java:logGet(43)) - raft.server.log.segment.cache.num.max = 2 (custom)
2019-09-09 08:10:28,195 [pool-589-thread-1] INFO  segmented.SegmentedRaftLogWorker (SegmentedRaftLogWorker.java:<init>(172)) - new 2c83aa93-f009-451a-9dcf-0b4432233ff4-SegmentedRaftLogWorker:Storage Directory /workdir/hadoop-ozone/integration-test/target/test-dir/MiniOzoneClusterImpl-550fe9fd-5f12-4795-9217-62db7b6f07fe/datanode-0/data/ratis/f9f30b29-3100-45e7-a3a1-f923644d616f for RaftStorage:Storage Directory /workdir/hadoop-ozone/integration-test/target/test-dir/MiniOzoneClusterImpl-550fe9fd-5f12-4795-9217-62db7b6f07fe/datanode-0/data/ratis/f9f30b29-3100-45e7-a3a1-f923644d616f
2019-09-09 08:10:28,196 [pool-589-thread-1] INFO  server.RaftServerConfigKeys (ConfUtils.java:logGet(43)) - raft.server.log.queue.byte-limit = 2147483647 (custom)
2019-09-09 08:10:28,196 [pool-589-thread-1] INFO  server.RaftServerConfigKeys (ConfUtils.java:logGet(43)) - raft.server.log.queue.element-limit = 1024 (custom)
2019-09-09 08:10:28,196 [pool-589-thread-1] INFO  server.RaftServerConfigKeys (ConfUtils.java:logGet(43)) - raft.server.log.segment.size.max = 1048576 (custom)
2019-09-09 08:10:28,196 [pool-589-thread-1] INFO  server.RaftServerConfigKeys (ConfUtils.java:logGet(43)) - raft.server.log.preallocated.size = 16384 (custom)
2019-09-09 08:10:28,196 [pool-589-thread-1] INFO  server.RaftServerConfigKeys (ConfUtils.java:logGet(43)) - raft.server.log.write.buffer.size = 33554432 (custom)
2019-09-09 08:10:28,197 [pool-589-thread-1] INFO  server.RaftServerConfigKeys (ConfUtils.java:logGet(43)) - raft.server.log.force.sync.num = 128 (default)
2019-09-09 08:10:28,197 [pool-589-thread-1] INFO  server.RaftServerConfigKeys (ConfUtils.java:logGet(43)) - raft.server.log.statemachine.data.sync = true (default)
2019-09-09 08:10:28,197 [pool-589-thread-1] INFO  server.RaftServerConfigKeys (ConfUtils.java:logGet(43)) - raft.server.log.statemachine.data.sync.timeout = 10s (default)
2019-09-09 08:10:28,197 [pool-589-thread-1] INFO  server.RaftServerConfigKeys (ConfUtils.java:logGet(43)) - raft.server.log.statemachine.data.sync.timeout.retry = -1 (default)
2019-09-09 08:10:28,198 [pool-589-thread-1] INFO  server.RaftServerConfigKeys (ConfUtils.java:logGet(43)) - raft.server.log.statemachine.data.caching.enabled = true (custom)
2019-09-09 08:10:28,198 [pool-589-thread-1] INFO  segmented.SegmentedRaftLogWorker (SegmentedRaftLogWorker.java:lambda$new$0(132)) - 2c83aa93-f009-451a-9dcf-0b4432233ff4-SegmentedRaftLogWorker:Storage Directory /workdir/hadoop-ozone/integration-test/target/test-dir/MiniOzoneClusterImpl-550fe9fd-5f12-4795-9217-62db7b6f07fe/datanode-0/data/ratis/f9f30b29-3100-45e7-a3a1-f923644d616f: flushIndex: setUnconditionally 0 -> -1
2019-09-09 08:10:28,198 [pool-589-thread-1] INFO  server.RaftServerConfigKeys (ConfUtils.java:logGet(43)) - raft.server.snapshot.auto.trigger.enabled = true (custom)
2019-09-09 08:10:28,199 [pool-589-thread-1] INFO  server.RaftServerConfigKeys (ConfUtils.java:logGet(43)) - raft.server.snapshot.auto.trigger.threshold = 10000 (custom)
2019-09-09 08:10:28,199 [pool-589-thread-1] INFO  server.RaftServerConfigKeys (ConfUtils.java:logGet(43)) - raft.server.retrycache.expirytime = 600000ms (custom)
2019-09-09 08:10:28,199 [pool-589-thread-1] INFO  impl.RaftServerImpl (RaftServerImpl.java:start(180)) - 2c83aa93-f009-451a-9dcf-0b4432233ff4: start group-F923644D616F
2019-09-09 08:10:28,199 [pool-589-thread-1] INFO  impl.RaftServerImpl (RaftServerImpl.java:setRole(171)) - 2c83aa93-f009-451a-9dcf-0b4432233ff4:group-F923644D616F changes role from null to FOLLOWER at term 0 for startAsFollower
2019-09-09 08:10:28,199 [pool-589-thread-1] INFO  impl.RoleInfo (RoleInfo.java:updateAndGet(143)) - 2c83aa93-f009-451a-9dcf-0b4432233ff4: start FollowerState
2019-09-09 08:10:28,200 [pool-589-thread-1] INFO  util.JmxRegister (JmxRegister.java:tryRegister(44)) - Successfully registered JMX Bean with object name Ratis:service=RaftServer,group=group-F923644D616F,id=2c83aa93-f009-451a-9dcf-0b4432233ff4
2019-09-09 08:10:28,205 [RatisPipelineUtilsThread] INFO  pipeline.PipelineStateManager (PipelineStateManager.java:addPipeline(56)) - Created pipeline Pipeline[ Id: f9f30b29-3100-45e7-a3a1-f923644d616f, Nodes: 2c83aa93-f009-451a-9dcf-0b4432233ff4{ip: 192.168.5.142, host: pr-hdds-2076-zndlt-2349722852, networkLocation: /default-rack, certSerialId: null}, Type:RATIS, Factor:ONE, State:OPEN]
2019-09-09 08:10:28,212 [grpc-default-executor-13] INFO  impl.RaftServerProxy (RaftServerProxy.java:addNew(89)) - 6aa0834b-231e-4111-87df-6afda18d0427: addNew group-9109E46191B7:[6aa0834b-231e-4111-87df-6afda18d0427:192.168.5.142:45430] returns group-9109E46191B7:java.util.concurrent.CompletableFuture@72a4b9c1[Not completed]
2019-09-09 08:10:28,213 [pool-599-thread-1] INFO  impl.RaftServerImpl (RaftServerImpl.java:<init>(93)) - 6aa0834b-231e-4111-87df-6afda18d0427: new RaftServerImpl for group-9109E46191B7:[6aa0834b-231e-4111-87df-6afda18d0427:192.168.5.142:45430] with ContainerStateMachine:uninitialized
2019-09-09 08:10:28,214 [pool-599-thread-1] INFO  server.RaftServerConfigKeys (ConfUtils.java:logGet(43)) - raft.server.rpc.timeout.min = 5s (custom)
2019-09-09 08:10:28,214 [pool-599-thread-1] INFO  server.RaftServerConfigKeys (ConfUtils.java:logGet(43)) - raft.server.rpc.timeout.max = 5200ms (custom)
2019-09-09 08:10:28,214 [pool-599-thread-1] INFO  server.RaftServerConfigKeys (ConfUtils.java:logGet(43)) - raft.server.rpcslowness.timeout = 120s (custom)
2019-09-09 08:10:28,214 [pool-599-thread-1] INFO  server.RaftServerConfigKeys (ConfUtils.java:logGet(43)) - raft.server.sleep.deviation.threshold = 300 (default)
2019-09-09 08:10:28,214 [pool-599-thread-1] INFO  server.RaftServerConfigKeys (ConfUtils.java:logGet(43)) - raft.server.log.appender.install.snapshot.enabled = false (custom)
2019-09-09 08:10:28,214 [pool-599-thread-1] INFO  impl.RaftServerImpl (ServerState.java:<init>(105)) - 6aa0834b-231e-4111-87df-6afda18d0427:group-9109E46191B7 ConfigurationManager, init=-1: [6aa0834b-231e-4111-87df-6afda18d0427:192.168.5.142:45430], old=null, confs=<EMPTY_MAP>
2019-09-09 08:10:28,215 [pool-599-thread-1] INFO  server.RaftServerConfigKeys (ConfUtils.java:logGet(43)) - raft.server.storage.dir = [/workdir/hadoop-ozone/integration-test/target/test-dir/MiniOzoneClusterImpl-550fe9fd-5f12-4795-9217-62db7b6f07fe/datanode-1/data/ratis] (custom)
2019-09-09 08:10:28,215 [pool-599-thread-1] INFO  storage.RaftStorageDirectory (RaftStorageDirectory.java:analyzeStorage(246)) - The storage directory /workdir/hadoop-ozone/integration-test/target/test-dir/MiniOzoneClusterImpl-550fe9fd-5f12-4795-9217-62db7b6f07fe/datanode-1/data/ratis/fb91304e-128f-4961-bf6b-9109e46191b7 does not exist. Creating ...
2019-09-09 08:10:28,229 [pool-599-thread-1] INFO  storage.RaftStorageDirectory (RaftStorageDirectory.java:tryLock(328)) - Lock on /workdir/hadoop-ozone/integration-test/target/test-dir/MiniOzoneClusterImpl-550fe9fd-5f12-4795-9217-62db7b6f07fe/datanode-1/data/ratis/fb91304e-128f-4961-bf6b-9109e46191b7/in_use.lock acquired by nodename 30070@pr-hdds-2076-zndlt-2349722852
2019-09-09 08:10:28,242 [pool-599-thread-1] INFO  storage.RaftStorage (RaftStorage.java:format(72)) - Storage directory /workdir/hadoop-ozone/integration-test/target/test-dir/MiniOzoneClusterImpl-550fe9fd-5f12-4795-9217-62db7b6f07fe/datanode-1/data/ratis/fb91304e-128f-4961-bf6b-9109e46191b7 has been successfully formatted.
2019-09-09 08:10:28,242 [pool-599-thread-1] INFO  ratis.ContainerStateMachine (ContainerStateMachine.java:loadSnapshot(227)) - group-9109E46191B7: The snapshot info is null. Setting the last applied indexto:(t:0, i:~)
2019-09-09 08:10:28,243 [pool-599-thread-1] INFO  server.RaftServerConfigKeys (ConfUtils.java:logGet(43)) - raft.server.leader.election.timeout = 120s (custom)
2019-09-09 08:10:28,243 [pool-599-thread-1] INFO  server.RaftServerConfigKeys (ConfUtils.java:logGet(43)) - raft.server.log.use.memory = false (default)
2019-09-09 08:10:28,243 [pool-599-thread-1] INFO  server.RaftServerConfigKeys (ConfUtils.java:logGet(43)) - raft.server.log.purge.gap = 1000000 (custom)
2019-09-09 08:10:28,243 [pool-599-thread-1] INFO  server.RaftServerConfigKeys (ConfUtils.java:logGet(43)) - raft.server.log.appender.buffer.byte-limit = 33554432 (custom)
2019-09-09 08:10:28,243 [pool-599-thread-1] INFO  server.RaftServerConfigKeys (ConfUtils.java:logGet(43)) - raft.server.log.segment.size.max = 1048576 (custom)
2019-09-09 08:10:28,243 [pool-599-thread-1] INFO  server.RaftServerConfigKeys (ConfUtils.java:logGet(43)) - raft.server.log.segment.cache.num.max = 2 (custom)
2019-09-09 08:10:28,244 [pool-599-thread-1] INFO  segmented.SegmentedRaftLogWorker (SegmentedRaftLogWorker.java:<init>(172)) - new 6aa0834b-231e-4111-87df-6afda18d0427-SegmentedRaftLogWorker:Storage Directory /workdir/hadoop-ozone/integration-test/target/test-dir/MiniOzoneClusterImpl-550fe9fd-5f12-4795-9217-62db7b6f07fe/datanode-1/data/ratis/fb91304e-128f-4961-bf6b-9109e46191b7 for RaftStorage:Storage Directory /workdir/hadoop-ozone/integration-test/target/test-dir/MiniOzoneClusterImpl-550fe9fd-5f12-4795-9217-62db7b6f07fe/datanode-1/data/ratis/fb91304e-128f-4961-bf6b-9109e46191b7
2019-09-09 08:10:28,244 [pool-599-thread-1] INFO  server.RaftServerConfigKeys (ConfUtils.java:logGet(43)) - raft.server.log.queue.byte-limit = 2147483647 (custom)
2019-09-09 08:10:28,244 [pool-599-thread-1] INFO  server.RaftServerConfigKeys (ConfUtils.java:logGet(43)) - raft.server.log.queue.element-limit = 1024 (custom)
2019-09-09 08:10:28,244 [pool-599-thread-1] INFO  server.RaftServerConfigKeys (ConfUtils.java:logGet(43)) - raft.server.log.segment.size.max = 1048576 (custom)
2019-09-09 08:10:28,244 [pool-599-thread-1] INFO  server.RaftServerConfigKeys (ConfUtils.java:logGet(43)) - raft.server.log.preallocated.size = 16384 (custom)
2019-09-09 08:10:28,245 [pool-599-thread-1] INFO  server.RaftServerConfigKeys (ConfUtils.java:logGet(43)) - raft.server.log.write.buffer.size = 33554432 (custom)
2019-09-09 08:10:28,245 [pool-599-thread-1] INFO  server.RaftServerConfigKeys (ConfUtils.java:logGet(43)) - raft.server.log.force.sync.num = 128 (default)
2019-09-09 08:10:28,245 [pool-599-thread-1] INFO  server.RaftServerConfigKeys (ConfUtils.java:logGet(43)) - raft.server.log.statemachine.data.sync = true (default)
2019-09-09 08:10:28,245 [pool-599-thread-1] INFO  server.RaftServerConfigKeys (ConfUtils.java:logGet(43)) - raft.server.log.statemachine.data.sync.timeout = 10s (default)
2019-09-09 08:10:28,245 [pool-599-thread-1] INFO  server.RaftServerConfigKeys (ConfUtils.java:logGet(43)) - raft.server.log.statemachine.data.sync.timeout.retry = -1 (default)
2019-09-09 08:10:28,246 [pool-599-thread-1] INFO  server.RaftServerConfigKeys (ConfUtils.java:logGet(43)) - raft.server.log.statemachine.data.caching.enabled = true (custom)
2019-09-09 08:10:28,246 [pool-599-thread-1] INFO  segmented.SegmentedRaftLogWorker (SegmentedRaftLogWorker.java:lambda$new$0(132)) - 6aa0834b-231e-4111-87df-6afda18d0427-SegmentedRaftLogWorker:Storage Directory /workdir/hadoop-ozone/integration-test/target/test-dir/MiniOzoneClusterImpl-550fe9fd-5f12-4795-9217-62db7b6f07fe/datanode-1/data/ratis/fb91304e-128f-4961-bf6b-9109e46191b7: flushIndex: setUnconditionally 0 -> -1
2019-09-09 08:10:28,246 [pool-599-thread-1] INFO  server.RaftServerConfigKeys (ConfUtils.java:logGet(43)) - raft.server.snapshot.auto.trigger.enabled = true (custom)
2019-09-09 08:10:28,246 [pool-599-thread-1] INFO  server.RaftServerConfigKeys (ConfUtils.java:logGet(43)) - raft.server.snapshot.auto.trigger.threshold = 10000 (custom)
2019-09-09 08:10:28,247 [pool-599-thread-1] INFO  server.RaftServerConfigKeys (ConfUtils.java:logGet(43)) - raft.server.retrycache.expirytime = 600000ms (custom)
2019-09-09 08:10:28,247 [pool-599-thread-1] INFO  impl.RaftServerImpl (RaftServerImpl.java:start(180)) - 6aa0834b-231e-4111-87df-6afda18d0427: start group-9109E46191B7
2019-09-09 08:10:28,247 [pool-599-thread-1] INFO  impl.RaftServerImpl (RaftServerImpl.java:setRole(171)) - 6aa0834b-231e-4111-87df-6afda18d0427:group-9109E46191B7 changes role from null to FOLLOWER at term 0 for startAsFollower
2019-09-09 08:10:28,247 [pool-599-thread-1] INFO  impl.RoleInfo (RoleInfo.java:updateAndGet(143)) - 6aa0834b-231e-4111-87df-6afda18d0427: start FollowerState
2019-09-09 08:10:28,248 [pool-599-thread-1] INFO  util.JmxRegister (JmxRegister.java:tryRegister(44)) - Successfully registered JMX Bean with object name Ratis:service=RaftServer,group=group-9109E46191B7,id=6aa0834b-231e-4111-87df-6afda18d0427
2019-09-09 08:10:28,252 [RatisPipelineUtilsThread] INFO  pipeline.PipelineStateManager (PipelineStateManager.java:addPipeline(56)) - Created pipeline Pipeline[ Id: fb91304e-128f-4961-bf6b-9109e46191b7, Nodes: 6aa0834b-231e-4111-87df-6afda18d0427{ip: 192.168.5.142, host: pr-hdds-2076-zndlt-2349722852, networkLocation: /default-rack, certSerialId: null}, Type:RATIS, Factor:ONE, State:OPEN]
2019-09-09 08:10:28,260 [IPC Server handler 4 on 45363] INFO  net.NetworkTopology (NetworkTopologyImpl.java:add(110)) - Added a new node: /default-rack/d5239ec2-78a2-4cd1-a8eb-80aa9cb2f2f7
2019-09-09 08:10:28,262 [IPC Server handler 4 on 45363] INFO  node.SCMNodeManager (SCMNodeManager.java:register(266)) - Registered Data node : d5239ec2-78a2-4cd1-a8eb-80aa9cb2f2f7{ip: 192.168.5.142, host: pr-hdds-2076-zndlt-2349722852, networkLocation: /default-rack, certSerialId: null}
2019-09-09 08:10:28,318 [IPC Server handler 3 on 45363] INFO  net.NetworkTopology (NetworkTopologyImpl.java:add(110)) - Added a new node: /default-rack/350e76c6-83a1-4611-85eb-62f03c20ce37
2019-09-09 08:10:28,318 [IPC Server handler 3 on 45363] INFO  node.SCMNodeManager (SCMNodeManager.java:register(266)) - Registered Data node : 350e76c6-83a1-4611-85eb-62f03c20ce37{ip: 192.168.5.142, host: pr-hdds-2076-zndlt-2349722852, networkLocation: /default-rack, certSerialId: null}
2019-09-09 08:10:28,334 [grpc-default-executor-13] INFO  impl.RaftServerProxy (RaftServerProxy.java:addNew(89)) - 350e76c6-83a1-4611-85eb-62f03c20ce37: addNew group-80C80FBE9F5E:[350e76c6-83a1-4611-85eb-62f03c20ce37:192.168.5.142:34354] returns group-80C80FBE9F5E:java.util.concurrent.CompletableFuture@2157e88e[Not completed]
2019-09-09 08:10:28,336 [pool-619-thread-1] INFO  impl.RaftServerImpl (RaftServerImpl.java:<init>(93)) - 350e76c6-83a1-4611-85eb-62f03c20ce37: new RaftServerImpl for group-80C80FBE9F5E:[350e76c6-83a1-4611-85eb-62f03c20ce37:192.168.5.142:34354] with ContainerStateMachine:uninitialized
2019-09-09 08:10:28,336 [pool-619-thread-1] INFO  server.RaftServerConfigKeys (ConfUtils.java:logGet(43)) - raft.server.rpc.timeout.min = 5s (custom)
2019-09-09 08:10:28,336 [pool-619-thread-1] INFO  server.RaftServerConfigKeys (ConfUtils.java:logGet(43)) - raft.server.rpc.timeout.max = 5200ms (custom)
2019-09-09 08:10:28,337 [pool-619-thread-1] INFO  server.RaftServerConfigKeys (ConfUtils.java:logGet(43)) - raft.server.rpcslowness.timeout = 120s (custom)
2019-09-09 08:10:28,337 [pool-619-thread-1] INFO  server.RaftServerConfigKeys (ConfUtils.java:logGet(43)) - raft.server.sleep.deviation.threshold = 300 (default)
2019-09-09 08:10:28,337 [pool-619-thread-1] INFO  server.RaftServerConfigKeys (ConfUtils.java:logGet(43)) - raft.server.log.appender.install.snapshot.enabled = false (custom)
2019-09-09 08:10:28,337 [pool-619-thread-1] INFO  impl.RaftServerImpl (ServerState.java:<init>(105)) - 350e76c6-83a1-4611-85eb-62f03c20ce37:group-80C80FBE9F5E ConfigurationManager, init=-1: [350e76c6-83a1-4611-85eb-62f03c20ce37:192.168.5.142:34354], old=null, confs=<EMPTY_MAP>
2019-09-09 08:10:28,337 [pool-619-thread-1] INFO  server.RaftServerConfigKeys (ConfUtils.java:logGet(43)) - raft.server.storage.dir = [/workdir/hadoop-ozone/integration-test/target/test-dir/MiniOzoneClusterImpl-550fe9fd-5f12-4795-9217-62db7b6f07fe/datanode-3/data/ratis] (custom)
2019-09-09 08:10:28,338 [pool-619-thread-1] INFO  storage.RaftStorageDirectory (RaftStorageDirectory.java:analyzeStorage(246)) - The storage directory /workdir/hadoop-ozone/integration-test/target/test-dir/MiniOzoneClusterImpl-550fe9fd-5f12-4795-9217-62db7b6f07fe/datanode-3/data/ratis/c4a3706c-2547-4622-89bc-80c80fbe9f5e does not exist. Creating ...
2019-09-09 08:10:28,350 [pool-619-thread-1] INFO  storage.RaftStorageDirectory (RaftStorageDirectory.java:tryLock(328)) - Lock on /workdir/hadoop-ozone/integration-test/target/test-dir/MiniOzoneClusterImpl-550fe9fd-5f12-4795-9217-62db7b6f07fe/datanode-3/data/ratis/c4a3706c-2547-4622-89bc-80c80fbe9f5e/in_use.lock acquired by nodename 30070@pr-hdds-2076-zndlt-2349722852
2019-09-09 08:10:28,363 [pool-619-thread-1] INFO  storage.RaftStorage (RaftStorage.java:format(72)) - Storage directory /workdir/hadoop-ozone/integration-test/target/test-dir/MiniOzoneClusterImpl-550fe9fd-5f12-4795-9217-62db7b6f07fe/datanode-3/data/ratis/c4a3706c-2547-4622-89bc-80c80fbe9f5e has been successfully formatted.
2019-09-09 08:10:28,364 [pool-619-thread-1] INFO  ratis.ContainerStateMachine (ContainerStateMachine.java:loadSnapshot(227)) - group-80C80FBE9F5E: The snapshot info is null. Setting the last applied indexto:(t:0, i:~)
2019-09-09 08:10:28,364 [pool-619-thread-1] INFO  server.RaftServerConfigKeys (ConfUtils.java:logGet(43)) - raft.server.leader.election.timeout = 120s (custom)
2019-09-09 08:10:28,364 [pool-619-thread-1] INFO  server.RaftServerConfigKeys (ConfUtils.java:logGet(43)) - raft.server.log.use.memory = false (default)
2019-09-09 08:10:28,364 [pool-619-thread-1] INFO  server.RaftServerConfigKeys (ConfUtils.java:logGet(43)) - raft.server.log.purge.gap = 1000000 (custom)
2019-09-09 08:10:28,365 [pool-619-thread-1] INFO  server.RaftServerConfigKeys (ConfUtils.java:logGet(43)) - raft.server.log.appender.buffer.byte-limit = 33554432 (custom)
2019-09-09 08:10:28,365 [pool-619-thread-1] INFO  server.RaftServerConfigKeys (ConfUtils.java:logGet(43)) - raft.server.log.segment.size.max = 1048576 (custom)
2019-09-09 08:10:28,365 [pool-619-thread-1] INFO  server.RaftServerConfigKeys (ConfUtils.java:logGet(43)) - raft.server.log.segment.cache.num.max = 2 (custom)
2019-09-09 08:10:28,365 [pool-619-thread-1] INFO  segmented.SegmentedRaftLogWorker (SegmentedRaftLogWorker.java:<init>(172)) - new 350e76c6-83a1-4611-85eb-62f03c20ce37-SegmentedRaftLogWorker:Storage Directory /workdir/hadoop-ozone/integration-test/target/test-dir/MiniOzoneClusterImpl-550fe9fd-5f12-4795-9217-62db7b6f07fe/datanode-3/data/ratis/c4a3706c-2547-4622-89bc-80c80fbe9f5e for RaftStorage:Storage Directory /workdir/hadoop-ozone/integration-test/target/test-dir/MiniOzoneClusterImpl-550fe9fd-5f12-4795-9217-62db7b6f07fe/datanode-3/data/ratis/c4a3706c-2547-4622-89bc-80c80fbe9f5e
2019-09-09 08:10:28,366 [pool-619-thread-1] INFO  server.RaftServerConfigKeys (ConfUtils.java:logGet(43)) - raft.server.log.queue.byte-limit = 2147483647 (custom)
2019-09-09 08:10:28,366 [pool-619-thread-1] INFO  server.RaftServerConfigKeys (ConfUtils.java:logGet(43)) - raft.server.log.queue.element-limit = 1024 (custom)
2019-09-09 08:10:28,366 [pool-619-thread-1] INFO  server.RaftServerConfigKeys (ConfUtils.java:logGet(43)) - raft.server.log.segment.size.max = 1048576 (custom)
2019-09-09 08:10:28,366 [pool-619-thread-1] INFO  server.RaftServerConfigKeys (ConfUtils.java:logGet(43)) - raft.server.log.preallocated.size = 16384 (custom)
2019-09-09 08:10:28,366 [pool-619-thread-1] INFO  server.RaftServerConfigKeys (ConfUtils.java:logGet(43)) - raft.server.log.write.buffer.size = 33554432 (custom)
2019-09-09 08:10:28,366 [pool-619-thread-1] INFO  server.RaftServerConfigKeys (ConfUtils.java:logGet(43)) - raft.server.log.force.sync.num = 128 (default)
2019-09-09 08:10:28,367 [pool-619-thread-1] INFO  server.RaftServerConfigKeys (ConfUtils.java:logGet(43)) - raft.server.log.statemachine.data.sync = true (default)
2019-09-09 08:10:28,367 [pool-619-thread-1] INFO  server.RaftServerConfigKeys (ConfUtils.java:logGet(43)) - raft.server.log.statemachine.data.sync.timeout = 10s (default)
2019-09-09 08:10:28,367 [pool-619-thread-1] INFO  server.RaftServerConfigKeys (ConfUtils.java:logGet(43)) - raft.server.log.statemachine.data.sync.timeout.retry = -1 (default)
2019-09-09 08:10:28,367 [pool-619-thread-1] INFO  server.RaftServerConfigKeys (ConfUtils.java:logGet(43)) - raft.server.log.statemachine.data.caching.enabled = true (custom)
2019-09-09 08:10:28,368 [pool-619-thread-1] INFO  segmented.SegmentedRaftLogWorker (SegmentedRaftLogWorker.java:lambda$new$0(132)) - 350e76c6-83a1-4611-85eb-62f03c20ce37-SegmentedRaftLogWorker:Storage Directory /workdir/hadoop-ozone/integration-test/target/test-dir/MiniOzoneClusterImpl-550fe9fd-5f12-4795-9217-62db7b6f07fe/datanode-3/data/ratis/c4a3706c-2547-4622-89bc-80c80fbe9f5e: flushIndex: setUnconditionally 0 -> -1
2019-09-09 08:10:28,368 [pool-619-thread-1] INFO  server.RaftServerConfigKeys (ConfUtils.java:logGet(43)) - raft.server.snapshot.auto.trigger.enabled = true (custom)
2019-09-09 08:10:28,368 [pool-619-thread-1] INFO  server.RaftServerConfigKeys (ConfUtils.java:logGet(43)) - raft.server.snapshot.auto.trigger.threshold = 10000 (custom)
2019-09-09 08:10:28,368 [pool-619-thread-1] INFO  server.RaftServerConfigKeys (ConfUtils.java:logGet(43)) - raft.server.retrycache.expirytime = 600000ms (custom)
2019-09-09 08:10:28,368 [pool-619-thread-1] INFO  impl.RaftServerImpl (RaftServerImpl.java:start(180)) - 350e76c6-83a1-4611-85eb-62f03c20ce37: start group-80C80FBE9F5E
2019-09-09 08:10:28,369 [pool-619-thread-1] INFO  impl.RaftServerImpl (RaftServerImpl.java:setRole(171)) - 350e76c6-83a1-4611-85eb-62f03c20ce37:group-80C80FBE9F5E changes role from null to FOLLOWER at term 0 for startAsFollower
2019-09-09 08:10:28,369 [pool-619-thread-1] INFO  impl.RoleInfo (RoleInfo.java:updateAndGet(143)) - 350e76c6-83a1-4611-85eb-62f03c20ce37: start FollowerState
2019-09-09 08:10:28,369 [pool-619-thread-1] INFO  util.JmxRegister (JmxRegister.java:tryRegister(44)) - Successfully registered JMX Bean with object name Ratis:service=RaftServer,group=group-80C80FBE9F5E,id=350e76c6-83a1-4611-85eb-62f03c20ce37
2019-09-09 08:10:28,374 [RatisPipelineUtilsThread] INFO  pipeline.PipelineStateManager (PipelineStateManager.java:addPipeline(56)) - Created pipeline Pipeline[ Id: c4a3706c-2547-4622-89bc-80c80fbe9f5e, Nodes: 350e76c6-83a1-4611-85eb-62f03c20ce37{ip: 192.168.5.142, host: pr-hdds-2076-zndlt-2349722852, networkLocation: /default-rack, certSerialId: null}, Type:RATIS, Factor:ONE, State:OPEN]
2019-09-09 08:10:28,380 [grpc-default-executor-13] INFO  impl.RaftServerProxy (RaftServerProxy.java:addNew(89)) - d5239ec2-78a2-4cd1-a8eb-80aa9cb2f2f7: addNew group-E0F047B77DD4:[d5239ec2-78a2-4cd1-a8eb-80aa9cb2f2f7:192.168.5.142:40637] returns group-E0F047B77DD4:java.util.concurrent.CompletableFuture@3577f9f7[Not completed]
2019-09-09 08:10:28,381 [pool-609-thread-1] INFO  impl.RaftServerImpl (RaftServerImpl.java:<init>(93)) - d5239ec2-78a2-4cd1-a8eb-80aa9cb2f2f7: new RaftServerImpl for group-E0F047B77DD4:[d5239ec2-78a2-4cd1-a8eb-80aa9cb2f2f7:192.168.5.142:40637] with ContainerStateMachine:uninitialized
2019-09-09 08:10:28,382 [pool-609-thread-1] INFO  server.RaftServerConfigKeys (ConfUtils.java:logGet(43)) - raft.server.rpc.timeout.min = 5s (custom)
2019-09-09 08:10:28,382 [pool-609-thread-1] INFO  server.RaftServerConfigKeys (ConfUtils.java:logGet(43)) - raft.server.rpc.timeout.max = 5200ms (custom)
2019-09-09 08:10:28,382 [pool-609-thread-1] INFO  server.RaftServerConfigKeys (ConfUtils.java:logGet(43)) - raft.server.rpcslowness.timeout = 120s (custom)
2019-09-09 08:10:28,382 [pool-609-thread-1] INFO  server.RaftServerConfigKeys (ConfUtils.java:logGet(43)) - raft.server.sleep.deviation.threshold = 300 (default)
2019-09-09 08:10:28,382 [pool-609-thread-1] INFO  server.RaftServerConfigKeys (ConfUtils.java:logGet(43)) - raft.server.log.appender.install.snapshot.enabled = false (custom)
2019-09-09 08:10:28,382 [pool-609-thread-1] INFO  impl.RaftServerImpl (ServerState.java:<init>(105)) - d5239ec2-78a2-4cd1-a8eb-80aa9cb2f2f7:group-E0F047B77DD4 ConfigurationManager, init=-1: [d5239ec2-78a2-4cd1-a8eb-80aa9cb2f2f7:192.168.5.142:40637], old=null, confs=<EMPTY_MAP>
2019-09-09 08:10:28,382 [pool-609-thread-1] INFO  server.RaftServerConfigKeys (ConfUtils.java:logGet(43)) - raft.server.storage.dir = [/workdir/hadoop-ozone/integration-test/target/test-dir/MiniOzoneClusterImpl-550fe9fd-5f12-4795-9217-62db7b6f07fe/datanode-2/data/ratis] (custom)
2019-09-09 08:10:28,383 [pool-609-thread-1] INFO  storage.RaftStorageDirectory (RaftStorageDirectory.java:analyzeStorage(246)) - The storage directory /workdir/hadoop-ozone/integration-test/target/test-dir/MiniOzoneClusterImpl-550fe9fd-5f12-4795-9217-62db7b6f07fe/datanode-2/data/ratis/075a68f7-d8f0-4a19-8fab-e0f047b77dd4 does not exist. Creating ...
2019-09-09 08:10:28,386 [IPC Server handler 5 on 45363] INFO  net.NetworkTopology (NetworkTopologyImpl.java:add(110)) - Added a new node: /default-rack/0a9ac026-a0ca-44a0-95ed-35416f57c02b
2019-09-09 08:10:28,386 [IPC Server handler 5 on 45363] INFO  node.SCMNodeManager (SCMNodeManager.java:register(266)) - Registered Data node : 0a9ac026-a0ca-44a0-95ed-35416f57c02b{ip: 192.168.5.142, host: pr-hdds-2076-zndlt-2349722852, networkLocation: /default-rack, certSerialId: null}
2019-09-09 08:10:28,395 [pool-609-thread-1] INFO  storage.RaftStorageDirectory (RaftStorageDirectory.java:tryLock(328)) - Lock on /workdir/hadoop-ozone/integration-test/target/test-dir/MiniOzoneClusterImpl-550fe9fd-5f12-4795-9217-62db7b6f07fe/datanode-2/data/ratis/075a68f7-d8f0-4a19-8fab-e0f047b77dd4/in_use.lock acquired by nodename 30070@pr-hdds-2076-zndlt-2349722852
2019-09-09 08:10:28,408 [pool-609-thread-1] INFO  storage.RaftStorage (RaftStorage.java:format(72)) - Storage directory /workdir/hadoop-ozone/integration-test/target/test-dir/MiniOzoneClusterImpl-550fe9fd-5f12-4795-9217-62db7b6f07fe/datanode-2/data/ratis/075a68f7-d8f0-4a19-8fab-e0f047b77dd4 has been successfully formatted.
2019-09-09 08:10:28,408 [pool-609-thread-1] INFO  ratis.ContainerStateMachine (ContainerStateMachine.java:loadSnapshot(227)) - group-E0F047B77DD4: The snapshot info is null. Setting the last applied indexto:(t:0, i:~)
2019-09-09 08:10:28,409 [pool-609-thread-1] INFO  server.RaftServerConfigKeys (ConfUtils.java:logGet(43)) - raft.server.leader.election.timeout = 120s (custom)
2019-09-09 08:10:28,409 [pool-609-thread-1] INFO  server.RaftServerConfigKeys (ConfUtils.java:logGet(43)) - raft.server.log.use.memory = false (default)
2019-09-09 08:10:28,409 [pool-609-thread-1] INFO  server.RaftServerConfigKeys (ConfUtils.java:logGet(43)) - raft.server.log.purge.gap = 1000000 (custom)
2019-09-09 08:10:28,409 [pool-609-thread-1] INFO  server.RaftServerConfigKeys (ConfUtils.java:logGet(43)) - raft.server.log.appender.buffer.byte-limit = 33554432 (custom)
2019-09-09 08:10:28,409 [pool-609-thread-1] INFO  server.RaftServerConfigKeys (ConfUtils.java:logGet(43)) - raft.server.log.segment.size.max = 1048576 (custom)
2019-09-09 08:10:28,409 [pool-609-thread-1] INFO  server.RaftServerConfigKeys (ConfUtils.java:logGet(43)) - raft.server.log.segment.cache.num.max = 2 (custom)
2019-09-09 08:10:28,410 [pool-609-thread-1] INFO  segmented.SegmentedRaftLogWorker (SegmentedRaftLogWorker.java:<init>(172)) - new d5239ec2-78a2-4cd1-a8eb-80aa9cb2f2f7-SegmentedRaftLogWorker:Storage Directory /workdir/hadoop-ozone/integration-test/target/test-dir/MiniOzoneClusterImpl-550fe9fd-5f12-4795-9217-62db7b6f07fe/datanode-2/data/ratis/075a68f7-d8f0-4a19-8fab-e0f047b77dd4 for RaftStorage:Storage Directory /workdir/hadoop-ozone/integration-test/target/test-dir/MiniOzoneClusterImpl-550fe9fd-5f12-4795-9217-62db7b6f07fe/datanode-2/data/ratis/075a68f7-d8f0-4a19-8fab-e0f047b77dd4
2019-09-09 08:10:28,410 [pool-609-thread-1] INFO  server.RaftServerConfigKeys (ConfUtils.java:logGet(43)) - raft.server.log.queue.byte-limit = 2147483647 (custom)
2019-09-09 08:10:28,410 [pool-609-thread-1] INFO  server.RaftServerConfigKeys (ConfUtils.java:logGet(43)) - raft.server.log.queue.element-limit = 1024 (custom)
2019-09-09 08:10:28,410 [pool-609-thread-1] INFO  server.RaftServerConfigKeys (ConfUtils.java:logGet(43)) - raft.server.log.segment.size.max = 1048576 (custom)
2019-09-09 08:10:28,410 [pool-609-thread-1] INFO  server.RaftServerConfigKeys (ConfUtils.java:logGet(43)) - raft.server.log.preallocated.size = 16384 (custom)
2019-09-09 08:10:28,410 [pool-609-thread-1] INFO  server.RaftServerConfigKeys (ConfUtils.java:logGet(43)) - raft.server.log.write.buffer.size = 33554432 (custom)
2019-09-09 08:10:28,411 [pool-609-thread-1] INFO  server.RaftServerConfigKeys (ConfUtils.java:logGet(43)) - raft.server.log.force.sync.num = 128 (default)
2019-09-09 08:10:28,411 [pool-609-thread-1] INFO  server.RaftServerConfigKeys (ConfUtils.java:logGet(43)) - raft.server.log.statemachine.data.sync = true (default)
2019-09-09 08:10:28,411 [pool-609-thread-1] INFO  server.RaftServerConfigKeys (ConfUtils.java:logGet(43)) - raft.server.log.statemachine.data.sync.timeout = 10s (default)
2019-09-09 08:10:28,411 [pool-609-thread-1] INFO  server.RaftServerConfigKeys (ConfUtils.java:logGet(43)) - raft.server.log.statemachine.data.sync.timeout.retry = -1 (default)
2019-09-09 08:10:28,411 [pool-609-thread-1] INFO  server.RaftServerConfigKeys (ConfUtils.java:logGet(43)) - raft.server.log.statemachine.data.caching.enabled = true (custom)
2019-09-09 08:10:28,412 [pool-609-thread-1] INFO  segmented.SegmentedRaftLogWorker (SegmentedRaftLogWorker.java:lambda$new$0(132)) - d5239ec2-78a2-4cd1-a8eb-80aa9cb2f2f7-SegmentedRaftLogWorker:Storage Directory /workdir/hadoop-ozone/integration-test/target/test-dir/MiniOzoneClusterImpl-550fe9fd-5f12-4795-9217-62db7b6f07fe/datanode-2/data/ratis/075a68f7-d8f0-4a19-8fab-e0f047b77dd4: flushIndex: setUnconditionally 0 -> -1
2019-09-09 08:10:28,412 [pool-609-thread-1] INFO  server.RaftServerConfigKeys (ConfUtils.java:logGet(43)) - raft.server.snapshot.auto.trigger.enabled = true (custom)
2019-09-09 08:10:28,412 [pool-609-thread-1] INFO  server.RaftServerConfigKeys (ConfUtils.java:logGet(43)) - raft.server.snapshot.auto.trigger.threshold = 10000 (custom)
2019-09-09 08:10:28,412 [pool-609-thread-1] INFO  server.RaftServerConfigKeys (ConfUtils.java:logGet(43)) - raft.server.retrycache.expirytime = 600000ms (custom)
2019-09-09 08:10:28,412 [pool-609-thread-1] INFO  impl.RaftServerImpl (RaftServerImpl.java:start(180)) - d5239ec2-78a2-4cd1-a8eb-80aa9cb2f2f7: start group-E0F047B77DD4
2019-09-09 08:10:28,413 [pool-609-thread-1] INFO  impl.RaftServerImpl (RaftServerImpl.java:setRole(171)) - d5239ec2-78a2-4cd1-a8eb-80aa9cb2f2f7:group-E0F047B77DD4 changes role from null to FOLLOWER at term 0 for startAsFollower
2019-09-09 08:10:28,413 [pool-609-thread-1] INFO  impl.RoleInfo (RoleInfo.java:updateAndGet(143)) - d5239ec2-78a2-4cd1-a8eb-80aa9cb2f2f7: start FollowerState
2019-09-09 08:10:28,413 [pool-609-thread-1] INFO  util.JmxRegister (JmxRegister.java:tryRegister(44)) - Successfully registered JMX Bean with object name Ratis:service=RaftServer,group=group-E0F047B77DD4,id=d5239ec2-78a2-4cd1-a8eb-80aa9cb2f2f7
2019-09-09 08:10:28,417 [RatisPipelineUtilsThread] INFO  pipeline.PipelineStateManager (PipelineStateManager.java:addPipeline(56)) - Created pipeline Pipeline[ Id: 075a68f7-d8f0-4a19-8fab-e0f047b77dd4, Nodes: d5239ec2-78a2-4cd1-a8eb-80aa9cb2f2f7{ip: 192.168.5.142, host: pr-hdds-2076-zndlt-2349722852, networkLocation: /default-rack, certSerialId: null}, Type:RATIS, Factor:ONE, State:OPEN]
2019-09-09 08:10:28,425 [grpc-default-executor-13] INFO  impl.RaftServerProxy (RaftServerProxy.java:addNew(89)) - 0a9ac026-a0ca-44a0-95ed-35416f57c02b: addNew group-82725D438F08:[0a9ac026-a0ca-44a0-95ed-35416f57c02b:192.168.5.142:35360] returns group-82725D438F08:java.util.concurrent.CompletableFuture@4f3819f7[Not completed]
2019-09-09 08:10:28,426 [pool-629-thread-1] INFO  impl.RaftServerImpl (RaftServerImpl.java:<init>(93)) - 0a9ac026-a0ca-44a0-95ed-35416f57c02b: new RaftServerImpl for group-82725D438F08:[0a9ac026-a0ca-44a0-95ed-35416f57c02b:192.168.5.142:35360] with ContainerStateMachine:uninitialized
2019-09-09 08:10:28,426 [pool-629-thread-1] INFO  server.RaftServerConfigKeys (ConfUtils.java:logGet(43)) - raft.server.rpc.timeout.min = 5s (custom)
2019-09-09 08:10:28,427 [pool-629-thread-1] INFO  server.RaftServerConfigKeys (ConfUtils.java:logGet(43)) - raft.server.rpc.timeout.max = 5200ms (custom)
2019-09-09 08:10:28,427 [pool-629-thread-1] INFO  server.RaftServerConfigKeys (ConfUtils.java:logGet(43)) - raft.server.rpcslowness.timeout = 120s (custom)
2019-09-09 08:10:28,427 [pool-629-thread-1] INFO  server.RaftServerConfigKeys (ConfUtils.java:logGet(43)) - raft.server.sleep.deviation.threshold = 300 (default)
2019-09-09 08:10:28,427 [pool-629-thread-1] INFO  server.RaftServerConfigKeys (ConfUtils.java:logGet(43)) - raft.server.log.appender.install.snapshot.enabled = false (custom)
2019-09-09 08:10:28,427 [pool-629-thread-1] INFO  impl.RaftServerImpl (ServerState.java:<init>(105)) - 0a9ac026-a0ca-44a0-95ed-35416f57c02b:group-82725D438F08 ConfigurationManager, init=-1: [0a9ac026-a0ca-44a0-95ed-35416f57c02b:192.168.5.142:35360], old=null, confs=<EMPTY_MAP>
2019-09-09 08:10:28,427 [pool-629-thread-1] INFO  server.RaftServerConfigKeys (ConfUtils.java:logGet(43)) - raft.server.storage.dir = [/workdir/hadoop-ozone/integration-test/target/test-dir/MiniOzoneClusterImpl-550fe9fd-5f12-4795-9217-62db7b6f07fe/datanode-4/data/ratis] (custom)
2019-09-09 08:10:28,428 [pool-629-thread-1] INFO  storage.RaftStorageDirectory (RaftStorageDirectory.java:analyzeStorage(246)) - The storage directory /workdir/hadoop-ozone/integration-test/target/test-dir/MiniOzoneClusterImpl-550fe9fd-5f12-4795-9217-62db7b6f07fe/datanode-4/data/ratis/ba7a6171-3167-4310-9500-82725d438f08 does not exist. Creating ...
2019-09-09 08:10:28,442 [pool-629-thread-1] INFO  storage.RaftStorageDirectory (RaftStorageDirectory.java:tryLock(328)) - Lock on /workdir/hadoop-ozone/integration-test/target/test-dir/MiniOzoneClusterImpl-550fe9fd-5f12-4795-9217-62db7b6f07fe/datanode-4/data/ratis/ba7a6171-3167-4310-9500-82725d438f08/in_use.lock acquired by nodename 30070@pr-hdds-2076-zndlt-2349722852
2019-09-09 08:10:28,459 [IPC Server handler 8 on 45363] INFO  net.NetworkTopology (NetworkTopologyImpl.java:add(110)) - Added a new node: /default-rack/f0b1dae6-f321-4e50-a03e-542d768699a7
2019-09-09 08:10:28,459 [IPC Server handler 8 on 45363] INFO  node.SCMNodeManager (SCMNodeManager.java:register(266)) - Registered Data node : f0b1dae6-f321-4e50-a03e-542d768699a7{ip: 192.168.5.142, host: pr-hdds-2076-zndlt-2349722852, networkLocation: /default-rack, certSerialId: null}
2019-09-09 08:10:28,463 [pool-629-thread-1] INFO  storage.RaftStorage (RaftStorage.java:format(72)) - Storage directory /workdir/hadoop-ozone/integration-test/target/test-dir/MiniOzoneClusterImpl-550fe9fd-5f12-4795-9217-62db7b6f07fe/datanode-4/data/ratis/ba7a6171-3167-4310-9500-82725d438f08 has been successfully formatted.
2019-09-09 08:10:28,463 [pool-629-thread-1] INFO  ratis.ContainerStateMachine (ContainerStateMachine.java:loadSnapshot(227)) - group-82725D438F08: The snapshot info is null. Setting the last applied indexto:(t:0, i:~)
2019-09-09 08:10:28,464 [pool-629-thread-1] INFO  server.RaftServerConfigKeys (ConfUtils.java:logGet(43)) - raft.server.leader.election.timeout = 120s (custom)
2019-09-09 08:10:28,464 [pool-629-thread-1] INFO  server.RaftServerConfigKeys (ConfUtils.java:logGet(43)) - raft.server.log.use.memory = false (default)
2019-09-09 08:10:28,464 [pool-629-thread-1] INFO  server.RaftServerConfigKeys (ConfUtils.java:logGet(43)) - raft.server.log.purge.gap = 1000000 (custom)
2019-09-09 08:10:28,464 [pool-629-thread-1] INFO  server.RaftServerConfigKeys (ConfUtils.java:logGet(43)) - raft.server.log.appender.buffer.byte-limit = 33554432 (custom)
2019-09-09 08:10:28,464 [pool-629-thread-1] INFO  server.RaftServerConfigKeys (ConfUtils.java:logGet(43)) - raft.server.log.segment.size.max = 1048576 (custom)
2019-09-09 08:10:28,465 [pool-629-thread-1] INFO  server.RaftServerConfigKeys (ConfUtils.java:logGet(43)) - raft.server.log.segment.cache.num.max = 2 (custom)
2019-09-09 08:10:28,465 [pool-629-thread-1] INFO  segmented.SegmentedRaftLogWorker (SegmentedRaftLogWorker.java:<init>(172)) - new 0a9ac026-a0ca-44a0-95ed-35416f57c02b-SegmentedRaftLogWorker:Storage Directory /workdir/hadoop-ozone/integration-test/target/test-dir/MiniOzoneClusterImpl-550fe9fd-5f12-4795-9217-62db7b6f07fe/datanode-4/data/ratis/ba7a6171-3167-4310-9500-82725d438f08 for RaftStorage:Storage Directory /workdir/hadoop-ozone/integration-test/target/test-dir/MiniOzoneClusterImpl-550fe9fd-5f12-4795-9217-62db7b6f07fe/datanode-4/data/ratis/ba7a6171-3167-4310-9500-82725d438f08
2019-09-09 08:10:28,465 [pool-629-thread-1] INFO  server.RaftServerConfigKeys (ConfUtils.java:logGet(43)) - raft.server.log.queue.byte-limit = 2147483647 (custom)
2019-09-09 08:10:28,465 [pool-629-thread-1] INFO  server.RaftServerConfigKeys (ConfUtils.java:logGet(43)) - raft.server.log.queue.element-limit = 1024 (custom)
2019-09-09 08:10:28,466 [pool-629-thread-1] INFO  server.RaftServerConfigKeys (ConfUtils.java:logGet(43)) - raft.server.log.segment.size.max = 1048576 (custom)
2019-09-09 08:10:28,466 [pool-629-thread-1] INFO  server.RaftServerConfigKeys (ConfUtils.java:logGet(43)) - raft.server.log.preallocated.size = 16384 (custom)
2019-09-09 08:10:28,466 [pool-629-thread-1] INFO  server.RaftServerConfigKeys (ConfUtils.java:logGet(43)) - raft.server.log.write.buffer.size = 33554432 (custom)
2019-09-09 08:10:28,466 [pool-629-thread-1] INFO  server.RaftServerConfigKeys (ConfUtils.java:logGet(43)) - raft.server.log.force.sync.num = 128 (default)
2019-09-09 08:10:28,466 [pool-629-thread-1] INFO  server.RaftServerConfigKeys (ConfUtils.java:logGet(43)) - raft.server.log.statemachine.data.sync = true (default)
2019-09-09 08:10:28,467 [pool-629-thread-1] INFO  server.RaftServerConfigKeys (ConfUtils.java:logGet(43)) - raft.server.log.statemachine.data.sync.timeout = 10s (default)
2019-09-09 08:10:28,467 [pool-629-thread-1] INFO  server.RaftServerConfigKeys (ConfUtils.java:logGet(43)) - raft.server.log.statemachine.data.sync.timeout.retry = -1 (default)
2019-09-09 08:10:28,467 [pool-629-thread-1] INFO  server.RaftServerConfigKeys (ConfUtils.java:logGet(43)) - raft.server.log.statemachine.data.caching.enabled = true (custom)
2019-09-09 08:10:28,468 [pool-629-thread-1] INFO  segmented.SegmentedRaftLogWorker (SegmentedRaftLogWorker.java:lambda$new$0(132)) - 0a9ac026-a0ca-44a0-95ed-35416f57c02b-SegmentedRaftLogWorker:Storage Directory /workdir/hadoop-ozone/integration-test/target/test-dir/MiniOzoneClusterImpl-550fe9fd-5f12-4795-9217-62db7b6f07fe/datanode-4/data/ratis/ba7a6171-3167-4310-9500-82725d438f08: flushIndex: setUnconditionally 0 -> -1
2019-09-09 08:10:28,468 [pool-629-thread-1] INFO  server.RaftServerConfigKeys (ConfUtils.java:logGet(43)) - raft.server.snapshot.auto.trigger.enabled = true (custom)
2019-09-09 08:10:28,468 [pool-629-thread-1] INFO  server.RaftServerConfigKeys (ConfUtils.java:logGet(43)) - raft.server.snapshot.auto.trigger.threshold = 10000 (custom)
2019-09-09 08:10:28,469 [pool-629-thread-1] INFO  server.RaftServerConfigKeys (ConfUtils.java:logGet(43)) - raft.server.retrycache.expirytime = 600000ms (custom)
2019-09-09 08:10:28,469 [pool-629-thread-1] INFO  impl.RaftServerImpl (RaftServerImpl.java:start(180)) - 0a9ac026-a0ca-44a0-95ed-35416f57c02b: start group-82725D438F08
2019-09-09 08:10:28,469 [pool-629-thread-1] INFO  impl.RaftServerImpl (RaftServerImpl.java:setRole(171)) - 0a9ac026-a0ca-44a0-95ed-35416f57c02b:group-82725D438F08 changes role from null to FOLLOWER at term 0 for startAsFollower
2019-09-09 08:10:28,469 [pool-629-thread-1] INFO  impl.RoleInfo (RoleInfo.java:updateAndGet(143)) - 0a9ac026-a0ca-44a0-95ed-35416f57c02b: start FollowerState
2019-09-09 08:10:28,470 [pool-629-thread-1] INFO  util.JmxRegister (JmxRegister.java:tryRegister(44)) - Successfully registered JMX Bean with object name Ratis:service=RaftServer,group=group-82725D438F08,id=0a9ac026-a0ca-44a0-95ed-35416f57c02b
2019-09-09 08:10:28,474 [RatisPipelineUtilsThread] INFO  pipeline.PipelineStateManager (PipelineStateManager.java:addPipeline(56)) - Created pipeline Pipeline[ Id: ba7a6171-3167-4310-9500-82725d438f08, Nodes: 0a9ac026-a0ca-44a0-95ed-35416f57c02b{ip: 192.168.5.142, host: pr-hdds-2076-zndlt-2349722852, networkLocation: /default-rack, certSerialId: null}, Type:RATIS, Factor:ONE, State:OPEN]
2019-09-09 08:10:28,481 [grpc-default-executor-13] INFO  impl.RaftServerProxy (RaftServerProxy.java:addNew(89)) - f0b1dae6-f321-4e50-a03e-542d768699a7: addNew group-3A911F025303:[f0b1dae6-f321-4e50-a03e-542d768699a7:192.168.5.142:44392] returns group-3A911F025303:java.util.concurrent.CompletableFuture@78f51228[Not completed]
2019-09-09 08:10:28,482 [pool-639-thread-1] INFO  impl.RaftServerImpl (RaftServerImpl.java:<init>(93)) - f0b1dae6-f321-4e50-a03e-542d768699a7: new RaftServerImpl for group-3A911F025303:[f0b1dae6-f321-4e50-a03e-542d768699a7:192.168.5.142:44392] with ContainerStateMachine:uninitialized
2019-09-09 08:10:28,482 [pool-639-thread-1] INFO  server.RaftServerConfigKeys (ConfUtils.java:logGet(43)) - raft.server.rpc.timeout.min = 5s (custom)
2019-09-09 08:10:28,483 [pool-639-thread-1] INFO  server.RaftServerConfigKeys (ConfUtils.java:logGet(43)) - raft.server.rpc.timeout.max = 5200ms (custom)
2019-09-09 08:10:28,483 [pool-639-thread-1] INFO  server.RaftServerConfigKeys (ConfUtils.java:logGet(43)) - raft.server.rpcslowness.timeout = 120s (custom)
2019-09-09 08:10:28,483 [pool-639-thread-1] INFO  server.RaftServerConfigKeys (ConfUtils.java:logGet(43)) - raft.server.sleep.deviation.threshold = 300 (default)
2019-09-09 08:10:28,483 [pool-639-thread-1] INFO  server.RaftServerConfigKeys (ConfUtils.java:logGet(43)) - raft.server.log.appender.install.snapshot.enabled = false (custom)
2019-09-09 08:10:28,483 [pool-639-thread-1] INFO  impl.RaftServerImpl (ServerState.java:<init>(105)) - f0b1dae6-f321-4e50-a03e-542d768699a7:group-3A911F025303 ConfigurationManager, init=-1: [f0b1dae6-f321-4e50-a03e-542d768699a7:192.168.5.142:44392], old=null, confs=<EMPTY_MAP>
2019-09-09 08:10:28,483 [pool-639-thread-1] INFO  server.RaftServerConfigKeys (ConfUtils.java:logGet(43)) - raft.server.storage.dir = [/workdir/hadoop-ozone/integration-test/target/test-dir/MiniOzoneClusterImpl-550fe9fd-5f12-4795-9217-62db7b6f07fe/datanode-5/data/ratis] (custom)
2019-09-09 08:10:28,484 [pool-639-thread-1] INFO  storage.RaftStorageDirectory (RaftStorageDirectory.java:analyzeStorage(246)) - The storage directory /workdir/hadoop-ozone/integration-test/target/test-dir/MiniOzoneClusterImpl-550fe9fd-5f12-4795-9217-62db7b6f07fe/datanode-5/data/ratis/42f315e9-d4b7-4dbc-bb47-3a911f025303 does not exist. Creating ...
2019-09-09 08:10:28,496 [pool-639-thread-1] INFO  storage.RaftStorageDirectory (RaftStorageDirectory.java:tryLock(328)) - Lock on /workdir/hadoop-ozone/integration-test/target/test-dir/MiniOzoneClusterImpl-550fe9fd-5f12-4795-9217-62db7b6f07fe/datanode-5/data/ratis/42f315e9-d4b7-4dbc-bb47-3a911f025303/in_use.lock acquired by nodename 30070@pr-hdds-2076-zndlt-2349722852
2019-09-09 08:10:28,509 [pool-639-thread-1] INFO  storage.RaftStorage (RaftStorage.java:format(72)) - Storage directory /workdir/hadoop-ozone/integration-test/target/test-dir/MiniOzoneClusterImpl-550fe9fd-5f12-4795-9217-62db7b6f07fe/datanode-5/data/ratis/42f315e9-d4b7-4dbc-bb47-3a911f025303 has been successfully formatted.
2019-09-09 08:10:28,509 [pool-639-thread-1] INFO  ratis.ContainerStateMachine (ContainerStateMachine.java:loadSnapshot(227)) - group-3A911F025303: The snapshot info is null. Setting the last applied indexto:(t:0, i:~)
2019-09-09 08:10:28,509 [pool-639-thread-1] INFO  server.RaftServerConfigKeys (ConfUtils.java:logGet(43)) - raft.server.leader.election.timeout = 120s (custom)
2019-09-09 08:10:28,509 [pool-639-thread-1] INFO  server.RaftServerConfigKeys (ConfUtils.java:logGet(43)) - raft.server.log.use.memory = false (default)
2019-09-09 08:10:28,509 [pool-639-thread-1] INFO  server.RaftServerConfigKeys (ConfUtils.java:logGet(43)) - raft.server.log.purge.gap = 1000000 (custom)
2019-09-09 08:10:28,510 [pool-639-thread-1] INFO  server.RaftServerConfigKeys (ConfUtils.java:logGet(43)) - raft.server.log.appender.buffer.byte-limit = 33554432 (custom)
2019-09-09 08:10:28,510 [pool-639-thread-1] INFO  server.RaftServerConfigKeys (ConfUtils.java:logGet(43)) - raft.server.log.segment.size.max = 1048576 (custom)
2019-09-09 08:10:28,510 [pool-639-thread-1] INFO  server.RaftServerConfigKeys (ConfUtils.java:logGet(43)) - raft.server.log.segment.cache.num.max = 2 (custom)
2019-09-09 08:10:28,510 [pool-639-thread-1] INFO  segmented.SegmentedRaftLogWorker (SegmentedRaftLogWorker.java:<init>(172)) - new f0b1dae6-f321-4e50-a03e-542d768699a7-SegmentedRaftLogWorker:Storage Directory /workdir/hadoop-ozone/integration-test/target/test-dir/MiniOzoneClusterImpl-550fe9fd-5f12-4795-9217-62db7b6f07fe/datanode-5/data/ratis/42f315e9-d4b7-4dbc-bb47-3a911f025303 for RaftStorage:Storage Directory /workdir/hadoop-ozone/integration-test/target/test-dir/MiniOzoneClusterImpl-550fe9fd-5f12-4795-9217-62db7b6f07fe/datanode-5/data/ratis/42f315e9-d4b7-4dbc-bb47-3a911f025303
2019-09-09 08:10:28,510 [pool-639-thread-1] INFO  server.RaftServerConfigKeys (ConfUtils.java:logGet(43)) - raft.server.log.queue.byte-limit = 2147483647 (custom)
2019-09-09 08:10:28,510 [pool-639-thread-1] INFO  server.RaftServerConfigKeys (ConfUtils.java:logGet(43)) - raft.server.log.queue.element-limit = 1024 (custom)
2019-09-09 08:10:28,511 [pool-639-thread-1] INFO  server.RaftServerConfigKeys (ConfUtils.java:logGet(43)) - raft.server.log.segment.size.max = 1048576 (custom)
2019-09-09 08:10:28,511 [pool-639-thread-1] INFO  server.RaftServerConfigKeys (ConfUtils.java:logGet(43)) - raft.server.log.preallocated.size = 16384 (custom)
2019-09-09 08:10:28,511 [pool-639-thread-1] INFO  server.RaftServerConfigKeys (ConfUtils.java:logGet(43)) - raft.server.log.write.buffer.size = 33554432 (custom)
2019-09-09 08:10:28,511 [pool-639-thread-1] INFO  server.RaftServerConfigKeys (ConfUtils.java:logGet(43)) - raft.server.log.force.sync.num = 128 (default)
2019-09-09 08:10:28,511 [pool-639-thread-1] INFO  server.RaftServerConfigKeys (ConfUtils.java:logGet(43)) - raft.server.log.statemachine.data.sync = true (default)
2019-09-09 08:10:28,511 [pool-639-thread-1] INFO  server.RaftServerConfigKeys (ConfUtils.java:logGet(43)) - raft.server.log.statemachine.data.sync.timeout = 10s (default)
2019-09-09 08:10:28,511 [pool-639-thread-1] INFO  server.RaftServerConfigKeys (ConfUtils.java:logGet(43)) - raft.server.log.statemachine.data.sync.timeout.retry = -1 (default)
2019-09-09 08:10:28,512 [pool-639-thread-1] INFO  server.RaftServerConfigKeys (ConfUtils.java:logGet(43)) - raft.server.log.statemachine.data.caching.enabled = true (custom)
2019-09-09 08:10:28,512 [pool-639-thread-1] INFO  segmented.SegmentedRaftLogWorker (SegmentedRaftLogWorker.java:lambda$new$0(132)) - f0b1dae6-f321-4e50-a03e-542d768699a7-SegmentedRaftLogWorker:Storage Directory /workdir/hadoop-ozone/integration-test/target/test-dir/MiniOzoneClusterImpl-550fe9fd-5f12-4795-9217-62db7b6f07fe/datanode-5/data/ratis/42f315e9-d4b7-4dbc-bb47-3a911f025303: flushIndex: setUnconditionally 0 -> -1
2019-09-09 08:10:28,512 [pool-639-thread-1] INFO  server.RaftServerConfigKeys (ConfUtils.java:logGet(43)) - raft.server.snapshot.auto.trigger.enabled = true (custom)
2019-09-09 08:10:28,512 [pool-639-thread-1] INFO  server.RaftServerConfigKeys (ConfUtils.java:logGet(43)) - raft.server.snapshot.auto.trigger.threshold = 10000 (custom)
2019-09-09 08:10:28,513 [pool-639-thread-1] INFO  server.RaftServerConfigKeys (ConfUtils.java:logGet(43)) - raft.server.retrycache.expirytime = 600000ms (custom)
2019-09-09 08:10:28,513 [pool-639-thread-1] INFO  impl.RaftServerImpl (RaftServerImpl.java:start(180)) - f0b1dae6-f321-4e50-a03e-542d768699a7: start group-3A911F025303
2019-09-09 08:10:28,513 [pool-639-thread-1] INFO  impl.RaftServerImpl (RaftServerImpl.java:setRole(171)) - f0b1dae6-f321-4e50-a03e-542d768699a7:group-3A911F025303 changes role from null to FOLLOWER at term 0 for startAsFollower
2019-09-09 08:10:28,513 [pool-639-thread-1] INFO  impl.RoleInfo (RoleInfo.java:updateAndGet(143)) - f0b1dae6-f321-4e50-a03e-542d768699a7: start FollowerState
2019-09-09 08:10:28,513 [pool-639-thread-1] INFO  util.JmxRegister (JmxRegister.java:tryRegister(44)) - Successfully registered JMX Bean with object name Ratis:service=RaftServer,group=group-3A911F025303,id=f0b1dae6-f321-4e50-a03e-542d768699a7
2019-09-09 08:10:28,517 [RatisPipelineUtilsThread] INFO  pipeline.PipelineStateManager (PipelineStateManager.java:addPipeline(56)) - Created pipeline Pipeline[ Id: 42f315e9-d4b7-4dbc-bb47-3a911f025303, Nodes: f0b1dae6-f321-4e50-a03e-542d768699a7{ip: 192.168.5.142, host: pr-hdds-2076-zndlt-2349722852, networkLocation: /default-rack, certSerialId: null}, Type:RATIS, Factor:ONE, State:OPEN]
2019-09-09 08:10:28,524 [grpc-default-executor-0] INFO  impl.RaftServerProxy (RaftServerProxy.java:addNew(89)) - f0b1dae6-f321-4e50-a03e-542d768699a7: addNew group-51F41B8144FD:[d5239ec2-78a2-4cd1-a8eb-80aa9cb2f2f7:192.168.5.142:40637, 350e76c6-83a1-4611-85eb-62f03c20ce37:192.168.5.142:34354, f0b1dae6-f321-4e50-a03e-542d768699a7:192.168.5.142:44392] returns group-51F41B8144FD:java.util.concurrent.CompletableFuture@63bd142b[Not completed]
2019-09-09 08:10:28,525 [grpc-default-executor-6] INFO  impl.RaftServerProxy (RaftServerProxy.java:addNew(89)) - 350e76c6-83a1-4611-85eb-62f03c20ce37: addNew group-51F41B8144FD:[d5239ec2-78a2-4cd1-a8eb-80aa9cb2f2f7:192.168.5.142:40637, 350e76c6-83a1-4611-85eb-62f03c20ce37:192.168.5.142:34354, f0b1dae6-f321-4e50-a03e-542d768699a7:192.168.5.142:44392] returns group-51F41B8144FD:java.util.concurrent.CompletableFuture@4c9f9edf[Not completed]
2019-09-09 08:10:28,525 [grpc-default-executor-13] INFO  impl.RaftServerProxy (RaftServerProxy.java:addNew(89)) - d5239ec2-78a2-4cd1-a8eb-80aa9cb2f2f7: addNew group-51F41B8144FD:[d5239ec2-78a2-4cd1-a8eb-80aa9cb2f2f7:192.168.5.142:40637, 350e76c6-83a1-4611-85eb-62f03c20ce37:192.168.5.142:34354, f0b1dae6-f321-4e50-a03e-542d768699a7:192.168.5.142:44392] returns group-51F41B8144FD:java.util.concurrent.CompletableFuture@65d84bee[Not completed]
2019-09-09 08:10:28,526 [pool-639-thread-1] INFO  impl.RaftServerImpl (RaftServerImpl.java:<init>(93)) - f0b1dae6-f321-4e50-a03e-542d768699a7: new RaftServerImpl for group-51F41B8144FD:[d5239ec2-78a2-4cd1-a8eb-80aa9cb2f2f7:192.168.5.142:40637, 350e76c6-83a1-4611-85eb-62f03c20ce37:192.168.5.142:34354, f0b1dae6-f321-4e50-a03e-542d768699a7:192.168.5.142:44392] with ContainerStateMachine:uninitialized
2019-09-09 08:10:28,526 [main] INFO  ozone.MiniOzoneClusterImpl (MiniOzoneClusterImpl.java:lambda$waitForClusterToBeReady$0(140)) - Waiting for cluster to be ready. Got 6 of 7 DN Heartbeats.
2019-09-09 08:10:28,526 [pool-639-thread-1] INFO  server.RaftServerConfigKeys (ConfUtils.java:logGet(43)) - raft.server.rpc.timeout.min = 5s (custom)
2019-09-09 08:10:28,526 [IPC Server handler 6 on 45363] INFO  net.NetworkTopology (NetworkTopologyImpl.java:add(110)) - Added a new node: /default-rack/287b279c-f855-45a5-8b0c-56f3c92d2fe2
2019-09-09 08:10:28,526 [pool-619-thread-1] INFO  impl.RaftServerImpl (RaftServerImpl.java:<init>(93)) - 350e76c6-83a1-4611-85eb-62f03c20ce37: new RaftServerImpl for group-51F41B8144FD:[d5239ec2-78a2-4cd1-a8eb-80aa9cb2f2f7:192.168.5.142:40637, 350e76c6-83a1-4611-85eb-62f03c20ce37:192.168.5.142:34354, f0b1dae6-f321-4e50-a03e-542d768699a7:192.168.5.142:44392] with ContainerStateMachine:uninitialized
2019-09-09 08:10:28,526 [pool-639-thread-1] INFO  server.RaftServerConfigKeys (ConfUtils.java:logGet(43)) - raft.server.rpc.timeout.max = 5200ms (custom)
2019-09-09 08:10:28,527 [pool-619-thread-1] INFO  server.RaftServerConfigKeys (ConfUtils.java:logGet(43)) - raft.server.rpc.timeout.min = 5s (custom)
2019-09-09 08:10:28,526 [IPC Server handler 6 on 45363] INFO  node.SCMNodeManager (SCMNodeManager.java:register(266)) - Registered Data node : 287b279c-f855-45a5-8b0c-56f3c92d2fe2{ip: 192.168.5.142, host: pr-hdds-2076-zndlt-2349722852, networkLocation: /default-rack, certSerialId: null}
2019-09-09 08:10:28,527 [pool-619-thread-1] INFO  server.RaftServerConfigKeys (ConfUtils.java:logGet(43)) - raft.server.rpc.timeout.max = 5200ms (custom)
2019-09-09 08:10:28,527 [pool-639-thread-1] INFO  server.RaftServerConfigKeys (ConfUtils.java:logGet(43)) - raft.server.rpcslowness.timeout = 120s (custom)
2019-09-09 08:10:28,527 [pool-619-thread-1] INFO  server.RaftServerConfigKeys (ConfUtils.java:logGet(43)) - raft.server.rpcslowness.timeout = 120s (custom)
2019-09-09 08:10:28,527 [pool-609-thread-1] INFO  impl.RaftServerImpl (RaftServerImpl.java:<init>(93)) - d5239ec2-78a2-4cd1-a8eb-80aa9cb2f2f7: new RaftServerImpl for group-51F41B8144FD:[d5239ec2-78a2-4cd1-a8eb-80aa9cb2f2f7:192.168.5.142:40637, 350e76c6-83a1-4611-85eb-62f03c20ce37:192.168.5.142:34354, f0b1dae6-f321-4e50-a03e-542d768699a7:192.168.5.142:44392] with ContainerStateMachine:uninitialized
2019-09-09 08:10:28,527 [pool-619-thread-1] INFO  server.RaftServerConfigKeys (ConfUtils.java:logGet(43)) - raft.server.sleep.deviation.threshold = 300 (default)
2019-09-09 08:10:28,527 [pool-639-thread-1] INFO  server.RaftServerConfigKeys (ConfUtils.java:logGet(43)) - raft.server.sleep.deviation.threshold = 300 (default)
2019-09-09 08:10:28,528 [pool-619-thread-1] INFO  server.RaftServerConfigKeys (ConfUtils.java:logGet(43)) - raft.server.log.appender.install.snapshot.enabled = false (custom)
2019-09-09 08:10:28,528 [pool-609-thread-1] INFO  server.RaftServerConfigKeys (ConfUtils.java:logGet(43)) - raft.server.rpc.timeout.min = 5s (custom)
2019-09-09 08:10:28,528 [pool-619-thread-1] INFO  impl.RaftServerImpl (ServerState.java:<init>(105)) - 350e76c6-83a1-4611-85eb-62f03c20ce37:group-51F41B8144FD ConfigurationManager, init=-1: [d5239ec2-78a2-4cd1-a8eb-80aa9cb2f2f7:192.168.5.142:40637, 350e76c6-83a1-4611-85eb-62f03c20ce37:192.168.5.142:34354, f0b1dae6-f321-4e50-a03e-542d768699a7:192.168.5.142:44392], old=null, confs=<EMPTY_MAP>
2019-09-09 08:10:28,528 [pool-639-thread-1] INFO  server.RaftServerConfigKeys (ConfUtils.java:logGet(43)) - raft.server.log.appender.install.snapshot.enabled = false (custom)
2019-09-09 08:10:28,528 [pool-619-thread-1] INFO  server.RaftServerConfigKeys (ConfUtils.java:logGet(43)) - raft.server.storage.dir = [/workdir/hadoop-ozone/integration-test/target/test-dir/MiniOzoneClusterImpl-550fe9fd-5f12-4795-9217-62db7b6f07fe/datanode-3/data/ratis] (custom)
2019-09-09 08:10:28,528 [pool-609-thread-1] INFO  server.RaftServerConfigKeys (ConfUtils.java:logGet(43)) - raft.server.rpc.timeout.max = 5200ms (custom)
2019-09-09 08:10:28,528 [pool-639-thread-1] INFO  impl.RaftServerImpl (ServerState.java:<init>(105)) - f0b1dae6-f321-4e50-a03e-542d768699a7:group-51F41B8144FD ConfigurationManager, init=-1: [d5239ec2-78a2-4cd1-a8eb-80aa9cb2f2f7:192.168.5.142:40637, 350e76c6-83a1-4611-85eb-62f03c20ce37:192.168.5.142:34354, f0b1dae6-f321-4e50-a03e-542d768699a7:192.168.5.142:44392], old=null, confs=<EMPTY_MAP>
2019-09-09 08:10:28,529 [pool-609-thread-1] INFO  server.RaftServerConfigKeys (ConfUtils.java:logGet(43)) - raft.server.rpcslowness.timeout = 120s (custom)
2019-09-09 08:10:28,529 [pool-639-thread-1] INFO  server.RaftServerConfigKeys (ConfUtils.java:logGet(43)) - raft.server.storage.dir = [/workdir/hadoop-ozone/integration-test/target/test-dir/MiniOzoneClusterImpl-550fe9fd-5f12-4795-9217-62db7b6f07fe/datanode-5/data/ratis] (custom)
2019-09-09 08:10:28,529 [pool-619-thread-1] INFO  storage.RaftStorageDirectory (RaftStorageDirectory.java:analyzeStorage(246)) - The storage directory /workdir/hadoop-ozone/integration-test/target/test-dir/MiniOzoneClusterImpl-550fe9fd-5f12-4795-9217-62db7b6f07fe/datanode-3/data/ratis/551117a2-51db-4070-b74e-51f41b8144fd does not exist. Creating ...
2019-09-09 08:10:28,529 [pool-609-thread-1] INFO  server.RaftServerConfigKeys (ConfUtils.java:logGet(43)) - raft.server.sleep.deviation.threshold = 300 (default)
2019-09-09 08:10:28,529 [pool-639-thread-1] INFO  storage.RaftStorageDirectory (RaftStorageDirectory.java:analyzeStorage(246)) - The storage directory /workdir/hadoop-ozone/integration-test/target/test-dir/MiniOzoneClusterImpl-550fe9fd-5f12-4795-9217-62db7b6f07fe/datanode-5/data/ratis/551117a2-51db-4070-b74e-51f41b8144fd does not exist. Creating ...
2019-09-09 08:10:28,529 [pool-609-thread-1] INFO  server.RaftServerConfigKeys (ConfUtils.java:logGet(43)) - raft.server.log.appender.install.snapshot.enabled = false (custom)
2019-09-09 08:10:28,529 [pool-609-thread-1] INFO  impl.RaftServerImpl (ServerState.java:<init>(105)) - d5239ec2-78a2-4cd1-a8eb-80aa9cb2f2f7:group-51F41B8144FD ConfigurationManager, init=-1: [d5239ec2-78a2-4cd1-a8eb-80aa9cb2f2f7:192.168.5.142:40637, 350e76c6-83a1-4611-85eb-62f03c20ce37:192.168.5.142:34354, f0b1dae6-f321-4e50-a03e-542d768699a7:192.168.5.142:44392], old=null, confs=<EMPTY_MAP>
2019-09-09 08:10:28,530 [pool-609-thread-1] INFO  server.RaftServerConfigKeys (ConfUtils.java:logGet(43)) - raft.server.storage.dir = [/workdir/hadoop-ozone/integration-test/target/test-dir/MiniOzoneClusterImpl-550fe9fd-5f12-4795-9217-62db7b6f07fe/datanode-2/data/ratis] (custom)
2019-09-09 08:10:28,530 [pool-609-thread-1] INFO  storage.RaftStorageDirectory (RaftStorageDirectory.java:analyzeStorage(246)) - The storage directory /workdir/hadoop-ozone/integration-test/target/test-dir/MiniOzoneClusterImpl-550fe9fd-5f12-4795-9217-62db7b6f07fe/datanode-2/data/ratis/551117a2-51db-4070-b74e-51f41b8144fd does not exist. Creating ...
2019-09-09 08:10:28,553 [pool-639-thread-1] INFO  storage.RaftStorageDirectory (RaftStorageDirectory.java:tryLock(328)) - Lock on /workdir/hadoop-ozone/integration-test/target/test-dir/MiniOzoneClusterImpl-550fe9fd-5f12-4795-9217-62db7b6f07fe/datanode-5/data/ratis/551117a2-51db-4070-b74e-51f41b8144fd/in_use.lock acquired by nodename 30070@pr-hdds-2076-zndlt-2349722852
2019-09-09 08:10:28,553 [pool-619-thread-1] INFO  storage.RaftStorageDirectory (RaftStorageDirectory.java:tryLock(328)) - Lock on /workdir/hadoop-ozone/integration-test/target/test-dir/MiniOzoneClusterImpl-550fe9fd-5f12-4795-9217-62db7b6f07fe/datanode-3/data/ratis/551117a2-51db-4070-b74e-51f41b8144fd/in_use.lock acquired by nodename 30070@pr-hdds-2076-zndlt-2349722852
2019-09-09 08:10:28,553 [pool-609-thread-1] INFO  storage.RaftStorageDirectory (RaftStorageDirectory.java:tryLock(328)) - Lock on /workdir/hadoop-ozone/integration-test/target/test-dir/MiniOzoneClusterImpl-550fe9fd-5f12-4795-9217-62db7b6f07fe/datanode-2/data/ratis/551117a2-51db-4070-b74e-51f41b8144fd/in_use.lock acquired by nodename 30070@pr-hdds-2076-zndlt-2349722852
2019-09-09 08:10:28,568 [pool-619-thread-1] INFO  storage.RaftStorage (RaftStorage.java:format(72)) - Storage directory /workdir/hadoop-ozone/integration-test/target/test-dir/MiniOzoneClusterImpl-550fe9fd-5f12-4795-9217-62db7b6f07fe/datanode-3/data/ratis/551117a2-51db-4070-b74e-51f41b8144fd has been successfully formatted.
2019-09-09 08:10:28,568 [pool-609-thread-1] INFO  storage.RaftStorage (RaftStorage.java:format(72)) - Storage directory /workdir/hadoop-ozone/integration-test/target/test-dir/MiniOzoneClusterImpl-550fe9fd-5f12-4795-9217-62db7b6f07fe/datanode-2/data/ratis/551117a2-51db-4070-b74e-51f41b8144fd has been successfully formatted.
2019-09-09 08:10:28,568 [pool-639-thread-1] INFO  storage.RaftStorage (RaftStorage.java:format(72)) - Storage directory /workdir/hadoop-ozone/integration-test/target/test-dir/MiniOzoneClusterImpl-550fe9fd-5f12-4795-9217-62db7b6f07fe/datanode-5/data/ratis/551117a2-51db-4070-b74e-51f41b8144fd has been successfully formatted.
2019-09-09 08:10:28,568 [pool-609-thread-1] INFO  ratis.ContainerStateMachine (ContainerStateMachine.java:loadSnapshot(227)) - group-51F41B8144FD: The snapshot info is null. Setting the last applied indexto:(t:0, i:~)
2019-09-09 08:10:28,568 [pool-619-thread-1] INFO  ratis.ContainerStateMachine (ContainerStateMachine.java:loadSnapshot(227)) - group-51F41B8144FD: The snapshot info is null. Setting the last applied indexto:(t:0, i:~)
2019-09-09 08:10:28,568 [pool-609-thread-1] INFO  server.RaftServerConfigKeys (ConfUtils.java:logGet(43)) - raft.server.leader.election.timeout = 120s (custom)
2019-09-09 08:10:28,568 [pool-639-thread-1] INFO  ratis.ContainerStateMachine (ContainerStateMachine.java:loadSnapshot(227)) - group-51F41B8144FD: The snapshot info is null. Setting the last applied indexto:(t:0, i:~)
2019-09-09 08:10:28,569 [pool-609-thread-1] INFO  server.RaftServerConfigKeys (ConfUtils.java:logGet(43)) - raft.server.log.use.memory = false (default)
2019-09-09 08:10:28,569 [pool-619-thread-1] INFO  server.RaftServerConfigKeys (ConfUtils.java:logGet(43)) - raft.server.leader.election.timeout = 120s (custom)
2019-09-09 08:10:28,569 [pool-609-thread-1] INFO  server.RaftServerConfigKeys (ConfUtils.java:logGet(43)) - raft.server.log.purge.gap = 1000000 (custom)
2019-09-09 08:10:28,569 [pool-639-thread-1] INFO  server.RaftServerConfigKeys (ConfUtils.java:logGet(43)) - raft.server.leader.election.timeout = 120s (custom)
2019-09-09 08:10:28,569 [pool-609-thread-1] INFO  server.RaftServerConfigKeys (ConfUtils.java:logGet(43)) - raft.server.log.appender.buffer.byte-limit = 33554432 (custom)
2019-09-09 08:10:28,569 [pool-619-thread-1] INFO  server.RaftServerConfigKeys (ConfUtils.java:logGet(43)) - raft.server.log.use.memory = false (default)
2019-09-09 08:10:28,570 [pool-609-thread-1] INFO  server.RaftServerConfigKeys (ConfUtils.java:logGet(43)) - raft.server.log.segment.size.max = 1048576 (custom)
2019-09-09 08:10:28,570 [pool-639-thread-1] INFO  server.RaftServerConfigKeys (ConfUtils.java:logGet(43)) - raft.server.log.use.memory = false (default)
2019-09-09 08:10:28,570 [pool-609-thread-1] INFO  server.RaftServerConfigKeys (ConfUtils.java:logGet(43)) - raft.server.log.segment.cache.num.max = 2 (custom)
2019-09-09 08:10:28,570 [pool-619-thread-1] INFO  server.RaftServerConfigKeys (ConfUtils.java:logGet(43)) - raft.server.log.purge.gap = 1000000 (custom)
2019-09-09 08:10:28,570 [pool-609-thread-1] INFO  segmented.SegmentedRaftLogWorker (SegmentedRaftLogWorker.java:<init>(172)) - new d5239ec2-78a2-4cd1-a8eb-80aa9cb2f2f7-SegmentedRaftLogWorker:Storage Directory /workdir/hadoop-ozone/integration-test/target/test-dir/MiniOzoneClusterImpl-550fe9fd-5f12-4795-9217-62db7b6f07fe/datanode-2/data/ratis/551117a2-51db-4070-b74e-51f41b8144fd for RaftStorage:Storage Directory /workdir/hadoop-ozone/integration-test/target/test-dir/MiniOzoneClusterImpl-550fe9fd-5f12-4795-9217-62db7b6f07fe/datanode-2/data/ratis/551117a2-51db-4070-b74e-51f41b8144fd
2019-09-09 08:10:28,570 [pool-639-thread-1] INFO  server.RaftServerConfigKeys (ConfUtils.java:logGet(43)) - raft.server.log.purge.gap = 1000000 (custom)
2019-09-09 08:10:28,571 [pool-609-thread-1] INFO  server.RaftServerConfigKeys (ConfUtils.java:logGet(43)) - raft.server.log.queue.byte-limit = 2147483647 (custom)
2019-09-09 08:10:28,571 [pool-619-thread-1] INFO  server.RaftServerConfigKeys (ConfUtils.java:logGet(43)) - raft.server.log.appender.buffer.byte-limit = 33554432 (custom)
2019-09-09 08:10:28,571 [pool-609-thread-1] INFO  server.RaftServerConfigKeys (ConfUtils.java:logGet(43)) - raft.server.log.queue.element-limit = 1024 (custom)
2019-09-09 08:10:28,571 [pool-639-thread-1] INFO  server.RaftServerConfigKeys (ConfUtils.java:logGet(43)) - raft.server.log.appender.buffer.byte-limit = 33554432 (custom)
2019-09-09 08:10:28,571 [pool-609-thread-1] INFO  server.RaftServerConfigKeys (ConfUtils.java:logGet(43)) - raft.server.log.segment.size.max = 1048576 (custom)
2019-09-09 08:10:28,571 [pool-619-thread-1] INFO  server.RaftServerConfigKeys (ConfUtils.java:logGet(43)) - raft.server.log.segment.size.max = 1048576 (custom)
2019-09-09 08:10:28,572 [pool-609-thread-1] INFO  server.RaftServerConfigKeys (ConfUtils.java:logGet(43)) - raft.server.log.preallocated.size = 16384 (custom)
2019-09-09 08:10:28,572 [pool-609-thread-1] INFO  server.RaftServerConfigKeys (ConfUtils.java:logGet(43)) - raft.server.log.write.buffer.size = 33554432 (custom)
2019-09-09 08:10:28,572 [pool-639-thread-1] INFO  server.RaftServerConfigKeys (ConfUtils.java:logGet(43)) - raft.server.log.segment.size.max = 1048576 (custom)
2019-09-09 08:10:28,572 [pool-609-thread-1] INFO  server.RaftServerConfigKeys (ConfUtils.java:logGet(43)) - raft.server.log.force.sync.num = 128 (default)
2019-09-09 08:10:28,572 [pool-619-thread-1] INFO  server.RaftServerConfigKeys (ConfUtils.java:logGet(43)) - raft.server.log.segment.cache.num.max = 2 (custom)
2019-09-09 08:10:28,572 [pool-609-thread-1] INFO  server.RaftServerConfigKeys (ConfUtils.java:logGet(43)) - raft.server.log.statemachine.data.sync = true (default)
2019-09-09 08:10:28,572 [pool-639-thread-1] INFO  server.RaftServerConfigKeys (ConfUtils.java:logGet(43)) - raft.server.log.segment.cache.num.max = 2 (custom)
2019-09-09 08:10:28,573 [pool-609-thread-1] INFO  server.RaftServerConfigKeys (ConfUtils.java:logGet(43)) - raft.server.log.statemachine.data.sync.timeout = 10s (default)
2019-09-09 08:10:28,573 [pool-619-thread-1] INFO  segmented.SegmentedRaftLogWorker (SegmentedRaftLogWorker.java:<init>(172)) - new 350e76c6-83a1-4611-85eb-62f03c20ce37-SegmentedRaftLogWorker:Storage Directory /workdir/hadoop-ozone/integration-test/target/test-dir/MiniOzoneClusterImpl-550fe9fd-5f12-4795-9217-62db7b6f07fe/datanode-3/data/ratis/551117a2-51db-4070-b74e-51f41b8144fd for RaftStorage:Storage Directory /workdir/hadoop-ozone/integration-test/target/test-dir/MiniOzoneClusterImpl-550fe9fd-5f12-4795-9217-62db7b6f07fe/datanode-3/data/ratis/551117a2-51db-4070-b74e-51f41b8144fd
2019-09-09 08:10:28,573 [pool-609-thread-1] INFO  server.RaftServerConfigKeys (ConfUtils.java:logGet(43)) - raft.server.log.statemachine.data.sync.timeout.retry = -1 (default)
2019-09-09 08:10:28,573 [pool-639-thread-1] INFO  segmented.SegmentedRaftLogWorker (SegmentedRaftLogWorker.java:<init>(172)) - new f0b1dae6-f321-4e50-a03e-542d768699a7-SegmentedRaftLogWorker:Storage Directory /workdir/hadoop-ozone/integration-test/target/test-dir/MiniOzoneClusterImpl-550fe9fd-5f12-4795-9217-62db7b6f07fe/datanode-5/data/ratis/551117a2-51db-4070-b74e-51f41b8144fd for RaftStorage:Storage Directory /workdir/hadoop-ozone/integration-test/target/test-dir/MiniOzoneClusterImpl-550fe9fd-5f12-4795-9217-62db7b6f07fe/datanode-5/data/ratis/551117a2-51db-4070-b74e-51f41b8144fd
2019-09-09 08:10:28,574 [pool-609-thread-1] INFO  server.RaftServerConfigKeys (ConfUtils.java:logGet(43)) - raft.server.log.statemachine.data.caching.enabled = true (custom)
2019-09-09 08:10:28,573 [pool-619-thread-1] INFO  server.RaftServerConfigKeys (ConfUtils.java:logGet(43)) - raft.server.log.queue.byte-limit = 2147483647 (custom)
2019-09-09 08:10:28,574 [pool-619-thread-1] INFO  server.RaftServerConfigKeys (ConfUtils.java:logGet(43)) - raft.server.log.queue.element-limit = 1024 (custom)
2019-09-09 08:10:28,574 [pool-639-thread-1] INFO  server.RaftServerConfigKeys (ConfUtils.java:logGet(43)) - raft.server.log.queue.byte-limit = 2147483647 (custom)
2019-09-09 08:10:28,574 [pool-619-thread-1] INFO  server.RaftServerConfigKeys (ConfUtils.java:logGet(43)) - raft.server.log.segment.size.max = 1048576 (custom)
2019-09-09 08:10:28,574 [pool-609-thread-1] INFO  segmented.SegmentedRaftLogWorker (SegmentedRaftLogWorker.java:lambda$new$0(132)) - d5239ec2-78a2-4cd1-a8eb-80aa9cb2f2f7-SegmentedRaftLogWorker:Storage Directory /workdir/hadoop-ozone/integration-test/target/test-dir/MiniOzoneClusterImpl-550fe9fd-5f12-4795-9217-62db7b6f07fe/datanode-2/data/ratis/551117a2-51db-4070-b74e-51f41b8144fd: flushIndex: setUnconditionally 0 -> -1
2019-09-09 08:10:28,574 [pool-619-thread-1] INFO  server.RaftServerConfigKeys (ConfUtils.java:logGet(43)) - raft.server.log.preallocated.size = 16384 (custom)
2019-09-09 08:10:28,574 [pool-639-thread-1] INFO  server.RaftServerConfigKeys (ConfUtils.java:logGet(43)) - raft.server.log.queue.element-limit = 1024 (custom)
2019-09-09 08:10:28,575 [pool-609-thread-1] INFO  server.RaftServerConfigKeys (ConfUtils.java:logGet(43)) - raft.server.snapshot.auto.trigger.enabled = true (custom)
2019-09-09 08:10:28,575 [pool-619-thread-1] INFO  server.RaftServerConfigKeys (ConfUtils.java:logGet(43)) - raft.server.log.write.buffer.size = 33554432 (custom)
2019-09-09 08:10:28,575 [pool-609-thread-1] INFO  server.RaftServerConfigKeys (ConfUtils.java:logGet(43)) - raft.server.snapshot.auto.trigger.threshold = 10000 (custom)
2019-09-09 08:10:28,575 [pool-639-thread-1] INFO  server.RaftServerConfigKeys (ConfUtils.java:logGet(43)) - raft.server.log.segment.size.max = 1048576 (custom)
2019-09-09 08:10:28,575 [pool-609-thread-1] INFO  server.RaftServerConfigKeys (ConfUtils.java:logGet(43)) - raft.server.retrycache.expirytime = 600000ms (custom)
2019-09-09 08:10:28,575 [pool-619-thread-1] INFO  server.RaftServerConfigKeys (ConfUtils.java:logGet(43)) - raft.server.log.force.sync.num = 128 (default)
2019-09-09 08:10:28,576 [pool-609-thread-1] INFO  impl.RaftServerImpl (RaftServerImpl.java:start(180)) - d5239ec2-78a2-4cd1-a8eb-80aa9cb2f2f7: start group-51F41B8144FD
2019-09-09 08:10:28,576 [pool-609-thread-1] INFO  impl.RaftServerImpl (RaftServerImpl.java:setRole(171)) - d5239ec2-78a2-4cd1-a8eb-80aa9cb2f2f7:group-51F41B8144FD changes role from null to FOLLOWER at term 0 for startAsFollower
2019-09-09 08:10:28,576 [pool-639-thread-1] INFO  server.RaftServerConfigKeys (ConfUtils.java:logGet(43)) - raft.server.log.preallocated.size = 16384 (custom)
2019-09-09 08:10:28,576 [pool-609-thread-1] INFO  impl.RoleInfo (RoleInfo.java:updateAndGet(143)) - d5239ec2-78a2-4cd1-a8eb-80aa9cb2f2f7: start FollowerState
2019-09-09 08:10:28,576 [pool-619-thread-1] INFO  server.RaftServerConfigKeys (ConfUtils.java:logGet(43)) - raft.server.log.statemachine.data.sync = true (default)
2019-09-09 08:10:28,576 [pool-639-thread-1] INFO  server.RaftServerConfigKeys (ConfUtils.java:logGet(43)) - raft.server.log.write.buffer.size = 33554432 (custom)
2019-09-09 08:10:28,577 [pool-609-thread-1] INFO  util.JmxRegister (JmxRegister.java:tryRegister(44)) - Successfully registered JMX Bean with object name Ratis:service=RaftServer,group=group-51F41B8144FD,id=d5239ec2-78a2-4cd1-a8eb-80aa9cb2f2f7
2019-09-09 08:10:28,577 [pool-619-thread-1] INFO  server.RaftServerConfigKeys (ConfUtils.java:logGet(43)) - raft.server.log.statemachine.data.sync.timeout = 10s (default)
2019-09-09 08:10:28,577 [pool-639-thread-1] INFO  server.RaftServerConfigKeys (ConfUtils.java:logGet(43)) - raft.server.log.force.sync.num = 128 (default)
2019-09-09 08:10:28,577 [pool-619-thread-1] INFO  server.RaftServerConfigKeys (ConfUtils.java:logGet(43)) - raft.server.log.statemachine.data.sync.timeout.retry = -1 (default)
2019-09-09 08:10:28,577 [pool-639-thread-1] INFO  server.RaftServerConfigKeys (ConfUtils.java:logGet(43)) - raft.server.log.statemachine.data.sync = true (default)
2019-09-09 08:10:28,577 [pool-619-thread-1] INFO  server.RaftServerConfigKeys (ConfUtils.java:logGet(43)) - raft.server.log.statemachine.data.caching.enabled = true (custom)
2019-09-09 08:10:28,578 [pool-639-thread-1] INFO  server.RaftServerConfigKeys (ConfUtils.java:logGet(43)) - raft.server.log.statemachine.data.sync.timeout = 10s (default)
2019-09-09 08:10:28,578 [pool-639-thread-1] INFO  server.RaftServerConfigKeys (ConfUtils.java:logGet(43)) - raft.server.log.statemachine.data.sync.timeout.retry = -1 (default)
2019-09-09 08:10:28,578 [pool-619-thread-1] INFO  segmented.SegmentedRaftLogWorker (SegmentedRaftLogWorker.java:lambda$new$0(132)) - 350e76c6-83a1-4611-85eb-62f03c20ce37-SegmentedRaftLogWorker:Storage Directory /workdir/hadoop-ozone/integration-test/target/test-dir/MiniOzoneClusterImpl-550fe9fd-5f12-4795-9217-62db7b6f07fe/datanode-3/data/ratis/551117a2-51db-4070-b74e-51f41b8144fd: flushIndex: setUnconditionally 0 -> -1
2019-09-09 08:10:28,581 [pool-639-thread-1] INFO  server.RaftServerConfigKeys (ConfUtils.java:logGet(43)) - raft.server.log.statemachine.data.caching.enabled = true (custom)
2019-09-09 08:10:28,582 [pool-619-thread-1] INFO  server.RaftServerConfigKeys (ConfUtils.java:logGet(43)) - raft.server.snapshot.auto.trigger.enabled = true (custom)
2019-09-09 08:10:28,582 [pool-639-thread-1] INFO  segmented.SegmentedRaftLogWorker (SegmentedRaftLogWorker.java:lambda$new$0(132)) - f0b1dae6-f321-4e50-a03e-542d768699a7-SegmentedRaftLogWorker:Storage Directory /workdir/hadoop-ozone/integration-test/target/test-dir/MiniOzoneClusterImpl-550fe9fd-5f12-4795-9217-62db7b6f07fe/datanode-5/data/ratis/551117a2-51db-4070-b74e-51f41b8144fd: flushIndex: setUnconditionally 0 -> -1
2019-09-09 08:10:28,582 [pool-619-thread-1] INFO  server.RaftServerConfigKeys (ConfUtils.java:logGet(43)) - raft.server.snapshot.auto.trigger.threshold = 10000 (custom)
2019-09-09 08:10:28,582 [pool-639-thread-1] INFO  server.RaftServerConfigKeys (ConfUtils.java:logGet(43)) - raft.server.snapshot.auto.trigger.enabled = true (custom)
2019-09-09 08:10:28,582 [pool-619-thread-1] INFO  server.RaftServerConfigKeys (ConfUtils.java:logGet(43)) - raft.server.retrycache.expirytime = 600000ms (custom)
2019-09-09 08:10:28,582 [pool-639-thread-1] INFO  server.RaftServerConfigKeys (ConfUtils.java:logGet(43)) - raft.server.snapshot.auto.trigger.threshold = 10000 (custom)
2019-09-09 08:10:28,582 [pool-619-thread-1] INFO  impl.RaftServerImpl (RaftServerImpl.java:start(180)) - 350e76c6-83a1-4611-85eb-62f03c20ce37: start group-51F41B8144FD
2019-09-09 08:10:28,582 [pool-639-thread-1] INFO  server.RaftServerConfigKeys (ConfUtils.java:logGet(43)) - raft.server.retrycache.expirytime = 600000ms (custom)
2019-09-09 08:10:28,583 [pool-619-thread-1] INFO  impl.RaftServerImpl (RaftServerImpl.java:setRole(171)) - 350e76c6-83a1-4611-85eb-62f03c20ce37:group-51F41B8144FD changes role from null to FOLLOWER at term 0 for startAsFollower
2019-09-09 08:10:28,583 [pool-639-thread-1] INFO  impl.RaftServerImpl (RaftServerImpl.java:start(180)) - f0b1dae6-f321-4e50-a03e-542d768699a7: start group-51F41B8144FD
2019-09-09 08:10:28,583 [pool-619-thread-1] INFO  impl.RoleInfo (RoleInfo.java:updateAndGet(143)) - 350e76c6-83a1-4611-85eb-62f03c20ce37: start FollowerState
2019-09-09 08:10:28,583 [pool-639-thread-1] INFO  impl.RaftServerImpl (RaftServerImpl.java:setRole(171)) - f0b1dae6-f321-4e50-a03e-542d768699a7:group-51F41B8144FD changes role from null to FOLLOWER at term 0 for startAsFollower
2019-09-09 08:10:28,583 [pool-639-thread-1] INFO  impl.RoleInfo (RoleInfo.java:updateAndGet(143)) - f0b1dae6-f321-4e50-a03e-542d768699a7: start FollowerState
2019-09-09 08:10:28,594 [pool-619-thread-1] INFO  util.JmxRegister (JmxRegister.java:tryRegister(44)) - Successfully registered JMX Bean with object name Ratis:service=RaftServer,group=group-51F41B8144FD,id=350e76c6-83a1-4611-85eb-62f03c20ce37
2019-09-09 08:10:28,594 [pool-639-thread-1] INFO  util.JmxRegister (JmxRegister.java:tryRegister(44)) - Successfully registered JMX Bean with object name Ratis:service=RaftServer,group=group-51F41B8144FD,id=f0b1dae6-f321-4e50-a03e-542d768699a7
2019-09-09 08:10:28,609 [RatisPipelineUtilsThread] INFO  pipeline.PipelineStateManager (PipelineStateManager.java:addPipeline(56)) - Created pipeline Pipeline[ Id: 551117a2-51db-4070-b74e-51f41b8144fd, Nodes: 350e76c6-83a1-4611-85eb-62f03c20ce37{ip: 192.168.5.142, host: pr-hdds-2076-zndlt-2349722852, networkLocation: /default-rack, certSerialId: null}f0b1dae6-f321-4e50-a03e-542d768699a7{ip: 192.168.5.142, host: pr-hdds-2076-zndlt-2349722852, networkLocation: /default-rack, certSerialId: null}d5239ec2-78a2-4cd1-a8eb-80aa9cb2f2f7{ip: 192.168.5.142, host: pr-hdds-2076-zndlt-2349722852, networkLocation: /default-rack, certSerialId: null}, Type:RATIS, Factor:THREE, State:OPEN]
2019-09-09 08:10:28,627 [grpc-default-executor-13] INFO  impl.RaftServerProxy (RaftServerProxy.java:addNew(89)) - 0a9ac026-a0ca-44a0-95ed-35416f57c02b: addNew group-052144D24009:[6aa0834b-231e-4111-87df-6afda18d0427:192.168.5.142:45430, 0a9ac026-a0ca-44a0-95ed-35416f57c02b:192.168.5.142:35360, 287b279c-f855-45a5-8b0c-56f3c92d2fe2:192.168.5.142:39938] returns group-052144D24009:java.util.concurrent.CompletableFuture@59006548[Not completed]
2019-09-09 08:10:28,627 [grpc-default-executor-6] INFO  impl.RaftServerProxy (RaftServerProxy.java:addNew(89)) - 6aa0834b-231e-4111-87df-6afda18d0427: addNew group-052144D24009:[6aa0834b-231e-4111-87df-6afda18d0427:192.168.5.142:45430, 0a9ac026-a0ca-44a0-95ed-35416f57c02b:192.168.5.142:35360, 287b279c-f855-45a5-8b0c-56f3c92d2fe2:192.168.5.142:39938] returns group-052144D24009:java.util.concurrent.CompletableFuture@72ec126a[Not completed]
2019-09-09 08:10:28,627 [grpc-default-executor-0] INFO  impl.RaftServerProxy (RaftServerProxy.java:addNew(89)) - 287b279c-f855-45a5-8b0c-56f3c92d2fe2: addNew group-052144D24009:[6aa0834b-231e-4111-87df-6afda18d0427:192.168.5.142:45430, 0a9ac026-a0ca-44a0-95ed-35416f57c02b:192.168.5.142:35360, 287b279c-f855-45a5-8b0c-56f3c92d2fe2:192.168.5.142:39938] returns group-052144D24009:java.util.concurrent.CompletableFuture@4fca4a53[Not completed]
2019-09-09 08:10:28,628 [pool-629-thread-1] INFO  impl.RaftServerImpl (RaftServerImpl.java:<init>(93)) - 0a9ac026-a0ca-44a0-95ed-35416f57c02b: new RaftServerImpl for group-052144D24009:[6aa0834b-231e-4111-87df-6afda18d0427:192.168.5.142:45430, 0a9ac026-a0ca-44a0-95ed-35416f57c02b:192.168.5.142:35360, 287b279c-f855-45a5-8b0c-56f3c92d2fe2:192.168.5.142:39938] with ContainerStateMachine:uninitialized
2019-09-09 08:10:28,628 [pool-629-thread-1] INFO  server.RaftServerConfigKeys (ConfUtils.java:logGet(43)) - raft.server.rpc.timeout.min = 5s (custom)
2019-09-09 08:10:28,628 [pool-629-thread-1] INFO  server.RaftServerConfigKeys (ConfUtils.java:logGet(43)) - raft.server.rpc.timeout.max = 5200ms (custom)
2019-09-09 08:10:28,629 [pool-629-thread-1] INFO  server.RaftServerConfigKeys (ConfUtils.java:logGet(43)) - raft.server.rpcslowness.timeout = 120s (custom)
2019-09-09 08:10:28,629 [pool-629-thread-1] INFO  server.RaftServerConfigKeys (ConfUtils.java:logGet(43)) - raft.server.sleep.deviation.threshold = 300 (default)
2019-09-09 08:10:28,629 [pool-629-thread-1] INFO  server.RaftServerConfigKeys (ConfUtils.java:logGet(43)) - raft.server.log.appender.install.snapshot.enabled = false (custom)
2019-09-09 08:10:28,629 [pool-629-thread-1] INFO  impl.RaftServerImpl (ServerState.java:<init>(105)) - 0a9ac026-a0ca-44a0-95ed-35416f57c02b:group-052144D24009 ConfigurationManager, init=-1: [6aa0834b-231e-4111-87df-6afda18d0427:192.168.5.142:45430, 0a9ac026-a0ca-44a0-95ed-35416f57c02b:192.168.5.142:35360, 287b279c-f855-45a5-8b0c-56f3c92d2fe2:192.168.5.142:39938], old=null, confs=<EMPTY_MAP>
2019-09-09 08:10:28,629 [pool-649-thread-1] INFO  impl.RaftServerImpl (RaftServerImpl.java:<init>(93)) - 287b279c-f855-45a5-8b0c-56f3c92d2fe2: new RaftServerImpl for group-052144D24009:[6aa0834b-231e-4111-87df-6afda18d0427:192.168.5.142:45430, 0a9ac026-a0ca-44a0-95ed-35416f57c02b:192.168.5.142:35360, 287b279c-f855-45a5-8b0c-56f3c92d2fe2:192.168.5.142:39938] with ContainerStateMachine:uninitialized
2019-09-09 08:10:28,629 [pool-629-thread-1] INFO  server.RaftServerConfigKeys (ConfUtils.java:logGet(43)) - raft.server.storage.dir = [/workdir/hadoop-ozone/integration-test/target/test-dir/MiniOzoneClusterImpl-550fe9fd-5f12-4795-9217-62db7b6f07fe/datanode-4/data/ratis] (custom)
2019-09-09 08:10:28,630 [pool-649-thread-1] INFO  server.RaftServerConfigKeys (ConfUtils.java:logGet(43)) - raft.server.rpc.timeout.min = 5s (custom)
2019-09-09 08:10:28,630 [pool-599-thread-1] INFO  impl.RaftServerImpl (RaftServerImpl.java:<init>(93)) - 6aa0834b-231e-4111-87df-6afda18d0427: new RaftServerImpl for group-052144D24009:[6aa0834b-231e-4111-87df-6afda18d0427:192.168.5.142:45430, 0a9ac026-a0ca-44a0-95ed-35416f57c02b:192.168.5.142:35360, 287b279c-f855-45a5-8b0c-56f3c92d2fe2:192.168.5.142:39938] with ContainerStateMachine:uninitialized
2019-09-09 08:10:28,630 [pool-649-thread-1] INFO  server.RaftServerConfigKeys (ConfUtils.java:logGet(43)) - raft.server.rpc.timeout.max = 5200ms (custom)
2019-09-09 08:10:28,630 [pool-629-thread-1] INFO  storage.RaftStorageDirectory (RaftStorageDirectory.java:analyzeStorage(246)) - The storage directory /workdir/hadoop-ozone/integration-test/target/test-dir/MiniOzoneClusterImpl-550fe9fd-5f12-4795-9217-62db7b6f07fe/datanode-4/data/ratis/5989b723-4330-415e-bad5-052144d24009 does not exist. Creating ...
2019-09-09 08:10:28,630 [pool-649-thread-1] INFO  server.RaftServerConfigKeys (ConfUtils.java:logGet(43)) - raft.server.rpcslowness.timeout = 120s (custom)
2019-09-09 08:10:28,630 [pool-599-thread-1] INFO  server.RaftServerConfigKeys (ConfUtils.java:logGet(43)) - raft.server.rpc.timeout.min = 5s (custom)
2019-09-09 08:10:28,630 [pool-649-thread-1] INFO  server.RaftServerConfigKeys (ConfUtils.java:logGet(43)) - raft.server.sleep.deviation.threshold = 300 (default)
2019-09-09 08:10:28,631 [pool-599-thread-1] INFO  server.RaftServerConfigKeys (ConfUtils.java:logGet(43)) - raft.server.rpc.timeout.max = 5200ms (custom)
2019-09-09 08:10:28,631 [pool-649-thread-1] INFO  server.RaftServerConfigKeys (ConfUtils.java:logGet(43)) - raft.server.log.appender.install.snapshot.enabled = false (custom)
2019-09-09 08:10:28,631 [pool-599-thread-1] INFO  server.RaftServerConfigKeys (ConfUtils.java:logGet(43)) - raft.server.rpcslowness.timeout = 120s (custom)
2019-09-09 08:10:28,631 [pool-649-thread-1] INFO  impl.RaftServerImpl (ServerState.java:<init>(105)) - 287b279c-f855-45a5-8b0c-56f3c92d2fe2:group-052144D24009 ConfigurationManager, init=-1: [6aa0834b-231e-4111-87df-6afda18d0427:192.168.5.142:45430, 0a9ac026-a0ca-44a0-95ed-35416f57c02b:192.168.5.142:35360, 287b279c-f855-45a5-8b0c-56f3c92d2fe2:192.168.5.142:39938], old=null, confs=<EMPTY_MAP>
2019-09-09 08:10:28,631 [pool-599-thread-1] INFO  server.RaftServerConfigKeys (ConfUtils.java:logGet(43)) - raft.server.sleep.deviation.threshold = 300 (default)
2019-09-09 08:10:28,631 [pool-649-thread-1] INFO  server.RaftServerConfigKeys (ConfUtils.java:logGet(43)) - raft.server.storage.dir = [/workdir/hadoop-ozone/integration-test/target/test-dir/MiniOzoneClusterImpl-550fe9fd-5f12-4795-9217-62db7b6f07fe/datanode-6/data/ratis] (custom)
2019-09-09 08:10:28,631 [pool-599-thread-1] INFO  server.RaftServerConfigKeys (ConfUtils.java:logGet(43)) - raft.server.log.appender.install.snapshot.enabled = false (custom)
2019-09-09 08:10:28,632 [pool-599-thread-1] INFO  impl.RaftServerImpl (ServerState.java:<init>(105)) - 6aa0834b-231e-4111-87df-6afda18d0427:group-052144D24009 ConfigurationManager, init=-1: [6aa0834b-231e-4111-87df-6afda18d0427:192.168.5.142:45430, 0a9ac026-a0ca-44a0-95ed-35416f57c02b:192.168.5.142:35360, 287b279c-f855-45a5-8b0c-56f3c92d2fe2:192.168.5.142:39938], old=null, confs=<EMPTY_MAP>
2019-09-09 08:10:28,632 [pool-599-thread-1] INFO  server.RaftServerConfigKeys (ConfUtils.java:logGet(43)) - raft.server.storage.dir = [/workdir/hadoop-ozone/integration-test/target/test-dir/MiniOzoneClusterImpl-550fe9fd-5f12-4795-9217-62db7b6f07fe/datanode-1/data/ratis] (custom)
2019-09-09 08:10:28,632 [pool-649-thread-1] INFO  storage.RaftStorageDirectory (RaftStorageDirectory.java:analyzeStorage(246)) - The storage directory /workdir/hadoop-ozone/integration-test/target/test-dir/MiniOzoneClusterImpl-550fe9fd-5f12-4795-9217-62db7b6f07fe/datanode-6/data/ratis/5989b723-4330-415e-bad5-052144d24009 does not exist. Creating ...
2019-09-09 08:10:28,632 [pool-599-thread-1] INFO  storage.RaftStorageDirectory (RaftStorageDirectory.java:analyzeStorage(246)) - The storage directory /workdir/hadoop-ozone/integration-test/target/test-dir/MiniOzoneClusterImpl-550fe9fd-5f12-4795-9217-62db7b6f07fe/datanode-1/data/ratis/5989b723-4330-415e-bad5-052144d24009 does not exist. Creating ...
2019-09-09 08:10:28,645 [pool-649-thread-1] INFO  storage.RaftStorageDirectory (RaftStorageDirectory.java:tryLock(328)) - Lock on /workdir/hadoop-ozone/integration-test/target/test-dir/MiniOzoneClusterImpl-550fe9fd-5f12-4795-9217-62db7b6f07fe/datanode-6/data/ratis/5989b723-4330-415e-bad5-052144d24009/in_use.lock acquired by nodename 30070@pr-hdds-2076-zndlt-2349722852
2019-09-09 08:10:28,645 [pool-599-thread-1] INFO  storage.RaftStorageDirectory (RaftStorageDirectory.java:tryLock(328)) - Lock on /workdir/hadoop-ozone/integration-test/target/test-dir/MiniOzoneClusterImpl-550fe9fd-5f12-4795-9217-62db7b6f07fe/datanode-1/data/ratis/5989b723-4330-415e-bad5-052144d24009/in_use.lock acquired by nodename 30070@pr-hdds-2076-zndlt-2349722852
2019-09-09 08:10:28,645 [pool-629-thread-1] INFO  storage.RaftStorageDirectory (RaftStorageDirectory.java:tryLock(328)) - Lock on /workdir/hadoop-ozone/integration-test/target/test-dir/MiniOzoneClusterImpl-550fe9fd-5f12-4795-9217-62db7b6f07fe/datanode-4/data/ratis/5989b723-4330-415e-bad5-052144d24009/in_use.lock acquired by nodename 30070@pr-hdds-2076-zndlt-2349722852
2019-09-09 08:10:28,668 [pool-599-thread-1] INFO  storage.RaftStorage (RaftStorage.java:format(72)) - Storage directory /workdir/hadoop-ozone/integration-test/target/test-dir/MiniOzoneClusterImpl-550fe9fd-5f12-4795-9217-62db7b6f07fe/datanode-1/data/ratis/5989b723-4330-415e-bad5-052144d24009 has been successfully formatted.
2019-09-09 08:10:28,668 [pool-649-thread-1] INFO  storage.RaftStorage (RaftStorage.java:format(72)) - Storage directory /workdir/hadoop-ozone/integration-test/target/test-dir/MiniOzoneClusterImpl-550fe9fd-5f12-4795-9217-62db7b6f07fe/datanode-6/data/ratis/5989b723-4330-415e-bad5-052144d24009 has been successfully formatted.
2019-09-09 08:10:28,668 [pool-629-thread-1] INFO  storage.RaftStorage (RaftStorage.java:format(72)) - Storage directory /workdir/hadoop-ozone/integration-test/target/test-dir/MiniOzoneClusterImpl-550fe9fd-5f12-4795-9217-62db7b6f07fe/datanode-4/data/ratis/5989b723-4330-415e-bad5-052144d24009 has been successfully formatted.
2019-09-09 08:10:28,669 [pool-649-thread-1] INFO  ratis.ContainerStateMachine (ContainerStateMachine.java:loadSnapshot(227)) - group-052144D24009: The snapshot info is null. Setting the last applied indexto:(t:0, i:~)
2019-09-09 08:10:28,669 [pool-629-thread-1] INFO  ratis.ContainerStateMachine (ContainerStateMachine.java:loadSnapshot(227)) - group-052144D24009: The snapshot info is null. Setting the last applied indexto:(t:0, i:~)
2019-09-09 08:10:28,668 [pool-599-thread-1] INFO  ratis.ContainerStateMachine (ContainerStateMachine.java:loadSnapshot(227)) - group-052144D24009: The snapshot info is null. Setting the last applied indexto:(t:0, i:~)
2019-09-09 08:10:28,669 [pool-629-thread-1] INFO  server.RaftServerConfigKeys (ConfUtils.java:logGet(43)) - raft.server.leader.election.timeout = 120s (custom)
2019-09-09 08:10:28,669 [pool-649-thread-1] INFO  server.RaftServerConfigKeys (ConfUtils.java:logGet(43)) - raft.server.leader.election.timeout = 120s (custom)
2019-09-09 08:10:28,669 [pool-629-thread-1] INFO  server.RaftServerConfigKeys (ConfUtils.java:logGet(43)) - raft.server.log.use.memory = false (default)
2019-09-09 08:10:28,669 [pool-599-thread-1] INFO  server.RaftServerConfigKeys (ConfUtils.java:logGet(43)) - raft.server.leader.election.timeout = 120s (custom)
2019-09-09 08:10:28,670 [pool-629-thread-1] INFO  server.RaftServerConfigKeys (ConfUtils.java:logGet(43)) - raft.server.log.purge.gap = 1000000 (custom)
2019-09-09 08:10:28,670 [pool-649-thread-1] INFO  server.RaftServerConfigKeys (ConfUtils.java:logGet(43)) - raft.server.log.use.memory = false (default)
2019-09-09 08:10:28,670 [pool-629-thread-1] INFO  server.RaftServerConfigKeys (ConfUtils.java:logGet(43)) - raft.server.log.appender.buffer.byte-limit = 33554432 (custom)
2019-09-09 08:10:28,670 [pool-599-thread-1] INFO  server.RaftServerConfigKeys (ConfUtils.java:logGet(43)) - raft.server.log.use.memory = false (default)
2019-09-09 08:10:28,670 [pool-629-thread-1] INFO  server.RaftServerConfigKeys (ConfUtils.java:logGet(43)) - raft.server.log.segment.size.max = 1048576 (custom)
2019-09-09 08:10:28,670 [pool-649-thread-1] INFO  server.RaftServerConfigKeys (ConfUtils.java:logGet(43)) - raft.server.log.purge.gap = 1000000 (custom)
2019-09-09 08:10:28,671 [pool-629-thread-1] INFO  server.RaftServerConfigKeys (ConfUtils.java:logGet(43)) - raft.server.log.segment.cache.num.max = 2 (custom)
2019-09-09 08:10:28,670 [pool-599-thread-1] INFO  server.RaftServerConfigKeys (ConfUtils.java:logGet(43)) - raft.server.log.purge.gap = 1000000 (custom)
2019-09-09 08:10:28,671 [pool-629-thread-1] INFO  segmented.SegmentedRaftLogWorker (SegmentedRaftLogWorker.java:<init>(172)) - new 0a9ac026-a0ca-44a0-95ed-35416f57c02b-SegmentedRaftLogWorker:Storage Directory /workdir/hadoop-ozone/integration-test/target/test-dir/MiniOzoneClusterImpl-550fe9fd-5f12-4795-9217-62db7b6f07fe/datanode-4/data/ratis/5989b723-4330-415e-bad5-052144d24009 for RaftStorage:Storage Directory /workdir/hadoop-ozone/integration-test/target/test-dir/MiniOzoneClusterImpl-550fe9fd-5f12-4795-9217-62db7b6f07fe/datanode-4/data/ratis/5989b723-4330-415e-bad5-052144d24009
2019-09-09 08:10:28,671 [pool-649-thread-1] INFO  server.RaftServerConfigKeys (ConfUtils.java:logGet(43)) - raft.server.log.appender.buffer.byte-limit = 33554432 (custom)
2019-09-09 08:10:28,671 [pool-629-thread-1] INFO  server.RaftServerConfigKeys (ConfUtils.java:logGet(43)) - raft.server.log.queue.byte-limit = 2147483647 (custom)
2019-09-09 08:10:28,671 [pool-599-thread-1] INFO  server.RaftServerConfigKeys (ConfUtils.java:logGet(43)) - raft.server.log.appender.buffer.byte-limit = 33554432 (custom)
2019-09-09 08:10:28,671 [pool-629-thread-1] INFO  server.RaftServerConfigKeys (ConfUtils.java:logGet(43)) - raft.server.log.queue.element-limit = 1024 (custom)
2019-09-09 08:10:28,671 [pool-649-thread-1] INFO  server.RaftServerConfigKeys (ConfUtils.java:logGet(43)) - raft.server.log.segment.size.max = 1048576 (custom)
2019-09-09 08:10:28,672 [pool-629-thread-1] INFO  server.RaftServerConfigKeys (ConfUtils.java:logGet(43)) - raft.server.log.segment.size.max = 1048576 (custom)
2019-09-09 08:10:28,671 [pool-599-thread-1] INFO  server.RaftServerConfigKeys (ConfUtils.java:logGet(43)) - raft.server.log.segment.size.max = 1048576 (custom)
2019-09-09 08:10:28,672 [pool-629-thread-1] INFO  server.RaftServerConfigKeys (ConfUtils.java:logGet(43)) - raft.server.log.preallocated.size = 16384 (custom)
2019-09-09 08:10:28,672 [pool-649-thread-1] INFO  server.RaftServerConfigKeys (ConfUtils.java:logGet(43)) - raft.server.log.segment.cache.num.max = 2 (custom)
2019-09-09 08:10:28,672 [pool-629-thread-1] INFO  server.RaftServerConfigKeys (ConfUtils.java:logGet(43)) - raft.server.log.write.buffer.size = 33554432 (custom)
2019-09-09 08:10:28,673 [pool-629-thread-1] INFO  server.RaftServerConfigKeys (ConfUtils.java:logGet(43)) - raft.server.log.force.sync.num = 128 (default)
2019-09-09 08:10:28,672 [pool-599-thread-1] INFO  server.RaftServerConfigKeys (ConfUtils.java:logGet(43)) - raft.server.log.segment.cache.num.max = 2 (custom)
2019-09-09 08:10:28,673 [pool-629-thread-1] INFO  server.RaftServerConfigKeys (ConfUtils.java:logGet(43)) - raft.server.log.statemachine.data.sync = true (default)
2019-09-09 08:10:28,672 [pool-649-thread-1] INFO  segmented.SegmentedRaftLogWorker (SegmentedRaftLogWorker.java:<init>(172)) - new 287b279c-f855-45a5-8b0c-56f3c92d2fe2-SegmentedRaftLogWorker:Storage Directory /workdir/hadoop-ozone/integration-test/target/test-dir/MiniOzoneClusterImpl-550fe9fd-5f12-4795-9217-62db7b6f07fe/datanode-6/data/ratis/5989b723-4330-415e-bad5-052144d24009 for RaftStorage:Storage Directory /workdir/hadoop-ozone/integration-test/target/test-dir/MiniOzoneClusterImpl-550fe9fd-5f12-4795-9217-62db7b6f07fe/datanode-6/data/ratis/5989b723-4330-415e-bad5-052144d24009
2019-09-09 08:10:28,673 [pool-629-thread-1] INFO  server.RaftServerConfigKeys (ConfUtils.java:logGet(43)) - raft.server.log.statemachine.data.sync.timeout = 10s (default)
2019-09-09 08:10:28,673 [pool-599-thread-1] INFO  segmented.SegmentedRaftLogWorker (SegmentedRaftLogWorker.java:<init>(172)) - new 6aa0834b-231e-4111-87df-6afda18d0427-SegmentedRaftLogWorker:Storage Directory /workdir/hadoop-ozone/integration-test/target/test-dir/MiniOzoneClusterImpl-550fe9fd-5f12-4795-9217-62db7b6f07fe/datanode-1/data/ratis/5989b723-4330-415e-bad5-052144d24009 for RaftStorage:Storage Directory /workdir/hadoop-ozone/integration-test/target/test-dir/MiniOzoneClusterImpl-550fe9fd-5f12-4795-9217-62db7b6f07fe/datanode-1/data/ratis/5989b723-4330-415e-bad5-052144d24009
2019-09-09 08:10:28,673 [pool-629-thread-1] INFO  server.RaftServerConfigKeys (ConfUtils.java:logGet(43)) - raft.server.log.statemachine.data.sync.timeout.retry = -1 (default)
2019-09-09 08:10:28,673 [pool-649-thread-1] INFO  server.RaftServerConfigKeys (ConfUtils.java:logGet(43)) - raft.server.log.queue.byte-limit = 2147483647 (custom)
2019-09-09 08:10:28,674 [pool-629-thread-1] INFO  server.RaftServerConfigKeys (ConfUtils.java:logGet(43)) - raft.server.log.statemachine.data.caching.enabled = true (custom)
2019-09-09 08:10:28,674 [pool-599-thread-1] INFO  server.RaftServerConfigKeys (ConfUtils.java:logGet(43)) - raft.server.log.queue.byte-limit = 2147483647 (custom)
2019-09-09 08:10:28,674 [pool-649-thread-1] INFO  server.RaftServerConfigKeys (ConfUtils.java:logGet(43)) - raft.server.log.queue.element-limit = 1024 (custom)
2019-09-09 08:10:28,674 [pool-629-thread-1] INFO  segmented.SegmentedRaftLogWorker (SegmentedRaftLogWorker.java:lambda$new$0(132)) - 0a9ac026-a0ca-44a0-95ed-35416f57c02b-SegmentedRaftLogWorker:Storage Directory /workdir/hadoop-ozone/integration-test/target/test-dir/MiniOzoneClusterImpl-550fe9fd-5f12-4795-9217-62db7b6f07fe/datanode-4/data/ratis/5989b723-4330-415e-bad5-052144d24009: flushIndex: setUnconditionally 0 -> -1
2019-09-09 08:10:28,674 [pool-599-thread-1] INFO  server.RaftServerConfigKeys (ConfUtils.java:logGet(43)) - raft.server.log.queue.element-limit = 1024 (custom)
2019-09-09 08:10:28,675 [pool-649-thread-1] INFO  server.RaftServerConfigKeys (ConfUtils.java:logGet(43)) - raft.server.log.segment.size.max = 1048576 (custom)
2019-09-09 08:10:28,675 [pool-629-thread-1] INFO  server.RaftServerConfigKeys (ConfUtils.java:logGet(43)) - raft.server.snapshot.auto.trigger.enabled = true (custom)
2019-09-09 08:10:28,675 [pool-599-thread-1] INFO  server.RaftServerConfigKeys (ConfUtils.java:logGet(43)) - raft.server.log.segment.size.max = 1048576 (custom)
2019-09-09 08:10:28,675 [pool-599-thread-1] INFO  server.RaftServerConfigKeys (ConfUtils.java:logGet(43)) - raft.server.log.preallocated.size = 16384 (custom)
2019-09-09 08:10:28,675 [pool-649-thread-1] INFO  server.RaftServerConfigKeys (ConfUtils.java:logGet(43)) - raft.server.log.preallocated.size = 16384 (custom)
2019-09-09 08:10:28,675 [pool-599-thread-1] INFO  server.RaftServerConfigKeys (ConfUtils.java:logGet(43)) - raft.server.log.write.buffer.size = 33554432 (custom)
2019-09-09 08:10:28,675 [pool-629-thread-1] INFO  server.RaftServerConfigKeys (ConfUtils.java:logGet(43)) - raft.server.snapshot.auto.trigger.threshold = 10000 (custom)
2019-09-09 08:10:28,676 [pool-599-thread-1] INFO  server.RaftServerConfigKeys (ConfUtils.java:logGet(43)) - raft.server.log.force.sync.num = 128 (default)
2019-09-09 08:10:28,676 [pool-599-thread-1] INFO  server.RaftServerConfigKeys (ConfUtils.java:logGet(43)) - raft.server.log.statemachine.data.sync = true (default)
2019-09-09 08:10:28,675 [pool-649-thread-1] INFO  server.RaftServerConfigKeys (ConfUtils.java:logGet(43)) - raft.server.log.write.buffer.size = 33554432 (custom)
2019-09-09 08:10:28,676 [pool-599-thread-1] INFO  server.RaftServerConfigKeys (ConfUtils.java:logGet(43)) - raft.server.log.statemachine.data.sync.timeout = 10s (default)
2019-09-09 08:10:28,676 [pool-629-thread-1] INFO  server.RaftServerConfigKeys (ConfUtils.java:logGet(43)) - raft.server.retrycache.expirytime = 600000ms (custom)
2019-09-09 08:10:28,676 [pool-599-thread-1] INFO  server.RaftServerConfigKeys (ConfUtils.java:logGet(43)) - raft.server.log.statemachine.data.sync.timeout.retry = -1 (default)
2019-09-09 08:10:28,676 [pool-649-thread-1] INFO  server.RaftServerConfigKeys (ConfUtils.java:logGet(43)) - raft.server.log.force.sync.num = 128 (default)
2019-09-09 08:10:28,677 [pool-599-thread-1] INFO  server.RaftServerConfigKeys (ConfUtils.java:logGet(43)) - raft.server.log.statemachine.data.caching.enabled = true (custom)
2019-09-09 08:10:28,677 [pool-629-thread-1] INFO  impl.RaftServerImpl (RaftServerImpl.java:start(180)) - 0a9ac026-a0ca-44a0-95ed-35416f57c02b: start group-052144D24009
2019-09-09 08:10:28,677 [pool-649-thread-1] INFO  server.RaftServerConfigKeys (ConfUtils.java:logGet(43)) - raft.server.log.statemachine.data.sync = true (default)
2019-09-09 08:10:28,677 [pool-599-thread-1] INFO  segmented.SegmentedRaftLogWorker (SegmentedRaftLogWorker.java:lambda$new$0(132)) - 6aa0834b-231e-4111-87df-6afda18d0427-SegmentedRaftLogWorker:Storage Directory /workdir/hadoop-ozone/integration-test/target/test-dir/MiniOzoneClusterImpl-550fe9fd-5f12-4795-9217-62db7b6f07fe/datanode-1/data/ratis/5989b723-4330-415e-bad5-052144d24009: flushIndex: setUnconditionally 0 -> -1
2019-09-09 08:10:28,677 [pool-629-thread-1] INFO  impl.RaftServerImpl (RaftServerImpl.java:setRole(171)) - 0a9ac026-a0ca-44a0-95ed-35416f57c02b:group-052144D24009 changes role from null to FOLLOWER at term 0 for startAsFollower
2019-09-09 08:10:28,677 [pool-649-thread-1] INFO  server.RaftServerConfigKeys (ConfUtils.java:logGet(43)) - raft.server.log.statemachine.data.sync.timeout = 10s (default)
2019-09-09 08:10:28,678 [pool-599-thread-1] INFO  server.RaftServerConfigKeys (ConfUtils.java:logGet(43)) - raft.server.snapshot.auto.trigger.enabled = true (custom)
2019-09-09 08:10:28,678 [pool-629-thread-1] INFO  impl.RoleInfo (RoleInfo.java:updateAndGet(143)) - 0a9ac026-a0ca-44a0-95ed-35416f57c02b: start FollowerState
2019-09-09 08:10:28,678 [pool-599-thread-1] INFO  server.RaftServerConfigKeys (ConfUtils.java:logGet(43)) - raft.server.snapshot.auto.trigger.threshold = 10000 (custom)
2019-09-09 08:10:28,678 [pool-649-thread-1] INFO  server.RaftServerConfigKeys (ConfUtils.java:logGet(43)) - raft.server.log.statemachine.data.sync.timeout.retry = -1 (default)
2019-09-09 08:10:28,678 [pool-599-thread-1] INFO  server.RaftServerConfigKeys (ConfUtils.java:logGet(43)) - raft.server.retrycache.expirytime = 600000ms (custom)
2019-09-09 08:10:28,678 [pool-629-thread-1] INFO  util.JmxRegister (JmxRegister.java:tryRegister(44)) - Successfully registered JMX Bean with object name Ratis:service=RaftServer,group=group-052144D24009,id=0a9ac026-a0ca-44a0-95ed-35416f57c02b
2019-09-09 08:10:28,679 [pool-599-thread-1] INFO  impl.RaftServerImpl (RaftServerImpl.java:start(180)) - 6aa0834b-231e-4111-87df-6afda18d0427: start group-052144D24009
2019-09-09 08:10:28,679 [pool-649-thread-1] INFO  server.RaftServerConfigKeys (ConfUtils.java:logGet(43)) - raft.server.log.statemachine.data.caching.enabled = true (custom)
2019-09-09 08:10:28,679 [pool-599-thread-1] INFO  impl.RaftServerImpl (RaftServerImpl.java:setRole(171)) - 6aa0834b-231e-4111-87df-6afda18d0427:group-052144D24009 changes role from null to FOLLOWER at term 0 for startAsFollower
2019-09-09 08:10:28,679 [pool-599-thread-1] INFO  impl.RoleInfo (RoleInfo.java:updateAndGet(143)) - 6aa0834b-231e-4111-87df-6afda18d0427: start FollowerState
2019-09-09 08:10:28,679 [pool-649-thread-1] INFO  segmented.SegmentedRaftLogWorker (SegmentedRaftLogWorker.java:lambda$new$0(132)) - 287b279c-f855-45a5-8b0c-56f3c92d2fe2-SegmentedRaftLogWorker:Storage Directory /workdir/hadoop-ozone/integration-test/target/test-dir/MiniOzoneClusterImpl-550fe9fd-5f12-4795-9217-62db7b6f07fe/datanode-6/data/ratis/5989b723-4330-415e-bad5-052144d24009: flushIndex: setUnconditionally 0 -> -1
2019-09-09 08:10:28,680 [pool-599-thread-1] INFO  util.JmxRegister (JmxRegister.java:tryRegister(44)) - Successfully registered JMX Bean with object name Ratis:service=RaftServer,group=group-052144D24009,id=6aa0834b-231e-4111-87df-6afda18d0427
2019-09-09 08:10:28,680 [pool-649-thread-1] INFO  server.RaftServerConfigKeys (ConfUtils.java:logGet(43)) - raft.server.snapshot.auto.trigger.enabled = true (custom)
2019-09-09 08:10:28,684 [pool-649-thread-1] INFO  server.RaftServerConfigKeys (ConfUtils.java:logGet(43)) - raft.server.snapshot.auto.trigger.threshold = 10000 (custom)
2019-09-09 08:10:28,684 [pool-649-thread-1] INFO  server.RaftServerConfigKeys (ConfUtils.java:logGet(43)) - raft.server.retrycache.expirytime = 600000ms (custom)
2019-09-09 08:10:28,684 [pool-649-thread-1] INFO  impl.RaftServerImpl (RaftServerImpl.java:start(180)) - 287b279c-f855-45a5-8b0c-56f3c92d2fe2: start group-052144D24009
2019-09-09 08:10:28,684 [pool-649-thread-1] INFO  impl.RaftServerImpl (RaftServerImpl.java:setRole(171)) - 287b279c-f855-45a5-8b0c-56f3c92d2fe2:group-052144D24009 changes role from null to FOLLOWER at term 0 for startAsFollower
2019-09-09 08:10:28,684 [pool-649-thread-1] INFO  impl.RoleInfo (RoleInfo.java:updateAndGet(143)) - 287b279c-f855-45a5-8b0c-56f3c92d2fe2: start FollowerState
2019-09-09 08:10:28,687 [pool-649-thread-1] INFO  util.JmxRegister (JmxRegister.java:tryRegister(44)) - Successfully registered JMX Bean with object name Ratis:service=RaftServer,group=group-052144D24009,id=287b279c-f855-45a5-8b0c-56f3c92d2fe2
2019-09-09 08:10:28,692 [RatisPipelineUtilsThread] INFO  pipeline.PipelineStateManager (PipelineStateManager.java:addPipeline(56)) - Created pipeline Pipeline[ Id: 5989b723-4330-415e-bad5-052144d24009, Nodes: 0a9ac026-a0ca-44a0-95ed-35416f57c02b{ip: 192.168.5.142, host: pr-hdds-2076-zndlt-2349722852, networkLocation: /default-rack, certSerialId: null}287b279c-f855-45a5-8b0c-56f3c92d2fe2{ip: 192.168.5.142, host: pr-hdds-2076-zndlt-2349722852, networkLocation: /default-rack, certSerialId: null}6aa0834b-231e-4111-87df-6afda18d0427{ip: 192.168.5.142, host: pr-hdds-2076-zndlt-2349722852, networkLocation: /default-rack, certSerialId: null}, Type:RATIS, Factor:THREE, State:OPEN]
2019-09-09 08:10:29,526 [main] INFO  ozone.MiniOzoneClusterImpl (MiniOzoneClusterImpl.java:lambda$waitForClusterToBeReady$0(140)) - Cluster is ready. Got 7 of 7 DN Heartbeats.
2019-09-09 08:10:29,577 [main] INFO  rpc.RpcClient (RpcClient.java:createVolume(293)) - Creating Volume: testblockoutputstream, with jenkins1000 as owner.
2019-09-09 08:10:29,580 [IPC Server handler 1 on 43639] INFO  volume.OMVolumeCreateRequest (OMVolumeCreateRequest.java:validateAndUpdateCache(189)) - created volume:testblockoutputstream for user:jenkins1000
2019-09-09 08:10:29,594 [main] INFO  rpc.RpcClient (RpcClient.java:createBucket(432)) - Creating Bucket: testblockoutputstream/testblockoutputstream, with Versioning false and Storage Type set to DISK and Encryption set to false 
2019-09-09 08:10:29,622 [grpc-default-executor-0] INFO  client.GrpcClientProtocolClient (GrpcClientProtocolClient.java:onNext(255)) - client-6A1D623B0A54->0a9ac026-a0ca-44a0-95ed-35416f57c02b: receive RaftClientReply:client-6A1D623B0A54->0a9ac026-a0ca-44a0-95ed-35416f57c02b@group-052144D24009, cid=235, FAILED org.apache.ratis.protocol.NotLeaderException: Server 0a9ac026-a0ca-44a0-95ed-35416f57c02b is not the leader (null). Request must be sent to leader., logIndex=0, commits[0a9ac026-a0ca-44a0-95ed-35416f57c02b:c-1]
2019-09-09 08:10:30,638 [grpc-default-executor-0] INFO  client.GrpcClientProtocolClient (GrpcClientProtocolClient.java:onNext(255)) - client-6A1D623B0A54->6aa0834b-231e-4111-87df-6afda18d0427: receive RaftClientReply:client-6A1D623B0A54->6aa0834b-231e-4111-87df-6afda18d0427@group-052144D24009, cid=235, FAILED org.apache.ratis.protocol.NotLeaderException: Server 6aa0834b-231e-4111-87df-6afda18d0427 is not the leader (null). Request must be sent to leader., logIndex=0, commits[6aa0834b-231e-4111-87df-6afda18d0427:c-1]
2019-09-09 08:10:31,145 [Thread-4395] INFO  container.ReplicationManager (ReplicationManager.java:start(162)) - Starting Replication Monitor Thread.
2019-09-09 08:10:31,149 [ReplicationMonitor] INFO  container.ReplicationManager (ReplicationManager.java:run(225)) - Replication Monitor Thread took 1 milliseconds for processing 1 containers.
2019-09-09 08:10:31,651 [grpc-default-executor-6] INFO  client.GrpcClientProtocolClient (GrpcClientProtocolClient.java:onNext(255)) - client-6A1D623B0A54->0a9ac026-a0ca-44a0-95ed-35416f57c02b: receive RaftClientReply:client-6A1D623B0A54->0a9ac026-a0ca-44a0-95ed-35416f57c02b@group-052144D24009, cid=235, FAILED org.apache.ratis.protocol.NotLeaderException: Server 0a9ac026-a0ca-44a0-95ed-35416f57c02b is not the leader (null). Request must be sent to leader., logIndex=0, commits[0a9ac026-a0ca-44a0-95ed-35416f57c02b:c-1]
2019-09-09 08:10:32,664 [grpc-default-executor-0] INFO  client.GrpcClientProtocolClient (GrpcClientProtocolClient.java:onNext(255)) - client-6A1D623B0A54->6aa0834b-231e-4111-87df-6afda18d0427: receive RaftClientReply:client-6A1D623B0A54->6aa0834b-231e-4111-87df-6afda18d0427@group-052144D24009, cid=235, FAILED org.apache.ratis.protocol.NotLeaderException: Server 6aa0834b-231e-4111-87df-6afda18d0427 is not the leader (null). Request must be sent to leader., logIndex=0, commits[6aa0834b-231e-4111-87df-6afda18d0427:c-1]
2019-09-09 08:10:33,303 [Thread-4397] INFO  impl.FollowerState (FollowerState.java:run(106)) - 2c83aa93-f009-451a-9dcf-0b4432233ff4:group-F923644D616F changes to CANDIDATE, lastRpcTime:5103, electionTimeout:5103ms
2019-09-09 08:10:33,303 [Thread-4397] INFO  impl.RoleInfo (RoleInfo.java:shutdownFollowerState(121)) - 2c83aa93-f009-451a-9dcf-0b4432233ff4: shutdown FollowerState
2019-09-09 08:10:33,303 [Thread-4397] INFO  impl.RaftServerImpl (RaftServerImpl.java:setRole(171)) - 2c83aa93-f009-451a-9dcf-0b4432233ff4:group-F923644D616F changes role from FOLLOWER to CANDIDATE at term 0 for changeToCandidate
2019-09-09 08:10:33,303 [Thread-4397] INFO  impl.RoleInfo (RoleInfo.java:updateAndGet(143)) - 2c83aa93-f009-451a-9dcf-0b4432233ff4: start LeaderElection
2019-09-09 08:10:33,335 [2c83aa93-f009-451a-9dcf-0b4432233ff4:group-F923644D616F:LeaderElection89] INFO  impl.LeaderElection (LeaderElection.java:askForVotes(181)) - 2c83aa93-f009-451a-9dcf-0b4432233ff4:group-F923644D616F:LeaderElection89: begin an election at term 1 for -1: [2c83aa93-f009-451a-9dcf-0b4432233ff4:192.168.5.142:36698], old=null
2019-09-09 08:10:33,335 [2c83aa93-f009-451a-9dcf-0b4432233ff4:group-F923644D616F:LeaderElection89] INFO  impl.RoleInfo (RoleInfo.java:shutdownLeaderElection(134)) - 2c83aa93-f009-451a-9dcf-0b4432233ff4: shutdown LeaderElection
2019-09-09 08:10:33,336 [2c83aa93-f009-451a-9dcf-0b4432233ff4:group-F923644D616F:LeaderElection89] INFO  impl.RaftServerImpl (RaftServerImpl.java:setRole(171)) - 2c83aa93-f009-451a-9dcf-0b4432233ff4:group-F923644D616F changes role from CANDIDATE to LEADER at term 1 for changeToLeader
2019-09-09 08:10:33,336 [2c83aa93-f009-451a-9dcf-0b4432233ff4:group-F923644D616F:LeaderElection89] INFO  impl.RaftServerImpl (ServerState.java:setLeader(263)) - 2c83aa93-f009-451a-9dcf-0b4432233ff4:group-F923644D616F change Leader from null to 2c83aa93-f009-451a-9dcf-0b4432233ff4 at term 1 for becomeLeader, leader elected after 5141ms
2019-09-09 08:10:33,336 [Thread-4400] INFO  impl.FollowerState (FollowerState.java:run(106)) - 6aa0834b-231e-4111-87df-6afda18d0427:group-9109E46191B7 changes to CANDIDATE, lastRpcTime:5088, electionTimeout:5088ms
2019-09-09 08:10:33,336 [2c83aa93-f009-451a-9dcf-0b4432233ff4:group-F923644D616F:LeaderElection89] INFO  server.RaftServerConfigKeys (ConfUtils.java:logGet(43)) - raft.server.staging.catchup.gap = 1000 (default)
2019-09-09 08:10:33,336 [Thread-4400] INFO  impl.RoleInfo (RoleInfo.java:shutdownFollowerState(121)) - 6aa0834b-231e-4111-87df-6afda18d0427: shutdown FollowerState
2019-09-09 08:10:33,336 [2c83aa93-f009-451a-9dcf-0b4432233ff4:group-F923644D616F:LeaderElection89] INFO  server.RaftServerConfigKeys (ConfUtils.java:logGet(43)) - raft.server.rpc.sleep.time = 25ms (default)
2019-09-09 08:10:33,336 [Thread-4400] INFO  impl.RaftServerImpl (RaftServerImpl.java:setRole(171)) - 6aa0834b-231e-4111-87df-6afda18d0427:group-9109E46191B7 changes role from FOLLOWER to CANDIDATE at term 0 for changeToCandidate
2019-09-09 08:10:33,336 [2c83aa93-f009-451a-9dcf-0b4432233ff4:group-F923644D616F:LeaderElection89] INFO  server.RaftServerConfigKeys (ConfUtils.java:logGet(43)) - raft.server.write.element-limit = 4096 (default)
2019-09-09 08:10:33,337 [Thread-4400] INFO  impl.RoleInfo (RoleInfo.java:updateAndGet(143)) - 6aa0834b-231e-4111-87df-6afda18d0427: start LeaderElection
2019-09-09 08:10:33,337 [2c83aa93-f009-451a-9dcf-0b4432233ff4:group-F923644D616F:LeaderElection89] INFO  server.RaftServerConfigKeys (ConfUtils.java:logGet(43)) - raft.server.watch.timeout = 10s (default)
2019-09-09 08:10:33,337 [2c83aa93-f009-451a-9dcf-0b4432233ff4:group-F923644D616F:LeaderElection89] INFO  server.RaftServerConfigKeys (ConfUtils.java:logGet(43)) - raft.server.watch.timeout.denomination = 1s (default)
2019-09-09 08:10:33,344 [2c83aa93-f009-451a-9dcf-0b4432233ff4:group-F923644D616F:LeaderElection89] INFO  server.RaftServerConfigKeys (ConfUtils.java:logGet(43)) - raft.server.watch.element-limit = 65536 (default)
2019-09-09 08:10:33,344 [2c83aa93-f009-451a-9dcf-0b4432233ff4:group-F923644D616F:LeaderElection89] INFO  impl.RoleInfo (RoleInfo.java:updateAndGet(143)) - 2c83aa93-f009-451a-9dcf-0b4432233ff4: start LeaderState
2019-09-09 08:10:33,345 [2c83aa93-f009-451a-9dcf-0b4432233ff4:group-F923644D616F:LeaderElection89] INFO  segmented.SegmentedRaftLogWorker (SegmentedRaftLogWorker.java:startLogSegment(380)) - 2c83aa93-f009-451a-9dcf-0b4432233ff4-SegmentedRaftLogWorker:Storage Directory /workdir/hadoop-ozone/integration-test/target/test-dir/MiniOzoneClusterImpl-550fe9fd-5f12-4795-9217-62db7b6f07fe/datanode-0/data/ratis/f9f30b29-3100-45e7-a3a1-f923644d616f: Starting segment from index:0
2019-09-09 08:10:33,346 [2c83aa93-f009-451a-9dcf-0b4432233ff4:group-F923644D616F:LeaderElection89] INFO  impl.RaftServerImpl (ServerState.java:setRaftConf(361)) - 2c83aa93-f009-451a-9dcf-0b4432233ff4:group-F923644D616F set configuration 0: [2c83aa93-f009-451a-9dcf-0b4432233ff4:192.168.5.142:36698], old=null at 0
2019-09-09 08:10:33,347 [6aa0834b-231e-4111-87df-6afda18d0427:group-9109E46191B7:LeaderElection90] INFO  impl.LeaderElection (LeaderElection.java:askForVotes(181)) - 6aa0834b-231e-4111-87df-6afda18d0427:group-9109E46191B7:LeaderElection90: begin an election at term 1 for -1: [6aa0834b-231e-4111-87df-6afda18d0427:192.168.5.142:45430], old=null
2019-09-09 08:10:33,348 [6aa0834b-231e-4111-87df-6afda18d0427:group-9109E46191B7:LeaderElection90] INFO  impl.RoleInfo (RoleInfo.java:shutdownLeaderElection(134)) - 6aa0834b-231e-4111-87df-6afda18d0427: shutdown LeaderElection
2019-09-09 08:10:33,348 [6aa0834b-231e-4111-87df-6afda18d0427:group-9109E46191B7:LeaderElection90] INFO  impl.RaftServerImpl (RaftServerImpl.java:setRole(171)) - 6aa0834b-231e-4111-87df-6afda18d0427:group-9109E46191B7 changes role from CANDIDATE to LEADER at term 1 for changeToLeader
2019-09-09 08:10:33,348 [6aa0834b-231e-4111-87df-6afda18d0427:group-9109E46191B7:LeaderElection90] INFO  impl.RaftServerImpl (ServerState.java:setLeader(263)) - 6aa0834b-231e-4111-87df-6afda18d0427:group-9109E46191B7 change Leader from null to 6aa0834b-231e-4111-87df-6afda18d0427 at term 1 for becomeLeader, leader elected after 5105ms
2019-09-09 08:10:33,348 [6aa0834b-231e-4111-87df-6afda18d0427:group-9109E46191B7:LeaderElection90] INFO  server.RaftServerConfigKeys (ConfUtils.java:logGet(43)) - raft.server.staging.catchup.gap = 1000 (default)
2019-09-09 08:10:33,348 [6aa0834b-231e-4111-87df-6afda18d0427:group-9109E46191B7:LeaderElection90] INFO  server.RaftServerConfigKeys (ConfUtils.java:logGet(43)) - raft.server.rpc.sleep.time = 25ms (default)
2019-09-09 08:10:33,349 [6aa0834b-231e-4111-87df-6afda18d0427:group-9109E46191B7:LeaderElection90] INFO  server.RaftServerConfigKeys (ConfUtils.java:logGet(43)) - raft.server.write.element-limit = 4096 (default)
2019-09-09 08:10:33,349 [6aa0834b-231e-4111-87df-6afda18d0427:group-9109E46191B7:LeaderElection90] INFO  server.RaftServerConfigKeys (ConfUtils.java:logGet(43)) - raft.server.watch.timeout = 10s (default)
2019-09-09 08:10:33,349 [6aa0834b-231e-4111-87df-6afda18d0427:group-9109E46191B7:LeaderElection90] INFO  server.RaftServerConfigKeys (ConfUtils.java:logGet(43)) - raft.server.watch.timeout.denomination = 1s (default)
2019-09-09 08:10:33,349 [6aa0834b-231e-4111-87df-6afda18d0427:group-9109E46191B7:LeaderElection90] INFO  server.RaftServerConfigKeys (ConfUtils.java:logGet(43)) - raft.server.watch.element-limit = 65536 (default)
2019-09-09 08:10:33,349 [6aa0834b-231e-4111-87df-6afda18d0427:group-9109E46191B7:LeaderElection90] INFO  impl.RoleInfo (RoleInfo.java:updateAndGet(143)) - 6aa0834b-231e-4111-87df-6afda18d0427: start LeaderState
2019-09-09 08:10:33,350 [6aa0834b-231e-4111-87df-6afda18d0427:group-9109E46191B7:LeaderElection90] INFO  segmented.SegmentedRaftLogWorker (SegmentedRaftLogWorker.java:startLogSegment(380)) - 6aa0834b-231e-4111-87df-6afda18d0427-SegmentedRaftLogWorker:Storage Directory /workdir/hadoop-ozone/integration-test/target/test-dir/MiniOzoneClusterImpl-550fe9fd-5f12-4795-9217-62db7b6f07fe/datanode-1/data/ratis/fb91304e-128f-4961-bf6b-9109e46191b7: Starting segment from index:0
2019-09-09 08:10:33,350 [6aa0834b-231e-4111-87df-6afda18d0427:group-9109E46191B7:LeaderElection90] INFO  impl.RaftServerImpl (ServerState.java:setRaftConf(361)) - 6aa0834b-231e-4111-87df-6afda18d0427:group-9109E46191B7 set configuration 0: [6aa0834b-231e-4111-87df-6afda18d0427:192.168.5.142:45430], old=null at 0
2019-09-09 08:10:33,387 [2c83aa93-f009-451a-9dcf-0b4432233ff4-SegmentedRaftLogWorker:Storage Directory /workdir/hadoop-ozone/integration-test/target/test-dir/MiniOzoneClusterImpl-550fe9fd-5f12-4795-9217-62db7b6f07fe/datanode-0/data/ratis/f9f30b29-3100-45e7-a3a1-f923644d616f] INFO  segmented.SegmentedRaftLogWorker (SegmentedRaftLogWorker.java:execute(569)) - 2c83aa93-f009-451a-9dcf-0b4432233ff4-SegmentedRaftLogWorker:Storage Directory /workdir/hadoop-ozone/integration-test/target/test-dir/MiniOzoneClusterImpl-550fe9fd-5f12-4795-9217-62db7b6f07fe/datanode-0/data/ratis/f9f30b29-3100-45e7-a3a1-f923644d616f: created new log segment /workdir/hadoop-ozone/integration-test/target/test-dir/MiniOzoneClusterImpl-550fe9fd-5f12-4795-9217-62db7b6f07fe/datanode-0/data/ratis/f9f30b29-3100-45e7-a3a1-f923644d616f/current/log_inprogress_0
2019-09-09 08:10:33,400 [6aa0834b-231e-4111-87df-6afda18d0427-SegmentedRaftLogWorker:Storage Directory /workdir/hadoop-ozone/integration-test/target/test-dir/MiniOzoneClusterImpl-550fe9fd-5f12-4795-9217-62db7b6f07fe/datanode-1/data/ratis/fb91304e-128f-4961-bf6b-9109e46191b7] INFO  segmented.SegmentedRaftLogWorker (SegmentedRaftLogWorker.java:execute(569)) - 6aa0834b-231e-4111-87df-6afda18d0427-SegmentedRaftLogWorker:Storage Directory /workdir/hadoop-ozone/integration-test/target/test-dir/MiniOzoneClusterImpl-550fe9fd-5f12-4795-9217-62db7b6f07fe/datanode-1/data/ratis/fb91304e-128f-4961-bf6b-9109e46191b7: created new log segment /workdir/hadoop-ozone/integration-test/target/test-dir/MiniOzoneClusterImpl-550fe9fd-5f12-4795-9217-62db7b6f07fe/datanode-1/data/ratis/fb91304e-128f-4961-bf6b-9109e46191b7/current/log_inprogress_0
2019-09-09 08:10:33,463 [Thread-4406] INFO  impl.FollowerState (FollowerState.java:run(106)) - d5239ec2-78a2-4cd1-a8eb-80aa9cb2f2f7:group-E0F047B77DD4 changes to CANDIDATE, lastRpcTime:5050, electionTimeout:5050ms
2019-09-09 08:10:33,463 [Thread-4406] INFO  impl.RoleInfo (RoleInfo.java:shutdownFollowerState(121)) - d5239ec2-78a2-4cd1-a8eb-80aa9cb2f2f7: shutdown FollowerState
2019-09-09 08:10:33,463 [Thread-4406] INFO  impl.RaftServerImpl (RaftServerImpl.java:setRole(171)) - d5239ec2-78a2-4cd1-a8eb-80aa9cb2f2f7:group-E0F047B77DD4 changes role from FOLLOWER to CANDIDATE at term 0 for changeToCandidate
2019-09-09 08:10:33,464 [Thread-4406] INFO  impl.RoleInfo (RoleInfo.java:updateAndGet(143)) - d5239ec2-78a2-4cd1-a8eb-80aa9cb2f2f7: start LeaderElection
2019-09-09 08:10:33,502 [d5239ec2-78a2-4cd1-a8eb-80aa9cb2f2f7:group-E0F047B77DD4:LeaderElection91] INFO  impl.LeaderElection (LeaderElection.java:askForVotes(181)) - d5239ec2-78a2-4cd1-a8eb-80aa9cb2f2f7:group-E0F047B77DD4:LeaderElection91: begin an election at term 1 for -1: [d5239ec2-78a2-4cd1-a8eb-80aa9cb2f2f7:192.168.5.142:40637], old=null
2019-09-09 08:10:33,502 [d5239ec2-78a2-4cd1-a8eb-80aa9cb2f2f7:group-E0F047B77DD4:LeaderElection91] INFO  impl.RoleInfo (RoleInfo.java:shutdownLeaderElection(134)) - d5239ec2-78a2-4cd1-a8eb-80aa9cb2f2f7: shutdown LeaderElection
2019-09-09 08:10:33,503 [d5239ec2-78a2-4cd1-a8eb-80aa9cb2f2f7:group-E0F047B77DD4:LeaderElection91] INFO  impl.RaftServerImpl (RaftServerImpl.java:setRole(171)) - d5239ec2-78a2-4cd1-a8eb-80aa9cb2f2f7:group-E0F047B77DD4 changes role from CANDIDATE to LEADER at term 1 for changeToLeader
2019-09-09 08:10:33,503 [d5239ec2-78a2-4cd1-a8eb-80aa9cb2f2f7:group-E0F047B77DD4:LeaderElection91] INFO  impl.RaftServerImpl (ServerState.java:setLeader(263)) - d5239ec2-78a2-4cd1-a8eb-80aa9cb2f2f7:group-E0F047B77DD4 change Leader from null to d5239ec2-78a2-4cd1-a8eb-80aa9cb2f2f7 at term 1 for becomeLeader, leader elected after 5094ms
2019-09-09 08:10:33,503 [d5239ec2-78a2-4cd1-a8eb-80aa9cb2f2f7:group-E0F047B77DD4:LeaderElection91] INFO  server.RaftServerConfigKeys (ConfUtils.java:logGet(43)) - raft.server.staging.catchup.gap = 1000 (default)
2019-09-09 08:10:33,503 [d5239ec2-78a2-4cd1-a8eb-80aa9cb2f2f7:group-E0F047B77DD4:LeaderElection91] INFO  server.RaftServerConfigKeys (ConfUtils.java:logGet(43)) - raft.server.rpc.sleep.time = 25ms (default)
2019-09-09 08:10:33,503 [d5239ec2-78a2-4cd1-a8eb-80aa9cb2f2f7:group-E0F047B77DD4:LeaderElection91] INFO  server.RaftServerConfigKeys (ConfUtils.java:logGet(43)) - raft.server.write.element-limit = 4096 (default)
2019-09-09 08:10:33,503 [d5239ec2-78a2-4cd1-a8eb-80aa9cb2f2f7:group-E0F047B77DD4:LeaderElection91] INFO  server.RaftServerConfigKeys (ConfUtils.java:logGet(43)) - raft.server.watch.timeout = 10s (default)
2019-09-09 08:10:33,504 [d5239ec2-78a2-4cd1-a8eb-80aa9cb2f2f7:group-E0F047B77DD4:LeaderElection91] INFO  server.RaftServerConfigKeys (ConfUtils.java:logGet(43)) - raft.server.watch.timeout.denomination = 1s (default)
2019-09-09 08:10:33,504 [d5239ec2-78a2-4cd1-a8eb-80aa9cb2f2f7:group-E0F047B77DD4:LeaderElection91] INFO  server.RaftServerConfigKeys (ConfUtils.java:logGet(43)) - raft.server.watch.element-limit = 65536 (default)
2019-09-09 08:10:33,504 [d5239ec2-78a2-4cd1-a8eb-80aa9cb2f2f7:group-E0F047B77DD4:LeaderElection91] INFO  impl.RoleInfo (RoleInfo.java:updateAndGet(143)) - d5239ec2-78a2-4cd1-a8eb-80aa9cb2f2f7: start LeaderState
2019-09-09 08:10:33,504 [d5239ec2-78a2-4cd1-a8eb-80aa9cb2f2f7:group-E0F047B77DD4:LeaderElection91] INFO  segmented.SegmentedRaftLogWorker (SegmentedRaftLogWorker.java:startLogSegment(380)) - d5239ec2-78a2-4cd1-a8eb-80aa9cb2f2f7-SegmentedRaftLogWorker:Storage Directory /workdir/hadoop-ozone/integration-test/target/test-dir/MiniOzoneClusterImpl-550fe9fd-5f12-4795-9217-62db7b6f07fe/datanode-2/data/ratis/075a68f7-d8f0-4a19-8fab-e0f047b77dd4: Starting segment from index:0
2019-09-09 08:10:33,505 [d5239ec2-78a2-4cd1-a8eb-80aa9cb2f2f7:group-E0F047B77DD4:LeaderElection91] INFO  impl.RaftServerImpl (ServerState.java:setRaftConf(361)) - d5239ec2-78a2-4cd1-a8eb-80aa9cb2f2f7:group-E0F047B77DD4 set configuration 0: [d5239ec2-78a2-4cd1-a8eb-80aa9cb2f2f7:192.168.5.142:40637], old=null at 0
2019-09-09 08:10:33,524 [Thread-4403] INFO  impl.FollowerState (FollowerState.java:run(106)) - 350e76c6-83a1-4611-85eb-62f03c20ce37:group-80C80FBE9F5E changes to CANDIDATE, lastRpcTime:5155, electionTimeout:5155ms
2019-09-09 08:10:33,527 [Thread-4403] INFO  impl.RoleInfo (RoleInfo.java:shutdownFollowerState(121)) - 350e76c6-83a1-4611-85eb-62f03c20ce37: shutdown FollowerState
2019-09-09 08:10:33,528 [Thread-4403] INFO  impl.RaftServerImpl (RaftServerImpl.java:setRole(171)) - 350e76c6-83a1-4611-85eb-62f03c20ce37:group-80C80FBE9F5E changes role from FOLLOWER to CANDIDATE at term 0 for changeToCandidate
2019-09-09 08:10:33,528 [Thread-4403] INFO  impl.RoleInfo (RoleInfo.java:updateAndGet(143)) - 350e76c6-83a1-4611-85eb-62f03c20ce37: start LeaderElection
2019-09-09 08:10:33,567 [d5239ec2-78a2-4cd1-a8eb-80aa9cb2f2f7-SegmentedRaftLogWorker:Storage Directory /workdir/hadoop-ozone/integration-test/target/test-dir/MiniOzoneClusterImpl-550fe9fd-5f12-4795-9217-62db7b6f07fe/datanode-2/data/ratis/075a68f7-d8f0-4a19-8fab-e0f047b77dd4] INFO  segmented.SegmentedRaftLogWorker (SegmentedRaftLogWorker.java:execute(569)) - d5239ec2-78a2-4cd1-a8eb-80aa9cb2f2f7-SegmentedRaftLogWorker:Storage Directory /workdir/hadoop-ozone/integration-test/target/test-dir/MiniOzoneClusterImpl-550fe9fd-5f12-4795-9217-62db7b6f07fe/datanode-2/data/ratis/075a68f7-d8f0-4a19-8fab-e0f047b77dd4: created new log segment /workdir/hadoop-ozone/integration-test/target/test-dir/MiniOzoneClusterImpl-550fe9fd-5f12-4795-9217-62db7b6f07fe/datanode-2/data/ratis/075a68f7-d8f0-4a19-8fab-e0f047b77dd4/current/log_inprogress_0
2019-09-09 08:10:33,567 [350e76c6-83a1-4611-85eb-62f03c20ce37:group-80C80FBE9F5E:LeaderElection92] INFO  impl.LeaderElection (LeaderElection.java:askForVotes(181)) - 350e76c6-83a1-4611-85eb-62f03c20ce37:group-80C80FBE9F5E:LeaderElection92: begin an election at term 1 for -1: [350e76c6-83a1-4611-85eb-62f03c20ce37:192.168.5.142:34354], old=null
2019-09-09 08:10:33,567 [350e76c6-83a1-4611-85eb-62f03c20ce37:group-80C80FBE9F5E:LeaderElection92] INFO  impl.RoleInfo (RoleInfo.java:shutdownLeaderElection(134)) - 350e76c6-83a1-4611-85eb-62f03c20ce37: shutdown LeaderElection
2019-09-09 08:10:33,567 [350e76c6-83a1-4611-85eb-62f03c20ce37:group-80C80FBE9F5E:LeaderElection92] INFO  impl.RaftServerImpl (RaftServerImpl.java:setRole(171)) - 350e76c6-83a1-4611-85eb-62f03c20ce37:group-80C80FBE9F5E changes role from CANDIDATE to LEADER at term 1 for changeToLeader
2019-09-09 08:10:33,568 [350e76c6-83a1-4611-85eb-62f03c20ce37:group-80C80FBE9F5E:LeaderElection92] INFO  impl.RaftServerImpl (ServerState.java:setLeader(263)) - 350e76c6-83a1-4611-85eb-62f03c20ce37:group-80C80FBE9F5E change Leader from null to 350e76c6-83a1-4611-85eb-62f03c20ce37 at term 1 for becomeLeader, leader elected after 5203ms
2019-09-09 08:10:33,568 [350e76c6-83a1-4611-85eb-62f03c20ce37:group-80C80FBE9F5E:LeaderElection92] INFO  server.RaftServerConfigKeys (ConfUtils.java:logGet(43)) - raft.server.staging.catchup.gap = 1000 (default)
2019-09-09 08:10:33,568 [350e76c6-83a1-4611-85eb-62f03c20ce37:group-80C80FBE9F5E:LeaderElection92] INFO  server.RaftServerConfigKeys (ConfUtils.java:logGet(43)) - raft.server.rpc.sleep.time = 25ms (default)
2019-09-09 08:10:33,568 [350e76c6-83a1-4611-85eb-62f03c20ce37:group-80C80FBE9F5E:LeaderElection92] INFO  server.RaftServerConfigKeys (ConfUtils.java:logGet(43)) - raft.server.write.element-limit = 4096 (default)
2019-09-09 08:10:33,568 [350e76c6-83a1-4611-85eb-62f03c20ce37:group-80C80FBE9F5E:LeaderElection92] INFO  server.RaftServerConfigKeys (ConfUtils.java:logGet(43)) - raft.server.watch.timeout = 10s (default)
2019-09-09 08:10:33,568 [350e76c6-83a1-4611-85eb-62f03c20ce37:group-80C80FBE9F5E:LeaderElection92] INFO  server.RaftServerConfigKeys (ConfUtils.java:logGet(43)) - raft.server.watch.timeout.denomination = 1s (default)
2019-09-09 08:10:33,569 [350e76c6-83a1-4611-85eb-62f03c20ce37:group-80C80FBE9F5E:LeaderElection92] INFO  server.RaftServerConfigKeys (ConfUtils.java:logGet(43)) - raft.server.watch.element-limit = 65536 (default)
2019-09-09 08:10:33,569 [350e76c6-83a1-4611-85eb-62f03c20ce37:group-80C80FBE9F5E:LeaderElection92] INFO  impl.RoleInfo (RoleInfo.java:updateAndGet(143)) - 350e76c6-83a1-4611-85eb-62f03c20ce37: start LeaderState
2019-09-09 08:10:33,569 [350e76c6-83a1-4611-85eb-62f03c20ce37:group-80C80FBE9F5E:LeaderElection92] INFO  segmented.SegmentedRaftLogWorker (SegmentedRaftLogWorker.java:startLogSegment(380)) - 350e76c6-83a1-4611-85eb-62f03c20ce37-SegmentedRaftLogWorker:Storage Directory /workdir/hadoop-ozone/integration-test/target/test-dir/MiniOzoneClusterImpl-550fe9fd-5f12-4795-9217-62db7b6f07fe/datanode-3/data/ratis/c4a3706c-2547-4622-89bc-80c80fbe9f5e: Starting segment from index:0
2019-09-09 08:10:33,570 [350e76c6-83a1-4611-85eb-62f03c20ce37:group-80C80FBE9F5E:LeaderElection92] INFO  impl.RaftServerImpl (ServerState.java:setRaftConf(361)) - 350e76c6-83a1-4611-85eb-62f03c20ce37:group-80C80FBE9F5E set configuration 0: [350e76c6-83a1-4611-85eb-62f03c20ce37:192.168.5.142:34354], old=null at 0
2019-09-09 08:10:33,617 [Thread-4415] INFO  impl.FollowerState (FollowerState.java:run(106)) - d5239ec2-78a2-4cd1-a8eb-80aa9cb2f2f7:group-51F41B8144FD changes to CANDIDATE, lastRpcTime:5040, electionTimeout:5040ms
2019-09-09 08:10:33,617 [Thread-4415] INFO  impl.RoleInfo (RoleInfo.java:shutdownFollowerState(121)) - d5239ec2-78a2-4cd1-a8eb-80aa9cb2f2f7: shutdown FollowerState
2019-09-09 08:10:33,617 [Thread-4415] INFO  impl.RaftServerImpl (RaftServerImpl.java:setRole(171)) - d5239ec2-78a2-4cd1-a8eb-80aa9cb2f2f7:group-51F41B8144FD changes role from FOLLOWER to CANDIDATE at term 0 for changeToCandidate
2019-09-09 08:10:33,617 [Thread-4415] INFO  impl.RoleInfo (RoleInfo.java:updateAndGet(143)) - d5239ec2-78a2-4cd1-a8eb-80aa9cb2f2f7: start LeaderElection
2019-09-09 08:10:33,622 [Thread-4419] INFO  impl.FollowerState (FollowerState.java:run(106)) - 350e76c6-83a1-4611-85eb-62f03c20ce37:group-51F41B8144FD changes to CANDIDATE, lastRpcTime:5039, electionTimeout:5037ms
2019-09-09 08:10:33,624 [Thread-4419] INFO  impl.RoleInfo (RoleInfo.java:shutdownFollowerState(121)) - 350e76c6-83a1-4611-85eb-62f03c20ce37: shutdown FollowerState
2019-09-09 08:10:33,624 [Thread-4419] INFO  impl.RaftServerImpl (RaftServerImpl.java:setRole(171)) - 350e76c6-83a1-4611-85eb-62f03c20ce37:group-51F41B8144FD changes role from FOLLOWER to CANDIDATE at term 0 for changeToCandidate
2019-09-09 08:10:33,625 [Thread-4419] INFO  impl.RoleInfo (RoleInfo.java:updateAndGet(143)) - 350e76c6-83a1-4611-85eb-62f03c20ce37: start LeaderElection
2019-09-09 08:10:33,652 [Thread-4420] INFO  impl.FollowerState (FollowerState.java:run(106)) - f0b1dae6-f321-4e50-a03e-542d768699a7:group-51F41B8144FD changes to CANDIDATE, lastRpcTime:5068, electionTimeout:5051ms
2019-09-09 08:10:33,652 [350e76c6-83a1-4611-85eb-62f03c20ce37-SegmentedRaftLogWorker:Storage Directory /workdir/hadoop-ozone/integration-test/target/test-dir/MiniOzoneClusterImpl-550fe9fd-5f12-4795-9217-62db7b6f07fe/datanode-3/data/ratis/c4a3706c-2547-4622-89bc-80c80fbe9f5e] INFO  segmented.SegmentedRaftLogWorker (SegmentedRaftLogWorker.java:execute(569)) - 350e76c6-83a1-4611-85eb-62f03c20ce37-SegmentedRaftLogWorker:Storage Directory /workdir/hadoop-ozone/integration-test/target/test-dir/MiniOzoneClusterImpl-550fe9fd-5f12-4795-9217-62db7b6f07fe/datanode-3/data/ratis/c4a3706c-2547-4622-89bc-80c80fbe9f5e: created new log segment /workdir/hadoop-ozone/integration-test/target/test-dir/MiniOzoneClusterImpl-550fe9fd-5f12-4795-9217-62db7b6f07fe/datanode-3/data/ratis/c4a3706c-2547-4622-89bc-80c80fbe9f5e/current/log_inprogress_0
2019-09-09 08:10:33,652 [Thread-4420] INFO  impl.RoleInfo (RoleInfo.java:shutdownFollowerState(121)) - f0b1dae6-f321-4e50-a03e-542d768699a7: shutdown FollowerState
2019-09-09 08:10:33,652 [Thread-4412] INFO  impl.FollowerState (FollowerState.java:run(106)) - f0b1dae6-f321-4e50-a03e-542d768699a7:group-3A911F025303 changes to CANDIDATE, lastRpcTime:5138, electionTimeout:5129ms
2019-09-09 08:10:33,652 [Thread-4420] INFO  impl.RaftServerImpl (RaftServerImpl.java:setRole(171)) - f0b1dae6-f321-4e50-a03e-542d768699a7:group-51F41B8144FD changes role from FOLLOWER to CANDIDATE at term 0 for changeToCandidate
2019-09-09 08:10:33,652 [Thread-4412] INFO  impl.RoleInfo (RoleInfo.java:shutdownFollowerState(121)) - f0b1dae6-f321-4e50-a03e-542d768699a7: shutdown FollowerState
2019-09-09 08:10:33,652 [Thread-4420] INFO  impl.RoleInfo (RoleInfo.java:updateAndGet(143)) - f0b1dae6-f321-4e50-a03e-542d768699a7: start LeaderElection
2019-09-09 08:10:33,652 [Thread-4412] INFO  impl.RaftServerImpl (RaftServerImpl.java:setRole(171)) - f0b1dae6-f321-4e50-a03e-542d768699a7:group-3A911F025303 changes role from FOLLOWER to CANDIDATE at term 0 for changeToCandidate
2019-09-09 08:10:33,653 [Thread-4412] INFO  impl.RoleInfo (RoleInfo.java:updateAndGet(143)) - f0b1dae6-f321-4e50-a03e-542d768699a7: start LeaderElection
2019-09-09 08:10:33,657 [Thread-4409] INFO  impl.FollowerState (FollowerState.java:run(106)) - 0a9ac026-a0ca-44a0-95ed-35416f57c02b:group-82725D438F08 changes to CANDIDATE, lastRpcTime:5187, electionTimeout:5186ms
2019-09-09 08:10:33,659 [Thread-4409] INFO  impl.RoleInfo (RoleInfo.java:shutdownFollowerState(121)) - 0a9ac026-a0ca-44a0-95ed-35416f57c02b: shutdown FollowerState
2019-09-09 08:10:33,666 [Thread-4409] INFO  impl.RaftServerImpl (RaftServerImpl.java:setRole(171)) - 0a9ac026-a0ca-44a0-95ed-35416f57c02b:group-82725D438F08 changes role from FOLLOWER to CANDIDATE at term 0 for changeToCandidate
2019-09-09 08:10:33,666 [Thread-4409] INFO  impl.RoleInfo (RoleInfo.java:updateAndGet(143)) - 0a9ac026-a0ca-44a0-95ed-35416f57c02b: start LeaderElection
2019-09-09 08:10:33,677 [d5239ec2-78a2-4cd1-a8eb-80aa9cb2f2f7:group-51F41B8144FD:LeaderElection93] INFO  impl.LeaderElection (LeaderElection.java:askForVotes(181)) - d5239ec2-78a2-4cd1-a8eb-80aa9cb2f2f7:group-51F41B8144FD:LeaderElection93: begin an election at term 1 for -1: [d5239ec2-78a2-4cd1-a8eb-80aa9cb2f2f7:192.168.5.142:40637, 350e76c6-83a1-4611-85eb-62f03c20ce37:192.168.5.142:34354, f0b1dae6-f321-4e50-a03e-542d768699a7:192.168.5.142:44392], old=null
2019-09-09 08:10:33,677 [350e76c6-83a1-4611-85eb-62f03c20ce37:group-51F41B8144FD:LeaderElection94] INFO  impl.LeaderElection (LeaderElection.java:askForVotes(181)) - 350e76c6-83a1-4611-85eb-62f03c20ce37:group-51F41B8144FD:LeaderElection94: begin an election at term 1 for -1: [d5239ec2-78a2-4cd1-a8eb-80aa9cb2f2f7:192.168.5.142:40637, 350e76c6-83a1-4611-85eb-62f03c20ce37:192.168.5.142:34354, f0b1dae6-f321-4e50-a03e-542d768699a7:192.168.5.142:44392], old=null
2019-09-09 08:10:33,680 [grpc-default-executor-0] INFO  client.GrpcClientProtocolClient (GrpcClientProtocolClient.java:onNext(255)) - client-6A1D623B0A54->0a9ac026-a0ca-44a0-95ed-35416f57c02b: receive RaftClientReply:client-6A1D623B0A54->0a9ac026-a0ca-44a0-95ed-35416f57c02b@group-052144D24009, cid=235, FAILED org.apache.ratis.protocol.NotLeaderException: Server 0a9ac026-a0ca-44a0-95ed-35416f57c02b is not the leader (null). Request must be sent to leader., logIndex=0, commits[0a9ac026-a0ca-44a0-95ed-35416f57c02b:c-1]
2019-09-09 08:10:33,701 [f0b1dae6-f321-4e50-a03e-542d768699a7:group-3A911F025303:LeaderElection96] INFO  impl.LeaderElection (LeaderElection.java:askForVotes(181)) - f0b1dae6-f321-4e50-a03e-542d768699a7:group-3A911F025303:LeaderElection96: begin an election at term 1 for -1: [f0b1dae6-f321-4e50-a03e-542d768699a7:192.168.5.142:44392], old=null
2019-09-09 08:10:33,701 [f0b1dae6-f321-4e50-a03e-542d768699a7:group-51F41B8144FD:LeaderElection95] INFO  impl.LeaderElection (LeaderElection.java:askForVotes(181)) - f0b1dae6-f321-4e50-a03e-542d768699a7:group-51F41B8144FD:LeaderElection95: begin an election at term 1 for -1: [d5239ec2-78a2-4cd1-a8eb-80aa9cb2f2f7:192.168.5.142:40637, 350e76c6-83a1-4611-85eb-62f03c20ce37:192.168.5.142:34354, f0b1dae6-f321-4e50-a03e-542d768699a7:192.168.5.142:44392], old=null
2019-09-09 08:10:33,703 [f0b1dae6-f321-4e50-a03e-542d768699a7:group-3A911F025303:LeaderElection96] INFO  impl.RoleInfo (RoleInfo.java:shutdownLeaderElection(134)) - f0b1dae6-f321-4e50-a03e-542d768699a7: shutdown LeaderElection
2019-09-09 08:10:33,701 [0a9ac026-a0ca-44a0-95ed-35416f57c02b:group-82725D438F08:LeaderElection97] INFO  impl.LeaderElection (LeaderElection.java:askForVotes(181)) - 0a9ac026-a0ca-44a0-95ed-35416f57c02b:group-82725D438F08:LeaderElection97: begin an election at term 1 for -1: [0a9ac026-a0ca-44a0-95ed-35416f57c02b:192.168.5.142:35360], old=null
2019-09-09 08:10:33,704 [f0b1dae6-f321-4e50-a03e-542d768699a7:group-3A911F025303:LeaderElection96] INFO  impl.RaftServerImpl (RaftServerImpl.java:setRole(171)) - f0b1dae6-f321-4e50-a03e-542d768699a7:group-3A911F025303 changes role from CANDIDATE to LEADER at term 1 for changeToLeader
2019-09-09 08:10:33,713 [0a9ac026-a0ca-44a0-95ed-35416f57c02b:group-82725D438F08:LeaderElection97] INFO  impl.RoleInfo (RoleInfo.java:shutdownLeaderElection(134)) - 0a9ac026-a0ca-44a0-95ed-35416f57c02b: shutdown LeaderElection
2019-09-09 08:10:33,713 [f0b1dae6-f321-4e50-a03e-542d768699a7:group-3A911F025303:LeaderElection96] INFO  impl.RaftServerImpl (ServerState.java:setLeader(263)) - f0b1dae6-f321-4e50-a03e-542d768699a7:group-3A911F025303 change Leader from null to f0b1dae6-f321-4e50-a03e-542d768699a7 at term 1 for becomeLeader, leader elected after 5203ms
2019-09-09 08:10:33,713 [350e76c6-83a1-4611-85eb-62f03c20ce37:group-51F41B8144FD:LeaderElection94] INFO  impl.LeaderElection (LeaderElection.java:logAndReturn(56)) - 350e76c6-83a1-4611-85eb-62f03c20ce37:group-51F41B8144FD:LeaderElection94: Election REJECTED; received 2 response(s) [350e76c6-83a1-4611-85eb-62f03c20ce37<-d5239ec2-78a2-4cd1-a8eb-80aa9cb2f2f7#0:FAIL-t1, 350e76c6-83a1-4611-85eb-62f03c20ce37<-f0b1dae6-f321-4e50-a03e-542d768699a7#0:FAIL-t1] and 0 exception(s); 350e76c6-83a1-4611-85eb-62f03c20ce37:t1, leader=null, voted=350e76c6-83a1-4611-85eb-62f03c20ce37, raftlog=350e76c6-83a1-4611-85eb-62f03c20ce37-SegmentedRaftLog:OPENED:c-1,f-1,i0, conf=-1: [d5239ec2-78a2-4cd1-a8eb-80aa9cb2f2f7:192.168.5.142:40637, 350e76c6-83a1-4611-85eb-62f03c20ce37:192.168.5.142:34354, f0b1dae6-f321-4e50-a03e-542d768699a7:192.168.5.142:44392], old=null
2019-09-09 08:10:33,713 [f0b1dae6-f321-4e50-a03e-542d768699a7:group-3A911F025303:LeaderElection96] INFO  server.RaftServerConfigKeys (ConfUtils.java:logGet(43)) - raft.server.staging.catchup.gap = 1000 (default)
2019-09-09 08:10:33,713 [d5239ec2-78a2-4cd1-a8eb-80aa9cb2f2f7:group-51F41B8144FD:LeaderElection93] INFO  impl.LeaderElection (LeaderElection.java:logAndReturn(56)) - d5239ec2-78a2-4cd1-a8eb-80aa9cb2f2f7:group-51F41B8144FD:LeaderElection93: Election REJECTED; received 2 response(s) [d5239ec2-78a2-4cd1-a8eb-80aa9cb2f2f7<-350e76c6-83a1-4611-85eb-62f03c20ce37#0:FAIL-t1, d5239ec2-78a2-4cd1-a8eb-80aa9cb2f2f7<-f0b1dae6-f321-4e50-a03e-542d768699a7#0:FAIL-t1] and 0 exception(s); d5239ec2-78a2-4cd1-a8eb-80aa9cb2f2f7:t1, leader=null, voted=d5239ec2-78a2-4cd1-a8eb-80aa9cb2f2f7, raftlog=d5239ec2-78a2-4cd1-a8eb-80aa9cb2f2f7-SegmentedRaftLog:OPENED:c-1,f-1,i0, conf=-1: [d5239ec2-78a2-4cd1-a8eb-80aa9cb2f2f7:192.168.5.142:40637, 350e76c6-83a1-4611-85eb-62f03c20ce37:192.168.5.142:34354, f0b1dae6-f321-4e50-a03e-542d768699a7:192.168.5.142:44392], old=null
2019-09-09 08:10:33,713 [0a9ac026-a0ca-44a0-95ed-35416f57c02b:group-82725D438F08:LeaderElection97] INFO  impl.RaftServerImpl (RaftServerImpl.java:setRole(171)) - 0a9ac026-a0ca-44a0-95ed-35416f57c02b:group-82725D438F08 changes role from CANDIDATE to LEADER at term 1 for changeToLeader
2019-09-09 08:10:33,714 [d5239ec2-78a2-4cd1-a8eb-80aa9cb2f2f7:group-51F41B8144FD:LeaderElection93] INFO  impl.RaftServerImpl (RaftServerImpl.java:setRole(171)) - d5239ec2-78a2-4cd1-a8eb-80aa9cb2f2f7:group-51F41B8144FD changes role from CANDIDATE to FOLLOWER at term 1 for DISCOVERED_A_NEW_TERM
2019-09-09 08:10:33,714 [f0b1dae6-f321-4e50-a03e-542d768699a7:group-3A911F025303:LeaderElection96] INFO  server.RaftServerConfigKeys (ConfUtils.java:logGet(43)) - raft.server.rpc.sleep.time = 25ms (default)
2019-09-09 08:10:33,713 [350e76c6-83a1-4611-85eb-62f03c20ce37:group-51F41B8144FD:LeaderElection94] INFO  impl.RaftServerImpl (RaftServerImpl.java:setRole(171)) - 350e76c6-83a1-4611-85eb-62f03c20ce37:group-51F41B8144FD changes role from CANDIDATE to FOLLOWER at term 1 for DISCOVERED_A_NEW_TERM
2019-09-09 08:10:33,715 [350e76c6-83a1-4611-85eb-62f03c20ce37:group-51F41B8144FD:LeaderElection94] INFO  impl.RoleInfo (RoleInfo.java:shutdownLeaderElection(134)) - 350e76c6-83a1-4611-85eb-62f03c20ce37: shutdown LeaderElection
2019-09-09 08:10:33,714 [d5239ec2-78a2-4cd1-a8eb-80aa9cb2f2f7:group-51F41B8144FD:LeaderElection93] INFO  impl.RoleInfo (RoleInfo.java:shutdownLeaderElection(134)) - d5239ec2-78a2-4cd1-a8eb-80aa9cb2f2f7: shutdown LeaderElection
2019-09-09 08:10:33,714 [0a9ac026-a0ca-44a0-95ed-35416f57c02b:group-82725D438F08:LeaderElection97] INFO  impl.RaftServerImpl (ServerState.java:setLeader(263)) - 0a9ac026-a0ca-44a0-95ed-35416f57c02b:group-82725D438F08 change Leader from null to 0a9ac026-a0ca-44a0-95ed-35416f57c02b at term 1 for becomeLeader, leader elected after 5250ms
2019-09-09 08:10:33,715 [d5239ec2-78a2-4cd1-a8eb-80aa9cb2f2f7:group-51F41B8144FD:LeaderElection93] INFO  impl.RoleInfo (RoleInfo.java:updateAndGet(143)) - d5239ec2-78a2-4cd1-a8eb-80aa9cb2f2f7: start FollowerState
2019-09-09 08:10:33,715 [350e76c6-83a1-4611-85eb-62f03c20ce37:group-51F41B8144FD:LeaderElection94] INFO  impl.RoleInfo (RoleInfo.java:updateAndGet(143)) - 350e76c6-83a1-4611-85eb-62f03c20ce37: start FollowerState
2019-09-09 08:10:33,715 [f0b1dae6-f321-4e50-a03e-542d768699a7:group-3A911F025303:LeaderElection96] INFO  server.RaftServerConfigKeys (ConfUtils.java:logGet(43)) - raft.server.write.element-limit = 4096 (default)
2019-09-09 08:10:33,715 [0a9ac026-a0ca-44a0-95ed-35416f57c02b:group-82725D438F08:LeaderElection97] INFO  server.RaftServerConfigKeys (ConfUtils.java:logGet(43)) - raft.server.staging.catchup.gap = 1000 (default)
2019-09-09 08:10:33,716 [f0b1dae6-f321-4e50-a03e-542d768699a7:group-3A911F025303:LeaderElection96] INFO  server.RaftServerConfigKeys (ConfUtils.java:logGet(43)) - raft.server.watch.timeout = 10s (default)
2019-09-09 08:10:33,716 [0a9ac026-a0ca-44a0-95ed-35416f57c02b:group-82725D438F08:LeaderElection97] INFO  server.RaftServerConfigKeys (ConfUtils.java:logGet(43)) - raft.server.rpc.sleep.time = 25ms (default)
2019-09-09 08:10:33,716 [f0b1dae6-f321-4e50-a03e-542d768699a7:group-3A911F025303:LeaderElection96] INFO  server.RaftServerConfigKeys (ConfUtils.java:logGet(43)) - raft.server.watch.timeout.denomination = 1s (default)
2019-09-09 08:10:33,716 [0a9ac026-a0ca-44a0-95ed-35416f57c02b:group-82725D438F08:LeaderElection97] INFO  server.RaftServerConfigKeys (ConfUtils.java:logGet(43)) - raft.server.write.element-limit = 4096 (default)
2019-09-09 08:10:33,718 [f0b1dae6-f321-4e50-a03e-542d768699a7:group-3A911F025303:LeaderElection96] INFO  server.RaftServerConfigKeys (ConfUtils.java:logGet(43)) - raft.server.watch.element-limit = 65536 (default)
2019-09-09 08:10:33,719 [0a9ac026-a0ca-44a0-95ed-35416f57c02b:group-82725D438F08:LeaderElection97] INFO  server.RaftServerConfigKeys (ConfUtils.java:logGet(43)) - raft.server.watch.timeout = 10s (default)
2019-09-09 08:10:33,720 [f0b1dae6-f321-4e50-a03e-542d768699a7:group-3A911F025303:LeaderElection96] INFO  impl.RoleInfo (RoleInfo.java:updateAndGet(143)) - f0b1dae6-f321-4e50-a03e-542d768699a7: start LeaderState
2019-09-09 08:10:33,720 [0a9ac026-a0ca-44a0-95ed-35416f57c02b:group-82725D438F08:LeaderElection97] INFO  server.RaftServerConfigKeys (ConfUtils.java:logGet(43)) - raft.server.watch.timeout.denomination = 1s (default)
2019-09-09 08:10:33,721 [f0b1dae6-f321-4e50-a03e-542d768699a7:group-3A911F025303:LeaderElection96] INFO  segmented.SegmentedRaftLogWorker (SegmentedRaftLogWorker.java:startLogSegment(380)) - f0b1dae6-f321-4e50-a03e-542d768699a7-SegmentedRaftLogWorker:Storage Directory /workdir/hadoop-ozone/integration-test/target/test-dir/MiniOzoneClusterImpl-550fe9fd-5f12-4795-9217-62db7b6f07fe/datanode-5/data/ratis/42f315e9-d4b7-4dbc-bb47-3a911f025303: Starting segment from index:0
2019-09-09 08:10:33,721 [0a9ac026-a0ca-44a0-95ed-35416f57c02b:group-82725D438F08:LeaderElection97] INFO  server.RaftServerConfigKeys (ConfUtils.java:logGet(43)) - raft.server.watch.element-limit = 65536 (default)
2019-09-09 08:10:33,721 [f0b1dae6-f321-4e50-a03e-542d768699a7:group-51F41B8144FD:LeaderElection95] INFO  impl.LeaderElection (LeaderElection.java:logAndReturn(56)) - f0b1dae6-f321-4e50-a03e-542d768699a7:group-51F41B8144FD:LeaderElection95: Election REJECTED; received 2 response(s) [f0b1dae6-f321-4e50-a03e-542d768699a7<-d5239ec2-78a2-4cd1-a8eb-80aa9cb2f2f7#0:FAIL-t1, f0b1dae6-f321-4e50-a03e-542d768699a7<-350e76c6-83a1-4611-85eb-62f03c20ce37#0:FAIL-t1] and 0 exception(s); f0b1dae6-f321-4e50-a03e-542d768699a7:t1, leader=null, voted=f0b1dae6-f321-4e50-a03e-542d768699a7, raftlog=f0b1dae6-f321-4e50-a03e-542d768699a7-SegmentedRaftLog:OPENED:c-1,f-1,i0, conf=-1: [d5239ec2-78a2-4cd1-a8eb-80aa9cb2f2f7:192.168.5.142:40637, 350e76c6-83a1-4611-85eb-62f03c20ce37:192.168.5.142:34354, f0b1dae6-f321-4e50-a03e-542d768699a7:192.168.5.142:44392], old=null
2019-09-09 08:10:33,721 [f0b1dae6-f321-4e50-a03e-542d768699a7:group-3A911F025303:LeaderElection96] INFO  impl.RaftServerImpl (ServerState.java:setRaftConf(361)) - f0b1dae6-f321-4e50-a03e-542d768699a7:group-3A911F025303 set configuration 0: [f0b1dae6-f321-4e50-a03e-542d768699a7:192.168.5.142:44392], old=null at 0
2019-09-09 08:10:33,721 [0a9ac026-a0ca-44a0-95ed-35416f57c02b:group-82725D438F08:LeaderElection97] INFO  impl.RoleInfo (RoleInfo.java:updateAndGet(143)) - 0a9ac026-a0ca-44a0-95ed-35416f57c02b: start LeaderState
2019-09-09 08:10:33,721 [f0b1dae6-f321-4e50-a03e-542d768699a7:group-51F41B8144FD:LeaderElection95] INFO  impl.RaftServerImpl (RaftServerImpl.java:setRole(171)) - f0b1dae6-f321-4e50-a03e-542d768699a7:group-51F41B8144FD changes role from CANDIDATE to FOLLOWER at term 1 for DISCOVERED_A_NEW_TERM
2019-09-09 08:10:33,757 [f0b1dae6-f321-4e50-a03e-542d768699a7:group-51F41B8144FD:LeaderElection95] INFO  impl.RoleInfo (RoleInfo.java:shutdownLeaderElection(134)) - f0b1dae6-f321-4e50-a03e-542d768699a7: shutdown LeaderElection
2019-09-09 08:10:33,754 [Thread-4430] INFO  impl.FollowerState (FollowerState.java:run(106)) - 287b279c-f855-45a5-8b0c-56f3c92d2fe2:group-052144D24009 changes to CANDIDATE, lastRpcTime:5070, electionTimeout:5059ms
2019-09-09 08:10:33,757 [f0b1dae6-f321-4e50-a03e-542d768699a7:group-51F41B8144FD:LeaderElection95] INFO  impl.RoleInfo (RoleInfo.java:updateAndGet(143)) - f0b1dae6-f321-4e50-a03e-542d768699a7: start FollowerState
2019-09-09 08:10:33,757 [0a9ac026-a0ca-44a0-95ed-35416f57c02b:group-82725D438F08:LeaderElection97] INFO  segmented.SegmentedRaftLogWorker (SegmentedRaftLogWorker.java:startLogSegment(380)) - 0a9ac026-a0ca-44a0-95ed-35416f57c02b-SegmentedRaftLogWorker:Storage Directory /workdir/hadoop-ozone/integration-test/target/test-dir/MiniOzoneClusterImpl-550fe9fd-5f12-4795-9217-62db7b6f07fe/datanode-4/data/ratis/ba7a6171-3167-4310-9500-82725d438f08: Starting segment from index:0
2019-09-09 08:10:33,758 [Thread-4430] INFO  impl.RoleInfo (RoleInfo.java:shutdownFollowerState(121)) - 287b279c-f855-45a5-8b0c-56f3c92d2fe2: shutdown FollowerState
2019-09-09 08:10:33,758 [Thread-4430] INFO  impl.RaftServerImpl (RaftServerImpl.java:setRole(171)) - 287b279c-f855-45a5-8b0c-56f3c92d2fe2:group-052144D24009 changes role from FOLLOWER to CANDIDATE at term 0 for changeToCandidate
2019-09-09 08:10:33,758 [Thread-4430] INFO  impl.RoleInfo (RoleInfo.java:updateAndGet(143)) - 287b279c-f855-45a5-8b0c-56f3c92d2fe2: start LeaderElection
2019-09-09 08:10:33,758 [0a9ac026-a0ca-44a0-95ed-35416f57c02b:group-82725D438F08:LeaderElection97] INFO  impl.RaftServerImpl (ServerState.java:setRaftConf(361)) - 0a9ac026-a0ca-44a0-95ed-35416f57c02b:group-82725D438F08 set configuration 0: [0a9ac026-a0ca-44a0-95ed-35416f57c02b:192.168.5.142:35360], old=null at 0
2019-09-09 08:10:33,800 [Thread-4424] INFO  impl.FollowerState (FollowerState.java:run(106)) - 0a9ac026-a0ca-44a0-95ed-35416f57c02b:group-052144D24009 changes to CANDIDATE, lastRpcTime:5122, electionTimeout:5081ms
2019-09-09 08:10:33,805 [Thread-4424] INFO  impl.RoleInfo (RoleInfo.java:shutdownFollowerState(121)) - 0a9ac026-a0ca-44a0-95ed-35416f57c02b: shutdown FollowerState
2019-09-09 08:10:33,800 [f0b1dae6-f321-4e50-a03e-542d768699a7-SegmentedRaftLogWorker:Storage Directory /workdir/hadoop-ozone/integration-test/target/test-dir/MiniOzoneClusterImpl-550fe9fd-5f12-4795-9217-62db7b6f07fe/datanode-5/data/ratis/42f315e9-d4b7-4dbc-bb47-3a911f025303] INFO  segmented.SegmentedRaftLogWorker (SegmentedRaftLogWorker.java:execute(569)) - f0b1dae6-f321-4e50-a03e-542d768699a7-SegmentedRaftLogWorker:Storage Directory /workdir/hadoop-ozone/integration-test/target/test-dir/MiniOzoneClusterImpl-550fe9fd-5f12-4795-9217-62db7b6f07fe/datanode-5/data/ratis/42f315e9-d4b7-4dbc-bb47-3a911f025303: created new log segment /workdir/hadoop-ozone/integration-test/target/test-dir/MiniOzoneClusterImpl-550fe9fd-5f12-4795-9217-62db7b6f07fe/datanode-5/data/ratis/42f315e9-d4b7-4dbc-bb47-3a911f025303/current/log_inprogress_0
2019-09-09 08:10:33,805 [Thread-4424] INFO  impl.RaftServerImpl (RaftServerImpl.java:setRole(171)) - 0a9ac026-a0ca-44a0-95ed-35416f57c02b:group-052144D24009 changes role from FOLLOWER to CANDIDATE at term 0 for changeToCandidate
2019-09-09 08:10:33,805 [Thread-4424] INFO  impl.RoleInfo (RoleInfo.java:updateAndGet(143)) - 0a9ac026-a0ca-44a0-95ed-35416f57c02b: start LeaderElection
2019-09-09 08:10:33,814 [Thread-4427] INFO  impl.FollowerState (FollowerState.java:run(106)) - 6aa0834b-231e-4111-87df-6afda18d0427:group-052144D24009 changes to CANDIDATE, lastRpcTime:5134, electionTimeout:5134ms
2019-09-09 08:10:33,814 [Thread-4427] INFO  impl.RoleInfo (RoleInfo.java:shutdownFollowerState(121)) - 6aa0834b-231e-4111-87df-6afda18d0427: shutdown FollowerState
2019-09-09 08:10:33,814 [Thread-4427] INFO  impl.RaftServerImpl (RaftServerImpl.java:setRole(171)) - 6aa0834b-231e-4111-87df-6afda18d0427:group-052144D24009 changes role from FOLLOWER to CANDIDATE at term 0 for changeToCandidate
2019-09-09 08:10:33,814 [Thread-4427] INFO  impl.RoleInfo (RoleInfo.java:updateAndGet(143)) - 6aa0834b-231e-4111-87df-6afda18d0427: start LeaderElection
2019-09-09 08:10:33,819 [0a9ac026-a0ca-44a0-95ed-35416f57c02b-SegmentedRaftLogWorker:Storage Directory /workdir/hadoop-ozone/integration-test/target/test-dir/MiniOzoneClusterImpl-550fe9fd-5f12-4795-9217-62db7b6f07fe/datanode-4/data/ratis/ba7a6171-3167-4310-9500-82725d438f08] INFO  segmented.SegmentedRaftLogWorker (SegmentedRaftLogWorker.java:execute(569)) - 0a9ac026-a0ca-44a0-95ed-35416f57c02b-SegmentedRaftLogWorker:Storage Directory /workdir/hadoop-ozone/integration-test/target/test-dir/MiniOzoneClusterImpl-550fe9fd-5f12-4795-9217-62db7b6f07fe/datanode-4/data/ratis/ba7a6171-3167-4310-9500-82725d438f08: created new log segment /workdir/hadoop-ozone/integration-test/target/test-dir/MiniOzoneClusterImpl-550fe9fd-5f12-4795-9217-62db7b6f07fe/datanode-4/data/ratis/ba7a6171-3167-4310-9500-82725d438f08/current/log_inprogress_0
2019-09-09 08:10:33,819 [287b279c-f855-45a5-8b0c-56f3c92d2fe2:group-052144D24009:LeaderElection98] INFO  impl.LeaderElection (LeaderElection.java:askForVotes(181)) - 287b279c-f855-45a5-8b0c-56f3c92d2fe2:group-052144D24009:LeaderElection98: begin an election at term 1 for -1: [6aa0834b-231e-4111-87df-6afda18d0427:192.168.5.142:45430, 0a9ac026-a0ca-44a0-95ed-35416f57c02b:192.168.5.142:35360, 287b279c-f855-45a5-8b0c-56f3c92d2fe2:192.168.5.142:39938], old=null
2019-09-09 08:10:33,819 [0a9ac026-a0ca-44a0-95ed-35416f57c02b:group-052144D24009:LeaderElection99] INFO  impl.LeaderElection (LeaderElection.java:askForVotes(181)) - 0a9ac026-a0ca-44a0-95ed-35416f57c02b:group-052144D24009:LeaderElection99: begin an election at term 1 for -1: [6aa0834b-231e-4111-87df-6afda18d0427:192.168.5.142:45430, 0a9ac026-a0ca-44a0-95ed-35416f57c02b:192.168.5.142:35360, 287b279c-f855-45a5-8b0c-56f3c92d2fe2:192.168.5.142:39938], old=null
2019-09-09 08:10:33,843 [6aa0834b-231e-4111-87df-6afda18d0427:group-052144D24009:LeaderElection100] INFO  impl.LeaderElection (LeaderElection.java:askForVotes(181)) - 6aa0834b-231e-4111-87df-6afda18d0427:group-052144D24009:LeaderElection100: begin an election at term 1 for -1: [6aa0834b-231e-4111-87df-6afda18d0427:192.168.5.142:45430, 0a9ac026-a0ca-44a0-95ed-35416f57c02b:192.168.5.142:35360, 287b279c-f855-45a5-8b0c-56f3c92d2fe2:192.168.5.142:39938], old=null
2019-09-09 08:10:33,846 [0a9ac026-a0ca-44a0-95ed-35416f57c02b:group-052144D24009:LeaderElection99] INFO  impl.LeaderElection (LeaderElection.java:logAndReturn(56)) - 0a9ac026-a0ca-44a0-95ed-35416f57c02b:group-052144D24009:LeaderElection99: Election REJECTED; received 2 response(s) [0a9ac026-a0ca-44a0-95ed-35416f57c02b<-6aa0834b-231e-4111-87df-6afda18d0427#0:FAIL-t1, 0a9ac026-a0ca-44a0-95ed-35416f57c02b<-287b279c-f855-45a5-8b0c-56f3c92d2fe2#0:FAIL-t1] and 0 exception(s); 0a9ac026-a0ca-44a0-95ed-35416f57c02b:t1, leader=null, voted=0a9ac026-a0ca-44a0-95ed-35416f57c02b, raftlog=0a9ac026-a0ca-44a0-95ed-35416f57c02b-SegmentedRaftLog:OPENED:c-1,f-1,i0, conf=-1: [6aa0834b-231e-4111-87df-6afda18d0427:192.168.5.142:45430, 0a9ac026-a0ca-44a0-95ed-35416f57c02b:192.168.5.142:35360, 287b279c-f855-45a5-8b0c-56f3c92d2fe2:192.168.5.142:39938], old=null
2019-09-09 08:10:33,846 [287b279c-f855-45a5-8b0c-56f3c92d2fe2:group-052144D24009:LeaderElection98] INFO  impl.LeaderElection (LeaderElection.java:logAndReturn(56)) - 287b279c-f855-45a5-8b0c-56f3c92d2fe2:group-052144D24009:LeaderElection98: Election REJECTED; received 2 response(s) [287b279c-f855-45a5-8b0c-56f3c92d2fe2<-6aa0834b-231e-4111-87df-6afda18d0427#0:FAIL-t1, 287b279c-f855-45a5-8b0c-56f3c92d2fe2<-0a9ac026-a0ca-44a0-95ed-35416f57c02b#0:FAIL-t1] and 0 exception(s); 287b279c-f855-45a5-8b0c-56f3c92d2fe2:t1, leader=null, voted=287b279c-f855-45a5-8b0c-56f3c92d2fe2, raftlog=287b279c-f855-45a5-8b0c-56f3c92d2fe2-SegmentedRaftLog:OPENED:c-1,f-1,i0, conf=-1: [6aa0834b-231e-4111-87df-6afda18d0427:192.168.5.142:45430, 0a9ac026-a0ca-44a0-95ed-35416f57c02b:192.168.5.142:35360, 287b279c-f855-45a5-8b0c-56f3c92d2fe2:192.168.5.142:39938], old=null
2019-09-09 08:10:33,847 [0a9ac026-a0ca-44a0-95ed-35416f57c02b:group-052144D24009:LeaderElection99] INFO  impl.RaftServerImpl (RaftServerImpl.java:setRole(171)) - 0a9ac026-a0ca-44a0-95ed-35416f57c02b:group-052144D24009 changes role from CANDIDATE to FOLLOWER at term 1 for DISCOVERED_A_NEW_TERM
2019-09-09 08:10:33,847 [287b279c-f855-45a5-8b0c-56f3c92d2fe2:group-052144D24009:LeaderElection98] INFO  impl.RaftServerImpl (RaftServerImpl.java:setRole(171)) - 287b279c-f855-45a5-8b0c-56f3c92d2fe2:group-052144D24009 changes role from CANDIDATE to FOLLOWER at term 1 for DISCOVERED_A_NEW_TERM
2019-09-09 08:10:33,847 [0a9ac026-a0ca-44a0-95ed-35416f57c02b:group-052144D24009:LeaderElection99] INFO  impl.RoleInfo (RoleInfo.java:shutdownLeaderElection(134)) - 0a9ac026-a0ca-44a0-95ed-35416f57c02b: shutdown LeaderElection
2019-09-09 08:10:33,847 [287b279c-f855-45a5-8b0c-56f3c92d2fe2:group-052144D24009:LeaderElection98] INFO  impl.RoleInfo (RoleInfo.java:shutdownLeaderElection(134)) - 287b279c-f855-45a5-8b0c-56f3c92d2fe2: shutdown LeaderElection
2019-09-09 08:10:33,847 [0a9ac026-a0ca-44a0-95ed-35416f57c02b:group-052144D24009:LeaderElection99] INFO  impl.RoleInfo (RoleInfo.java:updateAndGet(143)) - 0a9ac026-a0ca-44a0-95ed-35416f57c02b: start FollowerState
2019-09-09 08:10:33,847 [287b279c-f855-45a5-8b0c-56f3c92d2fe2:group-052144D24009:LeaderElection98] INFO  impl.RoleInfo (RoleInfo.java:updateAndGet(143)) - 287b279c-f855-45a5-8b0c-56f3c92d2fe2: start FollowerState
2019-09-09 08:10:33,854 [6aa0834b-231e-4111-87df-6afda18d0427:group-052144D24009:LeaderElection100] INFO  impl.LeaderElection (LeaderElection.java:logAndReturn(56)) - 6aa0834b-231e-4111-87df-6afda18d0427:group-052144D24009:LeaderElection100: Election REJECTED; received 2 response(s) [6aa0834b-231e-4111-87df-6afda18d0427<-0a9ac026-a0ca-44a0-95ed-35416f57c02b#0:FAIL-t1, 6aa0834b-231e-4111-87df-6afda18d0427<-287b279c-f855-45a5-8b0c-56f3c92d2fe2#0:FAIL-t1] and 0 exception(s); 6aa0834b-231e-4111-87df-6afda18d0427:t1, leader=null, voted=6aa0834b-231e-4111-87df-6afda18d0427, raftlog=6aa0834b-231e-4111-87df-6afda18d0427-SegmentedRaftLog:OPENED:c-1,f-1,i0, conf=-1: [6aa0834b-231e-4111-87df-6afda18d0427:192.168.5.142:45430, 0a9ac026-a0ca-44a0-95ed-35416f57c02b:192.168.5.142:35360, 287b279c-f855-45a5-8b0c-56f3c92d2fe2:192.168.5.142:39938], old=null
2019-09-09 08:10:33,855 [6aa0834b-231e-4111-87df-6afda18d0427:group-052144D24009:LeaderElection100] INFO  impl.RaftServerImpl (RaftServerImpl.java:setRole(171)) - 6aa0834b-231e-4111-87df-6afda18d0427:group-052144D24009 changes role from CANDIDATE to FOLLOWER at term 1 for DISCOVERED_A_NEW_TERM
2019-09-09 08:10:33,855 [6aa0834b-231e-4111-87df-6afda18d0427:group-052144D24009:LeaderElection100] INFO  impl.RoleInfo (RoleInfo.java:shutdownLeaderElection(134)) - 6aa0834b-231e-4111-87df-6afda18d0427: shutdown LeaderElection
2019-09-09 08:10:33,855 [6aa0834b-231e-4111-87df-6afda18d0427:group-052144D24009:LeaderElection100] INFO  impl.RoleInfo (RoleInfo.java:updateAndGet(143)) - 6aa0834b-231e-4111-87df-6afda18d0427: start FollowerState
2019-09-09 08:10:34,696 [grpc-default-executor-13] INFO  client.GrpcClientProtocolClient (GrpcClientProtocolClient.java:onNext(255)) - client-6A1D623B0A54->6aa0834b-231e-4111-87df-6afda18d0427: receive RaftClientReply:client-6A1D623B0A54->6aa0834b-231e-4111-87df-6afda18d0427@group-052144D24009, cid=235, FAILED org.apache.ratis.protocol.NotLeaderException: Server 6aa0834b-231e-4111-87df-6afda18d0427 is not the leader (null). Request must be sent to leader., logIndex=0, commits[6aa0834b-231e-4111-87df-6afda18d0427:c-1]
2019-09-09 08:10:35,710 [grpc-default-executor-6] INFO  client.GrpcClientProtocolClient (GrpcClientProtocolClient.java:onNext(255)) - client-6A1D623B0A54->0a9ac026-a0ca-44a0-95ed-35416f57c02b: receive RaftClientReply:client-6A1D623B0A54->0a9ac026-a0ca-44a0-95ed-35416f57c02b@group-052144D24009, cid=235, FAILED org.apache.ratis.protocol.NotLeaderException: Server 0a9ac026-a0ca-44a0-95ed-35416f57c02b is not the leader (null). Request must be sent to leader., logIndex=0, commits[0a9ac026-a0ca-44a0-95ed-35416f57c02b:c-1]
2019-09-09 08:10:36,732 [grpc-default-executor-13] INFO  client.GrpcClientProtocolClient (GrpcClientProtocolClient.java:onNext(255)) - client-6A1D623B0A54->287b279c-f855-45a5-8b0c-56f3c92d2fe2: receive RaftClientReply:client-6A1D623B0A54->287b279c-f855-45a5-8b0c-56f3c92d2fe2@group-052144D24009, cid=235, FAILED org.apache.ratis.protocol.NotLeaderException: Server 287b279c-f855-45a5-8b0c-56f3c92d2fe2 is not the leader (null). Request must be sent to leader., logIndex=0, commits[287b279c-f855-45a5-8b0c-56f3c92d2fe2:c-1]
2019-09-09 08:10:37,746 [grpc-default-executor-6] INFO  client.GrpcClientProtocolClient (GrpcClientProtocolClient.java:onNext(255)) - client-6A1D623B0A54->0a9ac026-a0ca-44a0-95ed-35416f57c02b: receive RaftClientReply:client-6A1D623B0A54->0a9ac026-a0ca-44a0-95ed-35416f57c02b@group-052144D24009, cid=235, FAILED org.apache.ratis.protocol.NotLeaderException: Server 0a9ac026-a0ca-44a0-95ed-35416f57c02b is not the leader (null). Request must be sent to leader., logIndex=0, commits[0a9ac026-a0ca-44a0-95ed-35416f57c02b:c-1]
2019-09-09 08:10:38,762 [grpc-default-executor-6] INFO  client.GrpcClientProtocolClient (GrpcClientProtocolClient.java:onNext(255)) - client-6A1D623B0A54->6aa0834b-231e-4111-87df-6afda18d0427: receive RaftClientReply:client-6A1D623B0A54->6aa0834b-231e-4111-87df-6afda18d0427@group-052144D24009, cid=235, FAILED org.apache.ratis.protocol.NotLeaderException: Server 6aa0834b-231e-4111-87df-6afda18d0427 is not the leader (null). Request must be sent to leader., logIndex=0, commits[6aa0834b-231e-4111-87df-6afda18d0427:c-1]
2019-09-09 08:10:38,773 [Thread-4472] INFO  impl.FollowerState (FollowerState.java:run(106)) - d5239ec2-78a2-4cd1-a8eb-80aa9cb2f2f7:group-51F41B8144FD changes to CANDIDATE, lastRpcTime:5057, electionTimeout:5057ms
2019-09-09 08:10:38,773 [Thread-4472] INFO  impl.RoleInfo (RoleInfo.java:shutdownFollowerState(121)) - d5239ec2-78a2-4cd1-a8eb-80aa9cb2f2f7: shutdown FollowerState
2019-09-09 08:10:38,773 [Thread-4472] INFO  impl.RaftServerImpl (RaftServerImpl.java:setRole(171)) - d5239ec2-78a2-4cd1-a8eb-80aa9cb2f2f7:group-51F41B8144FD changes role from FOLLOWER to CANDIDATE at term 1 for changeToCandidate
2019-09-09 08:10:38,773 [Thread-4472] INFO  impl.RoleInfo (RoleInfo.java:updateAndGet(143)) - d5239ec2-78a2-4cd1-a8eb-80aa9cb2f2f7: start LeaderElection
2019-09-09 08:10:38,808 [d5239ec2-78a2-4cd1-a8eb-80aa9cb2f2f7:group-51F41B8144FD:LeaderElection101] INFO  impl.LeaderElection (LeaderElection.java:askForVotes(181)) - d5239ec2-78a2-4cd1-a8eb-80aa9cb2f2f7:group-51F41B8144FD:LeaderElection101: begin an election at term 2 for -1: [d5239ec2-78a2-4cd1-a8eb-80aa9cb2f2f7:192.168.5.142:40637, 350e76c6-83a1-4611-85eb-62f03c20ce37:192.168.5.142:34354, f0b1dae6-f321-4e50-a03e-542d768699a7:192.168.5.142:44392], old=null
2019-09-09 08:10:38,810 [grpc-default-executor-6] INFO  impl.RaftServerImpl (RaftServerImpl.java:setRole(171)) - 350e76c6-83a1-4611-85eb-62f03c20ce37:group-51F41B8144FD changes role from FOLLOWER to FOLLOWER at term 2 for recognizeCandidate:d5239ec2-78a2-4cd1-a8eb-80aa9cb2f2f7
2019-09-09 08:10:38,811 [grpc-default-executor-6] INFO  impl.RoleInfo (RoleInfo.java:shutdownFollowerState(121)) - 350e76c6-83a1-4611-85eb-62f03c20ce37: shutdown FollowerState
2019-09-09 08:10:38,811 [grpc-default-executor-13] INFO  impl.RaftServerImpl (RaftServerImpl.java:setRole(171)) - f0b1dae6-f321-4e50-a03e-542d768699a7:group-51F41B8144FD changes role from FOLLOWER to FOLLOWER at term 2 for recognizeCandidate:d5239ec2-78a2-4cd1-a8eb-80aa9cb2f2f7
2019-09-09 08:10:38,811 [Thread-4471] INFO  impl.FollowerState (FollowerState.java:run(114)) - 350e76c6-83a1-4611-85eb-62f03c20ce37: FollowerState was interrupted: java.lang.InterruptedException: sleep interrupted
2019-09-09 08:10:38,811 [grpc-default-executor-6] INFO  impl.RoleInfo (RoleInfo.java:updateAndGet(143)) - 350e76c6-83a1-4611-85eb-62f03c20ce37: start FollowerState
2019-09-09 08:10:38,811 [grpc-default-executor-13] INFO  impl.RoleInfo (RoleInfo.java:shutdownFollowerState(121)) - f0b1dae6-f321-4e50-a03e-542d768699a7: shutdown FollowerState
2019-09-09 08:10:38,816 [grpc-default-executor-13] INFO  impl.RoleInfo (RoleInfo.java:updateAndGet(143)) - f0b1dae6-f321-4e50-a03e-542d768699a7: start FollowerState
2019-09-09 08:10:38,816 [Thread-4474] INFO  impl.FollowerState (FollowerState.java:run(114)) - f0b1dae6-f321-4e50-a03e-542d768699a7: FollowerState was interrupted: java.lang.InterruptedException: sleep interrupted
2019-09-09 08:10:38,834 [d5239ec2-78a2-4cd1-a8eb-80aa9cb2f2f7:group-51F41B8144FD:LeaderElection101] INFO  impl.LeaderElection (LeaderElection.java:logAndReturn(56)) - d5239ec2-78a2-4cd1-a8eb-80aa9cb2f2f7:group-51F41B8144FD:LeaderElection101: Election PASSED; received 1 response(s) [d5239ec2-78a2-4cd1-a8eb-80aa9cb2f2f7<-350e76c6-83a1-4611-85eb-62f03c20ce37#0:OK-t2] and 0 exception(s); d5239ec2-78a2-4cd1-a8eb-80aa9cb2f2f7:t2, leader=null, voted=d5239ec2-78a2-4cd1-a8eb-80aa9cb2f2f7, raftlog=d5239ec2-78a2-4cd1-a8eb-80aa9cb2f2f7-SegmentedRaftLog:OPENED:c-1,f-1,i0, conf=-1: [d5239ec2-78a2-4cd1-a8eb-80aa9cb2f2f7:192.168.5.142:40637, 350e76c6-83a1-4611-85eb-62f03c20ce37:192.168.5.142:34354, f0b1dae6-f321-4e50-a03e-542d768699a7:192.168.5.142:44392], old=null
2019-09-09 08:10:38,834 [d5239ec2-78a2-4cd1-a8eb-80aa9cb2f2f7:group-51F41B8144FD:LeaderElection101] INFO  impl.RoleInfo (RoleInfo.java:shutdownLeaderElection(134)) - d5239ec2-78a2-4cd1-a8eb-80aa9cb2f2f7: shutdown LeaderElection
2019-09-09 08:10:38,834 [d5239ec2-78a2-4cd1-a8eb-80aa9cb2f2f7:group-51F41B8144FD:LeaderElection101] INFO  impl.RaftServerImpl (RaftServerImpl.java:setRole(171)) - d5239ec2-78a2-4cd1-a8eb-80aa9cb2f2f7:group-51F41B8144FD changes role from CANDIDATE to LEADER at term 2 for changeToLeader
2019-09-09 08:10:38,835 [d5239ec2-78a2-4cd1-a8eb-80aa9cb2f2f7:group-51F41B8144FD:LeaderElection101] INFO  impl.RaftServerImpl (ServerState.java:setLeader(263)) - d5239ec2-78a2-4cd1-a8eb-80aa9cb2f2f7:group-51F41B8144FD change Leader from null to d5239ec2-78a2-4cd1-a8eb-80aa9cb2f2f7 at term 2 for becomeLeader, leader elected after 10266ms
2019-09-09 08:10:38,835 [d5239ec2-78a2-4cd1-a8eb-80aa9cb2f2f7:group-51F41B8144FD:LeaderElection101] INFO  server.RaftServerConfigKeys (ConfUtils.java:logGet(43)) - raft.server.staging.catchup.gap = 1000 (default)
2019-09-09 08:10:38,835 [d5239ec2-78a2-4cd1-a8eb-80aa9cb2f2f7:group-51F41B8144FD:LeaderElection101] INFO  server.RaftServerConfigKeys (ConfUtils.java:logGet(43)) - raft.server.rpc.sleep.time = 25ms (default)
2019-09-09 08:10:38,835 [d5239ec2-78a2-4cd1-a8eb-80aa9cb2f2f7:group-51F41B8144FD:LeaderElection101] INFO  server.RaftServerConfigKeys (ConfUtils.java:logGet(43)) - raft.server.write.element-limit = 4096 (default)
2019-09-09 08:10:38,835 [d5239ec2-78a2-4cd1-a8eb-80aa9cb2f2f7:group-51F41B8144FD:LeaderElection101] INFO  server.RaftServerConfigKeys (ConfUtils.java:logGet(43)) - raft.server.watch.timeout = 10s (default)
2019-09-09 08:10:38,836 [d5239ec2-78a2-4cd1-a8eb-80aa9cb2f2f7:group-51F41B8144FD:LeaderElection101] INFO  server.RaftServerConfigKeys (ConfUtils.java:logGet(43)) - raft.server.watch.timeout.denomination = 1s (default)
2019-09-09 08:10:38,836 [d5239ec2-78a2-4cd1-a8eb-80aa9cb2f2f7:group-51F41B8144FD:LeaderElection101] INFO  server.RaftServerConfigKeys (ConfUtils.java:logGet(43)) - raft.server.watch.element-limit = 65536 (default)
2019-09-09 08:10:38,836 [d5239ec2-78a2-4cd1-a8eb-80aa9cb2f2f7:group-51F41B8144FD:LeaderElection101] INFO  server.RaftServerConfigKeys (ConfUtils.java:logGet(43)) - raft.server.log.appender.snapshot.chunk.size.max = 16MB (=16777216) (default)
2019-09-09 08:10:38,836 [d5239ec2-78a2-4cd1-a8eb-80aa9cb2f2f7:group-51F41B8144FD:LeaderElection101] INFO  server.RaftServerConfigKeys (ConfUtils.java:logGet(43)) - raft.server.log.appender.buffer.byte-limit = 33554432 (custom)
2019-09-09 08:10:38,836 [d5239ec2-78a2-4cd1-a8eb-80aa9cb2f2f7:group-51F41B8144FD:LeaderElection101] INFO  server.RaftServerConfigKeys (ConfUtils.java:logGet(43)) - raft.server.log.appender.buffer.element-limit = 1 (custom)
2019-09-09 08:10:38,837 [d5239ec2-78a2-4cd1-a8eb-80aa9cb2f2f7:group-51F41B8144FD:LeaderElection101] INFO  grpc.GrpcConfigKeys$Server (ConfUtils.java:logGet(43)) - raft.grpc.server.leader.outstanding.appends.max = 128 (default)
2019-09-09 08:10:38,837 [d5239ec2-78a2-4cd1-a8eb-80aa9cb2f2f7:group-51F41B8144FD:LeaderElection101] INFO  server.RaftServerConfigKeys (ConfUtils.java:logGet(43)) - raft.server.rpc.request.timeout = 3000ms (default)
2019-09-09 08:10:38,837 [d5239ec2-78a2-4cd1-a8eb-80aa9cb2f2f7:group-51F41B8144FD:LeaderElection101] INFO  server.RaftServerConfigKeys (ConfUtils.java:logGet(43)) - raft.server.log.appender.install.snapshot.enabled = false (custom)
2019-09-09 08:10:38,837 [d5239ec2-78a2-4cd1-a8eb-80aa9cb2f2f7:group-51F41B8144FD:LeaderElection101] INFO  server.RaftServerConfigKeys (ConfUtils.java:logGet(43)) - raft.server.log.appender.snapshot.chunk.size.max = 16MB (=16777216) (default)
2019-09-09 08:10:38,837 [d5239ec2-78a2-4cd1-a8eb-80aa9cb2f2f7:group-51F41B8144FD:LeaderElection101] INFO  server.RaftServerConfigKeys (ConfUtils.java:logGet(43)) - raft.server.log.appender.buffer.byte-limit = 33554432 (custom)
2019-09-09 08:10:38,838 [d5239ec2-78a2-4cd1-a8eb-80aa9cb2f2f7:group-51F41B8144FD:LeaderElection101] INFO  server.RaftServerConfigKeys (ConfUtils.java:logGet(43)) - raft.server.log.appender.buffer.element-limit = 1 (custom)
2019-09-09 08:10:38,838 [d5239ec2-78a2-4cd1-a8eb-80aa9cb2f2f7:group-51F41B8144FD:LeaderElection101] INFO  grpc.GrpcConfigKeys$Server (ConfUtils.java:logGet(43)) - raft.grpc.server.leader.outstanding.appends.max = 128 (default)
2019-09-09 08:10:38,838 [d5239ec2-78a2-4cd1-a8eb-80aa9cb2f2f7:group-51F41B8144FD:LeaderElection101] INFO  server.RaftServerConfigKeys (ConfUtils.java:logGet(43)) - raft.server.rpc.request.timeout = 3000ms (default)
2019-09-09 08:10:38,838 [d5239ec2-78a2-4cd1-a8eb-80aa9cb2f2f7:group-51F41B8144FD:LeaderElection101] INFO  server.RaftServerConfigKeys (ConfUtils.java:logGet(43)) - raft.server.log.appender.install.snapshot.enabled = false (custom)
2019-09-09 08:10:38,839 [d5239ec2-78a2-4cd1-a8eb-80aa9cb2f2f7:group-51F41B8144FD:LeaderElection101] INFO  impl.RoleInfo (RoleInfo.java:updateAndGet(143)) - d5239ec2-78a2-4cd1-a8eb-80aa9cb2f2f7: start LeaderState
2019-09-09 08:10:38,839 [d5239ec2-78a2-4cd1-a8eb-80aa9cb2f2f7:group-51F41B8144FD:LeaderElection101] INFO  segmented.SegmentedRaftLogWorker (SegmentedRaftLogWorker.java:startLogSegment(380)) - d5239ec2-78a2-4cd1-a8eb-80aa9cb2f2f7-SegmentedRaftLogWorker:Storage Directory /workdir/hadoop-ozone/integration-test/target/test-dir/MiniOzoneClusterImpl-550fe9fd-5f12-4795-9217-62db7b6f07fe/datanode-2/data/ratis/551117a2-51db-4070-b74e-51f41b8144fd: Starting segment from index:0
2019-09-09 08:10:38,840 [d5239ec2-78a2-4cd1-a8eb-80aa9cb2f2f7:group-51F41B8144FD:LeaderElection101] INFO  impl.RaftServerImpl (ServerState.java:setRaftConf(361)) - d5239ec2-78a2-4cd1-a8eb-80aa9cb2f2f7:group-51F41B8144FD set configuration 0: [d5239ec2-78a2-4cd1-a8eb-80aa9cb2f2f7:192.168.5.142:40637, 350e76c6-83a1-4611-85eb-62f03c20ce37:192.168.5.142:34354, f0b1dae6-f321-4e50-a03e-542d768699a7:192.168.5.142:44392], old=null at 0
2019-09-09 08:10:38,877 [grpc-default-executor-6] INFO  impl.RaftServerImpl (ServerState.java:setLeader(263)) - 350e76c6-83a1-4611-85eb-62f03c20ce37:group-51F41B8144FD change Leader from null to d5239ec2-78a2-4cd1-a8eb-80aa9cb2f2f7 at term 2 for appendEntries, leader elected after 10308ms
2019-09-09 08:10:38,878 [grpc-default-executor-13] INFO  impl.RaftServerImpl (ServerState.java:setLeader(263)) - f0b1dae6-f321-4e50-a03e-542d768699a7:group-51F41B8144FD change Leader from null to d5239ec2-78a2-4cd1-a8eb-80aa9cb2f2f7 at term 2 for appendEntries, leader elected after 10309ms
2019-09-09 08:10:38,880 [grpc-default-executor-13] INFO  impl.RaftServerImpl (ServerState.java:setRaftConf(361)) - 350e76c6-83a1-4611-85eb-62f03c20ce37:group-51F41B8144FD set configuration 0: [d5239ec2-78a2-4cd1-a8eb-80aa9cb2f2f7:192.168.5.142:40637, 350e76c6-83a1-4611-85eb-62f03c20ce37:192.168.5.142:34354, f0b1dae6-f321-4e50-a03e-542d768699a7:192.168.5.142:44392], old=null at 0
2019-09-09 08:10:38,881 [grpc-default-executor-6] INFO  impl.RaftServerImpl (ServerState.java:setRaftConf(361)) - f0b1dae6-f321-4e50-a03e-542d768699a7:group-51F41B8144FD set configuration 0: [d5239ec2-78a2-4cd1-a8eb-80aa9cb2f2f7:192.168.5.142:40637, 350e76c6-83a1-4611-85eb-62f03c20ce37:192.168.5.142:34354, f0b1dae6-f321-4e50-a03e-542d768699a7:192.168.5.142:44392], old=null at 0
2019-09-09 08:10:38,881 [grpc-default-executor-13] INFO  segmented.SegmentedRaftLogWorker (SegmentedRaftLogWorker.java:startLogSegment(380)) - 350e76c6-83a1-4611-85eb-62f03c20ce37-SegmentedRaftLogWorker:Storage Directory /workdir/hadoop-ozone/integration-test/target/test-dir/MiniOzoneClusterImpl-550fe9fd-5f12-4795-9217-62db7b6f07fe/datanode-3/data/ratis/551117a2-51db-4070-b74e-51f41b8144fd: Starting segment from index:0
2019-09-09 08:10:38,881 [grpc-default-executor-6] INFO  segmented.SegmentedRaftLogWorker (SegmentedRaftLogWorker.java:startLogSegment(380)) - f0b1dae6-f321-4e50-a03e-542d768699a7-SegmentedRaftLogWorker:Storage Directory /workdir/hadoop-ozone/integration-test/target/test-dir/MiniOzoneClusterImpl-550fe9fd-5f12-4795-9217-62db7b6f07fe/datanode-5/data/ratis/551117a2-51db-4070-b74e-51f41b8144fd: Starting segment from index:0
2019-09-09 08:10:38,890 [Thread-4484] INFO  impl.FollowerState (FollowerState.java:run(106)) - 0a9ac026-a0ca-44a0-95ed-35416f57c02b:group-052144D24009 changes to CANDIDATE, lastRpcTime:5042, electionTimeout:5042ms
2019-09-09 08:10:38,890 [Thread-4484] INFO  impl.RoleInfo (RoleInfo.java:shutdownFollowerState(121)) - 0a9ac026-a0ca-44a0-95ed-35416f57c02b: shutdown FollowerState
2019-09-09 08:10:38,890 [Thread-4484] INFO  impl.RaftServerImpl (RaftServerImpl.java:setRole(171)) - 0a9ac026-a0ca-44a0-95ed-35416f57c02b:group-052144D24009 changes role from FOLLOWER to CANDIDATE at term 1 for changeToCandidate
2019-09-09 08:10:38,890 [d5239ec2-78a2-4cd1-a8eb-80aa9cb2f2f7-SegmentedRaftLogWorker:Storage Directory /workdir/hadoop-ozone/integration-test/target/test-dir/MiniOzoneClusterImpl-550fe9fd-5f12-4795-9217-62db7b6f07fe/datanode-2/data/ratis/551117a2-51db-4070-b74e-51f41b8144fd] INFO  segmented.SegmentedRaftLogWorker (SegmentedRaftLogWorker.java:execute(569)) - d5239ec2-78a2-4cd1-a8eb-80aa9cb2f2f7-SegmentedRaftLogWorker:Storage Directory /workdir/hadoop-ozone/integration-test/target/test-dir/MiniOzoneClusterImpl-550fe9fd-5f12-4795-9217-62db7b6f07fe/datanode-2/data/ratis/551117a2-51db-4070-b74e-51f41b8144fd: created new log segment /workdir/hadoop-ozone/integration-test/target/test-dir/MiniOzoneClusterImpl-550fe9fd-5f12-4795-9217-62db7b6f07fe/datanode-2/data/ratis/551117a2-51db-4070-b74e-51f41b8144fd/current/log_inprogress_0
2019-09-09 08:10:38,890 [Thread-4484] INFO  impl.RoleInfo (RoleInfo.java:updateAndGet(143)) - 0a9ac026-a0ca-44a0-95ed-35416f57c02b: start LeaderElection
2019-09-09 08:10:38,944 [350e76c6-83a1-4611-85eb-62f03c20ce37-SegmentedRaftLogWorker:Storage Directory /workdir/hadoop-ozone/integration-test/target/test-dir/MiniOzoneClusterImpl-550fe9fd-5f12-4795-9217-62db7b6f07fe/datanode-3/data/ratis/551117a2-51db-4070-b74e-51f41b8144fd] INFO  segmented.SegmentedRaftLogWorker (SegmentedRaftLogWorker.java:execute(569)) - 350e76c6-83a1-4611-85eb-62f03c20ce37-SegmentedRaftLogWorker:Storage Directory /workdir/hadoop-ozone/integration-test/target/test-dir/MiniOzoneClusterImpl-550fe9fd-5f12-4795-9217-62db7b6f07fe/datanode-3/data/ratis/551117a2-51db-4070-b74e-51f41b8144fd: created new log segment /workdir/hadoop-ozone/integration-test/target/test-dir/MiniOzoneClusterImpl-550fe9fd-5f12-4795-9217-62db7b6f07fe/datanode-3/data/ratis/551117a2-51db-4070-b74e-51f41b8144fd/current/log_inprogress_0
2019-09-09 08:10:38,944 [f0b1dae6-f321-4e50-a03e-542d768699a7-SegmentedRaftLogWorker:Storage Directory /workdir/hadoop-ozone/integration-test/target/test-dir/MiniOzoneClusterImpl-550fe9fd-5f12-4795-9217-62db7b6f07fe/datanode-5/data/ratis/551117a2-51db-4070-b74e-51f41b8144fd] INFO  segmented.SegmentedRaftLogWorker (SegmentedRaftLogWorker.java:execute(569)) - f0b1dae6-f321-4e50-a03e-542d768699a7-SegmentedRaftLogWorker:Storage Directory /workdir/hadoop-ozone/integration-test/target/test-dir/MiniOzoneClusterImpl-550fe9fd-5f12-4795-9217-62db7b6f07fe/datanode-5/data/ratis/551117a2-51db-4070-b74e-51f41b8144fd: created new log segment /workdir/hadoop-ozone/integration-test/target/test-dir/MiniOzoneClusterImpl-550fe9fd-5f12-4795-9217-62db7b6f07fe/datanode-5/data/ratis/551117a2-51db-4070-b74e-51f41b8144fd/current/log_inprogress_0
2019-09-09 08:10:38,945 [0a9ac026-a0ca-44a0-95ed-35416f57c02b:group-052144D24009:LeaderElection102] INFO  impl.LeaderElection (LeaderElection.java:askForVotes(181)) - 0a9ac026-a0ca-44a0-95ed-35416f57c02b:group-052144D24009:LeaderElection102: begin an election at term 2 for -1: [6aa0834b-231e-4111-87df-6afda18d0427:192.168.5.142:45430, 0a9ac026-a0ca-44a0-95ed-35416f57c02b:192.168.5.142:35360, 287b279c-f855-45a5-8b0c-56f3c92d2fe2:192.168.5.142:39938], old=null
2019-09-09 08:10:38,948 [grpc-default-executor-13] INFO  impl.RaftServerImpl (RaftServerImpl.java:setRole(171)) - 287b279c-f855-45a5-8b0c-56f3c92d2fe2:group-052144D24009 changes role from FOLLOWER to FOLLOWER at term 2 for recognizeCandidate:0a9ac026-a0ca-44a0-95ed-35416f57c02b
2019-09-09 08:10:38,948 [grpc-default-executor-6] INFO  impl.RaftServerImpl (RaftServerImpl.java:setRole(171)) - 6aa0834b-231e-4111-87df-6afda18d0427:group-052144D24009 changes role from FOLLOWER to FOLLOWER at term 2 for recognizeCandidate:0a9ac026-a0ca-44a0-95ed-35416f57c02b
2019-09-09 08:10:38,948 [grpc-default-executor-13] INFO  impl.RoleInfo (RoleInfo.java:shutdownFollowerState(121)) - 287b279c-f855-45a5-8b0c-56f3c92d2fe2: shutdown FollowerState
2019-09-09 08:10:38,948 [grpc-default-executor-6] INFO  impl.RoleInfo (RoleInfo.java:shutdownFollowerState(121)) - 6aa0834b-231e-4111-87df-6afda18d0427: shutdown FollowerState
2019-09-09 08:10:38,949 [Thread-4485] INFO  impl.FollowerState (FollowerState.java:run(114)) - 287b279c-f855-45a5-8b0c-56f3c92d2fe2: FollowerState was interrupted: java.lang.InterruptedException: sleep interrupted
2019-09-09 08:10:38,948 [grpc-default-executor-13] INFO  impl.RoleInfo (RoleInfo.java:updateAndGet(143)) - 287b279c-f855-45a5-8b0c-56f3c92d2fe2: start FollowerState
2019-09-09 08:10:38,949 [Thread-4486] INFO  impl.FollowerState (FollowerState.java:run(114)) - 6aa0834b-231e-4111-87df-6afda18d0427: FollowerState was interrupted: java.lang.InterruptedException: sleep interrupted
2019-09-09 08:10:38,949 [grpc-default-executor-6] INFO  impl.RoleInfo (RoleInfo.java:updateAndGet(143)) - 6aa0834b-231e-4111-87df-6afda18d0427: start FollowerState
2019-09-09 08:10:39,000 [0a9ac026-a0ca-44a0-95ed-35416f57c02b:group-052144D24009:LeaderElection102] INFO  impl.LeaderElection (LeaderElection.java:logAndReturn(56)) - 0a9ac026-a0ca-44a0-95ed-35416f57c02b:group-052144D24009:LeaderElection102: Election PASSED; received 1 response(s) [0a9ac026-a0ca-44a0-95ed-35416f57c02b<-287b279c-f855-45a5-8b0c-56f3c92d2fe2#0:OK-t2] and 0 exception(s); 0a9ac026-a0ca-44a0-95ed-35416f57c02b:t2, leader=null, voted=0a9ac026-a0ca-44a0-95ed-35416f57c02b, raftlog=0a9ac026-a0ca-44a0-95ed-35416f57c02b-SegmentedRaftLog:OPENED:c-1,f-1,i0, conf=-1: [6aa0834b-231e-4111-87df-6afda18d0427:192.168.5.142:45430, 0a9ac026-a0ca-44a0-95ed-35416f57c02b:192.168.5.142:35360, 287b279c-f855-45a5-8b0c-56f3c92d2fe2:192.168.5.142:39938], old=null
2019-09-09 08:10:39,001 [0a9ac026-a0ca-44a0-95ed-35416f57c02b:group-052144D24009:LeaderElection102] INFO  impl.RoleInfo (RoleInfo.java:shutdownLeaderElection(134)) - 0a9ac026-a0ca-44a0-95ed-35416f57c02b: shutdown LeaderElection
2019-09-09 08:10:39,001 [0a9ac026-a0ca-44a0-95ed-35416f57c02b:group-052144D24009:LeaderElection102] INFO  impl.RaftServerImpl (RaftServerImpl.java:setRole(171)) - 0a9ac026-a0ca-44a0-95ed-35416f57c02b:group-052144D24009 changes role from CANDIDATE to LEADER at term 2 for changeToLeader
2019-09-09 08:10:39,001 [0a9ac026-a0ca-44a0-95ed-35416f57c02b:group-052144D24009:LeaderElection102] INFO  impl.RaftServerImpl (ServerState.java:setLeader(263)) - 0a9ac026-a0ca-44a0-95ed-35416f57c02b:group-052144D24009 change Leader from null to 0a9ac026-a0ca-44a0-95ed-35416f57c02b at term 2 for becomeLeader, leader elected after 10331ms
2019-09-09 08:10:39,001 [0a9ac026-a0ca-44a0-95ed-35416f57c02b:group-052144D24009:LeaderElection102] INFO  server.RaftServerConfigKeys (ConfUtils.java:logGet(43)) - raft.server.staging.catchup.gap = 1000 (default)
2019-09-09 08:10:39,001 [0a9ac026-a0ca-44a0-95ed-35416f57c02b:group-052144D24009:LeaderElection102] INFO  server.RaftServerConfigKeys (ConfUtils.java:logGet(43)) - raft.server.rpc.sleep.time = 25ms (default)
2019-09-09 08:10:39,001 [0a9ac026-a0ca-44a0-95ed-35416f57c02b:group-052144D24009:LeaderElection102] INFO  server.RaftServerConfigKeys (ConfUtils.java:logGet(43)) - raft.server.write.element-limit = 4096 (default)
2019-09-09 08:10:39,002 [0a9ac026-a0ca-44a0-95ed-35416f57c02b:group-052144D24009:LeaderElection102] INFO  server.RaftServerConfigKeys (ConfUtils.java:logGet(43)) - raft.server.watch.timeout = 10s (default)
2019-09-09 08:10:39,002 [0a9ac026-a0ca-44a0-95ed-35416f57c02b:group-052144D24009:LeaderElection102] INFO  server.RaftServerConfigKeys (ConfUtils.java:logGet(43)) - raft.server.watch.timeout.denomination = 1s (default)
2019-09-09 08:10:39,002 [0a9ac026-a0ca-44a0-95ed-35416f57c02b:group-052144D24009:LeaderElection102] INFO  server.RaftServerConfigKeys (ConfUtils.java:logGet(43)) - raft.server.watch.element-limit = 65536 (default)
2019-09-09 08:10:39,002 [0a9ac026-a0ca-44a0-95ed-35416f57c02b:group-052144D24009:LeaderElection102] INFO  server.RaftServerConfigKeys (ConfUtils.java:logGet(43)) - raft.server.log.appender.snapshot.chunk.size.max = 16MB (=16777216) (default)
2019-09-09 08:10:39,002 [0a9ac026-a0ca-44a0-95ed-35416f57c02b:group-052144D24009:LeaderElection102] INFO  server.RaftServerConfigKeys (ConfUtils.java:logGet(43)) - raft.server.log.appender.buffer.byte-limit = 33554432 (custom)
2019-09-09 08:10:39,002 [0a9ac026-a0ca-44a0-95ed-35416f57c02b:group-052144D24009:LeaderElection102] INFO  server.RaftServerConfigKeys (ConfUtils.java:logGet(43)) - raft.server.log.appender.buffer.element-limit = 1 (custom)
2019-09-09 08:10:39,003 [0a9ac026-a0ca-44a0-95ed-35416f57c02b:group-052144D24009:LeaderElection102] INFO  grpc.GrpcConfigKeys$Server (ConfUtils.java:logGet(43)) - raft.grpc.server.leader.outstanding.appends.max = 128 (default)
2019-09-09 08:10:39,003 [0a9ac026-a0ca-44a0-95ed-35416f57c02b:group-052144D24009:LeaderElection102] INFO  server.RaftServerConfigKeys (ConfUtils.java:logGet(43)) - raft.server.rpc.request.timeout = 3000ms (default)
2019-09-09 08:10:39,003 [0a9ac026-a0ca-44a0-95ed-35416f57c02b:group-052144D24009:LeaderElection102] INFO  server.RaftServerConfigKeys (ConfUtils.java:logGet(43)) - raft.server.log.appender.install.snapshot.enabled = false (custom)
2019-09-09 08:10:39,003 [0a9ac026-a0ca-44a0-95ed-35416f57c02b:group-052144D24009:LeaderElection102] INFO  server.RaftServerConfigKeys (ConfUtils.java:logGet(43)) - raft.server.log.appender.snapshot.chunk.size.max = 16MB (=16777216) (default)
2019-09-09 08:10:39,003 [0a9ac026-a0ca-44a0-95ed-35416f57c02b:group-052144D24009:LeaderElection102] INFO  server.RaftServerConfigKeys (ConfUtils.java:logGet(43)) - raft.server.log.appender.buffer.byte-limit = 33554432 (custom)
2019-09-09 08:10:39,003 [0a9ac026-a0ca-44a0-95ed-35416f57c02b:group-052144D24009:LeaderElection102] INFO  server.RaftServerConfigKeys (ConfUtils.java:logGet(43)) - raft.server.log.appender.buffer.element-limit = 1 (custom)
2019-09-09 08:10:39,004 [0a9ac026-a0ca-44a0-95ed-35416f57c02b:group-052144D24009:LeaderElection102] INFO  grpc.GrpcConfigKeys$Server (ConfUtils.java:logGet(43)) - raft.grpc.server.leader.outstanding.appends.max = 128 (default)
2019-09-09 08:10:39,004 [0a9ac026-a0ca-44a0-95ed-35416f57c02b:group-052144D24009:LeaderElection102] INFO  server.RaftServerConfigKeys (ConfUtils.java:logGet(43)) - raft.server.rpc.request.timeout = 3000ms (default)
2019-09-09 08:10:39,004 [0a9ac026-a0ca-44a0-95ed-35416f57c02b:group-052144D24009:LeaderElection102] INFO  server.RaftServerConfigKeys (ConfUtils.java:logGet(43)) - raft.server.log.appender.install.snapshot.enabled = false (custom)
2019-09-09 08:10:39,004 [0a9ac026-a0ca-44a0-95ed-35416f57c02b:group-052144D24009:LeaderElection102] INFO  impl.RoleInfo (RoleInfo.java:updateAndGet(143)) - 0a9ac026-a0ca-44a0-95ed-35416f57c02b: start LeaderState
2019-09-09 08:10:39,004 [0a9ac026-a0ca-44a0-95ed-35416f57c02b:group-052144D24009:LeaderElection102] INFO  segmented.SegmentedRaftLogWorker (SegmentedRaftLogWorker.java:startLogSegment(380)) - 0a9ac026-a0ca-44a0-95ed-35416f57c02b-SegmentedRaftLogWorker:Storage Directory /workdir/hadoop-ozone/integration-test/target/test-dir/MiniOzoneClusterImpl-550fe9fd-5f12-4795-9217-62db7b6f07fe/datanode-4/data/ratis/5989b723-4330-415e-bad5-052144d24009: Starting segment from index:0
2019-09-09 08:10:39,005 [0a9ac026-a0ca-44a0-95ed-35416f57c02b:group-052144D24009:LeaderElection102] INFO  impl.RaftServerImpl (ServerState.java:setRaftConf(361)) - 0a9ac026-a0ca-44a0-95ed-35416f57c02b:group-052144D24009 set configuration 0: [6aa0834b-231e-4111-87df-6afda18d0427:192.168.5.142:45430, 0a9ac026-a0ca-44a0-95ed-35416f57c02b:192.168.5.142:35360, 287b279c-f855-45a5-8b0c-56f3c92d2fe2:192.168.5.142:39938], old=null at 0
2019-09-09 08:10:39,006 [grpc-default-executor-6] INFO  impl.RaftServerImpl (ServerState.java:setLeader(263)) - 6aa0834b-231e-4111-87df-6afda18d0427:group-052144D24009 change Leader from null to 0a9ac026-a0ca-44a0-95ed-35416f57c02b at term 2 for appendEntries, leader elected after 10337ms
2019-09-09 08:10:39,006 [grpc-default-executor-13] INFO  impl.RaftServerImpl (ServerState.java:setLeader(263)) - 287b279c-f855-45a5-8b0c-56f3c92d2fe2:group-052144D24009 change Leader from null to 0a9ac026-a0ca-44a0-95ed-35416f57c02b at term 2 for appendEntries, leader elected after 10337ms
2019-09-09 08:10:39,009 [grpc-default-executor-6] INFO  impl.RaftServerImpl (ServerState.java:setRaftConf(361)) - 6aa0834b-231e-4111-87df-6afda18d0427:group-052144D24009 set configuration 0: [6aa0834b-231e-4111-87df-6afda18d0427:192.168.5.142:45430, 0a9ac026-a0ca-44a0-95ed-35416f57c02b:192.168.5.142:35360, 287b279c-f855-45a5-8b0c-56f3c92d2fe2:192.168.5.142:39938], old=null at 0
2019-09-09 08:10:39,009 [grpc-default-executor-13] INFO  impl.RaftServerImpl (ServerState.java:setRaftConf(361)) - 287b279c-f855-45a5-8b0c-56f3c92d2fe2:group-052144D24009 set configuration 0: [6aa0834b-231e-4111-87df-6afda18d0427:192.168.5.142:45430, 0a9ac026-a0ca-44a0-95ed-35416f57c02b:192.168.5.142:35360, 287b279c-f855-45a5-8b0c-56f3c92d2fe2:192.168.5.142:39938], old=null at 0
2019-09-09 08:10:39,009 [grpc-default-executor-6] INFO  segmented.SegmentedRaftLogWorker (SegmentedRaftLogWorker.java:startLogSegment(380)) - 6aa0834b-231e-4111-87df-6afda18d0427-SegmentedRaftLogWorker:Storage Directory /workdir/hadoop-ozone/integration-test/target/test-dir/MiniOzoneClusterImpl-550fe9fd-5f12-4795-9217-62db7b6f07fe/datanode-1/data/ratis/5989b723-4330-415e-bad5-052144d24009: Starting segment from index:0
2019-09-09 08:10:39,009 [grpc-default-executor-13] INFO  segmented.SegmentedRaftLogWorker (SegmentedRaftLogWorker.java:startLogSegment(380)) - 287b279c-f855-45a5-8b0c-56f3c92d2fe2-SegmentedRaftLogWorker:Storage Directory /workdir/hadoop-ozone/integration-test/target/test-dir/MiniOzoneClusterImpl-550fe9fd-5f12-4795-9217-62db7b6f07fe/datanode-6/data/ratis/5989b723-4330-415e-bad5-052144d24009: Starting segment from index:0
2019-09-09 08:10:39,043 [0a9ac026-a0ca-44a0-95ed-35416f57c02b-SegmentedRaftLogWorker:Storage Directory /workdir/hadoop-ozone/integration-test/target/test-dir/MiniOzoneClusterImpl-550fe9fd-5f12-4795-9217-62db7b6f07fe/datanode-4/data/ratis/5989b723-4330-415e-bad5-052144d24009] INFO  segmented.SegmentedRaftLogWorker (SegmentedRaftLogWorker.java:execute(569)) - 0a9ac026-a0ca-44a0-95ed-35416f57c02b-SegmentedRaftLogWorker:Storage Directory /workdir/hadoop-ozone/integration-test/target/test-dir/MiniOzoneClusterImpl-550fe9fd-5f12-4795-9217-62db7b6f07fe/datanode-4/data/ratis/5989b723-4330-415e-bad5-052144d24009: created new log segment /workdir/hadoop-ozone/integration-test/target/test-dir/MiniOzoneClusterImpl-550fe9fd-5f12-4795-9217-62db7b6f07fe/datanode-4/data/ratis/5989b723-4330-415e-bad5-052144d24009/current/log_inprogress_0
2019-09-09 08:10:39,054 [6aa0834b-231e-4111-87df-6afda18d0427-SegmentedRaftLogWorker:Storage Directory /workdir/hadoop-ozone/integration-test/target/test-dir/MiniOzoneClusterImpl-550fe9fd-5f12-4795-9217-62db7b6f07fe/datanode-1/data/ratis/5989b723-4330-415e-bad5-052144d24009] INFO  segmented.SegmentedRaftLogWorker (SegmentedRaftLogWorker.java:execute(569)) - 6aa0834b-231e-4111-87df-6afda18d0427-SegmentedRaftLogWorker:Storage Directory /workdir/hadoop-ozone/integration-test/target/test-dir/MiniOzoneClusterImpl-550fe9fd-5f12-4795-9217-62db7b6f07fe/datanode-1/data/ratis/5989b723-4330-415e-bad5-052144d24009: created new log segment /workdir/hadoop-ozone/integration-test/target/test-dir/MiniOzoneClusterImpl-550fe9fd-5f12-4795-9217-62db7b6f07fe/datanode-1/data/ratis/5989b723-4330-415e-bad5-052144d24009/current/log_inprogress_0
2019-09-09 08:10:39,054 [287b279c-f855-45a5-8b0c-56f3c92d2fe2-SegmentedRaftLogWorker:Storage Directory /workdir/hadoop-ozone/integration-test/target/test-dir/MiniOzoneClusterImpl-550fe9fd-5f12-4795-9217-62db7b6f07fe/datanode-6/data/ratis/5989b723-4330-415e-bad5-052144d24009] INFO  segmented.SegmentedRaftLogWorker (SegmentedRaftLogWorker.java:execute(569)) - 287b279c-f855-45a5-8b0c-56f3c92d2fe2-SegmentedRaftLogWorker:Storage Directory /workdir/hadoop-ozone/integration-test/target/test-dir/MiniOzoneClusterImpl-550fe9fd-5f12-4795-9217-62db7b6f07fe/datanode-6/data/ratis/5989b723-4330-415e-bad5-052144d24009: created new log segment /workdir/hadoop-ozone/integration-test/target/test-dir/MiniOzoneClusterImpl-550fe9fd-5f12-4795-9217-62db7b6f07fe/datanode-6/data/ratis/5989b723-4330-415e-bad5-052144d24009/current/log_inprogress_0
2019-09-09 08:10:40,003 [grpc-default-executor-13] INFO  client.GrpcClientProtocolClient (GrpcClientProtocolClient.java:onNext(255)) - client-6A1D623B0A54->0a9ac026-a0ca-44a0-95ed-35416f57c02b: receive RaftClientReply:client-6A1D623B0A54->0a9ac026-a0ca-44a0-95ed-35416f57c02b@group-052144D24009, cid=235, SUCCESS, logIndex=1, commits[0a9ac026-a0ca-44a0-95ed-35416f57c02b:c1, 6aa0834b-231e-4111-87df-6afda18d0427:c0, 287b279c-f855-45a5-8b0c-56f3c92d2fe2:c0]
2019-09-09 08:10:40,031 [grpc-default-executor-6] INFO  client.GrpcClientProtocolClient (GrpcClientProtocolClient.java:onNext(255)) - client-6A1D623B0A54->0a9ac026-a0ca-44a0-95ed-35416f57c02b: receive RaftClientReply:client-6A1D623B0A54->0a9ac026-a0ca-44a0-95ed-35416f57c02b@group-052144D24009, cid=236, SUCCESS, logIndex=3, commits[0a9ac026-a0ca-44a0-95ed-35416f57c02b:c4, 6aa0834b-231e-4111-87df-6afda18d0427:c1, 287b279c-f855-45a5-8b0c-56f3c92d2fe2:c1]
2019-09-09 08:10:40,103 [grpc-default-executor-6] INFO  client.GrpcClientProtocolClient (GrpcClientProtocolClient.java:onNext(255)) - client-6A1D623B0A54->0a9ac026-a0ca-44a0-95ed-35416f57c02b: receive RaftClientReply:client-6A1D623B0A54->0a9ac026-a0ca-44a0-95ed-35416f57c02b@group-052144D24009, cid=237, SUCCESS, logIndex=4, commits[0a9ac026-a0ca-44a0-95ed-35416f57c02b:c12, 6aa0834b-231e-4111-87df-6afda18d0427:c7, 287b279c-f855-45a5-8b0c-56f3c92d2fe2:c7]
2019-09-09 08:10:40,104 [grpc-default-executor-6] INFO  client.GrpcClientProtocolClient (GrpcClientProtocolClient.java:onNext(255)) - client-6A1D623B0A54->0a9ac026-a0ca-44a0-95ed-35416f57c02b: receive RaftClientReply:client-6A1D623B0A54->0a9ac026-a0ca-44a0-95ed-35416f57c02b@group-052144D24009, cid=238, SUCCESS, logIndex=5, commits[0a9ac026-a0ca-44a0-95ed-35416f57c02b:c12, 6aa0834b-231e-4111-87df-6afda18d0427:c7, 287b279c-f855-45a5-8b0c-56f3c92d2fe2:c7]
2019-09-09 08:10:40,105 [grpc-default-executor-6] INFO  client.GrpcClientProtocolClient (GrpcClientProtocolClient.java:onNext(255)) - client-6A1D623B0A54->0a9ac026-a0ca-44a0-95ed-35416f57c02b: receive RaftClientReply:client-6A1D623B0A54->0a9ac026-a0ca-44a0-95ed-35416f57c02b@group-052144D24009, cid=239, SUCCESS, logIndex=6, commits[0a9ac026-a0ca-44a0-95ed-35416f57c02b:c12, 6aa0834b-231e-4111-87df-6afda18d0427:c7, 287b279c-f855-45a5-8b0c-56f3c92d2fe2:c7]
2019-09-09 08:10:40,315 [grpc-default-executor-6] INFO  client.GrpcClientProtocolClient (GrpcClientProtocolClient.java:onNext(255)) - client-6A1D623B0A54->0a9ac026-a0ca-44a0-95ed-35416f57c02b: receive RaftClientReply:client-6A1D623B0A54->0a9ac026-a0ca-44a0-95ed-35416f57c02b@group-052144D24009, cid=240, SUCCESS, logIndex=7, commits[0a9ac026-a0ca-44a0-95ed-35416f57c02b:c12, 6aa0834b-231e-4111-87df-6afda18d0427:c7, 287b279c-f855-45a5-8b0c-56f3c92d2fe2:c7]
2019-09-09 08:10:40,339 [grpc-default-executor-6] INFO  client.GrpcClientProtocolClient (GrpcClientProtocolClient.java:onNext(255)) - client-6A1D623B0A54->0a9ac026-a0ca-44a0-95ed-35416f57c02b: receive RaftClientReply:client-6A1D623B0A54->0a9ac026-a0ca-44a0-95ed-35416f57c02b@group-052144D24009, cid=241, SUCCESS, logIndex=13, commits[0a9ac026-a0ca-44a0-95ed-35416f57c02b:c14, 6aa0834b-231e-4111-87df-6afda18d0427:c12, 287b279c-f855-45a5-8b0c-56f3c92d2fe2:c12]
2019-09-09 08:10:40,341 [grpc-default-executor-6] INFO  client.GrpcClientProtocolClient (GrpcClientProtocolClient.java:onNext(255)) - client-6A1D623B0A54->0a9ac026-a0ca-44a0-95ed-35416f57c02b: receive RaftClientReply:client-6A1D623B0A54->0a9ac026-a0ca-44a0-95ed-35416f57c02b@group-052144D24009, cid=242, SUCCESS, logIndex=14, commits[0a9ac026-a0ca-44a0-95ed-35416f57c02b:c14, 6aa0834b-231e-4111-87df-6afda18d0427:c12, 287b279c-f855-45a5-8b0c-56f3c92d2fe2:c12]
2019-09-09 08:10:41,344 [main] WARN  scm.XceiverClientRatis (XceiverClientRatis.java:watchForCommit(262)) - 3 way commit failed on pipeline Pipeline[ Id: 5989b723-4330-415e-bad5-052144d24009, Nodes: 0a9ac026-a0ca-44a0-95ed-35416f57c02b{ip: 192.168.5.142, host: pr-hdds-2076-zndlt-2349722852, networkLocation: /default-rack, certSerialId: null}287b279c-f855-45a5-8b0c-56f3c92d2fe2{ip: 192.168.5.142, host: pr-hdds-2076-zndlt-2349722852, networkLocation: /default-rack, certSerialId: null}6aa0834b-231e-4111-87df-6afda18d0427{ip: 192.168.5.142, host: pr-hdds-2076-zndlt-2349722852, networkLocation: /default-rack, certSerialId: null}, Type:RATIS, Factor:THREE, State:OPEN]
java.util.concurrent.TimeoutException
	at java.util.concurrent.CompletableFuture.timedGet(CompletableFuture.java:1771)
	at java.util.concurrent.CompletableFuture.get(CompletableFuture.java:1915)
	at org.apache.hadoop.hdds.scm.XceiverClientRatis.watchForCommit(XceiverClientRatis.java:259)
	at org.apache.hadoop.hdds.scm.storage.CommitWatcher.watchForCommit(CommitWatcher.java:194)
	at org.apache.hadoop.hdds.scm.storage.CommitWatcher.watchOnLastIndex(CommitWatcher.java:157)
	at org.apache.hadoop.hdds.scm.storage.BlockOutputStream.watchForCommit(BlockOutputStream.java:347)
	at org.apache.hadoop.hdds.scm.storage.BlockOutputStream.handleFlush(BlockOutputStream.java:479)
	at org.apache.hadoop.hdds.scm.storage.BlockOutputStream.flush(BlockOutputStream.java:428)
	at org.apache.hadoop.ozone.client.io.BlockOutputStreamEntry.flush(BlockOutputStreamEntry.java:136)
	at org.apache.hadoop.ozone.client.io.KeyOutputStream.handleFlushOrClose(KeyOutputStream.java:442)
	at org.apache.hadoop.ozone.client.io.KeyOutputStream.flush(KeyOutputStream.java:396)
	at org.apache.hadoop.ozone.client.io.OzoneOutputStream.flush(OzoneOutputStream.java:54)
	at org.apache.hadoop.ozone.client.rpc.TestBlockOutputStreamWithFailures.testWatchForCommitWithCloseContainerException(TestBlockOutputStreamWithFailures.java:190)
	at sun.reflect.NativeMethodAccessorImpl.invoke0(Native Method)
	at sun.reflect.NativeMethodAccessorImpl.invoke(NativeMethodAccessorImpl.java:62)
	at sun.reflect.DelegatingMethodAccessorImpl.invoke(DelegatingMethodAccessorImpl.java:43)
	at java.lang.reflect.Method.invoke(Method.java:498)
	at org.junit.runners.model.FrameworkMethod$1.runReflectiveCall(FrameworkMethod.java:47)
	at org.junit.internal.runners.model.ReflectiveCallable.run(ReflectiveCallable.java:12)
	at org.junit.runners.model.FrameworkMethod.invokeExplosively(FrameworkMethod.java:44)
	at org.junit.internal.runners.statements.InvokeMethod.evaluate(InvokeMethod.java:17)
	at org.junit.internal.runners.statements.RunBefores.evaluate(RunBefores.java:26)
	at org.junit.internal.runners.statements.RunAfters.evaluate(RunAfters.java:27)
	at org.junit.runners.ParentRunner.runLeaf(ParentRunner.java:271)
	at org.junit.runners.BlockJUnit4ClassRunner.runChild(BlockJUnit4ClassRunner.java:70)
	at org.junit.runners.BlockJUnit4ClassRunner.runChild(BlockJUnit4ClassRunner.java:50)
	at org.junit.runners.ParentRunner$3.run(ParentRunner.java:238)
	at org.junit.runners.ParentRunner$1.schedule(ParentRunner.java:63)
	at org.junit.runners.ParentRunner.runChildren(ParentRunner.java:236)
	at org.junit.runners.ParentRunner.access$000(ParentRunner.java:53)
	at org.junit.runners.ParentRunner$2.evaluate(ParentRunner.java:229)
	at org.junit.runners.ParentRunner.run(ParentRunner.java:309)
	at org.apache.maven.surefire.junit4.JUnit4Provider.execute(JUnit4Provider.java:365)
	at org.apache.maven.surefire.junit4.JUnit4Provider.executeWithRerun(JUnit4Provider.java:273)
	at org.apache.maven.surefire.junit4.JUnit4Provider.executeTestSet(JUnit4Provider.java:238)
	at org.apache.maven.surefire.junit4.JUnit4Provider.invoke(JUnit4Provider.java:159)
	at org.apache.maven.surefire.booter.ForkedBooter.invokeProviderInSameClassLoader(ForkedBooter.java:384)
	at org.apache.maven.surefire.booter.ForkedBooter.runSuitesInProcess(ForkedBooter.java:345)
	at org.apache.maven.surefire.booter.ForkedBooter.execute(ForkedBooter.java:126)
	at org.apache.maven.surefire.booter.ForkedBooter.main(ForkedBooter.java:418)
2019-09-09 08:10:42,347 [main] WARN  storage.CommitWatcher (CommitWatcher.java:watchForCommit(203)) - watchForCommit failed for index 14
java.util.concurrent.TimeoutException
	at java.util.concurrent.CompletableFuture.timedGet(CompletableFuture.java:1771)
	at java.util.concurrent.CompletableFuture.get(CompletableFuture.java:1915)
	at org.apache.hadoop.hdds.scm.XceiverClientRatis.watchForCommit(XceiverClientRatis.java:268)
	at org.apache.hadoop.hdds.scm.storage.CommitWatcher.watchForCommit(CommitWatcher.java:194)
	at org.apache.hadoop.hdds.scm.storage.CommitWatcher.watchOnLastIndex(CommitWatcher.java:157)
	at org.apache.hadoop.hdds.scm.storage.BlockOutputStream.watchForCommit(BlockOutputStream.java:347)
	at org.apache.hadoop.hdds.scm.storage.BlockOutputStream.handleFlush(BlockOutputStream.java:479)
	at org.apache.hadoop.hdds.scm.storage.BlockOutputStream.flush(BlockOutputStream.java:428)
	at org.apache.hadoop.ozone.client.io.BlockOutputStreamEntry.flush(BlockOutputStreamEntry.java:136)
	at org.apache.hadoop.ozone.client.io.KeyOutputStream.handleFlushOrClose(KeyOutputStream.java:442)
	at org.apache.hadoop.ozone.client.io.KeyOutputStream.flush(KeyOutputStream.java:396)
	at org.apache.hadoop.ozone.client.io.OzoneOutputStream.flush(OzoneOutputStream.java:54)
	at org.apache.hadoop.ozone.client.rpc.TestBlockOutputStreamWithFailures.testWatchForCommitWithCloseContainerException(TestBlockOutputStreamWithFailures.java:190)
	at sun.reflect.NativeMethodAccessorImpl.invoke0(Native Method)
	at sun.reflect.NativeMethodAccessorImpl.invoke(NativeMethodAccessorImpl.java:62)
	at sun.reflect.DelegatingMethodAccessorImpl.invoke(DelegatingMethodAccessorImpl.java:43)
	at java.lang.reflect.Method.invoke(Method.java:498)
	at org.junit.runners.model.FrameworkMethod$1.runReflectiveCall(FrameworkMethod.java:47)
	at org.junit.internal.runners.model.ReflectiveCallable.run(ReflectiveCallable.java:12)
	at org.junit.runners.model.FrameworkMethod.invokeExplosively(FrameworkMethod.java:44)
	at org.junit.internal.runners.statements.InvokeMethod.evaluate(InvokeMethod.java:17)
	at org.junit.internal.runners.statements.RunBefores.evaluate(RunBefores.java:26)
	at org.junit.internal.runners.statements.RunAfters.evaluate(RunAfters.java:27)
	at org.junit.runners.ParentRunner.runLeaf(ParentRunner.java:271)
	at org.junit.runners.BlockJUnit4ClassRunner.runChild(BlockJUnit4ClassRunner.java:70)
	at org.junit.runners.BlockJUnit4ClassRunner.runChild(BlockJUnit4ClassRunner.java:50)
	at org.junit.runners.ParentRunner$3.run(ParentRunner.java:238)
	at org.junit.runners.ParentRunner$1.schedule(ParentRunner.java:63)
	at org.junit.runners.ParentRunner.runChildren(ParentRunner.java:236)
	at org.junit.runners.ParentRunner.access$000(ParentRunner.java:53)
	at org.junit.runners.ParentRunner$2.evaluate(ParentRunner.java:229)
	at org.junit.runners.ParentRunner.run(ParentRunner.java:309)
	at org.apache.maven.surefire.junit4.JUnit4Provider.execute(JUnit4Provider.java:365)
	at org.apache.maven.surefire.junit4.JUnit4Provider.executeWithRerun(JUnit4Provider.java:273)
	at org.apache.maven.surefire.junit4.JUnit4Provider.executeTestSet(JUnit4Provider.java:238)
	at org.apache.maven.surefire.junit4.JUnit4Provider.invoke(JUnit4Provider.java:159)
	at org.apache.maven.surefire.booter.ForkedBooter.invokeProviderInSameClassLoader(ForkedBooter.java:384)
	at org.apache.maven.surefire.booter.ForkedBooter.runSuitesInProcess(ForkedBooter.java:345)
	at org.apache.maven.surefire.booter.ForkedBooter.execute(ForkedBooter.java:126)
	at org.apache.maven.surefire.booter.ForkedBooter.main(ForkedBooter.java:418)
2019-09-09 08:10:42,348 [main] WARN  io.KeyOutputStream (KeyOutputStream.java:handleException(276)) - Encountered exception java.io.IOException: Unexpected Storage Container Exception: java.io.IOException: Unexpected Storage Container Exception: java.util.concurrent.TimeoutException on the pipeline Pipeline[ Id: 5989b723-4330-415e-bad5-052144d24009, Nodes: 0a9ac026-a0ca-44a0-95ed-35416f57c02b{ip: 192.168.5.142, host: pr-hdds-2076-zndlt-2349722852, networkLocation: /default-rack, certSerialId: null}287b279c-f855-45a5-8b0c-56f3c92d2fe2{ip: 192.168.5.142, host: pr-hdds-2076-zndlt-2349722852, networkLocation: /default-rack, certSerialId: null}6aa0834b-231e-4111-87df-6afda18d0427{ip: 192.168.5.142, host: pr-hdds-2076-zndlt-2349722852, networkLocation: /default-rack, certSerialId: null}, Type:RATIS, Factor:THREE, State:OPEN]. The last committed block length is 400, uncommitted data length is 50 retry count 0
2019-09-09 08:10:42,407 [grpc-default-executor-0] INFO  client.GrpcClientProtocolClient (GrpcClientProtocolClient.java:onNext(255)) - client-CCEC6E602C5C->350e76c6-83a1-4611-85eb-62f03c20ce37: receive RaftClientReply:client-CCEC6E602C5C->350e76c6-83a1-4611-85eb-62f03c20ce37@group-51F41B8144FD, cid=245, FAILED org.apache.ratis.protocol.NotLeaderException: Server 350e76c6-83a1-4611-85eb-62f03c20ce37 is not the leader (d5239ec2-78a2-4cd1-a8eb-80aa9cb2f2f7:192.168.5.142:40637). Request must be sent to leader., logIndex=0, commits[350e76c6-83a1-4611-85eb-62f03c20ce37:c0, d5239ec2-78a2-4cd1-a8eb-80aa9cb2f2f7:c0, f0b1dae6-f321-4e50-a03e-542d768699a7:c-1]
2019-09-09 08:10:42,599 [grpc-default-executor-6] INFO  client.GrpcClientProtocolClient (GrpcClientProtocolClient.java:onNext(255)) - client-CCEC6E602C5C->d5239ec2-78a2-4cd1-a8eb-80aa9cb2f2f7: receive RaftClientReply:client-CCEC6E602C5C->d5239ec2-78a2-4cd1-a8eb-80aa9cb2f2f7@group-51F41B8144FD, cid=245, SUCCESS, logIndex=1, commits[d5239ec2-78a2-4cd1-a8eb-80aa9cb2f2f7:c1, 350e76c6-83a1-4611-85eb-62f03c20ce37:c0, f0b1dae6-f321-4e50-a03e-542d768699a7:c0]
2019-09-09 08:10:42,668 [grpc-default-executor-0] INFO  client.GrpcClientProtocolClient (GrpcClientProtocolClient.java:onNext(255)) - client-CCEC6E602C5C->d5239ec2-78a2-4cd1-a8eb-80aa9cb2f2f7: receive RaftClientReply:client-CCEC6E602C5C->d5239ec2-78a2-4cd1-a8eb-80aa9cb2f2f7@group-51F41B8144FD, cid=246, SUCCESS, logIndex=3, commits[d5239ec2-78a2-4cd1-a8eb-80aa9cb2f2f7:c4, 350e76c6-83a1-4611-85eb-62f03c20ce37:c3, f0b1dae6-f321-4e50-a03e-542d768699a7:c3]
2019-09-09 08:10:42,670 [main] INFO  ozone.MiniOzoneClusterImpl (MiniOzoneClusterImpl.java:shutdown(307)) - Shutting down the Mini Ozone Cluster
2019-09-09 08:10:42,670 [main] INFO  ozone.MiniOzoneClusterImpl (MiniOzoneClusterImpl.java:stop(322)) - Stopping the Mini Ozone Cluster
2019-09-09 08:10:42,670 [main] INFO  ozone.MiniOzoneClusterImpl (MiniOzoneClusterImpl.java:stop(324)) - Stopping the OzoneManager
2019-09-09 08:10:42,670 [main] INFO  ipc.Server (Server.java:stop(3082)) - Stopping server on 43639
2019-09-09 08:10:42,683 [IPC Server listener on 43639] INFO  ipc.Server (Server.java:run(1185)) - Stopping IPC Server listener on 43639
2019-09-09 08:10:42,686 [main] INFO  ratis.OzoneManagerDoubleBuffer (OzoneManagerDoubleBuffer.java:stop(248)) - Stopping OMDoubleBuffer flush thread
2019-09-09 08:10:42,686 [IPC Server Responder] INFO  ipc.Server (Server.java:run(1319)) - Stopping IPC Server Responder
2019-09-09 08:10:42,694 [OMDoubleBufferFlushThread] INFO  ratis.OzoneManagerDoubleBuffer (OzoneManagerDoubleBuffer.java:flushTransactions(191)) - OMDoubleBuffer flush thread OMDoubleBufferFlushThread is interrupted and will exit. OMDoubleBufferFlushThread
2019-09-09 08:10:42,705 [main] INFO  utils.BackgroundService (BackgroundService.java:shutdown(148)) - Shutting down service KeyDeletingService
2019-09-09 08:10:42,706 [main] INFO  handler.ContextHandler (ContextHandler.java:doStop(910)) - Stopped o.e.j.w.WebAppContext@11c7a0b4{/,null,UNAVAILABLE}{/ozoneManager}
2019-09-09 08:10:42,707 [main] INFO  server.AbstractConnector (AbstractConnector.java:doStop(318)) - Stopped ServerConnector@75ed125a{HTTP/1.1,[http/1.1]}{0.0.0.0:0}
2019-09-09 08:10:42,707 [main] INFO  handler.ContextHandler (ContextHandler.java:doStop(910)) - Stopped o.e.j.s.ServletContextHandler@67e77f52{/static,file:///workdir/hadoop-ozone/integration-test/target/test-classes/webapps/static,UNAVAILABLE}
2019-09-09 08:10:42,708 [main] INFO  handler.ContextHandler (ContextHandler.java:doStop(910)) - Stopped o.e.j.s.ServletContextHandler@7cd3e0da{/logs,file:///workdir/hadoop-ozone/integration-test/target/log,UNAVAILABLE}
2019-09-09 08:10:42,711 [main] INFO  ozone.MiniOzoneClusterImpl (MiniOzoneClusterImpl.java:stop(330)) - Shutting the HddsDatanodes
2019-09-09 08:10:42,859 [grpc-default-executor-6] INFO  client.GrpcClientProtocolClient (GrpcClientProtocolClient.java:onNext(255)) - client-6A1D623B0A54->0a9ac026-a0ca-44a0-95ed-35416f57c02b: receive RaftClientReply:client-6A1D623B0A54->0a9ac026-a0ca-44a0-95ed-35416f57c02b@group-052144D24009, cid=244, SUCCESS, logIndex=0, commits[0a9ac026-a0ca-44a0-95ed-35416f57c02b:c16, 6aa0834b-231e-4111-87df-6afda18d0427:c12, 287b279c-f855-45a5-8b0c-56f3c92d2fe2:c16]
2019-09-09 08:10:42,859 [grpc-default-executor-6] INFO  client.GrpcClientProtocolClient (GrpcClientProtocolClient.java:onNext(255)) - client-6A1D623B0A54->0a9ac026-a0ca-44a0-95ed-35416f57c02b: receive RaftClientReply:client-6A1D623B0A54->0a9ac026-a0ca-44a0-95ed-35416f57c02b@group-052144D24009, cid=243, SUCCESS, logIndex=0, commits[0a9ac026-a0ca-44a0-95ed-35416f57c02b:c16, 6aa0834b-231e-4111-87df-6afda18d0427:c16, 287b279c-f855-45a5-8b0c-56f3c92d2fe2:c16]
2019-09-09 08:10:42,982 [Datanode State Machine Thread - 0] INFO  statemachine.DatanodeStateMachine (DatanodeStateMachine.java:lambda$startDaemon$0(350)) - Ozone container server started.
2019-09-09 08:10:42,982 [Datanode State Machine Thread - 0] INFO  statemachine.DatanodeStateMachine (DatanodeStateMachine.java:lambda$startDaemon$0(350)) - Ozone container server started.
2019-09-09 08:10:47,000 [EventQueue-StaleNodeForStaleNodeHandler] INFO  node.StaleNodeHandler (StaleNodeHandler.java:onMessage(58)) - Datanode 0a9ac026-a0ca-44a0-95ed-35416f57c02b{ip: 192.168.5.142, host: pr-hdds-2076-zndlt-2349722852, networkLocation: /default-rack, certSerialId: null} moved to stale state. Finalizing its pipelines [PipelineID=ba7a6171-3167-4310-9500-82725d438f08, PipelineID=5989b723-4330-415e-bad5-052144d24009]
2019-09-09 08:10:47,001 [EventQueue-StaleNodeForStaleNodeHandler] INFO  pipeline.SCMPipelineManager (SCMPipelineManager.java:finalizeAndDestroyPipeline(311)) - destroying pipeline:Pipeline[ Id: ba7a6171-3167-4310-9500-82725d438f08, Nodes: 0a9ac026-a0ca-44a0-95ed-35416f57c02b{ip: 192.168.5.142, host: pr-hdds-2076-zndlt-2349722852, networkLocation: /default-rack, certSerialId: null}, Type:RATIS, Factor:ONE, State:OPEN]
2019-09-09 08:10:47,001 [EventQueue-StaleNodeForStaleNodeHandler] INFO  pipeline.PipelineStateManager (PipelineStateManager.java:finalizePipeline(123)) - Pipeline Pipeline[ Id: ba7a6171-3167-4310-9500-82725d438f08, Nodes: 0a9ac026-a0ca-44a0-95ed-35416f57c02b{ip: 192.168.5.142, host: pr-hdds-2076-zndlt-2349722852, networkLocation: /default-rack, certSerialId: null}, Type:RATIS, Factor:ONE, State:CLOSED] moved to CLOSED state
2019-09-09 08:10:47,001 [EventQueue-StaleNodeForStaleNodeHandler] INFO  pipeline.SCMPipelineManager (SCMPipelineManager.java:finalizeAndDestroyPipeline(311)) - destroying pipeline:Pipeline[ Id: 5989b723-4330-415e-bad5-052144d24009, Nodes: 0a9ac026-a0ca-44a0-95ed-35416f57c02b{ip: 192.168.5.142, host: pr-hdds-2076-zndlt-2349722852, networkLocation: /default-rack, certSerialId: null}287b279c-f855-45a5-8b0c-56f3c92d2fe2{ip: 192.168.5.142, host: pr-hdds-2076-zndlt-2349722852, networkLocation: /default-rack, certSerialId: null}6aa0834b-231e-4111-87df-6afda18d0427{ip: 192.168.5.142, host: pr-hdds-2076-zndlt-2349722852, networkLocation: /default-rack, certSerialId: null}, Type:RATIS, Factor:THREE, State:OPEN]
2019-09-09 08:10:47,001 [EventQueue-StaleNodeForStaleNodeHandler] INFO  pipeline.PipelineStateManager (PipelineStateManager.java:finalizePipeline(123)) - Pipeline Pipeline[ Id: 5989b723-4330-415e-bad5-052144d24009, Nodes: 0a9ac026-a0ca-44a0-95ed-35416f57c02b{ip: 192.168.5.142, host: pr-hdds-2076-zndlt-2349722852, networkLocation: /default-rack, certSerialId: null}287b279c-f855-45a5-8b0c-56f3c92d2fe2{ip: 192.168.5.142, host: pr-hdds-2076-zndlt-2349722852, networkLocation: /default-rack, certSerialId: null}6aa0834b-231e-4111-87df-6afda18d0427{ip: 192.168.5.142, host: pr-hdds-2076-zndlt-2349722852, networkLocation: /default-rack, certSerialId: null}, Type:RATIS, Factor:THREE, State:CLOSED] moved to CLOSED state
2019-09-09 08:10:47,002 [EventQueue-StaleNodeForStaleNodeHandler] INFO  node.StaleNodeHandler (StaleNodeHandler.java:onMessage(58)) - Datanode 6aa0834b-231e-4111-87df-6afda18d0427{ip: 192.168.5.142, host: pr-hdds-2076-zndlt-2349722852, networkLocation: /default-rack, certSerialId: null} moved to stale state. Finalizing its pipelines [PipelineID=fb91304e-128f-4961-bf6b-9109e46191b7, PipelineID=5989b723-4330-415e-bad5-052144d24009]
2019-09-09 08:10:47,002 [EventQueue-CloseContainerForCloseContainerEventHandler] INFO  container.CloseContainerEventHandler (CloseContainerEventHandler.java:onMessage(61)) - Close container Event triggered for container : #1
2019-09-09 08:10:47,002 [EventQueue-StaleNodeForStaleNodeHandler] INFO  pipeline.SCMPipelineManager (SCMPipelineManager.java:finalizeAndDestroyPipeline(311)) - destroying pipeline:Pipeline[ Id: fb91304e-128f-4961-bf6b-9109e46191b7, Nodes: 6aa0834b-231e-4111-87df-6afda18d0427{ip: 192.168.5.142, host: pr-hdds-2076-zndlt-2349722852, networkLocation: /default-rack, certSerialId: null}, Type:RATIS, Factor:ONE, State:OPEN]
2019-09-09 08:10:47,002 [EventQueue-StaleNodeForStaleNodeHandler] INFO  pipeline.PipelineStateManager (PipelineStateManager.java:finalizePipeline(123)) - Pipeline Pipeline[ Id: fb91304e-128f-4961-bf6b-9109e46191b7, Nodes: 6aa0834b-231e-4111-87df-6afda18d0427{ip: 192.168.5.142, host: pr-hdds-2076-zndlt-2349722852, networkLocation: /default-rack, certSerialId: null}, Type:RATIS, Factor:ONE, State:CLOSED] moved to CLOSED state
2019-09-09 08:10:47,003 [EventQueue-StaleNodeForStaleNodeHandler] INFO  pipeline.SCMPipelineManager (SCMPipelineManager.java:finalizeAndDestroyPipeline(311)) - destroying pipeline:Pipeline[ Id: 5989b723-4330-415e-bad5-052144d24009, Nodes: 0a9ac026-a0ca-44a0-95ed-35416f57c02b{ip: 192.168.5.142, host: pr-hdds-2076-zndlt-2349722852, networkLocation: /default-rack, certSerialId: null}287b279c-f855-45a5-8b0c-56f3c92d2fe2{ip: 192.168.5.142, host: pr-hdds-2076-zndlt-2349722852, networkLocation: /default-rack, certSerialId: null}6aa0834b-231e-4111-87df-6afda18d0427{ip: 192.168.5.142, host: pr-hdds-2076-zndlt-2349722852, networkLocation: /default-rack, certSerialId: null}, Type:RATIS, Factor:THREE, State:CLOSED]
2019-09-09 08:10:47,712 [ForkJoinPool.commonPool-worker-0] INFO  ozoneimpl.OzoneContainer (OzoneContainer.java:stop(230)) - Attempting to stop container services.
2019-09-09 08:10:47,712 [main] INFO  ozoneimpl.OzoneContainer (OzoneContainer.java:stop(230)) - Attempting to stop container services.
2019-09-09 08:10:47,713 [ForkJoinPool.commonPool-worker-0] INFO  impl.RaftServerProxy (RaftServerProxy.java:lambda$close$4(314)) - 6aa0834b-231e-4111-87df-6afda18d0427: close
2019-09-09 08:10:47,713 [main] INFO  impl.RaftServerProxy (RaftServerProxy.java:lambda$close$4(314)) - 0a9ac026-a0ca-44a0-95ed-35416f57c02b: close
2019-09-09 08:10:47,713 [ForkJoinPool.commonPool-worker-0] INFO  impl.RaftServerImpl (RaftServerImpl.java:lambda$shutdown$3(245)) - 6aa0834b-231e-4111-87df-6afda18d0427: shutdown group-9109E46191B7
2019-09-09 08:10:47,713 [main] INFO  impl.RaftServerImpl (RaftServerImpl.java:lambda$shutdown$3(245)) - 0a9ac026-a0ca-44a0-95ed-35416f57c02b: shutdown group-82725D438F08
2019-09-09 08:10:47,714 [ForkJoinPool.commonPool-worker-0] INFO  util.JmxRegister (JmxRegister.java:unregister(73)) - Successfully un-registered JMX Bean with object name Ratis:service=RaftServer,group=group-9109E46191B7,id=6aa0834b-231e-4111-87df-6afda18d0427
2019-09-09 08:10:47,714 [main] INFO  util.JmxRegister (JmxRegister.java:unregister(73)) - Successfully un-registered JMX Bean with object name Ratis:service=RaftServer,group=group-82725D438F08,id=0a9ac026-a0ca-44a0-95ed-35416f57c02b
2019-09-09 08:10:47,715 [main] INFO  impl.RoleInfo (RoleInfo.java:shutdownLeaderState(104)) - 0a9ac026-a0ca-44a0-95ed-35416f57c02b: shutdown LeaderState
2019-09-09 08:10:47,715 [ForkJoinPool.commonPool-worker-0] INFO  impl.RoleInfo (RoleInfo.java:shutdownLeaderState(104)) - 6aa0834b-231e-4111-87df-6afda18d0427: shutdown LeaderState
2019-09-09 08:10:47,716 [main] INFO  impl.PendingRequests (PendingRequests.java:sendNotLeaderResponses(202)) - 0a9ac026-a0ca-44a0-95ed-35416f57c02b-PendingRequests: sendNotLeaderResponses
2019-09-09 08:10:47,716 [ForkJoinPool.commonPool-worker-0] INFO  impl.PendingRequests (PendingRequests.java:sendNotLeaderResponses(202)) - 6aa0834b-231e-4111-87df-6afda18d0427-PendingRequests: sendNotLeaderResponses
2019-09-09 08:10:47,716 [main] INFO  impl.StateMachineUpdater (StateMachineUpdater.java:stopAndJoin(115)) - StateMachineUpdater:0a9ac026-a0ca-44a0-95ed-35416f57c02b:group-82725D438F08: set stopIndex = 0
2019-09-09 08:10:47,717 [ForkJoinPool.commonPool-worker-0] INFO  impl.StateMachineUpdater (StateMachineUpdater.java:stopAndJoin(115)) - StateMachineUpdater:6aa0834b-231e-4111-87df-6afda18d0427:group-9109E46191B7: set stopIndex = 0
2019-09-09 08:10:47,717 [main] INFO  impl.RaftServerImpl (ServerState.java:close(394)) - 0a9ac026-a0ca-44a0-95ed-35416f57c02b:group-82725D438F08 closes. The last applied log index is 0
2019-09-09 08:10:47,718 [ForkJoinPool.commonPool-worker-0] INFO  impl.RaftServerImpl (ServerState.java:close(394)) - 6aa0834b-231e-4111-87df-6afda18d0427:group-9109E46191B7 closes. The last applied log index is 0
2019-09-09 08:10:47,718 [0a9ac026-a0ca-44a0-95ed-35416f57c02b-SegmentedRaftLogWorker:Storage Directory /workdir/hadoop-ozone/integration-test/target/test-dir/MiniOzoneClusterImpl-550fe9fd-5f12-4795-9217-62db7b6f07fe/datanode-4/data/ratis/ba7a6171-3167-4310-9500-82725d438f08] INFO  segmented.SegmentedRaftLogWorker (SegmentedRaftLogWorker.java:run(313)) - 0a9ac026-a0ca-44a0-95ed-35416f57c02b-SegmentedRaftLogWorker:Storage Directory /workdir/hadoop-ozone/integration-test/target/test-dir/MiniOzoneClusterImpl-550fe9fd-5f12-4795-9217-62db7b6f07fe/datanode-4/data/ratis/ba7a6171-3167-4310-9500-82725d438f08 was interrupted, exiting. There are 0 tasks remaining in the queue.
2019-09-09 08:10:47,718 [6aa0834b-231e-4111-87df-6afda18d0427-SegmentedRaftLogWorker:Storage Directory /workdir/hadoop-ozone/integration-test/target/test-dir/MiniOzoneClusterImpl-550fe9fd-5f12-4795-9217-62db7b6f07fe/datanode-1/data/ratis/fb91304e-128f-4961-bf6b-9109e46191b7] INFO  segmented.SegmentedRaftLogWorker (SegmentedRaftLogWorker.java:run(313)) - 6aa0834b-231e-4111-87df-6afda18d0427-SegmentedRaftLogWorker:Storage Directory /workdir/hadoop-ozone/integration-test/target/test-dir/MiniOzoneClusterImpl-550fe9fd-5f12-4795-9217-62db7b6f07fe/datanode-1/data/ratis/fb91304e-128f-4961-bf6b-9109e46191b7 was interrupted, exiting. There are 0 tasks remaining in the queue.
2019-09-09 08:10:47,722 [main] INFO  segmented.SegmentedRaftLogWorker (SegmentedRaftLogWorker.java:close(228)) - 0a9ac026-a0ca-44a0-95ed-35416f57c02b-SegmentedRaftLogWorker:Storage Directory /workdir/hadoop-ozone/integration-test/target/test-dir/MiniOzoneClusterImpl-550fe9fd-5f12-4795-9217-62db7b6f07fe/datanode-4/data/ratis/ba7a6171-3167-4310-9500-82725d438f08 close()
2019-09-09 08:10:47,725 [ForkJoinPool.commonPool-worker-0] INFO  segmented.SegmentedRaftLogWorker (SegmentedRaftLogWorker.java:close(228)) - 6aa0834b-231e-4111-87df-6afda18d0427-SegmentedRaftLogWorker:Storage Directory /workdir/hadoop-ozone/integration-test/target/test-dir/MiniOzoneClusterImpl-550fe9fd-5f12-4795-9217-62db7b6f07fe/datanode-1/data/ratis/fb91304e-128f-4961-bf6b-9109e46191b7 close()
2019-09-09 08:10:47,730 [main] INFO  impl.RaftServerImpl (RaftServerImpl.java:lambda$shutdown$3(245)) - 0a9ac026-a0ca-44a0-95ed-35416f57c02b: shutdown group-052144D24009
2019-09-09 08:10:47,751 [ForkJoinPool.commonPool-worker-0] INFO  impl.RaftServerImpl (RaftServerImpl.java:lambda$shutdown$3(245)) - 6aa0834b-231e-4111-87df-6afda18d0427: shutdown group-052144D24009
2019-09-09 08:10:47,752 [main] INFO  util.JmxRegister (JmxRegister.java:unregister(73)) - Successfully un-registered JMX Bean with object name Ratis:service=RaftServer,group=group-052144D24009,id=0a9ac026-a0ca-44a0-95ed-35416f57c02b
2019-09-09 08:10:47,752 [ForkJoinPool.commonPool-worker-0] INFO  util.JmxRegister (JmxRegister.java:unregister(73)) - Successfully un-registered JMX Bean with object name Ratis:service=RaftServer,group=group-052144D24009,id=6aa0834b-231e-4111-87df-6afda18d0427
2019-09-09 08:10:47,752 [main] INFO  impl.RoleInfo (RoleInfo.java:shutdownLeaderState(104)) - 0a9ac026-a0ca-44a0-95ed-35416f57c02b: shutdown LeaderState
2019-09-09 08:10:47,753 [ForkJoinPool.commonPool-worker-0] INFO  impl.RoleInfo (RoleInfo.java:shutdownFollowerState(121)) - 6aa0834b-231e-4111-87df-6afda18d0427: shutdown FollowerState
2019-09-09 08:10:47,757 [org.apache.ratis.server.impl.LogAppender$AppenderDaemon$$Lambda$500/1715134470@14979081] WARN  server.GrpcLogAppender (GrpcLogAppender.java:mayWait(143)) - GrpcLogAppender(0a9ac026-a0ca-44a0-95ed-35416f57c02b->6aa0834b-231e-4111-87df-6afda18d0427): Wait interrupted by java.lang.InterruptedException
2019-09-09 08:10:47,757 [ForkJoinPool.commonPool-worker-0] INFO  impl.StateMachineUpdater (StateMachineUpdater.java:stopAndJoin(115)) - StateMachineUpdater:6aa0834b-231e-4111-87df-6afda18d0427:group-052144D24009: set stopIndex = 16
2019-09-09 08:10:47,757 [main] INFO  impl.PendingRequests (PendingRequests.java:sendNotLeaderResponses(202)) - 0a9ac026-a0ca-44a0-95ed-35416f57c02b-PendingRequests: sendNotLeaderResponses
2019-09-09 08:10:47,757 [org.apache.ratis.server.impl.LogAppender$AppenderDaemon$$Lambda$500/1715134470@51951c77] WARN  server.GrpcLogAppender (GrpcLogAppender.java:mayWait(143)) - GrpcLogAppender(0a9ac026-a0ca-44a0-95ed-35416f57c02b->287b279c-f855-45a5-8b0c-56f3c92d2fe2): Wait interrupted by java.lang.InterruptedException
2019-09-09 08:10:47,758 [grpc-default-executor-6] INFO  server.GrpcServerProtocolService (GrpcServerProtocolService.java:onCompleted(104)) - 6aa0834b-231e-4111-87df-6afda18d0427: appendEntries completed
2019-09-09 08:10:47,758 [StateMachineUpdater:6aa0834b-231e-4111-87df-6afda18d0427:group-052144D24009] INFO  ratis.ContainerStateMachine (ContainerStateMachine.java:takeSnapshot(284)) - group-052144D24009: Taking a snapshot at:(t:2, i:16) file /workdir/hadoop-ozone/integration-test/target/test-dir/MiniOzoneClusterImpl-550fe9fd-5f12-4795-9217-62db7b6f07fe/datanode-1/data/ratis/5989b723-4330-415e-bad5-052144d24009/sm/snapshot.2_16
2019-09-09 08:10:47,758 [Thread-4518] INFO  impl.FollowerState (FollowerState.java:run(114)) - 6aa0834b-231e-4111-87df-6afda18d0427: FollowerState was interrupted: java.lang.InterruptedException: sleep interrupted
2019-09-09 08:10:47,762 [grpc-default-executor-0] INFO  server.GrpcServerProtocolService (GrpcServerProtocolService.java:onCompleted(104)) - 287b279c-f855-45a5-8b0c-56f3c92d2fe2: appendEntries completed
2019-09-09 08:10:47,762 [StateMachineUpdater:0a9ac026-a0ca-44a0-95ed-35416f57c02b:group-052144D24009] INFO  ratis.ContainerStateMachine (ContainerStateMachine.java:takeSnapshot(284)) - group-052144D24009: Taking a snapshot at:(t:2, i:14) file /workdir/hadoop-ozone/integration-test/target/test-dir/MiniOzoneClusterImpl-550fe9fd-5f12-4795-9217-62db7b6f07fe/datanode-4/data/ratis/5989b723-4330-415e-bad5-052144d24009/sm/snapshot.2_14
2019-09-09 08:10:47,762 [main] INFO  impl.StateMachineUpdater (StateMachineUpdater.java:stopAndJoin(115)) - StateMachineUpdater:0a9ac026-a0ca-44a0-95ed-35416f57c02b:group-052144D24009: set stopIndex = 16
2019-09-09 08:10:47,766 [grpc-default-executor-0] INFO  server.GrpcLogAppender (GrpcLogAppender.java:onCompleted(292)) - 0a9ac026-a0ca-44a0-95ed-35416f57c02b->287b279c-f855-45a5-8b0c-56f3c92d2fe2: follower responses appendEntries COMPLETED
2019-09-09 08:10:47,765 [grpc-default-executor-12] INFO  server.GrpcLogAppender (GrpcLogAppender.java:onCompleted(292)) - 0a9ac026-a0ca-44a0-95ed-35416f57c02b->6aa0834b-231e-4111-87df-6afda18d0427: follower responses appendEntries COMPLETED
2019-09-09 08:10:47,766 [grpc-default-executor-0] INFO  impl.FollowerInfo (FollowerInfo.java:lambda$new$0(50)) - 0a9ac026-a0ca-44a0-95ed-35416f57c02b->287b279c-f855-45a5-8b0c-56f3c92d2fe2: nextIndex: updateUnconditionally 17 -> 16
2019-09-09 08:10:47,767 [grpc-default-executor-12] INFO  impl.FollowerInfo (FollowerInfo.java:lambda$new$0(50)) - 0a9ac026-a0ca-44a0-95ed-35416f57c02b->6aa0834b-231e-4111-87df-6afda18d0427: nextIndex: updateUnconditionally 17 -> 16
2019-09-09 08:10:47,796 [StateMachineUpdater:6aa0834b-231e-4111-87df-6afda18d0427:group-052144D24009] INFO  ratis.ContainerStateMachine (ContainerStateMachine.java:takeSnapshot(295)) - group-052144D24009: Finished taking a snapshot at:(t:2, i:16) file:/workdir/hadoop-ozone/integration-test/target/test-dir/MiniOzoneClusterImpl-550fe9fd-5f12-4795-9217-62db7b6f07fe/datanode-1/data/ratis/5989b723-4330-415e-bad5-052144d24009/sm/snapshot.2_16 time:39
2019-09-09 08:10:47,796 [StateMachineUpdater:6aa0834b-231e-4111-87df-6afda18d0427:group-052144D24009] INFO  impl.StateMachineUpdater (StateMachineUpdater.java:takeSnapshot(242)) - StateMachineUpdater:6aa0834b-231e-4111-87df-6afda18d0427:group-052144D24009: Took a snapshot at index 16
2019-09-09 08:10:47,796 [StateMachineUpdater:0a9ac026-a0ca-44a0-95ed-35416f57c02b:group-052144D24009] INFO  ratis.ContainerStateMachine (ContainerStateMachine.java:takeSnapshot(295)) - group-052144D24009: Finished taking a snapshot at:(t:2, i:14) file:/workdir/hadoop-ozone/integration-test/target/test-dir/MiniOzoneClusterImpl-550fe9fd-5f12-4795-9217-62db7b6f07fe/datanode-4/data/ratis/5989b723-4330-415e-bad5-052144d24009/sm/snapshot.2_14 time:34
2019-09-09 08:10:47,796 [StateMachineUpdater:6aa0834b-231e-4111-87df-6afda18d0427:group-052144D24009] INFO  impl.StateMachineUpdater (StateMachineUpdater.java:lambda$new$0(80)) - StateMachineUpdater:6aa0834b-231e-4111-87df-6afda18d0427:group-052144D24009: snapshotIndex: updateIncreasingly -1 -> 16
2019-09-09 08:10:47,796 [StateMachineUpdater:0a9ac026-a0ca-44a0-95ed-35416f57c02b:group-052144D24009] INFO  impl.StateMachineUpdater (StateMachineUpdater.java:takeSnapshot(242)) - StateMachineUpdater:0a9ac026-a0ca-44a0-95ed-35416f57c02b:group-052144D24009: Took a snapshot at index 14
2019-09-09 08:10:47,797 [StateMachineUpdater:0a9ac026-a0ca-44a0-95ed-35416f57c02b:group-052144D24009] INFO  impl.StateMachineUpdater (StateMachineUpdater.java:lambda$new$0(80)) - StateMachineUpdater:0a9ac026-a0ca-44a0-95ed-35416f57c02b:group-052144D24009: snapshotIndex: updateIncreasingly -1 -> 14
2019-09-09 08:10:47,797 [main] INFO  impl.RaftServerImpl (ServerState.java:close(394)) - 0a9ac026-a0ca-44a0-95ed-35416f57c02b:group-052144D24009 closes. The last applied log index is 16
2019-09-09 08:10:47,797 [ForkJoinPool.commonPool-worker-0] INFO  impl.RaftServerImpl (ServerState.java:close(394)) - 6aa0834b-231e-4111-87df-6afda18d0427:group-052144D24009 closes. The last applied log index is 16
2019-09-09 08:10:47,798 [0a9ac026-a0ca-44a0-95ed-35416f57c02b-SegmentedRaftLogWorker:Storage Directory /workdir/hadoop-ozone/integration-test/target/test-dir/MiniOzoneClusterImpl-550fe9fd-5f12-4795-9217-62db7b6f07fe/datanode-4/data/ratis/5989b723-4330-415e-bad5-052144d24009] INFO  segmented.SegmentedRaftLogWorker (SegmentedRaftLogWorker.java:run(313)) - 0a9ac026-a0ca-44a0-95ed-35416f57c02b-SegmentedRaftLogWorker:Storage Directory /workdir/hadoop-ozone/integration-test/target/test-dir/MiniOzoneClusterImpl-550fe9fd-5f12-4795-9217-62db7b6f07fe/datanode-4/data/ratis/5989b723-4330-415e-bad5-052144d24009 was interrupted, exiting. There are 0 tasks remaining in the queue.
2019-09-09 08:10:47,798 [6aa0834b-231e-4111-87df-6afda18d0427-SegmentedRaftLogWorker:Storage Directory /workdir/hadoop-ozone/integration-test/target/test-dir/MiniOzoneClusterImpl-550fe9fd-5f12-4795-9217-62db7b6f07fe/datanode-1/data/ratis/5989b723-4330-415e-bad5-052144d24009] INFO  segmented.SegmentedRaftLogWorker (SegmentedRaftLogWorker.java:run(313)) - 6aa0834b-231e-4111-87df-6afda18d0427-SegmentedRaftLogWorker:Storage Directory /workdir/hadoop-ozone/integration-test/target/test-dir/MiniOzoneClusterImpl-550fe9fd-5f12-4795-9217-62db7b6f07fe/datanode-1/data/ratis/5989b723-4330-415e-bad5-052144d24009 was interrupted, exiting. There are 0 tasks remaining in the queue.
2019-09-09 08:10:47,798 [main] INFO  segmented.SegmentedRaftLogWorker (SegmentedRaftLogWorker.java:close(228)) - 0a9ac026-a0ca-44a0-95ed-35416f57c02b-SegmentedRaftLogWorker:Storage Directory /workdir/hadoop-ozone/integration-test/target/test-dir/MiniOzoneClusterImpl-550fe9fd-5f12-4795-9217-62db7b6f07fe/datanode-4/data/ratis/5989b723-4330-415e-bad5-052144d24009 close()
2019-09-09 08:10:47,798 [ForkJoinPool.commonPool-worker-0] INFO  segmented.SegmentedRaftLogWorker (SegmentedRaftLogWorker.java:close(228)) - 6aa0834b-231e-4111-87df-6afda18d0427-SegmentedRaftLogWorker:Storage Directory /workdir/hadoop-ozone/integration-test/target/test-dir/MiniOzoneClusterImpl-550fe9fd-5f12-4795-9217-62db7b6f07fe/datanode-1/data/ratis/5989b723-4330-415e-bad5-052144d24009 close()
2019-09-09 08:10:47,801 [main] INFO  server.GrpcService (GrpcService.java:closeImpl(155)) - 0a9ac026-a0ca-44a0-95ed-35416f57c02b: shutdown server with port 35360 now
2019-09-09 08:10:47,804 [ForkJoinPool.commonPool-worker-0] INFO  server.GrpcService (GrpcService.java:closeImpl(155)) - 6aa0834b-231e-4111-87df-6afda18d0427: shutdown server with port 45430 now
2019-09-09 08:10:47,805 [ForkJoinPool.commonPool-worker-0] INFO  server.GrpcService (GrpcService.java:closeImpl(163)) - 6aa0834b-231e-4111-87df-6afda18d0427: shutdown server with port 45430 successfully
2019-09-09 08:10:47,805 [grpc-default-executor-0] WARN  client.GrpcClientProtocolService (LogUtils.java:warn(134)) - 6-UnorderedRequestStreamObserver6: onError: org.apache.ratis.thirdparty.io.grpc.StatusRuntimeException: CANCELLED: cancelled before receiving half close
2019-09-09 08:10:47,805 [main] INFO  server.GrpcService (GrpcService.java:closeImpl(163)) - 0a9ac026-a0ca-44a0-95ed-35416f57c02b: shutdown server with port 35360 successfully
2019-09-09 08:10:47,809 [refreshUsed-/workdir/hadoop-ozone/integration-test/target/test-dir/MiniOzoneClusterImpl-550fe9fd-5f12-4795-9217-62db7b6f07fe/datanode-1/data/containers] WARN  fs.CachingGetSpaceUsed (CachingGetSpaceUsed.java:run(183)) - Thread Interrupted waiting to refresh disk information: sleep interrupted
2019-09-09 08:10:47,811 [refreshUsed-/workdir/hadoop-ozone/integration-test/target/test-dir/MiniOzoneClusterImpl-550fe9fd-5f12-4795-9217-62db7b6f07fe/datanode-4/data/containers] WARN  fs.CachingGetSpaceUsed (CachingGetSpaceUsed.java:run(183)) - Thread Interrupted waiting to refresh disk information: sleep interrupted
2019-09-09 08:10:47,833 [ForkJoinPool.commonPool-worker-0] INFO  utils.BackgroundService (BackgroundService.java:shutdown(148)) - Shutting down service BlockDeletingService
2019-09-09 08:10:47,839 [ForkJoinPool.commonPool-worker-0] INFO  statemachine.DatanodeStateMachine (DatanodeStateMachine.java:stopDaemon(395)) - Ozone container server stopped.
2019-09-09 08:10:47,840 [main] INFO  utils.BackgroundService (BackgroundService.java:shutdown(148)) - Shutting down service BlockDeletingService
2019-09-09 08:10:47,848 [ForkJoinPool.commonPool-worker-0] INFO  handler.ContextHandler (ContextHandler.java:doStop(910)) - Stopped o.e.j.w.WebAppContext@b3857e2{/,null,UNAVAILABLE}{/hddsDatanode}
2019-09-09 08:10:47,849 [main] INFO  statemachine.DatanodeStateMachine (DatanodeStateMachine.java:stopDaemon(395)) - Ozone container server stopped.
2019-09-09 08:10:47,850 [ForkJoinPool.commonPool-worker-0] INFO  server.AbstractConnector (AbstractConnector.java:doStop(318)) - Stopped ServerConnector@25a290ee{HTTP/1.1,[http/1.1]}{0.0.0.0:0}
2019-09-09 08:10:47,853 [main] INFO  handler.ContextHandler (ContextHandler.java:doStop(910)) - Stopped o.e.j.w.WebAppContext@5ed31735{/,null,UNAVAILABLE}{/hddsDatanode}
2019-09-09 08:10:47,853 [ForkJoinPool.commonPool-worker-0] INFO  handler.ContextHandler (ContextHandler.java:doStop(910)) - Stopped o.e.j.s.ServletContextHandler@52d96367{/static,jar:file:/home/user/.m2/repository/org/apache/hadoop/hadoop-hdds-container-service/0.5.0-SNAPSHOT/hadoop-hdds-container-service-0.5.0-SNAPSHOT.jar!/webapps/static,UNAVAILABLE}
2019-09-09 08:10:47,855 [main] INFO  server.AbstractConnector (AbstractConnector.java:doStop(318)) - Stopped ServerConnector@2fb082ff{HTTP/1.1,[http/1.1]}{0.0.0.0:0}
2019-09-09 08:10:47,856 [ForkJoinPool.commonPool-worker-0] INFO  handler.ContextHandler (ContextHandler.java:doStop(910)) - Stopped o.e.j.s.ServletContextHandler@634aa81e{/logs,file:///workdir/hadoop-ozone/integration-test/target/log,UNAVAILABLE}
2019-09-09 08:10:47,856 [main] INFO  handler.ContextHandler (ContextHandler.java:doStop(910)) - Stopped o.e.j.s.ServletContextHandler@44d43cc9{/static,jar:file:/home/user/.m2/repository/org/apache/hadoop/hadoop-hdds-container-service/0.5.0-SNAPSHOT/hadoop-hdds-container-service-0.5.0-SNAPSHOT.jar!/webapps/static,UNAVAILABLE}
2019-09-09 08:10:47,857 [main] INFO  handler.ContextHandler (ContextHandler.java:doStop(910)) - Stopped o.e.j.s.ServletContextHandler@59e082f8{/logs,file:///workdir/hadoop-ozone/integration-test/target/log,UNAVAILABLE}
2019-09-09 08:10:48,578 [Datanode State Machine Thread - 0] INFO  statemachine.DatanodeStateMachine (DatanodeStateMachine.java:lambda$startDaemon$0(350)) - Ozone container server started.
2019-09-09 08:10:48,578 [Datanode State Machine Thread - 0] INFO  statemachine.DatanodeStateMachine (DatanodeStateMachine.java:lambda$startDaemon$0(350)) - Ozone container server started.
2019-09-09 08:10:52,608 [EventQueue-StaleNodeForStaleNodeHandler] INFO  node.StaleNodeHandler (StaleNodeHandler.java:onMessage(58)) - Datanode 350e76c6-83a1-4611-85eb-62f03c20ce37{ip: 192.168.5.142, host: pr-hdds-2076-zndlt-2349722852, networkLocation: /default-rack, certSerialId: null} moved to stale state. Finalizing its pipelines [PipelineID=c4a3706c-2547-4622-89bc-80c80fbe9f5e, PipelineID=551117a2-51db-4070-b74e-51f41b8144fd]
2019-09-09 08:10:52,608 [EventQueue-StaleNodeForStaleNodeHandler] INFO  pipeline.SCMPipelineManager (SCMPipelineManager.java:finalizeAndDestroyPipeline(311)) - destroying pipeline:Pipeline[ Id: c4a3706c-2547-4622-89bc-80c80fbe9f5e, Nodes: 350e76c6-83a1-4611-85eb-62f03c20ce37{ip: 192.168.5.142, host: pr-hdds-2076-zndlt-2349722852, networkLocation: /default-rack, certSerialId: null}, Type:RATIS, Factor:ONE, State:OPEN]
2019-09-09 08:10:52,608 [EventQueue-StaleNodeForStaleNodeHandler] INFO  pipeline.PipelineStateManager (PipelineStateManager.java:finalizePipeline(123)) - Pipeline Pipeline[ Id: c4a3706c-2547-4622-89bc-80c80fbe9f5e, Nodes: 350e76c6-83a1-4611-85eb-62f03c20ce37{ip: 192.168.5.142, host: pr-hdds-2076-zndlt-2349722852, networkLocation: /default-rack, certSerialId: null}, Type:RATIS, Factor:ONE, State:CLOSED] moved to CLOSED state
2019-09-09 08:10:52,609 [EventQueue-StaleNodeForStaleNodeHandler] INFO  pipeline.SCMPipelineManager (SCMPipelineManager.java:finalizeAndDestroyPipeline(311)) - destroying pipeline:Pipeline[ Id: 551117a2-51db-4070-b74e-51f41b8144fd, Nodes: 350e76c6-83a1-4611-85eb-62f03c20ce37{ip: 192.168.5.142, host: pr-hdds-2076-zndlt-2349722852, networkLocation: /default-rack, certSerialId: null}f0b1dae6-f321-4e50-a03e-542d768699a7{ip: 192.168.5.142, host: pr-hdds-2076-zndlt-2349722852, networkLocation: /default-rack, certSerialId: null}d5239ec2-78a2-4cd1-a8eb-80aa9cb2f2f7{ip: 192.168.5.142, host: pr-hdds-2076-zndlt-2349722852, networkLocation: /default-rack, certSerialId: null}, Type:RATIS, Factor:THREE, State:OPEN]
2019-09-09 08:10:52,609 [EventQueue-StaleNodeForStaleNodeHandler] INFO  pipeline.PipelineStateManager (PipelineStateManager.java:finalizePipeline(123)) - Pipeline Pipeline[ Id: 551117a2-51db-4070-b74e-51f41b8144fd, Nodes: 350e76c6-83a1-4611-85eb-62f03c20ce37{ip: 192.168.5.142, host: pr-hdds-2076-zndlt-2349722852, networkLocation: /default-rack, certSerialId: null}f0b1dae6-f321-4e50-a03e-542d768699a7{ip: 192.168.5.142, host: pr-hdds-2076-zndlt-2349722852, networkLocation: /default-rack, certSerialId: null}d5239ec2-78a2-4cd1-a8eb-80aa9cb2f2f7{ip: 192.168.5.142, host: pr-hdds-2076-zndlt-2349722852, networkLocation: /default-rack, certSerialId: null}, Type:RATIS, Factor:THREE, State:CLOSED] moved to CLOSED state
2019-09-09 08:10:52,609 [EventQueue-CloseContainerForCloseContainerEventHandler] INFO  container.CloseContainerEventHandler (CloseContainerEventHandler.java:onMessage(61)) - Close container Event triggered for container : #2
2019-09-09 08:10:52,609 [EventQueue-StaleNodeForStaleNodeHandler] INFO  node.StaleNodeHandler (StaleNodeHandler.java:onMessage(58)) - Datanode d5239ec2-78a2-4cd1-a8eb-80aa9cb2f2f7{ip: 192.168.5.142, host: pr-hdds-2076-zndlt-2349722852, networkLocation: /default-rack, certSerialId: null} moved to stale state. Finalizing its pipelines [PipelineID=075a68f7-d8f0-4a19-8fab-e0f047b77dd4, PipelineID=551117a2-51db-4070-b74e-51f41b8144fd]
2019-09-09 08:10:52,610 [EventQueue-StaleNodeForStaleNodeHandler] INFO  pipeline.SCMPipelineManager (SCMPipelineManager.java:finalizeAndDestroyPipeline(311)) - destroying pipeline:Pipeline[ Id: 075a68f7-d8f0-4a19-8fab-e0f047b77dd4, Nodes: d5239ec2-78a2-4cd1-a8eb-80aa9cb2f2f7{ip: 192.168.5.142, host: pr-hdds-2076-zndlt-2349722852, networkLocation: /default-rack, certSerialId: null}, Type:RATIS, Factor:ONE, State:OPEN]
2019-09-09 08:10:52,610 [EventQueue-StaleNodeForStaleNodeHandler] INFO  pipeline.PipelineStateManager (PipelineStateManager.java:finalizePipeline(123)) - Pipeline Pipeline[ Id: 075a68f7-d8f0-4a19-8fab-e0f047b77dd4, Nodes: d5239ec2-78a2-4cd1-a8eb-80aa9cb2f2f7{ip: 192.168.5.142, host: pr-hdds-2076-zndlt-2349722852, networkLocation: /default-rack, certSerialId: null}, Type:RATIS, Factor:ONE, State:CLOSED] moved to CLOSED state
2019-09-09 08:10:52,610 [EventQueue-StaleNodeForStaleNodeHandler] INFO  pipeline.SCMPipelineManager (SCMPipelineManager.java:finalizeAndDestroyPipeline(311)) - destroying pipeline:Pipeline[ Id: 551117a2-51db-4070-b74e-51f41b8144fd, Nodes: 350e76c6-83a1-4611-85eb-62f03c20ce37{ip: 192.168.5.142, host: pr-hdds-2076-zndlt-2349722852, networkLocation: /default-rack, certSerialId: null}f0b1dae6-f321-4e50-a03e-542d768699a7{ip: 192.168.5.142, host: pr-hdds-2076-zndlt-2349722852, networkLocation: /default-rack, certSerialId: null}d5239ec2-78a2-4cd1-a8eb-80aa9cb2f2f7{ip: 192.168.5.142, host: pr-hdds-2076-zndlt-2349722852, networkLocation: /default-rack, certSerialId: null}, Type:RATIS, Factor:THREE, State:CLOSED]
2019-09-09 08:10:52,858 [ForkJoinPool.commonPool-worker-0] INFO  ozoneimpl.OzoneContainer (OzoneContainer.java:stop(230)) - Attempting to stop container services.
2019-09-09 08:10:52,858 [main] INFO  ozoneimpl.OzoneContainer (OzoneContainer.java:stop(230)) - Attempting to stop container services.
2019-09-09 08:10:52,859 [ForkJoinPool.commonPool-worker-0] INFO  impl.RaftServerProxy (RaftServerProxy.java:lambda$close$4(314)) - d5239ec2-78a2-4cd1-a8eb-80aa9cb2f2f7: close
2019-09-09 08:10:52,859 [main] INFO  impl.RaftServerProxy (RaftServerProxy.java:lambda$close$4(314)) - 350e76c6-83a1-4611-85eb-62f03c20ce37: close
2019-09-09 08:10:52,859 [ForkJoinPool.commonPool-worker-0] INFO  impl.RaftServerImpl (RaftServerImpl.java:lambda$shutdown$3(245)) - d5239ec2-78a2-4cd1-a8eb-80aa9cb2f2f7: shutdown group-E0F047B77DD4
2019-09-09 08:10:52,860 [main] INFO  impl.RaftServerImpl (RaftServerImpl.java:lambda$shutdown$3(245)) - 350e76c6-83a1-4611-85eb-62f03c20ce37: shutdown group-80C80FBE9F5E
2019-09-09 08:10:52,860 [ForkJoinPool.commonPool-worker-0] INFO  util.JmxRegister (JmxRegister.java:unregister(73)) - Successfully un-registered JMX Bean with object name Ratis:service=RaftServer,group=group-E0F047B77DD4,id=d5239ec2-78a2-4cd1-a8eb-80aa9cb2f2f7
2019-09-09 08:10:52,860 [main] INFO  util.JmxRegister (JmxRegister.java:unregister(73)) - Successfully un-registered JMX Bean with object name Ratis:service=RaftServer,group=group-80C80FBE9F5E,id=350e76c6-83a1-4611-85eb-62f03c20ce37
2019-09-09 08:10:52,861 [ForkJoinPool.commonPool-worker-0] INFO  impl.RoleInfo (RoleInfo.java:shutdownLeaderState(104)) - d5239ec2-78a2-4cd1-a8eb-80aa9cb2f2f7: shutdown LeaderState
2019-09-09 08:10:52,861 [main] INFO  impl.RoleInfo (RoleInfo.java:shutdownLeaderState(104)) - 350e76c6-83a1-4611-85eb-62f03c20ce37: shutdown LeaderState
2019-09-09 08:10:52,861 [ForkJoinPool.commonPool-worker-0] INFO  impl.PendingRequests (PendingRequests.java:sendNotLeaderResponses(202)) - d5239ec2-78a2-4cd1-a8eb-80aa9cb2f2f7-PendingRequests: sendNotLeaderResponses
2019-09-09 08:10:52,862 [main] INFO  impl.PendingRequests (PendingRequests.java:sendNotLeaderResponses(202)) - 350e76c6-83a1-4611-85eb-62f03c20ce37-PendingRequests: sendNotLeaderResponses
2019-09-09 08:10:52,862 [ForkJoinPool.commonPool-worker-0] INFO  impl.StateMachineUpdater (StateMachineUpdater.java:stopAndJoin(115)) - StateMachineUpdater:d5239ec2-78a2-4cd1-a8eb-80aa9cb2f2f7:group-E0F047B77DD4: set stopIndex = 0
2019-09-09 08:10:52,863 [main] INFO  impl.StateMachineUpdater (StateMachineUpdater.java:stopAndJoin(115)) - StateMachineUpdater:350e76c6-83a1-4611-85eb-62f03c20ce37:group-80C80FBE9F5E: set stopIndex = 0
2019-09-09 08:10:52,863 [ForkJoinPool.commonPool-worker-0] INFO  impl.RaftServerImpl (ServerState.java:close(394)) - d5239ec2-78a2-4cd1-a8eb-80aa9cb2f2f7:group-E0F047B77DD4 closes. The last applied log index is 0
2019-09-09 08:10:52,863 [main] INFO  impl.RaftServerImpl (ServerState.java:close(394)) - 350e76c6-83a1-4611-85eb-62f03c20ce37:group-80C80FBE9F5E closes. The last applied log index is 0
2019-09-09 08:10:52,864 [d5239ec2-78a2-4cd1-a8eb-80aa9cb2f2f7-SegmentedRaftLogWorker:Storage Directory /workdir/hadoop-ozone/integration-test/target/test-dir/MiniOzoneClusterImpl-550fe9fd-5f12-4795-9217-62db7b6f07fe/datanode-2/data/ratis/075a68f7-d8f0-4a19-8fab-e0f047b77dd4] INFO  segmented.SegmentedRaftLogWorker (SegmentedRaftLogWorker.java:run(313)) - d5239ec2-78a2-4cd1-a8eb-80aa9cb2f2f7-SegmentedRaftLogWorker:Storage Directory /workdir/hadoop-ozone/integration-test/target/test-dir/MiniOzoneClusterImpl-550fe9fd-5f12-4795-9217-62db7b6f07fe/datanode-2/data/ratis/075a68f7-d8f0-4a19-8fab-e0f047b77dd4 was interrupted, exiting. There are 0 tasks remaining in the queue.
2019-09-09 08:10:52,864 [350e76c6-83a1-4611-85eb-62f03c20ce37-SegmentedRaftLogWorker:Storage Directory /workdir/hadoop-ozone/integration-test/target/test-dir/MiniOzoneClusterImpl-550fe9fd-5f12-4795-9217-62db7b6f07fe/datanode-3/data/ratis/c4a3706c-2547-4622-89bc-80c80fbe9f5e] INFO  segmented.SegmentedRaftLogWorker (SegmentedRaftLogWorker.java:run(313)) - 350e76c6-83a1-4611-85eb-62f03c20ce37-SegmentedRaftLogWorker:Storage Directory /workdir/hadoop-ozone/integration-test/target/test-dir/MiniOzoneClusterImpl-550fe9fd-5f12-4795-9217-62db7b6f07fe/datanode-3/data/ratis/c4a3706c-2547-4622-89bc-80c80fbe9f5e was interrupted, exiting. There are 0 tasks remaining in the queue.
2019-09-09 08:10:52,865 [ForkJoinPool.commonPool-worker-0] INFO  segmented.SegmentedRaftLogWorker (SegmentedRaftLogWorker.java:close(228)) - d5239ec2-78a2-4cd1-a8eb-80aa9cb2f2f7-SegmentedRaftLogWorker:Storage Directory /workdir/hadoop-ozone/integration-test/target/test-dir/MiniOzoneClusterImpl-550fe9fd-5f12-4795-9217-62db7b6f07fe/datanode-2/data/ratis/075a68f7-d8f0-4a19-8fab-e0f047b77dd4 close()
2019-09-09 08:10:52,865 [main] INFO  segmented.SegmentedRaftLogWorker (SegmentedRaftLogWorker.java:close(228)) - 350e76c6-83a1-4611-85eb-62f03c20ce37-SegmentedRaftLogWorker:Storage Directory /workdir/hadoop-ozone/integration-test/target/test-dir/MiniOzoneClusterImpl-550fe9fd-5f12-4795-9217-62db7b6f07fe/datanode-3/data/ratis/c4a3706c-2547-4622-89bc-80c80fbe9f5e close()
2019-09-09 08:10:52,868 [ForkJoinPool.commonPool-worker-0] INFO  impl.RaftServerImpl (RaftServerImpl.java:lambda$shutdown$3(245)) - d5239ec2-78a2-4cd1-a8eb-80aa9cb2f2f7: shutdown group-51F41B8144FD
2019-09-09 08:10:52,870 [main] INFO  impl.RaftServerImpl (RaftServerImpl.java:lambda$shutdown$3(245)) - 350e76c6-83a1-4611-85eb-62f03c20ce37: shutdown group-51F41B8144FD
2019-09-09 08:10:52,871 [ForkJoinPool.commonPool-worker-0] INFO  util.JmxRegister (JmxRegister.java:unregister(73)) - Successfully un-registered JMX Bean with object name Ratis:service=RaftServer,group=group-51F41B8144FD,id=d5239ec2-78a2-4cd1-a8eb-80aa9cb2f2f7
2019-09-09 08:10:52,871 [main] INFO  util.JmxRegister (JmxRegister.java:unregister(73)) - Successfully un-registered JMX Bean with object name Ratis:service=RaftServer,group=group-51F41B8144FD,id=350e76c6-83a1-4611-85eb-62f03c20ce37
2019-09-09 08:10:52,872 [main] INFO  impl.RoleInfo (RoleInfo.java:shutdownFollowerState(121)) - 350e76c6-83a1-4611-85eb-62f03c20ce37: shutdown FollowerState
2019-09-09 08:10:52,871 [ForkJoinPool.commonPool-worker-0] INFO  impl.RoleInfo (RoleInfo.java:shutdownLeaderState(104)) - d5239ec2-78a2-4cd1-a8eb-80aa9cb2f2f7: shutdown LeaderState
2019-09-09 08:10:52,873 [StateMachineUpdater:350e76c6-83a1-4611-85eb-62f03c20ce37:group-51F41B8144FD] INFO  ratis.ContainerStateMachine (ContainerStateMachine.java:takeSnapshot(284)) - group-51F41B8144FD: Taking a snapshot at:(t:2, i:3) file /workdir/hadoop-ozone/integration-test/target/test-dir/MiniOzoneClusterImpl-550fe9fd-5f12-4795-9217-62db7b6f07fe/datanode-3/data/ratis/551117a2-51db-4070-b74e-51f41b8144fd/sm/snapshot.2_3
2019-09-09 08:10:52,876 [ForkJoinPool.commonPool-worker-0] INFO  impl.PendingRequests (PendingRequests.java:sendNotLeaderResponses(202)) - d5239ec2-78a2-4cd1-a8eb-80aa9cb2f2f7-PendingRequests: sendNotLeaderResponses
2019-09-09 08:10:52,873 [Thread-4505] INFO  impl.FollowerState (FollowerState.java:run(114)) - 350e76c6-83a1-4611-85eb-62f03c20ce37: FollowerState was interrupted: java.lang.InterruptedException: sleep interrupted
2019-09-09 08:10:52,872 [main] INFO  impl.StateMachineUpdater (StateMachineUpdater.java:stopAndJoin(115)) - StateMachineUpdater:350e76c6-83a1-4611-85eb-62f03c20ce37:group-51F41B8144FD: set stopIndex = 4
2019-09-09 08:10:52,886 [StateMachineUpdater:d5239ec2-78a2-4cd1-a8eb-80aa9cb2f2f7:group-51F41B8144FD] INFO  ratis.ContainerStateMachine (ContainerStateMachine.java:takeSnapshot(284)) - group-51F41B8144FD: Taking a snapshot at:(t:2, i:4) file /workdir/hadoop-ozone/integration-test/target/test-dir/MiniOzoneClusterImpl-550fe9fd-5f12-4795-9217-62db7b6f07fe/datanode-2/data/ratis/551117a2-51db-4070-b74e-51f41b8144fd/sm/snapshot.2_4
2019-09-09 08:10:52,886 [ForkJoinPool.commonPool-worker-0] INFO  impl.StateMachineUpdater (StateMachineUpdater.java:stopAndJoin(115)) - StateMachineUpdater:d5239ec2-78a2-4cd1-a8eb-80aa9cb2f2f7:group-51F41B8144FD: set stopIndex = 4
2019-09-09 08:10:52,877 [org.apache.ratis.server.impl.LogAppender$AppenderDaemon$$Lambda$500/1715134470@59052b1b] WARN  server.GrpcLogAppender (GrpcLogAppender.java:mayWait(143)) - GrpcLogAppender(d5239ec2-78a2-4cd1-a8eb-80aa9cb2f2f7->f0b1dae6-f321-4e50-a03e-542d768699a7): Wait interrupted by java.lang.InterruptedException
2019-09-09 08:10:52,877 [org.apache.ratis.server.impl.LogAppender$AppenderDaemon$$Lambda$500/1715134470@1c07a6ff] WARN  server.GrpcLogAppender (GrpcLogAppender.java:mayWait(143)) - GrpcLogAppender(d5239ec2-78a2-4cd1-a8eb-80aa9cb2f2f7->350e76c6-83a1-4611-85eb-62f03c20ce37): Wait interrupted by java.lang.InterruptedException
2019-09-09 08:10:52,887 [grpc-default-executor-0] INFO  server.GrpcServerProtocolService (GrpcServerProtocolService.java:onCompleted(104)) - f0b1dae6-f321-4e50-a03e-542d768699a7: appendEntries completed
2019-09-09 08:10:52,887 [grpc-default-executor-12] INFO  server.GrpcServerProtocolService (GrpcServerProtocolService.java:onCompleted(104)) - 350e76c6-83a1-4611-85eb-62f03c20ce37: appendEntries completed
2019-09-09 08:10:52,888 [grpc-default-executor-0] INFO  server.GrpcLogAppender (GrpcLogAppender.java:onCompleted(292)) - d5239ec2-78a2-4cd1-a8eb-80aa9cb2f2f7->f0b1dae6-f321-4e50-a03e-542d768699a7: follower responses appendEntries COMPLETED
2019-09-09 08:10:52,888 [grpc-default-executor-12] INFO  server.GrpcLogAppender (GrpcLogAppender.java:onCompleted(292)) - d5239ec2-78a2-4cd1-a8eb-80aa9cb2f2f7->350e76c6-83a1-4611-85eb-62f03c20ce37: follower responses appendEntries COMPLETED
2019-09-09 08:10:52,888 [grpc-default-executor-0] INFO  impl.FollowerInfo (FollowerInfo.java:lambda$new$0(50)) - d5239ec2-78a2-4cd1-a8eb-80aa9cb2f2f7->f0b1dae6-f321-4e50-a03e-542d768699a7: nextIndex: updateUnconditionally 5 -> 4
2019-09-09 08:10:52,888 [grpc-default-executor-12] INFO  impl.FollowerInfo (FollowerInfo.java:lambda$new$0(50)) - d5239ec2-78a2-4cd1-a8eb-80aa9cb2f2f7->350e76c6-83a1-4611-85eb-62f03c20ce37: nextIndex: updateUnconditionally 5 -> 4
2019-09-09 08:10:52,900 [StateMachineUpdater:350e76c6-83a1-4611-85eb-62f03c20ce37:group-51F41B8144FD] INFO  ratis.ContainerStateMachine (ContainerStateMachine.java:takeSnapshot(295)) - group-51F41B8144FD: Finished taking a snapshot at:(t:2, i:3) file:/workdir/hadoop-ozone/integration-test/target/test-dir/MiniOzoneClusterImpl-550fe9fd-5f12-4795-9217-62db7b6f07fe/datanode-3/data/ratis/551117a2-51db-4070-b74e-51f41b8144fd/sm/snapshot.2_3 time:28
2019-09-09 08:10:52,900 [StateMachineUpdater:d5239ec2-78a2-4cd1-a8eb-80aa9cb2f2f7:group-51F41B8144FD] INFO  ratis.ContainerStateMachine (ContainerStateMachine.java:takeSnapshot(295)) - group-51F41B8144FD: Finished taking a snapshot at:(t:2, i:4) file:/workdir/hadoop-ozone/integration-test/target/test-dir/MiniOzoneClusterImpl-550fe9fd-5f12-4795-9217-62db7b6f07fe/datanode-2/data/ratis/551117a2-51db-4070-b74e-51f41b8144fd/sm/snapshot.2_4 time:14
2019-09-09 08:10:52,901 [StateMachineUpdater:d5239ec2-78a2-4cd1-a8eb-80aa9cb2f2f7:group-51F41B8144FD] INFO  impl.StateMachineUpdater (StateMachineUpdater.java:takeSnapshot(242)) - StateMachineUpdater:d5239ec2-78a2-4cd1-a8eb-80aa9cb2f2f7:group-51F41B8144FD: Took a snapshot at index 4
2019-09-09 08:10:52,900 [StateMachineUpdater:350e76c6-83a1-4611-85eb-62f03c20ce37:group-51F41B8144FD] INFO  impl.StateMachineUpdater (StateMachineUpdater.java:takeSnapshot(242)) - StateMachineUpdater:350e76c6-83a1-4611-85eb-62f03c20ce37:group-51F41B8144FD: Took a snapshot at index 3
2019-09-09 08:10:52,901 [StateMachineUpdater:d5239ec2-78a2-4cd1-a8eb-80aa9cb2f2f7:group-51F41B8144FD] INFO  impl.StateMachineUpdater (StateMachineUpdater.java:lambda$new$0(80)) - StateMachineUpdater:d5239ec2-78a2-4cd1-a8eb-80aa9cb2f2f7:group-51F41B8144FD: snapshotIndex: updateIncreasingly -1 -> 4
2019-09-09 08:10:52,901 [StateMachineUpdater:350e76c6-83a1-4611-85eb-62f03c20ce37:group-51F41B8144FD] INFO  impl.StateMachineUpdater (StateMachineUpdater.java:lambda$new$0(80)) - StateMachineUpdater:350e76c6-83a1-4611-85eb-62f03c20ce37:group-51F41B8144FD: snapshotIndex: updateIncreasingly -1 -> 3
2019-09-09 08:10:52,901 [ForkJoinPool.commonPool-worker-0] INFO  impl.RaftServerImpl (ServerState.java:close(394)) - d5239ec2-78a2-4cd1-a8eb-80aa9cb2f2f7:group-51F41B8144FD closes. The last applied log index is 4
2019-09-09 08:10:52,901 [main] INFO  impl.RaftServerImpl (ServerState.java:close(394)) - 350e76c6-83a1-4611-85eb-62f03c20ce37:group-51F41B8144FD closes. The last applied log index is 4
2019-09-09 08:10:52,902 [d5239ec2-78a2-4cd1-a8eb-80aa9cb2f2f7-SegmentedRaftLogWorker:Storage Directory /workdir/hadoop-ozone/integration-test/target/test-dir/MiniOzoneClusterImpl-550fe9fd-5f12-4795-9217-62db7b6f07fe/datanode-2/data/ratis/551117a2-51db-4070-b74e-51f41b8144fd] INFO  segmented.SegmentedRaftLogWorker (SegmentedRaftLogWorker.java:run(313)) - d5239ec2-78a2-4cd1-a8eb-80aa9cb2f2f7-SegmentedRaftLogWorker:Storage Directory /workdir/hadoop-ozone/integration-test/target/test-dir/MiniOzoneClusterImpl-550fe9fd-5f12-4795-9217-62db7b6f07fe/datanode-2/data/ratis/551117a2-51db-4070-b74e-51f41b8144fd was interrupted, exiting. There are 0 tasks remaining in the queue.
2019-09-09 08:10:52,902 [350e76c6-83a1-4611-85eb-62f03c20ce37-SegmentedRaftLogWorker:Storage Directory /workdir/hadoop-ozone/integration-test/target/test-dir/MiniOzoneClusterImpl-550fe9fd-5f12-4795-9217-62db7b6f07fe/datanode-3/data/ratis/551117a2-51db-4070-b74e-51f41b8144fd] INFO  segmented.SegmentedRaftLogWorker (SegmentedRaftLogWorker.java:run(313)) - 350e76c6-83a1-4611-85eb-62f03c20ce37-SegmentedRaftLogWorker:Storage Directory /workdir/hadoop-ozone/integration-test/target/test-dir/MiniOzoneClusterImpl-550fe9fd-5f12-4795-9217-62db7b6f07fe/datanode-3/data/ratis/551117a2-51db-4070-b74e-51f41b8144fd was interrupted, exiting. There are 0 tasks remaining in the queue.
2019-09-09 08:10:52,902 [ForkJoinPool.commonPool-worker-0] INFO  segmented.SegmentedRaftLogWorker (SegmentedRaftLogWorker.java:close(228)) - d5239ec2-78a2-4cd1-a8eb-80aa9cb2f2f7-SegmentedRaftLogWorker:Storage Directory /workdir/hadoop-ozone/integration-test/target/test-dir/MiniOzoneClusterImpl-550fe9fd-5f12-4795-9217-62db7b6f07fe/datanode-2/data/ratis/551117a2-51db-4070-b74e-51f41b8144fd close()
2019-09-09 08:10:52,903 [main] INFO  segmented.SegmentedRaftLogWorker (SegmentedRaftLogWorker.java:close(228)) - 350e76c6-83a1-4611-85eb-62f03c20ce37-SegmentedRaftLogWorker:Storage Directory /workdir/hadoop-ozone/integration-test/target/test-dir/MiniOzoneClusterImpl-550fe9fd-5f12-4795-9217-62db7b6f07fe/datanode-3/data/ratis/551117a2-51db-4070-b74e-51f41b8144fd close()
2019-09-09 08:10:52,906 [ForkJoinPool.commonPool-worker-0] INFO  server.GrpcService (GrpcService.java:closeImpl(155)) - d5239ec2-78a2-4cd1-a8eb-80aa9cb2f2f7: shutdown server with port 40637 now
2019-09-09 08:10:52,908 [main] INFO  server.GrpcService (GrpcService.java:closeImpl(155)) - 350e76c6-83a1-4611-85eb-62f03c20ce37: shutdown server with port 34354 now
2019-09-09 08:10:52,909 [main] INFO  server.GrpcService (GrpcService.java:closeImpl(163)) - 350e76c6-83a1-4611-85eb-62f03c20ce37: shutdown server with port 34354 successfully
2019-09-09 08:10:52,911 [ForkJoinPool.commonPool-worker-0] INFO  server.GrpcService (GrpcService.java:closeImpl(163)) - d5239ec2-78a2-4cd1-a8eb-80aa9cb2f2f7: shutdown server with port 40637 successfully
2019-09-09 08:10:52,916 [refreshUsed-/workdir/hadoop-ozone/integration-test/target/test-dir/MiniOzoneClusterImpl-550fe9fd-5f12-4795-9217-62db7b6f07fe/datanode-2/data/containers] WARN  fs.CachingGetSpaceUsed (CachingGetSpaceUsed.java:run(183)) - Thread Interrupted waiting to refresh disk information: sleep interrupted
2019-09-09 08:10:52,929 [refreshUsed-/workdir/hadoop-ozone/integration-test/target/test-dir/MiniOzoneClusterImpl-550fe9fd-5f12-4795-9217-62db7b6f07fe/datanode-3/data/containers] WARN  fs.CachingGetSpaceUsed (CachingGetSpaceUsed.java:run(183)) - Thread Interrupted waiting to refresh disk information: sleep interrupted
2019-09-09 08:10:52,947 [ForkJoinPool.commonPool-worker-0] INFO  utils.BackgroundService (BackgroundService.java:shutdown(148)) - Shutting down service BlockDeletingService
2019-09-09 08:10:52,955 [ForkJoinPool.commonPool-worker-0] INFO  statemachine.DatanodeStateMachine (DatanodeStateMachine.java:stopDaemon(395)) - Ozone container server stopped.
2019-09-09 08:10:52,978 [ForkJoinPool.commonPool-worker-0] INFO  handler.ContextHandler (ContextHandler.java:doStop(910)) - Stopped o.e.j.w.WebAppContext@3d8d970e{/,null,UNAVAILABLE}{/hddsDatanode}
2019-09-09 08:10:52,979 [ForkJoinPool.commonPool-worker-0] INFO  server.AbstractConnector (AbstractConnector.java:doStop(318)) - Stopped ServerConnector@2fac80a8{HTTP/1.1,[http/1.1]}{0.0.0.0:0}
2019-09-09 08:10:52,981 [ForkJoinPool.commonPool-worker-0] INFO  handler.ContextHandler (ContextHandler.java:doStop(910)) - Stopped o.e.j.s.ServletContextHandler@5d767218{/static,jar:file:/home/user/.m2/repository/org/apache/hadoop/hadoop-hdds-container-service/0.5.0-SNAPSHOT/hadoop-hdds-container-service-0.5.0-SNAPSHOT.jar!/webapps/static,UNAVAILABLE}
2019-09-09 08:10:52,983 [ForkJoinPool.commonPool-worker-0] INFO  handler.ContextHandler (ContextHandler.java:doStop(910)) - Stopped o.e.j.s.ServletContextHandler@52c46334{/logs,file:///workdir/hadoop-ozone/integration-test/target/log,UNAVAILABLE}
2019-09-09 08:10:52,985 [main] INFO  utils.BackgroundService (BackgroundService.java:shutdown(148)) - Shutting down service BlockDeletingService
2019-09-09 08:10:52,990 [main] INFO  statemachine.DatanodeStateMachine (DatanodeStateMachine.java:stopDaemon(395)) - Ozone container server stopped.
2019-09-09 08:10:52,991 [main] INFO  handler.ContextHandler (ContextHandler.java:doStop(910)) - Stopped o.e.j.w.WebAppContext@6c6c2a73{/,null,UNAVAILABLE}{/hddsDatanode}
2019-09-09 08:10:52,992 [main] INFO  server.AbstractConnector (AbstractConnector.java:doStop(318)) - Stopped ServerConnector@6a4af081{HTTP/1.1,[http/1.1]}{0.0.0.0:0}
2019-09-09 08:10:52,993 [main] INFO  handler.ContextHandler (ContextHandler.java:doStop(910)) - Stopped o.e.j.s.ServletContextHandler@14ed7ddf{/static,jar:file:/home/user/.m2/repository/org/apache/hadoop/hadoop-hdds-container-service/0.5.0-SNAPSHOT/hadoop-hdds-container-service-0.5.0-SNAPSHOT.jar!/webapps/static,UNAVAILABLE}
2019-09-09 08:10:52,993 [main] INFO  handler.ContextHandler (ContextHandler.java:doStop(910)) - Stopped o.e.j.s.ServletContextHandler@67b560fe{/logs,file:///workdir/hadoop-ozone/integration-test/target/log,UNAVAILABLE}
2019-09-09 08:10:53,022 [Datanode State Machine Thread - 0] INFO  statemachine.DatanodeStateMachine (DatanodeStateMachine.java:lambda$startDaemon$0(350)) - Ozone container server started.
2019-09-09 08:10:53,133 [Datanode State Machine Thread - 0] INFO  statemachine.DatanodeStateMachine (DatanodeStateMachine.java:lambda$startDaemon$0(350)) - Ozone container server started.
2019-09-09 08:10:54,263 [Thread-4517] INFO  impl.FollowerState (FollowerState.java:run(106)) - 287b279c-f855-45a5-8b0c-56f3c92d2fe2:group-052144D24009 changes to CANDIDATE, lastRpcTime:8907, electionTimeout:5084ms
2019-09-09 08:10:54,263 [Thread-4517] INFO  impl.RoleInfo (RoleInfo.java:shutdownFollowerState(121)) - 287b279c-f855-45a5-8b0c-56f3c92d2fe2: shutdown FollowerState
2019-09-09 08:10:54,263 [Thread-4517] INFO  impl.RaftServerImpl (RaftServerImpl.java:setRole(171)) - 287b279c-f855-45a5-8b0c-56f3c92d2fe2:group-052144D24009 changes role from FOLLOWER to CANDIDATE at term 2 for changeToCandidate
2019-09-09 08:10:54,263 [Thread-4517] INFO  impl.RoleInfo (RoleInfo.java:updateAndGet(143)) - 287b279c-f855-45a5-8b0c-56f3c92d2fe2: start LeaderElection
2019-09-09 08:10:54,264 [287b279c-f855-45a5-8b0c-56f3c92d2fe2:group-052144D24009:LeaderElection103] INFO  impl.RaftServerImpl (ServerState.java:setLeader(263)) - 287b279c-f855-45a5-8b0c-56f3c92d2fe2:group-052144D24009 change Leader from 0a9ac026-a0ca-44a0-95ed-35416f57c02b to null at term 2 for initElection
2019-09-09 08:10:54,279 [287b279c-f855-45a5-8b0c-56f3c92d2fe2:group-052144D24009:LeaderElection103] INFO  impl.LeaderElection (LeaderElection.java:askForVotes(181)) - 287b279c-f855-45a5-8b0c-56f3c92d2fe2:group-052144D24009:LeaderElection103: begin an election at term 3 for 0: [6aa0834b-231e-4111-87df-6afda18d0427:192.168.5.142:45430, 0a9ac026-a0ca-44a0-95ed-35416f57c02b:192.168.5.142:35360, 287b279c-f855-45a5-8b0c-56f3c92d2fe2:192.168.5.142:39938], old=null
2019-09-09 08:10:54,282 [287b279c-f855-45a5-8b0c-56f3c92d2fe2:group-052144D24009:LeaderElection103] INFO  impl.LeaderElection (LogUtils.java:infoOrTrace(149)) - 287b279c-f855-45a5-8b0c-56f3c92d2fe2:group-052144D24009:LeaderElection103 got exception when requesting votes: {}
java.util.concurrent.ExecutionException: org.apache.ratis.thirdparty.io.grpc.StatusRuntimeException: UNAVAILABLE: io exception
	at java.util.concurrent.FutureTask.report(FutureTask.java:122)
	at java.util.concurrent.FutureTask.get(FutureTask.java:192)
	at org.apache.ratis.server.impl.LeaderElection.waitForResults(LeaderElection.java:262)
	at org.apache.ratis.server.impl.LeaderElection.askForVotes(LeaderElection.java:200)
	at org.apache.ratis.server.impl.LeaderElection.run(LeaderElection.java:130)
	at java.lang.Thread.run(Thread.java:748)
Caused by: org.apache.ratis.thirdparty.io.grpc.StatusRuntimeException: UNAVAILABLE: io exception
	at org.apache.ratis.thirdparty.io.grpc.stub.ClientCalls.toStatusRuntimeException(ClientCalls.java:233)
	at org.apache.ratis.thirdparty.io.grpc.stub.ClientCalls.getUnchecked(ClientCalls.java:214)
	at org.apache.ratis.thirdparty.io.grpc.stub.ClientCalls.blockingUnaryCall(ClientCalls.java:139)
	at org.apache.ratis.proto.grpc.RaftServerProtocolServiceGrpc$RaftServerProtocolServiceBlockingStub.requestVote(RaftServerProtocolServiceGrpc.java:265)
	at org.apache.ratis.grpc.server.GrpcServerProtocolClient.requestVote(GrpcServerProtocolClient.java:83)
	at org.apache.ratis.grpc.server.GrpcService.requestVote(GrpcService.java:195)
	at org.apache.ratis.server.impl.LeaderElection.lambda$submitRequests$1(LeaderElection.java:237)
	at java.util.concurrent.FutureTask.run(FutureTask.java:266)
	at java.util.concurrent.Executors$RunnableAdapter.call(Executors.java:511)
	at java.util.concurrent.FutureTask.run(FutureTask.java:266)
	at java.util.concurrent.ThreadPoolExecutor.runWorker(ThreadPoolExecutor.java:1149)
	at java.util.concurrent.ThreadPoolExecutor$Worker.run(ThreadPoolExecutor.java:624)
	... 1 more
Caused by: org.apache.ratis.thirdparty.io.netty.channel.AbstractChannel$AnnotatedConnectException: Connection refused: /192.168.5.142:45430
	at sun.nio.ch.SocketChannelImpl.checkConnect(Native Method)
	at sun.nio.ch.SocketChannelImpl.finishConnect(SocketChannelImpl.java:717)
	at org.apache.ratis.thirdparty.io.netty.channel.socket.nio.NioSocketChannel.doFinishConnect(NioSocketChannel.java:327)
	at org.apache.ratis.thirdparty.io.netty.channel.nio.AbstractNioChannel$AbstractNioUnsafe.finishConnect(AbstractNioChannel.java:340)
	at org.apache.ratis.thirdparty.io.netty.channel.nio.NioEventLoop.processSelectedKey(NioEventLoop.java:632)
	at org.apache.ratis.thirdparty.io.netty.channel.nio.NioEventLoop.processSelectedKeysOptimized(NioEventLoop.java:579)
	at org.apache.ratis.thirdparty.io.netty.channel.nio.NioEventLoop.processSelectedKeys(NioEventLoop.java:496)
	at org.apache.ratis.thirdparty.io.netty.channel.nio.NioEventLoop.run(NioEventLoop.java:458)
	at org.apache.ratis.thirdparty.io.netty.util.concurrent.SingleThreadEventExecutor$5.run(SingleThreadEventExecutor.java:897)
	at org.apache.ratis.thirdparty.io.netty.util.concurrent.FastThreadLocalRunnable.run(FastThreadLocalRunnable.java:30)
	... 1 more
Caused by: java.net.ConnectException: Connection refused
	... 11 more
2019-09-09 08:10:54,285 [287b279c-f855-45a5-8b0c-56f3c92d2fe2:group-052144D24009:LeaderElection103] INFO  impl.LeaderElection (LogUtils.java:infoOrTrace(149)) - 287b279c-f855-45a5-8b0c-56f3c92d2fe2:group-052144D24009:LeaderElection103 got exception when requesting votes: {}
java.util.concurrent.ExecutionException: org.apache.ratis.thirdparty.io.grpc.StatusRuntimeException: UNAVAILABLE: io exception
	at java.util.concurrent.FutureTask.report(FutureTask.java:122)
	at java.util.concurrent.FutureTask.get(FutureTask.java:192)
	at org.apache.ratis.server.impl.LeaderElection.waitForResults(LeaderElection.java:262)
	at org.apache.ratis.server.impl.LeaderElection.askForVotes(LeaderElection.java:200)
	at org.apache.ratis.server.impl.LeaderElection.run(LeaderElection.java:130)
	at java.lang.Thread.run(Thread.java:748)
Caused by: org.apache.ratis.thirdparty.io.grpc.StatusRuntimeException: UNAVAILABLE: io exception
	at org.apache.ratis.thirdparty.io.grpc.stub.ClientCalls.toStatusRuntimeException(ClientCalls.java:233)
	at org.apache.ratis.thirdparty.io.grpc.stub.ClientCalls.getUnchecked(ClientCalls.java:214)
	at org.apache.ratis.thirdparty.io.grpc.stub.ClientCalls.blockingUnaryCall(ClientCalls.java:139)
	at org.apache.ratis.proto.grpc.RaftServerProtocolServiceGrpc$RaftServerProtocolServiceBlockingStub.requestVote(RaftServerProtocolServiceGrpc.java:265)
	at org.apache.ratis.grpc.server.GrpcServerProtocolClient.requestVote(GrpcServerProtocolClient.java:83)
	at org.apache.ratis.grpc.server.GrpcService.requestVote(GrpcService.java:195)
	at org.apache.ratis.server.impl.LeaderElection.lambda$submitRequests$1(LeaderElection.java:237)
	at java.util.concurrent.FutureTask.run(FutureTask.java:266)
	at java.util.concurrent.Executors$RunnableAdapter.call(Executors.java:511)
	at java.util.concurrent.FutureTask.run(FutureTask.java:266)
	at java.util.concurrent.ThreadPoolExecutor.runWorker(ThreadPoolExecutor.java:1149)
	at java.util.concurrent.ThreadPoolExecutor$Worker.run(ThreadPoolExecutor.java:624)
	... 1 more
Caused by: org.apache.ratis.thirdparty.io.netty.channel.AbstractChannel$AnnotatedConnectException: Connection refused: /192.168.5.142:35360
	at sun.nio.ch.SocketChannelImpl.checkConnect(Native Method)
	at sun.nio.ch.SocketChannelImpl.finishConnect(SocketChannelImpl.java:717)
	at org.apache.ratis.thirdparty.io.netty.channel.socket.nio.NioSocketChannel.doFinishConnect(NioSocketChannel.java:327)
	at org.apache.ratis.thirdparty.io.netty.channel.nio.AbstractNioChannel$AbstractNioUnsafe.finishConnect(AbstractNioChannel.java:340)
	at org.apache.ratis.thirdparty.io.netty.channel.nio.NioEventLoop.processSelectedKey(NioEventLoop.java:632)
	at org.apache.ratis.thirdparty.io.netty.channel.nio.NioEventLoop.processSelectedKeysOptimized(NioEventLoop.java:579)
	at org.apache.ratis.thirdparty.io.netty.channel.nio.NioEventLoop.processSelectedKeys(NioEventLoop.java:496)
	at org.apache.ratis.thirdparty.io.netty.channel.nio.NioEventLoop.run(NioEventLoop.java:458)
	at org.apache.ratis.thirdparty.io.netty.util.concurrent.SingleThreadEventExecutor$5.run(SingleThreadEventExecutor.java:897)
	at org.apache.ratis.thirdparty.io.netty.util.concurrent.FastThreadLocalRunnable.run(FastThreadLocalRunnable.java:30)
	... 1 more
Caused by: java.net.ConnectException: Connection refused
	... 11 more
2019-09-09 08:10:54,287 [287b279c-f855-45a5-8b0c-56f3c92d2fe2:group-052144D24009:LeaderElection103] INFO  impl.LeaderElection (LeaderElection.java:logAndReturn(56)) - 287b279c-f855-45a5-8b0c-56f3c92d2fe2:group-052144D24009:LeaderElection103: Election REJECTED; received 0 response(s) [] and 2 exception(s); 287b279c-f855-45a5-8b0c-56f3c92d2fe2:t3, leader=null, voted=287b279c-f855-45a5-8b0c-56f3c92d2fe2, raftlog=287b279c-f855-45a5-8b0c-56f3c92d2fe2-SegmentedRaftLog:OPENED:c16,f16,i16, conf=0: [6aa0834b-231e-4111-87df-6afda18d0427:192.168.5.142:45430, 0a9ac026-a0ca-44a0-95ed-35416f57c02b:192.168.5.142:35360, 287b279c-f855-45a5-8b0c-56f3c92d2fe2:192.168.5.142:39938], old=null
2019-09-09 08:10:54,287 [287b279c-f855-45a5-8b0c-56f3c92d2fe2:group-052144D24009:LeaderElection103] INFO  impl.LeaderElection (LogUtils.java:infoOrTrace(149)) -   Exception 0: {}
java.util.concurrent.ExecutionException: org.apache.ratis.thirdparty.io.grpc.StatusRuntimeException: UNAVAILABLE: io exception
	at java.util.concurrent.FutureTask.report(FutureTask.java:122)
	at java.util.concurrent.FutureTask.get(FutureTask.java:192)
	at org.apache.ratis.server.impl.LeaderElection.waitForResults(LeaderElection.java:262)
	at org.apache.ratis.server.impl.LeaderElection.askForVotes(LeaderElection.java:200)
	at org.apache.ratis.server.impl.LeaderElection.run(LeaderElection.java:130)
	at java.lang.Thread.run(Thread.java:748)
Caused by: org.apache.ratis.thirdparty.io.grpc.StatusRuntimeException: UNAVAILABLE: io exception
	at org.apache.ratis.thirdparty.io.grpc.stub.ClientCalls.toStatusRuntimeException(ClientCalls.java:233)
	at org.apache.ratis.thirdparty.io.grpc.stub.ClientCalls.getUnchecked(ClientCalls.java:214)
	at org.apache.ratis.thirdparty.io.grpc.stub.ClientCalls.blockingUnaryCall(ClientCalls.java:139)
	at org.apache.ratis.proto.grpc.RaftServerProtocolServiceGrpc$RaftServerProtocolServiceBlockingStub.requestVote(RaftServerProtocolServiceGrpc.java:265)
	at org.apache.ratis.grpc.server.GrpcServerProtocolClient.requestVote(GrpcServerProtocolClient.java:83)
	at org.apache.ratis.grpc.server.GrpcService.requestVote(GrpcService.java:195)
	at org.apache.ratis.server.impl.LeaderElection.lambda$submitRequests$1(LeaderElection.java:237)
	at java.util.concurrent.FutureTask.run(FutureTask.java:266)
	at java.util.concurrent.Executors$RunnableAdapter.call(Executors.java:511)
	at java.util.concurrent.FutureTask.run(FutureTask.java:266)
	at java.util.concurrent.ThreadPoolExecutor.runWorker(ThreadPoolExecutor.java:1149)
	at java.util.concurrent.ThreadPoolExecutor$Worker.run(ThreadPoolExecutor.java:624)
	... 1 more
Caused by: org.apache.ratis.thirdparty.io.netty.channel.AbstractChannel$AnnotatedConnectException: Connection refused: /192.168.5.142:45430
	at sun.nio.ch.SocketChannelImpl.checkConnect(Native Method)
	at sun.nio.ch.SocketChannelImpl.finishConnect(SocketChannelImpl.java:717)
	at org.apache.ratis.thirdparty.io.netty.channel.socket.nio.NioSocketChannel.doFinishConnect(NioSocketChannel.java:327)
	at org.apache.ratis.thirdparty.io.netty.channel.nio.AbstractNioChannel$AbstractNioUnsafe.finishConnect(AbstractNioChannel.java:340)
	at org.apache.ratis.thirdparty.io.netty.channel.nio.NioEventLoop.processSelectedKey(NioEventLoop.java:632)
	at org.apache.ratis.thirdparty.io.netty.channel.nio.NioEventLoop.processSelectedKeysOptimized(NioEventLoop.java:579)
	at org.apache.ratis.thirdparty.io.netty.channel.nio.NioEventLoop.processSelectedKeys(NioEventLoop.java:496)
	at org.apache.ratis.thirdparty.io.netty.channel.nio.NioEventLoop.run(NioEventLoop.java:458)
	at org.apache.ratis.thirdparty.io.netty.util.concurrent.SingleThreadEventExecutor$5.run(SingleThreadEventExecutor.java:897)
	at org.apache.ratis.thirdparty.io.netty.util.concurrent.FastThreadLocalRunnable.run(FastThreadLocalRunnable.java:30)
	... 1 more
Caused by: java.net.ConnectException: Connection refused
	... 11 more
2019-09-09 08:10:54,287 [287b279c-f855-45a5-8b0c-56f3c92d2fe2:group-052144D24009:LeaderElection103] INFO  impl.LeaderElection (LogUtils.java:infoOrTrace(149)) -   Exception 1: {}
java.util.concurrent.ExecutionException: org.apache.ratis.thirdparty.io.grpc.StatusRuntimeException: UNAVAILABLE: io exception
	at java.util.concurrent.FutureTask.report(FutureTask.java:122)
	at java.util.concurrent.FutureTask.get(FutureTask.java:192)
	at org.apache.ratis.server.impl.LeaderElection.waitForResults(LeaderElection.java:262)
	at org.apache.ratis.server.impl.LeaderElection.askForVotes(LeaderElection.java:200)
	at org.apache.ratis.server.impl.LeaderElection.run(LeaderElection.java:130)
	at java.lang.Thread.run(Thread.java:748)
Caused by: org.apache.ratis.thirdparty.io.grpc.StatusRuntimeException: UNAVAILABLE: io exception
	at org.apache.ratis.thirdparty.io.grpc.stub.ClientCalls.toStatusRuntimeException(ClientCalls.java:233)
	at org.apache.ratis.thirdparty.io.grpc.stub.ClientCalls.getUnchecked(ClientCalls.java:214)
	at org.apache.ratis.thirdparty.io.grpc.stub.ClientCalls.blockingUnaryCall(ClientCalls.java:139)
	at org.apache.ratis.proto.grpc.RaftServerProtocolServiceGrpc$RaftServerProtocolServiceBlockingStub.requestVote(RaftServerProtocolServiceGrpc.java:265)
	at org.apache.ratis.grpc.server.GrpcServerProtocolClient.requestVote(GrpcServerProtocolClient.java:83)
	at org.apache.ratis.grpc.server.GrpcService.requestVote(GrpcService.java:195)
	at org.apache.ratis.server.impl.LeaderElection.lambda$submitRequests$1(LeaderElection.java:237)
	at java.util.concurrent.FutureTask.run(FutureTask.java:266)
	at java.util.concurrent.Executors$RunnableAdapter.call(Executors.java:511)
	at java.util.concurrent.FutureTask.run(FutureTask.java:266)
	at java.util.concurrent.ThreadPoolExecutor.runWorker(ThreadPoolExecutor.java:1149)
	at java.util.concurrent.ThreadPoolExecutor$Worker.run(ThreadPoolExecutor.java:624)
	... 1 more
Caused by: org.apache.ratis.thirdparty.io.netty.channel.AbstractChannel$AnnotatedConnectException: Connection refused: /192.168.5.142:35360
	at sun.nio.ch.SocketChannelImpl.checkConnect(Native Method)
	at sun.nio.ch.SocketChannelImpl.finishConnect(SocketChannelImpl.java:717)
	at org.apache.ratis.thirdparty.io.netty.channel.socket.nio.NioSocketChannel.doFinishConnect(NioSocketChannel.java:327)
	at org.apache.ratis.thirdparty.io.netty.channel.nio.AbstractNioChannel$AbstractNioUnsafe.finishConnect(AbstractNioChannel.java:340)
	at org.apache.ratis.thirdparty.io.netty.channel.nio.NioEventLoop.processSelectedKey(NioEventLoop.java:632)
	at org.apache.ratis.thirdparty.io.netty.channel.nio.NioEventLoop.processSelectedKeysOptimized(NioEventLoop.java:579)
	at org.apache.ratis.thirdparty.io.netty.channel.nio.NioEventLoop.processSelectedKeys(NioEventLoop.java:496)
	at org.apache.ratis.thirdparty.io.netty.channel.nio.NioEventLoop.run(NioEventLoop.java:458)
	at org.apache.ratis.thirdparty.io.netty.util.concurrent.SingleThreadEventExecutor$5.run(SingleThreadEventExecutor.java:897)
	at org.apache.ratis.thirdparty.io.netty.util.concurrent.FastThreadLocalRunnable.run(FastThreadLocalRunnable.java:30)
	... 1 more
Caused by: java.net.ConnectException: Connection refused
	... 11 more
2019-09-09 08:10:54,288 [287b279c-f855-45a5-8b0c-56f3c92d2fe2:group-052144D24009:LeaderElection103] INFO  impl.RaftServerImpl (RaftServerImpl.java:setRole(171)) - 287b279c-f855-45a5-8b0c-56f3c92d2fe2:group-052144D24009 changes role from CANDIDATE to FOLLOWER at term 3 for DISCOVERED_A_NEW_TERM
2019-09-09 08:10:54,288 [287b279c-f855-45a5-8b0c-56f3c92d2fe2:group-052144D24009:LeaderElection103] INFO  impl.RoleInfo (RoleInfo.java:shutdownLeaderElection(134)) - 287b279c-f855-45a5-8b0c-56f3c92d2fe2: shutdown LeaderElection
2019-09-09 08:10:54,288 [287b279c-f855-45a5-8b0c-56f3c92d2fe2:group-052144D24009:LeaderElection103] INFO  impl.RoleInfo (RoleInfo.java:updateAndGet(143)) - 287b279c-f855-45a5-8b0c-56f3c92d2fe2: start FollowerState
2019-09-09 08:10:57,114 [EventQueue-StaleNodeForStaleNodeHandler] INFO  node.StaleNodeHandler (StaleNodeHandler.java:onMessage(58)) - Datanode 287b279c-f855-45a5-8b0c-56f3c92d2fe2{ip: 192.168.5.142, host: pr-hdds-2076-zndlt-2349722852, networkLocation: /default-rack, certSerialId: null} moved to stale state. Finalizing its pipelines [PipelineID=5989b723-4330-415e-bad5-052144d24009]
2019-09-09 08:10:57,115 [EventQueue-StaleNodeForStaleNodeHandler] INFO  pipeline.SCMPipelineManager (SCMPipelineManager.java:finalizeAndDestroyPipeline(311)) - destroying pipeline:Pipeline[ Id: 5989b723-4330-415e-bad5-052144d24009, Nodes: 0a9ac026-a0ca-44a0-95ed-35416f57c02b{ip: 192.168.5.142, host: pr-hdds-2076-zndlt-2349722852, networkLocation: /default-rack, certSerialId: null}287b279c-f855-45a5-8b0c-56f3c92d2fe2{ip: 192.168.5.142, host: pr-hdds-2076-zndlt-2349722852, networkLocation: /default-rack, certSerialId: null}6aa0834b-231e-4111-87df-6afda18d0427{ip: 192.168.5.142, host: pr-hdds-2076-zndlt-2349722852, networkLocation: /default-rack, certSerialId: null}, Type:RATIS, Factor:THREE, State:CLOSED]
2019-09-09 08:10:57,214 [EventQueue-StaleNodeForStaleNodeHandler] INFO  node.StaleNodeHandler (StaleNodeHandler.java:onMessage(58)) - Datanode 2c83aa93-f009-451a-9dcf-0b4432233ff4{ip: 192.168.5.142, host: pr-hdds-2076-zndlt-2349722852, networkLocation: /default-rack, certSerialId: null} moved to stale state. Finalizing its pipelines [PipelineID=f9f30b29-3100-45e7-a3a1-f923644d616f]
2019-09-09 08:10:57,215 [EventQueue-StaleNodeForStaleNodeHandler] INFO  pipeline.SCMPipelineManager (SCMPipelineManager.java:finalizeAndDestroyPipeline(311)) - destroying pipeline:Pipeline[ Id: f9f30b29-3100-45e7-a3a1-f923644d616f, Nodes: 2c83aa93-f009-451a-9dcf-0b4432233ff4{ip: 192.168.5.142, host: pr-hdds-2076-zndlt-2349722852, networkLocation: /default-rack, certSerialId: null}, Type:RATIS, Factor:ONE, State:OPEN]
2019-09-09 08:10:57,215 [EventQueue-StaleNodeForStaleNodeHandler] INFO  pipeline.PipelineStateManager (PipelineStateManager.java:finalizePipeline(123)) - Pipeline Pipeline[ Id: f9f30b29-3100-45e7-a3a1-f923644d616f, Nodes: 2c83aa93-f009-451a-9dcf-0b4432233ff4{ip: 192.168.5.142, host: pr-hdds-2076-zndlt-2349722852, networkLocation: /default-rack, certSerialId: null}, Type:RATIS, Factor:ONE, State:CLOSED] moved to CLOSED state
2019-09-09 08:10:57,986 [ForkJoinPool.commonPool-worker-0] INFO  ozoneimpl.OzoneContainer (OzoneContainer.java:stop(230)) - Attempting to stop container services.
2019-09-09 08:10:57,986 [ForkJoinPool.commonPool-worker-0] INFO  impl.RaftServerProxy (RaftServerProxy.java:lambda$close$4(314)) - 2c83aa93-f009-451a-9dcf-0b4432233ff4: close
2019-09-09 08:10:57,987 [ForkJoinPool.commonPool-worker-0] INFO  impl.RaftServerImpl (RaftServerImpl.java:lambda$shutdown$3(245)) - 2c83aa93-f009-451a-9dcf-0b4432233ff4: shutdown group-F923644D616F
2019-09-09 08:10:57,987 [ForkJoinPool.commonPool-worker-0] INFO  util.JmxRegister (JmxRegister.java:unregister(73)) - Successfully un-registered JMX Bean with object name Ratis:service=RaftServer,group=group-F923644D616F,id=2c83aa93-f009-451a-9dcf-0b4432233ff4
2019-09-09 08:10:57,987 [ForkJoinPool.commonPool-worker-0] INFO  impl.RoleInfo (RoleInfo.java:shutdownLeaderState(104)) - 2c83aa93-f009-451a-9dcf-0b4432233ff4: shutdown LeaderState
2019-09-09 08:10:57,988 [ForkJoinPool.commonPool-worker-0] INFO  impl.PendingRequests (PendingRequests.java:sendNotLeaderResponses(202)) - 2c83aa93-f009-451a-9dcf-0b4432233ff4-PendingRequests: sendNotLeaderResponses
2019-09-09 08:10:57,988 [ForkJoinPool.commonPool-worker-0] INFO  impl.StateMachineUpdater (StateMachineUpdater.java:stopAndJoin(115)) - StateMachineUpdater:2c83aa93-f009-451a-9dcf-0b4432233ff4:group-F923644D616F: set stopIndex = 0
2019-09-09 08:10:57,989 [ForkJoinPool.commonPool-worker-0] INFO  impl.RaftServerImpl (ServerState.java:close(394)) - 2c83aa93-f009-451a-9dcf-0b4432233ff4:group-F923644D616F closes. The last applied log index is 0
2019-09-09 08:10:57,989 [2c83aa93-f009-451a-9dcf-0b4432233ff4-SegmentedRaftLogWorker:Storage Directory /workdir/hadoop-ozone/integration-test/target/test-dir/MiniOzoneClusterImpl-550fe9fd-5f12-4795-9217-62db7b6f07fe/datanode-0/data/ratis/f9f30b29-3100-45e7-a3a1-f923644d616f] INFO  segmented.SegmentedRaftLogWorker (SegmentedRaftLogWorker.java:run(313)) - 2c83aa93-f009-451a-9dcf-0b4432233ff4-SegmentedRaftLogWorker:Storage Directory /workdir/hadoop-ozone/integration-test/target/test-dir/MiniOzoneClusterImpl-550fe9fd-5f12-4795-9217-62db7b6f07fe/datanode-0/data/ratis/f9f30b29-3100-45e7-a3a1-f923644d616f was interrupted, exiting. There are 0 tasks remaining in the queue.
2019-09-09 08:10:57,989 [ForkJoinPool.commonPool-worker-0] INFO  segmented.SegmentedRaftLogWorker (SegmentedRaftLogWorker.java:close(228)) - 2c83aa93-f009-451a-9dcf-0b4432233ff4-SegmentedRaftLogWorker:Storage Directory /workdir/hadoop-ozone/integration-test/target/test-dir/MiniOzoneClusterImpl-550fe9fd-5f12-4795-9217-62db7b6f07fe/datanode-0/data/ratis/f9f30b29-3100-45e7-a3a1-f923644d616f close()
2019-09-09 08:10:57,992 [ForkJoinPool.commonPool-worker-0] INFO  server.GrpcService (GrpcService.java:closeImpl(155)) - 2c83aa93-f009-451a-9dcf-0b4432233ff4: shutdown server with port 36698 now
2019-09-09 08:10:57,994 [ForkJoinPool.commonPool-worker-0] INFO  server.GrpcService (GrpcService.java:closeImpl(163)) - 2c83aa93-f009-451a-9dcf-0b4432233ff4: shutdown server with port 36698 successfully
2019-09-09 08:10:57,995 [main] INFO  ozoneimpl.OzoneContainer (OzoneContainer.java:stop(230)) - Attempting to stop container services.
2019-09-09 08:10:57,996 [main] INFO  impl.RaftServerProxy (RaftServerProxy.java:lambda$close$4(314)) - 287b279c-f855-45a5-8b0c-56f3c92d2fe2: close
2019-09-09 08:10:57,997 [main] INFO  impl.RaftServerImpl (RaftServerImpl.java:lambda$shutdown$3(245)) - 287b279c-f855-45a5-8b0c-56f3c92d2fe2: shutdown group-052144D24009
2019-09-09 08:10:57,997 [refreshUsed-/workdir/hadoop-ozone/integration-test/target/test-dir/MiniOzoneClusterImpl-550fe9fd-5f12-4795-9217-62db7b6f07fe/datanode-0/data/containers] WARN  fs.CachingGetSpaceUsed (CachingGetSpaceUsed.java:run(183)) - Thread Interrupted waiting to refresh disk information: sleep interrupted
2019-09-09 08:10:57,997 [main] INFO  util.JmxRegister (JmxRegister.java:unregister(73)) - Successfully un-registered JMX Bean with object name Ratis:service=RaftServer,group=group-052144D24009,id=287b279c-f855-45a5-8b0c-56f3c92d2fe2
2019-09-09 08:10:57,998 [main] INFO  impl.RoleInfo (RoleInfo.java:shutdownFollowerState(121)) - 287b279c-f855-45a5-8b0c-56f3c92d2fe2: shutdown FollowerState
2019-09-09 08:10:57,999 [main] INFO  impl.StateMachineUpdater (StateMachineUpdater.java:stopAndJoin(115)) - StateMachineUpdater:287b279c-f855-45a5-8b0c-56f3c92d2fe2:group-052144D24009: set stopIndex = 16
2019-09-09 08:10:58,000 [StateMachineUpdater:287b279c-f855-45a5-8b0c-56f3c92d2fe2:group-052144D24009] INFO  ratis.ContainerStateMachine (ContainerStateMachine.java:takeSnapshot(284)) - group-052144D24009: Taking a snapshot at:(t:2, i:16) file /workdir/hadoop-ozone/integration-test/target/test-dir/MiniOzoneClusterImpl-550fe9fd-5f12-4795-9217-62db7b6f07fe/datanode-6/data/ratis/5989b723-4330-415e-bad5-052144d24009/sm/snapshot.2_16
2019-09-09 08:10:57,999 [Thread-4629] INFO  impl.FollowerState (FollowerState.java:run(114)) - 287b279c-f855-45a5-8b0c-56f3c92d2fe2: FollowerState was interrupted: java.lang.InterruptedException: sleep interrupted
2019-09-09 08:10:58,017 [ForkJoinPool.commonPool-worker-0] INFO  utils.BackgroundService (BackgroundService.java:shutdown(148)) - Shutting down service BlockDeletingService
2019-09-09 08:10:58,022 [ForkJoinPool.commonPool-worker-0] INFO  statemachine.DatanodeStateMachine (DatanodeStateMachine.java:stopDaemon(395)) - Ozone container server stopped.
2019-09-09 08:10:58,024 [ForkJoinPool.commonPool-worker-0] INFO  handler.ContextHandler (ContextHandler.java:doStop(910)) - Stopped o.e.j.w.WebAppContext@6d7740f0{/,null,UNAVAILABLE}{/hddsDatanode}
2019-09-09 08:10:58,025 [ForkJoinPool.commonPool-worker-0] INFO  server.AbstractConnector (AbstractConnector.java:doStop(318)) - Stopped ServerConnector@7b1a30e5{HTTP/1.1,[http/1.1]}{0.0.0.0:0}
2019-09-09 08:10:58,026 [StateMachineUpdater:287b279c-f855-45a5-8b0c-56f3c92d2fe2:group-052144D24009] INFO  ratis.ContainerStateMachine (ContainerStateMachine.java:takeSnapshot(295)) - group-052144D24009: Finished taking a snapshot at:(t:2, i:16) file:/workdir/hadoop-ozone/integration-test/target/test-dir/MiniOzoneClusterImpl-550fe9fd-5f12-4795-9217-62db7b6f07fe/datanode-6/data/ratis/5989b723-4330-415e-bad5-052144d24009/sm/snapshot.2_16 time:28
2019-09-09 08:10:58,026 [ForkJoinPool.commonPool-worker-0] INFO  handler.ContextHandler (ContextHandler.java:doStop(910)) - Stopped o.e.j.s.ServletContextHandler@61808ecd{/static,jar:file:/home/user/.m2/repository/org/apache/hadoop/hadoop-hdds-container-service/0.5.0-SNAPSHOT/hadoop-hdds-container-service-0.5.0-SNAPSHOT.jar!/webapps/static,UNAVAILABLE}
2019-09-09 08:10:58,026 [StateMachineUpdater:287b279c-f855-45a5-8b0c-56f3c92d2fe2:group-052144D24009] INFO  impl.StateMachineUpdater (StateMachineUpdater.java:takeSnapshot(242)) - StateMachineUpdater:287b279c-f855-45a5-8b0c-56f3c92d2fe2:group-052144D24009: Took a snapshot at index 16
2019-09-09 08:10:58,028 [StateMachineUpdater:287b279c-f855-45a5-8b0c-56f3c92d2fe2:group-052144D24009] INFO  impl.StateMachineUpdater (StateMachineUpdater.java:lambda$new$0(80)) - StateMachineUpdater:287b279c-f855-45a5-8b0c-56f3c92d2fe2:group-052144D24009: snapshotIndex: updateIncreasingly -1 -> 16
2019-09-09 08:10:58,028 [ForkJoinPool.commonPool-worker-0] INFO  handler.ContextHandler (ContextHandler.java:doStop(910)) - Stopped o.e.j.s.ServletContextHandler@4fe8f2ae{/logs,file:///workdir/hadoop-ozone/integration-test/target/log,UNAVAILABLE}
2019-09-09 08:10:58,029 [main] INFO  impl.RaftServerImpl (ServerState.java:close(394)) - 287b279c-f855-45a5-8b0c-56f3c92d2fe2:group-052144D24009 closes. The last applied log index is 16
2019-09-09 08:10:58,029 [287b279c-f855-45a5-8b0c-56f3c92d2fe2-SegmentedRaftLogWorker:Storage Directory /workdir/hadoop-ozone/integration-test/target/test-dir/MiniOzoneClusterImpl-550fe9fd-5f12-4795-9217-62db7b6f07fe/datanode-6/data/ratis/5989b723-4330-415e-bad5-052144d24009] INFO  segmented.SegmentedRaftLogWorker (SegmentedRaftLogWorker.java:run(313)) - 287b279c-f855-45a5-8b0c-56f3c92d2fe2-SegmentedRaftLogWorker:Storage Directory /workdir/hadoop-ozone/integration-test/target/test-dir/MiniOzoneClusterImpl-550fe9fd-5f12-4795-9217-62db7b6f07fe/datanode-6/data/ratis/5989b723-4330-415e-bad5-052144d24009 was interrupted, exiting. There are 0 tasks remaining in the queue.
2019-09-09 08:10:58,030 [main] INFO  segmented.SegmentedRaftLogWorker (SegmentedRaftLogWorker.java:close(228)) - 287b279c-f855-45a5-8b0c-56f3c92d2fe2-SegmentedRaftLogWorker:Storage Directory /workdir/hadoop-ozone/integration-test/target/test-dir/MiniOzoneClusterImpl-550fe9fd-5f12-4795-9217-62db7b6f07fe/datanode-6/data/ratis/5989b723-4330-415e-bad5-052144d24009 close()
2019-09-09 08:10:58,031 [main] INFO  server.GrpcService (GrpcService.java:closeImpl(155)) - 287b279c-f855-45a5-8b0c-56f3c92d2fe2: shutdown server with port 39938 now
2019-09-09 08:10:58,032 [main] INFO  server.GrpcService (GrpcService.java:closeImpl(163)) - 287b279c-f855-45a5-8b0c-56f3c92d2fe2: shutdown server with port 39938 successfully
2019-09-09 08:10:58,034 [refreshUsed-/workdir/hadoop-ozone/integration-test/target/test-dir/MiniOzoneClusterImpl-550fe9fd-5f12-4795-9217-62db7b6f07fe/datanode-6/data/containers] WARN  fs.CachingGetSpaceUsed (CachingGetSpaceUsed.java:run(183)) - Thread Interrupted waiting to refresh disk information: sleep interrupted
2019-09-09 08:10:58,050 [main] INFO  utils.BackgroundService (BackgroundService.java:shutdown(148)) - Shutting down service BlockDeletingService
2019-09-09 08:10:58,054 [main] INFO  statemachine.DatanodeStateMachine (DatanodeStateMachine.java:stopDaemon(395)) - Ozone container server stopped.
2019-09-09 08:10:58,055 [main] INFO  handler.ContextHandler (ContextHandler.java:doStop(910)) - Stopped o.e.j.w.WebAppContext@b5312df{/,null,UNAVAILABLE}{/hddsDatanode}
2019-09-09 08:10:58,055 [main] INFO  server.AbstractConnector (AbstractConnector.java:doStop(318)) - Stopped ServerConnector@4300e240{HTTP/1.1,[http/1.1]}{0.0.0.0:0}
2019-09-09 08:10:58,056 [main] INFO  handler.ContextHandler (ContextHandler.java:doStop(910)) - Stopped o.e.j.s.ServletContextHandler@4cd7d5e1{/static,jar:file:/home/user/.m2/repository/org/apache/hadoop/hadoop-hdds-container-service/0.5.0-SNAPSHOT/hadoop-hdds-container-service-0.5.0-SNAPSHOT.jar!/webapps/static,UNAVAILABLE}
2019-09-09 08:10:58,056 [main] INFO  handler.ContextHandler (ContextHandler.java:doStop(910)) - Stopped o.e.j.s.ServletContextHandler@5f0677f3{/logs,file:///workdir/hadoop-ozone/integration-test/target/log,UNAVAILABLE}
2019-09-09 08:10:58,605 [Datanode State Machine Thread - 0] INFO  statemachine.DatanodeStateMachine (DatanodeStateMachine.java:lambda$startDaemon$0(350)) - Ozone container server started.
2019-09-09 08:10:59,176 [Thread-4506] INFO  impl.FollowerState (FollowerState.java:run(106)) - f0b1dae6-f321-4e50-a03e-542d768699a7:group-51F41B8144FD changes to CANDIDATE, lastRpcTime:6548, electionTimeout:5179ms
2019-09-09 08:10:59,176 [Thread-4506] INFO  impl.RoleInfo (RoleInfo.java:shutdownFollowerState(121)) - f0b1dae6-f321-4e50-a03e-542d768699a7: shutdown FollowerState
2019-09-09 08:10:59,176 [Thread-4506] INFO  impl.RaftServerImpl (RaftServerImpl.java:setRole(171)) - f0b1dae6-f321-4e50-a03e-542d768699a7:group-51F41B8144FD changes role from FOLLOWER to CANDIDATE at term 2 for changeToCandidate
2019-09-09 08:10:59,176 [Thread-4506] INFO  impl.RoleInfo (RoleInfo.java:updateAndGet(143)) - f0b1dae6-f321-4e50-a03e-542d768699a7: start LeaderElection
2019-09-09 08:10:59,177 [f0b1dae6-f321-4e50-a03e-542d768699a7:group-51F41B8144FD:LeaderElection104] INFO  impl.RaftServerImpl (ServerState.java:setLeader(263)) - f0b1dae6-f321-4e50-a03e-542d768699a7:group-51F41B8144FD change Leader from d5239ec2-78a2-4cd1-a8eb-80aa9cb2f2f7 to null at term 2 for initElection
2019-09-09 08:10:59,200 [f0b1dae6-f321-4e50-a03e-542d768699a7:group-51F41B8144FD:LeaderElection104] INFO  impl.LeaderElection (LeaderElection.java:askForVotes(181)) - f0b1dae6-f321-4e50-a03e-542d768699a7:group-51F41B8144FD:LeaderElection104: begin an election at term 3 for 0: [d5239ec2-78a2-4cd1-a8eb-80aa9cb2f2f7:192.168.5.142:40637, 350e76c6-83a1-4611-85eb-62f03c20ce37:192.168.5.142:34354, f0b1dae6-f321-4e50-a03e-542d768699a7:192.168.5.142:44392], old=null
2019-09-09 08:10:59,202 [f0b1dae6-f321-4e50-a03e-542d768699a7:group-51F41B8144FD:LeaderElection104] INFO  impl.LeaderElection (LogUtils.java:infoOrTrace(149)) - f0b1dae6-f321-4e50-a03e-542d768699a7:group-51F41B8144FD:LeaderElection104 got exception when requesting votes: {}
java.util.concurrent.ExecutionException: org.apache.ratis.thirdparty.io.grpc.StatusRuntimeException: UNAVAILABLE: io exception
	at java.util.concurrent.FutureTask.report(FutureTask.java:122)
	at java.util.concurrent.FutureTask.get(FutureTask.java:192)
	at org.apache.ratis.server.impl.LeaderElection.waitForResults(LeaderElection.java:262)
	at org.apache.ratis.server.impl.LeaderElection.askForVotes(LeaderElection.java:200)
	at org.apache.ratis.server.impl.LeaderElection.run(LeaderElection.java:130)
	at java.lang.Thread.run(Thread.java:748)
Caused by: org.apache.ratis.thirdparty.io.grpc.StatusRuntimeException: UNAVAILABLE: io exception
	at org.apache.ratis.thirdparty.io.grpc.stub.ClientCalls.toStatusRuntimeException(ClientCalls.java:233)
	at org.apache.ratis.thirdparty.io.grpc.stub.ClientCalls.getUnchecked(ClientCalls.java:214)
	at org.apache.ratis.thirdparty.io.grpc.stub.ClientCalls.blockingUnaryCall(ClientCalls.java:139)
	at org.apache.ratis.proto.grpc.RaftServerProtocolServiceGrpc$RaftServerProtocolServiceBlockingStub.requestVote(RaftServerProtocolServiceGrpc.java:265)
	at org.apache.ratis.grpc.server.GrpcServerProtocolClient.requestVote(GrpcServerProtocolClient.java:83)
	at org.apache.ratis.grpc.server.GrpcService.requestVote(GrpcService.java:195)
	at org.apache.ratis.server.impl.LeaderElection.lambda$submitRequests$1(LeaderElection.java:237)
	at java.util.concurrent.FutureTask.run(FutureTask.java:266)
	at java.util.concurrent.Executors$RunnableAdapter.call(Executors.java:511)
	at java.util.concurrent.FutureTask.run(FutureTask.java:266)
	at java.util.concurrent.ThreadPoolExecutor.runWorker(ThreadPoolExecutor.java:1149)
	at java.util.concurrent.ThreadPoolExecutor$Worker.run(ThreadPoolExecutor.java:624)
	... 1 more
Caused by: org.apache.ratis.thirdparty.io.netty.channel.AbstractChannel$AnnotatedConnectException: Connection refused: /192.168.5.142:40637
	at sun.nio.ch.SocketChannelImpl.checkConnect(Native Method)
	at sun.nio.ch.SocketChannelImpl.finishConnect(SocketChannelImpl.java:717)
	at org.apache.ratis.thirdparty.io.netty.channel.socket.nio.NioSocketChannel.doFinishConnect(NioSocketChannel.java:327)
	at org.apache.ratis.thirdparty.io.netty.channel.nio.AbstractNioChannel$AbstractNioUnsafe.finishConnect(AbstractNioChannel.java:340)
	at org.apache.ratis.thirdparty.io.netty.channel.nio.NioEventLoop.processSelectedKey(NioEventLoop.java:632)
	at org.apache.ratis.thirdparty.io.netty.channel.nio.NioEventLoop.processSelectedKeysOptimized(NioEventLoop.java:579)
	at org.apache.ratis.thirdparty.io.netty.channel.nio.NioEventLoop.processSelectedKeys(NioEventLoop.java:496)
	at org.apache.ratis.thirdparty.io.netty.channel.nio.NioEventLoop.run(NioEventLoop.java:458)
	at org.apache.ratis.thirdparty.io.netty.util.concurrent.SingleThreadEventExecutor$5.run(SingleThreadEventExecutor.java:897)
	at org.apache.ratis.thirdparty.io.netty.util.concurrent.FastThreadLocalRunnable.run(FastThreadLocalRunnable.java:30)
	... 1 more
Caused by: java.net.ConnectException: Connection refused
	... 11 more
2019-09-09 08:10:59,204 [f0b1dae6-f321-4e50-a03e-542d768699a7:group-51F41B8144FD:LeaderElection104] INFO  impl.LeaderElection (LogUtils.java:infoOrTrace(149)) - f0b1dae6-f321-4e50-a03e-542d768699a7:group-51F41B8144FD:LeaderElection104 got exception when requesting votes: {}
java.util.concurrent.ExecutionException: org.apache.ratis.thirdparty.io.grpc.StatusRuntimeException: UNAVAILABLE: io exception
	at java.util.concurrent.FutureTask.report(FutureTask.java:122)
	at java.util.concurrent.FutureTask.get(FutureTask.java:192)
	at org.apache.ratis.server.impl.LeaderElection.waitForResults(LeaderElection.java:262)
	at org.apache.ratis.server.impl.LeaderElection.askForVotes(LeaderElection.java:200)
	at org.apache.ratis.server.impl.LeaderElection.run(LeaderElection.java:130)
	at java.lang.Thread.run(Thread.java:748)
Caused by: org.apache.ratis.thirdparty.io.grpc.StatusRuntimeException: UNAVAILABLE: io exception
	at org.apache.ratis.thirdparty.io.grpc.stub.ClientCalls.toStatusRuntimeException(ClientCalls.java:233)
	at org.apache.ratis.thirdparty.io.grpc.stub.ClientCalls.getUnchecked(ClientCalls.java:214)
	at org.apache.ratis.thirdparty.io.grpc.stub.ClientCalls.blockingUnaryCall(ClientCalls.java:139)
	at org.apache.ratis.proto.grpc.RaftServerProtocolServiceGrpc$RaftServerProtocolServiceBlockingStub.requestVote(RaftServerProtocolServiceGrpc.java:265)
	at org.apache.ratis.grpc.server.GrpcServerProtocolClient.requestVote(GrpcServerProtocolClient.java:83)
	at org.apache.ratis.grpc.server.GrpcService.requestVote(GrpcService.java:195)
	at org.apache.ratis.server.impl.LeaderElection.lambda$submitRequests$1(LeaderElection.java:237)
	at java.util.concurrent.FutureTask.run(FutureTask.java:266)
	at java.util.concurrent.Executors$RunnableAdapter.call(Executors.java:511)
	at java.util.concurrent.FutureTask.run(FutureTask.java:266)
	at java.util.concurrent.ThreadPoolExecutor.runWorker(ThreadPoolExecutor.java:1149)
	at java.util.concurrent.ThreadPoolExecutor$Worker.run(ThreadPoolExecutor.java:624)
	... 1 more
Caused by: org.apache.ratis.thirdparty.io.netty.channel.AbstractChannel$AnnotatedConnectException: Connection refused: /192.168.5.142:34354
	at sun.nio.ch.SocketChannelImpl.checkConnect(Native Method)
	at sun.nio.ch.SocketChannelImpl.finishConnect(SocketChannelImpl.java:717)
	at org.apache.ratis.thirdparty.io.netty.channel.socket.nio.NioSocketChannel.doFinishConnect(NioSocketChannel.java:327)
	at org.apache.ratis.thirdparty.io.netty.channel.nio.AbstractNioChannel$AbstractNioUnsafe.finishConnect(AbstractNioChannel.java:340)
	at org.apache.ratis.thirdparty.io.netty.channel.nio.NioEventLoop.processSelectedKey(NioEventLoop.java:632)
	at org.apache.ratis.thirdparty.io.netty.channel.nio.NioEventLoop.processSelectedKeysOptimized(NioEventLoop.java:579)
	at org.apache.ratis.thirdparty.io.netty.channel.nio.NioEventLoop.processSelectedKeys(NioEventLoop.java:496)
	at org.apache.ratis.thirdparty.io.netty.channel.nio.NioEventLoop.run(NioEventLoop.java:458)
	at org.apache.ratis.thirdparty.io.netty.util.concurrent.SingleThreadEventExecutor$5.run(SingleThreadEventExecutor.java:897)
	at org.apache.ratis.thirdparty.io.netty.util.concurrent.FastThreadLocalRunnable.run(FastThreadLocalRunnable.java:30)
	... 1 more
Caused by: java.net.ConnectException: Connection refused
	... 11 more
2019-09-09 08:10:59,205 [f0b1dae6-f321-4e50-a03e-542d768699a7:group-51F41B8144FD:LeaderElection104] INFO  impl.LeaderElection (LeaderElection.java:logAndReturn(56)) - f0b1dae6-f321-4e50-a03e-542d768699a7:group-51F41B8144FD:LeaderElection104: Election REJECTED; received 0 response(s) [] and 2 exception(s); f0b1dae6-f321-4e50-a03e-542d768699a7:t3, leader=null, voted=f0b1dae6-f321-4e50-a03e-542d768699a7, raftlog=f0b1dae6-f321-4e50-a03e-542d768699a7-SegmentedRaftLog:OPENED:c4,f4,i4, conf=0: [d5239ec2-78a2-4cd1-a8eb-80aa9cb2f2f7:192.168.5.142:40637, 350e76c6-83a1-4611-85eb-62f03c20ce37:192.168.5.142:34354, f0b1dae6-f321-4e50-a03e-542d768699a7:192.168.5.142:44392], old=null
2019-09-09 08:10:59,205 [f0b1dae6-f321-4e50-a03e-542d768699a7:group-51F41B8144FD:LeaderElection104] INFO  impl.LeaderElection (LogUtils.java:infoOrTrace(149)) -   Exception 0: {}
java.util.concurrent.ExecutionException: org.apache.ratis.thirdparty.io.grpc.StatusRuntimeException: UNAVAILABLE: io exception
	at java.util.concurrent.FutureTask.report(FutureTask.java:122)
	at java.util.concurrent.FutureTask.get(FutureTask.java:192)
	at org.apache.ratis.server.impl.LeaderElection.waitForResults(LeaderElection.java:262)
	at org.apache.ratis.server.impl.LeaderElection.askForVotes(LeaderElection.java:200)
	at org.apache.ratis.server.impl.LeaderElection.run(LeaderElection.java:130)
	at java.lang.Thread.run(Thread.java:748)
Caused by: org.apache.ratis.thirdparty.io.grpc.StatusRuntimeException: UNAVAILABLE: io exception
	at org.apache.ratis.thirdparty.io.grpc.stub.ClientCalls.toStatusRuntimeException(ClientCalls.java:233)
	at org.apache.ratis.thirdparty.io.grpc.stub.ClientCalls.getUnchecked(ClientCalls.java:214)
	at org.apache.ratis.thirdparty.io.grpc.stub.ClientCalls.blockingUnaryCall(ClientCalls.java:139)
	at org.apache.ratis.proto.grpc.RaftServerProtocolServiceGrpc$RaftServerProtocolServiceBlockingStub.requestVote(RaftServerProtocolServiceGrpc.java:265)
	at org.apache.ratis.grpc.server.GrpcServerProtocolClient.requestVote(GrpcServerProtocolClient.java:83)
	at org.apache.ratis.grpc.server.GrpcService.requestVote(GrpcService.java:195)
	at org.apache.ratis.server.impl.LeaderElection.lambda$submitRequests$1(LeaderElection.java:237)
	at java.util.concurrent.FutureTask.run(FutureTask.java:266)
	at java.util.concurrent.Executors$RunnableAdapter.call(Executors.java:511)
	at java.util.concurrent.FutureTask.run(FutureTask.java:266)
	at java.util.concurrent.ThreadPoolExecutor.runWorker(ThreadPoolExecutor.java:1149)
	at java.util.concurrent.ThreadPoolExecutor$Worker.run(ThreadPoolExecutor.java:624)
	... 1 more
Caused by: org.apache.ratis.thirdparty.io.netty.channel.AbstractChannel$AnnotatedConnectException: Connection refused: /192.168.5.142:40637
	at sun.nio.ch.SocketChannelImpl.checkConnect(Native Method)
	at sun.nio.ch.SocketChannelImpl.finishConnect(SocketChannelImpl.java:717)
	at org.apache.ratis.thirdparty.io.netty.channel.socket.nio.NioSocketChannel.doFinishConnect(NioSocketChannel.java:327)
	at org.apache.ratis.thirdparty.io.netty.channel.nio.AbstractNioChannel$AbstractNioUnsafe.finishConnect(AbstractNioChannel.java:340)
	at org.apache.ratis.thirdparty.io.netty.channel.nio.NioEventLoop.processSelectedKey(NioEventLoop.java:632)
	at org.apache.ratis.thirdparty.io.netty.channel.nio.NioEventLoop.processSelectedKeysOptimized(NioEventLoop.java:579)
	at org.apache.ratis.thirdparty.io.netty.channel.nio.NioEventLoop.processSelectedKeys(NioEventLoop.java:496)
	at org.apache.ratis.thirdparty.io.netty.channel.nio.NioEventLoop.run(NioEventLoop.java:458)
	at org.apache.ratis.thirdparty.io.netty.util.concurrent.SingleThreadEventExecutor$5.run(SingleThreadEventExecutor.java:897)
	at org.apache.ratis.thirdparty.io.netty.util.concurrent.FastThreadLocalRunnable.run(FastThreadLocalRunnable.java:30)
	... 1 more
Caused by: java.net.ConnectException: Connection refused
	... 11 more
2019-09-09 08:10:59,205 [f0b1dae6-f321-4e50-a03e-542d768699a7:group-51F41B8144FD:LeaderElection104] INFO  impl.LeaderElection (LogUtils.java:infoOrTrace(149)) -   Exception 1: {}
java.util.concurrent.ExecutionException: org.apache.ratis.thirdparty.io.grpc.StatusRuntimeException: UNAVAILABLE: io exception
	at java.util.concurrent.FutureTask.report(FutureTask.java:122)
	at java.util.concurrent.FutureTask.get(FutureTask.java:192)
	at org.apache.ratis.server.impl.LeaderElection.waitForResults(LeaderElection.java:262)
	at org.apache.ratis.server.impl.LeaderElection.askForVotes(LeaderElection.java:200)
	at org.apache.ratis.server.impl.LeaderElection.run(LeaderElection.java:130)
	at java.lang.Thread.run(Thread.java:748)
Caused by: org.apache.ratis.thirdparty.io.grpc.StatusRuntimeException: UNAVAILABLE: io exception
	at org.apache.ratis.thirdparty.io.grpc.stub.ClientCalls.toStatusRuntimeException(ClientCalls.java:233)
	at org.apache.ratis.thirdparty.io.grpc.stub.ClientCalls.getUnchecked(ClientCalls.java:214)
	at org.apache.ratis.thirdparty.io.grpc.stub.ClientCalls.blockingUnaryCall(ClientCalls.java:139)
	at org.apache.ratis.proto.grpc.RaftServerProtocolServiceGrpc$RaftServerProtocolServiceBlockingStub.requestVote(RaftServerProtocolServiceGrpc.java:265)
	at org.apache.ratis.grpc.server.GrpcServerProtocolClient.requestVote(GrpcServerProtocolClient.java:83)
	at org.apache.ratis.grpc.server.GrpcService.requestVote(GrpcService.java:195)
	at org.apache.ratis.server.impl.LeaderElection.lambda$submitRequests$1(LeaderElection.java:237)
	at java.util.concurrent.FutureTask.run(FutureTask.java:266)
	at java.util.concurrent.Executors$RunnableAdapter.call(Executors.java:511)
	at java.util.concurrent.FutureTask.run(FutureTask.java:266)
	at java.util.concurrent.ThreadPoolExecutor.runWorker(ThreadPoolExecutor.java:1149)
	at java.util.concurrent.ThreadPoolExecutor$Worker.run(ThreadPoolExecutor.java:624)
	... 1 more
Caused by: org.apache.ratis.thirdparty.io.netty.channel.AbstractChannel$AnnotatedConnectException: Connection refused: /192.168.5.142:34354
	at sun.nio.ch.SocketChannelImpl.checkConnect(Native Method)
	at sun.nio.ch.SocketChannelImpl.finishConnect(SocketChannelImpl.java:717)
	at org.apache.ratis.thirdparty.io.netty.channel.socket.nio.NioSocketChannel.doFinishConnect(NioSocketChannel.java:327)
	at org.apache.ratis.thirdparty.io.netty.channel.nio.AbstractNioChannel$AbstractNioUnsafe.finishConnect(AbstractNioChannel.java:340)
	at org.apache.ratis.thirdparty.io.netty.channel.nio.NioEventLoop.processSelectedKey(NioEventLoop.java:632)
	at org.apache.ratis.thirdparty.io.netty.channel.nio.NioEventLoop.processSelectedKeysOptimized(NioEventLoop.java:579)
	at org.apache.ratis.thirdparty.io.netty.channel.nio.NioEventLoop.processSelectedKeys(NioEventLoop.java:496)
	at org.apache.ratis.thirdparty.io.netty.channel.nio.NioEventLoop.run(NioEventLoop.java:458)
	at org.apache.ratis.thirdparty.io.netty.util.concurrent.SingleThreadEventExecutor$5.run(SingleThreadEventExecutor.java:897)
	at org.apache.ratis.thirdparty.io.netty.util.concurrent.FastThreadLocalRunnable.run(FastThreadLocalRunnable.java:30)
	... 1 more
Caused by: java.net.ConnectException: Connection refused
	... 11 more
2019-09-09 08:10:59,206 [f0b1dae6-f321-4e50-a03e-542d768699a7:group-51F41B8144FD:LeaderElection104] INFO  impl.RaftServerImpl (RaftServerImpl.java:setRole(171)) - f0b1dae6-f321-4e50-a03e-542d768699a7:group-51F41B8144FD changes role from CANDIDATE to FOLLOWER at term 3 for DISCOVERED_A_NEW_TERM
2019-09-09 08:10:59,206 [f0b1dae6-f321-4e50-a03e-542d768699a7:group-51F41B8144FD:LeaderElection104] INFO  impl.RoleInfo (RoleInfo.java:shutdownLeaderElection(134)) - f0b1dae6-f321-4e50-a03e-542d768699a7: shutdown LeaderElection
2019-09-09 08:10:59,206 [f0b1dae6-f321-4e50-a03e-542d768699a7:group-51F41B8144FD:LeaderElection104] INFO  impl.RoleInfo (RoleInfo.java:updateAndGet(143)) - f0b1dae6-f321-4e50-a03e-542d768699a7: start FollowerState
2019-09-09 08:11:02,623 [EventQueue-StaleNodeForStaleNodeHandler] INFO  node.StaleNodeHandler (StaleNodeHandler.java:onMessage(58)) - Datanode f0b1dae6-f321-4e50-a03e-542d768699a7{ip: 192.168.5.142, host: pr-hdds-2076-zndlt-2349722852, networkLocation: /default-rack, certSerialId: null} moved to stale state. Finalizing its pipelines [PipelineID=42f315e9-d4b7-4dbc-bb47-3a911f025303, PipelineID=551117a2-51db-4070-b74e-51f41b8144fd]
2019-09-09 08:11:02,623 [EventQueue-StaleNodeForStaleNodeHandler] INFO  pipeline.SCMPipelineManager (SCMPipelineManager.java:finalizeAndDestroyPipeline(311)) - destroying pipeline:Pipeline[ Id: 42f315e9-d4b7-4dbc-bb47-3a911f025303, Nodes: f0b1dae6-f321-4e50-a03e-542d768699a7{ip: 192.168.5.142, host: pr-hdds-2076-zndlt-2349722852, networkLocation: /default-rack, certSerialId: null}, Type:RATIS, Factor:ONE, State:OPEN]
2019-09-09 08:11:02,623 [EventQueue-StaleNodeForStaleNodeHandler] INFO  pipeline.PipelineStateManager (PipelineStateManager.java:finalizePipeline(123)) - Pipeline Pipeline[ Id: 42f315e9-d4b7-4dbc-bb47-3a911f025303, Nodes: f0b1dae6-f321-4e50-a03e-542d768699a7{ip: 192.168.5.142, host: pr-hdds-2076-zndlt-2349722852, networkLocation: /default-rack, certSerialId: null}, Type:RATIS, Factor:ONE, State:CLOSED] moved to CLOSED state
2019-09-09 08:11:02,624 [EventQueue-StaleNodeForStaleNodeHandler] INFO  pipeline.SCMPipelineManager (SCMPipelineManager.java:finalizeAndDestroyPipeline(311)) - destroying pipeline:Pipeline[ Id: 551117a2-51db-4070-b74e-51f41b8144fd, Nodes: 350e76c6-83a1-4611-85eb-62f03c20ce37{ip: 192.168.5.142, host: pr-hdds-2076-zndlt-2349722852, networkLocation: /default-rack, certSerialId: null}f0b1dae6-f321-4e50-a03e-542d768699a7{ip: 192.168.5.142, host: pr-hdds-2076-zndlt-2349722852, networkLocation: /default-rack, certSerialId: null}d5239ec2-78a2-4cd1-a8eb-80aa9cb2f2f7{ip: 192.168.5.142, host: pr-hdds-2076-zndlt-2349722852, networkLocation: /default-rack, certSerialId: null}, Type:RATIS, Factor:THREE, State:CLOSED]
2019-09-09 08:11:03,030 [ForkJoinPool.commonPool-worker-0] INFO  ozoneimpl.OzoneContainer (OzoneContainer.java:stop(230)) - Attempting to stop container services.
2019-09-09 08:11:03,031 [ForkJoinPool.commonPool-worker-0] INFO  impl.RaftServerProxy (RaftServerProxy.java:lambda$close$4(314)) - f0b1dae6-f321-4e50-a03e-542d768699a7: close
2019-09-09 08:11:03,031 [ForkJoinPool.commonPool-worker-0] INFO  impl.RaftServerImpl (RaftServerImpl.java:lambda$shutdown$3(245)) - f0b1dae6-f321-4e50-a03e-542d768699a7: shutdown group-3A911F025303
2019-09-09 08:11:03,031 [ForkJoinPool.commonPool-worker-0] INFO  util.JmxRegister (JmxRegister.java:unregister(73)) - Successfully un-registered JMX Bean with object name Ratis:service=RaftServer,group=group-3A911F025303,id=f0b1dae6-f321-4e50-a03e-542d768699a7
2019-09-09 08:11:03,032 [ForkJoinPool.commonPool-worker-0] INFO  impl.RoleInfo (RoleInfo.java:shutdownLeaderState(104)) - f0b1dae6-f321-4e50-a03e-542d768699a7: shutdown LeaderState
2019-09-09 08:11:03,032 [ForkJoinPool.commonPool-worker-0] INFO  impl.PendingRequests (PendingRequests.java:sendNotLeaderResponses(202)) - f0b1dae6-f321-4e50-a03e-542d768699a7-PendingRequests: sendNotLeaderResponses
2019-09-09 08:11:03,032 [ForkJoinPool.commonPool-worker-0] INFO  impl.StateMachineUpdater (StateMachineUpdater.java:stopAndJoin(115)) - StateMachineUpdater:f0b1dae6-f321-4e50-a03e-542d768699a7:group-3A911F025303: set stopIndex = 0
2019-09-09 08:11:03,033 [ForkJoinPool.commonPool-worker-0] INFO  impl.RaftServerImpl (ServerState.java:close(394)) - f0b1dae6-f321-4e50-a03e-542d768699a7:group-3A911F025303 closes. The last applied log index is 0
2019-09-09 08:11:03,033 [f0b1dae6-f321-4e50-a03e-542d768699a7-SegmentedRaftLogWorker:Storage Directory /workdir/hadoop-ozone/integration-test/target/test-dir/MiniOzoneClusterImpl-550fe9fd-5f12-4795-9217-62db7b6f07fe/datanode-5/data/ratis/42f315e9-d4b7-4dbc-bb47-3a911f025303] INFO  segmented.SegmentedRaftLogWorker (SegmentedRaftLogWorker.java:run(313)) - f0b1dae6-f321-4e50-a03e-542d768699a7-SegmentedRaftLogWorker:Storage Directory /workdir/hadoop-ozone/integration-test/target/test-dir/MiniOzoneClusterImpl-550fe9fd-5f12-4795-9217-62db7b6f07fe/datanode-5/data/ratis/42f315e9-d4b7-4dbc-bb47-3a911f025303 was interrupted, exiting. There are 0 tasks remaining in the queue.
2019-09-09 08:11:03,033 [ForkJoinPool.commonPool-worker-0] INFO  segmented.SegmentedRaftLogWorker (SegmentedRaftLogWorker.java:close(228)) - f0b1dae6-f321-4e50-a03e-542d768699a7-SegmentedRaftLogWorker:Storage Directory /workdir/hadoop-ozone/integration-test/target/test-dir/MiniOzoneClusterImpl-550fe9fd-5f12-4795-9217-62db7b6f07fe/datanode-5/data/ratis/42f315e9-d4b7-4dbc-bb47-3a911f025303 close()
2019-09-09 08:11:03,035 [ForkJoinPool.commonPool-worker-0] INFO  impl.RaftServerImpl (RaftServerImpl.java:lambda$shutdown$3(245)) - f0b1dae6-f321-4e50-a03e-542d768699a7: shutdown group-51F41B8144FD
2019-09-09 08:11:03,035 [ForkJoinPool.commonPool-worker-0] INFO  util.JmxRegister (JmxRegister.java:unregister(73)) - Successfully un-registered JMX Bean with object name Ratis:service=RaftServer,group=group-51F41B8144FD,id=f0b1dae6-f321-4e50-a03e-542d768699a7
2019-09-09 08:11:03,036 [ForkJoinPool.commonPool-worker-0] INFO  impl.RoleInfo (RoleInfo.java:shutdownFollowerState(121)) - f0b1dae6-f321-4e50-a03e-542d768699a7: shutdown FollowerState
2019-09-09 08:11:03,036 [ForkJoinPool.commonPool-worker-0] INFO  impl.StateMachineUpdater (StateMachineUpdater.java:stopAndJoin(115)) - StateMachineUpdater:f0b1dae6-f321-4e50-a03e-542d768699a7:group-51F41B8144FD: set stopIndex = 4
2019-09-09 08:11:03,036 [Thread-4633] INFO  impl.FollowerState (FollowerState.java:run(114)) - f0b1dae6-f321-4e50-a03e-542d768699a7: FollowerState was interrupted: java.lang.InterruptedException: sleep interrupted
2019-09-09 08:11:03,036 [StateMachineUpdater:f0b1dae6-f321-4e50-a03e-542d768699a7:group-51F41B8144FD] INFO  ratis.ContainerStateMachine (ContainerStateMachine.java:takeSnapshot(284)) - group-51F41B8144FD: Taking a snapshot at:(t:2, i:3) file /workdir/hadoop-ozone/integration-test/target/test-dir/MiniOzoneClusterImpl-550fe9fd-5f12-4795-9217-62db7b6f07fe/datanode-5/data/ratis/551117a2-51db-4070-b74e-51f41b8144fd/sm/snapshot.2_3
2019-09-09 08:11:03,061 [StateMachineUpdater:f0b1dae6-f321-4e50-a03e-542d768699a7:group-51F41B8144FD] INFO  ratis.ContainerStateMachine (ContainerStateMachine.java:takeSnapshot(295)) - group-51F41B8144FD: Finished taking a snapshot at:(t:2, i:3) file:/workdir/hadoop-ozone/integration-test/target/test-dir/MiniOzoneClusterImpl-550fe9fd-5f12-4795-9217-62db7b6f07fe/datanode-5/data/ratis/551117a2-51db-4070-b74e-51f41b8144fd/sm/snapshot.2_3 time:24
2019-09-09 08:11:03,061 [StateMachineUpdater:f0b1dae6-f321-4e50-a03e-542d768699a7:group-51F41B8144FD] INFO  impl.StateMachineUpdater (StateMachineUpdater.java:takeSnapshot(242)) - StateMachineUpdater:f0b1dae6-f321-4e50-a03e-542d768699a7:group-51F41B8144FD: Took a snapshot at index 3
2019-09-09 08:11:03,061 [StateMachineUpdater:f0b1dae6-f321-4e50-a03e-542d768699a7:group-51F41B8144FD] INFO  impl.StateMachineUpdater (StateMachineUpdater.java:lambda$new$0(80)) - StateMachineUpdater:f0b1dae6-f321-4e50-a03e-542d768699a7:group-51F41B8144FD: snapshotIndex: updateIncreasingly -1 -> 3
2019-09-09 08:11:03,061 [ForkJoinPool.commonPool-worker-0] INFO  impl.RaftServerImpl (ServerState.java:close(394)) - f0b1dae6-f321-4e50-a03e-542d768699a7:group-51F41B8144FD closes. The last applied log index is 4
2019-09-09 08:11:03,062 [f0b1dae6-f321-4e50-a03e-542d768699a7-SegmentedRaftLogWorker:Storage Directory /workdir/hadoop-ozone/integration-test/target/test-dir/MiniOzoneClusterImpl-550fe9fd-5f12-4795-9217-62db7b6f07fe/datanode-5/data/ratis/551117a2-51db-4070-b74e-51f41b8144fd] INFO  segmented.SegmentedRaftLogWorker (SegmentedRaftLogWorker.java:run(313)) - f0b1dae6-f321-4e50-a03e-542d768699a7-SegmentedRaftLogWorker:Storage Directory /workdir/hadoop-ozone/integration-test/target/test-dir/MiniOzoneClusterImpl-550fe9fd-5f12-4795-9217-62db7b6f07fe/datanode-5/data/ratis/551117a2-51db-4070-b74e-51f41b8144fd was interrupted, exiting. There are 0 tasks remaining in the queue.
2019-09-09 08:11:03,062 [ForkJoinPool.commonPool-worker-0] INFO  segmented.SegmentedRaftLogWorker (SegmentedRaftLogWorker.java:close(228)) - f0b1dae6-f321-4e50-a03e-542d768699a7-SegmentedRaftLogWorker:Storage Directory /workdir/hadoop-ozone/integration-test/target/test-dir/MiniOzoneClusterImpl-550fe9fd-5f12-4795-9217-62db7b6f07fe/datanode-5/data/ratis/551117a2-51db-4070-b74e-51f41b8144fd close()
2019-09-09 08:11:03,063 [ForkJoinPool.commonPool-worker-0] INFO  server.GrpcService (GrpcService.java:closeImpl(155)) - f0b1dae6-f321-4e50-a03e-542d768699a7: shutdown server with port 44392 now
2019-09-09 08:11:03,064 [ForkJoinPool.commonPool-worker-0] INFO  server.GrpcService (GrpcService.java:closeImpl(163)) - f0b1dae6-f321-4e50-a03e-542d768699a7: shutdown server with port 44392 successfully
2019-09-09 08:11:03,069 [refreshUsed-/workdir/hadoop-ozone/integration-test/target/test-dir/MiniOzoneClusterImpl-550fe9fd-5f12-4795-9217-62db7b6f07fe/datanode-5/data/containers] WARN  fs.CachingGetSpaceUsed (CachingGetSpaceUsed.java:run(183)) - Thread Interrupted waiting to refresh disk information: sleep interrupted
2019-09-09 08:11:03,085 [ForkJoinPool.commonPool-worker-0] INFO  utils.BackgroundService (BackgroundService.java:shutdown(148)) - Shutting down service BlockDeletingService
2019-09-09 08:11:03,089 [ForkJoinPool.commonPool-worker-0] INFO  statemachine.DatanodeStateMachine (DatanodeStateMachine.java:stopDaemon(395)) - Ozone container server stopped.
2019-09-09 08:11:03,091 [ForkJoinPool.commonPool-worker-0] INFO  handler.ContextHandler (ContextHandler.java:doStop(910)) - Stopped o.e.j.w.WebAppContext@7e848aea{/,null,UNAVAILABLE}{/hddsDatanode}
2019-09-09 08:11:03,091 [ForkJoinPool.commonPool-worker-0] INFO  server.AbstractConnector (AbstractConnector.java:doStop(318)) - Stopped ServerConnector@786a3477{HTTP/1.1,[http/1.1]}{0.0.0.0:0}
2019-09-09 08:11:03,092 [ForkJoinPool.commonPool-worker-0] INFO  handler.ContextHandler (ContextHandler.java:doStop(910)) - Stopped o.e.j.s.ServletContextHandler@12365bd8{/static,jar:file:/home/user/.m2/repository/org/apache/hadoop/hadoop-hdds-container-service/0.5.0-SNAPSHOT/hadoop-hdds-container-service-0.5.0-SNAPSHOT.jar!/webapps/static,UNAVAILABLE}
2019-09-09 08:11:03,094 [ForkJoinPool.commonPool-worker-0] INFO  handler.ContextHandler (ContextHandler.java:doStop(910)) - Stopped o.e.j.s.ServletContextHandler@85ab964{/logs,file:///workdir/hadoop-ozone/integration-test/target/log,UNAVAILABLE}
2019-09-09 08:11:03,095 [main] INFO  ozone.MiniOzoneClusterImpl (MiniOzoneClusterImpl.java:stop(339)) - Stopping the StorageContainerManager
2019-09-09 08:11:03,095 [main] INFO  server.StorageContainerManager (StorageContainerManager.java:stop(797)) - Stopping Replication Manager Service.
2019-09-09 08:11:03,095 [main] INFO  container.ReplicationManager (ReplicationManager.java:stop(203)) - Stopping Replication Monitor Thread.
2019-09-09 08:11:03,095 [main] INFO  server.StorageContainerManager (StorageContainerManager.java:stop(804)) - Stopping Lease Manager of the command watchers
2019-09-09 08:11:03,096 [main] INFO  server.StorageContainerManager (StorageContainerManager.java:stop(811)) - Stopping datanode service RPC server
2019-09-09 08:11:03,096 [main] INFO  server.SCMDatanodeProtocolServer (SCMDatanodeProtocolServer.java:stop(367)) - Stopping the RPC server for DataNodes
2019-09-09 08:11:03,096 [main] INFO  ipc.Server (Server.java:stop(3082)) - Stopping server on 45363
2019-09-09 08:11:03,099 [IPC Server listener on 45363] INFO  ipc.Server (Server.java:run(1185)) - Stopping IPC Server listener on 45363
2019-09-09 08:11:03,099 [IPC Server Responder] INFO  ipc.Server (Server.java:run(1319)) - Stopping IPC Server Responder
2019-09-09 08:11:03,124 [SCM Heartbeat Processing Thread - 0] WARN  node.NodeStateManager (NodeStateManager.java:scheduleNextHealthCheck(646)) - Current Thread is interrupted, shutting down HB processing thread for Node Manager.
2019-09-09 08:11:03,124 [main] INFO  server.StorageContainerManager (StorageContainerManager.java:stop(819)) - Stopping block service RPC server
2019-09-09 08:11:03,124 [main] INFO  server.SCMBlockProtocolServer (SCMBlockProtocolServer.java:stop(155)) - Stopping the RPC server for Block Protocol
2019-09-09 08:11:03,125 [main] INFO  ipc.Server (Server.java:stop(3082)) - Stopping server on 42257
2019-09-09 08:11:03,127 [IPC Server listener on 42257] INFO  ipc.Server (Server.java:run(1185)) - Stopping IPC Server listener on 42257
2019-09-09 08:11:03,127 [main] INFO  server.StorageContainerManager (StorageContainerManager.java:stop(826)) - Stopping the StorageContainerLocationProtocol RPC server
2019-09-09 08:11:03,127 [IPC Server Responder] INFO  ipc.Server (Server.java:run(1319)) - Stopping IPC Server Responder
2019-09-09 08:11:03,128 [main] INFO  server.SCMClientProtocolServer (SCMClientProtocolServer.java:stop(159)) - Stopping the RPC server for Client Protocol
2019-09-09 08:11:03,129 [main] INFO  ipc.Server (Server.java:stop(3082)) - Stopping server on 39934
2019-09-09 08:11:03,132 [IPC Server listener on 39934] INFO  ipc.Server (Server.java:run(1185)) - Stopping IPC Server listener on 39934
2019-09-09 08:11:03,132 [main] INFO  server.StorageContainerManager (StorageContainerManager.java:stop(833)) - Stopping Storage Container Manager HTTP server.
2019-09-09 08:11:03,132 [IPC Server Responder] INFO  ipc.Server (Server.java:run(1319)) - Stopping IPC Server Responder
2019-09-09 08:11:03,133 [main] INFO  handler.ContextHandler (ContextHandler.java:doStop(910)) - Stopped o.e.j.w.WebAppContext@33f4c769{/,null,UNAVAILABLE}{/scm}
2019-09-09 08:11:03,134 [main] INFO  server.AbstractConnector (AbstractConnector.java:doStop(318)) - Stopped ServerConnector@4ebd6fd6{HTTP/1.1,[http/1.1]}{0.0.0.0:0}
2019-09-09 08:11:03,134 [main] INFO  handler.ContextHandler (ContextHandler.java:doStop(910)) - Stopped o.e.j.s.ServletContextHandler@5b332439{/static,file:///workdir/hadoop-ozone/integration-test/target/test-classes/webapps/static,UNAVAILABLE}
2019-09-09 08:11:03,135 [main] INFO  handler.ContextHandler (ContextHandler.java:doStop(910)) - Stopped o.e.j.s.ServletContextHandler@3ef3f661{/logs,file:///workdir/hadoop-ozone/integration-test/target/log,UNAVAILABLE}
2019-09-09 08:11:03,136 [main] INFO  server.StorageContainerManager (StorageContainerManager.java:stop(844)) - Stopping Block Manager Service.
2019-09-09 08:11:03,136 [main] INFO  utils.BackgroundService (BackgroundService.java:shutdown(148)) - Shutting down service SCMBlockDeletingService
2019-09-09 08:11:03,137 [main] INFO  utils.BackgroundService (BackgroundService.java:shutdown(148)) - Shutting down service SCMBlockDeletingService
2019-09-09 08:11:03,137 [main] INFO  server.StorageContainerManager (StorageContainerManager.java:stop(866)) - Stopping SCM Event Queue.
2019-09-09 08:11:03,146 [main] INFO  impl.MetricsSystemImpl (MetricsSystemImpl.java:stop(210)) - Stopping HddsDatanode metrics system...
2019-09-09 08:11:03,161 [main] INFO  impl.MetricsSystemImpl (MetricsSystemImpl.java:stop(216)) - HddsDatanode metrics system stopped.
]]></system-out>
  </testcase>
  <testcase name="testExceptionDuringClose" classname="org.apache.hadoop.ozone.client.rpc.TestBlockOutputStreamWithFailures" time="36.607"/>
</testsuite>