<?xml version="1.0" encoding="UTF-8"?>
<testsuite xmlns:xsi="http://www.w3.org/2001/XMLSchema-instance" xsi:noNamespaceSchemaLocation="https://maven.apache.org/surefire/maven-surefire-plugin/xsd/surefire-test-report.xsd" name="org.apache.hadoop.ozone.client.rpc.TestCommitWatcher" time="59.458" tests="2" errors="0" skipped="0" failures="1">
  <properties>
    <property name="awt.toolkit" value="sun.awt.X11.XToolkit"/>
    <property name="file.encoding.pkg" value="sun.io"/>
    <property name="java.specification.version" value="1.8"/>
    <property name="sun.cpu.isalist" value=""/>
    <property name="sun.jnu.encoding" value="UTF-8"/>
    <property name="java.class.path" value="/workdir/hadoop-ozone/integration-test/target/test-classes:/workdir/hadoop-ozone/integration-test/target/classes:/home/user/.m2/repository/org/apache/hadoop/hadoop-ozone-common/0.5.0-SNAPSHOT/hadoop-ozone-common-0.5.0-SNAPSHOT.jar:/home/user/.m2/repository/org/apache/commons/commons-compress/1.4.1/commons-compress-1.4.1.jar:/home/user/.m2/repository/org/tukaani/xz/1.0/xz-1.0.jar:/home/user/.m2/repository/org/apache/hadoop/hadoop-common/3.2.0/hadoop-common-3.2.0.jar:/home/user/.m2/repository/org/apache/hadoop/hadoop-hdfs/3.2.0/hadoop-hdfs-3.2.0.jar:/home/user/.m2/repository/org/apache/hadoop/hadoop-hdfs-client/3.2.0/hadoop-hdfs-client-3.2.0.jar:/home/user/.m2/repository/com/fasterxml/jackson/core/jackson-annotations/2.9.5/jackson-annotations-2.9.5.jar:/home/user/.m2/repository/org/apache/hadoop/hadoop-hdds-common/0.5.0-SNAPSHOT/hadoop-hdds-common-0.5.0-SNAPSHOT.jar:/home/user/.m2/repository/javax/annotation/javax.annotation-api/1.2/javax.annotation-api-1.2.jar:/home/user/.m2/repository/org/apache/ratis/ratis-server/0.4.0-2337318-SNAPSHOT/ratis-server-0.4.0-2337318-SNAPSHOT.jar:/home/user/.m2/repository/org/apache/ratis/ratis-thirdparty-misc/0.2.0/ratis-thirdparty-misc-0.2.0.jar:/home/user/.m2/repository/org/apache/ratis/ratis-proto/0.4.0-2337318-SNAPSHOT/ratis-proto-0.4.0-2337318-SNAPSHOT.jar:/home/user/.m2/repository/org/apache/ratis/ratis-common/0.4.0-2337318-SNAPSHOT/ratis-common-0.4.0-2337318-SNAPSHOT.jar:/home/user/.m2/repository/org/apache/ratis/ratis-client/0.4.0-2337318-SNAPSHOT/ratis-client-0.4.0-2337318-SNAPSHOT.jar:/home/user/.m2/repository/org/apache/ratis/ratis-metrics/0.4.0-2337318-SNAPSHOT/ratis-metrics-0.4.0-2337318-SNAPSHOT.jar:/home/user/.m2/repository/org/apache/ratis/ratis-netty/0.4.0-2337318-SNAPSHOT/ratis-netty-0.4.0-2337318-SNAPSHOT.jar:/home/user/.m2/repository/org/apache/ratis/ratis-grpc/0.4.0-2337318-SNAPSHOT/ratis-grpc-0.4.0-2337318-SNAPSHOT.jar:/home/user/.m2/repository/org/rocksdb/rocksdbjni/6.0.1/rocksdbjni-6.0.1.jar:/home/user/.m2/repository/org/apache/logging/log4j/log4j-api/2.11.0/log4j-api-2.11.0.jar:/home/user/.m2/repository/org/apache/logging/log4j/log4j-core/2.11.0/log4j-core-2.11.0.jar:/home/user/.m2/repository/com/lmax/disruptor/3.4.2/disruptor-3.4.2.jar:/home/user/.m2/repository/org/apache/commons/commons-pool2/2.6.0/commons-pool2-2.6.0.jar:/home/user/.m2/repository/org/bouncycastle/bcpkix-jdk15on/1.60/bcpkix-jdk15on-1.60.jar:/home/user/.m2/repository/commons-validator/commons-validator/1.6/commons-validator-1.6.jar:/home/user/.m2/repository/commons-digester/commons-digester/1.8.1/commons-digester-1.8.1.jar:/home/user/.m2/repository/io/jaegertracing/jaeger-client/0.33.1/jaeger-client-0.33.1.jar:/home/user/.m2/repository/io/jaegertracing/jaeger-thrift/0.33.1/jaeger-thrift-0.33.1.jar:/home/user/.m2/repository/org/apache/thrift/libthrift/0.11.0/libthrift-0.11.0.jar:/home/user/.m2/repository/com/squareup/okhttp3/okhttp/3.9.0/okhttp-3.9.0.jar:/home/user/.m2/repository/com/squareup/okio/okio/1.13.0/okio-1.13.0.jar:/home/user/.m2/repository/io/jaegertracing/jaeger-core/0.33.1/jaeger-core-0.33.1.jar:/home/user/.m2/repository/io/jaegertracing/jaeger-tracerresolver/0.33.1/jaeger-tracerresolver-0.33.1.jar:/home/user/.m2/repository/io/opentracing/contrib/opentracing-tracerresolver/0.1.5/opentracing-tracerresolver-0.1.5.jar:/home/user/.m2/repository/io/opentracing/opentracing-util/0.31.0/opentracing-util-0.31.0.jar:/home/user/.m2/repository/io/opentracing/opentracing-api/0.31.0/opentracing-api-0.31.0.jar:/home/user/.m2/repository/io/opentracing/opentracing-noop/0.31.0/opentracing-noop-0.31.0.jar:/home/user/.m2/repository/org/apache/hadoop/hadoop-hdds-server-framework/0.5.0-SNAPSHOT/hadoop-hdds-server-framework-0.5.0-SNAPSHOT.jar:/home/user/.m2/repository/org/apache/hadoop/hadoop-hdds-container-service/0.5.0-SNAPSHOT/hadoop-hdds-container-service-0.5.0-SNAPSHOT.jar:/home/user/.m2/repository/org/apache/hadoop/hadoop-hdds-client/0.5.0-SNAPSHOT/hadoop-hdds-client-0.5.0-SNAPSHOT.jar:/home/user/.m2/repository/org/apache/hadoop/hadoop-hdds-tools/0.5.0-SNAPSHOT/hadoop-hdds-tools-0.5.0-SNAPSHOT.jar:/home/user/.m2/repository/org/apache/hadoop/hadoop-hdds-server-scm/0.5.0-SNAPSHOT/hadoop-hdds-server-scm-0.5.0-SNAPSHOT.jar:/home/user/.m2/repository/org/apache/hadoop/hadoop-hdds-docs/0.5.0-SNAPSHOT/hadoop-hdds-docs-0.5.0-SNAPSHOT.jar:/home/user/.m2/repository/io/dropwizard/metrics/metrics-core/3.2.4/metrics-core-3.2.4.jar:/home/user/.m2/repository/org/hamcrest/hamcrest-all/1.3/hamcrest-all-1.3.jar:/home/user/.m2/repository/org/bouncycastle/bcprov-jdk15on/1.60/bcprov-jdk15on-1.60.jar:/home/user/.m2/repository/info/picocli/picocli/3.9.6/picocli-3.9.6.jar:/home/user/.m2/repository/com/google/protobuf/protobuf-java/2.5.0/protobuf-java-2.5.0.jar:/home/user/.m2/repository/com/google/guava/guava/11.0.2/guava-11.0.2.jar:/home/user/.m2/repository/org/apache/hadoop/hadoop-ozone-ozone-manager/0.5.0-SNAPSHOT/hadoop-ozone-ozone-manager-0.5.0-SNAPSHOT.jar:/home/user/.m2/repository/org/apache/hadoop/hadoop-minikdc/3.2.0/hadoop-minikdc-3.2.0.jar:/home/user/.m2/repository/commons-io/commons-io/2.5/commons-io-2.5.jar:/home/user/.m2/repository/org/apache/kerby/kerb-simplekdc/1.0.1/kerb-simplekdc-1.0.1.jar:/home/user/.m2/repository/org/apache/kerby/kerb-client/1.0.1/kerb-client-1.0.1.jar:/home/user/.m2/repository/org/apache/kerby/kerby-config/1.0.1/kerby-config-1.0.1.jar:/home/user/.m2/repository/org/apache/kerby/kerb-core/1.0.1/kerb-core-1.0.1.jar:/home/user/.m2/repository/org/apache/kerby/kerby-pkix/1.0.1/kerby-pkix-1.0.1.jar:/home/user/.m2/repository/org/apache/kerby/kerby-asn1/1.0.1/kerby-asn1-1.0.1.jar:/home/user/.m2/repository/org/apache/kerby/kerby-util/1.0.1/kerby-util-1.0.1.jar:/home/user/.m2/repository/org/apache/kerby/kerb-common/1.0.1/kerb-common-1.0.1.jar:/home/user/.m2/repository/org/apache/kerby/kerb-crypto/1.0.1/kerb-crypto-1.0.1.jar:/home/user/.m2/repository/org/apache/kerby/kerb-util/1.0.1/kerb-util-1.0.1.jar:/home/user/.m2/repository/org/apache/kerby/token-provider/1.0.1/token-provider-1.0.1.jar:/home/user/.m2/repository/org/apache/kerby/kerb-admin/1.0.1/kerb-admin-1.0.1.jar:/home/user/.m2/repository/org/apache/kerby/kerb-server/1.0.1/kerb-server-1.0.1.jar:/home/user/.m2/repository/org/apache/kerby/kerb-identity/1.0.1/kerb-identity-1.0.1.jar:/home/user/.m2/repository/org/apache/kerby/kerby-xdr/1.0.1/kerby-xdr-1.0.1.jar:/home/user/.m2/repository/org/slf4j/slf4j-log4j12/1.7.25/slf4j-log4j12-1.7.25.jar:/home/user/.m2/repository/org/apache/hadoop/hadoop-ozone-s3gateway/0.5.0-SNAPSHOT/hadoop-ozone-s3gateway-0.5.0-SNAPSHOT.jar:/home/user/.m2/repository/org/jboss/weld/servlet/weld-servlet/2.4.7.Final/weld-servlet-2.4.7.Final.jar:/home/user/.m2/repository/org/glassfish/jersey/containers/jersey-container-servlet-core/2.27/jersey-container-servlet-core-2.27.jar:/home/user/.m2/repository/org/glassfish/hk2/external/javax.inject/2.5.0-b42/javax.inject-2.5.0-b42.jar:/home/user/.m2/repository/org/glassfish/jersey/core/jersey-common/2.27/jersey-common-2.27.jar:/home/user/.m2/repository/org/glassfish/hk2/osgi-resource-locator/1.0.1/osgi-resource-locator-1.0.1.jar:/home/user/.m2/repository/javax/ws/rs/javax.ws.rs-api/2.1/javax.ws.rs-api-2.1.jar:/home/user/.m2/repository/org/glassfish/jersey/ext/cdi/jersey-cdi1x/2.27/jersey-cdi1x-2.27.jar:/home/user/.m2/repository/org/glassfish/jersey/inject/jersey-hk2/2.27/jersey-hk2-2.27.jar:/home/user/.m2/repository/org/glassfish/hk2/hk2-locator/2.5.0-b42/hk2-locator-2.5.0-b42.jar:/home/user/.m2/repository/org/javassist/javassist/3.22.0-CR2/javassist-3.22.0-CR2.jar:/home/user/.m2/repository/org/glassfish/hk2/hk2-api/2.5.0/hk2-api-2.5.0.jar:/home/user/.m2/repository/org/glassfish/hk2/external/jakarta.inject/2.5.0/jakarta.inject-2.5.0.jar:/home/user/.m2/repository/org/glassfish/hk2/hk2-utils/2.5.0/hk2-utils-2.5.0.jar:/home/user/.m2/repository/jakarta/annotation/jakarta.annotation-api/1.3.4/jakarta.annotation-api-1.3.4.jar:/home/user/.m2/repository/org/glassfish/hk2/external/aopalliance-repackaged/2.5.0/aopalliance-repackaged-2.5.0.jar:/home/user/.m2/repository/com/fasterxml/jackson/dataformat/jackson-dataformat-xml/2.9.0/jackson-dataformat-xml-2.9.0.jar:/home/user/.m2/repository/com/fasterxml/jackson/core/jackson-core/2.9.5/jackson-core-2.9.5.jar:/home/user/.m2/repository/com/fasterxml/jackson/module/jackson-module-jaxb-annotations/2.9.5/jackson-module-jaxb-annotations-2.9.5.jar:/home/user/.m2/repository/javax/enterprise/cdi-api/1.2/cdi-api-1.2.jar:/home/user/.m2/repository/javax/el/javax.el-api/3.0.0/javax.el-api-3.0.0.jar:/home/user/.m2/repository/javax/interceptor/javax.interceptor-api/1.2/javax.interceptor-api-1.2.jar:/home/user/.m2/repository/javax/inject/javax.inject/1/javax.inject-1.jar:/home/user/.m2/repository/com/sun/xml/bind/jaxb-impl/2.3.0.1/jaxb-impl-2.3.0.1.jar:/home/user/.m2/repository/com/sun/xml/bind/jaxb-core/2.3.0.1/jaxb-core-2.3.0.1.jar:/home/user/.m2/repository/javax/xml/bind/jaxb-api/2.3.0/jaxb-api-2.3.0.jar:/home/user/.m2/repository/javax/activation/activation/1.1.1/activation-1.1.1.jar:/home/user/.m2/repository/org/apache/hadoop/hadoop-ozone-csi/0.5.0-SNAPSHOT/hadoop-ozone-csi-0.5.0-SNAPSHOT.jar:/home/user/.m2/repository/com/google/protobuf/protobuf-java-util/3.5.1/protobuf-java-util-3.5.1.jar:/home/user/.m2/repository/org/apache/hadoop/hadoop-hdds-config/0.5.0-SNAPSHOT/hadoop-hdds-config-0.5.0-SNAPSHOT.jar:/home/user/.m2/repository/io/grpc/grpc-netty/1.17.1/grpc-netty-1.17.1.jar:/home/user/.m2/repository/io/grpc/grpc-core/1.17.1/grpc-core-1.17.1.jar:/home/user/.m2/repository/io/grpc/grpc-context/1.17.1/grpc-context-1.17.1.jar:/home/user/.m2/repository/com/google/errorprone/error_prone_annotations/2.2.0/error_prone_annotations-2.2.0.jar:/home/user/.m2/repository/org/codehaus/mojo/animal-sniffer-annotations/1.17/animal-sniffer-annotations-1.17.jar:/home/user/.m2/repository/io/opencensus/opencensus-api/0.17.0/opencensus-api-0.17.0.jar:/home/user/.m2/repository/io/opencensus/opencensus-contrib-grpc-metrics/0.17.0/opencensus-contrib-grpc-metrics-0.17.0.jar:/home/user/.m2/repository/io/netty/netty-codec-http2/4.1.30.Final/netty-codec-http2-4.1.30.Final.jar:/home/user/.m2/repository/io/netty/netty-codec-http/4.1.30.Final/netty-codec-http-4.1.30.Final.jar:/home/user/.m2/repository/io/netty/netty-codec/4.1.30.Final/netty-codec-4.1.30.Final.jar:/home/user/.m2/repository/io/netty/netty-handler/4.1.30.Final/netty-handler-4.1.30.Final.jar:/home/user/.m2/repository/io/netty/netty-handler-proxy/4.1.30.Final/netty-handler-proxy-4.1.30.Final.jar:/home/user/.m2/repository/io/netty/netty-codec-socks/4.1.30.Final/netty-codec-socks-4.1.30.Final.jar:/home/user/.m2/repository/io/netty/netty-transport-native-epoll/4.1.30.Final/netty-transport-native-epoll-4.1.30.Final.jar:/home/user/.m2/repository/io/netty/netty-common/4.1.30.Final/netty-common-4.1.30.Final.jar:/home/user/.m2/repository/io/netty/netty-buffer/4.1.30.Final/netty-buffer-4.1.30.Final.jar:/home/user/.m2/repository/io/netty/netty-transport/4.1.30.Final/netty-transport-4.1.30.Final.jar:/home/user/.m2/repository/io/netty/netty-resolver/4.1.30.Final/netty-resolver-4.1.30.Final.jar:/home/user/.m2/repository/io/netty/netty-transport-native-unix-common/4.1.30.Final/netty-transport-native-unix-common-4.1.30.Final.jar:/home/user/.m2/repository/io/grpc/grpc-protobuf/1.17.1/grpc-protobuf-1.17.1.jar:/home/user/.m2/repository/com/google/api/grpc/proto-google-common-protos/1.0.0/proto-google-common-protos-1.0.0.jar:/home/user/.m2/repository/io/grpc/grpc-protobuf-lite/1.17.1/grpc-protobuf-lite-1.17.1.jar:/home/user/.m2/repository/io/grpc/grpc-stub/1.17.1/grpc-stub-1.17.1.jar:/home/user/.m2/repository/org/apache/hadoop/hadoop-ozone-recon/0.5.0-SNAPSHOT/hadoop-ozone-recon-0.5.0-SNAPSHOT.jar:/home/user/.m2/repository/org/apache/hadoop/hadoop-ozone-reconcodegen/0.5.0-SNAPSHOT/hadoop-ozone-reconcodegen-0.5.0-SNAPSHOT.jar:/home/user/.m2/repository/com/google/inject/extensions/guice-multibindings/4.0/guice-multibindings-4.0.jar:/home/user/.m2/repository/com/google/inject/guice/4.0/guice-4.0.jar:/home/user/.m2/repository/aopalliance/aopalliance/1.0/aopalliance-1.0.jar:/home/user/.m2/repository/com/google/inject/extensions/guice-servlet/4.0/guice-servlet-4.0.jar:/home/user/.m2/repository/org/glassfish/jersey/containers/jersey-container-servlet/2.27/jersey-container-servlet-2.27.jar:/home/user/.m2/repository/org/glassfish/hk2/guice-bridge/2.5.0/guice-bridge-2.5.0.jar:/home/user/.m2/repository/org/glassfish/jersey/core/jersey-server/2.27/jersey-server-2.27.jar:/home/user/.m2/repository/org/glassfish/jersey/core/jersey-client/2.27/jersey-client-2.27.jar:/home/user/.m2/repository/org/glassfish/jersey/media/jersey-media-jaxb/2.27/jersey-media-jaxb-2.27.jar:/home/user/.m2/repository/javax/validation/validation-api/1.1.0.Final/validation-api-1.1.0.Final.jar:/home/user/.m2/repository/org/glassfish/jersey/media/jersey-media-json-jackson/2.27/jersey-media-json-jackson-2.27.jar:/home/user/.m2/repository/org/glassfish/jersey/ext/jersey-entity-filtering/2.27/jersey-entity-filtering-2.27.jar:/home/user/.m2/repository/com/google/inject/extensions/guice-assistedinject/4.0/guice-assistedinject-4.0.jar:/home/user/.m2/repository/org/jooq/jooq/3.11.10/jooq-3.11.10.jar:/home/user/.m2/repository/org/jooq/jooq-meta/3.11.10/jooq-meta-3.11.10.jar:/home/user/.m2/repository/org/jooq/jooq-codegen/3.11.10/jooq-codegen-3.11.10.jar:/home/user/.m2/repository/com/jolbox/bonecp/0.8.0.RELEASE/bonecp-0.8.0.RELEASE.jar:/home/user/.m2/repository/org/xerial/sqlite-jdbc/3.25.2/sqlite-jdbc-3.25.2.jar:/home/user/.m2/repository/org/springframework/spring-jdbc/5.1.3.RELEASE/spring-jdbc-5.1.3.RELEASE.jar:/home/user/.m2/repository/org/springframework/spring-beans/5.1.3.RELEASE/spring-beans-5.1.3.RELEASE.jar:/home/user/.m2/repository/org/springframework/spring-core/5.1.3.RELEASE/spring-core-5.1.3.RELEASE.jar:/home/user/.m2/repository/org/springframework/spring-jcl/5.1.3.RELEASE/spring-jcl-5.1.3.RELEASE.jar:/home/user/.m2/repository/org/springframework/spring-tx/5.1.3.RELEASE/spring-tx-5.1.3.RELEASE.jar:/home/user/.m2/repository/org/apache/hadoop/hadoop-ozone-client/0.5.0-SNAPSHOT/hadoop-ozone-client-0.5.0-SNAPSHOT.jar:/home/user/.m2/repository/commons-lang/commons-lang/2.6/commons-lang-2.6.jar:/home/user/.m2/repository/org/apache/hadoop/hadoop-ozone-ozone-manager/0.5.0-SNAPSHOT/hadoop-ozone-ozone-manager-0.5.0-SNAPSHOT-tests.jar:/home/user/.m2/repository/junit/junit/4.11/junit-4.11.jar:/home/user/.m2/repository/org/hamcrest/hamcrest-core/1.3/hamcrest-core-1.3.jar:/home/user/.m2/repository/org/openjdk/jmh/jmh-core/1.19/jmh-core-1.19.jar:/home/user/.m2/repository/net/sf/jopt-simple/jopt-simple/4.6/jopt-simple-4.6.jar:/home/user/.m2/repository/org/apache/commons/commons-math3/3.1.1/commons-math3-3.1.1.jar:/home/user/.m2/repository/org/openjdk/jmh/jmh-generator-annprocess/1.19/jmh-generator-annprocess-1.19.jar:/home/user/.m2/repository/org/mockito/mockito-all/1.8.5/mockito-all-1.8.5.jar:/home/user/.m2/repository/org/apache/hadoop/hadoop-kms/3.2.0/hadoop-kms-3.2.0.jar:/home/user/.m2/repository/org/apache/hadoop/hadoop-auth/3.2.0/hadoop-auth-3.2.0.jar:/home/user/.m2/repository/com/nimbusds/nimbus-jose-jwt/4.41.1/nimbus-jose-jwt-4.41.1.jar:/home/user/.m2/repository/com/github/stephenc/jcip/jcip-annotations/1.0-1/jcip-annotations-1.0-1.jar:/home/user/.m2/repository/net/minidev/json-smart/2.3/json-smart-2.3.jar:/home/user/.m2/repository/net/minidev/accessors-smart/1.2/accessors-smart-1.2.jar:/home/user/.m2/repository/org/ow2/asm/asm/5.0.4/asm-5.0.4.jar:/home/user/.m2/repository/org/apache/curator/curator-framework/2.12.0/curator-framework-2.12.0.jar:/home/user/.m2/repository/com/sun/jersey/jersey-core/1.19/jersey-core-1.19.jar:/home/user/.m2/repository/javax/ws/rs/jsr311-api/1.1.1/jsr311-api-1.1.1.jar:/home/user/.m2/repository/com/sun/jersey/jersey-server/1.19/jersey-server-1.19.jar:/home/user/.m2/repository/javax/servlet/javax.servlet-api/3.1.0/javax.servlet-api-3.1.0.jar:/home/user/.m2/repository/org/eclipse/jetty/jetty-server/9.3.24.v20180605/jetty-server-9.3.24.v20180605.jar:/home/user/.m2/repository/org/eclipse/jetty/jetty-http/9.3.24.v20180605/jetty-http-9.3.24.v20180605.jar:/home/user/.m2/repository/org/eclipse/jetty/jetty-io/9.3.24.v20180605/jetty-io-9.3.24.v20180605.jar:/home/user/.m2/repository/org/eclipse/jetty/jetty-webapp/9.3.24.v20180605/jetty-webapp-9.3.24.v20180605.jar:/home/user/.m2/repository/org/eclipse/jetty/jetty-xml/9.3.24.v20180605/jetty-xml-9.3.24.v20180605.jar:/home/user/.m2/repository/log4j/log4j/1.2.17/log4j-1.2.17.jar:/home/user/.m2/repository/org/slf4j/slf4j-api/1.7.25/slf4j-api-1.7.25.jar:/home/user/.m2/repository/org/slf4j/jul-to-slf4j/1.7.25/jul-to-slf4j-1.7.25.jar:/home/user/.m2/repository/org/eclipse/jetty/jetty-util/9.3.24.v20180605/jetty-util-9.3.24.v20180605.jar:/home/user/.m2/repository/com/fasterxml/jackson/core/jackson-databind/2.9.5/jackson-databind-2.9.5.jar:/home/user/.m2/repository/org/apache/hadoop/hadoop-kms/3.2.0/hadoop-kms-3.2.0-tests.jar:/home/user/.m2/repository/org/apache/hadoop/hadoop-hdds-server-scm/0.5.0-SNAPSHOT/hadoop-hdds-server-scm-0.5.0-SNAPSHOT-tests.jar:/home/user/.m2/repository/org/apache/hadoop/hadoop-hdds-container-service/0.5.0-SNAPSHOT/hadoop-hdds-container-service-0.5.0-SNAPSHOT-tests.jar:/home/user/.m2/repository/org/yaml/snakeyaml/1.16/snakeyaml-1.16.jar:/home/user/.m2/repository/org/apache/hadoop/hadoop-common/3.2.0/hadoop-common-3.2.0-tests.jar:/home/user/.m2/repository/org/apache/hadoop/hadoop-annotations/3.2.0/hadoop-annotations-3.2.0.jar:/usr/lib/jvm/java-1.8-openjdk/jre/../lib/tools.jar:/home/user/.m2/repository/commons-cli/commons-cli/1.2/commons-cli-1.2.jar:/home/user/.m2/repository/org/apache/httpcomponents/httpclient/4.5.2/httpclient-4.5.2.jar:/home/user/.m2/repository/org/apache/httpcomponents/httpcore/4.4.4/httpcore-4.4.4.jar:/home/user/.m2/repository/commons-codec/commons-codec/1.11/commons-codec-1.11.jar:/home/user/.m2/repository/commons-net/commons-net/3.6/commons-net-3.6.jar:/home/user/.m2/repository/commons-collections/commons-collections/3.2.2/commons-collections-3.2.2.jar:/home/user/.m2/repository/org/eclipse/jetty/jetty-servlet/9.3.24.v20180605/jetty-servlet-9.3.24.v20180605.jar:/home/user/.m2/repository/org/eclipse/jetty/jetty-security/9.3.24.v20180605/jetty-security-9.3.24.v20180605.jar:/home/user/.m2/repository/javax/servlet/jsp/jsp-api/2.1/jsp-api-2.1.jar:/home/user/.m2/repository/com/sun/jersey/jersey-servlet/1.19/jersey-servlet-1.19.jar:/home/user/.m2/repository/com/sun/jersey/jersey-json/1.19/jersey-json-1.19.jar:/home/user/.m2/repository/org/codehaus/jettison/jettison/1.1/jettison-1.1.jar:/home/user/.m2/repository/org/codehaus/jackson/jackson-core-asl/1.9.13/jackson-core-asl-1.9.13.jar:/home/user/.m2/repository/org/codehaus/jackson/jackson-mapper-asl/1.9.13/jackson-mapper-asl-1.9.13.jar:/home/user/.m2/repository/org/codehaus/jackson/jackson-jaxrs/1.9.13/jackson-jaxrs-1.9.13.jar:/home/user/.m2/repository/org/codehaus/jackson/jackson-xc/1.9.13/jackson-xc-1.9.13.jar:/home/user/.m2/repository/commons-logging/commons-logging/1.1.3/commons-logging-1.1.3.jar:/home/user/.m2/repository/commons-beanutils/commons-beanutils/1.9.3/commons-beanutils-1.9.3.jar:/home/user/.m2/repository/org/apache/commons/commons-configuration2/2.1.1/commons-configuration2-2.1.1.jar:/home/user/.m2/repository/org/apache/commons/commons-lang3/3.7/commons-lang3-3.7.jar:/home/user/.m2/repository/org/apache/commons/commons-text/1.4/commons-text-1.4.jar:/home/user/.m2/repository/org/apache/avro/avro/1.7.7/avro-1.7.7.jar:/home/user/.m2/repository/com/thoughtworks/paranamer/paranamer/2.3/paranamer-2.3.jar:/home/user/.m2/repository/org/xerial/snappy/snappy-java/1.0.5/snappy-java-1.0.5.jar:/home/user/.m2/repository/com/google/re2j/re2j/1.1/re2j-1.1.jar:/home/user/.m2/repository/com/google/code/gson/gson/2.2.4/gson-2.2.4.jar:/home/user/.m2/repository/com/jcraft/jsch/0.1.54/jsch-0.1.54.jar:/home/user/.m2/repository/org/apache/curator/curator-client/2.12.0/curator-client-2.12.0.jar:/home/user/.m2/repository/org/apache/curator/curator-recipes/2.12.0/curator-recipes-2.12.0.jar:/home/user/.m2/repository/com/google/code/findbugs/jsr305/3.0.0/jsr305-3.0.0.jar:/home/user/.m2/repository/org/apache/htrace/htrace-core4/4.1.0-incubating/htrace-core4-4.1.0-incubating.jar:/home/user/.m2/repository/org/apache/zookeeper/zookeeper/3.4.13/zookeeper-3.4.13.jar:/home/user/.m2/repository/org/apache/yetus/audience-annotations/0.5.0/audience-annotations-0.5.0.jar:/home/user/.m2/repository/org/codehaus/woodstox/stax2-api/3.1.4/stax2-api-3.1.4.jar:/home/user/.m2/repository/com/fasterxml/woodstox/woodstox-core/5.0.3/woodstox-core-5.0.3.jar:/home/user/.m2/repository/dnsjava/dnsjava/2.1.7/dnsjava-2.1.7.jar:/home/user/.m2/repository/org/apache/hadoop/hadoop-hdfs/3.2.0/hadoop-hdfs-3.2.0-tests.jar:/home/user/.m2/repository/org/eclipse/jetty/jetty-util-ajax/9.3.24.v20180605/jetty-util-ajax-9.3.24.v20180605.jar:/home/user/.m2/repository/commons-daemon/commons-daemon/1.0.13/commons-daemon-1.0.13.jar:/home/user/.m2/repository/io/netty/netty/3.10.5.Final/netty-3.10.5.Final.jar:/home/user/.m2/repository/io/netty/netty-all/4.0.52.Final/netty-all-4.0.52.Final.jar:/home/user/.m2/repository/org/fusesource/leveldbjni/leveldbjni-all/1.8/leveldbjni-all-1.8.jar:"/>
    <property name="java.vm.vendor" value="IcedTea"/>
    <property name="sun.arch.data.model" value="64"/>
    <property name="test.build.dir" value="/workdir/hadoop-ozone/integration-test/target/test-dir"/>
    <property name="test.cache.data" value=""/>
    <property name="java.vendor.url" value="https://icedtea.classpath.org"/>
    <property name="user.timezone" value=""/>
    <property name="java.vm.specification.version" value="1.8"/>
    <property name="os.name" value="Linux"/>
    <property name="test.build.data" value="/workdir/hadoop-ozone/integration-test/target/test-dir"/>
    <property name="user.country" value="US"/>
    <property name="sun.java.launcher" value="SUN_STANDARD"/>
    <property name="sun.boot.library.path" value="/usr/lib/jvm/java-1.8-openjdk/jre/lib/amd64"/>
    <property name="sun.java.command" value="/workdir/hadoop-ozone/integration-test/target/surefire/surefirebooter7685992970620928328.jar /workdir/hadoop-ozone/integration-test/target/surefire 2019-09-09T07-40-13_225-jvmRun1 surefire4746120175234212628tmp surefire_268069425156979679676tmp"/>
    <property name="test" value="!TestMiniChaosOzoneCluster"/>
    <property name="surefire.test.class.path" value="/workdir/hadoop-ozone/integration-test/target/test-classes:/workdir/hadoop-ozone/integration-test/target/classes:/home/user/.m2/repository/org/apache/hadoop/hadoop-ozone-common/0.5.0-SNAPSHOT/hadoop-ozone-common-0.5.0-SNAPSHOT.jar:/home/user/.m2/repository/org/apache/commons/commons-compress/1.4.1/commons-compress-1.4.1.jar:/home/user/.m2/repository/org/tukaani/xz/1.0/xz-1.0.jar:/home/user/.m2/repository/org/apache/hadoop/hadoop-common/3.2.0/hadoop-common-3.2.0.jar:/home/user/.m2/repository/org/apache/hadoop/hadoop-hdfs/3.2.0/hadoop-hdfs-3.2.0.jar:/home/user/.m2/repository/org/apache/hadoop/hadoop-hdfs-client/3.2.0/hadoop-hdfs-client-3.2.0.jar:/home/user/.m2/repository/com/fasterxml/jackson/core/jackson-annotations/2.9.5/jackson-annotations-2.9.5.jar:/home/user/.m2/repository/org/apache/hadoop/hadoop-hdds-common/0.5.0-SNAPSHOT/hadoop-hdds-common-0.5.0-SNAPSHOT.jar:/home/user/.m2/repository/javax/annotation/javax.annotation-api/1.2/javax.annotation-api-1.2.jar:/home/user/.m2/repository/org/apache/ratis/ratis-server/0.4.0-2337318-SNAPSHOT/ratis-server-0.4.0-2337318-SNAPSHOT.jar:/home/user/.m2/repository/org/apache/ratis/ratis-thirdparty-misc/0.2.0/ratis-thirdparty-misc-0.2.0.jar:/home/user/.m2/repository/org/apache/ratis/ratis-proto/0.4.0-2337318-SNAPSHOT/ratis-proto-0.4.0-2337318-SNAPSHOT.jar:/home/user/.m2/repository/org/apache/ratis/ratis-common/0.4.0-2337318-SNAPSHOT/ratis-common-0.4.0-2337318-SNAPSHOT.jar:/home/user/.m2/repository/org/apache/ratis/ratis-client/0.4.0-2337318-SNAPSHOT/ratis-client-0.4.0-2337318-SNAPSHOT.jar:/home/user/.m2/repository/org/apache/ratis/ratis-metrics/0.4.0-2337318-SNAPSHOT/ratis-metrics-0.4.0-2337318-SNAPSHOT.jar:/home/user/.m2/repository/org/apache/ratis/ratis-netty/0.4.0-2337318-SNAPSHOT/ratis-netty-0.4.0-2337318-SNAPSHOT.jar:/home/user/.m2/repository/org/apache/ratis/ratis-grpc/0.4.0-2337318-SNAPSHOT/ratis-grpc-0.4.0-2337318-SNAPSHOT.jar:/home/user/.m2/repository/org/rocksdb/rocksdbjni/6.0.1/rocksdbjni-6.0.1.jar:/home/user/.m2/repository/org/apache/logging/log4j/log4j-api/2.11.0/log4j-api-2.11.0.jar:/home/user/.m2/repository/org/apache/logging/log4j/log4j-core/2.11.0/log4j-core-2.11.0.jar:/home/user/.m2/repository/com/lmax/disruptor/3.4.2/disruptor-3.4.2.jar:/home/user/.m2/repository/org/apache/commons/commons-pool2/2.6.0/commons-pool2-2.6.0.jar:/home/user/.m2/repository/org/bouncycastle/bcpkix-jdk15on/1.60/bcpkix-jdk15on-1.60.jar:/home/user/.m2/repository/commons-validator/commons-validator/1.6/commons-validator-1.6.jar:/home/user/.m2/repository/commons-digester/commons-digester/1.8.1/commons-digester-1.8.1.jar:/home/user/.m2/repository/io/jaegertracing/jaeger-client/0.33.1/jaeger-client-0.33.1.jar:/home/user/.m2/repository/io/jaegertracing/jaeger-thrift/0.33.1/jaeger-thrift-0.33.1.jar:/home/user/.m2/repository/org/apache/thrift/libthrift/0.11.0/libthrift-0.11.0.jar:/home/user/.m2/repository/com/squareup/okhttp3/okhttp/3.9.0/okhttp-3.9.0.jar:/home/user/.m2/repository/com/squareup/okio/okio/1.13.0/okio-1.13.0.jar:/home/user/.m2/repository/io/jaegertracing/jaeger-core/0.33.1/jaeger-core-0.33.1.jar:/home/user/.m2/repository/io/jaegertracing/jaeger-tracerresolver/0.33.1/jaeger-tracerresolver-0.33.1.jar:/home/user/.m2/repository/io/opentracing/contrib/opentracing-tracerresolver/0.1.5/opentracing-tracerresolver-0.1.5.jar:/home/user/.m2/repository/io/opentracing/opentracing-util/0.31.0/opentracing-util-0.31.0.jar:/home/user/.m2/repository/io/opentracing/opentracing-api/0.31.0/opentracing-api-0.31.0.jar:/home/user/.m2/repository/io/opentracing/opentracing-noop/0.31.0/opentracing-noop-0.31.0.jar:/home/user/.m2/repository/org/apache/hadoop/hadoop-hdds-server-framework/0.5.0-SNAPSHOT/hadoop-hdds-server-framework-0.5.0-SNAPSHOT.jar:/home/user/.m2/repository/org/apache/hadoop/hadoop-hdds-container-service/0.5.0-SNAPSHOT/hadoop-hdds-container-service-0.5.0-SNAPSHOT.jar:/home/user/.m2/repository/org/apache/hadoop/hadoop-hdds-client/0.5.0-SNAPSHOT/hadoop-hdds-client-0.5.0-SNAPSHOT.jar:/home/user/.m2/repository/org/apache/hadoop/hadoop-hdds-tools/0.5.0-SNAPSHOT/hadoop-hdds-tools-0.5.0-SNAPSHOT.jar:/home/user/.m2/repository/org/apache/hadoop/hadoop-hdds-server-scm/0.5.0-SNAPSHOT/hadoop-hdds-server-scm-0.5.0-SNAPSHOT.jar:/home/user/.m2/repository/org/apache/hadoop/hadoop-hdds-docs/0.5.0-SNAPSHOT/hadoop-hdds-docs-0.5.0-SNAPSHOT.jar:/home/user/.m2/repository/io/dropwizard/metrics/metrics-core/3.2.4/metrics-core-3.2.4.jar:/home/user/.m2/repository/org/hamcrest/hamcrest-all/1.3/hamcrest-all-1.3.jar:/home/user/.m2/repository/org/bouncycastle/bcprov-jdk15on/1.60/bcprov-jdk15on-1.60.jar:/home/user/.m2/repository/info/picocli/picocli/3.9.6/picocli-3.9.6.jar:/home/user/.m2/repository/com/google/protobuf/protobuf-java/2.5.0/protobuf-java-2.5.0.jar:/home/user/.m2/repository/com/google/guava/guava/11.0.2/guava-11.0.2.jar:/home/user/.m2/repository/org/apache/hadoop/hadoop-ozone-ozone-manager/0.5.0-SNAPSHOT/hadoop-ozone-ozone-manager-0.5.0-SNAPSHOT.jar:/home/user/.m2/repository/org/apache/hadoop/hadoop-minikdc/3.2.0/hadoop-minikdc-3.2.0.jar:/home/user/.m2/repository/commons-io/commons-io/2.5/commons-io-2.5.jar:/home/user/.m2/repository/org/apache/kerby/kerb-simplekdc/1.0.1/kerb-simplekdc-1.0.1.jar:/home/user/.m2/repository/org/apache/kerby/kerb-client/1.0.1/kerb-client-1.0.1.jar:/home/user/.m2/repository/org/apache/kerby/kerby-config/1.0.1/kerby-config-1.0.1.jar:/home/user/.m2/repository/org/apache/kerby/kerb-core/1.0.1/kerb-core-1.0.1.jar:/home/user/.m2/repository/org/apache/kerby/kerby-pkix/1.0.1/kerby-pkix-1.0.1.jar:/home/user/.m2/repository/org/apache/kerby/kerby-asn1/1.0.1/kerby-asn1-1.0.1.jar:/home/user/.m2/repository/org/apache/kerby/kerby-util/1.0.1/kerby-util-1.0.1.jar:/home/user/.m2/repository/org/apache/kerby/kerb-common/1.0.1/kerb-common-1.0.1.jar:/home/user/.m2/repository/org/apache/kerby/kerb-crypto/1.0.1/kerb-crypto-1.0.1.jar:/home/user/.m2/repository/org/apache/kerby/kerb-util/1.0.1/kerb-util-1.0.1.jar:/home/user/.m2/repository/org/apache/kerby/token-provider/1.0.1/token-provider-1.0.1.jar:/home/user/.m2/repository/org/apache/kerby/kerb-admin/1.0.1/kerb-admin-1.0.1.jar:/home/user/.m2/repository/org/apache/kerby/kerb-server/1.0.1/kerb-server-1.0.1.jar:/home/user/.m2/repository/org/apache/kerby/kerb-identity/1.0.1/kerb-identity-1.0.1.jar:/home/user/.m2/repository/org/apache/kerby/kerby-xdr/1.0.1/kerby-xdr-1.0.1.jar:/home/user/.m2/repository/org/slf4j/slf4j-log4j12/1.7.25/slf4j-log4j12-1.7.25.jar:/home/user/.m2/repository/org/apache/hadoop/hadoop-ozone-s3gateway/0.5.0-SNAPSHOT/hadoop-ozone-s3gateway-0.5.0-SNAPSHOT.jar:/home/user/.m2/repository/org/jboss/weld/servlet/weld-servlet/2.4.7.Final/weld-servlet-2.4.7.Final.jar:/home/user/.m2/repository/org/glassfish/jersey/containers/jersey-container-servlet-core/2.27/jersey-container-servlet-core-2.27.jar:/home/user/.m2/repository/org/glassfish/hk2/external/javax.inject/2.5.0-b42/javax.inject-2.5.0-b42.jar:/home/user/.m2/repository/org/glassfish/jersey/core/jersey-common/2.27/jersey-common-2.27.jar:/home/user/.m2/repository/org/glassfish/hk2/osgi-resource-locator/1.0.1/osgi-resource-locator-1.0.1.jar:/home/user/.m2/repository/javax/ws/rs/javax.ws.rs-api/2.1/javax.ws.rs-api-2.1.jar:/home/user/.m2/repository/org/glassfish/jersey/ext/cdi/jersey-cdi1x/2.27/jersey-cdi1x-2.27.jar:/home/user/.m2/repository/org/glassfish/jersey/inject/jersey-hk2/2.27/jersey-hk2-2.27.jar:/home/user/.m2/repository/org/glassfish/hk2/hk2-locator/2.5.0-b42/hk2-locator-2.5.0-b42.jar:/home/user/.m2/repository/org/javassist/javassist/3.22.0-CR2/javassist-3.22.0-CR2.jar:/home/user/.m2/repository/org/glassfish/hk2/hk2-api/2.5.0/hk2-api-2.5.0.jar:/home/user/.m2/repository/org/glassfish/hk2/external/jakarta.inject/2.5.0/jakarta.inject-2.5.0.jar:/home/user/.m2/repository/org/glassfish/hk2/hk2-utils/2.5.0/hk2-utils-2.5.0.jar:/home/user/.m2/repository/jakarta/annotation/jakarta.annotation-api/1.3.4/jakarta.annotation-api-1.3.4.jar:/home/user/.m2/repository/org/glassfish/hk2/external/aopalliance-repackaged/2.5.0/aopalliance-repackaged-2.5.0.jar:/home/user/.m2/repository/com/fasterxml/jackson/dataformat/jackson-dataformat-xml/2.9.0/jackson-dataformat-xml-2.9.0.jar:/home/user/.m2/repository/com/fasterxml/jackson/core/jackson-core/2.9.5/jackson-core-2.9.5.jar:/home/user/.m2/repository/com/fasterxml/jackson/module/jackson-module-jaxb-annotations/2.9.5/jackson-module-jaxb-annotations-2.9.5.jar:/home/user/.m2/repository/javax/enterprise/cdi-api/1.2/cdi-api-1.2.jar:/home/user/.m2/repository/javax/el/javax.el-api/3.0.0/javax.el-api-3.0.0.jar:/home/user/.m2/repository/javax/interceptor/javax.interceptor-api/1.2/javax.interceptor-api-1.2.jar:/home/user/.m2/repository/javax/inject/javax.inject/1/javax.inject-1.jar:/home/user/.m2/repository/com/sun/xml/bind/jaxb-impl/2.3.0.1/jaxb-impl-2.3.0.1.jar:/home/user/.m2/repository/com/sun/xml/bind/jaxb-core/2.3.0.1/jaxb-core-2.3.0.1.jar:/home/user/.m2/repository/javax/xml/bind/jaxb-api/2.3.0/jaxb-api-2.3.0.jar:/home/user/.m2/repository/javax/activation/activation/1.1.1/activation-1.1.1.jar:/home/user/.m2/repository/org/apache/hadoop/hadoop-ozone-csi/0.5.0-SNAPSHOT/hadoop-ozone-csi-0.5.0-SNAPSHOT.jar:/home/user/.m2/repository/com/google/protobuf/protobuf-java-util/3.5.1/protobuf-java-util-3.5.1.jar:/home/user/.m2/repository/org/apache/hadoop/hadoop-hdds-config/0.5.0-SNAPSHOT/hadoop-hdds-config-0.5.0-SNAPSHOT.jar:/home/user/.m2/repository/io/grpc/grpc-netty/1.17.1/grpc-netty-1.17.1.jar:/home/user/.m2/repository/io/grpc/grpc-core/1.17.1/grpc-core-1.17.1.jar:/home/user/.m2/repository/io/grpc/grpc-context/1.17.1/grpc-context-1.17.1.jar:/home/user/.m2/repository/com/google/errorprone/error_prone_annotations/2.2.0/error_prone_annotations-2.2.0.jar:/home/user/.m2/repository/org/codehaus/mojo/animal-sniffer-annotations/1.17/animal-sniffer-annotations-1.17.jar:/home/user/.m2/repository/io/opencensus/opencensus-api/0.17.0/opencensus-api-0.17.0.jar:/home/user/.m2/repository/io/opencensus/opencensus-contrib-grpc-metrics/0.17.0/opencensus-contrib-grpc-metrics-0.17.0.jar:/home/user/.m2/repository/io/netty/netty-codec-http2/4.1.30.Final/netty-codec-http2-4.1.30.Final.jar:/home/user/.m2/repository/io/netty/netty-codec-http/4.1.30.Final/netty-codec-http-4.1.30.Final.jar:/home/user/.m2/repository/io/netty/netty-codec/4.1.30.Final/netty-codec-4.1.30.Final.jar:/home/user/.m2/repository/io/netty/netty-handler/4.1.30.Final/netty-handler-4.1.30.Final.jar:/home/user/.m2/repository/io/netty/netty-handler-proxy/4.1.30.Final/netty-handler-proxy-4.1.30.Final.jar:/home/user/.m2/repository/io/netty/netty-codec-socks/4.1.30.Final/netty-codec-socks-4.1.30.Final.jar:/home/user/.m2/repository/io/netty/netty-transport-native-epoll/4.1.30.Final/netty-transport-native-epoll-4.1.30.Final.jar:/home/user/.m2/repository/io/netty/netty-common/4.1.30.Final/netty-common-4.1.30.Final.jar:/home/user/.m2/repository/io/netty/netty-buffer/4.1.30.Final/netty-buffer-4.1.30.Final.jar:/home/user/.m2/repository/io/netty/netty-transport/4.1.30.Final/netty-transport-4.1.30.Final.jar:/home/user/.m2/repository/io/netty/netty-resolver/4.1.30.Final/netty-resolver-4.1.30.Final.jar:/home/user/.m2/repository/io/netty/netty-transport-native-unix-common/4.1.30.Final/netty-transport-native-unix-common-4.1.30.Final.jar:/home/user/.m2/repository/io/grpc/grpc-protobuf/1.17.1/grpc-protobuf-1.17.1.jar:/home/user/.m2/repository/com/google/api/grpc/proto-google-common-protos/1.0.0/proto-google-common-protos-1.0.0.jar:/home/user/.m2/repository/io/grpc/grpc-protobuf-lite/1.17.1/grpc-protobuf-lite-1.17.1.jar:/home/user/.m2/repository/io/grpc/grpc-stub/1.17.1/grpc-stub-1.17.1.jar:/home/user/.m2/repository/org/apache/hadoop/hadoop-ozone-recon/0.5.0-SNAPSHOT/hadoop-ozone-recon-0.5.0-SNAPSHOT.jar:/home/user/.m2/repository/org/apache/hadoop/hadoop-ozone-reconcodegen/0.5.0-SNAPSHOT/hadoop-ozone-reconcodegen-0.5.0-SNAPSHOT.jar:/home/user/.m2/repository/com/google/inject/extensions/guice-multibindings/4.0/guice-multibindings-4.0.jar:/home/user/.m2/repository/com/google/inject/guice/4.0/guice-4.0.jar:/home/user/.m2/repository/aopalliance/aopalliance/1.0/aopalliance-1.0.jar:/home/user/.m2/repository/com/google/inject/extensions/guice-servlet/4.0/guice-servlet-4.0.jar:/home/user/.m2/repository/org/glassfish/jersey/containers/jersey-container-servlet/2.27/jersey-container-servlet-2.27.jar:/home/user/.m2/repository/org/glassfish/hk2/guice-bridge/2.5.0/guice-bridge-2.5.0.jar:/home/user/.m2/repository/org/glassfish/jersey/core/jersey-server/2.27/jersey-server-2.27.jar:/home/user/.m2/repository/org/glassfish/jersey/core/jersey-client/2.27/jersey-client-2.27.jar:/home/user/.m2/repository/org/glassfish/jersey/media/jersey-media-jaxb/2.27/jersey-media-jaxb-2.27.jar:/home/user/.m2/repository/javax/validation/validation-api/1.1.0.Final/validation-api-1.1.0.Final.jar:/home/user/.m2/repository/org/glassfish/jersey/media/jersey-media-json-jackson/2.27/jersey-media-json-jackson-2.27.jar:/home/user/.m2/repository/org/glassfish/jersey/ext/jersey-entity-filtering/2.27/jersey-entity-filtering-2.27.jar:/home/user/.m2/repository/com/google/inject/extensions/guice-assistedinject/4.0/guice-assistedinject-4.0.jar:/home/user/.m2/repository/org/jooq/jooq/3.11.10/jooq-3.11.10.jar:/home/user/.m2/repository/org/jooq/jooq-meta/3.11.10/jooq-meta-3.11.10.jar:/home/user/.m2/repository/org/jooq/jooq-codegen/3.11.10/jooq-codegen-3.11.10.jar:/home/user/.m2/repository/com/jolbox/bonecp/0.8.0.RELEASE/bonecp-0.8.0.RELEASE.jar:/home/user/.m2/repository/org/xerial/sqlite-jdbc/3.25.2/sqlite-jdbc-3.25.2.jar:/home/user/.m2/repository/org/springframework/spring-jdbc/5.1.3.RELEASE/spring-jdbc-5.1.3.RELEASE.jar:/home/user/.m2/repository/org/springframework/spring-beans/5.1.3.RELEASE/spring-beans-5.1.3.RELEASE.jar:/home/user/.m2/repository/org/springframework/spring-core/5.1.3.RELEASE/spring-core-5.1.3.RELEASE.jar:/home/user/.m2/repository/org/springframework/spring-jcl/5.1.3.RELEASE/spring-jcl-5.1.3.RELEASE.jar:/home/user/.m2/repository/org/springframework/spring-tx/5.1.3.RELEASE/spring-tx-5.1.3.RELEASE.jar:/home/user/.m2/repository/org/apache/hadoop/hadoop-ozone-client/0.5.0-SNAPSHOT/hadoop-ozone-client-0.5.0-SNAPSHOT.jar:/home/user/.m2/repository/commons-lang/commons-lang/2.6/commons-lang-2.6.jar:/home/user/.m2/repository/org/apache/hadoop/hadoop-ozone-ozone-manager/0.5.0-SNAPSHOT/hadoop-ozone-ozone-manager-0.5.0-SNAPSHOT-tests.jar:/home/user/.m2/repository/junit/junit/4.11/junit-4.11.jar:/home/user/.m2/repository/org/hamcrest/hamcrest-core/1.3/hamcrest-core-1.3.jar:/home/user/.m2/repository/org/openjdk/jmh/jmh-core/1.19/jmh-core-1.19.jar:/home/user/.m2/repository/net/sf/jopt-simple/jopt-simple/4.6/jopt-simple-4.6.jar:/home/user/.m2/repository/org/apache/commons/commons-math3/3.1.1/commons-math3-3.1.1.jar:/home/user/.m2/repository/org/openjdk/jmh/jmh-generator-annprocess/1.19/jmh-generator-annprocess-1.19.jar:/home/user/.m2/repository/org/mockito/mockito-all/1.8.5/mockito-all-1.8.5.jar:/home/user/.m2/repository/org/apache/hadoop/hadoop-kms/3.2.0/hadoop-kms-3.2.0.jar:/home/user/.m2/repository/org/apache/hadoop/hadoop-auth/3.2.0/hadoop-auth-3.2.0.jar:/home/user/.m2/repository/com/nimbusds/nimbus-jose-jwt/4.41.1/nimbus-jose-jwt-4.41.1.jar:/home/user/.m2/repository/com/github/stephenc/jcip/jcip-annotations/1.0-1/jcip-annotations-1.0-1.jar:/home/user/.m2/repository/net/minidev/json-smart/2.3/json-smart-2.3.jar:/home/user/.m2/repository/net/minidev/accessors-smart/1.2/accessors-smart-1.2.jar:/home/user/.m2/repository/org/ow2/asm/asm/5.0.4/asm-5.0.4.jar:/home/user/.m2/repository/org/apache/curator/curator-framework/2.12.0/curator-framework-2.12.0.jar:/home/user/.m2/repository/com/sun/jersey/jersey-core/1.19/jersey-core-1.19.jar:/home/user/.m2/repository/javax/ws/rs/jsr311-api/1.1.1/jsr311-api-1.1.1.jar:/home/user/.m2/repository/com/sun/jersey/jersey-server/1.19/jersey-server-1.19.jar:/home/user/.m2/repository/javax/servlet/javax.servlet-api/3.1.0/javax.servlet-api-3.1.0.jar:/home/user/.m2/repository/org/eclipse/jetty/jetty-server/9.3.24.v20180605/jetty-server-9.3.24.v20180605.jar:/home/user/.m2/repository/org/eclipse/jetty/jetty-http/9.3.24.v20180605/jetty-http-9.3.24.v20180605.jar:/home/user/.m2/repository/org/eclipse/jetty/jetty-io/9.3.24.v20180605/jetty-io-9.3.24.v20180605.jar:/home/user/.m2/repository/org/eclipse/jetty/jetty-webapp/9.3.24.v20180605/jetty-webapp-9.3.24.v20180605.jar:/home/user/.m2/repository/org/eclipse/jetty/jetty-xml/9.3.24.v20180605/jetty-xml-9.3.24.v20180605.jar:/home/user/.m2/repository/log4j/log4j/1.2.17/log4j-1.2.17.jar:/home/user/.m2/repository/org/slf4j/slf4j-api/1.7.25/slf4j-api-1.7.25.jar:/home/user/.m2/repository/org/slf4j/jul-to-slf4j/1.7.25/jul-to-slf4j-1.7.25.jar:/home/user/.m2/repository/org/eclipse/jetty/jetty-util/9.3.24.v20180605/jetty-util-9.3.24.v20180605.jar:/home/user/.m2/repository/com/fasterxml/jackson/core/jackson-databind/2.9.5/jackson-databind-2.9.5.jar:/home/user/.m2/repository/org/apache/hadoop/hadoop-kms/3.2.0/hadoop-kms-3.2.0-tests.jar:/home/user/.m2/repository/org/apache/hadoop/hadoop-hdds-server-scm/0.5.0-SNAPSHOT/hadoop-hdds-server-scm-0.5.0-SNAPSHOT-tests.jar:/home/user/.m2/repository/org/apache/hadoop/hadoop-hdds-container-service/0.5.0-SNAPSHOT/hadoop-hdds-container-service-0.5.0-SNAPSHOT-tests.jar:/home/user/.m2/repository/org/yaml/snakeyaml/1.16/snakeyaml-1.16.jar:/home/user/.m2/repository/org/apache/hadoop/hadoop-common/3.2.0/hadoop-common-3.2.0-tests.jar:/home/user/.m2/repository/org/apache/hadoop/hadoop-annotations/3.2.0/hadoop-annotations-3.2.0.jar:/usr/lib/jvm/java-1.8-openjdk/jre/../lib/tools.jar:/home/user/.m2/repository/commons-cli/commons-cli/1.2/commons-cli-1.2.jar:/home/user/.m2/repository/org/apache/httpcomponents/httpclient/4.5.2/httpclient-4.5.2.jar:/home/user/.m2/repository/org/apache/httpcomponents/httpcore/4.4.4/httpcore-4.4.4.jar:/home/user/.m2/repository/commons-codec/commons-codec/1.11/commons-codec-1.11.jar:/home/user/.m2/repository/commons-net/commons-net/3.6/commons-net-3.6.jar:/home/user/.m2/repository/commons-collections/commons-collections/3.2.2/commons-collections-3.2.2.jar:/home/user/.m2/repository/org/eclipse/jetty/jetty-servlet/9.3.24.v20180605/jetty-servlet-9.3.24.v20180605.jar:/home/user/.m2/repository/org/eclipse/jetty/jetty-security/9.3.24.v20180605/jetty-security-9.3.24.v20180605.jar:/home/user/.m2/repository/javax/servlet/jsp/jsp-api/2.1/jsp-api-2.1.jar:/home/user/.m2/repository/com/sun/jersey/jersey-servlet/1.19/jersey-servlet-1.19.jar:/home/user/.m2/repository/com/sun/jersey/jersey-json/1.19/jersey-json-1.19.jar:/home/user/.m2/repository/org/codehaus/jettison/jettison/1.1/jettison-1.1.jar:/home/user/.m2/repository/org/codehaus/jackson/jackson-core-asl/1.9.13/jackson-core-asl-1.9.13.jar:/home/user/.m2/repository/org/codehaus/jackson/jackson-mapper-asl/1.9.13/jackson-mapper-asl-1.9.13.jar:/home/user/.m2/repository/org/codehaus/jackson/jackson-jaxrs/1.9.13/jackson-jaxrs-1.9.13.jar:/home/user/.m2/repository/org/codehaus/jackson/jackson-xc/1.9.13/jackson-xc-1.9.13.jar:/home/user/.m2/repository/commons-logging/commons-logging/1.1.3/commons-logging-1.1.3.jar:/home/user/.m2/repository/commons-beanutils/commons-beanutils/1.9.3/commons-beanutils-1.9.3.jar:/home/user/.m2/repository/org/apache/commons/commons-configuration2/2.1.1/commons-configuration2-2.1.1.jar:/home/user/.m2/repository/org/apache/commons/commons-lang3/3.7/commons-lang3-3.7.jar:/home/user/.m2/repository/org/apache/commons/commons-text/1.4/commons-text-1.4.jar:/home/user/.m2/repository/org/apache/avro/avro/1.7.7/avro-1.7.7.jar:/home/user/.m2/repository/com/thoughtworks/paranamer/paranamer/2.3/paranamer-2.3.jar:/home/user/.m2/repository/org/xerial/snappy/snappy-java/1.0.5/snappy-java-1.0.5.jar:/home/user/.m2/repository/com/google/re2j/re2j/1.1/re2j-1.1.jar:/home/user/.m2/repository/com/google/code/gson/gson/2.2.4/gson-2.2.4.jar:/home/user/.m2/repository/com/jcraft/jsch/0.1.54/jsch-0.1.54.jar:/home/user/.m2/repository/org/apache/curator/curator-client/2.12.0/curator-client-2.12.0.jar:/home/user/.m2/repository/org/apache/curator/curator-recipes/2.12.0/curator-recipes-2.12.0.jar:/home/user/.m2/repository/com/google/code/findbugs/jsr305/3.0.0/jsr305-3.0.0.jar:/home/user/.m2/repository/org/apache/htrace/htrace-core4/4.1.0-incubating/htrace-core4-4.1.0-incubating.jar:/home/user/.m2/repository/org/apache/zookeeper/zookeeper/3.4.13/zookeeper-3.4.13.jar:/home/user/.m2/repository/org/apache/yetus/audience-annotations/0.5.0/audience-annotations-0.5.0.jar:/home/user/.m2/repository/org/codehaus/woodstox/stax2-api/3.1.4/stax2-api-3.1.4.jar:/home/user/.m2/repository/com/fasterxml/woodstox/woodstox-core/5.0.3/woodstox-core-5.0.3.jar:/home/user/.m2/repository/dnsjava/dnsjava/2.1.7/dnsjava-2.1.7.jar:/home/user/.m2/repository/org/apache/hadoop/hadoop-hdfs/3.2.0/hadoop-hdfs-3.2.0-tests.jar:/home/user/.m2/repository/org/eclipse/jetty/jetty-util-ajax/9.3.24.v20180605/jetty-util-ajax-9.3.24.v20180605.jar:/home/user/.m2/repository/commons-daemon/commons-daemon/1.0.13/commons-daemon-1.0.13.jar:/home/user/.m2/repository/io/netty/netty/3.10.5.Final/netty-3.10.5.Final.jar:/home/user/.m2/repository/io/netty/netty-all/4.0.52.Final/netty-all-4.0.52.Final.jar:/home/user/.m2/repository/org/fusesource/leveldbjni/leveldbjni-all/1.8/leveldbjni-all-1.8.jar:"/>
    <property name="sun.cpu.endian" value="little"/>
    <property name="user.home" value="/home/user"/>
    <property name="user.language" value="en"/>
    <property name="java.specification.vendor" value="Oracle Corporation"/>
    <property name="java.home" value="/usr/lib/jvm/java-1.8-openjdk/jre"/>
    <property name="java.security.krb5.conf" value="/workdir/hadoop-ozone/integration-test/target/test-classes/krb5.conf"/>
    <property name="basedir" value="/workdir/hadoop-ozone/integration-test"/>
    <property name="file.separator" value="/"/>
    <property name="line.separator" value="&#10;"/>
    <property name="java.vm.specification.vendor" value="Oracle Corporation"/>
    <property name="java.specification.name" value="Java Platform API Specification"/>
    <property name="java.awt.graphicsenv" value="sun.awt.X11GraphicsEnvironment"/>
    <property name="surefire.real.class.path" value="/workdir/hadoop-ozone/integration-test/target/surefire/surefirebooter7685992970620928328.jar"/>
    <property name="hadoop.log.dir" value="/workdir/hadoop-ozone/integration-test/target/log"/>
    <property name="sun.boot.class.path" value="/usr/lib/jvm/java-1.8-openjdk/jre/lib/resources.jar:/usr/lib/jvm/java-1.8-openjdk/jre/lib/rt.jar:/usr/lib/jvm/java-1.8-openjdk/jre/lib/sunrsasign.jar:/usr/lib/jvm/java-1.8-openjdk/jre/lib/jsse.jar:/usr/lib/jvm/java-1.8-openjdk/jre/lib/jce.jar:/usr/lib/jvm/java-1.8-openjdk/jre/lib/charsets.jar:/usr/lib/jvm/java-1.8-openjdk/jre/lib/jfr.jar:/usr/lib/jvm/java-1.8-openjdk/jre/classes"/>
    <property name="sun.management.compiler" value="HotSpot 64-Bit Tiered Compilers"/>
    <property name="java.runtime.version" value="1.8.0_212-b04"/>
    <property name="java.net.preferIPv4Stack" value="true"/>
    <property name="user.name" value="jenkins1000"/>
    <property name="path.separator" value=":"/>
    <property name="java.security.egd" value="file:///dev/urandom"/>
    <property name="os.version" value="3.10.0-957.12.2.el7.x86_64"/>
    <property name="java.endorsed.dirs" value="/usr/lib/jvm/java-1.8-openjdk/jre/lib/endorsed"/>
    <property name="java.runtime.name" value="OpenJDK Runtime Environment"/>
    <property name="file.encoding" value="UTF-8"/>
    <property name="java.vm.name" value="OpenJDK 64-Bit Server VM"/>
    <property name="test.build.webapps" value=""/>
    <property name="localRepository" value="/home/user/.m2/repository"/>
    <property name="java.vendor.url.bug" value="https://icedtea.classpath.org/bugzilla"/>
    <property name="java.io.tmpdir" value="/tmp"/>
    <property name="require.test.libhadoop" value=""/>
    <property name="java.version" value="1.8.0_212"/>
    <property name="user.dir" value="/workdir/hadoop-ozone/integration-test"/>
    <property name="os.arch" value="amd64"/>
    <property name="java.vm.specification.name" value="Java Virtual Machine Specification"/>
    <property name="test.build.classes" value="/workdir/hadoop-ozone/integration-test/target/test-classes"/>
    <property name="java.awt.printerjob" value="sun.print.PSPrinterJob"/>
    <property name="sun.os.patch.level" value="unknown"/>
    <property name="hadoop.tmp.dir" value="/workdir/hadoop-ozone/integration-test/target/tmp"/>
    <property name="java.library.path" value="/usr/lib/jvm/java-1.8-openjdk/jre/lib/amd64/server:/usr/lib/jvm/java-1.8-openjdk/jre/lib/amd64:/usr/lib/jvm/java-1.8-openjdk/jre/../lib/amd64:/workdir/hadoop-ozone/integration-test/target/native/target/usr/local/lib:/workdir/hadoop-ozone/integration-test/../../hadoop-common-project/hadoop-common/target/native/target/usr/local/lib:/usr/java/packages/lib/amd64:/usr/lib64:/lib64:/lib:/usr/lib"/>
    <property name="java.vm.info" value="mixed mode"/>
    <property name="java.vendor" value="IcedTea"/>
    <property name="java.vm.version" value="25.212-b04"/>
    <property name="java.ext.dirs" value="/usr/lib/jvm/java-1.8-openjdk/jre/lib/ext:/usr/java/packages/lib/ext"/>
    <property name="sun.io.unicode.encoding" value="UnicodeLittle"/>
    <property name="java.class.version" value="52.0"/>
  </properties>
  <testcase name="testReleaseBuffers" classname="org.apache.hadoop.ozone.client.rpc.TestCommitWatcher" time="14.888"/>
  <testcase name="testReleaseBuffersOnException" classname="org.apache.hadoop.ozone.client.rpc.TestCommitWatcher" time="18.062">
    <failure type="java.lang.AssertionError">java.lang.AssertionError
	at org.junit.Assert.fail(Assert.java:86)
	at org.junit.Assert.assertTrue(Assert.java:41)
	at org.junit.Assert.assertTrue(Assert.java:52)
	at org.apache.hadoop.ozone.client.rpc.TestCommitWatcher.testReleaseBuffersOnException(TestCommitWatcher.java:284)
	at sun.reflect.NativeMethodAccessorImpl.invoke0(Native Method)
	at sun.reflect.NativeMethodAccessorImpl.invoke(NativeMethodAccessorImpl.java:62)
	at sun.reflect.DelegatingMethodAccessorImpl.invoke(DelegatingMethodAccessorImpl.java:43)
	at java.lang.reflect.Method.invoke(Method.java:498)
	at org.junit.runners.model.FrameworkMethod$1.runReflectiveCall(FrameworkMethod.java:47)
	at org.junit.internal.runners.model.ReflectiveCallable.run(ReflectiveCallable.java:12)
	at org.junit.runners.model.FrameworkMethod.invokeExplosively(FrameworkMethod.java:44)
	at org.junit.internal.runners.statements.InvokeMethod.evaluate(InvokeMethod.java:17)
	at org.junit.runners.ParentRunner.runLeaf(ParentRunner.java:271)
	at org.junit.runners.BlockJUnit4ClassRunner.runChild(BlockJUnit4ClassRunner.java:70)
	at org.junit.runners.BlockJUnit4ClassRunner.runChild(BlockJUnit4ClassRunner.java:50)
	at org.junit.runners.ParentRunner$3.run(ParentRunner.java:238)
	at org.junit.runners.ParentRunner$1.schedule(ParentRunner.java:63)
	at org.junit.runners.ParentRunner.runChildren(ParentRunner.java:236)
	at org.junit.runners.ParentRunner.access$000(ParentRunner.java:53)
	at org.junit.runners.ParentRunner$2.evaluate(ParentRunner.java:229)
	at org.junit.internal.runners.statements.RunBefores.evaluate(RunBefores.java:26)
	at org.junit.internal.runners.statements.RunAfters.evaluate(RunAfters.java:27)
	at org.junit.runners.ParentRunner.run(ParentRunner.java:309)
	at org.apache.maven.surefire.junit4.JUnit4Provider.execute(JUnit4Provider.java:365)
	at org.apache.maven.surefire.junit4.JUnit4Provider.executeWithRerun(JUnit4Provider.java:273)
	at org.apache.maven.surefire.junit4.JUnit4Provider.executeTestSet(JUnit4Provider.java:238)
	at org.apache.maven.surefire.junit4.JUnit4Provider.invoke(JUnit4Provider.java:159)
	at org.apache.maven.surefire.booter.ForkedBooter.invokeProviderInSameClassLoader(ForkedBooter.java:384)
	at org.apache.maven.surefire.booter.ForkedBooter.runSuitesInProcess(ForkedBooter.java:345)
	at org.apache.maven.surefire.booter.ForkedBooter.execute(ForkedBooter.java:126)
	at org.apache.maven.surefire.booter.ForkedBooter.main(ForkedBooter.java:418)
</failure>
    <system-out><![CDATA[2019-09-09 08:19:12,317 [grpc-default-executor-1] INFO  client.GrpcClientProtocolClient (GrpcClientProtocolClient.java:onNext(255)) - client-DDD7A83F00D5->961f13c2-3587-4261-9c75-f6cbefa2e332: receive RaftClientReply:client-DDD7A83F00D5->961f13c2-3587-4261-9c75-f6cbefa2e332@group-A3274548EF03, cid=18, FAILED org.apache.ratis.protocol.NotLeaderException: Server 961f13c2-3587-4261-9c75-f6cbefa2e332 is not the leader (null). Request must be sent to leader., logIndex=0, commits[961f13c2-3587-4261-9c75-f6cbefa2e332:c-1, 47a0ac54-9b09-4088-b881-8ccbcc7a7579:c-1, f26419eb-0f9d-4b36-a221-c1d8503fdc39:c-1]
2019-09-09 08:19:13,362 [grpc-default-executor-3] INFO  client.GrpcClientProtocolClient (GrpcClientProtocolClient.java:onNext(255)) - client-DDD7A83F00D5->f26419eb-0f9d-4b36-a221-c1d8503fdc39: receive RaftClientReply:client-DDD7A83F00D5->f26419eb-0f9d-4b36-a221-c1d8503fdc39@group-A3274548EF03, cid=18, FAILED org.apache.ratis.protocol.NotLeaderException: Server f26419eb-0f9d-4b36-a221-c1d8503fdc39 is not the leader (null). Request must be sent to leader., logIndex=0, commits[f26419eb-0f9d-4b36-a221-c1d8503fdc39:c-1, 47a0ac54-9b09-4088-b881-8ccbcc7a7579:c-1, 961f13c2-3587-4261-9c75-f6cbefa2e332:c-1]
2019-09-09 08:19:13,604 [Thread-370] INFO  impl.FollowerState (FollowerState.java:run(106)) - 47a0ac54-9b09-4088-b881-8ccbcc7a7579:group-A3274548EF03 changes to CANDIDATE, lastRpcTime:5085, electionTimeout:5085ms
2019-09-09 08:19:13,604 [Thread-370] INFO  impl.RoleInfo (RoleInfo.java:shutdownFollowerState(121)) - 47a0ac54-9b09-4088-b881-8ccbcc7a7579: shutdown FollowerState
2019-09-09 08:19:13,604 [Thread-370] INFO  impl.RaftServerImpl (RaftServerImpl.java:setRole(171)) - 47a0ac54-9b09-4088-b881-8ccbcc7a7579:group-A3274548EF03 changes role from FOLLOWER to CANDIDATE at term 3 for changeToCandidate
2019-09-09 08:19:13,604 [Thread-370] INFO  impl.RoleInfo (RoleInfo.java:updateAndGet(143)) - 47a0ac54-9b09-4088-b881-8ccbcc7a7579: start LeaderElection
2019-09-09 08:19:13,630 [47a0ac54-9b09-4088-b881-8ccbcc7a7579:group-A3274548EF03:LeaderElection18] INFO  impl.LeaderElection (LeaderElection.java:askForVotes(181)) - 47a0ac54-9b09-4088-b881-8ccbcc7a7579:group-A3274548EF03:LeaderElection18: begin an election at term 4 for -1: [47a0ac54-9b09-4088-b881-8ccbcc7a7579:192.168.5.142:41175, 961f13c2-3587-4261-9c75-f6cbefa2e332:192.168.5.142:43405, f26419eb-0f9d-4b36-a221-c1d8503fdc39:192.168.5.142:44165], old=null
2019-09-09 08:19:13,634 [grpc-default-executor-1] INFO  impl.RaftServerImpl (RaftServerImpl.java:setRole(171)) - 961f13c2-3587-4261-9c75-f6cbefa2e332:group-A3274548EF03 changes role from FOLLOWER to FOLLOWER at term 4 for recognizeCandidate:47a0ac54-9b09-4088-b881-8ccbcc7a7579
2019-09-09 08:19:13,634 [grpc-default-executor-3] INFO  impl.RaftServerImpl (RaftServerImpl.java:setRole(171)) - f26419eb-0f9d-4b36-a221-c1d8503fdc39:group-A3274548EF03 changes role from FOLLOWER to FOLLOWER at term 4 for recognizeCandidate:47a0ac54-9b09-4088-b881-8ccbcc7a7579
2019-09-09 08:19:13,634 [grpc-default-executor-1] INFO  impl.RoleInfo (RoleInfo.java:shutdownFollowerState(121)) - 961f13c2-3587-4261-9c75-f6cbefa2e332: shutdown FollowerState
2019-09-09 08:19:13,635 [grpc-default-executor-3] INFO  impl.RoleInfo (RoleInfo.java:shutdownFollowerState(121)) - f26419eb-0f9d-4b36-a221-c1d8503fdc39: shutdown FollowerState
2019-09-09 08:19:13,635 [Thread-381] INFO  impl.FollowerState (FollowerState.java:run(114)) - 961f13c2-3587-4261-9c75-f6cbefa2e332: FollowerState was interrupted: java.lang.InterruptedException: sleep interrupted
2019-09-09 08:19:13,635 [grpc-default-executor-3] INFO  impl.RoleInfo (RoleInfo.java:updateAndGet(143)) - f26419eb-0f9d-4b36-a221-c1d8503fdc39: start FollowerState
2019-09-09 08:19:13,635 [grpc-default-executor-1] INFO  impl.RoleInfo (RoleInfo.java:updateAndGet(143)) - 961f13c2-3587-4261-9c75-f6cbefa2e332: start FollowerState
2019-09-09 08:19:13,635 [Thread-384] INFO  impl.FollowerState (FollowerState.java:run(114)) - f26419eb-0f9d-4b36-a221-c1d8503fdc39: FollowerState was interrupted: java.lang.InterruptedException: sleep interrupted
2019-09-09 08:19:13,664 [47a0ac54-9b09-4088-b881-8ccbcc7a7579:group-A3274548EF03:LeaderElection18] INFO  impl.LeaderElection (LeaderElection.java:logAndReturn(56)) - 47a0ac54-9b09-4088-b881-8ccbcc7a7579:group-A3274548EF03:LeaderElection18: Election REJECTED; received 2 response(s) [47a0ac54-9b09-4088-b881-8ccbcc7a7579<-961f13c2-3587-4261-9c75-f6cbefa2e332#0:FAIL-t4, 47a0ac54-9b09-4088-b881-8ccbcc7a7579<-f26419eb-0f9d-4b36-a221-c1d8503fdc39#0:FAIL-t4] and 0 exception(s); 47a0ac54-9b09-4088-b881-8ccbcc7a7579:t4, leader=null, voted=47a0ac54-9b09-4088-b881-8ccbcc7a7579, raftlog=47a0ac54-9b09-4088-b881-8ccbcc7a7579-SegmentedRaftLog:OPENED:c-1,f-1,i0, conf=-1: [47a0ac54-9b09-4088-b881-8ccbcc7a7579:192.168.5.142:41175, 961f13c2-3587-4261-9c75-f6cbefa2e332:192.168.5.142:43405, f26419eb-0f9d-4b36-a221-c1d8503fdc39:192.168.5.142:44165], old=null
2019-09-09 08:19:13,665 [47a0ac54-9b09-4088-b881-8ccbcc7a7579:group-A3274548EF03:LeaderElection18] INFO  impl.RaftServerImpl (RaftServerImpl.java:setRole(171)) - 47a0ac54-9b09-4088-b881-8ccbcc7a7579:group-A3274548EF03 changes role from CANDIDATE to FOLLOWER at term 4 for DISCOVERED_A_NEW_TERM
2019-09-09 08:19:13,669 [47a0ac54-9b09-4088-b881-8ccbcc7a7579:group-A3274548EF03:LeaderElection18] INFO  impl.RoleInfo (RoleInfo.java:shutdownLeaderElection(134)) - 47a0ac54-9b09-4088-b881-8ccbcc7a7579: shutdown LeaderElection
2019-09-09 08:19:13,670 [47a0ac54-9b09-4088-b881-8ccbcc7a7579:group-A3274548EF03:LeaderElection18] INFO  impl.RoleInfo (RoleInfo.java:updateAndGet(143)) - 47a0ac54-9b09-4088-b881-8ccbcc7a7579: start FollowerState
2019-09-09 08:19:14,390 [grpc-default-executor-3] INFO  client.GrpcClientProtocolClient (GrpcClientProtocolClient.java:onNext(255)) - client-DDD7A83F00D5->47a0ac54-9b09-4088-b881-8ccbcc7a7579: receive RaftClientReply:client-DDD7A83F00D5->47a0ac54-9b09-4088-b881-8ccbcc7a7579@group-A3274548EF03, cid=18, FAILED org.apache.ratis.protocol.NotLeaderException: Server 47a0ac54-9b09-4088-b881-8ccbcc7a7579 is not the leader (null). Request must be sent to leader., logIndex=0, commits[47a0ac54-9b09-4088-b881-8ccbcc7a7579:c-1]
2019-09-09 08:19:15,426 [grpc-default-executor-3] INFO  client.GrpcClientProtocolClient (GrpcClientProtocolClient.java:onNext(255)) - client-DDD7A83F00D5->961f13c2-3587-4261-9c75-f6cbefa2e332: receive RaftClientReply:client-DDD7A83F00D5->961f13c2-3587-4261-9c75-f6cbefa2e332@group-A3274548EF03, cid=18, FAILED org.apache.ratis.protocol.NotLeaderException: Server 961f13c2-3587-4261-9c75-f6cbefa2e332 is not the leader (null). Request must be sent to leader., logIndex=0, commits[961f13c2-3587-4261-9c75-f6cbefa2e332:c-1, 47a0ac54-9b09-4088-b881-8ccbcc7a7579:c-1, f26419eb-0f9d-4b36-a221-c1d8503fdc39:c-1]
2019-09-09 08:19:16,449 [grpc-default-executor-1] INFO  client.GrpcClientProtocolClient (GrpcClientProtocolClient.java:onNext(255)) - client-DDD7A83F00D5->47a0ac54-9b09-4088-b881-8ccbcc7a7579: receive RaftClientReply:client-DDD7A83F00D5->47a0ac54-9b09-4088-b881-8ccbcc7a7579@group-A3274548EF03, cid=18, FAILED org.apache.ratis.protocol.NotLeaderException: Server 47a0ac54-9b09-4088-b881-8ccbcc7a7579 is not the leader (null). Request must be sent to leader., logIndex=0, commits[47a0ac54-9b09-4088-b881-8ccbcc7a7579:c-1]
2019-09-09 08:19:17,473 [grpc-default-executor-1] INFO  client.GrpcClientProtocolClient (GrpcClientProtocolClient.java:onNext(255)) - client-DDD7A83F00D5->961f13c2-3587-4261-9c75-f6cbefa2e332: receive RaftClientReply:client-DDD7A83F00D5->961f13c2-3587-4261-9c75-f6cbefa2e332@group-A3274548EF03, cid=18, FAILED org.apache.ratis.protocol.NotLeaderException: Server 961f13c2-3587-4261-9c75-f6cbefa2e332 is not the leader (null). Request must be sent to leader., logIndex=0, commits[961f13c2-3587-4261-9c75-f6cbefa2e332:c-1, 47a0ac54-9b09-4088-b881-8ccbcc7a7579:c-1, f26419eb-0f9d-4b36-a221-c1d8503fdc39:c-1]
2019-09-09 08:19:18,495 [grpc-default-executor-1] INFO  client.GrpcClientProtocolClient (GrpcClientProtocolClient.java:onNext(255)) - client-DDD7A83F00D5->f26419eb-0f9d-4b36-a221-c1d8503fdc39: receive RaftClientReply:client-DDD7A83F00D5->f26419eb-0f9d-4b36-a221-c1d8503fdc39@group-A3274548EF03, cid=18, FAILED org.apache.ratis.protocol.NotLeaderException: Server f26419eb-0f9d-4b36-a221-c1d8503fdc39 is not the leader (null). Request must be sent to leader., logIndex=0, commits[f26419eb-0f9d-4b36-a221-c1d8503fdc39:c-1, 47a0ac54-9b09-4088-b881-8ccbcc7a7579:c-1, 961f13c2-3587-4261-9c75-f6cbefa2e332:c-1]
2019-09-09 08:19:18,689 [Thread-431] INFO  impl.FollowerState (FollowerState.java:run(106)) - 47a0ac54-9b09-4088-b881-8ccbcc7a7579:group-A3274548EF03 changes to CANDIDATE, lastRpcTime:5019, electionTimeout:5017ms
2019-09-09 08:19:18,690 [Thread-431] INFO  impl.RoleInfo (RoleInfo.java:shutdownFollowerState(121)) - 47a0ac54-9b09-4088-b881-8ccbcc7a7579: shutdown FollowerState
2019-09-09 08:19:18,690 [Thread-431] INFO  impl.RaftServerImpl (RaftServerImpl.java:setRole(171)) - 47a0ac54-9b09-4088-b881-8ccbcc7a7579:group-A3274548EF03 changes role from FOLLOWER to CANDIDATE at term 4 for changeToCandidate
2019-09-09 08:19:18,690 [Thread-431] INFO  impl.RoleInfo (RoleInfo.java:updateAndGet(143)) - 47a0ac54-9b09-4088-b881-8ccbcc7a7579: start LeaderElection
2019-09-09 08:19:18,693 [Thread-429] INFO  impl.FollowerState (FollowerState.java:run(106)) - 961f13c2-3587-4261-9c75-f6cbefa2e332:group-A3274548EF03 changes to CANDIDATE, lastRpcTime:5058, electionTimeout:5051ms
2019-09-09 08:19:18,693 [Thread-429] INFO  impl.RoleInfo (RoleInfo.java:shutdownFollowerState(121)) - 961f13c2-3587-4261-9c75-f6cbefa2e332: shutdown FollowerState
2019-09-09 08:19:18,693 [Thread-429] INFO  impl.RaftServerImpl (RaftServerImpl.java:setRole(171)) - 961f13c2-3587-4261-9c75-f6cbefa2e332:group-A3274548EF03 changes role from FOLLOWER to CANDIDATE at term 4 for changeToCandidate
2019-09-09 08:19:18,694 [Thread-429] INFO  impl.RoleInfo (RoleInfo.java:updateAndGet(143)) - 961f13c2-3587-4261-9c75-f6cbefa2e332: start LeaderElection
2019-09-09 08:19:18,727 [47a0ac54-9b09-4088-b881-8ccbcc7a7579:group-A3274548EF03:LeaderElection19] INFO  impl.LeaderElection (LeaderElection.java:askForVotes(181)) - 47a0ac54-9b09-4088-b881-8ccbcc7a7579:group-A3274548EF03:LeaderElection19: begin an election at term 5 for -1: [47a0ac54-9b09-4088-b881-8ccbcc7a7579:192.168.5.142:41175, 961f13c2-3587-4261-9c75-f6cbefa2e332:192.168.5.142:43405, f26419eb-0f9d-4b36-a221-c1d8503fdc39:192.168.5.142:44165], old=null
2019-09-09 08:19:18,727 [961f13c2-3587-4261-9c75-f6cbefa2e332:group-A3274548EF03:LeaderElection20] INFO  impl.LeaderElection (LeaderElection.java:askForVotes(181)) - 961f13c2-3587-4261-9c75-f6cbefa2e332:group-A3274548EF03:LeaderElection20: begin an election at term 5 for 0: [47a0ac54-9b09-4088-b881-8ccbcc7a7579:192.168.5.142:41175, 961f13c2-3587-4261-9c75-f6cbefa2e332:192.168.5.142:43405, f26419eb-0f9d-4b36-a221-c1d8503fdc39:192.168.5.142:44165], old=null
2019-09-09 08:19:18,732 [grpc-default-executor-1] INFO  impl.RaftServerImpl (RaftServerImpl.java:setRole(171)) - f26419eb-0f9d-4b36-a221-c1d8503fdc39:group-A3274548EF03 changes role from FOLLOWER to FOLLOWER at term 5 for recognizeCandidate:961f13c2-3587-4261-9c75-f6cbefa2e332
2019-09-09 08:19:18,732 [grpc-default-executor-1] INFO  impl.RoleInfo (RoleInfo.java:shutdownFollowerState(121)) - f26419eb-0f9d-4b36-a221-c1d8503fdc39: shutdown FollowerState
2019-09-09 08:19:18,732 [grpc-default-executor-1] INFO  impl.RoleInfo (RoleInfo.java:updateAndGet(143)) - f26419eb-0f9d-4b36-a221-c1d8503fdc39: start FollowerState
2019-09-09 08:19:18,732 [Thread-430] INFO  impl.FollowerState (FollowerState.java:run(114)) - f26419eb-0f9d-4b36-a221-c1d8503fdc39: FollowerState was interrupted: java.lang.InterruptedException: sleep interrupted
2019-09-09 08:19:18,751 [961f13c2-3587-4261-9c75-f6cbefa2e332:group-A3274548EF03:LeaderElection20] INFO  impl.LeaderElection (LeaderElection.java:logAndReturn(56)) - 961f13c2-3587-4261-9c75-f6cbefa2e332:group-A3274548EF03:LeaderElection20: Election PASSED; received 2 response(s) [961f13c2-3587-4261-9c75-f6cbefa2e332<-47a0ac54-9b09-4088-b881-8ccbcc7a7579#0:FAIL-t5, 961f13c2-3587-4261-9c75-f6cbefa2e332<-f26419eb-0f9d-4b36-a221-c1d8503fdc39#0:OK-t5] and 0 exception(s); 961f13c2-3587-4261-9c75-f6cbefa2e332:t5, leader=null, voted=961f13c2-3587-4261-9c75-f6cbefa2e332, raftlog=961f13c2-3587-4261-9c75-f6cbefa2e332-SegmentedRaftLog:OPENED:c-1,f0,i0, conf=0: [47a0ac54-9b09-4088-b881-8ccbcc7a7579:192.168.5.142:41175, 961f13c2-3587-4261-9c75-f6cbefa2e332:192.168.5.142:43405, f26419eb-0f9d-4b36-a221-c1d8503fdc39:192.168.5.142:44165], old=null
2019-09-09 08:19:18,751 [961f13c2-3587-4261-9c75-f6cbefa2e332:group-A3274548EF03:LeaderElection20] INFO  impl.RoleInfo (RoleInfo.java:shutdownLeaderElection(134)) - 961f13c2-3587-4261-9c75-f6cbefa2e332: shutdown LeaderElection
2019-09-09 08:19:18,751 [47a0ac54-9b09-4088-b881-8ccbcc7a7579:group-A3274548EF03:LeaderElection19] INFO  impl.LeaderElection (LeaderElection.java:logAndReturn(56)) - 47a0ac54-9b09-4088-b881-8ccbcc7a7579:group-A3274548EF03:LeaderElection19: Election REJECTED; received 2 response(s) [47a0ac54-9b09-4088-b881-8ccbcc7a7579<-961f13c2-3587-4261-9c75-f6cbefa2e332#0:FAIL-t5, 47a0ac54-9b09-4088-b881-8ccbcc7a7579<-f26419eb-0f9d-4b36-a221-c1d8503fdc39#0:FAIL-t5] and 0 exception(s); 47a0ac54-9b09-4088-b881-8ccbcc7a7579:t5, leader=null, voted=47a0ac54-9b09-4088-b881-8ccbcc7a7579, raftlog=47a0ac54-9b09-4088-b881-8ccbcc7a7579-SegmentedRaftLog:OPENED:c-1,f-1,i0, conf=-1: [47a0ac54-9b09-4088-b881-8ccbcc7a7579:192.168.5.142:41175, 961f13c2-3587-4261-9c75-f6cbefa2e332:192.168.5.142:43405, f26419eb-0f9d-4b36-a221-c1d8503fdc39:192.168.5.142:44165], old=null
2019-09-09 08:19:18,756 [961f13c2-3587-4261-9c75-f6cbefa2e332:group-A3274548EF03:LeaderElection20] INFO  impl.RaftServerImpl (RaftServerImpl.java:setRole(171)) - 961f13c2-3587-4261-9c75-f6cbefa2e332:group-A3274548EF03 changes role from CANDIDATE to LEADER at term 5 for changeToLeader
2019-09-09 08:19:18,757 [47a0ac54-9b09-4088-b881-8ccbcc7a7579:group-A3274548EF03:LeaderElection19] INFO  impl.RaftServerImpl (RaftServerImpl.java:setRole(171)) - 47a0ac54-9b09-4088-b881-8ccbcc7a7579:group-A3274548EF03 changes role from CANDIDATE to FOLLOWER at term 5 for DISCOVERED_A_NEW_TERM
2019-09-09 08:19:18,766 [961f13c2-3587-4261-9c75-f6cbefa2e332:group-A3274548EF03:LeaderElection20] INFO  impl.RaftServerImpl (ServerState.java:setLeader(263)) - 961f13c2-3587-4261-9c75-f6cbefa2e332:group-A3274548EF03 change Leader from null to 961f13c2-3587-4261-9c75-f6cbefa2e332 at term 5 for becomeLeader, leader elected after 10147ms
2019-09-09 08:19:18,766 [47a0ac54-9b09-4088-b881-8ccbcc7a7579:group-A3274548EF03:LeaderElection19] INFO  impl.RoleInfo (RoleInfo.java:shutdownLeaderElection(134)) - 47a0ac54-9b09-4088-b881-8ccbcc7a7579: shutdown LeaderElection
2019-09-09 08:19:18,766 [961f13c2-3587-4261-9c75-f6cbefa2e332:group-A3274548EF03:LeaderElection20] INFO  server.RaftServerConfigKeys (ConfUtils.java:logGet(43)) - raft.server.staging.catchup.gap = 1000 (default)
2019-09-09 08:19:18,766 [47a0ac54-9b09-4088-b881-8ccbcc7a7579:group-A3274548EF03:LeaderElection19] INFO  impl.RoleInfo (RoleInfo.java:updateAndGet(143)) - 47a0ac54-9b09-4088-b881-8ccbcc7a7579: start FollowerState
2019-09-09 08:19:18,767 [961f13c2-3587-4261-9c75-f6cbefa2e332:group-A3274548EF03:LeaderElection20] INFO  server.RaftServerConfigKeys (ConfUtils.java:logGet(43)) - raft.server.rpc.sleep.time = 25ms (default)
2019-09-09 08:19:18,767 [961f13c2-3587-4261-9c75-f6cbefa2e332:group-A3274548EF03:LeaderElection20] INFO  server.RaftServerConfigKeys (ConfUtils.java:logGet(43)) - raft.server.write.element-limit = 4096 (default)
2019-09-09 08:19:18,767 [961f13c2-3587-4261-9c75-f6cbefa2e332:group-A3274548EF03:LeaderElection20] INFO  server.RaftServerConfigKeys (ConfUtils.java:logGet(43)) - raft.server.watch.timeout = 10s (default)
2019-09-09 08:19:18,767 [961f13c2-3587-4261-9c75-f6cbefa2e332:group-A3274548EF03:LeaderElection20] INFO  server.RaftServerConfigKeys (ConfUtils.java:logGet(43)) - raft.server.watch.timeout.denomination = 1s (default)
2019-09-09 08:19:18,768 [961f13c2-3587-4261-9c75-f6cbefa2e332:group-A3274548EF03:LeaderElection20] INFO  server.RaftServerConfigKeys (ConfUtils.java:logGet(43)) - raft.server.watch.element-limit = 65536 (default)
2019-09-09 08:19:18,768 [961f13c2-3587-4261-9c75-f6cbefa2e332:group-A3274548EF03:LeaderElection20] INFO  server.RaftServerConfigKeys (ConfUtils.java:logGet(43)) - raft.server.log.appender.snapshot.chunk.size.max = 16MB (=16777216) (default)
2019-09-09 08:19:18,768 [961f13c2-3587-4261-9c75-f6cbefa2e332:group-A3274548EF03:LeaderElection20] INFO  server.RaftServerConfigKeys (ConfUtils.java:logGet(43)) - raft.server.log.appender.buffer.byte-limit = 33554432 (custom)
2019-09-09 08:19:18,769 [961f13c2-3587-4261-9c75-f6cbefa2e332:group-A3274548EF03:LeaderElection20] INFO  server.RaftServerConfigKeys (ConfUtils.java:logGet(43)) - raft.server.log.appender.buffer.element-limit = 1 (custom)
2019-09-09 08:19:18,769 [961f13c2-3587-4261-9c75-f6cbefa2e332:group-A3274548EF03:LeaderElection20] INFO  grpc.GrpcConfigKeys$Server (ConfUtils.java:logGet(43)) - raft.grpc.server.leader.outstanding.appends.max = 128 (default)
2019-09-09 08:19:18,769 [961f13c2-3587-4261-9c75-f6cbefa2e332:group-A3274548EF03:LeaderElection20] INFO  server.RaftServerConfigKeys (ConfUtils.java:logGet(43)) - raft.server.rpc.request.timeout = 3000ms (default)
2019-09-09 08:19:18,769 [961f13c2-3587-4261-9c75-f6cbefa2e332:group-A3274548EF03:LeaderElection20] INFO  server.RaftServerConfigKeys (ConfUtils.java:logGet(43)) - raft.server.log.appender.install.snapshot.enabled = false (custom)
2019-09-09 08:19:18,770 [961f13c2-3587-4261-9c75-f6cbefa2e332:group-A3274548EF03:LeaderElection20] INFO  server.RaftServerConfigKeys (ConfUtils.java:logGet(43)) - raft.server.log.appender.snapshot.chunk.size.max = 16MB (=16777216) (default)
2019-09-09 08:19:18,770 [961f13c2-3587-4261-9c75-f6cbefa2e332:group-A3274548EF03:LeaderElection20] INFO  server.RaftServerConfigKeys (ConfUtils.java:logGet(43)) - raft.server.log.appender.buffer.byte-limit = 33554432 (custom)
2019-09-09 08:19:18,770 [961f13c2-3587-4261-9c75-f6cbefa2e332:group-A3274548EF03:LeaderElection20] INFO  server.RaftServerConfigKeys (ConfUtils.java:logGet(43)) - raft.server.log.appender.buffer.element-limit = 1 (custom)
2019-09-09 08:19:18,770 [961f13c2-3587-4261-9c75-f6cbefa2e332:group-A3274548EF03:LeaderElection20] INFO  grpc.GrpcConfigKeys$Server (ConfUtils.java:logGet(43)) - raft.grpc.server.leader.outstanding.appends.max = 128 (default)
2019-09-09 08:19:18,771 [961f13c2-3587-4261-9c75-f6cbefa2e332:group-A3274548EF03:LeaderElection20] INFO  server.RaftServerConfigKeys (ConfUtils.java:logGet(43)) - raft.server.rpc.request.timeout = 3000ms (default)
2019-09-09 08:19:18,771 [961f13c2-3587-4261-9c75-f6cbefa2e332:group-A3274548EF03:LeaderElection20] INFO  server.RaftServerConfigKeys (ConfUtils.java:logGet(43)) - raft.server.log.appender.install.snapshot.enabled = false (custom)
2019-09-09 08:19:18,771 [961f13c2-3587-4261-9c75-f6cbefa2e332:group-A3274548EF03:LeaderElection20] INFO  impl.RoleInfo (RoleInfo.java:updateAndGet(143)) - 961f13c2-3587-4261-9c75-f6cbefa2e332: start LeaderState
2019-09-09 08:19:18,773 [961f13c2-3587-4261-9c75-f6cbefa2e332:group-A3274548EF03:LeaderElection20] INFO  segmented.SegmentedRaftLogWorker (SegmentedRaftLogWorker.java:rollLogSegment(385)) - 961f13c2-3587-4261-9c75-f6cbefa2e332-SegmentedRaftLogWorker:Storage Directory /workdir/hadoop-ozone/integration-test/target/test-dir/MiniOzoneClusterImpl-9af79de6-edc7-41de-88b2-48efa07a2592/datanode-2/data/ratis/ea82fa84-0a35-4453-abdd-a3274548ef03: Rolling segment log-0_0 to index:0
2019-09-09 08:19:18,776 [961f13c2-3587-4261-9c75-f6cbefa2e332:group-A3274548EF03:LeaderElection20] INFO  impl.RaftServerImpl (ServerState.java:setRaftConf(361)) - 961f13c2-3587-4261-9c75-f6cbefa2e332:group-A3274548EF03 set configuration 1: [47a0ac54-9b09-4088-b881-8ccbcc7a7579:192.168.5.142:41175, 961f13c2-3587-4261-9c75-f6cbefa2e332:192.168.5.142:43405, f26419eb-0f9d-4b36-a221-c1d8503fdc39:192.168.5.142:44165], old=null at 1
2019-09-09 08:19:18,776 [961f13c2-3587-4261-9c75-f6cbefa2e332-SegmentedRaftLogWorker:Storage Directory /workdir/hadoop-ozone/integration-test/target/test-dir/MiniOzoneClusterImpl-9af79de6-edc7-41de-88b2-48efa07a2592/datanode-2/data/ratis/ea82fa84-0a35-4453-abdd-a3274548ef03] INFO  segmented.SegmentedRaftLogWorker (SegmentedRaftLogWorker.java:execute(526)) - 961f13c2-3587-4261-9c75-f6cbefa2e332-SegmentedRaftLogWorker:Storage Directory /workdir/hadoop-ozone/integration-test/target/test-dir/MiniOzoneClusterImpl-9af79de6-edc7-41de-88b2-48efa07a2592/datanode-2/data/ratis/ea82fa84-0a35-4453-abdd-a3274548ef03: Rolled log segment from /workdir/hadoop-ozone/integration-test/target/test-dir/MiniOzoneClusterImpl-9af79de6-edc7-41de-88b2-48efa07a2592/datanode-2/data/ratis/ea82fa84-0a35-4453-abdd-a3274548ef03/current/log_inprogress_0 to /workdir/hadoop-ozone/integration-test/target/test-dir/MiniOzoneClusterImpl-9af79de6-edc7-41de-88b2-48efa07a2592/datanode-2/data/ratis/ea82fa84-0a35-4453-abdd-a3274548ef03/current/log_0-0
2019-09-09 08:19:18,778 [grpc-default-executor-4] INFO  impl.RaftServerImpl (ServerState.java:setLeader(263)) - 47a0ac54-9b09-4088-b881-8ccbcc7a7579:group-A3274548EF03 change Leader from null to 961f13c2-3587-4261-9c75-f6cbefa2e332 at term 5 for appendEntries, leader elected after 20697ms
2019-09-09 08:19:18,778 [grpc-default-executor-1] INFO  impl.RaftServerImpl (ServerState.java:setLeader(263)) - f26419eb-0f9d-4b36-a221-c1d8503fdc39:group-A3274548EF03 change Leader from null to 961f13c2-3587-4261-9c75-f6cbefa2e332 at term 5 for appendEntries, leader elected after 10163ms
2019-09-09 08:19:18,779 [grpc-default-executor-4] INFO  impl.RaftServerImpl (RaftServerImpl.java:checkInconsistentAppendEntries(999)) - 47a0ac54-9b09-4088-b881-8ccbcc7a7579: Failed appendEntries as previous log entry ((t:2, i:0)) is not found
2019-09-09 08:19:18,779 [grpc-default-executor-4] INFO  impl.RaftServerImpl (RaftServerImpl.java:checkInconsistentAppendEntries(972)) - 47a0ac54-9b09-4088-b881-8ccbcc7a7579: inconsistency entries. Reply:961f13c2-3587-4261-9c75-f6cbefa2e332<-47a0ac54-9b09-4088-b881-8ccbcc7a7579#0:FAIL,INCONSISTENCY,nextIndex:0,term:5,followerCommit:-1
2019-09-09 08:19:18,782 [grpc-default-executor-1] INFO  impl.FollowerInfo (FollowerInfo.java:lambda$new$0(50)) - 961f13c2-3587-4261-9c75-f6cbefa2e332->47a0ac54-9b09-4088-b881-8ccbcc7a7579: nextIndex: updateUnconditionally 1 -> 0
2019-09-09 08:19:18,782 [grpc-default-executor-1] INFO  impl.RaftServerImpl (ServerState.java:setRaftConf(361)) - f26419eb-0f9d-4b36-a221-c1d8503fdc39:group-A3274548EF03 set configuration 1: [47a0ac54-9b09-4088-b881-8ccbcc7a7579:192.168.5.142:41175, 961f13c2-3587-4261-9c75-f6cbefa2e332:192.168.5.142:43405, f26419eb-0f9d-4b36-a221-c1d8503fdc39:192.168.5.142:44165], old=null at 1
2019-09-09 08:19:18,783 [grpc-default-executor-1] INFO  segmented.SegmentedRaftLogWorker (SegmentedRaftLogWorker.java:rollLogSegment(385)) - f26419eb-0f9d-4b36-a221-c1d8503fdc39-SegmentedRaftLogWorker:Storage Directory /workdir/hadoop-ozone/integration-test/target/test-dir/MiniOzoneClusterImpl-9af79de6-edc7-41de-88b2-48efa07a2592/datanode-4/data/ratis/ea82fa84-0a35-4453-abdd-a3274548ef03: Rolling segment log-0_0 to index:0
2019-09-09 08:19:18,783 [grpc-default-executor-4] INFO  impl.RaftServerImpl (ServerState.java:setRaftConf(361)) - 47a0ac54-9b09-4088-b881-8ccbcc7a7579:group-A3274548EF03 set configuration 0: [47a0ac54-9b09-4088-b881-8ccbcc7a7579:192.168.5.142:41175, 961f13c2-3587-4261-9c75-f6cbefa2e332:192.168.5.142:43405, f26419eb-0f9d-4b36-a221-c1d8503fdc39:192.168.5.142:44165], old=null at 0
2019-09-09 08:19:18,784 [grpc-default-executor-4] INFO  segmented.SegmentedRaftLogWorker (SegmentedRaftLogWorker.java:startLogSegment(380)) - 47a0ac54-9b09-4088-b881-8ccbcc7a7579-SegmentedRaftLogWorker:Storage Directory /workdir/hadoop-ozone/integration-test/target/test-dir/MiniOzoneClusterImpl-9af79de6-edc7-41de-88b2-48efa07a2592/datanode-3/data/ratis/ea82fa84-0a35-4453-abdd-a3274548ef03: Starting segment from index:0
2019-09-09 08:19:18,784 [f26419eb-0f9d-4b36-a221-c1d8503fdc39-SegmentedRaftLogWorker:Storage Directory /workdir/hadoop-ozone/integration-test/target/test-dir/MiniOzoneClusterImpl-9af79de6-edc7-41de-88b2-48efa07a2592/datanode-4/data/ratis/ea82fa84-0a35-4453-abdd-a3274548ef03] INFO  segmented.SegmentedRaftLogWorker (SegmentedRaftLogWorker.java:execute(526)) - f26419eb-0f9d-4b36-a221-c1d8503fdc39-SegmentedRaftLogWorker:Storage Directory /workdir/hadoop-ozone/integration-test/target/test-dir/MiniOzoneClusterImpl-9af79de6-edc7-41de-88b2-48efa07a2592/datanode-4/data/ratis/ea82fa84-0a35-4453-abdd-a3274548ef03: Rolled log segment from /workdir/hadoop-ozone/integration-test/target/test-dir/MiniOzoneClusterImpl-9af79de6-edc7-41de-88b2-48efa07a2592/datanode-4/data/ratis/ea82fa84-0a35-4453-abdd-a3274548ef03/current/log_inprogress_0 to /workdir/hadoop-ozone/integration-test/target/test-dir/MiniOzoneClusterImpl-9af79de6-edc7-41de-88b2-48efa07a2592/datanode-4/data/ratis/ea82fa84-0a35-4453-abdd-a3274548ef03/current/log_0-0
2019-09-09 08:19:18,785 [grpc-default-executor-4] INFO  impl.RaftServerImpl (ServerState.java:setRaftConf(361)) - 47a0ac54-9b09-4088-b881-8ccbcc7a7579:group-A3274548EF03 set configuration 1: [47a0ac54-9b09-4088-b881-8ccbcc7a7579:192.168.5.142:41175, 961f13c2-3587-4261-9c75-f6cbefa2e332:192.168.5.142:43405, f26419eb-0f9d-4b36-a221-c1d8503fdc39:192.168.5.142:44165], old=null at 1
2019-09-09 08:19:18,785 [grpc-default-executor-4] INFO  segmented.SegmentedRaftLogWorker (SegmentedRaftLogWorker.java:rollLogSegment(385)) - 47a0ac54-9b09-4088-b881-8ccbcc7a7579-SegmentedRaftLogWorker:Storage Directory /workdir/hadoop-ozone/integration-test/target/test-dir/MiniOzoneClusterImpl-9af79de6-edc7-41de-88b2-48efa07a2592/datanode-3/data/ratis/ea82fa84-0a35-4453-abdd-a3274548ef03: Rolling segment log-0_0 to index:0
2019-09-09 08:19:18,835 [f26419eb-0f9d-4b36-a221-c1d8503fdc39-SegmentedRaftLogWorker:Storage Directory /workdir/hadoop-ozone/integration-test/target/test-dir/MiniOzoneClusterImpl-9af79de6-edc7-41de-88b2-48efa07a2592/datanode-4/data/ratis/ea82fa84-0a35-4453-abdd-a3274548ef03] INFO  segmented.SegmentedRaftLogWorker (SegmentedRaftLogWorker.java:execute(569)) - f26419eb-0f9d-4b36-a221-c1d8503fdc39-SegmentedRaftLogWorker:Storage Directory /workdir/hadoop-ozone/integration-test/target/test-dir/MiniOzoneClusterImpl-9af79de6-edc7-41de-88b2-48efa07a2592/datanode-4/data/ratis/ea82fa84-0a35-4453-abdd-a3274548ef03: created new log segment /workdir/hadoop-ozone/integration-test/target/test-dir/MiniOzoneClusterImpl-9af79de6-edc7-41de-88b2-48efa07a2592/datanode-4/data/ratis/ea82fa84-0a35-4453-abdd-a3274548ef03/current/log_inprogress_1
2019-09-09 08:19:18,835 [961f13c2-3587-4261-9c75-f6cbefa2e332-SegmentedRaftLogWorker:Storage Directory /workdir/hadoop-ozone/integration-test/target/test-dir/MiniOzoneClusterImpl-9af79de6-edc7-41de-88b2-48efa07a2592/datanode-2/data/ratis/ea82fa84-0a35-4453-abdd-a3274548ef03] INFO  segmented.SegmentedRaftLogWorker (SegmentedRaftLogWorker.java:execute(569)) - 961f13c2-3587-4261-9c75-f6cbefa2e332-SegmentedRaftLogWorker:Storage Directory /workdir/hadoop-ozone/integration-test/target/test-dir/MiniOzoneClusterImpl-9af79de6-edc7-41de-88b2-48efa07a2592/datanode-2/data/ratis/ea82fa84-0a35-4453-abdd-a3274548ef03: created new log segment /workdir/hadoop-ozone/integration-test/target/test-dir/MiniOzoneClusterImpl-9af79de6-edc7-41de-88b2-48efa07a2592/datanode-2/data/ratis/ea82fa84-0a35-4453-abdd-a3274548ef03/current/log_inprogress_1
2019-09-09 08:19:18,837 [47a0ac54-9b09-4088-b881-8ccbcc7a7579-SegmentedRaftLogWorker:Storage Directory /workdir/hadoop-ozone/integration-test/target/test-dir/MiniOzoneClusterImpl-9af79de6-edc7-41de-88b2-48efa07a2592/datanode-3/data/ratis/ea82fa84-0a35-4453-abdd-a3274548ef03] INFO  segmented.SegmentedRaftLogWorker (SegmentedRaftLogWorker.java:execute(569)) - 47a0ac54-9b09-4088-b881-8ccbcc7a7579-SegmentedRaftLogWorker:Storage Directory /workdir/hadoop-ozone/integration-test/target/test-dir/MiniOzoneClusterImpl-9af79de6-edc7-41de-88b2-48efa07a2592/datanode-3/data/ratis/ea82fa84-0a35-4453-abdd-a3274548ef03: created new log segment /workdir/hadoop-ozone/integration-test/target/test-dir/MiniOzoneClusterImpl-9af79de6-edc7-41de-88b2-48efa07a2592/datanode-3/data/ratis/ea82fa84-0a35-4453-abdd-a3274548ef03/current/log_inprogress_0
2019-09-09 08:19:18,839 [47a0ac54-9b09-4088-b881-8ccbcc7a7579-SegmentedRaftLogWorker:Storage Directory /workdir/hadoop-ozone/integration-test/target/test-dir/MiniOzoneClusterImpl-9af79de6-edc7-41de-88b2-48efa07a2592/datanode-3/data/ratis/ea82fa84-0a35-4453-abdd-a3274548ef03] INFO  segmented.SegmentedRaftLogWorker (SegmentedRaftLogWorker.java:execute(526)) - 47a0ac54-9b09-4088-b881-8ccbcc7a7579-SegmentedRaftLogWorker:Storage Directory /workdir/hadoop-ozone/integration-test/target/test-dir/MiniOzoneClusterImpl-9af79de6-edc7-41de-88b2-48efa07a2592/datanode-3/data/ratis/ea82fa84-0a35-4453-abdd-a3274548ef03: Rolled log segment from /workdir/hadoop-ozone/integration-test/target/test-dir/MiniOzoneClusterImpl-9af79de6-edc7-41de-88b2-48efa07a2592/datanode-3/data/ratis/ea82fa84-0a35-4453-abdd-a3274548ef03/current/log_inprogress_0 to /workdir/hadoop-ozone/integration-test/target/test-dir/MiniOzoneClusterImpl-9af79de6-edc7-41de-88b2-48efa07a2592/datanode-3/data/ratis/ea82fa84-0a35-4453-abdd-a3274548ef03/current/log_0-0
2019-09-09 08:19:18,874 [47a0ac54-9b09-4088-b881-8ccbcc7a7579-SegmentedRaftLogWorker:Storage Directory /workdir/hadoop-ozone/integration-test/target/test-dir/MiniOzoneClusterImpl-9af79de6-edc7-41de-88b2-48efa07a2592/datanode-3/data/ratis/ea82fa84-0a35-4453-abdd-a3274548ef03] INFO  segmented.SegmentedRaftLogWorker (SegmentedRaftLogWorker.java:execute(569)) - 47a0ac54-9b09-4088-b881-8ccbcc7a7579-SegmentedRaftLogWorker:Storage Directory /workdir/hadoop-ozone/integration-test/target/test-dir/MiniOzoneClusterImpl-9af79de6-edc7-41de-88b2-48efa07a2592/datanode-3/data/ratis/ea82fa84-0a35-4453-abdd-a3274548ef03: created new log segment /workdir/hadoop-ozone/integration-test/target/test-dir/MiniOzoneClusterImpl-9af79de6-edc7-41de-88b2-48efa07a2592/datanode-3/data/ratis/ea82fa84-0a35-4453-abdd-a3274548ef03/current/log_inprogress_1
2019-09-09 08:19:19,746 [grpc-default-executor-4] INFO  client.GrpcClientProtocolClient (GrpcClientProtocolClient.java:onNext(255)) - client-DDD7A83F00D5->961f13c2-3587-4261-9c75-f6cbefa2e332: receive RaftClientReply:client-DDD7A83F00D5->961f13c2-3587-4261-9c75-f6cbefa2e332@group-A3274548EF03, cid=18, SUCCESS, logIndex=3, commits[961f13c2-3587-4261-9c75-f6cbefa2e332:c3, 47a0ac54-9b09-4088-b881-8ccbcc7a7579:c2, f26419eb-0f9d-4b36-a221-c1d8503fdc39:c2]
2019-09-09 08:19:19,769 [pool-46-thread-4] WARN  impl.ChunkManagerImpl (ChunkUtils.java:validateChunkForOverwrite(203)) - Duplicate write chunk request. Chunk overwrite without explicit request. ChunkInfo{chunkName='1568017152285.data.0, offset=0, len=1048576}
2019-09-09 08:19:19,769 [pool-46-thread-4] WARN  impl.ChunkManagerImpl (ChunkManagerImpl.java:writeChunk(111)) - ChunkFile already exists/workdir/hadoop-ozone/integration-test/target/test-dir/MiniOzoneClusterImpl-9af79de6-edc7-41de-88b2-48efa07a2592/datanode-2/data/containers/hdds/b5a2f2d8-2a19-438e-a9c0-de972b743705/current/containerDir0/2/chunks/1568017152285.data.0.Deleting it.
2019-09-09 08:19:19,781 [pool-66-thread-2] WARN  impl.ChunkManagerImpl (ChunkUtils.java:validateChunkForOverwrite(203)) - Duplicate write chunk request. Chunk overwrite without explicit request. ChunkInfo{chunkName='1568017152285.data.0, offset=0, len=1048576}
2019-09-09 08:19:19,781 [pool-66-thread-2] WARN  impl.ChunkManagerImpl (ChunkManagerImpl.java:writeChunk(111)) - ChunkFile already exists/workdir/hadoop-ozone/integration-test/target/test-dir/MiniOzoneClusterImpl-9af79de6-edc7-41de-88b2-48efa07a2592/datanode-4/data/containers/hdds/b5a2f2d8-2a19-438e-a9c0-de972b743705/current/containerDir0/2/chunks/1568017152285.data.0.Deleting it.
2019-09-09 08:19:19,785 [pool-56-thread-2] WARN  impl.ChunkManagerImpl (ChunkUtils.java:validateChunkForOverwrite(203)) - Duplicate write chunk request. Chunk overwrite without explicit request. ChunkInfo{chunkName='1568017152285.data.0, offset=0, len=1048576}
2019-09-09 08:19:19,785 [pool-56-thread-2] WARN  impl.ChunkManagerImpl (ChunkManagerImpl.java:writeChunk(111)) - ChunkFile already exists/workdir/hadoop-ozone/integration-test/target/test-dir/MiniOzoneClusterImpl-9af79de6-edc7-41de-88b2-48efa07a2592/datanode-3/data/containers/hdds/b5a2f2d8-2a19-438e-a9c0-de972b743705/current/containerDir0/2/chunks/1568017152285.data.0.Deleting it.
2019-09-09 08:19:19,876 [grpc-default-executor-1] INFO  client.GrpcClientProtocolClient (GrpcClientProtocolClient.java:onNext(255)) - client-DDD7A83F00D5->961f13c2-3587-4261-9c75-f6cbefa2e332: receive RaftClientReply:client-DDD7A83F00D5->961f13c2-3587-4261-9c75-f6cbefa2e332@group-A3274548EF03, cid=19, SUCCESS, logIndex=5, commits[961f13c2-3587-4261-9c75-f6cbefa2e332:c10, 47a0ac54-9b09-4088-b881-8ccbcc7a7579:c8, f26419eb-0f9d-4b36-a221-c1d8503fdc39:c8]
2019-09-09 08:19:19,877 [grpc-default-executor-1] INFO  client.GrpcClientProtocolClient (GrpcClientProtocolClient.java:onNext(255)) - client-DDD7A83F00D5->961f13c2-3587-4261-9c75-f6cbefa2e332: receive RaftClientReply:client-DDD7A83F00D5->961f13c2-3587-4261-9c75-f6cbefa2e332@group-A3274548EF03, cid=20, SUCCESS, logIndex=6, commits[961f13c2-3587-4261-9c75-f6cbefa2e332:c10, 47a0ac54-9b09-4088-b881-8ccbcc7a7579:c8, f26419eb-0f9d-4b36-a221-c1d8503fdc39:c8]
2019-09-09 08:19:20,063 [grpc-default-executor-1] INFO  client.GrpcClientProtocolClient (GrpcClientProtocolClient.java:onNext(255)) - client-DDD7A83F00D5->961f13c2-3587-4261-9c75-f6cbefa2e332: receive RaftClientReply:client-DDD7A83F00D5->961f13c2-3587-4261-9c75-f6cbefa2e332@group-A3274548EF03, cid=21, SUCCESS, logIndex=7, commits[961f13c2-3587-4261-9c75-f6cbefa2e332:c10, 47a0ac54-9b09-4088-b881-8ccbcc7a7579:c8, f26419eb-0f9d-4b36-a221-c1d8503fdc39:c8]
2019-09-09 08:19:20,700 [Datanode State Machine Thread - 0] INFO  statemachine.DatanodeStateMachine (DatanodeStateMachine.java:lambda$startDaemon$0(350)) - Ozone container server started.
2019-09-09 08:19:22,705 [EventQueue-StaleNodeForStaleNodeHandler] INFO  node.StaleNodeHandler (StaleNodeHandler.java:onMessage(58)) - Datanode 961f13c2-3587-4261-9c75-f6cbefa2e332{ip: 192.168.5.142, host: pr-hdds-2076-zndlt-2349722852, networkLocation: /default-rack, certSerialId: null} moved to stale state. Finalizing its pipelines [PipelineID=b92fdbbf-5107-467c-9045-eaa5797839f3, PipelineID=ea82fa84-0a35-4453-abdd-a3274548ef03]
2019-09-09 08:19:22,706 [EventQueue-StaleNodeForStaleNodeHandler] INFO  pipeline.SCMPipelineManager (SCMPipelineManager.java:finalizeAndDestroyPipeline(311)) - destroying pipeline:Pipeline[ Id: b92fdbbf-5107-467c-9045-eaa5797839f3, Nodes: 961f13c2-3587-4261-9c75-f6cbefa2e332{ip: 192.168.5.142, host: pr-hdds-2076-zndlt-2349722852, networkLocation: /default-rack, certSerialId: null}, Type:RATIS, Factor:ONE, State:OPEN]
2019-09-09 08:19:22,707 [EventQueue-StaleNodeForStaleNodeHandler] INFO  pipeline.PipelineStateManager (PipelineStateManager.java:finalizePipeline(123)) - Pipeline Pipeline[ Id: b92fdbbf-5107-467c-9045-eaa5797839f3, Nodes: 961f13c2-3587-4261-9c75-f6cbefa2e332{ip: 192.168.5.142, host: pr-hdds-2076-zndlt-2349722852, networkLocation: /default-rack, certSerialId: null}, Type:RATIS, Factor:ONE, State:CLOSED] moved to CLOSED state
2019-09-09 08:19:22,708 [EventQueue-StaleNodeForStaleNodeHandler] INFO  pipeline.SCMPipelineManager (SCMPipelineManager.java:finalizeAndDestroyPipeline(311)) - destroying pipeline:Pipeline[ Id: ea82fa84-0a35-4453-abdd-a3274548ef03, Nodes: 961f13c2-3587-4261-9c75-f6cbefa2e332{ip: 192.168.5.142, host: pr-hdds-2076-zndlt-2349722852, networkLocation: /default-rack, certSerialId: null}f26419eb-0f9d-4b36-a221-c1d8503fdc39{ip: 192.168.5.142, host: pr-hdds-2076-zndlt-2349722852, networkLocation: /default-rack, certSerialId: null}47a0ac54-9b09-4088-b881-8ccbcc7a7579{ip: 192.168.5.142, host: pr-hdds-2076-zndlt-2349722852, networkLocation: /default-rack, certSerialId: null}, Type:RATIS, Factor:THREE, State:OPEN]
2019-09-09 08:19:22,708 [EventQueue-StaleNodeForStaleNodeHandler] INFO  pipeline.PipelineStateManager (PipelineStateManager.java:finalizePipeline(123)) - Pipeline Pipeline[ Id: ea82fa84-0a35-4453-abdd-a3274548ef03, Nodes: 961f13c2-3587-4261-9c75-f6cbefa2e332{ip: 192.168.5.142, host: pr-hdds-2076-zndlt-2349722852, networkLocation: /default-rack, certSerialId: null}f26419eb-0f9d-4b36-a221-c1d8503fdc39{ip: 192.168.5.142, host: pr-hdds-2076-zndlt-2349722852, networkLocation: /default-rack, certSerialId: null}47a0ac54-9b09-4088-b881-8ccbcc7a7579{ip: 192.168.5.142, host: pr-hdds-2076-zndlt-2349722852, networkLocation: /default-rack, certSerialId: null}, Type:RATIS, Factor:THREE, State:CLOSED] moved to CLOSED state
2019-09-09 08:19:22,709 [EventQueue-CloseContainerForCloseContainerEventHandler] INFO  container.CloseContainerEventHandler (CloseContainerEventHandler.java:onMessage(61)) - Close container Event triggered for container : #2
2019-09-09 08:19:25,067 [main] INFO  ozoneimpl.OzoneContainer (OzoneContainer.java:stop(230)) - Attempting to stop container services.
2019-09-09 08:19:25,068 [main] INFO  impl.RaftServerProxy (RaftServerProxy.java:lambda$close$4(314)) - 961f13c2-3587-4261-9c75-f6cbefa2e332: close
2019-09-09 08:19:25,069 [main] INFO  impl.RaftServerImpl (RaftServerImpl.java:lambda$shutdown$3(245)) - 961f13c2-3587-4261-9c75-f6cbefa2e332: shutdown group-EAA5797839F3
2019-09-09 08:19:25,070 [main] INFO  util.JmxRegister (JmxRegister.java:unregister(73)) - Successfully un-registered JMX Bean with object name Ratis:service=RaftServer,group=group-EAA5797839F3,id=961f13c2-3587-4261-9c75-f6cbefa2e332
2019-09-09 08:19:25,070 [main] INFO  impl.RoleInfo (RoleInfo.java:shutdownLeaderState(104)) - 961f13c2-3587-4261-9c75-f6cbefa2e332: shutdown LeaderState
2019-09-09 08:19:25,070 [main] INFO  impl.PendingRequests (PendingRequests.java:sendNotLeaderResponses(202)) - 961f13c2-3587-4261-9c75-f6cbefa2e332-PendingRequests: sendNotLeaderResponses
2019-09-09 08:19:25,073 [main] INFO  impl.StateMachineUpdater (StateMachineUpdater.java:stopAndJoin(115)) - StateMachineUpdater:961f13c2-3587-4261-9c75-f6cbefa2e332:group-EAA5797839F3: set stopIndex = 0
2019-09-09 08:19:25,073 [main] INFO  impl.RaftServerImpl (ServerState.java:close(394)) - 961f13c2-3587-4261-9c75-f6cbefa2e332:group-EAA5797839F3 closes. The last applied log index is 0
2019-09-09 08:19:25,075 [961f13c2-3587-4261-9c75-f6cbefa2e332-SegmentedRaftLogWorker:Storage Directory /workdir/hadoop-ozone/integration-test/target/test-dir/MiniOzoneClusterImpl-9af79de6-edc7-41de-88b2-48efa07a2592/datanode-2/data/ratis/b92fdbbf-5107-467c-9045-eaa5797839f3] INFO  segmented.SegmentedRaftLogWorker (SegmentedRaftLogWorker.java:run(313)) - 961f13c2-3587-4261-9c75-f6cbefa2e332-SegmentedRaftLogWorker:Storage Directory /workdir/hadoop-ozone/integration-test/target/test-dir/MiniOzoneClusterImpl-9af79de6-edc7-41de-88b2-48efa07a2592/datanode-2/data/ratis/b92fdbbf-5107-467c-9045-eaa5797839f3 was interrupted, exiting. There are 0 tasks remaining in the queue.
2019-09-09 08:19:25,076 [main] INFO  segmented.SegmentedRaftLogWorker (SegmentedRaftLogWorker.java:close(228)) - 961f13c2-3587-4261-9c75-f6cbefa2e332-SegmentedRaftLogWorker:Storage Directory /workdir/hadoop-ozone/integration-test/target/test-dir/MiniOzoneClusterImpl-9af79de6-edc7-41de-88b2-48efa07a2592/datanode-2/data/ratis/b92fdbbf-5107-467c-9045-eaa5797839f3 close()
2019-09-09 08:19:25,079 [main] INFO  impl.RaftServerImpl (RaftServerImpl.java:lambda$shutdown$3(245)) - 961f13c2-3587-4261-9c75-f6cbefa2e332: shutdown group-A3274548EF03
2019-09-09 08:19:25,080 [main] INFO  util.JmxRegister (JmxRegister.java:unregister(73)) - Successfully un-registered JMX Bean with object name Ratis:service=RaftServer,group=group-A3274548EF03,id=961f13c2-3587-4261-9c75-f6cbefa2e332
2019-09-09 08:19:25,080 [main] INFO  impl.RoleInfo (RoleInfo.java:shutdownLeaderState(104)) - 961f13c2-3587-4261-9c75-f6cbefa2e332: shutdown LeaderState
2019-09-09 08:19:25,083 [main] INFO  impl.PendingRequests (PendingRequests.java:sendNotLeaderResponses(202)) - 961f13c2-3587-4261-9c75-f6cbefa2e332-PendingRequests: sendNotLeaderResponses
2019-09-09 08:19:25,083 [org.apache.ratis.server.impl.LogAppender$AppenderDaemon$$Lambda$468/2047412547@112aafed] WARN  server.GrpcLogAppender (GrpcLogAppender.java:mayWait(143)) - GrpcLogAppender(961f13c2-3587-4261-9c75-f6cbefa2e332->47a0ac54-9b09-4088-b881-8ccbcc7a7579): Wait interrupted by java.lang.InterruptedException
2019-09-09 08:19:25,083 [org.apache.ratis.server.impl.LogAppender$AppenderDaemon$$Lambda$468/2047412547@542823ac] WARN  server.GrpcLogAppender (GrpcLogAppender.java:mayWait(143)) - GrpcLogAppender(961f13c2-3587-4261-9c75-f6cbefa2e332->f26419eb-0f9d-4b36-a221-c1d8503fdc39): Wait interrupted by java.lang.InterruptedException
2019-09-09 08:19:25,084 [grpc-default-executor-1] INFO  server.GrpcServerProtocolService (GrpcServerProtocolService.java:onCompleted(104)) - f26419eb-0f9d-4b36-a221-c1d8503fdc39: appendEntries completed
2019-09-09 08:19:25,084 [grpc-default-executor-5] INFO  server.GrpcServerProtocolService (GrpcServerProtocolService.java:onCompleted(104)) - 47a0ac54-9b09-4088-b881-8ccbcc7a7579: appendEntries completed
2019-09-09 08:19:25,085 [grpc-default-executor-5] INFO  server.GrpcLogAppender (GrpcLogAppender.java:onCompleted(292)) - 961f13c2-3587-4261-9c75-f6cbefa2e332->f26419eb-0f9d-4b36-a221-c1d8503fdc39: follower responses appendEntries COMPLETED
2019-09-09 08:19:25,085 [grpc-default-executor-1] INFO  server.GrpcLogAppender (GrpcLogAppender.java:onCompleted(292)) - 961f13c2-3587-4261-9c75-f6cbefa2e332->47a0ac54-9b09-4088-b881-8ccbcc7a7579: follower responses appendEntries COMPLETED
2019-09-09 08:19:25,094 [grpc-default-executor-5] INFO  impl.FollowerInfo (FollowerInfo.java:lambda$new$0(50)) - 961f13c2-3587-4261-9c75-f6cbefa2e332->f26419eb-0f9d-4b36-a221-c1d8503fdc39: nextIndex: updateUnconditionally 11 -> 10
2019-09-09 08:19:25,094 [grpc-default-executor-1] INFO  impl.FollowerInfo (FollowerInfo.java:lambda$new$0(50)) - 961f13c2-3587-4261-9c75-f6cbefa2e332->47a0ac54-9b09-4088-b881-8ccbcc7a7579: nextIndex: updateUnconditionally 11 -> 10
2019-09-09 08:19:25,099 [main] INFO  impl.StateMachineUpdater (StateMachineUpdater.java:stopAndJoin(115)) - StateMachineUpdater:961f13c2-3587-4261-9c75-f6cbefa2e332:group-A3274548EF03: set stopIndex = 10
2019-09-09 08:19:25,100 [StateMachineUpdater:961f13c2-3587-4261-9c75-f6cbefa2e332:group-A3274548EF03] INFO  ratis.ContainerStateMachine (ContainerStateMachine.java:takeSnapshot(284)) - group-A3274548EF03: Taking a snapshot at:(t:5, i:10) file /workdir/hadoop-ozone/integration-test/target/test-dir/MiniOzoneClusterImpl-9af79de6-edc7-41de-88b2-48efa07a2592/datanode-2/data/ratis/ea82fa84-0a35-4453-abdd-a3274548ef03/sm/snapshot.5_10
2019-09-09 08:19:25,134 [StateMachineUpdater:961f13c2-3587-4261-9c75-f6cbefa2e332:group-A3274548EF03] INFO  ratis.ContainerStateMachine (ContainerStateMachine.java:takeSnapshot(295)) - group-A3274548EF03: Finished taking a snapshot at:(t:5, i:10) file:/workdir/hadoop-ozone/integration-test/target/test-dir/MiniOzoneClusterImpl-9af79de6-edc7-41de-88b2-48efa07a2592/datanode-2/data/ratis/ea82fa84-0a35-4453-abdd-a3274548ef03/sm/snapshot.5_10 time:35
2019-09-09 08:19:25,134 [StateMachineUpdater:961f13c2-3587-4261-9c75-f6cbefa2e332:group-A3274548EF03] INFO  impl.StateMachineUpdater (StateMachineUpdater.java:takeSnapshot(242)) - StateMachineUpdater:961f13c2-3587-4261-9c75-f6cbefa2e332:group-A3274548EF03: Took a snapshot at index 10
2019-09-09 08:19:25,138 [StateMachineUpdater:961f13c2-3587-4261-9c75-f6cbefa2e332:group-A3274548EF03] INFO  impl.StateMachineUpdater (StateMachineUpdater.java:lambda$new$0(80)) - StateMachineUpdater:961f13c2-3587-4261-9c75-f6cbefa2e332:group-A3274548EF03: snapshotIndex: updateIncreasingly -1 -> 10
2019-09-09 08:19:25,144 [main] INFO  impl.RaftServerImpl (ServerState.java:close(394)) - 961f13c2-3587-4261-9c75-f6cbefa2e332:group-A3274548EF03 closes. The last applied log index is 10
2019-09-09 08:19:25,145 [961f13c2-3587-4261-9c75-f6cbefa2e332-SegmentedRaftLogWorker:Storage Directory /workdir/hadoop-ozone/integration-test/target/test-dir/MiniOzoneClusterImpl-9af79de6-edc7-41de-88b2-48efa07a2592/datanode-2/data/ratis/ea82fa84-0a35-4453-abdd-a3274548ef03] INFO  segmented.SegmentedRaftLogWorker (SegmentedRaftLogWorker.java:run(313)) - 961f13c2-3587-4261-9c75-f6cbefa2e332-SegmentedRaftLogWorker:Storage Directory /workdir/hadoop-ozone/integration-test/target/test-dir/MiniOzoneClusterImpl-9af79de6-edc7-41de-88b2-48efa07a2592/datanode-2/data/ratis/ea82fa84-0a35-4453-abdd-a3274548ef03 was interrupted, exiting. There are 0 tasks remaining in the queue.
2019-09-09 08:19:25,147 [main] INFO  segmented.SegmentedRaftLogWorker (SegmentedRaftLogWorker.java:close(228)) - 961f13c2-3587-4261-9c75-f6cbefa2e332-SegmentedRaftLogWorker:Storage Directory /workdir/hadoop-ozone/integration-test/target/test-dir/MiniOzoneClusterImpl-9af79de6-edc7-41de-88b2-48efa07a2592/datanode-2/data/ratis/ea82fa84-0a35-4453-abdd-a3274548ef03 close()
2019-09-09 08:19:25,151 [main] INFO  server.GrpcService (GrpcService.java:closeImpl(155)) - 961f13c2-3587-4261-9c75-f6cbefa2e332: shutdown server with port 43405 now
2019-09-09 08:19:25,155 [main] INFO  server.GrpcService (GrpcService.java:closeImpl(163)) - 961f13c2-3587-4261-9c75-f6cbefa2e332: shutdown server with port 43405 successfully
2019-09-09 08:19:25,169 [refreshUsed-/workdir/hadoop-ozone/integration-test/target/test-dir/MiniOzoneClusterImpl-9af79de6-edc7-41de-88b2-48efa07a2592/datanode-2/data/containers] WARN  fs.CachingGetSpaceUsed (CachingGetSpaceUsed.java:run(183)) - Thread Interrupted waiting to refresh disk information: sleep interrupted
2019-09-09 08:19:25,188 [main] INFO  utils.BackgroundService (BackgroundService.java:shutdown(148)) - Shutting down service BlockDeletingService
2019-09-09 08:19:25,196 [main] INFO  statemachine.DatanodeStateMachine (DatanodeStateMachine.java:stopDaemon(395)) - Ozone container server stopped.
2019-09-09 08:19:25,204 [main] INFO  handler.ContextHandler (ContextHandler.java:doStop(910)) - Stopped o.e.j.w.WebAppContext@28da7d11{/,null,UNAVAILABLE}{/hddsDatanode}
2019-09-09 08:19:25,211 [main] INFO  server.AbstractConnector (AbstractConnector.java:doStop(318)) - Stopped ServerConnector@77b919a3{HTTP/1.1,[http/1.1]}{0.0.0.0:0}
2019-09-09 08:19:25,212 [main] INFO  handler.ContextHandler (ContextHandler.java:doStop(910)) - Stopped o.e.j.s.ServletContextHandler@5e5af8e1{/static,jar:file:/home/user/.m2/repository/org/apache/hadoop/hadoop-hdds-container-service/0.5.0-SNAPSHOT/hadoop-hdds-container-service-0.5.0-SNAPSHOT.jar!/webapps/static,UNAVAILABLE}
2019-09-09 08:19:25,213 [main] INFO  handler.ContextHandler (ContextHandler.java:doStop(910)) - Stopped o.e.j.s.ServletContextHandler@52d97ab6{/logs,file:///workdir/hadoop-ozone/integration-test/target/log,UNAVAILABLE}
2019-09-09 08:19:25,699 [Datanode State Machine Thread - 0] INFO  statemachine.DatanodeStateMachine (DatanodeStateMachine.java:lambda$startDaemon$0(350)) - Ozone container server started.
2019-09-09 08:19:27,715 [EventQueue-StaleNodeForStaleNodeHandler] INFO  node.StaleNodeHandler (StaleNodeHandler.java:onMessage(58)) - Datanode f26419eb-0f9d-4b36-a221-c1d8503fdc39{ip: 192.168.5.142, host: pr-hdds-2076-zndlt-2349722852, networkLocation: /default-rack, certSerialId: null} moved to stale state. Finalizing its pipelines [PipelineID=ea82fa84-0a35-4453-abdd-a3274548ef03, PipelineID=b98b90eb-d21c-4d39-b1da-c80dc3441a44]
2019-09-09 08:19:27,715 [EventQueue-StaleNodeForStaleNodeHandler] INFO  pipeline.SCMPipelineManager (SCMPipelineManager.java:finalizeAndDestroyPipeline(311)) - destroying pipeline:Pipeline[ Id: ea82fa84-0a35-4453-abdd-a3274548ef03, Nodes: 961f13c2-3587-4261-9c75-f6cbefa2e332{ip: 192.168.5.142, host: pr-hdds-2076-zndlt-2349722852, networkLocation: /default-rack, certSerialId: null}f26419eb-0f9d-4b36-a221-c1d8503fdc39{ip: 192.168.5.142, host: pr-hdds-2076-zndlt-2349722852, networkLocation: /default-rack, certSerialId: null}47a0ac54-9b09-4088-b881-8ccbcc7a7579{ip: 192.168.5.142, host: pr-hdds-2076-zndlt-2349722852, networkLocation: /default-rack, certSerialId: null}, Type:RATIS, Factor:THREE, State:CLOSED]
2019-09-09 08:19:27,716 [EventQueue-StaleNodeForStaleNodeHandler] INFO  pipeline.SCMPipelineManager (SCMPipelineManager.java:finalizeAndDestroyPipeline(311)) - destroying pipeline:Pipeline[ Id: b98b90eb-d21c-4d39-b1da-c80dc3441a44, Nodes: f26419eb-0f9d-4b36-a221-c1d8503fdc39{ip: 192.168.5.142, host: pr-hdds-2076-zndlt-2349722852, networkLocation: /default-rack, certSerialId: null}, Type:RATIS, Factor:ONE, State:OPEN]
2019-09-09 08:19:27,716 [EventQueue-StaleNodeForStaleNodeHandler] INFO  pipeline.PipelineStateManager (PipelineStateManager.java:finalizePipeline(123)) - Pipeline Pipeline[ Id: b98b90eb-d21c-4d39-b1da-c80dc3441a44, Nodes: f26419eb-0f9d-4b36-a221-c1d8503fdc39{ip: 192.168.5.142, host: pr-hdds-2076-zndlt-2349722852, networkLocation: /default-rack, certSerialId: null}, Type:RATIS, Factor:ONE, State:CLOSED] moved to CLOSED state
2019-09-09 08:19:30,217 [main] INFO  ozoneimpl.OzoneContainer (OzoneContainer.java:stop(230)) - Attempting to stop container services.
2019-09-09 08:19:30,220 [main] INFO  impl.RaftServerProxy (RaftServerProxy.java:lambda$close$4(314)) - f26419eb-0f9d-4b36-a221-c1d8503fdc39: close
2019-09-09 08:19:30,221 [main] INFO  impl.RaftServerImpl (RaftServerImpl.java:lambda$shutdown$3(245)) - f26419eb-0f9d-4b36-a221-c1d8503fdc39: shutdown group-A3274548EF03
2019-09-09 08:19:30,221 [main] INFO  util.JmxRegister (JmxRegister.java:unregister(73)) - Successfully un-registered JMX Bean with object name Ratis:service=RaftServer,group=group-A3274548EF03,id=f26419eb-0f9d-4b36-a221-c1d8503fdc39
2019-09-09 08:19:30,221 [main] INFO  impl.RoleInfo (RoleInfo.java:shutdownFollowerState(121)) - f26419eb-0f9d-4b36-a221-c1d8503fdc39: shutdown FollowerState
2019-09-09 08:19:30,222 [main] INFO  impl.StateMachineUpdater (StateMachineUpdater.java:stopAndJoin(115)) - StateMachineUpdater:f26419eb-0f9d-4b36-a221-c1d8503fdc39:group-A3274548EF03: set stopIndex = 10
2019-09-09 08:19:30,222 [Thread-456] INFO  impl.FollowerState (FollowerState.java:run(114)) - f26419eb-0f9d-4b36-a221-c1d8503fdc39: FollowerState was interrupted: java.lang.InterruptedException: sleep interrupted
2019-09-09 08:19:30,222 [StateMachineUpdater:f26419eb-0f9d-4b36-a221-c1d8503fdc39:group-A3274548EF03] INFO  ratis.ContainerStateMachine (ContainerStateMachine.java:takeSnapshot(284)) - group-A3274548EF03: Taking a snapshot at:(t:5, i:8) file /workdir/hadoop-ozone/integration-test/target/test-dir/MiniOzoneClusterImpl-9af79de6-edc7-41de-88b2-48efa07a2592/datanode-4/data/ratis/ea82fa84-0a35-4453-abdd-a3274548ef03/sm/snapshot.5_8
2019-09-09 08:19:30,259 [StateMachineUpdater:f26419eb-0f9d-4b36-a221-c1d8503fdc39:group-A3274548EF03] INFO  ratis.ContainerStateMachine (ContainerStateMachine.java:takeSnapshot(295)) - group-A3274548EF03: Finished taking a snapshot at:(t:5, i:8) file:/workdir/hadoop-ozone/integration-test/target/test-dir/MiniOzoneClusterImpl-9af79de6-edc7-41de-88b2-48efa07a2592/datanode-4/data/ratis/ea82fa84-0a35-4453-abdd-a3274548ef03/sm/snapshot.5_8 time:37
2019-09-09 08:19:30,260 [StateMachineUpdater:f26419eb-0f9d-4b36-a221-c1d8503fdc39:group-A3274548EF03] INFO  impl.StateMachineUpdater (StateMachineUpdater.java:takeSnapshot(242)) - StateMachineUpdater:f26419eb-0f9d-4b36-a221-c1d8503fdc39:group-A3274548EF03: Took a snapshot at index 8
2019-09-09 08:19:30,260 [StateMachineUpdater:f26419eb-0f9d-4b36-a221-c1d8503fdc39:group-A3274548EF03] INFO  impl.StateMachineUpdater (StateMachineUpdater.java:lambda$new$0(80)) - StateMachineUpdater:f26419eb-0f9d-4b36-a221-c1d8503fdc39:group-A3274548EF03: snapshotIndex: updateIncreasingly -1 -> 8
2019-09-09 08:19:30,260 [main] INFO  impl.RaftServerImpl (ServerState.java:close(394)) - f26419eb-0f9d-4b36-a221-c1d8503fdc39:group-A3274548EF03 closes. The last applied log index is 10
2019-09-09 08:19:30,261 [f26419eb-0f9d-4b36-a221-c1d8503fdc39-SegmentedRaftLogWorker:Storage Directory /workdir/hadoop-ozone/integration-test/target/test-dir/MiniOzoneClusterImpl-9af79de6-edc7-41de-88b2-48efa07a2592/datanode-4/data/ratis/ea82fa84-0a35-4453-abdd-a3274548ef03] INFO  segmented.SegmentedRaftLogWorker (SegmentedRaftLogWorker.java:run(313)) - f26419eb-0f9d-4b36-a221-c1d8503fdc39-SegmentedRaftLogWorker:Storage Directory /workdir/hadoop-ozone/integration-test/target/test-dir/MiniOzoneClusterImpl-9af79de6-edc7-41de-88b2-48efa07a2592/datanode-4/data/ratis/ea82fa84-0a35-4453-abdd-a3274548ef03 was interrupted, exiting. There are 0 tasks remaining in the queue.
2019-09-09 08:19:30,263 [main] INFO  segmented.SegmentedRaftLogWorker (SegmentedRaftLogWorker.java:close(228)) - f26419eb-0f9d-4b36-a221-c1d8503fdc39-SegmentedRaftLogWorker:Storage Directory /workdir/hadoop-ozone/integration-test/target/test-dir/MiniOzoneClusterImpl-9af79de6-edc7-41de-88b2-48efa07a2592/datanode-4/data/ratis/ea82fa84-0a35-4453-abdd-a3274548ef03 close()
2019-09-09 08:19:30,267 [main] INFO  impl.RaftServerImpl (RaftServerImpl.java:lambda$shutdown$3(245)) - f26419eb-0f9d-4b36-a221-c1d8503fdc39: shutdown group-C80DC3441A44
2019-09-09 08:19:30,268 [main] INFO  util.JmxRegister (JmxRegister.java:unregister(73)) - Successfully un-registered JMX Bean with object name Ratis:service=RaftServer,group=group-C80DC3441A44,id=f26419eb-0f9d-4b36-a221-c1d8503fdc39
2019-09-09 08:19:30,268 [main] INFO  impl.RoleInfo (RoleInfo.java:shutdownLeaderState(104)) - f26419eb-0f9d-4b36-a221-c1d8503fdc39: shutdown LeaderState
2019-09-09 08:19:30,269 [main] INFO  impl.PendingRequests (PendingRequests.java:sendNotLeaderResponses(202)) - f26419eb-0f9d-4b36-a221-c1d8503fdc39-PendingRequests: sendNotLeaderResponses
2019-09-09 08:19:30,269 [main] INFO  impl.StateMachineUpdater (StateMachineUpdater.java:stopAndJoin(115)) - StateMachineUpdater:f26419eb-0f9d-4b36-a221-c1d8503fdc39:group-C80DC3441A44: set stopIndex = 0
2019-09-09 08:19:30,270 [main] INFO  impl.RaftServerImpl (ServerState.java:close(394)) - f26419eb-0f9d-4b36-a221-c1d8503fdc39:group-C80DC3441A44 closes. The last applied log index is 0
2019-09-09 08:19:30,270 [f26419eb-0f9d-4b36-a221-c1d8503fdc39-SegmentedRaftLogWorker:Storage Directory /workdir/hadoop-ozone/integration-test/target/test-dir/MiniOzoneClusterImpl-9af79de6-edc7-41de-88b2-48efa07a2592/datanode-4/data/ratis/b98b90eb-d21c-4d39-b1da-c80dc3441a44] INFO  segmented.SegmentedRaftLogWorker (SegmentedRaftLogWorker.java:run(313)) - f26419eb-0f9d-4b36-a221-c1d8503fdc39-SegmentedRaftLogWorker:Storage Directory /workdir/hadoop-ozone/integration-test/target/test-dir/MiniOzoneClusterImpl-9af79de6-edc7-41de-88b2-48efa07a2592/datanode-4/data/ratis/b98b90eb-d21c-4d39-b1da-c80dc3441a44 was interrupted, exiting. There are 0 tasks remaining in the queue.
2019-09-09 08:19:30,272 [main] INFO  segmented.SegmentedRaftLogWorker (SegmentedRaftLogWorker.java:close(228)) - f26419eb-0f9d-4b36-a221-c1d8503fdc39-SegmentedRaftLogWorker:Storage Directory /workdir/hadoop-ozone/integration-test/target/test-dir/MiniOzoneClusterImpl-9af79de6-edc7-41de-88b2-48efa07a2592/datanode-4/data/ratis/b98b90eb-d21c-4d39-b1da-c80dc3441a44 close()
2019-09-09 08:19:30,276 [main] INFO  server.GrpcService (GrpcService.java:closeImpl(155)) - f26419eb-0f9d-4b36-a221-c1d8503fdc39: shutdown server with port 44165 now
2019-09-09 08:19:30,277 [main] INFO  server.GrpcService (GrpcService.java:closeImpl(163)) - f26419eb-0f9d-4b36-a221-c1d8503fdc39: shutdown server with port 44165 successfully
2019-09-09 08:19:30,280 [refreshUsed-/workdir/hadoop-ozone/integration-test/target/test-dir/MiniOzoneClusterImpl-9af79de6-edc7-41de-88b2-48efa07a2592/datanode-4/data/containers] WARN  fs.CachingGetSpaceUsed (CachingGetSpaceUsed.java:run(183)) - Thread Interrupted waiting to refresh disk information: sleep interrupted
2019-09-09 08:19:30,303 [main] INFO  utils.BackgroundService (BackgroundService.java:shutdown(148)) - Shutting down service BlockDeletingService
2019-09-09 08:19:30,309 [main] INFO  statemachine.DatanodeStateMachine (DatanodeStateMachine.java:stopDaemon(395)) - Ozone container server stopped.
2019-09-09 08:19:30,310 [main] INFO  handler.ContextHandler (ContextHandler.java:doStop(910)) - Stopped o.e.j.w.WebAppContext@50fb33a{/,null,UNAVAILABLE}{/hddsDatanode}
2019-09-09 08:19:30,311 [main] INFO  server.AbstractConnector (AbstractConnector.java:doStop(318)) - Stopped ServerConnector@2cae9b8{HTTP/1.1,[http/1.1]}{0.0.0.0:0}
2019-09-09 08:19:30,312 [main] INFO  handler.ContextHandler (ContextHandler.java:doStop(910)) - Stopped o.e.j.s.ServletContextHandler@350d3f4d{/static,jar:file:/home/user/.m2/repository/org/apache/hadoop/hadoop-hdds-container-service/0.5.0-SNAPSHOT/hadoop-hdds-container-service-0.5.0-SNAPSHOT.jar!/webapps/static,UNAVAILABLE}
2019-09-09 08:19:30,312 [main] INFO  handler.ContextHandler (ContextHandler.java:doStop(910)) - Stopped o.e.j.s.ServletContextHandler@7fb29ca9{/logs,file:///workdir/hadoop-ozone/integration-test/target/log,UNAVAILABLE}
]]></system-out>
  </testcase>
</testsuite>