<?xml version="1.0" encoding="UTF-8"?>
<testsuite xmlns:xsi="http://www.w3.org/2001/XMLSchema-instance" xsi:noNamespaceSchemaLocation="https://maven.apache.org/surefire/maven-surefire-plugin/xsd/surefire-test-report.xsd" name="org.apache.hadoop.ozone.client.rpc.TestBlockOutputStream" time="605.932" tests="6" errors="0" skipped="0" failures="3">
  <properties>
    <property name="awt.toolkit" value="sun.awt.X11.XToolkit"/>
    <property name="file.encoding.pkg" value="sun.io"/>
    <property name="java.specification.version" value="1.8"/>
    <property name="sun.cpu.isalist" value=""/>
    <property name="sun.jnu.encoding" value="UTF-8"/>
    <property name="java.class.path" value="/workdir/hadoop-ozone/integration-test/target/test-classes:/workdir/hadoop-ozone/integration-test/target/classes:/home/user/.m2/repository/org/apache/hadoop/hadoop-ozone-common/0.5.0-SNAPSHOT/hadoop-ozone-common-0.5.0-SNAPSHOT.jar:/home/user/.m2/repository/org/apache/commons/commons-compress/1.4.1/commons-compress-1.4.1.jar:/home/user/.m2/repository/org/tukaani/xz/1.0/xz-1.0.jar:/home/user/.m2/repository/org/apache/hadoop/hadoop-common/3.2.0/hadoop-common-3.2.0.jar:/home/user/.m2/repository/org/apache/hadoop/hadoop-hdfs/3.2.0/hadoop-hdfs-3.2.0.jar:/home/user/.m2/repository/org/apache/hadoop/hadoop-hdfs-client/3.2.0/hadoop-hdfs-client-3.2.0.jar:/home/user/.m2/repository/com/fasterxml/jackson/core/jackson-annotations/2.9.5/jackson-annotations-2.9.5.jar:/home/user/.m2/repository/org/apache/hadoop/hadoop-hdds-common/0.5.0-SNAPSHOT/hadoop-hdds-common-0.5.0-SNAPSHOT.jar:/home/user/.m2/repository/javax/annotation/javax.annotation-api/1.2/javax.annotation-api-1.2.jar:/home/user/.m2/repository/org/apache/ratis/ratis-server/0.4.0-78e95b9-SNAPSHOT/ratis-server-0.4.0-78e95b9-SNAPSHOT.jar:/home/user/.m2/repository/org/apache/ratis/ratis-thirdparty-misc/0.2.0/ratis-thirdparty-misc-0.2.0.jar:/home/user/.m2/repository/org/apache/ratis/ratis-proto/0.4.0-78e95b9-SNAPSHOT/ratis-proto-0.4.0-78e95b9-SNAPSHOT.jar:/home/user/.m2/repository/org/apache/ratis/ratis-common/0.4.0-78e95b9-SNAPSHOT/ratis-common-0.4.0-78e95b9-SNAPSHOT.jar:/home/user/.m2/repository/org/apache/ratis/ratis-client/0.4.0-78e95b9-SNAPSHOT/ratis-client-0.4.0-78e95b9-SNAPSHOT.jar:/home/user/.m2/repository/org/apache/ratis/ratis-metrics/0.4.0-78e95b9-SNAPSHOT/ratis-metrics-0.4.0-78e95b9-SNAPSHOT.jar:/home/user/.m2/repository/com/github/joshelser/dropwizard-metrics-hadoop-metrics2-reporter/0.1.2/dropwizard-metrics-hadoop-metrics2-reporter-0.1.2.jar:/home/user/.m2/repository/io/dropwizard/metrics/metrics-jvm/3.2.5/metrics-jvm-3.2.5.jar:/home/user/.m2/repository/io/dropwizard/metrics/metrics-ganglia/3.2.5/metrics-ganglia-3.2.5.jar:/home/user/.m2/repository/info/ganglia/gmetric4j/gmetric4j/1.0.7/gmetric4j-1.0.7.jar:/home/user/.m2/repository/org/apache/ratis/ratis-netty/0.4.0-78e95b9-SNAPSHOT/ratis-netty-0.4.0-78e95b9-SNAPSHOT.jar:/home/user/.m2/repository/org/apache/ratis/ratis-grpc/0.4.0-78e95b9-SNAPSHOT/ratis-grpc-0.4.0-78e95b9-SNAPSHOT.jar:/home/user/.m2/repository/org/rocksdb/rocksdbjni/6.0.1/rocksdbjni-6.0.1.jar:/home/user/.m2/repository/org/apache/logging/log4j/log4j-api/2.11.0/log4j-api-2.11.0.jar:/home/user/.m2/repository/org/apache/logging/log4j/log4j-core/2.11.0/log4j-core-2.11.0.jar:/home/user/.m2/repository/com/lmax/disruptor/3.4.2/disruptor-3.4.2.jar:/home/user/.m2/repository/org/apache/commons/commons-pool2/2.6.0/commons-pool2-2.6.0.jar:/home/user/.m2/repository/org/bouncycastle/bcpkix-jdk15on/1.60/bcpkix-jdk15on-1.60.jar:/home/user/.m2/repository/commons-validator/commons-validator/1.6/commons-validator-1.6.jar:/home/user/.m2/repository/commons-digester/commons-digester/1.8.1/commons-digester-1.8.1.jar:/home/user/.m2/repository/io/jaegertracing/jaeger-client/0.33.1/jaeger-client-0.33.1.jar:/home/user/.m2/repository/io/jaegertracing/jaeger-thrift/0.33.1/jaeger-thrift-0.33.1.jar:/home/user/.m2/repository/org/apache/thrift/libthrift/0.11.0/libthrift-0.11.0.jar:/home/user/.m2/repository/com/squareup/okhttp3/okhttp/3.9.0/okhttp-3.9.0.jar:/home/user/.m2/repository/com/squareup/okio/okio/1.13.0/okio-1.13.0.jar:/home/user/.m2/repository/io/jaegertracing/jaeger-core/0.33.1/jaeger-core-0.33.1.jar:/home/user/.m2/repository/io/jaegertracing/jaeger-tracerresolver/0.33.1/jaeger-tracerresolver-0.33.1.jar:/home/user/.m2/repository/io/opentracing/contrib/opentracing-tracerresolver/0.1.5/opentracing-tracerresolver-0.1.5.jar:/home/user/.m2/repository/io/opentracing/opentracing-util/0.31.0/opentracing-util-0.31.0.jar:/home/user/.m2/repository/io/opentracing/opentracing-api/0.31.0/opentracing-api-0.31.0.jar:/home/user/.m2/repository/io/opentracing/opentracing-noop/0.31.0/opentracing-noop-0.31.0.jar:/home/user/.m2/repository/org/apache/hadoop/hadoop-hdds-server-framework/0.5.0-SNAPSHOT/hadoop-hdds-server-framework-0.5.0-SNAPSHOT.jar:/home/user/.m2/repository/org/apache/hadoop/hadoop-hdds-container-service/0.5.0-SNAPSHOT/hadoop-hdds-container-service-0.5.0-SNAPSHOT.jar:/home/user/.m2/repository/org/apache/hadoop/hadoop-hdds-client/0.5.0-SNAPSHOT/hadoop-hdds-client-0.5.0-SNAPSHOT.jar:/home/user/.m2/repository/org/apache/hadoop/hadoop-hdds-tools/0.5.0-SNAPSHOT/hadoop-hdds-tools-0.5.0-SNAPSHOT.jar:/home/user/.m2/repository/org/apache/hadoop/hadoop-hdds-server-scm/0.5.0-SNAPSHOT/hadoop-hdds-server-scm-0.5.0-SNAPSHOT.jar:/home/user/.m2/repository/org/apache/hadoop/hadoop-hdds-docs/0.5.0-SNAPSHOT/hadoop-hdds-docs-0.5.0-SNAPSHOT.jar:/home/user/.m2/repository/io/dropwizard/metrics/metrics-core/3.2.4/metrics-core-3.2.4.jar:/home/user/.m2/repository/org/hamcrest/hamcrest-all/1.3/hamcrest-all-1.3.jar:/home/user/.m2/repository/org/bouncycastle/bcprov-jdk15on/1.60/bcprov-jdk15on-1.60.jar:/home/user/.m2/repository/info/picocli/picocli/3.9.6/picocli-3.9.6.jar:/home/user/.m2/repository/com/google/protobuf/protobuf-java/2.5.0/protobuf-java-2.5.0.jar:/home/user/.m2/repository/com/google/guava/guava/11.0.2/guava-11.0.2.jar:/home/user/.m2/repository/org/apache/hadoop/hadoop-ozone-ozone-manager/0.5.0-SNAPSHOT/hadoop-ozone-ozone-manager-0.5.0-SNAPSHOT.jar:/home/user/.m2/repository/org/apache/hadoop/hadoop-minikdc/3.2.0/hadoop-minikdc-3.2.0.jar:/home/user/.m2/repository/commons-io/commons-io/2.5/commons-io-2.5.jar:/home/user/.m2/repository/org/apache/kerby/kerb-simplekdc/1.0.1/kerb-simplekdc-1.0.1.jar:/home/user/.m2/repository/org/apache/kerby/kerb-client/1.0.1/kerb-client-1.0.1.jar:/home/user/.m2/repository/org/apache/kerby/kerby-config/1.0.1/kerby-config-1.0.1.jar:/home/user/.m2/repository/org/apache/kerby/kerb-core/1.0.1/kerb-core-1.0.1.jar:/home/user/.m2/repository/org/apache/kerby/kerby-pkix/1.0.1/kerby-pkix-1.0.1.jar:/home/user/.m2/repository/org/apache/kerby/kerby-asn1/1.0.1/kerby-asn1-1.0.1.jar:/home/user/.m2/repository/org/apache/kerby/kerby-util/1.0.1/kerby-util-1.0.1.jar:/home/user/.m2/repository/org/apache/kerby/kerb-common/1.0.1/kerb-common-1.0.1.jar:/home/user/.m2/repository/org/apache/kerby/kerb-crypto/1.0.1/kerb-crypto-1.0.1.jar:/home/user/.m2/repository/org/apache/kerby/kerb-util/1.0.1/kerb-util-1.0.1.jar:/home/user/.m2/repository/org/apache/kerby/token-provider/1.0.1/token-provider-1.0.1.jar:/home/user/.m2/repository/org/apache/kerby/kerb-admin/1.0.1/kerb-admin-1.0.1.jar:/home/user/.m2/repository/org/apache/kerby/kerb-server/1.0.1/kerb-server-1.0.1.jar:/home/user/.m2/repository/org/apache/kerby/kerb-identity/1.0.1/kerb-identity-1.0.1.jar:/home/user/.m2/repository/org/apache/kerby/kerby-xdr/1.0.1/kerby-xdr-1.0.1.jar:/home/user/.m2/repository/org/slf4j/slf4j-log4j12/1.7.25/slf4j-log4j12-1.7.25.jar:/home/user/.m2/repository/org/apache/hadoop/hadoop-ozone-s3gateway/0.5.0-SNAPSHOT/hadoop-ozone-s3gateway-0.5.0-SNAPSHOT.jar:/home/user/.m2/repository/org/jboss/weld/servlet/weld-servlet/2.4.7.Final/weld-servlet-2.4.7.Final.jar:/home/user/.m2/repository/org/glassfish/jersey/containers/jersey-container-servlet-core/2.27/jersey-container-servlet-core-2.27.jar:/home/user/.m2/repository/org/glassfish/hk2/external/javax.inject/2.5.0-b42/javax.inject-2.5.0-b42.jar:/home/user/.m2/repository/org/glassfish/jersey/core/jersey-common/2.27/jersey-common-2.27.jar:/home/user/.m2/repository/org/glassfish/hk2/osgi-resource-locator/1.0.1/osgi-resource-locator-1.0.1.jar:/home/user/.m2/repository/javax/ws/rs/javax.ws.rs-api/2.1/javax.ws.rs-api-2.1.jar:/home/user/.m2/repository/org/glassfish/jersey/ext/cdi/jersey-cdi1x/2.27/jersey-cdi1x-2.27.jar:/home/user/.m2/repository/org/glassfish/jersey/inject/jersey-hk2/2.27/jersey-hk2-2.27.jar:/home/user/.m2/repository/org/glassfish/hk2/hk2-locator/2.5.0-b42/hk2-locator-2.5.0-b42.jar:/home/user/.m2/repository/org/javassist/javassist/3.22.0-CR2/javassist-3.22.0-CR2.jar:/home/user/.m2/repository/org/glassfish/hk2/hk2-api/2.5.0/hk2-api-2.5.0.jar:/home/user/.m2/repository/org/glassfish/hk2/external/jakarta.inject/2.5.0/jakarta.inject-2.5.0.jar:/home/user/.m2/repository/org/glassfish/hk2/hk2-utils/2.5.0/hk2-utils-2.5.0.jar:/home/user/.m2/repository/jakarta/annotation/jakarta.annotation-api/1.3.4/jakarta.annotation-api-1.3.4.jar:/home/user/.m2/repository/org/glassfish/hk2/external/aopalliance-repackaged/2.5.0/aopalliance-repackaged-2.5.0.jar:/home/user/.m2/repository/com/fasterxml/jackson/dataformat/jackson-dataformat-xml/2.9.0/jackson-dataformat-xml-2.9.0.jar:/home/user/.m2/repository/com/fasterxml/jackson/core/jackson-core/2.9.5/jackson-core-2.9.5.jar:/home/user/.m2/repository/com/fasterxml/jackson/module/jackson-module-jaxb-annotations/2.9.5/jackson-module-jaxb-annotations-2.9.5.jar:/home/user/.m2/repository/javax/enterprise/cdi-api/1.2/cdi-api-1.2.jar:/home/user/.m2/repository/javax/el/javax.el-api/3.0.0/javax.el-api-3.0.0.jar:/home/user/.m2/repository/javax/interceptor/javax.interceptor-api/1.2/javax.interceptor-api-1.2.jar:/home/user/.m2/repository/javax/inject/javax.inject/1/javax.inject-1.jar:/home/user/.m2/repository/com/sun/xml/bind/jaxb-impl/2.3.0.1/jaxb-impl-2.3.0.1.jar:/home/user/.m2/repository/com/sun/xml/bind/jaxb-core/2.3.0.1/jaxb-core-2.3.0.1.jar:/home/user/.m2/repository/javax/xml/bind/jaxb-api/2.3.0/jaxb-api-2.3.0.jar:/home/user/.m2/repository/javax/activation/activation/1.1.1/activation-1.1.1.jar:/home/user/.m2/repository/org/apache/hadoop/hadoop-ozone-csi/0.5.0-SNAPSHOT/hadoop-ozone-csi-0.5.0-SNAPSHOT.jar:/home/user/.m2/repository/com/google/protobuf/protobuf-java-util/3.5.1/protobuf-java-util-3.5.1.jar:/home/user/.m2/repository/org/apache/hadoop/hadoop-hdds-config/0.5.0-SNAPSHOT/hadoop-hdds-config-0.5.0-SNAPSHOT.jar:/home/user/.m2/repository/io/grpc/grpc-netty/1.17.1/grpc-netty-1.17.1.jar:/home/user/.m2/repository/io/grpc/grpc-core/1.17.1/grpc-core-1.17.1.jar:/home/user/.m2/repository/io/grpc/grpc-context/1.17.1/grpc-context-1.17.1.jar:/home/user/.m2/repository/com/google/errorprone/error_prone_annotations/2.2.0/error_prone_annotations-2.2.0.jar:/home/user/.m2/repository/org/codehaus/mojo/animal-sniffer-annotations/1.17/animal-sniffer-annotations-1.17.jar:/home/user/.m2/repository/io/opencensus/opencensus-api/0.17.0/opencensus-api-0.17.0.jar:/home/user/.m2/repository/io/opencensus/opencensus-contrib-grpc-metrics/0.17.0/opencensus-contrib-grpc-metrics-0.17.0.jar:/home/user/.m2/repository/io/netty/netty-codec-http2/4.1.30.Final/netty-codec-http2-4.1.30.Final.jar:/home/user/.m2/repository/io/netty/netty-codec-http/4.1.30.Final/netty-codec-http-4.1.30.Final.jar:/home/user/.m2/repository/io/netty/netty-codec/4.1.30.Final/netty-codec-4.1.30.Final.jar:/home/user/.m2/repository/io/netty/netty-handler/4.1.30.Final/netty-handler-4.1.30.Final.jar:/home/user/.m2/repository/io/netty/netty-handler-proxy/4.1.30.Final/netty-handler-proxy-4.1.30.Final.jar:/home/user/.m2/repository/io/netty/netty-codec-socks/4.1.30.Final/netty-codec-socks-4.1.30.Final.jar:/home/user/.m2/repository/io/netty/netty-transport-native-epoll/4.1.30.Final/netty-transport-native-epoll-4.1.30.Final.jar:/home/user/.m2/repository/io/netty/netty-common/4.1.30.Final/netty-common-4.1.30.Final.jar:/home/user/.m2/repository/io/netty/netty-buffer/4.1.30.Final/netty-buffer-4.1.30.Final.jar:/home/user/.m2/repository/io/netty/netty-transport/4.1.30.Final/netty-transport-4.1.30.Final.jar:/home/user/.m2/repository/io/netty/netty-resolver/4.1.30.Final/netty-resolver-4.1.30.Final.jar:/home/user/.m2/repository/io/netty/netty-transport-native-unix-common/4.1.30.Final/netty-transport-native-unix-common-4.1.30.Final.jar:/home/user/.m2/repository/io/grpc/grpc-protobuf/1.17.1/grpc-protobuf-1.17.1.jar:/home/user/.m2/repository/com/google/api/grpc/proto-google-common-protos/1.0.0/proto-google-common-protos-1.0.0.jar:/home/user/.m2/repository/io/grpc/grpc-protobuf-lite/1.17.1/grpc-protobuf-lite-1.17.1.jar:/home/user/.m2/repository/io/grpc/grpc-stub/1.17.1/grpc-stub-1.17.1.jar:/home/user/.m2/repository/org/apache/hadoop/hadoop-ozone-recon/0.5.0-SNAPSHOT/hadoop-ozone-recon-0.5.0-SNAPSHOT.jar:/home/user/.m2/repository/org/apache/hadoop/hadoop-ozone-reconcodegen/0.5.0-SNAPSHOT/hadoop-ozone-reconcodegen-0.5.0-SNAPSHOT.jar:/home/user/.m2/repository/com/google/inject/extensions/guice-multibindings/4.0/guice-multibindings-4.0.jar:/home/user/.m2/repository/com/google/inject/guice/4.0/guice-4.0.jar:/home/user/.m2/repository/aopalliance/aopalliance/1.0/aopalliance-1.0.jar:/home/user/.m2/repository/com/google/inject/extensions/guice-servlet/4.0/guice-servlet-4.0.jar:/home/user/.m2/repository/org/glassfish/jersey/containers/jersey-container-servlet/2.27/jersey-container-servlet-2.27.jar:/home/user/.m2/repository/org/glassfish/hk2/guice-bridge/2.5.0/guice-bridge-2.5.0.jar:/home/user/.m2/repository/org/glassfish/jersey/core/jersey-server/2.27/jersey-server-2.27.jar:/home/user/.m2/repository/org/glassfish/jersey/core/jersey-client/2.27/jersey-client-2.27.jar:/home/user/.m2/repository/org/glassfish/jersey/media/jersey-media-jaxb/2.27/jersey-media-jaxb-2.27.jar:/home/user/.m2/repository/javax/validation/validation-api/1.1.0.Final/validation-api-1.1.0.Final.jar:/home/user/.m2/repository/org/glassfish/jersey/media/jersey-media-json-jackson/2.27/jersey-media-json-jackson-2.27.jar:/home/user/.m2/repository/org/glassfish/jersey/ext/jersey-entity-filtering/2.27/jersey-entity-filtering-2.27.jar:/home/user/.m2/repository/com/google/inject/extensions/guice-assistedinject/4.0/guice-assistedinject-4.0.jar:/home/user/.m2/repository/org/jooq/jooq/3.11.10/jooq-3.11.10.jar:/home/user/.m2/repository/org/jooq/jooq-meta/3.11.10/jooq-meta-3.11.10.jar:/home/user/.m2/repository/org/jooq/jooq-codegen/3.11.10/jooq-codegen-3.11.10.jar:/home/user/.m2/repository/com/jolbox/bonecp/0.8.0.RELEASE/bonecp-0.8.0.RELEASE.jar:/home/user/.m2/repository/org/xerial/sqlite-jdbc/3.25.2/sqlite-jdbc-3.25.2.jar:/home/user/.m2/repository/org/springframework/spring-jdbc/5.1.3.RELEASE/spring-jdbc-5.1.3.RELEASE.jar:/home/user/.m2/repository/org/springframework/spring-beans/5.1.3.RELEASE/spring-beans-5.1.3.RELEASE.jar:/home/user/.m2/repository/org/springframework/spring-core/5.1.3.RELEASE/spring-core-5.1.3.RELEASE.jar:/home/user/.m2/repository/org/springframework/spring-jcl/5.1.3.RELEASE/spring-jcl-5.1.3.RELEASE.jar:/home/user/.m2/repository/org/springframework/spring-tx/5.1.3.RELEASE/spring-tx-5.1.3.RELEASE.jar:/home/user/.m2/repository/org/apache/hadoop/hadoop-ozone-client/0.5.0-SNAPSHOT/hadoop-ozone-client-0.5.0-SNAPSHOT.jar:/home/user/.m2/repository/commons-lang/commons-lang/2.6/commons-lang-2.6.jar:/home/user/.m2/repository/org/apache/hadoop/hadoop-ozone-ozone-manager/0.5.0-SNAPSHOT/hadoop-ozone-ozone-manager-0.5.0-SNAPSHOT-tests.jar:/home/user/.m2/repository/junit/junit/4.11/junit-4.11.jar:/home/user/.m2/repository/org/hamcrest/hamcrest-core/1.3/hamcrest-core-1.3.jar:/home/user/.m2/repository/org/openjdk/jmh/jmh-core/1.19/jmh-core-1.19.jar:/home/user/.m2/repository/net/sf/jopt-simple/jopt-simple/4.6/jopt-simple-4.6.jar:/home/user/.m2/repository/org/apache/commons/commons-math3/3.1.1/commons-math3-3.1.1.jar:/home/user/.m2/repository/org/openjdk/jmh/jmh-generator-annprocess/1.19/jmh-generator-annprocess-1.19.jar:/home/user/.m2/repository/org/mockito/mockito-all/1.8.5/mockito-all-1.8.5.jar:/home/user/.m2/repository/org/apache/hadoop/hadoop-kms/3.2.0/hadoop-kms-3.2.0.jar:/home/user/.m2/repository/org/apache/hadoop/hadoop-auth/3.2.0/hadoop-auth-3.2.0.jar:/home/user/.m2/repository/com/nimbusds/nimbus-jose-jwt/4.41.1/nimbus-jose-jwt-4.41.1.jar:/home/user/.m2/repository/com/github/stephenc/jcip/jcip-annotations/1.0-1/jcip-annotations-1.0-1.jar:/home/user/.m2/repository/net/minidev/json-smart/2.3/json-smart-2.3.jar:/home/user/.m2/repository/net/minidev/accessors-smart/1.2/accessors-smart-1.2.jar:/home/user/.m2/repository/org/ow2/asm/asm/5.0.4/asm-5.0.4.jar:/home/user/.m2/repository/org/apache/curator/curator-framework/2.12.0/curator-framework-2.12.0.jar:/home/user/.m2/repository/com/sun/jersey/jersey-core/1.19/jersey-core-1.19.jar:/home/user/.m2/repository/javax/ws/rs/jsr311-api/1.1.1/jsr311-api-1.1.1.jar:/home/user/.m2/repository/com/sun/jersey/jersey-server/1.19/jersey-server-1.19.jar:/home/user/.m2/repository/javax/servlet/javax.servlet-api/3.1.0/javax.servlet-api-3.1.0.jar:/home/user/.m2/repository/org/eclipse/jetty/jetty-server/9.3.24.v20180605/jetty-server-9.3.24.v20180605.jar:/home/user/.m2/repository/org/eclipse/jetty/jetty-http/9.3.24.v20180605/jetty-http-9.3.24.v20180605.jar:/home/user/.m2/repository/org/eclipse/jetty/jetty-io/9.3.24.v20180605/jetty-io-9.3.24.v20180605.jar:/home/user/.m2/repository/org/eclipse/jetty/jetty-webapp/9.3.24.v20180605/jetty-webapp-9.3.24.v20180605.jar:/home/user/.m2/repository/org/eclipse/jetty/jetty-xml/9.3.24.v20180605/jetty-xml-9.3.24.v20180605.jar:/home/user/.m2/repository/log4j/log4j/1.2.17/log4j-1.2.17.jar:/home/user/.m2/repository/org/slf4j/slf4j-api/1.7.25/slf4j-api-1.7.25.jar:/home/user/.m2/repository/org/slf4j/jul-to-slf4j/1.7.25/jul-to-slf4j-1.7.25.jar:/home/user/.m2/repository/org/eclipse/jetty/jetty-util/9.3.24.v20180605/jetty-util-9.3.24.v20180605.jar:/home/user/.m2/repository/com/fasterxml/jackson/core/jackson-databind/2.9.5/jackson-databind-2.9.5.jar:/home/user/.m2/repository/org/apache/hadoop/hadoop-kms/3.2.0/hadoop-kms-3.2.0-tests.jar:/home/user/.m2/repository/org/apache/hadoop/hadoop-hdds-server-scm/0.5.0-SNAPSHOT/hadoop-hdds-server-scm-0.5.0-SNAPSHOT-tests.jar:/home/user/.m2/repository/org/apache/hadoop/hadoop-hdds-container-service/0.5.0-SNAPSHOT/hadoop-hdds-container-service-0.5.0-SNAPSHOT-tests.jar:/home/user/.m2/repository/org/yaml/snakeyaml/1.16/snakeyaml-1.16.jar:/home/user/.m2/repository/org/apache/hadoop/hadoop-common/3.2.0/hadoop-common-3.2.0-tests.jar:/home/user/.m2/repository/org/apache/hadoop/hadoop-annotations/3.2.0/hadoop-annotations-3.2.0.jar:/usr/lib/jvm/java-1.8-openjdk/jre/../lib/tools.jar:/home/user/.m2/repository/commons-cli/commons-cli/1.2/commons-cli-1.2.jar:/home/user/.m2/repository/org/apache/httpcomponents/httpclient/4.5.2/httpclient-4.5.2.jar:/home/user/.m2/repository/org/apache/httpcomponents/httpcore/4.4.4/httpcore-4.4.4.jar:/home/user/.m2/repository/commons-codec/commons-codec/1.11/commons-codec-1.11.jar:/home/user/.m2/repository/commons-net/commons-net/3.6/commons-net-3.6.jar:/home/user/.m2/repository/commons-collections/commons-collections/3.2.2/commons-collections-3.2.2.jar:/home/user/.m2/repository/org/eclipse/jetty/jetty-servlet/9.3.24.v20180605/jetty-servlet-9.3.24.v20180605.jar:/home/user/.m2/repository/org/eclipse/jetty/jetty-security/9.3.24.v20180605/jetty-security-9.3.24.v20180605.jar:/home/user/.m2/repository/javax/servlet/jsp/jsp-api/2.1/jsp-api-2.1.jar:/home/user/.m2/repository/com/sun/jersey/jersey-servlet/1.19/jersey-servlet-1.19.jar:/home/user/.m2/repository/com/sun/jersey/jersey-json/1.19/jersey-json-1.19.jar:/home/user/.m2/repository/org/codehaus/jettison/jettison/1.1/jettison-1.1.jar:/home/user/.m2/repository/org/codehaus/jackson/jackson-core-asl/1.9.13/jackson-core-asl-1.9.13.jar:/home/user/.m2/repository/org/codehaus/jackson/jackson-mapper-asl/1.9.13/jackson-mapper-asl-1.9.13.jar:/home/user/.m2/repository/org/codehaus/jackson/jackson-jaxrs/1.9.13/jackson-jaxrs-1.9.13.jar:/home/user/.m2/repository/org/codehaus/jackson/jackson-xc/1.9.13/jackson-xc-1.9.13.jar:/home/user/.m2/repository/commons-logging/commons-logging/1.1.3/commons-logging-1.1.3.jar:/home/user/.m2/repository/commons-beanutils/commons-beanutils/1.9.3/commons-beanutils-1.9.3.jar:/home/user/.m2/repository/org/apache/commons/commons-configuration2/2.1.1/commons-configuration2-2.1.1.jar:/home/user/.m2/repository/org/apache/commons/commons-lang3/3.7/commons-lang3-3.7.jar:/home/user/.m2/repository/org/apache/commons/commons-text/1.4/commons-text-1.4.jar:/home/user/.m2/repository/org/apache/avro/avro/1.7.7/avro-1.7.7.jar:/home/user/.m2/repository/com/thoughtworks/paranamer/paranamer/2.3/paranamer-2.3.jar:/home/user/.m2/repository/org/xerial/snappy/snappy-java/1.0.5/snappy-java-1.0.5.jar:/home/user/.m2/repository/com/google/re2j/re2j/1.1/re2j-1.1.jar:/home/user/.m2/repository/com/google/code/gson/gson/2.2.4/gson-2.2.4.jar:/home/user/.m2/repository/com/jcraft/jsch/0.1.54/jsch-0.1.54.jar:/home/user/.m2/repository/org/apache/curator/curator-client/2.12.0/curator-client-2.12.0.jar:/home/user/.m2/repository/org/apache/curator/curator-recipes/2.12.0/curator-recipes-2.12.0.jar:/home/user/.m2/repository/com/google/code/findbugs/jsr305/3.0.0/jsr305-3.0.0.jar:/home/user/.m2/repository/org/apache/htrace/htrace-core4/4.1.0-incubating/htrace-core4-4.1.0-incubating.jar:/home/user/.m2/repository/org/apache/zookeeper/zookeeper/3.4.13/zookeeper-3.4.13.jar:/home/user/.m2/repository/org/apache/yetus/audience-annotations/0.5.0/audience-annotations-0.5.0.jar:/home/user/.m2/repository/org/codehaus/woodstox/stax2-api/3.1.4/stax2-api-3.1.4.jar:/home/user/.m2/repository/com/fasterxml/woodstox/woodstox-core/5.0.3/woodstox-core-5.0.3.jar:/home/user/.m2/repository/dnsjava/dnsjava/2.1.7/dnsjava-2.1.7.jar:/home/user/.m2/repository/org/apache/hadoop/hadoop-hdfs/3.2.0/hadoop-hdfs-3.2.0-tests.jar:/home/user/.m2/repository/org/eclipse/jetty/jetty-util-ajax/9.3.24.v20180605/jetty-util-ajax-9.3.24.v20180605.jar:/home/user/.m2/repository/commons-daemon/commons-daemon/1.0.13/commons-daemon-1.0.13.jar:/home/user/.m2/repository/io/netty/netty/3.10.5.Final/netty-3.10.5.Final.jar:/home/user/.m2/repository/io/netty/netty-all/4.0.52.Final/netty-all-4.0.52.Final.jar:/home/user/.m2/repository/org/fusesource/leveldbjni/leveldbjni-all/1.8/leveldbjni-all-1.8.jar:"/>
    <property name="java.vm.vendor" value="IcedTea"/>
    <property name="sun.arch.data.model" value="64"/>
    <property name="test.build.dir" value="/workdir/hadoop-ozone/integration-test/target/test-dir"/>
    <property name="test.cache.data" value=""/>
    <property name="java.vendor.url" value="https://icedtea.classpath.org"/>
    <property name="user.timezone" value=""/>
    <property name="java.vm.specification.version" value="1.8"/>
    <property name="os.name" value="Linux"/>
    <property name="test.build.data" value="/workdir/hadoop-ozone/integration-test/target/test-dir"/>
    <property name="user.country" value="US"/>
    <property name="sun.java.launcher" value="SUN_STANDARD"/>
    <property name="sun.boot.library.path" value="/usr/lib/jvm/java-1.8-openjdk/jre/lib/amd64"/>
    <property name="sun.java.command" value="/workdir/hadoop-ozone/integration-test/target/surefire/surefirebooter3843210594357567323.jar /workdir/hadoop-ozone/integration-test/target/surefire 2019-09-11T11-44-14_439-jvmRun1 surefire9118178192924318605tmp surefire_367437918779032531845tmp"/>
    <property name="test" value="!TestMiniChaosOzoneCluster"/>
    <property name="surefire.test.class.path" value="/workdir/hadoop-ozone/integration-test/target/test-classes:/workdir/hadoop-ozone/integration-test/target/classes:/home/user/.m2/repository/org/apache/hadoop/hadoop-ozone-common/0.5.0-SNAPSHOT/hadoop-ozone-common-0.5.0-SNAPSHOT.jar:/home/user/.m2/repository/org/apache/commons/commons-compress/1.4.1/commons-compress-1.4.1.jar:/home/user/.m2/repository/org/tukaani/xz/1.0/xz-1.0.jar:/home/user/.m2/repository/org/apache/hadoop/hadoop-common/3.2.0/hadoop-common-3.2.0.jar:/home/user/.m2/repository/org/apache/hadoop/hadoop-hdfs/3.2.0/hadoop-hdfs-3.2.0.jar:/home/user/.m2/repository/org/apache/hadoop/hadoop-hdfs-client/3.2.0/hadoop-hdfs-client-3.2.0.jar:/home/user/.m2/repository/com/fasterxml/jackson/core/jackson-annotations/2.9.5/jackson-annotations-2.9.5.jar:/home/user/.m2/repository/org/apache/hadoop/hadoop-hdds-common/0.5.0-SNAPSHOT/hadoop-hdds-common-0.5.0-SNAPSHOT.jar:/home/user/.m2/repository/javax/annotation/javax.annotation-api/1.2/javax.annotation-api-1.2.jar:/home/user/.m2/repository/org/apache/ratis/ratis-server/0.4.0-78e95b9-SNAPSHOT/ratis-server-0.4.0-78e95b9-SNAPSHOT.jar:/home/user/.m2/repository/org/apache/ratis/ratis-thirdparty-misc/0.2.0/ratis-thirdparty-misc-0.2.0.jar:/home/user/.m2/repository/org/apache/ratis/ratis-proto/0.4.0-78e95b9-SNAPSHOT/ratis-proto-0.4.0-78e95b9-SNAPSHOT.jar:/home/user/.m2/repository/org/apache/ratis/ratis-common/0.4.0-78e95b9-SNAPSHOT/ratis-common-0.4.0-78e95b9-SNAPSHOT.jar:/home/user/.m2/repository/org/apache/ratis/ratis-client/0.4.0-78e95b9-SNAPSHOT/ratis-client-0.4.0-78e95b9-SNAPSHOT.jar:/home/user/.m2/repository/org/apache/ratis/ratis-metrics/0.4.0-78e95b9-SNAPSHOT/ratis-metrics-0.4.0-78e95b9-SNAPSHOT.jar:/home/user/.m2/repository/com/github/joshelser/dropwizard-metrics-hadoop-metrics2-reporter/0.1.2/dropwizard-metrics-hadoop-metrics2-reporter-0.1.2.jar:/home/user/.m2/repository/io/dropwizard/metrics/metrics-jvm/3.2.5/metrics-jvm-3.2.5.jar:/home/user/.m2/repository/io/dropwizard/metrics/metrics-ganglia/3.2.5/metrics-ganglia-3.2.5.jar:/home/user/.m2/repository/info/ganglia/gmetric4j/gmetric4j/1.0.7/gmetric4j-1.0.7.jar:/home/user/.m2/repository/org/apache/ratis/ratis-netty/0.4.0-78e95b9-SNAPSHOT/ratis-netty-0.4.0-78e95b9-SNAPSHOT.jar:/home/user/.m2/repository/org/apache/ratis/ratis-grpc/0.4.0-78e95b9-SNAPSHOT/ratis-grpc-0.4.0-78e95b9-SNAPSHOT.jar:/home/user/.m2/repository/org/rocksdb/rocksdbjni/6.0.1/rocksdbjni-6.0.1.jar:/home/user/.m2/repository/org/apache/logging/log4j/log4j-api/2.11.0/log4j-api-2.11.0.jar:/home/user/.m2/repository/org/apache/logging/log4j/log4j-core/2.11.0/log4j-core-2.11.0.jar:/home/user/.m2/repository/com/lmax/disruptor/3.4.2/disruptor-3.4.2.jar:/home/user/.m2/repository/org/apache/commons/commons-pool2/2.6.0/commons-pool2-2.6.0.jar:/home/user/.m2/repository/org/bouncycastle/bcpkix-jdk15on/1.60/bcpkix-jdk15on-1.60.jar:/home/user/.m2/repository/commons-validator/commons-validator/1.6/commons-validator-1.6.jar:/home/user/.m2/repository/commons-digester/commons-digester/1.8.1/commons-digester-1.8.1.jar:/home/user/.m2/repository/io/jaegertracing/jaeger-client/0.33.1/jaeger-client-0.33.1.jar:/home/user/.m2/repository/io/jaegertracing/jaeger-thrift/0.33.1/jaeger-thrift-0.33.1.jar:/home/user/.m2/repository/org/apache/thrift/libthrift/0.11.0/libthrift-0.11.0.jar:/home/user/.m2/repository/com/squareup/okhttp3/okhttp/3.9.0/okhttp-3.9.0.jar:/home/user/.m2/repository/com/squareup/okio/okio/1.13.0/okio-1.13.0.jar:/home/user/.m2/repository/io/jaegertracing/jaeger-core/0.33.1/jaeger-core-0.33.1.jar:/home/user/.m2/repository/io/jaegertracing/jaeger-tracerresolver/0.33.1/jaeger-tracerresolver-0.33.1.jar:/home/user/.m2/repository/io/opentracing/contrib/opentracing-tracerresolver/0.1.5/opentracing-tracerresolver-0.1.5.jar:/home/user/.m2/repository/io/opentracing/opentracing-util/0.31.0/opentracing-util-0.31.0.jar:/home/user/.m2/repository/io/opentracing/opentracing-api/0.31.0/opentracing-api-0.31.0.jar:/home/user/.m2/repository/io/opentracing/opentracing-noop/0.31.0/opentracing-noop-0.31.0.jar:/home/user/.m2/repository/org/apache/hadoop/hadoop-hdds-server-framework/0.5.0-SNAPSHOT/hadoop-hdds-server-framework-0.5.0-SNAPSHOT.jar:/home/user/.m2/repository/org/apache/hadoop/hadoop-hdds-container-service/0.5.0-SNAPSHOT/hadoop-hdds-container-service-0.5.0-SNAPSHOT.jar:/home/user/.m2/repository/org/apache/hadoop/hadoop-hdds-client/0.5.0-SNAPSHOT/hadoop-hdds-client-0.5.0-SNAPSHOT.jar:/home/user/.m2/repository/org/apache/hadoop/hadoop-hdds-tools/0.5.0-SNAPSHOT/hadoop-hdds-tools-0.5.0-SNAPSHOT.jar:/home/user/.m2/repository/org/apache/hadoop/hadoop-hdds-server-scm/0.5.0-SNAPSHOT/hadoop-hdds-server-scm-0.5.0-SNAPSHOT.jar:/home/user/.m2/repository/org/apache/hadoop/hadoop-hdds-docs/0.5.0-SNAPSHOT/hadoop-hdds-docs-0.5.0-SNAPSHOT.jar:/home/user/.m2/repository/io/dropwizard/metrics/metrics-core/3.2.4/metrics-core-3.2.4.jar:/home/user/.m2/repository/org/hamcrest/hamcrest-all/1.3/hamcrest-all-1.3.jar:/home/user/.m2/repository/org/bouncycastle/bcprov-jdk15on/1.60/bcprov-jdk15on-1.60.jar:/home/user/.m2/repository/info/picocli/picocli/3.9.6/picocli-3.9.6.jar:/home/user/.m2/repository/com/google/protobuf/protobuf-java/2.5.0/protobuf-java-2.5.0.jar:/home/user/.m2/repository/com/google/guava/guava/11.0.2/guava-11.0.2.jar:/home/user/.m2/repository/org/apache/hadoop/hadoop-ozone-ozone-manager/0.5.0-SNAPSHOT/hadoop-ozone-ozone-manager-0.5.0-SNAPSHOT.jar:/home/user/.m2/repository/org/apache/hadoop/hadoop-minikdc/3.2.0/hadoop-minikdc-3.2.0.jar:/home/user/.m2/repository/commons-io/commons-io/2.5/commons-io-2.5.jar:/home/user/.m2/repository/org/apache/kerby/kerb-simplekdc/1.0.1/kerb-simplekdc-1.0.1.jar:/home/user/.m2/repository/org/apache/kerby/kerb-client/1.0.1/kerb-client-1.0.1.jar:/home/user/.m2/repository/org/apache/kerby/kerby-config/1.0.1/kerby-config-1.0.1.jar:/home/user/.m2/repository/org/apache/kerby/kerb-core/1.0.1/kerb-core-1.0.1.jar:/home/user/.m2/repository/org/apache/kerby/kerby-pkix/1.0.1/kerby-pkix-1.0.1.jar:/home/user/.m2/repository/org/apache/kerby/kerby-asn1/1.0.1/kerby-asn1-1.0.1.jar:/home/user/.m2/repository/org/apache/kerby/kerby-util/1.0.1/kerby-util-1.0.1.jar:/home/user/.m2/repository/org/apache/kerby/kerb-common/1.0.1/kerb-common-1.0.1.jar:/home/user/.m2/repository/org/apache/kerby/kerb-crypto/1.0.1/kerb-crypto-1.0.1.jar:/home/user/.m2/repository/org/apache/kerby/kerb-util/1.0.1/kerb-util-1.0.1.jar:/home/user/.m2/repository/org/apache/kerby/token-provider/1.0.1/token-provider-1.0.1.jar:/home/user/.m2/repository/org/apache/kerby/kerb-admin/1.0.1/kerb-admin-1.0.1.jar:/home/user/.m2/repository/org/apache/kerby/kerb-server/1.0.1/kerb-server-1.0.1.jar:/home/user/.m2/repository/org/apache/kerby/kerb-identity/1.0.1/kerb-identity-1.0.1.jar:/home/user/.m2/repository/org/apache/kerby/kerby-xdr/1.0.1/kerby-xdr-1.0.1.jar:/home/user/.m2/repository/org/slf4j/slf4j-log4j12/1.7.25/slf4j-log4j12-1.7.25.jar:/home/user/.m2/repository/org/apache/hadoop/hadoop-ozone-s3gateway/0.5.0-SNAPSHOT/hadoop-ozone-s3gateway-0.5.0-SNAPSHOT.jar:/home/user/.m2/repository/org/jboss/weld/servlet/weld-servlet/2.4.7.Final/weld-servlet-2.4.7.Final.jar:/home/user/.m2/repository/org/glassfish/jersey/containers/jersey-container-servlet-core/2.27/jersey-container-servlet-core-2.27.jar:/home/user/.m2/repository/org/glassfish/hk2/external/javax.inject/2.5.0-b42/javax.inject-2.5.0-b42.jar:/home/user/.m2/repository/org/glassfish/jersey/core/jersey-common/2.27/jersey-common-2.27.jar:/home/user/.m2/repository/org/glassfish/hk2/osgi-resource-locator/1.0.1/osgi-resource-locator-1.0.1.jar:/home/user/.m2/repository/javax/ws/rs/javax.ws.rs-api/2.1/javax.ws.rs-api-2.1.jar:/home/user/.m2/repository/org/glassfish/jersey/ext/cdi/jersey-cdi1x/2.27/jersey-cdi1x-2.27.jar:/home/user/.m2/repository/org/glassfish/jersey/inject/jersey-hk2/2.27/jersey-hk2-2.27.jar:/home/user/.m2/repository/org/glassfish/hk2/hk2-locator/2.5.0-b42/hk2-locator-2.5.0-b42.jar:/home/user/.m2/repository/org/javassist/javassist/3.22.0-CR2/javassist-3.22.0-CR2.jar:/home/user/.m2/repository/org/glassfish/hk2/hk2-api/2.5.0/hk2-api-2.5.0.jar:/home/user/.m2/repository/org/glassfish/hk2/external/jakarta.inject/2.5.0/jakarta.inject-2.5.0.jar:/home/user/.m2/repository/org/glassfish/hk2/hk2-utils/2.5.0/hk2-utils-2.5.0.jar:/home/user/.m2/repository/jakarta/annotation/jakarta.annotation-api/1.3.4/jakarta.annotation-api-1.3.4.jar:/home/user/.m2/repository/org/glassfish/hk2/external/aopalliance-repackaged/2.5.0/aopalliance-repackaged-2.5.0.jar:/home/user/.m2/repository/com/fasterxml/jackson/dataformat/jackson-dataformat-xml/2.9.0/jackson-dataformat-xml-2.9.0.jar:/home/user/.m2/repository/com/fasterxml/jackson/core/jackson-core/2.9.5/jackson-core-2.9.5.jar:/home/user/.m2/repository/com/fasterxml/jackson/module/jackson-module-jaxb-annotations/2.9.5/jackson-module-jaxb-annotations-2.9.5.jar:/home/user/.m2/repository/javax/enterprise/cdi-api/1.2/cdi-api-1.2.jar:/home/user/.m2/repository/javax/el/javax.el-api/3.0.0/javax.el-api-3.0.0.jar:/home/user/.m2/repository/javax/interceptor/javax.interceptor-api/1.2/javax.interceptor-api-1.2.jar:/home/user/.m2/repository/javax/inject/javax.inject/1/javax.inject-1.jar:/home/user/.m2/repository/com/sun/xml/bind/jaxb-impl/2.3.0.1/jaxb-impl-2.3.0.1.jar:/home/user/.m2/repository/com/sun/xml/bind/jaxb-core/2.3.0.1/jaxb-core-2.3.0.1.jar:/home/user/.m2/repository/javax/xml/bind/jaxb-api/2.3.0/jaxb-api-2.3.0.jar:/home/user/.m2/repository/javax/activation/activation/1.1.1/activation-1.1.1.jar:/home/user/.m2/repository/org/apache/hadoop/hadoop-ozone-csi/0.5.0-SNAPSHOT/hadoop-ozone-csi-0.5.0-SNAPSHOT.jar:/home/user/.m2/repository/com/google/protobuf/protobuf-java-util/3.5.1/protobuf-java-util-3.5.1.jar:/home/user/.m2/repository/org/apache/hadoop/hadoop-hdds-config/0.5.0-SNAPSHOT/hadoop-hdds-config-0.5.0-SNAPSHOT.jar:/home/user/.m2/repository/io/grpc/grpc-netty/1.17.1/grpc-netty-1.17.1.jar:/home/user/.m2/repository/io/grpc/grpc-core/1.17.1/grpc-core-1.17.1.jar:/home/user/.m2/repository/io/grpc/grpc-context/1.17.1/grpc-context-1.17.1.jar:/home/user/.m2/repository/com/google/errorprone/error_prone_annotations/2.2.0/error_prone_annotations-2.2.0.jar:/home/user/.m2/repository/org/codehaus/mojo/animal-sniffer-annotations/1.17/animal-sniffer-annotations-1.17.jar:/home/user/.m2/repository/io/opencensus/opencensus-api/0.17.0/opencensus-api-0.17.0.jar:/home/user/.m2/repository/io/opencensus/opencensus-contrib-grpc-metrics/0.17.0/opencensus-contrib-grpc-metrics-0.17.0.jar:/home/user/.m2/repository/io/netty/netty-codec-http2/4.1.30.Final/netty-codec-http2-4.1.30.Final.jar:/home/user/.m2/repository/io/netty/netty-codec-http/4.1.30.Final/netty-codec-http-4.1.30.Final.jar:/home/user/.m2/repository/io/netty/netty-codec/4.1.30.Final/netty-codec-4.1.30.Final.jar:/home/user/.m2/repository/io/netty/netty-handler/4.1.30.Final/netty-handler-4.1.30.Final.jar:/home/user/.m2/repository/io/netty/netty-handler-proxy/4.1.30.Final/netty-handler-proxy-4.1.30.Final.jar:/home/user/.m2/repository/io/netty/netty-codec-socks/4.1.30.Final/netty-codec-socks-4.1.30.Final.jar:/home/user/.m2/repository/io/netty/netty-transport-native-epoll/4.1.30.Final/netty-transport-native-epoll-4.1.30.Final.jar:/home/user/.m2/repository/io/netty/netty-common/4.1.30.Final/netty-common-4.1.30.Final.jar:/home/user/.m2/repository/io/netty/netty-buffer/4.1.30.Final/netty-buffer-4.1.30.Final.jar:/home/user/.m2/repository/io/netty/netty-transport/4.1.30.Final/netty-transport-4.1.30.Final.jar:/home/user/.m2/repository/io/netty/netty-resolver/4.1.30.Final/netty-resolver-4.1.30.Final.jar:/home/user/.m2/repository/io/netty/netty-transport-native-unix-common/4.1.30.Final/netty-transport-native-unix-common-4.1.30.Final.jar:/home/user/.m2/repository/io/grpc/grpc-protobuf/1.17.1/grpc-protobuf-1.17.1.jar:/home/user/.m2/repository/com/google/api/grpc/proto-google-common-protos/1.0.0/proto-google-common-protos-1.0.0.jar:/home/user/.m2/repository/io/grpc/grpc-protobuf-lite/1.17.1/grpc-protobuf-lite-1.17.1.jar:/home/user/.m2/repository/io/grpc/grpc-stub/1.17.1/grpc-stub-1.17.1.jar:/home/user/.m2/repository/org/apache/hadoop/hadoop-ozone-recon/0.5.0-SNAPSHOT/hadoop-ozone-recon-0.5.0-SNAPSHOT.jar:/home/user/.m2/repository/org/apache/hadoop/hadoop-ozone-reconcodegen/0.5.0-SNAPSHOT/hadoop-ozone-reconcodegen-0.5.0-SNAPSHOT.jar:/home/user/.m2/repository/com/google/inject/extensions/guice-multibindings/4.0/guice-multibindings-4.0.jar:/home/user/.m2/repository/com/google/inject/guice/4.0/guice-4.0.jar:/home/user/.m2/repository/aopalliance/aopalliance/1.0/aopalliance-1.0.jar:/home/user/.m2/repository/com/google/inject/extensions/guice-servlet/4.0/guice-servlet-4.0.jar:/home/user/.m2/repository/org/glassfish/jersey/containers/jersey-container-servlet/2.27/jersey-container-servlet-2.27.jar:/home/user/.m2/repository/org/glassfish/hk2/guice-bridge/2.5.0/guice-bridge-2.5.0.jar:/home/user/.m2/repository/org/glassfish/jersey/core/jersey-server/2.27/jersey-server-2.27.jar:/home/user/.m2/repository/org/glassfish/jersey/core/jersey-client/2.27/jersey-client-2.27.jar:/home/user/.m2/repository/org/glassfish/jersey/media/jersey-media-jaxb/2.27/jersey-media-jaxb-2.27.jar:/home/user/.m2/repository/javax/validation/validation-api/1.1.0.Final/validation-api-1.1.0.Final.jar:/home/user/.m2/repository/org/glassfish/jersey/media/jersey-media-json-jackson/2.27/jersey-media-json-jackson-2.27.jar:/home/user/.m2/repository/org/glassfish/jersey/ext/jersey-entity-filtering/2.27/jersey-entity-filtering-2.27.jar:/home/user/.m2/repository/com/google/inject/extensions/guice-assistedinject/4.0/guice-assistedinject-4.0.jar:/home/user/.m2/repository/org/jooq/jooq/3.11.10/jooq-3.11.10.jar:/home/user/.m2/repository/org/jooq/jooq-meta/3.11.10/jooq-meta-3.11.10.jar:/home/user/.m2/repository/org/jooq/jooq-codegen/3.11.10/jooq-codegen-3.11.10.jar:/home/user/.m2/repository/com/jolbox/bonecp/0.8.0.RELEASE/bonecp-0.8.0.RELEASE.jar:/home/user/.m2/repository/org/xerial/sqlite-jdbc/3.25.2/sqlite-jdbc-3.25.2.jar:/home/user/.m2/repository/org/springframework/spring-jdbc/5.1.3.RELEASE/spring-jdbc-5.1.3.RELEASE.jar:/home/user/.m2/repository/org/springframework/spring-beans/5.1.3.RELEASE/spring-beans-5.1.3.RELEASE.jar:/home/user/.m2/repository/org/springframework/spring-core/5.1.3.RELEASE/spring-core-5.1.3.RELEASE.jar:/home/user/.m2/repository/org/springframework/spring-jcl/5.1.3.RELEASE/spring-jcl-5.1.3.RELEASE.jar:/home/user/.m2/repository/org/springframework/spring-tx/5.1.3.RELEASE/spring-tx-5.1.3.RELEASE.jar:/home/user/.m2/repository/org/apache/hadoop/hadoop-ozone-client/0.5.0-SNAPSHOT/hadoop-ozone-client-0.5.0-SNAPSHOT.jar:/home/user/.m2/repository/commons-lang/commons-lang/2.6/commons-lang-2.6.jar:/home/user/.m2/repository/org/apache/hadoop/hadoop-ozone-ozone-manager/0.5.0-SNAPSHOT/hadoop-ozone-ozone-manager-0.5.0-SNAPSHOT-tests.jar:/home/user/.m2/repository/junit/junit/4.11/junit-4.11.jar:/home/user/.m2/repository/org/hamcrest/hamcrest-core/1.3/hamcrest-core-1.3.jar:/home/user/.m2/repository/org/openjdk/jmh/jmh-core/1.19/jmh-core-1.19.jar:/home/user/.m2/repository/net/sf/jopt-simple/jopt-simple/4.6/jopt-simple-4.6.jar:/home/user/.m2/repository/org/apache/commons/commons-math3/3.1.1/commons-math3-3.1.1.jar:/home/user/.m2/repository/org/openjdk/jmh/jmh-generator-annprocess/1.19/jmh-generator-annprocess-1.19.jar:/home/user/.m2/repository/org/mockito/mockito-all/1.8.5/mockito-all-1.8.5.jar:/home/user/.m2/repository/org/apache/hadoop/hadoop-kms/3.2.0/hadoop-kms-3.2.0.jar:/home/user/.m2/repository/org/apache/hadoop/hadoop-auth/3.2.0/hadoop-auth-3.2.0.jar:/home/user/.m2/repository/com/nimbusds/nimbus-jose-jwt/4.41.1/nimbus-jose-jwt-4.41.1.jar:/home/user/.m2/repository/com/github/stephenc/jcip/jcip-annotations/1.0-1/jcip-annotations-1.0-1.jar:/home/user/.m2/repository/net/minidev/json-smart/2.3/json-smart-2.3.jar:/home/user/.m2/repository/net/minidev/accessors-smart/1.2/accessors-smart-1.2.jar:/home/user/.m2/repository/org/ow2/asm/asm/5.0.4/asm-5.0.4.jar:/home/user/.m2/repository/org/apache/curator/curator-framework/2.12.0/curator-framework-2.12.0.jar:/home/user/.m2/repository/com/sun/jersey/jersey-core/1.19/jersey-core-1.19.jar:/home/user/.m2/repository/javax/ws/rs/jsr311-api/1.1.1/jsr311-api-1.1.1.jar:/home/user/.m2/repository/com/sun/jersey/jersey-server/1.19/jersey-server-1.19.jar:/home/user/.m2/repository/javax/servlet/javax.servlet-api/3.1.0/javax.servlet-api-3.1.0.jar:/home/user/.m2/repository/org/eclipse/jetty/jetty-server/9.3.24.v20180605/jetty-server-9.3.24.v20180605.jar:/home/user/.m2/repository/org/eclipse/jetty/jetty-http/9.3.24.v20180605/jetty-http-9.3.24.v20180605.jar:/home/user/.m2/repository/org/eclipse/jetty/jetty-io/9.3.24.v20180605/jetty-io-9.3.24.v20180605.jar:/home/user/.m2/repository/org/eclipse/jetty/jetty-webapp/9.3.24.v20180605/jetty-webapp-9.3.24.v20180605.jar:/home/user/.m2/repository/org/eclipse/jetty/jetty-xml/9.3.24.v20180605/jetty-xml-9.3.24.v20180605.jar:/home/user/.m2/repository/log4j/log4j/1.2.17/log4j-1.2.17.jar:/home/user/.m2/repository/org/slf4j/slf4j-api/1.7.25/slf4j-api-1.7.25.jar:/home/user/.m2/repository/org/slf4j/jul-to-slf4j/1.7.25/jul-to-slf4j-1.7.25.jar:/home/user/.m2/repository/org/eclipse/jetty/jetty-util/9.3.24.v20180605/jetty-util-9.3.24.v20180605.jar:/home/user/.m2/repository/com/fasterxml/jackson/core/jackson-databind/2.9.5/jackson-databind-2.9.5.jar:/home/user/.m2/repository/org/apache/hadoop/hadoop-kms/3.2.0/hadoop-kms-3.2.0-tests.jar:/home/user/.m2/repository/org/apache/hadoop/hadoop-hdds-server-scm/0.5.0-SNAPSHOT/hadoop-hdds-server-scm-0.5.0-SNAPSHOT-tests.jar:/home/user/.m2/repository/org/apache/hadoop/hadoop-hdds-container-service/0.5.0-SNAPSHOT/hadoop-hdds-container-service-0.5.0-SNAPSHOT-tests.jar:/home/user/.m2/repository/org/yaml/snakeyaml/1.16/snakeyaml-1.16.jar:/home/user/.m2/repository/org/apache/hadoop/hadoop-common/3.2.0/hadoop-common-3.2.0-tests.jar:/home/user/.m2/repository/org/apache/hadoop/hadoop-annotations/3.2.0/hadoop-annotations-3.2.0.jar:/usr/lib/jvm/java-1.8-openjdk/jre/../lib/tools.jar:/home/user/.m2/repository/commons-cli/commons-cli/1.2/commons-cli-1.2.jar:/home/user/.m2/repository/org/apache/httpcomponents/httpclient/4.5.2/httpclient-4.5.2.jar:/home/user/.m2/repository/org/apache/httpcomponents/httpcore/4.4.4/httpcore-4.4.4.jar:/home/user/.m2/repository/commons-codec/commons-codec/1.11/commons-codec-1.11.jar:/home/user/.m2/repository/commons-net/commons-net/3.6/commons-net-3.6.jar:/home/user/.m2/repository/commons-collections/commons-collections/3.2.2/commons-collections-3.2.2.jar:/home/user/.m2/repository/org/eclipse/jetty/jetty-servlet/9.3.24.v20180605/jetty-servlet-9.3.24.v20180605.jar:/home/user/.m2/repository/org/eclipse/jetty/jetty-security/9.3.24.v20180605/jetty-security-9.3.24.v20180605.jar:/home/user/.m2/repository/javax/servlet/jsp/jsp-api/2.1/jsp-api-2.1.jar:/home/user/.m2/repository/com/sun/jersey/jersey-servlet/1.19/jersey-servlet-1.19.jar:/home/user/.m2/repository/com/sun/jersey/jersey-json/1.19/jersey-json-1.19.jar:/home/user/.m2/repository/org/codehaus/jettison/jettison/1.1/jettison-1.1.jar:/home/user/.m2/repository/org/codehaus/jackson/jackson-core-asl/1.9.13/jackson-core-asl-1.9.13.jar:/home/user/.m2/repository/org/codehaus/jackson/jackson-mapper-asl/1.9.13/jackson-mapper-asl-1.9.13.jar:/home/user/.m2/repository/org/codehaus/jackson/jackson-jaxrs/1.9.13/jackson-jaxrs-1.9.13.jar:/home/user/.m2/repository/org/codehaus/jackson/jackson-xc/1.9.13/jackson-xc-1.9.13.jar:/home/user/.m2/repository/commons-logging/commons-logging/1.1.3/commons-logging-1.1.3.jar:/home/user/.m2/repository/commons-beanutils/commons-beanutils/1.9.3/commons-beanutils-1.9.3.jar:/home/user/.m2/repository/org/apache/commons/commons-configuration2/2.1.1/commons-configuration2-2.1.1.jar:/home/user/.m2/repository/org/apache/commons/commons-lang3/3.7/commons-lang3-3.7.jar:/home/user/.m2/repository/org/apache/commons/commons-text/1.4/commons-text-1.4.jar:/home/user/.m2/repository/org/apache/avro/avro/1.7.7/avro-1.7.7.jar:/home/user/.m2/repository/com/thoughtworks/paranamer/paranamer/2.3/paranamer-2.3.jar:/home/user/.m2/repository/org/xerial/snappy/snappy-java/1.0.5/snappy-java-1.0.5.jar:/home/user/.m2/repository/com/google/re2j/re2j/1.1/re2j-1.1.jar:/home/user/.m2/repository/com/google/code/gson/gson/2.2.4/gson-2.2.4.jar:/home/user/.m2/repository/com/jcraft/jsch/0.1.54/jsch-0.1.54.jar:/home/user/.m2/repository/org/apache/curator/curator-client/2.12.0/curator-client-2.12.0.jar:/home/user/.m2/repository/org/apache/curator/curator-recipes/2.12.0/curator-recipes-2.12.0.jar:/home/user/.m2/repository/com/google/code/findbugs/jsr305/3.0.0/jsr305-3.0.0.jar:/home/user/.m2/repository/org/apache/htrace/htrace-core4/4.1.0-incubating/htrace-core4-4.1.0-incubating.jar:/home/user/.m2/repository/org/apache/zookeeper/zookeeper/3.4.13/zookeeper-3.4.13.jar:/home/user/.m2/repository/org/apache/yetus/audience-annotations/0.5.0/audience-annotations-0.5.0.jar:/home/user/.m2/repository/org/codehaus/woodstox/stax2-api/3.1.4/stax2-api-3.1.4.jar:/home/user/.m2/repository/com/fasterxml/woodstox/woodstox-core/5.0.3/woodstox-core-5.0.3.jar:/home/user/.m2/repository/dnsjava/dnsjava/2.1.7/dnsjava-2.1.7.jar:/home/user/.m2/repository/org/apache/hadoop/hadoop-hdfs/3.2.0/hadoop-hdfs-3.2.0-tests.jar:/home/user/.m2/repository/org/eclipse/jetty/jetty-util-ajax/9.3.24.v20180605/jetty-util-ajax-9.3.24.v20180605.jar:/home/user/.m2/repository/commons-daemon/commons-daemon/1.0.13/commons-daemon-1.0.13.jar:/home/user/.m2/repository/io/netty/netty/3.10.5.Final/netty-3.10.5.Final.jar:/home/user/.m2/repository/io/netty/netty-all/4.0.52.Final/netty-all-4.0.52.Final.jar:/home/user/.m2/repository/org/fusesource/leveldbjni/leveldbjni-all/1.8/leveldbjni-all-1.8.jar:"/>
    <property name="sun.cpu.endian" value="little"/>
    <property name="user.home" value="/home/user"/>
    <property name="user.language" value="en"/>
    <property name="java.specification.vendor" value="Oracle Corporation"/>
    <property name="java.home" value="/usr/lib/jvm/java-1.8-openjdk/jre"/>
    <property name="java.security.krb5.conf" value="/workdir/hadoop-ozone/integration-test/target/test-classes/krb5.conf"/>
    <property name="basedir" value="/workdir/hadoop-ozone/integration-test"/>
    <property name="file.separator" value="/"/>
    <property name="line.separator" value="&#10;"/>
    <property name="java.vm.specification.vendor" value="Oracle Corporation"/>
    <property name="java.specification.name" value="Java Platform API Specification"/>
    <property name="java.awt.graphicsenv" value="sun.awt.X11GraphicsEnvironment"/>
    <property name="surefire.real.class.path" value="/workdir/hadoop-ozone/integration-test/target/surefire/surefirebooter3843210594357567323.jar"/>
    <property name="hadoop.log.dir" value="/workdir/hadoop-ozone/integration-test/target/log"/>
    <property name="sun.boot.class.path" value="/usr/lib/jvm/java-1.8-openjdk/jre/lib/resources.jar:/usr/lib/jvm/java-1.8-openjdk/jre/lib/rt.jar:/usr/lib/jvm/java-1.8-openjdk/jre/lib/sunrsasign.jar:/usr/lib/jvm/java-1.8-openjdk/jre/lib/jsse.jar:/usr/lib/jvm/java-1.8-openjdk/jre/lib/jce.jar:/usr/lib/jvm/java-1.8-openjdk/jre/lib/charsets.jar:/usr/lib/jvm/java-1.8-openjdk/jre/lib/jfr.jar:/usr/lib/jvm/java-1.8-openjdk/jre/classes"/>
    <property name="sun.management.compiler" value="HotSpot 64-Bit Tiered Compilers"/>
    <property name="java.runtime.version" value="1.8.0_212-b04"/>
    <property name="java.net.preferIPv4Stack" value="true"/>
    <property name="user.name" value="jenkins1000"/>
    <property name="path.separator" value=":"/>
    <property name="java.security.egd" value="file:///dev/urandom"/>
    <property name="os.version" value="3.10.0-957.12.2.el7.x86_64"/>
    <property name="java.endorsed.dirs" value="/usr/lib/jvm/java-1.8-openjdk/jre/lib/endorsed"/>
    <property name="java.runtime.name" value="OpenJDK Runtime Environment"/>
    <property name="file.encoding" value="UTF-8"/>
    <property name="java.vm.name" value="OpenJDK 64-Bit Server VM"/>
    <property name="test.build.webapps" value=""/>
    <property name="localRepository" value="/home/user/.m2/repository"/>
    <property name="java.vendor.url.bug" value="https://icedtea.classpath.org/bugzilla"/>
    <property name="java.io.tmpdir" value="/tmp"/>
    <property name="require.test.libhadoop" value=""/>
    <property name="java.version" value="1.8.0_212"/>
    <property name="user.dir" value="/workdir/hadoop-ozone/integration-test"/>
    <property name="os.arch" value="amd64"/>
    <property name="java.vm.specification.name" value="Java Virtual Machine Specification"/>
    <property name="test.build.classes" value="/workdir/hadoop-ozone/integration-test/target/test-classes"/>
    <property name="java.awt.printerjob" value="sun.print.PSPrinterJob"/>
    <property name="sun.os.patch.level" value="unknown"/>
    <property name="hadoop.tmp.dir" value="/workdir/hadoop-ozone/integration-test/target/tmp"/>
    <property name="java.library.path" value="/usr/lib/jvm/java-1.8-openjdk/jre/lib/amd64/server:/usr/lib/jvm/java-1.8-openjdk/jre/lib/amd64:/usr/lib/jvm/java-1.8-openjdk/jre/../lib/amd64:/workdir/hadoop-ozone/integration-test/target/native/target/usr/local/lib:/workdir/hadoop-ozone/integration-test/../../hadoop-common-project/hadoop-common/target/native/target/usr/local/lib:/usr/java/packages/lib/amd64:/usr/lib64:/lib64:/lib:/usr/lib"/>
    <property name="java.vm.info" value="mixed mode"/>
    <property name="java.vendor" value="IcedTea"/>
    <property name="java.vm.version" value="25.212-b04"/>
    <property name="java.ext.dirs" value="/usr/lib/jvm/java-1.8-openjdk/jre/lib/ext:/usr/java/packages/lib/ext"/>
    <property name="sun.io.unicode.encoding" value="UnicodeLittle"/>
    <property name="java.class.version" value="52.0"/>
  </properties>
  <testcase name="testFlushChunk" classname="org.apache.hadoop.ozone.client.rpc.TestBlockOutputStream" time="5.657"/>
  <testcase name="testMultiChunkWrite2" classname="org.apache.hadoop.ozone.client.rpc.TestBlockOutputStream" time="187.801">
    <failure message="expected:&lt;5&gt; but was:&lt;8&gt;" type="java.lang.AssertionError"><![CDATA[java.lang.AssertionError: expected:<5> but was:<8>
	at org.junit.Assert.fail(Assert.java:88)
	at org.junit.Assert.failNotEquals(Assert.java:743)
	at org.junit.Assert.assertEquals(Assert.java:118)
	at org.junit.Assert.assertEquals(Assert.java:555)
	at org.junit.Assert.assertEquals(Assert.java:542)
	at org.apache.hadoop.ozone.client.rpc.TestBlockOutputStream.testMultiChunkWrite2(TestBlockOutputStream.java:466)
	at sun.reflect.NativeMethodAccessorImpl.invoke0(Native Method)
	at sun.reflect.NativeMethodAccessorImpl.invoke(NativeMethodAccessorImpl.java:62)
	at sun.reflect.DelegatingMethodAccessorImpl.invoke(DelegatingMethodAccessorImpl.java:43)
	at java.lang.reflect.Method.invoke(Method.java:498)
	at org.junit.runners.model.FrameworkMethod$1.runReflectiveCall(FrameworkMethod.java:47)
	at org.junit.internal.runners.model.ReflectiveCallable.run(ReflectiveCallable.java:12)
	at org.junit.runners.model.FrameworkMethod.invokeExplosively(FrameworkMethod.java:44)
	at org.junit.internal.runners.statements.InvokeMethod.evaluate(InvokeMethod.java:17)
	at org.junit.runners.ParentRunner.runLeaf(ParentRunner.java:271)
	at org.junit.runners.BlockJUnit4ClassRunner.runChild(BlockJUnit4ClassRunner.java:70)
	at org.junit.runners.BlockJUnit4ClassRunner.runChild(BlockJUnit4ClassRunner.java:50)
	at org.junit.runners.ParentRunner$3.run(ParentRunner.java:238)
	at org.junit.runners.ParentRunner$1.schedule(ParentRunner.java:63)
	at org.junit.runners.ParentRunner.runChildren(ParentRunner.java:236)
	at org.junit.runners.ParentRunner.access$000(ParentRunner.java:53)
	at org.junit.runners.ParentRunner$2.evaluate(ParentRunner.java:229)
	at org.junit.internal.runners.statements.RunBefores.evaluate(RunBefores.java:26)
	at org.junit.internal.runners.statements.RunAfters.evaluate(RunAfters.java:27)
	at org.junit.runners.ParentRunner.run(ParentRunner.java:309)
	at org.apache.maven.surefire.junit4.JUnit4Provider.execute(JUnit4Provider.java:365)
	at org.apache.maven.surefire.junit4.JUnit4Provider.executeWithRerun(JUnit4Provider.java:273)
	at org.apache.maven.surefire.junit4.JUnit4Provider.executeTestSet(JUnit4Provider.java:238)
	at org.apache.maven.surefire.junit4.JUnit4Provider.invoke(JUnit4Provider.java:159)
	at org.apache.maven.surefire.booter.ForkedBooter.invokeProviderInSameClassLoader(ForkedBooter.java:384)
	at org.apache.maven.surefire.booter.ForkedBooter.runSuitesInProcess(ForkedBooter.java:345)
	at org.apache.maven.surefire.booter.ForkedBooter.execute(ForkedBooter.java:126)
	at org.apache.maven.surefire.booter.ForkedBooter.main(ForkedBooter.java:418)
]]></failure>
    <system-out><![CDATA[2019-09-11 12:39:18,280 [java.util.concurrent.ThreadPoolExecutor$Worker@7a8a8415[State = -1, empty queue]] WARN  server.GrpcLogAppender (GrpcLogAppender.java:timeoutAppendRequest(200)) - 5a49129c-fcc1-4df1-b4f9-e84c17474790@group-7BD41C1E26FD->608419ff-9e1e-46ed-b668-4d330b5fd69a-GrpcLogAppender: appendEntries Timeout, request=5a49129c-fcc1-4df1-b4f9-e84c17474790->608419ff-9e1e-46ed-b668-4d330b5fd69a#8-t1, previous=(t:1, i:6), leaderCommit=6, initializing? false, entries: size=1, first=(t:1, i:7), STATEMACHINELOGENTRY, client-2FDB34E1AA20, cid=16
2019-09-11 12:39:18,280 [java.util.concurrent.ThreadPoolExecutor$Worker@82c091c[State = -1, empty queue]] WARN  server.GrpcLogAppender (GrpcLogAppender.java:timeoutAppendRequest(200)) - 5a49129c-fcc1-4df1-b4f9-e84c17474790@group-7BD41C1E26FD->a355c4c2-cbce-4d32-ac2d-5d7efcc7e61b-GrpcLogAppender: appendEntries Timeout, request=5a49129c-fcc1-4df1-b4f9-e84c17474790->a355c4c2-cbce-4d32-ac2d-5d7efcc7e61b#8-t1, previous=(t:1, i:6), leaderCommit=6, initializing? false, entries: size=1, first=(t:1, i:7), STATEMACHINELOGENTRY, client-2FDB34E1AA20, cid=16
2019-09-11 12:39:18,281 [java.util.concurrent.ThreadPoolExecutor$Worker@82c091c[State = -1, empty queue]] WARN  server.GrpcLogAppender (GrpcLogAppender.java:timeoutAppendRequest(200)) - 5a49129c-fcc1-4df1-b4f9-e84c17474790@group-7BD41C1E26FD->a355c4c2-cbce-4d32-ac2d-5d7efcc7e61b-GrpcLogAppender: appendEntries Timeout, request=5a49129c-fcc1-4df1-b4f9-e84c17474790->a355c4c2-cbce-4d32-ac2d-5d7efcc7e61b#9-t1, previous=(t:1, i:7), leaderCommit=6, initializing? false, entries: size=1, first=(t:1, i:8), STATEMACHINELOGENTRY, client-2FDB34E1AA20, cid=17
2019-09-11 12:39:18,281 [java.util.concurrent.ThreadPoolExecutor$Worker@7a8a8415[State = -1, empty queue]] WARN  server.GrpcLogAppender (GrpcLogAppender.java:timeoutAppendRequest(200)) - 5a49129c-fcc1-4df1-b4f9-e84c17474790@group-7BD41C1E26FD->608419ff-9e1e-46ed-b668-4d330b5fd69a-GrpcLogAppender: appendEntries Timeout, request=5a49129c-fcc1-4df1-b4f9-e84c17474790->608419ff-9e1e-46ed-b668-4d330b5fd69a#9-t1, previous=(t:1, i:7), leaderCommit=6, initializing? false, entries: size=1, first=(t:1, i:8), STATEMACHINELOGENTRY, client-2FDB34E1AA20, cid=17
2019-09-11 12:39:18,283 [java.util.concurrent.ThreadPoolExecutor$Worker@82c091c[State = -1, empty queue]] WARN  server.GrpcLogAppender (GrpcLogAppender.java:timeoutAppendRequest(200)) - 5a49129c-fcc1-4df1-b4f9-e84c17474790@group-7BD41C1E26FD->a355c4c2-cbce-4d32-ac2d-5d7efcc7e61b-GrpcLogAppender: appendEntries Timeout, request=5a49129c-fcc1-4df1-b4f9-e84c17474790->a355c4c2-cbce-4d32-ac2d-5d7efcc7e61b#10-t1, previous=(t:1, i:8), leaderCommit=6, initializing? false, entries: size=1, first=(t:1, i:9), STATEMACHINELOGENTRY, client-2FDB34E1AA20, cid=18
2019-09-11 12:39:18,285 [java.util.concurrent.ThreadPoolExecutor$Worker@7a8a8415[State = -1, empty queue]] WARN  server.GrpcLogAppender (GrpcLogAppender.java:timeoutAppendRequest(200)) - 5a49129c-fcc1-4df1-b4f9-e84c17474790@group-7BD41C1E26FD->608419ff-9e1e-46ed-b668-4d330b5fd69a-GrpcLogAppender: appendEntries Timeout, request=5a49129c-fcc1-4df1-b4f9-e84c17474790->608419ff-9e1e-46ed-b668-4d330b5fd69a#10-t1, previous=(t:1, i:8), leaderCommit=6, initializing? false, entries: size=1, first=(t:1, i:9), STATEMACHINELOGENTRY, client-2FDB34E1AA20, cid=18
2019-09-11 12:39:18,287 [java.util.concurrent.ThreadPoolExecutor$Worker@82c091c[State = -1, empty queue]] WARN  server.GrpcLogAppender (GrpcLogAppender.java:timeoutAppendRequest(200)) - 5a49129c-fcc1-4df1-b4f9-e84c17474790@group-7BD41C1E26FD->a355c4c2-cbce-4d32-ac2d-5d7efcc7e61b-GrpcLogAppender: appendEntries Timeout, request=5a49129c-fcc1-4df1-b4f9-e84c17474790->a355c4c2-cbce-4d32-ac2d-5d7efcc7e61b#11-t1, previous=(t:1, i:9), leaderCommit=6, initializing? false, entries: size=1, first=(t:1, i:10), STATEMACHINELOGENTRY, client-2FDB34E1AA20, cid=19
2019-09-11 12:39:18,289 [java.util.concurrent.ThreadPoolExecutor$Worker@7a8a8415[State = -1, empty queue]] WARN  server.GrpcLogAppender (GrpcLogAppender.java:timeoutAppendRequest(200)) - 5a49129c-fcc1-4df1-b4f9-e84c17474790@group-7BD41C1E26FD->608419ff-9e1e-46ed-b668-4d330b5fd69a-GrpcLogAppender: appendEntries Timeout, request=5a49129c-fcc1-4df1-b4f9-e84c17474790->608419ff-9e1e-46ed-b668-4d330b5fd69a#11-t1, previous=(t:1, i:9), leaderCommit=6, initializing? false, entries: size=1, first=(t:1, i:10), STATEMACHINELOGENTRY, client-2FDB34E1AA20, cid=19
2019-09-11 12:39:18,291 [java.util.concurrent.ThreadPoolExecutor$Worker@82c091c[State = -1, empty queue]] WARN  server.GrpcLogAppender (GrpcLogAppender.java:timeoutAppendRequest(200)) - 5a49129c-fcc1-4df1-b4f9-e84c17474790@group-7BD41C1E26FD->a355c4c2-cbce-4d32-ac2d-5d7efcc7e61b-GrpcLogAppender: appendEntries Timeout, request=5a49129c-fcc1-4df1-b4f9-e84c17474790->a355c4c2-cbce-4d32-ac2d-5d7efcc7e61b#12-t1, previous=(t:1, i:10), leaderCommit=6, initializing? false, entries: size=1, first=(t:1, i:11), STATEMACHINELOGENTRY, client-2FDB34E1AA20, cid=20
2019-09-11 12:39:18,293 [java.util.concurrent.ThreadPoolExecutor$Worker@7a8a8415[State = -1, empty queue]] WARN  server.GrpcLogAppender (GrpcLogAppender.java:timeoutAppendRequest(200)) - 5a49129c-fcc1-4df1-b4f9-e84c17474790@group-7BD41C1E26FD->608419ff-9e1e-46ed-b668-4d330b5fd69a-GrpcLogAppender: appendEntries Timeout, request=5a49129c-fcc1-4df1-b4f9-e84c17474790->608419ff-9e1e-46ed-b668-4d330b5fd69a#12-t1, previous=(t:1, i:10), leaderCommit=6, initializing? false, entries: size=1, first=(t:1, i:11), STATEMACHINELOGENTRY, client-2FDB34E1AA20, cid=20
2019-09-11 12:39:19,467 [Thread-322] INFO  impl.FollowerState (FollowerState.java:run(106)) - d8e74394-a0bf-4ec3-a3ce-4740c71bd9b7:group-36481D5C2926 changes to CANDIDATE, lastRpcTime:5089, electionTimeout:5089ms
2019-09-11 12:39:19,471 [Thread-322] INFO  impl.RoleInfo (RoleInfo.java:shutdownFollowerState(121)) - d8e74394-a0bf-4ec3-a3ce-4740c71bd9b7: shutdown FollowerState
2019-09-11 12:39:19,471 [Thread-322] INFO  impl.RaftServerImpl (RaftServerImpl.java:setRole(174)) - d8e74394-a0bf-4ec3-a3ce-4740c71bd9b7@group-36481D5C2926: changes role from  FOLLOWER to CANDIDATE at term 2 for changeToCandidate
2019-09-11 12:39:19,471 [Thread-322] INFO  impl.RoleInfo (RoleInfo.java:updateAndGet(143)) - d8e74394-a0bf-4ec3-a3ce-4740c71bd9b7: start LeaderElection
2019-09-11 12:39:19,498 [d8e74394-a0bf-4ec3-a3ce-4740c71bd9b7@group-36481D5C2926:LeaderElection11] INFO  impl.LeaderElection (LeaderElection.java:askForVotes(182)) - d8e74394-a0bf-4ec3-a3ce-4740c71bd9b7@group-36481D5C2926:LeaderElection11: begin an election at term 3 for -1: [f90b1bbc-0325-4fdc-bdda-dbac376593c0:192.168.69.81:41760, d8e74394-a0bf-4ec3-a3ce-4740c71bd9b7:192.168.69.81:43465, 8533a49c-a60c-4c36-849a-1b71101d719e:192.168.69.81:40456], old=null
2019-09-11 12:39:19,512 [grpc-default-executor-3] INFO  impl.RaftServerImpl (RaftServerImpl.java:setRole(174)) - f90b1bbc-0325-4fdc-bdda-dbac376593c0@group-36481D5C2926: changes role from  FOLLOWER to FOLLOWER at term 3 for recognizeCandidate:d8e74394-a0bf-4ec3-a3ce-4740c71bd9b7
2019-09-11 12:39:19,512 [grpc-default-executor-0] INFO  impl.RaftServerImpl (RaftServerImpl.java:setRole(174)) - 8533a49c-a60c-4c36-849a-1b71101d719e@group-36481D5C2926: changes role from  FOLLOWER to FOLLOWER at term 3 for recognizeCandidate:d8e74394-a0bf-4ec3-a3ce-4740c71bd9b7
2019-09-11 12:39:19,512 [grpc-default-executor-3] INFO  impl.RoleInfo (RoleInfo.java:shutdownFollowerState(121)) - f90b1bbc-0325-4fdc-bdda-dbac376593c0: shutdown FollowerState
2019-09-11 12:39:19,513 [grpc-default-executor-0] INFO  impl.RoleInfo (RoleInfo.java:shutdownFollowerState(121)) - 8533a49c-a60c-4c36-849a-1b71101d719e: shutdown FollowerState
2019-09-11 12:39:19,513 [grpc-default-executor-3] INFO  impl.RoleInfo (RoleInfo.java:updateAndGet(143)) - f90b1bbc-0325-4fdc-bdda-dbac376593c0: start FollowerState
2019-09-11 12:39:19,513 [Thread-336] INFO  impl.FollowerState (FollowerState.java:run(115)) - 8533a49c-a60c-4c36-849a-1b71101d719e: FollowerState was interrupted: java.lang.InterruptedException: sleep interrupted
2019-09-11 12:39:19,513 [Thread-333] INFO  impl.FollowerState (FollowerState.java:run(115)) - f90b1bbc-0325-4fdc-bdda-dbac376593c0: FollowerState was interrupted: java.lang.InterruptedException: sleep interrupted
2019-09-11 12:39:19,513 [grpc-default-executor-0] INFO  impl.RoleInfo (RoleInfo.java:updateAndGet(143)) - 8533a49c-a60c-4c36-849a-1b71101d719e: start FollowerState
2019-09-11 12:39:19,537 [d8e74394-a0bf-4ec3-a3ce-4740c71bd9b7@group-36481D5C2926:LeaderElection11] INFO  impl.LeaderElection (LeaderElection.java:logAndReturn(56)) - d8e74394-a0bf-4ec3-a3ce-4740c71bd9b7@group-36481D5C2926:LeaderElection11: Election PASSED; received 2 response(s) [d8e74394-a0bf-4ec3-a3ce-4740c71bd9b7<-f90b1bbc-0325-4fdc-bdda-dbac376593c0#0:OK-t3, d8e74394-a0bf-4ec3-a3ce-4740c71bd9b7<-8533a49c-a60c-4c36-849a-1b71101d719e#0:FAIL-t3] and 0 exception(s); d8e74394-a0bf-4ec3-a3ce-4740c71bd9b7@group-36481D5C2926:t3, leader=null, voted=d8e74394-a0bf-4ec3-a3ce-4740c71bd9b7, raftlog=d8e74394-a0bf-4ec3-a3ce-4740c71bd9b7@group-36481D5C2926-SegmentedRaftLog:OPENED:c-1,f-1,i0, conf=-1: [f90b1bbc-0325-4fdc-bdda-dbac376593c0:192.168.69.81:41760, d8e74394-a0bf-4ec3-a3ce-4740c71bd9b7:192.168.69.81:43465, 8533a49c-a60c-4c36-849a-1b71101d719e:192.168.69.81:40456], old=null
2019-09-11 12:39:19,537 [d8e74394-a0bf-4ec3-a3ce-4740c71bd9b7@group-36481D5C2926:LeaderElection11] INFO  impl.RoleInfo (RoleInfo.java:shutdownLeaderElection(134)) - d8e74394-a0bf-4ec3-a3ce-4740c71bd9b7: shutdown LeaderElection
2019-09-11 12:39:19,542 [d8e74394-a0bf-4ec3-a3ce-4740c71bd9b7@group-36481D5C2926:LeaderElection11] INFO  impl.RaftServerImpl (RaftServerImpl.java:setRole(174)) - d8e74394-a0bf-4ec3-a3ce-4740c71bd9b7@group-36481D5C2926: changes role from CANDIDATE to LEADER at term 3 for changeToLeader
2019-09-11 12:39:19,542 [d8e74394-a0bf-4ec3-a3ce-4740c71bd9b7@group-36481D5C2926:LeaderElection11] INFO  impl.RaftServerImpl (ServerState.java:setLeader(253)) - d8e74394-a0bf-4ec3-a3ce-4740c71bd9b7@group-36481D5C2926: change Leader from null to d8e74394-a0bf-4ec3-a3ce-4740c71bd9b7 at term 3 for becomeLeader, leader elected after 10361ms
2019-09-11 12:39:19,542 [d8e74394-a0bf-4ec3-a3ce-4740c71bd9b7@group-36481D5C2926:LeaderElection11] INFO  server.RaftServerConfigKeys (ConfUtils.java:logGet(43)) - raft.server.staging.catchup.gap = 1000 (default)
2019-09-11 12:39:19,543 [d8e74394-a0bf-4ec3-a3ce-4740c71bd9b7@group-36481D5C2926:LeaderElection11] INFO  server.RaftServerConfigKeys (ConfUtils.java:logGet(43)) - raft.server.rpc.sleep.time = 25ms (default)
2019-09-11 12:39:19,543 [d8e74394-a0bf-4ec3-a3ce-4740c71bd9b7@group-36481D5C2926:LeaderElection11] INFO  server.RaftServerConfigKeys (ConfUtils.java:logGet(43)) - raft.server.write.element-limit = 4096 (default)
2019-09-11 12:39:19,543 [d8e74394-a0bf-4ec3-a3ce-4740c71bd9b7@group-36481D5C2926:LeaderElection11] INFO  server.RaftServerConfigKeys (ConfUtils.java:logGet(43)) - raft.server.watch.timeout = 10s (default)
2019-09-11 12:39:19,543 [d8e74394-a0bf-4ec3-a3ce-4740c71bd9b7@group-36481D5C2926:LeaderElection11] INFO  server.RaftServerConfigKeys (ConfUtils.java:logGet(43)) - raft.server.watch.timeout.denomination = 1s (default)
2019-09-11 12:39:19,543 [d8e74394-a0bf-4ec3-a3ce-4740c71bd9b7@group-36481D5C2926:LeaderElection11] INFO  server.RaftServerConfigKeys (ConfUtils.java:logGet(43)) - raft.server.watch.element-limit = 65536 (default)
2019-09-11 12:39:19,546 [d8e74394-a0bf-4ec3-a3ce-4740c71bd9b7@group-36481D5C2926:LeaderElection11] INFO  server.RaftServerConfigKeys (ConfUtils.java:logGet(43)) - raft.server.log.appender.snapshot.chunk.size.max = 16MB (=16777216) (default)
2019-09-11 12:39:19,546 [d8e74394-a0bf-4ec3-a3ce-4740c71bd9b7@group-36481D5C2926:LeaderElection11] INFO  server.RaftServerConfigKeys (ConfUtils.java:logGet(43)) - raft.server.log.appender.buffer.byte-limit = 33554432 (custom)
2019-09-11 12:39:19,547 [d8e74394-a0bf-4ec3-a3ce-4740c71bd9b7@group-36481D5C2926:LeaderElection11] INFO  server.RaftServerConfigKeys (ConfUtils.java:logGet(43)) - raft.server.log.appender.buffer.element-limit = 1 (custom)
2019-09-11 12:39:19,547 [d8e74394-a0bf-4ec3-a3ce-4740c71bd9b7@group-36481D5C2926:LeaderElection11] INFO  grpc.GrpcConfigKeys$Server (ConfUtils.java:logGet(43)) - raft.grpc.server.leader.outstanding.appends.max = 128 (default)
2019-09-11 12:39:19,547 [d8e74394-a0bf-4ec3-a3ce-4740c71bd9b7@group-36481D5C2926:LeaderElection11] INFO  server.RaftServerConfigKeys (ConfUtils.java:logGet(43)) - raft.server.rpc.request.timeout = 3000ms (default)
2019-09-11 12:39:19,547 [d8e74394-a0bf-4ec3-a3ce-4740c71bd9b7@group-36481D5C2926:LeaderElection11] INFO  server.RaftServerConfigKeys (ConfUtils.java:logGet(43)) - raft.server.log.appender.install.snapshot.enabled = false (custom)
2019-09-11 12:39:19,548 [d8e74394-a0bf-4ec3-a3ce-4740c71bd9b7@group-36481D5C2926:LeaderElection11] INFO  server.RaftServerConfigKeys (ConfUtils.java:logGet(43)) - raft.server.log.appender.snapshot.chunk.size.max = 16MB (=16777216) (default)
2019-09-11 12:39:19,548 [d8e74394-a0bf-4ec3-a3ce-4740c71bd9b7@group-36481D5C2926:LeaderElection11] INFO  server.RaftServerConfigKeys (ConfUtils.java:logGet(43)) - raft.server.log.appender.buffer.byte-limit = 33554432 (custom)
2019-09-11 12:39:19,548 [d8e74394-a0bf-4ec3-a3ce-4740c71bd9b7@group-36481D5C2926:LeaderElection11] INFO  server.RaftServerConfigKeys (ConfUtils.java:logGet(43)) - raft.server.log.appender.buffer.element-limit = 1 (custom)
2019-09-11 12:39:19,548 [d8e74394-a0bf-4ec3-a3ce-4740c71bd9b7@group-36481D5C2926:LeaderElection11] INFO  grpc.GrpcConfigKeys$Server (ConfUtils.java:logGet(43)) - raft.grpc.server.leader.outstanding.appends.max = 128 (default)
2019-09-11 12:39:19,548 [d8e74394-a0bf-4ec3-a3ce-4740c71bd9b7@group-36481D5C2926:LeaderElection11] INFO  server.RaftServerConfigKeys (ConfUtils.java:logGet(43)) - raft.server.rpc.request.timeout = 3000ms (default)
2019-09-11 12:39:19,548 [d8e74394-a0bf-4ec3-a3ce-4740c71bd9b7@group-36481D5C2926:LeaderElection11] INFO  server.RaftServerConfigKeys (ConfUtils.java:logGet(43)) - raft.server.log.appender.install.snapshot.enabled = false (custom)
2019-09-11 12:39:19,549 [d8e74394-a0bf-4ec3-a3ce-4740c71bd9b7@group-36481D5C2926:LeaderElection11] INFO  impl.RoleInfo (RoleInfo.java:updateAndGet(143)) - d8e74394-a0bf-4ec3-a3ce-4740c71bd9b7: start LeaderState
2019-09-11 12:39:19,549 [d8e74394-a0bf-4ec3-a3ce-4740c71bd9b7@group-36481D5C2926:LeaderElection11] INFO  segmented.SegmentedRaftLogWorker (SegmentedRaftLogWorker.java:startLogSegment(380)) - d8e74394-a0bf-4ec3-a3ce-4740c71bd9b7@group-36481D5C2926-SegmentedRaftLogWorker: Starting segment from index:0
2019-09-11 12:39:19,550 [d8e74394-a0bf-4ec3-a3ce-4740c71bd9b7@group-36481D5C2926:LeaderElection11] INFO  impl.RaftServerImpl (ServerState.java:setRaftConf(354)) - d8e74394-a0bf-4ec3-a3ce-4740c71bd9b7@group-36481D5C2926: set configuration 0: [f90b1bbc-0325-4fdc-bdda-dbac376593c0:192.168.69.81:41760, d8e74394-a0bf-4ec3-a3ce-4740c71bd9b7:192.168.69.81:43465, 8533a49c-a60c-4c36-849a-1b71101d719e:192.168.69.81:40456], old=null at 0
2019-09-11 12:39:19,578 [grpc-default-executor-3] INFO  impl.RaftServerImpl (ServerState.java:setLeader(253)) - 8533a49c-a60c-4c36-849a-1b71101d719e@group-36481D5C2926: change Leader from null to d8e74394-a0bf-4ec3-a3ce-4740c71bd9b7 at term 3 for appendEntries, leader elected after 5045ms
2019-09-11 12:39:19,578 [grpc-default-executor-0] INFO  impl.RaftServerImpl (ServerState.java:setLeader(253)) - f90b1bbc-0325-4fdc-bdda-dbac376593c0@group-36481D5C2926: change Leader from null to d8e74394-a0bf-4ec3-a3ce-4740c71bd9b7 at term 3 for appendEntries, leader elected after 10370ms
2019-09-11 12:39:19,585 [grpc-default-executor-3] INFO  impl.RaftServerImpl (ServerState.java:setRaftConf(354)) - f90b1bbc-0325-4fdc-bdda-dbac376593c0@group-36481D5C2926: set configuration 0: [f90b1bbc-0325-4fdc-bdda-dbac376593c0:192.168.69.81:41760, d8e74394-a0bf-4ec3-a3ce-4740c71bd9b7:192.168.69.81:43465, 8533a49c-a60c-4c36-849a-1b71101d719e:192.168.69.81:40456], old=null at 0
2019-09-11 12:39:19,585 [grpc-default-executor-0] INFO  impl.RaftServerImpl (ServerState.java:setRaftConf(354)) - 8533a49c-a60c-4c36-849a-1b71101d719e@group-36481D5C2926: set configuration 0: [f90b1bbc-0325-4fdc-bdda-dbac376593c0:192.168.69.81:41760, d8e74394-a0bf-4ec3-a3ce-4740c71bd9b7:192.168.69.81:43465, 8533a49c-a60c-4c36-849a-1b71101d719e:192.168.69.81:40456], old=null at 0
2019-09-11 12:39:19,585 [grpc-default-executor-3] INFO  segmented.SegmentedRaftLogWorker (SegmentedRaftLogWorker.java:startLogSegment(380)) - f90b1bbc-0325-4fdc-bdda-dbac376593c0@group-36481D5C2926-SegmentedRaftLogWorker: Starting segment from index:0
2019-09-11 12:39:19,589 [grpc-default-executor-0] INFO  segmented.SegmentedRaftLogWorker (SegmentedRaftLogWorker.java:truncate(396)) - 8533a49c-a60c-4c36-849a-1b71101d719e@group-36481D5C2926-SegmentedRaftLogWorker: Truncating segments toTruncate: null
  toDelete: [(0, 0) isOpen? true, length=0, newEndIndex=-1], start index 0
2019-09-11 12:39:19,590 [grpc-default-executor-0] INFO  segmented.SegmentedRaftLogWorker (SegmentedRaftLogWorker.java:startLogSegment(380)) - 8533a49c-a60c-4c36-849a-1b71101d719e@group-36481D5C2926-SegmentedRaftLogWorker: Starting segment from index:0
2019-09-11 12:39:19,592 [d8e74394-a0bf-4ec3-a3ce-4740c71bd9b7@group-36481D5C2926-SegmentedRaftLogWorker] INFO  segmented.SegmentedRaftLogWorker (SegmentedRaftLogWorker.java:execute(569)) - d8e74394-a0bf-4ec3-a3ce-4740c71bd9b7@group-36481D5C2926-SegmentedRaftLogWorker: created new log segment /workdir/hadoop-ozone/integration-test/target/test-dir/MiniOzoneClusterImpl-72df8dd9-2b9a-4ea0-aef5-73ebd66773c1/datanode-0/data/ratis/5307b2a7-4d22-40e9-b771-36481d5c2926/current/log_inprogress_0
2019-09-11 12:39:19,592 [8533a49c-a60c-4c36-849a-1b71101d719e@group-36481D5C2926-SegmentedRaftLogWorker] INFO  segmented.SegmentedRaftLogWorker (SegmentedRaftLogWorker.java:execute(633)) - 8533a49c-a60c-4c36-849a-1b71101d719e@group-36481D5C2926-SegmentedRaftLogWorker: Deleted log file /workdir/hadoop-ozone/integration-test/target/test-dir/MiniOzoneClusterImpl-72df8dd9-2b9a-4ea0-aef5-73ebd66773c1/datanode-6/data/ratis/5307b2a7-4d22-40e9-b771-36481d5c2926/current/log_inprogress_0
2019-09-11 12:39:19,593 [8533a49c-a60c-4c36-849a-1b71101d719e@group-36481D5C2926-SegmentedRaftLogWorker] INFO  segmented.SegmentedRaftLogWorker (SegmentedRaftLogWorker.java:lambda$new$0(132)) - 8533a49c-a60c-4c36-849a-1b71101d719e@group-36481D5C2926-SegmentedRaftLogWorker: flushIndex: setUnconditionally 0 -> -1
2019-09-11 12:39:19,642 [8533a49c-a60c-4c36-849a-1b71101d719e@group-36481D5C2926-SegmentedRaftLogWorker] INFO  segmented.SegmentedRaftLogWorker (SegmentedRaftLogWorker.java:execute(569)) - 8533a49c-a60c-4c36-849a-1b71101d719e@group-36481D5C2926-SegmentedRaftLogWorker: created new log segment /workdir/hadoop-ozone/integration-test/target/test-dir/MiniOzoneClusterImpl-72df8dd9-2b9a-4ea0-aef5-73ebd66773c1/datanode-6/data/ratis/5307b2a7-4d22-40e9-b771-36481d5c2926/current/log_inprogress_0
2019-09-11 12:39:19,642 [f90b1bbc-0325-4fdc-bdda-dbac376593c0@group-36481D5C2926-SegmentedRaftLogWorker] INFO  segmented.SegmentedRaftLogWorker (SegmentedRaftLogWorker.java:execute(569)) - f90b1bbc-0325-4fdc-bdda-dbac376593c0@group-36481D5C2926-SegmentedRaftLogWorker: created new log segment /workdir/hadoop-ozone/integration-test/target/test-dir/MiniOzoneClusterImpl-72df8dd9-2b9a-4ea0-aef5-73ebd66773c1/datanode-2/data/ratis/5307b2a7-4d22-40e9-b771-36481d5c2926/current/log_inprogress_0
2019-09-11 12:39:20,385 [grpc-default-executor-0] INFO  client.GrpcClientProtocolClient (GrpcClientProtocolClient.java:onNext(264)) - client-2FDB34E1AA20->a355c4c2-cbce-4d32-ac2d-5d7efcc7e61b: receive RaftClientReply:client-2FDB34E1AA20->a355c4c2-cbce-4d32-ac2d-5d7efcc7e61b@group-7BD41C1E26FD, cid=16, FAILED org.apache.ratis.protocol.NotLeaderException: Server a355c4c2-cbce-4d32-ac2d-5d7efcc7e61b@group-7BD41C1E26FD is not the leader 5a49129c-fcc1-4df1-b4f9-e84c17474790:192.168.69.81:36288, logIndex=0, commits[a355c4c2-cbce-4d32-ac2d-5d7efcc7e61b:c6, 608419ff-9e1e-46ed-b668-4d330b5fd69a:c4, 5a49129c-fcc1-4df1-b4f9-e84c17474790:c6]
2019-09-11 12:39:20,786 [java.util.concurrent.ThreadPoolExecutor$Worker@82c091c[State = -1, empty queue]] WARN  server.GrpcLogAppender (GrpcLogAppender.java:timeoutAppendRequest(200)) - 5a49129c-fcc1-4df1-b4f9-e84c17474790@group-7BD41C1E26FD->a355c4c2-cbce-4d32-ac2d-5d7efcc7e61b-GrpcLogAppender: appendEntries Timeout, request=5a49129c-fcc1-4df1-b4f9-e84c17474790->a355c4c2-cbce-4d32-ac2d-5d7efcc7e61b#13-t1, previous=(t:1, i:11), leaderCommit=6, initializing? false, entries: <empty>
2019-09-11 12:39:20,786 [java.util.concurrent.ThreadPoolExecutor$Worker@7a8a8415[State = -1, empty queue]] WARN  server.GrpcLogAppender (GrpcLogAppender.java:timeoutAppendRequest(200)) - 5a49129c-fcc1-4df1-b4f9-e84c17474790@group-7BD41C1E26FD->608419ff-9e1e-46ed-b668-4d330b5fd69a-GrpcLogAppender: appendEntries Timeout, request=5a49129c-fcc1-4df1-b4f9-e84c17474790->608419ff-9e1e-46ed-b668-4d330b5fd69a#13-t1, previous=(t:1, i:11), leaderCommit=6, initializing? false, entries: <empty>
2019-09-11 12:39:23,308 [java.util.concurrent.ThreadPoolExecutor$Worker@82c091c[State = -1, empty queue]] WARN  server.GrpcLogAppender (GrpcLogAppender.java:timeoutAppendRequest(200)) - 5a49129c-fcc1-4df1-b4f9-e84c17474790@group-7BD41C1E26FD->a355c4c2-cbce-4d32-ac2d-5d7efcc7e61b-GrpcLogAppender: appendEntries Timeout, request=5a49129c-fcc1-4df1-b4f9-e84c17474790->a355c4c2-cbce-4d32-ac2d-5d7efcc7e61b#14-t1, previous=(t:1, i:11), leaderCommit=6, initializing? false, entries: <empty>
2019-09-11 12:39:23,308 [java.util.concurrent.ThreadPoolExecutor$Worker@7a8a8415[State = -1, empty queue]] WARN  server.GrpcLogAppender (GrpcLogAppender.java:timeoutAppendRequest(200)) - 5a49129c-fcc1-4df1-b4f9-e84c17474790@group-7BD41C1E26FD->608419ff-9e1e-46ed-b668-4d330b5fd69a-GrpcLogAppender: appendEntries Timeout, request=5a49129c-fcc1-4df1-b4f9-e84c17474790->608419ff-9e1e-46ed-b668-4d330b5fd69a#14-t1, previous=(t:1, i:11), leaderCommit=6, initializing? false, entries: <empty>
2019-09-11 12:39:25,442 [grpc-default-executor-0] INFO  client.GrpcClientProtocolClient (GrpcClientProtocolClient.java:onNext(264)) - client-2FDB34E1AA20->608419ff-9e1e-46ed-b668-4d330b5fd69a: receive RaftClientReply:client-2FDB34E1AA20->608419ff-9e1e-46ed-b668-4d330b5fd69a@group-7BD41C1E26FD, cid=16, FAILED org.apache.ratis.protocol.NotLeaderException: Server 608419ff-9e1e-46ed-b668-4d330b5fd69a@group-7BD41C1E26FD is not the leader 5a49129c-fcc1-4df1-b4f9-e84c17474790:192.168.69.81:36288, logIndex=0, commits[608419ff-9e1e-46ed-b668-4d330b5fd69a:c6, a355c4c2-cbce-4d32-ac2d-5d7efcc7e61b:c4, 5a49129c-fcc1-4df1-b4f9-e84c17474790:c6]
2019-09-11 12:39:25,462 [5a49129c-fcc1-4df1-b4f9-e84c17474790@group-7BD41C1E26FD-SegmentedRaftLogWorker] WARN  segmented.SegmentedRaftLogWorker (SegmentedRaftLogWorker.java:getFromFuture(90)) - Timeout 0/~
org.apache.ratis.protocol.TimeoutIOException: Timeout 10s: WriteLog:8: (t:1, i:8), STATEMACHINELOGENTRY, client-2FDB34E1AA20, cid=17-writeStateMachineData
	at org.apache.ratis.util.IOUtils.getFromFuture(IOUtils.java:87)
	at org.apache.ratis.server.raftlog.segmented.SegmentedRaftLogWorker$StateMachineDataPolicy.getFromFuture(SegmentedRaftLogWorker.java:87)
	at org.apache.ratis.server.raftlog.segmented.SegmentedRaftLogWorker$WriteLog.execute(SegmentedRaftLogWorker.java:477)
	at org.apache.ratis.server.raftlog.segmented.SegmentedRaftLogWorker.run(SegmentedRaftLogWorker.java:289)
	at java.lang.Thread.run(Thread.java:748)
Caused by: java.util.concurrent.TimeoutException
	at java.util.concurrent.CompletableFuture.timedGet(CompletableFuture.java:1771)
	at java.util.concurrent.CompletableFuture.get(CompletableFuture.java:1915)
	at org.apache.ratis.util.IOUtils.getFromFuture(IOUtils.java:79)
	... 4 more
2019-09-11 12:39:25,462 [608419ff-9e1e-46ed-b668-4d330b5fd69a@group-7BD41C1E26FD-SegmentedRaftLogWorker] WARN  segmented.SegmentedRaftLogWorker (SegmentedRaftLogWorker.java:getFromFuture(90)) - Timeout 0/~
org.apache.ratis.protocol.TimeoutIOException: Timeout 10s: WriteLog:8: (t:1, i:8), STATEMACHINELOGENTRY, client-2FDB34E1AA20, cid=17-writeStateMachineData
	at org.apache.ratis.util.IOUtils.getFromFuture(IOUtils.java:87)
	at org.apache.ratis.server.raftlog.segmented.SegmentedRaftLogWorker$StateMachineDataPolicy.getFromFuture(SegmentedRaftLogWorker.java:87)
	at org.apache.ratis.server.raftlog.segmented.SegmentedRaftLogWorker$WriteLog.execute(SegmentedRaftLogWorker.java:477)
	at org.apache.ratis.server.raftlog.segmented.SegmentedRaftLogWorker.run(SegmentedRaftLogWorker.java:289)
	at java.lang.Thread.run(Thread.java:748)
Caused by: java.util.concurrent.TimeoutException
	at java.util.concurrent.CompletableFuture.timedGet(CompletableFuture.java:1771)
	at java.util.concurrent.CompletableFuture.get(CompletableFuture.java:1915)
	at org.apache.ratis.util.IOUtils.getFromFuture(IOUtils.java:79)
	... 4 more
2019-09-11 12:39:25,462 [a355c4c2-cbce-4d32-ac2d-5d7efcc7e61b@group-7BD41C1E26FD-SegmentedRaftLogWorker] WARN  segmented.SegmentedRaftLogWorker (SegmentedRaftLogWorker.java:getFromFuture(90)) - Timeout 0/~
org.apache.ratis.protocol.TimeoutIOException: Timeout 10s: WriteLog:8: (t:1, i:8), STATEMACHINELOGENTRY, client-2FDB34E1AA20, cid=17-writeStateMachineData
	at org.apache.ratis.util.IOUtils.getFromFuture(IOUtils.java:87)
	at org.apache.ratis.server.raftlog.segmented.SegmentedRaftLogWorker$StateMachineDataPolicy.getFromFuture(SegmentedRaftLogWorker.java:87)
	at org.apache.ratis.server.raftlog.segmented.SegmentedRaftLogWorker$WriteLog.execute(SegmentedRaftLogWorker.java:477)
	at org.apache.ratis.server.raftlog.segmented.SegmentedRaftLogWorker.run(SegmentedRaftLogWorker.java:289)
	at java.lang.Thread.run(Thread.java:748)
Caused by: java.util.concurrent.TimeoutException
	at java.util.concurrent.CompletableFuture.timedGet(CompletableFuture.java:1771)
	at java.util.concurrent.CompletableFuture.get(CompletableFuture.java:1915)
	at org.apache.ratis.util.IOUtils.getFromFuture(IOUtils.java:79)
	... 4 more
2019-09-11 12:39:25,809 [java.util.concurrent.ThreadPoolExecutor$Worker@82c091c[State = -1, empty queue]] WARN  server.GrpcLogAppender (GrpcLogAppender.java:timeoutAppendRequest(200)) - 5a49129c-fcc1-4df1-b4f9-e84c17474790@group-7BD41C1E26FD->a355c4c2-cbce-4d32-ac2d-5d7efcc7e61b-GrpcLogAppender: appendEntries Timeout, request=5a49129c-fcc1-4df1-b4f9-e84c17474790->a355c4c2-cbce-4d32-ac2d-5d7efcc7e61b#15-t1, previous=(t:1, i:11), leaderCommit=6, initializing? false, entries: <empty>
2019-09-11 12:39:25,809 [java.util.concurrent.ThreadPoolExecutor$Worker@7a8a8415[State = -1, empty queue]] WARN  server.GrpcLogAppender (GrpcLogAppender.java:timeoutAppendRequest(200)) - 5a49129c-fcc1-4df1-b4f9-e84c17474790@group-7BD41C1E26FD->608419ff-9e1e-46ed-b668-4d330b5fd69a-GrpcLogAppender: appendEntries Timeout, request=5a49129c-fcc1-4df1-b4f9-e84c17474790->608419ff-9e1e-46ed-b668-4d330b5fd69a#15-t1, previous=(t:1, i:11), leaderCommit=6, initializing? false, entries: <empty>
2019-09-11 12:39:28,310 [java.util.concurrent.ThreadPoolExecutor$Worker@82c091c[State = -1, empty queue]] WARN  server.GrpcLogAppender (GrpcLogAppender.java:timeoutAppendRequest(200)) - 5a49129c-fcc1-4df1-b4f9-e84c17474790@group-7BD41C1E26FD->a355c4c2-cbce-4d32-ac2d-5d7efcc7e61b-GrpcLogAppender: appendEntries Timeout, request=5a49129c-fcc1-4df1-b4f9-e84c17474790->a355c4c2-cbce-4d32-ac2d-5d7efcc7e61b#16-t1, previous=(t:1, i:11), leaderCommit=6, initializing? false, entries: <empty>
2019-09-11 12:39:28,310 [java.util.concurrent.ThreadPoolExecutor$Worker@7a8a8415[State = -1, empty queue]] WARN  server.GrpcLogAppender (GrpcLogAppender.java:timeoutAppendRequest(200)) - 5a49129c-fcc1-4df1-b4f9-e84c17474790@group-7BD41C1E26FD->608419ff-9e1e-46ed-b668-4d330b5fd69a-GrpcLogAppender: appendEntries Timeout, request=5a49129c-fcc1-4df1-b4f9-e84c17474790->608419ff-9e1e-46ed-b668-4d330b5fd69a#16-t1, previous=(t:1, i:11), leaderCommit=6, initializing? false, entries: <empty>
2019-09-11 12:39:30,510 [grpc-default-executor-3] INFO  client.GrpcClientProtocolClient (GrpcClientProtocolClient.java:onNext(264)) - client-2FDB34E1AA20->a355c4c2-cbce-4d32-ac2d-5d7efcc7e61b: receive RaftClientReply:client-2FDB34E1AA20->a355c4c2-cbce-4d32-ac2d-5d7efcc7e61b@group-7BD41C1E26FD, cid=16, FAILED org.apache.ratis.protocol.NotLeaderException: Server a355c4c2-cbce-4d32-ac2d-5d7efcc7e61b@group-7BD41C1E26FD is not the leader 5a49129c-fcc1-4df1-b4f9-e84c17474790:192.168.69.81:36288, logIndex=0, commits[a355c4c2-cbce-4d32-ac2d-5d7efcc7e61b:c6, 608419ff-9e1e-46ed-b668-4d330b5fd69a:c4, 5a49129c-fcc1-4df1-b4f9-e84c17474790:c6]
2019-09-11 12:39:30,812 [java.util.concurrent.ThreadPoolExecutor$Worker@7a8a8415[State = -1, empty queue]] WARN  server.GrpcLogAppender (GrpcLogAppender.java:timeoutAppendRequest(200)) - 5a49129c-fcc1-4df1-b4f9-e84c17474790@group-7BD41C1E26FD->608419ff-9e1e-46ed-b668-4d330b5fd69a-GrpcLogAppender: appendEntries Timeout, request=5a49129c-fcc1-4df1-b4f9-e84c17474790->608419ff-9e1e-46ed-b668-4d330b5fd69a#17-t1, previous=(t:1, i:11), leaderCommit=6, initializing? false, entries: <empty>
2019-09-11 12:39:30,812 [java.util.concurrent.ThreadPoolExecutor$Worker@82c091c[State = -1, empty queue]] WARN  server.GrpcLogAppender (GrpcLogAppender.java:timeoutAppendRequest(200)) - 5a49129c-fcc1-4df1-b4f9-e84c17474790@group-7BD41C1E26FD->a355c4c2-cbce-4d32-ac2d-5d7efcc7e61b-GrpcLogAppender: appendEntries Timeout, request=5a49129c-fcc1-4df1-b4f9-e84c17474790->a355c4c2-cbce-4d32-ac2d-5d7efcc7e61b#17-t1, previous=(t:1, i:11), leaderCommit=6, initializing? false, entries: <empty>
2019-09-11 12:39:33,312 [java.util.concurrent.ThreadPoolExecutor$Worker@82c091c[State = -1, empty queue]] WARN  server.GrpcLogAppender (GrpcLogAppender.java:timeoutAppendRequest(200)) - 5a49129c-fcc1-4df1-b4f9-e84c17474790@group-7BD41C1E26FD->a355c4c2-cbce-4d32-ac2d-5d7efcc7e61b-GrpcLogAppender: appendEntries Timeout, request=5a49129c-fcc1-4df1-b4f9-e84c17474790->a355c4c2-cbce-4d32-ac2d-5d7efcc7e61b#18-t1, previous=(t:1, i:11), leaderCommit=6, initializing? false, entries: <empty>
2019-09-11 12:39:33,312 [java.util.concurrent.ThreadPoolExecutor$Worker@7a8a8415[State = -1, empty queue]] WARN  server.GrpcLogAppender (GrpcLogAppender.java:timeoutAppendRequest(200)) - 5a49129c-fcc1-4df1-b4f9-e84c17474790@group-7BD41C1E26FD->608419ff-9e1e-46ed-b668-4d330b5fd69a-GrpcLogAppender: appendEntries Timeout, request=5a49129c-fcc1-4df1-b4f9-e84c17474790->608419ff-9e1e-46ed-b668-4d330b5fd69a#18-t1, previous=(t:1, i:11), leaderCommit=6, initializing? false, entries: <empty>
2019-09-11 12:39:35,465 [5a49129c-fcc1-4df1-b4f9-e84c17474790@group-7BD41C1E26FD-SegmentedRaftLogWorker] WARN  segmented.SegmentedRaftLogWorker (SegmentedRaftLogWorker.java:getFromFuture(90)) - Timeout 1/~
org.apache.ratis.protocol.TimeoutIOException: Timeout 10s: WriteLog:8: (t:1, i:8), STATEMACHINELOGENTRY, client-2FDB34E1AA20, cid=17-writeStateMachineData
	at org.apache.ratis.util.IOUtils.getFromFuture(IOUtils.java:87)
	at org.apache.ratis.server.raftlog.segmented.SegmentedRaftLogWorker$StateMachineDataPolicy.getFromFuture(SegmentedRaftLogWorker.java:87)
	at org.apache.ratis.server.raftlog.segmented.SegmentedRaftLogWorker$WriteLog.execute(SegmentedRaftLogWorker.java:477)
	at org.apache.ratis.server.raftlog.segmented.SegmentedRaftLogWorker.run(SegmentedRaftLogWorker.java:289)
	at java.lang.Thread.run(Thread.java:748)
Caused by: java.util.concurrent.TimeoutException
	at java.util.concurrent.CompletableFuture.timedGet(CompletableFuture.java:1771)
	at java.util.concurrent.CompletableFuture.get(CompletableFuture.java:1915)
	at org.apache.ratis.util.IOUtils.getFromFuture(IOUtils.java:79)
	... 4 more
2019-09-11 12:39:35,469 [a355c4c2-cbce-4d32-ac2d-5d7efcc7e61b@group-7BD41C1E26FD-SegmentedRaftLogWorker] WARN  segmented.SegmentedRaftLogWorker (SegmentedRaftLogWorker.java:getFromFuture(90)) - Timeout 1/~
org.apache.ratis.protocol.TimeoutIOException: Timeout 10s: WriteLog:8: (t:1, i:8), STATEMACHINELOGENTRY, client-2FDB34E1AA20, cid=17-writeStateMachineData
	at org.apache.ratis.util.IOUtils.getFromFuture(IOUtils.java:87)
	at org.apache.ratis.server.raftlog.segmented.SegmentedRaftLogWorker$StateMachineDataPolicy.getFromFuture(SegmentedRaftLogWorker.java:87)
	at org.apache.ratis.server.raftlog.segmented.SegmentedRaftLogWorker$WriteLog.execute(SegmentedRaftLogWorker.java:477)
	at org.apache.ratis.server.raftlog.segmented.SegmentedRaftLogWorker.run(SegmentedRaftLogWorker.java:289)
	at java.lang.Thread.run(Thread.java:748)
Caused by: java.util.concurrent.TimeoutException
	at java.util.concurrent.CompletableFuture.timedGet(CompletableFuture.java:1771)
	at java.util.concurrent.CompletableFuture.get(CompletableFuture.java:1915)
	at org.apache.ratis.util.IOUtils.getFromFuture(IOUtils.java:79)
	... 4 more
2019-09-11 12:39:35,470 [608419ff-9e1e-46ed-b668-4d330b5fd69a@group-7BD41C1E26FD-SegmentedRaftLogWorker] WARN  segmented.SegmentedRaftLogWorker (SegmentedRaftLogWorker.java:getFromFuture(90)) - Timeout 1/~
org.apache.ratis.protocol.TimeoutIOException: Timeout 10s: WriteLog:8: (t:1, i:8), STATEMACHINELOGENTRY, client-2FDB34E1AA20, cid=17-writeStateMachineData
	at org.apache.ratis.util.IOUtils.getFromFuture(IOUtils.java:87)
	at org.apache.ratis.server.raftlog.segmented.SegmentedRaftLogWorker$StateMachineDataPolicy.getFromFuture(SegmentedRaftLogWorker.java:87)
	at org.apache.ratis.server.raftlog.segmented.SegmentedRaftLogWorker$WriteLog.execute(SegmentedRaftLogWorker.java:477)
	at org.apache.ratis.server.raftlog.segmented.SegmentedRaftLogWorker.run(SegmentedRaftLogWorker.java:289)
	at java.lang.Thread.run(Thread.java:748)
Caused by: java.util.concurrent.TimeoutException
	at java.util.concurrent.CompletableFuture.timedGet(CompletableFuture.java:1771)
	at java.util.concurrent.CompletableFuture.get(CompletableFuture.java:1915)
	at org.apache.ratis.util.IOUtils.getFromFuture(IOUtils.java:79)
	... 4 more
2019-09-11 12:39:35,567 [grpc-default-executor-4] INFO  client.GrpcClientProtocolClient (GrpcClientProtocolClient.java:onNext(264)) - client-2FDB34E1AA20->a355c4c2-cbce-4d32-ac2d-5d7efcc7e61b: receive RaftClientReply:client-2FDB34E1AA20->a355c4c2-cbce-4d32-ac2d-5d7efcc7e61b@group-7BD41C1E26FD, cid=16, FAILED org.apache.ratis.protocol.NotLeaderException: Server a355c4c2-cbce-4d32-ac2d-5d7efcc7e61b@group-7BD41C1E26FD is not the leader 5a49129c-fcc1-4df1-b4f9-e84c17474790:192.168.69.81:36288, logIndex=0, commits[a355c4c2-cbce-4d32-ac2d-5d7efcc7e61b:c6, 608419ff-9e1e-46ed-b668-4d330b5fd69a:c4, 5a49129c-fcc1-4df1-b4f9-e84c17474790:c6]
2019-09-11 12:39:35,813 [java.util.concurrent.ThreadPoolExecutor$Worker@82c091c[State = -1, empty queue]] WARN  server.GrpcLogAppender (GrpcLogAppender.java:timeoutAppendRequest(200)) - 5a49129c-fcc1-4df1-b4f9-e84c17474790@group-7BD41C1E26FD->a355c4c2-cbce-4d32-ac2d-5d7efcc7e61b-GrpcLogAppender: appendEntries Timeout, request=5a49129c-fcc1-4df1-b4f9-e84c17474790->a355c4c2-cbce-4d32-ac2d-5d7efcc7e61b#19-t1, previous=(t:1, i:11), leaderCommit=6, initializing? false, entries: <empty>
2019-09-11 12:39:35,813 [java.util.concurrent.ThreadPoolExecutor$Worker@7a8a8415[State = -1, empty queue]] WARN  server.GrpcLogAppender (GrpcLogAppender.java:timeoutAppendRequest(200)) - 5a49129c-fcc1-4df1-b4f9-e84c17474790@group-7BD41C1E26FD->608419ff-9e1e-46ed-b668-4d330b5fd69a-GrpcLogAppender: appendEntries Timeout, request=5a49129c-fcc1-4df1-b4f9-e84c17474790->608419ff-9e1e-46ed-b668-4d330b5fd69a#19-t1, previous=(t:1, i:11), leaderCommit=6, initializing? false, entries: <empty>
2019-09-11 12:39:38,314 [java.util.concurrent.ThreadPoolExecutor$Worker@82c091c[State = -1, empty queue]] WARN  server.GrpcLogAppender (GrpcLogAppender.java:timeoutAppendRequest(200)) - 5a49129c-fcc1-4df1-b4f9-e84c17474790@group-7BD41C1E26FD->a355c4c2-cbce-4d32-ac2d-5d7efcc7e61b-GrpcLogAppender: appendEntries Timeout, request=5a49129c-fcc1-4df1-b4f9-e84c17474790->a355c4c2-cbce-4d32-ac2d-5d7efcc7e61b#20-t1, previous=(t:1, i:11), leaderCommit=6, initializing? false, entries: <empty>
2019-09-11 12:39:38,314 [java.util.concurrent.ThreadPoolExecutor$Worker@7a8a8415[State = -1, empty queue]] WARN  server.GrpcLogAppender (GrpcLogAppender.java:timeoutAppendRequest(200)) - 5a49129c-fcc1-4df1-b4f9-e84c17474790@group-7BD41C1E26FD->608419ff-9e1e-46ed-b668-4d330b5fd69a-GrpcLogAppender: appendEntries Timeout, request=5a49129c-fcc1-4df1-b4f9-e84c17474790->608419ff-9e1e-46ed-b668-4d330b5fd69a#20-t1, previous=(t:1, i:11), leaderCommit=6, initializing? false, entries: <empty>
2019-09-11 12:39:40,634 [grpc-default-executor-3] INFO  client.GrpcClientProtocolClient (GrpcClientProtocolClient.java:onNext(264)) - client-2FDB34E1AA20->608419ff-9e1e-46ed-b668-4d330b5fd69a: receive RaftClientReply:client-2FDB34E1AA20->608419ff-9e1e-46ed-b668-4d330b5fd69a@group-7BD41C1E26FD, cid=16, FAILED org.apache.ratis.protocol.NotLeaderException: Server 608419ff-9e1e-46ed-b668-4d330b5fd69a@group-7BD41C1E26FD is not the leader 5a49129c-fcc1-4df1-b4f9-e84c17474790:192.168.69.81:36288, logIndex=0, commits[608419ff-9e1e-46ed-b668-4d330b5fd69a:c6, a355c4c2-cbce-4d32-ac2d-5d7efcc7e61b:c4, 5a49129c-fcc1-4df1-b4f9-e84c17474790:c6]
2019-09-11 12:39:40,815 [java.util.concurrent.ThreadPoolExecutor$Worker@7a8a8415[State = -1, empty queue]] WARN  server.GrpcLogAppender (GrpcLogAppender.java:timeoutAppendRequest(200)) - 5a49129c-fcc1-4df1-b4f9-e84c17474790@group-7BD41C1E26FD->608419ff-9e1e-46ed-b668-4d330b5fd69a-GrpcLogAppender: appendEntries Timeout, request=5a49129c-fcc1-4df1-b4f9-e84c17474790->608419ff-9e1e-46ed-b668-4d330b5fd69a#21-t1, previous=(t:1, i:11), leaderCommit=6, initializing? false, entries: <empty>
2019-09-11 12:39:40,815 [java.util.concurrent.ThreadPoolExecutor$Worker@82c091c[State = -1, empty queue]] WARN  server.GrpcLogAppender (GrpcLogAppender.java:timeoutAppendRequest(200)) - 5a49129c-fcc1-4df1-b4f9-e84c17474790@group-7BD41C1E26FD->a355c4c2-cbce-4d32-ac2d-5d7efcc7e61b-GrpcLogAppender: appendEntries Timeout, request=5a49129c-fcc1-4df1-b4f9-e84c17474790->a355c4c2-cbce-4d32-ac2d-5d7efcc7e61b#21-t1, previous=(t:1, i:11), leaderCommit=6, initializing? false, entries: <empty>
2019-09-11 12:39:43,316 [java.util.concurrent.ThreadPoolExecutor$Worker@82c091c[State = -1, empty queue]] WARN  server.GrpcLogAppender (GrpcLogAppender.java:timeoutAppendRequest(200)) - 5a49129c-fcc1-4df1-b4f9-e84c17474790@group-7BD41C1E26FD->a355c4c2-cbce-4d32-ac2d-5d7efcc7e61b-GrpcLogAppender: appendEntries Timeout, request=5a49129c-fcc1-4df1-b4f9-e84c17474790->a355c4c2-cbce-4d32-ac2d-5d7efcc7e61b#22-t1, previous=(t:1, i:11), leaderCommit=6, initializing? false, entries: <empty>
2019-09-11 12:39:43,316 [java.util.concurrent.ThreadPoolExecutor$Worker@7a8a8415[State = -1, empty queue]] WARN  server.GrpcLogAppender (GrpcLogAppender.java:timeoutAppendRequest(200)) - 5a49129c-fcc1-4df1-b4f9-e84c17474790@group-7BD41C1E26FD->608419ff-9e1e-46ed-b668-4d330b5fd69a-GrpcLogAppender: appendEntries Timeout, request=5a49129c-fcc1-4df1-b4f9-e84c17474790->608419ff-9e1e-46ed-b668-4d330b5fd69a#22-t1, previous=(t:1, i:11), leaderCommit=6, initializing? false, entries: <empty>
2019-09-11 12:39:45,466 [5a49129c-fcc1-4df1-b4f9-e84c17474790@group-7BD41C1E26FD-SegmentedRaftLogWorker] WARN  segmented.SegmentedRaftLogWorker (SegmentedRaftLogWorker.java:getFromFuture(90)) - Timeout 2/~
org.apache.ratis.protocol.TimeoutIOException: Timeout 10s: WriteLog:8: (t:1, i:8), STATEMACHINELOGENTRY, client-2FDB34E1AA20, cid=17-writeStateMachineData
	at org.apache.ratis.util.IOUtils.getFromFuture(IOUtils.java:87)
	at org.apache.ratis.server.raftlog.segmented.SegmentedRaftLogWorker$StateMachineDataPolicy.getFromFuture(SegmentedRaftLogWorker.java:87)
	at org.apache.ratis.server.raftlog.segmented.SegmentedRaftLogWorker$WriteLog.execute(SegmentedRaftLogWorker.java:477)
	at org.apache.ratis.server.raftlog.segmented.SegmentedRaftLogWorker.run(SegmentedRaftLogWorker.java:289)
	at java.lang.Thread.run(Thread.java:748)
Caused by: java.util.concurrent.TimeoutException
	at java.util.concurrent.CompletableFuture.timedGet(CompletableFuture.java:1771)
	at java.util.concurrent.CompletableFuture.get(CompletableFuture.java:1915)
	at org.apache.ratis.util.IOUtils.getFromFuture(IOUtils.java:79)
	... 4 more
2019-09-11 12:39:45,470 [a355c4c2-cbce-4d32-ac2d-5d7efcc7e61b@group-7BD41C1E26FD-SegmentedRaftLogWorker] WARN  segmented.SegmentedRaftLogWorker (SegmentedRaftLogWorker.java:getFromFuture(90)) - Timeout 2/~
org.apache.ratis.protocol.TimeoutIOException: Timeout 10s: WriteLog:8: (t:1, i:8), STATEMACHINELOGENTRY, client-2FDB34E1AA20, cid=17-writeStateMachineData
	at org.apache.ratis.util.IOUtils.getFromFuture(IOUtils.java:87)
	at org.apache.ratis.server.raftlog.segmented.SegmentedRaftLogWorker$StateMachineDataPolicy.getFromFuture(SegmentedRaftLogWorker.java:87)
	at org.apache.ratis.server.raftlog.segmented.SegmentedRaftLogWorker$WriteLog.execute(SegmentedRaftLogWorker.java:477)
	at org.apache.ratis.server.raftlog.segmented.SegmentedRaftLogWorker.run(SegmentedRaftLogWorker.java:289)
	at java.lang.Thread.run(Thread.java:748)
Caused by: java.util.concurrent.TimeoutException
	at java.util.concurrent.CompletableFuture.timedGet(CompletableFuture.java:1771)
	at java.util.concurrent.CompletableFuture.get(CompletableFuture.java:1915)
	at org.apache.ratis.util.IOUtils.getFromFuture(IOUtils.java:79)
	... 4 more
2019-09-11 12:39:45,471 [608419ff-9e1e-46ed-b668-4d330b5fd69a@group-7BD41C1E26FD-SegmentedRaftLogWorker] WARN  segmented.SegmentedRaftLogWorker (SegmentedRaftLogWorker.java:getFromFuture(90)) - Timeout 2/~
org.apache.ratis.protocol.TimeoutIOException: Timeout 10s: WriteLog:8: (t:1, i:8), STATEMACHINELOGENTRY, client-2FDB34E1AA20, cid=17-writeStateMachineData
	at org.apache.ratis.util.IOUtils.getFromFuture(IOUtils.java:87)
	at org.apache.ratis.server.raftlog.segmented.SegmentedRaftLogWorker$StateMachineDataPolicy.getFromFuture(SegmentedRaftLogWorker.java:87)
	at org.apache.ratis.server.raftlog.segmented.SegmentedRaftLogWorker$WriteLog.execute(SegmentedRaftLogWorker.java:477)
	at org.apache.ratis.server.raftlog.segmented.SegmentedRaftLogWorker.run(SegmentedRaftLogWorker.java:289)
	at java.lang.Thread.run(Thread.java:748)
Caused by: java.util.concurrent.TimeoutException
	at java.util.concurrent.CompletableFuture.timedGet(CompletableFuture.java:1771)
	at java.util.concurrent.CompletableFuture.get(CompletableFuture.java:1915)
	at org.apache.ratis.util.IOUtils.getFromFuture(IOUtils.java:79)
	... 4 more
2019-09-11 12:39:45,708 [grpc-default-executor-4] INFO  client.GrpcClientProtocolClient (GrpcClientProtocolClient.java:onNext(264)) - client-2FDB34E1AA20->a355c4c2-cbce-4d32-ac2d-5d7efcc7e61b: receive RaftClientReply:client-2FDB34E1AA20->a355c4c2-cbce-4d32-ac2d-5d7efcc7e61b@group-7BD41C1E26FD, cid=16, FAILED org.apache.ratis.protocol.NotLeaderException: Server a355c4c2-cbce-4d32-ac2d-5d7efcc7e61b@group-7BD41C1E26FD is not the leader 5a49129c-fcc1-4df1-b4f9-e84c17474790:192.168.69.81:36288, logIndex=0, commits[a355c4c2-cbce-4d32-ac2d-5d7efcc7e61b:c6, 608419ff-9e1e-46ed-b668-4d330b5fd69a:c4, 5a49129c-fcc1-4df1-b4f9-e84c17474790:c6]
2019-09-11 12:39:45,817 [java.util.concurrent.ThreadPoolExecutor$Worker@7a8a8415[State = -1, empty queue]] WARN  server.GrpcLogAppender (GrpcLogAppender.java:timeoutAppendRequest(200)) - 5a49129c-fcc1-4df1-b4f9-e84c17474790@group-7BD41C1E26FD->608419ff-9e1e-46ed-b668-4d330b5fd69a-GrpcLogAppender: appendEntries Timeout, request=5a49129c-fcc1-4df1-b4f9-e84c17474790->608419ff-9e1e-46ed-b668-4d330b5fd69a#23-t1, previous=(t:1, i:11), leaderCommit=6, initializing? false, entries: <empty>
2019-09-11 12:39:45,817 [java.util.concurrent.ThreadPoolExecutor$Worker@82c091c[State = -1, empty queue]] WARN  server.GrpcLogAppender (GrpcLogAppender.java:timeoutAppendRequest(200)) - 5a49129c-fcc1-4df1-b4f9-e84c17474790@group-7BD41C1E26FD->a355c4c2-cbce-4d32-ac2d-5d7efcc7e61b-GrpcLogAppender: appendEntries Timeout, request=5a49129c-fcc1-4df1-b4f9-e84c17474790->a355c4c2-cbce-4d32-ac2d-5d7efcc7e61b#23-t1, previous=(t:1, i:11), leaderCommit=6, initializing? false, entries: <empty>
2019-09-11 12:39:48,318 [java.util.concurrent.ThreadPoolExecutor$Worker@7a8a8415[State = -1, empty queue]] WARN  server.GrpcLogAppender (GrpcLogAppender.java:timeoutAppendRequest(200)) - 5a49129c-fcc1-4df1-b4f9-e84c17474790@group-7BD41C1E26FD->608419ff-9e1e-46ed-b668-4d330b5fd69a-GrpcLogAppender: appendEntries Timeout, request=5a49129c-fcc1-4df1-b4f9-e84c17474790->608419ff-9e1e-46ed-b668-4d330b5fd69a#24-t1, previous=(t:1, i:11), leaderCommit=6, initializing? false, entries: <empty>
2019-09-11 12:39:48,318 [java.util.concurrent.ThreadPoolExecutor$Worker@82c091c[State = -1, empty queue]] WARN  server.GrpcLogAppender (GrpcLogAppender.java:timeoutAppendRequest(200)) - 5a49129c-fcc1-4df1-b4f9-e84c17474790@group-7BD41C1E26FD->a355c4c2-cbce-4d32-ac2d-5d7efcc7e61b-GrpcLogAppender: appendEntries Timeout, request=5a49129c-fcc1-4df1-b4f9-e84c17474790->a355c4c2-cbce-4d32-ac2d-5d7efcc7e61b#24-t1, previous=(t:1, i:11), leaderCommit=6, initializing? false, entries: <empty>
2019-09-11 12:39:50,773 [grpc-default-executor-4] INFO  client.GrpcClientProtocolClient (GrpcClientProtocolClient.java:onNext(264)) - client-2FDB34E1AA20->a355c4c2-cbce-4d32-ac2d-5d7efcc7e61b: receive RaftClientReply:client-2FDB34E1AA20->a355c4c2-cbce-4d32-ac2d-5d7efcc7e61b@group-7BD41C1E26FD, cid=16, FAILED org.apache.ratis.protocol.NotLeaderException: Server a355c4c2-cbce-4d32-ac2d-5d7efcc7e61b@group-7BD41C1E26FD is not the leader 5a49129c-fcc1-4df1-b4f9-e84c17474790:192.168.69.81:36288, logIndex=0, commits[a355c4c2-cbce-4d32-ac2d-5d7efcc7e61b:c6, 608419ff-9e1e-46ed-b668-4d330b5fd69a:c4, 5a49129c-fcc1-4df1-b4f9-e84c17474790:c6]
2019-09-11 12:39:50,819 [java.util.concurrent.ThreadPoolExecutor$Worker@82c091c[State = -1, empty queue]] WARN  server.GrpcLogAppender (GrpcLogAppender.java:timeoutAppendRequest(200)) - 5a49129c-fcc1-4df1-b4f9-e84c17474790@group-7BD41C1E26FD->a355c4c2-cbce-4d32-ac2d-5d7efcc7e61b-GrpcLogAppender: appendEntries Timeout, request=5a49129c-fcc1-4df1-b4f9-e84c17474790->a355c4c2-cbce-4d32-ac2d-5d7efcc7e61b#25-t1, previous=(t:1, i:11), leaderCommit=6, initializing? false, entries: <empty>
2019-09-11 12:39:50,819 [java.util.concurrent.ThreadPoolExecutor$Worker@7a8a8415[State = -1, empty queue]] WARN  server.GrpcLogAppender (GrpcLogAppender.java:timeoutAppendRequest(200)) - 5a49129c-fcc1-4df1-b4f9-e84c17474790@group-7BD41C1E26FD->608419ff-9e1e-46ed-b668-4d330b5fd69a-GrpcLogAppender: appendEntries Timeout, request=5a49129c-fcc1-4df1-b4f9-e84c17474790->608419ff-9e1e-46ed-b668-4d330b5fd69a#25-t1, previous=(t:1, i:11), leaderCommit=6, initializing? false, entries: <empty>
2019-09-11 12:39:53,320 [java.util.concurrent.ThreadPoolExecutor$Worker@7a8a8415[State = -1, empty queue]] WARN  server.GrpcLogAppender (GrpcLogAppender.java:timeoutAppendRequest(200)) - 5a49129c-fcc1-4df1-b4f9-e84c17474790@group-7BD41C1E26FD->608419ff-9e1e-46ed-b668-4d330b5fd69a-GrpcLogAppender: appendEntries Timeout, request=5a49129c-fcc1-4df1-b4f9-e84c17474790->608419ff-9e1e-46ed-b668-4d330b5fd69a#26-t1, previous=(t:1, i:11), leaderCommit=6, initializing? false, entries: <empty>
2019-09-11 12:39:53,320 [java.util.concurrent.ThreadPoolExecutor$Worker@82c091c[State = -1, empty queue]] WARN  server.GrpcLogAppender (GrpcLogAppender.java:timeoutAppendRequest(200)) - 5a49129c-fcc1-4df1-b4f9-e84c17474790@group-7BD41C1E26FD->a355c4c2-cbce-4d32-ac2d-5d7efcc7e61b-GrpcLogAppender: appendEntries Timeout, request=5a49129c-fcc1-4df1-b4f9-e84c17474790->a355c4c2-cbce-4d32-ac2d-5d7efcc7e61b#26-t1, previous=(t:1, i:11), leaderCommit=6, initializing? false, entries: <empty>
2019-09-11 12:39:55,468 [5a49129c-fcc1-4df1-b4f9-e84c17474790@group-7BD41C1E26FD-SegmentedRaftLogWorker] WARN  segmented.SegmentedRaftLogWorker (SegmentedRaftLogWorker.java:getFromFuture(90)) - Timeout 3/~
org.apache.ratis.protocol.TimeoutIOException: Timeout 10s: WriteLog:8: (t:1, i:8), STATEMACHINELOGENTRY, client-2FDB34E1AA20, cid=17-writeStateMachineData
	at org.apache.ratis.util.IOUtils.getFromFuture(IOUtils.java:87)
	at org.apache.ratis.server.raftlog.segmented.SegmentedRaftLogWorker$StateMachineDataPolicy.getFromFuture(SegmentedRaftLogWorker.java:87)
	at org.apache.ratis.server.raftlog.segmented.SegmentedRaftLogWorker$WriteLog.execute(SegmentedRaftLogWorker.java:477)
	at org.apache.ratis.server.raftlog.segmented.SegmentedRaftLogWorker.run(SegmentedRaftLogWorker.java:289)
	at java.lang.Thread.run(Thread.java:748)
Caused by: java.util.concurrent.TimeoutException
	at java.util.concurrent.CompletableFuture.timedGet(CompletableFuture.java:1771)
	at java.util.concurrent.CompletableFuture.get(CompletableFuture.java:1915)
	at org.apache.ratis.util.IOUtils.getFromFuture(IOUtils.java:79)
	... 4 more
2019-09-11 12:39:55,471 [a355c4c2-cbce-4d32-ac2d-5d7efcc7e61b@group-7BD41C1E26FD-SegmentedRaftLogWorker] WARN  segmented.SegmentedRaftLogWorker (SegmentedRaftLogWorker.java:getFromFuture(90)) - Timeout 3/~
org.apache.ratis.protocol.TimeoutIOException: Timeout 10s: WriteLog:8: (t:1, i:8), STATEMACHINELOGENTRY, client-2FDB34E1AA20, cid=17-writeStateMachineData
	at org.apache.ratis.util.IOUtils.getFromFuture(IOUtils.java:87)
	at org.apache.ratis.server.raftlog.segmented.SegmentedRaftLogWorker$StateMachineDataPolicy.getFromFuture(SegmentedRaftLogWorker.java:87)
	at org.apache.ratis.server.raftlog.segmented.SegmentedRaftLogWorker$WriteLog.execute(SegmentedRaftLogWorker.java:477)
	at org.apache.ratis.server.raftlog.segmented.SegmentedRaftLogWorker.run(SegmentedRaftLogWorker.java:289)
	at java.lang.Thread.run(Thread.java:748)
Caused by: java.util.concurrent.TimeoutException
	at java.util.concurrent.CompletableFuture.timedGet(CompletableFuture.java:1771)
	at java.util.concurrent.CompletableFuture.get(CompletableFuture.java:1915)
	at org.apache.ratis.util.IOUtils.getFromFuture(IOUtils.java:79)
	... 4 more
2019-09-11 12:39:55,472 [608419ff-9e1e-46ed-b668-4d330b5fd69a@group-7BD41C1E26FD-SegmentedRaftLogWorker] WARN  segmented.SegmentedRaftLogWorker (SegmentedRaftLogWorker.java:getFromFuture(90)) - Timeout 3/~
org.apache.ratis.protocol.TimeoutIOException: Timeout 10s: WriteLog:8: (t:1, i:8), STATEMACHINELOGENTRY, client-2FDB34E1AA20, cid=17-writeStateMachineData
	at org.apache.ratis.util.IOUtils.getFromFuture(IOUtils.java:87)
	at org.apache.ratis.server.raftlog.segmented.SegmentedRaftLogWorker$StateMachineDataPolicy.getFromFuture(SegmentedRaftLogWorker.java:87)
	at org.apache.ratis.server.raftlog.segmented.SegmentedRaftLogWorker$WriteLog.execute(SegmentedRaftLogWorker.java:477)
	at org.apache.ratis.server.raftlog.segmented.SegmentedRaftLogWorker.run(SegmentedRaftLogWorker.java:289)
	at java.lang.Thread.run(Thread.java:748)
Caused by: java.util.concurrent.TimeoutException
	at java.util.concurrent.CompletableFuture.timedGet(CompletableFuture.java:1771)
	at java.util.concurrent.CompletableFuture.get(CompletableFuture.java:1915)
	at org.apache.ratis.util.IOUtils.getFromFuture(IOUtils.java:79)
	... 4 more
2019-09-11 12:39:55,822 [java.util.concurrent.ThreadPoolExecutor$Worker@82c091c[State = -1, empty queue]] WARN  server.GrpcLogAppender (GrpcLogAppender.java:timeoutAppendRequest(200)) - 5a49129c-fcc1-4df1-b4f9-e84c17474790@group-7BD41C1E26FD->a355c4c2-cbce-4d32-ac2d-5d7efcc7e61b-GrpcLogAppender: appendEntries Timeout, request=5a49129c-fcc1-4df1-b4f9-e84c17474790->a355c4c2-cbce-4d32-ac2d-5d7efcc7e61b#27-t1, previous=(t:1, i:11), leaderCommit=6, initializing? false, entries: <empty>
2019-09-11 12:39:55,822 [java.util.concurrent.ThreadPoolExecutor$Worker@7a8a8415[State = -1, empty queue]] WARN  server.GrpcLogAppender (GrpcLogAppender.java:timeoutAppendRequest(200)) - 5a49129c-fcc1-4df1-b4f9-e84c17474790@group-7BD41C1E26FD->608419ff-9e1e-46ed-b668-4d330b5fd69a-GrpcLogAppender: appendEntries Timeout, request=5a49129c-fcc1-4df1-b4f9-e84c17474790->608419ff-9e1e-46ed-b668-4d330b5fd69a#27-t1, previous=(t:1, i:11), leaderCommit=6, initializing? false, entries: <empty>
2019-09-11 12:39:55,834 [grpc-default-executor-3] INFO  client.GrpcClientProtocolClient (GrpcClientProtocolClient.java:onNext(264)) - client-2FDB34E1AA20->608419ff-9e1e-46ed-b668-4d330b5fd69a: receive RaftClientReply:client-2FDB34E1AA20->608419ff-9e1e-46ed-b668-4d330b5fd69a@group-7BD41C1E26FD, cid=16, FAILED org.apache.ratis.protocol.NotLeaderException: Server 608419ff-9e1e-46ed-b668-4d330b5fd69a@group-7BD41C1E26FD is not the leader 5a49129c-fcc1-4df1-b4f9-e84c17474790:192.168.69.81:36288, logIndex=0, commits[608419ff-9e1e-46ed-b668-4d330b5fd69a:c6, a355c4c2-cbce-4d32-ac2d-5d7efcc7e61b:c4, 5a49129c-fcc1-4df1-b4f9-e84c17474790:c6]
2019-09-11 12:39:58,321 [java.util.concurrent.ThreadPoolExecutor$Worker@82c091c[State = -1, empty queue]] WARN  server.GrpcLogAppender (GrpcLogAppender.java:timeoutAppendRequest(200)) - 5a49129c-fcc1-4df1-b4f9-e84c17474790@group-7BD41C1E26FD->a355c4c2-cbce-4d32-ac2d-5d7efcc7e61b-GrpcLogAppender: appendEntries Timeout, request=5a49129c-fcc1-4df1-b4f9-e84c17474790->a355c4c2-cbce-4d32-ac2d-5d7efcc7e61b#28-t1, previous=(t:1, i:11), leaderCommit=6, initializing? false, entries: <empty>
2019-09-11 12:39:58,321 [java.util.concurrent.ThreadPoolExecutor$Worker@7a8a8415[State = -1, empty queue]] WARN  server.GrpcLogAppender (GrpcLogAppender.java:timeoutAppendRequest(200)) - 5a49129c-fcc1-4df1-b4f9-e84c17474790@group-7BD41C1E26FD->608419ff-9e1e-46ed-b668-4d330b5fd69a-GrpcLogAppender: appendEntries Timeout, request=5a49129c-fcc1-4df1-b4f9-e84c17474790->608419ff-9e1e-46ed-b668-4d330b5fd69a#28-t1, previous=(t:1, i:11), leaderCommit=6, initializing? false, entries: <empty>
2019-09-11 12:40:00,822 [java.util.concurrent.ThreadPoolExecutor$Worker@7a8a8415[State = -1, empty queue]] WARN  server.GrpcLogAppender (GrpcLogAppender.java:timeoutAppendRequest(200)) - 5a49129c-fcc1-4df1-b4f9-e84c17474790@group-7BD41C1E26FD->608419ff-9e1e-46ed-b668-4d330b5fd69a-GrpcLogAppender: appendEntries Timeout, request=5a49129c-fcc1-4df1-b4f9-e84c17474790->608419ff-9e1e-46ed-b668-4d330b5fd69a#29-t1, previous=(t:1, i:11), leaderCommit=6, initializing? false, entries: <empty>
2019-09-11 12:40:00,822 [java.util.concurrent.ThreadPoolExecutor$Worker@82c091c[State = -1, empty queue]] WARN  server.GrpcLogAppender (GrpcLogAppender.java:timeoutAppendRequest(200)) - 5a49129c-fcc1-4df1-b4f9-e84c17474790@group-7BD41C1E26FD->a355c4c2-cbce-4d32-ac2d-5d7efcc7e61b-GrpcLogAppender: appendEntries Timeout, request=5a49129c-fcc1-4df1-b4f9-e84c17474790->a355c4c2-cbce-4d32-ac2d-5d7efcc7e61b#29-t1, previous=(t:1, i:11), leaderCommit=6, initializing? false, entries: <empty>
2019-09-11 12:40:00,884 [grpc-default-executor-4] INFO  client.GrpcClientProtocolClient (GrpcClientProtocolClient.java:onNext(264)) - client-2FDB34E1AA20->a355c4c2-cbce-4d32-ac2d-5d7efcc7e61b: receive RaftClientReply:client-2FDB34E1AA20->a355c4c2-cbce-4d32-ac2d-5d7efcc7e61b@group-7BD41C1E26FD, cid=16, FAILED org.apache.ratis.protocol.NotLeaderException: Server a355c4c2-cbce-4d32-ac2d-5d7efcc7e61b@group-7BD41C1E26FD is not the leader 5a49129c-fcc1-4df1-b4f9-e84c17474790:192.168.69.81:36288, logIndex=0, commits[a355c4c2-cbce-4d32-ac2d-5d7efcc7e61b:c6, 608419ff-9e1e-46ed-b668-4d330b5fd69a:c4, 5a49129c-fcc1-4df1-b4f9-e84c17474790:c6]
2019-09-11 12:40:03,322 [java.util.concurrent.ThreadPoolExecutor$Worker@7a8a8415[State = -1, empty queue]] WARN  server.GrpcLogAppender (GrpcLogAppender.java:timeoutAppendRequest(200)) - 5a49129c-fcc1-4df1-b4f9-e84c17474790@group-7BD41C1E26FD->608419ff-9e1e-46ed-b668-4d330b5fd69a-GrpcLogAppender: appendEntries Timeout, request=5a49129c-fcc1-4df1-b4f9-e84c17474790->608419ff-9e1e-46ed-b668-4d330b5fd69a#30-t1, previous=(t:1, i:11), leaderCommit=6, initializing? false, entries: <empty>
2019-09-11 12:40:03,322 [java.util.concurrent.ThreadPoolExecutor$Worker@82c091c[State = -1, empty queue]] WARN  server.GrpcLogAppender (GrpcLogAppender.java:timeoutAppendRequest(200)) - 5a49129c-fcc1-4df1-b4f9-e84c17474790@group-7BD41C1E26FD->a355c4c2-cbce-4d32-ac2d-5d7efcc7e61b-GrpcLogAppender: appendEntries Timeout, request=5a49129c-fcc1-4df1-b4f9-e84c17474790->a355c4c2-cbce-4d32-ac2d-5d7efcc7e61b#30-t1, previous=(t:1, i:11), leaderCommit=6, initializing? false, entries: <empty>
2019-09-11 12:40:05,469 [5a49129c-fcc1-4df1-b4f9-e84c17474790@group-7BD41C1E26FD-SegmentedRaftLogWorker] WARN  segmented.SegmentedRaftLogWorker (SegmentedRaftLogWorker.java:getFromFuture(90)) - Timeout 4/~
org.apache.ratis.protocol.TimeoutIOException: Timeout 10s: WriteLog:8: (t:1, i:8), STATEMACHINELOGENTRY, client-2FDB34E1AA20, cid=17-writeStateMachineData
	at org.apache.ratis.util.IOUtils.getFromFuture(IOUtils.java:87)
	at org.apache.ratis.server.raftlog.segmented.SegmentedRaftLogWorker$StateMachineDataPolicy.getFromFuture(SegmentedRaftLogWorker.java:87)
	at org.apache.ratis.server.raftlog.segmented.SegmentedRaftLogWorker$WriteLog.execute(SegmentedRaftLogWorker.java:477)
	at org.apache.ratis.server.raftlog.segmented.SegmentedRaftLogWorker.run(SegmentedRaftLogWorker.java:289)
	at java.lang.Thread.run(Thread.java:748)
Caused by: java.util.concurrent.TimeoutException
	at java.util.concurrent.CompletableFuture.timedGet(CompletableFuture.java:1771)
	at java.util.concurrent.CompletableFuture.get(CompletableFuture.java:1915)
	at org.apache.ratis.util.IOUtils.getFromFuture(IOUtils.java:79)
	... 4 more
2019-09-11 12:40:05,472 [a355c4c2-cbce-4d32-ac2d-5d7efcc7e61b@group-7BD41C1E26FD-SegmentedRaftLogWorker] WARN  segmented.SegmentedRaftLogWorker (SegmentedRaftLogWorker.java:getFromFuture(90)) - Timeout 4/~
org.apache.ratis.protocol.TimeoutIOException: Timeout 10s: WriteLog:8: (t:1, i:8), STATEMACHINELOGENTRY, client-2FDB34E1AA20, cid=17-writeStateMachineData
	at org.apache.ratis.util.IOUtils.getFromFuture(IOUtils.java:87)
	at org.apache.ratis.server.raftlog.segmented.SegmentedRaftLogWorker$StateMachineDataPolicy.getFromFuture(SegmentedRaftLogWorker.java:87)
	at org.apache.ratis.server.raftlog.segmented.SegmentedRaftLogWorker$WriteLog.execute(SegmentedRaftLogWorker.java:477)
	at org.apache.ratis.server.raftlog.segmented.SegmentedRaftLogWorker.run(SegmentedRaftLogWorker.java:289)
	at java.lang.Thread.run(Thread.java:748)
Caused by: java.util.concurrent.TimeoutException
	at java.util.concurrent.CompletableFuture.timedGet(CompletableFuture.java:1771)
	at java.util.concurrent.CompletableFuture.get(CompletableFuture.java:1915)
	at org.apache.ratis.util.IOUtils.getFromFuture(IOUtils.java:79)
	... 4 more
2019-09-11 12:40:05,473 [608419ff-9e1e-46ed-b668-4d330b5fd69a@group-7BD41C1E26FD-SegmentedRaftLogWorker] WARN  segmented.SegmentedRaftLogWorker (SegmentedRaftLogWorker.java:getFromFuture(90)) - Timeout 4/~
org.apache.ratis.protocol.TimeoutIOException: Timeout 10s: WriteLog:8: (t:1, i:8), STATEMACHINELOGENTRY, client-2FDB34E1AA20, cid=17-writeStateMachineData
	at org.apache.ratis.util.IOUtils.getFromFuture(IOUtils.java:87)
	at org.apache.ratis.server.raftlog.segmented.SegmentedRaftLogWorker$StateMachineDataPolicy.getFromFuture(SegmentedRaftLogWorker.java:87)
	at org.apache.ratis.server.raftlog.segmented.SegmentedRaftLogWorker$WriteLog.execute(SegmentedRaftLogWorker.java:477)
	at org.apache.ratis.server.raftlog.segmented.SegmentedRaftLogWorker.run(SegmentedRaftLogWorker.java:289)
	at java.lang.Thread.run(Thread.java:748)
Caused by: java.util.concurrent.TimeoutException
	at java.util.concurrent.CompletableFuture.timedGet(CompletableFuture.java:1771)
	at java.util.concurrent.CompletableFuture.get(CompletableFuture.java:1915)
	at org.apache.ratis.util.IOUtils.getFromFuture(IOUtils.java:79)
	... 4 more
2019-09-11 12:40:05,823 [java.util.concurrent.ThreadPoolExecutor$Worker@82c091c[State = -1, empty queue]] WARN  server.GrpcLogAppender (GrpcLogAppender.java:timeoutAppendRequest(200)) - 5a49129c-fcc1-4df1-b4f9-e84c17474790@group-7BD41C1E26FD->a355c4c2-cbce-4d32-ac2d-5d7efcc7e61b-GrpcLogAppender: appendEntries Timeout, request=5a49129c-fcc1-4df1-b4f9-e84c17474790->a355c4c2-cbce-4d32-ac2d-5d7efcc7e61b#31-t1, previous=(t:1, i:11), leaderCommit=6, initializing? false, entries: <empty>
2019-09-11 12:40:05,823 [java.util.concurrent.ThreadPoolExecutor$Worker@7a8a8415[State = -1, empty queue]] WARN  server.GrpcLogAppender (GrpcLogAppender.java:timeoutAppendRequest(200)) - 5a49129c-fcc1-4df1-b4f9-e84c17474790@group-7BD41C1E26FD->608419ff-9e1e-46ed-b668-4d330b5fd69a-GrpcLogAppender: appendEntries Timeout, request=5a49129c-fcc1-4df1-b4f9-e84c17474790->608419ff-9e1e-46ed-b668-4d330b5fd69a#31-t1, previous=(t:1, i:11), leaderCommit=6, initializing? false, entries: <empty>
2019-09-11 12:40:05,942 [grpc-default-executor-0] INFO  client.GrpcClientProtocolClient (GrpcClientProtocolClient.java:onNext(264)) - client-2FDB34E1AA20->608419ff-9e1e-46ed-b668-4d330b5fd69a: receive RaftClientReply:client-2FDB34E1AA20->608419ff-9e1e-46ed-b668-4d330b5fd69a@group-7BD41C1E26FD, cid=16, FAILED org.apache.ratis.protocol.NotLeaderException: Server 608419ff-9e1e-46ed-b668-4d330b5fd69a@group-7BD41C1E26FD is not the leader 5a49129c-fcc1-4df1-b4f9-e84c17474790:192.168.69.81:36288, logIndex=0, commits[608419ff-9e1e-46ed-b668-4d330b5fd69a:c6, a355c4c2-cbce-4d32-ac2d-5d7efcc7e61b:c4, 5a49129c-fcc1-4df1-b4f9-e84c17474790:c6]
2019-09-11 12:40:08,323 [java.util.concurrent.ThreadPoolExecutor$Worker@82c091c[State = -1, empty queue]] WARN  server.GrpcLogAppender (GrpcLogAppender.java:timeoutAppendRequest(200)) - 5a49129c-fcc1-4df1-b4f9-e84c17474790@group-7BD41C1E26FD->a355c4c2-cbce-4d32-ac2d-5d7efcc7e61b-GrpcLogAppender: appendEntries Timeout, request=5a49129c-fcc1-4df1-b4f9-e84c17474790->a355c4c2-cbce-4d32-ac2d-5d7efcc7e61b#32-t1, previous=(t:1, i:11), leaderCommit=6, initializing? false, entries: <empty>
2019-09-11 12:40:08,323 [java.util.concurrent.ThreadPoolExecutor$Worker@7a8a8415[State = -1, empty queue]] WARN  server.GrpcLogAppender (GrpcLogAppender.java:timeoutAppendRequest(200)) - 5a49129c-fcc1-4df1-b4f9-e84c17474790@group-7BD41C1E26FD->608419ff-9e1e-46ed-b668-4d330b5fd69a-GrpcLogAppender: appendEntries Timeout, request=5a49129c-fcc1-4df1-b4f9-e84c17474790->608419ff-9e1e-46ed-b668-4d330b5fd69a#32-t1, previous=(t:1, i:11), leaderCommit=6, initializing? false, entries: <empty>
2019-09-11 12:40:10,824 [java.util.concurrent.ThreadPoolExecutor$Worker@82c091c[State = -1, empty queue]] WARN  server.GrpcLogAppender (GrpcLogAppender.java:timeoutAppendRequest(200)) - 5a49129c-fcc1-4df1-b4f9-e84c17474790@group-7BD41C1E26FD->a355c4c2-cbce-4d32-ac2d-5d7efcc7e61b-GrpcLogAppender: appendEntries Timeout, request=5a49129c-fcc1-4df1-b4f9-e84c17474790->a355c4c2-cbce-4d32-ac2d-5d7efcc7e61b#33-t1, previous=(t:1, i:11), leaderCommit=6, initializing? false, entries: <empty>
2019-09-11 12:40:10,824 [java.util.concurrent.ThreadPoolExecutor$Worker@7a8a8415[State = -1, empty queue]] WARN  server.GrpcLogAppender (GrpcLogAppender.java:timeoutAppendRequest(200)) - 5a49129c-fcc1-4df1-b4f9-e84c17474790@group-7BD41C1E26FD->608419ff-9e1e-46ed-b668-4d330b5fd69a-GrpcLogAppender: appendEntries Timeout, request=5a49129c-fcc1-4df1-b4f9-e84c17474790->608419ff-9e1e-46ed-b668-4d330b5fd69a#33-t1, previous=(t:1, i:11), leaderCommit=6, initializing? false, entries: <empty>
2019-09-11 12:40:10,998 [grpc-default-executor-4] INFO  client.GrpcClientProtocolClient (GrpcClientProtocolClient.java:onNext(264)) - client-2FDB34E1AA20->608419ff-9e1e-46ed-b668-4d330b5fd69a: receive RaftClientReply:client-2FDB34E1AA20->608419ff-9e1e-46ed-b668-4d330b5fd69a@group-7BD41C1E26FD, cid=16, FAILED org.apache.ratis.protocol.NotLeaderException: Server 608419ff-9e1e-46ed-b668-4d330b5fd69a@group-7BD41C1E26FD is not the leader 5a49129c-fcc1-4df1-b4f9-e84c17474790:192.168.69.81:36288, logIndex=0, commits[608419ff-9e1e-46ed-b668-4d330b5fd69a:c6, a355c4c2-cbce-4d32-ac2d-5d7efcc7e61b:c4, 5a49129c-fcc1-4df1-b4f9-e84c17474790:c6]
2019-09-11 12:40:13,325 [java.util.concurrent.ThreadPoolExecutor$Worker@82c091c[State = -1, empty queue]] WARN  server.GrpcLogAppender (GrpcLogAppender.java:timeoutAppendRequest(200)) - 5a49129c-fcc1-4df1-b4f9-e84c17474790@group-7BD41C1E26FD->a355c4c2-cbce-4d32-ac2d-5d7efcc7e61b-GrpcLogAppender: appendEntries Timeout, request=5a49129c-fcc1-4df1-b4f9-e84c17474790->a355c4c2-cbce-4d32-ac2d-5d7efcc7e61b#34-t1, previous=(t:1, i:11), leaderCommit=6, initializing? false, entries: <empty>
2019-09-11 12:40:13,325 [java.util.concurrent.ThreadPoolExecutor$Worker@7a8a8415[State = -1, empty queue]] WARN  server.GrpcLogAppender (GrpcLogAppender.java:timeoutAppendRequest(200)) - 5a49129c-fcc1-4df1-b4f9-e84c17474790@group-7BD41C1E26FD->608419ff-9e1e-46ed-b668-4d330b5fd69a-GrpcLogAppender: appendEntries Timeout, request=5a49129c-fcc1-4df1-b4f9-e84c17474790->608419ff-9e1e-46ed-b668-4d330b5fd69a#34-t1, previous=(t:1, i:11), leaderCommit=6, initializing? false, entries: <empty>
2019-09-11 12:40:15,470 [5a49129c-fcc1-4df1-b4f9-e84c17474790@group-7BD41C1E26FD-SegmentedRaftLogWorker] WARN  segmented.SegmentedRaftLogWorker (SegmentedRaftLogWorker.java:getFromFuture(90)) - Timeout 5/~
org.apache.ratis.protocol.TimeoutIOException: Timeout 10s: WriteLog:8: (t:1, i:8), STATEMACHINELOGENTRY, client-2FDB34E1AA20, cid=17-writeStateMachineData
	at org.apache.ratis.util.IOUtils.getFromFuture(IOUtils.java:87)
	at org.apache.ratis.server.raftlog.segmented.SegmentedRaftLogWorker$StateMachineDataPolicy.getFromFuture(SegmentedRaftLogWorker.java:87)
	at org.apache.ratis.server.raftlog.segmented.SegmentedRaftLogWorker$WriteLog.execute(SegmentedRaftLogWorker.java:477)
	at org.apache.ratis.server.raftlog.segmented.SegmentedRaftLogWorker.run(SegmentedRaftLogWorker.java:289)
	at java.lang.Thread.run(Thread.java:748)
Caused by: java.util.concurrent.TimeoutException
	at java.util.concurrent.CompletableFuture.timedGet(CompletableFuture.java:1771)
	at java.util.concurrent.CompletableFuture.get(CompletableFuture.java:1915)
	at org.apache.ratis.util.IOUtils.getFromFuture(IOUtils.java:79)
	... 4 more
2019-09-11 12:40:15,472 [a355c4c2-cbce-4d32-ac2d-5d7efcc7e61b@group-7BD41C1E26FD-SegmentedRaftLogWorker] WARN  segmented.SegmentedRaftLogWorker (SegmentedRaftLogWorker.java:getFromFuture(90)) - Timeout 5/~
org.apache.ratis.protocol.TimeoutIOException: Timeout 10s: WriteLog:8: (t:1, i:8), STATEMACHINELOGENTRY, client-2FDB34E1AA20, cid=17-writeStateMachineData
	at org.apache.ratis.util.IOUtils.getFromFuture(IOUtils.java:87)
	at org.apache.ratis.server.raftlog.segmented.SegmentedRaftLogWorker$StateMachineDataPolicy.getFromFuture(SegmentedRaftLogWorker.java:87)
	at org.apache.ratis.server.raftlog.segmented.SegmentedRaftLogWorker$WriteLog.execute(SegmentedRaftLogWorker.java:477)
	at org.apache.ratis.server.raftlog.segmented.SegmentedRaftLogWorker.run(SegmentedRaftLogWorker.java:289)
	at java.lang.Thread.run(Thread.java:748)
Caused by: java.util.concurrent.TimeoutException
	at java.util.concurrent.CompletableFuture.timedGet(CompletableFuture.java:1771)
	at java.util.concurrent.CompletableFuture.get(CompletableFuture.java:1915)
	at org.apache.ratis.util.IOUtils.getFromFuture(IOUtils.java:79)
	... 4 more
2019-09-11 12:40:15,474 [608419ff-9e1e-46ed-b668-4d330b5fd69a@group-7BD41C1E26FD-SegmentedRaftLogWorker] WARN  segmented.SegmentedRaftLogWorker (SegmentedRaftLogWorker.java:getFromFuture(90)) - Timeout 5/~
org.apache.ratis.protocol.TimeoutIOException: Timeout 10s: WriteLog:8: (t:1, i:8), STATEMACHINELOGENTRY, client-2FDB34E1AA20, cid=17-writeStateMachineData
	at org.apache.ratis.util.IOUtils.getFromFuture(IOUtils.java:87)
	at org.apache.ratis.server.raftlog.segmented.SegmentedRaftLogWorker$StateMachineDataPolicy.getFromFuture(SegmentedRaftLogWorker.java:87)
	at org.apache.ratis.server.raftlog.segmented.SegmentedRaftLogWorker$WriteLog.execute(SegmentedRaftLogWorker.java:477)
	at org.apache.ratis.server.raftlog.segmented.SegmentedRaftLogWorker.run(SegmentedRaftLogWorker.java:289)
	at java.lang.Thread.run(Thread.java:748)
Caused by: java.util.concurrent.TimeoutException
	at java.util.concurrent.CompletableFuture.timedGet(CompletableFuture.java:1771)
	at java.util.concurrent.CompletableFuture.get(CompletableFuture.java:1915)
	at org.apache.ratis.util.IOUtils.getFromFuture(IOUtils.java:79)
	... 4 more
2019-09-11 12:40:15,825 [java.util.concurrent.ThreadPoolExecutor$Worker@82c091c[State = -1, empty queue]] WARN  server.GrpcLogAppender (GrpcLogAppender.java:timeoutAppendRequest(200)) - 5a49129c-fcc1-4df1-b4f9-e84c17474790@group-7BD41C1E26FD->a355c4c2-cbce-4d32-ac2d-5d7efcc7e61b-GrpcLogAppender: appendEntries Timeout, request=5a49129c-fcc1-4df1-b4f9-e84c17474790->a355c4c2-cbce-4d32-ac2d-5d7efcc7e61b#35-t1, previous=(t:1, i:11), leaderCommit=6, initializing? false, entries: <empty>
2019-09-11 12:40:15,825 [java.util.concurrent.ThreadPoolExecutor$Worker@7a8a8415[State = -1, empty queue]] WARN  server.GrpcLogAppender (GrpcLogAppender.java:timeoutAppendRequest(200)) - 5a49129c-fcc1-4df1-b4f9-e84c17474790@group-7BD41C1E26FD->608419ff-9e1e-46ed-b668-4d330b5fd69a-GrpcLogAppender: appendEntries Timeout, request=5a49129c-fcc1-4df1-b4f9-e84c17474790->608419ff-9e1e-46ed-b668-4d330b5fd69a#35-t1, previous=(t:1, i:11), leaderCommit=6, initializing? false, entries: <empty>
2019-09-11 12:40:16,049 [grpc-default-executor-0] INFO  client.GrpcClientProtocolClient (GrpcClientProtocolClient.java:onNext(264)) - client-2FDB34E1AA20->a355c4c2-cbce-4d32-ac2d-5d7efcc7e61b: receive RaftClientReply:client-2FDB34E1AA20->a355c4c2-cbce-4d32-ac2d-5d7efcc7e61b@group-7BD41C1E26FD, cid=16, FAILED org.apache.ratis.protocol.NotLeaderException: Server a355c4c2-cbce-4d32-ac2d-5d7efcc7e61b@group-7BD41C1E26FD is not the leader 5a49129c-fcc1-4df1-b4f9-e84c17474790:192.168.69.81:36288, logIndex=0, commits[a355c4c2-cbce-4d32-ac2d-5d7efcc7e61b:c6, 608419ff-9e1e-46ed-b668-4d330b5fd69a:c4, 5a49129c-fcc1-4df1-b4f9-e84c17474790:c6]
2019-09-11 12:40:18,326 [java.util.concurrent.ThreadPoolExecutor$Worker@7a8a8415[State = -1, empty queue]] WARN  server.GrpcLogAppender (GrpcLogAppender.java:timeoutAppendRequest(200)) - 5a49129c-fcc1-4df1-b4f9-e84c17474790@group-7BD41C1E26FD->608419ff-9e1e-46ed-b668-4d330b5fd69a-GrpcLogAppender: appendEntries Timeout, request=5a49129c-fcc1-4df1-b4f9-e84c17474790->608419ff-9e1e-46ed-b668-4d330b5fd69a#36-t1, previous=(t:1, i:11), leaderCommit=6, initializing? false, entries: <empty>
2019-09-11 12:40:18,326 [java.util.concurrent.ThreadPoolExecutor$Worker@82c091c[State = -1, empty queue]] WARN  server.GrpcLogAppender (GrpcLogAppender.java:timeoutAppendRequest(200)) - 5a49129c-fcc1-4df1-b4f9-e84c17474790@group-7BD41C1E26FD->a355c4c2-cbce-4d32-ac2d-5d7efcc7e61b-GrpcLogAppender: appendEntries Timeout, request=5a49129c-fcc1-4df1-b4f9-e84c17474790->a355c4c2-cbce-4d32-ac2d-5d7efcc7e61b#36-t1, previous=(t:1, i:11), leaderCommit=6, initializing? false, entries: <empty>
2019-09-11 12:40:20,826 [java.util.concurrent.ThreadPoolExecutor$Worker@82c091c[State = -1, empty queue]] WARN  server.GrpcLogAppender (GrpcLogAppender.java:timeoutAppendRequest(200)) - 5a49129c-fcc1-4df1-b4f9-e84c17474790@group-7BD41C1E26FD->a355c4c2-cbce-4d32-ac2d-5d7efcc7e61b-GrpcLogAppender: appendEntries Timeout, request=5a49129c-fcc1-4df1-b4f9-e84c17474790->a355c4c2-cbce-4d32-ac2d-5d7efcc7e61b#37-t1, previous=(t:1, i:11), leaderCommit=6, initializing? false, entries: <empty>
2019-09-11 12:40:20,826 [java.util.concurrent.ThreadPoolExecutor$Worker@7a8a8415[State = -1, empty queue]] WARN  server.GrpcLogAppender (GrpcLogAppender.java:timeoutAppendRequest(200)) - 5a49129c-fcc1-4df1-b4f9-e84c17474790@group-7BD41C1E26FD->608419ff-9e1e-46ed-b668-4d330b5fd69a-GrpcLogAppender: appendEntries Timeout, request=5a49129c-fcc1-4df1-b4f9-e84c17474790->608419ff-9e1e-46ed-b668-4d330b5fd69a#37-t1, previous=(t:1, i:11), leaderCommit=6, initializing? false, entries: <empty>
2019-09-11 12:40:21,111 [grpc-default-executor-4] INFO  client.GrpcClientProtocolClient (GrpcClientProtocolClient.java:onNext(264)) - client-2FDB34E1AA20->a355c4c2-cbce-4d32-ac2d-5d7efcc7e61b: receive RaftClientReply:client-2FDB34E1AA20->a355c4c2-cbce-4d32-ac2d-5d7efcc7e61b@group-7BD41C1E26FD, cid=16, FAILED org.apache.ratis.protocol.NotLeaderException: Server a355c4c2-cbce-4d32-ac2d-5d7efcc7e61b@group-7BD41C1E26FD is not the leader 5a49129c-fcc1-4df1-b4f9-e84c17474790:192.168.69.81:36288, logIndex=0, commits[a355c4c2-cbce-4d32-ac2d-5d7efcc7e61b:c6, 608419ff-9e1e-46ed-b668-4d330b5fd69a:c4, 5a49129c-fcc1-4df1-b4f9-e84c17474790:c6]
2019-09-11 12:40:23,327 [java.util.concurrent.ThreadPoolExecutor$Worker@7a8a8415[State = -1, empty queue]] WARN  server.GrpcLogAppender (GrpcLogAppender.java:timeoutAppendRequest(200)) - 5a49129c-fcc1-4df1-b4f9-e84c17474790@group-7BD41C1E26FD->608419ff-9e1e-46ed-b668-4d330b5fd69a-GrpcLogAppender: appendEntries Timeout, request=5a49129c-fcc1-4df1-b4f9-e84c17474790->608419ff-9e1e-46ed-b668-4d330b5fd69a#38-t1, previous=(t:1, i:11), leaderCommit=6, initializing? false, entries: <empty>
2019-09-11 12:40:23,327 [java.util.concurrent.ThreadPoolExecutor$Worker@82c091c[State = -1, empty queue]] WARN  server.GrpcLogAppender (GrpcLogAppender.java:timeoutAppendRequest(200)) - 5a49129c-fcc1-4df1-b4f9-e84c17474790@group-7BD41C1E26FD->a355c4c2-cbce-4d32-ac2d-5d7efcc7e61b-GrpcLogAppender: appendEntries Timeout, request=5a49129c-fcc1-4df1-b4f9-e84c17474790->a355c4c2-cbce-4d32-ac2d-5d7efcc7e61b#38-t1, previous=(t:1, i:11), leaderCommit=6, initializing? false, entries: <empty>
2019-09-11 12:40:25,471 [5a49129c-fcc1-4df1-b4f9-e84c17474790@group-7BD41C1E26FD-SegmentedRaftLogWorker] WARN  segmented.SegmentedRaftLogWorker (SegmentedRaftLogWorker.java:getFromFuture(90)) - Timeout 6/~
org.apache.ratis.protocol.TimeoutIOException: Timeout 10s: WriteLog:8: (t:1, i:8), STATEMACHINELOGENTRY, client-2FDB34E1AA20, cid=17-writeStateMachineData
	at org.apache.ratis.util.IOUtils.getFromFuture(IOUtils.java:87)
	at org.apache.ratis.server.raftlog.segmented.SegmentedRaftLogWorker$StateMachineDataPolicy.getFromFuture(SegmentedRaftLogWorker.java:87)
	at org.apache.ratis.server.raftlog.segmented.SegmentedRaftLogWorker$WriteLog.execute(SegmentedRaftLogWorker.java:477)
	at org.apache.ratis.server.raftlog.segmented.SegmentedRaftLogWorker.run(SegmentedRaftLogWorker.java:289)
	at java.lang.Thread.run(Thread.java:748)
Caused by: java.util.concurrent.TimeoutException
	at java.util.concurrent.CompletableFuture.timedGet(CompletableFuture.java:1771)
	at java.util.concurrent.CompletableFuture.get(CompletableFuture.java:1915)
	at org.apache.ratis.util.IOUtils.getFromFuture(IOUtils.java:79)
	... 4 more
2019-09-11 12:40:25,473 [a355c4c2-cbce-4d32-ac2d-5d7efcc7e61b@group-7BD41C1E26FD-SegmentedRaftLogWorker] WARN  segmented.SegmentedRaftLogWorker (SegmentedRaftLogWorker.java:getFromFuture(90)) - Timeout 6/~
org.apache.ratis.protocol.TimeoutIOException: Timeout 10s: WriteLog:8: (t:1, i:8), STATEMACHINELOGENTRY, client-2FDB34E1AA20, cid=17-writeStateMachineData
	at org.apache.ratis.util.IOUtils.getFromFuture(IOUtils.java:87)
	at org.apache.ratis.server.raftlog.segmented.SegmentedRaftLogWorker$StateMachineDataPolicy.getFromFuture(SegmentedRaftLogWorker.java:87)
	at org.apache.ratis.server.raftlog.segmented.SegmentedRaftLogWorker$WriteLog.execute(SegmentedRaftLogWorker.java:477)
	at org.apache.ratis.server.raftlog.segmented.SegmentedRaftLogWorker.run(SegmentedRaftLogWorker.java:289)
	at java.lang.Thread.run(Thread.java:748)
Caused by: java.util.concurrent.TimeoutException
	at java.util.concurrent.CompletableFuture.timedGet(CompletableFuture.java:1771)
	at java.util.concurrent.CompletableFuture.get(CompletableFuture.java:1915)
	at org.apache.ratis.util.IOUtils.getFromFuture(IOUtils.java:79)
	... 4 more
2019-09-11 12:40:25,492 [608419ff-9e1e-46ed-b668-4d330b5fd69a@group-7BD41C1E26FD-SegmentedRaftLogWorker] WARN  segmented.SegmentedRaftLogWorker (SegmentedRaftLogWorker.java:getFromFuture(90)) - Timeout 6/~
org.apache.ratis.protocol.TimeoutIOException: Timeout 10s: WriteLog:8: (t:1, i:8), STATEMACHINELOGENTRY, client-2FDB34E1AA20, cid=17-writeStateMachineData
	at org.apache.ratis.util.IOUtils.getFromFuture(IOUtils.java:87)
	at org.apache.ratis.server.raftlog.segmented.SegmentedRaftLogWorker$StateMachineDataPolicy.getFromFuture(SegmentedRaftLogWorker.java:87)
	at org.apache.ratis.server.raftlog.segmented.SegmentedRaftLogWorker$WriteLog.execute(SegmentedRaftLogWorker.java:477)
	at org.apache.ratis.server.raftlog.segmented.SegmentedRaftLogWorker.run(SegmentedRaftLogWorker.java:289)
	at java.lang.Thread.run(Thread.java:748)
Caused by: java.util.concurrent.TimeoutException
	at java.util.concurrent.CompletableFuture.timedGet(CompletableFuture.java:1771)
	at java.util.concurrent.CompletableFuture.get(CompletableFuture.java:1915)
	at org.apache.ratis.util.IOUtils.getFromFuture(IOUtils.java:79)
	... 4 more
2019-09-11 12:40:25,828 [java.util.concurrent.ThreadPoolExecutor$Worker@82c091c[State = -1, empty queue]] WARN  server.GrpcLogAppender (GrpcLogAppender.java:timeoutAppendRequest(200)) - 5a49129c-fcc1-4df1-b4f9-e84c17474790@group-7BD41C1E26FD->a355c4c2-cbce-4d32-ac2d-5d7efcc7e61b-GrpcLogAppender: appendEntries Timeout, request=5a49129c-fcc1-4df1-b4f9-e84c17474790->a355c4c2-cbce-4d32-ac2d-5d7efcc7e61b#39-t1, previous=(t:1, i:11), leaderCommit=6, initializing? false, entries: <empty>
2019-09-11 12:40:25,828 [java.util.concurrent.ThreadPoolExecutor$Worker@7a8a8415[State = -1, empty queue]] WARN  server.GrpcLogAppender (GrpcLogAppender.java:timeoutAppendRequest(200)) - 5a49129c-fcc1-4df1-b4f9-e84c17474790@group-7BD41C1E26FD->608419ff-9e1e-46ed-b668-4d330b5fd69a-GrpcLogAppender: appendEntries Timeout, request=5a49129c-fcc1-4df1-b4f9-e84c17474790->608419ff-9e1e-46ed-b668-4d330b5fd69a#39-t1, previous=(t:1, i:11), leaderCommit=6, initializing? false, entries: <empty>
2019-09-11 12:40:26,167 [grpc-default-executor-4] INFO  client.GrpcClientProtocolClient (GrpcClientProtocolClient.java:onNext(264)) - client-2FDB34E1AA20->608419ff-9e1e-46ed-b668-4d330b5fd69a: receive RaftClientReply:client-2FDB34E1AA20->608419ff-9e1e-46ed-b668-4d330b5fd69a@group-7BD41C1E26FD, cid=16, FAILED org.apache.ratis.protocol.NotLeaderException: Server 608419ff-9e1e-46ed-b668-4d330b5fd69a@group-7BD41C1E26FD is not the leader 5a49129c-fcc1-4df1-b4f9-e84c17474790:192.168.69.81:36288, logIndex=0, commits[608419ff-9e1e-46ed-b668-4d330b5fd69a:c6, a355c4c2-cbce-4d32-ac2d-5d7efcc7e61b:c4, 5a49129c-fcc1-4df1-b4f9-e84c17474790:c6]
2019-09-11 12:40:28,328 [java.util.concurrent.ThreadPoolExecutor$Worker@82c091c[State = -1, empty queue]] WARN  server.GrpcLogAppender (GrpcLogAppender.java:timeoutAppendRequest(200)) - 5a49129c-fcc1-4df1-b4f9-e84c17474790@group-7BD41C1E26FD->a355c4c2-cbce-4d32-ac2d-5d7efcc7e61b-GrpcLogAppender: appendEntries Timeout, request=5a49129c-fcc1-4df1-b4f9-e84c17474790->a355c4c2-cbce-4d32-ac2d-5d7efcc7e61b#40-t1, previous=(t:1, i:11), leaderCommit=6, initializing? false, entries: <empty>
2019-09-11 12:40:28,329 [java.util.concurrent.ThreadPoolExecutor$Worker@7a8a8415[State = -1, empty queue]] WARN  server.GrpcLogAppender (GrpcLogAppender.java:timeoutAppendRequest(200)) - 5a49129c-fcc1-4df1-b4f9-e84c17474790@group-7BD41C1E26FD->608419ff-9e1e-46ed-b668-4d330b5fd69a-GrpcLogAppender: appendEntries Timeout, request=5a49129c-fcc1-4df1-b4f9-e84c17474790->608419ff-9e1e-46ed-b668-4d330b5fd69a#40-t1, previous=(t:1, i:11), leaderCommit=6, initializing? false, entries: <empty>
2019-09-11 12:40:30,829 [java.util.concurrent.ThreadPoolExecutor$Worker@82c091c[State = -1, empty queue]] WARN  server.GrpcLogAppender (GrpcLogAppender.java:timeoutAppendRequest(200)) - 5a49129c-fcc1-4df1-b4f9-e84c17474790@group-7BD41C1E26FD->a355c4c2-cbce-4d32-ac2d-5d7efcc7e61b-GrpcLogAppender: appendEntries Timeout, request=5a49129c-fcc1-4df1-b4f9-e84c17474790->a355c4c2-cbce-4d32-ac2d-5d7efcc7e61b#41-t1, previous=(t:1, i:11), leaderCommit=6, initializing? false, entries: <empty>
2019-09-11 12:40:30,829 [java.util.concurrent.ThreadPoolExecutor$Worker@7a8a8415[State = -1, empty queue]] WARN  server.GrpcLogAppender (GrpcLogAppender.java:timeoutAppendRequest(200)) - 5a49129c-fcc1-4df1-b4f9-e84c17474790@group-7BD41C1E26FD->608419ff-9e1e-46ed-b668-4d330b5fd69a-GrpcLogAppender: appendEntries Timeout, request=5a49129c-fcc1-4df1-b4f9-e84c17474790->608419ff-9e1e-46ed-b668-4d330b5fd69a#41-t1, previous=(t:1, i:11), leaderCommit=6, initializing? false, entries: <empty>
2019-09-11 12:40:31,233 [grpc-default-executor-4] INFO  client.GrpcClientProtocolClient (GrpcClientProtocolClient.java:onNext(264)) - client-2FDB34E1AA20->a355c4c2-cbce-4d32-ac2d-5d7efcc7e61b: receive RaftClientReply:client-2FDB34E1AA20->a355c4c2-cbce-4d32-ac2d-5d7efcc7e61b@group-7BD41C1E26FD, cid=16, FAILED org.apache.ratis.protocol.NotLeaderException: Server a355c4c2-cbce-4d32-ac2d-5d7efcc7e61b@group-7BD41C1E26FD is not the leader 5a49129c-fcc1-4df1-b4f9-e84c17474790:192.168.69.81:36288, logIndex=0, commits[a355c4c2-cbce-4d32-ac2d-5d7efcc7e61b:c6, 608419ff-9e1e-46ed-b668-4d330b5fd69a:c4, 5a49129c-fcc1-4df1-b4f9-e84c17474790:c6]
2019-09-11 12:40:33,330 [java.util.concurrent.ThreadPoolExecutor$Worker@82c091c[State = -1, empty queue]] WARN  server.GrpcLogAppender (GrpcLogAppender.java:timeoutAppendRequest(200)) - 5a49129c-fcc1-4df1-b4f9-e84c17474790@group-7BD41C1E26FD->a355c4c2-cbce-4d32-ac2d-5d7efcc7e61b-GrpcLogAppender: appendEntries Timeout, request=5a49129c-fcc1-4df1-b4f9-e84c17474790->a355c4c2-cbce-4d32-ac2d-5d7efcc7e61b#42-t1, previous=(t:1, i:11), leaderCommit=6, initializing? false, entries: <empty>
2019-09-11 12:40:33,330 [java.util.concurrent.ThreadPoolExecutor$Worker@7a8a8415[State = -1, empty queue]] WARN  server.GrpcLogAppender (GrpcLogAppender.java:timeoutAppendRequest(200)) - 5a49129c-fcc1-4df1-b4f9-e84c17474790@group-7BD41C1E26FD->608419ff-9e1e-46ed-b668-4d330b5fd69a-GrpcLogAppender: appendEntries Timeout, request=5a49129c-fcc1-4df1-b4f9-e84c17474790->608419ff-9e1e-46ed-b668-4d330b5fd69a#42-t1, previous=(t:1, i:11), leaderCommit=6, initializing? false, entries: <empty>
2019-09-11 12:40:35,472 [5a49129c-fcc1-4df1-b4f9-e84c17474790@group-7BD41C1E26FD-SegmentedRaftLogWorker] WARN  segmented.SegmentedRaftLogWorker (SegmentedRaftLogWorker.java:getFromFuture(90)) - Timeout 7/~
org.apache.ratis.protocol.TimeoutIOException: Timeout 10s: WriteLog:8: (t:1, i:8), STATEMACHINELOGENTRY, client-2FDB34E1AA20, cid=17-writeStateMachineData
	at org.apache.ratis.util.IOUtils.getFromFuture(IOUtils.java:87)
	at org.apache.ratis.server.raftlog.segmented.SegmentedRaftLogWorker$StateMachineDataPolicy.getFromFuture(SegmentedRaftLogWorker.java:87)
	at org.apache.ratis.server.raftlog.segmented.SegmentedRaftLogWorker$WriteLog.execute(SegmentedRaftLogWorker.java:477)
	at org.apache.ratis.server.raftlog.segmented.SegmentedRaftLogWorker.run(SegmentedRaftLogWorker.java:289)
	at java.lang.Thread.run(Thread.java:748)
Caused by: java.util.concurrent.TimeoutException
	at java.util.concurrent.CompletableFuture.timedGet(CompletableFuture.java:1771)
	at java.util.concurrent.CompletableFuture.get(CompletableFuture.java:1915)
	at org.apache.ratis.util.IOUtils.getFromFuture(IOUtils.java:79)
	... 4 more
2019-09-11 12:40:35,492 [a355c4c2-cbce-4d32-ac2d-5d7efcc7e61b@group-7BD41C1E26FD-SegmentedRaftLogWorker] WARN  segmented.SegmentedRaftLogWorker (SegmentedRaftLogWorker.java:getFromFuture(90)) - Timeout 7/~
org.apache.ratis.protocol.TimeoutIOException: Timeout 10s: WriteLog:8: (t:1, i:8), STATEMACHINELOGENTRY, client-2FDB34E1AA20, cid=17-writeStateMachineData
	at org.apache.ratis.util.IOUtils.getFromFuture(IOUtils.java:87)
	at org.apache.ratis.server.raftlog.segmented.SegmentedRaftLogWorker$StateMachineDataPolicy.getFromFuture(SegmentedRaftLogWorker.java:87)
	at org.apache.ratis.server.raftlog.segmented.SegmentedRaftLogWorker$WriteLog.execute(SegmentedRaftLogWorker.java:477)
	at org.apache.ratis.server.raftlog.segmented.SegmentedRaftLogWorker.run(SegmentedRaftLogWorker.java:289)
	at java.lang.Thread.run(Thread.java:748)
Caused by: java.util.concurrent.TimeoutException
	at java.util.concurrent.CompletableFuture.timedGet(CompletableFuture.java:1771)
	at java.util.concurrent.CompletableFuture.get(CompletableFuture.java:1915)
	at org.apache.ratis.util.IOUtils.getFromFuture(IOUtils.java:79)
	... 4 more
2019-09-11 12:40:35,493 [608419ff-9e1e-46ed-b668-4d330b5fd69a@group-7BD41C1E26FD-SegmentedRaftLogWorker] WARN  segmented.SegmentedRaftLogWorker (SegmentedRaftLogWorker.java:getFromFuture(90)) - Timeout 7/~
org.apache.ratis.protocol.TimeoutIOException: Timeout 10s: WriteLog:8: (t:1, i:8), STATEMACHINELOGENTRY, client-2FDB34E1AA20, cid=17-writeStateMachineData
	at org.apache.ratis.util.IOUtils.getFromFuture(IOUtils.java:87)
	at org.apache.ratis.server.raftlog.segmented.SegmentedRaftLogWorker$StateMachineDataPolicy.getFromFuture(SegmentedRaftLogWorker.java:87)
	at org.apache.ratis.server.raftlog.segmented.SegmentedRaftLogWorker$WriteLog.execute(SegmentedRaftLogWorker.java:477)
	at org.apache.ratis.server.raftlog.segmented.SegmentedRaftLogWorker.run(SegmentedRaftLogWorker.java:289)
	at java.lang.Thread.run(Thread.java:748)
Caused by: java.util.concurrent.TimeoutException
	at java.util.concurrent.CompletableFuture.timedGet(CompletableFuture.java:1771)
	at java.util.concurrent.CompletableFuture.get(CompletableFuture.java:1915)
	at org.apache.ratis.util.IOUtils.getFromFuture(IOUtils.java:79)
	... 4 more
2019-09-11 12:40:35,831 [java.util.concurrent.ThreadPoolExecutor$Worker@82c091c[State = -1, empty queue]] WARN  server.GrpcLogAppender (GrpcLogAppender.java:timeoutAppendRequest(200)) - 5a49129c-fcc1-4df1-b4f9-e84c17474790@group-7BD41C1E26FD->a355c4c2-cbce-4d32-ac2d-5d7efcc7e61b-GrpcLogAppender: appendEntries Timeout, request=5a49129c-fcc1-4df1-b4f9-e84c17474790->a355c4c2-cbce-4d32-ac2d-5d7efcc7e61b#43-t1, previous=(t:1, i:11), leaderCommit=6, initializing? false, entries: <empty>
2019-09-11 12:40:35,831 [java.util.concurrent.ThreadPoolExecutor$Worker@7a8a8415[State = -1, empty queue]] WARN  server.GrpcLogAppender (GrpcLogAppender.java:timeoutAppendRequest(200)) - 5a49129c-fcc1-4df1-b4f9-e84c17474790@group-7BD41C1E26FD->608419ff-9e1e-46ed-b668-4d330b5fd69a-GrpcLogAppender: appendEntries Timeout, request=5a49129c-fcc1-4df1-b4f9-e84c17474790->608419ff-9e1e-46ed-b668-4d330b5fd69a#43-t1, previous=(t:1, i:11), leaderCommit=6, initializing? false, entries: <empty>
2019-09-11 12:40:36,293 [grpc-default-executor-0] INFO  client.GrpcClientProtocolClient (GrpcClientProtocolClient.java:onNext(264)) - client-2FDB34E1AA20->a355c4c2-cbce-4d32-ac2d-5d7efcc7e61b: receive RaftClientReply:client-2FDB34E1AA20->a355c4c2-cbce-4d32-ac2d-5d7efcc7e61b@group-7BD41C1E26FD, cid=16, FAILED org.apache.ratis.protocol.NotLeaderException: Server a355c4c2-cbce-4d32-ac2d-5d7efcc7e61b@group-7BD41C1E26FD is not the leader 5a49129c-fcc1-4df1-b4f9-e84c17474790:192.168.69.81:36288, logIndex=0, commits[a355c4c2-cbce-4d32-ac2d-5d7efcc7e61b:c6, 608419ff-9e1e-46ed-b668-4d330b5fd69a:c4, 5a49129c-fcc1-4df1-b4f9-e84c17474790:c6]
2019-09-11 12:40:38,331 [java.util.concurrent.ThreadPoolExecutor$Worker@7a8a8415[State = -1, empty queue]] WARN  server.GrpcLogAppender (GrpcLogAppender.java:timeoutAppendRequest(200)) - 5a49129c-fcc1-4df1-b4f9-e84c17474790@group-7BD41C1E26FD->608419ff-9e1e-46ed-b668-4d330b5fd69a-GrpcLogAppender: appendEntries Timeout, request=5a49129c-fcc1-4df1-b4f9-e84c17474790->608419ff-9e1e-46ed-b668-4d330b5fd69a#44-t1, previous=(t:1, i:11), leaderCommit=6, initializing? false, entries: <empty>
2019-09-11 12:40:38,331 [java.util.concurrent.ThreadPoolExecutor$Worker@82c091c[State = -1, empty queue]] WARN  server.GrpcLogAppender (GrpcLogAppender.java:timeoutAppendRequest(200)) - 5a49129c-fcc1-4df1-b4f9-e84c17474790@group-7BD41C1E26FD->a355c4c2-cbce-4d32-ac2d-5d7efcc7e61b-GrpcLogAppender: appendEntries Timeout, request=5a49129c-fcc1-4df1-b4f9-e84c17474790->a355c4c2-cbce-4d32-ac2d-5d7efcc7e61b#44-t1, previous=(t:1, i:11), leaderCommit=6, initializing? false, entries: <empty>
2019-09-11 12:40:40,832 [java.util.concurrent.ThreadPoolExecutor$Worker@82c091c[State = -1, empty queue]] WARN  server.GrpcLogAppender (GrpcLogAppender.java:timeoutAppendRequest(200)) - 5a49129c-fcc1-4df1-b4f9-e84c17474790@group-7BD41C1E26FD->a355c4c2-cbce-4d32-ac2d-5d7efcc7e61b-GrpcLogAppender: appendEntries Timeout, request=5a49129c-fcc1-4df1-b4f9-e84c17474790->a355c4c2-cbce-4d32-ac2d-5d7efcc7e61b#45-t1, previous=(t:1, i:11), leaderCommit=6, initializing? false, entries: <empty>
2019-09-11 12:40:40,832 [java.util.concurrent.ThreadPoolExecutor$Worker@7a8a8415[State = -1, empty queue]] WARN  server.GrpcLogAppender (GrpcLogAppender.java:timeoutAppendRequest(200)) - 5a49129c-fcc1-4df1-b4f9-e84c17474790@group-7BD41C1E26FD->608419ff-9e1e-46ed-b668-4d330b5fd69a-GrpcLogAppender: appendEntries Timeout, request=5a49129c-fcc1-4df1-b4f9-e84c17474790->608419ff-9e1e-46ed-b668-4d330b5fd69a#45-t1, previous=(t:1, i:11), leaderCommit=6, initializing? false, entries: <empty>
2019-09-11 12:40:41,370 [grpc-default-executor-0] INFO  client.GrpcClientProtocolClient (GrpcClientProtocolClient.java:onNext(264)) - client-2FDB34E1AA20->608419ff-9e1e-46ed-b668-4d330b5fd69a: receive RaftClientReply:client-2FDB34E1AA20->608419ff-9e1e-46ed-b668-4d330b5fd69a@group-7BD41C1E26FD, cid=16, FAILED org.apache.ratis.protocol.NotLeaderException: Server 608419ff-9e1e-46ed-b668-4d330b5fd69a@group-7BD41C1E26FD is not the leader 5a49129c-fcc1-4df1-b4f9-e84c17474790:192.168.69.81:36288, logIndex=0, commits[608419ff-9e1e-46ed-b668-4d330b5fd69a:c6, a355c4c2-cbce-4d32-ac2d-5d7efcc7e61b:c4, 5a49129c-fcc1-4df1-b4f9-e84c17474790:c6]
2019-09-11 12:40:43,333 [java.util.concurrent.ThreadPoolExecutor$Worker@82c091c[State = -1, empty queue]] WARN  server.GrpcLogAppender (GrpcLogAppender.java:timeoutAppendRequest(200)) - 5a49129c-fcc1-4df1-b4f9-e84c17474790@group-7BD41C1E26FD->a355c4c2-cbce-4d32-ac2d-5d7efcc7e61b-GrpcLogAppender: appendEntries Timeout, request=5a49129c-fcc1-4df1-b4f9-e84c17474790->a355c4c2-cbce-4d32-ac2d-5d7efcc7e61b#46-t1, previous=(t:1, i:11), leaderCommit=6, initializing? false, entries: <empty>
2019-09-11 12:40:43,333 [java.util.concurrent.ThreadPoolExecutor$Worker@7a8a8415[State = -1, empty queue]] WARN  server.GrpcLogAppender (GrpcLogAppender.java:timeoutAppendRequest(200)) - 5a49129c-fcc1-4df1-b4f9-e84c17474790@group-7BD41C1E26FD->608419ff-9e1e-46ed-b668-4d330b5fd69a-GrpcLogAppender: appendEntries Timeout, request=5a49129c-fcc1-4df1-b4f9-e84c17474790->608419ff-9e1e-46ed-b668-4d330b5fd69a#46-t1, previous=(t:1, i:11), leaderCommit=6, initializing? false, entries: <empty>
2019-09-11 12:40:45,473 [5a49129c-fcc1-4df1-b4f9-e84c17474790@group-7BD41C1E26FD-SegmentedRaftLogWorker] WARN  segmented.SegmentedRaftLogWorker (SegmentedRaftLogWorker.java:getFromFuture(90)) - Timeout 8/~
org.apache.ratis.protocol.TimeoutIOException: Timeout 10s: WriteLog:8: (t:1, i:8), STATEMACHINELOGENTRY, client-2FDB34E1AA20, cid=17-writeStateMachineData
	at org.apache.ratis.util.IOUtils.getFromFuture(IOUtils.java:87)
	at org.apache.ratis.server.raftlog.segmented.SegmentedRaftLogWorker$StateMachineDataPolicy.getFromFuture(SegmentedRaftLogWorker.java:87)
	at org.apache.ratis.server.raftlog.segmented.SegmentedRaftLogWorker$WriteLog.execute(SegmentedRaftLogWorker.java:477)
	at org.apache.ratis.server.raftlog.segmented.SegmentedRaftLogWorker.run(SegmentedRaftLogWorker.java:289)
	at java.lang.Thread.run(Thread.java:748)
Caused by: java.util.concurrent.TimeoutException
	at java.util.concurrent.CompletableFuture.timedGet(CompletableFuture.java:1771)
	at java.util.concurrent.CompletableFuture.get(CompletableFuture.java:1915)
	at org.apache.ratis.util.IOUtils.getFromFuture(IOUtils.java:79)
	... 4 more
2019-09-11 12:40:45,493 [a355c4c2-cbce-4d32-ac2d-5d7efcc7e61b@group-7BD41C1E26FD-SegmentedRaftLogWorker] WARN  segmented.SegmentedRaftLogWorker (SegmentedRaftLogWorker.java:getFromFuture(90)) - Timeout 8/~
org.apache.ratis.protocol.TimeoutIOException: Timeout 10s: WriteLog:8: (t:1, i:8), STATEMACHINELOGENTRY, client-2FDB34E1AA20, cid=17-writeStateMachineData
	at org.apache.ratis.util.IOUtils.getFromFuture(IOUtils.java:87)
	at org.apache.ratis.server.raftlog.segmented.SegmentedRaftLogWorker$StateMachineDataPolicy.getFromFuture(SegmentedRaftLogWorker.java:87)
	at org.apache.ratis.server.raftlog.segmented.SegmentedRaftLogWorker$WriteLog.execute(SegmentedRaftLogWorker.java:477)
	at org.apache.ratis.server.raftlog.segmented.SegmentedRaftLogWorker.run(SegmentedRaftLogWorker.java:289)
	at java.lang.Thread.run(Thread.java:748)
Caused by: java.util.concurrent.TimeoutException
	at java.util.concurrent.CompletableFuture.timedGet(CompletableFuture.java:1771)
	at java.util.concurrent.CompletableFuture.get(CompletableFuture.java:1915)
	at org.apache.ratis.util.IOUtils.getFromFuture(IOUtils.java:79)
	... 4 more
2019-09-11 12:40:45,494 [608419ff-9e1e-46ed-b668-4d330b5fd69a@group-7BD41C1E26FD-SegmentedRaftLogWorker] WARN  segmented.SegmentedRaftLogWorker (SegmentedRaftLogWorker.java:getFromFuture(90)) - Timeout 8/~
org.apache.ratis.protocol.TimeoutIOException: Timeout 10s: WriteLog:8: (t:1, i:8), STATEMACHINELOGENTRY, client-2FDB34E1AA20, cid=17-writeStateMachineData
	at org.apache.ratis.util.IOUtils.getFromFuture(IOUtils.java:87)
	at org.apache.ratis.server.raftlog.segmented.SegmentedRaftLogWorker$StateMachineDataPolicy.getFromFuture(SegmentedRaftLogWorker.java:87)
	at org.apache.ratis.server.raftlog.segmented.SegmentedRaftLogWorker$WriteLog.execute(SegmentedRaftLogWorker.java:477)
	at org.apache.ratis.server.raftlog.segmented.SegmentedRaftLogWorker.run(SegmentedRaftLogWorker.java:289)
	at java.lang.Thread.run(Thread.java:748)
Caused by: java.util.concurrent.TimeoutException
	at java.util.concurrent.CompletableFuture.timedGet(CompletableFuture.java:1771)
	at java.util.concurrent.CompletableFuture.get(CompletableFuture.java:1915)
	at org.apache.ratis.util.IOUtils.getFromFuture(IOUtils.java:79)
	... 4 more
2019-09-11 12:40:45,834 [java.util.concurrent.ThreadPoolExecutor$Worker@7a8a8415[State = -1, empty queue]] WARN  server.GrpcLogAppender (GrpcLogAppender.java:timeoutAppendRequest(200)) - 5a49129c-fcc1-4df1-b4f9-e84c17474790@group-7BD41C1E26FD->608419ff-9e1e-46ed-b668-4d330b5fd69a-GrpcLogAppender: appendEntries Timeout, request=5a49129c-fcc1-4df1-b4f9-e84c17474790->608419ff-9e1e-46ed-b668-4d330b5fd69a#47-t1, previous=(t:1, i:11), leaderCommit=6, initializing? false, entries: <empty>
2019-09-11 12:40:45,834 [java.util.concurrent.ThreadPoolExecutor$Worker@82c091c[State = -1, empty queue]] WARN  server.GrpcLogAppender (GrpcLogAppender.java:timeoutAppendRequest(200)) - 5a49129c-fcc1-4df1-b4f9-e84c17474790@group-7BD41C1E26FD->a355c4c2-cbce-4d32-ac2d-5d7efcc7e61b-GrpcLogAppender: appendEntries Timeout, request=5a49129c-fcc1-4df1-b4f9-e84c17474790->a355c4c2-cbce-4d32-ac2d-5d7efcc7e61b#47-t1, previous=(t:1, i:11), leaderCommit=6, initializing? false, entries: <empty>
2019-09-11 12:40:46,426 [grpc-default-executor-0] INFO  client.GrpcClientProtocolClient (GrpcClientProtocolClient.java:onNext(264)) - client-2FDB34E1AA20->608419ff-9e1e-46ed-b668-4d330b5fd69a: receive RaftClientReply:client-2FDB34E1AA20->608419ff-9e1e-46ed-b668-4d330b5fd69a@group-7BD41C1E26FD, cid=16, FAILED org.apache.ratis.protocol.NotLeaderException: Server 608419ff-9e1e-46ed-b668-4d330b5fd69a@group-7BD41C1E26FD is not the leader 5a49129c-fcc1-4df1-b4f9-e84c17474790:192.168.69.81:36288, logIndex=0, commits[608419ff-9e1e-46ed-b668-4d330b5fd69a:c6, a355c4c2-cbce-4d32-ac2d-5d7efcc7e61b:c4, 5a49129c-fcc1-4df1-b4f9-e84c17474790:c6]
2019-09-11 12:40:48,334 [java.util.concurrent.ThreadPoolExecutor$Worker@82c091c[State = -1, empty queue]] WARN  server.GrpcLogAppender (GrpcLogAppender.java:timeoutAppendRequest(200)) - 5a49129c-fcc1-4df1-b4f9-e84c17474790@group-7BD41C1E26FD->a355c4c2-cbce-4d32-ac2d-5d7efcc7e61b-GrpcLogAppender: appendEntries Timeout, request=5a49129c-fcc1-4df1-b4f9-e84c17474790->a355c4c2-cbce-4d32-ac2d-5d7efcc7e61b#48-t1, previous=(t:1, i:11), leaderCommit=6, initializing? false, entries: <empty>
2019-09-11 12:40:48,334 [java.util.concurrent.ThreadPoolExecutor$Worker@7a8a8415[State = -1, empty queue]] WARN  server.GrpcLogAppender (GrpcLogAppender.java:timeoutAppendRequest(200)) - 5a49129c-fcc1-4df1-b4f9-e84c17474790@group-7BD41C1E26FD->608419ff-9e1e-46ed-b668-4d330b5fd69a-GrpcLogAppender: appendEntries Timeout, request=5a49129c-fcc1-4df1-b4f9-e84c17474790->608419ff-9e1e-46ed-b668-4d330b5fd69a#48-t1, previous=(t:1, i:11), leaderCommit=6, initializing? false, entries: <empty>
2019-09-11 12:40:50,835 [java.util.concurrent.ThreadPoolExecutor$Worker@82c091c[State = -1, empty queue]] WARN  server.GrpcLogAppender (GrpcLogAppender.java:timeoutAppendRequest(200)) - 5a49129c-fcc1-4df1-b4f9-e84c17474790@group-7BD41C1E26FD->a355c4c2-cbce-4d32-ac2d-5d7efcc7e61b-GrpcLogAppender: appendEntries Timeout, request=5a49129c-fcc1-4df1-b4f9-e84c17474790->a355c4c2-cbce-4d32-ac2d-5d7efcc7e61b#49-t1, previous=(t:1, i:11), leaderCommit=6, initializing? false, entries: <empty>
2019-09-11 12:40:50,835 [java.util.concurrent.ThreadPoolExecutor$Worker@7a8a8415[State = -1, empty queue]] WARN  server.GrpcLogAppender (GrpcLogAppender.java:timeoutAppendRequest(200)) - 5a49129c-fcc1-4df1-b4f9-e84c17474790@group-7BD41C1E26FD->608419ff-9e1e-46ed-b668-4d330b5fd69a-GrpcLogAppender: appendEntries Timeout, request=5a49129c-fcc1-4df1-b4f9-e84c17474790->608419ff-9e1e-46ed-b668-4d330b5fd69a#49-t1, previous=(t:1, i:11), leaderCommit=6, initializing? false, entries: <empty>
2019-09-11 12:40:51,476 [grpc-default-executor-0] INFO  client.GrpcClientProtocolClient (GrpcClientProtocolClient.java:onNext(264)) - client-2FDB34E1AA20->a355c4c2-cbce-4d32-ac2d-5d7efcc7e61b: receive RaftClientReply:client-2FDB34E1AA20->a355c4c2-cbce-4d32-ac2d-5d7efcc7e61b@group-7BD41C1E26FD, cid=16, FAILED org.apache.ratis.protocol.NotLeaderException: Server a355c4c2-cbce-4d32-ac2d-5d7efcc7e61b@group-7BD41C1E26FD is not the leader 5a49129c-fcc1-4df1-b4f9-e84c17474790:192.168.69.81:36288, logIndex=0, commits[a355c4c2-cbce-4d32-ac2d-5d7efcc7e61b:c6, 608419ff-9e1e-46ed-b668-4d330b5fd69a:c4, 5a49129c-fcc1-4df1-b4f9-e84c17474790:c6]
2019-09-11 12:40:53,336 [java.util.concurrent.ThreadPoolExecutor$Worker@82c091c[State = -1, empty queue]] WARN  server.GrpcLogAppender (GrpcLogAppender.java:timeoutAppendRequest(200)) - 5a49129c-fcc1-4df1-b4f9-e84c17474790@group-7BD41C1E26FD->a355c4c2-cbce-4d32-ac2d-5d7efcc7e61b-GrpcLogAppender: appendEntries Timeout, request=5a49129c-fcc1-4df1-b4f9-e84c17474790->a355c4c2-cbce-4d32-ac2d-5d7efcc7e61b#50-t1, previous=(t:1, i:11), leaderCommit=6, initializing? false, entries: <empty>
2019-09-11 12:40:53,336 [java.util.concurrent.ThreadPoolExecutor$Worker@7a8a8415[State = -1, empty queue]] WARN  server.GrpcLogAppender (GrpcLogAppender.java:timeoutAppendRequest(200)) - 5a49129c-fcc1-4df1-b4f9-e84c17474790@group-7BD41C1E26FD->608419ff-9e1e-46ed-b668-4d330b5fd69a-GrpcLogAppender: appendEntries Timeout, request=5a49129c-fcc1-4df1-b4f9-e84c17474790->608419ff-9e1e-46ed-b668-4d330b5fd69a#50-t1, previous=(t:1, i:11), leaderCommit=6, initializing? false, entries: <empty>
2019-09-11 12:40:55,475 [5a49129c-fcc1-4df1-b4f9-e84c17474790@group-7BD41C1E26FD-SegmentedRaftLogWorker] WARN  segmented.SegmentedRaftLogWorker (SegmentedRaftLogWorker.java:getFromFuture(90)) - Timeout 9/~
org.apache.ratis.protocol.TimeoutIOException: Timeout 10s: WriteLog:8: (t:1, i:8), STATEMACHINELOGENTRY, client-2FDB34E1AA20, cid=17-writeStateMachineData
	at org.apache.ratis.util.IOUtils.getFromFuture(IOUtils.java:87)
	at org.apache.ratis.server.raftlog.segmented.SegmentedRaftLogWorker$StateMachineDataPolicy.getFromFuture(SegmentedRaftLogWorker.java:87)
	at org.apache.ratis.server.raftlog.segmented.SegmentedRaftLogWorker$WriteLog.execute(SegmentedRaftLogWorker.java:477)
	at org.apache.ratis.server.raftlog.segmented.SegmentedRaftLogWorker.run(SegmentedRaftLogWorker.java:289)
	at java.lang.Thread.run(Thread.java:748)
Caused by: java.util.concurrent.TimeoutException
	at java.util.concurrent.CompletableFuture.timedGet(CompletableFuture.java:1771)
	at java.util.concurrent.CompletableFuture.get(CompletableFuture.java:1915)
	at org.apache.ratis.util.IOUtils.getFromFuture(IOUtils.java:79)
	... 4 more
2019-09-11 12:40:55,500 [608419ff-9e1e-46ed-b668-4d330b5fd69a@group-7BD41C1E26FD-SegmentedRaftLogWorker] WARN  segmented.SegmentedRaftLogWorker (SegmentedRaftLogWorker.java:getFromFuture(90)) - Timeout 9/~
org.apache.ratis.protocol.TimeoutIOException: Timeout 10s: WriteLog:8: (t:1, i:8), STATEMACHINELOGENTRY, client-2FDB34E1AA20, cid=17-writeStateMachineData
	at org.apache.ratis.util.IOUtils.getFromFuture(IOUtils.java:87)
	at org.apache.ratis.server.raftlog.segmented.SegmentedRaftLogWorker$StateMachineDataPolicy.getFromFuture(SegmentedRaftLogWorker.java:87)
	at org.apache.ratis.server.raftlog.segmented.SegmentedRaftLogWorker$WriteLog.execute(SegmentedRaftLogWorker.java:477)
	at org.apache.ratis.server.raftlog.segmented.SegmentedRaftLogWorker.run(SegmentedRaftLogWorker.java:289)
	at java.lang.Thread.run(Thread.java:748)
Caused by: java.util.concurrent.TimeoutException
	at java.util.concurrent.CompletableFuture.timedGet(CompletableFuture.java:1771)
	at java.util.concurrent.CompletableFuture.get(CompletableFuture.java:1915)
	at org.apache.ratis.util.IOUtils.getFromFuture(IOUtils.java:79)
	... 4 more
2019-09-11 12:40:55,500 [a355c4c2-cbce-4d32-ac2d-5d7efcc7e61b@group-7BD41C1E26FD-SegmentedRaftLogWorker] WARN  segmented.SegmentedRaftLogWorker (SegmentedRaftLogWorker.java:getFromFuture(90)) - Timeout 9/~
org.apache.ratis.protocol.TimeoutIOException: Timeout 10s: WriteLog:8: (t:1, i:8), STATEMACHINELOGENTRY, client-2FDB34E1AA20, cid=17-writeStateMachineData
	at org.apache.ratis.util.IOUtils.getFromFuture(IOUtils.java:87)
	at org.apache.ratis.server.raftlog.segmented.SegmentedRaftLogWorker$StateMachineDataPolicy.getFromFuture(SegmentedRaftLogWorker.java:87)
	at org.apache.ratis.server.raftlog.segmented.SegmentedRaftLogWorker$WriteLog.execute(SegmentedRaftLogWorker.java:477)
	at org.apache.ratis.server.raftlog.segmented.SegmentedRaftLogWorker.run(SegmentedRaftLogWorker.java:289)
	at java.lang.Thread.run(Thread.java:748)
Caused by: java.util.concurrent.TimeoutException
	at java.util.concurrent.CompletableFuture.timedGet(CompletableFuture.java:1771)
	at java.util.concurrent.CompletableFuture.get(CompletableFuture.java:1915)
	at org.apache.ratis.util.IOUtils.getFromFuture(IOUtils.java:79)
	... 4 more
2019-09-11 12:40:55,837 [java.util.concurrent.ThreadPoolExecutor$Worker@82c091c[State = -1, empty queue]] WARN  server.GrpcLogAppender (GrpcLogAppender.java:timeoutAppendRequest(200)) - 5a49129c-fcc1-4df1-b4f9-e84c17474790@group-7BD41C1E26FD->a355c4c2-cbce-4d32-ac2d-5d7efcc7e61b-GrpcLogAppender: appendEntries Timeout, request=5a49129c-fcc1-4df1-b4f9-e84c17474790->a355c4c2-cbce-4d32-ac2d-5d7efcc7e61b#51-t1, previous=(t:1, i:11), leaderCommit=6, initializing? false, entries: <empty>
2019-09-11 12:40:55,837 [java.util.concurrent.ThreadPoolExecutor$Worker@7a8a8415[State = -1, empty queue]] WARN  server.GrpcLogAppender (GrpcLogAppender.java:timeoutAppendRequest(200)) - 5a49129c-fcc1-4df1-b4f9-e84c17474790@group-7BD41C1E26FD->608419ff-9e1e-46ed-b668-4d330b5fd69a-GrpcLogAppender: appendEntries Timeout, request=5a49129c-fcc1-4df1-b4f9-e84c17474790->608419ff-9e1e-46ed-b668-4d330b5fd69a#51-t1, previous=(t:1, i:11), leaderCommit=6, initializing? false, entries: <empty>
2019-09-11 12:40:56,527 [grpc-default-executor-0] INFO  client.GrpcClientProtocolClient (GrpcClientProtocolClient.java:onNext(264)) - client-2FDB34E1AA20->608419ff-9e1e-46ed-b668-4d330b5fd69a: receive RaftClientReply:client-2FDB34E1AA20->608419ff-9e1e-46ed-b668-4d330b5fd69a@group-7BD41C1E26FD, cid=16, FAILED org.apache.ratis.protocol.NotLeaderException: Server 608419ff-9e1e-46ed-b668-4d330b5fd69a@group-7BD41C1E26FD is not the leader 5a49129c-fcc1-4df1-b4f9-e84c17474790:192.168.69.81:36288, logIndex=0, commits[608419ff-9e1e-46ed-b668-4d330b5fd69a:c6, a355c4c2-cbce-4d32-ac2d-5d7efcc7e61b:c4, 5a49129c-fcc1-4df1-b4f9-e84c17474790:c6]
2019-09-11 12:40:58,338 [java.util.concurrent.ThreadPoolExecutor$Worker@82c091c[State = -1, empty queue]] WARN  server.GrpcLogAppender (GrpcLogAppender.java:timeoutAppendRequest(200)) - 5a49129c-fcc1-4df1-b4f9-e84c17474790@group-7BD41C1E26FD->a355c4c2-cbce-4d32-ac2d-5d7efcc7e61b-GrpcLogAppender: appendEntries Timeout, request=5a49129c-fcc1-4df1-b4f9-e84c17474790->a355c4c2-cbce-4d32-ac2d-5d7efcc7e61b#52-t1, previous=(t:1, i:11), leaderCommit=6, initializing? false, entries: <empty>
2019-09-11 12:40:58,338 [java.util.concurrent.ThreadPoolExecutor$Worker@7a8a8415[State = -1, empty queue]] WARN  server.GrpcLogAppender (GrpcLogAppender.java:timeoutAppendRequest(200)) - 5a49129c-fcc1-4df1-b4f9-e84c17474790@group-7BD41C1E26FD->608419ff-9e1e-46ed-b668-4d330b5fd69a-GrpcLogAppender: appendEntries Timeout, request=5a49129c-fcc1-4df1-b4f9-e84c17474790->608419ff-9e1e-46ed-b668-4d330b5fd69a#52-t1, previous=(t:1, i:11), leaderCommit=6, initializing? false, entries: <empty>
2019-09-11 12:41:00,839 [java.util.concurrent.ThreadPoolExecutor$Worker@82c091c[State = -1, empty queue]] WARN  server.GrpcLogAppender (GrpcLogAppender.java:timeoutAppendRequest(200)) - 5a49129c-fcc1-4df1-b4f9-e84c17474790@group-7BD41C1E26FD->a355c4c2-cbce-4d32-ac2d-5d7efcc7e61b-GrpcLogAppender: appendEntries Timeout, request=5a49129c-fcc1-4df1-b4f9-e84c17474790->a355c4c2-cbce-4d32-ac2d-5d7efcc7e61b#53-t1, previous=(t:1, i:11), leaderCommit=6, initializing? false, entries: <empty>
2019-09-11 12:41:00,839 [java.util.concurrent.ThreadPoolExecutor$Worker@7a8a8415[State = -1, empty queue]] WARN  server.GrpcLogAppender (GrpcLogAppender.java:timeoutAppendRequest(200)) - 5a49129c-fcc1-4df1-b4f9-e84c17474790@group-7BD41C1E26FD->608419ff-9e1e-46ed-b668-4d330b5fd69a-GrpcLogAppender: appendEntries Timeout, request=5a49129c-fcc1-4df1-b4f9-e84c17474790->608419ff-9e1e-46ed-b668-4d330b5fd69a#53-t1, previous=(t:1, i:11), leaderCommit=6, initializing? false, entries: <empty>
2019-09-11 12:41:01,578 [grpc-default-executor-4] INFO  client.GrpcClientProtocolClient (GrpcClientProtocolClient.java:onNext(264)) - client-2FDB34E1AA20->a355c4c2-cbce-4d32-ac2d-5d7efcc7e61b: receive RaftClientReply:client-2FDB34E1AA20->a355c4c2-cbce-4d32-ac2d-5d7efcc7e61b@group-7BD41C1E26FD, cid=16, FAILED org.apache.ratis.protocol.NotLeaderException: Server a355c4c2-cbce-4d32-ac2d-5d7efcc7e61b@group-7BD41C1E26FD is not the leader 5a49129c-fcc1-4df1-b4f9-e84c17474790:192.168.69.81:36288, logIndex=0, commits[a355c4c2-cbce-4d32-ac2d-5d7efcc7e61b:c6, 608419ff-9e1e-46ed-b668-4d330b5fd69a:c4, 5a49129c-fcc1-4df1-b4f9-e84c17474790:c6]
2019-09-11 12:41:03,339 [java.util.concurrent.ThreadPoolExecutor$Worker@7a8a8415[State = -1, empty queue]] WARN  server.GrpcLogAppender (GrpcLogAppender.java:timeoutAppendRequest(200)) - 5a49129c-fcc1-4df1-b4f9-e84c17474790@group-7BD41C1E26FD->608419ff-9e1e-46ed-b668-4d330b5fd69a-GrpcLogAppender: appendEntries Timeout, request=5a49129c-fcc1-4df1-b4f9-e84c17474790->608419ff-9e1e-46ed-b668-4d330b5fd69a#54-t1, previous=(t:1, i:11), leaderCommit=6, initializing? false, entries: <empty>
2019-09-11 12:41:03,339 [java.util.concurrent.ThreadPoolExecutor$Worker@82c091c[State = -1, empty queue]] WARN  server.GrpcLogAppender (GrpcLogAppender.java:timeoutAppendRequest(200)) - 5a49129c-fcc1-4df1-b4f9-e84c17474790@group-7BD41C1E26FD->a355c4c2-cbce-4d32-ac2d-5d7efcc7e61b-GrpcLogAppender: appendEntries Timeout, request=5a49129c-fcc1-4df1-b4f9-e84c17474790->a355c4c2-cbce-4d32-ac2d-5d7efcc7e61b#54-t1, previous=(t:1, i:11), leaderCommit=6, initializing? false, entries: <empty>
2019-09-11 12:41:05,476 [5a49129c-fcc1-4df1-b4f9-e84c17474790@group-7BD41C1E26FD-SegmentedRaftLogWorker] WARN  segmented.SegmentedRaftLogWorker (SegmentedRaftLogWorker.java:getFromFuture(90)) - Timeout 10/~
org.apache.ratis.protocol.TimeoutIOException: Timeout 10s: WriteLog:8: (t:1, i:8), STATEMACHINELOGENTRY, client-2FDB34E1AA20, cid=17-writeStateMachineData
	at org.apache.ratis.util.IOUtils.getFromFuture(IOUtils.java:87)
	at org.apache.ratis.server.raftlog.segmented.SegmentedRaftLogWorker$StateMachineDataPolicy.getFromFuture(SegmentedRaftLogWorker.java:87)
	at org.apache.ratis.server.raftlog.segmented.SegmentedRaftLogWorker$WriteLog.execute(SegmentedRaftLogWorker.java:477)
	at org.apache.ratis.server.raftlog.segmented.SegmentedRaftLogWorker.run(SegmentedRaftLogWorker.java:289)
	at java.lang.Thread.run(Thread.java:748)
Caused by: java.util.concurrent.TimeoutException
	at java.util.concurrent.CompletableFuture.timedGet(CompletableFuture.java:1771)
	at java.util.concurrent.CompletableFuture.get(CompletableFuture.java:1915)
	at org.apache.ratis.util.IOUtils.getFromFuture(IOUtils.java:79)
	... 4 more
2019-09-11 12:41:05,501 [608419ff-9e1e-46ed-b668-4d330b5fd69a@group-7BD41C1E26FD-SegmentedRaftLogWorker] WARN  segmented.SegmentedRaftLogWorker (SegmentedRaftLogWorker.java:getFromFuture(90)) - Timeout 10/~
org.apache.ratis.protocol.TimeoutIOException: Timeout 10s: WriteLog:8: (t:1, i:8), STATEMACHINELOGENTRY, client-2FDB34E1AA20, cid=17-writeStateMachineData
	at org.apache.ratis.util.IOUtils.getFromFuture(IOUtils.java:87)
	at org.apache.ratis.server.raftlog.segmented.SegmentedRaftLogWorker$StateMachineDataPolicy.getFromFuture(SegmentedRaftLogWorker.java:87)
	at org.apache.ratis.server.raftlog.segmented.SegmentedRaftLogWorker$WriteLog.execute(SegmentedRaftLogWorker.java:477)
	at org.apache.ratis.server.raftlog.segmented.SegmentedRaftLogWorker.run(SegmentedRaftLogWorker.java:289)
	at java.lang.Thread.run(Thread.java:748)
Caused by: java.util.concurrent.TimeoutException
	at java.util.concurrent.CompletableFuture.timedGet(CompletableFuture.java:1771)
	at java.util.concurrent.CompletableFuture.get(CompletableFuture.java:1915)
	at org.apache.ratis.util.IOUtils.getFromFuture(IOUtils.java:79)
	... 4 more
2019-09-11 12:41:05,501 [a355c4c2-cbce-4d32-ac2d-5d7efcc7e61b@group-7BD41C1E26FD-SegmentedRaftLogWorker] WARN  segmented.SegmentedRaftLogWorker (SegmentedRaftLogWorker.java:getFromFuture(90)) - Timeout 10/~
org.apache.ratis.protocol.TimeoutIOException: Timeout 10s: WriteLog:8: (t:1, i:8), STATEMACHINELOGENTRY, client-2FDB34E1AA20, cid=17-writeStateMachineData
	at org.apache.ratis.util.IOUtils.getFromFuture(IOUtils.java:87)
	at org.apache.ratis.server.raftlog.segmented.SegmentedRaftLogWorker$StateMachineDataPolicy.getFromFuture(SegmentedRaftLogWorker.java:87)
	at org.apache.ratis.server.raftlog.segmented.SegmentedRaftLogWorker$WriteLog.execute(SegmentedRaftLogWorker.java:477)
	at org.apache.ratis.server.raftlog.segmented.SegmentedRaftLogWorker.run(SegmentedRaftLogWorker.java:289)
	at java.lang.Thread.run(Thread.java:748)
Caused by: java.util.concurrent.TimeoutException
	at java.util.concurrent.CompletableFuture.timedGet(CompletableFuture.java:1771)
	at java.util.concurrent.CompletableFuture.get(CompletableFuture.java:1915)
	at org.apache.ratis.util.IOUtils.getFromFuture(IOUtils.java:79)
	... 4 more
2019-09-11 12:41:05,840 [java.util.concurrent.ThreadPoolExecutor$Worker@7a8a8415[State = -1, empty queue]] WARN  server.GrpcLogAppender (GrpcLogAppender.java:timeoutAppendRequest(200)) - 5a49129c-fcc1-4df1-b4f9-e84c17474790@group-7BD41C1E26FD->608419ff-9e1e-46ed-b668-4d330b5fd69a-GrpcLogAppender: appendEntries Timeout, request=5a49129c-fcc1-4df1-b4f9-e84c17474790->608419ff-9e1e-46ed-b668-4d330b5fd69a#55-t1, previous=(t:1, i:11), leaderCommit=6, initializing? false, entries: <empty>
2019-09-11 12:41:05,840 [java.util.concurrent.ThreadPoolExecutor$Worker@82c091c[State = -1, empty queue]] WARN  server.GrpcLogAppender (GrpcLogAppender.java:timeoutAppendRequest(200)) - 5a49129c-fcc1-4df1-b4f9-e84c17474790@group-7BD41C1E26FD->a355c4c2-cbce-4d32-ac2d-5d7efcc7e61b-GrpcLogAppender: appendEntries Timeout, request=5a49129c-fcc1-4df1-b4f9-e84c17474790->a355c4c2-cbce-4d32-ac2d-5d7efcc7e61b#55-t1, previous=(t:1, i:11), leaderCommit=6, initializing? false, entries: <empty>
2019-09-11 12:41:06,636 [grpc-default-executor-4] INFO  client.GrpcClientProtocolClient (GrpcClientProtocolClient.java:onNext(264)) - client-2FDB34E1AA20->a355c4c2-cbce-4d32-ac2d-5d7efcc7e61b: receive RaftClientReply:client-2FDB34E1AA20->a355c4c2-cbce-4d32-ac2d-5d7efcc7e61b@group-7BD41C1E26FD, cid=16, FAILED org.apache.ratis.protocol.NotLeaderException: Server a355c4c2-cbce-4d32-ac2d-5d7efcc7e61b@group-7BD41C1E26FD is not the leader 5a49129c-fcc1-4df1-b4f9-e84c17474790:192.168.69.81:36288, logIndex=0, commits[a355c4c2-cbce-4d32-ac2d-5d7efcc7e61b:c6, 608419ff-9e1e-46ed-b668-4d330b5fd69a:c4, 5a49129c-fcc1-4df1-b4f9-e84c17474790:c6]
2019-09-11 12:41:08,340 [java.util.concurrent.ThreadPoolExecutor$Worker@7a8a8415[State = -1, empty queue]] WARN  server.GrpcLogAppender (GrpcLogAppender.java:timeoutAppendRequest(200)) - 5a49129c-fcc1-4df1-b4f9-e84c17474790@group-7BD41C1E26FD->608419ff-9e1e-46ed-b668-4d330b5fd69a-GrpcLogAppender: appendEntries Timeout, request=5a49129c-fcc1-4df1-b4f9-e84c17474790->608419ff-9e1e-46ed-b668-4d330b5fd69a#56-t1, previous=(t:1, i:11), leaderCommit=6, initializing? false, entries: <empty>
2019-09-11 12:41:08,340 [java.util.concurrent.ThreadPoolExecutor$Worker@82c091c[State = -1, empty queue]] WARN  server.GrpcLogAppender (GrpcLogAppender.java:timeoutAppendRequest(200)) - 5a49129c-fcc1-4df1-b4f9-e84c17474790@group-7BD41C1E26FD->a355c4c2-cbce-4d32-ac2d-5d7efcc7e61b-GrpcLogAppender: appendEntries Timeout, request=5a49129c-fcc1-4df1-b4f9-e84c17474790->a355c4c2-cbce-4d32-ac2d-5d7efcc7e61b#56-t1, previous=(t:1, i:11), leaderCommit=6, initializing? false, entries: <empty>
2019-09-11 12:41:10,841 [java.util.concurrent.ThreadPoolExecutor$Worker@7a8a8415[State = -1, empty queue]] WARN  server.GrpcLogAppender (GrpcLogAppender.java:timeoutAppendRequest(200)) - 5a49129c-fcc1-4df1-b4f9-e84c17474790@group-7BD41C1E26FD->608419ff-9e1e-46ed-b668-4d330b5fd69a-GrpcLogAppender: appendEntries Timeout, request=5a49129c-fcc1-4df1-b4f9-e84c17474790->608419ff-9e1e-46ed-b668-4d330b5fd69a#57-t1, previous=(t:1, i:11), leaderCommit=6, initializing? false, entries: <empty>
2019-09-11 12:41:10,841 [java.util.concurrent.ThreadPoolExecutor$Worker@82c091c[State = -1, empty queue]] WARN  server.GrpcLogAppender (GrpcLogAppender.java:timeoutAppendRequest(200)) - 5a49129c-fcc1-4df1-b4f9-e84c17474790@group-7BD41C1E26FD->a355c4c2-cbce-4d32-ac2d-5d7efcc7e61b-GrpcLogAppender: appendEntries Timeout, request=5a49129c-fcc1-4df1-b4f9-e84c17474790->a355c4c2-cbce-4d32-ac2d-5d7efcc7e61b#57-t1, previous=(t:1, i:11), leaderCommit=6, initializing? false, entries: <empty>
2019-09-11 12:41:11,689 [grpc-default-executor-4] INFO  client.GrpcClientProtocolClient (GrpcClientProtocolClient.java:onNext(264)) - client-2FDB34E1AA20->608419ff-9e1e-46ed-b668-4d330b5fd69a: receive RaftClientReply:client-2FDB34E1AA20->608419ff-9e1e-46ed-b668-4d330b5fd69a@group-7BD41C1E26FD, cid=16, FAILED org.apache.ratis.protocol.NotLeaderException: Server 608419ff-9e1e-46ed-b668-4d330b5fd69a@group-7BD41C1E26FD is not the leader 5a49129c-fcc1-4df1-b4f9-e84c17474790:192.168.69.81:36288, logIndex=0, commits[608419ff-9e1e-46ed-b668-4d330b5fd69a:c6, a355c4c2-cbce-4d32-ac2d-5d7efcc7e61b:c4, 5a49129c-fcc1-4df1-b4f9-e84c17474790:c6]
2019-09-11 12:41:13,341 [java.util.concurrent.ThreadPoolExecutor$Worker@82c091c[State = -1, empty queue]] WARN  server.GrpcLogAppender (GrpcLogAppender.java:timeoutAppendRequest(200)) - 5a49129c-fcc1-4df1-b4f9-e84c17474790@group-7BD41C1E26FD->a355c4c2-cbce-4d32-ac2d-5d7efcc7e61b-GrpcLogAppender: appendEntries Timeout, request=5a49129c-fcc1-4df1-b4f9-e84c17474790->a355c4c2-cbce-4d32-ac2d-5d7efcc7e61b#58-t1, previous=(t:1, i:11), leaderCommit=6, initializing? false, entries: <empty>
2019-09-11 12:41:13,341 [java.util.concurrent.ThreadPoolExecutor$Worker@7a8a8415[State = -1, empty queue]] WARN  server.GrpcLogAppender (GrpcLogAppender.java:timeoutAppendRequest(200)) - 5a49129c-fcc1-4df1-b4f9-e84c17474790@group-7BD41C1E26FD->608419ff-9e1e-46ed-b668-4d330b5fd69a-GrpcLogAppender: appendEntries Timeout, request=5a49129c-fcc1-4df1-b4f9-e84c17474790->608419ff-9e1e-46ed-b668-4d330b5fd69a#58-t1, previous=(t:1, i:11), leaderCommit=6, initializing? false, entries: <empty>
2019-09-11 12:41:15,381 [org.apache.ratis.server.impl.LogAppender$AppenderDaemon$$Lambda$485/1842952795@1973b645] ERROR ratis.XceiverServerRatis (XceiverServerRatis.java:triggerPipelineClose(568)) - pipeline Action CLOSE  on pipeline PipelineID=21608d1a-2997-47fb-85ec-7bd41c1e26fd.Reason : 5a49129c-fcc1-4df1-b4f9-e84c17474790 has not seen follower/s a355c4c2-cbce-4d32-ac2d-5d7efcc7e61b for 120397ms 608419ff-9e1e-46ed-b668-4d330b5fd69a for 120397ms
2019-09-11 12:41:15,381 [org.apache.ratis.server.impl.LogAppender$AppenderDaemon$$Lambda$485/1842952795@1ad30ca5] ERROR ratis.XceiverServerRatis (XceiverServerRatis.java:triggerPipelineClose(568)) - pipeline Action CLOSE  on pipeline PipelineID=21608d1a-2997-47fb-85ec-7bd41c1e26fd.Reason : 5a49129c-fcc1-4df1-b4f9-e84c17474790 has not seen follower/s a355c4c2-cbce-4d32-ac2d-5d7efcc7e61b for 120397ms 608419ff-9e1e-46ed-b668-4d330b5fd69a for 120397ms
2019-09-11 12:41:15,471 [EventQueue-PipelineActionsForPipelineActionHandler] ERROR pipeline.PipelineActionHandler (PipelineActionHandler.java:onMessage(60)) - Received pipeline action CLOSE for Pipeline[ Id: 21608d1a-2997-47fb-85ec-7bd41c1e26fd, Nodes: a355c4c2-cbce-4d32-ac2d-5d7efcc7e61b{ip: 192.168.69.81, host: pr-hdds-2109-6lgm5-4208394744, networkLocation: /default-rack, certSerialId: null}608419ff-9e1e-46ed-b668-4d330b5fd69a{ip: 192.168.69.81, host: pr-hdds-2109-6lgm5-4208394744, networkLocation: /default-rack, certSerialId: null}5a49129c-fcc1-4df1-b4f9-e84c17474790{ip: 192.168.69.81, host: pr-hdds-2109-6lgm5-4208394744, networkLocation: /default-rack, certSerialId: null}, Type:RATIS, Factor:THREE, State:OPEN] from datanode 5a49129c-fcc1-4df1-b4f9-e84c17474790{ip: 192.168.69.81, host: pr-hdds-2109-6lgm5-4208394744, networkLocation: /default-rack, certSerialId: null}. Reason : 5a49129c-fcc1-4df1-b4f9-e84c17474790 has not seen follower/s a355c4c2-cbce-4d32-ac2d-5d7efcc7e61b for 120397ms 608419ff-9e1e-46ed-b668-4d330b5fd69a for 120397ms
2019-09-11 12:41:15,471 [EventQueue-PipelineActionsForPipelineActionHandler] INFO  pipeline.SCMPipelineManager (SCMPipelineManager.java:finalizeAndDestroyPipeline(311)) - destroying pipeline:Pipeline[ Id: 21608d1a-2997-47fb-85ec-7bd41c1e26fd, Nodes: a355c4c2-cbce-4d32-ac2d-5d7efcc7e61b{ip: 192.168.69.81, host: pr-hdds-2109-6lgm5-4208394744, networkLocation: /default-rack, certSerialId: null}608419ff-9e1e-46ed-b668-4d330b5fd69a{ip: 192.168.69.81, host: pr-hdds-2109-6lgm5-4208394744, networkLocation: /default-rack, certSerialId: null}5a49129c-fcc1-4df1-b4f9-e84c17474790{ip: 192.168.69.81, host: pr-hdds-2109-6lgm5-4208394744, networkLocation: /default-rack, certSerialId: null}, Type:RATIS, Factor:THREE, State:OPEN]
2019-09-11 12:41:15,472 [EventQueue-PipelineActionsForPipelineActionHandler] INFO  pipeline.PipelineStateManager (PipelineStateManager.java:finalizePipeline(123)) - Pipeline Pipeline[ Id: 21608d1a-2997-47fb-85ec-7bd41c1e26fd, Nodes: a355c4c2-cbce-4d32-ac2d-5d7efcc7e61b{ip: 192.168.69.81, host: pr-hdds-2109-6lgm5-4208394744, networkLocation: /default-rack, certSerialId: null}608419ff-9e1e-46ed-b668-4d330b5fd69a{ip: 192.168.69.81, host: pr-hdds-2109-6lgm5-4208394744, networkLocation: /default-rack, certSerialId: null}5a49129c-fcc1-4df1-b4f9-e84c17474790{ip: 192.168.69.81, host: pr-hdds-2109-6lgm5-4208394744, networkLocation: /default-rack, certSerialId: null}, Type:RATIS, Factor:THREE, State:CLOSED] moved to CLOSED state
2019-09-11 12:41:15,475 [EventQueue-CloseContainerForCloseContainerEventHandler] INFO  container.CloseContainerEventHandler (CloseContainerEventHandler.java:onMessage(61)) - Close container Event triggered for container : #1
2019-09-11 12:41:15,477 [5a49129c-fcc1-4df1-b4f9-e84c17474790@group-7BD41C1E26FD-SegmentedRaftLogWorker] WARN  segmented.SegmentedRaftLogWorker (SegmentedRaftLogWorker.java:getFromFuture(90)) - Timeout 11/~
org.apache.ratis.protocol.TimeoutIOException: Timeout 10s: WriteLog:8: (t:1, i:8), STATEMACHINELOGENTRY, client-2FDB34E1AA20, cid=17-writeStateMachineData
	at org.apache.ratis.util.IOUtils.getFromFuture(IOUtils.java:87)
	at org.apache.ratis.server.raftlog.segmented.SegmentedRaftLogWorker$StateMachineDataPolicy.getFromFuture(SegmentedRaftLogWorker.java:87)
	at org.apache.ratis.server.raftlog.segmented.SegmentedRaftLogWorker$WriteLog.execute(SegmentedRaftLogWorker.java:477)
	at org.apache.ratis.server.raftlog.segmented.SegmentedRaftLogWorker.run(SegmentedRaftLogWorker.java:289)
	at java.lang.Thread.run(Thread.java:748)
Caused by: java.util.concurrent.TimeoutException
	at java.util.concurrent.CompletableFuture.timedGet(CompletableFuture.java:1771)
	at java.util.concurrent.CompletableFuture.get(CompletableFuture.java:1915)
	at org.apache.ratis.util.IOUtils.getFromFuture(IOUtils.java:79)
	... 4 more
2019-09-11 12:41:15,488 [EventQueue-CloseContainerForCloseContainerEventHandler] INFO  container.CloseContainerEventHandler (CloseContainerEventHandler.java:onMessage(61)) - Close container Event triggered for container : #2
2019-09-11 12:41:15,502 [608419ff-9e1e-46ed-b668-4d330b5fd69a@group-7BD41C1E26FD-SegmentedRaftLogWorker] WARN  segmented.SegmentedRaftLogWorker (SegmentedRaftLogWorker.java:getFromFuture(90)) - Timeout 11/~
org.apache.ratis.protocol.TimeoutIOException: Timeout 10s: WriteLog:8: (t:1, i:8), STATEMACHINELOGENTRY, client-2FDB34E1AA20, cid=17-writeStateMachineData
	at org.apache.ratis.util.IOUtils.getFromFuture(IOUtils.java:87)
	at org.apache.ratis.server.raftlog.segmented.SegmentedRaftLogWorker$StateMachineDataPolicy.getFromFuture(SegmentedRaftLogWorker.java:87)
	at org.apache.ratis.server.raftlog.segmented.SegmentedRaftLogWorker$WriteLog.execute(SegmentedRaftLogWorker.java:477)
	at org.apache.ratis.server.raftlog.segmented.SegmentedRaftLogWorker.run(SegmentedRaftLogWorker.java:289)
	at java.lang.Thread.run(Thread.java:748)
Caused by: java.util.concurrent.TimeoutException
	at java.util.concurrent.CompletableFuture.timedGet(CompletableFuture.java:1771)
	at java.util.concurrent.CompletableFuture.get(CompletableFuture.java:1915)
	at org.apache.ratis.util.IOUtils.getFromFuture(IOUtils.java:79)
	... 4 more
2019-09-11 12:41:15,502 [a355c4c2-cbce-4d32-ac2d-5d7efcc7e61b@group-7BD41C1E26FD-SegmentedRaftLogWorker] WARN  segmented.SegmentedRaftLogWorker (SegmentedRaftLogWorker.java:getFromFuture(90)) - Timeout 11/~
org.apache.ratis.protocol.TimeoutIOException: Timeout 10s: WriteLog:8: (t:1, i:8), STATEMACHINELOGENTRY, client-2FDB34E1AA20, cid=17-writeStateMachineData
	at org.apache.ratis.util.IOUtils.getFromFuture(IOUtils.java:87)
	at org.apache.ratis.server.raftlog.segmented.SegmentedRaftLogWorker$StateMachineDataPolicy.getFromFuture(SegmentedRaftLogWorker.java:87)
	at org.apache.ratis.server.raftlog.segmented.SegmentedRaftLogWorker$WriteLog.execute(SegmentedRaftLogWorker.java:477)
	at org.apache.ratis.server.raftlog.segmented.SegmentedRaftLogWorker.run(SegmentedRaftLogWorker.java:289)
	at java.lang.Thread.run(Thread.java:748)
Caused by: java.util.concurrent.TimeoutException
	at java.util.concurrent.CompletableFuture.timedGet(CompletableFuture.java:1771)
	at java.util.concurrent.CompletableFuture.get(CompletableFuture.java:1915)
	at org.apache.ratis.util.IOUtils.getFromFuture(IOUtils.java:79)
	... 4 more
2019-09-11 12:41:15,842 [java.util.concurrent.ThreadPoolExecutor$Worker@82c091c[State = -1, empty queue]] WARN  server.GrpcLogAppender (GrpcLogAppender.java:timeoutAppendRequest(200)) - 5a49129c-fcc1-4df1-b4f9-e84c17474790@group-7BD41C1E26FD->a355c4c2-cbce-4d32-ac2d-5d7efcc7e61b-GrpcLogAppender: appendEntries Timeout, request=5a49129c-fcc1-4df1-b4f9-e84c17474790->a355c4c2-cbce-4d32-ac2d-5d7efcc7e61b#59-t1, previous=(t:1, i:11), leaderCommit=6, initializing? false, entries: <empty>
2019-09-11 12:41:15,842 [java.util.concurrent.ThreadPoolExecutor$Worker@7a8a8415[State = -1, empty queue]] WARN  server.GrpcLogAppender (GrpcLogAppender.java:timeoutAppendRequest(200)) - 5a49129c-fcc1-4df1-b4f9-e84c17474790@group-7BD41C1E26FD->608419ff-9e1e-46ed-b668-4d330b5fd69a-GrpcLogAppender: appendEntries Timeout, request=5a49129c-fcc1-4df1-b4f9-e84c17474790->608419ff-9e1e-46ed-b668-4d330b5fd69a#59-t1, previous=(t:1, i:11), leaderCommit=6, initializing? false, entries: <empty>
2019-09-11 12:41:16,727 [grpc-default-executor-0] INFO  client.GrpcClientProtocolClient (GrpcClientProtocolClient.java:onNext(264)) - client-2FDB34E1AA20->a355c4c2-cbce-4d32-ac2d-5d7efcc7e61b: receive RaftClientReply:client-2FDB34E1AA20->a355c4c2-cbce-4d32-ac2d-5d7efcc7e61b@group-7BD41C1E26FD, cid=16, FAILED org.apache.ratis.protocol.NotLeaderException: Server a355c4c2-cbce-4d32-ac2d-5d7efcc7e61b@group-7BD41C1E26FD is not the leader 5a49129c-fcc1-4df1-b4f9-e84c17474790:192.168.69.81:36288, logIndex=0, commits[a355c4c2-cbce-4d32-ac2d-5d7efcc7e61b:c6, 608419ff-9e1e-46ed-b668-4d330b5fd69a:c4, 5a49129c-fcc1-4df1-b4f9-e84c17474790:c6]
2019-09-11 12:41:17,499 [org.apache.ratis.server.impl.LogAppender$AppenderDaemon$$Lambda$485/1842952795@1ad30ca5] ERROR ratis.XceiverServerRatis (XceiverServerRatis.java:triggerPipelineClose(568)) - pipeline Action CLOSE  on pipeline PipelineID=21608d1a-2997-47fb-85ec-7bd41c1e26fd.Reason : 5a49129c-fcc1-4df1-b4f9-e84c17474790 has not seen follower/s a355c4c2-cbce-4d32-ac2d-5d7efcc7e61b for 122532ms 608419ff-9e1e-46ed-b668-4d330b5fd69a for 122529ms
2019-09-11 12:41:17,499 [org.apache.ratis.server.impl.LogAppender$AppenderDaemon$$Lambda$485/1842952795@1973b645] ERROR ratis.XceiverServerRatis (XceiverServerRatis.java:triggerPipelineClose(568)) - pipeline Action CLOSE  on pipeline PipelineID=21608d1a-2997-47fb-85ec-7bd41c1e26fd.Reason : 5a49129c-fcc1-4df1-b4f9-e84c17474790 has not seen follower/s a355c4c2-cbce-4d32-ac2d-5d7efcc7e61b for 122532ms 608419ff-9e1e-46ed-b668-4d330b5fd69a for 122529ms
2019-09-11 12:41:18,342 [java.util.concurrent.ThreadPoolExecutor$Worker@82c091c[State = -1, empty queue]] WARN  server.GrpcLogAppender (GrpcLogAppender.java:timeoutAppendRequest(200)) - 5a49129c-fcc1-4df1-b4f9-e84c17474790@group-7BD41C1E26FD->a355c4c2-cbce-4d32-ac2d-5d7efcc7e61b-GrpcLogAppender: appendEntries Timeout, request=5a49129c-fcc1-4df1-b4f9-e84c17474790->a355c4c2-cbce-4d32-ac2d-5d7efcc7e61b#60-t1, previous=(t:1, i:11), leaderCommit=6, initializing? false, entries: <empty>
2019-09-11 12:41:18,342 [java.util.concurrent.ThreadPoolExecutor$Worker@7a8a8415[State = -1, empty queue]] WARN  server.GrpcLogAppender (GrpcLogAppender.java:timeoutAppendRequest(200)) - 5a49129c-fcc1-4df1-b4f9-e84c17474790@group-7BD41C1E26FD->608419ff-9e1e-46ed-b668-4d330b5fd69a-GrpcLogAppender: appendEntries Timeout, request=5a49129c-fcc1-4df1-b4f9-e84c17474790->608419ff-9e1e-46ed-b668-4d330b5fd69a#60-t1, previous=(t:1, i:11), leaderCommit=6, initializing? false, entries: <empty>
2019-09-11 12:41:18,495 [EventQueue-PipelineActionsForPipelineActionHandler] ERROR pipeline.PipelineActionHandler (PipelineActionHandler.java:onMessage(60)) - Received pipeline action CLOSE for Pipeline[ Id: 21608d1a-2997-47fb-85ec-7bd41c1e26fd, Nodes: a355c4c2-cbce-4d32-ac2d-5d7efcc7e61b{ip: 192.168.69.81, host: pr-hdds-2109-6lgm5-4208394744, networkLocation: /default-rack, certSerialId: null}608419ff-9e1e-46ed-b668-4d330b5fd69a{ip: 192.168.69.81, host: pr-hdds-2109-6lgm5-4208394744, networkLocation: /default-rack, certSerialId: null}5a49129c-fcc1-4df1-b4f9-e84c17474790{ip: 192.168.69.81, host: pr-hdds-2109-6lgm5-4208394744, networkLocation: /default-rack, certSerialId: null}, Type:RATIS, Factor:THREE, State:CLOSED] from datanode 5a49129c-fcc1-4df1-b4f9-e84c17474790{ip: 192.168.69.81, host: pr-hdds-2109-6lgm5-4208394744, networkLocation: /default-rack, certSerialId: null}. Reason : 5a49129c-fcc1-4df1-b4f9-e84c17474790 has not seen follower/s a355c4c2-cbce-4d32-ac2d-5d7efcc7e61b for 122532ms 608419ff-9e1e-46ed-b668-4d330b5fd69a for 122529ms
2019-09-11 12:41:18,496 [EventQueue-PipelineActionsForPipelineActionHandler] INFO  pipeline.SCMPipelineManager (SCMPipelineManager.java:finalizeAndDestroyPipeline(311)) - destroying pipeline:Pipeline[ Id: 21608d1a-2997-47fb-85ec-7bd41c1e26fd, Nodes: a355c4c2-cbce-4d32-ac2d-5d7efcc7e61b{ip: 192.168.69.81, host: pr-hdds-2109-6lgm5-4208394744, networkLocation: /default-rack, certSerialId: null}608419ff-9e1e-46ed-b668-4d330b5fd69a{ip: 192.168.69.81, host: pr-hdds-2109-6lgm5-4208394744, networkLocation: /default-rack, certSerialId: null}5a49129c-fcc1-4df1-b4f9-e84c17474790{ip: 192.168.69.81, host: pr-hdds-2109-6lgm5-4208394744, networkLocation: /default-rack, certSerialId: null}, Type:RATIS, Factor:THREE, State:CLOSED]
2019-09-11 12:41:20,000 [org.apache.ratis.server.impl.LogAppender$AppenderDaemon$$Lambda$485/1842952795@1ad30ca5] ERROR ratis.XceiverServerRatis (XceiverServerRatis.java:triggerPipelineClose(568)) - pipeline Action CLOSE  on pipeline PipelineID=21608d1a-2997-47fb-85ec-7bd41c1e26fd.Reason : 5a49129c-fcc1-4df1-b4f9-e84c17474790 has not seen follower/s a355c4c2-cbce-4d32-ac2d-5d7efcc7e61b for 125033ms 608419ff-9e1e-46ed-b668-4d330b5fd69a for 125030ms
2019-09-11 12:41:20,003 [org.apache.ratis.server.impl.LogAppender$AppenderDaemon$$Lambda$485/1842952795@1973b645] ERROR ratis.XceiverServerRatis (XceiverServerRatis.java:triggerPipelineClose(568)) - pipeline Action CLOSE  on pipeline PipelineID=21608d1a-2997-47fb-85ec-7bd41c1e26fd.Reason : 5a49129c-fcc1-4df1-b4f9-e84c17474790 has not seen follower/s a355c4c2-cbce-4d32-ac2d-5d7efcc7e61b for 125036ms 608419ff-9e1e-46ed-b668-4d330b5fd69a for 125033ms
2019-09-11 12:41:20,523 [java.util.concurrent.ThreadPoolExecutor$Worker@7a8a8415[State = -1, empty queue]] WARN  server.GrpcLogAppender (GrpcLogAppender.java:timeoutAppendRequest(200)) - 5a49129c-fcc1-4df1-b4f9-e84c17474790@group-7BD41C1E26FD->608419ff-9e1e-46ed-b668-4d330b5fd69a-GrpcLogAppender: appendEntries Timeout, request=5a49129c-fcc1-4df1-b4f9-e84c17474790->608419ff-9e1e-46ed-b668-4d330b5fd69a#61-t1, previous=(t:1, i:11), leaderCommit=6, initializing? false, entries: size=1, first=(t:1, i:12), STATEMACHINELOGENTRY, client-0A3F4F77B937, cid=0
2019-09-11 12:41:20,523 [java.util.concurrent.ThreadPoolExecutor$Worker@82c091c[State = -1, empty queue]] WARN  server.GrpcLogAppender (GrpcLogAppender.java:timeoutAppendRequest(200)) - 5a49129c-fcc1-4df1-b4f9-e84c17474790@group-7BD41C1E26FD->a355c4c2-cbce-4d32-ac2d-5d7efcc7e61b-GrpcLogAppender: appendEntries Timeout, request=5a49129c-fcc1-4df1-b4f9-e84c17474790->a355c4c2-cbce-4d32-ac2d-5d7efcc7e61b#61-t1, previous=(t:1, i:11), leaderCommit=6, initializing? false, entries: size=1, first=(t:1, i:12), STATEMACHINELOGENTRY, client-0A3F4F77B937, cid=0
2019-09-11 12:41:20,524 [EventQueue-PipelineActionsForPipelineActionHandler] ERROR pipeline.PipelineActionHandler (PipelineActionHandler.java:onMessage(60)) - Received pipeline action CLOSE for Pipeline[ Id: 21608d1a-2997-47fb-85ec-7bd41c1e26fd, Nodes: a355c4c2-cbce-4d32-ac2d-5d7efcc7e61b{ip: 192.168.69.81, host: pr-hdds-2109-6lgm5-4208394744, networkLocation: /default-rack, certSerialId: null}608419ff-9e1e-46ed-b668-4d330b5fd69a{ip: 192.168.69.81, host: pr-hdds-2109-6lgm5-4208394744, networkLocation: /default-rack, certSerialId: null}5a49129c-fcc1-4df1-b4f9-e84c17474790{ip: 192.168.69.81, host: pr-hdds-2109-6lgm5-4208394744, networkLocation: /default-rack, certSerialId: null}, Type:RATIS, Factor:THREE, State:CLOSED] from datanode 5a49129c-fcc1-4df1-b4f9-e84c17474790{ip: 192.168.69.81, host: pr-hdds-2109-6lgm5-4208394744, networkLocation: /default-rack, certSerialId: null}. Reason : 5a49129c-fcc1-4df1-b4f9-e84c17474790 has not seen follower/s a355c4c2-cbce-4d32-ac2d-5d7efcc7e61b for 125033ms 608419ff-9e1e-46ed-b668-4d330b5fd69a for 125030ms
2019-09-11 12:41:20,539 [EventQueue-PipelineActionsForPipelineActionHandler] INFO  pipeline.SCMPipelineManager (SCMPipelineManager.java:finalizeAndDestroyPipeline(311)) - destroying pipeline:Pipeline[ Id: 21608d1a-2997-47fb-85ec-7bd41c1e26fd, Nodes: a355c4c2-cbce-4d32-ac2d-5d7efcc7e61b{ip: 192.168.69.81, host: pr-hdds-2109-6lgm5-4208394744, networkLocation: /default-rack, certSerialId: null}608419ff-9e1e-46ed-b668-4d330b5fd69a{ip: 192.168.69.81, host: pr-hdds-2109-6lgm5-4208394744, networkLocation: /default-rack, certSerialId: null}5a49129c-fcc1-4df1-b4f9-e84c17474790{ip: 192.168.69.81, host: pr-hdds-2109-6lgm5-4208394744, networkLocation: /default-rack, certSerialId: null}, Type:RATIS, Factor:THREE, State:CLOSED]
2019-09-11 12:41:21,775 [grpc-default-executor-4] INFO  client.GrpcClientProtocolClient (GrpcClientProtocolClient.java:onNext(264)) - client-2FDB34E1AA20->608419ff-9e1e-46ed-b668-4d330b5fd69a: receive RaftClientReply:client-2FDB34E1AA20->608419ff-9e1e-46ed-b668-4d330b5fd69a@group-7BD41C1E26FD, cid=16, FAILED org.apache.ratis.protocol.NotLeaderException: Server 608419ff-9e1e-46ed-b668-4d330b5fd69a@group-7BD41C1E26FD is not the leader 5a49129c-fcc1-4df1-b4f9-e84c17474790:192.168.69.81:36288, logIndex=0, commits[608419ff-9e1e-46ed-b668-4d330b5fd69a:c6, a355c4c2-cbce-4d32-ac2d-5d7efcc7e61b:c4, 5a49129c-fcc1-4df1-b4f9-e84c17474790:c6]
2019-09-11 12:41:22,501 [org.apache.ratis.server.impl.LogAppender$AppenderDaemon$$Lambda$485/1842952795@1ad30ca5] ERROR ratis.XceiverServerRatis (XceiverServerRatis.java:triggerPipelineClose(568)) - pipeline Action CLOSE  on pipeline PipelineID=21608d1a-2997-47fb-85ec-7bd41c1e26fd.Reason : 5a49129c-fcc1-4df1-b4f9-e84c17474790 has not seen follower/s a355c4c2-cbce-4d32-ac2d-5d7efcc7e61b for 127534ms 608419ff-9e1e-46ed-b668-4d330b5fd69a for 127531ms
2019-09-11 12:41:22,505 [org.apache.ratis.server.impl.LogAppender$AppenderDaemon$$Lambda$485/1842952795@1973b645] ERROR ratis.XceiverServerRatis (XceiverServerRatis.java:triggerPipelineClose(568)) - pipeline Action CLOSE  on pipeline PipelineID=21608d1a-2997-47fb-85ec-7bd41c1e26fd.Reason : 5a49129c-fcc1-4df1-b4f9-e84c17474790 has not seen follower/s a355c4c2-cbce-4d32-ac2d-5d7efcc7e61b for 127538ms 608419ff-9e1e-46ed-b668-4d330b5fd69a for 127535ms
2019-09-11 12:41:22,525 [EventQueue-PipelineActionsForPipelineActionHandler] ERROR pipeline.PipelineActionHandler (PipelineActionHandler.java:onMessage(60)) - Received pipeline action CLOSE for Pipeline[ Id: 21608d1a-2997-47fb-85ec-7bd41c1e26fd, Nodes: a355c4c2-cbce-4d32-ac2d-5d7efcc7e61b{ip: 192.168.69.81, host: pr-hdds-2109-6lgm5-4208394744, networkLocation: /default-rack, certSerialId: null}608419ff-9e1e-46ed-b668-4d330b5fd69a{ip: 192.168.69.81, host: pr-hdds-2109-6lgm5-4208394744, networkLocation: /default-rack, certSerialId: null}5a49129c-fcc1-4df1-b4f9-e84c17474790{ip: 192.168.69.81, host: pr-hdds-2109-6lgm5-4208394744, networkLocation: /default-rack, certSerialId: null}, Type:RATIS, Factor:THREE, State:CLOSED] from datanode 5a49129c-fcc1-4df1-b4f9-e84c17474790{ip: 192.168.69.81, host: pr-hdds-2109-6lgm5-4208394744, networkLocation: /default-rack, certSerialId: null}. Reason : 5a49129c-fcc1-4df1-b4f9-e84c17474790 has not seen follower/s a355c4c2-cbce-4d32-ac2d-5d7efcc7e61b for 127534ms 608419ff-9e1e-46ed-b668-4d330b5fd69a for 127531ms
2019-09-11 12:41:22,525 [EventQueue-PipelineActionsForPipelineActionHandler] INFO  pipeline.SCMPipelineManager (SCMPipelineManager.java:finalizeAndDestroyPipeline(311)) - destroying pipeline:Pipeline[ Id: 21608d1a-2997-47fb-85ec-7bd41c1e26fd, Nodes: a355c4c2-cbce-4d32-ac2d-5d7efcc7e61b{ip: 192.168.69.81, host: pr-hdds-2109-6lgm5-4208394744, networkLocation: /default-rack, certSerialId: null}608419ff-9e1e-46ed-b668-4d330b5fd69a{ip: 192.168.69.81, host: pr-hdds-2109-6lgm5-4208394744, networkLocation: /default-rack, certSerialId: null}5a49129c-fcc1-4df1-b4f9-e84c17474790{ip: 192.168.69.81, host: pr-hdds-2109-6lgm5-4208394744, networkLocation: /default-rack, certSerialId: null}, Type:RATIS, Factor:THREE, State:CLOSED]
2019-09-11 12:41:23,000 [java.util.concurrent.ThreadPoolExecutor$Worker@82c091c[State = -1, empty queue]] WARN  server.GrpcLogAppender (GrpcLogAppender.java:timeoutAppendRequest(200)) - 5a49129c-fcc1-4df1-b4f9-e84c17474790@group-7BD41C1E26FD->a355c4c2-cbce-4d32-ac2d-5d7efcc7e61b-GrpcLogAppender: appendEntries Timeout, request=5a49129c-fcc1-4df1-b4f9-e84c17474790->a355c4c2-cbce-4d32-ac2d-5d7efcc7e61b#62-t1, previous=(t:1, i:12), leaderCommit=6, initializing? false, entries: <empty>
2019-09-11 12:41:23,005 [java.util.concurrent.ThreadPoolExecutor$Worker@7a8a8415[State = -1, empty queue]] WARN  server.GrpcLogAppender (GrpcLogAppender.java:timeoutAppendRequest(200)) - 5a49129c-fcc1-4df1-b4f9-e84c17474790@group-7BD41C1E26FD->608419ff-9e1e-46ed-b668-4d330b5fd69a-GrpcLogAppender: appendEntries Timeout, request=5a49129c-fcc1-4df1-b4f9-e84c17474790->608419ff-9e1e-46ed-b668-4d330b5fd69a#62-t1, previous=(t:1, i:12), leaderCommit=6, initializing? false, entries: <empty>
2019-09-11 12:41:25,002 [org.apache.ratis.server.impl.LogAppender$AppenderDaemon$$Lambda$485/1842952795@1ad30ca5] ERROR ratis.XceiverServerRatis (XceiverServerRatis.java:triggerPipelineClose(568)) - pipeline Action CLOSE  on pipeline PipelineID=21608d1a-2997-47fb-85ec-7bd41c1e26fd.Reason : 5a49129c-fcc1-4df1-b4f9-e84c17474790 has not seen follower/s a355c4c2-cbce-4d32-ac2d-5d7efcc7e61b for 130036ms 608419ff-9e1e-46ed-b668-4d330b5fd69a for 130032ms
2019-09-11 12:41:25,006 [org.apache.ratis.server.impl.LogAppender$AppenderDaemon$$Lambda$485/1842952795@1973b645] ERROR ratis.XceiverServerRatis (XceiverServerRatis.java:triggerPipelineClose(568)) - pipeline Action CLOSE  on pipeline PipelineID=21608d1a-2997-47fb-85ec-7bd41c1e26fd.Reason : 5a49129c-fcc1-4df1-b4f9-e84c17474790 has not seen follower/s a355c4c2-cbce-4d32-ac2d-5d7efcc7e61b for 130039ms 608419ff-9e1e-46ed-b668-4d330b5fd69a for 130036ms
2019-09-11 12:41:25,487 [5a49129c-fcc1-4df1-b4f9-e84c17474790@group-7BD41C1E26FD-SegmentedRaftLogWorker] WARN  segmented.SegmentedRaftLogWorker (SegmentedRaftLogWorker.java:getFromFuture(90)) - Timeout 12/~
org.apache.ratis.protocol.TimeoutIOException: Timeout 10s: WriteLog:8: (t:1, i:8), STATEMACHINELOGENTRY, client-2FDB34E1AA20, cid=17-writeStateMachineData
	at org.apache.ratis.util.IOUtils.getFromFuture(IOUtils.java:87)
	at org.apache.ratis.server.raftlog.segmented.SegmentedRaftLogWorker$StateMachineDataPolicy.getFromFuture(SegmentedRaftLogWorker.java:87)
	at org.apache.ratis.server.raftlog.segmented.SegmentedRaftLogWorker$WriteLog.execute(SegmentedRaftLogWorker.java:477)
	at org.apache.ratis.server.raftlog.segmented.SegmentedRaftLogWorker.run(SegmentedRaftLogWorker.java:289)
	at java.lang.Thread.run(Thread.java:748)
Caused by: java.util.concurrent.TimeoutException
	at java.util.concurrent.CompletableFuture.timedGet(CompletableFuture.java:1771)
	at java.util.concurrent.CompletableFuture.get(CompletableFuture.java:1915)
	at org.apache.ratis.util.IOUtils.getFromFuture(IOUtils.java:79)
	... 4 more
2019-09-11 12:41:25,501 [java.util.concurrent.ThreadPoolExecutor$Worker@82c091c[State = -1, empty queue]] WARN  server.GrpcLogAppender (GrpcLogAppender.java:timeoutAppendRequest(200)) - 5a49129c-fcc1-4df1-b4f9-e84c17474790@group-7BD41C1E26FD->a355c4c2-cbce-4d32-ac2d-5d7efcc7e61b-GrpcLogAppender: appendEntries Timeout, request=5a49129c-fcc1-4df1-b4f9-e84c17474790->a355c4c2-cbce-4d32-ac2d-5d7efcc7e61b#63-t1, previous=(t:1, i:12), leaderCommit=6, initializing? false, entries: <empty>
2019-09-11 12:41:25,502 [608419ff-9e1e-46ed-b668-4d330b5fd69a@group-7BD41C1E26FD-SegmentedRaftLogWorker] WARN  segmented.SegmentedRaftLogWorker (SegmentedRaftLogWorker.java:getFromFuture(90)) - Timeout 12/~
org.apache.ratis.protocol.TimeoutIOException: Timeout 10s: WriteLog:8: (t:1, i:8), STATEMACHINELOGENTRY, client-2FDB34E1AA20, cid=17-writeStateMachineData
	at org.apache.ratis.util.IOUtils.getFromFuture(IOUtils.java:87)
	at org.apache.ratis.server.raftlog.segmented.SegmentedRaftLogWorker$StateMachineDataPolicy.getFromFuture(SegmentedRaftLogWorker.java:87)
	at org.apache.ratis.server.raftlog.segmented.SegmentedRaftLogWorker$WriteLog.execute(SegmentedRaftLogWorker.java:477)
	at org.apache.ratis.server.raftlog.segmented.SegmentedRaftLogWorker.run(SegmentedRaftLogWorker.java:289)
	at java.lang.Thread.run(Thread.java:748)
Caused by: java.util.concurrent.TimeoutException
	at java.util.concurrent.CompletableFuture.timedGet(CompletableFuture.java:1771)
	at java.util.concurrent.CompletableFuture.get(CompletableFuture.java:1915)
	at org.apache.ratis.util.IOUtils.getFromFuture(IOUtils.java:79)
	... 4 more
2019-09-11 12:41:25,503 [a355c4c2-cbce-4d32-ac2d-5d7efcc7e61b@group-7BD41C1E26FD-SegmentedRaftLogWorker] WARN  segmented.SegmentedRaftLogWorker (SegmentedRaftLogWorker.java:getFromFuture(90)) - Timeout 12/~
org.apache.ratis.protocol.TimeoutIOException: Timeout 10s: WriteLog:8: (t:1, i:8), STATEMACHINELOGENTRY, client-2FDB34E1AA20, cid=17-writeStateMachineData
	at org.apache.ratis.util.IOUtils.getFromFuture(IOUtils.java:87)
	at org.apache.ratis.server.raftlog.segmented.SegmentedRaftLogWorker$StateMachineDataPolicy.getFromFuture(SegmentedRaftLogWorker.java:87)
	at org.apache.ratis.server.raftlog.segmented.SegmentedRaftLogWorker$WriteLog.execute(SegmentedRaftLogWorker.java:477)
	at org.apache.ratis.server.raftlog.segmented.SegmentedRaftLogWorker.run(SegmentedRaftLogWorker.java:289)
	at java.lang.Thread.run(Thread.java:748)
Caused by: java.util.concurrent.TimeoutException
	at java.util.concurrent.CompletableFuture.timedGet(CompletableFuture.java:1771)
	at java.util.concurrent.CompletableFuture.get(CompletableFuture.java:1915)
	at org.apache.ratis.util.IOUtils.getFromFuture(IOUtils.java:79)
	... 4 more
2019-09-11 12:41:25,505 [java.util.concurrent.ThreadPoolExecutor$Worker@7a8a8415[State = -1, empty queue]] WARN  server.GrpcLogAppender (GrpcLogAppender.java:timeoutAppendRequest(200)) - 5a49129c-fcc1-4df1-b4f9-e84c17474790@group-7BD41C1E26FD->608419ff-9e1e-46ed-b668-4d330b5fd69a-GrpcLogAppender: appendEntries Timeout, request=5a49129c-fcc1-4df1-b4f9-e84c17474790->608419ff-9e1e-46ed-b668-4d330b5fd69a#63-t1, previous=(t:1, i:12), leaderCommit=6, initializing? false, entries: <empty>
2019-09-11 12:41:25,525 [EventQueue-PipelineActionsForPipelineActionHandler] ERROR pipeline.PipelineActionHandler (PipelineActionHandler.java:onMessage(60)) - Received pipeline action CLOSE for Pipeline[ Id: 21608d1a-2997-47fb-85ec-7bd41c1e26fd, Nodes: a355c4c2-cbce-4d32-ac2d-5d7efcc7e61b{ip: 192.168.69.81, host: pr-hdds-2109-6lgm5-4208394744, networkLocation: /default-rack, certSerialId: null}608419ff-9e1e-46ed-b668-4d330b5fd69a{ip: 192.168.69.81, host: pr-hdds-2109-6lgm5-4208394744, networkLocation: /default-rack, certSerialId: null}5a49129c-fcc1-4df1-b4f9-e84c17474790{ip: 192.168.69.81, host: pr-hdds-2109-6lgm5-4208394744, networkLocation: /default-rack, certSerialId: null}, Type:RATIS, Factor:THREE, State:CLOSED] from datanode 5a49129c-fcc1-4df1-b4f9-e84c17474790{ip: 192.168.69.81, host: pr-hdds-2109-6lgm5-4208394744, networkLocation: /default-rack, certSerialId: null}. Reason : 5a49129c-fcc1-4df1-b4f9-e84c17474790 has not seen follower/s a355c4c2-cbce-4d32-ac2d-5d7efcc7e61b for 130036ms 608419ff-9e1e-46ed-b668-4d330b5fd69a for 130032ms
2019-09-11 12:41:25,525 [EventQueue-PipelineActionsForPipelineActionHandler] INFO  pipeline.SCMPipelineManager (SCMPipelineManager.java:finalizeAndDestroyPipeline(311)) - destroying pipeline:Pipeline[ Id: 21608d1a-2997-47fb-85ec-7bd41c1e26fd, Nodes: a355c4c2-cbce-4d32-ac2d-5d7efcc7e61b{ip: 192.168.69.81, host: pr-hdds-2109-6lgm5-4208394744, networkLocation: /default-rack, certSerialId: null}608419ff-9e1e-46ed-b668-4d330b5fd69a{ip: 192.168.69.81, host: pr-hdds-2109-6lgm5-4208394744, networkLocation: /default-rack, certSerialId: null}5a49129c-fcc1-4df1-b4f9-e84c17474790{ip: 192.168.69.81, host: pr-hdds-2109-6lgm5-4208394744, networkLocation: /default-rack, certSerialId: null}, Type:RATIS, Factor:THREE, State:CLOSED]
2019-09-11 12:41:26,834 [grpc-default-executor-0] INFO  client.GrpcClientProtocolClient (GrpcClientProtocolClient.java:onNext(264)) - client-2FDB34E1AA20->a355c4c2-cbce-4d32-ac2d-5d7efcc7e61b: receive RaftClientReply:client-2FDB34E1AA20->a355c4c2-cbce-4d32-ac2d-5d7efcc7e61b@group-7BD41C1E26FD, cid=16, FAILED org.apache.ratis.protocol.NotLeaderException: Server a355c4c2-cbce-4d32-ac2d-5d7efcc7e61b@group-7BD41C1E26FD is not the leader 5a49129c-fcc1-4df1-b4f9-e84c17474790:192.168.69.81:36288, logIndex=0, commits[a355c4c2-cbce-4d32-ac2d-5d7efcc7e61b:c6, 608419ff-9e1e-46ed-b668-4d330b5fd69a:c4, 5a49129c-fcc1-4df1-b4f9-e84c17474790:c6]
2019-09-11 12:41:27,503 [org.apache.ratis.server.impl.LogAppender$AppenderDaemon$$Lambda$485/1842952795@1ad30ca5] ERROR ratis.XceiverServerRatis (XceiverServerRatis.java:triggerPipelineClose(568)) - pipeline Action CLOSE  on pipeline PipelineID=21608d1a-2997-47fb-85ec-7bd41c1e26fd.Reason : 5a49129c-fcc1-4df1-b4f9-e84c17474790 has not seen follower/s a355c4c2-cbce-4d32-ac2d-5d7efcc7e61b for 132536ms 608419ff-9e1e-46ed-b668-4d330b5fd69a for 132533ms
2019-09-11 12:41:27,507 [org.apache.ratis.server.impl.LogAppender$AppenderDaemon$$Lambda$485/1842952795@1973b645] ERROR ratis.XceiverServerRatis (XceiverServerRatis.java:triggerPipelineClose(568)) - pipeline Action CLOSE  on pipeline PipelineID=21608d1a-2997-47fb-85ec-7bd41c1e26fd.Reason : 5a49129c-fcc1-4df1-b4f9-e84c17474790 has not seen follower/s a355c4c2-cbce-4d32-ac2d-5d7efcc7e61b for 132540ms 608419ff-9e1e-46ed-b668-4d330b5fd69a for 132537ms
2019-09-11 12:41:27,525 [EventQueue-PipelineActionsForPipelineActionHandler] ERROR pipeline.PipelineActionHandler (PipelineActionHandler.java:onMessage(60)) - Received pipeline action CLOSE for Pipeline[ Id: 21608d1a-2997-47fb-85ec-7bd41c1e26fd, Nodes: a355c4c2-cbce-4d32-ac2d-5d7efcc7e61b{ip: 192.168.69.81, host: pr-hdds-2109-6lgm5-4208394744, networkLocation: /default-rack, certSerialId: null}608419ff-9e1e-46ed-b668-4d330b5fd69a{ip: 192.168.69.81, host: pr-hdds-2109-6lgm5-4208394744, networkLocation: /default-rack, certSerialId: null}5a49129c-fcc1-4df1-b4f9-e84c17474790{ip: 192.168.69.81, host: pr-hdds-2109-6lgm5-4208394744, networkLocation: /default-rack, certSerialId: null}, Type:RATIS, Factor:THREE, State:CLOSED] from datanode 5a49129c-fcc1-4df1-b4f9-e84c17474790{ip: 192.168.69.81, host: pr-hdds-2109-6lgm5-4208394744, networkLocation: /default-rack, certSerialId: null}. Reason : 5a49129c-fcc1-4df1-b4f9-e84c17474790 has not seen follower/s a355c4c2-cbce-4d32-ac2d-5d7efcc7e61b for 132536ms 608419ff-9e1e-46ed-b668-4d330b5fd69a for 132533ms
2019-09-11 12:41:27,525 [EventQueue-PipelineActionsForPipelineActionHandler] INFO  pipeline.SCMPipelineManager (SCMPipelineManager.java:finalizeAndDestroyPipeline(311)) - destroying pipeline:Pipeline[ Id: 21608d1a-2997-47fb-85ec-7bd41c1e26fd, Nodes: a355c4c2-cbce-4d32-ac2d-5d7efcc7e61b{ip: 192.168.69.81, host: pr-hdds-2109-6lgm5-4208394744, networkLocation: /default-rack, certSerialId: null}608419ff-9e1e-46ed-b668-4d330b5fd69a{ip: 192.168.69.81, host: pr-hdds-2109-6lgm5-4208394744, networkLocation: /default-rack, certSerialId: null}5a49129c-fcc1-4df1-b4f9-e84c17474790{ip: 192.168.69.81, host: pr-hdds-2109-6lgm5-4208394744, networkLocation: /default-rack, certSerialId: null}, Type:RATIS, Factor:THREE, State:CLOSED]
2019-09-11 12:41:28,002 [java.util.concurrent.ThreadPoolExecutor$Worker@82c091c[State = -1, empty queue]] WARN  server.GrpcLogAppender (GrpcLogAppender.java:timeoutAppendRequest(200)) - 5a49129c-fcc1-4df1-b4f9-e84c17474790@group-7BD41C1E26FD->a355c4c2-cbce-4d32-ac2d-5d7efcc7e61b-GrpcLogAppender: appendEntries Timeout, request=5a49129c-fcc1-4df1-b4f9-e84c17474790->a355c4c2-cbce-4d32-ac2d-5d7efcc7e61b#64-t1, previous=(t:1, i:12), leaderCommit=6, initializing? false, entries: <empty>
2019-09-11 12:41:28,006 [java.util.concurrent.ThreadPoolExecutor$Worker@7a8a8415[State = -1, empty queue]] WARN  server.GrpcLogAppender (GrpcLogAppender.java:timeoutAppendRequest(200)) - 5a49129c-fcc1-4df1-b4f9-e84c17474790@group-7BD41C1E26FD->608419ff-9e1e-46ed-b668-4d330b5fd69a-GrpcLogAppender: appendEntries Timeout, request=5a49129c-fcc1-4df1-b4f9-e84c17474790->608419ff-9e1e-46ed-b668-4d330b5fd69a#64-t1, previous=(t:1, i:12), leaderCommit=6, initializing? false, entries: <empty>
2019-09-11 12:41:30,004 [org.apache.ratis.server.impl.LogAppender$AppenderDaemon$$Lambda$485/1842952795@1ad30ca5] ERROR ratis.XceiverServerRatis (XceiverServerRatis.java:triggerPipelineClose(568)) - pipeline Action CLOSE  on pipeline PipelineID=21608d1a-2997-47fb-85ec-7bd41c1e26fd.Reason : 5a49129c-fcc1-4df1-b4f9-e84c17474790 has not seen follower/s a355c4c2-cbce-4d32-ac2d-5d7efcc7e61b for 135037ms 608419ff-9e1e-46ed-b668-4d330b5fd69a for 135034ms
2019-09-11 12:41:30,008 [org.apache.ratis.server.impl.LogAppender$AppenderDaemon$$Lambda$485/1842952795@1973b645] ERROR ratis.XceiverServerRatis (XceiverServerRatis.java:triggerPipelineClose(568)) - pipeline Action CLOSE  on pipeline PipelineID=21608d1a-2997-47fb-85ec-7bd41c1e26fd.Reason : 5a49129c-fcc1-4df1-b4f9-e84c17474790 has not seen follower/s a355c4c2-cbce-4d32-ac2d-5d7efcc7e61b for 135041ms 608419ff-9e1e-46ed-b668-4d330b5fd69a for 135038ms
2019-09-11 12:41:30,503 [java.util.concurrent.ThreadPoolExecutor$Worker@82c091c[State = -1, empty queue]] WARN  server.GrpcLogAppender (GrpcLogAppender.java:timeoutAppendRequest(200)) - 5a49129c-fcc1-4df1-b4f9-e84c17474790@group-7BD41C1E26FD->a355c4c2-cbce-4d32-ac2d-5d7efcc7e61b-GrpcLogAppender: appendEntries Timeout, request=5a49129c-fcc1-4df1-b4f9-e84c17474790->a355c4c2-cbce-4d32-ac2d-5d7efcc7e61b#65-t1, previous=(t:1, i:12), leaderCommit=6, initializing? false, entries: <empty>
2019-09-11 12:41:30,507 [java.util.concurrent.ThreadPoolExecutor$Worker@7a8a8415[State = -1, empty queue]] WARN  server.GrpcLogAppender (GrpcLogAppender.java:timeoutAppendRequest(200)) - 5a49129c-fcc1-4df1-b4f9-e84c17474790@group-7BD41C1E26FD->608419ff-9e1e-46ed-b668-4d330b5fd69a-GrpcLogAppender: appendEntries Timeout, request=5a49129c-fcc1-4df1-b4f9-e84c17474790->608419ff-9e1e-46ed-b668-4d330b5fd69a#65-t1, previous=(t:1, i:12), leaderCommit=6, initializing? false, entries: <empty>
2019-09-11 12:41:30,525 [EventQueue-PipelineActionsForPipelineActionHandler] ERROR pipeline.PipelineActionHandler (PipelineActionHandler.java:onMessage(60)) - Received pipeline action CLOSE for Pipeline[ Id: 21608d1a-2997-47fb-85ec-7bd41c1e26fd, Nodes: a355c4c2-cbce-4d32-ac2d-5d7efcc7e61b{ip: 192.168.69.81, host: pr-hdds-2109-6lgm5-4208394744, networkLocation: /default-rack, certSerialId: null}608419ff-9e1e-46ed-b668-4d330b5fd69a{ip: 192.168.69.81, host: pr-hdds-2109-6lgm5-4208394744, networkLocation: /default-rack, certSerialId: null}5a49129c-fcc1-4df1-b4f9-e84c17474790{ip: 192.168.69.81, host: pr-hdds-2109-6lgm5-4208394744, networkLocation: /default-rack, certSerialId: null}, Type:RATIS, Factor:THREE, State:CLOSED] from datanode 5a49129c-fcc1-4df1-b4f9-e84c17474790{ip: 192.168.69.81, host: pr-hdds-2109-6lgm5-4208394744, networkLocation: /default-rack, certSerialId: null}. Reason : 5a49129c-fcc1-4df1-b4f9-e84c17474790 has not seen follower/s a355c4c2-cbce-4d32-ac2d-5d7efcc7e61b for 135037ms 608419ff-9e1e-46ed-b668-4d330b5fd69a for 135034ms
2019-09-11 12:41:30,526 [EventQueue-PipelineActionsForPipelineActionHandler] INFO  pipeline.SCMPipelineManager (SCMPipelineManager.java:finalizeAndDestroyPipeline(311)) - destroying pipeline:Pipeline[ Id: 21608d1a-2997-47fb-85ec-7bd41c1e26fd, Nodes: a355c4c2-cbce-4d32-ac2d-5d7efcc7e61b{ip: 192.168.69.81, host: pr-hdds-2109-6lgm5-4208394744, networkLocation: /default-rack, certSerialId: null}608419ff-9e1e-46ed-b668-4d330b5fd69a{ip: 192.168.69.81, host: pr-hdds-2109-6lgm5-4208394744, networkLocation: /default-rack, certSerialId: null}5a49129c-fcc1-4df1-b4f9-e84c17474790{ip: 192.168.69.81, host: pr-hdds-2109-6lgm5-4208394744, networkLocation: /default-rack, certSerialId: null}, Type:RATIS, Factor:THREE, State:CLOSED]
2019-09-11 12:41:31,892 [grpc-default-executor-4] INFO  client.GrpcClientProtocolClient (GrpcClientProtocolClient.java:onNext(264)) - client-2FDB34E1AA20->a355c4c2-cbce-4d32-ac2d-5d7efcc7e61b: receive RaftClientReply:client-2FDB34E1AA20->a355c4c2-cbce-4d32-ac2d-5d7efcc7e61b@group-7BD41C1E26FD, cid=16, FAILED org.apache.ratis.protocol.NotLeaderException: Server a355c4c2-cbce-4d32-ac2d-5d7efcc7e61b@group-7BD41C1E26FD is not the leader 5a49129c-fcc1-4df1-b4f9-e84c17474790:192.168.69.81:36288, logIndex=0, commits[a355c4c2-cbce-4d32-ac2d-5d7efcc7e61b:c6, 608419ff-9e1e-46ed-b668-4d330b5fd69a:c4, 5a49129c-fcc1-4df1-b4f9-e84c17474790:c6]
2019-09-11 12:41:32,505 [org.apache.ratis.server.impl.LogAppender$AppenderDaemon$$Lambda$485/1842952795@1ad30ca5] ERROR ratis.XceiverServerRatis (XceiverServerRatis.java:triggerPipelineClose(568)) - pipeline Action CLOSE  on pipeline PipelineID=21608d1a-2997-47fb-85ec-7bd41c1e26fd.Reason : 5a49129c-fcc1-4df1-b4f9-e84c17474790 has not seen follower/s a355c4c2-cbce-4d32-ac2d-5d7efcc7e61b for 137538ms 608419ff-9e1e-46ed-b668-4d330b5fd69a for 137535ms
2019-09-11 12:41:32,509 [org.apache.ratis.server.impl.LogAppender$AppenderDaemon$$Lambda$485/1842952795@1973b645] ERROR ratis.XceiverServerRatis (XceiverServerRatis.java:triggerPipelineClose(568)) - pipeline Action CLOSE  on pipeline PipelineID=21608d1a-2997-47fb-85ec-7bd41c1e26fd.Reason : 5a49129c-fcc1-4df1-b4f9-e84c17474790 has not seen follower/s a355c4c2-cbce-4d32-ac2d-5d7efcc7e61b for 137542ms 608419ff-9e1e-46ed-b668-4d330b5fd69a for 137539ms
2019-09-11 12:41:32,525 [EventQueue-PipelineActionsForPipelineActionHandler] ERROR pipeline.PipelineActionHandler (PipelineActionHandler.java:onMessage(60)) - Received pipeline action CLOSE for Pipeline[ Id: 21608d1a-2997-47fb-85ec-7bd41c1e26fd, Nodes: a355c4c2-cbce-4d32-ac2d-5d7efcc7e61b{ip: 192.168.69.81, host: pr-hdds-2109-6lgm5-4208394744, networkLocation: /default-rack, certSerialId: null}608419ff-9e1e-46ed-b668-4d330b5fd69a{ip: 192.168.69.81, host: pr-hdds-2109-6lgm5-4208394744, networkLocation: /default-rack, certSerialId: null}5a49129c-fcc1-4df1-b4f9-e84c17474790{ip: 192.168.69.81, host: pr-hdds-2109-6lgm5-4208394744, networkLocation: /default-rack, certSerialId: null}, Type:RATIS, Factor:THREE, State:CLOSED] from datanode 5a49129c-fcc1-4df1-b4f9-e84c17474790{ip: 192.168.69.81, host: pr-hdds-2109-6lgm5-4208394744, networkLocation: /default-rack, certSerialId: null}. Reason : 5a49129c-fcc1-4df1-b4f9-e84c17474790 has not seen follower/s a355c4c2-cbce-4d32-ac2d-5d7efcc7e61b for 137538ms 608419ff-9e1e-46ed-b668-4d330b5fd69a for 137535ms
2019-09-11 12:41:32,526 [EventQueue-PipelineActionsForPipelineActionHandler] INFO  pipeline.SCMPipelineManager (SCMPipelineManager.java:finalizeAndDestroyPipeline(311)) - destroying pipeline:Pipeline[ Id: 21608d1a-2997-47fb-85ec-7bd41c1e26fd, Nodes: a355c4c2-cbce-4d32-ac2d-5d7efcc7e61b{ip: 192.168.69.81, host: pr-hdds-2109-6lgm5-4208394744, networkLocation: /default-rack, certSerialId: null}608419ff-9e1e-46ed-b668-4d330b5fd69a{ip: 192.168.69.81, host: pr-hdds-2109-6lgm5-4208394744, networkLocation: /default-rack, certSerialId: null}5a49129c-fcc1-4df1-b4f9-e84c17474790{ip: 192.168.69.81, host: pr-hdds-2109-6lgm5-4208394744, networkLocation: /default-rack, certSerialId: null}, Type:RATIS, Factor:THREE, State:CLOSED]
2019-09-11 12:41:33,004 [java.util.concurrent.ThreadPoolExecutor$Worker@82c091c[State = -1, empty queue]] WARN  server.GrpcLogAppender (GrpcLogAppender.java:timeoutAppendRequest(200)) - 5a49129c-fcc1-4df1-b4f9-e84c17474790@group-7BD41C1E26FD->a355c4c2-cbce-4d32-ac2d-5d7efcc7e61b-GrpcLogAppender: appendEntries Timeout, request=5a49129c-fcc1-4df1-b4f9-e84c17474790->a355c4c2-cbce-4d32-ac2d-5d7efcc7e61b#66-t1, previous=(t:1, i:12), leaderCommit=6, initializing? false, entries: <empty>
2019-09-11 12:41:33,008 [java.util.concurrent.ThreadPoolExecutor$Worker@7a8a8415[State = -1, empty queue]] WARN  server.GrpcLogAppender (GrpcLogAppender.java:timeoutAppendRequest(200)) - 5a49129c-fcc1-4df1-b4f9-e84c17474790@group-7BD41C1E26FD->608419ff-9e1e-46ed-b668-4d330b5fd69a-GrpcLogAppender: appendEntries Timeout, request=5a49129c-fcc1-4df1-b4f9-e84c17474790->608419ff-9e1e-46ed-b668-4d330b5fd69a#66-t1, previous=(t:1, i:12), leaderCommit=6, initializing? false, entries: <empty>
2019-09-11 12:41:35,006 [org.apache.ratis.server.impl.LogAppender$AppenderDaemon$$Lambda$485/1842952795@1ad30ca5] ERROR ratis.XceiverServerRatis (XceiverServerRatis.java:triggerPipelineClose(568)) - pipeline Action CLOSE  on pipeline PipelineID=21608d1a-2997-47fb-85ec-7bd41c1e26fd.Reason : 5a49129c-fcc1-4df1-b4f9-e84c17474790 has not seen follower/s a355c4c2-cbce-4d32-ac2d-5d7efcc7e61b for 140039ms 608419ff-9e1e-46ed-b668-4d330b5fd69a for 140036ms
2019-09-11 12:41:35,010 [org.apache.ratis.server.impl.LogAppender$AppenderDaemon$$Lambda$485/1842952795@1973b645] ERROR ratis.XceiverServerRatis (XceiverServerRatis.java:triggerPipelineClose(568)) - pipeline Action CLOSE  on pipeline PipelineID=21608d1a-2997-47fb-85ec-7bd41c1e26fd.Reason : 5a49129c-fcc1-4df1-b4f9-e84c17474790 has not seen follower/s a355c4c2-cbce-4d32-ac2d-5d7efcc7e61b for 140043ms 608419ff-9e1e-46ed-b668-4d330b5fd69a for 140040ms
2019-09-11 12:41:35,488 [5a49129c-fcc1-4df1-b4f9-e84c17474790@group-7BD41C1E26FD-SegmentedRaftLogWorker] WARN  segmented.SegmentedRaftLogWorker (SegmentedRaftLogWorker.java:getFromFuture(90)) - Timeout 13/~
org.apache.ratis.protocol.TimeoutIOException: Timeout 10s: WriteLog:8: (t:1, i:8), STATEMACHINELOGENTRY, client-2FDB34E1AA20, cid=17-writeStateMachineData
	at org.apache.ratis.util.IOUtils.getFromFuture(IOUtils.java:87)
	at org.apache.ratis.server.raftlog.segmented.SegmentedRaftLogWorker$StateMachineDataPolicy.getFromFuture(SegmentedRaftLogWorker.java:87)
	at org.apache.ratis.server.raftlog.segmented.SegmentedRaftLogWorker$WriteLog.execute(SegmentedRaftLogWorker.java:477)
	at org.apache.ratis.server.raftlog.segmented.SegmentedRaftLogWorker.run(SegmentedRaftLogWorker.java:289)
	at java.lang.Thread.run(Thread.java:748)
Caused by: java.util.concurrent.TimeoutException
	at java.util.concurrent.CompletableFuture.timedGet(CompletableFuture.java:1771)
	at java.util.concurrent.CompletableFuture.get(CompletableFuture.java:1915)
	at org.apache.ratis.util.IOUtils.getFromFuture(IOUtils.java:79)
	... 4 more
2019-09-11 12:41:35,503 [608419ff-9e1e-46ed-b668-4d330b5fd69a@group-7BD41C1E26FD-SegmentedRaftLogWorker] WARN  segmented.SegmentedRaftLogWorker (SegmentedRaftLogWorker.java:getFromFuture(90)) - Timeout 13/~
org.apache.ratis.protocol.TimeoutIOException: Timeout 10s: WriteLog:8: (t:1, i:8), STATEMACHINELOGENTRY, client-2FDB34E1AA20, cid=17-writeStateMachineData
	at org.apache.ratis.util.IOUtils.getFromFuture(IOUtils.java:87)
	at org.apache.ratis.server.raftlog.segmented.SegmentedRaftLogWorker$StateMachineDataPolicy.getFromFuture(SegmentedRaftLogWorker.java:87)
	at org.apache.ratis.server.raftlog.segmented.SegmentedRaftLogWorker$WriteLog.execute(SegmentedRaftLogWorker.java:477)
	at org.apache.ratis.server.raftlog.segmented.SegmentedRaftLogWorker.run(SegmentedRaftLogWorker.java:289)
	at java.lang.Thread.run(Thread.java:748)
Caused by: java.util.concurrent.TimeoutException
	at java.util.concurrent.CompletableFuture.timedGet(CompletableFuture.java:1771)
	at java.util.concurrent.CompletableFuture.get(CompletableFuture.java:1915)
	at org.apache.ratis.util.IOUtils.getFromFuture(IOUtils.java:79)
	... 4 more
2019-09-11 12:41:35,504 [a355c4c2-cbce-4d32-ac2d-5d7efcc7e61b@group-7BD41C1E26FD-SegmentedRaftLogWorker] WARN  segmented.SegmentedRaftLogWorker (SegmentedRaftLogWorker.java:getFromFuture(90)) - Timeout 13/~
org.apache.ratis.protocol.TimeoutIOException: Timeout 10s: WriteLog:8: (t:1, i:8), STATEMACHINELOGENTRY, client-2FDB34E1AA20, cid=17-writeStateMachineData
	at org.apache.ratis.util.IOUtils.getFromFuture(IOUtils.java:87)
	at org.apache.ratis.server.raftlog.segmented.SegmentedRaftLogWorker$StateMachineDataPolicy.getFromFuture(SegmentedRaftLogWorker.java:87)
	at org.apache.ratis.server.raftlog.segmented.SegmentedRaftLogWorker$WriteLog.execute(SegmentedRaftLogWorker.java:477)
	at org.apache.ratis.server.raftlog.segmented.SegmentedRaftLogWorker.run(SegmentedRaftLogWorker.java:289)
	at java.lang.Thread.run(Thread.java:748)
Caused by: java.util.concurrent.TimeoutException
	at java.util.concurrent.CompletableFuture.timedGet(CompletableFuture.java:1771)
	at java.util.concurrent.CompletableFuture.get(CompletableFuture.java:1915)
	at org.apache.ratis.util.IOUtils.getFromFuture(IOUtils.java:79)
	... 4 more
2019-09-11 12:41:35,505 [java.util.concurrent.ThreadPoolExecutor$Worker@82c091c[State = -1, empty queue]] WARN  server.GrpcLogAppender (GrpcLogAppender.java:timeoutAppendRequest(200)) - 5a49129c-fcc1-4df1-b4f9-e84c17474790@group-7BD41C1E26FD->a355c4c2-cbce-4d32-ac2d-5d7efcc7e61b-GrpcLogAppender: appendEntries Timeout, request=5a49129c-fcc1-4df1-b4f9-e84c17474790->a355c4c2-cbce-4d32-ac2d-5d7efcc7e61b#67-t1, previous=(t:1, i:12), leaderCommit=6, initializing? false, entries: <empty>
2019-09-11 12:41:35,509 [java.util.concurrent.ThreadPoolExecutor$Worker@7a8a8415[State = -1, empty queue]] WARN  server.GrpcLogAppender (GrpcLogAppender.java:timeoutAppendRequest(200)) - 5a49129c-fcc1-4df1-b4f9-e84c17474790@group-7BD41C1E26FD->608419ff-9e1e-46ed-b668-4d330b5fd69a-GrpcLogAppender: appendEntries Timeout, request=5a49129c-fcc1-4df1-b4f9-e84c17474790->608419ff-9e1e-46ed-b668-4d330b5fd69a#67-t1, previous=(t:1, i:12), leaderCommit=6, initializing? false, entries: <empty>
2019-09-11 12:41:35,526 [EventQueue-PipelineActionsForPipelineActionHandler] ERROR pipeline.PipelineActionHandler (PipelineActionHandler.java:onMessage(60)) - Received pipeline action CLOSE for Pipeline[ Id: 21608d1a-2997-47fb-85ec-7bd41c1e26fd, Nodes: a355c4c2-cbce-4d32-ac2d-5d7efcc7e61b{ip: 192.168.69.81, host: pr-hdds-2109-6lgm5-4208394744, networkLocation: /default-rack, certSerialId: null}608419ff-9e1e-46ed-b668-4d330b5fd69a{ip: 192.168.69.81, host: pr-hdds-2109-6lgm5-4208394744, networkLocation: /default-rack, certSerialId: null}5a49129c-fcc1-4df1-b4f9-e84c17474790{ip: 192.168.69.81, host: pr-hdds-2109-6lgm5-4208394744, networkLocation: /default-rack, certSerialId: null}, Type:RATIS, Factor:THREE, State:CLOSED] from datanode 5a49129c-fcc1-4df1-b4f9-e84c17474790{ip: 192.168.69.81, host: pr-hdds-2109-6lgm5-4208394744, networkLocation: /default-rack, certSerialId: null}. Reason : 5a49129c-fcc1-4df1-b4f9-e84c17474790 has not seen follower/s a355c4c2-cbce-4d32-ac2d-5d7efcc7e61b for 140039ms 608419ff-9e1e-46ed-b668-4d330b5fd69a for 140036ms
2019-09-11 12:41:35,526 [EventQueue-PipelineActionsForPipelineActionHandler] INFO  pipeline.SCMPipelineManager (SCMPipelineManager.java:finalizeAndDestroyPipeline(311)) - destroying pipeline:Pipeline[ Id: 21608d1a-2997-47fb-85ec-7bd41c1e26fd, Nodes: a355c4c2-cbce-4d32-ac2d-5d7efcc7e61b{ip: 192.168.69.81, host: pr-hdds-2109-6lgm5-4208394744, networkLocation: /default-rack, certSerialId: null}608419ff-9e1e-46ed-b668-4d330b5fd69a{ip: 192.168.69.81, host: pr-hdds-2109-6lgm5-4208394744, networkLocation: /default-rack, certSerialId: null}5a49129c-fcc1-4df1-b4f9-e84c17474790{ip: 192.168.69.81, host: pr-hdds-2109-6lgm5-4208394744, networkLocation: /default-rack, certSerialId: null}, Type:RATIS, Factor:THREE, State:CLOSED]
2019-09-11 12:41:36,948 [grpc-default-executor-4] INFO  client.GrpcClientProtocolClient (GrpcClientProtocolClient.java:onNext(264)) - client-2FDB34E1AA20->a355c4c2-cbce-4d32-ac2d-5d7efcc7e61b: receive RaftClientReply:client-2FDB34E1AA20->a355c4c2-cbce-4d32-ac2d-5d7efcc7e61b@group-7BD41C1E26FD, cid=16, FAILED org.apache.ratis.protocol.NotLeaderException: Server a355c4c2-cbce-4d32-ac2d-5d7efcc7e61b@group-7BD41C1E26FD is not the leader 5a49129c-fcc1-4df1-b4f9-e84c17474790:192.168.69.81:36288, logIndex=0, commits[a355c4c2-cbce-4d32-ac2d-5d7efcc7e61b:c6, 608419ff-9e1e-46ed-b668-4d330b5fd69a:c4, 5a49129c-fcc1-4df1-b4f9-e84c17474790:c6]
2019-09-11 12:41:37,507 [org.apache.ratis.server.impl.LogAppender$AppenderDaemon$$Lambda$485/1842952795@1ad30ca5] ERROR ratis.XceiverServerRatis (XceiverServerRatis.java:triggerPipelineClose(568)) - pipeline Action CLOSE  on pipeline PipelineID=21608d1a-2997-47fb-85ec-7bd41c1e26fd.Reason : 5a49129c-fcc1-4df1-b4f9-e84c17474790 has not seen follower/s a355c4c2-cbce-4d32-ac2d-5d7efcc7e61b for 142540ms 608419ff-9e1e-46ed-b668-4d330b5fd69a for 142537ms
2019-09-11 12:41:37,510 [org.apache.ratis.server.impl.LogAppender$AppenderDaemon$$Lambda$485/1842952795@1973b645] ERROR ratis.XceiverServerRatis (XceiverServerRatis.java:triggerPipelineClose(568)) - pipeline Action CLOSE  on pipeline PipelineID=21608d1a-2997-47fb-85ec-7bd41c1e26fd.Reason : 5a49129c-fcc1-4df1-b4f9-e84c17474790 has not seen follower/s a355c4c2-cbce-4d32-ac2d-5d7efcc7e61b for 142543ms 608419ff-9e1e-46ed-b668-4d330b5fd69a for 142540ms
2019-09-11 12:41:37,526 [EventQueue-PipelineActionsForPipelineActionHandler] ERROR pipeline.PipelineActionHandler (PipelineActionHandler.java:onMessage(60)) - Received pipeline action CLOSE for Pipeline[ Id: 21608d1a-2997-47fb-85ec-7bd41c1e26fd, Nodes: a355c4c2-cbce-4d32-ac2d-5d7efcc7e61b{ip: 192.168.69.81, host: pr-hdds-2109-6lgm5-4208394744, networkLocation: /default-rack, certSerialId: null}608419ff-9e1e-46ed-b668-4d330b5fd69a{ip: 192.168.69.81, host: pr-hdds-2109-6lgm5-4208394744, networkLocation: /default-rack, certSerialId: null}5a49129c-fcc1-4df1-b4f9-e84c17474790{ip: 192.168.69.81, host: pr-hdds-2109-6lgm5-4208394744, networkLocation: /default-rack, certSerialId: null}, Type:RATIS, Factor:THREE, State:CLOSED] from datanode 5a49129c-fcc1-4df1-b4f9-e84c17474790{ip: 192.168.69.81, host: pr-hdds-2109-6lgm5-4208394744, networkLocation: /default-rack, certSerialId: null}. Reason : 5a49129c-fcc1-4df1-b4f9-e84c17474790 has not seen follower/s a355c4c2-cbce-4d32-ac2d-5d7efcc7e61b for 142540ms 608419ff-9e1e-46ed-b668-4d330b5fd69a for 142537ms
2019-09-11 12:41:37,526 [EventQueue-PipelineActionsForPipelineActionHandler] INFO  pipeline.SCMPipelineManager (SCMPipelineManager.java:finalizeAndDestroyPipeline(311)) - destroying pipeline:Pipeline[ Id: 21608d1a-2997-47fb-85ec-7bd41c1e26fd, Nodes: a355c4c2-cbce-4d32-ac2d-5d7efcc7e61b{ip: 192.168.69.81, host: pr-hdds-2109-6lgm5-4208394744, networkLocation: /default-rack, certSerialId: null}608419ff-9e1e-46ed-b668-4d330b5fd69a{ip: 192.168.69.81, host: pr-hdds-2109-6lgm5-4208394744, networkLocation: /default-rack, certSerialId: null}5a49129c-fcc1-4df1-b4f9-e84c17474790{ip: 192.168.69.81, host: pr-hdds-2109-6lgm5-4208394744, networkLocation: /default-rack, certSerialId: null}, Type:RATIS, Factor:THREE, State:CLOSED]
2019-09-11 12:41:38,006 [java.util.concurrent.ThreadPoolExecutor$Worker@82c091c[State = -1, empty queue]] WARN  server.GrpcLogAppender (GrpcLogAppender.java:timeoutAppendRequest(200)) - 5a49129c-fcc1-4df1-b4f9-e84c17474790@group-7BD41C1E26FD->a355c4c2-cbce-4d32-ac2d-5d7efcc7e61b-GrpcLogAppender: appendEntries Timeout, request=5a49129c-fcc1-4df1-b4f9-e84c17474790->a355c4c2-cbce-4d32-ac2d-5d7efcc7e61b#68-t1, previous=(t:1, i:12), leaderCommit=6, initializing? false, entries: <empty>
2019-09-11 12:41:38,010 [java.util.concurrent.ThreadPoolExecutor$Worker@7a8a8415[State = -1, empty queue]] WARN  server.GrpcLogAppender (GrpcLogAppender.java:timeoutAppendRequest(200)) - 5a49129c-fcc1-4df1-b4f9-e84c17474790@group-7BD41C1E26FD->608419ff-9e1e-46ed-b668-4d330b5fd69a-GrpcLogAppender: appendEntries Timeout, request=5a49129c-fcc1-4df1-b4f9-e84c17474790->608419ff-9e1e-46ed-b668-4d330b5fd69a#68-t1, previous=(t:1, i:12), leaderCommit=6, initializing? false, entries: <empty>
2019-09-11 12:41:40,008 [org.apache.ratis.server.impl.LogAppender$AppenderDaemon$$Lambda$485/1842952795@1ad30ca5] ERROR ratis.XceiverServerRatis (XceiverServerRatis.java:triggerPipelineClose(568)) - pipeline Action CLOSE  on pipeline PipelineID=21608d1a-2997-47fb-85ec-7bd41c1e26fd.Reason : 5a49129c-fcc1-4df1-b4f9-e84c17474790 has not seen follower/s a355c4c2-cbce-4d32-ac2d-5d7efcc7e61b for 145041ms 608419ff-9e1e-46ed-b668-4d330b5fd69a for 145038ms
2019-09-11 12:41:40,011 [org.apache.ratis.server.impl.LogAppender$AppenderDaemon$$Lambda$485/1842952795@1973b645] ERROR ratis.XceiverServerRatis (XceiverServerRatis.java:triggerPipelineClose(568)) - pipeline Action CLOSE  on pipeline PipelineID=21608d1a-2997-47fb-85ec-7bd41c1e26fd.Reason : 5a49129c-fcc1-4df1-b4f9-e84c17474790 has not seen follower/s a355c4c2-cbce-4d32-ac2d-5d7efcc7e61b for 145044ms 608419ff-9e1e-46ed-b668-4d330b5fd69a for 145041ms
2019-09-11 12:41:40,507 [java.util.concurrent.ThreadPoolExecutor$Worker@82c091c[State = -1, empty queue]] WARN  server.GrpcLogAppender (GrpcLogAppender.java:timeoutAppendRequest(200)) - 5a49129c-fcc1-4df1-b4f9-e84c17474790@group-7BD41C1E26FD->a355c4c2-cbce-4d32-ac2d-5d7efcc7e61b-GrpcLogAppender: appendEntries Timeout, request=5a49129c-fcc1-4df1-b4f9-e84c17474790->a355c4c2-cbce-4d32-ac2d-5d7efcc7e61b#69-t1, previous=(t:1, i:12), leaderCommit=6, initializing? false, entries: <empty>
2019-09-11 12:41:40,510 [java.util.concurrent.ThreadPoolExecutor$Worker@7a8a8415[State = -1, empty queue]] WARN  server.GrpcLogAppender (GrpcLogAppender.java:timeoutAppendRequest(200)) - 5a49129c-fcc1-4df1-b4f9-e84c17474790@group-7BD41C1E26FD->608419ff-9e1e-46ed-b668-4d330b5fd69a-GrpcLogAppender: appendEntries Timeout, request=5a49129c-fcc1-4df1-b4f9-e84c17474790->608419ff-9e1e-46ed-b668-4d330b5fd69a#69-t1, previous=(t:1, i:12), leaderCommit=6, initializing? false, entries: <empty>
2019-09-11 12:41:40,527 [EventQueue-PipelineActionsForPipelineActionHandler] ERROR pipeline.PipelineActionHandler (PipelineActionHandler.java:onMessage(60)) - Received pipeline action CLOSE for Pipeline[ Id: 21608d1a-2997-47fb-85ec-7bd41c1e26fd, Nodes: a355c4c2-cbce-4d32-ac2d-5d7efcc7e61b{ip: 192.168.69.81, host: pr-hdds-2109-6lgm5-4208394744, networkLocation: /default-rack, certSerialId: null}608419ff-9e1e-46ed-b668-4d330b5fd69a{ip: 192.168.69.81, host: pr-hdds-2109-6lgm5-4208394744, networkLocation: /default-rack, certSerialId: null}5a49129c-fcc1-4df1-b4f9-e84c17474790{ip: 192.168.69.81, host: pr-hdds-2109-6lgm5-4208394744, networkLocation: /default-rack, certSerialId: null}, Type:RATIS, Factor:THREE, State:CLOSED] from datanode 5a49129c-fcc1-4df1-b4f9-e84c17474790{ip: 192.168.69.81, host: pr-hdds-2109-6lgm5-4208394744, networkLocation: /default-rack, certSerialId: null}. Reason : 5a49129c-fcc1-4df1-b4f9-e84c17474790 has not seen follower/s a355c4c2-cbce-4d32-ac2d-5d7efcc7e61b for 145041ms 608419ff-9e1e-46ed-b668-4d330b5fd69a for 145038ms
2019-09-11 12:41:40,527 [EventQueue-PipelineActionsForPipelineActionHandler] INFO  pipeline.SCMPipelineManager (SCMPipelineManager.java:finalizeAndDestroyPipeline(311)) - destroying pipeline:Pipeline[ Id: 21608d1a-2997-47fb-85ec-7bd41c1e26fd, Nodes: a355c4c2-cbce-4d32-ac2d-5d7efcc7e61b{ip: 192.168.69.81, host: pr-hdds-2109-6lgm5-4208394744, networkLocation: /default-rack, certSerialId: null}608419ff-9e1e-46ed-b668-4d330b5fd69a{ip: 192.168.69.81, host: pr-hdds-2109-6lgm5-4208394744, networkLocation: /default-rack, certSerialId: null}5a49129c-fcc1-4df1-b4f9-e84c17474790{ip: 192.168.69.81, host: pr-hdds-2109-6lgm5-4208394744, networkLocation: /default-rack, certSerialId: null}, Type:RATIS, Factor:THREE, State:CLOSED]
2019-09-11 12:41:42,021 [grpc-default-executor-4] INFO  client.GrpcClientProtocolClient (GrpcClientProtocolClient.java:onNext(264)) - client-2FDB34E1AA20->a355c4c2-cbce-4d32-ac2d-5d7efcc7e61b: receive RaftClientReply:client-2FDB34E1AA20->a355c4c2-cbce-4d32-ac2d-5d7efcc7e61b@group-7BD41C1E26FD, cid=16, FAILED org.apache.ratis.protocol.NotLeaderException: Server a355c4c2-cbce-4d32-ac2d-5d7efcc7e61b@group-7BD41C1E26FD is not the leader 5a49129c-fcc1-4df1-b4f9-e84c17474790:192.168.69.81:36288, logIndex=0, commits[a355c4c2-cbce-4d32-ac2d-5d7efcc7e61b:c6, 608419ff-9e1e-46ed-b668-4d330b5fd69a:c4, 5a49129c-fcc1-4df1-b4f9-e84c17474790:c6]
2019-09-11 12:41:42,509 [org.apache.ratis.server.impl.LogAppender$AppenderDaemon$$Lambda$485/1842952795@1ad30ca5] ERROR ratis.XceiverServerRatis (XceiverServerRatis.java:triggerPipelineClose(568)) - pipeline Action CLOSE  on pipeline PipelineID=21608d1a-2997-47fb-85ec-7bd41c1e26fd.Reason : 5a49129c-fcc1-4df1-b4f9-e84c17474790 has not seen follower/s a355c4c2-cbce-4d32-ac2d-5d7efcc7e61b for 147542ms 608419ff-9e1e-46ed-b668-4d330b5fd69a for 147539ms
2019-09-11 12:41:42,512 [org.apache.ratis.server.impl.LogAppender$AppenderDaemon$$Lambda$485/1842952795@1973b645] ERROR ratis.XceiverServerRatis (XceiverServerRatis.java:triggerPipelineClose(568)) - pipeline Action CLOSE  on pipeline PipelineID=21608d1a-2997-47fb-85ec-7bd41c1e26fd.Reason : 5a49129c-fcc1-4df1-b4f9-e84c17474790 has not seen follower/s a355c4c2-cbce-4d32-ac2d-5d7efcc7e61b for 147545ms 608419ff-9e1e-46ed-b668-4d330b5fd69a for 147542ms
2019-09-11 12:41:42,527 [EventQueue-PipelineActionsForPipelineActionHandler] ERROR pipeline.PipelineActionHandler (PipelineActionHandler.java:onMessage(60)) - Received pipeline action CLOSE for Pipeline[ Id: 21608d1a-2997-47fb-85ec-7bd41c1e26fd, Nodes: a355c4c2-cbce-4d32-ac2d-5d7efcc7e61b{ip: 192.168.69.81, host: pr-hdds-2109-6lgm5-4208394744, networkLocation: /default-rack, certSerialId: null}608419ff-9e1e-46ed-b668-4d330b5fd69a{ip: 192.168.69.81, host: pr-hdds-2109-6lgm5-4208394744, networkLocation: /default-rack, certSerialId: null}5a49129c-fcc1-4df1-b4f9-e84c17474790{ip: 192.168.69.81, host: pr-hdds-2109-6lgm5-4208394744, networkLocation: /default-rack, certSerialId: null}, Type:RATIS, Factor:THREE, State:CLOSED] from datanode 5a49129c-fcc1-4df1-b4f9-e84c17474790{ip: 192.168.69.81, host: pr-hdds-2109-6lgm5-4208394744, networkLocation: /default-rack, certSerialId: null}. Reason : 5a49129c-fcc1-4df1-b4f9-e84c17474790 has not seen follower/s a355c4c2-cbce-4d32-ac2d-5d7efcc7e61b for 147542ms 608419ff-9e1e-46ed-b668-4d330b5fd69a for 147539ms
2019-09-11 12:41:42,527 [EventQueue-PipelineActionsForPipelineActionHandler] INFO  pipeline.SCMPipelineManager (SCMPipelineManager.java:finalizeAndDestroyPipeline(311)) - destroying pipeline:Pipeline[ Id: 21608d1a-2997-47fb-85ec-7bd41c1e26fd, Nodes: a355c4c2-cbce-4d32-ac2d-5d7efcc7e61b{ip: 192.168.69.81, host: pr-hdds-2109-6lgm5-4208394744, networkLocation: /default-rack, certSerialId: null}608419ff-9e1e-46ed-b668-4d330b5fd69a{ip: 192.168.69.81, host: pr-hdds-2109-6lgm5-4208394744, networkLocation: /default-rack, certSerialId: null}5a49129c-fcc1-4df1-b4f9-e84c17474790{ip: 192.168.69.81, host: pr-hdds-2109-6lgm5-4208394744, networkLocation: /default-rack, certSerialId: null}, Type:RATIS, Factor:THREE, State:CLOSED]
2019-09-11 12:41:43,008 [java.util.concurrent.ThreadPoolExecutor$Worker@82c091c[State = -1, empty queue]] WARN  server.GrpcLogAppender (GrpcLogAppender.java:timeoutAppendRequest(200)) - 5a49129c-fcc1-4df1-b4f9-e84c17474790@group-7BD41C1E26FD->a355c4c2-cbce-4d32-ac2d-5d7efcc7e61b-GrpcLogAppender: appendEntries Timeout, request=5a49129c-fcc1-4df1-b4f9-e84c17474790->a355c4c2-cbce-4d32-ac2d-5d7efcc7e61b#70-t1, previous=(t:1, i:12), leaderCommit=6, initializing? false, entries: <empty>
2019-09-11 12:41:43,011 [java.util.concurrent.ThreadPoolExecutor$Worker@7a8a8415[State = -1, empty queue]] WARN  server.GrpcLogAppender (GrpcLogAppender.java:timeoutAppendRequest(200)) - 5a49129c-fcc1-4df1-b4f9-e84c17474790@group-7BD41C1E26FD->608419ff-9e1e-46ed-b668-4d330b5fd69a-GrpcLogAppender: appendEntries Timeout, request=5a49129c-fcc1-4df1-b4f9-e84c17474790->608419ff-9e1e-46ed-b668-4d330b5fd69a#70-t1, previous=(t:1, i:12), leaderCommit=6, initializing? false, entries: <empty>
2019-09-11 12:41:45,010 [org.apache.ratis.server.impl.LogAppender$AppenderDaemon$$Lambda$485/1842952795@1ad30ca5] ERROR ratis.XceiverServerRatis (XceiverServerRatis.java:triggerPipelineClose(568)) - pipeline Action CLOSE  on pipeline PipelineID=21608d1a-2997-47fb-85ec-7bd41c1e26fd.Reason : 5a49129c-fcc1-4df1-b4f9-e84c17474790 has not seen follower/s a355c4c2-cbce-4d32-ac2d-5d7efcc7e61b for 150043ms 608419ff-9e1e-46ed-b668-4d330b5fd69a for 150040ms
2019-09-11 12:41:45,012 [org.apache.ratis.server.impl.LogAppender$AppenderDaemon$$Lambda$485/1842952795@1973b645] ERROR ratis.XceiverServerRatis (XceiverServerRatis.java:triggerPipelineClose(568)) - pipeline Action CLOSE  on pipeline PipelineID=21608d1a-2997-47fb-85ec-7bd41c1e26fd.Reason : 5a49129c-fcc1-4df1-b4f9-e84c17474790 has not seen follower/s a355c4c2-cbce-4d32-ac2d-5d7efcc7e61b for 150046ms 608419ff-9e1e-46ed-b668-4d330b5fd69a for 150043ms
2019-09-11 12:41:45,489 [5a49129c-fcc1-4df1-b4f9-e84c17474790@group-7BD41C1E26FD-SegmentedRaftLogWorker] WARN  segmented.SegmentedRaftLogWorker (SegmentedRaftLogWorker.java:getFromFuture(90)) - Timeout 14/~
org.apache.ratis.protocol.TimeoutIOException: Timeout 10s: WriteLog:8: (t:1, i:8), STATEMACHINELOGENTRY, client-2FDB34E1AA20, cid=17-writeStateMachineData
	at org.apache.ratis.util.IOUtils.getFromFuture(IOUtils.java:87)
	at org.apache.ratis.server.raftlog.segmented.SegmentedRaftLogWorker$StateMachineDataPolicy.getFromFuture(SegmentedRaftLogWorker.java:87)
	at org.apache.ratis.server.raftlog.segmented.SegmentedRaftLogWorker$WriteLog.execute(SegmentedRaftLogWorker.java:477)
	at org.apache.ratis.server.raftlog.segmented.SegmentedRaftLogWorker.run(SegmentedRaftLogWorker.java:289)
	at java.lang.Thread.run(Thread.java:748)
Caused by: java.util.concurrent.TimeoutException
	at java.util.concurrent.CompletableFuture.timedGet(CompletableFuture.java:1771)
	at java.util.concurrent.CompletableFuture.get(CompletableFuture.java:1915)
	at org.apache.ratis.util.IOUtils.getFromFuture(IOUtils.java:79)
	... 4 more
2019-09-11 12:41:45,504 [608419ff-9e1e-46ed-b668-4d330b5fd69a@group-7BD41C1E26FD-SegmentedRaftLogWorker] WARN  segmented.SegmentedRaftLogWorker (SegmentedRaftLogWorker.java:getFromFuture(90)) - Timeout 14/~
org.apache.ratis.protocol.TimeoutIOException: Timeout 10s: WriteLog:8: (t:1, i:8), STATEMACHINELOGENTRY, client-2FDB34E1AA20, cid=17-writeStateMachineData
	at org.apache.ratis.util.IOUtils.getFromFuture(IOUtils.java:87)
	at org.apache.ratis.server.raftlog.segmented.SegmentedRaftLogWorker$StateMachineDataPolicy.getFromFuture(SegmentedRaftLogWorker.java:87)
	at org.apache.ratis.server.raftlog.segmented.SegmentedRaftLogWorker$WriteLog.execute(SegmentedRaftLogWorker.java:477)
	at org.apache.ratis.server.raftlog.segmented.SegmentedRaftLogWorker.run(SegmentedRaftLogWorker.java:289)
	at java.lang.Thread.run(Thread.java:748)
Caused by: java.util.concurrent.TimeoutException
	at java.util.concurrent.CompletableFuture.timedGet(CompletableFuture.java:1771)
	at java.util.concurrent.CompletableFuture.get(CompletableFuture.java:1915)
	at org.apache.ratis.util.IOUtils.getFromFuture(IOUtils.java:79)
	... 4 more
2019-09-11 12:41:45,505 [a355c4c2-cbce-4d32-ac2d-5d7efcc7e61b@group-7BD41C1E26FD-SegmentedRaftLogWorker] WARN  segmented.SegmentedRaftLogWorker (SegmentedRaftLogWorker.java:getFromFuture(90)) - Timeout 14/~
org.apache.ratis.protocol.TimeoutIOException: Timeout 10s: WriteLog:8: (t:1, i:8), STATEMACHINELOGENTRY, client-2FDB34E1AA20, cid=17-writeStateMachineData
	at org.apache.ratis.util.IOUtils.getFromFuture(IOUtils.java:87)
	at org.apache.ratis.server.raftlog.segmented.SegmentedRaftLogWorker$StateMachineDataPolicy.getFromFuture(SegmentedRaftLogWorker.java:87)
	at org.apache.ratis.server.raftlog.segmented.SegmentedRaftLogWorker$WriteLog.execute(SegmentedRaftLogWorker.java:477)
	at org.apache.ratis.server.raftlog.segmented.SegmentedRaftLogWorker.run(SegmentedRaftLogWorker.java:289)
	at java.lang.Thread.run(Thread.java:748)
Caused by: java.util.concurrent.TimeoutException
	at java.util.concurrent.CompletableFuture.timedGet(CompletableFuture.java:1771)
	at java.util.concurrent.CompletableFuture.get(CompletableFuture.java:1915)
	at org.apache.ratis.util.IOUtils.getFromFuture(IOUtils.java:79)
	... 4 more
2019-09-11 12:41:45,509 [java.util.concurrent.ThreadPoolExecutor$Worker@82c091c[State = -1, empty queue]] WARN  server.GrpcLogAppender (GrpcLogAppender.java:timeoutAppendRequest(200)) - 5a49129c-fcc1-4df1-b4f9-e84c17474790@group-7BD41C1E26FD->a355c4c2-cbce-4d32-ac2d-5d7efcc7e61b-GrpcLogAppender: appendEntries Timeout, request=5a49129c-fcc1-4df1-b4f9-e84c17474790->a355c4c2-cbce-4d32-ac2d-5d7efcc7e61b#71-t1, previous=(t:1, i:12), leaderCommit=6, initializing? false, entries: <empty>
2019-09-11 12:41:45,512 [java.util.concurrent.ThreadPoolExecutor$Worker@7a8a8415[State = -1, empty queue]] WARN  server.GrpcLogAppender (GrpcLogAppender.java:timeoutAppendRequest(200)) - 5a49129c-fcc1-4df1-b4f9-e84c17474790@group-7BD41C1E26FD->608419ff-9e1e-46ed-b668-4d330b5fd69a-GrpcLogAppender: appendEntries Timeout, request=5a49129c-fcc1-4df1-b4f9-e84c17474790->608419ff-9e1e-46ed-b668-4d330b5fd69a#71-t1, previous=(t:1, i:12), leaderCommit=6, initializing? false, entries: <empty>
2019-09-11 12:41:45,528 [EventQueue-PipelineActionsForPipelineActionHandler] ERROR pipeline.PipelineActionHandler (PipelineActionHandler.java:onMessage(60)) - Received pipeline action CLOSE for Pipeline[ Id: 21608d1a-2997-47fb-85ec-7bd41c1e26fd, Nodes: a355c4c2-cbce-4d32-ac2d-5d7efcc7e61b{ip: 192.168.69.81, host: pr-hdds-2109-6lgm5-4208394744, networkLocation: /default-rack, certSerialId: null}608419ff-9e1e-46ed-b668-4d330b5fd69a{ip: 192.168.69.81, host: pr-hdds-2109-6lgm5-4208394744, networkLocation: /default-rack, certSerialId: null}5a49129c-fcc1-4df1-b4f9-e84c17474790{ip: 192.168.69.81, host: pr-hdds-2109-6lgm5-4208394744, networkLocation: /default-rack, certSerialId: null}, Type:RATIS, Factor:THREE, State:CLOSED] from datanode 5a49129c-fcc1-4df1-b4f9-e84c17474790{ip: 192.168.69.81, host: pr-hdds-2109-6lgm5-4208394744, networkLocation: /default-rack, certSerialId: null}. Reason : 5a49129c-fcc1-4df1-b4f9-e84c17474790 has not seen follower/s a355c4c2-cbce-4d32-ac2d-5d7efcc7e61b for 150043ms 608419ff-9e1e-46ed-b668-4d330b5fd69a for 150040ms
2019-09-11 12:41:45,528 [EventQueue-PipelineActionsForPipelineActionHandler] INFO  pipeline.SCMPipelineManager (SCMPipelineManager.java:finalizeAndDestroyPipeline(311)) - destroying pipeline:Pipeline[ Id: 21608d1a-2997-47fb-85ec-7bd41c1e26fd, Nodes: a355c4c2-cbce-4d32-ac2d-5d7efcc7e61b{ip: 192.168.69.81, host: pr-hdds-2109-6lgm5-4208394744, networkLocation: /default-rack, certSerialId: null}608419ff-9e1e-46ed-b668-4d330b5fd69a{ip: 192.168.69.81, host: pr-hdds-2109-6lgm5-4208394744, networkLocation: /default-rack, certSerialId: null}5a49129c-fcc1-4df1-b4f9-e84c17474790{ip: 192.168.69.81, host: pr-hdds-2109-6lgm5-4208394744, networkLocation: /default-rack, certSerialId: null}, Type:RATIS, Factor:THREE, State:CLOSED]
2019-09-11 12:41:47,080 [grpc-default-executor-3] INFO  client.GrpcClientProtocolClient (GrpcClientProtocolClient.java:onNext(264)) - client-2FDB34E1AA20->608419ff-9e1e-46ed-b668-4d330b5fd69a: receive RaftClientReply:client-2FDB34E1AA20->608419ff-9e1e-46ed-b668-4d330b5fd69a@group-7BD41C1E26FD, cid=16, FAILED org.apache.ratis.protocol.NotLeaderException: Server 608419ff-9e1e-46ed-b668-4d330b5fd69a@group-7BD41C1E26FD is not the leader 5a49129c-fcc1-4df1-b4f9-e84c17474790:192.168.69.81:36288, logIndex=0, commits[608419ff-9e1e-46ed-b668-4d330b5fd69a:c6, a355c4c2-cbce-4d32-ac2d-5d7efcc7e61b:c4, 5a49129c-fcc1-4df1-b4f9-e84c17474790:c6]
2019-09-11 12:41:47,511 [org.apache.ratis.server.impl.LogAppender$AppenderDaemon$$Lambda$485/1842952795@1ad30ca5] ERROR ratis.XceiverServerRatis (XceiverServerRatis.java:triggerPipelineClose(568)) - pipeline Action CLOSE  on pipeline PipelineID=21608d1a-2997-47fb-85ec-7bd41c1e26fd.Reason : 5a49129c-fcc1-4df1-b4f9-e84c17474790 has not seen follower/s a355c4c2-cbce-4d32-ac2d-5d7efcc7e61b for 152544ms 608419ff-9e1e-46ed-b668-4d330b5fd69a for 152541ms
2019-09-11 12:41:47,513 [org.apache.ratis.server.impl.LogAppender$AppenderDaemon$$Lambda$485/1842952795@1973b645] ERROR ratis.XceiverServerRatis (XceiverServerRatis.java:triggerPipelineClose(568)) - pipeline Action CLOSE  on pipeline PipelineID=21608d1a-2997-47fb-85ec-7bd41c1e26fd.Reason : 5a49129c-fcc1-4df1-b4f9-e84c17474790 has not seen follower/s a355c4c2-cbce-4d32-ac2d-5d7efcc7e61b for 152546ms 608419ff-9e1e-46ed-b668-4d330b5fd69a for 152543ms
2019-09-11 12:41:47,527 [EventQueue-PipelineActionsForPipelineActionHandler] ERROR pipeline.PipelineActionHandler (PipelineActionHandler.java:onMessage(60)) - Received pipeline action CLOSE for Pipeline[ Id: 21608d1a-2997-47fb-85ec-7bd41c1e26fd, Nodes: a355c4c2-cbce-4d32-ac2d-5d7efcc7e61b{ip: 192.168.69.81, host: pr-hdds-2109-6lgm5-4208394744, networkLocation: /default-rack, certSerialId: null}608419ff-9e1e-46ed-b668-4d330b5fd69a{ip: 192.168.69.81, host: pr-hdds-2109-6lgm5-4208394744, networkLocation: /default-rack, certSerialId: null}5a49129c-fcc1-4df1-b4f9-e84c17474790{ip: 192.168.69.81, host: pr-hdds-2109-6lgm5-4208394744, networkLocation: /default-rack, certSerialId: null}, Type:RATIS, Factor:THREE, State:CLOSED] from datanode 5a49129c-fcc1-4df1-b4f9-e84c17474790{ip: 192.168.69.81, host: pr-hdds-2109-6lgm5-4208394744, networkLocation: /default-rack, certSerialId: null}. Reason : 5a49129c-fcc1-4df1-b4f9-e84c17474790 has not seen follower/s a355c4c2-cbce-4d32-ac2d-5d7efcc7e61b for 152544ms 608419ff-9e1e-46ed-b668-4d330b5fd69a for 152541ms
2019-09-11 12:41:47,527 [EventQueue-PipelineActionsForPipelineActionHandler] INFO  pipeline.SCMPipelineManager (SCMPipelineManager.java:finalizeAndDestroyPipeline(311)) - destroying pipeline:Pipeline[ Id: 21608d1a-2997-47fb-85ec-7bd41c1e26fd, Nodes: a355c4c2-cbce-4d32-ac2d-5d7efcc7e61b{ip: 192.168.69.81, host: pr-hdds-2109-6lgm5-4208394744, networkLocation: /default-rack, certSerialId: null}608419ff-9e1e-46ed-b668-4d330b5fd69a{ip: 192.168.69.81, host: pr-hdds-2109-6lgm5-4208394744, networkLocation: /default-rack, certSerialId: null}5a49129c-fcc1-4df1-b4f9-e84c17474790{ip: 192.168.69.81, host: pr-hdds-2109-6lgm5-4208394744, networkLocation: /default-rack, certSerialId: null}, Type:RATIS, Factor:THREE, State:CLOSED]
2019-09-11 12:41:48,010 [java.util.concurrent.ThreadPoolExecutor$Worker@82c091c[State = -1, empty queue]] WARN  server.GrpcLogAppender (GrpcLogAppender.java:timeoutAppendRequest(200)) - 5a49129c-fcc1-4df1-b4f9-e84c17474790@group-7BD41C1E26FD->a355c4c2-cbce-4d32-ac2d-5d7efcc7e61b-GrpcLogAppender: appendEntries Timeout, request=5a49129c-fcc1-4df1-b4f9-e84c17474790->a355c4c2-cbce-4d32-ac2d-5d7efcc7e61b#72-t1, previous=(t:1, i:12), leaderCommit=6, initializing? false, entries: <empty>
2019-09-11 12:41:48,012 [java.util.concurrent.ThreadPoolExecutor$Worker@7a8a8415[State = -1, empty queue]] WARN  server.GrpcLogAppender (GrpcLogAppender.java:timeoutAppendRequest(200)) - 5a49129c-fcc1-4df1-b4f9-e84c17474790@group-7BD41C1E26FD->608419ff-9e1e-46ed-b668-4d330b5fd69a-GrpcLogAppender: appendEntries Timeout, request=5a49129c-fcc1-4df1-b4f9-e84c17474790->608419ff-9e1e-46ed-b668-4d330b5fd69a#72-t1, previous=(t:1, i:12), leaderCommit=6, initializing? false, entries: <empty>
2019-09-11 12:41:50,012 [org.apache.ratis.server.impl.LogAppender$AppenderDaemon$$Lambda$485/1842952795@1ad30ca5] ERROR ratis.XceiverServerRatis (XceiverServerRatis.java:triggerPipelineClose(568)) - pipeline Action CLOSE  on pipeline PipelineID=21608d1a-2997-47fb-85ec-7bd41c1e26fd.Reason : 5a49129c-fcc1-4df1-b4f9-e84c17474790 has not seen follower/s a355c4c2-cbce-4d32-ac2d-5d7efcc7e61b for 155045ms 608419ff-9e1e-46ed-b668-4d330b5fd69a for 155042ms
2019-09-11 12:41:50,014 [org.apache.ratis.server.impl.LogAppender$AppenderDaemon$$Lambda$485/1842952795@1973b645] ERROR ratis.XceiverServerRatis (XceiverServerRatis.java:triggerPipelineClose(568)) - pipeline Action CLOSE  on pipeline PipelineID=21608d1a-2997-47fb-85ec-7bd41c1e26fd.Reason : 5a49129c-fcc1-4df1-b4f9-e84c17474790 has not seen follower/s a355c4c2-cbce-4d32-ac2d-5d7efcc7e61b for 155047ms 608419ff-9e1e-46ed-b668-4d330b5fd69a for 155044ms
2019-09-11 12:41:50,511 [java.util.concurrent.ThreadPoolExecutor$Worker@82c091c[State = -1, empty queue]] WARN  server.GrpcLogAppender (GrpcLogAppender.java:timeoutAppendRequest(200)) - 5a49129c-fcc1-4df1-b4f9-e84c17474790@group-7BD41C1E26FD->a355c4c2-cbce-4d32-ac2d-5d7efcc7e61b-GrpcLogAppender: appendEntries Timeout, request=5a49129c-fcc1-4df1-b4f9-e84c17474790->a355c4c2-cbce-4d32-ac2d-5d7efcc7e61b#73-t1, previous=(t:1, i:12), leaderCommit=6, initializing? false, entries: <empty>
2019-09-11 12:41:50,513 [java.util.concurrent.ThreadPoolExecutor$Worker@7a8a8415[State = -1, empty queue]] WARN  server.GrpcLogAppender (GrpcLogAppender.java:timeoutAppendRequest(200)) - 5a49129c-fcc1-4df1-b4f9-e84c17474790@group-7BD41C1E26FD->608419ff-9e1e-46ed-b668-4d330b5fd69a-GrpcLogAppender: appendEntries Timeout, request=5a49129c-fcc1-4df1-b4f9-e84c17474790->608419ff-9e1e-46ed-b668-4d330b5fd69a#73-t1, previous=(t:1, i:12), leaderCommit=6, initializing? false, entries: <empty>
2019-09-11 12:41:50,527 [EventQueue-PipelineActionsForPipelineActionHandler] ERROR pipeline.PipelineActionHandler (PipelineActionHandler.java:onMessage(60)) - Received pipeline action CLOSE for Pipeline[ Id: 21608d1a-2997-47fb-85ec-7bd41c1e26fd, Nodes: a355c4c2-cbce-4d32-ac2d-5d7efcc7e61b{ip: 192.168.69.81, host: pr-hdds-2109-6lgm5-4208394744, networkLocation: /default-rack, certSerialId: null}608419ff-9e1e-46ed-b668-4d330b5fd69a{ip: 192.168.69.81, host: pr-hdds-2109-6lgm5-4208394744, networkLocation: /default-rack, certSerialId: null}5a49129c-fcc1-4df1-b4f9-e84c17474790{ip: 192.168.69.81, host: pr-hdds-2109-6lgm5-4208394744, networkLocation: /default-rack, certSerialId: null}, Type:RATIS, Factor:THREE, State:CLOSED] from datanode 5a49129c-fcc1-4df1-b4f9-e84c17474790{ip: 192.168.69.81, host: pr-hdds-2109-6lgm5-4208394744, networkLocation: /default-rack, certSerialId: null}. Reason : 5a49129c-fcc1-4df1-b4f9-e84c17474790 has not seen follower/s a355c4c2-cbce-4d32-ac2d-5d7efcc7e61b for 155045ms 608419ff-9e1e-46ed-b668-4d330b5fd69a for 155042ms
2019-09-11 12:41:50,527 [EventQueue-PipelineActionsForPipelineActionHandler] INFO  pipeline.SCMPipelineManager (SCMPipelineManager.java:finalizeAndDestroyPipeline(311)) - destroying pipeline:Pipeline[ Id: 21608d1a-2997-47fb-85ec-7bd41c1e26fd, Nodes: a355c4c2-cbce-4d32-ac2d-5d7efcc7e61b{ip: 192.168.69.81, host: pr-hdds-2109-6lgm5-4208394744, networkLocation: /default-rack, certSerialId: null}608419ff-9e1e-46ed-b668-4d330b5fd69a{ip: 192.168.69.81, host: pr-hdds-2109-6lgm5-4208394744, networkLocation: /default-rack, certSerialId: null}5a49129c-fcc1-4df1-b4f9-e84c17474790{ip: 192.168.69.81, host: pr-hdds-2109-6lgm5-4208394744, networkLocation: /default-rack, certSerialId: null}, Type:RATIS, Factor:THREE, State:CLOSED]
2019-09-11 12:41:52,133 [grpc-default-executor-3] INFO  client.GrpcClientProtocolClient (GrpcClientProtocolClient.java:onNext(264)) - client-2FDB34E1AA20->a355c4c2-cbce-4d32-ac2d-5d7efcc7e61b: receive RaftClientReply:client-2FDB34E1AA20->a355c4c2-cbce-4d32-ac2d-5d7efcc7e61b@group-7BD41C1E26FD, cid=16, FAILED org.apache.ratis.protocol.NotLeaderException: Server a355c4c2-cbce-4d32-ac2d-5d7efcc7e61b@group-7BD41C1E26FD is not the leader 5a49129c-fcc1-4df1-b4f9-e84c17474790:192.168.69.81:36288, logIndex=0, commits[a355c4c2-cbce-4d32-ac2d-5d7efcc7e61b:c6, 608419ff-9e1e-46ed-b668-4d330b5fd69a:c4, 5a49129c-fcc1-4df1-b4f9-e84c17474790:c6]
2019-09-11 12:41:52,513 [org.apache.ratis.server.impl.LogAppender$AppenderDaemon$$Lambda$485/1842952795@1ad30ca5] ERROR ratis.XceiverServerRatis (XceiverServerRatis.java:triggerPipelineClose(568)) - pipeline Action CLOSE  on pipeline PipelineID=21608d1a-2997-47fb-85ec-7bd41c1e26fd.Reason : 5a49129c-fcc1-4df1-b4f9-e84c17474790 has not seen follower/s a355c4c2-cbce-4d32-ac2d-5d7efcc7e61b for 157546ms 608419ff-9e1e-46ed-b668-4d330b5fd69a for 157543ms
2019-09-11 12:41:52,514 [org.apache.ratis.server.impl.LogAppender$AppenderDaemon$$Lambda$485/1842952795@1973b645] ERROR ratis.XceiverServerRatis (XceiverServerRatis.java:triggerPipelineClose(568)) - pipeline Action CLOSE  on pipeline PipelineID=21608d1a-2997-47fb-85ec-7bd41c1e26fd.Reason : 5a49129c-fcc1-4df1-b4f9-e84c17474790 has not seen follower/s a355c4c2-cbce-4d32-ac2d-5d7efcc7e61b for 157548ms 608419ff-9e1e-46ed-b668-4d330b5fd69a for 157544ms
2019-09-11 12:41:52,527 [EventQueue-PipelineActionsForPipelineActionHandler] ERROR pipeline.PipelineActionHandler (PipelineActionHandler.java:onMessage(60)) - Received pipeline action CLOSE for Pipeline[ Id: 21608d1a-2997-47fb-85ec-7bd41c1e26fd, Nodes: a355c4c2-cbce-4d32-ac2d-5d7efcc7e61b{ip: 192.168.69.81, host: pr-hdds-2109-6lgm5-4208394744, networkLocation: /default-rack, certSerialId: null}608419ff-9e1e-46ed-b668-4d330b5fd69a{ip: 192.168.69.81, host: pr-hdds-2109-6lgm5-4208394744, networkLocation: /default-rack, certSerialId: null}5a49129c-fcc1-4df1-b4f9-e84c17474790{ip: 192.168.69.81, host: pr-hdds-2109-6lgm5-4208394744, networkLocation: /default-rack, certSerialId: null}, Type:RATIS, Factor:THREE, State:CLOSED] from datanode 5a49129c-fcc1-4df1-b4f9-e84c17474790{ip: 192.168.69.81, host: pr-hdds-2109-6lgm5-4208394744, networkLocation: /default-rack, certSerialId: null}. Reason : 5a49129c-fcc1-4df1-b4f9-e84c17474790 has not seen follower/s a355c4c2-cbce-4d32-ac2d-5d7efcc7e61b for 157546ms 608419ff-9e1e-46ed-b668-4d330b5fd69a for 157543ms
2019-09-11 12:41:52,527 [EventQueue-PipelineActionsForPipelineActionHandler] INFO  pipeline.SCMPipelineManager (SCMPipelineManager.java:finalizeAndDestroyPipeline(311)) - destroying pipeline:Pipeline[ Id: 21608d1a-2997-47fb-85ec-7bd41c1e26fd, Nodes: a355c4c2-cbce-4d32-ac2d-5d7efcc7e61b{ip: 192.168.69.81, host: pr-hdds-2109-6lgm5-4208394744, networkLocation: /default-rack, certSerialId: null}608419ff-9e1e-46ed-b668-4d330b5fd69a{ip: 192.168.69.81, host: pr-hdds-2109-6lgm5-4208394744, networkLocation: /default-rack, certSerialId: null}5a49129c-fcc1-4df1-b4f9-e84c17474790{ip: 192.168.69.81, host: pr-hdds-2109-6lgm5-4208394744, networkLocation: /default-rack, certSerialId: null}, Type:RATIS, Factor:THREE, State:CLOSED]
2019-09-11 12:41:53,012 [java.util.concurrent.ThreadPoolExecutor$Worker@82c091c[State = -1, empty queue]] WARN  server.GrpcLogAppender (GrpcLogAppender.java:timeoutAppendRequest(200)) - 5a49129c-fcc1-4df1-b4f9-e84c17474790@group-7BD41C1E26FD->a355c4c2-cbce-4d32-ac2d-5d7efcc7e61b-GrpcLogAppender: appendEntries Timeout, request=5a49129c-fcc1-4df1-b4f9-e84c17474790->a355c4c2-cbce-4d32-ac2d-5d7efcc7e61b#74-t1, previous=(t:1, i:12), leaderCommit=6, initializing? false, entries: <empty>
2019-09-11 12:41:53,014 [java.util.concurrent.ThreadPoolExecutor$Worker@7a8a8415[State = -1, empty queue]] WARN  server.GrpcLogAppender (GrpcLogAppender.java:timeoutAppendRequest(200)) - 5a49129c-fcc1-4df1-b4f9-e84c17474790@group-7BD41C1E26FD->608419ff-9e1e-46ed-b668-4d330b5fd69a-GrpcLogAppender: appendEntries Timeout, request=5a49129c-fcc1-4df1-b4f9-e84c17474790->608419ff-9e1e-46ed-b668-4d330b5fd69a#74-t1, previous=(t:1, i:12), leaderCommit=6, initializing? false, entries: <empty>
2019-09-11 12:41:55,014 [org.apache.ratis.server.impl.LogAppender$AppenderDaemon$$Lambda$485/1842952795@1ad30ca5] ERROR ratis.XceiverServerRatis (XceiverServerRatis.java:triggerPipelineClose(568)) - pipeline Action CLOSE  on pipeline PipelineID=21608d1a-2997-47fb-85ec-7bd41c1e26fd.Reason : 5a49129c-fcc1-4df1-b4f9-e84c17474790 has not seen follower/s a355c4c2-cbce-4d32-ac2d-5d7efcc7e61b for 160047ms 608419ff-9e1e-46ed-b668-4d330b5fd69a for 160044ms
2019-09-11 12:41:55,015 [org.apache.ratis.server.impl.LogAppender$AppenderDaemon$$Lambda$485/1842952795@1973b645] ERROR ratis.XceiverServerRatis (XceiverServerRatis.java:triggerPipelineClose(568)) - pipeline Action CLOSE  on pipeline PipelineID=21608d1a-2997-47fb-85ec-7bd41c1e26fd.Reason : 5a49129c-fcc1-4df1-b4f9-e84c17474790 has not seen follower/s a355c4c2-cbce-4d32-ac2d-5d7efcc7e61b for 160049ms 608419ff-9e1e-46ed-b668-4d330b5fd69a for 160045ms
2019-09-11 12:41:55,491 [5a49129c-fcc1-4df1-b4f9-e84c17474790@group-7BD41C1E26FD-SegmentedRaftLogWorker] WARN  segmented.SegmentedRaftLogWorker (SegmentedRaftLogWorker.java:getFromFuture(90)) - Timeout 15/~
org.apache.ratis.protocol.TimeoutIOException: Timeout 10s: WriteLog:8: (t:1, i:8), STATEMACHINELOGENTRY, client-2FDB34E1AA20, cid=17-writeStateMachineData
	at org.apache.ratis.util.IOUtils.getFromFuture(IOUtils.java:87)
	at org.apache.ratis.server.raftlog.segmented.SegmentedRaftLogWorker$StateMachineDataPolicy.getFromFuture(SegmentedRaftLogWorker.java:87)
	at org.apache.ratis.server.raftlog.segmented.SegmentedRaftLogWorker$WriteLog.execute(SegmentedRaftLogWorker.java:477)
	at org.apache.ratis.server.raftlog.segmented.SegmentedRaftLogWorker.run(SegmentedRaftLogWorker.java:289)
	at java.lang.Thread.run(Thread.java:748)
Caused by: java.util.concurrent.TimeoutException
	at java.util.concurrent.CompletableFuture.timedGet(CompletableFuture.java:1771)
	at java.util.concurrent.CompletableFuture.get(CompletableFuture.java:1915)
	at org.apache.ratis.util.IOUtils.getFromFuture(IOUtils.java:79)
	... 4 more
2019-09-11 12:41:55,505 [608419ff-9e1e-46ed-b668-4d330b5fd69a@group-7BD41C1E26FD-SegmentedRaftLogWorker] WARN  segmented.SegmentedRaftLogWorker (SegmentedRaftLogWorker.java:getFromFuture(90)) - Timeout 15/~
org.apache.ratis.protocol.TimeoutIOException: Timeout 10s: WriteLog:8: (t:1, i:8), STATEMACHINELOGENTRY, client-2FDB34E1AA20, cid=17-writeStateMachineData
	at org.apache.ratis.util.IOUtils.getFromFuture(IOUtils.java:87)
	at org.apache.ratis.server.raftlog.segmented.SegmentedRaftLogWorker$StateMachineDataPolicy.getFromFuture(SegmentedRaftLogWorker.java:87)
	at org.apache.ratis.server.raftlog.segmented.SegmentedRaftLogWorker$WriteLog.execute(SegmentedRaftLogWorker.java:477)
	at org.apache.ratis.server.raftlog.segmented.SegmentedRaftLogWorker.run(SegmentedRaftLogWorker.java:289)
	at java.lang.Thread.run(Thread.java:748)
Caused by: java.util.concurrent.TimeoutException
	at java.util.concurrent.CompletableFuture.timedGet(CompletableFuture.java:1771)
	at java.util.concurrent.CompletableFuture.get(CompletableFuture.java:1915)
	at org.apache.ratis.util.IOUtils.getFromFuture(IOUtils.java:79)
	... 4 more
2019-09-11 12:41:55,527 [java.util.concurrent.ThreadPoolExecutor$Worker@7a8a8415[State = -1, empty queue]] WARN  server.GrpcLogAppender (GrpcLogAppender.java:timeoutAppendRequest(200)) - 5a49129c-fcc1-4df1-b4f9-e84c17474790@group-7BD41C1E26FD->608419ff-9e1e-46ed-b668-4d330b5fd69a-GrpcLogAppender: appendEntries Timeout, request=5a49129c-fcc1-4df1-b4f9-e84c17474790->608419ff-9e1e-46ed-b668-4d330b5fd69a#75-t1, previous=(t:1, i:12), leaderCommit=6, initializing? false, entries: <empty>
2019-09-11 12:41:55,520 [java.util.concurrent.ThreadPoolExecutor$Worker@82c091c[State = -1, empty queue]] WARN  server.GrpcLogAppender (GrpcLogAppender.java:timeoutAppendRequest(200)) - 5a49129c-fcc1-4df1-b4f9-e84c17474790@group-7BD41C1E26FD->a355c4c2-cbce-4d32-ac2d-5d7efcc7e61b-GrpcLogAppender: appendEntries Timeout, request=5a49129c-fcc1-4df1-b4f9-e84c17474790->a355c4c2-cbce-4d32-ac2d-5d7efcc7e61b#75-t1, previous=(t:1, i:12), leaderCommit=6, initializing? false, entries: <empty>
2019-09-11 12:41:55,527 [a355c4c2-cbce-4d32-ac2d-5d7efcc7e61b@group-7BD41C1E26FD-SegmentedRaftLogWorker] WARN  segmented.SegmentedRaftLogWorker (SegmentedRaftLogWorker.java:getFromFuture(90)) - Timeout 15/~
org.apache.ratis.protocol.TimeoutIOException: Timeout 10s: WriteLog:8: (t:1, i:8), STATEMACHINELOGENTRY, client-2FDB34E1AA20, cid=17-writeStateMachineData
	at org.apache.ratis.util.IOUtils.getFromFuture(IOUtils.java:87)
	at org.apache.ratis.server.raftlog.segmented.SegmentedRaftLogWorker$StateMachineDataPolicy.getFromFuture(SegmentedRaftLogWorker.java:87)
	at org.apache.ratis.server.raftlog.segmented.SegmentedRaftLogWorker$WriteLog.execute(SegmentedRaftLogWorker.java:477)
	at org.apache.ratis.server.raftlog.segmented.SegmentedRaftLogWorker.run(SegmentedRaftLogWorker.java:289)
	at java.lang.Thread.run(Thread.java:748)
Caused by: java.util.concurrent.TimeoutException
	at java.util.concurrent.CompletableFuture.timedGet(CompletableFuture.java:1771)
	at java.util.concurrent.CompletableFuture.get(CompletableFuture.java:1915)
	at org.apache.ratis.util.IOUtils.getFromFuture(IOUtils.java:79)
	... 4 more
2019-09-11 12:41:55,528 [EventQueue-PipelineActionsForPipelineActionHandler] ERROR pipeline.PipelineActionHandler (PipelineActionHandler.java:onMessage(60)) - Received pipeline action CLOSE for Pipeline[ Id: 21608d1a-2997-47fb-85ec-7bd41c1e26fd, Nodes: a355c4c2-cbce-4d32-ac2d-5d7efcc7e61b{ip: 192.168.69.81, host: pr-hdds-2109-6lgm5-4208394744, networkLocation: /default-rack, certSerialId: null}608419ff-9e1e-46ed-b668-4d330b5fd69a{ip: 192.168.69.81, host: pr-hdds-2109-6lgm5-4208394744, networkLocation: /default-rack, certSerialId: null}5a49129c-fcc1-4df1-b4f9-e84c17474790{ip: 192.168.69.81, host: pr-hdds-2109-6lgm5-4208394744, networkLocation: /default-rack, certSerialId: null}, Type:RATIS, Factor:THREE, State:CLOSED] from datanode 5a49129c-fcc1-4df1-b4f9-e84c17474790{ip: 192.168.69.81, host: pr-hdds-2109-6lgm5-4208394744, networkLocation: /default-rack, certSerialId: null}. Reason : 5a49129c-fcc1-4df1-b4f9-e84c17474790 has not seen follower/s a355c4c2-cbce-4d32-ac2d-5d7efcc7e61b for 160047ms 608419ff-9e1e-46ed-b668-4d330b5fd69a for 160044ms
2019-09-11 12:41:55,528 [EventQueue-PipelineActionsForPipelineActionHandler] INFO  pipeline.SCMPipelineManager (SCMPipelineManager.java:finalizeAndDestroyPipeline(311)) - destroying pipeline:Pipeline[ Id: 21608d1a-2997-47fb-85ec-7bd41c1e26fd, Nodes: a355c4c2-cbce-4d32-ac2d-5d7efcc7e61b{ip: 192.168.69.81, host: pr-hdds-2109-6lgm5-4208394744, networkLocation: /default-rack, certSerialId: null}608419ff-9e1e-46ed-b668-4d330b5fd69a{ip: 192.168.69.81, host: pr-hdds-2109-6lgm5-4208394744, networkLocation: /default-rack, certSerialId: null}5a49129c-fcc1-4df1-b4f9-e84c17474790{ip: 192.168.69.81, host: pr-hdds-2109-6lgm5-4208394744, networkLocation: /default-rack, certSerialId: null}, Type:RATIS, Factor:THREE, State:CLOSED]
2019-09-11 12:41:57,185 [grpc-default-executor-3] INFO  client.GrpcClientProtocolClient (GrpcClientProtocolClient.java:onNext(264)) - client-2FDB34E1AA20->a355c4c2-cbce-4d32-ac2d-5d7efcc7e61b: receive RaftClientReply:client-2FDB34E1AA20->a355c4c2-cbce-4d32-ac2d-5d7efcc7e61b@group-7BD41C1E26FD, cid=16, FAILED org.apache.ratis.protocol.NotLeaderException: Server a355c4c2-cbce-4d32-ac2d-5d7efcc7e61b@group-7BD41C1E26FD is not the leader 5a49129c-fcc1-4df1-b4f9-e84c17474790:192.168.69.81:36288, logIndex=0, commits[a355c4c2-cbce-4d32-ac2d-5d7efcc7e61b:c6, 608419ff-9e1e-46ed-b668-4d330b5fd69a:c4, 5a49129c-fcc1-4df1-b4f9-e84c17474790:c6]
2019-09-11 12:41:57,515 [org.apache.ratis.server.impl.LogAppender$AppenderDaemon$$Lambda$485/1842952795@1ad30ca5] ERROR ratis.XceiverServerRatis (XceiverServerRatis.java:triggerPipelineClose(568)) - pipeline Action CLOSE  on pipeline PipelineID=21608d1a-2997-47fb-85ec-7bd41c1e26fd.Reason : 5a49129c-fcc1-4df1-b4f9-e84c17474790 has not seen follower/s a355c4c2-cbce-4d32-ac2d-5d7efcc7e61b for 162548ms 608419ff-9e1e-46ed-b668-4d330b5fd69a for 162545ms
2019-09-11 12:41:57,516 [org.apache.ratis.server.impl.LogAppender$AppenderDaemon$$Lambda$485/1842952795@1973b645] ERROR ratis.XceiverServerRatis (XceiverServerRatis.java:triggerPipelineClose(568)) - pipeline Action CLOSE  on pipeline PipelineID=21608d1a-2997-47fb-85ec-7bd41c1e26fd.Reason : 5a49129c-fcc1-4df1-b4f9-e84c17474790 has not seen follower/s a355c4c2-cbce-4d32-ac2d-5d7efcc7e61b for 162549ms 608419ff-9e1e-46ed-b668-4d330b5fd69a for 162546ms
2019-09-11 12:41:57,528 [EventQueue-PipelineActionsForPipelineActionHandler] ERROR pipeline.PipelineActionHandler (PipelineActionHandler.java:onMessage(60)) - Received pipeline action CLOSE for Pipeline[ Id: 21608d1a-2997-47fb-85ec-7bd41c1e26fd, Nodes: a355c4c2-cbce-4d32-ac2d-5d7efcc7e61b{ip: 192.168.69.81, host: pr-hdds-2109-6lgm5-4208394744, networkLocation: /default-rack, certSerialId: null}608419ff-9e1e-46ed-b668-4d330b5fd69a{ip: 192.168.69.81, host: pr-hdds-2109-6lgm5-4208394744, networkLocation: /default-rack, certSerialId: null}5a49129c-fcc1-4df1-b4f9-e84c17474790{ip: 192.168.69.81, host: pr-hdds-2109-6lgm5-4208394744, networkLocation: /default-rack, certSerialId: null}, Type:RATIS, Factor:THREE, State:CLOSED] from datanode 5a49129c-fcc1-4df1-b4f9-e84c17474790{ip: 192.168.69.81, host: pr-hdds-2109-6lgm5-4208394744, networkLocation: /default-rack, certSerialId: null}. Reason : 5a49129c-fcc1-4df1-b4f9-e84c17474790 has not seen follower/s a355c4c2-cbce-4d32-ac2d-5d7efcc7e61b for 162548ms 608419ff-9e1e-46ed-b668-4d330b5fd69a for 162545ms
2019-09-11 12:41:57,528 [EventQueue-PipelineActionsForPipelineActionHandler] INFO  pipeline.SCMPipelineManager (SCMPipelineManager.java:finalizeAndDestroyPipeline(311)) - destroying pipeline:Pipeline[ Id: 21608d1a-2997-47fb-85ec-7bd41c1e26fd, Nodes: a355c4c2-cbce-4d32-ac2d-5d7efcc7e61b{ip: 192.168.69.81, host: pr-hdds-2109-6lgm5-4208394744, networkLocation: /default-rack, certSerialId: null}608419ff-9e1e-46ed-b668-4d330b5fd69a{ip: 192.168.69.81, host: pr-hdds-2109-6lgm5-4208394744, networkLocation: /default-rack, certSerialId: null}5a49129c-fcc1-4df1-b4f9-e84c17474790{ip: 192.168.69.81, host: pr-hdds-2109-6lgm5-4208394744, networkLocation: /default-rack, certSerialId: null}, Type:RATIS, Factor:THREE, State:CLOSED]
2019-09-11 12:41:58,014 [java.util.concurrent.ThreadPoolExecutor$Worker@82c091c[State = -1, empty queue]] WARN  server.GrpcLogAppender (GrpcLogAppender.java:timeoutAppendRequest(200)) - 5a49129c-fcc1-4df1-b4f9-e84c17474790@group-7BD41C1E26FD->a355c4c2-cbce-4d32-ac2d-5d7efcc7e61b-GrpcLogAppender: appendEntries Timeout, request=5a49129c-fcc1-4df1-b4f9-e84c17474790->a355c4c2-cbce-4d32-ac2d-5d7efcc7e61b#76-t1, previous=(t:1, i:12), leaderCommit=6, initializing? false, entries: <empty>
2019-09-11 12:41:58,015 [java.util.concurrent.ThreadPoolExecutor$Worker@7a8a8415[State = -1, empty queue]] WARN  server.GrpcLogAppender (GrpcLogAppender.java:timeoutAppendRequest(200)) - 5a49129c-fcc1-4df1-b4f9-e84c17474790@group-7BD41C1E26FD->608419ff-9e1e-46ed-b668-4d330b5fd69a-GrpcLogAppender: appendEntries Timeout, request=5a49129c-fcc1-4df1-b4f9-e84c17474790->608419ff-9e1e-46ed-b668-4d330b5fd69a#76-t1, previous=(t:1, i:12), leaderCommit=6, initializing? false, entries: <empty>
2019-09-11 12:42:00,016 [org.apache.ratis.server.impl.LogAppender$AppenderDaemon$$Lambda$485/1842952795@1ad30ca5] ERROR ratis.XceiverServerRatis (XceiverServerRatis.java:triggerPipelineClose(568)) - pipeline Action CLOSE  on pipeline PipelineID=21608d1a-2997-47fb-85ec-7bd41c1e26fd.Reason : 5a49129c-fcc1-4df1-b4f9-e84c17474790 has not seen follower/s a355c4c2-cbce-4d32-ac2d-5d7efcc7e61b for 165049ms 608419ff-9e1e-46ed-b668-4d330b5fd69a for 165046ms
2019-09-11 12:42:00,017 [org.apache.ratis.server.impl.LogAppender$AppenderDaemon$$Lambda$485/1842952795@1973b645] ERROR ratis.XceiverServerRatis (XceiverServerRatis.java:triggerPipelineClose(568)) - pipeline Action CLOSE  on pipeline PipelineID=21608d1a-2997-47fb-85ec-7bd41c1e26fd.Reason : 5a49129c-fcc1-4df1-b4f9-e84c17474790 has not seen follower/s a355c4c2-cbce-4d32-ac2d-5d7efcc7e61b for 165050ms 608419ff-9e1e-46ed-b668-4d330b5fd69a for 165047ms
2019-09-11 12:42:00,515 [java.util.concurrent.ThreadPoolExecutor$Worker@82c091c[State = -1, empty queue]] WARN  server.GrpcLogAppender (GrpcLogAppender.java:timeoutAppendRequest(200)) - 5a49129c-fcc1-4df1-b4f9-e84c17474790@group-7BD41C1E26FD->a355c4c2-cbce-4d32-ac2d-5d7efcc7e61b-GrpcLogAppender: appendEntries Timeout, request=5a49129c-fcc1-4df1-b4f9-e84c17474790->a355c4c2-cbce-4d32-ac2d-5d7efcc7e61b#77-t1, previous=(t:1, i:12), leaderCommit=6, initializing? false, entries: <empty>
2019-09-11 12:42:00,516 [java.util.concurrent.ThreadPoolExecutor$Worker@7a8a8415[State = -1, empty queue]] WARN  server.GrpcLogAppender (GrpcLogAppender.java:timeoutAppendRequest(200)) - 5a49129c-fcc1-4df1-b4f9-e84c17474790@group-7BD41C1E26FD->608419ff-9e1e-46ed-b668-4d330b5fd69a-GrpcLogAppender: appendEntries Timeout, request=5a49129c-fcc1-4df1-b4f9-e84c17474790->608419ff-9e1e-46ed-b668-4d330b5fd69a#77-t1, previous=(t:1, i:12), leaderCommit=6, initializing? false, entries: <empty>
2019-09-11 12:42:00,529 [EventQueue-PipelineActionsForPipelineActionHandler] ERROR pipeline.PipelineActionHandler (PipelineActionHandler.java:onMessage(60)) - Received pipeline action CLOSE for Pipeline[ Id: 21608d1a-2997-47fb-85ec-7bd41c1e26fd, Nodes: a355c4c2-cbce-4d32-ac2d-5d7efcc7e61b{ip: 192.168.69.81, host: pr-hdds-2109-6lgm5-4208394744, networkLocation: /default-rack, certSerialId: null}608419ff-9e1e-46ed-b668-4d330b5fd69a{ip: 192.168.69.81, host: pr-hdds-2109-6lgm5-4208394744, networkLocation: /default-rack, certSerialId: null}5a49129c-fcc1-4df1-b4f9-e84c17474790{ip: 192.168.69.81, host: pr-hdds-2109-6lgm5-4208394744, networkLocation: /default-rack, certSerialId: null}, Type:RATIS, Factor:THREE, State:CLOSED] from datanode 5a49129c-fcc1-4df1-b4f9-e84c17474790{ip: 192.168.69.81, host: pr-hdds-2109-6lgm5-4208394744, networkLocation: /default-rack, certSerialId: null}. Reason : 5a49129c-fcc1-4df1-b4f9-e84c17474790 has not seen follower/s a355c4c2-cbce-4d32-ac2d-5d7efcc7e61b for 165049ms 608419ff-9e1e-46ed-b668-4d330b5fd69a for 165046ms
2019-09-11 12:42:00,529 [EventQueue-PipelineActionsForPipelineActionHandler] INFO  pipeline.SCMPipelineManager (SCMPipelineManager.java:finalizeAndDestroyPipeline(311)) - destroying pipeline:Pipeline[ Id: 21608d1a-2997-47fb-85ec-7bd41c1e26fd, Nodes: a355c4c2-cbce-4d32-ac2d-5d7efcc7e61b{ip: 192.168.69.81, host: pr-hdds-2109-6lgm5-4208394744, networkLocation: /default-rack, certSerialId: null}608419ff-9e1e-46ed-b668-4d330b5fd69a{ip: 192.168.69.81, host: pr-hdds-2109-6lgm5-4208394744, networkLocation: /default-rack, certSerialId: null}5a49129c-fcc1-4df1-b4f9-e84c17474790{ip: 192.168.69.81, host: pr-hdds-2109-6lgm5-4208394744, networkLocation: /default-rack, certSerialId: null}, Type:RATIS, Factor:THREE, State:CLOSED]
2019-09-11 12:42:02,241 [grpc-default-executor-3] INFO  client.GrpcClientProtocolClient (GrpcClientProtocolClient.java:onNext(264)) - client-2FDB34E1AA20->608419ff-9e1e-46ed-b668-4d330b5fd69a: receive RaftClientReply:client-2FDB34E1AA20->608419ff-9e1e-46ed-b668-4d330b5fd69a@group-7BD41C1E26FD, cid=16, FAILED org.apache.ratis.protocol.NotLeaderException: Server 608419ff-9e1e-46ed-b668-4d330b5fd69a@group-7BD41C1E26FD is not the leader 5a49129c-fcc1-4df1-b4f9-e84c17474790:192.168.69.81:36288, logIndex=0, commits[608419ff-9e1e-46ed-b668-4d330b5fd69a:c6, a355c4c2-cbce-4d32-ac2d-5d7efcc7e61b:c4, 5a49129c-fcc1-4df1-b4f9-e84c17474790:c6]
2019-09-11 12:42:02,517 [org.apache.ratis.server.impl.LogAppender$AppenderDaemon$$Lambda$485/1842952795@1ad30ca5] ERROR ratis.XceiverServerRatis (XceiverServerRatis.java:triggerPipelineClose(568)) - pipeline Action CLOSE  on pipeline PipelineID=21608d1a-2997-47fb-85ec-7bd41c1e26fd.Reason : 5a49129c-fcc1-4df1-b4f9-e84c17474790 has not seen follower/s a355c4c2-cbce-4d32-ac2d-5d7efcc7e61b for 167550ms 608419ff-9e1e-46ed-b668-4d330b5fd69a for 167547ms
2019-09-11 12:42:02,518 [org.apache.ratis.server.impl.LogAppender$AppenderDaemon$$Lambda$485/1842952795@1973b645] ERROR ratis.XceiverServerRatis (XceiverServerRatis.java:triggerPipelineClose(568)) - pipeline Action CLOSE  on pipeline PipelineID=21608d1a-2997-47fb-85ec-7bd41c1e26fd.Reason : 5a49129c-fcc1-4df1-b4f9-e84c17474790 has not seen follower/s a355c4c2-cbce-4d32-ac2d-5d7efcc7e61b for 167551ms 608419ff-9e1e-46ed-b668-4d330b5fd69a for 167548ms
2019-09-11 12:42:02,527 [EventQueue-PipelineActionsForPipelineActionHandler] ERROR pipeline.PipelineActionHandler (PipelineActionHandler.java:onMessage(60)) - Received pipeline action CLOSE for Pipeline[ Id: 21608d1a-2997-47fb-85ec-7bd41c1e26fd, Nodes: a355c4c2-cbce-4d32-ac2d-5d7efcc7e61b{ip: 192.168.69.81, host: pr-hdds-2109-6lgm5-4208394744, networkLocation: /default-rack, certSerialId: null}608419ff-9e1e-46ed-b668-4d330b5fd69a{ip: 192.168.69.81, host: pr-hdds-2109-6lgm5-4208394744, networkLocation: /default-rack, certSerialId: null}5a49129c-fcc1-4df1-b4f9-e84c17474790{ip: 192.168.69.81, host: pr-hdds-2109-6lgm5-4208394744, networkLocation: /default-rack, certSerialId: null}, Type:RATIS, Factor:THREE, State:CLOSED] from datanode 5a49129c-fcc1-4df1-b4f9-e84c17474790{ip: 192.168.69.81, host: pr-hdds-2109-6lgm5-4208394744, networkLocation: /default-rack, certSerialId: null}. Reason : 5a49129c-fcc1-4df1-b4f9-e84c17474790 has not seen follower/s a355c4c2-cbce-4d32-ac2d-5d7efcc7e61b for 167550ms 608419ff-9e1e-46ed-b668-4d330b5fd69a for 167547ms
2019-09-11 12:42:02,527 [EventQueue-PipelineActionsForPipelineActionHandler] INFO  pipeline.SCMPipelineManager (SCMPipelineManager.java:finalizeAndDestroyPipeline(311)) - destroying pipeline:Pipeline[ Id: 21608d1a-2997-47fb-85ec-7bd41c1e26fd, Nodes: a355c4c2-cbce-4d32-ac2d-5d7efcc7e61b{ip: 192.168.69.81, host: pr-hdds-2109-6lgm5-4208394744, networkLocation: /default-rack, certSerialId: null}608419ff-9e1e-46ed-b668-4d330b5fd69a{ip: 192.168.69.81, host: pr-hdds-2109-6lgm5-4208394744, networkLocation: /default-rack, certSerialId: null}5a49129c-fcc1-4df1-b4f9-e84c17474790{ip: 192.168.69.81, host: pr-hdds-2109-6lgm5-4208394744, networkLocation: /default-rack, certSerialId: null}, Type:RATIS, Factor:THREE, State:CLOSED]
2019-09-11 12:42:03,016 [java.util.concurrent.ThreadPoolExecutor$Worker@82c091c[State = -1, empty queue]] WARN  server.GrpcLogAppender (GrpcLogAppender.java:timeoutAppendRequest(200)) - 5a49129c-fcc1-4df1-b4f9-e84c17474790@group-7BD41C1E26FD->a355c4c2-cbce-4d32-ac2d-5d7efcc7e61b-GrpcLogAppender: appendEntries Timeout, request=5a49129c-fcc1-4df1-b4f9-e84c17474790->a355c4c2-cbce-4d32-ac2d-5d7efcc7e61b#78-t1, previous=(t:1, i:12), leaderCommit=6, initializing? false, entries: <empty>
2019-09-11 12:42:03,017 [java.util.concurrent.ThreadPoolExecutor$Worker@7a8a8415[State = -1, empty queue]] WARN  server.GrpcLogAppender (GrpcLogAppender.java:timeoutAppendRequest(200)) - 5a49129c-fcc1-4df1-b4f9-e84c17474790@group-7BD41C1E26FD->608419ff-9e1e-46ed-b668-4d330b5fd69a-GrpcLogAppender: appendEntries Timeout, request=5a49129c-fcc1-4df1-b4f9-e84c17474790->608419ff-9e1e-46ed-b668-4d330b5fd69a#78-t1, previous=(t:1, i:12), leaderCommit=6, initializing? false, entries: <empty>
2019-09-11 12:42:05,017 [org.apache.ratis.server.impl.LogAppender$AppenderDaemon$$Lambda$485/1842952795@1ad30ca5] ERROR ratis.XceiverServerRatis (XceiverServerRatis.java:triggerPipelineClose(568)) - pipeline Action CLOSE  on pipeline PipelineID=21608d1a-2997-47fb-85ec-7bd41c1e26fd.Reason : 5a49129c-fcc1-4df1-b4f9-e84c17474790 has not seen follower/s a355c4c2-cbce-4d32-ac2d-5d7efcc7e61b for 170051ms 608419ff-9e1e-46ed-b668-4d330b5fd69a for 170047ms
2019-09-11 12:42:05,018 [org.apache.ratis.server.impl.LogAppender$AppenderDaemon$$Lambda$485/1842952795@1973b645] ERROR ratis.XceiverServerRatis (XceiverServerRatis.java:triggerPipelineClose(568)) - pipeline Action CLOSE  on pipeline PipelineID=21608d1a-2997-47fb-85ec-7bd41c1e26fd.Reason : 5a49129c-fcc1-4df1-b4f9-e84c17474790 has not seen follower/s a355c4c2-cbce-4d32-ac2d-5d7efcc7e61b for 170052ms 608419ff-9e1e-46ed-b668-4d330b5fd69a for 170048ms
2019-09-11 12:42:05,492 [5a49129c-fcc1-4df1-b4f9-e84c17474790@group-7BD41C1E26FD-SegmentedRaftLogWorker] WARN  segmented.SegmentedRaftLogWorker (SegmentedRaftLogWorker.java:getFromFuture(90)) - Timeout 16/~
org.apache.ratis.protocol.TimeoutIOException: Timeout 10s: WriteLog:8: (t:1, i:8), STATEMACHINELOGENTRY, client-2FDB34E1AA20, cid=17-writeStateMachineData
	at org.apache.ratis.util.IOUtils.getFromFuture(IOUtils.java:87)
	at org.apache.ratis.server.raftlog.segmented.SegmentedRaftLogWorker$StateMachineDataPolicy.getFromFuture(SegmentedRaftLogWorker.java:87)
	at org.apache.ratis.server.raftlog.segmented.SegmentedRaftLogWorker$WriteLog.execute(SegmentedRaftLogWorker.java:477)
	at org.apache.ratis.server.raftlog.segmented.SegmentedRaftLogWorker.run(SegmentedRaftLogWorker.java:289)
	at java.lang.Thread.run(Thread.java:748)
Caused by: java.util.concurrent.TimeoutException
	at java.util.concurrent.CompletableFuture.timedGet(CompletableFuture.java:1771)
	at java.util.concurrent.CompletableFuture.get(CompletableFuture.java:1915)
	at org.apache.ratis.util.IOUtils.getFromFuture(IOUtils.java:79)
	... 4 more
2019-09-11 12:42:05,516 [java.util.concurrent.ThreadPoolExecutor$Worker@82c091c[State = -1, empty queue]] WARN  server.GrpcLogAppender (GrpcLogAppender.java:timeoutAppendRequest(200)) - 5a49129c-fcc1-4df1-b4f9-e84c17474790@group-7BD41C1E26FD->a355c4c2-cbce-4d32-ac2d-5d7efcc7e61b-GrpcLogAppender: appendEntries Timeout, request=5a49129c-fcc1-4df1-b4f9-e84c17474790->a355c4c2-cbce-4d32-ac2d-5d7efcc7e61b#79-t1, previous=(t:1, i:12), leaderCommit=6, initializing? false, entries: <empty>
2019-09-11 12:42:05,518 [java.util.concurrent.ThreadPoolExecutor$Worker@7a8a8415[State = -1, empty queue]] WARN  server.GrpcLogAppender (GrpcLogAppender.java:timeoutAppendRequest(200)) - 5a49129c-fcc1-4df1-b4f9-e84c17474790@group-7BD41C1E26FD->608419ff-9e1e-46ed-b668-4d330b5fd69a-GrpcLogAppender: appendEntries Timeout, request=5a49129c-fcc1-4df1-b4f9-e84c17474790->608419ff-9e1e-46ed-b668-4d330b5fd69a#79-t1, previous=(t:1, i:12), leaderCommit=6, initializing? false, entries: <empty>
2019-09-11 12:42:05,527 [608419ff-9e1e-46ed-b668-4d330b5fd69a@group-7BD41C1E26FD-SegmentedRaftLogWorker] WARN  segmented.SegmentedRaftLogWorker (SegmentedRaftLogWorker.java:getFromFuture(90)) - Timeout 16/~
org.apache.ratis.protocol.TimeoutIOException: Timeout 10s: WriteLog:8: (t:1, i:8), STATEMACHINELOGENTRY, client-2FDB34E1AA20, cid=17-writeStateMachineData
	at org.apache.ratis.util.IOUtils.getFromFuture(IOUtils.java:87)
	at org.apache.ratis.server.raftlog.segmented.SegmentedRaftLogWorker$StateMachineDataPolicy.getFromFuture(SegmentedRaftLogWorker.java:87)
	at org.apache.ratis.server.raftlog.segmented.SegmentedRaftLogWorker$WriteLog.execute(SegmentedRaftLogWorker.java:477)
	at org.apache.ratis.server.raftlog.segmented.SegmentedRaftLogWorker.run(SegmentedRaftLogWorker.java:289)
	at java.lang.Thread.run(Thread.java:748)
Caused by: java.util.concurrent.TimeoutException
	at java.util.concurrent.CompletableFuture.timedGet(CompletableFuture.java:1771)
	at java.util.concurrent.CompletableFuture.get(CompletableFuture.java:1915)
	at org.apache.ratis.util.IOUtils.getFromFuture(IOUtils.java:79)
	... 4 more
2019-09-11 12:42:05,527 [EventQueue-PipelineActionsForPipelineActionHandler] ERROR pipeline.PipelineActionHandler (PipelineActionHandler.java:onMessage(60)) - Received pipeline action CLOSE for Pipeline[ Id: 21608d1a-2997-47fb-85ec-7bd41c1e26fd, Nodes: a355c4c2-cbce-4d32-ac2d-5d7efcc7e61b{ip: 192.168.69.81, host: pr-hdds-2109-6lgm5-4208394744, networkLocation: /default-rack, certSerialId: null}608419ff-9e1e-46ed-b668-4d330b5fd69a{ip: 192.168.69.81, host: pr-hdds-2109-6lgm5-4208394744, networkLocation: /default-rack, certSerialId: null}5a49129c-fcc1-4df1-b4f9-e84c17474790{ip: 192.168.69.81, host: pr-hdds-2109-6lgm5-4208394744, networkLocation: /default-rack, certSerialId: null}, Type:RATIS, Factor:THREE, State:CLOSED] from datanode 5a49129c-fcc1-4df1-b4f9-e84c17474790{ip: 192.168.69.81, host: pr-hdds-2109-6lgm5-4208394744, networkLocation: /default-rack, certSerialId: null}. Reason : 5a49129c-fcc1-4df1-b4f9-e84c17474790 has not seen follower/s a355c4c2-cbce-4d32-ac2d-5d7efcc7e61b for 170051ms 608419ff-9e1e-46ed-b668-4d330b5fd69a for 170047ms
2019-09-11 12:42:05,528 [a355c4c2-cbce-4d32-ac2d-5d7efcc7e61b@group-7BD41C1E26FD-SegmentedRaftLogWorker] WARN  segmented.SegmentedRaftLogWorker (SegmentedRaftLogWorker.java:getFromFuture(90)) - Timeout 16/~
org.apache.ratis.protocol.TimeoutIOException: Timeout 10s: WriteLog:8: (t:1, i:8), STATEMACHINELOGENTRY, client-2FDB34E1AA20, cid=17-writeStateMachineData
	at org.apache.ratis.util.IOUtils.getFromFuture(IOUtils.java:87)
	at org.apache.ratis.server.raftlog.segmented.SegmentedRaftLogWorker$StateMachineDataPolicy.getFromFuture(SegmentedRaftLogWorker.java:87)
	at org.apache.ratis.server.raftlog.segmented.SegmentedRaftLogWorker$WriteLog.execute(SegmentedRaftLogWorker.java:477)
	at org.apache.ratis.server.raftlog.segmented.SegmentedRaftLogWorker.run(SegmentedRaftLogWorker.java:289)
	at java.lang.Thread.run(Thread.java:748)
Caused by: java.util.concurrent.TimeoutException
	at java.util.concurrent.CompletableFuture.timedGet(CompletableFuture.java:1771)
	at java.util.concurrent.CompletableFuture.get(CompletableFuture.java:1915)
	at org.apache.ratis.util.IOUtils.getFromFuture(IOUtils.java:79)
	... 4 more
2019-09-11 12:42:05,528 [EventQueue-PipelineActionsForPipelineActionHandler] INFO  pipeline.SCMPipelineManager (SCMPipelineManager.java:finalizeAndDestroyPipeline(311)) - destroying pipeline:Pipeline[ Id: 21608d1a-2997-47fb-85ec-7bd41c1e26fd, Nodes: a355c4c2-cbce-4d32-ac2d-5d7efcc7e61b{ip: 192.168.69.81, host: pr-hdds-2109-6lgm5-4208394744, networkLocation: /default-rack, certSerialId: null}608419ff-9e1e-46ed-b668-4d330b5fd69a{ip: 192.168.69.81, host: pr-hdds-2109-6lgm5-4208394744, networkLocation: /default-rack, certSerialId: null}5a49129c-fcc1-4df1-b4f9-e84c17474790{ip: 192.168.69.81, host: pr-hdds-2109-6lgm5-4208394744, networkLocation: /default-rack, certSerialId: null}, Type:RATIS, Factor:THREE, State:CLOSED]
2019-09-11 12:42:07,311 [grpc-default-executor-4] INFO  client.GrpcClientProtocolClient (GrpcClientProtocolClient.java:onNext(264)) - client-2FDB34E1AA20->608419ff-9e1e-46ed-b668-4d330b5fd69a: receive RaftClientReply:client-2FDB34E1AA20->608419ff-9e1e-46ed-b668-4d330b5fd69a@group-7BD41C1E26FD, cid=16, FAILED org.apache.ratis.protocol.NotLeaderException: Server 608419ff-9e1e-46ed-b668-4d330b5fd69a@group-7BD41C1E26FD is not the leader 5a49129c-fcc1-4df1-b4f9-e84c17474790:192.168.69.81:36288, logIndex=0, commits[608419ff-9e1e-46ed-b668-4d330b5fd69a:c6, a355c4c2-cbce-4d32-ac2d-5d7efcc7e61b:c4, 5a49129c-fcc1-4df1-b4f9-e84c17474790:c6]
2019-09-11 12:42:07,518 [org.apache.ratis.server.impl.LogAppender$AppenderDaemon$$Lambda$485/1842952795@1ad30ca5] ERROR ratis.XceiverServerRatis (XceiverServerRatis.java:triggerPipelineClose(568)) - pipeline Action CLOSE  on pipeline PipelineID=21608d1a-2997-47fb-85ec-7bd41c1e26fd.Reason : 5a49129c-fcc1-4df1-b4f9-e84c17474790 has not seen follower/s a355c4c2-cbce-4d32-ac2d-5d7efcc7e61b for 172552ms 608419ff-9e1e-46ed-b668-4d330b5fd69a for 172548ms
2019-09-11 12:42:07,519 [org.apache.ratis.server.impl.LogAppender$AppenderDaemon$$Lambda$485/1842952795@1973b645] ERROR ratis.XceiverServerRatis (XceiverServerRatis.java:triggerPipelineClose(568)) - pipeline Action CLOSE  on pipeline PipelineID=21608d1a-2997-47fb-85ec-7bd41c1e26fd.Reason : 5a49129c-fcc1-4df1-b4f9-e84c17474790 has not seen follower/s a355c4c2-cbce-4d32-ac2d-5d7efcc7e61b for 172553ms 608419ff-9e1e-46ed-b668-4d330b5fd69a for 172549ms
2019-09-11 12:42:07,527 [EventQueue-PipelineActionsForPipelineActionHandler] ERROR pipeline.PipelineActionHandler (PipelineActionHandler.java:onMessage(60)) - Received pipeline action CLOSE for Pipeline[ Id: 21608d1a-2997-47fb-85ec-7bd41c1e26fd, Nodes: a355c4c2-cbce-4d32-ac2d-5d7efcc7e61b{ip: 192.168.69.81, host: pr-hdds-2109-6lgm5-4208394744, networkLocation: /default-rack, certSerialId: null}608419ff-9e1e-46ed-b668-4d330b5fd69a{ip: 192.168.69.81, host: pr-hdds-2109-6lgm5-4208394744, networkLocation: /default-rack, certSerialId: null}5a49129c-fcc1-4df1-b4f9-e84c17474790{ip: 192.168.69.81, host: pr-hdds-2109-6lgm5-4208394744, networkLocation: /default-rack, certSerialId: null}, Type:RATIS, Factor:THREE, State:CLOSED] from datanode 5a49129c-fcc1-4df1-b4f9-e84c17474790{ip: 192.168.69.81, host: pr-hdds-2109-6lgm5-4208394744, networkLocation: /default-rack, certSerialId: null}. Reason : 5a49129c-fcc1-4df1-b4f9-e84c17474790 has not seen follower/s a355c4c2-cbce-4d32-ac2d-5d7efcc7e61b for 172552ms 608419ff-9e1e-46ed-b668-4d330b5fd69a for 172548ms
2019-09-11 12:42:07,527 [EventQueue-PipelineActionsForPipelineActionHandler] INFO  pipeline.SCMPipelineManager (SCMPipelineManager.java:finalizeAndDestroyPipeline(311)) - destroying pipeline:Pipeline[ Id: 21608d1a-2997-47fb-85ec-7bd41c1e26fd, Nodes: a355c4c2-cbce-4d32-ac2d-5d7efcc7e61b{ip: 192.168.69.81, host: pr-hdds-2109-6lgm5-4208394744, networkLocation: /default-rack, certSerialId: null}608419ff-9e1e-46ed-b668-4d330b5fd69a{ip: 192.168.69.81, host: pr-hdds-2109-6lgm5-4208394744, networkLocation: /default-rack, certSerialId: null}5a49129c-fcc1-4df1-b4f9-e84c17474790{ip: 192.168.69.81, host: pr-hdds-2109-6lgm5-4208394744, networkLocation: /default-rack, certSerialId: null}, Type:RATIS, Factor:THREE, State:CLOSED]
2019-09-11 12:42:08,017 [java.util.concurrent.ThreadPoolExecutor$Worker@82c091c[State = -1, empty queue]] WARN  server.GrpcLogAppender (GrpcLogAppender.java:timeoutAppendRequest(200)) - 5a49129c-fcc1-4df1-b4f9-e84c17474790@group-7BD41C1E26FD->a355c4c2-cbce-4d32-ac2d-5d7efcc7e61b-GrpcLogAppender: appendEntries Timeout, request=5a49129c-fcc1-4df1-b4f9-e84c17474790->a355c4c2-cbce-4d32-ac2d-5d7efcc7e61b#80-t1, previous=(t:1, i:12), leaderCommit=6, initializing? false, entries: <empty>
2019-09-11 12:42:08,018 [java.util.concurrent.ThreadPoolExecutor$Worker@7a8a8415[State = -1, empty queue]] WARN  server.GrpcLogAppender (GrpcLogAppender.java:timeoutAppendRequest(200)) - 5a49129c-fcc1-4df1-b4f9-e84c17474790@group-7BD41C1E26FD->608419ff-9e1e-46ed-b668-4d330b5fd69a-GrpcLogAppender: appendEntries Timeout, request=5a49129c-fcc1-4df1-b4f9-e84c17474790->608419ff-9e1e-46ed-b668-4d330b5fd69a#80-t1, previous=(t:1, i:12), leaderCommit=6, initializing? false, entries: <empty>
2019-09-11 12:42:10,019 [org.apache.ratis.server.impl.LogAppender$AppenderDaemon$$Lambda$485/1842952795@1ad30ca5] ERROR ratis.XceiverServerRatis (XceiverServerRatis.java:triggerPipelineClose(568)) - pipeline Action CLOSE  on pipeline PipelineID=21608d1a-2997-47fb-85ec-7bd41c1e26fd.Reason : 5a49129c-fcc1-4df1-b4f9-e84c17474790 has not seen follower/s a355c4c2-cbce-4d32-ac2d-5d7efcc7e61b for 175053ms 608419ff-9e1e-46ed-b668-4d330b5fd69a for 175049ms
2019-09-11 12:42:10,020 [org.apache.ratis.server.impl.LogAppender$AppenderDaemon$$Lambda$485/1842952795@1973b645] ERROR ratis.XceiverServerRatis (XceiverServerRatis.java:triggerPipelineClose(568)) - pipeline Action CLOSE  on pipeline PipelineID=21608d1a-2997-47fb-85ec-7bd41c1e26fd.Reason : 5a49129c-fcc1-4df1-b4f9-e84c17474790 has not seen follower/s a355c4c2-cbce-4d32-ac2d-5d7efcc7e61b for 175053ms 608419ff-9e1e-46ed-b668-4d330b5fd69a for 175050ms
2019-09-11 12:42:10,518 [java.util.concurrent.ThreadPoolExecutor$Worker@82c091c[State = -1, empty queue]] WARN  server.GrpcLogAppender (GrpcLogAppender.java:timeoutAppendRequest(200)) - 5a49129c-fcc1-4df1-b4f9-e84c17474790@group-7BD41C1E26FD->a355c4c2-cbce-4d32-ac2d-5d7efcc7e61b-GrpcLogAppender: appendEntries Timeout, request=5a49129c-fcc1-4df1-b4f9-e84c17474790->a355c4c2-cbce-4d32-ac2d-5d7efcc7e61b#81-t1, previous=(t:1, i:12), leaderCommit=6, initializing? false, entries: <empty>
2019-09-11 12:42:10,519 [java.util.concurrent.ThreadPoolExecutor$Worker@7a8a8415[State = -1, empty queue]] WARN  server.GrpcLogAppender (GrpcLogAppender.java:timeoutAppendRequest(200)) - 5a49129c-fcc1-4df1-b4f9-e84c17474790@group-7BD41C1E26FD->608419ff-9e1e-46ed-b668-4d330b5fd69a-GrpcLogAppender: appendEntries Timeout, request=5a49129c-fcc1-4df1-b4f9-e84c17474790->608419ff-9e1e-46ed-b668-4d330b5fd69a#81-t1, previous=(t:1, i:12), leaderCommit=6, initializing? false, entries: <empty>
2019-09-11 12:42:10,528 [EventQueue-PipelineActionsForPipelineActionHandler] ERROR pipeline.PipelineActionHandler (PipelineActionHandler.java:onMessage(60)) - Received pipeline action CLOSE for Pipeline[ Id: 21608d1a-2997-47fb-85ec-7bd41c1e26fd, Nodes: a355c4c2-cbce-4d32-ac2d-5d7efcc7e61b{ip: 192.168.69.81, host: pr-hdds-2109-6lgm5-4208394744, networkLocation: /default-rack, certSerialId: null}608419ff-9e1e-46ed-b668-4d330b5fd69a{ip: 192.168.69.81, host: pr-hdds-2109-6lgm5-4208394744, networkLocation: /default-rack, certSerialId: null}5a49129c-fcc1-4df1-b4f9-e84c17474790{ip: 192.168.69.81, host: pr-hdds-2109-6lgm5-4208394744, networkLocation: /default-rack, certSerialId: null}, Type:RATIS, Factor:THREE, State:CLOSED] from datanode 5a49129c-fcc1-4df1-b4f9-e84c17474790{ip: 192.168.69.81, host: pr-hdds-2109-6lgm5-4208394744, networkLocation: /default-rack, certSerialId: null}. Reason : 5a49129c-fcc1-4df1-b4f9-e84c17474790 has not seen follower/s a355c4c2-cbce-4d32-ac2d-5d7efcc7e61b for 175053ms 608419ff-9e1e-46ed-b668-4d330b5fd69a for 175049ms
2019-09-11 12:42:10,528 [EventQueue-PipelineActionsForPipelineActionHandler] INFO  pipeline.SCMPipelineManager (SCMPipelineManager.java:finalizeAndDestroyPipeline(311)) - destroying pipeline:Pipeline[ Id: 21608d1a-2997-47fb-85ec-7bd41c1e26fd, Nodes: a355c4c2-cbce-4d32-ac2d-5d7efcc7e61b{ip: 192.168.69.81, host: pr-hdds-2109-6lgm5-4208394744, networkLocation: /default-rack, certSerialId: null}608419ff-9e1e-46ed-b668-4d330b5fd69a{ip: 192.168.69.81, host: pr-hdds-2109-6lgm5-4208394744, networkLocation: /default-rack, certSerialId: null}5a49129c-fcc1-4df1-b4f9-e84c17474790{ip: 192.168.69.81, host: pr-hdds-2109-6lgm5-4208394744, networkLocation: /default-rack, certSerialId: null}, Type:RATIS, Factor:THREE, State:CLOSED]
2019-09-11 12:42:12,367 [grpc-default-executor-4] INFO  client.GrpcClientProtocolClient (GrpcClientProtocolClient.java:onNext(264)) - client-2FDB34E1AA20->608419ff-9e1e-46ed-b668-4d330b5fd69a: receive RaftClientReply:client-2FDB34E1AA20->608419ff-9e1e-46ed-b668-4d330b5fd69a@group-7BD41C1E26FD, cid=16, FAILED org.apache.ratis.protocol.NotLeaderException: Server 608419ff-9e1e-46ed-b668-4d330b5fd69a@group-7BD41C1E26FD is not the leader 5a49129c-fcc1-4df1-b4f9-e84c17474790:192.168.69.81:36288, logIndex=0, commits[608419ff-9e1e-46ed-b668-4d330b5fd69a:c6, a355c4c2-cbce-4d32-ac2d-5d7efcc7e61b:c4, 5a49129c-fcc1-4df1-b4f9-e84c17474790:c6]
2019-09-11 12:42:12,520 [org.apache.ratis.server.impl.LogAppender$AppenderDaemon$$Lambda$485/1842952795@1ad30ca5] ERROR ratis.XceiverServerRatis (XceiverServerRatis.java:triggerPipelineClose(568)) - pipeline Action CLOSE  on pipeline PipelineID=21608d1a-2997-47fb-85ec-7bd41c1e26fd.Reason : 5a49129c-fcc1-4df1-b4f9-e84c17474790 has not seen follower/s a355c4c2-cbce-4d32-ac2d-5d7efcc7e61b for 177553ms 608419ff-9e1e-46ed-b668-4d330b5fd69a for 177550ms
2019-09-11 12:42:12,521 [org.apache.ratis.server.impl.LogAppender$AppenderDaemon$$Lambda$485/1842952795@1973b645] ERROR ratis.XceiverServerRatis (XceiverServerRatis.java:triggerPipelineClose(568)) - pipeline Action CLOSE  on pipeline PipelineID=21608d1a-2997-47fb-85ec-7bd41c1e26fd.Reason : 5a49129c-fcc1-4df1-b4f9-e84c17474790 has not seen follower/s a355c4c2-cbce-4d32-ac2d-5d7efcc7e61b for 177554ms 608419ff-9e1e-46ed-b668-4d330b5fd69a for 177551ms
2019-09-11 12:42:12,528 [EventQueue-PipelineActionsForPipelineActionHandler] ERROR pipeline.PipelineActionHandler (PipelineActionHandler.java:onMessage(60)) - Received pipeline action CLOSE for Pipeline[ Id: 21608d1a-2997-47fb-85ec-7bd41c1e26fd, Nodes: a355c4c2-cbce-4d32-ac2d-5d7efcc7e61b{ip: 192.168.69.81, host: pr-hdds-2109-6lgm5-4208394744, networkLocation: /default-rack, certSerialId: null}608419ff-9e1e-46ed-b668-4d330b5fd69a{ip: 192.168.69.81, host: pr-hdds-2109-6lgm5-4208394744, networkLocation: /default-rack, certSerialId: null}5a49129c-fcc1-4df1-b4f9-e84c17474790{ip: 192.168.69.81, host: pr-hdds-2109-6lgm5-4208394744, networkLocation: /default-rack, certSerialId: null}, Type:RATIS, Factor:THREE, State:CLOSED] from datanode 5a49129c-fcc1-4df1-b4f9-e84c17474790{ip: 192.168.69.81, host: pr-hdds-2109-6lgm5-4208394744, networkLocation: /default-rack, certSerialId: null}. Reason : 5a49129c-fcc1-4df1-b4f9-e84c17474790 has not seen follower/s a355c4c2-cbce-4d32-ac2d-5d7efcc7e61b for 177553ms 608419ff-9e1e-46ed-b668-4d330b5fd69a for 177550ms
2019-09-11 12:42:12,528 [EventQueue-PipelineActionsForPipelineActionHandler] INFO  pipeline.SCMPipelineManager (SCMPipelineManager.java:finalizeAndDestroyPipeline(311)) - destroying pipeline:Pipeline[ Id: 21608d1a-2997-47fb-85ec-7bd41c1e26fd, Nodes: a355c4c2-cbce-4d32-ac2d-5d7efcc7e61b{ip: 192.168.69.81, host: pr-hdds-2109-6lgm5-4208394744, networkLocation: /default-rack, certSerialId: null}608419ff-9e1e-46ed-b668-4d330b5fd69a{ip: 192.168.69.81, host: pr-hdds-2109-6lgm5-4208394744, networkLocation: /default-rack, certSerialId: null}5a49129c-fcc1-4df1-b4f9-e84c17474790{ip: 192.168.69.81, host: pr-hdds-2109-6lgm5-4208394744, networkLocation: /default-rack, certSerialId: null}, Type:RATIS, Factor:THREE, State:CLOSED]
2019-09-11 12:42:13,019 [java.util.concurrent.ThreadPoolExecutor$Worker@82c091c[State = -1, empty queue]] WARN  server.GrpcLogAppender (GrpcLogAppender.java:timeoutAppendRequest(200)) - 5a49129c-fcc1-4df1-b4f9-e84c17474790@group-7BD41C1E26FD->a355c4c2-cbce-4d32-ac2d-5d7efcc7e61b-GrpcLogAppender: appendEntries Timeout, request=5a49129c-fcc1-4df1-b4f9-e84c17474790->a355c4c2-cbce-4d32-ac2d-5d7efcc7e61b#82-t1, previous=(t:1, i:12), leaderCommit=6, initializing? false, entries: <empty>
2019-09-11 12:42:13,020 [java.util.concurrent.ThreadPoolExecutor$Worker@7a8a8415[State = -1, empty queue]] WARN  server.GrpcLogAppender (GrpcLogAppender.java:timeoutAppendRequest(200)) - 5a49129c-fcc1-4df1-b4f9-e84c17474790@group-7BD41C1E26FD->608419ff-9e1e-46ed-b668-4d330b5fd69a-GrpcLogAppender: appendEntries Timeout, request=5a49129c-fcc1-4df1-b4f9-e84c17474790->608419ff-9e1e-46ed-b668-4d330b5fd69a#82-t1, previous=(t:1, i:12), leaderCommit=6, initializing? false, entries: <empty>
2019-09-11 12:42:15,021 [org.apache.ratis.server.impl.LogAppender$AppenderDaemon$$Lambda$485/1842952795@1ad30ca5] ERROR ratis.XceiverServerRatis (XceiverServerRatis.java:triggerPipelineClose(568)) - pipeline Action CLOSE  on pipeline PipelineID=21608d1a-2997-47fb-85ec-7bd41c1e26fd.Reason : 5a49129c-fcc1-4df1-b4f9-e84c17474790 has not seen follower/s a355c4c2-cbce-4d32-ac2d-5d7efcc7e61b for 180055ms 608419ff-9e1e-46ed-b668-4d330b5fd69a for 180051ms
2019-09-11 12:42:15,022 [org.apache.ratis.server.impl.LogAppender$AppenderDaemon$$Lambda$485/1842952795@1973b645] ERROR ratis.XceiverServerRatis (XceiverServerRatis.java:triggerPipelineClose(568)) - pipeline Action CLOSE  on pipeline PipelineID=21608d1a-2997-47fb-85ec-7bd41c1e26fd.Reason : 5a49129c-fcc1-4df1-b4f9-e84c17474790 has not seen follower/s a355c4c2-cbce-4d32-ac2d-5d7efcc7e61b for 180055ms 608419ff-9e1e-46ed-b668-4d330b5fd69a for 180052ms
2019-09-11 12:42:15,493 [5a49129c-fcc1-4df1-b4f9-e84c17474790@group-7BD41C1E26FD-SegmentedRaftLogWorker] WARN  segmented.SegmentedRaftLogWorker (SegmentedRaftLogWorker.java:getFromFuture(90)) - Timeout 17/~
org.apache.ratis.protocol.TimeoutIOException: Timeout 10s: WriteLog:8: (t:1, i:8), STATEMACHINELOGENTRY, client-2FDB34E1AA20, cid=17-writeStateMachineData
	at org.apache.ratis.util.IOUtils.getFromFuture(IOUtils.java:87)
	at org.apache.ratis.server.raftlog.segmented.SegmentedRaftLogWorker$StateMachineDataPolicy.getFromFuture(SegmentedRaftLogWorker.java:87)
	at org.apache.ratis.server.raftlog.segmented.SegmentedRaftLogWorker$WriteLog.execute(SegmentedRaftLogWorker.java:477)
	at org.apache.ratis.server.raftlog.segmented.SegmentedRaftLogWorker.run(SegmentedRaftLogWorker.java:289)
	at java.lang.Thread.run(Thread.java:748)
Caused by: java.util.concurrent.TimeoutException
	at java.util.concurrent.CompletableFuture.timedGet(CompletableFuture.java:1771)
	at java.util.concurrent.CompletableFuture.get(CompletableFuture.java:1915)
	at org.apache.ratis.util.IOUtils.getFromFuture(IOUtils.java:79)
	... 4 more
2019-09-11 12:42:15,520 [java.util.concurrent.ThreadPoolExecutor$Worker@82c091c[State = -1, empty queue]] WARN  server.GrpcLogAppender (GrpcLogAppender.java:timeoutAppendRequest(200)) - 5a49129c-fcc1-4df1-b4f9-e84c17474790@group-7BD41C1E26FD->a355c4c2-cbce-4d32-ac2d-5d7efcc7e61b-GrpcLogAppender: appendEntries Timeout, request=5a49129c-fcc1-4df1-b4f9-e84c17474790->a355c4c2-cbce-4d32-ac2d-5d7efcc7e61b#83-t1, previous=(t:1, i:12), leaderCommit=6, initializing? false, entries: <empty>
2019-09-11 12:42:15,521 [java.util.concurrent.ThreadPoolExecutor$Worker@7a8a8415[State = -1, empty queue]] WARN  server.GrpcLogAppender (GrpcLogAppender.java:timeoutAppendRequest(200)) - 5a49129c-fcc1-4df1-b4f9-e84c17474790@group-7BD41C1E26FD->608419ff-9e1e-46ed-b668-4d330b5fd69a-GrpcLogAppender: appendEntries Timeout, request=5a49129c-fcc1-4df1-b4f9-e84c17474790->608419ff-9e1e-46ed-b668-4d330b5fd69a#83-t1, previous=(t:1, i:12), leaderCommit=6, initializing? false, entries: <empty>
2019-09-11 12:42:15,528 [608419ff-9e1e-46ed-b668-4d330b5fd69a@group-7BD41C1E26FD-SegmentedRaftLogWorker] WARN  segmented.SegmentedRaftLogWorker (SegmentedRaftLogWorker.java:getFromFuture(90)) - Timeout 17/~
org.apache.ratis.protocol.TimeoutIOException: Timeout 10s: WriteLog:8: (t:1, i:8), STATEMACHINELOGENTRY, client-2FDB34E1AA20, cid=17-writeStateMachineData
	at org.apache.ratis.util.IOUtils.getFromFuture(IOUtils.java:87)
	at org.apache.ratis.server.raftlog.segmented.SegmentedRaftLogWorker$StateMachineDataPolicy.getFromFuture(SegmentedRaftLogWorker.java:87)
	at org.apache.ratis.server.raftlog.segmented.SegmentedRaftLogWorker$WriteLog.execute(SegmentedRaftLogWorker.java:477)
	at org.apache.ratis.server.raftlog.segmented.SegmentedRaftLogWorker.run(SegmentedRaftLogWorker.java:289)
	at java.lang.Thread.run(Thread.java:748)
Caused by: java.util.concurrent.TimeoutException
	at java.util.concurrent.CompletableFuture.timedGet(CompletableFuture.java:1771)
	at java.util.concurrent.CompletableFuture.get(CompletableFuture.java:1915)
	at org.apache.ratis.util.IOUtils.getFromFuture(IOUtils.java:79)
	... 4 more
2019-09-11 12:42:15,529 [a355c4c2-cbce-4d32-ac2d-5d7efcc7e61b@group-7BD41C1E26FD-SegmentedRaftLogWorker] WARN  segmented.SegmentedRaftLogWorker (SegmentedRaftLogWorker.java:getFromFuture(90)) - Timeout 17/~
org.apache.ratis.protocol.TimeoutIOException: Timeout 10s: WriteLog:8: (t:1, i:8), STATEMACHINELOGENTRY, client-2FDB34E1AA20, cid=17-writeStateMachineData
	at org.apache.ratis.util.IOUtils.getFromFuture(IOUtils.java:87)
	at org.apache.ratis.server.raftlog.segmented.SegmentedRaftLogWorker$StateMachineDataPolicy.getFromFuture(SegmentedRaftLogWorker.java:87)
	at org.apache.ratis.server.raftlog.segmented.SegmentedRaftLogWorker$WriteLog.execute(SegmentedRaftLogWorker.java:477)
	at org.apache.ratis.server.raftlog.segmented.SegmentedRaftLogWorker.run(SegmentedRaftLogWorker.java:289)
	at java.lang.Thread.run(Thread.java:748)
Caused by: java.util.concurrent.TimeoutException
	at java.util.concurrent.CompletableFuture.timedGet(CompletableFuture.java:1771)
	at java.util.concurrent.CompletableFuture.get(CompletableFuture.java:1915)
	at org.apache.ratis.util.IOUtils.getFromFuture(IOUtils.java:79)
	... 4 more
2019-09-11 12:42:15,529 [EventQueue-PipelineActionsForPipelineActionHandler] ERROR pipeline.PipelineActionHandler (PipelineActionHandler.java:onMessage(60)) - Received pipeline action CLOSE for Pipeline[ Id: 21608d1a-2997-47fb-85ec-7bd41c1e26fd, Nodes: a355c4c2-cbce-4d32-ac2d-5d7efcc7e61b{ip: 192.168.69.81, host: pr-hdds-2109-6lgm5-4208394744, networkLocation: /default-rack, certSerialId: null}608419ff-9e1e-46ed-b668-4d330b5fd69a{ip: 192.168.69.81, host: pr-hdds-2109-6lgm5-4208394744, networkLocation: /default-rack, certSerialId: null}5a49129c-fcc1-4df1-b4f9-e84c17474790{ip: 192.168.69.81, host: pr-hdds-2109-6lgm5-4208394744, networkLocation: /default-rack, certSerialId: null}, Type:RATIS, Factor:THREE, State:CLOSED] from datanode 5a49129c-fcc1-4df1-b4f9-e84c17474790{ip: 192.168.69.81, host: pr-hdds-2109-6lgm5-4208394744, networkLocation: /default-rack, certSerialId: null}. Reason : 5a49129c-fcc1-4df1-b4f9-e84c17474790 has not seen follower/s a355c4c2-cbce-4d32-ac2d-5d7efcc7e61b for 180055ms 608419ff-9e1e-46ed-b668-4d330b5fd69a for 180051ms
2019-09-11 12:42:15,530 [EventQueue-PipelineActionsForPipelineActionHandler] INFO  pipeline.SCMPipelineManager (SCMPipelineManager.java:finalizeAndDestroyPipeline(311)) - destroying pipeline:Pipeline[ Id: 21608d1a-2997-47fb-85ec-7bd41c1e26fd, Nodes: a355c4c2-cbce-4d32-ac2d-5d7efcc7e61b{ip: 192.168.69.81, host: pr-hdds-2109-6lgm5-4208394744, networkLocation: /default-rack, certSerialId: null}608419ff-9e1e-46ed-b668-4d330b5fd69a{ip: 192.168.69.81, host: pr-hdds-2109-6lgm5-4208394744, networkLocation: /default-rack, certSerialId: null}5a49129c-fcc1-4df1-b4f9-e84c17474790{ip: 192.168.69.81, host: pr-hdds-2109-6lgm5-4208394744, networkLocation: /default-rack, certSerialId: null}, Type:RATIS, Factor:THREE, State:CLOSED]
2019-09-11 12:42:17,438 [grpc-default-executor-3] INFO  client.GrpcClientProtocolClient (GrpcClientProtocolClient.java:onNext(264)) - client-2FDB34E1AA20->a355c4c2-cbce-4d32-ac2d-5d7efcc7e61b: receive RaftClientReply:client-2FDB34E1AA20->a355c4c2-cbce-4d32-ac2d-5d7efcc7e61b@group-7BD41C1E26FD, cid=16, FAILED org.apache.ratis.protocol.NotLeaderException: Server a355c4c2-cbce-4d32-ac2d-5d7efcc7e61b@group-7BD41C1E26FD is not the leader 5a49129c-fcc1-4df1-b4f9-e84c17474790:192.168.69.81:36288, logIndex=0, commits[a355c4c2-cbce-4d32-ac2d-5d7efcc7e61b:c6, 608419ff-9e1e-46ed-b668-4d330b5fd69a:c4, 5a49129c-fcc1-4df1-b4f9-e84c17474790:c6]
2019-09-11 12:42:17,522 [org.apache.ratis.server.impl.LogAppender$AppenderDaemon$$Lambda$485/1842952795@1ad30ca5] ERROR ratis.XceiverServerRatis (XceiverServerRatis.java:triggerPipelineClose(568)) - pipeline Action CLOSE  on pipeline PipelineID=21608d1a-2997-47fb-85ec-7bd41c1e26fd.Reason : 5a49129c-fcc1-4df1-b4f9-e84c17474790 has not seen follower/s a355c4c2-cbce-4d32-ac2d-5d7efcc7e61b for 182556ms 608419ff-9e1e-46ed-b668-4d330b5fd69a for 182552ms
2019-09-11 12:42:17,522 [org.apache.ratis.server.impl.LogAppender$AppenderDaemon$$Lambda$485/1842952795@1973b645] ERROR ratis.XceiverServerRatis (XceiverServerRatis.java:triggerPipelineClose(568)) - pipeline Action CLOSE  on pipeline PipelineID=21608d1a-2997-47fb-85ec-7bd41c1e26fd.Reason : 5a49129c-fcc1-4df1-b4f9-e84c17474790 has not seen follower/s a355c4c2-cbce-4d32-ac2d-5d7efcc7e61b for 182556ms 608419ff-9e1e-46ed-b668-4d330b5fd69a for 182552ms
2019-09-11 12:42:17,529 [EventQueue-PipelineActionsForPipelineActionHandler] ERROR pipeline.PipelineActionHandler (PipelineActionHandler.java:onMessage(60)) - Received pipeline action CLOSE for Pipeline[ Id: 21608d1a-2997-47fb-85ec-7bd41c1e26fd, Nodes: a355c4c2-cbce-4d32-ac2d-5d7efcc7e61b{ip: 192.168.69.81, host: pr-hdds-2109-6lgm5-4208394744, networkLocation: /default-rack, certSerialId: null}608419ff-9e1e-46ed-b668-4d330b5fd69a{ip: 192.168.69.81, host: pr-hdds-2109-6lgm5-4208394744, networkLocation: /default-rack, certSerialId: null}5a49129c-fcc1-4df1-b4f9-e84c17474790{ip: 192.168.69.81, host: pr-hdds-2109-6lgm5-4208394744, networkLocation: /default-rack, certSerialId: null}, Type:RATIS, Factor:THREE, State:CLOSED] from datanode 5a49129c-fcc1-4df1-b4f9-e84c17474790{ip: 192.168.69.81, host: pr-hdds-2109-6lgm5-4208394744, networkLocation: /default-rack, certSerialId: null}. Reason : 5a49129c-fcc1-4df1-b4f9-e84c17474790 has not seen follower/s a355c4c2-cbce-4d32-ac2d-5d7efcc7e61b for 182556ms 608419ff-9e1e-46ed-b668-4d330b5fd69a for 182552ms
2019-09-11 12:42:17,529 [EventQueue-PipelineActionsForPipelineActionHandler] INFO  pipeline.SCMPipelineManager (SCMPipelineManager.java:finalizeAndDestroyPipeline(311)) - destroying pipeline:Pipeline[ Id: 21608d1a-2997-47fb-85ec-7bd41c1e26fd, Nodes: a355c4c2-cbce-4d32-ac2d-5d7efcc7e61b{ip: 192.168.69.81, host: pr-hdds-2109-6lgm5-4208394744, networkLocation: /default-rack, certSerialId: null}608419ff-9e1e-46ed-b668-4d330b5fd69a{ip: 192.168.69.81, host: pr-hdds-2109-6lgm5-4208394744, networkLocation: /default-rack, certSerialId: null}5a49129c-fcc1-4df1-b4f9-e84c17474790{ip: 192.168.69.81, host: pr-hdds-2109-6lgm5-4208394744, networkLocation: /default-rack, certSerialId: null}, Type:RATIS, Factor:THREE, State:CLOSED]
2019-09-11 12:42:18,021 [java.util.concurrent.ThreadPoolExecutor$Worker@82c091c[State = -1, empty queue]] WARN  server.GrpcLogAppender (GrpcLogAppender.java:timeoutAppendRequest(200)) - 5a49129c-fcc1-4df1-b4f9-e84c17474790@group-7BD41C1E26FD->a355c4c2-cbce-4d32-ac2d-5d7efcc7e61b-GrpcLogAppender: appendEntries Timeout, request=5a49129c-fcc1-4df1-b4f9-e84c17474790->a355c4c2-cbce-4d32-ac2d-5d7efcc7e61b#84-t1, previous=(t:1, i:12), leaderCommit=6, initializing? false, entries: <empty>
2019-09-11 12:42:18,022 [java.util.concurrent.ThreadPoolExecutor$Worker@7a8a8415[State = -1, empty queue]] WARN  server.GrpcLogAppender (GrpcLogAppender.java:timeoutAppendRequest(200)) - 5a49129c-fcc1-4df1-b4f9-e84c17474790@group-7BD41C1E26FD->608419ff-9e1e-46ed-b668-4d330b5fd69a-GrpcLogAppender: appendEntries Timeout, request=5a49129c-fcc1-4df1-b4f9-e84c17474790->608419ff-9e1e-46ed-b668-4d330b5fd69a#84-t1, previous=(t:1, i:12), leaderCommit=6, initializing? false, entries: <empty>
2019-09-11 12:42:20,024 [org.apache.ratis.server.impl.LogAppender$AppenderDaemon$$Lambda$485/1842952795@1ad30ca5] ERROR ratis.XceiverServerRatis (XceiverServerRatis.java:triggerPipelineClose(568)) - pipeline Action CLOSE  on pipeline PipelineID=21608d1a-2997-47fb-85ec-7bd41c1e26fd.Reason : 5a49129c-fcc1-4df1-b4f9-e84c17474790 has not seen follower/s a355c4c2-cbce-4d32-ac2d-5d7efcc7e61b for 185057ms 608419ff-9e1e-46ed-b668-4d330b5fd69a for 185054ms
2019-09-11 12:42:20,024 [org.apache.ratis.server.impl.LogAppender$AppenderDaemon$$Lambda$485/1842952795@1973b645] ERROR ratis.XceiverServerRatis (XceiverServerRatis.java:triggerPipelineClose(568)) - pipeline Action CLOSE  on pipeline PipelineID=21608d1a-2997-47fb-85ec-7bd41c1e26fd.Reason : 5a49129c-fcc1-4df1-b4f9-e84c17474790 has not seen follower/s a355c4c2-cbce-4d32-ac2d-5d7efcc7e61b for 185057ms 608419ff-9e1e-46ed-b668-4d330b5fd69a for 185054ms
2019-09-11 12:42:20,522 [java.util.concurrent.ThreadPoolExecutor$Worker@7a8a8415[State = -1, empty queue]] WARN  server.GrpcLogAppender (GrpcLogAppender.java:timeoutAppendRequest(200)) - 5a49129c-fcc1-4df1-b4f9-e84c17474790@group-7BD41C1E26FD->608419ff-9e1e-46ed-b668-4d330b5fd69a-GrpcLogAppender: appendEntries Timeout, request=5a49129c-fcc1-4df1-b4f9-e84c17474790->608419ff-9e1e-46ed-b668-4d330b5fd69a#85-t1, previous=(t:1, i:12), leaderCommit=6, initializing? false, entries: <empty>
2019-09-11 12:42:20,522 [java.util.concurrent.ThreadPoolExecutor$Worker@82c091c[State = -1, empty queue]] WARN  server.GrpcLogAppender (GrpcLogAppender.java:timeoutAppendRequest(200)) - 5a49129c-fcc1-4df1-b4f9-e84c17474790@group-7BD41C1E26FD->a355c4c2-cbce-4d32-ac2d-5d7efcc7e61b-GrpcLogAppender: appendEntries Timeout, request=5a49129c-fcc1-4df1-b4f9-e84c17474790->a355c4c2-cbce-4d32-ac2d-5d7efcc7e61b#85-t1, previous=(t:1, i:12), leaderCommit=6, initializing? false, entries: <empty>
2019-09-11 12:42:20,530 [EventQueue-PipelineActionsForPipelineActionHandler] ERROR pipeline.PipelineActionHandler (PipelineActionHandler.java:onMessage(60)) - Received pipeline action CLOSE for Pipeline[ Id: 21608d1a-2997-47fb-85ec-7bd41c1e26fd, Nodes: a355c4c2-cbce-4d32-ac2d-5d7efcc7e61b{ip: 192.168.69.81, host: pr-hdds-2109-6lgm5-4208394744, networkLocation: /default-rack, certSerialId: null}608419ff-9e1e-46ed-b668-4d330b5fd69a{ip: 192.168.69.81, host: pr-hdds-2109-6lgm5-4208394744, networkLocation: /default-rack, certSerialId: null}5a49129c-fcc1-4df1-b4f9-e84c17474790{ip: 192.168.69.81, host: pr-hdds-2109-6lgm5-4208394744, networkLocation: /default-rack, certSerialId: null}, Type:RATIS, Factor:THREE, State:CLOSED] from datanode 5a49129c-fcc1-4df1-b4f9-e84c17474790{ip: 192.168.69.81, host: pr-hdds-2109-6lgm5-4208394744, networkLocation: /default-rack, certSerialId: null}. Reason : 5a49129c-fcc1-4df1-b4f9-e84c17474790 has not seen follower/s a355c4c2-cbce-4d32-ac2d-5d7efcc7e61b for 185057ms 608419ff-9e1e-46ed-b668-4d330b5fd69a for 185054ms
2019-09-11 12:42:20,531 [EventQueue-PipelineActionsForPipelineActionHandler] INFO  pipeline.SCMPipelineManager (SCMPipelineManager.java:finalizeAndDestroyPipeline(311)) - destroying pipeline:Pipeline[ Id: 21608d1a-2997-47fb-85ec-7bd41c1e26fd, Nodes: a355c4c2-cbce-4d32-ac2d-5d7efcc7e61b{ip: 192.168.69.81, host: pr-hdds-2109-6lgm5-4208394744, networkLocation: /default-rack, certSerialId: null}608419ff-9e1e-46ed-b668-4d330b5fd69a{ip: 192.168.69.81, host: pr-hdds-2109-6lgm5-4208394744, networkLocation: /default-rack, certSerialId: null}5a49129c-fcc1-4df1-b4f9-e84c17474790{ip: 192.168.69.81, host: pr-hdds-2109-6lgm5-4208394744, networkLocation: /default-rack, certSerialId: null}, Type:RATIS, Factor:THREE, State:CLOSED]
2019-09-11 12:42:21,509 [grpc-default-executor-4] INFO  impl.RaftServerProxy (RaftServerProxy.java:remove(95)) - a355c4c2-cbce-4d32-ac2d-5d7efcc7e61b: remove  FOLLOWER a355c4c2-cbce-4d32-ac2d-5d7efcc7e61b@group-7BD41C1E26FD:t1, leader=5a49129c-fcc1-4df1-b4f9-e84c17474790, voted=5a49129c-fcc1-4df1-b4f9-e84c17474790, raftlog=a355c4c2-cbce-4d32-ac2d-5d7efcc7e61b@group-7BD41C1E26FD-SegmentedRaftLog:OPENED:c6,f6,i12, conf=0: [a355c4c2-cbce-4d32-ac2d-5d7efcc7e61b:192.168.69.81:43118, 608419ff-9e1e-46ed-b668-4d330b5fd69a:192.168.69.81:34716, 5a49129c-fcc1-4df1-b4f9-e84c17474790:192.168.69.81:36288], old=null RUNNING
2019-09-11 12:42:21,516 [grpc-default-executor-4] INFO  impl.RaftServerImpl (RaftServerImpl.java:lambda$shutdown$3(251)) - a355c4c2-cbce-4d32-ac2d-5d7efcc7e61b@group-7BD41C1E26FD: shutdown
2019-09-11 12:42:21,517 [grpc-default-executor-4] INFO  util.JmxRegister (JmxRegister.java:unregister(73)) - Successfully un-registered JMX Bean with object name Ratis:service=RaftServer,group=group-7BD41C1E26FD,id=a355c4c2-cbce-4d32-ac2d-5d7efcc7e61b
2019-09-11 12:42:21,517 [grpc-default-executor-4] INFO  impl.RoleInfo (RoleInfo.java:shutdownFollowerState(121)) - a355c4c2-cbce-4d32-ac2d-5d7efcc7e61b: shutdown FollowerState
2019-09-11 12:42:21,518 [grpc-default-executor-4] INFO  impl.StateMachineUpdater (StateMachineUpdater.java:stopAndJoin(125)) - a355c4c2-cbce-4d32-ac2d-5d7efcc7e61b@group-7BD41C1E26FD-StateMachineUpdater: set stopIndex = 6
2019-09-11 12:42:21,518 [Thread-309] INFO  impl.FollowerState (FollowerState.java:run(115)) - a355c4c2-cbce-4d32-ac2d-5d7efcc7e61b: FollowerState was interrupted: java.lang.InterruptedException: sleep interrupted
2019-09-11 12:42:21,518 [a355c4c2-cbce-4d32-ac2d-5d7efcc7e61b@group-7BD41C1E26FD-StateMachineUpdater] INFO  ratis.ContainerStateMachine (ContainerStateMachine.java:takeSnapshot(289)) - group-7BD41C1E26FD: Taking a snapshot at:(t:1, i:4) file /workdir/hadoop-ozone/integration-test/target/test-dir/MiniOzoneClusterImpl-72df8dd9-2b9a-4ea0-aef5-73ebd66773c1/datanode-5/data/ratis/21608d1a-2997-47fb-85ec-7bd41c1e26fd/sm/snapshot.1_4
2019-09-11 12:42:21,574 [a355c4c2-cbce-4d32-ac2d-5d7efcc7e61b@group-7BD41C1E26FD-StateMachineUpdater] INFO  ratis.ContainerStateMachine (ContainerStateMachine.java:takeSnapshot(300)) - group-7BD41C1E26FD: Finished taking a snapshot at:(t:1, i:4) file:/workdir/hadoop-ozone/integration-test/target/test-dir/MiniOzoneClusterImpl-72df8dd9-2b9a-4ea0-aef5-73ebd66773c1/datanode-5/data/ratis/21608d1a-2997-47fb-85ec-7bd41c1e26fd/sm/snapshot.1_4 time:57
2019-09-11 12:42:21,574 [a355c4c2-cbce-4d32-ac2d-5d7efcc7e61b@group-7BD41C1E26FD-StateMachineUpdater] INFO  impl.StateMachineUpdater (StateMachineUpdater.java:takeSnapshot(258)) - a355c4c2-cbce-4d32-ac2d-5d7efcc7e61b@group-7BD41C1E26FD-StateMachineUpdater: Took a snapshot at index 4
2019-09-11 12:42:21,577 [a355c4c2-cbce-4d32-ac2d-5d7efcc7e61b@group-7BD41C1E26FD-StateMachineUpdater] INFO  impl.StateMachineUpdater (StateMachineUpdater.java:lambda$new$0(83)) - a355c4c2-cbce-4d32-ac2d-5d7efcc7e61b@group-7BD41C1E26FD-StateMachineUpdater: snapshotIndex: updateIncreasingly -1 -> 4
2019-09-11 12:42:21,589 [a355c4c2-cbce-4d32-ac2d-5d7efcc7e61b@group-7BD41C1E26FD-StateMachineUpdater] INFO  ratis.ContainerStateMachine (ContainerStateMachine.java:takeSnapshot(289)) - group-7BD41C1E26FD: Taking a snapshot at:(t:1, i:4) file /workdir/hadoop-ozone/integration-test/target/test-dir/MiniOzoneClusterImpl-72df8dd9-2b9a-4ea0-aef5-73ebd66773c1/datanode-5/data/ratis/21608d1a-2997-47fb-85ec-7bd41c1e26fd/sm/snapshot.1_4
2019-09-11 12:42:21,612 [a355c4c2-cbce-4d32-ac2d-5d7efcc7e61b@group-7BD41C1E26FD-StateMachineUpdater] INFO  ratis.ContainerStateMachine (ContainerStateMachine.java:takeSnapshot(300)) - group-7BD41C1E26FD: Finished taking a snapshot at:(t:1, i:4) file:/workdir/hadoop-ozone/integration-test/target/test-dir/MiniOzoneClusterImpl-72df8dd9-2b9a-4ea0-aef5-73ebd66773c1/datanode-5/data/ratis/21608d1a-2997-47fb-85ec-7bd41c1e26fd/sm/snapshot.1_4 time:23
2019-09-11 12:42:21,612 [a355c4c2-cbce-4d32-ac2d-5d7efcc7e61b@group-7BD41C1E26FD-StateMachineUpdater] INFO  impl.StateMachineUpdater (StateMachineUpdater.java:takeSnapshot(258)) - a355c4c2-cbce-4d32-ac2d-5d7efcc7e61b@group-7BD41C1E26FD-StateMachineUpdater: Took a snapshot at index 4
2019-09-11 12:42:21,612 [a355c4c2-cbce-4d32-ac2d-5d7efcc7e61b@group-7BD41C1E26FD-StateMachineUpdater] INFO  impl.StateMachineUpdater (StateMachineUpdater.java:lambda$new$0(83)) - a355c4c2-cbce-4d32-ac2d-5d7efcc7e61b@group-7BD41C1E26FD-StateMachineUpdater: snapshotIndex: updateIncreasingly 4 -> 4
2019-09-11 12:42:21,612 [grpc-default-executor-4] INFO  impl.RaftServerImpl (ServerState.java:close(385)) - a355c4c2-cbce-4d32-ac2d-5d7efcc7e61b@group-7BD41C1E26FD: closes. applyIndex: 6
2019-09-11 12:42:21,616 [a355c4c2-cbce-4d32-ac2d-5d7efcc7e61b@group-7BD41C1E26FD-SegmentedRaftLogWorker] ERROR ratis.XceiverServerRatis (XceiverServerRatis.java:triggerPipelineClose(568)) - pipeline Action CLOSE  on pipeline PipelineID=21608d1a-2997-47fb-85ec-7bd41c1e26fd.Reason : WriteLog:8: (t:1, i:8), STATEMACHINELOGENTRY, client-2FDB34E1AA20, cid=17-writeStateMachineData interrupted.
2019-09-11 12:42:21,619 [EventQueue-PipelineActionsForPipelineActionHandler] ERROR pipeline.PipelineActionHandler (PipelineActionHandler.java:onMessage(60)) - Received pipeline action CLOSE for Pipeline[ Id: 21608d1a-2997-47fb-85ec-7bd41c1e26fd, Nodes: a355c4c2-cbce-4d32-ac2d-5d7efcc7e61b{ip: 192.168.69.81, host: pr-hdds-2109-6lgm5-4208394744, networkLocation: /default-rack, certSerialId: null}608419ff-9e1e-46ed-b668-4d330b5fd69a{ip: 192.168.69.81, host: pr-hdds-2109-6lgm5-4208394744, networkLocation: /default-rack, certSerialId: null}5a49129c-fcc1-4df1-b4f9-e84c17474790{ip: 192.168.69.81, host: pr-hdds-2109-6lgm5-4208394744, networkLocation: /default-rack, certSerialId: null}, Type:RATIS, Factor:THREE, State:CLOSED] from datanode a355c4c2-cbce-4d32-ac2d-5d7efcc7e61b{ip: 192.168.69.81, host: pr-hdds-2109-6lgm5-4208394744, networkLocation: /default-rack, certSerialId: null}. Reason : WriteLog:8: (t:1, i:8), STATEMACHINELOGENTRY, client-2FDB34E1AA20, cid=17-writeStateMachineData interrupted.
2019-09-11 12:42:21,619 [EventQueue-PipelineActionsForPipelineActionHandler] INFO  pipeline.SCMPipelineManager (SCMPipelineManager.java:finalizeAndDestroyPipeline(311)) - destroying pipeline:Pipeline[ Id: 21608d1a-2997-47fb-85ec-7bd41c1e26fd, Nodes: a355c4c2-cbce-4d32-ac2d-5d7efcc7e61b{ip: 192.168.69.81, host: pr-hdds-2109-6lgm5-4208394744, networkLocation: /default-rack, certSerialId: null}608419ff-9e1e-46ed-b668-4d330b5fd69a{ip: 192.168.69.81, host: pr-hdds-2109-6lgm5-4208394744, networkLocation: /default-rack, certSerialId: null}5a49129c-fcc1-4df1-b4f9-e84c17474790{ip: 192.168.69.81, host: pr-hdds-2109-6lgm5-4208394744, networkLocation: /default-rack, certSerialId: null}, Type:RATIS, Factor:THREE, State:CLOSED]
2019-09-11 12:42:21,629 [grpc-default-executor-4] INFO  segmented.SegmentedRaftLogWorker (SegmentedRaftLogWorker.java:close(228)) - a355c4c2-cbce-4d32-ac2d-5d7efcc7e61b@group-7BD41C1E26FD-SegmentedRaftLogWorker close()
2019-09-11 12:42:21,649 [grpc-default-executor-4] INFO  interfaces.Container (KeyValueContainer.java:flushAndSyncDB(386)) - Container 1 is synced with bcsId 4.
2019-09-11 12:42:21,649 [grpc-default-executor-4] INFO  interfaces.Container (KeyValueContainer.java:flushAndSyncDB(386)) - Container 1 is synced with bcsId 4.
2019-09-11 12:42:21,676 [EventQueue-IncrementalContainerReportForIncrementalContainerReportHandler] INFO  container.IncrementalContainerReportHandler (AbstractContainerReportHandler.java:updateContainerState(169)) - Moving container #1 to QUASI_CLOSED state, datanode a355c4c2-cbce-4d32-ac2d-5d7efcc7e61b{ip: 192.168.69.81, host: pr-hdds-2109-6lgm5-4208394744, networkLocation: /default-rack, certSerialId: null} reported QUASI_CLOSED replica.
2019-09-11 12:42:21,763 [grpc-default-executor-4] INFO  interfaces.Container (KeyValueContainer.java:flushAndSyncDB(386)) - Container 2 is synced with bcsId 0.
2019-09-11 12:42:21,763 [grpc-default-executor-4] INFO  interfaces.Container (KeyValueContainer.java:flushAndSyncDB(386)) - Container 2 is synced with bcsId 0.
2019-09-11 12:42:21,788 [EventQueue-IncrementalContainerReportForIncrementalContainerReportHandler] INFO  container.IncrementalContainerReportHandler (AbstractContainerReportHandler.java:updateContainerState(169)) - Moving container #2 to QUASI_CLOSED state, datanode a355c4c2-cbce-4d32-ac2d-5d7efcc7e61b{ip: 192.168.69.81, host: pr-hdds-2109-6lgm5-4208394744, networkLocation: /default-rack, certSerialId: null} reported QUASI_CLOSED replica.
2019-09-11 12:42:21,797 [grpc-default-executor-4] INFO  impl.RaftServerProxy (RaftServerProxy.java:remove(95)) - 608419ff-9e1e-46ed-b668-4d330b5fd69a: remove  FOLLOWER 608419ff-9e1e-46ed-b668-4d330b5fd69a@group-7BD41C1E26FD:t1, leader=5a49129c-fcc1-4df1-b4f9-e84c17474790, voted=5a49129c-fcc1-4df1-b4f9-e84c17474790, raftlog=608419ff-9e1e-46ed-b668-4d330b5fd69a@group-7BD41C1E26FD-SegmentedRaftLog:OPENED:c6,f6,i12, conf=0: [a355c4c2-cbce-4d32-ac2d-5d7efcc7e61b:192.168.69.81:43118, 608419ff-9e1e-46ed-b668-4d330b5fd69a:192.168.69.81:34716, 5a49129c-fcc1-4df1-b4f9-e84c17474790:192.168.69.81:36288], old=null RUNNING
2019-09-11 12:42:21,798 [grpc-default-executor-4] INFO  impl.RaftServerImpl (RaftServerImpl.java:lambda$shutdown$3(251)) - 608419ff-9e1e-46ed-b668-4d330b5fd69a@group-7BD41C1E26FD: shutdown
2019-09-11 12:42:21,798 [grpc-default-executor-4] INFO  util.JmxRegister (JmxRegister.java:unregister(73)) - Successfully un-registered JMX Bean with object name Ratis:service=RaftServer,group=group-7BD41C1E26FD,id=608419ff-9e1e-46ed-b668-4d330b5fd69a
2019-09-11 12:42:21,798 [grpc-default-executor-4] INFO  impl.RoleInfo (RoleInfo.java:shutdownFollowerState(121)) - 608419ff-9e1e-46ed-b668-4d330b5fd69a: shutdown FollowerState
2019-09-11 12:42:21,798 [grpc-default-executor-4] INFO  impl.StateMachineUpdater (StateMachineUpdater.java:stopAndJoin(125)) - 608419ff-9e1e-46ed-b668-4d330b5fd69a@group-7BD41C1E26FD-StateMachineUpdater: set stopIndex = 6
2019-09-11 12:42:21,798 [608419ff-9e1e-46ed-b668-4d330b5fd69a@group-7BD41C1E26FD-StateMachineUpdater] INFO  ratis.ContainerStateMachine (ContainerStateMachine.java:takeSnapshot(289)) - group-7BD41C1E26FD: Taking a snapshot at:(t:1, i:4) file /workdir/hadoop-ozone/integration-test/target/test-dir/MiniOzoneClusterImpl-72df8dd9-2b9a-4ea0-aef5-73ebd66773c1/datanode-3/data/ratis/21608d1a-2997-47fb-85ec-7bd41c1e26fd/sm/snapshot.1_4
2019-09-11 12:42:21,798 [Thread-308] INFO  impl.FollowerState (FollowerState.java:run(115)) - 608419ff-9e1e-46ed-b668-4d330b5fd69a: FollowerState was interrupted: java.lang.InterruptedException: sleep interrupted
2019-09-11 12:42:21,812 [608419ff-9e1e-46ed-b668-4d330b5fd69a@group-7BD41C1E26FD-StateMachineUpdater] INFO  ratis.ContainerStateMachine (ContainerStateMachine.java:takeSnapshot(300)) - group-7BD41C1E26FD: Finished taking a snapshot at:(t:1, i:4) file:/workdir/hadoop-ozone/integration-test/target/test-dir/MiniOzoneClusterImpl-72df8dd9-2b9a-4ea0-aef5-73ebd66773c1/datanode-3/data/ratis/21608d1a-2997-47fb-85ec-7bd41c1e26fd/sm/snapshot.1_4 time:14
2019-09-11 12:42:21,812 [608419ff-9e1e-46ed-b668-4d330b5fd69a@group-7BD41C1E26FD-StateMachineUpdater] INFO  impl.StateMachineUpdater (StateMachineUpdater.java:takeSnapshot(258)) - 608419ff-9e1e-46ed-b668-4d330b5fd69a@group-7BD41C1E26FD-StateMachineUpdater: Took a snapshot at index 4
2019-09-11 12:42:21,812 [608419ff-9e1e-46ed-b668-4d330b5fd69a@group-7BD41C1E26FD-StateMachineUpdater] INFO  impl.StateMachineUpdater (StateMachineUpdater.java:lambda$new$0(83)) - 608419ff-9e1e-46ed-b668-4d330b5fd69a@group-7BD41C1E26FD-StateMachineUpdater: snapshotIndex: updateIncreasingly -1 -> 4
2019-09-11 12:42:21,812 [608419ff-9e1e-46ed-b668-4d330b5fd69a@group-7BD41C1E26FD-StateMachineUpdater] INFO  ratis.ContainerStateMachine (ContainerStateMachine.java:takeSnapshot(289)) - group-7BD41C1E26FD: Taking a snapshot at:(t:1, i:4) file /workdir/hadoop-ozone/integration-test/target/test-dir/MiniOzoneClusterImpl-72df8dd9-2b9a-4ea0-aef5-73ebd66773c1/datanode-3/data/ratis/21608d1a-2997-47fb-85ec-7bd41c1e26fd/sm/snapshot.1_4
2019-09-11 12:42:21,849 [608419ff-9e1e-46ed-b668-4d330b5fd69a@group-7BD41C1E26FD-StateMachineUpdater] INFO  ratis.ContainerStateMachine (ContainerStateMachine.java:takeSnapshot(300)) - group-7BD41C1E26FD: Finished taking a snapshot at:(t:1, i:4) file:/workdir/hadoop-ozone/integration-test/target/test-dir/MiniOzoneClusterImpl-72df8dd9-2b9a-4ea0-aef5-73ebd66773c1/datanode-3/data/ratis/21608d1a-2997-47fb-85ec-7bd41c1e26fd/sm/snapshot.1_4 time:37
2019-09-11 12:42:21,849 [608419ff-9e1e-46ed-b668-4d330b5fd69a@group-7BD41C1E26FD-StateMachineUpdater] INFO  impl.StateMachineUpdater (StateMachineUpdater.java:takeSnapshot(258)) - 608419ff-9e1e-46ed-b668-4d330b5fd69a@group-7BD41C1E26FD-StateMachineUpdater: Took a snapshot at index 4
2019-09-11 12:42:21,849 [608419ff-9e1e-46ed-b668-4d330b5fd69a@group-7BD41C1E26FD-StateMachineUpdater] INFO  impl.StateMachineUpdater (StateMachineUpdater.java:lambda$new$0(83)) - 608419ff-9e1e-46ed-b668-4d330b5fd69a@group-7BD41C1E26FD-StateMachineUpdater: snapshotIndex: updateIncreasingly 4 -> 4
2019-09-11 12:42:21,850 [grpc-default-executor-4] INFO  impl.RaftServerImpl (ServerState.java:close(385)) - 608419ff-9e1e-46ed-b668-4d330b5fd69a@group-7BD41C1E26FD: closes. applyIndex: 6
2019-09-11 12:42:21,859 [608419ff-9e1e-46ed-b668-4d330b5fd69a@group-7BD41C1E26FD-SegmentedRaftLogWorker] ERROR ratis.XceiverServerRatis (XceiverServerRatis.java:triggerPipelineClose(568)) - pipeline Action CLOSE  on pipeline PipelineID=21608d1a-2997-47fb-85ec-7bd41c1e26fd.Reason : WriteLog:8: (t:1, i:8), STATEMACHINELOGENTRY, client-2FDB34E1AA20, cid=17-writeStateMachineData interrupted.
2019-09-11 12:42:21,864 [EventQueue-PipelineActionsForPipelineActionHandler] ERROR pipeline.PipelineActionHandler (PipelineActionHandler.java:onMessage(60)) - Received pipeline action CLOSE for Pipeline[ Id: 21608d1a-2997-47fb-85ec-7bd41c1e26fd, Nodes: a355c4c2-cbce-4d32-ac2d-5d7efcc7e61b{ip: 192.168.69.81, host: pr-hdds-2109-6lgm5-4208394744, networkLocation: /default-rack, certSerialId: null}608419ff-9e1e-46ed-b668-4d330b5fd69a{ip: 192.168.69.81, host: pr-hdds-2109-6lgm5-4208394744, networkLocation: /default-rack, certSerialId: null}5a49129c-fcc1-4df1-b4f9-e84c17474790{ip: 192.168.69.81, host: pr-hdds-2109-6lgm5-4208394744, networkLocation: /default-rack, certSerialId: null}, Type:RATIS, Factor:THREE, State:CLOSED] from datanode 608419ff-9e1e-46ed-b668-4d330b5fd69a{ip: 192.168.69.81, host: pr-hdds-2109-6lgm5-4208394744, networkLocation: /default-rack, certSerialId: null}. Reason : WriteLog:8: (t:1, i:8), STATEMACHINELOGENTRY, client-2FDB34E1AA20, cid=17-writeStateMachineData interrupted.
2019-09-11 12:42:21,864 [EventQueue-PipelineActionsForPipelineActionHandler] INFO  pipeline.SCMPipelineManager (SCMPipelineManager.java:finalizeAndDestroyPipeline(311)) - destroying pipeline:Pipeline[ Id: 21608d1a-2997-47fb-85ec-7bd41c1e26fd, Nodes: a355c4c2-cbce-4d32-ac2d-5d7efcc7e61b{ip: 192.168.69.81, host: pr-hdds-2109-6lgm5-4208394744, networkLocation: /default-rack, certSerialId: null}608419ff-9e1e-46ed-b668-4d330b5fd69a{ip: 192.168.69.81, host: pr-hdds-2109-6lgm5-4208394744, networkLocation: /default-rack, certSerialId: null}5a49129c-fcc1-4df1-b4f9-e84c17474790{ip: 192.168.69.81, host: pr-hdds-2109-6lgm5-4208394744, networkLocation: /default-rack, certSerialId: null}, Type:RATIS, Factor:THREE, State:CLOSED]
2019-09-11 12:42:21,874 [grpc-default-executor-4] INFO  segmented.SegmentedRaftLogWorker (SegmentedRaftLogWorker.java:close(228)) - 608419ff-9e1e-46ed-b668-4d330b5fd69a@group-7BD41C1E26FD-SegmentedRaftLogWorker close()
2019-09-11 12:42:21,900 [grpc-default-executor-4] INFO  interfaces.Container (KeyValueContainer.java:flushAndSyncDB(386)) - Container 1 is synced with bcsId 4.
2019-09-11 12:42:21,900 [grpc-default-executor-4] INFO  interfaces.Container (KeyValueContainer.java:flushAndSyncDB(386)) - Container 1 is synced with bcsId 4.
2019-09-11 12:42:22,015 [grpc-default-executor-4] INFO  interfaces.Container (KeyValueContainer.java:flushAndSyncDB(386)) - Container 2 is synced with bcsId 0.
2019-09-11 12:42:22,015 [grpc-default-executor-4] INFO  interfaces.Container (KeyValueContainer.java:flushAndSyncDB(386)) - Container 2 is synced with bcsId 0.
2019-09-11 12:42:22,054 [grpc-default-executor-4] INFO  impl.RaftServerProxy (RaftServerProxy.java:remove(95)) - 5a49129c-fcc1-4df1-b4f9-e84c17474790: remove    LEADER 5a49129c-fcc1-4df1-b4f9-e84c17474790@group-7BD41C1E26FD:t1, leader=5a49129c-fcc1-4df1-b4f9-e84c17474790, voted=5a49129c-fcc1-4df1-b4f9-e84c17474790, raftlog=5a49129c-fcc1-4df1-b4f9-e84c17474790@group-7BD41C1E26FD-SegmentedRaftLog:OPENED:c6,f6,i12, conf=0: [a355c4c2-cbce-4d32-ac2d-5d7efcc7e61b:192.168.69.81:43118, 608419ff-9e1e-46ed-b668-4d330b5fd69a:192.168.69.81:34716, 5a49129c-fcc1-4df1-b4f9-e84c17474790:192.168.69.81:36288], old=null RUNNING
2019-09-11 12:42:22,055 [grpc-default-executor-4] INFO  impl.RaftServerImpl (RaftServerImpl.java:lambda$shutdown$3(251)) - 5a49129c-fcc1-4df1-b4f9-e84c17474790@group-7BD41C1E26FD: shutdown
2019-09-11 12:42:22,055 [grpc-default-executor-4] INFO  util.JmxRegister (JmxRegister.java:unregister(73)) - Successfully un-registered JMX Bean with object name Ratis:service=RaftServer,group=group-7BD41C1E26FD,id=5a49129c-fcc1-4df1-b4f9-e84c17474790
2019-09-11 12:42:22,055 [grpc-default-executor-4] INFO  impl.RoleInfo (RoleInfo.java:shutdownLeaderState(104)) - 5a49129c-fcc1-4df1-b4f9-e84c17474790: shutdown LeaderState
2019-09-11 12:42:22,060 [grpc-default-executor-4] INFO  impl.PendingRequests (PendingRequests.java:sendNotLeaderResponses(202)) - 5a49129c-fcc1-4df1-b4f9-e84c17474790-PendingRequests: sendNotLeaderResponses
2019-09-11 12:42:22,062 [org.apache.ratis.server.impl.LogAppender$AppenderDaemon$$Lambda$485/1842952795@1ad30ca5] WARN  server.GrpcLogAppender (GrpcLogAppender.java:mayWait(143)) - 5a49129c-fcc1-4df1-b4f9-e84c17474790@group-7BD41C1E26FD->a355c4c2-cbce-4d32-ac2d-5d7efcc7e61b-GrpcLogAppender: Wait interrupted by java.lang.InterruptedException
2019-09-11 12:42:22,062 [org.apache.ratis.server.impl.LogAppender$AppenderDaemon$$Lambda$485/1842952795@1973b645] WARN  server.GrpcLogAppender (GrpcLogAppender.java:mayWait(143)) - 5a49129c-fcc1-4df1-b4f9-e84c17474790@group-7BD41C1E26FD->608419ff-9e1e-46ed-b668-4d330b5fd69a-GrpcLogAppender: Wait interrupted by java.lang.InterruptedException
2019-09-11 12:42:22,064 [grpc-default-executor-3] INFO  server.GrpcServerProtocolService (GrpcServerProtocolService.java:onCompleted(113)) - 608419ff-9e1e-46ed-b668-4d330b5fd69a: Completed APPEND_ENTRIES, lastRequest: 5a49129c-fcc1-4df1-b4f9-e84c17474790->608419ff-9e1e-46ed-b668-4d330b5fd69a#86-t1, previous=(t:1, i:12), leaderCommit=6, initializing? false, entries: <empty>
2019-09-11 12:42:22,064 [grpc-default-executor-0] INFO  server.GrpcServerProtocolService (GrpcServerProtocolService.java:onCompleted(113)) - a355c4c2-cbce-4d32-ac2d-5d7efcc7e61b: Completed APPEND_ENTRIES, lastRequest: 5a49129c-fcc1-4df1-b4f9-e84c17474790->a355c4c2-cbce-4d32-ac2d-5d7efcc7e61b#86-t1, previous=(t:1, i:12), leaderCommit=6, initializing? false, entries: <empty>
2019-09-11 12:42:22,064 [grpc-default-executor-0] INFO  server.GrpcLogAppender (GrpcLogAppender.java:onCompleted(293)) - 5a49129c-fcc1-4df1-b4f9-e84c17474790@group-7BD41C1E26FD->608419ff-9e1e-46ed-b668-4d330b5fd69a-AppendLogResponseHandler: follower responses appendEntries COMPLETED
2019-09-11 12:42:22,065 [grpc-default-executor-3] INFO  server.GrpcLogAppender (GrpcLogAppender.java:onCompleted(293)) - 5a49129c-fcc1-4df1-b4f9-e84c17474790@group-7BD41C1E26FD->a355c4c2-cbce-4d32-ac2d-5d7efcc7e61b-AppendLogResponseHandler: follower responses appendEntries COMPLETED
2019-09-11 12:42:22,065 [grpc-default-executor-0] INFO  impl.FollowerInfo (FollowerInfo.java:lambda$new$0(51)) - 5a49129c-fcc1-4df1-b4f9-e84c17474790@group-7BD41C1E26FD->608419ff-9e1e-46ed-b668-4d330b5fd69a: nextIndex: updateUnconditionally 13 -> 7
2019-09-11 12:42:22,065 [grpc-default-executor-3] INFO  impl.FollowerInfo (FollowerInfo.java:lambda$new$0(51)) - 5a49129c-fcc1-4df1-b4f9-e84c17474790@group-7BD41C1E26FD->a355c4c2-cbce-4d32-ac2d-5d7efcc7e61b: nextIndex: updateUnconditionally 13 -> 7
2019-09-11 12:42:22,071 [grpc-default-executor-4] INFO  impl.StateMachineUpdater (StateMachineUpdater.java:stopAndJoin(125)) - 5a49129c-fcc1-4df1-b4f9-e84c17474790@group-7BD41C1E26FD-StateMachineUpdater: set stopIndex = 6
2019-09-11 12:42:22,071 [5a49129c-fcc1-4df1-b4f9-e84c17474790@group-7BD41C1E26FD-StateMachineUpdater] INFO  ratis.ContainerStateMachine (ContainerStateMachine.java:takeSnapshot(289)) - group-7BD41C1E26FD: Taking a snapshot at:(t:1, i:6) file /workdir/hadoop-ozone/integration-test/target/test-dir/MiniOzoneClusterImpl-72df8dd9-2b9a-4ea0-aef5-73ebd66773c1/datanode-1/data/ratis/21608d1a-2997-47fb-85ec-7bd41c1e26fd/sm/snapshot.1_6
2019-09-11 12:42:22,088 [5a49129c-fcc1-4df1-b4f9-e84c17474790@group-7BD41C1E26FD-StateMachineUpdater] INFO  ratis.ContainerStateMachine (ContainerStateMachine.java:takeSnapshot(300)) - group-7BD41C1E26FD: Finished taking a snapshot at:(t:1, i:6) file:/workdir/hadoop-ozone/integration-test/target/test-dir/MiniOzoneClusterImpl-72df8dd9-2b9a-4ea0-aef5-73ebd66773c1/datanode-1/data/ratis/21608d1a-2997-47fb-85ec-7bd41c1e26fd/sm/snapshot.1_6 time:17
2019-09-11 12:42:22,088 [5a49129c-fcc1-4df1-b4f9-e84c17474790@group-7BD41C1E26FD-StateMachineUpdater] INFO  impl.StateMachineUpdater (StateMachineUpdater.java:takeSnapshot(258)) - 5a49129c-fcc1-4df1-b4f9-e84c17474790@group-7BD41C1E26FD-StateMachineUpdater: Took a snapshot at index 6
2019-09-11 12:42:22,089 [5a49129c-fcc1-4df1-b4f9-e84c17474790@group-7BD41C1E26FD-StateMachineUpdater] INFO  impl.StateMachineUpdater (StateMachineUpdater.java:lambda$new$0(83)) - 5a49129c-fcc1-4df1-b4f9-e84c17474790@group-7BD41C1E26FD-StateMachineUpdater: snapshotIndex: updateIncreasingly -1 -> 6
2019-09-11 12:42:22,089 [grpc-default-executor-4] INFO  impl.RaftServerImpl (ServerState.java:close(385)) - 5a49129c-fcc1-4df1-b4f9-e84c17474790@group-7BD41C1E26FD: closes. applyIndex: 6
2019-09-11 12:42:22,089 [Command processor thread] ERROR commandhandler.CloseContainerCommandHandler (CloseContainerCommandHandler.java:handle(125)) - Can't close container #2
java.io.IOException: org.apache.ratis.protocol.GroupMismatchException: 5a49129c-fcc1-4df1-b4f9-e84c17474790: group-7BD41C1E26FD not found.
	at org.apache.hadoop.ozone.container.common.transport.server.ratis.XceiverServerRatis.submitRequest(XceiverServerRatis.java:495)
	at org.apache.hadoop.ozone.container.common.statemachine.commandhandler.CloseContainerCommandHandler.handle(CloseContainerCommandHandler.java:102)
	at org.apache.hadoop.ozone.container.common.statemachine.commandhandler.CommandDispatcher.handle(CommandDispatcher.java:99)
	at org.apache.hadoop.ozone.container.common.statemachine.DatanodeStateMachine.lambda$initCommandHandlerThread$1(DatanodeStateMachine.java:432)
	at java.lang.Thread.run(Thread.java:748)
Caused by: java.util.concurrent.ExecutionException: org.apache.ratis.protocol.GroupMismatchException: 5a49129c-fcc1-4df1-b4f9-e84c17474790: group-7BD41C1E26FD not found.
	at java.util.concurrent.CompletableFuture.reportGet(CompletableFuture.java:357)
	at java.util.concurrent.CompletableFuture.get(CompletableFuture.java:1895)
	at org.apache.hadoop.ozone.container.common.transport.server.ratis.XceiverServerRatis.submitRequest(XceiverServerRatis.java:493)
	... 4 more
Caused by: org.apache.ratis.protocol.GroupMismatchException: 5a49129c-fcc1-4df1-b4f9-e84c17474790: group-7BD41C1E26FD not found.
	at org.apache.ratis.server.impl.RaftServerProxy$ImplMap.get(RaftServerProxy.java:122)
	at org.apache.ratis.server.impl.RaftServerProxy.getImplFuture(RaftServerProxy.java:269)
	at org.apache.ratis.server.impl.RaftServerProxy.submitRequest(RaftServerProxy.java:327)
	at org.apache.ratis.server.impl.RaftServerProxy.submitClientRequestAsync(RaftServerProxy.java:333)
	... 5 more
2019-09-11 12:42:22,090 [5a49129c-fcc1-4df1-b4f9-e84c17474790@group-7BD41C1E26FD-SegmentedRaftLogWorker] ERROR ratis.XceiverServerRatis (XceiverServerRatis.java:triggerPipelineClose(568)) - pipeline Action CLOSE  on pipeline PipelineID=21608d1a-2997-47fb-85ec-7bd41c1e26fd.Reason : WriteLog:8: (t:1, i:8), STATEMACHINELOGENTRY, client-2FDB34E1AA20, cid=17-writeStateMachineData interrupted.
2019-09-11 12:42:22,093 [EventQueue-PipelineActionsForPipelineActionHandler] ERROR pipeline.PipelineActionHandler (PipelineActionHandler.java:onMessage(60)) - Received pipeline action CLOSE for Pipeline[ Id: 21608d1a-2997-47fb-85ec-7bd41c1e26fd, Nodes: a355c4c2-cbce-4d32-ac2d-5d7efcc7e61b{ip: 192.168.69.81, host: pr-hdds-2109-6lgm5-4208394744, networkLocation: /default-rack, certSerialId: null}608419ff-9e1e-46ed-b668-4d330b5fd69a{ip: 192.168.69.81, host: pr-hdds-2109-6lgm5-4208394744, networkLocation: /default-rack, certSerialId: null}5a49129c-fcc1-4df1-b4f9-e84c17474790{ip: 192.168.69.81, host: pr-hdds-2109-6lgm5-4208394744, networkLocation: /default-rack, certSerialId: null}, Type:RATIS, Factor:THREE, State:CLOSED] from datanode 5a49129c-fcc1-4df1-b4f9-e84c17474790{ip: 192.168.69.81, host: pr-hdds-2109-6lgm5-4208394744, networkLocation: /default-rack, certSerialId: null}. Reason : WriteLog:8: (t:1, i:8), STATEMACHINELOGENTRY, client-2FDB34E1AA20, cid=17-writeStateMachineData interrupted.
2019-09-11 12:42:22,093 [EventQueue-PipelineActionsForPipelineActionHandler] INFO  pipeline.SCMPipelineManager (SCMPipelineManager.java:finalizeAndDestroyPipeline(311)) - destroying pipeline:Pipeline[ Id: 21608d1a-2997-47fb-85ec-7bd41c1e26fd, Nodes: a355c4c2-cbce-4d32-ac2d-5d7efcc7e61b{ip: 192.168.69.81, host: pr-hdds-2109-6lgm5-4208394744, networkLocation: /default-rack, certSerialId: null}608419ff-9e1e-46ed-b668-4d330b5fd69a{ip: 192.168.69.81, host: pr-hdds-2109-6lgm5-4208394744, networkLocation: /default-rack, certSerialId: null}5a49129c-fcc1-4df1-b4f9-e84c17474790{ip: 192.168.69.81, host: pr-hdds-2109-6lgm5-4208394744, networkLocation: /default-rack, certSerialId: null}, Type:RATIS, Factor:THREE, State:CLOSED]
2019-09-11 12:42:22,103 [grpc-default-executor-4] INFO  segmented.SegmentedRaftLogWorker (SegmentedRaftLogWorker.java:close(228)) - 5a49129c-fcc1-4df1-b4f9-e84c17474790@group-7BD41C1E26FD-SegmentedRaftLogWorker close()
2019-09-11 12:42:22,138 [grpc-default-executor-4] INFO  interfaces.Container (KeyValueContainer.java:flushAndSyncDB(386)) - Container 1 is synced with bcsId 4.
2019-09-11 12:42:22,138 [grpc-default-executor-4] INFO  interfaces.Container (KeyValueContainer.java:flushAndSyncDB(386)) - Container 1 is synced with bcsId 4.
2019-09-11 12:42:22,247 [grpc-default-executor-4] INFO  interfaces.Container (KeyValueContainer.java:flushAndSyncDB(386)) - Container 2 is synced with bcsId 0.
2019-09-11 12:42:22,247 [grpc-default-executor-4] INFO  interfaces.Container (KeyValueContainer.java:flushAndSyncDB(386)) - Container 2 is synced with bcsId 0.
2019-09-11 12:42:22,278 [RatisPipelineUtilsThread] INFO  pipeline.PipelineStateManager (PipelineStateManager.java:removePipeline(108)) - Pipeline Pipeline[ Id: 21608d1a-2997-47fb-85ec-7bd41c1e26fd, Nodes: a355c4c2-cbce-4d32-ac2d-5d7efcc7e61b{ip: 192.168.69.81, host: pr-hdds-2109-6lgm5-4208394744, networkLocation: /default-rack, certSerialId: null}608419ff-9e1e-46ed-b668-4d330b5fd69a{ip: 192.168.69.81, host: pr-hdds-2109-6lgm5-4208394744, networkLocation: /default-rack, certSerialId: null}5a49129c-fcc1-4df1-b4f9-e84c17474790{ip: 192.168.69.81, host: pr-hdds-2109-6lgm5-4208394744, networkLocation: /default-rack, certSerialId: null}, Type:RATIS, Factor:THREE, State:CLOSED] removed from db
2019-09-11 12:42:22,297 [grpc-default-executor-4] INFO  impl.RaftServerProxy (RaftServerProxy.java:addNew(89)) - 608419ff-9e1e-46ed-b668-4d330b5fd69a: addNew group-791F85AA1D09:[a355c4c2-cbce-4d32-ac2d-5d7efcc7e61b:192.168.69.81:43118, 608419ff-9e1e-46ed-b668-4d330b5fd69a:192.168.69.81:34716, 5a49129c-fcc1-4df1-b4f9-e84c17474790:192.168.69.81:36288] returns group-791F85AA1D09:java.util.concurrent.CompletableFuture@73f5d2f7[Not completed]
2019-09-11 12:42:22,297 [grpc-default-executor-0] INFO  impl.RaftServerProxy (RaftServerProxy.java:addNew(89)) - 5a49129c-fcc1-4df1-b4f9-e84c17474790: addNew group-791F85AA1D09:[a355c4c2-cbce-4d32-ac2d-5d7efcc7e61b:192.168.69.81:43118, 608419ff-9e1e-46ed-b668-4d330b5fd69a:192.168.69.81:34716, 5a49129c-fcc1-4df1-b4f9-e84c17474790:192.168.69.81:36288] returns group-791F85AA1D09:java.util.concurrent.CompletableFuture@5fdac3b2[Not completed]
2019-09-11 12:42:22,299 [grpc-default-executor-4] INFO  impl.RaftServerProxy (RaftServerProxy.java:addNew(89)) - a355c4c2-cbce-4d32-ac2d-5d7efcc7e61b: addNew group-791F85AA1D09:[a355c4c2-cbce-4d32-ac2d-5d7efcc7e61b:192.168.69.81:43118, 608419ff-9e1e-46ed-b668-4d330b5fd69a:192.168.69.81:34716, 5a49129c-fcc1-4df1-b4f9-e84c17474790:192.168.69.81:36288] returns group-791F85AA1D09:java.util.concurrent.CompletableFuture@3ebc7193[Not completed]
2019-09-11 12:42:22,302 [pool-37-thread-1] INFO  impl.RaftServerImpl (RaftServerImpl.java:<init>(95)) - 5a49129c-fcc1-4df1-b4f9-e84c17474790: new RaftServerImpl for group-791F85AA1D09:[a355c4c2-cbce-4d32-ac2d-5d7efcc7e61b:192.168.69.81:43118, 608419ff-9e1e-46ed-b668-4d330b5fd69a:192.168.69.81:34716, 5a49129c-fcc1-4df1-b4f9-e84c17474790:192.168.69.81:36288] with ContainerStateMachine:uninitialized
2019-09-11 12:42:22,302 [pool-37-thread-1] INFO  server.RaftServerConfigKeys (ConfUtils.java:logGet(43)) - raft.server.rpc.timeout.min = 5s (custom)
2019-09-11 12:42:22,303 [pool-37-thread-1] INFO  server.RaftServerConfigKeys (ConfUtils.java:logGet(43)) - raft.server.rpc.timeout.max = 5200ms (custom)
2019-09-11 12:42:22,303 [pool-37-thread-1] INFO  server.RaftServerConfigKeys (ConfUtils.java:logGet(43)) - raft.server.rpcslowness.timeout = 120s (custom)
2019-09-11 12:42:22,303 [pool-37-thread-1] INFO  server.RaftServerConfigKeys (ConfUtils.java:logGet(43)) - raft.server.sleep.deviation.threshold = 300 (default)
2019-09-11 12:42:22,303 [pool-37-thread-1] INFO  server.RaftServerConfigKeys (ConfUtils.java:logGet(43)) - raft.server.log.appender.install.snapshot.enabled = false (custom)
2019-09-11 12:42:22,303 [pool-57-thread-1] INFO  impl.RaftServerImpl (RaftServerImpl.java:<init>(95)) - 608419ff-9e1e-46ed-b668-4d330b5fd69a: new RaftServerImpl for group-791F85AA1D09:[a355c4c2-cbce-4d32-ac2d-5d7efcc7e61b:192.168.69.81:43118, 608419ff-9e1e-46ed-b668-4d330b5fd69a:192.168.69.81:34716, 5a49129c-fcc1-4df1-b4f9-e84c17474790:192.168.69.81:36288] with ContainerStateMachine:uninitialized
2019-09-11 12:42:22,303 [pool-37-thread-1] INFO  impl.RaftServerImpl (ServerState.java:<init>(103)) - 5a49129c-fcc1-4df1-b4f9-e84c17474790@group-791F85AA1D09: ConfigurationManager, init=-1: [a355c4c2-cbce-4d32-ac2d-5d7efcc7e61b:192.168.69.81:43118, 608419ff-9e1e-46ed-b668-4d330b5fd69a:192.168.69.81:34716, 5a49129c-fcc1-4df1-b4f9-e84c17474790:192.168.69.81:36288], old=null, confs=<EMPTY_MAP>
2019-09-11 12:42:22,304 [pool-57-thread-1] INFO  server.RaftServerConfigKeys (ConfUtils.java:logGet(43)) - raft.server.rpc.timeout.min = 5s (custom)
2019-09-11 12:42:22,304 [pool-77-thread-1] INFO  impl.RaftServerImpl (RaftServerImpl.java:<init>(95)) - a355c4c2-cbce-4d32-ac2d-5d7efcc7e61b: new RaftServerImpl for group-791F85AA1D09:[a355c4c2-cbce-4d32-ac2d-5d7efcc7e61b:192.168.69.81:43118, 608419ff-9e1e-46ed-b668-4d330b5fd69a:192.168.69.81:34716, 5a49129c-fcc1-4df1-b4f9-e84c17474790:192.168.69.81:36288] with ContainerStateMachine:uninitialized
2019-09-11 12:42:22,304 [pool-57-thread-1] INFO  server.RaftServerConfigKeys (ConfUtils.java:logGet(43)) - raft.server.rpc.timeout.max = 5200ms (custom)
2019-09-11 12:42:22,304 [pool-37-thread-1] INFO  server.RaftServerConfigKeys (ConfUtils.java:logGet(43)) - raft.server.storage.dir = [/workdir/hadoop-ozone/integration-test/target/test-dir/MiniOzoneClusterImpl-72df8dd9-2b9a-4ea0-aef5-73ebd66773c1/datanode-1/data/ratis] (custom)
2019-09-11 12:42:22,304 [pool-77-thread-1] INFO  server.RaftServerConfigKeys (ConfUtils.java:logGet(43)) - raft.server.rpc.timeout.min = 5s (custom)
2019-09-11 12:42:22,304 [pool-57-thread-1] INFO  server.RaftServerConfigKeys (ConfUtils.java:logGet(43)) - raft.server.rpcslowness.timeout = 120s (custom)
2019-09-11 12:42:22,304 [pool-77-thread-1] INFO  server.RaftServerConfigKeys (ConfUtils.java:logGet(43)) - raft.server.rpc.timeout.max = 5200ms (custom)
2019-09-11 12:42:22,305 [pool-57-thread-1] INFO  server.RaftServerConfigKeys (ConfUtils.java:logGet(43)) - raft.server.sleep.deviation.threshold = 300 (default)
2019-09-11 12:42:22,305 [pool-37-thread-1] INFO  storage.RaftStorageDirectory (RaftStorageDirectory.java:analyzeStorage(246)) - The storage directory /workdir/hadoop-ozone/integration-test/target/test-dir/MiniOzoneClusterImpl-72df8dd9-2b9a-4ea0-aef5-73ebd66773c1/datanode-1/data/ratis/4225135a-f45b-446d-abd4-791f85aa1d09 does not exist. Creating ...
2019-09-11 12:42:22,305 [pool-77-thread-1] INFO  server.RaftServerConfigKeys (ConfUtils.java:logGet(43)) - raft.server.rpcslowness.timeout = 120s (custom)
2019-09-11 12:42:22,305 [pool-57-thread-1] INFO  server.RaftServerConfigKeys (ConfUtils.java:logGet(43)) - raft.server.log.appender.install.snapshot.enabled = false (custom)
2019-09-11 12:42:22,305 [pool-77-thread-1] INFO  server.RaftServerConfigKeys (ConfUtils.java:logGet(43)) - raft.server.sleep.deviation.threshold = 300 (default)
2019-09-11 12:42:22,305 [pool-57-thread-1] INFO  impl.RaftServerImpl (ServerState.java:<init>(103)) - 608419ff-9e1e-46ed-b668-4d330b5fd69a@group-791F85AA1D09: ConfigurationManager, init=-1: [a355c4c2-cbce-4d32-ac2d-5d7efcc7e61b:192.168.69.81:43118, 608419ff-9e1e-46ed-b668-4d330b5fd69a:192.168.69.81:34716, 5a49129c-fcc1-4df1-b4f9-e84c17474790:192.168.69.81:36288], old=null, confs=<EMPTY_MAP>
2019-09-11 12:42:22,305 [pool-77-thread-1] INFO  server.RaftServerConfigKeys (ConfUtils.java:logGet(43)) - raft.server.log.appender.install.snapshot.enabled = false (custom)
2019-09-11 12:42:22,305 [pool-77-thread-1] INFO  impl.RaftServerImpl (ServerState.java:<init>(103)) - a355c4c2-cbce-4d32-ac2d-5d7efcc7e61b@group-791F85AA1D09: ConfigurationManager, init=-1: [a355c4c2-cbce-4d32-ac2d-5d7efcc7e61b:192.168.69.81:43118, 608419ff-9e1e-46ed-b668-4d330b5fd69a:192.168.69.81:34716, 5a49129c-fcc1-4df1-b4f9-e84c17474790:192.168.69.81:36288], old=null, confs=<EMPTY_MAP>
2019-09-11 12:42:22,305 [pool-57-thread-1] INFO  server.RaftServerConfigKeys (ConfUtils.java:logGet(43)) - raft.server.storage.dir = [/workdir/hadoop-ozone/integration-test/target/test-dir/MiniOzoneClusterImpl-72df8dd9-2b9a-4ea0-aef5-73ebd66773c1/datanode-3/data/ratis] (custom)
2019-09-11 12:42:22,306 [pool-77-thread-1] INFO  server.RaftServerConfigKeys (ConfUtils.java:logGet(43)) - raft.server.storage.dir = [/workdir/hadoop-ozone/integration-test/target/test-dir/MiniOzoneClusterImpl-72df8dd9-2b9a-4ea0-aef5-73ebd66773c1/datanode-5/data/ratis] (custom)
2019-09-11 12:42:22,306 [pool-77-thread-1] INFO  storage.RaftStorageDirectory (RaftStorageDirectory.java:analyzeStorage(246)) - The storage directory /workdir/hadoop-ozone/integration-test/target/test-dir/MiniOzoneClusterImpl-72df8dd9-2b9a-4ea0-aef5-73ebd66773c1/datanode-5/data/ratis/4225135a-f45b-446d-abd4-791f85aa1d09 does not exist. Creating ...
2019-09-11 12:42:22,306 [pool-57-thread-1] INFO  storage.RaftStorageDirectory (RaftStorageDirectory.java:analyzeStorage(246)) - The storage directory /workdir/hadoop-ozone/integration-test/target/test-dir/MiniOzoneClusterImpl-72df8dd9-2b9a-4ea0-aef5-73ebd66773c1/datanode-3/data/ratis/4225135a-f45b-446d-abd4-791f85aa1d09 does not exist. Creating ...
2019-09-11 12:42:22,328 [pool-37-thread-1] INFO  storage.RaftStorageDirectory (RaftStorageDirectory.java:tryLock(328)) - Lock on /workdir/hadoop-ozone/integration-test/target/test-dir/MiniOzoneClusterImpl-72df8dd9-2b9a-4ea0-aef5-73ebd66773c1/datanode-1/data/ratis/4225135a-f45b-446d-abd4-791f85aa1d09/in_use.lock acquired by nodename 30755@pr-hdds-2109-6lgm5-4208394744
2019-09-11 12:42:22,328 [pool-57-thread-1] INFO  storage.RaftStorageDirectory (RaftStorageDirectory.java:tryLock(328)) - Lock on /workdir/hadoop-ozone/integration-test/target/test-dir/MiniOzoneClusterImpl-72df8dd9-2b9a-4ea0-aef5-73ebd66773c1/datanode-3/data/ratis/4225135a-f45b-446d-abd4-791f85aa1d09/in_use.lock acquired by nodename 30755@pr-hdds-2109-6lgm5-4208394744
2019-09-11 12:42:22,328 [pool-77-thread-1] INFO  storage.RaftStorageDirectory (RaftStorageDirectory.java:tryLock(328)) - Lock on /workdir/hadoop-ozone/integration-test/target/test-dir/MiniOzoneClusterImpl-72df8dd9-2b9a-4ea0-aef5-73ebd66773c1/datanode-5/data/ratis/4225135a-f45b-446d-abd4-791f85aa1d09/in_use.lock acquired by nodename 30755@pr-hdds-2109-6lgm5-4208394744
2019-09-11 12:42:22,367 [pool-77-thread-1] INFO  storage.RaftStorage (RaftStorage.java:format(72)) - Storage directory /workdir/hadoop-ozone/integration-test/target/test-dir/MiniOzoneClusterImpl-72df8dd9-2b9a-4ea0-aef5-73ebd66773c1/datanode-5/data/ratis/4225135a-f45b-446d-abd4-791f85aa1d09 has been successfully formatted.
2019-09-11 12:42:22,367 [pool-37-thread-1] INFO  storage.RaftStorage (RaftStorage.java:format(72)) - Storage directory /workdir/hadoop-ozone/integration-test/target/test-dir/MiniOzoneClusterImpl-72df8dd9-2b9a-4ea0-aef5-73ebd66773c1/datanode-1/data/ratis/4225135a-f45b-446d-abd4-791f85aa1d09 has been successfully formatted.
2019-09-11 12:42:22,367 [pool-77-thread-1] INFO  ratis.ContainerStateMachine (ContainerStateMachine.java:loadSnapshot(230)) - group-791F85AA1D09: The snapshot info is null. Setting the last applied indexto:(t:0, i:~)
2019-09-11 12:42:22,368 [pool-37-thread-1] INFO  ratis.ContainerStateMachine (ContainerStateMachine.java:loadSnapshot(230)) - group-791F85AA1D09: The snapshot info is null. Setting the last applied indexto:(t:0, i:~)
2019-09-11 12:42:22,367 [pool-57-thread-1] INFO  storage.RaftStorage (RaftStorage.java:format(72)) - Storage directory /workdir/hadoop-ozone/integration-test/target/test-dir/MiniOzoneClusterImpl-72df8dd9-2b9a-4ea0-aef5-73ebd66773c1/datanode-3/data/ratis/4225135a-f45b-446d-abd4-791f85aa1d09 has been successfully formatted.
2019-09-11 12:42:22,368 [pool-37-thread-1] INFO  server.RaftServerConfigKeys (ConfUtils.java:logGet(43)) - raft.server.notification.no-leader.timeout = 120s (custom)
2019-09-11 12:42:22,368 [pool-77-thread-1] INFO  server.RaftServerConfigKeys (ConfUtils.java:logGet(43)) - raft.server.notification.no-leader.timeout = 120s (custom)
2019-09-11 12:42:22,368 [pool-57-thread-1] INFO  ratis.ContainerStateMachine (ContainerStateMachine.java:loadSnapshot(230)) - group-791F85AA1D09: The snapshot info is null. Setting the last applied indexto:(t:0, i:~)
2019-09-11 12:42:22,368 [pool-37-thread-1] INFO  server.RaftServerConfigKeys (ConfUtils.java:logGet(43)) - raft.server.log.use.memory = false (default)
2019-09-11 12:42:22,369 [pool-57-thread-1] INFO  server.RaftServerConfigKeys (ConfUtils.java:logGet(43)) - raft.server.notification.no-leader.timeout = 120s (custom)
2019-09-11 12:42:22,368 [pool-77-thread-1] INFO  server.RaftServerConfigKeys (ConfUtils.java:logGet(43)) - raft.server.log.use.memory = false (default)
2019-09-11 12:42:22,369 [pool-57-thread-1] INFO  server.RaftServerConfigKeys (ConfUtils.java:logGet(43)) - raft.server.log.use.memory = false (default)
2019-09-11 12:42:22,369 [pool-37-thread-1] INFO  server.RaftServerConfigKeys (ConfUtils.java:logGet(43)) - raft.server.log.purge.gap = 1000000 (custom)
2019-09-11 12:42:22,369 [pool-57-thread-1] INFO  server.RaftServerConfigKeys (ConfUtils.java:logGet(43)) - raft.server.log.purge.gap = 1000000 (custom)
2019-09-11 12:42:22,369 [pool-77-thread-1] INFO  server.RaftServerConfigKeys (ConfUtils.java:logGet(43)) - raft.server.log.purge.gap = 1000000 (custom)
2019-09-11 12:42:22,369 [pool-57-thread-1] INFO  server.RaftServerConfigKeys (ConfUtils.java:logGet(43)) - raft.server.log.appender.buffer.byte-limit = 33554432 (custom)
2019-09-11 12:42:22,369 [pool-37-thread-1] INFO  server.RaftServerConfigKeys (ConfUtils.java:logGet(43)) - raft.server.log.appender.buffer.byte-limit = 33554432 (custom)
2019-09-11 12:42:22,370 [pool-57-thread-1] INFO  server.RaftServerConfigKeys (ConfUtils.java:logGet(43)) - raft.server.log.segment.size.max = 1048576 (custom)
2019-09-11 12:42:22,370 [pool-77-thread-1] INFO  server.RaftServerConfigKeys (ConfUtils.java:logGet(43)) - raft.server.log.appender.buffer.byte-limit = 33554432 (custom)
2019-09-11 12:42:22,370 [pool-57-thread-1] INFO  server.RaftServerConfigKeys (ConfUtils.java:logGet(43)) - raft.server.log.segment.cache.num.max = 2 (custom)
2019-09-11 12:42:22,370 [pool-37-thread-1] INFO  server.RaftServerConfigKeys (ConfUtils.java:logGet(43)) - raft.server.log.segment.size.max = 1048576 (custom)
2019-09-11 12:42:22,371 [pool-57-thread-1] INFO  segmented.SegmentedRaftLogWorker (SegmentedRaftLogWorker.java:<init>(172)) - new 608419ff-9e1e-46ed-b668-4d330b5fd69a@group-791F85AA1D09-SegmentedRaftLogWorker for RaftStorage:Storage Directory /workdir/hadoop-ozone/integration-test/target/test-dir/MiniOzoneClusterImpl-72df8dd9-2b9a-4ea0-aef5-73ebd66773c1/datanode-3/data/ratis/4225135a-f45b-446d-abd4-791f85aa1d09
2019-09-11 12:42:22,370 [pool-77-thread-1] INFO  server.RaftServerConfigKeys (ConfUtils.java:logGet(43)) - raft.server.log.segment.size.max = 1048576 (custom)
2019-09-11 12:42:22,371 [pool-57-thread-1] INFO  server.RaftServerConfigKeys (ConfUtils.java:logGet(43)) - raft.server.log.queue.byte-limit = 2147483647 (custom)
2019-09-11 12:42:22,371 [pool-37-thread-1] INFO  server.RaftServerConfigKeys (ConfUtils.java:logGet(43)) - raft.server.log.segment.cache.num.max = 2 (custom)
2019-09-11 12:42:22,371 [pool-57-thread-1] INFO  server.RaftServerConfigKeys (ConfUtils.java:logGet(43)) - raft.server.log.queue.element-limit = 1024 (custom)
2019-09-11 12:42:22,371 [pool-77-thread-1] INFO  server.RaftServerConfigKeys (ConfUtils.java:logGet(43)) - raft.server.log.segment.cache.num.max = 2 (custom)
2019-09-11 12:42:22,372 [pool-57-thread-1] INFO  server.RaftServerConfigKeys (ConfUtils.java:logGet(43)) - raft.server.log.segment.size.max = 1048576 (custom)
2019-09-11 12:42:22,371 [pool-37-thread-1] INFO  segmented.SegmentedRaftLogWorker (SegmentedRaftLogWorker.java:<init>(172)) - new 5a49129c-fcc1-4df1-b4f9-e84c17474790@group-791F85AA1D09-SegmentedRaftLogWorker for RaftStorage:Storage Directory /workdir/hadoop-ozone/integration-test/target/test-dir/MiniOzoneClusterImpl-72df8dd9-2b9a-4ea0-aef5-73ebd66773c1/datanode-1/data/ratis/4225135a-f45b-446d-abd4-791f85aa1d09
2019-09-11 12:42:22,372 [pool-57-thread-1] INFO  server.RaftServerConfigKeys (ConfUtils.java:logGet(43)) - raft.server.log.preallocated.size = 16384 (custom)
2019-09-11 12:42:22,372 [pool-77-thread-1] INFO  segmented.SegmentedRaftLogWorker (SegmentedRaftLogWorker.java:<init>(172)) - new a355c4c2-cbce-4d32-ac2d-5d7efcc7e61b@group-791F85AA1D09-SegmentedRaftLogWorker for RaftStorage:Storage Directory /workdir/hadoop-ozone/integration-test/target/test-dir/MiniOzoneClusterImpl-72df8dd9-2b9a-4ea0-aef5-73ebd66773c1/datanode-5/data/ratis/4225135a-f45b-446d-abd4-791f85aa1d09
2019-09-11 12:42:22,372 [pool-57-thread-1] INFO  server.RaftServerConfigKeys (ConfUtils.java:logGet(43)) - raft.server.log.write.buffer.size = 33554432 (custom)
2019-09-11 12:42:22,372 [pool-37-thread-1] INFO  server.RaftServerConfigKeys (ConfUtils.java:logGet(43)) - raft.server.log.queue.byte-limit = 2147483647 (custom)
2019-09-11 12:42:22,373 [pool-57-thread-1] INFO  server.RaftServerConfigKeys (ConfUtils.java:logGet(43)) - raft.server.log.force.sync.num = 128 (default)
2019-09-11 12:42:22,372 [pool-77-thread-1] INFO  server.RaftServerConfigKeys (ConfUtils.java:logGet(43)) - raft.server.log.queue.byte-limit = 2147483647 (custom)
2019-09-11 12:42:22,373 [pool-57-thread-1] INFO  server.RaftServerConfigKeys (ConfUtils.java:logGet(43)) - raft.server.log.statemachine.data.sync = true (default)
2019-09-11 12:42:22,373 [pool-37-thread-1] INFO  server.RaftServerConfigKeys (ConfUtils.java:logGet(43)) - raft.server.log.queue.element-limit = 1024 (custom)
2019-09-11 12:42:22,373 [pool-57-thread-1] INFO  server.RaftServerConfigKeys (ConfUtils.java:logGet(43)) - raft.server.log.statemachine.data.sync.timeout = 10s (default)
2019-09-11 12:42:22,373 [pool-77-thread-1] INFO  server.RaftServerConfigKeys (ConfUtils.java:logGet(43)) - raft.server.log.queue.element-limit = 1024 (custom)
2019-09-11 12:42:22,374 [pool-57-thread-1] INFO  server.RaftServerConfigKeys (ConfUtils.java:logGet(43)) - raft.server.log.statemachine.data.sync.timeout.retry = -1 (default)
2019-09-11 12:42:22,373 [pool-37-thread-1] INFO  server.RaftServerConfigKeys (ConfUtils.java:logGet(43)) - raft.server.log.segment.size.max = 1048576 (custom)
2019-09-11 12:42:22,374 [pool-57-thread-1] INFO  server.RaftServerConfigKeys (ConfUtils.java:logGet(43)) - raft.server.log.statemachine.data.caching.enabled = true (custom)
2019-09-11 12:42:22,374 [pool-77-thread-1] INFO  server.RaftServerConfigKeys (ConfUtils.java:logGet(43)) - raft.server.log.segment.size.max = 1048576 (custom)
2019-09-11 12:42:22,374 [pool-37-thread-1] INFO  server.RaftServerConfigKeys (ConfUtils.java:logGet(43)) - raft.server.log.preallocated.size = 16384 (custom)
2019-09-11 12:42:22,374 [pool-57-thread-1] INFO  segmented.SegmentedRaftLogWorker (SegmentedRaftLogWorker.java:lambda$new$0(132)) - 608419ff-9e1e-46ed-b668-4d330b5fd69a@group-791F85AA1D09-SegmentedRaftLogWorker: flushIndex: setUnconditionally 0 -> -1
2019-09-11 12:42:22,374 [pool-77-thread-1] INFO  server.RaftServerConfigKeys (ConfUtils.java:logGet(43)) - raft.server.log.preallocated.size = 16384 (custom)
2019-09-11 12:42:22,375 [pool-37-thread-1] INFO  server.RaftServerConfigKeys (ConfUtils.java:logGet(43)) - raft.server.log.write.buffer.size = 33554432 (custom)
2019-09-11 12:42:22,375 [pool-57-thread-1] INFO  server.RaftServerConfigKeys (ConfUtils.java:logGet(43)) - raft.server.snapshot.auto.trigger.enabled = true (custom)
2019-09-11 12:42:22,375 [pool-77-thread-1] INFO  server.RaftServerConfigKeys (ConfUtils.java:logGet(43)) - raft.server.log.write.buffer.size = 33554432 (custom)
2019-09-11 12:42:22,375 [pool-57-thread-1] INFO  server.RaftServerConfigKeys (ConfUtils.java:logGet(43)) - raft.server.snapshot.auto.trigger.threshold = 10000 (custom)
2019-09-11 12:42:22,375 [pool-37-thread-1] INFO  server.RaftServerConfigKeys (ConfUtils.java:logGet(43)) - raft.server.log.force.sync.num = 128 (default)
2019-09-11 12:42:22,375 [pool-57-thread-1] INFO  server.RaftServerConfigKeys (ConfUtils.java:logGet(43)) - raft.server.snapshot.retention.num.files = -1 (default)
2019-09-11 12:42:22,375 [pool-77-thread-1] INFO  server.RaftServerConfigKeys (ConfUtils.java:logGet(43)) - raft.server.log.force.sync.num = 128 (default)
2019-09-11 12:42:22,376 [pool-57-thread-1] INFO  server.RaftServerConfigKeys (ConfUtils.java:logGet(43)) - raft.server.retrycache.expirytime = 600000ms (custom)
2019-09-11 12:42:22,376 [pool-37-thread-1] INFO  server.RaftServerConfigKeys (ConfUtils.java:logGet(43)) - raft.server.log.statemachine.data.sync = true (default)
2019-09-11 12:42:22,376 [pool-77-thread-1] INFO  server.RaftServerConfigKeys (ConfUtils.java:logGet(43)) - raft.server.log.statemachine.data.sync = true (default)
2019-09-11 12:42:22,376 [pool-37-thread-1] INFO  server.RaftServerConfigKeys (ConfUtils.java:logGet(43)) - raft.server.log.statemachine.data.sync.timeout = 10s (default)
2019-09-11 12:42:22,376 [pool-77-thread-1] INFO  server.RaftServerConfigKeys (ConfUtils.java:logGet(43)) - raft.server.log.statemachine.data.sync.timeout = 10s (default)
2019-09-11 12:42:22,377 [pool-37-thread-1] INFO  server.RaftServerConfigKeys (ConfUtils.java:logGet(43)) - raft.server.log.statemachine.data.sync.timeout.retry = -1 (default)
2019-09-11 12:42:22,377 [pool-77-thread-1] INFO  server.RaftServerConfigKeys (ConfUtils.java:logGet(43)) - raft.server.log.statemachine.data.sync.timeout.retry = -1 (default)
2019-09-11 12:42:22,377 [pool-37-thread-1] INFO  server.RaftServerConfigKeys (ConfUtils.java:logGet(43)) - raft.server.log.statemachine.data.caching.enabled = true (custom)
2019-09-11 12:42:22,377 [pool-77-thread-1] INFO  server.RaftServerConfigKeys (ConfUtils.java:logGet(43)) - raft.server.log.statemachine.data.caching.enabled = true (custom)
2019-09-11 12:42:22,377 [pool-37-thread-1] INFO  segmented.SegmentedRaftLogWorker (SegmentedRaftLogWorker.java:lambda$new$0(132)) - 5a49129c-fcc1-4df1-b4f9-e84c17474790@group-791F85AA1D09-SegmentedRaftLogWorker: flushIndex: setUnconditionally 0 -> -1
2019-09-11 12:42:22,378 [pool-77-thread-1] INFO  segmented.SegmentedRaftLogWorker (SegmentedRaftLogWorker.java:lambda$new$0(132)) - a355c4c2-cbce-4d32-ac2d-5d7efcc7e61b@group-791F85AA1D09-SegmentedRaftLogWorker: flushIndex: setUnconditionally 0 -> -1
2019-09-11 12:42:22,378 [pool-37-thread-1] INFO  server.RaftServerConfigKeys (ConfUtils.java:logGet(43)) - raft.server.snapshot.auto.trigger.enabled = true (custom)
2019-09-11 12:42:22,378 [pool-77-thread-1] INFO  server.RaftServerConfigKeys (ConfUtils.java:logGet(43)) - raft.server.snapshot.auto.trigger.enabled = true (custom)
2019-09-11 12:42:22,378 [pool-37-thread-1] INFO  server.RaftServerConfigKeys (ConfUtils.java:logGet(43)) - raft.server.snapshot.auto.trigger.threshold = 10000 (custom)
2019-09-11 12:42:22,378 [pool-77-thread-1] INFO  server.RaftServerConfigKeys (ConfUtils.java:logGet(43)) - raft.server.snapshot.auto.trigger.threshold = 10000 (custom)
2019-09-11 12:42:22,378 [pool-37-thread-1] INFO  server.RaftServerConfigKeys (ConfUtils.java:logGet(43)) - raft.server.snapshot.retention.num.files = -1 (default)
2019-09-11 12:42:22,378 [pool-77-thread-1] INFO  server.RaftServerConfigKeys (ConfUtils.java:logGet(43)) - raft.server.snapshot.retention.num.files = -1 (default)
2019-09-11 12:42:22,379 [pool-37-thread-1] INFO  server.RaftServerConfigKeys (ConfUtils.java:logGet(43)) - raft.server.retrycache.expirytime = 600000ms (custom)
2019-09-11 12:42:22,379 [pool-77-thread-1] INFO  server.RaftServerConfigKeys (ConfUtils.java:logGet(43)) - raft.server.retrycache.expirytime = 600000ms (custom)
2019-09-11 12:42:22,381 [pool-57-thread-1] INFO  impl.RaftServerImpl (RaftServerImpl.java:start(185)) - 608419ff-9e1e-46ed-b668-4d330b5fd69a@group-791F85AA1D09: start as a follower, conf=-1: [a355c4c2-cbce-4d32-ac2d-5d7efcc7e61b:192.168.69.81:43118, 608419ff-9e1e-46ed-b668-4d330b5fd69a:192.168.69.81:34716, 5a49129c-fcc1-4df1-b4f9-e84c17474790:192.168.69.81:36288], old=null
2019-09-11 12:42:22,381 [pool-57-thread-1] INFO  impl.RaftServerImpl (RaftServerImpl.java:setRole(174)) - 608419ff-9e1e-46ed-b668-4d330b5fd69a@group-791F85AA1D09: changes role from      null to FOLLOWER at term 0 for startAsFollower
2019-09-11 12:42:22,382 [pool-57-thread-1] INFO  impl.RoleInfo (RoleInfo.java:updateAndGet(143)) - 608419ff-9e1e-46ed-b668-4d330b5fd69a: start FollowerState
2019-09-11 12:42:22,382 [pool-57-thread-1] INFO  util.JmxRegister (JmxRegister.java:tryRegister(44)) - Successfully registered JMX Bean with object name Ratis:service=RaftServer,group=group-791F85AA1D09,id=608419ff-9e1e-46ed-b668-4d330b5fd69a
2019-09-11 12:42:22,383 [pool-37-thread-1] INFO  impl.RaftServerImpl (RaftServerImpl.java:start(185)) - 5a49129c-fcc1-4df1-b4f9-e84c17474790@group-791F85AA1D09: start as a follower, conf=-1: [a355c4c2-cbce-4d32-ac2d-5d7efcc7e61b:192.168.69.81:43118, 608419ff-9e1e-46ed-b668-4d330b5fd69a:192.168.69.81:34716, 5a49129c-fcc1-4df1-b4f9-e84c17474790:192.168.69.81:36288], old=null
2019-09-11 12:42:22,383 [pool-37-thread-1] INFO  impl.RaftServerImpl (RaftServerImpl.java:setRole(174)) - 5a49129c-fcc1-4df1-b4f9-e84c17474790@group-791F85AA1D09: changes role from      null to FOLLOWER at term 0 for startAsFollower
2019-09-11 12:42:22,383 [pool-77-thread-1] INFO  impl.RaftServerImpl (RaftServerImpl.java:start(185)) - a355c4c2-cbce-4d32-ac2d-5d7efcc7e61b@group-791F85AA1D09: start as a follower, conf=-1: [a355c4c2-cbce-4d32-ac2d-5d7efcc7e61b:192.168.69.81:43118, 608419ff-9e1e-46ed-b668-4d330b5fd69a:192.168.69.81:34716, 5a49129c-fcc1-4df1-b4f9-e84c17474790:192.168.69.81:36288], old=null
2019-09-11 12:42:22,383 [pool-37-thread-1] INFO  impl.RoleInfo (RoleInfo.java:updateAndGet(143)) - 5a49129c-fcc1-4df1-b4f9-e84c17474790: start FollowerState
2019-09-11 12:42:22,383 [pool-77-thread-1] INFO  impl.RaftServerImpl (RaftServerImpl.java:setRole(174)) - a355c4c2-cbce-4d32-ac2d-5d7efcc7e61b@group-791F85AA1D09: changes role from      null to FOLLOWER at term 0 for startAsFollower
2019-09-11 12:42:22,384 [pool-77-thread-1] INFO  impl.RoleInfo (RoleInfo.java:updateAndGet(143)) - a355c4c2-cbce-4d32-ac2d-5d7efcc7e61b: start FollowerState
2019-09-11 12:42:22,384 [pool-37-thread-1] INFO  util.JmxRegister (JmxRegister.java:tryRegister(44)) - Successfully registered JMX Bean with object name Ratis:service=RaftServer,group=group-791F85AA1D09,id=5a49129c-fcc1-4df1-b4f9-e84c17474790
2019-09-11 12:42:22,384 [pool-77-thread-1] INFO  util.JmxRegister (JmxRegister.java:tryRegister(44)) - Successfully registered JMX Bean with object name Ratis:service=RaftServer,group=group-791F85AA1D09,id=a355c4c2-cbce-4d32-ac2d-5d7efcc7e61b
2019-09-11 12:42:22,393 [RatisPipelineUtilsThread] INFO  pipeline.PipelineStateManager (PipelineStateManager.java:addPipeline(56)) - Created pipeline Pipeline[ Id: 4225135a-f45b-446d-abd4-791f85aa1d09, Nodes: a355c4c2-cbce-4d32-ac2d-5d7efcc7e61b{ip: 192.168.69.81, host: pr-hdds-2109-6lgm5-4208394744, networkLocation: /default-rack, certSerialId: null}608419ff-9e1e-46ed-b668-4d330b5fd69a{ip: 192.168.69.81, host: pr-hdds-2109-6lgm5-4208394744, networkLocation: /default-rack, certSerialId: null}5a49129c-fcc1-4df1-b4f9-e84c17474790{ip: 192.168.69.81, host: pr-hdds-2109-6lgm5-4208394744, networkLocation: /default-rack, certSerialId: null}, Type:RATIS, Factor:THREE, State:OPEN]
2019-09-11 12:42:22,515 [main] WARN  io.KeyOutputStream (KeyOutputStream.java:handleException(276)) - Encountered exception java.io.IOException: Unexpected Storage Container Exception: java.util.concurrent.CompletionException: java.util.concurrent.CompletionException: org.apache.ratis.protocol.GroupMismatchException: a355c4c2-cbce-4d32-ac2d-5d7efcc7e61b: group-7BD41C1E26FD not found. on the pipeline Pipeline[ Id: 21608d1a-2997-47fb-85ec-7bd41c1e26fd, Nodes: a355c4c2-cbce-4d32-ac2d-5d7efcc7e61b{ip: 192.168.69.81, host: pr-hdds-2109-6lgm5-4208394744, networkLocation: /default-rack, certSerialId: null}608419ff-9e1e-46ed-b668-4d330b5fd69a{ip: 192.168.69.81, host: pr-hdds-2109-6lgm5-4208394744, networkLocation: /default-rack, certSerialId: null}5a49129c-fcc1-4df1-b4f9-e84c17474790{ip: 192.168.69.81, host: pr-hdds-2109-6lgm5-4208394744, networkLocation: /default-rack, certSerialId: null}, Type:RATIS, Factor:THREE, State:OPEN]. The last committed block length is 0, uncommitted data length is 250 retry count 0
2019-09-11 12:42:22,751 [grpc-default-executor-3] INFO  client.GrpcClientProtocolClient (GrpcClientProtocolClient.java:onNext(264)) - client-F2C6077FCB6C->d8e74394-a0bf-4ec3-a3ce-4740c71bd9b7: receive RaftClientReply:client-F2C6077FCB6C->d8e74394-a0bf-4ec3-a3ce-4740c71bd9b7@group-36481D5C2926, cid=27, SUCCESS, logIndex=1, commits[d8e74394-a0bf-4ec3-a3ce-4740c71bd9b7:c1, f90b1bbc-0325-4fdc-bdda-dbac376593c0:c0, 8533a49c-a60c-4c36-849a-1b71101d719e:c0]
2019-09-11 12:42:22,777 [grpc-default-executor-4] INFO  client.GrpcClientProtocolClient (GrpcClientProtocolClient.java:onNext(264)) - client-F2C6077FCB6C->d8e74394-a0bf-4ec3-a3ce-4740c71bd9b7: receive RaftClientReply:client-F2C6077FCB6C->d8e74394-a0bf-4ec3-a3ce-4740c71bd9b7@group-36481D5C2926, cid=28, SUCCESS, logIndex=3, commits[d8e74394-a0bf-4ec3-a3ce-4740c71bd9b7:c4, f90b1bbc-0325-4fdc-bdda-dbac376593c0:c2, 8533a49c-a60c-4c36-849a-1b71101d719e:c2]
2019-09-11 12:42:22,871 [grpc-default-executor-3] INFO  client.GrpcClientProtocolClient (GrpcClientProtocolClient.java:onNext(264)) - client-F2C6077FCB6C->d8e74394-a0bf-4ec3-a3ce-4740c71bd9b7: receive RaftClientReply:client-F2C6077FCB6C->d8e74394-a0bf-4ec3-a3ce-4740c71bd9b7@group-36481D5C2926, cid=29, SUCCESS, logIndex=4, commits[d8e74394-a0bf-4ec3-a3ce-4740c71bd9b7:c10, f90b1bbc-0325-4fdc-bdda-dbac376593c0:c6, 8533a49c-a60c-4c36-849a-1b71101d719e:c6]
2019-09-11 12:42:22,871 [grpc-default-executor-3] INFO  client.GrpcClientProtocolClient (GrpcClientProtocolClient.java:onNext(264)) - client-F2C6077FCB6C->d8e74394-a0bf-4ec3-a3ce-4740c71bd9b7: receive RaftClientReply:client-F2C6077FCB6C->d8e74394-a0bf-4ec3-a3ce-4740c71bd9b7@group-36481D5C2926, cid=30, SUCCESS, logIndex=5, commits[d8e74394-a0bf-4ec3-a3ce-4740c71bd9b7:c10, f90b1bbc-0325-4fdc-bdda-dbac376593c0:c6, 8533a49c-a60c-4c36-849a-1b71101d719e:c6]
2019-09-11 12:42:23,031 [grpc-default-executor-3] INFO  client.GrpcClientProtocolClient (GrpcClientProtocolClient.java:onNext(264)) - client-F2C6077FCB6C->d8e74394-a0bf-4ec3-a3ce-4740c71bd9b7: receive RaftClientReply:client-F2C6077FCB6C->d8e74394-a0bf-4ec3-a3ce-4740c71bd9b7@group-36481D5C2926, cid=31, SUCCESS, logIndex=6, commits[d8e74394-a0bf-4ec3-a3ce-4740c71bd9b7:c10, f90b1bbc-0325-4fdc-bdda-dbac376593c0:c6, 8533a49c-a60c-4c36-849a-1b71101d719e:c6]
]]></system-out>
  </testcase>
  <testcase name="testMultiChunkWrite" classname="org.apache.hadoop.ozone.client.rpc.TestBlockOutputStream" time="5.613"/>
  <testcase name="testFullBufferCondition" classname="org.apache.hadoop.ozone.client.rpc.TestBlockOutputStream" time="187.089">
    <failure type="java.lang.AssertionError">java.lang.AssertionError
	at org.junit.Assert.fail(Assert.java:86)
	at org.junit.Assert.assertTrue(Assert.java:41)
	at org.junit.Assert.assertTrue(Assert.java:52)
	at org.apache.hadoop.ozone.client.rpc.TestBlockOutputStream.testFullBufferCondition(TestBlockOutputStream.java:515)
	at sun.reflect.NativeMethodAccessorImpl.invoke0(Native Method)
	at sun.reflect.NativeMethodAccessorImpl.invoke(NativeMethodAccessorImpl.java:62)
	at sun.reflect.DelegatingMethodAccessorImpl.invoke(DelegatingMethodAccessorImpl.java:43)
	at java.lang.reflect.Method.invoke(Method.java:498)
	at org.junit.runners.model.FrameworkMethod$1.runReflectiveCall(FrameworkMethod.java:47)
	at org.junit.internal.runners.model.ReflectiveCallable.run(ReflectiveCallable.java:12)
	at org.junit.runners.model.FrameworkMethod.invokeExplosively(FrameworkMethod.java:44)
	at org.junit.internal.runners.statements.InvokeMethod.evaluate(InvokeMethod.java:17)
	at org.junit.runners.ParentRunner.runLeaf(ParentRunner.java:271)
	at org.junit.runners.BlockJUnit4ClassRunner.runChild(BlockJUnit4ClassRunner.java:70)
	at org.junit.runners.BlockJUnit4ClassRunner.runChild(BlockJUnit4ClassRunner.java:50)
	at org.junit.runners.ParentRunner$3.run(ParentRunner.java:238)
	at org.junit.runners.ParentRunner$1.schedule(ParentRunner.java:63)
	at org.junit.runners.ParentRunner.runChildren(ParentRunner.java:236)
	at org.junit.runners.ParentRunner.access$000(ParentRunner.java:53)
	at org.junit.runners.ParentRunner$2.evaluate(ParentRunner.java:229)
	at org.junit.internal.runners.statements.RunBefores.evaluate(RunBefores.java:26)
	at org.junit.internal.runners.statements.RunAfters.evaluate(RunAfters.java:27)
	at org.junit.runners.ParentRunner.run(ParentRunner.java:309)
	at org.apache.maven.surefire.junit4.JUnit4Provider.execute(JUnit4Provider.java:365)
	at org.apache.maven.surefire.junit4.JUnit4Provider.executeWithRerun(JUnit4Provider.java:273)
	at org.apache.maven.surefire.junit4.JUnit4Provider.executeTestSet(JUnit4Provider.java:238)
	at org.apache.maven.surefire.junit4.JUnit4Provider.invoke(JUnit4Provider.java:159)
	at org.apache.maven.surefire.booter.ForkedBooter.invokeProviderInSameClassLoader(ForkedBooter.java:384)
	at org.apache.maven.surefire.booter.ForkedBooter.runSuitesInProcess(ForkedBooter.java:345)
	at org.apache.maven.surefire.booter.ForkedBooter.execute(ForkedBooter.java:126)
	at org.apache.maven.surefire.booter.ForkedBooter.main(ForkedBooter.java:418)
</failure>
    <system-out><![CDATA[2019-09-11 12:42:31,537 [grpc-default-executor-3] INFO  impl.RaftServerProxy (RaftServerProxy.java:remove(95)) - a355c4c2-cbce-4d32-ac2d-5d7efcc7e61b: remove group-7BD41C1E26FD:null
2019-09-11 12:42:31,544 [RatisPipelineUtilsThread] WARN  pipeline.RatisPipelineUtils (RatisPipelineUtils.java:destroyPipeline(66)) - Pipeline destroy failed for pipeline=PipelineID=21608d1a-2997-47fb-85ec-7bd41c1e26fd dn=a355c4c2-cbce-4d32-ac2d-5d7efcc7e61b{ip: 192.168.69.81, host: pr-hdds-2109-6lgm5-4208394744, networkLocation: /default-rack, certSerialId: null}
2019-09-11 12:42:31,560 [grpc-default-executor-3] INFO  impl.RaftServerProxy (RaftServerProxy.java:remove(95)) - 608419ff-9e1e-46ed-b668-4d330b5fd69a: remove group-7BD41C1E26FD:null
2019-09-11 12:42:31,566 [RatisPipelineUtilsThread] WARN  pipeline.RatisPipelineUtils (RatisPipelineUtils.java:destroyPipeline(66)) - Pipeline destroy failed for pipeline=PipelineID=21608d1a-2997-47fb-85ec-7bd41c1e26fd dn=608419ff-9e1e-46ed-b668-4d330b5fd69a{ip: 192.168.69.81, host: pr-hdds-2109-6lgm5-4208394744, networkLocation: /default-rack, certSerialId: null}
2019-09-11 12:42:31,570 [grpc-default-executor-3] INFO  impl.RaftServerProxy (RaftServerProxy.java:remove(95)) - 5a49129c-fcc1-4df1-b4f9-e84c17474790: remove group-7BD41C1E26FD:null
2019-09-11 12:42:31,575 [RatisPipelineUtilsThread] WARN  pipeline.RatisPipelineUtils (RatisPipelineUtils.java:destroyPipeline(66)) - Pipeline destroy failed for pipeline=PipelineID=21608d1a-2997-47fb-85ec-7bd41c1e26fd dn=5a49129c-fcc1-4df1-b4f9-e84c17474790{ip: 192.168.69.81, host: pr-hdds-2109-6lgm5-4208394744, networkLocation: /default-rack, certSerialId: null}
2019-09-11 12:42:31,575 [RatisPipelineUtilsThread] ERROR pipeline.SCMPipelineManager (Scheduler.java:lambda$schedule$1(70)) - Destroy pipeline failed for pipeline:Pipeline[ Id: 21608d1a-2997-47fb-85ec-7bd41c1e26fd, Nodes: a355c4c2-cbce-4d32-ac2d-5d7efcc7e61b{ip: 192.168.69.81, host: pr-hdds-2109-6lgm5-4208394744, networkLocation: /default-rack, certSerialId: null}608419ff-9e1e-46ed-b668-4d330b5fd69a{ip: 192.168.69.81, host: pr-hdds-2109-6lgm5-4208394744, networkLocation: /default-rack, certSerialId: null}5a49129c-fcc1-4df1-b4f9-e84c17474790{ip: 192.168.69.81, host: pr-hdds-2109-6lgm5-4208394744, networkLocation: /default-rack, certSerialId: null}, Type:RATIS, Factor:THREE, State:CLOSED]
org.apache.hadoop.hdds.scm.pipeline.PipelineNotFoundException: PipelineID=21608d1a-2997-47fb-85ec-7bd41c1e26fd not found
	at org.apache.hadoop.hdds.scm.pipeline.PipelineStateMap.getPipeline(PipelineStateMap.java:132)
	at org.apache.hadoop.hdds.scm.pipeline.PipelineStateMap.removePipeline(PipelineStateMap.java:322)
	at org.apache.hadoop.hdds.scm.pipeline.PipelineStateManager.removePipeline(PipelineStateManager.java:107)
	at org.apache.hadoop.hdds.scm.pipeline.SCMPipelineManager.removePipeline(SCMPipelineManager.java:423)
	at org.apache.hadoop.hdds.scm.pipeline.SCMPipelineManager.destroyPipeline(SCMPipelineManager.java:409)
	at org.apache.hadoop.hdds.scm.pipeline.SCMPipelineManager.lambda$finalizeAndDestroyPipeline$0(SCMPipelineManager.java:318)
	at org.apache.hadoop.utils.Scheduler.lambda$schedule$1(Scheduler.java:68)
	at java.util.concurrent.Executors$RunnableAdapter.call(Executors.java:511)
	at java.util.concurrent.FutureTask.run(FutureTask.java:266)
	at java.util.concurrent.ScheduledThreadPoolExecutor$ScheduledFutureTask.access$201(ScheduledThreadPoolExecutor.java:180)
	at java.util.concurrent.ScheduledThreadPoolExecutor$ScheduledFutureTask.run(ScheduledThreadPoolExecutor.java:293)
	at java.util.concurrent.ThreadPoolExecutor.runWorker(ThreadPoolExecutor.java:1149)
	at java.util.concurrent.ThreadPoolExecutor$Worker.run(ThreadPoolExecutor.java:624)
	at java.lang.Thread.run(Thread.java:748)
2019-09-11 12:42:31,681 [java.util.concurrent.ThreadPoolExecutor$Worker@4e4300e[State = -1, empty queue]] WARN  server.GrpcLogAppender (GrpcLogAppender.java:timeoutAppendRequest(200)) - d8e74394-a0bf-4ec3-a3ce-4740c71bd9b7@group-36481D5C2926->f90b1bbc-0325-4fdc-bdda-dbac376593c0-GrpcLogAppender: appendEntries Timeout, request=d8e74394-a0bf-4ec3-a3ce-4740c71bd9b7->f90b1bbc-0325-4fdc-bdda-dbac376593c0#87-t3, previous=(t:3, i:10), leaderCommit=10, initializing? false, entries: size=1, first=(t:3, i:11), STATEMACHINELOGENTRY, client-F2C6077FCB6C, cid=44
2019-09-11 12:42:31,681 [java.util.concurrent.ThreadPoolExecutor$Worker@734c62d3[State = -1, empty queue]] WARN  server.GrpcLogAppender (GrpcLogAppender.java:timeoutAppendRequest(200)) - d8e74394-a0bf-4ec3-a3ce-4740c71bd9b7@group-36481D5C2926->8533a49c-a60c-4c36-849a-1b71101d719e-GrpcLogAppender: appendEntries Timeout, request=d8e74394-a0bf-4ec3-a3ce-4740c71bd9b7->8533a49c-a60c-4c36-849a-1b71101d719e#87-t3, previous=(t:3, i:10), leaderCommit=10, initializing? false, entries: size=1, first=(t:3, i:11), STATEMACHINELOGENTRY, client-F2C6077FCB6C, cid=44
2019-09-11 12:42:31,682 [java.util.concurrent.ThreadPoolExecutor$Worker@4e4300e[State = -1, empty queue]] WARN  server.GrpcLogAppender (GrpcLogAppender.java:timeoutAppendRequest(200)) - d8e74394-a0bf-4ec3-a3ce-4740c71bd9b7@group-36481D5C2926->f90b1bbc-0325-4fdc-bdda-dbac376593c0-GrpcLogAppender: appendEntries Timeout, request=d8e74394-a0bf-4ec3-a3ce-4740c71bd9b7->f90b1bbc-0325-4fdc-bdda-dbac376593c0#88-t3, previous=(t:3, i:11), leaderCommit=10, initializing? false, entries: size=1, first=(t:3, i:12), STATEMACHINELOGENTRY, client-F2C6077FCB6C, cid=45
2019-09-11 12:42:31,682 [java.util.concurrent.ThreadPoolExecutor$Worker@734c62d3[State = -1, empty queue]] WARN  server.GrpcLogAppender (GrpcLogAppender.java:timeoutAppendRequest(200)) - d8e74394-a0bf-4ec3-a3ce-4740c71bd9b7@group-36481D5C2926->8533a49c-a60c-4c36-849a-1b71101d719e-GrpcLogAppender: appendEntries Timeout, request=d8e74394-a0bf-4ec3-a3ce-4740c71bd9b7->8533a49c-a60c-4c36-849a-1b71101d719e#88-t3, previous=(t:3, i:11), leaderCommit=10, initializing? false, entries: size=1, first=(t:3, i:12), STATEMACHINELOGENTRY, client-F2C6077FCB6C, cid=45
2019-09-11 12:42:31,682 [java.util.concurrent.ThreadPoolExecutor$Worker@4e4300e[State = -1, empty queue]] WARN  server.GrpcLogAppender (GrpcLogAppender.java:timeoutAppendRequest(200)) - d8e74394-a0bf-4ec3-a3ce-4740c71bd9b7@group-36481D5C2926->f90b1bbc-0325-4fdc-bdda-dbac376593c0-GrpcLogAppender: appendEntries Timeout, request=d8e74394-a0bf-4ec3-a3ce-4740c71bd9b7->f90b1bbc-0325-4fdc-bdda-dbac376593c0#89-t3, previous=(t:3, i:12), leaderCommit=10, initializing? false, entries: size=1, first=(t:3, i:13), STATEMACHINELOGENTRY, client-F2C6077FCB6C, cid=46
2019-09-11 12:42:31,682 [java.util.concurrent.ThreadPoolExecutor$Worker@734c62d3[State = -1, empty queue]] WARN  server.GrpcLogAppender (GrpcLogAppender.java:timeoutAppendRequest(200)) - d8e74394-a0bf-4ec3-a3ce-4740c71bd9b7@group-36481D5C2926->8533a49c-a60c-4c36-849a-1b71101d719e-GrpcLogAppender: appendEntries Timeout, request=d8e74394-a0bf-4ec3-a3ce-4740c71bd9b7->8533a49c-a60c-4c36-849a-1b71101d719e#89-t3, previous=(t:3, i:12), leaderCommit=10, initializing? false, entries: size=1, first=(t:3, i:13), STATEMACHINELOGENTRY, client-F2C6077FCB6C, cid=46
2019-09-11 12:42:31,683 [java.util.concurrent.ThreadPoolExecutor$Worker@734c62d3[State = -1, empty queue]] WARN  server.GrpcLogAppender (GrpcLogAppender.java:timeoutAppendRequest(200)) - d8e74394-a0bf-4ec3-a3ce-4740c71bd9b7@group-36481D5C2926->8533a49c-a60c-4c36-849a-1b71101d719e-GrpcLogAppender: appendEntries Timeout, request=d8e74394-a0bf-4ec3-a3ce-4740c71bd9b7->8533a49c-a60c-4c36-849a-1b71101d719e#90-t3, previous=(t:3, i:13), leaderCommit=10, initializing? false, entries: size=1, first=(t:3, i:14), STATEMACHINELOGENTRY, client-F2C6077FCB6C, cid=47
2019-09-11 12:42:31,683 [java.util.concurrent.ThreadPoolExecutor$Worker@4e4300e[State = -1, empty queue]] WARN  server.GrpcLogAppender (GrpcLogAppender.java:timeoutAppendRequest(200)) - d8e74394-a0bf-4ec3-a3ce-4740c71bd9b7@group-36481D5C2926->f90b1bbc-0325-4fdc-bdda-dbac376593c0-GrpcLogAppender: appendEntries Timeout, request=d8e74394-a0bf-4ec3-a3ce-4740c71bd9b7->f90b1bbc-0325-4fdc-bdda-dbac376593c0#90-t3, previous=(t:3, i:13), leaderCommit=10, initializing? false, entries: size=1, first=(t:3, i:14), STATEMACHINELOGENTRY, client-F2C6077FCB6C, cid=47
2019-09-11 12:42:31,684 [java.util.concurrent.ThreadPoolExecutor$Worker@4e4300e[State = -1, empty queue]] WARN  server.GrpcLogAppender (GrpcLogAppender.java:timeoutAppendRequest(200)) - d8e74394-a0bf-4ec3-a3ce-4740c71bd9b7@group-36481D5C2926->f90b1bbc-0325-4fdc-bdda-dbac376593c0-GrpcLogAppender: appendEntries Timeout, request=d8e74394-a0bf-4ec3-a3ce-4740c71bd9b7->f90b1bbc-0325-4fdc-bdda-dbac376593c0#91-t3, previous=(t:3, i:14), leaderCommit=10, initializing? false, entries: size=1, first=(t:3, i:15), STATEMACHINELOGENTRY, client-F2C6077FCB6C, cid=48
2019-09-11 12:42:31,684 [java.util.concurrent.ThreadPoolExecutor$Worker@734c62d3[State = -1, empty queue]] WARN  server.GrpcLogAppender (GrpcLogAppender.java:timeoutAppendRequest(200)) - d8e74394-a0bf-4ec3-a3ce-4740c71bd9b7@group-36481D5C2926->8533a49c-a60c-4c36-849a-1b71101d719e-GrpcLogAppender: appendEntries Timeout, request=d8e74394-a0bf-4ec3-a3ce-4740c71bd9b7->8533a49c-a60c-4c36-849a-1b71101d719e#91-t3, previous=(t:3, i:14), leaderCommit=10, initializing? false, entries: size=1, first=(t:3, i:15), STATEMACHINELOGENTRY, client-F2C6077FCB6C, cid=48
2019-09-11 12:42:31,684 [java.util.concurrent.ThreadPoolExecutor$Worker@4e4300e[State = -1, empty queue]] WARN  server.GrpcLogAppender (GrpcLogAppender.java:timeoutAppendRequest(200)) - d8e74394-a0bf-4ec3-a3ce-4740c71bd9b7@group-36481D5C2926->f90b1bbc-0325-4fdc-bdda-dbac376593c0-GrpcLogAppender: appendEntries Timeout, request=d8e74394-a0bf-4ec3-a3ce-4740c71bd9b7->f90b1bbc-0325-4fdc-bdda-dbac376593c0#92-t3, previous=(t:3, i:15), leaderCommit=10, initializing? false, entries: size=1, first=(t:3, i:16), STATEMACHINELOGENTRY, client-F2C6077FCB6C, cid=49
2019-09-11 12:42:31,685 [java.util.concurrent.ThreadPoolExecutor$Worker@734c62d3[State = -1, empty queue]] WARN  server.GrpcLogAppender (GrpcLogAppender.java:timeoutAppendRequest(200)) - d8e74394-a0bf-4ec3-a3ce-4740c71bd9b7@group-36481D5C2926->8533a49c-a60c-4c36-849a-1b71101d719e-GrpcLogAppender: appendEntries Timeout, request=d8e74394-a0bf-4ec3-a3ce-4740c71bd9b7->8533a49c-a60c-4c36-849a-1b71101d719e#92-t3, previous=(t:3, i:15), leaderCommit=10, initializing? false, entries: size=1, first=(t:3, i:16), STATEMACHINELOGENTRY, client-F2C6077FCB6C, cid=49
2019-09-11 12:42:33,538 [grpc-default-executor-3] INFO  impl.RaftServerProxy (RaftServerProxy.java:remove(95)) - a355c4c2-cbce-4d32-ac2d-5d7efcc7e61b: remove group-7BD41C1E26FD:null
2019-09-11 12:42:33,553 [RatisPipelineUtilsThread] WARN  pipeline.RatisPipelineUtils (RatisPipelineUtils.java:destroyPipeline(66)) - Pipeline destroy failed for pipeline=PipelineID=21608d1a-2997-47fb-85ec-7bd41c1e26fd dn=a355c4c2-cbce-4d32-ac2d-5d7efcc7e61b{ip: 192.168.69.81, host: pr-hdds-2109-6lgm5-4208394744, networkLocation: /default-rack, certSerialId: null}
2019-09-11 12:42:33,559 [grpc-default-executor-3] INFO  impl.RaftServerProxy (RaftServerProxy.java:remove(95)) - 608419ff-9e1e-46ed-b668-4d330b5fd69a: remove group-7BD41C1E26FD:null
2019-09-11 12:42:33,564 [RatisPipelineUtilsThread] WARN  pipeline.RatisPipelineUtils (RatisPipelineUtils.java:destroyPipeline(66)) - Pipeline destroy failed for pipeline=PipelineID=21608d1a-2997-47fb-85ec-7bd41c1e26fd dn=608419ff-9e1e-46ed-b668-4d330b5fd69a{ip: 192.168.69.81, host: pr-hdds-2109-6lgm5-4208394744, networkLocation: /default-rack, certSerialId: null}
2019-09-11 12:42:33,573 [grpc-default-executor-3] INFO  impl.RaftServerProxy (RaftServerProxy.java:remove(95)) - 5a49129c-fcc1-4df1-b4f9-e84c17474790: remove group-7BD41C1E26FD:null
2019-09-11 12:42:33,578 [RatisPipelineUtilsThread] WARN  pipeline.RatisPipelineUtils (RatisPipelineUtils.java:destroyPipeline(66)) - Pipeline destroy failed for pipeline=PipelineID=21608d1a-2997-47fb-85ec-7bd41c1e26fd dn=5a49129c-fcc1-4df1-b4f9-e84c17474790{ip: 192.168.69.81, host: pr-hdds-2109-6lgm5-4208394744, networkLocation: /default-rack, certSerialId: null}
2019-09-11 12:42:33,578 [RatisPipelineUtilsThread] ERROR pipeline.SCMPipelineManager (Scheduler.java:lambda$schedule$1(70)) - Destroy pipeline failed for pipeline:Pipeline[ Id: 21608d1a-2997-47fb-85ec-7bd41c1e26fd, Nodes: a355c4c2-cbce-4d32-ac2d-5d7efcc7e61b{ip: 192.168.69.81, host: pr-hdds-2109-6lgm5-4208394744, networkLocation: /default-rack, certSerialId: null}608419ff-9e1e-46ed-b668-4d330b5fd69a{ip: 192.168.69.81, host: pr-hdds-2109-6lgm5-4208394744, networkLocation: /default-rack, certSerialId: null}5a49129c-fcc1-4df1-b4f9-e84c17474790{ip: 192.168.69.81, host: pr-hdds-2109-6lgm5-4208394744, networkLocation: /default-rack, certSerialId: null}, Type:RATIS, Factor:THREE, State:CLOSED]
org.apache.hadoop.hdds.scm.pipeline.PipelineNotFoundException: PipelineID=21608d1a-2997-47fb-85ec-7bd41c1e26fd not found
	at org.apache.hadoop.hdds.scm.pipeline.PipelineStateMap.getPipeline(PipelineStateMap.java:132)
	at org.apache.hadoop.hdds.scm.pipeline.PipelineStateMap.removePipeline(PipelineStateMap.java:322)
	at org.apache.hadoop.hdds.scm.pipeline.PipelineStateManager.removePipeline(PipelineStateManager.java:107)
	at org.apache.hadoop.hdds.scm.pipeline.SCMPipelineManager.removePipeline(SCMPipelineManager.java:423)
	at org.apache.hadoop.hdds.scm.pipeline.SCMPipelineManager.destroyPipeline(SCMPipelineManager.java:409)
	at org.apache.hadoop.hdds.scm.pipeline.SCMPipelineManager.lambda$finalizeAndDestroyPipeline$0(SCMPipelineManager.java:318)
	at org.apache.hadoop.utils.Scheduler.lambda$schedule$1(Scheduler.java:68)
	at java.util.concurrent.Executors$RunnableAdapter.call(Executors.java:511)
	at java.util.concurrent.FutureTask.run(FutureTask.java:266)
	at java.util.concurrent.ScheduledThreadPoolExecutor$ScheduledFutureTask.access$201(ScheduledThreadPoolExecutor.java:180)
	at java.util.concurrent.ScheduledThreadPoolExecutor$ScheduledFutureTask.run(ScheduledThreadPoolExecutor.java:293)
	at java.util.concurrent.ThreadPoolExecutor.runWorker(ThreadPoolExecutor.java:1149)
	at java.util.concurrent.ThreadPoolExecutor$Worker.run(ThreadPoolExecutor.java:624)
	at java.lang.Thread.run(Thread.java:748)
2019-09-11 12:42:33,706 [grpc-default-executor-3] INFO  client.GrpcClientProtocolClient (GrpcClientProtocolClient.java:onNext(264)) - client-F2C6077FCB6C->f90b1bbc-0325-4fdc-bdda-dbac376593c0: receive RaftClientReply:client-F2C6077FCB6C->f90b1bbc-0325-4fdc-bdda-dbac376593c0@group-36481D5C2926, cid=44, FAILED org.apache.ratis.protocol.NotLeaderException: Server f90b1bbc-0325-4fdc-bdda-dbac376593c0@group-36481D5C2926 is not the leader d8e74394-a0bf-4ec3-a3ce-4740c71bd9b7:192.168.69.81:43465, logIndex=0, commits[f90b1bbc-0325-4fdc-bdda-dbac376593c0:c10, d8e74394-a0bf-4ec3-a3ce-4740c71bd9b7:c10, 8533a49c-a60c-4c36-849a-1b71101d719e:c10]
2019-09-11 12:42:34,185 [java.util.concurrent.ThreadPoolExecutor$Worker@4e4300e[State = -1, empty queue]] WARN  server.GrpcLogAppender (GrpcLogAppender.java:timeoutAppendRequest(200)) - d8e74394-a0bf-4ec3-a3ce-4740c71bd9b7@group-36481D5C2926->f90b1bbc-0325-4fdc-bdda-dbac376593c0-GrpcLogAppender: appendEntries Timeout, request=d8e74394-a0bf-4ec3-a3ce-4740c71bd9b7->f90b1bbc-0325-4fdc-bdda-dbac376593c0#93-t3, previous=(t:3, i:16), leaderCommit=10, initializing? false, entries: <empty>
2019-09-11 12:42:34,185 [java.util.concurrent.ThreadPoolExecutor$Worker@734c62d3[State = -1, empty queue]] WARN  server.GrpcLogAppender (GrpcLogAppender.java:timeoutAppendRequest(200)) - d8e74394-a0bf-4ec3-a3ce-4740c71bd9b7@group-36481D5C2926->8533a49c-a60c-4c36-849a-1b71101d719e-GrpcLogAppender: appendEntries Timeout, request=d8e74394-a0bf-4ec3-a3ce-4740c71bd9b7->8533a49c-a60c-4c36-849a-1b71101d719e#93-t3, previous=(t:3, i:16), leaderCommit=10, initializing? false, entries: <empty>
2019-09-11 12:42:36,534 [grpc-default-executor-0] INFO  impl.RaftServerProxy (RaftServerProxy.java:remove(95)) - a355c4c2-cbce-4d32-ac2d-5d7efcc7e61b: remove group-7BD41C1E26FD:null
2019-09-11 12:42:36,541 [RatisPipelineUtilsThread] WARN  pipeline.RatisPipelineUtils (RatisPipelineUtils.java:destroyPipeline(66)) - Pipeline destroy failed for pipeline=PipelineID=21608d1a-2997-47fb-85ec-7bd41c1e26fd dn=a355c4c2-cbce-4d32-ac2d-5d7efcc7e61b{ip: 192.168.69.81, host: pr-hdds-2109-6lgm5-4208394744, networkLocation: /default-rack, certSerialId: null}
2019-09-11 12:42:36,545 [grpc-default-executor-0] INFO  impl.RaftServerProxy (RaftServerProxy.java:remove(95)) - 608419ff-9e1e-46ed-b668-4d330b5fd69a: remove group-7BD41C1E26FD:null
2019-09-11 12:42:36,550 [RatisPipelineUtilsThread] WARN  pipeline.RatisPipelineUtils (RatisPipelineUtils.java:destroyPipeline(66)) - Pipeline destroy failed for pipeline=PipelineID=21608d1a-2997-47fb-85ec-7bd41c1e26fd dn=608419ff-9e1e-46ed-b668-4d330b5fd69a{ip: 192.168.69.81, host: pr-hdds-2109-6lgm5-4208394744, networkLocation: /default-rack, certSerialId: null}
2019-09-11 12:42:36,553 [grpc-default-executor-0] INFO  impl.RaftServerProxy (RaftServerProxy.java:remove(95)) - 5a49129c-fcc1-4df1-b4f9-e84c17474790: remove group-7BD41C1E26FD:null
2019-09-11 12:42:36,565 [RatisPipelineUtilsThread] WARN  pipeline.RatisPipelineUtils (RatisPipelineUtils.java:destroyPipeline(66)) - Pipeline destroy failed for pipeline=PipelineID=21608d1a-2997-47fb-85ec-7bd41c1e26fd dn=5a49129c-fcc1-4df1-b4f9-e84c17474790{ip: 192.168.69.81, host: pr-hdds-2109-6lgm5-4208394744, networkLocation: /default-rack, certSerialId: null}
2019-09-11 12:42:36,566 [RatisPipelineUtilsThread] ERROR pipeline.SCMPipelineManager (Scheduler.java:lambda$schedule$1(70)) - Destroy pipeline failed for pipeline:Pipeline[ Id: 21608d1a-2997-47fb-85ec-7bd41c1e26fd, Nodes: a355c4c2-cbce-4d32-ac2d-5d7efcc7e61b{ip: 192.168.69.81, host: pr-hdds-2109-6lgm5-4208394744, networkLocation: /default-rack, certSerialId: null}608419ff-9e1e-46ed-b668-4d330b5fd69a{ip: 192.168.69.81, host: pr-hdds-2109-6lgm5-4208394744, networkLocation: /default-rack, certSerialId: null}5a49129c-fcc1-4df1-b4f9-e84c17474790{ip: 192.168.69.81, host: pr-hdds-2109-6lgm5-4208394744, networkLocation: /default-rack, certSerialId: null}, Type:RATIS, Factor:THREE, State:CLOSED]
org.apache.hadoop.hdds.scm.pipeline.PipelineNotFoundException: PipelineID=21608d1a-2997-47fb-85ec-7bd41c1e26fd not found
	at org.apache.hadoop.hdds.scm.pipeline.PipelineStateMap.getPipeline(PipelineStateMap.java:132)
	at org.apache.hadoop.hdds.scm.pipeline.PipelineStateMap.removePipeline(PipelineStateMap.java:322)
	at org.apache.hadoop.hdds.scm.pipeline.PipelineStateManager.removePipeline(PipelineStateManager.java:107)
	at org.apache.hadoop.hdds.scm.pipeline.SCMPipelineManager.removePipeline(SCMPipelineManager.java:423)
	at org.apache.hadoop.hdds.scm.pipeline.SCMPipelineManager.destroyPipeline(SCMPipelineManager.java:409)
	at org.apache.hadoop.hdds.scm.pipeline.SCMPipelineManager.lambda$finalizeAndDestroyPipeline$0(SCMPipelineManager.java:318)
	at org.apache.hadoop.utils.Scheduler.lambda$schedule$1(Scheduler.java:68)
	at java.util.concurrent.Executors$RunnableAdapter.call(Executors.java:511)
	at java.util.concurrent.FutureTask.run(FutureTask.java:266)
	at java.util.concurrent.ScheduledThreadPoolExecutor$ScheduledFutureTask.access$201(ScheduledThreadPoolExecutor.java:180)
	at java.util.concurrent.ScheduledThreadPoolExecutor$ScheduledFutureTask.run(ScheduledThreadPoolExecutor.java:293)
	at java.util.concurrent.ThreadPoolExecutor.runWorker(ThreadPoolExecutor.java:1149)
	at java.util.concurrent.ThreadPoolExecutor$Worker.run(ThreadPoolExecutor.java:624)
	at java.lang.Thread.run(Thread.java:748)
2019-09-11 12:42:36,685 [java.util.concurrent.ThreadPoolExecutor$Worker@4e4300e[State = -1, empty queue]] WARN  server.GrpcLogAppender (GrpcLogAppender.java:timeoutAppendRequest(200)) - d8e74394-a0bf-4ec3-a3ce-4740c71bd9b7@group-36481D5C2926->f90b1bbc-0325-4fdc-bdda-dbac376593c0-GrpcLogAppender: appendEntries Timeout, request=d8e74394-a0bf-4ec3-a3ce-4740c71bd9b7->f90b1bbc-0325-4fdc-bdda-dbac376593c0#94-t3, previous=(t:3, i:16), leaderCommit=10, initializing? false, entries: <empty>
2019-09-11 12:42:36,685 [java.util.concurrent.ThreadPoolExecutor$Worker@734c62d3[State = -1, empty queue]] WARN  server.GrpcLogAppender (GrpcLogAppender.java:timeoutAppendRequest(200)) - d8e74394-a0bf-4ec3-a3ce-4740c71bd9b7@group-36481D5C2926->8533a49c-a60c-4c36-849a-1b71101d719e-GrpcLogAppender: appendEntries Timeout, request=d8e74394-a0bf-4ec3-a3ce-4740c71bd9b7->8533a49c-a60c-4c36-849a-1b71101d719e#94-t3, previous=(t:3, i:16), leaderCommit=10, initializing? false, entries: <empty>
2019-09-11 12:42:38,532 [grpc-default-executor-0] INFO  impl.RaftServerProxy (RaftServerProxy.java:remove(95)) - a355c4c2-cbce-4d32-ac2d-5d7efcc7e61b: remove group-7BD41C1E26FD:null
2019-09-11 12:42:38,538 [RatisPipelineUtilsThread] WARN  pipeline.RatisPipelineUtils (RatisPipelineUtils.java:destroyPipeline(66)) - Pipeline destroy failed for pipeline=PipelineID=21608d1a-2997-47fb-85ec-7bd41c1e26fd dn=a355c4c2-cbce-4d32-ac2d-5d7efcc7e61b{ip: 192.168.69.81, host: pr-hdds-2109-6lgm5-4208394744, networkLocation: /default-rack, certSerialId: null}
2019-09-11 12:42:38,541 [grpc-default-executor-0] INFO  impl.RaftServerProxy (RaftServerProxy.java:remove(95)) - 608419ff-9e1e-46ed-b668-4d330b5fd69a: remove group-7BD41C1E26FD:null
2019-09-11 12:42:38,546 [RatisPipelineUtilsThread] WARN  pipeline.RatisPipelineUtils (RatisPipelineUtils.java:destroyPipeline(66)) - Pipeline destroy failed for pipeline=PipelineID=21608d1a-2997-47fb-85ec-7bd41c1e26fd dn=608419ff-9e1e-46ed-b668-4d330b5fd69a{ip: 192.168.69.81, host: pr-hdds-2109-6lgm5-4208394744, networkLocation: /default-rack, certSerialId: null}
2019-09-11 12:42:38,549 [grpc-default-executor-0] INFO  impl.RaftServerProxy (RaftServerProxy.java:remove(95)) - 5a49129c-fcc1-4df1-b4f9-e84c17474790: remove group-7BD41C1E26FD:null
2019-09-11 12:42:38,553 [RatisPipelineUtilsThread] WARN  pipeline.RatisPipelineUtils (RatisPipelineUtils.java:destroyPipeline(66)) - Pipeline destroy failed for pipeline=PipelineID=21608d1a-2997-47fb-85ec-7bd41c1e26fd dn=5a49129c-fcc1-4df1-b4f9-e84c17474790{ip: 192.168.69.81, host: pr-hdds-2109-6lgm5-4208394744, networkLocation: /default-rack, certSerialId: null}
2019-09-11 12:42:38,554 [RatisPipelineUtilsThread] ERROR pipeline.SCMPipelineManager (Scheduler.java:lambda$schedule$1(70)) - Destroy pipeline failed for pipeline:Pipeline[ Id: 21608d1a-2997-47fb-85ec-7bd41c1e26fd, Nodes: a355c4c2-cbce-4d32-ac2d-5d7efcc7e61b{ip: 192.168.69.81, host: pr-hdds-2109-6lgm5-4208394744, networkLocation: /default-rack, certSerialId: null}608419ff-9e1e-46ed-b668-4d330b5fd69a{ip: 192.168.69.81, host: pr-hdds-2109-6lgm5-4208394744, networkLocation: /default-rack, certSerialId: null}5a49129c-fcc1-4df1-b4f9-e84c17474790{ip: 192.168.69.81, host: pr-hdds-2109-6lgm5-4208394744, networkLocation: /default-rack, certSerialId: null}, Type:RATIS, Factor:THREE, State:CLOSED]
org.apache.hadoop.hdds.scm.pipeline.PipelineNotFoundException: PipelineID=21608d1a-2997-47fb-85ec-7bd41c1e26fd not found
	at org.apache.hadoop.hdds.scm.pipeline.PipelineStateMap.getPipeline(PipelineStateMap.java:132)
	at org.apache.hadoop.hdds.scm.pipeline.PipelineStateMap.removePipeline(PipelineStateMap.java:322)
	at org.apache.hadoop.hdds.scm.pipeline.PipelineStateManager.removePipeline(PipelineStateManager.java:107)
	at org.apache.hadoop.hdds.scm.pipeline.SCMPipelineManager.removePipeline(SCMPipelineManager.java:423)
	at org.apache.hadoop.hdds.scm.pipeline.SCMPipelineManager.destroyPipeline(SCMPipelineManager.java:409)
	at org.apache.hadoop.hdds.scm.pipeline.SCMPipelineManager.lambda$finalizeAndDestroyPipeline$0(SCMPipelineManager.java:318)
	at org.apache.hadoop.utils.Scheduler.lambda$schedule$1(Scheduler.java:68)
	at java.util.concurrent.Executors$RunnableAdapter.call(Executors.java:511)
	at java.util.concurrent.FutureTask.run(FutureTask.java:266)
	at java.util.concurrent.ScheduledThreadPoolExecutor$ScheduledFutureTask.access$201(ScheduledThreadPoolExecutor.java:180)
	at java.util.concurrent.ScheduledThreadPoolExecutor$ScheduledFutureTask.run(ScheduledThreadPoolExecutor.java:293)
	at java.util.concurrent.ThreadPoolExecutor.runWorker(ThreadPoolExecutor.java:1149)
	at java.util.concurrent.ThreadPoolExecutor$Worker.run(ThreadPoolExecutor.java:624)
	at java.lang.Thread.run(Thread.java:748)
2019-09-11 12:42:38,742 [grpc-default-executor-0] INFO  client.GrpcClientProtocolClient (GrpcClientProtocolClient.java:onNext(264)) - client-F2C6077FCB6C->f90b1bbc-0325-4fdc-bdda-dbac376593c0: receive RaftClientReply:client-F2C6077FCB6C->f90b1bbc-0325-4fdc-bdda-dbac376593c0@group-36481D5C2926, cid=44, FAILED org.apache.ratis.protocol.NotLeaderException: Server f90b1bbc-0325-4fdc-bdda-dbac376593c0@group-36481D5C2926 is not the leader d8e74394-a0bf-4ec3-a3ce-4740c71bd9b7:192.168.69.81:43465, logIndex=0, commits[f90b1bbc-0325-4fdc-bdda-dbac376593c0:c10, d8e74394-a0bf-4ec3-a3ce-4740c71bd9b7:c10, 8533a49c-a60c-4c36-849a-1b71101d719e:c10]
2019-09-11 12:42:38,839 [8533a49c-a60c-4c36-849a-1b71101d719e@group-36481D5C2926-SegmentedRaftLogWorker] WARN  segmented.SegmentedRaftLogWorker (SegmentedRaftLogWorker.java:getFromFuture(90)) - Timeout 0/~
org.apache.ratis.protocol.TimeoutIOException: Timeout 10s: WriteLog:12: (t:3, i:12), STATEMACHINELOGENTRY, client-F2C6077FCB6C, cid=45-writeStateMachineData
	at org.apache.ratis.util.IOUtils.getFromFuture(IOUtils.java:87)
	at org.apache.ratis.server.raftlog.segmented.SegmentedRaftLogWorker$StateMachineDataPolicy.getFromFuture(SegmentedRaftLogWorker.java:87)
	at org.apache.ratis.server.raftlog.segmented.SegmentedRaftLogWorker$WriteLog.execute(SegmentedRaftLogWorker.java:477)
	at org.apache.ratis.server.raftlog.segmented.SegmentedRaftLogWorker.run(SegmentedRaftLogWorker.java:289)
	at java.lang.Thread.run(Thread.java:748)
Caused by: java.util.concurrent.TimeoutException
	at java.util.concurrent.CompletableFuture.timedGet(CompletableFuture.java:1771)
	at java.util.concurrent.CompletableFuture.get(CompletableFuture.java:1915)
	at org.apache.ratis.util.IOUtils.getFromFuture(IOUtils.java:79)
	... 4 more
2019-09-11 12:42:38,839 [f90b1bbc-0325-4fdc-bdda-dbac376593c0@group-36481D5C2926-SegmentedRaftLogWorker] WARN  segmented.SegmentedRaftLogWorker (SegmentedRaftLogWorker.java:getFromFuture(90)) - Timeout 0/~
org.apache.ratis.protocol.TimeoutIOException: Timeout 10s: WriteLog:12: (t:3, i:12), STATEMACHINELOGENTRY, client-F2C6077FCB6C, cid=45-writeStateMachineData
	at org.apache.ratis.util.IOUtils.getFromFuture(IOUtils.java:87)
	at org.apache.ratis.server.raftlog.segmented.SegmentedRaftLogWorker$StateMachineDataPolicy.getFromFuture(SegmentedRaftLogWorker.java:87)
	at org.apache.ratis.server.raftlog.segmented.SegmentedRaftLogWorker$WriteLog.execute(SegmentedRaftLogWorker.java:477)
	at org.apache.ratis.server.raftlog.segmented.SegmentedRaftLogWorker.run(SegmentedRaftLogWorker.java:289)
	at java.lang.Thread.run(Thread.java:748)
Caused by: java.util.concurrent.TimeoutException
	at java.util.concurrent.CompletableFuture.timedGet(CompletableFuture.java:1771)
	at java.util.concurrent.CompletableFuture.get(CompletableFuture.java:1915)
	at org.apache.ratis.util.IOUtils.getFromFuture(IOUtils.java:79)
	... 4 more
2019-09-11 12:42:38,839 [d8e74394-a0bf-4ec3-a3ce-4740c71bd9b7@group-36481D5C2926-SegmentedRaftLogWorker] WARN  segmented.SegmentedRaftLogWorker (SegmentedRaftLogWorker.java:getFromFuture(90)) - Timeout 0/~
org.apache.ratis.protocol.TimeoutIOException: Timeout 10s: WriteLog:12: (t:3, i:12), STATEMACHINELOGENTRY, client-F2C6077FCB6C, cid=45-writeStateMachineData
	at org.apache.ratis.util.IOUtils.getFromFuture(IOUtils.java:87)
	at org.apache.ratis.server.raftlog.segmented.SegmentedRaftLogWorker$StateMachineDataPolicy.getFromFuture(SegmentedRaftLogWorker.java:87)
	at org.apache.ratis.server.raftlog.segmented.SegmentedRaftLogWorker$WriteLog.execute(SegmentedRaftLogWorker.java:477)
	at org.apache.ratis.server.raftlog.segmented.SegmentedRaftLogWorker.run(SegmentedRaftLogWorker.java:289)
	at java.lang.Thread.run(Thread.java:748)
Caused by: java.util.concurrent.TimeoutException
	at java.util.concurrent.CompletableFuture.timedGet(CompletableFuture.java:1771)
	at java.util.concurrent.CompletableFuture.get(CompletableFuture.java:1915)
	at org.apache.ratis.util.IOUtils.getFromFuture(IOUtils.java:79)
	... 4 more
2019-09-11 12:42:39,186 [java.util.concurrent.ThreadPoolExecutor$Worker@4e4300e[State = -1, empty queue]] WARN  server.GrpcLogAppender (GrpcLogAppender.java:timeoutAppendRequest(200)) - d8e74394-a0bf-4ec3-a3ce-4740c71bd9b7@group-36481D5C2926->f90b1bbc-0325-4fdc-bdda-dbac376593c0-GrpcLogAppender: appendEntries Timeout, request=d8e74394-a0bf-4ec3-a3ce-4740c71bd9b7->f90b1bbc-0325-4fdc-bdda-dbac376593c0#95-t3, previous=(t:3, i:16), leaderCommit=10, initializing? false, entries: <empty>
2019-09-11 12:42:39,186 [java.util.concurrent.ThreadPoolExecutor$Worker@734c62d3[State = -1, empty queue]] WARN  server.GrpcLogAppender (GrpcLogAppender.java:timeoutAppendRequest(200)) - d8e74394-a0bf-4ec3-a3ce-4740c71bd9b7@group-36481D5C2926->8533a49c-a60c-4c36-849a-1b71101d719e-GrpcLogAppender: appendEntries Timeout, request=d8e74394-a0bf-4ec3-a3ce-4740c71bd9b7->8533a49c-a60c-4c36-849a-1b71101d719e#95-t3, previous=(t:3, i:16), leaderCommit=10, initializing? false, entries: <empty>
2019-09-11 12:42:41,534 [grpc-default-executor-3] INFO  impl.RaftServerProxy (RaftServerProxy.java:remove(95)) - a355c4c2-cbce-4d32-ac2d-5d7efcc7e61b: remove group-7BD41C1E26FD:null
2019-09-11 12:42:41,542 [RatisPipelineUtilsThread] WARN  pipeline.RatisPipelineUtils (RatisPipelineUtils.java:destroyPipeline(66)) - Pipeline destroy failed for pipeline=PipelineID=21608d1a-2997-47fb-85ec-7bd41c1e26fd dn=a355c4c2-cbce-4d32-ac2d-5d7efcc7e61b{ip: 192.168.69.81, host: pr-hdds-2109-6lgm5-4208394744, networkLocation: /default-rack, certSerialId: null}
2019-09-11 12:42:41,545 [grpc-default-executor-3] INFO  impl.RaftServerProxy (RaftServerProxy.java:remove(95)) - 608419ff-9e1e-46ed-b668-4d330b5fd69a: remove group-7BD41C1E26FD:null
2019-09-11 12:42:41,551 [RatisPipelineUtilsThread] WARN  pipeline.RatisPipelineUtils (RatisPipelineUtils.java:destroyPipeline(66)) - Pipeline destroy failed for pipeline=PipelineID=21608d1a-2997-47fb-85ec-7bd41c1e26fd dn=608419ff-9e1e-46ed-b668-4d330b5fd69a{ip: 192.168.69.81, host: pr-hdds-2109-6lgm5-4208394744, networkLocation: /default-rack, certSerialId: null}
2019-09-11 12:42:41,554 [grpc-default-executor-3] INFO  impl.RaftServerProxy (RaftServerProxy.java:remove(95)) - 5a49129c-fcc1-4df1-b4f9-e84c17474790: remove group-7BD41C1E26FD:null
2019-09-11 12:42:41,559 [RatisPipelineUtilsThread] WARN  pipeline.RatisPipelineUtils (RatisPipelineUtils.java:destroyPipeline(66)) - Pipeline destroy failed for pipeline=PipelineID=21608d1a-2997-47fb-85ec-7bd41c1e26fd dn=5a49129c-fcc1-4df1-b4f9-e84c17474790{ip: 192.168.69.81, host: pr-hdds-2109-6lgm5-4208394744, networkLocation: /default-rack, certSerialId: null}
2019-09-11 12:42:41,560 [RatisPipelineUtilsThread] ERROR pipeline.SCMPipelineManager (Scheduler.java:lambda$schedule$1(70)) - Destroy pipeline failed for pipeline:Pipeline[ Id: 21608d1a-2997-47fb-85ec-7bd41c1e26fd, Nodes: a355c4c2-cbce-4d32-ac2d-5d7efcc7e61b{ip: 192.168.69.81, host: pr-hdds-2109-6lgm5-4208394744, networkLocation: /default-rack, certSerialId: null}608419ff-9e1e-46ed-b668-4d330b5fd69a{ip: 192.168.69.81, host: pr-hdds-2109-6lgm5-4208394744, networkLocation: /default-rack, certSerialId: null}5a49129c-fcc1-4df1-b4f9-e84c17474790{ip: 192.168.69.81, host: pr-hdds-2109-6lgm5-4208394744, networkLocation: /default-rack, certSerialId: null}, Type:RATIS, Factor:THREE, State:CLOSED]
org.apache.hadoop.hdds.scm.pipeline.PipelineNotFoundException: PipelineID=21608d1a-2997-47fb-85ec-7bd41c1e26fd not found
	at org.apache.hadoop.hdds.scm.pipeline.PipelineStateMap.getPipeline(PipelineStateMap.java:132)
	at org.apache.hadoop.hdds.scm.pipeline.PipelineStateMap.removePipeline(PipelineStateMap.java:322)
	at org.apache.hadoop.hdds.scm.pipeline.PipelineStateManager.removePipeline(PipelineStateManager.java:107)
	at org.apache.hadoop.hdds.scm.pipeline.SCMPipelineManager.removePipeline(SCMPipelineManager.java:423)
	at org.apache.hadoop.hdds.scm.pipeline.SCMPipelineManager.destroyPipeline(SCMPipelineManager.java:409)
	at org.apache.hadoop.hdds.scm.pipeline.SCMPipelineManager.lambda$finalizeAndDestroyPipeline$0(SCMPipelineManager.java:318)
	at org.apache.hadoop.utils.Scheduler.lambda$schedule$1(Scheduler.java:68)
	at java.util.concurrent.Executors$RunnableAdapter.call(Executors.java:511)
	at java.util.concurrent.FutureTask.run(FutureTask.java:266)
	at java.util.concurrent.ScheduledThreadPoolExecutor$ScheduledFutureTask.access$201(ScheduledThreadPoolExecutor.java:180)
	at java.util.concurrent.ScheduledThreadPoolExecutor$ScheduledFutureTask.run(ScheduledThreadPoolExecutor.java:293)
	at java.util.concurrent.ThreadPoolExecutor.runWorker(ThreadPoolExecutor.java:1149)
	at java.util.concurrent.ThreadPoolExecutor$Worker.run(ThreadPoolExecutor.java:624)
	at java.lang.Thread.run(Thread.java:748)
2019-09-11 12:42:41,686 [java.util.concurrent.ThreadPoolExecutor$Worker@734c62d3[State = -1, empty queue]] WARN  server.GrpcLogAppender (GrpcLogAppender.java:timeoutAppendRequest(200)) - d8e74394-a0bf-4ec3-a3ce-4740c71bd9b7@group-36481D5C2926->8533a49c-a60c-4c36-849a-1b71101d719e-GrpcLogAppender: appendEntries Timeout, request=d8e74394-a0bf-4ec3-a3ce-4740c71bd9b7->8533a49c-a60c-4c36-849a-1b71101d719e#96-t3, previous=(t:3, i:16), leaderCommit=10, initializing? false, entries: <empty>
2019-09-11 12:42:41,686 [java.util.concurrent.ThreadPoolExecutor$Worker@4e4300e[State = -1, empty queue]] WARN  server.GrpcLogAppender (GrpcLogAppender.java:timeoutAppendRequest(200)) - d8e74394-a0bf-4ec3-a3ce-4740c71bd9b7@group-36481D5C2926->f90b1bbc-0325-4fdc-bdda-dbac376593c0-GrpcLogAppender: appendEntries Timeout, request=d8e74394-a0bf-4ec3-a3ce-4740c71bd9b7->f90b1bbc-0325-4fdc-bdda-dbac376593c0#96-t3, previous=(t:3, i:16), leaderCommit=10, initializing? false, entries: <empty>
2019-09-11 12:42:43,532 [grpc-default-executor-0] INFO  impl.RaftServerProxy (RaftServerProxy.java:remove(95)) - a355c4c2-cbce-4d32-ac2d-5d7efcc7e61b: remove group-7BD41C1E26FD:null
2019-09-11 12:42:43,539 [RatisPipelineUtilsThread] WARN  pipeline.RatisPipelineUtils (RatisPipelineUtils.java:destroyPipeline(66)) - Pipeline destroy failed for pipeline=PipelineID=21608d1a-2997-47fb-85ec-7bd41c1e26fd dn=a355c4c2-cbce-4d32-ac2d-5d7efcc7e61b{ip: 192.168.69.81, host: pr-hdds-2109-6lgm5-4208394744, networkLocation: /default-rack, certSerialId: null}
2019-09-11 12:42:43,542 [grpc-default-executor-0] INFO  impl.RaftServerProxy (RaftServerProxy.java:remove(95)) - 608419ff-9e1e-46ed-b668-4d330b5fd69a: remove group-7BD41C1E26FD:null
2019-09-11 12:42:43,548 [RatisPipelineUtilsThread] WARN  pipeline.RatisPipelineUtils (RatisPipelineUtils.java:destroyPipeline(66)) - Pipeline destroy failed for pipeline=PipelineID=21608d1a-2997-47fb-85ec-7bd41c1e26fd dn=608419ff-9e1e-46ed-b668-4d330b5fd69a{ip: 192.168.69.81, host: pr-hdds-2109-6lgm5-4208394744, networkLocation: /default-rack, certSerialId: null}
2019-09-11 12:42:43,551 [grpc-default-executor-0] INFO  impl.RaftServerProxy (RaftServerProxy.java:remove(95)) - 5a49129c-fcc1-4df1-b4f9-e84c17474790: remove group-7BD41C1E26FD:null
2019-09-11 12:42:43,556 [RatisPipelineUtilsThread] WARN  pipeline.RatisPipelineUtils (RatisPipelineUtils.java:destroyPipeline(66)) - Pipeline destroy failed for pipeline=PipelineID=21608d1a-2997-47fb-85ec-7bd41c1e26fd dn=5a49129c-fcc1-4df1-b4f9-e84c17474790{ip: 192.168.69.81, host: pr-hdds-2109-6lgm5-4208394744, networkLocation: /default-rack, certSerialId: null}
2019-09-11 12:42:43,557 [RatisPipelineUtilsThread] ERROR pipeline.SCMPipelineManager (Scheduler.java:lambda$schedule$1(70)) - Destroy pipeline failed for pipeline:Pipeline[ Id: 21608d1a-2997-47fb-85ec-7bd41c1e26fd, Nodes: a355c4c2-cbce-4d32-ac2d-5d7efcc7e61b{ip: 192.168.69.81, host: pr-hdds-2109-6lgm5-4208394744, networkLocation: /default-rack, certSerialId: null}608419ff-9e1e-46ed-b668-4d330b5fd69a{ip: 192.168.69.81, host: pr-hdds-2109-6lgm5-4208394744, networkLocation: /default-rack, certSerialId: null}5a49129c-fcc1-4df1-b4f9-e84c17474790{ip: 192.168.69.81, host: pr-hdds-2109-6lgm5-4208394744, networkLocation: /default-rack, certSerialId: null}, Type:RATIS, Factor:THREE, State:CLOSED]
org.apache.hadoop.hdds.scm.pipeline.PipelineNotFoundException: PipelineID=21608d1a-2997-47fb-85ec-7bd41c1e26fd not found
	at org.apache.hadoop.hdds.scm.pipeline.PipelineStateMap.getPipeline(PipelineStateMap.java:132)
	at org.apache.hadoop.hdds.scm.pipeline.PipelineStateMap.removePipeline(PipelineStateMap.java:322)
	at org.apache.hadoop.hdds.scm.pipeline.PipelineStateManager.removePipeline(PipelineStateManager.java:107)
	at org.apache.hadoop.hdds.scm.pipeline.SCMPipelineManager.removePipeline(SCMPipelineManager.java:423)
	at org.apache.hadoop.hdds.scm.pipeline.SCMPipelineManager.destroyPipeline(SCMPipelineManager.java:409)
	at org.apache.hadoop.hdds.scm.pipeline.SCMPipelineManager.lambda$finalizeAndDestroyPipeline$0(SCMPipelineManager.java:318)
	at org.apache.hadoop.utils.Scheduler.lambda$schedule$1(Scheduler.java:68)
	at java.util.concurrent.Executors$RunnableAdapter.call(Executors.java:511)
	at java.util.concurrent.FutureTask.run(FutureTask.java:266)
	at java.util.concurrent.ScheduledThreadPoolExecutor$ScheduledFutureTask.access$201(ScheduledThreadPoolExecutor.java:180)
	at java.util.concurrent.ScheduledThreadPoolExecutor$ScheduledFutureTask.run(ScheduledThreadPoolExecutor.java:293)
	at java.util.concurrent.ThreadPoolExecutor.runWorker(ThreadPoolExecutor.java:1149)
	at java.util.concurrent.ThreadPoolExecutor$Worker.run(ThreadPoolExecutor.java:624)
	at java.lang.Thread.run(Thread.java:748)
2019-09-11 12:42:43,788 [grpc-default-executor-3] INFO  client.GrpcClientProtocolClient (GrpcClientProtocolClient.java:onNext(264)) - client-F2C6077FCB6C->8533a49c-a60c-4c36-849a-1b71101d719e: receive RaftClientReply:client-F2C6077FCB6C->8533a49c-a60c-4c36-849a-1b71101d719e@group-36481D5C2926, cid=44, FAILED org.apache.ratis.protocol.NotLeaderException: Server 8533a49c-a60c-4c36-849a-1b71101d719e@group-36481D5C2926 is not the leader d8e74394-a0bf-4ec3-a3ce-4740c71bd9b7:192.168.69.81:43465, logIndex=0, commits[8533a49c-a60c-4c36-849a-1b71101d719e:c10, f90b1bbc-0325-4fdc-bdda-dbac376593c0:c10, d8e74394-a0bf-4ec3-a3ce-4740c71bd9b7:c10]
2019-09-11 12:42:44,186 [java.util.concurrent.ThreadPoolExecutor$Worker@734c62d3[State = -1, empty queue]] WARN  server.GrpcLogAppender (GrpcLogAppender.java:timeoutAppendRequest(200)) - d8e74394-a0bf-4ec3-a3ce-4740c71bd9b7@group-36481D5C2926->8533a49c-a60c-4c36-849a-1b71101d719e-GrpcLogAppender: appendEntries Timeout, request=d8e74394-a0bf-4ec3-a3ce-4740c71bd9b7->8533a49c-a60c-4c36-849a-1b71101d719e#97-t3, previous=(t:3, i:16), leaderCommit=10, initializing? false, entries: <empty>
2019-09-11 12:42:44,186 [java.util.concurrent.ThreadPoolExecutor$Worker@4e4300e[State = -1, empty queue]] WARN  server.GrpcLogAppender (GrpcLogAppender.java:timeoutAppendRequest(200)) - d8e74394-a0bf-4ec3-a3ce-4740c71bd9b7@group-36481D5C2926->f90b1bbc-0325-4fdc-bdda-dbac376593c0-GrpcLogAppender: appendEntries Timeout, request=d8e74394-a0bf-4ec3-a3ce-4740c71bd9b7->f90b1bbc-0325-4fdc-bdda-dbac376593c0#97-t3, previous=(t:3, i:16), leaderCommit=10, initializing? false, entries: <empty>
2019-09-11 12:42:46,534 [grpc-default-executor-3] INFO  impl.RaftServerProxy (RaftServerProxy.java:remove(95)) - a355c4c2-cbce-4d32-ac2d-5d7efcc7e61b: remove group-7BD41C1E26FD:null
2019-09-11 12:42:46,541 [RatisPipelineUtilsThread] WARN  pipeline.RatisPipelineUtils (RatisPipelineUtils.java:destroyPipeline(66)) - Pipeline destroy failed for pipeline=PipelineID=21608d1a-2997-47fb-85ec-7bd41c1e26fd dn=a355c4c2-cbce-4d32-ac2d-5d7efcc7e61b{ip: 192.168.69.81, host: pr-hdds-2109-6lgm5-4208394744, networkLocation: /default-rack, certSerialId: null}
2019-09-11 12:42:46,544 [grpc-default-executor-3] INFO  impl.RaftServerProxy (RaftServerProxy.java:remove(95)) - 608419ff-9e1e-46ed-b668-4d330b5fd69a: remove group-7BD41C1E26FD:null
2019-09-11 12:42:46,551 [RatisPipelineUtilsThread] WARN  pipeline.RatisPipelineUtils (RatisPipelineUtils.java:destroyPipeline(66)) - Pipeline destroy failed for pipeline=PipelineID=21608d1a-2997-47fb-85ec-7bd41c1e26fd dn=608419ff-9e1e-46ed-b668-4d330b5fd69a{ip: 192.168.69.81, host: pr-hdds-2109-6lgm5-4208394744, networkLocation: /default-rack, certSerialId: null}
2019-09-11 12:42:46,555 [grpc-default-executor-3] INFO  impl.RaftServerProxy (RaftServerProxy.java:remove(95)) - 5a49129c-fcc1-4df1-b4f9-e84c17474790: remove group-7BD41C1E26FD:null
2019-09-11 12:42:46,559 [RatisPipelineUtilsThread] WARN  pipeline.RatisPipelineUtils (RatisPipelineUtils.java:destroyPipeline(66)) - Pipeline destroy failed for pipeline=PipelineID=21608d1a-2997-47fb-85ec-7bd41c1e26fd dn=5a49129c-fcc1-4df1-b4f9-e84c17474790{ip: 192.168.69.81, host: pr-hdds-2109-6lgm5-4208394744, networkLocation: /default-rack, certSerialId: null}
2019-09-11 12:42:46,560 [RatisPipelineUtilsThread] ERROR pipeline.SCMPipelineManager (Scheduler.java:lambda$schedule$1(70)) - Destroy pipeline failed for pipeline:Pipeline[ Id: 21608d1a-2997-47fb-85ec-7bd41c1e26fd, Nodes: a355c4c2-cbce-4d32-ac2d-5d7efcc7e61b{ip: 192.168.69.81, host: pr-hdds-2109-6lgm5-4208394744, networkLocation: /default-rack, certSerialId: null}608419ff-9e1e-46ed-b668-4d330b5fd69a{ip: 192.168.69.81, host: pr-hdds-2109-6lgm5-4208394744, networkLocation: /default-rack, certSerialId: null}5a49129c-fcc1-4df1-b4f9-e84c17474790{ip: 192.168.69.81, host: pr-hdds-2109-6lgm5-4208394744, networkLocation: /default-rack, certSerialId: null}, Type:RATIS, Factor:THREE, State:CLOSED]
org.apache.hadoop.hdds.scm.pipeline.PipelineNotFoundException: PipelineID=21608d1a-2997-47fb-85ec-7bd41c1e26fd not found
	at org.apache.hadoop.hdds.scm.pipeline.PipelineStateMap.getPipeline(PipelineStateMap.java:132)
	at org.apache.hadoop.hdds.scm.pipeline.PipelineStateMap.removePipeline(PipelineStateMap.java:322)
	at org.apache.hadoop.hdds.scm.pipeline.PipelineStateManager.removePipeline(PipelineStateManager.java:107)
	at org.apache.hadoop.hdds.scm.pipeline.SCMPipelineManager.removePipeline(SCMPipelineManager.java:423)
	at org.apache.hadoop.hdds.scm.pipeline.SCMPipelineManager.destroyPipeline(SCMPipelineManager.java:409)
	at org.apache.hadoop.hdds.scm.pipeline.SCMPipelineManager.lambda$finalizeAndDestroyPipeline$0(SCMPipelineManager.java:318)
	at org.apache.hadoop.utils.Scheduler.lambda$schedule$1(Scheduler.java:68)
	at java.util.concurrent.Executors$RunnableAdapter.call(Executors.java:511)
	at java.util.concurrent.FutureTask.run(FutureTask.java:266)
	at java.util.concurrent.ScheduledThreadPoolExecutor$ScheduledFutureTask.access$201(ScheduledThreadPoolExecutor.java:180)
	at java.util.concurrent.ScheduledThreadPoolExecutor$ScheduledFutureTask.run(ScheduledThreadPoolExecutor.java:293)
	at java.util.concurrent.ThreadPoolExecutor.runWorker(ThreadPoolExecutor.java:1149)
	at java.util.concurrent.ThreadPoolExecutor$Worker.run(ThreadPoolExecutor.java:624)
	at java.lang.Thread.run(Thread.java:748)
2019-09-11 12:42:46,686 [java.util.concurrent.ThreadPoolExecutor$Worker@734c62d3[State = -1, empty queue]] WARN  server.GrpcLogAppender (GrpcLogAppender.java:timeoutAppendRequest(200)) - d8e74394-a0bf-4ec3-a3ce-4740c71bd9b7@group-36481D5C2926->8533a49c-a60c-4c36-849a-1b71101d719e-GrpcLogAppender: appendEntries Timeout, request=d8e74394-a0bf-4ec3-a3ce-4740c71bd9b7->8533a49c-a60c-4c36-849a-1b71101d719e#98-t3, previous=(t:3, i:16), leaderCommit=10, initializing? false, entries: <empty>
2019-09-11 12:42:46,686 [java.util.concurrent.ThreadPoolExecutor$Worker@4e4300e[State = -1, empty queue]] WARN  server.GrpcLogAppender (GrpcLogAppender.java:timeoutAppendRequest(200)) - d8e74394-a0bf-4ec3-a3ce-4740c71bd9b7@group-36481D5C2926->f90b1bbc-0325-4fdc-bdda-dbac376593c0-GrpcLogAppender: appendEntries Timeout, request=d8e74394-a0bf-4ec3-a3ce-4740c71bd9b7->f90b1bbc-0325-4fdc-bdda-dbac376593c0#98-t3, previous=(t:3, i:16), leaderCommit=10, initializing? false, entries: <empty>
2019-09-11 12:42:48,535 [grpc-default-executor-0] INFO  impl.RaftServerProxy (RaftServerProxy.java:remove(95)) - a355c4c2-cbce-4d32-ac2d-5d7efcc7e61b: remove group-7BD41C1E26FD:null
2019-09-11 12:42:48,543 [RatisPipelineUtilsThread] WARN  pipeline.RatisPipelineUtils (RatisPipelineUtils.java:destroyPipeline(66)) - Pipeline destroy failed for pipeline=PipelineID=21608d1a-2997-47fb-85ec-7bd41c1e26fd dn=a355c4c2-cbce-4d32-ac2d-5d7efcc7e61b{ip: 192.168.69.81, host: pr-hdds-2109-6lgm5-4208394744, networkLocation: /default-rack, certSerialId: null}
2019-09-11 12:42:48,547 [grpc-default-executor-0] INFO  impl.RaftServerProxy (RaftServerProxy.java:remove(95)) - 608419ff-9e1e-46ed-b668-4d330b5fd69a: remove group-7BD41C1E26FD:null
2019-09-11 12:42:48,552 [RatisPipelineUtilsThread] WARN  pipeline.RatisPipelineUtils (RatisPipelineUtils.java:destroyPipeline(66)) - Pipeline destroy failed for pipeline=PipelineID=21608d1a-2997-47fb-85ec-7bd41c1e26fd dn=608419ff-9e1e-46ed-b668-4d330b5fd69a{ip: 192.168.69.81, host: pr-hdds-2109-6lgm5-4208394744, networkLocation: /default-rack, certSerialId: null}
2019-09-11 12:42:48,555 [grpc-default-executor-0] INFO  impl.RaftServerProxy (RaftServerProxy.java:remove(95)) - 5a49129c-fcc1-4df1-b4f9-e84c17474790: remove group-7BD41C1E26FD:null
2019-09-11 12:42:48,560 [RatisPipelineUtilsThread] WARN  pipeline.RatisPipelineUtils (RatisPipelineUtils.java:destroyPipeline(66)) - Pipeline destroy failed for pipeline=PipelineID=21608d1a-2997-47fb-85ec-7bd41c1e26fd dn=5a49129c-fcc1-4df1-b4f9-e84c17474790{ip: 192.168.69.81, host: pr-hdds-2109-6lgm5-4208394744, networkLocation: /default-rack, certSerialId: null}
2019-09-11 12:42:48,561 [RatisPipelineUtilsThread] ERROR pipeline.SCMPipelineManager (Scheduler.java:lambda$schedule$1(70)) - Destroy pipeline failed for pipeline:Pipeline[ Id: 21608d1a-2997-47fb-85ec-7bd41c1e26fd, Nodes: a355c4c2-cbce-4d32-ac2d-5d7efcc7e61b{ip: 192.168.69.81, host: pr-hdds-2109-6lgm5-4208394744, networkLocation: /default-rack, certSerialId: null}608419ff-9e1e-46ed-b668-4d330b5fd69a{ip: 192.168.69.81, host: pr-hdds-2109-6lgm5-4208394744, networkLocation: /default-rack, certSerialId: null}5a49129c-fcc1-4df1-b4f9-e84c17474790{ip: 192.168.69.81, host: pr-hdds-2109-6lgm5-4208394744, networkLocation: /default-rack, certSerialId: null}, Type:RATIS, Factor:THREE, State:CLOSED]
org.apache.hadoop.hdds.scm.pipeline.PipelineNotFoundException: PipelineID=21608d1a-2997-47fb-85ec-7bd41c1e26fd not found
	at org.apache.hadoop.hdds.scm.pipeline.PipelineStateMap.getPipeline(PipelineStateMap.java:132)
	at org.apache.hadoop.hdds.scm.pipeline.PipelineStateMap.removePipeline(PipelineStateMap.java:322)
	at org.apache.hadoop.hdds.scm.pipeline.PipelineStateManager.removePipeline(PipelineStateManager.java:107)
	at org.apache.hadoop.hdds.scm.pipeline.SCMPipelineManager.removePipeline(SCMPipelineManager.java:423)
	at org.apache.hadoop.hdds.scm.pipeline.SCMPipelineManager.destroyPipeline(SCMPipelineManager.java:409)
	at org.apache.hadoop.hdds.scm.pipeline.SCMPipelineManager.lambda$finalizeAndDestroyPipeline$0(SCMPipelineManager.java:318)
	at org.apache.hadoop.utils.Scheduler.lambda$schedule$1(Scheduler.java:68)
	at java.util.concurrent.Executors$RunnableAdapter.call(Executors.java:511)
	at java.util.concurrent.FutureTask.run(FutureTask.java:266)
	at java.util.concurrent.ScheduledThreadPoolExecutor$ScheduledFutureTask.access$201(ScheduledThreadPoolExecutor.java:180)
	at java.util.concurrent.ScheduledThreadPoolExecutor$ScheduledFutureTask.run(ScheduledThreadPoolExecutor.java:293)
	at java.util.concurrent.ThreadPoolExecutor.runWorker(ThreadPoolExecutor.java:1149)
	at java.util.concurrent.ThreadPoolExecutor$Worker.run(ThreadPoolExecutor.java:624)
	at java.lang.Thread.run(Thread.java:748)
2019-09-11 12:42:48,836 [grpc-default-executor-0] INFO  client.GrpcClientProtocolClient (GrpcClientProtocolClient.java:onNext(264)) - client-F2C6077FCB6C->f90b1bbc-0325-4fdc-bdda-dbac376593c0: receive RaftClientReply:client-F2C6077FCB6C->f90b1bbc-0325-4fdc-bdda-dbac376593c0@group-36481D5C2926, cid=44, FAILED org.apache.ratis.protocol.NotLeaderException: Server f90b1bbc-0325-4fdc-bdda-dbac376593c0@group-36481D5C2926 is not the leader d8e74394-a0bf-4ec3-a3ce-4740c71bd9b7:192.168.69.81:43465, logIndex=0, commits[f90b1bbc-0325-4fdc-bdda-dbac376593c0:c10, d8e74394-a0bf-4ec3-a3ce-4740c71bd9b7:c10, 8533a49c-a60c-4c36-849a-1b71101d719e:c10]
2019-09-11 12:42:48,848 [8533a49c-a60c-4c36-849a-1b71101d719e@group-36481D5C2926-SegmentedRaftLogWorker] WARN  segmented.SegmentedRaftLogWorker (SegmentedRaftLogWorker.java:getFromFuture(90)) - Timeout 1/~
org.apache.ratis.protocol.TimeoutIOException: Timeout 10s: WriteLog:12: (t:3, i:12), STATEMACHINELOGENTRY, client-F2C6077FCB6C, cid=45-writeStateMachineData
	at org.apache.ratis.util.IOUtils.getFromFuture(IOUtils.java:87)
	at org.apache.ratis.server.raftlog.segmented.SegmentedRaftLogWorker$StateMachineDataPolicy.getFromFuture(SegmentedRaftLogWorker.java:87)
	at org.apache.ratis.server.raftlog.segmented.SegmentedRaftLogWorker$WriteLog.execute(SegmentedRaftLogWorker.java:477)
	at org.apache.ratis.server.raftlog.segmented.SegmentedRaftLogWorker.run(SegmentedRaftLogWorker.java:289)
	at java.lang.Thread.run(Thread.java:748)
Caused by: java.util.concurrent.TimeoutException
	at java.util.concurrent.CompletableFuture.timedGet(CompletableFuture.java:1771)
	at java.util.concurrent.CompletableFuture.get(CompletableFuture.java:1915)
	at org.apache.ratis.util.IOUtils.getFromFuture(IOUtils.java:79)
	... 4 more
2019-09-11 12:42:48,848 [f90b1bbc-0325-4fdc-bdda-dbac376593c0@group-36481D5C2926-SegmentedRaftLogWorker] WARN  segmented.SegmentedRaftLogWorker (SegmentedRaftLogWorker.java:getFromFuture(90)) - Timeout 1/~
org.apache.ratis.protocol.TimeoutIOException: Timeout 10s: WriteLog:12: (t:3, i:12), STATEMACHINELOGENTRY, client-F2C6077FCB6C, cid=45-writeStateMachineData
	at org.apache.ratis.util.IOUtils.getFromFuture(IOUtils.java:87)
	at org.apache.ratis.server.raftlog.segmented.SegmentedRaftLogWorker$StateMachineDataPolicy.getFromFuture(SegmentedRaftLogWorker.java:87)
	at org.apache.ratis.server.raftlog.segmented.SegmentedRaftLogWorker$WriteLog.execute(SegmentedRaftLogWorker.java:477)
	at org.apache.ratis.server.raftlog.segmented.SegmentedRaftLogWorker.run(SegmentedRaftLogWorker.java:289)
	at java.lang.Thread.run(Thread.java:748)
Caused by: java.util.concurrent.TimeoutException
	at java.util.concurrent.CompletableFuture.timedGet(CompletableFuture.java:1771)
	at java.util.concurrent.CompletableFuture.get(CompletableFuture.java:1915)
	at org.apache.ratis.util.IOUtils.getFromFuture(IOUtils.java:79)
	... 4 more
2019-09-11 12:42:48,848 [d8e74394-a0bf-4ec3-a3ce-4740c71bd9b7@group-36481D5C2926-SegmentedRaftLogWorker] WARN  segmented.SegmentedRaftLogWorker (SegmentedRaftLogWorker.java:getFromFuture(90)) - Timeout 1/~
org.apache.ratis.protocol.TimeoutIOException: Timeout 10s: WriteLog:12: (t:3, i:12), STATEMACHINELOGENTRY, client-F2C6077FCB6C, cid=45-writeStateMachineData
	at org.apache.ratis.util.IOUtils.getFromFuture(IOUtils.java:87)
	at org.apache.ratis.server.raftlog.segmented.SegmentedRaftLogWorker$StateMachineDataPolicy.getFromFuture(SegmentedRaftLogWorker.java:87)
	at org.apache.ratis.server.raftlog.segmented.SegmentedRaftLogWorker$WriteLog.execute(SegmentedRaftLogWorker.java:477)
	at org.apache.ratis.server.raftlog.segmented.SegmentedRaftLogWorker.run(SegmentedRaftLogWorker.java:289)
	at java.lang.Thread.run(Thread.java:748)
Caused by: java.util.concurrent.TimeoutException
	at java.util.concurrent.CompletableFuture.timedGet(CompletableFuture.java:1771)
	at java.util.concurrent.CompletableFuture.get(CompletableFuture.java:1915)
	at org.apache.ratis.util.IOUtils.getFromFuture(IOUtils.java:79)
	... 4 more
2019-09-11 12:42:49,187 [java.util.concurrent.ThreadPoolExecutor$Worker@734c62d3[State = -1, empty queue]] WARN  server.GrpcLogAppender (GrpcLogAppender.java:timeoutAppendRequest(200)) - d8e74394-a0bf-4ec3-a3ce-4740c71bd9b7@group-36481D5C2926->8533a49c-a60c-4c36-849a-1b71101d719e-GrpcLogAppender: appendEntries Timeout, request=d8e74394-a0bf-4ec3-a3ce-4740c71bd9b7->8533a49c-a60c-4c36-849a-1b71101d719e#99-t3, previous=(t:3, i:16), leaderCommit=10, initializing? false, entries: <empty>
2019-09-11 12:42:49,187 [java.util.concurrent.ThreadPoolExecutor$Worker@4e4300e[State = -1, empty queue]] WARN  server.GrpcLogAppender (GrpcLogAppender.java:timeoutAppendRequest(200)) - d8e74394-a0bf-4ec3-a3ce-4740c71bd9b7@group-36481D5C2926->f90b1bbc-0325-4fdc-bdda-dbac376593c0-GrpcLogAppender: appendEntries Timeout, request=d8e74394-a0bf-4ec3-a3ce-4740c71bd9b7->f90b1bbc-0325-4fdc-bdda-dbac376593c0#99-t3, previous=(t:3, i:16), leaderCommit=10, initializing? false, entries: <empty>
2019-09-11 12:42:51,533 [grpc-default-executor-4] INFO  impl.RaftServerProxy (RaftServerProxy.java:remove(95)) - a355c4c2-cbce-4d32-ac2d-5d7efcc7e61b: remove group-7BD41C1E26FD:null
2019-09-11 12:42:51,539 [RatisPipelineUtilsThread] WARN  pipeline.RatisPipelineUtils (RatisPipelineUtils.java:destroyPipeline(66)) - Pipeline destroy failed for pipeline=PipelineID=21608d1a-2997-47fb-85ec-7bd41c1e26fd dn=a355c4c2-cbce-4d32-ac2d-5d7efcc7e61b{ip: 192.168.69.81, host: pr-hdds-2109-6lgm5-4208394744, networkLocation: /default-rack, certSerialId: null}
2019-09-11 12:42:51,543 [grpc-default-executor-4] INFO  impl.RaftServerProxy (RaftServerProxy.java:remove(95)) - 608419ff-9e1e-46ed-b668-4d330b5fd69a: remove group-7BD41C1E26FD:null
2019-09-11 12:42:51,549 [RatisPipelineUtilsThread] WARN  pipeline.RatisPipelineUtils (RatisPipelineUtils.java:destroyPipeline(66)) - Pipeline destroy failed for pipeline=PipelineID=21608d1a-2997-47fb-85ec-7bd41c1e26fd dn=608419ff-9e1e-46ed-b668-4d330b5fd69a{ip: 192.168.69.81, host: pr-hdds-2109-6lgm5-4208394744, networkLocation: /default-rack, certSerialId: null}
2019-09-11 12:42:51,552 [grpc-default-executor-4] INFO  impl.RaftServerProxy (RaftServerProxy.java:remove(95)) - 5a49129c-fcc1-4df1-b4f9-e84c17474790: remove group-7BD41C1E26FD:null
2019-09-11 12:42:51,556 [RatisPipelineUtilsThread] WARN  pipeline.RatisPipelineUtils (RatisPipelineUtils.java:destroyPipeline(66)) - Pipeline destroy failed for pipeline=PipelineID=21608d1a-2997-47fb-85ec-7bd41c1e26fd dn=5a49129c-fcc1-4df1-b4f9-e84c17474790{ip: 192.168.69.81, host: pr-hdds-2109-6lgm5-4208394744, networkLocation: /default-rack, certSerialId: null}
2019-09-11 12:42:51,556 [RatisPipelineUtilsThread] ERROR pipeline.SCMPipelineManager (Scheduler.java:lambda$schedule$1(70)) - Destroy pipeline failed for pipeline:Pipeline[ Id: 21608d1a-2997-47fb-85ec-7bd41c1e26fd, Nodes: a355c4c2-cbce-4d32-ac2d-5d7efcc7e61b{ip: 192.168.69.81, host: pr-hdds-2109-6lgm5-4208394744, networkLocation: /default-rack, certSerialId: null}608419ff-9e1e-46ed-b668-4d330b5fd69a{ip: 192.168.69.81, host: pr-hdds-2109-6lgm5-4208394744, networkLocation: /default-rack, certSerialId: null}5a49129c-fcc1-4df1-b4f9-e84c17474790{ip: 192.168.69.81, host: pr-hdds-2109-6lgm5-4208394744, networkLocation: /default-rack, certSerialId: null}, Type:RATIS, Factor:THREE, State:CLOSED]
org.apache.hadoop.hdds.scm.pipeline.PipelineNotFoundException: PipelineID=21608d1a-2997-47fb-85ec-7bd41c1e26fd not found
	at org.apache.hadoop.hdds.scm.pipeline.PipelineStateMap.getPipeline(PipelineStateMap.java:132)
	at org.apache.hadoop.hdds.scm.pipeline.PipelineStateMap.removePipeline(PipelineStateMap.java:322)
	at org.apache.hadoop.hdds.scm.pipeline.PipelineStateManager.removePipeline(PipelineStateManager.java:107)
	at org.apache.hadoop.hdds.scm.pipeline.SCMPipelineManager.removePipeline(SCMPipelineManager.java:423)
	at org.apache.hadoop.hdds.scm.pipeline.SCMPipelineManager.destroyPipeline(SCMPipelineManager.java:409)
	at org.apache.hadoop.hdds.scm.pipeline.SCMPipelineManager.lambda$finalizeAndDestroyPipeline$0(SCMPipelineManager.java:318)
	at org.apache.hadoop.utils.Scheduler.lambda$schedule$1(Scheduler.java:68)
	at java.util.concurrent.Executors$RunnableAdapter.call(Executors.java:511)
	at java.util.concurrent.FutureTask.run(FutureTask.java:266)
	at java.util.concurrent.ScheduledThreadPoolExecutor$ScheduledFutureTask.access$201(ScheduledThreadPoolExecutor.java:180)
	at java.util.concurrent.ScheduledThreadPoolExecutor$ScheduledFutureTask.run(ScheduledThreadPoolExecutor.java:293)
	at java.util.concurrent.ThreadPoolExecutor.runWorker(ThreadPoolExecutor.java:1149)
	at java.util.concurrent.ThreadPoolExecutor$Worker.run(ThreadPoolExecutor.java:624)
	at java.lang.Thread.run(Thread.java:748)
2019-09-11 12:42:51,687 [java.util.concurrent.ThreadPoolExecutor$Worker@734c62d3[State = -1, empty queue]] WARN  server.GrpcLogAppender (GrpcLogAppender.java:timeoutAppendRequest(200)) - d8e74394-a0bf-4ec3-a3ce-4740c71bd9b7@group-36481D5C2926->8533a49c-a60c-4c36-849a-1b71101d719e-GrpcLogAppender: appendEntries Timeout, request=d8e74394-a0bf-4ec3-a3ce-4740c71bd9b7->8533a49c-a60c-4c36-849a-1b71101d719e#100-t3, previous=(t:3, i:16), leaderCommit=10, initializing? false, entries: <empty>
2019-09-11 12:42:51,687 [java.util.concurrent.ThreadPoolExecutor$Worker@4e4300e[State = -1, empty queue]] WARN  server.GrpcLogAppender (GrpcLogAppender.java:timeoutAppendRequest(200)) - d8e74394-a0bf-4ec3-a3ce-4740c71bd9b7@group-36481D5C2926->f90b1bbc-0325-4fdc-bdda-dbac376593c0-GrpcLogAppender: appendEntries Timeout, request=d8e74394-a0bf-4ec3-a3ce-4740c71bd9b7->f90b1bbc-0325-4fdc-bdda-dbac376593c0#100-t3, previous=(t:3, i:16), leaderCommit=10, initializing? false, entries: <empty>
2019-09-11 12:42:53,532 [grpc-default-executor-0] INFO  impl.RaftServerProxy (RaftServerProxy.java:remove(95)) - a355c4c2-cbce-4d32-ac2d-5d7efcc7e61b: remove group-7BD41C1E26FD:null
2019-09-11 12:42:53,543 [RatisPipelineUtilsThread] WARN  pipeline.RatisPipelineUtils (RatisPipelineUtils.java:destroyPipeline(66)) - Pipeline destroy failed for pipeline=PipelineID=21608d1a-2997-47fb-85ec-7bd41c1e26fd dn=a355c4c2-cbce-4d32-ac2d-5d7efcc7e61b{ip: 192.168.69.81, host: pr-hdds-2109-6lgm5-4208394744, networkLocation: /default-rack, certSerialId: null}
2019-09-11 12:42:53,546 [grpc-default-executor-0] INFO  impl.RaftServerProxy (RaftServerProxy.java:remove(95)) - 608419ff-9e1e-46ed-b668-4d330b5fd69a: remove group-7BD41C1E26FD:null
2019-09-11 12:42:53,564 [RatisPipelineUtilsThread] WARN  pipeline.RatisPipelineUtils (RatisPipelineUtils.java:destroyPipeline(66)) - Pipeline destroy failed for pipeline=PipelineID=21608d1a-2997-47fb-85ec-7bd41c1e26fd dn=608419ff-9e1e-46ed-b668-4d330b5fd69a{ip: 192.168.69.81, host: pr-hdds-2109-6lgm5-4208394744, networkLocation: /default-rack, certSerialId: null}
2019-09-11 12:42:53,567 [grpc-default-executor-0] INFO  impl.RaftServerProxy (RaftServerProxy.java:remove(95)) - 5a49129c-fcc1-4df1-b4f9-e84c17474790: remove group-7BD41C1E26FD:null
2019-09-11 12:42:53,569 [RatisPipelineUtilsThread] WARN  pipeline.RatisPipelineUtils (RatisPipelineUtils.java:destroyPipeline(66)) - Pipeline destroy failed for pipeline=PipelineID=21608d1a-2997-47fb-85ec-7bd41c1e26fd dn=5a49129c-fcc1-4df1-b4f9-e84c17474790{ip: 192.168.69.81, host: pr-hdds-2109-6lgm5-4208394744, networkLocation: /default-rack, certSerialId: null}
2019-09-11 12:42:53,570 [RatisPipelineUtilsThread] ERROR pipeline.SCMPipelineManager (Scheduler.java:lambda$schedule$1(70)) - Destroy pipeline failed for pipeline:Pipeline[ Id: 21608d1a-2997-47fb-85ec-7bd41c1e26fd, Nodes: a355c4c2-cbce-4d32-ac2d-5d7efcc7e61b{ip: 192.168.69.81, host: pr-hdds-2109-6lgm5-4208394744, networkLocation: /default-rack, certSerialId: null}608419ff-9e1e-46ed-b668-4d330b5fd69a{ip: 192.168.69.81, host: pr-hdds-2109-6lgm5-4208394744, networkLocation: /default-rack, certSerialId: null}5a49129c-fcc1-4df1-b4f9-e84c17474790{ip: 192.168.69.81, host: pr-hdds-2109-6lgm5-4208394744, networkLocation: /default-rack, certSerialId: null}, Type:RATIS, Factor:THREE, State:CLOSED]
org.apache.hadoop.hdds.scm.pipeline.PipelineNotFoundException: PipelineID=21608d1a-2997-47fb-85ec-7bd41c1e26fd not found
	at org.apache.hadoop.hdds.scm.pipeline.PipelineStateMap.getPipeline(PipelineStateMap.java:132)
	at org.apache.hadoop.hdds.scm.pipeline.PipelineStateMap.removePipeline(PipelineStateMap.java:322)
	at org.apache.hadoop.hdds.scm.pipeline.PipelineStateManager.removePipeline(PipelineStateManager.java:107)
	at org.apache.hadoop.hdds.scm.pipeline.SCMPipelineManager.removePipeline(SCMPipelineManager.java:423)
	at org.apache.hadoop.hdds.scm.pipeline.SCMPipelineManager.destroyPipeline(SCMPipelineManager.java:409)
	at org.apache.hadoop.hdds.scm.pipeline.SCMPipelineManager.lambda$finalizeAndDestroyPipeline$0(SCMPipelineManager.java:318)
	at org.apache.hadoop.utils.Scheduler.lambda$schedule$1(Scheduler.java:68)
	at java.util.concurrent.Executors$RunnableAdapter.call(Executors.java:511)
	at java.util.concurrent.FutureTask.run(FutureTask.java:266)
	at java.util.concurrent.ScheduledThreadPoolExecutor$ScheduledFutureTask.access$201(ScheduledThreadPoolExecutor.java:180)
	at java.util.concurrent.ScheduledThreadPoolExecutor$ScheduledFutureTask.run(ScheduledThreadPoolExecutor.java:293)
	at java.util.concurrent.ThreadPoolExecutor.runWorker(ThreadPoolExecutor.java:1149)
	at java.util.concurrent.ThreadPoolExecutor$Worker.run(ThreadPoolExecutor.java:624)
	at java.lang.Thread.run(Thread.java:748)
2019-09-11 12:42:53,873 [grpc-default-executor-0] INFO  client.GrpcClientProtocolClient (GrpcClientProtocolClient.java:onNext(264)) - client-F2C6077FCB6C->f90b1bbc-0325-4fdc-bdda-dbac376593c0: receive RaftClientReply:client-F2C6077FCB6C->f90b1bbc-0325-4fdc-bdda-dbac376593c0@group-36481D5C2926, cid=44, FAILED org.apache.ratis.protocol.NotLeaderException: Server f90b1bbc-0325-4fdc-bdda-dbac376593c0@group-36481D5C2926 is not the leader d8e74394-a0bf-4ec3-a3ce-4740c71bd9b7:192.168.69.81:43465, logIndex=0, commits[f90b1bbc-0325-4fdc-bdda-dbac376593c0:c10, d8e74394-a0bf-4ec3-a3ce-4740c71bd9b7:c10, 8533a49c-a60c-4c36-849a-1b71101d719e:c10]
2019-09-11 12:42:54,187 [java.util.concurrent.ThreadPoolExecutor$Worker@4e4300e[State = -1, empty queue]] WARN  server.GrpcLogAppender (GrpcLogAppender.java:timeoutAppendRequest(200)) - d8e74394-a0bf-4ec3-a3ce-4740c71bd9b7@group-36481D5C2926->f90b1bbc-0325-4fdc-bdda-dbac376593c0-GrpcLogAppender: appendEntries Timeout, request=d8e74394-a0bf-4ec3-a3ce-4740c71bd9b7->f90b1bbc-0325-4fdc-bdda-dbac376593c0#101-t3, previous=(t:3, i:16), leaderCommit=10, initializing? false, entries: <empty>
2019-09-11 12:42:54,187 [java.util.concurrent.ThreadPoolExecutor$Worker@734c62d3[State = -1, empty queue]] WARN  server.GrpcLogAppender (GrpcLogAppender.java:timeoutAppendRequest(200)) - d8e74394-a0bf-4ec3-a3ce-4740c71bd9b7@group-36481D5C2926->8533a49c-a60c-4c36-849a-1b71101d719e-GrpcLogAppender: appendEntries Timeout, request=d8e74394-a0bf-4ec3-a3ce-4740c71bd9b7->8533a49c-a60c-4c36-849a-1b71101d719e#101-t3, previous=(t:3, i:16), leaderCommit=10, initializing? false, entries: <empty>
2019-09-11 12:42:56,534 [grpc-default-executor-4] INFO  impl.RaftServerProxy (RaftServerProxy.java:remove(95)) - a355c4c2-cbce-4d32-ac2d-5d7efcc7e61b: remove group-7BD41C1E26FD:null
2019-09-11 12:42:56,539 [RatisPipelineUtilsThread] WARN  pipeline.RatisPipelineUtils (RatisPipelineUtils.java:destroyPipeline(66)) - Pipeline destroy failed for pipeline=PipelineID=21608d1a-2997-47fb-85ec-7bd41c1e26fd dn=a355c4c2-cbce-4d32-ac2d-5d7efcc7e61b{ip: 192.168.69.81, host: pr-hdds-2109-6lgm5-4208394744, networkLocation: /default-rack, certSerialId: null}
2019-09-11 12:42:56,542 [grpc-default-executor-4] INFO  impl.RaftServerProxy (RaftServerProxy.java:remove(95)) - 608419ff-9e1e-46ed-b668-4d330b5fd69a: remove group-7BD41C1E26FD:null
2019-09-11 12:42:56,545 [RatisPipelineUtilsThread] WARN  pipeline.RatisPipelineUtils (RatisPipelineUtils.java:destroyPipeline(66)) - Pipeline destroy failed for pipeline=PipelineID=21608d1a-2997-47fb-85ec-7bd41c1e26fd dn=608419ff-9e1e-46ed-b668-4d330b5fd69a{ip: 192.168.69.81, host: pr-hdds-2109-6lgm5-4208394744, networkLocation: /default-rack, certSerialId: null}
2019-09-11 12:42:56,548 [grpc-default-executor-4] INFO  impl.RaftServerProxy (RaftServerProxy.java:remove(95)) - 5a49129c-fcc1-4df1-b4f9-e84c17474790: remove group-7BD41C1E26FD:null
2019-09-11 12:42:56,551 [RatisPipelineUtilsThread] WARN  pipeline.RatisPipelineUtils (RatisPipelineUtils.java:destroyPipeline(66)) - Pipeline destroy failed for pipeline=PipelineID=21608d1a-2997-47fb-85ec-7bd41c1e26fd dn=5a49129c-fcc1-4df1-b4f9-e84c17474790{ip: 192.168.69.81, host: pr-hdds-2109-6lgm5-4208394744, networkLocation: /default-rack, certSerialId: null}
2019-09-11 12:42:56,552 [RatisPipelineUtilsThread] ERROR pipeline.SCMPipelineManager (Scheduler.java:lambda$schedule$1(70)) - Destroy pipeline failed for pipeline:Pipeline[ Id: 21608d1a-2997-47fb-85ec-7bd41c1e26fd, Nodes: a355c4c2-cbce-4d32-ac2d-5d7efcc7e61b{ip: 192.168.69.81, host: pr-hdds-2109-6lgm5-4208394744, networkLocation: /default-rack, certSerialId: null}608419ff-9e1e-46ed-b668-4d330b5fd69a{ip: 192.168.69.81, host: pr-hdds-2109-6lgm5-4208394744, networkLocation: /default-rack, certSerialId: null}5a49129c-fcc1-4df1-b4f9-e84c17474790{ip: 192.168.69.81, host: pr-hdds-2109-6lgm5-4208394744, networkLocation: /default-rack, certSerialId: null}, Type:RATIS, Factor:THREE, State:CLOSED]
org.apache.hadoop.hdds.scm.pipeline.PipelineNotFoundException: PipelineID=21608d1a-2997-47fb-85ec-7bd41c1e26fd not found
	at org.apache.hadoop.hdds.scm.pipeline.PipelineStateMap.getPipeline(PipelineStateMap.java:132)
	at org.apache.hadoop.hdds.scm.pipeline.PipelineStateMap.removePipeline(PipelineStateMap.java:322)
	at org.apache.hadoop.hdds.scm.pipeline.PipelineStateManager.removePipeline(PipelineStateManager.java:107)
	at org.apache.hadoop.hdds.scm.pipeline.SCMPipelineManager.removePipeline(SCMPipelineManager.java:423)
	at org.apache.hadoop.hdds.scm.pipeline.SCMPipelineManager.destroyPipeline(SCMPipelineManager.java:409)
	at org.apache.hadoop.hdds.scm.pipeline.SCMPipelineManager.lambda$finalizeAndDestroyPipeline$0(SCMPipelineManager.java:318)
	at org.apache.hadoop.utils.Scheduler.lambda$schedule$1(Scheduler.java:68)
	at java.util.concurrent.Executors$RunnableAdapter.call(Executors.java:511)
	at java.util.concurrent.FutureTask.run(FutureTask.java:266)
	at java.util.concurrent.ScheduledThreadPoolExecutor$ScheduledFutureTask.access$201(ScheduledThreadPoolExecutor.java:180)
	at java.util.concurrent.ScheduledThreadPoolExecutor$ScheduledFutureTask.run(ScheduledThreadPoolExecutor.java:293)
	at java.util.concurrent.ThreadPoolExecutor.runWorker(ThreadPoolExecutor.java:1149)
	at java.util.concurrent.ThreadPoolExecutor$Worker.run(ThreadPoolExecutor.java:624)
	at java.lang.Thread.run(Thread.java:748)
2019-09-11 12:42:56,688 [java.util.concurrent.ThreadPoolExecutor$Worker@4e4300e[State = -1, empty queue]] WARN  server.GrpcLogAppender (GrpcLogAppender.java:timeoutAppendRequest(200)) - d8e74394-a0bf-4ec3-a3ce-4740c71bd9b7@group-36481D5C2926->f90b1bbc-0325-4fdc-bdda-dbac376593c0-GrpcLogAppender: appendEntries Timeout, request=d8e74394-a0bf-4ec3-a3ce-4740c71bd9b7->f90b1bbc-0325-4fdc-bdda-dbac376593c0#102-t3, previous=(t:3, i:16), leaderCommit=10, initializing? false, entries: <empty>
2019-09-11 12:42:56,688 [java.util.concurrent.ThreadPoolExecutor$Worker@734c62d3[State = -1, empty queue]] WARN  server.GrpcLogAppender (GrpcLogAppender.java:timeoutAppendRequest(200)) - d8e74394-a0bf-4ec3-a3ce-4740c71bd9b7@group-36481D5C2926->8533a49c-a60c-4c36-849a-1b71101d719e-GrpcLogAppender: appendEntries Timeout, request=d8e74394-a0bf-4ec3-a3ce-4740c71bd9b7->8533a49c-a60c-4c36-849a-1b71101d719e#102-t3, previous=(t:3, i:16), leaderCommit=10, initializing? false, entries: <empty>
2019-09-11 12:42:58,532 [grpc-default-executor-0] INFO  impl.RaftServerProxy (RaftServerProxy.java:remove(95)) - a355c4c2-cbce-4d32-ac2d-5d7efcc7e61b: remove group-7BD41C1E26FD:null
2019-09-11 12:42:58,536 [RatisPipelineUtilsThread] WARN  pipeline.RatisPipelineUtils (RatisPipelineUtils.java:destroyPipeline(66)) - Pipeline destroy failed for pipeline=PipelineID=21608d1a-2997-47fb-85ec-7bd41c1e26fd dn=a355c4c2-cbce-4d32-ac2d-5d7efcc7e61b{ip: 192.168.69.81, host: pr-hdds-2109-6lgm5-4208394744, networkLocation: /default-rack, certSerialId: null}
2019-09-11 12:42:58,539 [grpc-default-executor-0] INFO  impl.RaftServerProxy (RaftServerProxy.java:remove(95)) - 608419ff-9e1e-46ed-b668-4d330b5fd69a: remove group-7BD41C1E26FD:null
2019-09-11 12:42:58,542 [RatisPipelineUtilsThread] WARN  pipeline.RatisPipelineUtils (RatisPipelineUtils.java:destroyPipeline(66)) - Pipeline destroy failed for pipeline=PipelineID=21608d1a-2997-47fb-85ec-7bd41c1e26fd dn=608419ff-9e1e-46ed-b668-4d330b5fd69a{ip: 192.168.69.81, host: pr-hdds-2109-6lgm5-4208394744, networkLocation: /default-rack, certSerialId: null}
2019-09-11 12:42:58,546 [grpc-default-executor-0] INFO  impl.RaftServerProxy (RaftServerProxy.java:remove(95)) - 5a49129c-fcc1-4df1-b4f9-e84c17474790: remove group-7BD41C1E26FD:null
2019-09-11 12:42:58,548 [RatisPipelineUtilsThread] WARN  pipeline.RatisPipelineUtils (RatisPipelineUtils.java:destroyPipeline(66)) - Pipeline destroy failed for pipeline=PipelineID=21608d1a-2997-47fb-85ec-7bd41c1e26fd dn=5a49129c-fcc1-4df1-b4f9-e84c17474790{ip: 192.168.69.81, host: pr-hdds-2109-6lgm5-4208394744, networkLocation: /default-rack, certSerialId: null}
2019-09-11 12:42:58,548 [RatisPipelineUtilsThread] ERROR pipeline.SCMPipelineManager (Scheduler.java:lambda$schedule$1(70)) - Destroy pipeline failed for pipeline:Pipeline[ Id: 21608d1a-2997-47fb-85ec-7bd41c1e26fd, Nodes: a355c4c2-cbce-4d32-ac2d-5d7efcc7e61b{ip: 192.168.69.81, host: pr-hdds-2109-6lgm5-4208394744, networkLocation: /default-rack, certSerialId: null}608419ff-9e1e-46ed-b668-4d330b5fd69a{ip: 192.168.69.81, host: pr-hdds-2109-6lgm5-4208394744, networkLocation: /default-rack, certSerialId: null}5a49129c-fcc1-4df1-b4f9-e84c17474790{ip: 192.168.69.81, host: pr-hdds-2109-6lgm5-4208394744, networkLocation: /default-rack, certSerialId: null}, Type:RATIS, Factor:THREE, State:CLOSED]
org.apache.hadoop.hdds.scm.pipeline.PipelineNotFoundException: PipelineID=21608d1a-2997-47fb-85ec-7bd41c1e26fd not found
	at org.apache.hadoop.hdds.scm.pipeline.PipelineStateMap.getPipeline(PipelineStateMap.java:132)
	at org.apache.hadoop.hdds.scm.pipeline.PipelineStateMap.removePipeline(PipelineStateMap.java:322)
	at org.apache.hadoop.hdds.scm.pipeline.PipelineStateManager.removePipeline(PipelineStateManager.java:107)
	at org.apache.hadoop.hdds.scm.pipeline.SCMPipelineManager.removePipeline(SCMPipelineManager.java:423)
	at org.apache.hadoop.hdds.scm.pipeline.SCMPipelineManager.destroyPipeline(SCMPipelineManager.java:409)
	at org.apache.hadoop.hdds.scm.pipeline.SCMPipelineManager.lambda$finalizeAndDestroyPipeline$0(SCMPipelineManager.java:318)
	at org.apache.hadoop.utils.Scheduler.lambda$schedule$1(Scheduler.java:68)
	at java.util.concurrent.Executors$RunnableAdapter.call(Executors.java:511)
	at java.util.concurrent.FutureTask.run(FutureTask.java:266)
	at java.util.concurrent.ScheduledThreadPoolExecutor$ScheduledFutureTask.access$201(ScheduledThreadPoolExecutor.java:180)
	at java.util.concurrent.ScheduledThreadPoolExecutor$ScheduledFutureTask.run(ScheduledThreadPoolExecutor.java:293)
	at java.util.concurrent.ThreadPoolExecutor.runWorker(ThreadPoolExecutor.java:1149)
	at java.util.concurrent.ThreadPoolExecutor$Worker.run(ThreadPoolExecutor.java:624)
	at java.lang.Thread.run(Thread.java:748)
2019-09-11 12:42:58,851 [8533a49c-a60c-4c36-849a-1b71101d719e@group-36481D5C2926-SegmentedRaftLogWorker] WARN  segmented.SegmentedRaftLogWorker (SegmentedRaftLogWorker.java:getFromFuture(90)) - Timeout 2/~
org.apache.ratis.protocol.TimeoutIOException: Timeout 10s: WriteLog:12: (t:3, i:12), STATEMACHINELOGENTRY, client-F2C6077FCB6C, cid=45-writeStateMachineData
	at org.apache.ratis.util.IOUtils.getFromFuture(IOUtils.java:87)
	at org.apache.ratis.server.raftlog.segmented.SegmentedRaftLogWorker$StateMachineDataPolicy.getFromFuture(SegmentedRaftLogWorker.java:87)
	at org.apache.ratis.server.raftlog.segmented.SegmentedRaftLogWorker$WriteLog.execute(SegmentedRaftLogWorker.java:477)
	at org.apache.ratis.server.raftlog.segmented.SegmentedRaftLogWorker.run(SegmentedRaftLogWorker.java:289)
	at java.lang.Thread.run(Thread.java:748)
Caused by: java.util.concurrent.TimeoutException
	at java.util.concurrent.CompletableFuture.timedGet(CompletableFuture.java:1771)
	at java.util.concurrent.CompletableFuture.get(CompletableFuture.java:1915)
	at org.apache.ratis.util.IOUtils.getFromFuture(IOUtils.java:79)
	... 4 more
2019-09-11 12:42:58,852 [f90b1bbc-0325-4fdc-bdda-dbac376593c0@group-36481D5C2926-SegmentedRaftLogWorker] WARN  segmented.SegmentedRaftLogWorker (SegmentedRaftLogWorker.java:getFromFuture(90)) - Timeout 2/~
org.apache.ratis.protocol.TimeoutIOException: Timeout 10s: WriteLog:12: (t:3, i:12), STATEMACHINELOGENTRY, client-F2C6077FCB6C, cid=45-writeStateMachineData
	at org.apache.ratis.util.IOUtils.getFromFuture(IOUtils.java:87)
	at org.apache.ratis.server.raftlog.segmented.SegmentedRaftLogWorker$StateMachineDataPolicy.getFromFuture(SegmentedRaftLogWorker.java:87)
	at org.apache.ratis.server.raftlog.segmented.SegmentedRaftLogWorker$WriteLog.execute(SegmentedRaftLogWorker.java:477)
	at org.apache.ratis.server.raftlog.segmented.SegmentedRaftLogWorker.run(SegmentedRaftLogWorker.java:289)
	at java.lang.Thread.run(Thread.java:748)
Caused by: java.util.concurrent.TimeoutException
	at java.util.concurrent.CompletableFuture.timedGet(CompletableFuture.java:1771)
	at java.util.concurrent.CompletableFuture.get(CompletableFuture.java:1915)
	at org.apache.ratis.util.IOUtils.getFromFuture(IOUtils.java:79)
	... 4 more
2019-09-11 12:42:58,853 [d8e74394-a0bf-4ec3-a3ce-4740c71bd9b7@group-36481D5C2926-SegmentedRaftLogWorker] WARN  segmented.SegmentedRaftLogWorker (SegmentedRaftLogWorker.java:getFromFuture(90)) - Timeout 2/~
org.apache.ratis.protocol.TimeoutIOException: Timeout 10s: WriteLog:12: (t:3, i:12), STATEMACHINELOGENTRY, client-F2C6077FCB6C, cid=45-writeStateMachineData
	at org.apache.ratis.util.IOUtils.getFromFuture(IOUtils.java:87)
	at org.apache.ratis.server.raftlog.segmented.SegmentedRaftLogWorker$StateMachineDataPolicy.getFromFuture(SegmentedRaftLogWorker.java:87)
	at org.apache.ratis.server.raftlog.segmented.SegmentedRaftLogWorker$WriteLog.execute(SegmentedRaftLogWorker.java:477)
	at org.apache.ratis.server.raftlog.segmented.SegmentedRaftLogWorker.run(SegmentedRaftLogWorker.java:289)
	at java.lang.Thread.run(Thread.java:748)
Caused by: java.util.concurrent.TimeoutException
	at java.util.concurrent.CompletableFuture.timedGet(CompletableFuture.java:1771)
	at java.util.concurrent.CompletableFuture.get(CompletableFuture.java:1915)
	at org.apache.ratis.util.IOUtils.getFromFuture(IOUtils.java:79)
	... 4 more
2019-09-11 12:42:58,904 [grpc-default-executor-0] INFO  client.GrpcClientProtocolClient (GrpcClientProtocolClient.java:onNext(264)) - client-F2C6077FCB6C->f90b1bbc-0325-4fdc-bdda-dbac376593c0: receive RaftClientReply:client-F2C6077FCB6C->f90b1bbc-0325-4fdc-bdda-dbac376593c0@group-36481D5C2926, cid=44, FAILED org.apache.ratis.protocol.NotLeaderException: Server f90b1bbc-0325-4fdc-bdda-dbac376593c0@group-36481D5C2926 is not the leader d8e74394-a0bf-4ec3-a3ce-4740c71bd9b7:192.168.69.81:43465, logIndex=0, commits[f90b1bbc-0325-4fdc-bdda-dbac376593c0:c10, d8e74394-a0bf-4ec3-a3ce-4740c71bd9b7:c10, 8533a49c-a60c-4c36-849a-1b71101d719e:c10]
2019-09-11 12:42:59,188 [java.util.concurrent.ThreadPoolExecutor$Worker@4e4300e[State = -1, empty queue]] WARN  server.GrpcLogAppender (GrpcLogAppender.java:timeoutAppendRequest(200)) - d8e74394-a0bf-4ec3-a3ce-4740c71bd9b7@group-36481D5C2926->f90b1bbc-0325-4fdc-bdda-dbac376593c0-GrpcLogAppender: appendEntries Timeout, request=d8e74394-a0bf-4ec3-a3ce-4740c71bd9b7->f90b1bbc-0325-4fdc-bdda-dbac376593c0#103-t3, previous=(t:3, i:16), leaderCommit=10, initializing? false, entries: <empty>
2019-09-11 12:42:59,188 [java.util.concurrent.ThreadPoolExecutor$Worker@734c62d3[State = -1, empty queue]] WARN  server.GrpcLogAppender (GrpcLogAppender.java:timeoutAppendRequest(200)) - d8e74394-a0bf-4ec3-a3ce-4740c71bd9b7@group-36481D5C2926->8533a49c-a60c-4c36-849a-1b71101d719e-GrpcLogAppender: appendEntries Timeout, request=d8e74394-a0bf-4ec3-a3ce-4740c71bd9b7->8533a49c-a60c-4c36-849a-1b71101d719e#103-t3, previous=(t:3, i:16), leaderCommit=10, initializing? false, entries: <empty>
2019-09-11 12:43:01,534 [grpc-default-executor-4] INFO  impl.RaftServerProxy (RaftServerProxy.java:remove(95)) - a355c4c2-cbce-4d32-ac2d-5d7efcc7e61b: remove group-7BD41C1E26FD:null
2019-09-11 12:43:01,537 [RatisPipelineUtilsThread] WARN  pipeline.RatisPipelineUtils (RatisPipelineUtils.java:destroyPipeline(66)) - Pipeline destroy failed for pipeline=PipelineID=21608d1a-2997-47fb-85ec-7bd41c1e26fd dn=a355c4c2-cbce-4d32-ac2d-5d7efcc7e61b{ip: 192.168.69.81, host: pr-hdds-2109-6lgm5-4208394744, networkLocation: /default-rack, certSerialId: null}
2019-09-11 12:43:01,541 [grpc-default-executor-4] INFO  impl.RaftServerProxy (RaftServerProxy.java:remove(95)) - 608419ff-9e1e-46ed-b668-4d330b5fd69a: remove group-7BD41C1E26FD:null
2019-09-11 12:43:01,543 [RatisPipelineUtilsThread] WARN  pipeline.RatisPipelineUtils (RatisPipelineUtils.java:destroyPipeline(66)) - Pipeline destroy failed for pipeline=PipelineID=21608d1a-2997-47fb-85ec-7bd41c1e26fd dn=608419ff-9e1e-46ed-b668-4d330b5fd69a{ip: 192.168.69.81, host: pr-hdds-2109-6lgm5-4208394744, networkLocation: /default-rack, certSerialId: null}
2019-09-11 12:43:01,545 [grpc-default-executor-4] INFO  impl.RaftServerProxy (RaftServerProxy.java:remove(95)) - 5a49129c-fcc1-4df1-b4f9-e84c17474790: remove group-7BD41C1E26FD:null
2019-09-11 12:43:01,547 [RatisPipelineUtilsThread] WARN  pipeline.RatisPipelineUtils (RatisPipelineUtils.java:destroyPipeline(66)) - Pipeline destroy failed for pipeline=PipelineID=21608d1a-2997-47fb-85ec-7bd41c1e26fd dn=5a49129c-fcc1-4df1-b4f9-e84c17474790{ip: 192.168.69.81, host: pr-hdds-2109-6lgm5-4208394744, networkLocation: /default-rack, certSerialId: null}
2019-09-11 12:43:01,547 [RatisPipelineUtilsThread] ERROR pipeline.SCMPipelineManager (Scheduler.java:lambda$schedule$1(70)) - Destroy pipeline failed for pipeline:Pipeline[ Id: 21608d1a-2997-47fb-85ec-7bd41c1e26fd, Nodes: a355c4c2-cbce-4d32-ac2d-5d7efcc7e61b{ip: 192.168.69.81, host: pr-hdds-2109-6lgm5-4208394744, networkLocation: /default-rack, certSerialId: null}608419ff-9e1e-46ed-b668-4d330b5fd69a{ip: 192.168.69.81, host: pr-hdds-2109-6lgm5-4208394744, networkLocation: /default-rack, certSerialId: null}5a49129c-fcc1-4df1-b4f9-e84c17474790{ip: 192.168.69.81, host: pr-hdds-2109-6lgm5-4208394744, networkLocation: /default-rack, certSerialId: null}, Type:RATIS, Factor:THREE, State:CLOSED]
org.apache.hadoop.hdds.scm.pipeline.PipelineNotFoundException: PipelineID=21608d1a-2997-47fb-85ec-7bd41c1e26fd not found
	at org.apache.hadoop.hdds.scm.pipeline.PipelineStateMap.getPipeline(PipelineStateMap.java:132)
	at org.apache.hadoop.hdds.scm.pipeline.PipelineStateMap.removePipeline(PipelineStateMap.java:322)
	at org.apache.hadoop.hdds.scm.pipeline.PipelineStateManager.removePipeline(PipelineStateManager.java:107)
	at org.apache.hadoop.hdds.scm.pipeline.SCMPipelineManager.removePipeline(SCMPipelineManager.java:423)
	at org.apache.hadoop.hdds.scm.pipeline.SCMPipelineManager.destroyPipeline(SCMPipelineManager.java:409)
	at org.apache.hadoop.hdds.scm.pipeline.SCMPipelineManager.lambda$finalizeAndDestroyPipeline$0(SCMPipelineManager.java:318)
	at org.apache.hadoop.utils.Scheduler.lambda$schedule$1(Scheduler.java:68)
	at java.util.concurrent.Executors$RunnableAdapter.call(Executors.java:511)
	at java.util.concurrent.FutureTask.run(FutureTask.java:266)
	at java.util.concurrent.ScheduledThreadPoolExecutor$ScheduledFutureTask.access$201(ScheduledThreadPoolExecutor.java:180)
	at java.util.concurrent.ScheduledThreadPoolExecutor$ScheduledFutureTask.run(ScheduledThreadPoolExecutor.java:293)
	at java.util.concurrent.ThreadPoolExecutor.runWorker(ThreadPoolExecutor.java:1149)
	at java.util.concurrent.ThreadPoolExecutor$Worker.run(ThreadPoolExecutor.java:624)
	at java.lang.Thread.run(Thread.java:748)
2019-09-11 12:43:01,688 [java.util.concurrent.ThreadPoolExecutor$Worker@4e4300e[State = -1, empty queue]] WARN  server.GrpcLogAppender (GrpcLogAppender.java:timeoutAppendRequest(200)) - d8e74394-a0bf-4ec3-a3ce-4740c71bd9b7@group-36481D5C2926->f90b1bbc-0325-4fdc-bdda-dbac376593c0-GrpcLogAppender: appendEntries Timeout, request=d8e74394-a0bf-4ec3-a3ce-4740c71bd9b7->f90b1bbc-0325-4fdc-bdda-dbac376593c0#104-t3, previous=(t:3, i:16), leaderCommit=10, initializing? false, entries: <empty>
2019-09-11 12:43:01,688 [java.util.concurrent.ThreadPoolExecutor$Worker@734c62d3[State = -1, empty queue]] WARN  server.GrpcLogAppender (GrpcLogAppender.java:timeoutAppendRequest(200)) - d8e74394-a0bf-4ec3-a3ce-4740c71bd9b7@group-36481D5C2926->8533a49c-a60c-4c36-849a-1b71101d719e-GrpcLogAppender: appendEntries Timeout, request=d8e74394-a0bf-4ec3-a3ce-4740c71bd9b7->8533a49c-a60c-4c36-849a-1b71101d719e#104-t3, previous=(t:3, i:16), leaderCommit=10, initializing? false, entries: <empty>
2019-09-11 12:43:03,533 [grpc-default-executor-4] INFO  impl.RaftServerProxy (RaftServerProxy.java:remove(95)) - a355c4c2-cbce-4d32-ac2d-5d7efcc7e61b: remove group-7BD41C1E26FD:null
2019-09-11 12:43:03,535 [RatisPipelineUtilsThread] WARN  pipeline.RatisPipelineUtils (RatisPipelineUtils.java:destroyPipeline(66)) - Pipeline destroy failed for pipeline=PipelineID=21608d1a-2997-47fb-85ec-7bd41c1e26fd dn=a355c4c2-cbce-4d32-ac2d-5d7efcc7e61b{ip: 192.168.69.81, host: pr-hdds-2109-6lgm5-4208394744, networkLocation: /default-rack, certSerialId: null}
2019-09-11 12:43:03,537 [grpc-default-executor-4] INFO  impl.RaftServerProxy (RaftServerProxy.java:remove(95)) - 608419ff-9e1e-46ed-b668-4d330b5fd69a: remove group-7BD41C1E26FD:null
2019-09-11 12:43:03,539 [RatisPipelineUtilsThread] WARN  pipeline.RatisPipelineUtils (RatisPipelineUtils.java:destroyPipeline(66)) - Pipeline destroy failed for pipeline=PipelineID=21608d1a-2997-47fb-85ec-7bd41c1e26fd dn=608419ff-9e1e-46ed-b668-4d330b5fd69a{ip: 192.168.69.81, host: pr-hdds-2109-6lgm5-4208394744, networkLocation: /default-rack, certSerialId: null}
2019-09-11 12:43:03,541 [grpc-default-executor-4] INFO  impl.RaftServerProxy (RaftServerProxy.java:remove(95)) - 5a49129c-fcc1-4df1-b4f9-e84c17474790: remove group-7BD41C1E26FD:null
2019-09-11 12:43:03,543 [RatisPipelineUtilsThread] WARN  pipeline.RatisPipelineUtils (RatisPipelineUtils.java:destroyPipeline(66)) - Pipeline destroy failed for pipeline=PipelineID=21608d1a-2997-47fb-85ec-7bd41c1e26fd dn=5a49129c-fcc1-4df1-b4f9-e84c17474790{ip: 192.168.69.81, host: pr-hdds-2109-6lgm5-4208394744, networkLocation: /default-rack, certSerialId: null}
2019-09-11 12:43:03,543 [RatisPipelineUtilsThread] ERROR pipeline.SCMPipelineManager (Scheduler.java:lambda$schedule$1(70)) - Destroy pipeline failed for pipeline:Pipeline[ Id: 21608d1a-2997-47fb-85ec-7bd41c1e26fd, Nodes: a355c4c2-cbce-4d32-ac2d-5d7efcc7e61b{ip: 192.168.69.81, host: pr-hdds-2109-6lgm5-4208394744, networkLocation: /default-rack, certSerialId: null}608419ff-9e1e-46ed-b668-4d330b5fd69a{ip: 192.168.69.81, host: pr-hdds-2109-6lgm5-4208394744, networkLocation: /default-rack, certSerialId: null}5a49129c-fcc1-4df1-b4f9-e84c17474790{ip: 192.168.69.81, host: pr-hdds-2109-6lgm5-4208394744, networkLocation: /default-rack, certSerialId: null}, Type:RATIS, Factor:THREE, State:CLOSED]
org.apache.hadoop.hdds.scm.pipeline.PipelineNotFoundException: PipelineID=21608d1a-2997-47fb-85ec-7bd41c1e26fd not found
	at org.apache.hadoop.hdds.scm.pipeline.PipelineStateMap.getPipeline(PipelineStateMap.java:132)
	at org.apache.hadoop.hdds.scm.pipeline.PipelineStateMap.removePipeline(PipelineStateMap.java:322)
	at org.apache.hadoop.hdds.scm.pipeline.PipelineStateManager.removePipeline(PipelineStateManager.java:107)
	at org.apache.hadoop.hdds.scm.pipeline.SCMPipelineManager.removePipeline(SCMPipelineManager.java:423)
	at org.apache.hadoop.hdds.scm.pipeline.SCMPipelineManager.destroyPipeline(SCMPipelineManager.java:409)
	at org.apache.hadoop.hdds.scm.pipeline.SCMPipelineManager.lambda$finalizeAndDestroyPipeline$0(SCMPipelineManager.java:318)
	at org.apache.hadoop.utils.Scheduler.lambda$schedule$1(Scheduler.java:68)
	at java.util.concurrent.Executors$RunnableAdapter.call(Executors.java:511)
	at java.util.concurrent.FutureTask.run(FutureTask.java:266)
	at java.util.concurrent.ScheduledThreadPoolExecutor$ScheduledFutureTask.access$201(ScheduledThreadPoolExecutor.java:180)
	at java.util.concurrent.ScheduledThreadPoolExecutor$ScheduledFutureTask.run(ScheduledThreadPoolExecutor.java:293)
	at java.util.concurrent.ThreadPoolExecutor.runWorker(ThreadPoolExecutor.java:1149)
	at java.util.concurrent.ThreadPoolExecutor$Worker.run(ThreadPoolExecutor.java:624)
	at java.lang.Thread.run(Thread.java:748)
2019-09-11 12:43:03,942 [grpc-default-executor-4] INFO  client.GrpcClientProtocolClient (GrpcClientProtocolClient.java:onNext(264)) - client-F2C6077FCB6C->f90b1bbc-0325-4fdc-bdda-dbac376593c0: receive RaftClientReply:client-F2C6077FCB6C->f90b1bbc-0325-4fdc-bdda-dbac376593c0@group-36481D5C2926, cid=44, FAILED org.apache.ratis.protocol.NotLeaderException: Server f90b1bbc-0325-4fdc-bdda-dbac376593c0@group-36481D5C2926 is not the leader d8e74394-a0bf-4ec3-a3ce-4740c71bd9b7:192.168.69.81:43465, logIndex=0, commits[f90b1bbc-0325-4fdc-bdda-dbac376593c0:c10, d8e74394-a0bf-4ec3-a3ce-4740c71bd9b7:c10, 8533a49c-a60c-4c36-849a-1b71101d719e:c10]
2019-09-11 12:43:04,188 [java.util.concurrent.ThreadPoolExecutor$Worker@4e4300e[State = -1, empty queue]] WARN  server.GrpcLogAppender (GrpcLogAppender.java:timeoutAppendRequest(200)) - d8e74394-a0bf-4ec3-a3ce-4740c71bd9b7@group-36481D5C2926->f90b1bbc-0325-4fdc-bdda-dbac376593c0-GrpcLogAppender: appendEntries Timeout, request=d8e74394-a0bf-4ec3-a3ce-4740c71bd9b7->f90b1bbc-0325-4fdc-bdda-dbac376593c0#105-t3, previous=(t:3, i:16), leaderCommit=10, initializing? false, entries: <empty>
2019-09-11 12:43:04,189 [java.util.concurrent.ThreadPoolExecutor$Worker@734c62d3[State = -1, empty queue]] WARN  server.GrpcLogAppender (GrpcLogAppender.java:timeoutAppendRequest(200)) - d8e74394-a0bf-4ec3-a3ce-4740c71bd9b7@group-36481D5C2926->8533a49c-a60c-4c36-849a-1b71101d719e-GrpcLogAppender: appendEntries Timeout, request=d8e74394-a0bf-4ec3-a3ce-4740c71bd9b7->8533a49c-a60c-4c36-849a-1b71101d719e#105-t3, previous=(t:3, i:16), leaderCommit=10, initializing? false, entries: <empty>
2019-09-11 12:43:06,534 [grpc-default-executor-3] INFO  impl.RaftServerProxy (RaftServerProxy.java:remove(95)) - a355c4c2-cbce-4d32-ac2d-5d7efcc7e61b: remove group-7BD41C1E26FD:null
2019-09-11 12:43:06,537 [RatisPipelineUtilsThread] WARN  pipeline.RatisPipelineUtils (RatisPipelineUtils.java:destroyPipeline(66)) - Pipeline destroy failed for pipeline=PipelineID=21608d1a-2997-47fb-85ec-7bd41c1e26fd dn=a355c4c2-cbce-4d32-ac2d-5d7efcc7e61b{ip: 192.168.69.81, host: pr-hdds-2109-6lgm5-4208394744, networkLocation: /default-rack, certSerialId: null}
2019-09-11 12:43:06,540 [grpc-default-executor-3] INFO  impl.RaftServerProxy (RaftServerProxy.java:remove(95)) - 608419ff-9e1e-46ed-b668-4d330b5fd69a: remove group-7BD41C1E26FD:null
2019-09-11 12:43:06,542 [RatisPipelineUtilsThread] WARN  pipeline.RatisPipelineUtils (RatisPipelineUtils.java:destroyPipeline(66)) - Pipeline destroy failed for pipeline=PipelineID=21608d1a-2997-47fb-85ec-7bd41c1e26fd dn=608419ff-9e1e-46ed-b668-4d330b5fd69a{ip: 192.168.69.81, host: pr-hdds-2109-6lgm5-4208394744, networkLocation: /default-rack, certSerialId: null}
2019-09-11 12:43:06,545 [grpc-default-executor-3] INFO  impl.RaftServerProxy (RaftServerProxy.java:remove(95)) - 5a49129c-fcc1-4df1-b4f9-e84c17474790: remove group-7BD41C1E26FD:null
2019-09-11 12:43:06,546 [RatisPipelineUtilsThread] WARN  pipeline.RatisPipelineUtils (RatisPipelineUtils.java:destroyPipeline(66)) - Pipeline destroy failed for pipeline=PipelineID=21608d1a-2997-47fb-85ec-7bd41c1e26fd dn=5a49129c-fcc1-4df1-b4f9-e84c17474790{ip: 192.168.69.81, host: pr-hdds-2109-6lgm5-4208394744, networkLocation: /default-rack, certSerialId: null}
2019-09-11 12:43:06,546 [RatisPipelineUtilsThread] ERROR pipeline.SCMPipelineManager (Scheduler.java:lambda$schedule$1(70)) - Destroy pipeline failed for pipeline:Pipeline[ Id: 21608d1a-2997-47fb-85ec-7bd41c1e26fd, Nodes: a355c4c2-cbce-4d32-ac2d-5d7efcc7e61b{ip: 192.168.69.81, host: pr-hdds-2109-6lgm5-4208394744, networkLocation: /default-rack, certSerialId: null}608419ff-9e1e-46ed-b668-4d330b5fd69a{ip: 192.168.69.81, host: pr-hdds-2109-6lgm5-4208394744, networkLocation: /default-rack, certSerialId: null}5a49129c-fcc1-4df1-b4f9-e84c17474790{ip: 192.168.69.81, host: pr-hdds-2109-6lgm5-4208394744, networkLocation: /default-rack, certSerialId: null}, Type:RATIS, Factor:THREE, State:CLOSED]
org.apache.hadoop.hdds.scm.pipeline.PipelineNotFoundException: PipelineID=21608d1a-2997-47fb-85ec-7bd41c1e26fd not found
	at org.apache.hadoop.hdds.scm.pipeline.PipelineStateMap.getPipeline(PipelineStateMap.java:132)
	at org.apache.hadoop.hdds.scm.pipeline.PipelineStateMap.removePipeline(PipelineStateMap.java:322)
	at org.apache.hadoop.hdds.scm.pipeline.PipelineStateManager.removePipeline(PipelineStateManager.java:107)
	at org.apache.hadoop.hdds.scm.pipeline.SCMPipelineManager.removePipeline(SCMPipelineManager.java:423)
	at org.apache.hadoop.hdds.scm.pipeline.SCMPipelineManager.destroyPipeline(SCMPipelineManager.java:409)
	at org.apache.hadoop.hdds.scm.pipeline.SCMPipelineManager.lambda$finalizeAndDestroyPipeline$0(SCMPipelineManager.java:318)
	at org.apache.hadoop.utils.Scheduler.lambda$schedule$1(Scheduler.java:68)
	at java.util.concurrent.Executors$RunnableAdapter.call(Executors.java:511)
	at java.util.concurrent.FutureTask.run(FutureTask.java:266)
	at java.util.concurrent.ScheduledThreadPoolExecutor$ScheduledFutureTask.access$201(ScheduledThreadPoolExecutor.java:180)
	at java.util.concurrent.ScheduledThreadPoolExecutor$ScheduledFutureTask.run(ScheduledThreadPoolExecutor.java:293)
	at java.util.concurrent.ThreadPoolExecutor.runWorker(ThreadPoolExecutor.java:1149)
	at java.util.concurrent.ThreadPoolExecutor$Worker.run(ThreadPoolExecutor.java:624)
	at java.lang.Thread.run(Thread.java:748)
2019-09-11 12:43:06,689 [java.util.concurrent.ThreadPoolExecutor$Worker@4e4300e[State = -1, empty queue]] WARN  server.GrpcLogAppender (GrpcLogAppender.java:timeoutAppendRequest(200)) - d8e74394-a0bf-4ec3-a3ce-4740c71bd9b7@group-36481D5C2926->f90b1bbc-0325-4fdc-bdda-dbac376593c0-GrpcLogAppender: appendEntries Timeout, request=d8e74394-a0bf-4ec3-a3ce-4740c71bd9b7->f90b1bbc-0325-4fdc-bdda-dbac376593c0#106-t3, previous=(t:3, i:16), leaderCommit=10, initializing? false, entries: <empty>
2019-09-11 12:43:06,689 [java.util.concurrent.ThreadPoolExecutor$Worker@734c62d3[State = -1, empty queue]] WARN  server.GrpcLogAppender (GrpcLogAppender.java:timeoutAppendRequest(200)) - d8e74394-a0bf-4ec3-a3ce-4740c71bd9b7@group-36481D5C2926->8533a49c-a60c-4c36-849a-1b71101d719e-GrpcLogAppender: appendEntries Timeout, request=d8e74394-a0bf-4ec3-a3ce-4740c71bd9b7->8533a49c-a60c-4c36-849a-1b71101d719e#106-t3, previous=(t:3, i:16), leaderCommit=10, initializing? false, entries: <empty>
2019-09-11 12:43:08,531 [grpc-default-executor-3] INFO  impl.RaftServerProxy (RaftServerProxy.java:remove(95)) - a355c4c2-cbce-4d32-ac2d-5d7efcc7e61b: remove group-7BD41C1E26FD:null
2019-09-11 12:43:08,534 [RatisPipelineUtilsThread] WARN  pipeline.RatisPipelineUtils (RatisPipelineUtils.java:destroyPipeline(66)) - Pipeline destroy failed for pipeline=PipelineID=21608d1a-2997-47fb-85ec-7bd41c1e26fd dn=a355c4c2-cbce-4d32-ac2d-5d7efcc7e61b{ip: 192.168.69.81, host: pr-hdds-2109-6lgm5-4208394744, networkLocation: /default-rack, certSerialId: null}
2019-09-11 12:43:08,537 [grpc-default-executor-3] INFO  impl.RaftServerProxy (RaftServerProxy.java:remove(95)) - 608419ff-9e1e-46ed-b668-4d330b5fd69a: remove group-7BD41C1E26FD:null
2019-09-11 12:43:08,539 [RatisPipelineUtilsThread] WARN  pipeline.RatisPipelineUtils (RatisPipelineUtils.java:destroyPipeline(66)) - Pipeline destroy failed for pipeline=PipelineID=21608d1a-2997-47fb-85ec-7bd41c1e26fd dn=608419ff-9e1e-46ed-b668-4d330b5fd69a{ip: 192.168.69.81, host: pr-hdds-2109-6lgm5-4208394744, networkLocation: /default-rack, certSerialId: null}
2019-09-11 12:43:08,542 [grpc-default-executor-3] INFO  impl.RaftServerProxy (RaftServerProxy.java:remove(95)) - 5a49129c-fcc1-4df1-b4f9-e84c17474790: remove group-7BD41C1E26FD:null
2019-09-11 12:43:08,544 [RatisPipelineUtilsThread] WARN  pipeline.RatisPipelineUtils (RatisPipelineUtils.java:destroyPipeline(66)) - Pipeline destroy failed for pipeline=PipelineID=21608d1a-2997-47fb-85ec-7bd41c1e26fd dn=5a49129c-fcc1-4df1-b4f9-e84c17474790{ip: 192.168.69.81, host: pr-hdds-2109-6lgm5-4208394744, networkLocation: /default-rack, certSerialId: null}
2019-09-11 12:43:08,545 [RatisPipelineUtilsThread] ERROR pipeline.SCMPipelineManager (Scheduler.java:lambda$schedule$1(70)) - Destroy pipeline failed for pipeline:Pipeline[ Id: 21608d1a-2997-47fb-85ec-7bd41c1e26fd, Nodes: a355c4c2-cbce-4d32-ac2d-5d7efcc7e61b{ip: 192.168.69.81, host: pr-hdds-2109-6lgm5-4208394744, networkLocation: /default-rack, certSerialId: null}608419ff-9e1e-46ed-b668-4d330b5fd69a{ip: 192.168.69.81, host: pr-hdds-2109-6lgm5-4208394744, networkLocation: /default-rack, certSerialId: null}5a49129c-fcc1-4df1-b4f9-e84c17474790{ip: 192.168.69.81, host: pr-hdds-2109-6lgm5-4208394744, networkLocation: /default-rack, certSerialId: null}, Type:RATIS, Factor:THREE, State:CLOSED]
org.apache.hadoop.hdds.scm.pipeline.PipelineNotFoundException: PipelineID=21608d1a-2997-47fb-85ec-7bd41c1e26fd not found
	at org.apache.hadoop.hdds.scm.pipeline.PipelineStateMap.getPipeline(PipelineStateMap.java:132)
	at org.apache.hadoop.hdds.scm.pipeline.PipelineStateMap.removePipeline(PipelineStateMap.java:322)
	at org.apache.hadoop.hdds.scm.pipeline.PipelineStateManager.removePipeline(PipelineStateManager.java:107)
	at org.apache.hadoop.hdds.scm.pipeline.SCMPipelineManager.removePipeline(SCMPipelineManager.java:423)
	at org.apache.hadoop.hdds.scm.pipeline.SCMPipelineManager.destroyPipeline(SCMPipelineManager.java:409)
	at org.apache.hadoop.hdds.scm.pipeline.SCMPipelineManager.lambda$finalizeAndDestroyPipeline$0(SCMPipelineManager.java:318)
	at org.apache.hadoop.utils.Scheduler.lambda$schedule$1(Scheduler.java:68)
	at java.util.concurrent.Executors$RunnableAdapter.call(Executors.java:511)
	at java.util.concurrent.FutureTask.run(FutureTask.java:266)
	at java.util.concurrent.ScheduledThreadPoolExecutor$ScheduledFutureTask.access$201(ScheduledThreadPoolExecutor.java:180)
	at java.util.concurrent.ScheduledThreadPoolExecutor$ScheduledFutureTask.run(ScheduledThreadPoolExecutor.java:293)
	at java.util.concurrent.ThreadPoolExecutor.runWorker(ThreadPoolExecutor.java:1149)
	at java.util.concurrent.ThreadPoolExecutor$Worker.run(ThreadPoolExecutor.java:624)
	at java.lang.Thread.run(Thread.java:748)
2019-09-11 12:43:08,852 [8533a49c-a60c-4c36-849a-1b71101d719e@group-36481D5C2926-SegmentedRaftLogWorker] WARN  segmented.SegmentedRaftLogWorker (SegmentedRaftLogWorker.java:getFromFuture(90)) - Timeout 3/~
org.apache.ratis.protocol.TimeoutIOException: Timeout 10s: WriteLog:12: (t:3, i:12), STATEMACHINELOGENTRY, client-F2C6077FCB6C, cid=45-writeStateMachineData
	at org.apache.ratis.util.IOUtils.getFromFuture(IOUtils.java:87)
	at org.apache.ratis.server.raftlog.segmented.SegmentedRaftLogWorker$StateMachineDataPolicy.getFromFuture(SegmentedRaftLogWorker.java:87)
	at org.apache.ratis.server.raftlog.segmented.SegmentedRaftLogWorker$WriteLog.execute(SegmentedRaftLogWorker.java:477)
	at org.apache.ratis.server.raftlog.segmented.SegmentedRaftLogWorker.run(SegmentedRaftLogWorker.java:289)
	at java.lang.Thread.run(Thread.java:748)
Caused by: java.util.concurrent.TimeoutException
	at java.util.concurrent.CompletableFuture.timedGet(CompletableFuture.java:1771)
	at java.util.concurrent.CompletableFuture.get(CompletableFuture.java:1915)
	at org.apache.ratis.util.IOUtils.getFromFuture(IOUtils.java:79)
	... 4 more
2019-09-11 12:43:08,853 [f90b1bbc-0325-4fdc-bdda-dbac376593c0@group-36481D5C2926-SegmentedRaftLogWorker] WARN  segmented.SegmentedRaftLogWorker (SegmentedRaftLogWorker.java:getFromFuture(90)) - Timeout 3/~
org.apache.ratis.protocol.TimeoutIOException: Timeout 10s: WriteLog:12: (t:3, i:12), STATEMACHINELOGENTRY, client-F2C6077FCB6C, cid=45-writeStateMachineData
	at org.apache.ratis.util.IOUtils.getFromFuture(IOUtils.java:87)
	at org.apache.ratis.server.raftlog.segmented.SegmentedRaftLogWorker$StateMachineDataPolicy.getFromFuture(SegmentedRaftLogWorker.java:87)
	at org.apache.ratis.server.raftlog.segmented.SegmentedRaftLogWorker$WriteLog.execute(SegmentedRaftLogWorker.java:477)
	at org.apache.ratis.server.raftlog.segmented.SegmentedRaftLogWorker.run(SegmentedRaftLogWorker.java:289)
	at java.lang.Thread.run(Thread.java:748)
Caused by: java.util.concurrent.TimeoutException
	at java.util.concurrent.CompletableFuture.timedGet(CompletableFuture.java:1771)
	at java.util.concurrent.CompletableFuture.get(CompletableFuture.java:1915)
	at org.apache.ratis.util.IOUtils.getFromFuture(IOUtils.java:79)
	... 4 more
2019-09-11 12:43:08,853 [d8e74394-a0bf-4ec3-a3ce-4740c71bd9b7@group-36481D5C2926-SegmentedRaftLogWorker] WARN  segmented.SegmentedRaftLogWorker (SegmentedRaftLogWorker.java:getFromFuture(90)) - Timeout 3/~
org.apache.ratis.protocol.TimeoutIOException: Timeout 10s: WriteLog:12: (t:3, i:12), STATEMACHINELOGENTRY, client-F2C6077FCB6C, cid=45-writeStateMachineData
	at org.apache.ratis.util.IOUtils.getFromFuture(IOUtils.java:87)
	at org.apache.ratis.server.raftlog.segmented.SegmentedRaftLogWorker$StateMachineDataPolicy.getFromFuture(SegmentedRaftLogWorker.java:87)
	at org.apache.ratis.server.raftlog.segmented.SegmentedRaftLogWorker$WriteLog.execute(SegmentedRaftLogWorker.java:477)
	at org.apache.ratis.server.raftlog.segmented.SegmentedRaftLogWorker.run(SegmentedRaftLogWorker.java:289)
	at java.lang.Thread.run(Thread.java:748)
Caused by: java.util.concurrent.TimeoutException
	at java.util.concurrent.CompletableFuture.timedGet(CompletableFuture.java:1771)
	at java.util.concurrent.CompletableFuture.get(CompletableFuture.java:1915)
	at org.apache.ratis.util.IOUtils.getFromFuture(IOUtils.java:79)
	... 4 more
2019-09-11 12:43:08,970 [grpc-default-executor-4] INFO  client.GrpcClientProtocolClient (GrpcClientProtocolClient.java:onNext(264)) - client-F2C6077FCB6C->f90b1bbc-0325-4fdc-bdda-dbac376593c0: receive RaftClientReply:client-F2C6077FCB6C->f90b1bbc-0325-4fdc-bdda-dbac376593c0@group-36481D5C2926, cid=44, FAILED org.apache.ratis.protocol.NotLeaderException: Server f90b1bbc-0325-4fdc-bdda-dbac376593c0@group-36481D5C2926 is not the leader d8e74394-a0bf-4ec3-a3ce-4740c71bd9b7:192.168.69.81:43465, logIndex=0, commits[f90b1bbc-0325-4fdc-bdda-dbac376593c0:c10, d8e74394-a0bf-4ec3-a3ce-4740c71bd9b7:c10, 8533a49c-a60c-4c36-849a-1b71101d719e:c10]
2019-09-11 12:43:09,189 [java.util.concurrent.ThreadPoolExecutor$Worker@4e4300e[State = -1, empty queue]] WARN  server.GrpcLogAppender (GrpcLogAppender.java:timeoutAppendRequest(200)) - d8e74394-a0bf-4ec3-a3ce-4740c71bd9b7@group-36481D5C2926->f90b1bbc-0325-4fdc-bdda-dbac376593c0-GrpcLogAppender: appendEntries Timeout, request=d8e74394-a0bf-4ec3-a3ce-4740c71bd9b7->f90b1bbc-0325-4fdc-bdda-dbac376593c0#107-t3, previous=(t:3, i:16), leaderCommit=10, initializing? false, entries: <empty>
2019-09-11 12:43:09,189 [java.util.concurrent.ThreadPoolExecutor$Worker@734c62d3[State = -1, empty queue]] WARN  server.GrpcLogAppender (GrpcLogAppender.java:timeoutAppendRequest(200)) - d8e74394-a0bf-4ec3-a3ce-4740c71bd9b7@group-36481D5C2926->8533a49c-a60c-4c36-849a-1b71101d719e-GrpcLogAppender: appendEntries Timeout, request=d8e74394-a0bf-4ec3-a3ce-4740c71bd9b7->8533a49c-a60c-4c36-849a-1b71101d719e#107-t3, previous=(t:3, i:16), leaderCommit=10, initializing? false, entries: <empty>
2019-09-11 12:43:11,532 [grpc-default-executor-4] INFO  impl.RaftServerProxy (RaftServerProxy.java:remove(95)) - a355c4c2-cbce-4d32-ac2d-5d7efcc7e61b: remove group-7BD41C1E26FD:null
2019-09-11 12:43:11,534 [RatisPipelineUtilsThread] WARN  pipeline.RatisPipelineUtils (RatisPipelineUtils.java:destroyPipeline(66)) - Pipeline destroy failed for pipeline=PipelineID=21608d1a-2997-47fb-85ec-7bd41c1e26fd dn=a355c4c2-cbce-4d32-ac2d-5d7efcc7e61b{ip: 192.168.69.81, host: pr-hdds-2109-6lgm5-4208394744, networkLocation: /default-rack, certSerialId: null}
2019-09-11 12:43:11,537 [grpc-default-executor-4] INFO  impl.RaftServerProxy (RaftServerProxy.java:remove(95)) - 608419ff-9e1e-46ed-b668-4d330b5fd69a: remove group-7BD41C1E26FD:null
2019-09-11 12:43:11,539 [RatisPipelineUtilsThread] WARN  pipeline.RatisPipelineUtils (RatisPipelineUtils.java:destroyPipeline(66)) - Pipeline destroy failed for pipeline=PipelineID=21608d1a-2997-47fb-85ec-7bd41c1e26fd dn=608419ff-9e1e-46ed-b668-4d330b5fd69a{ip: 192.168.69.81, host: pr-hdds-2109-6lgm5-4208394744, networkLocation: /default-rack, certSerialId: null}
2019-09-11 12:43:11,541 [grpc-default-executor-4] INFO  impl.RaftServerProxy (RaftServerProxy.java:remove(95)) - 5a49129c-fcc1-4df1-b4f9-e84c17474790: remove group-7BD41C1E26FD:null
2019-09-11 12:43:11,543 [RatisPipelineUtilsThread] WARN  pipeline.RatisPipelineUtils (RatisPipelineUtils.java:destroyPipeline(66)) - Pipeline destroy failed for pipeline=PipelineID=21608d1a-2997-47fb-85ec-7bd41c1e26fd dn=5a49129c-fcc1-4df1-b4f9-e84c17474790{ip: 192.168.69.81, host: pr-hdds-2109-6lgm5-4208394744, networkLocation: /default-rack, certSerialId: null}
2019-09-11 12:43:11,543 [RatisPipelineUtilsThread] ERROR pipeline.SCMPipelineManager (Scheduler.java:lambda$schedule$1(70)) - Destroy pipeline failed for pipeline:Pipeline[ Id: 21608d1a-2997-47fb-85ec-7bd41c1e26fd, Nodes: a355c4c2-cbce-4d32-ac2d-5d7efcc7e61b{ip: 192.168.69.81, host: pr-hdds-2109-6lgm5-4208394744, networkLocation: /default-rack, certSerialId: null}608419ff-9e1e-46ed-b668-4d330b5fd69a{ip: 192.168.69.81, host: pr-hdds-2109-6lgm5-4208394744, networkLocation: /default-rack, certSerialId: null}5a49129c-fcc1-4df1-b4f9-e84c17474790{ip: 192.168.69.81, host: pr-hdds-2109-6lgm5-4208394744, networkLocation: /default-rack, certSerialId: null}, Type:RATIS, Factor:THREE, State:CLOSED]
org.apache.hadoop.hdds.scm.pipeline.PipelineNotFoundException: PipelineID=21608d1a-2997-47fb-85ec-7bd41c1e26fd not found
	at org.apache.hadoop.hdds.scm.pipeline.PipelineStateMap.getPipeline(PipelineStateMap.java:132)
	at org.apache.hadoop.hdds.scm.pipeline.PipelineStateMap.removePipeline(PipelineStateMap.java:322)
	at org.apache.hadoop.hdds.scm.pipeline.PipelineStateManager.removePipeline(PipelineStateManager.java:107)
	at org.apache.hadoop.hdds.scm.pipeline.SCMPipelineManager.removePipeline(SCMPipelineManager.java:423)
	at org.apache.hadoop.hdds.scm.pipeline.SCMPipelineManager.destroyPipeline(SCMPipelineManager.java:409)
	at org.apache.hadoop.hdds.scm.pipeline.SCMPipelineManager.lambda$finalizeAndDestroyPipeline$0(SCMPipelineManager.java:318)
	at org.apache.hadoop.utils.Scheduler.lambda$schedule$1(Scheduler.java:68)
	at java.util.concurrent.Executors$RunnableAdapter.call(Executors.java:511)
	at java.util.concurrent.FutureTask.run(FutureTask.java:266)
	at java.util.concurrent.ScheduledThreadPoolExecutor$ScheduledFutureTask.access$201(ScheduledThreadPoolExecutor.java:180)
	at java.util.concurrent.ScheduledThreadPoolExecutor$ScheduledFutureTask.run(ScheduledThreadPoolExecutor.java:293)
	at java.util.concurrent.ThreadPoolExecutor.runWorker(ThreadPoolExecutor.java:1149)
	at java.util.concurrent.ThreadPoolExecutor$Worker.run(ThreadPoolExecutor.java:624)
	at java.lang.Thread.run(Thread.java:748)
2019-09-11 12:43:11,689 [java.util.concurrent.ThreadPoolExecutor$Worker@734c62d3[State = -1, empty queue]] WARN  server.GrpcLogAppender (GrpcLogAppender.java:timeoutAppendRequest(200)) - d8e74394-a0bf-4ec3-a3ce-4740c71bd9b7@group-36481D5C2926->8533a49c-a60c-4c36-849a-1b71101d719e-GrpcLogAppender: appendEntries Timeout, request=d8e74394-a0bf-4ec3-a3ce-4740c71bd9b7->8533a49c-a60c-4c36-849a-1b71101d719e#108-t3, previous=(t:3, i:16), leaderCommit=10, initializing? false, entries: <empty>
2019-09-11 12:43:11,689 [java.util.concurrent.ThreadPoolExecutor$Worker@4e4300e[State = -1, empty queue]] WARN  server.GrpcLogAppender (GrpcLogAppender.java:timeoutAppendRequest(200)) - d8e74394-a0bf-4ec3-a3ce-4740c71bd9b7@group-36481D5C2926->f90b1bbc-0325-4fdc-bdda-dbac376593c0-GrpcLogAppender: appendEntries Timeout, request=d8e74394-a0bf-4ec3-a3ce-4740c71bd9b7->f90b1bbc-0325-4fdc-bdda-dbac376593c0#108-t3, previous=(t:3, i:16), leaderCommit=10, initializing? false, entries: <empty>
2019-09-11 12:43:13,531 [grpc-default-executor-3] INFO  impl.RaftServerProxy (RaftServerProxy.java:remove(95)) - a355c4c2-cbce-4d32-ac2d-5d7efcc7e61b: remove group-7BD41C1E26FD:null
2019-09-11 12:43:13,533 [RatisPipelineUtilsThread] WARN  pipeline.RatisPipelineUtils (RatisPipelineUtils.java:destroyPipeline(66)) - Pipeline destroy failed for pipeline=PipelineID=21608d1a-2997-47fb-85ec-7bd41c1e26fd dn=a355c4c2-cbce-4d32-ac2d-5d7efcc7e61b{ip: 192.168.69.81, host: pr-hdds-2109-6lgm5-4208394744, networkLocation: /default-rack, certSerialId: null}
2019-09-11 12:43:13,535 [grpc-default-executor-3] INFO  impl.RaftServerProxy (RaftServerProxy.java:remove(95)) - 608419ff-9e1e-46ed-b668-4d330b5fd69a: remove group-7BD41C1E26FD:null
2019-09-11 12:43:13,537 [RatisPipelineUtilsThread] WARN  pipeline.RatisPipelineUtils (RatisPipelineUtils.java:destroyPipeline(66)) - Pipeline destroy failed for pipeline=PipelineID=21608d1a-2997-47fb-85ec-7bd41c1e26fd dn=608419ff-9e1e-46ed-b668-4d330b5fd69a{ip: 192.168.69.81, host: pr-hdds-2109-6lgm5-4208394744, networkLocation: /default-rack, certSerialId: null}
2019-09-11 12:43:13,539 [grpc-default-executor-3] INFO  impl.RaftServerProxy (RaftServerProxy.java:remove(95)) - 5a49129c-fcc1-4df1-b4f9-e84c17474790: remove group-7BD41C1E26FD:null
2019-09-11 12:43:13,541 [RatisPipelineUtilsThread] WARN  pipeline.RatisPipelineUtils (RatisPipelineUtils.java:destroyPipeline(66)) - Pipeline destroy failed for pipeline=PipelineID=21608d1a-2997-47fb-85ec-7bd41c1e26fd dn=5a49129c-fcc1-4df1-b4f9-e84c17474790{ip: 192.168.69.81, host: pr-hdds-2109-6lgm5-4208394744, networkLocation: /default-rack, certSerialId: null}
2019-09-11 12:43:13,542 [RatisPipelineUtilsThread] ERROR pipeline.SCMPipelineManager (Scheduler.java:lambda$schedule$1(70)) - Destroy pipeline failed for pipeline:Pipeline[ Id: 21608d1a-2997-47fb-85ec-7bd41c1e26fd, Nodes: a355c4c2-cbce-4d32-ac2d-5d7efcc7e61b{ip: 192.168.69.81, host: pr-hdds-2109-6lgm5-4208394744, networkLocation: /default-rack, certSerialId: null}608419ff-9e1e-46ed-b668-4d330b5fd69a{ip: 192.168.69.81, host: pr-hdds-2109-6lgm5-4208394744, networkLocation: /default-rack, certSerialId: null}5a49129c-fcc1-4df1-b4f9-e84c17474790{ip: 192.168.69.81, host: pr-hdds-2109-6lgm5-4208394744, networkLocation: /default-rack, certSerialId: null}, Type:RATIS, Factor:THREE, State:CLOSED]
org.apache.hadoop.hdds.scm.pipeline.PipelineNotFoundException: PipelineID=21608d1a-2997-47fb-85ec-7bd41c1e26fd not found
	at org.apache.hadoop.hdds.scm.pipeline.PipelineStateMap.getPipeline(PipelineStateMap.java:132)
	at org.apache.hadoop.hdds.scm.pipeline.PipelineStateMap.removePipeline(PipelineStateMap.java:322)
	at org.apache.hadoop.hdds.scm.pipeline.PipelineStateManager.removePipeline(PipelineStateManager.java:107)
	at org.apache.hadoop.hdds.scm.pipeline.SCMPipelineManager.removePipeline(SCMPipelineManager.java:423)
	at org.apache.hadoop.hdds.scm.pipeline.SCMPipelineManager.destroyPipeline(SCMPipelineManager.java:409)
	at org.apache.hadoop.hdds.scm.pipeline.SCMPipelineManager.lambda$finalizeAndDestroyPipeline$0(SCMPipelineManager.java:318)
	at org.apache.hadoop.utils.Scheduler.lambda$schedule$1(Scheduler.java:68)
	at java.util.concurrent.Executors$RunnableAdapter.call(Executors.java:511)
	at java.util.concurrent.FutureTask.run(FutureTask.java:266)
	at java.util.concurrent.ScheduledThreadPoolExecutor$ScheduledFutureTask.access$201(ScheduledThreadPoolExecutor.java:180)
	at java.util.concurrent.ScheduledThreadPoolExecutor$ScheduledFutureTask.run(ScheduledThreadPoolExecutor.java:293)
	at java.util.concurrent.ThreadPoolExecutor.runWorker(ThreadPoolExecutor.java:1149)
	at java.util.concurrent.ThreadPoolExecutor$Worker.run(ThreadPoolExecutor.java:624)
	at java.lang.Thread.run(Thread.java:748)
2019-09-11 12:43:14,001 [grpc-default-executor-4] INFO  client.GrpcClientProtocolClient (GrpcClientProtocolClient.java:onNext(264)) - client-F2C6077FCB6C->8533a49c-a60c-4c36-849a-1b71101d719e: receive RaftClientReply:client-F2C6077FCB6C->8533a49c-a60c-4c36-849a-1b71101d719e@group-36481D5C2926, cid=44, FAILED org.apache.ratis.protocol.NotLeaderException: Server 8533a49c-a60c-4c36-849a-1b71101d719e@group-36481D5C2926 is not the leader d8e74394-a0bf-4ec3-a3ce-4740c71bd9b7:192.168.69.81:43465, logIndex=0, commits[8533a49c-a60c-4c36-849a-1b71101d719e:c10, f90b1bbc-0325-4fdc-bdda-dbac376593c0:c10, d8e74394-a0bf-4ec3-a3ce-4740c71bd9b7:c10]
2019-09-11 12:43:14,189 [java.util.concurrent.ThreadPoolExecutor$Worker@734c62d3[State = -1, empty queue]] WARN  server.GrpcLogAppender (GrpcLogAppender.java:timeoutAppendRequest(200)) - d8e74394-a0bf-4ec3-a3ce-4740c71bd9b7@group-36481D5C2926->8533a49c-a60c-4c36-849a-1b71101d719e-GrpcLogAppender: appendEntries Timeout, request=d8e74394-a0bf-4ec3-a3ce-4740c71bd9b7->8533a49c-a60c-4c36-849a-1b71101d719e#109-t3, previous=(t:3, i:16), leaderCommit=10, initializing? false, entries: <empty>
2019-09-11 12:43:14,189 [java.util.concurrent.ThreadPoolExecutor$Worker@4e4300e[State = -1, empty queue]] WARN  server.GrpcLogAppender (GrpcLogAppender.java:timeoutAppendRequest(200)) - d8e74394-a0bf-4ec3-a3ce-4740c71bd9b7@group-36481D5C2926->f90b1bbc-0325-4fdc-bdda-dbac376593c0-GrpcLogAppender: appendEntries Timeout, request=d8e74394-a0bf-4ec3-a3ce-4740c71bd9b7->f90b1bbc-0325-4fdc-bdda-dbac376593c0#109-t3, previous=(t:3, i:16), leaderCommit=10, initializing? false, entries: <empty>
2019-09-11 12:43:16,534 [grpc-default-executor-3] INFO  impl.RaftServerProxy (RaftServerProxy.java:remove(95)) - a355c4c2-cbce-4d32-ac2d-5d7efcc7e61b: remove group-7BD41C1E26FD:null
2019-09-11 12:43:16,537 [RatisPipelineUtilsThread] WARN  pipeline.RatisPipelineUtils (RatisPipelineUtils.java:destroyPipeline(66)) - Pipeline destroy failed for pipeline=PipelineID=21608d1a-2997-47fb-85ec-7bd41c1e26fd dn=a355c4c2-cbce-4d32-ac2d-5d7efcc7e61b{ip: 192.168.69.81, host: pr-hdds-2109-6lgm5-4208394744, networkLocation: /default-rack, certSerialId: null}
2019-09-11 12:43:16,540 [grpc-default-executor-3] INFO  impl.RaftServerProxy (RaftServerProxy.java:remove(95)) - 608419ff-9e1e-46ed-b668-4d330b5fd69a: remove group-7BD41C1E26FD:null
2019-09-11 12:43:16,542 [RatisPipelineUtilsThread] WARN  pipeline.RatisPipelineUtils (RatisPipelineUtils.java:destroyPipeline(66)) - Pipeline destroy failed for pipeline=PipelineID=21608d1a-2997-47fb-85ec-7bd41c1e26fd dn=608419ff-9e1e-46ed-b668-4d330b5fd69a{ip: 192.168.69.81, host: pr-hdds-2109-6lgm5-4208394744, networkLocation: /default-rack, certSerialId: null}
2019-09-11 12:43:16,545 [grpc-default-executor-3] INFO  impl.RaftServerProxy (RaftServerProxy.java:remove(95)) - 5a49129c-fcc1-4df1-b4f9-e84c17474790: remove group-7BD41C1E26FD:null
2019-09-11 12:43:16,547 [RatisPipelineUtilsThread] WARN  pipeline.RatisPipelineUtils (RatisPipelineUtils.java:destroyPipeline(66)) - Pipeline destroy failed for pipeline=PipelineID=21608d1a-2997-47fb-85ec-7bd41c1e26fd dn=5a49129c-fcc1-4df1-b4f9-e84c17474790{ip: 192.168.69.81, host: pr-hdds-2109-6lgm5-4208394744, networkLocation: /default-rack, certSerialId: null}
2019-09-11 12:43:16,547 [RatisPipelineUtilsThread] ERROR pipeline.SCMPipelineManager (Scheduler.java:lambda$schedule$1(70)) - Destroy pipeline failed for pipeline:Pipeline[ Id: 21608d1a-2997-47fb-85ec-7bd41c1e26fd, Nodes: a355c4c2-cbce-4d32-ac2d-5d7efcc7e61b{ip: 192.168.69.81, host: pr-hdds-2109-6lgm5-4208394744, networkLocation: /default-rack, certSerialId: null}608419ff-9e1e-46ed-b668-4d330b5fd69a{ip: 192.168.69.81, host: pr-hdds-2109-6lgm5-4208394744, networkLocation: /default-rack, certSerialId: null}5a49129c-fcc1-4df1-b4f9-e84c17474790{ip: 192.168.69.81, host: pr-hdds-2109-6lgm5-4208394744, networkLocation: /default-rack, certSerialId: null}, Type:RATIS, Factor:THREE, State:CLOSED]
org.apache.hadoop.hdds.scm.pipeline.PipelineNotFoundException: PipelineID=21608d1a-2997-47fb-85ec-7bd41c1e26fd not found
	at org.apache.hadoop.hdds.scm.pipeline.PipelineStateMap.getPipeline(PipelineStateMap.java:132)
	at org.apache.hadoop.hdds.scm.pipeline.PipelineStateMap.removePipeline(PipelineStateMap.java:322)
	at org.apache.hadoop.hdds.scm.pipeline.PipelineStateManager.removePipeline(PipelineStateManager.java:107)
	at org.apache.hadoop.hdds.scm.pipeline.SCMPipelineManager.removePipeline(SCMPipelineManager.java:423)
	at org.apache.hadoop.hdds.scm.pipeline.SCMPipelineManager.destroyPipeline(SCMPipelineManager.java:409)
	at org.apache.hadoop.hdds.scm.pipeline.SCMPipelineManager.lambda$finalizeAndDestroyPipeline$0(SCMPipelineManager.java:318)
	at org.apache.hadoop.utils.Scheduler.lambda$schedule$1(Scheduler.java:68)
	at java.util.concurrent.Executors$RunnableAdapter.call(Executors.java:511)
	at java.util.concurrent.FutureTask.run(FutureTask.java:266)
	at java.util.concurrent.ScheduledThreadPoolExecutor$ScheduledFutureTask.access$201(ScheduledThreadPoolExecutor.java:180)
	at java.util.concurrent.ScheduledThreadPoolExecutor$ScheduledFutureTask.run(ScheduledThreadPoolExecutor.java:293)
	at java.util.concurrent.ThreadPoolExecutor.runWorker(ThreadPoolExecutor.java:1149)
	at java.util.concurrent.ThreadPoolExecutor$Worker.run(ThreadPoolExecutor.java:624)
	at java.lang.Thread.run(Thread.java:748)
2019-09-11 12:43:16,690 [java.util.concurrent.ThreadPoolExecutor$Worker@734c62d3[State = -1, empty queue]] WARN  server.GrpcLogAppender (GrpcLogAppender.java:timeoutAppendRequest(200)) - d8e74394-a0bf-4ec3-a3ce-4740c71bd9b7@group-36481D5C2926->8533a49c-a60c-4c36-849a-1b71101d719e-GrpcLogAppender: appendEntries Timeout, request=d8e74394-a0bf-4ec3-a3ce-4740c71bd9b7->8533a49c-a60c-4c36-849a-1b71101d719e#110-t3, previous=(t:3, i:16), leaderCommit=10, initializing? false, entries: <empty>
2019-09-11 12:43:16,690 [java.util.concurrent.ThreadPoolExecutor$Worker@4e4300e[State = -1, empty queue]] WARN  server.GrpcLogAppender (GrpcLogAppender.java:timeoutAppendRequest(200)) - d8e74394-a0bf-4ec3-a3ce-4740c71bd9b7@group-36481D5C2926->f90b1bbc-0325-4fdc-bdda-dbac376593c0-GrpcLogAppender: appendEntries Timeout, request=d8e74394-a0bf-4ec3-a3ce-4740c71bd9b7->f90b1bbc-0325-4fdc-bdda-dbac376593c0#110-t3, previous=(t:3, i:16), leaderCommit=10, initializing? false, entries: <empty>
2019-09-11 12:43:18,534 [grpc-default-executor-4] INFO  impl.RaftServerProxy (RaftServerProxy.java:remove(95)) - a355c4c2-cbce-4d32-ac2d-5d7efcc7e61b: remove group-7BD41C1E26FD:null
2019-09-11 12:43:18,537 [RatisPipelineUtilsThread] WARN  pipeline.RatisPipelineUtils (RatisPipelineUtils.java:destroyPipeline(66)) - Pipeline destroy failed for pipeline=PipelineID=21608d1a-2997-47fb-85ec-7bd41c1e26fd dn=a355c4c2-cbce-4d32-ac2d-5d7efcc7e61b{ip: 192.168.69.81, host: pr-hdds-2109-6lgm5-4208394744, networkLocation: /default-rack, certSerialId: null}
2019-09-11 12:43:18,541 [grpc-default-executor-4] INFO  impl.RaftServerProxy (RaftServerProxy.java:remove(95)) - 608419ff-9e1e-46ed-b668-4d330b5fd69a: remove group-7BD41C1E26FD:null
2019-09-11 12:43:18,543 [RatisPipelineUtilsThread] WARN  pipeline.RatisPipelineUtils (RatisPipelineUtils.java:destroyPipeline(66)) - Pipeline destroy failed for pipeline=PipelineID=21608d1a-2997-47fb-85ec-7bd41c1e26fd dn=608419ff-9e1e-46ed-b668-4d330b5fd69a{ip: 192.168.69.81, host: pr-hdds-2109-6lgm5-4208394744, networkLocation: /default-rack, certSerialId: null}
2019-09-11 12:43:18,546 [grpc-default-executor-4] INFO  impl.RaftServerProxy (RaftServerProxy.java:remove(95)) - 5a49129c-fcc1-4df1-b4f9-e84c17474790: remove group-7BD41C1E26FD:null
2019-09-11 12:43:18,548 [RatisPipelineUtilsThread] WARN  pipeline.RatisPipelineUtils (RatisPipelineUtils.java:destroyPipeline(66)) - Pipeline destroy failed for pipeline=PipelineID=21608d1a-2997-47fb-85ec-7bd41c1e26fd dn=5a49129c-fcc1-4df1-b4f9-e84c17474790{ip: 192.168.69.81, host: pr-hdds-2109-6lgm5-4208394744, networkLocation: /default-rack, certSerialId: null}
2019-09-11 12:43:18,549 [RatisPipelineUtilsThread] ERROR pipeline.SCMPipelineManager (Scheduler.java:lambda$schedule$1(70)) - Destroy pipeline failed for pipeline:Pipeline[ Id: 21608d1a-2997-47fb-85ec-7bd41c1e26fd, Nodes: a355c4c2-cbce-4d32-ac2d-5d7efcc7e61b{ip: 192.168.69.81, host: pr-hdds-2109-6lgm5-4208394744, networkLocation: /default-rack, certSerialId: null}608419ff-9e1e-46ed-b668-4d330b5fd69a{ip: 192.168.69.81, host: pr-hdds-2109-6lgm5-4208394744, networkLocation: /default-rack, certSerialId: null}5a49129c-fcc1-4df1-b4f9-e84c17474790{ip: 192.168.69.81, host: pr-hdds-2109-6lgm5-4208394744, networkLocation: /default-rack, certSerialId: null}, Type:RATIS, Factor:THREE, State:CLOSED]
org.apache.hadoop.hdds.scm.pipeline.PipelineNotFoundException: PipelineID=21608d1a-2997-47fb-85ec-7bd41c1e26fd not found
	at org.apache.hadoop.hdds.scm.pipeline.PipelineStateMap.getPipeline(PipelineStateMap.java:132)
	at org.apache.hadoop.hdds.scm.pipeline.PipelineStateMap.removePipeline(PipelineStateMap.java:322)
	at org.apache.hadoop.hdds.scm.pipeline.PipelineStateManager.removePipeline(PipelineStateManager.java:107)
	at org.apache.hadoop.hdds.scm.pipeline.SCMPipelineManager.removePipeline(SCMPipelineManager.java:423)
	at org.apache.hadoop.hdds.scm.pipeline.SCMPipelineManager.destroyPipeline(SCMPipelineManager.java:409)
	at org.apache.hadoop.hdds.scm.pipeline.SCMPipelineManager.lambda$finalizeAndDestroyPipeline$0(SCMPipelineManager.java:318)
	at org.apache.hadoop.utils.Scheduler.lambda$schedule$1(Scheduler.java:68)
	at java.util.concurrent.Executors$RunnableAdapter.call(Executors.java:511)
	at java.util.concurrent.FutureTask.run(FutureTask.java:266)
	at java.util.concurrent.ScheduledThreadPoolExecutor$ScheduledFutureTask.access$201(ScheduledThreadPoolExecutor.java:180)
	at java.util.concurrent.ScheduledThreadPoolExecutor$ScheduledFutureTask.run(ScheduledThreadPoolExecutor.java:293)
	at java.util.concurrent.ThreadPoolExecutor.runWorker(ThreadPoolExecutor.java:1149)
	at java.util.concurrent.ThreadPoolExecutor$Worker.run(ThreadPoolExecutor.java:624)
	at java.lang.Thread.run(Thread.java:748)
2019-09-11 12:43:18,853 [8533a49c-a60c-4c36-849a-1b71101d719e@group-36481D5C2926-SegmentedRaftLogWorker] WARN  segmented.SegmentedRaftLogWorker (SegmentedRaftLogWorker.java:getFromFuture(90)) - Timeout 4/~
org.apache.ratis.protocol.TimeoutIOException: Timeout 10s: WriteLog:12: (t:3, i:12), STATEMACHINELOGENTRY, client-F2C6077FCB6C, cid=45-writeStateMachineData
	at org.apache.ratis.util.IOUtils.getFromFuture(IOUtils.java:87)
	at org.apache.ratis.server.raftlog.segmented.SegmentedRaftLogWorker$StateMachineDataPolicy.getFromFuture(SegmentedRaftLogWorker.java:87)
	at org.apache.ratis.server.raftlog.segmented.SegmentedRaftLogWorker$WriteLog.execute(SegmentedRaftLogWorker.java:477)
	at org.apache.ratis.server.raftlog.segmented.SegmentedRaftLogWorker.run(SegmentedRaftLogWorker.java:289)
	at java.lang.Thread.run(Thread.java:748)
Caused by: java.util.concurrent.TimeoutException
	at java.util.concurrent.CompletableFuture.timedGet(CompletableFuture.java:1771)
	at java.util.concurrent.CompletableFuture.get(CompletableFuture.java:1915)
	at org.apache.ratis.util.IOUtils.getFromFuture(IOUtils.java:79)
	... 4 more
2019-09-11 12:43:18,854 [f90b1bbc-0325-4fdc-bdda-dbac376593c0@group-36481D5C2926-SegmentedRaftLogWorker] WARN  segmented.SegmentedRaftLogWorker (SegmentedRaftLogWorker.java:getFromFuture(90)) - Timeout 4/~
org.apache.ratis.protocol.TimeoutIOException: Timeout 10s: WriteLog:12: (t:3, i:12), STATEMACHINELOGENTRY, client-F2C6077FCB6C, cid=45-writeStateMachineData
	at org.apache.ratis.util.IOUtils.getFromFuture(IOUtils.java:87)
	at org.apache.ratis.server.raftlog.segmented.SegmentedRaftLogWorker$StateMachineDataPolicy.getFromFuture(SegmentedRaftLogWorker.java:87)
	at org.apache.ratis.server.raftlog.segmented.SegmentedRaftLogWorker$WriteLog.execute(SegmentedRaftLogWorker.java:477)
	at org.apache.ratis.server.raftlog.segmented.SegmentedRaftLogWorker.run(SegmentedRaftLogWorker.java:289)
	at java.lang.Thread.run(Thread.java:748)
Caused by: java.util.concurrent.TimeoutException
	at java.util.concurrent.CompletableFuture.timedGet(CompletableFuture.java:1771)
	at java.util.concurrent.CompletableFuture.get(CompletableFuture.java:1915)
	at org.apache.ratis.util.IOUtils.getFromFuture(IOUtils.java:79)
	... 4 more
2019-09-11 12:43:18,854 [d8e74394-a0bf-4ec3-a3ce-4740c71bd9b7@group-36481D5C2926-SegmentedRaftLogWorker] WARN  segmented.SegmentedRaftLogWorker (SegmentedRaftLogWorker.java:getFromFuture(90)) - Timeout 4/~
org.apache.ratis.protocol.TimeoutIOException: Timeout 10s: WriteLog:12: (t:3, i:12), STATEMACHINELOGENTRY, client-F2C6077FCB6C, cid=45-writeStateMachineData
	at org.apache.ratis.util.IOUtils.getFromFuture(IOUtils.java:87)
	at org.apache.ratis.server.raftlog.segmented.SegmentedRaftLogWorker$StateMachineDataPolicy.getFromFuture(SegmentedRaftLogWorker.java:87)
	at org.apache.ratis.server.raftlog.segmented.SegmentedRaftLogWorker$WriteLog.execute(SegmentedRaftLogWorker.java:477)
	at org.apache.ratis.server.raftlog.segmented.SegmentedRaftLogWorker.run(SegmentedRaftLogWorker.java:289)
	at java.lang.Thread.run(Thread.java:748)
Caused by: java.util.concurrent.TimeoutException
	at java.util.concurrent.CompletableFuture.timedGet(CompletableFuture.java:1771)
	at java.util.concurrent.CompletableFuture.get(CompletableFuture.java:1915)
	at org.apache.ratis.util.IOUtils.getFromFuture(IOUtils.java:79)
	... 4 more
2019-09-11 12:43:19,035 [grpc-default-executor-3] INFO  client.GrpcClientProtocolClient (GrpcClientProtocolClient.java:onNext(264)) - client-F2C6077FCB6C->f90b1bbc-0325-4fdc-bdda-dbac376593c0: receive RaftClientReply:client-F2C6077FCB6C->f90b1bbc-0325-4fdc-bdda-dbac376593c0@group-36481D5C2926, cid=44, FAILED org.apache.ratis.protocol.NotLeaderException: Server f90b1bbc-0325-4fdc-bdda-dbac376593c0@group-36481D5C2926 is not the leader d8e74394-a0bf-4ec3-a3ce-4740c71bd9b7:192.168.69.81:43465, logIndex=0, commits[f90b1bbc-0325-4fdc-bdda-dbac376593c0:c10, d8e74394-a0bf-4ec3-a3ce-4740c71bd9b7:c10, 8533a49c-a60c-4c36-849a-1b71101d719e:c10]
2019-09-11 12:43:19,190 [java.util.concurrent.ThreadPoolExecutor$Worker@4e4300e[State = -1, empty queue]] WARN  server.GrpcLogAppender (GrpcLogAppender.java:timeoutAppendRequest(200)) - d8e74394-a0bf-4ec3-a3ce-4740c71bd9b7@group-36481D5C2926->f90b1bbc-0325-4fdc-bdda-dbac376593c0-GrpcLogAppender: appendEntries Timeout, request=d8e74394-a0bf-4ec3-a3ce-4740c71bd9b7->f90b1bbc-0325-4fdc-bdda-dbac376593c0#111-t3, previous=(t:3, i:16), leaderCommit=10, initializing? false, entries: <empty>
2019-09-11 12:43:19,190 [java.util.concurrent.ThreadPoolExecutor$Worker@734c62d3[State = -1, empty queue]] WARN  server.GrpcLogAppender (GrpcLogAppender.java:timeoutAppendRequest(200)) - d8e74394-a0bf-4ec3-a3ce-4740c71bd9b7@group-36481D5C2926->8533a49c-a60c-4c36-849a-1b71101d719e-GrpcLogAppender: appendEntries Timeout, request=d8e74394-a0bf-4ec3-a3ce-4740c71bd9b7->8533a49c-a60c-4c36-849a-1b71101d719e#111-t3, previous=(t:3, i:16), leaderCommit=10, initializing? false, entries: <empty>
2019-09-11 12:43:21,535 [grpc-default-executor-4] INFO  impl.RaftServerProxy (RaftServerProxy.java:remove(95)) - a355c4c2-cbce-4d32-ac2d-5d7efcc7e61b: remove group-7BD41C1E26FD:null
2019-09-11 12:43:21,538 [RatisPipelineUtilsThread] WARN  pipeline.RatisPipelineUtils (RatisPipelineUtils.java:destroyPipeline(66)) - Pipeline destroy failed for pipeline=PipelineID=21608d1a-2997-47fb-85ec-7bd41c1e26fd dn=a355c4c2-cbce-4d32-ac2d-5d7efcc7e61b{ip: 192.168.69.81, host: pr-hdds-2109-6lgm5-4208394744, networkLocation: /default-rack, certSerialId: null}
2019-09-11 12:43:21,540 [grpc-default-executor-4] INFO  impl.RaftServerProxy (RaftServerProxy.java:remove(95)) - 608419ff-9e1e-46ed-b668-4d330b5fd69a: remove group-7BD41C1E26FD:null
2019-09-11 12:43:21,542 [RatisPipelineUtilsThread] WARN  pipeline.RatisPipelineUtils (RatisPipelineUtils.java:destroyPipeline(66)) - Pipeline destroy failed for pipeline=PipelineID=21608d1a-2997-47fb-85ec-7bd41c1e26fd dn=608419ff-9e1e-46ed-b668-4d330b5fd69a{ip: 192.168.69.81, host: pr-hdds-2109-6lgm5-4208394744, networkLocation: /default-rack, certSerialId: null}
2019-09-11 12:43:21,545 [grpc-default-executor-4] INFO  impl.RaftServerProxy (RaftServerProxy.java:remove(95)) - 5a49129c-fcc1-4df1-b4f9-e84c17474790: remove group-7BD41C1E26FD:null
2019-09-11 12:43:21,546 [RatisPipelineUtilsThread] WARN  pipeline.RatisPipelineUtils (RatisPipelineUtils.java:destroyPipeline(66)) - Pipeline destroy failed for pipeline=PipelineID=21608d1a-2997-47fb-85ec-7bd41c1e26fd dn=5a49129c-fcc1-4df1-b4f9-e84c17474790{ip: 192.168.69.81, host: pr-hdds-2109-6lgm5-4208394744, networkLocation: /default-rack, certSerialId: null}
2019-09-11 12:43:21,547 [RatisPipelineUtilsThread] ERROR pipeline.SCMPipelineManager (Scheduler.java:lambda$schedule$1(70)) - Destroy pipeline failed for pipeline:Pipeline[ Id: 21608d1a-2997-47fb-85ec-7bd41c1e26fd, Nodes: a355c4c2-cbce-4d32-ac2d-5d7efcc7e61b{ip: 192.168.69.81, host: pr-hdds-2109-6lgm5-4208394744, networkLocation: /default-rack, certSerialId: null}608419ff-9e1e-46ed-b668-4d330b5fd69a{ip: 192.168.69.81, host: pr-hdds-2109-6lgm5-4208394744, networkLocation: /default-rack, certSerialId: null}5a49129c-fcc1-4df1-b4f9-e84c17474790{ip: 192.168.69.81, host: pr-hdds-2109-6lgm5-4208394744, networkLocation: /default-rack, certSerialId: null}, Type:RATIS, Factor:THREE, State:CLOSED]
org.apache.hadoop.hdds.scm.pipeline.PipelineNotFoundException: PipelineID=21608d1a-2997-47fb-85ec-7bd41c1e26fd not found
	at org.apache.hadoop.hdds.scm.pipeline.PipelineStateMap.getPipeline(PipelineStateMap.java:132)
	at org.apache.hadoop.hdds.scm.pipeline.PipelineStateMap.removePipeline(PipelineStateMap.java:322)
	at org.apache.hadoop.hdds.scm.pipeline.PipelineStateManager.removePipeline(PipelineStateManager.java:107)
	at org.apache.hadoop.hdds.scm.pipeline.SCMPipelineManager.removePipeline(SCMPipelineManager.java:423)
	at org.apache.hadoop.hdds.scm.pipeline.SCMPipelineManager.destroyPipeline(SCMPipelineManager.java:409)
	at org.apache.hadoop.hdds.scm.pipeline.SCMPipelineManager.lambda$finalizeAndDestroyPipeline$0(SCMPipelineManager.java:318)
	at org.apache.hadoop.utils.Scheduler.lambda$schedule$1(Scheduler.java:68)
	at java.util.concurrent.Executors$RunnableAdapter.call(Executors.java:511)
	at java.util.concurrent.FutureTask.run(FutureTask.java:266)
	at java.util.concurrent.ScheduledThreadPoolExecutor$ScheduledFutureTask.access$201(ScheduledThreadPoolExecutor.java:180)
	at java.util.concurrent.ScheduledThreadPoolExecutor$ScheduledFutureTask.run(ScheduledThreadPoolExecutor.java:293)
	at java.util.concurrent.ThreadPoolExecutor.runWorker(ThreadPoolExecutor.java:1149)
	at java.util.concurrent.ThreadPoolExecutor$Worker.run(ThreadPoolExecutor.java:624)
	at java.lang.Thread.run(Thread.java:748)
2019-09-11 12:43:21,690 [java.util.concurrent.ThreadPoolExecutor$Worker@4e4300e[State = -1, empty queue]] WARN  server.GrpcLogAppender (GrpcLogAppender.java:timeoutAppendRequest(200)) - d8e74394-a0bf-4ec3-a3ce-4740c71bd9b7@group-36481D5C2926->f90b1bbc-0325-4fdc-bdda-dbac376593c0-GrpcLogAppender: appendEntries Timeout, request=d8e74394-a0bf-4ec3-a3ce-4740c71bd9b7->f90b1bbc-0325-4fdc-bdda-dbac376593c0#112-t3, previous=(t:3, i:16), leaderCommit=10, initializing? false, entries: <empty>
2019-09-11 12:43:21,690 [java.util.concurrent.ThreadPoolExecutor$Worker@734c62d3[State = -1, empty queue]] WARN  server.GrpcLogAppender (GrpcLogAppender.java:timeoutAppendRequest(200)) - d8e74394-a0bf-4ec3-a3ce-4740c71bd9b7@group-36481D5C2926->8533a49c-a60c-4c36-849a-1b71101d719e-GrpcLogAppender: appendEntries Timeout, request=d8e74394-a0bf-4ec3-a3ce-4740c71bd9b7->8533a49c-a60c-4c36-849a-1b71101d719e#112-t3, previous=(t:3, i:16), leaderCommit=10, initializing? false, entries: <empty>
2019-09-11 12:43:23,534 [grpc-default-executor-4] INFO  impl.RaftServerProxy (RaftServerProxy.java:remove(95)) - a355c4c2-cbce-4d32-ac2d-5d7efcc7e61b: remove group-7BD41C1E26FD:null
2019-09-11 12:43:23,537 [RatisPipelineUtilsThread] WARN  pipeline.RatisPipelineUtils (RatisPipelineUtils.java:destroyPipeline(66)) - Pipeline destroy failed for pipeline=PipelineID=21608d1a-2997-47fb-85ec-7bd41c1e26fd dn=a355c4c2-cbce-4d32-ac2d-5d7efcc7e61b{ip: 192.168.69.81, host: pr-hdds-2109-6lgm5-4208394744, networkLocation: /default-rack, certSerialId: null}
2019-09-11 12:43:23,540 [grpc-default-executor-3] INFO  impl.RaftServerProxy (RaftServerProxy.java:remove(95)) - 608419ff-9e1e-46ed-b668-4d330b5fd69a: remove group-7BD41C1E26FD:null
2019-09-11 12:43:23,542 [RatisPipelineUtilsThread] WARN  pipeline.RatisPipelineUtils (RatisPipelineUtils.java:destroyPipeline(66)) - Pipeline destroy failed for pipeline=PipelineID=21608d1a-2997-47fb-85ec-7bd41c1e26fd dn=608419ff-9e1e-46ed-b668-4d330b5fd69a{ip: 192.168.69.81, host: pr-hdds-2109-6lgm5-4208394744, networkLocation: /default-rack, certSerialId: null}
2019-09-11 12:43:23,545 [grpc-default-executor-3] INFO  impl.RaftServerProxy (RaftServerProxy.java:remove(95)) - 5a49129c-fcc1-4df1-b4f9-e84c17474790: remove group-7BD41C1E26FD:null
2019-09-11 12:43:23,547 [RatisPipelineUtilsThread] WARN  pipeline.RatisPipelineUtils (RatisPipelineUtils.java:destroyPipeline(66)) - Pipeline destroy failed for pipeline=PipelineID=21608d1a-2997-47fb-85ec-7bd41c1e26fd dn=5a49129c-fcc1-4df1-b4f9-e84c17474790{ip: 192.168.69.81, host: pr-hdds-2109-6lgm5-4208394744, networkLocation: /default-rack, certSerialId: null}
2019-09-11 12:43:23,547 [RatisPipelineUtilsThread] ERROR pipeline.SCMPipelineManager (Scheduler.java:lambda$schedule$1(70)) - Destroy pipeline failed for pipeline:Pipeline[ Id: 21608d1a-2997-47fb-85ec-7bd41c1e26fd, Nodes: a355c4c2-cbce-4d32-ac2d-5d7efcc7e61b{ip: 192.168.69.81, host: pr-hdds-2109-6lgm5-4208394744, networkLocation: /default-rack, certSerialId: null}608419ff-9e1e-46ed-b668-4d330b5fd69a{ip: 192.168.69.81, host: pr-hdds-2109-6lgm5-4208394744, networkLocation: /default-rack, certSerialId: null}5a49129c-fcc1-4df1-b4f9-e84c17474790{ip: 192.168.69.81, host: pr-hdds-2109-6lgm5-4208394744, networkLocation: /default-rack, certSerialId: null}, Type:RATIS, Factor:THREE, State:CLOSED]
org.apache.hadoop.hdds.scm.pipeline.PipelineNotFoundException: PipelineID=21608d1a-2997-47fb-85ec-7bd41c1e26fd not found
	at org.apache.hadoop.hdds.scm.pipeline.PipelineStateMap.getPipeline(PipelineStateMap.java:132)
	at org.apache.hadoop.hdds.scm.pipeline.PipelineStateMap.removePipeline(PipelineStateMap.java:322)
	at org.apache.hadoop.hdds.scm.pipeline.PipelineStateManager.removePipeline(PipelineStateManager.java:107)
	at org.apache.hadoop.hdds.scm.pipeline.SCMPipelineManager.removePipeline(SCMPipelineManager.java:423)
	at org.apache.hadoop.hdds.scm.pipeline.SCMPipelineManager.destroyPipeline(SCMPipelineManager.java:409)
	at org.apache.hadoop.hdds.scm.pipeline.SCMPipelineManager.lambda$finalizeAndDestroyPipeline$0(SCMPipelineManager.java:318)
	at org.apache.hadoop.utils.Scheduler.lambda$schedule$1(Scheduler.java:68)
	at java.util.concurrent.Executors$RunnableAdapter.call(Executors.java:511)
	at java.util.concurrent.FutureTask.run(FutureTask.java:266)
	at java.util.concurrent.ScheduledThreadPoolExecutor$ScheduledFutureTask.access$201(ScheduledThreadPoolExecutor.java:180)
	at java.util.concurrent.ScheduledThreadPoolExecutor$ScheduledFutureTask.run(ScheduledThreadPoolExecutor.java:293)
	at java.util.concurrent.ThreadPoolExecutor.runWorker(ThreadPoolExecutor.java:1149)
	at java.util.concurrent.ThreadPoolExecutor$Worker.run(ThreadPoolExecutor.java:624)
	at java.lang.Thread.run(Thread.java:748)
2019-09-11 12:43:24,069 [grpc-default-executor-3] INFO  client.GrpcClientProtocolClient (GrpcClientProtocolClient.java:onNext(264)) - client-F2C6077FCB6C->f90b1bbc-0325-4fdc-bdda-dbac376593c0: receive RaftClientReply:client-F2C6077FCB6C->f90b1bbc-0325-4fdc-bdda-dbac376593c0@group-36481D5C2926, cid=44, FAILED org.apache.ratis.protocol.NotLeaderException: Server f90b1bbc-0325-4fdc-bdda-dbac376593c0@group-36481D5C2926 is not the leader d8e74394-a0bf-4ec3-a3ce-4740c71bd9b7:192.168.69.81:43465, logIndex=0, commits[f90b1bbc-0325-4fdc-bdda-dbac376593c0:c10, d8e74394-a0bf-4ec3-a3ce-4740c71bd9b7:c10, 8533a49c-a60c-4c36-849a-1b71101d719e:c10]
2019-09-11 12:43:24,191 [java.util.concurrent.ThreadPoolExecutor$Worker@4e4300e[State = -1, empty queue]] WARN  server.GrpcLogAppender (GrpcLogAppender.java:timeoutAppendRequest(200)) - d8e74394-a0bf-4ec3-a3ce-4740c71bd9b7@group-36481D5C2926->f90b1bbc-0325-4fdc-bdda-dbac376593c0-GrpcLogAppender: appendEntries Timeout, request=d8e74394-a0bf-4ec3-a3ce-4740c71bd9b7->f90b1bbc-0325-4fdc-bdda-dbac376593c0#113-t3, previous=(t:3, i:16), leaderCommit=10, initializing? false, entries: <empty>
2019-09-11 12:43:24,191 [java.util.concurrent.ThreadPoolExecutor$Worker@734c62d3[State = -1, empty queue]] WARN  server.GrpcLogAppender (GrpcLogAppender.java:timeoutAppendRequest(200)) - d8e74394-a0bf-4ec3-a3ce-4740c71bd9b7@group-36481D5C2926->8533a49c-a60c-4c36-849a-1b71101d719e-GrpcLogAppender: appendEntries Timeout, request=d8e74394-a0bf-4ec3-a3ce-4740c71bd9b7->8533a49c-a60c-4c36-849a-1b71101d719e#113-t3, previous=(t:3, i:16), leaderCommit=10, initializing? false, entries: <empty>
2019-09-11 12:43:26,536 [grpc-default-executor-3] INFO  impl.RaftServerProxy (RaftServerProxy.java:remove(95)) - a355c4c2-cbce-4d32-ac2d-5d7efcc7e61b: remove group-7BD41C1E26FD:null
2019-09-11 12:43:26,538 [RatisPipelineUtilsThread] WARN  pipeline.RatisPipelineUtils (RatisPipelineUtils.java:destroyPipeline(66)) - Pipeline destroy failed for pipeline=PipelineID=21608d1a-2997-47fb-85ec-7bd41c1e26fd dn=a355c4c2-cbce-4d32-ac2d-5d7efcc7e61b{ip: 192.168.69.81, host: pr-hdds-2109-6lgm5-4208394744, networkLocation: /default-rack, certSerialId: null}
2019-09-11 12:43:26,542 [grpc-default-executor-3] INFO  impl.RaftServerProxy (RaftServerProxy.java:remove(95)) - 608419ff-9e1e-46ed-b668-4d330b5fd69a: remove group-7BD41C1E26FD:null
2019-09-11 12:43:26,544 [RatisPipelineUtilsThread] WARN  pipeline.RatisPipelineUtils (RatisPipelineUtils.java:destroyPipeline(66)) - Pipeline destroy failed for pipeline=PipelineID=21608d1a-2997-47fb-85ec-7bd41c1e26fd dn=608419ff-9e1e-46ed-b668-4d330b5fd69a{ip: 192.168.69.81, host: pr-hdds-2109-6lgm5-4208394744, networkLocation: /default-rack, certSerialId: null}
2019-09-11 12:43:26,547 [grpc-default-executor-3] INFO  impl.RaftServerProxy (RaftServerProxy.java:remove(95)) - 5a49129c-fcc1-4df1-b4f9-e84c17474790: remove group-7BD41C1E26FD:null
2019-09-11 12:43:26,549 [RatisPipelineUtilsThread] WARN  pipeline.RatisPipelineUtils (RatisPipelineUtils.java:destroyPipeline(66)) - Pipeline destroy failed for pipeline=PipelineID=21608d1a-2997-47fb-85ec-7bd41c1e26fd dn=5a49129c-fcc1-4df1-b4f9-e84c17474790{ip: 192.168.69.81, host: pr-hdds-2109-6lgm5-4208394744, networkLocation: /default-rack, certSerialId: null}
2019-09-11 12:43:26,550 [RatisPipelineUtilsThread] ERROR pipeline.SCMPipelineManager (Scheduler.java:lambda$schedule$1(70)) - Destroy pipeline failed for pipeline:Pipeline[ Id: 21608d1a-2997-47fb-85ec-7bd41c1e26fd, Nodes: a355c4c2-cbce-4d32-ac2d-5d7efcc7e61b{ip: 192.168.69.81, host: pr-hdds-2109-6lgm5-4208394744, networkLocation: /default-rack, certSerialId: null}608419ff-9e1e-46ed-b668-4d330b5fd69a{ip: 192.168.69.81, host: pr-hdds-2109-6lgm5-4208394744, networkLocation: /default-rack, certSerialId: null}5a49129c-fcc1-4df1-b4f9-e84c17474790{ip: 192.168.69.81, host: pr-hdds-2109-6lgm5-4208394744, networkLocation: /default-rack, certSerialId: null}, Type:RATIS, Factor:THREE, State:CLOSED]
org.apache.hadoop.hdds.scm.pipeline.PipelineNotFoundException: PipelineID=21608d1a-2997-47fb-85ec-7bd41c1e26fd not found
	at org.apache.hadoop.hdds.scm.pipeline.PipelineStateMap.getPipeline(PipelineStateMap.java:132)
	at org.apache.hadoop.hdds.scm.pipeline.PipelineStateMap.removePipeline(PipelineStateMap.java:322)
	at org.apache.hadoop.hdds.scm.pipeline.PipelineStateManager.removePipeline(PipelineStateManager.java:107)
	at org.apache.hadoop.hdds.scm.pipeline.SCMPipelineManager.removePipeline(SCMPipelineManager.java:423)
	at org.apache.hadoop.hdds.scm.pipeline.SCMPipelineManager.destroyPipeline(SCMPipelineManager.java:409)
	at org.apache.hadoop.hdds.scm.pipeline.SCMPipelineManager.lambda$finalizeAndDestroyPipeline$0(SCMPipelineManager.java:318)
	at org.apache.hadoop.utils.Scheduler.lambda$schedule$1(Scheduler.java:68)
	at java.util.concurrent.Executors$RunnableAdapter.call(Executors.java:511)
	at java.util.concurrent.FutureTask.run(FutureTask.java:266)
	at java.util.concurrent.ScheduledThreadPoolExecutor$ScheduledFutureTask.access$201(ScheduledThreadPoolExecutor.java:180)
	at java.util.concurrent.ScheduledThreadPoolExecutor$ScheduledFutureTask.run(ScheduledThreadPoolExecutor.java:293)
	at java.util.concurrent.ThreadPoolExecutor.runWorker(ThreadPoolExecutor.java:1149)
	at java.util.concurrent.ThreadPoolExecutor$Worker.run(ThreadPoolExecutor.java:624)
	at java.lang.Thread.run(Thread.java:748)
2019-09-11 12:43:26,691 [java.util.concurrent.ThreadPoolExecutor$Worker@734c62d3[State = -1, empty queue]] WARN  server.GrpcLogAppender (GrpcLogAppender.java:timeoutAppendRequest(200)) - d8e74394-a0bf-4ec3-a3ce-4740c71bd9b7@group-36481D5C2926->8533a49c-a60c-4c36-849a-1b71101d719e-GrpcLogAppender: appendEntries Timeout, request=d8e74394-a0bf-4ec3-a3ce-4740c71bd9b7->8533a49c-a60c-4c36-849a-1b71101d719e#114-t3, previous=(t:3, i:16), leaderCommit=10, initializing? false, entries: <empty>
2019-09-11 12:43:26,691 [java.util.concurrent.ThreadPoolExecutor$Worker@4e4300e[State = -1, empty queue]] WARN  server.GrpcLogAppender (GrpcLogAppender.java:timeoutAppendRequest(200)) - d8e74394-a0bf-4ec3-a3ce-4740c71bd9b7@group-36481D5C2926->f90b1bbc-0325-4fdc-bdda-dbac376593c0-GrpcLogAppender: appendEntries Timeout, request=d8e74394-a0bf-4ec3-a3ce-4740c71bd9b7->f90b1bbc-0325-4fdc-bdda-dbac376593c0#114-t3, previous=(t:3, i:16), leaderCommit=10, initializing? false, entries: <empty>
2019-09-11 12:43:27,623 [grpc-default-executor-3] INFO  impl.RaftServerProxy (RaftServerProxy.java:remove(95)) - a355c4c2-cbce-4d32-ac2d-5d7efcc7e61b: remove group-7BD41C1E26FD:null
2019-09-11 12:43:27,626 [RatisPipelineUtilsThread] WARN  pipeline.RatisPipelineUtils (RatisPipelineUtils.java:destroyPipeline(66)) - Pipeline destroy failed for pipeline=PipelineID=21608d1a-2997-47fb-85ec-7bd41c1e26fd dn=a355c4c2-cbce-4d32-ac2d-5d7efcc7e61b{ip: 192.168.69.81, host: pr-hdds-2109-6lgm5-4208394744, networkLocation: /default-rack, certSerialId: null}
2019-09-11 12:43:27,629 [grpc-default-executor-3] INFO  impl.RaftServerProxy (RaftServerProxy.java:remove(95)) - 608419ff-9e1e-46ed-b668-4d330b5fd69a: remove group-7BD41C1E26FD:null
2019-09-11 12:43:27,632 [RatisPipelineUtilsThread] WARN  pipeline.RatisPipelineUtils (RatisPipelineUtils.java:destroyPipeline(66)) - Pipeline destroy failed for pipeline=PipelineID=21608d1a-2997-47fb-85ec-7bd41c1e26fd dn=608419ff-9e1e-46ed-b668-4d330b5fd69a{ip: 192.168.69.81, host: pr-hdds-2109-6lgm5-4208394744, networkLocation: /default-rack, certSerialId: null}
2019-09-11 12:43:27,635 [grpc-default-executor-3] INFO  impl.RaftServerProxy (RaftServerProxy.java:remove(95)) - 5a49129c-fcc1-4df1-b4f9-e84c17474790: remove group-7BD41C1E26FD:null
2019-09-11 12:43:27,637 [RatisPipelineUtilsThread] WARN  pipeline.RatisPipelineUtils (RatisPipelineUtils.java:destroyPipeline(66)) - Pipeline destroy failed for pipeline=PipelineID=21608d1a-2997-47fb-85ec-7bd41c1e26fd dn=5a49129c-fcc1-4df1-b4f9-e84c17474790{ip: 192.168.69.81, host: pr-hdds-2109-6lgm5-4208394744, networkLocation: /default-rack, certSerialId: null}
2019-09-11 12:43:27,637 [RatisPipelineUtilsThread] ERROR pipeline.SCMPipelineManager (Scheduler.java:lambda$schedule$1(70)) - Destroy pipeline failed for pipeline:Pipeline[ Id: 21608d1a-2997-47fb-85ec-7bd41c1e26fd, Nodes: a355c4c2-cbce-4d32-ac2d-5d7efcc7e61b{ip: 192.168.69.81, host: pr-hdds-2109-6lgm5-4208394744, networkLocation: /default-rack, certSerialId: null}608419ff-9e1e-46ed-b668-4d330b5fd69a{ip: 192.168.69.81, host: pr-hdds-2109-6lgm5-4208394744, networkLocation: /default-rack, certSerialId: null}5a49129c-fcc1-4df1-b4f9-e84c17474790{ip: 192.168.69.81, host: pr-hdds-2109-6lgm5-4208394744, networkLocation: /default-rack, certSerialId: null}, Type:RATIS, Factor:THREE, State:CLOSED]
org.apache.hadoop.hdds.scm.pipeline.PipelineNotFoundException: PipelineID=21608d1a-2997-47fb-85ec-7bd41c1e26fd not found
	at org.apache.hadoop.hdds.scm.pipeline.PipelineStateMap.getPipeline(PipelineStateMap.java:132)
	at org.apache.hadoop.hdds.scm.pipeline.PipelineStateMap.removePipeline(PipelineStateMap.java:322)
	at org.apache.hadoop.hdds.scm.pipeline.PipelineStateManager.removePipeline(PipelineStateManager.java:107)
	at org.apache.hadoop.hdds.scm.pipeline.SCMPipelineManager.removePipeline(SCMPipelineManager.java:423)
	at org.apache.hadoop.hdds.scm.pipeline.SCMPipelineManager.destroyPipeline(SCMPipelineManager.java:409)
	at org.apache.hadoop.hdds.scm.pipeline.SCMPipelineManager.lambda$finalizeAndDestroyPipeline$0(SCMPipelineManager.java:318)
	at org.apache.hadoop.utils.Scheduler.lambda$schedule$1(Scheduler.java:68)
	at java.util.concurrent.Executors$RunnableAdapter.call(Executors.java:511)
	at java.util.concurrent.FutureTask.run(FutureTask.java:266)
	at java.util.concurrent.ScheduledThreadPoolExecutor$ScheduledFutureTask.access$201(ScheduledThreadPoolExecutor.java:180)
	at java.util.concurrent.ScheduledThreadPoolExecutor$ScheduledFutureTask.run(ScheduledThreadPoolExecutor.java:293)
	at java.util.concurrent.ThreadPoolExecutor.runWorker(ThreadPoolExecutor.java:1149)
	at java.util.concurrent.ThreadPoolExecutor$Worker.run(ThreadPoolExecutor.java:624)
	at java.lang.Thread.run(Thread.java:748)
2019-09-11 12:43:27,867 [grpc-default-executor-3] INFO  impl.RaftServerProxy (RaftServerProxy.java:remove(95)) - a355c4c2-cbce-4d32-ac2d-5d7efcc7e61b: remove group-7BD41C1E26FD:null
2019-09-11 12:43:27,870 [RatisPipelineUtilsThread] WARN  pipeline.RatisPipelineUtils (RatisPipelineUtils.java:destroyPipeline(66)) - Pipeline destroy failed for pipeline=PipelineID=21608d1a-2997-47fb-85ec-7bd41c1e26fd dn=a355c4c2-cbce-4d32-ac2d-5d7efcc7e61b{ip: 192.168.69.81, host: pr-hdds-2109-6lgm5-4208394744, networkLocation: /default-rack, certSerialId: null}
2019-09-11 12:43:27,873 [grpc-default-executor-3] INFO  impl.RaftServerProxy (RaftServerProxy.java:remove(95)) - 608419ff-9e1e-46ed-b668-4d330b5fd69a: remove group-7BD41C1E26FD:null
2019-09-11 12:43:27,875 [RatisPipelineUtilsThread] WARN  pipeline.RatisPipelineUtils (RatisPipelineUtils.java:destroyPipeline(66)) - Pipeline destroy failed for pipeline=PipelineID=21608d1a-2997-47fb-85ec-7bd41c1e26fd dn=608419ff-9e1e-46ed-b668-4d330b5fd69a{ip: 192.168.69.81, host: pr-hdds-2109-6lgm5-4208394744, networkLocation: /default-rack, certSerialId: null}
2019-09-11 12:43:27,879 [grpc-default-executor-3] INFO  impl.RaftServerProxy (RaftServerProxy.java:remove(95)) - 5a49129c-fcc1-4df1-b4f9-e84c17474790: remove group-7BD41C1E26FD:null
2019-09-11 12:43:27,881 [RatisPipelineUtilsThread] WARN  pipeline.RatisPipelineUtils (RatisPipelineUtils.java:destroyPipeline(66)) - Pipeline destroy failed for pipeline=PipelineID=21608d1a-2997-47fb-85ec-7bd41c1e26fd dn=5a49129c-fcc1-4df1-b4f9-e84c17474790{ip: 192.168.69.81, host: pr-hdds-2109-6lgm5-4208394744, networkLocation: /default-rack, certSerialId: null}
2019-09-11 12:43:27,881 [RatisPipelineUtilsThread] ERROR pipeline.SCMPipelineManager (Scheduler.java:lambda$schedule$1(70)) - Destroy pipeline failed for pipeline:Pipeline[ Id: 21608d1a-2997-47fb-85ec-7bd41c1e26fd, Nodes: a355c4c2-cbce-4d32-ac2d-5d7efcc7e61b{ip: 192.168.69.81, host: pr-hdds-2109-6lgm5-4208394744, networkLocation: /default-rack, certSerialId: null}608419ff-9e1e-46ed-b668-4d330b5fd69a{ip: 192.168.69.81, host: pr-hdds-2109-6lgm5-4208394744, networkLocation: /default-rack, certSerialId: null}5a49129c-fcc1-4df1-b4f9-e84c17474790{ip: 192.168.69.81, host: pr-hdds-2109-6lgm5-4208394744, networkLocation: /default-rack, certSerialId: null}, Type:RATIS, Factor:THREE, State:CLOSED]
org.apache.hadoop.hdds.scm.pipeline.PipelineNotFoundException: PipelineID=21608d1a-2997-47fb-85ec-7bd41c1e26fd not found
	at org.apache.hadoop.hdds.scm.pipeline.PipelineStateMap.getPipeline(PipelineStateMap.java:132)
	at org.apache.hadoop.hdds.scm.pipeline.PipelineStateMap.removePipeline(PipelineStateMap.java:322)
	at org.apache.hadoop.hdds.scm.pipeline.PipelineStateManager.removePipeline(PipelineStateManager.java:107)
	at org.apache.hadoop.hdds.scm.pipeline.SCMPipelineManager.removePipeline(SCMPipelineManager.java:423)
	at org.apache.hadoop.hdds.scm.pipeline.SCMPipelineManager.destroyPipeline(SCMPipelineManager.java:409)
	at org.apache.hadoop.hdds.scm.pipeline.SCMPipelineManager.lambda$finalizeAndDestroyPipeline$0(SCMPipelineManager.java:318)
	at org.apache.hadoop.utils.Scheduler.lambda$schedule$1(Scheduler.java:68)
	at java.util.concurrent.Executors$RunnableAdapter.call(Executors.java:511)
	at java.util.concurrent.FutureTask.run(FutureTask.java:266)
	at java.util.concurrent.ScheduledThreadPoolExecutor$ScheduledFutureTask.access$201(ScheduledThreadPoolExecutor.java:180)
	at java.util.concurrent.ScheduledThreadPoolExecutor$ScheduledFutureTask.run(ScheduledThreadPoolExecutor.java:293)
	at java.util.concurrent.ThreadPoolExecutor.runWorker(ThreadPoolExecutor.java:1149)
	at java.util.concurrent.ThreadPoolExecutor$Worker.run(ThreadPoolExecutor.java:624)
	at java.lang.Thread.run(Thread.java:748)
2019-09-11 12:43:28,098 [grpc-default-executor-3] INFO  impl.RaftServerProxy (RaftServerProxy.java:remove(95)) - a355c4c2-cbce-4d32-ac2d-5d7efcc7e61b: remove group-7BD41C1E26FD:null
2019-09-11 12:43:28,100 [RatisPipelineUtilsThread] WARN  pipeline.RatisPipelineUtils (RatisPipelineUtils.java:destroyPipeline(66)) - Pipeline destroy failed for pipeline=PipelineID=21608d1a-2997-47fb-85ec-7bd41c1e26fd dn=a355c4c2-cbce-4d32-ac2d-5d7efcc7e61b{ip: 192.168.69.81, host: pr-hdds-2109-6lgm5-4208394744, networkLocation: /default-rack, certSerialId: null}
2019-09-11 12:43:28,103 [grpc-default-executor-3] INFO  impl.RaftServerProxy (RaftServerProxy.java:remove(95)) - 608419ff-9e1e-46ed-b668-4d330b5fd69a: remove group-7BD41C1E26FD:null
2019-09-11 12:43:28,105 [RatisPipelineUtilsThread] WARN  pipeline.RatisPipelineUtils (RatisPipelineUtils.java:destroyPipeline(66)) - Pipeline destroy failed for pipeline=PipelineID=21608d1a-2997-47fb-85ec-7bd41c1e26fd dn=608419ff-9e1e-46ed-b668-4d330b5fd69a{ip: 192.168.69.81, host: pr-hdds-2109-6lgm5-4208394744, networkLocation: /default-rack, certSerialId: null}
2019-09-11 12:43:28,107 [grpc-default-executor-3] INFO  impl.RaftServerProxy (RaftServerProxy.java:remove(95)) - 5a49129c-fcc1-4df1-b4f9-e84c17474790: remove group-7BD41C1E26FD:null
2019-09-11 12:43:28,109 [RatisPipelineUtilsThread] WARN  pipeline.RatisPipelineUtils (RatisPipelineUtils.java:destroyPipeline(66)) - Pipeline destroy failed for pipeline=PipelineID=21608d1a-2997-47fb-85ec-7bd41c1e26fd dn=5a49129c-fcc1-4df1-b4f9-e84c17474790{ip: 192.168.69.81, host: pr-hdds-2109-6lgm5-4208394744, networkLocation: /default-rack, certSerialId: null}
2019-09-11 12:43:28,110 [RatisPipelineUtilsThread] ERROR pipeline.SCMPipelineManager (Scheduler.java:lambda$schedule$1(70)) - Destroy pipeline failed for pipeline:Pipeline[ Id: 21608d1a-2997-47fb-85ec-7bd41c1e26fd, Nodes: a355c4c2-cbce-4d32-ac2d-5d7efcc7e61b{ip: 192.168.69.81, host: pr-hdds-2109-6lgm5-4208394744, networkLocation: /default-rack, certSerialId: null}608419ff-9e1e-46ed-b668-4d330b5fd69a{ip: 192.168.69.81, host: pr-hdds-2109-6lgm5-4208394744, networkLocation: /default-rack, certSerialId: null}5a49129c-fcc1-4df1-b4f9-e84c17474790{ip: 192.168.69.81, host: pr-hdds-2109-6lgm5-4208394744, networkLocation: /default-rack, certSerialId: null}, Type:RATIS, Factor:THREE, State:CLOSED]
org.apache.hadoop.hdds.scm.pipeline.PipelineNotFoundException: PipelineID=21608d1a-2997-47fb-85ec-7bd41c1e26fd not found
	at org.apache.hadoop.hdds.scm.pipeline.PipelineStateMap.getPipeline(PipelineStateMap.java:132)
	at org.apache.hadoop.hdds.scm.pipeline.PipelineStateMap.removePipeline(PipelineStateMap.java:322)
	at org.apache.hadoop.hdds.scm.pipeline.PipelineStateManager.removePipeline(PipelineStateManager.java:107)
	at org.apache.hadoop.hdds.scm.pipeline.SCMPipelineManager.removePipeline(SCMPipelineManager.java:423)
	at org.apache.hadoop.hdds.scm.pipeline.SCMPipelineManager.destroyPipeline(SCMPipelineManager.java:409)
	at org.apache.hadoop.hdds.scm.pipeline.SCMPipelineManager.lambda$finalizeAndDestroyPipeline$0(SCMPipelineManager.java:318)
	at org.apache.hadoop.utils.Scheduler.lambda$schedule$1(Scheduler.java:68)
	at java.util.concurrent.Executors$RunnableAdapter.call(Executors.java:511)
	at java.util.concurrent.FutureTask.run(FutureTask.java:266)
	at java.util.concurrent.ScheduledThreadPoolExecutor$ScheduledFutureTask.access$201(ScheduledThreadPoolExecutor.java:180)
	at java.util.concurrent.ScheduledThreadPoolExecutor$ScheduledFutureTask.run(ScheduledThreadPoolExecutor.java:293)
	at java.util.concurrent.ThreadPoolExecutor.runWorker(ThreadPoolExecutor.java:1149)
	at java.util.concurrent.ThreadPoolExecutor$Worker.run(ThreadPoolExecutor.java:624)
	at java.lang.Thread.run(Thread.java:748)
2019-09-11 12:43:28,854 [8533a49c-a60c-4c36-849a-1b71101d719e@group-36481D5C2926-SegmentedRaftLogWorker] WARN  segmented.SegmentedRaftLogWorker (SegmentedRaftLogWorker.java:getFromFuture(90)) - Timeout 5/~
org.apache.ratis.protocol.TimeoutIOException: Timeout 10s: WriteLog:12: (t:3, i:12), STATEMACHINELOGENTRY, client-F2C6077FCB6C, cid=45-writeStateMachineData
	at org.apache.ratis.util.IOUtils.getFromFuture(IOUtils.java:87)
	at org.apache.ratis.server.raftlog.segmented.SegmentedRaftLogWorker$StateMachineDataPolicy.getFromFuture(SegmentedRaftLogWorker.java:87)
	at org.apache.ratis.server.raftlog.segmented.SegmentedRaftLogWorker$WriteLog.execute(SegmentedRaftLogWorker.java:477)
	at org.apache.ratis.server.raftlog.segmented.SegmentedRaftLogWorker.run(SegmentedRaftLogWorker.java:289)
	at java.lang.Thread.run(Thread.java:748)
Caused by: java.util.concurrent.TimeoutException
	at java.util.concurrent.CompletableFuture.timedGet(CompletableFuture.java:1771)
	at java.util.concurrent.CompletableFuture.get(CompletableFuture.java:1915)
	at org.apache.ratis.util.IOUtils.getFromFuture(IOUtils.java:79)
	... 4 more
2019-09-11 12:43:28,855 [f90b1bbc-0325-4fdc-bdda-dbac376593c0@group-36481D5C2926-SegmentedRaftLogWorker] WARN  segmented.SegmentedRaftLogWorker (SegmentedRaftLogWorker.java:getFromFuture(90)) - Timeout 5/~
org.apache.ratis.protocol.TimeoutIOException: Timeout 10s: WriteLog:12: (t:3, i:12), STATEMACHINELOGENTRY, client-F2C6077FCB6C, cid=45-writeStateMachineData
	at org.apache.ratis.util.IOUtils.getFromFuture(IOUtils.java:87)
	at org.apache.ratis.server.raftlog.segmented.SegmentedRaftLogWorker$StateMachineDataPolicy.getFromFuture(SegmentedRaftLogWorker.java:87)
	at org.apache.ratis.server.raftlog.segmented.SegmentedRaftLogWorker$WriteLog.execute(SegmentedRaftLogWorker.java:477)
	at org.apache.ratis.server.raftlog.segmented.SegmentedRaftLogWorker.run(SegmentedRaftLogWorker.java:289)
	at java.lang.Thread.run(Thread.java:748)
Caused by: java.util.concurrent.TimeoutException
	at java.util.concurrent.CompletableFuture.timedGet(CompletableFuture.java:1771)
	at java.util.concurrent.CompletableFuture.get(CompletableFuture.java:1915)
	at org.apache.ratis.util.IOUtils.getFromFuture(IOUtils.java:79)
	... 4 more
2019-09-11 12:43:28,855 [d8e74394-a0bf-4ec3-a3ce-4740c71bd9b7@group-36481D5C2926-SegmentedRaftLogWorker] WARN  segmented.SegmentedRaftLogWorker (SegmentedRaftLogWorker.java:getFromFuture(90)) - Timeout 5/~
org.apache.ratis.protocol.TimeoutIOException: Timeout 10s: WriteLog:12: (t:3, i:12), STATEMACHINELOGENTRY, client-F2C6077FCB6C, cid=45-writeStateMachineData
	at org.apache.ratis.util.IOUtils.getFromFuture(IOUtils.java:87)
	at org.apache.ratis.server.raftlog.segmented.SegmentedRaftLogWorker$StateMachineDataPolicy.getFromFuture(SegmentedRaftLogWorker.java:87)
	at org.apache.ratis.server.raftlog.segmented.SegmentedRaftLogWorker$WriteLog.execute(SegmentedRaftLogWorker.java:477)
	at org.apache.ratis.server.raftlog.segmented.SegmentedRaftLogWorker.run(SegmentedRaftLogWorker.java:289)
	at java.lang.Thread.run(Thread.java:748)
Caused by: java.util.concurrent.TimeoutException
	at java.util.concurrent.CompletableFuture.timedGet(CompletableFuture.java:1771)
	at java.util.concurrent.CompletableFuture.get(CompletableFuture.java:1915)
	at org.apache.ratis.util.IOUtils.getFromFuture(IOUtils.java:79)
	... 4 more
2019-09-11 12:43:29,104 [grpc-default-executor-3] INFO  client.GrpcClientProtocolClient (GrpcClientProtocolClient.java:onNext(264)) - client-F2C6077FCB6C->f90b1bbc-0325-4fdc-bdda-dbac376593c0: receive RaftClientReply:client-F2C6077FCB6C->f90b1bbc-0325-4fdc-bdda-dbac376593c0@group-36481D5C2926, cid=44, FAILED org.apache.ratis.protocol.NotLeaderException: Server f90b1bbc-0325-4fdc-bdda-dbac376593c0@group-36481D5C2926 is not the leader d8e74394-a0bf-4ec3-a3ce-4740c71bd9b7:192.168.69.81:43465, logIndex=0, commits[f90b1bbc-0325-4fdc-bdda-dbac376593c0:c10, d8e74394-a0bf-4ec3-a3ce-4740c71bd9b7:c10, 8533a49c-a60c-4c36-849a-1b71101d719e:c10]
2019-09-11 12:43:29,191 [java.util.concurrent.ThreadPoolExecutor$Worker@734c62d3[State = -1, empty queue]] WARN  server.GrpcLogAppender (GrpcLogAppender.java:timeoutAppendRequest(200)) - d8e74394-a0bf-4ec3-a3ce-4740c71bd9b7@group-36481D5C2926->8533a49c-a60c-4c36-849a-1b71101d719e-GrpcLogAppender: appendEntries Timeout, request=d8e74394-a0bf-4ec3-a3ce-4740c71bd9b7->8533a49c-a60c-4c36-849a-1b71101d719e#115-t3, previous=(t:3, i:16), leaderCommit=10, initializing? false, entries: <empty>
2019-09-11 12:43:29,191 [java.util.concurrent.ThreadPoolExecutor$Worker@4e4300e[State = -1, empty queue]] WARN  server.GrpcLogAppender (GrpcLogAppender.java:timeoutAppendRequest(200)) - d8e74394-a0bf-4ec3-a3ce-4740c71bd9b7@group-36481D5C2926->f90b1bbc-0325-4fdc-bdda-dbac376593c0-GrpcLogAppender: appendEntries Timeout, request=d8e74394-a0bf-4ec3-a3ce-4740c71bd9b7->f90b1bbc-0325-4fdc-bdda-dbac376593c0#115-t3, previous=(t:3, i:16), leaderCommit=10, initializing? false, entries: <empty>
2019-09-11 12:43:31,692 [java.util.concurrent.ThreadPoolExecutor$Worker@4e4300e[State = -1, empty queue]] WARN  server.GrpcLogAppender (GrpcLogAppender.java:timeoutAppendRequest(200)) - d8e74394-a0bf-4ec3-a3ce-4740c71bd9b7@group-36481D5C2926->f90b1bbc-0325-4fdc-bdda-dbac376593c0-GrpcLogAppender: appendEntries Timeout, request=d8e74394-a0bf-4ec3-a3ce-4740c71bd9b7->f90b1bbc-0325-4fdc-bdda-dbac376593c0#116-t3, previous=(t:3, i:16), leaderCommit=10, initializing? false, entries: <empty>
2019-09-11 12:43:31,692 [java.util.concurrent.ThreadPoolExecutor$Worker@734c62d3[State = -1, empty queue]] WARN  server.GrpcLogAppender (GrpcLogAppender.java:timeoutAppendRequest(200)) - d8e74394-a0bf-4ec3-a3ce-4740c71bd9b7@group-36481D5C2926->8533a49c-a60c-4c36-849a-1b71101d719e-GrpcLogAppender: appendEntries Timeout, request=d8e74394-a0bf-4ec3-a3ce-4740c71bd9b7->8533a49c-a60c-4c36-849a-1b71101d719e#116-t3, previous=(t:3, i:16), leaderCommit=10, initializing? false, entries: <empty>
2019-09-11 12:43:34,160 [grpc-default-executor-4] INFO  client.GrpcClientProtocolClient (GrpcClientProtocolClient.java:onNext(264)) - client-F2C6077FCB6C->8533a49c-a60c-4c36-849a-1b71101d719e: receive RaftClientReply:client-F2C6077FCB6C->8533a49c-a60c-4c36-849a-1b71101d719e@group-36481D5C2926, cid=44, FAILED org.apache.ratis.protocol.NotLeaderException: Server 8533a49c-a60c-4c36-849a-1b71101d719e@group-36481D5C2926 is not the leader d8e74394-a0bf-4ec3-a3ce-4740c71bd9b7:192.168.69.81:43465, logIndex=0, commits[8533a49c-a60c-4c36-849a-1b71101d719e:c10, f90b1bbc-0325-4fdc-bdda-dbac376593c0:c10, d8e74394-a0bf-4ec3-a3ce-4740c71bd9b7:c10]
2019-09-11 12:43:34,192 [java.util.concurrent.ThreadPoolExecutor$Worker@4e4300e[State = -1, empty queue]] WARN  server.GrpcLogAppender (GrpcLogAppender.java:timeoutAppendRequest(200)) - d8e74394-a0bf-4ec3-a3ce-4740c71bd9b7@group-36481D5C2926->f90b1bbc-0325-4fdc-bdda-dbac376593c0-GrpcLogAppender: appendEntries Timeout, request=d8e74394-a0bf-4ec3-a3ce-4740c71bd9b7->f90b1bbc-0325-4fdc-bdda-dbac376593c0#117-t3, previous=(t:3, i:16), leaderCommit=10, initializing? false, entries: <empty>
2019-09-11 12:43:34,192 [java.util.concurrent.ThreadPoolExecutor$Worker@734c62d3[State = -1, empty queue]] WARN  server.GrpcLogAppender (GrpcLogAppender.java:timeoutAppendRequest(200)) - d8e74394-a0bf-4ec3-a3ce-4740c71bd9b7@group-36481D5C2926->8533a49c-a60c-4c36-849a-1b71101d719e-GrpcLogAppender: appendEntries Timeout, request=d8e74394-a0bf-4ec3-a3ce-4740c71bd9b7->8533a49c-a60c-4c36-849a-1b71101d719e#117-t3, previous=(t:3, i:16), leaderCommit=10, initializing? false, entries: <empty>
2019-09-11 12:43:36,692 [java.util.concurrent.ThreadPoolExecutor$Worker@4e4300e[State = -1, empty queue]] WARN  server.GrpcLogAppender (GrpcLogAppender.java:timeoutAppendRequest(200)) - d8e74394-a0bf-4ec3-a3ce-4740c71bd9b7@group-36481D5C2926->f90b1bbc-0325-4fdc-bdda-dbac376593c0-GrpcLogAppender: appendEntries Timeout, request=d8e74394-a0bf-4ec3-a3ce-4740c71bd9b7->f90b1bbc-0325-4fdc-bdda-dbac376593c0#118-t3, previous=(t:3, i:16), leaderCommit=10, initializing? false, entries: <empty>
2019-09-11 12:43:36,692 [java.util.concurrent.ThreadPoolExecutor$Worker@734c62d3[State = -1, empty queue]] WARN  server.GrpcLogAppender (GrpcLogAppender.java:timeoutAppendRequest(200)) - d8e74394-a0bf-4ec3-a3ce-4740c71bd9b7@group-36481D5C2926->8533a49c-a60c-4c36-849a-1b71101d719e-GrpcLogAppender: appendEntries Timeout, request=d8e74394-a0bf-4ec3-a3ce-4740c71bd9b7->8533a49c-a60c-4c36-849a-1b71101d719e#118-t3, previous=(t:3, i:16), leaderCommit=10, initializing? false, entries: <empty>
2019-09-11 12:43:38,855 [8533a49c-a60c-4c36-849a-1b71101d719e@group-36481D5C2926-SegmentedRaftLogWorker] WARN  segmented.SegmentedRaftLogWorker (SegmentedRaftLogWorker.java:getFromFuture(90)) - Timeout 6/~
org.apache.ratis.protocol.TimeoutIOException: Timeout 10s: WriteLog:12: (t:3, i:12), STATEMACHINELOGENTRY, client-F2C6077FCB6C, cid=45-writeStateMachineData
	at org.apache.ratis.util.IOUtils.getFromFuture(IOUtils.java:87)
	at org.apache.ratis.server.raftlog.segmented.SegmentedRaftLogWorker$StateMachineDataPolicy.getFromFuture(SegmentedRaftLogWorker.java:87)
	at org.apache.ratis.server.raftlog.segmented.SegmentedRaftLogWorker$WriteLog.execute(SegmentedRaftLogWorker.java:477)
	at org.apache.ratis.server.raftlog.segmented.SegmentedRaftLogWorker.run(SegmentedRaftLogWorker.java:289)
	at java.lang.Thread.run(Thread.java:748)
Caused by: java.util.concurrent.TimeoutException
	at java.util.concurrent.CompletableFuture.timedGet(CompletableFuture.java:1771)
	at java.util.concurrent.CompletableFuture.get(CompletableFuture.java:1915)
	at org.apache.ratis.util.IOUtils.getFromFuture(IOUtils.java:79)
	... 4 more
2019-09-11 12:43:38,856 [f90b1bbc-0325-4fdc-bdda-dbac376593c0@group-36481D5C2926-SegmentedRaftLogWorker] WARN  segmented.SegmentedRaftLogWorker (SegmentedRaftLogWorker.java:getFromFuture(90)) - Timeout 6/~
org.apache.ratis.protocol.TimeoutIOException: Timeout 10s: WriteLog:12: (t:3, i:12), STATEMACHINELOGENTRY, client-F2C6077FCB6C, cid=45-writeStateMachineData
	at org.apache.ratis.util.IOUtils.getFromFuture(IOUtils.java:87)
	at org.apache.ratis.server.raftlog.segmented.SegmentedRaftLogWorker$StateMachineDataPolicy.getFromFuture(SegmentedRaftLogWorker.java:87)
	at org.apache.ratis.server.raftlog.segmented.SegmentedRaftLogWorker$WriteLog.execute(SegmentedRaftLogWorker.java:477)
	at org.apache.ratis.server.raftlog.segmented.SegmentedRaftLogWorker.run(SegmentedRaftLogWorker.java:289)
	at java.lang.Thread.run(Thread.java:748)
Caused by: java.util.concurrent.TimeoutException
	at java.util.concurrent.CompletableFuture.timedGet(CompletableFuture.java:1771)
	at java.util.concurrent.CompletableFuture.get(CompletableFuture.java:1915)
	at org.apache.ratis.util.IOUtils.getFromFuture(IOUtils.java:79)
	... 4 more
2019-09-11 12:43:38,874 [d8e74394-a0bf-4ec3-a3ce-4740c71bd9b7@group-36481D5C2926-SegmentedRaftLogWorker] WARN  segmented.SegmentedRaftLogWorker (SegmentedRaftLogWorker.java:getFromFuture(90)) - Timeout 6/~
org.apache.ratis.protocol.TimeoutIOException: Timeout 10s: WriteLog:12: (t:3, i:12), STATEMACHINELOGENTRY, client-F2C6077FCB6C, cid=45-writeStateMachineData
	at org.apache.ratis.util.IOUtils.getFromFuture(IOUtils.java:87)
	at org.apache.ratis.server.raftlog.segmented.SegmentedRaftLogWorker$StateMachineDataPolicy.getFromFuture(SegmentedRaftLogWorker.java:87)
	at org.apache.ratis.server.raftlog.segmented.SegmentedRaftLogWorker$WriteLog.execute(SegmentedRaftLogWorker.java:477)
	at org.apache.ratis.server.raftlog.segmented.SegmentedRaftLogWorker.run(SegmentedRaftLogWorker.java:289)
	at java.lang.Thread.run(Thread.java:748)
Caused by: java.util.concurrent.TimeoutException
	at java.util.concurrent.CompletableFuture.timedGet(CompletableFuture.java:1771)
	at java.util.concurrent.CompletableFuture.get(CompletableFuture.java:1915)
	at org.apache.ratis.util.IOUtils.getFromFuture(IOUtils.java:79)
	... 4 more
2019-09-11 12:43:39,192 [java.util.concurrent.ThreadPoolExecutor$Worker@4e4300e[State = -1, empty queue]] WARN  server.GrpcLogAppender (GrpcLogAppender.java:timeoutAppendRequest(200)) - d8e74394-a0bf-4ec3-a3ce-4740c71bd9b7@group-36481D5C2926->f90b1bbc-0325-4fdc-bdda-dbac376593c0-GrpcLogAppender: appendEntries Timeout, request=d8e74394-a0bf-4ec3-a3ce-4740c71bd9b7->f90b1bbc-0325-4fdc-bdda-dbac376593c0#119-t3, previous=(t:3, i:16), leaderCommit=10, initializing? false, entries: <empty>
2019-09-11 12:43:39,192 [java.util.concurrent.ThreadPoolExecutor$Worker@734c62d3[State = -1, empty queue]] WARN  server.GrpcLogAppender (GrpcLogAppender.java:timeoutAppendRequest(200)) - d8e74394-a0bf-4ec3-a3ce-4740c71bd9b7@group-36481D5C2926->8533a49c-a60c-4c36-849a-1b71101d719e-GrpcLogAppender: appendEntries Timeout, request=d8e74394-a0bf-4ec3-a3ce-4740c71bd9b7->8533a49c-a60c-4c36-849a-1b71101d719e#119-t3, previous=(t:3, i:16), leaderCommit=10, initializing? false, entries: <empty>
2019-09-11 12:43:39,220 [grpc-default-executor-4] INFO  client.GrpcClientProtocolClient (GrpcClientProtocolClient.java:onNext(264)) - client-F2C6077FCB6C->f90b1bbc-0325-4fdc-bdda-dbac376593c0: receive RaftClientReply:client-F2C6077FCB6C->f90b1bbc-0325-4fdc-bdda-dbac376593c0@group-36481D5C2926, cid=44, FAILED org.apache.ratis.protocol.NotLeaderException: Server f90b1bbc-0325-4fdc-bdda-dbac376593c0@group-36481D5C2926 is not the leader d8e74394-a0bf-4ec3-a3ce-4740c71bd9b7:192.168.69.81:43465, logIndex=0, commits[f90b1bbc-0325-4fdc-bdda-dbac376593c0:c10, d8e74394-a0bf-4ec3-a3ce-4740c71bd9b7:c10, 8533a49c-a60c-4c36-849a-1b71101d719e:c10]
2019-09-11 12:43:41,693 [java.util.concurrent.ThreadPoolExecutor$Worker@734c62d3[State = -1, empty queue]] WARN  server.GrpcLogAppender (GrpcLogAppender.java:timeoutAppendRequest(200)) - d8e74394-a0bf-4ec3-a3ce-4740c71bd9b7@group-36481D5C2926->8533a49c-a60c-4c36-849a-1b71101d719e-GrpcLogAppender: appendEntries Timeout, request=d8e74394-a0bf-4ec3-a3ce-4740c71bd9b7->8533a49c-a60c-4c36-849a-1b71101d719e#120-t3, previous=(t:3, i:16), leaderCommit=10, initializing? false, entries: <empty>
2019-09-11 12:43:41,693 [java.util.concurrent.ThreadPoolExecutor$Worker@4e4300e[State = -1, empty queue]] WARN  server.GrpcLogAppender (GrpcLogAppender.java:timeoutAppendRequest(200)) - d8e74394-a0bf-4ec3-a3ce-4740c71bd9b7@group-36481D5C2926->f90b1bbc-0325-4fdc-bdda-dbac376593c0-GrpcLogAppender: appendEntries Timeout, request=d8e74394-a0bf-4ec3-a3ce-4740c71bd9b7->f90b1bbc-0325-4fdc-bdda-dbac376593c0#120-t3, previous=(t:3, i:16), leaderCommit=10, initializing? false, entries: <empty>
2019-09-11 12:43:44,193 [java.util.concurrent.ThreadPoolExecutor$Worker@734c62d3[State = -1, empty queue]] WARN  server.GrpcLogAppender (GrpcLogAppender.java:timeoutAppendRequest(200)) - d8e74394-a0bf-4ec3-a3ce-4740c71bd9b7@group-36481D5C2926->8533a49c-a60c-4c36-849a-1b71101d719e-GrpcLogAppender: appendEntries Timeout, request=d8e74394-a0bf-4ec3-a3ce-4740c71bd9b7->8533a49c-a60c-4c36-849a-1b71101d719e#121-t3, previous=(t:3, i:16), leaderCommit=10, initializing? false, entries: <empty>
2019-09-11 12:43:44,193 [java.util.concurrent.ThreadPoolExecutor$Worker@4e4300e[State = -1, empty queue]] WARN  server.GrpcLogAppender (GrpcLogAppender.java:timeoutAppendRequest(200)) - d8e74394-a0bf-4ec3-a3ce-4740c71bd9b7@group-36481D5C2926->f90b1bbc-0325-4fdc-bdda-dbac376593c0-GrpcLogAppender: appendEntries Timeout, request=d8e74394-a0bf-4ec3-a3ce-4740c71bd9b7->f90b1bbc-0325-4fdc-bdda-dbac376593c0#121-t3, previous=(t:3, i:16), leaderCommit=10, initializing? false, entries: <empty>
2019-09-11 12:43:44,270 [grpc-default-executor-0] INFO  client.GrpcClientProtocolClient (GrpcClientProtocolClient.java:onNext(264)) - client-F2C6077FCB6C->8533a49c-a60c-4c36-849a-1b71101d719e: receive RaftClientReply:client-F2C6077FCB6C->8533a49c-a60c-4c36-849a-1b71101d719e@group-36481D5C2926, cid=44, FAILED org.apache.ratis.protocol.NotLeaderException: Server 8533a49c-a60c-4c36-849a-1b71101d719e@group-36481D5C2926 is not the leader d8e74394-a0bf-4ec3-a3ce-4740c71bd9b7:192.168.69.81:43465, logIndex=0, commits[8533a49c-a60c-4c36-849a-1b71101d719e:c10, f90b1bbc-0325-4fdc-bdda-dbac376593c0:c10, d8e74394-a0bf-4ec3-a3ce-4740c71bd9b7:c10]
2019-09-11 12:43:46,693 [java.util.concurrent.ThreadPoolExecutor$Worker@734c62d3[State = -1, empty queue]] WARN  server.GrpcLogAppender (GrpcLogAppender.java:timeoutAppendRequest(200)) - d8e74394-a0bf-4ec3-a3ce-4740c71bd9b7@group-36481D5C2926->8533a49c-a60c-4c36-849a-1b71101d719e-GrpcLogAppender: appendEntries Timeout, request=d8e74394-a0bf-4ec3-a3ce-4740c71bd9b7->8533a49c-a60c-4c36-849a-1b71101d719e#122-t3, previous=(t:3, i:16), leaderCommit=10, initializing? false, entries: <empty>
2019-09-11 12:43:46,693 [java.util.concurrent.ThreadPoolExecutor$Worker@4e4300e[State = -1, empty queue]] WARN  server.GrpcLogAppender (GrpcLogAppender.java:timeoutAppendRequest(200)) - d8e74394-a0bf-4ec3-a3ce-4740c71bd9b7@group-36481D5C2926->f90b1bbc-0325-4fdc-bdda-dbac376593c0-GrpcLogAppender: appendEntries Timeout, request=d8e74394-a0bf-4ec3-a3ce-4740c71bd9b7->f90b1bbc-0325-4fdc-bdda-dbac376593c0#122-t3, previous=(t:3, i:16), leaderCommit=10, initializing? false, entries: <empty>
2019-09-11 12:43:48,856 [8533a49c-a60c-4c36-849a-1b71101d719e@group-36481D5C2926-SegmentedRaftLogWorker] WARN  segmented.SegmentedRaftLogWorker (SegmentedRaftLogWorker.java:getFromFuture(90)) - Timeout 7/~
org.apache.ratis.protocol.TimeoutIOException: Timeout 10s: WriteLog:12: (t:3, i:12), STATEMACHINELOGENTRY, client-F2C6077FCB6C, cid=45-writeStateMachineData
	at org.apache.ratis.util.IOUtils.getFromFuture(IOUtils.java:87)
	at org.apache.ratis.server.raftlog.segmented.SegmentedRaftLogWorker$StateMachineDataPolicy.getFromFuture(SegmentedRaftLogWorker.java:87)
	at org.apache.ratis.server.raftlog.segmented.SegmentedRaftLogWorker$WriteLog.execute(SegmentedRaftLogWorker.java:477)
	at org.apache.ratis.server.raftlog.segmented.SegmentedRaftLogWorker.run(SegmentedRaftLogWorker.java:289)
	at java.lang.Thread.run(Thread.java:748)
Caused by: java.util.concurrent.TimeoutException
	at java.util.concurrent.CompletableFuture.timedGet(CompletableFuture.java:1771)
	at java.util.concurrent.CompletableFuture.get(CompletableFuture.java:1915)
	at org.apache.ratis.util.IOUtils.getFromFuture(IOUtils.java:79)
	... 4 more
2019-09-11 12:43:48,874 [f90b1bbc-0325-4fdc-bdda-dbac376593c0@group-36481D5C2926-SegmentedRaftLogWorker] WARN  segmented.SegmentedRaftLogWorker (SegmentedRaftLogWorker.java:getFromFuture(90)) - Timeout 7/~
org.apache.ratis.protocol.TimeoutIOException: Timeout 10s: WriteLog:12: (t:3, i:12), STATEMACHINELOGENTRY, client-F2C6077FCB6C, cid=45-writeStateMachineData
	at org.apache.ratis.util.IOUtils.getFromFuture(IOUtils.java:87)
	at org.apache.ratis.server.raftlog.segmented.SegmentedRaftLogWorker$StateMachineDataPolicy.getFromFuture(SegmentedRaftLogWorker.java:87)
	at org.apache.ratis.server.raftlog.segmented.SegmentedRaftLogWorker$WriteLog.execute(SegmentedRaftLogWorker.java:477)
	at org.apache.ratis.server.raftlog.segmented.SegmentedRaftLogWorker.run(SegmentedRaftLogWorker.java:289)
	at java.lang.Thread.run(Thread.java:748)
Caused by: java.util.concurrent.TimeoutException
	at java.util.concurrent.CompletableFuture.timedGet(CompletableFuture.java:1771)
	at java.util.concurrent.CompletableFuture.get(CompletableFuture.java:1915)
	at org.apache.ratis.util.IOUtils.getFromFuture(IOUtils.java:79)
	... 4 more
2019-09-11 12:43:48,874 [d8e74394-a0bf-4ec3-a3ce-4740c71bd9b7@group-36481D5C2926-SegmentedRaftLogWorker] WARN  segmented.SegmentedRaftLogWorker (SegmentedRaftLogWorker.java:getFromFuture(90)) - Timeout 7/~
org.apache.ratis.protocol.TimeoutIOException: Timeout 10s: WriteLog:12: (t:3, i:12), STATEMACHINELOGENTRY, client-F2C6077FCB6C, cid=45-writeStateMachineData
	at org.apache.ratis.util.IOUtils.getFromFuture(IOUtils.java:87)
	at org.apache.ratis.server.raftlog.segmented.SegmentedRaftLogWorker$StateMachineDataPolicy.getFromFuture(SegmentedRaftLogWorker.java:87)
	at org.apache.ratis.server.raftlog.segmented.SegmentedRaftLogWorker$WriteLog.execute(SegmentedRaftLogWorker.java:477)
	at org.apache.ratis.server.raftlog.segmented.SegmentedRaftLogWorker.run(SegmentedRaftLogWorker.java:289)
	at java.lang.Thread.run(Thread.java:748)
Caused by: java.util.concurrent.TimeoutException
	at java.util.concurrent.CompletableFuture.timedGet(CompletableFuture.java:1771)
	at java.util.concurrent.CompletableFuture.get(CompletableFuture.java:1915)
	at org.apache.ratis.util.IOUtils.getFromFuture(IOUtils.java:79)
	... 4 more
2019-09-11 12:43:49,194 [java.util.concurrent.ThreadPoolExecutor$Worker@4e4300e[State = -1, empty queue]] WARN  server.GrpcLogAppender (GrpcLogAppender.java:timeoutAppendRequest(200)) - d8e74394-a0bf-4ec3-a3ce-4740c71bd9b7@group-36481D5C2926->f90b1bbc-0325-4fdc-bdda-dbac376593c0-GrpcLogAppender: appendEntries Timeout, request=d8e74394-a0bf-4ec3-a3ce-4740c71bd9b7->f90b1bbc-0325-4fdc-bdda-dbac376593c0#123-t3, previous=(t:3, i:16), leaderCommit=10, initializing? false, entries: <empty>
2019-09-11 12:43:49,194 [java.util.concurrent.ThreadPoolExecutor$Worker@734c62d3[State = -1, empty queue]] WARN  server.GrpcLogAppender (GrpcLogAppender.java:timeoutAppendRequest(200)) - d8e74394-a0bf-4ec3-a3ce-4740c71bd9b7@group-36481D5C2926->8533a49c-a60c-4c36-849a-1b71101d719e-GrpcLogAppender: appendEntries Timeout, request=d8e74394-a0bf-4ec3-a3ce-4740c71bd9b7->8533a49c-a60c-4c36-849a-1b71101d719e#123-t3, previous=(t:3, i:16), leaderCommit=10, initializing? false, entries: <empty>
2019-09-11 12:43:49,322 [grpc-default-executor-4] INFO  client.GrpcClientProtocolClient (GrpcClientProtocolClient.java:onNext(264)) - client-F2C6077FCB6C->f90b1bbc-0325-4fdc-bdda-dbac376593c0: receive RaftClientReply:client-F2C6077FCB6C->f90b1bbc-0325-4fdc-bdda-dbac376593c0@group-36481D5C2926, cid=44, FAILED org.apache.ratis.protocol.NotLeaderException: Server f90b1bbc-0325-4fdc-bdda-dbac376593c0@group-36481D5C2926 is not the leader d8e74394-a0bf-4ec3-a3ce-4740c71bd9b7:192.168.69.81:43465, logIndex=0, commits[f90b1bbc-0325-4fdc-bdda-dbac376593c0:c10, d8e74394-a0bf-4ec3-a3ce-4740c71bd9b7:c10, 8533a49c-a60c-4c36-849a-1b71101d719e:c10]
2019-09-11 12:43:51,694 [java.util.concurrent.ThreadPoolExecutor$Worker@4e4300e[State = -1, empty queue]] WARN  server.GrpcLogAppender (GrpcLogAppender.java:timeoutAppendRequest(200)) - d8e74394-a0bf-4ec3-a3ce-4740c71bd9b7@group-36481D5C2926->f90b1bbc-0325-4fdc-bdda-dbac376593c0-GrpcLogAppender: appendEntries Timeout, request=d8e74394-a0bf-4ec3-a3ce-4740c71bd9b7->f90b1bbc-0325-4fdc-bdda-dbac376593c0#124-t3, previous=(t:3, i:16), leaderCommit=10, initializing? false, entries: <empty>
2019-09-11 12:43:51,694 [java.util.concurrent.ThreadPoolExecutor$Worker@734c62d3[State = -1, empty queue]] WARN  server.GrpcLogAppender (GrpcLogAppender.java:timeoutAppendRequest(200)) - d8e74394-a0bf-4ec3-a3ce-4740c71bd9b7@group-36481D5C2926->8533a49c-a60c-4c36-849a-1b71101d719e-GrpcLogAppender: appendEntries Timeout, request=d8e74394-a0bf-4ec3-a3ce-4740c71bd9b7->8533a49c-a60c-4c36-849a-1b71101d719e#124-t3, previous=(t:3, i:16), leaderCommit=10, initializing? false, entries: <empty>
2019-09-11 12:43:54,194 [java.util.concurrent.ThreadPoolExecutor$Worker@734c62d3[State = -1, empty queue]] WARN  server.GrpcLogAppender (GrpcLogAppender.java:timeoutAppendRequest(200)) - d8e74394-a0bf-4ec3-a3ce-4740c71bd9b7@group-36481D5C2926->8533a49c-a60c-4c36-849a-1b71101d719e-GrpcLogAppender: appendEntries Timeout, request=d8e74394-a0bf-4ec3-a3ce-4740c71bd9b7->8533a49c-a60c-4c36-849a-1b71101d719e#125-t3, previous=(t:3, i:16), leaderCommit=10, initializing? false, entries: <empty>
2019-09-11 12:43:54,194 [java.util.concurrent.ThreadPoolExecutor$Worker@4e4300e[State = -1, empty queue]] WARN  server.GrpcLogAppender (GrpcLogAppender.java:timeoutAppendRequest(200)) - d8e74394-a0bf-4ec3-a3ce-4740c71bd9b7@group-36481D5C2926->f90b1bbc-0325-4fdc-bdda-dbac376593c0-GrpcLogAppender: appendEntries Timeout, request=d8e74394-a0bf-4ec3-a3ce-4740c71bd9b7->f90b1bbc-0325-4fdc-bdda-dbac376593c0#125-t3, previous=(t:3, i:16), leaderCommit=10, initializing? false, entries: <empty>
2019-09-11 12:43:54,370 [grpc-default-executor-0] INFO  client.GrpcClientProtocolClient (GrpcClientProtocolClient.java:onNext(264)) - client-F2C6077FCB6C->f90b1bbc-0325-4fdc-bdda-dbac376593c0: receive RaftClientReply:client-F2C6077FCB6C->f90b1bbc-0325-4fdc-bdda-dbac376593c0@group-36481D5C2926, cid=44, FAILED org.apache.ratis.protocol.NotLeaderException: Server f90b1bbc-0325-4fdc-bdda-dbac376593c0@group-36481D5C2926 is not the leader d8e74394-a0bf-4ec3-a3ce-4740c71bd9b7:192.168.69.81:43465, logIndex=0, commits[f90b1bbc-0325-4fdc-bdda-dbac376593c0:c10, d8e74394-a0bf-4ec3-a3ce-4740c71bd9b7:c10, 8533a49c-a60c-4c36-849a-1b71101d719e:c10]
2019-09-11 12:43:56,694 [java.util.concurrent.ThreadPoolExecutor$Worker@734c62d3[State = -1, empty queue]] WARN  server.GrpcLogAppender (GrpcLogAppender.java:timeoutAppendRequest(200)) - d8e74394-a0bf-4ec3-a3ce-4740c71bd9b7@group-36481D5C2926->8533a49c-a60c-4c36-849a-1b71101d719e-GrpcLogAppender: appendEntries Timeout, request=d8e74394-a0bf-4ec3-a3ce-4740c71bd9b7->8533a49c-a60c-4c36-849a-1b71101d719e#126-t3, previous=(t:3, i:16), leaderCommit=10, initializing? false, entries: <empty>
2019-09-11 12:43:56,694 [java.util.concurrent.ThreadPoolExecutor$Worker@4e4300e[State = -1, empty queue]] WARN  server.GrpcLogAppender (GrpcLogAppender.java:timeoutAppendRequest(200)) - d8e74394-a0bf-4ec3-a3ce-4740c71bd9b7@group-36481D5C2926->f90b1bbc-0325-4fdc-bdda-dbac376593c0-GrpcLogAppender: appendEntries Timeout, request=d8e74394-a0bf-4ec3-a3ce-4740c71bd9b7->f90b1bbc-0325-4fdc-bdda-dbac376593c0#126-t3, previous=(t:3, i:16), leaderCommit=10, initializing? false, entries: <empty>
2019-09-11 12:43:58,857 [8533a49c-a60c-4c36-849a-1b71101d719e@group-36481D5C2926-SegmentedRaftLogWorker] WARN  segmented.SegmentedRaftLogWorker (SegmentedRaftLogWorker.java:getFromFuture(90)) - Timeout 8/~
org.apache.ratis.protocol.TimeoutIOException: Timeout 10s: WriteLog:12: (t:3, i:12), STATEMACHINELOGENTRY, client-F2C6077FCB6C, cid=45-writeStateMachineData
	at org.apache.ratis.util.IOUtils.getFromFuture(IOUtils.java:87)
	at org.apache.ratis.server.raftlog.segmented.SegmentedRaftLogWorker$StateMachineDataPolicy.getFromFuture(SegmentedRaftLogWorker.java:87)
	at org.apache.ratis.server.raftlog.segmented.SegmentedRaftLogWorker$WriteLog.execute(SegmentedRaftLogWorker.java:477)
	at org.apache.ratis.server.raftlog.segmented.SegmentedRaftLogWorker.run(SegmentedRaftLogWorker.java:289)
	at java.lang.Thread.run(Thread.java:748)
Caused by: java.util.concurrent.TimeoutException
	at java.util.concurrent.CompletableFuture.timedGet(CompletableFuture.java:1771)
	at java.util.concurrent.CompletableFuture.get(CompletableFuture.java:1915)
	at org.apache.ratis.util.IOUtils.getFromFuture(IOUtils.java:79)
	... 4 more
2019-09-11 12:43:58,875 [f90b1bbc-0325-4fdc-bdda-dbac376593c0@group-36481D5C2926-SegmentedRaftLogWorker] WARN  segmented.SegmentedRaftLogWorker (SegmentedRaftLogWorker.java:getFromFuture(90)) - Timeout 8/~
org.apache.ratis.protocol.TimeoutIOException: Timeout 10s: WriteLog:12: (t:3, i:12), STATEMACHINELOGENTRY, client-F2C6077FCB6C, cid=45-writeStateMachineData
	at org.apache.ratis.util.IOUtils.getFromFuture(IOUtils.java:87)
	at org.apache.ratis.server.raftlog.segmented.SegmentedRaftLogWorker$StateMachineDataPolicy.getFromFuture(SegmentedRaftLogWorker.java:87)
	at org.apache.ratis.server.raftlog.segmented.SegmentedRaftLogWorker$WriteLog.execute(SegmentedRaftLogWorker.java:477)
	at org.apache.ratis.server.raftlog.segmented.SegmentedRaftLogWorker.run(SegmentedRaftLogWorker.java:289)
	at java.lang.Thread.run(Thread.java:748)
Caused by: java.util.concurrent.TimeoutException
	at java.util.concurrent.CompletableFuture.timedGet(CompletableFuture.java:1771)
	at java.util.concurrent.CompletableFuture.get(CompletableFuture.java:1915)
	at org.apache.ratis.util.IOUtils.getFromFuture(IOUtils.java:79)
	... 4 more
2019-09-11 12:43:58,875 [d8e74394-a0bf-4ec3-a3ce-4740c71bd9b7@group-36481D5C2926-SegmentedRaftLogWorker] WARN  segmented.SegmentedRaftLogWorker (SegmentedRaftLogWorker.java:getFromFuture(90)) - Timeout 8/~
org.apache.ratis.protocol.TimeoutIOException: Timeout 10s: WriteLog:12: (t:3, i:12), STATEMACHINELOGENTRY, client-F2C6077FCB6C, cid=45-writeStateMachineData
	at org.apache.ratis.util.IOUtils.getFromFuture(IOUtils.java:87)
	at org.apache.ratis.server.raftlog.segmented.SegmentedRaftLogWorker$StateMachineDataPolicy.getFromFuture(SegmentedRaftLogWorker.java:87)
	at org.apache.ratis.server.raftlog.segmented.SegmentedRaftLogWorker$WriteLog.execute(SegmentedRaftLogWorker.java:477)
	at org.apache.ratis.server.raftlog.segmented.SegmentedRaftLogWorker.run(SegmentedRaftLogWorker.java:289)
	at java.lang.Thread.run(Thread.java:748)
Caused by: java.util.concurrent.TimeoutException
	at java.util.concurrent.CompletableFuture.timedGet(CompletableFuture.java:1771)
	at java.util.concurrent.CompletableFuture.get(CompletableFuture.java:1915)
	at org.apache.ratis.util.IOUtils.getFromFuture(IOUtils.java:79)
	... 4 more
2019-09-11 12:43:59,195 [java.util.concurrent.ThreadPoolExecutor$Worker@734c62d3[State = -1, empty queue]] WARN  server.GrpcLogAppender (GrpcLogAppender.java:timeoutAppendRequest(200)) - d8e74394-a0bf-4ec3-a3ce-4740c71bd9b7@group-36481D5C2926->8533a49c-a60c-4c36-849a-1b71101d719e-GrpcLogAppender: appendEntries Timeout, request=d8e74394-a0bf-4ec3-a3ce-4740c71bd9b7->8533a49c-a60c-4c36-849a-1b71101d719e#127-t3, previous=(t:3, i:16), leaderCommit=10, initializing? false, entries: <empty>
2019-09-11 12:43:59,195 [java.util.concurrent.ThreadPoolExecutor$Worker@4e4300e[State = -1, empty queue]] WARN  server.GrpcLogAppender (GrpcLogAppender.java:timeoutAppendRequest(200)) - d8e74394-a0bf-4ec3-a3ce-4740c71bd9b7@group-36481D5C2926->f90b1bbc-0325-4fdc-bdda-dbac376593c0-GrpcLogAppender: appendEntries Timeout, request=d8e74394-a0bf-4ec3-a3ce-4740c71bd9b7->f90b1bbc-0325-4fdc-bdda-dbac376593c0#127-t3, previous=(t:3, i:16), leaderCommit=10, initializing? false, entries: <empty>
2019-09-11 12:43:59,411 [grpc-default-executor-4] INFO  client.GrpcClientProtocolClient (GrpcClientProtocolClient.java:onNext(264)) - client-F2C6077FCB6C->8533a49c-a60c-4c36-849a-1b71101d719e: receive RaftClientReply:client-F2C6077FCB6C->8533a49c-a60c-4c36-849a-1b71101d719e@group-36481D5C2926, cid=44, FAILED org.apache.ratis.protocol.NotLeaderException: Server 8533a49c-a60c-4c36-849a-1b71101d719e@group-36481D5C2926 is not the leader d8e74394-a0bf-4ec3-a3ce-4740c71bd9b7:192.168.69.81:43465, logIndex=0, commits[8533a49c-a60c-4c36-849a-1b71101d719e:c10, f90b1bbc-0325-4fdc-bdda-dbac376593c0:c10, d8e74394-a0bf-4ec3-a3ce-4740c71bd9b7:c10]
2019-09-11 12:44:01,695 [java.util.concurrent.ThreadPoolExecutor$Worker@734c62d3[State = -1, empty queue]] WARN  server.GrpcLogAppender (GrpcLogAppender.java:timeoutAppendRequest(200)) - d8e74394-a0bf-4ec3-a3ce-4740c71bd9b7@group-36481D5C2926->8533a49c-a60c-4c36-849a-1b71101d719e-GrpcLogAppender: appendEntries Timeout, request=d8e74394-a0bf-4ec3-a3ce-4740c71bd9b7->8533a49c-a60c-4c36-849a-1b71101d719e#128-t3, previous=(t:3, i:16), leaderCommit=10, initializing? false, entries: <empty>
2019-09-11 12:44:01,695 [java.util.concurrent.ThreadPoolExecutor$Worker@4e4300e[State = -1, empty queue]] WARN  server.GrpcLogAppender (GrpcLogAppender.java:timeoutAppendRequest(200)) - d8e74394-a0bf-4ec3-a3ce-4740c71bd9b7@group-36481D5C2926->f90b1bbc-0325-4fdc-bdda-dbac376593c0-GrpcLogAppender: appendEntries Timeout, request=d8e74394-a0bf-4ec3-a3ce-4740c71bd9b7->f90b1bbc-0325-4fdc-bdda-dbac376593c0#128-t3, previous=(t:3, i:16), leaderCommit=10, initializing? false, entries: <empty>
2019-09-11 12:44:04,195 [java.util.concurrent.ThreadPoolExecutor$Worker@734c62d3[State = -1, empty queue]] WARN  server.GrpcLogAppender (GrpcLogAppender.java:timeoutAppendRequest(200)) - d8e74394-a0bf-4ec3-a3ce-4740c71bd9b7@group-36481D5C2926->8533a49c-a60c-4c36-849a-1b71101d719e-GrpcLogAppender: appendEntries Timeout, request=d8e74394-a0bf-4ec3-a3ce-4740c71bd9b7->8533a49c-a60c-4c36-849a-1b71101d719e#129-t3, previous=(t:3, i:16), leaderCommit=10, initializing? false, entries: <empty>
2019-09-11 12:44:04,196 [java.util.concurrent.ThreadPoolExecutor$Worker@4e4300e[State = -1, empty queue]] WARN  server.GrpcLogAppender (GrpcLogAppender.java:timeoutAppendRequest(200)) - d8e74394-a0bf-4ec3-a3ce-4740c71bd9b7@group-36481D5C2926->f90b1bbc-0325-4fdc-bdda-dbac376593c0-GrpcLogAppender: appendEntries Timeout, request=d8e74394-a0bf-4ec3-a3ce-4740c71bd9b7->f90b1bbc-0325-4fdc-bdda-dbac376593c0#129-t3, previous=(t:3, i:16), leaderCommit=10, initializing? false, entries: <empty>
2019-09-11 12:44:04,446 [grpc-default-executor-4] INFO  client.GrpcClientProtocolClient (GrpcClientProtocolClient.java:onNext(264)) - client-F2C6077FCB6C->8533a49c-a60c-4c36-849a-1b71101d719e: receive RaftClientReply:client-F2C6077FCB6C->8533a49c-a60c-4c36-849a-1b71101d719e@group-36481D5C2926, cid=44, FAILED org.apache.ratis.protocol.NotLeaderException: Server 8533a49c-a60c-4c36-849a-1b71101d719e@group-36481D5C2926 is not the leader d8e74394-a0bf-4ec3-a3ce-4740c71bd9b7:192.168.69.81:43465, logIndex=0, commits[8533a49c-a60c-4c36-849a-1b71101d719e:c10, f90b1bbc-0325-4fdc-bdda-dbac376593c0:c10, d8e74394-a0bf-4ec3-a3ce-4740c71bd9b7:c10]
2019-09-11 12:44:06,727 [java.util.concurrent.ThreadPoolExecutor$Worker@734c62d3[State = -1, empty queue]] WARN  server.GrpcLogAppender (GrpcLogAppender.java:timeoutAppendRequest(200)) - d8e74394-a0bf-4ec3-a3ce-4740c71bd9b7@group-36481D5C2926->8533a49c-a60c-4c36-849a-1b71101d719e-GrpcLogAppender: appendEntries Timeout, request=d8e74394-a0bf-4ec3-a3ce-4740c71bd9b7->8533a49c-a60c-4c36-849a-1b71101d719e#130-t3, previous=(t:3, i:16), leaderCommit=10, initializing? false, entries: <empty>
2019-09-11 12:44:06,732 [java.util.concurrent.ThreadPoolExecutor$Worker@4e4300e[State = -1, empty queue]] WARN  server.GrpcLogAppender (GrpcLogAppender.java:timeoutAppendRequest(200)) - d8e74394-a0bf-4ec3-a3ce-4740c71bd9b7@group-36481D5C2926->f90b1bbc-0325-4fdc-bdda-dbac376593c0-GrpcLogAppender: appendEntries Timeout, request=d8e74394-a0bf-4ec3-a3ce-4740c71bd9b7->f90b1bbc-0325-4fdc-bdda-dbac376593c0#130-t3, previous=(t:3, i:16), leaderCommit=10, initializing? false, entries: <empty>
2019-09-11 12:44:08,858 [8533a49c-a60c-4c36-849a-1b71101d719e@group-36481D5C2926-SegmentedRaftLogWorker] WARN  segmented.SegmentedRaftLogWorker (SegmentedRaftLogWorker.java:getFromFuture(90)) - Timeout 9/~
org.apache.ratis.protocol.TimeoutIOException: Timeout 10s: WriteLog:12: (t:3, i:12), STATEMACHINELOGENTRY, client-F2C6077FCB6C, cid=45-writeStateMachineData
	at org.apache.ratis.util.IOUtils.getFromFuture(IOUtils.java:87)
	at org.apache.ratis.server.raftlog.segmented.SegmentedRaftLogWorker$StateMachineDataPolicy.getFromFuture(SegmentedRaftLogWorker.java:87)
	at org.apache.ratis.server.raftlog.segmented.SegmentedRaftLogWorker$WriteLog.execute(SegmentedRaftLogWorker.java:477)
	at org.apache.ratis.server.raftlog.segmented.SegmentedRaftLogWorker.run(SegmentedRaftLogWorker.java:289)
	at java.lang.Thread.run(Thread.java:748)
Caused by: java.util.concurrent.TimeoutException
	at java.util.concurrent.CompletableFuture.timedGet(CompletableFuture.java:1771)
	at java.util.concurrent.CompletableFuture.get(CompletableFuture.java:1915)
	at org.apache.ratis.util.IOUtils.getFromFuture(IOUtils.java:79)
	... 4 more
2019-09-11 12:44:08,876 [f90b1bbc-0325-4fdc-bdda-dbac376593c0@group-36481D5C2926-SegmentedRaftLogWorker] WARN  segmented.SegmentedRaftLogWorker (SegmentedRaftLogWorker.java:getFromFuture(90)) - Timeout 9/~
org.apache.ratis.protocol.TimeoutIOException: Timeout 10s: WriteLog:12: (t:3, i:12), STATEMACHINELOGENTRY, client-F2C6077FCB6C, cid=45-writeStateMachineData
	at org.apache.ratis.util.IOUtils.getFromFuture(IOUtils.java:87)
	at org.apache.ratis.server.raftlog.segmented.SegmentedRaftLogWorker$StateMachineDataPolicy.getFromFuture(SegmentedRaftLogWorker.java:87)
	at org.apache.ratis.server.raftlog.segmented.SegmentedRaftLogWorker$WriteLog.execute(SegmentedRaftLogWorker.java:477)
	at org.apache.ratis.server.raftlog.segmented.SegmentedRaftLogWorker.run(SegmentedRaftLogWorker.java:289)
	at java.lang.Thread.run(Thread.java:748)
Caused by: java.util.concurrent.TimeoutException
	at java.util.concurrent.CompletableFuture.timedGet(CompletableFuture.java:1771)
	at java.util.concurrent.CompletableFuture.get(CompletableFuture.java:1915)
	at org.apache.ratis.util.IOUtils.getFromFuture(IOUtils.java:79)
	... 4 more
2019-09-11 12:44:08,876 [d8e74394-a0bf-4ec3-a3ce-4740c71bd9b7@group-36481D5C2926-SegmentedRaftLogWorker] WARN  segmented.SegmentedRaftLogWorker (SegmentedRaftLogWorker.java:getFromFuture(90)) - Timeout 9/~
org.apache.ratis.protocol.TimeoutIOException: Timeout 10s: WriteLog:12: (t:3, i:12), STATEMACHINELOGENTRY, client-F2C6077FCB6C, cid=45-writeStateMachineData
	at org.apache.ratis.util.IOUtils.getFromFuture(IOUtils.java:87)
	at org.apache.ratis.server.raftlog.segmented.SegmentedRaftLogWorker$StateMachineDataPolicy.getFromFuture(SegmentedRaftLogWorker.java:87)
	at org.apache.ratis.server.raftlog.segmented.SegmentedRaftLogWorker$WriteLog.execute(SegmentedRaftLogWorker.java:477)
	at org.apache.ratis.server.raftlog.segmented.SegmentedRaftLogWorker.run(SegmentedRaftLogWorker.java:289)
	at java.lang.Thread.run(Thread.java:748)
Caused by: java.util.concurrent.TimeoutException
	at java.util.concurrent.CompletableFuture.timedGet(CompletableFuture.java:1771)
	at java.util.concurrent.CompletableFuture.get(CompletableFuture.java:1915)
	at org.apache.ratis.util.IOUtils.getFromFuture(IOUtils.java:79)
	... 4 more
2019-09-11 12:44:09,228 [java.util.concurrent.ThreadPoolExecutor$Worker@734c62d3[State = -1, empty queue]] WARN  server.GrpcLogAppender (GrpcLogAppender.java:timeoutAppendRequest(200)) - d8e74394-a0bf-4ec3-a3ce-4740c71bd9b7@group-36481D5C2926->8533a49c-a60c-4c36-849a-1b71101d719e-GrpcLogAppender: appendEntries Timeout, request=d8e74394-a0bf-4ec3-a3ce-4740c71bd9b7->8533a49c-a60c-4c36-849a-1b71101d719e#131-t3, previous=(t:3, i:16), leaderCommit=10, initializing? false, entries: <empty>
2019-09-11 12:44:09,232 [java.util.concurrent.ThreadPoolExecutor$Worker@4e4300e[State = -1, empty queue]] WARN  server.GrpcLogAppender (GrpcLogAppender.java:timeoutAppendRequest(200)) - d8e74394-a0bf-4ec3-a3ce-4740c71bd9b7@group-36481D5C2926->f90b1bbc-0325-4fdc-bdda-dbac376593c0-GrpcLogAppender: appendEntries Timeout, request=d8e74394-a0bf-4ec3-a3ce-4740c71bd9b7->f90b1bbc-0325-4fdc-bdda-dbac376593c0#131-t3, previous=(t:3, i:16), leaderCommit=10, initializing? false, entries: <empty>
2019-09-11 12:44:09,487 [grpc-default-executor-3] INFO  client.GrpcClientProtocolClient (GrpcClientProtocolClient.java:onNext(264)) - client-F2C6077FCB6C->f90b1bbc-0325-4fdc-bdda-dbac376593c0: receive RaftClientReply:client-F2C6077FCB6C->f90b1bbc-0325-4fdc-bdda-dbac376593c0@group-36481D5C2926, cid=44, FAILED org.apache.ratis.protocol.NotLeaderException: Server f90b1bbc-0325-4fdc-bdda-dbac376593c0@group-36481D5C2926 is not the leader d8e74394-a0bf-4ec3-a3ce-4740c71bd9b7:192.168.69.81:43465, logIndex=0, commits[f90b1bbc-0325-4fdc-bdda-dbac376593c0:c10, d8e74394-a0bf-4ec3-a3ce-4740c71bd9b7:c10, 8533a49c-a60c-4c36-849a-1b71101d719e:c10]
2019-09-11 12:44:10,505 [ReplicationMonitor] INFO  container.ReplicationManager (ReplicationManager.java:forceCloseContainer(464)) - Force closing container #1 with BCSID 4, which is in QUASI_CLOSED state.
2019-09-11 12:44:10,506 [ReplicationMonitor] INFO  container.ReplicationManager (ReplicationManager.java:sendCloseCommand(659)) - Sending close container command for container #1 to datanode 5a49129c-fcc1-4df1-b4f9-e84c17474790{ip: 192.168.69.81, host: pr-hdds-2109-6lgm5-4208394744, networkLocation: /default-rack, certSerialId: null}.
2019-09-11 12:44:10,506 [ReplicationMonitor] INFO  container.ReplicationManager (ReplicationManager.java:sendCloseCommand(659)) - Sending close container command for container #1 to datanode 608419ff-9e1e-46ed-b668-4d330b5fd69a{ip: 192.168.69.81, host: pr-hdds-2109-6lgm5-4208394744, networkLocation: /default-rack, certSerialId: null}.
2019-09-11 12:44:10,506 [ReplicationMonitor] INFO  container.ReplicationManager (ReplicationManager.java:sendCloseCommand(659)) - Sending close container command for container #1 to datanode a355c4c2-cbce-4d32-ac2d-5d7efcc7e61b{ip: 192.168.69.81, host: pr-hdds-2109-6lgm5-4208394744, networkLocation: /default-rack, certSerialId: null}.
2019-09-11 12:44:10,507 [ReplicationMonitor] INFO  container.ReplicationManager (ReplicationManager.java:forceCloseContainer(464)) - Force closing container #2 with BCSID 0, which is in QUASI_CLOSED state.
2019-09-11 12:44:10,507 [ReplicationMonitor] INFO  container.ReplicationManager (ReplicationManager.java:sendCloseCommand(659)) - Sending close container command for container #2 to datanode 608419ff-9e1e-46ed-b668-4d330b5fd69a{ip: 192.168.69.81, host: pr-hdds-2109-6lgm5-4208394744, networkLocation: /default-rack, certSerialId: null}.
2019-09-11 12:44:10,507 [ReplicationMonitor] INFO  container.ReplicationManager (ReplicationManager.java:sendCloseCommand(659)) - Sending close container command for container #2 to datanode a355c4c2-cbce-4d32-ac2d-5d7efcc7e61b{ip: 192.168.69.81, host: pr-hdds-2109-6lgm5-4208394744, networkLocation: /default-rack, certSerialId: null}.
2019-09-11 12:44:10,507 [ReplicationMonitor] INFO  container.ReplicationManager (ReplicationManager.java:sendCloseCommand(659)) - Sending close container command for container #2 to datanode 5a49129c-fcc1-4df1-b4f9-e84c17474790{ip: 192.168.69.81, host: pr-hdds-2109-6lgm5-4208394744, networkLocation: /default-rack, certSerialId: null}.
2019-09-11 12:44:10,507 [ReplicationMonitor] INFO  container.ReplicationManager (ReplicationManager.java:run(225)) - Replication Monitor Thread took 7 milliseconds for processing 5 containers.
2019-09-11 12:44:11,728 [java.util.concurrent.ThreadPoolExecutor$Worker@734c62d3[State = -1, empty queue]] WARN  server.GrpcLogAppender (GrpcLogAppender.java:timeoutAppendRequest(200)) - d8e74394-a0bf-4ec3-a3ce-4740c71bd9b7@group-36481D5C2926->8533a49c-a60c-4c36-849a-1b71101d719e-GrpcLogAppender: appendEntries Timeout, request=d8e74394-a0bf-4ec3-a3ce-4740c71bd9b7->8533a49c-a60c-4c36-849a-1b71101d719e#132-t3, previous=(t:3, i:16), leaderCommit=10, initializing? false, entries: <empty>
2019-09-11 12:44:11,732 [java.util.concurrent.ThreadPoolExecutor$Worker@4e4300e[State = -1, empty queue]] WARN  server.GrpcLogAppender (GrpcLogAppender.java:timeoutAppendRequest(200)) - d8e74394-a0bf-4ec3-a3ce-4740c71bd9b7@group-36481D5C2926->f90b1bbc-0325-4fdc-bdda-dbac376593c0-GrpcLogAppender: appendEntries Timeout, request=d8e74394-a0bf-4ec3-a3ce-4740c71bd9b7->f90b1bbc-0325-4fdc-bdda-dbac376593c0#132-t3, previous=(t:3, i:16), leaderCommit=10, initializing? false, entries: <empty>
2019-09-11 12:44:12,388 [Command processor thread] INFO  interfaces.Container (KeyValueContainer.java:flushAndSyncDB(386)) - Container 1 is synced with bcsId 4.
2019-09-11 12:44:12,392 [Command processor thread] INFO  interfaces.Container (KeyValueContainer.java:flushAndSyncDB(386)) - Container 1 is synced with bcsId 4.
2019-09-11 12:44:12,394 [Command processor thread] INFO  interfaces.Container (KeyValueContainer.java:flushAndSyncDB(386)) - Container 1 is synced with bcsId 4.
2019-09-11 12:44:12,394 [Command processor thread] INFO  interfaces.Container (KeyValueContainer.java:flushAndSyncDB(386)) - Container 1 is synced with bcsId 4.
2019-09-11 12:44:12,419 [Command processor thread] INFO  interfaces.Container (KeyValueContainer.java:close(335)) - Container 1 is closed with bcsId 4.
2019-09-11 12:44:12,419 [Command processor thread] INFO  interfaces.Container (KeyValueContainer.java:close(335)) - Container 1 is closed with bcsId 4.
2019-09-11 12:44:12,420 [Command processor thread] INFO  interfaces.Container (KeyValueContainer.java:flushAndSyncDB(386)) - Container 2 is synced with bcsId 0.
2019-09-11 12:44:12,420 [Command processor thread] INFO  interfaces.Container (KeyValueContainer.java:flushAndSyncDB(386)) - Container 2 is synced with bcsId 0.
2019-09-11 12:44:12,420 [Command processor thread] INFO  interfaces.Container (KeyValueContainer.java:flushAndSyncDB(386)) - Container 2 is synced with bcsId 0.
2019-09-11 12:44:12,420 [Command processor thread] INFO  interfaces.Container (KeyValueContainer.java:flushAndSyncDB(386)) - Container 2 is synced with bcsId 0.
2019-09-11 12:44:12,421 [EventQueue-IncrementalContainerReportForIncrementalContainerReportHandler] INFO  container.IncrementalContainerReportHandler (AbstractContainerReportHandler.java:updateContainerState(202)) - Moving container #1 to CLOSED state, datanode a355c4c2-cbce-4d32-ac2d-5d7efcc7e61b{ip: 192.168.69.81, host: pr-hdds-2109-6lgm5-4208394744, networkLocation: /default-rack, certSerialId: null} reported CLOSED replica.
2019-09-11 12:44:12,438 [Command processor thread] INFO  interfaces.Container (KeyValueContainer.java:close(335)) - Container 2 is closed with bcsId 0.
2019-09-11 12:44:12,438 [Command processor thread] INFO  interfaces.Container (KeyValueContainer.java:close(335)) - Container 2 is closed with bcsId 0.
2019-09-11 12:44:12,439 [EventQueue-IncrementalContainerReportForIncrementalContainerReportHandler] INFO  container.IncrementalContainerReportHandler (AbstractContainerReportHandler.java:updateContainerState(202)) - Moving container #2 to CLOSED state, datanode a355c4c2-cbce-4d32-ac2d-5d7efcc7e61b{ip: 192.168.69.81, host: pr-hdds-2109-6lgm5-4208394744, networkLocation: /default-rack, certSerialId: null} reported CLOSED replica.
2019-09-11 12:44:13,405 [Command processor thread] INFO  interfaces.Container (KeyValueContainer.java:flushAndSyncDB(386)) - Container 1 is synced with bcsId 4.
2019-09-11 12:44:13,406 [Command processor thread] INFO  interfaces.Container (KeyValueContainer.java:flushAndSyncDB(386)) - Container 1 is synced with bcsId 4.
2019-09-11 12:44:13,425 [Command processor thread] INFO  interfaces.Container (KeyValueContainer.java:close(335)) - Container 1 is closed with bcsId 4.
2019-09-11 12:44:13,425 [Command processor thread] INFO  interfaces.Container (KeyValueContainer.java:flushAndSyncDB(386)) - Container 2 is synced with bcsId 0.
2019-09-11 12:44:13,425 [Command processor thread] INFO  interfaces.Container (KeyValueContainer.java:flushAndSyncDB(386)) - Container 2 is synced with bcsId 0.
2019-09-11 12:44:13,447 [Command processor thread] INFO  interfaces.Container (KeyValueContainer.java:close(335)) - Container 2 is closed with bcsId 0.
2019-09-11 12:44:14,229 [java.util.concurrent.ThreadPoolExecutor$Worker@734c62d3[State = -1, empty queue]] WARN  server.GrpcLogAppender (GrpcLogAppender.java:timeoutAppendRequest(200)) - d8e74394-a0bf-4ec3-a3ce-4740c71bd9b7@group-36481D5C2926->8533a49c-a60c-4c36-849a-1b71101d719e-GrpcLogAppender: appendEntries Timeout, request=d8e74394-a0bf-4ec3-a3ce-4740c71bd9b7->8533a49c-a60c-4c36-849a-1b71101d719e#133-t3, previous=(t:3, i:16), leaderCommit=10, initializing? false, entries: <empty>
2019-09-11 12:44:14,232 [java.util.concurrent.ThreadPoolExecutor$Worker@4e4300e[State = -1, empty queue]] WARN  server.GrpcLogAppender (GrpcLogAppender.java:timeoutAppendRequest(200)) - d8e74394-a0bf-4ec3-a3ce-4740c71bd9b7@group-36481D5C2926->f90b1bbc-0325-4fdc-bdda-dbac376593c0-GrpcLogAppender: appendEntries Timeout, request=d8e74394-a0bf-4ec3-a3ce-4740c71bd9b7->f90b1bbc-0325-4fdc-bdda-dbac376593c0#133-t3, previous=(t:3, i:16), leaderCommit=10, initializing? false, entries: <empty>
2019-09-11 12:44:14,526 [grpc-default-executor-4] INFO  client.GrpcClientProtocolClient (GrpcClientProtocolClient.java:onNext(264)) - client-F2C6077FCB6C->f90b1bbc-0325-4fdc-bdda-dbac376593c0: receive RaftClientReply:client-F2C6077FCB6C->f90b1bbc-0325-4fdc-bdda-dbac376593c0@group-36481D5C2926, cid=44, FAILED org.apache.ratis.protocol.NotLeaderException: Server f90b1bbc-0325-4fdc-bdda-dbac376593c0@group-36481D5C2926 is not the leader d8e74394-a0bf-4ec3-a3ce-4740c71bd9b7:192.168.69.81:43465, logIndex=0, commits[f90b1bbc-0325-4fdc-bdda-dbac376593c0:c10, d8e74394-a0bf-4ec3-a3ce-4740c71bd9b7:c10, 8533a49c-a60c-4c36-849a-1b71101d719e:c10]
2019-09-11 12:44:16,729 [java.util.concurrent.ThreadPoolExecutor$Worker@734c62d3[State = -1, empty queue]] WARN  server.GrpcLogAppender (GrpcLogAppender.java:timeoutAppendRequest(200)) - d8e74394-a0bf-4ec3-a3ce-4740c71bd9b7@group-36481D5C2926->8533a49c-a60c-4c36-849a-1b71101d719e-GrpcLogAppender: appendEntries Timeout, request=d8e74394-a0bf-4ec3-a3ce-4740c71bd9b7->8533a49c-a60c-4c36-849a-1b71101d719e#134-t3, previous=(t:3, i:16), leaderCommit=10, initializing? false, entries: <empty>
2019-09-11 12:44:16,733 [java.util.concurrent.ThreadPoolExecutor$Worker@4e4300e[State = -1, empty queue]] WARN  server.GrpcLogAppender (GrpcLogAppender.java:timeoutAppendRequest(200)) - d8e74394-a0bf-4ec3-a3ce-4740c71bd9b7@group-36481D5C2926->f90b1bbc-0325-4fdc-bdda-dbac376593c0-GrpcLogAppender: appendEntries Timeout, request=d8e74394-a0bf-4ec3-a3ce-4740c71bd9b7->f90b1bbc-0325-4fdc-bdda-dbac376593c0#134-t3, previous=(t:3, i:16), leaderCommit=10, initializing? false, entries: <empty>
2019-09-11 12:44:18,859 [8533a49c-a60c-4c36-849a-1b71101d719e@group-36481D5C2926-SegmentedRaftLogWorker] WARN  segmented.SegmentedRaftLogWorker (SegmentedRaftLogWorker.java:getFromFuture(90)) - Timeout 10/~
org.apache.ratis.protocol.TimeoutIOException: Timeout 10s: WriteLog:12: (t:3, i:12), STATEMACHINELOGENTRY, client-F2C6077FCB6C, cid=45-writeStateMachineData
	at org.apache.ratis.util.IOUtils.getFromFuture(IOUtils.java:87)
	at org.apache.ratis.server.raftlog.segmented.SegmentedRaftLogWorker$StateMachineDataPolicy.getFromFuture(SegmentedRaftLogWorker.java:87)
	at org.apache.ratis.server.raftlog.segmented.SegmentedRaftLogWorker$WriteLog.execute(SegmentedRaftLogWorker.java:477)
	at org.apache.ratis.server.raftlog.segmented.SegmentedRaftLogWorker.run(SegmentedRaftLogWorker.java:289)
	at java.lang.Thread.run(Thread.java:748)
Caused by: java.util.concurrent.TimeoutException
	at java.util.concurrent.CompletableFuture.timedGet(CompletableFuture.java:1771)
	at java.util.concurrent.CompletableFuture.get(CompletableFuture.java:1915)
	at org.apache.ratis.util.IOUtils.getFromFuture(IOUtils.java:79)
	... 4 more
2019-09-11 12:44:18,876 [f90b1bbc-0325-4fdc-bdda-dbac376593c0@group-36481D5C2926-SegmentedRaftLogWorker] WARN  segmented.SegmentedRaftLogWorker (SegmentedRaftLogWorker.java:getFromFuture(90)) - Timeout 10/~
org.apache.ratis.protocol.TimeoutIOException: Timeout 10s: WriteLog:12: (t:3, i:12), STATEMACHINELOGENTRY, client-F2C6077FCB6C, cid=45-writeStateMachineData
	at org.apache.ratis.util.IOUtils.getFromFuture(IOUtils.java:87)
	at org.apache.ratis.server.raftlog.segmented.SegmentedRaftLogWorker$StateMachineDataPolicy.getFromFuture(SegmentedRaftLogWorker.java:87)
	at org.apache.ratis.server.raftlog.segmented.SegmentedRaftLogWorker$WriteLog.execute(SegmentedRaftLogWorker.java:477)
	at org.apache.ratis.server.raftlog.segmented.SegmentedRaftLogWorker.run(SegmentedRaftLogWorker.java:289)
	at java.lang.Thread.run(Thread.java:748)
Caused by: java.util.concurrent.TimeoutException
	at java.util.concurrent.CompletableFuture.timedGet(CompletableFuture.java:1771)
	at java.util.concurrent.CompletableFuture.get(CompletableFuture.java:1915)
	at org.apache.ratis.util.IOUtils.getFromFuture(IOUtils.java:79)
	... 4 more
2019-09-11 12:44:18,877 [d8e74394-a0bf-4ec3-a3ce-4740c71bd9b7@group-36481D5C2926-SegmentedRaftLogWorker] WARN  segmented.SegmentedRaftLogWorker (SegmentedRaftLogWorker.java:getFromFuture(90)) - Timeout 10/~
org.apache.ratis.protocol.TimeoutIOException: Timeout 10s: WriteLog:12: (t:3, i:12), STATEMACHINELOGENTRY, client-F2C6077FCB6C, cid=45-writeStateMachineData
	at org.apache.ratis.util.IOUtils.getFromFuture(IOUtils.java:87)
	at org.apache.ratis.server.raftlog.segmented.SegmentedRaftLogWorker$StateMachineDataPolicy.getFromFuture(SegmentedRaftLogWorker.java:87)
	at org.apache.ratis.server.raftlog.segmented.SegmentedRaftLogWorker$WriteLog.execute(SegmentedRaftLogWorker.java:477)
	at org.apache.ratis.server.raftlog.segmented.SegmentedRaftLogWorker.run(SegmentedRaftLogWorker.java:289)
	at java.lang.Thread.run(Thread.java:748)
Caused by: java.util.concurrent.TimeoutException
	at java.util.concurrent.CompletableFuture.timedGet(CompletableFuture.java:1771)
	at java.util.concurrent.CompletableFuture.get(CompletableFuture.java:1915)
	at org.apache.ratis.util.IOUtils.getFromFuture(IOUtils.java:79)
	... 4 more
2019-09-11 12:44:19,231 [java.util.concurrent.ThreadPoolExecutor$Worker@734c62d3[State = -1, empty queue]] WARN  server.GrpcLogAppender (GrpcLogAppender.java:timeoutAppendRequest(200)) - d8e74394-a0bf-4ec3-a3ce-4740c71bd9b7@group-36481D5C2926->8533a49c-a60c-4c36-849a-1b71101d719e-GrpcLogAppender: appendEntries Timeout, request=d8e74394-a0bf-4ec3-a3ce-4740c71bd9b7->8533a49c-a60c-4c36-849a-1b71101d719e#135-t3, previous=(t:3, i:16), leaderCommit=10, initializing? false, entries: <empty>
2019-09-11 12:44:19,233 [java.util.concurrent.ThreadPoolExecutor$Worker@4e4300e[State = -1, empty queue]] WARN  server.GrpcLogAppender (GrpcLogAppender.java:timeoutAppendRequest(200)) - d8e74394-a0bf-4ec3-a3ce-4740c71bd9b7@group-36481D5C2926->f90b1bbc-0325-4fdc-bdda-dbac376593c0-GrpcLogAppender: appendEntries Timeout, request=d8e74394-a0bf-4ec3-a3ce-4740c71bd9b7->f90b1bbc-0325-4fdc-bdda-dbac376593c0#135-t3, previous=(t:3, i:16), leaderCommit=10, initializing? false, entries: <empty>
2019-09-11 12:44:19,592 [grpc-default-executor-3] INFO  client.GrpcClientProtocolClient (GrpcClientProtocolClient.java:onNext(264)) - client-F2C6077FCB6C->8533a49c-a60c-4c36-849a-1b71101d719e: receive RaftClientReply:client-F2C6077FCB6C->8533a49c-a60c-4c36-849a-1b71101d719e@group-36481D5C2926, cid=44, FAILED org.apache.ratis.protocol.NotLeaderException: Server 8533a49c-a60c-4c36-849a-1b71101d719e@group-36481D5C2926 is not the leader d8e74394-a0bf-4ec3-a3ce-4740c71bd9b7:192.168.69.81:43465, logIndex=0, commits[8533a49c-a60c-4c36-849a-1b71101d719e:c10, f90b1bbc-0325-4fdc-bdda-dbac376593c0:c10, d8e74394-a0bf-4ec3-a3ce-4740c71bd9b7:c10]
2019-09-11 12:44:21,731 [java.util.concurrent.ThreadPoolExecutor$Worker@734c62d3[State = -1, empty queue]] WARN  server.GrpcLogAppender (GrpcLogAppender.java:timeoutAppendRequest(200)) - d8e74394-a0bf-4ec3-a3ce-4740c71bd9b7@group-36481D5C2926->8533a49c-a60c-4c36-849a-1b71101d719e-GrpcLogAppender: appendEntries Timeout, request=d8e74394-a0bf-4ec3-a3ce-4740c71bd9b7->8533a49c-a60c-4c36-849a-1b71101d719e#136-t3, previous=(t:3, i:16), leaderCommit=10, initializing? false, entries: <empty>
2019-09-11 12:44:21,733 [java.util.concurrent.ThreadPoolExecutor$Worker@4e4300e[State = -1, empty queue]] WARN  server.GrpcLogAppender (GrpcLogAppender.java:timeoutAppendRequest(200)) - d8e74394-a0bf-4ec3-a3ce-4740c71bd9b7@group-36481D5C2926->f90b1bbc-0325-4fdc-bdda-dbac376593c0-GrpcLogAppender: appendEntries Timeout, request=d8e74394-a0bf-4ec3-a3ce-4740c71bd9b7->f90b1bbc-0325-4fdc-bdda-dbac376593c0#136-t3, previous=(t:3, i:16), leaderCommit=10, initializing? false, entries: <empty>
2019-09-11 12:44:24,232 [java.util.concurrent.ThreadPoolExecutor$Worker@734c62d3[State = -1, empty queue]] WARN  server.GrpcLogAppender (GrpcLogAppender.java:timeoutAppendRequest(200)) - d8e74394-a0bf-4ec3-a3ce-4740c71bd9b7@group-36481D5C2926->8533a49c-a60c-4c36-849a-1b71101d719e-GrpcLogAppender: appendEntries Timeout, request=d8e74394-a0bf-4ec3-a3ce-4740c71bd9b7->8533a49c-a60c-4c36-849a-1b71101d719e#137-t3, previous=(t:3, i:16), leaderCommit=10, initializing? false, entries: <empty>
2019-09-11 12:44:24,233 [java.util.concurrent.ThreadPoolExecutor$Worker@4e4300e[State = -1, empty queue]] WARN  server.GrpcLogAppender (GrpcLogAppender.java:timeoutAppendRequest(200)) - d8e74394-a0bf-4ec3-a3ce-4740c71bd9b7@group-36481D5C2926->f90b1bbc-0325-4fdc-bdda-dbac376593c0-GrpcLogAppender: appendEntries Timeout, request=d8e74394-a0bf-4ec3-a3ce-4740c71bd9b7->f90b1bbc-0325-4fdc-bdda-dbac376593c0#137-t3, previous=(t:3, i:16), leaderCommit=10, initializing? false, entries: <empty>
2019-09-11 12:44:24,629 [grpc-default-executor-0] INFO  client.GrpcClientProtocolClient (GrpcClientProtocolClient.java:onNext(264)) - client-F2C6077FCB6C->f90b1bbc-0325-4fdc-bdda-dbac376593c0: receive RaftClientReply:client-F2C6077FCB6C->f90b1bbc-0325-4fdc-bdda-dbac376593c0@group-36481D5C2926, cid=44, FAILED org.apache.ratis.protocol.NotLeaderException: Server f90b1bbc-0325-4fdc-bdda-dbac376593c0@group-36481D5C2926 is not the leader d8e74394-a0bf-4ec3-a3ce-4740c71bd9b7:192.168.69.81:43465, logIndex=0, commits[f90b1bbc-0325-4fdc-bdda-dbac376593c0:c10, d8e74394-a0bf-4ec3-a3ce-4740c71bd9b7:c10, 8533a49c-a60c-4c36-849a-1b71101d719e:c10]
2019-09-11 12:44:26,733 [java.util.concurrent.ThreadPoolExecutor$Worker@734c62d3[State = -1, empty queue]] WARN  server.GrpcLogAppender (GrpcLogAppender.java:timeoutAppendRequest(200)) - d8e74394-a0bf-4ec3-a3ce-4740c71bd9b7@group-36481D5C2926->8533a49c-a60c-4c36-849a-1b71101d719e-GrpcLogAppender: appendEntries Timeout, request=d8e74394-a0bf-4ec3-a3ce-4740c71bd9b7->8533a49c-a60c-4c36-849a-1b71101d719e#138-t3, previous=(t:3, i:16), leaderCommit=10, initializing? false, entries: <empty>
2019-09-11 12:44:26,734 [java.util.concurrent.ThreadPoolExecutor$Worker@4e4300e[State = -1, empty queue]] WARN  server.GrpcLogAppender (GrpcLogAppender.java:timeoutAppendRequest(200)) - d8e74394-a0bf-4ec3-a3ce-4740c71bd9b7@group-36481D5C2926->f90b1bbc-0325-4fdc-bdda-dbac376593c0-GrpcLogAppender: appendEntries Timeout, request=d8e74394-a0bf-4ec3-a3ce-4740c71bd9b7->f90b1bbc-0325-4fdc-bdda-dbac376593c0#138-t3, previous=(t:3, i:16), leaderCommit=10, initializing? false, entries: <empty>
2019-09-11 12:44:28,736 [org.apache.ratis.server.impl.LogAppender$AppenderDaemon$$Lambda$485/1842952795@4d10b431] ERROR ratis.XceiverServerRatis (XceiverServerRatis.java:triggerPipelineClose(568)) - pipeline Action CLOSE  on pipeline PipelineID=5307b2a7-4d22-40e9-b771-36481d5c2926.Reason : d8e74394-a0bf-4ec3-a3ce-4740c71bd9b7 has not seen follower/s f90b1bbc-0325-4fdc-bdda-dbac376593c0 for 120938ms 8533a49c-a60c-4c36-849a-1b71101d719e for 120938ms
2019-09-11 12:44:28,736 [org.apache.ratis.server.impl.LogAppender$AppenderDaemon$$Lambda$485/1842952795@e4ab945] ERROR ratis.XceiverServerRatis (XceiverServerRatis.java:triggerPipelineClose(568)) - pipeline Action CLOSE  on pipeline PipelineID=5307b2a7-4d22-40e9-b771-36481d5c2926.Reason : d8e74394-a0bf-4ec3-a3ce-4740c71bd9b7 has not seen follower/s f90b1bbc-0325-4fdc-bdda-dbac376593c0 for 120938ms 8533a49c-a60c-4c36-849a-1b71101d719e for 120938ms
2019-09-11 12:44:28,856 [EventQueue-PipelineActionsForPipelineActionHandler] ERROR pipeline.PipelineActionHandler (PipelineActionHandler.java:onMessage(60)) - Received pipeline action CLOSE for Pipeline[ Id: 5307b2a7-4d22-40e9-b771-36481d5c2926, Nodes: d8e74394-a0bf-4ec3-a3ce-4740c71bd9b7{ip: 192.168.69.81, host: pr-hdds-2109-6lgm5-4208394744, networkLocation: /default-rack, certSerialId: null}f90b1bbc-0325-4fdc-bdda-dbac376593c0{ip: 192.168.69.81, host: pr-hdds-2109-6lgm5-4208394744, networkLocation: /default-rack, certSerialId: null}8533a49c-a60c-4c36-849a-1b71101d719e{ip: 192.168.69.81, host: pr-hdds-2109-6lgm5-4208394744, networkLocation: /default-rack, certSerialId: null}, Type:RATIS, Factor:THREE, State:OPEN] from datanode d8e74394-a0bf-4ec3-a3ce-4740c71bd9b7{ip: 192.168.69.81, host: pr-hdds-2109-6lgm5-4208394744, networkLocation: /default-rack, certSerialId: null}. Reason : d8e74394-a0bf-4ec3-a3ce-4740c71bd9b7 has not seen follower/s f90b1bbc-0325-4fdc-bdda-dbac376593c0 for 120938ms 8533a49c-a60c-4c36-849a-1b71101d719e for 120938ms
2019-09-11 12:44:28,856 [EventQueue-PipelineActionsForPipelineActionHandler] INFO  pipeline.SCMPipelineManager (SCMPipelineManager.java:finalizeAndDestroyPipeline(311)) - destroying pipeline:Pipeline[ Id: 5307b2a7-4d22-40e9-b771-36481d5c2926, Nodes: d8e74394-a0bf-4ec3-a3ce-4740c71bd9b7{ip: 192.168.69.81, host: pr-hdds-2109-6lgm5-4208394744, networkLocation: /default-rack, certSerialId: null}f90b1bbc-0325-4fdc-bdda-dbac376593c0{ip: 192.168.69.81, host: pr-hdds-2109-6lgm5-4208394744, networkLocation: /default-rack, certSerialId: null}8533a49c-a60c-4c36-849a-1b71101d719e{ip: 192.168.69.81, host: pr-hdds-2109-6lgm5-4208394744, networkLocation: /default-rack, certSerialId: null}, Type:RATIS, Factor:THREE, State:OPEN]
2019-09-11 12:44:28,857 [EventQueue-PipelineActionsForPipelineActionHandler] INFO  pipeline.PipelineStateManager (PipelineStateManager.java:finalizePipeline(123)) - Pipeline Pipeline[ Id: 5307b2a7-4d22-40e9-b771-36481d5c2926, Nodes: d8e74394-a0bf-4ec3-a3ce-4740c71bd9b7{ip: 192.168.69.81, host: pr-hdds-2109-6lgm5-4208394744, networkLocation: /default-rack, certSerialId: null}f90b1bbc-0325-4fdc-bdda-dbac376593c0{ip: 192.168.69.81, host: pr-hdds-2109-6lgm5-4208394744, networkLocation: /default-rack, certSerialId: null}8533a49c-a60c-4c36-849a-1b71101d719e{ip: 192.168.69.81, host: pr-hdds-2109-6lgm5-4208394744, networkLocation: /default-rack, certSerialId: null}, Type:RATIS, Factor:THREE, State:CLOSED] moved to CLOSED state
2019-09-11 12:44:28,857 [EventQueue-CloseContainerForCloseContainerEventHandler] INFO  container.CloseContainerEventHandler (CloseContainerEventHandler.java:onMessage(61)) - Close container Event triggered for container : #3
2019-09-11 12:44:28,858 [EventQueue-CloseContainerForCloseContainerEventHandler] INFO  container.CloseContainerEventHandler (CloseContainerEventHandler.java:onMessage(61)) - Close container Event triggered for container : #5
2019-09-11 12:44:28,861 [8533a49c-a60c-4c36-849a-1b71101d719e@group-36481D5C2926-SegmentedRaftLogWorker] WARN  segmented.SegmentedRaftLogWorker (SegmentedRaftLogWorker.java:getFromFuture(90)) - Timeout 11/~
org.apache.ratis.protocol.TimeoutIOException: Timeout 10s: WriteLog:12: (t:3, i:12), STATEMACHINELOGENTRY, client-F2C6077FCB6C, cid=45-writeStateMachineData
	at org.apache.ratis.util.IOUtils.getFromFuture(IOUtils.java:87)
	at org.apache.ratis.server.raftlog.segmented.SegmentedRaftLogWorker$StateMachineDataPolicy.getFromFuture(SegmentedRaftLogWorker.java:87)
	at org.apache.ratis.server.raftlog.segmented.SegmentedRaftLogWorker$WriteLog.execute(SegmentedRaftLogWorker.java:477)
	at org.apache.ratis.server.raftlog.segmented.SegmentedRaftLogWorker.run(SegmentedRaftLogWorker.java:289)
	at java.lang.Thread.run(Thread.java:748)
Caused by: java.util.concurrent.TimeoutException
	at java.util.concurrent.CompletableFuture.timedGet(CompletableFuture.java:1771)
	at java.util.concurrent.CompletableFuture.get(CompletableFuture.java:1915)
	at org.apache.ratis.util.IOUtils.getFromFuture(IOUtils.java:79)
	... 4 more
2019-09-11 12:44:28,877 [f90b1bbc-0325-4fdc-bdda-dbac376593c0@group-36481D5C2926-SegmentedRaftLogWorker] WARN  segmented.SegmentedRaftLogWorker (SegmentedRaftLogWorker.java:getFromFuture(90)) - Timeout 11/~
org.apache.ratis.protocol.TimeoutIOException: Timeout 10s: WriteLog:12: (t:3, i:12), STATEMACHINELOGENTRY, client-F2C6077FCB6C, cid=45-writeStateMachineData
	at org.apache.ratis.util.IOUtils.getFromFuture(IOUtils.java:87)
	at org.apache.ratis.server.raftlog.segmented.SegmentedRaftLogWorker$StateMachineDataPolicy.getFromFuture(SegmentedRaftLogWorker.java:87)
	at org.apache.ratis.server.raftlog.segmented.SegmentedRaftLogWorker$WriteLog.execute(SegmentedRaftLogWorker.java:477)
	at org.apache.ratis.server.raftlog.segmented.SegmentedRaftLogWorker.run(SegmentedRaftLogWorker.java:289)
	at java.lang.Thread.run(Thread.java:748)
Caused by: java.util.concurrent.TimeoutException
	at java.util.concurrent.CompletableFuture.timedGet(CompletableFuture.java:1771)
	at java.util.concurrent.CompletableFuture.get(CompletableFuture.java:1915)
	at org.apache.ratis.util.IOUtils.getFromFuture(IOUtils.java:79)
	... 4 more
2019-09-11 12:44:28,878 [d8e74394-a0bf-4ec3-a3ce-4740c71bd9b7@group-36481D5C2926-SegmentedRaftLogWorker] WARN  segmented.SegmentedRaftLogWorker (SegmentedRaftLogWorker.java:getFromFuture(90)) - Timeout 11/~
org.apache.ratis.protocol.TimeoutIOException: Timeout 10s: WriteLog:12: (t:3, i:12), STATEMACHINELOGENTRY, client-F2C6077FCB6C, cid=45-writeStateMachineData
	at org.apache.ratis.util.IOUtils.getFromFuture(IOUtils.java:87)
	at org.apache.ratis.server.raftlog.segmented.SegmentedRaftLogWorker$StateMachineDataPolicy.getFromFuture(SegmentedRaftLogWorker.java:87)
	at org.apache.ratis.server.raftlog.segmented.SegmentedRaftLogWorker$WriteLog.execute(SegmentedRaftLogWorker.java:477)
	at org.apache.ratis.server.raftlog.segmented.SegmentedRaftLogWorker.run(SegmentedRaftLogWorker.java:289)
	at java.lang.Thread.run(Thread.java:748)
Caused by: java.util.concurrent.TimeoutException
	at java.util.concurrent.CompletableFuture.timedGet(CompletableFuture.java:1771)
	at java.util.concurrent.CompletableFuture.get(CompletableFuture.java:1915)
	at org.apache.ratis.util.IOUtils.getFromFuture(IOUtils.java:79)
	... 4 more
2019-09-11 12:44:29,234 [java.util.concurrent.ThreadPoolExecutor$Worker@734c62d3[State = -1, empty queue]] WARN  server.GrpcLogAppender (GrpcLogAppender.java:timeoutAppendRequest(200)) - d8e74394-a0bf-4ec3-a3ce-4740c71bd9b7@group-36481D5C2926->8533a49c-a60c-4c36-849a-1b71101d719e-GrpcLogAppender: appendEntries Timeout, request=d8e74394-a0bf-4ec3-a3ce-4740c71bd9b7->8533a49c-a60c-4c36-849a-1b71101d719e#139-t3, previous=(t:3, i:16), leaderCommit=10, initializing? false, entries: <empty>
2019-09-11 12:44:29,234 [java.util.concurrent.ThreadPoolExecutor$Worker@4e4300e[State = -1, empty queue]] WARN  server.GrpcLogAppender (GrpcLogAppender.java:timeoutAppendRequest(200)) - d8e74394-a0bf-4ec3-a3ce-4740c71bd9b7@group-36481D5C2926->f90b1bbc-0325-4fdc-bdda-dbac376593c0-GrpcLogAppender: appendEntries Timeout, request=d8e74394-a0bf-4ec3-a3ce-4740c71bd9b7->f90b1bbc-0325-4fdc-bdda-dbac376593c0#139-t3, previous=(t:3, i:16), leaderCommit=10, initializing? false, entries: <empty>
2019-09-11 12:44:29,673 [grpc-default-executor-0] INFO  client.GrpcClientProtocolClient (GrpcClientProtocolClient.java:onNext(264)) - client-F2C6077FCB6C->f90b1bbc-0325-4fdc-bdda-dbac376593c0: receive RaftClientReply:client-F2C6077FCB6C->f90b1bbc-0325-4fdc-bdda-dbac376593c0@group-36481D5C2926, cid=44, FAILED org.apache.ratis.protocol.NotLeaderException: Server f90b1bbc-0325-4fdc-bdda-dbac376593c0@group-36481D5C2926 is not the leader d8e74394-a0bf-4ec3-a3ce-4740c71bd9b7:192.168.69.81:43465, logIndex=0, commits[f90b1bbc-0325-4fdc-bdda-dbac376593c0:c10, d8e74394-a0bf-4ec3-a3ce-4740c71bd9b7:c10, 8533a49c-a60c-4c36-849a-1b71101d719e:c10]
2019-09-11 12:44:30,887 [org.apache.ratis.server.impl.LogAppender$AppenderDaemon$$Lambda$485/1842952795@4d10b431] ERROR ratis.XceiverServerRatis (XceiverServerRatis.java:triggerPipelineClose(568)) - pipeline Action CLOSE  on pipeline PipelineID=5307b2a7-4d22-40e9-b771-36481d5c2926.Reason : d8e74394-a0bf-4ec3-a3ce-4740c71bd9b7 has not seen follower/s f90b1bbc-0325-4fdc-bdda-dbac376593c0 for 123090ms 8533a49c-a60c-4c36-849a-1b71101d719e for 123091ms
2019-09-11 12:44:30,887 [org.apache.ratis.server.impl.LogAppender$AppenderDaemon$$Lambda$485/1842952795@e4ab945] ERROR ratis.XceiverServerRatis (XceiverServerRatis.java:triggerPipelineClose(568)) - pipeline Action CLOSE  on pipeline PipelineID=5307b2a7-4d22-40e9-b771-36481d5c2926.Reason : d8e74394-a0bf-4ec3-a3ce-4740c71bd9b7 has not seen follower/s f90b1bbc-0325-4fdc-bdda-dbac376593c0 for 123090ms 8533a49c-a60c-4c36-849a-1b71101d719e for 123091ms
2019-09-11 12:44:31,734 [java.util.concurrent.ThreadPoolExecutor$Worker@734c62d3[State = -1, empty queue]] WARN  server.GrpcLogAppender (GrpcLogAppender.java:timeoutAppendRequest(200)) - d8e74394-a0bf-4ec3-a3ce-4740c71bd9b7@group-36481D5C2926->8533a49c-a60c-4c36-849a-1b71101d719e-GrpcLogAppender: appendEntries Timeout, request=d8e74394-a0bf-4ec3-a3ce-4740c71bd9b7->8533a49c-a60c-4c36-849a-1b71101d719e#140-t3, previous=(t:3, i:16), leaderCommit=10, initializing? false, entries: <empty>
2019-09-11 12:44:31,734 [java.util.concurrent.ThreadPoolExecutor$Worker@4e4300e[State = -1, empty queue]] WARN  server.GrpcLogAppender (GrpcLogAppender.java:timeoutAppendRequest(200)) - d8e74394-a0bf-4ec3-a3ce-4740c71bd9b7@group-36481D5C2926->f90b1bbc-0325-4fdc-bdda-dbac376593c0-GrpcLogAppender: appendEntries Timeout, request=d8e74394-a0bf-4ec3-a3ce-4740c71bd9b7->f90b1bbc-0325-4fdc-bdda-dbac376593c0#140-t3, previous=(t:3, i:16), leaderCommit=10, initializing? false, entries: <empty>
2019-09-11 12:44:31,885 [EventQueue-PipelineActionsForPipelineActionHandler] ERROR pipeline.PipelineActionHandler (PipelineActionHandler.java:onMessage(60)) - Received pipeline action CLOSE for Pipeline[ Id: 5307b2a7-4d22-40e9-b771-36481d5c2926, Nodes: d8e74394-a0bf-4ec3-a3ce-4740c71bd9b7{ip: 192.168.69.81, host: pr-hdds-2109-6lgm5-4208394744, networkLocation: /default-rack, certSerialId: null}f90b1bbc-0325-4fdc-bdda-dbac376593c0{ip: 192.168.69.81, host: pr-hdds-2109-6lgm5-4208394744, networkLocation: /default-rack, certSerialId: null}8533a49c-a60c-4c36-849a-1b71101d719e{ip: 192.168.69.81, host: pr-hdds-2109-6lgm5-4208394744, networkLocation: /default-rack, certSerialId: null}, Type:RATIS, Factor:THREE, State:CLOSED] from datanode d8e74394-a0bf-4ec3-a3ce-4740c71bd9b7{ip: 192.168.69.81, host: pr-hdds-2109-6lgm5-4208394744, networkLocation: /default-rack, certSerialId: null}. Reason : d8e74394-a0bf-4ec3-a3ce-4740c71bd9b7 has not seen follower/s f90b1bbc-0325-4fdc-bdda-dbac376593c0 for 123090ms 8533a49c-a60c-4c36-849a-1b71101d719e for 123091ms
2019-09-11 12:44:31,885 [EventQueue-PipelineActionsForPipelineActionHandler] INFO  pipeline.SCMPipelineManager (SCMPipelineManager.java:finalizeAndDestroyPipeline(311)) - destroying pipeline:Pipeline[ Id: 5307b2a7-4d22-40e9-b771-36481d5c2926, Nodes: d8e74394-a0bf-4ec3-a3ce-4740c71bd9b7{ip: 192.168.69.81, host: pr-hdds-2109-6lgm5-4208394744, networkLocation: /default-rack, certSerialId: null}f90b1bbc-0325-4fdc-bdda-dbac376593c0{ip: 192.168.69.81, host: pr-hdds-2109-6lgm5-4208394744, networkLocation: /default-rack, certSerialId: null}8533a49c-a60c-4c36-849a-1b71101d719e{ip: 192.168.69.81, host: pr-hdds-2109-6lgm5-4208394744, networkLocation: /default-rack, certSerialId: null}, Type:RATIS, Factor:THREE, State:CLOSED]
2019-09-11 12:44:33,388 [org.apache.ratis.server.impl.LogAppender$AppenderDaemon$$Lambda$485/1842952795@e4ab945] ERROR ratis.XceiverServerRatis (XceiverServerRatis.java:triggerPipelineClose(568)) - pipeline Action CLOSE  on pipeline PipelineID=5307b2a7-4d22-40e9-b771-36481d5c2926.Reason : d8e74394-a0bf-4ec3-a3ce-4740c71bd9b7 has not seen follower/s f90b1bbc-0325-4fdc-bdda-dbac376593c0 for 125591ms 8533a49c-a60c-4c36-849a-1b71101d719e for 125592ms
2019-09-11 12:44:33,388 [org.apache.ratis.server.impl.LogAppender$AppenderDaemon$$Lambda$485/1842952795@4d10b431] ERROR ratis.XceiverServerRatis (XceiverServerRatis.java:triggerPipelineClose(568)) - pipeline Action CLOSE  on pipeline PipelineID=5307b2a7-4d22-40e9-b771-36481d5c2926.Reason : d8e74394-a0bf-4ec3-a3ce-4740c71bd9b7 has not seen follower/s f90b1bbc-0325-4fdc-bdda-dbac376593c0 for 125591ms 8533a49c-a60c-4c36-849a-1b71101d719e for 125592ms
2019-09-11 12:44:33,886 [EventQueue-PipelineActionsForPipelineActionHandler] ERROR pipeline.PipelineActionHandler (PipelineActionHandler.java:onMessage(60)) - Received pipeline action CLOSE for Pipeline[ Id: 5307b2a7-4d22-40e9-b771-36481d5c2926, Nodes: d8e74394-a0bf-4ec3-a3ce-4740c71bd9b7{ip: 192.168.69.81, host: pr-hdds-2109-6lgm5-4208394744, networkLocation: /default-rack, certSerialId: null}f90b1bbc-0325-4fdc-bdda-dbac376593c0{ip: 192.168.69.81, host: pr-hdds-2109-6lgm5-4208394744, networkLocation: /default-rack, certSerialId: null}8533a49c-a60c-4c36-849a-1b71101d719e{ip: 192.168.69.81, host: pr-hdds-2109-6lgm5-4208394744, networkLocation: /default-rack, certSerialId: null}, Type:RATIS, Factor:THREE, State:CLOSED] from datanode d8e74394-a0bf-4ec3-a3ce-4740c71bd9b7{ip: 192.168.69.81, host: pr-hdds-2109-6lgm5-4208394744, networkLocation: /default-rack, certSerialId: null}. Reason : d8e74394-a0bf-4ec3-a3ce-4740c71bd9b7 has not seen follower/s f90b1bbc-0325-4fdc-bdda-dbac376593c0 for 125591ms 8533a49c-a60c-4c36-849a-1b71101d719e for 125592ms
2019-09-11 12:44:33,886 [EventQueue-PipelineActionsForPipelineActionHandler] INFO  pipeline.SCMPipelineManager (SCMPipelineManager.java:finalizeAndDestroyPipeline(311)) - destroying pipeline:Pipeline[ Id: 5307b2a7-4d22-40e9-b771-36481d5c2926, Nodes: d8e74394-a0bf-4ec3-a3ce-4740c71bd9b7{ip: 192.168.69.81, host: pr-hdds-2109-6lgm5-4208394744, networkLocation: /default-rack, certSerialId: null}f90b1bbc-0325-4fdc-bdda-dbac376593c0{ip: 192.168.69.81, host: pr-hdds-2109-6lgm5-4208394744, networkLocation: /default-rack, certSerialId: null}8533a49c-a60c-4c36-849a-1b71101d719e{ip: 192.168.69.81, host: pr-hdds-2109-6lgm5-4208394744, networkLocation: /default-rack, certSerialId: null}, Type:RATIS, Factor:THREE, State:CLOSED]
2019-09-11 12:44:33,887 [java.util.concurrent.ThreadPoolExecutor$Worker@734c62d3[State = -1, empty queue]] WARN  server.GrpcLogAppender (GrpcLogAppender.java:timeoutAppendRequest(200)) - d8e74394-a0bf-4ec3-a3ce-4740c71bd9b7@group-36481D5C2926->8533a49c-a60c-4c36-849a-1b71101d719e-GrpcLogAppender: appendEntries Timeout, request=d8e74394-a0bf-4ec3-a3ce-4740c71bd9b7->8533a49c-a60c-4c36-849a-1b71101d719e#141-t3, previous=(t:3, i:16), leaderCommit=10, initializing? false, entries: size=1, first=(t:3, i:17), STATEMACHINELOGENTRY, client-EC0EC3205B76, cid=8
2019-09-11 12:44:33,887 [java.util.concurrent.ThreadPoolExecutor$Worker@4e4300e[State = -1, empty queue]] WARN  server.GrpcLogAppender (GrpcLogAppender.java:timeoutAppendRequest(200)) - d8e74394-a0bf-4ec3-a3ce-4740c71bd9b7@group-36481D5C2926->f90b1bbc-0325-4fdc-bdda-dbac376593c0-GrpcLogAppender: appendEntries Timeout, request=d8e74394-a0bf-4ec3-a3ce-4740c71bd9b7->f90b1bbc-0325-4fdc-bdda-dbac376593c0#141-t3, previous=(t:3, i:16), leaderCommit=10, initializing? false, entries: size=1, first=(t:3, i:17), STATEMACHINELOGENTRY, client-EC0EC3205B76, cid=8
2019-09-11 12:44:34,704 [grpc-default-executor-4] INFO  client.GrpcClientProtocolClient (GrpcClientProtocolClient.java:onNext(264)) - client-F2C6077FCB6C->f90b1bbc-0325-4fdc-bdda-dbac376593c0: receive RaftClientReply:client-F2C6077FCB6C->f90b1bbc-0325-4fdc-bdda-dbac376593c0@group-36481D5C2926, cid=44, FAILED org.apache.ratis.protocol.NotLeaderException: Server f90b1bbc-0325-4fdc-bdda-dbac376593c0@group-36481D5C2926 is not the leader d8e74394-a0bf-4ec3-a3ce-4740c71bd9b7:192.168.69.81:43465, logIndex=0, commits[f90b1bbc-0325-4fdc-bdda-dbac376593c0:c10, d8e74394-a0bf-4ec3-a3ce-4740c71bd9b7:c10, 8533a49c-a60c-4c36-849a-1b71101d719e:c10]
2019-09-11 12:44:35,889 [org.apache.ratis.server.impl.LogAppender$AppenderDaemon$$Lambda$485/1842952795@e4ab945] ERROR ratis.XceiverServerRatis (XceiverServerRatis.java:triggerPipelineClose(568)) - pipeline Action CLOSE  on pipeline PipelineID=5307b2a7-4d22-40e9-b771-36481d5c2926.Reason : d8e74394-a0bf-4ec3-a3ce-4740c71bd9b7 has not seen follower/s f90b1bbc-0325-4fdc-bdda-dbac376593c0 for 128092ms 8533a49c-a60c-4c36-849a-1b71101d719e for 128092ms
2019-09-11 12:44:35,889 [org.apache.ratis.server.impl.LogAppender$AppenderDaemon$$Lambda$485/1842952795@4d10b431] ERROR ratis.XceiverServerRatis (XceiverServerRatis.java:triggerPipelineClose(568)) - pipeline Action CLOSE  on pipeline PipelineID=5307b2a7-4d22-40e9-b771-36481d5c2926.Reason : d8e74394-a0bf-4ec3-a3ce-4740c71bd9b7 has not seen follower/s f90b1bbc-0325-4fdc-bdda-dbac376593c0 for 128092ms 8533a49c-a60c-4c36-849a-1b71101d719e for 128092ms
2019-09-11 12:44:36,388 [java.util.concurrent.ThreadPoolExecutor$Worker@734c62d3[State = -1, empty queue]] WARN  server.GrpcLogAppender (GrpcLogAppender.java:timeoutAppendRequest(200)) - d8e74394-a0bf-4ec3-a3ce-4740c71bd9b7@group-36481D5C2926->8533a49c-a60c-4c36-849a-1b71101d719e-GrpcLogAppender: appendEntries Timeout, request=d8e74394-a0bf-4ec3-a3ce-4740c71bd9b7->8533a49c-a60c-4c36-849a-1b71101d719e#142-t3, previous=(t:3, i:17), leaderCommit=10, initializing? false, entries: <empty>
2019-09-11 12:44:36,388 [java.util.concurrent.ThreadPoolExecutor$Worker@4e4300e[State = -1, empty queue]] WARN  server.GrpcLogAppender (GrpcLogAppender.java:timeoutAppendRequest(200)) - d8e74394-a0bf-4ec3-a3ce-4740c71bd9b7@group-36481D5C2926->f90b1bbc-0325-4fdc-bdda-dbac376593c0-GrpcLogAppender: appendEntries Timeout, request=d8e74394-a0bf-4ec3-a3ce-4740c71bd9b7->f90b1bbc-0325-4fdc-bdda-dbac376593c0#142-t3, previous=(t:3, i:17), leaderCommit=10, initializing? false, entries: <empty>
2019-09-11 12:44:36,886 [EventQueue-PipelineActionsForPipelineActionHandler] ERROR pipeline.PipelineActionHandler (PipelineActionHandler.java:onMessage(60)) - Received pipeline action CLOSE for Pipeline[ Id: 5307b2a7-4d22-40e9-b771-36481d5c2926, Nodes: d8e74394-a0bf-4ec3-a3ce-4740c71bd9b7{ip: 192.168.69.81, host: pr-hdds-2109-6lgm5-4208394744, networkLocation: /default-rack, certSerialId: null}f90b1bbc-0325-4fdc-bdda-dbac376593c0{ip: 192.168.69.81, host: pr-hdds-2109-6lgm5-4208394744, networkLocation: /default-rack, certSerialId: null}8533a49c-a60c-4c36-849a-1b71101d719e{ip: 192.168.69.81, host: pr-hdds-2109-6lgm5-4208394744, networkLocation: /default-rack, certSerialId: null}, Type:RATIS, Factor:THREE, State:CLOSED] from datanode d8e74394-a0bf-4ec3-a3ce-4740c71bd9b7{ip: 192.168.69.81, host: pr-hdds-2109-6lgm5-4208394744, networkLocation: /default-rack, certSerialId: null}. Reason : d8e74394-a0bf-4ec3-a3ce-4740c71bd9b7 has not seen follower/s f90b1bbc-0325-4fdc-bdda-dbac376593c0 for 128092ms 8533a49c-a60c-4c36-849a-1b71101d719e for 128092ms
2019-09-11 12:44:36,886 [EventQueue-PipelineActionsForPipelineActionHandler] INFO  pipeline.SCMPipelineManager (SCMPipelineManager.java:finalizeAndDestroyPipeline(311)) - destroying pipeline:Pipeline[ Id: 5307b2a7-4d22-40e9-b771-36481d5c2926, Nodes: d8e74394-a0bf-4ec3-a3ce-4740c71bd9b7{ip: 192.168.69.81, host: pr-hdds-2109-6lgm5-4208394744, networkLocation: /default-rack, certSerialId: null}f90b1bbc-0325-4fdc-bdda-dbac376593c0{ip: 192.168.69.81, host: pr-hdds-2109-6lgm5-4208394744, networkLocation: /default-rack, certSerialId: null}8533a49c-a60c-4c36-849a-1b71101d719e{ip: 192.168.69.81, host: pr-hdds-2109-6lgm5-4208394744, networkLocation: /default-rack, certSerialId: null}, Type:RATIS, Factor:THREE, State:CLOSED]
2019-09-11 12:44:38,389 [org.apache.ratis.server.impl.LogAppender$AppenderDaemon$$Lambda$485/1842952795@e4ab945] ERROR ratis.XceiverServerRatis (XceiverServerRatis.java:triggerPipelineClose(568)) - pipeline Action CLOSE  on pipeline PipelineID=5307b2a7-4d22-40e9-b771-36481d5c2926.Reason : d8e74394-a0bf-4ec3-a3ce-4740c71bd9b7 has not seen follower/s f90b1bbc-0325-4fdc-bdda-dbac376593c0 for 130593ms 8533a49c-a60c-4c36-849a-1b71101d719e for 130593ms
2019-09-11 12:44:38,389 [org.apache.ratis.server.impl.LogAppender$AppenderDaemon$$Lambda$485/1842952795@4d10b431] ERROR ratis.XceiverServerRatis (XceiverServerRatis.java:triggerPipelineClose(568)) - pipeline Action CLOSE  on pipeline PipelineID=5307b2a7-4d22-40e9-b771-36481d5c2926.Reason : d8e74394-a0bf-4ec3-a3ce-4740c71bd9b7 has not seen follower/s f90b1bbc-0325-4fdc-bdda-dbac376593c0 for 130593ms 8533a49c-a60c-4c36-849a-1b71101d719e for 130593ms
2019-09-11 12:44:38,862 [8533a49c-a60c-4c36-849a-1b71101d719e@group-36481D5C2926-SegmentedRaftLogWorker] WARN  segmented.SegmentedRaftLogWorker (SegmentedRaftLogWorker.java:getFromFuture(90)) - Timeout 12/~
org.apache.ratis.protocol.TimeoutIOException: Timeout 10s: WriteLog:12: (t:3, i:12), STATEMACHINELOGENTRY, client-F2C6077FCB6C, cid=45-writeStateMachineData
	at org.apache.ratis.util.IOUtils.getFromFuture(IOUtils.java:87)
	at org.apache.ratis.server.raftlog.segmented.SegmentedRaftLogWorker$StateMachineDataPolicy.getFromFuture(SegmentedRaftLogWorker.java:87)
	at org.apache.ratis.server.raftlog.segmented.SegmentedRaftLogWorker$WriteLog.execute(SegmentedRaftLogWorker.java:477)
	at org.apache.ratis.server.raftlog.segmented.SegmentedRaftLogWorker.run(SegmentedRaftLogWorker.java:289)
	at java.lang.Thread.run(Thread.java:748)
Caused by: java.util.concurrent.TimeoutException
	at java.util.concurrent.CompletableFuture.timedGet(CompletableFuture.java:1771)
	at java.util.concurrent.CompletableFuture.get(CompletableFuture.java:1915)
	at org.apache.ratis.util.IOUtils.getFromFuture(IOUtils.java:79)
	... 4 more
2019-09-11 12:44:38,878 [f90b1bbc-0325-4fdc-bdda-dbac376593c0@group-36481D5C2926-SegmentedRaftLogWorker] WARN  segmented.SegmentedRaftLogWorker (SegmentedRaftLogWorker.java:getFromFuture(90)) - Timeout 12/~
org.apache.ratis.protocol.TimeoutIOException: Timeout 10s: WriteLog:12: (t:3, i:12), STATEMACHINELOGENTRY, client-F2C6077FCB6C, cid=45-writeStateMachineData
	at org.apache.ratis.util.IOUtils.getFromFuture(IOUtils.java:87)
	at org.apache.ratis.server.raftlog.segmented.SegmentedRaftLogWorker$StateMachineDataPolicy.getFromFuture(SegmentedRaftLogWorker.java:87)
	at org.apache.ratis.server.raftlog.segmented.SegmentedRaftLogWorker$WriteLog.execute(SegmentedRaftLogWorker.java:477)
	at org.apache.ratis.server.raftlog.segmented.SegmentedRaftLogWorker.run(SegmentedRaftLogWorker.java:289)
	at java.lang.Thread.run(Thread.java:748)
Caused by: java.util.concurrent.TimeoutException
	at java.util.concurrent.CompletableFuture.timedGet(CompletableFuture.java:1771)
	at java.util.concurrent.CompletableFuture.get(CompletableFuture.java:1915)
	at org.apache.ratis.util.IOUtils.getFromFuture(IOUtils.java:79)
	... 4 more
2019-09-11 12:44:38,878 [d8e74394-a0bf-4ec3-a3ce-4740c71bd9b7@group-36481D5C2926-SegmentedRaftLogWorker] WARN  segmented.SegmentedRaftLogWorker (SegmentedRaftLogWorker.java:getFromFuture(90)) - Timeout 12/~
org.apache.ratis.protocol.TimeoutIOException: Timeout 10s: WriteLog:12: (t:3, i:12), STATEMACHINELOGENTRY, client-F2C6077FCB6C, cid=45-writeStateMachineData
	at org.apache.ratis.util.IOUtils.getFromFuture(IOUtils.java:87)
	at org.apache.ratis.server.raftlog.segmented.SegmentedRaftLogWorker$StateMachineDataPolicy.getFromFuture(SegmentedRaftLogWorker.java:87)
	at org.apache.ratis.server.raftlog.segmented.SegmentedRaftLogWorker$WriteLog.execute(SegmentedRaftLogWorker.java:477)
	at org.apache.ratis.server.raftlog.segmented.SegmentedRaftLogWorker.run(SegmentedRaftLogWorker.java:289)
	at java.lang.Thread.run(Thread.java:748)
Caused by: java.util.concurrent.TimeoutException
	at java.util.concurrent.CompletableFuture.timedGet(CompletableFuture.java:1771)
	at java.util.concurrent.CompletableFuture.get(CompletableFuture.java:1915)
	at org.apache.ratis.util.IOUtils.getFromFuture(IOUtils.java:79)
	... 4 more
2019-09-11 12:44:38,886 [EventQueue-PipelineActionsForPipelineActionHandler] ERROR pipeline.PipelineActionHandler (PipelineActionHandler.java:onMessage(60)) - Received pipeline action CLOSE for Pipeline[ Id: 5307b2a7-4d22-40e9-b771-36481d5c2926, Nodes: d8e74394-a0bf-4ec3-a3ce-4740c71bd9b7{ip: 192.168.69.81, host: pr-hdds-2109-6lgm5-4208394744, networkLocation: /default-rack, certSerialId: null}f90b1bbc-0325-4fdc-bdda-dbac376593c0{ip: 192.168.69.81, host: pr-hdds-2109-6lgm5-4208394744, networkLocation: /default-rack, certSerialId: null}8533a49c-a60c-4c36-849a-1b71101d719e{ip: 192.168.69.81, host: pr-hdds-2109-6lgm5-4208394744, networkLocation: /default-rack, certSerialId: null}, Type:RATIS, Factor:THREE, State:CLOSED] from datanode d8e74394-a0bf-4ec3-a3ce-4740c71bd9b7{ip: 192.168.69.81, host: pr-hdds-2109-6lgm5-4208394744, networkLocation: /default-rack, certSerialId: null}. Reason : d8e74394-a0bf-4ec3-a3ce-4740c71bd9b7 has not seen follower/s f90b1bbc-0325-4fdc-bdda-dbac376593c0 for 130593ms 8533a49c-a60c-4c36-849a-1b71101d719e for 130593ms
2019-09-11 12:44:38,886 [EventQueue-PipelineActionsForPipelineActionHandler] INFO  pipeline.SCMPipelineManager (SCMPipelineManager.java:finalizeAndDestroyPipeline(311)) - destroying pipeline:Pipeline[ Id: 5307b2a7-4d22-40e9-b771-36481d5c2926, Nodes: d8e74394-a0bf-4ec3-a3ce-4740c71bd9b7{ip: 192.168.69.81, host: pr-hdds-2109-6lgm5-4208394744, networkLocation: /default-rack, certSerialId: null}f90b1bbc-0325-4fdc-bdda-dbac376593c0{ip: 192.168.69.81, host: pr-hdds-2109-6lgm5-4208394744, networkLocation: /default-rack, certSerialId: null}8533a49c-a60c-4c36-849a-1b71101d719e{ip: 192.168.69.81, host: pr-hdds-2109-6lgm5-4208394744, networkLocation: /default-rack, certSerialId: null}, Type:RATIS, Factor:THREE, State:CLOSED]
2019-09-11 12:44:38,888 [java.util.concurrent.ThreadPoolExecutor$Worker@4e4300e[State = -1, empty queue]] WARN  server.GrpcLogAppender (GrpcLogAppender.java:timeoutAppendRequest(200)) - d8e74394-a0bf-4ec3-a3ce-4740c71bd9b7@group-36481D5C2926->f90b1bbc-0325-4fdc-bdda-dbac376593c0-GrpcLogAppender: appendEntries Timeout, request=d8e74394-a0bf-4ec3-a3ce-4740c71bd9b7->f90b1bbc-0325-4fdc-bdda-dbac376593c0#143-t3, previous=(t:3, i:17), leaderCommit=10, initializing? false, entries: <empty>
2019-09-11 12:44:38,889 [java.util.concurrent.ThreadPoolExecutor$Worker@734c62d3[State = -1, empty queue]] WARN  server.GrpcLogAppender (GrpcLogAppender.java:timeoutAppendRequest(200)) - d8e74394-a0bf-4ec3-a3ce-4740c71bd9b7@group-36481D5C2926->8533a49c-a60c-4c36-849a-1b71101d719e-GrpcLogAppender: appendEntries Timeout, request=d8e74394-a0bf-4ec3-a3ce-4740c71bd9b7->8533a49c-a60c-4c36-849a-1b71101d719e#143-t3, previous=(t:3, i:17), leaderCommit=10, initializing? false, entries: <empty>
2019-09-11 12:44:39,730 [grpc-default-executor-0] INFO  client.GrpcClientProtocolClient (GrpcClientProtocolClient.java:onNext(264)) - client-F2C6077FCB6C->f90b1bbc-0325-4fdc-bdda-dbac376593c0: receive RaftClientReply:client-F2C6077FCB6C->f90b1bbc-0325-4fdc-bdda-dbac376593c0@group-36481D5C2926, cid=44, FAILED org.apache.ratis.protocol.NotLeaderException: Server f90b1bbc-0325-4fdc-bdda-dbac376593c0@group-36481D5C2926 is not the leader d8e74394-a0bf-4ec3-a3ce-4740c71bd9b7:192.168.69.81:43465, logIndex=0, commits[f90b1bbc-0325-4fdc-bdda-dbac376593c0:c10, d8e74394-a0bf-4ec3-a3ce-4740c71bd9b7:c10, 8533a49c-a60c-4c36-849a-1b71101d719e:c10]
2019-09-11 12:44:40,890 [org.apache.ratis.server.impl.LogAppender$AppenderDaemon$$Lambda$485/1842952795@e4ab945] ERROR ratis.XceiverServerRatis (XceiverServerRatis.java:triggerPipelineClose(568)) - pipeline Action CLOSE  on pipeline PipelineID=5307b2a7-4d22-40e9-b771-36481d5c2926.Reason : d8e74394-a0bf-4ec3-a3ce-4740c71bd9b7 has not seen follower/s f90b1bbc-0325-4fdc-bdda-dbac376593c0 for 133094ms 8533a49c-a60c-4c36-849a-1b71101d719e for 133094ms
2019-09-11 12:44:40,890 [org.apache.ratis.server.impl.LogAppender$AppenderDaemon$$Lambda$485/1842952795@4d10b431] ERROR ratis.XceiverServerRatis (XceiverServerRatis.java:triggerPipelineClose(568)) - pipeline Action CLOSE  on pipeline PipelineID=5307b2a7-4d22-40e9-b771-36481d5c2926.Reason : d8e74394-a0bf-4ec3-a3ce-4740c71bd9b7 has not seen follower/s f90b1bbc-0325-4fdc-bdda-dbac376593c0 for 133094ms 8533a49c-a60c-4c36-849a-1b71101d719e for 133094ms
2019-09-11 12:44:41,389 [java.util.concurrent.ThreadPoolExecutor$Worker@4e4300e[State = -1, empty queue]] WARN  server.GrpcLogAppender (GrpcLogAppender.java:timeoutAppendRequest(200)) - d8e74394-a0bf-4ec3-a3ce-4740c71bd9b7@group-36481D5C2926->f90b1bbc-0325-4fdc-bdda-dbac376593c0-GrpcLogAppender: appendEntries Timeout, request=d8e74394-a0bf-4ec3-a3ce-4740c71bd9b7->f90b1bbc-0325-4fdc-bdda-dbac376593c0#144-t3, previous=(t:3, i:17), leaderCommit=10, initializing? false, entries: <empty>
2019-09-11 12:44:41,390 [java.util.concurrent.ThreadPoolExecutor$Worker@734c62d3[State = -1, empty queue]] WARN  server.GrpcLogAppender (GrpcLogAppender.java:timeoutAppendRequest(200)) - d8e74394-a0bf-4ec3-a3ce-4740c71bd9b7@group-36481D5C2926->8533a49c-a60c-4c36-849a-1b71101d719e-GrpcLogAppender: appendEntries Timeout, request=d8e74394-a0bf-4ec3-a3ce-4740c71bd9b7->8533a49c-a60c-4c36-849a-1b71101d719e#144-t3, previous=(t:3, i:17), leaderCommit=10, initializing? false, entries: <empty>
2019-09-11 12:44:41,887 [EventQueue-PipelineActionsForPipelineActionHandler] ERROR pipeline.PipelineActionHandler (PipelineActionHandler.java:onMessage(60)) - Received pipeline action CLOSE for Pipeline[ Id: 5307b2a7-4d22-40e9-b771-36481d5c2926, Nodes: d8e74394-a0bf-4ec3-a3ce-4740c71bd9b7{ip: 192.168.69.81, host: pr-hdds-2109-6lgm5-4208394744, networkLocation: /default-rack, certSerialId: null}f90b1bbc-0325-4fdc-bdda-dbac376593c0{ip: 192.168.69.81, host: pr-hdds-2109-6lgm5-4208394744, networkLocation: /default-rack, certSerialId: null}8533a49c-a60c-4c36-849a-1b71101d719e{ip: 192.168.69.81, host: pr-hdds-2109-6lgm5-4208394744, networkLocation: /default-rack, certSerialId: null}, Type:RATIS, Factor:THREE, State:CLOSED] from datanode d8e74394-a0bf-4ec3-a3ce-4740c71bd9b7{ip: 192.168.69.81, host: pr-hdds-2109-6lgm5-4208394744, networkLocation: /default-rack, certSerialId: null}. Reason : d8e74394-a0bf-4ec3-a3ce-4740c71bd9b7 has not seen follower/s f90b1bbc-0325-4fdc-bdda-dbac376593c0 for 133094ms 8533a49c-a60c-4c36-849a-1b71101d719e for 133094ms
2019-09-11 12:44:41,887 [EventQueue-PipelineActionsForPipelineActionHandler] INFO  pipeline.SCMPipelineManager (SCMPipelineManager.java:finalizeAndDestroyPipeline(311)) - destroying pipeline:Pipeline[ Id: 5307b2a7-4d22-40e9-b771-36481d5c2926, Nodes: d8e74394-a0bf-4ec3-a3ce-4740c71bd9b7{ip: 192.168.69.81, host: pr-hdds-2109-6lgm5-4208394744, networkLocation: /default-rack, certSerialId: null}f90b1bbc-0325-4fdc-bdda-dbac376593c0{ip: 192.168.69.81, host: pr-hdds-2109-6lgm5-4208394744, networkLocation: /default-rack, certSerialId: null}8533a49c-a60c-4c36-849a-1b71101d719e{ip: 192.168.69.81, host: pr-hdds-2109-6lgm5-4208394744, networkLocation: /default-rack, certSerialId: null}, Type:RATIS, Factor:THREE, State:CLOSED]
2019-09-11 12:44:43,393 [org.apache.ratis.server.impl.LogAppender$AppenderDaemon$$Lambda$485/1842952795@e4ab945] ERROR ratis.XceiverServerRatis (XceiverServerRatis.java:triggerPipelineClose(568)) - pipeline Action CLOSE  on pipeline PipelineID=5307b2a7-4d22-40e9-b771-36481d5c2926.Reason : d8e74394-a0bf-4ec3-a3ce-4740c71bd9b7 has not seen follower/s f90b1bbc-0325-4fdc-bdda-dbac376593c0 for 135596ms 8533a49c-a60c-4c36-849a-1b71101d719e for 135597ms
2019-09-11 12:44:43,393 [org.apache.ratis.server.impl.LogAppender$AppenderDaemon$$Lambda$485/1842952795@4d10b431] ERROR ratis.XceiverServerRatis (XceiverServerRatis.java:triggerPipelineClose(568)) - pipeline Action CLOSE  on pipeline PipelineID=5307b2a7-4d22-40e9-b771-36481d5c2926.Reason : d8e74394-a0bf-4ec3-a3ce-4740c71bd9b7 has not seen follower/s f90b1bbc-0325-4fdc-bdda-dbac376593c0 for 135596ms 8533a49c-a60c-4c36-849a-1b71101d719e for 135597ms
2019-09-11 12:44:43,888 [EventQueue-PipelineActionsForPipelineActionHandler] ERROR pipeline.PipelineActionHandler (PipelineActionHandler.java:onMessage(60)) - Received pipeline action CLOSE for Pipeline[ Id: 5307b2a7-4d22-40e9-b771-36481d5c2926, Nodes: d8e74394-a0bf-4ec3-a3ce-4740c71bd9b7{ip: 192.168.69.81, host: pr-hdds-2109-6lgm5-4208394744, networkLocation: /default-rack, certSerialId: null}f90b1bbc-0325-4fdc-bdda-dbac376593c0{ip: 192.168.69.81, host: pr-hdds-2109-6lgm5-4208394744, networkLocation: /default-rack, certSerialId: null}8533a49c-a60c-4c36-849a-1b71101d719e{ip: 192.168.69.81, host: pr-hdds-2109-6lgm5-4208394744, networkLocation: /default-rack, certSerialId: null}, Type:RATIS, Factor:THREE, State:CLOSED] from datanode d8e74394-a0bf-4ec3-a3ce-4740c71bd9b7{ip: 192.168.69.81, host: pr-hdds-2109-6lgm5-4208394744, networkLocation: /default-rack, certSerialId: null}. Reason : d8e74394-a0bf-4ec3-a3ce-4740c71bd9b7 has not seen follower/s f90b1bbc-0325-4fdc-bdda-dbac376593c0 for 135596ms 8533a49c-a60c-4c36-849a-1b71101d719e for 135597ms
2019-09-11 12:44:43,888 [EventQueue-PipelineActionsForPipelineActionHandler] INFO  pipeline.SCMPipelineManager (SCMPipelineManager.java:finalizeAndDestroyPipeline(311)) - destroying pipeline:Pipeline[ Id: 5307b2a7-4d22-40e9-b771-36481d5c2926, Nodes: d8e74394-a0bf-4ec3-a3ce-4740c71bd9b7{ip: 192.168.69.81, host: pr-hdds-2109-6lgm5-4208394744, networkLocation: /default-rack, certSerialId: null}f90b1bbc-0325-4fdc-bdda-dbac376593c0{ip: 192.168.69.81, host: pr-hdds-2109-6lgm5-4208394744, networkLocation: /default-rack, certSerialId: null}8533a49c-a60c-4c36-849a-1b71101d719e{ip: 192.168.69.81, host: pr-hdds-2109-6lgm5-4208394744, networkLocation: /default-rack, certSerialId: null}, Type:RATIS, Factor:THREE, State:CLOSED]
2019-09-11 12:44:43,890 [java.util.concurrent.ThreadPoolExecutor$Worker@4e4300e[State = -1, empty queue]] WARN  server.GrpcLogAppender (GrpcLogAppender.java:timeoutAppendRequest(200)) - d8e74394-a0bf-4ec3-a3ce-4740c71bd9b7@group-36481D5C2926->f90b1bbc-0325-4fdc-bdda-dbac376593c0-GrpcLogAppender: appendEntries Timeout, request=d8e74394-a0bf-4ec3-a3ce-4740c71bd9b7->f90b1bbc-0325-4fdc-bdda-dbac376593c0#145-t3, previous=(t:3, i:17), leaderCommit=10, initializing? false, entries: <empty>
2019-09-11 12:44:43,890 [java.util.concurrent.ThreadPoolExecutor$Worker@734c62d3[State = -1, empty queue]] WARN  server.GrpcLogAppender (GrpcLogAppender.java:timeoutAppendRequest(200)) - d8e74394-a0bf-4ec3-a3ce-4740c71bd9b7@group-36481D5C2926->8533a49c-a60c-4c36-849a-1b71101d719e-GrpcLogAppender: appendEntries Timeout, request=d8e74394-a0bf-4ec3-a3ce-4740c71bd9b7->8533a49c-a60c-4c36-849a-1b71101d719e#145-t3, previous=(t:3, i:17), leaderCommit=10, initializing? false, entries: <empty>
2019-09-11 12:44:44,774 [grpc-default-executor-4] INFO  client.GrpcClientProtocolClient (GrpcClientProtocolClient.java:onNext(264)) - client-F2C6077FCB6C->f90b1bbc-0325-4fdc-bdda-dbac376593c0: receive RaftClientReply:client-F2C6077FCB6C->f90b1bbc-0325-4fdc-bdda-dbac376593c0@group-36481D5C2926, cid=44, FAILED org.apache.ratis.protocol.NotLeaderException: Server f90b1bbc-0325-4fdc-bdda-dbac376593c0@group-36481D5C2926 is not the leader d8e74394-a0bf-4ec3-a3ce-4740c71bd9b7:192.168.69.81:43465, logIndex=0, commits[f90b1bbc-0325-4fdc-bdda-dbac376593c0:c10, d8e74394-a0bf-4ec3-a3ce-4740c71bd9b7:c10, 8533a49c-a60c-4c36-849a-1b71101d719e:c10]
2019-09-11 12:44:45,893 [org.apache.ratis.server.impl.LogAppender$AppenderDaemon$$Lambda$485/1842952795@4d10b431] ERROR ratis.XceiverServerRatis (XceiverServerRatis.java:triggerPipelineClose(568)) - pipeline Action CLOSE  on pipeline PipelineID=5307b2a7-4d22-40e9-b771-36481d5c2926.Reason : d8e74394-a0bf-4ec3-a3ce-4740c71bd9b7 has not seen follower/s f90b1bbc-0325-4fdc-bdda-dbac376593c0 for 138097ms 8533a49c-a60c-4c36-849a-1b71101d719e for 138097ms
2019-09-11 12:44:45,894 [org.apache.ratis.server.impl.LogAppender$AppenderDaemon$$Lambda$485/1842952795@e4ab945] ERROR ratis.XceiverServerRatis (XceiverServerRatis.java:triggerPipelineClose(568)) - pipeline Action CLOSE  on pipeline PipelineID=5307b2a7-4d22-40e9-b771-36481d5c2926.Reason : d8e74394-a0bf-4ec3-a3ce-4740c71bd9b7 has not seen follower/s f90b1bbc-0325-4fdc-bdda-dbac376593c0 for 138097ms 8533a49c-a60c-4c36-849a-1b71101d719e for 138098ms
2019-09-11 12:44:46,393 [java.util.concurrent.ThreadPoolExecutor$Worker@734c62d3[State = -1, empty queue]] WARN  server.GrpcLogAppender (GrpcLogAppender.java:timeoutAppendRequest(200)) - d8e74394-a0bf-4ec3-a3ce-4740c71bd9b7@group-36481D5C2926->8533a49c-a60c-4c36-849a-1b71101d719e-GrpcLogAppender: appendEntries Timeout, request=d8e74394-a0bf-4ec3-a3ce-4740c71bd9b7->8533a49c-a60c-4c36-849a-1b71101d719e#146-t3, previous=(t:3, i:17), leaderCommit=10, initializing? false, entries: <empty>
2019-09-11 12:44:46,393 [java.util.concurrent.ThreadPoolExecutor$Worker@4e4300e[State = -1, empty queue]] WARN  server.GrpcLogAppender (GrpcLogAppender.java:timeoutAppendRequest(200)) - d8e74394-a0bf-4ec3-a3ce-4740c71bd9b7@group-36481D5C2926->f90b1bbc-0325-4fdc-bdda-dbac376593c0-GrpcLogAppender: appendEntries Timeout, request=d8e74394-a0bf-4ec3-a3ce-4740c71bd9b7->f90b1bbc-0325-4fdc-bdda-dbac376593c0#146-t3, previous=(t:3, i:17), leaderCommit=10, initializing? false, entries: <empty>
2019-09-11 12:44:46,888 [EventQueue-PipelineActionsForPipelineActionHandler] ERROR pipeline.PipelineActionHandler (PipelineActionHandler.java:onMessage(60)) - Received pipeline action CLOSE for Pipeline[ Id: 5307b2a7-4d22-40e9-b771-36481d5c2926, Nodes: d8e74394-a0bf-4ec3-a3ce-4740c71bd9b7{ip: 192.168.69.81, host: pr-hdds-2109-6lgm5-4208394744, networkLocation: /default-rack, certSerialId: null}f90b1bbc-0325-4fdc-bdda-dbac376593c0{ip: 192.168.69.81, host: pr-hdds-2109-6lgm5-4208394744, networkLocation: /default-rack, certSerialId: null}8533a49c-a60c-4c36-849a-1b71101d719e{ip: 192.168.69.81, host: pr-hdds-2109-6lgm5-4208394744, networkLocation: /default-rack, certSerialId: null}, Type:RATIS, Factor:THREE, State:CLOSED] from datanode d8e74394-a0bf-4ec3-a3ce-4740c71bd9b7{ip: 192.168.69.81, host: pr-hdds-2109-6lgm5-4208394744, networkLocation: /default-rack, certSerialId: null}. Reason : d8e74394-a0bf-4ec3-a3ce-4740c71bd9b7 has not seen follower/s f90b1bbc-0325-4fdc-bdda-dbac376593c0 for 138097ms 8533a49c-a60c-4c36-849a-1b71101d719e for 138097ms
2019-09-11 12:44:46,888 [EventQueue-PipelineActionsForPipelineActionHandler] INFO  pipeline.SCMPipelineManager (SCMPipelineManager.java:finalizeAndDestroyPipeline(311)) - destroying pipeline:Pipeline[ Id: 5307b2a7-4d22-40e9-b771-36481d5c2926, Nodes: d8e74394-a0bf-4ec3-a3ce-4740c71bd9b7{ip: 192.168.69.81, host: pr-hdds-2109-6lgm5-4208394744, networkLocation: /default-rack, certSerialId: null}f90b1bbc-0325-4fdc-bdda-dbac376593c0{ip: 192.168.69.81, host: pr-hdds-2109-6lgm5-4208394744, networkLocation: /default-rack, certSerialId: null}8533a49c-a60c-4c36-849a-1b71101d719e{ip: 192.168.69.81, host: pr-hdds-2109-6lgm5-4208394744, networkLocation: /default-rack, certSerialId: null}, Type:RATIS, Factor:THREE, State:CLOSED]
2019-09-11 12:44:48,396 [org.apache.ratis.server.impl.LogAppender$AppenderDaemon$$Lambda$485/1842952795@4d10b431] ERROR ratis.XceiverServerRatis (XceiverServerRatis.java:triggerPipelineClose(568)) - pipeline Action CLOSE  on pipeline PipelineID=5307b2a7-4d22-40e9-b771-36481d5c2926.Reason : d8e74394-a0bf-4ec3-a3ce-4740c71bd9b7 has not seen follower/s f90b1bbc-0325-4fdc-bdda-dbac376593c0 for 140599ms 8533a49c-a60c-4c36-849a-1b71101d719e for 140599ms
2019-09-11 12:44:48,396 [org.apache.ratis.server.impl.LogAppender$AppenderDaemon$$Lambda$485/1842952795@e4ab945] ERROR ratis.XceiverServerRatis (XceiverServerRatis.java:triggerPipelineClose(568)) - pipeline Action CLOSE  on pipeline PipelineID=5307b2a7-4d22-40e9-b771-36481d5c2926.Reason : d8e74394-a0bf-4ec3-a3ce-4740c71bd9b7 has not seen follower/s f90b1bbc-0325-4fdc-bdda-dbac376593c0 for 140599ms 8533a49c-a60c-4c36-849a-1b71101d719e for 140599ms
2019-09-11 12:44:48,863 [8533a49c-a60c-4c36-849a-1b71101d719e@group-36481D5C2926-SegmentedRaftLogWorker] WARN  segmented.SegmentedRaftLogWorker (SegmentedRaftLogWorker.java:getFromFuture(90)) - Timeout 13/~
org.apache.ratis.protocol.TimeoutIOException: Timeout 10s: WriteLog:12: (t:3, i:12), STATEMACHINELOGENTRY, client-F2C6077FCB6C, cid=45-writeStateMachineData
	at org.apache.ratis.util.IOUtils.getFromFuture(IOUtils.java:87)
	at org.apache.ratis.server.raftlog.segmented.SegmentedRaftLogWorker$StateMachineDataPolicy.getFromFuture(SegmentedRaftLogWorker.java:87)
	at org.apache.ratis.server.raftlog.segmented.SegmentedRaftLogWorker$WriteLog.execute(SegmentedRaftLogWorker.java:477)
	at org.apache.ratis.server.raftlog.segmented.SegmentedRaftLogWorker.run(SegmentedRaftLogWorker.java:289)
	at java.lang.Thread.run(Thread.java:748)
Caused by: java.util.concurrent.TimeoutException
	at java.util.concurrent.CompletableFuture.timedGet(CompletableFuture.java:1771)
	at java.util.concurrent.CompletableFuture.get(CompletableFuture.java:1915)
	at org.apache.ratis.util.IOUtils.getFromFuture(IOUtils.java:79)
	... 4 more
2019-09-11 12:44:48,879 [f90b1bbc-0325-4fdc-bdda-dbac376593c0@group-36481D5C2926-SegmentedRaftLogWorker] WARN  segmented.SegmentedRaftLogWorker (SegmentedRaftLogWorker.java:getFromFuture(90)) - Timeout 13/~
org.apache.ratis.protocol.TimeoutIOException: Timeout 10s: WriteLog:12: (t:3, i:12), STATEMACHINELOGENTRY, client-F2C6077FCB6C, cid=45-writeStateMachineData
	at org.apache.ratis.util.IOUtils.getFromFuture(IOUtils.java:87)
	at org.apache.ratis.server.raftlog.segmented.SegmentedRaftLogWorker$StateMachineDataPolicy.getFromFuture(SegmentedRaftLogWorker.java:87)
	at org.apache.ratis.server.raftlog.segmented.SegmentedRaftLogWorker$WriteLog.execute(SegmentedRaftLogWorker.java:477)
	at org.apache.ratis.server.raftlog.segmented.SegmentedRaftLogWorker.run(SegmentedRaftLogWorker.java:289)
	at java.lang.Thread.run(Thread.java:748)
Caused by: java.util.concurrent.TimeoutException
	at java.util.concurrent.CompletableFuture.timedGet(CompletableFuture.java:1771)
	at java.util.concurrent.CompletableFuture.get(CompletableFuture.java:1915)
	at org.apache.ratis.util.IOUtils.getFromFuture(IOUtils.java:79)
	... 4 more
2019-09-11 12:44:48,879 [d8e74394-a0bf-4ec3-a3ce-4740c71bd9b7@group-36481D5C2926-SegmentedRaftLogWorker] WARN  segmented.SegmentedRaftLogWorker (SegmentedRaftLogWorker.java:getFromFuture(90)) - Timeout 13/~
org.apache.ratis.protocol.TimeoutIOException: Timeout 10s: WriteLog:12: (t:3, i:12), STATEMACHINELOGENTRY, client-F2C6077FCB6C, cid=45-writeStateMachineData
	at org.apache.ratis.util.IOUtils.getFromFuture(IOUtils.java:87)
	at org.apache.ratis.server.raftlog.segmented.SegmentedRaftLogWorker$StateMachineDataPolicy.getFromFuture(SegmentedRaftLogWorker.java:87)
	at org.apache.ratis.server.raftlog.segmented.SegmentedRaftLogWorker$WriteLog.execute(SegmentedRaftLogWorker.java:477)
	at org.apache.ratis.server.raftlog.segmented.SegmentedRaftLogWorker.run(SegmentedRaftLogWorker.java:289)
	at java.lang.Thread.run(Thread.java:748)
Caused by: java.util.concurrent.TimeoutException
	at java.util.concurrent.CompletableFuture.timedGet(CompletableFuture.java:1771)
	at java.util.concurrent.CompletableFuture.get(CompletableFuture.java:1915)
	at org.apache.ratis.util.IOUtils.getFromFuture(IOUtils.java:79)
	... 4 more
2019-09-11 12:44:48,887 [EventQueue-PipelineActionsForPipelineActionHandler] ERROR pipeline.PipelineActionHandler (PipelineActionHandler.java:onMessage(60)) - Received pipeline action CLOSE for Pipeline[ Id: 5307b2a7-4d22-40e9-b771-36481d5c2926, Nodes: d8e74394-a0bf-4ec3-a3ce-4740c71bd9b7{ip: 192.168.69.81, host: pr-hdds-2109-6lgm5-4208394744, networkLocation: /default-rack, certSerialId: null}f90b1bbc-0325-4fdc-bdda-dbac376593c0{ip: 192.168.69.81, host: pr-hdds-2109-6lgm5-4208394744, networkLocation: /default-rack, certSerialId: null}8533a49c-a60c-4c36-849a-1b71101d719e{ip: 192.168.69.81, host: pr-hdds-2109-6lgm5-4208394744, networkLocation: /default-rack, certSerialId: null}, Type:RATIS, Factor:THREE, State:CLOSED] from datanode d8e74394-a0bf-4ec3-a3ce-4740c71bd9b7{ip: 192.168.69.81, host: pr-hdds-2109-6lgm5-4208394744, networkLocation: /default-rack, certSerialId: null}. Reason : d8e74394-a0bf-4ec3-a3ce-4740c71bd9b7 has not seen follower/s f90b1bbc-0325-4fdc-bdda-dbac376593c0 for 140599ms 8533a49c-a60c-4c36-849a-1b71101d719e for 140599ms
2019-09-11 12:44:48,888 [EventQueue-PipelineActionsForPipelineActionHandler] INFO  pipeline.SCMPipelineManager (SCMPipelineManager.java:finalizeAndDestroyPipeline(311)) - destroying pipeline:Pipeline[ Id: 5307b2a7-4d22-40e9-b771-36481d5c2926, Nodes: d8e74394-a0bf-4ec3-a3ce-4740c71bd9b7{ip: 192.168.69.81, host: pr-hdds-2109-6lgm5-4208394744, networkLocation: /default-rack, certSerialId: null}f90b1bbc-0325-4fdc-bdda-dbac376593c0{ip: 192.168.69.81, host: pr-hdds-2109-6lgm5-4208394744, networkLocation: /default-rack, certSerialId: null}8533a49c-a60c-4c36-849a-1b71101d719e{ip: 192.168.69.81, host: pr-hdds-2109-6lgm5-4208394744, networkLocation: /default-rack, certSerialId: null}, Type:RATIS, Factor:THREE, State:CLOSED]
2019-09-11 12:44:48,893 [java.util.concurrent.ThreadPoolExecutor$Worker@734c62d3[State = -1, empty queue]] WARN  server.GrpcLogAppender (GrpcLogAppender.java:timeoutAppendRequest(200)) - d8e74394-a0bf-4ec3-a3ce-4740c71bd9b7@group-36481D5C2926->8533a49c-a60c-4c36-849a-1b71101d719e-GrpcLogAppender: appendEntries Timeout, request=d8e74394-a0bf-4ec3-a3ce-4740c71bd9b7->8533a49c-a60c-4c36-849a-1b71101d719e#147-t3, previous=(t:3, i:17), leaderCommit=10, initializing? false, entries: <empty>
2019-09-11 12:44:48,894 [java.util.concurrent.ThreadPoolExecutor$Worker@4e4300e[State = -1, empty queue]] WARN  server.GrpcLogAppender (GrpcLogAppender.java:timeoutAppendRequest(200)) - d8e74394-a0bf-4ec3-a3ce-4740c71bd9b7@group-36481D5C2926->f90b1bbc-0325-4fdc-bdda-dbac376593c0-GrpcLogAppender: appendEntries Timeout, request=d8e74394-a0bf-4ec3-a3ce-4740c71bd9b7->f90b1bbc-0325-4fdc-bdda-dbac376593c0#147-t3, previous=(t:3, i:17), leaderCommit=10, initializing? false, entries: <empty>
2019-09-11 12:44:49,819 [grpc-default-executor-0] INFO  client.GrpcClientProtocolClient (GrpcClientProtocolClient.java:onNext(264)) - client-F2C6077FCB6C->8533a49c-a60c-4c36-849a-1b71101d719e: receive RaftClientReply:client-F2C6077FCB6C->8533a49c-a60c-4c36-849a-1b71101d719e@group-36481D5C2926, cid=44, FAILED org.apache.ratis.protocol.NotLeaderException: Server 8533a49c-a60c-4c36-849a-1b71101d719e@group-36481D5C2926 is not the leader d8e74394-a0bf-4ec3-a3ce-4740c71bd9b7:192.168.69.81:43465, logIndex=0, commits[8533a49c-a60c-4c36-849a-1b71101d719e:c10, f90b1bbc-0325-4fdc-bdda-dbac376593c0:c10, d8e74394-a0bf-4ec3-a3ce-4740c71bd9b7:c10]
2019-09-11 12:44:50,896 [org.apache.ratis.server.impl.LogAppender$AppenderDaemon$$Lambda$485/1842952795@4d10b431] ERROR ratis.XceiverServerRatis (XceiverServerRatis.java:triggerPipelineClose(568)) - pipeline Action CLOSE  on pipeline PipelineID=5307b2a7-4d22-40e9-b771-36481d5c2926.Reason : d8e74394-a0bf-4ec3-a3ce-4740c71bd9b7 has not seen follower/s f90b1bbc-0325-4fdc-bdda-dbac376593c0 for 143100ms 8533a49c-a60c-4c36-849a-1b71101d719e for 143100ms
2019-09-11 12:44:50,896 [org.apache.ratis.server.impl.LogAppender$AppenderDaemon$$Lambda$485/1842952795@e4ab945] ERROR ratis.XceiverServerRatis (XceiverServerRatis.java:triggerPipelineClose(568)) - pipeline Action CLOSE  on pipeline PipelineID=5307b2a7-4d22-40e9-b771-36481d5c2926.Reason : d8e74394-a0bf-4ec3-a3ce-4740c71bd9b7 has not seen follower/s f90b1bbc-0325-4fdc-bdda-dbac376593c0 for 143100ms 8533a49c-a60c-4c36-849a-1b71101d719e for 143100ms
2019-09-11 12:44:51,396 [java.util.concurrent.ThreadPoolExecutor$Worker@734c62d3[State = -1, empty queue]] WARN  server.GrpcLogAppender (GrpcLogAppender.java:timeoutAppendRequest(200)) - d8e74394-a0bf-4ec3-a3ce-4740c71bd9b7@group-36481D5C2926->8533a49c-a60c-4c36-849a-1b71101d719e-GrpcLogAppender: appendEntries Timeout, request=d8e74394-a0bf-4ec3-a3ce-4740c71bd9b7->8533a49c-a60c-4c36-849a-1b71101d719e#148-t3, previous=(t:3, i:17), leaderCommit=10, initializing? false, entries: <empty>
2019-09-11 12:44:51,396 [java.util.concurrent.ThreadPoolExecutor$Worker@4e4300e[State = -1, empty queue]] WARN  server.GrpcLogAppender (GrpcLogAppender.java:timeoutAppendRequest(200)) - d8e74394-a0bf-4ec3-a3ce-4740c71bd9b7@group-36481D5C2926->f90b1bbc-0325-4fdc-bdda-dbac376593c0-GrpcLogAppender: appendEntries Timeout, request=d8e74394-a0bf-4ec3-a3ce-4740c71bd9b7->f90b1bbc-0325-4fdc-bdda-dbac376593c0#148-t3, previous=(t:3, i:17), leaderCommit=10, initializing? false, entries: <empty>
2019-09-11 12:44:51,888 [EventQueue-PipelineActionsForPipelineActionHandler] ERROR pipeline.PipelineActionHandler (PipelineActionHandler.java:onMessage(60)) - Received pipeline action CLOSE for Pipeline[ Id: 5307b2a7-4d22-40e9-b771-36481d5c2926, Nodes: d8e74394-a0bf-4ec3-a3ce-4740c71bd9b7{ip: 192.168.69.81, host: pr-hdds-2109-6lgm5-4208394744, networkLocation: /default-rack, certSerialId: null}f90b1bbc-0325-4fdc-bdda-dbac376593c0{ip: 192.168.69.81, host: pr-hdds-2109-6lgm5-4208394744, networkLocation: /default-rack, certSerialId: null}8533a49c-a60c-4c36-849a-1b71101d719e{ip: 192.168.69.81, host: pr-hdds-2109-6lgm5-4208394744, networkLocation: /default-rack, certSerialId: null}, Type:RATIS, Factor:THREE, State:CLOSED] from datanode d8e74394-a0bf-4ec3-a3ce-4740c71bd9b7{ip: 192.168.69.81, host: pr-hdds-2109-6lgm5-4208394744, networkLocation: /default-rack, certSerialId: null}. Reason : d8e74394-a0bf-4ec3-a3ce-4740c71bd9b7 has not seen follower/s f90b1bbc-0325-4fdc-bdda-dbac376593c0 for 143100ms 8533a49c-a60c-4c36-849a-1b71101d719e for 143100ms
2019-09-11 12:44:51,888 [EventQueue-PipelineActionsForPipelineActionHandler] INFO  pipeline.SCMPipelineManager (SCMPipelineManager.java:finalizeAndDestroyPipeline(311)) - destroying pipeline:Pipeline[ Id: 5307b2a7-4d22-40e9-b771-36481d5c2926, Nodes: d8e74394-a0bf-4ec3-a3ce-4740c71bd9b7{ip: 192.168.69.81, host: pr-hdds-2109-6lgm5-4208394744, networkLocation: /default-rack, certSerialId: null}f90b1bbc-0325-4fdc-bdda-dbac376593c0{ip: 192.168.69.81, host: pr-hdds-2109-6lgm5-4208394744, networkLocation: /default-rack, certSerialId: null}8533a49c-a60c-4c36-849a-1b71101d719e{ip: 192.168.69.81, host: pr-hdds-2109-6lgm5-4208394744, networkLocation: /default-rack, certSerialId: null}, Type:RATIS, Factor:THREE, State:CLOSED]
2019-09-11 12:44:53,398 [org.apache.ratis.server.impl.LogAppender$AppenderDaemon$$Lambda$485/1842952795@4d10b431] ERROR ratis.XceiverServerRatis (XceiverServerRatis.java:triggerPipelineClose(568)) - pipeline Action CLOSE  on pipeline PipelineID=5307b2a7-4d22-40e9-b771-36481d5c2926.Reason : d8e74394-a0bf-4ec3-a3ce-4740c71bd9b7 has not seen follower/s f90b1bbc-0325-4fdc-bdda-dbac376593c0 for 145601ms 8533a49c-a60c-4c36-849a-1b71101d719e for 145602ms
2019-09-11 12:44:53,398 [org.apache.ratis.server.impl.LogAppender$AppenderDaemon$$Lambda$485/1842952795@e4ab945] ERROR ratis.XceiverServerRatis (XceiverServerRatis.java:triggerPipelineClose(568)) - pipeline Action CLOSE  on pipeline PipelineID=5307b2a7-4d22-40e9-b771-36481d5c2926.Reason : d8e74394-a0bf-4ec3-a3ce-4740c71bd9b7 has not seen follower/s f90b1bbc-0325-4fdc-bdda-dbac376593c0 for 145601ms 8533a49c-a60c-4c36-849a-1b71101d719e for 145602ms
2019-09-11 12:44:53,887 [EventQueue-PipelineActionsForPipelineActionHandler] ERROR pipeline.PipelineActionHandler (PipelineActionHandler.java:onMessage(60)) - Received pipeline action CLOSE for Pipeline[ Id: 5307b2a7-4d22-40e9-b771-36481d5c2926, Nodes: d8e74394-a0bf-4ec3-a3ce-4740c71bd9b7{ip: 192.168.69.81, host: pr-hdds-2109-6lgm5-4208394744, networkLocation: /default-rack, certSerialId: null}f90b1bbc-0325-4fdc-bdda-dbac376593c0{ip: 192.168.69.81, host: pr-hdds-2109-6lgm5-4208394744, networkLocation: /default-rack, certSerialId: null}8533a49c-a60c-4c36-849a-1b71101d719e{ip: 192.168.69.81, host: pr-hdds-2109-6lgm5-4208394744, networkLocation: /default-rack, certSerialId: null}, Type:RATIS, Factor:THREE, State:CLOSED] from datanode d8e74394-a0bf-4ec3-a3ce-4740c71bd9b7{ip: 192.168.69.81, host: pr-hdds-2109-6lgm5-4208394744, networkLocation: /default-rack, certSerialId: null}. Reason : d8e74394-a0bf-4ec3-a3ce-4740c71bd9b7 has not seen follower/s f90b1bbc-0325-4fdc-bdda-dbac376593c0 for 145601ms 8533a49c-a60c-4c36-849a-1b71101d719e for 145602ms
2019-09-11 12:44:53,888 [EventQueue-PipelineActionsForPipelineActionHandler] INFO  pipeline.SCMPipelineManager (SCMPipelineManager.java:finalizeAndDestroyPipeline(311)) - destroying pipeline:Pipeline[ Id: 5307b2a7-4d22-40e9-b771-36481d5c2926, Nodes: d8e74394-a0bf-4ec3-a3ce-4740c71bd9b7{ip: 192.168.69.81, host: pr-hdds-2109-6lgm5-4208394744, networkLocation: /default-rack, certSerialId: null}f90b1bbc-0325-4fdc-bdda-dbac376593c0{ip: 192.168.69.81, host: pr-hdds-2109-6lgm5-4208394744, networkLocation: /default-rack, certSerialId: null}8533a49c-a60c-4c36-849a-1b71101d719e{ip: 192.168.69.81, host: pr-hdds-2109-6lgm5-4208394744, networkLocation: /default-rack, certSerialId: null}, Type:RATIS, Factor:THREE, State:CLOSED]
2019-09-11 12:44:53,896 [java.util.concurrent.ThreadPoolExecutor$Worker@734c62d3[State = -1, empty queue]] WARN  server.GrpcLogAppender (GrpcLogAppender.java:timeoutAppendRequest(200)) - d8e74394-a0bf-4ec3-a3ce-4740c71bd9b7@group-36481D5C2926->8533a49c-a60c-4c36-849a-1b71101d719e-GrpcLogAppender: appendEntries Timeout, request=d8e74394-a0bf-4ec3-a3ce-4740c71bd9b7->8533a49c-a60c-4c36-849a-1b71101d719e#149-t3, previous=(t:3, i:17), leaderCommit=10, initializing? false, entries: <empty>
2019-09-11 12:44:53,896 [java.util.concurrent.ThreadPoolExecutor$Worker@4e4300e[State = -1, empty queue]] WARN  server.GrpcLogAppender (GrpcLogAppender.java:timeoutAppendRequest(200)) - d8e74394-a0bf-4ec3-a3ce-4740c71bd9b7@group-36481D5C2926->f90b1bbc-0325-4fdc-bdda-dbac376593c0-GrpcLogAppender: appendEntries Timeout, request=d8e74394-a0bf-4ec3-a3ce-4740c71bd9b7->f90b1bbc-0325-4fdc-bdda-dbac376593c0#149-t3, previous=(t:3, i:17), leaderCommit=10, initializing? false, entries: <empty>
2019-09-11 12:44:54,856 [grpc-default-executor-4] INFO  client.GrpcClientProtocolClient (GrpcClientProtocolClient.java:onNext(264)) - client-F2C6077FCB6C->f90b1bbc-0325-4fdc-bdda-dbac376593c0: receive RaftClientReply:client-F2C6077FCB6C->f90b1bbc-0325-4fdc-bdda-dbac376593c0@group-36481D5C2926, cid=44, FAILED org.apache.ratis.protocol.NotLeaderException: Server f90b1bbc-0325-4fdc-bdda-dbac376593c0@group-36481D5C2926 is not the leader d8e74394-a0bf-4ec3-a3ce-4740c71bd9b7:192.168.69.81:43465, logIndex=0, commits[f90b1bbc-0325-4fdc-bdda-dbac376593c0:c10, d8e74394-a0bf-4ec3-a3ce-4740c71bd9b7:c10, 8533a49c-a60c-4c36-849a-1b71101d719e:c10]
2019-09-11 12:44:55,898 [org.apache.ratis.server.impl.LogAppender$AppenderDaemon$$Lambda$485/1842952795@4d10b431] ERROR ratis.XceiverServerRatis (XceiverServerRatis.java:triggerPipelineClose(568)) - pipeline Action CLOSE  on pipeline PipelineID=5307b2a7-4d22-40e9-b771-36481d5c2926.Reason : d8e74394-a0bf-4ec3-a3ce-4740c71bd9b7 has not seen follower/s f90b1bbc-0325-4fdc-bdda-dbac376593c0 for 148102ms 8533a49c-a60c-4c36-849a-1b71101d719e for 148102ms
2019-09-11 12:44:55,899 [org.apache.ratis.server.impl.LogAppender$AppenderDaemon$$Lambda$485/1842952795@e4ab945] ERROR ratis.XceiverServerRatis (XceiverServerRatis.java:triggerPipelineClose(568)) - pipeline Action CLOSE  on pipeline PipelineID=5307b2a7-4d22-40e9-b771-36481d5c2926.Reason : d8e74394-a0bf-4ec3-a3ce-4740c71bd9b7 has not seen follower/s f90b1bbc-0325-4fdc-bdda-dbac376593c0 for 148102ms 8533a49c-a60c-4c36-849a-1b71101d719e for 148102ms
2019-09-11 12:44:56,398 [java.util.concurrent.ThreadPoolExecutor$Worker@4e4300e[State = -1, empty queue]] WARN  server.GrpcLogAppender (GrpcLogAppender.java:timeoutAppendRequest(200)) - d8e74394-a0bf-4ec3-a3ce-4740c71bd9b7@group-36481D5C2926->f90b1bbc-0325-4fdc-bdda-dbac376593c0-GrpcLogAppender: appendEntries Timeout, request=d8e74394-a0bf-4ec3-a3ce-4740c71bd9b7->f90b1bbc-0325-4fdc-bdda-dbac376593c0#150-t3, previous=(t:3, i:17), leaderCommit=10, initializing? false, entries: <empty>
2019-09-11 12:44:56,398 [java.util.concurrent.ThreadPoolExecutor$Worker@734c62d3[State = -1, empty queue]] WARN  server.GrpcLogAppender (GrpcLogAppender.java:timeoutAppendRequest(200)) - d8e74394-a0bf-4ec3-a3ce-4740c71bd9b7@group-36481D5C2926->8533a49c-a60c-4c36-849a-1b71101d719e-GrpcLogAppender: appendEntries Timeout, request=d8e74394-a0bf-4ec3-a3ce-4740c71bd9b7->8533a49c-a60c-4c36-849a-1b71101d719e#150-t3, previous=(t:3, i:17), leaderCommit=10, initializing? false, entries: <empty>
2019-09-11 12:44:56,888 [EventQueue-PipelineActionsForPipelineActionHandler] ERROR pipeline.PipelineActionHandler (PipelineActionHandler.java:onMessage(60)) - Received pipeline action CLOSE for Pipeline[ Id: 5307b2a7-4d22-40e9-b771-36481d5c2926, Nodes: d8e74394-a0bf-4ec3-a3ce-4740c71bd9b7{ip: 192.168.69.81, host: pr-hdds-2109-6lgm5-4208394744, networkLocation: /default-rack, certSerialId: null}f90b1bbc-0325-4fdc-bdda-dbac376593c0{ip: 192.168.69.81, host: pr-hdds-2109-6lgm5-4208394744, networkLocation: /default-rack, certSerialId: null}8533a49c-a60c-4c36-849a-1b71101d719e{ip: 192.168.69.81, host: pr-hdds-2109-6lgm5-4208394744, networkLocation: /default-rack, certSerialId: null}, Type:RATIS, Factor:THREE, State:CLOSED] from datanode d8e74394-a0bf-4ec3-a3ce-4740c71bd9b7{ip: 192.168.69.81, host: pr-hdds-2109-6lgm5-4208394744, networkLocation: /default-rack, certSerialId: null}. Reason : d8e74394-a0bf-4ec3-a3ce-4740c71bd9b7 has not seen follower/s f90b1bbc-0325-4fdc-bdda-dbac376593c0 for 148102ms 8533a49c-a60c-4c36-849a-1b71101d719e for 148102ms
2019-09-11 12:44:56,889 [EventQueue-PipelineActionsForPipelineActionHandler] INFO  pipeline.SCMPipelineManager (SCMPipelineManager.java:finalizeAndDestroyPipeline(311)) - destroying pipeline:Pipeline[ Id: 5307b2a7-4d22-40e9-b771-36481d5c2926, Nodes: d8e74394-a0bf-4ec3-a3ce-4740c71bd9b7{ip: 192.168.69.81, host: pr-hdds-2109-6lgm5-4208394744, networkLocation: /default-rack, certSerialId: null}f90b1bbc-0325-4fdc-bdda-dbac376593c0{ip: 192.168.69.81, host: pr-hdds-2109-6lgm5-4208394744, networkLocation: /default-rack, certSerialId: null}8533a49c-a60c-4c36-849a-1b71101d719e{ip: 192.168.69.81, host: pr-hdds-2109-6lgm5-4208394744, networkLocation: /default-rack, certSerialId: null}, Type:RATIS, Factor:THREE, State:CLOSED]
2019-09-11 12:44:58,400 [org.apache.ratis.server.impl.LogAppender$AppenderDaemon$$Lambda$485/1842952795@e4ab945] ERROR ratis.XceiverServerRatis (XceiverServerRatis.java:triggerPipelineClose(568)) - pipeline Action CLOSE  on pipeline PipelineID=5307b2a7-4d22-40e9-b771-36481d5c2926.Reason : d8e74394-a0bf-4ec3-a3ce-4740c71bd9b7 has not seen follower/s f90b1bbc-0325-4fdc-bdda-dbac376593c0 for 150603ms 8533a49c-a60c-4c36-849a-1b71101d719e for 150603ms
2019-09-11 12:44:58,400 [org.apache.ratis.server.impl.LogAppender$AppenderDaemon$$Lambda$485/1842952795@4d10b431] ERROR ratis.XceiverServerRatis (XceiverServerRatis.java:triggerPipelineClose(568)) - pipeline Action CLOSE  on pipeline PipelineID=5307b2a7-4d22-40e9-b771-36481d5c2926.Reason : d8e74394-a0bf-4ec3-a3ce-4740c71bd9b7 has not seen follower/s f90b1bbc-0325-4fdc-bdda-dbac376593c0 for 150603ms 8533a49c-a60c-4c36-849a-1b71101d719e for 150603ms
2019-09-11 12:44:58,864 [8533a49c-a60c-4c36-849a-1b71101d719e@group-36481D5C2926-SegmentedRaftLogWorker] WARN  segmented.SegmentedRaftLogWorker (SegmentedRaftLogWorker.java:getFromFuture(90)) - Timeout 14/~
org.apache.ratis.protocol.TimeoutIOException: Timeout 10s: WriteLog:12: (t:3, i:12), STATEMACHINELOGENTRY, client-F2C6077FCB6C, cid=45-writeStateMachineData
	at org.apache.ratis.util.IOUtils.getFromFuture(IOUtils.java:87)
	at org.apache.ratis.server.raftlog.segmented.SegmentedRaftLogWorker$StateMachineDataPolicy.getFromFuture(SegmentedRaftLogWorker.java:87)
	at org.apache.ratis.server.raftlog.segmented.SegmentedRaftLogWorker$WriteLog.execute(SegmentedRaftLogWorker.java:477)
	at org.apache.ratis.server.raftlog.segmented.SegmentedRaftLogWorker.run(SegmentedRaftLogWorker.java:289)
	at java.lang.Thread.run(Thread.java:748)
Caused by: java.util.concurrent.TimeoutException
	at java.util.concurrent.CompletableFuture.timedGet(CompletableFuture.java:1771)
	at java.util.concurrent.CompletableFuture.get(CompletableFuture.java:1915)
	at org.apache.ratis.util.IOUtils.getFromFuture(IOUtils.java:79)
	... 4 more
2019-09-11 12:44:58,880 [f90b1bbc-0325-4fdc-bdda-dbac376593c0@group-36481D5C2926-SegmentedRaftLogWorker] WARN  segmented.SegmentedRaftLogWorker (SegmentedRaftLogWorker.java:getFromFuture(90)) - Timeout 14/~
org.apache.ratis.protocol.TimeoutIOException: Timeout 10s: WriteLog:12: (t:3, i:12), STATEMACHINELOGENTRY, client-F2C6077FCB6C, cid=45-writeStateMachineData
	at org.apache.ratis.util.IOUtils.getFromFuture(IOUtils.java:87)
	at org.apache.ratis.server.raftlog.segmented.SegmentedRaftLogWorker$StateMachineDataPolicy.getFromFuture(SegmentedRaftLogWorker.java:87)
	at org.apache.ratis.server.raftlog.segmented.SegmentedRaftLogWorker$WriteLog.execute(SegmentedRaftLogWorker.java:477)
	at org.apache.ratis.server.raftlog.segmented.SegmentedRaftLogWorker.run(SegmentedRaftLogWorker.java:289)
	at java.lang.Thread.run(Thread.java:748)
Caused by: java.util.concurrent.TimeoutException
	at java.util.concurrent.CompletableFuture.timedGet(CompletableFuture.java:1771)
	at java.util.concurrent.CompletableFuture.get(CompletableFuture.java:1915)
	at org.apache.ratis.util.IOUtils.getFromFuture(IOUtils.java:79)
	... 4 more
2019-09-11 12:44:58,880 [d8e74394-a0bf-4ec3-a3ce-4740c71bd9b7@group-36481D5C2926-SegmentedRaftLogWorker] WARN  segmented.SegmentedRaftLogWorker (SegmentedRaftLogWorker.java:getFromFuture(90)) - Timeout 14/~
org.apache.ratis.protocol.TimeoutIOException: Timeout 10s: WriteLog:12: (t:3, i:12), STATEMACHINELOGENTRY, client-F2C6077FCB6C, cid=45-writeStateMachineData
	at org.apache.ratis.util.IOUtils.getFromFuture(IOUtils.java:87)
	at org.apache.ratis.server.raftlog.segmented.SegmentedRaftLogWorker$StateMachineDataPolicy.getFromFuture(SegmentedRaftLogWorker.java:87)
	at org.apache.ratis.server.raftlog.segmented.SegmentedRaftLogWorker$WriteLog.execute(SegmentedRaftLogWorker.java:477)
	at org.apache.ratis.server.raftlog.segmented.SegmentedRaftLogWorker.run(SegmentedRaftLogWorker.java:289)
	at java.lang.Thread.run(Thread.java:748)
Caused by: java.util.concurrent.TimeoutException
	at java.util.concurrent.CompletableFuture.timedGet(CompletableFuture.java:1771)
	at java.util.concurrent.CompletableFuture.get(CompletableFuture.java:1915)
	at org.apache.ratis.util.IOUtils.getFromFuture(IOUtils.java:79)
	... 4 more
2019-09-11 12:44:58,888 [EventQueue-PipelineActionsForPipelineActionHandler] ERROR pipeline.PipelineActionHandler (PipelineActionHandler.java:onMessage(60)) - Received pipeline action CLOSE for Pipeline[ Id: 5307b2a7-4d22-40e9-b771-36481d5c2926, Nodes: d8e74394-a0bf-4ec3-a3ce-4740c71bd9b7{ip: 192.168.69.81, host: pr-hdds-2109-6lgm5-4208394744, networkLocation: /default-rack, certSerialId: null}f90b1bbc-0325-4fdc-bdda-dbac376593c0{ip: 192.168.69.81, host: pr-hdds-2109-6lgm5-4208394744, networkLocation: /default-rack, certSerialId: null}8533a49c-a60c-4c36-849a-1b71101d719e{ip: 192.168.69.81, host: pr-hdds-2109-6lgm5-4208394744, networkLocation: /default-rack, certSerialId: null}, Type:RATIS, Factor:THREE, State:CLOSED] from datanode d8e74394-a0bf-4ec3-a3ce-4740c71bd9b7{ip: 192.168.69.81, host: pr-hdds-2109-6lgm5-4208394744, networkLocation: /default-rack, certSerialId: null}. Reason : d8e74394-a0bf-4ec3-a3ce-4740c71bd9b7 has not seen follower/s f90b1bbc-0325-4fdc-bdda-dbac376593c0 for 150603ms 8533a49c-a60c-4c36-849a-1b71101d719e for 150603ms
2019-09-11 12:44:58,888 [EventQueue-PipelineActionsForPipelineActionHandler] INFO  pipeline.SCMPipelineManager (SCMPipelineManager.java:finalizeAndDestroyPipeline(311)) - destroying pipeline:Pipeline[ Id: 5307b2a7-4d22-40e9-b771-36481d5c2926, Nodes: d8e74394-a0bf-4ec3-a3ce-4740c71bd9b7{ip: 192.168.69.81, host: pr-hdds-2109-6lgm5-4208394744, networkLocation: /default-rack, certSerialId: null}f90b1bbc-0325-4fdc-bdda-dbac376593c0{ip: 192.168.69.81, host: pr-hdds-2109-6lgm5-4208394744, networkLocation: /default-rack, certSerialId: null}8533a49c-a60c-4c36-849a-1b71101d719e{ip: 192.168.69.81, host: pr-hdds-2109-6lgm5-4208394744, networkLocation: /default-rack, certSerialId: null}, Type:RATIS, Factor:THREE, State:CLOSED]
2019-09-11 12:44:58,898 [java.util.concurrent.ThreadPoolExecutor$Worker@734c62d3[State = -1, empty queue]] WARN  server.GrpcLogAppender (GrpcLogAppender.java:timeoutAppendRequest(200)) - d8e74394-a0bf-4ec3-a3ce-4740c71bd9b7@group-36481D5C2926->8533a49c-a60c-4c36-849a-1b71101d719e-GrpcLogAppender: appendEntries Timeout, request=d8e74394-a0bf-4ec3-a3ce-4740c71bd9b7->8533a49c-a60c-4c36-849a-1b71101d719e#151-t3, previous=(t:3, i:17), leaderCommit=10, initializing? false, entries: <empty>
2019-09-11 12:44:58,898 [java.util.concurrent.ThreadPoolExecutor$Worker@4e4300e[State = -1, empty queue]] WARN  server.GrpcLogAppender (GrpcLogAppender.java:timeoutAppendRequest(200)) - d8e74394-a0bf-4ec3-a3ce-4740c71bd9b7@group-36481D5C2926->f90b1bbc-0325-4fdc-bdda-dbac376593c0-GrpcLogAppender: appendEntries Timeout, request=d8e74394-a0bf-4ec3-a3ce-4740c71bd9b7->f90b1bbc-0325-4fdc-bdda-dbac376593c0#151-t3, previous=(t:3, i:17), leaderCommit=10, initializing? false, entries: <empty>
2019-09-11 12:44:59,887 [grpc-default-executor-4] INFO  client.GrpcClientProtocolClient (GrpcClientProtocolClient.java:onNext(264)) - client-F2C6077FCB6C->f90b1bbc-0325-4fdc-bdda-dbac376593c0: receive RaftClientReply:client-F2C6077FCB6C->f90b1bbc-0325-4fdc-bdda-dbac376593c0@group-36481D5C2926, cid=44, FAILED org.apache.ratis.protocol.NotLeaderException: Server f90b1bbc-0325-4fdc-bdda-dbac376593c0@group-36481D5C2926 is not the leader d8e74394-a0bf-4ec3-a3ce-4740c71bd9b7:192.168.69.81:43465, logIndex=0, commits[f90b1bbc-0325-4fdc-bdda-dbac376593c0:c10, d8e74394-a0bf-4ec3-a3ce-4740c71bd9b7:c10, 8533a49c-a60c-4c36-849a-1b71101d719e:c10]
2019-09-11 12:45:00,900 [org.apache.ratis.server.impl.LogAppender$AppenderDaemon$$Lambda$485/1842952795@e4ab945] ERROR ratis.XceiverServerRatis (XceiverServerRatis.java:triggerPipelineClose(568)) - pipeline Action CLOSE  on pipeline PipelineID=5307b2a7-4d22-40e9-b771-36481d5c2926.Reason : d8e74394-a0bf-4ec3-a3ce-4740c71bd9b7 has not seen follower/s f90b1bbc-0325-4fdc-bdda-dbac376593c0 for 153103ms 8533a49c-a60c-4c36-849a-1b71101d719e for 153104ms
2019-09-11 12:45:00,900 [org.apache.ratis.server.impl.LogAppender$AppenderDaemon$$Lambda$485/1842952795@4d10b431] ERROR ratis.XceiverServerRatis (XceiverServerRatis.java:triggerPipelineClose(568)) - pipeline Action CLOSE  on pipeline PipelineID=5307b2a7-4d22-40e9-b771-36481d5c2926.Reason : d8e74394-a0bf-4ec3-a3ce-4740c71bd9b7 has not seen follower/s f90b1bbc-0325-4fdc-bdda-dbac376593c0 for 153103ms 8533a49c-a60c-4c36-849a-1b71101d719e for 153104ms
2019-09-11 12:45:01,400 [java.util.concurrent.ThreadPoolExecutor$Worker@734c62d3[State = -1, empty queue]] WARN  server.GrpcLogAppender (GrpcLogAppender.java:timeoutAppendRequest(200)) - d8e74394-a0bf-4ec3-a3ce-4740c71bd9b7@group-36481D5C2926->8533a49c-a60c-4c36-849a-1b71101d719e-GrpcLogAppender: appendEntries Timeout, request=d8e74394-a0bf-4ec3-a3ce-4740c71bd9b7->8533a49c-a60c-4c36-849a-1b71101d719e#152-t3, previous=(t:3, i:17), leaderCommit=10, initializing? false, entries: <empty>
2019-09-11 12:45:01,400 [java.util.concurrent.ThreadPoolExecutor$Worker@4e4300e[State = -1, empty queue]] WARN  server.GrpcLogAppender (GrpcLogAppender.java:timeoutAppendRequest(200)) - d8e74394-a0bf-4ec3-a3ce-4740c71bd9b7@group-36481D5C2926->f90b1bbc-0325-4fdc-bdda-dbac376593c0-GrpcLogAppender: appendEntries Timeout, request=d8e74394-a0bf-4ec3-a3ce-4740c71bd9b7->f90b1bbc-0325-4fdc-bdda-dbac376593c0#152-t3, previous=(t:3, i:17), leaderCommit=10, initializing? false, entries: <empty>
2019-09-11 12:45:01,888 [EventQueue-PipelineActionsForPipelineActionHandler] ERROR pipeline.PipelineActionHandler (PipelineActionHandler.java:onMessage(60)) - Received pipeline action CLOSE for Pipeline[ Id: 5307b2a7-4d22-40e9-b771-36481d5c2926, Nodes: d8e74394-a0bf-4ec3-a3ce-4740c71bd9b7{ip: 192.168.69.81, host: pr-hdds-2109-6lgm5-4208394744, networkLocation: /default-rack, certSerialId: null}f90b1bbc-0325-4fdc-bdda-dbac376593c0{ip: 192.168.69.81, host: pr-hdds-2109-6lgm5-4208394744, networkLocation: /default-rack, certSerialId: null}8533a49c-a60c-4c36-849a-1b71101d719e{ip: 192.168.69.81, host: pr-hdds-2109-6lgm5-4208394744, networkLocation: /default-rack, certSerialId: null}, Type:RATIS, Factor:THREE, State:CLOSED] from datanode d8e74394-a0bf-4ec3-a3ce-4740c71bd9b7{ip: 192.168.69.81, host: pr-hdds-2109-6lgm5-4208394744, networkLocation: /default-rack, certSerialId: null}. Reason : d8e74394-a0bf-4ec3-a3ce-4740c71bd9b7 has not seen follower/s f90b1bbc-0325-4fdc-bdda-dbac376593c0 for 153103ms 8533a49c-a60c-4c36-849a-1b71101d719e for 153104ms
2019-09-11 12:45:01,888 [EventQueue-PipelineActionsForPipelineActionHandler] INFO  pipeline.SCMPipelineManager (SCMPipelineManager.java:finalizeAndDestroyPipeline(311)) - destroying pipeline:Pipeline[ Id: 5307b2a7-4d22-40e9-b771-36481d5c2926, Nodes: d8e74394-a0bf-4ec3-a3ce-4740c71bd9b7{ip: 192.168.69.81, host: pr-hdds-2109-6lgm5-4208394744, networkLocation: /default-rack, certSerialId: null}f90b1bbc-0325-4fdc-bdda-dbac376593c0{ip: 192.168.69.81, host: pr-hdds-2109-6lgm5-4208394744, networkLocation: /default-rack, certSerialId: null}8533a49c-a60c-4c36-849a-1b71101d719e{ip: 192.168.69.81, host: pr-hdds-2109-6lgm5-4208394744, networkLocation: /default-rack, certSerialId: null}, Type:RATIS, Factor:THREE, State:CLOSED]
2019-09-11 12:45:03,401 [org.apache.ratis.server.impl.LogAppender$AppenderDaemon$$Lambda$485/1842952795@e4ab945] ERROR ratis.XceiverServerRatis (XceiverServerRatis.java:triggerPipelineClose(568)) - pipeline Action CLOSE  on pipeline PipelineID=5307b2a7-4d22-40e9-b771-36481d5c2926.Reason : d8e74394-a0bf-4ec3-a3ce-4740c71bd9b7 has not seen follower/s f90b1bbc-0325-4fdc-bdda-dbac376593c0 for 155604ms 8533a49c-a60c-4c36-849a-1b71101d719e for 155605ms
2019-09-11 12:45:03,401 [org.apache.ratis.server.impl.LogAppender$AppenderDaemon$$Lambda$485/1842952795@4d10b431] ERROR ratis.XceiverServerRatis (XceiverServerRatis.java:triggerPipelineClose(568)) - pipeline Action CLOSE  on pipeline PipelineID=5307b2a7-4d22-40e9-b771-36481d5c2926.Reason : d8e74394-a0bf-4ec3-a3ce-4740c71bd9b7 has not seen follower/s f90b1bbc-0325-4fdc-bdda-dbac376593c0 for 155604ms 8533a49c-a60c-4c36-849a-1b71101d719e for 155605ms
2019-09-11 12:45:03,887 [EventQueue-PipelineActionsForPipelineActionHandler] ERROR pipeline.PipelineActionHandler (PipelineActionHandler.java:onMessage(60)) - Received pipeline action CLOSE for Pipeline[ Id: 5307b2a7-4d22-40e9-b771-36481d5c2926, Nodes: d8e74394-a0bf-4ec3-a3ce-4740c71bd9b7{ip: 192.168.69.81, host: pr-hdds-2109-6lgm5-4208394744, networkLocation: /default-rack, certSerialId: null}f90b1bbc-0325-4fdc-bdda-dbac376593c0{ip: 192.168.69.81, host: pr-hdds-2109-6lgm5-4208394744, networkLocation: /default-rack, certSerialId: null}8533a49c-a60c-4c36-849a-1b71101d719e{ip: 192.168.69.81, host: pr-hdds-2109-6lgm5-4208394744, networkLocation: /default-rack, certSerialId: null}, Type:RATIS, Factor:THREE, State:CLOSED] from datanode d8e74394-a0bf-4ec3-a3ce-4740c71bd9b7{ip: 192.168.69.81, host: pr-hdds-2109-6lgm5-4208394744, networkLocation: /default-rack, certSerialId: null}. Reason : d8e74394-a0bf-4ec3-a3ce-4740c71bd9b7 has not seen follower/s f90b1bbc-0325-4fdc-bdda-dbac376593c0 for 155604ms 8533a49c-a60c-4c36-849a-1b71101d719e for 155605ms
2019-09-11 12:45:03,888 [EventQueue-PipelineActionsForPipelineActionHandler] INFO  pipeline.SCMPipelineManager (SCMPipelineManager.java:finalizeAndDestroyPipeline(311)) - destroying pipeline:Pipeline[ Id: 5307b2a7-4d22-40e9-b771-36481d5c2926, Nodes: d8e74394-a0bf-4ec3-a3ce-4740c71bd9b7{ip: 192.168.69.81, host: pr-hdds-2109-6lgm5-4208394744, networkLocation: /default-rack, certSerialId: null}f90b1bbc-0325-4fdc-bdda-dbac376593c0{ip: 192.168.69.81, host: pr-hdds-2109-6lgm5-4208394744, networkLocation: /default-rack, certSerialId: null}8533a49c-a60c-4c36-849a-1b71101d719e{ip: 192.168.69.81, host: pr-hdds-2109-6lgm5-4208394744, networkLocation: /default-rack, certSerialId: null}, Type:RATIS, Factor:THREE, State:CLOSED]
2019-09-11 12:45:03,906 [java.util.concurrent.ThreadPoolExecutor$Worker@734c62d3[State = -1, empty queue]] WARN  server.GrpcLogAppender (GrpcLogAppender.java:timeoutAppendRequest(200)) - d8e74394-a0bf-4ec3-a3ce-4740c71bd9b7@group-36481D5C2926->8533a49c-a60c-4c36-849a-1b71101d719e-GrpcLogAppender: appendEntries Timeout, request=d8e74394-a0bf-4ec3-a3ce-4740c71bd9b7->8533a49c-a60c-4c36-849a-1b71101d719e#153-t3, previous=(t:3, i:17), leaderCommit=10, initializing? false, entries: <empty>
2019-09-11 12:45:03,906 [java.util.concurrent.ThreadPoolExecutor$Worker@4e4300e[State = -1, empty queue]] WARN  server.GrpcLogAppender (GrpcLogAppender.java:timeoutAppendRequest(200)) - d8e74394-a0bf-4ec3-a3ce-4740c71bd9b7@group-36481D5C2926->f90b1bbc-0325-4fdc-bdda-dbac376593c0-GrpcLogAppender: appendEntries Timeout, request=d8e74394-a0bf-4ec3-a3ce-4740c71bd9b7->f90b1bbc-0325-4fdc-bdda-dbac376593c0#153-t3, previous=(t:3, i:17), leaderCommit=10, initializing? false, entries: <empty>
2019-09-11 12:45:04,923 [grpc-default-executor-4] INFO  client.GrpcClientProtocolClient (GrpcClientProtocolClient.java:onNext(264)) - client-F2C6077FCB6C->f90b1bbc-0325-4fdc-bdda-dbac376593c0: receive RaftClientReply:client-F2C6077FCB6C->f90b1bbc-0325-4fdc-bdda-dbac376593c0@group-36481D5C2926, cid=44, FAILED org.apache.ratis.protocol.NotLeaderException: Server f90b1bbc-0325-4fdc-bdda-dbac376593c0@group-36481D5C2926 is not the leader d8e74394-a0bf-4ec3-a3ce-4740c71bd9b7:192.168.69.81:43465, logIndex=0, commits[f90b1bbc-0325-4fdc-bdda-dbac376593c0:c10, d8e74394-a0bf-4ec3-a3ce-4740c71bd9b7:c10, 8533a49c-a60c-4c36-849a-1b71101d719e:c10]
2019-09-11 12:45:05,902 [org.apache.ratis.server.impl.LogAppender$AppenderDaemon$$Lambda$485/1842952795@e4ab945] ERROR ratis.XceiverServerRatis (XceiverServerRatis.java:triggerPipelineClose(568)) - pipeline Action CLOSE  on pipeline PipelineID=5307b2a7-4d22-40e9-b771-36481d5c2926.Reason : d8e74394-a0bf-4ec3-a3ce-4740c71bd9b7 has not seen follower/s f90b1bbc-0325-4fdc-bdda-dbac376593c0 for 158105ms 8533a49c-a60c-4c36-849a-1b71101d719e for 158105ms
2019-09-11 12:45:05,902 [org.apache.ratis.server.impl.LogAppender$AppenderDaemon$$Lambda$485/1842952795@4d10b431] ERROR ratis.XceiverServerRatis (XceiverServerRatis.java:triggerPipelineClose(568)) - pipeline Action CLOSE  on pipeline PipelineID=5307b2a7-4d22-40e9-b771-36481d5c2926.Reason : d8e74394-a0bf-4ec3-a3ce-4740c71bd9b7 has not seen follower/s f90b1bbc-0325-4fdc-bdda-dbac376593c0 for 158105ms 8533a49c-a60c-4c36-849a-1b71101d719e for 158106ms
2019-09-11 12:45:06,401 [java.util.concurrent.ThreadPoolExecutor$Worker@4e4300e[State = -1, empty queue]] WARN  server.GrpcLogAppender (GrpcLogAppender.java:timeoutAppendRequest(200)) - d8e74394-a0bf-4ec3-a3ce-4740c71bd9b7@group-36481D5C2926->f90b1bbc-0325-4fdc-bdda-dbac376593c0-GrpcLogAppender: appendEntries Timeout, request=d8e74394-a0bf-4ec3-a3ce-4740c71bd9b7->f90b1bbc-0325-4fdc-bdda-dbac376593c0#154-t3, previous=(t:3, i:17), leaderCommit=10, initializing? false, entries: <empty>
2019-09-11 12:45:06,401 [java.util.concurrent.ThreadPoolExecutor$Worker@734c62d3[State = -1, empty queue]] WARN  server.GrpcLogAppender (GrpcLogAppender.java:timeoutAppendRequest(200)) - d8e74394-a0bf-4ec3-a3ce-4740c71bd9b7@group-36481D5C2926->8533a49c-a60c-4c36-849a-1b71101d719e-GrpcLogAppender: appendEntries Timeout, request=d8e74394-a0bf-4ec3-a3ce-4740c71bd9b7->8533a49c-a60c-4c36-849a-1b71101d719e#154-t3, previous=(t:3, i:17), leaderCommit=10, initializing? false, entries: <empty>
2019-09-11 12:45:06,887 [EventQueue-PipelineActionsForPipelineActionHandler] ERROR pipeline.PipelineActionHandler (PipelineActionHandler.java:onMessage(60)) - Received pipeline action CLOSE for Pipeline[ Id: 5307b2a7-4d22-40e9-b771-36481d5c2926, Nodes: d8e74394-a0bf-4ec3-a3ce-4740c71bd9b7{ip: 192.168.69.81, host: pr-hdds-2109-6lgm5-4208394744, networkLocation: /default-rack, certSerialId: null}f90b1bbc-0325-4fdc-bdda-dbac376593c0{ip: 192.168.69.81, host: pr-hdds-2109-6lgm5-4208394744, networkLocation: /default-rack, certSerialId: null}8533a49c-a60c-4c36-849a-1b71101d719e{ip: 192.168.69.81, host: pr-hdds-2109-6lgm5-4208394744, networkLocation: /default-rack, certSerialId: null}, Type:RATIS, Factor:THREE, State:CLOSED] from datanode d8e74394-a0bf-4ec3-a3ce-4740c71bd9b7{ip: 192.168.69.81, host: pr-hdds-2109-6lgm5-4208394744, networkLocation: /default-rack, certSerialId: null}. Reason : d8e74394-a0bf-4ec3-a3ce-4740c71bd9b7 has not seen follower/s f90b1bbc-0325-4fdc-bdda-dbac376593c0 for 158105ms 8533a49c-a60c-4c36-849a-1b71101d719e for 158105ms
2019-09-11 12:45:06,888 [EventQueue-PipelineActionsForPipelineActionHandler] INFO  pipeline.SCMPipelineManager (SCMPipelineManager.java:finalizeAndDestroyPipeline(311)) - destroying pipeline:Pipeline[ Id: 5307b2a7-4d22-40e9-b771-36481d5c2926, Nodes: d8e74394-a0bf-4ec3-a3ce-4740c71bd9b7{ip: 192.168.69.81, host: pr-hdds-2109-6lgm5-4208394744, networkLocation: /default-rack, certSerialId: null}f90b1bbc-0325-4fdc-bdda-dbac376593c0{ip: 192.168.69.81, host: pr-hdds-2109-6lgm5-4208394744, networkLocation: /default-rack, certSerialId: null}8533a49c-a60c-4c36-849a-1b71101d719e{ip: 192.168.69.81, host: pr-hdds-2109-6lgm5-4208394744, networkLocation: /default-rack, certSerialId: null}, Type:RATIS, Factor:THREE, State:CLOSED]
2019-09-11 12:45:08,402 [org.apache.ratis.server.impl.LogAppender$AppenderDaemon$$Lambda$485/1842952795@e4ab945] ERROR ratis.XceiverServerRatis (XceiverServerRatis.java:triggerPipelineClose(568)) - pipeline Action CLOSE  on pipeline PipelineID=5307b2a7-4d22-40e9-b771-36481d5c2926.Reason : d8e74394-a0bf-4ec3-a3ce-4740c71bd9b7 has not seen follower/s f90b1bbc-0325-4fdc-bdda-dbac376593c0 for 160606ms 8533a49c-a60c-4c36-849a-1b71101d719e for 160606ms
2019-09-11 12:45:08,403 [org.apache.ratis.server.impl.LogAppender$AppenderDaemon$$Lambda$485/1842952795@4d10b431] ERROR ratis.XceiverServerRatis (XceiverServerRatis.java:triggerPipelineClose(568)) - pipeline Action CLOSE  on pipeline PipelineID=5307b2a7-4d22-40e9-b771-36481d5c2926.Reason : d8e74394-a0bf-4ec3-a3ce-4740c71bd9b7 has not seen follower/s f90b1bbc-0325-4fdc-bdda-dbac376593c0 for 160606ms 8533a49c-a60c-4c36-849a-1b71101d719e for 160606ms
2019-09-11 12:45:08,865 [8533a49c-a60c-4c36-849a-1b71101d719e@group-36481D5C2926-SegmentedRaftLogWorker] WARN  segmented.SegmentedRaftLogWorker (SegmentedRaftLogWorker.java:getFromFuture(90)) - Timeout 15/~
org.apache.ratis.protocol.TimeoutIOException: Timeout 10s: WriteLog:12: (t:3, i:12), STATEMACHINELOGENTRY, client-F2C6077FCB6C, cid=45-writeStateMachineData
	at org.apache.ratis.util.IOUtils.getFromFuture(IOUtils.java:87)
	at org.apache.ratis.server.raftlog.segmented.SegmentedRaftLogWorker$StateMachineDataPolicy.getFromFuture(SegmentedRaftLogWorker.java:87)
	at org.apache.ratis.server.raftlog.segmented.SegmentedRaftLogWorker$WriteLog.execute(SegmentedRaftLogWorker.java:477)
	at org.apache.ratis.server.raftlog.segmented.SegmentedRaftLogWorker.run(SegmentedRaftLogWorker.java:289)
	at java.lang.Thread.run(Thread.java:748)
Caused by: java.util.concurrent.TimeoutException
	at java.util.concurrent.CompletableFuture.timedGet(CompletableFuture.java:1771)
	at java.util.concurrent.CompletableFuture.get(CompletableFuture.java:1915)
	at org.apache.ratis.util.IOUtils.getFromFuture(IOUtils.java:79)
	... 4 more
2019-09-11 12:45:08,881 [f90b1bbc-0325-4fdc-bdda-dbac376593c0@group-36481D5C2926-SegmentedRaftLogWorker] WARN  segmented.SegmentedRaftLogWorker (SegmentedRaftLogWorker.java:getFromFuture(90)) - Timeout 15/~
org.apache.ratis.protocol.TimeoutIOException: Timeout 10s: WriteLog:12: (t:3, i:12), STATEMACHINELOGENTRY, client-F2C6077FCB6C, cid=45-writeStateMachineData
	at org.apache.ratis.util.IOUtils.getFromFuture(IOUtils.java:87)
	at org.apache.ratis.server.raftlog.segmented.SegmentedRaftLogWorker$StateMachineDataPolicy.getFromFuture(SegmentedRaftLogWorker.java:87)
	at org.apache.ratis.server.raftlog.segmented.SegmentedRaftLogWorker$WriteLog.execute(SegmentedRaftLogWorker.java:477)
	at org.apache.ratis.server.raftlog.segmented.SegmentedRaftLogWorker.run(SegmentedRaftLogWorker.java:289)
	at java.lang.Thread.run(Thread.java:748)
Caused by: java.util.concurrent.TimeoutException
	at java.util.concurrent.CompletableFuture.timedGet(CompletableFuture.java:1771)
	at java.util.concurrent.CompletableFuture.get(CompletableFuture.java:1915)
	at org.apache.ratis.util.IOUtils.getFromFuture(IOUtils.java:79)
	... 4 more
2019-09-11 12:45:08,892 [d8e74394-a0bf-4ec3-a3ce-4740c71bd9b7@group-36481D5C2926-SegmentedRaftLogWorker] WARN  segmented.SegmentedRaftLogWorker (SegmentedRaftLogWorker.java:getFromFuture(90)) - Timeout 15/~
org.apache.ratis.protocol.TimeoutIOException: Timeout 10s: WriteLog:12: (t:3, i:12), STATEMACHINELOGENTRY, client-F2C6077FCB6C, cid=45-writeStateMachineData
	at org.apache.ratis.util.IOUtils.getFromFuture(IOUtils.java:87)
	at org.apache.ratis.server.raftlog.segmented.SegmentedRaftLogWorker$StateMachineDataPolicy.getFromFuture(SegmentedRaftLogWorker.java:87)
	at org.apache.ratis.server.raftlog.segmented.SegmentedRaftLogWorker$WriteLog.execute(SegmentedRaftLogWorker.java:477)
	at org.apache.ratis.server.raftlog.segmented.SegmentedRaftLogWorker.run(SegmentedRaftLogWorker.java:289)
	at java.lang.Thread.run(Thread.java:748)
Caused by: java.util.concurrent.TimeoutException
	at java.util.concurrent.CompletableFuture.timedGet(CompletableFuture.java:1771)
	at java.util.concurrent.CompletableFuture.get(CompletableFuture.java:1915)
	at org.apache.ratis.util.IOUtils.getFromFuture(IOUtils.java:79)
	... 4 more
2019-09-11 12:45:08,893 [EventQueue-PipelineActionsForPipelineActionHandler] ERROR pipeline.PipelineActionHandler (PipelineActionHandler.java:onMessage(60)) - Received pipeline action CLOSE for Pipeline[ Id: 5307b2a7-4d22-40e9-b771-36481d5c2926, Nodes: d8e74394-a0bf-4ec3-a3ce-4740c71bd9b7{ip: 192.168.69.81, host: pr-hdds-2109-6lgm5-4208394744, networkLocation: /default-rack, certSerialId: null}f90b1bbc-0325-4fdc-bdda-dbac376593c0{ip: 192.168.69.81, host: pr-hdds-2109-6lgm5-4208394744, networkLocation: /default-rack, certSerialId: null}8533a49c-a60c-4c36-849a-1b71101d719e{ip: 192.168.69.81, host: pr-hdds-2109-6lgm5-4208394744, networkLocation: /default-rack, certSerialId: null}, Type:RATIS, Factor:THREE, State:CLOSED] from datanode d8e74394-a0bf-4ec3-a3ce-4740c71bd9b7{ip: 192.168.69.81, host: pr-hdds-2109-6lgm5-4208394744, networkLocation: /default-rack, certSerialId: null}. Reason : d8e74394-a0bf-4ec3-a3ce-4740c71bd9b7 has not seen follower/s f90b1bbc-0325-4fdc-bdda-dbac376593c0 for 160606ms 8533a49c-a60c-4c36-849a-1b71101d719e for 160606ms
2019-09-11 12:45:08,894 [EventQueue-PipelineActionsForPipelineActionHandler] INFO  pipeline.SCMPipelineManager (SCMPipelineManager.java:finalizeAndDestroyPipeline(311)) - destroying pipeline:Pipeline[ Id: 5307b2a7-4d22-40e9-b771-36481d5c2926, Nodes: d8e74394-a0bf-4ec3-a3ce-4740c71bd9b7{ip: 192.168.69.81, host: pr-hdds-2109-6lgm5-4208394744, networkLocation: /default-rack, certSerialId: null}f90b1bbc-0325-4fdc-bdda-dbac376593c0{ip: 192.168.69.81, host: pr-hdds-2109-6lgm5-4208394744, networkLocation: /default-rack, certSerialId: null}8533a49c-a60c-4c36-849a-1b71101d719e{ip: 192.168.69.81, host: pr-hdds-2109-6lgm5-4208394744, networkLocation: /default-rack, certSerialId: null}, Type:RATIS, Factor:THREE, State:CLOSED]
2019-09-11 12:45:08,902 [java.util.concurrent.ThreadPoolExecutor$Worker@4e4300e[State = -1, empty queue]] WARN  server.GrpcLogAppender (GrpcLogAppender.java:timeoutAppendRequest(200)) - d8e74394-a0bf-4ec3-a3ce-4740c71bd9b7@group-36481D5C2926->f90b1bbc-0325-4fdc-bdda-dbac376593c0-GrpcLogAppender: appendEntries Timeout, request=d8e74394-a0bf-4ec3-a3ce-4740c71bd9b7->f90b1bbc-0325-4fdc-bdda-dbac376593c0#155-t3, previous=(t:3, i:17), leaderCommit=10, initializing? false, entries: <empty>
2019-09-11 12:45:08,902 [java.util.concurrent.ThreadPoolExecutor$Worker@734c62d3[State = -1, empty queue]] WARN  server.GrpcLogAppender (GrpcLogAppender.java:timeoutAppendRequest(200)) - d8e74394-a0bf-4ec3-a3ce-4740c71bd9b7@group-36481D5C2926->8533a49c-a60c-4c36-849a-1b71101d719e-GrpcLogAppender: appendEntries Timeout, request=d8e74394-a0bf-4ec3-a3ce-4740c71bd9b7->8533a49c-a60c-4c36-849a-1b71101d719e#155-t3, previous=(t:3, i:17), leaderCommit=10, initializing? false, entries: <empty>
2019-09-11 12:45:09,248 [grpc-default-executor-4] INFO  impl.RaftServerProxy (RaftServerProxy.java:addNew(89)) - d8e74394-a0bf-4ec3-a3ce-4740c71bd9b7: addNew group-4D584596C0F1:[f90b1bbc-0325-4fdc-bdda-dbac376593c0:192.168.69.81:41760, d8e74394-a0bf-4ec3-a3ce-4740c71bd9b7:192.168.69.81:43465, 8533a49c-a60c-4c36-849a-1b71101d719e:192.168.69.81:40456] returns group-4D584596C0F1:java.util.concurrent.CompletableFuture@517536c[Not completed]
2019-09-11 12:45:09,249 [grpc-default-executor-0] INFO  impl.RaftServerProxy (RaftServerProxy.java:addNew(89)) - 8533a49c-a60c-4c36-849a-1b71101d719e: addNew group-4D584596C0F1:[f90b1bbc-0325-4fdc-bdda-dbac376593c0:192.168.69.81:41760, d8e74394-a0bf-4ec3-a3ce-4740c71bd9b7:192.168.69.81:43465, 8533a49c-a60c-4c36-849a-1b71101d719e:192.168.69.81:40456] returns group-4D584596C0F1:java.util.concurrent.CompletableFuture@540678f7[Not completed]
2019-09-11 12:45:09,248 [grpc-default-executor-3] INFO  impl.RaftServerProxy (RaftServerProxy.java:addNew(89)) - f90b1bbc-0325-4fdc-bdda-dbac376593c0: addNew group-4D584596C0F1:[f90b1bbc-0325-4fdc-bdda-dbac376593c0:192.168.69.81:41760, d8e74394-a0bf-4ec3-a3ce-4740c71bd9b7:192.168.69.81:43465, 8533a49c-a60c-4c36-849a-1b71101d719e:192.168.69.81:40456] returns group-4D584596C0F1:java.util.concurrent.CompletableFuture@668106bb[Not completed]
2019-09-11 12:45:09,251 [pool-87-thread-1] INFO  impl.RaftServerImpl (RaftServerImpl.java:<init>(95)) - 8533a49c-a60c-4c36-849a-1b71101d719e: new RaftServerImpl for group-4D584596C0F1:[f90b1bbc-0325-4fdc-bdda-dbac376593c0:192.168.69.81:41760, d8e74394-a0bf-4ec3-a3ce-4740c71bd9b7:192.168.69.81:43465, 8533a49c-a60c-4c36-849a-1b71101d719e:192.168.69.81:40456] with ContainerStateMachine:uninitialized
2019-09-11 12:45:09,251 [pool-87-thread-1] INFO  server.RaftServerConfigKeys (ConfUtils.java:logGet(43)) - raft.server.rpc.timeout.min = 5s (custom)
2019-09-11 12:45:09,252 [pool-87-thread-1] INFO  server.RaftServerConfigKeys (ConfUtils.java:logGet(43)) - raft.server.rpc.timeout.max = 5200ms (custom)
2019-09-11 12:45:09,252 [pool-87-thread-1] INFO  server.RaftServerConfigKeys (ConfUtils.java:logGet(43)) - raft.server.rpcslowness.timeout = 120s (custom)
2019-09-11 12:45:09,252 [pool-87-thread-1] INFO  server.RaftServerConfigKeys (ConfUtils.java:logGet(43)) - raft.server.sleep.deviation.threshold = 300 (default)
2019-09-11 12:45:09,252 [pool-87-thread-1] INFO  server.RaftServerConfigKeys (ConfUtils.java:logGet(43)) - raft.server.log.appender.install.snapshot.enabled = false (custom)
2019-09-11 12:45:09,252 [pool-87-thread-1] INFO  impl.RaftServerImpl (ServerState.java:<init>(103)) - 8533a49c-a60c-4c36-849a-1b71101d719e@group-4D584596C0F1: ConfigurationManager, init=-1: [f90b1bbc-0325-4fdc-bdda-dbac376593c0:192.168.69.81:41760, d8e74394-a0bf-4ec3-a3ce-4740c71bd9b7:192.168.69.81:43465, 8533a49c-a60c-4c36-849a-1b71101d719e:192.168.69.81:40456], old=null, confs=<EMPTY_MAP>
2019-09-11 12:45:09,252 [pool-87-thread-1] INFO  server.RaftServerConfigKeys (ConfUtils.java:logGet(43)) - raft.server.storage.dir = [/workdir/hadoop-ozone/integration-test/target/test-dir/MiniOzoneClusterImpl-72df8dd9-2b9a-4ea0-aef5-73ebd66773c1/datanode-6/data/ratis] (custom)
2019-09-11 12:45:09,253 [pool-87-thread-1] INFO  storage.RaftStorageDirectory (RaftStorageDirectory.java:analyzeStorage(246)) - The storage directory /workdir/hadoop-ozone/integration-test/target/test-dir/MiniOzoneClusterImpl-72df8dd9-2b9a-4ea0-aef5-73ebd66773c1/datanode-6/data/ratis/7e242f53-b753-4d43-8b92-4d584596c0f1 does not exist. Creating ...
2019-09-11 12:45:09,253 [pool-27-thread-1] INFO  impl.RaftServerImpl (RaftServerImpl.java:<init>(95)) - d8e74394-a0bf-4ec3-a3ce-4740c71bd9b7: new RaftServerImpl for group-4D584596C0F1:[f90b1bbc-0325-4fdc-bdda-dbac376593c0:192.168.69.81:41760, d8e74394-a0bf-4ec3-a3ce-4740c71bd9b7:192.168.69.81:43465, 8533a49c-a60c-4c36-849a-1b71101d719e:192.168.69.81:40456] with ContainerStateMachine:uninitialized
2019-09-11 12:45:09,253 [pool-27-thread-1] INFO  server.RaftServerConfigKeys (ConfUtils.java:logGet(43)) - raft.server.rpc.timeout.min = 5s (custom)
2019-09-11 12:45:09,253 [pool-27-thread-1] INFO  server.RaftServerConfigKeys (ConfUtils.java:logGet(43)) - raft.server.rpc.timeout.max = 5200ms (custom)
2019-09-11 12:45:09,253 [pool-27-thread-1] INFO  server.RaftServerConfigKeys (ConfUtils.java:logGet(43)) - raft.server.rpcslowness.timeout = 120s (custom)
2019-09-11 12:45:09,253 [pool-27-thread-1] INFO  server.RaftServerConfigKeys (ConfUtils.java:logGet(43)) - raft.server.sleep.deviation.threshold = 300 (default)
2019-09-11 12:45:09,254 [pool-27-thread-1] INFO  server.RaftServerConfigKeys (ConfUtils.java:logGet(43)) - raft.server.log.appender.install.snapshot.enabled = false (custom)
2019-09-11 12:45:09,254 [pool-47-thread-1] INFO  impl.RaftServerImpl (RaftServerImpl.java:<init>(95)) - f90b1bbc-0325-4fdc-bdda-dbac376593c0: new RaftServerImpl for group-4D584596C0F1:[f90b1bbc-0325-4fdc-bdda-dbac376593c0:192.168.69.81:41760, d8e74394-a0bf-4ec3-a3ce-4740c71bd9b7:192.168.69.81:43465, 8533a49c-a60c-4c36-849a-1b71101d719e:192.168.69.81:40456] with ContainerStateMachine:uninitialized
2019-09-11 12:45:09,254 [pool-27-thread-1] INFO  impl.RaftServerImpl (ServerState.java:<init>(103)) - d8e74394-a0bf-4ec3-a3ce-4740c71bd9b7@group-4D584596C0F1: ConfigurationManager, init=-1: [f90b1bbc-0325-4fdc-bdda-dbac376593c0:192.168.69.81:41760, d8e74394-a0bf-4ec3-a3ce-4740c71bd9b7:192.168.69.81:43465, 8533a49c-a60c-4c36-849a-1b71101d719e:192.168.69.81:40456], old=null, confs=<EMPTY_MAP>
2019-09-11 12:45:09,254 [pool-47-thread-1] INFO  server.RaftServerConfigKeys (ConfUtils.java:logGet(43)) - raft.server.rpc.timeout.min = 5s (custom)
2019-09-11 12:45:09,254 [pool-27-thread-1] INFO  server.RaftServerConfigKeys (ConfUtils.java:logGet(43)) - raft.server.storage.dir = [/workdir/hadoop-ozone/integration-test/target/test-dir/MiniOzoneClusterImpl-72df8dd9-2b9a-4ea0-aef5-73ebd66773c1/datanode-0/data/ratis] (custom)
2019-09-11 12:45:09,254 [pool-47-thread-1] INFO  server.RaftServerConfigKeys (ConfUtils.java:logGet(43)) - raft.server.rpc.timeout.max = 5200ms (custom)
2019-09-11 12:45:09,254 [pool-47-thread-1] INFO  server.RaftServerConfigKeys (ConfUtils.java:logGet(43)) - raft.server.rpcslowness.timeout = 120s (custom)
2019-09-11 12:45:09,255 [pool-47-thread-1] INFO  server.RaftServerConfigKeys (ConfUtils.java:logGet(43)) - raft.server.sleep.deviation.threshold = 300 (default)
2019-09-11 12:45:09,255 [pool-27-thread-1] INFO  storage.RaftStorageDirectory (RaftStorageDirectory.java:analyzeStorage(246)) - The storage directory /workdir/hadoop-ozone/integration-test/target/test-dir/MiniOzoneClusterImpl-72df8dd9-2b9a-4ea0-aef5-73ebd66773c1/datanode-0/data/ratis/7e242f53-b753-4d43-8b92-4d584596c0f1 does not exist. Creating ...
2019-09-11 12:45:09,255 [pool-47-thread-1] INFO  server.RaftServerConfigKeys (ConfUtils.java:logGet(43)) - raft.server.log.appender.install.snapshot.enabled = false (custom)
2019-09-11 12:45:09,255 [pool-47-thread-1] INFO  impl.RaftServerImpl (ServerState.java:<init>(103)) - f90b1bbc-0325-4fdc-bdda-dbac376593c0@group-4D584596C0F1: ConfigurationManager, init=-1: [f90b1bbc-0325-4fdc-bdda-dbac376593c0:192.168.69.81:41760, d8e74394-a0bf-4ec3-a3ce-4740c71bd9b7:192.168.69.81:43465, 8533a49c-a60c-4c36-849a-1b71101d719e:192.168.69.81:40456], old=null, confs=<EMPTY_MAP>
2019-09-11 12:45:09,255 [pool-47-thread-1] INFO  server.RaftServerConfigKeys (ConfUtils.java:logGet(43)) - raft.server.storage.dir = [/workdir/hadoop-ozone/integration-test/target/test-dir/MiniOzoneClusterImpl-72df8dd9-2b9a-4ea0-aef5-73ebd66773c1/datanode-2/data/ratis] (custom)
2019-09-11 12:45:09,255 [pool-47-thread-1] INFO  storage.RaftStorageDirectory (RaftStorageDirectory.java:analyzeStorage(246)) - The storage directory /workdir/hadoop-ozone/integration-test/target/test-dir/MiniOzoneClusterImpl-72df8dd9-2b9a-4ea0-aef5-73ebd66773c1/datanode-2/data/ratis/7e242f53-b753-4d43-8b92-4d584596c0f1 does not exist. Creating ...
2019-09-11 12:45:09,451 [pool-27-thread-1] INFO  storage.RaftStorageDirectory (RaftStorageDirectory.java:tryLock(328)) - Lock on /workdir/hadoop-ozone/integration-test/target/test-dir/MiniOzoneClusterImpl-72df8dd9-2b9a-4ea0-aef5-73ebd66773c1/datanode-0/data/ratis/7e242f53-b753-4d43-8b92-4d584596c0f1/in_use.lock acquired by nodename 30755@pr-hdds-2109-6lgm5-4208394744
2019-09-11 12:45:09,451 [pool-87-thread-1] INFO  storage.RaftStorageDirectory (RaftStorageDirectory.java:tryLock(328)) - Lock on /workdir/hadoop-ozone/integration-test/target/test-dir/MiniOzoneClusterImpl-72df8dd9-2b9a-4ea0-aef5-73ebd66773c1/datanode-6/data/ratis/7e242f53-b753-4d43-8b92-4d584596c0f1/in_use.lock acquired by nodename 30755@pr-hdds-2109-6lgm5-4208394744
2019-09-11 12:45:09,451 [pool-47-thread-1] INFO  storage.RaftStorageDirectory (RaftStorageDirectory.java:tryLock(328)) - Lock on /workdir/hadoop-ozone/integration-test/target/test-dir/MiniOzoneClusterImpl-72df8dd9-2b9a-4ea0-aef5-73ebd66773c1/datanode-2/data/ratis/7e242f53-b753-4d43-8b92-4d584596c0f1/in_use.lock acquired by nodename 30755@pr-hdds-2109-6lgm5-4208394744
2019-09-11 12:45:09,470 [pool-47-thread-1] INFO  storage.RaftStorage (RaftStorage.java:format(72)) - Storage directory /workdir/hadoop-ozone/integration-test/target/test-dir/MiniOzoneClusterImpl-72df8dd9-2b9a-4ea0-aef5-73ebd66773c1/datanode-2/data/ratis/7e242f53-b753-4d43-8b92-4d584596c0f1 has been successfully formatted.
2019-09-11 12:45:09,470 [pool-87-thread-1] INFO  storage.RaftStorage (RaftStorage.java:format(72)) - Storage directory /workdir/hadoop-ozone/integration-test/target/test-dir/MiniOzoneClusterImpl-72df8dd9-2b9a-4ea0-aef5-73ebd66773c1/datanode-6/data/ratis/7e242f53-b753-4d43-8b92-4d584596c0f1 has been successfully formatted.
2019-09-11 12:45:09,470 [pool-47-thread-1] INFO  ratis.ContainerStateMachine (ContainerStateMachine.java:loadSnapshot(230)) - group-4D584596C0F1: The snapshot info is null. Setting the last applied indexto:(t:0, i:~)
2019-09-11 12:45:09,470 [pool-27-thread-1] INFO  storage.RaftStorage (RaftStorage.java:format(72)) - Storage directory /workdir/hadoop-ozone/integration-test/target/test-dir/MiniOzoneClusterImpl-72df8dd9-2b9a-4ea0-aef5-73ebd66773c1/datanode-0/data/ratis/7e242f53-b753-4d43-8b92-4d584596c0f1 has been successfully formatted.
2019-09-11 12:45:09,470 [pool-87-thread-1] INFO  ratis.ContainerStateMachine (ContainerStateMachine.java:loadSnapshot(230)) - group-4D584596C0F1: The snapshot info is null. Setting the last applied indexto:(t:0, i:~)
2019-09-11 12:45:09,470 [pool-47-thread-1] INFO  server.RaftServerConfigKeys (ConfUtils.java:logGet(43)) - raft.server.notification.no-leader.timeout = 120s (custom)
2019-09-11 12:45:09,470 [pool-87-thread-1] INFO  server.RaftServerConfigKeys (ConfUtils.java:logGet(43)) - raft.server.notification.no-leader.timeout = 120s (custom)
2019-09-11 12:45:09,470 [pool-27-thread-1] INFO  ratis.ContainerStateMachine (ContainerStateMachine.java:loadSnapshot(230)) - group-4D584596C0F1: The snapshot info is null. Setting the last applied indexto:(t:0, i:~)
2019-09-11 12:45:09,471 [pool-87-thread-1] INFO  server.RaftServerConfigKeys (ConfUtils.java:logGet(43)) - raft.server.log.use.memory = false (default)
2019-09-11 12:45:09,471 [pool-47-thread-1] INFO  server.RaftServerConfigKeys (ConfUtils.java:logGet(43)) - raft.server.log.use.memory = false (default)
2019-09-11 12:45:09,471 [pool-87-thread-1] INFO  server.RaftServerConfigKeys (ConfUtils.java:logGet(43)) - raft.server.log.purge.gap = 1000000 (custom)
2019-09-11 12:45:09,471 [pool-27-thread-1] INFO  server.RaftServerConfigKeys (ConfUtils.java:logGet(43)) - raft.server.notification.no-leader.timeout = 120s (custom)
2019-09-11 12:45:09,471 [pool-87-thread-1] INFO  server.RaftServerConfigKeys (ConfUtils.java:logGet(43)) - raft.server.log.appender.buffer.byte-limit = 33554432 (custom)
2019-09-11 12:45:09,471 [pool-47-thread-1] INFO  server.RaftServerConfigKeys (ConfUtils.java:logGet(43)) - raft.server.log.purge.gap = 1000000 (custom)
2019-09-11 12:45:09,472 [pool-87-thread-1] INFO  server.RaftServerConfigKeys (ConfUtils.java:logGet(43)) - raft.server.log.segment.size.max = 1048576 (custom)
2019-09-11 12:45:09,471 [pool-27-thread-1] INFO  server.RaftServerConfigKeys (ConfUtils.java:logGet(43)) - raft.server.log.use.memory = false (default)
2019-09-11 12:45:09,472 [pool-87-thread-1] INFO  server.RaftServerConfigKeys (ConfUtils.java:logGet(43)) - raft.server.log.segment.cache.num.max = 2 (custom)
2019-09-11 12:45:09,472 [pool-47-thread-1] INFO  server.RaftServerConfigKeys (ConfUtils.java:logGet(43)) - raft.server.log.appender.buffer.byte-limit = 33554432 (custom)
2019-09-11 12:45:09,472 [pool-87-thread-1] INFO  segmented.SegmentedRaftLogWorker (SegmentedRaftLogWorker.java:<init>(172)) - new 8533a49c-a60c-4c36-849a-1b71101d719e@group-4D584596C0F1-SegmentedRaftLogWorker for RaftStorage:Storage Directory /workdir/hadoop-ozone/integration-test/target/test-dir/MiniOzoneClusterImpl-72df8dd9-2b9a-4ea0-aef5-73ebd66773c1/datanode-6/data/ratis/7e242f53-b753-4d43-8b92-4d584596c0f1
2019-09-11 12:45:09,472 [pool-27-thread-1] INFO  server.RaftServerConfigKeys (ConfUtils.java:logGet(43)) - raft.server.log.purge.gap = 1000000 (custom)
2019-09-11 12:45:09,473 [pool-87-thread-1] INFO  server.RaftServerConfigKeys (ConfUtils.java:logGet(43)) - raft.server.log.queue.byte-limit = 2147483647 (custom)
2019-09-11 12:45:09,472 [pool-47-thread-1] INFO  server.RaftServerConfigKeys (ConfUtils.java:logGet(43)) - raft.server.log.segment.size.max = 1048576 (custom)
2019-09-11 12:45:09,473 [pool-87-thread-1] INFO  server.RaftServerConfigKeys (ConfUtils.java:logGet(43)) - raft.server.log.queue.element-limit = 1024 (custom)
2019-09-11 12:45:09,473 [pool-27-thread-1] INFO  server.RaftServerConfigKeys (ConfUtils.java:logGet(43)) - raft.server.log.appender.buffer.byte-limit = 33554432 (custom)
2019-09-11 12:45:09,473 [pool-87-thread-1] INFO  server.RaftServerConfigKeys (ConfUtils.java:logGet(43)) - raft.server.log.segment.size.max = 1048576 (custom)
2019-09-11 12:45:09,473 [pool-47-thread-1] INFO  server.RaftServerConfigKeys (ConfUtils.java:logGet(43)) - raft.server.log.segment.cache.num.max = 2 (custom)
2019-09-11 12:45:09,474 [pool-87-thread-1] INFO  server.RaftServerConfigKeys (ConfUtils.java:logGet(43)) - raft.server.log.preallocated.size = 16384 (custom)
2019-09-11 12:45:09,473 [pool-27-thread-1] INFO  server.RaftServerConfigKeys (ConfUtils.java:logGet(43)) - raft.server.log.segment.size.max = 1048576 (custom)
2019-09-11 12:45:09,474 [pool-87-thread-1] INFO  server.RaftServerConfigKeys (ConfUtils.java:logGet(43)) - raft.server.log.write.buffer.size = 33554432 (custom)
2019-09-11 12:45:09,474 [pool-47-thread-1] INFO  segmented.SegmentedRaftLogWorker (SegmentedRaftLogWorker.java:<init>(172)) - new f90b1bbc-0325-4fdc-bdda-dbac376593c0@group-4D584596C0F1-SegmentedRaftLogWorker for RaftStorage:Storage Directory /workdir/hadoop-ozone/integration-test/target/test-dir/MiniOzoneClusterImpl-72df8dd9-2b9a-4ea0-aef5-73ebd66773c1/datanode-2/data/ratis/7e242f53-b753-4d43-8b92-4d584596c0f1
2019-09-11 12:45:09,474 [pool-87-thread-1] INFO  server.RaftServerConfigKeys (ConfUtils.java:logGet(43)) - raft.server.log.force.sync.num = 128 (default)
2019-09-11 12:45:09,474 [pool-27-thread-1] INFO  server.RaftServerConfigKeys (ConfUtils.java:logGet(43)) - raft.server.log.segment.cache.num.max = 2 (custom)
2019-09-11 12:45:09,475 [pool-87-thread-1] INFO  server.RaftServerConfigKeys (ConfUtils.java:logGet(43)) - raft.server.log.statemachine.data.sync = true (default)
2019-09-11 12:45:09,474 [pool-47-thread-1] INFO  server.RaftServerConfigKeys (ConfUtils.java:logGet(43)) - raft.server.log.queue.byte-limit = 2147483647 (custom)
2019-09-11 12:45:09,475 [pool-87-thread-1] INFO  server.RaftServerConfigKeys (ConfUtils.java:logGet(43)) - raft.server.log.statemachine.data.sync.timeout = 10s (default)
2019-09-11 12:45:09,475 [pool-27-thread-1] INFO  segmented.SegmentedRaftLogWorker (SegmentedRaftLogWorker.java:<init>(172)) - new d8e74394-a0bf-4ec3-a3ce-4740c71bd9b7@group-4D584596C0F1-SegmentedRaftLogWorker for RaftStorage:Storage Directory /workdir/hadoop-ozone/integration-test/target/test-dir/MiniOzoneClusterImpl-72df8dd9-2b9a-4ea0-aef5-73ebd66773c1/datanode-0/data/ratis/7e242f53-b753-4d43-8b92-4d584596c0f1
2019-09-11 12:45:09,475 [pool-87-thread-1] INFO  server.RaftServerConfigKeys (ConfUtils.java:logGet(43)) - raft.server.log.statemachine.data.sync.timeout.retry = -1 (default)
2019-09-11 12:45:09,475 [pool-47-thread-1] INFO  server.RaftServerConfigKeys (ConfUtils.java:logGet(43)) - raft.server.log.queue.element-limit = 1024 (custom)
2019-09-11 12:45:09,476 [pool-87-thread-1] INFO  server.RaftServerConfigKeys (ConfUtils.java:logGet(43)) - raft.server.log.statemachine.data.caching.enabled = true (custom)
2019-09-11 12:45:09,475 [pool-27-thread-1] INFO  server.RaftServerConfigKeys (ConfUtils.java:logGet(43)) - raft.server.log.queue.byte-limit = 2147483647 (custom)
2019-09-11 12:45:09,476 [pool-47-thread-1] INFO  server.RaftServerConfigKeys (ConfUtils.java:logGet(43)) - raft.server.log.segment.size.max = 1048576 (custom)
2019-09-11 12:45:09,476 [pool-87-thread-1] INFO  segmented.SegmentedRaftLogWorker (SegmentedRaftLogWorker.java:lambda$new$0(132)) - 8533a49c-a60c-4c36-849a-1b71101d719e@group-4D584596C0F1-SegmentedRaftLogWorker: flushIndex: setUnconditionally 0 -> -1
2019-09-11 12:45:09,476 [pool-27-thread-1] INFO  server.RaftServerConfigKeys (ConfUtils.java:logGet(43)) - raft.server.log.queue.element-limit = 1024 (custom)
2019-09-11 12:45:09,476 [pool-47-thread-1] INFO  server.RaftServerConfigKeys (ConfUtils.java:logGet(43)) - raft.server.log.preallocated.size = 16384 (custom)
2019-09-11 12:45:09,477 [pool-87-thread-1] INFO  server.RaftServerConfigKeys (ConfUtils.java:logGet(43)) - raft.server.snapshot.auto.trigger.enabled = true (custom)
2019-09-11 12:45:09,477 [pool-27-thread-1] INFO  server.RaftServerConfigKeys (ConfUtils.java:logGet(43)) - raft.server.log.segment.size.max = 1048576 (custom)
2019-09-11 12:45:09,477 [pool-87-thread-1] INFO  server.RaftServerConfigKeys (ConfUtils.java:logGet(43)) - raft.server.snapshot.auto.trigger.threshold = 10000 (custom)
2019-09-11 12:45:09,477 [pool-47-thread-1] INFO  server.RaftServerConfigKeys (ConfUtils.java:logGet(43)) - raft.server.log.write.buffer.size = 33554432 (custom)
2019-09-11 12:45:09,477 [pool-87-thread-1] INFO  server.RaftServerConfigKeys (ConfUtils.java:logGet(43)) - raft.server.snapshot.retention.num.files = -1 (default)
2019-09-11 12:45:09,477 [pool-27-thread-1] INFO  server.RaftServerConfigKeys (ConfUtils.java:logGet(43)) - raft.server.log.preallocated.size = 16384 (custom)
2019-09-11 12:45:09,478 [pool-87-thread-1] INFO  server.RaftServerConfigKeys (ConfUtils.java:logGet(43)) - raft.server.retrycache.expirytime = 600000ms (custom)
2019-09-11 12:45:09,477 [pool-47-thread-1] INFO  server.RaftServerConfigKeys (ConfUtils.java:logGet(43)) - raft.server.log.force.sync.num = 128 (default)
2019-09-11 12:45:09,478 [pool-27-thread-1] INFO  server.RaftServerConfigKeys (ConfUtils.java:logGet(43)) - raft.server.log.write.buffer.size = 33554432 (custom)
2019-09-11 12:45:09,478 [pool-47-thread-1] INFO  server.RaftServerConfigKeys (ConfUtils.java:logGet(43)) - raft.server.log.statemachine.data.sync = true (default)
2019-09-11 12:45:09,478 [pool-27-thread-1] INFO  server.RaftServerConfigKeys (ConfUtils.java:logGet(43)) - raft.server.log.force.sync.num = 128 (default)
2019-09-11 12:45:09,478 [pool-47-thread-1] INFO  server.RaftServerConfigKeys (ConfUtils.java:logGet(43)) - raft.server.log.statemachine.data.sync.timeout = 10s (default)
2019-09-11 12:45:09,478 [pool-27-thread-1] INFO  server.RaftServerConfigKeys (ConfUtils.java:logGet(43)) - raft.server.log.statemachine.data.sync = true (default)
2019-09-11 12:45:09,478 [pool-47-thread-1] INFO  server.RaftServerConfigKeys (ConfUtils.java:logGet(43)) - raft.server.log.statemachine.data.sync.timeout.retry = -1 (default)
2019-09-11 12:45:09,479 [pool-27-thread-1] INFO  server.RaftServerConfigKeys (ConfUtils.java:logGet(43)) - raft.server.log.statemachine.data.sync.timeout = 10s (default)
2019-09-11 12:45:09,479 [pool-47-thread-1] INFO  server.RaftServerConfigKeys (ConfUtils.java:logGet(43)) - raft.server.log.statemachine.data.caching.enabled = true (custom)
2019-09-11 12:45:09,479 [pool-27-thread-1] INFO  server.RaftServerConfigKeys (ConfUtils.java:logGet(43)) - raft.server.log.statemachine.data.sync.timeout.retry = -1 (default)
2019-09-11 12:45:09,479 [pool-47-thread-1] INFO  segmented.SegmentedRaftLogWorker (SegmentedRaftLogWorker.java:lambda$new$0(132)) - f90b1bbc-0325-4fdc-bdda-dbac376593c0@group-4D584596C0F1-SegmentedRaftLogWorker: flushIndex: setUnconditionally 0 -> -1
2019-09-11 12:45:09,479 [pool-27-thread-1] INFO  server.RaftServerConfigKeys (ConfUtils.java:logGet(43)) - raft.server.log.statemachine.data.caching.enabled = true (custom)
2019-09-11 12:45:09,480 [pool-47-thread-1] INFO  server.RaftServerConfigKeys (ConfUtils.java:logGet(43)) - raft.server.snapshot.auto.trigger.enabled = true (custom)
2019-09-11 12:45:09,480 [pool-47-thread-1] INFO  server.RaftServerConfigKeys (ConfUtils.java:logGet(43)) - raft.server.snapshot.auto.trigger.threshold = 10000 (custom)
2019-09-11 12:45:09,480 [pool-27-thread-1] INFO  segmented.SegmentedRaftLogWorker (SegmentedRaftLogWorker.java:lambda$new$0(132)) - d8e74394-a0bf-4ec3-a3ce-4740c71bd9b7@group-4D584596C0F1-SegmentedRaftLogWorker: flushIndex: setUnconditionally 0 -> -1
2019-09-11 12:45:09,480 [pool-47-thread-1] INFO  server.RaftServerConfigKeys (ConfUtils.java:logGet(43)) - raft.server.snapshot.retention.num.files = -1 (default)
2019-09-11 12:45:09,480 [pool-27-thread-1] INFO  server.RaftServerConfigKeys (ConfUtils.java:logGet(43)) - raft.server.snapshot.auto.trigger.enabled = true (custom)
2019-09-11 12:45:09,480 [pool-47-thread-1] INFO  server.RaftServerConfigKeys (ConfUtils.java:logGet(43)) - raft.server.retrycache.expirytime = 600000ms (custom)
2019-09-11 12:45:09,480 [pool-27-thread-1] INFO  server.RaftServerConfigKeys (ConfUtils.java:logGet(43)) - raft.server.snapshot.auto.trigger.threshold = 10000 (custom)
2019-09-11 12:45:09,480 [pool-27-thread-1] INFO  server.RaftServerConfigKeys (ConfUtils.java:logGet(43)) - raft.server.snapshot.retention.num.files = -1 (default)
2019-09-11 12:45:09,481 [pool-27-thread-1] INFO  server.RaftServerConfigKeys (ConfUtils.java:logGet(43)) - raft.server.retrycache.expirytime = 600000ms (custom)
2019-09-11 12:45:09,482 [pool-87-thread-1] INFO  impl.RaftServerImpl (RaftServerImpl.java:start(185)) - 8533a49c-a60c-4c36-849a-1b71101d719e@group-4D584596C0F1: start as a follower, conf=-1: [f90b1bbc-0325-4fdc-bdda-dbac376593c0:192.168.69.81:41760, d8e74394-a0bf-4ec3-a3ce-4740c71bd9b7:192.168.69.81:43465, 8533a49c-a60c-4c36-849a-1b71101d719e:192.168.69.81:40456], old=null
2019-09-11 12:45:09,482 [pool-87-thread-1] INFO  impl.RaftServerImpl (RaftServerImpl.java:setRole(174)) - 8533a49c-a60c-4c36-849a-1b71101d719e@group-4D584596C0F1: changes role from      null to FOLLOWER at term 0 for startAsFollower
2019-09-11 12:45:09,482 [pool-87-thread-1] INFO  impl.RoleInfo (RoleInfo.java:updateAndGet(143)) - 8533a49c-a60c-4c36-849a-1b71101d719e: start FollowerState
2019-09-11 12:45:09,483 [pool-87-thread-1] INFO  util.JmxRegister (JmxRegister.java:tryRegister(44)) - Successfully registered JMX Bean with object name Ratis:service=RaftServer,group=group-4D584596C0F1,id=8533a49c-a60c-4c36-849a-1b71101d719e
2019-09-11 12:45:09,483 [pool-47-thread-1] INFO  impl.RaftServerImpl (RaftServerImpl.java:start(185)) - f90b1bbc-0325-4fdc-bdda-dbac376593c0@group-4D584596C0F1: start as a follower, conf=-1: [f90b1bbc-0325-4fdc-bdda-dbac376593c0:192.168.69.81:41760, d8e74394-a0bf-4ec3-a3ce-4740c71bd9b7:192.168.69.81:43465, 8533a49c-a60c-4c36-849a-1b71101d719e:192.168.69.81:40456], old=null
2019-09-11 12:45:09,484 [pool-47-thread-1] INFO  impl.RaftServerImpl (RaftServerImpl.java:setRole(174)) - f90b1bbc-0325-4fdc-bdda-dbac376593c0@group-4D584596C0F1: changes role from      null to FOLLOWER at term 0 for startAsFollower
2019-09-11 12:45:09,484 [pool-47-thread-1] INFO  impl.RoleInfo (RoleInfo.java:updateAndGet(143)) - f90b1bbc-0325-4fdc-bdda-dbac376593c0: start FollowerState
2019-09-11 12:45:09,484 [pool-27-thread-1] INFO  impl.RaftServerImpl (RaftServerImpl.java:start(185)) - d8e74394-a0bf-4ec3-a3ce-4740c71bd9b7@group-4D584596C0F1: start as a follower, conf=-1: [f90b1bbc-0325-4fdc-bdda-dbac376593c0:192.168.69.81:41760, d8e74394-a0bf-4ec3-a3ce-4740c71bd9b7:192.168.69.81:43465, 8533a49c-a60c-4c36-849a-1b71101d719e:192.168.69.81:40456], old=null
2019-09-11 12:45:09,484 [pool-27-thread-1] INFO  impl.RaftServerImpl (RaftServerImpl.java:setRole(174)) - d8e74394-a0bf-4ec3-a3ce-4740c71bd9b7@group-4D584596C0F1: changes role from      null to FOLLOWER at term 0 for startAsFollower
2019-09-11 12:45:09,484 [pool-47-thread-1] INFO  util.JmxRegister (JmxRegister.java:tryRegister(44)) - Successfully registered JMX Bean with object name Ratis:service=RaftServer,group=group-4D584596C0F1,id=f90b1bbc-0325-4fdc-bdda-dbac376593c0
2019-09-11 12:45:09,484 [pool-27-thread-1] INFO  impl.RoleInfo (RoleInfo.java:updateAndGet(143)) - d8e74394-a0bf-4ec3-a3ce-4740c71bd9b7: start FollowerState
2019-09-11 12:45:09,485 [pool-27-thread-1] INFO  util.JmxRegister (JmxRegister.java:tryRegister(44)) - Successfully registered JMX Bean with object name Ratis:service=RaftServer,group=group-4D584596C0F1,id=d8e74394-a0bf-4ec3-a3ce-4740c71bd9b7
2019-09-11 12:45:09,487 [RatisPipelineUtilsThread] INFO  pipeline.PipelineStateManager (PipelineStateManager.java:addPipeline(56)) - Created pipeline Pipeline[ Id: 7e242f53-b753-4d43-8b92-4d584596c0f1, Nodes: d8e74394-a0bf-4ec3-a3ce-4740c71bd9b7{ip: 192.168.69.81, host: pr-hdds-2109-6lgm5-4208394744, networkLocation: /default-rack, certSerialId: null}f90b1bbc-0325-4fdc-bdda-dbac376593c0{ip: 192.168.69.81, host: pr-hdds-2109-6lgm5-4208394744, networkLocation: /default-rack, certSerialId: null}8533a49c-a60c-4c36-849a-1b71101d719e{ip: 192.168.69.81, host: pr-hdds-2109-6lgm5-4208394744, networkLocation: /default-rack, certSerialId: null}, Type:RATIS, Factor:THREE, State:OPEN]
2019-09-11 12:45:09,946 [grpc-default-executor-3] INFO  client.GrpcClientProtocolClient (GrpcClientProtocolClient.java:onNext(264)) - client-F2C6077FCB6C->f90b1bbc-0325-4fdc-bdda-dbac376593c0: receive RaftClientReply:client-F2C6077FCB6C->f90b1bbc-0325-4fdc-bdda-dbac376593c0@group-36481D5C2926, cid=44, FAILED org.apache.ratis.protocol.NotLeaderException: Server f90b1bbc-0325-4fdc-bdda-dbac376593c0@group-36481D5C2926 is not the leader d8e74394-a0bf-4ec3-a3ce-4740c71bd9b7:192.168.69.81:43465, logIndex=0, commits[f90b1bbc-0325-4fdc-bdda-dbac376593c0:c10, d8e74394-a0bf-4ec3-a3ce-4740c71bd9b7:c10, 8533a49c-a60c-4c36-849a-1b71101d719e:c10]
2019-09-11 12:45:10,903 [org.apache.ratis.server.impl.LogAppender$AppenderDaemon$$Lambda$485/1842952795@4d10b431] ERROR ratis.XceiverServerRatis (XceiverServerRatis.java:triggerPipelineClose(568)) - pipeline Action CLOSE  on pipeline PipelineID=5307b2a7-4d22-40e9-b771-36481d5c2926.Reason : d8e74394-a0bf-4ec3-a3ce-4740c71bd9b7 has not seen follower/s f90b1bbc-0325-4fdc-bdda-dbac376593c0 for 163107ms 8533a49c-a60c-4c36-849a-1b71101d719e for 163107ms
2019-09-11 12:45:10,903 [org.apache.ratis.server.impl.LogAppender$AppenderDaemon$$Lambda$485/1842952795@e4ab945] ERROR ratis.XceiverServerRatis (XceiverServerRatis.java:triggerPipelineClose(568)) - pipeline Action CLOSE  on pipeline PipelineID=5307b2a7-4d22-40e9-b771-36481d5c2926.Reason : d8e74394-a0bf-4ec3-a3ce-4740c71bd9b7 has not seen follower/s f90b1bbc-0325-4fdc-bdda-dbac376593c0 for 163107ms 8533a49c-a60c-4c36-849a-1b71101d719e for 163107ms
2019-09-11 12:45:11,402 [java.util.concurrent.ThreadPoolExecutor$Worker@4e4300e[State = -1, empty queue]] WARN  server.GrpcLogAppender (GrpcLogAppender.java:timeoutAppendRequest(200)) - d8e74394-a0bf-4ec3-a3ce-4740c71bd9b7@group-36481D5C2926->f90b1bbc-0325-4fdc-bdda-dbac376593c0-GrpcLogAppender: appendEntries Timeout, request=d8e74394-a0bf-4ec3-a3ce-4740c71bd9b7->f90b1bbc-0325-4fdc-bdda-dbac376593c0#156-t3, previous=(t:3, i:17), leaderCommit=10, initializing? false, entries: <empty>
2019-09-11 12:45:11,402 [java.util.concurrent.ThreadPoolExecutor$Worker@734c62d3[State = -1, empty queue]] WARN  server.GrpcLogAppender (GrpcLogAppender.java:timeoutAppendRequest(200)) - d8e74394-a0bf-4ec3-a3ce-4740c71bd9b7@group-36481D5C2926->8533a49c-a60c-4c36-849a-1b71101d719e-GrpcLogAppender: appendEntries Timeout, request=d8e74394-a0bf-4ec3-a3ce-4740c71bd9b7->8533a49c-a60c-4c36-849a-1b71101d719e#156-t3, previous=(t:3, i:17), leaderCommit=10, initializing? false, entries: <empty>
2019-09-11 12:45:11,890 [EventQueue-PipelineActionsForPipelineActionHandler] ERROR pipeline.PipelineActionHandler (PipelineActionHandler.java:onMessage(60)) - Received pipeline action CLOSE for Pipeline[ Id: 5307b2a7-4d22-40e9-b771-36481d5c2926, Nodes: d8e74394-a0bf-4ec3-a3ce-4740c71bd9b7{ip: 192.168.69.81, host: pr-hdds-2109-6lgm5-4208394744, networkLocation: /default-rack, certSerialId: null}f90b1bbc-0325-4fdc-bdda-dbac376593c0{ip: 192.168.69.81, host: pr-hdds-2109-6lgm5-4208394744, networkLocation: /default-rack, certSerialId: null}8533a49c-a60c-4c36-849a-1b71101d719e{ip: 192.168.69.81, host: pr-hdds-2109-6lgm5-4208394744, networkLocation: /default-rack, certSerialId: null}, Type:RATIS, Factor:THREE, State:CLOSED] from datanode d8e74394-a0bf-4ec3-a3ce-4740c71bd9b7{ip: 192.168.69.81, host: pr-hdds-2109-6lgm5-4208394744, networkLocation: /default-rack, certSerialId: null}. Reason : d8e74394-a0bf-4ec3-a3ce-4740c71bd9b7 has not seen follower/s f90b1bbc-0325-4fdc-bdda-dbac376593c0 for 163107ms 8533a49c-a60c-4c36-849a-1b71101d719e for 163107ms
2019-09-11 12:45:11,890 [EventQueue-PipelineActionsForPipelineActionHandler] INFO  pipeline.SCMPipelineManager (SCMPipelineManager.java:finalizeAndDestroyPipeline(311)) - destroying pipeline:Pipeline[ Id: 5307b2a7-4d22-40e9-b771-36481d5c2926, Nodes: d8e74394-a0bf-4ec3-a3ce-4740c71bd9b7{ip: 192.168.69.81, host: pr-hdds-2109-6lgm5-4208394744, networkLocation: /default-rack, certSerialId: null}f90b1bbc-0325-4fdc-bdda-dbac376593c0{ip: 192.168.69.81, host: pr-hdds-2109-6lgm5-4208394744, networkLocation: /default-rack, certSerialId: null}8533a49c-a60c-4c36-849a-1b71101d719e{ip: 192.168.69.81, host: pr-hdds-2109-6lgm5-4208394744, networkLocation: /default-rack, certSerialId: null}, Type:RATIS, Factor:THREE, State:CLOSED]
2019-09-11 12:45:13,406 [org.apache.ratis.server.impl.LogAppender$AppenderDaemon$$Lambda$485/1842952795@e4ab945] ERROR ratis.XceiverServerRatis (XceiverServerRatis.java:triggerPipelineClose(568)) - pipeline Action CLOSE  on pipeline PipelineID=5307b2a7-4d22-40e9-b771-36481d5c2926.Reason : d8e74394-a0bf-4ec3-a3ce-4740c71bd9b7 has not seen follower/s f90b1bbc-0325-4fdc-bdda-dbac376593c0 for 165609ms 8533a49c-a60c-4c36-849a-1b71101d719e for 165610ms
2019-09-11 12:45:13,406 [org.apache.ratis.server.impl.LogAppender$AppenderDaemon$$Lambda$485/1842952795@4d10b431] ERROR ratis.XceiverServerRatis (XceiverServerRatis.java:triggerPipelineClose(568)) - pipeline Action CLOSE  on pipeline PipelineID=5307b2a7-4d22-40e9-b771-36481d5c2926.Reason : d8e74394-a0bf-4ec3-a3ce-4740c71bd9b7 has not seen follower/s f90b1bbc-0325-4fdc-bdda-dbac376593c0 for 165609ms 8533a49c-a60c-4c36-849a-1b71101d719e for 165610ms
2019-09-11 12:45:13,889 [EventQueue-PipelineActionsForPipelineActionHandler] ERROR pipeline.PipelineActionHandler (PipelineActionHandler.java:onMessage(60)) - Received pipeline action CLOSE for Pipeline[ Id: 5307b2a7-4d22-40e9-b771-36481d5c2926, Nodes: d8e74394-a0bf-4ec3-a3ce-4740c71bd9b7{ip: 192.168.69.81, host: pr-hdds-2109-6lgm5-4208394744, networkLocation: /default-rack, certSerialId: null}f90b1bbc-0325-4fdc-bdda-dbac376593c0{ip: 192.168.69.81, host: pr-hdds-2109-6lgm5-4208394744, networkLocation: /default-rack, certSerialId: null}8533a49c-a60c-4c36-849a-1b71101d719e{ip: 192.168.69.81, host: pr-hdds-2109-6lgm5-4208394744, networkLocation: /default-rack, certSerialId: null}, Type:RATIS, Factor:THREE, State:CLOSED] from datanode d8e74394-a0bf-4ec3-a3ce-4740c71bd9b7{ip: 192.168.69.81, host: pr-hdds-2109-6lgm5-4208394744, networkLocation: /default-rack, certSerialId: null}. Reason : d8e74394-a0bf-4ec3-a3ce-4740c71bd9b7 has not seen follower/s f90b1bbc-0325-4fdc-bdda-dbac376593c0 for 165609ms 8533a49c-a60c-4c36-849a-1b71101d719e for 165610ms
2019-09-11 12:45:13,890 [EventQueue-PipelineActionsForPipelineActionHandler] INFO  pipeline.SCMPipelineManager (SCMPipelineManager.java:finalizeAndDestroyPipeline(311)) - destroying pipeline:Pipeline[ Id: 5307b2a7-4d22-40e9-b771-36481d5c2926, Nodes: d8e74394-a0bf-4ec3-a3ce-4740c71bd9b7{ip: 192.168.69.81, host: pr-hdds-2109-6lgm5-4208394744, networkLocation: /default-rack, certSerialId: null}f90b1bbc-0325-4fdc-bdda-dbac376593c0{ip: 192.168.69.81, host: pr-hdds-2109-6lgm5-4208394744, networkLocation: /default-rack, certSerialId: null}8533a49c-a60c-4c36-849a-1b71101d719e{ip: 192.168.69.81, host: pr-hdds-2109-6lgm5-4208394744, networkLocation: /default-rack, certSerialId: null}, Type:RATIS, Factor:THREE, State:CLOSED]
2019-09-11 12:45:13,903 [java.util.concurrent.ThreadPoolExecutor$Worker@4e4300e[State = -1, empty queue]] WARN  server.GrpcLogAppender (GrpcLogAppender.java:timeoutAppendRequest(200)) - d8e74394-a0bf-4ec3-a3ce-4740c71bd9b7@group-36481D5C2926->f90b1bbc-0325-4fdc-bdda-dbac376593c0-GrpcLogAppender: appendEntries Timeout, request=d8e74394-a0bf-4ec3-a3ce-4740c71bd9b7->f90b1bbc-0325-4fdc-bdda-dbac376593c0#157-t3, previous=(t:3, i:17), leaderCommit=10, initializing? false, entries: <empty>
2019-09-11 12:45:13,903 [java.util.concurrent.ThreadPoolExecutor$Worker@734c62d3[State = -1, empty queue]] WARN  server.GrpcLogAppender (GrpcLogAppender.java:timeoutAppendRequest(200)) - d8e74394-a0bf-4ec3-a3ce-4740c71bd9b7@group-36481D5C2926->8533a49c-a60c-4c36-849a-1b71101d719e-GrpcLogAppender: appendEntries Timeout, request=d8e74394-a0bf-4ec3-a3ce-4740c71bd9b7->8533a49c-a60c-4c36-849a-1b71101d719e#157-t3, previous=(t:3, i:17), leaderCommit=10, initializing? false, entries: <empty>
2019-09-11 12:45:14,594 [Thread-1356] INFO  impl.FollowerState (FollowerState.java:run(106)) - 8533a49c-a60c-4c36-849a-1b71101d719e:group-4D584596C0F1 changes to CANDIDATE, lastRpcTime:5111, electionTimeout:5111ms
2019-09-11 12:45:14,595 [Thread-1356] INFO  impl.RoleInfo (RoleInfo.java:shutdownFollowerState(121)) - 8533a49c-a60c-4c36-849a-1b71101d719e: shutdown FollowerState
2019-09-11 12:45:14,595 [Thread-1356] INFO  impl.RaftServerImpl (RaftServerImpl.java:setRole(174)) - 8533a49c-a60c-4c36-849a-1b71101d719e@group-4D584596C0F1: changes role from  FOLLOWER to CANDIDATE at term 0 for changeToCandidate
2019-09-11 12:45:14,595 [Thread-1356] INFO  impl.RoleInfo (RoleInfo.java:updateAndGet(143)) - 8533a49c-a60c-4c36-849a-1b71101d719e: start LeaderElection
2019-09-11 12:45:14,624 [8533a49c-a60c-4c36-849a-1b71101d719e@group-4D584596C0F1:LeaderElection13] INFO  impl.LeaderElection (LeaderElection.java:askForVotes(182)) - 8533a49c-a60c-4c36-849a-1b71101d719e@group-4D584596C0F1:LeaderElection13: begin an election at term 1 for -1: [f90b1bbc-0325-4fdc-bdda-dbac376593c0:192.168.69.81:41760, d8e74394-a0bf-4ec3-a3ce-4740c71bd9b7:192.168.69.81:43465, 8533a49c-a60c-4c36-849a-1b71101d719e:192.168.69.81:40456], old=null
2019-09-11 12:45:14,633 [grpc-default-executor-3] INFO  impl.RaftServerImpl (RaftServerImpl.java:setRole(174)) - f90b1bbc-0325-4fdc-bdda-dbac376593c0@group-4D584596C0F1: changes role from  FOLLOWER to FOLLOWER at term 1 for recognizeCandidate:8533a49c-a60c-4c36-849a-1b71101d719e
2019-09-11 12:45:14,636 [grpc-default-executor-0] INFO  impl.RaftServerImpl (RaftServerImpl.java:setRole(174)) - d8e74394-a0bf-4ec3-a3ce-4740c71bd9b7@group-4D584596C0F1: changes role from  FOLLOWER to FOLLOWER at term 1 for recognizeCandidate:8533a49c-a60c-4c36-849a-1b71101d719e
2019-09-11 12:45:14,636 [grpc-default-executor-3] INFO  impl.RoleInfo (RoleInfo.java:shutdownFollowerState(121)) - f90b1bbc-0325-4fdc-bdda-dbac376593c0: shutdown FollowerState
2019-09-11 12:45:14,636 [grpc-default-executor-0] INFO  impl.RoleInfo (RoleInfo.java:shutdownFollowerState(121)) - d8e74394-a0bf-4ec3-a3ce-4740c71bd9b7: shutdown FollowerState
2019-09-11 12:45:14,636 [grpc-default-executor-3] INFO  impl.RoleInfo (RoleInfo.java:updateAndGet(143)) - f90b1bbc-0325-4fdc-bdda-dbac376593c0: start FollowerState
2019-09-11 12:45:14,636 [Thread-1358] INFO  impl.FollowerState (FollowerState.java:run(115)) - f90b1bbc-0325-4fdc-bdda-dbac376593c0: FollowerState was interrupted: java.lang.InterruptedException: sleep interrupted
2019-09-11 12:45:14,636 [Thread-1359] INFO  impl.FollowerState (FollowerState.java:run(115)) - d8e74394-a0bf-4ec3-a3ce-4740c71bd9b7: FollowerState was interrupted: java.lang.InterruptedException: sleep interrupted
2019-09-11 12:45:14,636 [grpc-default-executor-0] INFO  impl.RoleInfo (RoleInfo.java:updateAndGet(143)) - d8e74394-a0bf-4ec3-a3ce-4740c71bd9b7: start FollowerState
2019-09-11 12:45:14,662 [8533a49c-a60c-4c36-849a-1b71101d719e@group-4D584596C0F1:LeaderElection13] INFO  impl.LeaderElection (LeaderElection.java:logAndReturn(56)) - 8533a49c-a60c-4c36-849a-1b71101d719e@group-4D584596C0F1:LeaderElection13: Election PASSED; received 1 response(s) [8533a49c-a60c-4c36-849a-1b71101d719e<-f90b1bbc-0325-4fdc-bdda-dbac376593c0#0:OK-t1] and 0 exception(s); 8533a49c-a60c-4c36-849a-1b71101d719e@group-4D584596C0F1:t1, leader=null, voted=8533a49c-a60c-4c36-849a-1b71101d719e, raftlog=8533a49c-a60c-4c36-849a-1b71101d719e@group-4D584596C0F1-SegmentedRaftLog:OPENED:c-1,f-1,i0, conf=-1: [f90b1bbc-0325-4fdc-bdda-dbac376593c0:192.168.69.81:41760, d8e74394-a0bf-4ec3-a3ce-4740c71bd9b7:192.168.69.81:43465, 8533a49c-a60c-4c36-849a-1b71101d719e:192.168.69.81:40456], old=null
2019-09-11 12:45:14,663 [8533a49c-a60c-4c36-849a-1b71101d719e@group-4D584596C0F1:LeaderElection13] INFO  impl.RoleInfo (RoleInfo.java:shutdownLeaderElection(134)) - 8533a49c-a60c-4c36-849a-1b71101d719e: shutdown LeaderElection
2019-09-11 12:45:14,665 [8533a49c-a60c-4c36-849a-1b71101d719e@group-4D584596C0F1:LeaderElection13] INFO  impl.RaftServerImpl (RaftServerImpl.java:setRole(174)) - 8533a49c-a60c-4c36-849a-1b71101d719e@group-4D584596C0F1: changes role from CANDIDATE to LEADER at term 1 for changeToLeader
2019-09-11 12:45:14,665 [8533a49c-a60c-4c36-849a-1b71101d719e@group-4D584596C0F1:LeaderElection13] INFO  impl.RaftServerImpl (ServerState.java:setLeader(253)) - 8533a49c-a60c-4c36-849a-1b71101d719e@group-4D584596C0F1: change Leader from null to 8533a49c-a60c-4c36-849a-1b71101d719e at term 1 for becomeLeader, leader elected after 5194ms
2019-09-11 12:45:14,665 [8533a49c-a60c-4c36-849a-1b71101d719e@group-4D584596C0F1:LeaderElection13] INFO  server.RaftServerConfigKeys (ConfUtils.java:logGet(43)) - raft.server.staging.catchup.gap = 1000 (default)
2019-09-11 12:45:14,665 [8533a49c-a60c-4c36-849a-1b71101d719e@group-4D584596C0F1:LeaderElection13] INFO  server.RaftServerConfigKeys (ConfUtils.java:logGet(43)) - raft.server.rpc.sleep.time = 25ms (default)
2019-09-11 12:45:14,665 [8533a49c-a60c-4c36-849a-1b71101d719e@group-4D584596C0F1:LeaderElection13] INFO  server.RaftServerConfigKeys (ConfUtils.java:logGet(43)) - raft.server.write.element-limit = 4096 (default)
2019-09-11 12:45:14,666 [8533a49c-a60c-4c36-849a-1b71101d719e@group-4D584596C0F1:LeaderElection13] INFO  server.RaftServerConfigKeys (ConfUtils.java:logGet(43)) - raft.server.watch.timeout = 10s (default)
2019-09-11 12:45:14,666 [8533a49c-a60c-4c36-849a-1b71101d719e@group-4D584596C0F1:LeaderElection13] INFO  server.RaftServerConfigKeys (ConfUtils.java:logGet(43)) - raft.server.watch.timeout.denomination = 1s (default)
2019-09-11 12:45:14,666 [8533a49c-a60c-4c36-849a-1b71101d719e@group-4D584596C0F1:LeaderElection13] INFO  server.RaftServerConfigKeys (ConfUtils.java:logGet(43)) - raft.server.watch.element-limit = 65536 (default)
2019-09-11 12:45:14,669 [8533a49c-a60c-4c36-849a-1b71101d719e@group-4D584596C0F1:LeaderElection13] INFO  server.RaftServerConfigKeys (ConfUtils.java:logGet(43)) - raft.server.log.appender.snapshot.chunk.size.max = 16MB (=16777216) (default)
2019-09-11 12:45:14,669 [8533a49c-a60c-4c36-849a-1b71101d719e@group-4D584596C0F1:LeaderElection13] INFO  server.RaftServerConfigKeys (ConfUtils.java:logGet(43)) - raft.server.log.appender.buffer.byte-limit = 33554432 (custom)
2019-09-11 12:45:14,669 [8533a49c-a60c-4c36-849a-1b71101d719e@group-4D584596C0F1:LeaderElection13] INFO  server.RaftServerConfigKeys (ConfUtils.java:logGet(43)) - raft.server.log.appender.buffer.element-limit = 1 (custom)
2019-09-11 12:45:14,670 [8533a49c-a60c-4c36-849a-1b71101d719e@group-4D584596C0F1:LeaderElection13] INFO  grpc.GrpcConfigKeys$Server (ConfUtils.java:logGet(43)) - raft.grpc.server.leader.outstanding.appends.max = 128 (default)
2019-09-11 12:45:14,670 [8533a49c-a60c-4c36-849a-1b71101d719e@group-4D584596C0F1:LeaderElection13] INFO  server.RaftServerConfigKeys (ConfUtils.java:logGet(43)) - raft.server.rpc.request.timeout = 3000ms (default)
2019-09-11 12:45:14,670 [8533a49c-a60c-4c36-849a-1b71101d719e@group-4D584596C0F1:LeaderElection13] INFO  server.RaftServerConfigKeys (ConfUtils.java:logGet(43)) - raft.server.log.appender.install.snapshot.enabled = false (custom)
2019-09-11 12:45:14,670 [8533a49c-a60c-4c36-849a-1b71101d719e@group-4D584596C0F1:LeaderElection13] INFO  server.RaftServerConfigKeys (ConfUtils.java:logGet(43)) - raft.server.log.appender.snapshot.chunk.size.max = 16MB (=16777216) (default)
2019-09-11 12:45:14,670 [8533a49c-a60c-4c36-849a-1b71101d719e@group-4D584596C0F1:LeaderElection13] INFO  server.RaftServerConfigKeys (ConfUtils.java:logGet(43)) - raft.server.log.appender.buffer.byte-limit = 33554432 (custom)
2019-09-11 12:45:14,670 [8533a49c-a60c-4c36-849a-1b71101d719e@group-4D584596C0F1:LeaderElection13] INFO  server.RaftServerConfigKeys (ConfUtils.java:logGet(43)) - raft.server.log.appender.buffer.element-limit = 1 (custom)
2019-09-11 12:45:14,671 [8533a49c-a60c-4c36-849a-1b71101d719e@group-4D584596C0F1:LeaderElection13] INFO  grpc.GrpcConfigKeys$Server (ConfUtils.java:logGet(43)) - raft.grpc.server.leader.outstanding.appends.max = 128 (default)
2019-09-11 12:45:14,671 [8533a49c-a60c-4c36-849a-1b71101d719e@group-4D584596C0F1:LeaderElection13] INFO  server.RaftServerConfigKeys (ConfUtils.java:logGet(43)) - raft.server.rpc.request.timeout = 3000ms (default)
2019-09-11 12:45:14,671 [8533a49c-a60c-4c36-849a-1b71101d719e@group-4D584596C0F1:LeaderElection13] INFO  server.RaftServerConfigKeys (ConfUtils.java:logGet(43)) - raft.server.log.appender.install.snapshot.enabled = false (custom)
2019-09-11 12:45:14,671 [8533a49c-a60c-4c36-849a-1b71101d719e@group-4D584596C0F1:LeaderElection13] INFO  impl.RoleInfo (RoleInfo.java:updateAndGet(143)) - 8533a49c-a60c-4c36-849a-1b71101d719e: start LeaderState
2019-09-11 12:45:14,671 [8533a49c-a60c-4c36-849a-1b71101d719e@group-4D584596C0F1:LeaderElection13] INFO  segmented.SegmentedRaftLogWorker (SegmentedRaftLogWorker.java:startLogSegment(380)) - 8533a49c-a60c-4c36-849a-1b71101d719e@group-4D584596C0F1-SegmentedRaftLogWorker: Starting segment from index:0
2019-09-11 12:45:14,672 [8533a49c-a60c-4c36-849a-1b71101d719e@group-4D584596C0F1:LeaderElection13] INFO  impl.RaftServerImpl (ServerState.java:setRaftConf(354)) - 8533a49c-a60c-4c36-849a-1b71101d719e@group-4D584596C0F1: set configuration 0: [f90b1bbc-0325-4fdc-bdda-dbac376593c0:192.168.69.81:41760, d8e74394-a0bf-4ec3-a3ce-4740c71bd9b7:192.168.69.81:43465, 8533a49c-a60c-4c36-849a-1b71101d719e:192.168.69.81:40456], old=null at 0
2019-09-11 12:45:14,700 [grpc-default-executor-0] INFO  impl.RaftServerImpl (ServerState.java:setLeader(253)) - f90b1bbc-0325-4fdc-bdda-dbac376593c0@group-4D584596C0F1: change Leader from null to 8533a49c-a60c-4c36-849a-1b71101d719e at term 1 for appendEntries, leader elected after 5230ms
2019-09-11 12:45:14,703 [grpc-default-executor-3] INFO  impl.RaftServerImpl (ServerState.java:setLeader(253)) - d8e74394-a0bf-4ec3-a3ce-4740c71bd9b7@group-4D584596C0F1: change Leader from null to 8533a49c-a60c-4c36-849a-1b71101d719e at term 1 for appendEntries, leader elected after 5232ms
2019-09-11 12:45:14,705 [grpc-default-executor-0] INFO  impl.RaftServerImpl (ServerState.java:setRaftConf(354)) - f90b1bbc-0325-4fdc-bdda-dbac376593c0@group-4D584596C0F1: set configuration 0: [f90b1bbc-0325-4fdc-bdda-dbac376593c0:192.168.69.81:41760, d8e74394-a0bf-4ec3-a3ce-4740c71bd9b7:192.168.69.81:43465, 8533a49c-a60c-4c36-849a-1b71101d719e:192.168.69.81:40456], old=null at 0
2019-09-11 12:45:14,705 [grpc-default-executor-3] INFO  impl.RaftServerImpl (ServerState.java:setRaftConf(354)) - d8e74394-a0bf-4ec3-a3ce-4740c71bd9b7@group-4D584596C0F1: set configuration 0: [f90b1bbc-0325-4fdc-bdda-dbac376593c0:192.168.69.81:41760, d8e74394-a0bf-4ec3-a3ce-4740c71bd9b7:192.168.69.81:43465, 8533a49c-a60c-4c36-849a-1b71101d719e:192.168.69.81:40456], old=null at 0
2019-09-11 12:45:14,706 [grpc-default-executor-0] INFO  segmented.SegmentedRaftLogWorker (SegmentedRaftLogWorker.java:startLogSegment(380)) - f90b1bbc-0325-4fdc-bdda-dbac376593c0@group-4D584596C0F1-SegmentedRaftLogWorker: Starting segment from index:0
2019-09-11 12:45:14,706 [grpc-default-executor-3] INFO  segmented.SegmentedRaftLogWorker (SegmentedRaftLogWorker.java:startLogSegment(380)) - d8e74394-a0bf-4ec3-a3ce-4740c71bd9b7@group-4D584596C0F1-SegmentedRaftLogWorker: Starting segment from index:0
2019-09-11 12:45:14,728 [8533a49c-a60c-4c36-849a-1b71101d719e@group-4D584596C0F1-SegmentedRaftLogWorker] INFO  segmented.SegmentedRaftLogWorker (SegmentedRaftLogWorker.java:execute(569)) - 8533a49c-a60c-4c36-849a-1b71101d719e@group-4D584596C0F1-SegmentedRaftLogWorker: created new log segment /workdir/hadoop-ozone/integration-test/target/test-dir/MiniOzoneClusterImpl-72df8dd9-2b9a-4ea0-aef5-73ebd66773c1/datanode-6/data/ratis/7e242f53-b753-4d43-8b92-4d584596c0f1/current/log_inprogress_0
2019-09-11 12:45:14,745 [f90b1bbc-0325-4fdc-bdda-dbac376593c0@group-4D584596C0F1-SegmentedRaftLogWorker] INFO  segmented.SegmentedRaftLogWorker (SegmentedRaftLogWorker.java:execute(569)) - f90b1bbc-0325-4fdc-bdda-dbac376593c0@group-4D584596C0F1-SegmentedRaftLogWorker: created new log segment /workdir/hadoop-ozone/integration-test/target/test-dir/MiniOzoneClusterImpl-72df8dd9-2b9a-4ea0-aef5-73ebd66773c1/datanode-2/data/ratis/7e242f53-b753-4d43-8b92-4d584596c0f1/current/log_inprogress_0
2019-09-11 12:45:14,745 [d8e74394-a0bf-4ec3-a3ce-4740c71bd9b7@group-4D584596C0F1-SegmentedRaftLogWorker] INFO  segmented.SegmentedRaftLogWorker (SegmentedRaftLogWorker.java:execute(569)) - d8e74394-a0bf-4ec3-a3ce-4740c71bd9b7@group-4D584596C0F1-SegmentedRaftLogWorker: created new log segment /workdir/hadoop-ozone/integration-test/target/test-dir/MiniOzoneClusterImpl-72df8dd9-2b9a-4ea0-aef5-73ebd66773c1/datanode-0/data/ratis/7e242f53-b753-4d43-8b92-4d584596c0f1/current/log_inprogress_0
2019-09-11 12:45:14,980 [grpc-default-executor-3] INFO  client.GrpcClientProtocolClient (GrpcClientProtocolClient.java:onNext(264)) - client-F2C6077FCB6C->8533a49c-a60c-4c36-849a-1b71101d719e: receive RaftClientReply:client-F2C6077FCB6C->8533a49c-a60c-4c36-849a-1b71101d719e@group-36481D5C2926, cid=44, FAILED org.apache.ratis.protocol.NotLeaderException: Server 8533a49c-a60c-4c36-849a-1b71101d719e@group-36481D5C2926 is not the leader d8e74394-a0bf-4ec3-a3ce-4740c71bd9b7:192.168.69.81:43465, logIndex=0, commits[8533a49c-a60c-4c36-849a-1b71101d719e:c10, f90b1bbc-0325-4fdc-bdda-dbac376593c0:c10, d8e74394-a0bf-4ec3-a3ce-4740c71bd9b7:c10]
2019-09-11 12:45:15,906 [org.apache.ratis.server.impl.LogAppender$AppenderDaemon$$Lambda$485/1842952795@4d10b431] ERROR ratis.XceiverServerRatis (XceiverServerRatis.java:triggerPipelineClose(568)) - pipeline Action CLOSE  on pipeline PipelineID=5307b2a7-4d22-40e9-b771-36481d5c2926.Reason : d8e74394-a0bf-4ec3-a3ce-4740c71bd9b7 has not seen follower/s f90b1bbc-0325-4fdc-bdda-dbac376593c0 for 168110ms 8533a49c-a60c-4c36-849a-1b71101d719e for 168110ms
2019-09-11 12:45:15,907 [org.apache.ratis.server.impl.LogAppender$AppenderDaemon$$Lambda$485/1842952795@e4ab945] ERROR ratis.XceiverServerRatis (XceiverServerRatis.java:triggerPipelineClose(568)) - pipeline Action CLOSE  on pipeline PipelineID=5307b2a7-4d22-40e9-b771-36481d5c2926.Reason : d8e74394-a0bf-4ec3-a3ce-4740c71bd9b7 has not seen follower/s f90b1bbc-0325-4fdc-bdda-dbac376593c0 for 168110ms 8533a49c-a60c-4c36-849a-1b71101d719e for 168111ms
2019-09-11 12:45:16,406 [java.util.concurrent.ThreadPoolExecutor$Worker@4e4300e[State = -1, empty queue]] WARN  server.GrpcLogAppender (GrpcLogAppender.java:timeoutAppendRequest(200)) - d8e74394-a0bf-4ec3-a3ce-4740c71bd9b7@group-36481D5C2926->f90b1bbc-0325-4fdc-bdda-dbac376593c0-GrpcLogAppender: appendEntries Timeout, request=d8e74394-a0bf-4ec3-a3ce-4740c71bd9b7->f90b1bbc-0325-4fdc-bdda-dbac376593c0#158-t3, previous=(t:3, i:17), leaderCommit=10, initializing? false, entries: <empty>
2019-09-11 12:45:16,406 [java.util.concurrent.ThreadPoolExecutor$Worker@734c62d3[State = -1, empty queue]] WARN  server.GrpcLogAppender (GrpcLogAppender.java:timeoutAppendRequest(200)) - d8e74394-a0bf-4ec3-a3ce-4740c71bd9b7@group-36481D5C2926->8533a49c-a60c-4c36-849a-1b71101d719e-GrpcLogAppender: appendEntries Timeout, request=d8e74394-a0bf-4ec3-a3ce-4740c71bd9b7->8533a49c-a60c-4c36-849a-1b71101d719e#158-t3, previous=(t:3, i:17), leaderCommit=10, initializing? false, entries: <empty>
2019-09-11 12:45:16,890 [EventQueue-PipelineActionsForPipelineActionHandler] ERROR pipeline.PipelineActionHandler (PipelineActionHandler.java:onMessage(60)) - Received pipeline action CLOSE for Pipeline[ Id: 5307b2a7-4d22-40e9-b771-36481d5c2926, Nodes: d8e74394-a0bf-4ec3-a3ce-4740c71bd9b7{ip: 192.168.69.81, host: pr-hdds-2109-6lgm5-4208394744, networkLocation: /default-rack, certSerialId: null}f90b1bbc-0325-4fdc-bdda-dbac376593c0{ip: 192.168.69.81, host: pr-hdds-2109-6lgm5-4208394744, networkLocation: /default-rack, certSerialId: null}8533a49c-a60c-4c36-849a-1b71101d719e{ip: 192.168.69.81, host: pr-hdds-2109-6lgm5-4208394744, networkLocation: /default-rack, certSerialId: null}, Type:RATIS, Factor:THREE, State:CLOSED] from datanode d8e74394-a0bf-4ec3-a3ce-4740c71bd9b7{ip: 192.168.69.81, host: pr-hdds-2109-6lgm5-4208394744, networkLocation: /default-rack, certSerialId: null}. Reason : d8e74394-a0bf-4ec3-a3ce-4740c71bd9b7 has not seen follower/s f90b1bbc-0325-4fdc-bdda-dbac376593c0 for 168110ms 8533a49c-a60c-4c36-849a-1b71101d719e for 168110ms
2019-09-11 12:45:16,890 [EventQueue-PipelineActionsForPipelineActionHandler] INFO  pipeline.SCMPipelineManager (SCMPipelineManager.java:finalizeAndDestroyPipeline(311)) - destroying pipeline:Pipeline[ Id: 5307b2a7-4d22-40e9-b771-36481d5c2926, Nodes: d8e74394-a0bf-4ec3-a3ce-4740c71bd9b7{ip: 192.168.69.81, host: pr-hdds-2109-6lgm5-4208394744, networkLocation: /default-rack, certSerialId: null}f90b1bbc-0325-4fdc-bdda-dbac376593c0{ip: 192.168.69.81, host: pr-hdds-2109-6lgm5-4208394744, networkLocation: /default-rack, certSerialId: null}8533a49c-a60c-4c36-849a-1b71101d719e{ip: 192.168.69.81, host: pr-hdds-2109-6lgm5-4208394744, networkLocation: /default-rack, certSerialId: null}, Type:RATIS, Factor:THREE, State:CLOSED]
2019-09-11 12:45:18,408 [org.apache.ratis.server.impl.LogAppender$AppenderDaemon$$Lambda$485/1842952795@e4ab945] ERROR ratis.XceiverServerRatis (XceiverServerRatis.java:triggerPipelineClose(568)) - pipeline Action CLOSE  on pipeline PipelineID=5307b2a7-4d22-40e9-b771-36481d5c2926.Reason : d8e74394-a0bf-4ec3-a3ce-4740c71bd9b7 has not seen follower/s f90b1bbc-0325-4fdc-bdda-dbac376593c0 for 170611ms 8533a49c-a60c-4c36-849a-1b71101d719e for 170612ms
2019-09-11 12:45:18,408 [org.apache.ratis.server.impl.LogAppender$AppenderDaemon$$Lambda$485/1842952795@4d10b431] ERROR ratis.XceiverServerRatis (XceiverServerRatis.java:triggerPipelineClose(568)) - pipeline Action CLOSE  on pipeline PipelineID=5307b2a7-4d22-40e9-b771-36481d5c2926.Reason : d8e74394-a0bf-4ec3-a3ce-4740c71bd9b7 has not seen follower/s f90b1bbc-0325-4fdc-bdda-dbac376593c0 for 170611ms 8533a49c-a60c-4c36-849a-1b71101d719e for 170612ms
2019-09-11 12:45:18,866 [8533a49c-a60c-4c36-849a-1b71101d719e@group-36481D5C2926-SegmentedRaftLogWorker] WARN  segmented.SegmentedRaftLogWorker (SegmentedRaftLogWorker.java:getFromFuture(90)) - Timeout 16/~
org.apache.ratis.protocol.TimeoutIOException: Timeout 10s: WriteLog:12: (t:3, i:12), STATEMACHINELOGENTRY, client-F2C6077FCB6C, cid=45-writeStateMachineData
	at org.apache.ratis.util.IOUtils.getFromFuture(IOUtils.java:87)
	at org.apache.ratis.server.raftlog.segmented.SegmentedRaftLogWorker$StateMachineDataPolicy.getFromFuture(SegmentedRaftLogWorker.java:87)
	at org.apache.ratis.server.raftlog.segmented.SegmentedRaftLogWorker$WriteLog.execute(SegmentedRaftLogWorker.java:477)
	at org.apache.ratis.server.raftlog.segmented.SegmentedRaftLogWorker.run(SegmentedRaftLogWorker.java:289)
	at java.lang.Thread.run(Thread.java:748)
Caused by: java.util.concurrent.TimeoutException
	at java.util.concurrent.CompletableFuture.timedGet(CompletableFuture.java:1771)
	at java.util.concurrent.CompletableFuture.get(CompletableFuture.java:1915)
	at org.apache.ratis.util.IOUtils.getFromFuture(IOUtils.java:79)
	... 4 more
2019-09-11 12:45:18,890 [EventQueue-PipelineActionsForPipelineActionHandler] ERROR pipeline.PipelineActionHandler (PipelineActionHandler.java:onMessage(60)) - Received pipeline action CLOSE for Pipeline[ Id: 5307b2a7-4d22-40e9-b771-36481d5c2926, Nodes: d8e74394-a0bf-4ec3-a3ce-4740c71bd9b7{ip: 192.168.69.81, host: pr-hdds-2109-6lgm5-4208394744, networkLocation: /default-rack, certSerialId: null}f90b1bbc-0325-4fdc-bdda-dbac376593c0{ip: 192.168.69.81, host: pr-hdds-2109-6lgm5-4208394744, networkLocation: /default-rack, certSerialId: null}8533a49c-a60c-4c36-849a-1b71101d719e{ip: 192.168.69.81, host: pr-hdds-2109-6lgm5-4208394744, networkLocation: /default-rack, certSerialId: null}, Type:RATIS, Factor:THREE, State:CLOSED] from datanode d8e74394-a0bf-4ec3-a3ce-4740c71bd9b7{ip: 192.168.69.81, host: pr-hdds-2109-6lgm5-4208394744, networkLocation: /default-rack, certSerialId: null}. Reason : d8e74394-a0bf-4ec3-a3ce-4740c71bd9b7 has not seen follower/s f90b1bbc-0325-4fdc-bdda-dbac376593c0 for 170611ms 8533a49c-a60c-4c36-849a-1b71101d719e for 170612ms
2019-09-11 12:45:18,890 [EventQueue-PipelineActionsForPipelineActionHandler] INFO  pipeline.SCMPipelineManager (SCMPipelineManager.java:finalizeAndDestroyPipeline(311)) - destroying pipeline:Pipeline[ Id: 5307b2a7-4d22-40e9-b771-36481d5c2926, Nodes: d8e74394-a0bf-4ec3-a3ce-4740c71bd9b7{ip: 192.168.69.81, host: pr-hdds-2109-6lgm5-4208394744, networkLocation: /default-rack, certSerialId: null}f90b1bbc-0325-4fdc-bdda-dbac376593c0{ip: 192.168.69.81, host: pr-hdds-2109-6lgm5-4208394744, networkLocation: /default-rack, certSerialId: null}8533a49c-a60c-4c36-849a-1b71101d719e{ip: 192.168.69.81, host: pr-hdds-2109-6lgm5-4208394744, networkLocation: /default-rack, certSerialId: null}, Type:RATIS, Factor:THREE, State:CLOSED]
2019-09-11 12:45:18,893 [f90b1bbc-0325-4fdc-bdda-dbac376593c0@group-36481D5C2926-SegmentedRaftLogWorker] WARN  segmented.SegmentedRaftLogWorker (SegmentedRaftLogWorker.java:getFromFuture(90)) - Timeout 16/~
org.apache.ratis.protocol.TimeoutIOException: Timeout 10s: WriteLog:12: (t:3, i:12), STATEMACHINELOGENTRY, client-F2C6077FCB6C, cid=45-writeStateMachineData
	at org.apache.ratis.util.IOUtils.getFromFuture(IOUtils.java:87)
	at org.apache.ratis.server.raftlog.segmented.SegmentedRaftLogWorker$StateMachineDataPolicy.getFromFuture(SegmentedRaftLogWorker.java:87)
	at org.apache.ratis.server.raftlog.segmented.SegmentedRaftLogWorker$WriteLog.execute(SegmentedRaftLogWorker.java:477)
	at org.apache.ratis.server.raftlog.segmented.SegmentedRaftLogWorker.run(SegmentedRaftLogWorker.java:289)
	at java.lang.Thread.run(Thread.java:748)
Caused by: java.util.concurrent.TimeoutException
	at java.util.concurrent.CompletableFuture.timedGet(CompletableFuture.java:1771)
	at java.util.concurrent.CompletableFuture.get(CompletableFuture.java:1915)
	at org.apache.ratis.util.IOUtils.getFromFuture(IOUtils.java:79)
	... 4 more
2019-09-11 12:45:18,893 [d8e74394-a0bf-4ec3-a3ce-4740c71bd9b7@group-36481D5C2926-SegmentedRaftLogWorker] WARN  segmented.SegmentedRaftLogWorker (SegmentedRaftLogWorker.java:getFromFuture(90)) - Timeout 16/~
org.apache.ratis.protocol.TimeoutIOException: Timeout 10s: WriteLog:12: (t:3, i:12), STATEMACHINELOGENTRY, client-F2C6077FCB6C, cid=45-writeStateMachineData
	at org.apache.ratis.util.IOUtils.getFromFuture(IOUtils.java:87)
	at org.apache.ratis.server.raftlog.segmented.SegmentedRaftLogWorker$StateMachineDataPolicy.getFromFuture(SegmentedRaftLogWorker.java:87)
	at org.apache.ratis.server.raftlog.segmented.SegmentedRaftLogWorker$WriteLog.execute(SegmentedRaftLogWorker.java:477)
	at org.apache.ratis.server.raftlog.segmented.SegmentedRaftLogWorker.run(SegmentedRaftLogWorker.java:289)
	at java.lang.Thread.run(Thread.java:748)
Caused by: java.util.concurrent.TimeoutException
	at java.util.concurrent.CompletableFuture.timedGet(CompletableFuture.java:1771)
	at java.util.concurrent.CompletableFuture.get(CompletableFuture.java:1915)
	at org.apache.ratis.util.IOUtils.getFromFuture(IOUtils.java:79)
	... 4 more
2019-09-11 12:45:18,906 [java.util.concurrent.ThreadPoolExecutor$Worker@734c62d3[State = -1, empty queue]] WARN  server.GrpcLogAppender (GrpcLogAppender.java:timeoutAppendRequest(200)) - d8e74394-a0bf-4ec3-a3ce-4740c71bd9b7@group-36481D5C2926->8533a49c-a60c-4c36-849a-1b71101d719e-GrpcLogAppender: appendEntries Timeout, request=d8e74394-a0bf-4ec3-a3ce-4740c71bd9b7->8533a49c-a60c-4c36-849a-1b71101d719e#159-t3, previous=(t:3, i:17), leaderCommit=10, initializing? false, entries: <empty>
2019-09-11 12:45:18,907 [java.util.concurrent.ThreadPoolExecutor$Worker@4e4300e[State = -1, empty queue]] WARN  server.GrpcLogAppender (GrpcLogAppender.java:timeoutAppendRequest(200)) - d8e74394-a0bf-4ec3-a3ce-4740c71bd9b7@group-36481D5C2926->f90b1bbc-0325-4fdc-bdda-dbac376593c0-GrpcLogAppender: appendEntries Timeout, request=d8e74394-a0bf-4ec3-a3ce-4740c71bd9b7->f90b1bbc-0325-4fdc-bdda-dbac376593c0#159-t3, previous=(t:3, i:17), leaderCommit=10, initializing? false, entries: <empty>
2019-09-11 12:45:20,034 [grpc-default-executor-0] INFO  client.GrpcClientProtocolClient (GrpcClientProtocolClient.java:onNext(264)) - client-F2C6077FCB6C->f90b1bbc-0325-4fdc-bdda-dbac376593c0: receive RaftClientReply:client-F2C6077FCB6C->f90b1bbc-0325-4fdc-bdda-dbac376593c0@group-36481D5C2926, cid=44, FAILED org.apache.ratis.protocol.NotLeaderException: Server f90b1bbc-0325-4fdc-bdda-dbac376593c0@group-36481D5C2926 is not the leader d8e74394-a0bf-4ec3-a3ce-4740c71bd9b7:192.168.69.81:43465, logIndex=0, commits[f90b1bbc-0325-4fdc-bdda-dbac376593c0:c10, d8e74394-a0bf-4ec3-a3ce-4740c71bd9b7:c10, 8533a49c-a60c-4c36-849a-1b71101d719e:c10]
2019-09-11 12:45:20,909 [org.apache.ratis.server.impl.LogAppender$AppenderDaemon$$Lambda$485/1842952795@e4ab945] ERROR ratis.XceiverServerRatis (XceiverServerRatis.java:triggerPipelineClose(568)) - pipeline Action CLOSE  on pipeline PipelineID=5307b2a7-4d22-40e9-b771-36481d5c2926.Reason : d8e74394-a0bf-4ec3-a3ce-4740c71bd9b7 has not seen follower/s f90b1bbc-0325-4fdc-bdda-dbac376593c0 for 173112ms 8533a49c-a60c-4c36-849a-1b71101d719e for 173113ms
2019-09-11 12:45:20,909 [org.apache.ratis.server.impl.LogAppender$AppenderDaemon$$Lambda$485/1842952795@4d10b431] ERROR ratis.XceiverServerRatis (XceiverServerRatis.java:triggerPipelineClose(568)) - pipeline Action CLOSE  on pipeline PipelineID=5307b2a7-4d22-40e9-b771-36481d5c2926.Reason : d8e74394-a0bf-4ec3-a3ce-4740c71bd9b7 has not seen follower/s f90b1bbc-0325-4fdc-bdda-dbac376593c0 for 173112ms 8533a49c-a60c-4c36-849a-1b71101d719e for 173113ms
2019-09-11 12:45:21,408 [java.util.concurrent.ThreadPoolExecutor$Worker@4e4300e[State = -1, empty queue]] WARN  server.GrpcLogAppender (GrpcLogAppender.java:timeoutAppendRequest(200)) - d8e74394-a0bf-4ec3-a3ce-4740c71bd9b7@group-36481D5C2926->f90b1bbc-0325-4fdc-bdda-dbac376593c0-GrpcLogAppender: appendEntries Timeout, request=d8e74394-a0bf-4ec3-a3ce-4740c71bd9b7->f90b1bbc-0325-4fdc-bdda-dbac376593c0#160-t3, previous=(t:3, i:17), leaderCommit=10, initializing? false, entries: <empty>
2019-09-11 12:45:21,408 [java.util.concurrent.ThreadPoolExecutor$Worker@734c62d3[State = -1, empty queue]] WARN  server.GrpcLogAppender (GrpcLogAppender.java:timeoutAppendRequest(200)) - d8e74394-a0bf-4ec3-a3ce-4740c71bd9b7@group-36481D5C2926->8533a49c-a60c-4c36-849a-1b71101d719e-GrpcLogAppender: appendEntries Timeout, request=d8e74394-a0bf-4ec3-a3ce-4740c71bd9b7->8533a49c-a60c-4c36-849a-1b71101d719e#160-t3, previous=(t:3, i:17), leaderCommit=10, initializing? false, entries: <empty>
2019-09-11 12:45:21,889 [EventQueue-PipelineActionsForPipelineActionHandler] ERROR pipeline.PipelineActionHandler (PipelineActionHandler.java:onMessage(60)) - Received pipeline action CLOSE for Pipeline[ Id: 5307b2a7-4d22-40e9-b771-36481d5c2926, Nodes: d8e74394-a0bf-4ec3-a3ce-4740c71bd9b7{ip: 192.168.69.81, host: pr-hdds-2109-6lgm5-4208394744, networkLocation: /default-rack, certSerialId: null}f90b1bbc-0325-4fdc-bdda-dbac376593c0{ip: 192.168.69.81, host: pr-hdds-2109-6lgm5-4208394744, networkLocation: /default-rack, certSerialId: null}8533a49c-a60c-4c36-849a-1b71101d719e{ip: 192.168.69.81, host: pr-hdds-2109-6lgm5-4208394744, networkLocation: /default-rack, certSerialId: null}, Type:RATIS, Factor:THREE, State:CLOSED] from datanode d8e74394-a0bf-4ec3-a3ce-4740c71bd9b7{ip: 192.168.69.81, host: pr-hdds-2109-6lgm5-4208394744, networkLocation: /default-rack, certSerialId: null}. Reason : d8e74394-a0bf-4ec3-a3ce-4740c71bd9b7 has not seen follower/s f90b1bbc-0325-4fdc-bdda-dbac376593c0 for 173112ms 8533a49c-a60c-4c36-849a-1b71101d719e for 173113ms
2019-09-11 12:45:21,890 [EventQueue-PipelineActionsForPipelineActionHandler] INFO  pipeline.SCMPipelineManager (SCMPipelineManager.java:finalizeAndDestroyPipeline(311)) - destroying pipeline:Pipeline[ Id: 5307b2a7-4d22-40e9-b771-36481d5c2926, Nodes: d8e74394-a0bf-4ec3-a3ce-4740c71bd9b7{ip: 192.168.69.81, host: pr-hdds-2109-6lgm5-4208394744, networkLocation: /default-rack, certSerialId: null}f90b1bbc-0325-4fdc-bdda-dbac376593c0{ip: 192.168.69.81, host: pr-hdds-2109-6lgm5-4208394744, networkLocation: /default-rack, certSerialId: null}8533a49c-a60c-4c36-849a-1b71101d719e{ip: 192.168.69.81, host: pr-hdds-2109-6lgm5-4208394744, networkLocation: /default-rack, certSerialId: null}, Type:RATIS, Factor:THREE, State:CLOSED]
2019-09-11 12:45:23,410 [org.apache.ratis.server.impl.LogAppender$AppenderDaemon$$Lambda$485/1842952795@e4ab945] ERROR ratis.XceiverServerRatis (XceiverServerRatis.java:triggerPipelineClose(568)) - pipeline Action CLOSE  on pipeline PipelineID=5307b2a7-4d22-40e9-b771-36481d5c2926.Reason : d8e74394-a0bf-4ec3-a3ce-4740c71bd9b7 has not seen follower/s f90b1bbc-0325-4fdc-bdda-dbac376593c0 for 175613ms 8533a49c-a60c-4c36-849a-1b71101d719e for 175613ms
2019-09-11 12:45:23,410 [org.apache.ratis.server.impl.LogAppender$AppenderDaemon$$Lambda$485/1842952795@4d10b431] ERROR ratis.XceiverServerRatis (XceiverServerRatis.java:triggerPipelineClose(568)) - pipeline Action CLOSE  on pipeline PipelineID=5307b2a7-4d22-40e9-b771-36481d5c2926.Reason : d8e74394-a0bf-4ec3-a3ce-4740c71bd9b7 has not seen follower/s f90b1bbc-0325-4fdc-bdda-dbac376593c0 for 175613ms 8533a49c-a60c-4c36-849a-1b71101d719e for 175613ms
2019-09-11 12:45:23,890 [EventQueue-PipelineActionsForPipelineActionHandler] ERROR pipeline.PipelineActionHandler (PipelineActionHandler.java:onMessage(60)) - Received pipeline action CLOSE for Pipeline[ Id: 5307b2a7-4d22-40e9-b771-36481d5c2926, Nodes: d8e74394-a0bf-4ec3-a3ce-4740c71bd9b7{ip: 192.168.69.81, host: pr-hdds-2109-6lgm5-4208394744, networkLocation: /default-rack, certSerialId: null}f90b1bbc-0325-4fdc-bdda-dbac376593c0{ip: 192.168.69.81, host: pr-hdds-2109-6lgm5-4208394744, networkLocation: /default-rack, certSerialId: null}8533a49c-a60c-4c36-849a-1b71101d719e{ip: 192.168.69.81, host: pr-hdds-2109-6lgm5-4208394744, networkLocation: /default-rack, certSerialId: null}, Type:RATIS, Factor:THREE, State:CLOSED] from datanode d8e74394-a0bf-4ec3-a3ce-4740c71bd9b7{ip: 192.168.69.81, host: pr-hdds-2109-6lgm5-4208394744, networkLocation: /default-rack, certSerialId: null}. Reason : d8e74394-a0bf-4ec3-a3ce-4740c71bd9b7 has not seen follower/s f90b1bbc-0325-4fdc-bdda-dbac376593c0 for 175613ms 8533a49c-a60c-4c36-849a-1b71101d719e for 175613ms
2019-09-11 12:45:23,890 [EventQueue-PipelineActionsForPipelineActionHandler] INFO  pipeline.SCMPipelineManager (SCMPipelineManager.java:finalizeAndDestroyPipeline(311)) - destroying pipeline:Pipeline[ Id: 5307b2a7-4d22-40e9-b771-36481d5c2926, Nodes: d8e74394-a0bf-4ec3-a3ce-4740c71bd9b7{ip: 192.168.69.81, host: pr-hdds-2109-6lgm5-4208394744, networkLocation: /default-rack, certSerialId: null}f90b1bbc-0325-4fdc-bdda-dbac376593c0{ip: 192.168.69.81, host: pr-hdds-2109-6lgm5-4208394744, networkLocation: /default-rack, certSerialId: null}8533a49c-a60c-4c36-849a-1b71101d719e{ip: 192.168.69.81, host: pr-hdds-2109-6lgm5-4208394744, networkLocation: /default-rack, certSerialId: null}, Type:RATIS, Factor:THREE, State:CLOSED]
2019-09-11 12:45:23,909 [java.util.concurrent.ThreadPoolExecutor$Worker@4e4300e[State = -1, empty queue]] WARN  server.GrpcLogAppender (GrpcLogAppender.java:timeoutAppendRequest(200)) - d8e74394-a0bf-4ec3-a3ce-4740c71bd9b7@group-36481D5C2926->f90b1bbc-0325-4fdc-bdda-dbac376593c0-GrpcLogAppender: appendEntries Timeout, request=d8e74394-a0bf-4ec3-a3ce-4740c71bd9b7->f90b1bbc-0325-4fdc-bdda-dbac376593c0#161-t3, previous=(t:3, i:17), leaderCommit=10, initializing? false, entries: <empty>
2019-09-11 12:45:23,909 [java.util.concurrent.ThreadPoolExecutor$Worker@734c62d3[State = -1, empty queue]] WARN  server.GrpcLogAppender (GrpcLogAppender.java:timeoutAppendRequest(200)) - d8e74394-a0bf-4ec3-a3ce-4740c71bd9b7@group-36481D5C2926->8533a49c-a60c-4c36-849a-1b71101d719e-GrpcLogAppender: appendEntries Timeout, request=d8e74394-a0bf-4ec3-a3ce-4740c71bd9b7->8533a49c-a60c-4c36-849a-1b71101d719e#161-t3, previous=(t:3, i:17), leaderCommit=10, initializing? false, entries: <empty>
2019-09-11 12:45:25,077 [grpc-default-executor-4] INFO  client.GrpcClientProtocolClient (GrpcClientProtocolClient.java:onNext(264)) - client-F2C6077FCB6C->8533a49c-a60c-4c36-849a-1b71101d719e: receive RaftClientReply:client-F2C6077FCB6C->8533a49c-a60c-4c36-849a-1b71101d719e@group-36481D5C2926, cid=44, FAILED org.apache.ratis.protocol.NotLeaderException: Server 8533a49c-a60c-4c36-849a-1b71101d719e@group-36481D5C2926 is not the leader d8e74394-a0bf-4ec3-a3ce-4740c71bd9b7:192.168.69.81:43465, logIndex=0, commits[8533a49c-a60c-4c36-849a-1b71101d719e:c10, f90b1bbc-0325-4fdc-bdda-dbac376593c0:c10, d8e74394-a0bf-4ec3-a3ce-4740c71bd9b7:c10]
2019-09-11 12:45:25,910 [org.apache.ratis.server.impl.LogAppender$AppenderDaemon$$Lambda$485/1842952795@e4ab945] ERROR ratis.XceiverServerRatis (XceiverServerRatis.java:triggerPipelineClose(568)) - pipeline Action CLOSE  on pipeline PipelineID=5307b2a7-4d22-40e9-b771-36481d5c2926.Reason : d8e74394-a0bf-4ec3-a3ce-4740c71bd9b7 has not seen follower/s f90b1bbc-0325-4fdc-bdda-dbac376593c0 for 178113ms 8533a49c-a60c-4c36-849a-1b71101d719e for 178114ms
2019-09-11 12:45:25,910 [org.apache.ratis.server.impl.LogAppender$AppenderDaemon$$Lambda$485/1842952795@4d10b431] ERROR ratis.XceiverServerRatis (XceiverServerRatis.java:triggerPipelineClose(568)) - pipeline Action CLOSE  on pipeline PipelineID=5307b2a7-4d22-40e9-b771-36481d5c2926.Reason : d8e74394-a0bf-4ec3-a3ce-4740c71bd9b7 has not seen follower/s f90b1bbc-0325-4fdc-bdda-dbac376593c0 for 178114ms 8533a49c-a60c-4c36-849a-1b71101d719e for 178114ms
2019-09-11 12:45:26,409 [java.util.concurrent.ThreadPoolExecutor$Worker@4e4300e[State = -1, empty queue]] WARN  server.GrpcLogAppender (GrpcLogAppender.java:timeoutAppendRequest(200)) - d8e74394-a0bf-4ec3-a3ce-4740c71bd9b7@group-36481D5C2926->f90b1bbc-0325-4fdc-bdda-dbac376593c0-GrpcLogAppender: appendEntries Timeout, request=d8e74394-a0bf-4ec3-a3ce-4740c71bd9b7->f90b1bbc-0325-4fdc-bdda-dbac376593c0#162-t3, previous=(t:3, i:17), leaderCommit=10, initializing? false, entries: <empty>
2019-09-11 12:45:26,409 [java.util.concurrent.ThreadPoolExecutor$Worker@734c62d3[State = -1, empty queue]] WARN  server.GrpcLogAppender (GrpcLogAppender.java:timeoutAppendRequest(200)) - d8e74394-a0bf-4ec3-a3ce-4740c71bd9b7@group-36481D5C2926->8533a49c-a60c-4c36-849a-1b71101d719e-GrpcLogAppender: appendEntries Timeout, request=d8e74394-a0bf-4ec3-a3ce-4740c71bd9b7->8533a49c-a60c-4c36-849a-1b71101d719e#162-t3, previous=(t:3, i:17), leaderCommit=10, initializing? false, entries: <empty>
2019-09-11 12:45:26,890 [EventQueue-PipelineActionsForPipelineActionHandler] ERROR pipeline.PipelineActionHandler (PipelineActionHandler.java:onMessage(60)) - Received pipeline action CLOSE for Pipeline[ Id: 5307b2a7-4d22-40e9-b771-36481d5c2926, Nodes: d8e74394-a0bf-4ec3-a3ce-4740c71bd9b7{ip: 192.168.69.81, host: pr-hdds-2109-6lgm5-4208394744, networkLocation: /default-rack, certSerialId: null}f90b1bbc-0325-4fdc-bdda-dbac376593c0{ip: 192.168.69.81, host: pr-hdds-2109-6lgm5-4208394744, networkLocation: /default-rack, certSerialId: null}8533a49c-a60c-4c36-849a-1b71101d719e{ip: 192.168.69.81, host: pr-hdds-2109-6lgm5-4208394744, networkLocation: /default-rack, certSerialId: null}, Type:RATIS, Factor:THREE, State:CLOSED] from datanode d8e74394-a0bf-4ec3-a3ce-4740c71bd9b7{ip: 192.168.69.81, host: pr-hdds-2109-6lgm5-4208394744, networkLocation: /default-rack, certSerialId: null}. Reason : d8e74394-a0bf-4ec3-a3ce-4740c71bd9b7 has not seen follower/s f90b1bbc-0325-4fdc-bdda-dbac376593c0 for 178113ms 8533a49c-a60c-4c36-849a-1b71101d719e for 178114ms
2019-09-11 12:45:26,890 [EventQueue-PipelineActionsForPipelineActionHandler] INFO  pipeline.SCMPipelineManager (SCMPipelineManager.java:finalizeAndDestroyPipeline(311)) - destroying pipeline:Pipeline[ Id: 5307b2a7-4d22-40e9-b771-36481d5c2926, Nodes: d8e74394-a0bf-4ec3-a3ce-4740c71bd9b7{ip: 192.168.69.81, host: pr-hdds-2109-6lgm5-4208394744, networkLocation: /default-rack, certSerialId: null}f90b1bbc-0325-4fdc-bdda-dbac376593c0{ip: 192.168.69.81, host: pr-hdds-2109-6lgm5-4208394744, networkLocation: /default-rack, certSerialId: null}8533a49c-a60c-4c36-849a-1b71101d719e{ip: 192.168.69.81, host: pr-hdds-2109-6lgm5-4208394744, networkLocation: /default-rack, certSerialId: null}, Type:RATIS, Factor:THREE, State:CLOSED]
2019-09-11 12:45:28,411 [org.apache.ratis.server.impl.LogAppender$AppenderDaemon$$Lambda$485/1842952795@4d10b431] ERROR ratis.XceiverServerRatis (XceiverServerRatis.java:triggerPipelineClose(568)) - pipeline Action CLOSE  on pipeline PipelineID=5307b2a7-4d22-40e9-b771-36481d5c2926.Reason : d8e74394-a0bf-4ec3-a3ce-4740c71bd9b7 has not seen follower/s f90b1bbc-0325-4fdc-bdda-dbac376593c0 for 180615ms 8533a49c-a60c-4c36-849a-1b71101d719e for 180615ms
2019-09-11 12:45:28,411 [org.apache.ratis.server.impl.LogAppender$AppenderDaemon$$Lambda$485/1842952795@e4ab945] ERROR ratis.XceiverServerRatis (XceiverServerRatis.java:triggerPipelineClose(568)) - pipeline Action CLOSE  on pipeline PipelineID=5307b2a7-4d22-40e9-b771-36481d5c2926.Reason : d8e74394-a0bf-4ec3-a3ce-4740c71bd9b7 has not seen follower/s f90b1bbc-0325-4fdc-bdda-dbac376593c0 for 180615ms 8533a49c-a60c-4c36-849a-1b71101d719e for 180615ms
2019-09-11 12:45:28,868 [8533a49c-a60c-4c36-849a-1b71101d719e@group-36481D5C2926-SegmentedRaftLogWorker] WARN  segmented.SegmentedRaftLogWorker (SegmentedRaftLogWorker.java:getFromFuture(90)) - Timeout 17/~
org.apache.ratis.protocol.TimeoutIOException: Timeout 10s: WriteLog:12: (t:3, i:12), STATEMACHINELOGENTRY, client-F2C6077FCB6C, cid=45-writeStateMachineData
	at org.apache.ratis.util.IOUtils.getFromFuture(IOUtils.java:87)
	at org.apache.ratis.server.raftlog.segmented.SegmentedRaftLogWorker$StateMachineDataPolicy.getFromFuture(SegmentedRaftLogWorker.java:87)
	at org.apache.ratis.server.raftlog.segmented.SegmentedRaftLogWorker$WriteLog.execute(SegmentedRaftLogWorker.java:477)
	at org.apache.ratis.server.raftlog.segmented.SegmentedRaftLogWorker.run(SegmentedRaftLogWorker.java:289)
	at java.lang.Thread.run(Thread.java:748)
Caused by: java.util.concurrent.TimeoutException
	at java.util.concurrent.CompletableFuture.timedGet(CompletableFuture.java:1771)
	at java.util.concurrent.CompletableFuture.get(CompletableFuture.java:1915)
	at org.apache.ratis.util.IOUtils.getFromFuture(IOUtils.java:79)
	... 4 more
2019-09-11 12:45:28,891 [EventQueue-PipelineActionsForPipelineActionHandler] ERROR pipeline.PipelineActionHandler (PipelineActionHandler.java:onMessage(60)) - Received pipeline action CLOSE for Pipeline[ Id: 5307b2a7-4d22-40e9-b771-36481d5c2926, Nodes: d8e74394-a0bf-4ec3-a3ce-4740c71bd9b7{ip: 192.168.69.81, host: pr-hdds-2109-6lgm5-4208394744, networkLocation: /default-rack, certSerialId: null}f90b1bbc-0325-4fdc-bdda-dbac376593c0{ip: 192.168.69.81, host: pr-hdds-2109-6lgm5-4208394744, networkLocation: /default-rack, certSerialId: null}8533a49c-a60c-4c36-849a-1b71101d719e{ip: 192.168.69.81, host: pr-hdds-2109-6lgm5-4208394744, networkLocation: /default-rack, certSerialId: null}, Type:RATIS, Factor:THREE, State:CLOSED] from datanode d8e74394-a0bf-4ec3-a3ce-4740c71bd9b7{ip: 192.168.69.81, host: pr-hdds-2109-6lgm5-4208394744, networkLocation: /default-rack, certSerialId: null}. Reason : d8e74394-a0bf-4ec3-a3ce-4740c71bd9b7 has not seen follower/s f90b1bbc-0325-4fdc-bdda-dbac376593c0 for 180615ms 8533a49c-a60c-4c36-849a-1b71101d719e for 180615ms
2019-09-11 12:45:28,892 [EventQueue-PipelineActionsForPipelineActionHandler] INFO  pipeline.SCMPipelineManager (SCMPipelineManager.java:finalizeAndDestroyPipeline(311)) - destroying pipeline:Pipeline[ Id: 5307b2a7-4d22-40e9-b771-36481d5c2926, Nodes: d8e74394-a0bf-4ec3-a3ce-4740c71bd9b7{ip: 192.168.69.81, host: pr-hdds-2109-6lgm5-4208394744, networkLocation: /default-rack, certSerialId: null}f90b1bbc-0325-4fdc-bdda-dbac376593c0{ip: 192.168.69.81, host: pr-hdds-2109-6lgm5-4208394744, networkLocation: /default-rack, certSerialId: null}8533a49c-a60c-4c36-849a-1b71101d719e{ip: 192.168.69.81, host: pr-hdds-2109-6lgm5-4208394744, networkLocation: /default-rack, certSerialId: null}, Type:RATIS, Factor:THREE, State:CLOSED]
2019-09-11 12:45:28,894 [f90b1bbc-0325-4fdc-bdda-dbac376593c0@group-36481D5C2926-SegmentedRaftLogWorker] WARN  segmented.SegmentedRaftLogWorker (SegmentedRaftLogWorker.java:getFromFuture(90)) - Timeout 17/~
org.apache.ratis.protocol.TimeoutIOException: Timeout 10s: WriteLog:12: (t:3, i:12), STATEMACHINELOGENTRY, client-F2C6077FCB6C, cid=45-writeStateMachineData
	at org.apache.ratis.util.IOUtils.getFromFuture(IOUtils.java:87)
	at org.apache.ratis.server.raftlog.segmented.SegmentedRaftLogWorker$StateMachineDataPolicy.getFromFuture(SegmentedRaftLogWorker.java:87)
	at org.apache.ratis.server.raftlog.segmented.SegmentedRaftLogWorker$WriteLog.execute(SegmentedRaftLogWorker.java:477)
	at org.apache.ratis.server.raftlog.segmented.SegmentedRaftLogWorker.run(SegmentedRaftLogWorker.java:289)
	at java.lang.Thread.run(Thread.java:748)
Caused by: java.util.concurrent.TimeoutException
	at java.util.concurrent.CompletableFuture.timedGet(CompletableFuture.java:1771)
	at java.util.concurrent.CompletableFuture.get(CompletableFuture.java:1915)
	at org.apache.ratis.util.IOUtils.getFromFuture(IOUtils.java:79)
	... 4 more
2019-09-11 12:45:28,894 [d8e74394-a0bf-4ec3-a3ce-4740c71bd9b7@group-36481D5C2926-SegmentedRaftLogWorker] WARN  segmented.SegmentedRaftLogWorker (SegmentedRaftLogWorker.java:getFromFuture(90)) - Timeout 17/~
org.apache.ratis.protocol.TimeoutIOException: Timeout 10s: WriteLog:12: (t:3, i:12), STATEMACHINELOGENTRY, client-F2C6077FCB6C, cid=45-writeStateMachineData
	at org.apache.ratis.util.IOUtils.getFromFuture(IOUtils.java:87)
	at org.apache.ratis.server.raftlog.segmented.SegmentedRaftLogWorker$StateMachineDataPolicy.getFromFuture(SegmentedRaftLogWorker.java:87)
	at org.apache.ratis.server.raftlog.segmented.SegmentedRaftLogWorker$WriteLog.execute(SegmentedRaftLogWorker.java:477)
	at org.apache.ratis.server.raftlog.segmented.SegmentedRaftLogWorker.run(SegmentedRaftLogWorker.java:289)
	at java.lang.Thread.run(Thread.java:748)
Caused by: java.util.concurrent.TimeoutException
	at java.util.concurrent.CompletableFuture.timedGet(CompletableFuture.java:1771)
	at java.util.concurrent.CompletableFuture.get(CompletableFuture.java:1915)
	at org.apache.ratis.util.IOUtils.getFromFuture(IOUtils.java:79)
	... 4 more
2019-09-11 12:45:28,910 [java.util.concurrent.ThreadPoolExecutor$Worker@4e4300e[State = -1, empty queue]] WARN  server.GrpcLogAppender (GrpcLogAppender.java:timeoutAppendRequest(200)) - d8e74394-a0bf-4ec3-a3ce-4740c71bd9b7@group-36481D5C2926->f90b1bbc-0325-4fdc-bdda-dbac376593c0-GrpcLogAppender: appendEntries Timeout, request=d8e74394-a0bf-4ec3-a3ce-4740c71bd9b7->f90b1bbc-0325-4fdc-bdda-dbac376593c0#163-t3, previous=(t:3, i:17), leaderCommit=10, initializing? false, entries: <empty>
2019-09-11 12:45:28,910 [java.util.concurrent.ThreadPoolExecutor$Worker@734c62d3[State = -1, empty queue]] WARN  server.GrpcLogAppender (GrpcLogAppender.java:timeoutAppendRequest(200)) - d8e74394-a0bf-4ec3-a3ce-4740c71bd9b7@group-36481D5C2926->8533a49c-a60c-4c36-849a-1b71101d719e-GrpcLogAppender: appendEntries Timeout, request=d8e74394-a0bf-4ec3-a3ce-4740c71bd9b7->8533a49c-a60c-4c36-849a-1b71101d719e#163-t3, previous=(t:3, i:17), leaderCommit=10, initializing? false, entries: <empty>
2019-09-11 12:45:30,131 [grpc-default-executor-0] INFO  client.GrpcClientProtocolClient (GrpcClientProtocolClient.java:onNext(264)) - client-F2C6077FCB6C->8533a49c-a60c-4c36-849a-1b71101d719e: receive RaftClientReply:client-F2C6077FCB6C->8533a49c-a60c-4c36-849a-1b71101d719e@group-36481D5C2926, cid=44, FAILED org.apache.ratis.protocol.NotLeaderException: Server 8533a49c-a60c-4c36-849a-1b71101d719e@group-36481D5C2926 is not the leader d8e74394-a0bf-4ec3-a3ce-4740c71bd9b7:192.168.69.81:43465, logIndex=0, commits[8533a49c-a60c-4c36-849a-1b71101d719e:c10, f90b1bbc-0325-4fdc-bdda-dbac376593c0:c10, d8e74394-a0bf-4ec3-a3ce-4740c71bd9b7:c10]
2019-09-11 12:45:30,912 [org.apache.ratis.server.impl.LogAppender$AppenderDaemon$$Lambda$485/1842952795@4d10b431] ERROR ratis.XceiverServerRatis (XceiverServerRatis.java:triggerPipelineClose(568)) - pipeline Action CLOSE  on pipeline PipelineID=5307b2a7-4d22-40e9-b771-36481d5c2926.Reason : d8e74394-a0bf-4ec3-a3ce-4740c71bd9b7 has not seen follower/s f90b1bbc-0325-4fdc-bdda-dbac376593c0 for 183115ms 8533a49c-a60c-4c36-849a-1b71101d719e for 183115ms
2019-09-11 12:45:30,912 [org.apache.ratis.server.impl.LogAppender$AppenderDaemon$$Lambda$485/1842952795@e4ab945] ERROR ratis.XceiverServerRatis (XceiverServerRatis.java:triggerPipelineClose(568)) - pipeline Action CLOSE  on pipeline PipelineID=5307b2a7-4d22-40e9-b771-36481d5c2926.Reason : d8e74394-a0bf-4ec3-a3ce-4740c71bd9b7 has not seen follower/s f90b1bbc-0325-4fdc-bdda-dbac376593c0 for 183115ms 8533a49c-a60c-4c36-849a-1b71101d719e for 183116ms
2019-09-11 12:45:31,411 [java.util.concurrent.ThreadPoolExecutor$Worker@4e4300e[State = -1, empty queue]] WARN  server.GrpcLogAppender (GrpcLogAppender.java:timeoutAppendRequest(200)) - d8e74394-a0bf-4ec3-a3ce-4740c71bd9b7@group-36481D5C2926->f90b1bbc-0325-4fdc-bdda-dbac376593c0-GrpcLogAppender: appendEntries Timeout, request=d8e74394-a0bf-4ec3-a3ce-4740c71bd9b7->f90b1bbc-0325-4fdc-bdda-dbac376593c0#164-t3, previous=(t:3, i:17), leaderCommit=10, initializing? false, entries: <empty>
2019-09-11 12:45:31,411 [java.util.concurrent.ThreadPoolExecutor$Worker@734c62d3[State = -1, empty queue]] WARN  server.GrpcLogAppender (GrpcLogAppender.java:timeoutAppendRequest(200)) - d8e74394-a0bf-4ec3-a3ce-4740c71bd9b7@group-36481D5C2926->8533a49c-a60c-4c36-849a-1b71101d719e-GrpcLogAppender: appendEntries Timeout, request=d8e74394-a0bf-4ec3-a3ce-4740c71bd9b7->8533a49c-a60c-4c36-849a-1b71101d719e#164-t3, previous=(t:3, i:17), leaderCommit=10, initializing? false, entries: <empty>
2019-09-11 12:45:31,892 [EventQueue-PipelineActionsForPipelineActionHandler] ERROR pipeline.PipelineActionHandler (PipelineActionHandler.java:onMessage(60)) - Received pipeline action CLOSE for Pipeline[ Id: 5307b2a7-4d22-40e9-b771-36481d5c2926, Nodes: d8e74394-a0bf-4ec3-a3ce-4740c71bd9b7{ip: 192.168.69.81, host: pr-hdds-2109-6lgm5-4208394744, networkLocation: /default-rack, certSerialId: null}f90b1bbc-0325-4fdc-bdda-dbac376593c0{ip: 192.168.69.81, host: pr-hdds-2109-6lgm5-4208394744, networkLocation: /default-rack, certSerialId: null}8533a49c-a60c-4c36-849a-1b71101d719e{ip: 192.168.69.81, host: pr-hdds-2109-6lgm5-4208394744, networkLocation: /default-rack, certSerialId: null}, Type:RATIS, Factor:THREE, State:CLOSED] from datanode d8e74394-a0bf-4ec3-a3ce-4740c71bd9b7{ip: 192.168.69.81, host: pr-hdds-2109-6lgm5-4208394744, networkLocation: /default-rack, certSerialId: null}. Reason : d8e74394-a0bf-4ec3-a3ce-4740c71bd9b7 has not seen follower/s f90b1bbc-0325-4fdc-bdda-dbac376593c0 for 183115ms 8533a49c-a60c-4c36-849a-1b71101d719e for 183115ms
2019-09-11 12:45:31,892 [EventQueue-PipelineActionsForPipelineActionHandler] INFO  pipeline.SCMPipelineManager (SCMPipelineManager.java:finalizeAndDestroyPipeline(311)) - destroying pipeline:Pipeline[ Id: 5307b2a7-4d22-40e9-b771-36481d5c2926, Nodes: d8e74394-a0bf-4ec3-a3ce-4740c71bd9b7{ip: 192.168.69.81, host: pr-hdds-2109-6lgm5-4208394744, networkLocation: /default-rack, certSerialId: null}f90b1bbc-0325-4fdc-bdda-dbac376593c0{ip: 192.168.69.81, host: pr-hdds-2109-6lgm5-4208394744, networkLocation: /default-rack, certSerialId: null}8533a49c-a60c-4c36-849a-1b71101d719e{ip: 192.168.69.81, host: pr-hdds-2109-6lgm5-4208394744, networkLocation: /default-rack, certSerialId: null}, Type:RATIS, Factor:THREE, State:CLOSED]
2019-09-11 12:45:33,414 [org.apache.ratis.server.impl.LogAppender$AppenderDaemon$$Lambda$485/1842952795@e4ab945] ERROR ratis.XceiverServerRatis (XceiverServerRatis.java:triggerPipelineClose(568)) - pipeline Action CLOSE  on pipeline PipelineID=5307b2a7-4d22-40e9-b771-36481d5c2926.Reason : d8e74394-a0bf-4ec3-a3ce-4740c71bd9b7 has not seen follower/s f90b1bbc-0325-4fdc-bdda-dbac376593c0 for 185617ms 8533a49c-a60c-4c36-849a-1b71101d719e for 185617ms
2019-09-11 12:45:33,414 [org.apache.ratis.server.impl.LogAppender$AppenderDaemon$$Lambda$485/1842952795@4d10b431] ERROR ratis.XceiverServerRatis (XceiverServerRatis.java:triggerPipelineClose(568)) - pipeline Action CLOSE  on pipeline PipelineID=5307b2a7-4d22-40e9-b771-36481d5c2926.Reason : d8e74394-a0bf-4ec3-a3ce-4740c71bd9b7 has not seen follower/s f90b1bbc-0325-4fdc-bdda-dbac376593c0 for 185617ms 8533a49c-a60c-4c36-849a-1b71101d719e for 185617ms
2019-09-11 12:45:33,894 [EventQueue-PipelineActionsForPipelineActionHandler] ERROR pipeline.PipelineActionHandler (PipelineActionHandler.java:onMessage(60)) - Received pipeline action CLOSE for Pipeline[ Id: 5307b2a7-4d22-40e9-b771-36481d5c2926, Nodes: d8e74394-a0bf-4ec3-a3ce-4740c71bd9b7{ip: 192.168.69.81, host: pr-hdds-2109-6lgm5-4208394744, networkLocation: /default-rack, certSerialId: null}f90b1bbc-0325-4fdc-bdda-dbac376593c0{ip: 192.168.69.81, host: pr-hdds-2109-6lgm5-4208394744, networkLocation: /default-rack, certSerialId: null}8533a49c-a60c-4c36-849a-1b71101d719e{ip: 192.168.69.81, host: pr-hdds-2109-6lgm5-4208394744, networkLocation: /default-rack, certSerialId: null}, Type:RATIS, Factor:THREE, State:CLOSED] from datanode d8e74394-a0bf-4ec3-a3ce-4740c71bd9b7{ip: 192.168.69.81, host: pr-hdds-2109-6lgm5-4208394744, networkLocation: /default-rack, certSerialId: null}. Reason : d8e74394-a0bf-4ec3-a3ce-4740c71bd9b7 has not seen follower/s f90b1bbc-0325-4fdc-bdda-dbac376593c0 for 185617ms 8533a49c-a60c-4c36-849a-1b71101d719e for 185617ms
2019-09-11 12:45:33,894 [EventQueue-PipelineActionsForPipelineActionHandler] INFO  pipeline.SCMPipelineManager (SCMPipelineManager.java:finalizeAndDestroyPipeline(311)) - destroying pipeline:Pipeline[ Id: 5307b2a7-4d22-40e9-b771-36481d5c2926, Nodes: d8e74394-a0bf-4ec3-a3ce-4740c71bd9b7{ip: 192.168.69.81, host: pr-hdds-2109-6lgm5-4208394744, networkLocation: /default-rack, certSerialId: null}f90b1bbc-0325-4fdc-bdda-dbac376593c0{ip: 192.168.69.81, host: pr-hdds-2109-6lgm5-4208394744, networkLocation: /default-rack, certSerialId: null}8533a49c-a60c-4c36-849a-1b71101d719e{ip: 192.168.69.81, host: pr-hdds-2109-6lgm5-4208394744, networkLocation: /default-rack, certSerialId: null}, Type:RATIS, Factor:THREE, State:CLOSED]
2019-09-11 12:45:33,912 [java.util.concurrent.ThreadPoolExecutor$Worker@734c62d3[State = -1, empty queue]] WARN  server.GrpcLogAppender (GrpcLogAppender.java:timeoutAppendRequest(200)) - d8e74394-a0bf-4ec3-a3ce-4740c71bd9b7@group-36481D5C2926->8533a49c-a60c-4c36-849a-1b71101d719e-GrpcLogAppender: appendEntries Timeout, request=d8e74394-a0bf-4ec3-a3ce-4740c71bd9b7->8533a49c-a60c-4c36-849a-1b71101d719e#165-t3, previous=(t:3, i:17), leaderCommit=10, initializing? false, entries: <empty>
2019-09-11 12:45:33,912 [java.util.concurrent.ThreadPoolExecutor$Worker@4e4300e[State = -1, empty queue]] WARN  server.GrpcLogAppender (GrpcLogAppender.java:timeoutAppendRequest(200)) - d8e74394-a0bf-4ec3-a3ce-4740c71bd9b7@group-36481D5C2926->f90b1bbc-0325-4fdc-bdda-dbac376593c0-GrpcLogAppender: appendEntries Timeout, request=d8e74394-a0bf-4ec3-a3ce-4740c71bd9b7->f90b1bbc-0325-4fdc-bdda-dbac376593c0#165-t3, previous=(t:3, i:17), leaderCommit=10, initializing? false, entries: <empty>
2019-09-11 12:45:34,866 [grpc-default-executor-4] INFO  impl.RaftServerProxy (RaftServerProxy.java:remove(95)) - d8e74394-a0bf-4ec3-a3ce-4740c71bd9b7: remove    LEADER d8e74394-a0bf-4ec3-a3ce-4740c71bd9b7@group-36481D5C2926:t3, leader=d8e74394-a0bf-4ec3-a3ce-4740c71bd9b7, voted=d8e74394-a0bf-4ec3-a3ce-4740c71bd9b7, raftlog=d8e74394-a0bf-4ec3-a3ce-4740c71bd9b7@group-36481D5C2926-SegmentedRaftLog:OPENED:c10,f10,i17, conf=0: [f90b1bbc-0325-4fdc-bdda-dbac376593c0:192.168.69.81:41760, d8e74394-a0bf-4ec3-a3ce-4740c71bd9b7:192.168.69.81:43465, 8533a49c-a60c-4c36-849a-1b71101d719e:192.168.69.81:40456], old=null RUNNING
2019-09-11 12:45:34,867 [grpc-default-executor-4] INFO  impl.RaftServerImpl (RaftServerImpl.java:lambda$shutdown$3(251)) - d8e74394-a0bf-4ec3-a3ce-4740c71bd9b7@group-36481D5C2926: shutdown
2019-09-11 12:45:34,867 [grpc-default-executor-4] INFO  util.JmxRegister (JmxRegister.java:unregister(73)) - Successfully un-registered JMX Bean with object name Ratis:service=RaftServer,group=group-36481D5C2926,id=d8e74394-a0bf-4ec3-a3ce-4740c71bd9b7
2019-09-11 12:45:34,867 [grpc-default-executor-4] INFO  impl.RoleInfo (RoleInfo.java:shutdownLeaderState(104)) - d8e74394-a0bf-4ec3-a3ce-4740c71bd9b7: shutdown LeaderState
2019-09-11 12:45:34,873 [grpc-default-executor-4] INFO  impl.PendingRequests (PendingRequests.java:sendNotLeaderResponses(202)) - d8e74394-a0bf-4ec3-a3ce-4740c71bd9b7-PendingRequests: sendNotLeaderResponses
2019-09-11 12:45:34,873 [org.apache.ratis.server.impl.LogAppender$AppenderDaemon$$Lambda$485/1842952795@4d10b431] WARN  server.GrpcLogAppender (GrpcLogAppender.java:mayWait(143)) - d8e74394-a0bf-4ec3-a3ce-4740c71bd9b7@group-36481D5C2926->8533a49c-a60c-4c36-849a-1b71101d719e-GrpcLogAppender: Wait interrupted by java.lang.InterruptedException
2019-09-11 12:45:34,873 [org.apache.ratis.server.impl.LogAppender$AppenderDaemon$$Lambda$485/1842952795@e4ab945] WARN  server.GrpcLogAppender (GrpcLogAppender.java:mayWait(143)) - d8e74394-a0bf-4ec3-a3ce-4740c71bd9b7@group-36481D5C2926->f90b1bbc-0325-4fdc-bdda-dbac376593c0-GrpcLogAppender: Wait interrupted by java.lang.InterruptedException
2019-09-11 12:45:34,874 [grpc-default-executor-0] INFO  server.GrpcServerProtocolService (GrpcServerProtocolService.java:onCompleted(113)) - 8533a49c-a60c-4c36-849a-1b71101d719e: Completed APPEND_ENTRIES, lastRequest: d8e74394-a0bf-4ec3-a3ce-4740c71bd9b7->8533a49c-a60c-4c36-849a-1b71101d719e#166-t3, previous=(t:3, i:17), leaderCommit=10, initializing? false, entries: <empty>
2019-09-11 12:45:34,874 [grpc-default-executor-3] INFO  server.GrpcServerProtocolService (GrpcServerProtocolService.java:onCompleted(113)) - f90b1bbc-0325-4fdc-bdda-dbac376593c0: Completed APPEND_ENTRIES, lastRequest: d8e74394-a0bf-4ec3-a3ce-4740c71bd9b7->f90b1bbc-0325-4fdc-bdda-dbac376593c0#166-t3, previous=(t:3, i:17), leaderCommit=10, initializing? false, entries: <empty>
2019-09-11 12:45:34,875 [grpc-default-executor-0] INFO  server.GrpcLogAppender (GrpcLogAppender.java:onCompleted(293)) - d8e74394-a0bf-4ec3-a3ce-4740c71bd9b7@group-36481D5C2926->8533a49c-a60c-4c36-849a-1b71101d719e-AppendLogResponseHandler: follower responses appendEntries COMPLETED
2019-09-11 12:45:34,875 [grpc-default-executor-3] INFO  server.GrpcLogAppender (GrpcLogAppender.java:onCompleted(293)) - d8e74394-a0bf-4ec3-a3ce-4740c71bd9b7@group-36481D5C2926->f90b1bbc-0325-4fdc-bdda-dbac376593c0-AppendLogResponseHandler: follower responses appendEntries COMPLETED
2019-09-11 12:45:34,881 [grpc-default-executor-0] INFO  impl.FollowerInfo (FollowerInfo.java:lambda$new$0(51)) - d8e74394-a0bf-4ec3-a3ce-4740c71bd9b7@group-36481D5C2926->8533a49c-a60c-4c36-849a-1b71101d719e: nextIndex: updateUnconditionally 18 -> 11
2019-09-11 12:45:34,881 [grpc-default-executor-4] INFO  impl.StateMachineUpdater (StateMachineUpdater.java:stopAndJoin(125)) - d8e74394-a0bf-4ec3-a3ce-4740c71bd9b7@group-36481D5C2926-StateMachineUpdater: set stopIndex = 10
2019-09-11 12:45:34,881 [d8e74394-a0bf-4ec3-a3ce-4740c71bd9b7@group-36481D5C2926-StateMachineUpdater] INFO  ratis.ContainerStateMachine (ContainerStateMachine.java:takeSnapshot(289)) - group-36481D5C2926: Taking a snapshot at:(t:3, i:10) file /workdir/hadoop-ozone/integration-test/target/test-dir/MiniOzoneClusterImpl-72df8dd9-2b9a-4ea0-aef5-73ebd66773c1/datanode-0/data/ratis/5307b2a7-4d22-40e9-b771-36481d5c2926/sm/snapshot.3_10
2019-09-11 12:45:34,881 [grpc-default-executor-3] INFO  impl.FollowerInfo (FollowerInfo.java:lambda$new$0(51)) - d8e74394-a0bf-4ec3-a3ce-4740c71bd9b7@group-36481D5C2926->f90b1bbc-0325-4fdc-bdda-dbac376593c0: nextIndex: updateUnconditionally 18 -> 11
2019-09-11 12:45:34,905 [d8e74394-a0bf-4ec3-a3ce-4740c71bd9b7@group-36481D5C2926-StateMachineUpdater] INFO  ratis.ContainerStateMachine (ContainerStateMachine.java:takeSnapshot(300)) - group-36481D5C2926: Finished taking a snapshot at:(t:3, i:10) file:/workdir/hadoop-ozone/integration-test/target/test-dir/MiniOzoneClusterImpl-72df8dd9-2b9a-4ea0-aef5-73ebd66773c1/datanode-0/data/ratis/5307b2a7-4d22-40e9-b771-36481d5c2926/sm/snapshot.3_10 time:24
2019-09-11 12:45:34,905 [d8e74394-a0bf-4ec3-a3ce-4740c71bd9b7@group-36481D5C2926-StateMachineUpdater] INFO  impl.StateMachineUpdater (StateMachineUpdater.java:takeSnapshot(258)) - d8e74394-a0bf-4ec3-a3ce-4740c71bd9b7@group-36481D5C2926-StateMachineUpdater: Took a snapshot at index 10
2019-09-11 12:45:34,906 [d8e74394-a0bf-4ec3-a3ce-4740c71bd9b7@group-36481D5C2926-StateMachineUpdater] INFO  impl.StateMachineUpdater (StateMachineUpdater.java:lambda$new$0(83)) - d8e74394-a0bf-4ec3-a3ce-4740c71bd9b7@group-36481D5C2926-StateMachineUpdater: snapshotIndex: updateIncreasingly -1 -> 10
2019-09-11 12:45:34,906 [grpc-default-executor-4] INFO  impl.RaftServerImpl (ServerState.java:close(385)) - d8e74394-a0bf-4ec3-a3ce-4740c71bd9b7@group-36481D5C2926: closes. applyIndex: 10
2019-09-11 12:45:34,906 [Command processor thread] ERROR commandhandler.CloseContainerCommandHandler (CloseContainerCommandHandler.java:handle(125)) - Can't close container #5
java.io.IOException: org.apache.ratis.protocol.GroupMismatchException: d8e74394-a0bf-4ec3-a3ce-4740c71bd9b7: group-36481D5C2926 not found.
	at org.apache.hadoop.ozone.container.common.transport.server.ratis.XceiverServerRatis.submitRequest(XceiverServerRatis.java:495)
	at org.apache.hadoop.ozone.container.common.statemachine.commandhandler.CloseContainerCommandHandler.handle(CloseContainerCommandHandler.java:102)
	at org.apache.hadoop.ozone.container.common.statemachine.commandhandler.CommandDispatcher.handle(CommandDispatcher.java:99)
	at org.apache.hadoop.ozone.container.common.statemachine.DatanodeStateMachine.lambda$initCommandHandlerThread$1(DatanodeStateMachine.java:432)
	at java.lang.Thread.run(Thread.java:748)
Caused by: java.util.concurrent.ExecutionException: org.apache.ratis.protocol.GroupMismatchException: d8e74394-a0bf-4ec3-a3ce-4740c71bd9b7: group-36481D5C2926 not found.
	at java.util.concurrent.CompletableFuture.reportGet(CompletableFuture.java:357)
	at java.util.concurrent.CompletableFuture.get(CompletableFuture.java:1895)
	at org.apache.hadoop.ozone.container.common.transport.server.ratis.XceiverServerRatis.submitRequest(XceiverServerRatis.java:493)
	... 4 more
Caused by: org.apache.ratis.protocol.GroupMismatchException: d8e74394-a0bf-4ec3-a3ce-4740c71bd9b7: group-36481D5C2926 not found.
	at org.apache.ratis.server.impl.RaftServerProxy$ImplMap.get(RaftServerProxy.java:122)
	at org.apache.ratis.server.impl.RaftServerProxy.getImplFuture(RaftServerProxy.java:269)
	at org.apache.ratis.server.impl.RaftServerProxy.submitRequest(RaftServerProxy.java:327)
	at org.apache.ratis.server.impl.RaftServerProxy.submitClientRequestAsync(RaftServerProxy.java:333)
	... 5 more
2019-09-11 12:45:34,909 [d8e74394-a0bf-4ec3-a3ce-4740c71bd9b7@group-36481D5C2926-SegmentedRaftLogWorker] ERROR ratis.XceiverServerRatis (XceiverServerRatis.java:triggerPipelineClose(568)) - pipeline Action CLOSE  on pipeline PipelineID=5307b2a7-4d22-40e9-b771-36481d5c2926.Reason : WriteLog:12: (t:3, i:12), STATEMACHINELOGENTRY, client-F2C6077FCB6C, cid=45-writeStateMachineData interrupted.
2019-09-11 12:45:34,912 [EventQueue-PipelineActionsForPipelineActionHandler] ERROR pipeline.PipelineActionHandler (PipelineActionHandler.java:onMessage(60)) - Received pipeline action CLOSE for Pipeline[ Id: 5307b2a7-4d22-40e9-b771-36481d5c2926, Nodes: d8e74394-a0bf-4ec3-a3ce-4740c71bd9b7{ip: 192.168.69.81, host: pr-hdds-2109-6lgm5-4208394744, networkLocation: /default-rack, certSerialId: null}f90b1bbc-0325-4fdc-bdda-dbac376593c0{ip: 192.168.69.81, host: pr-hdds-2109-6lgm5-4208394744, networkLocation: /default-rack, certSerialId: null}8533a49c-a60c-4c36-849a-1b71101d719e{ip: 192.168.69.81, host: pr-hdds-2109-6lgm5-4208394744, networkLocation: /default-rack, certSerialId: null}, Type:RATIS, Factor:THREE, State:CLOSED] from datanode d8e74394-a0bf-4ec3-a3ce-4740c71bd9b7{ip: 192.168.69.81, host: pr-hdds-2109-6lgm5-4208394744, networkLocation: /default-rack, certSerialId: null}. Reason : WriteLog:12: (t:3, i:12), STATEMACHINELOGENTRY, client-F2C6077FCB6C, cid=45-writeStateMachineData interrupted.
2019-09-11 12:45:34,913 [EventQueue-PipelineActionsForPipelineActionHandler] INFO  pipeline.SCMPipelineManager (SCMPipelineManager.java:finalizeAndDestroyPipeline(311)) - destroying pipeline:Pipeline[ Id: 5307b2a7-4d22-40e9-b771-36481d5c2926, Nodes: d8e74394-a0bf-4ec3-a3ce-4740c71bd9b7{ip: 192.168.69.81, host: pr-hdds-2109-6lgm5-4208394744, networkLocation: /default-rack, certSerialId: null}f90b1bbc-0325-4fdc-bdda-dbac376593c0{ip: 192.168.69.81, host: pr-hdds-2109-6lgm5-4208394744, networkLocation: /default-rack, certSerialId: null}8533a49c-a60c-4c36-849a-1b71101d719e{ip: 192.168.69.81, host: pr-hdds-2109-6lgm5-4208394744, networkLocation: /default-rack, certSerialId: null}, Type:RATIS, Factor:THREE, State:CLOSED]
2019-09-11 12:45:34,923 [grpc-default-executor-4] INFO  segmented.SegmentedRaftLogWorker (SegmentedRaftLogWorker.java:close(228)) - d8e74394-a0bf-4ec3-a3ce-4740c71bd9b7@group-36481D5C2926-SegmentedRaftLogWorker close()
2019-09-11 12:45:34,941 [grpc-default-executor-4] INFO  interfaces.Container (KeyValueContainer.java:flushAndSyncDB(386)) - Container 3 is synced with bcsId 6.
2019-09-11 12:45:34,941 [grpc-default-executor-4] INFO  interfaces.Container (KeyValueContainer.java:flushAndSyncDB(386)) - Container 3 is synced with bcsId 6.
2019-09-11 12:45:34,967 [EventQueue-IncrementalContainerReportForIncrementalContainerReportHandler] INFO  container.IncrementalContainerReportHandler (AbstractContainerReportHandler.java:updateContainerState(169)) - Moving container #3 to QUASI_CLOSED state, datanode d8e74394-a0bf-4ec3-a3ce-4740c71bd9b7{ip: 192.168.69.81, host: pr-hdds-2109-6lgm5-4208394744, networkLocation: /default-rack, certSerialId: null} reported QUASI_CLOSED replica.
2019-09-11 12:45:35,057 [grpc-default-executor-4] INFO  interfaces.Container (KeyValueContainer.java:flushAndSyncDB(386)) - Container 5 is synced with bcsId 0.
2019-09-11 12:45:35,058 [grpc-default-executor-4] INFO  interfaces.Container (KeyValueContainer.java:flushAndSyncDB(386)) - Container 5 is synced with bcsId 0.
2019-09-11 12:45:35,107 [EventQueue-IncrementalContainerReportForIncrementalContainerReportHandler] INFO  container.IncrementalContainerReportHandler (AbstractContainerReportHandler.java:updateContainerState(169)) - Moving container #5 to QUASI_CLOSED state, datanode d8e74394-a0bf-4ec3-a3ce-4740c71bd9b7{ip: 192.168.69.81, host: pr-hdds-2109-6lgm5-4208394744, networkLocation: /default-rack, certSerialId: null} reported QUASI_CLOSED replica.
2019-09-11 12:45:35,113 [grpc-default-executor-4] INFO  impl.RaftServerProxy (RaftServerProxy.java:remove(95)) - f90b1bbc-0325-4fdc-bdda-dbac376593c0: remove  FOLLOWER f90b1bbc-0325-4fdc-bdda-dbac376593c0@group-36481D5C2926:t3, leader=d8e74394-a0bf-4ec3-a3ce-4740c71bd9b7, voted=d8e74394-a0bf-4ec3-a3ce-4740c71bd9b7, raftlog=f90b1bbc-0325-4fdc-bdda-dbac376593c0@group-36481D5C2926-SegmentedRaftLog:OPENED:c10,f10,i17, conf=0: [f90b1bbc-0325-4fdc-bdda-dbac376593c0:192.168.69.81:41760, d8e74394-a0bf-4ec3-a3ce-4740c71bd9b7:192.168.69.81:43465, 8533a49c-a60c-4c36-849a-1b71101d719e:192.168.69.81:40456], old=null RUNNING
2019-09-11 12:45:35,113 [grpc-default-executor-4] INFO  impl.RaftServerImpl (RaftServerImpl.java:lambda$shutdown$3(251)) - f90b1bbc-0325-4fdc-bdda-dbac376593c0@group-36481D5C2926: shutdown
2019-09-11 12:45:35,113 [grpc-default-executor-4] INFO  util.JmxRegister (JmxRegister.java:unregister(73)) - Successfully un-registered JMX Bean with object name Ratis:service=RaftServer,group=group-36481D5C2926,id=f90b1bbc-0325-4fdc-bdda-dbac376593c0
2019-09-11 12:45:35,113 [grpc-default-executor-4] INFO  impl.RoleInfo (RoleInfo.java:shutdownFollowerState(121)) - f90b1bbc-0325-4fdc-bdda-dbac376593c0: shutdown FollowerState
2019-09-11 12:45:35,114 [grpc-default-executor-4] INFO  impl.StateMachineUpdater (StateMachineUpdater.java:stopAndJoin(125)) - f90b1bbc-0325-4fdc-bdda-dbac376593c0@group-36481D5C2926-StateMachineUpdater: set stopIndex = 10
2019-09-11 12:45:35,114 [Thread-361] INFO  impl.FollowerState (FollowerState.java:run(115)) - f90b1bbc-0325-4fdc-bdda-dbac376593c0: FollowerState was interrupted: java.lang.InterruptedException: sleep interrupted
2019-09-11 12:45:35,114 [f90b1bbc-0325-4fdc-bdda-dbac376593c0@group-36481D5C2926-StateMachineUpdater] INFO  ratis.ContainerStateMachine (ContainerStateMachine.java:takeSnapshot(289)) - group-36481D5C2926: Taking a snapshot at:(t:3, i:6) file /workdir/hadoop-ozone/integration-test/target/test-dir/MiniOzoneClusterImpl-72df8dd9-2b9a-4ea0-aef5-73ebd66773c1/datanode-2/data/ratis/5307b2a7-4d22-40e9-b771-36481d5c2926/sm/snapshot.3_6
2019-09-11 12:45:35,135 [f90b1bbc-0325-4fdc-bdda-dbac376593c0@group-36481D5C2926-StateMachineUpdater] INFO  ratis.ContainerStateMachine (ContainerStateMachine.java:takeSnapshot(300)) - group-36481D5C2926: Finished taking a snapshot at:(t:3, i:6) file:/workdir/hadoop-ozone/integration-test/target/test-dir/MiniOzoneClusterImpl-72df8dd9-2b9a-4ea0-aef5-73ebd66773c1/datanode-2/data/ratis/5307b2a7-4d22-40e9-b771-36481d5c2926/sm/snapshot.3_6 time:22
2019-09-11 12:45:35,135 [f90b1bbc-0325-4fdc-bdda-dbac376593c0@group-36481D5C2926-StateMachineUpdater] INFO  impl.StateMachineUpdater (StateMachineUpdater.java:takeSnapshot(258)) - f90b1bbc-0325-4fdc-bdda-dbac376593c0@group-36481D5C2926-StateMachineUpdater: Took a snapshot at index 6
2019-09-11 12:45:35,136 [f90b1bbc-0325-4fdc-bdda-dbac376593c0@group-36481D5C2926-StateMachineUpdater] INFO  impl.StateMachineUpdater (StateMachineUpdater.java:lambda$new$0(83)) - f90b1bbc-0325-4fdc-bdda-dbac376593c0@group-36481D5C2926-StateMachineUpdater: snapshotIndex: updateIncreasingly -1 -> 6
2019-09-11 12:45:35,136 [f90b1bbc-0325-4fdc-bdda-dbac376593c0@group-36481D5C2926-StateMachineUpdater] INFO  ratis.ContainerStateMachine (ContainerStateMachine.java:takeSnapshot(289)) - group-36481D5C2926: Taking a snapshot at:(t:3, i:6) file /workdir/hadoop-ozone/integration-test/target/test-dir/MiniOzoneClusterImpl-72df8dd9-2b9a-4ea0-aef5-73ebd66773c1/datanode-2/data/ratis/5307b2a7-4d22-40e9-b771-36481d5c2926/sm/snapshot.3_6
2019-09-11 12:45:35,172 [f90b1bbc-0325-4fdc-bdda-dbac376593c0@group-36481D5C2926-StateMachineUpdater] INFO  ratis.ContainerStateMachine (ContainerStateMachine.java:takeSnapshot(300)) - group-36481D5C2926: Finished taking a snapshot at:(t:3, i:6) file:/workdir/hadoop-ozone/integration-test/target/test-dir/MiniOzoneClusterImpl-72df8dd9-2b9a-4ea0-aef5-73ebd66773c1/datanode-2/data/ratis/5307b2a7-4d22-40e9-b771-36481d5c2926/sm/snapshot.3_6 time:37
2019-09-11 12:45:35,172 [f90b1bbc-0325-4fdc-bdda-dbac376593c0@group-36481D5C2926-StateMachineUpdater] INFO  impl.StateMachineUpdater (StateMachineUpdater.java:takeSnapshot(258)) - f90b1bbc-0325-4fdc-bdda-dbac376593c0@group-36481D5C2926-StateMachineUpdater: Took a snapshot at index 6
2019-09-11 12:45:35,173 [f90b1bbc-0325-4fdc-bdda-dbac376593c0@group-36481D5C2926-StateMachineUpdater] INFO  impl.StateMachineUpdater (StateMachineUpdater.java:lambda$new$0(83)) - f90b1bbc-0325-4fdc-bdda-dbac376593c0@group-36481D5C2926-StateMachineUpdater: snapshotIndex: updateIncreasingly 6 -> 6
2019-09-11 12:45:35,173 [grpc-default-executor-4] INFO  impl.RaftServerImpl (ServerState.java:close(385)) - f90b1bbc-0325-4fdc-bdda-dbac376593c0@group-36481D5C2926: closes. applyIndex: 10
2019-09-11 12:45:35,177 [f90b1bbc-0325-4fdc-bdda-dbac376593c0@group-36481D5C2926-SegmentedRaftLogWorker] ERROR ratis.XceiverServerRatis (XceiverServerRatis.java:triggerPipelineClose(568)) - pipeline Action CLOSE  on pipeline PipelineID=5307b2a7-4d22-40e9-b771-36481d5c2926.Reason : WriteLog:12: (t:3, i:12), STATEMACHINELOGENTRY, client-F2C6077FCB6C, cid=45-writeStateMachineData interrupted.
2019-09-11 12:45:35,180 [EventQueue-PipelineActionsForPipelineActionHandler] ERROR pipeline.PipelineActionHandler (PipelineActionHandler.java:onMessage(60)) - Received pipeline action CLOSE for Pipeline[ Id: 5307b2a7-4d22-40e9-b771-36481d5c2926, Nodes: d8e74394-a0bf-4ec3-a3ce-4740c71bd9b7{ip: 192.168.69.81, host: pr-hdds-2109-6lgm5-4208394744, networkLocation: /default-rack, certSerialId: null}f90b1bbc-0325-4fdc-bdda-dbac376593c0{ip: 192.168.69.81, host: pr-hdds-2109-6lgm5-4208394744, networkLocation: /default-rack, certSerialId: null}8533a49c-a60c-4c36-849a-1b71101d719e{ip: 192.168.69.81, host: pr-hdds-2109-6lgm5-4208394744, networkLocation: /default-rack, certSerialId: null}, Type:RATIS, Factor:THREE, State:CLOSED] from datanode f90b1bbc-0325-4fdc-bdda-dbac376593c0{ip: 192.168.69.81, host: pr-hdds-2109-6lgm5-4208394744, networkLocation: /default-rack, certSerialId: null}. Reason : WriteLog:12: (t:3, i:12), STATEMACHINELOGENTRY, client-F2C6077FCB6C, cid=45-writeStateMachineData interrupted.
2019-09-11 12:45:35,181 [EventQueue-PipelineActionsForPipelineActionHandler] INFO  pipeline.SCMPipelineManager (SCMPipelineManager.java:finalizeAndDestroyPipeline(311)) - destroying pipeline:Pipeline[ Id: 5307b2a7-4d22-40e9-b771-36481d5c2926, Nodes: d8e74394-a0bf-4ec3-a3ce-4740c71bd9b7{ip: 192.168.69.81, host: pr-hdds-2109-6lgm5-4208394744, networkLocation: /default-rack, certSerialId: null}f90b1bbc-0325-4fdc-bdda-dbac376593c0{ip: 192.168.69.81, host: pr-hdds-2109-6lgm5-4208394744, networkLocation: /default-rack, certSerialId: null}8533a49c-a60c-4c36-849a-1b71101d719e{ip: 192.168.69.81, host: pr-hdds-2109-6lgm5-4208394744, networkLocation: /default-rack, certSerialId: null}, Type:RATIS, Factor:THREE, State:CLOSED]
2019-09-11 12:45:35,192 [grpc-default-executor-4] INFO  segmented.SegmentedRaftLogWorker (SegmentedRaftLogWorker.java:close(228)) - f90b1bbc-0325-4fdc-bdda-dbac376593c0@group-36481D5C2926-SegmentedRaftLogWorker close()
2019-09-11 12:45:35,206 [main] WARN  io.KeyOutputStream (KeyOutputStream.java:handleException(276)) - Encountered exception java.io.IOException: Unexpected Storage Container Exception: java.util.concurrent.CompletionException: java.util.concurrent.CompletionException: org.apache.ratis.protocol.GroupMismatchException: f90b1bbc-0325-4fdc-bdda-dbac376593c0: group-36481D5C2926 not found. on the pipeline Pipeline[ Id: 5307b2a7-4d22-40e9-b771-36481d5c2926, Nodes: d8e74394-a0bf-4ec3-a3ce-4740c71bd9b7{ip: 192.168.69.81, host: pr-hdds-2109-6lgm5-4208394744, networkLocation: /default-rack, certSerialId: null}f90b1bbc-0325-4fdc-bdda-dbac376593c0{ip: 192.168.69.81, host: pr-hdds-2109-6lgm5-4208394744, networkLocation: /default-rack, certSerialId: null}8533a49c-a60c-4c36-849a-1b71101d719e{ip: 192.168.69.81, host: pr-hdds-2109-6lgm5-4208394744, networkLocation: /default-rack, certSerialId: null}, Type:RATIS, Factor:THREE, State:OPEN]. The last committed block length is 0, uncommitted data length is 400 retry count 0
2019-09-11 12:45:35,235 [grpc-default-executor-4] INFO  interfaces.Container (KeyValueContainer.java:flushAndSyncDB(386)) - Container 3 is synced with bcsId 6.
2019-09-11 12:45:35,236 [grpc-default-executor-4] INFO  interfaces.Container (KeyValueContainer.java:flushAndSyncDB(386)) - Container 3 is synced with bcsId 6.
2019-09-11 12:45:35,251 [grpc-default-executor-3] INFO  client.GrpcClientProtocolClient (GrpcClientProtocolClient.java:onNext(264)) - client-8BD3ED337FF9->d8e74394-a0bf-4ec3-a3ce-4740c71bd9b7: receive RaftClientReply:client-8BD3ED337FF9->d8e74394-a0bf-4ec3-a3ce-4740c71bd9b7@group-4D584596C0F1, cid=133, FAILED org.apache.ratis.protocol.NotLeaderException: Server d8e74394-a0bf-4ec3-a3ce-4740c71bd9b7@group-4D584596C0F1 is not the leader 8533a49c-a60c-4c36-849a-1b71101d719e:192.168.69.81:40456, logIndex=0, commits[d8e74394-a0bf-4ec3-a3ce-4740c71bd9b7:c0, f90b1bbc-0325-4fdc-bdda-dbac376593c0:c0, 8533a49c-a60c-4c36-849a-1b71101d719e:c0]
2019-09-11 12:45:35,353 [grpc-default-executor-4] INFO  interfaces.Container (KeyValueContainer.java:flushAndSyncDB(386)) - Container 5 is synced with bcsId 0.
2019-09-11 12:45:35,353 [grpc-default-executor-4] INFO  interfaces.Container (KeyValueContainer.java:flushAndSyncDB(386)) - Container 5 is synced with bcsId 0.
2019-09-11 12:45:35,384 [grpc-default-executor-4] INFO  impl.RaftServerProxy (RaftServerProxy.java:remove(95)) - 8533a49c-a60c-4c36-849a-1b71101d719e: remove  FOLLOWER 8533a49c-a60c-4c36-849a-1b71101d719e@group-36481D5C2926:t3, leader=d8e74394-a0bf-4ec3-a3ce-4740c71bd9b7, voted=null, raftlog=8533a49c-a60c-4c36-849a-1b71101d719e@group-36481D5C2926-SegmentedRaftLog:OPENED:c10,f10,i17, conf=0: [f90b1bbc-0325-4fdc-bdda-dbac376593c0:192.168.69.81:41760, d8e74394-a0bf-4ec3-a3ce-4740c71bd9b7:192.168.69.81:43465, 8533a49c-a60c-4c36-849a-1b71101d719e:192.168.69.81:40456], old=null RUNNING
2019-09-11 12:45:35,384 [grpc-default-executor-4] INFO  impl.RaftServerImpl (RaftServerImpl.java:lambda$shutdown$3(251)) - 8533a49c-a60c-4c36-849a-1b71101d719e@group-36481D5C2926: shutdown
2019-09-11 12:45:35,385 [grpc-default-executor-4] INFO  util.JmxRegister (JmxRegister.java:unregister(73)) - Successfully un-registered JMX Bean with object name Ratis:service=RaftServer,group=group-36481D5C2926,id=8533a49c-a60c-4c36-849a-1b71101d719e
2019-09-11 12:45:35,385 [grpc-default-executor-4] INFO  impl.RoleInfo (RoleInfo.java:shutdownFollowerState(121)) - 8533a49c-a60c-4c36-849a-1b71101d719e: shutdown FollowerState
2019-09-11 12:45:35,385 [grpc-default-executor-4] INFO  impl.StateMachineUpdater (StateMachineUpdater.java:stopAndJoin(125)) - 8533a49c-a60c-4c36-849a-1b71101d719e@group-36481D5C2926-StateMachineUpdater: set stopIndex = 10
2019-09-11 12:45:35,385 [Thread-362] INFO  impl.FollowerState (FollowerState.java:run(115)) - 8533a49c-a60c-4c36-849a-1b71101d719e: FollowerState was interrupted: java.lang.InterruptedException: sleep interrupted
2019-09-11 12:45:35,385 [8533a49c-a60c-4c36-849a-1b71101d719e@group-36481D5C2926-StateMachineUpdater] INFO  ratis.ContainerStateMachine (ContainerStateMachine.java:takeSnapshot(289)) - group-36481D5C2926: Taking a snapshot at:(t:3, i:6) file /workdir/hadoop-ozone/integration-test/target/test-dir/MiniOzoneClusterImpl-72df8dd9-2b9a-4ea0-aef5-73ebd66773c1/datanode-6/data/ratis/5307b2a7-4d22-40e9-b771-36481d5c2926/sm/snapshot.3_6
2019-09-11 12:45:35,430 [8533a49c-a60c-4c36-849a-1b71101d719e@group-36481D5C2926-StateMachineUpdater] INFO  ratis.ContainerStateMachine (ContainerStateMachine.java:takeSnapshot(300)) - group-36481D5C2926: Finished taking a snapshot at:(t:3, i:6) file:/workdir/hadoop-ozone/integration-test/target/test-dir/MiniOzoneClusterImpl-72df8dd9-2b9a-4ea0-aef5-73ebd66773c1/datanode-6/data/ratis/5307b2a7-4d22-40e9-b771-36481d5c2926/sm/snapshot.3_6 time:44
2019-09-11 12:45:35,430 [8533a49c-a60c-4c36-849a-1b71101d719e@group-36481D5C2926-StateMachineUpdater] INFO  impl.StateMachineUpdater (StateMachineUpdater.java:takeSnapshot(258)) - 8533a49c-a60c-4c36-849a-1b71101d719e@group-36481D5C2926-StateMachineUpdater: Took a snapshot at index 6
2019-09-11 12:45:35,430 [8533a49c-a60c-4c36-849a-1b71101d719e@group-36481D5C2926-StateMachineUpdater] INFO  impl.StateMachineUpdater (StateMachineUpdater.java:lambda$new$0(83)) - 8533a49c-a60c-4c36-849a-1b71101d719e@group-36481D5C2926-StateMachineUpdater: snapshotIndex: updateIncreasingly -1 -> 6
2019-09-11 12:45:35,430 [8533a49c-a60c-4c36-849a-1b71101d719e@group-36481D5C2926-StateMachineUpdater] INFO  ratis.ContainerStateMachine (ContainerStateMachine.java:takeSnapshot(289)) - group-36481D5C2926: Taking a snapshot at:(t:3, i:6) file /workdir/hadoop-ozone/integration-test/target/test-dir/MiniOzoneClusterImpl-72df8dd9-2b9a-4ea0-aef5-73ebd66773c1/datanode-6/data/ratis/5307b2a7-4d22-40e9-b771-36481d5c2926/sm/snapshot.3_6
2019-09-11 12:45:35,467 [grpc-default-executor-3] INFO  client.GrpcClientProtocolClient (GrpcClientProtocolClient.java:onNext(264)) - client-8BD3ED337FF9->8533a49c-a60c-4c36-849a-1b71101d719e: receive RaftClientReply:client-8BD3ED337FF9->8533a49c-a60c-4c36-849a-1b71101d719e@group-4D584596C0F1, cid=133, SUCCESS, logIndex=1, commits[8533a49c-a60c-4c36-849a-1b71101d719e:c1, f90b1bbc-0325-4fdc-bdda-dbac376593c0:c0, d8e74394-a0bf-4ec3-a3ce-4740c71bd9b7:c0]
2019-09-11 12:45:35,472 [8533a49c-a60c-4c36-849a-1b71101d719e@group-36481D5C2926-StateMachineUpdater] INFO  ratis.ContainerStateMachine (ContainerStateMachine.java:takeSnapshot(300)) - group-36481D5C2926: Finished taking a snapshot at:(t:3, i:6) file:/workdir/hadoop-ozone/integration-test/target/test-dir/MiniOzoneClusterImpl-72df8dd9-2b9a-4ea0-aef5-73ebd66773c1/datanode-6/data/ratis/5307b2a7-4d22-40e9-b771-36481d5c2926/sm/snapshot.3_6 time:42
2019-09-11 12:45:35,472 [8533a49c-a60c-4c36-849a-1b71101d719e@group-36481D5C2926-StateMachineUpdater] INFO  impl.StateMachineUpdater (StateMachineUpdater.java:takeSnapshot(258)) - 8533a49c-a60c-4c36-849a-1b71101d719e@group-36481D5C2926-StateMachineUpdater: Took a snapshot at index 6
2019-09-11 12:45:35,472 [8533a49c-a60c-4c36-849a-1b71101d719e@group-36481D5C2926-StateMachineUpdater] INFO  impl.StateMachineUpdater (StateMachineUpdater.java:lambda$new$0(83)) - 8533a49c-a60c-4c36-849a-1b71101d719e@group-36481D5C2926-StateMachineUpdater: snapshotIndex: updateIncreasingly 6 -> 6
2019-09-11 12:45:35,472 [grpc-default-executor-4] INFO  impl.RaftServerImpl (ServerState.java:close(385)) - 8533a49c-a60c-4c36-849a-1b71101d719e@group-36481D5C2926: closes. applyIndex: 10
2019-09-11 12:45:35,474 [8533a49c-a60c-4c36-849a-1b71101d719e@group-36481D5C2926-SegmentedRaftLogWorker] ERROR ratis.XceiverServerRatis (XceiverServerRatis.java:triggerPipelineClose(568)) - pipeline Action CLOSE  on pipeline PipelineID=5307b2a7-4d22-40e9-b771-36481d5c2926.Reason : WriteLog:12: (t:3, i:12), STATEMACHINELOGENTRY, client-F2C6077FCB6C, cid=45-writeStateMachineData interrupted.
2019-09-11 12:45:35,477 [EventQueue-PipelineActionsForPipelineActionHandler] ERROR pipeline.PipelineActionHandler (PipelineActionHandler.java:onMessage(60)) - Received pipeline action CLOSE for Pipeline[ Id: 5307b2a7-4d22-40e9-b771-36481d5c2926, Nodes: d8e74394-a0bf-4ec3-a3ce-4740c71bd9b7{ip: 192.168.69.81, host: pr-hdds-2109-6lgm5-4208394744, networkLocation: /default-rack, certSerialId: null}f90b1bbc-0325-4fdc-bdda-dbac376593c0{ip: 192.168.69.81, host: pr-hdds-2109-6lgm5-4208394744, networkLocation: /default-rack, certSerialId: null}8533a49c-a60c-4c36-849a-1b71101d719e{ip: 192.168.69.81, host: pr-hdds-2109-6lgm5-4208394744, networkLocation: /default-rack, certSerialId: null}, Type:RATIS, Factor:THREE, State:CLOSED] from datanode 8533a49c-a60c-4c36-849a-1b71101d719e{ip: 192.168.69.81, host: pr-hdds-2109-6lgm5-4208394744, networkLocation: /default-rack, certSerialId: null}. Reason : WriteLog:12: (t:3, i:12), STATEMACHINELOGENTRY, client-F2C6077FCB6C, cid=45-writeStateMachineData interrupted.
2019-09-11 12:45:35,477 [EventQueue-PipelineActionsForPipelineActionHandler] INFO  pipeline.SCMPipelineManager (SCMPipelineManager.java:finalizeAndDestroyPipeline(311)) - destroying pipeline:Pipeline[ Id: 5307b2a7-4d22-40e9-b771-36481d5c2926, Nodes: d8e74394-a0bf-4ec3-a3ce-4740c71bd9b7{ip: 192.168.69.81, host: pr-hdds-2109-6lgm5-4208394744, networkLocation: /default-rack, certSerialId: null}f90b1bbc-0325-4fdc-bdda-dbac376593c0{ip: 192.168.69.81, host: pr-hdds-2109-6lgm5-4208394744, networkLocation: /default-rack, certSerialId: null}8533a49c-a60c-4c36-849a-1b71101d719e{ip: 192.168.69.81, host: pr-hdds-2109-6lgm5-4208394744, networkLocation: /default-rack, certSerialId: null}, Type:RATIS, Factor:THREE, State:CLOSED]
2019-09-11 12:45:35,489 [grpc-default-executor-4] INFO  segmented.SegmentedRaftLogWorker (SegmentedRaftLogWorker.java:close(228)) - 8533a49c-a60c-4c36-849a-1b71101d719e@group-36481D5C2926-SegmentedRaftLogWorker close()
2019-09-11 12:45:35,503 [grpc-default-executor-6] INFO  client.GrpcClientProtocolClient (GrpcClientProtocolClient.java:onNext(264)) - client-8BD3ED337FF9->8533a49c-a60c-4c36-849a-1b71101d719e: receive RaftClientReply:client-8BD3ED337FF9->8533a49c-a60c-4c36-849a-1b71101d719e@group-4D584596C0F1, cid=134, SUCCESS, logIndex=3, commits[8533a49c-a60c-4c36-849a-1b71101d719e:c4, f90b1bbc-0325-4fdc-bdda-dbac376593c0:c1, d8e74394-a0bf-4ec3-a3ce-4740c71bd9b7:c1]
2019-09-11 12:45:35,506 [grpc-default-executor-4] INFO  interfaces.Container (KeyValueContainer.java:flushAndSyncDB(386)) - Container 3 is synced with bcsId 6.
2019-09-11 12:45:35,577 [grpc-default-executor-4] INFO  interfaces.Container (KeyValueContainer.java:flushAndSyncDB(386)) - Container 3 is synced with bcsId 6.
2019-09-11 12:45:35,588 [grpc-default-executor-7] INFO  client.GrpcClientProtocolClient (GrpcClientProtocolClient.java:onNext(264)) - client-8BD3ED337FF9->8533a49c-a60c-4c36-849a-1b71101d719e: receive RaftClientReply:client-8BD3ED337FF9->8533a49c-a60c-4c36-849a-1b71101d719e@group-4D584596C0F1, cid=135, SUCCESS, logIndex=4, commits[8533a49c-a60c-4c36-849a-1b71101d719e:c12, f90b1bbc-0325-4fdc-bdda-dbac376593c0:c7, d8e74394-a0bf-4ec3-a3ce-4740c71bd9b7:c7]
2019-09-11 12:45:35,591 [grpc-default-executor-7] INFO  client.GrpcClientProtocolClient (GrpcClientProtocolClient.java:onNext(264)) - client-8BD3ED337FF9->8533a49c-a60c-4c36-849a-1b71101d719e: receive RaftClientReply:client-8BD3ED337FF9->8533a49c-a60c-4c36-849a-1b71101d719e@group-4D584596C0F1, cid=136, SUCCESS, logIndex=5, commits[8533a49c-a60c-4c36-849a-1b71101d719e:c12, f90b1bbc-0325-4fdc-bdda-dbac376593c0:c7, d8e74394-a0bf-4ec3-a3ce-4740c71bd9b7:c7]
2019-09-11 12:45:35,592 [grpc-default-executor-7] INFO  client.GrpcClientProtocolClient (GrpcClientProtocolClient.java:onNext(264)) - client-8BD3ED337FF9->8533a49c-a60c-4c36-849a-1b71101d719e: receive RaftClientReply:client-8BD3ED337FF9->8533a49c-a60c-4c36-849a-1b71101d719e@group-4D584596C0F1, cid=137, SUCCESS, logIndex=6, commits[8533a49c-a60c-4c36-849a-1b71101d719e:c12, f90b1bbc-0325-4fdc-bdda-dbac376593c0:c7, d8e74394-a0bf-4ec3-a3ce-4740c71bd9b7:c7]
2019-09-11 12:45:35,754 [grpc-default-executor-7] INFO  client.GrpcClientProtocolClient (GrpcClientProtocolClient.java:onNext(264)) - client-8BD3ED337FF9->8533a49c-a60c-4c36-849a-1b71101d719e: receive RaftClientReply:client-8BD3ED337FF9->8533a49c-a60c-4c36-849a-1b71101d719e@group-4D584596C0F1, cid=138, SUCCESS, logIndex=7, commits[8533a49c-a60c-4c36-849a-1b71101d719e:c12, f90b1bbc-0325-4fdc-bdda-dbac376593c0:c7, d8e74394-a0bf-4ec3-a3ce-4740c71bd9b7:c7]
]]></system-out>
  </testcase>
  <testcase name="testBufferCaching" classname="org.apache.hadoop.ozone.client.rpc.TestBlockOutputStream" time="0.464"/>
  <testcase name="testWriteWithExceedingMaxBufferLimit" classname="org.apache.hadoop.ozone.client.rpc.TestBlockOutputStream" time="187.135">
    <failure message="expected:&lt;23&gt; but was:&lt;27&gt;" type="java.lang.AssertionError"><![CDATA[java.lang.AssertionError: expected:<23> but was:<27>
	at org.junit.Assert.fail(Assert.java:88)
	at org.junit.Assert.failNotEquals(Assert.java:743)
	at org.junit.Assert.assertEquals(Assert.java:118)
	at org.junit.Assert.assertEquals(Assert.java:555)
	at org.junit.Assert.assertEquals(Assert.java:542)
	at org.apache.hadoop.ozone.client.rpc.TestBlockOutputStream.testWriteWithExceedingMaxBufferLimit(TestBlockOutputStream.java:614)
	at sun.reflect.NativeMethodAccessorImpl.invoke0(Native Method)
	at sun.reflect.NativeMethodAccessorImpl.invoke(NativeMethodAccessorImpl.java:62)
	at sun.reflect.DelegatingMethodAccessorImpl.invoke(DelegatingMethodAccessorImpl.java:43)
	at java.lang.reflect.Method.invoke(Method.java:498)
	at org.junit.runners.model.FrameworkMethod$1.runReflectiveCall(FrameworkMethod.java:47)
	at org.junit.internal.runners.model.ReflectiveCallable.run(ReflectiveCallable.java:12)
	at org.junit.runners.model.FrameworkMethod.invokeExplosively(FrameworkMethod.java:44)
	at org.junit.internal.runners.statements.InvokeMethod.evaluate(InvokeMethod.java:17)
	at org.junit.runners.ParentRunner.runLeaf(ParentRunner.java:271)
	at org.junit.runners.BlockJUnit4ClassRunner.runChild(BlockJUnit4ClassRunner.java:70)
	at org.junit.runners.BlockJUnit4ClassRunner.runChild(BlockJUnit4ClassRunner.java:50)
	at org.junit.runners.ParentRunner$3.run(ParentRunner.java:238)
	at org.junit.runners.ParentRunner$1.schedule(ParentRunner.java:63)
	at org.junit.runners.ParentRunner.runChildren(ParentRunner.java:236)
	at org.junit.runners.ParentRunner.access$000(ParentRunner.java:53)
	at org.junit.runners.ParentRunner$2.evaluate(ParentRunner.java:229)
	at org.junit.internal.runners.statements.RunBefores.evaluate(RunBefores.java:26)
	at org.junit.internal.runners.statements.RunAfters.evaluate(RunAfters.java:27)
	at org.junit.runners.ParentRunner.run(ParentRunner.java:309)
	at org.apache.maven.surefire.junit4.JUnit4Provider.execute(JUnit4Provider.java:365)
	at org.apache.maven.surefire.junit4.JUnit4Provider.executeWithRerun(JUnit4Provider.java:273)
	at org.apache.maven.surefire.junit4.JUnit4Provider.executeTestSet(JUnit4Provider.java:238)
	at org.apache.maven.surefire.junit4.JUnit4Provider.invoke(JUnit4Provider.java:159)
	at org.apache.maven.surefire.booter.ForkedBooter.invokeProviderInSameClassLoader(ForkedBooter.java:384)
	at org.apache.maven.surefire.booter.ForkedBooter.runSuitesInProcess(ForkedBooter.java:345)
	at org.apache.maven.surefire.booter.ForkedBooter.execute(ForkedBooter.java:126)
	at org.apache.maven.surefire.booter.ForkedBooter.main(ForkedBooter.java:418)
]]></failure>
    <system-out><![CDATA[2019-09-11 12:45:37,889 [grpc-default-executor-7] INFO  impl.RaftServerProxy (RaftServerProxy.java:remove(95)) - d8e74394-a0bf-4ec3-a3ce-4740c71bd9b7: remove group-36481D5C2926:null
2019-09-11 12:45:37,892 [RatisPipelineUtilsThread] WARN  pipeline.RatisPipelineUtils (RatisPipelineUtils.java:destroyPipeline(66)) - Pipeline destroy failed for pipeline=PipelineID=5307b2a7-4d22-40e9-b771-36481d5c2926 dn=d8e74394-a0bf-4ec3-a3ce-4740c71bd9b7{ip: 192.168.69.81, host: pr-hdds-2109-6lgm5-4208394744, networkLocation: /default-rack, certSerialId: null}
2019-09-11 12:45:37,894 [grpc-default-executor-7] INFO  impl.RaftServerProxy (RaftServerProxy.java:remove(95)) - f90b1bbc-0325-4fdc-bdda-dbac376593c0: remove group-36481D5C2926:null
2019-09-11 12:45:37,896 [RatisPipelineUtilsThread] WARN  pipeline.RatisPipelineUtils (RatisPipelineUtils.java:destroyPipeline(66)) - Pipeline destroy failed for pipeline=PipelineID=5307b2a7-4d22-40e9-b771-36481d5c2926 dn=f90b1bbc-0325-4fdc-bdda-dbac376593c0{ip: 192.168.69.81, host: pr-hdds-2109-6lgm5-4208394744, networkLocation: /default-rack, certSerialId: null}
2019-09-11 12:45:37,898 [grpc-default-executor-7] INFO  impl.RaftServerProxy (RaftServerProxy.java:remove(95)) - 8533a49c-a60c-4c36-849a-1b71101d719e: remove group-36481D5C2926:null
2019-09-11 12:45:37,900 [RatisPipelineUtilsThread] WARN  pipeline.RatisPipelineUtils (RatisPipelineUtils.java:destroyPipeline(66)) - Pipeline destroy failed for pipeline=PipelineID=5307b2a7-4d22-40e9-b771-36481d5c2926 dn=8533a49c-a60c-4c36-849a-1b71101d719e{ip: 192.168.69.81, host: pr-hdds-2109-6lgm5-4208394744, networkLocation: /default-rack, certSerialId: null}
2019-09-11 12:45:37,900 [RatisPipelineUtilsThread] ERROR pipeline.SCMPipelineManager (Scheduler.java:lambda$schedule$1(70)) - Destroy pipeline failed for pipeline:Pipeline[ Id: 5307b2a7-4d22-40e9-b771-36481d5c2926, Nodes: d8e74394-a0bf-4ec3-a3ce-4740c71bd9b7{ip: 192.168.69.81, host: pr-hdds-2109-6lgm5-4208394744, networkLocation: /default-rack, certSerialId: null}f90b1bbc-0325-4fdc-bdda-dbac376593c0{ip: 192.168.69.81, host: pr-hdds-2109-6lgm5-4208394744, networkLocation: /default-rack, certSerialId: null}8533a49c-a60c-4c36-849a-1b71101d719e{ip: 192.168.69.81, host: pr-hdds-2109-6lgm5-4208394744, networkLocation: /default-rack, certSerialId: null}, Type:RATIS, Factor:THREE, State:CLOSED]
org.apache.hadoop.hdds.scm.pipeline.PipelineNotFoundException: PipelineID=5307b2a7-4d22-40e9-b771-36481d5c2926 not found
	at org.apache.hadoop.hdds.scm.pipeline.PipelineStateMap.getPipeline(PipelineStateMap.java:132)
	at org.apache.hadoop.hdds.scm.pipeline.PipelineStateMap.removePipeline(PipelineStateMap.java:322)
	at org.apache.hadoop.hdds.scm.pipeline.PipelineStateManager.removePipeline(PipelineStateManager.java:107)
	at org.apache.hadoop.hdds.scm.pipeline.SCMPipelineManager.removePipeline(SCMPipelineManager.java:423)
	at org.apache.hadoop.hdds.scm.pipeline.SCMPipelineManager.destroyPipeline(SCMPipelineManager.java:409)
	at org.apache.hadoop.hdds.scm.pipeline.SCMPipelineManager.lambda$finalizeAndDestroyPipeline$0(SCMPipelineManager.java:318)
	at org.apache.hadoop.utils.Scheduler.lambda$schedule$1(Scheduler.java:68)
	at java.util.concurrent.Executors$RunnableAdapter.call(Executors.java:511)
	at java.util.concurrent.FutureTask.run(FutureTask.java:266)
	at java.util.concurrent.ScheduledThreadPoolExecutor$ScheduledFutureTask.access$201(ScheduledThreadPoolExecutor.java:180)
	at java.util.concurrent.ScheduledThreadPoolExecutor$ScheduledFutureTask.run(ScheduledThreadPoolExecutor.java:293)
	at java.util.concurrent.ThreadPoolExecutor.runWorker(ThreadPoolExecutor.java:1149)
	at java.util.concurrent.ThreadPoolExecutor$Worker.run(ThreadPoolExecutor.java:624)
	at java.lang.Thread.run(Thread.java:748)
2019-09-11 12:45:39,241 [java.util.concurrent.ThreadPoolExecutor$Worker@4a186632[State = -1, empty queue]] WARN  server.GrpcLogAppender (GrpcLogAppender.java:timeoutAppendRequest(200)) - 608419ff-9e1e-46ed-b668-4d330b5fd69a@group-791F85AA1D09->a355c4c2-cbce-4d32-ac2d-5d7efcc7e61b-GrpcLogAppender: appendEntries Timeout, request=608419ff-9e1e-46ed-b668-4d330b5fd69a->a355c4c2-cbce-4d32-ac2d-5d7efcc7e61b#86-t1, previous=(t:1, i:10), leaderCommit=10, initializing? false, entries: size=1, first=(t:1, i:11), STATEMACHINELOGENTRY, client-D34D2F077373, cid=142
2019-09-11 12:45:39,241 [java.util.concurrent.ThreadPoolExecutor$Worker@609f90f[State = -1, empty queue]] WARN  server.GrpcLogAppender (GrpcLogAppender.java:timeoutAppendRequest(200)) - 608419ff-9e1e-46ed-b668-4d330b5fd69a@group-791F85AA1D09->5a49129c-fcc1-4df1-b4f9-e84c17474790-GrpcLogAppender: appendEntries Timeout, request=608419ff-9e1e-46ed-b668-4d330b5fd69a->5a49129c-fcc1-4df1-b4f9-e84c17474790#86-t1, previous=(t:1, i:10), leaderCommit=10, initializing? false, entries: size=1, first=(t:1, i:11), STATEMACHINELOGENTRY, client-D34D2F077373, cid=142
2019-09-11 12:45:39,241 [java.util.concurrent.ThreadPoolExecutor$Worker@4a186632[State = -1, empty queue]] WARN  server.GrpcLogAppender (GrpcLogAppender.java:timeoutAppendRequest(200)) - 608419ff-9e1e-46ed-b668-4d330b5fd69a@group-791F85AA1D09->a355c4c2-cbce-4d32-ac2d-5d7efcc7e61b-GrpcLogAppender: appendEntries Timeout, request=608419ff-9e1e-46ed-b668-4d330b5fd69a->a355c4c2-cbce-4d32-ac2d-5d7efcc7e61b#87-t1, previous=(t:1, i:11), leaderCommit=10, initializing? false, entries: size=1, first=(t:1, i:12), STATEMACHINELOGENTRY, client-D34D2F077373, cid=143
2019-09-11 12:45:39,241 [java.util.concurrent.ThreadPoolExecutor$Worker@609f90f[State = -1, empty queue]] WARN  server.GrpcLogAppender (GrpcLogAppender.java:timeoutAppendRequest(200)) - 608419ff-9e1e-46ed-b668-4d330b5fd69a@group-791F85AA1D09->5a49129c-fcc1-4df1-b4f9-e84c17474790-GrpcLogAppender: appendEntries Timeout, request=608419ff-9e1e-46ed-b668-4d330b5fd69a->5a49129c-fcc1-4df1-b4f9-e84c17474790#87-t1, previous=(t:1, i:11), leaderCommit=10, initializing? false, entries: size=1, first=(t:1, i:12), STATEMACHINELOGENTRY, client-D34D2F077373, cid=143
2019-09-11 12:45:39,242 [java.util.concurrent.ThreadPoolExecutor$Worker@4a186632[State = -1, empty queue]] WARN  server.GrpcLogAppender (GrpcLogAppender.java:timeoutAppendRequest(200)) - 608419ff-9e1e-46ed-b668-4d330b5fd69a@group-791F85AA1D09->a355c4c2-cbce-4d32-ac2d-5d7efcc7e61b-GrpcLogAppender: appendEntries Timeout, request=608419ff-9e1e-46ed-b668-4d330b5fd69a->a355c4c2-cbce-4d32-ac2d-5d7efcc7e61b#88-t1, previous=(t:1, i:12), leaderCommit=10, initializing? false, entries: size=1, first=(t:1, i:13), STATEMACHINELOGENTRY, client-D34D2F077373, cid=144
2019-09-11 12:45:39,242 [java.util.concurrent.ThreadPoolExecutor$Worker@609f90f[State = -1, empty queue]] WARN  server.GrpcLogAppender (GrpcLogAppender.java:timeoutAppendRequest(200)) - 608419ff-9e1e-46ed-b668-4d330b5fd69a@group-791F85AA1D09->5a49129c-fcc1-4df1-b4f9-e84c17474790-GrpcLogAppender: appendEntries Timeout, request=608419ff-9e1e-46ed-b668-4d330b5fd69a->5a49129c-fcc1-4df1-b4f9-e84c17474790#88-t1, previous=(t:1, i:12), leaderCommit=10, initializing? false, entries: size=1, first=(t:1, i:13), STATEMACHINELOGENTRY, client-D34D2F077373, cid=144
2019-09-11 12:45:39,243 [java.util.concurrent.ThreadPoolExecutor$Worker@4a186632[State = -1, empty queue]] WARN  server.GrpcLogAppender (GrpcLogAppender.java:timeoutAppendRequest(200)) - 608419ff-9e1e-46ed-b668-4d330b5fd69a@group-791F85AA1D09->a355c4c2-cbce-4d32-ac2d-5d7efcc7e61b-GrpcLogAppender: appendEntries Timeout, request=608419ff-9e1e-46ed-b668-4d330b5fd69a->a355c4c2-cbce-4d32-ac2d-5d7efcc7e61b#89-t1, previous=(t:1, i:13), leaderCommit=10, initializing? false, entries: size=1, first=(t:1, i:14), STATEMACHINELOGENTRY, client-D34D2F077373, cid=145
2019-09-11 12:45:39,244 [java.util.concurrent.ThreadPoolExecutor$Worker@609f90f[State = -1, empty queue]] WARN  server.GrpcLogAppender (GrpcLogAppender.java:timeoutAppendRequest(200)) - 608419ff-9e1e-46ed-b668-4d330b5fd69a@group-791F85AA1D09->5a49129c-fcc1-4df1-b4f9-e84c17474790-GrpcLogAppender: appendEntries Timeout, request=608419ff-9e1e-46ed-b668-4d330b5fd69a->5a49129c-fcc1-4df1-b4f9-e84c17474790#89-t1, previous=(t:1, i:13), leaderCommit=10, initializing? false, entries: size=1, first=(t:1, i:14), STATEMACHINELOGENTRY, client-D34D2F077373, cid=145
2019-09-11 12:45:39,245 [java.util.concurrent.ThreadPoolExecutor$Worker@609f90f[State = -1, empty queue]] WARN  server.GrpcLogAppender (GrpcLogAppender.java:timeoutAppendRequest(200)) - 608419ff-9e1e-46ed-b668-4d330b5fd69a@group-791F85AA1D09->5a49129c-fcc1-4df1-b4f9-e84c17474790-GrpcLogAppender: appendEntries Timeout, request=608419ff-9e1e-46ed-b668-4d330b5fd69a->5a49129c-fcc1-4df1-b4f9-e84c17474790#90-t1, previous=(t:1, i:14), leaderCommit=10, initializing? false, entries: size=1, first=(t:1, i:15), STATEMACHINELOGENTRY, client-D34D2F077373, cid=146
2019-09-11 12:45:39,245 [java.util.concurrent.ThreadPoolExecutor$Worker@4a186632[State = -1, empty queue]] WARN  server.GrpcLogAppender (GrpcLogAppender.java:timeoutAppendRequest(200)) - 608419ff-9e1e-46ed-b668-4d330b5fd69a@group-791F85AA1D09->a355c4c2-cbce-4d32-ac2d-5d7efcc7e61b-GrpcLogAppender: appendEntries Timeout, request=608419ff-9e1e-46ed-b668-4d330b5fd69a->a355c4c2-cbce-4d32-ac2d-5d7efcc7e61b#90-t1, previous=(t:1, i:14), leaderCommit=10, initializing? false, entries: size=1, first=(t:1, i:15), STATEMACHINELOGENTRY, client-D34D2F077373, cid=146
2019-09-11 12:45:39,245 [java.util.concurrent.ThreadPoolExecutor$Worker@609f90f[State = -1, empty queue]] WARN  server.GrpcLogAppender (GrpcLogAppender.java:timeoutAppendRequest(200)) - 608419ff-9e1e-46ed-b668-4d330b5fd69a@group-791F85AA1D09->5a49129c-fcc1-4df1-b4f9-e84c17474790-GrpcLogAppender: appendEntries Timeout, request=608419ff-9e1e-46ed-b668-4d330b5fd69a->5a49129c-fcc1-4df1-b4f9-e84c17474790#91-t1, previous=(t:1, i:15), leaderCommit=10, initializing? false, entries: size=1, first=(t:1, i:16), STATEMACHINELOGENTRY, client-D34D2F077373, cid=147
2019-09-11 12:45:39,245 [java.util.concurrent.ThreadPoolExecutor$Worker@4a186632[State = -1, empty queue]] WARN  server.GrpcLogAppender (GrpcLogAppender.java:timeoutAppendRequest(200)) - 608419ff-9e1e-46ed-b668-4d330b5fd69a@group-791F85AA1D09->a355c4c2-cbce-4d32-ac2d-5d7efcc7e61b-GrpcLogAppender: appendEntries Timeout, request=608419ff-9e1e-46ed-b668-4d330b5fd69a->a355c4c2-cbce-4d32-ac2d-5d7efcc7e61b#91-t1, previous=(t:1, i:15), leaderCommit=10, initializing? false, entries: size=1, first=(t:1, i:16), STATEMACHINELOGENTRY, client-D34D2F077373, cid=147
2019-09-11 12:45:39,896 [grpc-default-executor-6] INFO  impl.RaftServerProxy (RaftServerProxy.java:remove(95)) - d8e74394-a0bf-4ec3-a3ce-4740c71bd9b7: remove group-36481D5C2926:null
2019-09-11 12:45:39,900 [RatisPipelineUtilsThread] WARN  pipeline.RatisPipelineUtils (RatisPipelineUtils.java:destroyPipeline(66)) - Pipeline destroy failed for pipeline=PipelineID=5307b2a7-4d22-40e9-b771-36481d5c2926 dn=d8e74394-a0bf-4ec3-a3ce-4740c71bd9b7{ip: 192.168.69.81, host: pr-hdds-2109-6lgm5-4208394744, networkLocation: /default-rack, certSerialId: null}
2019-09-11 12:45:39,903 [grpc-default-executor-6] INFO  impl.RaftServerProxy (RaftServerProxy.java:remove(95)) - f90b1bbc-0325-4fdc-bdda-dbac376593c0: remove group-36481D5C2926:null
2019-09-11 12:45:39,904 [RatisPipelineUtilsThread] WARN  pipeline.RatisPipelineUtils (RatisPipelineUtils.java:destroyPipeline(66)) - Pipeline destroy failed for pipeline=PipelineID=5307b2a7-4d22-40e9-b771-36481d5c2926 dn=f90b1bbc-0325-4fdc-bdda-dbac376593c0{ip: 192.168.69.81, host: pr-hdds-2109-6lgm5-4208394744, networkLocation: /default-rack, certSerialId: null}
2019-09-11 12:45:39,907 [grpc-default-executor-6] INFO  impl.RaftServerProxy (RaftServerProxy.java:remove(95)) - 8533a49c-a60c-4c36-849a-1b71101d719e: remove group-36481D5C2926:null
2019-09-11 12:45:39,909 [RatisPipelineUtilsThread] WARN  pipeline.RatisPipelineUtils (RatisPipelineUtils.java:destroyPipeline(66)) - Pipeline destroy failed for pipeline=PipelineID=5307b2a7-4d22-40e9-b771-36481d5c2926 dn=8533a49c-a60c-4c36-849a-1b71101d719e{ip: 192.168.69.81, host: pr-hdds-2109-6lgm5-4208394744, networkLocation: /default-rack, certSerialId: null}
2019-09-11 12:45:39,910 [RatisPipelineUtilsThread] ERROR pipeline.SCMPipelineManager (Scheduler.java:lambda$schedule$1(70)) - Destroy pipeline failed for pipeline:Pipeline[ Id: 5307b2a7-4d22-40e9-b771-36481d5c2926, Nodes: d8e74394-a0bf-4ec3-a3ce-4740c71bd9b7{ip: 192.168.69.81, host: pr-hdds-2109-6lgm5-4208394744, networkLocation: /default-rack, certSerialId: null}f90b1bbc-0325-4fdc-bdda-dbac376593c0{ip: 192.168.69.81, host: pr-hdds-2109-6lgm5-4208394744, networkLocation: /default-rack, certSerialId: null}8533a49c-a60c-4c36-849a-1b71101d719e{ip: 192.168.69.81, host: pr-hdds-2109-6lgm5-4208394744, networkLocation: /default-rack, certSerialId: null}, Type:RATIS, Factor:THREE, State:CLOSED]
org.apache.hadoop.hdds.scm.pipeline.PipelineNotFoundException: PipelineID=5307b2a7-4d22-40e9-b771-36481d5c2926 not found
	at org.apache.hadoop.hdds.scm.pipeline.PipelineStateMap.getPipeline(PipelineStateMap.java:132)
	at org.apache.hadoop.hdds.scm.pipeline.PipelineStateMap.removePipeline(PipelineStateMap.java:322)
	at org.apache.hadoop.hdds.scm.pipeline.PipelineStateManager.removePipeline(PipelineStateManager.java:107)
	at org.apache.hadoop.hdds.scm.pipeline.SCMPipelineManager.removePipeline(SCMPipelineManager.java:423)
	at org.apache.hadoop.hdds.scm.pipeline.SCMPipelineManager.destroyPipeline(SCMPipelineManager.java:409)
	at org.apache.hadoop.hdds.scm.pipeline.SCMPipelineManager.lambda$finalizeAndDestroyPipeline$0(SCMPipelineManager.java:318)
	at org.apache.hadoop.utils.Scheduler.lambda$schedule$1(Scheduler.java:68)
	at java.util.concurrent.Executors$RunnableAdapter.call(Executors.java:511)
	at java.util.concurrent.FutureTask.run(FutureTask.java:266)
	at java.util.concurrent.ScheduledThreadPoolExecutor$ScheduledFutureTask.access$201(ScheduledThreadPoolExecutor.java:180)
	at java.util.concurrent.ScheduledThreadPoolExecutor$ScheduledFutureTask.run(ScheduledThreadPoolExecutor.java:293)
	at java.util.concurrent.ThreadPoolExecutor.runWorker(ThreadPoolExecutor.java:1149)
	at java.util.concurrent.ThreadPoolExecutor$Worker.run(ThreadPoolExecutor.java:624)
	at java.lang.Thread.run(Thread.java:748)
2019-09-11 12:45:41,261 [grpc-default-executor-7] INFO  client.GrpcClientProtocolClient (GrpcClientProtocolClient.java:onNext(264)) - client-D34D2F077373->5a49129c-fcc1-4df1-b4f9-e84c17474790: receive RaftClientReply:client-D34D2F077373->5a49129c-fcc1-4df1-b4f9-e84c17474790@group-791F85AA1D09, cid=142, FAILED org.apache.ratis.protocol.NotLeaderException: Server 5a49129c-fcc1-4df1-b4f9-e84c17474790@group-791F85AA1D09 is not the leader 608419ff-9e1e-46ed-b668-4d330b5fd69a:192.168.69.81:34716, logIndex=0, commits[5a49129c-fcc1-4df1-b4f9-e84c17474790:c10, a355c4c2-cbce-4d32-ac2d-5d7efcc7e61b:c9, 608419ff-9e1e-46ed-b668-4d330b5fd69a:c10]
2019-09-11 12:45:41,746 [java.util.concurrent.ThreadPoolExecutor$Worker@4a186632[State = -1, empty queue]] WARN  server.GrpcLogAppender (GrpcLogAppender.java:timeoutAppendRequest(200)) - 608419ff-9e1e-46ed-b668-4d330b5fd69a@group-791F85AA1D09->a355c4c2-cbce-4d32-ac2d-5d7efcc7e61b-GrpcLogAppender: appendEntries Timeout, request=608419ff-9e1e-46ed-b668-4d330b5fd69a->a355c4c2-cbce-4d32-ac2d-5d7efcc7e61b#92-t1, previous=(t:1, i:16), leaderCommit=10, initializing? false, entries: <empty>
2019-09-11 12:45:41,746 [java.util.concurrent.ThreadPoolExecutor$Worker@609f90f[State = -1, empty queue]] WARN  server.GrpcLogAppender (GrpcLogAppender.java:timeoutAppendRequest(200)) - 608419ff-9e1e-46ed-b668-4d330b5fd69a@group-791F85AA1D09->5a49129c-fcc1-4df1-b4f9-e84c17474790-GrpcLogAppender: appendEntries Timeout, request=608419ff-9e1e-46ed-b668-4d330b5fd69a->5a49129c-fcc1-4df1-b4f9-e84c17474790#92-t1, previous=(t:1, i:16), leaderCommit=10, initializing? false, entries: <empty>
2019-09-11 12:45:42,898 [grpc-default-executor-7] INFO  impl.RaftServerProxy (RaftServerProxy.java:remove(95)) - d8e74394-a0bf-4ec3-a3ce-4740c71bd9b7: remove group-36481D5C2926:null
2019-09-11 12:45:42,903 [RatisPipelineUtilsThread] WARN  pipeline.RatisPipelineUtils (RatisPipelineUtils.java:destroyPipeline(66)) - Pipeline destroy failed for pipeline=PipelineID=5307b2a7-4d22-40e9-b771-36481d5c2926 dn=d8e74394-a0bf-4ec3-a3ce-4740c71bd9b7{ip: 192.168.69.81, host: pr-hdds-2109-6lgm5-4208394744, networkLocation: /default-rack, certSerialId: null}
2019-09-11 12:45:42,906 [grpc-default-executor-7] INFO  impl.RaftServerProxy (RaftServerProxy.java:remove(95)) - f90b1bbc-0325-4fdc-bdda-dbac376593c0: remove group-36481D5C2926:null
2019-09-11 12:45:42,908 [RatisPipelineUtilsThread] WARN  pipeline.RatisPipelineUtils (RatisPipelineUtils.java:destroyPipeline(66)) - Pipeline destroy failed for pipeline=PipelineID=5307b2a7-4d22-40e9-b771-36481d5c2926 dn=f90b1bbc-0325-4fdc-bdda-dbac376593c0{ip: 192.168.69.81, host: pr-hdds-2109-6lgm5-4208394744, networkLocation: /default-rack, certSerialId: null}
2019-09-11 12:45:42,911 [grpc-default-executor-7] INFO  impl.RaftServerProxy (RaftServerProxy.java:remove(95)) - 8533a49c-a60c-4c36-849a-1b71101d719e: remove group-36481D5C2926:null
2019-09-11 12:45:42,913 [RatisPipelineUtilsThread] WARN  pipeline.RatisPipelineUtils (RatisPipelineUtils.java:destroyPipeline(66)) - Pipeline destroy failed for pipeline=PipelineID=5307b2a7-4d22-40e9-b771-36481d5c2926 dn=8533a49c-a60c-4c36-849a-1b71101d719e{ip: 192.168.69.81, host: pr-hdds-2109-6lgm5-4208394744, networkLocation: /default-rack, certSerialId: null}
2019-09-11 12:45:42,913 [RatisPipelineUtilsThread] ERROR pipeline.SCMPipelineManager (Scheduler.java:lambda$schedule$1(70)) - Destroy pipeline failed for pipeline:Pipeline[ Id: 5307b2a7-4d22-40e9-b771-36481d5c2926, Nodes: d8e74394-a0bf-4ec3-a3ce-4740c71bd9b7{ip: 192.168.69.81, host: pr-hdds-2109-6lgm5-4208394744, networkLocation: /default-rack, certSerialId: null}f90b1bbc-0325-4fdc-bdda-dbac376593c0{ip: 192.168.69.81, host: pr-hdds-2109-6lgm5-4208394744, networkLocation: /default-rack, certSerialId: null}8533a49c-a60c-4c36-849a-1b71101d719e{ip: 192.168.69.81, host: pr-hdds-2109-6lgm5-4208394744, networkLocation: /default-rack, certSerialId: null}, Type:RATIS, Factor:THREE, State:CLOSED]
org.apache.hadoop.hdds.scm.pipeline.PipelineNotFoundException: PipelineID=5307b2a7-4d22-40e9-b771-36481d5c2926 not found
	at org.apache.hadoop.hdds.scm.pipeline.PipelineStateMap.getPipeline(PipelineStateMap.java:132)
	at org.apache.hadoop.hdds.scm.pipeline.PipelineStateMap.removePipeline(PipelineStateMap.java:322)
	at org.apache.hadoop.hdds.scm.pipeline.PipelineStateManager.removePipeline(PipelineStateManager.java:107)
	at org.apache.hadoop.hdds.scm.pipeline.SCMPipelineManager.removePipeline(SCMPipelineManager.java:423)
	at org.apache.hadoop.hdds.scm.pipeline.SCMPipelineManager.destroyPipeline(SCMPipelineManager.java:409)
	at org.apache.hadoop.hdds.scm.pipeline.SCMPipelineManager.lambda$finalizeAndDestroyPipeline$0(SCMPipelineManager.java:318)
	at org.apache.hadoop.utils.Scheduler.lambda$schedule$1(Scheduler.java:68)
	at java.util.concurrent.Executors$RunnableAdapter.call(Executors.java:511)
	at java.util.concurrent.FutureTask.run(FutureTask.java:266)
	at java.util.concurrent.ScheduledThreadPoolExecutor$ScheduledFutureTask.access$201(ScheduledThreadPoolExecutor.java:180)
	at java.util.concurrent.ScheduledThreadPoolExecutor$ScheduledFutureTask.run(ScheduledThreadPoolExecutor.java:293)
	at java.util.concurrent.ThreadPoolExecutor.runWorker(ThreadPoolExecutor.java:1149)
	at java.util.concurrent.ThreadPoolExecutor$Worker.run(ThreadPoolExecutor.java:624)
	at java.lang.Thread.run(Thread.java:748)
2019-09-11 12:45:44,246 [java.util.concurrent.ThreadPoolExecutor$Worker@609f90f[State = -1, empty queue]] WARN  server.GrpcLogAppender (GrpcLogAppender.java:timeoutAppendRequest(200)) - 608419ff-9e1e-46ed-b668-4d330b5fd69a@group-791F85AA1D09->5a49129c-fcc1-4df1-b4f9-e84c17474790-GrpcLogAppender: appendEntries Timeout, request=608419ff-9e1e-46ed-b668-4d330b5fd69a->5a49129c-fcc1-4df1-b4f9-e84c17474790#93-t1, previous=(t:1, i:16), leaderCommit=10, initializing? false, entries: <empty>
2019-09-11 12:45:44,246 [java.util.concurrent.ThreadPoolExecutor$Worker@4a186632[State = -1, empty queue]] WARN  server.GrpcLogAppender (GrpcLogAppender.java:timeoutAppendRequest(200)) - 608419ff-9e1e-46ed-b668-4d330b5fd69a@group-791F85AA1D09->a355c4c2-cbce-4d32-ac2d-5d7efcc7e61b-GrpcLogAppender: appendEntries Timeout, request=608419ff-9e1e-46ed-b668-4d330b5fd69a->a355c4c2-cbce-4d32-ac2d-5d7efcc7e61b#93-t1, previous=(t:1, i:16), leaderCommit=10, initializing? false, entries: <empty>
2019-09-11 12:45:44,894 [grpc-default-executor-6] INFO  impl.RaftServerProxy (RaftServerProxy.java:remove(95)) - d8e74394-a0bf-4ec3-a3ce-4740c71bd9b7: remove group-36481D5C2926:null
2019-09-11 12:45:44,898 [RatisPipelineUtilsThread] WARN  pipeline.RatisPipelineUtils (RatisPipelineUtils.java:destroyPipeline(66)) - Pipeline destroy failed for pipeline=PipelineID=5307b2a7-4d22-40e9-b771-36481d5c2926 dn=d8e74394-a0bf-4ec3-a3ce-4740c71bd9b7{ip: 192.168.69.81, host: pr-hdds-2109-6lgm5-4208394744, networkLocation: /default-rack, certSerialId: null}
2019-09-11 12:45:44,902 [grpc-default-executor-6] INFO  impl.RaftServerProxy (RaftServerProxy.java:remove(95)) - f90b1bbc-0325-4fdc-bdda-dbac376593c0: remove group-36481D5C2926:null
2019-09-11 12:45:44,904 [RatisPipelineUtilsThread] WARN  pipeline.RatisPipelineUtils (RatisPipelineUtils.java:destroyPipeline(66)) - Pipeline destroy failed for pipeline=PipelineID=5307b2a7-4d22-40e9-b771-36481d5c2926 dn=f90b1bbc-0325-4fdc-bdda-dbac376593c0{ip: 192.168.69.81, host: pr-hdds-2109-6lgm5-4208394744, networkLocation: /default-rack, certSerialId: null}
2019-09-11 12:45:44,906 [grpc-default-executor-6] INFO  impl.RaftServerProxy (RaftServerProxy.java:remove(95)) - 8533a49c-a60c-4c36-849a-1b71101d719e: remove group-36481D5C2926:null
2019-09-11 12:45:44,908 [RatisPipelineUtilsThread] WARN  pipeline.RatisPipelineUtils (RatisPipelineUtils.java:destroyPipeline(66)) - Pipeline destroy failed for pipeline=PipelineID=5307b2a7-4d22-40e9-b771-36481d5c2926 dn=8533a49c-a60c-4c36-849a-1b71101d719e{ip: 192.168.69.81, host: pr-hdds-2109-6lgm5-4208394744, networkLocation: /default-rack, certSerialId: null}
2019-09-11 12:45:44,909 [RatisPipelineUtilsThread] ERROR pipeline.SCMPipelineManager (Scheduler.java:lambda$schedule$1(70)) - Destroy pipeline failed for pipeline:Pipeline[ Id: 5307b2a7-4d22-40e9-b771-36481d5c2926, Nodes: d8e74394-a0bf-4ec3-a3ce-4740c71bd9b7{ip: 192.168.69.81, host: pr-hdds-2109-6lgm5-4208394744, networkLocation: /default-rack, certSerialId: null}f90b1bbc-0325-4fdc-bdda-dbac376593c0{ip: 192.168.69.81, host: pr-hdds-2109-6lgm5-4208394744, networkLocation: /default-rack, certSerialId: null}8533a49c-a60c-4c36-849a-1b71101d719e{ip: 192.168.69.81, host: pr-hdds-2109-6lgm5-4208394744, networkLocation: /default-rack, certSerialId: null}, Type:RATIS, Factor:THREE, State:CLOSED]
org.apache.hadoop.hdds.scm.pipeline.PipelineNotFoundException: PipelineID=5307b2a7-4d22-40e9-b771-36481d5c2926 not found
	at org.apache.hadoop.hdds.scm.pipeline.PipelineStateMap.getPipeline(PipelineStateMap.java:132)
	at org.apache.hadoop.hdds.scm.pipeline.PipelineStateMap.removePipeline(PipelineStateMap.java:322)
	at org.apache.hadoop.hdds.scm.pipeline.PipelineStateManager.removePipeline(PipelineStateManager.java:107)
	at org.apache.hadoop.hdds.scm.pipeline.SCMPipelineManager.removePipeline(SCMPipelineManager.java:423)
	at org.apache.hadoop.hdds.scm.pipeline.SCMPipelineManager.destroyPipeline(SCMPipelineManager.java:409)
	at org.apache.hadoop.hdds.scm.pipeline.SCMPipelineManager.lambda$finalizeAndDestroyPipeline$0(SCMPipelineManager.java:318)
	at org.apache.hadoop.utils.Scheduler.lambda$schedule$1(Scheduler.java:68)
	at java.util.concurrent.Executors$RunnableAdapter.call(Executors.java:511)
	at java.util.concurrent.FutureTask.run(FutureTask.java:266)
	at java.util.concurrent.ScheduledThreadPoolExecutor$ScheduledFutureTask.access$201(ScheduledThreadPoolExecutor.java:180)
	at java.util.concurrent.ScheduledThreadPoolExecutor$ScheduledFutureTask.run(ScheduledThreadPoolExecutor.java:293)
	at java.util.concurrent.ThreadPoolExecutor.runWorker(ThreadPoolExecutor.java:1149)
	at java.util.concurrent.ThreadPoolExecutor$Worker.run(ThreadPoolExecutor.java:624)
	at java.lang.Thread.run(Thread.java:748)
2019-09-11 12:45:46,242 [a355c4c2-cbce-4d32-ac2d-5d7efcc7e61b@group-791F85AA1D09-SegmentedRaftLogWorker] WARN  segmented.SegmentedRaftLogWorker (SegmentedRaftLogWorker.java:getFromFuture(90)) - Timeout 0/~
org.apache.ratis.protocol.TimeoutIOException: Timeout 10s: WriteLog:11: (t:1, i:11), STATEMACHINELOGENTRY, client-D34D2F077373, cid=142-writeStateMachineData
	at org.apache.ratis.util.IOUtils.getFromFuture(IOUtils.java:87)
	at org.apache.ratis.server.raftlog.segmented.SegmentedRaftLogWorker$StateMachineDataPolicy.getFromFuture(SegmentedRaftLogWorker.java:87)
	at org.apache.ratis.server.raftlog.segmented.SegmentedRaftLogWorker$WriteLog.execute(SegmentedRaftLogWorker.java:477)
	at org.apache.ratis.server.raftlog.segmented.SegmentedRaftLogWorker.run(SegmentedRaftLogWorker.java:289)
	at java.lang.Thread.run(Thread.java:748)
Caused by: java.util.concurrent.TimeoutException
	at java.util.concurrent.CompletableFuture.timedGet(CompletableFuture.java:1771)
	at java.util.concurrent.CompletableFuture.get(CompletableFuture.java:1915)
	at org.apache.ratis.util.IOUtils.getFromFuture(IOUtils.java:79)
	... 4 more
2019-09-11 12:45:46,242 [5a49129c-fcc1-4df1-b4f9-e84c17474790@group-791F85AA1D09-SegmentedRaftLogWorker] WARN  segmented.SegmentedRaftLogWorker (SegmentedRaftLogWorker.java:getFromFuture(90)) - Timeout 0/~
org.apache.ratis.protocol.TimeoutIOException: Timeout 10s: WriteLog:11: (t:1, i:11), STATEMACHINELOGENTRY, client-D34D2F077373, cid=142-writeStateMachineData
	at org.apache.ratis.util.IOUtils.getFromFuture(IOUtils.java:87)
	at org.apache.ratis.server.raftlog.segmented.SegmentedRaftLogWorker$StateMachineDataPolicy.getFromFuture(SegmentedRaftLogWorker.java:87)
	at org.apache.ratis.server.raftlog.segmented.SegmentedRaftLogWorker$WriteLog.execute(SegmentedRaftLogWorker.java:477)
	at org.apache.ratis.server.raftlog.segmented.SegmentedRaftLogWorker.run(SegmentedRaftLogWorker.java:289)
	at java.lang.Thread.run(Thread.java:748)
Caused by: java.util.concurrent.TimeoutException
	at java.util.concurrent.CompletableFuture.timedGet(CompletableFuture.java:1771)
	at java.util.concurrent.CompletableFuture.get(CompletableFuture.java:1915)
	at org.apache.ratis.util.IOUtils.getFromFuture(IOUtils.java:79)
	... 4 more
2019-09-11 12:45:46,291 [grpc-default-executor-6] INFO  client.GrpcClientProtocolClient (GrpcClientProtocolClient.java:onNext(264)) - client-D34D2F077373->a355c4c2-cbce-4d32-ac2d-5d7efcc7e61b: receive RaftClientReply:client-D34D2F077373->a355c4c2-cbce-4d32-ac2d-5d7efcc7e61b@group-791F85AA1D09, cid=142, FAILED org.apache.ratis.protocol.NotLeaderException: Server a355c4c2-cbce-4d32-ac2d-5d7efcc7e61b@group-791F85AA1D09 is not the leader 608419ff-9e1e-46ed-b668-4d330b5fd69a:192.168.69.81:34716, logIndex=0, commits[a355c4c2-cbce-4d32-ac2d-5d7efcc7e61b:c10, 608419ff-9e1e-46ed-b668-4d330b5fd69a:c10, 5a49129c-fcc1-4df1-b4f9-e84c17474790:c9]
2019-09-11 12:45:46,402 [608419ff-9e1e-46ed-b668-4d330b5fd69a@group-791F85AA1D09-SegmentedRaftLogWorker] WARN  segmented.SegmentedRaftLogWorker (SegmentedRaftLogWorker.java:getFromFuture(90)) - Timeout 0/~
org.apache.ratis.protocol.TimeoutIOException: Timeout 10s: WriteLog:12: (t:1, i:12), STATEMACHINELOGENTRY, client-D34D2F077373, cid=143-writeStateMachineData
	at org.apache.ratis.util.IOUtils.getFromFuture(IOUtils.java:87)
	at org.apache.ratis.server.raftlog.segmented.SegmentedRaftLogWorker$StateMachineDataPolicy.getFromFuture(SegmentedRaftLogWorker.java:87)
	at org.apache.ratis.server.raftlog.segmented.SegmentedRaftLogWorker$WriteLog.execute(SegmentedRaftLogWorker.java:477)
	at org.apache.ratis.server.raftlog.segmented.SegmentedRaftLogWorker.run(SegmentedRaftLogWorker.java:289)
	at java.lang.Thread.run(Thread.java:748)
Caused by: java.util.concurrent.TimeoutException
	at java.util.concurrent.CompletableFuture.timedGet(CompletableFuture.java:1771)
	at java.util.concurrent.CompletableFuture.get(CompletableFuture.java:1915)
	at org.apache.ratis.util.IOUtils.getFromFuture(IOUtils.java:79)
	... 4 more
2019-09-11 12:45:46,747 [java.util.concurrent.ThreadPoolExecutor$Worker@4a186632[State = -1, empty queue]] WARN  server.GrpcLogAppender (GrpcLogAppender.java:timeoutAppendRequest(200)) - 608419ff-9e1e-46ed-b668-4d330b5fd69a@group-791F85AA1D09->a355c4c2-cbce-4d32-ac2d-5d7efcc7e61b-GrpcLogAppender: appendEntries Timeout, request=608419ff-9e1e-46ed-b668-4d330b5fd69a->a355c4c2-cbce-4d32-ac2d-5d7efcc7e61b#94-t1, previous=(t:1, i:16), leaderCommit=10, initializing? false, entries: <empty>
2019-09-11 12:45:46,747 [java.util.concurrent.ThreadPoolExecutor$Worker@609f90f[State = -1, empty queue]] WARN  server.GrpcLogAppender (GrpcLogAppender.java:timeoutAppendRequest(200)) - 608419ff-9e1e-46ed-b668-4d330b5fd69a@group-791F85AA1D09->5a49129c-fcc1-4df1-b4f9-e84c17474790-GrpcLogAppender: appendEntries Timeout, request=608419ff-9e1e-46ed-b668-4d330b5fd69a->5a49129c-fcc1-4df1-b4f9-e84c17474790#94-t1, previous=(t:1, i:16), leaderCommit=10, initializing? false, entries: <empty>
2019-09-11 12:45:47,893 [grpc-default-executor-4] INFO  impl.RaftServerProxy (RaftServerProxy.java:remove(95)) - d8e74394-a0bf-4ec3-a3ce-4740c71bd9b7: remove group-36481D5C2926:null
2019-09-11 12:45:47,896 [RatisPipelineUtilsThread] WARN  pipeline.RatisPipelineUtils (RatisPipelineUtils.java:destroyPipeline(66)) - Pipeline destroy failed for pipeline=PipelineID=5307b2a7-4d22-40e9-b771-36481d5c2926 dn=d8e74394-a0bf-4ec3-a3ce-4740c71bd9b7{ip: 192.168.69.81, host: pr-hdds-2109-6lgm5-4208394744, networkLocation: /default-rack, certSerialId: null}
2019-09-11 12:45:47,898 [grpc-default-executor-4] INFO  impl.RaftServerProxy (RaftServerProxy.java:remove(95)) - f90b1bbc-0325-4fdc-bdda-dbac376593c0: remove group-36481D5C2926:null
2019-09-11 12:45:47,900 [RatisPipelineUtilsThread] WARN  pipeline.RatisPipelineUtils (RatisPipelineUtils.java:destroyPipeline(66)) - Pipeline destroy failed for pipeline=PipelineID=5307b2a7-4d22-40e9-b771-36481d5c2926 dn=f90b1bbc-0325-4fdc-bdda-dbac376593c0{ip: 192.168.69.81, host: pr-hdds-2109-6lgm5-4208394744, networkLocation: /default-rack, certSerialId: null}
2019-09-11 12:45:47,902 [grpc-default-executor-4] INFO  impl.RaftServerProxy (RaftServerProxy.java:remove(95)) - 8533a49c-a60c-4c36-849a-1b71101d719e: remove group-36481D5C2926:null
2019-09-11 12:45:47,904 [RatisPipelineUtilsThread] WARN  pipeline.RatisPipelineUtils (RatisPipelineUtils.java:destroyPipeline(66)) - Pipeline destroy failed for pipeline=PipelineID=5307b2a7-4d22-40e9-b771-36481d5c2926 dn=8533a49c-a60c-4c36-849a-1b71101d719e{ip: 192.168.69.81, host: pr-hdds-2109-6lgm5-4208394744, networkLocation: /default-rack, certSerialId: null}
2019-09-11 12:45:47,905 [RatisPipelineUtilsThread] ERROR pipeline.SCMPipelineManager (Scheduler.java:lambda$schedule$1(70)) - Destroy pipeline failed for pipeline:Pipeline[ Id: 5307b2a7-4d22-40e9-b771-36481d5c2926, Nodes: d8e74394-a0bf-4ec3-a3ce-4740c71bd9b7{ip: 192.168.69.81, host: pr-hdds-2109-6lgm5-4208394744, networkLocation: /default-rack, certSerialId: null}f90b1bbc-0325-4fdc-bdda-dbac376593c0{ip: 192.168.69.81, host: pr-hdds-2109-6lgm5-4208394744, networkLocation: /default-rack, certSerialId: null}8533a49c-a60c-4c36-849a-1b71101d719e{ip: 192.168.69.81, host: pr-hdds-2109-6lgm5-4208394744, networkLocation: /default-rack, certSerialId: null}, Type:RATIS, Factor:THREE, State:CLOSED]
org.apache.hadoop.hdds.scm.pipeline.PipelineNotFoundException: PipelineID=5307b2a7-4d22-40e9-b771-36481d5c2926 not found
	at org.apache.hadoop.hdds.scm.pipeline.PipelineStateMap.getPipeline(PipelineStateMap.java:132)
	at org.apache.hadoop.hdds.scm.pipeline.PipelineStateMap.removePipeline(PipelineStateMap.java:322)
	at org.apache.hadoop.hdds.scm.pipeline.PipelineStateManager.removePipeline(PipelineStateManager.java:107)
	at org.apache.hadoop.hdds.scm.pipeline.SCMPipelineManager.removePipeline(SCMPipelineManager.java:423)
	at org.apache.hadoop.hdds.scm.pipeline.SCMPipelineManager.destroyPipeline(SCMPipelineManager.java:409)
	at org.apache.hadoop.hdds.scm.pipeline.SCMPipelineManager.lambda$finalizeAndDestroyPipeline$0(SCMPipelineManager.java:318)
	at org.apache.hadoop.utils.Scheduler.lambda$schedule$1(Scheduler.java:68)
	at java.util.concurrent.Executors$RunnableAdapter.call(Executors.java:511)
	at java.util.concurrent.FutureTask.run(FutureTask.java:266)
	at java.util.concurrent.ScheduledThreadPoolExecutor$ScheduledFutureTask.access$201(ScheduledThreadPoolExecutor.java:180)
	at java.util.concurrent.ScheduledThreadPoolExecutor$ScheduledFutureTask.run(ScheduledThreadPoolExecutor.java:293)
	at java.util.concurrent.ThreadPoolExecutor.runWorker(ThreadPoolExecutor.java:1149)
	at java.util.concurrent.ThreadPoolExecutor$Worker.run(ThreadPoolExecutor.java:624)
	at java.lang.Thread.run(Thread.java:748)
2019-09-11 12:45:49,247 [java.util.concurrent.ThreadPoolExecutor$Worker@4a186632[State = -1, empty queue]] WARN  server.GrpcLogAppender (GrpcLogAppender.java:timeoutAppendRequest(200)) - 608419ff-9e1e-46ed-b668-4d330b5fd69a@group-791F85AA1D09->a355c4c2-cbce-4d32-ac2d-5d7efcc7e61b-GrpcLogAppender: appendEntries Timeout, request=608419ff-9e1e-46ed-b668-4d330b5fd69a->a355c4c2-cbce-4d32-ac2d-5d7efcc7e61b#95-t1, previous=(t:1, i:16), leaderCommit=10, initializing? false, entries: <empty>
2019-09-11 12:45:49,247 [java.util.concurrent.ThreadPoolExecutor$Worker@609f90f[State = -1, empty queue]] WARN  server.GrpcLogAppender (GrpcLogAppender.java:timeoutAppendRequest(200)) - 608419ff-9e1e-46ed-b668-4d330b5fd69a@group-791F85AA1D09->5a49129c-fcc1-4df1-b4f9-e84c17474790-GrpcLogAppender: appendEntries Timeout, request=608419ff-9e1e-46ed-b668-4d330b5fd69a->5a49129c-fcc1-4df1-b4f9-e84c17474790#95-t1, previous=(t:1, i:16), leaderCommit=10, initializing? false, entries: <empty>
2019-09-11 12:45:49,893 [grpc-default-executor-4] INFO  impl.RaftServerProxy (RaftServerProxy.java:remove(95)) - d8e74394-a0bf-4ec3-a3ce-4740c71bd9b7: remove group-36481D5C2926:null
2019-09-11 12:45:49,896 [RatisPipelineUtilsThread] WARN  pipeline.RatisPipelineUtils (RatisPipelineUtils.java:destroyPipeline(66)) - Pipeline destroy failed for pipeline=PipelineID=5307b2a7-4d22-40e9-b771-36481d5c2926 dn=d8e74394-a0bf-4ec3-a3ce-4740c71bd9b7{ip: 192.168.69.81, host: pr-hdds-2109-6lgm5-4208394744, networkLocation: /default-rack, certSerialId: null}
2019-09-11 12:45:49,898 [grpc-default-executor-4] INFO  impl.RaftServerProxy (RaftServerProxy.java:remove(95)) - f90b1bbc-0325-4fdc-bdda-dbac376593c0: remove group-36481D5C2926:null
2019-09-11 12:45:49,900 [RatisPipelineUtilsThread] WARN  pipeline.RatisPipelineUtils (RatisPipelineUtils.java:destroyPipeline(66)) - Pipeline destroy failed for pipeline=PipelineID=5307b2a7-4d22-40e9-b771-36481d5c2926 dn=f90b1bbc-0325-4fdc-bdda-dbac376593c0{ip: 192.168.69.81, host: pr-hdds-2109-6lgm5-4208394744, networkLocation: /default-rack, certSerialId: null}
2019-09-11 12:45:49,902 [grpc-default-executor-4] INFO  impl.RaftServerProxy (RaftServerProxy.java:remove(95)) - 8533a49c-a60c-4c36-849a-1b71101d719e: remove group-36481D5C2926:null
2019-09-11 12:45:49,903 [RatisPipelineUtilsThread] WARN  pipeline.RatisPipelineUtils (RatisPipelineUtils.java:destroyPipeline(66)) - Pipeline destroy failed for pipeline=PipelineID=5307b2a7-4d22-40e9-b771-36481d5c2926 dn=8533a49c-a60c-4c36-849a-1b71101d719e{ip: 192.168.69.81, host: pr-hdds-2109-6lgm5-4208394744, networkLocation: /default-rack, certSerialId: null}
2019-09-11 12:45:49,904 [RatisPipelineUtilsThread] ERROR pipeline.SCMPipelineManager (Scheduler.java:lambda$schedule$1(70)) - Destroy pipeline failed for pipeline:Pipeline[ Id: 5307b2a7-4d22-40e9-b771-36481d5c2926, Nodes: d8e74394-a0bf-4ec3-a3ce-4740c71bd9b7{ip: 192.168.69.81, host: pr-hdds-2109-6lgm5-4208394744, networkLocation: /default-rack, certSerialId: null}f90b1bbc-0325-4fdc-bdda-dbac376593c0{ip: 192.168.69.81, host: pr-hdds-2109-6lgm5-4208394744, networkLocation: /default-rack, certSerialId: null}8533a49c-a60c-4c36-849a-1b71101d719e{ip: 192.168.69.81, host: pr-hdds-2109-6lgm5-4208394744, networkLocation: /default-rack, certSerialId: null}, Type:RATIS, Factor:THREE, State:CLOSED]
org.apache.hadoop.hdds.scm.pipeline.PipelineNotFoundException: PipelineID=5307b2a7-4d22-40e9-b771-36481d5c2926 not found
	at org.apache.hadoop.hdds.scm.pipeline.PipelineStateMap.getPipeline(PipelineStateMap.java:132)
	at org.apache.hadoop.hdds.scm.pipeline.PipelineStateMap.removePipeline(PipelineStateMap.java:322)
	at org.apache.hadoop.hdds.scm.pipeline.PipelineStateManager.removePipeline(PipelineStateManager.java:107)
	at org.apache.hadoop.hdds.scm.pipeline.SCMPipelineManager.removePipeline(SCMPipelineManager.java:423)
	at org.apache.hadoop.hdds.scm.pipeline.SCMPipelineManager.destroyPipeline(SCMPipelineManager.java:409)
	at org.apache.hadoop.hdds.scm.pipeline.SCMPipelineManager.lambda$finalizeAndDestroyPipeline$0(SCMPipelineManager.java:318)
	at org.apache.hadoop.utils.Scheduler.lambda$schedule$1(Scheduler.java:68)
	at java.util.concurrent.Executors$RunnableAdapter.call(Executors.java:511)
	at java.util.concurrent.FutureTask.run(FutureTask.java:266)
	at java.util.concurrent.ScheduledThreadPoolExecutor$ScheduledFutureTask.access$201(ScheduledThreadPoolExecutor.java:180)
	at java.util.concurrent.ScheduledThreadPoolExecutor$ScheduledFutureTask.run(ScheduledThreadPoolExecutor.java:293)
	at java.util.concurrent.ThreadPoolExecutor.runWorker(ThreadPoolExecutor.java:1149)
	at java.util.concurrent.ThreadPoolExecutor$Worker.run(ThreadPoolExecutor.java:624)
	at java.lang.Thread.run(Thread.java:748)
2019-09-11 12:45:51,322 [grpc-default-executor-4] INFO  client.GrpcClientProtocolClient (GrpcClientProtocolClient.java:onNext(264)) - client-D34D2F077373->a355c4c2-cbce-4d32-ac2d-5d7efcc7e61b: receive RaftClientReply:client-D34D2F077373->a355c4c2-cbce-4d32-ac2d-5d7efcc7e61b@group-791F85AA1D09, cid=142, FAILED org.apache.ratis.protocol.NotLeaderException: Server a355c4c2-cbce-4d32-ac2d-5d7efcc7e61b@group-791F85AA1D09 is not the leader 608419ff-9e1e-46ed-b668-4d330b5fd69a:192.168.69.81:34716, logIndex=0, commits[a355c4c2-cbce-4d32-ac2d-5d7efcc7e61b:c10, 608419ff-9e1e-46ed-b668-4d330b5fd69a:c10, 5a49129c-fcc1-4df1-b4f9-e84c17474790:c9]
2019-09-11 12:45:51,747 [java.util.concurrent.ThreadPoolExecutor$Worker@609f90f[State = -1, empty queue]] WARN  server.GrpcLogAppender (GrpcLogAppender.java:timeoutAppendRequest(200)) - 608419ff-9e1e-46ed-b668-4d330b5fd69a@group-791F85AA1D09->5a49129c-fcc1-4df1-b4f9-e84c17474790-GrpcLogAppender: appendEntries Timeout, request=608419ff-9e1e-46ed-b668-4d330b5fd69a->5a49129c-fcc1-4df1-b4f9-e84c17474790#96-t1, previous=(t:1, i:16), leaderCommit=10, initializing? false, entries: <empty>
2019-09-11 12:45:51,747 [java.util.concurrent.ThreadPoolExecutor$Worker@4a186632[State = -1, empty queue]] WARN  server.GrpcLogAppender (GrpcLogAppender.java:timeoutAppendRequest(200)) - 608419ff-9e1e-46ed-b668-4d330b5fd69a@group-791F85AA1D09->a355c4c2-cbce-4d32-ac2d-5d7efcc7e61b-GrpcLogAppender: appendEntries Timeout, request=608419ff-9e1e-46ed-b668-4d330b5fd69a->a355c4c2-cbce-4d32-ac2d-5d7efcc7e61b#96-t1, previous=(t:1, i:16), leaderCommit=10, initializing? false, entries: <empty>
2019-09-11 12:45:52,893 [grpc-default-executor-4] INFO  impl.RaftServerProxy (RaftServerProxy.java:remove(95)) - d8e74394-a0bf-4ec3-a3ce-4740c71bd9b7: remove group-36481D5C2926:null
2019-09-11 12:45:52,895 [RatisPipelineUtilsThread] WARN  pipeline.RatisPipelineUtils (RatisPipelineUtils.java:destroyPipeline(66)) - Pipeline destroy failed for pipeline=PipelineID=5307b2a7-4d22-40e9-b771-36481d5c2926 dn=d8e74394-a0bf-4ec3-a3ce-4740c71bd9b7{ip: 192.168.69.81, host: pr-hdds-2109-6lgm5-4208394744, networkLocation: /default-rack, certSerialId: null}
2019-09-11 12:45:52,898 [grpc-default-executor-4] INFO  impl.RaftServerProxy (RaftServerProxy.java:remove(95)) - f90b1bbc-0325-4fdc-bdda-dbac376593c0: remove group-36481D5C2926:null
2019-09-11 12:45:52,901 [RatisPipelineUtilsThread] WARN  pipeline.RatisPipelineUtils (RatisPipelineUtils.java:destroyPipeline(66)) - Pipeline destroy failed for pipeline=PipelineID=5307b2a7-4d22-40e9-b771-36481d5c2926 dn=f90b1bbc-0325-4fdc-bdda-dbac376593c0{ip: 192.168.69.81, host: pr-hdds-2109-6lgm5-4208394744, networkLocation: /default-rack, certSerialId: null}
2019-09-11 12:45:52,904 [grpc-default-executor-6] INFO  impl.RaftServerProxy (RaftServerProxy.java:remove(95)) - 8533a49c-a60c-4c36-849a-1b71101d719e: remove group-36481D5C2926:null
2019-09-11 12:45:52,906 [RatisPipelineUtilsThread] WARN  pipeline.RatisPipelineUtils (RatisPipelineUtils.java:destroyPipeline(66)) - Pipeline destroy failed for pipeline=PipelineID=5307b2a7-4d22-40e9-b771-36481d5c2926 dn=8533a49c-a60c-4c36-849a-1b71101d719e{ip: 192.168.69.81, host: pr-hdds-2109-6lgm5-4208394744, networkLocation: /default-rack, certSerialId: null}
2019-09-11 12:45:52,906 [RatisPipelineUtilsThread] ERROR pipeline.SCMPipelineManager (Scheduler.java:lambda$schedule$1(70)) - Destroy pipeline failed for pipeline:Pipeline[ Id: 5307b2a7-4d22-40e9-b771-36481d5c2926, Nodes: d8e74394-a0bf-4ec3-a3ce-4740c71bd9b7{ip: 192.168.69.81, host: pr-hdds-2109-6lgm5-4208394744, networkLocation: /default-rack, certSerialId: null}f90b1bbc-0325-4fdc-bdda-dbac376593c0{ip: 192.168.69.81, host: pr-hdds-2109-6lgm5-4208394744, networkLocation: /default-rack, certSerialId: null}8533a49c-a60c-4c36-849a-1b71101d719e{ip: 192.168.69.81, host: pr-hdds-2109-6lgm5-4208394744, networkLocation: /default-rack, certSerialId: null}, Type:RATIS, Factor:THREE, State:CLOSED]
org.apache.hadoop.hdds.scm.pipeline.PipelineNotFoundException: PipelineID=5307b2a7-4d22-40e9-b771-36481d5c2926 not found
	at org.apache.hadoop.hdds.scm.pipeline.PipelineStateMap.getPipeline(PipelineStateMap.java:132)
	at org.apache.hadoop.hdds.scm.pipeline.PipelineStateMap.removePipeline(PipelineStateMap.java:322)
	at org.apache.hadoop.hdds.scm.pipeline.PipelineStateManager.removePipeline(PipelineStateManager.java:107)
	at org.apache.hadoop.hdds.scm.pipeline.SCMPipelineManager.removePipeline(SCMPipelineManager.java:423)
	at org.apache.hadoop.hdds.scm.pipeline.SCMPipelineManager.destroyPipeline(SCMPipelineManager.java:409)
	at org.apache.hadoop.hdds.scm.pipeline.SCMPipelineManager.lambda$finalizeAndDestroyPipeline$0(SCMPipelineManager.java:318)
	at org.apache.hadoop.utils.Scheduler.lambda$schedule$1(Scheduler.java:68)
	at java.util.concurrent.Executors$RunnableAdapter.call(Executors.java:511)
	at java.util.concurrent.FutureTask.run(FutureTask.java:266)
	at java.util.concurrent.ScheduledThreadPoolExecutor$ScheduledFutureTask.access$201(ScheduledThreadPoolExecutor.java:180)
	at java.util.concurrent.ScheduledThreadPoolExecutor$ScheduledFutureTask.run(ScheduledThreadPoolExecutor.java:293)
	at java.util.concurrent.ThreadPoolExecutor.runWorker(ThreadPoolExecutor.java:1149)
	at java.util.concurrent.ThreadPoolExecutor$Worker.run(ThreadPoolExecutor.java:624)
	at java.lang.Thread.run(Thread.java:748)
2019-09-11 12:45:54,248 [java.util.concurrent.ThreadPoolExecutor$Worker@609f90f[State = -1, empty queue]] WARN  server.GrpcLogAppender (GrpcLogAppender.java:timeoutAppendRequest(200)) - 608419ff-9e1e-46ed-b668-4d330b5fd69a@group-791F85AA1D09->5a49129c-fcc1-4df1-b4f9-e84c17474790-GrpcLogAppender: appendEntries Timeout, request=608419ff-9e1e-46ed-b668-4d330b5fd69a->5a49129c-fcc1-4df1-b4f9-e84c17474790#97-t1, previous=(t:1, i:16), leaderCommit=10, initializing? false, entries: <empty>
2019-09-11 12:45:54,248 [java.util.concurrent.ThreadPoolExecutor$Worker@4a186632[State = -1, empty queue]] WARN  server.GrpcLogAppender (GrpcLogAppender.java:timeoutAppendRequest(200)) - 608419ff-9e1e-46ed-b668-4d330b5fd69a@group-791F85AA1D09->a355c4c2-cbce-4d32-ac2d-5d7efcc7e61b-GrpcLogAppender: appendEntries Timeout, request=608419ff-9e1e-46ed-b668-4d330b5fd69a->a355c4c2-cbce-4d32-ac2d-5d7efcc7e61b#97-t1, previous=(t:1, i:16), leaderCommit=10, initializing? false, entries: <empty>
2019-09-11 12:45:54,892 [grpc-default-executor-4] INFO  impl.RaftServerProxy (RaftServerProxy.java:remove(95)) - d8e74394-a0bf-4ec3-a3ce-4740c71bd9b7: remove group-36481D5C2926:null
2019-09-11 12:45:54,895 [RatisPipelineUtilsThread] WARN  pipeline.RatisPipelineUtils (RatisPipelineUtils.java:destroyPipeline(66)) - Pipeline destroy failed for pipeline=PipelineID=5307b2a7-4d22-40e9-b771-36481d5c2926 dn=d8e74394-a0bf-4ec3-a3ce-4740c71bd9b7{ip: 192.168.69.81, host: pr-hdds-2109-6lgm5-4208394744, networkLocation: /default-rack, certSerialId: null}
2019-09-11 12:45:54,897 [grpc-default-executor-4] INFO  impl.RaftServerProxy (RaftServerProxy.java:remove(95)) - f90b1bbc-0325-4fdc-bdda-dbac376593c0: remove group-36481D5C2926:null
2019-09-11 12:45:54,899 [RatisPipelineUtilsThread] WARN  pipeline.RatisPipelineUtils (RatisPipelineUtils.java:destroyPipeline(66)) - Pipeline destroy failed for pipeline=PipelineID=5307b2a7-4d22-40e9-b771-36481d5c2926 dn=f90b1bbc-0325-4fdc-bdda-dbac376593c0{ip: 192.168.69.81, host: pr-hdds-2109-6lgm5-4208394744, networkLocation: /default-rack, certSerialId: null}
2019-09-11 12:45:54,902 [grpc-default-executor-4] INFO  impl.RaftServerProxy (RaftServerProxy.java:remove(95)) - 8533a49c-a60c-4c36-849a-1b71101d719e: remove group-36481D5C2926:null
2019-09-11 12:45:54,904 [RatisPipelineUtilsThread] WARN  pipeline.RatisPipelineUtils (RatisPipelineUtils.java:destroyPipeline(66)) - Pipeline destroy failed for pipeline=PipelineID=5307b2a7-4d22-40e9-b771-36481d5c2926 dn=8533a49c-a60c-4c36-849a-1b71101d719e{ip: 192.168.69.81, host: pr-hdds-2109-6lgm5-4208394744, networkLocation: /default-rack, certSerialId: null}
2019-09-11 12:45:54,904 [RatisPipelineUtilsThread] ERROR pipeline.SCMPipelineManager (Scheduler.java:lambda$schedule$1(70)) - Destroy pipeline failed for pipeline:Pipeline[ Id: 5307b2a7-4d22-40e9-b771-36481d5c2926, Nodes: d8e74394-a0bf-4ec3-a3ce-4740c71bd9b7{ip: 192.168.69.81, host: pr-hdds-2109-6lgm5-4208394744, networkLocation: /default-rack, certSerialId: null}f90b1bbc-0325-4fdc-bdda-dbac376593c0{ip: 192.168.69.81, host: pr-hdds-2109-6lgm5-4208394744, networkLocation: /default-rack, certSerialId: null}8533a49c-a60c-4c36-849a-1b71101d719e{ip: 192.168.69.81, host: pr-hdds-2109-6lgm5-4208394744, networkLocation: /default-rack, certSerialId: null}, Type:RATIS, Factor:THREE, State:CLOSED]
org.apache.hadoop.hdds.scm.pipeline.PipelineNotFoundException: PipelineID=5307b2a7-4d22-40e9-b771-36481d5c2926 not found
	at org.apache.hadoop.hdds.scm.pipeline.PipelineStateMap.getPipeline(PipelineStateMap.java:132)
	at org.apache.hadoop.hdds.scm.pipeline.PipelineStateMap.removePipeline(PipelineStateMap.java:322)
	at org.apache.hadoop.hdds.scm.pipeline.PipelineStateManager.removePipeline(PipelineStateManager.java:107)
	at org.apache.hadoop.hdds.scm.pipeline.SCMPipelineManager.removePipeline(SCMPipelineManager.java:423)
	at org.apache.hadoop.hdds.scm.pipeline.SCMPipelineManager.destroyPipeline(SCMPipelineManager.java:409)
	at org.apache.hadoop.hdds.scm.pipeline.SCMPipelineManager.lambda$finalizeAndDestroyPipeline$0(SCMPipelineManager.java:318)
	at org.apache.hadoop.utils.Scheduler.lambda$schedule$1(Scheduler.java:68)
	at java.util.concurrent.Executors$RunnableAdapter.call(Executors.java:511)
	at java.util.concurrent.FutureTask.run(FutureTask.java:266)
	at java.util.concurrent.ScheduledThreadPoolExecutor$ScheduledFutureTask.access$201(ScheduledThreadPoolExecutor.java:180)
	at java.util.concurrent.ScheduledThreadPoolExecutor$ScheduledFutureTask.run(ScheduledThreadPoolExecutor.java:293)
	at java.util.concurrent.ThreadPoolExecutor.runWorker(ThreadPoolExecutor.java:1149)
	at java.util.concurrent.ThreadPoolExecutor$Worker.run(ThreadPoolExecutor.java:624)
	at java.lang.Thread.run(Thread.java:748)
2019-09-11 12:45:56,243 [a355c4c2-cbce-4d32-ac2d-5d7efcc7e61b@group-791F85AA1D09-SegmentedRaftLogWorker] WARN  segmented.SegmentedRaftLogWorker (SegmentedRaftLogWorker.java:getFromFuture(90)) - Timeout 1/~
org.apache.ratis.protocol.TimeoutIOException: Timeout 10s: WriteLog:11: (t:1, i:11), STATEMACHINELOGENTRY, client-D34D2F077373, cid=142-writeStateMachineData
	at org.apache.ratis.util.IOUtils.getFromFuture(IOUtils.java:87)
	at org.apache.ratis.server.raftlog.segmented.SegmentedRaftLogWorker$StateMachineDataPolicy.getFromFuture(SegmentedRaftLogWorker.java:87)
	at org.apache.ratis.server.raftlog.segmented.SegmentedRaftLogWorker$WriteLog.execute(SegmentedRaftLogWorker.java:477)
	at org.apache.ratis.server.raftlog.segmented.SegmentedRaftLogWorker.run(SegmentedRaftLogWorker.java:289)
	at java.lang.Thread.run(Thread.java:748)
Caused by: java.util.concurrent.TimeoutException
	at java.util.concurrent.CompletableFuture.timedGet(CompletableFuture.java:1771)
	at java.util.concurrent.CompletableFuture.get(CompletableFuture.java:1915)
	at org.apache.ratis.util.IOUtils.getFromFuture(IOUtils.java:79)
	... 4 more
2019-09-11 12:45:56,243 [5a49129c-fcc1-4df1-b4f9-e84c17474790@group-791F85AA1D09-SegmentedRaftLogWorker] WARN  segmented.SegmentedRaftLogWorker (SegmentedRaftLogWorker.java:getFromFuture(90)) - Timeout 1/~
org.apache.ratis.protocol.TimeoutIOException: Timeout 10s: WriteLog:11: (t:1, i:11), STATEMACHINELOGENTRY, client-D34D2F077373, cid=142-writeStateMachineData
	at org.apache.ratis.util.IOUtils.getFromFuture(IOUtils.java:87)
	at org.apache.ratis.server.raftlog.segmented.SegmentedRaftLogWorker$StateMachineDataPolicy.getFromFuture(SegmentedRaftLogWorker.java:87)
	at org.apache.ratis.server.raftlog.segmented.SegmentedRaftLogWorker$WriteLog.execute(SegmentedRaftLogWorker.java:477)
	at org.apache.ratis.server.raftlog.segmented.SegmentedRaftLogWorker.run(SegmentedRaftLogWorker.java:289)
	at java.lang.Thread.run(Thread.java:748)
Caused by: java.util.concurrent.TimeoutException
	at java.util.concurrent.CompletableFuture.timedGet(CompletableFuture.java:1771)
	at java.util.concurrent.CompletableFuture.get(CompletableFuture.java:1915)
	at org.apache.ratis.util.IOUtils.getFromFuture(IOUtils.java:79)
	... 4 more
2019-09-11 12:45:56,364 [grpc-default-executor-4] INFO  client.GrpcClientProtocolClient (GrpcClientProtocolClient.java:onNext(264)) - client-D34D2F077373->a355c4c2-cbce-4d32-ac2d-5d7efcc7e61b: receive RaftClientReply:client-D34D2F077373->a355c4c2-cbce-4d32-ac2d-5d7efcc7e61b@group-791F85AA1D09, cid=142, FAILED org.apache.ratis.protocol.NotLeaderException: Server a355c4c2-cbce-4d32-ac2d-5d7efcc7e61b@group-791F85AA1D09 is not the leader 608419ff-9e1e-46ed-b668-4d330b5fd69a:192.168.69.81:34716, logIndex=0, commits[a355c4c2-cbce-4d32-ac2d-5d7efcc7e61b:c10, 608419ff-9e1e-46ed-b668-4d330b5fd69a:c10, 5a49129c-fcc1-4df1-b4f9-e84c17474790:c9]
2019-09-11 12:45:56,402 [608419ff-9e1e-46ed-b668-4d330b5fd69a@group-791F85AA1D09-SegmentedRaftLogWorker] WARN  segmented.SegmentedRaftLogWorker (SegmentedRaftLogWorker.java:getFromFuture(90)) - Timeout 1/~
org.apache.ratis.protocol.TimeoutIOException: Timeout 10s: WriteLog:12: (t:1, i:12), STATEMACHINELOGENTRY, client-D34D2F077373, cid=143-writeStateMachineData
	at org.apache.ratis.util.IOUtils.getFromFuture(IOUtils.java:87)
	at org.apache.ratis.server.raftlog.segmented.SegmentedRaftLogWorker$StateMachineDataPolicy.getFromFuture(SegmentedRaftLogWorker.java:87)
	at org.apache.ratis.server.raftlog.segmented.SegmentedRaftLogWorker$WriteLog.execute(SegmentedRaftLogWorker.java:477)
	at org.apache.ratis.server.raftlog.segmented.SegmentedRaftLogWorker.run(SegmentedRaftLogWorker.java:289)
	at java.lang.Thread.run(Thread.java:748)
Caused by: java.util.concurrent.TimeoutException
	at java.util.concurrent.CompletableFuture.timedGet(CompletableFuture.java:1771)
	at java.util.concurrent.CompletableFuture.get(CompletableFuture.java:1915)
	at org.apache.ratis.util.IOUtils.getFromFuture(IOUtils.java:79)
	... 4 more
2019-09-11 12:45:56,748 [java.util.concurrent.ThreadPoolExecutor$Worker@609f90f[State = -1, empty queue]] WARN  server.GrpcLogAppender (GrpcLogAppender.java:timeoutAppendRequest(200)) - 608419ff-9e1e-46ed-b668-4d330b5fd69a@group-791F85AA1D09->5a49129c-fcc1-4df1-b4f9-e84c17474790-GrpcLogAppender: appendEntries Timeout, request=608419ff-9e1e-46ed-b668-4d330b5fd69a->5a49129c-fcc1-4df1-b4f9-e84c17474790#98-t1, previous=(t:1, i:16), leaderCommit=10, initializing? false, entries: <empty>
2019-09-11 12:45:56,748 [java.util.concurrent.ThreadPoolExecutor$Worker@4a186632[State = -1, empty queue]] WARN  server.GrpcLogAppender (GrpcLogAppender.java:timeoutAppendRequest(200)) - 608419ff-9e1e-46ed-b668-4d330b5fd69a@group-791F85AA1D09->a355c4c2-cbce-4d32-ac2d-5d7efcc7e61b-GrpcLogAppender: appendEntries Timeout, request=608419ff-9e1e-46ed-b668-4d330b5fd69a->a355c4c2-cbce-4d32-ac2d-5d7efcc7e61b#98-t1, previous=(t:1, i:16), leaderCommit=10, initializing? false, entries: <empty>
2019-09-11 12:45:57,892 [grpc-default-executor-4] INFO  impl.RaftServerProxy (RaftServerProxy.java:remove(95)) - d8e74394-a0bf-4ec3-a3ce-4740c71bd9b7: remove group-36481D5C2926:null
2019-09-11 12:45:57,894 [RatisPipelineUtilsThread] WARN  pipeline.RatisPipelineUtils (RatisPipelineUtils.java:destroyPipeline(66)) - Pipeline destroy failed for pipeline=PipelineID=5307b2a7-4d22-40e9-b771-36481d5c2926 dn=d8e74394-a0bf-4ec3-a3ce-4740c71bd9b7{ip: 192.168.69.81, host: pr-hdds-2109-6lgm5-4208394744, networkLocation: /default-rack, certSerialId: null}
2019-09-11 12:45:57,896 [grpc-default-executor-4] INFO  impl.RaftServerProxy (RaftServerProxy.java:remove(95)) - f90b1bbc-0325-4fdc-bdda-dbac376593c0: remove group-36481D5C2926:null
2019-09-11 12:45:57,897 [RatisPipelineUtilsThread] WARN  pipeline.RatisPipelineUtils (RatisPipelineUtils.java:destroyPipeline(66)) - Pipeline destroy failed for pipeline=PipelineID=5307b2a7-4d22-40e9-b771-36481d5c2926 dn=f90b1bbc-0325-4fdc-bdda-dbac376593c0{ip: 192.168.69.81, host: pr-hdds-2109-6lgm5-4208394744, networkLocation: /default-rack, certSerialId: null}
2019-09-11 12:45:57,899 [grpc-default-executor-4] INFO  impl.RaftServerProxy (RaftServerProxy.java:remove(95)) - 8533a49c-a60c-4c36-849a-1b71101d719e: remove group-36481D5C2926:null
2019-09-11 12:45:57,902 [RatisPipelineUtilsThread] WARN  pipeline.RatisPipelineUtils (RatisPipelineUtils.java:destroyPipeline(66)) - Pipeline destroy failed for pipeline=PipelineID=5307b2a7-4d22-40e9-b771-36481d5c2926 dn=8533a49c-a60c-4c36-849a-1b71101d719e{ip: 192.168.69.81, host: pr-hdds-2109-6lgm5-4208394744, networkLocation: /default-rack, certSerialId: null}
2019-09-11 12:45:57,902 [RatisPipelineUtilsThread] ERROR pipeline.SCMPipelineManager (Scheduler.java:lambda$schedule$1(70)) - Destroy pipeline failed for pipeline:Pipeline[ Id: 5307b2a7-4d22-40e9-b771-36481d5c2926, Nodes: d8e74394-a0bf-4ec3-a3ce-4740c71bd9b7{ip: 192.168.69.81, host: pr-hdds-2109-6lgm5-4208394744, networkLocation: /default-rack, certSerialId: null}f90b1bbc-0325-4fdc-bdda-dbac376593c0{ip: 192.168.69.81, host: pr-hdds-2109-6lgm5-4208394744, networkLocation: /default-rack, certSerialId: null}8533a49c-a60c-4c36-849a-1b71101d719e{ip: 192.168.69.81, host: pr-hdds-2109-6lgm5-4208394744, networkLocation: /default-rack, certSerialId: null}, Type:RATIS, Factor:THREE, State:CLOSED]
org.apache.hadoop.hdds.scm.pipeline.PipelineNotFoundException: PipelineID=5307b2a7-4d22-40e9-b771-36481d5c2926 not found
	at org.apache.hadoop.hdds.scm.pipeline.PipelineStateMap.getPipeline(PipelineStateMap.java:132)
	at org.apache.hadoop.hdds.scm.pipeline.PipelineStateMap.removePipeline(PipelineStateMap.java:322)
	at org.apache.hadoop.hdds.scm.pipeline.PipelineStateManager.removePipeline(PipelineStateManager.java:107)
	at org.apache.hadoop.hdds.scm.pipeline.SCMPipelineManager.removePipeline(SCMPipelineManager.java:423)
	at org.apache.hadoop.hdds.scm.pipeline.SCMPipelineManager.destroyPipeline(SCMPipelineManager.java:409)
	at org.apache.hadoop.hdds.scm.pipeline.SCMPipelineManager.lambda$finalizeAndDestroyPipeline$0(SCMPipelineManager.java:318)
	at org.apache.hadoop.utils.Scheduler.lambda$schedule$1(Scheduler.java:68)
	at java.util.concurrent.Executors$RunnableAdapter.call(Executors.java:511)
	at java.util.concurrent.FutureTask.run(FutureTask.java:266)
	at java.util.concurrent.ScheduledThreadPoolExecutor$ScheduledFutureTask.access$201(ScheduledThreadPoolExecutor.java:180)
	at java.util.concurrent.ScheduledThreadPoolExecutor$ScheduledFutureTask.run(ScheduledThreadPoolExecutor.java:293)
	at java.util.concurrent.ThreadPoolExecutor.runWorker(ThreadPoolExecutor.java:1149)
	at java.util.concurrent.ThreadPoolExecutor$Worker.run(ThreadPoolExecutor.java:624)
	at java.lang.Thread.run(Thread.java:748)
2019-09-11 12:45:59,248 [java.util.concurrent.ThreadPoolExecutor$Worker@4a186632[State = -1, empty queue]] WARN  server.GrpcLogAppender (GrpcLogAppender.java:timeoutAppendRequest(200)) - 608419ff-9e1e-46ed-b668-4d330b5fd69a@group-791F85AA1D09->a355c4c2-cbce-4d32-ac2d-5d7efcc7e61b-GrpcLogAppender: appendEntries Timeout, request=608419ff-9e1e-46ed-b668-4d330b5fd69a->a355c4c2-cbce-4d32-ac2d-5d7efcc7e61b#99-t1, previous=(t:1, i:16), leaderCommit=10, initializing? false, entries: <empty>
2019-09-11 12:45:59,248 [java.util.concurrent.ThreadPoolExecutor$Worker@609f90f[State = -1, empty queue]] WARN  server.GrpcLogAppender (GrpcLogAppender.java:timeoutAppendRequest(200)) - 608419ff-9e1e-46ed-b668-4d330b5fd69a@group-791F85AA1D09->5a49129c-fcc1-4df1-b4f9-e84c17474790-GrpcLogAppender: appendEntries Timeout, request=608419ff-9e1e-46ed-b668-4d330b5fd69a->5a49129c-fcc1-4df1-b4f9-e84c17474790#99-t1, previous=(t:1, i:16), leaderCommit=10, initializing? false, entries: <empty>
2019-09-11 12:45:59,891 [grpc-default-executor-6] INFO  impl.RaftServerProxy (RaftServerProxy.java:remove(95)) - d8e74394-a0bf-4ec3-a3ce-4740c71bd9b7: remove group-36481D5C2926:null
2019-09-11 12:45:59,893 [RatisPipelineUtilsThread] WARN  pipeline.RatisPipelineUtils (RatisPipelineUtils.java:destroyPipeline(66)) - Pipeline destroy failed for pipeline=PipelineID=5307b2a7-4d22-40e9-b771-36481d5c2926 dn=d8e74394-a0bf-4ec3-a3ce-4740c71bd9b7{ip: 192.168.69.81, host: pr-hdds-2109-6lgm5-4208394744, networkLocation: /default-rack, certSerialId: null}
2019-09-11 12:45:59,895 [grpc-default-executor-6] INFO  impl.RaftServerProxy (RaftServerProxy.java:remove(95)) - f90b1bbc-0325-4fdc-bdda-dbac376593c0: remove group-36481D5C2926:null
2019-09-11 12:45:59,896 [RatisPipelineUtilsThread] WARN  pipeline.RatisPipelineUtils (RatisPipelineUtils.java:destroyPipeline(66)) - Pipeline destroy failed for pipeline=PipelineID=5307b2a7-4d22-40e9-b771-36481d5c2926 dn=f90b1bbc-0325-4fdc-bdda-dbac376593c0{ip: 192.168.69.81, host: pr-hdds-2109-6lgm5-4208394744, networkLocation: /default-rack, certSerialId: null}
2019-09-11 12:45:59,898 [grpc-default-executor-6] INFO  impl.RaftServerProxy (RaftServerProxy.java:remove(95)) - 8533a49c-a60c-4c36-849a-1b71101d719e: remove group-36481D5C2926:null
2019-09-11 12:45:59,900 [RatisPipelineUtilsThread] WARN  pipeline.RatisPipelineUtils (RatisPipelineUtils.java:destroyPipeline(66)) - Pipeline destroy failed for pipeline=PipelineID=5307b2a7-4d22-40e9-b771-36481d5c2926 dn=8533a49c-a60c-4c36-849a-1b71101d719e{ip: 192.168.69.81, host: pr-hdds-2109-6lgm5-4208394744, networkLocation: /default-rack, certSerialId: null}
2019-09-11 12:45:59,900 [RatisPipelineUtilsThread] ERROR pipeline.SCMPipelineManager (Scheduler.java:lambda$schedule$1(70)) - Destroy pipeline failed for pipeline:Pipeline[ Id: 5307b2a7-4d22-40e9-b771-36481d5c2926, Nodes: d8e74394-a0bf-4ec3-a3ce-4740c71bd9b7{ip: 192.168.69.81, host: pr-hdds-2109-6lgm5-4208394744, networkLocation: /default-rack, certSerialId: null}f90b1bbc-0325-4fdc-bdda-dbac376593c0{ip: 192.168.69.81, host: pr-hdds-2109-6lgm5-4208394744, networkLocation: /default-rack, certSerialId: null}8533a49c-a60c-4c36-849a-1b71101d719e{ip: 192.168.69.81, host: pr-hdds-2109-6lgm5-4208394744, networkLocation: /default-rack, certSerialId: null}, Type:RATIS, Factor:THREE, State:CLOSED]
org.apache.hadoop.hdds.scm.pipeline.PipelineNotFoundException: PipelineID=5307b2a7-4d22-40e9-b771-36481d5c2926 not found
	at org.apache.hadoop.hdds.scm.pipeline.PipelineStateMap.getPipeline(PipelineStateMap.java:132)
	at org.apache.hadoop.hdds.scm.pipeline.PipelineStateMap.removePipeline(PipelineStateMap.java:322)
	at org.apache.hadoop.hdds.scm.pipeline.PipelineStateManager.removePipeline(PipelineStateManager.java:107)
	at org.apache.hadoop.hdds.scm.pipeline.SCMPipelineManager.removePipeline(SCMPipelineManager.java:423)
	at org.apache.hadoop.hdds.scm.pipeline.SCMPipelineManager.destroyPipeline(SCMPipelineManager.java:409)
	at org.apache.hadoop.hdds.scm.pipeline.SCMPipelineManager.lambda$finalizeAndDestroyPipeline$0(SCMPipelineManager.java:318)
	at org.apache.hadoop.utils.Scheduler.lambda$schedule$1(Scheduler.java:68)
	at java.util.concurrent.Executors$RunnableAdapter.call(Executors.java:511)
	at java.util.concurrent.FutureTask.run(FutureTask.java:266)
	at java.util.concurrent.ScheduledThreadPoolExecutor$ScheduledFutureTask.access$201(ScheduledThreadPoolExecutor.java:180)
	at java.util.concurrent.ScheduledThreadPoolExecutor$ScheduledFutureTask.run(ScheduledThreadPoolExecutor.java:293)
	at java.util.concurrent.ThreadPoolExecutor.runWorker(ThreadPoolExecutor.java:1149)
	at java.util.concurrent.ThreadPoolExecutor$Worker.run(ThreadPoolExecutor.java:624)
	at java.lang.Thread.run(Thread.java:748)
2019-09-11 12:46:01,418 [grpc-default-executor-4] INFO  client.GrpcClientProtocolClient (GrpcClientProtocolClient.java:onNext(264)) - client-D34D2F077373->a355c4c2-cbce-4d32-ac2d-5d7efcc7e61b: receive RaftClientReply:client-D34D2F077373->a355c4c2-cbce-4d32-ac2d-5d7efcc7e61b@group-791F85AA1D09, cid=142, FAILED org.apache.ratis.protocol.NotLeaderException: Server a355c4c2-cbce-4d32-ac2d-5d7efcc7e61b@group-791F85AA1D09 is not the leader 608419ff-9e1e-46ed-b668-4d330b5fd69a:192.168.69.81:34716, logIndex=0, commits[a355c4c2-cbce-4d32-ac2d-5d7efcc7e61b:c10, 608419ff-9e1e-46ed-b668-4d330b5fd69a:c10, 5a49129c-fcc1-4df1-b4f9-e84c17474790:c9]
2019-09-11 12:46:01,749 [java.util.concurrent.ThreadPoolExecutor$Worker@4a186632[State = -1, empty queue]] WARN  server.GrpcLogAppender (GrpcLogAppender.java:timeoutAppendRequest(200)) - 608419ff-9e1e-46ed-b668-4d330b5fd69a@group-791F85AA1D09->a355c4c2-cbce-4d32-ac2d-5d7efcc7e61b-GrpcLogAppender: appendEntries Timeout, request=608419ff-9e1e-46ed-b668-4d330b5fd69a->a355c4c2-cbce-4d32-ac2d-5d7efcc7e61b#100-t1, previous=(t:1, i:16), leaderCommit=10, initializing? false, entries: <empty>
2019-09-11 12:46:01,749 [java.util.concurrent.ThreadPoolExecutor$Worker@609f90f[State = -1, empty queue]] WARN  server.GrpcLogAppender (GrpcLogAppender.java:timeoutAppendRequest(200)) - 608419ff-9e1e-46ed-b668-4d330b5fd69a@group-791F85AA1D09->5a49129c-fcc1-4df1-b4f9-e84c17474790-GrpcLogAppender: appendEntries Timeout, request=608419ff-9e1e-46ed-b668-4d330b5fd69a->5a49129c-fcc1-4df1-b4f9-e84c17474790#100-t1, previous=(t:1, i:16), leaderCommit=10, initializing? false, entries: <empty>
2019-09-11 12:46:02,893 [grpc-default-executor-4] INFO  impl.RaftServerProxy (RaftServerProxy.java:remove(95)) - d8e74394-a0bf-4ec3-a3ce-4740c71bd9b7: remove group-36481D5C2926:null
2019-09-11 12:46:02,896 [RatisPipelineUtilsThread] WARN  pipeline.RatisPipelineUtils (RatisPipelineUtils.java:destroyPipeline(66)) - Pipeline destroy failed for pipeline=PipelineID=5307b2a7-4d22-40e9-b771-36481d5c2926 dn=d8e74394-a0bf-4ec3-a3ce-4740c71bd9b7{ip: 192.168.69.81, host: pr-hdds-2109-6lgm5-4208394744, networkLocation: /default-rack, certSerialId: null}
2019-09-11 12:46:02,898 [grpc-default-executor-4] INFO  impl.RaftServerProxy (RaftServerProxy.java:remove(95)) - f90b1bbc-0325-4fdc-bdda-dbac376593c0: remove group-36481D5C2926:null
2019-09-11 12:46:02,900 [RatisPipelineUtilsThread] WARN  pipeline.RatisPipelineUtils (RatisPipelineUtils.java:destroyPipeline(66)) - Pipeline destroy failed for pipeline=PipelineID=5307b2a7-4d22-40e9-b771-36481d5c2926 dn=f90b1bbc-0325-4fdc-bdda-dbac376593c0{ip: 192.168.69.81, host: pr-hdds-2109-6lgm5-4208394744, networkLocation: /default-rack, certSerialId: null}
2019-09-11 12:46:02,902 [grpc-default-executor-4] INFO  impl.RaftServerProxy (RaftServerProxy.java:remove(95)) - 8533a49c-a60c-4c36-849a-1b71101d719e: remove group-36481D5C2926:null
2019-09-11 12:46:02,904 [RatisPipelineUtilsThread] WARN  pipeline.RatisPipelineUtils (RatisPipelineUtils.java:destroyPipeline(66)) - Pipeline destroy failed for pipeline=PipelineID=5307b2a7-4d22-40e9-b771-36481d5c2926 dn=8533a49c-a60c-4c36-849a-1b71101d719e{ip: 192.168.69.81, host: pr-hdds-2109-6lgm5-4208394744, networkLocation: /default-rack, certSerialId: null}
2019-09-11 12:46:02,904 [RatisPipelineUtilsThread] ERROR pipeline.SCMPipelineManager (Scheduler.java:lambda$schedule$1(70)) - Destroy pipeline failed for pipeline:Pipeline[ Id: 5307b2a7-4d22-40e9-b771-36481d5c2926, Nodes: d8e74394-a0bf-4ec3-a3ce-4740c71bd9b7{ip: 192.168.69.81, host: pr-hdds-2109-6lgm5-4208394744, networkLocation: /default-rack, certSerialId: null}f90b1bbc-0325-4fdc-bdda-dbac376593c0{ip: 192.168.69.81, host: pr-hdds-2109-6lgm5-4208394744, networkLocation: /default-rack, certSerialId: null}8533a49c-a60c-4c36-849a-1b71101d719e{ip: 192.168.69.81, host: pr-hdds-2109-6lgm5-4208394744, networkLocation: /default-rack, certSerialId: null}, Type:RATIS, Factor:THREE, State:CLOSED]
org.apache.hadoop.hdds.scm.pipeline.PipelineNotFoundException: PipelineID=5307b2a7-4d22-40e9-b771-36481d5c2926 not found
	at org.apache.hadoop.hdds.scm.pipeline.PipelineStateMap.getPipeline(PipelineStateMap.java:132)
	at org.apache.hadoop.hdds.scm.pipeline.PipelineStateMap.removePipeline(PipelineStateMap.java:322)
	at org.apache.hadoop.hdds.scm.pipeline.PipelineStateManager.removePipeline(PipelineStateManager.java:107)
	at org.apache.hadoop.hdds.scm.pipeline.SCMPipelineManager.removePipeline(SCMPipelineManager.java:423)
	at org.apache.hadoop.hdds.scm.pipeline.SCMPipelineManager.destroyPipeline(SCMPipelineManager.java:409)
	at org.apache.hadoop.hdds.scm.pipeline.SCMPipelineManager.lambda$finalizeAndDestroyPipeline$0(SCMPipelineManager.java:318)
	at org.apache.hadoop.utils.Scheduler.lambda$schedule$1(Scheduler.java:68)
	at java.util.concurrent.Executors$RunnableAdapter.call(Executors.java:511)
	at java.util.concurrent.FutureTask.run(FutureTask.java:266)
	at java.util.concurrent.ScheduledThreadPoolExecutor$ScheduledFutureTask.access$201(ScheduledThreadPoolExecutor.java:180)
	at java.util.concurrent.ScheduledThreadPoolExecutor$ScheduledFutureTask.run(ScheduledThreadPoolExecutor.java:293)
	at java.util.concurrent.ThreadPoolExecutor.runWorker(ThreadPoolExecutor.java:1149)
	at java.util.concurrent.ThreadPoolExecutor$Worker.run(ThreadPoolExecutor.java:624)
	at java.lang.Thread.run(Thread.java:748)
2019-09-11 12:46:04,249 [java.util.concurrent.ThreadPoolExecutor$Worker@609f90f[State = -1, empty queue]] WARN  server.GrpcLogAppender (GrpcLogAppender.java:timeoutAppendRequest(200)) - 608419ff-9e1e-46ed-b668-4d330b5fd69a@group-791F85AA1D09->5a49129c-fcc1-4df1-b4f9-e84c17474790-GrpcLogAppender: appendEntries Timeout, request=608419ff-9e1e-46ed-b668-4d330b5fd69a->5a49129c-fcc1-4df1-b4f9-e84c17474790#101-t1, previous=(t:1, i:16), leaderCommit=10, initializing? false, entries: <empty>
2019-09-11 12:46:04,249 [java.util.concurrent.ThreadPoolExecutor$Worker@4a186632[State = -1, empty queue]] WARN  server.GrpcLogAppender (GrpcLogAppender.java:timeoutAppendRequest(200)) - 608419ff-9e1e-46ed-b668-4d330b5fd69a@group-791F85AA1D09->a355c4c2-cbce-4d32-ac2d-5d7efcc7e61b-GrpcLogAppender: appendEntries Timeout, request=608419ff-9e1e-46ed-b668-4d330b5fd69a->a355c4c2-cbce-4d32-ac2d-5d7efcc7e61b#101-t1, previous=(t:1, i:16), leaderCommit=10, initializing? false, entries: <empty>
2019-09-11 12:46:04,896 [grpc-default-executor-4] INFO  impl.RaftServerProxy (RaftServerProxy.java:remove(95)) - d8e74394-a0bf-4ec3-a3ce-4740c71bd9b7: remove group-36481D5C2926:null
2019-09-11 12:46:04,899 [RatisPipelineUtilsThread] WARN  pipeline.RatisPipelineUtils (RatisPipelineUtils.java:destroyPipeline(66)) - Pipeline destroy failed for pipeline=PipelineID=5307b2a7-4d22-40e9-b771-36481d5c2926 dn=d8e74394-a0bf-4ec3-a3ce-4740c71bd9b7{ip: 192.168.69.81, host: pr-hdds-2109-6lgm5-4208394744, networkLocation: /default-rack, certSerialId: null}
2019-09-11 12:46:04,902 [grpc-default-executor-4] INFO  impl.RaftServerProxy (RaftServerProxy.java:remove(95)) - f90b1bbc-0325-4fdc-bdda-dbac376593c0: remove group-36481D5C2926:null
2019-09-11 12:46:04,904 [RatisPipelineUtilsThread] WARN  pipeline.RatisPipelineUtils (RatisPipelineUtils.java:destroyPipeline(66)) - Pipeline destroy failed for pipeline=PipelineID=5307b2a7-4d22-40e9-b771-36481d5c2926 dn=f90b1bbc-0325-4fdc-bdda-dbac376593c0{ip: 192.168.69.81, host: pr-hdds-2109-6lgm5-4208394744, networkLocation: /default-rack, certSerialId: null}
2019-09-11 12:46:04,907 [grpc-default-executor-4] INFO  impl.RaftServerProxy (RaftServerProxy.java:remove(95)) - 8533a49c-a60c-4c36-849a-1b71101d719e: remove group-36481D5C2926:null
2019-09-11 12:46:04,909 [RatisPipelineUtilsThread] WARN  pipeline.RatisPipelineUtils (RatisPipelineUtils.java:destroyPipeline(66)) - Pipeline destroy failed for pipeline=PipelineID=5307b2a7-4d22-40e9-b771-36481d5c2926 dn=8533a49c-a60c-4c36-849a-1b71101d719e{ip: 192.168.69.81, host: pr-hdds-2109-6lgm5-4208394744, networkLocation: /default-rack, certSerialId: null}
2019-09-11 12:46:04,909 [RatisPipelineUtilsThread] ERROR pipeline.SCMPipelineManager (Scheduler.java:lambda$schedule$1(70)) - Destroy pipeline failed for pipeline:Pipeline[ Id: 5307b2a7-4d22-40e9-b771-36481d5c2926, Nodes: d8e74394-a0bf-4ec3-a3ce-4740c71bd9b7{ip: 192.168.69.81, host: pr-hdds-2109-6lgm5-4208394744, networkLocation: /default-rack, certSerialId: null}f90b1bbc-0325-4fdc-bdda-dbac376593c0{ip: 192.168.69.81, host: pr-hdds-2109-6lgm5-4208394744, networkLocation: /default-rack, certSerialId: null}8533a49c-a60c-4c36-849a-1b71101d719e{ip: 192.168.69.81, host: pr-hdds-2109-6lgm5-4208394744, networkLocation: /default-rack, certSerialId: null}, Type:RATIS, Factor:THREE, State:CLOSED]
org.apache.hadoop.hdds.scm.pipeline.PipelineNotFoundException: PipelineID=5307b2a7-4d22-40e9-b771-36481d5c2926 not found
	at org.apache.hadoop.hdds.scm.pipeline.PipelineStateMap.getPipeline(PipelineStateMap.java:132)
	at org.apache.hadoop.hdds.scm.pipeline.PipelineStateMap.removePipeline(PipelineStateMap.java:322)
	at org.apache.hadoop.hdds.scm.pipeline.PipelineStateManager.removePipeline(PipelineStateManager.java:107)
	at org.apache.hadoop.hdds.scm.pipeline.SCMPipelineManager.removePipeline(SCMPipelineManager.java:423)
	at org.apache.hadoop.hdds.scm.pipeline.SCMPipelineManager.destroyPipeline(SCMPipelineManager.java:409)
	at org.apache.hadoop.hdds.scm.pipeline.SCMPipelineManager.lambda$finalizeAndDestroyPipeline$0(SCMPipelineManager.java:318)
	at org.apache.hadoop.utils.Scheduler.lambda$schedule$1(Scheduler.java:68)
	at java.util.concurrent.Executors$RunnableAdapter.call(Executors.java:511)
	at java.util.concurrent.FutureTask.run(FutureTask.java:266)
	at java.util.concurrent.ScheduledThreadPoolExecutor$ScheduledFutureTask.access$201(ScheduledThreadPoolExecutor.java:180)
	at java.util.concurrent.ScheduledThreadPoolExecutor$ScheduledFutureTask.run(ScheduledThreadPoolExecutor.java:293)
	at java.util.concurrent.ThreadPoolExecutor.runWorker(ThreadPoolExecutor.java:1149)
	at java.util.concurrent.ThreadPoolExecutor$Worker.run(ThreadPoolExecutor.java:624)
	at java.lang.Thread.run(Thread.java:748)
2019-09-11 12:46:06,244 [a355c4c2-cbce-4d32-ac2d-5d7efcc7e61b@group-791F85AA1D09-SegmentedRaftLogWorker] WARN  segmented.SegmentedRaftLogWorker (SegmentedRaftLogWorker.java:getFromFuture(90)) - Timeout 2/~
org.apache.ratis.protocol.TimeoutIOException: Timeout 10s: WriteLog:11: (t:1, i:11), STATEMACHINELOGENTRY, client-D34D2F077373, cid=142-writeStateMachineData
	at org.apache.ratis.util.IOUtils.getFromFuture(IOUtils.java:87)
	at org.apache.ratis.server.raftlog.segmented.SegmentedRaftLogWorker$StateMachineDataPolicy.getFromFuture(SegmentedRaftLogWorker.java:87)
	at org.apache.ratis.server.raftlog.segmented.SegmentedRaftLogWorker$WriteLog.execute(SegmentedRaftLogWorker.java:477)
	at org.apache.ratis.server.raftlog.segmented.SegmentedRaftLogWorker.run(SegmentedRaftLogWorker.java:289)
	at java.lang.Thread.run(Thread.java:748)
Caused by: java.util.concurrent.TimeoutException
	at java.util.concurrent.CompletableFuture.timedGet(CompletableFuture.java:1771)
	at java.util.concurrent.CompletableFuture.get(CompletableFuture.java:1915)
	at org.apache.ratis.util.IOUtils.getFromFuture(IOUtils.java:79)
	... 4 more
2019-09-11 12:46:06,244 [5a49129c-fcc1-4df1-b4f9-e84c17474790@group-791F85AA1D09-SegmentedRaftLogWorker] WARN  segmented.SegmentedRaftLogWorker (SegmentedRaftLogWorker.java:getFromFuture(90)) - Timeout 2/~
org.apache.ratis.protocol.TimeoutIOException: Timeout 10s: WriteLog:11: (t:1, i:11), STATEMACHINELOGENTRY, client-D34D2F077373, cid=142-writeStateMachineData
	at org.apache.ratis.util.IOUtils.getFromFuture(IOUtils.java:87)
	at org.apache.ratis.server.raftlog.segmented.SegmentedRaftLogWorker$StateMachineDataPolicy.getFromFuture(SegmentedRaftLogWorker.java:87)
	at org.apache.ratis.server.raftlog.segmented.SegmentedRaftLogWorker$WriteLog.execute(SegmentedRaftLogWorker.java:477)
	at org.apache.ratis.server.raftlog.segmented.SegmentedRaftLogWorker.run(SegmentedRaftLogWorker.java:289)
	at java.lang.Thread.run(Thread.java:748)
Caused by: java.util.concurrent.TimeoutException
	at java.util.concurrent.CompletableFuture.timedGet(CompletableFuture.java:1771)
	at java.util.concurrent.CompletableFuture.get(CompletableFuture.java:1915)
	at org.apache.ratis.util.IOUtils.getFromFuture(IOUtils.java:79)
	... 4 more
2019-09-11 12:46:06,403 [608419ff-9e1e-46ed-b668-4d330b5fd69a@group-791F85AA1D09-SegmentedRaftLogWorker] WARN  segmented.SegmentedRaftLogWorker (SegmentedRaftLogWorker.java:getFromFuture(90)) - Timeout 2/~
org.apache.ratis.protocol.TimeoutIOException: Timeout 10s: WriteLog:12: (t:1, i:12), STATEMACHINELOGENTRY, client-D34D2F077373, cid=143-writeStateMachineData
	at org.apache.ratis.util.IOUtils.getFromFuture(IOUtils.java:87)
	at org.apache.ratis.server.raftlog.segmented.SegmentedRaftLogWorker$StateMachineDataPolicy.getFromFuture(SegmentedRaftLogWorker.java:87)
	at org.apache.ratis.server.raftlog.segmented.SegmentedRaftLogWorker$WriteLog.execute(SegmentedRaftLogWorker.java:477)
	at org.apache.ratis.server.raftlog.segmented.SegmentedRaftLogWorker.run(SegmentedRaftLogWorker.java:289)
	at java.lang.Thread.run(Thread.java:748)
Caused by: java.util.concurrent.TimeoutException
	at java.util.concurrent.CompletableFuture.timedGet(CompletableFuture.java:1771)
	at java.util.concurrent.CompletableFuture.get(CompletableFuture.java:1915)
	at org.apache.ratis.util.IOUtils.getFromFuture(IOUtils.java:79)
	... 4 more
2019-09-11 12:46:06,451 [grpc-default-executor-4] INFO  client.GrpcClientProtocolClient (GrpcClientProtocolClient.java:onNext(264)) - client-D34D2F077373->5a49129c-fcc1-4df1-b4f9-e84c17474790: receive RaftClientReply:client-D34D2F077373->5a49129c-fcc1-4df1-b4f9-e84c17474790@group-791F85AA1D09, cid=142, FAILED org.apache.ratis.protocol.NotLeaderException: Server 5a49129c-fcc1-4df1-b4f9-e84c17474790@group-791F85AA1D09 is not the leader 608419ff-9e1e-46ed-b668-4d330b5fd69a:192.168.69.81:34716, logIndex=0, commits[5a49129c-fcc1-4df1-b4f9-e84c17474790:c10, a355c4c2-cbce-4d32-ac2d-5d7efcc7e61b:c9, 608419ff-9e1e-46ed-b668-4d330b5fd69a:c10]
2019-09-11 12:46:06,749 [java.util.concurrent.ThreadPoolExecutor$Worker@609f90f[State = -1, empty queue]] WARN  server.GrpcLogAppender (GrpcLogAppender.java:timeoutAppendRequest(200)) - 608419ff-9e1e-46ed-b668-4d330b5fd69a@group-791F85AA1D09->5a49129c-fcc1-4df1-b4f9-e84c17474790-GrpcLogAppender: appendEntries Timeout, request=608419ff-9e1e-46ed-b668-4d330b5fd69a->5a49129c-fcc1-4df1-b4f9-e84c17474790#102-t1, previous=(t:1, i:16), leaderCommit=10, initializing? false, entries: <empty>
2019-09-11 12:46:06,749 [java.util.concurrent.ThreadPoolExecutor$Worker@4a186632[State = -1, empty queue]] WARN  server.GrpcLogAppender (GrpcLogAppender.java:timeoutAppendRequest(200)) - 608419ff-9e1e-46ed-b668-4d330b5fd69a@group-791F85AA1D09->a355c4c2-cbce-4d32-ac2d-5d7efcc7e61b-GrpcLogAppender: appendEntries Timeout, request=608419ff-9e1e-46ed-b668-4d330b5fd69a->a355c4c2-cbce-4d32-ac2d-5d7efcc7e61b#102-t1, previous=(t:1, i:16), leaderCommit=10, initializing? false, entries: <empty>
2019-09-11 12:46:07,892 [grpc-default-executor-4] INFO  impl.RaftServerProxy (RaftServerProxy.java:remove(95)) - d8e74394-a0bf-4ec3-a3ce-4740c71bd9b7: remove group-36481D5C2926:null
2019-09-11 12:46:07,895 [RatisPipelineUtilsThread] WARN  pipeline.RatisPipelineUtils (RatisPipelineUtils.java:destroyPipeline(66)) - Pipeline destroy failed for pipeline=PipelineID=5307b2a7-4d22-40e9-b771-36481d5c2926 dn=d8e74394-a0bf-4ec3-a3ce-4740c71bd9b7{ip: 192.168.69.81, host: pr-hdds-2109-6lgm5-4208394744, networkLocation: /default-rack, certSerialId: null}
2019-09-11 12:46:07,897 [grpc-default-executor-4] INFO  impl.RaftServerProxy (RaftServerProxy.java:remove(95)) - f90b1bbc-0325-4fdc-bdda-dbac376593c0: remove group-36481D5C2926:null
2019-09-11 12:46:07,899 [RatisPipelineUtilsThread] WARN  pipeline.RatisPipelineUtils (RatisPipelineUtils.java:destroyPipeline(66)) - Pipeline destroy failed for pipeline=PipelineID=5307b2a7-4d22-40e9-b771-36481d5c2926 dn=f90b1bbc-0325-4fdc-bdda-dbac376593c0{ip: 192.168.69.81, host: pr-hdds-2109-6lgm5-4208394744, networkLocation: /default-rack, certSerialId: null}
2019-09-11 12:46:07,901 [grpc-default-executor-4] INFO  impl.RaftServerProxy (RaftServerProxy.java:remove(95)) - 8533a49c-a60c-4c36-849a-1b71101d719e: remove group-36481D5C2926:null
2019-09-11 12:46:07,903 [RatisPipelineUtilsThread] WARN  pipeline.RatisPipelineUtils (RatisPipelineUtils.java:destroyPipeline(66)) - Pipeline destroy failed for pipeline=PipelineID=5307b2a7-4d22-40e9-b771-36481d5c2926 dn=8533a49c-a60c-4c36-849a-1b71101d719e{ip: 192.168.69.81, host: pr-hdds-2109-6lgm5-4208394744, networkLocation: /default-rack, certSerialId: null}
2019-09-11 12:46:07,903 [RatisPipelineUtilsThread] ERROR pipeline.SCMPipelineManager (Scheduler.java:lambda$schedule$1(70)) - Destroy pipeline failed for pipeline:Pipeline[ Id: 5307b2a7-4d22-40e9-b771-36481d5c2926, Nodes: d8e74394-a0bf-4ec3-a3ce-4740c71bd9b7{ip: 192.168.69.81, host: pr-hdds-2109-6lgm5-4208394744, networkLocation: /default-rack, certSerialId: null}f90b1bbc-0325-4fdc-bdda-dbac376593c0{ip: 192.168.69.81, host: pr-hdds-2109-6lgm5-4208394744, networkLocation: /default-rack, certSerialId: null}8533a49c-a60c-4c36-849a-1b71101d719e{ip: 192.168.69.81, host: pr-hdds-2109-6lgm5-4208394744, networkLocation: /default-rack, certSerialId: null}, Type:RATIS, Factor:THREE, State:CLOSED]
org.apache.hadoop.hdds.scm.pipeline.PipelineNotFoundException: PipelineID=5307b2a7-4d22-40e9-b771-36481d5c2926 not found
	at org.apache.hadoop.hdds.scm.pipeline.PipelineStateMap.getPipeline(PipelineStateMap.java:132)
	at org.apache.hadoop.hdds.scm.pipeline.PipelineStateMap.removePipeline(PipelineStateMap.java:322)
	at org.apache.hadoop.hdds.scm.pipeline.PipelineStateManager.removePipeline(PipelineStateManager.java:107)
	at org.apache.hadoop.hdds.scm.pipeline.SCMPipelineManager.removePipeline(SCMPipelineManager.java:423)
	at org.apache.hadoop.hdds.scm.pipeline.SCMPipelineManager.destroyPipeline(SCMPipelineManager.java:409)
	at org.apache.hadoop.hdds.scm.pipeline.SCMPipelineManager.lambda$finalizeAndDestroyPipeline$0(SCMPipelineManager.java:318)
	at org.apache.hadoop.utils.Scheduler.lambda$schedule$1(Scheduler.java:68)
	at java.util.concurrent.Executors$RunnableAdapter.call(Executors.java:511)
	at java.util.concurrent.FutureTask.run(FutureTask.java:266)
	at java.util.concurrent.ScheduledThreadPoolExecutor$ScheduledFutureTask.access$201(ScheduledThreadPoolExecutor.java:180)
	at java.util.concurrent.ScheduledThreadPoolExecutor$ScheduledFutureTask.run(ScheduledThreadPoolExecutor.java:293)
	at java.util.concurrent.ThreadPoolExecutor.runWorker(ThreadPoolExecutor.java:1149)
	at java.util.concurrent.ThreadPoolExecutor$Worker.run(ThreadPoolExecutor.java:624)
	at java.lang.Thread.run(Thread.java:748)
2019-09-11 12:46:09,250 [java.util.concurrent.ThreadPoolExecutor$Worker@4a186632[State = -1, empty queue]] WARN  server.GrpcLogAppender (GrpcLogAppender.java:timeoutAppendRequest(200)) - 608419ff-9e1e-46ed-b668-4d330b5fd69a@group-791F85AA1D09->a355c4c2-cbce-4d32-ac2d-5d7efcc7e61b-GrpcLogAppender: appendEntries Timeout, request=608419ff-9e1e-46ed-b668-4d330b5fd69a->a355c4c2-cbce-4d32-ac2d-5d7efcc7e61b#103-t1, previous=(t:1, i:16), leaderCommit=10, initializing? false, entries: <empty>
2019-09-11 12:46:09,250 [java.util.concurrent.ThreadPoolExecutor$Worker@609f90f[State = -1, empty queue]] WARN  server.GrpcLogAppender (GrpcLogAppender.java:timeoutAppendRequest(200)) - 608419ff-9e1e-46ed-b668-4d330b5fd69a@group-791F85AA1D09->5a49129c-fcc1-4df1-b4f9-e84c17474790-GrpcLogAppender: appendEntries Timeout, request=608419ff-9e1e-46ed-b668-4d330b5fd69a->5a49129c-fcc1-4df1-b4f9-e84c17474790#103-t1, previous=(t:1, i:16), leaderCommit=10, initializing? false, entries: <empty>
2019-09-11 12:46:09,893 [grpc-default-executor-4] INFO  impl.RaftServerProxy (RaftServerProxy.java:remove(95)) - d8e74394-a0bf-4ec3-a3ce-4740c71bd9b7: remove group-36481D5C2926:null
2019-09-11 12:46:09,897 [RatisPipelineUtilsThread] WARN  pipeline.RatisPipelineUtils (RatisPipelineUtils.java:destroyPipeline(66)) - Pipeline destroy failed for pipeline=PipelineID=5307b2a7-4d22-40e9-b771-36481d5c2926 dn=d8e74394-a0bf-4ec3-a3ce-4740c71bd9b7{ip: 192.168.69.81, host: pr-hdds-2109-6lgm5-4208394744, networkLocation: /default-rack, certSerialId: null}
2019-09-11 12:46:09,899 [grpc-default-executor-4] INFO  impl.RaftServerProxy (RaftServerProxy.java:remove(95)) - f90b1bbc-0325-4fdc-bdda-dbac376593c0: remove group-36481D5C2926:null
2019-09-11 12:46:09,901 [RatisPipelineUtilsThread] WARN  pipeline.RatisPipelineUtils (RatisPipelineUtils.java:destroyPipeline(66)) - Pipeline destroy failed for pipeline=PipelineID=5307b2a7-4d22-40e9-b771-36481d5c2926 dn=f90b1bbc-0325-4fdc-bdda-dbac376593c0{ip: 192.168.69.81, host: pr-hdds-2109-6lgm5-4208394744, networkLocation: /default-rack, certSerialId: null}
2019-09-11 12:46:09,902 [grpc-default-executor-4] INFO  impl.RaftServerProxy (RaftServerProxy.java:remove(95)) - 8533a49c-a60c-4c36-849a-1b71101d719e: remove group-36481D5C2926:null
2019-09-11 12:46:09,904 [RatisPipelineUtilsThread] WARN  pipeline.RatisPipelineUtils (RatisPipelineUtils.java:destroyPipeline(66)) - Pipeline destroy failed for pipeline=PipelineID=5307b2a7-4d22-40e9-b771-36481d5c2926 dn=8533a49c-a60c-4c36-849a-1b71101d719e{ip: 192.168.69.81, host: pr-hdds-2109-6lgm5-4208394744, networkLocation: /default-rack, certSerialId: null}
2019-09-11 12:46:09,904 [RatisPipelineUtilsThread] ERROR pipeline.SCMPipelineManager (Scheduler.java:lambda$schedule$1(70)) - Destroy pipeline failed for pipeline:Pipeline[ Id: 5307b2a7-4d22-40e9-b771-36481d5c2926, Nodes: d8e74394-a0bf-4ec3-a3ce-4740c71bd9b7{ip: 192.168.69.81, host: pr-hdds-2109-6lgm5-4208394744, networkLocation: /default-rack, certSerialId: null}f90b1bbc-0325-4fdc-bdda-dbac376593c0{ip: 192.168.69.81, host: pr-hdds-2109-6lgm5-4208394744, networkLocation: /default-rack, certSerialId: null}8533a49c-a60c-4c36-849a-1b71101d719e{ip: 192.168.69.81, host: pr-hdds-2109-6lgm5-4208394744, networkLocation: /default-rack, certSerialId: null}, Type:RATIS, Factor:THREE, State:CLOSED]
org.apache.hadoop.hdds.scm.pipeline.PipelineNotFoundException: PipelineID=5307b2a7-4d22-40e9-b771-36481d5c2926 not found
	at org.apache.hadoop.hdds.scm.pipeline.PipelineStateMap.getPipeline(PipelineStateMap.java:132)
	at org.apache.hadoop.hdds.scm.pipeline.PipelineStateMap.removePipeline(PipelineStateMap.java:322)
	at org.apache.hadoop.hdds.scm.pipeline.PipelineStateManager.removePipeline(PipelineStateManager.java:107)
	at org.apache.hadoop.hdds.scm.pipeline.SCMPipelineManager.removePipeline(SCMPipelineManager.java:423)
	at org.apache.hadoop.hdds.scm.pipeline.SCMPipelineManager.destroyPipeline(SCMPipelineManager.java:409)
	at org.apache.hadoop.hdds.scm.pipeline.SCMPipelineManager.lambda$finalizeAndDestroyPipeline$0(SCMPipelineManager.java:318)
	at org.apache.hadoop.utils.Scheduler.lambda$schedule$1(Scheduler.java:68)
	at java.util.concurrent.Executors$RunnableAdapter.call(Executors.java:511)
	at java.util.concurrent.FutureTask.run(FutureTask.java:266)
	at java.util.concurrent.ScheduledThreadPoolExecutor$ScheduledFutureTask.access$201(ScheduledThreadPoolExecutor.java:180)
	at java.util.concurrent.ScheduledThreadPoolExecutor$ScheduledFutureTask.run(ScheduledThreadPoolExecutor.java:293)
	at java.util.concurrent.ThreadPoolExecutor.runWorker(ThreadPoolExecutor.java:1149)
	at java.util.concurrent.ThreadPoolExecutor$Worker.run(ThreadPoolExecutor.java:624)
	at java.lang.Thread.run(Thread.java:748)
2019-09-11 12:46:11,486 [grpc-default-executor-4] INFO  client.GrpcClientProtocolClient (GrpcClientProtocolClient.java:onNext(264)) - client-D34D2F077373->5a49129c-fcc1-4df1-b4f9-e84c17474790: receive RaftClientReply:client-D34D2F077373->5a49129c-fcc1-4df1-b4f9-e84c17474790@group-791F85AA1D09, cid=142, FAILED org.apache.ratis.protocol.NotLeaderException: Server 5a49129c-fcc1-4df1-b4f9-e84c17474790@group-791F85AA1D09 is not the leader 608419ff-9e1e-46ed-b668-4d330b5fd69a:192.168.69.81:34716, logIndex=0, commits[5a49129c-fcc1-4df1-b4f9-e84c17474790:c10, a355c4c2-cbce-4d32-ac2d-5d7efcc7e61b:c9, 608419ff-9e1e-46ed-b668-4d330b5fd69a:c10]
2019-09-11 12:46:11,750 [java.util.concurrent.ThreadPoolExecutor$Worker@4a186632[State = -1, empty queue]] WARN  server.GrpcLogAppender (GrpcLogAppender.java:timeoutAppendRequest(200)) - 608419ff-9e1e-46ed-b668-4d330b5fd69a@group-791F85AA1D09->a355c4c2-cbce-4d32-ac2d-5d7efcc7e61b-GrpcLogAppender: appendEntries Timeout, request=608419ff-9e1e-46ed-b668-4d330b5fd69a->a355c4c2-cbce-4d32-ac2d-5d7efcc7e61b#104-t1, previous=(t:1, i:16), leaderCommit=10, initializing? false, entries: <empty>
2019-09-11 12:46:11,750 [java.util.concurrent.ThreadPoolExecutor$Worker@609f90f[State = -1, empty queue]] WARN  server.GrpcLogAppender (GrpcLogAppender.java:timeoutAppendRequest(200)) - 608419ff-9e1e-46ed-b668-4d330b5fd69a@group-791F85AA1D09->5a49129c-fcc1-4df1-b4f9-e84c17474790-GrpcLogAppender: appendEntries Timeout, request=608419ff-9e1e-46ed-b668-4d330b5fd69a->5a49129c-fcc1-4df1-b4f9-e84c17474790#104-t1, previous=(t:1, i:16), leaderCommit=10, initializing? false, entries: <empty>
2019-09-11 12:46:12,891 [grpc-default-executor-4] INFO  impl.RaftServerProxy (RaftServerProxy.java:remove(95)) - d8e74394-a0bf-4ec3-a3ce-4740c71bd9b7: remove group-36481D5C2926:null
2019-09-11 12:46:12,893 [RatisPipelineUtilsThread] WARN  pipeline.RatisPipelineUtils (RatisPipelineUtils.java:destroyPipeline(66)) - Pipeline destroy failed for pipeline=PipelineID=5307b2a7-4d22-40e9-b771-36481d5c2926 dn=d8e74394-a0bf-4ec3-a3ce-4740c71bd9b7{ip: 192.168.69.81, host: pr-hdds-2109-6lgm5-4208394744, networkLocation: /default-rack, certSerialId: null}
2019-09-11 12:46:12,895 [grpc-default-executor-4] INFO  impl.RaftServerProxy (RaftServerProxy.java:remove(95)) - f90b1bbc-0325-4fdc-bdda-dbac376593c0: remove group-36481D5C2926:null
2019-09-11 12:46:12,896 [RatisPipelineUtilsThread] WARN  pipeline.RatisPipelineUtils (RatisPipelineUtils.java:destroyPipeline(66)) - Pipeline destroy failed for pipeline=PipelineID=5307b2a7-4d22-40e9-b771-36481d5c2926 dn=f90b1bbc-0325-4fdc-bdda-dbac376593c0{ip: 192.168.69.81, host: pr-hdds-2109-6lgm5-4208394744, networkLocation: /default-rack, certSerialId: null}
2019-09-11 12:46:12,898 [grpc-default-executor-4] INFO  impl.RaftServerProxy (RaftServerProxy.java:remove(95)) - 8533a49c-a60c-4c36-849a-1b71101d719e: remove group-36481D5C2926:null
2019-09-11 12:46:12,899 [RatisPipelineUtilsThread] WARN  pipeline.RatisPipelineUtils (RatisPipelineUtils.java:destroyPipeline(66)) - Pipeline destroy failed for pipeline=PipelineID=5307b2a7-4d22-40e9-b771-36481d5c2926 dn=8533a49c-a60c-4c36-849a-1b71101d719e{ip: 192.168.69.81, host: pr-hdds-2109-6lgm5-4208394744, networkLocation: /default-rack, certSerialId: null}
2019-09-11 12:46:12,899 [RatisPipelineUtilsThread] ERROR pipeline.SCMPipelineManager (Scheduler.java:lambda$schedule$1(70)) - Destroy pipeline failed for pipeline:Pipeline[ Id: 5307b2a7-4d22-40e9-b771-36481d5c2926, Nodes: d8e74394-a0bf-4ec3-a3ce-4740c71bd9b7{ip: 192.168.69.81, host: pr-hdds-2109-6lgm5-4208394744, networkLocation: /default-rack, certSerialId: null}f90b1bbc-0325-4fdc-bdda-dbac376593c0{ip: 192.168.69.81, host: pr-hdds-2109-6lgm5-4208394744, networkLocation: /default-rack, certSerialId: null}8533a49c-a60c-4c36-849a-1b71101d719e{ip: 192.168.69.81, host: pr-hdds-2109-6lgm5-4208394744, networkLocation: /default-rack, certSerialId: null}, Type:RATIS, Factor:THREE, State:CLOSED]
org.apache.hadoop.hdds.scm.pipeline.PipelineNotFoundException: PipelineID=5307b2a7-4d22-40e9-b771-36481d5c2926 not found
	at org.apache.hadoop.hdds.scm.pipeline.PipelineStateMap.getPipeline(PipelineStateMap.java:132)
	at org.apache.hadoop.hdds.scm.pipeline.PipelineStateMap.removePipeline(PipelineStateMap.java:322)
	at org.apache.hadoop.hdds.scm.pipeline.PipelineStateManager.removePipeline(PipelineStateManager.java:107)
	at org.apache.hadoop.hdds.scm.pipeline.SCMPipelineManager.removePipeline(SCMPipelineManager.java:423)
	at org.apache.hadoop.hdds.scm.pipeline.SCMPipelineManager.destroyPipeline(SCMPipelineManager.java:409)
	at org.apache.hadoop.hdds.scm.pipeline.SCMPipelineManager.lambda$finalizeAndDestroyPipeline$0(SCMPipelineManager.java:318)
	at org.apache.hadoop.utils.Scheduler.lambda$schedule$1(Scheduler.java:68)
	at java.util.concurrent.Executors$RunnableAdapter.call(Executors.java:511)
	at java.util.concurrent.FutureTask.run(FutureTask.java:266)
	at java.util.concurrent.ScheduledThreadPoolExecutor$ScheduledFutureTask.access$201(ScheduledThreadPoolExecutor.java:180)
	at java.util.concurrent.ScheduledThreadPoolExecutor$ScheduledFutureTask.run(ScheduledThreadPoolExecutor.java:293)
	at java.util.concurrent.ThreadPoolExecutor.runWorker(ThreadPoolExecutor.java:1149)
	at java.util.concurrent.ThreadPoolExecutor$Worker.run(ThreadPoolExecutor.java:624)
	at java.lang.Thread.run(Thread.java:748)
2019-09-11 12:46:14,250 [java.util.concurrent.ThreadPoolExecutor$Worker@4a186632[State = -1, empty queue]] WARN  server.GrpcLogAppender (GrpcLogAppender.java:timeoutAppendRequest(200)) - 608419ff-9e1e-46ed-b668-4d330b5fd69a@group-791F85AA1D09->a355c4c2-cbce-4d32-ac2d-5d7efcc7e61b-GrpcLogAppender: appendEntries Timeout, request=608419ff-9e1e-46ed-b668-4d330b5fd69a->a355c4c2-cbce-4d32-ac2d-5d7efcc7e61b#105-t1, previous=(t:1, i:16), leaderCommit=10, initializing? false, entries: <empty>
2019-09-11 12:46:14,250 [java.util.concurrent.ThreadPoolExecutor$Worker@609f90f[State = -1, empty queue]] WARN  server.GrpcLogAppender (GrpcLogAppender.java:timeoutAppendRequest(200)) - 608419ff-9e1e-46ed-b668-4d330b5fd69a@group-791F85AA1D09->5a49129c-fcc1-4df1-b4f9-e84c17474790-GrpcLogAppender: appendEntries Timeout, request=608419ff-9e1e-46ed-b668-4d330b5fd69a->5a49129c-fcc1-4df1-b4f9-e84c17474790#105-t1, previous=(t:1, i:16), leaderCommit=10, initializing? false, entries: <empty>
2019-09-11 12:46:14,901 [grpc-default-executor-6] INFO  impl.RaftServerProxy (RaftServerProxy.java:remove(95)) - d8e74394-a0bf-4ec3-a3ce-4740c71bd9b7: remove group-36481D5C2926:null
2019-09-11 12:46:14,905 [RatisPipelineUtilsThread] WARN  pipeline.RatisPipelineUtils (RatisPipelineUtils.java:destroyPipeline(66)) - Pipeline destroy failed for pipeline=PipelineID=5307b2a7-4d22-40e9-b771-36481d5c2926 dn=d8e74394-a0bf-4ec3-a3ce-4740c71bd9b7{ip: 192.168.69.81, host: pr-hdds-2109-6lgm5-4208394744, networkLocation: /default-rack, certSerialId: null}
2019-09-11 12:46:14,907 [grpc-default-executor-6] INFO  impl.RaftServerProxy (RaftServerProxy.java:remove(95)) - f90b1bbc-0325-4fdc-bdda-dbac376593c0: remove group-36481D5C2926:null
2019-09-11 12:46:14,909 [RatisPipelineUtilsThread] WARN  pipeline.RatisPipelineUtils (RatisPipelineUtils.java:destroyPipeline(66)) - Pipeline destroy failed for pipeline=PipelineID=5307b2a7-4d22-40e9-b771-36481d5c2926 dn=f90b1bbc-0325-4fdc-bdda-dbac376593c0{ip: 192.168.69.81, host: pr-hdds-2109-6lgm5-4208394744, networkLocation: /default-rack, certSerialId: null}
2019-09-11 12:46:14,912 [grpc-default-executor-6] INFO  impl.RaftServerProxy (RaftServerProxy.java:remove(95)) - 8533a49c-a60c-4c36-849a-1b71101d719e: remove group-36481D5C2926:null
2019-09-11 12:46:14,913 [RatisPipelineUtilsThread] WARN  pipeline.RatisPipelineUtils (RatisPipelineUtils.java:destroyPipeline(66)) - Pipeline destroy failed for pipeline=PipelineID=5307b2a7-4d22-40e9-b771-36481d5c2926 dn=8533a49c-a60c-4c36-849a-1b71101d719e{ip: 192.168.69.81, host: pr-hdds-2109-6lgm5-4208394744, networkLocation: /default-rack, certSerialId: null}
2019-09-11 12:46:14,914 [RatisPipelineUtilsThread] ERROR pipeline.SCMPipelineManager (Scheduler.java:lambda$schedule$1(70)) - Destroy pipeline failed for pipeline:Pipeline[ Id: 5307b2a7-4d22-40e9-b771-36481d5c2926, Nodes: d8e74394-a0bf-4ec3-a3ce-4740c71bd9b7{ip: 192.168.69.81, host: pr-hdds-2109-6lgm5-4208394744, networkLocation: /default-rack, certSerialId: null}f90b1bbc-0325-4fdc-bdda-dbac376593c0{ip: 192.168.69.81, host: pr-hdds-2109-6lgm5-4208394744, networkLocation: /default-rack, certSerialId: null}8533a49c-a60c-4c36-849a-1b71101d719e{ip: 192.168.69.81, host: pr-hdds-2109-6lgm5-4208394744, networkLocation: /default-rack, certSerialId: null}, Type:RATIS, Factor:THREE, State:CLOSED]
org.apache.hadoop.hdds.scm.pipeline.PipelineNotFoundException: PipelineID=5307b2a7-4d22-40e9-b771-36481d5c2926 not found
	at org.apache.hadoop.hdds.scm.pipeline.PipelineStateMap.getPipeline(PipelineStateMap.java:132)
	at org.apache.hadoop.hdds.scm.pipeline.PipelineStateMap.removePipeline(PipelineStateMap.java:322)
	at org.apache.hadoop.hdds.scm.pipeline.PipelineStateManager.removePipeline(PipelineStateManager.java:107)
	at org.apache.hadoop.hdds.scm.pipeline.SCMPipelineManager.removePipeline(SCMPipelineManager.java:423)
	at org.apache.hadoop.hdds.scm.pipeline.SCMPipelineManager.destroyPipeline(SCMPipelineManager.java:409)
	at org.apache.hadoop.hdds.scm.pipeline.SCMPipelineManager.lambda$finalizeAndDestroyPipeline$0(SCMPipelineManager.java:318)
	at org.apache.hadoop.utils.Scheduler.lambda$schedule$1(Scheduler.java:68)
	at java.util.concurrent.Executors$RunnableAdapter.call(Executors.java:511)
	at java.util.concurrent.FutureTask.run(FutureTask.java:266)
	at java.util.concurrent.ScheduledThreadPoolExecutor$ScheduledFutureTask.access$201(ScheduledThreadPoolExecutor.java:180)
	at java.util.concurrent.ScheduledThreadPoolExecutor$ScheduledFutureTask.run(ScheduledThreadPoolExecutor.java:293)
	at java.util.concurrent.ThreadPoolExecutor.runWorker(ThreadPoolExecutor.java:1149)
	at java.util.concurrent.ThreadPoolExecutor$Worker.run(ThreadPoolExecutor.java:624)
	at java.lang.Thread.run(Thread.java:748)
2019-09-11 12:46:16,245 [a355c4c2-cbce-4d32-ac2d-5d7efcc7e61b@group-791F85AA1D09-SegmentedRaftLogWorker] WARN  segmented.SegmentedRaftLogWorker (SegmentedRaftLogWorker.java:getFromFuture(90)) - Timeout 3/~
org.apache.ratis.protocol.TimeoutIOException: Timeout 10s: WriteLog:11: (t:1, i:11), STATEMACHINELOGENTRY, client-D34D2F077373, cid=142-writeStateMachineData
	at org.apache.ratis.util.IOUtils.getFromFuture(IOUtils.java:87)
	at org.apache.ratis.server.raftlog.segmented.SegmentedRaftLogWorker$StateMachineDataPolicy.getFromFuture(SegmentedRaftLogWorker.java:87)
	at org.apache.ratis.server.raftlog.segmented.SegmentedRaftLogWorker$WriteLog.execute(SegmentedRaftLogWorker.java:477)
	at org.apache.ratis.server.raftlog.segmented.SegmentedRaftLogWorker.run(SegmentedRaftLogWorker.java:289)
	at java.lang.Thread.run(Thread.java:748)
Caused by: java.util.concurrent.TimeoutException
	at java.util.concurrent.CompletableFuture.timedGet(CompletableFuture.java:1771)
	at java.util.concurrent.CompletableFuture.get(CompletableFuture.java:1915)
	at org.apache.ratis.util.IOUtils.getFromFuture(IOUtils.java:79)
	... 4 more
2019-09-11 12:46:16,245 [5a49129c-fcc1-4df1-b4f9-e84c17474790@group-791F85AA1D09-SegmentedRaftLogWorker] WARN  segmented.SegmentedRaftLogWorker (SegmentedRaftLogWorker.java:getFromFuture(90)) - Timeout 3/~
org.apache.ratis.protocol.TimeoutIOException: Timeout 10s: WriteLog:11: (t:1, i:11), STATEMACHINELOGENTRY, client-D34D2F077373, cid=142-writeStateMachineData
	at org.apache.ratis.util.IOUtils.getFromFuture(IOUtils.java:87)
	at org.apache.ratis.server.raftlog.segmented.SegmentedRaftLogWorker$StateMachineDataPolicy.getFromFuture(SegmentedRaftLogWorker.java:87)
	at org.apache.ratis.server.raftlog.segmented.SegmentedRaftLogWorker$WriteLog.execute(SegmentedRaftLogWorker.java:477)
	at org.apache.ratis.server.raftlog.segmented.SegmentedRaftLogWorker.run(SegmentedRaftLogWorker.java:289)
	at java.lang.Thread.run(Thread.java:748)
Caused by: java.util.concurrent.TimeoutException
	at java.util.concurrent.CompletableFuture.timedGet(CompletableFuture.java:1771)
	at java.util.concurrent.CompletableFuture.get(CompletableFuture.java:1915)
	at org.apache.ratis.util.IOUtils.getFromFuture(IOUtils.java:79)
	... 4 more
2019-09-11 12:46:16,404 [608419ff-9e1e-46ed-b668-4d330b5fd69a@group-791F85AA1D09-SegmentedRaftLogWorker] WARN  segmented.SegmentedRaftLogWorker (SegmentedRaftLogWorker.java:getFromFuture(90)) - Timeout 3/~
org.apache.ratis.protocol.TimeoutIOException: Timeout 10s: WriteLog:12: (t:1, i:12), STATEMACHINELOGENTRY, client-D34D2F077373, cid=143-writeStateMachineData
	at org.apache.ratis.util.IOUtils.getFromFuture(IOUtils.java:87)
	at org.apache.ratis.server.raftlog.segmented.SegmentedRaftLogWorker$StateMachineDataPolicy.getFromFuture(SegmentedRaftLogWorker.java:87)
	at org.apache.ratis.server.raftlog.segmented.SegmentedRaftLogWorker$WriteLog.execute(SegmentedRaftLogWorker.java:477)
	at org.apache.ratis.server.raftlog.segmented.SegmentedRaftLogWorker.run(SegmentedRaftLogWorker.java:289)
	at java.lang.Thread.run(Thread.java:748)
Caused by: java.util.concurrent.TimeoutException
	at java.util.concurrent.CompletableFuture.timedGet(CompletableFuture.java:1771)
	at java.util.concurrent.CompletableFuture.get(CompletableFuture.java:1915)
	at org.apache.ratis.util.IOUtils.getFromFuture(IOUtils.java:79)
	... 4 more
2019-09-11 12:46:16,519 [grpc-default-executor-6] INFO  client.GrpcClientProtocolClient (GrpcClientProtocolClient.java:onNext(264)) - client-D34D2F077373->a355c4c2-cbce-4d32-ac2d-5d7efcc7e61b: receive RaftClientReply:client-D34D2F077373->a355c4c2-cbce-4d32-ac2d-5d7efcc7e61b@group-791F85AA1D09, cid=142, FAILED org.apache.ratis.protocol.NotLeaderException: Server a355c4c2-cbce-4d32-ac2d-5d7efcc7e61b@group-791F85AA1D09 is not the leader 608419ff-9e1e-46ed-b668-4d330b5fd69a:192.168.69.81:34716, logIndex=0, commits[a355c4c2-cbce-4d32-ac2d-5d7efcc7e61b:c10, 608419ff-9e1e-46ed-b668-4d330b5fd69a:c10, 5a49129c-fcc1-4df1-b4f9-e84c17474790:c9]
2019-09-11 12:46:16,750 [java.util.concurrent.ThreadPoolExecutor$Worker@609f90f[State = -1, empty queue]] WARN  server.GrpcLogAppender (GrpcLogAppender.java:timeoutAppendRequest(200)) - 608419ff-9e1e-46ed-b668-4d330b5fd69a@group-791F85AA1D09->5a49129c-fcc1-4df1-b4f9-e84c17474790-GrpcLogAppender: appendEntries Timeout, request=608419ff-9e1e-46ed-b668-4d330b5fd69a->5a49129c-fcc1-4df1-b4f9-e84c17474790#106-t1, previous=(t:1, i:16), leaderCommit=10, initializing? false, entries: <empty>
2019-09-11 12:46:16,750 [java.util.concurrent.ThreadPoolExecutor$Worker@4a186632[State = -1, empty queue]] WARN  server.GrpcLogAppender (GrpcLogAppender.java:timeoutAppendRequest(200)) - 608419ff-9e1e-46ed-b668-4d330b5fd69a@group-791F85AA1D09->a355c4c2-cbce-4d32-ac2d-5d7efcc7e61b-GrpcLogAppender: appendEntries Timeout, request=608419ff-9e1e-46ed-b668-4d330b5fd69a->a355c4c2-cbce-4d32-ac2d-5d7efcc7e61b#106-t1, previous=(t:1, i:16), leaderCommit=10, initializing? false, entries: <empty>
2019-09-11 12:46:17,896 [grpc-default-executor-4] INFO  impl.RaftServerProxy (RaftServerProxy.java:remove(95)) - d8e74394-a0bf-4ec3-a3ce-4740c71bd9b7: remove group-36481D5C2926:null
2019-09-11 12:46:17,899 [RatisPipelineUtilsThread] WARN  pipeline.RatisPipelineUtils (RatisPipelineUtils.java:destroyPipeline(66)) - Pipeline destroy failed for pipeline=PipelineID=5307b2a7-4d22-40e9-b771-36481d5c2926 dn=d8e74394-a0bf-4ec3-a3ce-4740c71bd9b7{ip: 192.168.69.81, host: pr-hdds-2109-6lgm5-4208394744, networkLocation: /default-rack, certSerialId: null}
2019-09-11 12:46:17,902 [grpc-default-executor-4] INFO  impl.RaftServerProxy (RaftServerProxy.java:remove(95)) - f90b1bbc-0325-4fdc-bdda-dbac376593c0: remove group-36481D5C2926:null
2019-09-11 12:46:17,904 [RatisPipelineUtilsThread] WARN  pipeline.RatisPipelineUtils (RatisPipelineUtils.java:destroyPipeline(66)) - Pipeline destroy failed for pipeline=PipelineID=5307b2a7-4d22-40e9-b771-36481d5c2926 dn=f90b1bbc-0325-4fdc-bdda-dbac376593c0{ip: 192.168.69.81, host: pr-hdds-2109-6lgm5-4208394744, networkLocation: /default-rack, certSerialId: null}
2019-09-11 12:46:17,907 [grpc-default-executor-4] INFO  impl.RaftServerProxy (RaftServerProxy.java:remove(95)) - 8533a49c-a60c-4c36-849a-1b71101d719e: remove group-36481D5C2926:null
2019-09-11 12:46:17,909 [RatisPipelineUtilsThread] WARN  pipeline.RatisPipelineUtils (RatisPipelineUtils.java:destroyPipeline(66)) - Pipeline destroy failed for pipeline=PipelineID=5307b2a7-4d22-40e9-b771-36481d5c2926 dn=8533a49c-a60c-4c36-849a-1b71101d719e{ip: 192.168.69.81, host: pr-hdds-2109-6lgm5-4208394744, networkLocation: /default-rack, certSerialId: null}
2019-09-11 12:46:17,909 [RatisPipelineUtilsThread] ERROR pipeline.SCMPipelineManager (Scheduler.java:lambda$schedule$1(70)) - Destroy pipeline failed for pipeline:Pipeline[ Id: 5307b2a7-4d22-40e9-b771-36481d5c2926, Nodes: d8e74394-a0bf-4ec3-a3ce-4740c71bd9b7{ip: 192.168.69.81, host: pr-hdds-2109-6lgm5-4208394744, networkLocation: /default-rack, certSerialId: null}f90b1bbc-0325-4fdc-bdda-dbac376593c0{ip: 192.168.69.81, host: pr-hdds-2109-6lgm5-4208394744, networkLocation: /default-rack, certSerialId: null}8533a49c-a60c-4c36-849a-1b71101d719e{ip: 192.168.69.81, host: pr-hdds-2109-6lgm5-4208394744, networkLocation: /default-rack, certSerialId: null}, Type:RATIS, Factor:THREE, State:CLOSED]
org.apache.hadoop.hdds.scm.pipeline.PipelineNotFoundException: PipelineID=5307b2a7-4d22-40e9-b771-36481d5c2926 not found
	at org.apache.hadoop.hdds.scm.pipeline.PipelineStateMap.getPipeline(PipelineStateMap.java:132)
	at org.apache.hadoop.hdds.scm.pipeline.PipelineStateMap.removePipeline(PipelineStateMap.java:322)
	at org.apache.hadoop.hdds.scm.pipeline.PipelineStateManager.removePipeline(PipelineStateManager.java:107)
	at org.apache.hadoop.hdds.scm.pipeline.SCMPipelineManager.removePipeline(SCMPipelineManager.java:423)
	at org.apache.hadoop.hdds.scm.pipeline.SCMPipelineManager.destroyPipeline(SCMPipelineManager.java:409)
	at org.apache.hadoop.hdds.scm.pipeline.SCMPipelineManager.lambda$finalizeAndDestroyPipeline$0(SCMPipelineManager.java:318)
	at org.apache.hadoop.utils.Scheduler.lambda$schedule$1(Scheduler.java:68)
	at java.util.concurrent.Executors$RunnableAdapter.call(Executors.java:511)
	at java.util.concurrent.FutureTask.run(FutureTask.java:266)
	at java.util.concurrent.ScheduledThreadPoolExecutor$ScheduledFutureTask.access$201(ScheduledThreadPoolExecutor.java:180)
	at java.util.concurrent.ScheduledThreadPoolExecutor$ScheduledFutureTask.run(ScheduledThreadPoolExecutor.java:293)
	at java.util.concurrent.ThreadPoolExecutor.runWorker(ThreadPoolExecutor.java:1149)
	at java.util.concurrent.ThreadPoolExecutor$Worker.run(ThreadPoolExecutor.java:624)
	at java.lang.Thread.run(Thread.java:748)
2019-09-11 12:46:19,251 [java.util.concurrent.ThreadPoolExecutor$Worker@4a186632[State = -1, empty queue]] WARN  server.GrpcLogAppender (GrpcLogAppender.java:timeoutAppendRequest(200)) - 608419ff-9e1e-46ed-b668-4d330b5fd69a@group-791F85AA1D09->a355c4c2-cbce-4d32-ac2d-5d7efcc7e61b-GrpcLogAppender: appendEntries Timeout, request=608419ff-9e1e-46ed-b668-4d330b5fd69a->a355c4c2-cbce-4d32-ac2d-5d7efcc7e61b#107-t1, previous=(t:1, i:16), leaderCommit=10, initializing? false, entries: <empty>
2019-09-11 12:46:19,251 [java.util.concurrent.ThreadPoolExecutor$Worker@609f90f[State = -1, empty queue]] WARN  server.GrpcLogAppender (GrpcLogAppender.java:timeoutAppendRequest(200)) - 608419ff-9e1e-46ed-b668-4d330b5fd69a@group-791F85AA1D09->5a49129c-fcc1-4df1-b4f9-e84c17474790-GrpcLogAppender: appendEntries Timeout, request=608419ff-9e1e-46ed-b668-4d330b5fd69a->5a49129c-fcc1-4df1-b4f9-e84c17474790#107-t1, previous=(t:1, i:16), leaderCommit=10, initializing? false, entries: <empty>
2019-09-11 12:46:19,901 [grpc-default-executor-7] INFO  impl.RaftServerProxy (RaftServerProxy.java:remove(95)) - d8e74394-a0bf-4ec3-a3ce-4740c71bd9b7: remove group-36481D5C2926:null
2019-09-11 12:46:19,905 [RatisPipelineUtilsThread] WARN  pipeline.RatisPipelineUtils (RatisPipelineUtils.java:destroyPipeline(66)) - Pipeline destroy failed for pipeline=PipelineID=5307b2a7-4d22-40e9-b771-36481d5c2926 dn=d8e74394-a0bf-4ec3-a3ce-4740c71bd9b7{ip: 192.168.69.81, host: pr-hdds-2109-6lgm5-4208394744, networkLocation: /default-rack, certSerialId: null}
2019-09-11 12:46:19,908 [grpc-default-executor-7] INFO  impl.RaftServerProxy (RaftServerProxy.java:remove(95)) - f90b1bbc-0325-4fdc-bdda-dbac376593c0: remove group-36481D5C2926:null
2019-09-11 12:46:19,910 [RatisPipelineUtilsThread] WARN  pipeline.RatisPipelineUtils (RatisPipelineUtils.java:destroyPipeline(66)) - Pipeline destroy failed for pipeline=PipelineID=5307b2a7-4d22-40e9-b771-36481d5c2926 dn=f90b1bbc-0325-4fdc-bdda-dbac376593c0{ip: 192.168.69.81, host: pr-hdds-2109-6lgm5-4208394744, networkLocation: /default-rack, certSerialId: null}
2019-09-11 12:46:19,913 [grpc-default-executor-7] INFO  impl.RaftServerProxy (RaftServerProxy.java:remove(95)) - 8533a49c-a60c-4c36-849a-1b71101d719e: remove group-36481D5C2926:null
2019-09-11 12:46:19,915 [RatisPipelineUtilsThread] WARN  pipeline.RatisPipelineUtils (RatisPipelineUtils.java:destroyPipeline(66)) - Pipeline destroy failed for pipeline=PipelineID=5307b2a7-4d22-40e9-b771-36481d5c2926 dn=8533a49c-a60c-4c36-849a-1b71101d719e{ip: 192.168.69.81, host: pr-hdds-2109-6lgm5-4208394744, networkLocation: /default-rack, certSerialId: null}
2019-09-11 12:46:19,915 [RatisPipelineUtilsThread] ERROR pipeline.SCMPipelineManager (Scheduler.java:lambda$schedule$1(70)) - Destroy pipeline failed for pipeline:Pipeline[ Id: 5307b2a7-4d22-40e9-b771-36481d5c2926, Nodes: d8e74394-a0bf-4ec3-a3ce-4740c71bd9b7{ip: 192.168.69.81, host: pr-hdds-2109-6lgm5-4208394744, networkLocation: /default-rack, certSerialId: null}f90b1bbc-0325-4fdc-bdda-dbac376593c0{ip: 192.168.69.81, host: pr-hdds-2109-6lgm5-4208394744, networkLocation: /default-rack, certSerialId: null}8533a49c-a60c-4c36-849a-1b71101d719e{ip: 192.168.69.81, host: pr-hdds-2109-6lgm5-4208394744, networkLocation: /default-rack, certSerialId: null}, Type:RATIS, Factor:THREE, State:CLOSED]
org.apache.hadoop.hdds.scm.pipeline.PipelineNotFoundException: PipelineID=5307b2a7-4d22-40e9-b771-36481d5c2926 not found
	at org.apache.hadoop.hdds.scm.pipeline.PipelineStateMap.getPipeline(PipelineStateMap.java:132)
	at org.apache.hadoop.hdds.scm.pipeline.PipelineStateMap.removePipeline(PipelineStateMap.java:322)
	at org.apache.hadoop.hdds.scm.pipeline.PipelineStateManager.removePipeline(PipelineStateManager.java:107)
	at org.apache.hadoop.hdds.scm.pipeline.SCMPipelineManager.removePipeline(SCMPipelineManager.java:423)
	at org.apache.hadoop.hdds.scm.pipeline.SCMPipelineManager.destroyPipeline(SCMPipelineManager.java:409)
	at org.apache.hadoop.hdds.scm.pipeline.SCMPipelineManager.lambda$finalizeAndDestroyPipeline$0(SCMPipelineManager.java:318)
	at org.apache.hadoop.utils.Scheduler.lambda$schedule$1(Scheduler.java:68)
	at java.util.concurrent.Executors$RunnableAdapter.call(Executors.java:511)
	at java.util.concurrent.FutureTask.run(FutureTask.java:266)
	at java.util.concurrent.ScheduledThreadPoolExecutor$ScheduledFutureTask.access$201(ScheduledThreadPoolExecutor.java:180)
	at java.util.concurrent.ScheduledThreadPoolExecutor$ScheduledFutureTask.run(ScheduledThreadPoolExecutor.java:293)
	at java.util.concurrent.ThreadPoolExecutor.runWorker(ThreadPoolExecutor.java:1149)
	at java.util.concurrent.ThreadPoolExecutor$Worker.run(ThreadPoolExecutor.java:624)
	at java.lang.Thread.run(Thread.java:748)
2019-09-11 12:46:21,559 [grpc-default-executor-4] INFO  client.GrpcClientProtocolClient (GrpcClientProtocolClient.java:onNext(264)) - client-D34D2F077373->5a49129c-fcc1-4df1-b4f9-e84c17474790: receive RaftClientReply:client-D34D2F077373->5a49129c-fcc1-4df1-b4f9-e84c17474790@group-791F85AA1D09, cid=142, FAILED org.apache.ratis.protocol.NotLeaderException: Server 5a49129c-fcc1-4df1-b4f9-e84c17474790@group-791F85AA1D09 is not the leader 608419ff-9e1e-46ed-b668-4d330b5fd69a:192.168.69.81:34716, logIndex=0, commits[5a49129c-fcc1-4df1-b4f9-e84c17474790:c10, a355c4c2-cbce-4d32-ac2d-5d7efcc7e61b:c9, 608419ff-9e1e-46ed-b668-4d330b5fd69a:c10]
2019-09-11 12:46:21,751 [java.util.concurrent.ThreadPoolExecutor$Worker@609f90f[State = -1, empty queue]] WARN  server.GrpcLogAppender (GrpcLogAppender.java:timeoutAppendRequest(200)) - 608419ff-9e1e-46ed-b668-4d330b5fd69a@group-791F85AA1D09->5a49129c-fcc1-4df1-b4f9-e84c17474790-GrpcLogAppender: appendEntries Timeout, request=608419ff-9e1e-46ed-b668-4d330b5fd69a->5a49129c-fcc1-4df1-b4f9-e84c17474790#108-t1, previous=(t:1, i:16), leaderCommit=10, initializing? false, entries: <empty>
2019-09-11 12:46:21,751 [java.util.concurrent.ThreadPoolExecutor$Worker@4a186632[State = -1, empty queue]] WARN  server.GrpcLogAppender (GrpcLogAppender.java:timeoutAppendRequest(200)) - 608419ff-9e1e-46ed-b668-4d330b5fd69a@group-791F85AA1D09->a355c4c2-cbce-4d32-ac2d-5d7efcc7e61b-GrpcLogAppender: appendEntries Timeout, request=608419ff-9e1e-46ed-b668-4d330b5fd69a->a355c4c2-cbce-4d32-ac2d-5d7efcc7e61b#108-t1, previous=(t:1, i:16), leaderCommit=10, initializing? false, entries: <empty>
2019-09-11 12:46:22,894 [grpc-default-executor-4] INFO  impl.RaftServerProxy (RaftServerProxy.java:remove(95)) - d8e74394-a0bf-4ec3-a3ce-4740c71bd9b7: remove group-36481D5C2926:null
2019-09-11 12:46:22,897 [RatisPipelineUtilsThread] WARN  pipeline.RatisPipelineUtils (RatisPipelineUtils.java:destroyPipeline(66)) - Pipeline destroy failed for pipeline=PipelineID=5307b2a7-4d22-40e9-b771-36481d5c2926 dn=d8e74394-a0bf-4ec3-a3ce-4740c71bd9b7{ip: 192.168.69.81, host: pr-hdds-2109-6lgm5-4208394744, networkLocation: /default-rack, certSerialId: null}
2019-09-11 12:46:22,899 [grpc-default-executor-4] INFO  impl.RaftServerProxy (RaftServerProxy.java:remove(95)) - f90b1bbc-0325-4fdc-bdda-dbac376593c0: remove group-36481D5C2926:null
2019-09-11 12:46:22,901 [RatisPipelineUtilsThread] WARN  pipeline.RatisPipelineUtils (RatisPipelineUtils.java:destroyPipeline(66)) - Pipeline destroy failed for pipeline=PipelineID=5307b2a7-4d22-40e9-b771-36481d5c2926 dn=f90b1bbc-0325-4fdc-bdda-dbac376593c0{ip: 192.168.69.81, host: pr-hdds-2109-6lgm5-4208394744, networkLocation: /default-rack, certSerialId: null}
2019-09-11 12:46:22,903 [grpc-default-executor-4] INFO  impl.RaftServerProxy (RaftServerProxy.java:remove(95)) - 8533a49c-a60c-4c36-849a-1b71101d719e: remove group-36481D5C2926:null
2019-09-11 12:46:22,905 [RatisPipelineUtilsThread] WARN  pipeline.RatisPipelineUtils (RatisPipelineUtils.java:destroyPipeline(66)) - Pipeline destroy failed for pipeline=PipelineID=5307b2a7-4d22-40e9-b771-36481d5c2926 dn=8533a49c-a60c-4c36-849a-1b71101d719e{ip: 192.168.69.81, host: pr-hdds-2109-6lgm5-4208394744, networkLocation: /default-rack, certSerialId: null}
2019-09-11 12:46:22,906 [RatisPipelineUtilsThread] ERROR pipeline.SCMPipelineManager (Scheduler.java:lambda$schedule$1(70)) - Destroy pipeline failed for pipeline:Pipeline[ Id: 5307b2a7-4d22-40e9-b771-36481d5c2926, Nodes: d8e74394-a0bf-4ec3-a3ce-4740c71bd9b7{ip: 192.168.69.81, host: pr-hdds-2109-6lgm5-4208394744, networkLocation: /default-rack, certSerialId: null}f90b1bbc-0325-4fdc-bdda-dbac376593c0{ip: 192.168.69.81, host: pr-hdds-2109-6lgm5-4208394744, networkLocation: /default-rack, certSerialId: null}8533a49c-a60c-4c36-849a-1b71101d719e{ip: 192.168.69.81, host: pr-hdds-2109-6lgm5-4208394744, networkLocation: /default-rack, certSerialId: null}, Type:RATIS, Factor:THREE, State:CLOSED]
org.apache.hadoop.hdds.scm.pipeline.PipelineNotFoundException: PipelineID=5307b2a7-4d22-40e9-b771-36481d5c2926 not found
	at org.apache.hadoop.hdds.scm.pipeline.PipelineStateMap.getPipeline(PipelineStateMap.java:132)
	at org.apache.hadoop.hdds.scm.pipeline.PipelineStateMap.removePipeline(PipelineStateMap.java:322)
	at org.apache.hadoop.hdds.scm.pipeline.PipelineStateManager.removePipeline(PipelineStateManager.java:107)
	at org.apache.hadoop.hdds.scm.pipeline.SCMPipelineManager.removePipeline(SCMPipelineManager.java:423)
	at org.apache.hadoop.hdds.scm.pipeline.SCMPipelineManager.destroyPipeline(SCMPipelineManager.java:409)
	at org.apache.hadoop.hdds.scm.pipeline.SCMPipelineManager.lambda$finalizeAndDestroyPipeline$0(SCMPipelineManager.java:318)
	at org.apache.hadoop.utils.Scheduler.lambda$schedule$1(Scheduler.java:68)
	at java.util.concurrent.Executors$RunnableAdapter.call(Executors.java:511)
	at java.util.concurrent.FutureTask.run(FutureTask.java:266)
	at java.util.concurrent.ScheduledThreadPoolExecutor$ScheduledFutureTask.access$201(ScheduledThreadPoolExecutor.java:180)
	at java.util.concurrent.ScheduledThreadPoolExecutor$ScheduledFutureTask.run(ScheduledThreadPoolExecutor.java:293)
	at java.util.concurrent.ThreadPoolExecutor.runWorker(ThreadPoolExecutor.java:1149)
	at java.util.concurrent.ThreadPoolExecutor$Worker.run(ThreadPoolExecutor.java:624)
	at java.lang.Thread.run(Thread.java:748)
2019-09-11 12:46:24,251 [java.util.concurrent.ThreadPoolExecutor$Worker@609f90f[State = -1, empty queue]] WARN  server.GrpcLogAppender (GrpcLogAppender.java:timeoutAppendRequest(200)) - 608419ff-9e1e-46ed-b668-4d330b5fd69a@group-791F85AA1D09->5a49129c-fcc1-4df1-b4f9-e84c17474790-GrpcLogAppender: appendEntries Timeout, request=608419ff-9e1e-46ed-b668-4d330b5fd69a->5a49129c-fcc1-4df1-b4f9-e84c17474790#109-t1, previous=(t:1, i:16), leaderCommit=10, initializing? false, entries: <empty>
2019-09-11 12:46:24,251 [java.util.concurrent.ThreadPoolExecutor$Worker@4a186632[State = -1, empty queue]] WARN  server.GrpcLogAppender (GrpcLogAppender.java:timeoutAppendRequest(200)) - 608419ff-9e1e-46ed-b668-4d330b5fd69a@group-791F85AA1D09->a355c4c2-cbce-4d32-ac2d-5d7efcc7e61b-GrpcLogAppender: appendEntries Timeout, request=608419ff-9e1e-46ed-b668-4d330b5fd69a->a355c4c2-cbce-4d32-ac2d-5d7efcc7e61b#109-t1, previous=(t:1, i:16), leaderCommit=10, initializing? false, entries: <empty>
2019-09-11 12:46:24,896 [grpc-default-executor-4] INFO  impl.RaftServerProxy (RaftServerProxy.java:remove(95)) - d8e74394-a0bf-4ec3-a3ce-4740c71bd9b7: remove group-36481D5C2926:null
2019-09-11 12:46:24,899 [RatisPipelineUtilsThread] WARN  pipeline.RatisPipelineUtils (RatisPipelineUtils.java:destroyPipeline(66)) - Pipeline destroy failed for pipeline=PipelineID=5307b2a7-4d22-40e9-b771-36481d5c2926 dn=d8e74394-a0bf-4ec3-a3ce-4740c71bd9b7{ip: 192.168.69.81, host: pr-hdds-2109-6lgm5-4208394744, networkLocation: /default-rack, certSerialId: null}
2019-09-11 12:46:24,901 [grpc-default-executor-4] INFO  impl.RaftServerProxy (RaftServerProxy.java:remove(95)) - f90b1bbc-0325-4fdc-bdda-dbac376593c0: remove group-36481D5C2926:null
2019-09-11 12:46:24,903 [RatisPipelineUtilsThread] WARN  pipeline.RatisPipelineUtils (RatisPipelineUtils.java:destroyPipeline(66)) - Pipeline destroy failed for pipeline=PipelineID=5307b2a7-4d22-40e9-b771-36481d5c2926 dn=f90b1bbc-0325-4fdc-bdda-dbac376593c0{ip: 192.168.69.81, host: pr-hdds-2109-6lgm5-4208394744, networkLocation: /default-rack, certSerialId: null}
2019-09-11 12:46:24,905 [grpc-default-executor-4] INFO  impl.RaftServerProxy (RaftServerProxy.java:remove(95)) - 8533a49c-a60c-4c36-849a-1b71101d719e: remove group-36481D5C2926:null
2019-09-11 12:46:24,907 [RatisPipelineUtilsThread] WARN  pipeline.RatisPipelineUtils (RatisPipelineUtils.java:destroyPipeline(66)) - Pipeline destroy failed for pipeline=PipelineID=5307b2a7-4d22-40e9-b771-36481d5c2926 dn=8533a49c-a60c-4c36-849a-1b71101d719e{ip: 192.168.69.81, host: pr-hdds-2109-6lgm5-4208394744, networkLocation: /default-rack, certSerialId: null}
2019-09-11 12:46:24,907 [RatisPipelineUtilsThread] ERROR pipeline.SCMPipelineManager (Scheduler.java:lambda$schedule$1(70)) - Destroy pipeline failed for pipeline:Pipeline[ Id: 5307b2a7-4d22-40e9-b771-36481d5c2926, Nodes: d8e74394-a0bf-4ec3-a3ce-4740c71bd9b7{ip: 192.168.69.81, host: pr-hdds-2109-6lgm5-4208394744, networkLocation: /default-rack, certSerialId: null}f90b1bbc-0325-4fdc-bdda-dbac376593c0{ip: 192.168.69.81, host: pr-hdds-2109-6lgm5-4208394744, networkLocation: /default-rack, certSerialId: null}8533a49c-a60c-4c36-849a-1b71101d719e{ip: 192.168.69.81, host: pr-hdds-2109-6lgm5-4208394744, networkLocation: /default-rack, certSerialId: null}, Type:RATIS, Factor:THREE, State:CLOSED]
org.apache.hadoop.hdds.scm.pipeline.PipelineNotFoundException: PipelineID=5307b2a7-4d22-40e9-b771-36481d5c2926 not found
	at org.apache.hadoop.hdds.scm.pipeline.PipelineStateMap.getPipeline(PipelineStateMap.java:132)
	at org.apache.hadoop.hdds.scm.pipeline.PipelineStateMap.removePipeline(PipelineStateMap.java:322)
	at org.apache.hadoop.hdds.scm.pipeline.PipelineStateManager.removePipeline(PipelineStateManager.java:107)
	at org.apache.hadoop.hdds.scm.pipeline.SCMPipelineManager.removePipeline(SCMPipelineManager.java:423)
	at org.apache.hadoop.hdds.scm.pipeline.SCMPipelineManager.destroyPipeline(SCMPipelineManager.java:409)
	at org.apache.hadoop.hdds.scm.pipeline.SCMPipelineManager.lambda$finalizeAndDestroyPipeline$0(SCMPipelineManager.java:318)
	at org.apache.hadoop.utils.Scheduler.lambda$schedule$1(Scheduler.java:68)
	at java.util.concurrent.Executors$RunnableAdapter.call(Executors.java:511)
	at java.util.concurrent.FutureTask.run(FutureTask.java:266)
	at java.util.concurrent.ScheduledThreadPoolExecutor$ScheduledFutureTask.access$201(ScheduledThreadPoolExecutor.java:180)
	at java.util.concurrent.ScheduledThreadPoolExecutor$ScheduledFutureTask.run(ScheduledThreadPoolExecutor.java:293)
	at java.util.concurrent.ThreadPoolExecutor.runWorker(ThreadPoolExecutor.java:1149)
	at java.util.concurrent.ThreadPoolExecutor$Worker.run(ThreadPoolExecutor.java:624)
	at java.lang.Thread.run(Thread.java:748)
2019-09-11 12:46:26,246 [a355c4c2-cbce-4d32-ac2d-5d7efcc7e61b@group-791F85AA1D09-SegmentedRaftLogWorker] WARN  segmented.SegmentedRaftLogWorker (SegmentedRaftLogWorker.java:getFromFuture(90)) - Timeout 4/~
org.apache.ratis.protocol.TimeoutIOException: Timeout 10s: WriteLog:11: (t:1, i:11), STATEMACHINELOGENTRY, client-D34D2F077373, cid=142-writeStateMachineData
	at org.apache.ratis.util.IOUtils.getFromFuture(IOUtils.java:87)
	at org.apache.ratis.server.raftlog.segmented.SegmentedRaftLogWorker$StateMachineDataPolicy.getFromFuture(SegmentedRaftLogWorker.java:87)
	at org.apache.ratis.server.raftlog.segmented.SegmentedRaftLogWorker$WriteLog.execute(SegmentedRaftLogWorker.java:477)
	at org.apache.ratis.server.raftlog.segmented.SegmentedRaftLogWorker.run(SegmentedRaftLogWorker.java:289)
	at java.lang.Thread.run(Thread.java:748)
Caused by: java.util.concurrent.TimeoutException
	at java.util.concurrent.CompletableFuture.timedGet(CompletableFuture.java:1771)
	at java.util.concurrent.CompletableFuture.get(CompletableFuture.java:1915)
	at org.apache.ratis.util.IOUtils.getFromFuture(IOUtils.java:79)
	... 4 more
2019-09-11 12:46:26,246 [5a49129c-fcc1-4df1-b4f9-e84c17474790@group-791F85AA1D09-SegmentedRaftLogWorker] WARN  segmented.SegmentedRaftLogWorker (SegmentedRaftLogWorker.java:getFromFuture(90)) - Timeout 4/~
org.apache.ratis.protocol.TimeoutIOException: Timeout 10s: WriteLog:11: (t:1, i:11), STATEMACHINELOGENTRY, client-D34D2F077373, cid=142-writeStateMachineData
	at org.apache.ratis.util.IOUtils.getFromFuture(IOUtils.java:87)
	at org.apache.ratis.server.raftlog.segmented.SegmentedRaftLogWorker$StateMachineDataPolicy.getFromFuture(SegmentedRaftLogWorker.java:87)
	at org.apache.ratis.server.raftlog.segmented.SegmentedRaftLogWorker$WriteLog.execute(SegmentedRaftLogWorker.java:477)
	at org.apache.ratis.server.raftlog.segmented.SegmentedRaftLogWorker.run(SegmentedRaftLogWorker.java:289)
	at java.lang.Thread.run(Thread.java:748)
Caused by: java.util.concurrent.TimeoutException
	at java.util.concurrent.CompletableFuture.timedGet(CompletableFuture.java:1771)
	at java.util.concurrent.CompletableFuture.get(CompletableFuture.java:1915)
	at org.apache.ratis.util.IOUtils.getFromFuture(IOUtils.java:79)
	... 4 more
2019-09-11 12:46:26,404 [608419ff-9e1e-46ed-b668-4d330b5fd69a@group-791F85AA1D09-SegmentedRaftLogWorker] WARN  segmented.SegmentedRaftLogWorker (SegmentedRaftLogWorker.java:getFromFuture(90)) - Timeout 4/~
org.apache.ratis.protocol.TimeoutIOException: Timeout 10s: WriteLog:12: (t:1, i:12), STATEMACHINELOGENTRY, client-D34D2F077373, cid=143-writeStateMachineData
	at org.apache.ratis.util.IOUtils.getFromFuture(IOUtils.java:87)
	at org.apache.ratis.server.raftlog.segmented.SegmentedRaftLogWorker$StateMachineDataPolicy.getFromFuture(SegmentedRaftLogWorker.java:87)
	at org.apache.ratis.server.raftlog.segmented.SegmentedRaftLogWorker$WriteLog.execute(SegmentedRaftLogWorker.java:477)
	at org.apache.ratis.server.raftlog.segmented.SegmentedRaftLogWorker.run(SegmentedRaftLogWorker.java:289)
	at java.lang.Thread.run(Thread.java:748)
Caused by: java.util.concurrent.TimeoutException
	at java.util.concurrent.CompletableFuture.timedGet(CompletableFuture.java:1771)
	at java.util.concurrent.CompletableFuture.get(CompletableFuture.java:1915)
	at org.apache.ratis.util.IOUtils.getFromFuture(IOUtils.java:79)
	... 4 more
2019-09-11 12:46:26,602 [grpc-default-executor-4] INFO  client.GrpcClientProtocolClient (GrpcClientProtocolClient.java:onNext(264)) - client-D34D2F077373->5a49129c-fcc1-4df1-b4f9-e84c17474790: receive RaftClientReply:client-D34D2F077373->5a49129c-fcc1-4df1-b4f9-e84c17474790@group-791F85AA1D09, cid=142, FAILED org.apache.ratis.protocol.NotLeaderException: Server 5a49129c-fcc1-4df1-b4f9-e84c17474790@group-791F85AA1D09 is not the leader 608419ff-9e1e-46ed-b668-4d330b5fd69a:192.168.69.81:34716, logIndex=0, commits[5a49129c-fcc1-4df1-b4f9-e84c17474790:c10, a355c4c2-cbce-4d32-ac2d-5d7efcc7e61b:c9, 608419ff-9e1e-46ed-b668-4d330b5fd69a:c10]
2019-09-11 12:46:26,752 [java.util.concurrent.ThreadPoolExecutor$Worker@609f90f[State = -1, empty queue]] WARN  server.GrpcLogAppender (GrpcLogAppender.java:timeoutAppendRequest(200)) - 608419ff-9e1e-46ed-b668-4d330b5fd69a@group-791F85AA1D09->5a49129c-fcc1-4df1-b4f9-e84c17474790-GrpcLogAppender: appendEntries Timeout, request=608419ff-9e1e-46ed-b668-4d330b5fd69a->5a49129c-fcc1-4df1-b4f9-e84c17474790#110-t1, previous=(t:1, i:16), leaderCommit=10, initializing? false, entries: <empty>
2019-09-11 12:46:26,752 [java.util.concurrent.ThreadPoolExecutor$Worker@4a186632[State = -1, empty queue]] WARN  server.GrpcLogAppender (GrpcLogAppender.java:timeoutAppendRequest(200)) - 608419ff-9e1e-46ed-b668-4d330b5fd69a@group-791F85AA1D09->a355c4c2-cbce-4d32-ac2d-5d7efcc7e61b-GrpcLogAppender: appendEntries Timeout, request=608419ff-9e1e-46ed-b668-4d330b5fd69a->a355c4c2-cbce-4d32-ac2d-5d7efcc7e61b#110-t1, previous=(t:1, i:16), leaderCommit=10, initializing? false, entries: <empty>
2019-09-11 12:46:27,894 [grpc-default-executor-4] INFO  impl.RaftServerProxy (RaftServerProxy.java:remove(95)) - d8e74394-a0bf-4ec3-a3ce-4740c71bd9b7: remove group-36481D5C2926:null
2019-09-11 12:46:27,896 [RatisPipelineUtilsThread] WARN  pipeline.RatisPipelineUtils (RatisPipelineUtils.java:destroyPipeline(66)) - Pipeline destroy failed for pipeline=PipelineID=5307b2a7-4d22-40e9-b771-36481d5c2926 dn=d8e74394-a0bf-4ec3-a3ce-4740c71bd9b7{ip: 192.168.69.81, host: pr-hdds-2109-6lgm5-4208394744, networkLocation: /default-rack, certSerialId: null}
2019-09-11 12:46:27,898 [grpc-default-executor-4] INFO  impl.RaftServerProxy (RaftServerProxy.java:remove(95)) - f90b1bbc-0325-4fdc-bdda-dbac376593c0: remove group-36481D5C2926:null
2019-09-11 12:46:27,900 [RatisPipelineUtilsThread] WARN  pipeline.RatisPipelineUtils (RatisPipelineUtils.java:destroyPipeline(66)) - Pipeline destroy failed for pipeline=PipelineID=5307b2a7-4d22-40e9-b771-36481d5c2926 dn=f90b1bbc-0325-4fdc-bdda-dbac376593c0{ip: 192.168.69.81, host: pr-hdds-2109-6lgm5-4208394744, networkLocation: /default-rack, certSerialId: null}
2019-09-11 12:46:27,902 [grpc-default-executor-4] INFO  impl.RaftServerProxy (RaftServerProxy.java:remove(95)) - 8533a49c-a60c-4c36-849a-1b71101d719e: remove group-36481D5C2926:null
2019-09-11 12:46:27,904 [RatisPipelineUtilsThread] WARN  pipeline.RatisPipelineUtils (RatisPipelineUtils.java:destroyPipeline(66)) - Pipeline destroy failed for pipeline=PipelineID=5307b2a7-4d22-40e9-b771-36481d5c2926 dn=8533a49c-a60c-4c36-849a-1b71101d719e{ip: 192.168.69.81, host: pr-hdds-2109-6lgm5-4208394744, networkLocation: /default-rack, certSerialId: null}
2019-09-11 12:46:27,904 [RatisPipelineUtilsThread] ERROR pipeline.SCMPipelineManager (Scheduler.java:lambda$schedule$1(70)) - Destroy pipeline failed for pipeline:Pipeline[ Id: 5307b2a7-4d22-40e9-b771-36481d5c2926, Nodes: d8e74394-a0bf-4ec3-a3ce-4740c71bd9b7{ip: 192.168.69.81, host: pr-hdds-2109-6lgm5-4208394744, networkLocation: /default-rack, certSerialId: null}f90b1bbc-0325-4fdc-bdda-dbac376593c0{ip: 192.168.69.81, host: pr-hdds-2109-6lgm5-4208394744, networkLocation: /default-rack, certSerialId: null}8533a49c-a60c-4c36-849a-1b71101d719e{ip: 192.168.69.81, host: pr-hdds-2109-6lgm5-4208394744, networkLocation: /default-rack, certSerialId: null}, Type:RATIS, Factor:THREE, State:CLOSED]
org.apache.hadoop.hdds.scm.pipeline.PipelineNotFoundException: PipelineID=5307b2a7-4d22-40e9-b771-36481d5c2926 not found
	at org.apache.hadoop.hdds.scm.pipeline.PipelineStateMap.getPipeline(PipelineStateMap.java:132)
	at org.apache.hadoop.hdds.scm.pipeline.PipelineStateMap.removePipeline(PipelineStateMap.java:322)
	at org.apache.hadoop.hdds.scm.pipeline.PipelineStateManager.removePipeline(PipelineStateManager.java:107)
	at org.apache.hadoop.hdds.scm.pipeline.SCMPipelineManager.removePipeline(SCMPipelineManager.java:423)
	at org.apache.hadoop.hdds.scm.pipeline.SCMPipelineManager.destroyPipeline(SCMPipelineManager.java:409)
	at org.apache.hadoop.hdds.scm.pipeline.SCMPipelineManager.lambda$finalizeAndDestroyPipeline$0(SCMPipelineManager.java:318)
	at org.apache.hadoop.utils.Scheduler.lambda$schedule$1(Scheduler.java:68)
	at java.util.concurrent.Executors$RunnableAdapter.call(Executors.java:511)
	at java.util.concurrent.FutureTask.run(FutureTask.java:266)
	at java.util.concurrent.ScheduledThreadPoolExecutor$ScheduledFutureTask.access$201(ScheduledThreadPoolExecutor.java:180)
	at java.util.concurrent.ScheduledThreadPoolExecutor$ScheduledFutureTask.run(ScheduledThreadPoolExecutor.java:293)
	at java.util.concurrent.ThreadPoolExecutor.runWorker(ThreadPoolExecutor.java:1149)
	at java.util.concurrent.ThreadPoolExecutor$Worker.run(ThreadPoolExecutor.java:624)
	at java.lang.Thread.run(Thread.java:748)
2019-09-11 12:46:29,252 [java.util.concurrent.ThreadPoolExecutor$Worker@4a186632[State = -1, empty queue]] WARN  server.GrpcLogAppender (GrpcLogAppender.java:timeoutAppendRequest(200)) - 608419ff-9e1e-46ed-b668-4d330b5fd69a@group-791F85AA1D09->a355c4c2-cbce-4d32-ac2d-5d7efcc7e61b-GrpcLogAppender: appendEntries Timeout, request=608419ff-9e1e-46ed-b668-4d330b5fd69a->a355c4c2-cbce-4d32-ac2d-5d7efcc7e61b#111-t1, previous=(t:1, i:16), leaderCommit=10, initializing? false, entries: <empty>
2019-09-11 12:46:29,252 [java.util.concurrent.ThreadPoolExecutor$Worker@609f90f[State = -1, empty queue]] WARN  server.GrpcLogAppender (GrpcLogAppender.java:timeoutAppendRequest(200)) - 608419ff-9e1e-46ed-b668-4d330b5fd69a@group-791F85AA1D09->5a49129c-fcc1-4df1-b4f9-e84c17474790-GrpcLogAppender: appendEntries Timeout, request=608419ff-9e1e-46ed-b668-4d330b5fd69a->5a49129c-fcc1-4df1-b4f9-e84c17474790#111-t1, previous=(t:1, i:16), leaderCommit=10, initializing? false, entries: <empty>
2019-09-11 12:46:29,900 [grpc-default-executor-7] INFO  impl.RaftServerProxy (RaftServerProxy.java:remove(95)) - d8e74394-a0bf-4ec3-a3ce-4740c71bd9b7: remove group-36481D5C2926:null
2019-09-11 12:46:29,903 [RatisPipelineUtilsThread] WARN  pipeline.RatisPipelineUtils (RatisPipelineUtils.java:destroyPipeline(66)) - Pipeline destroy failed for pipeline=PipelineID=5307b2a7-4d22-40e9-b771-36481d5c2926 dn=d8e74394-a0bf-4ec3-a3ce-4740c71bd9b7{ip: 192.168.69.81, host: pr-hdds-2109-6lgm5-4208394744, networkLocation: /default-rack, certSerialId: null}
2019-09-11 12:46:29,906 [grpc-default-executor-7] INFO  impl.RaftServerProxy (RaftServerProxy.java:remove(95)) - f90b1bbc-0325-4fdc-bdda-dbac376593c0: remove group-36481D5C2926:null
2019-09-11 12:46:29,907 [RatisPipelineUtilsThread] WARN  pipeline.RatisPipelineUtils (RatisPipelineUtils.java:destroyPipeline(66)) - Pipeline destroy failed for pipeline=PipelineID=5307b2a7-4d22-40e9-b771-36481d5c2926 dn=f90b1bbc-0325-4fdc-bdda-dbac376593c0{ip: 192.168.69.81, host: pr-hdds-2109-6lgm5-4208394744, networkLocation: /default-rack, certSerialId: null}
2019-09-11 12:46:29,910 [grpc-default-executor-7] INFO  impl.RaftServerProxy (RaftServerProxy.java:remove(95)) - 8533a49c-a60c-4c36-849a-1b71101d719e: remove group-36481D5C2926:null
2019-09-11 12:46:29,911 [RatisPipelineUtilsThread] WARN  pipeline.RatisPipelineUtils (RatisPipelineUtils.java:destroyPipeline(66)) - Pipeline destroy failed for pipeline=PipelineID=5307b2a7-4d22-40e9-b771-36481d5c2926 dn=8533a49c-a60c-4c36-849a-1b71101d719e{ip: 192.168.69.81, host: pr-hdds-2109-6lgm5-4208394744, networkLocation: /default-rack, certSerialId: null}
2019-09-11 12:46:29,922 [RatisPipelineUtilsThread] ERROR pipeline.SCMPipelineManager (Scheduler.java:lambda$schedule$1(70)) - Destroy pipeline failed for pipeline:Pipeline[ Id: 5307b2a7-4d22-40e9-b771-36481d5c2926, Nodes: d8e74394-a0bf-4ec3-a3ce-4740c71bd9b7{ip: 192.168.69.81, host: pr-hdds-2109-6lgm5-4208394744, networkLocation: /default-rack, certSerialId: null}f90b1bbc-0325-4fdc-bdda-dbac376593c0{ip: 192.168.69.81, host: pr-hdds-2109-6lgm5-4208394744, networkLocation: /default-rack, certSerialId: null}8533a49c-a60c-4c36-849a-1b71101d719e{ip: 192.168.69.81, host: pr-hdds-2109-6lgm5-4208394744, networkLocation: /default-rack, certSerialId: null}, Type:RATIS, Factor:THREE, State:CLOSED]
org.apache.hadoop.hdds.scm.pipeline.PipelineNotFoundException: PipelineID=5307b2a7-4d22-40e9-b771-36481d5c2926 not found
	at org.apache.hadoop.hdds.scm.pipeline.PipelineStateMap.getPipeline(PipelineStateMap.java:132)
	at org.apache.hadoop.hdds.scm.pipeline.PipelineStateMap.removePipeline(PipelineStateMap.java:322)
	at org.apache.hadoop.hdds.scm.pipeline.PipelineStateManager.removePipeline(PipelineStateManager.java:107)
	at org.apache.hadoop.hdds.scm.pipeline.SCMPipelineManager.removePipeline(SCMPipelineManager.java:423)
	at org.apache.hadoop.hdds.scm.pipeline.SCMPipelineManager.destroyPipeline(SCMPipelineManager.java:409)
	at org.apache.hadoop.hdds.scm.pipeline.SCMPipelineManager.lambda$finalizeAndDestroyPipeline$0(SCMPipelineManager.java:318)
	at org.apache.hadoop.utils.Scheduler.lambda$schedule$1(Scheduler.java:68)
	at java.util.concurrent.Executors$RunnableAdapter.call(Executors.java:511)
	at java.util.concurrent.FutureTask.run(FutureTask.java:266)
	at java.util.concurrent.ScheduledThreadPoolExecutor$ScheduledFutureTask.access$201(ScheduledThreadPoolExecutor.java:180)
	at java.util.concurrent.ScheduledThreadPoolExecutor$ScheduledFutureTask.run(ScheduledThreadPoolExecutor.java:293)
	at java.util.concurrent.ThreadPoolExecutor.runWorker(ThreadPoolExecutor.java:1149)
	at java.util.concurrent.ThreadPoolExecutor$Worker.run(ThreadPoolExecutor.java:624)
	at java.lang.Thread.run(Thread.java:748)
2019-09-11 12:46:31,635 [grpc-default-executor-4] INFO  client.GrpcClientProtocolClient (GrpcClientProtocolClient.java:onNext(264)) - client-D34D2F077373->5a49129c-fcc1-4df1-b4f9-e84c17474790: receive RaftClientReply:client-D34D2F077373->5a49129c-fcc1-4df1-b4f9-e84c17474790@group-791F85AA1D09, cid=142, FAILED org.apache.ratis.protocol.NotLeaderException: Server 5a49129c-fcc1-4df1-b4f9-e84c17474790@group-791F85AA1D09 is not the leader 608419ff-9e1e-46ed-b668-4d330b5fd69a:192.168.69.81:34716, logIndex=0, commits[5a49129c-fcc1-4df1-b4f9-e84c17474790:c10, a355c4c2-cbce-4d32-ac2d-5d7efcc7e61b:c9, 608419ff-9e1e-46ed-b668-4d330b5fd69a:c10]
2019-09-11 12:46:31,753 [java.util.concurrent.ThreadPoolExecutor$Worker@4a186632[State = -1, empty queue]] WARN  server.GrpcLogAppender (GrpcLogAppender.java:timeoutAppendRequest(200)) - 608419ff-9e1e-46ed-b668-4d330b5fd69a@group-791F85AA1D09->a355c4c2-cbce-4d32-ac2d-5d7efcc7e61b-GrpcLogAppender: appendEntries Timeout, request=608419ff-9e1e-46ed-b668-4d330b5fd69a->a355c4c2-cbce-4d32-ac2d-5d7efcc7e61b#112-t1, previous=(t:1, i:16), leaderCommit=10, initializing? false, entries: <empty>
2019-09-11 12:46:31,753 [java.util.concurrent.ThreadPoolExecutor$Worker@609f90f[State = -1, empty queue]] WARN  server.GrpcLogAppender (GrpcLogAppender.java:timeoutAppendRequest(200)) - 608419ff-9e1e-46ed-b668-4d330b5fd69a@group-791F85AA1D09->5a49129c-fcc1-4df1-b4f9-e84c17474790-GrpcLogAppender: appendEntries Timeout, request=608419ff-9e1e-46ed-b668-4d330b5fd69a->5a49129c-fcc1-4df1-b4f9-e84c17474790#112-t1, previous=(t:1, i:16), leaderCommit=10, initializing? false, entries: <empty>
2019-09-11 12:46:32,894 [grpc-default-executor-6] INFO  impl.RaftServerProxy (RaftServerProxy.java:remove(95)) - d8e74394-a0bf-4ec3-a3ce-4740c71bd9b7: remove group-36481D5C2926:null
2019-09-11 12:46:32,897 [RatisPipelineUtilsThread] WARN  pipeline.RatisPipelineUtils (RatisPipelineUtils.java:destroyPipeline(66)) - Pipeline destroy failed for pipeline=PipelineID=5307b2a7-4d22-40e9-b771-36481d5c2926 dn=d8e74394-a0bf-4ec3-a3ce-4740c71bd9b7{ip: 192.168.69.81, host: pr-hdds-2109-6lgm5-4208394744, networkLocation: /default-rack, certSerialId: null}
2019-09-11 12:46:32,900 [grpc-default-executor-6] INFO  impl.RaftServerProxy (RaftServerProxy.java:remove(95)) - f90b1bbc-0325-4fdc-bdda-dbac376593c0: remove group-36481D5C2926:null
2019-09-11 12:46:32,902 [RatisPipelineUtilsThread] WARN  pipeline.RatisPipelineUtils (RatisPipelineUtils.java:destroyPipeline(66)) - Pipeline destroy failed for pipeline=PipelineID=5307b2a7-4d22-40e9-b771-36481d5c2926 dn=f90b1bbc-0325-4fdc-bdda-dbac376593c0{ip: 192.168.69.81, host: pr-hdds-2109-6lgm5-4208394744, networkLocation: /default-rack, certSerialId: null}
2019-09-11 12:46:32,905 [grpc-default-executor-6] INFO  impl.RaftServerProxy (RaftServerProxy.java:remove(95)) - 8533a49c-a60c-4c36-849a-1b71101d719e: remove group-36481D5C2926:null
2019-09-11 12:46:32,907 [RatisPipelineUtilsThread] WARN  pipeline.RatisPipelineUtils (RatisPipelineUtils.java:destroyPipeline(66)) - Pipeline destroy failed for pipeline=PipelineID=5307b2a7-4d22-40e9-b771-36481d5c2926 dn=8533a49c-a60c-4c36-849a-1b71101d719e{ip: 192.168.69.81, host: pr-hdds-2109-6lgm5-4208394744, networkLocation: /default-rack, certSerialId: null}
2019-09-11 12:46:32,907 [RatisPipelineUtilsThread] ERROR pipeline.SCMPipelineManager (Scheduler.java:lambda$schedule$1(70)) - Destroy pipeline failed for pipeline:Pipeline[ Id: 5307b2a7-4d22-40e9-b771-36481d5c2926, Nodes: d8e74394-a0bf-4ec3-a3ce-4740c71bd9b7{ip: 192.168.69.81, host: pr-hdds-2109-6lgm5-4208394744, networkLocation: /default-rack, certSerialId: null}f90b1bbc-0325-4fdc-bdda-dbac376593c0{ip: 192.168.69.81, host: pr-hdds-2109-6lgm5-4208394744, networkLocation: /default-rack, certSerialId: null}8533a49c-a60c-4c36-849a-1b71101d719e{ip: 192.168.69.81, host: pr-hdds-2109-6lgm5-4208394744, networkLocation: /default-rack, certSerialId: null}, Type:RATIS, Factor:THREE, State:CLOSED]
org.apache.hadoop.hdds.scm.pipeline.PipelineNotFoundException: PipelineID=5307b2a7-4d22-40e9-b771-36481d5c2926 not found
	at org.apache.hadoop.hdds.scm.pipeline.PipelineStateMap.getPipeline(PipelineStateMap.java:132)
	at org.apache.hadoop.hdds.scm.pipeline.PipelineStateMap.removePipeline(PipelineStateMap.java:322)
	at org.apache.hadoop.hdds.scm.pipeline.PipelineStateManager.removePipeline(PipelineStateManager.java:107)
	at org.apache.hadoop.hdds.scm.pipeline.SCMPipelineManager.removePipeline(SCMPipelineManager.java:423)
	at org.apache.hadoop.hdds.scm.pipeline.SCMPipelineManager.destroyPipeline(SCMPipelineManager.java:409)
	at org.apache.hadoop.hdds.scm.pipeline.SCMPipelineManager.lambda$finalizeAndDestroyPipeline$0(SCMPipelineManager.java:318)
	at org.apache.hadoop.utils.Scheduler.lambda$schedule$1(Scheduler.java:68)
	at java.util.concurrent.Executors$RunnableAdapter.call(Executors.java:511)
	at java.util.concurrent.FutureTask.run(FutureTask.java:266)
	at java.util.concurrent.ScheduledThreadPoolExecutor$ScheduledFutureTask.access$201(ScheduledThreadPoolExecutor.java:180)
	at java.util.concurrent.ScheduledThreadPoolExecutor$ScheduledFutureTask.run(ScheduledThreadPoolExecutor.java:293)
	at java.util.concurrent.ThreadPoolExecutor.runWorker(ThreadPoolExecutor.java:1149)
	at java.util.concurrent.ThreadPoolExecutor$Worker.run(ThreadPoolExecutor.java:624)
	at java.lang.Thread.run(Thread.java:748)
2019-09-11 12:46:34,253 [java.util.concurrent.ThreadPoolExecutor$Worker@4a186632[State = -1, empty queue]] WARN  server.GrpcLogAppender (GrpcLogAppender.java:timeoutAppendRequest(200)) - 608419ff-9e1e-46ed-b668-4d330b5fd69a@group-791F85AA1D09->a355c4c2-cbce-4d32-ac2d-5d7efcc7e61b-GrpcLogAppender: appendEntries Timeout, request=608419ff-9e1e-46ed-b668-4d330b5fd69a->a355c4c2-cbce-4d32-ac2d-5d7efcc7e61b#113-t1, previous=(t:1, i:16), leaderCommit=10, initializing? false, entries: <empty>
2019-09-11 12:46:34,253 [java.util.concurrent.ThreadPoolExecutor$Worker@609f90f[State = -1, empty queue]] WARN  server.GrpcLogAppender (GrpcLogAppender.java:timeoutAppendRequest(200)) - 608419ff-9e1e-46ed-b668-4d330b5fd69a@group-791F85AA1D09->5a49129c-fcc1-4df1-b4f9-e84c17474790-GrpcLogAppender: appendEntries Timeout, request=608419ff-9e1e-46ed-b668-4d330b5fd69a->5a49129c-fcc1-4df1-b4f9-e84c17474790#113-t1, previous=(t:1, i:16), leaderCommit=10, initializing? false, entries: <empty>
2019-09-11 12:46:34,896 [grpc-default-executor-7] INFO  impl.RaftServerProxy (RaftServerProxy.java:remove(95)) - d8e74394-a0bf-4ec3-a3ce-4740c71bd9b7: remove group-36481D5C2926:null
2019-09-11 12:46:34,899 [RatisPipelineUtilsThread] WARN  pipeline.RatisPipelineUtils (RatisPipelineUtils.java:destroyPipeline(66)) - Pipeline destroy failed for pipeline=PipelineID=5307b2a7-4d22-40e9-b771-36481d5c2926 dn=d8e74394-a0bf-4ec3-a3ce-4740c71bd9b7{ip: 192.168.69.81, host: pr-hdds-2109-6lgm5-4208394744, networkLocation: /default-rack, certSerialId: null}
2019-09-11 12:46:34,902 [grpc-default-executor-7] INFO  impl.RaftServerProxy (RaftServerProxy.java:remove(95)) - f90b1bbc-0325-4fdc-bdda-dbac376593c0: remove group-36481D5C2926:null
2019-09-11 12:46:34,904 [RatisPipelineUtilsThread] WARN  pipeline.RatisPipelineUtils (RatisPipelineUtils.java:destroyPipeline(66)) - Pipeline destroy failed for pipeline=PipelineID=5307b2a7-4d22-40e9-b771-36481d5c2926 dn=f90b1bbc-0325-4fdc-bdda-dbac376593c0{ip: 192.168.69.81, host: pr-hdds-2109-6lgm5-4208394744, networkLocation: /default-rack, certSerialId: null}
2019-09-11 12:46:34,906 [grpc-default-executor-7] INFO  impl.RaftServerProxy (RaftServerProxy.java:remove(95)) - 8533a49c-a60c-4c36-849a-1b71101d719e: remove group-36481D5C2926:null
2019-09-11 12:46:34,908 [RatisPipelineUtilsThread] WARN  pipeline.RatisPipelineUtils (RatisPipelineUtils.java:destroyPipeline(66)) - Pipeline destroy failed for pipeline=PipelineID=5307b2a7-4d22-40e9-b771-36481d5c2926 dn=8533a49c-a60c-4c36-849a-1b71101d719e{ip: 192.168.69.81, host: pr-hdds-2109-6lgm5-4208394744, networkLocation: /default-rack, certSerialId: null}
2019-09-11 12:46:34,908 [RatisPipelineUtilsThread] ERROR pipeline.SCMPipelineManager (Scheduler.java:lambda$schedule$1(70)) - Destroy pipeline failed for pipeline:Pipeline[ Id: 5307b2a7-4d22-40e9-b771-36481d5c2926, Nodes: d8e74394-a0bf-4ec3-a3ce-4740c71bd9b7{ip: 192.168.69.81, host: pr-hdds-2109-6lgm5-4208394744, networkLocation: /default-rack, certSerialId: null}f90b1bbc-0325-4fdc-bdda-dbac376593c0{ip: 192.168.69.81, host: pr-hdds-2109-6lgm5-4208394744, networkLocation: /default-rack, certSerialId: null}8533a49c-a60c-4c36-849a-1b71101d719e{ip: 192.168.69.81, host: pr-hdds-2109-6lgm5-4208394744, networkLocation: /default-rack, certSerialId: null}, Type:RATIS, Factor:THREE, State:CLOSED]
org.apache.hadoop.hdds.scm.pipeline.PipelineNotFoundException: PipelineID=5307b2a7-4d22-40e9-b771-36481d5c2926 not found
	at org.apache.hadoop.hdds.scm.pipeline.PipelineStateMap.getPipeline(PipelineStateMap.java:132)
	at org.apache.hadoop.hdds.scm.pipeline.PipelineStateMap.removePipeline(PipelineStateMap.java:322)
	at org.apache.hadoop.hdds.scm.pipeline.PipelineStateManager.removePipeline(PipelineStateManager.java:107)
	at org.apache.hadoop.hdds.scm.pipeline.SCMPipelineManager.removePipeline(SCMPipelineManager.java:423)
	at org.apache.hadoop.hdds.scm.pipeline.SCMPipelineManager.destroyPipeline(SCMPipelineManager.java:409)
	at org.apache.hadoop.hdds.scm.pipeline.SCMPipelineManager.lambda$finalizeAndDestroyPipeline$0(SCMPipelineManager.java:318)
	at org.apache.hadoop.utils.Scheduler.lambda$schedule$1(Scheduler.java:68)
	at java.util.concurrent.Executors$RunnableAdapter.call(Executors.java:511)
	at java.util.concurrent.FutureTask.run(FutureTask.java:266)
	at java.util.concurrent.ScheduledThreadPoolExecutor$ScheduledFutureTask.access$201(ScheduledThreadPoolExecutor.java:180)
	at java.util.concurrent.ScheduledThreadPoolExecutor$ScheduledFutureTask.run(ScheduledThreadPoolExecutor.java:293)
	at java.util.concurrent.ThreadPoolExecutor.runWorker(ThreadPoolExecutor.java:1149)
	at java.util.concurrent.ThreadPoolExecutor$Worker.run(ThreadPoolExecutor.java:624)
	at java.lang.Thread.run(Thread.java:748)
2019-09-11 12:46:36,247 [a355c4c2-cbce-4d32-ac2d-5d7efcc7e61b@group-791F85AA1D09-SegmentedRaftLogWorker] WARN  segmented.SegmentedRaftLogWorker (SegmentedRaftLogWorker.java:getFromFuture(90)) - Timeout 5/~
org.apache.ratis.protocol.TimeoutIOException: Timeout 10s: WriteLog:11: (t:1, i:11), STATEMACHINELOGENTRY, client-D34D2F077373, cid=142-writeStateMachineData
	at org.apache.ratis.util.IOUtils.getFromFuture(IOUtils.java:87)
	at org.apache.ratis.server.raftlog.segmented.SegmentedRaftLogWorker$StateMachineDataPolicy.getFromFuture(SegmentedRaftLogWorker.java:87)
	at org.apache.ratis.server.raftlog.segmented.SegmentedRaftLogWorker$WriteLog.execute(SegmentedRaftLogWorker.java:477)
	at org.apache.ratis.server.raftlog.segmented.SegmentedRaftLogWorker.run(SegmentedRaftLogWorker.java:289)
	at java.lang.Thread.run(Thread.java:748)
Caused by: java.util.concurrent.TimeoutException
	at java.util.concurrent.CompletableFuture.timedGet(CompletableFuture.java:1771)
	at java.util.concurrent.CompletableFuture.get(CompletableFuture.java:1915)
	at org.apache.ratis.util.IOUtils.getFromFuture(IOUtils.java:79)
	... 4 more
2019-09-11 12:46:36,248 [5a49129c-fcc1-4df1-b4f9-e84c17474790@group-791F85AA1D09-SegmentedRaftLogWorker] WARN  segmented.SegmentedRaftLogWorker (SegmentedRaftLogWorker.java:getFromFuture(90)) - Timeout 5/~
org.apache.ratis.protocol.TimeoutIOException: Timeout 10s: WriteLog:11: (t:1, i:11), STATEMACHINELOGENTRY, client-D34D2F077373, cid=142-writeStateMachineData
	at org.apache.ratis.util.IOUtils.getFromFuture(IOUtils.java:87)
	at org.apache.ratis.server.raftlog.segmented.SegmentedRaftLogWorker$StateMachineDataPolicy.getFromFuture(SegmentedRaftLogWorker.java:87)
	at org.apache.ratis.server.raftlog.segmented.SegmentedRaftLogWorker$WriteLog.execute(SegmentedRaftLogWorker.java:477)
	at org.apache.ratis.server.raftlog.segmented.SegmentedRaftLogWorker.run(SegmentedRaftLogWorker.java:289)
	at java.lang.Thread.run(Thread.java:748)
Caused by: java.util.concurrent.TimeoutException
	at java.util.concurrent.CompletableFuture.timedGet(CompletableFuture.java:1771)
	at java.util.concurrent.CompletableFuture.get(CompletableFuture.java:1915)
	at org.apache.ratis.util.IOUtils.getFromFuture(IOUtils.java:79)
	... 4 more
2019-09-11 12:46:36,405 [608419ff-9e1e-46ed-b668-4d330b5fd69a@group-791F85AA1D09-SegmentedRaftLogWorker] WARN  segmented.SegmentedRaftLogWorker (SegmentedRaftLogWorker.java:getFromFuture(90)) - Timeout 5/~
org.apache.ratis.protocol.TimeoutIOException: Timeout 10s: WriteLog:12: (t:1, i:12), STATEMACHINELOGENTRY, client-D34D2F077373, cid=143-writeStateMachineData
	at org.apache.ratis.util.IOUtils.getFromFuture(IOUtils.java:87)
	at org.apache.ratis.server.raftlog.segmented.SegmentedRaftLogWorker$StateMachineDataPolicy.getFromFuture(SegmentedRaftLogWorker.java:87)
	at org.apache.ratis.server.raftlog.segmented.SegmentedRaftLogWorker$WriteLog.execute(SegmentedRaftLogWorker.java:477)
	at org.apache.ratis.server.raftlog.segmented.SegmentedRaftLogWorker.run(SegmentedRaftLogWorker.java:289)
	at java.lang.Thread.run(Thread.java:748)
Caused by: java.util.concurrent.TimeoutException
	at java.util.concurrent.CompletableFuture.timedGet(CompletableFuture.java:1771)
	at java.util.concurrent.CompletableFuture.get(CompletableFuture.java:1915)
	at org.apache.ratis.util.IOUtils.getFromFuture(IOUtils.java:79)
	... 4 more
2019-09-11 12:46:36,669 [grpc-default-executor-7] INFO  client.GrpcClientProtocolClient (GrpcClientProtocolClient.java:onNext(264)) - client-D34D2F077373->a355c4c2-cbce-4d32-ac2d-5d7efcc7e61b: receive RaftClientReply:client-D34D2F077373->a355c4c2-cbce-4d32-ac2d-5d7efcc7e61b@group-791F85AA1D09, cid=142, FAILED org.apache.ratis.protocol.NotLeaderException: Server a355c4c2-cbce-4d32-ac2d-5d7efcc7e61b@group-791F85AA1D09 is not the leader 608419ff-9e1e-46ed-b668-4d330b5fd69a:192.168.69.81:34716, logIndex=0, commits[a355c4c2-cbce-4d32-ac2d-5d7efcc7e61b:c10, 608419ff-9e1e-46ed-b668-4d330b5fd69a:c10, 5a49129c-fcc1-4df1-b4f9-e84c17474790:c9]
2019-09-11 12:46:36,753 [java.util.concurrent.ThreadPoolExecutor$Worker@609f90f[State = -1, empty queue]] WARN  server.GrpcLogAppender (GrpcLogAppender.java:timeoutAppendRequest(200)) - 608419ff-9e1e-46ed-b668-4d330b5fd69a@group-791F85AA1D09->5a49129c-fcc1-4df1-b4f9-e84c17474790-GrpcLogAppender: appendEntries Timeout, request=608419ff-9e1e-46ed-b668-4d330b5fd69a->5a49129c-fcc1-4df1-b4f9-e84c17474790#114-t1, previous=(t:1, i:16), leaderCommit=10, initializing? false, entries: <empty>
2019-09-11 12:46:36,753 [java.util.concurrent.ThreadPoolExecutor$Worker@4a186632[State = -1, empty queue]] WARN  server.GrpcLogAppender (GrpcLogAppender.java:timeoutAppendRequest(200)) - 608419ff-9e1e-46ed-b668-4d330b5fd69a@group-791F85AA1D09->a355c4c2-cbce-4d32-ac2d-5d7efcc7e61b-GrpcLogAppender: appendEntries Timeout, request=608419ff-9e1e-46ed-b668-4d330b5fd69a->a355c4c2-cbce-4d32-ac2d-5d7efcc7e61b#114-t1, previous=(t:1, i:16), leaderCommit=10, initializing? false, entries: <empty>
2019-09-11 12:46:37,896 [grpc-default-executor-6] INFO  impl.RaftServerProxy (RaftServerProxy.java:remove(95)) - d8e74394-a0bf-4ec3-a3ce-4740c71bd9b7: remove group-36481D5C2926:null
2019-09-11 12:46:37,898 [RatisPipelineUtilsThread] WARN  pipeline.RatisPipelineUtils (RatisPipelineUtils.java:destroyPipeline(66)) - Pipeline destroy failed for pipeline=PipelineID=5307b2a7-4d22-40e9-b771-36481d5c2926 dn=d8e74394-a0bf-4ec3-a3ce-4740c71bd9b7{ip: 192.168.69.81, host: pr-hdds-2109-6lgm5-4208394744, networkLocation: /default-rack, certSerialId: null}
2019-09-11 12:46:37,901 [grpc-default-executor-6] INFO  impl.RaftServerProxy (RaftServerProxy.java:remove(95)) - f90b1bbc-0325-4fdc-bdda-dbac376593c0: remove group-36481D5C2926:null
2019-09-11 12:46:37,903 [RatisPipelineUtilsThread] WARN  pipeline.RatisPipelineUtils (RatisPipelineUtils.java:destroyPipeline(66)) - Pipeline destroy failed for pipeline=PipelineID=5307b2a7-4d22-40e9-b771-36481d5c2926 dn=f90b1bbc-0325-4fdc-bdda-dbac376593c0{ip: 192.168.69.81, host: pr-hdds-2109-6lgm5-4208394744, networkLocation: /default-rack, certSerialId: null}
2019-09-11 12:46:37,905 [grpc-default-executor-6] INFO  impl.RaftServerProxy (RaftServerProxy.java:remove(95)) - 8533a49c-a60c-4c36-849a-1b71101d719e: remove group-36481D5C2926:null
2019-09-11 12:46:37,907 [RatisPipelineUtilsThread] WARN  pipeline.RatisPipelineUtils (RatisPipelineUtils.java:destroyPipeline(66)) - Pipeline destroy failed for pipeline=PipelineID=5307b2a7-4d22-40e9-b771-36481d5c2926 dn=8533a49c-a60c-4c36-849a-1b71101d719e{ip: 192.168.69.81, host: pr-hdds-2109-6lgm5-4208394744, networkLocation: /default-rack, certSerialId: null}
2019-09-11 12:46:37,907 [RatisPipelineUtilsThread] ERROR pipeline.SCMPipelineManager (Scheduler.java:lambda$schedule$1(70)) - Destroy pipeline failed for pipeline:Pipeline[ Id: 5307b2a7-4d22-40e9-b771-36481d5c2926, Nodes: d8e74394-a0bf-4ec3-a3ce-4740c71bd9b7{ip: 192.168.69.81, host: pr-hdds-2109-6lgm5-4208394744, networkLocation: /default-rack, certSerialId: null}f90b1bbc-0325-4fdc-bdda-dbac376593c0{ip: 192.168.69.81, host: pr-hdds-2109-6lgm5-4208394744, networkLocation: /default-rack, certSerialId: null}8533a49c-a60c-4c36-849a-1b71101d719e{ip: 192.168.69.81, host: pr-hdds-2109-6lgm5-4208394744, networkLocation: /default-rack, certSerialId: null}, Type:RATIS, Factor:THREE, State:CLOSED]
org.apache.hadoop.hdds.scm.pipeline.PipelineNotFoundException: PipelineID=5307b2a7-4d22-40e9-b771-36481d5c2926 not found
	at org.apache.hadoop.hdds.scm.pipeline.PipelineStateMap.getPipeline(PipelineStateMap.java:132)
	at org.apache.hadoop.hdds.scm.pipeline.PipelineStateMap.removePipeline(PipelineStateMap.java:322)
	at org.apache.hadoop.hdds.scm.pipeline.PipelineStateManager.removePipeline(PipelineStateManager.java:107)
	at org.apache.hadoop.hdds.scm.pipeline.SCMPipelineManager.removePipeline(SCMPipelineManager.java:423)
	at org.apache.hadoop.hdds.scm.pipeline.SCMPipelineManager.destroyPipeline(SCMPipelineManager.java:409)
	at org.apache.hadoop.hdds.scm.pipeline.SCMPipelineManager.lambda$finalizeAndDestroyPipeline$0(SCMPipelineManager.java:318)
	at org.apache.hadoop.utils.Scheduler.lambda$schedule$1(Scheduler.java:68)
	at java.util.concurrent.Executors$RunnableAdapter.call(Executors.java:511)
	at java.util.concurrent.FutureTask.run(FutureTask.java:266)
	at java.util.concurrent.ScheduledThreadPoolExecutor$ScheduledFutureTask.access$201(ScheduledThreadPoolExecutor.java:180)
	at java.util.concurrent.ScheduledThreadPoolExecutor$ScheduledFutureTask.run(ScheduledThreadPoolExecutor.java:293)
	at java.util.concurrent.ThreadPoolExecutor.runWorker(ThreadPoolExecutor.java:1149)
	at java.util.concurrent.ThreadPoolExecutor$Worker.run(ThreadPoolExecutor.java:624)
	at java.lang.Thread.run(Thread.java:748)
2019-09-11 12:46:39,253 [java.util.concurrent.ThreadPoolExecutor$Worker@4a186632[State = -1, empty queue]] WARN  server.GrpcLogAppender (GrpcLogAppender.java:timeoutAppendRequest(200)) - 608419ff-9e1e-46ed-b668-4d330b5fd69a@group-791F85AA1D09->a355c4c2-cbce-4d32-ac2d-5d7efcc7e61b-GrpcLogAppender: appendEntries Timeout, request=608419ff-9e1e-46ed-b668-4d330b5fd69a->a355c4c2-cbce-4d32-ac2d-5d7efcc7e61b#115-t1, previous=(t:1, i:16), leaderCommit=10, initializing? false, entries: <empty>
2019-09-11 12:46:39,253 [java.util.concurrent.ThreadPoolExecutor$Worker@609f90f[State = -1, empty queue]] WARN  server.GrpcLogAppender (GrpcLogAppender.java:timeoutAppendRequest(200)) - 608419ff-9e1e-46ed-b668-4d330b5fd69a@group-791F85AA1D09->5a49129c-fcc1-4df1-b4f9-e84c17474790-GrpcLogAppender: appendEntries Timeout, request=608419ff-9e1e-46ed-b668-4d330b5fd69a->5a49129c-fcc1-4df1-b4f9-e84c17474790#115-t1, previous=(t:1, i:16), leaderCommit=10, initializing? false, entries: <empty>
2019-09-11 12:46:39,898 [grpc-default-executor-4] INFO  impl.RaftServerProxy (RaftServerProxy.java:remove(95)) - d8e74394-a0bf-4ec3-a3ce-4740c71bd9b7: remove group-36481D5C2926:null
2019-09-11 12:46:39,901 [RatisPipelineUtilsThread] WARN  pipeline.RatisPipelineUtils (RatisPipelineUtils.java:destroyPipeline(66)) - Pipeline destroy failed for pipeline=PipelineID=5307b2a7-4d22-40e9-b771-36481d5c2926 dn=d8e74394-a0bf-4ec3-a3ce-4740c71bd9b7{ip: 192.168.69.81, host: pr-hdds-2109-6lgm5-4208394744, networkLocation: /default-rack, certSerialId: null}
2019-09-11 12:46:39,903 [grpc-default-executor-4] INFO  impl.RaftServerProxy (RaftServerProxy.java:remove(95)) - f90b1bbc-0325-4fdc-bdda-dbac376593c0: remove group-36481D5C2926:null
2019-09-11 12:46:39,905 [RatisPipelineUtilsThread] WARN  pipeline.RatisPipelineUtils (RatisPipelineUtils.java:destroyPipeline(66)) - Pipeline destroy failed for pipeline=PipelineID=5307b2a7-4d22-40e9-b771-36481d5c2926 dn=f90b1bbc-0325-4fdc-bdda-dbac376593c0{ip: 192.168.69.81, host: pr-hdds-2109-6lgm5-4208394744, networkLocation: /default-rack, certSerialId: null}
2019-09-11 12:46:39,908 [grpc-default-executor-4] INFO  impl.RaftServerProxy (RaftServerProxy.java:remove(95)) - 8533a49c-a60c-4c36-849a-1b71101d719e: remove group-36481D5C2926:null
2019-09-11 12:46:39,910 [RatisPipelineUtilsThread] WARN  pipeline.RatisPipelineUtils (RatisPipelineUtils.java:destroyPipeline(66)) - Pipeline destroy failed for pipeline=PipelineID=5307b2a7-4d22-40e9-b771-36481d5c2926 dn=8533a49c-a60c-4c36-849a-1b71101d719e{ip: 192.168.69.81, host: pr-hdds-2109-6lgm5-4208394744, networkLocation: /default-rack, certSerialId: null}
2019-09-11 12:46:39,910 [RatisPipelineUtilsThread] ERROR pipeline.SCMPipelineManager (Scheduler.java:lambda$schedule$1(70)) - Destroy pipeline failed for pipeline:Pipeline[ Id: 5307b2a7-4d22-40e9-b771-36481d5c2926, Nodes: d8e74394-a0bf-4ec3-a3ce-4740c71bd9b7{ip: 192.168.69.81, host: pr-hdds-2109-6lgm5-4208394744, networkLocation: /default-rack, certSerialId: null}f90b1bbc-0325-4fdc-bdda-dbac376593c0{ip: 192.168.69.81, host: pr-hdds-2109-6lgm5-4208394744, networkLocation: /default-rack, certSerialId: null}8533a49c-a60c-4c36-849a-1b71101d719e{ip: 192.168.69.81, host: pr-hdds-2109-6lgm5-4208394744, networkLocation: /default-rack, certSerialId: null}, Type:RATIS, Factor:THREE, State:CLOSED]
org.apache.hadoop.hdds.scm.pipeline.PipelineNotFoundException: PipelineID=5307b2a7-4d22-40e9-b771-36481d5c2926 not found
	at org.apache.hadoop.hdds.scm.pipeline.PipelineStateMap.getPipeline(PipelineStateMap.java:132)
	at org.apache.hadoop.hdds.scm.pipeline.PipelineStateMap.removePipeline(PipelineStateMap.java:322)
	at org.apache.hadoop.hdds.scm.pipeline.PipelineStateManager.removePipeline(PipelineStateManager.java:107)
	at org.apache.hadoop.hdds.scm.pipeline.SCMPipelineManager.removePipeline(SCMPipelineManager.java:423)
	at org.apache.hadoop.hdds.scm.pipeline.SCMPipelineManager.destroyPipeline(SCMPipelineManager.java:409)
	at org.apache.hadoop.hdds.scm.pipeline.SCMPipelineManager.lambda$finalizeAndDestroyPipeline$0(SCMPipelineManager.java:318)
	at org.apache.hadoop.utils.Scheduler.lambda$schedule$1(Scheduler.java:68)
	at java.util.concurrent.Executors$RunnableAdapter.call(Executors.java:511)
	at java.util.concurrent.FutureTask.run(FutureTask.java:266)
	at java.util.concurrent.ScheduledThreadPoolExecutor$ScheduledFutureTask.access$201(ScheduledThreadPoolExecutor.java:180)
	at java.util.concurrent.ScheduledThreadPoolExecutor$ScheduledFutureTask.run(ScheduledThreadPoolExecutor.java:293)
	at java.util.concurrent.ThreadPoolExecutor.runWorker(ThreadPoolExecutor.java:1149)
	at java.util.concurrent.ThreadPoolExecutor$Worker.run(ThreadPoolExecutor.java:624)
	at java.lang.Thread.run(Thread.java:748)
2019-09-11 12:46:40,916 [grpc-default-executor-6] INFO  impl.RaftServerProxy (RaftServerProxy.java:remove(95)) - d8e74394-a0bf-4ec3-a3ce-4740c71bd9b7: remove group-36481D5C2926:null
2019-09-11 12:46:40,919 [RatisPipelineUtilsThread] WARN  pipeline.RatisPipelineUtils (RatisPipelineUtils.java:destroyPipeline(66)) - Pipeline destroy failed for pipeline=PipelineID=5307b2a7-4d22-40e9-b771-36481d5c2926 dn=d8e74394-a0bf-4ec3-a3ce-4740c71bd9b7{ip: 192.168.69.81, host: pr-hdds-2109-6lgm5-4208394744, networkLocation: /default-rack, certSerialId: null}
2019-09-11 12:46:40,922 [grpc-default-executor-6] INFO  impl.RaftServerProxy (RaftServerProxy.java:remove(95)) - f90b1bbc-0325-4fdc-bdda-dbac376593c0: remove group-36481D5C2926:null
2019-09-11 12:46:40,924 [RatisPipelineUtilsThread] WARN  pipeline.RatisPipelineUtils (RatisPipelineUtils.java:destroyPipeline(66)) - Pipeline destroy failed for pipeline=PipelineID=5307b2a7-4d22-40e9-b771-36481d5c2926 dn=f90b1bbc-0325-4fdc-bdda-dbac376593c0{ip: 192.168.69.81, host: pr-hdds-2109-6lgm5-4208394744, networkLocation: /default-rack, certSerialId: null}
2019-09-11 12:46:40,927 [grpc-default-executor-6] INFO  impl.RaftServerProxy (RaftServerProxy.java:remove(95)) - 8533a49c-a60c-4c36-849a-1b71101d719e: remove group-36481D5C2926:null
2019-09-11 12:46:40,929 [RatisPipelineUtilsThread] WARN  pipeline.RatisPipelineUtils (RatisPipelineUtils.java:destroyPipeline(66)) - Pipeline destroy failed for pipeline=PipelineID=5307b2a7-4d22-40e9-b771-36481d5c2926 dn=8533a49c-a60c-4c36-849a-1b71101d719e{ip: 192.168.69.81, host: pr-hdds-2109-6lgm5-4208394744, networkLocation: /default-rack, certSerialId: null}
2019-09-11 12:46:40,929 [RatisPipelineUtilsThread] ERROR pipeline.SCMPipelineManager (Scheduler.java:lambda$schedule$1(70)) - Destroy pipeline failed for pipeline:Pipeline[ Id: 5307b2a7-4d22-40e9-b771-36481d5c2926, Nodes: d8e74394-a0bf-4ec3-a3ce-4740c71bd9b7{ip: 192.168.69.81, host: pr-hdds-2109-6lgm5-4208394744, networkLocation: /default-rack, certSerialId: null}f90b1bbc-0325-4fdc-bdda-dbac376593c0{ip: 192.168.69.81, host: pr-hdds-2109-6lgm5-4208394744, networkLocation: /default-rack, certSerialId: null}8533a49c-a60c-4c36-849a-1b71101d719e{ip: 192.168.69.81, host: pr-hdds-2109-6lgm5-4208394744, networkLocation: /default-rack, certSerialId: null}, Type:RATIS, Factor:THREE, State:CLOSED]
org.apache.hadoop.hdds.scm.pipeline.PipelineNotFoundException: PipelineID=5307b2a7-4d22-40e9-b771-36481d5c2926 not found
	at org.apache.hadoop.hdds.scm.pipeline.PipelineStateMap.getPipeline(PipelineStateMap.java:132)
	at org.apache.hadoop.hdds.scm.pipeline.PipelineStateMap.removePipeline(PipelineStateMap.java:322)
	at org.apache.hadoop.hdds.scm.pipeline.PipelineStateManager.removePipeline(PipelineStateManager.java:107)
	at org.apache.hadoop.hdds.scm.pipeline.SCMPipelineManager.removePipeline(SCMPipelineManager.java:423)
	at org.apache.hadoop.hdds.scm.pipeline.SCMPipelineManager.destroyPipeline(SCMPipelineManager.java:409)
	at org.apache.hadoop.hdds.scm.pipeline.SCMPipelineManager.lambda$finalizeAndDestroyPipeline$0(SCMPipelineManager.java:318)
	at org.apache.hadoop.utils.Scheduler.lambda$schedule$1(Scheduler.java:68)
	at java.util.concurrent.Executors$RunnableAdapter.call(Executors.java:511)
	at java.util.concurrent.FutureTask.run(FutureTask.java:266)
	at java.util.concurrent.ScheduledThreadPoolExecutor$ScheduledFutureTask.access$201(ScheduledThreadPoolExecutor.java:180)
	at java.util.concurrent.ScheduledThreadPoolExecutor$ScheduledFutureTask.run(ScheduledThreadPoolExecutor.java:293)
	at java.util.concurrent.ThreadPoolExecutor.runWorker(ThreadPoolExecutor.java:1149)
	at java.util.concurrent.ThreadPoolExecutor$Worker.run(ThreadPoolExecutor.java:624)
	at java.lang.Thread.run(Thread.java:748)
2019-09-11 12:46:41,185 [grpc-default-executor-6] INFO  impl.RaftServerProxy (RaftServerProxy.java:remove(95)) - d8e74394-a0bf-4ec3-a3ce-4740c71bd9b7: remove group-36481D5C2926:null
2019-09-11 12:46:41,187 [RatisPipelineUtilsThread] WARN  pipeline.RatisPipelineUtils (RatisPipelineUtils.java:destroyPipeline(66)) - Pipeline destroy failed for pipeline=PipelineID=5307b2a7-4d22-40e9-b771-36481d5c2926 dn=d8e74394-a0bf-4ec3-a3ce-4740c71bd9b7{ip: 192.168.69.81, host: pr-hdds-2109-6lgm5-4208394744, networkLocation: /default-rack, certSerialId: null}
2019-09-11 12:46:41,190 [grpc-default-executor-6] INFO  impl.RaftServerProxy (RaftServerProxy.java:remove(95)) - f90b1bbc-0325-4fdc-bdda-dbac376593c0: remove group-36481D5C2926:null
2019-09-11 12:46:41,192 [RatisPipelineUtilsThread] WARN  pipeline.RatisPipelineUtils (RatisPipelineUtils.java:destroyPipeline(66)) - Pipeline destroy failed for pipeline=PipelineID=5307b2a7-4d22-40e9-b771-36481d5c2926 dn=f90b1bbc-0325-4fdc-bdda-dbac376593c0{ip: 192.168.69.81, host: pr-hdds-2109-6lgm5-4208394744, networkLocation: /default-rack, certSerialId: null}
2019-09-11 12:46:41,195 [grpc-default-executor-6] INFO  impl.RaftServerProxy (RaftServerProxy.java:remove(95)) - 8533a49c-a60c-4c36-849a-1b71101d719e: remove group-36481D5C2926:null
2019-09-11 12:46:41,197 [RatisPipelineUtilsThread] WARN  pipeline.RatisPipelineUtils (RatisPipelineUtils.java:destroyPipeline(66)) - Pipeline destroy failed for pipeline=PipelineID=5307b2a7-4d22-40e9-b771-36481d5c2926 dn=8533a49c-a60c-4c36-849a-1b71101d719e{ip: 192.168.69.81, host: pr-hdds-2109-6lgm5-4208394744, networkLocation: /default-rack, certSerialId: null}
2019-09-11 12:46:41,198 [RatisPipelineUtilsThread] ERROR pipeline.SCMPipelineManager (Scheduler.java:lambda$schedule$1(70)) - Destroy pipeline failed for pipeline:Pipeline[ Id: 5307b2a7-4d22-40e9-b771-36481d5c2926, Nodes: d8e74394-a0bf-4ec3-a3ce-4740c71bd9b7{ip: 192.168.69.81, host: pr-hdds-2109-6lgm5-4208394744, networkLocation: /default-rack, certSerialId: null}f90b1bbc-0325-4fdc-bdda-dbac376593c0{ip: 192.168.69.81, host: pr-hdds-2109-6lgm5-4208394744, networkLocation: /default-rack, certSerialId: null}8533a49c-a60c-4c36-849a-1b71101d719e{ip: 192.168.69.81, host: pr-hdds-2109-6lgm5-4208394744, networkLocation: /default-rack, certSerialId: null}, Type:RATIS, Factor:THREE, State:CLOSED]
org.apache.hadoop.hdds.scm.pipeline.PipelineNotFoundException: PipelineID=5307b2a7-4d22-40e9-b771-36481d5c2926 not found
	at org.apache.hadoop.hdds.scm.pipeline.PipelineStateMap.getPipeline(PipelineStateMap.java:132)
	at org.apache.hadoop.hdds.scm.pipeline.PipelineStateMap.removePipeline(PipelineStateMap.java:322)
	at org.apache.hadoop.hdds.scm.pipeline.PipelineStateManager.removePipeline(PipelineStateManager.java:107)
	at org.apache.hadoop.hdds.scm.pipeline.SCMPipelineManager.removePipeline(SCMPipelineManager.java:423)
	at org.apache.hadoop.hdds.scm.pipeline.SCMPipelineManager.destroyPipeline(SCMPipelineManager.java:409)
	at org.apache.hadoop.hdds.scm.pipeline.SCMPipelineManager.lambda$finalizeAndDestroyPipeline$0(SCMPipelineManager.java:318)
	at org.apache.hadoop.utils.Scheduler.lambda$schedule$1(Scheduler.java:68)
	at java.util.concurrent.Executors$RunnableAdapter.call(Executors.java:511)
	at java.util.concurrent.FutureTask.run(FutureTask.java:266)
	at java.util.concurrent.ScheduledThreadPoolExecutor$ScheduledFutureTask.access$201(ScheduledThreadPoolExecutor.java:180)
	at java.util.concurrent.ScheduledThreadPoolExecutor$ScheduledFutureTask.run(ScheduledThreadPoolExecutor.java:293)
	at java.util.concurrent.ThreadPoolExecutor.runWorker(ThreadPoolExecutor.java:1149)
	at java.util.concurrent.ThreadPoolExecutor$Worker.run(ThreadPoolExecutor.java:624)
	at java.lang.Thread.run(Thread.java:748)
2019-09-11 12:46:41,481 [grpc-default-executor-4] INFO  impl.RaftServerProxy (RaftServerProxy.java:remove(95)) - d8e74394-a0bf-4ec3-a3ce-4740c71bd9b7: remove group-36481D5C2926:null
2019-09-11 12:46:41,483 [RatisPipelineUtilsThread] WARN  pipeline.RatisPipelineUtils (RatisPipelineUtils.java:destroyPipeline(66)) - Pipeline destroy failed for pipeline=PipelineID=5307b2a7-4d22-40e9-b771-36481d5c2926 dn=d8e74394-a0bf-4ec3-a3ce-4740c71bd9b7{ip: 192.168.69.81, host: pr-hdds-2109-6lgm5-4208394744, networkLocation: /default-rack, certSerialId: null}
2019-09-11 12:46:41,485 [grpc-default-executor-4] INFO  impl.RaftServerProxy (RaftServerProxy.java:remove(95)) - f90b1bbc-0325-4fdc-bdda-dbac376593c0: remove group-36481D5C2926:null
2019-09-11 12:46:41,487 [RatisPipelineUtilsThread] WARN  pipeline.RatisPipelineUtils (RatisPipelineUtils.java:destroyPipeline(66)) - Pipeline destroy failed for pipeline=PipelineID=5307b2a7-4d22-40e9-b771-36481d5c2926 dn=f90b1bbc-0325-4fdc-bdda-dbac376593c0{ip: 192.168.69.81, host: pr-hdds-2109-6lgm5-4208394744, networkLocation: /default-rack, certSerialId: null}
2019-09-11 12:46:41,489 [grpc-default-executor-4] INFO  impl.RaftServerProxy (RaftServerProxy.java:remove(95)) - 8533a49c-a60c-4c36-849a-1b71101d719e: remove group-36481D5C2926:null
2019-09-11 12:46:41,491 [RatisPipelineUtilsThread] WARN  pipeline.RatisPipelineUtils (RatisPipelineUtils.java:destroyPipeline(66)) - Pipeline destroy failed for pipeline=PipelineID=5307b2a7-4d22-40e9-b771-36481d5c2926 dn=8533a49c-a60c-4c36-849a-1b71101d719e{ip: 192.168.69.81, host: pr-hdds-2109-6lgm5-4208394744, networkLocation: /default-rack, certSerialId: null}
2019-09-11 12:46:41,491 [RatisPipelineUtilsThread] ERROR pipeline.SCMPipelineManager (Scheduler.java:lambda$schedule$1(70)) - Destroy pipeline failed for pipeline:Pipeline[ Id: 5307b2a7-4d22-40e9-b771-36481d5c2926, Nodes: d8e74394-a0bf-4ec3-a3ce-4740c71bd9b7{ip: 192.168.69.81, host: pr-hdds-2109-6lgm5-4208394744, networkLocation: /default-rack, certSerialId: null}f90b1bbc-0325-4fdc-bdda-dbac376593c0{ip: 192.168.69.81, host: pr-hdds-2109-6lgm5-4208394744, networkLocation: /default-rack, certSerialId: null}8533a49c-a60c-4c36-849a-1b71101d719e{ip: 192.168.69.81, host: pr-hdds-2109-6lgm5-4208394744, networkLocation: /default-rack, certSerialId: null}, Type:RATIS, Factor:THREE, State:CLOSED]
org.apache.hadoop.hdds.scm.pipeline.PipelineNotFoundException: PipelineID=5307b2a7-4d22-40e9-b771-36481d5c2926 not found
	at org.apache.hadoop.hdds.scm.pipeline.PipelineStateMap.getPipeline(PipelineStateMap.java:132)
	at org.apache.hadoop.hdds.scm.pipeline.PipelineStateMap.removePipeline(PipelineStateMap.java:322)
	at org.apache.hadoop.hdds.scm.pipeline.PipelineStateManager.removePipeline(PipelineStateManager.java:107)
	at org.apache.hadoop.hdds.scm.pipeline.SCMPipelineManager.removePipeline(SCMPipelineManager.java:423)
	at org.apache.hadoop.hdds.scm.pipeline.SCMPipelineManager.destroyPipeline(SCMPipelineManager.java:409)
	at org.apache.hadoop.hdds.scm.pipeline.SCMPipelineManager.lambda$finalizeAndDestroyPipeline$0(SCMPipelineManager.java:318)
	at org.apache.hadoop.utils.Scheduler.lambda$schedule$1(Scheduler.java:68)
	at java.util.concurrent.Executors$RunnableAdapter.call(Executors.java:511)
	at java.util.concurrent.FutureTask.run(FutureTask.java:266)
	at java.util.concurrent.ScheduledThreadPoolExecutor$ScheduledFutureTask.access$201(ScheduledThreadPoolExecutor.java:180)
	at java.util.concurrent.ScheduledThreadPoolExecutor$ScheduledFutureTask.run(ScheduledThreadPoolExecutor.java:293)
	at java.util.concurrent.ThreadPoolExecutor.runWorker(ThreadPoolExecutor.java:1149)
	at java.util.concurrent.ThreadPoolExecutor$Worker.run(ThreadPoolExecutor.java:624)
	at java.lang.Thread.run(Thread.java:748)
2019-09-11 12:46:41,703 [grpc-default-executor-4] INFO  client.GrpcClientProtocolClient (GrpcClientProtocolClient.java:onNext(264)) - client-D34D2F077373->5a49129c-fcc1-4df1-b4f9-e84c17474790: receive RaftClientReply:client-D34D2F077373->5a49129c-fcc1-4df1-b4f9-e84c17474790@group-791F85AA1D09, cid=142, FAILED org.apache.ratis.protocol.NotLeaderException: Server 5a49129c-fcc1-4df1-b4f9-e84c17474790@group-791F85AA1D09 is not the leader 608419ff-9e1e-46ed-b668-4d330b5fd69a:192.168.69.81:34716, logIndex=0, commits[5a49129c-fcc1-4df1-b4f9-e84c17474790:c10, a355c4c2-cbce-4d32-ac2d-5d7efcc7e61b:c9, 608419ff-9e1e-46ed-b668-4d330b5fd69a:c10]
2019-09-11 12:46:41,754 [java.util.concurrent.ThreadPoolExecutor$Worker@4a186632[State = -1, empty queue]] WARN  server.GrpcLogAppender (GrpcLogAppender.java:timeoutAppendRequest(200)) - 608419ff-9e1e-46ed-b668-4d330b5fd69a@group-791F85AA1D09->a355c4c2-cbce-4d32-ac2d-5d7efcc7e61b-GrpcLogAppender: appendEntries Timeout, request=608419ff-9e1e-46ed-b668-4d330b5fd69a->a355c4c2-cbce-4d32-ac2d-5d7efcc7e61b#116-t1, previous=(t:1, i:16), leaderCommit=10, initializing? false, entries: <empty>
2019-09-11 12:46:41,754 [java.util.concurrent.ThreadPoolExecutor$Worker@609f90f[State = -1, empty queue]] WARN  server.GrpcLogAppender (GrpcLogAppender.java:timeoutAppendRequest(200)) - 608419ff-9e1e-46ed-b668-4d330b5fd69a@group-791F85AA1D09->5a49129c-fcc1-4df1-b4f9-e84c17474790-GrpcLogAppender: appendEntries Timeout, request=608419ff-9e1e-46ed-b668-4d330b5fd69a->5a49129c-fcc1-4df1-b4f9-e84c17474790#116-t1, previous=(t:1, i:16), leaderCommit=10, initializing? false, entries: <empty>
2019-09-11 12:46:44,254 [java.util.concurrent.ThreadPoolExecutor$Worker@609f90f[State = -1, empty queue]] WARN  server.GrpcLogAppender (GrpcLogAppender.java:timeoutAppendRequest(200)) - 608419ff-9e1e-46ed-b668-4d330b5fd69a@group-791F85AA1D09->5a49129c-fcc1-4df1-b4f9-e84c17474790-GrpcLogAppender: appendEntries Timeout, request=608419ff-9e1e-46ed-b668-4d330b5fd69a->5a49129c-fcc1-4df1-b4f9-e84c17474790#117-t1, previous=(t:1, i:16), leaderCommit=10, initializing? false, entries: <empty>
2019-09-11 12:46:44,254 [java.util.concurrent.ThreadPoolExecutor$Worker@4a186632[State = -1, empty queue]] WARN  server.GrpcLogAppender (GrpcLogAppender.java:timeoutAppendRequest(200)) - 608419ff-9e1e-46ed-b668-4d330b5fd69a@group-791F85AA1D09->a355c4c2-cbce-4d32-ac2d-5d7efcc7e61b-GrpcLogAppender: appendEntries Timeout, request=608419ff-9e1e-46ed-b668-4d330b5fd69a->a355c4c2-cbce-4d32-ac2d-5d7efcc7e61b#117-t1, previous=(t:1, i:16), leaderCommit=10, initializing? false, entries: <empty>
2019-09-11 12:46:46,249 [a355c4c2-cbce-4d32-ac2d-5d7efcc7e61b@group-791F85AA1D09-SegmentedRaftLogWorker] WARN  segmented.SegmentedRaftLogWorker (SegmentedRaftLogWorker.java:getFromFuture(90)) - Timeout 6/~
org.apache.ratis.protocol.TimeoutIOException: Timeout 10s: WriteLog:11: (t:1, i:11), STATEMACHINELOGENTRY, client-D34D2F077373, cid=142-writeStateMachineData
	at org.apache.ratis.util.IOUtils.getFromFuture(IOUtils.java:87)
	at org.apache.ratis.server.raftlog.segmented.SegmentedRaftLogWorker$StateMachineDataPolicy.getFromFuture(SegmentedRaftLogWorker.java:87)
	at org.apache.ratis.server.raftlog.segmented.SegmentedRaftLogWorker$WriteLog.execute(SegmentedRaftLogWorker.java:477)
	at org.apache.ratis.server.raftlog.segmented.SegmentedRaftLogWorker.run(SegmentedRaftLogWorker.java:289)
	at java.lang.Thread.run(Thread.java:748)
Caused by: java.util.concurrent.TimeoutException
	at java.util.concurrent.CompletableFuture.timedGet(CompletableFuture.java:1771)
	at java.util.concurrent.CompletableFuture.get(CompletableFuture.java:1915)
	at org.apache.ratis.util.IOUtils.getFromFuture(IOUtils.java:79)
	... 4 more
2019-09-11 12:46:46,249 [5a49129c-fcc1-4df1-b4f9-e84c17474790@group-791F85AA1D09-SegmentedRaftLogWorker] WARN  segmented.SegmentedRaftLogWorker (SegmentedRaftLogWorker.java:getFromFuture(90)) - Timeout 6/~
org.apache.ratis.protocol.TimeoutIOException: Timeout 10s: WriteLog:11: (t:1, i:11), STATEMACHINELOGENTRY, client-D34D2F077373, cid=142-writeStateMachineData
	at org.apache.ratis.util.IOUtils.getFromFuture(IOUtils.java:87)
	at org.apache.ratis.server.raftlog.segmented.SegmentedRaftLogWorker$StateMachineDataPolicy.getFromFuture(SegmentedRaftLogWorker.java:87)
	at org.apache.ratis.server.raftlog.segmented.SegmentedRaftLogWorker$WriteLog.execute(SegmentedRaftLogWorker.java:477)
	at org.apache.ratis.server.raftlog.segmented.SegmentedRaftLogWorker.run(SegmentedRaftLogWorker.java:289)
	at java.lang.Thread.run(Thread.java:748)
Caused by: java.util.concurrent.TimeoutException
	at java.util.concurrent.CompletableFuture.timedGet(CompletableFuture.java:1771)
	at java.util.concurrent.CompletableFuture.get(CompletableFuture.java:1915)
	at org.apache.ratis.util.IOUtils.getFromFuture(IOUtils.java:79)
	... 4 more
2019-09-11 12:46:46,406 [608419ff-9e1e-46ed-b668-4d330b5fd69a@group-791F85AA1D09-SegmentedRaftLogWorker] WARN  segmented.SegmentedRaftLogWorker (SegmentedRaftLogWorker.java:getFromFuture(90)) - Timeout 6/~
org.apache.ratis.protocol.TimeoutIOException: Timeout 10s: WriteLog:12: (t:1, i:12), STATEMACHINELOGENTRY, client-D34D2F077373, cid=143-writeStateMachineData
	at org.apache.ratis.util.IOUtils.getFromFuture(IOUtils.java:87)
	at org.apache.ratis.server.raftlog.segmented.SegmentedRaftLogWorker$StateMachineDataPolicy.getFromFuture(SegmentedRaftLogWorker.java:87)
	at org.apache.ratis.server.raftlog.segmented.SegmentedRaftLogWorker$WriteLog.execute(SegmentedRaftLogWorker.java:477)
	at org.apache.ratis.server.raftlog.segmented.SegmentedRaftLogWorker.run(SegmentedRaftLogWorker.java:289)
	at java.lang.Thread.run(Thread.java:748)
Caused by: java.util.concurrent.TimeoutException
	at java.util.concurrent.CompletableFuture.timedGet(CompletableFuture.java:1771)
	at java.util.concurrent.CompletableFuture.get(CompletableFuture.java:1915)
	at org.apache.ratis.util.IOUtils.getFromFuture(IOUtils.java:79)
	... 4 more
2019-09-11 12:46:46,734 [grpc-default-executor-4] INFO  client.GrpcClientProtocolClient (GrpcClientProtocolClient.java:onNext(264)) - client-D34D2F077373->5a49129c-fcc1-4df1-b4f9-e84c17474790: receive RaftClientReply:client-D34D2F077373->5a49129c-fcc1-4df1-b4f9-e84c17474790@group-791F85AA1D09, cid=142, FAILED org.apache.ratis.protocol.NotLeaderException: Server 5a49129c-fcc1-4df1-b4f9-e84c17474790@group-791F85AA1D09 is not the leader 608419ff-9e1e-46ed-b668-4d330b5fd69a:192.168.69.81:34716, logIndex=0, commits[5a49129c-fcc1-4df1-b4f9-e84c17474790:c10, a355c4c2-cbce-4d32-ac2d-5d7efcc7e61b:c9, 608419ff-9e1e-46ed-b668-4d330b5fd69a:c10]
2019-09-11 12:46:46,754 [java.util.concurrent.ThreadPoolExecutor$Worker@609f90f[State = -1, empty queue]] WARN  server.GrpcLogAppender (GrpcLogAppender.java:timeoutAppendRequest(200)) - 608419ff-9e1e-46ed-b668-4d330b5fd69a@group-791F85AA1D09->5a49129c-fcc1-4df1-b4f9-e84c17474790-GrpcLogAppender: appendEntries Timeout, request=608419ff-9e1e-46ed-b668-4d330b5fd69a->5a49129c-fcc1-4df1-b4f9-e84c17474790#118-t1, previous=(t:1, i:16), leaderCommit=10, initializing? false, entries: <empty>
2019-09-11 12:46:46,754 [java.util.concurrent.ThreadPoolExecutor$Worker@4a186632[State = -1, empty queue]] WARN  server.GrpcLogAppender (GrpcLogAppender.java:timeoutAppendRequest(200)) - 608419ff-9e1e-46ed-b668-4d330b5fd69a@group-791F85AA1D09->a355c4c2-cbce-4d32-ac2d-5d7efcc7e61b-GrpcLogAppender: appendEntries Timeout, request=608419ff-9e1e-46ed-b668-4d330b5fd69a->a355c4c2-cbce-4d32-ac2d-5d7efcc7e61b#118-t1, previous=(t:1, i:16), leaderCommit=10, initializing? false, entries: <empty>
2019-09-11 12:46:49,266 [java.util.concurrent.ThreadPoolExecutor$Worker@4a186632[State = -1, empty queue]] WARN  server.GrpcLogAppender (GrpcLogAppender.java:timeoutAppendRequest(200)) - 608419ff-9e1e-46ed-b668-4d330b5fd69a@group-791F85AA1D09->a355c4c2-cbce-4d32-ac2d-5d7efcc7e61b-GrpcLogAppender: appendEntries Timeout, request=608419ff-9e1e-46ed-b668-4d330b5fd69a->a355c4c2-cbce-4d32-ac2d-5d7efcc7e61b#119-t1, previous=(t:1, i:16), leaderCommit=10, initializing? false, entries: <empty>
2019-09-11 12:46:49,266 [java.util.concurrent.ThreadPoolExecutor$Worker@609f90f[State = -1, empty queue]] WARN  server.GrpcLogAppender (GrpcLogAppender.java:timeoutAppendRequest(200)) - 608419ff-9e1e-46ed-b668-4d330b5fd69a@group-791F85AA1D09->5a49129c-fcc1-4df1-b4f9-e84c17474790-GrpcLogAppender: appendEntries Timeout, request=608419ff-9e1e-46ed-b668-4d330b5fd69a->5a49129c-fcc1-4df1-b4f9-e84c17474790#119-t1, previous=(t:1, i:16), leaderCommit=10, initializing? false, entries: <empty>
2019-09-11 12:46:51,767 [java.util.concurrent.ThreadPoolExecutor$Worker@609f90f[State = -1, empty queue]] WARN  server.GrpcLogAppender (GrpcLogAppender.java:timeoutAppendRequest(200)) - 608419ff-9e1e-46ed-b668-4d330b5fd69a@group-791F85AA1D09->5a49129c-fcc1-4df1-b4f9-e84c17474790-GrpcLogAppender: appendEntries Timeout, request=608419ff-9e1e-46ed-b668-4d330b5fd69a->5a49129c-fcc1-4df1-b4f9-e84c17474790#120-t1, previous=(t:1, i:16), leaderCommit=10, initializing? false, entries: <empty>
2019-09-11 12:46:51,767 [java.util.concurrent.ThreadPoolExecutor$Worker@4a186632[State = -1, empty queue]] WARN  server.GrpcLogAppender (GrpcLogAppender.java:timeoutAppendRequest(200)) - 608419ff-9e1e-46ed-b668-4d330b5fd69a@group-791F85AA1D09->a355c4c2-cbce-4d32-ac2d-5d7efcc7e61b-GrpcLogAppender: appendEntries Timeout, request=608419ff-9e1e-46ed-b668-4d330b5fd69a->a355c4c2-cbce-4d32-ac2d-5d7efcc7e61b#120-t1, previous=(t:1, i:16), leaderCommit=10, initializing? false, entries: <empty>
2019-09-11 12:46:51,767 [grpc-default-executor-4] INFO  client.GrpcClientProtocolClient (GrpcClientProtocolClient.java:onNext(264)) - client-D34D2F077373->5a49129c-fcc1-4df1-b4f9-e84c17474790: receive RaftClientReply:client-D34D2F077373->5a49129c-fcc1-4df1-b4f9-e84c17474790@group-791F85AA1D09, cid=142, FAILED org.apache.ratis.protocol.NotLeaderException: Server 5a49129c-fcc1-4df1-b4f9-e84c17474790@group-791F85AA1D09 is not the leader 608419ff-9e1e-46ed-b668-4d330b5fd69a:192.168.69.81:34716, logIndex=0, commits[5a49129c-fcc1-4df1-b4f9-e84c17474790:c10, a355c4c2-cbce-4d32-ac2d-5d7efcc7e61b:c9, 608419ff-9e1e-46ed-b668-4d330b5fd69a:c10]
2019-09-11 12:46:54,267 [java.util.concurrent.ThreadPoolExecutor$Worker@609f90f[State = -1, empty queue]] WARN  server.GrpcLogAppender (GrpcLogAppender.java:timeoutAppendRequest(200)) - 608419ff-9e1e-46ed-b668-4d330b5fd69a@group-791F85AA1D09->5a49129c-fcc1-4df1-b4f9-e84c17474790-GrpcLogAppender: appendEntries Timeout, request=608419ff-9e1e-46ed-b668-4d330b5fd69a->5a49129c-fcc1-4df1-b4f9-e84c17474790#121-t1, previous=(t:1, i:16), leaderCommit=10, initializing? false, entries: <empty>
2019-09-11 12:46:54,267 [java.util.concurrent.ThreadPoolExecutor$Worker@4a186632[State = -1, empty queue]] WARN  server.GrpcLogAppender (GrpcLogAppender.java:timeoutAppendRequest(200)) - 608419ff-9e1e-46ed-b668-4d330b5fd69a@group-791F85AA1D09->a355c4c2-cbce-4d32-ac2d-5d7efcc7e61b-GrpcLogAppender: appendEntries Timeout, request=608419ff-9e1e-46ed-b668-4d330b5fd69a->a355c4c2-cbce-4d32-ac2d-5d7efcc7e61b#121-t1, previous=(t:1, i:16), leaderCommit=10, initializing? false, entries: <empty>
2019-09-11 12:46:56,249 [a355c4c2-cbce-4d32-ac2d-5d7efcc7e61b@group-791F85AA1D09-SegmentedRaftLogWorker] WARN  segmented.SegmentedRaftLogWorker (SegmentedRaftLogWorker.java:getFromFuture(90)) - Timeout 7/~
org.apache.ratis.protocol.TimeoutIOException: Timeout 10s: WriteLog:11: (t:1, i:11), STATEMACHINELOGENTRY, client-D34D2F077373, cid=142-writeStateMachineData
	at org.apache.ratis.util.IOUtils.getFromFuture(IOUtils.java:87)
	at org.apache.ratis.server.raftlog.segmented.SegmentedRaftLogWorker$StateMachineDataPolicy.getFromFuture(SegmentedRaftLogWorker.java:87)
	at org.apache.ratis.server.raftlog.segmented.SegmentedRaftLogWorker$WriteLog.execute(SegmentedRaftLogWorker.java:477)
	at org.apache.ratis.server.raftlog.segmented.SegmentedRaftLogWorker.run(SegmentedRaftLogWorker.java:289)
	at java.lang.Thread.run(Thread.java:748)
Caused by: java.util.concurrent.TimeoutException
	at java.util.concurrent.CompletableFuture.timedGet(CompletableFuture.java:1771)
	at java.util.concurrent.CompletableFuture.get(CompletableFuture.java:1915)
	at org.apache.ratis.util.IOUtils.getFromFuture(IOUtils.java:79)
	... 4 more
2019-09-11 12:46:56,266 [5a49129c-fcc1-4df1-b4f9-e84c17474790@group-791F85AA1D09-SegmentedRaftLogWorker] WARN  segmented.SegmentedRaftLogWorker (SegmentedRaftLogWorker.java:getFromFuture(90)) - Timeout 7/~
org.apache.ratis.protocol.TimeoutIOException: Timeout 10s: WriteLog:11: (t:1, i:11), STATEMACHINELOGENTRY, client-D34D2F077373, cid=142-writeStateMachineData
	at org.apache.ratis.util.IOUtils.getFromFuture(IOUtils.java:87)
	at org.apache.ratis.server.raftlog.segmented.SegmentedRaftLogWorker$StateMachineDataPolicy.getFromFuture(SegmentedRaftLogWorker.java:87)
	at org.apache.ratis.server.raftlog.segmented.SegmentedRaftLogWorker$WriteLog.execute(SegmentedRaftLogWorker.java:477)
	at org.apache.ratis.server.raftlog.segmented.SegmentedRaftLogWorker.run(SegmentedRaftLogWorker.java:289)
	at java.lang.Thread.run(Thread.java:748)
Caused by: java.util.concurrent.TimeoutException
	at java.util.concurrent.CompletableFuture.timedGet(CompletableFuture.java:1771)
	at java.util.concurrent.CompletableFuture.get(CompletableFuture.java:1915)
	at org.apache.ratis.util.IOUtils.getFromFuture(IOUtils.java:79)
	... 4 more
2019-09-11 12:46:56,407 [608419ff-9e1e-46ed-b668-4d330b5fd69a@group-791F85AA1D09-SegmentedRaftLogWorker] WARN  segmented.SegmentedRaftLogWorker (SegmentedRaftLogWorker.java:getFromFuture(90)) - Timeout 7/~
org.apache.ratis.protocol.TimeoutIOException: Timeout 10s: WriteLog:12: (t:1, i:12), STATEMACHINELOGENTRY, client-D34D2F077373, cid=143-writeStateMachineData
	at org.apache.ratis.util.IOUtils.getFromFuture(IOUtils.java:87)
	at org.apache.ratis.server.raftlog.segmented.SegmentedRaftLogWorker$StateMachineDataPolicy.getFromFuture(SegmentedRaftLogWorker.java:87)
	at org.apache.ratis.server.raftlog.segmented.SegmentedRaftLogWorker$WriteLog.execute(SegmentedRaftLogWorker.java:477)
	at org.apache.ratis.server.raftlog.segmented.SegmentedRaftLogWorker.run(SegmentedRaftLogWorker.java:289)
	at java.lang.Thread.run(Thread.java:748)
Caused by: java.util.concurrent.TimeoutException
	at java.util.concurrent.CompletableFuture.timedGet(CompletableFuture.java:1771)
	at java.util.concurrent.CompletableFuture.get(CompletableFuture.java:1915)
	at org.apache.ratis.util.IOUtils.getFromFuture(IOUtils.java:79)
	... 4 more
2019-09-11 12:46:56,767 [java.util.concurrent.ThreadPoolExecutor$Worker@4a186632[State = -1, empty queue]] WARN  server.GrpcLogAppender (GrpcLogAppender.java:timeoutAppendRequest(200)) - 608419ff-9e1e-46ed-b668-4d330b5fd69a@group-791F85AA1D09->a355c4c2-cbce-4d32-ac2d-5d7efcc7e61b-GrpcLogAppender: appendEntries Timeout, request=608419ff-9e1e-46ed-b668-4d330b5fd69a->a355c4c2-cbce-4d32-ac2d-5d7efcc7e61b#122-t1, previous=(t:1, i:16), leaderCommit=10, initializing? false, entries: <empty>
2019-09-11 12:46:56,767 [java.util.concurrent.ThreadPoolExecutor$Worker@609f90f[State = -1, empty queue]] WARN  server.GrpcLogAppender (GrpcLogAppender.java:timeoutAppendRequest(200)) - 608419ff-9e1e-46ed-b668-4d330b5fd69a@group-791F85AA1D09->5a49129c-fcc1-4df1-b4f9-e84c17474790-GrpcLogAppender: appendEntries Timeout, request=608419ff-9e1e-46ed-b668-4d330b5fd69a->5a49129c-fcc1-4df1-b4f9-e84c17474790#122-t1, previous=(t:1, i:16), leaderCommit=10, initializing? false, entries: <empty>
2019-09-11 12:46:56,802 [grpc-default-executor-4] INFO  client.GrpcClientProtocolClient (GrpcClientProtocolClient.java:onNext(264)) - client-D34D2F077373->a355c4c2-cbce-4d32-ac2d-5d7efcc7e61b: receive RaftClientReply:client-D34D2F077373->a355c4c2-cbce-4d32-ac2d-5d7efcc7e61b@group-791F85AA1D09, cid=142, FAILED org.apache.ratis.protocol.NotLeaderException: Server a355c4c2-cbce-4d32-ac2d-5d7efcc7e61b@group-791F85AA1D09 is not the leader 608419ff-9e1e-46ed-b668-4d330b5fd69a:192.168.69.81:34716, logIndex=0, commits[a355c4c2-cbce-4d32-ac2d-5d7efcc7e61b:c10, 608419ff-9e1e-46ed-b668-4d330b5fd69a:c10, 5a49129c-fcc1-4df1-b4f9-e84c17474790:c9]
2019-09-11 12:46:59,268 [java.util.concurrent.ThreadPoolExecutor$Worker@4a186632[State = -1, empty queue]] WARN  server.GrpcLogAppender (GrpcLogAppender.java:timeoutAppendRequest(200)) - 608419ff-9e1e-46ed-b668-4d330b5fd69a@group-791F85AA1D09->a355c4c2-cbce-4d32-ac2d-5d7efcc7e61b-GrpcLogAppender: appendEntries Timeout, request=608419ff-9e1e-46ed-b668-4d330b5fd69a->a355c4c2-cbce-4d32-ac2d-5d7efcc7e61b#123-t1, previous=(t:1, i:16), leaderCommit=10, initializing? false, entries: <empty>
2019-09-11 12:46:59,268 [java.util.concurrent.ThreadPoolExecutor$Worker@609f90f[State = -1, empty queue]] WARN  server.GrpcLogAppender (GrpcLogAppender.java:timeoutAppendRequest(200)) - 608419ff-9e1e-46ed-b668-4d330b5fd69a@group-791F85AA1D09->5a49129c-fcc1-4df1-b4f9-e84c17474790-GrpcLogAppender: appendEntries Timeout, request=608419ff-9e1e-46ed-b668-4d330b5fd69a->5a49129c-fcc1-4df1-b4f9-e84c17474790#123-t1, previous=(t:1, i:16), leaderCommit=10, initializing? false, entries: <empty>
2019-09-11 12:47:01,768 [java.util.concurrent.ThreadPoolExecutor$Worker@4a186632[State = -1, empty queue]] WARN  server.GrpcLogAppender (GrpcLogAppender.java:timeoutAppendRequest(200)) - 608419ff-9e1e-46ed-b668-4d330b5fd69a@group-791F85AA1D09->a355c4c2-cbce-4d32-ac2d-5d7efcc7e61b-GrpcLogAppender: appendEntries Timeout, request=608419ff-9e1e-46ed-b668-4d330b5fd69a->a355c4c2-cbce-4d32-ac2d-5d7efcc7e61b#124-t1, previous=(t:1, i:16), leaderCommit=10, initializing? false, entries: <empty>
2019-09-11 12:47:01,768 [java.util.concurrent.ThreadPoolExecutor$Worker@609f90f[State = -1, empty queue]] WARN  server.GrpcLogAppender (GrpcLogAppender.java:timeoutAppendRequest(200)) - 608419ff-9e1e-46ed-b668-4d330b5fd69a@group-791F85AA1D09->5a49129c-fcc1-4df1-b4f9-e84c17474790-GrpcLogAppender: appendEntries Timeout, request=608419ff-9e1e-46ed-b668-4d330b5fd69a->5a49129c-fcc1-4df1-b4f9-e84c17474790#124-t1, previous=(t:1, i:16), leaderCommit=10, initializing? false, entries: <empty>
2019-09-11 12:47:01,839 [grpc-default-executor-7] INFO  client.GrpcClientProtocolClient (GrpcClientProtocolClient.java:onNext(264)) - client-D34D2F077373->a355c4c2-cbce-4d32-ac2d-5d7efcc7e61b: receive RaftClientReply:client-D34D2F077373->a355c4c2-cbce-4d32-ac2d-5d7efcc7e61b@group-791F85AA1D09, cid=142, FAILED org.apache.ratis.protocol.NotLeaderException: Server a355c4c2-cbce-4d32-ac2d-5d7efcc7e61b@group-791F85AA1D09 is not the leader 608419ff-9e1e-46ed-b668-4d330b5fd69a:192.168.69.81:34716, logIndex=0, commits[a355c4c2-cbce-4d32-ac2d-5d7efcc7e61b:c10, 608419ff-9e1e-46ed-b668-4d330b5fd69a:c10, 5a49129c-fcc1-4df1-b4f9-e84c17474790:c9]
2019-09-11 12:47:04,269 [java.util.concurrent.ThreadPoolExecutor$Worker@609f90f[State = -1, empty queue]] WARN  server.GrpcLogAppender (GrpcLogAppender.java:timeoutAppendRequest(200)) - 608419ff-9e1e-46ed-b668-4d330b5fd69a@group-791F85AA1D09->5a49129c-fcc1-4df1-b4f9-e84c17474790-GrpcLogAppender: appendEntries Timeout, request=608419ff-9e1e-46ed-b668-4d330b5fd69a->5a49129c-fcc1-4df1-b4f9-e84c17474790#125-t1, previous=(t:1, i:16), leaderCommit=10, initializing? false, entries: <empty>
2019-09-11 12:47:04,269 [java.util.concurrent.ThreadPoolExecutor$Worker@4a186632[State = -1, empty queue]] WARN  server.GrpcLogAppender (GrpcLogAppender.java:timeoutAppendRequest(200)) - 608419ff-9e1e-46ed-b668-4d330b5fd69a@group-791F85AA1D09->a355c4c2-cbce-4d32-ac2d-5d7efcc7e61b-GrpcLogAppender: appendEntries Timeout, request=608419ff-9e1e-46ed-b668-4d330b5fd69a->a355c4c2-cbce-4d32-ac2d-5d7efcc7e61b#125-t1, previous=(t:1, i:16), leaderCommit=10, initializing? false, entries: <empty>
2019-09-11 12:47:06,250 [a355c4c2-cbce-4d32-ac2d-5d7efcc7e61b@group-791F85AA1D09-SegmentedRaftLogWorker] WARN  segmented.SegmentedRaftLogWorker (SegmentedRaftLogWorker.java:getFromFuture(90)) - Timeout 8/~
org.apache.ratis.protocol.TimeoutIOException: Timeout 10s: WriteLog:11: (t:1, i:11), STATEMACHINELOGENTRY, client-D34D2F077373, cid=142-writeStateMachineData
	at org.apache.ratis.util.IOUtils.getFromFuture(IOUtils.java:87)
	at org.apache.ratis.server.raftlog.segmented.SegmentedRaftLogWorker$StateMachineDataPolicy.getFromFuture(SegmentedRaftLogWorker.java:87)
	at org.apache.ratis.server.raftlog.segmented.SegmentedRaftLogWorker$WriteLog.execute(SegmentedRaftLogWorker.java:477)
	at org.apache.ratis.server.raftlog.segmented.SegmentedRaftLogWorker.run(SegmentedRaftLogWorker.java:289)
	at java.lang.Thread.run(Thread.java:748)
Caused by: java.util.concurrent.TimeoutException
	at java.util.concurrent.CompletableFuture.timedGet(CompletableFuture.java:1771)
	at java.util.concurrent.CompletableFuture.get(CompletableFuture.java:1915)
	at org.apache.ratis.util.IOUtils.getFromFuture(IOUtils.java:79)
	... 4 more
2019-09-11 12:47:06,267 [5a49129c-fcc1-4df1-b4f9-e84c17474790@group-791F85AA1D09-SegmentedRaftLogWorker] WARN  segmented.SegmentedRaftLogWorker (SegmentedRaftLogWorker.java:getFromFuture(90)) - Timeout 8/~
org.apache.ratis.protocol.TimeoutIOException: Timeout 10s: WriteLog:11: (t:1, i:11), STATEMACHINELOGENTRY, client-D34D2F077373, cid=142-writeStateMachineData
	at org.apache.ratis.util.IOUtils.getFromFuture(IOUtils.java:87)
	at org.apache.ratis.server.raftlog.segmented.SegmentedRaftLogWorker$StateMachineDataPolicy.getFromFuture(SegmentedRaftLogWorker.java:87)
	at org.apache.ratis.server.raftlog.segmented.SegmentedRaftLogWorker$WriteLog.execute(SegmentedRaftLogWorker.java:477)
	at org.apache.ratis.server.raftlog.segmented.SegmentedRaftLogWorker.run(SegmentedRaftLogWorker.java:289)
	at java.lang.Thread.run(Thread.java:748)
Caused by: java.util.concurrent.TimeoutException
	at java.util.concurrent.CompletableFuture.timedGet(CompletableFuture.java:1771)
	at java.util.concurrent.CompletableFuture.get(CompletableFuture.java:1915)
	at org.apache.ratis.util.IOUtils.getFromFuture(IOUtils.java:79)
	... 4 more
2019-09-11 12:47:06,407 [608419ff-9e1e-46ed-b668-4d330b5fd69a@group-791F85AA1D09-SegmentedRaftLogWorker] WARN  segmented.SegmentedRaftLogWorker (SegmentedRaftLogWorker.java:getFromFuture(90)) - Timeout 8/~
org.apache.ratis.protocol.TimeoutIOException: Timeout 10s: WriteLog:12: (t:1, i:12), STATEMACHINELOGENTRY, client-D34D2F077373, cid=143-writeStateMachineData
	at org.apache.ratis.util.IOUtils.getFromFuture(IOUtils.java:87)
	at org.apache.ratis.server.raftlog.segmented.SegmentedRaftLogWorker$StateMachineDataPolicy.getFromFuture(SegmentedRaftLogWorker.java:87)
	at org.apache.ratis.server.raftlog.segmented.SegmentedRaftLogWorker$WriteLog.execute(SegmentedRaftLogWorker.java:477)
	at org.apache.ratis.server.raftlog.segmented.SegmentedRaftLogWorker.run(SegmentedRaftLogWorker.java:289)
	at java.lang.Thread.run(Thread.java:748)
Caused by: java.util.concurrent.TimeoutException
	at java.util.concurrent.CompletableFuture.timedGet(CompletableFuture.java:1771)
	at java.util.concurrent.CompletableFuture.get(CompletableFuture.java:1915)
	at org.apache.ratis.util.IOUtils.getFromFuture(IOUtils.java:79)
	... 4 more
2019-09-11 12:47:06,769 [java.util.concurrent.ThreadPoolExecutor$Worker@4a186632[State = -1, empty queue]] WARN  server.GrpcLogAppender (GrpcLogAppender.java:timeoutAppendRequest(200)) - 608419ff-9e1e-46ed-b668-4d330b5fd69a@group-791F85AA1D09->a355c4c2-cbce-4d32-ac2d-5d7efcc7e61b-GrpcLogAppender: appendEntries Timeout, request=608419ff-9e1e-46ed-b668-4d330b5fd69a->a355c4c2-cbce-4d32-ac2d-5d7efcc7e61b#126-t1, previous=(t:1, i:16), leaderCommit=10, initializing? false, entries: <empty>
2019-09-11 12:47:06,769 [java.util.concurrent.ThreadPoolExecutor$Worker@609f90f[State = -1, empty queue]] WARN  server.GrpcLogAppender (GrpcLogAppender.java:timeoutAppendRequest(200)) - 608419ff-9e1e-46ed-b668-4d330b5fd69a@group-791F85AA1D09->5a49129c-fcc1-4df1-b4f9-e84c17474790-GrpcLogAppender: appendEntries Timeout, request=608419ff-9e1e-46ed-b668-4d330b5fd69a->5a49129c-fcc1-4df1-b4f9-e84c17474790#126-t1, previous=(t:1, i:16), leaderCommit=10, initializing? false, entries: <empty>
2019-09-11 12:47:06,904 [grpc-default-executor-7] INFO  client.GrpcClientProtocolClient (GrpcClientProtocolClient.java:onNext(264)) - client-D34D2F077373->5a49129c-fcc1-4df1-b4f9-e84c17474790: receive RaftClientReply:client-D34D2F077373->5a49129c-fcc1-4df1-b4f9-e84c17474790@group-791F85AA1D09, cid=142, FAILED org.apache.ratis.protocol.NotLeaderException: Server 5a49129c-fcc1-4df1-b4f9-e84c17474790@group-791F85AA1D09 is not the leader 608419ff-9e1e-46ed-b668-4d330b5fd69a:192.168.69.81:34716, logIndex=0, commits[5a49129c-fcc1-4df1-b4f9-e84c17474790:c10, a355c4c2-cbce-4d32-ac2d-5d7efcc7e61b:c9, 608419ff-9e1e-46ed-b668-4d330b5fd69a:c10]
2019-09-11 12:47:09,269 [java.util.concurrent.ThreadPoolExecutor$Worker@609f90f[State = -1, empty queue]] WARN  server.GrpcLogAppender (GrpcLogAppender.java:timeoutAppendRequest(200)) - 608419ff-9e1e-46ed-b668-4d330b5fd69a@group-791F85AA1D09->5a49129c-fcc1-4df1-b4f9-e84c17474790-GrpcLogAppender: appendEntries Timeout, request=608419ff-9e1e-46ed-b668-4d330b5fd69a->5a49129c-fcc1-4df1-b4f9-e84c17474790#127-t1, previous=(t:1, i:16), leaderCommit=10, initializing? false, entries: <empty>
2019-09-11 12:47:09,269 [java.util.concurrent.ThreadPoolExecutor$Worker@4a186632[State = -1, empty queue]] WARN  server.GrpcLogAppender (GrpcLogAppender.java:timeoutAppendRequest(200)) - 608419ff-9e1e-46ed-b668-4d330b5fd69a@group-791F85AA1D09->a355c4c2-cbce-4d32-ac2d-5d7efcc7e61b-GrpcLogAppender: appendEntries Timeout, request=608419ff-9e1e-46ed-b668-4d330b5fd69a->a355c4c2-cbce-4d32-ac2d-5d7efcc7e61b#127-t1, previous=(t:1, i:16), leaderCommit=10, initializing? false, entries: <empty>
2019-09-11 12:47:11,770 [java.util.concurrent.ThreadPoolExecutor$Worker@609f90f[State = -1, empty queue]] WARN  server.GrpcLogAppender (GrpcLogAppender.java:timeoutAppendRequest(200)) - 608419ff-9e1e-46ed-b668-4d330b5fd69a@group-791F85AA1D09->5a49129c-fcc1-4df1-b4f9-e84c17474790-GrpcLogAppender: appendEntries Timeout, request=608419ff-9e1e-46ed-b668-4d330b5fd69a->5a49129c-fcc1-4df1-b4f9-e84c17474790#128-t1, previous=(t:1, i:16), leaderCommit=10, initializing? false, entries: <empty>
2019-09-11 12:47:11,770 [java.util.concurrent.ThreadPoolExecutor$Worker@4a186632[State = -1, empty queue]] WARN  server.GrpcLogAppender (GrpcLogAppender.java:timeoutAppendRequest(200)) - 608419ff-9e1e-46ed-b668-4d330b5fd69a@group-791F85AA1D09->a355c4c2-cbce-4d32-ac2d-5d7efcc7e61b-GrpcLogAppender: appendEntries Timeout, request=608419ff-9e1e-46ed-b668-4d330b5fd69a->a355c4c2-cbce-4d32-ac2d-5d7efcc7e61b#128-t1, previous=(t:1, i:16), leaderCommit=10, initializing? false, entries: <empty>
2019-09-11 12:47:11,957 [grpc-default-executor-6] INFO  client.GrpcClientProtocolClient (GrpcClientProtocolClient.java:onNext(264)) - client-D34D2F077373->5a49129c-fcc1-4df1-b4f9-e84c17474790: receive RaftClientReply:client-D34D2F077373->5a49129c-fcc1-4df1-b4f9-e84c17474790@group-791F85AA1D09, cid=142, FAILED org.apache.ratis.protocol.NotLeaderException: Server 5a49129c-fcc1-4df1-b4f9-e84c17474790@group-791F85AA1D09 is not the leader 608419ff-9e1e-46ed-b668-4d330b5fd69a:192.168.69.81:34716, logIndex=0, commits[5a49129c-fcc1-4df1-b4f9-e84c17474790:c10, a355c4c2-cbce-4d32-ac2d-5d7efcc7e61b:c9, 608419ff-9e1e-46ed-b668-4d330b5fd69a:c10]
2019-09-11 12:47:14,270 [java.util.concurrent.ThreadPoolExecutor$Worker@609f90f[State = -1, empty queue]] WARN  server.GrpcLogAppender (GrpcLogAppender.java:timeoutAppendRequest(200)) - 608419ff-9e1e-46ed-b668-4d330b5fd69a@group-791F85AA1D09->5a49129c-fcc1-4df1-b4f9-e84c17474790-GrpcLogAppender: appendEntries Timeout, request=608419ff-9e1e-46ed-b668-4d330b5fd69a->5a49129c-fcc1-4df1-b4f9-e84c17474790#129-t1, previous=(t:1, i:16), leaderCommit=10, initializing? false, entries: <empty>
2019-09-11 12:47:14,270 [java.util.concurrent.ThreadPoolExecutor$Worker@4a186632[State = -1, empty queue]] WARN  server.GrpcLogAppender (GrpcLogAppender.java:timeoutAppendRequest(200)) - 608419ff-9e1e-46ed-b668-4d330b5fd69a@group-791F85AA1D09->a355c4c2-cbce-4d32-ac2d-5d7efcc7e61b-GrpcLogAppender: appendEntries Timeout, request=608419ff-9e1e-46ed-b668-4d330b5fd69a->a355c4c2-cbce-4d32-ac2d-5d7efcc7e61b#129-t1, previous=(t:1, i:16), leaderCommit=10, initializing? false, entries: <empty>
2019-09-11 12:47:16,251 [a355c4c2-cbce-4d32-ac2d-5d7efcc7e61b@group-791F85AA1D09-SegmentedRaftLogWorker] WARN  segmented.SegmentedRaftLogWorker (SegmentedRaftLogWorker.java:getFromFuture(90)) - Timeout 9/~
org.apache.ratis.protocol.TimeoutIOException: Timeout 10s: WriteLog:11: (t:1, i:11), STATEMACHINELOGENTRY, client-D34D2F077373, cid=142-writeStateMachineData
	at org.apache.ratis.util.IOUtils.getFromFuture(IOUtils.java:87)
	at org.apache.ratis.server.raftlog.segmented.SegmentedRaftLogWorker$StateMachineDataPolicy.getFromFuture(SegmentedRaftLogWorker.java:87)
	at org.apache.ratis.server.raftlog.segmented.SegmentedRaftLogWorker$WriteLog.execute(SegmentedRaftLogWorker.java:477)
	at org.apache.ratis.server.raftlog.segmented.SegmentedRaftLogWorker.run(SegmentedRaftLogWorker.java:289)
	at java.lang.Thread.run(Thread.java:748)
Caused by: java.util.concurrent.TimeoutException
	at java.util.concurrent.CompletableFuture.timedGet(CompletableFuture.java:1771)
	at java.util.concurrent.CompletableFuture.get(CompletableFuture.java:1915)
	at org.apache.ratis.util.IOUtils.getFromFuture(IOUtils.java:79)
	... 4 more
2019-09-11 12:47:16,268 [5a49129c-fcc1-4df1-b4f9-e84c17474790@group-791F85AA1D09-SegmentedRaftLogWorker] WARN  segmented.SegmentedRaftLogWorker (SegmentedRaftLogWorker.java:getFromFuture(90)) - Timeout 9/~
org.apache.ratis.protocol.TimeoutIOException: Timeout 10s: WriteLog:11: (t:1, i:11), STATEMACHINELOGENTRY, client-D34D2F077373, cid=142-writeStateMachineData
	at org.apache.ratis.util.IOUtils.getFromFuture(IOUtils.java:87)
	at org.apache.ratis.server.raftlog.segmented.SegmentedRaftLogWorker$StateMachineDataPolicy.getFromFuture(SegmentedRaftLogWorker.java:87)
	at org.apache.ratis.server.raftlog.segmented.SegmentedRaftLogWorker$WriteLog.execute(SegmentedRaftLogWorker.java:477)
	at org.apache.ratis.server.raftlog.segmented.SegmentedRaftLogWorker.run(SegmentedRaftLogWorker.java:289)
	at java.lang.Thread.run(Thread.java:748)
Caused by: java.util.concurrent.TimeoutException
	at java.util.concurrent.CompletableFuture.timedGet(CompletableFuture.java:1771)
	at java.util.concurrent.CompletableFuture.get(CompletableFuture.java:1915)
	at org.apache.ratis.util.IOUtils.getFromFuture(IOUtils.java:79)
	... 4 more
2019-09-11 12:47:16,408 [608419ff-9e1e-46ed-b668-4d330b5fd69a@group-791F85AA1D09-SegmentedRaftLogWorker] WARN  segmented.SegmentedRaftLogWorker (SegmentedRaftLogWorker.java:getFromFuture(90)) - Timeout 9/~
org.apache.ratis.protocol.TimeoutIOException: Timeout 10s: WriteLog:12: (t:1, i:12), STATEMACHINELOGENTRY, client-D34D2F077373, cid=143-writeStateMachineData
	at org.apache.ratis.util.IOUtils.getFromFuture(IOUtils.java:87)
	at org.apache.ratis.server.raftlog.segmented.SegmentedRaftLogWorker$StateMachineDataPolicy.getFromFuture(SegmentedRaftLogWorker.java:87)
	at org.apache.ratis.server.raftlog.segmented.SegmentedRaftLogWorker$WriteLog.execute(SegmentedRaftLogWorker.java:477)
	at org.apache.ratis.server.raftlog.segmented.SegmentedRaftLogWorker.run(SegmentedRaftLogWorker.java:289)
	at java.lang.Thread.run(Thread.java:748)
Caused by: java.util.concurrent.TimeoutException
	at java.util.concurrent.CompletableFuture.timedGet(CompletableFuture.java:1771)
	at java.util.concurrent.CompletableFuture.get(CompletableFuture.java:1915)
	at org.apache.ratis.util.IOUtils.getFromFuture(IOUtils.java:79)
	... 4 more
2019-09-11 12:47:16,771 [java.util.concurrent.ThreadPoolExecutor$Worker@609f90f[State = -1, empty queue]] WARN  server.GrpcLogAppender (GrpcLogAppender.java:timeoutAppendRequest(200)) - 608419ff-9e1e-46ed-b668-4d330b5fd69a@group-791F85AA1D09->5a49129c-fcc1-4df1-b4f9-e84c17474790-GrpcLogAppender: appendEntries Timeout, request=608419ff-9e1e-46ed-b668-4d330b5fd69a->5a49129c-fcc1-4df1-b4f9-e84c17474790#130-t1, previous=(t:1, i:16), leaderCommit=10, initializing? false, entries: <empty>
2019-09-11 12:47:16,771 [java.util.concurrent.ThreadPoolExecutor$Worker@4a186632[State = -1, empty queue]] WARN  server.GrpcLogAppender (GrpcLogAppender.java:timeoutAppendRequest(200)) - 608419ff-9e1e-46ed-b668-4d330b5fd69a@group-791F85AA1D09->a355c4c2-cbce-4d32-ac2d-5d7efcc7e61b-GrpcLogAppender: appendEntries Timeout, request=608419ff-9e1e-46ed-b668-4d330b5fd69a->a355c4c2-cbce-4d32-ac2d-5d7efcc7e61b#130-t1, previous=(t:1, i:16), leaderCommit=10, initializing? false, entries: <empty>
2019-09-11 12:47:16,993 [grpc-default-executor-4] INFO  client.GrpcClientProtocolClient (GrpcClientProtocolClient.java:onNext(264)) - client-D34D2F077373->5a49129c-fcc1-4df1-b4f9-e84c17474790: receive RaftClientReply:client-D34D2F077373->5a49129c-fcc1-4df1-b4f9-e84c17474790@group-791F85AA1D09, cid=142, FAILED org.apache.ratis.protocol.NotLeaderException: Server 5a49129c-fcc1-4df1-b4f9-e84c17474790@group-791F85AA1D09 is not the leader 608419ff-9e1e-46ed-b668-4d330b5fd69a:192.168.69.81:34716, logIndex=0, commits[5a49129c-fcc1-4df1-b4f9-e84c17474790:c10, a355c4c2-cbce-4d32-ac2d-5d7efcc7e61b:c9, 608419ff-9e1e-46ed-b668-4d330b5fd69a:c10]
2019-09-11 12:47:19,271 [java.util.concurrent.ThreadPoolExecutor$Worker@609f90f[State = -1, empty queue]] WARN  server.GrpcLogAppender (GrpcLogAppender.java:timeoutAppendRequest(200)) - 608419ff-9e1e-46ed-b668-4d330b5fd69a@group-791F85AA1D09->5a49129c-fcc1-4df1-b4f9-e84c17474790-GrpcLogAppender: appendEntries Timeout, request=608419ff-9e1e-46ed-b668-4d330b5fd69a->5a49129c-fcc1-4df1-b4f9-e84c17474790#131-t1, previous=(t:1, i:16), leaderCommit=10, initializing? false, entries: <empty>
2019-09-11 12:47:19,271 [java.util.concurrent.ThreadPoolExecutor$Worker@4a186632[State = -1, empty queue]] WARN  server.GrpcLogAppender (GrpcLogAppender.java:timeoutAppendRequest(200)) - 608419ff-9e1e-46ed-b668-4d330b5fd69a@group-791F85AA1D09->a355c4c2-cbce-4d32-ac2d-5d7efcc7e61b-GrpcLogAppender: appendEntries Timeout, request=608419ff-9e1e-46ed-b668-4d330b5fd69a->a355c4c2-cbce-4d32-ac2d-5d7efcc7e61b#131-t1, previous=(t:1, i:16), leaderCommit=10, initializing? false, entries: <empty>
2019-09-11 12:47:21,772 [java.util.concurrent.ThreadPoolExecutor$Worker@609f90f[State = -1, empty queue]] WARN  server.GrpcLogAppender (GrpcLogAppender.java:timeoutAppendRequest(200)) - 608419ff-9e1e-46ed-b668-4d330b5fd69a@group-791F85AA1D09->5a49129c-fcc1-4df1-b4f9-e84c17474790-GrpcLogAppender: appendEntries Timeout, request=608419ff-9e1e-46ed-b668-4d330b5fd69a->5a49129c-fcc1-4df1-b4f9-e84c17474790#132-t1, previous=(t:1, i:16), leaderCommit=10, initializing? false, entries: <empty>
2019-09-11 12:47:21,772 [java.util.concurrent.ThreadPoolExecutor$Worker@4a186632[State = -1, empty queue]] WARN  server.GrpcLogAppender (GrpcLogAppender.java:timeoutAppendRequest(200)) - 608419ff-9e1e-46ed-b668-4d330b5fd69a@group-791F85AA1D09->a355c4c2-cbce-4d32-ac2d-5d7efcc7e61b-GrpcLogAppender: appendEntries Timeout, request=608419ff-9e1e-46ed-b668-4d330b5fd69a->a355c4c2-cbce-4d32-ac2d-5d7efcc7e61b#132-t1, previous=(t:1, i:16), leaderCommit=10, initializing? false, entries: <empty>
2019-09-11 12:47:22,023 [grpc-default-executor-7] INFO  client.GrpcClientProtocolClient (GrpcClientProtocolClient.java:onNext(264)) - client-D34D2F077373->5a49129c-fcc1-4df1-b4f9-e84c17474790: receive RaftClientReply:client-D34D2F077373->5a49129c-fcc1-4df1-b4f9-e84c17474790@group-791F85AA1D09, cid=142, FAILED org.apache.ratis.protocol.NotLeaderException: Server 5a49129c-fcc1-4df1-b4f9-e84c17474790@group-791F85AA1D09 is not the leader 608419ff-9e1e-46ed-b668-4d330b5fd69a:192.168.69.81:34716, logIndex=0, commits[5a49129c-fcc1-4df1-b4f9-e84c17474790:c10, a355c4c2-cbce-4d32-ac2d-5d7efcc7e61b:c9, 608419ff-9e1e-46ed-b668-4d330b5fd69a:c10]
2019-09-11 12:47:24,272 [java.util.concurrent.ThreadPoolExecutor$Worker@4a186632[State = -1, empty queue]] WARN  server.GrpcLogAppender (GrpcLogAppender.java:timeoutAppendRequest(200)) - 608419ff-9e1e-46ed-b668-4d330b5fd69a@group-791F85AA1D09->a355c4c2-cbce-4d32-ac2d-5d7efcc7e61b-GrpcLogAppender: appendEntries Timeout, request=608419ff-9e1e-46ed-b668-4d330b5fd69a->a355c4c2-cbce-4d32-ac2d-5d7efcc7e61b#133-t1, previous=(t:1, i:16), leaderCommit=10, initializing? false, entries: <empty>
2019-09-11 12:47:24,272 [java.util.concurrent.ThreadPoolExecutor$Worker@609f90f[State = -1, empty queue]] WARN  server.GrpcLogAppender (GrpcLogAppender.java:timeoutAppendRequest(200)) - 608419ff-9e1e-46ed-b668-4d330b5fd69a@group-791F85AA1D09->5a49129c-fcc1-4df1-b4f9-e84c17474790-GrpcLogAppender: appendEntries Timeout, request=608419ff-9e1e-46ed-b668-4d330b5fd69a->5a49129c-fcc1-4df1-b4f9-e84c17474790#133-t1, previous=(t:1, i:16), leaderCommit=10, initializing? false, entries: <empty>
2019-09-11 12:47:26,253 [a355c4c2-cbce-4d32-ac2d-5d7efcc7e61b@group-791F85AA1D09-SegmentedRaftLogWorker] WARN  segmented.SegmentedRaftLogWorker (SegmentedRaftLogWorker.java:getFromFuture(90)) - Timeout 10/~
org.apache.ratis.protocol.TimeoutIOException: Timeout 10s: WriteLog:11: (t:1, i:11), STATEMACHINELOGENTRY, client-D34D2F077373, cid=142-writeStateMachineData
	at org.apache.ratis.util.IOUtils.getFromFuture(IOUtils.java:87)
	at org.apache.ratis.server.raftlog.segmented.SegmentedRaftLogWorker$StateMachineDataPolicy.getFromFuture(SegmentedRaftLogWorker.java:87)
	at org.apache.ratis.server.raftlog.segmented.SegmentedRaftLogWorker$WriteLog.execute(SegmentedRaftLogWorker.java:477)
	at org.apache.ratis.server.raftlog.segmented.SegmentedRaftLogWorker.run(SegmentedRaftLogWorker.java:289)
	at java.lang.Thread.run(Thread.java:748)
Caused by: java.util.concurrent.TimeoutException
	at java.util.concurrent.CompletableFuture.timedGet(CompletableFuture.java:1771)
	at java.util.concurrent.CompletableFuture.get(CompletableFuture.java:1915)
	at org.apache.ratis.util.IOUtils.getFromFuture(IOUtils.java:79)
	... 4 more
2019-09-11 12:47:26,268 [5a49129c-fcc1-4df1-b4f9-e84c17474790@group-791F85AA1D09-SegmentedRaftLogWorker] WARN  segmented.SegmentedRaftLogWorker (SegmentedRaftLogWorker.java:getFromFuture(90)) - Timeout 10/~
org.apache.ratis.protocol.TimeoutIOException: Timeout 10s: WriteLog:11: (t:1, i:11), STATEMACHINELOGENTRY, client-D34D2F077373, cid=142-writeStateMachineData
	at org.apache.ratis.util.IOUtils.getFromFuture(IOUtils.java:87)
	at org.apache.ratis.server.raftlog.segmented.SegmentedRaftLogWorker$StateMachineDataPolicy.getFromFuture(SegmentedRaftLogWorker.java:87)
	at org.apache.ratis.server.raftlog.segmented.SegmentedRaftLogWorker$WriteLog.execute(SegmentedRaftLogWorker.java:477)
	at org.apache.ratis.server.raftlog.segmented.SegmentedRaftLogWorker.run(SegmentedRaftLogWorker.java:289)
	at java.lang.Thread.run(Thread.java:748)
Caused by: java.util.concurrent.TimeoutException
	at java.util.concurrent.CompletableFuture.timedGet(CompletableFuture.java:1771)
	at java.util.concurrent.CompletableFuture.get(CompletableFuture.java:1915)
	at org.apache.ratis.util.IOUtils.getFromFuture(IOUtils.java:79)
	... 4 more
2019-09-11 12:47:26,409 [608419ff-9e1e-46ed-b668-4d330b5fd69a@group-791F85AA1D09-SegmentedRaftLogWorker] WARN  segmented.SegmentedRaftLogWorker (SegmentedRaftLogWorker.java:getFromFuture(90)) - Timeout 10/~
org.apache.ratis.protocol.TimeoutIOException: Timeout 10s: WriteLog:12: (t:1, i:12), STATEMACHINELOGENTRY, client-D34D2F077373, cid=143-writeStateMachineData
	at org.apache.ratis.util.IOUtils.getFromFuture(IOUtils.java:87)
	at org.apache.ratis.server.raftlog.segmented.SegmentedRaftLogWorker$StateMachineDataPolicy.getFromFuture(SegmentedRaftLogWorker.java:87)
	at org.apache.ratis.server.raftlog.segmented.SegmentedRaftLogWorker$WriteLog.execute(SegmentedRaftLogWorker.java:477)
	at org.apache.ratis.server.raftlog.segmented.SegmentedRaftLogWorker.run(SegmentedRaftLogWorker.java:289)
	at java.lang.Thread.run(Thread.java:748)
Caused by: java.util.concurrent.TimeoutException
	at java.util.concurrent.CompletableFuture.timedGet(CompletableFuture.java:1771)
	at java.util.concurrent.CompletableFuture.get(CompletableFuture.java:1915)
	at org.apache.ratis.util.IOUtils.getFromFuture(IOUtils.java:79)
	... 4 more
2019-09-11 12:47:26,773 [java.util.concurrent.ThreadPoolExecutor$Worker@609f90f[State = -1, empty queue]] WARN  server.GrpcLogAppender (GrpcLogAppender.java:timeoutAppendRequest(200)) - 608419ff-9e1e-46ed-b668-4d330b5fd69a@group-791F85AA1D09->5a49129c-fcc1-4df1-b4f9-e84c17474790-GrpcLogAppender: appendEntries Timeout, request=608419ff-9e1e-46ed-b668-4d330b5fd69a->5a49129c-fcc1-4df1-b4f9-e84c17474790#134-t1, previous=(t:1, i:16), leaderCommit=10, initializing? false, entries: <empty>
2019-09-11 12:47:26,773 [java.util.concurrent.ThreadPoolExecutor$Worker@4a186632[State = -1, empty queue]] WARN  server.GrpcLogAppender (GrpcLogAppender.java:timeoutAppendRequest(200)) - 608419ff-9e1e-46ed-b668-4d330b5fd69a@group-791F85AA1D09->a355c4c2-cbce-4d32-ac2d-5d7efcc7e61b-GrpcLogAppender: appendEntries Timeout, request=608419ff-9e1e-46ed-b668-4d330b5fd69a->a355c4c2-cbce-4d32-ac2d-5d7efcc7e61b#134-t1, previous=(t:1, i:16), leaderCommit=10, initializing? false, entries: <empty>
2019-09-11 12:47:27,069 [grpc-default-executor-6] INFO  client.GrpcClientProtocolClient (GrpcClientProtocolClient.java:onNext(264)) - client-D34D2F077373->5a49129c-fcc1-4df1-b4f9-e84c17474790: receive RaftClientReply:client-D34D2F077373->5a49129c-fcc1-4df1-b4f9-e84c17474790@group-791F85AA1D09, cid=142, FAILED org.apache.ratis.protocol.NotLeaderException: Server 5a49129c-fcc1-4df1-b4f9-e84c17474790@group-791F85AA1D09 is not the leader 608419ff-9e1e-46ed-b668-4d330b5fd69a:192.168.69.81:34716, logIndex=0, commits[5a49129c-fcc1-4df1-b4f9-e84c17474790:c10, a355c4c2-cbce-4d32-ac2d-5d7efcc7e61b:c9, 608419ff-9e1e-46ed-b668-4d330b5fd69a:c10]
2019-09-11 12:47:29,274 [java.util.concurrent.ThreadPoolExecutor$Worker@4a186632[State = -1, empty queue]] WARN  server.GrpcLogAppender (GrpcLogAppender.java:timeoutAppendRequest(200)) - 608419ff-9e1e-46ed-b668-4d330b5fd69a@group-791F85AA1D09->a355c4c2-cbce-4d32-ac2d-5d7efcc7e61b-GrpcLogAppender: appendEntries Timeout, request=608419ff-9e1e-46ed-b668-4d330b5fd69a->a355c4c2-cbce-4d32-ac2d-5d7efcc7e61b#135-t1, previous=(t:1, i:16), leaderCommit=10, initializing? false, entries: <empty>
2019-09-11 12:47:29,274 [java.util.concurrent.ThreadPoolExecutor$Worker@609f90f[State = -1, empty queue]] WARN  server.GrpcLogAppender (GrpcLogAppender.java:timeoutAppendRequest(200)) - 608419ff-9e1e-46ed-b668-4d330b5fd69a@group-791F85AA1D09->5a49129c-fcc1-4df1-b4f9-e84c17474790-GrpcLogAppender: appendEntries Timeout, request=608419ff-9e1e-46ed-b668-4d330b5fd69a->5a49129c-fcc1-4df1-b4f9-e84c17474790#135-t1, previous=(t:1, i:16), leaderCommit=10, initializing? false, entries: <empty>
2019-09-11 12:47:31,775 [java.util.concurrent.ThreadPoolExecutor$Worker@4a186632[State = -1, empty queue]] WARN  server.GrpcLogAppender (GrpcLogAppender.java:timeoutAppendRequest(200)) - 608419ff-9e1e-46ed-b668-4d330b5fd69a@group-791F85AA1D09->a355c4c2-cbce-4d32-ac2d-5d7efcc7e61b-GrpcLogAppender: appendEntries Timeout, request=608419ff-9e1e-46ed-b668-4d330b5fd69a->a355c4c2-cbce-4d32-ac2d-5d7efcc7e61b#136-t1, previous=(t:1, i:16), leaderCommit=10, initializing? false, entries: <empty>
2019-09-11 12:47:31,775 [java.util.concurrent.ThreadPoolExecutor$Worker@609f90f[State = -1, empty queue]] WARN  server.GrpcLogAppender (GrpcLogAppender.java:timeoutAppendRequest(200)) - 608419ff-9e1e-46ed-b668-4d330b5fd69a@group-791F85AA1D09->5a49129c-fcc1-4df1-b4f9-e84c17474790-GrpcLogAppender: appendEntries Timeout, request=608419ff-9e1e-46ed-b668-4d330b5fd69a->5a49129c-fcc1-4df1-b4f9-e84c17474790#136-t1, previous=(t:1, i:16), leaderCommit=10, initializing? false, entries: <empty>
2019-09-11 12:47:32,114 [grpc-default-executor-6] INFO  client.GrpcClientProtocolClient (GrpcClientProtocolClient.java:onNext(264)) - client-D34D2F077373->a355c4c2-cbce-4d32-ac2d-5d7efcc7e61b: receive RaftClientReply:client-D34D2F077373->a355c4c2-cbce-4d32-ac2d-5d7efcc7e61b@group-791F85AA1D09, cid=142, FAILED org.apache.ratis.protocol.NotLeaderException: Server a355c4c2-cbce-4d32-ac2d-5d7efcc7e61b@group-791F85AA1D09 is not the leader 608419ff-9e1e-46ed-b668-4d330b5fd69a:192.168.69.81:34716, logIndex=0, commits[a355c4c2-cbce-4d32-ac2d-5d7efcc7e61b:c10, 608419ff-9e1e-46ed-b668-4d330b5fd69a:c10, 5a49129c-fcc1-4df1-b4f9-e84c17474790:c9]
2019-09-11 12:47:34,275 [java.util.concurrent.ThreadPoolExecutor$Worker@609f90f[State = -1, empty queue]] WARN  server.GrpcLogAppender (GrpcLogAppender.java:timeoutAppendRequest(200)) - 608419ff-9e1e-46ed-b668-4d330b5fd69a@group-791F85AA1D09->5a49129c-fcc1-4df1-b4f9-e84c17474790-GrpcLogAppender: appendEntries Timeout, request=608419ff-9e1e-46ed-b668-4d330b5fd69a->5a49129c-fcc1-4df1-b4f9-e84c17474790#137-t1, previous=(t:1, i:16), leaderCommit=10, initializing? false, entries: <empty>
2019-09-11 12:47:34,275 [java.util.concurrent.ThreadPoolExecutor$Worker@4a186632[State = -1, empty queue]] WARN  server.GrpcLogAppender (GrpcLogAppender.java:timeoutAppendRequest(200)) - 608419ff-9e1e-46ed-b668-4d330b5fd69a@group-791F85AA1D09->a355c4c2-cbce-4d32-ac2d-5d7efcc7e61b-GrpcLogAppender: appendEntries Timeout, request=608419ff-9e1e-46ed-b668-4d330b5fd69a->a355c4c2-cbce-4d32-ac2d-5d7efcc7e61b#137-t1, previous=(t:1, i:16), leaderCommit=10, initializing? false, entries: <empty>
2019-09-11 12:47:36,254 [a355c4c2-cbce-4d32-ac2d-5d7efcc7e61b@group-791F85AA1D09-SegmentedRaftLogWorker] WARN  segmented.SegmentedRaftLogWorker (SegmentedRaftLogWorker.java:getFromFuture(90)) - Timeout 11/~
org.apache.ratis.protocol.TimeoutIOException: Timeout 10s: WriteLog:11: (t:1, i:11), STATEMACHINELOGENTRY, client-D34D2F077373, cid=142-writeStateMachineData
	at org.apache.ratis.util.IOUtils.getFromFuture(IOUtils.java:87)
	at org.apache.ratis.server.raftlog.segmented.SegmentedRaftLogWorker$StateMachineDataPolicy.getFromFuture(SegmentedRaftLogWorker.java:87)
	at org.apache.ratis.server.raftlog.segmented.SegmentedRaftLogWorker$WriteLog.execute(SegmentedRaftLogWorker.java:477)
	at org.apache.ratis.server.raftlog.segmented.SegmentedRaftLogWorker.run(SegmentedRaftLogWorker.java:289)
	at java.lang.Thread.run(Thread.java:748)
Caused by: java.util.concurrent.TimeoutException
	at java.util.concurrent.CompletableFuture.timedGet(CompletableFuture.java:1771)
	at java.util.concurrent.CompletableFuture.get(CompletableFuture.java:1915)
	at org.apache.ratis.util.IOUtils.getFromFuture(IOUtils.java:79)
	... 4 more
2019-09-11 12:47:36,269 [5a49129c-fcc1-4df1-b4f9-e84c17474790@group-791F85AA1D09-SegmentedRaftLogWorker] WARN  segmented.SegmentedRaftLogWorker (SegmentedRaftLogWorker.java:getFromFuture(90)) - Timeout 11/~
org.apache.ratis.protocol.TimeoutIOException: Timeout 10s: WriteLog:11: (t:1, i:11), STATEMACHINELOGENTRY, client-D34D2F077373, cid=142-writeStateMachineData
	at org.apache.ratis.util.IOUtils.getFromFuture(IOUtils.java:87)
	at org.apache.ratis.server.raftlog.segmented.SegmentedRaftLogWorker$StateMachineDataPolicy.getFromFuture(SegmentedRaftLogWorker.java:87)
	at org.apache.ratis.server.raftlog.segmented.SegmentedRaftLogWorker$WriteLog.execute(SegmentedRaftLogWorker.java:477)
	at org.apache.ratis.server.raftlog.segmented.SegmentedRaftLogWorker.run(SegmentedRaftLogWorker.java:289)
	at java.lang.Thread.run(Thread.java:748)
Caused by: java.util.concurrent.TimeoutException
	at java.util.concurrent.CompletableFuture.timedGet(CompletableFuture.java:1771)
	at java.util.concurrent.CompletableFuture.get(CompletableFuture.java:1915)
	at org.apache.ratis.util.IOUtils.getFromFuture(IOUtils.java:79)
	... 4 more
2019-09-11 12:47:36,276 [org.apache.ratis.server.impl.LogAppender$AppenderDaemon$$Lambda$485/1842952795@216c616e] ERROR ratis.XceiverServerRatis (XceiverServerRatis.java:triggerPipelineClose(568)) - pipeline Action CLOSE  on pipeline PipelineID=4225135a-f45b-446d-abd4-791f85aa1d09.Reason : 608419ff-9e1e-46ed-b668-4d330b5fd69a has not seen follower/s a355c4c2-cbce-4d32-ac2d-5d7efcc7e61b for 120284ms 5a49129c-fcc1-4df1-b4f9-e84c17474790 for 120283ms
2019-09-11 12:47:36,276 [org.apache.ratis.server.impl.LogAppender$AppenderDaemon$$Lambda$485/1842952795@66a73b40] ERROR ratis.XceiverServerRatis (XceiverServerRatis.java:triggerPipelineClose(568)) - pipeline Action CLOSE  on pipeline PipelineID=4225135a-f45b-446d-abd4-791f85aa1d09.Reason : 608419ff-9e1e-46ed-b668-4d330b5fd69a has not seen follower/s a355c4c2-cbce-4d32-ac2d-5d7efcc7e61b for 120284ms 5a49129c-fcc1-4df1-b4f9-e84c17474790 for 120283ms
2019-09-11 12:47:36,410 [608419ff-9e1e-46ed-b668-4d330b5fd69a@group-791F85AA1D09-SegmentedRaftLogWorker] WARN  segmented.SegmentedRaftLogWorker (SegmentedRaftLogWorker.java:getFromFuture(90)) - Timeout 11/~
org.apache.ratis.protocol.TimeoutIOException: Timeout 10s: WriteLog:12: (t:1, i:12), STATEMACHINELOGENTRY, client-D34D2F077373, cid=143-writeStateMachineData
	at org.apache.ratis.util.IOUtils.getFromFuture(IOUtils.java:87)
	at org.apache.ratis.server.raftlog.segmented.SegmentedRaftLogWorker$StateMachineDataPolicy.getFromFuture(SegmentedRaftLogWorker.java:87)
	at org.apache.ratis.server.raftlog.segmented.SegmentedRaftLogWorker$WriteLog.execute(SegmentedRaftLogWorker.java:477)
	at org.apache.ratis.server.raftlog.segmented.SegmentedRaftLogWorker.run(SegmentedRaftLogWorker.java:289)
	at java.lang.Thread.run(Thread.java:748)
Caused by: java.util.concurrent.TimeoutException
	at java.util.concurrent.CompletableFuture.timedGet(CompletableFuture.java:1771)
	at java.util.concurrent.CompletableFuture.get(CompletableFuture.java:1915)
	at org.apache.ratis.util.IOUtils.getFromFuture(IOUtils.java:79)
	... 4 more
2019-09-11 12:47:36,491 [EventQueue-PipelineActionsForPipelineActionHandler] ERROR pipeline.PipelineActionHandler (PipelineActionHandler.java:onMessage(60)) - Received pipeline action CLOSE for Pipeline[ Id: 4225135a-f45b-446d-abd4-791f85aa1d09, Nodes: a355c4c2-cbce-4d32-ac2d-5d7efcc7e61b{ip: 192.168.69.81, host: pr-hdds-2109-6lgm5-4208394744, networkLocation: /default-rack, certSerialId: null}608419ff-9e1e-46ed-b668-4d330b5fd69a{ip: 192.168.69.81, host: pr-hdds-2109-6lgm5-4208394744, networkLocation: /default-rack, certSerialId: null}5a49129c-fcc1-4df1-b4f9-e84c17474790{ip: 192.168.69.81, host: pr-hdds-2109-6lgm5-4208394744, networkLocation: /default-rack, certSerialId: null}, Type:RATIS, Factor:THREE, State:OPEN] from datanode 608419ff-9e1e-46ed-b668-4d330b5fd69a{ip: 192.168.69.81, host: pr-hdds-2109-6lgm5-4208394744, networkLocation: /default-rack, certSerialId: null}. Reason : 608419ff-9e1e-46ed-b668-4d330b5fd69a has not seen follower/s a355c4c2-cbce-4d32-ac2d-5d7efcc7e61b for 120284ms 5a49129c-fcc1-4df1-b4f9-e84c17474790 for 120283ms
2019-09-11 12:47:36,492 [EventQueue-PipelineActionsForPipelineActionHandler] INFO  pipeline.SCMPipelineManager (SCMPipelineManager.java:finalizeAndDestroyPipeline(311)) - destroying pipeline:Pipeline[ Id: 4225135a-f45b-446d-abd4-791f85aa1d09, Nodes: a355c4c2-cbce-4d32-ac2d-5d7efcc7e61b{ip: 192.168.69.81, host: pr-hdds-2109-6lgm5-4208394744, networkLocation: /default-rack, certSerialId: null}608419ff-9e1e-46ed-b668-4d330b5fd69a{ip: 192.168.69.81, host: pr-hdds-2109-6lgm5-4208394744, networkLocation: /default-rack, certSerialId: null}5a49129c-fcc1-4df1-b4f9-e84c17474790{ip: 192.168.69.81, host: pr-hdds-2109-6lgm5-4208394744, networkLocation: /default-rack, certSerialId: null}, Type:RATIS, Factor:THREE, State:OPEN]
2019-09-11 12:47:36,492 [EventQueue-PipelineActionsForPipelineActionHandler] INFO  pipeline.PipelineStateManager (PipelineStateManager.java:finalizePipeline(123)) - Pipeline Pipeline[ Id: 4225135a-f45b-446d-abd4-791f85aa1d09, Nodes: a355c4c2-cbce-4d32-ac2d-5d7efcc7e61b{ip: 192.168.69.81, host: pr-hdds-2109-6lgm5-4208394744, networkLocation: /default-rack, certSerialId: null}608419ff-9e1e-46ed-b668-4d330b5fd69a{ip: 192.168.69.81, host: pr-hdds-2109-6lgm5-4208394744, networkLocation: /default-rack, certSerialId: null}5a49129c-fcc1-4df1-b4f9-e84c17474790{ip: 192.168.69.81, host: pr-hdds-2109-6lgm5-4208394744, networkLocation: /default-rack, certSerialId: null}, Type:RATIS, Factor:THREE, State:CLOSED] moved to CLOSED state
2019-09-11 12:47:36,492 [EventQueue-CloseContainerForCloseContainerEventHandler] INFO  container.CloseContainerEventHandler (CloseContainerEventHandler.java:onMessage(61)) - Close container Event triggered for container : #4
2019-09-11 12:47:36,493 [EventQueue-CloseContainerForCloseContainerEventHandler] INFO  container.CloseContainerEventHandler (CloseContainerEventHandler.java:onMessage(61)) - Close container Event triggered for container : #7
2019-09-11 12:47:36,494 [EventQueue-CloseContainerForCloseContainerEventHandler] INFO  container.CloseContainerEventHandler (CloseContainerEventHandler.java:onMessage(61)) - Close container Event triggered for container : #8
2019-09-11 12:47:36,775 [java.util.concurrent.ThreadPoolExecutor$Worker@609f90f[State = -1, empty queue]] WARN  server.GrpcLogAppender (GrpcLogAppender.java:timeoutAppendRequest(200)) - 608419ff-9e1e-46ed-b668-4d330b5fd69a@group-791F85AA1D09->5a49129c-fcc1-4df1-b4f9-e84c17474790-GrpcLogAppender: appendEntries Timeout, request=608419ff-9e1e-46ed-b668-4d330b5fd69a->5a49129c-fcc1-4df1-b4f9-e84c17474790#138-t1, previous=(t:1, i:16), leaderCommit=10, initializing? false, entries: <empty>
2019-09-11 12:47:36,775 [java.util.concurrent.ThreadPoolExecutor$Worker@4a186632[State = -1, empty queue]] WARN  server.GrpcLogAppender (GrpcLogAppender.java:timeoutAppendRequest(200)) - 608419ff-9e1e-46ed-b668-4d330b5fd69a@group-791F85AA1D09->a355c4c2-cbce-4d32-ac2d-5d7efcc7e61b-GrpcLogAppender: appendEntries Timeout, request=608419ff-9e1e-46ed-b668-4d330b5fd69a->a355c4c2-cbce-4d32-ac2d-5d7efcc7e61b#138-t1, previous=(t:1, i:16), leaderCommit=10, initializing? false, entries: <empty>
2019-09-11 12:47:37,166 [grpc-default-executor-4] INFO  client.GrpcClientProtocolClient (GrpcClientProtocolClient.java:onNext(264)) - client-D34D2F077373->5a49129c-fcc1-4df1-b4f9-e84c17474790: receive RaftClientReply:client-D34D2F077373->5a49129c-fcc1-4df1-b4f9-e84c17474790@group-791F85AA1D09, cid=142, FAILED org.apache.ratis.protocol.NotLeaderException: Server 5a49129c-fcc1-4df1-b4f9-e84c17474790@group-791F85AA1D09 is not the leader 608419ff-9e1e-46ed-b668-4d330b5fd69a:192.168.69.81:34716, logIndex=0, commits[5a49129c-fcc1-4df1-b4f9-e84c17474790:c10, a355c4c2-cbce-4d32-ac2d-5d7efcc7e61b:c9, 608419ff-9e1e-46ed-b668-4d330b5fd69a:c10]
2019-09-11 12:47:38,522 [org.apache.ratis.server.impl.LogAppender$AppenderDaemon$$Lambda$485/1842952795@216c616e] ERROR ratis.XceiverServerRatis (XceiverServerRatis.java:triggerPipelineClose(568)) - pipeline Action CLOSE  on pipeline PipelineID=4225135a-f45b-446d-abd4-791f85aa1d09.Reason : 608419ff-9e1e-46ed-b668-4d330b5fd69a has not seen follower/s a355c4c2-cbce-4d32-ac2d-5d7efcc7e61b for 122530ms 5a49129c-fcc1-4df1-b4f9-e84c17474790 for 122529ms
2019-09-11 12:47:38,522 [org.apache.ratis.server.impl.LogAppender$AppenderDaemon$$Lambda$485/1842952795@66a73b40] ERROR ratis.XceiverServerRatis (XceiverServerRatis.java:triggerPipelineClose(568)) - pipeline Action CLOSE  on pipeline PipelineID=4225135a-f45b-446d-abd4-791f85aa1d09.Reason : 608419ff-9e1e-46ed-b668-4d330b5fd69a has not seen follower/s a355c4c2-cbce-4d32-ac2d-5d7efcc7e61b for 122530ms 5a49129c-fcc1-4df1-b4f9-e84c17474790 for 122529ms
2019-09-11 12:47:39,276 [java.util.concurrent.ThreadPoolExecutor$Worker@609f90f[State = -1, empty queue]] WARN  server.GrpcLogAppender (GrpcLogAppender.java:timeoutAppendRequest(200)) - 608419ff-9e1e-46ed-b668-4d330b5fd69a@group-791F85AA1D09->5a49129c-fcc1-4df1-b4f9-e84c17474790-GrpcLogAppender: appendEntries Timeout, request=608419ff-9e1e-46ed-b668-4d330b5fd69a->5a49129c-fcc1-4df1-b4f9-e84c17474790#139-t1, previous=(t:1, i:16), leaderCommit=10, initializing? false, entries: <empty>
2019-09-11 12:47:39,276 [java.util.concurrent.ThreadPoolExecutor$Worker@4a186632[State = -1, empty queue]] WARN  server.GrpcLogAppender (GrpcLogAppender.java:timeoutAppendRequest(200)) - 608419ff-9e1e-46ed-b668-4d330b5fd69a@group-791F85AA1D09->a355c4c2-cbce-4d32-ac2d-5d7efcc7e61b-GrpcLogAppender: appendEntries Timeout, request=608419ff-9e1e-46ed-b668-4d330b5fd69a->a355c4c2-cbce-4d32-ac2d-5d7efcc7e61b#139-t1, previous=(t:1, i:16), leaderCommit=10, initializing? false, entries: <empty>
2019-09-11 12:47:39,521 [EventQueue-PipelineActionsForPipelineActionHandler] ERROR pipeline.PipelineActionHandler (PipelineActionHandler.java:onMessage(60)) - Received pipeline action CLOSE for Pipeline[ Id: 4225135a-f45b-446d-abd4-791f85aa1d09, Nodes: a355c4c2-cbce-4d32-ac2d-5d7efcc7e61b{ip: 192.168.69.81, host: pr-hdds-2109-6lgm5-4208394744, networkLocation: /default-rack, certSerialId: null}608419ff-9e1e-46ed-b668-4d330b5fd69a{ip: 192.168.69.81, host: pr-hdds-2109-6lgm5-4208394744, networkLocation: /default-rack, certSerialId: null}5a49129c-fcc1-4df1-b4f9-e84c17474790{ip: 192.168.69.81, host: pr-hdds-2109-6lgm5-4208394744, networkLocation: /default-rack, certSerialId: null}, Type:RATIS, Factor:THREE, State:CLOSED] from datanode 608419ff-9e1e-46ed-b668-4d330b5fd69a{ip: 192.168.69.81, host: pr-hdds-2109-6lgm5-4208394744, networkLocation: /default-rack, certSerialId: null}. Reason : 608419ff-9e1e-46ed-b668-4d330b5fd69a has not seen follower/s a355c4c2-cbce-4d32-ac2d-5d7efcc7e61b for 122530ms 5a49129c-fcc1-4df1-b4f9-e84c17474790 for 122529ms
2019-09-11 12:47:39,521 [EventQueue-PipelineActionsForPipelineActionHandler] INFO  pipeline.SCMPipelineManager (SCMPipelineManager.java:finalizeAndDestroyPipeline(311)) - destroying pipeline:Pipeline[ Id: 4225135a-f45b-446d-abd4-791f85aa1d09, Nodes: a355c4c2-cbce-4d32-ac2d-5d7efcc7e61b{ip: 192.168.69.81, host: pr-hdds-2109-6lgm5-4208394744, networkLocation: /default-rack, certSerialId: null}608419ff-9e1e-46ed-b668-4d330b5fd69a{ip: 192.168.69.81, host: pr-hdds-2109-6lgm5-4208394744, networkLocation: /default-rack, certSerialId: null}5a49129c-fcc1-4df1-b4f9-e84c17474790{ip: 192.168.69.81, host: pr-hdds-2109-6lgm5-4208394744, networkLocation: /default-rack, certSerialId: null}, Type:RATIS, Factor:THREE, State:CLOSED]
2019-09-11 12:47:41,023 [org.apache.ratis.server.impl.LogAppender$AppenderDaemon$$Lambda$485/1842952795@66a73b40] ERROR ratis.XceiverServerRatis (XceiverServerRatis.java:triggerPipelineClose(568)) - pipeline Action CLOSE  on pipeline PipelineID=4225135a-f45b-446d-abd4-791f85aa1d09.Reason : 608419ff-9e1e-46ed-b668-4d330b5fd69a has not seen follower/s a355c4c2-cbce-4d32-ac2d-5d7efcc7e61b for 125031ms 5a49129c-fcc1-4df1-b4f9-e84c17474790 for 125031ms
2019-09-11 12:47:41,023 [org.apache.ratis.server.impl.LogAppender$AppenderDaemon$$Lambda$485/1842952795@216c616e] ERROR ratis.XceiverServerRatis (XceiverServerRatis.java:triggerPipelineClose(568)) - pipeline Action CLOSE  on pipeline PipelineID=4225135a-f45b-446d-abd4-791f85aa1d09.Reason : 608419ff-9e1e-46ed-b668-4d330b5fd69a has not seen follower/s a355c4c2-cbce-4d32-ac2d-5d7efcc7e61b for 125031ms 5a49129c-fcc1-4df1-b4f9-e84c17474790 for 125031ms
2019-09-11 12:47:41,521 [EventQueue-PipelineActionsForPipelineActionHandler] ERROR pipeline.PipelineActionHandler (PipelineActionHandler.java:onMessage(60)) - Received pipeline action CLOSE for Pipeline[ Id: 4225135a-f45b-446d-abd4-791f85aa1d09, Nodes: a355c4c2-cbce-4d32-ac2d-5d7efcc7e61b{ip: 192.168.69.81, host: pr-hdds-2109-6lgm5-4208394744, networkLocation: /default-rack, certSerialId: null}608419ff-9e1e-46ed-b668-4d330b5fd69a{ip: 192.168.69.81, host: pr-hdds-2109-6lgm5-4208394744, networkLocation: /default-rack, certSerialId: null}5a49129c-fcc1-4df1-b4f9-e84c17474790{ip: 192.168.69.81, host: pr-hdds-2109-6lgm5-4208394744, networkLocation: /default-rack, certSerialId: null}, Type:RATIS, Factor:THREE, State:CLOSED] from datanode 608419ff-9e1e-46ed-b668-4d330b5fd69a{ip: 192.168.69.81, host: pr-hdds-2109-6lgm5-4208394744, networkLocation: /default-rack, certSerialId: null}. Reason : 608419ff-9e1e-46ed-b668-4d330b5fd69a has not seen follower/s a355c4c2-cbce-4d32-ac2d-5d7efcc7e61b for 125031ms 5a49129c-fcc1-4df1-b4f9-e84c17474790 for 125031ms
2019-09-11 12:47:41,521 [EventQueue-PipelineActionsForPipelineActionHandler] INFO  pipeline.SCMPipelineManager (SCMPipelineManager.java:finalizeAndDestroyPipeline(311)) - destroying pipeline:Pipeline[ Id: 4225135a-f45b-446d-abd4-791f85aa1d09, Nodes: a355c4c2-cbce-4d32-ac2d-5d7efcc7e61b{ip: 192.168.69.81, host: pr-hdds-2109-6lgm5-4208394744, networkLocation: /default-rack, certSerialId: null}608419ff-9e1e-46ed-b668-4d330b5fd69a{ip: 192.168.69.81, host: pr-hdds-2109-6lgm5-4208394744, networkLocation: /default-rack, certSerialId: null}5a49129c-fcc1-4df1-b4f9-e84c17474790{ip: 192.168.69.81, host: pr-hdds-2109-6lgm5-4208394744, networkLocation: /default-rack, certSerialId: null}, Type:RATIS, Factor:THREE, State:CLOSED]
2019-09-11 12:47:41,522 [java.util.concurrent.ThreadPoolExecutor$Worker@609f90f[State = -1, empty queue]] WARN  server.GrpcLogAppender (GrpcLogAppender.java:timeoutAppendRequest(200)) - 608419ff-9e1e-46ed-b668-4d330b5fd69a@group-791F85AA1D09->5a49129c-fcc1-4df1-b4f9-e84c17474790-GrpcLogAppender: appendEntries Timeout, request=608419ff-9e1e-46ed-b668-4d330b5fd69a->5a49129c-fcc1-4df1-b4f9-e84c17474790#140-t1, previous=(t:1, i:16), leaderCommit=10, initializing? false, entries: size=1, first=(t:1, i:17), STATEMACHINELOGENTRY, client-D74861443070, cid=16
2019-09-11 12:47:41,522 [java.util.concurrent.ThreadPoolExecutor$Worker@4a186632[State = -1, empty queue]] WARN  server.GrpcLogAppender (GrpcLogAppender.java:timeoutAppendRequest(200)) - 608419ff-9e1e-46ed-b668-4d330b5fd69a@group-791F85AA1D09->a355c4c2-cbce-4d32-ac2d-5d7efcc7e61b-GrpcLogAppender: appendEntries Timeout, request=608419ff-9e1e-46ed-b668-4d330b5fd69a->a355c4c2-cbce-4d32-ac2d-5d7efcc7e61b#140-t1, previous=(t:1, i:16), leaderCommit=10, initializing? false, entries: size=1, first=(t:1, i:17), STATEMACHINELOGENTRY, client-D74861443070, cid=16
2019-09-11 12:47:42,211 [grpc-default-executor-7] INFO  client.GrpcClientProtocolClient (GrpcClientProtocolClient.java:onNext(264)) - client-D34D2F077373->5a49129c-fcc1-4df1-b4f9-e84c17474790: receive RaftClientReply:client-D34D2F077373->5a49129c-fcc1-4df1-b4f9-e84c17474790@group-791F85AA1D09, cid=142, FAILED org.apache.ratis.protocol.NotLeaderException: Server 5a49129c-fcc1-4df1-b4f9-e84c17474790@group-791F85AA1D09 is not the leader 608419ff-9e1e-46ed-b668-4d330b5fd69a:192.168.69.81:34716, logIndex=0, commits[5a49129c-fcc1-4df1-b4f9-e84c17474790:c10, a355c4c2-cbce-4d32-ac2d-5d7efcc7e61b:c9, 608419ff-9e1e-46ed-b668-4d330b5fd69a:c10]
2019-09-11 12:47:43,524 [org.apache.ratis.server.impl.LogAppender$AppenderDaemon$$Lambda$485/1842952795@66a73b40] ERROR ratis.XceiverServerRatis (XceiverServerRatis.java:triggerPipelineClose(568)) - pipeline Action CLOSE  on pipeline PipelineID=4225135a-f45b-446d-abd4-791f85aa1d09.Reason : 608419ff-9e1e-46ed-b668-4d330b5fd69a has not seen follower/s a355c4c2-cbce-4d32-ac2d-5d7efcc7e61b for 127532ms 5a49129c-fcc1-4df1-b4f9-e84c17474790 for 127531ms
2019-09-11 12:47:43,524 [org.apache.ratis.server.impl.LogAppender$AppenderDaemon$$Lambda$485/1842952795@216c616e] ERROR ratis.XceiverServerRatis (XceiverServerRatis.java:triggerPipelineClose(568)) - pipeline Action CLOSE  on pipeline PipelineID=4225135a-f45b-446d-abd4-791f85aa1d09.Reason : 608419ff-9e1e-46ed-b668-4d330b5fd69a has not seen follower/s a355c4c2-cbce-4d32-ac2d-5d7efcc7e61b for 127532ms 5a49129c-fcc1-4df1-b4f9-e84c17474790 for 127531ms
2019-09-11 12:47:44,023 [java.util.concurrent.ThreadPoolExecutor$Worker@4a186632[State = -1, empty queue]] WARN  server.GrpcLogAppender (GrpcLogAppender.java:timeoutAppendRequest(200)) - 608419ff-9e1e-46ed-b668-4d330b5fd69a@group-791F85AA1D09->a355c4c2-cbce-4d32-ac2d-5d7efcc7e61b-GrpcLogAppender: appendEntries Timeout, request=608419ff-9e1e-46ed-b668-4d330b5fd69a->a355c4c2-cbce-4d32-ac2d-5d7efcc7e61b#141-t1, previous=(t:1, i:17), leaderCommit=10, initializing? false, entries: <empty>
2019-09-11 12:47:44,023 [java.util.concurrent.ThreadPoolExecutor$Worker@609f90f[State = -1, empty queue]] WARN  server.GrpcLogAppender (GrpcLogAppender.java:timeoutAppendRequest(200)) - 608419ff-9e1e-46ed-b668-4d330b5fd69a@group-791F85AA1D09->5a49129c-fcc1-4df1-b4f9-e84c17474790-GrpcLogAppender: appendEntries Timeout, request=608419ff-9e1e-46ed-b668-4d330b5fd69a->5a49129c-fcc1-4df1-b4f9-e84c17474790#141-t1, previous=(t:1, i:17), leaderCommit=10, initializing? false, entries: <empty>
2019-09-11 12:47:44,521 [EventQueue-PipelineActionsForPipelineActionHandler] ERROR pipeline.PipelineActionHandler (PipelineActionHandler.java:onMessage(60)) - Received pipeline action CLOSE for Pipeline[ Id: 4225135a-f45b-446d-abd4-791f85aa1d09, Nodes: a355c4c2-cbce-4d32-ac2d-5d7efcc7e61b{ip: 192.168.69.81, host: pr-hdds-2109-6lgm5-4208394744, networkLocation: /default-rack, certSerialId: null}608419ff-9e1e-46ed-b668-4d330b5fd69a{ip: 192.168.69.81, host: pr-hdds-2109-6lgm5-4208394744, networkLocation: /default-rack, certSerialId: null}5a49129c-fcc1-4df1-b4f9-e84c17474790{ip: 192.168.69.81, host: pr-hdds-2109-6lgm5-4208394744, networkLocation: /default-rack, certSerialId: null}, Type:RATIS, Factor:THREE, State:CLOSED] from datanode 608419ff-9e1e-46ed-b668-4d330b5fd69a{ip: 192.168.69.81, host: pr-hdds-2109-6lgm5-4208394744, networkLocation: /default-rack, certSerialId: null}. Reason : 608419ff-9e1e-46ed-b668-4d330b5fd69a has not seen follower/s a355c4c2-cbce-4d32-ac2d-5d7efcc7e61b for 127532ms 5a49129c-fcc1-4df1-b4f9-e84c17474790 for 127531ms
2019-09-11 12:47:44,521 [EventQueue-PipelineActionsForPipelineActionHandler] INFO  pipeline.SCMPipelineManager (SCMPipelineManager.java:finalizeAndDestroyPipeline(311)) - destroying pipeline:Pipeline[ Id: 4225135a-f45b-446d-abd4-791f85aa1d09, Nodes: a355c4c2-cbce-4d32-ac2d-5d7efcc7e61b{ip: 192.168.69.81, host: pr-hdds-2109-6lgm5-4208394744, networkLocation: /default-rack, certSerialId: null}608419ff-9e1e-46ed-b668-4d330b5fd69a{ip: 192.168.69.81, host: pr-hdds-2109-6lgm5-4208394744, networkLocation: /default-rack, certSerialId: null}5a49129c-fcc1-4df1-b4f9-e84c17474790{ip: 192.168.69.81, host: pr-hdds-2109-6lgm5-4208394744, networkLocation: /default-rack, certSerialId: null}, Type:RATIS, Factor:THREE, State:CLOSED]
2019-09-11 12:47:46,025 [org.apache.ratis.server.impl.LogAppender$AppenderDaemon$$Lambda$485/1842952795@66a73b40] ERROR ratis.XceiverServerRatis (XceiverServerRatis.java:triggerPipelineClose(568)) - pipeline Action CLOSE  on pipeline PipelineID=4225135a-f45b-446d-abd4-791f85aa1d09.Reason : 608419ff-9e1e-46ed-b668-4d330b5fd69a has not seen follower/s a355c4c2-cbce-4d32-ac2d-5d7efcc7e61b for 130032ms 5a49129c-fcc1-4df1-b4f9-e84c17474790 for 130032ms
2019-09-11 12:47:46,025 [org.apache.ratis.server.impl.LogAppender$AppenderDaemon$$Lambda$485/1842952795@216c616e] ERROR ratis.XceiverServerRatis (XceiverServerRatis.java:triggerPipelineClose(568)) - pipeline Action CLOSE  on pipeline PipelineID=4225135a-f45b-446d-abd4-791f85aa1d09.Reason : 608419ff-9e1e-46ed-b668-4d330b5fd69a has not seen follower/s a355c4c2-cbce-4d32-ac2d-5d7efcc7e61b for 130032ms 5a49129c-fcc1-4df1-b4f9-e84c17474790 for 130032ms
2019-09-11 12:47:46,255 [a355c4c2-cbce-4d32-ac2d-5d7efcc7e61b@group-791F85AA1D09-SegmentedRaftLogWorker] WARN  segmented.SegmentedRaftLogWorker (SegmentedRaftLogWorker.java:getFromFuture(90)) - Timeout 12/~
org.apache.ratis.protocol.TimeoutIOException: Timeout 10s: WriteLog:11: (t:1, i:11), STATEMACHINELOGENTRY, client-D34D2F077373, cid=142-writeStateMachineData
	at org.apache.ratis.util.IOUtils.getFromFuture(IOUtils.java:87)
	at org.apache.ratis.server.raftlog.segmented.SegmentedRaftLogWorker$StateMachineDataPolicy.getFromFuture(SegmentedRaftLogWorker.java:87)
	at org.apache.ratis.server.raftlog.segmented.SegmentedRaftLogWorker$WriteLog.execute(SegmentedRaftLogWorker.java:477)
	at org.apache.ratis.server.raftlog.segmented.SegmentedRaftLogWorker.run(SegmentedRaftLogWorker.java:289)
	at java.lang.Thread.run(Thread.java:748)
Caused by: java.util.concurrent.TimeoutException
	at java.util.concurrent.CompletableFuture.timedGet(CompletableFuture.java:1771)
	at java.util.concurrent.CompletableFuture.get(CompletableFuture.java:1915)
	at org.apache.ratis.util.IOUtils.getFromFuture(IOUtils.java:79)
	... 4 more
2019-09-11 12:47:46,270 [5a49129c-fcc1-4df1-b4f9-e84c17474790@group-791F85AA1D09-SegmentedRaftLogWorker] WARN  segmented.SegmentedRaftLogWorker (SegmentedRaftLogWorker.java:getFromFuture(90)) - Timeout 12/~
org.apache.ratis.protocol.TimeoutIOException: Timeout 10s: WriteLog:11: (t:1, i:11), STATEMACHINELOGENTRY, client-D34D2F077373, cid=142-writeStateMachineData
	at org.apache.ratis.util.IOUtils.getFromFuture(IOUtils.java:87)
	at org.apache.ratis.server.raftlog.segmented.SegmentedRaftLogWorker$StateMachineDataPolicy.getFromFuture(SegmentedRaftLogWorker.java:87)
	at org.apache.ratis.server.raftlog.segmented.SegmentedRaftLogWorker$WriteLog.execute(SegmentedRaftLogWorker.java:477)
	at org.apache.ratis.server.raftlog.segmented.SegmentedRaftLogWorker.run(SegmentedRaftLogWorker.java:289)
	at java.lang.Thread.run(Thread.java:748)
Caused by: java.util.concurrent.TimeoutException
	at java.util.concurrent.CompletableFuture.timedGet(CompletableFuture.java:1771)
	at java.util.concurrent.CompletableFuture.get(CompletableFuture.java:1915)
	at org.apache.ratis.util.IOUtils.getFromFuture(IOUtils.java:79)
	... 4 more
2019-09-11 12:47:46,410 [608419ff-9e1e-46ed-b668-4d330b5fd69a@group-791F85AA1D09-SegmentedRaftLogWorker] WARN  segmented.SegmentedRaftLogWorker (SegmentedRaftLogWorker.java:getFromFuture(90)) - Timeout 12/~
org.apache.ratis.protocol.TimeoutIOException: Timeout 10s: WriteLog:12: (t:1, i:12), STATEMACHINELOGENTRY, client-D34D2F077373, cid=143-writeStateMachineData
	at org.apache.ratis.util.IOUtils.getFromFuture(IOUtils.java:87)
	at org.apache.ratis.server.raftlog.segmented.SegmentedRaftLogWorker$StateMachineDataPolicy.getFromFuture(SegmentedRaftLogWorker.java:87)
	at org.apache.ratis.server.raftlog.segmented.SegmentedRaftLogWorker$WriteLog.execute(SegmentedRaftLogWorker.java:477)
	at org.apache.ratis.server.raftlog.segmented.SegmentedRaftLogWorker.run(SegmentedRaftLogWorker.java:289)
	at java.lang.Thread.run(Thread.java:748)
Caused by: java.util.concurrent.TimeoutException
	at java.util.concurrent.CompletableFuture.timedGet(CompletableFuture.java:1771)
	at java.util.concurrent.CompletableFuture.get(CompletableFuture.java:1915)
	at org.apache.ratis.util.IOUtils.getFromFuture(IOUtils.java:79)
	... 4 more
2019-09-11 12:47:46,522 [EventQueue-PipelineActionsForPipelineActionHandler] ERROR pipeline.PipelineActionHandler (PipelineActionHandler.java:onMessage(60)) - Received pipeline action CLOSE for Pipeline[ Id: 4225135a-f45b-446d-abd4-791f85aa1d09, Nodes: a355c4c2-cbce-4d32-ac2d-5d7efcc7e61b{ip: 192.168.69.81, host: pr-hdds-2109-6lgm5-4208394744, networkLocation: /default-rack, certSerialId: null}608419ff-9e1e-46ed-b668-4d330b5fd69a{ip: 192.168.69.81, host: pr-hdds-2109-6lgm5-4208394744, networkLocation: /default-rack, certSerialId: null}5a49129c-fcc1-4df1-b4f9-e84c17474790{ip: 192.168.69.81, host: pr-hdds-2109-6lgm5-4208394744, networkLocation: /default-rack, certSerialId: null}, Type:RATIS, Factor:THREE, State:CLOSED] from datanode 608419ff-9e1e-46ed-b668-4d330b5fd69a{ip: 192.168.69.81, host: pr-hdds-2109-6lgm5-4208394744, networkLocation: /default-rack, certSerialId: null}. Reason : 608419ff-9e1e-46ed-b668-4d330b5fd69a has not seen follower/s a355c4c2-cbce-4d32-ac2d-5d7efcc7e61b for 130032ms 5a49129c-fcc1-4df1-b4f9-e84c17474790 for 130032ms
2019-09-11 12:47:46,522 [EventQueue-PipelineActionsForPipelineActionHandler] INFO  pipeline.SCMPipelineManager (SCMPipelineManager.java:finalizeAndDestroyPipeline(311)) - destroying pipeline:Pipeline[ Id: 4225135a-f45b-446d-abd4-791f85aa1d09, Nodes: a355c4c2-cbce-4d32-ac2d-5d7efcc7e61b{ip: 192.168.69.81, host: pr-hdds-2109-6lgm5-4208394744, networkLocation: /default-rack, certSerialId: null}608419ff-9e1e-46ed-b668-4d330b5fd69a{ip: 192.168.69.81, host: pr-hdds-2109-6lgm5-4208394744, networkLocation: /default-rack, certSerialId: null}5a49129c-fcc1-4df1-b4f9-e84c17474790{ip: 192.168.69.81, host: pr-hdds-2109-6lgm5-4208394744, networkLocation: /default-rack, certSerialId: null}, Type:RATIS, Factor:THREE, State:CLOSED]
2019-09-11 12:47:46,524 [java.util.concurrent.ThreadPoolExecutor$Worker@609f90f[State = -1, empty queue]] WARN  server.GrpcLogAppender (GrpcLogAppender.java:timeoutAppendRequest(200)) - 608419ff-9e1e-46ed-b668-4d330b5fd69a@group-791F85AA1D09->5a49129c-fcc1-4df1-b4f9-e84c17474790-GrpcLogAppender: appendEntries Timeout, request=608419ff-9e1e-46ed-b668-4d330b5fd69a->5a49129c-fcc1-4df1-b4f9-e84c17474790#142-t1, previous=(t:1, i:17), leaderCommit=10, initializing? false, entries: <empty>
2019-09-11 12:47:46,524 [java.util.concurrent.ThreadPoolExecutor$Worker@4a186632[State = -1, empty queue]] WARN  server.GrpcLogAppender (GrpcLogAppender.java:timeoutAppendRequest(200)) - 608419ff-9e1e-46ed-b668-4d330b5fd69a@group-791F85AA1D09->a355c4c2-cbce-4d32-ac2d-5d7efcc7e61b-GrpcLogAppender: appendEntries Timeout, request=608419ff-9e1e-46ed-b668-4d330b5fd69a->a355c4c2-cbce-4d32-ac2d-5d7efcc7e61b#142-t1, previous=(t:1, i:17), leaderCommit=10, initializing? false, entries: <empty>
2019-09-11 12:47:47,253 [grpc-default-executor-6] INFO  client.GrpcClientProtocolClient (GrpcClientProtocolClient.java:onNext(264)) - client-D34D2F077373->5a49129c-fcc1-4df1-b4f9-e84c17474790: receive RaftClientReply:client-D34D2F077373->5a49129c-fcc1-4df1-b4f9-e84c17474790@group-791F85AA1D09, cid=142, FAILED org.apache.ratis.protocol.NotLeaderException: Server 5a49129c-fcc1-4df1-b4f9-e84c17474790@group-791F85AA1D09 is not the leader 608419ff-9e1e-46ed-b668-4d330b5fd69a:192.168.69.81:34716, logIndex=0, commits[5a49129c-fcc1-4df1-b4f9-e84c17474790:c10, a355c4c2-cbce-4d32-ac2d-5d7efcc7e61b:c9, 608419ff-9e1e-46ed-b668-4d330b5fd69a:c10]
2019-09-11 12:47:48,525 [org.apache.ratis.server.impl.LogAppender$AppenderDaemon$$Lambda$485/1842952795@66a73b40] ERROR ratis.XceiverServerRatis (XceiverServerRatis.java:triggerPipelineClose(568)) - pipeline Action CLOSE  on pipeline PipelineID=4225135a-f45b-446d-abd4-791f85aa1d09.Reason : 608419ff-9e1e-46ed-b668-4d330b5fd69a has not seen follower/s a355c4c2-cbce-4d32-ac2d-5d7efcc7e61b for 132533ms 5a49129c-fcc1-4df1-b4f9-e84c17474790 for 132533ms
2019-09-11 12:47:48,525 [org.apache.ratis.server.impl.LogAppender$AppenderDaemon$$Lambda$485/1842952795@216c616e] ERROR ratis.XceiverServerRatis (XceiverServerRatis.java:triggerPipelineClose(568)) - pipeline Action CLOSE  on pipeline PipelineID=4225135a-f45b-446d-abd4-791f85aa1d09.Reason : 608419ff-9e1e-46ed-b668-4d330b5fd69a has not seen follower/s a355c4c2-cbce-4d32-ac2d-5d7efcc7e61b for 132533ms 5a49129c-fcc1-4df1-b4f9-e84c17474790 for 132533ms
2019-09-11 12:47:49,024 [java.util.concurrent.ThreadPoolExecutor$Worker@609f90f[State = -1, empty queue]] WARN  server.GrpcLogAppender (GrpcLogAppender.java:timeoutAppendRequest(200)) - 608419ff-9e1e-46ed-b668-4d330b5fd69a@group-791F85AA1D09->5a49129c-fcc1-4df1-b4f9-e84c17474790-GrpcLogAppender: appendEntries Timeout, request=608419ff-9e1e-46ed-b668-4d330b5fd69a->5a49129c-fcc1-4df1-b4f9-e84c17474790#143-t1, previous=(t:1, i:17), leaderCommit=10, initializing? false, entries: <empty>
2019-09-11 12:47:49,024 [java.util.concurrent.ThreadPoolExecutor$Worker@4a186632[State = -1, empty queue]] WARN  server.GrpcLogAppender (GrpcLogAppender.java:timeoutAppendRequest(200)) - 608419ff-9e1e-46ed-b668-4d330b5fd69a@group-791F85AA1D09->a355c4c2-cbce-4d32-ac2d-5d7efcc7e61b-GrpcLogAppender: appendEntries Timeout, request=608419ff-9e1e-46ed-b668-4d330b5fd69a->a355c4c2-cbce-4d32-ac2d-5d7efcc7e61b#143-t1, previous=(t:1, i:17), leaderCommit=10, initializing? false, entries: <empty>
2019-09-11 12:47:49,522 [EventQueue-PipelineActionsForPipelineActionHandler] ERROR pipeline.PipelineActionHandler (PipelineActionHandler.java:onMessage(60)) - Received pipeline action CLOSE for Pipeline[ Id: 4225135a-f45b-446d-abd4-791f85aa1d09, Nodes: a355c4c2-cbce-4d32-ac2d-5d7efcc7e61b{ip: 192.168.69.81, host: pr-hdds-2109-6lgm5-4208394744, networkLocation: /default-rack, certSerialId: null}608419ff-9e1e-46ed-b668-4d330b5fd69a{ip: 192.168.69.81, host: pr-hdds-2109-6lgm5-4208394744, networkLocation: /default-rack, certSerialId: null}5a49129c-fcc1-4df1-b4f9-e84c17474790{ip: 192.168.69.81, host: pr-hdds-2109-6lgm5-4208394744, networkLocation: /default-rack, certSerialId: null}, Type:RATIS, Factor:THREE, State:CLOSED] from datanode 608419ff-9e1e-46ed-b668-4d330b5fd69a{ip: 192.168.69.81, host: pr-hdds-2109-6lgm5-4208394744, networkLocation: /default-rack, certSerialId: null}. Reason : 608419ff-9e1e-46ed-b668-4d330b5fd69a has not seen follower/s a355c4c2-cbce-4d32-ac2d-5d7efcc7e61b for 132533ms 5a49129c-fcc1-4df1-b4f9-e84c17474790 for 132533ms
2019-09-11 12:47:49,523 [EventQueue-PipelineActionsForPipelineActionHandler] INFO  pipeline.SCMPipelineManager (SCMPipelineManager.java:finalizeAndDestroyPipeline(311)) - destroying pipeline:Pipeline[ Id: 4225135a-f45b-446d-abd4-791f85aa1d09, Nodes: a355c4c2-cbce-4d32-ac2d-5d7efcc7e61b{ip: 192.168.69.81, host: pr-hdds-2109-6lgm5-4208394744, networkLocation: /default-rack, certSerialId: null}608419ff-9e1e-46ed-b668-4d330b5fd69a{ip: 192.168.69.81, host: pr-hdds-2109-6lgm5-4208394744, networkLocation: /default-rack, certSerialId: null}5a49129c-fcc1-4df1-b4f9-e84c17474790{ip: 192.168.69.81, host: pr-hdds-2109-6lgm5-4208394744, networkLocation: /default-rack, certSerialId: null}, Type:RATIS, Factor:THREE, State:CLOSED]
2019-09-11 12:47:51,026 [org.apache.ratis.server.impl.LogAppender$AppenderDaemon$$Lambda$485/1842952795@216c616e] ERROR ratis.XceiverServerRatis (XceiverServerRatis.java:triggerPipelineClose(568)) - pipeline Action CLOSE  on pipeline PipelineID=4225135a-f45b-446d-abd4-791f85aa1d09.Reason : 608419ff-9e1e-46ed-b668-4d330b5fd69a has not seen follower/s a355c4c2-cbce-4d32-ac2d-5d7efcc7e61b for 135034ms 5a49129c-fcc1-4df1-b4f9-e84c17474790 for 135034ms
2019-09-11 12:47:51,026 [org.apache.ratis.server.impl.LogAppender$AppenderDaemon$$Lambda$485/1842952795@66a73b40] ERROR ratis.XceiverServerRatis (XceiverServerRatis.java:triggerPipelineClose(568)) - pipeline Action CLOSE  on pipeline PipelineID=4225135a-f45b-446d-abd4-791f85aa1d09.Reason : 608419ff-9e1e-46ed-b668-4d330b5fd69a has not seen follower/s a355c4c2-cbce-4d32-ac2d-5d7efcc7e61b for 135034ms 5a49129c-fcc1-4df1-b4f9-e84c17474790 for 135034ms
2019-09-11 12:47:51,521 [EventQueue-PipelineActionsForPipelineActionHandler] ERROR pipeline.PipelineActionHandler (PipelineActionHandler.java:onMessage(60)) - Received pipeline action CLOSE for Pipeline[ Id: 4225135a-f45b-446d-abd4-791f85aa1d09, Nodes: a355c4c2-cbce-4d32-ac2d-5d7efcc7e61b{ip: 192.168.69.81, host: pr-hdds-2109-6lgm5-4208394744, networkLocation: /default-rack, certSerialId: null}608419ff-9e1e-46ed-b668-4d330b5fd69a{ip: 192.168.69.81, host: pr-hdds-2109-6lgm5-4208394744, networkLocation: /default-rack, certSerialId: null}5a49129c-fcc1-4df1-b4f9-e84c17474790{ip: 192.168.69.81, host: pr-hdds-2109-6lgm5-4208394744, networkLocation: /default-rack, certSerialId: null}, Type:RATIS, Factor:THREE, State:CLOSED] from datanode 608419ff-9e1e-46ed-b668-4d330b5fd69a{ip: 192.168.69.81, host: pr-hdds-2109-6lgm5-4208394744, networkLocation: /default-rack, certSerialId: null}. Reason : 608419ff-9e1e-46ed-b668-4d330b5fd69a has not seen follower/s a355c4c2-cbce-4d32-ac2d-5d7efcc7e61b for 135034ms 5a49129c-fcc1-4df1-b4f9-e84c17474790 for 135034ms
2019-09-11 12:47:51,521 [EventQueue-PipelineActionsForPipelineActionHandler] INFO  pipeline.SCMPipelineManager (SCMPipelineManager.java:finalizeAndDestroyPipeline(311)) - destroying pipeline:Pipeline[ Id: 4225135a-f45b-446d-abd4-791f85aa1d09, Nodes: a355c4c2-cbce-4d32-ac2d-5d7efcc7e61b{ip: 192.168.69.81, host: pr-hdds-2109-6lgm5-4208394744, networkLocation: /default-rack, certSerialId: null}608419ff-9e1e-46ed-b668-4d330b5fd69a{ip: 192.168.69.81, host: pr-hdds-2109-6lgm5-4208394744, networkLocation: /default-rack, certSerialId: null}5a49129c-fcc1-4df1-b4f9-e84c17474790{ip: 192.168.69.81, host: pr-hdds-2109-6lgm5-4208394744, networkLocation: /default-rack, certSerialId: null}, Type:RATIS, Factor:THREE, State:CLOSED]
2019-09-11 12:47:51,525 [java.util.concurrent.ThreadPoolExecutor$Worker@4a186632[State = -1, empty queue]] WARN  server.GrpcLogAppender (GrpcLogAppender.java:timeoutAppendRequest(200)) - 608419ff-9e1e-46ed-b668-4d330b5fd69a@group-791F85AA1D09->a355c4c2-cbce-4d32-ac2d-5d7efcc7e61b-GrpcLogAppender: appendEntries Timeout, request=608419ff-9e1e-46ed-b668-4d330b5fd69a->a355c4c2-cbce-4d32-ac2d-5d7efcc7e61b#144-t1, previous=(t:1, i:17), leaderCommit=10, initializing? false, entries: <empty>
2019-09-11 12:47:51,525 [java.util.concurrent.ThreadPoolExecutor$Worker@609f90f[State = -1, empty queue]] WARN  server.GrpcLogAppender (GrpcLogAppender.java:timeoutAppendRequest(200)) - 608419ff-9e1e-46ed-b668-4d330b5fd69a@group-791F85AA1D09->5a49129c-fcc1-4df1-b4f9-e84c17474790-GrpcLogAppender: appendEntries Timeout, request=608419ff-9e1e-46ed-b668-4d330b5fd69a->5a49129c-fcc1-4df1-b4f9-e84c17474790#144-t1, previous=(t:1, i:17), leaderCommit=10, initializing? false, entries: <empty>
2019-09-11 12:47:52,303 [grpc-default-executor-4] INFO  client.GrpcClientProtocolClient (GrpcClientProtocolClient.java:onNext(264)) - client-D34D2F077373->a355c4c2-cbce-4d32-ac2d-5d7efcc7e61b: receive RaftClientReply:client-D34D2F077373->a355c4c2-cbce-4d32-ac2d-5d7efcc7e61b@group-791F85AA1D09, cid=142, FAILED org.apache.ratis.protocol.NotLeaderException: Server a355c4c2-cbce-4d32-ac2d-5d7efcc7e61b@group-791F85AA1D09 is not the leader 608419ff-9e1e-46ed-b668-4d330b5fd69a:192.168.69.81:34716, logIndex=0, commits[a355c4c2-cbce-4d32-ac2d-5d7efcc7e61b:c10, 608419ff-9e1e-46ed-b668-4d330b5fd69a:c10, 5a49129c-fcc1-4df1-b4f9-e84c17474790:c9]
2019-09-11 12:47:53,527 [org.apache.ratis.server.impl.LogAppender$AppenderDaemon$$Lambda$485/1842952795@66a73b40] ERROR ratis.XceiverServerRatis (XceiverServerRatis.java:triggerPipelineClose(568)) - pipeline Action CLOSE  on pipeline PipelineID=4225135a-f45b-446d-abd4-791f85aa1d09.Reason : 608419ff-9e1e-46ed-b668-4d330b5fd69a has not seen follower/s a355c4c2-cbce-4d32-ac2d-5d7efcc7e61b for 137535ms 5a49129c-fcc1-4df1-b4f9-e84c17474790 for 137534ms
2019-09-11 12:47:53,527 [org.apache.ratis.server.impl.LogAppender$AppenderDaemon$$Lambda$485/1842952795@216c616e] ERROR ratis.XceiverServerRatis (XceiverServerRatis.java:triggerPipelineClose(568)) - pipeline Action CLOSE  on pipeline PipelineID=4225135a-f45b-446d-abd4-791f85aa1d09.Reason : 608419ff-9e1e-46ed-b668-4d330b5fd69a has not seen follower/s a355c4c2-cbce-4d32-ac2d-5d7efcc7e61b for 137535ms 5a49129c-fcc1-4df1-b4f9-e84c17474790 for 137535ms
2019-09-11 12:47:54,026 [java.util.concurrent.ThreadPoolExecutor$Worker@4a186632[State = -1, empty queue]] WARN  server.GrpcLogAppender (GrpcLogAppender.java:timeoutAppendRequest(200)) - 608419ff-9e1e-46ed-b668-4d330b5fd69a@group-791F85AA1D09->a355c4c2-cbce-4d32-ac2d-5d7efcc7e61b-GrpcLogAppender: appendEntries Timeout, request=608419ff-9e1e-46ed-b668-4d330b5fd69a->a355c4c2-cbce-4d32-ac2d-5d7efcc7e61b#145-t1, previous=(t:1, i:17), leaderCommit=10, initializing? false, entries: <empty>
2019-09-11 12:47:54,026 [java.util.concurrent.ThreadPoolExecutor$Worker@609f90f[State = -1, empty queue]] WARN  server.GrpcLogAppender (GrpcLogAppender.java:timeoutAppendRequest(200)) - 608419ff-9e1e-46ed-b668-4d330b5fd69a@group-791F85AA1D09->5a49129c-fcc1-4df1-b4f9-e84c17474790-GrpcLogAppender: appendEntries Timeout, request=608419ff-9e1e-46ed-b668-4d330b5fd69a->5a49129c-fcc1-4df1-b4f9-e84c17474790#145-t1, previous=(t:1, i:17), leaderCommit=10, initializing? false, entries: <empty>
2019-09-11 12:47:54,521 [EventQueue-PipelineActionsForPipelineActionHandler] ERROR pipeline.PipelineActionHandler (PipelineActionHandler.java:onMessage(60)) - Received pipeline action CLOSE for Pipeline[ Id: 4225135a-f45b-446d-abd4-791f85aa1d09, Nodes: a355c4c2-cbce-4d32-ac2d-5d7efcc7e61b{ip: 192.168.69.81, host: pr-hdds-2109-6lgm5-4208394744, networkLocation: /default-rack, certSerialId: null}608419ff-9e1e-46ed-b668-4d330b5fd69a{ip: 192.168.69.81, host: pr-hdds-2109-6lgm5-4208394744, networkLocation: /default-rack, certSerialId: null}5a49129c-fcc1-4df1-b4f9-e84c17474790{ip: 192.168.69.81, host: pr-hdds-2109-6lgm5-4208394744, networkLocation: /default-rack, certSerialId: null}, Type:RATIS, Factor:THREE, State:CLOSED] from datanode 608419ff-9e1e-46ed-b668-4d330b5fd69a{ip: 192.168.69.81, host: pr-hdds-2109-6lgm5-4208394744, networkLocation: /default-rack, certSerialId: null}. Reason : 608419ff-9e1e-46ed-b668-4d330b5fd69a has not seen follower/s a355c4c2-cbce-4d32-ac2d-5d7efcc7e61b for 137535ms 5a49129c-fcc1-4df1-b4f9-e84c17474790 for 137534ms
2019-09-11 12:47:54,522 [EventQueue-PipelineActionsForPipelineActionHandler] INFO  pipeline.SCMPipelineManager (SCMPipelineManager.java:finalizeAndDestroyPipeline(311)) - destroying pipeline:Pipeline[ Id: 4225135a-f45b-446d-abd4-791f85aa1d09, Nodes: a355c4c2-cbce-4d32-ac2d-5d7efcc7e61b{ip: 192.168.69.81, host: pr-hdds-2109-6lgm5-4208394744, networkLocation: /default-rack, certSerialId: null}608419ff-9e1e-46ed-b668-4d330b5fd69a{ip: 192.168.69.81, host: pr-hdds-2109-6lgm5-4208394744, networkLocation: /default-rack, certSerialId: null}5a49129c-fcc1-4df1-b4f9-e84c17474790{ip: 192.168.69.81, host: pr-hdds-2109-6lgm5-4208394744, networkLocation: /default-rack, certSerialId: null}, Type:RATIS, Factor:THREE, State:CLOSED]
2019-09-11 12:47:56,028 [org.apache.ratis.server.impl.LogAppender$AppenderDaemon$$Lambda$485/1842952795@216c616e] ERROR ratis.XceiverServerRatis (XceiverServerRatis.java:triggerPipelineClose(568)) - pipeline Action CLOSE  on pipeline PipelineID=4225135a-f45b-446d-abd4-791f85aa1d09.Reason : 608419ff-9e1e-46ed-b668-4d330b5fd69a has not seen follower/s a355c4c2-cbce-4d32-ac2d-5d7efcc7e61b for 140036ms 5a49129c-fcc1-4df1-b4f9-e84c17474790 for 140036ms
2019-09-11 12:47:56,028 [org.apache.ratis.server.impl.LogAppender$AppenderDaemon$$Lambda$485/1842952795@66a73b40] ERROR ratis.XceiverServerRatis (XceiverServerRatis.java:triggerPipelineClose(568)) - pipeline Action CLOSE  on pipeline PipelineID=4225135a-f45b-446d-abd4-791f85aa1d09.Reason : 608419ff-9e1e-46ed-b668-4d330b5fd69a has not seen follower/s a355c4c2-cbce-4d32-ac2d-5d7efcc7e61b for 140036ms 5a49129c-fcc1-4df1-b4f9-e84c17474790 for 140036ms
2019-09-11 12:47:56,256 [a355c4c2-cbce-4d32-ac2d-5d7efcc7e61b@group-791F85AA1D09-SegmentedRaftLogWorker] WARN  segmented.SegmentedRaftLogWorker (SegmentedRaftLogWorker.java:getFromFuture(90)) - Timeout 13/~
org.apache.ratis.protocol.TimeoutIOException: Timeout 10s: WriteLog:11: (t:1, i:11), STATEMACHINELOGENTRY, client-D34D2F077373, cid=142-writeStateMachineData
	at org.apache.ratis.util.IOUtils.getFromFuture(IOUtils.java:87)
	at org.apache.ratis.server.raftlog.segmented.SegmentedRaftLogWorker$StateMachineDataPolicy.getFromFuture(SegmentedRaftLogWorker.java:87)
	at org.apache.ratis.server.raftlog.segmented.SegmentedRaftLogWorker$WriteLog.execute(SegmentedRaftLogWorker.java:477)
	at org.apache.ratis.server.raftlog.segmented.SegmentedRaftLogWorker.run(SegmentedRaftLogWorker.java:289)
	at java.lang.Thread.run(Thread.java:748)
Caused by: java.util.concurrent.TimeoutException
	at java.util.concurrent.CompletableFuture.timedGet(CompletableFuture.java:1771)
	at java.util.concurrent.CompletableFuture.get(CompletableFuture.java:1915)
	at org.apache.ratis.util.IOUtils.getFromFuture(IOUtils.java:79)
	... 4 more
2019-09-11 12:47:56,270 [5a49129c-fcc1-4df1-b4f9-e84c17474790@group-791F85AA1D09-SegmentedRaftLogWorker] WARN  segmented.SegmentedRaftLogWorker (SegmentedRaftLogWorker.java:getFromFuture(90)) - Timeout 13/~
org.apache.ratis.protocol.TimeoutIOException: Timeout 10s: WriteLog:11: (t:1, i:11), STATEMACHINELOGENTRY, client-D34D2F077373, cid=142-writeStateMachineData
	at org.apache.ratis.util.IOUtils.getFromFuture(IOUtils.java:87)
	at org.apache.ratis.server.raftlog.segmented.SegmentedRaftLogWorker$StateMachineDataPolicy.getFromFuture(SegmentedRaftLogWorker.java:87)
	at org.apache.ratis.server.raftlog.segmented.SegmentedRaftLogWorker$WriteLog.execute(SegmentedRaftLogWorker.java:477)
	at org.apache.ratis.server.raftlog.segmented.SegmentedRaftLogWorker.run(SegmentedRaftLogWorker.java:289)
	at java.lang.Thread.run(Thread.java:748)
Caused by: java.util.concurrent.TimeoutException
	at java.util.concurrent.CompletableFuture.timedGet(CompletableFuture.java:1771)
	at java.util.concurrent.CompletableFuture.get(CompletableFuture.java:1915)
	at org.apache.ratis.util.IOUtils.getFromFuture(IOUtils.java:79)
	... 4 more
2019-09-11 12:47:56,411 [608419ff-9e1e-46ed-b668-4d330b5fd69a@group-791F85AA1D09-SegmentedRaftLogWorker] WARN  segmented.SegmentedRaftLogWorker (SegmentedRaftLogWorker.java:getFromFuture(90)) - Timeout 13/~
org.apache.ratis.protocol.TimeoutIOException: Timeout 10s: WriteLog:12: (t:1, i:12), STATEMACHINELOGENTRY, client-D34D2F077373, cid=143-writeStateMachineData
	at org.apache.ratis.util.IOUtils.getFromFuture(IOUtils.java:87)
	at org.apache.ratis.server.raftlog.segmented.SegmentedRaftLogWorker$StateMachineDataPolicy.getFromFuture(SegmentedRaftLogWorker.java:87)
	at org.apache.ratis.server.raftlog.segmented.SegmentedRaftLogWorker$WriteLog.execute(SegmentedRaftLogWorker.java:477)
	at org.apache.ratis.server.raftlog.segmented.SegmentedRaftLogWorker.run(SegmentedRaftLogWorker.java:289)
	at java.lang.Thread.run(Thread.java:748)
Caused by: java.util.concurrent.TimeoutException
	at java.util.concurrent.CompletableFuture.timedGet(CompletableFuture.java:1771)
	at java.util.concurrent.CompletableFuture.get(CompletableFuture.java:1915)
	at org.apache.ratis.util.IOUtils.getFromFuture(IOUtils.java:79)
	... 4 more
2019-09-11 12:47:56,521 [EventQueue-PipelineActionsForPipelineActionHandler] ERROR pipeline.PipelineActionHandler (PipelineActionHandler.java:onMessage(60)) - Received pipeline action CLOSE for Pipeline[ Id: 4225135a-f45b-446d-abd4-791f85aa1d09, Nodes: a355c4c2-cbce-4d32-ac2d-5d7efcc7e61b{ip: 192.168.69.81, host: pr-hdds-2109-6lgm5-4208394744, networkLocation: /default-rack, certSerialId: null}608419ff-9e1e-46ed-b668-4d330b5fd69a{ip: 192.168.69.81, host: pr-hdds-2109-6lgm5-4208394744, networkLocation: /default-rack, certSerialId: null}5a49129c-fcc1-4df1-b4f9-e84c17474790{ip: 192.168.69.81, host: pr-hdds-2109-6lgm5-4208394744, networkLocation: /default-rack, certSerialId: null}, Type:RATIS, Factor:THREE, State:CLOSED] from datanode 608419ff-9e1e-46ed-b668-4d330b5fd69a{ip: 192.168.69.81, host: pr-hdds-2109-6lgm5-4208394744, networkLocation: /default-rack, certSerialId: null}. Reason : 608419ff-9e1e-46ed-b668-4d330b5fd69a has not seen follower/s a355c4c2-cbce-4d32-ac2d-5d7efcc7e61b for 140036ms 5a49129c-fcc1-4df1-b4f9-e84c17474790 for 140036ms
2019-09-11 12:47:56,522 [EventQueue-PipelineActionsForPipelineActionHandler] INFO  pipeline.SCMPipelineManager (SCMPipelineManager.java:finalizeAndDestroyPipeline(311)) - destroying pipeline:Pipeline[ Id: 4225135a-f45b-446d-abd4-791f85aa1d09, Nodes: a355c4c2-cbce-4d32-ac2d-5d7efcc7e61b{ip: 192.168.69.81, host: pr-hdds-2109-6lgm5-4208394744, networkLocation: /default-rack, certSerialId: null}608419ff-9e1e-46ed-b668-4d330b5fd69a{ip: 192.168.69.81, host: pr-hdds-2109-6lgm5-4208394744, networkLocation: /default-rack, certSerialId: null}5a49129c-fcc1-4df1-b4f9-e84c17474790{ip: 192.168.69.81, host: pr-hdds-2109-6lgm5-4208394744, networkLocation: /default-rack, certSerialId: null}, Type:RATIS, Factor:THREE, State:CLOSED]
2019-09-11 12:47:56,527 [java.util.concurrent.ThreadPoolExecutor$Worker@4a186632[State = -1, empty queue]] WARN  server.GrpcLogAppender (GrpcLogAppender.java:timeoutAppendRequest(200)) - 608419ff-9e1e-46ed-b668-4d330b5fd69a@group-791F85AA1D09->a355c4c2-cbce-4d32-ac2d-5d7efcc7e61b-GrpcLogAppender: appendEntries Timeout, request=608419ff-9e1e-46ed-b668-4d330b5fd69a->a355c4c2-cbce-4d32-ac2d-5d7efcc7e61b#146-t1, previous=(t:1, i:17), leaderCommit=10, initializing? false, entries: <empty>
2019-09-11 12:47:56,527 [java.util.concurrent.ThreadPoolExecutor$Worker@609f90f[State = -1, empty queue]] WARN  server.GrpcLogAppender (GrpcLogAppender.java:timeoutAppendRequest(200)) - 608419ff-9e1e-46ed-b668-4d330b5fd69a@group-791F85AA1D09->5a49129c-fcc1-4df1-b4f9-e84c17474790-GrpcLogAppender: appendEntries Timeout, request=608419ff-9e1e-46ed-b668-4d330b5fd69a->5a49129c-fcc1-4df1-b4f9-e84c17474790#146-t1, previous=(t:1, i:17), leaderCommit=10, initializing? false, entries: <empty>
2019-09-11 12:47:57,351 [grpc-default-executor-7] INFO  client.GrpcClientProtocolClient (GrpcClientProtocolClient.java:onNext(264)) - client-D34D2F077373->5a49129c-fcc1-4df1-b4f9-e84c17474790: receive RaftClientReply:client-D34D2F077373->5a49129c-fcc1-4df1-b4f9-e84c17474790@group-791F85AA1D09, cid=142, FAILED org.apache.ratis.protocol.NotLeaderException: Server 5a49129c-fcc1-4df1-b4f9-e84c17474790@group-791F85AA1D09 is not the leader 608419ff-9e1e-46ed-b668-4d330b5fd69a:192.168.69.81:34716, logIndex=0, commits[5a49129c-fcc1-4df1-b4f9-e84c17474790:c10, a355c4c2-cbce-4d32-ac2d-5d7efcc7e61b:c9, 608419ff-9e1e-46ed-b668-4d330b5fd69a:c10]
2019-09-11 12:47:58,528 [org.apache.ratis.server.impl.LogAppender$AppenderDaemon$$Lambda$485/1842952795@66a73b40] ERROR ratis.XceiverServerRatis (XceiverServerRatis.java:triggerPipelineClose(568)) - pipeline Action CLOSE  on pipeline PipelineID=4225135a-f45b-446d-abd4-791f85aa1d09.Reason : 608419ff-9e1e-46ed-b668-4d330b5fd69a has not seen follower/s a355c4c2-cbce-4d32-ac2d-5d7efcc7e61b for 142536ms 5a49129c-fcc1-4df1-b4f9-e84c17474790 for 142536ms
2019-09-11 12:47:58,529 [org.apache.ratis.server.impl.LogAppender$AppenderDaemon$$Lambda$485/1842952795@216c616e] ERROR ratis.XceiverServerRatis (XceiverServerRatis.java:triggerPipelineClose(568)) - pipeline Action CLOSE  on pipeline PipelineID=4225135a-f45b-446d-abd4-791f85aa1d09.Reason : 608419ff-9e1e-46ed-b668-4d330b5fd69a has not seen follower/s a355c4c2-cbce-4d32-ac2d-5d7efcc7e61b for 142537ms 5a49129c-fcc1-4df1-b4f9-e84c17474790 for 142537ms
2019-09-11 12:47:59,028 [java.util.concurrent.ThreadPoolExecutor$Worker@4a186632[State = -1, empty queue]] WARN  server.GrpcLogAppender (GrpcLogAppender.java:timeoutAppendRequest(200)) - 608419ff-9e1e-46ed-b668-4d330b5fd69a@group-791F85AA1D09->a355c4c2-cbce-4d32-ac2d-5d7efcc7e61b-GrpcLogAppender: appendEntries Timeout, request=608419ff-9e1e-46ed-b668-4d330b5fd69a->a355c4c2-cbce-4d32-ac2d-5d7efcc7e61b#147-t1, previous=(t:1, i:17), leaderCommit=10, initializing? false, entries: <empty>
2019-09-11 12:47:59,028 [java.util.concurrent.ThreadPoolExecutor$Worker@609f90f[State = -1, empty queue]] WARN  server.GrpcLogAppender (GrpcLogAppender.java:timeoutAppendRequest(200)) - 608419ff-9e1e-46ed-b668-4d330b5fd69a@group-791F85AA1D09->5a49129c-fcc1-4df1-b4f9-e84c17474790-GrpcLogAppender: appendEntries Timeout, request=608419ff-9e1e-46ed-b668-4d330b5fd69a->5a49129c-fcc1-4df1-b4f9-e84c17474790#147-t1, previous=(t:1, i:17), leaderCommit=10, initializing? false, entries: <empty>
2019-09-11 12:47:59,522 [EventQueue-PipelineActionsForPipelineActionHandler] ERROR pipeline.PipelineActionHandler (PipelineActionHandler.java:onMessage(60)) - Received pipeline action CLOSE for Pipeline[ Id: 4225135a-f45b-446d-abd4-791f85aa1d09, Nodes: a355c4c2-cbce-4d32-ac2d-5d7efcc7e61b{ip: 192.168.69.81, host: pr-hdds-2109-6lgm5-4208394744, networkLocation: /default-rack, certSerialId: null}608419ff-9e1e-46ed-b668-4d330b5fd69a{ip: 192.168.69.81, host: pr-hdds-2109-6lgm5-4208394744, networkLocation: /default-rack, certSerialId: null}5a49129c-fcc1-4df1-b4f9-e84c17474790{ip: 192.168.69.81, host: pr-hdds-2109-6lgm5-4208394744, networkLocation: /default-rack, certSerialId: null}, Type:RATIS, Factor:THREE, State:CLOSED] from datanode 608419ff-9e1e-46ed-b668-4d330b5fd69a{ip: 192.168.69.81, host: pr-hdds-2109-6lgm5-4208394744, networkLocation: /default-rack, certSerialId: null}. Reason : 608419ff-9e1e-46ed-b668-4d330b5fd69a has not seen follower/s a355c4c2-cbce-4d32-ac2d-5d7efcc7e61b for 142536ms 5a49129c-fcc1-4df1-b4f9-e84c17474790 for 142536ms
2019-09-11 12:47:59,522 [EventQueue-PipelineActionsForPipelineActionHandler] INFO  pipeline.SCMPipelineManager (SCMPipelineManager.java:finalizeAndDestroyPipeline(311)) - destroying pipeline:Pipeline[ Id: 4225135a-f45b-446d-abd4-791f85aa1d09, Nodes: a355c4c2-cbce-4d32-ac2d-5d7efcc7e61b{ip: 192.168.69.81, host: pr-hdds-2109-6lgm5-4208394744, networkLocation: /default-rack, certSerialId: null}608419ff-9e1e-46ed-b668-4d330b5fd69a{ip: 192.168.69.81, host: pr-hdds-2109-6lgm5-4208394744, networkLocation: /default-rack, certSerialId: null}5a49129c-fcc1-4df1-b4f9-e84c17474790{ip: 192.168.69.81, host: pr-hdds-2109-6lgm5-4208394744, networkLocation: /default-rack, certSerialId: null}, Type:RATIS, Factor:THREE, State:CLOSED]
2019-09-11 12:48:01,030 [org.apache.ratis.server.impl.LogAppender$AppenderDaemon$$Lambda$485/1842952795@66a73b40] ERROR ratis.XceiverServerRatis (XceiverServerRatis.java:triggerPipelineClose(568)) - pipeline Action CLOSE  on pipeline PipelineID=4225135a-f45b-446d-abd4-791f85aa1d09.Reason : 608419ff-9e1e-46ed-b668-4d330b5fd69a has not seen follower/s a355c4c2-cbce-4d32-ac2d-5d7efcc7e61b for 145037ms 5a49129c-fcc1-4df1-b4f9-e84c17474790 for 145037ms
2019-09-11 12:48:01,030 [org.apache.ratis.server.impl.LogAppender$AppenderDaemon$$Lambda$485/1842952795@216c616e] ERROR ratis.XceiverServerRatis (XceiverServerRatis.java:triggerPipelineClose(568)) - pipeline Action CLOSE  on pipeline PipelineID=4225135a-f45b-446d-abd4-791f85aa1d09.Reason : 608419ff-9e1e-46ed-b668-4d330b5fd69a has not seen follower/s a355c4c2-cbce-4d32-ac2d-5d7efcc7e61b for 145038ms 5a49129c-fcc1-4df1-b4f9-e84c17474790 for 145037ms
2019-09-11 12:48:01,523 [EventQueue-PipelineActionsForPipelineActionHandler] ERROR pipeline.PipelineActionHandler (PipelineActionHandler.java:onMessage(60)) - Received pipeline action CLOSE for Pipeline[ Id: 4225135a-f45b-446d-abd4-791f85aa1d09, Nodes: a355c4c2-cbce-4d32-ac2d-5d7efcc7e61b{ip: 192.168.69.81, host: pr-hdds-2109-6lgm5-4208394744, networkLocation: /default-rack, certSerialId: null}608419ff-9e1e-46ed-b668-4d330b5fd69a{ip: 192.168.69.81, host: pr-hdds-2109-6lgm5-4208394744, networkLocation: /default-rack, certSerialId: null}5a49129c-fcc1-4df1-b4f9-e84c17474790{ip: 192.168.69.81, host: pr-hdds-2109-6lgm5-4208394744, networkLocation: /default-rack, certSerialId: null}, Type:RATIS, Factor:THREE, State:CLOSED] from datanode 608419ff-9e1e-46ed-b668-4d330b5fd69a{ip: 192.168.69.81, host: pr-hdds-2109-6lgm5-4208394744, networkLocation: /default-rack, certSerialId: null}. Reason : 608419ff-9e1e-46ed-b668-4d330b5fd69a has not seen follower/s a355c4c2-cbce-4d32-ac2d-5d7efcc7e61b for 145037ms 5a49129c-fcc1-4df1-b4f9-e84c17474790 for 145037ms
2019-09-11 12:48:01,523 [EventQueue-PipelineActionsForPipelineActionHandler] INFO  pipeline.SCMPipelineManager (SCMPipelineManager.java:finalizeAndDestroyPipeline(311)) - destroying pipeline:Pipeline[ Id: 4225135a-f45b-446d-abd4-791f85aa1d09, Nodes: a355c4c2-cbce-4d32-ac2d-5d7efcc7e61b{ip: 192.168.69.81, host: pr-hdds-2109-6lgm5-4208394744, networkLocation: /default-rack, certSerialId: null}608419ff-9e1e-46ed-b668-4d330b5fd69a{ip: 192.168.69.81, host: pr-hdds-2109-6lgm5-4208394744, networkLocation: /default-rack, certSerialId: null}5a49129c-fcc1-4df1-b4f9-e84c17474790{ip: 192.168.69.81, host: pr-hdds-2109-6lgm5-4208394744, networkLocation: /default-rack, certSerialId: null}, Type:RATIS, Factor:THREE, State:CLOSED]
2019-09-11 12:48:01,528 [java.util.concurrent.ThreadPoolExecutor$Worker@4a186632[State = -1, empty queue]] WARN  server.GrpcLogAppender (GrpcLogAppender.java:timeoutAppendRequest(200)) - 608419ff-9e1e-46ed-b668-4d330b5fd69a@group-791F85AA1D09->a355c4c2-cbce-4d32-ac2d-5d7efcc7e61b-GrpcLogAppender: appendEntries Timeout, request=608419ff-9e1e-46ed-b668-4d330b5fd69a->a355c4c2-cbce-4d32-ac2d-5d7efcc7e61b#148-t1, previous=(t:1, i:17), leaderCommit=10, initializing? false, entries: <empty>
2019-09-11 12:48:01,529 [java.util.concurrent.ThreadPoolExecutor$Worker@609f90f[State = -1, empty queue]] WARN  server.GrpcLogAppender (GrpcLogAppender.java:timeoutAppendRequest(200)) - 608419ff-9e1e-46ed-b668-4d330b5fd69a@group-791F85AA1D09->5a49129c-fcc1-4df1-b4f9-e84c17474790-GrpcLogAppender: appendEntries Timeout, request=608419ff-9e1e-46ed-b668-4d330b5fd69a->5a49129c-fcc1-4df1-b4f9-e84c17474790#148-t1, previous=(t:1, i:17), leaderCommit=10, initializing? false, entries: <empty>
2019-09-11 12:48:02,413 [grpc-default-executor-4] INFO  client.GrpcClientProtocolClient (GrpcClientProtocolClient.java:onNext(264)) - client-D34D2F077373->a355c4c2-cbce-4d32-ac2d-5d7efcc7e61b: receive RaftClientReply:client-D34D2F077373->a355c4c2-cbce-4d32-ac2d-5d7efcc7e61b@group-791F85AA1D09, cid=142, FAILED org.apache.ratis.protocol.NotLeaderException: Server a355c4c2-cbce-4d32-ac2d-5d7efcc7e61b@group-791F85AA1D09 is not the leader 608419ff-9e1e-46ed-b668-4d330b5fd69a:192.168.69.81:34716, logIndex=0, commits[a355c4c2-cbce-4d32-ac2d-5d7efcc7e61b:c10, 608419ff-9e1e-46ed-b668-4d330b5fd69a:c10, 5a49129c-fcc1-4df1-b4f9-e84c17474790:c9]
2019-09-11 12:48:03,530 [org.apache.ratis.server.impl.LogAppender$AppenderDaemon$$Lambda$485/1842952795@66a73b40] ERROR ratis.XceiverServerRatis (XceiverServerRatis.java:triggerPipelineClose(568)) - pipeline Action CLOSE  on pipeline PipelineID=4225135a-f45b-446d-abd4-791f85aa1d09.Reason : 608419ff-9e1e-46ed-b668-4d330b5fd69a has not seen follower/s a355c4c2-cbce-4d32-ac2d-5d7efcc7e61b for 147538ms 5a49129c-fcc1-4df1-b4f9-e84c17474790 for 147538ms
2019-09-11 12:48:03,530 [org.apache.ratis.server.impl.LogAppender$AppenderDaemon$$Lambda$485/1842952795@216c616e] ERROR ratis.XceiverServerRatis (XceiverServerRatis.java:triggerPipelineClose(568)) - pipeline Action CLOSE  on pipeline PipelineID=4225135a-f45b-446d-abd4-791f85aa1d09.Reason : 608419ff-9e1e-46ed-b668-4d330b5fd69a has not seen follower/s a355c4c2-cbce-4d32-ac2d-5d7efcc7e61b for 147538ms 5a49129c-fcc1-4df1-b4f9-e84c17474790 for 147538ms
2019-09-11 12:48:04,029 [java.util.concurrent.ThreadPoolExecutor$Worker@4a186632[State = -1, empty queue]] WARN  server.GrpcLogAppender (GrpcLogAppender.java:timeoutAppendRequest(200)) - 608419ff-9e1e-46ed-b668-4d330b5fd69a@group-791F85AA1D09->a355c4c2-cbce-4d32-ac2d-5d7efcc7e61b-GrpcLogAppender: appendEntries Timeout, request=608419ff-9e1e-46ed-b668-4d330b5fd69a->a355c4c2-cbce-4d32-ac2d-5d7efcc7e61b#149-t1, previous=(t:1, i:17), leaderCommit=10, initializing? false, entries: <empty>
2019-09-11 12:48:04,030 [java.util.concurrent.ThreadPoolExecutor$Worker@609f90f[State = -1, empty queue]] WARN  server.GrpcLogAppender (GrpcLogAppender.java:timeoutAppendRequest(200)) - 608419ff-9e1e-46ed-b668-4d330b5fd69a@group-791F85AA1D09->5a49129c-fcc1-4df1-b4f9-e84c17474790-GrpcLogAppender: appendEntries Timeout, request=608419ff-9e1e-46ed-b668-4d330b5fd69a->5a49129c-fcc1-4df1-b4f9-e84c17474790#149-t1, previous=(t:1, i:17), leaderCommit=10, initializing? false, entries: <empty>
2019-09-11 12:48:04,523 [EventQueue-PipelineActionsForPipelineActionHandler] ERROR pipeline.PipelineActionHandler (PipelineActionHandler.java:onMessage(60)) - Received pipeline action CLOSE for Pipeline[ Id: 4225135a-f45b-446d-abd4-791f85aa1d09, Nodes: a355c4c2-cbce-4d32-ac2d-5d7efcc7e61b{ip: 192.168.69.81, host: pr-hdds-2109-6lgm5-4208394744, networkLocation: /default-rack, certSerialId: null}608419ff-9e1e-46ed-b668-4d330b5fd69a{ip: 192.168.69.81, host: pr-hdds-2109-6lgm5-4208394744, networkLocation: /default-rack, certSerialId: null}5a49129c-fcc1-4df1-b4f9-e84c17474790{ip: 192.168.69.81, host: pr-hdds-2109-6lgm5-4208394744, networkLocation: /default-rack, certSerialId: null}, Type:RATIS, Factor:THREE, State:CLOSED] from datanode 608419ff-9e1e-46ed-b668-4d330b5fd69a{ip: 192.168.69.81, host: pr-hdds-2109-6lgm5-4208394744, networkLocation: /default-rack, certSerialId: null}. Reason : 608419ff-9e1e-46ed-b668-4d330b5fd69a has not seen follower/s a355c4c2-cbce-4d32-ac2d-5d7efcc7e61b for 147538ms 5a49129c-fcc1-4df1-b4f9-e84c17474790 for 147538ms
2019-09-11 12:48:04,523 [EventQueue-PipelineActionsForPipelineActionHandler] INFO  pipeline.SCMPipelineManager (SCMPipelineManager.java:finalizeAndDestroyPipeline(311)) - destroying pipeline:Pipeline[ Id: 4225135a-f45b-446d-abd4-791f85aa1d09, Nodes: a355c4c2-cbce-4d32-ac2d-5d7efcc7e61b{ip: 192.168.69.81, host: pr-hdds-2109-6lgm5-4208394744, networkLocation: /default-rack, certSerialId: null}608419ff-9e1e-46ed-b668-4d330b5fd69a{ip: 192.168.69.81, host: pr-hdds-2109-6lgm5-4208394744, networkLocation: /default-rack, certSerialId: null}5a49129c-fcc1-4df1-b4f9-e84c17474790{ip: 192.168.69.81, host: pr-hdds-2109-6lgm5-4208394744, networkLocation: /default-rack, certSerialId: null}, Type:RATIS, Factor:THREE, State:CLOSED]
2019-09-11 12:48:06,031 [org.apache.ratis.server.impl.LogAppender$AppenderDaemon$$Lambda$485/1842952795@66a73b40] ERROR ratis.XceiverServerRatis (XceiverServerRatis.java:triggerPipelineClose(568)) - pipeline Action CLOSE  on pipeline PipelineID=4225135a-f45b-446d-abd4-791f85aa1d09.Reason : 608419ff-9e1e-46ed-b668-4d330b5fd69a has not seen follower/s a355c4c2-cbce-4d32-ac2d-5d7efcc7e61b for 150039ms 5a49129c-fcc1-4df1-b4f9-e84c17474790 for 150039ms
2019-09-11 12:48:06,031 [org.apache.ratis.server.impl.LogAppender$AppenderDaemon$$Lambda$485/1842952795@216c616e] ERROR ratis.XceiverServerRatis (XceiverServerRatis.java:triggerPipelineClose(568)) - pipeline Action CLOSE  on pipeline PipelineID=4225135a-f45b-446d-abd4-791f85aa1d09.Reason : 608419ff-9e1e-46ed-b668-4d330b5fd69a has not seen follower/s a355c4c2-cbce-4d32-ac2d-5d7efcc7e61b for 150039ms 5a49129c-fcc1-4df1-b4f9-e84c17474790 for 150038ms
2019-09-11 12:48:06,258 [a355c4c2-cbce-4d32-ac2d-5d7efcc7e61b@group-791F85AA1D09-SegmentedRaftLogWorker] WARN  segmented.SegmentedRaftLogWorker (SegmentedRaftLogWorker.java:getFromFuture(90)) - Timeout 14/~
org.apache.ratis.protocol.TimeoutIOException: Timeout 10s: WriteLog:11: (t:1, i:11), STATEMACHINELOGENTRY, client-D34D2F077373, cid=142-writeStateMachineData
	at org.apache.ratis.util.IOUtils.getFromFuture(IOUtils.java:87)
	at org.apache.ratis.server.raftlog.segmented.SegmentedRaftLogWorker$StateMachineDataPolicy.getFromFuture(SegmentedRaftLogWorker.java:87)
	at org.apache.ratis.server.raftlog.segmented.SegmentedRaftLogWorker$WriteLog.execute(SegmentedRaftLogWorker.java:477)
	at org.apache.ratis.server.raftlog.segmented.SegmentedRaftLogWorker.run(SegmentedRaftLogWorker.java:289)
	at java.lang.Thread.run(Thread.java:748)
Caused by: java.util.concurrent.TimeoutException
	at java.util.concurrent.CompletableFuture.timedGet(CompletableFuture.java:1771)
	at java.util.concurrent.CompletableFuture.get(CompletableFuture.java:1915)
	at org.apache.ratis.util.IOUtils.getFromFuture(IOUtils.java:79)
	... 4 more
2019-09-11 12:48:06,271 [5a49129c-fcc1-4df1-b4f9-e84c17474790@group-791F85AA1D09-SegmentedRaftLogWorker] WARN  segmented.SegmentedRaftLogWorker (SegmentedRaftLogWorker.java:getFromFuture(90)) - Timeout 14/~
org.apache.ratis.protocol.TimeoutIOException: Timeout 10s: WriteLog:11: (t:1, i:11), STATEMACHINELOGENTRY, client-D34D2F077373, cid=142-writeStateMachineData
	at org.apache.ratis.util.IOUtils.getFromFuture(IOUtils.java:87)
	at org.apache.ratis.server.raftlog.segmented.SegmentedRaftLogWorker$StateMachineDataPolicy.getFromFuture(SegmentedRaftLogWorker.java:87)
	at org.apache.ratis.server.raftlog.segmented.SegmentedRaftLogWorker$WriteLog.execute(SegmentedRaftLogWorker.java:477)
	at org.apache.ratis.server.raftlog.segmented.SegmentedRaftLogWorker.run(SegmentedRaftLogWorker.java:289)
	at java.lang.Thread.run(Thread.java:748)
Caused by: java.util.concurrent.TimeoutException
	at java.util.concurrent.CompletableFuture.timedGet(CompletableFuture.java:1771)
	at java.util.concurrent.CompletableFuture.get(CompletableFuture.java:1915)
	at org.apache.ratis.util.IOUtils.getFromFuture(IOUtils.java:79)
	... 4 more
2019-09-11 12:48:06,412 [608419ff-9e1e-46ed-b668-4d330b5fd69a@group-791F85AA1D09-SegmentedRaftLogWorker] WARN  segmented.SegmentedRaftLogWorker (SegmentedRaftLogWorker.java:getFromFuture(90)) - Timeout 14/~
org.apache.ratis.protocol.TimeoutIOException: Timeout 10s: WriteLog:12: (t:1, i:12), STATEMACHINELOGENTRY, client-D34D2F077373, cid=143-writeStateMachineData
	at org.apache.ratis.util.IOUtils.getFromFuture(IOUtils.java:87)
	at org.apache.ratis.server.raftlog.segmented.SegmentedRaftLogWorker$StateMachineDataPolicy.getFromFuture(SegmentedRaftLogWorker.java:87)
	at org.apache.ratis.server.raftlog.segmented.SegmentedRaftLogWorker$WriteLog.execute(SegmentedRaftLogWorker.java:477)
	at org.apache.ratis.server.raftlog.segmented.SegmentedRaftLogWorker.run(SegmentedRaftLogWorker.java:289)
	at java.lang.Thread.run(Thread.java:748)
Caused by: java.util.concurrent.TimeoutException
	at java.util.concurrent.CompletableFuture.timedGet(CompletableFuture.java:1771)
	at java.util.concurrent.CompletableFuture.get(CompletableFuture.java:1915)
	at org.apache.ratis.util.IOUtils.getFromFuture(IOUtils.java:79)
	... 4 more
2019-09-11 12:48:06,522 [EventQueue-PipelineActionsForPipelineActionHandler] ERROR pipeline.PipelineActionHandler (PipelineActionHandler.java:onMessage(60)) - Received pipeline action CLOSE for Pipeline[ Id: 4225135a-f45b-446d-abd4-791f85aa1d09, Nodes: a355c4c2-cbce-4d32-ac2d-5d7efcc7e61b{ip: 192.168.69.81, host: pr-hdds-2109-6lgm5-4208394744, networkLocation: /default-rack, certSerialId: null}608419ff-9e1e-46ed-b668-4d330b5fd69a{ip: 192.168.69.81, host: pr-hdds-2109-6lgm5-4208394744, networkLocation: /default-rack, certSerialId: null}5a49129c-fcc1-4df1-b4f9-e84c17474790{ip: 192.168.69.81, host: pr-hdds-2109-6lgm5-4208394744, networkLocation: /default-rack, certSerialId: null}, Type:RATIS, Factor:THREE, State:CLOSED] from datanode 608419ff-9e1e-46ed-b668-4d330b5fd69a{ip: 192.168.69.81, host: pr-hdds-2109-6lgm5-4208394744, networkLocation: /default-rack, certSerialId: null}. Reason : 608419ff-9e1e-46ed-b668-4d330b5fd69a has not seen follower/s a355c4c2-cbce-4d32-ac2d-5d7efcc7e61b for 150039ms 5a49129c-fcc1-4df1-b4f9-e84c17474790 for 150039ms
2019-09-11 12:48:06,523 [EventQueue-PipelineActionsForPipelineActionHandler] INFO  pipeline.SCMPipelineManager (SCMPipelineManager.java:finalizeAndDestroyPipeline(311)) - destroying pipeline:Pipeline[ Id: 4225135a-f45b-446d-abd4-791f85aa1d09, Nodes: a355c4c2-cbce-4d32-ac2d-5d7efcc7e61b{ip: 192.168.69.81, host: pr-hdds-2109-6lgm5-4208394744, networkLocation: /default-rack, certSerialId: null}608419ff-9e1e-46ed-b668-4d330b5fd69a{ip: 192.168.69.81, host: pr-hdds-2109-6lgm5-4208394744, networkLocation: /default-rack, certSerialId: null}5a49129c-fcc1-4df1-b4f9-e84c17474790{ip: 192.168.69.81, host: pr-hdds-2109-6lgm5-4208394744, networkLocation: /default-rack, certSerialId: null}, Type:RATIS, Factor:THREE, State:CLOSED]
2019-09-11 12:48:06,530 [java.util.concurrent.ThreadPoolExecutor$Worker@4a186632[State = -1, empty queue]] WARN  server.GrpcLogAppender (GrpcLogAppender.java:timeoutAppendRequest(200)) - 608419ff-9e1e-46ed-b668-4d330b5fd69a@group-791F85AA1D09->a355c4c2-cbce-4d32-ac2d-5d7efcc7e61b-GrpcLogAppender: appendEntries Timeout, request=608419ff-9e1e-46ed-b668-4d330b5fd69a->a355c4c2-cbce-4d32-ac2d-5d7efcc7e61b#150-t1, previous=(t:1, i:17), leaderCommit=10, initializing? false, entries: <empty>
2019-09-11 12:48:06,530 [java.util.concurrent.ThreadPoolExecutor$Worker@609f90f[State = -1, empty queue]] WARN  server.GrpcLogAppender (GrpcLogAppender.java:timeoutAppendRequest(200)) - 608419ff-9e1e-46ed-b668-4d330b5fd69a@group-791F85AA1D09->5a49129c-fcc1-4df1-b4f9-e84c17474790-GrpcLogAppender: appendEntries Timeout, request=608419ff-9e1e-46ed-b668-4d330b5fd69a->5a49129c-fcc1-4df1-b4f9-e84c17474790#150-t1, previous=(t:1, i:17), leaderCommit=10, initializing? false, entries: <empty>
2019-09-11 12:48:07,457 [grpc-default-executor-7] INFO  client.GrpcClientProtocolClient (GrpcClientProtocolClient.java:onNext(264)) - client-D34D2F077373->5a49129c-fcc1-4df1-b4f9-e84c17474790: receive RaftClientReply:client-D34D2F077373->5a49129c-fcc1-4df1-b4f9-e84c17474790@group-791F85AA1D09, cid=142, FAILED org.apache.ratis.protocol.NotLeaderException: Server 5a49129c-fcc1-4df1-b4f9-e84c17474790@group-791F85AA1D09 is not the leader 608419ff-9e1e-46ed-b668-4d330b5fd69a:192.168.69.81:34716, logIndex=0, commits[5a49129c-fcc1-4df1-b4f9-e84c17474790:c10, a355c4c2-cbce-4d32-ac2d-5d7efcc7e61b:c9, 608419ff-9e1e-46ed-b668-4d330b5fd69a:c10]
2019-09-11 12:48:08,532 [org.apache.ratis.server.impl.LogAppender$AppenderDaemon$$Lambda$485/1842952795@216c616e] ERROR ratis.XceiverServerRatis (XceiverServerRatis.java:triggerPipelineClose(568)) - pipeline Action CLOSE  on pipeline PipelineID=4225135a-f45b-446d-abd4-791f85aa1d09.Reason : 608419ff-9e1e-46ed-b668-4d330b5fd69a has not seen follower/s a355c4c2-cbce-4d32-ac2d-5d7efcc7e61b for 152539ms 5a49129c-fcc1-4df1-b4f9-e84c17474790 for 152539ms
2019-09-11 12:48:08,532 [org.apache.ratis.server.impl.LogAppender$AppenderDaemon$$Lambda$485/1842952795@66a73b40] ERROR ratis.XceiverServerRatis (XceiverServerRatis.java:triggerPipelineClose(568)) - pipeline Action CLOSE  on pipeline PipelineID=4225135a-f45b-446d-abd4-791f85aa1d09.Reason : 608419ff-9e1e-46ed-b668-4d330b5fd69a has not seen follower/s a355c4c2-cbce-4d32-ac2d-5d7efcc7e61b for 152540ms 5a49129c-fcc1-4df1-b4f9-e84c17474790 for 152540ms
2019-09-11 12:48:09,031 [java.util.concurrent.ThreadPoolExecutor$Worker@609f90f[State = -1, empty queue]] WARN  server.GrpcLogAppender (GrpcLogAppender.java:timeoutAppendRequest(200)) - 608419ff-9e1e-46ed-b668-4d330b5fd69a@group-791F85AA1D09->5a49129c-fcc1-4df1-b4f9-e84c17474790-GrpcLogAppender: appendEntries Timeout, request=608419ff-9e1e-46ed-b668-4d330b5fd69a->5a49129c-fcc1-4df1-b4f9-e84c17474790#151-t1, previous=(t:1, i:17), leaderCommit=10, initializing? false, entries: <empty>
2019-09-11 12:48:09,031 [java.util.concurrent.ThreadPoolExecutor$Worker@4a186632[State = -1, empty queue]] WARN  server.GrpcLogAppender (GrpcLogAppender.java:timeoutAppendRequest(200)) - 608419ff-9e1e-46ed-b668-4d330b5fd69a@group-791F85AA1D09->a355c4c2-cbce-4d32-ac2d-5d7efcc7e61b-GrpcLogAppender: appendEntries Timeout, request=608419ff-9e1e-46ed-b668-4d330b5fd69a->a355c4c2-cbce-4d32-ac2d-5d7efcc7e61b#151-t1, previous=(t:1, i:17), leaderCommit=10, initializing? false, entries: <empty>
2019-09-11 12:48:09,522 [EventQueue-PipelineActionsForPipelineActionHandler] ERROR pipeline.PipelineActionHandler (PipelineActionHandler.java:onMessage(60)) - Received pipeline action CLOSE for Pipeline[ Id: 4225135a-f45b-446d-abd4-791f85aa1d09, Nodes: a355c4c2-cbce-4d32-ac2d-5d7efcc7e61b{ip: 192.168.69.81, host: pr-hdds-2109-6lgm5-4208394744, networkLocation: /default-rack, certSerialId: null}608419ff-9e1e-46ed-b668-4d330b5fd69a{ip: 192.168.69.81, host: pr-hdds-2109-6lgm5-4208394744, networkLocation: /default-rack, certSerialId: null}5a49129c-fcc1-4df1-b4f9-e84c17474790{ip: 192.168.69.81, host: pr-hdds-2109-6lgm5-4208394744, networkLocation: /default-rack, certSerialId: null}, Type:RATIS, Factor:THREE, State:CLOSED] from datanode 608419ff-9e1e-46ed-b668-4d330b5fd69a{ip: 192.168.69.81, host: pr-hdds-2109-6lgm5-4208394744, networkLocation: /default-rack, certSerialId: null}. Reason : 608419ff-9e1e-46ed-b668-4d330b5fd69a has not seen follower/s a355c4c2-cbce-4d32-ac2d-5d7efcc7e61b for 152539ms 5a49129c-fcc1-4df1-b4f9-e84c17474790 for 152539ms
2019-09-11 12:48:09,523 [EventQueue-PipelineActionsForPipelineActionHandler] INFO  pipeline.SCMPipelineManager (SCMPipelineManager.java:finalizeAndDestroyPipeline(311)) - destroying pipeline:Pipeline[ Id: 4225135a-f45b-446d-abd4-791f85aa1d09, Nodes: a355c4c2-cbce-4d32-ac2d-5d7efcc7e61b{ip: 192.168.69.81, host: pr-hdds-2109-6lgm5-4208394744, networkLocation: /default-rack, certSerialId: null}608419ff-9e1e-46ed-b668-4d330b5fd69a{ip: 192.168.69.81, host: pr-hdds-2109-6lgm5-4208394744, networkLocation: /default-rack, certSerialId: null}5a49129c-fcc1-4df1-b4f9-e84c17474790{ip: 192.168.69.81, host: pr-hdds-2109-6lgm5-4208394744, networkLocation: /default-rack, certSerialId: null}, Type:RATIS, Factor:THREE, State:CLOSED]
2019-09-11 12:48:11,033 [org.apache.ratis.server.impl.LogAppender$AppenderDaemon$$Lambda$485/1842952795@216c616e] ERROR ratis.XceiverServerRatis (XceiverServerRatis.java:triggerPipelineClose(568)) - pipeline Action CLOSE  on pipeline PipelineID=4225135a-f45b-446d-abd4-791f85aa1d09.Reason : 608419ff-9e1e-46ed-b668-4d330b5fd69a has not seen follower/s a355c4c2-cbce-4d32-ac2d-5d7efcc7e61b for 155040ms 5a49129c-fcc1-4df1-b4f9-e84c17474790 for 155040ms
2019-09-11 12:48:11,033 [org.apache.ratis.server.impl.LogAppender$AppenderDaemon$$Lambda$485/1842952795@66a73b40] ERROR ratis.XceiverServerRatis (XceiverServerRatis.java:triggerPipelineClose(568)) - pipeline Action CLOSE  on pipeline PipelineID=4225135a-f45b-446d-abd4-791f85aa1d09.Reason : 608419ff-9e1e-46ed-b668-4d330b5fd69a has not seen follower/s a355c4c2-cbce-4d32-ac2d-5d7efcc7e61b for 155041ms 5a49129c-fcc1-4df1-b4f9-e84c17474790 for 155041ms
2019-09-11 12:48:11,522 [EventQueue-PipelineActionsForPipelineActionHandler] ERROR pipeline.PipelineActionHandler (PipelineActionHandler.java:onMessage(60)) - Received pipeline action CLOSE for Pipeline[ Id: 4225135a-f45b-446d-abd4-791f85aa1d09, Nodes: a355c4c2-cbce-4d32-ac2d-5d7efcc7e61b{ip: 192.168.69.81, host: pr-hdds-2109-6lgm5-4208394744, networkLocation: /default-rack, certSerialId: null}608419ff-9e1e-46ed-b668-4d330b5fd69a{ip: 192.168.69.81, host: pr-hdds-2109-6lgm5-4208394744, networkLocation: /default-rack, certSerialId: null}5a49129c-fcc1-4df1-b4f9-e84c17474790{ip: 192.168.69.81, host: pr-hdds-2109-6lgm5-4208394744, networkLocation: /default-rack, certSerialId: null}, Type:RATIS, Factor:THREE, State:CLOSED] from datanode 608419ff-9e1e-46ed-b668-4d330b5fd69a{ip: 192.168.69.81, host: pr-hdds-2109-6lgm5-4208394744, networkLocation: /default-rack, certSerialId: null}. Reason : 608419ff-9e1e-46ed-b668-4d330b5fd69a has not seen follower/s a355c4c2-cbce-4d32-ac2d-5d7efcc7e61b for 155040ms 5a49129c-fcc1-4df1-b4f9-e84c17474790 for 155040ms
2019-09-11 12:48:11,522 [EventQueue-PipelineActionsForPipelineActionHandler] INFO  pipeline.SCMPipelineManager (SCMPipelineManager.java:finalizeAndDestroyPipeline(311)) - destroying pipeline:Pipeline[ Id: 4225135a-f45b-446d-abd4-791f85aa1d09, Nodes: a355c4c2-cbce-4d32-ac2d-5d7efcc7e61b{ip: 192.168.69.81, host: pr-hdds-2109-6lgm5-4208394744, networkLocation: /default-rack, certSerialId: null}608419ff-9e1e-46ed-b668-4d330b5fd69a{ip: 192.168.69.81, host: pr-hdds-2109-6lgm5-4208394744, networkLocation: /default-rack, certSerialId: null}5a49129c-fcc1-4df1-b4f9-e84c17474790{ip: 192.168.69.81, host: pr-hdds-2109-6lgm5-4208394744, networkLocation: /default-rack, certSerialId: null}, Type:RATIS, Factor:THREE, State:CLOSED]
2019-09-11 12:48:11,532 [java.util.concurrent.ThreadPoolExecutor$Worker@609f90f[State = -1, empty queue]] WARN  server.GrpcLogAppender (GrpcLogAppender.java:timeoutAppendRequest(200)) - 608419ff-9e1e-46ed-b668-4d330b5fd69a@group-791F85AA1D09->5a49129c-fcc1-4df1-b4f9-e84c17474790-GrpcLogAppender: appendEntries Timeout, request=608419ff-9e1e-46ed-b668-4d330b5fd69a->5a49129c-fcc1-4df1-b4f9-e84c17474790#152-t1, previous=(t:1, i:17), leaderCommit=10, initializing? false, entries: <empty>
2019-09-11 12:48:11,532 [java.util.concurrent.ThreadPoolExecutor$Worker@4a186632[State = -1, empty queue]] WARN  server.GrpcLogAppender (GrpcLogAppender.java:timeoutAppendRequest(200)) - 608419ff-9e1e-46ed-b668-4d330b5fd69a@group-791F85AA1D09->a355c4c2-cbce-4d32-ac2d-5d7efcc7e61b-GrpcLogAppender: appendEntries Timeout, request=608419ff-9e1e-46ed-b668-4d330b5fd69a->a355c4c2-cbce-4d32-ac2d-5d7efcc7e61b#152-t1, previous=(t:1, i:17), leaderCommit=10, initializing? false, entries: <empty>
2019-09-11 12:48:12,504 [grpc-default-executor-4] INFO  client.GrpcClientProtocolClient (GrpcClientProtocolClient.java:onNext(264)) - client-D34D2F077373->a355c4c2-cbce-4d32-ac2d-5d7efcc7e61b: receive RaftClientReply:client-D34D2F077373->a355c4c2-cbce-4d32-ac2d-5d7efcc7e61b@group-791F85AA1D09, cid=142, FAILED org.apache.ratis.protocol.NotLeaderException: Server a355c4c2-cbce-4d32-ac2d-5d7efcc7e61b@group-791F85AA1D09 is not the leader 608419ff-9e1e-46ed-b668-4d330b5fd69a:192.168.69.81:34716, logIndex=0, commits[a355c4c2-cbce-4d32-ac2d-5d7efcc7e61b:c10, 608419ff-9e1e-46ed-b668-4d330b5fd69a:c10, 5a49129c-fcc1-4df1-b4f9-e84c17474790:c9]
2019-09-11 12:48:13,534 [org.apache.ratis.server.impl.LogAppender$AppenderDaemon$$Lambda$485/1842952795@216c616e] ERROR ratis.XceiverServerRatis (XceiverServerRatis.java:triggerPipelineClose(568)) - pipeline Action CLOSE  on pipeline PipelineID=4225135a-f45b-446d-abd4-791f85aa1d09.Reason : 608419ff-9e1e-46ed-b668-4d330b5fd69a has not seen follower/s a355c4c2-cbce-4d32-ac2d-5d7efcc7e61b for 157542ms 5a49129c-fcc1-4df1-b4f9-e84c17474790 for 157542ms
2019-09-11 12:48:13,534 [org.apache.ratis.server.impl.LogAppender$AppenderDaemon$$Lambda$485/1842952795@66a73b40] ERROR ratis.XceiverServerRatis (XceiverServerRatis.java:triggerPipelineClose(568)) - pipeline Action CLOSE  on pipeline PipelineID=4225135a-f45b-446d-abd4-791f85aa1d09.Reason : 608419ff-9e1e-46ed-b668-4d330b5fd69a has not seen follower/s a355c4c2-cbce-4d32-ac2d-5d7efcc7e61b for 157542ms 5a49129c-fcc1-4df1-b4f9-e84c17474790 for 157542ms
2019-09-11 12:48:14,032 [java.util.concurrent.ThreadPoolExecutor$Worker@609f90f[State = -1, empty queue]] WARN  server.GrpcLogAppender (GrpcLogAppender.java:timeoutAppendRequest(200)) - 608419ff-9e1e-46ed-b668-4d330b5fd69a@group-791F85AA1D09->5a49129c-fcc1-4df1-b4f9-e84c17474790-GrpcLogAppender: appendEntries Timeout, request=608419ff-9e1e-46ed-b668-4d330b5fd69a->5a49129c-fcc1-4df1-b4f9-e84c17474790#153-t1, previous=(t:1, i:17), leaderCommit=10, initializing? false, entries: <empty>
2019-09-11 12:48:14,033 [java.util.concurrent.ThreadPoolExecutor$Worker@4a186632[State = -1, empty queue]] WARN  server.GrpcLogAppender (GrpcLogAppender.java:timeoutAppendRequest(200)) - 608419ff-9e1e-46ed-b668-4d330b5fd69a@group-791F85AA1D09->a355c4c2-cbce-4d32-ac2d-5d7efcc7e61b-GrpcLogAppender: appendEntries Timeout, request=608419ff-9e1e-46ed-b668-4d330b5fd69a->a355c4c2-cbce-4d32-ac2d-5d7efcc7e61b#153-t1, previous=(t:1, i:17), leaderCommit=10, initializing? false, entries: <empty>
2019-09-11 12:48:14,540 [EventQueue-PipelineActionsForPipelineActionHandler] ERROR pipeline.PipelineActionHandler (PipelineActionHandler.java:onMessage(60)) - Received pipeline action CLOSE for Pipeline[ Id: 4225135a-f45b-446d-abd4-791f85aa1d09, Nodes: a355c4c2-cbce-4d32-ac2d-5d7efcc7e61b{ip: 192.168.69.81, host: pr-hdds-2109-6lgm5-4208394744, networkLocation: /default-rack, certSerialId: null}608419ff-9e1e-46ed-b668-4d330b5fd69a{ip: 192.168.69.81, host: pr-hdds-2109-6lgm5-4208394744, networkLocation: /default-rack, certSerialId: null}5a49129c-fcc1-4df1-b4f9-e84c17474790{ip: 192.168.69.81, host: pr-hdds-2109-6lgm5-4208394744, networkLocation: /default-rack, certSerialId: null}, Type:RATIS, Factor:THREE, State:CLOSED] from datanode 608419ff-9e1e-46ed-b668-4d330b5fd69a{ip: 192.168.69.81, host: pr-hdds-2109-6lgm5-4208394744, networkLocation: /default-rack, certSerialId: null}. Reason : 608419ff-9e1e-46ed-b668-4d330b5fd69a has not seen follower/s a355c4c2-cbce-4d32-ac2d-5d7efcc7e61b for 157542ms 5a49129c-fcc1-4df1-b4f9-e84c17474790 for 157542ms
2019-09-11 12:48:14,541 [EventQueue-PipelineActionsForPipelineActionHandler] INFO  pipeline.SCMPipelineManager (SCMPipelineManager.java:finalizeAndDestroyPipeline(311)) - destroying pipeline:Pipeline[ Id: 4225135a-f45b-446d-abd4-791f85aa1d09, Nodes: a355c4c2-cbce-4d32-ac2d-5d7efcc7e61b{ip: 192.168.69.81, host: pr-hdds-2109-6lgm5-4208394744, networkLocation: /default-rack, certSerialId: null}608419ff-9e1e-46ed-b668-4d330b5fd69a{ip: 192.168.69.81, host: pr-hdds-2109-6lgm5-4208394744, networkLocation: /default-rack, certSerialId: null}5a49129c-fcc1-4df1-b4f9-e84c17474790{ip: 192.168.69.81, host: pr-hdds-2109-6lgm5-4208394744, networkLocation: /default-rack, certSerialId: null}, Type:RATIS, Factor:THREE, State:CLOSED]
2019-09-11 12:48:16,036 [org.apache.ratis.server.impl.LogAppender$AppenderDaemon$$Lambda$485/1842952795@216c616e] ERROR ratis.XceiverServerRatis (XceiverServerRatis.java:triggerPipelineClose(568)) - pipeline Action CLOSE  on pipeline PipelineID=4225135a-f45b-446d-abd4-791f85aa1d09.Reason : 608419ff-9e1e-46ed-b668-4d330b5fd69a has not seen follower/s a355c4c2-cbce-4d32-ac2d-5d7efcc7e61b for 160043ms 5a49129c-fcc1-4df1-b4f9-e84c17474790 for 160043ms
2019-09-11 12:48:16,036 [org.apache.ratis.server.impl.LogAppender$AppenderDaemon$$Lambda$485/1842952795@66a73b40] ERROR ratis.XceiverServerRatis (XceiverServerRatis.java:triggerPipelineClose(568)) - pipeline Action CLOSE  on pipeline PipelineID=4225135a-f45b-446d-abd4-791f85aa1d09.Reason : 608419ff-9e1e-46ed-b668-4d330b5fd69a has not seen follower/s a355c4c2-cbce-4d32-ac2d-5d7efcc7e61b for 160043ms 5a49129c-fcc1-4df1-b4f9-e84c17474790 for 160043ms
2019-09-11 12:48:16,259 [a355c4c2-cbce-4d32-ac2d-5d7efcc7e61b@group-791F85AA1D09-SegmentedRaftLogWorker] WARN  segmented.SegmentedRaftLogWorker (SegmentedRaftLogWorker.java:getFromFuture(90)) - Timeout 15/~
org.apache.ratis.protocol.TimeoutIOException: Timeout 10s: WriteLog:11: (t:1, i:11), STATEMACHINELOGENTRY, client-D34D2F077373, cid=142-writeStateMachineData
	at org.apache.ratis.util.IOUtils.getFromFuture(IOUtils.java:87)
	at org.apache.ratis.server.raftlog.segmented.SegmentedRaftLogWorker$StateMachineDataPolicy.getFromFuture(SegmentedRaftLogWorker.java:87)
	at org.apache.ratis.server.raftlog.segmented.SegmentedRaftLogWorker$WriteLog.execute(SegmentedRaftLogWorker.java:477)
	at org.apache.ratis.server.raftlog.segmented.SegmentedRaftLogWorker.run(SegmentedRaftLogWorker.java:289)
	at java.lang.Thread.run(Thread.java:748)
Caused by: java.util.concurrent.TimeoutException
	at java.util.concurrent.CompletableFuture.timedGet(CompletableFuture.java:1771)
	at java.util.concurrent.CompletableFuture.get(CompletableFuture.java:1915)
	at org.apache.ratis.util.IOUtils.getFromFuture(IOUtils.java:79)
	... 4 more
2019-09-11 12:48:16,271 [5a49129c-fcc1-4df1-b4f9-e84c17474790@group-791F85AA1D09-SegmentedRaftLogWorker] WARN  segmented.SegmentedRaftLogWorker (SegmentedRaftLogWorker.java:getFromFuture(90)) - Timeout 15/~
org.apache.ratis.protocol.TimeoutIOException: Timeout 10s: WriteLog:11: (t:1, i:11), STATEMACHINELOGENTRY, client-D34D2F077373, cid=142-writeStateMachineData
	at org.apache.ratis.util.IOUtils.getFromFuture(IOUtils.java:87)
	at org.apache.ratis.server.raftlog.segmented.SegmentedRaftLogWorker$StateMachineDataPolicy.getFromFuture(SegmentedRaftLogWorker.java:87)
	at org.apache.ratis.server.raftlog.segmented.SegmentedRaftLogWorker$WriteLog.execute(SegmentedRaftLogWorker.java:477)
	at org.apache.ratis.server.raftlog.segmented.SegmentedRaftLogWorker.run(SegmentedRaftLogWorker.java:289)
	at java.lang.Thread.run(Thread.java:748)
Caused by: java.util.concurrent.TimeoutException
	at java.util.concurrent.CompletableFuture.timedGet(CompletableFuture.java:1771)
	at java.util.concurrent.CompletableFuture.get(CompletableFuture.java:1915)
	at org.apache.ratis.util.IOUtils.getFromFuture(IOUtils.java:79)
	... 4 more
2019-09-11 12:48:16,413 [608419ff-9e1e-46ed-b668-4d330b5fd69a@group-791F85AA1D09-SegmentedRaftLogWorker] WARN  segmented.SegmentedRaftLogWorker (SegmentedRaftLogWorker.java:getFromFuture(90)) - Timeout 15/~
org.apache.ratis.protocol.TimeoutIOException: Timeout 10s: WriteLog:12: (t:1, i:12), STATEMACHINELOGENTRY, client-D34D2F077373, cid=143-writeStateMachineData
	at org.apache.ratis.util.IOUtils.getFromFuture(IOUtils.java:87)
	at org.apache.ratis.server.raftlog.segmented.SegmentedRaftLogWorker$StateMachineDataPolicy.getFromFuture(SegmentedRaftLogWorker.java:87)
	at org.apache.ratis.server.raftlog.segmented.SegmentedRaftLogWorker$WriteLog.execute(SegmentedRaftLogWorker.java:477)
	at org.apache.ratis.server.raftlog.segmented.SegmentedRaftLogWorker.run(SegmentedRaftLogWorker.java:289)
	at java.lang.Thread.run(Thread.java:748)
Caused by: java.util.concurrent.TimeoutException
	at java.util.concurrent.CompletableFuture.timedGet(CompletableFuture.java:1771)
	at java.util.concurrent.CompletableFuture.get(CompletableFuture.java:1915)
	at org.apache.ratis.util.IOUtils.getFromFuture(IOUtils.java:79)
	... 4 more
2019-09-11 12:48:16,534 [java.util.concurrent.ThreadPoolExecutor$Worker@609f90f[State = -1, empty queue]] WARN  server.GrpcLogAppender (GrpcLogAppender.java:timeoutAppendRequest(200)) - 608419ff-9e1e-46ed-b668-4d330b5fd69a@group-791F85AA1D09->5a49129c-fcc1-4df1-b4f9-e84c17474790-GrpcLogAppender: appendEntries Timeout, request=608419ff-9e1e-46ed-b668-4d330b5fd69a->5a49129c-fcc1-4df1-b4f9-e84c17474790#154-t1, previous=(t:1, i:17), leaderCommit=10, initializing? false, entries: <empty>
2019-09-11 12:48:16,534 [java.util.concurrent.ThreadPoolExecutor$Worker@4a186632[State = -1, empty queue]] WARN  server.GrpcLogAppender (GrpcLogAppender.java:timeoutAppendRequest(200)) - 608419ff-9e1e-46ed-b668-4d330b5fd69a@group-791F85AA1D09->a355c4c2-cbce-4d32-ac2d-5d7efcc7e61b-GrpcLogAppender: appendEntries Timeout, request=608419ff-9e1e-46ed-b668-4d330b5fd69a->a355c4c2-cbce-4d32-ac2d-5d7efcc7e61b#154-t1, previous=(t:1, i:17), leaderCommit=10, initializing? false, entries: <empty>
2019-09-11 12:48:16,543 [EventQueue-PipelineActionsForPipelineActionHandler] ERROR pipeline.PipelineActionHandler (PipelineActionHandler.java:onMessage(60)) - Received pipeline action CLOSE for Pipeline[ Id: 4225135a-f45b-446d-abd4-791f85aa1d09, Nodes: a355c4c2-cbce-4d32-ac2d-5d7efcc7e61b{ip: 192.168.69.81, host: pr-hdds-2109-6lgm5-4208394744, networkLocation: /default-rack, certSerialId: null}608419ff-9e1e-46ed-b668-4d330b5fd69a{ip: 192.168.69.81, host: pr-hdds-2109-6lgm5-4208394744, networkLocation: /default-rack, certSerialId: null}5a49129c-fcc1-4df1-b4f9-e84c17474790{ip: 192.168.69.81, host: pr-hdds-2109-6lgm5-4208394744, networkLocation: /default-rack, certSerialId: null}, Type:RATIS, Factor:THREE, State:CLOSED] from datanode 608419ff-9e1e-46ed-b668-4d330b5fd69a{ip: 192.168.69.81, host: pr-hdds-2109-6lgm5-4208394744, networkLocation: /default-rack, certSerialId: null}. Reason : 608419ff-9e1e-46ed-b668-4d330b5fd69a has not seen follower/s a355c4c2-cbce-4d32-ac2d-5d7efcc7e61b for 160043ms 5a49129c-fcc1-4df1-b4f9-e84c17474790 for 160043ms
2019-09-11 12:48:16,544 [EventQueue-PipelineActionsForPipelineActionHandler] INFO  pipeline.SCMPipelineManager (SCMPipelineManager.java:finalizeAndDestroyPipeline(311)) - destroying pipeline:Pipeline[ Id: 4225135a-f45b-446d-abd4-791f85aa1d09, Nodes: a355c4c2-cbce-4d32-ac2d-5d7efcc7e61b{ip: 192.168.69.81, host: pr-hdds-2109-6lgm5-4208394744, networkLocation: /default-rack, certSerialId: null}608419ff-9e1e-46ed-b668-4d330b5fd69a{ip: 192.168.69.81, host: pr-hdds-2109-6lgm5-4208394744, networkLocation: /default-rack, certSerialId: null}5a49129c-fcc1-4df1-b4f9-e84c17474790{ip: 192.168.69.81, host: pr-hdds-2109-6lgm5-4208394744, networkLocation: /default-rack, certSerialId: null}, Type:RATIS, Factor:THREE, State:CLOSED]
2019-09-11 12:48:17,565 [grpc-default-executor-7] INFO  client.GrpcClientProtocolClient (GrpcClientProtocolClient.java:onNext(264)) - client-D34D2F077373->a355c4c2-cbce-4d32-ac2d-5d7efcc7e61b: receive RaftClientReply:client-D34D2F077373->a355c4c2-cbce-4d32-ac2d-5d7efcc7e61b@group-791F85AA1D09, cid=142, FAILED org.apache.ratis.protocol.NotLeaderException: Server a355c4c2-cbce-4d32-ac2d-5d7efcc7e61b@group-791F85AA1D09 is not the leader 608419ff-9e1e-46ed-b668-4d330b5fd69a:192.168.69.81:34716, logIndex=0, commits[a355c4c2-cbce-4d32-ac2d-5d7efcc7e61b:c10, 608419ff-9e1e-46ed-b668-4d330b5fd69a:c10, 5a49129c-fcc1-4df1-b4f9-e84c17474790:c9]
2019-09-11 12:48:18,536 [org.apache.ratis.server.impl.LogAppender$AppenderDaemon$$Lambda$485/1842952795@66a73b40] ERROR ratis.XceiverServerRatis (XceiverServerRatis.java:triggerPipelineClose(568)) - pipeline Action CLOSE  on pipeline PipelineID=4225135a-f45b-446d-abd4-791f85aa1d09.Reason : 608419ff-9e1e-46ed-b668-4d330b5fd69a has not seen follower/s a355c4c2-cbce-4d32-ac2d-5d7efcc7e61b for 162544ms 5a49129c-fcc1-4df1-b4f9-e84c17474790 for 162543ms
2019-09-11 12:48:18,536 [org.apache.ratis.server.impl.LogAppender$AppenderDaemon$$Lambda$485/1842952795@216c616e] ERROR ratis.XceiverServerRatis (XceiverServerRatis.java:triggerPipelineClose(568)) - pipeline Action CLOSE  on pipeline PipelineID=4225135a-f45b-446d-abd4-791f85aa1d09.Reason : 608419ff-9e1e-46ed-b668-4d330b5fd69a has not seen follower/s a355c4c2-cbce-4d32-ac2d-5d7efcc7e61b for 162544ms 5a49129c-fcc1-4df1-b4f9-e84c17474790 for 162543ms
2019-09-11 12:48:18,542 [EventQueue-PipelineActionsForPipelineActionHandler] ERROR pipeline.PipelineActionHandler (PipelineActionHandler.java:onMessage(60)) - Received pipeline action CLOSE for Pipeline[ Id: 4225135a-f45b-446d-abd4-791f85aa1d09, Nodes: a355c4c2-cbce-4d32-ac2d-5d7efcc7e61b{ip: 192.168.69.81, host: pr-hdds-2109-6lgm5-4208394744, networkLocation: /default-rack, certSerialId: null}608419ff-9e1e-46ed-b668-4d330b5fd69a{ip: 192.168.69.81, host: pr-hdds-2109-6lgm5-4208394744, networkLocation: /default-rack, certSerialId: null}5a49129c-fcc1-4df1-b4f9-e84c17474790{ip: 192.168.69.81, host: pr-hdds-2109-6lgm5-4208394744, networkLocation: /default-rack, certSerialId: null}, Type:RATIS, Factor:THREE, State:CLOSED] from datanode 608419ff-9e1e-46ed-b668-4d330b5fd69a{ip: 192.168.69.81, host: pr-hdds-2109-6lgm5-4208394744, networkLocation: /default-rack, certSerialId: null}. Reason : 608419ff-9e1e-46ed-b668-4d330b5fd69a has not seen follower/s a355c4c2-cbce-4d32-ac2d-5d7efcc7e61b for 162544ms 5a49129c-fcc1-4df1-b4f9-e84c17474790 for 162543ms
2019-09-11 12:48:18,542 [EventQueue-PipelineActionsForPipelineActionHandler] INFO  pipeline.SCMPipelineManager (SCMPipelineManager.java:finalizeAndDestroyPipeline(311)) - destroying pipeline:Pipeline[ Id: 4225135a-f45b-446d-abd4-791f85aa1d09, Nodes: a355c4c2-cbce-4d32-ac2d-5d7efcc7e61b{ip: 192.168.69.81, host: pr-hdds-2109-6lgm5-4208394744, networkLocation: /default-rack, certSerialId: null}608419ff-9e1e-46ed-b668-4d330b5fd69a{ip: 192.168.69.81, host: pr-hdds-2109-6lgm5-4208394744, networkLocation: /default-rack, certSerialId: null}5a49129c-fcc1-4df1-b4f9-e84c17474790{ip: 192.168.69.81, host: pr-hdds-2109-6lgm5-4208394744, networkLocation: /default-rack, certSerialId: null}, Type:RATIS, Factor:THREE, State:CLOSED]
2019-09-11 12:48:19,035 [java.util.concurrent.ThreadPoolExecutor$Worker@609f90f[State = -1, empty queue]] WARN  server.GrpcLogAppender (GrpcLogAppender.java:timeoutAppendRequest(200)) - 608419ff-9e1e-46ed-b668-4d330b5fd69a@group-791F85AA1D09->5a49129c-fcc1-4df1-b4f9-e84c17474790-GrpcLogAppender: appendEntries Timeout, request=608419ff-9e1e-46ed-b668-4d330b5fd69a->5a49129c-fcc1-4df1-b4f9-e84c17474790#155-t1, previous=(t:1, i:17), leaderCommit=10, initializing? false, entries: <empty>
2019-09-11 12:48:19,035 [java.util.concurrent.ThreadPoolExecutor$Worker@4a186632[State = -1, empty queue]] WARN  server.GrpcLogAppender (GrpcLogAppender.java:timeoutAppendRequest(200)) - 608419ff-9e1e-46ed-b668-4d330b5fd69a@group-791F85AA1D09->a355c4c2-cbce-4d32-ac2d-5d7efcc7e61b-GrpcLogAppender: appendEntries Timeout, request=608419ff-9e1e-46ed-b668-4d330b5fd69a->a355c4c2-cbce-4d32-ac2d-5d7efcc7e61b#155-t1, previous=(t:1, i:17), leaderCommit=10, initializing? false, entries: <empty>
2019-09-11 12:48:21,037 [org.apache.ratis.server.impl.LogAppender$AppenderDaemon$$Lambda$485/1842952795@66a73b40] ERROR ratis.XceiverServerRatis (XceiverServerRatis.java:triggerPipelineClose(568)) - pipeline Action CLOSE  on pipeline PipelineID=4225135a-f45b-446d-abd4-791f85aa1d09.Reason : 608419ff-9e1e-46ed-b668-4d330b5fd69a has not seen follower/s a355c4c2-cbce-4d32-ac2d-5d7efcc7e61b for 165045ms 5a49129c-fcc1-4df1-b4f9-e84c17474790 for 165044ms
2019-09-11 12:48:21,037 [org.apache.ratis.server.impl.LogAppender$AppenderDaemon$$Lambda$485/1842952795@216c616e] ERROR ratis.XceiverServerRatis (XceiverServerRatis.java:triggerPipelineClose(568)) - pipeline Action CLOSE  on pipeline PipelineID=4225135a-f45b-446d-abd4-791f85aa1d09.Reason : 608419ff-9e1e-46ed-b668-4d330b5fd69a has not seen follower/s a355c4c2-cbce-4d32-ac2d-5d7efcc7e61b for 165045ms 5a49129c-fcc1-4df1-b4f9-e84c17474790 for 165044ms
2019-09-11 12:48:21,536 [java.util.concurrent.ThreadPoolExecutor$Worker@609f90f[State = -1, empty queue]] WARN  server.GrpcLogAppender (GrpcLogAppender.java:timeoutAppendRequest(200)) - 608419ff-9e1e-46ed-b668-4d330b5fd69a@group-791F85AA1D09->5a49129c-fcc1-4df1-b4f9-e84c17474790-GrpcLogAppender: appendEntries Timeout, request=608419ff-9e1e-46ed-b668-4d330b5fd69a->5a49129c-fcc1-4df1-b4f9-e84c17474790#156-t1, previous=(t:1, i:17), leaderCommit=10, initializing? false, entries: <empty>
2019-09-11 12:48:21,536 [java.util.concurrent.ThreadPoolExecutor$Worker@4a186632[State = -1, empty queue]] WARN  server.GrpcLogAppender (GrpcLogAppender.java:timeoutAppendRequest(200)) - 608419ff-9e1e-46ed-b668-4d330b5fd69a@group-791F85AA1D09->a355c4c2-cbce-4d32-ac2d-5d7efcc7e61b-GrpcLogAppender: appendEntries Timeout, request=608419ff-9e1e-46ed-b668-4d330b5fd69a->a355c4c2-cbce-4d32-ac2d-5d7efcc7e61b#156-t1, previous=(t:1, i:17), leaderCommit=10, initializing? false, entries: <empty>
2019-09-11 12:48:21,542 [EventQueue-PipelineActionsForPipelineActionHandler] ERROR pipeline.PipelineActionHandler (PipelineActionHandler.java:onMessage(60)) - Received pipeline action CLOSE for Pipeline[ Id: 4225135a-f45b-446d-abd4-791f85aa1d09, Nodes: a355c4c2-cbce-4d32-ac2d-5d7efcc7e61b{ip: 192.168.69.81, host: pr-hdds-2109-6lgm5-4208394744, networkLocation: /default-rack, certSerialId: null}608419ff-9e1e-46ed-b668-4d330b5fd69a{ip: 192.168.69.81, host: pr-hdds-2109-6lgm5-4208394744, networkLocation: /default-rack, certSerialId: null}5a49129c-fcc1-4df1-b4f9-e84c17474790{ip: 192.168.69.81, host: pr-hdds-2109-6lgm5-4208394744, networkLocation: /default-rack, certSerialId: null}, Type:RATIS, Factor:THREE, State:CLOSED] from datanode 608419ff-9e1e-46ed-b668-4d330b5fd69a{ip: 192.168.69.81, host: pr-hdds-2109-6lgm5-4208394744, networkLocation: /default-rack, certSerialId: null}. Reason : 608419ff-9e1e-46ed-b668-4d330b5fd69a has not seen follower/s a355c4c2-cbce-4d32-ac2d-5d7efcc7e61b for 165045ms 5a49129c-fcc1-4df1-b4f9-e84c17474790 for 165044ms
2019-09-11 12:48:21,543 [EventQueue-PipelineActionsForPipelineActionHandler] INFO  pipeline.SCMPipelineManager (SCMPipelineManager.java:finalizeAndDestroyPipeline(311)) - destroying pipeline:Pipeline[ Id: 4225135a-f45b-446d-abd4-791f85aa1d09, Nodes: a355c4c2-cbce-4d32-ac2d-5d7efcc7e61b{ip: 192.168.69.81, host: pr-hdds-2109-6lgm5-4208394744, networkLocation: /default-rack, certSerialId: null}608419ff-9e1e-46ed-b668-4d330b5fd69a{ip: 192.168.69.81, host: pr-hdds-2109-6lgm5-4208394744, networkLocation: /default-rack, certSerialId: null}5a49129c-fcc1-4df1-b4f9-e84c17474790{ip: 192.168.69.81, host: pr-hdds-2109-6lgm5-4208394744, networkLocation: /default-rack, certSerialId: null}, Type:RATIS, Factor:THREE, State:CLOSED]
2019-09-11 12:48:22,624 [grpc-default-executor-4] INFO  client.GrpcClientProtocolClient (GrpcClientProtocolClient.java:onNext(264)) - client-D34D2F077373->a355c4c2-cbce-4d32-ac2d-5d7efcc7e61b: receive RaftClientReply:client-D34D2F077373->a355c4c2-cbce-4d32-ac2d-5d7efcc7e61b@group-791F85AA1D09, cid=142, FAILED org.apache.ratis.protocol.NotLeaderException: Server a355c4c2-cbce-4d32-ac2d-5d7efcc7e61b@group-791F85AA1D09 is not the leader 608419ff-9e1e-46ed-b668-4d330b5fd69a:192.168.69.81:34716, logIndex=0, commits[a355c4c2-cbce-4d32-ac2d-5d7efcc7e61b:c10, 608419ff-9e1e-46ed-b668-4d330b5fd69a:c10, 5a49129c-fcc1-4df1-b4f9-e84c17474790:c9]
2019-09-11 12:48:23,537 [org.apache.ratis.server.impl.LogAppender$AppenderDaemon$$Lambda$485/1842952795@66a73b40] ERROR ratis.XceiverServerRatis (XceiverServerRatis.java:triggerPipelineClose(568)) - pipeline Action CLOSE  on pipeline PipelineID=4225135a-f45b-446d-abd4-791f85aa1d09.Reason : 608419ff-9e1e-46ed-b668-4d330b5fd69a has not seen follower/s a355c4c2-cbce-4d32-ac2d-5d7efcc7e61b for 167545ms 5a49129c-fcc1-4df1-b4f9-e84c17474790 for 167545ms
2019-09-11 12:48:23,538 [org.apache.ratis.server.impl.LogAppender$AppenderDaemon$$Lambda$485/1842952795@216c616e] ERROR ratis.XceiverServerRatis (XceiverServerRatis.java:triggerPipelineClose(568)) - pipeline Action CLOSE  on pipeline PipelineID=4225135a-f45b-446d-abd4-791f85aa1d09.Reason : 608419ff-9e1e-46ed-b668-4d330b5fd69a has not seen follower/s a355c4c2-cbce-4d32-ac2d-5d7efcc7e61b for 167545ms 5a49129c-fcc1-4df1-b4f9-e84c17474790 for 167545ms
2019-09-11 12:48:23,542 [EventQueue-PipelineActionsForPipelineActionHandler] ERROR pipeline.PipelineActionHandler (PipelineActionHandler.java:onMessage(60)) - Received pipeline action CLOSE for Pipeline[ Id: 4225135a-f45b-446d-abd4-791f85aa1d09, Nodes: a355c4c2-cbce-4d32-ac2d-5d7efcc7e61b{ip: 192.168.69.81, host: pr-hdds-2109-6lgm5-4208394744, networkLocation: /default-rack, certSerialId: null}608419ff-9e1e-46ed-b668-4d330b5fd69a{ip: 192.168.69.81, host: pr-hdds-2109-6lgm5-4208394744, networkLocation: /default-rack, certSerialId: null}5a49129c-fcc1-4df1-b4f9-e84c17474790{ip: 192.168.69.81, host: pr-hdds-2109-6lgm5-4208394744, networkLocation: /default-rack, certSerialId: null}, Type:RATIS, Factor:THREE, State:CLOSED] from datanode 608419ff-9e1e-46ed-b668-4d330b5fd69a{ip: 192.168.69.81, host: pr-hdds-2109-6lgm5-4208394744, networkLocation: /default-rack, certSerialId: null}. Reason : 608419ff-9e1e-46ed-b668-4d330b5fd69a has not seen follower/s a355c4c2-cbce-4d32-ac2d-5d7efcc7e61b for 167545ms 5a49129c-fcc1-4df1-b4f9-e84c17474790 for 167545ms
2019-09-11 12:48:23,543 [EventQueue-PipelineActionsForPipelineActionHandler] INFO  pipeline.SCMPipelineManager (SCMPipelineManager.java:finalizeAndDestroyPipeline(311)) - destroying pipeline:Pipeline[ Id: 4225135a-f45b-446d-abd4-791f85aa1d09, Nodes: a355c4c2-cbce-4d32-ac2d-5d7efcc7e61b{ip: 192.168.69.81, host: pr-hdds-2109-6lgm5-4208394744, networkLocation: /default-rack, certSerialId: null}608419ff-9e1e-46ed-b668-4d330b5fd69a{ip: 192.168.69.81, host: pr-hdds-2109-6lgm5-4208394744, networkLocation: /default-rack, certSerialId: null}5a49129c-fcc1-4df1-b4f9-e84c17474790{ip: 192.168.69.81, host: pr-hdds-2109-6lgm5-4208394744, networkLocation: /default-rack, certSerialId: null}, Type:RATIS, Factor:THREE, State:CLOSED]
2019-09-11 12:48:24,037 [java.util.concurrent.ThreadPoolExecutor$Worker@4a186632[State = -1, empty queue]] WARN  server.GrpcLogAppender (GrpcLogAppender.java:timeoutAppendRequest(200)) - 608419ff-9e1e-46ed-b668-4d330b5fd69a@group-791F85AA1D09->a355c4c2-cbce-4d32-ac2d-5d7efcc7e61b-GrpcLogAppender: appendEntries Timeout, request=608419ff-9e1e-46ed-b668-4d330b5fd69a->a355c4c2-cbce-4d32-ac2d-5d7efcc7e61b#157-t1, previous=(t:1, i:17), leaderCommit=10, initializing? false, entries: <empty>
2019-09-11 12:48:24,037 [java.util.concurrent.ThreadPoolExecutor$Worker@609f90f[State = -1, empty queue]] WARN  server.GrpcLogAppender (GrpcLogAppender.java:timeoutAppendRequest(200)) - 608419ff-9e1e-46ed-b668-4d330b5fd69a@group-791F85AA1D09->5a49129c-fcc1-4df1-b4f9-e84c17474790-GrpcLogAppender: appendEntries Timeout, request=608419ff-9e1e-46ed-b668-4d330b5fd69a->5a49129c-fcc1-4df1-b4f9-e84c17474790#157-t1, previous=(t:1, i:17), leaderCommit=10, initializing? false, entries: <empty>
2019-09-11 12:48:26,038 [org.apache.ratis.server.impl.LogAppender$AppenderDaemon$$Lambda$485/1842952795@66a73b40] ERROR ratis.XceiverServerRatis (XceiverServerRatis.java:triggerPipelineClose(568)) - pipeline Action CLOSE  on pipeline PipelineID=4225135a-f45b-446d-abd4-791f85aa1d09.Reason : 608419ff-9e1e-46ed-b668-4d330b5fd69a has not seen follower/s a355c4c2-cbce-4d32-ac2d-5d7efcc7e61b for 170046ms 5a49129c-fcc1-4df1-b4f9-e84c17474790 for 170046ms
2019-09-11 12:48:26,038 [org.apache.ratis.server.impl.LogAppender$AppenderDaemon$$Lambda$485/1842952795@216c616e] ERROR ratis.XceiverServerRatis (XceiverServerRatis.java:triggerPipelineClose(568)) - pipeline Action CLOSE  on pipeline PipelineID=4225135a-f45b-446d-abd4-791f85aa1d09.Reason : 608419ff-9e1e-46ed-b668-4d330b5fd69a has not seen follower/s a355c4c2-cbce-4d32-ac2d-5d7efcc7e61b for 170046ms 5a49129c-fcc1-4df1-b4f9-e84c17474790 for 170046ms
2019-09-11 12:48:26,260 [a355c4c2-cbce-4d32-ac2d-5d7efcc7e61b@group-791F85AA1D09-SegmentedRaftLogWorker] WARN  segmented.SegmentedRaftLogWorker (SegmentedRaftLogWorker.java:getFromFuture(90)) - Timeout 16/~
org.apache.ratis.protocol.TimeoutIOException: Timeout 10s: WriteLog:11: (t:1, i:11), STATEMACHINELOGENTRY, client-D34D2F077373, cid=142-writeStateMachineData
	at org.apache.ratis.util.IOUtils.getFromFuture(IOUtils.java:87)
	at org.apache.ratis.server.raftlog.segmented.SegmentedRaftLogWorker$StateMachineDataPolicy.getFromFuture(SegmentedRaftLogWorker.java:87)
	at org.apache.ratis.server.raftlog.segmented.SegmentedRaftLogWorker$WriteLog.execute(SegmentedRaftLogWorker.java:477)
	at org.apache.ratis.server.raftlog.segmented.SegmentedRaftLogWorker.run(SegmentedRaftLogWorker.java:289)
	at java.lang.Thread.run(Thread.java:748)
Caused by: java.util.concurrent.TimeoutException
	at java.util.concurrent.CompletableFuture.timedGet(CompletableFuture.java:1771)
	at java.util.concurrent.CompletableFuture.get(CompletableFuture.java:1915)
	at org.apache.ratis.util.IOUtils.getFromFuture(IOUtils.java:79)
	... 4 more
2019-09-11 12:48:26,299 [5a49129c-fcc1-4df1-b4f9-e84c17474790@group-791F85AA1D09-SegmentedRaftLogWorker] WARN  segmented.SegmentedRaftLogWorker (SegmentedRaftLogWorker.java:getFromFuture(90)) - Timeout 16/~
org.apache.ratis.protocol.TimeoutIOException: Timeout 10s: WriteLog:11: (t:1, i:11), STATEMACHINELOGENTRY, client-D34D2F077373, cid=142-writeStateMachineData
	at org.apache.ratis.util.IOUtils.getFromFuture(IOUtils.java:87)
	at org.apache.ratis.server.raftlog.segmented.SegmentedRaftLogWorker$StateMachineDataPolicy.getFromFuture(SegmentedRaftLogWorker.java:87)
	at org.apache.ratis.server.raftlog.segmented.SegmentedRaftLogWorker$WriteLog.execute(SegmentedRaftLogWorker.java:477)
	at org.apache.ratis.server.raftlog.segmented.SegmentedRaftLogWorker.run(SegmentedRaftLogWorker.java:289)
	at java.lang.Thread.run(Thread.java:748)
Caused by: java.util.concurrent.TimeoutException
	at java.util.concurrent.CompletableFuture.timedGet(CompletableFuture.java:1771)
	at java.util.concurrent.CompletableFuture.get(CompletableFuture.java:1915)
	at org.apache.ratis.util.IOUtils.getFromFuture(IOUtils.java:79)
	... 4 more
2019-09-11 12:48:26,413 [608419ff-9e1e-46ed-b668-4d330b5fd69a@group-791F85AA1D09-SegmentedRaftLogWorker] WARN  segmented.SegmentedRaftLogWorker (SegmentedRaftLogWorker.java:getFromFuture(90)) - Timeout 16/~
org.apache.ratis.protocol.TimeoutIOException: Timeout 10s: WriteLog:12: (t:1, i:12), STATEMACHINELOGENTRY, client-D34D2F077373, cid=143-writeStateMachineData
	at org.apache.ratis.util.IOUtils.getFromFuture(IOUtils.java:87)
	at org.apache.ratis.server.raftlog.segmented.SegmentedRaftLogWorker$StateMachineDataPolicy.getFromFuture(SegmentedRaftLogWorker.java:87)
	at org.apache.ratis.server.raftlog.segmented.SegmentedRaftLogWorker$WriteLog.execute(SegmentedRaftLogWorker.java:477)
	at org.apache.ratis.server.raftlog.segmented.SegmentedRaftLogWorker.run(SegmentedRaftLogWorker.java:289)
	at java.lang.Thread.run(Thread.java:748)
Caused by: java.util.concurrent.TimeoutException
	at java.util.concurrent.CompletableFuture.timedGet(CompletableFuture.java:1771)
	at java.util.concurrent.CompletableFuture.get(CompletableFuture.java:1915)
	at org.apache.ratis.util.IOUtils.getFromFuture(IOUtils.java:79)
	... 4 more
2019-09-11 12:48:26,538 [java.util.concurrent.ThreadPoolExecutor$Worker@4a186632[State = -1, empty queue]] WARN  server.GrpcLogAppender (GrpcLogAppender.java:timeoutAppendRequest(200)) - 608419ff-9e1e-46ed-b668-4d330b5fd69a@group-791F85AA1D09->a355c4c2-cbce-4d32-ac2d-5d7efcc7e61b-GrpcLogAppender: appendEntries Timeout, request=608419ff-9e1e-46ed-b668-4d330b5fd69a->a355c4c2-cbce-4d32-ac2d-5d7efcc7e61b#158-t1, previous=(t:1, i:17), leaderCommit=10, initializing? false, entries: <empty>
2019-09-11 12:48:26,538 [java.util.concurrent.ThreadPoolExecutor$Worker@609f90f[State = -1, empty queue]] WARN  server.GrpcLogAppender (GrpcLogAppender.java:timeoutAppendRequest(200)) - 608419ff-9e1e-46ed-b668-4d330b5fd69a@group-791F85AA1D09->5a49129c-fcc1-4df1-b4f9-e84c17474790-GrpcLogAppender: appendEntries Timeout, request=608419ff-9e1e-46ed-b668-4d330b5fd69a->5a49129c-fcc1-4df1-b4f9-e84c17474790#158-t1, previous=(t:1, i:17), leaderCommit=10, initializing? false, entries: <empty>
2019-09-11 12:48:26,542 [EventQueue-PipelineActionsForPipelineActionHandler] ERROR pipeline.PipelineActionHandler (PipelineActionHandler.java:onMessage(60)) - Received pipeline action CLOSE for Pipeline[ Id: 4225135a-f45b-446d-abd4-791f85aa1d09, Nodes: a355c4c2-cbce-4d32-ac2d-5d7efcc7e61b{ip: 192.168.69.81, host: pr-hdds-2109-6lgm5-4208394744, networkLocation: /default-rack, certSerialId: null}608419ff-9e1e-46ed-b668-4d330b5fd69a{ip: 192.168.69.81, host: pr-hdds-2109-6lgm5-4208394744, networkLocation: /default-rack, certSerialId: null}5a49129c-fcc1-4df1-b4f9-e84c17474790{ip: 192.168.69.81, host: pr-hdds-2109-6lgm5-4208394744, networkLocation: /default-rack, certSerialId: null}, Type:RATIS, Factor:THREE, State:CLOSED] from datanode 608419ff-9e1e-46ed-b668-4d330b5fd69a{ip: 192.168.69.81, host: pr-hdds-2109-6lgm5-4208394744, networkLocation: /default-rack, certSerialId: null}. Reason : 608419ff-9e1e-46ed-b668-4d330b5fd69a has not seen follower/s a355c4c2-cbce-4d32-ac2d-5d7efcc7e61b for 170046ms 5a49129c-fcc1-4df1-b4f9-e84c17474790 for 170046ms
2019-09-11 12:48:26,542 [EventQueue-PipelineActionsForPipelineActionHandler] INFO  pipeline.SCMPipelineManager (SCMPipelineManager.java:finalizeAndDestroyPipeline(311)) - destroying pipeline:Pipeline[ Id: 4225135a-f45b-446d-abd4-791f85aa1d09, Nodes: a355c4c2-cbce-4d32-ac2d-5d7efcc7e61b{ip: 192.168.69.81, host: pr-hdds-2109-6lgm5-4208394744, networkLocation: /default-rack, certSerialId: null}608419ff-9e1e-46ed-b668-4d330b5fd69a{ip: 192.168.69.81, host: pr-hdds-2109-6lgm5-4208394744, networkLocation: /default-rack, certSerialId: null}5a49129c-fcc1-4df1-b4f9-e84c17474790{ip: 192.168.69.81, host: pr-hdds-2109-6lgm5-4208394744, networkLocation: /default-rack, certSerialId: null}, Type:RATIS, Factor:THREE, State:CLOSED]
2019-09-11 12:48:27,684 [grpc-default-executor-7] INFO  client.GrpcClientProtocolClient (GrpcClientProtocolClient.java:onNext(264)) - client-D34D2F077373->5a49129c-fcc1-4df1-b4f9-e84c17474790: receive RaftClientReply:client-D34D2F077373->5a49129c-fcc1-4df1-b4f9-e84c17474790@group-791F85AA1D09, cid=142, FAILED org.apache.ratis.protocol.NotLeaderException: Server 5a49129c-fcc1-4df1-b4f9-e84c17474790@group-791F85AA1D09 is not the leader 608419ff-9e1e-46ed-b668-4d330b5fd69a:192.168.69.81:34716, logIndex=0, commits[5a49129c-fcc1-4df1-b4f9-e84c17474790:c10, a355c4c2-cbce-4d32-ac2d-5d7efcc7e61b:c9, 608419ff-9e1e-46ed-b668-4d330b5fd69a:c10]
2019-09-11 12:48:28,539 [org.apache.ratis.server.impl.LogAppender$AppenderDaemon$$Lambda$485/1842952795@66a73b40] ERROR ratis.XceiverServerRatis (XceiverServerRatis.java:triggerPipelineClose(568)) - pipeline Action CLOSE  on pipeline PipelineID=4225135a-f45b-446d-abd4-791f85aa1d09.Reason : 608419ff-9e1e-46ed-b668-4d330b5fd69a has not seen follower/s a355c4c2-cbce-4d32-ac2d-5d7efcc7e61b for 172547ms 5a49129c-fcc1-4df1-b4f9-e84c17474790 for 172546ms
2019-09-11 12:48:28,539 [org.apache.ratis.server.impl.LogAppender$AppenderDaemon$$Lambda$485/1842952795@216c616e] ERROR ratis.XceiverServerRatis (XceiverServerRatis.java:triggerPipelineClose(568)) - pipeline Action CLOSE  on pipeline PipelineID=4225135a-f45b-446d-abd4-791f85aa1d09.Reason : 608419ff-9e1e-46ed-b668-4d330b5fd69a has not seen follower/s a355c4c2-cbce-4d32-ac2d-5d7efcc7e61b for 172547ms 5a49129c-fcc1-4df1-b4f9-e84c17474790 for 172547ms
2019-09-11 12:48:28,543 [EventQueue-PipelineActionsForPipelineActionHandler] ERROR pipeline.PipelineActionHandler (PipelineActionHandler.java:onMessage(60)) - Received pipeline action CLOSE for Pipeline[ Id: 4225135a-f45b-446d-abd4-791f85aa1d09, Nodes: a355c4c2-cbce-4d32-ac2d-5d7efcc7e61b{ip: 192.168.69.81, host: pr-hdds-2109-6lgm5-4208394744, networkLocation: /default-rack, certSerialId: null}608419ff-9e1e-46ed-b668-4d330b5fd69a{ip: 192.168.69.81, host: pr-hdds-2109-6lgm5-4208394744, networkLocation: /default-rack, certSerialId: null}5a49129c-fcc1-4df1-b4f9-e84c17474790{ip: 192.168.69.81, host: pr-hdds-2109-6lgm5-4208394744, networkLocation: /default-rack, certSerialId: null}, Type:RATIS, Factor:THREE, State:CLOSED] from datanode 608419ff-9e1e-46ed-b668-4d330b5fd69a{ip: 192.168.69.81, host: pr-hdds-2109-6lgm5-4208394744, networkLocation: /default-rack, certSerialId: null}. Reason : 608419ff-9e1e-46ed-b668-4d330b5fd69a has not seen follower/s a355c4c2-cbce-4d32-ac2d-5d7efcc7e61b for 172547ms 5a49129c-fcc1-4df1-b4f9-e84c17474790 for 172546ms
2019-09-11 12:48:28,543 [EventQueue-PipelineActionsForPipelineActionHandler] INFO  pipeline.SCMPipelineManager (SCMPipelineManager.java:finalizeAndDestroyPipeline(311)) - destroying pipeline:Pipeline[ Id: 4225135a-f45b-446d-abd4-791f85aa1d09, Nodes: a355c4c2-cbce-4d32-ac2d-5d7efcc7e61b{ip: 192.168.69.81, host: pr-hdds-2109-6lgm5-4208394744, networkLocation: /default-rack, certSerialId: null}608419ff-9e1e-46ed-b668-4d330b5fd69a{ip: 192.168.69.81, host: pr-hdds-2109-6lgm5-4208394744, networkLocation: /default-rack, certSerialId: null}5a49129c-fcc1-4df1-b4f9-e84c17474790{ip: 192.168.69.81, host: pr-hdds-2109-6lgm5-4208394744, networkLocation: /default-rack, certSerialId: null}, Type:RATIS, Factor:THREE, State:CLOSED]
2019-09-11 12:48:29,038 [java.util.concurrent.ThreadPoolExecutor$Worker@4a186632[State = -1, empty queue]] WARN  server.GrpcLogAppender (GrpcLogAppender.java:timeoutAppendRequest(200)) - 608419ff-9e1e-46ed-b668-4d330b5fd69a@group-791F85AA1D09->a355c4c2-cbce-4d32-ac2d-5d7efcc7e61b-GrpcLogAppender: appendEntries Timeout, request=608419ff-9e1e-46ed-b668-4d330b5fd69a->a355c4c2-cbce-4d32-ac2d-5d7efcc7e61b#159-t1, previous=(t:1, i:17), leaderCommit=10, initializing? false, entries: <empty>
2019-09-11 12:48:29,038 [java.util.concurrent.ThreadPoolExecutor$Worker@609f90f[State = -1, empty queue]] WARN  server.GrpcLogAppender (GrpcLogAppender.java:timeoutAppendRequest(200)) - 608419ff-9e1e-46ed-b668-4d330b5fd69a@group-791F85AA1D09->5a49129c-fcc1-4df1-b4f9-e84c17474790-GrpcLogAppender: appendEntries Timeout, request=608419ff-9e1e-46ed-b668-4d330b5fd69a->5a49129c-fcc1-4df1-b4f9-e84c17474790#159-t1, previous=(t:1, i:17), leaderCommit=10, initializing? false, entries: <empty>
2019-09-11 12:48:31,040 [org.apache.ratis.server.impl.LogAppender$AppenderDaemon$$Lambda$485/1842952795@66a73b40] ERROR ratis.XceiverServerRatis (XceiverServerRatis.java:triggerPipelineClose(568)) - pipeline Action CLOSE  on pipeline PipelineID=4225135a-f45b-446d-abd4-791f85aa1d09.Reason : 608419ff-9e1e-46ed-b668-4d330b5fd69a has not seen follower/s a355c4c2-cbce-4d32-ac2d-5d7efcc7e61b for 175048ms 5a49129c-fcc1-4df1-b4f9-e84c17474790 for 175047ms
2019-09-11 12:48:31,040 [org.apache.ratis.server.impl.LogAppender$AppenderDaemon$$Lambda$485/1842952795@216c616e] ERROR ratis.XceiverServerRatis (XceiverServerRatis.java:triggerPipelineClose(568)) - pipeline Action CLOSE  on pipeline PipelineID=4225135a-f45b-446d-abd4-791f85aa1d09.Reason : 608419ff-9e1e-46ed-b668-4d330b5fd69a has not seen follower/s a355c4c2-cbce-4d32-ac2d-5d7efcc7e61b for 175048ms 5a49129c-fcc1-4df1-b4f9-e84c17474790 for 175047ms
2019-09-11 12:48:31,539 [java.util.concurrent.ThreadPoolExecutor$Worker@4a186632[State = -1, empty queue]] WARN  server.GrpcLogAppender (GrpcLogAppender.java:timeoutAppendRequest(200)) - 608419ff-9e1e-46ed-b668-4d330b5fd69a@group-791F85AA1D09->a355c4c2-cbce-4d32-ac2d-5d7efcc7e61b-GrpcLogAppender: appendEntries Timeout, request=608419ff-9e1e-46ed-b668-4d330b5fd69a->a355c4c2-cbce-4d32-ac2d-5d7efcc7e61b#160-t1, previous=(t:1, i:17), leaderCommit=10, initializing? false, entries: <empty>
2019-09-11 12:48:31,539 [java.util.concurrent.ThreadPoolExecutor$Worker@609f90f[State = -1, empty queue]] WARN  server.GrpcLogAppender (GrpcLogAppender.java:timeoutAppendRequest(200)) - 608419ff-9e1e-46ed-b668-4d330b5fd69a@group-791F85AA1D09->5a49129c-fcc1-4df1-b4f9-e84c17474790-GrpcLogAppender: appendEntries Timeout, request=608419ff-9e1e-46ed-b668-4d330b5fd69a->5a49129c-fcc1-4df1-b4f9-e84c17474790#160-t1, previous=(t:1, i:17), leaderCommit=10, initializing? false, entries: <empty>
2019-09-11 12:48:31,546 [EventQueue-PipelineActionsForPipelineActionHandler] ERROR pipeline.PipelineActionHandler (PipelineActionHandler.java:onMessage(60)) - Received pipeline action CLOSE for Pipeline[ Id: 4225135a-f45b-446d-abd4-791f85aa1d09, Nodes: a355c4c2-cbce-4d32-ac2d-5d7efcc7e61b{ip: 192.168.69.81, host: pr-hdds-2109-6lgm5-4208394744, networkLocation: /default-rack, certSerialId: null}608419ff-9e1e-46ed-b668-4d330b5fd69a{ip: 192.168.69.81, host: pr-hdds-2109-6lgm5-4208394744, networkLocation: /default-rack, certSerialId: null}5a49129c-fcc1-4df1-b4f9-e84c17474790{ip: 192.168.69.81, host: pr-hdds-2109-6lgm5-4208394744, networkLocation: /default-rack, certSerialId: null}, Type:RATIS, Factor:THREE, State:CLOSED] from datanode 608419ff-9e1e-46ed-b668-4d330b5fd69a{ip: 192.168.69.81, host: pr-hdds-2109-6lgm5-4208394744, networkLocation: /default-rack, certSerialId: null}. Reason : 608419ff-9e1e-46ed-b668-4d330b5fd69a has not seen follower/s a355c4c2-cbce-4d32-ac2d-5d7efcc7e61b for 175048ms 5a49129c-fcc1-4df1-b4f9-e84c17474790 for 175047ms
2019-09-11 12:48:31,546 [EventQueue-PipelineActionsForPipelineActionHandler] INFO  pipeline.SCMPipelineManager (SCMPipelineManager.java:finalizeAndDestroyPipeline(311)) - destroying pipeline:Pipeline[ Id: 4225135a-f45b-446d-abd4-791f85aa1d09, Nodes: a355c4c2-cbce-4d32-ac2d-5d7efcc7e61b{ip: 192.168.69.81, host: pr-hdds-2109-6lgm5-4208394744, networkLocation: /default-rack, certSerialId: null}608419ff-9e1e-46ed-b668-4d330b5fd69a{ip: 192.168.69.81, host: pr-hdds-2109-6lgm5-4208394744, networkLocation: /default-rack, certSerialId: null}5a49129c-fcc1-4df1-b4f9-e84c17474790{ip: 192.168.69.81, host: pr-hdds-2109-6lgm5-4208394744, networkLocation: /default-rack, certSerialId: null}, Type:RATIS, Factor:THREE, State:CLOSED]
2019-09-11 12:48:32,719 [grpc-default-executor-7] INFO  client.GrpcClientProtocolClient (GrpcClientProtocolClient.java:onNext(264)) - client-D34D2F077373->a355c4c2-cbce-4d32-ac2d-5d7efcc7e61b: receive RaftClientReply:client-D34D2F077373->a355c4c2-cbce-4d32-ac2d-5d7efcc7e61b@group-791F85AA1D09, cid=142, FAILED org.apache.ratis.protocol.NotLeaderException: Server a355c4c2-cbce-4d32-ac2d-5d7efcc7e61b@group-791F85AA1D09 is not the leader 608419ff-9e1e-46ed-b668-4d330b5fd69a:192.168.69.81:34716, logIndex=0, commits[a355c4c2-cbce-4d32-ac2d-5d7efcc7e61b:c10, 608419ff-9e1e-46ed-b668-4d330b5fd69a:c10, 5a49129c-fcc1-4df1-b4f9-e84c17474790:c9]
2019-09-11 12:48:33,541 [org.apache.ratis.server.impl.LogAppender$AppenderDaemon$$Lambda$485/1842952795@66a73b40] ERROR ratis.XceiverServerRatis (XceiverServerRatis.java:triggerPipelineClose(568)) - pipeline Action CLOSE  on pipeline PipelineID=4225135a-f45b-446d-abd4-791f85aa1d09.Reason : 608419ff-9e1e-46ed-b668-4d330b5fd69a has not seen follower/s a355c4c2-cbce-4d32-ac2d-5d7efcc7e61b for 177549ms 5a49129c-fcc1-4df1-b4f9-e84c17474790 for 177548ms
2019-09-11 12:48:33,541 [org.apache.ratis.server.impl.LogAppender$AppenderDaemon$$Lambda$485/1842952795@216c616e] ERROR ratis.XceiverServerRatis (XceiverServerRatis.java:triggerPipelineClose(568)) - pipeline Action CLOSE  on pipeline PipelineID=4225135a-f45b-446d-abd4-791f85aa1d09.Reason : 608419ff-9e1e-46ed-b668-4d330b5fd69a has not seen follower/s a355c4c2-cbce-4d32-ac2d-5d7efcc7e61b for 177549ms 5a49129c-fcc1-4df1-b4f9-e84c17474790 for 177548ms
2019-09-11 12:48:33,546 [EventQueue-PipelineActionsForPipelineActionHandler] ERROR pipeline.PipelineActionHandler (PipelineActionHandler.java:onMessage(60)) - Received pipeline action CLOSE for Pipeline[ Id: 4225135a-f45b-446d-abd4-791f85aa1d09, Nodes: a355c4c2-cbce-4d32-ac2d-5d7efcc7e61b{ip: 192.168.69.81, host: pr-hdds-2109-6lgm5-4208394744, networkLocation: /default-rack, certSerialId: null}608419ff-9e1e-46ed-b668-4d330b5fd69a{ip: 192.168.69.81, host: pr-hdds-2109-6lgm5-4208394744, networkLocation: /default-rack, certSerialId: null}5a49129c-fcc1-4df1-b4f9-e84c17474790{ip: 192.168.69.81, host: pr-hdds-2109-6lgm5-4208394744, networkLocation: /default-rack, certSerialId: null}, Type:RATIS, Factor:THREE, State:CLOSED] from datanode 608419ff-9e1e-46ed-b668-4d330b5fd69a{ip: 192.168.69.81, host: pr-hdds-2109-6lgm5-4208394744, networkLocation: /default-rack, certSerialId: null}. Reason : 608419ff-9e1e-46ed-b668-4d330b5fd69a has not seen follower/s a355c4c2-cbce-4d32-ac2d-5d7efcc7e61b for 177549ms 5a49129c-fcc1-4df1-b4f9-e84c17474790 for 177548ms
2019-09-11 12:48:33,546 [EventQueue-PipelineActionsForPipelineActionHandler] INFO  pipeline.SCMPipelineManager (SCMPipelineManager.java:finalizeAndDestroyPipeline(311)) - destroying pipeline:Pipeline[ Id: 4225135a-f45b-446d-abd4-791f85aa1d09, Nodes: a355c4c2-cbce-4d32-ac2d-5d7efcc7e61b{ip: 192.168.69.81, host: pr-hdds-2109-6lgm5-4208394744, networkLocation: /default-rack, certSerialId: null}608419ff-9e1e-46ed-b668-4d330b5fd69a{ip: 192.168.69.81, host: pr-hdds-2109-6lgm5-4208394744, networkLocation: /default-rack, certSerialId: null}5a49129c-fcc1-4df1-b4f9-e84c17474790{ip: 192.168.69.81, host: pr-hdds-2109-6lgm5-4208394744, networkLocation: /default-rack, certSerialId: null}, Type:RATIS, Factor:THREE, State:CLOSED]
2019-09-11 12:48:34,040 [java.util.concurrent.ThreadPoolExecutor$Worker@4a186632[State = -1, empty queue]] WARN  server.GrpcLogAppender (GrpcLogAppender.java:timeoutAppendRequest(200)) - 608419ff-9e1e-46ed-b668-4d330b5fd69a@group-791F85AA1D09->a355c4c2-cbce-4d32-ac2d-5d7efcc7e61b-GrpcLogAppender: appendEntries Timeout, request=608419ff-9e1e-46ed-b668-4d330b5fd69a->a355c4c2-cbce-4d32-ac2d-5d7efcc7e61b#161-t1, previous=(t:1, i:17), leaderCommit=10, initializing? false, entries: <empty>
2019-09-11 12:48:34,040 [java.util.concurrent.ThreadPoolExecutor$Worker@609f90f[State = -1, empty queue]] WARN  server.GrpcLogAppender (GrpcLogAppender.java:timeoutAppendRequest(200)) - 608419ff-9e1e-46ed-b668-4d330b5fd69a@group-791F85AA1D09->5a49129c-fcc1-4df1-b4f9-e84c17474790-GrpcLogAppender: appendEntries Timeout, request=608419ff-9e1e-46ed-b668-4d330b5fd69a->5a49129c-fcc1-4df1-b4f9-e84c17474790#161-t1, previous=(t:1, i:17), leaderCommit=10, initializing? false, entries: <empty>
2019-09-11 12:48:36,042 [org.apache.ratis.server.impl.LogAppender$AppenderDaemon$$Lambda$485/1842952795@216c616e] ERROR ratis.XceiverServerRatis (XceiverServerRatis.java:triggerPipelineClose(568)) - pipeline Action CLOSE  on pipeline PipelineID=4225135a-f45b-446d-abd4-791f85aa1d09.Reason : 608419ff-9e1e-46ed-b668-4d330b5fd69a has not seen follower/s a355c4c2-cbce-4d32-ac2d-5d7efcc7e61b for 180049ms 5a49129c-fcc1-4df1-b4f9-e84c17474790 for 180049ms
2019-09-11 12:48:36,042 [org.apache.ratis.server.impl.LogAppender$AppenderDaemon$$Lambda$485/1842952795@66a73b40] ERROR ratis.XceiverServerRatis (XceiverServerRatis.java:triggerPipelineClose(568)) - pipeline Action CLOSE  on pipeline PipelineID=4225135a-f45b-446d-abd4-791f85aa1d09.Reason : 608419ff-9e1e-46ed-b668-4d330b5fd69a has not seen follower/s a355c4c2-cbce-4d32-ac2d-5d7efcc7e61b for 180049ms 5a49129c-fcc1-4df1-b4f9-e84c17474790 for 180049ms
2019-09-11 12:48:36,262 [a355c4c2-cbce-4d32-ac2d-5d7efcc7e61b@group-791F85AA1D09-SegmentedRaftLogWorker] WARN  segmented.SegmentedRaftLogWorker (SegmentedRaftLogWorker.java:getFromFuture(90)) - Timeout 17/~
org.apache.ratis.protocol.TimeoutIOException: Timeout 10s: WriteLog:11: (t:1, i:11), STATEMACHINELOGENTRY, client-D34D2F077373, cid=142-writeStateMachineData
	at org.apache.ratis.util.IOUtils.getFromFuture(IOUtils.java:87)
	at org.apache.ratis.server.raftlog.segmented.SegmentedRaftLogWorker$StateMachineDataPolicy.getFromFuture(SegmentedRaftLogWorker.java:87)
	at org.apache.ratis.server.raftlog.segmented.SegmentedRaftLogWorker$WriteLog.execute(SegmentedRaftLogWorker.java:477)
	at org.apache.ratis.server.raftlog.segmented.SegmentedRaftLogWorker.run(SegmentedRaftLogWorker.java:289)
	at java.lang.Thread.run(Thread.java:748)
Caused by: java.util.concurrent.TimeoutException
	at java.util.concurrent.CompletableFuture.timedGet(CompletableFuture.java:1771)
	at java.util.concurrent.CompletableFuture.get(CompletableFuture.java:1915)
	at org.apache.ratis.util.IOUtils.getFromFuture(IOUtils.java:79)
	... 4 more
2019-09-11 12:48:36,300 [5a49129c-fcc1-4df1-b4f9-e84c17474790@group-791F85AA1D09-SegmentedRaftLogWorker] WARN  segmented.SegmentedRaftLogWorker (SegmentedRaftLogWorker.java:getFromFuture(90)) - Timeout 17/~
org.apache.ratis.protocol.TimeoutIOException: Timeout 10s: WriteLog:11: (t:1, i:11), STATEMACHINELOGENTRY, client-D34D2F077373, cid=142-writeStateMachineData
	at org.apache.ratis.util.IOUtils.getFromFuture(IOUtils.java:87)
	at org.apache.ratis.server.raftlog.segmented.SegmentedRaftLogWorker$StateMachineDataPolicy.getFromFuture(SegmentedRaftLogWorker.java:87)
	at org.apache.ratis.server.raftlog.segmented.SegmentedRaftLogWorker$WriteLog.execute(SegmentedRaftLogWorker.java:477)
	at org.apache.ratis.server.raftlog.segmented.SegmentedRaftLogWorker.run(SegmentedRaftLogWorker.java:289)
	at java.lang.Thread.run(Thread.java:748)
Caused by: java.util.concurrent.TimeoutException
	at java.util.concurrent.CompletableFuture.timedGet(CompletableFuture.java:1771)
	at java.util.concurrent.CompletableFuture.get(CompletableFuture.java:1915)
	at org.apache.ratis.util.IOUtils.getFromFuture(IOUtils.java:79)
	... 4 more
2019-09-11 12:48:36,414 [608419ff-9e1e-46ed-b668-4d330b5fd69a@group-791F85AA1D09-SegmentedRaftLogWorker] WARN  segmented.SegmentedRaftLogWorker (SegmentedRaftLogWorker.java:getFromFuture(90)) - Timeout 17/~
org.apache.ratis.protocol.TimeoutIOException: Timeout 10s: WriteLog:12: (t:1, i:12), STATEMACHINELOGENTRY, client-D34D2F077373, cid=143-writeStateMachineData
	at org.apache.ratis.util.IOUtils.getFromFuture(IOUtils.java:87)
	at org.apache.ratis.server.raftlog.segmented.SegmentedRaftLogWorker$StateMachineDataPolicy.getFromFuture(SegmentedRaftLogWorker.java:87)
	at org.apache.ratis.server.raftlog.segmented.SegmentedRaftLogWorker$WriteLog.execute(SegmentedRaftLogWorker.java:477)
	at org.apache.ratis.server.raftlog.segmented.SegmentedRaftLogWorker.run(SegmentedRaftLogWorker.java:289)
	at java.lang.Thread.run(Thread.java:748)
Caused by: java.util.concurrent.TimeoutException
	at java.util.concurrent.CompletableFuture.timedGet(CompletableFuture.java:1771)
	at java.util.concurrent.CompletableFuture.get(CompletableFuture.java:1915)
	at org.apache.ratis.util.IOUtils.getFromFuture(IOUtils.java:79)
	... 4 more
2019-09-11 12:48:36,541 [java.util.concurrent.ThreadPoolExecutor$Worker@4a186632[State = -1, empty queue]] WARN  server.GrpcLogAppender (GrpcLogAppender.java:timeoutAppendRequest(200)) - 608419ff-9e1e-46ed-b668-4d330b5fd69a@group-791F85AA1D09->a355c4c2-cbce-4d32-ac2d-5d7efcc7e61b-GrpcLogAppender: appendEntries Timeout, request=608419ff-9e1e-46ed-b668-4d330b5fd69a->a355c4c2-cbce-4d32-ac2d-5d7efcc7e61b#162-t1, previous=(t:1, i:17), leaderCommit=10, initializing? false, entries: <empty>
2019-09-11 12:48:36,541 [java.util.concurrent.ThreadPoolExecutor$Worker@609f90f[State = -1, empty queue]] WARN  server.GrpcLogAppender (GrpcLogAppender.java:timeoutAppendRequest(200)) - 608419ff-9e1e-46ed-b668-4d330b5fd69a@group-791F85AA1D09->5a49129c-fcc1-4df1-b4f9-e84c17474790-GrpcLogAppender: appendEntries Timeout, request=608419ff-9e1e-46ed-b668-4d330b5fd69a->5a49129c-fcc1-4df1-b4f9-e84c17474790#162-t1, previous=(t:1, i:17), leaderCommit=10, initializing? false, entries: <empty>
2019-09-11 12:48:36,546 [EventQueue-PipelineActionsForPipelineActionHandler] ERROR pipeline.PipelineActionHandler (PipelineActionHandler.java:onMessage(60)) - Received pipeline action CLOSE for Pipeline[ Id: 4225135a-f45b-446d-abd4-791f85aa1d09, Nodes: a355c4c2-cbce-4d32-ac2d-5d7efcc7e61b{ip: 192.168.69.81, host: pr-hdds-2109-6lgm5-4208394744, networkLocation: /default-rack, certSerialId: null}608419ff-9e1e-46ed-b668-4d330b5fd69a{ip: 192.168.69.81, host: pr-hdds-2109-6lgm5-4208394744, networkLocation: /default-rack, certSerialId: null}5a49129c-fcc1-4df1-b4f9-e84c17474790{ip: 192.168.69.81, host: pr-hdds-2109-6lgm5-4208394744, networkLocation: /default-rack, certSerialId: null}, Type:RATIS, Factor:THREE, State:CLOSED] from datanode 608419ff-9e1e-46ed-b668-4d330b5fd69a{ip: 192.168.69.81, host: pr-hdds-2109-6lgm5-4208394744, networkLocation: /default-rack, certSerialId: null}. Reason : 608419ff-9e1e-46ed-b668-4d330b5fd69a has not seen follower/s a355c4c2-cbce-4d32-ac2d-5d7efcc7e61b for 180049ms 5a49129c-fcc1-4df1-b4f9-e84c17474790 for 180049ms
2019-09-11 12:48:36,547 [EventQueue-PipelineActionsForPipelineActionHandler] INFO  pipeline.SCMPipelineManager (SCMPipelineManager.java:finalizeAndDestroyPipeline(311)) - destroying pipeline:Pipeline[ Id: 4225135a-f45b-446d-abd4-791f85aa1d09, Nodes: a355c4c2-cbce-4d32-ac2d-5d7efcc7e61b{ip: 192.168.69.81, host: pr-hdds-2109-6lgm5-4208394744, networkLocation: /default-rack, certSerialId: null}608419ff-9e1e-46ed-b668-4d330b5fd69a{ip: 192.168.69.81, host: pr-hdds-2109-6lgm5-4208394744, networkLocation: /default-rack, certSerialId: null}5a49129c-fcc1-4df1-b4f9-e84c17474790{ip: 192.168.69.81, host: pr-hdds-2109-6lgm5-4208394744, networkLocation: /default-rack, certSerialId: null}, Type:RATIS, Factor:THREE, State:CLOSED]
2019-09-11 12:48:37,762 [grpc-default-executor-4] INFO  client.GrpcClientProtocolClient (GrpcClientProtocolClient.java:onNext(264)) - client-D34D2F077373->a355c4c2-cbce-4d32-ac2d-5d7efcc7e61b: receive RaftClientReply:client-D34D2F077373->a355c4c2-cbce-4d32-ac2d-5d7efcc7e61b@group-791F85AA1D09, cid=142, FAILED org.apache.ratis.protocol.NotLeaderException: Server a355c4c2-cbce-4d32-ac2d-5d7efcc7e61b@group-791F85AA1D09 is not the leader 608419ff-9e1e-46ed-b668-4d330b5fd69a:192.168.69.81:34716, logIndex=0, commits[a355c4c2-cbce-4d32-ac2d-5d7efcc7e61b:c10, 608419ff-9e1e-46ed-b668-4d330b5fd69a:c10, 5a49129c-fcc1-4df1-b4f9-e84c17474790:c9]
2019-09-11 12:48:38,542 [org.apache.ratis.server.impl.LogAppender$AppenderDaemon$$Lambda$485/1842952795@216c616e] ERROR ratis.XceiverServerRatis (XceiverServerRatis.java:triggerPipelineClose(568)) - pipeline Action CLOSE  on pipeline PipelineID=4225135a-f45b-446d-abd4-791f85aa1d09.Reason : 608419ff-9e1e-46ed-b668-4d330b5fd69a has not seen follower/s a355c4c2-cbce-4d32-ac2d-5d7efcc7e61b for 182550ms 5a49129c-fcc1-4df1-b4f9-e84c17474790 for 182550ms
2019-09-11 12:48:38,542 [org.apache.ratis.server.impl.LogAppender$AppenderDaemon$$Lambda$485/1842952795@66a73b40] ERROR ratis.XceiverServerRatis (XceiverServerRatis.java:triggerPipelineClose(568)) - pipeline Action CLOSE  on pipeline PipelineID=4225135a-f45b-446d-abd4-791f85aa1d09.Reason : 608419ff-9e1e-46ed-b668-4d330b5fd69a has not seen follower/s a355c4c2-cbce-4d32-ac2d-5d7efcc7e61b for 182550ms 5a49129c-fcc1-4df1-b4f9-e84c17474790 for 182550ms
2019-09-11 12:48:38,546 [EventQueue-PipelineActionsForPipelineActionHandler] ERROR pipeline.PipelineActionHandler (PipelineActionHandler.java:onMessage(60)) - Received pipeline action CLOSE for Pipeline[ Id: 4225135a-f45b-446d-abd4-791f85aa1d09, Nodes: a355c4c2-cbce-4d32-ac2d-5d7efcc7e61b{ip: 192.168.69.81, host: pr-hdds-2109-6lgm5-4208394744, networkLocation: /default-rack, certSerialId: null}608419ff-9e1e-46ed-b668-4d330b5fd69a{ip: 192.168.69.81, host: pr-hdds-2109-6lgm5-4208394744, networkLocation: /default-rack, certSerialId: null}5a49129c-fcc1-4df1-b4f9-e84c17474790{ip: 192.168.69.81, host: pr-hdds-2109-6lgm5-4208394744, networkLocation: /default-rack, certSerialId: null}, Type:RATIS, Factor:THREE, State:CLOSED] from datanode 608419ff-9e1e-46ed-b668-4d330b5fd69a{ip: 192.168.69.81, host: pr-hdds-2109-6lgm5-4208394744, networkLocation: /default-rack, certSerialId: null}. Reason : 608419ff-9e1e-46ed-b668-4d330b5fd69a has not seen follower/s a355c4c2-cbce-4d32-ac2d-5d7efcc7e61b for 182550ms 5a49129c-fcc1-4df1-b4f9-e84c17474790 for 182550ms
2019-09-11 12:48:38,546 [EventQueue-PipelineActionsForPipelineActionHandler] INFO  pipeline.SCMPipelineManager (SCMPipelineManager.java:finalizeAndDestroyPipeline(311)) - destroying pipeline:Pipeline[ Id: 4225135a-f45b-446d-abd4-791f85aa1d09, Nodes: a355c4c2-cbce-4d32-ac2d-5d7efcc7e61b{ip: 192.168.69.81, host: pr-hdds-2109-6lgm5-4208394744, networkLocation: /default-rack, certSerialId: null}608419ff-9e1e-46ed-b668-4d330b5fd69a{ip: 192.168.69.81, host: pr-hdds-2109-6lgm5-4208394744, networkLocation: /default-rack, certSerialId: null}5a49129c-fcc1-4df1-b4f9-e84c17474790{ip: 192.168.69.81, host: pr-hdds-2109-6lgm5-4208394744, networkLocation: /default-rack, certSerialId: null}, Type:RATIS, Factor:THREE, State:CLOSED]
2019-09-11 12:48:39,041 [java.util.concurrent.ThreadPoolExecutor$Worker@609f90f[State = -1, empty queue]] WARN  server.GrpcLogAppender (GrpcLogAppender.java:timeoutAppendRequest(200)) - 608419ff-9e1e-46ed-b668-4d330b5fd69a@group-791F85AA1D09->5a49129c-fcc1-4df1-b4f9-e84c17474790-GrpcLogAppender: appendEntries Timeout, request=608419ff-9e1e-46ed-b668-4d330b5fd69a->5a49129c-fcc1-4df1-b4f9-e84c17474790#163-t1, previous=(t:1, i:17), leaderCommit=10, initializing? false, entries: <empty>
2019-09-11 12:48:39,042 [java.util.concurrent.ThreadPoolExecutor$Worker@4a186632[State = -1, empty queue]] WARN  server.GrpcLogAppender (GrpcLogAppender.java:timeoutAppendRequest(200)) - 608419ff-9e1e-46ed-b668-4d330b5fd69a@group-791F85AA1D09->a355c4c2-cbce-4d32-ac2d-5d7efcc7e61b-GrpcLogAppender: appendEntries Timeout, request=608419ff-9e1e-46ed-b668-4d330b5fd69a->a355c4c2-cbce-4d32-ac2d-5d7efcc7e61b#163-t1, previous=(t:1, i:17), leaderCommit=10, initializing? false, entries: <empty>
2019-09-11 12:48:41,044 [org.apache.ratis.server.impl.LogAppender$AppenderDaemon$$Lambda$485/1842952795@66a73b40] ERROR ratis.XceiverServerRatis (XceiverServerRatis.java:triggerPipelineClose(568)) - pipeline Action CLOSE  on pipeline PipelineID=4225135a-f45b-446d-abd4-791f85aa1d09.Reason : 608419ff-9e1e-46ed-b668-4d330b5fd69a has not seen follower/s a355c4c2-cbce-4d32-ac2d-5d7efcc7e61b for 185051ms 5a49129c-fcc1-4df1-b4f9-e84c17474790 for 185051ms
2019-09-11 12:48:41,044 [org.apache.ratis.server.impl.LogAppender$AppenderDaemon$$Lambda$485/1842952795@216c616e] ERROR ratis.XceiverServerRatis (XceiverServerRatis.java:triggerPipelineClose(568)) - pipeline Action CLOSE  on pipeline PipelineID=4225135a-f45b-446d-abd4-791f85aa1d09.Reason : 608419ff-9e1e-46ed-b668-4d330b5fd69a has not seen follower/s a355c4c2-cbce-4d32-ac2d-5d7efcc7e61b for 185051ms 5a49129c-fcc1-4df1-b4f9-e84c17474790 for 185051ms
2019-09-11 12:48:41,542 [java.util.concurrent.ThreadPoolExecutor$Worker@609f90f[State = -1, empty queue]] WARN  server.GrpcLogAppender (GrpcLogAppender.java:timeoutAppendRequest(200)) - 608419ff-9e1e-46ed-b668-4d330b5fd69a@group-791F85AA1D09->5a49129c-fcc1-4df1-b4f9-e84c17474790-GrpcLogAppender: appendEntries Timeout, request=608419ff-9e1e-46ed-b668-4d330b5fd69a->5a49129c-fcc1-4df1-b4f9-e84c17474790#164-t1, previous=(t:1, i:17), leaderCommit=10, initializing? false, entries: <empty>
2019-09-11 12:48:41,542 [java.util.concurrent.ThreadPoolExecutor$Worker@4a186632[State = -1, empty queue]] WARN  server.GrpcLogAppender (GrpcLogAppender.java:timeoutAppendRequest(200)) - 608419ff-9e1e-46ed-b668-4d330b5fd69a@group-791F85AA1D09->a355c4c2-cbce-4d32-ac2d-5d7efcc7e61b-GrpcLogAppender: appendEntries Timeout, request=608419ff-9e1e-46ed-b668-4d330b5fd69a->a355c4c2-cbce-4d32-ac2d-5d7efcc7e61b#164-t1, previous=(t:1, i:17), leaderCommit=10, initializing? false, entries: <empty>
2019-09-11 12:48:41,547 [EventQueue-PipelineActionsForPipelineActionHandler] ERROR pipeline.PipelineActionHandler (PipelineActionHandler.java:onMessage(60)) - Received pipeline action CLOSE for Pipeline[ Id: 4225135a-f45b-446d-abd4-791f85aa1d09, Nodes: a355c4c2-cbce-4d32-ac2d-5d7efcc7e61b{ip: 192.168.69.81, host: pr-hdds-2109-6lgm5-4208394744, networkLocation: /default-rack, certSerialId: null}608419ff-9e1e-46ed-b668-4d330b5fd69a{ip: 192.168.69.81, host: pr-hdds-2109-6lgm5-4208394744, networkLocation: /default-rack, certSerialId: null}5a49129c-fcc1-4df1-b4f9-e84c17474790{ip: 192.168.69.81, host: pr-hdds-2109-6lgm5-4208394744, networkLocation: /default-rack, certSerialId: null}, Type:RATIS, Factor:THREE, State:CLOSED] from datanode 608419ff-9e1e-46ed-b668-4d330b5fd69a{ip: 192.168.69.81, host: pr-hdds-2109-6lgm5-4208394744, networkLocation: /default-rack, certSerialId: null}. Reason : 608419ff-9e1e-46ed-b668-4d330b5fd69a has not seen follower/s a355c4c2-cbce-4d32-ac2d-5d7efcc7e61b for 185051ms 5a49129c-fcc1-4df1-b4f9-e84c17474790 for 185051ms
2019-09-11 12:48:41,548 [EventQueue-PipelineActionsForPipelineActionHandler] INFO  pipeline.SCMPipelineManager (SCMPipelineManager.java:finalizeAndDestroyPipeline(311)) - destroying pipeline:Pipeline[ Id: 4225135a-f45b-446d-abd4-791f85aa1d09, Nodes: a355c4c2-cbce-4d32-ac2d-5d7efcc7e61b{ip: 192.168.69.81, host: pr-hdds-2109-6lgm5-4208394744, networkLocation: /default-rack, certSerialId: null}608419ff-9e1e-46ed-b668-4d330b5fd69a{ip: 192.168.69.81, host: pr-hdds-2109-6lgm5-4208394744, networkLocation: /default-rack, certSerialId: null}5a49129c-fcc1-4df1-b4f9-e84c17474790{ip: 192.168.69.81, host: pr-hdds-2109-6lgm5-4208394744, networkLocation: /default-rack, certSerialId: null}, Type:RATIS, Factor:THREE, State:CLOSED]
2019-09-11 12:48:42,500 [grpc-default-executor-7] INFO  impl.RaftServerProxy (RaftServerProxy.java:remove(95)) - a355c4c2-cbce-4d32-ac2d-5d7efcc7e61b: remove  FOLLOWER a355c4c2-cbce-4d32-ac2d-5d7efcc7e61b@group-791F85AA1D09:t1, leader=608419ff-9e1e-46ed-b668-4d330b5fd69a, voted=608419ff-9e1e-46ed-b668-4d330b5fd69a, raftlog=a355c4c2-cbce-4d32-ac2d-5d7efcc7e61b@group-791F85AA1D09-SegmentedRaftLog:OPENED:c10,f10,i17, conf=0: [a355c4c2-cbce-4d32-ac2d-5d7efcc7e61b:192.168.69.81:43118, 608419ff-9e1e-46ed-b668-4d330b5fd69a:192.168.69.81:34716, 5a49129c-fcc1-4df1-b4f9-e84c17474790:192.168.69.81:36288], old=null RUNNING
2019-09-11 12:48:42,501 [grpc-default-executor-7] INFO  impl.RaftServerImpl (RaftServerImpl.java:lambda$shutdown$3(251)) - a355c4c2-cbce-4d32-ac2d-5d7efcc7e61b@group-791F85AA1D09: shutdown
2019-09-11 12:48:42,501 [grpc-default-executor-7] INFO  util.JmxRegister (JmxRegister.java:unregister(73)) - Successfully un-registered JMX Bean with object name Ratis:service=RaftServer,group=group-791F85AA1D09,id=a355c4c2-cbce-4d32-ac2d-5d7efcc7e61b
2019-09-11 12:48:42,502 [grpc-default-executor-7] INFO  impl.RoleInfo (RoleInfo.java:shutdownFollowerState(121)) - a355c4c2-cbce-4d32-ac2d-5d7efcc7e61b: shutdown FollowerState
2019-09-11 12:48:42,502 [grpc-default-executor-7] INFO  impl.StateMachineUpdater (StateMachineUpdater.java:stopAndJoin(125)) - a355c4c2-cbce-4d32-ac2d-5d7efcc7e61b@group-791F85AA1D09-StateMachineUpdater: set stopIndex = 10
2019-09-11 12:48:42,502 [a355c4c2-cbce-4d32-ac2d-5d7efcc7e61b@group-791F85AA1D09-StateMachineUpdater] INFO  ratis.ContainerStateMachine (ContainerStateMachine.java:takeSnapshot(289)) - group-791F85AA1D09: Taking a snapshot at:(t:1, i:9) file /workdir/hadoop-ozone/integration-test/target/test-dir/MiniOzoneClusterImpl-72df8dd9-2b9a-4ea0-aef5-73ebd66773c1/datanode-5/data/ratis/4225135a-f45b-446d-abd4-791f85aa1d09/sm/snapshot.1_9
2019-09-11 12:48:42,502 [Thread-869] INFO  impl.FollowerState (FollowerState.java:run(115)) - a355c4c2-cbce-4d32-ac2d-5d7efcc7e61b: FollowerState was interrupted: java.lang.InterruptedException: sleep interrupted
2019-09-11 12:48:42,535 [a355c4c2-cbce-4d32-ac2d-5d7efcc7e61b@group-791F85AA1D09-StateMachineUpdater] INFO  ratis.ContainerStateMachine (ContainerStateMachine.java:takeSnapshot(300)) - group-791F85AA1D09: Finished taking a snapshot at:(t:1, i:9) file:/workdir/hadoop-ozone/integration-test/target/test-dir/MiniOzoneClusterImpl-72df8dd9-2b9a-4ea0-aef5-73ebd66773c1/datanode-5/data/ratis/4225135a-f45b-446d-abd4-791f85aa1d09/sm/snapshot.1_9 time:32
2019-09-11 12:48:42,535 [a355c4c2-cbce-4d32-ac2d-5d7efcc7e61b@group-791F85AA1D09-StateMachineUpdater] INFO  impl.StateMachineUpdater (StateMachineUpdater.java:takeSnapshot(258)) - a355c4c2-cbce-4d32-ac2d-5d7efcc7e61b@group-791F85AA1D09-StateMachineUpdater: Took a snapshot at index 9
2019-09-11 12:48:42,535 [a355c4c2-cbce-4d32-ac2d-5d7efcc7e61b@group-791F85AA1D09-StateMachineUpdater] INFO  impl.StateMachineUpdater (StateMachineUpdater.java:lambda$new$0(83)) - a355c4c2-cbce-4d32-ac2d-5d7efcc7e61b@group-791F85AA1D09-StateMachineUpdater: snapshotIndex: updateIncreasingly -1 -> 9
2019-09-11 12:48:42,536 [a355c4c2-cbce-4d32-ac2d-5d7efcc7e61b@group-791F85AA1D09-StateMachineUpdater] INFO  ratis.ContainerStateMachine (ContainerStateMachine.java:takeSnapshot(289)) - group-791F85AA1D09: Taking a snapshot at:(t:1, i:9) file /workdir/hadoop-ozone/integration-test/target/test-dir/MiniOzoneClusterImpl-72df8dd9-2b9a-4ea0-aef5-73ebd66773c1/datanode-5/data/ratis/4225135a-f45b-446d-abd4-791f85aa1d09/sm/snapshot.1_9
2019-09-11 12:48:42,557 [a355c4c2-cbce-4d32-ac2d-5d7efcc7e61b@group-791F85AA1D09-StateMachineUpdater] INFO  ratis.ContainerStateMachine (ContainerStateMachine.java:takeSnapshot(300)) - group-791F85AA1D09: Finished taking a snapshot at:(t:1, i:9) file:/workdir/hadoop-ozone/integration-test/target/test-dir/MiniOzoneClusterImpl-72df8dd9-2b9a-4ea0-aef5-73ebd66773c1/datanode-5/data/ratis/4225135a-f45b-446d-abd4-791f85aa1d09/sm/snapshot.1_9 time:22
2019-09-11 12:48:42,557 [a355c4c2-cbce-4d32-ac2d-5d7efcc7e61b@group-791F85AA1D09-StateMachineUpdater] INFO  impl.StateMachineUpdater (StateMachineUpdater.java:takeSnapshot(258)) - a355c4c2-cbce-4d32-ac2d-5d7efcc7e61b@group-791F85AA1D09-StateMachineUpdater: Took a snapshot at index 9
2019-09-11 12:48:42,557 [a355c4c2-cbce-4d32-ac2d-5d7efcc7e61b@group-791F85AA1D09-StateMachineUpdater] INFO  impl.StateMachineUpdater (StateMachineUpdater.java:lambda$new$0(83)) - a355c4c2-cbce-4d32-ac2d-5d7efcc7e61b@group-791F85AA1D09-StateMachineUpdater: snapshotIndex: updateIncreasingly 9 -> 9
2019-09-11 12:48:42,558 [grpc-default-executor-7] INFO  impl.RaftServerImpl (ServerState.java:close(385)) - a355c4c2-cbce-4d32-ac2d-5d7efcc7e61b@group-791F85AA1D09: closes. applyIndex: 10
2019-09-11 12:48:42,559 [a355c4c2-cbce-4d32-ac2d-5d7efcc7e61b@group-791F85AA1D09-SegmentedRaftLogWorker] ERROR ratis.XceiverServerRatis (XceiverServerRatis.java:triggerPipelineClose(568)) - pipeline Action CLOSE  on pipeline PipelineID=4225135a-f45b-446d-abd4-791f85aa1d09.Reason : WriteLog:11: (t:1, i:11), STATEMACHINELOGENTRY, client-D34D2F077373, cid=142-writeStateMachineData interrupted.
2019-09-11 12:48:42,563 [grpc-default-executor-7] INFO  segmented.SegmentedRaftLogWorker (SegmentedRaftLogWorker.java:close(228)) - a355c4c2-cbce-4d32-ac2d-5d7efcc7e61b@group-791F85AA1D09-SegmentedRaftLogWorker close()
2019-09-11 12:48:42,563 [EventQueue-PipelineActionsForPipelineActionHandler] ERROR pipeline.PipelineActionHandler (PipelineActionHandler.java:onMessage(60)) - Received pipeline action CLOSE for Pipeline[ Id: 4225135a-f45b-446d-abd4-791f85aa1d09, Nodes: a355c4c2-cbce-4d32-ac2d-5d7efcc7e61b{ip: 192.168.69.81, host: pr-hdds-2109-6lgm5-4208394744, networkLocation: /default-rack, certSerialId: null}608419ff-9e1e-46ed-b668-4d330b5fd69a{ip: 192.168.69.81, host: pr-hdds-2109-6lgm5-4208394744, networkLocation: /default-rack, certSerialId: null}5a49129c-fcc1-4df1-b4f9-e84c17474790{ip: 192.168.69.81, host: pr-hdds-2109-6lgm5-4208394744, networkLocation: /default-rack, certSerialId: null}, Type:RATIS, Factor:THREE, State:CLOSED] from datanode a355c4c2-cbce-4d32-ac2d-5d7efcc7e61b{ip: 192.168.69.81, host: pr-hdds-2109-6lgm5-4208394744, networkLocation: /default-rack, certSerialId: null}. Reason : WriteLog:11: (t:1, i:11), STATEMACHINELOGENTRY, client-D34D2F077373, cid=142-writeStateMachineData interrupted.
2019-09-11 12:48:42,566 [EventQueue-PipelineActionsForPipelineActionHandler] INFO  pipeline.SCMPipelineManager (SCMPipelineManager.java:finalizeAndDestroyPipeline(311)) - destroying pipeline:Pipeline[ Id: 4225135a-f45b-446d-abd4-791f85aa1d09, Nodes: a355c4c2-cbce-4d32-ac2d-5d7efcc7e61b{ip: 192.168.69.81, host: pr-hdds-2109-6lgm5-4208394744, networkLocation: /default-rack, certSerialId: null}608419ff-9e1e-46ed-b668-4d330b5fd69a{ip: 192.168.69.81, host: pr-hdds-2109-6lgm5-4208394744, networkLocation: /default-rack, certSerialId: null}5a49129c-fcc1-4df1-b4f9-e84c17474790{ip: 192.168.69.81, host: pr-hdds-2109-6lgm5-4208394744, networkLocation: /default-rack, certSerialId: null}, Type:RATIS, Factor:THREE, State:CLOSED]
2019-09-11 12:48:42,580 [grpc-default-executor-7] INFO  interfaces.Container (KeyValueContainer.java:flushAndSyncDB(386)) - Container 4 is synced with bcsId 4.
2019-09-11 12:48:42,581 [grpc-default-executor-7] INFO  interfaces.Container (KeyValueContainer.java:flushAndSyncDB(386)) - Container 4 is synced with bcsId 4.
2019-09-11 12:48:42,601 [EventQueue-IncrementalContainerReportForIncrementalContainerReportHandler] INFO  container.IncrementalContainerReportHandler (AbstractContainerReportHandler.java:updateContainerState(169)) - Moving container #4 to QUASI_CLOSED state, datanode a355c4c2-cbce-4d32-ac2d-5d7efcc7e61b{ip: 192.168.69.81, host: pr-hdds-2109-6lgm5-4208394744, networkLocation: /default-rack, certSerialId: null} reported QUASI_CLOSED replica.
2019-09-11 12:48:42,610 [grpc-default-executor-7] INFO  interfaces.Container (KeyValueContainer.java:flushAndSyncDB(386)) - Container 7 is synced with bcsId 9.
2019-09-11 12:48:42,610 [grpc-default-executor-7] INFO  interfaces.Container (KeyValueContainer.java:flushAndSyncDB(386)) - Container 7 is synced with bcsId 9.
2019-09-11 12:48:42,626 [EventQueue-IncrementalContainerReportForIncrementalContainerReportHandler] INFO  container.IncrementalContainerReportHandler (AbstractContainerReportHandler.java:updateContainerState(169)) - Moving container #7 to QUASI_CLOSED state, datanode a355c4c2-cbce-4d32-ac2d-5d7efcc7e61b{ip: 192.168.69.81, host: pr-hdds-2109-6lgm5-4208394744, networkLocation: /default-rack, certSerialId: null} reported QUASI_CLOSED replica.
2019-09-11 12:48:42,701 [grpc-default-executor-7] INFO  interfaces.Container (KeyValueContainer.java:flushAndSyncDB(386)) - Container 8 is synced with bcsId 0.
2019-09-11 12:48:42,701 [grpc-default-executor-7] INFO  interfaces.Container (KeyValueContainer.java:flushAndSyncDB(386)) - Container 8 is synced with bcsId 0.
2019-09-11 12:48:42,717 [EventQueue-IncrementalContainerReportForIncrementalContainerReportHandler] INFO  container.IncrementalContainerReportHandler (AbstractContainerReportHandler.java:updateContainerState(169)) - Moving container #8 to QUASI_CLOSED state, datanode a355c4c2-cbce-4d32-ac2d-5d7efcc7e61b{ip: 192.168.69.81, host: pr-hdds-2109-6lgm5-4208394744, networkLocation: /default-rack, certSerialId: null} reported QUASI_CLOSED replica.
2019-09-11 12:48:42,721 [grpc-default-executor-7] INFO  impl.RaftServerProxy (RaftServerProxy.java:remove(95)) - 608419ff-9e1e-46ed-b668-4d330b5fd69a: remove    LEADER 608419ff-9e1e-46ed-b668-4d330b5fd69a@group-791F85AA1D09:t1, leader=608419ff-9e1e-46ed-b668-4d330b5fd69a, voted=608419ff-9e1e-46ed-b668-4d330b5fd69a, raftlog=608419ff-9e1e-46ed-b668-4d330b5fd69a@group-791F85AA1D09-SegmentedRaftLog:OPENED:c10,f10,i17, conf=0: [a355c4c2-cbce-4d32-ac2d-5d7efcc7e61b:192.168.69.81:43118, 608419ff-9e1e-46ed-b668-4d330b5fd69a:192.168.69.81:34716, 5a49129c-fcc1-4df1-b4f9-e84c17474790:192.168.69.81:36288], old=null RUNNING
2019-09-11 12:48:42,722 [grpc-default-executor-7] INFO  impl.RaftServerImpl (RaftServerImpl.java:lambda$shutdown$3(251)) - 608419ff-9e1e-46ed-b668-4d330b5fd69a@group-791F85AA1D09: shutdown
2019-09-11 12:48:42,722 [grpc-default-executor-7] INFO  util.JmxRegister (JmxRegister.java:unregister(73)) - Successfully un-registered JMX Bean with object name Ratis:service=RaftServer,group=group-791F85AA1D09,id=608419ff-9e1e-46ed-b668-4d330b5fd69a
2019-09-11 12:48:42,722 [grpc-default-executor-7] INFO  impl.RoleInfo (RoleInfo.java:shutdownLeaderState(104)) - 608419ff-9e1e-46ed-b668-4d330b5fd69a: shutdown LeaderState
2019-09-11 12:48:42,728 [org.apache.ratis.server.impl.LogAppender$AppenderDaemon$$Lambda$485/1842952795@216c616e] WARN  server.GrpcLogAppender (GrpcLogAppender.java:mayWait(143)) - 608419ff-9e1e-46ed-b668-4d330b5fd69a@group-791F85AA1D09->5a49129c-fcc1-4df1-b4f9-e84c17474790-GrpcLogAppender: Wait interrupted by java.lang.InterruptedException
2019-09-11 12:48:42,728 [grpc-default-executor-7] INFO  impl.PendingRequests (PendingRequests.java:sendNotLeaderResponses(202)) - 608419ff-9e1e-46ed-b668-4d330b5fd69a-PendingRequests: sendNotLeaderResponses
2019-09-11 12:48:42,728 [org.apache.ratis.server.impl.LogAppender$AppenderDaemon$$Lambda$485/1842952795@66a73b40] WARN  server.GrpcLogAppender (GrpcLogAppender.java:mayWait(143)) - 608419ff-9e1e-46ed-b668-4d330b5fd69a@group-791F85AA1D09->a355c4c2-cbce-4d32-ac2d-5d7efcc7e61b-GrpcLogAppender: Wait interrupted by java.lang.InterruptedException
2019-09-11 12:48:42,728 [grpc-default-executor-6] INFO  server.GrpcServerProtocolService (GrpcServerProtocolService.java:onCompleted(113)) - 5a49129c-fcc1-4df1-b4f9-e84c17474790: Completed APPEND_ENTRIES, lastRequest: 608419ff-9e1e-46ed-b668-4d330b5fd69a->5a49129c-fcc1-4df1-b4f9-e84c17474790#165-t1, previous=(t:1, i:17), leaderCommit=10, initializing? false, entries: <empty>
2019-09-11 12:48:42,729 [grpc-default-executor-4] INFO  server.GrpcServerProtocolService (GrpcServerProtocolService.java:onCompleted(113)) - a355c4c2-cbce-4d32-ac2d-5d7efcc7e61b: Completed APPEND_ENTRIES, lastRequest: 608419ff-9e1e-46ed-b668-4d330b5fd69a->a355c4c2-cbce-4d32-ac2d-5d7efcc7e61b#165-t1, previous=(t:1, i:17), leaderCommit=10, initializing? false, entries: <empty>
2019-09-11 12:48:42,729 [grpc-default-executor-6] INFO  server.GrpcLogAppender (GrpcLogAppender.java:onCompleted(293)) - 608419ff-9e1e-46ed-b668-4d330b5fd69a@group-791F85AA1D09->5a49129c-fcc1-4df1-b4f9-e84c17474790-AppendLogResponseHandler: follower responses appendEntries COMPLETED
2019-09-11 12:48:42,729 [grpc-default-executor-4] INFO  server.GrpcLogAppender (GrpcLogAppender.java:onCompleted(293)) - 608419ff-9e1e-46ed-b668-4d330b5fd69a@group-791F85AA1D09->a355c4c2-cbce-4d32-ac2d-5d7efcc7e61b-AppendLogResponseHandler: follower responses appendEntries COMPLETED
2019-09-11 12:48:42,734 [grpc-default-executor-7] INFO  impl.StateMachineUpdater (StateMachineUpdater.java:stopAndJoin(125)) - 608419ff-9e1e-46ed-b668-4d330b5fd69a@group-791F85AA1D09-StateMachineUpdater: set stopIndex = 10
2019-09-11 12:48:42,734 [grpc-default-executor-4] INFO  impl.FollowerInfo (FollowerInfo.java:lambda$new$0(51)) - 608419ff-9e1e-46ed-b668-4d330b5fd69a@group-791F85AA1D09->a355c4c2-cbce-4d32-ac2d-5d7efcc7e61b: nextIndex: updateUnconditionally 18 -> 11
2019-09-11 12:48:42,734 [grpc-default-executor-6] INFO  impl.FollowerInfo (FollowerInfo.java:lambda$new$0(51)) - 608419ff-9e1e-46ed-b668-4d330b5fd69a@group-791F85AA1D09->5a49129c-fcc1-4df1-b4f9-e84c17474790: nextIndex: updateUnconditionally 18 -> 11
2019-09-11 12:48:42,734 [608419ff-9e1e-46ed-b668-4d330b5fd69a@group-791F85AA1D09-StateMachineUpdater] INFO  ratis.ContainerStateMachine (ContainerStateMachine.java:takeSnapshot(289)) - group-791F85AA1D09: Taking a snapshot at:(t:1, i:10) file /workdir/hadoop-ozone/integration-test/target/test-dir/MiniOzoneClusterImpl-72df8dd9-2b9a-4ea0-aef5-73ebd66773c1/datanode-3/data/ratis/4225135a-f45b-446d-abd4-791f85aa1d09/sm/snapshot.1_10
2019-09-11 12:48:42,747 [608419ff-9e1e-46ed-b668-4d330b5fd69a@group-791F85AA1D09-StateMachineUpdater] INFO  ratis.ContainerStateMachine (ContainerStateMachine.java:takeSnapshot(300)) - group-791F85AA1D09: Finished taking a snapshot at:(t:1, i:10) file:/workdir/hadoop-ozone/integration-test/target/test-dir/MiniOzoneClusterImpl-72df8dd9-2b9a-4ea0-aef5-73ebd66773c1/datanode-3/data/ratis/4225135a-f45b-446d-abd4-791f85aa1d09/sm/snapshot.1_10 time:12
2019-09-11 12:48:42,747 [608419ff-9e1e-46ed-b668-4d330b5fd69a@group-791F85AA1D09-StateMachineUpdater] INFO  impl.StateMachineUpdater (StateMachineUpdater.java:takeSnapshot(258)) - 608419ff-9e1e-46ed-b668-4d330b5fd69a@group-791F85AA1D09-StateMachineUpdater: Took a snapshot at index 10
2019-09-11 12:48:42,747 [608419ff-9e1e-46ed-b668-4d330b5fd69a@group-791F85AA1D09-StateMachineUpdater] INFO  impl.StateMachineUpdater (StateMachineUpdater.java:lambda$new$0(83)) - 608419ff-9e1e-46ed-b668-4d330b5fd69a@group-791F85AA1D09-StateMachineUpdater: snapshotIndex: updateIncreasingly -1 -> 10
2019-09-11 12:48:42,747 [grpc-default-executor-7] INFO  impl.RaftServerImpl (ServerState.java:close(385)) - 608419ff-9e1e-46ed-b668-4d330b5fd69a@group-791F85AA1D09: closes. applyIndex: 10
2019-09-11 12:48:42,748 [Command processor thread] ERROR commandhandler.CloseContainerCommandHandler (CloseContainerCommandHandler.java:handle(125)) - Can't close container #7
java.io.IOException: org.apache.ratis.protocol.GroupMismatchException: 608419ff-9e1e-46ed-b668-4d330b5fd69a: group-791F85AA1D09 not found.
	at org.apache.hadoop.ozone.container.common.transport.server.ratis.XceiverServerRatis.submitRequest(XceiverServerRatis.java:495)
	at org.apache.hadoop.ozone.container.common.statemachine.commandhandler.CloseContainerCommandHandler.handle(CloseContainerCommandHandler.java:102)
	at org.apache.hadoop.ozone.container.common.statemachine.commandhandler.CommandDispatcher.handle(CommandDispatcher.java:99)
	at org.apache.hadoop.ozone.container.common.statemachine.DatanodeStateMachine.lambda$initCommandHandlerThread$1(DatanodeStateMachine.java:432)
	at java.lang.Thread.run(Thread.java:748)
Caused by: java.util.concurrent.ExecutionException: org.apache.ratis.protocol.GroupMismatchException: 608419ff-9e1e-46ed-b668-4d330b5fd69a: group-791F85AA1D09 not found.
	at java.util.concurrent.CompletableFuture.reportGet(CompletableFuture.java:357)
	at java.util.concurrent.CompletableFuture.get(CompletableFuture.java:1895)
	at org.apache.hadoop.ozone.container.common.transport.server.ratis.XceiverServerRatis.submitRequest(XceiverServerRatis.java:493)
	... 4 more
Caused by: org.apache.ratis.protocol.GroupMismatchException: 608419ff-9e1e-46ed-b668-4d330b5fd69a: group-791F85AA1D09 not found.
	at org.apache.ratis.server.impl.RaftServerProxy$ImplMap.get(RaftServerProxy.java:122)
	at org.apache.ratis.server.impl.RaftServerProxy.getImplFuture(RaftServerProxy.java:269)
	at org.apache.ratis.server.impl.RaftServerProxy.submitRequest(RaftServerProxy.java:327)
	at org.apache.ratis.server.impl.RaftServerProxy.submitClientRequestAsync(RaftServerProxy.java:333)
	... 5 more
2019-09-11 12:48:42,748 [608419ff-9e1e-46ed-b668-4d330b5fd69a@group-791F85AA1D09-SegmentedRaftLogWorker] ERROR ratis.XceiverServerRatis (XceiverServerRatis.java:triggerPipelineClose(568)) - pipeline Action CLOSE  on pipeline PipelineID=4225135a-f45b-446d-abd4-791f85aa1d09.Reason : WriteLog:12: (t:1, i:12), STATEMACHINELOGENTRY, client-D34D2F077373, cid=143-writeStateMachineData interrupted.
2019-09-11 12:48:42,751 [EventQueue-PipelineActionsForPipelineActionHandler] ERROR pipeline.PipelineActionHandler (PipelineActionHandler.java:onMessage(60)) - Received pipeline action CLOSE for Pipeline[ Id: 4225135a-f45b-446d-abd4-791f85aa1d09, Nodes: a355c4c2-cbce-4d32-ac2d-5d7efcc7e61b{ip: 192.168.69.81, host: pr-hdds-2109-6lgm5-4208394744, networkLocation: /default-rack, certSerialId: null}608419ff-9e1e-46ed-b668-4d330b5fd69a{ip: 192.168.69.81, host: pr-hdds-2109-6lgm5-4208394744, networkLocation: /default-rack, certSerialId: null}5a49129c-fcc1-4df1-b4f9-e84c17474790{ip: 192.168.69.81, host: pr-hdds-2109-6lgm5-4208394744, networkLocation: /default-rack, certSerialId: null}, Type:RATIS, Factor:THREE, State:CLOSED] from datanode 608419ff-9e1e-46ed-b668-4d330b5fd69a{ip: 192.168.69.81, host: pr-hdds-2109-6lgm5-4208394744, networkLocation: /default-rack, certSerialId: null}. Reason : WriteLog:12: (t:1, i:12), STATEMACHINELOGENTRY, client-D34D2F077373, cid=143-writeStateMachineData interrupted.
2019-09-11 12:48:42,751 [EventQueue-PipelineActionsForPipelineActionHandler] INFO  pipeline.SCMPipelineManager (SCMPipelineManager.java:finalizeAndDestroyPipeline(311)) - destroying pipeline:Pipeline[ Id: 4225135a-f45b-446d-abd4-791f85aa1d09, Nodes: a355c4c2-cbce-4d32-ac2d-5d7efcc7e61b{ip: 192.168.69.81, host: pr-hdds-2109-6lgm5-4208394744, networkLocation: /default-rack, certSerialId: null}608419ff-9e1e-46ed-b668-4d330b5fd69a{ip: 192.168.69.81, host: pr-hdds-2109-6lgm5-4208394744, networkLocation: /default-rack, certSerialId: null}5a49129c-fcc1-4df1-b4f9-e84c17474790{ip: 192.168.69.81, host: pr-hdds-2109-6lgm5-4208394744, networkLocation: /default-rack, certSerialId: null}, Type:RATIS, Factor:THREE, State:CLOSED]
2019-09-11 12:48:42,752 [grpc-default-executor-7] INFO  segmented.SegmentedRaftLogWorker (SegmentedRaftLogWorker.java:close(228)) - 608419ff-9e1e-46ed-b668-4d330b5fd69a@group-791F85AA1D09-SegmentedRaftLogWorker close()
2019-09-11 12:48:42,809 [grpc-default-executor-7] INFO  interfaces.Container (KeyValueContainer.java:flushAndSyncDB(386)) - Container 4 is synced with bcsId 4.
2019-09-11 12:48:42,809 [main] WARN  io.KeyOutputStream (KeyOutputStream.java:handleException(276)) - Encountered exception java.io.IOException: Unexpected Storage Container Exception: java.util.concurrent.CompletionException: java.util.concurrent.CompletionException: org.apache.ratis.protocol.GroupMismatchException: a355c4c2-cbce-4d32-ac2d-5d7efcc7e61b: group-791F85AA1D09 not found. on the pipeline Pipeline[ Id: 4225135a-f45b-446d-abd4-791f85aa1d09, Nodes: a355c4c2-cbce-4d32-ac2d-5d7efcc7e61b{ip: 192.168.69.81, host: pr-hdds-2109-6lgm5-4208394744, networkLocation: /default-rack, certSerialId: null}608419ff-9e1e-46ed-b668-4d330b5fd69a{ip: 192.168.69.81, host: pr-hdds-2109-6lgm5-4208394744, networkLocation: /default-rack, certSerialId: null}5a49129c-fcc1-4df1-b4f9-e84c17474790{ip: 192.168.69.81, host: pr-hdds-2109-6lgm5-4208394744, networkLocation: /default-rack, certSerialId: null}, Type:RATIS, Factor:THREE, State:OPEN]. The last committed block length is 0, uncommitted data length is 400 retry count 0
2019-09-11 12:48:42,809 [grpc-default-executor-7] INFO  interfaces.Container (KeyValueContainer.java:flushAndSyncDB(386)) - Container 4 is synced with bcsId 4.
2019-09-11 12:48:42,848 [grpc-default-executor-6] INFO  client.GrpcClientProtocolClient (GrpcClientProtocolClient.java:onNext(264)) - client-C7D0ED738B8D->d8e74394-a0bf-4ec3-a3ce-4740c71bd9b7: receive RaftClientReply:client-C7D0ED738B8D->d8e74394-a0bf-4ec3-a3ce-4740c71bd9b7@group-4D584596C0F1, cid=237, FAILED org.apache.ratis.protocol.NotLeaderException: Server d8e74394-a0bf-4ec3-a3ce-4740c71bd9b7@group-4D584596C0F1 is not the leader 8533a49c-a60c-4c36-849a-1b71101d719e:192.168.69.81:40456, logIndex=0, commits[d8e74394-a0bf-4ec3-a3ce-4740c71bd9b7:c12, f90b1bbc-0325-4fdc-bdda-dbac376593c0:c12, 8533a49c-a60c-4c36-849a-1b71101d719e:c12]
2019-09-11 12:48:42,858 [grpc-default-executor-7] INFO  interfaces.Container (KeyValueContainer.java:flushAndSyncDB(386)) - Container 7 is synced with bcsId 9.
2019-09-11 12:48:42,860 [grpc-default-executor-7] INFO  interfaces.Container (KeyValueContainer.java:flushAndSyncDB(386)) - Container 7 is synced with bcsId 9.
2019-09-11 12:48:42,888 [grpc-default-executor-7] INFO  impl.RaftServerProxy (RaftServerProxy.java:remove(95)) - 5a49129c-fcc1-4df1-b4f9-e84c17474790: remove  FOLLOWER 5a49129c-fcc1-4df1-b4f9-e84c17474790@group-791F85AA1D09:t1, leader=608419ff-9e1e-46ed-b668-4d330b5fd69a, voted=608419ff-9e1e-46ed-b668-4d330b5fd69a, raftlog=5a49129c-fcc1-4df1-b4f9-e84c17474790@group-791F85AA1D09-SegmentedRaftLog:OPENED:c10,f10,i17, conf=0: [a355c4c2-cbce-4d32-ac2d-5d7efcc7e61b:192.168.69.81:43118, 608419ff-9e1e-46ed-b668-4d330b5fd69a:192.168.69.81:34716, 5a49129c-fcc1-4df1-b4f9-e84c17474790:192.168.69.81:36288], old=null RUNNING
2019-09-11 12:48:42,889 [grpc-default-executor-7] INFO  impl.RaftServerImpl (RaftServerImpl.java:lambda$shutdown$3(251)) - 5a49129c-fcc1-4df1-b4f9-e84c17474790@group-791F85AA1D09: shutdown
2019-09-11 12:48:42,889 [grpc-default-executor-7] INFO  util.JmxRegister (JmxRegister.java:unregister(73)) - Successfully un-registered JMX Bean with object name Ratis:service=RaftServer,group=group-791F85AA1D09,id=5a49129c-fcc1-4df1-b4f9-e84c17474790
2019-09-11 12:48:42,889 [grpc-default-executor-7] INFO  impl.RoleInfo (RoleInfo.java:shutdownFollowerState(121)) - 5a49129c-fcc1-4df1-b4f9-e84c17474790: shutdown FollowerState
2019-09-11 12:48:42,889 [grpc-default-executor-7] INFO  impl.StateMachineUpdater (StateMachineUpdater.java:stopAndJoin(125)) - 5a49129c-fcc1-4df1-b4f9-e84c17474790@group-791F85AA1D09-StateMachineUpdater: set stopIndex = 10
2019-09-11 12:48:42,889 [Thread-868] INFO  impl.FollowerState (FollowerState.java:run(115)) - 5a49129c-fcc1-4df1-b4f9-e84c17474790: FollowerState was interrupted: java.lang.InterruptedException: sleep interrupted
2019-09-11 12:48:42,889 [5a49129c-fcc1-4df1-b4f9-e84c17474790@group-791F85AA1D09-StateMachineUpdater] INFO  ratis.ContainerStateMachine (ContainerStateMachine.java:takeSnapshot(289)) - group-791F85AA1D09: Taking a snapshot at:(t:1, i:9) file /workdir/hadoop-ozone/integration-test/target/test-dir/MiniOzoneClusterImpl-72df8dd9-2b9a-4ea0-aef5-73ebd66773c1/datanode-1/data/ratis/4225135a-f45b-446d-abd4-791f85aa1d09/sm/snapshot.1_9
2019-09-11 12:48:42,909 [5a49129c-fcc1-4df1-b4f9-e84c17474790@group-791F85AA1D09-StateMachineUpdater] INFO  ratis.ContainerStateMachine (ContainerStateMachine.java:takeSnapshot(300)) - group-791F85AA1D09: Finished taking a snapshot at:(t:1, i:9) file:/workdir/hadoop-ozone/integration-test/target/test-dir/MiniOzoneClusterImpl-72df8dd9-2b9a-4ea0-aef5-73ebd66773c1/datanode-1/data/ratis/4225135a-f45b-446d-abd4-791f85aa1d09/sm/snapshot.1_9 time:19
2019-09-11 12:48:42,909 [5a49129c-fcc1-4df1-b4f9-e84c17474790@group-791F85AA1D09-StateMachineUpdater] INFO  impl.StateMachineUpdater (StateMachineUpdater.java:takeSnapshot(258)) - 5a49129c-fcc1-4df1-b4f9-e84c17474790@group-791F85AA1D09-StateMachineUpdater: Took a snapshot at index 9
2019-09-11 12:48:42,909 [5a49129c-fcc1-4df1-b4f9-e84c17474790@group-791F85AA1D09-StateMachineUpdater] INFO  impl.StateMachineUpdater (StateMachineUpdater.java:lambda$new$0(83)) - 5a49129c-fcc1-4df1-b4f9-e84c17474790@group-791F85AA1D09-StateMachineUpdater: snapshotIndex: updateIncreasingly -1 -> 9
2019-09-11 12:48:42,909 [5a49129c-fcc1-4df1-b4f9-e84c17474790@group-791F85AA1D09-StateMachineUpdater] INFO  ratis.ContainerStateMachine (ContainerStateMachine.java:takeSnapshot(289)) - group-791F85AA1D09: Taking a snapshot at:(t:1, i:9) file /workdir/hadoop-ozone/integration-test/target/test-dir/MiniOzoneClusterImpl-72df8dd9-2b9a-4ea0-aef5-73ebd66773c1/datanode-1/data/ratis/4225135a-f45b-446d-abd4-791f85aa1d09/sm/snapshot.1_9
2019-09-11 12:48:42,932 [5a49129c-fcc1-4df1-b4f9-e84c17474790@group-791F85AA1D09-StateMachineUpdater] INFO  ratis.ContainerStateMachine (ContainerStateMachine.java:takeSnapshot(300)) - group-791F85AA1D09: Finished taking a snapshot at:(t:1, i:9) file:/workdir/hadoop-ozone/integration-test/target/test-dir/MiniOzoneClusterImpl-72df8dd9-2b9a-4ea0-aef5-73ebd66773c1/datanode-1/data/ratis/4225135a-f45b-446d-abd4-791f85aa1d09/sm/snapshot.1_9 time:23
2019-09-11 12:48:42,932 [5a49129c-fcc1-4df1-b4f9-e84c17474790@group-791F85AA1D09-StateMachineUpdater] INFO  impl.StateMachineUpdater (StateMachineUpdater.java:takeSnapshot(258)) - 5a49129c-fcc1-4df1-b4f9-e84c17474790@group-791F85AA1D09-StateMachineUpdater: Took a snapshot at index 9
2019-09-11 12:48:42,932 [5a49129c-fcc1-4df1-b4f9-e84c17474790@group-791F85AA1D09-StateMachineUpdater] INFO  impl.StateMachineUpdater (StateMachineUpdater.java:lambda$new$0(83)) - 5a49129c-fcc1-4df1-b4f9-e84c17474790@group-791F85AA1D09-StateMachineUpdater: snapshotIndex: updateIncreasingly 9 -> 9
2019-09-11 12:48:42,933 [grpc-default-executor-7] INFO  impl.RaftServerImpl (ServerState.java:close(385)) - 5a49129c-fcc1-4df1-b4f9-e84c17474790@group-791F85AA1D09: closes. applyIndex: 10
2019-09-11 12:48:42,934 [5a49129c-fcc1-4df1-b4f9-e84c17474790@group-791F85AA1D09-SegmentedRaftLogWorker] ERROR ratis.XceiverServerRatis (XceiverServerRatis.java:triggerPipelineClose(568)) - pipeline Action CLOSE  on pipeline PipelineID=4225135a-f45b-446d-abd4-791f85aa1d09.Reason : WriteLog:11: (t:1, i:11), STATEMACHINELOGENTRY, client-D34D2F077373, cid=142-writeStateMachineData interrupted.
2019-09-11 12:48:42,937 [grpc-default-executor-7] INFO  segmented.SegmentedRaftLogWorker (SegmentedRaftLogWorker.java:close(228)) - 5a49129c-fcc1-4df1-b4f9-e84c17474790@group-791F85AA1D09-SegmentedRaftLogWorker close()
2019-09-11 12:48:42,941 [EventQueue-PipelineActionsForPipelineActionHandler] ERROR pipeline.PipelineActionHandler (PipelineActionHandler.java:onMessage(60)) - Received pipeline action CLOSE for Pipeline[ Id: 4225135a-f45b-446d-abd4-791f85aa1d09, Nodes: a355c4c2-cbce-4d32-ac2d-5d7efcc7e61b{ip: 192.168.69.81, host: pr-hdds-2109-6lgm5-4208394744, networkLocation: /default-rack, certSerialId: null}608419ff-9e1e-46ed-b668-4d330b5fd69a{ip: 192.168.69.81, host: pr-hdds-2109-6lgm5-4208394744, networkLocation: /default-rack, certSerialId: null}5a49129c-fcc1-4df1-b4f9-e84c17474790{ip: 192.168.69.81, host: pr-hdds-2109-6lgm5-4208394744, networkLocation: /default-rack, certSerialId: null}, Type:RATIS, Factor:THREE, State:CLOSED] from datanode 5a49129c-fcc1-4df1-b4f9-e84c17474790{ip: 192.168.69.81, host: pr-hdds-2109-6lgm5-4208394744, networkLocation: /default-rack, certSerialId: null}. Reason : WriteLog:11: (t:1, i:11), STATEMACHINELOGENTRY, client-D34D2F077373, cid=142-writeStateMachineData interrupted.
2019-09-11 12:48:42,941 [EventQueue-PipelineActionsForPipelineActionHandler] INFO  pipeline.SCMPipelineManager (SCMPipelineManager.java:finalizeAndDestroyPipeline(311)) - destroying pipeline:Pipeline[ Id: 4225135a-f45b-446d-abd4-791f85aa1d09, Nodes: a355c4c2-cbce-4d32-ac2d-5d7efcc7e61b{ip: 192.168.69.81, host: pr-hdds-2109-6lgm5-4208394744, networkLocation: /default-rack, certSerialId: null}608419ff-9e1e-46ed-b668-4d330b5fd69a{ip: 192.168.69.81, host: pr-hdds-2109-6lgm5-4208394744, networkLocation: /default-rack, certSerialId: null}5a49129c-fcc1-4df1-b4f9-e84c17474790{ip: 192.168.69.81, host: pr-hdds-2109-6lgm5-4208394744, networkLocation: /default-rack, certSerialId: null}, Type:RATIS, Factor:THREE, State:CLOSED]
2019-09-11 12:48:42,949 [grpc-default-executor-7] INFO  interfaces.Container (KeyValueContainer.java:flushAndSyncDB(386)) - Container 4 is synced with bcsId 4.
2019-09-11 12:48:42,949 [grpc-default-executor-7] INFO  interfaces.Container (KeyValueContainer.java:flushAndSyncDB(386)) - Container 4 is synced with bcsId 4.
2019-09-11 12:48:42,994 [grpc-default-executor-7] INFO  interfaces.Container (KeyValueContainer.java:flushAndSyncDB(386)) - Container 7 is synced with bcsId 9.
2019-09-11 12:48:42,994 [grpc-default-executor-7] INFO  interfaces.Container (KeyValueContainer.java:flushAndSyncDB(386)) - Container 7 is synced with bcsId 9.
2019-09-11 12:48:43,053 [grpc-default-executor-4] INFO  client.GrpcClientProtocolClient (GrpcClientProtocolClient.java:onNext(264)) - client-C7D0ED738B8D->8533a49c-a60c-4c36-849a-1b71101d719e: receive RaftClientReply:client-C7D0ED738B8D->8533a49c-a60c-4c36-849a-1b71101d719e@group-4D584596C0F1, cid=237, SUCCESS, logIndex=13, commits[8533a49c-a60c-4c36-849a-1b71101d719e:c13, f90b1bbc-0325-4fdc-bdda-dbac376593c0:c12, d8e74394-a0bf-4ec3-a3ce-4740c71bd9b7:c12]
2019-09-11 12:48:43,096 [grpc-default-executor-6] INFO  client.GrpcClientProtocolClient (GrpcClientProtocolClient.java:onNext(264)) - client-C7D0ED738B8D->8533a49c-a60c-4c36-849a-1b71101d719e: receive RaftClientReply:client-C7D0ED738B8D->8533a49c-a60c-4c36-849a-1b71101d719e@group-4D584596C0F1, cid=238, SUCCESS, logIndex=15, commits[8533a49c-a60c-4c36-849a-1b71101d719e:c18, f90b1bbc-0325-4fdc-bdda-dbac376593c0:c13, d8e74394-a0bf-4ec3-a3ce-4740c71bd9b7:c13]
2019-09-11 12:48:43,130 [grpc-default-executor-7] INFO  interfaces.Container (KeyValueContainer.java:flushAndSyncDB(386)) - Container 8 is synced with bcsId 0.
2019-09-11 12:48:43,194 [grpc-default-executor-6] INFO  client.GrpcClientProtocolClient (GrpcClientProtocolClient.java:onNext(264)) - client-C7D0ED738B8D->8533a49c-a60c-4c36-849a-1b71101d719e: receive RaftClientReply:client-C7D0ED738B8D->8533a49c-a60c-4c36-849a-1b71101d719e@group-4D584596C0F1, cid=239, SUCCESS, logIndex=16, commits[8533a49c-a60c-4c36-849a-1b71101d719e:c23, f90b1bbc-0325-4fdc-bdda-dbac376593c0:c19, d8e74394-a0bf-4ec3-a3ce-4740c71bd9b7:c19]
2019-09-11 12:48:43,199 [grpc-default-executor-6] INFO  client.GrpcClientProtocolClient (GrpcClientProtocolClient.java:onNext(264)) - client-C7D0ED738B8D->8533a49c-a60c-4c36-849a-1b71101d719e: receive RaftClientReply:client-C7D0ED738B8D->8533a49c-a60c-4c36-849a-1b71101d719e@group-4D584596C0F1, cid=240, SUCCESS, logIndex=17, commits[8533a49c-a60c-4c36-849a-1b71101d719e:c23, f90b1bbc-0325-4fdc-bdda-dbac376593c0:c19, d8e74394-a0bf-4ec3-a3ce-4740c71bd9b7:c19]
2019-09-11 12:48:43,199 [grpc-default-executor-6] INFO  client.GrpcClientProtocolClient (GrpcClientProtocolClient.java:onNext(264)) - client-C7D0ED738B8D->8533a49c-a60c-4c36-849a-1b71101d719e: receive RaftClientReply:client-C7D0ED738B8D->8533a49c-a60c-4c36-849a-1b71101d719e@group-4D584596C0F1, cid=241, SUCCESS, logIndex=18, commits[8533a49c-a60c-4c36-849a-1b71101d719e:c23, f90b1bbc-0325-4fdc-bdda-dbac376593c0:c19, d8e74394-a0bf-4ec3-a3ce-4740c71bd9b7:c19]
2019-09-11 12:48:43,351 [grpc-default-executor-7] INFO  interfaces.Container (KeyValueContainer.java:flushAndSyncDB(386)) - Container 8 is synced with bcsId 0.
2019-09-11 12:48:43,354 [grpc-default-executor-6] INFO  client.GrpcClientProtocolClient (GrpcClientProtocolClient.java:onNext(264)) - client-C7D0ED738B8D->8533a49c-a60c-4c36-849a-1b71101d719e: receive RaftClientReply:client-C7D0ED738B8D->8533a49c-a60c-4c36-849a-1b71101d719e@group-4D584596C0F1, cid=242, SUCCESS, logIndex=19, commits[8533a49c-a60c-4c36-849a-1b71101d719e:c23, f90b1bbc-0325-4fdc-bdda-dbac376593c0:c19, d8e74394-a0bf-4ec3-a3ce-4740c71bd9b7:c19]
]]></system-out>
  </testcase>
</testsuite>