<?xml version="1.0" encoding="UTF-8"?>
<testsuite xmlns:xsi="http://www.w3.org/2001/XMLSchema-instance" xsi:noNamespaceSchemaLocation="https://maven.apache.org/surefire/maven-surefire-plugin/xsd/surefire-test-report.xsd" name="org.apache.hadoop.ozone.client.rpc.TestContainerReplicationEndToEnd" time="27.689" tests="1" errors="1" skipped="0" failures="0">
  <properties>
    <property name="awt.toolkit" value="sun.awt.X11.XToolkit"/>
    <property name="file.encoding.pkg" value="sun.io"/>
    <property name="java.specification.version" value="1.8"/>
    <property name="sun.cpu.isalist" value=""/>
    <property name="sun.jnu.encoding" value="UTF-8"/>
    <property name="java.class.path" value="/workdir/hadoop-ozone/integration-test/target/test-classes:/workdir/hadoop-ozone/integration-test/target/classes:/home/user/.m2/repository/org/apache/hadoop/hadoop-ozone-common/0.5.0-SNAPSHOT/hadoop-ozone-common-0.5.0-SNAPSHOT.jar:/home/user/.m2/repository/org/apache/commons/commons-compress/1.4.1/commons-compress-1.4.1.jar:/home/user/.m2/repository/org/tukaani/xz/1.0/xz-1.0.jar:/home/user/.m2/repository/org/apache/hadoop/hadoop-common/3.2.0/hadoop-common-3.2.0.jar:/home/user/.m2/repository/org/apache/hadoop/hadoop-hdfs/3.2.0/hadoop-hdfs-3.2.0.jar:/home/user/.m2/repository/org/apache/hadoop/hadoop-hdfs-client/3.2.0/hadoop-hdfs-client-3.2.0.jar:/home/user/.m2/repository/com/fasterxml/jackson/core/jackson-annotations/2.9.9/jackson-annotations-2.9.9.jar:/home/user/.m2/repository/org/apache/hadoop/hadoop-hdds-common/0.5.0-SNAPSHOT/hadoop-hdds-common-0.5.0-SNAPSHOT.jar:/home/user/.m2/repository/javax/annotation/javax.annotation-api/1.2/javax.annotation-api-1.2.jar:/home/user/.m2/repository/org/apache/ratis/ratis-server/0.4.0-78e95b9-SNAPSHOT/ratis-server-0.4.0-78e95b9-SNAPSHOT.jar:/home/user/.m2/repository/org/apache/ratis/ratis-thirdparty-misc/0.2.0/ratis-thirdparty-misc-0.2.0.jar:/home/user/.m2/repository/org/apache/ratis/ratis-proto/0.4.0-78e95b9-SNAPSHOT/ratis-proto-0.4.0-78e95b9-SNAPSHOT.jar:/home/user/.m2/repository/org/apache/ratis/ratis-common/0.4.0-78e95b9-SNAPSHOT/ratis-common-0.4.0-78e95b9-SNAPSHOT.jar:/home/user/.m2/repository/org/apache/ratis/ratis-client/0.4.0-78e95b9-SNAPSHOT/ratis-client-0.4.0-78e95b9-SNAPSHOT.jar:/home/user/.m2/repository/org/apache/ratis/ratis-metrics/0.4.0-78e95b9-SNAPSHOT/ratis-metrics-0.4.0-78e95b9-SNAPSHOT.jar:/home/user/.m2/repository/com/github/joshelser/dropwizard-metrics-hadoop-metrics2-reporter/0.1.2/dropwizard-metrics-hadoop-metrics2-reporter-0.1.2.jar:/home/user/.m2/repository/io/dropwizard/metrics/metrics-jvm/3.2.5/metrics-jvm-3.2.5.jar:/home/user/.m2/repository/io/dropwizard/metrics/metrics-ganglia/3.2.5/metrics-ganglia-3.2.5.jar:/home/user/.m2/repository/info/ganglia/gmetric4j/gmetric4j/1.0.7/gmetric4j-1.0.7.jar:/home/user/.m2/repository/org/apache/ratis/ratis-netty/0.4.0-78e95b9-SNAPSHOT/ratis-netty-0.4.0-78e95b9-SNAPSHOT.jar:/home/user/.m2/repository/org/apache/ratis/ratis-grpc/0.4.0-78e95b9-SNAPSHOT/ratis-grpc-0.4.0-78e95b9-SNAPSHOT.jar:/home/user/.m2/repository/org/rocksdb/rocksdbjni/6.0.1/rocksdbjni-6.0.1.jar:/home/user/.m2/repository/org/apache/logging/log4j/log4j-api/2.11.0/log4j-api-2.11.0.jar:/home/user/.m2/repository/org/apache/logging/log4j/log4j-core/2.11.0/log4j-core-2.11.0.jar:/home/user/.m2/repository/com/lmax/disruptor/3.4.2/disruptor-3.4.2.jar:/home/user/.m2/repository/org/apache/commons/commons-pool2/2.6.0/commons-pool2-2.6.0.jar:/home/user/.m2/repository/org/bouncycastle/bcpkix-jdk15on/1.60/bcpkix-jdk15on-1.60.jar:/home/user/.m2/repository/commons-validator/commons-validator/1.6/commons-validator-1.6.jar:/home/user/.m2/repository/commons-digester/commons-digester/1.8.1/commons-digester-1.8.1.jar:/home/user/.m2/repository/io/jaegertracing/jaeger-client/0.33.1/jaeger-client-0.33.1.jar:/home/user/.m2/repository/io/jaegertracing/jaeger-thrift/0.33.1/jaeger-thrift-0.33.1.jar:/home/user/.m2/repository/org/apache/thrift/libthrift/0.11.0/libthrift-0.11.0.jar:/home/user/.m2/repository/com/squareup/okhttp3/okhttp/3.9.0/okhttp-3.9.0.jar:/home/user/.m2/repository/com/squareup/okio/okio/1.13.0/okio-1.13.0.jar:/home/user/.m2/repository/io/jaegertracing/jaeger-core/0.33.1/jaeger-core-0.33.1.jar:/home/user/.m2/repository/io/jaegertracing/jaeger-tracerresolver/0.33.1/jaeger-tracerresolver-0.33.1.jar:/home/user/.m2/repository/io/opentracing/contrib/opentracing-tracerresolver/0.1.5/opentracing-tracerresolver-0.1.5.jar:/home/user/.m2/repository/io/opentracing/opentracing-util/0.31.0/opentracing-util-0.31.0.jar:/home/user/.m2/repository/io/opentracing/opentracing-api/0.31.0/opentracing-api-0.31.0.jar:/home/user/.m2/repository/io/opentracing/opentracing-noop/0.31.0/opentracing-noop-0.31.0.jar:/home/user/.m2/repository/org/apache/hadoop/hadoop-hdds-server-framework/0.5.0-SNAPSHOT/hadoop-hdds-server-framework-0.5.0-SNAPSHOT.jar:/home/user/.m2/repository/org/apache/hadoop/hadoop-hdds-container-service/0.5.0-SNAPSHOT/hadoop-hdds-container-service-0.5.0-SNAPSHOT.jar:/home/user/.m2/repository/org/apache/hadoop/hadoop-hdds-client/0.5.0-SNAPSHOT/hadoop-hdds-client-0.5.0-SNAPSHOT.jar:/home/user/.m2/repository/org/apache/hadoop/hadoop-hdds-tools/0.5.0-SNAPSHOT/hadoop-hdds-tools-0.5.0-SNAPSHOT.jar:/home/user/.m2/repository/org/apache/hadoop/hadoop-hdds-server-scm/0.5.0-SNAPSHOT/hadoop-hdds-server-scm-0.5.0-SNAPSHOT.jar:/home/user/.m2/repository/org/apache/hadoop/hadoop-hdds-docs/0.5.0-SNAPSHOT/hadoop-hdds-docs-0.5.0-SNAPSHOT.jar:/home/user/.m2/repository/io/dropwizard/metrics/metrics-core/3.2.4/metrics-core-3.2.4.jar:/home/user/.m2/repository/org/hamcrest/hamcrest-all/1.3/hamcrest-all-1.3.jar:/home/user/.m2/repository/org/bouncycastle/bcprov-jdk15on/1.60/bcprov-jdk15on-1.60.jar:/home/user/.m2/repository/info/picocli/picocli/3.9.6/picocli-3.9.6.jar:/home/user/.m2/repository/com/google/protobuf/protobuf-java/2.5.0/protobuf-java-2.5.0.jar:/home/user/.m2/repository/com/google/guava/guava/11.0.2/guava-11.0.2.jar:/home/user/.m2/repository/org/apache/hadoop/hadoop-ozone-ozone-manager/0.5.0-SNAPSHOT/hadoop-ozone-ozone-manager-0.5.0-SNAPSHOT.jar:/home/user/.m2/repository/org/apache/hadoop/hadoop-minikdc/3.2.0/hadoop-minikdc-3.2.0.jar:/home/user/.m2/repository/commons-io/commons-io/2.5/commons-io-2.5.jar:/home/user/.m2/repository/org/apache/kerby/kerb-simplekdc/1.0.1/kerb-simplekdc-1.0.1.jar:/home/user/.m2/repository/org/apache/kerby/kerb-client/1.0.1/kerb-client-1.0.1.jar:/home/user/.m2/repository/org/apache/kerby/kerby-config/1.0.1/kerby-config-1.0.1.jar:/home/user/.m2/repository/org/apache/kerby/kerb-core/1.0.1/kerb-core-1.0.1.jar:/home/user/.m2/repository/org/apache/kerby/kerby-pkix/1.0.1/kerby-pkix-1.0.1.jar:/home/user/.m2/repository/org/apache/kerby/kerby-asn1/1.0.1/kerby-asn1-1.0.1.jar:/home/user/.m2/repository/org/apache/kerby/kerby-util/1.0.1/kerby-util-1.0.1.jar:/home/user/.m2/repository/org/apache/kerby/kerb-common/1.0.1/kerb-common-1.0.1.jar:/home/user/.m2/repository/org/apache/kerby/kerb-crypto/1.0.1/kerb-crypto-1.0.1.jar:/home/user/.m2/repository/org/apache/kerby/kerb-util/1.0.1/kerb-util-1.0.1.jar:/home/user/.m2/repository/org/apache/kerby/token-provider/1.0.1/token-provider-1.0.1.jar:/home/user/.m2/repository/org/apache/kerby/kerb-admin/1.0.1/kerb-admin-1.0.1.jar:/home/user/.m2/repository/org/apache/kerby/kerb-server/1.0.1/kerb-server-1.0.1.jar:/home/user/.m2/repository/org/apache/kerby/kerb-identity/1.0.1/kerb-identity-1.0.1.jar:/home/user/.m2/repository/org/apache/kerby/kerby-xdr/1.0.1/kerby-xdr-1.0.1.jar:/home/user/.m2/repository/org/slf4j/slf4j-log4j12/1.7.25/slf4j-log4j12-1.7.25.jar:/home/user/.m2/repository/org/apache/hadoop/hadoop-ozone-s3gateway/0.5.0-SNAPSHOT/hadoop-ozone-s3gateway-0.5.0-SNAPSHOT.jar:/home/user/.m2/repository/org/jboss/weld/servlet/weld-servlet/2.4.7.Final/weld-servlet-2.4.7.Final.jar:/home/user/.m2/repository/org/glassfish/jersey/containers/jersey-container-servlet-core/2.27/jersey-container-servlet-core-2.27.jar:/home/user/.m2/repository/org/glassfish/hk2/external/javax.inject/2.5.0-b42/javax.inject-2.5.0-b42.jar:/home/user/.m2/repository/org/glassfish/jersey/core/jersey-common/2.27/jersey-common-2.27.jar:/home/user/.m2/repository/org/glassfish/hk2/osgi-resource-locator/1.0.1/osgi-resource-locator-1.0.1.jar:/home/user/.m2/repository/javax/ws/rs/javax.ws.rs-api/2.1/javax.ws.rs-api-2.1.jar:/home/user/.m2/repository/org/glassfish/jersey/ext/cdi/jersey-cdi1x/2.27/jersey-cdi1x-2.27.jar:/home/user/.m2/repository/org/glassfish/jersey/inject/jersey-hk2/2.27/jersey-hk2-2.27.jar:/home/user/.m2/repository/org/glassfish/hk2/hk2-locator/2.5.0-b42/hk2-locator-2.5.0-b42.jar:/home/user/.m2/repository/org/javassist/javassist/3.22.0-CR2/javassist-3.22.0-CR2.jar:/home/user/.m2/repository/org/glassfish/hk2/hk2-api/2.5.0/hk2-api-2.5.0.jar:/home/user/.m2/repository/org/glassfish/hk2/external/jakarta.inject/2.5.0/jakarta.inject-2.5.0.jar:/home/user/.m2/repository/org/glassfish/hk2/hk2-utils/2.5.0/hk2-utils-2.5.0.jar:/home/user/.m2/repository/jakarta/annotation/jakarta.annotation-api/1.3.4/jakarta.annotation-api-1.3.4.jar:/home/user/.m2/repository/org/glassfish/hk2/external/aopalliance-repackaged/2.5.0/aopalliance-repackaged-2.5.0.jar:/home/user/.m2/repository/com/fasterxml/jackson/dataformat/jackson-dataformat-xml/2.9.0/jackson-dataformat-xml-2.9.0.jar:/home/user/.m2/repository/com/fasterxml/jackson/core/jackson-core/2.9.9/jackson-core-2.9.9.jar:/home/user/.m2/repository/com/fasterxml/jackson/module/jackson-module-jaxb-annotations/2.9.9/jackson-module-jaxb-annotations-2.9.9.jar:/home/user/.m2/repository/javax/enterprise/cdi-api/1.2/cdi-api-1.2.jar:/home/user/.m2/repository/javax/el/javax.el-api/3.0.0/javax.el-api-3.0.0.jar:/home/user/.m2/repository/javax/interceptor/javax.interceptor-api/1.2/javax.interceptor-api-1.2.jar:/home/user/.m2/repository/javax/inject/javax.inject/1/javax.inject-1.jar:/home/user/.m2/repository/com/sun/xml/bind/jaxb-impl/2.3.0.1/jaxb-impl-2.3.0.1.jar:/home/user/.m2/repository/com/sun/xml/bind/jaxb-core/2.3.0.1/jaxb-core-2.3.0.1.jar:/home/user/.m2/repository/javax/xml/bind/jaxb-api/2.3.0/jaxb-api-2.3.0.jar:/home/user/.m2/repository/javax/activation/activation/1.1.1/activation-1.1.1.jar:/home/user/.m2/repository/org/apache/hadoop/hadoop-ozone-csi/0.5.0-SNAPSHOT/hadoop-ozone-csi-0.5.0-SNAPSHOT.jar:/home/user/.m2/repository/com/google/protobuf/protobuf-java-util/3.5.1/protobuf-java-util-3.5.1.jar:/home/user/.m2/repository/org/apache/hadoop/hadoop-hdds-config/0.5.0-SNAPSHOT/hadoop-hdds-config-0.5.0-SNAPSHOT.jar:/home/user/.m2/repository/io/grpc/grpc-netty/1.17.1/grpc-netty-1.17.1.jar:/home/user/.m2/repository/io/grpc/grpc-core/1.17.1/grpc-core-1.17.1.jar:/home/user/.m2/repository/io/grpc/grpc-context/1.17.1/grpc-context-1.17.1.jar:/home/user/.m2/repository/com/google/errorprone/error_prone_annotations/2.2.0/error_prone_annotations-2.2.0.jar:/home/user/.m2/repository/org/codehaus/mojo/animal-sniffer-annotations/1.17/animal-sniffer-annotations-1.17.jar:/home/user/.m2/repository/io/opencensus/opencensus-api/0.17.0/opencensus-api-0.17.0.jar:/home/user/.m2/repository/io/opencensus/opencensus-contrib-grpc-metrics/0.17.0/opencensus-contrib-grpc-metrics-0.17.0.jar:/home/user/.m2/repository/io/netty/netty-codec-http2/4.1.30.Final/netty-codec-http2-4.1.30.Final.jar:/home/user/.m2/repository/io/netty/netty-codec-http/4.1.30.Final/netty-codec-http-4.1.30.Final.jar:/home/user/.m2/repository/io/netty/netty-codec/4.1.30.Final/netty-codec-4.1.30.Final.jar:/home/user/.m2/repository/io/netty/netty-handler/4.1.30.Final/netty-handler-4.1.30.Final.jar:/home/user/.m2/repository/io/netty/netty-handler-proxy/4.1.30.Final/netty-handler-proxy-4.1.30.Final.jar:/home/user/.m2/repository/io/netty/netty-codec-socks/4.1.30.Final/netty-codec-socks-4.1.30.Final.jar:/home/user/.m2/repository/io/netty/netty-transport-native-epoll/4.1.30.Final/netty-transport-native-epoll-4.1.30.Final.jar:/home/user/.m2/repository/io/netty/netty-common/4.1.30.Final/netty-common-4.1.30.Final.jar:/home/user/.m2/repository/io/netty/netty-buffer/4.1.30.Final/netty-buffer-4.1.30.Final.jar:/home/user/.m2/repository/io/netty/netty-transport/4.1.30.Final/netty-transport-4.1.30.Final.jar:/home/user/.m2/repository/io/netty/netty-resolver/4.1.30.Final/netty-resolver-4.1.30.Final.jar:/home/user/.m2/repository/io/netty/netty-transport-native-unix-common/4.1.30.Final/netty-transport-native-unix-common-4.1.30.Final.jar:/home/user/.m2/repository/io/grpc/grpc-protobuf/1.17.1/grpc-protobuf-1.17.1.jar:/home/user/.m2/repository/com/google/api/grpc/proto-google-common-protos/1.0.0/proto-google-common-protos-1.0.0.jar:/home/user/.m2/repository/io/grpc/grpc-protobuf-lite/1.17.1/grpc-protobuf-lite-1.17.1.jar:/home/user/.m2/repository/io/grpc/grpc-stub/1.17.1/grpc-stub-1.17.1.jar:/home/user/.m2/repository/org/apache/hadoop/hadoop-ozone-recon/0.5.0-SNAPSHOT/hadoop-ozone-recon-0.5.0-SNAPSHOT.jar:/home/user/.m2/repository/org/apache/hadoop/hadoop-ozone-reconcodegen/0.5.0-SNAPSHOT/hadoop-ozone-reconcodegen-0.5.0-SNAPSHOT.jar:/home/user/.m2/repository/com/google/inject/extensions/guice-multibindings/4.0/guice-multibindings-4.0.jar:/home/user/.m2/repository/com/google/inject/guice/4.0/guice-4.0.jar:/home/user/.m2/repository/aopalliance/aopalliance/1.0/aopalliance-1.0.jar:/home/user/.m2/repository/com/google/inject/extensions/guice-servlet/4.0/guice-servlet-4.0.jar:/home/user/.m2/repository/org/glassfish/jersey/containers/jersey-container-servlet/2.27/jersey-container-servlet-2.27.jar:/home/user/.m2/repository/org/glassfish/hk2/guice-bridge/2.5.0/guice-bridge-2.5.0.jar:/home/user/.m2/repository/org/glassfish/jersey/core/jersey-server/2.27/jersey-server-2.27.jar:/home/user/.m2/repository/org/glassfish/jersey/core/jersey-client/2.27/jersey-client-2.27.jar:/home/user/.m2/repository/org/glassfish/jersey/media/jersey-media-jaxb/2.27/jersey-media-jaxb-2.27.jar:/home/user/.m2/repository/javax/validation/validation-api/1.1.0.Final/validation-api-1.1.0.Final.jar:/home/user/.m2/repository/org/glassfish/jersey/media/jersey-media-json-jackson/2.27/jersey-media-json-jackson-2.27.jar:/home/user/.m2/repository/org/glassfish/jersey/ext/jersey-entity-filtering/2.27/jersey-entity-filtering-2.27.jar:/home/user/.m2/repository/com/google/inject/extensions/guice-assistedinject/4.0/guice-assistedinject-4.0.jar:/home/user/.m2/repository/org/jooq/jooq/3.11.10/jooq-3.11.10.jar:/home/user/.m2/repository/org/jooq/jooq-meta/3.11.10/jooq-meta-3.11.10.jar:/home/user/.m2/repository/org/jooq/jooq-codegen/3.11.10/jooq-codegen-3.11.10.jar:/home/user/.m2/repository/com/jolbox/bonecp/0.8.0.RELEASE/bonecp-0.8.0.RELEASE.jar:/home/user/.m2/repository/org/xerial/sqlite-jdbc/3.25.2/sqlite-jdbc-3.25.2.jar:/home/user/.m2/repository/org/springframework/spring-jdbc/5.1.3.RELEASE/spring-jdbc-5.1.3.RELEASE.jar:/home/user/.m2/repository/org/springframework/spring-beans/5.1.3.RELEASE/spring-beans-5.1.3.RELEASE.jar:/home/user/.m2/repository/org/springframework/spring-core/5.1.3.RELEASE/spring-core-5.1.3.RELEASE.jar:/home/user/.m2/repository/org/springframework/spring-jcl/5.1.3.RELEASE/spring-jcl-5.1.3.RELEASE.jar:/home/user/.m2/repository/org/springframework/spring-tx/5.1.3.RELEASE/spring-tx-5.1.3.RELEASE.jar:/home/user/.m2/repository/org/apache/hadoop/hadoop-ozone-client/0.5.0-SNAPSHOT/hadoop-ozone-client-0.5.0-SNAPSHOT.jar:/home/user/.m2/repository/commons-lang/commons-lang/2.6/commons-lang-2.6.jar:/home/user/.m2/repository/org/apache/hadoop/hadoop-ozone-ozone-manager/0.5.0-SNAPSHOT/hadoop-ozone-ozone-manager-0.5.0-SNAPSHOT-tests.jar:/home/user/.m2/repository/junit/junit/4.11/junit-4.11.jar:/home/user/.m2/repository/org/hamcrest/hamcrest-core/1.3/hamcrest-core-1.3.jar:/home/user/.m2/repository/org/openjdk/jmh/jmh-core/1.19/jmh-core-1.19.jar:/home/user/.m2/repository/net/sf/jopt-simple/jopt-simple/4.6/jopt-simple-4.6.jar:/home/user/.m2/repository/org/apache/commons/commons-math3/3.1.1/commons-math3-3.1.1.jar:/home/user/.m2/repository/org/openjdk/jmh/jmh-generator-annprocess/1.19/jmh-generator-annprocess-1.19.jar:/home/user/.m2/repository/org/mockito/mockito-all/1.8.5/mockito-all-1.8.5.jar:/home/user/.m2/repository/org/apache/hadoop/hadoop-kms/3.2.0/hadoop-kms-3.2.0.jar:/home/user/.m2/repository/org/apache/hadoop/hadoop-auth/3.2.0/hadoop-auth-3.2.0.jar:/home/user/.m2/repository/com/nimbusds/nimbus-jose-jwt/4.41.1/nimbus-jose-jwt-4.41.1.jar:/home/user/.m2/repository/com/github/stephenc/jcip/jcip-annotations/1.0-1/jcip-annotations-1.0-1.jar:/home/user/.m2/repository/net/minidev/json-smart/2.3/json-smart-2.3.jar:/home/user/.m2/repository/net/minidev/accessors-smart/1.2/accessors-smart-1.2.jar:/home/user/.m2/repository/org/ow2/asm/asm/5.0.4/asm-5.0.4.jar:/home/user/.m2/repository/org/apache/curator/curator-framework/2.12.0/curator-framework-2.12.0.jar:/home/user/.m2/repository/com/sun/jersey/jersey-core/1.19/jersey-core-1.19.jar:/home/user/.m2/repository/javax/ws/rs/jsr311-api/1.1.1/jsr311-api-1.1.1.jar:/home/user/.m2/repository/com/sun/jersey/jersey-server/1.19/jersey-server-1.19.jar:/home/user/.m2/repository/javax/servlet/javax.servlet-api/3.1.0/javax.servlet-api-3.1.0.jar:/home/user/.m2/repository/org/eclipse/jetty/jetty-server/9.3.24.v20180605/jetty-server-9.3.24.v20180605.jar:/home/user/.m2/repository/org/eclipse/jetty/jetty-http/9.3.24.v20180605/jetty-http-9.3.24.v20180605.jar:/home/user/.m2/repository/org/eclipse/jetty/jetty-io/9.3.24.v20180605/jetty-io-9.3.24.v20180605.jar:/home/user/.m2/repository/org/eclipse/jetty/jetty-webapp/9.3.24.v20180605/jetty-webapp-9.3.24.v20180605.jar:/home/user/.m2/repository/org/eclipse/jetty/jetty-xml/9.3.24.v20180605/jetty-xml-9.3.24.v20180605.jar:/home/user/.m2/repository/log4j/log4j/1.2.17/log4j-1.2.17.jar:/home/user/.m2/repository/org/slf4j/slf4j-api/1.7.25/slf4j-api-1.7.25.jar:/home/user/.m2/repository/org/slf4j/jul-to-slf4j/1.7.25/jul-to-slf4j-1.7.25.jar:/home/user/.m2/repository/org/eclipse/jetty/jetty-util/9.3.24.v20180605/jetty-util-9.3.24.v20180605.jar:/home/user/.m2/repository/com/fasterxml/jackson/core/jackson-databind/2.9.9/jackson-databind-2.9.9.jar:/home/user/.m2/repository/org/apache/hadoop/hadoop-kms/3.2.0/hadoop-kms-3.2.0-tests.jar:/home/user/.m2/repository/org/apache/hadoop/hadoop-hdds-server-scm/0.5.0-SNAPSHOT/hadoop-hdds-server-scm-0.5.0-SNAPSHOT-tests.jar:/home/user/.m2/repository/org/apache/hadoop/hadoop-hdds-container-service/0.5.0-SNAPSHOT/hadoop-hdds-container-service-0.5.0-SNAPSHOT-tests.jar:/home/user/.m2/repository/org/yaml/snakeyaml/1.16/snakeyaml-1.16.jar:/home/user/.m2/repository/org/apache/hadoop/hadoop-common/3.2.0/hadoop-common-3.2.0-tests.jar:/home/user/.m2/repository/org/apache/hadoop/hadoop-annotations/3.2.0/hadoop-annotations-3.2.0.jar:/usr/lib/jvm/java-1.8-openjdk/jre/../lib/tools.jar:/home/user/.m2/repository/commons-cli/commons-cli/1.2/commons-cli-1.2.jar:/home/user/.m2/repository/org/apache/httpcomponents/httpclient/4.5.2/httpclient-4.5.2.jar:/home/user/.m2/repository/org/apache/httpcomponents/httpcore/4.4.4/httpcore-4.4.4.jar:/home/user/.m2/repository/commons-codec/commons-codec/1.11/commons-codec-1.11.jar:/home/user/.m2/repository/commons-net/commons-net/3.6/commons-net-3.6.jar:/home/user/.m2/repository/commons-collections/commons-collections/3.2.2/commons-collections-3.2.2.jar:/home/user/.m2/repository/org/eclipse/jetty/jetty-servlet/9.3.24.v20180605/jetty-servlet-9.3.24.v20180605.jar:/home/user/.m2/repository/org/eclipse/jetty/jetty-security/9.3.24.v20180605/jetty-security-9.3.24.v20180605.jar:/home/user/.m2/repository/javax/servlet/jsp/jsp-api/2.1/jsp-api-2.1.jar:/home/user/.m2/repository/com/sun/jersey/jersey-servlet/1.19/jersey-servlet-1.19.jar:/home/user/.m2/repository/com/sun/jersey/jersey-json/1.19/jersey-json-1.19.jar:/home/user/.m2/repository/org/codehaus/jettison/jettison/1.1/jettison-1.1.jar:/home/user/.m2/repository/org/codehaus/jackson/jackson-core-asl/1.9.13/jackson-core-asl-1.9.13.jar:/home/user/.m2/repository/org/codehaus/jackson/jackson-mapper-asl/1.9.13/jackson-mapper-asl-1.9.13.jar:/home/user/.m2/repository/org/codehaus/jackson/jackson-jaxrs/1.9.13/jackson-jaxrs-1.9.13.jar:/home/user/.m2/repository/org/codehaus/jackson/jackson-xc/1.9.13/jackson-xc-1.9.13.jar:/home/user/.m2/repository/commons-logging/commons-logging/1.1.3/commons-logging-1.1.3.jar:/home/user/.m2/repository/commons-beanutils/commons-beanutils/1.9.4/commons-beanutils-1.9.4.jar:/home/user/.m2/repository/org/apache/commons/commons-configuration2/2.1.1/commons-configuration2-2.1.1.jar:/home/user/.m2/repository/org/apache/commons/commons-lang3/3.7/commons-lang3-3.7.jar:/home/user/.m2/repository/org/apache/commons/commons-text/1.4/commons-text-1.4.jar:/home/user/.m2/repository/org/apache/avro/avro/1.7.7/avro-1.7.7.jar:/home/user/.m2/repository/com/thoughtworks/paranamer/paranamer/2.3/paranamer-2.3.jar:/home/user/.m2/repository/org/xerial/snappy/snappy-java/1.0.5/snappy-java-1.0.5.jar:/home/user/.m2/repository/com/google/re2j/re2j/1.1/re2j-1.1.jar:/home/user/.m2/repository/com/google/code/gson/gson/2.2.4/gson-2.2.4.jar:/home/user/.m2/repository/com/jcraft/jsch/0.1.54/jsch-0.1.54.jar:/home/user/.m2/repository/org/apache/curator/curator-client/2.12.0/curator-client-2.12.0.jar:/home/user/.m2/repository/org/apache/curator/curator-recipes/2.12.0/curator-recipes-2.12.0.jar:/home/user/.m2/repository/com/google/code/findbugs/jsr305/3.0.0/jsr305-3.0.0.jar:/home/user/.m2/repository/org/apache/htrace/htrace-core4/4.1.0-incubating/htrace-core4-4.1.0-incubating.jar:/home/user/.m2/repository/org/apache/zookeeper/zookeeper/3.4.13/zookeeper-3.4.13.jar:/home/user/.m2/repository/org/apache/yetus/audience-annotations/0.5.0/audience-annotations-0.5.0.jar:/home/user/.m2/repository/org/codehaus/woodstox/stax2-api/3.1.4/stax2-api-3.1.4.jar:/home/user/.m2/repository/com/fasterxml/woodstox/woodstox-core/5.0.3/woodstox-core-5.0.3.jar:/home/user/.m2/repository/dnsjava/dnsjava/2.1.7/dnsjava-2.1.7.jar:/home/user/.m2/repository/org/apache/hadoop/hadoop-hdfs/3.2.0/hadoop-hdfs-3.2.0-tests.jar:/home/user/.m2/repository/org/eclipse/jetty/jetty-util-ajax/9.3.24.v20180605/jetty-util-ajax-9.3.24.v20180605.jar:/home/user/.m2/repository/commons-daemon/commons-daemon/1.0.13/commons-daemon-1.0.13.jar:/home/user/.m2/repository/io/netty/netty/3.10.5.Final/netty-3.10.5.Final.jar:/home/user/.m2/repository/io/netty/netty-all/4.0.52.Final/netty-all-4.0.52.Final.jar:/home/user/.m2/repository/org/fusesource/leveldbjni/leveldbjni-all/1.8/leveldbjni-all-1.8.jar:"/>
    <property name="java.vm.vendor" value="IcedTea"/>
    <property name="sun.arch.data.model" value="64"/>
    <property name="test.build.dir" value="/workdir/hadoop-ozone/integration-test/target/test-dir"/>
    <property name="test.cache.data" value=""/>
    <property name="java.vendor.url" value="https://icedtea.classpath.org"/>
    <property name="user.timezone" value=""/>
    <property name="java.vm.specification.version" value="1.8"/>
    <property name="os.name" value="Linux"/>
    <property name="test.build.data" value="/workdir/hadoop-ozone/integration-test/target/test-dir"/>
    <property name="user.country" value="US"/>
    <property name="sun.java.launcher" value="SUN_STANDARD"/>
    <property name="sun.boot.library.path" value="/usr/lib/jvm/java-1.8-openjdk/jre/lib/amd64"/>
    <property name="sun.java.command" value="/workdir/hadoop-ozone/integration-test/target/surefire/surefirebooter846028613114479911.jar /workdir/hadoop-ozone/integration-test/target/surefire 2019-09-19T13-05-51_542-jvmRun1 surefire5785676895002626341tmp surefire_218363993943386836551tmp"/>
    <property name="test" value="!TestMiniChaosOzoneCluster"/>
    <property name="surefire.test.class.path" value="/workdir/hadoop-ozone/integration-test/target/test-classes:/workdir/hadoop-ozone/integration-test/target/classes:/home/user/.m2/repository/org/apache/hadoop/hadoop-ozone-common/0.5.0-SNAPSHOT/hadoop-ozone-common-0.5.0-SNAPSHOT.jar:/home/user/.m2/repository/org/apache/commons/commons-compress/1.4.1/commons-compress-1.4.1.jar:/home/user/.m2/repository/org/tukaani/xz/1.0/xz-1.0.jar:/home/user/.m2/repository/org/apache/hadoop/hadoop-common/3.2.0/hadoop-common-3.2.0.jar:/home/user/.m2/repository/org/apache/hadoop/hadoop-hdfs/3.2.0/hadoop-hdfs-3.2.0.jar:/home/user/.m2/repository/org/apache/hadoop/hadoop-hdfs-client/3.2.0/hadoop-hdfs-client-3.2.0.jar:/home/user/.m2/repository/com/fasterxml/jackson/core/jackson-annotations/2.9.9/jackson-annotations-2.9.9.jar:/home/user/.m2/repository/org/apache/hadoop/hadoop-hdds-common/0.5.0-SNAPSHOT/hadoop-hdds-common-0.5.0-SNAPSHOT.jar:/home/user/.m2/repository/javax/annotation/javax.annotation-api/1.2/javax.annotation-api-1.2.jar:/home/user/.m2/repository/org/apache/ratis/ratis-server/0.4.0-78e95b9-SNAPSHOT/ratis-server-0.4.0-78e95b9-SNAPSHOT.jar:/home/user/.m2/repository/org/apache/ratis/ratis-thirdparty-misc/0.2.0/ratis-thirdparty-misc-0.2.0.jar:/home/user/.m2/repository/org/apache/ratis/ratis-proto/0.4.0-78e95b9-SNAPSHOT/ratis-proto-0.4.0-78e95b9-SNAPSHOT.jar:/home/user/.m2/repository/org/apache/ratis/ratis-common/0.4.0-78e95b9-SNAPSHOT/ratis-common-0.4.0-78e95b9-SNAPSHOT.jar:/home/user/.m2/repository/org/apache/ratis/ratis-client/0.4.0-78e95b9-SNAPSHOT/ratis-client-0.4.0-78e95b9-SNAPSHOT.jar:/home/user/.m2/repository/org/apache/ratis/ratis-metrics/0.4.0-78e95b9-SNAPSHOT/ratis-metrics-0.4.0-78e95b9-SNAPSHOT.jar:/home/user/.m2/repository/com/github/joshelser/dropwizard-metrics-hadoop-metrics2-reporter/0.1.2/dropwizard-metrics-hadoop-metrics2-reporter-0.1.2.jar:/home/user/.m2/repository/io/dropwizard/metrics/metrics-jvm/3.2.5/metrics-jvm-3.2.5.jar:/home/user/.m2/repository/io/dropwizard/metrics/metrics-ganglia/3.2.5/metrics-ganglia-3.2.5.jar:/home/user/.m2/repository/info/ganglia/gmetric4j/gmetric4j/1.0.7/gmetric4j-1.0.7.jar:/home/user/.m2/repository/org/apache/ratis/ratis-netty/0.4.0-78e95b9-SNAPSHOT/ratis-netty-0.4.0-78e95b9-SNAPSHOT.jar:/home/user/.m2/repository/org/apache/ratis/ratis-grpc/0.4.0-78e95b9-SNAPSHOT/ratis-grpc-0.4.0-78e95b9-SNAPSHOT.jar:/home/user/.m2/repository/org/rocksdb/rocksdbjni/6.0.1/rocksdbjni-6.0.1.jar:/home/user/.m2/repository/org/apache/logging/log4j/log4j-api/2.11.0/log4j-api-2.11.0.jar:/home/user/.m2/repository/org/apache/logging/log4j/log4j-core/2.11.0/log4j-core-2.11.0.jar:/home/user/.m2/repository/com/lmax/disruptor/3.4.2/disruptor-3.4.2.jar:/home/user/.m2/repository/org/apache/commons/commons-pool2/2.6.0/commons-pool2-2.6.0.jar:/home/user/.m2/repository/org/bouncycastle/bcpkix-jdk15on/1.60/bcpkix-jdk15on-1.60.jar:/home/user/.m2/repository/commons-validator/commons-validator/1.6/commons-validator-1.6.jar:/home/user/.m2/repository/commons-digester/commons-digester/1.8.1/commons-digester-1.8.1.jar:/home/user/.m2/repository/io/jaegertracing/jaeger-client/0.33.1/jaeger-client-0.33.1.jar:/home/user/.m2/repository/io/jaegertracing/jaeger-thrift/0.33.1/jaeger-thrift-0.33.1.jar:/home/user/.m2/repository/org/apache/thrift/libthrift/0.11.0/libthrift-0.11.0.jar:/home/user/.m2/repository/com/squareup/okhttp3/okhttp/3.9.0/okhttp-3.9.0.jar:/home/user/.m2/repository/com/squareup/okio/okio/1.13.0/okio-1.13.0.jar:/home/user/.m2/repository/io/jaegertracing/jaeger-core/0.33.1/jaeger-core-0.33.1.jar:/home/user/.m2/repository/io/jaegertracing/jaeger-tracerresolver/0.33.1/jaeger-tracerresolver-0.33.1.jar:/home/user/.m2/repository/io/opentracing/contrib/opentracing-tracerresolver/0.1.5/opentracing-tracerresolver-0.1.5.jar:/home/user/.m2/repository/io/opentracing/opentracing-util/0.31.0/opentracing-util-0.31.0.jar:/home/user/.m2/repository/io/opentracing/opentracing-api/0.31.0/opentracing-api-0.31.0.jar:/home/user/.m2/repository/io/opentracing/opentracing-noop/0.31.0/opentracing-noop-0.31.0.jar:/home/user/.m2/repository/org/apache/hadoop/hadoop-hdds-server-framework/0.5.0-SNAPSHOT/hadoop-hdds-server-framework-0.5.0-SNAPSHOT.jar:/home/user/.m2/repository/org/apache/hadoop/hadoop-hdds-container-service/0.5.0-SNAPSHOT/hadoop-hdds-container-service-0.5.0-SNAPSHOT.jar:/home/user/.m2/repository/org/apache/hadoop/hadoop-hdds-client/0.5.0-SNAPSHOT/hadoop-hdds-client-0.5.0-SNAPSHOT.jar:/home/user/.m2/repository/org/apache/hadoop/hadoop-hdds-tools/0.5.0-SNAPSHOT/hadoop-hdds-tools-0.5.0-SNAPSHOT.jar:/home/user/.m2/repository/org/apache/hadoop/hadoop-hdds-server-scm/0.5.0-SNAPSHOT/hadoop-hdds-server-scm-0.5.0-SNAPSHOT.jar:/home/user/.m2/repository/org/apache/hadoop/hadoop-hdds-docs/0.5.0-SNAPSHOT/hadoop-hdds-docs-0.5.0-SNAPSHOT.jar:/home/user/.m2/repository/io/dropwizard/metrics/metrics-core/3.2.4/metrics-core-3.2.4.jar:/home/user/.m2/repository/org/hamcrest/hamcrest-all/1.3/hamcrest-all-1.3.jar:/home/user/.m2/repository/org/bouncycastle/bcprov-jdk15on/1.60/bcprov-jdk15on-1.60.jar:/home/user/.m2/repository/info/picocli/picocli/3.9.6/picocli-3.9.6.jar:/home/user/.m2/repository/com/google/protobuf/protobuf-java/2.5.0/protobuf-java-2.5.0.jar:/home/user/.m2/repository/com/google/guava/guava/11.0.2/guava-11.0.2.jar:/home/user/.m2/repository/org/apache/hadoop/hadoop-ozone-ozone-manager/0.5.0-SNAPSHOT/hadoop-ozone-ozone-manager-0.5.0-SNAPSHOT.jar:/home/user/.m2/repository/org/apache/hadoop/hadoop-minikdc/3.2.0/hadoop-minikdc-3.2.0.jar:/home/user/.m2/repository/commons-io/commons-io/2.5/commons-io-2.5.jar:/home/user/.m2/repository/org/apache/kerby/kerb-simplekdc/1.0.1/kerb-simplekdc-1.0.1.jar:/home/user/.m2/repository/org/apache/kerby/kerb-client/1.0.1/kerb-client-1.0.1.jar:/home/user/.m2/repository/org/apache/kerby/kerby-config/1.0.1/kerby-config-1.0.1.jar:/home/user/.m2/repository/org/apache/kerby/kerb-core/1.0.1/kerb-core-1.0.1.jar:/home/user/.m2/repository/org/apache/kerby/kerby-pkix/1.0.1/kerby-pkix-1.0.1.jar:/home/user/.m2/repository/org/apache/kerby/kerby-asn1/1.0.1/kerby-asn1-1.0.1.jar:/home/user/.m2/repository/org/apache/kerby/kerby-util/1.0.1/kerby-util-1.0.1.jar:/home/user/.m2/repository/org/apache/kerby/kerb-common/1.0.1/kerb-common-1.0.1.jar:/home/user/.m2/repository/org/apache/kerby/kerb-crypto/1.0.1/kerb-crypto-1.0.1.jar:/home/user/.m2/repository/org/apache/kerby/kerb-util/1.0.1/kerb-util-1.0.1.jar:/home/user/.m2/repository/org/apache/kerby/token-provider/1.0.1/token-provider-1.0.1.jar:/home/user/.m2/repository/org/apache/kerby/kerb-admin/1.0.1/kerb-admin-1.0.1.jar:/home/user/.m2/repository/org/apache/kerby/kerb-server/1.0.1/kerb-server-1.0.1.jar:/home/user/.m2/repository/org/apache/kerby/kerb-identity/1.0.1/kerb-identity-1.0.1.jar:/home/user/.m2/repository/org/apache/kerby/kerby-xdr/1.0.1/kerby-xdr-1.0.1.jar:/home/user/.m2/repository/org/slf4j/slf4j-log4j12/1.7.25/slf4j-log4j12-1.7.25.jar:/home/user/.m2/repository/org/apache/hadoop/hadoop-ozone-s3gateway/0.5.0-SNAPSHOT/hadoop-ozone-s3gateway-0.5.0-SNAPSHOT.jar:/home/user/.m2/repository/org/jboss/weld/servlet/weld-servlet/2.4.7.Final/weld-servlet-2.4.7.Final.jar:/home/user/.m2/repository/org/glassfish/jersey/containers/jersey-container-servlet-core/2.27/jersey-container-servlet-core-2.27.jar:/home/user/.m2/repository/org/glassfish/hk2/external/javax.inject/2.5.0-b42/javax.inject-2.5.0-b42.jar:/home/user/.m2/repository/org/glassfish/jersey/core/jersey-common/2.27/jersey-common-2.27.jar:/home/user/.m2/repository/org/glassfish/hk2/osgi-resource-locator/1.0.1/osgi-resource-locator-1.0.1.jar:/home/user/.m2/repository/javax/ws/rs/javax.ws.rs-api/2.1/javax.ws.rs-api-2.1.jar:/home/user/.m2/repository/org/glassfish/jersey/ext/cdi/jersey-cdi1x/2.27/jersey-cdi1x-2.27.jar:/home/user/.m2/repository/org/glassfish/jersey/inject/jersey-hk2/2.27/jersey-hk2-2.27.jar:/home/user/.m2/repository/org/glassfish/hk2/hk2-locator/2.5.0-b42/hk2-locator-2.5.0-b42.jar:/home/user/.m2/repository/org/javassist/javassist/3.22.0-CR2/javassist-3.22.0-CR2.jar:/home/user/.m2/repository/org/glassfish/hk2/hk2-api/2.5.0/hk2-api-2.5.0.jar:/home/user/.m2/repository/org/glassfish/hk2/external/jakarta.inject/2.5.0/jakarta.inject-2.5.0.jar:/home/user/.m2/repository/org/glassfish/hk2/hk2-utils/2.5.0/hk2-utils-2.5.0.jar:/home/user/.m2/repository/jakarta/annotation/jakarta.annotation-api/1.3.4/jakarta.annotation-api-1.3.4.jar:/home/user/.m2/repository/org/glassfish/hk2/external/aopalliance-repackaged/2.5.0/aopalliance-repackaged-2.5.0.jar:/home/user/.m2/repository/com/fasterxml/jackson/dataformat/jackson-dataformat-xml/2.9.0/jackson-dataformat-xml-2.9.0.jar:/home/user/.m2/repository/com/fasterxml/jackson/core/jackson-core/2.9.9/jackson-core-2.9.9.jar:/home/user/.m2/repository/com/fasterxml/jackson/module/jackson-module-jaxb-annotations/2.9.9/jackson-module-jaxb-annotations-2.9.9.jar:/home/user/.m2/repository/javax/enterprise/cdi-api/1.2/cdi-api-1.2.jar:/home/user/.m2/repository/javax/el/javax.el-api/3.0.0/javax.el-api-3.0.0.jar:/home/user/.m2/repository/javax/interceptor/javax.interceptor-api/1.2/javax.interceptor-api-1.2.jar:/home/user/.m2/repository/javax/inject/javax.inject/1/javax.inject-1.jar:/home/user/.m2/repository/com/sun/xml/bind/jaxb-impl/2.3.0.1/jaxb-impl-2.3.0.1.jar:/home/user/.m2/repository/com/sun/xml/bind/jaxb-core/2.3.0.1/jaxb-core-2.3.0.1.jar:/home/user/.m2/repository/javax/xml/bind/jaxb-api/2.3.0/jaxb-api-2.3.0.jar:/home/user/.m2/repository/javax/activation/activation/1.1.1/activation-1.1.1.jar:/home/user/.m2/repository/org/apache/hadoop/hadoop-ozone-csi/0.5.0-SNAPSHOT/hadoop-ozone-csi-0.5.0-SNAPSHOT.jar:/home/user/.m2/repository/com/google/protobuf/protobuf-java-util/3.5.1/protobuf-java-util-3.5.1.jar:/home/user/.m2/repository/org/apache/hadoop/hadoop-hdds-config/0.5.0-SNAPSHOT/hadoop-hdds-config-0.5.0-SNAPSHOT.jar:/home/user/.m2/repository/io/grpc/grpc-netty/1.17.1/grpc-netty-1.17.1.jar:/home/user/.m2/repository/io/grpc/grpc-core/1.17.1/grpc-core-1.17.1.jar:/home/user/.m2/repository/io/grpc/grpc-context/1.17.1/grpc-context-1.17.1.jar:/home/user/.m2/repository/com/google/errorprone/error_prone_annotations/2.2.0/error_prone_annotations-2.2.0.jar:/home/user/.m2/repository/org/codehaus/mojo/animal-sniffer-annotations/1.17/animal-sniffer-annotations-1.17.jar:/home/user/.m2/repository/io/opencensus/opencensus-api/0.17.0/opencensus-api-0.17.0.jar:/home/user/.m2/repository/io/opencensus/opencensus-contrib-grpc-metrics/0.17.0/opencensus-contrib-grpc-metrics-0.17.0.jar:/home/user/.m2/repository/io/netty/netty-codec-http2/4.1.30.Final/netty-codec-http2-4.1.30.Final.jar:/home/user/.m2/repository/io/netty/netty-codec-http/4.1.30.Final/netty-codec-http-4.1.30.Final.jar:/home/user/.m2/repository/io/netty/netty-codec/4.1.30.Final/netty-codec-4.1.30.Final.jar:/home/user/.m2/repository/io/netty/netty-handler/4.1.30.Final/netty-handler-4.1.30.Final.jar:/home/user/.m2/repository/io/netty/netty-handler-proxy/4.1.30.Final/netty-handler-proxy-4.1.30.Final.jar:/home/user/.m2/repository/io/netty/netty-codec-socks/4.1.30.Final/netty-codec-socks-4.1.30.Final.jar:/home/user/.m2/repository/io/netty/netty-transport-native-epoll/4.1.30.Final/netty-transport-native-epoll-4.1.30.Final.jar:/home/user/.m2/repository/io/netty/netty-common/4.1.30.Final/netty-common-4.1.30.Final.jar:/home/user/.m2/repository/io/netty/netty-buffer/4.1.30.Final/netty-buffer-4.1.30.Final.jar:/home/user/.m2/repository/io/netty/netty-transport/4.1.30.Final/netty-transport-4.1.30.Final.jar:/home/user/.m2/repository/io/netty/netty-resolver/4.1.30.Final/netty-resolver-4.1.30.Final.jar:/home/user/.m2/repository/io/netty/netty-transport-native-unix-common/4.1.30.Final/netty-transport-native-unix-common-4.1.30.Final.jar:/home/user/.m2/repository/io/grpc/grpc-protobuf/1.17.1/grpc-protobuf-1.17.1.jar:/home/user/.m2/repository/com/google/api/grpc/proto-google-common-protos/1.0.0/proto-google-common-protos-1.0.0.jar:/home/user/.m2/repository/io/grpc/grpc-protobuf-lite/1.17.1/grpc-protobuf-lite-1.17.1.jar:/home/user/.m2/repository/io/grpc/grpc-stub/1.17.1/grpc-stub-1.17.1.jar:/home/user/.m2/repository/org/apache/hadoop/hadoop-ozone-recon/0.5.0-SNAPSHOT/hadoop-ozone-recon-0.5.0-SNAPSHOT.jar:/home/user/.m2/repository/org/apache/hadoop/hadoop-ozone-reconcodegen/0.5.0-SNAPSHOT/hadoop-ozone-reconcodegen-0.5.0-SNAPSHOT.jar:/home/user/.m2/repository/com/google/inject/extensions/guice-multibindings/4.0/guice-multibindings-4.0.jar:/home/user/.m2/repository/com/google/inject/guice/4.0/guice-4.0.jar:/home/user/.m2/repository/aopalliance/aopalliance/1.0/aopalliance-1.0.jar:/home/user/.m2/repository/com/google/inject/extensions/guice-servlet/4.0/guice-servlet-4.0.jar:/home/user/.m2/repository/org/glassfish/jersey/containers/jersey-container-servlet/2.27/jersey-container-servlet-2.27.jar:/home/user/.m2/repository/org/glassfish/hk2/guice-bridge/2.5.0/guice-bridge-2.5.0.jar:/home/user/.m2/repository/org/glassfish/jersey/core/jersey-server/2.27/jersey-server-2.27.jar:/home/user/.m2/repository/org/glassfish/jersey/core/jersey-client/2.27/jersey-client-2.27.jar:/home/user/.m2/repository/org/glassfish/jersey/media/jersey-media-jaxb/2.27/jersey-media-jaxb-2.27.jar:/home/user/.m2/repository/javax/validation/validation-api/1.1.0.Final/validation-api-1.1.0.Final.jar:/home/user/.m2/repository/org/glassfish/jersey/media/jersey-media-json-jackson/2.27/jersey-media-json-jackson-2.27.jar:/home/user/.m2/repository/org/glassfish/jersey/ext/jersey-entity-filtering/2.27/jersey-entity-filtering-2.27.jar:/home/user/.m2/repository/com/google/inject/extensions/guice-assistedinject/4.0/guice-assistedinject-4.0.jar:/home/user/.m2/repository/org/jooq/jooq/3.11.10/jooq-3.11.10.jar:/home/user/.m2/repository/org/jooq/jooq-meta/3.11.10/jooq-meta-3.11.10.jar:/home/user/.m2/repository/org/jooq/jooq-codegen/3.11.10/jooq-codegen-3.11.10.jar:/home/user/.m2/repository/com/jolbox/bonecp/0.8.0.RELEASE/bonecp-0.8.0.RELEASE.jar:/home/user/.m2/repository/org/xerial/sqlite-jdbc/3.25.2/sqlite-jdbc-3.25.2.jar:/home/user/.m2/repository/org/springframework/spring-jdbc/5.1.3.RELEASE/spring-jdbc-5.1.3.RELEASE.jar:/home/user/.m2/repository/org/springframework/spring-beans/5.1.3.RELEASE/spring-beans-5.1.3.RELEASE.jar:/home/user/.m2/repository/org/springframework/spring-core/5.1.3.RELEASE/spring-core-5.1.3.RELEASE.jar:/home/user/.m2/repository/org/springframework/spring-jcl/5.1.3.RELEASE/spring-jcl-5.1.3.RELEASE.jar:/home/user/.m2/repository/org/springframework/spring-tx/5.1.3.RELEASE/spring-tx-5.1.3.RELEASE.jar:/home/user/.m2/repository/org/apache/hadoop/hadoop-ozone-client/0.5.0-SNAPSHOT/hadoop-ozone-client-0.5.0-SNAPSHOT.jar:/home/user/.m2/repository/commons-lang/commons-lang/2.6/commons-lang-2.6.jar:/home/user/.m2/repository/org/apache/hadoop/hadoop-ozone-ozone-manager/0.5.0-SNAPSHOT/hadoop-ozone-ozone-manager-0.5.0-SNAPSHOT-tests.jar:/home/user/.m2/repository/junit/junit/4.11/junit-4.11.jar:/home/user/.m2/repository/org/hamcrest/hamcrest-core/1.3/hamcrest-core-1.3.jar:/home/user/.m2/repository/org/openjdk/jmh/jmh-core/1.19/jmh-core-1.19.jar:/home/user/.m2/repository/net/sf/jopt-simple/jopt-simple/4.6/jopt-simple-4.6.jar:/home/user/.m2/repository/org/apache/commons/commons-math3/3.1.1/commons-math3-3.1.1.jar:/home/user/.m2/repository/org/openjdk/jmh/jmh-generator-annprocess/1.19/jmh-generator-annprocess-1.19.jar:/home/user/.m2/repository/org/mockito/mockito-all/1.8.5/mockito-all-1.8.5.jar:/home/user/.m2/repository/org/apache/hadoop/hadoop-kms/3.2.0/hadoop-kms-3.2.0.jar:/home/user/.m2/repository/org/apache/hadoop/hadoop-auth/3.2.0/hadoop-auth-3.2.0.jar:/home/user/.m2/repository/com/nimbusds/nimbus-jose-jwt/4.41.1/nimbus-jose-jwt-4.41.1.jar:/home/user/.m2/repository/com/github/stephenc/jcip/jcip-annotations/1.0-1/jcip-annotations-1.0-1.jar:/home/user/.m2/repository/net/minidev/json-smart/2.3/json-smart-2.3.jar:/home/user/.m2/repository/net/minidev/accessors-smart/1.2/accessors-smart-1.2.jar:/home/user/.m2/repository/org/ow2/asm/asm/5.0.4/asm-5.0.4.jar:/home/user/.m2/repository/org/apache/curator/curator-framework/2.12.0/curator-framework-2.12.0.jar:/home/user/.m2/repository/com/sun/jersey/jersey-core/1.19/jersey-core-1.19.jar:/home/user/.m2/repository/javax/ws/rs/jsr311-api/1.1.1/jsr311-api-1.1.1.jar:/home/user/.m2/repository/com/sun/jersey/jersey-server/1.19/jersey-server-1.19.jar:/home/user/.m2/repository/javax/servlet/javax.servlet-api/3.1.0/javax.servlet-api-3.1.0.jar:/home/user/.m2/repository/org/eclipse/jetty/jetty-server/9.3.24.v20180605/jetty-server-9.3.24.v20180605.jar:/home/user/.m2/repository/org/eclipse/jetty/jetty-http/9.3.24.v20180605/jetty-http-9.3.24.v20180605.jar:/home/user/.m2/repository/org/eclipse/jetty/jetty-io/9.3.24.v20180605/jetty-io-9.3.24.v20180605.jar:/home/user/.m2/repository/org/eclipse/jetty/jetty-webapp/9.3.24.v20180605/jetty-webapp-9.3.24.v20180605.jar:/home/user/.m2/repository/org/eclipse/jetty/jetty-xml/9.3.24.v20180605/jetty-xml-9.3.24.v20180605.jar:/home/user/.m2/repository/log4j/log4j/1.2.17/log4j-1.2.17.jar:/home/user/.m2/repository/org/slf4j/slf4j-api/1.7.25/slf4j-api-1.7.25.jar:/home/user/.m2/repository/org/slf4j/jul-to-slf4j/1.7.25/jul-to-slf4j-1.7.25.jar:/home/user/.m2/repository/org/eclipse/jetty/jetty-util/9.3.24.v20180605/jetty-util-9.3.24.v20180605.jar:/home/user/.m2/repository/com/fasterxml/jackson/core/jackson-databind/2.9.9/jackson-databind-2.9.9.jar:/home/user/.m2/repository/org/apache/hadoop/hadoop-kms/3.2.0/hadoop-kms-3.2.0-tests.jar:/home/user/.m2/repository/org/apache/hadoop/hadoop-hdds-server-scm/0.5.0-SNAPSHOT/hadoop-hdds-server-scm-0.5.0-SNAPSHOT-tests.jar:/home/user/.m2/repository/org/apache/hadoop/hadoop-hdds-container-service/0.5.0-SNAPSHOT/hadoop-hdds-container-service-0.5.0-SNAPSHOT-tests.jar:/home/user/.m2/repository/org/yaml/snakeyaml/1.16/snakeyaml-1.16.jar:/home/user/.m2/repository/org/apache/hadoop/hadoop-common/3.2.0/hadoop-common-3.2.0-tests.jar:/home/user/.m2/repository/org/apache/hadoop/hadoop-annotations/3.2.0/hadoop-annotations-3.2.0.jar:/usr/lib/jvm/java-1.8-openjdk/jre/../lib/tools.jar:/home/user/.m2/repository/commons-cli/commons-cli/1.2/commons-cli-1.2.jar:/home/user/.m2/repository/org/apache/httpcomponents/httpclient/4.5.2/httpclient-4.5.2.jar:/home/user/.m2/repository/org/apache/httpcomponents/httpcore/4.4.4/httpcore-4.4.4.jar:/home/user/.m2/repository/commons-codec/commons-codec/1.11/commons-codec-1.11.jar:/home/user/.m2/repository/commons-net/commons-net/3.6/commons-net-3.6.jar:/home/user/.m2/repository/commons-collections/commons-collections/3.2.2/commons-collections-3.2.2.jar:/home/user/.m2/repository/org/eclipse/jetty/jetty-servlet/9.3.24.v20180605/jetty-servlet-9.3.24.v20180605.jar:/home/user/.m2/repository/org/eclipse/jetty/jetty-security/9.3.24.v20180605/jetty-security-9.3.24.v20180605.jar:/home/user/.m2/repository/javax/servlet/jsp/jsp-api/2.1/jsp-api-2.1.jar:/home/user/.m2/repository/com/sun/jersey/jersey-servlet/1.19/jersey-servlet-1.19.jar:/home/user/.m2/repository/com/sun/jersey/jersey-json/1.19/jersey-json-1.19.jar:/home/user/.m2/repository/org/codehaus/jettison/jettison/1.1/jettison-1.1.jar:/home/user/.m2/repository/org/codehaus/jackson/jackson-core-asl/1.9.13/jackson-core-asl-1.9.13.jar:/home/user/.m2/repository/org/codehaus/jackson/jackson-mapper-asl/1.9.13/jackson-mapper-asl-1.9.13.jar:/home/user/.m2/repository/org/codehaus/jackson/jackson-jaxrs/1.9.13/jackson-jaxrs-1.9.13.jar:/home/user/.m2/repository/org/codehaus/jackson/jackson-xc/1.9.13/jackson-xc-1.9.13.jar:/home/user/.m2/repository/commons-logging/commons-logging/1.1.3/commons-logging-1.1.3.jar:/home/user/.m2/repository/commons-beanutils/commons-beanutils/1.9.4/commons-beanutils-1.9.4.jar:/home/user/.m2/repository/org/apache/commons/commons-configuration2/2.1.1/commons-configuration2-2.1.1.jar:/home/user/.m2/repository/org/apache/commons/commons-lang3/3.7/commons-lang3-3.7.jar:/home/user/.m2/repository/org/apache/commons/commons-text/1.4/commons-text-1.4.jar:/home/user/.m2/repository/org/apache/avro/avro/1.7.7/avro-1.7.7.jar:/home/user/.m2/repository/com/thoughtworks/paranamer/paranamer/2.3/paranamer-2.3.jar:/home/user/.m2/repository/org/xerial/snappy/snappy-java/1.0.5/snappy-java-1.0.5.jar:/home/user/.m2/repository/com/google/re2j/re2j/1.1/re2j-1.1.jar:/home/user/.m2/repository/com/google/code/gson/gson/2.2.4/gson-2.2.4.jar:/home/user/.m2/repository/com/jcraft/jsch/0.1.54/jsch-0.1.54.jar:/home/user/.m2/repository/org/apache/curator/curator-client/2.12.0/curator-client-2.12.0.jar:/home/user/.m2/repository/org/apache/curator/curator-recipes/2.12.0/curator-recipes-2.12.0.jar:/home/user/.m2/repository/com/google/code/findbugs/jsr305/3.0.0/jsr305-3.0.0.jar:/home/user/.m2/repository/org/apache/htrace/htrace-core4/4.1.0-incubating/htrace-core4-4.1.0-incubating.jar:/home/user/.m2/repository/org/apache/zookeeper/zookeeper/3.4.13/zookeeper-3.4.13.jar:/home/user/.m2/repository/org/apache/yetus/audience-annotations/0.5.0/audience-annotations-0.5.0.jar:/home/user/.m2/repository/org/codehaus/woodstox/stax2-api/3.1.4/stax2-api-3.1.4.jar:/home/user/.m2/repository/com/fasterxml/woodstox/woodstox-core/5.0.3/woodstox-core-5.0.3.jar:/home/user/.m2/repository/dnsjava/dnsjava/2.1.7/dnsjava-2.1.7.jar:/home/user/.m2/repository/org/apache/hadoop/hadoop-hdfs/3.2.0/hadoop-hdfs-3.2.0-tests.jar:/home/user/.m2/repository/org/eclipse/jetty/jetty-util-ajax/9.3.24.v20180605/jetty-util-ajax-9.3.24.v20180605.jar:/home/user/.m2/repository/commons-daemon/commons-daemon/1.0.13/commons-daemon-1.0.13.jar:/home/user/.m2/repository/io/netty/netty/3.10.5.Final/netty-3.10.5.Final.jar:/home/user/.m2/repository/io/netty/netty-all/4.0.52.Final/netty-all-4.0.52.Final.jar:/home/user/.m2/repository/org/fusesource/leveldbjni/leveldbjni-all/1.8/leveldbjni-all-1.8.jar:"/>
    <property name="sun.cpu.endian" value="little"/>
    <property name="user.home" value="/home/user"/>
    <property name="user.language" value="en"/>
    <property name="java.specification.vendor" value="Oracle Corporation"/>
    <property name="java.home" value="/usr/lib/jvm/java-1.8-openjdk/jre"/>
    <property name="java.security.krb5.conf" value="/workdir/hadoop-ozone/integration-test/target/test-classes/krb5.conf"/>
    <property name="basedir" value="/workdir/hadoop-ozone/integration-test"/>
    <property name="file.separator" value="/"/>
    <property name="line.separator" value="&#10;"/>
    <property name="java.vm.specification.vendor" value="Oracle Corporation"/>
    <property name="java.specification.name" value="Java Platform API Specification"/>
    <property name="java.awt.graphicsenv" value="sun.awt.X11GraphicsEnvironment"/>
    <property name="surefire.real.class.path" value="/workdir/hadoop-ozone/integration-test/target/surefire/surefirebooter846028613114479911.jar"/>
    <property name="hadoop.log.dir" value="/workdir/hadoop-ozone/integration-test/target/log"/>
    <property name="sun.boot.class.path" value="/usr/lib/jvm/java-1.8-openjdk/jre/lib/resources.jar:/usr/lib/jvm/java-1.8-openjdk/jre/lib/rt.jar:/usr/lib/jvm/java-1.8-openjdk/jre/lib/sunrsasign.jar:/usr/lib/jvm/java-1.8-openjdk/jre/lib/jsse.jar:/usr/lib/jvm/java-1.8-openjdk/jre/lib/jce.jar:/usr/lib/jvm/java-1.8-openjdk/jre/lib/charsets.jar:/usr/lib/jvm/java-1.8-openjdk/jre/lib/jfr.jar:/usr/lib/jvm/java-1.8-openjdk/jre/classes"/>
    <property name="sun.management.compiler" value="HotSpot 64-Bit Tiered Compilers"/>
    <property name="java.runtime.version" value="1.8.0_212-b04"/>
    <property name="java.net.preferIPv4Stack" value="true"/>
    <property name="user.name" value="jenkins1000"/>
    <property name="path.separator" value=":"/>
    <property name="java.security.egd" value="file:///dev/urandom"/>
    <property name="os.version" value="3.10.0-957.12.2.el7.x86_64"/>
    <property name="java.endorsed.dirs" value="/usr/lib/jvm/java-1.8-openjdk/jre/lib/endorsed"/>
    <property name="java.runtime.name" value="OpenJDK Runtime Environment"/>
    <property name="file.encoding" value="UTF-8"/>
    <property name="java.vm.name" value="OpenJDK 64-Bit Server VM"/>
    <property name="test.build.webapps" value=""/>
    <property name="localRepository" value="/home/user/.m2/repository"/>
    <property name="java.vendor.url.bug" value="https://icedtea.classpath.org/bugzilla"/>
    <property name="java.io.tmpdir" value="/tmp"/>
    <property name="require.test.libhadoop" value=""/>
    <property name="java.version" value="1.8.0_212"/>
    <property name="user.dir" value="/workdir/hadoop-ozone/integration-test"/>
    <property name="os.arch" value="amd64"/>
    <property name="java.vm.specification.name" value="Java Virtual Machine Specification"/>
    <property name="test.build.classes" value="/workdir/hadoop-ozone/integration-test/target/test-classes"/>
    <property name="java.awt.printerjob" value="sun.print.PSPrinterJob"/>
    <property name="sun.os.patch.level" value="unknown"/>
    <property name="hadoop.tmp.dir" value="/workdir/hadoop-ozone/integration-test/target/tmp"/>
    <property name="java.library.path" value="/usr/lib/jvm/java-1.8-openjdk/jre/lib/amd64/server:/usr/lib/jvm/java-1.8-openjdk/jre/lib/amd64:/usr/lib/jvm/java-1.8-openjdk/jre/../lib/amd64:/workdir/hadoop-ozone/integration-test/target/native/target/usr/local/lib:/workdir/hadoop-ozone/integration-test/../../hadoop-common-project/hadoop-common/target/native/target/usr/local/lib:/usr/java/packages/lib/amd64:/usr/lib64:/lib64:/lib:/usr/lib"/>
    <property name="java.vm.info" value="mixed mode"/>
    <property name="java.vendor" value="IcedTea"/>
    <property name="java.vm.version" value="25.212-b04"/>
    <property name="java.ext.dirs" value="/usr/lib/jvm/java-1.8-openjdk/jre/lib/ext:/usr/java/packages/lib/ext"/>
    <property name="sun.io.unicode.encoding" value="UnicodeLittle"/>
    <property name="java.class.version" value="52.0"/>
  </properties>
  <testcase name="testContainerReplication" classname="org.apache.hadoop.ozone.client.rpc.TestContainerReplicationEndToEnd" time="6.265">
    <error message="Failed to update container state #1, reason: invalid state transition from state: CLOSING upon event: FINALIZE." type="org.apache.hadoop.hdds.scm.exceptions.SCMException">org.apache.hadoop.hdds.scm.exceptions.SCMException: Failed to update container state #1, reason: invalid state transition from state: CLOSING upon event: FINALIZE.
	at org.apache.hadoop.hdds.scm.container.ContainerStateManager.updateContainerState(ContainerStateManager.java:336)
	at org.apache.hadoop.hdds.scm.container.SCMContainerManager.updateContainerState(SCMContainerManager.java:312)
	at org.apache.hadoop.ozone.client.rpc.TestContainerReplicationEndToEnd.testContainerReplication(TestContainerReplicationEndToEnd.java:159)
	at sun.reflect.NativeMethodAccessorImpl.invoke0(Native Method)
	at sun.reflect.NativeMethodAccessorImpl.invoke(NativeMethodAccessorImpl.java:62)
	at sun.reflect.DelegatingMethodAccessorImpl.invoke(DelegatingMethodAccessorImpl.java:43)
	at java.lang.reflect.Method.invoke(Method.java:498)
	at org.junit.runners.model.FrameworkMethod$1.runReflectiveCall(FrameworkMethod.java:47)
	at org.junit.internal.runners.model.ReflectiveCallable.run(ReflectiveCallable.java:12)
	at org.junit.runners.model.FrameworkMethod.invokeExplosively(FrameworkMethod.java:44)
	at org.junit.internal.runners.statements.InvokeMethod.evaluate(InvokeMethod.java:17)
	at org.junit.runners.ParentRunner.runLeaf(ParentRunner.java:271)
	at org.junit.runners.BlockJUnit4ClassRunner.runChild(BlockJUnit4ClassRunner.java:70)
	at org.junit.runners.BlockJUnit4ClassRunner.runChild(BlockJUnit4ClassRunner.java:50)
	at org.junit.runners.ParentRunner$3.run(ParentRunner.java:238)
	at org.junit.runners.ParentRunner$1.schedule(ParentRunner.java:63)
	at org.junit.runners.ParentRunner.runChildren(ParentRunner.java:236)
	at org.junit.runners.ParentRunner.access$000(ParentRunner.java:53)
	at org.junit.runners.ParentRunner$2.evaluate(ParentRunner.java:229)
	at org.junit.internal.runners.statements.RunBefores.evaluate(RunBefores.java:26)
	at org.junit.internal.runners.statements.RunAfters.evaluate(RunAfters.java:27)
	at org.junit.runners.ParentRunner.run(ParentRunner.java:309)
	at org.apache.maven.surefire.junit4.JUnit4Provider.execute(JUnit4Provider.java:365)
	at org.apache.maven.surefire.junit4.JUnit4Provider.executeWithRerun(JUnit4Provider.java:273)
	at org.apache.maven.surefire.junit4.JUnit4Provider.executeTestSet(JUnit4Provider.java:238)
	at org.apache.maven.surefire.junit4.JUnit4Provider.invoke(JUnit4Provider.java:159)
	at org.apache.maven.surefire.booter.ForkedBooter.invokeProviderInSameClassLoader(ForkedBooter.java:384)
	at org.apache.maven.surefire.booter.ForkedBooter.runSuitesInProcess(ForkedBooter.java:345)
	at org.apache.maven.surefire.booter.ForkedBooter.execute(ForkedBooter.java:126)
	at org.apache.maven.surefire.booter.ForkedBooter.main(ForkedBooter.java:418)
</error>
    <system-out><![CDATA[2019-09-19 13:26:02,088 [main] WARN  server.ServerUtils (ServerUtils.java:getScmDbDir(145)) - ozone.scm.db.dirs is not configured. We recommend adding this setting. Falling back to ozone.metadata.dirs instead.
2019-09-19 13:26:02,272 [main] WARN  server.ServerUtils (ServerUtils.java:getScmDbDir(145)) - ozone.scm.db.dirs is not configured. We recommend adding this setting. Falling back to ozone.metadata.dirs instead.
2019-09-19 13:26:02,276 [main] WARN  server.ServerUtils (ServerUtils.java:getScmDbDir(145)) - ozone.scm.db.dirs is not configured. We recommend adding this setting. Falling back to ozone.metadata.dirs instead.
2019-09-19 13:26:02,302 [main] INFO  util.log (Log.java:initialized(192)) - Logging initialized @1024ms
2019-09-19 13:26:02,420 [main] INFO  db.DBStoreBuilder (DBStoreBuilder.java:addTable(110)) - using custom profile for table: deletedBlocks
2019-09-19 13:26:02,421 [main] INFO  db.DBStoreBuilder (DBStoreBuilder.java:processTables(161)) - Using default column profile:DBProfile.DISK for Table:deletedBlocks
2019-09-19 13:26:02,421 [main] INFO  db.DBStoreBuilder (DBStoreBuilder.java:addTable(110)) - using custom profile for table: validCerts
2019-09-19 13:26:02,421 [main] INFO  db.DBStoreBuilder (DBStoreBuilder.java:processTables(161)) - Using default column profile:DBProfile.DISK for Table:validCerts
2019-09-19 13:26:02,422 [main] INFO  db.DBStoreBuilder (DBStoreBuilder.java:addTable(110)) - using custom profile for table: revokedCerts
2019-09-19 13:26:02,422 [main] INFO  db.DBStoreBuilder (DBStoreBuilder.java:processTables(161)) - Using default column profile:DBProfile.DISK for Table:revokedCerts
2019-09-19 13:26:02,435 [main] INFO  db.DBStoreBuilder (DBStoreBuilder.java:addTable(110)) - using custom profile for table: default
2019-09-19 13:26:02,435 [main] INFO  db.DBStoreBuilder (DBStoreBuilder.java:processTables(167)) - Using default column profile:DBProfile.DISK for Table:default
2019-09-19 13:26:02,436 [main] INFO  db.DBStoreBuilder (DBStoreBuilder.java:getDbProfile(198)) - Using default options. DBProfile.DISK
2019-09-19 13:26:02,729 [main] INFO  net.NodeSchemaLoader (NodeSchemaLoader.java:loadSchemaFromFile(125)) - Loading file from sun.misc.CompoundEnumeration@77888435
2019-09-19 13:26:02,730 [main] INFO  net.NodeSchemaLoader (NodeSchemaLoader.java:loadSchema(171)) - Loading network topology layer schema file
2019-09-19 13:26:02,800 [main] INFO  node.SCMNodeManager (SCMNodeManager.java:<init>(114)) - Entering startup safe mode.
2019-09-19 13:26:02,873 [main] INFO  algorithms.ContainerPlacementPolicyFactory (ContainerPlacementPolicyFactory.java:getPolicy(57)) - Create container placement policy of type org.apache.hadoop.hdds.scm.container.placement.algorithms.SCMContainerPlacementRandom
2019-09-19 13:26:02,887 [main] WARN  server.ServerUtils (ServerUtils.java:getScmDbDir(145)) - ozone.scm.db.dirs is not configured. We recommend adding this setting. Falling back to ozone.metadata.dirs instead.
2019-09-19 13:26:02,966 [main] INFO  pipeline.SCMPipelineManager (SCMPipelineManager.java:initializePipelineState(128)) - No pipeline exists in current db
2019-09-19 13:26:02,968 [main] WARN  server.ServerUtils (ServerUtils.java:getScmDbDir(145)) - ozone.scm.db.dirs is not configured. We recommend adding this setting. Falling back to ozone.metadata.dirs instead.
2019-09-19 13:26:03,067 [main] INFO  Configuration.deprecation (Configuration.java:logDeprecation(1394)) - No unit for hdds.scm.replication.thread.interval(2000) assuming MILLISECONDS
2019-09-19 13:26:03,092 [main] WARN  events.EventQueue (EventQueue.java:fireEvent(183)) - No event handler registered for event TypedEvent{payloadType=SafeModeStatus, name='SafeModeStatus'}
2019-09-19 13:26:03,455 [main] INFO  ipc.CallQueueManager (CallQueueManager.java:<init>(84)) - Using callQueue: class java.util.concurrent.LinkedBlockingQueue, queueCapacity: 2000, scheduler: class org.apache.hadoop.ipc.DefaultRpcScheduler, ipcBackoff: false.
2019-09-19 13:26:03,480 [Socket Reader #1 for port 37713] INFO  ipc.Server (Server.java:run(1074)) - Starting Socket Reader #1 for port 37713
2019-09-19 13:26:03,622 [main] INFO  ipc.CallQueueManager (CallQueueManager.java:<init>(84)) - Using callQueue: class java.util.concurrent.LinkedBlockingQueue, queueCapacity: 2000, scheduler: class org.apache.hadoop.ipc.DefaultRpcScheduler, ipcBackoff: false.
2019-09-19 13:26:03,623 [Socket Reader #1 for port 40810] INFO  ipc.Server (Server.java:run(1074)) - Starting Socket Reader #1 for port 40810
2019-09-19 13:26:03,634 [main] INFO  ipc.CallQueueManager (CallQueueManager.java:<init>(84)) - Using callQueue: class java.util.concurrent.LinkedBlockingQueue, queueCapacity: 2000, scheduler: class org.apache.hadoop.ipc.DefaultRpcScheduler, ipcBackoff: false.
2019-09-19 13:26:03,635 [Socket Reader #1 for port 34975] INFO  ipc.Server (Server.java:run(1074)) - Starting Socket Reader #1 for port 34975
2019-09-19 13:26:03,662 [main] INFO  hdfs.DFSUtil (DFSUtil.java:httpServerTemplateForNNAndJN(1641)) - Starting Web-server for scm at: http://0.0.0.0:0
2019-09-19 13:26:03,817 [main] INFO  server.AuthenticationFilter (AuthenticationFilter.java:constructSecretProvider(240)) - Unable to initialize FileSignerSecretProvider, falling back to use random secrets.
2019-09-19 13:26:03,825 [main] WARN  http.HttpRequestLog (HttpRequestLog.java:getRequestLog(97)) - Jetty request log can only be enabled using Log4j
2019-09-19 13:26:03,832 [main] INFO  http.HttpServer2 (HttpServer2.java:addGlobalFilter(975)) - Added global filter 'safety' (class=org.apache.hadoop.http.HttpServer2$QuotingInputFilter)
2019-09-19 13:26:03,835 [main] INFO  http.HttpServer2 (HttpServer2.java:addFilter(948)) - Added filter static_user_filter (class=org.apache.hadoop.http.lib.StaticUserWebFilter$StaticUserFilter) to context scm
2019-09-19 13:26:03,835 [main] INFO  http.HttpServer2 (HttpServer2.java:addFilter(958)) - Added filter static_user_filter (class=org.apache.hadoop.http.lib.StaticUserWebFilter$StaticUserFilter) to context static
2019-09-19 13:26:03,835 [main] INFO  http.HttpServer2 (HttpServer2.java:addFilter(958)) - Added filter static_user_filter (class=org.apache.hadoop.http.lib.StaticUserWebFilter$StaticUserFilter) to context logs
2019-09-19 13:26:03,868 [main] INFO  server.StorageContainerManager (StorageContainerManager.java:start(763)) - StorageContainerLocationProtocol RPC server is listening at /0.0.0.0:34975
2019-09-19 13:26:03,929 [main] WARN  impl.MetricsConfig (MetricsConfig.java:loadFirst(134)) - Cannot locate configuration: tried hadoop-metrics2-storagecontainermanager.properties,hadoop-metrics2.properties
2019-09-19 13:26:03,941 [main] INFO  impl.MetricsSystemImpl (MetricsSystemImpl.java:startTimer(374)) - Scheduled Metric snapshot period at 10 second(s).
2019-09-19 13:26:03,941 [main] INFO  impl.MetricsSystemImpl (MetricsSystemImpl.java:start(191)) - StorageContainerManager metrics system started
2019-09-19 13:26:04,168 [main] INFO  server.SCMClientProtocolServer (SCMClientProtocolServer.java:start(151)) - RPC server for Client  is listening at /0.0.0.0:34975
2019-09-19 13:26:04,169 [IPC Server Responder] INFO  ipc.Server (Server.java:run(1314)) - IPC Server Responder: starting
2019-09-19 13:26:04,169 [IPC Server listener on 34975] INFO  ipc.Server (Server.java:run(1153)) - IPC Server listener on 34975: starting
2019-09-19 13:26:04,171 [main] INFO  server.StorageContainerManager (StorageContainerManager.java:start(773)) - ScmBlockLocationProtocol RPC server is listening at /0.0.0.0:40810
2019-09-19 13:26:04,172 [main] INFO  server.SCMBlockProtocolServer (SCMBlockProtocolServer.java:start(146)) - RPC server for Block Protocol is listening at /0.0.0.0:40810
2019-09-19 13:26:04,173 [IPC Server Responder] INFO  ipc.Server (Server.java:run(1314)) - IPC Server Responder: starting
2019-09-19 13:26:04,173 [IPC Server listener on 40810] INFO  ipc.Server (Server.java:run(1153)) - IPC Server listener on 40810: starting
2019-09-19 13:26:04,175 [main] INFO  server.StorageContainerManager (StorageContainerManager.java:start(777)) - ScmDatanodeProtocl RPC server is listening at /0.0.0.0:37713
2019-09-19 13:26:04,175 [main] INFO  server.SCMDatanodeProtocolServer (SCMDatanodeProtocolServer.java:start(191)) - RPC server for DataNodes is listening at /0.0.0.0:37713
2019-09-19 13:26:04,176 [IPC Server Responder] INFO  ipc.Server (Server.java:run(1314)) - IPC Server Responder: starting
2019-09-19 13:26:04,176 [IPC Server listener on 37713] INFO  ipc.Server (Server.java:run(1153)) - IPC Server listener on 37713: starting
2019-09-19 13:26:04,180 [main] INFO  http.HttpServer2 (HttpServer2.java:bindListener(1191)) - Jetty bound to port 36182
2019-09-19 13:26:04,181 [main] INFO  server.Server (Server.java:doStart(351)) - jetty-9.3.24.v20180605, build timestamp: 2018-06-05T17:11:56Z, git hash: 84205aa28f11a4f31f2a3b86d1bba2cc8ab69827
2019-09-19 13:26:04,219 [main] INFO  handler.ContextHandler (ContextHandler.java:doStart(781)) - Started o.e.j.s.ServletContextHandler@6622fc65{/logs,file:///workdir/hadoop-ozone/integration-test/target/log,AVAILABLE}
2019-09-19 13:26:04,220 [main] INFO  handler.ContextHandler (ContextHandler.java:doStart(781)) - Started o.e.j.s.ServletContextHandler@23fb172e{/static,file:///workdir/hadoop-ozone/integration-test/target/test-classes/webapps/static,AVAILABLE}
2019-09-19 13:26:04,253 [main] INFO  handler.ContextHandler (ContextHandler.java:doStart(781)) - Started o.e.j.w.WebAppContext@3591009c{/,file:///workdir/hadoop-ozone/integration-test/target/test-classes/webapps/scm/,AVAILABLE}{/scm}
2019-09-19 13:26:04,259 [main] INFO  server.AbstractConnector (AbstractConnector.java:doStart(278)) - Started ServerConnector@2de366bb{HTTP/1.1,[http/1.1]}{0.0.0.0:36182}
2019-09-19 13:26:04,260 [main] INFO  server.Server (Server.java:doStart(419)) - Started @2982ms
2019-09-19 13:26:04,262 [main] INFO  impl.MetricsSinkAdapter (MetricsSinkAdapter.java:start(204)) - Sink prometheus started
2019-09-19 13:26:04,262 [main] INFO  impl.MetricsSystemImpl (MetricsSystemImpl.java:registerSink(301)) - Registered sink prometheus
2019-09-19 13:26:04,263 [main] INFO  server.BaseHttpServer (BaseHttpServer.java:updateConnectorAddress(215)) - HTTP server of SCM is listening at http://0.0.0.0:36182
2019-09-19 13:26:04,268 [org.apache.hadoop.util.JvmPauseMonitor$Monitor@64f857e7] INFO  util.JvmPauseMonitor (JvmPauseMonitor.java:run(188)) - Starting JVM pause monitor
2019-09-19 13:26:04,271 [main] WARN  server.ServerUtils (ServerUtils.java:getDBPath(222)) - ozone.om.db.dirs is not configured. We recommend adding this setting. Falling back to ozone.metadata.dirs instead.
2019-09-19 13:26:04,388 [main] WARN  server.ServerUtils (ServerUtils.java:getDBPath(222)) - ozone.om.db.dirs is not configured. We recommend adding this setting. Falling back to ozone.metadata.dirs instead.
2019-09-19 13:26:04,389 [main] WARN  server.ServerUtils (ServerUtils.java:getDBPath(222)) - ozone.om.db.dirs is not configured. We recommend adding this setting. Falling back to ozone.metadata.dirs instead.
2019-09-19 13:26:04,390 [main] INFO  om.OzoneManager (OzoneManager.java:setOMNodeDetails(649)) - OM Service ID is not set. Setting it to the default ID: omServiceIdDefault
2019-09-19 13:26:04,390 [main] INFO  om.OzoneManager (OzoneManager.java:setOMNodeDetails(655)) - OM Node ID is not set. Setting it to the OmStorage's OmID: 482ca5c1-f6bc-4945-a2cc-079c136d0010
2019-09-19 13:26:04,391 [main] INFO  om.OzoneManager (OzoneManager.java:loadOMHAConfigs(606)) - Found matching OM address with OMServiceId: null, OMNodeId: null, RPC Address: localhost:0 and Ratis port: 9872
2019-09-19 13:26:05,083 [main] WARN  server.ServerUtils (ServerUtils.java:getDBPath(222)) - ozone.om.db.dirs is not configured. We recommend adding this setting. Falling back to ozone.metadata.dirs instead.
2019-09-19 13:26:05,091 [main] INFO  db.DBStoreBuilder (DBStoreBuilder.java:addTable(110)) - using custom profile for table: userTable
2019-09-19 13:26:05,091 [main] INFO  db.DBStoreBuilder (DBStoreBuilder.java:processTables(161)) - Using default column profile:DBProfile.DISK for Table:userTable
2019-09-19 13:26:05,091 [main] INFO  db.DBStoreBuilder (DBStoreBuilder.java:addTable(110)) - using custom profile for table: volumeTable
2019-09-19 13:26:05,091 [main] INFO  db.DBStoreBuilder (DBStoreBuilder.java:processTables(161)) - Using default column profile:DBProfile.DISK for Table:volumeTable
2019-09-19 13:26:05,092 [main] INFO  db.DBStoreBuilder (DBStoreBuilder.java:addTable(110)) - using custom profile for table: bucketTable
2019-09-19 13:26:05,092 [main] INFO  db.DBStoreBuilder (DBStoreBuilder.java:processTables(161)) - Using default column profile:DBProfile.DISK for Table:bucketTable
2019-09-19 13:26:05,092 [main] INFO  db.DBStoreBuilder (DBStoreBuilder.java:addTable(110)) - using custom profile for table: keyTable
2019-09-19 13:26:05,092 [main] INFO  db.DBStoreBuilder (DBStoreBuilder.java:processTables(161)) - Using default column profile:DBProfile.DISK for Table:keyTable
2019-09-19 13:26:05,092 [main] INFO  db.DBStoreBuilder (DBStoreBuilder.java:addTable(110)) - using custom profile for table: deletedTable
2019-09-19 13:26:05,093 [main] INFO  db.DBStoreBuilder (DBStoreBuilder.java:processTables(161)) - Using default column profile:DBProfile.DISK for Table:deletedTable
2019-09-19 13:26:05,093 [main] INFO  db.DBStoreBuilder (DBStoreBuilder.java:addTable(110)) - using custom profile for table: openKeyTable
2019-09-19 13:26:05,093 [main] INFO  db.DBStoreBuilder (DBStoreBuilder.java:processTables(161)) - Using default column profile:DBProfile.DISK for Table:openKeyTable
2019-09-19 13:26:05,093 [main] INFO  db.DBStoreBuilder (DBStoreBuilder.java:addTable(110)) - using custom profile for table: s3Table
2019-09-19 13:26:05,094 [main] INFO  db.DBStoreBuilder (DBStoreBuilder.java:processTables(161)) - Using default column profile:DBProfile.DISK for Table:s3Table
2019-09-19 13:26:05,094 [main] INFO  db.DBStoreBuilder (DBStoreBuilder.java:addTable(110)) - using custom profile for table: multipartInfoTable
2019-09-19 13:26:05,094 [main] INFO  db.DBStoreBuilder (DBStoreBuilder.java:processTables(161)) - Using default column profile:DBProfile.DISK for Table:multipartInfoTable
2019-09-19 13:26:05,094 [main] INFO  db.DBStoreBuilder (DBStoreBuilder.java:addTable(110)) - using custom profile for table: dTokenTable
2019-09-19 13:26:05,094 [main] INFO  db.DBStoreBuilder (DBStoreBuilder.java:processTables(161)) - Using default column profile:DBProfile.DISK for Table:dTokenTable
2019-09-19 13:26:05,095 [main] INFO  db.DBStoreBuilder (DBStoreBuilder.java:addTable(110)) - using custom profile for table: s3SecretTable
2019-09-19 13:26:05,095 [main] INFO  db.DBStoreBuilder (DBStoreBuilder.java:processTables(161)) - Using default column profile:DBProfile.DISK for Table:s3SecretTable
2019-09-19 13:26:05,095 [main] INFO  db.DBStoreBuilder (DBStoreBuilder.java:addTable(110)) - using custom profile for table: prefixTable
2019-09-19 13:26:05,095 [main] INFO  db.DBStoreBuilder (DBStoreBuilder.java:processTables(161)) - Using default column profile:DBProfile.DISK for Table:prefixTable
2019-09-19 13:26:05,096 [main] INFO  db.DBStoreBuilder (DBStoreBuilder.java:addTable(110)) - using custom profile for table: default
2019-09-19 13:26:05,096 [main] INFO  db.DBStoreBuilder (DBStoreBuilder.java:processTables(167)) - Using default column profile:DBProfile.DISK for Table:default
2019-09-19 13:26:05,096 [main] INFO  db.DBStoreBuilder (DBStoreBuilder.java:getDbProfile(198)) - Using default options. DBProfile.DISK
2019-09-19 13:26:05,970 [main] INFO  ipc.CallQueueManager (CallQueueManager.java:<init>(84)) - Using callQueue: class java.util.concurrent.LinkedBlockingQueue, queueCapacity: 2000, scheduler: class org.apache.hadoop.ipc.DefaultRpcScheduler, ipcBackoff: false.
2019-09-19 13:26:05,971 [Socket Reader #1 for port 33353] INFO  ipc.Server (Server.java:run(1074)) - Starting Socket Reader #1 for port 33353
2019-09-19 13:26:05,994 [main] INFO  om.OzoneManager (OzoneManager.java:start(1240)) - OzoneManager RPC server is listening at localhost/127.0.0.1:33353
2019-09-19 13:26:05,995 [main] INFO  impl.MetricsSystemImpl (MetricsSystemImpl.java:init(158)) - OzoneManager metrics system started (again)
2019-09-19 13:26:05,996 [IPC Server Responder] INFO  ipc.Server (Server.java:run(1314)) - IPC Server Responder: starting
2019-09-19 13:26:05,996 [IPC Server listener on 33353] INFO  ipc.Server (Server.java:run(1153)) - IPC Server listener on 33353: starting
2019-09-19 13:26:06,002 [main] INFO  hdfs.DFSUtil (DFSUtil.java:httpServerTemplateForNNAndJN(1641)) - Starting Web-server for ozoneManager at: http://0.0.0.0:0
2019-09-19 13:26:06,005 [main] INFO  server.AuthenticationFilter (AuthenticationFilter.java:constructSecretProvider(240)) - Unable to initialize FileSignerSecretProvider, falling back to use random secrets.
2019-09-19 13:26:06,005 [main] WARN  http.HttpRequestLog (HttpRequestLog.java:getRequestLog(97)) - Jetty request log can only be enabled using Log4j
2019-09-19 13:26:06,008 [main] INFO  http.HttpServer2 (HttpServer2.java:addGlobalFilter(975)) - Added global filter 'safety' (class=org.apache.hadoop.http.HttpServer2$QuotingInputFilter)
2019-09-19 13:26:06,010 [main] INFO  http.HttpServer2 (HttpServer2.java:addFilter(948)) - Added filter static_user_filter (class=org.apache.hadoop.http.lib.StaticUserWebFilter$StaticUserFilter) to context ozoneManager
2019-09-19 13:26:06,010 [main] INFO  http.HttpServer2 (HttpServer2.java:addFilter(958)) - Added filter static_user_filter (class=org.apache.hadoop.http.lib.StaticUserWebFilter$StaticUserFilter) to context static
2019-09-19 13:26:06,010 [main] INFO  http.HttpServer2 (HttpServer2.java:addFilter(958)) - Added filter static_user_filter (class=org.apache.hadoop.http.lib.StaticUserWebFilter$StaticUserFilter) to context logs
2019-09-19 13:26:06,013 [main] INFO  http.HttpServer2 (HttpServer2.java:bindListener(1191)) - Jetty bound to port 36221
2019-09-19 13:26:06,014 [main] INFO  server.Server (Server.java:doStart(351)) - jetty-9.3.24.v20180605, build timestamp: 2018-06-05T17:11:56Z, git hash: 84205aa28f11a4f31f2a3b86d1bba2cc8ab69827
2019-09-19 13:26:06,017 [main] INFO  handler.ContextHandler (ContextHandler.java:doStart(781)) - Started o.e.j.s.ServletContextHandler@4fe875be{/logs,file:///workdir/hadoop-ozone/integration-test/target/log,AVAILABLE}
2019-09-19 13:26:06,017 [main] INFO  handler.ContextHandler (ContextHandler.java:doStart(781)) - Started o.e.j.s.ServletContextHandler@4a9486c0{/static,file:///workdir/hadoop-ozone/integration-test/target/test-classes/webapps/static,AVAILABLE}
2019-09-19 13:26:06,024 [main] INFO  handler.ContextHandler (ContextHandler.java:doStart(781)) - Started o.e.j.w.WebAppContext@3b569985{/,file:///workdir/hadoop-ozone/integration-test/target/test-classes/webapps/ozoneManager/,AVAILABLE}{/ozoneManager}
2019-09-19 13:26:06,025 [main] INFO  server.AbstractConnector (AbstractConnector.java:doStart(278)) - Started ServerConnector@3a022576{HTTP/1.1,[http/1.1]}{0.0.0.0:36221}
2019-09-19 13:26:06,026 [main] INFO  server.Server (Server.java:doStart(419)) - Started @4749ms
2019-09-19 13:26:06,027 [main] WARN  impl.MetricsSystemImpl (MetricsSystemImpl.java:register(276)) - Sink prometheus already exists!
2019-09-19 13:26:06,028 [main] INFO  server.BaseHttpServer (BaseHttpServer.java:updateConnectorAddress(215)) - HTTP server of OZONEMANAGER is listening at http://0.0.0.0:36221
2019-09-19 13:26:06,348 [main] INFO  impl.MetricsSystemImpl (MetricsSystemImpl.java:init(158)) - HddsDatanode metrics system started (again)
2019-09-19 13:26:06,405 [main] INFO  ozone.HddsDatanodeService (HddsDatanodeService.java:start(184)) - HddsDatanodeService host:pr-hdds-2127-gbf5v-3232674251 ip:192.168.5.181
2019-09-19 13:26:06,441 [main] INFO  volume.HddsVolume (HddsVolume.java:<init>(176)) - Creating Volume: /workdir/hadoop-ozone/integration-test/target/test-dir/MiniOzoneClusterImpl-0b0855db-21d1-4d4e-a30c-b213e2aa266a/datanode-0/data/containers/hdds of  storage type : DISK and capacity : 1482555576320
2019-09-19 13:26:06,444 [main] INFO  volume.VolumeSet (VolumeSet.java:initializeVolumeSet(170)) - Added Volume : /workdir/hadoop-ozone/integration-test/target/test-dir/MiniOzoneClusterImpl-0b0855db-21d1-4d4e-a30c-b213e2aa266a/datanode-0/data/containers/hdds to VolumeSet
2019-09-19 13:26:06,449 [main] INFO  volume.ThrottledAsyncChecker (ThrottledAsyncChecker.java:schedule(139)) - Scheduling a check for org.apache.hadoop.ozone.container.common.volume.HddsVolume@289fdb08
2019-09-19 13:26:06,474 [main] INFO  volume.HddsVolumeChecker (HddsVolumeChecker.java:checkAllVolumes(202)) - Scheduled health check for volume org.apache.hadoop.ozone.container.common.volume.HddsVolume@289fdb08
2019-09-19 13:26:06,607 [main] INFO  impl.RaftServerProxy (ConfUtils.java:logGet(43)) - raft.rpc.type = GRPC (default)
2019-09-19 13:26:06,675 [main] INFO  grpc.GrpcFactory (GrpcFactory.java:checkPooledByteBufAllocatorUseCacheForAllThreads(45)) - PERFORMANCE WARNING: useCacheForAllThreads is true that may cause Netty to create a lot garbage objects and, as a result, trigger GC.
	It is recommended to disable useCacheForAllThreads by setting -Dorg.apache.ratis.thirdparty.io.netty.allocator.useCacheForAllThreads=false in command line.
2019-09-19 13:26:06,680 [main] INFO  grpc.GrpcConfigKeys$Server (ConfUtils.java:logGet(43)) - raft.grpc.server.port = 0 (default)
2019-09-19 13:26:06,681 [main] INFO  server.GrpcService (ConfUtils.java:logGet(43)) - raft.grpc.message.size.max = 33570816 (custom)
2019-09-19 13:26:06,682 [main] INFO  server.RaftServerConfigKeys (ConfUtils.java:logGet(43)) - raft.server.log.appender.buffer.byte-limit = 33554432 (custom)
2019-09-19 13:26:06,683 [main] INFO  server.GrpcService (ConfUtils.java:logGet(43)) - raft.grpc.flow.control.window = 1MB (=1048576) (default)
2019-09-19 13:26:06,684 [main] INFO  server.RaftServerConfigKeys (ConfUtils.java:logGet(43)) - raft.server.rpc.request.timeout = 3000ms (default)
2019-09-19 13:26:06,834 [main] INFO  server.RaftServerConfigKeys (ConfUtils.java:logGet(43)) - raft.server.storage.dir = [/workdir/hadoop-ozone/integration-test/target/test-dir/MiniOzoneClusterImpl-0b0855db-21d1-4d4e-a30c-b213e2aa266a/datanode-0/data/ratis] (custom)
2019-09-19 13:26:06,886 [main] INFO  hdfs.DFSUtil (DFSUtil.java:httpServerTemplateForNNAndJN(1641)) - Starting Web-server for hddsDatanode at: http://0.0.0.0:0
2019-09-19 13:26:06,888 [main] INFO  server.AuthenticationFilter (AuthenticationFilter.java:constructSecretProvider(240)) - Unable to initialize FileSignerSecretProvider, falling back to use random secrets.
2019-09-19 13:26:06,889 [main] WARN  http.HttpRequestLog (HttpRequestLog.java:getRequestLog(97)) - Jetty request log can only be enabled using Log4j
2019-09-19 13:26:06,890 [main] INFO  http.HttpServer2 (HttpServer2.java:addGlobalFilter(975)) - Added global filter 'safety' (class=org.apache.hadoop.http.HttpServer2$QuotingInputFilter)
2019-09-19 13:26:06,891 [main] INFO  http.HttpServer2 (HttpServer2.java:addFilter(948)) - Added filter static_user_filter (class=org.apache.hadoop.http.lib.StaticUserWebFilter$StaticUserFilter) to context hddsDatanode
2019-09-19 13:26:06,891 [main] INFO  http.HttpServer2 (HttpServer2.java:addFilter(958)) - Added filter static_user_filter (class=org.apache.hadoop.http.lib.StaticUserWebFilter$StaticUserFilter) to context logs
2019-09-19 13:26:06,891 [main] INFO  http.HttpServer2 (HttpServer2.java:addFilter(958)) - Added filter static_user_filter (class=org.apache.hadoop.http.lib.StaticUserWebFilter$StaticUserFilter) to context static
2019-09-19 13:26:06,892 [main] INFO  http.HttpServer2 (HttpServer2.java:bindListener(1191)) - Jetty bound to port 44026
2019-09-19 13:26:06,892 [main] INFO  server.Server (Server.java:doStart(351)) - jetty-9.3.24.v20180605, build timestamp: 2018-06-05T17:11:56Z, git hash: 84205aa28f11a4f31f2a3b86d1bba2cc8ab69827
2019-09-19 13:26:06,894 [main] INFO  handler.ContextHandler (ContextHandler.java:doStart(781)) - Started o.e.j.s.ServletContextHandler@7b6860f9{/logs,file:///workdir/hadoop-ozone/integration-test/target/log,AVAILABLE}
2019-09-19 13:26:06,894 [main] INFO  handler.ContextHandler (ContextHandler.java:doStart(781)) - Started o.e.j.s.ServletContextHandler@31ee2fdb{/static,jar:file:/home/user/.m2/repository/org/apache/hadoop/hadoop-hdds-container-service/0.5.0-SNAPSHOT/hadoop-hdds-container-service-0.5.0-SNAPSHOT.jar!/webapps/static,AVAILABLE}
2019-09-19 13:26:06,925 [main] INFO  handler.ContextHandler (ContextHandler.java:doStart(781)) - Started o.e.j.w.WebAppContext@2849434b{/,file:///tmp/jetty-0.0.0.0-44026-hddsDatanode-_-any-3657486186458190263.dir/webapp/,AVAILABLE}{/hddsDatanode}
2019-09-19 13:26:06,925 [main] INFO  server.AbstractConnector (AbstractConnector.java:doStart(278)) - Started ServerConnector@60bbacfc{HTTP/1.1,[http/1.1]}{0.0.0.0:44026}
2019-09-19 13:26:06,926 [main] INFO  server.Server (Server.java:doStart(419)) - Started @5649ms
2019-09-19 13:26:06,927 [main] WARN  impl.MetricsSystemImpl (MetricsSystemImpl.java:register(276)) - Sink prometheus already exists!
2019-09-19 13:26:06,928 [main] INFO  server.BaseHttpServer (BaseHttpServer.java:updateConnectorAddress(215)) - HTTP server of HDDSDATANODE is listening at http://0.0.0.0:44026
2019-09-19 13:26:06,929 [main] INFO  impl.MetricsSystemImpl (MetricsSystemImpl.java:init(158)) - HddsDatanode metrics system started (again)
2019-09-19 13:26:06,931 [main] INFO  ozone.HddsDatanodeService (HddsDatanodeService.java:start(184)) - HddsDatanodeService host:pr-hdds-2127-gbf5v-3232674251 ip:192.168.5.181
2019-09-19 13:26:06,933 [org.apache.hadoop.util.JvmPauseMonitor$Monitor@331e78ff] INFO  util.JvmPauseMonitor (JvmPauseMonitor.java:run(188)) - Starting JVM pause monitor
2019-09-19 13:26:06,938 [main] INFO  volume.HddsVolume (HddsVolume.java:<init>(176)) - Creating Volume: /workdir/hadoop-ozone/integration-test/target/test-dir/MiniOzoneClusterImpl-0b0855db-21d1-4d4e-a30c-b213e2aa266a/datanode-1/data/containers/hdds of  storage type : DISK and capacity : 1482555576320
2019-09-19 13:26:06,939 [main] INFO  volume.VolumeSet (VolumeSet.java:initializeVolumeSet(170)) - Added Volume : /workdir/hadoop-ozone/integration-test/target/test-dir/MiniOzoneClusterImpl-0b0855db-21d1-4d4e-a30c-b213e2aa266a/datanode-1/data/containers/hdds to VolumeSet
2019-09-19 13:26:06,939 [main] INFO  volume.ThrottledAsyncChecker (ThrottledAsyncChecker.java:schedule(139)) - Scheduling a check for org.apache.hadoop.ozone.container.common.volume.HddsVolume@6edcad64
2019-09-19 13:26:06,940 [main] INFO  volume.HddsVolumeChecker (HddsVolumeChecker.java:checkAllVolumes(202)) - Scheduled health check for volume org.apache.hadoop.ozone.container.common.volume.HddsVolume@6edcad64
2019-09-19 13:26:06,955 [main] INFO  impl.RaftServerProxy (ConfUtils.java:logGet(43)) - raft.rpc.type = GRPC (default)
2019-09-19 13:26:06,955 [main] INFO  grpc.GrpcFactory (GrpcFactory.java:checkPooledByteBufAllocatorUseCacheForAllThreads(45)) - PERFORMANCE WARNING: useCacheForAllThreads is true that may cause Netty to create a lot garbage objects and, as a result, trigger GC.
	It is recommended to disable useCacheForAllThreads by setting -Dorg.apache.ratis.thirdparty.io.netty.allocator.useCacheForAllThreads=false in command line.
2019-09-19 13:26:06,955 [main] INFO  grpc.GrpcConfigKeys$Server (ConfUtils.java:logGet(43)) - raft.grpc.server.port = 0 (default)
2019-09-19 13:26:06,956 [main] INFO  server.GrpcService (ConfUtils.java:logGet(43)) - raft.grpc.message.size.max = 33570816 (custom)
2019-09-19 13:26:06,956 [main] INFO  server.RaftServerConfigKeys (ConfUtils.java:logGet(43)) - raft.server.log.appender.buffer.byte-limit = 33554432 (custom)
2019-09-19 13:26:06,956 [main] INFO  server.GrpcService (ConfUtils.java:logGet(43)) - raft.grpc.flow.control.window = 1MB (=1048576) (default)
2019-09-19 13:26:06,956 [main] INFO  server.RaftServerConfigKeys (ConfUtils.java:logGet(43)) - raft.server.rpc.request.timeout = 3000ms (default)
2019-09-19 13:26:06,957 [main] INFO  server.RaftServerConfigKeys (ConfUtils.java:logGet(43)) - raft.server.storage.dir = [/workdir/hadoop-ozone/integration-test/target/test-dir/MiniOzoneClusterImpl-0b0855db-21d1-4d4e-a30c-b213e2aa266a/datanode-1/data/ratis] (custom)
2019-09-19 13:26:06,959 [main] INFO  hdfs.DFSUtil (DFSUtil.java:httpServerTemplateForNNAndJN(1641)) - Starting Web-server for hddsDatanode at: http://0.0.0.0:0
2019-09-19 13:26:06,960 [main] INFO  server.AuthenticationFilter (AuthenticationFilter.java:constructSecretProvider(240)) - Unable to initialize FileSignerSecretProvider, falling back to use random secrets.
2019-09-19 13:26:06,961 [main] WARN  http.HttpRequestLog (HttpRequestLog.java:getRequestLog(97)) - Jetty request log can only be enabled using Log4j
2019-09-19 13:26:06,963 [main] INFO  http.HttpServer2 (HttpServer2.java:addGlobalFilter(975)) - Added global filter 'safety' (class=org.apache.hadoop.http.HttpServer2$QuotingInputFilter)
2019-09-19 13:26:06,963 [main] INFO  http.HttpServer2 (HttpServer2.java:addFilter(948)) - Added filter static_user_filter (class=org.apache.hadoop.http.lib.StaticUserWebFilter$StaticUserFilter) to context hddsDatanode
2019-09-19 13:26:06,963 [main] INFO  http.HttpServer2 (HttpServer2.java:addFilter(958)) - Added filter static_user_filter (class=org.apache.hadoop.http.lib.StaticUserWebFilter$StaticUserFilter) to context logs
2019-09-19 13:26:06,964 [main] INFO  http.HttpServer2 (HttpServer2.java:addFilter(958)) - Added filter static_user_filter (class=org.apache.hadoop.http.lib.StaticUserWebFilter$StaticUserFilter) to context static
2019-09-19 13:26:06,964 [main] INFO  http.HttpServer2 (HttpServer2.java:bindListener(1191)) - Jetty bound to port 33144
2019-09-19 13:26:06,965 [main] INFO  server.Server (Server.java:doStart(351)) - jetty-9.3.24.v20180605, build timestamp: 2018-06-05T17:11:56Z, git hash: 84205aa28f11a4f31f2a3b86d1bba2cc8ab69827
2019-09-19 13:26:06,967 [main] INFO  handler.ContextHandler (ContextHandler.java:doStart(781)) - Started o.e.j.s.ServletContextHandler@cb7fa71{/logs,file:///workdir/hadoop-ozone/integration-test/target/log,AVAILABLE}
2019-09-19 13:26:06,968 [main] INFO  handler.ContextHandler (ContextHandler.java:doStart(781)) - Started o.e.j.s.ServletContextHandler@4b6e1c0{/static,jar:file:/home/user/.m2/repository/org/apache/hadoop/hadoop-hdds-container-service/0.5.0-SNAPSHOT/hadoop-hdds-container-service-0.5.0-SNAPSHOT.jar!/webapps/static,AVAILABLE}
2019-09-19 13:26:06,997 [main] INFO  handler.ContextHandler (ContextHandler.java:doStart(781)) - Started o.e.j.w.WebAppContext@77bbadc{/,file:///tmp/jetty-0.0.0.0-33144-hddsDatanode-_-any-4470588815118140220.dir/webapp/,AVAILABLE}{/hddsDatanode}
2019-09-19 13:26:06,998 [main] INFO  server.AbstractConnector (AbstractConnector.java:doStart(278)) - Started ServerConnector@3c3a0032{HTTP/1.1,[http/1.1]}{0.0.0.0:33144}
2019-09-19 13:26:06,999 [main] INFO  server.Server (Server.java:doStart(419)) - Started @5722ms
2019-09-19 13:26:07,000 [main] WARN  impl.MetricsSystemImpl (MetricsSystemImpl.java:register(276)) - Sink prometheus already exists!
2019-09-19 13:26:07,001 [main] INFO  server.BaseHttpServer (BaseHttpServer.java:updateConnectorAddress(215)) - HTTP server of HDDSDATANODE is listening at http://0.0.0.0:33144
2019-09-19 13:26:07,002 [main] INFO  impl.MetricsSystemImpl (MetricsSystemImpl.java:init(158)) - HddsDatanode metrics system started (again)
2019-09-19 13:26:07,004 [main] INFO  ozone.HddsDatanodeService (HddsDatanodeService.java:start(184)) - HddsDatanodeService host:pr-hdds-2127-gbf5v-3232674251 ip:192.168.5.181
2019-09-19 13:26:07,004 [org.apache.hadoop.util.JvmPauseMonitor$Monitor@6d9adccb] INFO  util.JvmPauseMonitor (JvmPauseMonitor.java:run(188)) - Starting JVM pause monitor
2019-09-19 13:26:07,011 [main] INFO  volume.HddsVolume (HddsVolume.java:<init>(176)) - Creating Volume: /workdir/hadoop-ozone/integration-test/target/test-dir/MiniOzoneClusterImpl-0b0855db-21d1-4d4e-a30c-b213e2aa266a/datanode-2/data/containers/hdds of  storage type : DISK and capacity : 1482555576320
2019-09-19 13:26:07,012 [main] INFO  volume.VolumeSet (VolumeSet.java:initializeVolumeSet(170)) - Added Volume : /workdir/hadoop-ozone/integration-test/target/test-dir/MiniOzoneClusterImpl-0b0855db-21d1-4d4e-a30c-b213e2aa266a/datanode-2/data/containers/hdds to VolumeSet
2019-09-19 13:26:07,012 [main] INFO  volume.ThrottledAsyncChecker (ThrottledAsyncChecker.java:schedule(139)) - Scheduling a check for org.apache.hadoop.ozone.container.common.volume.HddsVolume@4da6d664
2019-09-19 13:26:07,012 [main] INFO  volume.HddsVolumeChecker (HddsVolumeChecker.java:checkAllVolumes(202)) - Scheduled health check for volume org.apache.hadoop.ozone.container.common.volume.HddsVolume@4da6d664
2019-09-19 13:26:07,030 [main] INFO  impl.RaftServerProxy (ConfUtils.java:logGet(43)) - raft.rpc.type = GRPC (default)
2019-09-19 13:26:07,031 [main] INFO  grpc.GrpcFactory (GrpcFactory.java:checkPooledByteBufAllocatorUseCacheForAllThreads(45)) - PERFORMANCE WARNING: useCacheForAllThreads is true that may cause Netty to create a lot garbage objects and, as a result, trigger GC.
	It is recommended to disable useCacheForAllThreads by setting -Dorg.apache.ratis.thirdparty.io.netty.allocator.useCacheForAllThreads=false in command line.
2019-09-19 13:26:07,031 [main] INFO  grpc.GrpcConfigKeys$Server (ConfUtils.java:logGet(43)) - raft.grpc.server.port = 0 (default)
2019-09-19 13:26:07,031 [main] INFO  server.GrpcService (ConfUtils.java:logGet(43)) - raft.grpc.message.size.max = 33570816 (custom)
2019-09-19 13:26:07,032 [main] INFO  server.RaftServerConfigKeys (ConfUtils.java:logGet(43)) - raft.server.log.appender.buffer.byte-limit = 33554432 (custom)
2019-09-19 13:26:07,032 [main] INFO  server.GrpcService (ConfUtils.java:logGet(43)) - raft.grpc.flow.control.window = 1MB (=1048576) (default)
2019-09-19 13:26:07,033 [main] INFO  server.RaftServerConfigKeys (ConfUtils.java:logGet(43)) - raft.server.rpc.request.timeout = 3000ms (default)
2019-09-19 13:26:07,033 [main] INFO  server.RaftServerConfigKeys (ConfUtils.java:logGet(43)) - raft.server.storage.dir = [/workdir/hadoop-ozone/integration-test/target/test-dir/MiniOzoneClusterImpl-0b0855db-21d1-4d4e-a30c-b213e2aa266a/datanode-2/data/ratis] (custom)
2019-09-19 13:26:07,037 [main] INFO  hdfs.DFSUtil (DFSUtil.java:httpServerTemplateForNNAndJN(1641)) - Starting Web-server for hddsDatanode at: http://0.0.0.0:0
2019-09-19 13:26:07,038 [main] INFO  server.AuthenticationFilter (AuthenticationFilter.java:constructSecretProvider(240)) - Unable to initialize FileSignerSecretProvider, falling back to use random secrets.
2019-09-19 13:26:07,038 [main] WARN  http.HttpRequestLog (HttpRequestLog.java:getRequestLog(97)) - Jetty request log can only be enabled using Log4j
2019-09-19 13:26:07,040 [main] INFO  http.HttpServer2 (HttpServer2.java:addGlobalFilter(975)) - Added global filter 'safety' (class=org.apache.hadoop.http.HttpServer2$QuotingInputFilter)
2019-09-19 13:26:07,041 [main] INFO  http.HttpServer2 (HttpServer2.java:addFilter(948)) - Added filter static_user_filter (class=org.apache.hadoop.http.lib.StaticUserWebFilter$StaticUserFilter) to context hddsDatanode
2019-09-19 13:26:07,041 [main] INFO  http.HttpServer2 (HttpServer2.java:addFilter(958)) - Added filter static_user_filter (class=org.apache.hadoop.http.lib.StaticUserWebFilter$StaticUserFilter) to context static
2019-09-19 13:26:07,041 [main] INFO  http.HttpServer2 (HttpServer2.java:addFilter(958)) - Added filter static_user_filter (class=org.apache.hadoop.http.lib.StaticUserWebFilter$StaticUserFilter) to context logs
2019-09-19 13:26:07,042 [main] INFO  http.HttpServer2 (HttpServer2.java:bindListener(1191)) - Jetty bound to port 38488
2019-09-19 13:26:07,042 [main] INFO  server.Server (Server.java:doStart(351)) - jetty-9.3.24.v20180605, build timestamp: 2018-06-05T17:11:56Z, git hash: 84205aa28f11a4f31f2a3b86d1bba2cc8ab69827
2019-09-19 13:26:07,043 [Datanode State Machine Thread - 0] INFO  datanode.InitDatanodeState (InitDatanodeState.java:persistContainerDatanodeDetails(140)) - DatanodeDetails is persisted to /workdir/hadoop-ozone/integration-test/target/test-dir/MiniOzoneClusterImpl-0b0855db-21d1-4d4e-a30c-b213e2aa266a/datanode-0/meta/datanode.id
2019-09-19 13:26:07,045 [main] INFO  handler.ContextHandler (ContextHandler.java:doStart(781)) - Started o.e.j.s.ServletContextHandler@1aad0b1{/logs,file:///workdir/hadoop-ozone/integration-test/target/log,AVAILABLE}
2019-09-19 13:26:07,046 [main] INFO  handler.ContextHandler (ContextHandler.java:doStart(781)) - Started o.e.j.s.ServletContextHandler@5af8bb51{/static,jar:file:/home/user/.m2/repository/org/apache/hadoop/hadoop-hdds-container-service/0.5.0-SNAPSHOT/hadoop-hdds-container-service-0.5.0-SNAPSHOT.jar!/webapps/static,AVAILABLE}
2019-09-19 13:26:07,046 [Datanode State Machine Thread - 0] INFO  datanode.InitDatanodeState (InitDatanodeState.java:persistContainerDatanodeDetails(140)) - DatanodeDetails is persisted to /workdir/hadoop-ozone/integration-test/target/test-dir/MiniOzoneClusterImpl-0b0855db-21d1-4d4e-a30c-b213e2aa266a/datanode-1/meta/datanode.id
2019-09-19 13:26:07,076 [main] INFO  handler.ContextHandler (ContextHandler.java:doStart(781)) - Started o.e.j.w.WebAppContext@56da7487{/,file:///tmp/jetty-0.0.0.0-38488-hddsDatanode-_-any-880220090995511288.dir/webapp/,AVAILABLE}{/hddsDatanode}
2019-09-19 13:26:07,076 [main] INFO  server.AbstractConnector (AbstractConnector.java:doStart(278)) - Started ServerConnector@599e4d41{HTTP/1.1,[http/1.1]}{0.0.0.0:38488}
2019-09-19 13:26:07,077 [main] INFO  server.Server (Server.java:doStart(419)) - Started @5800ms
2019-09-19 13:26:07,078 [main] WARN  impl.MetricsSystemImpl (MetricsSystemImpl.java:register(276)) - Sink prometheus already exists!
2019-09-19 13:26:07,079 [main] INFO  server.BaseHttpServer (BaseHttpServer.java:updateConnectorAddress(215)) - HTTP server of HDDSDATANODE is listening at http://0.0.0.0:38488
2019-09-19 13:26:07,080 [main] INFO  impl.MetricsSystemImpl (MetricsSystemImpl.java:init(158)) - HddsDatanode metrics system started (again)
2019-09-19 13:26:07,083 [main] INFO  ozone.HddsDatanodeService (HddsDatanodeService.java:start(184)) - HddsDatanodeService host:pr-hdds-2127-gbf5v-3232674251 ip:192.168.5.181
2019-09-19 13:26:07,083 [org.apache.hadoop.util.JvmPauseMonitor$Monitor@34b5fc78] INFO  util.JvmPauseMonitor (JvmPauseMonitor.java:run(188)) - Starting JVM pause monitor
2019-09-19 13:26:07,086 [Datanode State Machine Thread - 0] INFO  datanode.InitDatanodeState (InitDatanodeState.java:persistContainerDatanodeDetails(140)) - DatanodeDetails is persisted to /workdir/hadoop-ozone/integration-test/target/test-dir/MiniOzoneClusterImpl-0b0855db-21d1-4d4e-a30c-b213e2aa266a/datanode-2/meta/datanode.id
2019-09-19 13:26:07,091 [main] INFO  volume.HddsVolume (HddsVolume.java:<init>(176)) - Creating Volume: /workdir/hadoop-ozone/integration-test/target/test-dir/MiniOzoneClusterImpl-0b0855db-21d1-4d4e-a30c-b213e2aa266a/datanode-3/data/containers/hdds of  storage type : DISK and capacity : 1482555576320
2019-09-19 13:26:07,091 [main] INFO  volume.VolumeSet (VolumeSet.java:initializeVolumeSet(170)) - Added Volume : /workdir/hadoop-ozone/integration-test/target/test-dir/MiniOzoneClusterImpl-0b0855db-21d1-4d4e-a30c-b213e2aa266a/datanode-3/data/containers/hdds to VolumeSet
2019-09-19 13:26:07,092 [main] INFO  volume.ThrottledAsyncChecker (ThrottledAsyncChecker.java:schedule(139)) - Scheduling a check for org.apache.hadoop.ozone.container.common.volume.HddsVolume@5a6fa56e
2019-09-19 13:26:07,092 [main] INFO  volume.HddsVolumeChecker (HddsVolumeChecker.java:checkAllVolumes(202)) - Scheduled health check for volume org.apache.hadoop.ozone.container.common.volume.HddsVolume@5a6fa56e
2019-09-19 13:26:07,105 [main] INFO  impl.RaftServerProxy (ConfUtils.java:logGet(43)) - raft.rpc.type = GRPC (default)
2019-09-19 13:26:07,106 [main] INFO  grpc.GrpcFactory (GrpcFactory.java:checkPooledByteBufAllocatorUseCacheForAllThreads(45)) - PERFORMANCE WARNING: useCacheForAllThreads is true that may cause Netty to create a lot garbage objects and, as a result, trigger GC.
	It is recommended to disable useCacheForAllThreads by setting -Dorg.apache.ratis.thirdparty.io.netty.allocator.useCacheForAllThreads=false in command line.
2019-09-19 13:26:07,106 [main] INFO  grpc.GrpcConfigKeys$Server (ConfUtils.java:logGet(43)) - raft.grpc.server.port = 0 (default)
2019-09-19 13:26:07,106 [main] INFO  server.GrpcService (ConfUtils.java:logGet(43)) - raft.grpc.message.size.max = 33570816 (custom)
2019-09-19 13:26:07,106 [main] INFO  server.RaftServerConfigKeys (ConfUtils.java:logGet(43)) - raft.server.log.appender.buffer.byte-limit = 33554432 (custom)
2019-09-19 13:26:07,107 [main] INFO  server.GrpcService (ConfUtils.java:logGet(43)) - raft.grpc.flow.control.window = 1MB (=1048576) (default)
2019-09-19 13:26:07,107 [main] INFO  server.RaftServerConfigKeys (ConfUtils.java:logGet(43)) - raft.server.rpc.request.timeout = 3000ms (default)
2019-09-19 13:26:07,107 [main] INFO  server.RaftServerConfigKeys (ConfUtils.java:logGet(43)) - raft.server.storage.dir = [/workdir/hadoop-ozone/integration-test/target/test-dir/MiniOzoneClusterImpl-0b0855db-21d1-4d4e-a30c-b213e2aa266a/datanode-3/data/ratis] (custom)
2019-09-19 13:26:07,109 [main] INFO  hdfs.DFSUtil (DFSUtil.java:httpServerTemplateForNNAndJN(1641)) - Starting Web-server for hddsDatanode at: http://0.0.0.0:0
2019-09-19 13:26:07,110 [main] INFO  server.AuthenticationFilter (AuthenticationFilter.java:constructSecretProvider(240)) - Unable to initialize FileSignerSecretProvider, falling back to use random secrets.
2019-09-19 13:26:07,110 [main] WARN  http.HttpRequestLog (HttpRequestLog.java:getRequestLog(97)) - Jetty request log can only be enabled using Log4j
2019-09-19 13:26:07,112 [main] INFO  http.HttpServer2 (HttpServer2.java:addGlobalFilter(975)) - Added global filter 'safety' (class=org.apache.hadoop.http.HttpServer2$QuotingInputFilter)
2019-09-19 13:26:07,113 [main] INFO  http.HttpServer2 (HttpServer2.java:addFilter(948)) - Added filter static_user_filter (class=org.apache.hadoop.http.lib.StaticUserWebFilter$StaticUserFilter) to context hddsDatanode
2019-09-19 13:26:07,113 [main] INFO  http.HttpServer2 (HttpServer2.java:addFilter(958)) - Added filter static_user_filter (class=org.apache.hadoop.http.lib.StaticUserWebFilter$StaticUserFilter) to context logs
2019-09-19 13:26:07,113 [main] INFO  http.HttpServer2 (HttpServer2.java:addFilter(958)) - Added filter static_user_filter (class=org.apache.hadoop.http.lib.StaticUserWebFilter$StaticUserFilter) to context static
2019-09-19 13:26:07,114 [main] INFO  http.HttpServer2 (HttpServer2.java:bindListener(1191)) - Jetty bound to port 45432
2019-09-19 13:26:07,114 [main] INFO  server.Server (Server.java:doStart(351)) - jetty-9.3.24.v20180605, build timestamp: 2018-06-05T17:11:56Z, git hash: 84205aa28f11a4f31f2a3b86d1bba2cc8ab69827
2019-09-19 13:26:07,118 [main] INFO  handler.ContextHandler (ContextHandler.java:doStart(781)) - Started o.e.j.s.ServletContextHandler@4ce94d2f{/logs,file:///workdir/hadoop-ozone/integration-test/target/log,AVAILABLE}
2019-09-19 13:26:07,118 [main] INFO  handler.ContextHandler (ContextHandler.java:doStart(781)) - Started o.e.j.s.ServletContextHandler@3cd9aa64{/static,jar:file:/home/user/.m2/repository/org/apache/hadoop/hadoop-hdds-container-service/0.5.0-SNAPSHOT/hadoop-hdds-container-service-0.5.0-SNAPSHOT.jar!/webapps/static,AVAILABLE}
2019-09-19 13:26:07,147 [main] INFO  handler.ContextHandler (ContextHandler.java:doStart(781)) - Started o.e.j.w.WebAppContext@20ab3e3a{/,file:///tmp/jetty-0.0.0.0-45432-hddsDatanode-_-any-3403122984495266608.dir/webapp/,AVAILABLE}{/hddsDatanode}
2019-09-19 13:26:07,148 [main] INFO  server.AbstractConnector (AbstractConnector.java:doStart(278)) - Started ServerConnector@6caf7803{HTTP/1.1,[http/1.1]}{0.0.0.0:45432}
2019-09-19 13:26:07,149 [main] INFO  server.Server (Server.java:doStart(419)) - Started @5872ms
2019-09-19 13:26:07,151 [main] WARN  impl.MetricsSystemImpl (MetricsSystemImpl.java:register(276)) - Sink prometheus already exists!
2019-09-19 13:26:07,152 [main] INFO  server.BaseHttpServer (BaseHttpServer.java:updateConnectorAddress(215)) - HTTP server of HDDSDATANODE is listening at http://0.0.0.0:45432
2019-09-19 13:26:07,154 [main] INFO  ozone.MiniOzoneClusterImpl (MiniOzoneClusterImpl.java:lambda$waitForClusterToBeReady$0(145)) - Waiting for cluster to be ready. Got 0 of 4 DN Heartbeats.
2019-09-19 13:26:07,155 [org.apache.hadoop.util.JvmPauseMonitor$Monitor@6ec53798] INFO  util.JvmPauseMonitor (JvmPauseMonitor.java:run(188)) - Starting JVM pause monitor
2019-09-19 13:26:07,157 [Datanode State Machine Thread - 0] INFO  datanode.InitDatanodeState (InitDatanodeState.java:persistContainerDatanodeDetails(140)) - DatanodeDetails is persisted to /workdir/hadoop-ozone/integration-test/target/test-dir/MiniOzoneClusterImpl-0b0855db-21d1-4d4e-a30c-b213e2aa266a/datanode-3/meta/datanode.id
2019-09-19 13:26:08,154 [main] INFO  ozone.MiniOzoneClusterImpl (MiniOzoneClusterImpl.java:lambda$waitForClusterToBeReady$0(145)) - Waiting for cluster to be ready. Got 0 of 4 DN Heartbeats.
2019-09-19 13:26:08,992 [Datanode State Machine Thread - 0] INFO  ozoneimpl.OzoneContainer (OzoneContainer.java:start(217)) - Attempting to start container services.
2019-09-19 13:26:08,995 [Datanode State Machine Thread - 0] INFO  ozoneimpl.OzoneContainer (OzoneContainer.java:startContainerScrub(179)) - Background container scanner has been disabled.
2019-09-19 13:26:08,996 [Datanode State Machine Thread - 0] INFO  ratis.XceiverServerRatis (XceiverServerRatis.java:start(411)) - Starting XceiverServerRatis 8e2c8569-b56d-4caa-8510-f5a0514c4132 at port 0
2019-09-19 13:26:09,023 [Datanode State Machine Thread - 0] INFO  ozoneimpl.OzoneContainer (OzoneContainer.java:start(217)) - Attempting to start container services.
2019-09-19 13:26:09,033 [Datanode State Machine Thread - 0] INFO  ozoneimpl.OzoneContainer (OzoneContainer.java:startContainerScrub(179)) - Background container scanner has been disabled.
2019-09-19 13:26:09,034 [Datanode State Machine Thread - 0] INFO  impl.RaftServerProxy (RaftServerProxy.java:lambda$start$3(299)) - 8e2c8569-b56d-4caa-8510-f5a0514c4132: start RPC server
2019-09-19 13:26:09,034 [Datanode State Machine Thread - 0] INFO  ratis.XceiverServerRatis (XceiverServerRatis.java:start(411)) - Starting XceiverServerRatis 696a3a0c-936b-4864-a843-1f7076bcd00a at port 0
2019-09-19 13:26:09,046 [Datanode State Machine Thread - 0] INFO  impl.RaftServerProxy (RaftServerProxy.java:lambda$start$3(299)) - 696a3a0c-936b-4864-a843-1f7076bcd00a: start RPC server
2019-09-19 13:26:09,100 [Datanode State Machine Thread - 0] INFO  ozoneimpl.OzoneContainer (OzoneContainer.java:start(217)) - Attempting to start container services.
2019-09-19 13:26:09,102 [Datanode State Machine Thread - 0] INFO  ozoneimpl.OzoneContainer (OzoneContainer.java:startContainerScrub(179)) - Background container scanner has been disabled.
2019-09-19 13:26:09,102 [Datanode State Machine Thread - 0] INFO  ratis.XceiverServerRatis (XceiverServerRatis.java:start(411)) - Starting XceiverServerRatis 37dc332b-bfed-4dfc-81f7-bf33614aca4c at port 0
2019-09-19 13:26:09,111 [Datanode State Machine Thread - 0] INFO  impl.RaftServerProxy (RaftServerProxy.java:lambda$start$3(299)) - 37dc332b-bfed-4dfc-81f7-bf33614aca4c: start RPC server
2019-09-19 13:26:09,155 [main] INFO  ozone.MiniOzoneClusterImpl (MiniOzoneClusterImpl.java:lambda$waitForClusterToBeReady$0(145)) - Waiting for cluster to be ready. Got 0 of 4 DN Heartbeats.
2019-09-19 13:26:09,173 [Datanode State Machine Thread - 0] INFO  ozoneimpl.OzoneContainer (OzoneContainer.java:start(217)) - Attempting to start container services.
2019-09-19 13:26:09,174 [Datanode State Machine Thread - 0] INFO  ozoneimpl.OzoneContainer (OzoneContainer.java:startContainerScrub(179)) - Background container scanner has been disabled.
2019-09-19 13:26:09,175 [Datanode State Machine Thread - 0] INFO  ratis.XceiverServerRatis (XceiverServerRatis.java:start(411)) - Starting XceiverServerRatis 1f9acb71-0682-4e3f-a92c-28dcdab1fe2b at port 0
2019-09-19 13:26:09,187 [Datanode State Machine Thread - 0] INFO  impl.RaftServerProxy (RaftServerProxy.java:lambda$start$3(299)) - 1f9acb71-0682-4e3f-a92c-28dcdab1fe2b: start RPC server
2019-09-19 13:26:09,194 [Datanode State Machine Thread - 0] INFO  server.GrpcService (GrpcService.java:startImpl(158)) - 8e2c8569-b56d-4caa-8510-f5a0514c4132: GrpcService started, listening on 0.0.0.0/0.0.0.0:33755
2019-09-19 13:26:09,194 [Datanode State Machine Thread - 0] INFO  server.GrpcService (GrpcService.java:startImpl(158)) - 1f9acb71-0682-4e3f-a92c-28dcdab1fe2b: GrpcService started, listening on 0.0.0.0/0.0.0.0:40589
2019-09-19 13:26:09,194 [Datanode State Machine Thread - 0] INFO  server.GrpcService (GrpcService.java:startImpl(158)) - 696a3a0c-936b-4864-a843-1f7076bcd00a: GrpcService started, listening on 0.0.0.0/0.0.0.0:33112
2019-09-19 13:26:09,194 [Datanode State Machine Thread - 0] INFO  server.GrpcService (GrpcService.java:startImpl(158)) - 37dc332b-bfed-4dfc-81f7-bf33614aca4c: GrpcService started, listening on 0.0.0.0/0.0.0.0:35506
2019-09-19 13:26:09,196 [Datanode State Machine Thread - 0] INFO  ratis.XceiverServerRatis (XceiverServerRatis.java:start(421)) - XceiverServerRatis 696a3a0c-936b-4864-a843-1f7076bcd00a is started using port 33112
2019-09-19 13:26:09,196 [Datanode State Machine Thread - 0] INFO  ratis.XceiverServerRatis (XceiverServerRatis.java:start(421)) - XceiverServerRatis 1f9acb71-0682-4e3f-a92c-28dcdab1fe2b is started using port 40589
2019-09-19 13:26:09,195 [Datanode State Machine Thread - 0] INFO  ratis.XceiverServerRatis (XceiverServerRatis.java:start(421)) - XceiverServerRatis 8e2c8569-b56d-4caa-8510-f5a0514c4132 is started using port 33755
2019-09-19 13:26:09,196 [Datanode State Machine Thread - 0] INFO  ratis.XceiverServerRatis (XceiverServerRatis.java:start(421)) - XceiverServerRatis 37dc332b-bfed-4dfc-81f7-bf33614aca4c is started using port 35506
2019-09-19 13:26:09,204 [Datanode State Machine Thread - 0] INFO  server.XceiverServerGrpc (XceiverServerGrpc.java:start(163)) - XceiverServerGrpc 37dc332b-bfed-4dfc-81f7-bf33614aca4c is started using port 40102
2019-09-19 13:26:09,205 [Datanode State Machine Thread - 0] INFO  server.XceiverServerGrpc (XceiverServerGrpc.java:start(163)) - XceiverServerGrpc 696a3a0c-936b-4864-a843-1f7076bcd00a is started using port 34892
2019-09-19 13:26:09,205 [Datanode State Machine Thread - 0] INFO  server.XceiverServerGrpc (XceiverServerGrpc.java:start(163)) - XceiverServerGrpc 1f9acb71-0682-4e3f-a92c-28dcdab1fe2b is started using port 46774
2019-09-19 13:26:09,204 [Datanode State Machine Thread - 0] INFO  server.XceiverServerGrpc (XceiverServerGrpc.java:start(163)) - XceiverServerGrpc 8e2c8569-b56d-4caa-8510-f5a0514c4132 is started using port 35575
2019-09-19 13:26:10,155 [main] INFO  ozone.MiniOzoneClusterImpl (MiniOzoneClusterImpl.java:lambda$waitForClusterToBeReady$0(145)) - Waiting for cluster to be ready. Got 0 of 4 DN Heartbeats.
2019-09-19 13:26:10,975 [IPC Server handler 19 on 37713] INFO  net.NetworkTopology (NetworkTopologyImpl.java:add(111)) - Added a new node: /default-rack/8e2c8569-b56d-4caa-8510-f5a0514c4132
2019-09-19 13:26:10,975 [IPC Server handler 19 on 37713] INFO  node.SCMNodeManager (SCMNodeManager.java:register(266)) - Registered Data node : 8e2c8569-b56d-4caa-8510-f5a0514c4132{ip: 192.168.5.181, host: pr-hdds-2127-gbf5v-3232674251, networkLocation: /default-rack, certSerialId: null}
2019-09-19 13:26:10,979 [EventQueue-NodeRegistrationContainerReportForDataNodeSafeModeRule] INFO  safemode.SCMSafeModeManager (DataNodeSafeModeRule.java:process(71)) - SCM in safe mode. 1 DataNodes registered, 1 required.
2019-09-19 13:26:10,979 [EventQueue-NodeRegistrationContainerReportForDataNodeSafeModeRule] INFO  safemode.SCMSafeModeManager (SCMSafeModeManager.java:validateSafeModeExitRules(177)) - ScmSafeModeManager, all rules are successfully validated
2019-09-19 13:26:10,980 [EventQueue-NodeRegistrationContainerReportForDataNodeSafeModeRule] INFO  safemode.SCMSafeModeManager (SCMSafeModeManager.java:exitSafeMode(193)) - SCM exiting safe mode.
2019-09-19 13:26:11,006 [IPC Server handler 16 on 37713] INFO  net.NetworkTopology (NetworkTopologyImpl.java:add(111)) - Added a new node: /default-rack/696a3a0c-936b-4864-a843-1f7076bcd00a
2019-09-19 13:26:11,006 [IPC Server handler 16 on 37713] INFO  node.SCMNodeManager (SCMNodeManager.java:register(266)) - Registered Data node : 696a3a0c-936b-4864-a843-1f7076bcd00a{ip: 192.168.5.181, host: pr-hdds-2127-gbf5v-3232674251, networkLocation: /default-rack, certSerialId: null}
2019-09-19 13:26:11,087 [IPC Server handler 17 on 37713] INFO  net.NetworkTopology (NetworkTopologyImpl.java:add(111)) - Added a new node: /default-rack/37dc332b-bfed-4dfc-81f7-bf33614aca4c
2019-09-19 13:26:11,087 [IPC Server handler 17 on 37713] INFO  node.SCMNodeManager (SCMNodeManager.java:register(266)) - Registered Data node : 37dc332b-bfed-4dfc-81f7-bf33614aca4c{ip: 192.168.5.181, host: pr-hdds-2127-gbf5v-3232674251, networkLocation: /default-rack, certSerialId: null}
2019-09-19 13:26:11,156 [main] INFO  ozone.MiniOzoneClusterImpl (MiniOzoneClusterImpl.java:lambda$waitForClusterToBeReady$0(145)) - Waiting for cluster to be ready. Got 3 of 4 DN Heartbeats.
2019-09-19 13:26:11,157 [IPC Server handler 12 on 37713] INFO  net.NetworkTopology (NetworkTopologyImpl.java:add(111)) - Added a new node: /default-rack/1f9acb71-0682-4e3f-a92c-28dcdab1fe2b
2019-09-19 13:26:11,157 [IPC Server handler 12 on 37713] INFO  node.SCMNodeManager (SCMNodeManager.java:register(266)) - Registered Data node : 1f9acb71-0682-4e3f-a92c-28dcdab1fe2b{ip: 192.168.5.181, host: pr-hdds-2127-gbf5v-3232674251, networkLocation: /default-rack, certSerialId: null}
2019-09-19 13:26:11,486 [grpc-default-executor-0] INFO  impl.RaftServerProxy (RaftServerProxy.java:addNew(89)) - 8e2c8569-b56d-4caa-8510-f5a0514c4132: addNew group-2B8D1748994A:[8e2c8569-b56d-4caa-8510-f5a0514c4132:192.168.5.181:33755] returns group-2B8D1748994A:java.util.concurrent.CompletableFuture@5eb9eb8a[Not completed]
2019-09-19 13:26:11,500 [pool-27-thread-1] INFO  impl.RaftServerImpl (RaftServerImpl.java:<init>(95)) - 8e2c8569-b56d-4caa-8510-f5a0514c4132: new RaftServerImpl for group-2B8D1748994A:[8e2c8569-b56d-4caa-8510-f5a0514c4132:192.168.5.181:33755] with ContainerStateMachine:uninitialized
2019-09-19 13:26:11,503 [pool-27-thread-1] INFO  server.RaftServerConfigKeys (ConfUtils.java:logGet(43)) - raft.server.rpc.timeout.min = 5s (custom)
2019-09-19 13:26:11,504 [pool-27-thread-1] INFO  server.RaftServerConfigKeys (ConfUtils.java:logGet(43)) - raft.server.rpc.timeout.max = 5200ms (custom)
2019-09-19 13:26:11,505 [pool-27-thread-1] INFO  server.RaftServerConfigKeys (ConfUtils.java:logGet(43)) - raft.server.rpcslowness.timeout = 1000s (custom)
2019-09-19 13:26:11,505 [pool-27-thread-1] INFO  server.RaftServerConfigKeys (ConfUtils.java:logGet(43)) - raft.server.sleep.deviation.threshold = 300 (default)
2019-09-19 13:26:11,506 [pool-27-thread-1] INFO  server.RaftServerConfigKeys (ConfUtils.java:logGet(43)) - raft.server.log.appender.install.snapshot.enabled = false (custom)
2019-09-19 13:26:11,515 [pool-27-thread-1] INFO  impl.RaftServerImpl (ServerState.java:<init>(103)) - 8e2c8569-b56d-4caa-8510-f5a0514c4132@group-2B8D1748994A: ConfigurationManager, init=-1: [8e2c8569-b56d-4caa-8510-f5a0514c4132:192.168.5.181:33755], old=null, confs=<EMPTY_MAP>
2019-09-19 13:26:11,515 [pool-27-thread-1] INFO  server.RaftServerConfigKeys (ConfUtils.java:logGet(43)) - raft.server.storage.dir = [/workdir/hadoop-ozone/integration-test/target/test-dir/MiniOzoneClusterImpl-0b0855db-21d1-4d4e-a30c-b213e2aa266a/datanode-0/data/ratis] (custom)
2019-09-19 13:26:11,523 [pool-27-thread-1] INFO  storage.RaftStorageDirectory (RaftStorageDirectory.java:analyzeStorage(246)) - The storage directory /workdir/hadoop-ozone/integration-test/target/test-dir/MiniOzoneClusterImpl-0b0855db-21d1-4d4e-a30c-b213e2aa266a/datanode-0/data/ratis/26b0cec1-15ec-4ec8-a008-2b8d1748994a does not exist. Creating ...
2019-09-19 13:26:11,559 [pool-27-thread-1] INFO  storage.RaftStorageDirectory (RaftStorageDirectory.java:tryLock(328)) - Lock on /workdir/hadoop-ozone/integration-test/target/test-dir/MiniOzoneClusterImpl-0b0855db-21d1-4d4e-a30c-b213e2aa266a/datanode-0/data/ratis/26b0cec1-15ec-4ec8-a008-2b8d1748994a/in_use.lock acquired by nodename 30857@pr-hdds-2127-gbf5v-3232674251
2019-09-19 13:26:11,576 [pool-27-thread-1] INFO  storage.RaftStorage (RaftStorage.java:format(72)) - Storage directory /workdir/hadoop-ozone/integration-test/target/test-dir/MiniOzoneClusterImpl-0b0855db-21d1-4d4e-a30c-b213e2aa266a/datanode-0/data/ratis/26b0cec1-15ec-4ec8-a008-2b8d1748994a has been successfully formatted.
2019-09-19 13:26:11,579 [pool-27-thread-1] INFO  ratis.ContainerStateMachine (ContainerStateMachine.java:loadSnapshot(230)) - group-2B8D1748994A: The snapshot info is null. Setting the last applied indexto:(t:0, i:~)
2019-09-19 13:26:11,580 [pool-27-thread-1] INFO  server.RaftServerConfigKeys (ConfUtils.java:logGet(43)) - raft.server.notification.no-leader.timeout = 1000s (custom)
2019-09-19 13:26:11,583 [pool-27-thread-1] INFO  server.RaftServerConfigKeys (ConfUtils.java:logGet(43)) - raft.server.log.use.memory = false (default)
2019-09-19 13:26:11,590 [pool-27-thread-1] INFO  server.RaftServerConfigKeys (ConfUtils.java:logGet(43)) - raft.server.log.purge.gap = 1000000 (custom)
2019-09-19 13:26:11,590 [pool-27-thread-1] INFO  server.RaftServerConfigKeys (ConfUtils.java:logGet(43)) - raft.server.log.appender.buffer.byte-limit = 33554432 (custom)
2019-09-19 13:26:11,593 [pool-27-thread-1] INFO  server.RaftServerConfigKeys (ConfUtils.java:logGet(43)) - raft.server.log.segment.size.max = 1048576 (custom)
2019-09-19 13:26:11,598 [pool-27-thread-1] INFO  server.RaftServerConfigKeys (ConfUtils.java:logGet(43)) - raft.server.log.segment.cache.num.max = 2 (custom)
2019-09-19 13:26:11,605 [pool-27-thread-1] INFO  segmented.SegmentedRaftLogWorker (SegmentedRaftLogWorker.java:<init>(172)) - new 8e2c8569-b56d-4caa-8510-f5a0514c4132@group-2B8D1748994A-SegmentedRaftLogWorker for RaftStorage:Storage Directory /workdir/hadoop-ozone/integration-test/target/test-dir/MiniOzoneClusterImpl-0b0855db-21d1-4d4e-a30c-b213e2aa266a/datanode-0/data/ratis/26b0cec1-15ec-4ec8-a008-2b8d1748994a
2019-09-19 13:26:11,606 [pool-27-thread-1] INFO  impl.MetricsSystemImpl (MetricsSystemImpl.java:init(158)) - ratis metrics system started (again)
2019-09-19 13:26:11,642 [pool-27-thread-1] INFO  server.RaftServerConfigKeys (ConfUtils.java:logGet(43)) - raft.server.log.queue.byte-limit = 2147483647 (custom)
2019-09-19 13:26:11,643 [pool-27-thread-1] INFO  server.RaftServerConfigKeys (ConfUtils.java:logGet(43)) - raft.server.log.queue.element-limit = 1024 (custom)
2019-09-19 13:26:11,646 [pool-27-thread-1] INFO  server.RaftServerConfigKeys (ConfUtils.java:logGet(43)) - raft.server.log.segment.size.max = 1048576 (custom)
2019-09-19 13:26:11,646 [pool-27-thread-1] INFO  server.RaftServerConfigKeys (ConfUtils.java:logGet(43)) - raft.server.log.preallocated.size = 16384 (custom)
2019-09-19 13:26:11,647 [pool-27-thread-1] INFO  server.RaftServerConfigKeys (ConfUtils.java:logGet(43)) - raft.server.log.write.buffer.size = 33554432 (custom)
2019-09-19 13:26:11,648 [pool-27-thread-1] INFO  server.RaftServerConfigKeys (ConfUtils.java:logGet(43)) - raft.server.log.force.sync.num = 128 (default)
2019-09-19 13:26:11,648 [pool-27-thread-1] INFO  server.RaftServerConfigKeys (ConfUtils.java:logGet(43)) - raft.server.log.statemachine.data.sync = true (default)
2019-09-19 13:26:11,649 [pool-27-thread-1] INFO  server.RaftServerConfigKeys (ConfUtils.java:logGet(43)) - raft.server.log.statemachine.data.sync.timeout = 10s (default)
2019-09-19 13:26:11,649 [pool-27-thread-1] INFO  server.RaftServerConfigKeys (ConfUtils.java:logGet(43)) - raft.server.log.statemachine.data.sync.timeout.retry = -1 (default)
2019-09-19 13:26:11,657 [pool-27-thread-1] INFO  server.RaftServerConfigKeys (ConfUtils.java:logGet(43)) - raft.server.log.statemachine.data.caching.enabled = true (custom)
2019-09-19 13:26:11,662 [pool-27-thread-1] INFO  segmented.SegmentedRaftLogWorker (SegmentedRaftLogWorker.java:lambda$new$0(132)) - 8e2c8569-b56d-4caa-8510-f5a0514c4132@group-2B8D1748994A-SegmentedRaftLogWorker: flushIndex: setUnconditionally 0 -> -1
2019-09-19 13:26:11,666 [pool-27-thread-1] INFO  server.RaftServerConfigKeys (ConfUtils.java:logGet(43)) - raft.server.snapshot.auto.trigger.enabled = true (custom)
2019-09-19 13:26:11,667 [pool-27-thread-1] INFO  server.RaftServerConfigKeys (ConfUtils.java:logGet(43)) - raft.server.snapshot.auto.trigger.threshold = 10000 (custom)
2019-09-19 13:26:11,667 [pool-27-thread-1] INFO  server.RaftServerConfigKeys (ConfUtils.java:logGet(43)) - raft.server.snapshot.retention.num.files = 5 (custom)
2019-09-19 13:26:11,668 [pool-27-thread-1] INFO  server.RaftServerConfigKeys (ConfUtils.java:logGet(43)) - raft.server.retrycache.expirytime = 600000ms (custom)
2019-09-19 13:26:11,692 [pool-27-thread-1] INFO  impl.RaftServerImpl (RaftServerImpl.java:start(185)) - 8e2c8569-b56d-4caa-8510-f5a0514c4132@group-2B8D1748994A: start as a follower, conf=-1: [8e2c8569-b56d-4caa-8510-f5a0514c4132:192.168.5.181:33755], old=null
2019-09-19 13:26:11,693 [pool-27-thread-1] INFO  impl.RaftServerImpl (RaftServerImpl.java:setRole(174)) - 8e2c8569-b56d-4caa-8510-f5a0514c4132@group-2B8D1748994A: changes role from      null to FOLLOWER at term 0 for startAsFollower
2019-09-19 13:26:11,694 [pool-27-thread-1] INFO  impl.RoleInfo (RoleInfo.java:updateAndGet(143)) - 8e2c8569-b56d-4caa-8510-f5a0514c4132: start FollowerState
2019-09-19 13:26:11,695 [pool-27-thread-1] INFO  util.JmxRegister (JmxRegister.java:tryRegister(44)) - Successfully registered JMX Bean with object name Ratis:service=RaftServer,group=group-2B8D1748994A,id=8e2c8569-b56d-4caa-8510-f5a0514c4132
2019-09-19 13:26:11,762 [RatisPipelineUtilsThread] INFO  pipeline.PipelineStateManager (PipelineStateManager.java:addPipeline(56)) - Created pipeline Pipeline[ Id: 26b0cec1-15ec-4ec8-a008-2b8d1748994a, Nodes: 8e2c8569-b56d-4caa-8510-f5a0514c4132{ip: 192.168.5.181, host: pr-hdds-2127-gbf5v-3232674251, networkLocation: /default-rack, certSerialId: null}, Type:RATIS, Factor:ONE, State:OPEN]
2019-09-19 13:26:11,784 [grpc-default-executor-0] INFO  impl.RaftServerProxy (RaftServerProxy.java:addNew(89)) - 37dc332b-bfed-4dfc-81f7-bf33614aca4c: addNew group-E7E75AC8F841:[37dc332b-bfed-4dfc-81f7-bf33614aca4c:192.168.5.181:35506] returns group-E7E75AC8F841:java.util.concurrent.CompletableFuture@6ddc49d9[Not completed]
2019-09-19 13:26:11,821 [pool-47-thread-1] INFO  impl.RaftServerImpl (RaftServerImpl.java:<init>(95)) - 37dc332b-bfed-4dfc-81f7-bf33614aca4c: new RaftServerImpl for group-E7E75AC8F841:[37dc332b-bfed-4dfc-81f7-bf33614aca4c:192.168.5.181:35506] with ContainerStateMachine:uninitialized
2019-09-19 13:26:11,827 [pool-47-thread-1] INFO  server.RaftServerConfigKeys (ConfUtils.java:logGet(43)) - raft.server.rpc.timeout.min = 5s (custom)
2019-09-19 13:26:11,827 [pool-47-thread-1] INFO  server.RaftServerConfigKeys (ConfUtils.java:logGet(43)) - raft.server.rpc.timeout.max = 5200ms (custom)
2019-09-19 13:26:11,827 [pool-47-thread-1] INFO  server.RaftServerConfigKeys (ConfUtils.java:logGet(43)) - raft.server.rpcslowness.timeout = 1000s (custom)
2019-09-19 13:26:11,827 [pool-47-thread-1] INFO  server.RaftServerConfigKeys (ConfUtils.java:logGet(43)) - raft.server.sleep.deviation.threshold = 300 (default)
2019-09-19 13:26:11,827 [pool-47-thread-1] INFO  server.RaftServerConfigKeys (ConfUtils.java:logGet(43)) - raft.server.log.appender.install.snapshot.enabled = false (custom)
2019-09-19 13:26:11,827 [pool-47-thread-1] INFO  impl.RaftServerImpl (ServerState.java:<init>(103)) - 37dc332b-bfed-4dfc-81f7-bf33614aca4c@group-E7E75AC8F841: ConfigurationManager, init=-1: [37dc332b-bfed-4dfc-81f7-bf33614aca4c:192.168.5.181:35506], old=null, confs=<EMPTY_MAP>
2019-09-19 13:26:11,828 [pool-47-thread-1] INFO  server.RaftServerConfigKeys (ConfUtils.java:logGet(43)) - raft.server.storage.dir = [/workdir/hadoop-ozone/integration-test/target/test-dir/MiniOzoneClusterImpl-0b0855db-21d1-4d4e-a30c-b213e2aa266a/datanode-2/data/ratis] (custom)
2019-09-19 13:26:11,828 [pool-47-thread-1] INFO  storage.RaftStorageDirectory (RaftStorageDirectory.java:analyzeStorage(246)) - The storage directory /workdir/hadoop-ozone/integration-test/target/test-dir/MiniOzoneClusterImpl-0b0855db-21d1-4d4e-a30c-b213e2aa266a/datanode-2/data/ratis/ca4d46b0-5578-4e88-8d10-e7e75ac8f841 does not exist. Creating ...
2019-09-19 13:26:11,853 [pool-47-thread-1] INFO  storage.RaftStorageDirectory (RaftStorageDirectory.java:tryLock(328)) - Lock on /workdir/hadoop-ozone/integration-test/target/test-dir/MiniOzoneClusterImpl-0b0855db-21d1-4d4e-a30c-b213e2aa266a/datanode-2/data/ratis/ca4d46b0-5578-4e88-8d10-e7e75ac8f841/in_use.lock acquired by nodename 30857@pr-hdds-2127-gbf5v-3232674251
2019-09-19 13:26:11,866 [pool-47-thread-1] INFO  storage.RaftStorage (RaftStorage.java:format(72)) - Storage directory /workdir/hadoop-ozone/integration-test/target/test-dir/MiniOzoneClusterImpl-0b0855db-21d1-4d4e-a30c-b213e2aa266a/datanode-2/data/ratis/ca4d46b0-5578-4e88-8d10-e7e75ac8f841 has been successfully formatted.
2019-09-19 13:26:11,868 [pool-47-thread-1] INFO  ratis.ContainerStateMachine (ContainerStateMachine.java:loadSnapshot(230)) - group-E7E75AC8F841: The snapshot info is null. Setting the last applied indexto:(t:0, i:~)
2019-09-19 13:26:11,869 [pool-47-thread-1] INFO  server.RaftServerConfigKeys (ConfUtils.java:logGet(43)) - raft.server.notification.no-leader.timeout = 1000s (custom)
2019-09-19 13:26:11,870 [pool-47-thread-1] INFO  server.RaftServerConfigKeys (ConfUtils.java:logGet(43)) - raft.server.log.use.memory = false (default)
2019-09-19 13:26:11,870 [pool-47-thread-1] INFO  server.RaftServerConfigKeys (ConfUtils.java:logGet(43)) - raft.server.log.purge.gap = 1000000 (custom)
2019-09-19 13:26:11,870 [pool-47-thread-1] INFO  server.RaftServerConfigKeys (ConfUtils.java:logGet(43)) - raft.server.log.appender.buffer.byte-limit = 33554432 (custom)
2019-09-19 13:26:11,870 [pool-47-thread-1] INFO  server.RaftServerConfigKeys (ConfUtils.java:logGet(43)) - raft.server.log.segment.size.max = 1048576 (custom)
2019-09-19 13:26:11,870 [pool-47-thread-1] INFO  server.RaftServerConfigKeys (ConfUtils.java:logGet(43)) - raft.server.log.segment.cache.num.max = 2 (custom)
2019-09-19 13:26:11,870 [pool-47-thread-1] INFO  segmented.SegmentedRaftLogWorker (SegmentedRaftLogWorker.java:<init>(172)) - new 37dc332b-bfed-4dfc-81f7-bf33614aca4c@group-E7E75AC8F841-SegmentedRaftLogWorker for RaftStorage:Storage Directory /workdir/hadoop-ozone/integration-test/target/test-dir/MiniOzoneClusterImpl-0b0855db-21d1-4d4e-a30c-b213e2aa266a/datanode-2/data/ratis/ca4d46b0-5578-4e88-8d10-e7e75ac8f841
2019-09-19 13:26:11,875 [pool-47-thread-1] INFO  server.RaftServerConfigKeys (ConfUtils.java:logGet(43)) - raft.server.log.queue.byte-limit = 2147483647 (custom)
2019-09-19 13:26:11,875 [pool-47-thread-1] INFO  server.RaftServerConfigKeys (ConfUtils.java:logGet(43)) - raft.server.log.queue.element-limit = 1024 (custom)
2019-09-19 13:26:11,875 [pool-47-thread-1] INFO  server.RaftServerConfigKeys (ConfUtils.java:logGet(43)) - raft.server.log.segment.size.max = 1048576 (custom)
2019-09-19 13:26:11,876 [pool-47-thread-1] INFO  server.RaftServerConfigKeys (ConfUtils.java:logGet(43)) - raft.server.log.preallocated.size = 16384 (custom)
2019-09-19 13:26:11,876 [pool-47-thread-1] INFO  server.RaftServerConfigKeys (ConfUtils.java:logGet(43)) - raft.server.log.write.buffer.size = 33554432 (custom)
2019-09-19 13:26:11,876 [pool-47-thread-1] INFO  server.RaftServerConfigKeys (ConfUtils.java:logGet(43)) - raft.server.log.force.sync.num = 128 (default)
2019-09-19 13:26:11,876 [pool-47-thread-1] INFO  server.RaftServerConfigKeys (ConfUtils.java:logGet(43)) - raft.server.log.statemachine.data.sync = true (default)
2019-09-19 13:26:11,876 [pool-47-thread-1] INFO  server.RaftServerConfigKeys (ConfUtils.java:logGet(43)) - raft.server.log.statemachine.data.sync.timeout = 10s (default)
2019-09-19 13:26:11,876 [pool-47-thread-1] INFO  server.RaftServerConfigKeys (ConfUtils.java:logGet(43)) - raft.server.log.statemachine.data.sync.timeout.retry = -1 (default)
2019-09-19 13:26:11,876 [pool-47-thread-1] INFO  server.RaftServerConfigKeys (ConfUtils.java:logGet(43)) - raft.server.log.statemachine.data.caching.enabled = true (custom)
2019-09-19 13:26:11,877 [pool-47-thread-1] INFO  segmented.SegmentedRaftLogWorker (SegmentedRaftLogWorker.java:lambda$new$0(132)) - 37dc332b-bfed-4dfc-81f7-bf33614aca4c@group-E7E75AC8F841-SegmentedRaftLogWorker: flushIndex: setUnconditionally 0 -> -1
2019-09-19 13:26:11,877 [pool-47-thread-1] INFO  server.RaftServerConfigKeys (ConfUtils.java:logGet(43)) - raft.server.snapshot.auto.trigger.enabled = true (custom)
2019-09-19 13:26:11,877 [pool-47-thread-1] INFO  server.RaftServerConfigKeys (ConfUtils.java:logGet(43)) - raft.server.snapshot.auto.trigger.threshold = 10000 (custom)
2019-09-19 13:26:11,877 [pool-47-thread-1] INFO  server.RaftServerConfigKeys (ConfUtils.java:logGet(43)) - raft.server.snapshot.retention.num.files = 5 (custom)
2019-09-19 13:26:11,877 [pool-47-thread-1] INFO  server.RaftServerConfigKeys (ConfUtils.java:logGet(43)) - raft.server.retrycache.expirytime = 600000ms (custom)
2019-09-19 13:26:11,881 [pool-47-thread-1] INFO  impl.RaftServerImpl (RaftServerImpl.java:start(185)) - 37dc332b-bfed-4dfc-81f7-bf33614aca4c@group-E7E75AC8F841: start as a follower, conf=-1: [37dc332b-bfed-4dfc-81f7-bf33614aca4c:192.168.5.181:35506], old=null
2019-09-19 13:26:11,881 [pool-47-thread-1] INFO  impl.RaftServerImpl (RaftServerImpl.java:setRole(174)) - 37dc332b-bfed-4dfc-81f7-bf33614aca4c@group-E7E75AC8F841: changes role from      null to FOLLOWER at term 0 for startAsFollower
2019-09-19 13:26:11,881 [pool-47-thread-1] INFO  impl.RoleInfo (RoleInfo.java:updateAndGet(143)) - 37dc332b-bfed-4dfc-81f7-bf33614aca4c: start FollowerState
2019-09-19 13:26:11,883 [pool-47-thread-1] INFO  util.JmxRegister (JmxRegister.java:tryRegister(44)) - Successfully registered JMX Bean with object name Ratis:service=RaftServer,group=group-E7E75AC8F841,id=37dc332b-bfed-4dfc-81f7-bf33614aca4c
2019-09-19 13:26:11,893 [RatisPipelineUtilsThread] INFO  pipeline.PipelineStateManager (PipelineStateManager.java:addPipeline(56)) - Created pipeline Pipeline[ Id: ca4d46b0-5578-4e88-8d10-e7e75ac8f841, Nodes: 37dc332b-bfed-4dfc-81f7-bf33614aca4c{ip: 192.168.5.181, host: pr-hdds-2127-gbf5v-3232674251, networkLocation: /default-rack, certSerialId: null}, Type:RATIS, Factor:ONE, State:OPEN]
2019-09-19 13:26:11,912 [grpc-default-executor-0] INFO  impl.RaftServerProxy (RaftServerProxy.java:addNew(89)) - 696a3a0c-936b-4864-a843-1f7076bcd00a: addNew group-EFE96096BE1D:[696a3a0c-936b-4864-a843-1f7076bcd00a:192.168.5.181:33112] returns group-EFE96096BE1D:java.util.concurrent.CompletableFuture@114e0f9e[Not completed]
2019-09-19 13:26:11,934 [pool-37-thread-1] INFO  impl.RaftServerImpl (RaftServerImpl.java:<init>(95)) - 696a3a0c-936b-4864-a843-1f7076bcd00a: new RaftServerImpl for group-EFE96096BE1D:[696a3a0c-936b-4864-a843-1f7076bcd00a:192.168.5.181:33112] with ContainerStateMachine:uninitialized
2019-09-19 13:26:11,939 [pool-37-thread-1] INFO  server.RaftServerConfigKeys (ConfUtils.java:logGet(43)) - raft.server.rpc.timeout.min = 5s (custom)
2019-09-19 13:26:11,939 [pool-37-thread-1] INFO  server.RaftServerConfigKeys (ConfUtils.java:logGet(43)) - raft.server.rpc.timeout.max = 5200ms (custom)
2019-09-19 13:26:11,939 [pool-37-thread-1] INFO  server.RaftServerConfigKeys (ConfUtils.java:logGet(43)) - raft.server.rpcslowness.timeout = 1000s (custom)
2019-09-19 13:26:11,939 [pool-37-thread-1] INFO  server.RaftServerConfigKeys (ConfUtils.java:logGet(43)) - raft.server.sleep.deviation.threshold = 300 (default)
2019-09-19 13:26:11,940 [pool-37-thread-1] INFO  server.RaftServerConfigKeys (ConfUtils.java:logGet(43)) - raft.server.log.appender.install.snapshot.enabled = false (custom)
2019-09-19 13:26:11,940 [pool-37-thread-1] INFO  impl.RaftServerImpl (ServerState.java:<init>(103)) - 696a3a0c-936b-4864-a843-1f7076bcd00a@group-EFE96096BE1D: ConfigurationManager, init=-1: [696a3a0c-936b-4864-a843-1f7076bcd00a:192.168.5.181:33112], old=null, confs=<EMPTY_MAP>
2019-09-19 13:26:11,940 [pool-37-thread-1] INFO  server.RaftServerConfigKeys (ConfUtils.java:logGet(43)) - raft.server.storage.dir = [/workdir/hadoop-ozone/integration-test/target/test-dir/MiniOzoneClusterImpl-0b0855db-21d1-4d4e-a30c-b213e2aa266a/datanode-1/data/ratis] (custom)
2019-09-19 13:26:11,940 [pool-37-thread-1] INFO  storage.RaftStorageDirectory (RaftStorageDirectory.java:analyzeStorage(246)) - The storage directory /workdir/hadoop-ozone/integration-test/target/test-dir/MiniOzoneClusterImpl-0b0855db-21d1-4d4e-a30c-b213e2aa266a/datanode-1/data/ratis/1cb5da2c-ec91-4c82-a7ef-efe96096be1d does not exist. Creating ...
2019-09-19 13:26:11,962 [pool-37-thread-1] INFO  storage.RaftStorageDirectory (RaftStorageDirectory.java:tryLock(328)) - Lock on /workdir/hadoop-ozone/integration-test/target/test-dir/MiniOzoneClusterImpl-0b0855db-21d1-4d4e-a30c-b213e2aa266a/datanode-1/data/ratis/1cb5da2c-ec91-4c82-a7ef-efe96096be1d/in_use.lock acquired by nodename 30857@pr-hdds-2127-gbf5v-3232674251
2019-09-19 13:26:11,978 [pool-37-thread-1] INFO  storage.RaftStorage (RaftStorage.java:format(72)) - Storage directory /workdir/hadoop-ozone/integration-test/target/test-dir/MiniOzoneClusterImpl-0b0855db-21d1-4d4e-a30c-b213e2aa266a/datanode-1/data/ratis/1cb5da2c-ec91-4c82-a7ef-efe96096be1d has been successfully formatted.
2019-09-19 13:26:11,979 [pool-37-thread-1] INFO  ratis.ContainerStateMachine (ContainerStateMachine.java:loadSnapshot(230)) - group-EFE96096BE1D: The snapshot info is null. Setting the last applied indexto:(t:0, i:~)
2019-09-19 13:26:11,979 [pool-37-thread-1] INFO  server.RaftServerConfigKeys (ConfUtils.java:logGet(43)) - raft.server.notification.no-leader.timeout = 1000s (custom)
2019-09-19 13:26:11,979 [pool-37-thread-1] INFO  server.RaftServerConfigKeys (ConfUtils.java:logGet(43)) - raft.server.log.use.memory = false (default)
2019-09-19 13:26:11,980 [pool-37-thread-1] INFO  server.RaftServerConfigKeys (ConfUtils.java:logGet(43)) - raft.server.log.purge.gap = 1000000 (custom)
2019-09-19 13:26:11,980 [pool-37-thread-1] INFO  server.RaftServerConfigKeys (ConfUtils.java:logGet(43)) - raft.server.log.appender.buffer.byte-limit = 33554432 (custom)
2019-09-19 13:26:11,980 [pool-37-thread-1] INFO  server.RaftServerConfigKeys (ConfUtils.java:logGet(43)) - raft.server.log.segment.size.max = 1048576 (custom)
2019-09-19 13:26:11,980 [pool-37-thread-1] INFO  server.RaftServerConfigKeys (ConfUtils.java:logGet(43)) - raft.server.log.segment.cache.num.max = 2 (custom)
2019-09-19 13:26:11,980 [pool-37-thread-1] INFO  segmented.SegmentedRaftLogWorker (SegmentedRaftLogWorker.java:<init>(172)) - new 696a3a0c-936b-4864-a843-1f7076bcd00a@group-EFE96096BE1D-SegmentedRaftLogWorker for RaftStorage:Storage Directory /workdir/hadoop-ozone/integration-test/target/test-dir/MiniOzoneClusterImpl-0b0855db-21d1-4d4e-a30c-b213e2aa266a/datanode-1/data/ratis/1cb5da2c-ec91-4c82-a7ef-efe96096be1d
2019-09-19 13:26:12,013 [pool-37-thread-1] INFO  server.RaftServerConfigKeys (ConfUtils.java:logGet(43)) - raft.server.log.queue.byte-limit = 2147483647 (custom)
2019-09-19 13:26:12,013 [pool-37-thread-1] INFO  server.RaftServerConfigKeys (ConfUtils.java:logGet(43)) - raft.server.log.queue.element-limit = 1024 (custom)
2019-09-19 13:26:12,013 [pool-37-thread-1] INFO  server.RaftServerConfigKeys (ConfUtils.java:logGet(43)) - raft.server.log.segment.size.max = 1048576 (custom)
2019-09-19 13:26:12,013 [pool-37-thread-1] INFO  server.RaftServerConfigKeys (ConfUtils.java:logGet(43)) - raft.server.log.preallocated.size = 16384 (custom)
2019-09-19 13:26:12,014 [pool-37-thread-1] INFO  server.RaftServerConfigKeys (ConfUtils.java:logGet(43)) - raft.server.log.write.buffer.size = 33554432 (custom)
2019-09-19 13:26:12,014 [pool-37-thread-1] INFO  server.RaftServerConfigKeys (ConfUtils.java:logGet(43)) - raft.server.log.force.sync.num = 128 (default)
2019-09-19 13:26:12,014 [pool-37-thread-1] INFO  server.RaftServerConfigKeys (ConfUtils.java:logGet(43)) - raft.server.log.statemachine.data.sync = true (default)
2019-09-19 13:26:12,014 [pool-37-thread-1] INFO  server.RaftServerConfigKeys (ConfUtils.java:logGet(43)) - raft.server.log.statemachine.data.sync.timeout = 10s (default)
2019-09-19 13:26:12,014 [pool-37-thread-1] INFO  server.RaftServerConfigKeys (ConfUtils.java:logGet(43)) - raft.server.log.statemachine.data.sync.timeout.retry = -1 (default)
2019-09-19 13:26:12,015 [pool-37-thread-1] INFO  server.RaftServerConfigKeys (ConfUtils.java:logGet(43)) - raft.server.log.statemachine.data.caching.enabled = true (custom)
2019-09-19 13:26:12,024 [pool-37-thread-1] INFO  segmented.SegmentedRaftLogWorker (SegmentedRaftLogWorker.java:lambda$new$0(132)) - 696a3a0c-936b-4864-a843-1f7076bcd00a@group-EFE96096BE1D-SegmentedRaftLogWorker: flushIndex: setUnconditionally 0 -> -1
2019-09-19 13:26:12,024 [pool-37-thread-1] INFO  server.RaftServerConfigKeys (ConfUtils.java:logGet(43)) - raft.server.snapshot.auto.trigger.enabled = true (custom)
2019-09-19 13:26:12,024 [pool-37-thread-1] INFO  server.RaftServerConfigKeys (ConfUtils.java:logGet(43)) - raft.server.snapshot.auto.trigger.threshold = 10000 (custom)
2019-09-19 13:26:12,024 [pool-37-thread-1] INFO  server.RaftServerConfigKeys (ConfUtils.java:logGet(43)) - raft.server.snapshot.retention.num.files = 5 (custom)
2019-09-19 13:26:12,025 [pool-37-thread-1] INFO  server.RaftServerConfigKeys (ConfUtils.java:logGet(43)) - raft.server.retrycache.expirytime = 600000ms (custom)
2019-09-19 13:26:12,029 [pool-37-thread-1] INFO  impl.RaftServerImpl (RaftServerImpl.java:start(185)) - 696a3a0c-936b-4864-a843-1f7076bcd00a@group-EFE96096BE1D: start as a follower, conf=-1: [696a3a0c-936b-4864-a843-1f7076bcd00a:192.168.5.181:33112], old=null
2019-09-19 13:26:12,029 [pool-37-thread-1] INFO  impl.RaftServerImpl (RaftServerImpl.java:setRole(174)) - 696a3a0c-936b-4864-a843-1f7076bcd00a@group-EFE96096BE1D: changes role from      null to FOLLOWER at term 0 for startAsFollower
2019-09-19 13:26:12,029 [pool-37-thread-1] INFO  impl.RoleInfo (RoleInfo.java:updateAndGet(143)) - 696a3a0c-936b-4864-a843-1f7076bcd00a: start FollowerState
2019-09-19 13:26:12,030 [pool-37-thread-1] INFO  util.JmxRegister (JmxRegister.java:tryRegister(44)) - Successfully registered JMX Bean with object name Ratis:service=RaftServer,group=group-EFE96096BE1D,id=696a3a0c-936b-4864-a843-1f7076bcd00a
2019-09-19 13:26:12,038 [RatisPipelineUtilsThread] INFO  pipeline.PipelineStateManager (PipelineStateManager.java:addPipeline(56)) - Created pipeline Pipeline[ Id: 1cb5da2c-ec91-4c82-a7ef-efe96096be1d, Nodes: 696a3a0c-936b-4864-a843-1f7076bcd00a{ip: 192.168.5.181, host: pr-hdds-2127-gbf5v-3232674251, networkLocation: /default-rack, certSerialId: null}, Type:RATIS, Factor:ONE, State:OPEN]
2019-09-19 13:26:12,054 [grpc-default-executor-0] INFO  impl.RaftServerProxy (RaftServerProxy.java:addNew(89)) - 1f9acb71-0682-4e3f-a92c-28dcdab1fe2b: addNew group-CC0E9F224F37:[1f9acb71-0682-4e3f-a92c-28dcdab1fe2b:192.168.5.181:40589] returns group-CC0E9F224F37:java.util.concurrent.CompletableFuture@5afb59be[Not completed]
2019-09-19 13:26:12,056 [pool-57-thread-1] INFO  impl.RaftServerImpl (RaftServerImpl.java:<init>(95)) - 1f9acb71-0682-4e3f-a92c-28dcdab1fe2b: new RaftServerImpl for group-CC0E9F224F37:[1f9acb71-0682-4e3f-a92c-28dcdab1fe2b:192.168.5.181:40589] with ContainerStateMachine:uninitialized
2019-09-19 13:26:12,056 [pool-57-thread-1] INFO  server.RaftServerConfigKeys (ConfUtils.java:logGet(43)) - raft.server.rpc.timeout.min = 5s (custom)
2019-09-19 13:26:12,056 [pool-57-thread-1] INFO  server.RaftServerConfigKeys (ConfUtils.java:logGet(43)) - raft.server.rpc.timeout.max = 5200ms (custom)
2019-09-19 13:26:12,056 [pool-57-thread-1] INFO  server.RaftServerConfigKeys (ConfUtils.java:logGet(43)) - raft.server.rpcslowness.timeout = 1000s (custom)
2019-09-19 13:26:12,056 [pool-57-thread-1] INFO  server.RaftServerConfigKeys (ConfUtils.java:logGet(43)) - raft.server.sleep.deviation.threshold = 300 (default)
2019-09-19 13:26:12,056 [pool-57-thread-1] INFO  server.RaftServerConfigKeys (ConfUtils.java:logGet(43)) - raft.server.log.appender.install.snapshot.enabled = false (custom)
2019-09-19 13:26:12,056 [pool-57-thread-1] INFO  impl.RaftServerImpl (ServerState.java:<init>(103)) - 1f9acb71-0682-4e3f-a92c-28dcdab1fe2b@group-CC0E9F224F37: ConfigurationManager, init=-1: [1f9acb71-0682-4e3f-a92c-28dcdab1fe2b:192.168.5.181:40589], old=null, confs=<EMPTY_MAP>
2019-09-19 13:26:12,057 [pool-57-thread-1] INFO  server.RaftServerConfigKeys (ConfUtils.java:logGet(43)) - raft.server.storage.dir = [/workdir/hadoop-ozone/integration-test/target/test-dir/MiniOzoneClusterImpl-0b0855db-21d1-4d4e-a30c-b213e2aa266a/datanode-3/data/ratis] (custom)
2019-09-19 13:26:12,057 [pool-57-thread-1] INFO  storage.RaftStorageDirectory (RaftStorageDirectory.java:analyzeStorage(246)) - The storage directory /workdir/hadoop-ozone/integration-test/target/test-dir/MiniOzoneClusterImpl-0b0855db-21d1-4d4e-a30c-b213e2aa266a/datanode-3/data/ratis/28d4692b-921d-4b88-a773-cc0e9f224f37 does not exist. Creating ...
2019-09-19 13:26:12,070 [pool-57-thread-1] INFO  storage.RaftStorageDirectory (RaftStorageDirectory.java:tryLock(328)) - Lock on /workdir/hadoop-ozone/integration-test/target/test-dir/MiniOzoneClusterImpl-0b0855db-21d1-4d4e-a30c-b213e2aa266a/datanode-3/data/ratis/28d4692b-921d-4b88-a773-cc0e9f224f37/in_use.lock acquired by nodename 30857@pr-hdds-2127-gbf5v-3232674251
2019-09-19 13:26:12,083 [pool-57-thread-1] INFO  storage.RaftStorage (RaftStorage.java:format(72)) - Storage directory /workdir/hadoop-ozone/integration-test/target/test-dir/MiniOzoneClusterImpl-0b0855db-21d1-4d4e-a30c-b213e2aa266a/datanode-3/data/ratis/28d4692b-921d-4b88-a773-cc0e9f224f37 has been successfully formatted.
2019-09-19 13:26:12,083 [pool-57-thread-1] INFO  ratis.ContainerStateMachine (ContainerStateMachine.java:loadSnapshot(230)) - group-CC0E9F224F37: The snapshot info is null. Setting the last applied indexto:(t:0, i:~)
2019-09-19 13:26:12,083 [pool-57-thread-1] INFO  server.RaftServerConfigKeys (ConfUtils.java:logGet(43)) - raft.server.notification.no-leader.timeout = 1000s (custom)
2019-09-19 13:26:12,083 [pool-57-thread-1] INFO  server.RaftServerConfigKeys (ConfUtils.java:logGet(43)) - raft.server.log.use.memory = false (default)
2019-09-19 13:26:12,083 [pool-57-thread-1] INFO  server.RaftServerConfigKeys (ConfUtils.java:logGet(43)) - raft.server.log.purge.gap = 1000000 (custom)
2019-09-19 13:26:12,084 [pool-57-thread-1] INFO  server.RaftServerConfigKeys (ConfUtils.java:logGet(43)) - raft.server.log.appender.buffer.byte-limit = 33554432 (custom)
2019-09-19 13:26:12,084 [pool-57-thread-1] INFO  server.RaftServerConfigKeys (ConfUtils.java:logGet(43)) - raft.server.log.segment.size.max = 1048576 (custom)
2019-09-19 13:26:12,084 [pool-57-thread-1] INFO  server.RaftServerConfigKeys (ConfUtils.java:logGet(43)) - raft.server.log.segment.cache.num.max = 2 (custom)
2019-09-19 13:26:12,084 [pool-57-thread-1] INFO  segmented.SegmentedRaftLogWorker (SegmentedRaftLogWorker.java:<init>(172)) - new 1f9acb71-0682-4e3f-a92c-28dcdab1fe2b@group-CC0E9F224F37-SegmentedRaftLogWorker for RaftStorage:Storage Directory /workdir/hadoop-ozone/integration-test/target/test-dir/MiniOzoneClusterImpl-0b0855db-21d1-4d4e-a30c-b213e2aa266a/datanode-3/data/ratis/28d4692b-921d-4b88-a773-cc0e9f224f37
2019-09-19 13:26:12,088 [pool-57-thread-1] INFO  server.RaftServerConfigKeys (ConfUtils.java:logGet(43)) - raft.server.log.queue.byte-limit = 2147483647 (custom)
2019-09-19 13:26:12,088 [pool-57-thread-1] INFO  server.RaftServerConfigKeys (ConfUtils.java:logGet(43)) - raft.server.log.queue.element-limit = 1024 (custom)
2019-09-19 13:26:12,088 [pool-57-thread-1] INFO  server.RaftServerConfigKeys (ConfUtils.java:logGet(43)) - raft.server.log.segment.size.max = 1048576 (custom)
2019-09-19 13:26:12,088 [pool-57-thread-1] INFO  server.RaftServerConfigKeys (ConfUtils.java:logGet(43)) - raft.server.log.preallocated.size = 16384 (custom)
2019-09-19 13:26:12,089 [pool-57-thread-1] INFO  server.RaftServerConfigKeys (ConfUtils.java:logGet(43)) - raft.server.log.write.buffer.size = 33554432 (custom)
2019-09-19 13:26:12,089 [pool-57-thread-1] INFO  server.RaftServerConfigKeys (ConfUtils.java:logGet(43)) - raft.server.log.force.sync.num = 128 (default)
2019-09-19 13:26:12,089 [pool-57-thread-1] INFO  server.RaftServerConfigKeys (ConfUtils.java:logGet(43)) - raft.server.log.statemachine.data.sync = true (default)
2019-09-19 13:26:12,089 [pool-57-thread-1] INFO  server.RaftServerConfigKeys (ConfUtils.java:logGet(43)) - raft.server.log.statemachine.data.sync.timeout = 10s (default)
2019-09-19 13:26:12,089 [pool-57-thread-1] INFO  server.RaftServerConfigKeys (ConfUtils.java:logGet(43)) - raft.server.log.statemachine.data.sync.timeout.retry = -1 (default)
2019-09-19 13:26:12,089 [pool-57-thread-1] INFO  server.RaftServerConfigKeys (ConfUtils.java:logGet(43)) - raft.server.log.statemachine.data.caching.enabled = true (custom)
2019-09-19 13:26:12,090 [pool-57-thread-1] INFO  segmented.SegmentedRaftLogWorker (SegmentedRaftLogWorker.java:lambda$new$0(132)) - 1f9acb71-0682-4e3f-a92c-28dcdab1fe2b@group-CC0E9F224F37-SegmentedRaftLogWorker: flushIndex: setUnconditionally 0 -> -1
2019-09-19 13:26:12,090 [pool-57-thread-1] INFO  server.RaftServerConfigKeys (ConfUtils.java:logGet(43)) - raft.server.snapshot.auto.trigger.enabled = true (custom)
2019-09-19 13:26:12,090 [pool-57-thread-1] INFO  server.RaftServerConfigKeys (ConfUtils.java:logGet(43)) - raft.server.snapshot.auto.trigger.threshold = 10000 (custom)
2019-09-19 13:26:12,090 [pool-57-thread-1] INFO  server.RaftServerConfigKeys (ConfUtils.java:logGet(43)) - raft.server.snapshot.retention.num.files = 5 (custom)
2019-09-19 13:26:12,091 [pool-57-thread-1] INFO  server.RaftServerConfigKeys (ConfUtils.java:logGet(43)) - raft.server.retrycache.expirytime = 600000ms (custom)
2019-09-19 13:26:12,094 [pool-57-thread-1] INFO  impl.RaftServerImpl (RaftServerImpl.java:start(185)) - 1f9acb71-0682-4e3f-a92c-28dcdab1fe2b@group-CC0E9F224F37: start as a follower, conf=-1: [1f9acb71-0682-4e3f-a92c-28dcdab1fe2b:192.168.5.181:40589], old=null
2019-09-19 13:26:12,094 [pool-57-thread-1] INFO  impl.RaftServerImpl (RaftServerImpl.java:setRole(174)) - 1f9acb71-0682-4e3f-a92c-28dcdab1fe2b@group-CC0E9F224F37: changes role from      null to FOLLOWER at term 0 for startAsFollower
2019-09-19 13:26:12,094 [pool-57-thread-1] INFO  impl.RoleInfo (RoleInfo.java:updateAndGet(143)) - 1f9acb71-0682-4e3f-a92c-28dcdab1fe2b: start FollowerState
2019-09-19 13:26:12,095 [pool-57-thread-1] INFO  util.JmxRegister (JmxRegister.java:tryRegister(44)) - Successfully registered JMX Bean with object name Ratis:service=RaftServer,group=group-CC0E9F224F37,id=1f9acb71-0682-4e3f-a92c-28dcdab1fe2b
2019-09-19 13:26:12,108 [RatisPipelineUtilsThread] INFO  pipeline.PipelineStateManager (PipelineStateManager.java:addPipeline(56)) - Created pipeline Pipeline[ Id: 28d4692b-921d-4b88-a773-cc0e9f224f37, Nodes: 1f9acb71-0682-4e3f-a92c-28dcdab1fe2b{ip: 192.168.5.181, host: pr-hdds-2127-gbf5v-3232674251, networkLocation: /default-rack, certSerialId: null}, Type:RATIS, Factor:ONE, State:OPEN]
2019-09-19 13:26:12,150 [grpc-default-executor-1] INFO  impl.RaftServerProxy (RaftServerProxy.java:addNew(89)) - 696a3a0c-936b-4864-a843-1f7076bcd00a: addNew group-E0E80B05C055:[37dc332b-bfed-4dfc-81f7-bf33614aca4c:192.168.5.181:35506, 696a3a0c-936b-4864-a843-1f7076bcd00a:192.168.5.181:33112, 8e2c8569-b56d-4caa-8510-f5a0514c4132:192.168.5.181:33755] returns group-E0E80B05C055:java.util.concurrent.CompletableFuture@6345400b[Not completed]
2019-09-19 13:26:12,157 [main] INFO  ozone.MiniOzoneClusterImpl (MiniOzoneClusterImpl.java:lambda$waitForClusterToBeReady$0(145)) - Cluster is ready. Got 4 of 4 DN Heartbeats.
2019-09-19 13:26:12,158 [pool-37-thread-1] INFO  impl.RaftServerImpl (RaftServerImpl.java:<init>(95)) - 696a3a0c-936b-4864-a843-1f7076bcd00a: new RaftServerImpl for group-E0E80B05C055:[37dc332b-bfed-4dfc-81f7-bf33614aca4c:192.168.5.181:35506, 696a3a0c-936b-4864-a843-1f7076bcd00a:192.168.5.181:33112, 8e2c8569-b56d-4caa-8510-f5a0514c4132:192.168.5.181:33755] with ContainerStateMachine:uninitialized
2019-09-19 13:26:12,158 [grpc-default-executor-1] INFO  impl.RaftServerProxy (RaftServerProxy.java:addNew(89)) - 37dc332b-bfed-4dfc-81f7-bf33614aca4c: addNew group-E0E80B05C055:[37dc332b-bfed-4dfc-81f7-bf33614aca4c:192.168.5.181:35506, 696a3a0c-936b-4864-a843-1f7076bcd00a:192.168.5.181:33112, 8e2c8569-b56d-4caa-8510-f5a0514c4132:192.168.5.181:33755] returns group-E0E80B05C055:java.util.concurrent.CompletableFuture@2647c207[Not completed]
2019-09-19 13:26:12,158 [pool-37-thread-1] INFO  server.RaftServerConfigKeys (ConfUtils.java:logGet(43)) - raft.server.rpc.timeout.min = 5s (custom)
2019-09-19 13:26:12,158 [grpc-default-executor-2] INFO  impl.RaftServerProxy (RaftServerProxy.java:addNew(89)) - 8e2c8569-b56d-4caa-8510-f5a0514c4132: addNew group-E0E80B05C055:[37dc332b-bfed-4dfc-81f7-bf33614aca4c:192.168.5.181:35506, 696a3a0c-936b-4864-a843-1f7076bcd00a:192.168.5.181:33112, 8e2c8569-b56d-4caa-8510-f5a0514c4132:192.168.5.181:33755] returns group-E0E80B05C055:java.util.concurrent.CompletableFuture@39f3d108[Not completed]
2019-09-19 13:26:12,158 [pool-37-thread-1] INFO  server.RaftServerConfigKeys (ConfUtils.java:logGet(43)) - raft.server.rpc.timeout.max = 5200ms (custom)
2019-09-19 13:26:12,159 [pool-37-thread-1] INFO  server.RaftServerConfigKeys (ConfUtils.java:logGet(43)) - raft.server.rpcslowness.timeout = 1000s (custom)
2019-09-19 13:26:12,159 [pool-37-thread-1] INFO  server.RaftServerConfigKeys (ConfUtils.java:logGet(43)) - raft.server.sleep.deviation.threshold = 300 (default)
2019-09-19 13:26:12,159 [pool-37-thread-1] INFO  server.RaftServerConfigKeys (ConfUtils.java:logGet(43)) - raft.server.log.appender.install.snapshot.enabled = false (custom)
2019-09-19 13:26:12,159 [pool-37-thread-1] INFO  impl.RaftServerImpl (ServerState.java:<init>(103)) - 696a3a0c-936b-4864-a843-1f7076bcd00a@group-E0E80B05C055: ConfigurationManager, init=-1: [37dc332b-bfed-4dfc-81f7-bf33614aca4c:192.168.5.181:35506, 696a3a0c-936b-4864-a843-1f7076bcd00a:192.168.5.181:33112, 8e2c8569-b56d-4caa-8510-f5a0514c4132:192.168.5.181:33755], old=null, confs=<EMPTY_MAP>
2019-09-19 13:26:12,159 [pool-37-thread-1] INFO  server.RaftServerConfigKeys (ConfUtils.java:logGet(43)) - raft.server.storage.dir = [/workdir/hadoop-ozone/integration-test/target/test-dir/MiniOzoneClusterImpl-0b0855db-21d1-4d4e-a30c-b213e2aa266a/datanode-1/data/ratis] (custom)
2019-09-19 13:26:12,160 [pool-37-thread-1] INFO  storage.RaftStorageDirectory (RaftStorageDirectory.java:analyzeStorage(246)) - The storage directory /workdir/hadoop-ozone/integration-test/target/test-dir/MiniOzoneClusterImpl-0b0855db-21d1-4d4e-a30c-b213e2aa266a/datanode-1/data/ratis/59749c8c-9837-4a2e-a80c-e0e80b05c055 does not exist. Creating ...
2019-09-19 13:26:12,161 [main] INFO  container.ReplicationManager (ReplicationManager.java:start(162)) - Starting Replication Monitor Thread.
2019-09-19 13:26:12,162 [pool-47-thread-1] INFO  impl.RaftServerImpl (RaftServerImpl.java:<init>(95)) - 37dc332b-bfed-4dfc-81f7-bf33614aca4c: new RaftServerImpl for group-E0E80B05C055:[37dc332b-bfed-4dfc-81f7-bf33614aca4c:192.168.5.181:35506, 696a3a0c-936b-4864-a843-1f7076bcd00a:192.168.5.181:33112, 8e2c8569-b56d-4caa-8510-f5a0514c4132:192.168.5.181:33755] with ContainerStateMachine:uninitialized
2019-09-19 13:26:12,162 [pool-47-thread-1] INFO  server.RaftServerConfigKeys (ConfUtils.java:logGet(43)) - raft.server.rpc.timeout.min = 5s (custom)
2019-09-19 13:26:12,162 [pool-47-thread-1] INFO  server.RaftServerConfigKeys (ConfUtils.java:logGet(43)) - raft.server.rpc.timeout.max = 5200ms (custom)
2019-09-19 13:26:12,163 [pool-47-thread-1] INFO  server.RaftServerConfigKeys (ConfUtils.java:logGet(43)) - raft.server.rpcslowness.timeout = 1000s (custom)
2019-09-19 13:26:12,163 [pool-47-thread-1] INFO  server.RaftServerConfigKeys (ConfUtils.java:logGet(43)) - raft.server.sleep.deviation.threshold = 300 (default)
2019-09-19 13:26:12,163 [pool-47-thread-1] INFO  server.RaftServerConfigKeys (ConfUtils.java:logGet(43)) - raft.server.log.appender.install.snapshot.enabled = false (custom)
2019-09-19 13:26:12,163 [pool-47-thread-1] INFO  impl.RaftServerImpl (ServerState.java:<init>(103)) - 37dc332b-bfed-4dfc-81f7-bf33614aca4c@group-E0E80B05C055: ConfigurationManager, init=-1: [37dc332b-bfed-4dfc-81f7-bf33614aca4c:192.168.5.181:35506, 696a3a0c-936b-4864-a843-1f7076bcd00a:192.168.5.181:33112, 8e2c8569-b56d-4caa-8510-f5a0514c4132:192.168.5.181:33755], old=null, confs=<EMPTY_MAP>
2019-09-19 13:26:12,163 [pool-27-thread-1] INFO  impl.RaftServerImpl (RaftServerImpl.java:<init>(95)) - 8e2c8569-b56d-4caa-8510-f5a0514c4132: new RaftServerImpl for group-E0E80B05C055:[37dc332b-bfed-4dfc-81f7-bf33614aca4c:192.168.5.181:35506, 696a3a0c-936b-4864-a843-1f7076bcd00a:192.168.5.181:33112, 8e2c8569-b56d-4caa-8510-f5a0514c4132:192.168.5.181:33755] with ContainerStateMachine:uninitialized
2019-09-19 13:26:12,163 [pool-47-thread-1] INFO  server.RaftServerConfigKeys (ConfUtils.java:logGet(43)) - raft.server.storage.dir = [/workdir/hadoop-ozone/integration-test/target/test-dir/MiniOzoneClusterImpl-0b0855db-21d1-4d4e-a30c-b213e2aa266a/datanode-2/data/ratis] (custom)
2019-09-19 13:26:12,163 [pool-27-thread-1] INFO  server.RaftServerConfigKeys (ConfUtils.java:logGet(43)) - raft.server.rpc.timeout.min = 5s (custom)
2019-09-19 13:26:12,163 [ReplicationMonitor] INFO  container.ReplicationManager (ReplicationManager.java:run(225)) - Replication Monitor Thread took 1 milliseconds for processing 0 containers.
2019-09-19 13:26:12,164 [pool-27-thread-1] INFO  server.RaftServerConfigKeys (ConfUtils.java:logGet(43)) - raft.server.rpc.timeout.max = 5200ms (custom)
2019-09-19 13:26:12,164 [pool-47-thread-1] INFO  storage.RaftStorageDirectory (RaftStorageDirectory.java:analyzeStorage(246)) - The storage directory /workdir/hadoop-ozone/integration-test/target/test-dir/MiniOzoneClusterImpl-0b0855db-21d1-4d4e-a30c-b213e2aa266a/datanode-2/data/ratis/59749c8c-9837-4a2e-a80c-e0e80b05c055 does not exist. Creating ...
2019-09-19 13:26:12,164 [pool-27-thread-1] INFO  server.RaftServerConfigKeys (ConfUtils.java:logGet(43)) - raft.server.rpcslowness.timeout = 1000s (custom)
2019-09-19 13:26:12,164 [pool-27-thread-1] INFO  server.RaftServerConfigKeys (ConfUtils.java:logGet(43)) - raft.server.sleep.deviation.threshold = 300 (default)
2019-09-19 13:26:12,164 [pool-27-thread-1] INFO  server.RaftServerConfigKeys (ConfUtils.java:logGet(43)) - raft.server.log.appender.install.snapshot.enabled = false (custom)
2019-09-19 13:26:12,164 [pool-27-thread-1] INFO  impl.RaftServerImpl (ServerState.java:<init>(103)) - 8e2c8569-b56d-4caa-8510-f5a0514c4132@group-E0E80B05C055: ConfigurationManager, init=-1: [37dc332b-bfed-4dfc-81f7-bf33614aca4c:192.168.5.181:35506, 696a3a0c-936b-4864-a843-1f7076bcd00a:192.168.5.181:33112, 8e2c8569-b56d-4caa-8510-f5a0514c4132:192.168.5.181:33755], old=null, confs=<EMPTY_MAP>
2019-09-19 13:26:12,165 [pool-27-thread-1] INFO  server.RaftServerConfigKeys (ConfUtils.java:logGet(43)) - raft.server.storage.dir = [/workdir/hadoop-ozone/integration-test/target/test-dir/MiniOzoneClusterImpl-0b0855db-21d1-4d4e-a30c-b213e2aa266a/datanode-0/data/ratis] (custom)
2019-09-19 13:26:12,165 [pool-27-thread-1] INFO  storage.RaftStorageDirectory (RaftStorageDirectory.java:analyzeStorage(246)) - The storage directory /workdir/hadoop-ozone/integration-test/target/test-dir/MiniOzoneClusterImpl-0b0855db-21d1-4d4e-a30c-b213e2aa266a/datanode-0/data/ratis/59749c8c-9837-4a2e-a80c-e0e80b05c055 does not exist. Creating ...
2019-09-19 13:26:12,178 [pool-27-thread-1] INFO  storage.RaftStorageDirectory (RaftStorageDirectory.java:tryLock(328)) - Lock on /workdir/hadoop-ozone/integration-test/target/test-dir/MiniOzoneClusterImpl-0b0855db-21d1-4d4e-a30c-b213e2aa266a/datanode-0/data/ratis/59749c8c-9837-4a2e-a80c-e0e80b05c055/in_use.lock acquired by nodename 30857@pr-hdds-2127-gbf5v-3232674251
2019-09-19 13:26:12,178 [pool-37-thread-1] INFO  storage.RaftStorageDirectory (RaftStorageDirectory.java:tryLock(328)) - Lock on /workdir/hadoop-ozone/integration-test/target/test-dir/MiniOzoneClusterImpl-0b0855db-21d1-4d4e-a30c-b213e2aa266a/datanode-1/data/ratis/59749c8c-9837-4a2e-a80c-e0e80b05c055/in_use.lock acquired by nodename 30857@pr-hdds-2127-gbf5v-3232674251
2019-09-19 13:26:12,178 [pool-47-thread-1] INFO  storage.RaftStorageDirectory (RaftStorageDirectory.java:tryLock(328)) - Lock on /workdir/hadoop-ozone/integration-test/target/test-dir/MiniOzoneClusterImpl-0b0855db-21d1-4d4e-a30c-b213e2aa266a/datanode-2/data/ratis/59749c8c-9837-4a2e-a80c-e0e80b05c055/in_use.lock acquired by nodename 30857@pr-hdds-2127-gbf5v-3232674251
2019-09-19 13:26:12,192 [pool-37-thread-1] INFO  storage.RaftStorage (RaftStorage.java:format(72)) - Storage directory /workdir/hadoop-ozone/integration-test/target/test-dir/MiniOzoneClusterImpl-0b0855db-21d1-4d4e-a30c-b213e2aa266a/datanode-1/data/ratis/59749c8c-9837-4a2e-a80c-e0e80b05c055 has been successfully formatted.
2019-09-19 13:26:12,192 [pool-47-thread-1] INFO  storage.RaftStorage (RaftStorage.java:format(72)) - Storage directory /workdir/hadoop-ozone/integration-test/target/test-dir/MiniOzoneClusterImpl-0b0855db-21d1-4d4e-a30c-b213e2aa266a/datanode-2/data/ratis/59749c8c-9837-4a2e-a80c-e0e80b05c055 has been successfully formatted.
2019-09-19 13:26:12,192 [pool-27-thread-1] INFO  storage.RaftStorage (RaftStorage.java:format(72)) - Storage directory /workdir/hadoop-ozone/integration-test/target/test-dir/MiniOzoneClusterImpl-0b0855db-21d1-4d4e-a30c-b213e2aa266a/datanode-0/data/ratis/59749c8c-9837-4a2e-a80c-e0e80b05c055 has been successfully formatted.
2019-09-19 13:26:12,192 [pool-37-thread-1] INFO  ratis.ContainerStateMachine (ContainerStateMachine.java:loadSnapshot(230)) - group-E0E80B05C055: The snapshot info is null. Setting the last applied indexto:(t:0, i:~)
2019-09-19 13:26:12,192 [pool-47-thread-1] INFO  ratis.ContainerStateMachine (ContainerStateMachine.java:loadSnapshot(230)) - group-E0E80B05C055: The snapshot info is null. Setting the last applied indexto:(t:0, i:~)
2019-09-19 13:26:12,192 [pool-37-thread-1] INFO  server.RaftServerConfigKeys (ConfUtils.java:logGet(43)) - raft.server.notification.no-leader.timeout = 1000s (custom)
2019-09-19 13:26:12,192 [pool-27-thread-1] INFO  ratis.ContainerStateMachine (ContainerStateMachine.java:loadSnapshot(230)) - group-E0E80B05C055: The snapshot info is null. Setting the last applied indexto:(t:0, i:~)
2019-09-19 13:26:12,193 [pool-37-thread-1] INFO  server.RaftServerConfigKeys (ConfUtils.java:logGet(43)) - raft.server.log.use.memory = false (default)
2019-09-19 13:26:12,192 [pool-47-thread-1] INFO  server.RaftServerConfigKeys (ConfUtils.java:logGet(43)) - raft.server.notification.no-leader.timeout = 1000s (custom)
2019-09-19 13:26:12,193 [pool-37-thread-1] INFO  server.RaftServerConfigKeys (ConfUtils.java:logGet(43)) - raft.server.log.purge.gap = 1000000 (custom)
2019-09-19 13:26:12,193 [pool-27-thread-1] INFO  server.RaftServerConfigKeys (ConfUtils.java:logGet(43)) - raft.server.notification.no-leader.timeout = 1000s (custom)
2019-09-19 13:26:12,193 [pool-37-thread-1] INFO  server.RaftServerConfigKeys (ConfUtils.java:logGet(43)) - raft.server.log.appender.buffer.byte-limit = 33554432 (custom)
2019-09-19 13:26:12,193 [pool-47-thread-1] INFO  server.RaftServerConfigKeys (ConfUtils.java:logGet(43)) - raft.server.log.use.memory = false (default)
2019-09-19 13:26:12,193 [pool-37-thread-1] INFO  server.RaftServerConfigKeys (ConfUtils.java:logGet(43)) - raft.server.log.segment.size.max = 1048576 (custom)
2019-09-19 13:26:12,193 [pool-27-thread-1] INFO  server.RaftServerConfigKeys (ConfUtils.java:logGet(43)) - raft.server.log.use.memory = false (default)
2019-09-19 13:26:12,193 [pool-37-thread-1] INFO  server.RaftServerConfigKeys (ConfUtils.java:logGet(43)) - raft.server.log.segment.cache.num.max = 2 (custom)
2019-09-19 13:26:12,193 [pool-47-thread-1] INFO  server.RaftServerConfigKeys (ConfUtils.java:logGet(43)) - raft.server.log.purge.gap = 1000000 (custom)
2019-09-19 13:26:12,194 [pool-37-thread-1] INFO  segmented.SegmentedRaftLogWorker (SegmentedRaftLogWorker.java:<init>(172)) - new 696a3a0c-936b-4864-a843-1f7076bcd00a@group-E0E80B05C055-SegmentedRaftLogWorker for RaftStorage:Storage Directory /workdir/hadoop-ozone/integration-test/target/test-dir/MiniOzoneClusterImpl-0b0855db-21d1-4d4e-a30c-b213e2aa266a/datanode-1/data/ratis/59749c8c-9837-4a2e-a80c-e0e80b05c055
2019-09-19 13:26:12,193 [pool-27-thread-1] INFO  server.RaftServerConfigKeys (ConfUtils.java:logGet(43)) - raft.server.log.purge.gap = 1000000 (custom)
2019-09-19 13:26:12,194 [pool-37-thread-1] INFO  server.RaftServerConfigKeys (ConfUtils.java:logGet(43)) - raft.server.log.queue.byte-limit = 2147483647 (custom)
2019-09-19 13:26:12,194 [pool-47-thread-1] INFO  server.RaftServerConfigKeys (ConfUtils.java:logGet(43)) - raft.server.log.appender.buffer.byte-limit = 33554432 (custom)
2019-09-19 13:26:12,194 [pool-37-thread-1] INFO  server.RaftServerConfigKeys (ConfUtils.java:logGet(43)) - raft.server.log.queue.element-limit = 1024 (custom)
2019-09-19 13:26:12,194 [pool-27-thread-1] INFO  server.RaftServerConfigKeys (ConfUtils.java:logGet(43)) - raft.server.log.appender.buffer.byte-limit = 33554432 (custom)
2019-09-19 13:26:12,194 [pool-37-thread-1] INFO  server.RaftServerConfigKeys (ConfUtils.java:logGet(43)) - raft.server.log.segment.size.max = 1048576 (custom)
2019-09-19 13:26:12,194 [pool-47-thread-1] INFO  server.RaftServerConfigKeys (ConfUtils.java:logGet(43)) - raft.server.log.segment.size.max = 1048576 (custom)
2019-09-19 13:26:12,194 [pool-37-thread-1] INFO  server.RaftServerConfigKeys (ConfUtils.java:logGet(43)) - raft.server.log.preallocated.size = 16384 (custom)
2019-09-19 13:26:12,194 [pool-27-thread-1] INFO  server.RaftServerConfigKeys (ConfUtils.java:logGet(43)) - raft.server.log.segment.size.max = 1048576 (custom)
2019-09-19 13:26:12,195 [pool-37-thread-1] INFO  server.RaftServerConfigKeys (ConfUtils.java:logGet(43)) - raft.server.log.write.buffer.size = 33554432 (custom)
2019-09-19 13:26:12,195 [pool-47-thread-1] INFO  server.RaftServerConfigKeys (ConfUtils.java:logGet(43)) - raft.server.log.segment.cache.num.max = 2 (custom)
2019-09-19 13:26:12,195 [pool-37-thread-1] INFO  server.RaftServerConfigKeys (ConfUtils.java:logGet(43)) - raft.server.log.force.sync.num = 128 (default)
2019-09-19 13:26:12,195 [pool-27-thread-1] INFO  server.RaftServerConfigKeys (ConfUtils.java:logGet(43)) - raft.server.log.segment.cache.num.max = 2 (custom)
2019-09-19 13:26:12,195 [pool-37-thread-1] INFO  server.RaftServerConfigKeys (ConfUtils.java:logGet(43)) - raft.server.log.statemachine.data.sync = true (default)
2019-09-19 13:26:12,195 [pool-47-thread-1] INFO  segmented.SegmentedRaftLogWorker (SegmentedRaftLogWorker.java:<init>(172)) - new 37dc332b-bfed-4dfc-81f7-bf33614aca4c@group-E0E80B05C055-SegmentedRaftLogWorker for RaftStorage:Storage Directory /workdir/hadoop-ozone/integration-test/target/test-dir/MiniOzoneClusterImpl-0b0855db-21d1-4d4e-a30c-b213e2aa266a/datanode-2/data/ratis/59749c8c-9837-4a2e-a80c-e0e80b05c055
2019-09-19 13:26:12,195 [pool-37-thread-1] INFO  server.RaftServerConfigKeys (ConfUtils.java:logGet(43)) - raft.server.log.statemachine.data.sync.timeout = 10s (default)
2019-09-19 13:26:12,195 [pool-27-thread-1] INFO  segmented.SegmentedRaftLogWorker (SegmentedRaftLogWorker.java:<init>(172)) - new 8e2c8569-b56d-4caa-8510-f5a0514c4132@group-E0E80B05C055-SegmentedRaftLogWorker for RaftStorage:Storage Directory /workdir/hadoop-ozone/integration-test/target/test-dir/MiniOzoneClusterImpl-0b0855db-21d1-4d4e-a30c-b213e2aa266a/datanode-0/data/ratis/59749c8c-9837-4a2e-a80c-e0e80b05c055
2019-09-19 13:26:12,196 [pool-37-thread-1] INFO  server.RaftServerConfigKeys (ConfUtils.java:logGet(43)) - raft.server.log.statemachine.data.sync.timeout.retry = -1 (default)
2019-09-19 13:26:12,195 [pool-47-thread-1] INFO  server.RaftServerConfigKeys (ConfUtils.java:logGet(43)) - raft.server.log.queue.byte-limit = 2147483647 (custom)
2019-09-19 13:26:12,196 [pool-37-thread-1] INFO  server.RaftServerConfigKeys (ConfUtils.java:logGet(43)) - raft.server.log.statemachine.data.caching.enabled = true (custom)
2019-09-19 13:26:12,196 [pool-27-thread-1] INFO  server.RaftServerConfigKeys (ConfUtils.java:logGet(43)) - raft.server.log.queue.byte-limit = 2147483647 (custom)
2019-09-19 13:26:12,196 [pool-47-thread-1] INFO  server.RaftServerConfigKeys (ConfUtils.java:logGet(43)) - raft.server.log.queue.element-limit = 1024 (custom)
2019-09-19 13:26:12,196 [pool-37-thread-1] INFO  segmented.SegmentedRaftLogWorker (SegmentedRaftLogWorker.java:lambda$new$0(132)) - 696a3a0c-936b-4864-a843-1f7076bcd00a@group-E0E80B05C055-SegmentedRaftLogWorker: flushIndex: setUnconditionally 0 -> -1
2019-09-19 13:26:12,196 [pool-27-thread-1] INFO  server.RaftServerConfigKeys (ConfUtils.java:logGet(43)) - raft.server.log.queue.element-limit = 1024 (custom)
2019-09-19 13:26:12,196 [pool-47-thread-1] INFO  server.RaftServerConfigKeys (ConfUtils.java:logGet(43)) - raft.server.log.segment.size.max = 1048576 (custom)
2019-09-19 13:26:12,197 [pool-37-thread-1] INFO  server.RaftServerConfigKeys (ConfUtils.java:logGet(43)) - raft.server.snapshot.auto.trigger.enabled = true (custom)
2019-09-19 13:26:12,197 [pool-27-thread-1] INFO  server.RaftServerConfigKeys (ConfUtils.java:logGet(43)) - raft.server.log.segment.size.max = 1048576 (custom)
2019-09-19 13:26:12,197 [pool-37-thread-1] INFO  server.RaftServerConfigKeys (ConfUtils.java:logGet(43)) - raft.server.snapshot.auto.trigger.threshold = 10000 (custom)
2019-09-19 13:26:12,197 [pool-47-thread-1] INFO  server.RaftServerConfigKeys (ConfUtils.java:logGet(43)) - raft.server.log.preallocated.size = 16384 (custom)
2019-09-19 13:26:12,197 [pool-37-thread-1] INFO  server.RaftServerConfigKeys (ConfUtils.java:logGet(43)) - raft.server.snapshot.retention.num.files = 5 (custom)
2019-09-19 13:26:12,197 [pool-27-thread-1] INFO  server.RaftServerConfigKeys (ConfUtils.java:logGet(43)) - raft.server.log.preallocated.size = 16384 (custom)
2019-09-19 13:26:12,197 [pool-37-thread-1] INFO  server.RaftServerConfigKeys (ConfUtils.java:logGet(43)) - raft.server.retrycache.expirytime = 600000ms (custom)
2019-09-19 13:26:12,197 [pool-47-thread-1] INFO  server.RaftServerConfigKeys (ConfUtils.java:logGet(43)) - raft.server.log.write.buffer.size = 33554432 (custom)
2019-09-19 13:26:12,197 [pool-27-thread-1] INFO  server.RaftServerConfigKeys (ConfUtils.java:logGet(43)) - raft.server.log.write.buffer.size = 33554432 (custom)
2019-09-19 13:26:12,197 [pool-47-thread-1] INFO  server.RaftServerConfigKeys (ConfUtils.java:logGet(43)) - raft.server.log.force.sync.num = 128 (default)
2019-09-19 13:26:12,197 [pool-27-thread-1] INFO  server.RaftServerConfigKeys (ConfUtils.java:logGet(43)) - raft.server.log.force.sync.num = 128 (default)
2019-09-19 13:26:12,198 [pool-47-thread-1] INFO  server.RaftServerConfigKeys (ConfUtils.java:logGet(43)) - raft.server.log.statemachine.data.sync = true (default)
2019-09-19 13:26:12,198 [pool-27-thread-1] INFO  server.RaftServerConfigKeys (ConfUtils.java:logGet(43)) - raft.server.log.statemachine.data.sync = true (default)
2019-09-19 13:26:12,198 [pool-47-thread-1] INFO  server.RaftServerConfigKeys (ConfUtils.java:logGet(43)) - raft.server.log.statemachine.data.sync.timeout = 10s (default)
2019-09-19 13:26:12,198 [pool-27-thread-1] INFO  server.RaftServerConfigKeys (ConfUtils.java:logGet(43)) - raft.server.log.statemachine.data.sync.timeout = 10s (default)
2019-09-19 13:26:12,198 [pool-47-thread-1] INFO  server.RaftServerConfigKeys (ConfUtils.java:logGet(43)) - raft.server.log.statemachine.data.sync.timeout.retry = -1 (default)
2019-09-19 13:26:12,198 [pool-27-thread-1] INFO  server.RaftServerConfigKeys (ConfUtils.java:logGet(43)) - raft.server.log.statemachine.data.sync.timeout.retry = -1 (default)
2019-09-19 13:26:12,198 [pool-47-thread-1] INFO  server.RaftServerConfigKeys (ConfUtils.java:logGet(43)) - raft.server.log.statemachine.data.caching.enabled = true (custom)
2019-09-19 13:26:12,198 [pool-27-thread-1] INFO  server.RaftServerConfigKeys (ConfUtils.java:logGet(43)) - raft.server.log.statemachine.data.caching.enabled = true (custom)
2019-09-19 13:26:12,199 [pool-47-thread-1] INFO  segmented.SegmentedRaftLogWorker (SegmentedRaftLogWorker.java:lambda$new$0(132)) - 37dc332b-bfed-4dfc-81f7-bf33614aca4c@group-E0E80B05C055-SegmentedRaftLogWorker: flushIndex: setUnconditionally 0 -> -1
2019-09-19 13:26:12,199 [pool-27-thread-1] INFO  segmented.SegmentedRaftLogWorker (SegmentedRaftLogWorker.java:lambda$new$0(132)) - 8e2c8569-b56d-4caa-8510-f5a0514c4132@group-E0E80B05C055-SegmentedRaftLogWorker: flushIndex: setUnconditionally 0 -> -1
2019-09-19 13:26:12,199 [pool-47-thread-1] INFO  server.RaftServerConfigKeys (ConfUtils.java:logGet(43)) - raft.server.snapshot.auto.trigger.enabled = true (custom)
2019-09-19 13:26:12,199 [pool-27-thread-1] INFO  server.RaftServerConfigKeys (ConfUtils.java:logGet(43)) - raft.server.snapshot.auto.trigger.enabled = true (custom)
2019-09-19 13:26:12,199 [pool-47-thread-1] INFO  server.RaftServerConfigKeys (ConfUtils.java:logGet(43)) - raft.server.snapshot.auto.trigger.threshold = 10000 (custom)
2019-09-19 13:26:12,199 [pool-27-thread-1] INFO  server.RaftServerConfigKeys (ConfUtils.java:logGet(43)) - raft.server.snapshot.auto.trigger.threshold = 10000 (custom)
2019-09-19 13:26:12,199 [pool-47-thread-1] INFO  server.RaftServerConfigKeys (ConfUtils.java:logGet(43)) - raft.server.snapshot.retention.num.files = 5 (custom)
2019-09-19 13:26:12,199 [pool-27-thread-1] INFO  server.RaftServerConfigKeys (ConfUtils.java:logGet(43)) - raft.server.snapshot.retention.num.files = 5 (custom)
2019-09-19 13:26:12,199 [pool-47-thread-1] INFO  server.RaftServerConfigKeys (ConfUtils.java:logGet(43)) - raft.server.retrycache.expirytime = 600000ms (custom)
2019-09-19 13:26:12,199 [pool-27-thread-1] INFO  server.RaftServerConfigKeys (ConfUtils.java:logGet(43)) - raft.server.retrycache.expirytime = 600000ms (custom)
2019-09-19 13:26:12,200 [pool-37-thread-1] INFO  impl.RaftServerImpl (RaftServerImpl.java:start(185)) - 696a3a0c-936b-4864-a843-1f7076bcd00a@group-E0E80B05C055: start as a follower, conf=-1: [37dc332b-bfed-4dfc-81f7-bf33614aca4c:192.168.5.181:35506, 696a3a0c-936b-4864-a843-1f7076bcd00a:192.168.5.181:33112, 8e2c8569-b56d-4caa-8510-f5a0514c4132:192.168.5.181:33755], old=null
2019-09-19 13:26:12,201 [pool-37-thread-1] INFO  impl.RaftServerImpl (RaftServerImpl.java:setRole(174)) - 696a3a0c-936b-4864-a843-1f7076bcd00a@group-E0E80B05C055: changes role from      null to FOLLOWER at term 0 for startAsFollower
2019-09-19 13:26:12,201 [pool-37-thread-1] INFO  impl.RoleInfo (RoleInfo.java:updateAndGet(143)) - 696a3a0c-936b-4864-a843-1f7076bcd00a: start FollowerState
2019-09-19 13:26:12,201 [pool-37-thread-1] INFO  util.JmxRegister (JmxRegister.java:tryRegister(44)) - Successfully registered JMX Bean with object name Ratis:service=RaftServer,group=group-E0E80B05C055,id=696a3a0c-936b-4864-a843-1f7076bcd00a
2019-09-19 13:26:12,204 [pool-47-thread-1] INFO  impl.RaftServerImpl (RaftServerImpl.java:start(185)) - 37dc332b-bfed-4dfc-81f7-bf33614aca4c@group-E0E80B05C055: start as a follower, conf=-1: [37dc332b-bfed-4dfc-81f7-bf33614aca4c:192.168.5.181:35506, 696a3a0c-936b-4864-a843-1f7076bcd00a:192.168.5.181:33112, 8e2c8569-b56d-4caa-8510-f5a0514c4132:192.168.5.181:33755], old=null
2019-09-19 13:26:12,205 [pool-47-thread-1] INFO  impl.RaftServerImpl (RaftServerImpl.java:setRole(174)) - 37dc332b-bfed-4dfc-81f7-bf33614aca4c@group-E0E80B05C055: changes role from      null to FOLLOWER at term 0 for startAsFollower
2019-09-19 13:26:12,205 [pool-27-thread-1] INFO  impl.RaftServerImpl (RaftServerImpl.java:start(185)) - 8e2c8569-b56d-4caa-8510-f5a0514c4132@group-E0E80B05C055: start as a follower, conf=-1: [37dc332b-bfed-4dfc-81f7-bf33614aca4c:192.168.5.181:35506, 696a3a0c-936b-4864-a843-1f7076bcd00a:192.168.5.181:33112, 8e2c8569-b56d-4caa-8510-f5a0514c4132:192.168.5.181:33755], old=null
2019-09-19 13:26:12,205 [pool-47-thread-1] INFO  impl.RoleInfo (RoleInfo.java:updateAndGet(143)) - 37dc332b-bfed-4dfc-81f7-bf33614aca4c: start FollowerState
2019-09-19 13:26:12,205 [pool-27-thread-1] INFO  impl.RaftServerImpl (RaftServerImpl.java:setRole(174)) - 8e2c8569-b56d-4caa-8510-f5a0514c4132@group-E0E80B05C055: changes role from      null to FOLLOWER at term 0 for startAsFollower
2019-09-19 13:26:12,205 [pool-47-thread-1] INFO  util.JmxRegister (JmxRegister.java:tryRegister(44)) - Successfully registered JMX Bean with object name Ratis:service=RaftServer,group=group-E0E80B05C055,id=37dc332b-bfed-4dfc-81f7-bf33614aca4c
2019-09-19 13:26:12,205 [pool-27-thread-1] INFO  impl.RoleInfo (RoleInfo.java:updateAndGet(143)) - 8e2c8569-b56d-4caa-8510-f5a0514c4132: start FollowerState
2019-09-19 13:26:12,208 [pool-27-thread-1] INFO  util.JmxRegister (JmxRegister.java:tryRegister(44)) - Successfully registered JMX Bean with object name Ratis:service=RaftServer,group=group-E0E80B05C055,id=8e2c8569-b56d-4caa-8510-f5a0514c4132
2019-09-19 13:26:12,223 [RatisPipelineUtilsThread] INFO  pipeline.PipelineStateManager (PipelineStateManager.java:addPipeline(56)) - Created pipeline Pipeline[ Id: 59749c8c-9837-4a2e-a80c-e0e80b05c055, Nodes: 37dc332b-bfed-4dfc-81f7-bf33614aca4c{ip: 192.168.5.181, host: pr-hdds-2127-gbf5v-3232674251, networkLocation: /default-rack, certSerialId: null}8e2c8569-b56d-4caa-8510-f5a0514c4132{ip: 192.168.5.181, host: pr-hdds-2127-gbf5v-3232674251, networkLocation: /default-rack, certSerialId: null}696a3a0c-936b-4864-a843-1f7076bcd00a{ip: 192.168.5.181, host: pr-hdds-2127-gbf5v-3232674251, networkLocation: /default-rack, certSerialId: null}, Type:RATIS, Factor:THREE, State:OPEN]
2019-09-19 13:26:12,625 [main] INFO  rpc.RpcClient (RpcClient.java:createVolume(302)) - Creating Volume: testcontainerstatemachinefailures, with jenkins1000 as owner.
2019-09-19 13:26:12,727 [IPC Server handler 0 on 33353] INFO  volume.OMVolumeCreateRequest (OMVolumeCreateRequest.java:validateAndUpdateCache(189)) - created volume:testcontainerstatemachinefailures for user:jenkins1000
2019-09-19 13:26:12,758 [main] INFO  rpc.RpcClient (RpcClient.java:createBucket(441)) - Creating Bucket: testcontainerstatemachinefailures/testcontainerstatemachinefailures, with Versioning false and Storage Type set to DISK and Encryption set to false 
2019-09-19 13:26:13,128 [EventQueue-StaleNodeForStaleNodeHandler] INFO  node.StaleNodeHandler (StaleNodeHandler.java:onMessage(58)) - Datanode 37dc332b-bfed-4dfc-81f7-bf33614aca4c{ip: 192.168.5.181, host: pr-hdds-2127-gbf5v-3232674251, networkLocation: /default-rack, certSerialId: null} moved to stale state. Finalizing its pipelines [PipelineID=ca4d46b0-5578-4e88-8d10-e7e75ac8f841, PipelineID=59749c8c-9837-4a2e-a80c-e0e80b05c055]
2019-09-19 13:26:13,129 [EventQueue-StaleNodeForStaleNodeHandler] INFO  pipeline.SCMPipelineManager (SCMPipelineManager.java:finalizeAndDestroyPipeline(311)) - destroying pipeline:Pipeline[ Id: ca4d46b0-5578-4e88-8d10-e7e75ac8f841, Nodes: 37dc332b-bfed-4dfc-81f7-bf33614aca4c{ip: 192.168.5.181, host: pr-hdds-2127-gbf5v-3232674251, networkLocation: /default-rack, certSerialId: null}, Type:RATIS, Factor:ONE, State:OPEN]
2019-09-19 13:26:13,140 [EventQueue-StaleNodeForStaleNodeHandler] INFO  pipeline.PipelineStateManager (PipelineStateManager.java:finalizePipeline(123)) - Pipeline Pipeline[ Id: ca4d46b0-5578-4e88-8d10-e7e75ac8f841, Nodes: 37dc332b-bfed-4dfc-81f7-bf33614aca4c{ip: 192.168.5.181, host: pr-hdds-2127-gbf5v-3232674251, networkLocation: /default-rack, certSerialId: null}, Type:RATIS, Factor:ONE, State:CLOSED] moved to CLOSED state
2019-09-19 13:26:13,141 [EventQueue-StaleNodeForStaleNodeHandler] INFO  pipeline.SCMPipelineManager (SCMPipelineManager.java:finalizeAndDestroyPipeline(311)) - destroying pipeline:Pipeline[ Id: 59749c8c-9837-4a2e-a80c-e0e80b05c055, Nodes: 37dc332b-bfed-4dfc-81f7-bf33614aca4c{ip: 192.168.5.181, host: pr-hdds-2127-gbf5v-3232674251, networkLocation: /default-rack, certSerialId: null}8e2c8569-b56d-4caa-8510-f5a0514c4132{ip: 192.168.5.181, host: pr-hdds-2127-gbf5v-3232674251, networkLocation: /default-rack, certSerialId: null}696a3a0c-936b-4864-a843-1f7076bcd00a{ip: 192.168.5.181, host: pr-hdds-2127-gbf5v-3232674251, networkLocation: /default-rack, certSerialId: null}, Type:RATIS, Factor:THREE, State:OPEN]
2019-09-19 13:26:13,142 [EventQueue-StaleNodeForStaleNodeHandler] INFO  pipeline.PipelineStateManager (PipelineStateManager.java:finalizePipeline(123)) - Pipeline Pipeline[ Id: 59749c8c-9837-4a2e-a80c-e0e80b05c055, Nodes: 37dc332b-bfed-4dfc-81f7-bf33614aca4c{ip: 192.168.5.181, host: pr-hdds-2127-gbf5v-3232674251, networkLocation: /default-rack, certSerialId: null}8e2c8569-b56d-4caa-8510-f5a0514c4132{ip: 192.168.5.181, host: pr-hdds-2127-gbf5v-3232674251, networkLocation: /default-rack, certSerialId: null}696a3a0c-936b-4864-a843-1f7076bcd00a{ip: 192.168.5.181, host: pr-hdds-2127-gbf5v-3232674251, networkLocation: /default-rack, certSerialId: null}, Type:RATIS, Factor:THREE, State:CLOSED] moved to CLOSED state
2019-09-19 13:26:13,142 [EventQueue-StaleNodeForStaleNodeHandler] INFO  node.StaleNodeHandler (StaleNodeHandler.java:onMessage(58)) - Datanode 8e2c8569-b56d-4caa-8510-f5a0514c4132{ip: 192.168.5.181, host: pr-hdds-2127-gbf5v-3232674251, networkLocation: /default-rack, certSerialId: null} moved to stale state. Finalizing its pipelines [PipelineID=26b0cec1-15ec-4ec8-a008-2b8d1748994a, PipelineID=59749c8c-9837-4a2e-a80c-e0e80b05c055]
2019-09-19 13:26:13,142 [EventQueue-CloseContainerForCloseContainerEventHandler] INFO  container.CloseContainerEventHandler (CloseContainerEventHandler.java:onMessage(61)) - Close container Event triggered for container : #1
2019-09-19 13:26:13,144 [EventQueue-StaleNodeForStaleNodeHandler] INFO  pipeline.SCMPipelineManager (SCMPipelineManager.java:finalizeAndDestroyPipeline(311)) - destroying pipeline:Pipeline[ Id: 26b0cec1-15ec-4ec8-a008-2b8d1748994a, Nodes: 8e2c8569-b56d-4caa-8510-f5a0514c4132{ip: 192.168.5.181, host: pr-hdds-2127-gbf5v-3232674251, networkLocation: /default-rack, certSerialId: null}, Type:RATIS, Factor:ONE, State:OPEN]
2019-09-19 13:26:13,149 [EventQueue-StaleNodeForStaleNodeHandler] INFO  pipeline.PipelineStateManager (PipelineStateManager.java:finalizePipeline(123)) - Pipeline Pipeline[ Id: 26b0cec1-15ec-4ec8-a008-2b8d1748994a, Nodes: 8e2c8569-b56d-4caa-8510-f5a0514c4132{ip: 192.168.5.181, host: pr-hdds-2127-gbf5v-3232674251, networkLocation: /default-rack, certSerialId: null}, Type:RATIS, Factor:ONE, State:CLOSED] moved to CLOSED state
2019-09-19 13:26:13,164 [EventQueue-StaleNodeForStaleNodeHandler] INFO  pipeline.SCMPipelineManager (SCMPipelineManager.java:finalizeAndDestroyPipeline(311)) - destroying pipeline:Pipeline[ Id: 59749c8c-9837-4a2e-a80c-e0e80b05c055, Nodes: 37dc332b-bfed-4dfc-81f7-bf33614aca4c{ip: 192.168.5.181, host: pr-hdds-2127-gbf5v-3232674251, networkLocation: /default-rack, certSerialId: null}8e2c8569-b56d-4caa-8510-f5a0514c4132{ip: 192.168.5.181, host: pr-hdds-2127-gbf5v-3232674251, networkLocation: /default-rack, certSerialId: null}696a3a0c-936b-4864-a843-1f7076bcd00a{ip: 192.168.5.181, host: pr-hdds-2127-gbf5v-3232674251, networkLocation: /default-rack, certSerialId: null}, Type:RATIS, Factor:THREE, State:CLOSED]
2019-09-19 13:26:13,164 [EventQueue-StaleNodeForStaleNodeHandler] INFO  node.StaleNodeHandler (StaleNodeHandler.java:onMessage(58)) - Datanode 696a3a0c-936b-4864-a843-1f7076bcd00a{ip: 192.168.5.181, host: pr-hdds-2127-gbf5v-3232674251, networkLocation: /default-rack, certSerialId: null} moved to stale state. Finalizing its pipelines [PipelineID=59749c8c-9837-4a2e-a80c-e0e80b05c055, PipelineID=1cb5da2c-ec91-4c82-a7ef-efe96096be1d]
2019-09-19 13:26:13,164 [EventQueue-StaleNodeForStaleNodeHandler] INFO  pipeline.SCMPipelineManager (SCMPipelineManager.java:finalizeAndDestroyPipeline(311)) - destroying pipeline:Pipeline[ Id: 59749c8c-9837-4a2e-a80c-e0e80b05c055, Nodes: 37dc332b-bfed-4dfc-81f7-bf33614aca4c{ip: 192.168.5.181, host: pr-hdds-2127-gbf5v-3232674251, networkLocation: /default-rack, certSerialId: null}8e2c8569-b56d-4caa-8510-f5a0514c4132{ip: 192.168.5.181, host: pr-hdds-2127-gbf5v-3232674251, networkLocation: /default-rack, certSerialId: null}696a3a0c-936b-4864-a843-1f7076bcd00a{ip: 192.168.5.181, host: pr-hdds-2127-gbf5v-3232674251, networkLocation: /default-rack, certSerialId: null}, Type:RATIS, Factor:THREE, State:CLOSED]
2019-09-19 13:26:13,164 [EventQueue-StaleNodeForStaleNodeHandler] INFO  pipeline.SCMPipelineManager (SCMPipelineManager.java:finalizeAndDestroyPipeline(311)) - destroying pipeline:Pipeline[ Id: 1cb5da2c-ec91-4c82-a7ef-efe96096be1d, Nodes: 696a3a0c-936b-4864-a843-1f7076bcd00a{ip: 192.168.5.181, host: pr-hdds-2127-gbf5v-3232674251, networkLocation: /default-rack, certSerialId: null}, Type:RATIS, Factor:ONE, State:OPEN]
2019-09-19 13:26:13,164 [EventQueue-StaleNodeForStaleNodeHandler] INFO  pipeline.PipelineStateManager (PipelineStateManager.java:finalizePipeline(123)) - Pipeline Pipeline[ Id: 1cb5da2c-ec91-4c82-a7ef-efe96096be1d, Nodes: 696a3a0c-936b-4864-a843-1f7076bcd00a{ip: 192.168.5.181, host: pr-hdds-2127-gbf5v-3232674251, networkLocation: /default-rack, certSerialId: null}, Type:RATIS, Factor:ONE, State:CLOSED] moved to CLOSED state
2019-09-19 13:26:13,204 [main] INFO  impl.MetricsSystemImpl (MetricsSystemImpl.java:init(158)) - XceiverClientMetrics metrics system started (again)
2019-09-19 13:26:13,239 [grpc-default-executor-2] INFO  impl.RaftServerProxy (RaftServerProxy.java:addNew(89)) - 37dc332b-bfed-4dfc-81f7-bf33614aca4c: addNew group-5816D3BB6B17:[37dc332b-bfed-4dfc-81f7-bf33614aca4c:192.168.5.181:35506] returns group-5816D3BB6B17:java.util.concurrent.CompletableFuture@12c7f5ce[Not completed]
2019-09-19 13:26:13,240 [pool-47-thread-1] INFO  impl.RaftServerImpl (RaftServerImpl.java:<init>(95)) - 37dc332b-bfed-4dfc-81f7-bf33614aca4c: new RaftServerImpl for group-5816D3BB6B17:[37dc332b-bfed-4dfc-81f7-bf33614aca4c:192.168.5.181:35506] with ContainerStateMachine:uninitialized
2019-09-19 13:26:13,241 [pool-47-thread-1] INFO  server.RaftServerConfigKeys (ConfUtils.java:logGet(43)) - raft.server.rpc.timeout.min = 5s (custom)
2019-09-19 13:26:13,241 [pool-47-thread-1] INFO  server.RaftServerConfigKeys (ConfUtils.java:logGet(43)) - raft.server.rpc.timeout.max = 5200ms (custom)
2019-09-19 13:26:13,241 [pool-47-thread-1] INFO  server.RaftServerConfigKeys (ConfUtils.java:logGet(43)) - raft.server.rpcslowness.timeout = 1000s (custom)
2019-09-19 13:26:13,241 [pool-47-thread-1] INFO  server.RaftServerConfigKeys (ConfUtils.java:logGet(43)) - raft.server.sleep.deviation.threshold = 300 (default)
2019-09-19 13:26:13,241 [pool-47-thread-1] INFO  server.RaftServerConfigKeys (ConfUtils.java:logGet(43)) - raft.server.log.appender.install.snapshot.enabled = false (custom)
2019-09-19 13:26:13,241 [pool-47-thread-1] INFO  impl.RaftServerImpl (ServerState.java:<init>(103)) - 37dc332b-bfed-4dfc-81f7-bf33614aca4c@group-5816D3BB6B17: ConfigurationManager, init=-1: [37dc332b-bfed-4dfc-81f7-bf33614aca4c:192.168.5.181:35506], old=null, confs=<EMPTY_MAP>
2019-09-19 13:26:13,241 [pool-47-thread-1] INFO  server.RaftServerConfigKeys (ConfUtils.java:logGet(43)) - raft.server.storage.dir = [/workdir/hadoop-ozone/integration-test/target/test-dir/MiniOzoneClusterImpl-0b0855db-21d1-4d4e-a30c-b213e2aa266a/datanode-2/data/ratis] (custom)
2019-09-19 13:26:13,242 [pool-47-thread-1] INFO  storage.RaftStorageDirectory (RaftStorageDirectory.java:analyzeStorage(246)) - The storage directory /workdir/hadoop-ozone/integration-test/target/test-dir/MiniOzoneClusterImpl-0b0855db-21d1-4d4e-a30c-b213e2aa266a/datanode-2/data/ratis/3f1bc8f1-fe99-4251-a539-5816d3bb6b17 does not exist. Creating ...
2019-09-19 13:26:13,265 [pool-47-thread-1] INFO  storage.RaftStorageDirectory (RaftStorageDirectory.java:tryLock(328)) - Lock on /workdir/hadoop-ozone/integration-test/target/test-dir/MiniOzoneClusterImpl-0b0855db-21d1-4d4e-a30c-b213e2aa266a/datanode-2/data/ratis/3f1bc8f1-fe99-4251-a539-5816d3bb6b17/in_use.lock acquired by nodename 30857@pr-hdds-2127-gbf5v-3232674251
2019-09-19 13:26:13,288 [pool-47-thread-1] INFO  storage.RaftStorage (RaftStorage.java:format(72)) - Storage directory /workdir/hadoop-ozone/integration-test/target/test-dir/MiniOzoneClusterImpl-0b0855db-21d1-4d4e-a30c-b213e2aa266a/datanode-2/data/ratis/3f1bc8f1-fe99-4251-a539-5816d3bb6b17 has been successfully formatted.
2019-09-19 13:26:13,290 [pool-47-thread-1] INFO  ratis.ContainerStateMachine (ContainerStateMachine.java:loadSnapshot(230)) - group-5816D3BB6B17: The snapshot info is null. Setting the last applied indexto:(t:0, i:~)
2019-09-19 13:26:13,290 [pool-47-thread-1] INFO  server.RaftServerConfigKeys (ConfUtils.java:logGet(43)) - raft.server.notification.no-leader.timeout = 1000s (custom)
2019-09-19 13:26:13,290 [pool-47-thread-1] INFO  server.RaftServerConfigKeys (ConfUtils.java:logGet(43)) - raft.server.log.use.memory = false (default)
2019-09-19 13:26:13,290 [pool-47-thread-1] INFO  server.RaftServerConfigKeys (ConfUtils.java:logGet(43)) - raft.server.log.purge.gap = 1000000 (custom)
2019-09-19 13:26:13,290 [pool-47-thread-1] INFO  server.RaftServerConfigKeys (ConfUtils.java:logGet(43)) - raft.server.log.appender.buffer.byte-limit = 33554432 (custom)
2019-09-19 13:26:13,291 [pool-47-thread-1] INFO  server.RaftServerConfigKeys (ConfUtils.java:logGet(43)) - raft.server.log.segment.size.max = 1048576 (custom)
2019-09-19 13:26:13,291 [pool-47-thread-1] INFO  server.RaftServerConfigKeys (ConfUtils.java:logGet(43)) - raft.server.log.segment.cache.num.max = 2 (custom)
2019-09-19 13:26:13,291 [pool-47-thread-1] INFO  segmented.SegmentedRaftLogWorker (SegmentedRaftLogWorker.java:<init>(172)) - new 37dc332b-bfed-4dfc-81f7-bf33614aca4c@group-5816D3BB6B17-SegmentedRaftLogWorker for RaftStorage:Storage Directory /workdir/hadoop-ozone/integration-test/target/test-dir/MiniOzoneClusterImpl-0b0855db-21d1-4d4e-a30c-b213e2aa266a/datanode-2/data/ratis/3f1bc8f1-fe99-4251-a539-5816d3bb6b17
2019-09-19 13:26:13,291 [pool-47-thread-1] INFO  server.RaftServerConfigKeys (ConfUtils.java:logGet(43)) - raft.server.log.queue.byte-limit = 2147483647 (custom)
2019-09-19 13:26:13,291 [pool-47-thread-1] INFO  server.RaftServerConfigKeys (ConfUtils.java:logGet(43)) - raft.server.log.queue.element-limit = 1024 (custom)
2019-09-19 13:26:13,292 [pool-47-thread-1] INFO  server.RaftServerConfigKeys (ConfUtils.java:logGet(43)) - raft.server.log.segment.size.max = 1048576 (custom)
2019-09-19 13:26:13,292 [pool-47-thread-1] INFO  server.RaftServerConfigKeys (ConfUtils.java:logGet(43)) - raft.server.log.preallocated.size = 16384 (custom)
2019-09-19 13:26:13,292 [pool-47-thread-1] INFO  server.RaftServerConfigKeys (ConfUtils.java:logGet(43)) - raft.server.log.write.buffer.size = 33554432 (custom)
2019-09-19 13:26:13,292 [pool-47-thread-1] INFO  server.RaftServerConfigKeys (ConfUtils.java:logGet(43)) - raft.server.log.force.sync.num = 128 (default)
2019-09-19 13:26:13,292 [pool-47-thread-1] INFO  server.RaftServerConfigKeys (ConfUtils.java:logGet(43)) - raft.server.log.statemachine.data.sync = true (default)
2019-09-19 13:26:13,293 [pool-47-thread-1] INFO  server.RaftServerConfigKeys (ConfUtils.java:logGet(43)) - raft.server.log.statemachine.data.sync.timeout = 10s (default)
2019-09-19 13:26:13,294 [pool-47-thread-1] INFO  server.RaftServerConfigKeys (ConfUtils.java:logGet(43)) - raft.server.log.statemachine.data.sync.timeout.retry = -1 (default)
2019-09-19 13:26:13,294 [pool-47-thread-1] INFO  server.RaftServerConfigKeys (ConfUtils.java:logGet(43)) - raft.server.log.statemachine.data.caching.enabled = true (custom)
2019-09-19 13:26:13,294 [pool-47-thread-1] INFO  segmented.SegmentedRaftLogWorker (SegmentedRaftLogWorker.java:lambda$new$0(132)) - 37dc332b-bfed-4dfc-81f7-bf33614aca4c@group-5816D3BB6B17-SegmentedRaftLogWorker: flushIndex: setUnconditionally 0 -> -1
2019-09-19 13:26:13,294 [pool-47-thread-1] INFO  server.RaftServerConfigKeys (ConfUtils.java:logGet(43)) - raft.server.snapshot.auto.trigger.enabled = true (custom)
2019-09-19 13:26:13,296 [pool-47-thread-1] INFO  server.RaftServerConfigKeys (ConfUtils.java:logGet(43)) - raft.server.snapshot.auto.trigger.threshold = 10000 (custom)
2019-09-19 13:26:13,297 [pool-47-thread-1] INFO  server.RaftServerConfigKeys (ConfUtils.java:logGet(43)) - raft.server.snapshot.retention.num.files = 5 (custom)
2019-09-19 13:26:13,297 [pool-47-thread-1] INFO  server.RaftServerConfigKeys (ConfUtils.java:logGet(43)) - raft.server.retrycache.expirytime = 600000ms (custom)
2019-09-19 13:26:13,300 [pool-47-thread-1] INFO  impl.RaftServerImpl (RaftServerImpl.java:start(185)) - 37dc332b-bfed-4dfc-81f7-bf33614aca4c@group-5816D3BB6B17: start as a follower, conf=-1: [37dc332b-bfed-4dfc-81f7-bf33614aca4c:192.168.5.181:35506], old=null
2019-09-19 13:26:13,300 [pool-47-thread-1] INFO  impl.RaftServerImpl (RaftServerImpl.java:setRole(174)) - 37dc332b-bfed-4dfc-81f7-bf33614aca4c@group-5816D3BB6B17: changes role from      null to FOLLOWER at term 0 for startAsFollower
2019-09-19 13:26:13,300 [pool-47-thread-1] INFO  impl.RoleInfo (RoleInfo.java:updateAndGet(143)) - 37dc332b-bfed-4dfc-81f7-bf33614aca4c: start FollowerState
2019-09-19 13:26:13,301 [pool-47-thread-1] INFO  util.JmxRegister (JmxRegister.java:tryRegister(44)) - Successfully registered JMX Bean with object name Ratis:service=RaftServer,group=group-5816D3BB6B17,id=37dc332b-bfed-4dfc-81f7-bf33614aca4c
2019-09-19 13:26:13,308 [grpc-default-executor-2] INFO  client.GrpcClientProtocolClient (GrpcClientProtocolClient.java:onNext(264)) - client-83F988FE9929->37dc332b-bfed-4dfc-81f7-bf33614aca4c: receive RaftClientReply:client-83F988FE9929->37dc332b-bfed-4dfc-81f7-bf33614aca4c@group-E0E80B05C055, cid=8, FAILED org.apache.ratis.protocol.NotLeaderException: Server 37dc332b-bfed-4dfc-81f7-bf33614aca4c@group-E0E80B05C055 is not the leader, logIndex=0, commits[37dc332b-bfed-4dfc-81f7-bf33614aca4c:c-1]
2019-09-19 13:26:13,308 [RatisPipelineUtilsThread] INFO  pipeline.PipelineStateManager (PipelineStateManager.java:addPipeline(56)) - Created pipeline Pipeline[ Id: 3f1bc8f1-fe99-4251-a539-5816d3bb6b17, Nodes: 37dc332b-bfed-4dfc-81f7-bf33614aca4c{ip: 192.168.5.181, host: pr-hdds-2127-gbf5v-3232674251, networkLocation: /default-rack, certSerialId: null}, Type:RATIS, Factor:ONE, State:OPEN]
2019-09-19 13:26:13,330 [grpc-default-executor-1] INFO  impl.RaftServerProxy (RaftServerProxy.java:addNew(89)) - 8e2c8569-b56d-4caa-8510-f5a0514c4132: addNew group-A8C66984911A:[8e2c8569-b56d-4caa-8510-f5a0514c4132:192.168.5.181:33755] returns group-A8C66984911A:java.util.concurrent.CompletableFuture@6e7bf529[Not completed]
2019-09-19 13:26:13,331 [pool-27-thread-1] INFO  impl.RaftServerImpl (RaftServerImpl.java:<init>(95)) - 8e2c8569-b56d-4caa-8510-f5a0514c4132: new RaftServerImpl for group-A8C66984911A:[8e2c8569-b56d-4caa-8510-f5a0514c4132:192.168.5.181:33755] with ContainerStateMachine:uninitialized
2019-09-19 13:26:13,331 [pool-27-thread-1] INFO  server.RaftServerConfigKeys (ConfUtils.java:logGet(43)) - raft.server.rpc.timeout.min = 5s (custom)
2019-09-19 13:26:13,331 [pool-27-thread-1] INFO  server.RaftServerConfigKeys (ConfUtils.java:logGet(43)) - raft.server.rpc.timeout.max = 5200ms (custom)
2019-09-19 13:26:13,332 [pool-27-thread-1] INFO  server.RaftServerConfigKeys (ConfUtils.java:logGet(43)) - raft.server.rpcslowness.timeout = 1000s (custom)
2019-09-19 13:26:13,332 [pool-27-thread-1] INFO  server.RaftServerConfigKeys (ConfUtils.java:logGet(43)) - raft.server.sleep.deviation.threshold = 300 (default)
2019-09-19 13:26:13,332 [pool-27-thread-1] INFO  server.RaftServerConfigKeys (ConfUtils.java:logGet(43)) - raft.server.log.appender.install.snapshot.enabled = false (custom)
2019-09-19 13:26:13,332 [pool-27-thread-1] INFO  impl.RaftServerImpl (ServerState.java:<init>(103)) - 8e2c8569-b56d-4caa-8510-f5a0514c4132@group-A8C66984911A: ConfigurationManager, init=-1: [8e2c8569-b56d-4caa-8510-f5a0514c4132:192.168.5.181:33755], old=null, confs=<EMPTY_MAP>
2019-09-19 13:26:13,332 [pool-27-thread-1] INFO  server.RaftServerConfigKeys (ConfUtils.java:logGet(43)) - raft.server.storage.dir = [/workdir/hadoop-ozone/integration-test/target/test-dir/MiniOzoneClusterImpl-0b0855db-21d1-4d4e-a30c-b213e2aa266a/datanode-0/data/ratis] (custom)
2019-09-19 13:26:13,333 [pool-27-thread-1] INFO  storage.RaftStorageDirectory (RaftStorageDirectory.java:analyzeStorage(246)) - The storage directory /workdir/hadoop-ozone/integration-test/target/test-dir/MiniOzoneClusterImpl-0b0855db-21d1-4d4e-a30c-b213e2aa266a/datanode-0/data/ratis/0542dbee-0c78-46ff-aa6b-a8c66984911a does not exist. Creating ...
2019-09-19 13:26:13,346 [pool-27-thread-1] INFO  storage.RaftStorageDirectory (RaftStorageDirectory.java:tryLock(328)) - Lock on /workdir/hadoop-ozone/integration-test/target/test-dir/MiniOzoneClusterImpl-0b0855db-21d1-4d4e-a30c-b213e2aa266a/datanode-0/data/ratis/0542dbee-0c78-46ff-aa6b-a8c66984911a/in_use.lock acquired by nodename 30857@pr-hdds-2127-gbf5v-3232674251
2019-09-19 13:26:13,359 [pool-27-thread-1] INFO  storage.RaftStorage (RaftStorage.java:format(72)) - Storage directory /workdir/hadoop-ozone/integration-test/target/test-dir/MiniOzoneClusterImpl-0b0855db-21d1-4d4e-a30c-b213e2aa266a/datanode-0/data/ratis/0542dbee-0c78-46ff-aa6b-a8c66984911a has been successfully formatted.
2019-09-19 13:26:13,359 [pool-27-thread-1] INFO  ratis.ContainerStateMachine (ContainerStateMachine.java:loadSnapshot(230)) - group-A8C66984911A: The snapshot info is null. Setting the last applied indexto:(t:0, i:~)
2019-09-19 13:26:13,359 [pool-27-thread-1] INFO  server.RaftServerConfigKeys (ConfUtils.java:logGet(43)) - raft.server.notification.no-leader.timeout = 1000s (custom)
2019-09-19 13:26:13,359 [pool-27-thread-1] INFO  server.RaftServerConfigKeys (ConfUtils.java:logGet(43)) - raft.server.log.use.memory = false (default)
2019-09-19 13:26:13,359 [pool-27-thread-1] INFO  server.RaftServerConfigKeys (ConfUtils.java:logGet(43)) - raft.server.log.purge.gap = 1000000 (custom)
2019-09-19 13:26:13,360 [pool-27-thread-1] INFO  server.RaftServerConfigKeys (ConfUtils.java:logGet(43)) - raft.server.log.appender.buffer.byte-limit = 33554432 (custom)
2019-09-19 13:26:13,360 [pool-27-thread-1] INFO  server.RaftServerConfigKeys (ConfUtils.java:logGet(43)) - raft.server.log.segment.size.max = 1048576 (custom)
2019-09-19 13:26:13,360 [pool-27-thread-1] INFO  server.RaftServerConfigKeys (ConfUtils.java:logGet(43)) - raft.server.log.segment.cache.num.max = 2 (custom)
2019-09-19 13:26:13,360 [pool-27-thread-1] INFO  segmented.SegmentedRaftLogWorker (SegmentedRaftLogWorker.java:<init>(172)) - new 8e2c8569-b56d-4caa-8510-f5a0514c4132@group-A8C66984911A-SegmentedRaftLogWorker for RaftStorage:Storage Directory /workdir/hadoop-ozone/integration-test/target/test-dir/MiniOzoneClusterImpl-0b0855db-21d1-4d4e-a30c-b213e2aa266a/datanode-0/data/ratis/0542dbee-0c78-46ff-aa6b-a8c66984911a
2019-09-19 13:26:13,360 [pool-27-thread-1] INFO  server.RaftServerConfigKeys (ConfUtils.java:logGet(43)) - raft.server.log.queue.byte-limit = 2147483647 (custom)
2019-09-19 13:26:13,361 [pool-27-thread-1] INFO  server.RaftServerConfigKeys (ConfUtils.java:logGet(43)) - raft.server.log.queue.element-limit = 1024 (custom)
2019-09-19 13:26:13,361 [pool-27-thread-1] INFO  server.RaftServerConfigKeys (ConfUtils.java:logGet(43)) - raft.server.log.segment.size.max = 1048576 (custom)
2019-09-19 13:26:13,361 [pool-27-thread-1] INFO  server.RaftServerConfigKeys (ConfUtils.java:logGet(43)) - raft.server.log.preallocated.size = 16384 (custom)
2019-09-19 13:26:13,361 [pool-27-thread-1] INFO  server.RaftServerConfigKeys (ConfUtils.java:logGet(43)) - raft.server.log.write.buffer.size = 33554432 (custom)
2019-09-19 13:26:13,361 [pool-27-thread-1] INFO  server.RaftServerConfigKeys (ConfUtils.java:logGet(43)) - raft.server.log.force.sync.num = 128 (default)
2019-09-19 13:26:13,361 [pool-27-thread-1] INFO  server.RaftServerConfigKeys (ConfUtils.java:logGet(43)) - raft.server.log.statemachine.data.sync = true (default)
2019-09-19 13:26:13,362 [pool-27-thread-1] INFO  server.RaftServerConfigKeys (ConfUtils.java:logGet(43)) - raft.server.log.statemachine.data.sync.timeout = 10s (default)
2019-09-19 13:26:13,362 [pool-27-thread-1] INFO  server.RaftServerConfigKeys (ConfUtils.java:logGet(43)) - raft.server.log.statemachine.data.sync.timeout.retry = -1 (default)
2019-09-19 13:26:13,362 [pool-27-thread-1] INFO  server.RaftServerConfigKeys (ConfUtils.java:logGet(43)) - raft.server.log.statemachine.data.caching.enabled = true (custom)
2019-09-19 13:26:13,362 [pool-27-thread-1] INFO  segmented.SegmentedRaftLogWorker (SegmentedRaftLogWorker.java:lambda$new$0(132)) - 8e2c8569-b56d-4caa-8510-f5a0514c4132@group-A8C66984911A-SegmentedRaftLogWorker: flushIndex: setUnconditionally 0 -> -1
2019-09-19 13:26:13,363 [pool-27-thread-1] INFO  server.RaftServerConfigKeys (ConfUtils.java:logGet(43)) - raft.server.snapshot.auto.trigger.enabled = true (custom)
2019-09-19 13:26:13,363 [pool-27-thread-1] INFO  server.RaftServerConfigKeys (ConfUtils.java:logGet(43)) - raft.server.snapshot.auto.trigger.threshold = 10000 (custom)
2019-09-19 13:26:13,363 [pool-27-thread-1] INFO  server.RaftServerConfigKeys (ConfUtils.java:logGet(43)) - raft.server.snapshot.retention.num.files = 5 (custom)
2019-09-19 13:26:13,363 [pool-27-thread-1] INFO  server.RaftServerConfigKeys (ConfUtils.java:logGet(43)) - raft.server.retrycache.expirytime = 600000ms (custom)
2019-09-19 13:26:13,367 [pool-27-thread-1] INFO  impl.RaftServerImpl (RaftServerImpl.java:start(185)) - 8e2c8569-b56d-4caa-8510-f5a0514c4132@group-A8C66984911A: start as a follower, conf=-1: [8e2c8569-b56d-4caa-8510-f5a0514c4132:192.168.5.181:33755], old=null
2019-09-19 13:26:13,367 [pool-27-thread-1] INFO  impl.RaftServerImpl (RaftServerImpl.java:setRole(174)) - 8e2c8569-b56d-4caa-8510-f5a0514c4132@group-A8C66984911A: changes role from      null to FOLLOWER at term 0 for startAsFollower
2019-09-19 13:26:13,367 [pool-27-thread-1] INFO  impl.RoleInfo (RoleInfo.java:updateAndGet(143)) - 8e2c8569-b56d-4caa-8510-f5a0514c4132: start FollowerState
2019-09-19 13:26:13,368 [pool-27-thread-1] INFO  util.JmxRegister (JmxRegister.java:tryRegister(44)) - Successfully registered JMX Bean with object name Ratis:service=RaftServer,group=group-A8C66984911A,id=8e2c8569-b56d-4caa-8510-f5a0514c4132
2019-09-19 13:26:13,376 [RatisPipelineUtilsThread] INFO  pipeline.PipelineStateManager (PipelineStateManager.java:addPipeline(56)) - Created pipeline Pipeline[ Id: 0542dbee-0c78-46ff-aa6b-a8c66984911a, Nodes: 8e2c8569-b56d-4caa-8510-f5a0514c4132{ip: 192.168.5.181, host: pr-hdds-2127-gbf5v-3232674251, networkLocation: /default-rack, certSerialId: null}, Type:RATIS, Factor:ONE, State:OPEN]
2019-09-19 13:26:13,387 [grpc-default-executor-1] INFO  impl.RaftServerProxy (RaftServerProxy.java:addNew(89)) - 696a3a0c-936b-4864-a843-1f7076bcd00a: addNew group-BD7B7D73C95D:[696a3a0c-936b-4864-a843-1f7076bcd00a:192.168.5.181:33112] returns group-BD7B7D73C95D:java.util.concurrent.CompletableFuture@45236018[Not completed]
2019-09-19 13:26:13,388 [pool-37-thread-1] INFO  impl.RaftServerImpl (RaftServerImpl.java:<init>(95)) - 696a3a0c-936b-4864-a843-1f7076bcd00a: new RaftServerImpl for group-BD7B7D73C95D:[696a3a0c-936b-4864-a843-1f7076bcd00a:192.168.5.181:33112] with ContainerStateMachine:uninitialized
2019-09-19 13:26:13,388 [pool-37-thread-1] INFO  server.RaftServerConfigKeys (ConfUtils.java:logGet(43)) - raft.server.rpc.timeout.min = 5s (custom)
2019-09-19 13:26:13,388 [pool-37-thread-1] INFO  server.RaftServerConfigKeys (ConfUtils.java:logGet(43)) - raft.server.rpc.timeout.max = 5200ms (custom)
2019-09-19 13:26:13,388 [pool-37-thread-1] INFO  server.RaftServerConfigKeys (ConfUtils.java:logGet(43)) - raft.server.rpcslowness.timeout = 1000s (custom)
2019-09-19 13:26:13,388 [pool-37-thread-1] INFO  server.RaftServerConfigKeys (ConfUtils.java:logGet(43)) - raft.server.sleep.deviation.threshold = 300 (default)
2019-09-19 13:26:13,389 [pool-37-thread-1] INFO  server.RaftServerConfigKeys (ConfUtils.java:logGet(43)) - raft.server.log.appender.install.snapshot.enabled = false (custom)
2019-09-19 13:26:13,389 [pool-37-thread-1] INFO  impl.RaftServerImpl (ServerState.java:<init>(103)) - 696a3a0c-936b-4864-a843-1f7076bcd00a@group-BD7B7D73C95D: ConfigurationManager, init=-1: [696a3a0c-936b-4864-a843-1f7076bcd00a:192.168.5.181:33112], old=null, confs=<EMPTY_MAP>
2019-09-19 13:26:13,389 [pool-37-thread-1] INFO  server.RaftServerConfigKeys (ConfUtils.java:logGet(43)) - raft.server.storage.dir = [/workdir/hadoop-ozone/integration-test/target/test-dir/MiniOzoneClusterImpl-0b0855db-21d1-4d4e-a30c-b213e2aa266a/datanode-1/data/ratis] (custom)
2019-09-19 13:26:13,389 [pool-37-thread-1] INFO  storage.RaftStorageDirectory (RaftStorageDirectory.java:analyzeStorage(246)) - The storage directory /workdir/hadoop-ozone/integration-test/target/test-dir/MiniOzoneClusterImpl-0b0855db-21d1-4d4e-a30c-b213e2aa266a/datanode-1/data/ratis/a1ecc0bd-672a-46fc-963a-bd7b7d73c95d does not exist. Creating ...
2019-09-19 13:26:13,412 [pool-37-thread-1] INFO  storage.RaftStorageDirectory (RaftStorageDirectory.java:tryLock(328)) - Lock on /workdir/hadoop-ozone/integration-test/target/test-dir/MiniOzoneClusterImpl-0b0855db-21d1-4d4e-a30c-b213e2aa266a/datanode-1/data/ratis/a1ecc0bd-672a-46fc-963a-bd7b7d73c95d/in_use.lock acquired by nodename 30857@pr-hdds-2127-gbf5v-3232674251
2019-09-19 13:26:13,435 [pool-37-thread-1] INFO  storage.RaftStorage (RaftStorage.java:format(72)) - Storage directory /workdir/hadoop-ozone/integration-test/target/test-dir/MiniOzoneClusterImpl-0b0855db-21d1-4d4e-a30c-b213e2aa266a/datanode-1/data/ratis/a1ecc0bd-672a-46fc-963a-bd7b7d73c95d has been successfully formatted.
2019-09-19 13:26:13,435 [pool-37-thread-1] INFO  ratis.ContainerStateMachine (ContainerStateMachine.java:loadSnapshot(230)) - group-BD7B7D73C95D: The snapshot info is null. Setting the last applied indexto:(t:0, i:~)
2019-09-19 13:26:13,436 [pool-37-thread-1] INFO  server.RaftServerConfigKeys (ConfUtils.java:logGet(43)) - raft.server.notification.no-leader.timeout = 1000s (custom)
2019-09-19 13:26:13,436 [pool-37-thread-1] INFO  server.RaftServerConfigKeys (ConfUtils.java:logGet(43)) - raft.server.log.use.memory = false (default)
2019-09-19 13:26:13,436 [pool-37-thread-1] INFO  server.RaftServerConfigKeys (ConfUtils.java:logGet(43)) - raft.server.log.purge.gap = 1000000 (custom)
2019-09-19 13:26:13,436 [pool-37-thread-1] INFO  server.RaftServerConfigKeys (ConfUtils.java:logGet(43)) - raft.server.log.appender.buffer.byte-limit = 33554432 (custom)
2019-09-19 13:26:13,436 [pool-37-thread-1] INFO  server.RaftServerConfigKeys (ConfUtils.java:logGet(43)) - raft.server.log.segment.size.max = 1048576 (custom)
2019-09-19 13:26:13,436 [pool-37-thread-1] INFO  server.RaftServerConfigKeys (ConfUtils.java:logGet(43)) - raft.server.log.segment.cache.num.max = 2 (custom)
2019-09-19 13:26:13,437 [pool-37-thread-1] INFO  segmented.SegmentedRaftLogWorker (SegmentedRaftLogWorker.java:<init>(172)) - new 696a3a0c-936b-4864-a843-1f7076bcd00a@group-BD7B7D73C95D-SegmentedRaftLogWorker for RaftStorage:Storage Directory /workdir/hadoop-ozone/integration-test/target/test-dir/MiniOzoneClusterImpl-0b0855db-21d1-4d4e-a30c-b213e2aa266a/datanode-1/data/ratis/a1ecc0bd-672a-46fc-963a-bd7b7d73c95d
2019-09-19 13:26:13,437 [pool-37-thread-1] INFO  server.RaftServerConfigKeys (ConfUtils.java:logGet(43)) - raft.server.log.queue.byte-limit = 2147483647 (custom)
2019-09-19 13:26:13,437 [pool-37-thread-1] INFO  server.RaftServerConfigKeys (ConfUtils.java:logGet(43)) - raft.server.log.queue.element-limit = 1024 (custom)
2019-09-19 13:26:13,437 [pool-37-thread-1] INFO  server.RaftServerConfigKeys (ConfUtils.java:logGet(43)) - raft.server.log.segment.size.max = 1048576 (custom)
2019-09-19 13:26:13,437 [pool-37-thread-1] INFO  server.RaftServerConfigKeys (ConfUtils.java:logGet(43)) - raft.server.log.preallocated.size = 16384 (custom)
2019-09-19 13:26:13,437 [pool-37-thread-1] INFO  server.RaftServerConfigKeys (ConfUtils.java:logGet(43)) - raft.server.log.write.buffer.size = 33554432 (custom)
2019-09-19 13:26:13,437 [pool-37-thread-1] INFO  server.RaftServerConfigKeys (ConfUtils.java:logGet(43)) - raft.server.log.force.sync.num = 128 (default)
2019-09-19 13:26:13,437 [pool-37-thread-1] INFO  server.RaftServerConfigKeys (ConfUtils.java:logGet(43)) - raft.server.log.statemachine.data.sync = true (default)
2019-09-19 13:26:13,437 [pool-37-thread-1] INFO  server.RaftServerConfigKeys (ConfUtils.java:logGet(43)) - raft.server.log.statemachine.data.sync.timeout = 10s (default)
2019-09-19 13:26:13,438 [pool-37-thread-1] INFO  server.RaftServerConfigKeys (ConfUtils.java:logGet(43)) - raft.server.log.statemachine.data.sync.timeout.retry = -1 (default)
2019-09-19 13:26:13,438 [pool-37-thread-1] INFO  server.RaftServerConfigKeys (ConfUtils.java:logGet(43)) - raft.server.log.statemachine.data.caching.enabled = true (custom)
2019-09-19 13:26:13,438 [pool-37-thread-1] INFO  segmented.SegmentedRaftLogWorker (SegmentedRaftLogWorker.java:lambda$new$0(132)) - 696a3a0c-936b-4864-a843-1f7076bcd00a@group-BD7B7D73C95D-SegmentedRaftLogWorker: flushIndex: setUnconditionally 0 -> -1
2019-09-19 13:26:13,438 [pool-37-thread-1] INFO  server.RaftServerConfigKeys (ConfUtils.java:logGet(43)) - raft.server.snapshot.auto.trigger.enabled = true (custom)
2019-09-19 13:26:13,438 [pool-37-thread-1] INFO  server.RaftServerConfigKeys (ConfUtils.java:logGet(43)) - raft.server.snapshot.auto.trigger.threshold = 10000 (custom)
2019-09-19 13:26:13,438 [pool-37-thread-1] INFO  server.RaftServerConfigKeys (ConfUtils.java:logGet(43)) - raft.server.snapshot.retention.num.files = 5 (custom)
2019-09-19 13:26:13,439 [pool-37-thread-1] INFO  server.RaftServerConfigKeys (ConfUtils.java:logGet(43)) - raft.server.retrycache.expirytime = 600000ms (custom)
2019-09-19 13:26:13,441 [pool-37-thread-1] INFO  impl.RaftServerImpl (RaftServerImpl.java:start(185)) - 696a3a0c-936b-4864-a843-1f7076bcd00a@group-BD7B7D73C95D: start as a follower, conf=-1: [696a3a0c-936b-4864-a843-1f7076bcd00a:192.168.5.181:33112], old=null
2019-09-19 13:26:13,441 [pool-37-thread-1] INFO  impl.RaftServerImpl (RaftServerImpl.java:setRole(174)) - 696a3a0c-936b-4864-a843-1f7076bcd00a@group-BD7B7D73C95D: changes role from      null to FOLLOWER at term 0 for startAsFollower
2019-09-19 13:26:13,441 [pool-37-thread-1] INFO  impl.RoleInfo (RoleInfo.java:updateAndGet(143)) - 696a3a0c-936b-4864-a843-1f7076bcd00a: start FollowerState
2019-09-19 13:26:13,442 [pool-37-thread-1] INFO  util.JmxRegister (JmxRegister.java:tryRegister(44)) - Successfully registered JMX Bean with object name Ratis:service=RaftServer,group=group-BD7B7D73C95D,id=696a3a0c-936b-4864-a843-1f7076bcd00a
2019-09-19 13:26:13,449 [RatisPipelineUtilsThread] INFO  pipeline.PipelineStateManager (PipelineStateManager.java:addPipeline(56)) - Created pipeline Pipeline[ Id: a1ecc0bd-672a-46fc-963a-bd7b7d73c95d, Nodes: 696a3a0c-936b-4864-a843-1f7076bcd00a{ip: 192.168.5.181, host: pr-hdds-2127-gbf5v-3232674251, networkLocation: /default-rack, certSerialId: null}, Type:RATIS, Factor:ONE, State:OPEN]
2019-09-19 13:26:13,467 [grpc-default-executor-0] INFO  impl.RaftServerProxy (RaftServerProxy.java:addNew(89)) - 1f9acb71-0682-4e3f-a92c-28dcdab1fe2b: addNew group-D93A538D59EE:[37dc332b-bfed-4dfc-81f7-bf33614aca4c:192.168.5.181:35506, 1f9acb71-0682-4e3f-a92c-28dcdab1fe2b:192.168.5.181:40589, 8e2c8569-b56d-4caa-8510-f5a0514c4132:192.168.5.181:33755] returns group-D93A538D59EE:java.util.concurrent.CompletableFuture@1e44077f[Not completed]
2019-09-19 13:26:13,470 [pool-57-thread-1] INFO  impl.RaftServerImpl (RaftServerImpl.java:<init>(95)) - 1f9acb71-0682-4e3f-a92c-28dcdab1fe2b: new RaftServerImpl for group-D93A538D59EE:[37dc332b-bfed-4dfc-81f7-bf33614aca4c:192.168.5.181:35506, 1f9acb71-0682-4e3f-a92c-28dcdab1fe2b:192.168.5.181:40589, 8e2c8569-b56d-4caa-8510-f5a0514c4132:192.168.5.181:33755] with ContainerStateMachine:uninitialized
2019-09-19 13:26:13,470 [grpc-default-executor-2] INFO  impl.RaftServerProxy (RaftServerProxy.java:addNew(89)) - 8e2c8569-b56d-4caa-8510-f5a0514c4132: addNew group-D93A538D59EE:[37dc332b-bfed-4dfc-81f7-bf33614aca4c:192.168.5.181:35506, 1f9acb71-0682-4e3f-a92c-28dcdab1fe2b:192.168.5.181:40589, 8e2c8569-b56d-4caa-8510-f5a0514c4132:192.168.5.181:33755] returns group-D93A538D59EE:java.util.concurrent.CompletableFuture@83f223f[Not completed]
2019-09-19 13:26:13,470 [pool-57-thread-1] INFO  server.RaftServerConfigKeys (ConfUtils.java:logGet(43)) - raft.server.rpc.timeout.min = 5s (custom)
2019-09-19 13:26:13,470 [pool-57-thread-1] INFO  server.RaftServerConfigKeys (ConfUtils.java:logGet(43)) - raft.server.rpc.timeout.max = 5200ms (custom)
2019-09-19 13:26:13,470 [pool-57-thread-1] INFO  server.RaftServerConfigKeys (ConfUtils.java:logGet(43)) - raft.server.rpcslowness.timeout = 1000s (custom)
2019-09-19 13:26:13,470 [grpc-default-executor-0] INFO  impl.RaftServerProxy (RaftServerProxy.java:addNew(89)) - 37dc332b-bfed-4dfc-81f7-bf33614aca4c: addNew group-D93A538D59EE:[37dc332b-bfed-4dfc-81f7-bf33614aca4c:192.168.5.181:35506, 1f9acb71-0682-4e3f-a92c-28dcdab1fe2b:192.168.5.181:40589, 8e2c8569-b56d-4caa-8510-f5a0514c4132:192.168.5.181:33755] returns group-D93A538D59EE:java.util.concurrent.CompletableFuture@616f5fa8[Not completed]
2019-09-19 13:26:13,470 [pool-57-thread-1] INFO  server.RaftServerConfigKeys (ConfUtils.java:logGet(43)) - raft.server.sleep.deviation.threshold = 300 (default)
2019-09-19 13:26:13,471 [pool-57-thread-1] INFO  server.RaftServerConfigKeys (ConfUtils.java:logGet(43)) - raft.server.log.appender.install.snapshot.enabled = false (custom)
2019-09-19 13:26:13,471 [pool-57-thread-1] INFO  impl.RaftServerImpl (ServerState.java:<init>(103)) - 1f9acb71-0682-4e3f-a92c-28dcdab1fe2b@group-D93A538D59EE: ConfigurationManager, init=-1: [37dc332b-bfed-4dfc-81f7-bf33614aca4c:192.168.5.181:35506, 1f9acb71-0682-4e3f-a92c-28dcdab1fe2b:192.168.5.181:40589, 8e2c8569-b56d-4caa-8510-f5a0514c4132:192.168.5.181:33755], old=null, confs=<EMPTY_MAP>
2019-09-19 13:26:13,471 [pool-27-thread-1] INFO  impl.RaftServerImpl (RaftServerImpl.java:<init>(95)) - 8e2c8569-b56d-4caa-8510-f5a0514c4132: new RaftServerImpl for group-D93A538D59EE:[37dc332b-bfed-4dfc-81f7-bf33614aca4c:192.168.5.181:35506, 1f9acb71-0682-4e3f-a92c-28dcdab1fe2b:192.168.5.181:40589, 8e2c8569-b56d-4caa-8510-f5a0514c4132:192.168.5.181:33755] with ContainerStateMachine:uninitialized
2019-09-19 13:26:13,471 [pool-57-thread-1] INFO  server.RaftServerConfigKeys (ConfUtils.java:logGet(43)) - raft.server.storage.dir = [/workdir/hadoop-ozone/integration-test/target/test-dir/MiniOzoneClusterImpl-0b0855db-21d1-4d4e-a30c-b213e2aa266a/datanode-3/data/ratis] (custom)
2019-09-19 13:26:13,471 [pool-27-thread-1] INFO  server.RaftServerConfigKeys (ConfUtils.java:logGet(43)) - raft.server.rpc.timeout.min = 5s (custom)
2019-09-19 13:26:13,471 [pool-27-thread-1] INFO  server.RaftServerConfigKeys (ConfUtils.java:logGet(43)) - raft.server.rpc.timeout.max = 5200ms (custom)
2019-09-19 13:26:13,471 [pool-27-thread-1] INFO  server.RaftServerConfigKeys (ConfUtils.java:logGet(43)) - raft.server.rpcslowness.timeout = 1000s (custom)
2019-09-19 13:26:13,471 [pool-57-thread-1] INFO  storage.RaftStorageDirectory (RaftStorageDirectory.java:analyzeStorage(246)) - The storage directory /workdir/hadoop-ozone/integration-test/target/test-dir/MiniOzoneClusterImpl-0b0855db-21d1-4d4e-a30c-b213e2aa266a/datanode-3/data/ratis/60f8e1a8-03e7-49e2-b31c-d93a538d59ee does not exist. Creating ...
2019-09-19 13:26:13,471 [pool-47-thread-1] INFO  impl.RaftServerImpl (RaftServerImpl.java:<init>(95)) - 37dc332b-bfed-4dfc-81f7-bf33614aca4c: new RaftServerImpl for group-D93A538D59EE:[37dc332b-bfed-4dfc-81f7-bf33614aca4c:192.168.5.181:35506, 1f9acb71-0682-4e3f-a92c-28dcdab1fe2b:192.168.5.181:40589, 8e2c8569-b56d-4caa-8510-f5a0514c4132:192.168.5.181:33755] with ContainerStateMachine:uninitialized
2019-09-19 13:26:13,471 [pool-27-thread-1] INFO  server.RaftServerConfigKeys (ConfUtils.java:logGet(43)) - raft.server.sleep.deviation.threshold = 300 (default)
2019-09-19 13:26:13,472 [pool-47-thread-1] INFO  server.RaftServerConfigKeys (ConfUtils.java:logGet(43)) - raft.server.rpc.timeout.min = 5s (custom)
2019-09-19 13:26:13,472 [pool-27-thread-1] INFO  server.RaftServerConfigKeys (ConfUtils.java:logGet(43)) - raft.server.log.appender.install.snapshot.enabled = false (custom)
2019-09-19 13:26:13,472 [pool-47-thread-1] INFO  server.RaftServerConfigKeys (ConfUtils.java:logGet(43)) - raft.server.rpc.timeout.max = 5200ms (custom)
2019-09-19 13:26:13,472 [pool-27-thread-1] INFO  impl.RaftServerImpl (ServerState.java:<init>(103)) - 8e2c8569-b56d-4caa-8510-f5a0514c4132@group-D93A538D59EE: ConfigurationManager, init=-1: [37dc332b-bfed-4dfc-81f7-bf33614aca4c:192.168.5.181:35506, 1f9acb71-0682-4e3f-a92c-28dcdab1fe2b:192.168.5.181:40589, 8e2c8569-b56d-4caa-8510-f5a0514c4132:192.168.5.181:33755], old=null, confs=<EMPTY_MAP>
2019-09-19 13:26:13,472 [pool-47-thread-1] INFO  server.RaftServerConfigKeys (ConfUtils.java:logGet(43)) - raft.server.rpcslowness.timeout = 1000s (custom)
2019-09-19 13:26:13,472 [pool-27-thread-1] INFO  server.RaftServerConfigKeys (ConfUtils.java:logGet(43)) - raft.server.storage.dir = [/workdir/hadoop-ozone/integration-test/target/test-dir/MiniOzoneClusterImpl-0b0855db-21d1-4d4e-a30c-b213e2aa266a/datanode-0/data/ratis] (custom)
2019-09-19 13:26:13,472 [pool-47-thread-1] INFO  server.RaftServerConfigKeys (ConfUtils.java:logGet(43)) - raft.server.sleep.deviation.threshold = 300 (default)
2019-09-19 13:26:13,472 [pool-47-thread-1] INFO  server.RaftServerConfigKeys (ConfUtils.java:logGet(43)) - raft.server.log.appender.install.snapshot.enabled = false (custom)
2019-09-19 13:26:13,472 [pool-27-thread-1] INFO  storage.RaftStorageDirectory (RaftStorageDirectory.java:analyzeStorage(246)) - The storage directory /workdir/hadoop-ozone/integration-test/target/test-dir/MiniOzoneClusterImpl-0b0855db-21d1-4d4e-a30c-b213e2aa266a/datanode-0/data/ratis/60f8e1a8-03e7-49e2-b31c-d93a538d59ee does not exist. Creating ...
2019-09-19 13:26:13,472 [pool-47-thread-1] INFO  impl.RaftServerImpl (ServerState.java:<init>(103)) - 37dc332b-bfed-4dfc-81f7-bf33614aca4c@group-D93A538D59EE: ConfigurationManager, init=-1: [37dc332b-bfed-4dfc-81f7-bf33614aca4c:192.168.5.181:35506, 1f9acb71-0682-4e3f-a92c-28dcdab1fe2b:192.168.5.181:40589, 8e2c8569-b56d-4caa-8510-f5a0514c4132:192.168.5.181:33755], old=null, confs=<EMPTY_MAP>
2019-09-19 13:26:13,473 [pool-47-thread-1] INFO  server.RaftServerConfigKeys (ConfUtils.java:logGet(43)) - raft.server.storage.dir = [/workdir/hadoop-ozone/integration-test/target/test-dir/MiniOzoneClusterImpl-0b0855db-21d1-4d4e-a30c-b213e2aa266a/datanode-2/data/ratis] (custom)
2019-09-19 13:26:13,473 [pool-47-thread-1] INFO  storage.RaftStorageDirectory (RaftStorageDirectory.java:analyzeStorage(246)) - The storage directory /workdir/hadoop-ozone/integration-test/target/test-dir/MiniOzoneClusterImpl-0b0855db-21d1-4d4e-a30c-b213e2aa266a/datanode-2/data/ratis/60f8e1a8-03e7-49e2-b31c-d93a538d59ee does not exist. Creating ...
2019-09-19 13:26:13,485 [pool-27-thread-1] INFO  storage.RaftStorageDirectory (RaftStorageDirectory.java:tryLock(328)) - Lock on /workdir/hadoop-ozone/integration-test/target/test-dir/MiniOzoneClusterImpl-0b0855db-21d1-4d4e-a30c-b213e2aa266a/datanode-0/data/ratis/60f8e1a8-03e7-49e2-b31c-d93a538d59ee/in_use.lock acquired by nodename 30857@pr-hdds-2127-gbf5v-3232674251
2019-09-19 13:26:13,485 [pool-57-thread-1] INFO  storage.RaftStorageDirectory (RaftStorageDirectory.java:tryLock(328)) - Lock on /workdir/hadoop-ozone/integration-test/target/test-dir/MiniOzoneClusterImpl-0b0855db-21d1-4d4e-a30c-b213e2aa266a/datanode-3/data/ratis/60f8e1a8-03e7-49e2-b31c-d93a538d59ee/in_use.lock acquired by nodename 30857@pr-hdds-2127-gbf5v-3232674251
2019-09-19 13:26:13,485 [pool-47-thread-1] INFO  storage.RaftStorageDirectory (RaftStorageDirectory.java:tryLock(328)) - Lock on /workdir/hadoop-ozone/integration-test/target/test-dir/MiniOzoneClusterImpl-0b0855db-21d1-4d4e-a30c-b213e2aa266a/datanode-2/data/ratis/60f8e1a8-03e7-49e2-b31c-d93a538d59ee/in_use.lock acquired by nodename 30857@pr-hdds-2127-gbf5v-3232674251
2019-09-19 13:26:13,499 [pool-47-thread-1] INFO  storage.RaftStorage (RaftStorage.java:format(72)) - Storage directory /workdir/hadoop-ozone/integration-test/target/test-dir/MiniOzoneClusterImpl-0b0855db-21d1-4d4e-a30c-b213e2aa266a/datanode-2/data/ratis/60f8e1a8-03e7-49e2-b31c-d93a538d59ee has been successfully formatted.
2019-09-19 13:26:13,499 [pool-57-thread-1] INFO  storage.RaftStorage (RaftStorage.java:format(72)) - Storage directory /workdir/hadoop-ozone/integration-test/target/test-dir/MiniOzoneClusterImpl-0b0855db-21d1-4d4e-a30c-b213e2aa266a/datanode-3/data/ratis/60f8e1a8-03e7-49e2-b31c-d93a538d59ee has been successfully formatted.
2019-09-19 13:26:13,499 [pool-27-thread-1] INFO  storage.RaftStorage (RaftStorage.java:format(72)) - Storage directory /workdir/hadoop-ozone/integration-test/target/test-dir/MiniOzoneClusterImpl-0b0855db-21d1-4d4e-a30c-b213e2aa266a/datanode-0/data/ratis/60f8e1a8-03e7-49e2-b31c-d93a538d59ee has been successfully formatted.
2019-09-19 13:26:13,499 [pool-47-thread-1] INFO  ratis.ContainerStateMachine (ContainerStateMachine.java:loadSnapshot(230)) - group-D93A538D59EE: The snapshot info is null. Setting the last applied indexto:(t:0, i:~)
2019-09-19 13:26:13,499 [pool-57-thread-1] INFO  ratis.ContainerStateMachine (ContainerStateMachine.java:loadSnapshot(230)) - group-D93A538D59EE: The snapshot info is null. Setting the last applied indexto:(t:0, i:~)
2019-09-19 13:26:13,499 [pool-47-thread-1] INFO  server.RaftServerConfigKeys (ConfUtils.java:logGet(43)) - raft.server.notification.no-leader.timeout = 1000s (custom)
2019-09-19 13:26:13,499 [pool-27-thread-1] INFO  ratis.ContainerStateMachine (ContainerStateMachine.java:loadSnapshot(230)) - group-D93A538D59EE: The snapshot info is null. Setting the last applied indexto:(t:0, i:~)
2019-09-19 13:26:13,499 [pool-47-thread-1] INFO  server.RaftServerConfigKeys (ConfUtils.java:logGet(43)) - raft.server.log.use.memory = false (default)
2019-09-19 13:26:13,499 [pool-57-thread-1] INFO  server.RaftServerConfigKeys (ConfUtils.java:logGet(43)) - raft.server.notification.no-leader.timeout = 1000s (custom)
2019-09-19 13:26:13,500 [pool-47-thread-1] INFO  server.RaftServerConfigKeys (ConfUtils.java:logGet(43)) - raft.server.log.purge.gap = 1000000 (custom)
2019-09-19 13:26:13,500 [pool-27-thread-1] INFO  server.RaftServerConfigKeys (ConfUtils.java:logGet(43)) - raft.server.notification.no-leader.timeout = 1000s (custom)
2019-09-19 13:26:13,500 [pool-47-thread-1] INFO  server.RaftServerConfigKeys (ConfUtils.java:logGet(43)) - raft.server.log.appender.buffer.byte-limit = 33554432 (custom)
2019-09-19 13:26:13,500 [pool-57-thread-1] INFO  server.RaftServerConfigKeys (ConfUtils.java:logGet(43)) - raft.server.log.use.memory = false (default)
2019-09-19 13:26:13,500 [pool-47-thread-1] INFO  server.RaftServerConfigKeys (ConfUtils.java:logGet(43)) - raft.server.log.segment.size.max = 1048576 (custom)
2019-09-19 13:26:13,500 [pool-27-thread-1] INFO  server.RaftServerConfigKeys (ConfUtils.java:logGet(43)) - raft.server.log.use.memory = false (default)
2019-09-19 13:26:13,500 [pool-47-thread-1] INFO  server.RaftServerConfigKeys (ConfUtils.java:logGet(43)) - raft.server.log.segment.cache.num.max = 2 (custom)
2019-09-19 13:26:13,500 [pool-57-thread-1] INFO  server.RaftServerConfigKeys (ConfUtils.java:logGet(43)) - raft.server.log.purge.gap = 1000000 (custom)
2019-09-19 13:26:13,501 [pool-47-thread-1] INFO  segmented.SegmentedRaftLogWorker (SegmentedRaftLogWorker.java:<init>(172)) - new 37dc332b-bfed-4dfc-81f7-bf33614aca4c@group-D93A538D59EE-SegmentedRaftLogWorker for RaftStorage:Storage Directory /workdir/hadoop-ozone/integration-test/target/test-dir/MiniOzoneClusterImpl-0b0855db-21d1-4d4e-a30c-b213e2aa266a/datanode-2/data/ratis/60f8e1a8-03e7-49e2-b31c-d93a538d59ee
2019-09-19 13:26:13,500 [pool-27-thread-1] INFO  server.RaftServerConfigKeys (ConfUtils.java:logGet(43)) - raft.server.log.purge.gap = 1000000 (custom)
2019-09-19 13:26:13,501 [pool-47-thread-1] INFO  server.RaftServerConfigKeys (ConfUtils.java:logGet(43)) - raft.server.log.queue.byte-limit = 2147483647 (custom)
2019-09-19 13:26:13,501 [pool-57-thread-1] INFO  server.RaftServerConfigKeys (ConfUtils.java:logGet(43)) - raft.server.log.appender.buffer.byte-limit = 33554432 (custom)
2019-09-19 13:26:13,501 [pool-47-thread-1] INFO  server.RaftServerConfigKeys (ConfUtils.java:logGet(43)) - raft.server.log.queue.element-limit = 1024 (custom)
2019-09-19 13:26:13,501 [pool-27-thread-1] INFO  server.RaftServerConfigKeys (ConfUtils.java:logGet(43)) - raft.server.log.appender.buffer.byte-limit = 33554432 (custom)
2019-09-19 13:26:13,501 [pool-47-thread-1] INFO  server.RaftServerConfigKeys (ConfUtils.java:logGet(43)) - raft.server.log.segment.size.max = 1048576 (custom)
2019-09-19 13:26:13,501 [pool-57-thread-1] INFO  server.RaftServerConfigKeys (ConfUtils.java:logGet(43)) - raft.server.log.segment.size.max = 1048576 (custom)
2019-09-19 13:26:13,502 [pool-47-thread-1] INFO  server.RaftServerConfigKeys (ConfUtils.java:logGet(43)) - raft.server.log.preallocated.size = 16384 (custom)
2019-09-19 13:26:13,501 [pool-27-thread-1] INFO  server.RaftServerConfigKeys (ConfUtils.java:logGet(43)) - raft.server.log.segment.size.max = 1048576 (custom)
2019-09-19 13:26:13,502 [pool-47-thread-1] INFO  server.RaftServerConfigKeys (ConfUtils.java:logGet(43)) - raft.server.log.write.buffer.size = 33554432 (custom)
2019-09-19 13:26:13,502 [pool-57-thread-1] INFO  server.RaftServerConfigKeys (ConfUtils.java:logGet(43)) - raft.server.log.segment.cache.num.max = 2 (custom)
2019-09-19 13:26:13,502 [pool-47-thread-1] INFO  server.RaftServerConfigKeys (ConfUtils.java:logGet(43)) - raft.server.log.force.sync.num = 128 (default)
2019-09-19 13:26:13,502 [pool-27-thread-1] INFO  server.RaftServerConfigKeys (ConfUtils.java:logGet(43)) - raft.server.log.segment.cache.num.max = 2 (custom)
2019-09-19 13:26:13,502 [pool-47-thread-1] INFO  server.RaftServerConfigKeys (ConfUtils.java:logGet(43)) - raft.server.log.statemachine.data.sync = true (default)
2019-09-19 13:26:13,502 [pool-57-thread-1] INFO  segmented.SegmentedRaftLogWorker (SegmentedRaftLogWorker.java:<init>(172)) - new 1f9acb71-0682-4e3f-a92c-28dcdab1fe2b@group-D93A538D59EE-SegmentedRaftLogWorker for RaftStorage:Storage Directory /workdir/hadoop-ozone/integration-test/target/test-dir/MiniOzoneClusterImpl-0b0855db-21d1-4d4e-a30c-b213e2aa266a/datanode-3/data/ratis/60f8e1a8-03e7-49e2-b31c-d93a538d59ee
2019-09-19 13:26:13,503 [pool-47-thread-1] INFO  server.RaftServerConfigKeys (ConfUtils.java:logGet(43)) - raft.server.log.statemachine.data.sync.timeout = 10s (default)
2019-09-19 13:26:13,502 [pool-27-thread-1] INFO  segmented.SegmentedRaftLogWorker (SegmentedRaftLogWorker.java:<init>(172)) - new 8e2c8569-b56d-4caa-8510-f5a0514c4132@group-D93A538D59EE-SegmentedRaftLogWorker for RaftStorage:Storage Directory /workdir/hadoop-ozone/integration-test/target/test-dir/MiniOzoneClusterImpl-0b0855db-21d1-4d4e-a30c-b213e2aa266a/datanode-0/data/ratis/60f8e1a8-03e7-49e2-b31c-d93a538d59ee
2019-09-19 13:26:13,503 [pool-47-thread-1] INFO  server.RaftServerConfigKeys (ConfUtils.java:logGet(43)) - raft.server.log.statemachine.data.sync.timeout.retry = -1 (default)
2019-09-19 13:26:13,503 [pool-57-thread-1] INFO  server.RaftServerConfigKeys (ConfUtils.java:logGet(43)) - raft.server.log.queue.byte-limit = 2147483647 (custom)
2019-09-19 13:26:13,503 [pool-47-thread-1] INFO  server.RaftServerConfigKeys (ConfUtils.java:logGet(43)) - raft.server.log.statemachine.data.caching.enabled = true (custom)
2019-09-19 13:26:13,503 [pool-27-thread-1] INFO  server.RaftServerConfigKeys (ConfUtils.java:logGet(43)) - raft.server.log.queue.byte-limit = 2147483647 (custom)
2019-09-19 13:26:13,503 [pool-57-thread-1] INFO  server.RaftServerConfigKeys (ConfUtils.java:logGet(43)) - raft.server.log.queue.element-limit = 1024 (custom)
2019-09-19 13:26:13,503 [pool-47-thread-1] INFO  segmented.SegmentedRaftLogWorker (SegmentedRaftLogWorker.java:lambda$new$0(132)) - 37dc332b-bfed-4dfc-81f7-bf33614aca4c@group-D93A538D59EE-SegmentedRaftLogWorker: flushIndex: setUnconditionally 0 -> -1
2019-09-19 13:26:13,503 [pool-27-thread-1] INFO  server.RaftServerConfigKeys (ConfUtils.java:logGet(43)) - raft.server.log.queue.element-limit = 1024 (custom)
2019-09-19 13:26:13,504 [pool-57-thread-1] INFO  server.RaftServerConfigKeys (ConfUtils.java:logGet(43)) - raft.server.log.segment.size.max = 1048576 (custom)
2019-09-19 13:26:13,504 [pool-47-thread-1] INFO  server.RaftServerConfigKeys (ConfUtils.java:logGet(43)) - raft.server.snapshot.auto.trigger.enabled = true (custom)
2019-09-19 13:26:13,504 [pool-57-thread-1] INFO  server.RaftServerConfigKeys (ConfUtils.java:logGet(43)) - raft.server.log.preallocated.size = 16384 (custom)
2019-09-19 13:26:13,504 [pool-27-thread-1] INFO  server.RaftServerConfigKeys (ConfUtils.java:logGet(43)) - raft.server.log.segment.size.max = 1048576 (custom)
2019-09-19 13:26:13,504 [pool-57-thread-1] INFO  server.RaftServerConfigKeys (ConfUtils.java:logGet(43)) - raft.server.log.write.buffer.size = 33554432 (custom)
2019-09-19 13:26:13,504 [pool-47-thread-1] INFO  server.RaftServerConfigKeys (ConfUtils.java:logGet(43)) - raft.server.snapshot.auto.trigger.threshold = 10000 (custom)
2019-09-19 13:26:13,505 [pool-57-thread-1] INFO  server.RaftServerConfigKeys (ConfUtils.java:logGet(43)) - raft.server.log.force.sync.num = 128 (default)
2019-09-19 13:26:13,504 [pool-27-thread-1] INFO  server.RaftServerConfigKeys (ConfUtils.java:logGet(43)) - raft.server.log.preallocated.size = 16384 (custom)
2019-09-19 13:26:13,505 [pool-57-thread-1] INFO  server.RaftServerConfigKeys (ConfUtils.java:logGet(43)) - raft.server.log.statemachine.data.sync = true (default)
2019-09-19 13:26:13,505 [pool-47-thread-1] INFO  server.RaftServerConfigKeys (ConfUtils.java:logGet(43)) - raft.server.snapshot.retention.num.files = 5 (custom)
2019-09-19 13:26:13,505 [pool-57-thread-1] INFO  server.RaftServerConfigKeys (ConfUtils.java:logGet(43)) - raft.server.log.statemachine.data.sync.timeout = 10s (default)
2019-09-19 13:26:13,505 [pool-27-thread-1] INFO  server.RaftServerConfigKeys (ConfUtils.java:logGet(43)) - raft.server.log.write.buffer.size = 33554432 (custom)
2019-09-19 13:26:13,505 [pool-57-thread-1] INFO  server.RaftServerConfigKeys (ConfUtils.java:logGet(43)) - raft.server.log.statemachine.data.sync.timeout.retry = -1 (default)
2019-09-19 13:26:13,505 [pool-47-thread-1] INFO  server.RaftServerConfigKeys (ConfUtils.java:logGet(43)) - raft.server.retrycache.expirytime = 600000ms (custom)
2019-09-19 13:26:13,505 [pool-27-thread-1] INFO  server.RaftServerConfigKeys (ConfUtils.java:logGet(43)) - raft.server.log.force.sync.num = 128 (default)
2019-09-19 13:26:13,506 [pool-57-thread-1] INFO  server.RaftServerConfigKeys (ConfUtils.java:logGet(43)) - raft.server.log.statemachine.data.caching.enabled = true (custom)
2019-09-19 13:26:13,506 [pool-27-thread-1] INFO  server.RaftServerConfigKeys (ConfUtils.java:logGet(43)) - raft.server.log.statemachine.data.sync = true (default)
2019-09-19 13:26:13,506 [pool-27-thread-1] INFO  server.RaftServerConfigKeys (ConfUtils.java:logGet(43)) - raft.server.log.statemachine.data.sync.timeout = 10s (default)
2019-09-19 13:26:13,506 [pool-57-thread-1] INFO  segmented.SegmentedRaftLogWorker (SegmentedRaftLogWorker.java:lambda$new$0(132)) - 1f9acb71-0682-4e3f-a92c-28dcdab1fe2b@group-D93A538D59EE-SegmentedRaftLogWorker: flushIndex: setUnconditionally 0 -> -1
2019-09-19 13:26:13,506 [pool-27-thread-1] INFO  server.RaftServerConfigKeys (ConfUtils.java:logGet(43)) - raft.server.log.statemachine.data.sync.timeout.retry = -1 (default)
2019-09-19 13:26:13,507 [pool-27-thread-1] INFO  server.RaftServerConfigKeys (ConfUtils.java:logGet(43)) - raft.server.log.statemachine.data.caching.enabled = true (custom)
2019-09-19 13:26:13,507 [pool-57-thread-1] INFO  server.RaftServerConfigKeys (ConfUtils.java:logGet(43)) - raft.server.snapshot.auto.trigger.enabled = true (custom)
2019-09-19 13:26:13,507 [pool-27-thread-1] INFO  segmented.SegmentedRaftLogWorker (SegmentedRaftLogWorker.java:lambda$new$0(132)) - 8e2c8569-b56d-4caa-8510-f5a0514c4132@group-D93A538D59EE-SegmentedRaftLogWorker: flushIndex: setUnconditionally 0 -> -1
2019-09-19 13:26:13,507 [pool-57-thread-1] INFO  server.RaftServerConfigKeys (ConfUtils.java:logGet(43)) - raft.server.snapshot.auto.trigger.threshold = 10000 (custom)
2019-09-19 13:26:13,507 [pool-27-thread-1] INFO  server.RaftServerConfigKeys (ConfUtils.java:logGet(43)) - raft.server.snapshot.auto.trigger.enabled = true (custom)
2019-09-19 13:26:13,507 [pool-57-thread-1] INFO  server.RaftServerConfigKeys (ConfUtils.java:logGet(43)) - raft.server.snapshot.retention.num.files = 5 (custom)
2019-09-19 13:26:13,507 [pool-27-thread-1] INFO  server.RaftServerConfigKeys (ConfUtils.java:logGet(43)) - raft.server.snapshot.auto.trigger.threshold = 10000 (custom)
2019-09-19 13:26:13,507 [pool-27-thread-1] INFO  server.RaftServerConfigKeys (ConfUtils.java:logGet(43)) - raft.server.snapshot.retention.num.files = 5 (custom)
2019-09-19 13:26:13,507 [pool-57-thread-1] INFO  server.RaftServerConfigKeys (ConfUtils.java:logGet(43)) - raft.server.retrycache.expirytime = 600000ms (custom)
2019-09-19 13:26:13,508 [pool-27-thread-1] INFO  server.RaftServerConfigKeys (ConfUtils.java:logGet(43)) - raft.server.retrycache.expirytime = 600000ms (custom)
2019-09-19 13:26:13,508 [pool-47-thread-1] INFO  impl.RaftServerImpl (RaftServerImpl.java:start(185)) - 37dc332b-bfed-4dfc-81f7-bf33614aca4c@group-D93A538D59EE: start as a follower, conf=-1: [37dc332b-bfed-4dfc-81f7-bf33614aca4c:192.168.5.181:35506, 1f9acb71-0682-4e3f-a92c-28dcdab1fe2b:192.168.5.181:40589, 8e2c8569-b56d-4caa-8510-f5a0514c4132:192.168.5.181:33755], old=null
2019-09-19 13:26:13,508 [pool-47-thread-1] INFO  impl.RaftServerImpl (RaftServerImpl.java:setRole(174)) - 37dc332b-bfed-4dfc-81f7-bf33614aca4c@group-D93A538D59EE: changes role from      null to FOLLOWER at term 0 for startAsFollower
2019-09-19 13:26:13,508 [pool-47-thread-1] INFO  impl.RoleInfo (RoleInfo.java:updateAndGet(143)) - 37dc332b-bfed-4dfc-81f7-bf33614aca4c: start FollowerState
2019-09-19 13:26:13,508 [pool-47-thread-1] INFO  util.JmxRegister (JmxRegister.java:tryRegister(44)) - Successfully registered JMX Bean with object name Ratis:service=RaftServer,group=group-D93A538D59EE,id=37dc332b-bfed-4dfc-81f7-bf33614aca4c
2019-09-19 13:26:13,513 [pool-57-thread-1] INFO  impl.RaftServerImpl (RaftServerImpl.java:start(185)) - 1f9acb71-0682-4e3f-a92c-28dcdab1fe2b@group-D93A538D59EE: start as a follower, conf=-1: [37dc332b-bfed-4dfc-81f7-bf33614aca4c:192.168.5.181:35506, 1f9acb71-0682-4e3f-a92c-28dcdab1fe2b:192.168.5.181:40589, 8e2c8569-b56d-4caa-8510-f5a0514c4132:192.168.5.181:33755], old=null
2019-09-19 13:26:13,514 [pool-27-thread-1] INFO  impl.RaftServerImpl (RaftServerImpl.java:start(185)) - 8e2c8569-b56d-4caa-8510-f5a0514c4132@group-D93A538D59EE: start as a follower, conf=-1: [37dc332b-bfed-4dfc-81f7-bf33614aca4c:192.168.5.181:35506, 1f9acb71-0682-4e3f-a92c-28dcdab1fe2b:192.168.5.181:40589, 8e2c8569-b56d-4caa-8510-f5a0514c4132:192.168.5.181:33755], old=null
2019-09-19 13:26:13,515 [pool-57-thread-1] INFO  impl.RaftServerImpl (RaftServerImpl.java:setRole(174)) - 1f9acb71-0682-4e3f-a92c-28dcdab1fe2b@group-D93A538D59EE: changes role from      null to FOLLOWER at term 0 for startAsFollower
2019-09-19 13:26:13,515 [pool-27-thread-1] INFO  impl.RaftServerImpl (RaftServerImpl.java:setRole(174)) - 8e2c8569-b56d-4caa-8510-f5a0514c4132@group-D93A538D59EE: changes role from      null to FOLLOWER at term 0 for startAsFollower
2019-09-19 13:26:13,515 [pool-57-thread-1] INFO  impl.RoleInfo (RoleInfo.java:updateAndGet(143)) - 1f9acb71-0682-4e3f-a92c-28dcdab1fe2b: start FollowerState
2019-09-19 13:26:13,516 [pool-27-thread-1] INFO  impl.RoleInfo (RoleInfo.java:updateAndGet(143)) - 8e2c8569-b56d-4caa-8510-f5a0514c4132: start FollowerState
2019-09-19 13:26:13,516 [pool-57-thread-1] INFO  util.JmxRegister (JmxRegister.java:tryRegister(44)) - Successfully registered JMX Bean with object name Ratis:service=RaftServer,group=group-D93A538D59EE,id=1f9acb71-0682-4e3f-a92c-28dcdab1fe2b
2019-09-19 13:26:13,516 [pool-27-thread-1] INFO  util.JmxRegister (JmxRegister.java:tryRegister(44)) - Successfully registered JMX Bean with object name Ratis:service=RaftServer,group=group-D93A538D59EE,id=8e2c8569-b56d-4caa-8510-f5a0514c4132
2019-09-19 13:26:13,533 [RatisPipelineUtilsThread] INFO  pipeline.PipelineStateManager (PipelineStateManager.java:addPipeline(56)) - Created pipeline Pipeline[ Id: 60f8e1a8-03e7-49e2-b31c-d93a538d59ee, Nodes: 37dc332b-bfed-4dfc-81f7-bf33614aca4c{ip: 192.168.5.181, host: pr-hdds-2127-gbf5v-3232674251, networkLocation: /default-rack, certSerialId: null}1f9acb71-0682-4e3f-a92c-28dcdab1fe2b{ip: 192.168.5.181, host: pr-hdds-2127-gbf5v-3232674251, networkLocation: /default-rack, certSerialId: null}8e2c8569-b56d-4caa-8510-f5a0514c4132{ip: 192.168.5.181, host: pr-hdds-2127-gbf5v-3232674251, networkLocation: /default-rack, certSerialId: null}, Type:RATIS, Factor:THREE, State:OPEN]
2019-09-19 13:26:13,934 [Command processor thread] ERROR commandhandler.CloseContainerCommandHandler (CloseContainerCommandHandler.java:handle(84)) - Container #1 does not exist in datanode. Container close failed.
2019-09-19 13:26:13,981 [Thread-193] INFO  container.ReplicationManager (ReplicationManager.java:start(169)) - Replication Monitor Thread is already running.
2019-09-19 13:26:14,005 [Command processor thread] ERROR commandhandler.CloseContainerCommandHandler (CloseContainerCommandHandler.java:handle(84)) - Container #1 does not exist in datanode. Container close failed.
2019-09-19 13:26:14,083 [Command processor thread] ERROR commandhandler.CloseContainerCommandHandler (CloseContainerCommandHandler.java:handle(84)) - Container #1 does not exist in datanode. Container close failed.
2019-09-19 13:26:14,165 [ReplicationMonitor] INFO  container.ReplicationManager (ReplicationManager.java:run(225)) - Replication Monitor Thread took 1 milliseconds for processing 1 containers.
2019-09-19 13:26:14,337 [grpc-default-executor-2] INFO  client.GrpcClientProtocolClient (GrpcClientProtocolClient.java:onNext(264)) - client-83F988FE9929->8e2c8569-b56d-4caa-8510-f5a0514c4132: receive RaftClientReply:client-83F988FE9929->8e2c8569-b56d-4caa-8510-f5a0514c4132@group-E0E80B05C055, cid=8, FAILED org.apache.ratis.protocol.NotLeaderException: Server 8e2c8569-b56d-4caa-8510-f5a0514c4132@group-E0E80B05C055 is not the leader, logIndex=0, commits[8e2c8569-b56d-4caa-8510-f5a0514c4132:c-1]
2019-09-19 13:26:15,363 [grpc-default-executor-0] INFO  client.GrpcClientProtocolClient (GrpcClientProtocolClient.java:onNext(264)) - client-83F988FE9929->696a3a0c-936b-4864-a843-1f7076bcd00a: receive RaftClientReply:client-83F988FE9929->696a3a0c-936b-4864-a843-1f7076bcd00a@group-E0E80B05C055, cid=8, FAILED org.apache.ratis.protocol.NotLeaderException: Server 696a3a0c-936b-4864-a843-1f7076bcd00a@group-E0E80B05C055 is not the leader, logIndex=0, commits[696a3a0c-936b-4864-a843-1f7076bcd00a:c-1]
2019-09-19 13:26:16,166 [ReplicationMonitor] INFO  container.ReplicationManager (ReplicationManager.java:run(225)) - Replication Monitor Thread took 0 milliseconds for processing 1 containers.
2019-09-19 13:26:16,392 [grpc-default-executor-0] INFO  client.GrpcClientProtocolClient (GrpcClientProtocolClient.java:onNext(264)) - client-83F988FE9929->37dc332b-bfed-4dfc-81f7-bf33614aca4c: receive RaftClientReply:client-83F988FE9929->37dc332b-bfed-4dfc-81f7-bf33614aca4c@group-E0E80B05C055, cid=8, FAILED org.apache.ratis.protocol.NotLeaderException: Server 37dc332b-bfed-4dfc-81f7-bf33614aca4c@group-E0E80B05C055 is not the leader, logIndex=0, commits[37dc332b-bfed-4dfc-81f7-bf33614aca4c:c-1]
2019-09-19 13:26:16,754 [Thread-195] INFO  impl.FollowerState (FollowerState.java:run(106)) - 8e2c8569-b56d-4caa-8510-f5a0514c4132:group-2B8D1748994A changes to CANDIDATE, lastRpcTime:5060, electionTimeout:5059ms
2019-09-19 13:26:16,758 [Thread-195] INFO  impl.RoleInfo (RoleInfo.java:shutdownFollowerState(121)) - 8e2c8569-b56d-4caa-8510-f5a0514c4132: shutdown FollowerState
2019-09-19 13:26:16,759 [Thread-195] INFO  impl.RaftServerImpl (RaftServerImpl.java:setRole(174)) - 8e2c8569-b56d-4caa-8510-f5a0514c4132@group-2B8D1748994A: changes role from  FOLLOWER to CANDIDATE at term 0 for changeToCandidate
2019-09-19 13:26:16,765 [Thread-195] INFO  impl.RoleInfo (RoleInfo.java:updateAndGet(143)) - 8e2c8569-b56d-4caa-8510-f5a0514c4132: start LeaderElection
2019-09-19 13:26:16,812 [8e2c8569-b56d-4caa-8510-f5a0514c4132@group-2B8D1748994A:LeaderElection1] INFO  impl.LeaderElection (LeaderElection.java:askForVotes(182)) - 8e2c8569-b56d-4caa-8510-f5a0514c4132@group-2B8D1748994A:LeaderElection1: begin an election at term 1 for -1: [8e2c8569-b56d-4caa-8510-f5a0514c4132:192.168.5.181:33755], old=null
2019-09-19 13:26:16,814 [8e2c8569-b56d-4caa-8510-f5a0514c4132@group-2B8D1748994A:LeaderElection1] INFO  impl.RoleInfo (RoleInfo.java:shutdownLeaderElection(134)) - 8e2c8569-b56d-4caa-8510-f5a0514c4132: shutdown LeaderElection
2019-09-19 13:26:16,815 [8e2c8569-b56d-4caa-8510-f5a0514c4132@group-2B8D1748994A:LeaderElection1] INFO  impl.RaftServerImpl (RaftServerImpl.java:setRole(174)) - 8e2c8569-b56d-4caa-8510-f5a0514c4132@group-2B8D1748994A: changes role from CANDIDATE to LEADER at term 1 for changeToLeader
2019-09-19 13:26:16,816 [8e2c8569-b56d-4caa-8510-f5a0514c4132@group-2B8D1748994A:LeaderElection1] INFO  impl.RaftServerImpl (ServerState.java:setLeader(253)) - 8e2c8569-b56d-4caa-8510-f5a0514c4132@group-2B8D1748994A: change Leader from null to 8e2c8569-b56d-4caa-8510-f5a0514c4132 at term 1 for becomeLeader, leader elected after 5235ms
2019-09-19 13:26:16,823 [8e2c8569-b56d-4caa-8510-f5a0514c4132@group-2B8D1748994A:LeaderElection1] INFO  server.RaftServerConfigKeys (ConfUtils.java:logGet(43)) - raft.server.staging.catchup.gap = 1000 (default)
2019-09-19 13:26:16,823 [8e2c8569-b56d-4caa-8510-f5a0514c4132@group-2B8D1748994A:LeaderElection1] INFO  server.RaftServerConfigKeys (ConfUtils.java:logGet(43)) - raft.server.rpc.sleep.time = 25ms (default)
2019-09-19 13:26:16,827 [8e2c8569-b56d-4caa-8510-f5a0514c4132@group-2B8D1748994A:LeaderElection1] INFO  server.RaftServerConfigKeys (ConfUtils.java:logGet(43)) - raft.server.write.element-limit = 4096 (default)
2019-09-19 13:26:16,830 [8e2c8569-b56d-4caa-8510-f5a0514c4132@group-2B8D1748994A:LeaderElection1] INFO  server.RaftServerConfigKeys (ConfUtils.java:logGet(43)) - raft.server.watch.timeout = 10s (default)
2019-09-19 13:26:16,830 [8e2c8569-b56d-4caa-8510-f5a0514c4132@group-2B8D1748994A:LeaderElection1] INFO  server.RaftServerConfigKeys (ConfUtils.java:logGet(43)) - raft.server.watch.timeout.denomination = 1s (default)
2019-09-19 13:26:16,831 [8e2c8569-b56d-4caa-8510-f5a0514c4132@group-2B8D1748994A:LeaderElection1] INFO  server.RaftServerConfigKeys (ConfUtils.java:logGet(43)) - raft.server.watch.element-limit = 65536 (default)
2019-09-19 13:26:16,844 [8e2c8569-b56d-4caa-8510-f5a0514c4132@group-2B8D1748994A:LeaderElection1] INFO  impl.RoleInfo (RoleInfo.java:updateAndGet(143)) - 8e2c8569-b56d-4caa-8510-f5a0514c4132: start LeaderState
2019-09-19 13:26:16,870 [8e2c8569-b56d-4caa-8510-f5a0514c4132@group-2B8D1748994A:LeaderElection1] INFO  segmented.SegmentedRaftLogWorker (SegmentedRaftLogWorker.java:startLogSegment(380)) - 8e2c8569-b56d-4caa-8510-f5a0514c4132@group-2B8D1748994A-SegmentedRaftLogWorker: Starting segment from index:0
2019-09-19 13:26:16,880 [8e2c8569-b56d-4caa-8510-f5a0514c4132@group-2B8D1748994A:LeaderElection1] INFO  impl.RaftServerImpl (ServerState.java:setRaftConf(354)) - 8e2c8569-b56d-4caa-8510-f5a0514c4132@group-2B8D1748994A: set configuration 0: [8e2c8569-b56d-4caa-8510-f5a0514c4132:192.168.5.181:33755], old=null at 0
2019-09-19 13:26:17,049 [8e2c8569-b56d-4caa-8510-f5a0514c4132@group-2B8D1748994A-SegmentedRaftLogWorker] INFO  segmented.SegmentedRaftLogWorker (SegmentedRaftLogWorker.java:execute(569)) - 8e2c8569-b56d-4caa-8510-f5a0514c4132@group-2B8D1748994A-SegmentedRaftLogWorker: created new log segment /workdir/hadoop-ozone/integration-test/target/test-dir/MiniOzoneClusterImpl-0b0855db-21d1-4d4e-a30c-b213e2aa266a/datanode-0/data/ratis/26b0cec1-15ec-4ec8-a008-2b8d1748994a/current/log_inprogress_0
2019-09-19 13:26:17,051 [Thread-198] INFO  impl.FollowerState (FollowerState.java:run(106)) - 37dc332b-bfed-4dfc-81f7-bf33614aca4c:group-E7E75AC8F841 changes to CANDIDATE, lastRpcTime:5169, electionTimeout:5168ms
2019-09-19 13:26:17,055 [Thread-198] INFO  impl.RoleInfo (RoleInfo.java:shutdownFollowerState(121)) - 37dc332b-bfed-4dfc-81f7-bf33614aca4c: shutdown FollowerState
2019-09-19 13:26:17,055 [Thread-198] INFO  impl.RaftServerImpl (RaftServerImpl.java:setRole(174)) - 37dc332b-bfed-4dfc-81f7-bf33614aca4c@group-E7E75AC8F841: changes role from  FOLLOWER to CANDIDATE at term 0 for changeToCandidate
2019-09-19 13:26:17,056 [Thread-198] INFO  impl.RoleInfo (RoleInfo.java:updateAndGet(143)) - 37dc332b-bfed-4dfc-81f7-bf33614aca4c: start LeaderElection
2019-09-19 13:26:17,066 [37dc332b-bfed-4dfc-81f7-bf33614aca4c@group-E7E75AC8F841:LeaderElection2] INFO  impl.LeaderElection (LeaderElection.java:askForVotes(182)) - 37dc332b-bfed-4dfc-81f7-bf33614aca4c@group-E7E75AC8F841:LeaderElection2: begin an election at term 1 for -1: [37dc332b-bfed-4dfc-81f7-bf33614aca4c:192.168.5.181:35506], old=null
2019-09-19 13:26:17,067 [37dc332b-bfed-4dfc-81f7-bf33614aca4c@group-E7E75AC8F841:LeaderElection2] INFO  impl.RoleInfo (RoleInfo.java:shutdownLeaderElection(134)) - 37dc332b-bfed-4dfc-81f7-bf33614aca4c: shutdown LeaderElection
2019-09-19 13:26:17,067 [37dc332b-bfed-4dfc-81f7-bf33614aca4c@group-E7E75AC8F841:LeaderElection2] INFO  impl.RaftServerImpl (RaftServerImpl.java:setRole(174)) - 37dc332b-bfed-4dfc-81f7-bf33614aca4c@group-E7E75AC8F841: changes role from CANDIDATE to LEADER at term 1 for changeToLeader
2019-09-19 13:26:17,067 [37dc332b-bfed-4dfc-81f7-bf33614aca4c@group-E7E75AC8F841:LeaderElection2] INFO  impl.RaftServerImpl (ServerState.java:setLeader(253)) - 37dc332b-bfed-4dfc-81f7-bf33614aca4c@group-E7E75AC8F841: change Leader from null to 37dc332b-bfed-4dfc-81f7-bf33614aca4c at term 1 for becomeLeader, leader elected after 5197ms
2019-09-19 13:26:17,067 [37dc332b-bfed-4dfc-81f7-bf33614aca4c@group-E7E75AC8F841:LeaderElection2] INFO  server.RaftServerConfigKeys (ConfUtils.java:logGet(43)) - raft.server.staging.catchup.gap = 1000 (default)
2019-09-19 13:26:17,067 [37dc332b-bfed-4dfc-81f7-bf33614aca4c@group-E7E75AC8F841:LeaderElection2] INFO  server.RaftServerConfigKeys (ConfUtils.java:logGet(43)) - raft.server.rpc.sleep.time = 25ms (default)
2019-09-19 13:26:17,068 [37dc332b-bfed-4dfc-81f7-bf33614aca4c@group-E7E75AC8F841:LeaderElection2] INFO  server.RaftServerConfigKeys (ConfUtils.java:logGet(43)) - raft.server.write.element-limit = 4096 (default)
2019-09-19 13:26:17,068 [37dc332b-bfed-4dfc-81f7-bf33614aca4c@group-E7E75AC8F841:LeaderElection2] INFO  server.RaftServerConfigKeys (ConfUtils.java:logGet(43)) - raft.server.watch.timeout = 10s (default)
2019-09-19 13:26:17,068 [37dc332b-bfed-4dfc-81f7-bf33614aca4c@group-E7E75AC8F841:LeaderElection2] INFO  server.RaftServerConfigKeys (ConfUtils.java:logGet(43)) - raft.server.watch.timeout.denomination = 1s (default)
2019-09-19 13:26:17,068 [37dc332b-bfed-4dfc-81f7-bf33614aca4c@group-E7E75AC8F841:LeaderElection2] INFO  server.RaftServerConfigKeys (ConfUtils.java:logGet(43)) - raft.server.watch.element-limit = 65536 (default)
2019-09-19 13:26:17,072 [37dc332b-bfed-4dfc-81f7-bf33614aca4c@group-E7E75AC8F841:LeaderElection2] INFO  impl.RoleInfo (RoleInfo.java:updateAndGet(143)) - 37dc332b-bfed-4dfc-81f7-bf33614aca4c: start LeaderState
2019-09-19 13:26:17,072 [37dc332b-bfed-4dfc-81f7-bf33614aca4c@group-E7E75AC8F841:LeaderElection2] INFO  segmented.SegmentedRaftLogWorker (SegmentedRaftLogWorker.java:startLogSegment(380)) - 37dc332b-bfed-4dfc-81f7-bf33614aca4c@group-E7E75AC8F841-SegmentedRaftLogWorker: Starting segment from index:0
2019-09-19 13:26:17,073 [37dc332b-bfed-4dfc-81f7-bf33614aca4c@group-E7E75AC8F841:LeaderElection2] INFO  impl.RaftServerImpl (ServerState.java:setRaftConf(354)) - 37dc332b-bfed-4dfc-81f7-bf33614aca4c@group-E7E75AC8F841: set configuration 0: [37dc332b-bfed-4dfc-81f7-bf33614aca4c:192.168.5.181:35506], old=null at 0
2019-09-19 13:26:17,117 [37dc332b-bfed-4dfc-81f7-bf33614aca4c@group-E7E75AC8F841-SegmentedRaftLogWorker] INFO  segmented.SegmentedRaftLogWorker (SegmentedRaftLogWorker.java:execute(569)) - 37dc332b-bfed-4dfc-81f7-bf33614aca4c@group-E7E75AC8F841-SegmentedRaftLogWorker: created new log segment /workdir/hadoop-ozone/integration-test/target/test-dir/MiniOzoneClusterImpl-0b0855db-21d1-4d4e-a30c-b213e2aa266a/datanode-2/data/ratis/ca4d46b0-5578-4e88-8d10-e7e75ac8f841/current/log_inprogress_0
2019-09-19 13:26:17,167 [Thread-201] INFO  impl.FollowerState (FollowerState.java:run(106)) - 696a3a0c-936b-4864-a843-1f7076bcd00a:group-EFE96096BE1D changes to CANDIDATE, lastRpcTime:5137, electionTimeout:5137ms
2019-09-19 13:26:17,169 [Thread-201] INFO  impl.RoleInfo (RoleInfo.java:shutdownFollowerState(121)) - 696a3a0c-936b-4864-a843-1f7076bcd00a: shutdown FollowerState
2019-09-19 13:26:17,169 [Thread-201] INFO  impl.RaftServerImpl (RaftServerImpl.java:setRole(174)) - 696a3a0c-936b-4864-a843-1f7076bcd00a@group-EFE96096BE1D: changes role from  FOLLOWER to CANDIDATE at term 0 for changeToCandidate
2019-09-19 13:26:17,169 [Thread-201] INFO  impl.RoleInfo (RoleInfo.java:updateAndGet(143)) - 696a3a0c-936b-4864-a843-1f7076bcd00a: start LeaderElection
2019-09-19 13:26:17,188 [696a3a0c-936b-4864-a843-1f7076bcd00a@group-EFE96096BE1D:LeaderElection3] INFO  impl.LeaderElection (LeaderElection.java:askForVotes(182)) - 696a3a0c-936b-4864-a843-1f7076bcd00a@group-EFE96096BE1D:LeaderElection3: begin an election at term 1 for -1: [696a3a0c-936b-4864-a843-1f7076bcd00a:192.168.5.181:33112], old=null
2019-09-19 13:26:17,191 [696a3a0c-936b-4864-a843-1f7076bcd00a@group-EFE96096BE1D:LeaderElection3] INFO  impl.RoleInfo (RoleInfo.java:shutdownLeaderElection(134)) - 696a3a0c-936b-4864-a843-1f7076bcd00a: shutdown LeaderElection
2019-09-19 13:26:17,191 [696a3a0c-936b-4864-a843-1f7076bcd00a@group-EFE96096BE1D:LeaderElection3] INFO  impl.RaftServerImpl (RaftServerImpl.java:setRole(174)) - 696a3a0c-936b-4864-a843-1f7076bcd00a@group-EFE96096BE1D: changes role from CANDIDATE to LEADER at term 1 for changeToLeader
2019-09-19 13:26:17,191 [696a3a0c-936b-4864-a843-1f7076bcd00a@group-EFE96096BE1D:LeaderElection3] INFO  impl.RaftServerImpl (ServerState.java:setLeader(253)) - 696a3a0c-936b-4864-a843-1f7076bcd00a@group-EFE96096BE1D: change Leader from null to 696a3a0c-936b-4864-a843-1f7076bcd00a at term 1 for becomeLeader, leader elected after 5212ms
2019-09-19 13:26:17,194 [696a3a0c-936b-4864-a843-1f7076bcd00a@group-EFE96096BE1D:LeaderElection3] INFO  server.RaftServerConfigKeys (ConfUtils.java:logGet(43)) - raft.server.staging.catchup.gap = 1000 (default)
2019-09-19 13:26:17,194 [696a3a0c-936b-4864-a843-1f7076bcd00a@group-EFE96096BE1D:LeaderElection3] INFO  server.RaftServerConfigKeys (ConfUtils.java:logGet(43)) - raft.server.rpc.sleep.time = 25ms (default)
2019-09-19 13:26:17,194 [696a3a0c-936b-4864-a843-1f7076bcd00a@group-EFE96096BE1D:LeaderElection3] INFO  server.RaftServerConfigKeys (ConfUtils.java:logGet(43)) - raft.server.write.element-limit = 4096 (default)
2019-09-19 13:26:17,195 [696a3a0c-936b-4864-a843-1f7076bcd00a@group-EFE96096BE1D:LeaderElection3] INFO  server.RaftServerConfigKeys (ConfUtils.java:logGet(43)) - raft.server.watch.timeout = 10s (default)
2019-09-19 13:26:17,195 [696a3a0c-936b-4864-a843-1f7076bcd00a@group-EFE96096BE1D:LeaderElection3] INFO  server.RaftServerConfigKeys (ConfUtils.java:logGet(43)) - raft.server.watch.timeout.denomination = 1s (default)
2019-09-19 13:26:17,195 [696a3a0c-936b-4864-a843-1f7076bcd00a@group-EFE96096BE1D:LeaderElection3] INFO  server.RaftServerConfigKeys (ConfUtils.java:logGet(43)) - raft.server.watch.element-limit = 65536 (default)
2019-09-19 13:26:17,201 [696a3a0c-936b-4864-a843-1f7076bcd00a@group-EFE96096BE1D:LeaderElection3] INFO  impl.RoleInfo (RoleInfo.java:updateAndGet(143)) - 696a3a0c-936b-4864-a843-1f7076bcd00a: start LeaderState
2019-09-19 13:26:17,201 [696a3a0c-936b-4864-a843-1f7076bcd00a@group-EFE96096BE1D:LeaderElection3] INFO  segmented.SegmentedRaftLogWorker (SegmentedRaftLogWorker.java:startLogSegment(380)) - 696a3a0c-936b-4864-a843-1f7076bcd00a@group-EFE96096BE1D-SegmentedRaftLogWorker: Starting segment from index:0
2019-09-19 13:26:17,202 [696a3a0c-936b-4864-a843-1f7076bcd00a@group-EFE96096BE1D:LeaderElection3] INFO  impl.RaftServerImpl (ServerState.java:setRaftConf(354)) - 696a3a0c-936b-4864-a843-1f7076bcd00a@group-EFE96096BE1D: set configuration 0: [696a3a0c-936b-4864-a843-1f7076bcd00a:192.168.5.181:33112], old=null at 0
2019-09-19 13:26:17,254 [696a3a0c-936b-4864-a843-1f7076bcd00a@group-EFE96096BE1D-SegmentedRaftLogWorker] INFO  segmented.SegmentedRaftLogWorker (SegmentedRaftLogWorker.java:execute(569)) - 696a3a0c-936b-4864-a843-1f7076bcd00a@group-EFE96096BE1D-SegmentedRaftLogWorker: created new log segment /workdir/hadoop-ozone/integration-test/target/test-dir/MiniOzoneClusterImpl-0b0855db-21d1-4d4e-a30c-b213e2aa266a/datanode-1/data/ratis/1cb5da2c-ec91-4c82-a7ef-efe96096be1d/current/log_inprogress_0
2019-09-19 13:26:17,261 [Thread-204] INFO  impl.FollowerState (FollowerState.java:run(106)) - 1f9acb71-0682-4e3f-a92c-28dcdab1fe2b:group-CC0E9F224F37 changes to CANDIDATE, lastRpcTime:5166, electionTimeout:5166ms
2019-09-19 13:26:17,261 [Thread-204] INFO  impl.RoleInfo (RoleInfo.java:shutdownFollowerState(121)) - 1f9acb71-0682-4e3f-a92c-28dcdab1fe2b: shutdown FollowerState
2019-09-19 13:26:17,261 [Thread-204] INFO  impl.RaftServerImpl (RaftServerImpl.java:setRole(174)) - 1f9acb71-0682-4e3f-a92c-28dcdab1fe2b@group-CC0E9F224F37: changes role from  FOLLOWER to CANDIDATE at term 0 for changeToCandidate
2019-09-19 13:26:17,262 [Thread-204] INFO  impl.RoleInfo (RoleInfo.java:updateAndGet(143)) - 1f9acb71-0682-4e3f-a92c-28dcdab1fe2b: start LeaderElection
2019-09-19 13:26:17,277 [1f9acb71-0682-4e3f-a92c-28dcdab1fe2b@group-CC0E9F224F37:LeaderElection4] INFO  impl.LeaderElection (LeaderElection.java:askForVotes(182)) - 1f9acb71-0682-4e3f-a92c-28dcdab1fe2b@group-CC0E9F224F37:LeaderElection4: begin an election at term 1 for -1: [1f9acb71-0682-4e3f-a92c-28dcdab1fe2b:192.168.5.181:40589], old=null
2019-09-19 13:26:17,277 [1f9acb71-0682-4e3f-a92c-28dcdab1fe2b@group-CC0E9F224F37:LeaderElection4] INFO  impl.RoleInfo (RoleInfo.java:shutdownLeaderElection(134)) - 1f9acb71-0682-4e3f-a92c-28dcdab1fe2b: shutdown LeaderElection
2019-09-19 13:26:17,277 [1f9acb71-0682-4e3f-a92c-28dcdab1fe2b@group-CC0E9F224F37:LeaderElection4] INFO  impl.RaftServerImpl (RaftServerImpl.java:setRole(174)) - 1f9acb71-0682-4e3f-a92c-28dcdab1fe2b@group-CC0E9F224F37: changes role from CANDIDATE to LEADER at term 1 for changeToLeader
2019-09-19 13:26:17,277 [1f9acb71-0682-4e3f-a92c-28dcdab1fe2b@group-CC0E9F224F37:LeaderElection4] INFO  impl.RaftServerImpl (ServerState.java:setLeader(253)) - 1f9acb71-0682-4e3f-a92c-28dcdab1fe2b@group-CC0E9F224F37: change Leader from null to 1f9acb71-0682-4e3f-a92c-28dcdab1fe2b at term 1 for becomeLeader, leader elected after 5194ms
2019-09-19 13:26:17,278 [1f9acb71-0682-4e3f-a92c-28dcdab1fe2b@group-CC0E9F224F37:LeaderElection4] INFO  server.RaftServerConfigKeys (ConfUtils.java:logGet(43)) - raft.server.staging.catchup.gap = 1000 (default)
2019-09-19 13:26:17,278 [1f9acb71-0682-4e3f-a92c-28dcdab1fe2b@group-CC0E9F224F37:LeaderElection4] INFO  server.RaftServerConfigKeys (ConfUtils.java:logGet(43)) - raft.server.rpc.sleep.time = 25ms (default)
2019-09-19 13:26:17,278 [1f9acb71-0682-4e3f-a92c-28dcdab1fe2b@group-CC0E9F224F37:LeaderElection4] INFO  server.RaftServerConfigKeys (ConfUtils.java:logGet(43)) - raft.server.write.element-limit = 4096 (default)
2019-09-19 13:26:17,279 [1f9acb71-0682-4e3f-a92c-28dcdab1fe2b@group-CC0E9F224F37:LeaderElection4] INFO  server.RaftServerConfigKeys (ConfUtils.java:logGet(43)) - raft.server.watch.timeout = 10s (default)
2019-09-19 13:26:17,279 [1f9acb71-0682-4e3f-a92c-28dcdab1fe2b@group-CC0E9F224F37:LeaderElection4] INFO  server.RaftServerConfigKeys (ConfUtils.java:logGet(43)) - raft.server.watch.timeout.denomination = 1s (default)
2019-09-19 13:26:17,279 [1f9acb71-0682-4e3f-a92c-28dcdab1fe2b@group-CC0E9F224F37:LeaderElection4] INFO  server.RaftServerConfigKeys (ConfUtils.java:logGet(43)) - raft.server.watch.element-limit = 65536 (default)
2019-09-19 13:26:17,281 [1f9acb71-0682-4e3f-a92c-28dcdab1fe2b@group-CC0E9F224F37:LeaderElection4] INFO  impl.RoleInfo (RoleInfo.java:updateAndGet(143)) - 1f9acb71-0682-4e3f-a92c-28dcdab1fe2b: start LeaderState
2019-09-19 13:26:17,281 [1f9acb71-0682-4e3f-a92c-28dcdab1fe2b@group-CC0E9F224F37:LeaderElection4] INFO  segmented.SegmentedRaftLogWorker (SegmentedRaftLogWorker.java:startLogSegment(380)) - 1f9acb71-0682-4e3f-a92c-28dcdab1fe2b@group-CC0E9F224F37-SegmentedRaftLogWorker: Starting segment from index:0
2019-09-19 13:26:17,282 [1f9acb71-0682-4e3f-a92c-28dcdab1fe2b@group-CC0E9F224F37:LeaderElection4] INFO  impl.RaftServerImpl (ServerState.java:setRaftConf(354)) - 1f9acb71-0682-4e3f-a92c-28dcdab1fe2b@group-CC0E9F224F37: set configuration 0: [1f9acb71-0682-4e3f-a92c-28dcdab1fe2b:192.168.5.181:40589], old=null at 0
2019-09-19 13:26:17,312 [Thread-210] INFO  impl.FollowerState (FollowerState.java:run(106)) - 696a3a0c-936b-4864-a843-1f7076bcd00a:group-E0E80B05C055 changes to CANDIDATE, lastRpcTime:5111, electionTimeout:5083ms
2019-09-19 13:26:17,312 [Thread-210] INFO  impl.RoleInfo (RoleInfo.java:shutdownFollowerState(121)) - 696a3a0c-936b-4864-a843-1f7076bcd00a: shutdown FollowerState
2019-09-19 13:26:17,312 [Thread-210] INFO  impl.RaftServerImpl (RaftServerImpl.java:setRole(174)) - 696a3a0c-936b-4864-a843-1f7076bcd00a@group-E0E80B05C055: changes role from  FOLLOWER to CANDIDATE at term 0 for changeToCandidate
2019-09-19 13:26:17,313 [Thread-210] INFO  impl.RoleInfo (RoleInfo.java:updateAndGet(143)) - 696a3a0c-936b-4864-a843-1f7076bcd00a: start LeaderElection
2019-09-19 13:26:17,325 [1f9acb71-0682-4e3f-a92c-28dcdab1fe2b@group-CC0E9F224F37-SegmentedRaftLogWorker] INFO  segmented.SegmentedRaftLogWorker (SegmentedRaftLogWorker.java:execute(569)) - 1f9acb71-0682-4e3f-a92c-28dcdab1fe2b@group-CC0E9F224F37-SegmentedRaftLogWorker: created new log segment /workdir/hadoop-ozone/integration-test/target/test-dir/MiniOzoneClusterImpl-0b0855db-21d1-4d4e-a30c-b213e2aa266a/datanode-3/data/ratis/28d4692b-921d-4b88-a773-cc0e9f224f37/current/log_inprogress_0
2019-09-19 13:26:17,325 [696a3a0c-936b-4864-a843-1f7076bcd00a@group-E0E80B05C055:LeaderElection5] INFO  impl.LeaderElection (LeaderElection.java:askForVotes(182)) - 696a3a0c-936b-4864-a843-1f7076bcd00a@group-E0E80B05C055:LeaderElection5: begin an election at term 1 for -1: [37dc332b-bfed-4dfc-81f7-bf33614aca4c:192.168.5.181:35506, 696a3a0c-936b-4864-a843-1f7076bcd00a:192.168.5.181:33112, 8e2c8569-b56d-4caa-8510-f5a0514c4132:192.168.5.181:33755], old=null
2019-09-19 13:26:17,327 [Thread-212] INFO  impl.FollowerState (FollowerState.java:run(106)) - 37dc332b-bfed-4dfc-81f7-bf33614aca4c:group-E0E80B05C055 changes to CANDIDATE, lastRpcTime:5121, electionTimeout:5121ms
2019-09-19 13:26:17,327 [Thread-212] INFO  impl.RoleInfo (RoleInfo.java:shutdownFollowerState(121)) - 37dc332b-bfed-4dfc-81f7-bf33614aca4c: shutdown FollowerState
2019-09-19 13:26:17,327 [Thread-212] INFO  impl.RaftServerImpl (RaftServerImpl.java:setRole(174)) - 37dc332b-bfed-4dfc-81f7-bf33614aca4c@group-E0E80B05C055: changes role from  FOLLOWER to CANDIDATE at term 0 for changeToCandidate
2019-09-19 13:26:17,327 [Thread-212] INFO  impl.RoleInfo (RoleInfo.java:updateAndGet(143)) - 37dc332b-bfed-4dfc-81f7-bf33614aca4c: start LeaderElection
2019-09-19 13:26:17,339 [37dc332b-bfed-4dfc-81f7-bf33614aca4c@group-E0E80B05C055:LeaderElection6] INFO  impl.LeaderElection (LeaderElection.java:askForVotes(182)) - 37dc332b-bfed-4dfc-81f7-bf33614aca4c@group-E0E80B05C055:LeaderElection6: begin an election at term 1 for -1: [37dc332b-bfed-4dfc-81f7-bf33614aca4c:192.168.5.181:35506, 696a3a0c-936b-4864-a843-1f7076bcd00a:192.168.5.181:33112, 8e2c8569-b56d-4caa-8510-f5a0514c4132:192.168.5.181:33755], old=null
2019-09-19 13:26:17,363 [grpc-default-executor-1] INFO  impl.RaftServerImpl (RaftServerImpl.java:setRole(174)) - 8e2c8569-b56d-4caa-8510-f5a0514c4132@group-E0E80B05C055: changes role from  FOLLOWER to FOLLOWER at term 1 for recognizeCandidate:37dc332b-bfed-4dfc-81f7-bf33614aca4c
2019-09-19 13:26:17,364 [grpc-default-executor-1] INFO  impl.RoleInfo (RoleInfo.java:shutdownFollowerState(121)) - 8e2c8569-b56d-4caa-8510-f5a0514c4132: shutdown FollowerState
2019-09-19 13:26:17,364 [grpc-default-executor-1] INFO  impl.RoleInfo (RoleInfo.java:updateAndGet(143)) - 8e2c8569-b56d-4caa-8510-f5a0514c4132: start FollowerState
2019-09-19 13:26:17,364 [Thread-213] INFO  impl.FollowerState (FollowerState.java:run(115)) - 8e2c8569-b56d-4caa-8510-f5a0514c4132: FollowerState was interrupted: java.lang.InterruptedException: sleep interrupted
2019-09-19 13:26:17,405 [696a3a0c-936b-4864-a843-1f7076bcd00a@group-E0E80B05C055:LeaderElection5] INFO  impl.LeaderElection (LeaderElection.java:logAndReturn(56)) - 696a3a0c-936b-4864-a843-1f7076bcd00a@group-E0E80B05C055:LeaderElection5: Election REJECTED; received 2 response(s) [696a3a0c-936b-4864-a843-1f7076bcd00a<-37dc332b-bfed-4dfc-81f7-bf33614aca4c#0:FAIL-t1, 696a3a0c-936b-4864-a843-1f7076bcd00a<-8e2c8569-b56d-4caa-8510-f5a0514c4132#0:FAIL-t1] and 0 exception(s); 696a3a0c-936b-4864-a843-1f7076bcd00a@group-E0E80B05C055:t1, leader=null, voted=696a3a0c-936b-4864-a843-1f7076bcd00a, raftlog=696a3a0c-936b-4864-a843-1f7076bcd00a@group-E0E80B05C055-SegmentedRaftLog:OPENED:c-1,f-1,i0, conf=-1: [37dc332b-bfed-4dfc-81f7-bf33614aca4c:192.168.5.181:35506, 696a3a0c-936b-4864-a843-1f7076bcd00a:192.168.5.181:33112, 8e2c8569-b56d-4caa-8510-f5a0514c4132:192.168.5.181:33755], old=null
2019-09-19 13:26:17,405 [37dc332b-bfed-4dfc-81f7-bf33614aca4c@group-E0E80B05C055:LeaderElection6] INFO  impl.LeaderElection (LeaderElection.java:logAndReturn(56)) - 37dc332b-bfed-4dfc-81f7-bf33614aca4c@group-E0E80B05C055:LeaderElection6: Election PASSED; received 2 response(s) [37dc332b-bfed-4dfc-81f7-bf33614aca4c<-696a3a0c-936b-4864-a843-1f7076bcd00a#0:FAIL-t1, 37dc332b-bfed-4dfc-81f7-bf33614aca4c<-8e2c8569-b56d-4caa-8510-f5a0514c4132#0:OK-t1] and 0 exception(s); 37dc332b-bfed-4dfc-81f7-bf33614aca4c@group-E0E80B05C055:t1, leader=null, voted=37dc332b-bfed-4dfc-81f7-bf33614aca4c, raftlog=37dc332b-bfed-4dfc-81f7-bf33614aca4c@group-E0E80B05C055-SegmentedRaftLog:OPENED:c-1,f-1,i0, conf=-1: [37dc332b-bfed-4dfc-81f7-bf33614aca4c:192.168.5.181:35506, 696a3a0c-936b-4864-a843-1f7076bcd00a:192.168.5.181:33112, 8e2c8569-b56d-4caa-8510-f5a0514c4132:192.168.5.181:33755], old=null
2019-09-19 13:26:17,406 [696a3a0c-936b-4864-a843-1f7076bcd00a@group-E0E80B05C055:LeaderElection5] INFO  impl.RaftServerImpl (RaftServerImpl.java:setRole(174)) - 696a3a0c-936b-4864-a843-1f7076bcd00a@group-E0E80B05C055: changes role from CANDIDATE to FOLLOWER at term 1 for DISCOVERED_A_NEW_TERM
2019-09-19 13:26:17,407 [696a3a0c-936b-4864-a843-1f7076bcd00a@group-E0E80B05C055:LeaderElection5] INFO  impl.RoleInfo (RoleInfo.java:shutdownLeaderElection(134)) - 696a3a0c-936b-4864-a843-1f7076bcd00a: shutdown LeaderElection
2019-09-19 13:26:17,407 [37dc332b-bfed-4dfc-81f7-bf33614aca4c@group-E0E80B05C055:LeaderElection6] INFO  impl.RoleInfo (RoleInfo.java:shutdownLeaderElection(134)) - 37dc332b-bfed-4dfc-81f7-bf33614aca4c: shutdown LeaderElection
2019-09-19 13:26:17,412 [696a3a0c-936b-4864-a843-1f7076bcd00a@group-E0E80B05C055:LeaderElection5] INFO  impl.RoleInfo (RoleInfo.java:updateAndGet(143)) - 696a3a0c-936b-4864-a843-1f7076bcd00a: start FollowerState
2019-09-19 13:26:17,413 [37dc332b-bfed-4dfc-81f7-bf33614aca4c@group-E0E80B05C055:LeaderElection6] INFO  impl.RaftServerImpl (RaftServerImpl.java:setRole(174)) - 37dc332b-bfed-4dfc-81f7-bf33614aca4c@group-E0E80B05C055: changes role from CANDIDATE to LEADER at term 1 for changeToLeader
2019-09-19 13:26:17,413 [37dc332b-bfed-4dfc-81f7-bf33614aca4c@group-E0E80B05C055:LeaderElection6] INFO  impl.RaftServerImpl (ServerState.java:setLeader(253)) - 37dc332b-bfed-4dfc-81f7-bf33614aca4c@group-E0E80B05C055: change Leader from null to 37dc332b-bfed-4dfc-81f7-bf33614aca4c at term 1 for becomeLeader, leader elected after 5220ms
2019-09-19 13:26:17,414 [37dc332b-bfed-4dfc-81f7-bf33614aca4c@group-E0E80B05C055:LeaderElection6] INFO  server.RaftServerConfigKeys (ConfUtils.java:logGet(43)) - raft.server.staging.catchup.gap = 1000 (default)
2019-09-19 13:26:17,415 [37dc332b-bfed-4dfc-81f7-bf33614aca4c@group-E0E80B05C055:LeaderElection6] INFO  server.RaftServerConfigKeys (ConfUtils.java:logGet(43)) - raft.server.rpc.sleep.time = 25ms (default)
2019-09-19 13:26:17,415 [37dc332b-bfed-4dfc-81f7-bf33614aca4c@group-E0E80B05C055:LeaderElection6] INFO  server.RaftServerConfigKeys (ConfUtils.java:logGet(43)) - raft.server.write.element-limit = 4096 (default)
2019-09-19 13:26:17,415 [37dc332b-bfed-4dfc-81f7-bf33614aca4c@group-E0E80B05C055:LeaderElection6] INFO  server.RaftServerConfigKeys (ConfUtils.java:logGet(43)) - raft.server.watch.timeout = 10s (default)
2019-09-19 13:26:17,415 [37dc332b-bfed-4dfc-81f7-bf33614aca4c@group-E0E80B05C055:LeaderElection6] INFO  server.RaftServerConfigKeys (ConfUtils.java:logGet(43)) - raft.server.watch.timeout.denomination = 1s (default)
2019-09-19 13:26:17,415 [37dc332b-bfed-4dfc-81f7-bf33614aca4c@group-E0E80B05C055:LeaderElection6] INFO  server.RaftServerConfigKeys (ConfUtils.java:logGet(43)) - raft.server.watch.element-limit = 65536 (default)
2019-09-19 13:26:17,419 [grpc-default-executor-2] INFO  client.GrpcClientProtocolClient (GrpcClientProtocolClient.java:onNext(264)) - client-83F988FE9929->696a3a0c-936b-4864-a843-1f7076bcd00a: receive RaftClientReply:client-83F988FE9929->696a3a0c-936b-4864-a843-1f7076bcd00a@group-E0E80B05C055, cid=8, FAILED org.apache.ratis.protocol.NotLeaderException: Server 696a3a0c-936b-4864-a843-1f7076bcd00a@group-E0E80B05C055 is not the leader, logIndex=0, commits[696a3a0c-936b-4864-a843-1f7076bcd00a:c-1]
2019-09-19 13:26:17,430 [37dc332b-bfed-4dfc-81f7-bf33614aca4c@group-E0E80B05C055:LeaderElection6] INFO  server.RaftServerConfigKeys (ConfUtils.java:logGet(43)) - raft.server.log.appender.snapshot.chunk.size.max = 16MB (=16777216) (default)
2019-09-19 13:26:17,431 [37dc332b-bfed-4dfc-81f7-bf33614aca4c@group-E0E80B05C055:LeaderElection6] INFO  server.RaftServerConfigKeys (ConfUtils.java:logGet(43)) - raft.server.log.appender.buffer.byte-limit = 33554432 (custom)
2019-09-19 13:26:17,431 [37dc332b-bfed-4dfc-81f7-bf33614aca4c@group-E0E80B05C055:LeaderElection6] INFO  server.RaftServerConfigKeys (ConfUtils.java:logGet(43)) - raft.server.log.appender.buffer.element-limit = 1 (custom)
2019-09-19 13:26:17,436 [37dc332b-bfed-4dfc-81f7-bf33614aca4c@group-E0E80B05C055:LeaderElection6] INFO  grpc.GrpcConfigKeys$Server (ConfUtils.java:logGet(43)) - raft.grpc.server.leader.outstanding.appends.max = 128 (default)
2019-09-19 13:26:17,436 [37dc332b-bfed-4dfc-81f7-bf33614aca4c@group-E0E80B05C055:LeaderElection6] INFO  server.RaftServerConfigKeys (ConfUtils.java:logGet(43)) - raft.server.rpc.request.timeout = 3000ms (default)
2019-09-19 13:26:17,437 [37dc332b-bfed-4dfc-81f7-bf33614aca4c@group-E0E80B05C055:LeaderElection6] INFO  server.RaftServerConfigKeys (ConfUtils.java:logGet(43)) - raft.server.log.appender.install.snapshot.enabled = false (custom)
2019-09-19 13:26:17,438 [37dc332b-bfed-4dfc-81f7-bf33614aca4c@group-E0E80B05C055:LeaderElection6] INFO  server.RaftServerConfigKeys (ConfUtils.java:logGet(43)) - raft.server.log.appender.snapshot.chunk.size.max = 16MB (=16777216) (default)
2019-09-19 13:26:17,438 [37dc332b-bfed-4dfc-81f7-bf33614aca4c@group-E0E80B05C055:LeaderElection6] INFO  server.RaftServerConfigKeys (ConfUtils.java:logGet(43)) - raft.server.log.appender.buffer.byte-limit = 33554432 (custom)
2019-09-19 13:26:17,439 [37dc332b-bfed-4dfc-81f7-bf33614aca4c@group-E0E80B05C055:LeaderElection6] INFO  server.RaftServerConfigKeys (ConfUtils.java:logGet(43)) - raft.server.log.appender.buffer.element-limit = 1 (custom)
2019-09-19 13:26:17,439 [37dc332b-bfed-4dfc-81f7-bf33614aca4c@group-E0E80B05C055:LeaderElection6] INFO  grpc.GrpcConfigKeys$Server (ConfUtils.java:logGet(43)) - raft.grpc.server.leader.outstanding.appends.max = 128 (default)
2019-09-19 13:26:17,439 [37dc332b-bfed-4dfc-81f7-bf33614aca4c@group-E0E80B05C055:LeaderElection6] INFO  server.RaftServerConfigKeys (ConfUtils.java:logGet(43)) - raft.server.rpc.request.timeout = 3000ms (default)
2019-09-19 13:26:17,439 [37dc332b-bfed-4dfc-81f7-bf33614aca4c@group-E0E80B05C055:LeaderElection6] INFO  server.RaftServerConfigKeys (ConfUtils.java:logGet(43)) - raft.server.log.appender.install.snapshot.enabled = false (custom)
2019-09-19 13:26:17,441 [37dc332b-bfed-4dfc-81f7-bf33614aca4c@group-E0E80B05C055:LeaderElection6] INFO  impl.RoleInfo (RoleInfo.java:updateAndGet(143)) - 37dc332b-bfed-4dfc-81f7-bf33614aca4c: start LeaderState
2019-09-19 13:26:17,441 [37dc332b-bfed-4dfc-81f7-bf33614aca4c@group-E0E80B05C055:LeaderElection6] INFO  segmented.SegmentedRaftLogWorker (SegmentedRaftLogWorker.java:startLogSegment(380)) - 37dc332b-bfed-4dfc-81f7-bf33614aca4c@group-E0E80B05C055-SegmentedRaftLogWorker: Starting segment from index:0
2019-09-19 13:26:17,443 [37dc332b-bfed-4dfc-81f7-bf33614aca4c@group-E0E80B05C055:LeaderElection6] INFO  impl.RaftServerImpl (ServerState.java:setRaftConf(354)) - 37dc332b-bfed-4dfc-81f7-bf33614aca4c@group-E0E80B05C055: set configuration 0: [37dc332b-bfed-4dfc-81f7-bf33614aca4c:192.168.5.181:35506, 696a3a0c-936b-4864-a843-1f7076bcd00a:192.168.5.181:33112, 8e2c8569-b56d-4caa-8510-f5a0514c4132:192.168.5.181:33755], old=null at 0
2019-09-19 13:26:17,482 [37dc332b-bfed-4dfc-81f7-bf33614aca4c@group-E0E80B05C055-SegmentedRaftLogWorker] INFO  segmented.SegmentedRaftLogWorker (SegmentedRaftLogWorker.java:execute(569)) - 37dc332b-bfed-4dfc-81f7-bf33614aca4c@group-E0E80B05C055-SegmentedRaftLogWorker: created new log segment /workdir/hadoop-ozone/integration-test/target/test-dir/MiniOzoneClusterImpl-0b0855db-21d1-4d4e-a30c-b213e2aa266a/datanode-2/data/ratis/59749c8c-9837-4a2e-a80c-e0e80b05c055/current/log_inprogress_0
2019-09-19 13:26:17,488 [grpc-default-executor-2] INFO  impl.RaftServerImpl (ServerState.java:setLeader(253)) - 8e2c8569-b56d-4caa-8510-f5a0514c4132@group-E0E80B05C055: change Leader from null to 37dc332b-bfed-4dfc-81f7-bf33614aca4c at term 1 for appendEntries, leader elected after 5295ms
2019-09-19 13:26:17,488 [grpc-default-executor-1] INFO  impl.RaftServerImpl (ServerState.java:setLeader(253)) - 696a3a0c-936b-4864-a843-1f7076bcd00a@group-E0E80B05C055: change Leader from null to 37dc332b-bfed-4dfc-81f7-bf33614aca4c at term 1 for appendEntries, leader elected after 5295ms
2019-09-19 13:26:17,519 [grpc-default-executor-2] INFO  impl.RaftServerImpl (ServerState.java:setRaftConf(354)) - 696a3a0c-936b-4864-a843-1f7076bcd00a@group-E0E80B05C055: set configuration 0: [37dc332b-bfed-4dfc-81f7-bf33614aca4c:192.168.5.181:35506, 696a3a0c-936b-4864-a843-1f7076bcd00a:192.168.5.181:33112, 8e2c8569-b56d-4caa-8510-f5a0514c4132:192.168.5.181:33755], old=null at 0
2019-09-19 13:26:17,519 [grpc-default-executor-1] INFO  impl.RaftServerImpl (ServerState.java:setRaftConf(354)) - 8e2c8569-b56d-4caa-8510-f5a0514c4132@group-E0E80B05C055: set configuration 0: [37dc332b-bfed-4dfc-81f7-bf33614aca4c:192.168.5.181:35506, 696a3a0c-936b-4864-a843-1f7076bcd00a:192.168.5.181:33112, 8e2c8569-b56d-4caa-8510-f5a0514c4132:192.168.5.181:33755], old=null at 0
2019-09-19 13:26:17,520 [grpc-default-executor-2] INFO  segmented.SegmentedRaftLogWorker (SegmentedRaftLogWorker.java:startLogSegment(380)) - 696a3a0c-936b-4864-a843-1f7076bcd00a@group-E0E80B05C055-SegmentedRaftLogWorker: Starting segment from index:0
2019-09-19 13:26:17,520 [grpc-default-executor-1] INFO  segmented.SegmentedRaftLogWorker (SegmentedRaftLogWorker.java:startLogSegment(380)) - 8e2c8569-b56d-4caa-8510-f5a0514c4132@group-E0E80B05C055-SegmentedRaftLogWorker: Starting segment from index:0
2019-09-19 13:26:17,572 [8e2c8569-b56d-4caa-8510-f5a0514c4132@group-E0E80B05C055-SegmentedRaftLogWorker] INFO  segmented.SegmentedRaftLogWorker (SegmentedRaftLogWorker.java:execute(569)) - 8e2c8569-b56d-4caa-8510-f5a0514c4132@group-E0E80B05C055-SegmentedRaftLogWorker: created new log segment /workdir/hadoop-ozone/integration-test/target/test-dir/MiniOzoneClusterImpl-0b0855db-21d1-4d4e-a30c-b213e2aa266a/datanode-0/data/ratis/59749c8c-9837-4a2e-a80c-e0e80b05c055/current/log_inprogress_0
2019-09-19 13:26:17,572 [696a3a0c-936b-4864-a843-1f7076bcd00a@group-E0E80B05C055-SegmentedRaftLogWorker] INFO  segmented.SegmentedRaftLogWorker (SegmentedRaftLogWorker.java:execute(569)) - 696a3a0c-936b-4864-a843-1f7076bcd00a@group-E0E80B05C055-SegmentedRaftLogWorker: created new log segment /workdir/hadoop-ozone/integration-test/target/test-dir/MiniOzoneClusterImpl-0b0855db-21d1-4d4e-a30c-b213e2aa266a/datanode-1/data/ratis/59749c8c-9837-4a2e-a80c-e0e80b05c055/current/log_inprogress_0
2019-09-19 13:26:18,166 [ReplicationMonitor] INFO  container.ReplicationManager (ReplicationManager.java:run(225)) - Replication Monitor Thread took 0 milliseconds for processing 1 containers.
2019-09-19 13:26:18,403 [Thread-226] INFO  impl.FollowerState (FollowerState.java:run(106)) - 37dc332b-bfed-4dfc-81f7-bf33614aca4c:group-5816D3BB6B17 changes to CANDIDATE, lastRpcTime:5102, electionTimeout:5102ms
2019-09-19 13:26:18,403 [Thread-226] INFO  impl.RoleInfo (RoleInfo.java:shutdownFollowerState(121)) - 37dc332b-bfed-4dfc-81f7-bf33614aca4c: shutdown FollowerState
2019-09-19 13:26:18,403 [Thread-226] INFO  impl.RaftServerImpl (RaftServerImpl.java:setRole(174)) - 37dc332b-bfed-4dfc-81f7-bf33614aca4c@group-5816D3BB6B17: changes role from  FOLLOWER to CANDIDATE at term 0 for changeToCandidate
2019-09-19 13:26:18,403 [Thread-226] INFO  impl.RoleInfo (RoleInfo.java:updateAndGet(143)) - 37dc332b-bfed-4dfc-81f7-bf33614aca4c: start LeaderElection
2019-09-19 13:26:18,423 [37dc332b-bfed-4dfc-81f7-bf33614aca4c@group-5816D3BB6B17:LeaderElection7] INFO  impl.LeaderElection (LeaderElection.java:askForVotes(182)) - 37dc332b-bfed-4dfc-81f7-bf33614aca4c@group-5816D3BB6B17:LeaderElection7: begin an election at term 1 for -1: [37dc332b-bfed-4dfc-81f7-bf33614aca4c:192.168.5.181:35506], old=null
2019-09-19 13:26:18,423 [37dc332b-bfed-4dfc-81f7-bf33614aca4c@group-5816D3BB6B17:LeaderElection7] INFO  impl.RoleInfo (RoleInfo.java:shutdownLeaderElection(134)) - 37dc332b-bfed-4dfc-81f7-bf33614aca4c: shutdown LeaderElection
2019-09-19 13:26:18,423 [37dc332b-bfed-4dfc-81f7-bf33614aca4c@group-5816D3BB6B17:LeaderElection7] INFO  impl.RaftServerImpl (RaftServerImpl.java:setRole(174)) - 37dc332b-bfed-4dfc-81f7-bf33614aca4c@group-5816D3BB6B17: changes role from CANDIDATE to LEADER at term 1 for changeToLeader
2019-09-19 13:26:18,423 [37dc332b-bfed-4dfc-81f7-bf33614aca4c@group-5816D3BB6B17:LeaderElection7] INFO  impl.RaftServerImpl (ServerState.java:setLeader(253)) - 37dc332b-bfed-4dfc-81f7-bf33614aca4c@group-5816D3BB6B17: change Leader from null to 37dc332b-bfed-4dfc-81f7-bf33614aca4c at term 1 for becomeLeader, leader elected after 5133ms
2019-09-19 13:26:18,424 [37dc332b-bfed-4dfc-81f7-bf33614aca4c@group-5816D3BB6B17:LeaderElection7] INFO  server.RaftServerConfigKeys (ConfUtils.java:logGet(43)) - raft.server.staging.catchup.gap = 1000 (default)
2019-09-19 13:26:18,424 [37dc332b-bfed-4dfc-81f7-bf33614aca4c@group-5816D3BB6B17:LeaderElection7] INFO  server.RaftServerConfigKeys (ConfUtils.java:logGet(43)) - raft.server.rpc.sleep.time = 25ms (default)
2019-09-19 13:26:18,424 [37dc332b-bfed-4dfc-81f7-bf33614aca4c@group-5816D3BB6B17:LeaderElection7] INFO  server.RaftServerConfigKeys (ConfUtils.java:logGet(43)) - raft.server.write.element-limit = 4096 (default)
2019-09-19 13:26:18,424 [37dc332b-bfed-4dfc-81f7-bf33614aca4c@group-5816D3BB6B17:LeaderElection7] INFO  server.RaftServerConfigKeys (ConfUtils.java:logGet(43)) - raft.server.watch.timeout = 10s (default)
2019-09-19 13:26:18,425 [37dc332b-bfed-4dfc-81f7-bf33614aca4c@group-5816D3BB6B17:LeaderElection7] INFO  server.RaftServerConfigKeys (ConfUtils.java:logGet(43)) - raft.server.watch.timeout.denomination = 1s (default)
2019-09-19 13:26:18,425 [37dc332b-bfed-4dfc-81f7-bf33614aca4c@group-5816D3BB6B17:LeaderElection7] INFO  server.RaftServerConfigKeys (ConfUtils.java:logGet(43)) - raft.server.watch.element-limit = 65536 (default)
2019-09-19 13:26:18,431 [37dc332b-bfed-4dfc-81f7-bf33614aca4c@group-5816D3BB6B17:LeaderElection7] INFO  impl.RoleInfo (RoleInfo.java:updateAndGet(143)) - 37dc332b-bfed-4dfc-81f7-bf33614aca4c: start LeaderState
2019-09-19 13:26:18,431 [37dc332b-bfed-4dfc-81f7-bf33614aca4c@group-5816D3BB6B17:LeaderElection7] INFO  segmented.SegmentedRaftLogWorker (SegmentedRaftLogWorker.java:startLogSegment(380)) - 37dc332b-bfed-4dfc-81f7-bf33614aca4c@group-5816D3BB6B17-SegmentedRaftLogWorker: Starting segment from index:0
2019-09-19 13:26:18,432 [37dc332b-bfed-4dfc-81f7-bf33614aca4c@group-5816D3BB6B17:LeaderElection7] INFO  impl.RaftServerImpl (ServerState.java:setRaftConf(354)) - 37dc332b-bfed-4dfc-81f7-bf33614aca4c@group-5816D3BB6B17: set configuration 0: [37dc332b-bfed-4dfc-81f7-bf33614aca4c:192.168.5.181:35506], old=null at 0
2019-09-19 13:26:18,474 [Thread-233] INFO  impl.FollowerState (FollowerState.java:run(106)) - 696a3a0c-936b-4864-a843-1f7076bcd00a:group-BD7B7D73C95D changes to CANDIDATE, lastRpcTime:5032, electionTimeout:5032ms
2019-09-19 13:26:18,474 [Thread-233] INFO  impl.RoleInfo (RoleInfo.java:shutdownFollowerState(121)) - 696a3a0c-936b-4864-a843-1f7076bcd00a: shutdown FollowerState
2019-09-19 13:26:18,474 [Thread-233] INFO  impl.RaftServerImpl (RaftServerImpl.java:setRole(174)) - 696a3a0c-936b-4864-a843-1f7076bcd00a@group-BD7B7D73C95D: changes role from  FOLLOWER to CANDIDATE at term 0 for changeToCandidate
2019-09-19 13:26:18,474 [Thread-233] INFO  impl.RoleInfo (RoleInfo.java:updateAndGet(143)) - 696a3a0c-936b-4864-a843-1f7076bcd00a: start LeaderElection
2019-09-19 13:26:18,491 [37dc332b-bfed-4dfc-81f7-bf33614aca4c@group-5816D3BB6B17-SegmentedRaftLogWorker] INFO  segmented.SegmentedRaftLogWorker (SegmentedRaftLogWorker.java:execute(569)) - 37dc332b-bfed-4dfc-81f7-bf33614aca4c@group-5816D3BB6B17-SegmentedRaftLogWorker: created new log segment /workdir/hadoop-ozone/integration-test/target/test-dir/MiniOzoneClusterImpl-0b0855db-21d1-4d4e-a30c-b213e2aa266a/datanode-2/data/ratis/3f1bc8f1-fe99-4251-a539-5816d3bb6b17/current/log_inprogress_0
2019-09-19 13:26:18,491 [696a3a0c-936b-4864-a843-1f7076bcd00a@group-BD7B7D73C95D:LeaderElection8] INFO  impl.LeaderElection (LeaderElection.java:askForVotes(182)) - 696a3a0c-936b-4864-a843-1f7076bcd00a@group-BD7B7D73C95D:LeaderElection8: begin an election at term 1 for -1: [696a3a0c-936b-4864-a843-1f7076bcd00a:192.168.5.181:33112], old=null
2019-09-19 13:26:18,492 [696a3a0c-936b-4864-a843-1f7076bcd00a@group-BD7B7D73C95D:LeaderElection8] INFO  impl.RoleInfo (RoleInfo.java:shutdownLeaderElection(134)) - 696a3a0c-936b-4864-a843-1f7076bcd00a: shutdown LeaderElection
2019-09-19 13:26:18,492 [696a3a0c-936b-4864-a843-1f7076bcd00a@group-BD7B7D73C95D:LeaderElection8] INFO  impl.RaftServerImpl (RaftServerImpl.java:setRole(174)) - 696a3a0c-936b-4864-a843-1f7076bcd00a@group-BD7B7D73C95D: changes role from CANDIDATE to LEADER at term 1 for changeToLeader
2019-09-19 13:26:18,492 [696a3a0c-936b-4864-a843-1f7076bcd00a@group-BD7B7D73C95D:LeaderElection8] INFO  impl.RaftServerImpl (ServerState.java:setLeader(253)) - 696a3a0c-936b-4864-a843-1f7076bcd00a@group-BD7B7D73C95D: change Leader from null to 696a3a0c-936b-4864-a843-1f7076bcd00a at term 1 for becomeLeader, leader elected after 5056ms
2019-09-19 13:26:18,492 [696a3a0c-936b-4864-a843-1f7076bcd00a@group-BD7B7D73C95D:LeaderElection8] INFO  server.RaftServerConfigKeys (ConfUtils.java:logGet(43)) - raft.server.staging.catchup.gap = 1000 (default)
2019-09-19 13:26:18,492 [696a3a0c-936b-4864-a843-1f7076bcd00a@group-BD7B7D73C95D:LeaderElection8] INFO  server.RaftServerConfigKeys (ConfUtils.java:logGet(43)) - raft.server.rpc.sleep.time = 25ms (default)
2019-09-19 13:26:18,493 [696a3a0c-936b-4864-a843-1f7076bcd00a@group-BD7B7D73C95D:LeaderElection8] INFO  server.RaftServerConfigKeys (ConfUtils.java:logGet(43)) - raft.server.write.element-limit = 4096 (default)
2019-09-19 13:26:18,493 [696a3a0c-936b-4864-a843-1f7076bcd00a@group-BD7B7D73C95D:LeaderElection8] INFO  server.RaftServerConfigKeys (ConfUtils.java:logGet(43)) - raft.server.watch.timeout = 10s (default)
2019-09-19 13:26:18,493 [696a3a0c-936b-4864-a843-1f7076bcd00a@group-BD7B7D73C95D:LeaderElection8] INFO  server.RaftServerConfigKeys (ConfUtils.java:logGet(43)) - raft.server.watch.timeout.denomination = 1s (default)
2019-09-19 13:26:18,493 [696a3a0c-936b-4864-a843-1f7076bcd00a@group-BD7B7D73C95D:LeaderElection8] INFO  server.RaftServerConfigKeys (ConfUtils.java:logGet(43)) - raft.server.watch.element-limit = 65536 (default)
2019-09-19 13:26:18,497 [696a3a0c-936b-4864-a843-1f7076bcd00a@group-BD7B7D73C95D:LeaderElection8] INFO  impl.RoleInfo (RoleInfo.java:updateAndGet(143)) - 696a3a0c-936b-4864-a843-1f7076bcd00a: start LeaderState
2019-09-19 13:26:18,497 [696a3a0c-936b-4864-a843-1f7076bcd00a@group-BD7B7D73C95D:LeaderElection8] INFO  segmented.SegmentedRaftLogWorker (SegmentedRaftLogWorker.java:startLogSegment(380)) - 696a3a0c-936b-4864-a843-1f7076bcd00a@group-BD7B7D73C95D-SegmentedRaftLogWorker: Starting segment from index:0
2019-09-19 13:26:18,497 [696a3a0c-936b-4864-a843-1f7076bcd00a@group-BD7B7D73C95D:LeaderElection8] INFO  impl.RaftServerImpl (ServerState.java:setRaftConf(354)) - 696a3a0c-936b-4864-a843-1f7076bcd00a@group-BD7B7D73C95D: set configuration 0: [696a3a0c-936b-4864-a843-1f7076bcd00a:192.168.5.181:33112], old=null at 0
2019-09-19 13:26:18,546 [Thread-240] INFO  impl.FollowerState (FollowerState.java:run(106)) - 1f9acb71-0682-4e3f-a92c-28dcdab1fe2b:group-D93A538D59EE changes to CANDIDATE, lastRpcTime:5031, electionTimeout:5030ms
2019-09-19 13:26:18,546 [Thread-240] INFO  impl.RoleInfo (RoleInfo.java:shutdownFollowerState(121)) - 1f9acb71-0682-4e3f-a92c-28dcdab1fe2b: shutdown FollowerState
2019-09-19 13:26:18,547 [Thread-240] INFO  impl.RaftServerImpl (RaftServerImpl.java:setRole(174)) - 1f9acb71-0682-4e3f-a92c-28dcdab1fe2b@group-D93A538D59EE: changes role from  FOLLOWER to CANDIDATE at term 0 for changeToCandidate
2019-09-19 13:26:18,547 [Thread-240] INFO  impl.RoleInfo (RoleInfo.java:updateAndGet(143)) - 1f9acb71-0682-4e3f-a92c-28dcdab1fe2b: start LeaderElection
2019-09-19 13:26:18,547 [696a3a0c-936b-4864-a843-1f7076bcd00a@group-BD7B7D73C95D-SegmentedRaftLogWorker] INFO  segmented.SegmentedRaftLogWorker (SegmentedRaftLogWorker.java:execute(569)) - 696a3a0c-936b-4864-a843-1f7076bcd00a@group-BD7B7D73C95D-SegmentedRaftLogWorker: created new log segment /workdir/hadoop-ozone/integration-test/target/test-dir/MiniOzoneClusterImpl-0b0855db-21d1-4d4e-a30c-b213e2aa266a/datanode-1/data/ratis/a1ecc0bd-672a-46fc-963a-bd7b7d73c95d/current/log_inprogress_0
2019-09-19 13:26:18,561 [Thread-230] INFO  impl.FollowerState (FollowerState.java:run(106)) - 8e2c8569-b56d-4caa-8510-f5a0514c4132:group-A8C66984911A changes to CANDIDATE, lastRpcTime:5193, electionTimeout:5193ms
2019-09-19 13:26:18,561 [Thread-230] INFO  impl.RoleInfo (RoleInfo.java:shutdownFollowerState(121)) - 8e2c8569-b56d-4caa-8510-f5a0514c4132: shutdown FollowerState
2019-09-19 13:26:18,561 [Thread-230] INFO  impl.RaftServerImpl (RaftServerImpl.java:setRole(174)) - 8e2c8569-b56d-4caa-8510-f5a0514c4132@group-A8C66984911A: changes role from  FOLLOWER to CANDIDATE at term 0 for changeToCandidate
2019-09-19 13:26:18,562 [Thread-230] INFO  impl.RoleInfo (RoleInfo.java:updateAndGet(143)) - 8e2c8569-b56d-4caa-8510-f5a0514c4132: start LeaderElection
2019-09-19 13:26:18,566 [1f9acb71-0682-4e3f-a92c-28dcdab1fe2b@group-D93A538D59EE:LeaderElection9] INFO  impl.LeaderElection (LeaderElection.java:askForVotes(182)) - 1f9acb71-0682-4e3f-a92c-28dcdab1fe2b@group-D93A538D59EE:LeaderElection9: begin an election at term 1 for -1: [37dc332b-bfed-4dfc-81f7-bf33614aca4c:192.168.5.181:35506, 1f9acb71-0682-4e3f-a92c-28dcdab1fe2b:192.168.5.181:40589, 8e2c8569-b56d-4caa-8510-f5a0514c4132:192.168.5.181:33755], old=null
2019-09-19 13:26:18,569 [8e2c8569-b56d-4caa-8510-f5a0514c4132@group-A8C66984911A:LeaderElection10] INFO  impl.LeaderElection (LeaderElection.java:askForVotes(182)) - 8e2c8569-b56d-4caa-8510-f5a0514c4132@group-A8C66984911A:LeaderElection10: begin an election at term 1 for -1: [8e2c8569-b56d-4caa-8510-f5a0514c4132:192.168.5.181:33755], old=null
2019-09-19 13:26:18,571 [8e2c8569-b56d-4caa-8510-f5a0514c4132@group-A8C66984911A:LeaderElection10] INFO  impl.RoleInfo (RoleInfo.java:shutdownLeaderElection(134)) - 8e2c8569-b56d-4caa-8510-f5a0514c4132: shutdown LeaderElection
2019-09-19 13:26:18,571 [Thread-241] INFO  impl.FollowerState (FollowerState.java:run(106)) - 8e2c8569-b56d-4caa-8510-f5a0514c4132:group-D93A538D59EE changes to CANDIDATE, lastRpcTime:5055, electionTimeout:5055ms
2019-09-19 13:26:18,571 [8e2c8569-b56d-4caa-8510-f5a0514c4132@group-A8C66984911A:LeaderElection10] INFO  impl.RaftServerImpl (RaftServerImpl.java:setRole(174)) - 8e2c8569-b56d-4caa-8510-f5a0514c4132@group-A8C66984911A: changes role from CANDIDATE to LEADER at term 1 for changeToLeader
2019-09-19 13:26:18,571 [Thread-241] INFO  impl.RoleInfo (RoleInfo.java:shutdownFollowerState(121)) - 8e2c8569-b56d-4caa-8510-f5a0514c4132: shutdown FollowerState
2019-09-19 13:26:18,571 [8e2c8569-b56d-4caa-8510-f5a0514c4132@group-A8C66984911A:LeaderElection10] INFO  impl.RaftServerImpl (ServerState.java:setLeader(253)) - 8e2c8569-b56d-4caa-8510-f5a0514c4132@group-A8C66984911A: change Leader from null to 8e2c8569-b56d-4caa-8510-f5a0514c4132 at term 1 for becomeLeader, leader elected after 5212ms
2019-09-19 13:26:18,572 [Thread-241] INFO  impl.RaftServerImpl (RaftServerImpl.java:setRole(174)) - 8e2c8569-b56d-4caa-8510-f5a0514c4132@group-D93A538D59EE: changes role from  FOLLOWER to CANDIDATE at term 0 for changeToCandidate
2019-09-19 13:26:18,572 [8e2c8569-b56d-4caa-8510-f5a0514c4132@group-A8C66984911A:LeaderElection10] INFO  server.RaftServerConfigKeys (ConfUtils.java:logGet(43)) - raft.server.staging.catchup.gap = 1000 (default)
2019-09-19 13:26:18,572 [Thread-241] INFO  impl.RoleInfo (RoleInfo.java:updateAndGet(143)) - 8e2c8569-b56d-4caa-8510-f5a0514c4132: start LeaderElection
2019-09-19 13:26:18,572 [8e2c8569-b56d-4caa-8510-f5a0514c4132@group-A8C66984911A:LeaderElection10] INFO  server.RaftServerConfigKeys (ConfUtils.java:logGet(43)) - raft.server.rpc.sleep.time = 25ms (default)
2019-09-19 13:26:18,576 [8e2c8569-b56d-4caa-8510-f5a0514c4132@group-A8C66984911A:LeaderElection10] INFO  server.RaftServerConfigKeys (ConfUtils.java:logGet(43)) - raft.server.write.element-limit = 4096 (default)
2019-09-19 13:26:18,576 [8e2c8569-b56d-4caa-8510-f5a0514c4132@group-A8C66984911A:LeaderElection10] INFO  server.RaftServerConfigKeys (ConfUtils.java:logGet(43)) - raft.server.watch.timeout = 10s (default)
2019-09-19 13:26:18,576 [8e2c8569-b56d-4caa-8510-f5a0514c4132@group-A8C66984911A:LeaderElection10] INFO  server.RaftServerConfigKeys (ConfUtils.java:logGet(43)) - raft.server.watch.timeout.denomination = 1s (default)
2019-09-19 13:26:18,577 [8e2c8569-b56d-4caa-8510-f5a0514c4132@group-A8C66984911A:LeaderElection10] INFO  server.RaftServerConfigKeys (ConfUtils.java:logGet(43)) - raft.server.watch.element-limit = 65536 (default)
2019-09-19 13:26:18,580 [8e2c8569-b56d-4caa-8510-f5a0514c4132@group-D93A538D59EE:LeaderElection11] INFO  impl.LeaderElection (LeaderElection.java:askForVotes(182)) - 8e2c8569-b56d-4caa-8510-f5a0514c4132@group-D93A538D59EE:LeaderElection11: begin an election at term 1 for -1: [37dc332b-bfed-4dfc-81f7-bf33614aca4c:192.168.5.181:35506, 1f9acb71-0682-4e3f-a92c-28dcdab1fe2b:192.168.5.181:40589, 8e2c8569-b56d-4caa-8510-f5a0514c4132:192.168.5.181:33755], old=null
2019-09-19 13:26:18,583 [grpc-default-executor-2] INFO  impl.RaftServerImpl (RaftServerImpl.java:setRole(174)) - 37dc332b-bfed-4dfc-81f7-bf33614aca4c@group-D93A538D59EE: changes role from  FOLLOWER to FOLLOWER at term 1 for recognizeCandidate:1f9acb71-0682-4e3f-a92c-28dcdab1fe2b
2019-09-19 13:26:18,583 [8e2c8569-b56d-4caa-8510-f5a0514c4132@group-A8C66984911A:LeaderElection10] INFO  impl.RoleInfo (RoleInfo.java:updateAndGet(143)) - 8e2c8569-b56d-4caa-8510-f5a0514c4132: start LeaderState
2019-09-19 13:26:18,585 [grpc-default-executor-2] INFO  impl.RoleInfo (RoleInfo.java:shutdownFollowerState(121)) - 37dc332b-bfed-4dfc-81f7-bf33614aca4c: shutdown FollowerState
2019-09-19 13:26:18,586 [grpc-default-executor-2] INFO  impl.RoleInfo (RoleInfo.java:updateAndGet(143)) - 37dc332b-bfed-4dfc-81f7-bf33614aca4c: start FollowerState
2019-09-19 13:26:18,586 [8e2c8569-b56d-4caa-8510-f5a0514c4132@group-A8C66984911A:LeaderElection10] INFO  segmented.SegmentedRaftLogWorker (SegmentedRaftLogWorker.java:startLogSegment(380)) - 8e2c8569-b56d-4caa-8510-f5a0514c4132@group-A8C66984911A-SegmentedRaftLogWorker: Starting segment from index:0
2019-09-19 13:26:18,586 [Thread-238] INFO  impl.FollowerState (FollowerState.java:run(115)) - 37dc332b-bfed-4dfc-81f7-bf33614aca4c: FollowerState was interrupted: java.lang.InterruptedException: sleep interrupted
2019-09-19 13:26:18,589 [8e2c8569-b56d-4caa-8510-f5a0514c4132@group-A8C66984911A:LeaderElection10] INFO  impl.RaftServerImpl (ServerState.java:setRaftConf(354)) - 8e2c8569-b56d-4caa-8510-f5a0514c4132@group-A8C66984911A: set configuration 0: [8e2c8569-b56d-4caa-8510-f5a0514c4132:192.168.5.181:33755], old=null at 0
2019-09-19 13:26:18,625 [8e2c8569-b56d-4caa-8510-f5a0514c4132@group-A8C66984911A-SegmentedRaftLogWorker] INFO  segmented.SegmentedRaftLogWorker (SegmentedRaftLogWorker.java:execute(569)) - 8e2c8569-b56d-4caa-8510-f5a0514c4132@group-A8C66984911A-SegmentedRaftLogWorker: created new log segment /workdir/hadoop-ozone/integration-test/target/test-dir/MiniOzoneClusterImpl-0b0855db-21d1-4d4e-a30c-b213e2aa266a/datanode-0/data/ratis/0542dbee-0c78-46ff-aa6b-a8c66984911a/current/log_inprogress_0
2019-09-19 13:26:18,635 [1f9acb71-0682-4e3f-a92c-28dcdab1fe2b@group-D93A538D59EE:LeaderElection9] INFO  impl.LeaderElection (LeaderElection.java:logAndReturn(56)) - 1f9acb71-0682-4e3f-a92c-28dcdab1fe2b@group-D93A538D59EE:LeaderElection9: Election PASSED; received 2 response(s) [1f9acb71-0682-4e3f-a92c-28dcdab1fe2b<-37dc332b-bfed-4dfc-81f7-bf33614aca4c#0:OK-t1, 1f9acb71-0682-4e3f-a92c-28dcdab1fe2b<-8e2c8569-b56d-4caa-8510-f5a0514c4132#0:FAIL-t1] and 0 exception(s); 1f9acb71-0682-4e3f-a92c-28dcdab1fe2b@group-D93A538D59EE:t1, leader=null, voted=1f9acb71-0682-4e3f-a92c-28dcdab1fe2b, raftlog=1f9acb71-0682-4e3f-a92c-28dcdab1fe2b@group-D93A538D59EE-SegmentedRaftLog:OPENED:c-1,f-1,i0, conf=-1: [37dc332b-bfed-4dfc-81f7-bf33614aca4c:192.168.5.181:35506, 1f9acb71-0682-4e3f-a92c-28dcdab1fe2b:192.168.5.181:40589, 8e2c8569-b56d-4caa-8510-f5a0514c4132:192.168.5.181:33755], old=null
2019-09-19 13:26:18,636 [1f9acb71-0682-4e3f-a92c-28dcdab1fe2b@group-D93A538D59EE:LeaderElection9] INFO  impl.RoleInfo (RoleInfo.java:shutdownLeaderElection(134)) - 1f9acb71-0682-4e3f-a92c-28dcdab1fe2b: shutdown LeaderElection
2019-09-19 13:26:18,636 [1f9acb71-0682-4e3f-a92c-28dcdab1fe2b@group-D93A538D59EE:LeaderElection9] INFO  impl.RaftServerImpl (RaftServerImpl.java:setRole(174)) - 1f9acb71-0682-4e3f-a92c-28dcdab1fe2b@group-D93A538D59EE: changes role from CANDIDATE to LEADER at term 1 for changeToLeader
2019-09-19 13:26:18,645 [1f9acb71-0682-4e3f-a92c-28dcdab1fe2b@group-D93A538D59EE:LeaderElection9] INFO  impl.RaftServerImpl (ServerState.java:setLeader(253)) - 1f9acb71-0682-4e3f-a92c-28dcdab1fe2b@group-D93A538D59EE: change Leader from null to 1f9acb71-0682-4e3f-a92c-28dcdab1fe2b at term 1 for becomeLeader, leader elected after 5145ms
2019-09-19 13:26:18,645 [1f9acb71-0682-4e3f-a92c-28dcdab1fe2b@group-D93A538D59EE:LeaderElection9] INFO  server.RaftServerConfigKeys (ConfUtils.java:logGet(43)) - raft.server.staging.catchup.gap = 1000 (default)
2019-09-19 13:26:18,645 [1f9acb71-0682-4e3f-a92c-28dcdab1fe2b@group-D93A538D59EE:LeaderElection9] INFO  server.RaftServerConfigKeys (ConfUtils.java:logGet(43)) - raft.server.rpc.sleep.time = 25ms (default)
2019-09-19 13:26:18,646 [1f9acb71-0682-4e3f-a92c-28dcdab1fe2b@group-D93A538D59EE:LeaderElection9] INFO  server.RaftServerConfigKeys (ConfUtils.java:logGet(43)) - raft.server.write.element-limit = 4096 (default)
2019-09-19 13:26:18,646 [1f9acb71-0682-4e3f-a92c-28dcdab1fe2b@group-D93A538D59EE:LeaderElection9] INFO  server.RaftServerConfigKeys (ConfUtils.java:logGet(43)) - raft.server.watch.timeout = 10s (default)
2019-09-19 13:26:18,646 [1f9acb71-0682-4e3f-a92c-28dcdab1fe2b@group-D93A538D59EE:LeaderElection9] INFO  server.RaftServerConfigKeys (ConfUtils.java:logGet(43)) - raft.server.watch.timeout.denomination = 1s (default)
2019-09-19 13:26:18,646 [1f9acb71-0682-4e3f-a92c-28dcdab1fe2b@group-D93A538D59EE:LeaderElection9] INFO  server.RaftServerConfigKeys (ConfUtils.java:logGet(43)) - raft.server.watch.element-limit = 65536 (default)
2019-09-19 13:26:18,646 [8e2c8569-b56d-4caa-8510-f5a0514c4132@group-D93A538D59EE:LeaderElection11] INFO  impl.LeaderElection (LeaderElection.java:logAndReturn(56)) - 8e2c8569-b56d-4caa-8510-f5a0514c4132@group-D93A538D59EE:LeaderElection11: Election REJECTED; received 2 response(s) [8e2c8569-b56d-4caa-8510-f5a0514c4132<-37dc332b-bfed-4dfc-81f7-bf33614aca4c#0:FAIL-t1, 8e2c8569-b56d-4caa-8510-f5a0514c4132<-1f9acb71-0682-4e3f-a92c-28dcdab1fe2b#0:FAIL-t1] and 0 exception(s); 8e2c8569-b56d-4caa-8510-f5a0514c4132@group-D93A538D59EE:t1, leader=null, voted=8e2c8569-b56d-4caa-8510-f5a0514c4132, raftlog=8e2c8569-b56d-4caa-8510-f5a0514c4132@group-D93A538D59EE-SegmentedRaftLog:OPENED:c-1,f-1,i0, conf=-1: [37dc332b-bfed-4dfc-81f7-bf33614aca4c:192.168.5.181:35506, 1f9acb71-0682-4e3f-a92c-28dcdab1fe2b:192.168.5.181:40589, 8e2c8569-b56d-4caa-8510-f5a0514c4132:192.168.5.181:33755], old=null
2019-09-19 13:26:18,648 [8e2c8569-b56d-4caa-8510-f5a0514c4132@group-D93A538D59EE:LeaderElection11] INFO  impl.RaftServerImpl (RaftServerImpl.java:setRole(174)) - 8e2c8569-b56d-4caa-8510-f5a0514c4132@group-D93A538D59EE: changes role from CANDIDATE to FOLLOWER at term 1 for DISCOVERED_A_NEW_TERM
2019-09-19 13:26:18,648 [8e2c8569-b56d-4caa-8510-f5a0514c4132@group-D93A538D59EE:LeaderElection11] INFO  impl.RoleInfo (RoleInfo.java:shutdownLeaderElection(134)) - 8e2c8569-b56d-4caa-8510-f5a0514c4132: shutdown LeaderElection
2019-09-19 13:26:18,648 [8e2c8569-b56d-4caa-8510-f5a0514c4132@group-D93A538D59EE:LeaderElection11] INFO  impl.RoleInfo (RoleInfo.java:updateAndGet(143)) - 8e2c8569-b56d-4caa-8510-f5a0514c4132: start FollowerState
2019-09-19 13:26:18,650 [1f9acb71-0682-4e3f-a92c-28dcdab1fe2b@group-D93A538D59EE:LeaderElection9] INFO  server.RaftServerConfigKeys (ConfUtils.java:logGet(43)) - raft.server.log.appender.snapshot.chunk.size.max = 16MB (=16777216) (default)
2019-09-19 13:26:18,653 [1f9acb71-0682-4e3f-a92c-28dcdab1fe2b@group-D93A538D59EE:LeaderElection9] INFO  server.RaftServerConfigKeys (ConfUtils.java:logGet(43)) - raft.server.log.appender.buffer.byte-limit = 33554432 (custom)
2019-09-19 13:26:18,653 [1f9acb71-0682-4e3f-a92c-28dcdab1fe2b@group-D93A538D59EE:LeaderElection9] INFO  server.RaftServerConfigKeys (ConfUtils.java:logGet(43)) - raft.server.log.appender.buffer.element-limit = 1 (custom)
2019-09-19 13:26:18,653 [1f9acb71-0682-4e3f-a92c-28dcdab1fe2b@group-D93A538D59EE:LeaderElection9] INFO  grpc.GrpcConfigKeys$Server (ConfUtils.java:logGet(43)) - raft.grpc.server.leader.outstanding.appends.max = 128 (default)
2019-09-19 13:26:18,655 [1f9acb71-0682-4e3f-a92c-28dcdab1fe2b@group-D93A538D59EE:LeaderElection9] INFO  server.RaftServerConfigKeys (ConfUtils.java:logGet(43)) - raft.server.rpc.request.timeout = 3000ms (default)
2019-09-19 13:26:18,655 [1f9acb71-0682-4e3f-a92c-28dcdab1fe2b@group-D93A538D59EE:LeaderElection9] INFO  server.RaftServerConfigKeys (ConfUtils.java:logGet(43)) - raft.server.log.appender.install.snapshot.enabled = false (custom)
2019-09-19 13:26:18,656 [1f9acb71-0682-4e3f-a92c-28dcdab1fe2b@group-D93A538D59EE:LeaderElection9] INFO  server.RaftServerConfigKeys (ConfUtils.java:logGet(43)) - raft.server.log.appender.snapshot.chunk.size.max = 16MB (=16777216) (default)
2019-09-19 13:26:18,656 [1f9acb71-0682-4e3f-a92c-28dcdab1fe2b@group-D93A538D59EE:LeaderElection9] INFO  server.RaftServerConfigKeys (ConfUtils.java:logGet(43)) - raft.server.log.appender.buffer.byte-limit = 33554432 (custom)
2019-09-19 13:26:18,656 [1f9acb71-0682-4e3f-a92c-28dcdab1fe2b@group-D93A538D59EE:LeaderElection9] INFO  server.RaftServerConfigKeys (ConfUtils.java:logGet(43)) - raft.server.log.appender.buffer.element-limit = 1 (custom)
2019-09-19 13:26:18,656 [1f9acb71-0682-4e3f-a92c-28dcdab1fe2b@group-D93A538D59EE:LeaderElection9] INFO  grpc.GrpcConfigKeys$Server (ConfUtils.java:logGet(43)) - raft.grpc.server.leader.outstanding.appends.max = 128 (default)
2019-09-19 13:26:18,656 [1f9acb71-0682-4e3f-a92c-28dcdab1fe2b@group-D93A538D59EE:LeaderElection9] INFO  server.RaftServerConfigKeys (ConfUtils.java:logGet(43)) - raft.server.rpc.request.timeout = 3000ms (default)
2019-09-19 13:26:18,656 [1f9acb71-0682-4e3f-a92c-28dcdab1fe2b@group-D93A538D59EE:LeaderElection9] INFO  server.RaftServerConfigKeys (ConfUtils.java:logGet(43)) - raft.server.log.appender.install.snapshot.enabled = false (custom)
2019-09-19 13:26:18,657 [1f9acb71-0682-4e3f-a92c-28dcdab1fe2b@group-D93A538D59EE:LeaderElection9] INFO  impl.RoleInfo (RoleInfo.java:updateAndGet(143)) - 1f9acb71-0682-4e3f-a92c-28dcdab1fe2b: start LeaderState
2019-09-19 13:26:18,657 [1f9acb71-0682-4e3f-a92c-28dcdab1fe2b@group-D93A538D59EE:LeaderElection9] INFO  segmented.SegmentedRaftLogWorker (SegmentedRaftLogWorker.java:startLogSegment(380)) - 1f9acb71-0682-4e3f-a92c-28dcdab1fe2b@group-D93A538D59EE-SegmentedRaftLogWorker: Starting segment from index:0
2019-09-19 13:26:18,658 [1f9acb71-0682-4e3f-a92c-28dcdab1fe2b@group-D93A538D59EE:LeaderElection9] INFO  impl.RaftServerImpl (ServerState.java:setRaftConf(354)) - 1f9acb71-0682-4e3f-a92c-28dcdab1fe2b@group-D93A538D59EE: set configuration 0: [37dc332b-bfed-4dfc-81f7-bf33614aca4c:192.168.5.181:35506, 1f9acb71-0682-4e3f-a92c-28dcdab1fe2b:192.168.5.181:40589, 8e2c8569-b56d-4caa-8510-f5a0514c4132:192.168.5.181:33755], old=null at 0
2019-09-19 13:26:18,660 [grpc-default-executor-2] INFO  impl.RaftServerImpl (ServerState.java:setLeader(253)) - 37dc332b-bfed-4dfc-81f7-bf33614aca4c@group-D93A538D59EE: change Leader from null to 1f9acb71-0682-4e3f-a92c-28dcdab1fe2b at term 1 for appendEntries, leader elected after 5161ms
2019-09-19 13:26:18,660 [grpc-default-executor-4] INFO  impl.RaftServerImpl (ServerState.java:setLeader(253)) - 8e2c8569-b56d-4caa-8510-f5a0514c4132@group-D93A538D59EE: change Leader from null to 1f9acb71-0682-4e3f-a92c-28dcdab1fe2b at term 1 for appendEntries, leader elected after 5160ms
2019-09-19 13:26:18,664 [grpc-default-executor-4] INFO  impl.RaftServerImpl (ServerState.java:setRaftConf(354)) - 37dc332b-bfed-4dfc-81f7-bf33614aca4c@group-D93A538D59EE: set configuration 0: [37dc332b-bfed-4dfc-81f7-bf33614aca4c:192.168.5.181:35506, 1f9acb71-0682-4e3f-a92c-28dcdab1fe2b:192.168.5.181:40589, 8e2c8569-b56d-4caa-8510-f5a0514c4132:192.168.5.181:33755], old=null at 0
2019-09-19 13:26:18,664 [grpc-default-executor-4] INFO  segmented.SegmentedRaftLogWorker (SegmentedRaftLogWorker.java:startLogSegment(380)) - 37dc332b-bfed-4dfc-81f7-bf33614aca4c@group-D93A538D59EE-SegmentedRaftLogWorker: Starting segment from index:0
2019-09-19 13:26:18,664 [grpc-default-executor-2] INFO  impl.RaftServerImpl (ServerState.java:setRaftConf(354)) - 8e2c8569-b56d-4caa-8510-f5a0514c4132@group-D93A538D59EE: set configuration 0: [37dc332b-bfed-4dfc-81f7-bf33614aca4c:192.168.5.181:35506, 1f9acb71-0682-4e3f-a92c-28dcdab1fe2b:192.168.5.181:40589, 8e2c8569-b56d-4caa-8510-f5a0514c4132:192.168.5.181:33755], old=null at 0
2019-09-19 13:26:18,665 [grpc-default-executor-2] INFO  segmented.SegmentedRaftLogWorker (SegmentedRaftLogWorker.java:startLogSegment(380)) - 8e2c8569-b56d-4caa-8510-f5a0514c4132@group-D93A538D59EE-SegmentedRaftLogWorker: Starting segment from index:0
2019-09-19 13:26:18,708 [1f9acb71-0682-4e3f-a92c-28dcdab1fe2b@group-D93A538D59EE-SegmentedRaftLogWorker] INFO  segmented.SegmentedRaftLogWorker (SegmentedRaftLogWorker.java:execute(569)) - 1f9acb71-0682-4e3f-a92c-28dcdab1fe2b@group-D93A538D59EE-SegmentedRaftLogWorker: created new log segment /workdir/hadoop-ozone/integration-test/target/test-dir/MiniOzoneClusterImpl-0b0855db-21d1-4d4e-a30c-b213e2aa266a/datanode-3/data/ratis/60f8e1a8-03e7-49e2-b31c-d93a538d59ee/current/log_inprogress_0
2019-09-19 13:26:18,728 [8e2c8569-b56d-4caa-8510-f5a0514c4132@group-D93A538D59EE-SegmentedRaftLogWorker] INFO  segmented.SegmentedRaftLogWorker (SegmentedRaftLogWorker.java:execute(569)) - 8e2c8569-b56d-4caa-8510-f5a0514c4132@group-D93A538D59EE-SegmentedRaftLogWorker: created new log segment /workdir/hadoop-ozone/integration-test/target/test-dir/MiniOzoneClusterImpl-0b0855db-21d1-4d4e-a30c-b213e2aa266a/datanode-0/data/ratis/60f8e1a8-03e7-49e2-b31c-d93a538d59ee/current/log_inprogress_0
2019-09-19 13:26:18,728 [37dc332b-bfed-4dfc-81f7-bf33614aca4c@group-D93A538D59EE-SegmentedRaftLogWorker] INFO  segmented.SegmentedRaftLogWorker (SegmentedRaftLogWorker.java:execute(569)) - 37dc332b-bfed-4dfc-81f7-bf33614aca4c@group-D93A538D59EE-SegmentedRaftLogWorker: created new log segment /workdir/hadoop-ozone/integration-test/target/test-dir/MiniOzoneClusterImpl-0b0855db-21d1-4d4e-a30c-b213e2aa266a/datanode-2/data/ratis/60f8e1a8-03e7-49e2-b31c-d93a538d59ee/current/log_inprogress_0
2019-09-19 13:26:18,891 [grpc-default-executor-1] INFO  client.GrpcClientProtocolClient (GrpcClientProtocolClient.java:onNext(264)) - client-83F988FE9929->37dc332b-bfed-4dfc-81f7-bf33614aca4c: receive RaftClientReply:client-83F988FE9929->37dc332b-bfed-4dfc-81f7-bf33614aca4c@group-E0E80B05C055, cid=8, SUCCESS, logIndex=1, commits[37dc332b-bfed-4dfc-81f7-bf33614aca4c:c1, 696a3a0c-936b-4864-a843-1f7076bcd00a:c0, 8e2c8569-b56d-4caa-8510-f5a0514c4132:c0]
2019-09-19 13:26:19,016 [grpc-default-executor-1] INFO  client.GrpcClientProtocolClient (GrpcClientProtocolClient.java:onNext(264)) - client-83F988FE9929->37dc332b-bfed-4dfc-81f7-bf33614aca4c: receive RaftClientReply:client-83F988FE9929->37dc332b-bfed-4dfc-81f7-bf33614aca4c@group-E0E80B05C055, cid=9, SUCCESS, logIndex=3, commits[37dc332b-bfed-4dfc-81f7-bf33614aca4c:c4, 696a3a0c-936b-4864-a843-1f7076bcd00a:c3, 8e2c8569-b56d-4caa-8510-f5a0514c4132:c3]
2019-09-19 13:26:19,036 [main] ERROR container.ContainerStateManager (ContainerStateManager.java:updateContainerState(335)) - Failed to update container state #1, reason: invalid state transition from state: CLOSING upon event: FINALIZE.
]]></system-out>
    <system-err><![CDATA[ERROR StatusLogger No Log4j 2 configuration file found. Using default configuration (logging only errors to the console), or user programmatically provided configurations. Set system property 'log4j2.debug' to show Log4j 2 internal initialization logging. See https://logging.apache.org/log4j/2.x/manual/configuration.html for instructions on how to configure Log4j 2
]]></system-err>
  </testcase>
</testsuite>