<?xml version="1.0" encoding="UTF-8"?>
<testsuite xmlns:xsi="http://www.w3.org/2001/XMLSchema-instance" xsi:noNamespaceSchemaLocation="https://maven.apache.org/surefire/maven-surefire-plugin/xsd/surefire-test-report.xsd" name="org.apache.hadoop.ozone.client.rpc.TestBlockOutputStreamWithFailures" time="672.362" tests="8" errors="0" skipped="0" failures="1">
  <properties>
    <property name="awt.toolkit" value="sun.awt.X11.XToolkit"/>
    <property name="file.encoding.pkg" value="sun.io"/>
    <property name="java.specification.version" value="1.8"/>
    <property name="sun.cpu.isalist" value=""/>
    <property name="sun.jnu.encoding" value="UTF-8"/>
    <property name="java.class.path" value="/workdir/hadoop-ozone/integration-test/target/test-classes:/workdir/hadoop-ozone/integration-test/target/classes:/home/user/.m2/repository/org/apache/hadoop/hadoop-ozone-common/0.5.0-SNAPSHOT/hadoop-ozone-common-0.5.0-SNAPSHOT.jar:/home/user/.m2/repository/org/apache/commons/commons-compress/1.4.1/commons-compress-1.4.1.jar:/home/user/.m2/repository/org/tukaani/xz/1.0/xz-1.0.jar:/home/user/.m2/repository/org/apache/hadoop/hadoop-common/3.2.0/hadoop-common-3.2.0.jar:/home/user/.m2/repository/org/apache/hadoop/hadoop-hdfs/3.2.0/hadoop-hdfs-3.2.0.jar:/home/user/.m2/repository/org/apache/hadoop/hadoop-hdfs-client/3.2.0/hadoop-hdfs-client-3.2.0.jar:/home/user/.m2/repository/com/fasterxml/jackson/core/jackson-annotations/2.9.5/jackson-annotations-2.9.5.jar:/home/user/.m2/repository/org/apache/hadoop/hadoop-hdds-common/0.5.0-SNAPSHOT/hadoop-hdds-common-0.5.0-SNAPSHOT.jar:/home/user/.m2/repository/javax/annotation/javax.annotation-api/1.2/javax.annotation-api-1.2.jar:/home/user/.m2/repository/org/apache/ratis/ratis-server/0.4.0-2337318-SNAPSHOT/ratis-server-0.4.0-2337318-SNAPSHOT.jar:/home/user/.m2/repository/org/apache/ratis/ratis-thirdparty-misc/0.2.0/ratis-thirdparty-misc-0.2.0.jar:/home/user/.m2/repository/org/apache/ratis/ratis-proto/0.4.0-2337318-SNAPSHOT/ratis-proto-0.4.0-2337318-SNAPSHOT.jar:/home/user/.m2/repository/org/apache/ratis/ratis-common/0.4.0-2337318-SNAPSHOT/ratis-common-0.4.0-2337318-SNAPSHOT.jar:/home/user/.m2/repository/org/apache/ratis/ratis-client/0.4.0-2337318-SNAPSHOT/ratis-client-0.4.0-2337318-SNAPSHOT.jar:/home/user/.m2/repository/org/apache/ratis/ratis-metrics/0.4.0-2337318-SNAPSHOT/ratis-metrics-0.4.0-2337318-SNAPSHOT.jar:/home/user/.m2/repository/org/apache/ratis/ratis-netty/0.4.0-2337318-SNAPSHOT/ratis-netty-0.4.0-2337318-SNAPSHOT.jar:/home/user/.m2/repository/org/apache/ratis/ratis-grpc/0.4.0-2337318-SNAPSHOT/ratis-grpc-0.4.0-2337318-SNAPSHOT.jar:/home/user/.m2/repository/org/rocksdb/rocksdbjni/6.0.1/rocksdbjni-6.0.1.jar:/home/user/.m2/repository/org/apache/logging/log4j/log4j-api/2.11.0/log4j-api-2.11.0.jar:/home/user/.m2/repository/org/apache/logging/log4j/log4j-core/2.11.0/log4j-core-2.11.0.jar:/home/user/.m2/repository/com/lmax/disruptor/3.4.2/disruptor-3.4.2.jar:/home/user/.m2/repository/org/apache/commons/commons-pool2/2.6.0/commons-pool2-2.6.0.jar:/home/user/.m2/repository/org/bouncycastle/bcpkix-jdk15on/1.60/bcpkix-jdk15on-1.60.jar:/home/user/.m2/repository/commons-validator/commons-validator/1.6/commons-validator-1.6.jar:/home/user/.m2/repository/commons-digester/commons-digester/1.8.1/commons-digester-1.8.1.jar:/home/user/.m2/repository/io/jaegertracing/jaeger-client/0.33.1/jaeger-client-0.33.1.jar:/home/user/.m2/repository/io/jaegertracing/jaeger-thrift/0.33.1/jaeger-thrift-0.33.1.jar:/home/user/.m2/repository/org/apache/thrift/libthrift/0.11.0/libthrift-0.11.0.jar:/home/user/.m2/repository/com/squareup/okhttp3/okhttp/3.9.0/okhttp-3.9.0.jar:/home/user/.m2/repository/com/squareup/okio/okio/1.13.0/okio-1.13.0.jar:/home/user/.m2/repository/io/jaegertracing/jaeger-core/0.33.1/jaeger-core-0.33.1.jar:/home/user/.m2/repository/io/jaegertracing/jaeger-tracerresolver/0.33.1/jaeger-tracerresolver-0.33.1.jar:/home/user/.m2/repository/io/opentracing/contrib/opentracing-tracerresolver/0.1.5/opentracing-tracerresolver-0.1.5.jar:/home/user/.m2/repository/io/opentracing/opentracing-util/0.31.0/opentracing-util-0.31.0.jar:/home/user/.m2/repository/io/opentracing/opentracing-api/0.31.0/opentracing-api-0.31.0.jar:/home/user/.m2/repository/io/opentracing/opentracing-noop/0.31.0/opentracing-noop-0.31.0.jar:/home/user/.m2/repository/org/apache/hadoop/hadoop-hdds-server-framework/0.5.0-SNAPSHOT/hadoop-hdds-server-framework-0.5.0-SNAPSHOT.jar:/home/user/.m2/repository/org/apache/hadoop/hadoop-hdds-container-service/0.5.0-SNAPSHOT/hadoop-hdds-container-service-0.5.0-SNAPSHOT.jar:/home/user/.m2/repository/org/apache/hadoop/hadoop-hdds-client/0.5.0-SNAPSHOT/hadoop-hdds-client-0.5.0-SNAPSHOT.jar:/home/user/.m2/repository/org/apache/hadoop/hadoop-hdds-tools/0.5.0-SNAPSHOT/hadoop-hdds-tools-0.5.0-SNAPSHOT.jar:/home/user/.m2/repository/org/apache/hadoop/hadoop-hdds-server-scm/0.5.0-SNAPSHOT/hadoop-hdds-server-scm-0.5.0-SNAPSHOT.jar:/home/user/.m2/repository/org/apache/hadoop/hadoop-hdds-docs/0.5.0-SNAPSHOT/hadoop-hdds-docs-0.5.0-SNAPSHOT.jar:/home/user/.m2/repository/io/dropwizard/metrics/metrics-core/3.2.4/metrics-core-3.2.4.jar:/home/user/.m2/repository/org/hamcrest/hamcrest-all/1.3/hamcrest-all-1.3.jar:/home/user/.m2/repository/org/bouncycastle/bcprov-jdk15on/1.60/bcprov-jdk15on-1.60.jar:/home/user/.m2/repository/info/picocli/picocli/3.9.6/picocli-3.9.6.jar:/home/user/.m2/repository/com/google/protobuf/protobuf-java/2.5.0/protobuf-java-2.5.0.jar:/home/user/.m2/repository/com/google/guava/guava/11.0.2/guava-11.0.2.jar:/home/user/.m2/repository/org/apache/hadoop/hadoop-ozone-ozone-manager/0.5.0-SNAPSHOT/hadoop-ozone-ozone-manager-0.5.0-SNAPSHOT.jar:/home/user/.m2/repository/org/apache/hadoop/hadoop-minikdc/3.2.0/hadoop-minikdc-3.2.0.jar:/home/user/.m2/repository/commons-io/commons-io/2.5/commons-io-2.5.jar:/home/user/.m2/repository/org/apache/kerby/kerb-simplekdc/1.0.1/kerb-simplekdc-1.0.1.jar:/home/user/.m2/repository/org/apache/kerby/kerb-client/1.0.1/kerb-client-1.0.1.jar:/home/user/.m2/repository/org/apache/kerby/kerby-config/1.0.1/kerby-config-1.0.1.jar:/home/user/.m2/repository/org/apache/kerby/kerb-core/1.0.1/kerb-core-1.0.1.jar:/home/user/.m2/repository/org/apache/kerby/kerby-pkix/1.0.1/kerby-pkix-1.0.1.jar:/home/user/.m2/repository/org/apache/kerby/kerby-asn1/1.0.1/kerby-asn1-1.0.1.jar:/home/user/.m2/repository/org/apache/kerby/kerby-util/1.0.1/kerby-util-1.0.1.jar:/home/user/.m2/repository/org/apache/kerby/kerb-common/1.0.1/kerb-common-1.0.1.jar:/home/user/.m2/repository/org/apache/kerby/kerb-crypto/1.0.1/kerb-crypto-1.0.1.jar:/home/user/.m2/repository/org/apache/kerby/kerb-util/1.0.1/kerb-util-1.0.1.jar:/home/user/.m2/repository/org/apache/kerby/token-provider/1.0.1/token-provider-1.0.1.jar:/home/user/.m2/repository/org/apache/kerby/kerb-admin/1.0.1/kerb-admin-1.0.1.jar:/home/user/.m2/repository/org/apache/kerby/kerb-server/1.0.1/kerb-server-1.0.1.jar:/home/user/.m2/repository/org/apache/kerby/kerb-identity/1.0.1/kerb-identity-1.0.1.jar:/home/user/.m2/repository/org/apache/kerby/kerby-xdr/1.0.1/kerby-xdr-1.0.1.jar:/home/user/.m2/repository/org/slf4j/slf4j-log4j12/1.7.25/slf4j-log4j12-1.7.25.jar:/home/user/.m2/repository/org/apache/hadoop/hadoop-ozone-objectstore-service/0.5.0-SNAPSHOT/hadoop-ozone-objectstore-service-0.5.0-SNAPSHOT.jar:/home/user/.m2/repository/org/apache/hadoop/hadoop-ozone-s3gateway/0.5.0-SNAPSHOT/hadoop-ozone-s3gateway-0.5.0-SNAPSHOT.jar:/home/user/.m2/repository/org/jboss/weld/servlet/weld-servlet/2.4.7.Final/weld-servlet-2.4.7.Final.jar:/home/user/.m2/repository/org/glassfish/jersey/containers/jersey-container-servlet-core/2.27/jersey-container-servlet-core-2.27.jar:/home/user/.m2/repository/org/glassfish/hk2/external/javax.inject/2.5.0-b42/javax.inject-2.5.0-b42.jar:/home/user/.m2/repository/org/glassfish/jersey/core/jersey-common/2.27/jersey-common-2.27.jar:/home/user/.m2/repository/org/glassfish/hk2/osgi-resource-locator/1.0.1/osgi-resource-locator-1.0.1.jar:/home/user/.m2/repository/javax/ws/rs/javax.ws.rs-api/2.1/javax.ws.rs-api-2.1.jar:/home/user/.m2/repository/org/glassfish/jersey/ext/cdi/jersey-cdi1x/2.27/jersey-cdi1x-2.27.jar:/home/user/.m2/repository/org/glassfish/jersey/inject/jersey-hk2/2.27/jersey-hk2-2.27.jar:/home/user/.m2/repository/org/glassfish/hk2/hk2-locator/2.5.0-b42/hk2-locator-2.5.0-b42.jar:/home/user/.m2/repository/org/javassist/javassist/3.22.0-CR2/javassist-3.22.0-CR2.jar:/home/user/.m2/repository/org/glassfish/hk2/hk2-api/2.5.0/hk2-api-2.5.0.jar:/home/user/.m2/repository/org/glassfish/hk2/external/jakarta.inject/2.5.0/jakarta.inject-2.5.0.jar:/home/user/.m2/repository/org/glassfish/hk2/hk2-utils/2.5.0/hk2-utils-2.5.0.jar:/home/user/.m2/repository/jakarta/annotation/jakarta.annotation-api/1.3.4/jakarta.annotation-api-1.3.4.jar:/home/user/.m2/repository/org/glassfish/hk2/external/aopalliance-repackaged/2.5.0/aopalliance-repackaged-2.5.0.jar:/home/user/.m2/repository/com/fasterxml/jackson/dataformat/jackson-dataformat-xml/2.9.0/jackson-dataformat-xml-2.9.0.jar:/home/user/.m2/repository/com/fasterxml/jackson/core/jackson-core/2.9.5/jackson-core-2.9.5.jar:/home/user/.m2/repository/com/fasterxml/jackson/module/jackson-module-jaxb-annotations/2.9.5/jackson-module-jaxb-annotations-2.9.5.jar:/home/user/.m2/repository/javax/enterprise/cdi-api/1.2/cdi-api-1.2.jar:/home/user/.m2/repository/javax/el/javax.el-api/3.0.0/javax.el-api-3.0.0.jar:/home/user/.m2/repository/javax/interceptor/javax.interceptor-api/1.2/javax.interceptor-api-1.2.jar:/home/user/.m2/repository/javax/inject/javax.inject/1/javax.inject-1.jar:/home/user/.m2/repository/com/sun/xml/bind/jaxb-impl/2.3.0.1/jaxb-impl-2.3.0.1.jar:/home/user/.m2/repository/com/sun/xml/bind/jaxb-core/2.3.0.1/jaxb-core-2.3.0.1.jar:/home/user/.m2/repository/javax/xml/bind/jaxb-api/2.3.0/jaxb-api-2.3.0.jar:/home/user/.m2/repository/javax/activation/activation/1.1.1/activation-1.1.1.jar:/home/user/.m2/repository/org/apache/hadoop/hadoop-ozone-csi/0.5.0-SNAPSHOT/hadoop-ozone-csi-0.5.0-SNAPSHOT.jar:/home/user/.m2/repository/com/google/protobuf/protobuf-java-util/3.5.1/protobuf-java-util-3.5.1.jar:/home/user/.m2/repository/org/apache/hadoop/hadoop-hdds-config/0.5.0-SNAPSHOT/hadoop-hdds-config-0.5.0-SNAPSHOT.jar:/home/user/.m2/repository/io/grpc/grpc-netty/1.17.1/grpc-netty-1.17.1.jar:/home/user/.m2/repository/io/grpc/grpc-core/1.17.1/grpc-core-1.17.1.jar:/home/user/.m2/repository/io/grpc/grpc-context/1.17.1/grpc-context-1.17.1.jar:/home/user/.m2/repository/com/google/errorprone/error_prone_annotations/2.2.0/error_prone_annotations-2.2.0.jar:/home/user/.m2/repository/org/codehaus/mojo/animal-sniffer-annotations/1.17/animal-sniffer-annotations-1.17.jar:/home/user/.m2/repository/io/opencensus/opencensus-api/0.17.0/opencensus-api-0.17.0.jar:/home/user/.m2/repository/io/opencensus/opencensus-contrib-grpc-metrics/0.17.0/opencensus-contrib-grpc-metrics-0.17.0.jar:/home/user/.m2/repository/io/netty/netty-codec-http2/4.1.30.Final/netty-codec-http2-4.1.30.Final.jar:/home/user/.m2/repository/io/netty/netty-codec-http/4.1.30.Final/netty-codec-http-4.1.30.Final.jar:/home/user/.m2/repository/io/netty/netty-codec/4.1.30.Final/netty-codec-4.1.30.Final.jar:/home/user/.m2/repository/io/netty/netty-handler/4.1.30.Final/netty-handler-4.1.30.Final.jar:/home/user/.m2/repository/io/netty/netty-handler-proxy/4.1.30.Final/netty-handler-proxy-4.1.30.Final.jar:/home/user/.m2/repository/io/netty/netty-codec-socks/4.1.30.Final/netty-codec-socks-4.1.30.Final.jar:/home/user/.m2/repository/io/netty/netty-transport-native-epoll/4.1.30.Final/netty-transport-native-epoll-4.1.30.Final.jar:/home/user/.m2/repository/io/netty/netty-common/4.1.30.Final/netty-common-4.1.30.Final.jar:/home/user/.m2/repository/io/netty/netty-buffer/4.1.30.Final/netty-buffer-4.1.30.Final.jar:/home/user/.m2/repository/io/netty/netty-transport/4.1.30.Final/netty-transport-4.1.30.Final.jar:/home/user/.m2/repository/io/netty/netty-resolver/4.1.30.Final/netty-resolver-4.1.30.Final.jar:/home/user/.m2/repository/io/netty/netty-transport-native-unix-common/4.1.30.Final/netty-transport-native-unix-common-4.1.30.Final.jar:/home/user/.m2/repository/io/grpc/grpc-protobuf/1.17.1/grpc-protobuf-1.17.1.jar:/home/user/.m2/repository/com/google/api/grpc/proto-google-common-protos/1.0.0/proto-google-common-protos-1.0.0.jar:/home/user/.m2/repository/io/grpc/grpc-protobuf-lite/1.17.1/grpc-protobuf-lite-1.17.1.jar:/home/user/.m2/repository/io/grpc/grpc-stub/1.17.1/grpc-stub-1.17.1.jar:/home/user/.m2/repository/org/apache/hadoop/hadoop-ozone-recon/0.5.0-SNAPSHOT/hadoop-ozone-recon-0.5.0-SNAPSHOT.jar:/home/user/.m2/repository/org/apache/hadoop/hadoop-ozone-reconcodegen/0.5.0-SNAPSHOT/hadoop-ozone-reconcodegen-0.5.0-SNAPSHOT.jar:/home/user/.m2/repository/com/google/inject/extensions/guice-multibindings/4.0/guice-multibindings-4.0.jar:/home/user/.m2/repository/com/google/inject/guice/4.0/guice-4.0.jar:/home/user/.m2/repository/aopalliance/aopalliance/1.0/aopalliance-1.0.jar:/home/user/.m2/repository/com/google/inject/extensions/guice-servlet/4.0/guice-servlet-4.0.jar:/home/user/.m2/repository/org/glassfish/jersey/containers/jersey-container-servlet/2.27/jersey-container-servlet-2.27.jar:/home/user/.m2/repository/org/glassfish/hk2/guice-bridge/2.5.0/guice-bridge-2.5.0.jar:/home/user/.m2/repository/org/glassfish/jersey/core/jersey-server/2.27/jersey-server-2.27.jar:/home/user/.m2/repository/org/glassfish/jersey/core/jersey-client/2.27/jersey-client-2.27.jar:/home/user/.m2/repository/org/glassfish/jersey/media/jersey-media-jaxb/2.27/jersey-media-jaxb-2.27.jar:/home/user/.m2/repository/javax/validation/validation-api/1.1.0.Final/validation-api-1.1.0.Final.jar:/home/user/.m2/repository/org/glassfish/jersey/media/jersey-media-json-jackson/2.27/jersey-media-json-jackson-2.27.jar:/home/user/.m2/repository/org/glassfish/jersey/ext/jersey-entity-filtering/2.27/jersey-entity-filtering-2.27.jar:/home/user/.m2/repository/com/google/inject/extensions/guice-assistedinject/4.0/guice-assistedinject-4.0.jar:/home/user/.m2/repository/org/jooq/jooq/3.11.10/jooq-3.11.10.jar:/home/user/.m2/repository/org/jooq/jooq-meta/3.11.10/jooq-meta-3.11.10.jar:/home/user/.m2/repository/org/jooq/jooq-codegen/3.11.10/jooq-codegen-3.11.10.jar:/home/user/.m2/repository/com/jolbox/bonecp/0.8.0.RELEASE/bonecp-0.8.0.RELEASE.jar:/home/user/.m2/repository/org/xerial/sqlite-jdbc/3.25.2/sqlite-jdbc-3.25.2.jar:/home/user/.m2/repository/org/springframework/spring-jdbc/5.1.3.RELEASE/spring-jdbc-5.1.3.RELEASE.jar:/home/user/.m2/repository/org/springframework/spring-beans/5.1.3.RELEASE/spring-beans-5.1.3.RELEASE.jar:/home/user/.m2/repository/org/springframework/spring-core/5.1.3.RELEASE/spring-core-5.1.3.RELEASE.jar:/home/user/.m2/repository/org/springframework/spring-jcl/5.1.3.RELEASE/spring-jcl-5.1.3.RELEASE.jar:/home/user/.m2/repository/org/springframework/spring-tx/5.1.3.RELEASE/spring-tx-5.1.3.RELEASE.jar:/home/user/.m2/repository/org/apache/hadoop/hadoop-ozone-client/0.5.0-SNAPSHOT/hadoop-ozone-client-0.5.0-SNAPSHOT.jar:/home/user/.m2/repository/commons-lang/commons-lang/2.6/commons-lang-2.6.jar:/home/user/.m2/repository/org/apache/hadoop/hadoop-ozone-ozone-manager/0.5.0-SNAPSHOT/hadoop-ozone-ozone-manager-0.5.0-SNAPSHOT-tests.jar:/home/user/.m2/repository/junit/junit/4.11/junit-4.11.jar:/home/user/.m2/repository/org/hamcrest/hamcrest-core/1.3/hamcrest-core-1.3.jar:/home/user/.m2/repository/org/openjdk/jmh/jmh-core/1.19/jmh-core-1.19.jar:/home/user/.m2/repository/net/sf/jopt-simple/jopt-simple/4.6/jopt-simple-4.6.jar:/home/user/.m2/repository/org/apache/commons/commons-math3/3.1.1/commons-math3-3.1.1.jar:/home/user/.m2/repository/org/openjdk/jmh/jmh-generator-annprocess/1.19/jmh-generator-annprocess-1.19.jar:/home/user/.m2/repository/org/mockito/mockito-all/1.8.5/mockito-all-1.8.5.jar:/home/user/.m2/repository/org/apache/hadoop/hadoop-kms/3.2.0/hadoop-kms-3.2.0.jar:/home/user/.m2/repository/org/apache/hadoop/hadoop-auth/3.2.0/hadoop-auth-3.2.0.jar:/home/user/.m2/repository/com/nimbusds/nimbus-jose-jwt/4.41.1/nimbus-jose-jwt-4.41.1.jar:/home/user/.m2/repository/com/github/stephenc/jcip/jcip-annotations/1.0-1/jcip-annotations-1.0-1.jar:/home/user/.m2/repository/net/minidev/json-smart/2.3/json-smart-2.3.jar:/home/user/.m2/repository/net/minidev/accessors-smart/1.2/accessors-smart-1.2.jar:/home/user/.m2/repository/org/ow2/asm/asm/5.0.4/asm-5.0.4.jar:/home/user/.m2/repository/org/apache/curator/curator-framework/2.12.0/curator-framework-2.12.0.jar:/home/user/.m2/repository/com/sun/jersey/jersey-core/1.19/jersey-core-1.19.jar:/home/user/.m2/repository/javax/ws/rs/jsr311-api/1.1.1/jsr311-api-1.1.1.jar:/home/user/.m2/repository/com/sun/jersey/jersey-server/1.19/jersey-server-1.19.jar:/home/user/.m2/repository/javax/servlet/javax.servlet-api/3.1.0/javax.servlet-api-3.1.0.jar:/home/user/.m2/repository/org/eclipse/jetty/jetty-server/9.3.24.v20180605/jetty-server-9.3.24.v20180605.jar:/home/user/.m2/repository/org/eclipse/jetty/jetty-http/9.3.24.v20180605/jetty-http-9.3.24.v20180605.jar:/home/user/.m2/repository/org/eclipse/jetty/jetty-io/9.3.24.v20180605/jetty-io-9.3.24.v20180605.jar:/home/user/.m2/repository/org/eclipse/jetty/jetty-webapp/9.3.24.v20180605/jetty-webapp-9.3.24.v20180605.jar:/home/user/.m2/repository/org/eclipse/jetty/jetty-xml/9.3.24.v20180605/jetty-xml-9.3.24.v20180605.jar:/home/user/.m2/repository/log4j/log4j/1.2.17/log4j-1.2.17.jar:/home/user/.m2/repository/org/slf4j/slf4j-api/1.7.25/slf4j-api-1.7.25.jar:/home/user/.m2/repository/org/slf4j/jul-to-slf4j/1.7.25/jul-to-slf4j-1.7.25.jar:/home/user/.m2/repository/org/eclipse/jetty/jetty-util/9.3.24.v20180605/jetty-util-9.3.24.v20180605.jar:/home/user/.m2/repository/com/fasterxml/jackson/core/jackson-databind/2.9.5/jackson-databind-2.9.5.jar:/home/user/.m2/repository/org/apache/hadoop/hadoop-kms/3.2.0/hadoop-kms-3.2.0-tests.jar:/home/user/.m2/repository/org/apache/hadoop/hadoop-hdds-server-scm/0.5.0-SNAPSHOT/hadoop-hdds-server-scm-0.5.0-SNAPSHOT-tests.jar:/home/user/.m2/repository/org/apache/hadoop/hadoop-hdds-container-service/0.5.0-SNAPSHOT/hadoop-hdds-container-service-0.5.0-SNAPSHOT-tests.jar:/home/user/.m2/repository/org/yaml/snakeyaml/1.16/snakeyaml-1.16.jar:/home/user/.m2/repository/org/apache/hadoop/hadoop-common/3.2.0/hadoop-common-3.2.0-tests.jar:/home/user/.m2/repository/org/apache/hadoop/hadoop-annotations/3.2.0/hadoop-annotations-3.2.0.jar:/usr/lib/jvm/java-1.8-openjdk/jre/../lib/tools.jar:/home/user/.m2/repository/commons-cli/commons-cli/1.2/commons-cli-1.2.jar:/home/user/.m2/repository/org/apache/httpcomponents/httpclient/4.5.2/httpclient-4.5.2.jar:/home/user/.m2/repository/org/apache/httpcomponents/httpcore/4.4.4/httpcore-4.4.4.jar:/home/user/.m2/repository/commons-codec/commons-codec/1.11/commons-codec-1.11.jar:/home/user/.m2/repository/commons-net/commons-net/3.6/commons-net-3.6.jar:/home/user/.m2/repository/commons-collections/commons-collections/3.2.2/commons-collections-3.2.2.jar:/home/user/.m2/repository/org/eclipse/jetty/jetty-servlet/9.3.24.v20180605/jetty-servlet-9.3.24.v20180605.jar:/home/user/.m2/repository/org/eclipse/jetty/jetty-security/9.3.24.v20180605/jetty-security-9.3.24.v20180605.jar:/home/user/.m2/repository/javax/servlet/jsp/jsp-api/2.1/jsp-api-2.1.jar:/home/user/.m2/repository/com/sun/jersey/jersey-servlet/1.19/jersey-servlet-1.19.jar:/home/user/.m2/repository/com/sun/jersey/jersey-json/1.19/jersey-json-1.19.jar:/home/user/.m2/repository/org/codehaus/jettison/jettison/1.1/jettison-1.1.jar:/home/user/.m2/repository/org/codehaus/jackson/jackson-core-asl/1.9.13/jackson-core-asl-1.9.13.jar:/home/user/.m2/repository/org/codehaus/jackson/jackson-mapper-asl/1.9.13/jackson-mapper-asl-1.9.13.jar:/home/user/.m2/repository/org/codehaus/jackson/jackson-jaxrs/1.9.13/jackson-jaxrs-1.9.13.jar:/home/user/.m2/repository/org/codehaus/jackson/jackson-xc/1.9.13/jackson-xc-1.9.13.jar:/home/user/.m2/repository/commons-logging/commons-logging/1.1.3/commons-logging-1.1.3.jar:/home/user/.m2/repository/commons-beanutils/commons-beanutils/1.9.3/commons-beanutils-1.9.3.jar:/home/user/.m2/repository/org/apache/commons/commons-configuration2/2.1.1/commons-configuration2-2.1.1.jar:/home/user/.m2/repository/org/apache/commons/commons-lang3/3.7/commons-lang3-3.7.jar:/home/user/.m2/repository/org/apache/commons/commons-text/1.4/commons-text-1.4.jar:/home/user/.m2/repository/org/apache/avro/avro/1.7.7/avro-1.7.7.jar:/home/user/.m2/repository/com/thoughtworks/paranamer/paranamer/2.3/paranamer-2.3.jar:/home/user/.m2/repository/org/xerial/snappy/snappy-java/1.0.5/snappy-java-1.0.5.jar:/home/user/.m2/repository/com/google/re2j/re2j/1.1/re2j-1.1.jar:/home/user/.m2/repository/com/google/code/gson/gson/2.2.4/gson-2.2.4.jar:/home/user/.m2/repository/com/jcraft/jsch/0.1.54/jsch-0.1.54.jar:/home/user/.m2/repository/org/apache/curator/curator-client/2.12.0/curator-client-2.12.0.jar:/home/user/.m2/repository/org/apache/curator/curator-recipes/2.12.0/curator-recipes-2.12.0.jar:/home/user/.m2/repository/com/google/code/findbugs/jsr305/3.0.0/jsr305-3.0.0.jar:/home/user/.m2/repository/org/apache/htrace/htrace-core4/4.1.0-incubating/htrace-core4-4.1.0-incubating.jar:/home/user/.m2/repository/org/apache/zookeeper/zookeeper/3.4.13/zookeeper-3.4.13.jar:/home/user/.m2/repository/org/apache/yetus/audience-annotations/0.5.0/audience-annotations-0.5.0.jar:/home/user/.m2/repository/org/codehaus/woodstox/stax2-api/3.1.4/stax2-api-3.1.4.jar:/home/user/.m2/repository/com/fasterxml/woodstox/woodstox-core/5.0.3/woodstox-core-5.0.3.jar:/home/user/.m2/repository/dnsjava/dnsjava/2.1.7/dnsjava-2.1.7.jar:/home/user/.m2/repository/org/apache/hadoop/hadoop-hdfs/3.2.0/hadoop-hdfs-3.2.0-tests.jar:/home/user/.m2/repository/org/eclipse/jetty/jetty-util-ajax/9.3.24.v20180605/jetty-util-ajax-9.3.24.v20180605.jar:/home/user/.m2/repository/commons-daemon/commons-daemon/1.0.13/commons-daemon-1.0.13.jar:/home/user/.m2/repository/io/netty/netty/3.10.5.Final/netty-3.10.5.Final.jar:/home/user/.m2/repository/io/netty/netty-all/4.0.52.Final/netty-all-4.0.52.Final.jar:/home/user/.m2/repository/org/fusesource/leveldbjni/leveldbjni-all/1.8/leveldbjni-all-1.8.jar:"/>
    <property name="java.vm.vendor" value="IcedTea"/>
    <property name="sun.arch.data.model" value="64"/>
    <property name="test.build.dir" value="/workdir/hadoop-ozone/integration-test/target/test-dir"/>
    <property name="test.cache.data" value=""/>
    <property name="java.vendor.url" value="https://icedtea.classpath.org"/>
    <property name="user.timezone" value=""/>
    <property name="java.vm.specification.version" value="1.8"/>
    <property name="os.name" value="Linux"/>
    <property name="test.build.data" value="/workdir/hadoop-ozone/integration-test/target/test-dir"/>
    <property name="user.country" value="US"/>
    <property name="sun.java.launcher" value="SUN_STANDARD"/>
    <property name="sun.boot.library.path" value="/usr/lib/jvm/java-1.8-openjdk/jre/lib/amd64"/>
    <property name="sun.java.command" value="/workdir/hadoop-ozone/integration-test/target/surefire/surefirebooter2095215982468569291.jar /workdir/hadoop-ozone/integration-test/target/surefire 2019-08-21T10-39-39_221-jvmRun1 surefire5748877238676366979tmp surefire_482588088265651905190tmp"/>
    <property name="test" value="!TestMiniChaosOzoneCluster"/>
    <property name="surefire.test.class.path" value="/workdir/hadoop-ozone/integration-test/target/test-classes:/workdir/hadoop-ozone/integration-test/target/classes:/home/user/.m2/repository/org/apache/hadoop/hadoop-ozone-common/0.5.0-SNAPSHOT/hadoop-ozone-common-0.5.0-SNAPSHOT.jar:/home/user/.m2/repository/org/apache/commons/commons-compress/1.4.1/commons-compress-1.4.1.jar:/home/user/.m2/repository/org/tukaani/xz/1.0/xz-1.0.jar:/home/user/.m2/repository/org/apache/hadoop/hadoop-common/3.2.0/hadoop-common-3.2.0.jar:/home/user/.m2/repository/org/apache/hadoop/hadoop-hdfs/3.2.0/hadoop-hdfs-3.2.0.jar:/home/user/.m2/repository/org/apache/hadoop/hadoop-hdfs-client/3.2.0/hadoop-hdfs-client-3.2.0.jar:/home/user/.m2/repository/com/fasterxml/jackson/core/jackson-annotations/2.9.5/jackson-annotations-2.9.5.jar:/home/user/.m2/repository/org/apache/hadoop/hadoop-hdds-common/0.5.0-SNAPSHOT/hadoop-hdds-common-0.5.0-SNAPSHOT.jar:/home/user/.m2/repository/javax/annotation/javax.annotation-api/1.2/javax.annotation-api-1.2.jar:/home/user/.m2/repository/org/apache/ratis/ratis-server/0.4.0-2337318-SNAPSHOT/ratis-server-0.4.0-2337318-SNAPSHOT.jar:/home/user/.m2/repository/org/apache/ratis/ratis-thirdparty-misc/0.2.0/ratis-thirdparty-misc-0.2.0.jar:/home/user/.m2/repository/org/apache/ratis/ratis-proto/0.4.0-2337318-SNAPSHOT/ratis-proto-0.4.0-2337318-SNAPSHOT.jar:/home/user/.m2/repository/org/apache/ratis/ratis-common/0.4.0-2337318-SNAPSHOT/ratis-common-0.4.0-2337318-SNAPSHOT.jar:/home/user/.m2/repository/org/apache/ratis/ratis-client/0.4.0-2337318-SNAPSHOT/ratis-client-0.4.0-2337318-SNAPSHOT.jar:/home/user/.m2/repository/org/apache/ratis/ratis-metrics/0.4.0-2337318-SNAPSHOT/ratis-metrics-0.4.0-2337318-SNAPSHOT.jar:/home/user/.m2/repository/org/apache/ratis/ratis-netty/0.4.0-2337318-SNAPSHOT/ratis-netty-0.4.0-2337318-SNAPSHOT.jar:/home/user/.m2/repository/org/apache/ratis/ratis-grpc/0.4.0-2337318-SNAPSHOT/ratis-grpc-0.4.0-2337318-SNAPSHOT.jar:/home/user/.m2/repository/org/rocksdb/rocksdbjni/6.0.1/rocksdbjni-6.0.1.jar:/home/user/.m2/repository/org/apache/logging/log4j/log4j-api/2.11.0/log4j-api-2.11.0.jar:/home/user/.m2/repository/org/apache/logging/log4j/log4j-core/2.11.0/log4j-core-2.11.0.jar:/home/user/.m2/repository/com/lmax/disruptor/3.4.2/disruptor-3.4.2.jar:/home/user/.m2/repository/org/apache/commons/commons-pool2/2.6.0/commons-pool2-2.6.0.jar:/home/user/.m2/repository/org/bouncycastle/bcpkix-jdk15on/1.60/bcpkix-jdk15on-1.60.jar:/home/user/.m2/repository/commons-validator/commons-validator/1.6/commons-validator-1.6.jar:/home/user/.m2/repository/commons-digester/commons-digester/1.8.1/commons-digester-1.8.1.jar:/home/user/.m2/repository/io/jaegertracing/jaeger-client/0.33.1/jaeger-client-0.33.1.jar:/home/user/.m2/repository/io/jaegertracing/jaeger-thrift/0.33.1/jaeger-thrift-0.33.1.jar:/home/user/.m2/repository/org/apache/thrift/libthrift/0.11.0/libthrift-0.11.0.jar:/home/user/.m2/repository/com/squareup/okhttp3/okhttp/3.9.0/okhttp-3.9.0.jar:/home/user/.m2/repository/com/squareup/okio/okio/1.13.0/okio-1.13.0.jar:/home/user/.m2/repository/io/jaegertracing/jaeger-core/0.33.1/jaeger-core-0.33.1.jar:/home/user/.m2/repository/io/jaegertracing/jaeger-tracerresolver/0.33.1/jaeger-tracerresolver-0.33.1.jar:/home/user/.m2/repository/io/opentracing/contrib/opentracing-tracerresolver/0.1.5/opentracing-tracerresolver-0.1.5.jar:/home/user/.m2/repository/io/opentracing/opentracing-util/0.31.0/opentracing-util-0.31.0.jar:/home/user/.m2/repository/io/opentracing/opentracing-api/0.31.0/opentracing-api-0.31.0.jar:/home/user/.m2/repository/io/opentracing/opentracing-noop/0.31.0/opentracing-noop-0.31.0.jar:/home/user/.m2/repository/org/apache/hadoop/hadoop-hdds-server-framework/0.5.0-SNAPSHOT/hadoop-hdds-server-framework-0.5.0-SNAPSHOT.jar:/home/user/.m2/repository/org/apache/hadoop/hadoop-hdds-container-service/0.5.0-SNAPSHOT/hadoop-hdds-container-service-0.5.0-SNAPSHOT.jar:/home/user/.m2/repository/org/apache/hadoop/hadoop-hdds-client/0.5.0-SNAPSHOT/hadoop-hdds-client-0.5.0-SNAPSHOT.jar:/home/user/.m2/repository/org/apache/hadoop/hadoop-hdds-tools/0.5.0-SNAPSHOT/hadoop-hdds-tools-0.5.0-SNAPSHOT.jar:/home/user/.m2/repository/org/apache/hadoop/hadoop-hdds-server-scm/0.5.0-SNAPSHOT/hadoop-hdds-server-scm-0.5.0-SNAPSHOT.jar:/home/user/.m2/repository/org/apache/hadoop/hadoop-hdds-docs/0.5.0-SNAPSHOT/hadoop-hdds-docs-0.5.0-SNAPSHOT.jar:/home/user/.m2/repository/io/dropwizard/metrics/metrics-core/3.2.4/metrics-core-3.2.4.jar:/home/user/.m2/repository/org/hamcrest/hamcrest-all/1.3/hamcrest-all-1.3.jar:/home/user/.m2/repository/org/bouncycastle/bcprov-jdk15on/1.60/bcprov-jdk15on-1.60.jar:/home/user/.m2/repository/info/picocli/picocli/3.9.6/picocli-3.9.6.jar:/home/user/.m2/repository/com/google/protobuf/protobuf-java/2.5.0/protobuf-java-2.5.0.jar:/home/user/.m2/repository/com/google/guava/guava/11.0.2/guava-11.0.2.jar:/home/user/.m2/repository/org/apache/hadoop/hadoop-ozone-ozone-manager/0.5.0-SNAPSHOT/hadoop-ozone-ozone-manager-0.5.0-SNAPSHOT.jar:/home/user/.m2/repository/org/apache/hadoop/hadoop-minikdc/3.2.0/hadoop-minikdc-3.2.0.jar:/home/user/.m2/repository/commons-io/commons-io/2.5/commons-io-2.5.jar:/home/user/.m2/repository/org/apache/kerby/kerb-simplekdc/1.0.1/kerb-simplekdc-1.0.1.jar:/home/user/.m2/repository/org/apache/kerby/kerb-client/1.0.1/kerb-client-1.0.1.jar:/home/user/.m2/repository/org/apache/kerby/kerby-config/1.0.1/kerby-config-1.0.1.jar:/home/user/.m2/repository/org/apache/kerby/kerb-core/1.0.1/kerb-core-1.0.1.jar:/home/user/.m2/repository/org/apache/kerby/kerby-pkix/1.0.1/kerby-pkix-1.0.1.jar:/home/user/.m2/repository/org/apache/kerby/kerby-asn1/1.0.1/kerby-asn1-1.0.1.jar:/home/user/.m2/repository/org/apache/kerby/kerby-util/1.0.1/kerby-util-1.0.1.jar:/home/user/.m2/repository/org/apache/kerby/kerb-common/1.0.1/kerb-common-1.0.1.jar:/home/user/.m2/repository/org/apache/kerby/kerb-crypto/1.0.1/kerb-crypto-1.0.1.jar:/home/user/.m2/repository/org/apache/kerby/kerb-util/1.0.1/kerb-util-1.0.1.jar:/home/user/.m2/repository/org/apache/kerby/token-provider/1.0.1/token-provider-1.0.1.jar:/home/user/.m2/repository/org/apache/kerby/kerb-admin/1.0.1/kerb-admin-1.0.1.jar:/home/user/.m2/repository/org/apache/kerby/kerb-server/1.0.1/kerb-server-1.0.1.jar:/home/user/.m2/repository/org/apache/kerby/kerb-identity/1.0.1/kerb-identity-1.0.1.jar:/home/user/.m2/repository/org/apache/kerby/kerby-xdr/1.0.1/kerby-xdr-1.0.1.jar:/home/user/.m2/repository/org/slf4j/slf4j-log4j12/1.7.25/slf4j-log4j12-1.7.25.jar:/home/user/.m2/repository/org/apache/hadoop/hadoop-ozone-objectstore-service/0.5.0-SNAPSHOT/hadoop-ozone-objectstore-service-0.5.0-SNAPSHOT.jar:/home/user/.m2/repository/org/apache/hadoop/hadoop-ozone-s3gateway/0.5.0-SNAPSHOT/hadoop-ozone-s3gateway-0.5.0-SNAPSHOT.jar:/home/user/.m2/repository/org/jboss/weld/servlet/weld-servlet/2.4.7.Final/weld-servlet-2.4.7.Final.jar:/home/user/.m2/repository/org/glassfish/jersey/containers/jersey-container-servlet-core/2.27/jersey-container-servlet-core-2.27.jar:/home/user/.m2/repository/org/glassfish/hk2/external/javax.inject/2.5.0-b42/javax.inject-2.5.0-b42.jar:/home/user/.m2/repository/org/glassfish/jersey/core/jersey-common/2.27/jersey-common-2.27.jar:/home/user/.m2/repository/org/glassfish/hk2/osgi-resource-locator/1.0.1/osgi-resource-locator-1.0.1.jar:/home/user/.m2/repository/javax/ws/rs/javax.ws.rs-api/2.1/javax.ws.rs-api-2.1.jar:/home/user/.m2/repository/org/glassfish/jersey/ext/cdi/jersey-cdi1x/2.27/jersey-cdi1x-2.27.jar:/home/user/.m2/repository/org/glassfish/jersey/inject/jersey-hk2/2.27/jersey-hk2-2.27.jar:/home/user/.m2/repository/org/glassfish/hk2/hk2-locator/2.5.0-b42/hk2-locator-2.5.0-b42.jar:/home/user/.m2/repository/org/javassist/javassist/3.22.0-CR2/javassist-3.22.0-CR2.jar:/home/user/.m2/repository/org/glassfish/hk2/hk2-api/2.5.0/hk2-api-2.5.0.jar:/home/user/.m2/repository/org/glassfish/hk2/external/jakarta.inject/2.5.0/jakarta.inject-2.5.0.jar:/home/user/.m2/repository/org/glassfish/hk2/hk2-utils/2.5.0/hk2-utils-2.5.0.jar:/home/user/.m2/repository/jakarta/annotation/jakarta.annotation-api/1.3.4/jakarta.annotation-api-1.3.4.jar:/home/user/.m2/repository/org/glassfish/hk2/external/aopalliance-repackaged/2.5.0/aopalliance-repackaged-2.5.0.jar:/home/user/.m2/repository/com/fasterxml/jackson/dataformat/jackson-dataformat-xml/2.9.0/jackson-dataformat-xml-2.9.0.jar:/home/user/.m2/repository/com/fasterxml/jackson/core/jackson-core/2.9.5/jackson-core-2.9.5.jar:/home/user/.m2/repository/com/fasterxml/jackson/module/jackson-module-jaxb-annotations/2.9.5/jackson-module-jaxb-annotations-2.9.5.jar:/home/user/.m2/repository/javax/enterprise/cdi-api/1.2/cdi-api-1.2.jar:/home/user/.m2/repository/javax/el/javax.el-api/3.0.0/javax.el-api-3.0.0.jar:/home/user/.m2/repository/javax/interceptor/javax.interceptor-api/1.2/javax.interceptor-api-1.2.jar:/home/user/.m2/repository/javax/inject/javax.inject/1/javax.inject-1.jar:/home/user/.m2/repository/com/sun/xml/bind/jaxb-impl/2.3.0.1/jaxb-impl-2.3.0.1.jar:/home/user/.m2/repository/com/sun/xml/bind/jaxb-core/2.3.0.1/jaxb-core-2.3.0.1.jar:/home/user/.m2/repository/javax/xml/bind/jaxb-api/2.3.0/jaxb-api-2.3.0.jar:/home/user/.m2/repository/javax/activation/activation/1.1.1/activation-1.1.1.jar:/home/user/.m2/repository/org/apache/hadoop/hadoop-ozone-csi/0.5.0-SNAPSHOT/hadoop-ozone-csi-0.5.0-SNAPSHOT.jar:/home/user/.m2/repository/com/google/protobuf/protobuf-java-util/3.5.1/protobuf-java-util-3.5.1.jar:/home/user/.m2/repository/org/apache/hadoop/hadoop-hdds-config/0.5.0-SNAPSHOT/hadoop-hdds-config-0.5.0-SNAPSHOT.jar:/home/user/.m2/repository/io/grpc/grpc-netty/1.17.1/grpc-netty-1.17.1.jar:/home/user/.m2/repository/io/grpc/grpc-core/1.17.1/grpc-core-1.17.1.jar:/home/user/.m2/repository/io/grpc/grpc-context/1.17.1/grpc-context-1.17.1.jar:/home/user/.m2/repository/com/google/errorprone/error_prone_annotations/2.2.0/error_prone_annotations-2.2.0.jar:/home/user/.m2/repository/org/codehaus/mojo/animal-sniffer-annotations/1.17/animal-sniffer-annotations-1.17.jar:/home/user/.m2/repository/io/opencensus/opencensus-api/0.17.0/opencensus-api-0.17.0.jar:/home/user/.m2/repository/io/opencensus/opencensus-contrib-grpc-metrics/0.17.0/opencensus-contrib-grpc-metrics-0.17.0.jar:/home/user/.m2/repository/io/netty/netty-codec-http2/4.1.30.Final/netty-codec-http2-4.1.30.Final.jar:/home/user/.m2/repository/io/netty/netty-codec-http/4.1.30.Final/netty-codec-http-4.1.30.Final.jar:/home/user/.m2/repository/io/netty/netty-codec/4.1.30.Final/netty-codec-4.1.30.Final.jar:/home/user/.m2/repository/io/netty/netty-handler/4.1.30.Final/netty-handler-4.1.30.Final.jar:/home/user/.m2/repository/io/netty/netty-handler-proxy/4.1.30.Final/netty-handler-proxy-4.1.30.Final.jar:/home/user/.m2/repository/io/netty/netty-codec-socks/4.1.30.Final/netty-codec-socks-4.1.30.Final.jar:/home/user/.m2/repository/io/netty/netty-transport-native-epoll/4.1.30.Final/netty-transport-native-epoll-4.1.30.Final.jar:/home/user/.m2/repository/io/netty/netty-common/4.1.30.Final/netty-common-4.1.30.Final.jar:/home/user/.m2/repository/io/netty/netty-buffer/4.1.30.Final/netty-buffer-4.1.30.Final.jar:/home/user/.m2/repository/io/netty/netty-transport/4.1.30.Final/netty-transport-4.1.30.Final.jar:/home/user/.m2/repository/io/netty/netty-resolver/4.1.30.Final/netty-resolver-4.1.30.Final.jar:/home/user/.m2/repository/io/netty/netty-transport-native-unix-common/4.1.30.Final/netty-transport-native-unix-common-4.1.30.Final.jar:/home/user/.m2/repository/io/grpc/grpc-protobuf/1.17.1/grpc-protobuf-1.17.1.jar:/home/user/.m2/repository/com/google/api/grpc/proto-google-common-protos/1.0.0/proto-google-common-protos-1.0.0.jar:/home/user/.m2/repository/io/grpc/grpc-protobuf-lite/1.17.1/grpc-protobuf-lite-1.17.1.jar:/home/user/.m2/repository/io/grpc/grpc-stub/1.17.1/grpc-stub-1.17.1.jar:/home/user/.m2/repository/org/apache/hadoop/hadoop-ozone-recon/0.5.0-SNAPSHOT/hadoop-ozone-recon-0.5.0-SNAPSHOT.jar:/home/user/.m2/repository/org/apache/hadoop/hadoop-ozone-reconcodegen/0.5.0-SNAPSHOT/hadoop-ozone-reconcodegen-0.5.0-SNAPSHOT.jar:/home/user/.m2/repository/com/google/inject/extensions/guice-multibindings/4.0/guice-multibindings-4.0.jar:/home/user/.m2/repository/com/google/inject/guice/4.0/guice-4.0.jar:/home/user/.m2/repository/aopalliance/aopalliance/1.0/aopalliance-1.0.jar:/home/user/.m2/repository/com/google/inject/extensions/guice-servlet/4.0/guice-servlet-4.0.jar:/home/user/.m2/repository/org/glassfish/jersey/containers/jersey-container-servlet/2.27/jersey-container-servlet-2.27.jar:/home/user/.m2/repository/org/glassfish/hk2/guice-bridge/2.5.0/guice-bridge-2.5.0.jar:/home/user/.m2/repository/org/glassfish/jersey/core/jersey-server/2.27/jersey-server-2.27.jar:/home/user/.m2/repository/org/glassfish/jersey/core/jersey-client/2.27/jersey-client-2.27.jar:/home/user/.m2/repository/org/glassfish/jersey/media/jersey-media-jaxb/2.27/jersey-media-jaxb-2.27.jar:/home/user/.m2/repository/javax/validation/validation-api/1.1.0.Final/validation-api-1.1.0.Final.jar:/home/user/.m2/repository/org/glassfish/jersey/media/jersey-media-json-jackson/2.27/jersey-media-json-jackson-2.27.jar:/home/user/.m2/repository/org/glassfish/jersey/ext/jersey-entity-filtering/2.27/jersey-entity-filtering-2.27.jar:/home/user/.m2/repository/com/google/inject/extensions/guice-assistedinject/4.0/guice-assistedinject-4.0.jar:/home/user/.m2/repository/org/jooq/jooq/3.11.10/jooq-3.11.10.jar:/home/user/.m2/repository/org/jooq/jooq-meta/3.11.10/jooq-meta-3.11.10.jar:/home/user/.m2/repository/org/jooq/jooq-codegen/3.11.10/jooq-codegen-3.11.10.jar:/home/user/.m2/repository/com/jolbox/bonecp/0.8.0.RELEASE/bonecp-0.8.0.RELEASE.jar:/home/user/.m2/repository/org/xerial/sqlite-jdbc/3.25.2/sqlite-jdbc-3.25.2.jar:/home/user/.m2/repository/org/springframework/spring-jdbc/5.1.3.RELEASE/spring-jdbc-5.1.3.RELEASE.jar:/home/user/.m2/repository/org/springframework/spring-beans/5.1.3.RELEASE/spring-beans-5.1.3.RELEASE.jar:/home/user/.m2/repository/org/springframework/spring-core/5.1.3.RELEASE/spring-core-5.1.3.RELEASE.jar:/home/user/.m2/repository/org/springframework/spring-jcl/5.1.3.RELEASE/spring-jcl-5.1.3.RELEASE.jar:/home/user/.m2/repository/org/springframework/spring-tx/5.1.3.RELEASE/spring-tx-5.1.3.RELEASE.jar:/home/user/.m2/repository/org/apache/hadoop/hadoop-ozone-client/0.5.0-SNAPSHOT/hadoop-ozone-client-0.5.0-SNAPSHOT.jar:/home/user/.m2/repository/commons-lang/commons-lang/2.6/commons-lang-2.6.jar:/home/user/.m2/repository/org/apache/hadoop/hadoop-ozone-ozone-manager/0.5.0-SNAPSHOT/hadoop-ozone-ozone-manager-0.5.0-SNAPSHOT-tests.jar:/home/user/.m2/repository/junit/junit/4.11/junit-4.11.jar:/home/user/.m2/repository/org/hamcrest/hamcrest-core/1.3/hamcrest-core-1.3.jar:/home/user/.m2/repository/org/openjdk/jmh/jmh-core/1.19/jmh-core-1.19.jar:/home/user/.m2/repository/net/sf/jopt-simple/jopt-simple/4.6/jopt-simple-4.6.jar:/home/user/.m2/repository/org/apache/commons/commons-math3/3.1.1/commons-math3-3.1.1.jar:/home/user/.m2/repository/org/openjdk/jmh/jmh-generator-annprocess/1.19/jmh-generator-annprocess-1.19.jar:/home/user/.m2/repository/org/mockito/mockito-all/1.8.5/mockito-all-1.8.5.jar:/home/user/.m2/repository/org/apache/hadoop/hadoop-kms/3.2.0/hadoop-kms-3.2.0.jar:/home/user/.m2/repository/org/apache/hadoop/hadoop-auth/3.2.0/hadoop-auth-3.2.0.jar:/home/user/.m2/repository/com/nimbusds/nimbus-jose-jwt/4.41.1/nimbus-jose-jwt-4.41.1.jar:/home/user/.m2/repository/com/github/stephenc/jcip/jcip-annotations/1.0-1/jcip-annotations-1.0-1.jar:/home/user/.m2/repository/net/minidev/json-smart/2.3/json-smart-2.3.jar:/home/user/.m2/repository/net/minidev/accessors-smart/1.2/accessors-smart-1.2.jar:/home/user/.m2/repository/org/ow2/asm/asm/5.0.4/asm-5.0.4.jar:/home/user/.m2/repository/org/apache/curator/curator-framework/2.12.0/curator-framework-2.12.0.jar:/home/user/.m2/repository/com/sun/jersey/jersey-core/1.19/jersey-core-1.19.jar:/home/user/.m2/repository/javax/ws/rs/jsr311-api/1.1.1/jsr311-api-1.1.1.jar:/home/user/.m2/repository/com/sun/jersey/jersey-server/1.19/jersey-server-1.19.jar:/home/user/.m2/repository/javax/servlet/javax.servlet-api/3.1.0/javax.servlet-api-3.1.0.jar:/home/user/.m2/repository/org/eclipse/jetty/jetty-server/9.3.24.v20180605/jetty-server-9.3.24.v20180605.jar:/home/user/.m2/repository/org/eclipse/jetty/jetty-http/9.3.24.v20180605/jetty-http-9.3.24.v20180605.jar:/home/user/.m2/repository/org/eclipse/jetty/jetty-io/9.3.24.v20180605/jetty-io-9.3.24.v20180605.jar:/home/user/.m2/repository/org/eclipse/jetty/jetty-webapp/9.3.24.v20180605/jetty-webapp-9.3.24.v20180605.jar:/home/user/.m2/repository/org/eclipse/jetty/jetty-xml/9.3.24.v20180605/jetty-xml-9.3.24.v20180605.jar:/home/user/.m2/repository/log4j/log4j/1.2.17/log4j-1.2.17.jar:/home/user/.m2/repository/org/slf4j/slf4j-api/1.7.25/slf4j-api-1.7.25.jar:/home/user/.m2/repository/org/slf4j/jul-to-slf4j/1.7.25/jul-to-slf4j-1.7.25.jar:/home/user/.m2/repository/org/eclipse/jetty/jetty-util/9.3.24.v20180605/jetty-util-9.3.24.v20180605.jar:/home/user/.m2/repository/com/fasterxml/jackson/core/jackson-databind/2.9.5/jackson-databind-2.9.5.jar:/home/user/.m2/repository/org/apache/hadoop/hadoop-kms/3.2.0/hadoop-kms-3.2.0-tests.jar:/home/user/.m2/repository/org/apache/hadoop/hadoop-hdds-server-scm/0.5.0-SNAPSHOT/hadoop-hdds-server-scm-0.5.0-SNAPSHOT-tests.jar:/home/user/.m2/repository/org/apache/hadoop/hadoop-hdds-container-service/0.5.0-SNAPSHOT/hadoop-hdds-container-service-0.5.0-SNAPSHOT-tests.jar:/home/user/.m2/repository/org/yaml/snakeyaml/1.16/snakeyaml-1.16.jar:/home/user/.m2/repository/org/apache/hadoop/hadoop-common/3.2.0/hadoop-common-3.2.0-tests.jar:/home/user/.m2/repository/org/apache/hadoop/hadoop-annotations/3.2.0/hadoop-annotations-3.2.0.jar:/usr/lib/jvm/java-1.8-openjdk/jre/../lib/tools.jar:/home/user/.m2/repository/commons-cli/commons-cli/1.2/commons-cli-1.2.jar:/home/user/.m2/repository/org/apache/httpcomponents/httpclient/4.5.2/httpclient-4.5.2.jar:/home/user/.m2/repository/org/apache/httpcomponents/httpcore/4.4.4/httpcore-4.4.4.jar:/home/user/.m2/repository/commons-codec/commons-codec/1.11/commons-codec-1.11.jar:/home/user/.m2/repository/commons-net/commons-net/3.6/commons-net-3.6.jar:/home/user/.m2/repository/commons-collections/commons-collections/3.2.2/commons-collections-3.2.2.jar:/home/user/.m2/repository/org/eclipse/jetty/jetty-servlet/9.3.24.v20180605/jetty-servlet-9.3.24.v20180605.jar:/home/user/.m2/repository/org/eclipse/jetty/jetty-security/9.3.24.v20180605/jetty-security-9.3.24.v20180605.jar:/home/user/.m2/repository/javax/servlet/jsp/jsp-api/2.1/jsp-api-2.1.jar:/home/user/.m2/repository/com/sun/jersey/jersey-servlet/1.19/jersey-servlet-1.19.jar:/home/user/.m2/repository/com/sun/jersey/jersey-json/1.19/jersey-json-1.19.jar:/home/user/.m2/repository/org/codehaus/jettison/jettison/1.1/jettison-1.1.jar:/home/user/.m2/repository/org/codehaus/jackson/jackson-core-asl/1.9.13/jackson-core-asl-1.9.13.jar:/home/user/.m2/repository/org/codehaus/jackson/jackson-mapper-asl/1.9.13/jackson-mapper-asl-1.9.13.jar:/home/user/.m2/repository/org/codehaus/jackson/jackson-jaxrs/1.9.13/jackson-jaxrs-1.9.13.jar:/home/user/.m2/repository/org/codehaus/jackson/jackson-xc/1.9.13/jackson-xc-1.9.13.jar:/home/user/.m2/repository/commons-logging/commons-logging/1.1.3/commons-logging-1.1.3.jar:/home/user/.m2/repository/commons-beanutils/commons-beanutils/1.9.3/commons-beanutils-1.9.3.jar:/home/user/.m2/repository/org/apache/commons/commons-configuration2/2.1.1/commons-configuration2-2.1.1.jar:/home/user/.m2/repository/org/apache/commons/commons-lang3/3.7/commons-lang3-3.7.jar:/home/user/.m2/repository/org/apache/commons/commons-text/1.4/commons-text-1.4.jar:/home/user/.m2/repository/org/apache/avro/avro/1.7.7/avro-1.7.7.jar:/home/user/.m2/repository/com/thoughtworks/paranamer/paranamer/2.3/paranamer-2.3.jar:/home/user/.m2/repository/org/xerial/snappy/snappy-java/1.0.5/snappy-java-1.0.5.jar:/home/user/.m2/repository/com/google/re2j/re2j/1.1/re2j-1.1.jar:/home/user/.m2/repository/com/google/code/gson/gson/2.2.4/gson-2.2.4.jar:/home/user/.m2/repository/com/jcraft/jsch/0.1.54/jsch-0.1.54.jar:/home/user/.m2/repository/org/apache/curator/curator-client/2.12.0/curator-client-2.12.0.jar:/home/user/.m2/repository/org/apache/curator/curator-recipes/2.12.0/curator-recipes-2.12.0.jar:/home/user/.m2/repository/com/google/code/findbugs/jsr305/3.0.0/jsr305-3.0.0.jar:/home/user/.m2/repository/org/apache/htrace/htrace-core4/4.1.0-incubating/htrace-core4-4.1.0-incubating.jar:/home/user/.m2/repository/org/apache/zookeeper/zookeeper/3.4.13/zookeeper-3.4.13.jar:/home/user/.m2/repository/org/apache/yetus/audience-annotations/0.5.0/audience-annotations-0.5.0.jar:/home/user/.m2/repository/org/codehaus/woodstox/stax2-api/3.1.4/stax2-api-3.1.4.jar:/home/user/.m2/repository/com/fasterxml/woodstox/woodstox-core/5.0.3/woodstox-core-5.0.3.jar:/home/user/.m2/repository/dnsjava/dnsjava/2.1.7/dnsjava-2.1.7.jar:/home/user/.m2/repository/org/apache/hadoop/hadoop-hdfs/3.2.0/hadoop-hdfs-3.2.0-tests.jar:/home/user/.m2/repository/org/eclipse/jetty/jetty-util-ajax/9.3.24.v20180605/jetty-util-ajax-9.3.24.v20180605.jar:/home/user/.m2/repository/commons-daemon/commons-daemon/1.0.13/commons-daemon-1.0.13.jar:/home/user/.m2/repository/io/netty/netty/3.10.5.Final/netty-3.10.5.Final.jar:/home/user/.m2/repository/io/netty/netty-all/4.0.52.Final/netty-all-4.0.52.Final.jar:/home/user/.m2/repository/org/fusesource/leveldbjni/leveldbjni-all/1.8/leveldbjni-all-1.8.jar:"/>
    <property name="sun.cpu.endian" value="little"/>
    <property name="user.home" value="/home/user"/>
    <property name="user.language" value="en"/>
    <property name="java.specification.vendor" value="Oracle Corporation"/>
    <property name="java.home" value="/usr/lib/jvm/java-1.8-openjdk/jre"/>
    <property name="java.security.krb5.conf" value="/workdir/hadoop-ozone/integration-test/target/test-classes/krb5.conf"/>
    <property name="basedir" value="/workdir/hadoop-ozone/integration-test"/>
    <property name="file.separator" value="/"/>
    <property name="line.separator" value="&#10;"/>
    <property name="java.vm.specification.vendor" value="Oracle Corporation"/>
    <property name="java.specification.name" value="Java Platform API Specification"/>
    <property name="java.awt.graphicsenv" value="sun.awt.X11GraphicsEnvironment"/>
    <property name="surefire.real.class.path" value="/workdir/hadoop-ozone/integration-test/target/surefire/surefirebooter2095215982468569291.jar"/>
    <property name="hadoop.log.dir" value="/workdir/hadoop-ozone/integration-test/target/log"/>
    <property name="sun.boot.class.path" value="/usr/lib/jvm/java-1.8-openjdk/jre/lib/resources.jar:/usr/lib/jvm/java-1.8-openjdk/jre/lib/rt.jar:/usr/lib/jvm/java-1.8-openjdk/jre/lib/sunrsasign.jar:/usr/lib/jvm/java-1.8-openjdk/jre/lib/jsse.jar:/usr/lib/jvm/java-1.8-openjdk/jre/lib/jce.jar:/usr/lib/jvm/java-1.8-openjdk/jre/lib/charsets.jar:/usr/lib/jvm/java-1.8-openjdk/jre/lib/jfr.jar:/usr/lib/jvm/java-1.8-openjdk/jre/classes"/>
    <property name="sun.management.compiler" value="HotSpot 64-Bit Tiered Compilers"/>
    <property name="java.runtime.version" value="1.8.0_212-b04"/>
    <property name="java.net.preferIPv4Stack" value="true"/>
    <property name="user.name" value="jenkins1000"/>
    <property name="path.separator" value=":"/>
    <property name="java.security.egd" value="file:///dev/urandom"/>
    <property name="os.version" value="3.10.0-957.12.2.el7.x86_64"/>
    <property name="java.endorsed.dirs" value="/usr/lib/jvm/java-1.8-openjdk/jre/lib/endorsed"/>
    <property name="java.runtime.name" value="OpenJDK Runtime Environment"/>
    <property name="file.encoding" value="UTF-8"/>
    <property name="java.vm.name" value="OpenJDK 64-Bit Server VM"/>
    <property name="test.build.webapps" value=""/>
    <property name="localRepository" value="/home/user/.m2/repository"/>
    <property name="java.vendor.url.bug" value="https://icedtea.classpath.org/bugzilla"/>
    <property name="java.io.tmpdir" value="/tmp"/>
    <property name="require.test.libhadoop" value=""/>
    <property name="java.version" value="1.8.0_212"/>
    <property name="user.dir" value="/workdir/hadoop-ozone/integration-test"/>
    <property name="os.arch" value="amd64"/>
    <property name="java.vm.specification.name" value="Java Virtual Machine Specification"/>
    <property name="test.build.classes" value="/workdir/hadoop-ozone/integration-test/target/test-classes"/>
    <property name="java.awt.printerjob" value="sun.print.PSPrinterJob"/>
    <property name="sun.os.patch.level" value="unknown"/>
    <property name="hadoop.tmp.dir" value="/workdir/hadoop-ozone/integration-test/target/tmp"/>
    <property name="java.library.path" value="/usr/lib/jvm/java-1.8-openjdk/jre/lib/amd64/server:/usr/lib/jvm/java-1.8-openjdk/jre/lib/amd64:/usr/lib/jvm/java-1.8-openjdk/jre/../lib/amd64:/workdir/hadoop-ozone/integration-test/target/native/target/usr/local/lib:/workdir/hadoop-ozone/integration-test/../../hadoop-common-project/hadoop-common/target/native/target/usr/local/lib:/usr/java/packages/lib/amd64:/usr/lib64:/lib64:/lib:/usr/lib"/>
    <property name="java.vm.info" value="mixed mode"/>
    <property name="java.vendor" value="IcedTea"/>
    <property name="java.vm.version" value="25.212-b04"/>
    <property name="java.ext.dirs" value="/usr/lib/jvm/java-1.8-openjdk/jre/lib/ext:/usr/java/packages/lib/ext"/>
    <property name="sun.io.unicode.encoding" value="UnicodeLittle"/>
    <property name="java.class.version" value="52.0"/>
  </properties>
  <testcase name="test2DatanodesFailure" classname="org.apache.hadoop.ozone.client.rpc.TestBlockOutputStreamWithFailures" time="45.46"/>
  <testcase name="testDatanodeFailureWithPreAllocation" classname="org.apache.hadoop.ozone.client.rpc.TestBlockOutputStreamWithFailures" time="225.51"/>
  <testcase name="testDatanodeFailureWithSingleNodeRatis" classname="org.apache.hadoop.ozone.client.rpc.TestBlockOutputStreamWithFailures" time="227.378"/>
  <testcase name="testWatchForCommitWithSingleNodeRatis" classname="org.apache.hadoop.ozone.client.rpc.TestBlockOutputStreamWithFailures" time="34.978"/>
  <testcase name="testWatchForCommitDatanodeFailure" classname="org.apache.hadoop.ozone.client.rpc.TestBlockOutputStreamWithFailures" time="34.954">
    <failure message="expected:&lt;2&gt; but was:&lt;3&gt;" type="java.lang.AssertionError"><![CDATA[java.lang.AssertionError: expected:<2> but was:<3>
	at org.junit.Assert.fail(Assert.java:88)
	at org.junit.Assert.failNotEquals(Assert.java:743)
	at org.junit.Assert.assertEquals(Assert.java:118)
	at org.junit.Assert.assertEquals(Assert.java:555)
	at org.junit.Assert.assertEquals(Assert.java:542)
	at org.apache.hadoop.ozone.client.rpc.TestBlockOutputStreamWithFailures.testWatchForCommitDatanodeFailure(TestBlockOutputStreamWithFailures.java:366)
	at sun.reflect.NativeMethodAccessorImpl.invoke0(Native Method)
	at sun.reflect.NativeMethodAccessorImpl.invoke(NativeMethodAccessorImpl.java:62)
	at sun.reflect.DelegatingMethodAccessorImpl.invoke(DelegatingMethodAccessorImpl.java:43)
	at java.lang.reflect.Method.invoke(Method.java:498)
	at org.junit.runners.model.FrameworkMethod$1.runReflectiveCall(FrameworkMethod.java:47)
	at org.junit.internal.runners.model.ReflectiveCallable.run(ReflectiveCallable.java:12)
	at org.junit.runners.model.FrameworkMethod.invokeExplosively(FrameworkMethod.java:44)
	at org.junit.internal.runners.statements.InvokeMethod.evaluate(InvokeMethod.java:17)
	at org.junit.internal.runners.statements.RunBefores.evaluate(RunBefores.java:26)
	at org.junit.internal.runners.statements.RunAfters.evaluate(RunAfters.java:27)
	at org.junit.runners.ParentRunner.runLeaf(ParentRunner.java:271)
	at org.junit.runners.BlockJUnit4ClassRunner.runChild(BlockJUnit4ClassRunner.java:70)
	at org.junit.runners.BlockJUnit4ClassRunner.runChild(BlockJUnit4ClassRunner.java:50)
	at org.junit.runners.ParentRunner$3.run(ParentRunner.java:238)
	at org.junit.runners.ParentRunner$1.schedule(ParentRunner.java:63)
	at org.junit.runners.ParentRunner.runChildren(ParentRunner.java:236)
	at org.junit.runners.ParentRunner.access$000(ParentRunner.java:53)
	at org.junit.runners.ParentRunner$2.evaluate(ParentRunner.java:229)
	at org.junit.runners.ParentRunner.run(ParentRunner.java:309)
	at org.apache.maven.surefire.junit4.JUnit4Provider.execute(JUnit4Provider.java:365)
	at org.apache.maven.surefire.junit4.JUnit4Provider.executeWithRerun(JUnit4Provider.java:273)
	at org.apache.maven.surefire.junit4.JUnit4Provider.executeTestSet(JUnit4Provider.java:238)
	at org.apache.maven.surefire.junit4.JUnit4Provider.invoke(JUnit4Provider.java:159)
	at org.apache.maven.surefire.booter.ForkedBooter.invokeProviderInSameClassLoader(ForkedBooter.java:384)
	at org.apache.maven.surefire.booter.ForkedBooter.runSuitesInProcess(ForkedBooter.java:345)
	at org.apache.maven.surefire.booter.ForkedBooter.execute(ForkedBooter.java:126)
	at org.apache.maven.surefire.booter.ForkedBooter.main(ForkedBooter.java:418)
]]></failure>
    <system-out><![CDATA[2019-08-21 11:14:16,704 [main] WARN  server.ServerUtils (ServerUtils.java:getScmDbDir(145)) - ozone.scm.db.dirs is not configured. We recommend adding this setting. Falling back to ozone.metadata.dirs instead.
2019-08-21 11:14:16,733 [main] WARN  server.ServerUtils (ServerUtils.java:getScmDbDir(145)) - ozone.scm.db.dirs is not configured. We recommend adding this setting. Falling back to ozone.metadata.dirs instead.
2019-08-21 11:14:16,733 [main] WARN  server.ServerUtils (ServerUtils.java:getScmDbDir(145)) - ozone.scm.db.dirs is not configured. We recommend adding this setting. Falling back to ozone.metadata.dirs instead.
2019-08-21 11:14:16,734 [main] INFO  db.DBStoreBuilder (DBStoreBuilder.java:addTable(110)) - using custom profile for table: deletedBlocks
2019-08-21 11:14:16,734 [main] INFO  db.DBStoreBuilder (DBStoreBuilder.java:processTables(161)) - Using default column profile:DBProfile.DISK for Table:deletedBlocks
2019-08-21 11:14:16,734 [main] INFO  db.DBStoreBuilder (DBStoreBuilder.java:addTable(110)) - using custom profile for table: validCerts
2019-08-21 11:14:16,734 [main] INFO  db.DBStoreBuilder (DBStoreBuilder.java:processTables(161)) - Using default column profile:DBProfile.DISK for Table:validCerts
2019-08-21 11:14:16,734 [main] INFO  db.DBStoreBuilder (DBStoreBuilder.java:addTable(110)) - using custom profile for table: revokedCerts
2019-08-21 11:14:16,734 [main] INFO  db.DBStoreBuilder (DBStoreBuilder.java:processTables(161)) - Using default column profile:DBProfile.DISK for Table:revokedCerts
2019-08-21 11:14:16,735 [main] INFO  db.DBStoreBuilder (DBStoreBuilder.java:addTable(110)) - using custom profile for table: default
2019-08-21 11:14:16,735 [main] INFO  db.DBStoreBuilder (DBStoreBuilder.java:processTables(167)) - Using default column profile:DBProfile.DISK for Table:default
2019-08-21 11:14:16,735 [main] INFO  db.DBStoreBuilder (DBStoreBuilder.java:getDbProfile(198)) - Using default options. DBProfile.DISK
2019-08-21 11:14:16,881 [main] INFO  net.NodeSchemaLoader (NodeSchemaLoader.java:loadSchemaFromFile(125)) - Loading file from sun.misc.CompoundEnumeration@365c8a47
2019-08-21 11:14:16,882 [main] INFO  net.NodeSchemaLoader (NodeSchemaLoader.java:loadSchema(171)) - Loading network topology layer schema file
2019-08-21 11:14:16,886 [main] INFO  node.SCMNodeManager (SCMNodeManager.java:<init>(121)) - Entering startup safe mode.
2019-08-21 11:14:16,887 [main] INFO  algorithms.ContainerPlacementPolicyFactory (ContainerPlacementPolicyFactory.java:getPolicy(55)) - Create container placement policy of type org.apache.hadoop.hdds.scm.container.placement.algorithms.SCMContainerPlacementRandom
2019-08-21 11:14:16,887 [main] WARN  server.ServerUtils (ServerUtils.java:getScmDbDir(145)) - ozone.scm.db.dirs is not configured. We recommend adding this setting. Falling back to ozone.metadata.dirs instead.
2019-08-21 11:14:16,936 [main] INFO  pipeline.SCMPipelineManager (SCMPipelineManager.java:initializePipelineState(126)) - No pipeline exists in current db
2019-08-21 11:14:16,936 [main] WARN  server.ServerUtils (ServerUtils.java:getScmDbDir(145)) - ozone.scm.db.dirs is not configured. We recommend adding this setting. Falling back to ozone.metadata.dirs instead.
2019-08-21 11:14:16,989 [main] WARN  events.EventQueue (EventQueue.java:fireEvent(175)) - No event handler registered for event TypedEvent{payloadType=SafeModeStatus, name='SafeModeStatus'}
2019-08-21 11:14:16,990 [main] INFO  ipc.CallQueueManager (CallQueueManager.java:<init>(84)) - Using callQueue: class java.util.concurrent.LinkedBlockingQueue, queueCapacity: 2000, scheduler: class org.apache.hadoop.ipc.DefaultRpcScheduler, ipcBackoff: false.
2019-08-21 11:14:16,990 [Socket Reader #1 for port 42202] INFO  ipc.Server (Server.java:run(1074)) - Starting Socket Reader #1 for port 42202
2019-08-21 11:14:16,992 [main] INFO  ipc.CallQueueManager (CallQueueManager.java:<init>(84)) - Using callQueue: class java.util.concurrent.LinkedBlockingQueue, queueCapacity: 2000, scheduler: class org.apache.hadoop.ipc.DefaultRpcScheduler, ipcBackoff: false.
2019-08-21 11:14:16,995 [Socket Reader #1 for port 36859] INFO  ipc.Server (Server.java:run(1074)) - Starting Socket Reader #1 for port 36859
2019-08-21 11:14:16,997 [main] INFO  ipc.CallQueueManager (CallQueueManager.java:<init>(84)) - Using callQueue: class java.util.concurrent.LinkedBlockingQueue, queueCapacity: 2000, scheduler: class org.apache.hadoop.ipc.DefaultRpcScheduler, ipcBackoff: false.
2019-08-21 11:14:16,998 [Socket Reader #1 for port 37505] INFO  ipc.Server (Server.java:run(1074)) - Starting Socket Reader #1 for port 37505
2019-08-21 11:14:17,000 [main] INFO  hdfs.DFSUtil (DFSUtil.java:httpServerTemplateForNNAndJN(1641)) - Starting Web-server for scm at: http://0.0.0.0:0
2019-08-21 11:14:17,002 [main] INFO  server.AuthenticationFilter (AuthenticationFilter.java:constructSecretProvider(240)) - Unable to initialize FileSignerSecretProvider, falling back to use random secrets.
2019-08-21 11:14:17,003 [main] WARN  http.HttpRequestLog (HttpRequestLog.java:getRequestLog(97)) - Jetty request log can only be enabled using Log4j
2019-08-21 11:14:17,004 [main] INFO  http.HttpServer2 (HttpServer2.java:addGlobalFilter(975)) - Added global filter 'safety' (class=org.apache.hadoop.http.HttpServer2$QuotingInputFilter)
2019-08-21 11:14:17,005 [main] INFO  http.HttpServer2 (HttpServer2.java:addFilter(948)) - Added filter static_user_filter (class=org.apache.hadoop.http.lib.StaticUserWebFilter$StaticUserFilter) to context scm
2019-08-21 11:14:17,005 [main] INFO  http.HttpServer2 (HttpServer2.java:addFilter(958)) - Added filter static_user_filter (class=org.apache.hadoop.http.lib.StaticUserWebFilter$StaticUserFilter) to context static
2019-08-21 11:14:17,005 [main] INFO  http.HttpServer2 (HttpServer2.java:addFilter(958)) - Added filter static_user_filter (class=org.apache.hadoop.http.lib.StaticUserWebFilter$StaticUserFilter) to context logs
2019-08-21 11:14:17,007 [main] INFO  server.StorageContainerManager (StorageContainerManager.java:start(759)) - StorageContainerLocationProtocol RPC server is listening at /0.0.0.0:37505
2019-08-21 11:14:17,009 [main] WARN  impl.MetricsConfig (MetricsConfig.java:loadFirst(134)) - Cannot locate configuration: tried hadoop-metrics2-storagecontainermanager.properties,hadoop-metrics2.properties
2019-08-21 11:14:17,010 [main] INFO  impl.MetricsSystemImpl (MetricsSystemImpl.java:startTimer(374)) - Scheduled Metric snapshot period at 10 second(s).
2019-08-21 11:14:17,010 [main] INFO  impl.MetricsSystemImpl (MetricsSystemImpl.java:start(191)) - StorageContainerManager metrics system started
2019-08-21 11:14:17,073 [main] INFO  server.SCMClientProtocolServer (SCMClientProtocolServer.java:start(151)) - RPC server for Client  is listening at /0.0.0.0:37505
2019-08-21 11:14:17,073 [IPC Server Responder] INFO  ipc.Server (Server.java:run(1314)) - IPC Server Responder: starting
2019-08-21 11:14:17,074 [IPC Server listener on 37505] INFO  ipc.Server (Server.java:run(1153)) - IPC Server listener on 37505: starting
2019-08-21 11:14:17,076 [main] INFO  server.StorageContainerManager (StorageContainerManager.java:start(769)) - ScmBlockLocationProtocol RPC server is listening at /0.0.0.0:36859
2019-08-21 11:14:17,076 [main] INFO  server.SCMBlockProtocolServer (SCMBlockProtocolServer.java:start(140)) - RPC server for Block Protocol is listening at /0.0.0.0:36859
2019-08-21 11:14:17,076 [IPC Server listener on 36859] INFO  ipc.Server (Server.java:run(1153)) - IPC Server listener on 36859: starting
2019-08-21 11:14:17,076 [IPC Server Responder] INFO  ipc.Server (Server.java:run(1314)) - IPC Server Responder: starting
2019-08-21 11:14:17,078 [main] INFO  server.StorageContainerManager (StorageContainerManager.java:start(773)) - ScmDatanodeProtocl RPC server is listening at /0.0.0.0:42202
2019-08-21 11:14:17,078 [main] INFO  server.SCMDatanodeProtocolServer (SCMDatanodeProtocolServer.java:start(191)) - RPC server for DataNodes is listening at /0.0.0.0:42202
2019-08-21 11:14:17,079 [IPC Server Responder] INFO  ipc.Server (Server.java:run(1314)) - IPC Server Responder: starting
2019-08-21 11:14:17,079 [IPC Server listener on 42202] INFO  ipc.Server (Server.java:run(1153)) - IPC Server listener on 42202: starting
2019-08-21 11:14:17,081 [main] INFO  http.HttpServer2 (HttpServer2.java:bindListener(1191)) - Jetty bound to port 33431
2019-08-21 11:14:17,081 [main] INFO  server.Server (Server.java:doStart(351)) - jetty-9.3.24.v20180605, build timestamp: 2018-06-05T17:11:56Z, git hash: 84205aa28f11a4f31f2a3b86d1bba2cc8ab69827
2019-08-21 11:14:17,083 [main] INFO  handler.ContextHandler (ContextHandler.java:doStart(781)) - Started o.e.j.s.ServletContextHandler@14f08a97{/logs,file:///workdir/hadoop-ozone/integration-test/target/log,AVAILABLE}
2019-08-21 11:14:17,083 [main] INFO  handler.ContextHandler (ContextHandler.java:doStart(781)) - Started o.e.j.s.ServletContextHandler@46ee9cfd{/static,file:///workdir/hadoop-ozone/integration-test/target/test-classes/webapps/static,AVAILABLE}
2019-08-21 11:14:17,087 [main] INFO  handler.ContextHandler (ContextHandler.java:doStart(781)) - Started o.e.j.w.WebAppContext@3ed4c822{/,file:///workdir/hadoop-ozone/integration-test/target/test-classes/webapps/scm/,AVAILABLE}{/scm}
2019-08-21 11:14:17,087 [main] INFO  server.AbstractConnector (AbstractConnector.java:doStart(278)) - Started ServerConnector@7b6558aa{HTTP/1.1,[http/1.1]}{0.0.0.0:33431}
2019-08-21 11:14:17,088 [main] INFO  server.Server (Server.java:doStart(419)) - Started @534323ms
2019-08-21 11:14:17,089 [main] INFO  server.BaseHttpServer (BaseHttpServer.java:updateConnectorAddress(213)) - HTTP server of SCM is listening at http://0.0.0.0:33431
2019-08-21 11:14:17,090 [main] WARN  server.ServerUtils (ServerUtils.java:getDBPath(222)) - ozone.om.db.dirs is not configured. We recommend adding this setting. Falling back to ozone.metadata.dirs instead.
2019-08-21 11:14:17,090 [org.apache.hadoop.util.JvmPauseMonitor$Monitor@7fec6c2f] INFO  util.JvmPauseMonitor (JvmPauseMonitor.java:run(188)) - Starting JVM pause monitor
2019-08-21 11:14:17,130 [main] WARN  server.ServerUtils (ServerUtils.java:getDBPath(222)) - ozone.om.db.dirs is not configured. We recommend adding this setting. Falling back to ozone.metadata.dirs instead.
2019-08-21 11:14:17,130 [main] WARN  server.ServerUtils (ServerUtils.java:getDBPath(222)) - ozone.om.db.dirs is not configured. We recommend adding this setting. Falling back to ozone.metadata.dirs instead.
2019-08-21 11:14:17,131 [main] INFO  om.OzoneManager (OzoneManager.java:setOMNodeDetails(648)) - OM Service ID is not set. Setting it to the default ID: omServiceIdDefault
2019-08-21 11:14:17,131 [main] INFO  om.OzoneManager (OzoneManager.java:setOMNodeDetails(654)) - OM Node ID is not set. Setting it to the OmStorage's OmID: d2e5dc64-7e4c-4d60-ac77-6b1f775e9f92
2019-08-21 11:14:17,131 [main] INFO  om.OzoneManager (OzoneManager.java:loadOMHAConfigs(605)) - Found matching OM address with OMServiceId: null, OMNodeId: null, RPC Address: localhost:0 and Ratis port: 9872
2019-08-21 11:14:17,136 | INFO  | SCMAudit | user=jenkins1000 | ip=192.168.34.23 | op=GET_SCM_INFO null | ret=SUCCESS |  
2019-08-21 11:14:17,138 [main] WARN  server.ServerUtils (ServerUtils.java:getDBPath(222)) - ozone.om.db.dirs is not configured. We recommend adding this setting. Falling back to ozone.metadata.dirs instead.
2019-08-21 11:14:17,138 [main] INFO  db.DBStoreBuilder (DBStoreBuilder.java:addTable(110)) - using custom profile for table: userTable
2019-08-21 11:14:17,139 [main] INFO  db.DBStoreBuilder (DBStoreBuilder.java:processTables(161)) - Using default column profile:DBProfile.DISK for Table:userTable
2019-08-21 11:14:17,139 [main] INFO  db.DBStoreBuilder (DBStoreBuilder.java:addTable(110)) - using custom profile for table: volumeTable
2019-08-21 11:14:17,139 [main] INFO  db.DBStoreBuilder (DBStoreBuilder.java:processTables(161)) - Using default column profile:DBProfile.DISK for Table:volumeTable
2019-08-21 11:14:17,139 [main] INFO  db.DBStoreBuilder (DBStoreBuilder.java:addTable(110)) - using custom profile for table: bucketTable
2019-08-21 11:14:17,140 [main] INFO  db.DBStoreBuilder (DBStoreBuilder.java:processTables(161)) - Using default column profile:DBProfile.DISK for Table:bucketTable
2019-08-21 11:14:17,140 [main] INFO  db.DBStoreBuilder (DBStoreBuilder.java:addTable(110)) - using custom profile for table: keyTable
2019-08-21 11:14:17,140 [main] INFO  db.DBStoreBuilder (DBStoreBuilder.java:processTables(161)) - Using default column profile:DBProfile.DISK for Table:keyTable
2019-08-21 11:14:17,141 [main] INFO  db.DBStoreBuilder (DBStoreBuilder.java:addTable(110)) - using custom profile for table: deletedTable
2019-08-21 11:14:17,141 [main] INFO  db.DBStoreBuilder (DBStoreBuilder.java:processTables(161)) - Using default column profile:DBProfile.DISK for Table:deletedTable
2019-08-21 11:14:17,141 [main] INFO  db.DBStoreBuilder (DBStoreBuilder.java:addTable(110)) - using custom profile for table: openKeyTable
2019-08-21 11:14:17,141 [main] INFO  db.DBStoreBuilder (DBStoreBuilder.java:processTables(161)) - Using default column profile:DBProfile.DISK for Table:openKeyTable
2019-08-21 11:14:17,142 [main] INFO  db.DBStoreBuilder (DBStoreBuilder.java:addTable(110)) - using custom profile for table: s3Table
2019-08-21 11:14:17,142 [main] INFO  db.DBStoreBuilder (DBStoreBuilder.java:processTables(161)) - Using default column profile:DBProfile.DISK for Table:s3Table
2019-08-21 11:14:17,142 [main] INFO  db.DBStoreBuilder (DBStoreBuilder.java:addTable(110)) - using custom profile for table: multipartInfoTable
2019-08-21 11:14:17,142 [main] INFO  db.DBStoreBuilder (DBStoreBuilder.java:processTables(161)) - Using default column profile:DBProfile.DISK for Table:multipartInfoTable
2019-08-21 11:14:17,143 [main] INFO  db.DBStoreBuilder (DBStoreBuilder.java:addTable(110)) - using custom profile for table: dTokenTable
2019-08-21 11:14:17,143 [main] INFO  db.DBStoreBuilder (DBStoreBuilder.java:processTables(161)) - Using default column profile:DBProfile.DISK for Table:dTokenTable
2019-08-21 11:14:17,143 [main] INFO  db.DBStoreBuilder (DBStoreBuilder.java:addTable(110)) - using custom profile for table: s3SecretTable
2019-08-21 11:14:17,143 [main] INFO  db.DBStoreBuilder (DBStoreBuilder.java:processTables(161)) - Using default column profile:DBProfile.DISK for Table:s3SecretTable
2019-08-21 11:14:17,144 [main] INFO  db.DBStoreBuilder (DBStoreBuilder.java:addTable(110)) - using custom profile for table: prefixTable
2019-08-21 11:14:17,144 [main] INFO  db.DBStoreBuilder (DBStoreBuilder.java:processTables(161)) - Using default column profile:DBProfile.DISK for Table:prefixTable
2019-08-21 11:14:17,144 [main] INFO  db.DBStoreBuilder (DBStoreBuilder.java:addTable(110)) - using custom profile for table: default
2019-08-21 11:14:17,144 [main] INFO  db.DBStoreBuilder (DBStoreBuilder.java:processTables(167)) - Using default column profile:DBProfile.DISK for Table:default
2019-08-21 11:14:17,145 [main] INFO  db.DBStoreBuilder (DBStoreBuilder.java:getDbProfile(198)) - Using default options. DBProfile.DISK
2019-08-21 11:14:17,457 [main] INFO  ipc.CallQueueManager (CallQueueManager.java:<init>(84)) - Using callQueue: class java.util.concurrent.LinkedBlockingQueue, queueCapacity: 2000, scheduler: class org.apache.hadoop.ipc.DefaultRpcScheduler, ipcBackoff: false.
2019-08-21 11:14:17,458 [Socket Reader #1 for port 44098] INFO  ipc.Server (Server.java:run(1074)) - Starting Socket Reader #1 for port 44098
2019-08-21 11:14:17,474 [main] INFO  om.OzoneManager (OzoneManager.java:start(1259)) - OzoneManager RPC server is listening at localhost/127.0.0.1:44098
2019-08-21 11:14:17,475 [main] INFO  impl.MetricsSystemImpl (MetricsSystemImpl.java:init(158)) - OzoneManager metrics system started (again)
2019-08-21 11:14:17,475 [IPC Server Responder] INFO  ipc.Server (Server.java:run(1314)) - IPC Server Responder: starting
2019-08-21 11:14:17,475 [IPC Server listener on 44098] INFO  ipc.Server (Server.java:run(1153)) - IPC Server listener on 44098: starting
2019-08-21 11:14:17,481 [main] INFO  hdfs.DFSUtil (DFSUtil.java:httpServerTemplateForNNAndJN(1641)) - Starting Web-server for ozoneManager at: http://0.0.0.0:0
2019-08-21 11:14:17,483 [main] INFO  server.AuthenticationFilter (AuthenticationFilter.java:constructSecretProvider(240)) - Unable to initialize FileSignerSecretProvider, falling back to use random secrets.
2019-08-21 11:14:17,484 [main] WARN  http.HttpRequestLog (HttpRequestLog.java:getRequestLog(97)) - Jetty request log can only be enabled using Log4j
2019-08-21 11:14:17,487 [main] INFO  http.HttpServer2 (HttpServer2.java:addGlobalFilter(975)) - Added global filter 'safety' (class=org.apache.hadoop.http.HttpServer2$QuotingInputFilter)
2019-08-21 11:14:17,487 [main] INFO  http.HttpServer2 (HttpServer2.java:addFilter(948)) - Added filter static_user_filter (class=org.apache.hadoop.http.lib.StaticUserWebFilter$StaticUserFilter) to context ozoneManager
2019-08-21 11:14:17,488 [main] INFO  http.HttpServer2 (HttpServer2.java:addFilter(958)) - Added filter static_user_filter (class=org.apache.hadoop.http.lib.StaticUserWebFilter$StaticUserFilter) to context static
2019-08-21 11:14:17,488 [main] INFO  http.HttpServer2 (HttpServer2.java:addFilter(958)) - Added filter static_user_filter (class=org.apache.hadoop.http.lib.StaticUserWebFilter$StaticUserFilter) to context logs
2019-08-21 11:14:17,489 [main] INFO  http.HttpServer2 (HttpServer2.java:bindListener(1191)) - Jetty bound to port 35379
2019-08-21 11:14:17,489 [main] INFO  server.Server (Server.java:doStart(351)) - jetty-9.3.24.v20180605, build timestamp: 2018-06-05T17:11:56Z, git hash: 84205aa28f11a4f31f2a3b86d1bba2cc8ab69827
2019-08-21 11:14:17,491 [main] INFO  handler.ContextHandler (ContextHandler.java:doStart(781)) - Started o.e.j.s.ServletContextHandler@3e8c9981{/logs,file:///workdir/hadoop-ozone/integration-test/target/log,AVAILABLE}
2019-08-21 11:14:17,492 [main] INFO  handler.ContextHandler (ContextHandler.java:doStart(781)) - Started o.e.j.s.ServletContextHandler@a642c54{/static,file:///workdir/hadoop-ozone/integration-test/target/test-classes/webapps/static,AVAILABLE}
2019-08-21 11:14:17,496 [main] INFO  handler.ContextHandler (ContextHandler.java:doStart(781)) - Started o.e.j.w.WebAppContext@ba90170{/,file:///workdir/hadoop-ozone/integration-test/target/test-classes/webapps/ozoneManager/,AVAILABLE}{/ozoneManager}
2019-08-21 11:14:17,496 [main] INFO  server.AbstractConnector (AbstractConnector.java:doStart(278)) - Started ServerConnector@452ea8f0{HTTP/1.1,[http/1.1]}{0.0.0.0:35379}
2019-08-21 11:14:17,497 [main] INFO  server.Server (Server.java:doStart(419)) - Started @534733ms
2019-08-21 11:14:17,498 [main] INFO  server.BaseHttpServer (BaseHttpServer.java:updateConnectorAddress(213)) - HTTP server of OZONEMANAGER is listening at http://0.0.0.0:35379
2019-08-21 11:14:17,513 [main] INFO  impl.MetricsSystemImpl (MetricsSystemImpl.java:init(158)) - HddsDatanode metrics system started (again)
2019-08-21 11:14:17,514 [main] INFO  ozone.HddsDatanodeService (HddsDatanodeService.java:start(184)) - HddsDatanodeService host:pr-hdds-1937-2b42m-2998290358 ip:192.168.34.23
2019-08-21 11:14:17,525 [main] INFO  volume.HddsVolume (HddsVolume.java:<init>(176)) - Creating Volume: /workdir/hadoop-ozone/integration-test/target/test-dir/MiniOzoneClusterImpl-d193021e-39f1-4dac-9bda-16b6316a9a0a/datanode-0/data/containers/hdds of  storage type : DISK and capacity : 1482555576320
2019-08-21 11:14:17,525 [main] INFO  volume.VolumeSet (VolumeSet.java:initializeVolumeSet(170)) - Added Volume : /workdir/hadoop-ozone/integration-test/target/test-dir/MiniOzoneClusterImpl-d193021e-39f1-4dac-9bda-16b6316a9a0a/datanode-0/data/containers/hdds to VolumeSet
2019-08-21 11:14:17,525 [main] INFO  volume.ThrottledAsyncChecker (ThrottledAsyncChecker.java:schedule(140)) - Scheduling a check for org.apache.hadoop.ozone.container.common.volume.HddsVolume@633dce39
2019-08-21 11:14:17,526 [main] INFO  volume.HddsVolumeChecker (HddsVolumeChecker.java:checkAllVolumes(203)) - Scheduled health check for volume org.apache.hadoop.ozone.container.common.volume.HddsVolume@633dce39
2019-08-21 11:14:17,541 [main] INFO  impl.RaftServerProxy (ConfUtils.java:logGet(43)) - raft.rpc.type = GRPC (default)
2019-08-21 11:14:17,541 [main] INFO  grpc.GrpcFactory (GrpcFactory.java:checkPooledByteBufAllocatorUseCacheForAllThreads(45)) - PERFORMANCE WARNING: useCacheForAllThreads is true that may cause Netty to create a lot garbage objects and, as a result, trigger GC.
	It is recommended to disable useCacheForAllThreads by setting -Dorg.apache.ratis.thirdparty.io.netty.allocator.useCacheForAllThreads=false in command line.
2019-08-21 11:14:17,541 [main] INFO  grpc.GrpcConfigKeys$Server (ConfUtils.java:logGet(43)) - raft.grpc.server.port = 0 (default)
2019-08-21 11:14:17,541 [main] INFO  server.GrpcService (ConfUtils.java:logGet(43)) - raft.grpc.message.size.max = 33570816 (custom)
2019-08-21 11:14:17,542 [main] INFO  server.RaftServerConfigKeys (ConfUtils.java:logGet(43)) - raft.server.log.appender.buffer.byte-limit = 33554432 (custom)
2019-08-21 11:14:17,542 [main] INFO  server.GrpcService (ConfUtils.java:logGet(43)) - raft.grpc.flow.control.window = 1MB (=1048576) (default)
2019-08-21 11:14:17,542 [main] INFO  server.RaftServerConfigKeys (ConfUtils.java:logGet(43)) - raft.server.rpc.request.timeout = 3000ms (default)
2019-08-21 11:14:17,542 [main] INFO  server.RaftServerConfigKeys (ConfUtils.java:logGet(43)) - raft.server.storage.dir = [/workdir/hadoop-ozone/integration-test/target/test-dir/MiniOzoneClusterImpl-d193021e-39f1-4dac-9bda-16b6316a9a0a/datanode-0/data/ratis] (custom)
2019-08-21 11:14:17,543 [main] INFO  replication.SimpleContainerDownloader (SimpleContainerDownloader.java:<init>(72)) - Starting container downloader service to copy containers to replicate.
2019-08-21 11:14:17,544 [main] INFO  hdfs.DFSUtil (DFSUtil.java:httpServerTemplateForNNAndJN(1641)) - Starting Web-server for hddsDatanode at: http://0.0.0.0:0
2019-08-21 11:14:17,546 [main] INFO  server.AuthenticationFilter (AuthenticationFilter.java:constructSecretProvider(240)) - Unable to initialize FileSignerSecretProvider, falling back to use random secrets.
2019-08-21 11:14:17,547 [main] WARN  http.HttpRequestLog (HttpRequestLog.java:getRequestLog(97)) - Jetty request log can only be enabled using Log4j
2019-08-21 11:14:17,549 [main] INFO  http.HttpServer2 (HttpServer2.java:addGlobalFilter(975)) - Added global filter 'safety' (class=org.apache.hadoop.http.HttpServer2$QuotingInputFilter)
2019-08-21 11:14:17,550 [main] INFO  http.HttpServer2 (HttpServer2.java:addFilter(948)) - Added filter static_user_filter (class=org.apache.hadoop.http.lib.StaticUserWebFilter$StaticUserFilter) to context hddsDatanode
2019-08-21 11:14:17,550 [main] INFO  http.HttpServer2 (HttpServer2.java:addFilter(958)) - Added filter static_user_filter (class=org.apache.hadoop.http.lib.StaticUserWebFilter$StaticUserFilter) to context static
2019-08-21 11:14:17,551 [main] INFO  http.HttpServer2 (HttpServer2.java:addFilter(958)) - Added filter static_user_filter (class=org.apache.hadoop.http.lib.StaticUserWebFilter$StaticUserFilter) to context logs
2019-08-21 11:14:17,552 [main] INFO  http.HttpServer2 (HttpServer2.java:bindListener(1191)) - Jetty bound to port 44021
2019-08-21 11:14:17,552 [main] INFO  server.Server (Server.java:doStart(351)) - jetty-9.3.24.v20180605, build timestamp: 2018-06-05T17:11:56Z, git hash: 84205aa28f11a4f31f2a3b86d1bba2cc8ab69827
2019-08-21 11:14:17,555 [main] INFO  handler.ContextHandler (ContextHandler.java:doStart(781)) - Started o.e.j.s.ServletContextHandler@760b9444{/logs,file:///workdir/hadoop-ozone/integration-test/target/log,AVAILABLE}
2019-08-21 11:14:17,556 [main] INFO  handler.ContextHandler (ContextHandler.java:doStart(781)) - Started o.e.j.s.ServletContextHandler@f6b128b{/static,jar:file:/home/user/.m2/repository/org/apache/hadoop/hadoop-hdds-container-service/0.5.0-SNAPSHOT/hadoop-hdds-container-service-0.5.0-SNAPSHOT.jar!/webapps/static,AVAILABLE}
2019-08-21 11:14:17,598 [main] INFO  handler.ContextHandler (ContextHandler.java:doStart(781)) - Started o.e.j.w.WebAppContext@77eb0e47{/,file:///tmp/jetty-0.0.0.0-44021-hddsDatanode-_-any-6718727632558028493.dir/webapp/,AVAILABLE}{/hddsDatanode}
2019-08-21 11:14:17,599 [main] INFO  server.AbstractConnector (AbstractConnector.java:doStart(278)) - Started ServerConnector@3a034950{HTTP/1.1,[http/1.1]}{0.0.0.0:44021}
2019-08-21 11:14:17,600 [main] INFO  server.Server (Server.java:doStart(419)) - Started @534836ms
2019-08-21 11:14:17,601 [main] INFO  server.BaseHttpServer (BaseHttpServer.java:updateConnectorAddress(213)) - HTTP server of HDDSDATANODE is listening at http://0.0.0.0:44021
2019-08-21 11:14:17,739 | INFO  | ObjectStoreRestHttpServer | Listening HDDS REST traffic on /0.0.0.0:45741 |  
2019-08-21 11:14:17,739 [main] INFO  ozone.HddsDatanodeService (HddsDatanodeService.java:startPlugins(395)) - Started plug-in org.apache.hadoop.ozone.web.OzoneHddsDatanodeService@5e8f0c54
2019-08-21 11:14:17,739 [main] INFO  impl.MetricsSystemImpl (MetricsSystemImpl.java:init(158)) - HddsDatanode metrics system started (again)
2019-08-21 11:14:17,742 [main] INFO  ozone.HddsDatanodeService (HddsDatanodeService.java:start(184)) - HddsDatanodeService host:pr-hdds-1937-2b42m-2998290358 ip:192.168.34.23
2019-08-21 11:14:17,742 [org.apache.hadoop.util.JvmPauseMonitor$Monitor@26f61190] INFO  util.JvmPauseMonitor (JvmPauseMonitor.java:run(188)) - Starting JVM pause monitor
2019-08-21 11:14:17,744 [Datanode State Machine Thread - 0] INFO  datanode.InitDatanodeState (InitDatanodeState.java:persistContainerDatanodeDetails(140)) - DatanodeDetails is persisted to /workdir/hadoop-ozone/integration-test/target/test-dir/MiniOzoneClusterImpl-d193021e-39f1-4dac-9bda-16b6316a9a0a/datanode-0/meta/datanode.id
2019-08-21 11:14:17,753 [main] INFO  volume.HddsVolume (HddsVolume.java:<init>(176)) - Creating Volume: /workdir/hadoop-ozone/integration-test/target/test-dir/MiniOzoneClusterImpl-d193021e-39f1-4dac-9bda-16b6316a9a0a/datanode-1/data/containers/hdds of  storage type : DISK and capacity : 1482555576320
2019-08-21 11:14:17,753 [main] INFO  volume.VolumeSet (VolumeSet.java:initializeVolumeSet(170)) - Added Volume : /workdir/hadoop-ozone/integration-test/target/test-dir/MiniOzoneClusterImpl-d193021e-39f1-4dac-9bda-16b6316a9a0a/datanode-1/data/containers/hdds to VolumeSet
2019-08-21 11:14:17,754 [main] INFO  volume.ThrottledAsyncChecker (ThrottledAsyncChecker.java:schedule(140)) - Scheduling a check for org.apache.hadoop.ozone.container.common.volume.HddsVolume@7320bccc
2019-08-21 11:14:17,754 [main] INFO  volume.HddsVolumeChecker (HddsVolumeChecker.java:checkAllVolumes(203)) - Scheduled health check for volume org.apache.hadoop.ozone.container.common.volume.HddsVolume@7320bccc
2019-08-21 11:14:17,767 [main] INFO  impl.RaftServerProxy (ConfUtils.java:logGet(43)) - raft.rpc.type = GRPC (default)
2019-08-21 11:14:17,767 [main] INFO  grpc.GrpcFactory (GrpcFactory.java:checkPooledByteBufAllocatorUseCacheForAllThreads(45)) - PERFORMANCE WARNING: useCacheForAllThreads is true that may cause Netty to create a lot garbage objects and, as a result, trigger GC.
	It is recommended to disable useCacheForAllThreads by setting -Dorg.apache.ratis.thirdparty.io.netty.allocator.useCacheForAllThreads=false in command line.
2019-08-21 11:14:17,768 [main] INFO  grpc.GrpcConfigKeys$Server (ConfUtils.java:logGet(43)) - raft.grpc.server.port = 0 (default)
2019-08-21 11:14:17,768 [main] INFO  server.GrpcService (ConfUtils.java:logGet(43)) - raft.grpc.message.size.max = 33570816 (custom)
2019-08-21 11:14:17,768 [main] INFO  server.RaftServerConfigKeys (ConfUtils.java:logGet(43)) - raft.server.log.appender.buffer.byte-limit = 33554432 (custom)
2019-08-21 11:14:17,768 [main] INFO  server.GrpcService (ConfUtils.java:logGet(43)) - raft.grpc.flow.control.window = 1MB (=1048576) (default)
2019-08-21 11:14:17,768 [main] INFO  server.RaftServerConfigKeys (ConfUtils.java:logGet(43)) - raft.server.rpc.request.timeout = 3000ms (default)
2019-08-21 11:14:17,769 [main] INFO  server.RaftServerConfigKeys (ConfUtils.java:logGet(43)) - raft.server.storage.dir = [/workdir/hadoop-ozone/integration-test/target/test-dir/MiniOzoneClusterImpl-d193021e-39f1-4dac-9bda-16b6316a9a0a/datanode-1/data/ratis] (custom)
2019-08-21 11:14:17,769 [main] INFO  replication.SimpleContainerDownloader (SimpleContainerDownloader.java:<init>(72)) - Starting container downloader service to copy containers to replicate.
2019-08-21 11:14:17,770 [main] INFO  hdfs.DFSUtil (DFSUtil.java:httpServerTemplateForNNAndJN(1641)) - Starting Web-server for hddsDatanode at: http://0.0.0.0:0
2019-08-21 11:14:17,772 [main] INFO  server.AuthenticationFilter (AuthenticationFilter.java:constructSecretProvider(240)) - Unable to initialize FileSignerSecretProvider, falling back to use random secrets.
2019-08-21 11:14:17,773 [main] WARN  http.HttpRequestLog (HttpRequestLog.java:getRequestLog(97)) - Jetty request log can only be enabled using Log4j
2019-08-21 11:14:17,775 [main] INFO  http.HttpServer2 (HttpServer2.java:addGlobalFilter(975)) - Added global filter 'safety' (class=org.apache.hadoop.http.HttpServer2$QuotingInputFilter)
2019-08-21 11:14:17,775 [main] INFO  http.HttpServer2 (HttpServer2.java:addFilter(948)) - Added filter static_user_filter (class=org.apache.hadoop.http.lib.StaticUserWebFilter$StaticUserFilter) to context hddsDatanode
2019-08-21 11:14:17,776 [main] INFO  http.HttpServer2 (HttpServer2.java:addFilter(958)) - Added filter static_user_filter (class=org.apache.hadoop.http.lib.StaticUserWebFilter$StaticUserFilter) to context logs
2019-08-21 11:14:17,776 [main] INFO  http.HttpServer2 (HttpServer2.java:addFilter(958)) - Added filter static_user_filter (class=org.apache.hadoop.http.lib.StaticUserWebFilter$StaticUserFilter) to context static
2019-08-21 11:14:17,777 [main] INFO  http.HttpServer2 (HttpServer2.java:bindListener(1191)) - Jetty bound to port 40939
2019-08-21 11:14:17,777 [main] INFO  server.Server (Server.java:doStart(351)) - jetty-9.3.24.v20180605, build timestamp: 2018-06-05T17:11:56Z, git hash: 84205aa28f11a4f31f2a3b86d1bba2cc8ab69827
2019-08-21 11:14:17,779 [main] INFO  handler.ContextHandler (ContextHandler.java:doStart(781)) - Started o.e.j.s.ServletContextHandler@6179af64{/logs,file:///workdir/hadoop-ozone/integration-test/target/log,AVAILABLE}
2019-08-21 11:14:17,780 [main] INFO  handler.ContextHandler (ContextHandler.java:doStart(781)) - Started o.e.j.s.ServletContextHandler@475a8415{/static,jar:file:/home/user/.m2/repository/org/apache/hadoop/hadoop-hdds-container-service/0.5.0-SNAPSHOT/hadoop-hdds-container-service-0.5.0-SNAPSHOT.jar!/webapps/static,AVAILABLE}
2019-08-21 11:14:17,825 [main] INFO  handler.ContextHandler (ContextHandler.java:doStart(781)) - Started o.e.j.w.WebAppContext@6124a7c0{/,file:///tmp/jetty-0.0.0.0-40939-hddsDatanode-_-any-8822336534100363850.dir/webapp/,AVAILABLE}{/hddsDatanode}
2019-08-21 11:14:17,825 [main] INFO  server.AbstractConnector (AbstractConnector.java:doStart(278)) - Started ServerConnector@77a13162{HTTP/1.1,[http/1.1]}{0.0.0.0:40939}
2019-08-21 11:14:17,826 [main] INFO  server.Server (Server.java:doStart(419)) - Started @535062ms
2019-08-21 11:14:17,827 [main] INFO  server.BaseHttpServer (BaseHttpServer.java:updateConnectorAddress(213)) - HTTP server of HDDSDATANODE is listening at http://0.0.0.0:40939
2019-08-21 11:14:17,988 | INFO  | ObjectStoreRestHttpServer | Listening HDDS REST traffic on /0.0.0.0:33759 |  
2019-08-21 11:14:17,989 [main] INFO  ozone.HddsDatanodeService (HddsDatanodeService.java:startPlugins(395)) - Started plug-in org.apache.hadoop.ozone.web.OzoneHddsDatanodeService@6860c000
2019-08-21 11:14:17,989 [main] INFO  impl.MetricsSystemImpl (MetricsSystemImpl.java:init(158)) - HddsDatanode metrics system started (again)
2019-08-21 11:14:17,992 [main] INFO  ozone.HddsDatanodeService (HddsDatanodeService.java:start(184)) - HddsDatanodeService host:pr-hdds-1937-2b42m-2998290358 ip:192.168.34.23
2019-08-21 11:14:17,992 [org.apache.hadoop.util.JvmPauseMonitor$Monitor@54600e51] INFO  util.JvmPauseMonitor (JvmPauseMonitor.java:run(188)) - Starting JVM pause monitor
2019-08-21 11:14:17,993 [Datanode State Machine Thread - 0] INFO  datanode.InitDatanodeState (InitDatanodeState.java:persistContainerDatanodeDetails(140)) - DatanodeDetails is persisted to /workdir/hadoop-ozone/integration-test/target/test-dir/MiniOzoneClusterImpl-d193021e-39f1-4dac-9bda-16b6316a9a0a/datanode-1/meta/datanode.id
2019-08-21 11:14:18,002 [main] INFO  volume.HddsVolume (HddsVolume.java:<init>(176)) - Creating Volume: /workdir/hadoop-ozone/integration-test/target/test-dir/MiniOzoneClusterImpl-d193021e-39f1-4dac-9bda-16b6316a9a0a/datanode-2/data/containers/hdds of  storage type : DISK and capacity : 1482555576320
2019-08-21 11:14:18,002 [main] INFO  volume.VolumeSet (VolumeSet.java:initializeVolumeSet(170)) - Added Volume : /workdir/hadoop-ozone/integration-test/target/test-dir/MiniOzoneClusterImpl-d193021e-39f1-4dac-9bda-16b6316a9a0a/datanode-2/data/containers/hdds to VolumeSet
2019-08-21 11:14:18,002 [main] INFO  volume.ThrottledAsyncChecker (ThrottledAsyncChecker.java:schedule(140)) - Scheduling a check for org.apache.hadoop.ozone.container.common.volume.HddsVolume@174da9a0
2019-08-21 11:14:18,003 [main] INFO  volume.HddsVolumeChecker (HddsVolumeChecker.java:checkAllVolumes(203)) - Scheduled health check for volume org.apache.hadoop.ozone.container.common.volume.HddsVolume@174da9a0
2019-08-21 11:14:18,014 [main] INFO  impl.RaftServerProxy (ConfUtils.java:logGet(43)) - raft.rpc.type = GRPC (default)
2019-08-21 11:14:18,014 [main] INFO  grpc.GrpcFactory (GrpcFactory.java:checkPooledByteBufAllocatorUseCacheForAllThreads(45)) - PERFORMANCE WARNING: useCacheForAllThreads is true that may cause Netty to create a lot garbage objects and, as a result, trigger GC.
	It is recommended to disable useCacheForAllThreads by setting -Dorg.apache.ratis.thirdparty.io.netty.allocator.useCacheForAllThreads=false in command line.
2019-08-21 11:14:18,014 [main] INFO  grpc.GrpcConfigKeys$Server (ConfUtils.java:logGet(43)) - raft.grpc.server.port = 0 (default)
2019-08-21 11:14:18,015 [main] INFO  server.GrpcService (ConfUtils.java:logGet(43)) - raft.grpc.message.size.max = 33570816 (custom)
2019-08-21 11:14:18,015 [main] INFO  server.RaftServerConfigKeys (ConfUtils.java:logGet(43)) - raft.server.log.appender.buffer.byte-limit = 33554432 (custom)
2019-08-21 11:14:18,015 [main] INFO  server.GrpcService (ConfUtils.java:logGet(43)) - raft.grpc.flow.control.window = 1MB (=1048576) (default)
2019-08-21 11:14:18,015 [main] INFO  server.RaftServerConfigKeys (ConfUtils.java:logGet(43)) - raft.server.rpc.request.timeout = 3000ms (default)
2019-08-21 11:14:18,015 [main] INFO  server.RaftServerConfigKeys (ConfUtils.java:logGet(43)) - raft.server.storage.dir = [/workdir/hadoop-ozone/integration-test/target/test-dir/MiniOzoneClusterImpl-d193021e-39f1-4dac-9bda-16b6316a9a0a/datanode-2/data/ratis] (custom)
2019-08-21 11:14:18,016 [main] INFO  replication.SimpleContainerDownloader (SimpleContainerDownloader.java:<init>(72)) - Starting container downloader service to copy containers to replicate.
2019-08-21 11:14:18,017 [main] INFO  hdfs.DFSUtil (DFSUtil.java:httpServerTemplateForNNAndJN(1641)) - Starting Web-server for hddsDatanode at: http://0.0.0.0:0
2019-08-21 11:14:18,019 [main] INFO  server.AuthenticationFilter (AuthenticationFilter.java:constructSecretProvider(240)) - Unable to initialize FileSignerSecretProvider, falling back to use random secrets.
2019-08-21 11:14:18,020 [main] WARN  http.HttpRequestLog (HttpRequestLog.java:getRequestLog(97)) - Jetty request log can only be enabled using Log4j
2019-08-21 11:14:18,022 [main] INFO  http.HttpServer2 (HttpServer2.java:addGlobalFilter(975)) - Added global filter 'safety' (class=org.apache.hadoop.http.HttpServer2$QuotingInputFilter)
2019-08-21 11:14:18,022 [main] INFO  http.HttpServer2 (HttpServer2.java:addFilter(948)) - Added filter static_user_filter (class=org.apache.hadoop.http.lib.StaticUserWebFilter$StaticUserFilter) to context hddsDatanode
2019-08-21 11:14:18,023 [main] INFO  http.HttpServer2 (HttpServer2.java:addFilter(958)) - Added filter static_user_filter (class=org.apache.hadoop.http.lib.StaticUserWebFilter$StaticUserFilter) to context static
2019-08-21 11:14:18,023 [main] INFO  http.HttpServer2 (HttpServer2.java:addFilter(958)) - Added filter static_user_filter (class=org.apache.hadoop.http.lib.StaticUserWebFilter$StaticUserFilter) to context logs
2019-08-21 11:14:18,023 [main] INFO  http.HttpServer2 (HttpServer2.java:bindListener(1191)) - Jetty bound to port 42551
2019-08-21 11:14:18,024 [main] INFO  server.Server (Server.java:doStart(351)) - jetty-9.3.24.v20180605, build timestamp: 2018-06-05T17:11:56Z, git hash: 84205aa28f11a4f31f2a3b86d1bba2cc8ab69827
2019-08-21 11:14:18,025 [main] INFO  handler.ContextHandler (ContextHandler.java:doStart(781)) - Started o.e.j.s.ServletContextHandler@335cd031{/logs,file:///workdir/hadoop-ozone/integration-test/target/log,AVAILABLE}
2019-08-21 11:14:18,026 [main] INFO  handler.ContextHandler (ContextHandler.java:doStart(781)) - Started o.e.j.s.ServletContextHandler@2eb27091{/static,jar:file:/home/user/.m2/repository/org/apache/hadoop/hadoop-hdds-container-service/0.5.0-SNAPSHOT/hadoop-hdds-container-service-0.5.0-SNAPSHOT.jar!/webapps/static,AVAILABLE}
2019-08-21 11:14:18,052 [main] INFO  handler.ContextHandler (ContextHandler.java:doStart(781)) - Started o.e.j.w.WebAppContext@162c89ac{/,file:///tmp/jetty-0.0.0.0-42551-hddsDatanode-_-any-5289064782885563893.dir/webapp/,AVAILABLE}{/hddsDatanode}
2019-08-21 11:14:18,052 [main] INFO  server.AbstractConnector (AbstractConnector.java:doStart(278)) - Started ServerConnector@644f033d{HTTP/1.1,[http/1.1]}{0.0.0.0:42551}
2019-08-21 11:14:18,053 [main] INFO  server.Server (Server.java:doStart(419)) - Started @535289ms
2019-08-21 11:14:18,054 [main] INFO  server.BaseHttpServer (BaseHttpServer.java:updateConnectorAddress(213)) - HTTP server of HDDSDATANODE is listening at http://0.0.0.0:42551
2019-08-21 11:14:18,467 | INFO  | ObjectStoreRestHttpServer | Listening HDDS REST traffic on /0.0.0.0:36371 |  
2019-08-21 11:14:18,467 [main] INFO  ozone.HddsDatanodeService (HddsDatanodeService.java:startPlugins(395)) - Started plug-in org.apache.hadoop.ozone.web.OzoneHddsDatanodeService@19544627
2019-08-21 11:14:18,467 [main] INFO  impl.MetricsSystemImpl (MetricsSystemImpl.java:init(158)) - HddsDatanode metrics system started (again)
2019-08-21 11:14:18,471 [org.apache.hadoop.util.JvmPauseMonitor$Monitor@b2aab0d] INFO  util.JvmPauseMonitor (JvmPauseMonitor.java:run(188)) - Starting JVM pause monitor
2019-08-21 11:14:18,471 [main] INFO  ozone.HddsDatanodeService (HddsDatanodeService.java:start(184)) - HddsDatanodeService host:pr-hdds-1937-2b42m-2998290358 ip:192.168.34.23
2019-08-21 11:14:18,472 [Datanode State Machine Thread - 0] INFO  datanode.InitDatanodeState (InitDatanodeState.java:persistContainerDatanodeDetails(140)) - DatanodeDetails is persisted to /workdir/hadoop-ozone/integration-test/target/test-dir/MiniOzoneClusterImpl-d193021e-39f1-4dac-9bda-16b6316a9a0a/datanode-2/meta/datanode.id
2019-08-21 11:14:18,483 [main] INFO  volume.HddsVolume (HddsVolume.java:<init>(176)) - Creating Volume: /workdir/hadoop-ozone/integration-test/target/test-dir/MiniOzoneClusterImpl-d193021e-39f1-4dac-9bda-16b6316a9a0a/datanode-3/data/containers/hdds of  storage type : DISK and capacity : 1482555576320
2019-08-21 11:14:18,483 [main] INFO  volume.VolumeSet (VolumeSet.java:initializeVolumeSet(170)) - Added Volume : /workdir/hadoop-ozone/integration-test/target/test-dir/MiniOzoneClusterImpl-d193021e-39f1-4dac-9bda-16b6316a9a0a/datanode-3/data/containers/hdds to VolumeSet
2019-08-21 11:14:18,483 [main] INFO  volume.ThrottledAsyncChecker (ThrottledAsyncChecker.java:schedule(140)) - Scheduling a check for org.apache.hadoop.ozone.container.common.volume.HddsVolume@45c270f9
2019-08-21 11:14:18,484 [main] INFO  volume.HddsVolumeChecker (HddsVolumeChecker.java:checkAllVolumes(203)) - Scheduled health check for volume org.apache.hadoop.ozone.container.common.volume.HddsVolume@45c270f9
2019-08-21 11:14:18,500 [main] INFO  impl.RaftServerProxy (ConfUtils.java:logGet(43)) - raft.rpc.type = GRPC (default)
2019-08-21 11:14:18,500 [main] INFO  grpc.GrpcFactory (GrpcFactory.java:checkPooledByteBufAllocatorUseCacheForAllThreads(45)) - PERFORMANCE WARNING: useCacheForAllThreads is true that may cause Netty to create a lot garbage objects and, as a result, trigger GC.
	It is recommended to disable useCacheForAllThreads by setting -Dorg.apache.ratis.thirdparty.io.netty.allocator.useCacheForAllThreads=false in command line.
2019-08-21 11:14:18,501 [main] INFO  grpc.GrpcConfigKeys$Server (ConfUtils.java:logGet(43)) - raft.grpc.server.port = 0 (default)
2019-08-21 11:14:18,501 [main] INFO  server.GrpcService (ConfUtils.java:logGet(43)) - raft.grpc.message.size.max = 33570816 (custom)
2019-08-21 11:14:18,501 [main] INFO  server.RaftServerConfigKeys (ConfUtils.java:logGet(43)) - raft.server.log.appender.buffer.byte-limit = 33554432 (custom)
2019-08-21 11:14:18,501 [main] INFO  server.GrpcService (ConfUtils.java:logGet(43)) - raft.grpc.flow.control.window = 1MB (=1048576) (default)
2019-08-21 11:14:18,502 [main] INFO  server.RaftServerConfigKeys (ConfUtils.java:logGet(43)) - raft.server.rpc.request.timeout = 3000ms (default)
2019-08-21 11:14:18,502 [main] INFO  server.RaftServerConfigKeys (ConfUtils.java:logGet(43)) - raft.server.storage.dir = [/workdir/hadoop-ozone/integration-test/target/test-dir/MiniOzoneClusterImpl-d193021e-39f1-4dac-9bda-16b6316a9a0a/datanode-3/data/ratis] (custom)
2019-08-21 11:14:18,503 [main] INFO  replication.SimpleContainerDownloader (SimpleContainerDownloader.java:<init>(72)) - Starting container downloader service to copy containers to replicate.
2019-08-21 11:14:18,504 [main] INFO  hdfs.DFSUtil (DFSUtil.java:httpServerTemplateForNNAndJN(1641)) - Starting Web-server for hddsDatanode at: http://0.0.0.0:0
2019-08-21 11:14:18,506 [main] INFO  server.AuthenticationFilter (AuthenticationFilter.java:constructSecretProvider(240)) - Unable to initialize FileSignerSecretProvider, falling back to use random secrets.
2019-08-21 11:14:18,507 [main] WARN  http.HttpRequestLog (HttpRequestLog.java:getRequestLog(97)) - Jetty request log can only be enabled using Log4j
2019-08-21 11:14:18,509 [main] INFO  http.HttpServer2 (HttpServer2.java:addGlobalFilter(975)) - Added global filter 'safety' (class=org.apache.hadoop.http.HttpServer2$QuotingInputFilter)
2019-08-21 11:14:18,509 [main] INFO  http.HttpServer2 (HttpServer2.java:addFilter(948)) - Added filter static_user_filter (class=org.apache.hadoop.http.lib.StaticUserWebFilter$StaticUserFilter) to context hddsDatanode
2019-08-21 11:14:18,510 [main] INFO  http.HttpServer2 (HttpServer2.java:addFilter(958)) - Added filter static_user_filter (class=org.apache.hadoop.http.lib.StaticUserWebFilter$StaticUserFilter) to context logs
2019-08-21 11:14:18,510 [main] INFO  http.HttpServer2 (HttpServer2.java:addFilter(958)) - Added filter static_user_filter (class=org.apache.hadoop.http.lib.StaticUserWebFilter$StaticUserFilter) to context static
2019-08-21 11:14:18,511 [main] INFO  http.HttpServer2 (HttpServer2.java:bindListener(1191)) - Jetty bound to port 34730
2019-08-21 11:14:18,511 [main] INFO  server.Server (Server.java:doStart(351)) - jetty-9.3.24.v20180605, build timestamp: 2018-06-05T17:11:56Z, git hash: 84205aa28f11a4f31f2a3b86d1bba2cc8ab69827
2019-08-21 11:14:18,513 [main] INFO  handler.ContextHandler (ContextHandler.java:doStart(781)) - Started o.e.j.s.ServletContextHandler@7d29fc6{/logs,file:///workdir/hadoop-ozone/integration-test/target/log,AVAILABLE}
2019-08-21 11:14:18,514 [main] INFO  handler.ContextHandler (ContextHandler.java:doStart(781)) - Started o.e.j.s.ServletContextHandler@1da53092{/static,jar:file:/home/user/.m2/repository/org/apache/hadoop/hadoop-hdds-container-service/0.5.0-SNAPSHOT/hadoop-hdds-container-service-0.5.0-SNAPSHOT.jar!/webapps/static,AVAILABLE}
2019-08-21 11:14:18,554 [main] INFO  handler.ContextHandler (ContextHandler.java:doStart(781)) - Started o.e.j.w.WebAppContext@58f05266{/,file:///tmp/jetty-0.0.0.0-34730-hddsDatanode-_-any-1247223054377817597.dir/webapp/,AVAILABLE}{/hddsDatanode}
2019-08-21 11:14:18,555 [main] INFO  server.AbstractConnector (AbstractConnector.java:doStart(278)) - Started ServerConnector@2b3ac26d{HTTP/1.1,[http/1.1]}{0.0.0.0:34730}
2019-08-21 11:14:18,557 [main] INFO  server.Server (Server.java:doStart(419)) - Started @535792ms
2019-08-21 11:14:18,557 [main] INFO  server.BaseHttpServer (BaseHttpServer.java:updateConnectorAddress(213)) - HTTP server of HDDSDATANODE is listening at http://0.0.0.0:34730
2019-08-21 11:14:18,693 | INFO  | ObjectStoreRestHttpServer | Listening HDDS REST traffic on /0.0.0.0:42725 |  
2019-08-21 11:14:18,693 [main] INFO  ozone.HddsDatanodeService (HddsDatanodeService.java:startPlugins(395)) - Started plug-in org.apache.hadoop.ozone.web.OzoneHddsDatanodeService@d35d84a
2019-08-21 11:14:18,693 [main] INFO  impl.MetricsSystemImpl (MetricsSystemImpl.java:init(158)) - HddsDatanode metrics system started (again)
2019-08-21 11:14:18,696 [org.apache.hadoop.util.JvmPauseMonitor$Monitor@744ff6bc] INFO  util.JvmPauseMonitor (JvmPauseMonitor.java:run(188)) - Starting JVM pause monitor
2019-08-21 11:14:18,697 [main] INFO  ozone.HddsDatanodeService (HddsDatanodeService.java:start(184)) - HddsDatanodeService host:pr-hdds-1937-2b42m-2998290358 ip:192.168.34.23
2019-08-21 11:14:18,698 [Datanode State Machine Thread - 0] INFO  datanode.InitDatanodeState (InitDatanodeState.java:persistContainerDatanodeDetails(140)) - DatanodeDetails is persisted to /workdir/hadoop-ozone/integration-test/target/test-dir/MiniOzoneClusterImpl-d193021e-39f1-4dac-9bda-16b6316a9a0a/datanode-3/meta/datanode.id
2019-08-21 11:14:18,707 [main] INFO  volume.HddsVolume (HddsVolume.java:<init>(176)) - Creating Volume: /workdir/hadoop-ozone/integration-test/target/test-dir/MiniOzoneClusterImpl-d193021e-39f1-4dac-9bda-16b6316a9a0a/datanode-4/data/containers/hdds of  storage type : DISK and capacity : 1482555576320
2019-08-21 11:14:18,708 [main] INFO  volume.VolumeSet (VolumeSet.java:initializeVolumeSet(170)) - Added Volume : /workdir/hadoop-ozone/integration-test/target/test-dir/MiniOzoneClusterImpl-d193021e-39f1-4dac-9bda-16b6316a9a0a/datanode-4/data/containers/hdds to VolumeSet
2019-08-21 11:14:18,708 [main] INFO  volume.ThrottledAsyncChecker (ThrottledAsyncChecker.java:schedule(140)) - Scheduling a check for org.apache.hadoop.ozone.container.common.volume.HddsVolume@156b31d
2019-08-21 11:14:18,708 [main] INFO  volume.HddsVolumeChecker (HddsVolumeChecker.java:checkAllVolumes(203)) - Scheduled health check for volume org.apache.hadoop.ozone.container.common.volume.HddsVolume@156b31d
2019-08-21 11:14:18,723 [main] INFO  impl.RaftServerProxy (ConfUtils.java:logGet(43)) - raft.rpc.type = GRPC (default)
2019-08-21 11:14:18,724 [main] INFO  grpc.GrpcFactory (GrpcFactory.java:checkPooledByteBufAllocatorUseCacheForAllThreads(45)) - PERFORMANCE WARNING: useCacheForAllThreads is true that may cause Netty to create a lot garbage objects and, as a result, trigger GC.
	It is recommended to disable useCacheForAllThreads by setting -Dorg.apache.ratis.thirdparty.io.netty.allocator.useCacheForAllThreads=false in command line.
2019-08-21 11:14:18,724 [main] INFO  grpc.GrpcConfigKeys$Server (ConfUtils.java:logGet(43)) - raft.grpc.server.port = 0 (default)
2019-08-21 11:14:18,724 [main] INFO  server.GrpcService (ConfUtils.java:logGet(43)) - raft.grpc.message.size.max = 33570816 (custom)
2019-08-21 11:14:18,724 [main] INFO  server.RaftServerConfigKeys (ConfUtils.java:logGet(43)) - raft.server.log.appender.buffer.byte-limit = 33554432 (custom)
2019-08-21 11:14:18,724 [main] INFO  server.GrpcService (ConfUtils.java:logGet(43)) - raft.grpc.flow.control.window = 1MB (=1048576) (default)
2019-08-21 11:14:18,725 [main] INFO  server.RaftServerConfigKeys (ConfUtils.java:logGet(43)) - raft.server.rpc.request.timeout = 3000ms (default)
2019-08-21 11:14:18,725 [main] INFO  server.RaftServerConfigKeys (ConfUtils.java:logGet(43)) - raft.server.storage.dir = [/workdir/hadoop-ozone/integration-test/target/test-dir/MiniOzoneClusterImpl-d193021e-39f1-4dac-9bda-16b6316a9a0a/datanode-4/data/ratis] (custom)
2019-08-21 11:14:18,725 [main] INFO  replication.SimpleContainerDownloader (SimpleContainerDownloader.java:<init>(72)) - Starting container downloader service to copy containers to replicate.
2019-08-21 11:14:18,726 [main] INFO  hdfs.DFSUtil (DFSUtil.java:httpServerTemplateForNNAndJN(1641)) - Starting Web-server for hddsDatanode at: http://0.0.0.0:0
2019-08-21 11:14:18,728 [main] INFO  server.AuthenticationFilter (AuthenticationFilter.java:constructSecretProvider(240)) - Unable to initialize FileSignerSecretProvider, falling back to use random secrets.
2019-08-21 11:14:18,728 [main] WARN  http.HttpRequestLog (HttpRequestLog.java:getRequestLog(97)) - Jetty request log can only be enabled using Log4j
2019-08-21 11:14:18,729 [main] INFO  http.HttpServer2 (HttpServer2.java:addGlobalFilter(975)) - Added global filter 'safety' (class=org.apache.hadoop.http.HttpServer2$QuotingInputFilter)
2019-08-21 11:14:18,730 [main] INFO  http.HttpServer2 (HttpServer2.java:addFilter(948)) - Added filter static_user_filter (class=org.apache.hadoop.http.lib.StaticUserWebFilter$StaticUserFilter) to context hddsDatanode
2019-08-21 11:14:18,730 [main] INFO  http.HttpServer2 (HttpServer2.java:addFilter(958)) - Added filter static_user_filter (class=org.apache.hadoop.http.lib.StaticUserWebFilter$StaticUserFilter) to context logs
2019-08-21 11:14:18,730 [main] INFO  http.HttpServer2 (HttpServer2.java:addFilter(958)) - Added filter static_user_filter (class=org.apache.hadoop.http.lib.StaticUserWebFilter$StaticUserFilter) to context static
2019-08-21 11:14:18,731 [main] INFO  http.HttpServer2 (HttpServer2.java:bindListener(1191)) - Jetty bound to port 42395
2019-08-21 11:14:18,731 [main] INFO  server.Server (Server.java:doStart(351)) - jetty-9.3.24.v20180605, build timestamp: 2018-06-05T17:11:56Z, git hash: 84205aa28f11a4f31f2a3b86d1bba2cc8ab69827
2019-08-21 11:14:18,733 [main] INFO  handler.ContextHandler (ContextHandler.java:doStart(781)) - Started o.e.j.s.ServletContextHandler@361a618e{/logs,file:///workdir/hadoop-ozone/integration-test/target/log,AVAILABLE}
2019-08-21 11:14:18,733 [main] INFO  handler.ContextHandler (ContextHandler.java:doStart(781)) - Started o.e.j.s.ServletContextHandler@8497c23{/static,jar:file:/home/user/.m2/repository/org/apache/hadoop/hadoop-hdds-container-service/0.5.0-SNAPSHOT/hadoop-hdds-container-service-0.5.0-SNAPSHOT.jar!/webapps/static,AVAILABLE}
2019-08-21 11:14:18,760 [main] INFO  handler.ContextHandler (ContextHandler.java:doStart(781)) - Started o.e.j.w.WebAppContext@289fff3c{/,file:///tmp/jetty-0.0.0.0-42395-hddsDatanode-_-any-2461717320216463607.dir/webapp/,AVAILABLE}{/hddsDatanode}
2019-08-21 11:14:18,760 [main] INFO  server.AbstractConnector (AbstractConnector.java:doStart(278)) - Started ServerConnector@6872201{HTTP/1.1,[http/1.1]}{0.0.0.0:42395}
2019-08-21 11:14:18,762 [main] INFO  server.Server (Server.java:doStart(419)) - Started @535997ms
2019-08-21 11:14:18,762 [main] INFO  server.BaseHttpServer (BaseHttpServer.java:updateConnectorAddress(213)) - HTTP server of HDDSDATANODE is listening at http://0.0.0.0:42395
2019-08-21 11:14:18,904 | INFO  | ObjectStoreRestHttpServer | Listening HDDS REST traffic on /0.0.0.0:45290 |  
2019-08-21 11:14:18,904 [main] INFO  ozone.HddsDatanodeService (HddsDatanodeService.java:startPlugins(395)) - Started plug-in org.apache.hadoop.ozone.web.OzoneHddsDatanodeService@5fc44b4b
2019-08-21 11:14:18,905 [main] INFO  impl.MetricsSystemImpl (MetricsSystemImpl.java:init(158)) - HddsDatanode metrics system started (again)
2019-08-21 11:14:18,909 [org.apache.hadoop.util.JvmPauseMonitor$Monitor@74e6babc] INFO  util.JvmPauseMonitor (JvmPauseMonitor.java:run(188)) - Starting JVM pause monitor
2019-08-21 11:14:18,909 [main] INFO  ozone.HddsDatanodeService (HddsDatanodeService.java:start(184)) - HddsDatanodeService host:pr-hdds-1937-2b42m-2998290358 ip:192.168.34.23
2019-08-21 11:14:18,910 [Datanode State Machine Thread - 0] INFO  datanode.InitDatanodeState (InitDatanodeState.java:persistContainerDatanodeDetails(140)) - DatanodeDetails is persisted to /workdir/hadoop-ozone/integration-test/target/test-dir/MiniOzoneClusterImpl-d193021e-39f1-4dac-9bda-16b6316a9a0a/datanode-4/meta/datanode.id
2019-08-21 11:14:18,921 [main] INFO  volume.HddsVolume (HddsVolume.java:<init>(176)) - Creating Volume: /workdir/hadoop-ozone/integration-test/target/test-dir/MiniOzoneClusterImpl-d193021e-39f1-4dac-9bda-16b6316a9a0a/datanode-5/data/containers/hdds of  storage type : DISK and capacity : 1482555576320
2019-08-21 11:14:18,921 [main] INFO  volume.VolumeSet (VolumeSet.java:initializeVolumeSet(170)) - Added Volume : /workdir/hadoop-ozone/integration-test/target/test-dir/MiniOzoneClusterImpl-d193021e-39f1-4dac-9bda-16b6316a9a0a/datanode-5/data/containers/hdds to VolumeSet
2019-08-21 11:14:18,921 [main] INFO  volume.ThrottledAsyncChecker (ThrottledAsyncChecker.java:schedule(140)) - Scheduling a check for org.apache.hadoop.ozone.container.common.volume.HddsVolume@70882cb7
2019-08-21 11:14:18,922 [main] INFO  volume.HddsVolumeChecker (HddsVolumeChecker.java:checkAllVolumes(203)) - Scheduled health check for volume org.apache.hadoop.ozone.container.common.volume.HddsVolume@70882cb7
2019-08-21 11:14:18,941 [main] INFO  impl.RaftServerProxy (ConfUtils.java:logGet(43)) - raft.rpc.type = GRPC (default)
2019-08-21 11:14:18,941 [main] INFO  grpc.GrpcFactory (GrpcFactory.java:checkPooledByteBufAllocatorUseCacheForAllThreads(45)) - PERFORMANCE WARNING: useCacheForAllThreads is true that may cause Netty to create a lot garbage objects and, as a result, trigger GC.
	It is recommended to disable useCacheForAllThreads by setting -Dorg.apache.ratis.thirdparty.io.netty.allocator.useCacheForAllThreads=false in command line.
2019-08-21 11:14:18,941 [main] INFO  grpc.GrpcConfigKeys$Server (ConfUtils.java:logGet(43)) - raft.grpc.server.port = 0 (default)
2019-08-21 11:14:18,941 [main] INFO  server.GrpcService (ConfUtils.java:logGet(43)) - raft.grpc.message.size.max = 33570816 (custom)
2019-08-21 11:14:18,941 [main] INFO  server.RaftServerConfigKeys (ConfUtils.java:logGet(43)) - raft.server.log.appender.buffer.byte-limit = 33554432 (custom)
2019-08-21 11:14:18,942 [main] INFO  server.GrpcService (ConfUtils.java:logGet(43)) - raft.grpc.flow.control.window = 1MB (=1048576) (default)
2019-08-21 11:14:18,942 [main] INFO  server.RaftServerConfigKeys (ConfUtils.java:logGet(43)) - raft.server.rpc.request.timeout = 3000ms (default)
2019-08-21 11:14:18,942 [main] INFO  server.RaftServerConfigKeys (ConfUtils.java:logGet(43)) - raft.server.storage.dir = [/workdir/hadoop-ozone/integration-test/target/test-dir/MiniOzoneClusterImpl-d193021e-39f1-4dac-9bda-16b6316a9a0a/datanode-5/data/ratis] (custom)
2019-08-21 11:14:18,943 [main] INFO  replication.SimpleContainerDownloader (SimpleContainerDownloader.java:<init>(72)) - Starting container downloader service to copy containers to replicate.
2019-08-21 11:14:18,944 [main] INFO  hdfs.DFSUtil (DFSUtil.java:httpServerTemplateForNNAndJN(1641)) - Starting Web-server for hddsDatanode at: http://0.0.0.0:0
2019-08-21 11:14:18,945 [main] INFO  server.AuthenticationFilter (AuthenticationFilter.java:constructSecretProvider(240)) - Unable to initialize FileSignerSecretProvider, falling back to use random secrets.
2019-08-21 11:14:18,946 [main] WARN  http.HttpRequestLog (HttpRequestLog.java:getRequestLog(97)) - Jetty request log can only be enabled using Log4j
2019-08-21 11:14:18,948 [main] INFO  http.HttpServer2 (HttpServer2.java:addGlobalFilter(975)) - Added global filter 'safety' (class=org.apache.hadoop.http.HttpServer2$QuotingInputFilter)
2019-08-21 11:14:18,948 [main] INFO  http.HttpServer2 (HttpServer2.java:addFilter(948)) - Added filter static_user_filter (class=org.apache.hadoop.http.lib.StaticUserWebFilter$StaticUserFilter) to context hddsDatanode
2019-08-21 11:14:18,949 [main] INFO  http.HttpServer2 (HttpServer2.java:addFilter(958)) - Added filter static_user_filter (class=org.apache.hadoop.http.lib.StaticUserWebFilter$StaticUserFilter) to context logs
2019-08-21 11:14:18,949 [main] INFO  http.HttpServer2 (HttpServer2.java:addFilter(958)) - Added filter static_user_filter (class=org.apache.hadoop.http.lib.StaticUserWebFilter$StaticUserFilter) to context static
2019-08-21 11:14:18,950 [main] INFO  http.HttpServer2 (HttpServer2.java:bindListener(1191)) - Jetty bound to port 35320
2019-08-21 11:14:18,950 [main] INFO  server.Server (Server.java:doStart(351)) - jetty-9.3.24.v20180605, build timestamp: 2018-06-05T17:11:56Z, git hash: 84205aa28f11a4f31f2a3b86d1bba2cc8ab69827
2019-08-21 11:14:18,952 [main] INFO  handler.ContextHandler (ContextHandler.java:doStart(781)) - Started o.e.j.s.ServletContextHandler@648639f1{/logs,file:///workdir/hadoop-ozone/integration-test/target/log,AVAILABLE}
2019-08-21 11:14:18,953 [main] INFO  handler.ContextHandler (ContextHandler.java:doStart(781)) - Started o.e.j.s.ServletContextHandler@1b9785aa{/static,jar:file:/home/user/.m2/repository/org/apache/hadoop/hadoop-hdds-container-service/0.5.0-SNAPSHOT/hadoop-hdds-container-service-0.5.0-SNAPSHOT.jar!/webapps/static,AVAILABLE}
2019-08-21 11:14:18,997 [main] INFO  handler.ContextHandler (ContextHandler.java:doStart(781)) - Started o.e.j.w.WebAppContext@616b2b2{/,file:///tmp/jetty-0.0.0.0-35320-hddsDatanode-_-any-3320519425990214034.dir/webapp/,AVAILABLE}{/hddsDatanode}
2019-08-21 11:14:18,998 [main] INFO  server.AbstractConnector (AbstractConnector.java:doStart(278)) - Started ServerConnector@65402e26{HTTP/1.1,[http/1.1]}{0.0.0.0:35320}
2019-08-21 11:14:19,000 [main] INFO  server.Server (Server.java:doStart(419)) - Started @536235ms
2019-08-21 11:14:19,000 [main] INFO  server.BaseHttpServer (BaseHttpServer.java:updateConnectorAddress(213)) - HTTP server of HDDSDATANODE is listening at http://0.0.0.0:35320
2019-08-21 11:14:19,118 | INFO  | ObjectStoreRestHttpServer | Listening HDDS REST traffic on /0.0.0.0:33863 |  
2019-08-21 11:14:19,118 [main] INFO  ozone.HddsDatanodeService (HddsDatanodeService.java:startPlugins(395)) - Started plug-in org.apache.hadoop.ozone.web.OzoneHddsDatanodeService@65c97eeb
2019-08-21 11:14:19,119 [main] INFO  impl.MetricsSystemImpl (MetricsSystemImpl.java:init(158)) - HddsDatanode metrics system started (again)
2019-08-21 11:14:19,123 [org.apache.hadoop.util.JvmPauseMonitor$Monitor@43f29e58] INFO  util.JvmPauseMonitor (JvmPauseMonitor.java:run(188)) - Starting JVM pause monitor
2019-08-21 11:14:19,123 [main] INFO  ozone.HddsDatanodeService (HddsDatanodeService.java:start(184)) - HddsDatanodeService host:pr-hdds-1937-2b42m-2998290358 ip:192.168.34.23
2019-08-21 11:14:19,124 [Datanode State Machine Thread - 0] INFO  datanode.InitDatanodeState (InitDatanodeState.java:persistContainerDatanodeDetails(140)) - DatanodeDetails is persisted to /workdir/hadoop-ozone/integration-test/target/test-dir/MiniOzoneClusterImpl-d193021e-39f1-4dac-9bda-16b6316a9a0a/datanode-5/meta/datanode.id
2019-08-21 11:14:19,134 [main] INFO  volume.HddsVolume (HddsVolume.java:<init>(176)) - Creating Volume: /workdir/hadoop-ozone/integration-test/target/test-dir/MiniOzoneClusterImpl-d193021e-39f1-4dac-9bda-16b6316a9a0a/datanode-6/data/containers/hdds of  storage type : DISK and capacity : 1482555576320
2019-08-21 11:14:19,134 [main] INFO  volume.VolumeSet (VolumeSet.java:initializeVolumeSet(170)) - Added Volume : /workdir/hadoop-ozone/integration-test/target/test-dir/MiniOzoneClusterImpl-d193021e-39f1-4dac-9bda-16b6316a9a0a/datanode-6/data/containers/hdds to VolumeSet
2019-08-21 11:14:19,134 [main] INFO  volume.ThrottledAsyncChecker (ThrottledAsyncChecker.java:schedule(140)) - Scheduling a check for org.apache.hadoop.ozone.container.common.volume.HddsVolume@145c6e4d
2019-08-21 11:14:19,135 [main] INFO  volume.HddsVolumeChecker (HddsVolumeChecker.java:checkAllVolumes(203)) - Scheduled health check for volume org.apache.hadoop.ozone.container.common.volume.HddsVolume@145c6e4d
2019-08-21 11:14:19,148 [main] INFO  impl.RaftServerProxy (ConfUtils.java:logGet(43)) - raft.rpc.type = GRPC (default)
2019-08-21 11:14:19,148 [main] INFO  grpc.GrpcFactory (GrpcFactory.java:checkPooledByteBufAllocatorUseCacheForAllThreads(45)) - PERFORMANCE WARNING: useCacheForAllThreads is true that may cause Netty to create a lot garbage objects and, as a result, trigger GC.
	It is recommended to disable useCacheForAllThreads by setting -Dorg.apache.ratis.thirdparty.io.netty.allocator.useCacheForAllThreads=false in command line.
2019-08-21 11:14:19,148 [main] INFO  grpc.GrpcConfigKeys$Server (ConfUtils.java:logGet(43)) - raft.grpc.server.port = 0 (default)
2019-08-21 11:14:19,149 [main] INFO  server.GrpcService (ConfUtils.java:logGet(43)) - raft.grpc.message.size.max = 33570816 (custom)
2019-08-21 11:14:19,149 [main] INFO  server.RaftServerConfigKeys (ConfUtils.java:logGet(43)) - raft.server.log.appender.buffer.byte-limit = 33554432 (custom)
2019-08-21 11:14:19,149 [main] INFO  server.GrpcService (ConfUtils.java:logGet(43)) - raft.grpc.flow.control.window = 1MB (=1048576) (default)
2019-08-21 11:14:19,149 [main] INFO  server.RaftServerConfigKeys (ConfUtils.java:logGet(43)) - raft.server.rpc.request.timeout = 3000ms (default)
2019-08-21 11:14:19,150 [main] INFO  server.RaftServerConfigKeys (ConfUtils.java:logGet(43)) - raft.server.storage.dir = [/workdir/hadoop-ozone/integration-test/target/test-dir/MiniOzoneClusterImpl-d193021e-39f1-4dac-9bda-16b6316a9a0a/datanode-6/data/ratis] (custom)
2019-08-21 11:14:19,150 [main] INFO  replication.SimpleContainerDownloader (SimpleContainerDownloader.java:<init>(72)) - Starting container downloader service to copy containers to replicate.
2019-08-21 11:14:19,151 [main] INFO  hdfs.DFSUtil (DFSUtil.java:httpServerTemplateForNNAndJN(1641)) - Starting Web-server for hddsDatanode at: http://0.0.0.0:0
2019-08-21 11:14:19,152 [main] INFO  server.AuthenticationFilter (AuthenticationFilter.java:constructSecretProvider(240)) - Unable to initialize FileSignerSecretProvider, falling back to use random secrets.
2019-08-21 11:14:19,153 [main] WARN  http.HttpRequestLog (HttpRequestLog.java:getRequestLog(97)) - Jetty request log can only be enabled using Log4j
2019-08-21 11:14:19,154 [main] INFO  http.HttpServer2 (HttpServer2.java:addGlobalFilter(975)) - Added global filter 'safety' (class=org.apache.hadoop.http.HttpServer2$QuotingInputFilter)
2019-08-21 11:14:19,155 [main] INFO  http.HttpServer2 (HttpServer2.java:addFilter(948)) - Added filter static_user_filter (class=org.apache.hadoop.http.lib.StaticUserWebFilter$StaticUserFilter) to context hddsDatanode
2019-08-21 11:14:19,155 [main] INFO  http.HttpServer2 (HttpServer2.java:addFilter(958)) - Added filter static_user_filter (class=org.apache.hadoop.http.lib.StaticUserWebFilter$StaticUserFilter) to context logs
2019-08-21 11:14:19,155 [main] INFO  http.HttpServer2 (HttpServer2.java:addFilter(958)) - Added filter static_user_filter (class=org.apache.hadoop.http.lib.StaticUserWebFilter$StaticUserFilter) to context static
2019-08-21 11:14:19,155 [main] INFO  http.HttpServer2 (HttpServer2.java:bindListener(1191)) - Jetty bound to port 45153
2019-08-21 11:14:19,156 [main] INFO  server.Server (Server.java:doStart(351)) - jetty-9.3.24.v20180605, build timestamp: 2018-06-05T17:11:56Z, git hash: 84205aa28f11a4f31f2a3b86d1bba2cc8ab69827
2019-08-21 11:14:19,161 [main] INFO  handler.ContextHandler (ContextHandler.java:doStart(781)) - Started o.e.j.s.ServletContextHandler@33ea437a{/logs,file:///workdir/hadoop-ozone/integration-test/target/log,AVAILABLE}
2019-08-21 11:14:19,161 [main] INFO  handler.ContextHandler (ContextHandler.java:doStart(781)) - Started o.e.j.s.ServletContextHandler@7aead157{/static,jar:file:/home/user/.m2/repository/org/apache/hadoop/hadoop-hdds-container-service/0.5.0-SNAPSHOT/hadoop-hdds-container-service-0.5.0-SNAPSHOT.jar!/webapps/static,AVAILABLE}
2019-08-21 11:14:19,193 [main] INFO  handler.ContextHandler (ContextHandler.java:doStart(781)) - Started o.e.j.w.WebAppContext@16c559c7{/,file:///tmp/jetty-0.0.0.0-45153-hddsDatanode-_-any-5439191293015320548.dir/webapp/,AVAILABLE}{/hddsDatanode}
2019-08-21 11:14:19,194 [main] INFO  server.AbstractConnector (AbstractConnector.java:doStart(278)) - Started ServerConnector@32a7c583{HTTP/1.1,[http/1.1]}{0.0.0.0:45153}
2019-08-21 11:14:19,207 [main] INFO  server.Server (Server.java:doStart(419)) - Started @536442ms
2019-08-21 11:14:19,208 [main] INFO  server.BaseHttpServer (BaseHttpServer.java:updateConnectorAddress(213)) - HTTP server of HDDSDATANODE is listening at http://0.0.0.0:45153
2019-08-21 11:14:19,344 | INFO  | ObjectStoreRestHttpServer | Listening HDDS REST traffic on /0.0.0.0:42293 |  
2019-08-21 11:14:19,345 [main] INFO  ozone.HddsDatanodeService (HddsDatanodeService.java:startPlugins(395)) - Started plug-in org.apache.hadoop.ozone.web.OzoneHddsDatanodeService@2a9e261d
2019-08-21 11:14:19,345 [main] INFO  ozone.MiniOzoneClusterImpl (MiniOzoneClusterImpl.java:lambda$waitForClusterToBeReady$0(142)) - Waiting for cluster to be ready. Got 0 of 7 DN Heartbeats.
2019-08-21 11:14:19,347 [org.apache.hadoop.util.JvmPauseMonitor$Monitor@639e7923] INFO  util.JvmPauseMonitor (JvmPauseMonitor.java:run(188)) - Starting JVM pause monitor
2019-08-21 11:14:19,349 [Datanode State Machine Thread - 0] INFO  datanode.InitDatanodeState (InitDatanodeState.java:persistContainerDatanodeDetails(140)) - DatanodeDetails is persisted to /workdir/hadoop-ozone/integration-test/target/test-dir/MiniOzoneClusterImpl-d193021e-39f1-4dac-9bda-16b6316a9a0a/datanode-6/meta/datanode.id
2019-08-21 11:14:19,750 | INFO  | SCMAudit | user=jenkins1000 | ip=192.168.34.23 | op=GET_VERSION null | ret=SUCCESS |  
2019-08-21 11:14:19,761 [Datanode State Machine Thread - 0] INFO  ozoneimpl.OzoneContainer (OzoneContainer.java:start(186)) - Attempting to start container services.
2019-08-21 11:14:19,761 [Datanode State Machine Thread - 0] INFO  ozoneimpl.OzoneContainer (OzoneContainer.java:startContainerScrub(160)) - Background container scrubber has been disabled by hdds.containerscrub.enabled
2019-08-21 11:14:19,761 [Datanode State Machine Thread - 0] INFO  ratis.XceiverServerRatis (XceiverServerRatis.java:start(404)) - Starting XceiverServerRatis d07e18e0-48ec-475d-bbfd-6733e1200993 at port 0
2019-08-21 11:14:19,770 [Datanode State Machine Thread - 0] INFO  impl.RaftServerProxy (RaftServerProxy.java:lambda$start$3(299)) - d07e18e0-48ec-475d-bbfd-6733e1200993: start RPC server
2019-08-21 11:14:19,773 [Datanode State Machine Thread - 0] INFO  server.GrpcService (GrpcService.java:startImpl(149)) - d07e18e0-48ec-475d-bbfd-6733e1200993: GrpcService started, listening on 0.0.0.0/0.0.0.0:34024
2019-08-21 11:14:19,773 [Datanode State Machine Thread - 0] INFO  ratis.XceiverServerRatis (XceiverServerRatis.java:start(414)) - XceiverServerRatis d07e18e0-48ec-475d-bbfd-6733e1200993 is started using port 34024
2019-08-21 11:14:19,781 [Datanode State Machine Thread - 0] INFO  server.XceiverServerGrpc (XceiverServerGrpc.java:start(161)) - XceiverServerGrpc d07e18e0-48ec-475d-bbfd-6733e1200993 is started using port 44713
2019-08-21 11:14:19,993 | INFO  | SCMAudit | user=jenkins1000 | ip=192.168.34.23 | op=GET_VERSION null | ret=SUCCESS |  
2019-08-21 11:14:20,008 [Datanode State Machine Thread - 0] INFO  ozoneimpl.OzoneContainer (OzoneContainer.java:start(186)) - Attempting to start container services.
2019-08-21 11:14:20,009 [Datanode State Machine Thread - 0] INFO  ozoneimpl.OzoneContainer (OzoneContainer.java:startContainerScrub(160)) - Background container scrubber has been disabled by hdds.containerscrub.enabled
2019-08-21 11:14:20,009 [Datanode State Machine Thread - 0] INFO  ratis.XceiverServerRatis (XceiverServerRatis.java:start(404)) - Starting XceiverServerRatis ed9e288c-0744-4497-940c-3846f34b2d6c at port 0
2019-08-21 11:14:20,016 [Datanode State Machine Thread - 0] INFO  impl.RaftServerProxy (RaftServerProxy.java:lambda$start$3(299)) - ed9e288c-0744-4497-940c-3846f34b2d6c: start RPC server
2019-08-21 11:14:20,016 [Datanode State Machine Thread - 0] INFO  server.GrpcService (GrpcService.java:startImpl(149)) - ed9e288c-0744-4497-940c-3846f34b2d6c: GrpcService started, listening on 0.0.0.0/0.0.0.0:45303
2019-08-21 11:14:20,017 [Datanode State Machine Thread - 0] INFO  ratis.XceiverServerRatis (XceiverServerRatis.java:start(414)) - XceiverServerRatis ed9e288c-0744-4497-940c-3846f34b2d6c is started using port 45303
2019-08-21 11:14:20,019 [Datanode State Machine Thread - 0] INFO  server.XceiverServerGrpc (XceiverServerGrpc.java:start(161)) - XceiverServerGrpc ed9e288c-0744-4497-940c-3846f34b2d6c is started using port 33294
2019-08-21 11:14:20,346 [main] INFO  ozone.MiniOzoneClusterImpl (MiniOzoneClusterImpl.java:lambda$waitForClusterToBeReady$0(142)) - Waiting for cluster to be ready. Got 0 of 7 DN Heartbeats.
2019-08-21 11:14:20,472 | INFO  | SCMAudit | user=jenkins1000 | ip=192.168.34.23 | op=GET_VERSION null | ret=SUCCESS |  
2019-08-21 11:14:20,485 [Datanode State Machine Thread - 0] INFO  ozoneimpl.OzoneContainer (OzoneContainer.java:start(186)) - Attempting to start container services.
2019-08-21 11:14:20,485 [Datanode State Machine Thread - 0] INFO  ozoneimpl.OzoneContainer (OzoneContainer.java:startContainerScrub(160)) - Background container scrubber has been disabled by hdds.containerscrub.enabled
2019-08-21 11:14:20,486 [Datanode State Machine Thread - 0] INFO  ratis.XceiverServerRatis (XceiverServerRatis.java:start(404)) - Starting XceiverServerRatis 37412b49-a8cf-4c76-b1e5-6ab6fc3f2cc0 at port 0
2019-08-21 11:14:20,494 [Datanode State Machine Thread - 0] INFO  impl.RaftServerProxy (RaftServerProxy.java:lambda$start$3(299)) - 37412b49-a8cf-4c76-b1e5-6ab6fc3f2cc0: start RPC server
2019-08-21 11:14:20,497 [Datanode State Machine Thread - 0] INFO  server.GrpcService (GrpcService.java:startImpl(149)) - 37412b49-a8cf-4c76-b1e5-6ab6fc3f2cc0: GrpcService started, listening on 0.0.0.0/0.0.0.0:38285
2019-08-21 11:14:20,498 [Datanode State Machine Thread - 0] INFO  ratis.XceiverServerRatis (XceiverServerRatis.java:start(414)) - XceiverServerRatis 37412b49-a8cf-4c76-b1e5-6ab6fc3f2cc0 is started using port 38285
2019-08-21 11:14:20,498 [Datanode State Machine Thread - 0] INFO  server.XceiverServerGrpc (XceiverServerGrpc.java:start(161)) - XceiverServerGrpc 37412b49-a8cf-4c76-b1e5-6ab6fc3f2cc0 is started using port 44278
2019-08-21 11:14:20,697 | INFO  | SCMAudit | user=jenkins1000 | ip=192.168.34.23 | op=GET_VERSION null | ret=SUCCESS |  
2019-08-21 11:14:20,711 [Datanode State Machine Thread - 0] INFO  ozoneimpl.OzoneContainer (OzoneContainer.java:start(186)) - Attempting to start container services.
2019-08-21 11:14:20,711 [Datanode State Machine Thread - 0] INFO  ozoneimpl.OzoneContainer (OzoneContainer.java:startContainerScrub(160)) - Background container scrubber has been disabled by hdds.containerscrub.enabled
2019-08-21 11:14:20,711 [Datanode State Machine Thread - 0] INFO  ratis.XceiverServerRatis (XceiverServerRatis.java:start(404)) - Starting XceiverServerRatis 0fe68b61-2b3a-4f4f-aa8a-648d7c166cbb at port 0
2019-08-21 11:14:20,720 [Datanode State Machine Thread - 0] INFO  impl.RaftServerProxy (RaftServerProxy.java:lambda$start$3(299)) - 0fe68b61-2b3a-4f4f-aa8a-648d7c166cbb: start RPC server
2019-08-21 11:14:20,721 [Datanode State Machine Thread - 0] INFO  server.GrpcService (GrpcService.java:startImpl(149)) - 0fe68b61-2b3a-4f4f-aa8a-648d7c166cbb: GrpcService started, listening on 0.0.0.0/0.0.0.0:46762
2019-08-21 11:14:20,721 [Datanode State Machine Thread - 0] INFO  ratis.XceiverServerRatis (XceiverServerRatis.java:start(414)) - XceiverServerRatis 0fe68b61-2b3a-4f4f-aa8a-648d7c166cbb is started using port 46762
2019-08-21 11:14:20,721 [Datanode State Machine Thread - 0] INFO  server.XceiverServerGrpc (XceiverServerGrpc.java:start(161)) - XceiverServerGrpc 0fe68b61-2b3a-4f4f-aa8a-648d7c166cbb is started using port 36609
2019-08-21 11:14:20,910 | INFO  | SCMAudit | user=jenkins1000 | ip=192.168.34.23 | op=GET_VERSION null | ret=SUCCESS |  
2019-08-21 11:14:20,935 [Datanode State Machine Thread - 0] INFO  ozoneimpl.OzoneContainer (OzoneContainer.java:start(186)) - Attempting to start container services.
2019-08-21 11:14:20,935 [Datanode State Machine Thread - 0] INFO  ozoneimpl.OzoneContainer (OzoneContainer.java:startContainerScrub(160)) - Background container scrubber has been disabled by hdds.containerscrub.enabled
2019-08-21 11:14:20,935 [Datanode State Machine Thread - 0] INFO  ratis.XceiverServerRatis (XceiverServerRatis.java:start(404)) - Starting XceiverServerRatis c596a87a-a2b8-4d47-9c90-b83d93b27bce at port 0
2019-08-21 11:14:20,942 [Datanode State Machine Thread - 0] INFO  impl.RaftServerProxy (RaftServerProxy.java:lambda$start$3(299)) - c596a87a-a2b8-4d47-9c90-b83d93b27bce: start RPC server
2019-08-21 11:14:20,943 [Datanode State Machine Thread - 0] INFO  server.GrpcService (GrpcService.java:startImpl(149)) - c596a87a-a2b8-4d47-9c90-b83d93b27bce: GrpcService started, listening on 0.0.0.0/0.0.0.0:41767
2019-08-21 11:14:20,943 [Datanode State Machine Thread - 0] INFO  ratis.XceiverServerRatis (XceiverServerRatis.java:start(414)) - XceiverServerRatis c596a87a-a2b8-4d47-9c90-b83d93b27bce is started using port 41767
2019-08-21 11:14:20,946 [Datanode State Machine Thread - 0] INFO  server.XceiverServerGrpc (XceiverServerGrpc.java:start(161)) - XceiverServerGrpc c596a87a-a2b8-4d47-9c90-b83d93b27bce is started using port 40561
2019-08-21 11:14:21,124 | INFO  | SCMAudit | user=jenkins1000 | ip=192.168.34.23 | op=GET_VERSION null | ret=SUCCESS |  
2019-08-21 11:14:21,138 [Datanode State Machine Thread - 0] INFO  ozoneimpl.OzoneContainer (OzoneContainer.java:start(186)) - Attempting to start container services.
2019-08-21 11:14:21,138 [Datanode State Machine Thread - 0] INFO  ozoneimpl.OzoneContainer (OzoneContainer.java:startContainerScrub(160)) - Background container scrubber has been disabled by hdds.containerscrub.enabled
2019-08-21 11:14:21,138 [Datanode State Machine Thread - 0] INFO  ratis.XceiverServerRatis (XceiverServerRatis.java:start(404)) - Starting XceiverServerRatis f4b96d6d-5834-4237-9c77-9d8fb94db68a at port 0
2019-08-21 11:14:21,146 [Datanode State Machine Thread - 0] INFO  impl.RaftServerProxy (RaftServerProxy.java:lambda$start$3(299)) - f4b96d6d-5834-4237-9c77-9d8fb94db68a: start RPC server
2019-08-21 11:14:21,147 [Datanode State Machine Thread - 0] INFO  server.GrpcService (GrpcService.java:startImpl(149)) - f4b96d6d-5834-4237-9c77-9d8fb94db68a: GrpcService started, listening on 0.0.0.0/0.0.0.0:40742
2019-08-21 11:14:21,147 [Datanode State Machine Thread - 0] INFO  ratis.XceiverServerRatis (XceiverServerRatis.java:start(414)) - XceiverServerRatis f4b96d6d-5834-4237-9c77-9d8fb94db68a is started using port 40742
2019-08-21 11:14:21,150 [Datanode State Machine Thread - 0] INFO  server.XceiverServerGrpc (XceiverServerGrpc.java:start(161)) - XceiverServerGrpc f4b96d6d-5834-4237-9c77-9d8fb94db68a is started using port 39940
2019-08-21 11:14:21,346 [main] INFO  ozone.MiniOzoneClusterImpl (MiniOzoneClusterImpl.java:lambda$waitForClusterToBeReady$0(142)) - Waiting for cluster to be ready. Got 0 of 7 DN Heartbeats.
2019-08-21 11:14:21,348 | INFO  | SCMAudit | user=jenkins1000 | ip=192.168.34.23 | op=GET_VERSION null | ret=SUCCESS |  
2019-08-21 11:14:21,362 [Datanode State Machine Thread - 0] INFO  ozoneimpl.OzoneContainer (OzoneContainer.java:start(186)) - Attempting to start container services.
2019-08-21 11:14:21,362 [Datanode State Machine Thread - 0] INFO  ozoneimpl.OzoneContainer (OzoneContainer.java:startContainerScrub(160)) - Background container scrubber has been disabled by hdds.containerscrub.enabled
2019-08-21 11:14:21,362 [Datanode State Machine Thread - 0] INFO  ratis.XceiverServerRatis (XceiverServerRatis.java:start(404)) - Starting XceiverServerRatis 430f0a46-4fd4-4998-b8d2-ebf7f49c572d at port 0
2019-08-21 11:14:21,371 [Datanode State Machine Thread - 0] INFO  impl.RaftServerProxy (RaftServerProxy.java:lambda$start$3(299)) - 430f0a46-4fd4-4998-b8d2-ebf7f49c572d: start RPC server
2019-08-21 11:14:21,372 [Datanode State Machine Thread - 0] INFO  server.GrpcService (GrpcService.java:startImpl(149)) - 430f0a46-4fd4-4998-b8d2-ebf7f49c572d: GrpcService started, listening on 0.0.0.0/0.0.0.0:38761
2019-08-21 11:14:21,372 [Datanode State Machine Thread - 0] INFO  ratis.XceiverServerRatis (XceiverServerRatis.java:start(414)) - XceiverServerRatis 430f0a46-4fd4-4998-b8d2-ebf7f49c572d is started using port 38761
2019-08-21 11:14:21,373 [Datanode State Machine Thread - 0] INFO  server.XceiverServerGrpc (XceiverServerGrpc.java:start(161)) - XceiverServerGrpc 430f0a46-4fd4-4998-b8d2-ebf7f49c572d is started using port 33148
2019-08-21 11:14:21,749 [IPC Server handler 1 on 42202] INFO  net.NetworkTopology (NetworkTopologyImpl.java:add(110)) - Added a new node: /default-rack/d07e18e0-48ec-475d-bbfd-6733e1200993
2019-08-21 11:14:21,753 [IPC Server handler 1 on 42202] INFO  node.SCMNodeManager (SCMNodeManager.java:register(273)) - Registered Data node : d07e18e0-48ec-475d-bbfd-6733e1200993{ip: 192.168.34.23, host: pr-hdds-1937-2b42m-2998290358, networkLocation: /default-rack, certSerialId: null}
2019-08-21 11:14:21,754 [EventQueue-NodeRegistrationContainerReportForDataNodeSafeModeRule] INFO  safemode.SCMSafeModeManager (DataNodeSafeModeRule.java:process(71)) - SCM in safe mode. 1 DataNodes registered, 1 required.
2019-08-21 11:14:21,756 | INFO  | SCMAudit | user=jenkins1000 | ip=192.168.34.23 | op=REGISTER {datanodeDetails=d07e18e0-48ec-475d-bbfd-6733e1200993{ip: 192.168.34.23, host: pr-hdds-1937-2b42m-2998290358, networkLocation: /default-rack, certSerialId: null}} | ret=SUCCESS |  
2019-08-21 11:14:21,756 [EventQueue-NodeRegistrationContainerReportForContainerSafeModeRule] INFO  safemode.SCMSafeModeManager (SCMSafeModeManager.java:validateSafeModeExitRules(177)) - ScmSafeModeManager, all rules are successfully validated
2019-08-21 11:14:21,756 [EventQueue-NodeRegistrationContainerReportForContainerSafeModeRule] INFO  safemode.SCMSafeModeManager (SCMSafeModeManager.java:exitSafeMode(193)) - SCM exiting safe mode.
2019-08-21 11:14:21,779 [grpc-default-executor-12] INFO  impl.RaftServerProxy (RaftServerProxy.java:addNew(89)) - d07e18e0-48ec-475d-bbfd-6733e1200993: addNew group-993CA36B5328:[d07e18e0-48ec-475d-bbfd-6733e1200993:192.168.34.23:34024] returns group-993CA36B5328:java.util.concurrent.CompletableFuture@b24cc09[Not completed]
2019-08-21 11:14:21,782 [pool-439-thread-1] INFO  impl.RaftServerImpl (RaftServerImpl.java:<init>(93)) - d07e18e0-48ec-475d-bbfd-6733e1200993: new RaftServerImpl for group-993CA36B5328:[d07e18e0-48ec-475d-bbfd-6733e1200993:192.168.34.23:34024] with ContainerStateMachine:uninitialized
2019-08-21 11:14:21,782 [pool-439-thread-1] INFO  server.RaftServerConfigKeys (ConfUtils.java:logGet(43)) - raft.server.rpc.timeout.min = 5s (custom)
2019-08-21 11:14:21,782 [pool-439-thread-1] INFO  server.RaftServerConfigKeys (ConfUtils.java:logGet(43)) - raft.server.rpc.timeout.max = 5200ms (custom)
2019-08-21 11:14:21,782 [pool-439-thread-1] INFO  server.RaftServerConfigKeys (ConfUtils.java:logGet(43)) - raft.server.rpcslowness.timeout = 120s (custom)
2019-08-21 11:14:21,783 [pool-439-thread-1] INFO  server.RaftServerConfigKeys (ConfUtils.java:logGet(43)) - raft.server.sleep.deviation.threshold = 300 (default)
2019-08-21 11:14:21,783 [pool-439-thread-1] INFO  server.RaftServerConfigKeys (ConfUtils.java:logGet(43)) - raft.server.log.appender.install.snapshot.enabled = false (custom)
2019-08-21 11:14:21,783 [pool-439-thread-1] INFO  impl.RaftServerImpl (ServerState.java:<init>(105)) - d07e18e0-48ec-475d-bbfd-6733e1200993:group-993CA36B5328 ConfigurationManager, init=-1: [d07e18e0-48ec-475d-bbfd-6733e1200993:192.168.34.23:34024], old=null, confs=<EMPTY_MAP>
2019-08-21 11:14:21,784 [pool-439-thread-1] INFO  server.RaftServerConfigKeys (ConfUtils.java:logGet(43)) - raft.server.storage.dir = [/workdir/hadoop-ozone/integration-test/target/test-dir/MiniOzoneClusterImpl-d193021e-39f1-4dac-9bda-16b6316a9a0a/datanode-0/data/ratis] (custom)
2019-08-21 11:14:21,784 [pool-439-thread-1] INFO  storage.RaftStorageDirectory (RaftStorageDirectory.java:analyzeStorage(246)) - The storage directory /workdir/hadoop-ozone/integration-test/target/test-dir/MiniOzoneClusterImpl-d193021e-39f1-4dac-9bda-16b6316a9a0a/datanode-0/data/ratis/c6986d20-2aeb-4f7d-9191-993ca36b5328 does not exist. Creating ...
2019-08-21 11:14:21,798 [pool-439-thread-1] INFO  storage.RaftStorageDirectory (RaftStorageDirectory.java:tryLock(328)) - Lock on /workdir/hadoop-ozone/integration-test/target/test-dir/MiniOzoneClusterImpl-d193021e-39f1-4dac-9bda-16b6316a9a0a/datanode-0/data/ratis/c6986d20-2aeb-4f7d-9191-993ca36b5328/in_use.lock acquired by nodename 12037@pr-hdds-1937-2b42m-2998290358
2019-08-21 11:14:21,812 [pool-439-thread-1] INFO  storage.RaftStorage (RaftStorage.java:format(72)) - Storage directory /workdir/hadoop-ozone/integration-test/target/test-dir/MiniOzoneClusterImpl-d193021e-39f1-4dac-9bda-16b6316a9a0a/datanode-0/data/ratis/c6986d20-2aeb-4f7d-9191-993ca36b5328 has been successfully formatted.
2019-08-21 11:14:21,812 [pool-439-thread-1] INFO  ratis.ContainerStateMachine (ContainerStateMachine.java:loadSnapshot(226)) - group-993CA36B5328: The snapshot info is null. Setting the last applied indexto:(t:0, i:~)
2019-08-21 11:14:21,813 [pool-439-thread-1] INFO  server.RaftServerConfigKeys (ConfUtils.java:logGet(43)) - raft.server.leader.election.timeout = 120s (custom)
2019-08-21 11:14:21,813 [pool-439-thread-1] INFO  server.RaftServerConfigKeys (ConfUtils.java:logGet(43)) - raft.server.log.use.memory = false (default)
2019-08-21 11:14:21,813 [pool-439-thread-1] INFO  server.RaftServerConfigKeys (ConfUtils.java:logGet(43)) - raft.server.log.purge.gap = 1000000 (custom)
2019-08-21 11:14:21,813 [pool-439-thread-1] INFO  server.RaftServerConfigKeys (ConfUtils.java:logGet(43)) - raft.server.log.appender.buffer.byte-limit = 33554432 (custom)
2019-08-21 11:14:21,813 [pool-439-thread-1] INFO  server.RaftServerConfigKeys (ConfUtils.java:logGet(43)) - raft.server.log.segment.size.max = 1048576 (custom)
2019-08-21 11:14:21,814 [pool-439-thread-1] INFO  server.RaftServerConfigKeys (ConfUtils.java:logGet(43)) - raft.server.log.segment.cache.num.max = 2 (custom)
2019-08-21 11:14:21,814 [pool-439-thread-1] INFO  segmented.SegmentedRaftLogWorker (SegmentedRaftLogWorker.java:<init>(172)) - new d07e18e0-48ec-475d-bbfd-6733e1200993-SegmentedRaftLogWorker:Storage Directory /workdir/hadoop-ozone/integration-test/target/test-dir/MiniOzoneClusterImpl-d193021e-39f1-4dac-9bda-16b6316a9a0a/datanode-0/data/ratis/c6986d20-2aeb-4f7d-9191-993ca36b5328 for RaftStorage:Storage Directory /workdir/hadoop-ozone/integration-test/target/test-dir/MiniOzoneClusterImpl-d193021e-39f1-4dac-9bda-16b6316a9a0a/datanode-0/data/ratis/c6986d20-2aeb-4f7d-9191-993ca36b5328
2019-08-21 11:14:21,814 [pool-439-thread-1] INFO  server.RaftServerConfigKeys (ConfUtils.java:logGet(43)) - raft.server.log.queue.byte-limit = 2147483647 (custom)
2019-08-21 11:14:21,814 [pool-439-thread-1] INFO  server.RaftServerConfigKeys (ConfUtils.java:logGet(43)) - raft.server.log.queue.element-limit = 1024 (custom)
2019-08-21 11:14:21,815 [pool-439-thread-1] INFO  server.RaftServerConfigKeys (ConfUtils.java:logGet(43)) - raft.server.log.segment.size.max = 1048576 (custom)
2019-08-21 11:14:21,815 [pool-439-thread-1] INFO  server.RaftServerConfigKeys (ConfUtils.java:logGet(43)) - raft.server.log.preallocated.size = 16384 (custom)
2019-08-21 11:14:21,815 [pool-439-thread-1] INFO  server.RaftServerConfigKeys (ConfUtils.java:logGet(43)) - raft.server.log.write.buffer.size = 33554432 (custom)
2019-08-21 11:14:21,815 [pool-439-thread-1] INFO  server.RaftServerConfigKeys (ConfUtils.java:logGet(43)) - raft.server.log.force.sync.num = 128 (default)
2019-08-21 11:14:21,815 [pool-439-thread-1] INFO  server.RaftServerConfigKeys (ConfUtils.java:logGet(43)) - raft.server.log.statemachine.data.sync = true (default)
2019-08-21 11:14:21,815 [pool-439-thread-1] INFO  server.RaftServerConfigKeys (ConfUtils.java:logGet(43)) - raft.server.log.statemachine.data.sync.timeout = 10s (default)
2019-08-21 11:14:21,815 [pool-439-thread-1] INFO  server.RaftServerConfigKeys (ConfUtils.java:logGet(43)) - raft.server.log.statemachine.data.sync.timeout.retry = -1 (default)
2019-08-21 11:14:21,816 [pool-439-thread-1] INFO  server.RaftServerConfigKeys (ConfUtils.java:logGet(43)) - raft.server.log.statemachine.data.caching.enabled = true (custom)
2019-08-21 11:14:21,817 [pool-439-thread-1] INFO  segmented.SegmentedRaftLogWorker (SegmentedRaftLogWorker.java:lambda$new$0(132)) - d07e18e0-48ec-475d-bbfd-6733e1200993-SegmentedRaftLogWorker:Storage Directory /workdir/hadoop-ozone/integration-test/target/test-dir/MiniOzoneClusterImpl-d193021e-39f1-4dac-9bda-16b6316a9a0a/datanode-0/data/ratis/c6986d20-2aeb-4f7d-9191-993ca36b5328: flushIndex: setUnconditionally 0 -> -1
2019-08-21 11:14:21,818 [pool-439-thread-1] INFO  server.RaftServerConfigKeys (ConfUtils.java:logGet(43)) - raft.server.snapshot.auto.trigger.enabled = true (custom)
2019-08-21 11:14:21,818 [pool-439-thread-1] INFO  server.RaftServerConfigKeys (ConfUtils.java:logGet(43)) - raft.server.snapshot.auto.trigger.threshold = 10000 (custom)
2019-08-21 11:14:21,818 [pool-439-thread-1] INFO  server.RaftServerConfigKeys (ConfUtils.java:logGet(43)) - raft.server.retrycache.expirytime = 600000ms (custom)
2019-08-21 11:14:21,818 [pool-439-thread-1] INFO  impl.RaftServerImpl (RaftServerImpl.java:start(180)) - d07e18e0-48ec-475d-bbfd-6733e1200993: start group-993CA36B5328
2019-08-21 11:14:21,819 [pool-439-thread-1] INFO  impl.RaftServerImpl (RaftServerImpl.java:setRole(171)) - d07e18e0-48ec-475d-bbfd-6733e1200993:group-993CA36B5328 changes role from null to FOLLOWER at term 0 for startAsFollower
2019-08-21 11:14:21,819 [pool-439-thread-1] INFO  impl.RoleInfo (RoleInfo.java:updateAndGet(143)) - d07e18e0-48ec-475d-bbfd-6733e1200993: start FollowerState
2019-08-21 11:14:21,830 [pool-439-thread-1] INFO  util.JmxRegister (JmxRegister.java:tryRegister(44)) - Successfully registered JMX Bean with object name Ratis:service=RaftServer,group=group-993CA36B5328,id=d07e18e0-48ec-475d-bbfd-6733e1200993
2019-08-21 11:14:21,840 [RatisPipelineUtilsThread] INFO  pipeline.PipelineStateManager (PipelineStateManager.java:addPipeline(56)) - Created pipeline Pipeline[ Id: c6986d20-2aeb-4f7d-9191-993ca36b5328, Nodes: d07e18e0-48ec-475d-bbfd-6733e1200993{ip: 192.168.34.23, host: pr-hdds-1937-2b42m-2998290358, networkLocation: /default-rack, certSerialId: null}, Type:RATIS, Factor:ONE, State:OPEN]
2019-08-21 11:14:21,993 [IPC Server handler 4 on 42202] INFO  net.NetworkTopology (NetworkTopologyImpl.java:add(110)) - Added a new node: /default-rack/ed9e288c-0744-4497-940c-3846f34b2d6c
2019-08-21 11:14:21,993 [IPC Server handler 4 on 42202] INFO  node.SCMNodeManager (SCMNodeManager.java:register(273)) - Registered Data node : ed9e288c-0744-4497-940c-3846f34b2d6c{ip: 192.168.34.23, host: pr-hdds-1937-2b42m-2998290358, networkLocation: /default-rack, certSerialId: null}
2019-08-21 11:14:21,993 | INFO  | SCMAudit | user=jenkins1000 | ip=192.168.34.23 | op=REGISTER {datanodeDetails=ed9e288c-0744-4497-940c-3846f34b2d6c{ip: 192.168.34.23, host: pr-hdds-1937-2b42m-2998290358, networkLocation: /default-rack, certSerialId: null}} | ret=SUCCESS |  
2019-08-21 11:14:22,000 [grpc-default-executor-12] INFO  impl.RaftServerProxy (RaftServerProxy.java:addNew(89)) - ed9e288c-0744-4497-940c-3846f34b2d6c: addNew group-4FA137C6D0F7:[ed9e288c-0744-4497-940c-3846f34b2d6c:192.168.34.23:45303] returns group-4FA137C6D0F7:java.util.concurrent.CompletableFuture@7a115a39[Not completed]
2019-08-21 11:14:22,002 [pool-450-thread-1] INFO  impl.RaftServerImpl (RaftServerImpl.java:<init>(93)) - ed9e288c-0744-4497-940c-3846f34b2d6c: new RaftServerImpl for group-4FA137C6D0F7:[ed9e288c-0744-4497-940c-3846f34b2d6c:192.168.34.23:45303] with ContainerStateMachine:uninitialized
2019-08-21 11:14:22,002 [pool-450-thread-1] INFO  server.RaftServerConfigKeys (ConfUtils.java:logGet(43)) - raft.server.rpc.timeout.min = 5s (custom)
2019-08-21 11:14:22,002 [pool-450-thread-1] INFO  server.RaftServerConfigKeys (ConfUtils.java:logGet(43)) - raft.server.rpc.timeout.max = 5200ms (custom)
2019-08-21 11:14:22,002 [pool-450-thread-1] INFO  server.RaftServerConfigKeys (ConfUtils.java:logGet(43)) - raft.server.rpcslowness.timeout = 120s (custom)
2019-08-21 11:14:22,003 [pool-450-thread-1] INFO  server.RaftServerConfigKeys (ConfUtils.java:logGet(43)) - raft.server.sleep.deviation.threshold = 300 (default)
2019-08-21 11:14:22,003 [pool-450-thread-1] INFO  server.RaftServerConfigKeys (ConfUtils.java:logGet(43)) - raft.server.log.appender.install.snapshot.enabled = false (custom)
2019-08-21 11:14:22,003 [pool-450-thread-1] INFO  impl.RaftServerImpl (ServerState.java:<init>(105)) - ed9e288c-0744-4497-940c-3846f34b2d6c:group-4FA137C6D0F7 ConfigurationManager, init=-1: [ed9e288c-0744-4497-940c-3846f34b2d6c:192.168.34.23:45303], old=null, confs=<EMPTY_MAP>
2019-08-21 11:14:22,003 [pool-450-thread-1] INFO  server.RaftServerConfigKeys (ConfUtils.java:logGet(43)) - raft.server.storage.dir = [/workdir/hadoop-ozone/integration-test/target/test-dir/MiniOzoneClusterImpl-d193021e-39f1-4dac-9bda-16b6316a9a0a/datanode-1/data/ratis] (custom)
2019-08-21 11:14:22,004 [pool-450-thread-1] INFO  storage.RaftStorageDirectory (RaftStorageDirectory.java:analyzeStorage(246)) - The storage directory /workdir/hadoop-ozone/integration-test/target/test-dir/MiniOzoneClusterImpl-d193021e-39f1-4dac-9bda-16b6316a9a0a/datanode-1/data/ratis/0d203911-86b4-4e9f-af22-4fa137c6d0f7 does not exist. Creating ...
2019-08-21 11:14:22,017 [pool-450-thread-1] INFO  storage.RaftStorageDirectory (RaftStorageDirectory.java:tryLock(328)) - Lock on /workdir/hadoop-ozone/integration-test/target/test-dir/MiniOzoneClusterImpl-d193021e-39f1-4dac-9bda-16b6316a9a0a/datanode-1/data/ratis/0d203911-86b4-4e9f-af22-4fa137c6d0f7/in_use.lock acquired by nodename 12037@pr-hdds-1937-2b42m-2998290358
2019-08-21 11:14:22,034 [pool-450-thread-1] INFO  storage.RaftStorage (RaftStorage.java:format(72)) - Storage directory /workdir/hadoop-ozone/integration-test/target/test-dir/MiniOzoneClusterImpl-d193021e-39f1-4dac-9bda-16b6316a9a0a/datanode-1/data/ratis/0d203911-86b4-4e9f-af22-4fa137c6d0f7 has been successfully formatted.
2019-08-21 11:14:22,035 [pool-450-thread-1] INFO  ratis.ContainerStateMachine (ContainerStateMachine.java:loadSnapshot(226)) - group-4FA137C6D0F7: The snapshot info is null. Setting the last applied indexto:(t:0, i:~)
2019-08-21 11:14:22,035 [pool-450-thread-1] INFO  server.RaftServerConfigKeys (ConfUtils.java:logGet(43)) - raft.server.leader.election.timeout = 120s (custom)
2019-08-21 11:14:22,035 [pool-450-thread-1] INFO  server.RaftServerConfigKeys (ConfUtils.java:logGet(43)) - raft.server.log.use.memory = false (default)
2019-08-21 11:14:22,035 [pool-450-thread-1] INFO  server.RaftServerConfigKeys (ConfUtils.java:logGet(43)) - raft.server.log.purge.gap = 1000000 (custom)
2019-08-21 11:14:22,035 [pool-450-thread-1] INFO  server.RaftServerConfigKeys (ConfUtils.java:logGet(43)) - raft.server.log.appender.buffer.byte-limit = 33554432 (custom)
2019-08-21 11:14:22,035 [pool-450-thread-1] INFO  server.RaftServerConfigKeys (ConfUtils.java:logGet(43)) - raft.server.log.segment.size.max = 1048576 (custom)
2019-08-21 11:14:22,036 [pool-450-thread-1] INFO  server.RaftServerConfigKeys (ConfUtils.java:logGet(43)) - raft.server.log.segment.cache.num.max = 2 (custom)
2019-08-21 11:14:22,036 [pool-450-thread-1] INFO  segmented.SegmentedRaftLogWorker (SegmentedRaftLogWorker.java:<init>(172)) - new ed9e288c-0744-4497-940c-3846f34b2d6c-SegmentedRaftLogWorker:Storage Directory /workdir/hadoop-ozone/integration-test/target/test-dir/MiniOzoneClusterImpl-d193021e-39f1-4dac-9bda-16b6316a9a0a/datanode-1/data/ratis/0d203911-86b4-4e9f-af22-4fa137c6d0f7 for RaftStorage:Storage Directory /workdir/hadoop-ozone/integration-test/target/test-dir/MiniOzoneClusterImpl-d193021e-39f1-4dac-9bda-16b6316a9a0a/datanode-1/data/ratis/0d203911-86b4-4e9f-af22-4fa137c6d0f7
2019-08-21 11:14:22,036 [pool-450-thread-1] INFO  server.RaftServerConfigKeys (ConfUtils.java:logGet(43)) - raft.server.log.queue.byte-limit = 2147483647 (custom)
2019-08-21 11:14:22,036 [pool-450-thread-1] INFO  server.RaftServerConfigKeys (ConfUtils.java:logGet(43)) - raft.server.log.queue.element-limit = 1024 (custom)
2019-08-21 11:14:22,037 [pool-450-thread-1] INFO  server.RaftServerConfigKeys (ConfUtils.java:logGet(43)) - raft.server.log.segment.size.max = 1048576 (custom)
2019-08-21 11:14:22,037 [pool-450-thread-1] INFO  server.RaftServerConfigKeys (ConfUtils.java:logGet(43)) - raft.server.log.preallocated.size = 16384 (custom)
2019-08-21 11:14:22,037 [pool-450-thread-1] INFO  server.RaftServerConfigKeys (ConfUtils.java:logGet(43)) - raft.server.log.write.buffer.size = 33554432 (custom)
2019-08-21 11:14:22,037 [pool-450-thread-1] INFO  server.RaftServerConfigKeys (ConfUtils.java:logGet(43)) - raft.server.log.force.sync.num = 128 (default)
2019-08-21 11:14:22,037 [pool-450-thread-1] INFO  server.RaftServerConfigKeys (ConfUtils.java:logGet(43)) - raft.server.log.statemachine.data.sync = true (default)
2019-08-21 11:14:22,037 [pool-450-thread-1] INFO  server.RaftServerConfigKeys (ConfUtils.java:logGet(43)) - raft.server.log.statemachine.data.sync.timeout = 10s (default)
2019-08-21 11:14:22,038 [pool-450-thread-1] INFO  server.RaftServerConfigKeys (ConfUtils.java:logGet(43)) - raft.server.log.statemachine.data.sync.timeout.retry = -1 (default)
2019-08-21 11:14:22,038 [pool-450-thread-1] INFO  server.RaftServerConfigKeys (ConfUtils.java:logGet(43)) - raft.server.log.statemachine.data.caching.enabled = true (custom)
2019-08-21 11:14:22,038 [pool-450-thread-1] INFO  segmented.SegmentedRaftLogWorker (SegmentedRaftLogWorker.java:lambda$new$0(132)) - ed9e288c-0744-4497-940c-3846f34b2d6c-SegmentedRaftLogWorker:Storage Directory /workdir/hadoop-ozone/integration-test/target/test-dir/MiniOzoneClusterImpl-d193021e-39f1-4dac-9bda-16b6316a9a0a/datanode-1/data/ratis/0d203911-86b4-4e9f-af22-4fa137c6d0f7: flushIndex: setUnconditionally 0 -> -1
2019-08-21 11:14:22,039 [pool-450-thread-1] INFO  server.RaftServerConfigKeys (ConfUtils.java:logGet(43)) - raft.server.snapshot.auto.trigger.enabled = true (custom)
2019-08-21 11:14:22,039 [pool-450-thread-1] INFO  server.RaftServerConfigKeys (ConfUtils.java:logGet(43)) - raft.server.snapshot.auto.trigger.threshold = 10000 (custom)
2019-08-21 11:14:22,039 [pool-450-thread-1] INFO  server.RaftServerConfigKeys (ConfUtils.java:logGet(43)) - raft.server.retrycache.expirytime = 600000ms (custom)
2019-08-21 11:14:22,039 [pool-450-thread-1] INFO  impl.RaftServerImpl (RaftServerImpl.java:start(180)) - ed9e288c-0744-4497-940c-3846f34b2d6c: start group-4FA137C6D0F7
2019-08-21 11:14:22,039 [pool-450-thread-1] INFO  impl.RaftServerImpl (RaftServerImpl.java:setRole(171)) - ed9e288c-0744-4497-940c-3846f34b2d6c:group-4FA137C6D0F7 changes role from null to FOLLOWER at term 0 for startAsFollower
2019-08-21 11:14:22,040 [pool-450-thread-1] INFO  impl.RoleInfo (RoleInfo.java:updateAndGet(143)) - ed9e288c-0744-4497-940c-3846f34b2d6c: start FollowerState
2019-08-21 11:14:22,040 [pool-450-thread-1] INFO  util.JmxRegister (JmxRegister.java:tryRegister(44)) - Successfully registered JMX Bean with object name Ratis:service=RaftServer,group=group-4FA137C6D0F7,id=ed9e288c-0744-4497-940c-3846f34b2d6c
2019-08-21 11:14:22,042 [RatisPipelineUtilsThread] INFO  pipeline.PipelineStateManager (PipelineStateManager.java:addPipeline(56)) - Created pipeline Pipeline[ Id: 0d203911-86b4-4e9f-af22-4fa137c6d0f7, Nodes: ed9e288c-0744-4497-940c-3846f34b2d6c{ip: 192.168.34.23, host: pr-hdds-1937-2b42m-2998290358, networkLocation: /default-rack, certSerialId: null}, Type:RATIS, Factor:ONE, State:OPEN]
2019-08-21 11:14:22,346 [main] INFO  ozone.MiniOzoneClusterImpl (MiniOzoneClusterImpl.java:lambda$waitForClusterToBeReady$0(142)) - Waiting for cluster to be ready. Got 2 of 7 DN Heartbeats.
2019-08-21 11:14:22,472 [IPC Server handler 1 on 42202] INFO  net.NetworkTopology (NetworkTopologyImpl.java:add(110)) - Added a new node: /default-rack/37412b49-a8cf-4c76-b1e5-6ab6fc3f2cc0
2019-08-21 11:14:22,472 [IPC Server handler 1 on 42202] INFO  node.SCMNodeManager (SCMNodeManager.java:register(273)) - Registered Data node : 37412b49-a8cf-4c76-b1e5-6ab6fc3f2cc0{ip: 192.168.34.23, host: pr-hdds-1937-2b42m-2998290358, networkLocation: /default-rack, certSerialId: null}
2019-08-21 11:14:22,476 | INFO  | SCMAudit | user=jenkins1000 | ip=192.168.34.23 | op=REGISTER {datanodeDetails=37412b49-a8cf-4c76-b1e5-6ab6fc3f2cc0{ip: 192.168.34.23, host: pr-hdds-1937-2b42m-2998290358, networkLocation: /default-rack, certSerialId: null}} | ret=SUCCESS |  
2019-08-21 11:14:22,484 [grpc-default-executor-12] INFO  impl.RaftServerProxy (RaftServerProxy.java:addNew(89)) - 37412b49-a8cf-4c76-b1e5-6ab6fc3f2cc0: addNew group-C21655039710:[37412b49-a8cf-4c76-b1e5-6ab6fc3f2cc0:192.168.34.23:38285] returns group-C21655039710:java.util.concurrent.CompletableFuture@3023c27f[Not completed]
2019-08-21 11:14:22,486 [pool-461-thread-1] INFO  impl.RaftServerImpl (RaftServerImpl.java:<init>(93)) - 37412b49-a8cf-4c76-b1e5-6ab6fc3f2cc0: new RaftServerImpl for group-C21655039710:[37412b49-a8cf-4c76-b1e5-6ab6fc3f2cc0:192.168.34.23:38285] with ContainerStateMachine:uninitialized
2019-08-21 11:14:22,486 [pool-461-thread-1] INFO  server.RaftServerConfigKeys (ConfUtils.java:logGet(43)) - raft.server.rpc.timeout.min = 5s (custom)
2019-08-21 11:14:22,487 [pool-461-thread-1] INFO  server.RaftServerConfigKeys (ConfUtils.java:logGet(43)) - raft.server.rpc.timeout.max = 5200ms (custom)
2019-08-21 11:14:22,487 [pool-461-thread-1] INFO  server.RaftServerConfigKeys (ConfUtils.java:logGet(43)) - raft.server.rpcslowness.timeout = 120s (custom)
2019-08-21 11:14:22,487 [pool-461-thread-1] INFO  server.RaftServerConfigKeys (ConfUtils.java:logGet(43)) - raft.server.sleep.deviation.threshold = 300 (default)
2019-08-21 11:14:22,487 [pool-461-thread-1] INFO  server.RaftServerConfigKeys (ConfUtils.java:logGet(43)) - raft.server.log.appender.install.snapshot.enabled = false (custom)
2019-08-21 11:14:22,487 [pool-461-thread-1] INFO  impl.RaftServerImpl (ServerState.java:<init>(105)) - 37412b49-a8cf-4c76-b1e5-6ab6fc3f2cc0:group-C21655039710 ConfigurationManager, init=-1: [37412b49-a8cf-4c76-b1e5-6ab6fc3f2cc0:192.168.34.23:38285], old=null, confs=<EMPTY_MAP>
2019-08-21 11:14:22,487 [pool-461-thread-1] INFO  server.RaftServerConfigKeys (ConfUtils.java:logGet(43)) - raft.server.storage.dir = [/workdir/hadoop-ozone/integration-test/target/test-dir/MiniOzoneClusterImpl-d193021e-39f1-4dac-9bda-16b6316a9a0a/datanode-2/data/ratis] (custom)
2019-08-21 11:14:22,488 [pool-461-thread-1] INFO  storage.RaftStorageDirectory (RaftStorageDirectory.java:analyzeStorage(246)) - The storage directory /workdir/hadoop-ozone/integration-test/target/test-dir/MiniOzoneClusterImpl-d193021e-39f1-4dac-9bda-16b6316a9a0a/datanode-2/data/ratis/05301f5c-bfcf-4412-9f5d-c21655039710 does not exist. Creating ...
2019-08-21 11:14:22,501 [pool-461-thread-1] INFO  storage.RaftStorageDirectory (RaftStorageDirectory.java:tryLock(328)) - Lock on /workdir/hadoop-ozone/integration-test/target/test-dir/MiniOzoneClusterImpl-d193021e-39f1-4dac-9bda-16b6316a9a0a/datanode-2/data/ratis/05301f5c-bfcf-4412-9f5d-c21655039710/in_use.lock acquired by nodename 12037@pr-hdds-1937-2b42m-2998290358
2019-08-21 11:14:22,515 [pool-461-thread-1] INFO  storage.RaftStorage (RaftStorage.java:format(72)) - Storage directory /workdir/hadoop-ozone/integration-test/target/test-dir/MiniOzoneClusterImpl-d193021e-39f1-4dac-9bda-16b6316a9a0a/datanode-2/data/ratis/05301f5c-bfcf-4412-9f5d-c21655039710 has been successfully formatted.
2019-08-21 11:14:22,515 [pool-461-thread-1] INFO  ratis.ContainerStateMachine (ContainerStateMachine.java:loadSnapshot(226)) - group-C21655039710: The snapshot info is null. Setting the last applied indexto:(t:0, i:~)
2019-08-21 11:14:22,516 [pool-461-thread-1] INFO  server.RaftServerConfigKeys (ConfUtils.java:logGet(43)) - raft.server.leader.election.timeout = 120s (custom)
2019-08-21 11:14:22,516 [pool-461-thread-1] INFO  server.RaftServerConfigKeys (ConfUtils.java:logGet(43)) - raft.server.log.use.memory = false (default)
2019-08-21 11:14:22,516 [pool-461-thread-1] INFO  server.RaftServerConfigKeys (ConfUtils.java:logGet(43)) - raft.server.log.purge.gap = 1000000 (custom)
2019-08-21 11:14:22,516 [pool-461-thread-1] INFO  server.RaftServerConfigKeys (ConfUtils.java:logGet(43)) - raft.server.log.appender.buffer.byte-limit = 33554432 (custom)
2019-08-21 11:14:22,516 [pool-461-thread-1] INFO  server.RaftServerConfigKeys (ConfUtils.java:logGet(43)) - raft.server.log.segment.size.max = 1048576 (custom)
2019-08-21 11:14:22,517 [pool-461-thread-1] INFO  server.RaftServerConfigKeys (ConfUtils.java:logGet(43)) - raft.server.log.segment.cache.num.max = 2 (custom)
2019-08-21 11:14:22,517 [pool-461-thread-1] INFO  segmented.SegmentedRaftLogWorker (SegmentedRaftLogWorker.java:<init>(172)) - new 37412b49-a8cf-4c76-b1e5-6ab6fc3f2cc0-SegmentedRaftLogWorker:Storage Directory /workdir/hadoop-ozone/integration-test/target/test-dir/MiniOzoneClusterImpl-d193021e-39f1-4dac-9bda-16b6316a9a0a/datanode-2/data/ratis/05301f5c-bfcf-4412-9f5d-c21655039710 for RaftStorage:Storage Directory /workdir/hadoop-ozone/integration-test/target/test-dir/MiniOzoneClusterImpl-d193021e-39f1-4dac-9bda-16b6316a9a0a/datanode-2/data/ratis/05301f5c-bfcf-4412-9f5d-c21655039710
2019-08-21 11:14:22,517 [pool-461-thread-1] INFO  server.RaftServerConfigKeys (ConfUtils.java:logGet(43)) - raft.server.log.queue.byte-limit = 2147483647 (custom)
2019-08-21 11:14:22,517 [pool-461-thread-1] INFO  server.RaftServerConfigKeys (ConfUtils.java:logGet(43)) - raft.server.log.queue.element-limit = 1024 (custom)
2019-08-21 11:14:22,517 [pool-461-thread-1] INFO  server.RaftServerConfigKeys (ConfUtils.java:logGet(43)) - raft.server.log.segment.size.max = 1048576 (custom)
2019-08-21 11:14:22,517 [pool-461-thread-1] INFO  server.RaftServerConfigKeys (ConfUtils.java:logGet(43)) - raft.server.log.preallocated.size = 16384 (custom)
2019-08-21 11:14:22,518 [pool-461-thread-1] INFO  server.RaftServerConfigKeys (ConfUtils.java:logGet(43)) - raft.server.log.write.buffer.size = 33554432 (custom)
2019-08-21 11:14:22,518 [pool-461-thread-1] INFO  server.RaftServerConfigKeys (ConfUtils.java:logGet(43)) - raft.server.log.force.sync.num = 128 (default)
2019-08-21 11:14:22,518 [pool-461-thread-1] INFO  server.RaftServerConfigKeys (ConfUtils.java:logGet(43)) - raft.server.log.statemachine.data.sync = true (default)
2019-08-21 11:14:22,518 [pool-461-thread-1] INFO  server.RaftServerConfigKeys (ConfUtils.java:logGet(43)) - raft.server.log.statemachine.data.sync.timeout = 10s (default)
2019-08-21 11:14:22,518 [pool-461-thread-1] INFO  server.RaftServerConfigKeys (ConfUtils.java:logGet(43)) - raft.server.log.statemachine.data.sync.timeout.retry = -1 (default)
2019-08-21 11:14:22,518 [pool-461-thread-1] INFO  server.RaftServerConfigKeys (ConfUtils.java:logGet(43)) - raft.server.log.statemachine.data.caching.enabled = true (custom)
2019-08-21 11:14:22,519 [pool-461-thread-1] INFO  segmented.SegmentedRaftLogWorker (SegmentedRaftLogWorker.java:lambda$new$0(132)) - 37412b49-a8cf-4c76-b1e5-6ab6fc3f2cc0-SegmentedRaftLogWorker:Storage Directory /workdir/hadoop-ozone/integration-test/target/test-dir/MiniOzoneClusterImpl-d193021e-39f1-4dac-9bda-16b6316a9a0a/datanode-2/data/ratis/05301f5c-bfcf-4412-9f5d-c21655039710: flushIndex: setUnconditionally 0 -> -1
2019-08-21 11:14:22,519 [pool-461-thread-1] INFO  server.RaftServerConfigKeys (ConfUtils.java:logGet(43)) - raft.server.snapshot.auto.trigger.enabled = true (custom)
2019-08-21 11:14:22,519 [pool-461-thread-1] INFO  server.RaftServerConfigKeys (ConfUtils.java:logGet(43)) - raft.server.snapshot.auto.trigger.threshold = 10000 (custom)
2019-08-21 11:14:22,520 [pool-461-thread-1] INFO  server.RaftServerConfigKeys (ConfUtils.java:logGet(43)) - raft.server.retrycache.expirytime = 600000ms (custom)
2019-08-21 11:14:22,520 [pool-461-thread-1] INFO  impl.RaftServerImpl (RaftServerImpl.java:start(180)) - 37412b49-a8cf-4c76-b1e5-6ab6fc3f2cc0: start group-C21655039710
2019-08-21 11:14:22,520 [pool-461-thread-1] INFO  impl.RaftServerImpl (RaftServerImpl.java:setRole(171)) - 37412b49-a8cf-4c76-b1e5-6ab6fc3f2cc0:group-C21655039710 changes role from null to FOLLOWER at term 0 for startAsFollower
2019-08-21 11:14:22,520 [pool-461-thread-1] INFO  impl.RoleInfo (RoleInfo.java:updateAndGet(143)) - 37412b49-a8cf-4c76-b1e5-6ab6fc3f2cc0: start FollowerState
2019-08-21 11:14:22,521 [pool-461-thread-1] INFO  util.JmxRegister (JmxRegister.java:tryRegister(44)) - Successfully registered JMX Bean with object name Ratis:service=RaftServer,group=group-C21655039710,id=37412b49-a8cf-4c76-b1e5-6ab6fc3f2cc0
2019-08-21 11:14:22,523 [RatisPipelineUtilsThread] INFO  pipeline.PipelineStateManager (PipelineStateManager.java:addPipeline(56)) - Created pipeline Pipeline[ Id: 05301f5c-bfcf-4412-9f5d-c21655039710, Nodes: 37412b49-a8cf-4c76-b1e5-6ab6fc3f2cc0{ip: 192.168.34.23, host: pr-hdds-1937-2b42m-2998290358, networkLocation: /default-rack, certSerialId: null}, Type:RATIS, Factor:ONE, State:OPEN]
2019-08-21 11:14:22,538 [grpc-default-executor-13] INFO  impl.RaftServerProxy (RaftServerProxy.java:addNew(89)) - ed9e288c-0744-4497-940c-3846f34b2d6c: addNew group-4167C9DAB68E:[d07e18e0-48ec-475d-bbfd-6733e1200993:192.168.34.23:34024, ed9e288c-0744-4497-940c-3846f34b2d6c:192.168.34.23:45303, 37412b49-a8cf-4c76-b1e5-6ab6fc3f2cc0:192.168.34.23:38285] returns group-4167C9DAB68E:java.util.concurrent.CompletableFuture@679e393a[Not completed]
2019-08-21 11:14:22,538 [grpc-default-executor-11] INFO  impl.RaftServerProxy (RaftServerProxy.java:addNew(89)) - 37412b49-a8cf-4c76-b1e5-6ab6fc3f2cc0: addNew group-4167C9DAB68E:[d07e18e0-48ec-475d-bbfd-6733e1200993:192.168.34.23:34024, ed9e288c-0744-4497-940c-3846f34b2d6c:192.168.34.23:45303, 37412b49-a8cf-4c76-b1e5-6ab6fc3f2cc0:192.168.34.23:38285] returns group-4167C9DAB68E:java.util.concurrent.CompletableFuture@540f5f64[Not completed]
2019-08-21 11:14:22,539 [grpc-default-executor-13] INFO  impl.RaftServerProxy (RaftServerProxy.java:addNew(89)) - d07e18e0-48ec-475d-bbfd-6733e1200993: addNew group-4167C9DAB68E:[d07e18e0-48ec-475d-bbfd-6733e1200993:192.168.34.23:34024, ed9e288c-0744-4497-940c-3846f34b2d6c:192.168.34.23:45303, 37412b49-a8cf-4c76-b1e5-6ab6fc3f2cc0:192.168.34.23:38285] returns group-4167C9DAB68E:java.util.concurrent.CompletableFuture@3a519334[Not completed]
2019-08-21 11:14:22,540 [pool-450-thread-1] INFO  impl.RaftServerImpl (RaftServerImpl.java:<init>(93)) - ed9e288c-0744-4497-940c-3846f34b2d6c: new RaftServerImpl for group-4167C9DAB68E:[d07e18e0-48ec-475d-bbfd-6733e1200993:192.168.34.23:34024, ed9e288c-0744-4497-940c-3846f34b2d6c:192.168.34.23:45303, 37412b49-a8cf-4c76-b1e5-6ab6fc3f2cc0:192.168.34.23:38285] with ContainerStateMachine:uninitialized
2019-08-21 11:14:22,540 [pool-450-thread-1] INFO  server.RaftServerConfigKeys (ConfUtils.java:logGet(43)) - raft.server.rpc.timeout.min = 5s (custom)
2019-08-21 11:14:22,541 [pool-450-thread-1] INFO  server.RaftServerConfigKeys (ConfUtils.java:logGet(43)) - raft.server.rpc.timeout.max = 5200ms (custom)
2019-08-21 11:14:22,541 [pool-450-thread-1] INFO  server.RaftServerConfigKeys (ConfUtils.java:logGet(43)) - raft.server.rpcslowness.timeout = 120s (custom)
2019-08-21 11:14:22,541 [pool-450-thread-1] INFO  server.RaftServerConfigKeys (ConfUtils.java:logGet(43)) - raft.server.sleep.deviation.threshold = 300 (default)
2019-08-21 11:14:22,541 [pool-450-thread-1] INFO  server.RaftServerConfigKeys (ConfUtils.java:logGet(43)) - raft.server.log.appender.install.snapshot.enabled = false (custom)
2019-08-21 11:14:22,542 [pool-439-thread-1] INFO  impl.RaftServerImpl (RaftServerImpl.java:<init>(93)) - d07e18e0-48ec-475d-bbfd-6733e1200993: new RaftServerImpl for group-4167C9DAB68E:[d07e18e0-48ec-475d-bbfd-6733e1200993:192.168.34.23:34024, ed9e288c-0744-4497-940c-3846f34b2d6c:192.168.34.23:45303, 37412b49-a8cf-4c76-b1e5-6ab6fc3f2cc0:192.168.34.23:38285] with ContainerStateMachine:uninitialized
2019-08-21 11:14:22,542 [pool-450-thread-1] INFO  impl.RaftServerImpl (ServerState.java:<init>(105)) - ed9e288c-0744-4497-940c-3846f34b2d6c:group-4167C9DAB68E ConfigurationManager, init=-1: [d07e18e0-48ec-475d-bbfd-6733e1200993:192.168.34.23:34024, ed9e288c-0744-4497-940c-3846f34b2d6c:192.168.34.23:45303, 37412b49-a8cf-4c76-b1e5-6ab6fc3f2cc0:192.168.34.23:38285], old=null, confs=<EMPTY_MAP>
2019-08-21 11:14:22,542 [pool-439-thread-1] INFO  server.RaftServerConfigKeys (ConfUtils.java:logGet(43)) - raft.server.rpc.timeout.min = 5s (custom)
2019-08-21 11:14:22,542 [pool-439-thread-1] INFO  server.RaftServerConfigKeys (ConfUtils.java:logGet(43)) - raft.server.rpc.timeout.max = 5200ms (custom)
2019-08-21 11:14:22,542 [pool-450-thread-1] INFO  server.RaftServerConfigKeys (ConfUtils.java:logGet(43)) - raft.server.storage.dir = [/workdir/hadoop-ozone/integration-test/target/test-dir/MiniOzoneClusterImpl-d193021e-39f1-4dac-9bda-16b6316a9a0a/datanode-1/data/ratis] (custom)
2019-08-21 11:14:22,542 [pool-439-thread-1] INFO  server.RaftServerConfigKeys (ConfUtils.java:logGet(43)) - raft.server.rpcslowness.timeout = 120s (custom)
2019-08-21 11:14:22,543 [pool-439-thread-1] INFO  server.RaftServerConfigKeys (ConfUtils.java:logGet(43)) - raft.server.sleep.deviation.threshold = 300 (default)
2019-08-21 11:14:22,543 [pool-461-thread-1] INFO  impl.RaftServerImpl (RaftServerImpl.java:<init>(93)) - 37412b49-a8cf-4c76-b1e5-6ab6fc3f2cc0: new RaftServerImpl for group-4167C9DAB68E:[d07e18e0-48ec-475d-bbfd-6733e1200993:192.168.34.23:34024, ed9e288c-0744-4497-940c-3846f34b2d6c:192.168.34.23:45303, 37412b49-a8cf-4c76-b1e5-6ab6fc3f2cc0:192.168.34.23:38285] with ContainerStateMachine:uninitialized
2019-08-21 11:14:22,543 [pool-439-thread-1] INFO  server.RaftServerConfigKeys (ConfUtils.java:logGet(43)) - raft.server.log.appender.install.snapshot.enabled = false (custom)
2019-08-21 11:14:22,543 [pool-450-thread-1] INFO  storage.RaftStorageDirectory (RaftStorageDirectory.java:analyzeStorage(246)) - The storage directory /workdir/hadoop-ozone/integration-test/target/test-dir/MiniOzoneClusterImpl-d193021e-39f1-4dac-9bda-16b6316a9a0a/datanode-1/data/ratis/f6e2ed8b-9aab-45f3-8ade-4167c9dab68e does not exist. Creating ...
2019-08-21 11:14:22,543 [pool-461-thread-1] INFO  server.RaftServerConfigKeys (ConfUtils.java:logGet(43)) - raft.server.rpc.timeout.min = 5s (custom)
2019-08-21 11:14:22,543 [pool-439-thread-1] INFO  impl.RaftServerImpl (ServerState.java:<init>(105)) - d07e18e0-48ec-475d-bbfd-6733e1200993:group-4167C9DAB68E ConfigurationManager, init=-1: [d07e18e0-48ec-475d-bbfd-6733e1200993:192.168.34.23:34024, ed9e288c-0744-4497-940c-3846f34b2d6c:192.168.34.23:45303, 37412b49-a8cf-4c76-b1e5-6ab6fc3f2cc0:192.168.34.23:38285], old=null, confs=<EMPTY_MAP>
2019-08-21 11:14:22,543 [pool-461-thread-1] INFO  server.RaftServerConfigKeys (ConfUtils.java:logGet(43)) - raft.server.rpc.timeout.max = 5200ms (custom)
2019-08-21 11:14:22,544 [pool-439-thread-1] INFO  server.RaftServerConfigKeys (ConfUtils.java:logGet(43)) - raft.server.storage.dir = [/workdir/hadoop-ozone/integration-test/target/test-dir/MiniOzoneClusterImpl-d193021e-39f1-4dac-9bda-16b6316a9a0a/datanode-0/data/ratis] (custom)
2019-08-21 11:14:22,544 [pool-461-thread-1] INFO  server.RaftServerConfigKeys (ConfUtils.java:logGet(43)) - raft.server.rpcslowness.timeout = 120s (custom)
2019-08-21 11:14:22,544 [pool-461-thread-1] INFO  server.RaftServerConfigKeys (ConfUtils.java:logGet(43)) - raft.server.sleep.deviation.threshold = 300 (default)
2019-08-21 11:14:22,544 [pool-461-thread-1] INFO  server.RaftServerConfigKeys (ConfUtils.java:logGet(43)) - raft.server.log.appender.install.snapshot.enabled = false (custom)
2019-08-21 11:14:22,544 [pool-439-thread-1] INFO  storage.RaftStorageDirectory (RaftStorageDirectory.java:analyzeStorage(246)) - The storage directory /workdir/hadoop-ozone/integration-test/target/test-dir/MiniOzoneClusterImpl-d193021e-39f1-4dac-9bda-16b6316a9a0a/datanode-0/data/ratis/f6e2ed8b-9aab-45f3-8ade-4167c9dab68e does not exist. Creating ...
2019-08-21 11:14:22,544 [pool-461-thread-1] INFO  impl.RaftServerImpl (ServerState.java:<init>(105)) - 37412b49-a8cf-4c76-b1e5-6ab6fc3f2cc0:group-4167C9DAB68E ConfigurationManager, init=-1: [d07e18e0-48ec-475d-bbfd-6733e1200993:192.168.34.23:34024, ed9e288c-0744-4497-940c-3846f34b2d6c:192.168.34.23:45303, 37412b49-a8cf-4c76-b1e5-6ab6fc3f2cc0:192.168.34.23:38285], old=null, confs=<EMPTY_MAP>
2019-08-21 11:14:22,544 [pool-461-thread-1] INFO  server.RaftServerConfigKeys (ConfUtils.java:logGet(43)) - raft.server.storage.dir = [/workdir/hadoop-ozone/integration-test/target/test-dir/MiniOzoneClusterImpl-d193021e-39f1-4dac-9bda-16b6316a9a0a/datanode-2/data/ratis] (custom)
2019-08-21 11:14:22,545 [pool-461-thread-1] INFO  storage.RaftStorageDirectory (RaftStorageDirectory.java:analyzeStorage(246)) - The storage directory /workdir/hadoop-ozone/integration-test/target/test-dir/MiniOzoneClusterImpl-d193021e-39f1-4dac-9bda-16b6316a9a0a/datanode-2/data/ratis/f6e2ed8b-9aab-45f3-8ade-4167c9dab68e does not exist. Creating ...
2019-08-21 11:14:22,557 [pool-439-thread-1] INFO  storage.RaftStorageDirectory (RaftStorageDirectory.java:tryLock(328)) - Lock on /workdir/hadoop-ozone/integration-test/target/test-dir/MiniOzoneClusterImpl-d193021e-39f1-4dac-9bda-16b6316a9a0a/datanode-0/data/ratis/f6e2ed8b-9aab-45f3-8ade-4167c9dab68e/in_use.lock acquired by nodename 12037@pr-hdds-1937-2b42m-2998290358
2019-08-21 11:14:22,557 [pool-450-thread-1] INFO  storage.RaftStorageDirectory (RaftStorageDirectory.java:tryLock(328)) - Lock on /workdir/hadoop-ozone/integration-test/target/test-dir/MiniOzoneClusterImpl-d193021e-39f1-4dac-9bda-16b6316a9a0a/datanode-1/data/ratis/f6e2ed8b-9aab-45f3-8ade-4167c9dab68e/in_use.lock acquired by nodename 12037@pr-hdds-1937-2b42m-2998290358
2019-08-21 11:14:22,557 [pool-461-thread-1] INFO  storage.RaftStorageDirectory (RaftStorageDirectory.java:tryLock(328)) - Lock on /workdir/hadoop-ozone/integration-test/target/test-dir/MiniOzoneClusterImpl-d193021e-39f1-4dac-9bda-16b6316a9a0a/datanode-2/data/ratis/f6e2ed8b-9aab-45f3-8ade-4167c9dab68e/in_use.lock acquired by nodename 12037@pr-hdds-1937-2b42m-2998290358
2019-08-21 11:14:22,571 [pool-461-thread-1] INFO  storage.RaftStorage (RaftStorage.java:format(72)) - Storage directory /workdir/hadoop-ozone/integration-test/target/test-dir/MiniOzoneClusterImpl-d193021e-39f1-4dac-9bda-16b6316a9a0a/datanode-2/data/ratis/f6e2ed8b-9aab-45f3-8ade-4167c9dab68e has been successfully formatted.
2019-08-21 11:14:22,571 [pool-450-thread-1] INFO  storage.RaftStorage (RaftStorage.java:format(72)) - Storage directory /workdir/hadoop-ozone/integration-test/target/test-dir/MiniOzoneClusterImpl-d193021e-39f1-4dac-9bda-16b6316a9a0a/datanode-1/data/ratis/f6e2ed8b-9aab-45f3-8ade-4167c9dab68e has been successfully formatted.
2019-08-21 11:14:22,571 [pool-439-thread-1] INFO  storage.RaftStorage (RaftStorage.java:format(72)) - Storage directory /workdir/hadoop-ozone/integration-test/target/test-dir/MiniOzoneClusterImpl-d193021e-39f1-4dac-9bda-16b6316a9a0a/datanode-0/data/ratis/f6e2ed8b-9aab-45f3-8ade-4167c9dab68e has been successfully formatted.
2019-08-21 11:14:22,572 [pool-450-thread-1] INFO  ratis.ContainerStateMachine (ContainerStateMachine.java:loadSnapshot(226)) - group-4167C9DAB68E: The snapshot info is null. Setting the last applied indexto:(t:0, i:~)
2019-08-21 11:14:22,572 [pool-461-thread-1] INFO  ratis.ContainerStateMachine (ContainerStateMachine.java:loadSnapshot(226)) - group-4167C9DAB68E: The snapshot info is null. Setting the last applied indexto:(t:0, i:~)
2019-08-21 11:14:22,572 [pool-450-thread-1] INFO  server.RaftServerConfigKeys (ConfUtils.java:logGet(43)) - raft.server.leader.election.timeout = 120s (custom)
2019-08-21 11:14:22,572 [pool-439-thread-1] INFO  ratis.ContainerStateMachine (ContainerStateMachine.java:loadSnapshot(226)) - group-4167C9DAB68E: The snapshot info is null. Setting the last applied indexto:(t:0, i:~)
2019-08-21 11:14:22,572 [pool-450-thread-1] INFO  server.RaftServerConfigKeys (ConfUtils.java:logGet(43)) - raft.server.log.use.memory = false (default)
2019-08-21 11:14:22,572 [pool-461-thread-1] INFO  server.RaftServerConfigKeys (ConfUtils.java:logGet(43)) - raft.server.leader.election.timeout = 120s (custom)
2019-08-21 11:14:22,573 [pool-450-thread-1] INFO  server.RaftServerConfigKeys (ConfUtils.java:logGet(43)) - raft.server.log.purge.gap = 1000000 (custom)
2019-08-21 11:14:22,572 [pool-439-thread-1] INFO  server.RaftServerConfigKeys (ConfUtils.java:logGet(43)) - raft.server.leader.election.timeout = 120s (custom)
2019-08-21 11:14:22,573 [pool-450-thread-1] INFO  server.RaftServerConfigKeys (ConfUtils.java:logGet(43)) - raft.server.log.appender.buffer.byte-limit = 33554432 (custom)
2019-08-21 11:14:22,573 [pool-461-thread-1] INFO  server.RaftServerConfigKeys (ConfUtils.java:logGet(43)) - raft.server.log.use.memory = false (default)
2019-08-21 11:14:22,573 [pool-450-thread-1] INFO  server.RaftServerConfigKeys (ConfUtils.java:logGet(43)) - raft.server.log.segment.size.max = 1048576 (custom)
2019-08-21 11:14:22,573 [pool-450-thread-1] INFO  server.RaftServerConfigKeys (ConfUtils.java:logGet(43)) - raft.server.log.segment.cache.num.max = 2 (custom)
2019-08-21 11:14:22,573 [pool-439-thread-1] INFO  server.RaftServerConfigKeys (ConfUtils.java:logGet(43)) - raft.server.log.use.memory = false (default)
2019-08-21 11:14:22,574 [pool-450-thread-1] INFO  segmented.SegmentedRaftLogWorker (SegmentedRaftLogWorker.java:<init>(172)) - new ed9e288c-0744-4497-940c-3846f34b2d6c-SegmentedRaftLogWorker:Storage Directory /workdir/hadoop-ozone/integration-test/target/test-dir/MiniOzoneClusterImpl-d193021e-39f1-4dac-9bda-16b6316a9a0a/datanode-1/data/ratis/f6e2ed8b-9aab-45f3-8ade-4167c9dab68e for RaftStorage:Storage Directory /workdir/hadoop-ozone/integration-test/target/test-dir/MiniOzoneClusterImpl-d193021e-39f1-4dac-9bda-16b6316a9a0a/datanode-1/data/ratis/f6e2ed8b-9aab-45f3-8ade-4167c9dab68e
2019-08-21 11:14:22,573 [pool-461-thread-1] INFO  server.RaftServerConfigKeys (ConfUtils.java:logGet(43)) - raft.server.log.purge.gap = 1000000 (custom)
2019-08-21 11:14:22,574 [pool-450-thread-1] INFO  server.RaftServerConfigKeys (ConfUtils.java:logGet(43)) - raft.server.log.queue.byte-limit = 2147483647 (custom)
2019-08-21 11:14:22,574 [pool-439-thread-1] INFO  server.RaftServerConfigKeys (ConfUtils.java:logGet(43)) - raft.server.log.purge.gap = 1000000 (custom)
2019-08-21 11:14:22,574 [pool-450-thread-1] INFO  server.RaftServerConfigKeys (ConfUtils.java:logGet(43)) - raft.server.log.queue.element-limit = 1024 (custom)
2019-08-21 11:14:22,574 [pool-461-thread-1] INFO  server.RaftServerConfigKeys (ConfUtils.java:logGet(43)) - raft.server.log.appender.buffer.byte-limit = 33554432 (custom)
2019-08-21 11:14:22,575 [pool-450-thread-1] INFO  server.RaftServerConfigKeys (ConfUtils.java:logGet(43)) - raft.server.log.segment.size.max = 1048576 (custom)
2019-08-21 11:14:22,575 [pool-450-thread-1] INFO  server.RaftServerConfigKeys (ConfUtils.java:logGet(43)) - raft.server.log.preallocated.size = 16384 (custom)
2019-08-21 11:14:22,574 [pool-439-thread-1] INFO  server.RaftServerConfigKeys (ConfUtils.java:logGet(43)) - raft.server.log.appender.buffer.byte-limit = 33554432 (custom)
2019-08-21 11:14:22,575 [pool-450-thread-1] INFO  server.RaftServerConfigKeys (ConfUtils.java:logGet(43)) - raft.server.log.write.buffer.size = 33554432 (custom)
2019-08-21 11:14:22,575 [pool-461-thread-1] INFO  server.RaftServerConfigKeys (ConfUtils.java:logGet(43)) - raft.server.log.segment.size.max = 1048576 (custom)
2019-08-21 11:14:22,575 [pool-450-thread-1] INFO  server.RaftServerConfigKeys (ConfUtils.java:logGet(43)) - raft.server.log.force.sync.num = 128 (default)
2019-08-21 11:14:22,575 [pool-439-thread-1] INFO  server.RaftServerConfigKeys (ConfUtils.java:logGet(43)) - raft.server.log.segment.size.max = 1048576 (custom)
2019-08-21 11:14:22,576 [pool-450-thread-1] INFO  server.RaftServerConfigKeys (ConfUtils.java:logGet(43)) - raft.server.log.statemachine.data.sync = true (default)
2019-08-21 11:14:22,575 [pool-461-thread-1] INFO  server.RaftServerConfigKeys (ConfUtils.java:logGet(43)) - raft.server.log.segment.cache.num.max = 2 (custom)
2019-08-21 11:14:22,576 [pool-450-thread-1] INFO  server.RaftServerConfigKeys (ConfUtils.java:logGet(43)) - raft.server.log.statemachine.data.sync.timeout = 10s (default)
2019-08-21 11:14:22,576 [pool-439-thread-1] INFO  server.RaftServerConfigKeys (ConfUtils.java:logGet(43)) - raft.server.log.segment.cache.num.max = 2 (custom)
2019-08-21 11:14:22,576 [pool-450-thread-1] INFO  server.RaftServerConfigKeys (ConfUtils.java:logGet(43)) - raft.server.log.statemachine.data.sync.timeout.retry = -1 (default)
2019-08-21 11:14:22,576 [pool-461-thread-1] INFO  segmented.SegmentedRaftLogWorker (SegmentedRaftLogWorker.java:<init>(172)) - new 37412b49-a8cf-4c76-b1e5-6ab6fc3f2cc0-SegmentedRaftLogWorker:Storage Directory /workdir/hadoop-ozone/integration-test/target/test-dir/MiniOzoneClusterImpl-d193021e-39f1-4dac-9bda-16b6316a9a0a/datanode-2/data/ratis/f6e2ed8b-9aab-45f3-8ade-4167c9dab68e for RaftStorage:Storage Directory /workdir/hadoop-ozone/integration-test/target/test-dir/MiniOzoneClusterImpl-d193021e-39f1-4dac-9bda-16b6316a9a0a/datanode-2/data/ratis/f6e2ed8b-9aab-45f3-8ade-4167c9dab68e
2019-08-21 11:14:22,576 [pool-450-thread-1] INFO  server.RaftServerConfigKeys (ConfUtils.java:logGet(43)) - raft.server.log.statemachine.data.caching.enabled = true (custom)
2019-08-21 11:14:22,576 [pool-439-thread-1] INFO  segmented.SegmentedRaftLogWorker (SegmentedRaftLogWorker.java:<init>(172)) - new d07e18e0-48ec-475d-bbfd-6733e1200993-SegmentedRaftLogWorker:Storage Directory /workdir/hadoop-ozone/integration-test/target/test-dir/MiniOzoneClusterImpl-d193021e-39f1-4dac-9bda-16b6316a9a0a/datanode-0/data/ratis/f6e2ed8b-9aab-45f3-8ade-4167c9dab68e for RaftStorage:Storage Directory /workdir/hadoop-ozone/integration-test/target/test-dir/MiniOzoneClusterImpl-d193021e-39f1-4dac-9bda-16b6316a9a0a/datanode-0/data/ratis/f6e2ed8b-9aab-45f3-8ade-4167c9dab68e
2019-08-21 11:14:22,577 [pool-461-thread-1] INFO  server.RaftServerConfigKeys (ConfUtils.java:logGet(43)) - raft.server.log.queue.byte-limit = 2147483647 (custom)
2019-08-21 11:14:22,577 [pool-450-thread-1] INFO  segmented.SegmentedRaftLogWorker (SegmentedRaftLogWorker.java:lambda$new$0(132)) - ed9e288c-0744-4497-940c-3846f34b2d6c-SegmentedRaftLogWorker:Storage Directory /workdir/hadoop-ozone/integration-test/target/test-dir/MiniOzoneClusterImpl-d193021e-39f1-4dac-9bda-16b6316a9a0a/datanode-1/data/ratis/f6e2ed8b-9aab-45f3-8ade-4167c9dab68e: flushIndex: setUnconditionally 0 -> -1
2019-08-21 11:14:22,577 [pool-439-thread-1] INFO  server.RaftServerConfigKeys (ConfUtils.java:logGet(43)) - raft.server.log.queue.byte-limit = 2147483647 (custom)
2019-08-21 11:14:22,577 [pool-461-thread-1] INFO  server.RaftServerConfigKeys (ConfUtils.java:logGet(43)) - raft.server.log.queue.element-limit = 1024 (custom)
2019-08-21 11:14:22,577 [pool-439-thread-1] INFO  server.RaftServerConfigKeys (ConfUtils.java:logGet(43)) - raft.server.log.queue.element-limit = 1024 (custom)
2019-08-21 11:14:22,577 [pool-461-thread-1] INFO  server.RaftServerConfigKeys (ConfUtils.java:logGet(43)) - raft.server.log.segment.size.max = 1048576 (custom)
2019-08-21 11:14:22,577 [pool-450-thread-1] INFO  server.RaftServerConfigKeys (ConfUtils.java:logGet(43)) - raft.server.snapshot.auto.trigger.enabled = true (custom)
2019-08-21 11:14:22,578 [pool-461-thread-1] INFO  server.RaftServerConfigKeys (ConfUtils.java:logGet(43)) - raft.server.log.preallocated.size = 16384 (custom)
2019-08-21 11:14:22,578 [pool-439-thread-1] INFO  server.RaftServerConfigKeys (ConfUtils.java:logGet(43)) - raft.server.log.segment.size.max = 1048576 (custom)
2019-08-21 11:14:22,578 [pool-461-thread-1] INFO  server.RaftServerConfigKeys (ConfUtils.java:logGet(43)) - raft.server.log.write.buffer.size = 33554432 (custom)
2019-08-21 11:14:22,578 [pool-450-thread-1] INFO  server.RaftServerConfigKeys (ConfUtils.java:logGet(43)) - raft.server.snapshot.auto.trigger.threshold = 10000 (custom)
2019-08-21 11:14:22,578 [pool-461-thread-1] INFO  server.RaftServerConfigKeys (ConfUtils.java:logGet(43)) - raft.server.log.force.sync.num = 128 (default)
2019-08-21 11:14:22,578 [pool-461-thread-1] INFO  server.RaftServerConfigKeys (ConfUtils.java:logGet(43)) - raft.server.log.statemachine.data.sync = true (default)
2019-08-21 11:14:22,578 [pool-439-thread-1] INFO  server.RaftServerConfigKeys (ConfUtils.java:logGet(43)) - raft.server.log.preallocated.size = 16384 (custom)
2019-08-21 11:14:22,579 [pool-461-thread-1] INFO  server.RaftServerConfigKeys (ConfUtils.java:logGet(43)) - raft.server.log.statemachine.data.sync.timeout = 10s (default)
2019-08-21 11:14:22,579 [pool-461-thread-1] INFO  server.RaftServerConfigKeys (ConfUtils.java:logGet(43)) - raft.server.log.statemachine.data.sync.timeout.retry = -1 (default)
2019-08-21 11:14:22,578 [pool-450-thread-1] INFO  server.RaftServerConfigKeys (ConfUtils.java:logGet(43)) - raft.server.retrycache.expirytime = 600000ms (custom)
2019-08-21 11:14:22,579 [pool-461-thread-1] INFO  server.RaftServerConfigKeys (ConfUtils.java:logGet(43)) - raft.server.log.statemachine.data.caching.enabled = true (custom)
2019-08-21 11:14:22,579 [pool-439-thread-1] INFO  server.RaftServerConfigKeys (ConfUtils.java:logGet(43)) - raft.server.log.write.buffer.size = 33554432 (custom)
2019-08-21 11:14:22,579 [pool-450-thread-1] INFO  impl.RaftServerImpl (RaftServerImpl.java:start(180)) - ed9e288c-0744-4497-940c-3846f34b2d6c: start group-4167C9DAB68E
2019-08-21 11:14:22,579 [pool-461-thread-1] INFO  segmented.SegmentedRaftLogWorker (SegmentedRaftLogWorker.java:lambda$new$0(132)) - 37412b49-a8cf-4c76-b1e5-6ab6fc3f2cc0-SegmentedRaftLogWorker:Storage Directory /workdir/hadoop-ozone/integration-test/target/test-dir/MiniOzoneClusterImpl-d193021e-39f1-4dac-9bda-16b6316a9a0a/datanode-2/data/ratis/f6e2ed8b-9aab-45f3-8ade-4167c9dab68e: flushIndex: setUnconditionally 0 -> -1
2019-08-21 11:14:22,579 [pool-439-thread-1] INFO  server.RaftServerConfigKeys (ConfUtils.java:logGet(43)) - raft.server.log.force.sync.num = 128 (default)
2019-08-21 11:14:22,580 [pool-450-thread-1] INFO  impl.RaftServerImpl (RaftServerImpl.java:setRole(171)) - ed9e288c-0744-4497-940c-3846f34b2d6c:group-4167C9DAB68E changes role from null to FOLLOWER at term 0 for startAsFollower
2019-08-21 11:14:22,580 [pool-461-thread-1] INFO  server.RaftServerConfigKeys (ConfUtils.java:logGet(43)) - raft.server.snapshot.auto.trigger.enabled = true (custom)
2019-08-21 11:14:22,580 [pool-439-thread-1] INFO  server.RaftServerConfigKeys (ConfUtils.java:logGet(43)) - raft.server.log.statemachine.data.sync = true (default)
2019-08-21 11:14:22,580 [pool-461-thread-1] INFO  server.RaftServerConfigKeys (ConfUtils.java:logGet(43)) - raft.server.snapshot.auto.trigger.threshold = 10000 (custom)
2019-08-21 11:14:22,580 [pool-450-thread-1] INFO  impl.RoleInfo (RoleInfo.java:updateAndGet(143)) - ed9e288c-0744-4497-940c-3846f34b2d6c: start FollowerState
2019-08-21 11:14:22,580 [pool-461-thread-1] INFO  server.RaftServerConfigKeys (ConfUtils.java:logGet(43)) - raft.server.retrycache.expirytime = 600000ms (custom)
2019-08-21 11:14:22,580 [pool-439-thread-1] INFO  server.RaftServerConfigKeys (ConfUtils.java:logGet(43)) - raft.server.log.statemachine.data.sync.timeout = 10s (default)
2019-08-21 11:14:22,581 [pool-461-thread-1] INFO  impl.RaftServerImpl (RaftServerImpl.java:start(180)) - 37412b49-a8cf-4c76-b1e5-6ab6fc3f2cc0: start group-4167C9DAB68E
2019-08-21 11:14:22,581 [pool-439-thread-1] INFO  server.RaftServerConfigKeys (ConfUtils.java:logGet(43)) - raft.server.log.statemachine.data.sync.timeout.retry = -1 (default)
2019-08-21 11:14:22,581 [pool-450-thread-1] INFO  util.JmxRegister (JmxRegister.java:tryRegister(44)) - Successfully registered JMX Bean with object name Ratis:service=RaftServer,group=group-4167C9DAB68E,id=ed9e288c-0744-4497-940c-3846f34b2d6c
2019-08-21 11:14:22,581 [pool-461-thread-1] INFO  impl.RaftServerImpl (RaftServerImpl.java:setRole(171)) - 37412b49-a8cf-4c76-b1e5-6ab6fc3f2cc0:group-4167C9DAB68E changes role from null to FOLLOWER at term 0 for startAsFollower
2019-08-21 11:14:22,581 [pool-439-thread-1] INFO  server.RaftServerConfigKeys (ConfUtils.java:logGet(43)) - raft.server.log.statemachine.data.caching.enabled = true (custom)
2019-08-21 11:14:22,581 [pool-461-thread-1] INFO  impl.RoleInfo (RoleInfo.java:updateAndGet(143)) - 37412b49-a8cf-4c76-b1e5-6ab6fc3f2cc0: start FollowerState
2019-08-21 11:14:22,582 [pool-439-thread-1] INFO  segmented.SegmentedRaftLogWorker (SegmentedRaftLogWorker.java:lambda$new$0(132)) - d07e18e0-48ec-475d-bbfd-6733e1200993-SegmentedRaftLogWorker:Storage Directory /workdir/hadoop-ozone/integration-test/target/test-dir/MiniOzoneClusterImpl-d193021e-39f1-4dac-9bda-16b6316a9a0a/datanode-0/data/ratis/f6e2ed8b-9aab-45f3-8ade-4167c9dab68e: flushIndex: setUnconditionally 0 -> -1
2019-08-21 11:14:22,582 [pool-461-thread-1] INFO  util.JmxRegister (JmxRegister.java:tryRegister(44)) - Successfully registered JMX Bean with object name Ratis:service=RaftServer,group=group-4167C9DAB68E,id=37412b49-a8cf-4c76-b1e5-6ab6fc3f2cc0
2019-08-21 11:14:22,582 [pool-439-thread-1] INFO  server.RaftServerConfigKeys (ConfUtils.java:logGet(43)) - raft.server.snapshot.auto.trigger.enabled = true (custom)
2019-08-21 11:14:22,582 [pool-439-thread-1] INFO  server.RaftServerConfigKeys (ConfUtils.java:logGet(43)) - raft.server.snapshot.auto.trigger.threshold = 10000 (custom)
2019-08-21 11:14:22,582 [pool-439-thread-1] INFO  server.RaftServerConfigKeys (ConfUtils.java:logGet(43)) - raft.server.retrycache.expirytime = 600000ms (custom)
2019-08-21 11:14:22,583 [pool-439-thread-1] INFO  impl.RaftServerImpl (RaftServerImpl.java:start(180)) - d07e18e0-48ec-475d-bbfd-6733e1200993: start group-4167C9DAB68E
2019-08-21 11:14:22,583 [pool-439-thread-1] INFO  impl.RaftServerImpl (RaftServerImpl.java:setRole(171)) - d07e18e0-48ec-475d-bbfd-6733e1200993:group-4167C9DAB68E changes role from null to FOLLOWER at term 0 for startAsFollower
2019-08-21 11:14:22,583 [pool-439-thread-1] INFO  impl.RoleInfo (RoleInfo.java:updateAndGet(143)) - d07e18e0-48ec-475d-bbfd-6733e1200993: start FollowerState
2019-08-21 11:14:22,583 [pool-439-thread-1] INFO  util.JmxRegister (JmxRegister.java:tryRegister(44)) - Successfully registered JMX Bean with object name Ratis:service=RaftServer,group=group-4167C9DAB68E,id=d07e18e0-48ec-475d-bbfd-6733e1200993
2019-08-21 11:14:22,585 [RatisPipelineUtilsThread] INFO  pipeline.PipelineStateManager (PipelineStateManager.java:addPipeline(56)) - Created pipeline Pipeline[ Id: f6e2ed8b-9aab-45f3-8ade-4167c9dab68e, Nodes: d07e18e0-48ec-475d-bbfd-6733e1200993{ip: 192.168.34.23, host: pr-hdds-1937-2b42m-2998290358, networkLocation: /default-rack, certSerialId: null}ed9e288c-0744-4497-940c-3846f34b2d6c{ip: 192.168.34.23, host: pr-hdds-1937-2b42m-2998290358, networkLocation: /default-rack, certSerialId: null}37412b49-a8cf-4c76-b1e5-6ab6fc3f2cc0{ip: 192.168.34.23, host: pr-hdds-1937-2b42m-2998290358, networkLocation: /default-rack, certSerialId: null}, Type:RATIS, Factor:THREE, State:OPEN]
2019-08-21 11:14:22,698 [IPC Server handler 4 on 42202] INFO  net.NetworkTopology (NetworkTopologyImpl.java:add(110)) - Added a new node: /default-rack/0fe68b61-2b3a-4f4f-aa8a-648d7c166cbb
2019-08-21 11:14:22,699 [IPC Server handler 4 on 42202] INFO  node.SCMNodeManager (SCMNodeManager.java:register(273)) - Registered Data node : 0fe68b61-2b3a-4f4f-aa8a-648d7c166cbb{ip: 192.168.34.23, host: pr-hdds-1937-2b42m-2998290358, networkLocation: /default-rack, certSerialId: null}
2019-08-21 11:14:22,699 | INFO  | SCMAudit | user=jenkins1000 | ip=192.168.34.23 | op=REGISTER {datanodeDetails=0fe68b61-2b3a-4f4f-aa8a-648d7c166cbb{ip: 192.168.34.23, host: pr-hdds-1937-2b42m-2998290358, networkLocation: /default-rack, certSerialId: null}} | ret=SUCCESS |  
2019-08-21 11:14:22,709 [grpc-default-executor-11] INFO  impl.RaftServerProxy (RaftServerProxy.java:addNew(89)) - 0fe68b61-2b3a-4f4f-aa8a-648d7c166cbb: addNew group-3BF21A545B4A:[0fe68b61-2b3a-4f4f-aa8a-648d7c166cbb:192.168.34.23:46762] returns group-3BF21A545B4A:java.util.concurrent.CompletableFuture@581e86da[Not completed]
2019-08-21 11:14:22,710 [pool-472-thread-1] INFO  impl.RaftServerImpl (RaftServerImpl.java:<init>(93)) - 0fe68b61-2b3a-4f4f-aa8a-648d7c166cbb: new RaftServerImpl for group-3BF21A545B4A:[0fe68b61-2b3a-4f4f-aa8a-648d7c166cbb:192.168.34.23:46762] with ContainerStateMachine:uninitialized
2019-08-21 11:14:22,711 [pool-472-thread-1] INFO  server.RaftServerConfigKeys (ConfUtils.java:logGet(43)) - raft.server.rpc.timeout.min = 5s (custom)
2019-08-21 11:14:22,711 [pool-472-thread-1] INFO  server.RaftServerConfigKeys (ConfUtils.java:logGet(43)) - raft.server.rpc.timeout.max = 5200ms (custom)
2019-08-21 11:14:22,711 [pool-472-thread-1] INFO  server.RaftServerConfigKeys (ConfUtils.java:logGet(43)) - raft.server.rpcslowness.timeout = 120s (custom)
2019-08-21 11:14:22,711 [pool-472-thread-1] INFO  server.RaftServerConfigKeys (ConfUtils.java:logGet(43)) - raft.server.sleep.deviation.threshold = 300 (default)
2019-08-21 11:14:22,711 [pool-472-thread-1] INFO  server.RaftServerConfigKeys (ConfUtils.java:logGet(43)) - raft.server.log.appender.install.snapshot.enabled = false (custom)
2019-08-21 11:14:22,711 [pool-472-thread-1] INFO  impl.RaftServerImpl (ServerState.java:<init>(105)) - 0fe68b61-2b3a-4f4f-aa8a-648d7c166cbb:group-3BF21A545B4A ConfigurationManager, init=-1: [0fe68b61-2b3a-4f4f-aa8a-648d7c166cbb:192.168.34.23:46762], old=null, confs=<EMPTY_MAP>
2019-08-21 11:14:22,712 [pool-472-thread-1] INFO  server.RaftServerConfigKeys (ConfUtils.java:logGet(43)) - raft.server.storage.dir = [/workdir/hadoop-ozone/integration-test/target/test-dir/MiniOzoneClusterImpl-d193021e-39f1-4dac-9bda-16b6316a9a0a/datanode-3/data/ratis] (custom)
2019-08-21 11:14:22,712 [pool-472-thread-1] INFO  storage.RaftStorageDirectory (RaftStorageDirectory.java:analyzeStorage(246)) - The storage directory /workdir/hadoop-ozone/integration-test/target/test-dir/MiniOzoneClusterImpl-d193021e-39f1-4dac-9bda-16b6316a9a0a/datanode-3/data/ratis/78f8ddc1-268d-4d65-a925-3bf21a545b4a does not exist. Creating ...
2019-08-21 11:14:22,725 [pool-472-thread-1] INFO  storage.RaftStorageDirectory (RaftStorageDirectory.java:tryLock(328)) - Lock on /workdir/hadoop-ozone/integration-test/target/test-dir/MiniOzoneClusterImpl-d193021e-39f1-4dac-9bda-16b6316a9a0a/datanode-3/data/ratis/78f8ddc1-268d-4d65-a925-3bf21a545b4a/in_use.lock acquired by nodename 12037@pr-hdds-1937-2b42m-2998290358
2019-08-21 11:14:22,739 [pool-472-thread-1] INFO  storage.RaftStorage (RaftStorage.java:format(72)) - Storage directory /workdir/hadoop-ozone/integration-test/target/test-dir/MiniOzoneClusterImpl-d193021e-39f1-4dac-9bda-16b6316a9a0a/datanode-3/data/ratis/78f8ddc1-268d-4d65-a925-3bf21a545b4a has been successfully formatted.
2019-08-21 11:14:22,739 [pool-472-thread-1] INFO  ratis.ContainerStateMachine (ContainerStateMachine.java:loadSnapshot(226)) - group-3BF21A545B4A: The snapshot info is null. Setting the last applied indexto:(t:0, i:~)
2019-08-21 11:14:22,739 [pool-472-thread-1] INFO  server.RaftServerConfigKeys (ConfUtils.java:logGet(43)) - raft.server.leader.election.timeout = 120s (custom)
2019-08-21 11:14:22,739 [pool-472-thread-1] INFO  server.RaftServerConfigKeys (ConfUtils.java:logGet(43)) - raft.server.log.use.memory = false (default)
2019-08-21 11:14:22,739 [pool-472-thread-1] INFO  server.RaftServerConfigKeys (ConfUtils.java:logGet(43)) - raft.server.log.purge.gap = 1000000 (custom)
2019-08-21 11:14:22,740 [pool-472-thread-1] INFO  server.RaftServerConfigKeys (ConfUtils.java:logGet(43)) - raft.server.log.appender.buffer.byte-limit = 33554432 (custom)
2019-08-21 11:14:22,740 [pool-472-thread-1] INFO  server.RaftServerConfigKeys (ConfUtils.java:logGet(43)) - raft.server.log.segment.size.max = 1048576 (custom)
2019-08-21 11:14:22,740 [pool-472-thread-1] INFO  server.RaftServerConfigKeys (ConfUtils.java:logGet(43)) - raft.server.log.segment.cache.num.max = 2 (custom)
2019-08-21 11:14:22,740 [pool-472-thread-1] INFO  segmented.SegmentedRaftLogWorker (SegmentedRaftLogWorker.java:<init>(172)) - new 0fe68b61-2b3a-4f4f-aa8a-648d7c166cbb-SegmentedRaftLogWorker:Storage Directory /workdir/hadoop-ozone/integration-test/target/test-dir/MiniOzoneClusterImpl-d193021e-39f1-4dac-9bda-16b6316a9a0a/datanode-3/data/ratis/78f8ddc1-268d-4d65-a925-3bf21a545b4a for RaftStorage:Storage Directory /workdir/hadoop-ozone/integration-test/target/test-dir/MiniOzoneClusterImpl-d193021e-39f1-4dac-9bda-16b6316a9a0a/datanode-3/data/ratis/78f8ddc1-268d-4d65-a925-3bf21a545b4a
2019-08-21 11:14:22,740 [pool-472-thread-1] INFO  server.RaftServerConfigKeys (ConfUtils.java:logGet(43)) - raft.server.log.queue.byte-limit = 2147483647 (custom)
2019-08-21 11:14:22,741 [pool-472-thread-1] INFO  server.RaftServerConfigKeys (ConfUtils.java:logGet(43)) - raft.server.log.queue.element-limit = 1024 (custom)
2019-08-21 11:14:22,741 [pool-472-thread-1] INFO  server.RaftServerConfigKeys (ConfUtils.java:logGet(43)) - raft.server.log.segment.size.max = 1048576 (custom)
2019-08-21 11:14:22,741 [pool-472-thread-1] INFO  server.RaftServerConfigKeys (ConfUtils.java:logGet(43)) - raft.server.log.preallocated.size = 16384 (custom)
2019-08-21 11:14:22,741 [pool-472-thread-1] INFO  server.RaftServerConfigKeys (ConfUtils.java:logGet(43)) - raft.server.log.write.buffer.size = 33554432 (custom)
2019-08-21 11:14:22,741 [pool-472-thread-1] INFO  server.RaftServerConfigKeys (ConfUtils.java:logGet(43)) - raft.server.log.force.sync.num = 128 (default)
2019-08-21 11:14:22,741 [pool-472-thread-1] INFO  server.RaftServerConfigKeys (ConfUtils.java:logGet(43)) - raft.server.log.statemachine.data.sync = true (default)
2019-08-21 11:14:22,742 [pool-472-thread-1] INFO  server.RaftServerConfigKeys (ConfUtils.java:logGet(43)) - raft.server.log.statemachine.data.sync.timeout = 10s (default)
2019-08-21 11:14:22,742 [pool-472-thread-1] INFO  server.RaftServerConfigKeys (ConfUtils.java:logGet(43)) - raft.server.log.statemachine.data.sync.timeout.retry = -1 (default)
2019-08-21 11:14:22,742 [pool-472-thread-1] INFO  server.RaftServerConfigKeys (ConfUtils.java:logGet(43)) - raft.server.log.statemachine.data.caching.enabled = true (custom)
2019-08-21 11:14:22,742 [pool-472-thread-1] INFO  segmented.SegmentedRaftLogWorker (SegmentedRaftLogWorker.java:lambda$new$0(132)) - 0fe68b61-2b3a-4f4f-aa8a-648d7c166cbb-SegmentedRaftLogWorker:Storage Directory /workdir/hadoop-ozone/integration-test/target/test-dir/MiniOzoneClusterImpl-d193021e-39f1-4dac-9bda-16b6316a9a0a/datanode-3/data/ratis/78f8ddc1-268d-4d65-a925-3bf21a545b4a: flushIndex: setUnconditionally 0 -> -1
2019-08-21 11:14:22,743 [pool-472-thread-1] INFO  server.RaftServerConfigKeys (ConfUtils.java:logGet(43)) - raft.server.snapshot.auto.trigger.enabled = true (custom)
2019-08-21 11:14:22,743 [pool-472-thread-1] INFO  server.RaftServerConfigKeys (ConfUtils.java:logGet(43)) - raft.server.snapshot.auto.trigger.threshold = 10000 (custom)
2019-08-21 11:14:22,743 [pool-472-thread-1] INFO  server.RaftServerConfigKeys (ConfUtils.java:logGet(43)) - raft.server.retrycache.expirytime = 600000ms (custom)
2019-08-21 11:14:22,743 [pool-472-thread-1] INFO  impl.RaftServerImpl (RaftServerImpl.java:start(180)) - 0fe68b61-2b3a-4f4f-aa8a-648d7c166cbb: start group-3BF21A545B4A
2019-08-21 11:14:22,744 [pool-472-thread-1] INFO  impl.RaftServerImpl (RaftServerImpl.java:setRole(171)) - 0fe68b61-2b3a-4f4f-aa8a-648d7c166cbb:group-3BF21A545B4A changes role from null to FOLLOWER at term 0 for startAsFollower
2019-08-21 11:14:22,744 [pool-472-thread-1] INFO  impl.RoleInfo (RoleInfo.java:updateAndGet(143)) - 0fe68b61-2b3a-4f4f-aa8a-648d7c166cbb: start FollowerState
2019-08-21 11:14:22,744 [pool-472-thread-1] INFO  util.JmxRegister (JmxRegister.java:tryRegister(44)) - Successfully registered JMX Bean with object name Ratis:service=RaftServer,group=group-3BF21A545B4A,id=0fe68b61-2b3a-4f4f-aa8a-648d7c166cbb
2019-08-21 11:14:22,746 [RatisPipelineUtilsThread] INFO  pipeline.PipelineStateManager (PipelineStateManager.java:addPipeline(56)) - Created pipeline Pipeline[ Id: 78f8ddc1-268d-4d65-a925-3bf21a545b4a, Nodes: 0fe68b61-2b3a-4f4f-aa8a-648d7c166cbb{ip: 192.168.34.23, host: pr-hdds-1937-2b42m-2998290358, networkLocation: /default-rack, certSerialId: null}, Type:RATIS, Factor:ONE, State:OPEN]
2019-08-21 11:14:22,910 [IPC Server handler 5 on 42202] INFO  net.NetworkTopology (NetworkTopologyImpl.java:add(110)) - Added a new node: /default-rack/c596a87a-a2b8-4d47-9c90-b83d93b27bce
2019-08-21 11:14:22,911 [IPC Server handler 5 on 42202] INFO  node.SCMNodeManager (SCMNodeManager.java:register(273)) - Registered Data node : c596a87a-a2b8-4d47-9c90-b83d93b27bce{ip: 192.168.34.23, host: pr-hdds-1937-2b42m-2998290358, networkLocation: /default-rack, certSerialId: null}
2019-08-21 11:14:22,911 | INFO  | SCMAudit | user=jenkins1000 | ip=192.168.34.23 | op=REGISTER {datanodeDetails=c596a87a-a2b8-4d47-9c90-b83d93b27bce{ip: 192.168.34.23, host: pr-hdds-1937-2b42m-2998290358, networkLocation: /default-rack, certSerialId: null}} | ret=SUCCESS |  
2019-08-21 11:14:22,919 [grpc-default-executor-11] INFO  impl.RaftServerProxy (RaftServerProxy.java:addNew(89)) - c596a87a-a2b8-4d47-9c90-b83d93b27bce: addNew group-05F2C9FAAC2C:[c596a87a-a2b8-4d47-9c90-b83d93b27bce:192.168.34.23:41767] returns group-05F2C9FAAC2C:java.util.concurrent.CompletableFuture@4072d5d8[Not completed]
2019-08-21 11:14:22,920 [pool-483-thread-1] INFO  impl.RaftServerImpl (RaftServerImpl.java:<init>(93)) - c596a87a-a2b8-4d47-9c90-b83d93b27bce: new RaftServerImpl for group-05F2C9FAAC2C:[c596a87a-a2b8-4d47-9c90-b83d93b27bce:192.168.34.23:41767] with ContainerStateMachine:uninitialized
2019-08-21 11:14:22,920 [pool-483-thread-1] INFO  server.RaftServerConfigKeys (ConfUtils.java:logGet(43)) - raft.server.rpc.timeout.min = 5s (custom)
2019-08-21 11:14:22,920 [pool-483-thread-1] INFO  server.RaftServerConfigKeys (ConfUtils.java:logGet(43)) - raft.server.rpc.timeout.max = 5200ms (custom)
2019-08-21 11:14:22,921 [pool-483-thread-1] INFO  server.RaftServerConfigKeys (ConfUtils.java:logGet(43)) - raft.server.rpcslowness.timeout = 120s (custom)
2019-08-21 11:14:22,921 [pool-483-thread-1] INFO  server.RaftServerConfigKeys (ConfUtils.java:logGet(43)) - raft.server.sleep.deviation.threshold = 300 (default)
2019-08-21 11:14:22,921 [pool-483-thread-1] INFO  server.RaftServerConfigKeys (ConfUtils.java:logGet(43)) - raft.server.log.appender.install.snapshot.enabled = false (custom)
2019-08-21 11:14:22,921 [pool-483-thread-1] INFO  impl.RaftServerImpl (ServerState.java:<init>(105)) - c596a87a-a2b8-4d47-9c90-b83d93b27bce:group-05F2C9FAAC2C ConfigurationManager, init=-1: [c596a87a-a2b8-4d47-9c90-b83d93b27bce:192.168.34.23:41767], old=null, confs=<EMPTY_MAP>
2019-08-21 11:14:22,921 [pool-483-thread-1] INFO  server.RaftServerConfigKeys (ConfUtils.java:logGet(43)) - raft.server.storage.dir = [/workdir/hadoop-ozone/integration-test/target/test-dir/MiniOzoneClusterImpl-d193021e-39f1-4dac-9bda-16b6316a9a0a/datanode-4/data/ratis] (custom)
2019-08-21 11:14:22,922 [pool-483-thread-1] INFO  storage.RaftStorageDirectory (RaftStorageDirectory.java:analyzeStorage(246)) - The storage directory /workdir/hadoop-ozone/integration-test/target/test-dir/MiniOzoneClusterImpl-d193021e-39f1-4dac-9bda-16b6316a9a0a/datanode-4/data/ratis/060881fc-9f0a-4dde-959f-05f2c9faac2c does not exist. Creating ...
2019-08-21 11:14:22,935 [pool-483-thread-1] INFO  storage.RaftStorageDirectory (RaftStorageDirectory.java:tryLock(328)) - Lock on /workdir/hadoop-ozone/integration-test/target/test-dir/MiniOzoneClusterImpl-d193021e-39f1-4dac-9bda-16b6316a9a0a/datanode-4/data/ratis/060881fc-9f0a-4dde-959f-05f2c9faac2c/in_use.lock acquired by nodename 12037@pr-hdds-1937-2b42m-2998290358
2019-08-21 11:14:22,948 [pool-483-thread-1] INFO  storage.RaftStorage (RaftStorage.java:format(72)) - Storage directory /workdir/hadoop-ozone/integration-test/target/test-dir/MiniOzoneClusterImpl-d193021e-39f1-4dac-9bda-16b6316a9a0a/datanode-4/data/ratis/060881fc-9f0a-4dde-959f-05f2c9faac2c has been successfully formatted.
2019-08-21 11:14:22,948 [pool-483-thread-1] INFO  ratis.ContainerStateMachine (ContainerStateMachine.java:loadSnapshot(226)) - group-05F2C9FAAC2C: The snapshot info is null. Setting the last applied indexto:(t:0, i:~)
2019-08-21 11:14:22,949 [pool-483-thread-1] INFO  server.RaftServerConfigKeys (ConfUtils.java:logGet(43)) - raft.server.leader.election.timeout = 120s (custom)
2019-08-21 11:14:22,949 [pool-483-thread-1] INFO  server.RaftServerConfigKeys (ConfUtils.java:logGet(43)) - raft.server.log.use.memory = false (default)
2019-08-21 11:14:22,949 [pool-483-thread-1] INFO  server.RaftServerConfigKeys (ConfUtils.java:logGet(43)) - raft.server.log.purge.gap = 1000000 (custom)
2019-08-21 11:14:22,949 [pool-483-thread-1] INFO  server.RaftServerConfigKeys (ConfUtils.java:logGet(43)) - raft.server.log.appender.buffer.byte-limit = 33554432 (custom)
2019-08-21 11:14:22,949 [pool-483-thread-1] INFO  server.RaftServerConfigKeys (ConfUtils.java:logGet(43)) - raft.server.log.segment.size.max = 1048576 (custom)
2019-08-21 11:14:22,949 [pool-483-thread-1] INFO  server.RaftServerConfigKeys (ConfUtils.java:logGet(43)) - raft.server.log.segment.cache.num.max = 2 (custom)
2019-08-21 11:14:22,949 [pool-483-thread-1] INFO  segmented.SegmentedRaftLogWorker (SegmentedRaftLogWorker.java:<init>(172)) - new c596a87a-a2b8-4d47-9c90-b83d93b27bce-SegmentedRaftLogWorker:Storage Directory /workdir/hadoop-ozone/integration-test/target/test-dir/MiniOzoneClusterImpl-d193021e-39f1-4dac-9bda-16b6316a9a0a/datanode-4/data/ratis/060881fc-9f0a-4dde-959f-05f2c9faac2c for RaftStorage:Storage Directory /workdir/hadoop-ozone/integration-test/target/test-dir/MiniOzoneClusterImpl-d193021e-39f1-4dac-9bda-16b6316a9a0a/datanode-4/data/ratis/060881fc-9f0a-4dde-959f-05f2c9faac2c
2019-08-21 11:14:22,950 [pool-483-thread-1] INFO  server.RaftServerConfigKeys (ConfUtils.java:logGet(43)) - raft.server.log.queue.byte-limit = 2147483647 (custom)
2019-08-21 11:14:22,950 [pool-483-thread-1] INFO  server.RaftServerConfigKeys (ConfUtils.java:logGet(43)) - raft.server.log.queue.element-limit = 1024 (custom)
2019-08-21 11:14:22,950 [pool-483-thread-1] INFO  server.RaftServerConfigKeys (ConfUtils.java:logGet(43)) - raft.server.log.segment.size.max = 1048576 (custom)
2019-08-21 11:14:22,950 [pool-483-thread-1] INFO  server.RaftServerConfigKeys (ConfUtils.java:logGet(43)) - raft.server.log.preallocated.size = 16384 (custom)
2019-08-21 11:14:22,950 [pool-483-thread-1] INFO  server.RaftServerConfigKeys (ConfUtils.java:logGet(43)) - raft.server.log.write.buffer.size = 33554432 (custom)
2019-08-21 11:14:22,950 [pool-483-thread-1] INFO  server.RaftServerConfigKeys (ConfUtils.java:logGet(43)) - raft.server.log.force.sync.num = 128 (default)
2019-08-21 11:14:22,951 [pool-483-thread-1] INFO  server.RaftServerConfigKeys (ConfUtils.java:logGet(43)) - raft.server.log.statemachine.data.sync = true (default)
2019-08-21 11:14:22,951 [pool-483-thread-1] INFO  server.RaftServerConfigKeys (ConfUtils.java:logGet(43)) - raft.server.log.statemachine.data.sync.timeout = 10s (default)
2019-08-21 11:14:22,951 [pool-483-thread-1] INFO  server.RaftServerConfigKeys (ConfUtils.java:logGet(43)) - raft.server.log.statemachine.data.sync.timeout.retry = -1 (default)
2019-08-21 11:14:22,951 [pool-483-thread-1] INFO  server.RaftServerConfigKeys (ConfUtils.java:logGet(43)) - raft.server.log.statemachine.data.caching.enabled = true (custom)
2019-08-21 11:14:22,951 [pool-483-thread-1] INFO  segmented.SegmentedRaftLogWorker (SegmentedRaftLogWorker.java:lambda$new$0(132)) - c596a87a-a2b8-4d47-9c90-b83d93b27bce-SegmentedRaftLogWorker:Storage Directory /workdir/hadoop-ozone/integration-test/target/test-dir/MiniOzoneClusterImpl-d193021e-39f1-4dac-9bda-16b6316a9a0a/datanode-4/data/ratis/060881fc-9f0a-4dde-959f-05f2c9faac2c: flushIndex: setUnconditionally 0 -> -1
2019-08-21 11:14:22,952 [pool-483-thread-1] INFO  server.RaftServerConfigKeys (ConfUtils.java:logGet(43)) - raft.server.snapshot.auto.trigger.enabled = true (custom)
2019-08-21 11:14:22,952 [pool-483-thread-1] INFO  server.RaftServerConfigKeys (ConfUtils.java:logGet(43)) - raft.server.snapshot.auto.trigger.threshold = 10000 (custom)
2019-08-21 11:14:22,952 [pool-483-thread-1] INFO  server.RaftServerConfigKeys (ConfUtils.java:logGet(43)) - raft.server.retrycache.expirytime = 600000ms (custom)
2019-08-21 11:14:22,952 [pool-483-thread-1] INFO  impl.RaftServerImpl (RaftServerImpl.java:start(180)) - c596a87a-a2b8-4d47-9c90-b83d93b27bce: start group-05F2C9FAAC2C
2019-08-21 11:14:22,952 [pool-483-thread-1] INFO  impl.RaftServerImpl (RaftServerImpl.java:setRole(171)) - c596a87a-a2b8-4d47-9c90-b83d93b27bce:group-05F2C9FAAC2C changes role from null to FOLLOWER at term 0 for startAsFollower
2019-08-21 11:14:22,953 [pool-483-thread-1] INFO  impl.RoleInfo (RoleInfo.java:updateAndGet(143)) - c596a87a-a2b8-4d47-9c90-b83d93b27bce: start FollowerState
2019-08-21 11:14:22,953 [pool-483-thread-1] INFO  util.JmxRegister (JmxRegister.java:tryRegister(44)) - Successfully registered JMX Bean with object name Ratis:service=RaftServer,group=group-05F2C9FAAC2C,id=c596a87a-a2b8-4d47-9c90-b83d93b27bce
2019-08-21 11:14:22,955 [RatisPipelineUtilsThread] INFO  pipeline.PipelineStateManager (PipelineStateManager.java:addPipeline(56)) - Created pipeline Pipeline[ Id: 060881fc-9f0a-4dde-959f-05f2c9faac2c, Nodes: c596a87a-a2b8-4d47-9c90-b83d93b27bce{ip: 192.168.34.23, host: pr-hdds-1937-2b42m-2998290358, networkLocation: /default-rack, certSerialId: null}, Type:RATIS, Factor:ONE, State:OPEN]
2019-08-21 11:14:23,125 [IPC Server handler 2 on 42202] INFO  net.NetworkTopology (NetworkTopologyImpl.java:add(110)) - Added a new node: /default-rack/f4b96d6d-5834-4237-9c77-9d8fb94db68a
2019-08-21 11:14:23,125 [IPC Server handler 2 on 42202] INFO  node.SCMNodeManager (SCMNodeManager.java:register(273)) - Registered Data node : f4b96d6d-5834-4237-9c77-9d8fb94db68a{ip: 192.168.34.23, host: pr-hdds-1937-2b42m-2998290358, networkLocation: /default-rack, certSerialId: null}
2019-08-21 11:14:23,126 | INFO  | SCMAudit | user=jenkins1000 | ip=192.168.34.23 | op=REGISTER {datanodeDetails=f4b96d6d-5834-4237-9c77-9d8fb94db68a{ip: 192.168.34.23, host: pr-hdds-1937-2b42m-2998290358, networkLocation: /default-rack, certSerialId: null}} | ret=SUCCESS |  
2019-08-21 11:14:23,134 [grpc-default-executor-11] INFO  impl.RaftServerProxy (RaftServerProxy.java:addNew(89)) - f4b96d6d-5834-4237-9c77-9d8fb94db68a: addNew group-30B6B48B0CFC:[f4b96d6d-5834-4237-9c77-9d8fb94db68a:192.168.34.23:40742] returns group-30B6B48B0CFC:java.util.concurrent.CompletableFuture@5a3d0ba8[Not completed]
2019-08-21 11:14:23,135 [pool-494-thread-1] INFO  impl.RaftServerImpl (RaftServerImpl.java:<init>(93)) - f4b96d6d-5834-4237-9c77-9d8fb94db68a: new RaftServerImpl for group-30B6B48B0CFC:[f4b96d6d-5834-4237-9c77-9d8fb94db68a:192.168.34.23:40742] with ContainerStateMachine:uninitialized
2019-08-21 11:14:23,136 [pool-494-thread-1] INFO  server.RaftServerConfigKeys (ConfUtils.java:logGet(43)) - raft.server.rpc.timeout.min = 5s (custom)
2019-08-21 11:14:23,136 [pool-494-thread-1] INFO  server.RaftServerConfigKeys (ConfUtils.java:logGet(43)) - raft.server.rpc.timeout.max = 5200ms (custom)
2019-08-21 11:14:23,136 [pool-494-thread-1] INFO  server.RaftServerConfigKeys (ConfUtils.java:logGet(43)) - raft.server.rpcslowness.timeout = 120s (custom)
2019-08-21 11:14:23,136 [pool-494-thread-1] INFO  server.RaftServerConfigKeys (ConfUtils.java:logGet(43)) - raft.server.sleep.deviation.threshold = 300 (default)
2019-08-21 11:14:23,136 [pool-494-thread-1] INFO  server.RaftServerConfigKeys (ConfUtils.java:logGet(43)) - raft.server.log.appender.install.snapshot.enabled = false (custom)
2019-08-21 11:14:23,136 [pool-494-thread-1] INFO  impl.RaftServerImpl (ServerState.java:<init>(105)) - f4b96d6d-5834-4237-9c77-9d8fb94db68a:group-30B6B48B0CFC ConfigurationManager, init=-1: [f4b96d6d-5834-4237-9c77-9d8fb94db68a:192.168.34.23:40742], old=null, confs=<EMPTY_MAP>
2019-08-21 11:14:23,136 [pool-494-thread-1] INFO  server.RaftServerConfigKeys (ConfUtils.java:logGet(43)) - raft.server.storage.dir = [/workdir/hadoop-ozone/integration-test/target/test-dir/MiniOzoneClusterImpl-d193021e-39f1-4dac-9bda-16b6316a9a0a/datanode-5/data/ratis] (custom)
2019-08-21 11:14:23,137 [pool-494-thread-1] INFO  storage.RaftStorageDirectory (RaftStorageDirectory.java:analyzeStorage(246)) - The storage directory /workdir/hadoop-ozone/integration-test/target/test-dir/MiniOzoneClusterImpl-d193021e-39f1-4dac-9bda-16b6316a9a0a/datanode-5/data/ratis/f7319299-3775-4530-9554-30b6b48b0cfc does not exist. Creating ...
2019-08-21 11:14:23,150 [pool-494-thread-1] INFO  storage.RaftStorageDirectory (RaftStorageDirectory.java:tryLock(328)) - Lock on /workdir/hadoop-ozone/integration-test/target/test-dir/MiniOzoneClusterImpl-d193021e-39f1-4dac-9bda-16b6316a9a0a/datanode-5/data/ratis/f7319299-3775-4530-9554-30b6b48b0cfc/in_use.lock acquired by nodename 12037@pr-hdds-1937-2b42m-2998290358
2019-08-21 11:14:23,164 [pool-494-thread-1] INFO  storage.RaftStorage (RaftStorage.java:format(72)) - Storage directory /workdir/hadoop-ozone/integration-test/target/test-dir/MiniOzoneClusterImpl-d193021e-39f1-4dac-9bda-16b6316a9a0a/datanode-5/data/ratis/f7319299-3775-4530-9554-30b6b48b0cfc has been successfully formatted.
2019-08-21 11:14:23,164 [pool-494-thread-1] INFO  ratis.ContainerStateMachine (ContainerStateMachine.java:loadSnapshot(226)) - group-30B6B48B0CFC: The snapshot info is null. Setting the last applied indexto:(t:0, i:~)
2019-08-21 11:14:23,164 [pool-494-thread-1] INFO  server.RaftServerConfigKeys (ConfUtils.java:logGet(43)) - raft.server.leader.election.timeout = 120s (custom)
2019-08-21 11:14:23,164 [pool-494-thread-1] INFO  server.RaftServerConfigKeys (ConfUtils.java:logGet(43)) - raft.server.log.use.memory = false (default)
2019-08-21 11:14:23,164 [pool-494-thread-1] INFO  server.RaftServerConfigKeys (ConfUtils.java:logGet(43)) - raft.server.log.purge.gap = 1000000 (custom)
2019-08-21 11:14:23,165 [pool-494-thread-1] INFO  server.RaftServerConfigKeys (ConfUtils.java:logGet(43)) - raft.server.log.appender.buffer.byte-limit = 33554432 (custom)
2019-08-21 11:14:23,165 [pool-494-thread-1] INFO  server.RaftServerConfigKeys (ConfUtils.java:logGet(43)) - raft.server.log.segment.size.max = 1048576 (custom)
2019-08-21 11:14:23,165 [pool-494-thread-1] INFO  server.RaftServerConfigKeys (ConfUtils.java:logGet(43)) - raft.server.log.segment.cache.num.max = 2 (custom)
2019-08-21 11:14:23,165 [pool-494-thread-1] INFO  segmented.SegmentedRaftLogWorker (SegmentedRaftLogWorker.java:<init>(172)) - new f4b96d6d-5834-4237-9c77-9d8fb94db68a-SegmentedRaftLogWorker:Storage Directory /workdir/hadoop-ozone/integration-test/target/test-dir/MiniOzoneClusterImpl-d193021e-39f1-4dac-9bda-16b6316a9a0a/datanode-5/data/ratis/f7319299-3775-4530-9554-30b6b48b0cfc for RaftStorage:Storage Directory /workdir/hadoop-ozone/integration-test/target/test-dir/MiniOzoneClusterImpl-d193021e-39f1-4dac-9bda-16b6316a9a0a/datanode-5/data/ratis/f7319299-3775-4530-9554-30b6b48b0cfc
2019-08-21 11:14:23,165 [pool-494-thread-1] INFO  server.RaftServerConfigKeys (ConfUtils.java:logGet(43)) - raft.server.log.queue.byte-limit = 2147483647 (custom)
2019-08-21 11:14:23,165 [pool-494-thread-1] INFO  server.RaftServerConfigKeys (ConfUtils.java:logGet(43)) - raft.server.log.queue.element-limit = 1024 (custom)
2019-08-21 11:14:23,166 [pool-494-thread-1] INFO  server.RaftServerConfigKeys (ConfUtils.java:logGet(43)) - raft.server.log.segment.size.max = 1048576 (custom)
2019-08-21 11:14:23,166 [pool-494-thread-1] INFO  server.RaftServerConfigKeys (ConfUtils.java:logGet(43)) - raft.server.log.preallocated.size = 16384 (custom)
2019-08-21 11:14:23,166 [pool-494-thread-1] INFO  server.RaftServerConfigKeys (ConfUtils.java:logGet(43)) - raft.server.log.write.buffer.size = 33554432 (custom)
2019-08-21 11:14:23,166 [pool-494-thread-1] INFO  server.RaftServerConfigKeys (ConfUtils.java:logGet(43)) - raft.server.log.force.sync.num = 128 (default)
2019-08-21 11:14:23,166 [pool-494-thread-1] INFO  server.RaftServerConfigKeys (ConfUtils.java:logGet(43)) - raft.server.log.statemachine.data.sync = true (default)
2019-08-21 11:14:23,166 [pool-494-thread-1] INFO  server.RaftServerConfigKeys (ConfUtils.java:logGet(43)) - raft.server.log.statemachine.data.sync.timeout = 10s (default)
2019-08-21 11:14:23,167 [pool-494-thread-1] INFO  server.RaftServerConfigKeys (ConfUtils.java:logGet(43)) - raft.server.log.statemachine.data.sync.timeout.retry = -1 (default)
2019-08-21 11:14:23,167 [pool-494-thread-1] INFO  server.RaftServerConfigKeys (ConfUtils.java:logGet(43)) - raft.server.log.statemachine.data.caching.enabled = true (custom)
2019-08-21 11:14:23,167 [pool-494-thread-1] INFO  segmented.SegmentedRaftLogWorker (SegmentedRaftLogWorker.java:lambda$new$0(132)) - f4b96d6d-5834-4237-9c77-9d8fb94db68a-SegmentedRaftLogWorker:Storage Directory /workdir/hadoop-ozone/integration-test/target/test-dir/MiniOzoneClusterImpl-d193021e-39f1-4dac-9bda-16b6316a9a0a/datanode-5/data/ratis/f7319299-3775-4530-9554-30b6b48b0cfc: flushIndex: setUnconditionally 0 -> -1
2019-08-21 11:14:23,168 [pool-494-thread-1] INFO  server.RaftServerConfigKeys (ConfUtils.java:logGet(43)) - raft.server.snapshot.auto.trigger.enabled = true (custom)
2019-08-21 11:14:23,168 [pool-494-thread-1] INFO  server.RaftServerConfigKeys (ConfUtils.java:logGet(43)) - raft.server.snapshot.auto.trigger.threshold = 10000 (custom)
2019-08-21 11:14:23,168 [pool-494-thread-1] INFO  server.RaftServerConfigKeys (ConfUtils.java:logGet(43)) - raft.server.retrycache.expirytime = 600000ms (custom)
2019-08-21 11:14:23,168 [pool-494-thread-1] INFO  impl.RaftServerImpl (RaftServerImpl.java:start(180)) - f4b96d6d-5834-4237-9c77-9d8fb94db68a: start group-30B6B48B0CFC
2019-08-21 11:14:23,168 [pool-494-thread-1] INFO  impl.RaftServerImpl (RaftServerImpl.java:setRole(171)) - f4b96d6d-5834-4237-9c77-9d8fb94db68a:group-30B6B48B0CFC changes role from null to FOLLOWER at term 0 for startAsFollower
2019-08-21 11:14:23,168 [pool-494-thread-1] INFO  impl.RoleInfo (RoleInfo.java:updateAndGet(143)) - f4b96d6d-5834-4237-9c77-9d8fb94db68a: start FollowerState
2019-08-21 11:14:23,169 [pool-494-thread-1] INFO  util.JmxRegister (JmxRegister.java:tryRegister(44)) - Successfully registered JMX Bean with object name Ratis:service=RaftServer,group=group-30B6B48B0CFC,id=f4b96d6d-5834-4237-9c77-9d8fb94db68a
2019-08-21 11:14:23,172 [RatisPipelineUtilsThread] INFO  pipeline.PipelineStateManager (PipelineStateManager.java:addPipeline(56)) - Created pipeline Pipeline[ Id: f7319299-3775-4530-9554-30b6b48b0cfc, Nodes: f4b96d6d-5834-4237-9c77-9d8fb94db68a{ip: 192.168.34.23, host: pr-hdds-1937-2b42m-2998290358, networkLocation: /default-rack, certSerialId: null}, Type:RATIS, Factor:ONE, State:OPEN]
2019-08-21 11:14:23,180 [grpc-default-executor-12] INFO  impl.RaftServerProxy (RaftServerProxy.java:addNew(89)) - f4b96d6d-5834-4237-9c77-9d8fb94db68a: addNew group-9D273EF9328C:[f4b96d6d-5834-4237-9c77-9d8fb94db68a:192.168.34.23:40742, 0fe68b61-2b3a-4f4f-aa8a-648d7c166cbb:192.168.34.23:46762, c596a87a-a2b8-4d47-9c90-b83d93b27bce:192.168.34.23:41767] returns group-9D273EF9328C:java.util.concurrent.CompletableFuture@72bfd996[Not completed]
2019-08-21 11:14:23,180 [grpc-default-executor-11] INFO  impl.RaftServerProxy (RaftServerProxy.java:addNew(89)) - c596a87a-a2b8-4d47-9c90-b83d93b27bce: addNew group-9D273EF9328C:[f4b96d6d-5834-4237-9c77-9d8fb94db68a:192.168.34.23:40742, 0fe68b61-2b3a-4f4f-aa8a-648d7c166cbb:192.168.34.23:46762, c596a87a-a2b8-4d47-9c90-b83d93b27bce:192.168.34.23:41767] returns group-9D273EF9328C:java.util.concurrent.CompletableFuture@5582478d[Not completed]
2019-08-21 11:14:23,180 [grpc-default-executor-13] INFO  impl.RaftServerProxy (RaftServerProxy.java:addNew(89)) - 0fe68b61-2b3a-4f4f-aa8a-648d7c166cbb: addNew group-9D273EF9328C:[f4b96d6d-5834-4237-9c77-9d8fb94db68a:192.168.34.23:40742, 0fe68b61-2b3a-4f4f-aa8a-648d7c166cbb:192.168.34.23:46762, c596a87a-a2b8-4d47-9c90-b83d93b27bce:192.168.34.23:41767] returns group-9D273EF9328C:java.util.concurrent.CompletableFuture@64e27e0e[Not completed]
2019-08-21 11:14:23,181 [pool-494-thread-1] INFO  impl.RaftServerImpl (RaftServerImpl.java:<init>(93)) - f4b96d6d-5834-4237-9c77-9d8fb94db68a: new RaftServerImpl for group-9D273EF9328C:[f4b96d6d-5834-4237-9c77-9d8fb94db68a:192.168.34.23:40742, 0fe68b61-2b3a-4f4f-aa8a-648d7c166cbb:192.168.34.23:46762, c596a87a-a2b8-4d47-9c90-b83d93b27bce:192.168.34.23:41767] with ContainerStateMachine:uninitialized
2019-08-21 11:14:23,181 [pool-494-thread-1] INFO  server.RaftServerConfigKeys (ConfUtils.java:logGet(43)) - raft.server.rpc.timeout.min = 5s (custom)
2019-08-21 11:14:23,182 [pool-494-thread-1] INFO  server.RaftServerConfigKeys (ConfUtils.java:logGet(43)) - raft.server.rpc.timeout.max = 5200ms (custom)
2019-08-21 11:14:23,182 [pool-494-thread-1] INFO  server.RaftServerConfigKeys (ConfUtils.java:logGet(43)) - raft.server.rpcslowness.timeout = 120s (custom)
2019-08-21 11:14:23,182 [pool-494-thread-1] INFO  server.RaftServerConfigKeys (ConfUtils.java:logGet(43)) - raft.server.sleep.deviation.threshold = 300 (default)
2019-08-21 11:14:23,182 [pool-494-thread-1] INFO  server.RaftServerConfigKeys (ConfUtils.java:logGet(43)) - raft.server.log.appender.install.snapshot.enabled = false (custom)
2019-08-21 11:14:23,182 [pool-494-thread-1] INFO  impl.RaftServerImpl (ServerState.java:<init>(105)) - f4b96d6d-5834-4237-9c77-9d8fb94db68a:group-9D273EF9328C ConfigurationManager, init=-1: [f4b96d6d-5834-4237-9c77-9d8fb94db68a:192.168.34.23:40742, 0fe68b61-2b3a-4f4f-aa8a-648d7c166cbb:192.168.34.23:46762, c596a87a-a2b8-4d47-9c90-b83d93b27bce:192.168.34.23:41767], old=null, confs=<EMPTY_MAP>
2019-08-21 11:14:23,182 [pool-472-thread-1] INFO  impl.RaftServerImpl (RaftServerImpl.java:<init>(93)) - 0fe68b61-2b3a-4f4f-aa8a-648d7c166cbb: new RaftServerImpl for group-9D273EF9328C:[f4b96d6d-5834-4237-9c77-9d8fb94db68a:192.168.34.23:40742, 0fe68b61-2b3a-4f4f-aa8a-648d7c166cbb:192.168.34.23:46762, c596a87a-a2b8-4d47-9c90-b83d93b27bce:192.168.34.23:41767] with ContainerStateMachine:uninitialized
2019-08-21 11:14:23,182 [pool-494-thread-1] INFO  server.RaftServerConfigKeys (ConfUtils.java:logGet(43)) - raft.server.storage.dir = [/workdir/hadoop-ozone/integration-test/target/test-dir/MiniOzoneClusterImpl-d193021e-39f1-4dac-9bda-16b6316a9a0a/datanode-5/data/ratis] (custom)
2019-08-21 11:14:23,183 [pool-472-thread-1] INFO  server.RaftServerConfigKeys (ConfUtils.java:logGet(43)) - raft.server.rpc.timeout.min = 5s (custom)
2019-08-21 11:14:23,183 [pool-483-thread-1] INFO  impl.RaftServerImpl (RaftServerImpl.java:<init>(93)) - c596a87a-a2b8-4d47-9c90-b83d93b27bce: new RaftServerImpl for group-9D273EF9328C:[f4b96d6d-5834-4237-9c77-9d8fb94db68a:192.168.34.23:40742, 0fe68b61-2b3a-4f4f-aa8a-648d7c166cbb:192.168.34.23:46762, c596a87a-a2b8-4d47-9c90-b83d93b27bce:192.168.34.23:41767] with ContainerStateMachine:uninitialized
2019-08-21 11:14:23,183 [pool-494-thread-1] INFO  storage.RaftStorageDirectory (RaftStorageDirectory.java:analyzeStorage(246)) - The storage directory /workdir/hadoop-ozone/integration-test/target/test-dir/MiniOzoneClusterImpl-d193021e-39f1-4dac-9bda-16b6316a9a0a/datanode-5/data/ratis/4dd38366-85b3-4b4b-bf76-9d273ef9328c does not exist. Creating ...
2019-08-21 11:14:23,183 [pool-472-thread-1] INFO  server.RaftServerConfigKeys (ConfUtils.java:logGet(43)) - raft.server.rpc.timeout.max = 5200ms (custom)
2019-08-21 11:14:23,183 [pool-483-thread-1] INFO  server.RaftServerConfigKeys (ConfUtils.java:logGet(43)) - raft.server.rpc.timeout.min = 5s (custom)
2019-08-21 11:14:23,183 [pool-472-thread-1] INFO  server.RaftServerConfigKeys (ConfUtils.java:logGet(43)) - raft.server.rpcslowness.timeout = 120s (custom)
2019-08-21 11:14:23,183 [pool-483-thread-1] INFO  server.RaftServerConfigKeys (ConfUtils.java:logGet(43)) - raft.server.rpc.timeout.max = 5200ms (custom)
2019-08-21 11:14:23,183 [pool-472-thread-1] INFO  server.RaftServerConfigKeys (ConfUtils.java:logGet(43)) - raft.server.sleep.deviation.threshold = 300 (default)
2019-08-21 11:14:23,184 [pool-483-thread-1] INFO  server.RaftServerConfigKeys (ConfUtils.java:logGet(43)) - raft.server.rpcslowness.timeout = 120s (custom)
2019-08-21 11:14:23,184 [pool-472-thread-1] INFO  server.RaftServerConfigKeys (ConfUtils.java:logGet(43)) - raft.server.log.appender.install.snapshot.enabled = false (custom)
2019-08-21 11:14:23,184 [pool-483-thread-1] INFO  server.RaftServerConfigKeys (ConfUtils.java:logGet(43)) - raft.server.sleep.deviation.threshold = 300 (default)
2019-08-21 11:14:23,184 [pool-472-thread-1] INFO  impl.RaftServerImpl (ServerState.java:<init>(105)) - 0fe68b61-2b3a-4f4f-aa8a-648d7c166cbb:group-9D273EF9328C ConfigurationManager, init=-1: [f4b96d6d-5834-4237-9c77-9d8fb94db68a:192.168.34.23:40742, 0fe68b61-2b3a-4f4f-aa8a-648d7c166cbb:192.168.34.23:46762, c596a87a-a2b8-4d47-9c90-b83d93b27bce:192.168.34.23:41767], old=null, confs=<EMPTY_MAP>
2019-08-21 11:14:23,184 [pool-483-thread-1] INFO  server.RaftServerConfigKeys (ConfUtils.java:logGet(43)) - raft.server.log.appender.install.snapshot.enabled = false (custom)
2019-08-21 11:14:23,184 [pool-472-thread-1] INFO  server.RaftServerConfigKeys (ConfUtils.java:logGet(43)) - raft.server.storage.dir = [/workdir/hadoop-ozone/integration-test/target/test-dir/MiniOzoneClusterImpl-d193021e-39f1-4dac-9bda-16b6316a9a0a/datanode-3/data/ratis] (custom)
2019-08-21 11:14:23,184 [pool-483-thread-1] INFO  impl.RaftServerImpl (ServerState.java:<init>(105)) - c596a87a-a2b8-4d47-9c90-b83d93b27bce:group-9D273EF9328C ConfigurationManager, init=-1: [f4b96d6d-5834-4237-9c77-9d8fb94db68a:192.168.34.23:40742, 0fe68b61-2b3a-4f4f-aa8a-648d7c166cbb:192.168.34.23:46762, c596a87a-a2b8-4d47-9c90-b83d93b27bce:192.168.34.23:41767], old=null, confs=<EMPTY_MAP>
2019-08-21 11:14:23,185 [pool-483-thread-1] INFO  server.RaftServerConfigKeys (ConfUtils.java:logGet(43)) - raft.server.storage.dir = [/workdir/hadoop-ozone/integration-test/target/test-dir/MiniOzoneClusterImpl-d193021e-39f1-4dac-9bda-16b6316a9a0a/datanode-4/data/ratis] (custom)
2019-08-21 11:14:23,185 [pool-472-thread-1] INFO  storage.RaftStorageDirectory (RaftStorageDirectory.java:analyzeStorage(246)) - The storage directory /workdir/hadoop-ozone/integration-test/target/test-dir/MiniOzoneClusterImpl-d193021e-39f1-4dac-9bda-16b6316a9a0a/datanode-3/data/ratis/4dd38366-85b3-4b4b-bf76-9d273ef9328c does not exist. Creating ...
2019-08-21 11:14:23,185 [pool-483-thread-1] INFO  storage.RaftStorageDirectory (RaftStorageDirectory.java:analyzeStorage(246)) - The storage directory /workdir/hadoop-ozone/integration-test/target/test-dir/MiniOzoneClusterImpl-d193021e-39f1-4dac-9bda-16b6316a9a0a/datanode-4/data/ratis/4dd38366-85b3-4b4b-bf76-9d273ef9328c does not exist. Creating ...
2019-08-21 11:14:23,196 [pool-472-thread-1] INFO  storage.RaftStorageDirectory (RaftStorageDirectory.java:tryLock(328)) - Lock on /workdir/hadoop-ozone/integration-test/target/test-dir/MiniOzoneClusterImpl-d193021e-39f1-4dac-9bda-16b6316a9a0a/datanode-3/data/ratis/4dd38366-85b3-4b4b-bf76-9d273ef9328c/in_use.lock acquired by nodename 12037@pr-hdds-1937-2b42m-2998290358
2019-08-21 11:14:23,196 [pool-483-thread-1] INFO  storage.RaftStorageDirectory (RaftStorageDirectory.java:tryLock(328)) - Lock on /workdir/hadoop-ozone/integration-test/target/test-dir/MiniOzoneClusterImpl-d193021e-39f1-4dac-9bda-16b6316a9a0a/datanode-4/data/ratis/4dd38366-85b3-4b4b-bf76-9d273ef9328c/in_use.lock acquired by nodename 12037@pr-hdds-1937-2b42m-2998290358
2019-08-21 11:14:23,196 [pool-494-thread-1] INFO  storage.RaftStorageDirectory (RaftStorageDirectory.java:tryLock(328)) - Lock on /workdir/hadoop-ozone/integration-test/target/test-dir/MiniOzoneClusterImpl-d193021e-39f1-4dac-9bda-16b6316a9a0a/datanode-5/data/ratis/4dd38366-85b3-4b4b-bf76-9d273ef9328c/in_use.lock acquired by nodename 12037@pr-hdds-1937-2b42m-2998290358
2019-08-21 11:14:23,210 [pool-494-thread-1] INFO  storage.RaftStorage (RaftStorage.java:format(72)) - Storage directory /workdir/hadoop-ozone/integration-test/target/test-dir/MiniOzoneClusterImpl-d193021e-39f1-4dac-9bda-16b6316a9a0a/datanode-5/data/ratis/4dd38366-85b3-4b4b-bf76-9d273ef9328c has been successfully formatted.
2019-08-21 11:14:23,210 [pool-472-thread-1] INFO  storage.RaftStorage (RaftStorage.java:format(72)) - Storage directory /workdir/hadoop-ozone/integration-test/target/test-dir/MiniOzoneClusterImpl-d193021e-39f1-4dac-9bda-16b6316a9a0a/datanode-3/data/ratis/4dd38366-85b3-4b4b-bf76-9d273ef9328c has been successfully formatted.
2019-08-21 11:14:23,210 [pool-483-thread-1] INFO  storage.RaftStorage (RaftStorage.java:format(72)) - Storage directory /workdir/hadoop-ozone/integration-test/target/test-dir/MiniOzoneClusterImpl-d193021e-39f1-4dac-9bda-16b6316a9a0a/datanode-4/data/ratis/4dd38366-85b3-4b4b-bf76-9d273ef9328c has been successfully formatted.
2019-08-21 11:14:23,210 [pool-472-thread-1] INFO  ratis.ContainerStateMachine (ContainerStateMachine.java:loadSnapshot(226)) - group-9D273EF9328C: The snapshot info is null. Setting the last applied indexto:(t:0, i:~)
2019-08-21 11:14:23,210 [pool-494-thread-1] INFO  ratis.ContainerStateMachine (ContainerStateMachine.java:loadSnapshot(226)) - group-9D273EF9328C: The snapshot info is null. Setting the last applied indexto:(t:0, i:~)
2019-08-21 11:14:23,211 [pool-472-thread-1] INFO  server.RaftServerConfigKeys (ConfUtils.java:logGet(43)) - raft.server.leader.election.timeout = 120s (custom)
2019-08-21 11:14:23,211 [pool-483-thread-1] INFO  ratis.ContainerStateMachine (ContainerStateMachine.java:loadSnapshot(226)) - group-9D273EF9328C: The snapshot info is null. Setting the last applied indexto:(t:0, i:~)
2019-08-21 11:14:23,211 [pool-472-thread-1] INFO  server.RaftServerConfigKeys (ConfUtils.java:logGet(43)) - raft.server.log.use.memory = false (default)
2019-08-21 11:14:23,211 [pool-494-thread-1] INFO  server.RaftServerConfigKeys (ConfUtils.java:logGet(43)) - raft.server.leader.election.timeout = 120s (custom)
2019-08-21 11:14:23,211 [pool-472-thread-1] INFO  server.RaftServerConfigKeys (ConfUtils.java:logGet(43)) - raft.server.log.purge.gap = 1000000 (custom)
2019-08-21 11:14:23,211 [pool-483-thread-1] INFO  server.RaftServerConfigKeys (ConfUtils.java:logGet(43)) - raft.server.leader.election.timeout = 120s (custom)
2019-08-21 11:14:23,212 [pool-472-thread-1] INFO  server.RaftServerConfigKeys (ConfUtils.java:logGet(43)) - raft.server.log.appender.buffer.byte-limit = 33554432 (custom)
2019-08-21 11:14:23,212 [pool-494-thread-1] INFO  server.RaftServerConfigKeys (ConfUtils.java:logGet(43)) - raft.server.log.use.memory = false (default)
2019-08-21 11:14:23,212 [pool-472-thread-1] INFO  server.RaftServerConfigKeys (ConfUtils.java:logGet(43)) - raft.server.log.segment.size.max = 1048576 (custom)
2019-08-21 11:14:23,212 [pool-483-thread-1] INFO  server.RaftServerConfigKeys (ConfUtils.java:logGet(43)) - raft.server.log.use.memory = false (default)
2019-08-21 11:14:23,212 [pool-472-thread-1] INFO  server.RaftServerConfigKeys (ConfUtils.java:logGet(43)) - raft.server.log.segment.cache.num.max = 2 (custom)
2019-08-21 11:14:23,212 [pool-494-thread-1] INFO  server.RaftServerConfigKeys (ConfUtils.java:logGet(43)) - raft.server.log.purge.gap = 1000000 (custom)
2019-08-21 11:14:23,213 [pool-472-thread-1] INFO  segmented.SegmentedRaftLogWorker (SegmentedRaftLogWorker.java:<init>(172)) - new 0fe68b61-2b3a-4f4f-aa8a-648d7c166cbb-SegmentedRaftLogWorker:Storage Directory /workdir/hadoop-ozone/integration-test/target/test-dir/MiniOzoneClusterImpl-d193021e-39f1-4dac-9bda-16b6316a9a0a/datanode-3/data/ratis/4dd38366-85b3-4b4b-bf76-9d273ef9328c for RaftStorage:Storage Directory /workdir/hadoop-ozone/integration-test/target/test-dir/MiniOzoneClusterImpl-d193021e-39f1-4dac-9bda-16b6316a9a0a/datanode-3/data/ratis/4dd38366-85b3-4b4b-bf76-9d273ef9328c
2019-08-21 11:14:23,213 [pool-483-thread-1] INFO  server.RaftServerConfigKeys (ConfUtils.java:logGet(43)) - raft.server.log.purge.gap = 1000000 (custom)
2019-08-21 11:14:23,213 [pool-472-thread-1] INFO  server.RaftServerConfigKeys (ConfUtils.java:logGet(43)) - raft.server.log.queue.byte-limit = 2147483647 (custom)
2019-08-21 11:14:23,213 [pool-472-thread-1] INFO  server.RaftServerConfigKeys (ConfUtils.java:logGet(43)) - raft.server.log.queue.element-limit = 1024 (custom)
2019-08-21 11:14:23,213 [pool-494-thread-1] INFO  server.RaftServerConfigKeys (ConfUtils.java:logGet(43)) - raft.server.log.appender.buffer.byte-limit = 33554432 (custom)
2019-08-21 11:14:23,214 [pool-472-thread-1] INFO  server.RaftServerConfigKeys (ConfUtils.java:logGet(43)) - raft.server.log.segment.size.max = 1048576 (custom)
2019-08-21 11:14:23,213 [pool-483-thread-1] INFO  server.RaftServerConfigKeys (ConfUtils.java:logGet(43)) - raft.server.log.appender.buffer.byte-limit = 33554432 (custom)
2019-08-21 11:14:23,214 [pool-472-thread-1] INFO  server.RaftServerConfigKeys (ConfUtils.java:logGet(43)) - raft.server.log.preallocated.size = 16384 (custom)
2019-08-21 11:14:23,214 [pool-494-thread-1] INFO  server.RaftServerConfigKeys (ConfUtils.java:logGet(43)) - raft.server.log.segment.size.max = 1048576 (custom)
2019-08-21 11:14:23,214 [pool-472-thread-1] INFO  server.RaftServerConfigKeys (ConfUtils.java:logGet(43)) - raft.server.log.write.buffer.size = 33554432 (custom)
2019-08-21 11:14:23,214 [pool-483-thread-1] INFO  server.RaftServerConfigKeys (ConfUtils.java:logGet(43)) - raft.server.log.segment.size.max = 1048576 (custom)
2019-08-21 11:14:23,215 [pool-472-thread-1] INFO  server.RaftServerConfigKeys (ConfUtils.java:logGet(43)) - raft.server.log.force.sync.num = 128 (default)
2019-08-21 11:14:23,215 [pool-472-thread-1] INFO  server.RaftServerConfigKeys (ConfUtils.java:logGet(43)) - raft.server.log.statemachine.data.sync = true (default)
2019-08-21 11:14:23,214 [pool-494-thread-1] INFO  server.RaftServerConfigKeys (ConfUtils.java:logGet(43)) - raft.server.log.segment.cache.num.max = 2 (custom)
2019-08-21 11:14:23,215 [pool-472-thread-1] INFO  server.RaftServerConfigKeys (ConfUtils.java:logGet(43)) - raft.server.log.statemachine.data.sync.timeout = 10s (default)
2019-08-21 11:14:23,215 [pool-472-thread-1] INFO  server.RaftServerConfigKeys (ConfUtils.java:logGet(43)) - raft.server.log.statemachine.data.sync.timeout.retry = -1 (default)
2019-08-21 11:14:23,215 [pool-483-thread-1] INFO  server.RaftServerConfigKeys (ConfUtils.java:logGet(43)) - raft.server.log.segment.cache.num.max = 2 (custom)
2019-08-21 11:14:23,216 [pool-472-thread-1] INFO  server.RaftServerConfigKeys (ConfUtils.java:logGet(43)) - raft.server.log.statemachine.data.caching.enabled = true (custom)
2019-08-21 11:14:23,215 [pool-494-thread-1] INFO  segmented.SegmentedRaftLogWorker (SegmentedRaftLogWorker.java:<init>(172)) - new f4b96d6d-5834-4237-9c77-9d8fb94db68a-SegmentedRaftLogWorker:Storage Directory /workdir/hadoop-ozone/integration-test/target/test-dir/MiniOzoneClusterImpl-d193021e-39f1-4dac-9bda-16b6316a9a0a/datanode-5/data/ratis/4dd38366-85b3-4b4b-bf76-9d273ef9328c for RaftStorage:Storage Directory /workdir/hadoop-ozone/integration-test/target/test-dir/MiniOzoneClusterImpl-d193021e-39f1-4dac-9bda-16b6316a9a0a/datanode-5/data/ratis/4dd38366-85b3-4b4b-bf76-9d273ef9328c
2019-08-21 11:14:23,216 [pool-483-thread-1] INFO  segmented.SegmentedRaftLogWorker (SegmentedRaftLogWorker.java:<init>(172)) - new c596a87a-a2b8-4d47-9c90-b83d93b27bce-SegmentedRaftLogWorker:Storage Directory /workdir/hadoop-ozone/integration-test/target/test-dir/MiniOzoneClusterImpl-d193021e-39f1-4dac-9bda-16b6316a9a0a/datanode-4/data/ratis/4dd38366-85b3-4b4b-bf76-9d273ef9328c for RaftStorage:Storage Directory /workdir/hadoop-ozone/integration-test/target/test-dir/MiniOzoneClusterImpl-d193021e-39f1-4dac-9bda-16b6316a9a0a/datanode-4/data/ratis/4dd38366-85b3-4b4b-bf76-9d273ef9328c
2019-08-21 11:14:23,216 [pool-494-thread-1] INFO  server.RaftServerConfigKeys (ConfUtils.java:logGet(43)) - raft.server.log.queue.byte-limit = 2147483647 (custom)
2019-08-21 11:14:23,216 [pool-472-thread-1] INFO  segmented.SegmentedRaftLogWorker (SegmentedRaftLogWorker.java:lambda$new$0(132)) - 0fe68b61-2b3a-4f4f-aa8a-648d7c166cbb-SegmentedRaftLogWorker:Storage Directory /workdir/hadoop-ozone/integration-test/target/test-dir/MiniOzoneClusterImpl-d193021e-39f1-4dac-9bda-16b6316a9a0a/datanode-3/data/ratis/4dd38366-85b3-4b4b-bf76-9d273ef9328c: flushIndex: setUnconditionally 0 -> -1
2019-08-21 11:14:23,216 [pool-494-thread-1] INFO  server.RaftServerConfigKeys (ConfUtils.java:logGet(43)) - raft.server.log.queue.element-limit = 1024 (custom)
2019-08-21 11:14:23,216 [pool-483-thread-1] INFO  server.RaftServerConfigKeys (ConfUtils.java:logGet(43)) - raft.server.log.queue.byte-limit = 2147483647 (custom)
2019-08-21 11:14:23,217 [pool-494-thread-1] INFO  server.RaftServerConfigKeys (ConfUtils.java:logGet(43)) - raft.server.log.segment.size.max = 1048576 (custom)
2019-08-21 11:14:23,217 [pool-472-thread-1] INFO  server.RaftServerConfigKeys (ConfUtils.java:logGet(43)) - raft.server.snapshot.auto.trigger.enabled = true (custom)
2019-08-21 11:14:23,217 [pool-494-thread-1] INFO  server.RaftServerConfigKeys (ConfUtils.java:logGet(43)) - raft.server.log.preallocated.size = 16384 (custom)
2019-08-21 11:14:23,217 [pool-483-thread-1] INFO  server.RaftServerConfigKeys (ConfUtils.java:logGet(43)) - raft.server.log.queue.element-limit = 1024 (custom)
2019-08-21 11:14:23,217 [pool-494-thread-1] INFO  server.RaftServerConfigKeys (ConfUtils.java:logGet(43)) - raft.server.log.write.buffer.size = 33554432 (custom)
2019-08-21 11:14:23,217 [pool-472-thread-1] INFO  server.RaftServerConfigKeys (ConfUtils.java:logGet(43)) - raft.server.snapshot.auto.trigger.threshold = 10000 (custom)
2019-08-21 11:14:23,218 [pool-494-thread-1] INFO  server.RaftServerConfigKeys (ConfUtils.java:logGet(43)) - raft.server.log.force.sync.num = 128 (default)
2019-08-21 11:14:23,218 [pool-483-thread-1] INFO  server.RaftServerConfigKeys (ConfUtils.java:logGet(43)) - raft.server.log.segment.size.max = 1048576 (custom)
2019-08-21 11:14:23,218 [pool-494-thread-1] INFO  server.RaftServerConfigKeys (ConfUtils.java:logGet(43)) - raft.server.log.statemachine.data.sync = true (default)
2019-08-21 11:14:23,218 [pool-472-thread-1] INFO  server.RaftServerConfigKeys (ConfUtils.java:logGet(43)) - raft.server.retrycache.expirytime = 600000ms (custom)
2019-08-21 11:14:23,218 [pool-494-thread-1] INFO  server.RaftServerConfigKeys (ConfUtils.java:logGet(43)) - raft.server.log.statemachine.data.sync.timeout = 10s (default)
2019-08-21 11:14:23,218 [pool-483-thread-1] INFO  server.RaftServerConfigKeys (ConfUtils.java:logGet(43)) - raft.server.log.preallocated.size = 16384 (custom)
2019-08-21 11:14:23,219 [pool-494-thread-1] INFO  server.RaftServerConfigKeys (ConfUtils.java:logGet(43)) - raft.server.log.statemachine.data.sync.timeout.retry = -1 (default)
2019-08-21 11:14:23,219 [pool-472-thread-1] INFO  impl.RaftServerImpl (RaftServerImpl.java:start(180)) - 0fe68b61-2b3a-4f4f-aa8a-648d7c166cbb: start group-9D273EF9328C
2019-08-21 11:14:23,219 [pool-494-thread-1] INFO  server.RaftServerConfigKeys (ConfUtils.java:logGet(43)) - raft.server.log.statemachine.data.caching.enabled = true (custom)
2019-08-21 11:14:23,219 [pool-483-thread-1] INFO  server.RaftServerConfigKeys (ConfUtils.java:logGet(43)) - raft.server.log.write.buffer.size = 33554432 (custom)
2019-08-21 11:14:23,219 [pool-472-thread-1] INFO  impl.RaftServerImpl (RaftServerImpl.java:setRole(171)) - 0fe68b61-2b3a-4f4f-aa8a-648d7c166cbb:group-9D273EF9328C changes role from null to FOLLOWER at term 0 for startAsFollower
2019-08-21 11:14:23,220 [pool-494-thread-1] INFO  segmented.SegmentedRaftLogWorker (SegmentedRaftLogWorker.java:lambda$new$0(132)) - f4b96d6d-5834-4237-9c77-9d8fb94db68a-SegmentedRaftLogWorker:Storage Directory /workdir/hadoop-ozone/integration-test/target/test-dir/MiniOzoneClusterImpl-d193021e-39f1-4dac-9bda-16b6316a9a0a/datanode-5/data/ratis/4dd38366-85b3-4b4b-bf76-9d273ef9328c: flushIndex: setUnconditionally 0 -> -1
2019-08-21 11:14:23,219 [pool-483-thread-1] INFO  server.RaftServerConfigKeys (ConfUtils.java:logGet(43)) - raft.server.log.force.sync.num = 128 (default)
2019-08-21 11:14:23,220 [pool-472-thread-1] INFO  impl.RoleInfo (RoleInfo.java:updateAndGet(143)) - 0fe68b61-2b3a-4f4f-aa8a-648d7c166cbb: start FollowerState
2019-08-21 11:14:23,220 [pool-483-thread-1] INFO  server.RaftServerConfigKeys (ConfUtils.java:logGet(43)) - raft.server.log.statemachine.data.sync = true (default)
2019-08-21 11:14:23,220 [pool-494-thread-1] INFO  server.RaftServerConfigKeys (ConfUtils.java:logGet(43)) - raft.server.snapshot.auto.trigger.enabled = true (custom)
2019-08-21 11:14:23,220 [pool-483-thread-1] INFO  server.RaftServerConfigKeys (ConfUtils.java:logGet(43)) - raft.server.log.statemachine.data.sync.timeout = 10s (default)
2019-08-21 11:14:23,220 [pool-472-thread-1] INFO  util.JmxRegister (JmxRegister.java:tryRegister(44)) - Successfully registered JMX Bean with object name Ratis:service=RaftServer,group=group-9D273EF9328C,id=0fe68b61-2b3a-4f4f-aa8a-648d7c166cbb
2019-08-21 11:14:23,220 [pool-494-thread-1] INFO  server.RaftServerConfigKeys (ConfUtils.java:logGet(43)) - raft.server.snapshot.auto.trigger.threshold = 10000 (custom)
2019-08-21 11:14:23,221 [pool-483-thread-1] INFO  server.RaftServerConfigKeys (ConfUtils.java:logGet(43)) - raft.server.log.statemachine.data.sync.timeout.retry = -1 (default)
2019-08-21 11:14:23,221 [pool-494-thread-1] INFO  server.RaftServerConfigKeys (ConfUtils.java:logGet(43)) - raft.server.retrycache.expirytime = 600000ms (custom)
2019-08-21 11:14:23,221 [pool-483-thread-1] INFO  server.RaftServerConfigKeys (ConfUtils.java:logGet(43)) - raft.server.log.statemachine.data.caching.enabled = true (custom)
2019-08-21 11:14:23,221 [pool-494-thread-1] INFO  impl.RaftServerImpl (RaftServerImpl.java:start(180)) - f4b96d6d-5834-4237-9c77-9d8fb94db68a: start group-9D273EF9328C
2019-08-21 11:14:23,221 [pool-494-thread-1] INFO  impl.RaftServerImpl (RaftServerImpl.java:setRole(171)) - f4b96d6d-5834-4237-9c77-9d8fb94db68a:group-9D273EF9328C changes role from null to FOLLOWER at term 0 for startAsFollower
2019-08-21 11:14:23,222 [pool-483-thread-1] INFO  segmented.SegmentedRaftLogWorker (SegmentedRaftLogWorker.java:lambda$new$0(132)) - c596a87a-a2b8-4d47-9c90-b83d93b27bce-SegmentedRaftLogWorker:Storage Directory /workdir/hadoop-ozone/integration-test/target/test-dir/MiniOzoneClusterImpl-d193021e-39f1-4dac-9bda-16b6316a9a0a/datanode-4/data/ratis/4dd38366-85b3-4b4b-bf76-9d273ef9328c: flushIndex: setUnconditionally 0 -> -1
2019-08-21 11:14:23,222 [pool-494-thread-1] INFO  impl.RoleInfo (RoleInfo.java:updateAndGet(143)) - f4b96d6d-5834-4237-9c77-9d8fb94db68a: start FollowerState
2019-08-21 11:14:23,222 [pool-483-thread-1] INFO  server.RaftServerConfigKeys (ConfUtils.java:logGet(43)) - raft.server.snapshot.auto.trigger.enabled = true (custom)
2019-08-21 11:14:23,222 [pool-483-thread-1] INFO  server.RaftServerConfigKeys (ConfUtils.java:logGet(43)) - raft.server.snapshot.auto.trigger.threshold = 10000 (custom)
2019-08-21 11:14:23,222 [pool-494-thread-1] INFO  util.JmxRegister (JmxRegister.java:tryRegister(44)) - Successfully registered JMX Bean with object name Ratis:service=RaftServer,group=group-9D273EF9328C,id=f4b96d6d-5834-4237-9c77-9d8fb94db68a
2019-08-21 11:14:23,222 [pool-483-thread-1] INFO  server.RaftServerConfigKeys (ConfUtils.java:logGet(43)) - raft.server.retrycache.expirytime = 600000ms (custom)
2019-08-21 11:14:23,223 [pool-483-thread-1] INFO  impl.RaftServerImpl (RaftServerImpl.java:start(180)) - c596a87a-a2b8-4d47-9c90-b83d93b27bce: start group-9D273EF9328C
2019-08-21 11:14:23,223 [pool-483-thread-1] INFO  impl.RaftServerImpl (RaftServerImpl.java:setRole(171)) - c596a87a-a2b8-4d47-9c90-b83d93b27bce:group-9D273EF9328C changes role from null to FOLLOWER at term 0 for startAsFollower
2019-08-21 11:14:23,223 [pool-483-thread-1] INFO  impl.RoleInfo (RoleInfo.java:updateAndGet(143)) - c596a87a-a2b8-4d47-9c90-b83d93b27bce: start FollowerState
2019-08-21 11:14:23,224 [pool-483-thread-1] INFO  util.JmxRegister (JmxRegister.java:tryRegister(44)) - Successfully registered JMX Bean with object name Ratis:service=RaftServer,group=group-9D273EF9328C,id=c596a87a-a2b8-4d47-9c90-b83d93b27bce
2019-08-21 11:14:23,226 [RatisPipelineUtilsThread] INFO  pipeline.PipelineStateManager (PipelineStateManager.java:addPipeline(56)) - Created pipeline Pipeline[ Id: 4dd38366-85b3-4b4b-bf76-9d273ef9328c, Nodes: c596a87a-a2b8-4d47-9c90-b83d93b27bce{ip: 192.168.34.23, host: pr-hdds-1937-2b42m-2998290358, networkLocation: /default-rack, certSerialId: null}0fe68b61-2b3a-4f4f-aa8a-648d7c166cbb{ip: 192.168.34.23, host: pr-hdds-1937-2b42m-2998290358, networkLocation: /default-rack, certSerialId: null}f4b96d6d-5834-4237-9c77-9d8fb94db68a{ip: 192.168.34.23, host: pr-hdds-1937-2b42m-2998290358, networkLocation: /default-rack, certSerialId: null}, Type:RATIS, Factor:THREE, State:OPEN]
2019-08-21 11:14:23,347 [main] INFO  ozone.MiniOzoneClusterImpl (MiniOzoneClusterImpl.java:lambda$waitForClusterToBeReady$0(142)) - Waiting for cluster to be ready. Got 6 of 7 DN Heartbeats.
2019-08-21 11:14:23,348 [IPC Server handler 1 on 42202] INFO  net.NetworkTopology (NetworkTopologyImpl.java:add(110)) - Added a new node: /default-rack/430f0a46-4fd4-4998-b8d2-ebf7f49c572d
2019-08-21 11:14:23,349 [IPC Server handler 1 on 42202] INFO  node.SCMNodeManager (SCMNodeManager.java:register(273)) - Registered Data node : 430f0a46-4fd4-4998-b8d2-ebf7f49c572d{ip: 192.168.34.23, host: pr-hdds-1937-2b42m-2998290358, networkLocation: /default-rack, certSerialId: null}
2019-08-21 11:14:23,349 | INFO  | SCMAudit | user=jenkins1000 | ip=192.168.34.23 | op=REGISTER {datanodeDetails=430f0a46-4fd4-4998-b8d2-ebf7f49c572d{ip: 192.168.34.23, host: pr-hdds-1937-2b42m-2998290358, networkLocation: /default-rack, certSerialId: null}} | ret=SUCCESS |  
2019-08-21 11:14:23,356 [grpc-default-executor-13] INFO  impl.RaftServerProxy (RaftServerProxy.java:addNew(89)) - 430f0a46-4fd4-4998-b8d2-ebf7f49c572d: addNew group-DD7517DE2CD3:[430f0a46-4fd4-4998-b8d2-ebf7f49c572d:192.168.34.23:38761] returns group-DD7517DE2CD3:java.util.concurrent.CompletableFuture@38a0cd7b[Not completed]
2019-08-21 11:14:23,357 [pool-505-thread-1] INFO  impl.RaftServerImpl (RaftServerImpl.java:<init>(93)) - 430f0a46-4fd4-4998-b8d2-ebf7f49c572d: new RaftServerImpl for group-DD7517DE2CD3:[430f0a46-4fd4-4998-b8d2-ebf7f49c572d:192.168.34.23:38761] with ContainerStateMachine:uninitialized
2019-08-21 11:14:23,358 [pool-505-thread-1] INFO  server.RaftServerConfigKeys (ConfUtils.java:logGet(43)) - raft.server.rpc.timeout.min = 5s (custom)
2019-08-21 11:14:23,358 [pool-505-thread-1] INFO  server.RaftServerConfigKeys (ConfUtils.java:logGet(43)) - raft.server.rpc.timeout.max = 5200ms (custom)
2019-08-21 11:14:23,358 [pool-505-thread-1] INFO  server.RaftServerConfigKeys (ConfUtils.java:logGet(43)) - raft.server.rpcslowness.timeout = 120s (custom)
2019-08-21 11:14:23,358 [pool-505-thread-1] INFO  server.RaftServerConfigKeys (ConfUtils.java:logGet(43)) - raft.server.sleep.deviation.threshold = 300 (default)
2019-08-21 11:14:23,358 [pool-505-thread-1] INFO  server.RaftServerConfigKeys (ConfUtils.java:logGet(43)) - raft.server.log.appender.install.snapshot.enabled = false (custom)
2019-08-21 11:14:23,358 [pool-505-thread-1] INFO  impl.RaftServerImpl (ServerState.java:<init>(105)) - 430f0a46-4fd4-4998-b8d2-ebf7f49c572d:group-DD7517DE2CD3 ConfigurationManager, init=-1: [430f0a46-4fd4-4998-b8d2-ebf7f49c572d:192.168.34.23:38761], old=null, confs=<EMPTY_MAP>
2019-08-21 11:14:23,359 [pool-505-thread-1] INFO  server.RaftServerConfigKeys (ConfUtils.java:logGet(43)) - raft.server.storage.dir = [/workdir/hadoop-ozone/integration-test/target/test-dir/MiniOzoneClusterImpl-d193021e-39f1-4dac-9bda-16b6316a9a0a/datanode-6/data/ratis] (custom)
2019-08-21 11:14:23,359 [pool-505-thread-1] INFO  storage.RaftStorageDirectory (RaftStorageDirectory.java:analyzeStorage(246)) - The storage directory /workdir/hadoop-ozone/integration-test/target/test-dir/MiniOzoneClusterImpl-d193021e-39f1-4dac-9bda-16b6316a9a0a/datanode-6/data/ratis/dcbee83f-6f53-4d04-92e0-dd7517de2cd3 does not exist. Creating ...
2019-08-21 11:14:23,372 [pool-505-thread-1] INFO  storage.RaftStorageDirectory (RaftStorageDirectory.java:tryLock(328)) - Lock on /workdir/hadoop-ozone/integration-test/target/test-dir/MiniOzoneClusterImpl-d193021e-39f1-4dac-9bda-16b6316a9a0a/datanode-6/data/ratis/dcbee83f-6f53-4d04-92e0-dd7517de2cd3/in_use.lock acquired by nodename 12037@pr-hdds-1937-2b42m-2998290358
2019-08-21 11:14:23,386 [pool-505-thread-1] INFO  storage.RaftStorage (RaftStorage.java:format(72)) - Storage directory /workdir/hadoop-ozone/integration-test/target/test-dir/MiniOzoneClusterImpl-d193021e-39f1-4dac-9bda-16b6316a9a0a/datanode-6/data/ratis/dcbee83f-6f53-4d04-92e0-dd7517de2cd3 has been successfully formatted.
2019-08-21 11:14:23,386 [pool-505-thread-1] INFO  ratis.ContainerStateMachine (ContainerStateMachine.java:loadSnapshot(226)) - group-DD7517DE2CD3: The snapshot info is null. Setting the last applied indexto:(t:0, i:~)
2019-08-21 11:14:23,386 [pool-505-thread-1] INFO  server.RaftServerConfigKeys (ConfUtils.java:logGet(43)) - raft.server.leader.election.timeout = 120s (custom)
2019-08-21 11:14:23,387 [pool-505-thread-1] INFO  server.RaftServerConfigKeys (ConfUtils.java:logGet(43)) - raft.server.log.use.memory = false (default)
2019-08-21 11:14:23,387 [pool-505-thread-1] INFO  server.RaftServerConfigKeys (ConfUtils.java:logGet(43)) - raft.server.log.purge.gap = 1000000 (custom)
2019-08-21 11:14:23,387 [pool-505-thread-1] INFO  server.RaftServerConfigKeys (ConfUtils.java:logGet(43)) - raft.server.log.appender.buffer.byte-limit = 33554432 (custom)
2019-08-21 11:14:23,387 [pool-505-thread-1] INFO  server.RaftServerConfigKeys (ConfUtils.java:logGet(43)) - raft.server.log.segment.size.max = 1048576 (custom)
2019-08-21 11:14:23,387 [pool-505-thread-1] INFO  server.RaftServerConfigKeys (ConfUtils.java:logGet(43)) - raft.server.log.segment.cache.num.max = 2 (custom)
2019-08-21 11:14:23,387 [pool-505-thread-1] INFO  segmented.SegmentedRaftLogWorker (SegmentedRaftLogWorker.java:<init>(172)) - new 430f0a46-4fd4-4998-b8d2-ebf7f49c572d-SegmentedRaftLogWorker:Storage Directory /workdir/hadoop-ozone/integration-test/target/test-dir/MiniOzoneClusterImpl-d193021e-39f1-4dac-9bda-16b6316a9a0a/datanode-6/data/ratis/dcbee83f-6f53-4d04-92e0-dd7517de2cd3 for RaftStorage:Storage Directory /workdir/hadoop-ozone/integration-test/target/test-dir/MiniOzoneClusterImpl-d193021e-39f1-4dac-9bda-16b6316a9a0a/datanode-6/data/ratis/dcbee83f-6f53-4d04-92e0-dd7517de2cd3
2019-08-21 11:14:23,388 [pool-505-thread-1] INFO  server.RaftServerConfigKeys (ConfUtils.java:logGet(43)) - raft.server.log.queue.byte-limit = 2147483647 (custom)
2019-08-21 11:14:23,388 [pool-505-thread-1] INFO  server.RaftServerConfigKeys (ConfUtils.java:logGet(43)) - raft.server.log.queue.element-limit = 1024 (custom)
2019-08-21 11:14:23,388 [pool-505-thread-1] INFO  server.RaftServerConfigKeys (ConfUtils.java:logGet(43)) - raft.server.log.segment.size.max = 1048576 (custom)
2019-08-21 11:14:23,388 [pool-505-thread-1] INFO  server.RaftServerConfigKeys (ConfUtils.java:logGet(43)) - raft.server.log.preallocated.size = 16384 (custom)
2019-08-21 11:14:23,388 [pool-505-thread-1] INFO  server.RaftServerConfigKeys (ConfUtils.java:logGet(43)) - raft.server.log.write.buffer.size = 33554432 (custom)
2019-08-21 11:14:23,389 [pool-505-thread-1] INFO  server.RaftServerConfigKeys (ConfUtils.java:logGet(43)) - raft.server.log.force.sync.num = 128 (default)
2019-08-21 11:14:23,389 [pool-505-thread-1] INFO  server.RaftServerConfigKeys (ConfUtils.java:logGet(43)) - raft.server.log.statemachine.data.sync = true (default)
2019-08-21 11:14:23,389 [pool-505-thread-1] INFO  server.RaftServerConfigKeys (ConfUtils.java:logGet(43)) - raft.server.log.statemachine.data.sync.timeout = 10s (default)
2019-08-21 11:14:23,389 [pool-505-thread-1] INFO  server.RaftServerConfigKeys (ConfUtils.java:logGet(43)) - raft.server.log.statemachine.data.sync.timeout.retry = -1 (default)
2019-08-21 11:14:23,389 [pool-505-thread-1] INFO  server.RaftServerConfigKeys (ConfUtils.java:logGet(43)) - raft.server.log.statemachine.data.caching.enabled = true (custom)
2019-08-21 11:14:23,390 [pool-505-thread-1] INFO  segmented.SegmentedRaftLogWorker (SegmentedRaftLogWorker.java:lambda$new$0(132)) - 430f0a46-4fd4-4998-b8d2-ebf7f49c572d-SegmentedRaftLogWorker:Storage Directory /workdir/hadoop-ozone/integration-test/target/test-dir/MiniOzoneClusterImpl-d193021e-39f1-4dac-9bda-16b6316a9a0a/datanode-6/data/ratis/dcbee83f-6f53-4d04-92e0-dd7517de2cd3: flushIndex: setUnconditionally 0 -> -1
2019-08-21 11:14:23,390 [pool-505-thread-1] INFO  server.RaftServerConfigKeys (ConfUtils.java:logGet(43)) - raft.server.snapshot.auto.trigger.enabled = true (custom)
2019-08-21 11:14:23,390 [pool-505-thread-1] INFO  server.RaftServerConfigKeys (ConfUtils.java:logGet(43)) - raft.server.snapshot.auto.trigger.threshold = 10000 (custom)
2019-08-21 11:14:23,390 [pool-505-thread-1] INFO  server.RaftServerConfigKeys (ConfUtils.java:logGet(43)) - raft.server.retrycache.expirytime = 600000ms (custom)
2019-08-21 11:14:23,391 [pool-505-thread-1] INFO  impl.RaftServerImpl (RaftServerImpl.java:start(180)) - 430f0a46-4fd4-4998-b8d2-ebf7f49c572d: start group-DD7517DE2CD3
2019-08-21 11:14:23,391 [pool-505-thread-1] INFO  impl.RaftServerImpl (RaftServerImpl.java:setRole(171)) - 430f0a46-4fd4-4998-b8d2-ebf7f49c572d:group-DD7517DE2CD3 changes role from null to FOLLOWER at term 0 for startAsFollower
2019-08-21 11:14:23,391 [pool-505-thread-1] INFO  impl.RoleInfo (RoleInfo.java:updateAndGet(143)) - 430f0a46-4fd4-4998-b8d2-ebf7f49c572d: start FollowerState
2019-08-21 11:14:23,391 [pool-505-thread-1] INFO  util.JmxRegister (JmxRegister.java:tryRegister(44)) - Successfully registered JMX Bean with object name Ratis:service=RaftServer,group=group-DD7517DE2CD3,id=430f0a46-4fd4-4998-b8d2-ebf7f49c572d
2019-08-21 11:14:23,394 [RatisPipelineUtilsThread] INFO  pipeline.PipelineStateManager (PipelineStateManager.java:addPipeline(56)) - Created pipeline Pipeline[ Id: dcbee83f-6f53-4d04-92e0-dd7517de2cd3, Nodes: 430f0a46-4fd4-4998-b8d2-ebf7f49c572d{ip: 192.168.34.23, host: pr-hdds-1937-2b42m-2998290358, networkLocation: /default-rack, certSerialId: null}, Type:RATIS, Factor:ONE, State:OPEN]
2019-08-21 11:14:23,744 | INFO  | SCMAudit | user=jenkins1000 | ip=192.168.34.23 | op=SEND_HEARTBEAT {datanodeUUID=d07e18e0-48ec-475d-bbfd-6733e1200993, command=[]} | ret=SUCCESS |  
2019-08-21 11:14:23,992 | INFO  | SCMAudit | user=jenkins1000 | ip=192.168.34.23 | op=SEND_HEARTBEAT {datanodeUUID=ed9e288c-0744-4497-940c-3846f34b2d6c, command=[]} | ret=SUCCESS |  
2019-08-21 11:14:24,348 [main] INFO  ozone.MiniOzoneClusterImpl (MiniOzoneClusterImpl.java:lambda$waitForClusterToBeReady$0(142)) - Cluster is ready. Got 7 of 7 DN Heartbeats.
2019-08-21 11:14:24,382 [main] INFO  rpc.RpcClient (RpcClient.java:createVolume(292)) - Creating Volume: testblockoutputstream, with jenkins1000 as owner.
2019-08-21 11:14:24,385 | INFO  | OMAudit | user=jenkins1000 | ip=127.0.0.1 | op=CREATE_VOLUME {admin=jenkins1000, owner=jenkins1000, volume=testblockoutputstream, creationTime=1566386064384, quotaInBytes=1152921504606846976} | ret=SUCCESS |  
2019-08-21 11:14:24,395 | INFO  | OMAudit | user=jenkins1000 | ip=127.0.0.1 | op=READ_VOLUME {volume=testblockoutputstream} | ret=SUCCESS |  
2019-08-21 11:14:24,396 [main] INFO  rpc.RpcClient (RpcClient.java:createBucket(431)) - Creating Bucket: testblockoutputstream/testblockoutputstream, with Versioning false and Storage Type set to DISK and Encryption set to false 
2019-08-21 11:14:24,400 | INFO  | OMAudit | user=jenkins1000 | ip=127.0.0.1 | op=CREATE_BUCKET {volume=testblockoutputstream, bucket=testblockoutputstream, acls=[user:jenkins1000:a[ACCESS], group:default:a[ACCESS]], isVersionEnabled=false, storageType=DISK, creationTime=0} | ret=SUCCESS |  
2019-08-21 11:14:24,402 | INFO  | OMAudit | user=jenkins1000 | ip=127.0.0.1 | op=READ_VOLUME {volume=testblockoutputstream} | ret=SUCCESS |  
2019-08-21 11:14:24,403 | INFO  | OMAudit | user=jenkins1000 | ip=127.0.0.1 | op=READ_BUCKET {volume=testblockoutputstream, bucket=testblockoutputstream} | ret=SUCCESS |  
2019-08-21 11:14:24,408 | INFO  | SCMAudit | user=jenkins1000 | ip=192.168.34.23 | op=ALLOCATE_BLOCK {owner=d2e5dc64-7e4c-4d60-ac77-6b1f775e9f92, size=800, type=RATIS, factor=THREE} | ret=SUCCESS |  
2019-08-21 11:14:24,411 | INFO  | OMAudit | user=jenkins1000 | ip=127.0.0.1 | op=ALLOCATE_KEY {volume=testblockoutputstream, bucket=testblockoutputstream, key=17702e00-42f8-46e4-9e6d-699b8ac77ba3, dataSize=0, replicationType=RATIS, replicationFactor=THREE, keyLocationInfo=null} | ret=SUCCESS |  
2019-08-21 11:14:24,440 [grpc-default-executor-13] INFO  client.GrpcClientProtocolClient (GrpcClientProtocolClient.java:onNext(255)) - client-0371F447DE3D->c596a87a-a2b8-4d47-9c90-b83d93b27bce: receive RaftClientReply:client-0371F447DE3D->c596a87a-a2b8-4d47-9c90-b83d93b27bce@group-9D273EF9328C, cid=177, FAILED org.apache.ratis.protocol.NotLeaderException: Server c596a87a-a2b8-4d47-9c90-b83d93b27bce is not the leader (null). Request must be sent to leader., logIndex=0, commits[c596a87a-a2b8-4d47-9c90-b83d93b27bce:c-1]
2019-08-21 11:14:24,472 | INFO  | SCMAudit | user=jenkins1000 | ip=192.168.34.23 | op=SEND_HEARTBEAT {datanodeUUID=37412b49-a8cf-4c76-b1e5-6ab6fc3f2cc0, command=[]} | ret=SUCCESS |  
2019-08-21 11:14:24,698 | INFO  | SCMAudit | user=jenkins1000 | ip=192.168.34.23 | op=SEND_HEARTBEAT {datanodeUUID=0fe68b61-2b3a-4f4f-aa8a-648d7c166cbb, command=[]} | ret=SUCCESS |  
2019-08-21 11:14:24,743 | INFO  | SCMAudit | user=jenkins1000 | ip=192.168.34.23 | op=SEND_HEARTBEAT {datanodeUUID=d07e18e0-48ec-475d-bbfd-6733e1200993, command=[]} | ret=SUCCESS |  
2019-08-21 11:14:24,758 [Thread-3360] INFO  container.ReplicationManager (ReplicationManager.java:start(152)) - Starting Replication Monitor Thread.
2019-08-21 11:14:24,763 [ReplicationMonitor] INFO  container.ReplicationManager (ReplicationManager.java:run(215)) - Replication Monitor Thread took 0 milliseconds for processing 1 containers.
2019-08-21 11:14:24,910 | INFO  | SCMAudit | user=jenkins1000 | ip=192.168.34.23 | op=SEND_HEARTBEAT {datanodeUUID=c596a87a-a2b8-4d47-9c90-b83d93b27bce, command=[]} | ret=SUCCESS |  
2019-08-21 11:14:24,993 | INFO  | SCMAudit | user=jenkins1000 | ip=192.168.34.23 | op=SEND_HEARTBEAT {datanodeUUID=ed9e288c-0744-4497-940c-3846f34b2d6c, command=[]} | ret=SUCCESS |  
2019-08-21 11:14:25,125 | INFO  | SCMAudit | user=jenkins1000 | ip=192.168.34.23 | op=SEND_HEARTBEAT {datanodeUUID=f4b96d6d-5834-4237-9c77-9d8fb94db68a, command=[]} | ret=SUCCESS |  
2019-08-21 11:14:25,347 | INFO  | SCMAudit | user=jenkins1000 | ip=192.168.34.23 | op=SEND_HEARTBEAT {datanodeUUID=430f0a46-4fd4-4998-b8d2-ebf7f49c572d, command=[]} | ret=SUCCESS |  
2019-08-21 11:14:25,453 [grpc-default-executor-13] INFO  client.GrpcClientProtocolClient (GrpcClientProtocolClient.java:onNext(255)) - client-0371F447DE3D->0fe68b61-2b3a-4f4f-aa8a-648d7c166cbb: receive RaftClientReply:client-0371F447DE3D->0fe68b61-2b3a-4f4f-aa8a-648d7c166cbb@group-9D273EF9328C, cid=177, FAILED org.apache.ratis.protocol.NotLeaderException: Server 0fe68b61-2b3a-4f4f-aa8a-648d7c166cbb is not the leader (null). Request must be sent to leader., logIndex=0, commits[0fe68b61-2b3a-4f4f-aa8a-648d7c166cbb:c-1]
2019-08-21 11:14:25,458 [grpc-default-worker-ELG-3-2] WARN  nio.NioEventLoop (NioEventLoop.java:select(786)) - Selector.select() returned prematurely {} times in a row; rebuilding Selector {}.
2019-08-21 11:14:25,462 [grpc-default-worker-ELG-3-2] INFO  nio.NioEventLoop (NioEventLoop.java:rebuildSelector0(396)) - Migrated 0 channel(s) to the new Selector.
2019-08-21 11:14:25,472 | INFO  | SCMAudit | user=jenkins1000 | ip=192.168.34.23 | op=SEND_HEARTBEAT {datanodeUUID=37412b49-a8cf-4c76-b1e5-6ab6fc3f2cc0, command=[]} | ret=SUCCESS |  
2019-08-21 11:14:25,697 | INFO  | SCMAudit | user=jenkins1000 | ip=192.168.34.23 | op=SEND_HEARTBEAT {datanodeUUID=0fe68b61-2b3a-4f4f-aa8a-648d7c166cbb, command=[]} | ret=SUCCESS |  
2019-08-21 11:14:25,743 | INFO  | SCMAudit | user=jenkins1000 | ip=192.168.34.23 | op=SEND_HEARTBEAT {datanodeUUID=d07e18e0-48ec-475d-bbfd-6733e1200993, command=[]} | ret=SUCCESS |  
2019-08-21 11:14:25,909 | INFO  | SCMAudit | user=jenkins1000 | ip=192.168.34.23 | op=SEND_HEARTBEAT {datanodeUUID=c596a87a-a2b8-4d47-9c90-b83d93b27bce, command=[]} | ret=SUCCESS |  
2019-08-21 11:14:25,992 | INFO  | SCMAudit | user=jenkins1000 | ip=192.168.34.23 | op=SEND_HEARTBEAT {datanodeUUID=ed9e288c-0744-4497-940c-3846f34b2d6c, command=[]} | ret=SUCCESS |  
2019-08-21 11:14:26,125 | INFO  | SCMAudit | user=jenkins1000 | ip=192.168.34.23 | op=SEND_HEARTBEAT {datanodeUUID=f4b96d6d-5834-4237-9c77-9d8fb94db68a, command=[]} | ret=SUCCESS |  
2019-08-21 11:14:26,348 | INFO  | SCMAudit | user=jenkins1000 | ip=192.168.34.23 | op=SEND_HEARTBEAT {datanodeUUID=430f0a46-4fd4-4998-b8d2-ebf7f49c572d, command=[]} | ret=SUCCESS |  
2019-08-21 11:14:26,463 [grpc-default-executor-13] INFO  client.GrpcClientProtocolClient (GrpcClientProtocolClient.java:onNext(255)) - client-0371F447DE3D->c596a87a-a2b8-4d47-9c90-b83d93b27bce: receive RaftClientReply:client-0371F447DE3D->c596a87a-a2b8-4d47-9c90-b83d93b27bce@group-9D273EF9328C, cid=177, FAILED org.apache.ratis.protocol.NotLeaderException: Server c596a87a-a2b8-4d47-9c90-b83d93b27bce is not the leader (null). Request must be sent to leader., logIndex=0, commits[c596a87a-a2b8-4d47-9c90-b83d93b27bce:c-1]
2019-08-21 11:14:26,472 | INFO  | SCMAudit | user=jenkins1000 | ip=192.168.34.23 | op=SEND_HEARTBEAT {datanodeUUID=37412b49-a8cf-4c76-b1e5-6ab6fc3f2cc0, command=[]} | ret=SUCCESS |  
2019-08-21 11:14:26,698 | INFO  | SCMAudit | user=jenkins1000 | ip=192.168.34.23 | op=SEND_HEARTBEAT {datanodeUUID=0fe68b61-2b3a-4f4f-aa8a-648d7c166cbb, command=[]} | ret=SUCCESS |  
2019-08-21 11:14:26,744 | INFO  | SCMAudit | user=jenkins1000 | ip=192.168.34.23 | op=SEND_HEARTBEAT {datanodeUUID=d07e18e0-48ec-475d-bbfd-6733e1200993, command=[]} | ret=SUCCESS |  
2019-08-21 11:14:26,909 | INFO  | SCMAudit | user=jenkins1000 | ip=192.168.34.23 | op=SEND_HEARTBEAT {datanodeUUID=c596a87a-a2b8-4d47-9c90-b83d93b27bce, command=[]} | ret=SUCCESS |  
2019-08-21 11:14:26,921 [Thread-3362] INFO  impl.FollowerState (FollowerState.java:run(106)) - d07e18e0-48ec-475d-bbfd-6733e1200993:group-993CA36B5328 changes to CANDIDATE, lastRpcTime:5102, electionTimeout:5102ms
2019-08-21 11:14:26,922 [Thread-3362] INFO  impl.RoleInfo (RoleInfo.java:shutdownFollowerState(121)) - d07e18e0-48ec-475d-bbfd-6733e1200993: shutdown FollowerState
2019-08-21 11:14:26,922 [Thread-3362] INFO  impl.RaftServerImpl (RaftServerImpl.java:setRole(171)) - d07e18e0-48ec-475d-bbfd-6733e1200993:group-993CA36B5328 changes role from FOLLOWER to CANDIDATE at term 0 for changeToCandidate
2019-08-21 11:14:26,922 [Thread-3362] INFO  impl.RoleInfo (RoleInfo.java:updateAndGet(143)) - d07e18e0-48ec-475d-bbfd-6733e1200993: start LeaderElection
2019-08-21 11:14:26,942 [d07e18e0-48ec-475d-bbfd-6733e1200993:group-993CA36B5328:LeaderElection77] INFO  impl.LeaderElection (LeaderElection.java:askForVotes(181)) - d07e18e0-48ec-475d-bbfd-6733e1200993:group-993CA36B5328:LeaderElection77: begin an election at term 1 for -1: [d07e18e0-48ec-475d-bbfd-6733e1200993:192.168.34.23:34024], old=null
2019-08-21 11:14:26,942 [d07e18e0-48ec-475d-bbfd-6733e1200993:group-993CA36B5328:LeaderElection77] INFO  impl.RoleInfo (RoleInfo.java:shutdownLeaderElection(134)) - d07e18e0-48ec-475d-bbfd-6733e1200993: shutdown LeaderElection
2019-08-21 11:14:26,942 [d07e18e0-48ec-475d-bbfd-6733e1200993:group-993CA36B5328:LeaderElection77] INFO  impl.RaftServerImpl (RaftServerImpl.java:setRole(171)) - d07e18e0-48ec-475d-bbfd-6733e1200993:group-993CA36B5328 changes role from CANDIDATE to LEADER at term 1 for changeToLeader
2019-08-21 11:14:26,942 [d07e18e0-48ec-475d-bbfd-6733e1200993:group-993CA36B5328:LeaderElection77] INFO  impl.RaftServerImpl (ServerState.java:setLeader(263)) - d07e18e0-48ec-475d-bbfd-6733e1200993:group-993CA36B5328 change Leader from null to d07e18e0-48ec-475d-bbfd-6733e1200993 at term 1 for becomeLeader, leader elected after 5129ms
2019-08-21 11:14:26,943 [d07e18e0-48ec-475d-bbfd-6733e1200993:group-993CA36B5328:LeaderElection77] INFO  server.RaftServerConfigKeys (ConfUtils.java:logGet(43)) - raft.server.staging.catchup.gap = 1000 (default)
2019-08-21 11:14:26,943 [d07e18e0-48ec-475d-bbfd-6733e1200993:group-993CA36B5328:LeaderElection77] INFO  server.RaftServerConfigKeys (ConfUtils.java:logGet(43)) - raft.server.rpc.sleep.time = 25ms (default)
2019-08-21 11:14:26,943 [d07e18e0-48ec-475d-bbfd-6733e1200993:group-993CA36B5328:LeaderElection77] INFO  server.RaftServerConfigKeys (ConfUtils.java:logGet(43)) - raft.server.write.element-limit = 4096 (default)
2019-08-21 11:14:26,943 [d07e18e0-48ec-475d-bbfd-6733e1200993:group-993CA36B5328:LeaderElection77] INFO  server.RaftServerConfigKeys (ConfUtils.java:logGet(43)) - raft.server.watch.timeout = 10s (default)
2019-08-21 11:14:26,943 [d07e18e0-48ec-475d-bbfd-6733e1200993:group-993CA36B5328:LeaderElection77] INFO  server.RaftServerConfigKeys (ConfUtils.java:logGet(43)) - raft.server.watch.timeout.denomination = 1s (default)
2019-08-21 11:14:26,944 [d07e18e0-48ec-475d-bbfd-6733e1200993:group-993CA36B5328:LeaderElection77] INFO  server.RaftServerConfigKeys (ConfUtils.java:logGet(43)) - raft.server.watch.element-limit = 65536 (default)
2019-08-21 11:14:26,944 [d07e18e0-48ec-475d-bbfd-6733e1200993:group-993CA36B5328:LeaderElection77] INFO  impl.RoleInfo (RoleInfo.java:updateAndGet(143)) - d07e18e0-48ec-475d-bbfd-6733e1200993: start LeaderState
2019-08-21 11:14:26,945 [d07e18e0-48ec-475d-bbfd-6733e1200993:group-993CA36B5328:LeaderElection77] INFO  segmented.SegmentedRaftLogWorker (SegmentedRaftLogWorker.java:startLogSegment(380)) - d07e18e0-48ec-475d-bbfd-6733e1200993-SegmentedRaftLogWorker:Storage Directory /workdir/hadoop-ozone/integration-test/target/test-dir/MiniOzoneClusterImpl-d193021e-39f1-4dac-9bda-16b6316a9a0a/datanode-0/data/ratis/c6986d20-2aeb-4f7d-9191-993ca36b5328: Starting segment from index:0
2019-08-21 11:14:26,946 [d07e18e0-48ec-475d-bbfd-6733e1200993:group-993CA36B5328:LeaderElection77] INFO  impl.RaftServerImpl (ServerState.java:setRaftConf(361)) - d07e18e0-48ec-475d-bbfd-6733e1200993:group-993CA36B5328 set configuration 0: [d07e18e0-48ec-475d-bbfd-6733e1200993:192.168.34.23:34024], old=null at 0
2019-08-21 11:14:26,992 | INFO  | SCMAudit | user=jenkins1000 | ip=192.168.34.23 | op=SEND_HEARTBEAT {datanodeUUID=ed9e288c-0744-4497-940c-3846f34b2d6c, command=[]} | ret=SUCCESS |  
2019-08-21 11:14:26,995 [d07e18e0-48ec-475d-bbfd-6733e1200993-SegmentedRaftLogWorker:Storage Directory /workdir/hadoop-ozone/integration-test/target/test-dir/MiniOzoneClusterImpl-d193021e-39f1-4dac-9bda-16b6316a9a0a/datanode-0/data/ratis/c6986d20-2aeb-4f7d-9191-993ca36b5328] INFO  segmented.SegmentedRaftLogWorker (SegmentedRaftLogWorker.java:execute(569)) - d07e18e0-48ec-475d-bbfd-6733e1200993-SegmentedRaftLogWorker:Storage Directory /workdir/hadoop-ozone/integration-test/target/test-dir/MiniOzoneClusterImpl-d193021e-39f1-4dac-9bda-16b6316a9a0a/datanode-0/data/ratis/c6986d20-2aeb-4f7d-9191-993ca36b5328: created new log segment /workdir/hadoop-ozone/integration-test/target/test-dir/MiniOzoneClusterImpl-d193021e-39f1-4dac-9bda-16b6316a9a0a/datanode-0/data/ratis/c6986d20-2aeb-4f7d-9191-993ca36b5328/current/log_inprogress_0
2019-08-21 11:14:27,126 | INFO  | SCMAudit | user=jenkins1000 | ip=192.168.34.23 | op=SEND_HEARTBEAT {datanodeUUID=f4b96d6d-5834-4237-9c77-9d8fb94db68a, command=[]} | ret=SUCCESS |  
2019-08-21 11:14:27,160 [Thread-3365] INFO  impl.FollowerState (FollowerState.java:run(106)) - ed9e288c-0744-4497-940c-3846f34b2d6c:group-4FA137C6D0F7 changes to CANDIDATE, lastRpcTime:5120, electionTimeout:5120ms
2019-08-21 11:14:27,160 [Thread-3365] INFO  impl.RoleInfo (RoleInfo.java:shutdownFollowerState(121)) - ed9e288c-0744-4497-940c-3846f34b2d6c: shutdown FollowerState
2019-08-21 11:14:27,160 [Thread-3365] INFO  impl.RaftServerImpl (RaftServerImpl.java:setRole(171)) - ed9e288c-0744-4497-940c-3846f34b2d6c:group-4FA137C6D0F7 changes role from FOLLOWER to CANDIDATE at term 0 for changeToCandidate
2019-08-21 11:14:27,161 [Thread-3365] INFO  impl.RoleInfo (RoleInfo.java:updateAndGet(143)) - ed9e288c-0744-4497-940c-3846f34b2d6c: start LeaderElection
2019-08-21 11:14:27,181 [ed9e288c-0744-4497-940c-3846f34b2d6c:group-4FA137C6D0F7:LeaderElection78] INFO  impl.LeaderElection (LeaderElection.java:askForVotes(181)) - ed9e288c-0744-4497-940c-3846f34b2d6c:group-4FA137C6D0F7:LeaderElection78: begin an election at term 1 for -1: [ed9e288c-0744-4497-940c-3846f34b2d6c:192.168.34.23:45303], old=null
2019-08-21 11:14:27,181 [ed9e288c-0744-4497-940c-3846f34b2d6c:group-4FA137C6D0F7:LeaderElection78] INFO  impl.RoleInfo (RoleInfo.java:shutdownLeaderElection(134)) - ed9e288c-0744-4497-940c-3846f34b2d6c: shutdown LeaderElection
2019-08-21 11:14:27,181 [ed9e288c-0744-4497-940c-3846f34b2d6c:group-4FA137C6D0F7:LeaderElection78] INFO  impl.RaftServerImpl (RaftServerImpl.java:setRole(171)) - ed9e288c-0744-4497-940c-3846f34b2d6c:group-4FA137C6D0F7 changes role from CANDIDATE to LEADER at term 1 for changeToLeader
2019-08-21 11:14:27,181 [ed9e288c-0744-4497-940c-3846f34b2d6c:group-4FA137C6D0F7:LeaderElection78] INFO  impl.RaftServerImpl (ServerState.java:setLeader(263)) - ed9e288c-0744-4497-940c-3846f34b2d6c:group-4FA137C6D0F7 change Leader from null to ed9e288c-0744-4497-940c-3846f34b2d6c at term 1 for becomeLeader, leader elected after 5146ms
2019-08-21 11:14:27,181 [ed9e288c-0744-4497-940c-3846f34b2d6c:group-4FA137C6D0F7:LeaderElection78] INFO  server.RaftServerConfigKeys (ConfUtils.java:logGet(43)) - raft.server.staging.catchup.gap = 1000 (default)
2019-08-21 11:14:27,181 [ed9e288c-0744-4497-940c-3846f34b2d6c:group-4FA137C6D0F7:LeaderElection78] INFO  server.RaftServerConfigKeys (ConfUtils.java:logGet(43)) - raft.server.rpc.sleep.time = 25ms (default)
2019-08-21 11:14:27,182 [ed9e288c-0744-4497-940c-3846f34b2d6c:group-4FA137C6D0F7:LeaderElection78] INFO  server.RaftServerConfigKeys (ConfUtils.java:logGet(43)) - raft.server.write.element-limit = 4096 (default)
2019-08-21 11:14:27,182 [ed9e288c-0744-4497-940c-3846f34b2d6c:group-4FA137C6D0F7:LeaderElection78] INFO  server.RaftServerConfigKeys (ConfUtils.java:logGet(43)) - raft.server.watch.timeout = 10s (default)
2019-08-21 11:14:27,182 [ed9e288c-0744-4497-940c-3846f34b2d6c:group-4FA137C6D0F7:LeaderElection78] INFO  server.RaftServerConfigKeys (ConfUtils.java:logGet(43)) - raft.server.watch.timeout.denomination = 1s (default)
2019-08-21 11:14:27,182 [ed9e288c-0744-4497-940c-3846f34b2d6c:group-4FA137C6D0F7:LeaderElection78] INFO  server.RaftServerConfigKeys (ConfUtils.java:logGet(43)) - raft.server.watch.element-limit = 65536 (default)
2019-08-21 11:14:27,182 [ed9e288c-0744-4497-940c-3846f34b2d6c:group-4FA137C6D0F7:LeaderElection78] INFO  impl.RoleInfo (RoleInfo.java:updateAndGet(143)) - ed9e288c-0744-4497-940c-3846f34b2d6c: start LeaderState
2019-08-21 11:14:27,183 [ed9e288c-0744-4497-940c-3846f34b2d6c:group-4FA137C6D0F7:LeaderElection78] INFO  segmented.SegmentedRaftLogWorker (SegmentedRaftLogWorker.java:startLogSegment(380)) - ed9e288c-0744-4497-940c-3846f34b2d6c-SegmentedRaftLogWorker:Storage Directory /workdir/hadoop-ozone/integration-test/target/test-dir/MiniOzoneClusterImpl-d193021e-39f1-4dac-9bda-16b6316a9a0a/datanode-1/data/ratis/0d203911-86b4-4e9f-af22-4fa137c6d0f7: Starting segment from index:0
2019-08-21 11:14:27,183 [ed9e288c-0744-4497-940c-3846f34b2d6c:group-4FA137C6D0F7:LeaderElection78] INFO  impl.RaftServerImpl (ServerState.java:setRaftConf(361)) - ed9e288c-0744-4497-940c-3846f34b2d6c:group-4FA137C6D0F7 set configuration 0: [ed9e288c-0744-4497-940c-3846f34b2d6c:192.168.34.23:45303], old=null at 0
2019-08-21 11:14:27,225 [ed9e288c-0744-4497-940c-3846f34b2d6c-SegmentedRaftLogWorker:Storage Directory /workdir/hadoop-ozone/integration-test/target/test-dir/MiniOzoneClusterImpl-d193021e-39f1-4dac-9bda-16b6316a9a0a/datanode-1/data/ratis/0d203911-86b4-4e9f-af22-4fa137c6d0f7] INFO  segmented.SegmentedRaftLogWorker (SegmentedRaftLogWorker.java:execute(569)) - ed9e288c-0744-4497-940c-3846f34b2d6c-SegmentedRaftLogWorker:Storage Directory /workdir/hadoop-ozone/integration-test/target/test-dir/MiniOzoneClusterImpl-d193021e-39f1-4dac-9bda-16b6316a9a0a/datanode-1/data/ratis/0d203911-86b4-4e9f-af22-4fa137c6d0f7: created new log segment /workdir/hadoop-ozone/integration-test/target/test-dir/MiniOzoneClusterImpl-d193021e-39f1-4dac-9bda-16b6316a9a0a/datanode-1/data/ratis/0d203911-86b4-4e9f-af22-4fa137c6d0f7/current/log_inprogress_0
2019-08-21 11:14:27,348 | INFO  | SCMAudit | user=jenkins1000 | ip=192.168.34.23 | op=SEND_HEARTBEAT {datanodeUUID=430f0a46-4fd4-4998-b8d2-ebf7f49c572d, command=[]} | ret=SUCCESS |  
2019-08-21 11:14:27,476 | INFO  | SCMAudit | user=jenkins1000 | ip=192.168.34.23 | op=SEND_HEARTBEAT {datanodeUUID=37412b49-a8cf-4c76-b1e5-6ab6fc3f2cc0, command=[]} | ret=SUCCESS |  
2019-08-21 11:14:27,476 [grpc-default-executor-11] INFO  client.GrpcClientProtocolClient (GrpcClientProtocolClient.java:onNext(255)) - client-0371F447DE3D->0fe68b61-2b3a-4f4f-aa8a-648d7c166cbb: receive RaftClientReply:client-0371F447DE3D->0fe68b61-2b3a-4f4f-aa8a-648d7c166cbb@group-9D273EF9328C, cid=177, FAILED org.apache.ratis.protocol.NotLeaderException: Server 0fe68b61-2b3a-4f4f-aa8a-648d7c166cbb is not the leader (null). Request must be sent to leader., logIndex=0, commits[0fe68b61-2b3a-4f4f-aa8a-648d7c166cbb:c-1]
2019-08-21 11:14:27,482 [grpc-default-worker-ELG-3-1] WARN  nio.NioEventLoop (NioEventLoop.java:select(786)) - Selector.select() returned prematurely {} times in a row; rebuilding Selector {}.
2019-08-21 11:14:27,483 [grpc-default-worker-ELG-3-1] INFO  nio.NioEventLoop (NioEventLoop.java:rebuildSelector0(396)) - Migrated 0 channel(s) to the new Selector.
2019-08-21 11:14:27,558 [Thread-3368] INFO  impl.FollowerState (FollowerState.java:run(106)) - 37412b49-a8cf-4c76-b1e5-6ab6fc3f2cc0:group-C21655039710 changes to CANDIDATE, lastRpcTime:5037, electionTimeout:5037ms
2019-08-21 11:14:27,558 [Thread-3368] INFO  impl.RoleInfo (RoleInfo.java:shutdownFollowerState(121)) - 37412b49-a8cf-4c76-b1e5-6ab6fc3f2cc0: shutdown FollowerState
2019-08-21 11:14:27,558 [Thread-3368] INFO  impl.RaftServerImpl (RaftServerImpl.java:setRole(171)) - 37412b49-a8cf-4c76-b1e5-6ab6fc3f2cc0:group-C21655039710 changes role from FOLLOWER to CANDIDATE at term 0 for changeToCandidate
2019-08-21 11:14:27,558 [Thread-3368] INFO  impl.RoleInfo (RoleInfo.java:updateAndGet(143)) - 37412b49-a8cf-4c76-b1e5-6ab6fc3f2cc0: start LeaderElection
2019-08-21 11:14:27,578 [37412b49-a8cf-4c76-b1e5-6ab6fc3f2cc0:group-C21655039710:LeaderElection79] INFO  impl.LeaderElection (LeaderElection.java:askForVotes(181)) - 37412b49-a8cf-4c76-b1e5-6ab6fc3f2cc0:group-C21655039710:LeaderElection79: begin an election at term 1 for -1: [37412b49-a8cf-4c76-b1e5-6ab6fc3f2cc0:192.168.34.23:38285], old=null
2019-08-21 11:14:27,578 [37412b49-a8cf-4c76-b1e5-6ab6fc3f2cc0:group-C21655039710:LeaderElection79] INFO  impl.RoleInfo (RoleInfo.java:shutdownLeaderElection(134)) - 37412b49-a8cf-4c76-b1e5-6ab6fc3f2cc0: shutdown LeaderElection
2019-08-21 11:14:27,578 [37412b49-a8cf-4c76-b1e5-6ab6fc3f2cc0:group-C21655039710:LeaderElection79] INFO  impl.RaftServerImpl (RaftServerImpl.java:setRole(171)) - 37412b49-a8cf-4c76-b1e5-6ab6fc3f2cc0:group-C21655039710 changes role from CANDIDATE to LEADER at term 1 for changeToLeader
2019-08-21 11:14:27,578 [37412b49-a8cf-4c76-b1e5-6ab6fc3f2cc0:group-C21655039710:LeaderElection79] INFO  impl.RaftServerImpl (ServerState.java:setLeader(263)) - 37412b49-a8cf-4c76-b1e5-6ab6fc3f2cc0:group-C21655039710 change Leader from null to 37412b49-a8cf-4c76-b1e5-6ab6fc3f2cc0 at term 1 for becomeLeader, leader elected after 5062ms
2019-08-21 11:14:27,578 [37412b49-a8cf-4c76-b1e5-6ab6fc3f2cc0:group-C21655039710:LeaderElection79] INFO  server.RaftServerConfigKeys (ConfUtils.java:logGet(43)) - raft.server.staging.catchup.gap = 1000 (default)
2019-08-21 11:14:27,578 [37412b49-a8cf-4c76-b1e5-6ab6fc3f2cc0:group-C21655039710:LeaderElection79] INFO  server.RaftServerConfigKeys (ConfUtils.java:logGet(43)) - raft.server.rpc.sleep.time = 25ms (default)
2019-08-21 11:14:27,578 [37412b49-a8cf-4c76-b1e5-6ab6fc3f2cc0:group-C21655039710:LeaderElection79] INFO  server.RaftServerConfigKeys (ConfUtils.java:logGet(43)) - raft.server.write.element-limit = 4096 (default)
2019-08-21 11:14:27,579 [37412b49-a8cf-4c76-b1e5-6ab6fc3f2cc0:group-C21655039710:LeaderElection79] INFO  server.RaftServerConfigKeys (ConfUtils.java:logGet(43)) - raft.server.watch.timeout = 10s (default)
2019-08-21 11:14:27,579 [37412b49-a8cf-4c76-b1e5-6ab6fc3f2cc0:group-C21655039710:LeaderElection79] INFO  server.RaftServerConfigKeys (ConfUtils.java:logGet(43)) - raft.server.watch.timeout.denomination = 1s (default)
2019-08-21 11:14:27,579 [37412b49-a8cf-4c76-b1e5-6ab6fc3f2cc0:group-C21655039710:LeaderElection79] INFO  server.RaftServerConfigKeys (ConfUtils.java:logGet(43)) - raft.server.watch.element-limit = 65536 (default)
2019-08-21 11:14:27,579 [37412b49-a8cf-4c76-b1e5-6ab6fc3f2cc0:group-C21655039710:LeaderElection79] INFO  impl.RoleInfo (RoleInfo.java:updateAndGet(143)) - 37412b49-a8cf-4c76-b1e5-6ab6fc3f2cc0: start LeaderState
2019-08-21 11:14:27,579 [37412b49-a8cf-4c76-b1e5-6ab6fc3f2cc0:group-C21655039710:LeaderElection79] INFO  segmented.SegmentedRaftLogWorker (SegmentedRaftLogWorker.java:startLogSegment(380)) - 37412b49-a8cf-4c76-b1e5-6ab6fc3f2cc0-SegmentedRaftLogWorker:Storage Directory /workdir/hadoop-ozone/integration-test/target/test-dir/MiniOzoneClusterImpl-d193021e-39f1-4dac-9bda-16b6316a9a0a/datanode-2/data/ratis/05301f5c-bfcf-4412-9f5d-c21655039710: Starting segment from index:0
2019-08-21 11:14:27,580 [37412b49-a8cf-4c76-b1e5-6ab6fc3f2cc0:group-C21655039710:LeaderElection79] INFO  impl.RaftServerImpl (ServerState.java:setRaftConf(361)) - 37412b49-a8cf-4c76-b1e5-6ab6fc3f2cc0:group-C21655039710 set configuration 0: [37412b49-a8cf-4c76-b1e5-6ab6fc3f2cc0:192.168.34.23:38285], old=null at 0
2019-08-21 11:14:27,627 [37412b49-a8cf-4c76-b1e5-6ab6fc3f2cc0-SegmentedRaftLogWorker:Storage Directory /workdir/hadoop-ozone/integration-test/target/test-dir/MiniOzoneClusterImpl-d193021e-39f1-4dac-9bda-16b6316a9a0a/datanode-2/data/ratis/05301f5c-bfcf-4412-9f5d-c21655039710] INFO  segmented.SegmentedRaftLogWorker (SegmentedRaftLogWorker.java:execute(569)) - 37412b49-a8cf-4c76-b1e5-6ab6fc3f2cc0-SegmentedRaftLogWorker:Storage Directory /workdir/hadoop-ozone/integration-test/target/test-dir/MiniOzoneClusterImpl-d193021e-39f1-4dac-9bda-16b6316a9a0a/datanode-2/data/ratis/05301f5c-bfcf-4412-9f5d-c21655039710: created new log segment /workdir/hadoop-ozone/integration-test/target/test-dir/MiniOzoneClusterImpl-d193021e-39f1-4dac-9bda-16b6316a9a0a/datanode-2/data/ratis/05301f5c-bfcf-4412-9f5d-c21655039710/current/log_inprogress_0
2019-08-21 11:14:27,673 [Thread-3377] INFO  impl.FollowerState (FollowerState.java:run(106)) - d07e18e0-48ec-475d-bbfd-6733e1200993:group-4167C9DAB68E changes to CANDIDATE, lastRpcTime:5090, electionTimeout:5090ms
2019-08-21 11:14:27,674 [Thread-3377] INFO  impl.RoleInfo (RoleInfo.java:shutdownFollowerState(121)) - d07e18e0-48ec-475d-bbfd-6733e1200993: shutdown FollowerState
2019-08-21 11:14:27,674 [Thread-3377] INFO  impl.RaftServerImpl (RaftServerImpl.java:setRole(171)) - d07e18e0-48ec-475d-bbfd-6733e1200993:group-4167C9DAB68E changes role from FOLLOWER to CANDIDATE at term 0 for changeToCandidate
2019-08-21 11:14:27,674 [Thread-3377] INFO  impl.RoleInfo (RoleInfo.java:updateAndGet(143)) - d07e18e0-48ec-475d-bbfd-6733e1200993: start LeaderElection
2019-08-21 11:14:27,683 [Thread-3371] INFO  impl.FollowerState (FollowerState.java:run(106)) - ed9e288c-0744-4497-940c-3846f34b2d6c:group-4167C9DAB68E changes to CANDIDATE, lastRpcTime:5102, electionTimeout:5102ms
2019-08-21 11:14:27,683 [Thread-3371] INFO  impl.RoleInfo (RoleInfo.java:shutdownFollowerState(121)) - ed9e288c-0744-4497-940c-3846f34b2d6c: shutdown FollowerState
2019-08-21 11:14:27,683 [Thread-3371] INFO  impl.RaftServerImpl (RaftServerImpl.java:setRole(171)) - ed9e288c-0744-4497-940c-3846f34b2d6c:group-4167C9DAB68E changes role from FOLLOWER to CANDIDATE at term 0 for changeToCandidate
2019-08-21 11:14:27,683 [Thread-3371] INFO  impl.RoleInfo (RoleInfo.java:updateAndGet(143)) - ed9e288c-0744-4497-940c-3846f34b2d6c: start LeaderElection
2019-08-21 11:14:27,696 [d07e18e0-48ec-475d-bbfd-6733e1200993:group-4167C9DAB68E:LeaderElection80] INFO  impl.LeaderElection (LeaderElection.java:askForVotes(181)) - d07e18e0-48ec-475d-bbfd-6733e1200993:group-4167C9DAB68E:LeaderElection80: begin an election at term 1 for -1: [d07e18e0-48ec-475d-bbfd-6733e1200993:192.168.34.23:34024, ed9e288c-0744-4497-940c-3846f34b2d6c:192.168.34.23:45303, 37412b49-a8cf-4c76-b1e5-6ab6fc3f2cc0:192.168.34.23:38285], old=null
2019-08-21 11:14:27,698 | INFO  | SCMAudit | user=jenkins1000 | ip=192.168.34.23 | op=SEND_HEARTBEAT {datanodeUUID=0fe68b61-2b3a-4f4f-aa8a-648d7c166cbb, command=[]} | ret=SUCCESS |  
2019-08-21 11:14:27,700 [grpc-default-executor-13] INFO  impl.RaftServerImpl (RaftServerImpl.java:setRole(171)) - 37412b49-a8cf-4c76-b1e5-6ab6fc3f2cc0:group-4167C9DAB68E changes role from FOLLOWER to FOLLOWER at term 1 for recognizeCandidate:d07e18e0-48ec-475d-bbfd-6733e1200993
2019-08-21 11:14:27,701 [grpc-default-executor-13] INFO  impl.RoleInfo (RoleInfo.java:shutdownFollowerState(121)) - 37412b49-a8cf-4c76-b1e5-6ab6fc3f2cc0: shutdown FollowerState
2019-08-21 11:14:27,701 [grpc-default-executor-13] INFO  impl.RoleInfo (RoleInfo.java:updateAndGet(143)) - 37412b49-a8cf-4c76-b1e5-6ab6fc3f2cc0: start FollowerState
2019-08-21 11:14:27,701 [Thread-3373] INFO  impl.FollowerState (FollowerState.java:run(114)) - 37412b49-a8cf-4c76-b1e5-6ab6fc3f2cc0: FollowerState was interrupted: java.lang.InterruptedException: sleep interrupted
2019-08-21 11:14:27,710 [ed9e288c-0744-4497-940c-3846f34b2d6c:group-4167C9DAB68E:LeaderElection81] INFO  impl.LeaderElection (LeaderElection.java:askForVotes(181)) - ed9e288c-0744-4497-940c-3846f34b2d6c:group-4167C9DAB68E:LeaderElection81: begin an election at term 1 for -1: [d07e18e0-48ec-475d-bbfd-6733e1200993:192.168.34.23:34024, ed9e288c-0744-4497-940c-3846f34b2d6c:192.168.34.23:45303, 37412b49-a8cf-4c76-b1e5-6ab6fc3f2cc0:192.168.34.23:38285], old=null
2019-08-21 11:14:27,713 [d07e18e0-48ec-475d-bbfd-6733e1200993:group-4167C9DAB68E:LeaderElection80] INFO  impl.LeaderElection (LeaderElection.java:logAndReturn(56)) - d07e18e0-48ec-475d-bbfd-6733e1200993:group-4167C9DAB68E:LeaderElection80: Election PASSED; received 2 response(s) [d07e18e0-48ec-475d-bbfd-6733e1200993<-ed9e288c-0744-4497-940c-3846f34b2d6c#0:FAIL-t1, d07e18e0-48ec-475d-bbfd-6733e1200993<-37412b49-a8cf-4c76-b1e5-6ab6fc3f2cc0#0:OK-t1] and 0 exception(s); d07e18e0-48ec-475d-bbfd-6733e1200993:t1, leader=null, voted=d07e18e0-48ec-475d-bbfd-6733e1200993, raftlog=d07e18e0-48ec-475d-bbfd-6733e1200993-SegmentedRaftLog:OPENED:c-1,f-1,i0, conf=-1: [d07e18e0-48ec-475d-bbfd-6733e1200993:192.168.34.23:34024, ed9e288c-0744-4497-940c-3846f34b2d6c:192.168.34.23:45303, 37412b49-a8cf-4c76-b1e5-6ab6fc3f2cc0:192.168.34.23:38285], old=null
2019-08-21 11:14:27,713 [d07e18e0-48ec-475d-bbfd-6733e1200993:group-4167C9DAB68E:LeaderElection80] INFO  impl.RoleInfo (RoleInfo.java:shutdownLeaderElection(134)) - d07e18e0-48ec-475d-bbfd-6733e1200993: shutdown LeaderElection
2019-08-21 11:14:27,713 [d07e18e0-48ec-475d-bbfd-6733e1200993:group-4167C9DAB68E:LeaderElection80] INFO  impl.RaftServerImpl (RaftServerImpl.java:setRole(171)) - d07e18e0-48ec-475d-bbfd-6733e1200993:group-4167C9DAB68E changes role from CANDIDATE to LEADER at term 1 for changeToLeader
2019-08-21 11:14:27,714 [d07e18e0-48ec-475d-bbfd-6733e1200993:group-4167C9DAB68E:LeaderElection80] INFO  impl.RaftServerImpl (ServerState.java:setLeader(263)) - d07e18e0-48ec-475d-bbfd-6733e1200993:group-4167C9DAB68E change Leader from null to d07e18e0-48ec-475d-bbfd-6733e1200993 at term 1 for becomeLeader, leader elected after 5141ms
2019-08-21 11:14:27,714 [d07e18e0-48ec-475d-bbfd-6733e1200993:group-4167C9DAB68E:LeaderElection80] INFO  server.RaftServerConfigKeys (ConfUtils.java:logGet(43)) - raft.server.staging.catchup.gap = 1000 (default)
2019-08-21 11:14:27,714 [d07e18e0-48ec-475d-bbfd-6733e1200993:group-4167C9DAB68E:LeaderElection80] INFO  server.RaftServerConfigKeys (ConfUtils.java:logGet(43)) - raft.server.rpc.sleep.time = 25ms (default)
2019-08-21 11:14:27,719 [d07e18e0-48ec-475d-bbfd-6733e1200993:group-4167C9DAB68E:LeaderElection80] INFO  server.RaftServerConfigKeys (ConfUtils.java:logGet(43)) - raft.server.write.element-limit = 4096 (default)
2019-08-21 11:14:27,719 [d07e18e0-48ec-475d-bbfd-6733e1200993:group-4167C9DAB68E:LeaderElection80] INFO  server.RaftServerConfigKeys (ConfUtils.java:logGet(43)) - raft.server.watch.timeout = 10s (default)
2019-08-21 11:14:27,719 [d07e18e0-48ec-475d-bbfd-6733e1200993:group-4167C9DAB68E:LeaderElection80] INFO  server.RaftServerConfigKeys (ConfUtils.java:logGet(43)) - raft.server.watch.timeout.denomination = 1s (default)
2019-08-21 11:14:27,720 [d07e18e0-48ec-475d-bbfd-6733e1200993:group-4167C9DAB68E:LeaderElection80] INFO  server.RaftServerConfigKeys (ConfUtils.java:logGet(43)) - raft.server.watch.element-limit = 65536 (default)
2019-08-21 11:14:27,720 [d07e18e0-48ec-475d-bbfd-6733e1200993:group-4167C9DAB68E:LeaderElection80] INFO  server.RaftServerConfigKeys (ConfUtils.java:logGet(43)) - raft.server.log.appender.snapshot.chunk.size.max = 16MB (=16777216) (default)
2019-08-21 11:14:27,720 [d07e18e0-48ec-475d-bbfd-6733e1200993:group-4167C9DAB68E:LeaderElection80] INFO  server.RaftServerConfigKeys (ConfUtils.java:logGet(43)) - raft.server.log.appender.buffer.byte-limit = 33554432 (custom)
2019-08-21 11:14:27,720 [d07e18e0-48ec-475d-bbfd-6733e1200993:group-4167C9DAB68E:LeaderElection80] INFO  server.RaftServerConfigKeys (ConfUtils.java:logGet(43)) - raft.server.log.appender.buffer.element-limit = 1 (custom)
2019-08-21 11:14:27,721 [d07e18e0-48ec-475d-bbfd-6733e1200993:group-4167C9DAB68E:LeaderElection80] INFO  grpc.GrpcConfigKeys$Server (ConfUtils.java:logGet(43)) - raft.grpc.server.leader.outstanding.appends.max = 128 (default)
2019-08-21 11:14:27,721 [d07e18e0-48ec-475d-bbfd-6733e1200993:group-4167C9DAB68E:LeaderElection80] INFO  server.RaftServerConfigKeys (ConfUtils.java:logGet(43)) - raft.server.rpc.request.timeout = 3000ms (default)
2019-08-21 11:14:27,721 [d07e18e0-48ec-475d-bbfd-6733e1200993:group-4167C9DAB68E:LeaderElection80] INFO  server.RaftServerConfigKeys (ConfUtils.java:logGet(43)) - raft.server.log.appender.install.snapshot.enabled = false (custom)
2019-08-21 11:14:27,722 [d07e18e0-48ec-475d-bbfd-6733e1200993:group-4167C9DAB68E:LeaderElection80] INFO  server.RaftServerConfigKeys (ConfUtils.java:logGet(43)) - raft.server.log.appender.snapshot.chunk.size.max = 16MB (=16777216) (default)
2019-08-21 11:14:27,722 [d07e18e0-48ec-475d-bbfd-6733e1200993:group-4167C9DAB68E:LeaderElection80] INFO  server.RaftServerConfigKeys (ConfUtils.java:logGet(43)) - raft.server.log.appender.buffer.byte-limit = 33554432 (custom)
2019-08-21 11:14:27,722 [d07e18e0-48ec-475d-bbfd-6733e1200993:group-4167C9DAB68E:LeaderElection80] INFO  server.RaftServerConfigKeys (ConfUtils.java:logGet(43)) - raft.server.log.appender.buffer.element-limit = 1 (custom)
2019-08-21 11:14:27,722 [d07e18e0-48ec-475d-bbfd-6733e1200993:group-4167C9DAB68E:LeaderElection80] INFO  grpc.GrpcConfigKeys$Server (ConfUtils.java:logGet(43)) - raft.grpc.server.leader.outstanding.appends.max = 128 (default)
2019-08-21 11:14:27,723 [d07e18e0-48ec-475d-bbfd-6733e1200993:group-4167C9DAB68E:LeaderElection80] INFO  server.RaftServerConfigKeys (ConfUtils.java:logGet(43)) - raft.server.rpc.request.timeout = 3000ms (default)
2019-08-21 11:14:27,723 [d07e18e0-48ec-475d-bbfd-6733e1200993:group-4167C9DAB68E:LeaderElection80] INFO  server.RaftServerConfigKeys (ConfUtils.java:logGet(43)) - raft.server.log.appender.install.snapshot.enabled = false (custom)
2019-08-21 11:14:27,723 [d07e18e0-48ec-475d-bbfd-6733e1200993:group-4167C9DAB68E:LeaderElection80] INFO  impl.RoleInfo (RoleInfo.java:updateAndGet(143)) - d07e18e0-48ec-475d-bbfd-6733e1200993: start LeaderState
2019-08-21 11:14:27,724 [d07e18e0-48ec-475d-bbfd-6733e1200993:group-4167C9DAB68E:LeaderElection80] INFO  segmented.SegmentedRaftLogWorker (SegmentedRaftLogWorker.java:startLogSegment(380)) - d07e18e0-48ec-475d-bbfd-6733e1200993-SegmentedRaftLogWorker:Storage Directory /workdir/hadoop-ozone/integration-test/target/test-dir/MiniOzoneClusterImpl-d193021e-39f1-4dac-9bda-16b6316a9a0a/datanode-0/data/ratis/f6e2ed8b-9aab-45f3-8ade-4167c9dab68e: Starting segment from index:0
2019-08-21 11:14:27,724 [d07e18e0-48ec-475d-bbfd-6733e1200993:group-4167C9DAB68E:LeaderElection80] INFO  impl.RaftServerImpl (ServerState.java:setRaftConf(361)) - d07e18e0-48ec-475d-bbfd-6733e1200993:group-4167C9DAB68E set configuration 0: [d07e18e0-48ec-475d-bbfd-6733e1200993:192.168.34.23:34024, ed9e288c-0744-4497-940c-3846f34b2d6c:192.168.34.23:45303, 37412b49-a8cf-4c76-b1e5-6ab6fc3f2cc0:192.168.34.23:38285], old=null at 0
2019-08-21 11:14:27,758 [grpc-default-executor-13] INFO  impl.RaftServerImpl (RaftServerImpl.java:requestVote(754)) - d07e18e0-48ec-475d-bbfd-6733e1200993-LEADER: Withhold vote from candidate ed9e288c-0744-4497-940c-3846f34b2d6c with term 1. State: leader=d07e18e0-48ec-475d-bbfd-6733e1200993, term=1, lastRpcElapsed=null
2019-08-21 11:14:27,758 | INFO  | SCMAudit | user=jenkins1000 | ip=192.168.34.23 | op=SEND_HEARTBEAT {datanodeUUID=d07e18e0-48ec-475d-bbfd-6733e1200993, command=[]} | ret=SUCCESS |  
2019-08-21 11:14:27,759 [grpc-default-executor-12] INFO  impl.RaftServerImpl (ServerState.java:setLeader(263)) - 37412b49-a8cf-4c76-b1e5-6ab6fc3f2cc0:group-4167C9DAB68E change Leader from null to d07e18e0-48ec-475d-bbfd-6733e1200993 at term 1 for appendEntries, leader elected after 5186ms
2019-08-21 11:14:27,759 [ed9e288c-0744-4497-940c-3846f34b2d6c:group-4167C9DAB68E:LeaderElection81] INFO  impl.LeaderElection (LeaderElection.java:logAndReturn(56)) - ed9e288c-0744-4497-940c-3846f34b2d6c:group-4167C9DAB68E:LeaderElection81: Election REJECTED; received 2 response(s) [ed9e288c-0744-4497-940c-3846f34b2d6c<-d07e18e0-48ec-475d-bbfd-6733e1200993#0:FAIL-t1, ed9e288c-0744-4497-940c-3846f34b2d6c<-37412b49-a8cf-4c76-b1e5-6ab6fc3f2cc0#0:FAIL-t1] and 0 exception(s); ed9e288c-0744-4497-940c-3846f34b2d6c:t1, leader=null, voted=ed9e288c-0744-4497-940c-3846f34b2d6c, raftlog=ed9e288c-0744-4497-940c-3846f34b2d6c-SegmentedRaftLog:OPENED:c-1,f-1,i0, conf=-1: [d07e18e0-48ec-475d-bbfd-6733e1200993:192.168.34.23:34024, ed9e288c-0744-4497-940c-3846f34b2d6c:192.168.34.23:45303, 37412b49-a8cf-4c76-b1e5-6ab6fc3f2cc0:192.168.34.23:38285], old=null
2019-08-21 11:14:27,759 [ed9e288c-0744-4497-940c-3846f34b2d6c:group-4167C9DAB68E:LeaderElection81] INFO  impl.RaftServerImpl (RaftServerImpl.java:setRole(171)) - ed9e288c-0744-4497-940c-3846f34b2d6c:group-4167C9DAB68E changes role from CANDIDATE to FOLLOWER at term 1 for DISCOVERED_A_NEW_TERM
2019-08-21 11:14:27,760 [ed9e288c-0744-4497-940c-3846f34b2d6c:group-4167C9DAB68E:LeaderElection81] INFO  impl.RoleInfo (RoleInfo.java:shutdownLeaderElection(134)) - ed9e288c-0744-4497-940c-3846f34b2d6c: shutdown LeaderElection
2019-08-21 11:14:27,760 [ed9e288c-0744-4497-940c-3846f34b2d6c:group-4167C9DAB68E:LeaderElection81] INFO  impl.RoleInfo (RoleInfo.java:updateAndGet(143)) - ed9e288c-0744-4497-940c-3846f34b2d6c: start FollowerState
2019-08-21 11:14:27,760 [grpc-default-executor-11] INFO  impl.RaftServerImpl (ServerState.java:setLeader(263)) - ed9e288c-0744-4497-940c-3846f34b2d6c:group-4167C9DAB68E change Leader from null to d07e18e0-48ec-475d-bbfd-6733e1200993 at term 1 for appendEntries, leader elected after 5188ms
2019-08-21 11:14:27,762 [grpc-default-executor-11] INFO  impl.RaftServerImpl (ServerState.java:setRaftConf(361)) - 37412b49-a8cf-4c76-b1e5-6ab6fc3f2cc0:group-4167C9DAB68E set configuration 0: [d07e18e0-48ec-475d-bbfd-6733e1200993:192.168.34.23:34024, ed9e288c-0744-4497-940c-3846f34b2d6c:192.168.34.23:45303, 37412b49-a8cf-4c76-b1e5-6ab6fc3f2cc0:192.168.34.23:38285], old=null at 0
2019-08-21 11:14:27,762 [grpc-default-executor-12] INFO  impl.RaftServerImpl (ServerState.java:setRaftConf(361)) - ed9e288c-0744-4497-940c-3846f34b2d6c:group-4167C9DAB68E set configuration 0: [d07e18e0-48ec-475d-bbfd-6733e1200993:192.168.34.23:34024, ed9e288c-0744-4497-940c-3846f34b2d6c:192.168.34.23:45303, 37412b49-a8cf-4c76-b1e5-6ab6fc3f2cc0:192.168.34.23:38285], old=null at 0
2019-08-21 11:14:27,762 [grpc-default-executor-11] INFO  segmented.SegmentedRaftLogWorker (SegmentedRaftLogWorker.java:startLogSegment(380)) - 37412b49-a8cf-4c76-b1e5-6ab6fc3f2cc0-SegmentedRaftLogWorker:Storage Directory /workdir/hadoop-ozone/integration-test/target/test-dir/MiniOzoneClusterImpl-d193021e-39f1-4dac-9bda-16b6316a9a0a/datanode-2/data/ratis/f6e2ed8b-9aab-45f3-8ade-4167c9dab68e: Starting segment from index:0
2019-08-21 11:14:27,762 [grpc-default-executor-12] INFO  segmented.SegmentedRaftLogWorker (SegmentedRaftLogWorker.java:startLogSegment(380)) - ed9e288c-0744-4497-940c-3846f34b2d6c-SegmentedRaftLogWorker:Storage Directory /workdir/hadoop-ozone/integration-test/target/test-dir/MiniOzoneClusterImpl-d193021e-39f1-4dac-9bda-16b6316a9a0a/datanode-1/data/ratis/f6e2ed8b-9aab-45f3-8ade-4167c9dab68e: Starting segment from index:0
2019-08-21 11:14:27,770 [d07e18e0-48ec-475d-bbfd-6733e1200993-SegmentedRaftLogWorker:Storage Directory /workdir/hadoop-ozone/integration-test/target/test-dir/MiniOzoneClusterImpl-d193021e-39f1-4dac-9bda-16b6316a9a0a/datanode-0/data/ratis/f6e2ed8b-9aab-45f3-8ade-4167c9dab68e] INFO  segmented.SegmentedRaftLogWorker (SegmentedRaftLogWorker.java:execute(569)) - d07e18e0-48ec-475d-bbfd-6733e1200993-SegmentedRaftLogWorker:Storage Directory /workdir/hadoop-ozone/integration-test/target/test-dir/MiniOzoneClusterImpl-d193021e-39f1-4dac-9bda-16b6316a9a0a/datanode-0/data/ratis/f6e2ed8b-9aab-45f3-8ade-4167c9dab68e: created new log segment /workdir/hadoop-ozone/integration-test/target/test-dir/MiniOzoneClusterImpl-d193021e-39f1-4dac-9bda-16b6316a9a0a/datanode-0/data/ratis/f6e2ed8b-9aab-45f3-8ade-4167c9dab68e/current/log_inprogress_0
2019-08-21 11:14:27,803 [37412b49-a8cf-4c76-b1e5-6ab6fc3f2cc0-SegmentedRaftLogWorker:Storage Directory /workdir/hadoop-ozone/integration-test/target/test-dir/MiniOzoneClusterImpl-d193021e-39f1-4dac-9bda-16b6316a9a0a/datanode-2/data/ratis/f6e2ed8b-9aab-45f3-8ade-4167c9dab68e] INFO  segmented.SegmentedRaftLogWorker (SegmentedRaftLogWorker.java:execute(569)) - 37412b49-a8cf-4c76-b1e5-6ab6fc3f2cc0-SegmentedRaftLogWorker:Storage Directory /workdir/hadoop-ozone/integration-test/target/test-dir/MiniOzoneClusterImpl-d193021e-39f1-4dac-9bda-16b6316a9a0a/datanode-2/data/ratis/f6e2ed8b-9aab-45f3-8ade-4167c9dab68e: created new log segment /workdir/hadoop-ozone/integration-test/target/test-dir/MiniOzoneClusterImpl-d193021e-39f1-4dac-9bda-16b6316a9a0a/datanode-2/data/ratis/f6e2ed8b-9aab-45f3-8ade-4167c9dab68e/current/log_inprogress_0
2019-08-21 11:14:27,803 [ed9e288c-0744-4497-940c-3846f34b2d6c-SegmentedRaftLogWorker:Storage Directory /workdir/hadoop-ozone/integration-test/target/test-dir/MiniOzoneClusterImpl-d193021e-39f1-4dac-9bda-16b6316a9a0a/datanode-1/data/ratis/f6e2ed8b-9aab-45f3-8ade-4167c9dab68e] INFO  segmented.SegmentedRaftLogWorker (SegmentedRaftLogWorker.java:execute(569)) - ed9e288c-0744-4497-940c-3846f34b2d6c-SegmentedRaftLogWorker:Storage Directory /workdir/hadoop-ozone/integration-test/target/test-dir/MiniOzoneClusterImpl-d193021e-39f1-4dac-9bda-16b6316a9a0a/datanode-1/data/ratis/f6e2ed8b-9aab-45f3-8ade-4167c9dab68e: created new log segment /workdir/hadoop-ozone/integration-test/target/test-dir/MiniOzoneClusterImpl-d193021e-39f1-4dac-9bda-16b6316a9a0a/datanode-1/data/ratis/f6e2ed8b-9aab-45f3-8ade-4167c9dab68e/current/log_inprogress_0
2019-08-21 11:14:27,910 | INFO  | SCMAudit | user=jenkins1000 | ip=192.168.34.23 | op=SEND_HEARTBEAT {datanodeUUID=c596a87a-a2b8-4d47-9c90-b83d93b27bce, command=[]} | ret=SUCCESS |  
2019-08-21 11:14:27,931 [Thread-3380] INFO  impl.FollowerState (FollowerState.java:run(106)) - 0fe68b61-2b3a-4f4f-aa8a-648d7c166cbb:group-3BF21A545B4A changes to CANDIDATE, lastRpcTime:5187, electionTimeout:5187ms
2019-08-21 11:14:27,931 [Thread-3380] INFO  impl.RoleInfo (RoleInfo.java:shutdownFollowerState(121)) - 0fe68b61-2b3a-4f4f-aa8a-648d7c166cbb: shutdown FollowerState
2019-08-21 11:14:27,932 [Thread-3380] INFO  impl.RaftServerImpl (RaftServerImpl.java:setRole(171)) - 0fe68b61-2b3a-4f4f-aa8a-648d7c166cbb:group-3BF21A545B4A changes role from FOLLOWER to CANDIDATE at term 0 for changeToCandidate
2019-08-21 11:14:27,932 [Thread-3380] INFO  impl.RoleInfo (RoleInfo.java:updateAndGet(143)) - 0fe68b61-2b3a-4f4f-aa8a-648d7c166cbb: start LeaderElection
2019-08-21 11:14:27,952 [0fe68b61-2b3a-4f4f-aa8a-648d7c166cbb:group-3BF21A545B4A:LeaderElection82] INFO  impl.LeaderElection (LeaderElection.java:askForVotes(181)) - 0fe68b61-2b3a-4f4f-aa8a-648d7c166cbb:group-3BF21A545B4A:LeaderElection82: begin an election at term 1 for -1: [0fe68b61-2b3a-4f4f-aa8a-648d7c166cbb:192.168.34.23:46762], old=null
2019-08-21 11:14:27,952 [0fe68b61-2b3a-4f4f-aa8a-648d7c166cbb:group-3BF21A545B4A:LeaderElection82] INFO  impl.RoleInfo (RoleInfo.java:shutdownLeaderElection(134)) - 0fe68b61-2b3a-4f4f-aa8a-648d7c166cbb: shutdown LeaderElection
2019-08-21 11:14:27,952 [0fe68b61-2b3a-4f4f-aa8a-648d7c166cbb:group-3BF21A545B4A:LeaderElection82] INFO  impl.RaftServerImpl (RaftServerImpl.java:setRole(171)) - 0fe68b61-2b3a-4f4f-aa8a-648d7c166cbb:group-3BF21A545B4A changes role from CANDIDATE to LEADER at term 1 for changeToLeader
2019-08-21 11:14:27,952 [0fe68b61-2b3a-4f4f-aa8a-648d7c166cbb:group-3BF21A545B4A:LeaderElection82] INFO  impl.RaftServerImpl (ServerState.java:setLeader(263)) - 0fe68b61-2b3a-4f4f-aa8a-648d7c166cbb:group-3BF21A545B4A change Leader from null to 0fe68b61-2b3a-4f4f-aa8a-648d7c166cbb at term 1 for becomeLeader, leader elected after 5213ms
2019-08-21 11:14:27,952 [0fe68b61-2b3a-4f4f-aa8a-648d7c166cbb:group-3BF21A545B4A:LeaderElection82] INFO  server.RaftServerConfigKeys (ConfUtils.java:logGet(43)) - raft.server.staging.catchup.gap = 1000 (default)
2019-08-21 11:14:27,953 [0fe68b61-2b3a-4f4f-aa8a-648d7c166cbb:group-3BF21A545B4A:LeaderElection82] INFO  server.RaftServerConfigKeys (ConfUtils.java:logGet(43)) - raft.server.rpc.sleep.time = 25ms (default)
2019-08-21 11:14:27,953 [0fe68b61-2b3a-4f4f-aa8a-648d7c166cbb:group-3BF21A545B4A:LeaderElection82] INFO  server.RaftServerConfigKeys (ConfUtils.java:logGet(43)) - raft.server.write.element-limit = 4096 (default)
2019-08-21 11:14:27,953 [0fe68b61-2b3a-4f4f-aa8a-648d7c166cbb:group-3BF21A545B4A:LeaderElection82] INFO  server.RaftServerConfigKeys (ConfUtils.java:logGet(43)) - raft.server.watch.timeout = 10s (default)
2019-08-21 11:14:27,953 [0fe68b61-2b3a-4f4f-aa8a-648d7c166cbb:group-3BF21A545B4A:LeaderElection82] INFO  server.RaftServerConfigKeys (ConfUtils.java:logGet(43)) - raft.server.watch.timeout.denomination = 1s (default)
2019-08-21 11:14:27,953 [0fe68b61-2b3a-4f4f-aa8a-648d7c166cbb:group-3BF21A545B4A:LeaderElection82] INFO  server.RaftServerConfigKeys (ConfUtils.java:logGet(43)) - raft.server.watch.element-limit = 65536 (default)
2019-08-21 11:14:27,954 [0fe68b61-2b3a-4f4f-aa8a-648d7c166cbb:group-3BF21A545B4A:LeaderElection82] INFO  impl.RoleInfo (RoleInfo.java:updateAndGet(143)) - 0fe68b61-2b3a-4f4f-aa8a-648d7c166cbb: start LeaderState
2019-08-21 11:14:27,954 [0fe68b61-2b3a-4f4f-aa8a-648d7c166cbb:group-3BF21A545B4A:LeaderElection82] INFO  segmented.SegmentedRaftLogWorker (SegmentedRaftLogWorker.java:startLogSegment(380)) - 0fe68b61-2b3a-4f4f-aa8a-648d7c166cbb-SegmentedRaftLogWorker:Storage Directory /workdir/hadoop-ozone/integration-test/target/test-dir/MiniOzoneClusterImpl-d193021e-39f1-4dac-9bda-16b6316a9a0a/datanode-3/data/ratis/78f8ddc1-268d-4d65-a925-3bf21a545b4a: Starting segment from index:0
2019-08-21 11:14:27,954 [0fe68b61-2b3a-4f4f-aa8a-648d7c166cbb:group-3BF21A545B4A:LeaderElection82] INFO  impl.RaftServerImpl (ServerState.java:setRaftConf(361)) - 0fe68b61-2b3a-4f4f-aa8a-648d7c166cbb:group-3BF21A545B4A set configuration 0: [0fe68b61-2b3a-4f4f-aa8a-648d7c166cbb:192.168.34.23:46762], old=null at 0
2019-08-21 11:14:27,992 | INFO  | SCMAudit | user=jenkins1000 | ip=192.168.34.23 | op=SEND_HEARTBEAT {datanodeUUID=ed9e288c-0744-4497-940c-3846f34b2d6c, command=[]} | ret=SUCCESS |  
2019-08-21 11:14:28,001 [0fe68b61-2b3a-4f4f-aa8a-648d7c166cbb-SegmentedRaftLogWorker:Storage Directory /workdir/hadoop-ozone/integration-test/target/test-dir/MiniOzoneClusterImpl-d193021e-39f1-4dac-9bda-16b6316a9a0a/datanode-3/data/ratis/78f8ddc1-268d-4d65-a925-3bf21a545b4a] INFO  segmented.SegmentedRaftLogWorker (SegmentedRaftLogWorker.java:execute(569)) - 0fe68b61-2b3a-4f4f-aa8a-648d7c166cbb-SegmentedRaftLogWorker:Storage Directory /workdir/hadoop-ozone/integration-test/target/test-dir/MiniOzoneClusterImpl-d193021e-39f1-4dac-9bda-16b6316a9a0a/datanode-3/data/ratis/78f8ddc1-268d-4d65-a925-3bf21a545b4a: created new log segment /workdir/hadoop-ozone/integration-test/target/test-dir/MiniOzoneClusterImpl-d193021e-39f1-4dac-9bda-16b6316a9a0a/datanode-3/data/ratis/78f8ddc1-268d-4d65-a925-3bf21a545b4a/current/log_inprogress_0
2019-08-21 11:14:28,126 | INFO  | SCMAudit | user=jenkins1000 | ip=192.168.34.23 | op=SEND_HEARTBEAT {datanodeUUID=f4b96d6d-5834-4237-9c77-9d8fb94db68a, command=[]} | ret=SUCCESS |  
2019-08-21 11:14:28,153 [Thread-3383] INFO  impl.FollowerState (FollowerState.java:run(106)) - c596a87a-a2b8-4d47-9c90-b83d93b27bce:group-05F2C9FAAC2C changes to CANDIDATE, lastRpcTime:5200, electionTimeout:5200ms
2019-08-21 11:14:28,153 [Thread-3383] INFO  impl.RoleInfo (RoleInfo.java:shutdownFollowerState(121)) - c596a87a-a2b8-4d47-9c90-b83d93b27bce: shutdown FollowerState
2019-08-21 11:14:28,154 [Thread-3383] INFO  impl.RaftServerImpl (RaftServerImpl.java:setRole(171)) - c596a87a-a2b8-4d47-9c90-b83d93b27bce:group-05F2C9FAAC2C changes role from FOLLOWER to CANDIDATE at term 0 for changeToCandidate
2019-08-21 11:14:28,154 [Thread-3383] INFO  impl.RoleInfo (RoleInfo.java:updateAndGet(143)) - c596a87a-a2b8-4d47-9c90-b83d93b27bce: start LeaderElection
2019-08-21 11:14:28,173 [c596a87a-a2b8-4d47-9c90-b83d93b27bce:group-05F2C9FAAC2C:LeaderElection83] INFO  impl.LeaderElection (LeaderElection.java:askForVotes(181)) - c596a87a-a2b8-4d47-9c90-b83d93b27bce:group-05F2C9FAAC2C:LeaderElection83: begin an election at term 1 for -1: [c596a87a-a2b8-4d47-9c90-b83d93b27bce:192.168.34.23:41767], old=null
2019-08-21 11:14:28,173 [c596a87a-a2b8-4d47-9c90-b83d93b27bce:group-05F2C9FAAC2C:LeaderElection83] INFO  impl.RoleInfo (RoleInfo.java:shutdownLeaderElection(134)) - c596a87a-a2b8-4d47-9c90-b83d93b27bce: shutdown LeaderElection
2019-08-21 11:14:28,173 [c596a87a-a2b8-4d47-9c90-b83d93b27bce:group-05F2C9FAAC2C:LeaderElection83] INFO  impl.RaftServerImpl (RaftServerImpl.java:setRole(171)) - c596a87a-a2b8-4d47-9c90-b83d93b27bce:group-05F2C9FAAC2C changes role from CANDIDATE to LEADER at term 1 for changeToLeader
2019-08-21 11:14:28,173 [c596a87a-a2b8-4d47-9c90-b83d93b27bce:group-05F2C9FAAC2C:LeaderElection83] INFO  impl.RaftServerImpl (ServerState.java:setLeader(263)) - c596a87a-a2b8-4d47-9c90-b83d93b27bce:group-05F2C9FAAC2C change Leader from null to c596a87a-a2b8-4d47-9c90-b83d93b27bce at term 1 for becomeLeader, leader elected after 5224ms
2019-08-21 11:14:28,174 [c596a87a-a2b8-4d47-9c90-b83d93b27bce:group-05F2C9FAAC2C:LeaderElection83] INFO  server.RaftServerConfigKeys (ConfUtils.java:logGet(43)) - raft.server.staging.catchup.gap = 1000 (default)
2019-08-21 11:14:28,174 [c596a87a-a2b8-4d47-9c90-b83d93b27bce:group-05F2C9FAAC2C:LeaderElection83] INFO  server.RaftServerConfigKeys (ConfUtils.java:logGet(43)) - raft.server.rpc.sleep.time = 25ms (default)
2019-08-21 11:14:28,174 [c596a87a-a2b8-4d47-9c90-b83d93b27bce:group-05F2C9FAAC2C:LeaderElection83] INFO  server.RaftServerConfigKeys (ConfUtils.java:logGet(43)) - raft.server.write.element-limit = 4096 (default)
2019-08-21 11:14:28,174 [c596a87a-a2b8-4d47-9c90-b83d93b27bce:group-05F2C9FAAC2C:LeaderElection83] INFO  server.RaftServerConfigKeys (ConfUtils.java:logGet(43)) - raft.server.watch.timeout = 10s (default)
2019-08-21 11:14:28,174 [c596a87a-a2b8-4d47-9c90-b83d93b27bce:group-05F2C9FAAC2C:LeaderElection83] INFO  server.RaftServerConfigKeys (ConfUtils.java:logGet(43)) - raft.server.watch.timeout.denomination = 1s (default)
2019-08-21 11:14:28,174 [c596a87a-a2b8-4d47-9c90-b83d93b27bce:group-05F2C9FAAC2C:LeaderElection83] INFO  server.RaftServerConfigKeys (ConfUtils.java:logGet(43)) - raft.server.watch.element-limit = 65536 (default)
2019-08-21 11:14:28,175 [c596a87a-a2b8-4d47-9c90-b83d93b27bce:group-05F2C9FAAC2C:LeaderElection83] INFO  impl.RoleInfo (RoleInfo.java:updateAndGet(143)) - c596a87a-a2b8-4d47-9c90-b83d93b27bce: start LeaderState
2019-08-21 11:14:28,175 [c596a87a-a2b8-4d47-9c90-b83d93b27bce:group-05F2C9FAAC2C:LeaderElection83] INFO  segmented.SegmentedRaftLogWorker (SegmentedRaftLogWorker.java:startLogSegment(380)) - c596a87a-a2b8-4d47-9c90-b83d93b27bce-SegmentedRaftLogWorker:Storage Directory /workdir/hadoop-ozone/integration-test/target/test-dir/MiniOzoneClusterImpl-d193021e-39f1-4dac-9bda-16b6316a9a0a/datanode-4/data/ratis/060881fc-9f0a-4dde-959f-05f2c9faac2c: Starting segment from index:0
2019-08-21 11:14:28,176 [c596a87a-a2b8-4d47-9c90-b83d93b27bce:group-05F2C9FAAC2C:LeaderElection83] INFO  impl.RaftServerImpl (ServerState.java:setRaftConf(361)) - c596a87a-a2b8-4d47-9c90-b83d93b27bce:group-05F2C9FAAC2C set configuration 0: [c596a87a-a2b8-4d47-9c90-b83d93b27bce:192.168.34.23:41767], old=null at 0
2019-08-21 11:14:28,214 [c596a87a-a2b8-4d47-9c90-b83d93b27bce-SegmentedRaftLogWorker:Storage Directory /workdir/hadoop-ozone/integration-test/target/test-dir/MiniOzoneClusterImpl-d193021e-39f1-4dac-9bda-16b6316a9a0a/datanode-4/data/ratis/060881fc-9f0a-4dde-959f-05f2c9faac2c] INFO  segmented.SegmentedRaftLogWorker (SegmentedRaftLogWorker.java:execute(569)) - c596a87a-a2b8-4d47-9c90-b83d93b27bce-SegmentedRaftLogWorker:Storage Directory /workdir/hadoop-ozone/integration-test/target/test-dir/MiniOzoneClusterImpl-d193021e-39f1-4dac-9bda-16b6316a9a0a/datanode-4/data/ratis/060881fc-9f0a-4dde-959f-05f2c9faac2c: created new log segment /workdir/hadoop-ozone/integration-test/target/test-dir/MiniOzoneClusterImpl-d193021e-39f1-4dac-9bda-16b6316a9a0a/datanode-4/data/ratis/060881fc-9f0a-4dde-959f-05f2c9faac2c/current/log_inprogress_0
2019-08-21 11:14:28,221 [Thread-3389] INFO  impl.FollowerState (FollowerState.java:run(106)) - 0fe68b61-2b3a-4f4f-aa8a-648d7c166cbb:group-9D273EF9328C changes to CANDIDATE, lastRpcTime:5000, electionTimeout:5000ms
2019-08-21 11:14:28,221 [Thread-3389] INFO  impl.RoleInfo (RoleInfo.java:shutdownFollowerState(121)) - 0fe68b61-2b3a-4f4f-aa8a-648d7c166cbb: shutdown FollowerState
2019-08-21 11:14:28,221 [Thread-3389] INFO  impl.RaftServerImpl (RaftServerImpl.java:setRole(171)) - 0fe68b61-2b3a-4f4f-aa8a-648d7c166cbb:group-9D273EF9328C changes role from FOLLOWER to CANDIDATE at term 0 for changeToCandidate
2019-08-21 11:14:28,221 [Thread-3389] INFO  impl.RoleInfo (RoleInfo.java:updateAndGet(143)) - 0fe68b61-2b3a-4f4f-aa8a-648d7c166cbb: start LeaderElection
2019-08-21 11:14:28,240 [0fe68b61-2b3a-4f4f-aa8a-648d7c166cbb:group-9D273EF9328C:LeaderElection84] INFO  impl.LeaderElection (LeaderElection.java:askForVotes(181)) - 0fe68b61-2b3a-4f4f-aa8a-648d7c166cbb:group-9D273EF9328C:LeaderElection84: begin an election at term 1 for -1: [f4b96d6d-5834-4237-9c77-9d8fb94db68a:192.168.34.23:40742, 0fe68b61-2b3a-4f4f-aa8a-648d7c166cbb:192.168.34.23:46762, c596a87a-a2b8-4d47-9c90-b83d93b27bce:192.168.34.23:41767], old=null
2019-08-21 11:14:28,247 [grpc-default-executor-11] INFO  impl.RaftServerImpl (RaftServerImpl.java:setRole(171)) - c596a87a-a2b8-4d47-9c90-b83d93b27bce:group-9D273EF9328C changes role from FOLLOWER to FOLLOWER at term 1 for recognizeCandidate:0fe68b61-2b3a-4f4f-aa8a-648d7c166cbb
2019-08-21 11:14:28,247 [grpc-default-executor-11] INFO  impl.RoleInfo (RoleInfo.java:shutdownFollowerState(121)) - c596a87a-a2b8-4d47-9c90-b83d93b27bce: shutdown FollowerState
2019-08-21 11:14:28,247 [grpc-default-executor-12] INFO  impl.RaftServerImpl (RaftServerImpl.java:setRole(171)) - f4b96d6d-5834-4237-9c77-9d8fb94db68a:group-9D273EF9328C changes role from FOLLOWER to FOLLOWER at term 1 for recognizeCandidate:0fe68b61-2b3a-4f4f-aa8a-648d7c166cbb
2019-08-21 11:14:28,247 [Thread-3395] INFO  impl.FollowerState (FollowerState.java:run(114)) - c596a87a-a2b8-4d47-9c90-b83d93b27bce: FollowerState was interrupted: java.lang.InterruptedException: sleep interrupted
2019-08-21 11:14:28,247 [grpc-default-executor-11] INFO  impl.RoleInfo (RoleInfo.java:updateAndGet(143)) - c596a87a-a2b8-4d47-9c90-b83d93b27bce: start FollowerState
2019-08-21 11:14:28,247 [grpc-default-executor-12] INFO  impl.RoleInfo (RoleInfo.java:shutdownFollowerState(121)) - f4b96d6d-5834-4237-9c77-9d8fb94db68a: shutdown FollowerState
2019-08-21 11:14:28,250 [grpc-default-executor-12] INFO  impl.RoleInfo (RoleInfo.java:updateAndGet(143)) - f4b96d6d-5834-4237-9c77-9d8fb94db68a: start FollowerState
2019-08-21 11:14:28,250 [Thread-3392] INFO  impl.FollowerState (FollowerState.java:run(114)) - f4b96d6d-5834-4237-9c77-9d8fb94db68a: FollowerState was interrupted: java.lang.InterruptedException: sleep interrupted
2019-08-21 11:14:28,267 [0fe68b61-2b3a-4f4f-aa8a-648d7c166cbb:group-9D273EF9328C:LeaderElection84] INFO  impl.LeaderElection (LeaderElection.java:logAndReturn(56)) - 0fe68b61-2b3a-4f4f-aa8a-648d7c166cbb:group-9D273EF9328C:LeaderElection84: Election PASSED; received 1 response(s) [0fe68b61-2b3a-4f4f-aa8a-648d7c166cbb<-f4b96d6d-5834-4237-9c77-9d8fb94db68a#0:OK-t1] and 0 exception(s); 0fe68b61-2b3a-4f4f-aa8a-648d7c166cbb:t1, leader=null, voted=0fe68b61-2b3a-4f4f-aa8a-648d7c166cbb, raftlog=0fe68b61-2b3a-4f4f-aa8a-648d7c166cbb-SegmentedRaftLog:OPENED:c-1,f-1,i0, conf=-1: [f4b96d6d-5834-4237-9c77-9d8fb94db68a:192.168.34.23:40742, 0fe68b61-2b3a-4f4f-aa8a-648d7c166cbb:192.168.34.23:46762, c596a87a-a2b8-4d47-9c90-b83d93b27bce:192.168.34.23:41767], old=null
2019-08-21 11:14:28,267 [0fe68b61-2b3a-4f4f-aa8a-648d7c166cbb:group-9D273EF9328C:LeaderElection84] INFO  impl.RoleInfo (RoleInfo.java:shutdownLeaderElection(134)) - 0fe68b61-2b3a-4f4f-aa8a-648d7c166cbb: shutdown LeaderElection
2019-08-21 11:14:28,267 [0fe68b61-2b3a-4f4f-aa8a-648d7c166cbb:group-9D273EF9328C:LeaderElection84] INFO  impl.RaftServerImpl (RaftServerImpl.java:setRole(171)) - 0fe68b61-2b3a-4f4f-aa8a-648d7c166cbb:group-9D273EF9328C changes role from CANDIDATE to LEADER at term 1 for changeToLeader
2019-08-21 11:14:28,268 [0fe68b61-2b3a-4f4f-aa8a-648d7c166cbb:group-9D273EF9328C:LeaderElection84] INFO  impl.RaftServerImpl (ServerState.java:setLeader(263)) - 0fe68b61-2b3a-4f4f-aa8a-648d7c166cbb:group-9D273EF9328C change Leader from null to 0fe68b61-2b3a-4f4f-aa8a-648d7c166cbb at term 1 for becomeLeader, leader elected after 5056ms
2019-08-21 11:14:28,268 [0fe68b61-2b3a-4f4f-aa8a-648d7c166cbb:group-9D273EF9328C:LeaderElection84] INFO  server.RaftServerConfigKeys (ConfUtils.java:logGet(43)) - raft.server.staging.catchup.gap = 1000 (default)
2019-08-21 11:14:28,268 [0fe68b61-2b3a-4f4f-aa8a-648d7c166cbb:group-9D273EF9328C:LeaderElection84] INFO  server.RaftServerConfigKeys (ConfUtils.java:logGet(43)) - raft.server.rpc.sleep.time = 25ms (default)
2019-08-21 11:14:28,268 [0fe68b61-2b3a-4f4f-aa8a-648d7c166cbb:group-9D273EF9328C:LeaderElection84] INFO  server.RaftServerConfigKeys (ConfUtils.java:logGet(43)) - raft.server.write.element-limit = 4096 (default)
2019-08-21 11:14:28,268 [0fe68b61-2b3a-4f4f-aa8a-648d7c166cbb:group-9D273EF9328C:LeaderElection84] INFO  server.RaftServerConfigKeys (ConfUtils.java:logGet(43)) - raft.server.watch.timeout = 10s (default)
2019-08-21 11:14:28,268 [0fe68b61-2b3a-4f4f-aa8a-648d7c166cbb:group-9D273EF9328C:LeaderElection84] INFO  server.RaftServerConfigKeys (ConfUtils.java:logGet(43)) - raft.server.watch.timeout.denomination = 1s (default)
2019-08-21 11:14:28,268 [0fe68b61-2b3a-4f4f-aa8a-648d7c166cbb:group-9D273EF9328C:LeaderElection84] INFO  server.RaftServerConfigKeys (ConfUtils.java:logGet(43)) - raft.server.watch.element-limit = 65536 (default)
2019-08-21 11:14:28,269 [0fe68b61-2b3a-4f4f-aa8a-648d7c166cbb:group-9D273EF9328C:LeaderElection84] INFO  server.RaftServerConfigKeys (ConfUtils.java:logGet(43)) - raft.server.log.appender.snapshot.chunk.size.max = 16MB (=16777216) (default)
2019-08-21 11:14:28,269 [0fe68b61-2b3a-4f4f-aa8a-648d7c166cbb:group-9D273EF9328C:LeaderElection84] INFO  server.RaftServerConfigKeys (ConfUtils.java:logGet(43)) - raft.server.log.appender.buffer.byte-limit = 33554432 (custom)
2019-08-21 11:14:28,269 [0fe68b61-2b3a-4f4f-aa8a-648d7c166cbb:group-9D273EF9328C:LeaderElection84] INFO  server.RaftServerConfigKeys (ConfUtils.java:logGet(43)) - raft.server.log.appender.buffer.element-limit = 1 (custom)
2019-08-21 11:14:28,269 [0fe68b61-2b3a-4f4f-aa8a-648d7c166cbb:group-9D273EF9328C:LeaderElection84] INFO  grpc.GrpcConfigKeys$Server (ConfUtils.java:logGet(43)) - raft.grpc.server.leader.outstanding.appends.max = 128 (default)
2019-08-21 11:14:28,270 [0fe68b61-2b3a-4f4f-aa8a-648d7c166cbb:group-9D273EF9328C:LeaderElection84] INFO  server.RaftServerConfigKeys (ConfUtils.java:logGet(43)) - raft.server.rpc.request.timeout = 3000ms (default)
2019-08-21 11:14:28,270 [0fe68b61-2b3a-4f4f-aa8a-648d7c166cbb:group-9D273EF9328C:LeaderElection84] INFO  server.RaftServerConfigKeys (ConfUtils.java:logGet(43)) - raft.server.log.appender.install.snapshot.enabled = false (custom)
2019-08-21 11:14:28,270 [0fe68b61-2b3a-4f4f-aa8a-648d7c166cbb:group-9D273EF9328C:LeaderElection84] INFO  server.RaftServerConfigKeys (ConfUtils.java:logGet(43)) - raft.server.log.appender.snapshot.chunk.size.max = 16MB (=16777216) (default)
2019-08-21 11:14:28,270 [0fe68b61-2b3a-4f4f-aa8a-648d7c166cbb:group-9D273EF9328C:LeaderElection84] INFO  server.RaftServerConfigKeys (ConfUtils.java:logGet(43)) - raft.server.log.appender.buffer.byte-limit = 33554432 (custom)
2019-08-21 11:14:28,270 [0fe68b61-2b3a-4f4f-aa8a-648d7c166cbb:group-9D273EF9328C:LeaderElection84] INFO  server.RaftServerConfigKeys (ConfUtils.java:logGet(43)) - raft.server.log.appender.buffer.element-limit = 1 (custom)
2019-08-21 11:14:28,271 [0fe68b61-2b3a-4f4f-aa8a-648d7c166cbb:group-9D273EF9328C:LeaderElection84] INFO  grpc.GrpcConfigKeys$Server (ConfUtils.java:logGet(43)) - raft.grpc.server.leader.outstanding.appends.max = 128 (default)
2019-08-21 11:14:28,271 [0fe68b61-2b3a-4f4f-aa8a-648d7c166cbb:group-9D273EF9328C:LeaderElection84] INFO  server.RaftServerConfigKeys (ConfUtils.java:logGet(43)) - raft.server.rpc.request.timeout = 3000ms (default)
2019-08-21 11:14:28,271 [0fe68b61-2b3a-4f4f-aa8a-648d7c166cbb:group-9D273EF9328C:LeaderElection84] INFO  server.RaftServerConfigKeys (ConfUtils.java:logGet(43)) - raft.server.log.appender.install.snapshot.enabled = false (custom)
2019-08-21 11:14:28,271 [Thread-3386] INFO  impl.FollowerState (FollowerState.java:run(106)) - f4b96d6d-5834-4237-9c77-9d8fb94db68a:group-30B6B48B0CFC changes to CANDIDATE, lastRpcTime:5102, electionTimeout:5102ms
2019-08-21 11:14:28,271 [0fe68b61-2b3a-4f4f-aa8a-648d7c166cbb:group-9D273EF9328C:LeaderElection84] INFO  impl.RoleInfo (RoleInfo.java:updateAndGet(143)) - 0fe68b61-2b3a-4f4f-aa8a-648d7c166cbb: start LeaderState
2019-08-21 11:14:28,271 [Thread-3386] INFO  impl.RoleInfo (RoleInfo.java:shutdownFollowerState(121)) - f4b96d6d-5834-4237-9c77-9d8fb94db68a: shutdown FollowerState
2019-08-21 11:14:28,271 [Thread-3386] INFO  impl.RaftServerImpl (RaftServerImpl.java:setRole(171)) - f4b96d6d-5834-4237-9c77-9d8fb94db68a:group-30B6B48B0CFC changes role from FOLLOWER to CANDIDATE at term 0 for changeToCandidate
2019-08-21 11:14:28,271 [0fe68b61-2b3a-4f4f-aa8a-648d7c166cbb:group-9D273EF9328C:LeaderElection84] INFO  segmented.SegmentedRaftLogWorker (SegmentedRaftLogWorker.java:startLogSegment(380)) - 0fe68b61-2b3a-4f4f-aa8a-648d7c166cbb-SegmentedRaftLogWorker:Storage Directory /workdir/hadoop-ozone/integration-test/target/test-dir/MiniOzoneClusterImpl-d193021e-39f1-4dac-9bda-16b6316a9a0a/datanode-3/data/ratis/4dd38366-85b3-4b4b-bf76-9d273ef9328c: Starting segment from index:0
2019-08-21 11:14:28,271 [Thread-3386] INFO  impl.RoleInfo (RoleInfo.java:updateAndGet(143)) - f4b96d6d-5834-4237-9c77-9d8fb94db68a: start LeaderElection
2019-08-21 11:14:28,298 [0fe68b61-2b3a-4f4f-aa8a-648d7c166cbb:group-9D273EF9328C:LeaderElection84] INFO  impl.RaftServerImpl (ServerState.java:setRaftConf(361)) - 0fe68b61-2b3a-4f4f-aa8a-648d7c166cbb:group-9D273EF9328C set configuration 0: [f4b96d6d-5834-4237-9c77-9d8fb94db68a:192.168.34.23:40742, 0fe68b61-2b3a-4f4f-aa8a-648d7c166cbb:192.168.34.23:46762, c596a87a-a2b8-4d47-9c90-b83d93b27bce:192.168.34.23:41767], old=null at 0
2019-08-21 11:14:28,302 [grpc-default-executor-11] INFO  impl.RaftServerImpl (ServerState.java:setLeader(263)) - c596a87a-a2b8-4d47-9c90-b83d93b27bce:group-9D273EF9328C change Leader from null to 0fe68b61-2b3a-4f4f-aa8a-648d7c166cbb at term 1 for appendEntries, leader elected after 5090ms
2019-08-21 11:14:28,302 [grpc-default-executor-12] INFO  impl.RaftServerImpl (ServerState.java:setLeader(263)) - f4b96d6d-5834-4237-9c77-9d8fb94db68a:group-9D273EF9328C change Leader from null to 0fe68b61-2b3a-4f4f-aa8a-648d7c166cbb at term 1 for appendEntries, leader elected after 5091ms
2019-08-21 11:14:28,308 [grpc-default-executor-11] INFO  impl.RaftServerImpl (ServerState.java:setRaftConf(361)) - c596a87a-a2b8-4d47-9c90-b83d93b27bce:group-9D273EF9328C set configuration 0: [f4b96d6d-5834-4237-9c77-9d8fb94db68a:192.168.34.23:40742, 0fe68b61-2b3a-4f4f-aa8a-648d7c166cbb:192.168.34.23:46762, c596a87a-a2b8-4d47-9c90-b83d93b27bce:192.168.34.23:41767], old=null at 0
2019-08-21 11:14:28,309 [grpc-default-executor-11] INFO  segmented.SegmentedRaftLogWorker (SegmentedRaftLogWorker.java:startLogSegment(380)) - c596a87a-a2b8-4d47-9c90-b83d93b27bce-SegmentedRaftLogWorker:Storage Directory /workdir/hadoop-ozone/integration-test/target/test-dir/MiniOzoneClusterImpl-d193021e-39f1-4dac-9bda-16b6316a9a0a/datanode-4/data/ratis/4dd38366-85b3-4b4b-bf76-9d273ef9328c: Starting segment from index:0
2019-08-21 11:14:28,309 [grpc-default-executor-12] INFO  impl.RaftServerImpl (ServerState.java:setRaftConf(361)) - f4b96d6d-5834-4237-9c77-9d8fb94db68a:group-9D273EF9328C set configuration 0: [f4b96d6d-5834-4237-9c77-9d8fb94db68a:192.168.34.23:40742, 0fe68b61-2b3a-4f4f-aa8a-648d7c166cbb:192.168.34.23:46762, c596a87a-a2b8-4d47-9c90-b83d93b27bce:192.168.34.23:41767], old=null at 0
2019-08-21 11:14:28,309 [grpc-default-executor-12] INFO  segmented.SegmentedRaftLogWorker (SegmentedRaftLogWorker.java:startLogSegment(380)) - f4b96d6d-5834-4237-9c77-9d8fb94db68a-SegmentedRaftLogWorker:Storage Directory /workdir/hadoop-ozone/integration-test/target/test-dir/MiniOzoneClusterImpl-d193021e-39f1-4dac-9bda-16b6316a9a0a/datanode-5/data/ratis/4dd38366-85b3-4b4b-bf76-9d273ef9328c: Starting segment from index:0
2019-08-21 11:14:28,311 [0fe68b61-2b3a-4f4f-aa8a-648d7c166cbb-SegmentedRaftLogWorker:Storage Directory /workdir/hadoop-ozone/integration-test/target/test-dir/MiniOzoneClusterImpl-d193021e-39f1-4dac-9bda-16b6316a9a0a/datanode-3/data/ratis/4dd38366-85b3-4b4b-bf76-9d273ef9328c] INFO  segmented.SegmentedRaftLogWorker (SegmentedRaftLogWorker.java:execute(569)) - 0fe68b61-2b3a-4f4f-aa8a-648d7c166cbb-SegmentedRaftLogWorker:Storage Directory /workdir/hadoop-ozone/integration-test/target/test-dir/MiniOzoneClusterImpl-d193021e-39f1-4dac-9bda-16b6316a9a0a/datanode-3/data/ratis/4dd38366-85b3-4b4b-bf76-9d273ef9328c: created new log segment /workdir/hadoop-ozone/integration-test/target/test-dir/MiniOzoneClusterImpl-d193021e-39f1-4dac-9bda-16b6316a9a0a/datanode-3/data/ratis/4dd38366-85b3-4b4b-bf76-9d273ef9328c/current/log_inprogress_0
2019-08-21 11:14:28,311 [f4b96d6d-5834-4237-9c77-9d8fb94db68a:group-30B6B48B0CFC:LeaderElection85] INFO  impl.LeaderElection (LeaderElection.java:askForVotes(181)) - f4b96d6d-5834-4237-9c77-9d8fb94db68a:group-30B6B48B0CFC:LeaderElection85: begin an election at term 1 for -1: [f4b96d6d-5834-4237-9c77-9d8fb94db68a:192.168.34.23:40742], old=null
2019-08-21 11:14:28,311 [f4b96d6d-5834-4237-9c77-9d8fb94db68a:group-30B6B48B0CFC:LeaderElection85] INFO  impl.RoleInfo (RoleInfo.java:shutdownLeaderElection(134)) - f4b96d6d-5834-4237-9c77-9d8fb94db68a: shutdown LeaderElection
2019-08-21 11:14:28,311 [f4b96d6d-5834-4237-9c77-9d8fb94db68a:group-30B6B48B0CFC:LeaderElection85] INFO  impl.RaftServerImpl (RaftServerImpl.java:setRole(171)) - f4b96d6d-5834-4237-9c77-9d8fb94db68a:group-30B6B48B0CFC changes role from CANDIDATE to LEADER at term 1 for changeToLeader
2019-08-21 11:14:28,311 [f4b96d6d-5834-4237-9c77-9d8fb94db68a:group-30B6B48B0CFC:LeaderElection85] INFO  impl.RaftServerImpl (ServerState.java:setLeader(263)) - f4b96d6d-5834-4237-9c77-9d8fb94db68a:group-30B6B48B0CFC change Leader from null to f4b96d6d-5834-4237-9c77-9d8fb94db68a at term 1 for becomeLeader, leader elected after 5147ms
2019-08-21 11:14:28,311 [f4b96d6d-5834-4237-9c77-9d8fb94db68a:group-30B6B48B0CFC:LeaderElection85] INFO  server.RaftServerConfigKeys (ConfUtils.java:logGet(43)) - raft.server.staging.catchup.gap = 1000 (default)
2019-08-21 11:14:28,312 [f4b96d6d-5834-4237-9c77-9d8fb94db68a:group-30B6B48B0CFC:LeaderElection85] INFO  server.RaftServerConfigKeys (ConfUtils.java:logGet(43)) - raft.server.rpc.sleep.time = 25ms (default)
2019-08-21 11:14:28,312 [f4b96d6d-5834-4237-9c77-9d8fb94db68a:group-30B6B48B0CFC:LeaderElection85] INFO  server.RaftServerConfigKeys (ConfUtils.java:logGet(43)) - raft.server.write.element-limit = 4096 (default)
2019-08-21 11:14:28,312 [f4b96d6d-5834-4237-9c77-9d8fb94db68a:group-30B6B48B0CFC:LeaderElection85] INFO  server.RaftServerConfigKeys (ConfUtils.java:logGet(43)) - raft.server.watch.timeout = 10s (default)
2019-08-21 11:14:28,312 [f4b96d6d-5834-4237-9c77-9d8fb94db68a:group-30B6B48B0CFC:LeaderElection85] INFO  server.RaftServerConfigKeys (ConfUtils.java:logGet(43)) - raft.server.watch.timeout.denomination = 1s (default)
2019-08-21 11:14:28,312 [f4b96d6d-5834-4237-9c77-9d8fb94db68a:group-30B6B48B0CFC:LeaderElection85] INFO  server.RaftServerConfigKeys (ConfUtils.java:logGet(43)) - raft.server.watch.element-limit = 65536 (default)
2019-08-21 11:14:28,313 [f4b96d6d-5834-4237-9c77-9d8fb94db68a:group-30B6B48B0CFC:LeaderElection85] INFO  impl.RoleInfo (RoleInfo.java:updateAndGet(143)) - f4b96d6d-5834-4237-9c77-9d8fb94db68a: start LeaderState
2019-08-21 11:14:28,313 [f4b96d6d-5834-4237-9c77-9d8fb94db68a:group-30B6B48B0CFC:LeaderElection85] INFO  segmented.SegmentedRaftLogWorker (SegmentedRaftLogWorker.java:startLogSegment(380)) - f4b96d6d-5834-4237-9c77-9d8fb94db68a-SegmentedRaftLogWorker:Storage Directory /workdir/hadoop-ozone/integration-test/target/test-dir/MiniOzoneClusterImpl-d193021e-39f1-4dac-9bda-16b6316a9a0a/datanode-5/data/ratis/f7319299-3775-4530-9554-30b6b48b0cfc: Starting segment from index:0
2019-08-21 11:14:28,314 [f4b96d6d-5834-4237-9c77-9d8fb94db68a:group-30B6B48B0CFC:LeaderElection85] INFO  impl.RaftServerImpl (ServerState.java:setRaftConf(361)) - f4b96d6d-5834-4237-9c77-9d8fb94db68a:group-30B6B48B0CFC set configuration 0: [f4b96d6d-5834-4237-9c77-9d8fb94db68a:192.168.34.23:40742], old=null at 0
2019-08-21 11:14:28,348 | INFO  | SCMAudit | user=jenkins1000 | ip=192.168.34.23 | op=SEND_HEARTBEAT {datanodeUUID=430f0a46-4fd4-4998-b8d2-ebf7f49c572d, command=[]} | ret=SUCCESS |  
2019-08-21 11:14:28,367 [f4b96d6d-5834-4237-9c77-9d8fb94db68a-SegmentedRaftLogWorker:Storage Directory /workdir/hadoop-ozone/integration-test/target/test-dir/MiniOzoneClusterImpl-d193021e-39f1-4dac-9bda-16b6316a9a0a/datanode-5/data/ratis/f7319299-3775-4530-9554-30b6b48b0cfc] INFO  segmented.SegmentedRaftLogWorker (SegmentedRaftLogWorker.java:execute(569)) - f4b96d6d-5834-4237-9c77-9d8fb94db68a-SegmentedRaftLogWorker:Storage Directory /workdir/hadoop-ozone/integration-test/target/test-dir/MiniOzoneClusterImpl-d193021e-39f1-4dac-9bda-16b6316a9a0a/datanode-5/data/ratis/f7319299-3775-4530-9554-30b6b48b0cfc: created new log segment /workdir/hadoop-ozone/integration-test/target/test-dir/MiniOzoneClusterImpl-d193021e-39f1-4dac-9bda-16b6316a9a0a/datanode-5/data/ratis/f7319299-3775-4530-9554-30b6b48b0cfc/current/log_inprogress_0
2019-08-21 11:14:28,367 [f4b96d6d-5834-4237-9c77-9d8fb94db68a-SegmentedRaftLogWorker:Storage Directory /workdir/hadoop-ozone/integration-test/target/test-dir/MiniOzoneClusterImpl-d193021e-39f1-4dac-9bda-16b6316a9a0a/datanode-5/data/ratis/4dd38366-85b3-4b4b-bf76-9d273ef9328c] INFO  segmented.SegmentedRaftLogWorker (SegmentedRaftLogWorker.java:execute(569)) - f4b96d6d-5834-4237-9c77-9d8fb94db68a-SegmentedRaftLogWorker:Storage Directory /workdir/hadoop-ozone/integration-test/target/test-dir/MiniOzoneClusterImpl-d193021e-39f1-4dac-9bda-16b6316a9a0a/datanode-5/data/ratis/4dd38366-85b3-4b4b-bf76-9d273ef9328c: created new log segment /workdir/hadoop-ozone/integration-test/target/test-dir/MiniOzoneClusterImpl-d193021e-39f1-4dac-9bda-16b6316a9a0a/datanode-5/data/ratis/4dd38366-85b3-4b4b-bf76-9d273ef9328c/current/log_inprogress_0
2019-08-21 11:14:28,367 [c596a87a-a2b8-4d47-9c90-b83d93b27bce-SegmentedRaftLogWorker:Storage Directory /workdir/hadoop-ozone/integration-test/target/test-dir/MiniOzoneClusterImpl-d193021e-39f1-4dac-9bda-16b6316a9a0a/datanode-4/data/ratis/4dd38366-85b3-4b4b-bf76-9d273ef9328c] INFO  segmented.SegmentedRaftLogWorker (SegmentedRaftLogWorker.java:execute(569)) - c596a87a-a2b8-4d47-9c90-b83d93b27bce-SegmentedRaftLogWorker:Storage Directory /workdir/hadoop-ozone/integration-test/target/test-dir/MiniOzoneClusterImpl-d193021e-39f1-4dac-9bda-16b6316a9a0a/datanode-4/data/ratis/4dd38366-85b3-4b4b-bf76-9d273ef9328c: created new log segment /workdir/hadoop-ozone/integration-test/target/test-dir/MiniOzoneClusterImpl-d193021e-39f1-4dac-9bda-16b6316a9a0a/datanode-4/data/ratis/4dd38366-85b3-4b4b-bf76-9d273ef9328c/current/log_inprogress_0
2019-08-21 11:14:28,476 | INFO  | SCMAudit | user=jenkins1000 | ip=192.168.34.23 | op=SEND_HEARTBEAT {datanodeUUID=37412b49-a8cf-4c76-b1e5-6ab6fc3f2cc0, command=[]} | ret=SUCCESS |  
2019-08-21 11:14:28,485 [grpc-default-executor-12] INFO  client.GrpcClientProtocolClient (GrpcClientProtocolClient.java:onNext(255)) - client-0371F447DE3D->f4b96d6d-5834-4237-9c77-9d8fb94db68a: receive RaftClientReply:client-0371F447DE3D->f4b96d6d-5834-4237-9c77-9d8fb94db68a@group-9D273EF9328C, cid=177, FAILED org.apache.ratis.protocol.NotLeaderException: Server f4b96d6d-5834-4237-9c77-9d8fb94db68a is not the leader (0fe68b61-2b3a-4f4f-aa8a-648d7c166cbb:192.168.34.23:46762). Request must be sent to leader., logIndex=0, commits[f4b96d6d-5834-4237-9c77-9d8fb94db68a:c-1, 0fe68b61-2b3a-4f4f-aa8a-648d7c166cbb:c-1, c596a87a-a2b8-4d47-9c90-b83d93b27bce:c-1]
2019-08-21 11:14:28,529 [Thread-3398] INFO  impl.FollowerState (FollowerState.java:run(106)) - 430f0a46-4fd4-4998-b8d2-ebf7f49c572d:group-DD7517DE2CD3 changes to CANDIDATE, lastRpcTime:5138, electionTimeout:5138ms
2019-08-21 11:14:28,529 [Thread-3398] INFO  impl.RoleInfo (RoleInfo.java:shutdownFollowerState(121)) - 430f0a46-4fd4-4998-b8d2-ebf7f49c572d: shutdown FollowerState
2019-08-21 11:14:28,530 [Thread-3398] INFO  impl.RaftServerImpl (RaftServerImpl.java:setRole(171)) - 430f0a46-4fd4-4998-b8d2-ebf7f49c572d:group-DD7517DE2CD3 changes role from FOLLOWER to CANDIDATE at term 0 for changeToCandidate
2019-08-21 11:14:28,530 [Thread-3398] INFO  impl.RoleInfo (RoleInfo.java:updateAndGet(143)) - 430f0a46-4fd4-4998-b8d2-ebf7f49c572d: start LeaderElection
2019-08-21 11:14:28,539 [430f0a46-4fd4-4998-b8d2-ebf7f49c572d:group-DD7517DE2CD3:LeaderElection86] INFO  impl.LeaderElection (LeaderElection.java:askForVotes(181)) - 430f0a46-4fd4-4998-b8d2-ebf7f49c572d:group-DD7517DE2CD3:LeaderElection86: begin an election at term 1 for -1: [430f0a46-4fd4-4998-b8d2-ebf7f49c572d:192.168.34.23:38761], old=null
2019-08-21 11:14:28,539 [430f0a46-4fd4-4998-b8d2-ebf7f49c572d:group-DD7517DE2CD3:LeaderElection86] INFO  impl.RoleInfo (RoleInfo.java:shutdownLeaderElection(134)) - 430f0a46-4fd4-4998-b8d2-ebf7f49c572d: shutdown LeaderElection
2019-08-21 11:14:28,539 [430f0a46-4fd4-4998-b8d2-ebf7f49c572d:group-DD7517DE2CD3:LeaderElection86] INFO  impl.RaftServerImpl (RaftServerImpl.java:setRole(171)) - 430f0a46-4fd4-4998-b8d2-ebf7f49c572d:group-DD7517DE2CD3 changes role from CANDIDATE to LEADER at term 1 for changeToLeader
2019-08-21 11:14:28,539 [430f0a46-4fd4-4998-b8d2-ebf7f49c572d:group-DD7517DE2CD3:LeaderElection86] INFO  impl.RaftServerImpl (ServerState.java:setLeader(263)) - 430f0a46-4fd4-4998-b8d2-ebf7f49c572d:group-DD7517DE2CD3 change Leader from null to 430f0a46-4fd4-4998-b8d2-ebf7f49c572d at term 1 for becomeLeader, leader elected after 5153ms
2019-08-21 11:14:28,540 [430f0a46-4fd4-4998-b8d2-ebf7f49c572d:group-DD7517DE2CD3:LeaderElection86] INFO  server.RaftServerConfigKeys (ConfUtils.java:logGet(43)) - raft.server.staging.catchup.gap = 1000 (default)
2019-08-21 11:14:28,540 [430f0a46-4fd4-4998-b8d2-ebf7f49c572d:group-DD7517DE2CD3:LeaderElection86] INFO  server.RaftServerConfigKeys (ConfUtils.java:logGet(43)) - raft.server.rpc.sleep.time = 25ms (default)
2019-08-21 11:14:28,541 [430f0a46-4fd4-4998-b8d2-ebf7f49c572d:group-DD7517DE2CD3:LeaderElection86] INFO  server.RaftServerConfigKeys (ConfUtils.java:logGet(43)) - raft.server.write.element-limit = 4096 (default)
2019-08-21 11:14:28,541 [430f0a46-4fd4-4998-b8d2-ebf7f49c572d:group-DD7517DE2CD3:LeaderElection86] INFO  server.RaftServerConfigKeys (ConfUtils.java:logGet(43)) - raft.server.watch.timeout = 10s (default)
2019-08-21 11:14:28,541 [430f0a46-4fd4-4998-b8d2-ebf7f49c572d:group-DD7517DE2CD3:LeaderElection86] INFO  server.RaftServerConfigKeys (ConfUtils.java:logGet(43)) - raft.server.watch.timeout.denomination = 1s (default)
2019-08-21 11:14:28,541 [430f0a46-4fd4-4998-b8d2-ebf7f49c572d:group-DD7517DE2CD3:LeaderElection86] INFO  server.RaftServerConfigKeys (ConfUtils.java:logGet(43)) - raft.server.watch.element-limit = 65536 (default)
2019-08-21 11:14:28,541 [430f0a46-4fd4-4998-b8d2-ebf7f49c572d:group-DD7517DE2CD3:LeaderElection86] INFO  impl.RoleInfo (RoleInfo.java:updateAndGet(143)) - 430f0a46-4fd4-4998-b8d2-ebf7f49c572d: start LeaderState
2019-08-21 11:14:28,542 [430f0a46-4fd4-4998-b8d2-ebf7f49c572d:group-DD7517DE2CD3:LeaderElection86] INFO  segmented.SegmentedRaftLogWorker (SegmentedRaftLogWorker.java:startLogSegment(380)) - 430f0a46-4fd4-4998-b8d2-ebf7f49c572d-SegmentedRaftLogWorker:Storage Directory /workdir/hadoop-ozone/integration-test/target/test-dir/MiniOzoneClusterImpl-d193021e-39f1-4dac-9bda-16b6316a9a0a/datanode-6/data/ratis/dcbee83f-6f53-4d04-92e0-dd7517de2cd3: Starting segment from index:0
2019-08-21 11:14:28,542 [430f0a46-4fd4-4998-b8d2-ebf7f49c572d:group-DD7517DE2CD3:LeaderElection86] INFO  impl.RaftServerImpl (ServerState.java:setRaftConf(361)) - 430f0a46-4fd4-4998-b8d2-ebf7f49c572d:group-DD7517DE2CD3 set configuration 0: [430f0a46-4fd4-4998-b8d2-ebf7f49c572d:192.168.34.23:38761], old=null at 0
2019-08-21 11:14:28,588 [430f0a46-4fd4-4998-b8d2-ebf7f49c572d-SegmentedRaftLogWorker:Storage Directory /workdir/hadoop-ozone/integration-test/target/test-dir/MiniOzoneClusterImpl-d193021e-39f1-4dac-9bda-16b6316a9a0a/datanode-6/data/ratis/dcbee83f-6f53-4d04-92e0-dd7517de2cd3] INFO  segmented.SegmentedRaftLogWorker (SegmentedRaftLogWorker.java:execute(569)) - 430f0a46-4fd4-4998-b8d2-ebf7f49c572d-SegmentedRaftLogWorker:Storage Directory /workdir/hadoop-ozone/integration-test/target/test-dir/MiniOzoneClusterImpl-d193021e-39f1-4dac-9bda-16b6316a9a0a/datanode-6/data/ratis/dcbee83f-6f53-4d04-92e0-dd7517de2cd3: created new log segment /workdir/hadoop-ozone/integration-test/target/test-dir/MiniOzoneClusterImpl-d193021e-39f1-4dac-9bda-16b6316a9a0a/datanode-6/data/ratis/dcbee83f-6f53-4d04-92e0-dd7517de2cd3/current/log_inprogress_0
2019-08-21 11:14:28,617 | INFO  | DNAudit | user=null | ip=null | op=WRITE_CHUNK {blockData=conID: 1 locID: 102654677116977166 bcsId: 0} | ret=SUCCESS |  
2019-08-21 11:14:28,617 | INFO  | DNAudit | user=null | ip=null | op=WRITE_CHUNK {blockData=conID: 1 locID: 102654677116977166 bcsId: 0} | ret=SUCCESS |  
2019-08-21 11:14:28,617 | INFO  | DNAudit | user=null | ip=null | op=WRITE_CHUNK {blockData=conID: 1 locID: 102654677116977166 bcsId: 0} | ret=SUCCESS |  
2019-08-21 11:14:28,618 | INFO  | SCMAudit | user=jenkins1000 | ip=192.168.34.23 | op=SEND_HEARTBEAT {datanodeUUID=f4b96d6d-5834-4237-9c77-9d8fb94db68a, command=[]} | ret=SUCCESS |  
2019-08-21 11:14:28,618 | INFO  | SCMAudit | user=jenkins1000 | ip=192.168.34.23 | op=SEND_HEARTBEAT {datanodeUUID=0fe68b61-2b3a-4f4f-aa8a-648d7c166cbb, command=[]} | ret=SUCCESS |  
2019-08-21 11:14:28,618 | INFO  | SCMAudit | user=jenkins1000 | ip=192.168.34.23 | op=SEND_HEARTBEAT {datanodeUUID=c596a87a-a2b8-4d47-9c90-b83d93b27bce, command=[]} | ret=SUCCESS |  
2019-08-21 11:14:28,633 | INFO  | DNAudit | user=null | ip=null | op=WRITE_CHUNK {blockData=conID: 1 locID: 102654677116977166 bcsId: 0} | ret=SUCCESS |  
2019-08-21 11:14:28,637 [grpc-default-executor-11] INFO  client.GrpcClientProtocolClient (GrpcClientProtocolClient.java:onNext(255)) - client-0371F447DE3D->0fe68b61-2b3a-4f4f-aa8a-648d7c166cbb: receive RaftClientReply:client-0371F447DE3D->0fe68b61-2b3a-4f4f-aa8a-648d7c166cbb@group-9D273EF9328C, cid=177, SUCCESS, logIndex=1, commits[0fe68b61-2b3a-4f4f-aa8a-648d7c166cbb:c1, f4b96d6d-5834-4237-9c77-9d8fb94db68a:c0, c596a87a-a2b8-4d47-9c90-b83d93b27bce:c0]
2019-08-21 11:14:28,641 | INFO  | DNAudit | user=null | ip=null | op=WRITE_CHUNK {blockData=conID: 1 locID: 102654677116977166 bcsId: 0} | ret=SUCCESS |  
2019-08-21 11:14:28,642 | INFO  | DNAudit | user=null | ip=null | op=WRITE_CHUNK {blockData=conID: 1 locID: 102654677116977166 bcsId: 0} | ret=SUCCESS |  
2019-08-21 11:14:28,643 | INFO  | DNAudit | user=null | ip=null | op=WRITE_CHUNK {blockData=conID: 1 locID: 102654677116977166 bcsId: 0} | ret=SUCCESS |  
2019-08-21 11:14:28,643 | INFO  | DNAudit | user=null | ip=null | op=WRITE_CHUNK {blockData=conID: 1 locID: 102654677116977166 bcsId: 0} | ret=SUCCESS |  
2019-08-21 11:14:28,643 | INFO  | DNAudit | user=null | ip=null | op=WRITE_CHUNK {blockData=conID: 1 locID: 102654677116977166 bcsId: 0} | ret=SUCCESS |  
2019-08-21 11:14:28,643 | INFO  | DNAudit | user=null | ip=null | op=WRITE_CHUNK {blockData=conID: 1 locID: 102654677116977166 bcsId: 0} | ret=SUCCESS |  
2019-08-21 11:14:28,644 | INFO  | DNAudit | user=null | ip=null | op=WRITE_CHUNK {blockData=conID: 1 locID: 102654677116977166 bcsId: 0} | ret=SUCCESS |  
2019-08-21 11:14:28,644 | INFO  | DNAudit | user=null | ip=null | op=WRITE_CHUNK {blockData=conID: 1 locID: 102654677116977166 bcsId: 0} | ret=SUCCESS |  
2019-08-21 11:14:28,644 | INFO  | DNAudit | user=null | ip=null | op=WRITE_CHUNK {blockData=conID: 1 locID: 102654677116977166 bcsId: 0} | ret=SUCCESS |  
2019-08-21 11:14:28,645 | INFO  | DNAudit | user=null | ip=null | op=WRITE_CHUNK {blockData=conID: 1 locID: 102654677116977166 bcsId: 0} | ret=SUCCESS |  
2019-08-21 11:14:28,646 | INFO  | DNAudit | user=null | ip=null | op=WRITE_CHUNK {blockData=conID: 1 locID: 102654677116977166 bcsId: 0} | ret=SUCCESS |  
2019-08-21 11:14:28,648 | INFO  | DNAudit | user=null | ip=null | op=WRITE_CHUNK {blockData=conID: 1 locID: 102654677116977166 bcsId: 0} | ret=SUCCESS |  
2019-08-21 11:14:28,649 [grpc-default-executor-12] INFO  client.GrpcClientProtocolClient (GrpcClientProtocolClient.java:onNext(255)) - client-0371F447DE3D->0fe68b61-2b3a-4f4f-aa8a-648d7c166cbb: receive RaftClientReply:client-0371F447DE3D->0fe68b61-2b3a-4f4f-aa8a-648d7c166cbb@group-9D273EF9328C, cid=178, SUCCESS, logIndex=3, commits[0fe68b61-2b3a-4f4f-aa8a-648d7c166cbb:c4, f4b96d6d-5834-4237-9c77-9d8fb94db68a:c1, c596a87a-a2b8-4d47-9c90-b83d93b27bce:c1]
2019-08-21 11:14:28,661 | INFO  | DNAudit | user=null | ip=null | op=WRITE_CHUNK {blockData=conID: 1 locID: 102654677116977166 bcsId: 0} | ret=SUCCESS |  
2019-08-21 11:14:28,661 | INFO  | DNAudit | user=null | ip=null | op=WRITE_CHUNK {blockData=conID: 1 locID: 102654677116977166 bcsId: 0} | ret=SUCCESS |  
2019-08-21 11:14:28,683 | INFO  | DNAudit | user=null | ip=null | op=PUT_BLOCK {blockData=[blockId=conID: 1 locID: 102654677116977166 bcsId: 0,size=200]} | ret=SUCCESS |  
2019-08-21 11:14:28,684 | INFO  | DNAudit | user=null | ip=null | op=WRITE_CHUNK {blockData=conID: 1 locID: 102654677116977166 bcsId: 0} | ret=SUCCESS |  
2019-08-21 11:14:28,684 | INFO  | DNAudit | user=null | ip=null | op=WRITE_CHUNK {blockData=conID: 1 locID: 102654677116977166 bcsId: 0} | ret=SUCCESS |  
2019-08-21 11:14:28,684 [grpc-default-executor-13] INFO  client.GrpcClientProtocolClient (GrpcClientProtocolClient.java:onNext(255)) - client-0371F447DE3D->0fe68b61-2b3a-4f4f-aa8a-648d7c166cbb: receive RaftClientReply:client-0371F447DE3D->0fe68b61-2b3a-4f4f-aa8a-648d7c166cbb@group-9D273EF9328C, cid=179, SUCCESS, logIndex=4, commits[0fe68b61-2b3a-4f4f-aa8a-648d7c166cbb:c12, f4b96d6d-5834-4237-9c77-9d8fb94db68a:c8, c596a87a-a2b8-4d47-9c90-b83d93b27bce:c8]
2019-08-21 11:14:28,685 [grpc-default-executor-13] INFO  client.GrpcClientProtocolClient (GrpcClientProtocolClient.java:onNext(255)) - client-0371F447DE3D->0fe68b61-2b3a-4f4f-aa8a-648d7c166cbb: receive RaftClientReply:client-0371F447DE3D->0fe68b61-2b3a-4f4f-aa8a-648d7c166cbb@group-9D273EF9328C, cid=180, SUCCESS, logIndex=5, commits[0fe68b61-2b3a-4f4f-aa8a-648d7c166cbb:c12, f4b96d6d-5834-4237-9c77-9d8fb94db68a:c8, c596a87a-a2b8-4d47-9c90-b83d93b27bce:c8]
2019-08-21 11:14:28,687 [grpc-default-executor-13] INFO  client.GrpcClientProtocolClient (GrpcClientProtocolClient.java:onNext(255)) - client-0371F447DE3D->0fe68b61-2b3a-4f4f-aa8a-648d7c166cbb: receive RaftClientReply:client-0371F447DE3D->0fe68b61-2b3a-4f4f-aa8a-648d7c166cbb@group-9D273EF9328C, cid=181, SUCCESS, logIndex=6, commits[0fe68b61-2b3a-4f4f-aa8a-648d7c166cbb:c12, f4b96d6d-5834-4237-9c77-9d8fb94db68a:c8, c596a87a-a2b8-4d47-9c90-b83d93b27bce:c8]
2019-08-21 11:14:28,717 | INFO  | DNAudit | user=null | ip=null | op=PUT_BLOCK {blockData=[blockId=conID: 1 locID: 102654677116977166 bcsId: 0,size=200]} | ret=SUCCESS |  
2019-08-21 11:14:28,718 | INFO  | DNAudit | user=null | ip=null | op=WRITE_CHUNK {blockData=conID: 1 locID: 102654677116977166 bcsId: 0} | ret=SUCCESS |  
2019-08-21 11:14:28,718 | INFO  | DNAudit | user=null | ip=null | op=WRITE_CHUNK {blockData=conID: 1 locID: 102654677116977166 bcsId: 0} | ret=SUCCESS |  
2019-08-21 11:14:28,759 | INFO  | SCMAudit | user=jenkins1000 | ip=192.168.34.23 | op=SEND_HEARTBEAT {datanodeUUID=d07e18e0-48ec-475d-bbfd-6733e1200993, command=[]} | ret=SUCCESS |  
2019-08-21 11:14:28,761 | INFO  | DNAudit | user=null | ip=null | op=PUT_BLOCK {blockData=[blockId=conID: 1 locID: 102654677116977166 bcsId: 0,size=400]} | ret=SUCCESS |  
2019-08-21 11:14:28,761 | INFO  | DNAudit | user=null | ip=null | op=PUT_BLOCK {blockData=[blockId=conID: 1 locID: 102654677116977166 bcsId: 0,size=200]} | ret=SUCCESS |  
2019-08-21 11:14:28,761 | INFO  | DNAudit | user=null | ip=null | op=PUT_BLOCK {blockData=[blockId=conID: 1 locID: 102654677116977166 bcsId: 0,size=400]} | ret=SUCCESS |  
2019-08-21 11:14:28,762 | INFO  | DNAudit | user=null | ip=null | op=WRITE_CHUNK {blockData=conID: 1 locID: 102654677116977166 bcsId: 0} | ret=SUCCESS |  
2019-08-21 11:14:28,762 | INFO  | DNAudit | user=null | ip=null | op=WRITE_CHUNK {blockData=conID: 1 locID: 102654677116977166 bcsId: 0} | ret=SUCCESS |  
2019-08-21 11:14:28,762 [grpc-default-executor-13] INFO  client.GrpcClientProtocolClient (GrpcClientProtocolClient.java:onNext(255)) - client-0371F447DE3D->0fe68b61-2b3a-4f4f-aa8a-648d7c166cbb: receive RaftClientReply:client-0371F447DE3D->0fe68b61-2b3a-4f4f-aa8a-648d7c166cbb@group-9D273EF9328C, cid=182, SUCCESS, logIndex=7, commits[0fe68b61-2b3a-4f4f-aa8a-648d7c166cbb:c12, f4b96d6d-5834-4237-9c77-9d8fb94db68a:c8, c596a87a-a2b8-4d47-9c90-b83d93b27bce:c8]
2019-08-21 11:14:28,763 | INFO  | DNAudit | user=null | ip=null | op=PUT_BLOCK {blockData=[blockId=conID: 1 locID: 102654677116977166 bcsId: 0,size=400]} | ret=SUCCESS |  
2019-08-21 11:14:28,765 | INFO  | DNAudit | user=null | ip=null | op=WRITE_CHUNK {blockData=conID: 1 locID: 102654677116977166 bcsId: 7} | ret=SUCCESS |  
2019-08-21 11:14:28,767 | INFO  | DNAudit | user=null | ip=null | op=WRITE_CHUNK {blockData=conID: 1 locID: 102654677116977166 bcsId: 7} | ret=SUCCESS |  
2019-08-21 11:14:28,767 | INFO  | DNAudit | user=null | ip=null | op=WRITE_CHUNK {blockData=conID: 1 locID: 102654677116977166 bcsId: 7} | ret=SUCCESS |  
2019-08-21 11:14:28,779 | INFO  | DNAudit | user=null | ip=null | op=WRITE_CHUNK {blockData=conID: 1 locID: 102654677116977166 bcsId: 7} | ret=SUCCESS |  
2019-08-21 11:14:28,780 | INFO  | DNAudit | user=null | ip=null | op=PUT_BLOCK {blockData=[blockId=conID: 1 locID: 102654677116977166 bcsId: 0,size=450]} | ret=SUCCESS |  
2019-08-21 11:14:28,781 [grpc-default-executor-12] INFO  client.GrpcClientProtocolClient (GrpcClientProtocolClient.java:onNext(255)) - client-0371F447DE3D->0fe68b61-2b3a-4f4f-aa8a-648d7c166cbb: receive RaftClientReply:client-0371F447DE3D->0fe68b61-2b3a-4f4f-aa8a-648d7c166cbb@group-9D273EF9328C, cid=183, SUCCESS, logIndex=13, commits[0fe68b61-2b3a-4f4f-aa8a-648d7c166cbb:c14, f4b96d6d-5834-4237-9c77-9d8fb94db68a:c12, c596a87a-a2b8-4d47-9c90-b83d93b27bce:c12]
2019-08-21 11:14:28,781 [grpc-default-executor-12] INFO  client.GrpcClientProtocolClient (GrpcClientProtocolClient.java:onNext(255)) - client-0371F447DE3D->0fe68b61-2b3a-4f4f-aa8a-648d7c166cbb: receive RaftClientReply:client-0371F447DE3D->0fe68b61-2b3a-4f4f-aa8a-648d7c166cbb@group-9D273EF9328C, cid=184, SUCCESS, logIndex=14, commits[0fe68b61-2b3a-4f4f-aa8a-648d7c166cbb:c14, f4b96d6d-5834-4237-9c77-9d8fb94db68a:c12, c596a87a-a2b8-4d47-9c90-b83d93b27bce:c12]
2019-08-21 11:14:28,791 | INFO  | DNAudit | user=null | ip=null | op=WRITE_CHUNK {blockData=conID: 1 locID: 102654677116977166 bcsId: 7} | ret=SUCCESS |  
2019-08-21 11:14:28,791 | INFO  | DNAudit | user=null | ip=null | op=WRITE_CHUNK {blockData=conID: 1 locID: 102654677116977166 bcsId: 7} | ret=SUCCESS |  
2019-08-21 11:14:28,796 | INFO  | DNAudit | user=null | ip=null | op=PUT_BLOCK {blockData=[blockId=conID: 1 locID: 102654677116977166 bcsId: 0,size=450]} | ret=SUCCESS |  
2019-08-21 11:14:28,796 | INFO  | DNAudit | user=null | ip=null | op=PUT_BLOCK {blockData=[blockId=conID: 1 locID: 102654677116977166 bcsId: 0,size=450]} | ret=SUCCESS |  
2019-08-21 11:14:28,796 [grpc-default-executor-12] INFO  client.GrpcClientProtocolClient (GrpcClientProtocolClient.java:onNext(255)) - client-0371F447DE3D->0fe68b61-2b3a-4f4f-aa8a-648d7c166cbb: receive RaftClientReply:client-0371F447DE3D->0fe68b61-2b3a-4f4f-aa8a-648d7c166cbb@group-9D273EF9328C, cid=185, SUCCESS, logIndex=0, commits[0fe68b61-2b3a-4f4f-aa8a-648d7c166cbb:c15, f4b96d6d-5834-4237-9c77-9d8fb94db68a:c14, c596a87a-a2b8-4d47-9c90-b83d93b27bce:c14]
2019-08-21 11:14:28,797 [main] INFO  datanode.ObjectStoreHandler (ObjectStoreHandler.java:close(155)) - Closing ObjectStoreHandler.
2019-08-21 11:14:28,798 [main] INFO  ozone.HddsDatanodeService (HddsDatanodeService.java:stop(451)) - Stopped plug-in org.apache.hadoop.ozone.web.OzoneHddsDatanodeService@5fc44b4b
2019-08-21 11:14:28,993 | INFO  | SCMAudit | user=jenkins1000 | ip=192.168.34.23 | op=SEND_HEARTBEAT {datanodeUUID=ed9e288c-0744-4497-940c-3846f34b2d6c, command=[]} | ret=SUCCESS |  
2019-08-21 11:14:29,349 | INFO  | SCMAudit | user=jenkins1000 | ip=192.168.34.23 | op=SEND_HEARTBEAT {datanodeUUID=430f0a46-4fd4-4998-b8d2-ebf7f49c572d, command=[]} | ret=SUCCESS |  
2019-08-21 11:14:29,476 | INFO  | SCMAudit | user=jenkins1000 | ip=192.168.34.23 | op=SEND_HEARTBEAT {datanodeUUID=37412b49-a8cf-4c76-b1e5-6ab6fc3f2cc0, command=[]} | ret=SUCCESS |  
2019-08-21 11:14:29,617 [Datanode State Machine Thread - 0] INFO  statemachine.DatanodeStateMachine (DatanodeStateMachine.java:lambda$startDaemon$0(350)) - Ozone container server started.
2019-08-21 11:14:29,618 | INFO  | SCMAudit | user=jenkins1000 | ip=192.168.34.23 | op=SEND_HEARTBEAT {datanodeUUID=0fe68b61-2b3a-4f4f-aa8a-648d7c166cbb, command=[]} | ret=SUCCESS |  
2019-08-21 11:14:29,618 | INFO  | SCMAudit | user=jenkins1000 | ip=192.168.34.23 | op=SEND_HEARTBEAT {datanodeUUID=f4b96d6d-5834-4237-9c77-9d8fb94db68a, command=[]} | ret=SUCCESS |  
2019-08-21 11:14:29,759 | INFO  | SCMAudit | user=jenkins1000 | ip=192.168.34.23 | op=SEND_HEARTBEAT {datanodeUUID=d07e18e0-48ec-475d-bbfd-6733e1200993, command=[]} | ret=SUCCESS |  
2019-08-21 11:14:29,992 | INFO  | SCMAudit | user=jenkins1000 | ip=192.168.34.23 | op=SEND_HEARTBEAT {datanodeUUID=ed9e288c-0744-4497-940c-3846f34b2d6c, command=[]} | ret=SUCCESS |  
2019-08-21 11:14:30,349 | INFO  | SCMAudit | user=jenkins1000 | ip=192.168.34.23 | op=SEND_HEARTBEAT {datanodeUUID=430f0a46-4fd4-4998-b8d2-ebf7f49c572d, command=[]} | ret=SUCCESS |  
2019-08-21 11:14:30,476 | INFO  | SCMAudit | user=jenkins1000 | ip=192.168.34.23 | op=SEND_HEARTBEAT {datanodeUUID=37412b49-a8cf-4c76-b1e5-6ab6fc3f2cc0, command=[]} | ret=SUCCESS |  
2019-08-21 11:14:30,618 | INFO  | SCMAudit | user=jenkins1000 | ip=192.168.34.23 | op=SEND_HEARTBEAT {datanodeUUID=0fe68b61-2b3a-4f4f-aa8a-648d7c166cbb, command=[]} | ret=SUCCESS |  
2019-08-21 11:14:30,618 | INFO  | SCMAudit | user=jenkins1000 | ip=192.168.34.23 | op=SEND_HEARTBEAT {datanodeUUID=f4b96d6d-5834-4237-9c77-9d8fb94db68a, command=[]} | ret=SUCCESS |  
2019-08-21 11:14:30,758 | INFO  | SCMAudit | user=jenkins1000 | ip=192.168.34.23 | op=SEND_HEARTBEAT {datanodeUUID=d07e18e0-48ec-475d-bbfd-6733e1200993, command=[]} | ret=SUCCESS |  
2019-08-21 11:14:30,993 | INFO  | SCMAudit | user=jenkins1000 | ip=192.168.34.23 | op=SEND_HEARTBEAT {datanodeUUID=ed9e288c-0744-4497-940c-3846f34b2d6c, command=[]} | ret=SUCCESS |  
2019-08-21 11:14:31,349 | INFO  | SCMAudit | user=jenkins1000 | ip=192.168.34.23 | op=SEND_HEARTBEAT {datanodeUUID=430f0a46-4fd4-4998-b8d2-ebf7f49c572d, command=[]} | ret=SUCCESS |  
2019-08-21 11:14:31,476 | INFO  | SCMAudit | user=jenkins1000 | ip=192.168.34.23 | op=SEND_HEARTBEAT {datanodeUUID=37412b49-a8cf-4c76-b1e5-6ab6fc3f2cc0, command=[]} | ret=SUCCESS |  
2019-08-21 11:14:31,619 | INFO  | SCMAudit | user=jenkins1000 | ip=192.168.34.23 | op=SEND_HEARTBEAT {datanodeUUID=f4b96d6d-5834-4237-9c77-9d8fb94db68a, command=[]} | ret=SUCCESS |  
2019-08-21 11:14:31,619 | INFO  | SCMAudit | user=jenkins1000 | ip=192.168.34.23 | op=SEND_HEARTBEAT {datanodeUUID=0fe68b61-2b3a-4f4f-aa8a-648d7c166cbb, command=[]} | ret=SUCCESS |  
2019-08-21 11:14:31,758 | INFO  | SCMAudit | user=jenkins1000 | ip=192.168.34.23 | op=SEND_HEARTBEAT {datanodeUUID=d07e18e0-48ec-475d-bbfd-6733e1200993, command=[]} | ret=SUCCESS |  
2019-08-21 11:14:31,992 | INFO  | SCMAudit | user=jenkins1000 | ip=192.168.34.23 | op=SEND_HEARTBEAT {datanodeUUID=ed9e288c-0744-4497-940c-3846f34b2d6c, command=[]} | ret=SUCCESS |  
2019-08-21 11:14:32,348 | INFO  | SCMAudit | user=jenkins1000 | ip=192.168.34.23 | op=SEND_HEARTBEAT {datanodeUUID=430f0a46-4fd4-4998-b8d2-ebf7f49c572d, command=[]} | ret=SUCCESS |  
2019-08-21 11:14:32,476 | INFO  | SCMAudit | user=jenkins1000 | ip=192.168.34.23 | op=SEND_HEARTBEAT {datanodeUUID=37412b49-a8cf-4c76-b1e5-6ab6fc3f2cc0, command=[]} | ret=SUCCESS |  
2019-08-21 11:14:32,620 | INFO  | SCMAudit | user=jenkins1000 | ip=192.168.34.23 | op=SEND_HEARTBEAT {datanodeUUID=0fe68b61-2b3a-4f4f-aa8a-648d7c166cbb, command=[]} | ret=SUCCESS |  
2019-08-21 11:14:32,620 | INFO  | SCMAudit | user=jenkins1000 | ip=192.168.34.23 | op=SEND_HEARTBEAT {datanodeUUID=f4b96d6d-5834-4237-9c77-9d8fb94db68a, command=[]} | ret=SUCCESS |  
2019-08-21 11:14:32,759 | INFO  | SCMAudit | user=jenkins1000 | ip=192.168.34.23 | op=SEND_HEARTBEAT {datanodeUUID=d07e18e0-48ec-475d-bbfd-6733e1200993, command=[]} | ret=SUCCESS |  
2019-08-21 11:14:32,993 | INFO  | SCMAudit | user=jenkins1000 | ip=192.168.34.23 | op=SEND_HEARTBEAT {datanodeUUID=ed9e288c-0744-4497-940c-3846f34b2d6c, command=[]} | ret=SUCCESS |  
2019-08-21 11:14:33,348 | INFO  | SCMAudit | user=jenkins1000 | ip=192.168.34.23 | op=SEND_HEARTBEAT {datanodeUUID=430f0a46-4fd4-4998-b8d2-ebf7f49c572d, command=[]} | ret=SUCCESS |  
2019-08-21 11:14:33,476 | INFO  | SCMAudit | user=jenkins1000 | ip=192.168.34.23 | op=SEND_HEARTBEAT {datanodeUUID=37412b49-a8cf-4c76-b1e5-6ab6fc3f2cc0, command=[]} | ret=SUCCESS |  
2019-08-21 11:14:33,620 | INFO  | SCMAudit | user=jenkins1000 | ip=192.168.34.23 | op=SEND_HEARTBEAT {datanodeUUID=0fe68b61-2b3a-4f4f-aa8a-648d7c166cbb, command=[]} | ret=SUCCESS |  
2019-08-21 11:14:33,620 | INFO  | SCMAudit | user=jenkins1000 | ip=192.168.34.23 | op=SEND_HEARTBEAT {datanodeUUID=f4b96d6d-5834-4237-9c77-9d8fb94db68a, command=[]} | ret=SUCCESS |  
2019-08-21 11:14:33,652 [EventQueue-StaleNodeForStaleNodeHandler] INFO  node.StaleNodeHandler (StaleNodeHandler.java:onMessage(58)) - Datanode c596a87a-a2b8-4d47-9c90-b83d93b27bce{ip: 192.168.34.23, host: pr-hdds-1937-2b42m-2998290358, networkLocation: /default-rack, certSerialId: null} moved to stale state. Finalizing its pipelines [PipelineID=4dd38366-85b3-4b4b-bf76-9d273ef9328c, PipelineID=060881fc-9f0a-4dde-959f-05f2c9faac2c]
2019-08-21 11:14:33,653 [EventQueue-StaleNodeForStaleNodeHandler] INFO  pipeline.SCMPipelineManager (SCMPipelineManager.java:finalizeAndDestroyPipeline(309)) - destroying pipeline:Pipeline[ Id: 4dd38366-85b3-4b4b-bf76-9d273ef9328c, Nodes: c596a87a-a2b8-4d47-9c90-b83d93b27bce{ip: 192.168.34.23, host: pr-hdds-1937-2b42m-2998290358, networkLocation: /default-rack, certSerialId: null}0fe68b61-2b3a-4f4f-aa8a-648d7c166cbb{ip: 192.168.34.23, host: pr-hdds-1937-2b42m-2998290358, networkLocation: /default-rack, certSerialId: null}f4b96d6d-5834-4237-9c77-9d8fb94db68a{ip: 192.168.34.23, host: pr-hdds-1937-2b42m-2998290358, networkLocation: /default-rack, certSerialId: null}, Type:RATIS, Factor:THREE, State:OPEN]
2019-08-21 11:14:33,653 [EventQueue-StaleNodeForStaleNodeHandler] INFO  pipeline.PipelineStateManager (PipelineStateManager.java:finalizePipeline(123)) - Pipeline Pipeline[ Id: 4dd38366-85b3-4b4b-bf76-9d273ef9328c, Nodes: c596a87a-a2b8-4d47-9c90-b83d93b27bce{ip: 192.168.34.23, host: pr-hdds-1937-2b42m-2998290358, networkLocation: /default-rack, certSerialId: null}0fe68b61-2b3a-4f4f-aa8a-648d7c166cbb{ip: 192.168.34.23, host: pr-hdds-1937-2b42m-2998290358, networkLocation: /default-rack, certSerialId: null}f4b96d6d-5834-4237-9c77-9d8fb94db68a{ip: 192.168.34.23, host: pr-hdds-1937-2b42m-2998290358, networkLocation: /default-rack, certSerialId: null}, Type:RATIS, Factor:THREE, State:CLOSED] moved to CLOSED state
2019-08-21 11:14:33,653 [EventQueue-StaleNodeForStaleNodeHandler] INFO  pipeline.SCMPipelineManager (SCMPipelineManager.java:finalizeAndDestroyPipeline(309)) - destroying pipeline:Pipeline[ Id: 060881fc-9f0a-4dde-959f-05f2c9faac2c, Nodes: c596a87a-a2b8-4d47-9c90-b83d93b27bce{ip: 192.168.34.23, host: pr-hdds-1937-2b42m-2998290358, networkLocation: /default-rack, certSerialId: null}, Type:RATIS, Factor:ONE, State:OPEN]
2019-08-21 11:14:33,653 [EventQueue-CloseContainerForCloseContainerEventHandler] INFO  container.CloseContainerEventHandler (CloseContainerEventHandler.java:onMessage(61)) - Close container Event triggered for container : #1
2019-08-21 11:14:33,654 [EventQueue-StaleNodeForStaleNodeHandler] INFO  pipeline.PipelineStateManager (PipelineStateManager.java:finalizePipeline(123)) - Pipeline Pipeline[ Id: 060881fc-9f0a-4dde-959f-05f2c9faac2c, Nodes: c596a87a-a2b8-4d47-9c90-b83d93b27bce{ip: 192.168.34.23, host: pr-hdds-1937-2b42m-2998290358, networkLocation: /default-rack, certSerialId: null}, Type:RATIS, Factor:ONE, State:CLOSED] moved to CLOSED state
2019-08-21 11:14:33,759 | INFO  | SCMAudit | user=jenkins1000 | ip=192.168.34.23 | op=SEND_HEARTBEAT {datanodeUUID=d07e18e0-48ec-475d-bbfd-6733e1200993, command=[]} | ret=SUCCESS |  
2019-08-21 11:14:33,799 [main] INFO  ozoneimpl.OzoneContainer (OzoneContainer.java:stop(199)) - Attempting to stop container services.
2019-08-21 11:14:33,802 [main] INFO  impl.RaftServerProxy (RaftServerProxy.java:lambda$close$4(314)) - c596a87a-a2b8-4d47-9c90-b83d93b27bce: close
2019-08-21 11:14:33,803 [main] INFO  impl.RaftServerImpl (RaftServerImpl.java:lambda$shutdown$3(245)) - c596a87a-a2b8-4d47-9c90-b83d93b27bce: shutdown group-9D273EF9328C
2019-08-21 11:14:33,804 [main] INFO  util.JmxRegister (JmxRegister.java:unregister(73)) - Successfully un-registered JMX Bean with object name Ratis:service=RaftServer,group=group-9D273EF9328C,id=c596a87a-a2b8-4d47-9c90-b83d93b27bce
2019-08-21 11:14:33,804 [main] INFO  impl.RoleInfo (RoleInfo.java:shutdownFollowerState(121)) - c596a87a-a2b8-4d47-9c90-b83d93b27bce: shutdown FollowerState
2019-08-21 11:14:33,805 [main] INFO  impl.StateMachineUpdater (StateMachineUpdater.java:stopAndJoin(115)) - StateMachineUpdater:c596a87a-a2b8-4d47-9c90-b83d93b27bce:group-9D273EF9328C: set stopIndex = 16
2019-08-21 11:14:33,805 [StateMachineUpdater:c596a87a-a2b8-4d47-9c90-b83d93b27bce:group-9D273EF9328C] INFO  ratis.ContainerStateMachine (ContainerStateMachine.java:takeSnapshot(283)) - group-9D273EF9328C: Taking a snapshot at:(t:1, i:14) file /workdir/hadoop-ozone/integration-test/target/test-dir/MiniOzoneClusterImpl-d193021e-39f1-4dac-9bda-16b6316a9a0a/datanode-4/data/ratis/4dd38366-85b3-4b4b-bf76-9d273ef9328c/sm/snapshot.1_14
2019-08-21 11:14:33,805 [Thread-3445] INFO  impl.FollowerState (FollowerState.java:run(114)) - c596a87a-a2b8-4d47-9c90-b83d93b27bce: FollowerState was interrupted: java.lang.InterruptedException: sleep interrupted
2019-08-21 11:14:33,844 [StateMachineUpdater:c596a87a-a2b8-4d47-9c90-b83d93b27bce:group-9D273EF9328C] INFO  ratis.ContainerStateMachine (ContainerStateMachine.java:takeSnapshot(294)) - group-9D273EF9328C: Finished taking a snapshot at:(t:1, i:14) file:/workdir/hadoop-ozone/integration-test/target/test-dir/MiniOzoneClusterImpl-d193021e-39f1-4dac-9bda-16b6316a9a0a/datanode-4/data/ratis/4dd38366-85b3-4b4b-bf76-9d273ef9328c/sm/snapshot.1_14 time:40
2019-08-21 11:14:33,844 [StateMachineUpdater:c596a87a-a2b8-4d47-9c90-b83d93b27bce:group-9D273EF9328C] INFO  impl.StateMachineUpdater (StateMachineUpdater.java:takeSnapshot(242)) - StateMachineUpdater:c596a87a-a2b8-4d47-9c90-b83d93b27bce:group-9D273EF9328C: Took a snapshot at index 14
2019-08-21 11:14:33,844 [StateMachineUpdater:c596a87a-a2b8-4d47-9c90-b83d93b27bce:group-9D273EF9328C] INFO  impl.StateMachineUpdater (StateMachineUpdater.java:lambda$new$0(80)) - StateMachineUpdater:c596a87a-a2b8-4d47-9c90-b83d93b27bce:group-9D273EF9328C: snapshotIndex: updateIncreasingly -1 -> 14
2019-08-21 11:14:33,845 [main] INFO  impl.RaftServerImpl (ServerState.java:close(394)) - c596a87a-a2b8-4d47-9c90-b83d93b27bce:group-9D273EF9328C closes. The last applied log index is 16
2019-08-21 11:14:33,845 [c596a87a-a2b8-4d47-9c90-b83d93b27bce-SegmentedRaftLogWorker:Storage Directory /workdir/hadoop-ozone/integration-test/target/test-dir/MiniOzoneClusterImpl-d193021e-39f1-4dac-9bda-16b6316a9a0a/datanode-4/data/ratis/4dd38366-85b3-4b4b-bf76-9d273ef9328c] INFO  segmented.SegmentedRaftLogWorker (SegmentedRaftLogWorker.java:run(313)) - c596a87a-a2b8-4d47-9c90-b83d93b27bce-SegmentedRaftLogWorker:Storage Directory /workdir/hadoop-ozone/integration-test/target/test-dir/MiniOzoneClusterImpl-d193021e-39f1-4dac-9bda-16b6316a9a0a/datanode-4/data/ratis/4dd38366-85b3-4b4b-bf76-9d273ef9328c was interrupted, exiting. There are 0 tasks remaining in the queue.
2019-08-21 11:14:33,848 [main] INFO  segmented.SegmentedRaftLogWorker (SegmentedRaftLogWorker.java:close(228)) - c596a87a-a2b8-4d47-9c90-b83d93b27bce-SegmentedRaftLogWorker:Storage Directory /workdir/hadoop-ozone/integration-test/target/test-dir/MiniOzoneClusterImpl-d193021e-39f1-4dac-9bda-16b6316a9a0a/datanode-4/data/ratis/4dd38366-85b3-4b4b-bf76-9d273ef9328c close()
2019-08-21 11:14:33,853 [main] INFO  impl.RaftServerImpl (RaftServerImpl.java:lambda$shutdown$3(245)) - c596a87a-a2b8-4d47-9c90-b83d93b27bce: shutdown group-05F2C9FAAC2C
2019-08-21 11:14:33,853 [main] INFO  util.JmxRegister (JmxRegister.java:unregister(73)) - Successfully un-registered JMX Bean with object name Ratis:service=RaftServer,group=group-05F2C9FAAC2C,id=c596a87a-a2b8-4d47-9c90-b83d93b27bce
2019-08-21 11:14:33,854 [main] INFO  impl.RoleInfo (RoleInfo.java:shutdownLeaderState(104)) - c596a87a-a2b8-4d47-9c90-b83d93b27bce: shutdown LeaderState
2019-08-21 11:14:33,854 [main] INFO  impl.PendingRequests (PendingRequests.java:sendNotLeaderResponses(202)) - c596a87a-a2b8-4d47-9c90-b83d93b27bce-PendingRequests: sendNotLeaderResponses
2019-08-21 11:14:33,855 [main] INFO  impl.StateMachineUpdater (StateMachineUpdater.java:stopAndJoin(115)) - StateMachineUpdater:c596a87a-a2b8-4d47-9c90-b83d93b27bce:group-05F2C9FAAC2C: set stopIndex = 0
2019-08-21 11:14:33,855 [main] INFO  impl.RaftServerImpl (ServerState.java:close(394)) - c596a87a-a2b8-4d47-9c90-b83d93b27bce:group-05F2C9FAAC2C closes. The last applied log index is 0
2019-08-21 11:14:33,855 [c596a87a-a2b8-4d47-9c90-b83d93b27bce-SegmentedRaftLogWorker:Storage Directory /workdir/hadoop-ozone/integration-test/target/test-dir/MiniOzoneClusterImpl-d193021e-39f1-4dac-9bda-16b6316a9a0a/datanode-4/data/ratis/060881fc-9f0a-4dde-959f-05f2c9faac2c] INFO  segmented.SegmentedRaftLogWorker (SegmentedRaftLogWorker.java:run(313)) - c596a87a-a2b8-4d47-9c90-b83d93b27bce-SegmentedRaftLogWorker:Storage Directory /workdir/hadoop-ozone/integration-test/target/test-dir/MiniOzoneClusterImpl-d193021e-39f1-4dac-9bda-16b6316a9a0a/datanode-4/data/ratis/060881fc-9f0a-4dde-959f-05f2c9faac2c was interrupted, exiting. There are 0 tasks remaining in the queue.
2019-08-21 11:14:33,858 [main] INFO  segmented.SegmentedRaftLogWorker (SegmentedRaftLogWorker.java:close(228)) - c596a87a-a2b8-4d47-9c90-b83d93b27bce-SegmentedRaftLogWorker:Storage Directory /workdir/hadoop-ozone/integration-test/target/test-dir/MiniOzoneClusterImpl-d193021e-39f1-4dac-9bda-16b6316a9a0a/datanode-4/data/ratis/060881fc-9f0a-4dde-959f-05f2c9faac2c close()
2019-08-21 11:14:33,862 [main] INFO  server.GrpcService (GrpcService.java:closeImpl(155)) - c596a87a-a2b8-4d47-9c90-b83d93b27bce: shutdown server with port 41767 now
2019-08-21 11:14:33,863 [grpc-default-executor-12] WARN  server.GrpcServerProtocolService (LogUtils.java:warn(134)) - c596a87a-a2b8-4d47-9c90-b83d93b27bce: appendEntries onError: org.apache.ratis.thirdparty.io.grpc.StatusRuntimeException: CANCELLED: cancelled before receiving half close
2019-08-21 11:14:33,864 [main] INFO  server.GrpcService (GrpcService.java:closeImpl(163)) - c596a87a-a2b8-4d47-9c90-b83d93b27bce: shutdown server with port 41767 successfully
2019-08-21 11:14:33,864 [grpc-default-executor-13] WARN  server.GrpcLogAppender (LogUtils.java:warn(134)) - 0fe68b61-2b3a-4f4f-aa8a-648d7c166cbb->c596a87a-a2b8-4d47-9c90-b83d93b27bce: Failed appendEntries: org.apache.ratis.thirdparty.io.grpc.StatusRuntimeException: CANCELLED: HTTP/2 error code: CANCEL
Received Rst Stream
2019-08-21 11:14:33,864 [grpc-default-executor-13] INFO  impl.FollowerInfo (FollowerInfo.java:lambda$new$0(50)) - 0fe68b61-2b3a-4f4f-aa8a-648d7c166cbb->c596a87a-a2b8-4d47-9c90-b83d93b27bce: nextIndex: updateUnconditionally 17 -> 16
2019-08-21 11:14:33,865 [main] INFO  utils.BackgroundService (BackgroundService.java:shutdown(148)) - Shutting down service BlockDeletingService
2019-08-21 11:14:33,866 [refreshUsed-/workdir/hadoop-ozone/integration-test/target/test-dir/MiniOzoneClusterImpl-d193021e-39f1-4dac-9bda-16b6316a9a0a/datanode-4/data/containers] WARN  fs.CachingGetSpaceUsed (CachingGetSpaceUsed.java:run(183)) - Thread Interrupted waiting to refresh disk information: sleep interrupted
2019-08-21 11:14:33,889 [main] INFO  statemachine.DatanodeStateMachine (DatanodeStateMachine.java:stopDaemon(395)) - Ozone container server stopped.
2019-08-21 11:14:33,891 [main] INFO  handler.ContextHandler (ContextHandler.java:doStop(910)) - Stopped o.e.j.w.WebAppContext@289fff3c{/,null,UNAVAILABLE}{/hddsDatanode}
2019-08-21 11:14:33,891 [main] INFO  server.AbstractConnector (AbstractConnector.java:doStop(318)) - Stopped ServerConnector@6872201{HTTP/1.1,[http/1.1]}{0.0.0.0:0}
2019-08-21 11:14:33,892 [main] INFO  handler.ContextHandler (ContextHandler.java:doStop(910)) - Stopped o.e.j.s.ServletContextHandler@8497c23{/static,jar:file:/home/user/.m2/repository/org/apache/hadoop/hadoop-hdds-container-service/0.5.0-SNAPSHOT/hadoop-hdds-container-service-0.5.0-SNAPSHOT.jar!/webapps/static,UNAVAILABLE}
2019-08-21 11:14:33,892 [main] INFO  handler.ContextHandler (ContextHandler.java:doStop(910)) - Stopped o.e.j.s.ServletContextHandler@361a618e{/logs,file:///workdir/hadoop-ozone/integration-test/target/log,UNAVAILABLE}
2019-08-21 11:14:33,896 | INFO  | DNAudit | user=null | ip=null | op=WRITE_CHUNK {blockData=conID: 1 locID: 102654677116977166 bcsId: 14} | ret=SUCCESS |  
2019-08-21 11:14:33,896 | INFO  | DNAudit | user=null | ip=null | op=WRITE_CHUNK {blockData=conID: 1 locID: 102654677116977166 bcsId: 14} | ret=SUCCESS |  
2019-08-21 11:14:33,897 | INFO  | DNAudit | user=null | ip=null | op=WRITE_CHUNK {blockData=conID: 1 locID: 102654677116977166 bcsId: 14} | ret=SUCCESS |  
2019-08-21 11:14:33,898 | INFO  | DNAudit | user=null | ip=null | op=WRITE_CHUNK {blockData=conID: 1 locID: 102654677116977166 bcsId: 14} | ret=SUCCESS |  
2019-08-21 11:14:33,898 | INFO  | DNAudit | user=null | ip=null | op=WRITE_CHUNK {blockData=conID: 1 locID: 102654677116977166 bcsId: 14} | ret=SUCCESS |  
2019-08-21 11:14:33,898 [grpc-default-executor-14] WARN  server.GrpcLogAppender (LogUtils.java:warn(134)) - 0fe68b61-2b3a-4f4f-aa8a-648d7c166cbb->c596a87a-a2b8-4d47-9c90-b83d93b27bce: Failed appendEntries: org.apache.ratis.thirdparty.io.grpc.StatusRuntimeException: UNAVAILABLE: io exception
2019-08-21 11:14:33,898 | INFO  | DNAudit | user=null | ip=null | op=WRITE_CHUNK {blockData=conID: 1 locID: 102654677116977166 bcsId: 14} | ret=SUCCESS |  
2019-08-21 11:14:33,898 [grpc-default-executor-14] INFO  impl.FollowerInfo (FollowerInfo.java:lambda$new$0(50)) - 0fe68b61-2b3a-4f4f-aa8a-648d7c166cbb->c596a87a-a2b8-4d47-9c90-b83d93b27bce: nextIndex: updateUnconditionally 17 -> 16
2019-08-21 11:14:33,898 | INFO  | DNAudit | user=null | ip=null | op=WRITE_CHUNK {blockData=conID: 1 locID: 102654677116977166 bcsId: 14} | ret=SUCCESS |  
2019-08-21 11:14:33,899 | INFO  | DNAudit | user=null | ip=null | op=WRITE_CHUNK {blockData=conID: 1 locID: 102654677116977166 bcsId: 14} | ret=SUCCESS |  
2019-08-21 11:14:33,900 [grpc-default-executor-14] WARN  server.GrpcLogAppender (LogUtils.java:warn(134)) - 0fe68b61-2b3a-4f4f-aa8a-648d7c166cbb->c596a87a-a2b8-4d47-9c90-b83d93b27bce: Failed appendEntries: org.apache.ratis.thirdparty.io.grpc.StatusRuntimeException: UNAVAILABLE: io exception
2019-08-21 11:14:33,900 [grpc-default-executor-14] INFO  impl.FollowerInfo (FollowerInfo.java:lambda$new$0(50)) - 0fe68b61-2b3a-4f4f-aa8a-648d7c166cbb->c596a87a-a2b8-4d47-9c90-b83d93b27bce: nextIndex: updateUnconditionally 17 -> 16
2019-08-21 11:14:33,910 | INFO  | DNAudit | user=null | ip=null | op=WRITE_CHUNK {blockData=conID: 1 locID: 102654677116977166 bcsId: 14} | ret=SUCCESS |  
2019-08-21 11:14:33,911 [grpc-default-executor-13] WARN  server.GrpcLogAppender (LogUtils.java:warn(134)) - 0fe68b61-2b3a-4f4f-aa8a-648d7c166cbb->c596a87a-a2b8-4d47-9c90-b83d93b27bce: Failed appendEntries: org.apache.ratis.thirdparty.io.grpc.StatusRuntimeException: UNAVAILABLE: io exception
2019-08-21 11:14:33,912 [grpc-default-executor-12] INFO  client.GrpcClientProtocolClient (GrpcClientProtocolClient.java:onNext(255)) - client-0371F447DE3D->0fe68b61-2b3a-4f4f-aa8a-648d7c166cbb: receive RaftClientReply:client-0371F447DE3D->0fe68b61-2b3a-4f4f-aa8a-648d7c166cbb@group-9D273EF9328C, cid=186, SUCCESS, logIndex=17, commits[0fe68b61-2b3a-4f4f-aa8a-648d7c166cbb:c17, f4b96d6d-5834-4237-9c77-9d8fb94db68a:c16, c596a87a-a2b8-4d47-9c90-b83d93b27bce:c16]
2019-08-21 11:14:33,912 | INFO  | DNAudit | user=null | ip=null | op=WRITE_CHUNK {blockData=conID: 1 locID: 102654677116977166 bcsId: 14} | ret=SUCCESS |  
2019-08-21 11:14:33,912 | INFO  | DNAudit | user=null | ip=null | op=WRITE_CHUNK {blockData=conID: 1 locID: 102654677116977166 bcsId: 14} | ret=SUCCESS |  
2019-08-21 11:14:33,912 [grpc-default-executor-13] INFO  impl.FollowerInfo (FollowerInfo.java:lambda$new$0(50)) - 0fe68b61-2b3a-4f4f-aa8a-648d7c166cbb->c596a87a-a2b8-4d47-9c90-b83d93b27bce: nextIndex: updateUnconditionally 17 -> 16
2019-08-21 11:14:33,914 [grpc-default-executor-12] WARN  server.GrpcLogAppender (LogUtils.java:warn(134)) - 0fe68b61-2b3a-4f4f-aa8a-648d7c166cbb->c596a87a-a2b8-4d47-9c90-b83d93b27bce: Failed appendEntries: org.apache.ratis.thirdparty.io.grpc.StatusRuntimeException: UNAVAILABLE: io exception
2019-08-21 11:14:33,914 | INFO  | DNAudit | user=null | ip=null | op=PUT_BLOCK {blockData=[blockId=conID: 1 locID: 102654677116977166 bcsId: 0,size=650]} | ret=SUCCESS |  
2019-08-21 11:14:33,914 [grpc-default-executor-12] INFO  impl.FollowerInfo (FollowerInfo.java:lambda$new$0(50)) - 0fe68b61-2b3a-4f4f-aa8a-648d7c166cbb->c596a87a-a2b8-4d47-9c90-b83d93b27bce: nextIndex: updateUnconditionally 17 -> 16
2019-08-21 11:14:33,914 [grpc-default-executor-11] INFO  client.GrpcClientProtocolClient (GrpcClientProtocolClient.java:onNext(255)) - client-0371F447DE3D->0fe68b61-2b3a-4f4f-aa8a-648d7c166cbb: receive RaftClientReply:client-0371F447DE3D->0fe68b61-2b3a-4f4f-aa8a-648d7c166cbb@group-9D273EF9328C, cid=187, SUCCESS, logIndex=18, commits[0fe68b61-2b3a-4f4f-aa8a-648d7c166cbb:c18, f4b96d6d-5834-4237-9c77-9d8fb94db68a:c17, c596a87a-a2b8-4d47-9c90-b83d93b27bce:c16]
2019-08-21 11:14:33,915 | INFO  | DNAudit | user=null | ip=null | op=WRITE_CHUNK {blockData=conID: 1 locID: 102654677116977166 bcsId: 14} | ret=SUCCESS |  
2019-08-21 11:14:33,915 [grpc-default-executor-11] INFO  client.GrpcClientProtocolClient (GrpcClientProtocolClient.java:onNext(255)) - client-0371F447DE3D->0fe68b61-2b3a-4f4f-aa8a-648d7c166cbb: receive RaftClientReply:client-0371F447DE3D->0fe68b61-2b3a-4f4f-aa8a-648d7c166cbb@group-9D273EF9328C, cid=188, SUCCESS, logIndex=19, commits[0fe68b61-2b3a-4f4f-aa8a-648d7c166cbb:c23, f4b96d6d-5834-4237-9c77-9d8fb94db68a:c17, c596a87a-a2b8-4d47-9c90-b83d93b27bce:c16]
2019-08-21 11:14:33,915 | INFO  | DNAudit | user=null | ip=null | op=WRITE_CHUNK {blockData=conID: 1 locID: 102654677116977166 bcsId: 14} | ret=SUCCESS |  
2019-08-21 11:14:33,916 [grpc-default-executor-11] INFO  client.GrpcClientProtocolClient (GrpcClientProtocolClient.java:onNext(255)) - client-0371F447DE3D->0fe68b61-2b3a-4f4f-aa8a-648d7c166cbb: receive RaftClientReply:client-0371F447DE3D->0fe68b61-2b3a-4f4f-aa8a-648d7c166cbb@group-9D273EF9328C, cid=189, SUCCESS, logIndex=20, commits[0fe68b61-2b3a-4f4f-aa8a-648d7c166cbb:c23, f4b96d6d-5834-4237-9c77-9d8fb94db68a:c17, c596a87a-a2b8-4d47-9c90-b83d93b27bce:c16]
2019-08-21 11:14:33,916 | INFO  | DNAudit | user=null | ip=null | op=PUT_BLOCK {blockData=[blockId=conID: 1 locID: 102654677116977166 bcsId: 0,size=800]} | ret=SUCCESS |  
2019-08-21 11:14:33,916 [grpc-default-executor-11] INFO  client.GrpcClientProtocolClient (GrpcClientProtocolClient.java:onNext(255)) - client-0371F447DE3D->0fe68b61-2b3a-4f4f-aa8a-648d7c166cbb: receive RaftClientReply:client-0371F447DE3D->0fe68b61-2b3a-4f4f-aa8a-648d7c166cbb@group-9D273EF9328C, cid=190, SUCCESS, logIndex=21, commits[0fe68b61-2b3a-4f4f-aa8a-648d7c166cbb:c23, f4b96d6d-5834-4237-9c77-9d8fb94db68a:c17, c596a87a-a2b8-4d47-9c90-b83d93b27bce:c16]
2019-08-21 11:14:33,917 [grpc-default-executor-11] INFO  client.GrpcClientProtocolClient (GrpcClientProtocolClient.java:onNext(255)) - client-0371F447DE3D->0fe68b61-2b3a-4f4f-aa8a-648d7c166cbb: receive RaftClientReply:client-0371F447DE3D->0fe68b61-2b3a-4f4f-aa8a-648d7c166cbb@group-9D273EF9328C, cid=191, SUCCESS, logIndex=22, commits[0fe68b61-2b3a-4f4f-aa8a-648d7c166cbb:c23, f4b96d6d-5834-4237-9c77-9d8fb94db68a:c17, c596a87a-a2b8-4d47-9c90-b83d93b27bce:c16]
2019-08-21 11:14:33,924 | INFO  | DNAudit | user=null | ip=null | op=WRITE_CHUNK {blockData=conID: 1 locID: 102654677116977166 bcsId: 14} | ret=SUCCESS |  
2019-08-21 11:14:33,926 [grpc-default-executor-13] WARN  server.GrpcLogAppender (LogUtils.java:warn(134)) - 0fe68b61-2b3a-4f4f-aa8a-648d7c166cbb->c596a87a-a2b8-4d47-9c90-b83d93b27bce: Failed appendEntries: org.apache.ratis.thirdparty.io.grpc.StatusRuntimeException: UNAVAILABLE: io exception
2019-08-21 11:14:33,927 [grpc-default-executor-13] INFO  impl.FollowerInfo (FollowerInfo.java:lambda$new$0(50)) - 0fe68b61-2b3a-4f4f-aa8a-648d7c166cbb->c596a87a-a2b8-4d47-9c90-b83d93b27bce: nextIndex: updateUnconditionally 17 -> 16
2019-08-21 11:14:33,993 | INFO  | SCMAudit | user=jenkins1000 | ip=192.168.34.23 | op=SEND_HEARTBEAT {datanodeUUID=ed9e288c-0744-4497-940c-3846f34b2d6c, command=[]} | ret=SUCCESS |  
2019-08-21 11:14:34,349 | INFO  | SCMAudit | user=jenkins1000 | ip=192.168.34.23 | op=SEND_HEARTBEAT {datanodeUUID=430f0a46-4fd4-4998-b8d2-ebf7f49c572d, command=[]} | ret=SUCCESS |  
2019-08-21 11:14:34,477 | INFO  | SCMAudit | user=jenkins1000 | ip=192.168.34.23 | op=SEND_HEARTBEAT {datanodeUUID=37412b49-a8cf-4c76-b1e5-6ab6fc3f2cc0, command=[]} | ret=SUCCESS |  
2019-08-21 11:14:34,621 | INFO  | SCMAudit | user=jenkins1000 | ip=192.168.34.23 | op=SEND_HEARTBEAT {datanodeUUID=f4b96d6d-5834-4237-9c77-9d8fb94db68a, command=[commandType: closeContainerCommand closeContainerCommandProto { containerID: 1 pipelineID { id: "4dd38366-85b3-4b4b-bf76-9d273ef9328c" } cmdId: 1 force: false } ]} | ret=SUCCESS |  
2019-08-21 11:14:34,621 | INFO  | SCMAudit | user=jenkins1000 | ip=192.168.34.23 | op=SEND_HEARTBEAT {datanodeUUID=0fe68b61-2b3a-4f4f-aa8a-648d7c166cbb, command=[commandType: closeContainerCommand closeContainerCommandProto { containerID: 1 pipelineID { id: "4dd38366-85b3-4b4b-bf76-9d273ef9328c" } cmdId: 1 force: false } ]} | ret=SUCCESS |  
2019-08-21 11:14:34,758 | INFO  | SCMAudit | user=jenkins1000 | ip=192.168.34.23 | op=SEND_HEARTBEAT {datanodeUUID=d07e18e0-48ec-475d-bbfd-6733e1200993, command=[]} | ret=SUCCESS |  
2019-08-21 11:14:34,919 [main] WARN  scm.XceiverClientRatis (XceiverClientRatis.java:watchForCommit(262)) - 3 way commit failed on pipeline Pipeline[ Id: 4dd38366-85b3-4b4b-bf76-9d273ef9328c, Nodes: c596a87a-a2b8-4d47-9c90-b83d93b27bce{ip: 192.168.34.23, host: pr-hdds-1937-2b42m-2998290358, networkLocation: /default-rack, certSerialId: null}0fe68b61-2b3a-4f4f-aa8a-648d7c166cbb{ip: 192.168.34.23, host: pr-hdds-1937-2b42m-2998290358, networkLocation: /default-rack, certSerialId: null}f4b96d6d-5834-4237-9c77-9d8fb94db68a{ip: 192.168.34.23, host: pr-hdds-1937-2b42m-2998290358, networkLocation: /default-rack, certSerialId: null}, Type:RATIS, Factor:THREE, State:OPEN]
java.util.concurrent.TimeoutException
	at java.util.concurrent.CompletableFuture.timedGet(CompletableFuture.java:1771)
	at java.util.concurrent.CompletableFuture.get(CompletableFuture.java:1915)
	at org.apache.hadoop.hdds.scm.XceiverClientRatis.watchForCommit(XceiverClientRatis.java:259)
	at org.apache.hadoop.hdds.scm.storage.CommitWatcher.watchForCommit(CommitWatcher.java:194)
	at org.apache.hadoop.hdds.scm.storage.CommitWatcher.watchOnLastIndex(CommitWatcher.java:157)
	at org.apache.hadoop.hdds.scm.storage.BlockOutputStream.watchForCommit(BlockOutputStream.java:347)
	at org.apache.hadoop.hdds.scm.storage.BlockOutputStream.handleFlush(BlockOutputStream.java:479)
	at org.apache.hadoop.hdds.scm.storage.BlockOutputStream.close(BlockOutputStream.java:493)
	at org.apache.hadoop.ozone.client.io.BlockOutputStreamEntry.close(BlockOutputStreamEntry.java:143)
	at org.apache.hadoop.ozone.client.io.KeyOutputStream.handleFlushOrClose(KeyOutputStream.java:438)
	at org.apache.hadoop.ozone.client.io.KeyOutputStream.handleWrite(KeyOutputStream.java:235)
	at org.apache.hadoop.ozone.client.io.KeyOutputStream.write(KeyOutputStream.java:193)
	at org.apache.hadoop.ozone.client.io.OzoneOutputStream.write(OzoneOutputStream.java:49)
	at java.io.OutputStream.write(OutputStream.java:75)
	at org.apache.hadoop.ozone.client.rpc.TestBlockOutputStreamWithFailures.testWatchForCommitDatanodeFailure(TestBlockOutputStreamWithFailures.java:363)
	at sun.reflect.NativeMethodAccessorImpl.invoke0(Native Method)
	at sun.reflect.NativeMethodAccessorImpl.invoke(NativeMethodAccessorImpl.java:62)
	at sun.reflect.DelegatingMethodAccessorImpl.invoke(DelegatingMethodAccessorImpl.java:43)
	at java.lang.reflect.Method.invoke(Method.java:498)
	at org.junit.runners.model.FrameworkMethod$1.runReflectiveCall(FrameworkMethod.java:47)
	at org.junit.internal.runners.model.ReflectiveCallable.run(ReflectiveCallable.java:12)
	at org.junit.runners.model.FrameworkMethod.invokeExplosively(FrameworkMethod.java:44)
	at org.junit.internal.runners.statements.InvokeMethod.evaluate(InvokeMethod.java:17)
	at org.junit.internal.runners.statements.RunBefores.evaluate(RunBefores.java:26)
	at org.junit.internal.runners.statements.RunAfters.evaluate(RunAfters.java:27)
	at org.junit.runners.ParentRunner.runLeaf(ParentRunner.java:271)
	at org.junit.runners.BlockJUnit4ClassRunner.runChild(BlockJUnit4ClassRunner.java:70)
	at org.junit.runners.BlockJUnit4ClassRunner.runChild(BlockJUnit4ClassRunner.java:50)
	at org.junit.runners.ParentRunner$3.run(ParentRunner.java:238)
	at org.junit.runners.ParentRunner$1.schedule(ParentRunner.java:63)
	at org.junit.runners.ParentRunner.runChildren(ParentRunner.java:236)
	at org.junit.runners.ParentRunner.access$000(ParentRunner.java:53)
	at org.junit.runners.ParentRunner$2.evaluate(ParentRunner.java:229)
	at org.junit.runners.ParentRunner.run(ParentRunner.java:309)
	at org.apache.maven.surefire.junit4.JUnit4Provider.execute(JUnit4Provider.java:365)
	at org.apache.maven.surefire.junit4.JUnit4Provider.executeWithRerun(JUnit4Provider.java:273)
	at org.apache.maven.surefire.junit4.JUnit4Provider.executeTestSet(JUnit4Provider.java:238)
	at org.apache.maven.surefire.junit4.JUnit4Provider.invoke(JUnit4Provider.java:159)
	at org.apache.maven.surefire.booter.ForkedBooter.invokeProviderInSameClassLoader(ForkedBooter.java:384)
	at org.apache.maven.surefire.booter.ForkedBooter.runSuitesInProcess(ForkedBooter.java:345)
	at org.apache.maven.surefire.booter.ForkedBooter.execute(ForkedBooter.java:126)
	at org.apache.maven.surefire.booter.ForkedBooter.main(ForkedBooter.java:418)
2019-08-21 11:14:34,992 | INFO  | SCMAudit | user=jenkins1000 | ip=192.168.34.23 | op=SEND_HEARTBEAT {datanodeUUID=ed9e288c-0744-4497-940c-3846f34b2d6c, command=[]} | ret=SUCCESS |  
2019-08-21 11:14:35,349 | INFO  | SCMAudit | user=jenkins1000 | ip=192.168.34.23 | op=SEND_HEARTBEAT {datanodeUUID=430f0a46-4fd4-4998-b8d2-ebf7f49c572d, command=[]} | ret=SUCCESS |  
2019-08-21 11:14:35,477 | INFO  | SCMAudit | user=jenkins1000 | ip=192.168.34.23 | op=SEND_HEARTBEAT {datanodeUUID=37412b49-a8cf-4c76-b1e5-6ab6fc3f2cc0, command=[]} | ret=SUCCESS |  
2019-08-21 11:14:35,621 | INFO  | SCMAudit | user=jenkins1000 | ip=192.168.34.23 | op=SEND_HEARTBEAT {datanodeUUID=0fe68b61-2b3a-4f4f-aa8a-648d7c166cbb, command=[]} | ret=SUCCESS |  
2019-08-21 11:14:35,621 | INFO  | SCMAudit | user=jenkins1000 | ip=192.168.34.23 | op=SEND_HEARTBEAT {datanodeUUID=f4b96d6d-5834-4237-9c77-9d8fb94db68a, command=[]} | ret=SUCCESS |  
2019-08-21 11:14:35,759 | INFO  | SCMAudit | user=jenkins1000 | ip=192.168.34.23 | op=SEND_HEARTBEAT {datanodeUUID=d07e18e0-48ec-475d-bbfd-6733e1200993, command=[]} | ret=SUCCESS |  
2019-08-21 11:14:35,922 [main] WARN  storage.CommitWatcher (CommitWatcher.java:watchForCommit(203)) - watchForCommit failed for index 22
java.util.concurrent.TimeoutException
	at java.util.concurrent.CompletableFuture.timedGet(CompletableFuture.java:1771)
	at java.util.concurrent.CompletableFuture.get(CompletableFuture.java:1915)
	at org.apache.hadoop.hdds.scm.XceiverClientRatis.watchForCommit(XceiverClientRatis.java:268)
	at org.apache.hadoop.hdds.scm.storage.CommitWatcher.watchForCommit(CommitWatcher.java:194)
	at org.apache.hadoop.hdds.scm.storage.CommitWatcher.watchOnLastIndex(CommitWatcher.java:157)
	at org.apache.hadoop.hdds.scm.storage.BlockOutputStream.watchForCommit(BlockOutputStream.java:347)
	at org.apache.hadoop.hdds.scm.storage.BlockOutputStream.handleFlush(BlockOutputStream.java:479)
	at org.apache.hadoop.hdds.scm.storage.BlockOutputStream.close(BlockOutputStream.java:493)
	at org.apache.hadoop.ozone.client.io.BlockOutputStreamEntry.close(BlockOutputStreamEntry.java:143)
	at org.apache.hadoop.ozone.client.io.KeyOutputStream.handleFlushOrClose(KeyOutputStream.java:438)
	at org.apache.hadoop.ozone.client.io.KeyOutputStream.handleWrite(KeyOutputStream.java:235)
	at org.apache.hadoop.ozone.client.io.KeyOutputStream.write(KeyOutputStream.java:193)
	at org.apache.hadoop.ozone.client.io.OzoneOutputStream.write(OzoneOutputStream.java:49)
	at java.io.OutputStream.write(OutputStream.java:75)
	at org.apache.hadoop.ozone.client.rpc.TestBlockOutputStreamWithFailures.testWatchForCommitDatanodeFailure(TestBlockOutputStreamWithFailures.java:363)
	at sun.reflect.NativeMethodAccessorImpl.invoke0(Native Method)
	at sun.reflect.NativeMethodAccessorImpl.invoke(NativeMethodAccessorImpl.java:62)
	at sun.reflect.DelegatingMethodAccessorImpl.invoke(DelegatingMethodAccessorImpl.java:43)
	at java.lang.reflect.Method.invoke(Method.java:498)
	at org.junit.runners.model.FrameworkMethod$1.runReflectiveCall(FrameworkMethod.java:47)
	at org.junit.internal.runners.model.ReflectiveCallable.run(ReflectiveCallable.java:12)
	at org.junit.runners.model.FrameworkMethod.invokeExplosively(FrameworkMethod.java:44)
	at org.junit.internal.runners.statements.InvokeMethod.evaluate(InvokeMethod.java:17)
	at org.junit.internal.runners.statements.RunBefores.evaluate(RunBefores.java:26)
	at org.junit.internal.runners.statements.RunAfters.evaluate(RunAfters.java:27)
	at org.junit.runners.ParentRunner.runLeaf(ParentRunner.java:271)
	at org.junit.runners.BlockJUnit4ClassRunner.runChild(BlockJUnit4ClassRunner.java:70)
	at org.junit.runners.BlockJUnit4ClassRunner.runChild(BlockJUnit4ClassRunner.java:50)
	at org.junit.runners.ParentRunner$3.run(ParentRunner.java:238)
	at org.junit.runners.ParentRunner$1.schedule(ParentRunner.java:63)
	at org.junit.runners.ParentRunner.runChildren(ParentRunner.java:236)
	at org.junit.runners.ParentRunner.access$000(ParentRunner.java:53)
	at org.junit.runners.ParentRunner$2.evaluate(ParentRunner.java:229)
	at org.junit.runners.ParentRunner.run(ParentRunner.java:309)
	at org.apache.maven.surefire.junit4.JUnit4Provider.execute(JUnit4Provider.java:365)
	at org.apache.maven.surefire.junit4.JUnit4Provider.executeWithRerun(JUnit4Provider.java:273)
	at org.apache.maven.surefire.junit4.JUnit4Provider.executeTestSet(JUnit4Provider.java:238)
	at org.apache.maven.surefire.junit4.JUnit4Provider.invoke(JUnit4Provider.java:159)
	at org.apache.maven.surefire.booter.ForkedBooter.invokeProviderInSameClassLoader(ForkedBooter.java:384)
	at org.apache.maven.surefire.booter.ForkedBooter.runSuitesInProcess(ForkedBooter.java:345)
	at org.apache.maven.surefire.booter.ForkedBooter.execute(ForkedBooter.java:126)
	at org.apache.maven.surefire.booter.ForkedBooter.main(ForkedBooter.java:418)
2019-08-21 11:14:35,924 [main] WARN  io.KeyOutputStream (KeyOutputStream.java:handleException(276)) - Encountered exception java.io.IOException: Unexpected Storage Container Exception: java.io.IOException: Unexpected Storage Container Exception: java.util.concurrent.TimeoutException on the pipeline Pipeline[ Id: 4dd38366-85b3-4b4b-bf76-9d273ef9328c, Nodes: c596a87a-a2b8-4d47-9c90-b83d93b27bce{ip: 192.168.34.23, host: pr-hdds-1937-2b42m-2998290358, networkLocation: /default-rack, certSerialId: null}0fe68b61-2b3a-4f4f-aa8a-648d7c166cbb{ip: 192.168.34.23, host: pr-hdds-1937-2b42m-2998290358, networkLocation: /default-rack, certSerialId: null}f4b96d6d-5834-4237-9c77-9d8fb94db68a{ip: 192.168.34.23, host: pr-hdds-1937-2b42m-2998290358, networkLocation: /default-rack, certSerialId: null}, Type:RATIS, Factor:THREE, State:OPEN]. The last committed block length is 450, uncommitted data length is 350 retry count 0
2019-08-21 11:14:35,950 | INFO  | SCMAudit | user=jenkins1000 | ip=192.168.34.23 | op=ALLOCATE_BLOCK {owner=d2e5dc64-7e4c-4d60-ac77-6b1f775e9f92, size=800, type=RATIS, factor=THREE} | ret=SUCCESS |  
2019-08-21 11:14:35,952 | INFO  | OMAudit | user=jenkins1000 | ip=127.0.0.1 | op=ALLOCATE_BLOCK {volume=testblockoutputstream, bucket=testblockoutputstream, key=17702e00-42f8-46e4-9e6d-699b8ac77ba3, dataSize=0, replicationType=null, replicationFactor=null, keyLocationInfo=null, clientID=102654677116846093} | ret=SUCCESS |  
2019-08-21 11:14:35,993 | INFO  | SCMAudit | user=jenkins1000 | ip=192.168.34.23 | op=SEND_HEARTBEAT {datanodeUUID=ed9e288c-0744-4497-940c-3846f34b2d6c, command=[]} | ret=SUCCESS |  
2019-08-21 11:14:36,082 | INFO  | DNAudit | user=null | ip=null | op=WRITE_CHUNK {blockData=conID: 2 locID: 102654677873459215 bcsId: 0} | ret=SUCCESS |  
2019-08-21 11:14:36,082 | INFO  | DNAudit | user=null | ip=null | op=WRITE_CHUNK {blockData=conID: 2 locID: 102654677873459215 bcsId: 0} | ret=SUCCESS |  
2019-08-21 11:14:36,082 | INFO  | DNAudit | user=null | ip=null | op=WRITE_CHUNK {blockData=conID: 2 locID: 102654677873459215 bcsId: 0} | ret=SUCCESS |  
2019-08-21 11:14:36,082 | INFO  | SCMAudit | user=jenkins1000 | ip=192.168.34.23 | op=SEND_HEARTBEAT {datanodeUUID=d07e18e0-48ec-475d-bbfd-6733e1200993, command=[]} | ret=SUCCESS |  
2019-08-21 11:14:36,082 | INFO  | SCMAudit | user=jenkins1000 | ip=192.168.34.23 | op=SEND_HEARTBEAT {datanodeUUID=ed9e288c-0744-4497-940c-3846f34b2d6c, command=[]} | ret=SUCCESS |  
2019-08-21 11:14:36,082 | INFO  | SCMAudit | user=jenkins1000 | ip=192.168.34.23 | op=SEND_HEARTBEAT {datanodeUUID=37412b49-a8cf-4c76-b1e5-6ab6fc3f2cc0, command=[]} | ret=SUCCESS |  
2019-08-21 11:14:36,095 | INFO  | DNAudit | user=null | ip=null | op=WRITE_CHUNK {blockData=conID: 2 locID: 102654677873459215 bcsId: 0} | ret=SUCCESS |  
2019-08-21 11:14:36,100 [grpc-default-executor-12] INFO  client.GrpcClientProtocolClient (GrpcClientProtocolClient.java:onNext(255)) - client-0382EA5F2107->d07e18e0-48ec-475d-bbfd-6733e1200993: receive RaftClientReply:client-0382EA5F2107->d07e18e0-48ec-475d-bbfd-6733e1200993@group-4167C9DAB68E, cid=194, SUCCESS, logIndex=1, commits[d07e18e0-48ec-475d-bbfd-6733e1200993:c1, ed9e288c-0744-4497-940c-3846f34b2d6c:c0, 37412b49-a8cf-4c76-b1e5-6ab6fc3f2cc0:c0]
2019-08-21 11:14:36,107 | INFO  | DNAudit | user=null | ip=null | op=WRITE_CHUNK {blockData=conID: 2 locID: 102654677873459215 bcsId: 0} | ret=SUCCESS |  
2019-08-21 11:14:36,107 | INFO  | DNAudit | user=null | ip=null | op=WRITE_CHUNK {blockData=conID: 2 locID: 102654677873459215 bcsId: 0} | ret=SUCCESS |  
2019-08-21 11:14:36,107 | INFO  | DNAudit | user=null | ip=null | op=WRITE_CHUNK {blockData=conID: 2 locID: 102654677873459215 bcsId: 0} | ret=SUCCESS |  
2019-08-21 11:14:36,108 | INFO  | DNAudit | user=null | ip=null | op=WRITE_CHUNK {blockData=conID: 2 locID: 102654677873459215 bcsId: 0} | ret=SUCCESS |  
2019-08-21 11:14:36,108 | INFO  | DNAudit | user=null | ip=null | op=WRITE_CHUNK {blockData=conID: 2 locID: 102654677873459215 bcsId: 0} | ret=SUCCESS |  
2019-08-21 11:14:36,108 | INFO  | DNAudit | user=null | ip=null | op=WRITE_CHUNK {blockData=conID: 2 locID: 102654677873459215 bcsId: 0} | ret=SUCCESS |  
2019-08-21 11:14:36,109 | INFO  | DNAudit | user=null | ip=null | op=WRITE_CHUNK {blockData=conID: 2 locID: 102654677873459215 bcsId: 0} | ret=SUCCESS |  
2019-08-21 11:14:36,110 | INFO  | DNAudit | user=null | ip=null | op=WRITE_CHUNK {blockData=conID: 2 locID: 102654677873459215 bcsId: 0} | ret=SUCCESS |  
2019-08-21 11:14:36,110 | INFO  | DNAudit | user=null | ip=null | op=WRITE_CHUNK {blockData=conID: 2 locID: 102654677873459215 bcsId: 0} | ret=SUCCESS |  
2019-08-21 11:14:36,110 | INFO  | DNAudit | user=null | ip=null | op=WRITE_CHUNK {blockData=conID: 2 locID: 102654677873459215 bcsId: 0} | ret=SUCCESS |  
2019-08-21 11:14:36,110 | INFO  | DNAudit | user=null | ip=null | op=WRITE_CHUNK {blockData=conID: 2 locID: 102654677873459215 bcsId: 0} | ret=SUCCESS |  
2019-08-21 11:14:36,121 | INFO  | DNAudit | user=null | ip=null | op=WRITE_CHUNK {blockData=conID: 2 locID: 102654677873459215 bcsId: 0} | ret=SUCCESS |  
2019-08-21 11:14:36,125 [grpc-default-executor-11] INFO  client.GrpcClientProtocolClient (GrpcClientProtocolClient.java:onNext(255)) - client-0382EA5F2107->d07e18e0-48ec-475d-bbfd-6733e1200993: receive RaftClientReply:client-0382EA5F2107->d07e18e0-48ec-475d-bbfd-6733e1200993@group-4167C9DAB68E, cid=195, SUCCESS, logIndex=3, commits[d07e18e0-48ec-475d-bbfd-6733e1200993:c4, ed9e288c-0744-4497-940c-3846f34b2d6c:c2, 37412b49-a8cf-4c76-b1e5-6ab6fc3f2cc0:c2]
2019-08-21 11:14:36,140 | INFO  | DNAudit | user=null | ip=null | op=WRITE_CHUNK {blockData=conID: 2 locID: 102654677873459215 bcsId: 0} | ret=SUCCESS |  
2019-08-21 11:14:36,140 | INFO  | DNAudit | user=null | ip=null | op=WRITE_CHUNK {blockData=conID: 2 locID: 102654677873459215 bcsId: 0} | ret=SUCCESS |  
2019-08-21 11:14:36,159 | INFO  | DNAudit | user=null | ip=null | op=PUT_BLOCK {blockData=[blockId=conID: 2 locID: 102654677873459215 bcsId: 0,size=200]} | ret=SUCCESS |  
2019-08-21 11:14:36,160 | INFO  | DNAudit | user=null | ip=null | op=WRITE_CHUNK {blockData=conID: 2 locID: 102654677873459215 bcsId: 0} | ret=SUCCESS |  
2019-08-21 11:14:36,160 | INFO  | DNAudit | user=null | ip=null | op=WRITE_CHUNK {blockData=conID: 2 locID: 102654677873459215 bcsId: 0} | ret=SUCCESS |  
2019-08-21 11:14:36,160 [grpc-default-executor-13] INFO  client.GrpcClientProtocolClient (GrpcClientProtocolClient.java:onNext(255)) - client-0382EA5F2107->d07e18e0-48ec-475d-bbfd-6733e1200993: receive RaftClientReply:client-0382EA5F2107->d07e18e0-48ec-475d-bbfd-6733e1200993@group-4167C9DAB68E, cid=196, SUCCESS, logIndex=4, commits[d07e18e0-48ec-475d-bbfd-6733e1200993:c12, ed9e288c-0744-4497-940c-3846f34b2d6c:c7, 37412b49-a8cf-4c76-b1e5-6ab6fc3f2cc0:c7]
2019-08-21 11:14:36,161 [grpc-default-executor-13] INFO  client.GrpcClientProtocolClient (GrpcClientProtocolClient.java:onNext(255)) - client-0382EA5F2107->d07e18e0-48ec-475d-bbfd-6733e1200993: receive RaftClientReply:client-0382EA5F2107->d07e18e0-48ec-475d-bbfd-6733e1200993@group-4167C9DAB68E, cid=197, SUCCESS, logIndex=5, commits[d07e18e0-48ec-475d-bbfd-6733e1200993:c12, ed9e288c-0744-4497-940c-3846f34b2d6c:c7, 37412b49-a8cf-4c76-b1e5-6ab6fc3f2cc0:c7]
2019-08-21 11:14:36,162 [grpc-default-executor-13] INFO  client.GrpcClientProtocolClient (GrpcClientProtocolClient.java:onNext(255)) - client-0382EA5F2107->d07e18e0-48ec-475d-bbfd-6733e1200993: receive RaftClientReply:client-0382EA5F2107->d07e18e0-48ec-475d-bbfd-6733e1200993@group-4167C9DAB68E, cid=198, SUCCESS, logIndex=6, commits[d07e18e0-48ec-475d-bbfd-6733e1200993:c12, ed9e288c-0744-4497-940c-3846f34b2d6c:c7, 37412b49-a8cf-4c76-b1e5-6ab6fc3f2cc0:c7]
2019-08-21 11:14:36,179 | INFO  | DNAudit | user=null | ip=null | op=PUT_BLOCK {blockData=[blockId=conID: 2 locID: 102654677873459215 bcsId: 0,size=200]} | ret=SUCCESS |  
2019-08-21 11:14:36,179 | INFO  | DNAudit | user=null | ip=null | op=WRITE_CHUNK {blockData=conID: 2 locID: 102654677873459215 bcsId: 0} | ret=SUCCESS |  
2019-08-21 11:14:36,180 | INFO  | DNAudit | user=null | ip=null | op=WRITE_CHUNK {blockData=conID: 2 locID: 102654677873459215 bcsId: 0} | ret=SUCCESS |  
2019-08-21 11:14:36,199 | INFO  | DNAudit | user=null | ip=null | op=PUT_BLOCK {blockData=[blockId=conID: 2 locID: 102654677873459215 bcsId: 0,size=400]} | ret=SUCCESS |  
2019-08-21 11:14:36,199 | INFO  | DNAudit | user=null | ip=null | op=PUT_BLOCK {blockData=[blockId=conID: 2 locID: 102654677873459215 bcsId: 0,size=200]} | ret=SUCCESS |  
2019-08-21 11:14:36,199 | INFO  | DNAudit | user=null | ip=null | op=PUT_BLOCK {blockData=[blockId=conID: 2 locID: 102654677873459215 bcsId: 0,size=400]} | ret=SUCCESS |  
2019-08-21 11:14:36,199 | INFO  | DNAudit | user=null | ip=null | op=WRITE_CHUNK {blockData=conID: 2 locID: 102654677873459215 bcsId: 0} | ret=SUCCESS |  
2019-08-21 11:14:36,200 | INFO  | DNAudit | user=null | ip=null | op=WRITE_CHUNK {blockData=conID: 2 locID: 102654677873459215 bcsId: 0} | ret=SUCCESS |  
2019-08-21 11:14:36,200 [grpc-default-executor-13] INFO  client.GrpcClientProtocolClient (GrpcClientProtocolClient.java:onNext(255)) - client-0382EA5F2107->d07e18e0-48ec-475d-bbfd-6733e1200993: receive RaftClientReply:client-0382EA5F2107->d07e18e0-48ec-475d-bbfd-6733e1200993@group-4167C9DAB68E, cid=199, SUCCESS, logIndex=7, commits[d07e18e0-48ec-475d-bbfd-6733e1200993:c12, ed9e288c-0744-4497-940c-3846f34b2d6c:c7, 37412b49-a8cf-4c76-b1e5-6ab6fc3f2cc0:c7]
2019-08-21 11:14:36,201 | INFO  | DNAudit | user=null | ip=null | op=PUT_BLOCK {blockData=[blockId=conID: 2 locID: 102654677873459215 bcsId: 0,size=400]} | ret=SUCCESS |  
2019-08-21 11:14:36,203 | INFO  | DNAudit | user=null | ip=null | op=WRITE_CHUNK {blockData=conID: 2 locID: 102654677873459215 bcsId: 7} | ret=SUCCESS |  
2019-08-21 11:14:36,204 | INFO  | DNAudit | user=null | ip=null | op=WRITE_CHUNK {blockData=conID: 2 locID: 102654677873459215 bcsId: 7} | ret=SUCCESS |  
2019-08-21 11:14:36,205 | INFO  | DNAudit | user=null | ip=null | op=WRITE_CHUNK {blockData=conID: 2 locID: 102654677873459215 bcsId: 7} | ret=SUCCESS |  
2019-08-21 11:14:36,208 | INFO  | DNAudit | user=null | ip=null | op=WRITE_CHUNK {blockData=conID: 2 locID: 102654677873459215 bcsId: 7} | ret=SUCCESS |  
2019-08-21 11:14:36,208 | INFO  | DNAudit | user=null | ip=null | op=PUT_BLOCK {blockData=[blockId=conID: 2 locID: 102654677873459215 bcsId: 0,size=450]} | ret=SUCCESS |  
2019-08-21 11:14:36,209 [grpc-default-executor-13] INFO  client.GrpcClientProtocolClient (GrpcClientProtocolClient.java:onNext(255)) - client-0382EA5F2107->d07e18e0-48ec-475d-bbfd-6733e1200993: receive RaftClientReply:client-0382EA5F2107->d07e18e0-48ec-475d-bbfd-6733e1200993@group-4167C9DAB68E, cid=200, SUCCESS, logIndex=13, commits[d07e18e0-48ec-475d-bbfd-6733e1200993:c14, ed9e288c-0744-4497-940c-3846f34b2d6c:c12, 37412b49-a8cf-4c76-b1e5-6ab6fc3f2cc0:c12]
2019-08-21 11:14:36,209 | INFO  | DNAudit | user=null | ip=null | op=WRITE_CHUNK {blockData=conID: 2 locID: 102654677873459215 bcsId: 7} | ret=SUCCESS |  
2019-08-21 11:14:36,210 [grpc-default-executor-13] INFO  client.GrpcClientProtocolClient (GrpcClientProtocolClient.java:onNext(255)) - client-0382EA5F2107->d07e18e0-48ec-475d-bbfd-6733e1200993: receive RaftClientReply:client-0382EA5F2107->d07e18e0-48ec-475d-bbfd-6733e1200993@group-4167C9DAB68E, cid=201, SUCCESS, logIndex=14, commits[d07e18e0-48ec-475d-bbfd-6733e1200993:c14, ed9e288c-0744-4497-940c-3846f34b2d6c:c12, 37412b49-a8cf-4c76-b1e5-6ab6fc3f2cc0:c12]
2019-08-21 11:14:36,210 | INFO  | DNAudit | user=null | ip=null | op=WRITE_CHUNK {blockData=conID: 2 locID: 102654677873459215 bcsId: 7} | ret=SUCCESS |  
2019-08-21 11:14:36,210 | INFO  | DNAudit | user=null | ip=null | op=PUT_BLOCK {blockData=[blockId=conID: 2 locID: 102654677873459215 bcsId: 0,size=450]} | ret=SUCCESS |  
2019-08-21 11:14:36,210 | INFO  | DNAudit | user=null | ip=null | op=PUT_BLOCK {blockData=[blockId=conID: 2 locID: 102654677873459215 bcsId: 0,size=450]} | ret=SUCCESS |  
2019-08-21 11:14:36,216 [grpc-default-executor-11] INFO  client.GrpcClientProtocolClient (GrpcClientProtocolClient.java:onNext(255)) - client-0382EA5F2107->d07e18e0-48ec-475d-bbfd-6733e1200993: receive RaftClientReply:client-0382EA5F2107->d07e18e0-48ec-475d-bbfd-6733e1200993@group-4167C9DAB68E, cid=202, SUCCESS, logIndex=0, commits[d07e18e0-48ec-475d-bbfd-6733e1200993:c16, ed9e288c-0744-4497-940c-3846f34b2d6c:c14, 37412b49-a8cf-4c76-b1e5-6ab6fc3f2cc0:c14]
2019-08-21 11:14:36,217 [main] INFO  ozone.MiniOzoneClusterImpl (MiniOzoneClusterImpl.java:shutdown(321)) - Shutting down the Mini Ozone Cluster
2019-08-21 11:14:36,217 | INFO  | SCMAudit | user=null | ip=null | op=GET_SCM_INFO null | ret=SUCCESS |  
2019-08-21 11:14:36,217 [main] INFO  ozone.MiniOzoneClusterImpl (MiniOzoneClusterImpl.java:stop(336)) - Stopping the Mini Ozone Cluster
2019-08-21 11:14:36,217 [main] INFO  ozone.MiniOzoneClusterImpl (MiniOzoneClusterImpl.java:stop(338)) - Stopping the OzoneManager
2019-08-21 11:14:36,217 [main] INFO  ipc.Server (Server.java:stop(3082)) - Stopping server on 44098
2019-08-21 11:14:36,235 [IPC Server listener on 44098] INFO  ipc.Server (Server.java:run(1185)) - Stopping IPC Server listener on 44098
2019-08-21 11:14:36,236 [main] INFO  ratis.OzoneManagerDoubleBuffer (OzoneManagerDoubleBuffer.java:stop(248)) - Stopping OMDoubleBuffer flush thread
2019-08-21 11:14:36,240 [IPC Server Responder] INFO  ipc.Server (Server.java:run(1319)) - Stopping IPC Server Responder
2019-08-21 11:14:36,255 [OMDoubleBufferFlushThread] INFO  ratis.OzoneManagerDoubleBuffer (OzoneManagerDoubleBuffer.java:flushTransactions(191)) - OMDoubleBuffer flush thread OMDoubleBufferFlushThread is interrupted and will exit. OMDoubleBufferFlushThread
2019-08-21 11:14:36,256 [main] INFO  utils.BackgroundService (BackgroundService.java:shutdown(148)) - Shutting down service KeyDeletingService
2019-08-21 11:14:36,257 [main] INFO  handler.ContextHandler (ContextHandler.java:doStop(910)) - Stopped o.e.j.w.WebAppContext@ba90170{/,null,UNAVAILABLE}{/ozoneManager}
2019-08-21 11:14:36,258 [main] INFO  server.AbstractConnector (AbstractConnector.java:doStop(318)) - Stopped ServerConnector@452ea8f0{HTTP/1.1,[http/1.1]}{0.0.0.0:0}
2019-08-21 11:14:36,258 [main] INFO  handler.ContextHandler (ContextHandler.java:doStop(910)) - Stopped o.e.j.s.ServletContextHandler@a642c54{/static,file:///workdir/hadoop-ozone/integration-test/target/test-classes/webapps/static,UNAVAILABLE}
2019-08-21 11:14:36,258 [main] INFO  handler.ContextHandler (ContextHandler.java:doStop(910)) - Stopped o.e.j.s.ServletContextHandler@3e8c9981{/logs,file:///workdir/hadoop-ozone/integration-test/target/log,UNAVAILABLE}
2019-08-21 11:14:36,261 [main] INFO  ozone.MiniOzoneClusterImpl (MiniOzoneClusterImpl.java:stop(344)) - Shutting the HddsDatanodes
2019-08-21 11:14:36,261 [main] INFO  datanode.ObjectStoreHandler (ObjectStoreHandler.java:close(155)) - Closing ObjectStoreHandler.
2019-08-21 11:14:36,261 [ForkJoinPool.commonPool-worker-0] INFO  datanode.ObjectStoreHandler (ObjectStoreHandler.java:close(155)) - Closing ObjectStoreHandler.
2019-08-21 11:14:36,262 [main] INFO  ozone.HddsDatanodeService (HddsDatanodeService.java:stop(451)) - Stopped plug-in org.apache.hadoop.ozone.web.OzoneHddsDatanodeService@d35d84a
2019-08-21 11:14:36,262 [ForkJoinPool.commonPool-worker-0] INFO  ozone.HddsDatanodeService (HddsDatanodeService.java:stop(451)) - Stopped plug-in org.apache.hadoop.ozone.web.OzoneHddsDatanodeService@6860c000
2019-08-21 11:14:36,348 | INFO  | SCMAudit | user=jenkins1000 | ip=192.168.34.23 | op=SEND_HEARTBEAT {datanodeUUID=430f0a46-4fd4-4998-b8d2-ebf7f49c572d, command=[]} | ret=SUCCESS |  
2019-08-21 11:14:36,427 | INFO  | DNAudit | user=null | ip=null | op=PUT_BLOCK {blockData=[blockId=conID: 1 locID: 102654677116977166 bcsId: 0,size=650]} | ret=SUCCESS |  
2019-08-21 11:14:36,428 [grpc-default-executor-12] WARN  server.GrpcLogAppender (LogUtils.java:warn(134)) - 0fe68b61-2b3a-4f4f-aa8a-648d7c166cbb->c596a87a-a2b8-4d47-9c90-b83d93b27bce: Failed appendEntries: org.apache.ratis.thirdparty.io.grpc.StatusRuntimeException: UNAVAILABLE: io exception
2019-08-21 11:14:36,428 | INFO  | DNAudit | user=null | ip=null | op=WRITE_CHUNK {blockData=conID: 1 locID: 102654677116977166 bcsId: 14} | ret=SUCCESS |  
2019-08-21 11:14:36,428 [grpc-default-executor-12] INFO  impl.FollowerInfo (FollowerInfo.java:lambda$new$0(50)) - 0fe68b61-2b3a-4f4f-aa8a-648d7c166cbb->c596a87a-a2b8-4d47-9c90-b83d93b27bce: nextIndex: updateUnconditionally 16 -> 15
2019-08-21 11:14:36,429 | INFO  | DNAudit | user=null | ip=null | op=WRITE_CHUNK {blockData=conID: 1 locID: 102654677116977166 bcsId: 14} | ret=SUCCESS |  
2019-08-21 11:14:36,428 [grpc-default-executor-13] INFO  client.GrpcClientProtocolClient (GrpcClientProtocolClient.java:onNext(255)) - client-0371F447DE3D->0fe68b61-2b3a-4f4f-aa8a-648d7c166cbb: receive RaftClientReply:client-0371F447DE3D->0fe68b61-2b3a-4f4f-aa8a-648d7c166cbb@group-9D273EF9328C, cid=193, SUCCESS, logIndex=0, commits[0fe68b61-2b3a-4f4f-aa8a-648d7c166cbb:c24, f4b96d6d-5834-4237-9c77-9d8fb94db68a:c24, c596a87a-a2b8-4d47-9c90-b83d93b27bce:c16]
2019-08-21 11:14:36,429 | INFO  | DNAudit | user=null | ip=null | op=PUT_BLOCK {blockData=[blockId=conID: 1 locID: 102654677116977166 bcsId: 0,size=800]} | ret=SUCCESS |  
2019-08-21 11:14:36,619 [Datanode State Machine Thread - 0] INFO  statemachine.DatanodeStateMachine (DatanodeStateMachine.java:lambda$startDaemon$0(350)) - Ozone container server started.
2019-08-21 11:14:36,620 | INFO  | SCMAudit | user=jenkins1000 | ip=192.168.34.23 | op=SEND_HEARTBEAT {datanodeUUID=f4b96d6d-5834-4237-9c77-9d8fb94db68a, command=[]} | ret=SUCCESS |  
2019-08-21 11:14:36,637 | INFO  | SCMAudit | user=jenkins1000 | ip=192.168.34.23 | op=SEND_HEARTBEAT {datanodeUUID=f4b96d6d-5834-4237-9c77-9d8fb94db68a, command=[]} | ret=SUCCESS |  
2019-08-21 11:14:37,081 | INFO  | SCMAudit | user=jenkins1000 | ip=192.168.34.23 | op=SEND_HEARTBEAT {datanodeUUID=d07e18e0-48ec-475d-bbfd-6733e1200993, command=[]} | ret=SUCCESS |  
2019-08-21 11:14:37,082 [Datanode State Machine Thread - 0] INFO  statemachine.DatanodeStateMachine (DatanodeStateMachine.java:lambda$startDaemon$0(350)) - Ozone container server started.
2019-08-21 11:14:37,082 | INFO  | SCMAudit | user=jenkins1000 | ip=192.168.34.23 | op=SEND_HEARTBEAT {datanodeUUID=37412b49-a8cf-4c76-b1e5-6ab6fc3f2cc0, command=[]} | ret=SUCCESS |  
2019-08-21 11:14:37,348 | INFO  | SCMAudit | user=jenkins1000 | ip=192.168.34.23 | op=SEND_HEARTBEAT {datanodeUUID=430f0a46-4fd4-4998-b8d2-ebf7f49c572d, command=[]} | ret=SUCCESS |  
2019-08-21 11:14:37,637 | INFO  | SCMAudit | user=jenkins1000 | ip=192.168.34.23 | op=SEND_HEARTBEAT {datanodeUUID=f4b96d6d-5834-4237-9c77-9d8fb94db68a, command=[]} | ret=SUCCESS |  
2019-08-21 11:14:38,082 | INFO  | SCMAudit | user=jenkins1000 | ip=192.168.34.23 | op=SEND_HEARTBEAT {datanodeUUID=d07e18e0-48ec-475d-bbfd-6733e1200993, command=[]} | ret=SUCCESS |  
2019-08-21 11:14:38,082 | INFO  | SCMAudit | user=jenkins1000 | ip=192.168.34.23 | op=SEND_HEARTBEAT {datanodeUUID=37412b49-a8cf-4c76-b1e5-6ab6fc3f2cc0, command=[]} | ret=SUCCESS |  
2019-08-21 11:14:38,348 | INFO  | SCMAudit | user=jenkins1000 | ip=192.168.34.23 | op=SEND_HEARTBEAT {datanodeUUID=430f0a46-4fd4-4998-b8d2-ebf7f49c572d, command=[]} | ret=SUCCESS |  
2019-08-21 11:14:38,637 | INFO  | SCMAudit | user=jenkins1000 | ip=192.168.34.23 | op=SEND_HEARTBEAT {datanodeUUID=f4b96d6d-5834-4237-9c77-9d8fb94db68a, command=[]} | ret=SUCCESS |  
2019-08-21 11:14:38,928 [grpc-default-executor-11] WARN  server.GrpcLogAppender (LogUtils.java:warn(134)) - 0fe68b61-2b3a-4f4f-aa8a-648d7c166cbb->c596a87a-a2b8-4d47-9c90-b83d93b27bce: Failed appendEntries: org.apache.ratis.thirdparty.io.grpc.StatusRuntimeException: UNAVAILABLE: io exception
2019-08-21 11:14:38,928 [grpc-default-executor-11] INFO  impl.FollowerInfo (FollowerInfo.java:lambda$new$0(50)) - 0fe68b61-2b3a-4f4f-aa8a-648d7c166cbb->c596a87a-a2b8-4d47-9c90-b83d93b27bce: nextIndex: updateUnconditionally 15 -> 14
2019-08-21 11:14:39,081 | INFO  | SCMAudit | user=jenkins1000 | ip=192.168.34.23 | op=SEND_HEARTBEAT {datanodeUUID=d07e18e0-48ec-475d-bbfd-6733e1200993, command=[]} | ret=SUCCESS |  
2019-08-21 11:14:39,082 | INFO  | SCMAudit | user=jenkins1000 | ip=192.168.34.23 | op=SEND_HEARTBEAT {datanodeUUID=37412b49-a8cf-4c76-b1e5-6ab6fc3f2cc0, command=[]} | ret=SUCCESS |  
2019-08-21 11:14:39,348 | INFO  | SCMAudit | user=jenkins1000 | ip=192.168.34.23 | op=SEND_HEARTBEAT {datanodeUUID=430f0a46-4fd4-4998-b8d2-ebf7f49c572d, command=[]} | ret=SUCCESS |  
2019-08-21 11:14:39,638 | INFO  | SCMAudit | user=jenkins1000 | ip=192.168.34.23 | op=SEND_HEARTBEAT {datanodeUUID=f4b96d6d-5834-4237-9c77-9d8fb94db68a, command=[]} | ret=SUCCESS |  
2019-08-21 11:14:40,082 | INFO  | SCMAudit | user=jenkins1000 | ip=192.168.34.23 | op=SEND_HEARTBEAT {datanodeUUID=d07e18e0-48ec-475d-bbfd-6733e1200993, command=[]} | ret=SUCCESS |  
2019-08-21 11:14:40,082 | INFO  | SCMAudit | user=jenkins1000 | ip=192.168.34.23 | op=SEND_HEARTBEAT {datanodeUUID=37412b49-a8cf-4c76-b1e5-6ab6fc3f2cc0, command=[]} | ret=SUCCESS |  
2019-08-21 11:14:40,349 | INFO  | SCMAudit | user=jenkins1000 | ip=192.168.34.23 | op=SEND_HEARTBEAT {datanodeUUID=430f0a46-4fd4-4998-b8d2-ebf7f49c572d, command=[]} | ret=SUCCESS |  
2019-08-21 11:14:40,639 | INFO  | SCMAudit | user=jenkins1000 | ip=192.168.34.23 | op=SEND_HEARTBEAT {datanodeUUID=f4b96d6d-5834-4237-9c77-9d8fb94db68a, command=[]} | ret=SUCCESS |  
2019-08-21 11:14:40,662 [EventQueue-StaleNodeForStaleNodeHandler] INFO  node.StaleNodeHandler (StaleNodeHandler.java:onMessage(58)) - Datanode 0fe68b61-2b3a-4f4f-aa8a-648d7c166cbb{ip: 192.168.34.23, host: pr-hdds-1937-2b42m-2998290358, networkLocation: /default-rack, certSerialId: null} moved to stale state. Finalizing its pipelines [PipelineID=78f8ddc1-268d-4d65-a925-3bf21a545b4a, PipelineID=4dd38366-85b3-4b4b-bf76-9d273ef9328c]
2019-08-21 11:14:40,662 [EventQueue-StaleNodeForStaleNodeHandler] INFO  pipeline.SCMPipelineManager (SCMPipelineManager.java:finalizeAndDestroyPipeline(309)) - destroying pipeline:Pipeline[ Id: 78f8ddc1-268d-4d65-a925-3bf21a545b4a, Nodes: 0fe68b61-2b3a-4f4f-aa8a-648d7c166cbb{ip: 192.168.34.23, host: pr-hdds-1937-2b42m-2998290358, networkLocation: /default-rack, certSerialId: null}, Type:RATIS, Factor:ONE, State:OPEN]
2019-08-21 11:14:40,662 [EventQueue-StaleNodeForStaleNodeHandler] INFO  pipeline.PipelineStateManager (PipelineStateManager.java:finalizePipeline(123)) - Pipeline Pipeline[ Id: 78f8ddc1-268d-4d65-a925-3bf21a545b4a, Nodes: 0fe68b61-2b3a-4f4f-aa8a-648d7c166cbb{ip: 192.168.34.23, host: pr-hdds-1937-2b42m-2998290358, networkLocation: /default-rack, certSerialId: null}, Type:RATIS, Factor:ONE, State:CLOSED] moved to CLOSED state
2019-08-21 11:14:40,663 [EventQueue-StaleNodeForStaleNodeHandler] INFO  pipeline.SCMPipelineManager (SCMPipelineManager.java:finalizeAndDestroyPipeline(309)) - destroying pipeline:Pipeline[ Id: 4dd38366-85b3-4b4b-bf76-9d273ef9328c, Nodes: c596a87a-a2b8-4d47-9c90-b83d93b27bce{ip: 192.168.34.23, host: pr-hdds-1937-2b42m-2998290358, networkLocation: /default-rack, certSerialId: null}0fe68b61-2b3a-4f4f-aa8a-648d7c166cbb{ip: 192.168.34.23, host: pr-hdds-1937-2b42m-2998290358, networkLocation: /default-rack, certSerialId: null}f4b96d6d-5834-4237-9c77-9d8fb94db68a{ip: 192.168.34.23, host: pr-hdds-1937-2b42m-2998290358, networkLocation: /default-rack, certSerialId: null}, Type:RATIS, Factor:THREE, State:CLOSED]
2019-08-21 11:14:41,082 | INFO  | SCMAudit | user=jenkins1000 | ip=192.168.34.23 | op=SEND_HEARTBEAT {datanodeUUID=d07e18e0-48ec-475d-bbfd-6733e1200993, command=[]} | ret=SUCCESS |  
2019-08-21 11:14:41,082 | INFO  | SCMAudit | user=jenkins1000 | ip=192.168.34.23 | op=SEND_HEARTBEAT {datanodeUUID=37412b49-a8cf-4c76-b1e5-6ab6fc3f2cc0, command=[]} | ret=SUCCESS |  
2019-08-21 11:14:41,162 [EventQueue-StaleNodeForStaleNodeHandler] INFO  node.StaleNodeHandler (StaleNodeHandler.java:onMessage(58)) - Datanode ed9e288c-0744-4497-940c-3846f34b2d6c{ip: 192.168.34.23, host: pr-hdds-1937-2b42m-2998290358, networkLocation: /default-rack, certSerialId: null} moved to stale state. Finalizing its pipelines [PipelineID=0d203911-86b4-4e9f-af22-4fa137c6d0f7, PipelineID=f6e2ed8b-9aab-45f3-8ade-4167c9dab68e]
2019-08-21 11:14:41,163 [EventQueue-StaleNodeForStaleNodeHandler] INFO  pipeline.SCMPipelineManager (SCMPipelineManager.java:finalizeAndDestroyPipeline(309)) - destroying pipeline:Pipeline[ Id: 0d203911-86b4-4e9f-af22-4fa137c6d0f7, Nodes: ed9e288c-0744-4497-940c-3846f34b2d6c{ip: 192.168.34.23, host: pr-hdds-1937-2b42m-2998290358, networkLocation: /default-rack, certSerialId: null}, Type:RATIS, Factor:ONE, State:OPEN]
2019-08-21 11:14:41,163 [EventQueue-StaleNodeForStaleNodeHandler] INFO  pipeline.PipelineStateManager (PipelineStateManager.java:finalizePipeline(123)) - Pipeline Pipeline[ Id: 0d203911-86b4-4e9f-af22-4fa137c6d0f7, Nodes: ed9e288c-0744-4497-940c-3846f34b2d6c{ip: 192.168.34.23, host: pr-hdds-1937-2b42m-2998290358, networkLocation: /default-rack, certSerialId: null}, Type:RATIS, Factor:ONE, State:CLOSED] moved to CLOSED state
2019-08-21 11:14:41,163 [EventQueue-StaleNodeForStaleNodeHandler] INFO  pipeline.SCMPipelineManager (SCMPipelineManager.java:finalizeAndDestroyPipeline(309)) - destroying pipeline:Pipeline[ Id: f6e2ed8b-9aab-45f3-8ade-4167c9dab68e, Nodes: d07e18e0-48ec-475d-bbfd-6733e1200993{ip: 192.168.34.23, host: pr-hdds-1937-2b42m-2998290358, networkLocation: /default-rack, certSerialId: null}ed9e288c-0744-4497-940c-3846f34b2d6c{ip: 192.168.34.23, host: pr-hdds-1937-2b42m-2998290358, networkLocation: /default-rack, certSerialId: null}37412b49-a8cf-4c76-b1e5-6ab6fc3f2cc0{ip: 192.168.34.23, host: pr-hdds-1937-2b42m-2998290358, networkLocation: /default-rack, certSerialId: null}, Type:RATIS, Factor:THREE, State:OPEN]
2019-08-21 11:14:41,163 [EventQueue-StaleNodeForStaleNodeHandler] INFO  pipeline.PipelineStateManager (PipelineStateManager.java:finalizePipeline(123)) - Pipeline Pipeline[ Id: f6e2ed8b-9aab-45f3-8ade-4167c9dab68e, Nodes: d07e18e0-48ec-475d-bbfd-6733e1200993{ip: 192.168.34.23, host: pr-hdds-1937-2b42m-2998290358, networkLocation: /default-rack, certSerialId: null}ed9e288c-0744-4497-940c-3846f34b2d6c{ip: 192.168.34.23, host: pr-hdds-1937-2b42m-2998290358, networkLocation: /default-rack, certSerialId: null}37412b49-a8cf-4c76-b1e5-6ab6fc3f2cc0{ip: 192.168.34.23, host: pr-hdds-1937-2b42m-2998290358, networkLocation: /default-rack, certSerialId: null}, Type:RATIS, Factor:THREE, State:CLOSED] moved to CLOSED state
2019-08-21 11:14:41,164 [EventQueue-CloseContainerForCloseContainerEventHandler] INFO  container.CloseContainerEventHandler (CloseContainerEventHandler.java:onMessage(61)) - Close container Event triggered for container : #2
2019-08-21 11:14:41,263 [main] INFO  ozoneimpl.OzoneContainer (OzoneContainer.java:stop(199)) - Attempting to stop container services.
2019-08-21 11:14:41,263 [ForkJoinPool.commonPool-worker-0] INFO  ozoneimpl.OzoneContainer (OzoneContainer.java:stop(199)) - Attempting to stop container services.
2019-08-21 11:14:41,263 [main] INFO  impl.RaftServerProxy (RaftServerProxy.java:lambda$close$4(314)) - 0fe68b61-2b3a-4f4f-aa8a-648d7c166cbb: close
2019-08-21 11:14:41,264 [ForkJoinPool.commonPool-worker-0] INFO  impl.RaftServerProxy (RaftServerProxy.java:lambda$close$4(314)) - ed9e288c-0744-4497-940c-3846f34b2d6c: close
2019-08-21 11:14:41,264 [main] INFO  impl.RaftServerImpl (RaftServerImpl.java:lambda$shutdown$3(245)) - 0fe68b61-2b3a-4f4f-aa8a-648d7c166cbb: shutdown group-3BF21A545B4A
2019-08-21 11:14:41,264 [ForkJoinPool.commonPool-worker-0] INFO  impl.RaftServerImpl (RaftServerImpl.java:lambda$shutdown$3(245)) - ed9e288c-0744-4497-940c-3846f34b2d6c: shutdown group-4FA137C6D0F7
2019-08-21 11:14:41,264 [main] INFO  util.JmxRegister (JmxRegister.java:unregister(73)) - Successfully un-registered JMX Bean with object name Ratis:service=RaftServer,group=group-3BF21A545B4A,id=0fe68b61-2b3a-4f4f-aa8a-648d7c166cbb
2019-08-21 11:14:41,265 [ForkJoinPool.commonPool-worker-0] INFO  util.JmxRegister (JmxRegister.java:unregister(73)) - Successfully un-registered JMX Bean with object name Ratis:service=RaftServer,group=group-4FA137C6D0F7,id=ed9e288c-0744-4497-940c-3846f34b2d6c
2019-08-21 11:14:41,265 [main] INFO  impl.RoleInfo (RoleInfo.java:shutdownLeaderState(104)) - 0fe68b61-2b3a-4f4f-aa8a-648d7c166cbb: shutdown LeaderState
2019-08-21 11:14:41,265 [ForkJoinPool.commonPool-worker-0] INFO  impl.RoleInfo (RoleInfo.java:shutdownLeaderState(104)) - ed9e288c-0744-4497-940c-3846f34b2d6c: shutdown LeaderState
2019-08-21 11:14:41,266 [main] INFO  impl.PendingRequests (PendingRequests.java:sendNotLeaderResponses(202)) - 0fe68b61-2b3a-4f4f-aa8a-648d7c166cbb-PendingRequests: sendNotLeaderResponses
2019-08-21 11:14:41,266 [ForkJoinPool.commonPool-worker-0] INFO  impl.PendingRequests (PendingRequests.java:sendNotLeaderResponses(202)) - ed9e288c-0744-4497-940c-3846f34b2d6c-PendingRequests: sendNotLeaderResponses
2019-08-21 11:14:41,266 [main] INFO  impl.StateMachineUpdater (StateMachineUpdater.java:stopAndJoin(115)) - StateMachineUpdater:0fe68b61-2b3a-4f4f-aa8a-648d7c166cbb:group-3BF21A545B4A: set stopIndex = 0
2019-08-21 11:14:41,266 [ForkJoinPool.commonPool-worker-0] INFO  impl.StateMachineUpdater (StateMachineUpdater.java:stopAndJoin(115)) - StateMachineUpdater:ed9e288c-0744-4497-940c-3846f34b2d6c:group-4FA137C6D0F7: set stopIndex = 0
2019-08-21 11:14:41,267 [main] INFO  impl.RaftServerImpl (ServerState.java:close(394)) - 0fe68b61-2b3a-4f4f-aa8a-648d7c166cbb:group-3BF21A545B4A closes. The last applied log index is 0
2019-08-21 11:14:41,267 [ForkJoinPool.commonPool-worker-0] INFO  impl.RaftServerImpl (ServerState.java:close(394)) - ed9e288c-0744-4497-940c-3846f34b2d6c:group-4FA137C6D0F7 closes. The last applied log index is 0
2019-08-21 11:14:41,268 [0fe68b61-2b3a-4f4f-aa8a-648d7c166cbb-SegmentedRaftLogWorker:Storage Directory /workdir/hadoop-ozone/integration-test/target/test-dir/MiniOzoneClusterImpl-d193021e-39f1-4dac-9bda-16b6316a9a0a/datanode-3/data/ratis/78f8ddc1-268d-4d65-a925-3bf21a545b4a] INFO  segmented.SegmentedRaftLogWorker (SegmentedRaftLogWorker.java:run(313)) - 0fe68b61-2b3a-4f4f-aa8a-648d7c166cbb-SegmentedRaftLogWorker:Storage Directory /workdir/hadoop-ozone/integration-test/target/test-dir/MiniOzoneClusterImpl-d193021e-39f1-4dac-9bda-16b6316a9a0a/datanode-3/data/ratis/78f8ddc1-268d-4d65-a925-3bf21a545b4a was interrupted, exiting. There are 0 tasks remaining in the queue.
2019-08-21 11:14:41,268 [ed9e288c-0744-4497-940c-3846f34b2d6c-SegmentedRaftLogWorker:Storage Directory /workdir/hadoop-ozone/integration-test/target/test-dir/MiniOzoneClusterImpl-d193021e-39f1-4dac-9bda-16b6316a9a0a/datanode-1/data/ratis/0d203911-86b4-4e9f-af22-4fa137c6d0f7] INFO  segmented.SegmentedRaftLogWorker (SegmentedRaftLogWorker.java:run(313)) - ed9e288c-0744-4497-940c-3846f34b2d6c-SegmentedRaftLogWorker:Storage Directory /workdir/hadoop-ozone/integration-test/target/test-dir/MiniOzoneClusterImpl-d193021e-39f1-4dac-9bda-16b6316a9a0a/datanode-1/data/ratis/0d203911-86b4-4e9f-af22-4fa137c6d0f7 was interrupted, exiting. There are 0 tasks remaining in the queue.
2019-08-21 11:14:41,271 [main] INFO  segmented.SegmentedRaftLogWorker (SegmentedRaftLogWorker.java:close(228)) - 0fe68b61-2b3a-4f4f-aa8a-648d7c166cbb-SegmentedRaftLogWorker:Storage Directory /workdir/hadoop-ozone/integration-test/target/test-dir/MiniOzoneClusterImpl-d193021e-39f1-4dac-9bda-16b6316a9a0a/datanode-3/data/ratis/78f8ddc1-268d-4d65-a925-3bf21a545b4a close()
2019-08-21 11:14:41,273 [ForkJoinPool.commonPool-worker-0] INFO  segmented.SegmentedRaftLogWorker (SegmentedRaftLogWorker.java:close(228)) - ed9e288c-0744-4497-940c-3846f34b2d6c-SegmentedRaftLogWorker:Storage Directory /workdir/hadoop-ozone/integration-test/target/test-dir/MiniOzoneClusterImpl-d193021e-39f1-4dac-9bda-16b6316a9a0a/datanode-1/data/ratis/0d203911-86b4-4e9f-af22-4fa137c6d0f7 close()
2019-08-21 11:14:41,277 [main] INFO  impl.RaftServerImpl (RaftServerImpl.java:lambda$shutdown$3(245)) - 0fe68b61-2b3a-4f4f-aa8a-648d7c166cbb: shutdown group-9D273EF9328C
2019-08-21 11:14:41,281 [ForkJoinPool.commonPool-worker-0] INFO  impl.RaftServerImpl (RaftServerImpl.java:lambda$shutdown$3(245)) - ed9e288c-0744-4497-940c-3846f34b2d6c: shutdown group-4167C9DAB68E
2019-08-21 11:14:41,281 [main] INFO  util.JmxRegister (JmxRegister.java:unregister(73)) - Successfully un-registered JMX Bean with object name Ratis:service=RaftServer,group=group-9D273EF9328C,id=0fe68b61-2b3a-4f4f-aa8a-648d7c166cbb
2019-08-21 11:14:41,282 [main] INFO  impl.RoleInfo (RoleInfo.java:shutdownLeaderState(104)) - 0fe68b61-2b3a-4f4f-aa8a-648d7c166cbb: shutdown LeaderState
2019-08-21 11:14:41,282 [ForkJoinPool.commonPool-worker-0] INFO  util.JmxRegister (JmxRegister.java:unregister(73)) - Successfully un-registered JMX Bean with object name Ratis:service=RaftServer,group=group-4167C9DAB68E,id=ed9e288c-0744-4497-940c-3846f34b2d6c
2019-08-21 11:14:41,286 [org.apache.ratis.server.impl.LogAppender$AppenderDaemon$$Lambda$496/161977831@4f9d4490] WARN  server.GrpcLogAppender (GrpcLogAppender.java:mayWait(143)) - GrpcLogAppender(0fe68b61-2b3a-4f4f-aa8a-648d7c166cbb->f4b96d6d-5834-4237-9c77-9d8fb94db68a): Wait interrupted by java.lang.InterruptedException
2019-08-21 11:14:41,286 [org.apache.ratis.server.impl.LogAppender$AppenderDaemon$$Lambda$496/161977831@a9fd307] WARN  server.GrpcLogAppender (GrpcLogAppender.java:mayWait(143)) - GrpcLogAppender(0fe68b61-2b3a-4f4f-aa8a-648d7c166cbb->c596a87a-a2b8-4d47-9c90-b83d93b27bce): Wait interrupted by java.lang.InterruptedException
2019-08-21 11:14:41,286 [main] INFO  impl.PendingRequests (PendingRequests.java:sendNotLeaderResponses(202)) - 0fe68b61-2b3a-4f4f-aa8a-648d7c166cbb-PendingRequests: sendNotLeaderResponses
2019-08-21 11:14:41,287 [grpc-default-executor-11] INFO  server.GrpcServerProtocolService (GrpcServerProtocolService.java:onCompleted(104)) - f4b96d6d-5834-4237-9c77-9d8fb94db68a: appendEntries completed
2019-08-21 11:14:41,286 [ForkJoinPool.commonPool-worker-0] INFO  impl.RoleInfo (RoleInfo.java:shutdownFollowerState(121)) - ed9e288c-0744-4497-940c-3846f34b2d6c: shutdown FollowerState
2019-08-21 11:14:41,288 [ForkJoinPool.commonPool-worker-0] INFO  impl.StateMachineUpdater (StateMachineUpdater.java:stopAndJoin(115)) - StateMachineUpdater:ed9e288c-0744-4497-940c-3846f34b2d6c:group-4167C9DAB68E: set stopIndex = 16
2019-08-21 11:14:41,288 [Thread-3434] INFO  impl.FollowerState (FollowerState.java:run(114)) - ed9e288c-0744-4497-940c-3846f34b2d6c: FollowerState was interrupted: java.lang.InterruptedException: sleep interrupted
2019-08-21 11:14:41,288 [StateMachineUpdater:ed9e288c-0744-4497-940c-3846f34b2d6c:group-4167C9DAB68E] INFO  ratis.ContainerStateMachine (ContainerStateMachine.java:takeSnapshot(283)) - group-4167C9DAB68E: Taking a snapshot at:(t:1, i:14) file /workdir/hadoop-ozone/integration-test/target/test-dir/MiniOzoneClusterImpl-d193021e-39f1-4dac-9bda-16b6316a9a0a/datanode-1/data/ratis/f6e2ed8b-9aab-45f3-8ade-4167c9dab68e/sm/snapshot.1_14
2019-08-21 11:14:41,288 [grpc-default-executor-11] INFO  server.GrpcLogAppender (GrpcLogAppender.java:onCompleted(292)) - 0fe68b61-2b3a-4f4f-aa8a-648d7c166cbb->f4b96d6d-5834-4237-9c77-9d8fb94db68a: follower responses appendEntries COMPLETED
2019-08-21 11:14:41,290 [Thread-3605] INFO  client.GrpcClientProtocolService (GrpcClientProtocolService.java:lambda$processClientRequest$0(278)) - Failed RaftClientRequest:client-0371F447DE3D->0fe68b61-2b3a-4f4f-aa8a-648d7c166cbb@group-9D273EF9328C, cid=192, seq=0, Watch-ALL_COMMITTED(22), Message:<EMPTY>, reply=RaftClientReply:client-0371F447DE3D->0fe68b61-2b3a-4f4f-aa8a-648d7c166cbb@group-9D273EF9328C, cid=192, FAILED org.apache.ratis.protocol.NotLeaderException: Server 0fe68b61-2b3a-4f4f-aa8a-648d7c166cbb is not the leader (null). Request must be sent to leader., logIndex=0, commits[0fe68b61-2b3a-4f4f-aa8a-648d7c166cbb:c24]
2019-08-21 11:14:41,290 [Thread-3604] INFO  client.GrpcClientProtocolService (GrpcClientProtocolService.java:lambda$processClientRequest$0(278)) - Failed RaftClientRequest:client-0371F447DE3D->0fe68b61-2b3a-4f4f-aa8a-648d7c166cbb@group-9D273EF9328C, cid=192, seq=0, Watch-ALL_COMMITTED(22), Message:<EMPTY>, reply=RaftClientReply:client-0371F447DE3D->0fe68b61-2b3a-4f4f-aa8a-648d7c166cbb@group-9D273EF9328C, cid=192, FAILED org.apache.ratis.protocol.NotLeaderException: Server 0fe68b61-2b3a-4f4f-aa8a-648d7c166cbb is not the leader (null). Request must be sent to leader., logIndex=0, commits[0fe68b61-2b3a-4f4f-aa8a-648d7c166cbb:c24]
2019-08-21 11:14:41,290 [StateMachineUpdater:0fe68b61-2b3a-4f4f-aa8a-648d7c166cbb:group-9D273EF9328C] INFO  ratis.ContainerStateMachine (ContainerStateMachine.java:takeSnapshot(283)) - group-9D273EF9328C: Taking a snapshot at:(t:1, i:23) file /workdir/hadoop-ozone/integration-test/target/test-dir/MiniOzoneClusterImpl-d193021e-39f1-4dac-9bda-16b6316a9a0a/datanode-3/data/ratis/4dd38366-85b3-4b4b-bf76-9d273ef9328c/sm/snapshot.1_23
2019-08-21 11:14:41,290 [main] INFO  impl.StateMachineUpdater (StateMachineUpdater.java:stopAndJoin(115)) - StateMachineUpdater:0fe68b61-2b3a-4f4f-aa8a-648d7c166cbb:group-9D273EF9328C: set stopIndex = 24
2019-08-21 11:14:41,293 [grpc-default-executor-11] INFO  impl.FollowerInfo (FollowerInfo.java:lambda$new$0(50)) - 0fe68b61-2b3a-4f4f-aa8a-648d7c166cbb->f4b96d6d-5834-4237-9c77-9d8fb94db68a: nextIndex: updateUnconditionally 25 -> 24
2019-08-21 11:14:41,294 [grpc-default-executor-12] INFO  client.GrpcClientProtocolClient (GrpcClientProtocolClient.java:onNext(255)) - client-0371F447DE3D->0fe68b61-2b3a-4f4f-aa8a-648d7c166cbb: receive RaftClientReply:client-0371F447DE3D->0fe68b61-2b3a-4f4f-aa8a-648d7c166cbb@group-9D273EF9328C, cid=192, FAILED org.apache.ratis.protocol.NotLeaderException: Server 0fe68b61-2b3a-4f4f-aa8a-648d7c166cbb is not the leader (null). Request must be sent to leader., logIndex=0, commits[0fe68b61-2b3a-4f4f-aa8a-648d7c166cbb:c24]
2019-08-21 11:14:41,295 [grpc-default-executor-12] INFO  client.GrpcClientProtocolClient (GrpcClientProtocolClient.java:onNext(255)) - client-0371F447DE3D->0fe68b61-2b3a-4f4f-aa8a-648d7c166cbb: receive RaftClientReply:client-0371F447DE3D->0fe68b61-2b3a-4f4f-aa8a-648d7c166cbb@group-9D273EF9328C, cid=192, FAILED org.apache.ratis.protocol.NotLeaderException: Server 0fe68b61-2b3a-4f4f-aa8a-648d7c166cbb is not the leader (null). Request must be sent to leader., logIndex=0, commits[0fe68b61-2b3a-4f4f-aa8a-648d7c166cbb:c24]
2019-08-21 11:14:41,307 [StateMachineUpdater:0fe68b61-2b3a-4f4f-aa8a-648d7c166cbb:group-9D273EF9328C] INFO  ratis.ContainerStateMachine (ContainerStateMachine.java:takeSnapshot(294)) - group-9D273EF9328C: Finished taking a snapshot at:(t:1, i:23) file:/workdir/hadoop-ozone/integration-test/target/test-dir/MiniOzoneClusterImpl-d193021e-39f1-4dac-9bda-16b6316a9a0a/datanode-3/data/ratis/4dd38366-85b3-4b4b-bf76-9d273ef9328c/sm/snapshot.1_23 time:16
2019-08-21 11:14:41,307 [StateMachineUpdater:ed9e288c-0744-4497-940c-3846f34b2d6c:group-4167C9DAB68E] INFO  ratis.ContainerStateMachine (ContainerStateMachine.java:takeSnapshot(294)) - group-4167C9DAB68E: Finished taking a snapshot at:(t:1, i:14) file:/workdir/hadoop-ozone/integration-test/target/test-dir/MiniOzoneClusterImpl-d193021e-39f1-4dac-9bda-16b6316a9a0a/datanode-1/data/ratis/f6e2ed8b-9aab-45f3-8ade-4167c9dab68e/sm/snapshot.1_14 time:19
2019-08-21 11:14:41,307 [StateMachineUpdater:0fe68b61-2b3a-4f4f-aa8a-648d7c166cbb:group-9D273EF9328C] INFO  impl.StateMachineUpdater (StateMachineUpdater.java:takeSnapshot(242)) - StateMachineUpdater:0fe68b61-2b3a-4f4f-aa8a-648d7c166cbb:group-9D273EF9328C: Took a snapshot at index 23
2019-08-21 11:14:41,307 [StateMachineUpdater:ed9e288c-0744-4497-940c-3846f34b2d6c:group-4167C9DAB68E] INFO  impl.StateMachineUpdater (StateMachineUpdater.java:takeSnapshot(242)) - StateMachineUpdater:ed9e288c-0744-4497-940c-3846f34b2d6c:group-4167C9DAB68E: Took a snapshot at index 14
2019-08-21 11:14:41,307 [StateMachineUpdater:0fe68b61-2b3a-4f4f-aa8a-648d7c166cbb:group-9D273EF9328C] INFO  impl.StateMachineUpdater (StateMachineUpdater.java:lambda$new$0(80)) - StateMachineUpdater:0fe68b61-2b3a-4f4f-aa8a-648d7c166cbb:group-9D273EF9328C: snapshotIndex: updateIncreasingly -1 -> 23
2019-08-21 11:14:41,307 [StateMachineUpdater:ed9e288c-0744-4497-940c-3846f34b2d6c:group-4167C9DAB68E] INFO  impl.StateMachineUpdater (StateMachineUpdater.java:lambda$new$0(80)) - StateMachineUpdater:ed9e288c-0744-4497-940c-3846f34b2d6c:group-4167C9DAB68E: snapshotIndex: updateIncreasingly -1 -> 14
2019-08-21 11:14:41,307 [main] INFO  impl.RaftServerImpl (ServerState.java:close(394)) - 0fe68b61-2b3a-4f4f-aa8a-648d7c166cbb:group-9D273EF9328C closes. The last applied log index is 24
2019-08-21 11:14:41,308 [ForkJoinPool.commonPool-worker-0] INFO  impl.RaftServerImpl (ServerState.java:close(394)) - ed9e288c-0744-4497-940c-3846f34b2d6c:group-4167C9DAB68E closes. The last applied log index is 16
2019-08-21 11:14:41,308 [0fe68b61-2b3a-4f4f-aa8a-648d7c166cbb-SegmentedRaftLogWorker:Storage Directory /workdir/hadoop-ozone/integration-test/target/test-dir/MiniOzoneClusterImpl-d193021e-39f1-4dac-9bda-16b6316a9a0a/datanode-3/data/ratis/4dd38366-85b3-4b4b-bf76-9d273ef9328c] INFO  segmented.SegmentedRaftLogWorker (SegmentedRaftLogWorker.java:run(313)) - 0fe68b61-2b3a-4f4f-aa8a-648d7c166cbb-SegmentedRaftLogWorker:Storage Directory /workdir/hadoop-ozone/integration-test/target/test-dir/MiniOzoneClusterImpl-d193021e-39f1-4dac-9bda-16b6316a9a0a/datanode-3/data/ratis/4dd38366-85b3-4b4b-bf76-9d273ef9328c was interrupted, exiting. There are 0 tasks remaining in the queue.
2019-08-21 11:14:41,308 [ed9e288c-0744-4497-940c-3846f34b2d6c-SegmentedRaftLogWorker:Storage Directory /workdir/hadoop-ozone/integration-test/target/test-dir/MiniOzoneClusterImpl-d193021e-39f1-4dac-9bda-16b6316a9a0a/datanode-1/data/ratis/f6e2ed8b-9aab-45f3-8ade-4167c9dab68e] INFO  segmented.SegmentedRaftLogWorker (SegmentedRaftLogWorker.java:run(313)) - ed9e288c-0744-4497-940c-3846f34b2d6c-SegmentedRaftLogWorker:Storage Directory /workdir/hadoop-ozone/integration-test/target/test-dir/MiniOzoneClusterImpl-d193021e-39f1-4dac-9bda-16b6316a9a0a/datanode-1/data/ratis/f6e2ed8b-9aab-45f3-8ade-4167c9dab68e was interrupted, exiting. There are 0 tasks remaining in the queue.
2019-08-21 11:14:41,310 [main] INFO  segmented.SegmentedRaftLogWorker (SegmentedRaftLogWorker.java:close(228)) - 0fe68b61-2b3a-4f4f-aa8a-648d7c166cbb-SegmentedRaftLogWorker:Storage Directory /workdir/hadoop-ozone/integration-test/target/test-dir/MiniOzoneClusterImpl-d193021e-39f1-4dac-9bda-16b6316a9a0a/datanode-3/data/ratis/4dd38366-85b3-4b4b-bf76-9d273ef9328c close()
2019-08-21 11:14:41,312 [ForkJoinPool.commonPool-worker-0] INFO  segmented.SegmentedRaftLogWorker (SegmentedRaftLogWorker.java:close(228)) - ed9e288c-0744-4497-940c-3846f34b2d6c-SegmentedRaftLogWorker:Storage Directory /workdir/hadoop-ozone/integration-test/target/test-dir/MiniOzoneClusterImpl-d193021e-39f1-4dac-9bda-16b6316a9a0a/datanode-1/data/ratis/f6e2ed8b-9aab-45f3-8ade-4167c9dab68e close()
2019-08-21 11:14:41,315 [main] INFO  server.GrpcService (GrpcService.java:closeImpl(155)) - 0fe68b61-2b3a-4f4f-aa8a-648d7c166cbb: shutdown server with port 46762 now
2019-08-21 11:14:41,318 [ForkJoinPool.commonPool-worker-0] INFO  server.GrpcService (GrpcService.java:closeImpl(155)) - ed9e288c-0744-4497-940c-3846f34b2d6c: shutdown server with port 45303 now
2019-08-21 11:14:41,328 [grpc-default-executor-14] WARN  client.GrpcClientProtocolService (LogUtils.java:warn(134)) - 3-UnorderedRequestStreamObserver3: onError: org.apache.ratis.thirdparty.io.grpc.StatusRuntimeException: CANCELLED: cancelled before receiving half close
2019-08-21 11:14:41,329 [ForkJoinPool.commonPool-worker-0] INFO  server.GrpcService (GrpcService.java:closeImpl(163)) - ed9e288c-0744-4497-940c-3846f34b2d6c: shutdown server with port 45303 successfully
2019-08-21 11:14:41,329 [grpc-default-executor-13] WARN  server.GrpcServerProtocolService (LogUtils.java:warn(134)) - ed9e288c-0744-4497-940c-3846f34b2d6c: appendEntries onError: org.apache.ratis.thirdparty.io.grpc.StatusRuntimeException: CANCELLED: cancelled before receiving half close
2019-08-21 11:14:41,329 [main] INFO  server.GrpcService (GrpcService.java:closeImpl(163)) - 0fe68b61-2b3a-4f4f-aa8a-648d7c166cbb: shutdown server with port 46762 successfully
2019-08-21 11:14:41,329 [grpc-default-executor-13] WARN  server.GrpcLogAppender (LogUtils.java:warn(134)) - d07e18e0-48ec-475d-bbfd-6733e1200993->ed9e288c-0744-4497-940c-3846f34b2d6c: Failed appendEntries: org.apache.ratis.thirdparty.io.grpc.StatusRuntimeException: CANCELLED: HTTP/2 error code: CANCEL
Received Rst Stream
2019-08-21 11:14:41,330 [grpc-default-executor-13] INFO  impl.FollowerInfo (FollowerInfo.java:lambda$new$0(50)) - d07e18e0-48ec-475d-bbfd-6733e1200993->ed9e288c-0744-4497-940c-3846f34b2d6c: nextIndex: updateUnconditionally 17 -> 16
2019-08-21 11:14:41,331 [main] INFO  utils.BackgroundService (BackgroundService.java:shutdown(148)) - Shutting down service BlockDeletingService
2019-08-21 11:14:41,334 [ForkJoinPool.commonPool-worker-0] INFO  utils.BackgroundService (BackgroundService.java:shutdown(148)) - Shutting down service BlockDeletingService
2019-08-21 11:14:41,337 [refreshUsed-/workdir/hadoop-ozone/integration-test/target/test-dir/MiniOzoneClusterImpl-d193021e-39f1-4dac-9bda-16b6316a9a0a/datanode-3/data/containers] WARN  fs.CachingGetSpaceUsed (CachingGetSpaceUsed.java:run(183)) - Thread Interrupted waiting to refresh disk information: sleep interrupted
2019-08-21 11:14:41,337 [refreshUsed-/workdir/hadoop-ozone/integration-test/target/test-dir/MiniOzoneClusterImpl-d193021e-39f1-4dac-9bda-16b6316a9a0a/datanode-1/data/containers] WARN  fs.CachingGetSpaceUsed (CachingGetSpaceUsed.java:run(183)) - Thread Interrupted waiting to refresh disk information: sleep interrupted
2019-08-21 11:14:41,349 | INFO  | SCMAudit | user=jenkins1000 | ip=192.168.34.23 | op=SEND_HEARTBEAT {datanodeUUID=430f0a46-4fd4-4998-b8d2-ebf7f49c572d, command=[]} | ret=SUCCESS |  
2019-08-21 11:14:41,357 [ForkJoinPool.commonPool-worker-0] INFO  statemachine.DatanodeStateMachine (DatanodeStateMachine.java:stopDaemon(395)) - Ozone container server stopped.
2019-08-21 11:14:41,364 [ForkJoinPool.commonPool-worker-0] INFO  handler.ContextHandler (ContextHandler.java:doStop(910)) - Stopped o.e.j.w.WebAppContext@6124a7c0{/,null,UNAVAILABLE}{/hddsDatanode}
2019-08-21 11:14:41,369 [main] INFO  statemachine.DatanodeStateMachine (DatanodeStateMachine.java:stopDaemon(395)) - Ozone container server stopped.
2019-08-21 11:14:41,370 [ForkJoinPool.commonPool-worker-0] INFO  server.AbstractConnector (AbstractConnector.java:doStop(318)) - Stopped ServerConnector@77a13162{HTTP/1.1,[http/1.1]}{0.0.0.0:0}
2019-08-21 11:14:41,372 [ForkJoinPool.commonPool-worker-0] INFO  handler.ContextHandler (ContextHandler.java:doStop(910)) - Stopped o.e.j.s.ServletContextHandler@475a8415{/static,jar:file:/home/user/.m2/repository/org/apache/hadoop/hadoop-hdds-container-service/0.5.0-SNAPSHOT/hadoop-hdds-container-service-0.5.0-SNAPSHOT.jar!/webapps/static,UNAVAILABLE}
2019-08-21 11:14:41,374 [ForkJoinPool.commonPool-worker-0] INFO  handler.ContextHandler (ContextHandler.java:doStop(910)) - Stopped o.e.j.s.ServletContextHandler@6179af64{/logs,file:///workdir/hadoop-ozone/integration-test/target/log,UNAVAILABLE}
2019-08-21 11:14:41,374 [main] INFO  handler.ContextHandler (ContextHandler.java:doStop(910)) - Stopped o.e.j.w.WebAppContext@58f05266{/,null,UNAVAILABLE}{/hddsDatanode}
2019-08-21 11:14:41,375 [ForkJoinPool.commonPool-worker-0] INFO  datanode.ObjectStoreHandler (ObjectStoreHandler.java:close(155)) - Closing ObjectStoreHandler.
2019-08-21 11:14:41,375 [ForkJoinPool.commonPool-worker-0] INFO  ozone.HddsDatanodeService (HddsDatanodeService.java:stop(451)) - Stopped plug-in org.apache.hadoop.ozone.web.OzoneHddsDatanodeService@19544627
2019-08-21 11:14:41,375 [main] INFO  server.AbstractConnector (AbstractConnector.java:doStop(318)) - Stopped ServerConnector@2b3ac26d{HTTP/1.1,[http/1.1]}{0.0.0.0:0}
2019-08-21 11:14:41,376 [main] INFO  handler.ContextHandler (ContextHandler.java:doStop(910)) - Stopped o.e.j.s.ServletContextHandler@1da53092{/static,jar:file:/home/user/.m2/repository/org/apache/hadoop/hadoop-hdds-container-service/0.5.0-SNAPSHOT/hadoop-hdds-container-service-0.5.0-SNAPSHOT.jar!/webapps/static,UNAVAILABLE}
2019-08-21 11:14:41,377 [main] INFO  handler.ContextHandler (ContextHandler.java:doStop(910)) - Stopped o.e.j.s.ServletContextHandler@7d29fc6{/logs,file:///workdir/hadoop-ozone/integration-test/target/log,UNAVAILABLE}
2019-08-21 11:14:41,378 [main] INFO  datanode.ObjectStoreHandler (ObjectStoreHandler.java:close(155)) - Closing ObjectStoreHandler.
2019-08-21 11:14:41,378 [main] INFO  ozone.HddsDatanodeService (HddsDatanodeService.java:stop(451)) - Stopped plug-in org.apache.hadoop.ozone.web.OzoneHddsDatanodeService@2a9e261d
2019-08-21 11:14:41,639 | INFO  | SCMAudit | user=jenkins1000 | ip=192.168.34.23 | op=SEND_HEARTBEAT {datanodeUUID=f4b96d6d-5834-4237-9c77-9d8fb94db68a, command=[]} | ret=SUCCESS |  
2019-08-21 11:14:42,082 [Datanode State Machine Thread - 0] INFO  statemachine.DatanodeStateMachine (DatanodeStateMachine.java:lambda$startDaemon$0(350)) - Ozone container server started.
2019-08-21 11:14:42,083 | INFO  | SCMAudit | user=jenkins1000 | ip=192.168.34.23 | op=SEND_HEARTBEAT {datanodeUUID=d07e18e0-48ec-475d-bbfd-6733e1200993, command=[commandType: closeContainerCommand closeContainerCommandProto { containerID: 2 pipelineID { id: "f6e2ed8b-9aab-45f3-8ade-4167c9dab68e" } cmdId: 2 force: false } ]} | ret=SUCCESS |  
2019-08-21 11:14:42,349 [Datanode State Machine Thread - 0] INFO  statemachine.DatanodeStateMachine (DatanodeStateMachine.java:lambda$startDaemon$0(350)) - Ozone container server started.
2019-08-21 11:14:42,640 | INFO  | SCMAudit | user=jenkins1000 | ip=192.168.34.23 | op=SEND_HEARTBEAT {datanodeUUID=f4b96d6d-5834-4237-9c77-9d8fb94db68a, command=[]} | ret=SUCCESS |  
2019-08-21 11:14:43,083 | INFO  | SCMAudit | user=jenkins1000 | ip=192.168.34.23 | op=SEND_HEARTBEAT {datanodeUUID=d07e18e0-48ec-475d-bbfd-6733e1200993, command=[]} | ret=SUCCESS |  
2019-08-21 11:14:43,640 | INFO  | SCMAudit | user=jenkins1000 | ip=192.168.34.23 | op=SEND_HEARTBEAT {datanodeUUID=f4b96d6d-5834-4237-9c77-9d8fb94db68a, command=[]} | ret=SUCCESS |  
2019-08-21 11:14:43,717 [grpc-default-executor-11] WARN  server.GrpcLogAppender (LogUtils.java:warn(134)) - d07e18e0-48ec-475d-bbfd-6733e1200993->ed9e288c-0744-4497-940c-3846f34b2d6c: Failed appendEntries: org.apache.ratis.thirdparty.io.grpc.StatusRuntimeException: UNAVAILABLE: io exception
2019-08-21 11:14:43,718 [grpc-default-executor-11] INFO  impl.FollowerInfo (FollowerInfo.java:lambda$new$0(50)) - d07e18e0-48ec-475d-bbfd-6733e1200993->ed9e288c-0744-4497-940c-3846f34b2d6c: nextIndex: updateUnconditionally 16 -> 15
2019-08-21 11:14:43,938 [Thread-3611] INFO  client.GrpcClientProtocolService (GrpcClientProtocolService.java:lambda$processClientRequest$0(278)) - Failed RaftClientRequest:client-0371F447DE3D->f4b96d6d-5834-4237-9c77-9d8fb94db68a@group-9D273EF9328C, cid=192, seq=0, Watch-ALL_COMMITTED(22), Message:<EMPTY>, reply=RaftClientReply:client-0371F447DE3D->f4b96d6d-5834-4237-9c77-9d8fb94db68a@group-9D273EF9328C, cid=192, FAILED org.apache.ratis.protocol.NotLeaderException: Server f4b96d6d-5834-4237-9c77-9d8fb94db68a is not the leader (0fe68b61-2b3a-4f4f-aa8a-648d7c166cbb:192.168.34.23:46762). Request must be sent to leader., logIndex=0, commits[f4b96d6d-5834-4237-9c77-9d8fb94db68a:c24, 0fe68b61-2b3a-4f4f-aa8a-648d7c166cbb:c24, c596a87a-a2b8-4d47-9c90-b83d93b27bce:c16]
2019-08-21 11:14:43,942 [grpc-default-executor-11] INFO  client.GrpcClientProtocolClient (GrpcClientProtocolClient.java:onNext(255)) - client-0371F447DE3D->f4b96d6d-5834-4237-9c77-9d8fb94db68a: receive RaftClientReply:client-0371F447DE3D->f4b96d6d-5834-4237-9c77-9d8fb94db68a@group-9D273EF9328C, cid=192, FAILED org.apache.ratis.protocol.NotLeaderException: Server f4b96d6d-5834-4237-9c77-9d8fb94db68a is not the leader (0fe68b61-2b3a-4f4f-aa8a-648d7c166cbb:192.168.34.23:46762). Request must be sent to leader., logIndex=0, commits[f4b96d6d-5834-4237-9c77-9d8fb94db68a:c24, 0fe68b61-2b3a-4f4f-aa8a-648d7c166cbb:c24, c596a87a-a2b8-4d47-9c90-b83d93b27bce:c16]
2019-08-21 11:14:44,083 | INFO  | SCMAudit | user=jenkins1000 | ip=192.168.34.23 | op=SEND_HEARTBEAT {datanodeUUID=d07e18e0-48ec-475d-bbfd-6733e1200993, command=[]} | ret=SUCCESS |  
2019-08-21 11:14:44,098 | INFO  | SCMAudit | user=jenkins1000 | ip=192.168.34.23 | op=SEND_HEARTBEAT {datanodeUUID=d07e18e0-48ec-475d-bbfd-6733e1200993, command=[]} | ret=SUCCESS |  
2019-08-21 11:14:44,099 [grpc-default-executor-14] WARN  server.GrpcLogAppender (LogUtils.java:warn(134)) - d07e18e0-48ec-475d-bbfd-6733e1200993->ed9e288c-0744-4497-940c-3846f34b2d6c: Failed appendEntries: org.apache.ratis.thirdparty.io.grpc.StatusRuntimeException: UNAVAILABLE: io exception
2019-08-21 11:14:44,100 [grpc-default-executor-14] INFO  impl.FollowerInfo (FollowerInfo.java:lambda$new$0(50)) - d07e18e0-48ec-475d-bbfd-6733e1200993->ed9e288c-0744-4497-940c-3846f34b2d6c: nextIndex: updateUnconditionally 16 -> 15
2019-08-21 11:14:44,112 [grpc-default-executor-11] WARN  server.GrpcLogAppender (LogUtils.java:warn(134)) - d07e18e0-48ec-475d-bbfd-6733e1200993->ed9e288c-0744-4497-940c-3846f34b2d6c: Failed appendEntries: org.apache.ratis.thirdparty.io.grpc.StatusRuntimeException: UNAVAILABLE: io exception
2019-08-21 11:14:44,112 [grpc-default-executor-11] INFO  impl.FollowerInfo (FollowerInfo.java:lambda$new$0(50)) - d07e18e0-48ec-475d-bbfd-6733e1200993->ed9e288c-0744-4497-940c-3846f34b2d6c: nextIndex: updateUnconditionally 16 -> 15
2019-08-21 11:14:44,124 [grpc-default-executor-13] WARN  server.GrpcLogAppender (LogUtils.java:warn(134)) - d07e18e0-48ec-475d-bbfd-6733e1200993->ed9e288c-0744-4497-940c-3846f34b2d6c: Failed appendEntries: org.apache.ratis.thirdparty.io.grpc.StatusRuntimeException: UNAVAILABLE: io exception
2019-08-21 11:14:44,124 [grpc-default-executor-13] INFO  impl.FollowerInfo (FollowerInfo.java:lambda$new$0(50)) - d07e18e0-48ec-475d-bbfd-6733e1200993->ed9e288c-0744-4497-940c-3846f34b2d6c: nextIndex: updateUnconditionally 16 -> 15
2019-08-21 11:14:44,148 [RatisApplyTransactionExecutor 2] INFO  interfaces.Container (KeyValueContainer.java:compactDB(356)) - Container 2 is closed with bcsId 14.
2019-08-21 11:14:44,154 [RatisApplyTransactionExecutor 2] INFO  interfaces.Container (KeyValueContainer.java:compactDB(356)) - Container 2 is closed with bcsId 14.
2019-08-21 11:14:44,154 | INFO  | DNAudit | user=null | ip=null | op=CLOSE_CONTAINER {containerID=2} | ret=SUCCESS |  
2019-08-21 11:14:44,154 | INFO  | DNAudit | user=null | ip=null | op=CLOSE_CONTAINER {containerID=2} | ret=SUCCESS |  
2019-08-21 11:14:44,155 | INFO  | SCMAudit | user=jenkins1000 | ip=192.168.34.23 | op=SEND_HEARTBEAT {datanodeUUID=d07e18e0-48ec-475d-bbfd-6733e1200993, command=[]} | ret=SUCCESS |  
2019-08-21 11:14:44,155 [EventQueue-IncrementalContainerReportForIncrementalContainerReportHandler] INFO  container.IncrementalContainerReportHandler (AbstractContainerReportHandler.java:updateContainerState(176)) - Moving container #2 to CLOSED state, datanode d07e18e0-48ec-475d-bbfd-6733e1200993{ip: 192.168.34.23, host: pr-hdds-1937-2b42m-2998290358, networkLocation: /default-rack, certSerialId: null} reported CLOSED replica.
2019-08-21 11:14:44,639 | INFO  | SCMAudit | user=jenkins1000 | ip=192.168.34.23 | op=SEND_HEARTBEAT {datanodeUUID=f4b96d6d-5834-4237-9c77-9d8fb94db68a, command=[]} | ret=SUCCESS |  
2019-08-21 11:14:44,949 [Thread-3618] INFO  client.GrpcClientProtocolService (GrpcClientProtocolService.java:lambda$processClientRequest$0(278)) - Failed RaftClientRequest:client-0371F447DE3D->f4b96d6d-5834-4237-9c77-9d8fb94db68a@group-9D273EF9328C, cid=192, seq=0, Watch-ALL_COMMITTED(22), Message:<EMPTY>, reply=RaftClientReply:client-0371F447DE3D->f4b96d6d-5834-4237-9c77-9d8fb94db68a@group-9D273EF9328C, cid=192, FAILED org.apache.ratis.protocol.NotLeaderException: Server f4b96d6d-5834-4237-9c77-9d8fb94db68a is not the leader (0fe68b61-2b3a-4f4f-aa8a-648d7c166cbb:192.168.34.23:46762). Request must be sent to leader., logIndex=0, commits[f4b96d6d-5834-4237-9c77-9d8fb94db68a:c24, 0fe68b61-2b3a-4f4f-aa8a-648d7c166cbb:c24, c596a87a-a2b8-4d47-9c90-b83d93b27bce:c16]
2019-08-21 11:14:44,953 [grpc-default-executor-13] INFO  client.GrpcClientProtocolClient (GrpcClientProtocolClient.java:onNext(255)) - client-0371F447DE3D->f4b96d6d-5834-4237-9c77-9d8fb94db68a: receive RaftClientReply:client-0371F447DE3D->f4b96d6d-5834-4237-9c77-9d8fb94db68a@group-9D273EF9328C, cid=192, FAILED org.apache.ratis.protocol.NotLeaderException: Server f4b96d6d-5834-4237-9c77-9d8fb94db68a is not the leader (0fe68b61-2b3a-4f4f-aa8a-648d7c166cbb:192.168.34.23:46762). Request must be sent to leader., logIndex=0, commits[f4b96d6d-5834-4237-9c77-9d8fb94db68a:c24, 0fe68b61-2b3a-4f4f-aa8a-648d7c166cbb:c24, c596a87a-a2b8-4d47-9c90-b83d93b27bce:c16]
2019-08-21 11:14:45,155 | INFO  | SCMAudit | user=jenkins1000 | ip=192.168.34.23 | op=SEND_HEARTBEAT {datanodeUUID=d07e18e0-48ec-475d-bbfd-6733e1200993, command=[]} | ret=SUCCESS |  
2019-08-21 11:14:45,639 | INFO  | SCMAudit | user=jenkins1000 | ip=192.168.34.23 | op=SEND_HEARTBEAT {datanodeUUID=f4b96d6d-5834-4237-9c77-9d8fb94db68a, command=[]} | ret=SUCCESS |  
2019-08-21 11:14:46,154 | INFO  | SCMAudit | user=jenkins1000 | ip=192.168.34.23 | op=SEND_HEARTBEAT {datanodeUUID=d07e18e0-48ec-475d-bbfd-6733e1200993, command=[]} | ret=SUCCESS |  
2019-08-21 11:14:46,170 [EventQueue-StaleNodeForStaleNodeHandler] INFO  node.StaleNodeHandler (StaleNodeHandler.java:onMessage(58)) - Datanode 37412b49-a8cf-4c76-b1e5-6ab6fc3f2cc0{ip: 192.168.34.23, host: pr-hdds-1937-2b42m-2998290358, networkLocation: /default-rack, certSerialId: null} moved to stale state. Finalizing its pipelines [PipelineID=05301f5c-bfcf-4412-9f5d-c21655039710, PipelineID=f6e2ed8b-9aab-45f3-8ade-4167c9dab68e]
2019-08-21 11:14:46,170 [EventQueue-StaleNodeForStaleNodeHandler] INFO  pipeline.SCMPipelineManager (SCMPipelineManager.java:finalizeAndDestroyPipeline(309)) - destroying pipeline:Pipeline[ Id: 05301f5c-bfcf-4412-9f5d-c21655039710, Nodes: 37412b49-a8cf-4c76-b1e5-6ab6fc3f2cc0{ip: 192.168.34.23, host: pr-hdds-1937-2b42m-2998290358, networkLocation: /default-rack, certSerialId: null}, Type:RATIS, Factor:ONE, State:OPEN]
2019-08-21 11:14:46,170 [EventQueue-StaleNodeForStaleNodeHandler] INFO  pipeline.PipelineStateManager (PipelineStateManager.java:finalizePipeline(123)) - Pipeline Pipeline[ Id: 05301f5c-bfcf-4412-9f5d-c21655039710, Nodes: 37412b49-a8cf-4c76-b1e5-6ab6fc3f2cc0{ip: 192.168.34.23, host: pr-hdds-1937-2b42m-2998290358, networkLocation: /default-rack, certSerialId: null}, Type:RATIS, Factor:ONE, State:CLOSED] moved to CLOSED state
2019-08-21 11:14:46,171 [EventQueue-StaleNodeForStaleNodeHandler] INFO  pipeline.SCMPipelineManager (SCMPipelineManager.java:finalizeAndDestroyPipeline(309)) - destroying pipeline:Pipeline[ Id: f6e2ed8b-9aab-45f3-8ade-4167c9dab68e, Nodes: d07e18e0-48ec-475d-bbfd-6733e1200993{ip: 192.168.34.23, host: pr-hdds-1937-2b42m-2998290358, networkLocation: /default-rack, certSerialId: null}ed9e288c-0744-4497-940c-3846f34b2d6c{ip: 192.168.34.23, host: pr-hdds-1937-2b42m-2998290358, networkLocation: /default-rack, certSerialId: null}37412b49-a8cf-4c76-b1e5-6ab6fc3f2cc0{ip: 192.168.34.23, host: pr-hdds-1937-2b42m-2998290358, networkLocation: /default-rack, certSerialId: null}, Type:RATIS, Factor:THREE, State:CLOSED]
2019-08-21 11:14:46,370 [EventQueue-StaleNodeForStaleNodeHandler] INFO  node.StaleNodeHandler (StaleNodeHandler.java:onMessage(58)) - Datanode 430f0a46-4fd4-4998-b8d2-ebf7f49c572d{ip: 192.168.34.23, host: pr-hdds-1937-2b42m-2998290358, networkLocation: /default-rack, certSerialId: null} moved to stale state. Finalizing its pipelines [PipelineID=dcbee83f-6f53-4d04-92e0-dd7517de2cd3]
2019-08-21 11:14:46,370 [EventQueue-StaleNodeForStaleNodeHandler] INFO  pipeline.SCMPipelineManager (SCMPipelineManager.java:finalizeAndDestroyPipeline(309)) - destroying pipeline:Pipeline[ Id: dcbee83f-6f53-4d04-92e0-dd7517de2cd3, Nodes: 430f0a46-4fd4-4998-b8d2-ebf7f49c572d{ip: 192.168.34.23, host: pr-hdds-1937-2b42m-2998290358, networkLocation: /default-rack, certSerialId: null}, Type:RATIS, Factor:ONE, State:OPEN]
2019-08-21 11:14:46,371 [EventQueue-StaleNodeForStaleNodeHandler] INFO  pipeline.PipelineStateManager (PipelineStateManager.java:finalizePipeline(123)) - Pipeline Pipeline[ Id: dcbee83f-6f53-4d04-92e0-dd7517de2cd3, Nodes: 430f0a46-4fd4-4998-b8d2-ebf7f49c572d{ip: 192.168.34.23, host: pr-hdds-1937-2b42m-2998290358, networkLocation: /default-rack, certSerialId: null}, Type:RATIS, Factor:ONE, State:CLOSED] moved to CLOSED state
2019-08-21 11:14:46,376 [ForkJoinPool.commonPool-worker-0] INFO  ozoneimpl.OzoneContainer (OzoneContainer.java:stop(199)) - Attempting to stop container services.
2019-08-21 11:14:46,376 [ForkJoinPool.commonPool-worker-0] INFO  impl.RaftServerProxy (RaftServerProxy.java:lambda$close$4(314)) - 37412b49-a8cf-4c76-b1e5-6ab6fc3f2cc0: close
2019-08-21 11:14:46,377 [ForkJoinPool.commonPool-worker-0] INFO  impl.RaftServerImpl (RaftServerImpl.java:lambda$shutdown$3(245)) - 37412b49-a8cf-4c76-b1e5-6ab6fc3f2cc0: shutdown group-C21655039710
2019-08-21 11:14:46,377 [ForkJoinPool.commonPool-worker-0] INFO  util.JmxRegister (JmxRegister.java:unregister(73)) - Successfully un-registered JMX Bean with object name Ratis:service=RaftServer,group=group-C21655039710,id=37412b49-a8cf-4c76-b1e5-6ab6fc3f2cc0
2019-08-21 11:14:46,377 [ForkJoinPool.commonPool-worker-0] INFO  impl.RoleInfo (RoleInfo.java:shutdownLeaderState(104)) - 37412b49-a8cf-4c76-b1e5-6ab6fc3f2cc0: shutdown LeaderState
2019-08-21 11:14:46,378 [ForkJoinPool.commonPool-worker-0] INFO  impl.PendingRequests (PendingRequests.java:sendNotLeaderResponses(202)) - 37412b49-a8cf-4c76-b1e5-6ab6fc3f2cc0-PendingRequests: sendNotLeaderResponses
2019-08-21 11:14:46,378 [ForkJoinPool.commonPool-worker-0] INFO  impl.StateMachineUpdater (StateMachineUpdater.java:stopAndJoin(115)) - StateMachineUpdater:37412b49-a8cf-4c76-b1e5-6ab6fc3f2cc0:group-C21655039710: set stopIndex = 0
2019-08-21 11:14:46,378 [ForkJoinPool.commonPool-worker-0] INFO  impl.RaftServerImpl (ServerState.java:close(394)) - 37412b49-a8cf-4c76-b1e5-6ab6fc3f2cc0:group-C21655039710 closes. The last applied log index is 0
2019-08-21 11:14:46,379 [37412b49-a8cf-4c76-b1e5-6ab6fc3f2cc0-SegmentedRaftLogWorker:Storage Directory /workdir/hadoop-ozone/integration-test/target/test-dir/MiniOzoneClusterImpl-d193021e-39f1-4dac-9bda-16b6316a9a0a/datanode-2/data/ratis/05301f5c-bfcf-4412-9f5d-c21655039710] INFO  segmented.SegmentedRaftLogWorker (SegmentedRaftLogWorker.java:run(313)) - 37412b49-a8cf-4c76-b1e5-6ab6fc3f2cc0-SegmentedRaftLogWorker:Storage Directory /workdir/hadoop-ozone/integration-test/target/test-dir/MiniOzoneClusterImpl-d193021e-39f1-4dac-9bda-16b6316a9a0a/datanode-2/data/ratis/05301f5c-bfcf-4412-9f5d-c21655039710 was interrupted, exiting. There are 0 tasks remaining in the queue.
2019-08-21 11:14:46,381 [ForkJoinPool.commonPool-worker-0] INFO  segmented.SegmentedRaftLogWorker (SegmentedRaftLogWorker.java:close(228)) - 37412b49-a8cf-4c76-b1e5-6ab6fc3f2cc0-SegmentedRaftLogWorker:Storage Directory /workdir/hadoop-ozone/integration-test/target/test-dir/MiniOzoneClusterImpl-d193021e-39f1-4dac-9bda-16b6316a9a0a/datanode-2/data/ratis/05301f5c-bfcf-4412-9f5d-c21655039710 close()
2019-08-21 11:14:46,382 [main] INFO  ozoneimpl.OzoneContainer (OzoneContainer.java:stop(199)) - Attempting to stop container services.
2019-08-21 11:14:46,385 [ForkJoinPool.commonPool-worker-0] INFO  impl.RaftServerImpl (RaftServerImpl.java:lambda$shutdown$3(245)) - 37412b49-a8cf-4c76-b1e5-6ab6fc3f2cc0: shutdown group-4167C9DAB68E
2019-08-21 11:14:46,386 [main] INFO  impl.RaftServerProxy (RaftServerProxy.java:lambda$close$4(314)) - 430f0a46-4fd4-4998-b8d2-ebf7f49c572d: close
2019-08-21 11:14:46,386 [ForkJoinPool.commonPool-worker-0] INFO  util.JmxRegister (JmxRegister.java:unregister(73)) - Successfully un-registered JMX Bean with object name Ratis:service=RaftServer,group=group-4167C9DAB68E,id=37412b49-a8cf-4c76-b1e5-6ab6fc3f2cc0
2019-08-21 11:14:46,386 [main] INFO  impl.RaftServerImpl (RaftServerImpl.java:lambda$shutdown$3(245)) - 430f0a46-4fd4-4998-b8d2-ebf7f49c572d: shutdown group-DD7517DE2CD3
2019-08-21 11:14:46,386 [ForkJoinPool.commonPool-worker-0] INFO  impl.RoleInfo (RoleInfo.java:shutdownFollowerState(121)) - 37412b49-a8cf-4c76-b1e5-6ab6fc3f2cc0: shutdown FollowerState
2019-08-21 11:14:46,387 [main] INFO  util.JmxRegister (JmxRegister.java:unregister(73)) - Successfully un-registered JMX Bean with object name Ratis:service=RaftServer,group=group-DD7517DE2CD3,id=430f0a46-4fd4-4998-b8d2-ebf7f49c572d
2019-08-21 11:14:46,387 [Thread-3425] INFO  impl.FollowerState (FollowerState.java:run(114)) - 37412b49-a8cf-4c76-b1e5-6ab6fc3f2cc0: FollowerState was interrupted: java.lang.InterruptedException: sleep interrupted
2019-08-21 11:14:46,387 [StateMachineUpdater:37412b49-a8cf-4c76-b1e5-6ab6fc3f2cc0:group-4167C9DAB68E] INFO  ratis.ContainerStateMachine (ContainerStateMachine.java:takeSnapshot(283)) - group-4167C9DAB68E: Taking a snapshot at:(t:1, i:17) file /workdir/hadoop-ozone/integration-test/target/test-dir/MiniOzoneClusterImpl-d193021e-39f1-4dac-9bda-16b6316a9a0a/datanode-2/data/ratis/f6e2ed8b-9aab-45f3-8ade-4167c9dab68e/sm/snapshot.1_17
2019-08-21 11:14:46,387 [ForkJoinPool.commonPool-worker-0] INFO  impl.StateMachineUpdater (StateMachineUpdater.java:stopAndJoin(115)) - StateMachineUpdater:37412b49-a8cf-4c76-b1e5-6ab6fc3f2cc0:group-4167C9DAB68E: set stopIndex = 17
2019-08-21 11:14:46,388 [main] INFO  impl.RoleInfo (RoleInfo.java:shutdownLeaderState(104)) - 430f0a46-4fd4-4998-b8d2-ebf7f49c572d: shutdown LeaderState
2019-08-21 11:14:46,390 [main] INFO  impl.PendingRequests (PendingRequests.java:sendNotLeaderResponses(202)) - 430f0a46-4fd4-4998-b8d2-ebf7f49c572d-PendingRequests: sendNotLeaderResponses
2019-08-21 11:14:46,391 [main] INFO  impl.StateMachineUpdater (StateMachineUpdater.java:stopAndJoin(115)) - StateMachineUpdater:430f0a46-4fd4-4998-b8d2-ebf7f49c572d:group-DD7517DE2CD3: set stopIndex = 0
2019-08-21 11:14:46,391 [main] INFO  impl.RaftServerImpl (ServerState.java:close(394)) - 430f0a46-4fd4-4998-b8d2-ebf7f49c572d:group-DD7517DE2CD3 closes. The last applied log index is 0
2019-08-21 11:14:46,392 [430f0a46-4fd4-4998-b8d2-ebf7f49c572d-SegmentedRaftLogWorker:Storage Directory /workdir/hadoop-ozone/integration-test/target/test-dir/MiniOzoneClusterImpl-d193021e-39f1-4dac-9bda-16b6316a9a0a/datanode-6/data/ratis/dcbee83f-6f53-4d04-92e0-dd7517de2cd3] INFO  segmented.SegmentedRaftLogWorker (SegmentedRaftLogWorker.java:run(313)) - 430f0a46-4fd4-4998-b8d2-ebf7f49c572d-SegmentedRaftLogWorker:Storage Directory /workdir/hadoop-ozone/integration-test/target/test-dir/MiniOzoneClusterImpl-d193021e-39f1-4dac-9bda-16b6316a9a0a/datanode-6/data/ratis/dcbee83f-6f53-4d04-92e0-dd7517de2cd3 was interrupted, exiting. There are 0 tasks remaining in the queue.
2019-08-21 11:14:46,394 [main] INFO  segmented.SegmentedRaftLogWorker (SegmentedRaftLogWorker.java:close(228)) - 430f0a46-4fd4-4998-b8d2-ebf7f49c572d-SegmentedRaftLogWorker:Storage Directory /workdir/hadoop-ozone/integration-test/target/test-dir/MiniOzoneClusterImpl-d193021e-39f1-4dac-9bda-16b6316a9a0a/datanode-6/data/ratis/dcbee83f-6f53-4d04-92e0-dd7517de2cd3 close()
2019-08-21 11:14:46,397 [main] INFO  server.GrpcService (GrpcService.java:closeImpl(155)) - 430f0a46-4fd4-4998-b8d2-ebf7f49c572d: shutdown server with port 38761 now
2019-08-21 11:14:46,398 [main] INFO  server.GrpcService (GrpcService.java:closeImpl(163)) - 430f0a46-4fd4-4998-b8d2-ebf7f49c572d: shutdown server with port 38761 successfully
2019-08-21 11:14:46,399 [main] INFO  utils.BackgroundService (BackgroundService.java:shutdown(148)) - Shutting down service BlockDeletingService
2019-08-21 11:14:46,401 [refreshUsed-/workdir/hadoop-ozone/integration-test/target/test-dir/MiniOzoneClusterImpl-d193021e-39f1-4dac-9bda-16b6316a9a0a/datanode-6/data/containers] WARN  fs.CachingGetSpaceUsed (CachingGetSpaceUsed.java:run(183)) - Thread Interrupted waiting to refresh disk information: sleep interrupted
2019-08-21 11:14:46,406 [StateMachineUpdater:37412b49-a8cf-4c76-b1e5-6ab6fc3f2cc0:group-4167C9DAB68E] INFO  ratis.ContainerStateMachine (ContainerStateMachine.java:takeSnapshot(294)) - group-4167C9DAB68E: Finished taking a snapshot at:(t:1, i:17) file:/workdir/hadoop-ozone/integration-test/target/test-dir/MiniOzoneClusterImpl-d193021e-39f1-4dac-9bda-16b6316a9a0a/datanode-2/data/ratis/f6e2ed8b-9aab-45f3-8ade-4167c9dab68e/sm/snapshot.1_17 time:19
2019-08-21 11:14:46,406 [StateMachineUpdater:37412b49-a8cf-4c76-b1e5-6ab6fc3f2cc0:group-4167C9DAB68E] INFO  impl.StateMachineUpdater (StateMachineUpdater.java:takeSnapshot(242)) - StateMachineUpdater:37412b49-a8cf-4c76-b1e5-6ab6fc3f2cc0:group-4167C9DAB68E: Took a snapshot at index 17
2019-08-21 11:14:46,406 [StateMachineUpdater:37412b49-a8cf-4c76-b1e5-6ab6fc3f2cc0:group-4167C9DAB68E] INFO  impl.StateMachineUpdater (StateMachineUpdater.java:lambda$new$0(80)) - StateMachineUpdater:37412b49-a8cf-4c76-b1e5-6ab6fc3f2cc0:group-4167C9DAB68E: snapshotIndex: updateIncreasingly -1 -> 17
2019-08-21 11:14:46,407 [ForkJoinPool.commonPool-worker-0] INFO  impl.RaftServerImpl (ServerState.java:close(394)) - 37412b49-a8cf-4c76-b1e5-6ab6fc3f2cc0:group-4167C9DAB68E closes. The last applied log index is 17
2019-08-21 11:14:46,407 [37412b49-a8cf-4c76-b1e5-6ab6fc3f2cc0-SegmentedRaftLogWorker:Storage Directory /workdir/hadoop-ozone/integration-test/target/test-dir/MiniOzoneClusterImpl-d193021e-39f1-4dac-9bda-16b6316a9a0a/datanode-2/data/ratis/f6e2ed8b-9aab-45f3-8ade-4167c9dab68e] INFO  segmented.SegmentedRaftLogWorker (SegmentedRaftLogWorker.java:run(313)) - 37412b49-a8cf-4c76-b1e5-6ab6fc3f2cc0-SegmentedRaftLogWorker:Storage Directory /workdir/hadoop-ozone/integration-test/target/test-dir/MiniOzoneClusterImpl-d193021e-39f1-4dac-9bda-16b6316a9a0a/datanode-2/data/ratis/f6e2ed8b-9aab-45f3-8ade-4167c9dab68e was interrupted, exiting. There are 0 tasks remaining in the queue.
2019-08-21 11:14:46,409 [ForkJoinPool.commonPool-worker-0] INFO  segmented.SegmentedRaftLogWorker (SegmentedRaftLogWorker.java:close(228)) - 37412b49-a8cf-4c76-b1e5-6ab6fc3f2cc0-SegmentedRaftLogWorker:Storage Directory /workdir/hadoop-ozone/integration-test/target/test-dir/MiniOzoneClusterImpl-d193021e-39f1-4dac-9bda-16b6316a9a0a/datanode-2/data/ratis/f6e2ed8b-9aab-45f3-8ade-4167c9dab68e close()
2019-08-21 11:14:46,412 [ForkJoinPool.commonPool-worker-0] INFO  server.GrpcService (GrpcService.java:closeImpl(155)) - 37412b49-a8cf-4c76-b1e5-6ab6fc3f2cc0: shutdown server with port 38285 now
2019-08-21 11:14:46,413 [grpc-default-executor-11] WARN  server.GrpcServerProtocolService (LogUtils.java:warn(134)) - 37412b49-a8cf-4c76-b1e5-6ab6fc3f2cc0: appendEntries onError: org.apache.ratis.thirdparty.io.grpc.StatusRuntimeException: CANCELLED: cancelled before receiving half close
2019-08-21 11:14:46,413 [ForkJoinPool.commonPool-worker-0] INFO  server.GrpcService (GrpcService.java:closeImpl(163)) - 37412b49-a8cf-4c76-b1e5-6ab6fc3f2cc0: shutdown server with port 38285 successfully
2019-08-21 11:14:46,413 [grpc-default-executor-13] WARN  server.GrpcLogAppender (LogUtils.java:warn(134)) - d07e18e0-48ec-475d-bbfd-6733e1200993->37412b49-a8cf-4c76-b1e5-6ab6fc3f2cc0: Failed appendEntries: org.apache.ratis.thirdparty.io.grpc.StatusRuntimeException: CANCELLED: HTTP/2 error code: CANCEL
Received Rst Stream
2019-08-21 11:14:46,413 [grpc-default-executor-13] INFO  impl.FollowerInfo (FollowerInfo.java:lambda$new$0(50)) - d07e18e0-48ec-475d-bbfd-6733e1200993->37412b49-a8cf-4c76-b1e5-6ab6fc3f2cc0: nextIndex: updateUnconditionally 19 -> 18
2019-08-21 11:14:46,415 [ForkJoinPool.commonPool-worker-0] INFO  utils.BackgroundService (BackgroundService.java:shutdown(148)) - Shutting down service BlockDeletingService
2019-08-21 11:14:46,417 [refreshUsed-/workdir/hadoop-ozone/integration-test/target/test-dir/MiniOzoneClusterImpl-d193021e-39f1-4dac-9bda-16b6316a9a0a/datanode-2/data/containers] WARN  fs.CachingGetSpaceUsed (CachingGetSpaceUsed.java:run(183)) - Thread Interrupted waiting to refresh disk information: sleep interrupted
2019-08-21 11:14:46,428 [main] INFO  statemachine.DatanodeStateMachine (DatanodeStateMachine.java:stopDaemon(395)) - Ozone container server stopped.
2019-08-21 11:14:46,429 [main] INFO  handler.ContextHandler (ContextHandler.java:doStop(910)) - Stopped o.e.j.w.WebAppContext@16c559c7{/,null,UNAVAILABLE}{/hddsDatanode}
2019-08-21 11:14:46,431 [main] INFO  server.AbstractConnector (AbstractConnector.java:doStop(318)) - Stopped ServerConnector@32a7c583{HTTP/1.1,[http/1.1]}{0.0.0.0:0}
2019-08-21 11:14:46,432 [main] INFO  handler.ContextHandler (ContextHandler.java:doStop(910)) - Stopped o.e.j.s.ServletContextHandler@7aead157{/static,jar:file:/home/user/.m2/repository/org/apache/hadoop/hadoop-hdds-container-service/0.5.0-SNAPSHOT/hadoop-hdds-container-service-0.5.0-SNAPSHOT.jar!/webapps/static,UNAVAILABLE}
2019-08-21 11:14:46,432 [main] INFO  handler.ContextHandler (ContextHandler.java:doStop(910)) - Stopped o.e.j.s.ServletContextHandler@33ea437a{/logs,file:///workdir/hadoop-ozone/integration-test/target/log,UNAVAILABLE}
2019-08-21 11:14:46,434 [main] INFO  datanode.ObjectStoreHandler (ObjectStoreHandler.java:close(155)) - Closing ObjectStoreHandler.
2019-08-21 11:14:46,434 [main] INFO  ozone.HddsDatanodeService (HddsDatanodeService.java:stop(451)) - Stopped plug-in org.apache.hadoop.ozone.web.OzoneHddsDatanodeService@65c97eeb
2019-08-21 11:14:46,442 [ForkJoinPool.commonPool-worker-0] INFO  statemachine.DatanodeStateMachine (DatanodeStateMachine.java:stopDaemon(395)) - Ozone container server stopped.
2019-08-21 11:14:46,446 [ForkJoinPool.commonPool-worker-0] INFO  handler.ContextHandler (ContextHandler.java:doStop(910)) - Stopped o.e.j.w.WebAppContext@162c89ac{/,null,UNAVAILABLE}{/hddsDatanode}
2019-08-21 11:14:46,447 [ForkJoinPool.commonPool-worker-0] INFO  server.AbstractConnector (AbstractConnector.java:doStop(318)) - Stopped ServerConnector@644f033d{HTTP/1.1,[http/1.1]}{0.0.0.0:0}
2019-08-21 11:14:46,448 [ForkJoinPool.commonPool-worker-0] INFO  handler.ContextHandler (ContextHandler.java:doStop(910)) - Stopped o.e.j.s.ServletContextHandler@2eb27091{/static,jar:file:/home/user/.m2/repository/org/apache/hadoop/hadoop-hdds-container-service/0.5.0-SNAPSHOT/hadoop-hdds-container-service-0.5.0-SNAPSHOT.jar!/webapps/static,UNAVAILABLE}
2019-08-21 11:14:46,449 [ForkJoinPool.commonPool-worker-0] INFO  handler.ContextHandler (ContextHandler.java:doStop(910)) - Stopped o.e.j.s.ServletContextHandler@335cd031{/logs,file:///workdir/hadoop-ozone/integration-test/target/log,UNAVAILABLE}
2019-08-21 11:14:46,450 [ForkJoinPool.commonPool-worker-0] INFO  datanode.ObjectStoreHandler (ObjectStoreHandler.java:close(155)) - Closing ObjectStoreHandler.
2019-08-21 11:14:46,450 [ForkJoinPool.commonPool-worker-0] INFO  ozone.HddsDatanodeService (HddsDatanodeService.java:stop(451)) - Stopped plug-in org.apache.hadoop.ozone.web.OzoneHddsDatanodeService@5e8f0c54
2019-08-21 11:14:46,625 [grpc-default-executor-15] WARN  server.GrpcLogAppender (LogUtils.java:warn(134)) - d07e18e0-48ec-475d-bbfd-6733e1200993->ed9e288c-0744-4497-940c-3846f34b2d6c: Failed appendEntries: org.apache.ratis.thirdparty.io.grpc.StatusRuntimeException: UNAVAILABLE: io exception
2019-08-21 11:14:46,625 [grpc-default-executor-16] WARN  server.GrpcLogAppender (LogUtils.java:warn(134)) - d07e18e0-48ec-475d-bbfd-6733e1200993->37412b49-a8cf-4c76-b1e5-6ab6fc3f2cc0: Failed appendEntries: org.apache.ratis.thirdparty.io.grpc.StatusRuntimeException: UNAVAILABLE: io exception
2019-08-21 11:14:46,626 [grpc-default-executor-15] INFO  impl.FollowerInfo (FollowerInfo.java:lambda$new$0(50)) - d07e18e0-48ec-475d-bbfd-6733e1200993->ed9e288c-0744-4497-940c-3846f34b2d6c: nextIndex: updateUnconditionally 15 -> 14
2019-08-21 11:14:46,626 [grpc-default-executor-16] INFO  impl.FollowerInfo (FollowerInfo.java:lambda$new$0(50)) - d07e18e0-48ec-475d-bbfd-6733e1200993->37412b49-a8cf-4c76-b1e5-6ab6fc3f2cc0: nextIndex: updateUnconditionally 18 -> 17
2019-08-21 11:14:46,639 [Datanode State Machine Thread - 0] INFO  statemachine.DatanodeStateMachine (DatanodeStateMachine.java:lambda$startDaemon$0(350)) - Ozone container server started.
2019-08-21 11:14:47,154 [Datanode State Machine Thread - 0] INFO  statemachine.DatanodeStateMachine (DatanodeStateMachine.java:lambda$startDaemon$0(350)) - Ozone container server started.
2019-08-21 11:14:48,507 [Thread-3446] INFO  impl.FollowerState (FollowerState.java:run(106)) - f4b96d6d-5834-4237-9c77-9d8fb94db68a:group-9D273EF9328C changes to CANDIDATE, lastRpcTime:9578, electionTimeout:5090ms
2019-08-21 11:14:48,508 [Thread-3446] INFO  impl.RoleInfo (RoleInfo.java:shutdownFollowerState(121)) - f4b96d6d-5834-4237-9c77-9d8fb94db68a: shutdown FollowerState
2019-08-21 11:14:48,508 [Thread-3446] INFO  impl.RaftServerImpl (RaftServerImpl.java:setRole(171)) - f4b96d6d-5834-4237-9c77-9d8fb94db68a:group-9D273EF9328C changes role from FOLLOWER to CANDIDATE at term 1 for changeToCandidate
2019-08-21 11:14:48,508 [Thread-3446] INFO  impl.RoleInfo (RoleInfo.java:updateAndGet(143)) - f4b96d6d-5834-4237-9c77-9d8fb94db68a: start LeaderElection
2019-08-21 11:14:48,510 [f4b96d6d-5834-4237-9c77-9d8fb94db68a:group-9D273EF9328C:LeaderElection87] INFO  impl.RaftServerImpl (ServerState.java:setLeader(263)) - f4b96d6d-5834-4237-9c77-9d8fb94db68a:group-9D273EF9328C change Leader from 0fe68b61-2b3a-4f4f-aa8a-648d7c166cbb to null at term 1 for initElection
2019-08-21 11:14:48,524 [f4b96d6d-5834-4237-9c77-9d8fb94db68a:group-9D273EF9328C:LeaderElection87] INFO  impl.LeaderElection (LeaderElection.java:askForVotes(181)) - f4b96d6d-5834-4237-9c77-9d8fb94db68a:group-9D273EF9328C:LeaderElection87: begin an election at term 2 for 0: [f4b96d6d-5834-4237-9c77-9d8fb94db68a:192.168.34.23:40742, 0fe68b61-2b3a-4f4f-aa8a-648d7c166cbb:192.168.34.23:46762, c596a87a-a2b8-4d47-9c90-b83d93b27bce:192.168.34.23:41767], old=null
2019-08-21 11:14:48,527 [f4b96d6d-5834-4237-9c77-9d8fb94db68a:group-9D273EF9328C:LeaderElection87] INFO  impl.LeaderElection (LogUtils.java:infoOrTrace(149)) - f4b96d6d-5834-4237-9c77-9d8fb94db68a:group-9D273EF9328C:LeaderElection87 got exception when requesting votes: {}
java.util.concurrent.ExecutionException: org.apache.ratis.thirdparty.io.grpc.StatusRuntimeException: UNAVAILABLE: io exception
	at java.util.concurrent.FutureTask.report(FutureTask.java:122)
	at java.util.concurrent.FutureTask.get(FutureTask.java:192)
	at org.apache.ratis.server.impl.LeaderElection.waitForResults(LeaderElection.java:262)
	at org.apache.ratis.server.impl.LeaderElection.askForVotes(LeaderElection.java:200)
	at org.apache.ratis.server.impl.LeaderElection.run(LeaderElection.java:130)
	at java.lang.Thread.run(Thread.java:748)
Caused by: org.apache.ratis.thirdparty.io.grpc.StatusRuntimeException: UNAVAILABLE: io exception
	at org.apache.ratis.thirdparty.io.grpc.stub.ClientCalls.toStatusRuntimeException(ClientCalls.java:233)
	at org.apache.ratis.thirdparty.io.grpc.stub.ClientCalls.getUnchecked(ClientCalls.java:214)
	at org.apache.ratis.thirdparty.io.grpc.stub.ClientCalls.blockingUnaryCall(ClientCalls.java:139)
	at org.apache.ratis.proto.grpc.RaftServerProtocolServiceGrpc$RaftServerProtocolServiceBlockingStub.requestVote(RaftServerProtocolServiceGrpc.java:265)
	at org.apache.ratis.grpc.server.GrpcServerProtocolClient.requestVote(GrpcServerProtocolClient.java:83)
	at org.apache.ratis.grpc.server.GrpcService.requestVote(GrpcService.java:195)
	at org.apache.ratis.server.impl.LeaderElection.lambda$submitRequests$1(LeaderElection.java:237)
	at java.util.concurrent.FutureTask.run(FutureTask.java:266)
	at java.util.concurrent.Executors$RunnableAdapter.call(Executors.java:511)
	at java.util.concurrent.FutureTask.run(FutureTask.java:266)
	at java.util.concurrent.ThreadPoolExecutor.runWorker(ThreadPoolExecutor.java:1149)
	at java.util.concurrent.ThreadPoolExecutor$Worker.run(ThreadPoolExecutor.java:624)
	... 1 more
Caused by: org.apache.ratis.thirdparty.io.netty.channel.AbstractChannel$AnnotatedConnectException: Connection refused: /192.168.34.23:41767
	at sun.nio.ch.SocketChannelImpl.checkConnect(Native Method)
	at sun.nio.ch.SocketChannelImpl.finishConnect(SocketChannelImpl.java:717)
	at org.apache.ratis.thirdparty.io.netty.channel.socket.nio.NioSocketChannel.doFinishConnect(NioSocketChannel.java:327)
	at org.apache.ratis.thirdparty.io.netty.channel.nio.AbstractNioChannel$AbstractNioUnsafe.finishConnect(AbstractNioChannel.java:340)
	at org.apache.ratis.thirdparty.io.netty.channel.nio.NioEventLoop.processSelectedKey(NioEventLoop.java:632)
	at org.apache.ratis.thirdparty.io.netty.channel.nio.NioEventLoop.processSelectedKeysOptimized(NioEventLoop.java:579)
	at org.apache.ratis.thirdparty.io.netty.channel.nio.NioEventLoop.processSelectedKeys(NioEventLoop.java:496)
	at org.apache.ratis.thirdparty.io.netty.channel.nio.NioEventLoop.run(NioEventLoop.java:458)
	at org.apache.ratis.thirdparty.io.netty.util.concurrent.SingleThreadEventExecutor$5.run(SingleThreadEventExecutor.java:897)
	at org.apache.ratis.thirdparty.io.netty.util.concurrent.FastThreadLocalRunnable.run(FastThreadLocalRunnable.java:30)
	... 1 more
Caused by: java.net.ConnectException: Connection refused
	... 11 more
2019-08-21 11:14:48,529 [f4b96d6d-5834-4237-9c77-9d8fb94db68a:group-9D273EF9328C:LeaderElection87] INFO  impl.LeaderElection (LogUtils.java:infoOrTrace(149)) - f4b96d6d-5834-4237-9c77-9d8fb94db68a:group-9D273EF9328C:LeaderElection87 got exception when requesting votes: {}
java.util.concurrent.ExecutionException: org.apache.ratis.thirdparty.io.grpc.StatusRuntimeException: UNAVAILABLE: io exception
	at java.util.concurrent.FutureTask.report(FutureTask.java:122)
	at java.util.concurrent.FutureTask.get(FutureTask.java:192)
	at org.apache.ratis.server.impl.LeaderElection.waitForResults(LeaderElection.java:262)
	at org.apache.ratis.server.impl.LeaderElection.askForVotes(LeaderElection.java:200)
	at org.apache.ratis.server.impl.LeaderElection.run(LeaderElection.java:130)
	at java.lang.Thread.run(Thread.java:748)
Caused by: org.apache.ratis.thirdparty.io.grpc.StatusRuntimeException: UNAVAILABLE: io exception
	at org.apache.ratis.thirdparty.io.grpc.stub.ClientCalls.toStatusRuntimeException(ClientCalls.java:233)
	at org.apache.ratis.thirdparty.io.grpc.stub.ClientCalls.getUnchecked(ClientCalls.java:214)
	at org.apache.ratis.thirdparty.io.grpc.stub.ClientCalls.blockingUnaryCall(ClientCalls.java:139)
	at org.apache.ratis.proto.grpc.RaftServerProtocolServiceGrpc$RaftServerProtocolServiceBlockingStub.requestVote(RaftServerProtocolServiceGrpc.java:265)
	at org.apache.ratis.grpc.server.GrpcServerProtocolClient.requestVote(GrpcServerProtocolClient.java:83)
	at org.apache.ratis.grpc.server.GrpcService.requestVote(GrpcService.java:195)
	at org.apache.ratis.server.impl.LeaderElection.lambda$submitRequests$1(LeaderElection.java:237)
	at java.util.concurrent.FutureTask.run(FutureTask.java:266)
	at java.util.concurrent.Executors$RunnableAdapter.call(Executors.java:511)
	at java.util.concurrent.FutureTask.run(FutureTask.java:266)
	at java.util.concurrent.ThreadPoolExecutor.runWorker(ThreadPoolExecutor.java:1149)
	at java.util.concurrent.ThreadPoolExecutor$Worker.run(ThreadPoolExecutor.java:624)
	... 1 more
Caused by: org.apache.ratis.thirdparty.io.netty.channel.AbstractChannel$AnnotatedConnectException: Connection refused: /192.168.34.23:46762
	at sun.nio.ch.SocketChannelImpl.checkConnect(Native Method)
	at sun.nio.ch.SocketChannelImpl.finishConnect(SocketChannelImpl.java:717)
	at org.apache.ratis.thirdparty.io.netty.channel.socket.nio.NioSocketChannel.doFinishConnect(NioSocketChannel.java:327)
	at org.apache.ratis.thirdparty.io.netty.channel.nio.AbstractNioChannel$AbstractNioUnsafe.finishConnect(AbstractNioChannel.java:340)
	at org.apache.ratis.thirdparty.io.netty.channel.nio.NioEventLoop.processSelectedKey(NioEventLoop.java:632)
	at org.apache.ratis.thirdparty.io.netty.channel.nio.NioEventLoop.processSelectedKeysOptimized(NioEventLoop.java:579)
	at org.apache.ratis.thirdparty.io.netty.channel.nio.NioEventLoop.processSelectedKeys(NioEventLoop.java:496)
	at org.apache.ratis.thirdparty.io.netty.channel.nio.NioEventLoop.run(NioEventLoop.java:458)
	at org.apache.ratis.thirdparty.io.netty.util.concurrent.SingleThreadEventExecutor$5.run(SingleThreadEventExecutor.java:897)
	at org.apache.ratis.thirdparty.io.netty.util.concurrent.FastThreadLocalRunnable.run(FastThreadLocalRunnable.java:30)
	... 1 more
Caused by: java.net.ConnectException: Connection refused
	... 11 more
2019-08-21 11:14:48,531 [f4b96d6d-5834-4237-9c77-9d8fb94db68a:group-9D273EF9328C:LeaderElection87] INFO  impl.LeaderElection (LeaderElection.java:logAndReturn(56)) - f4b96d6d-5834-4237-9c77-9d8fb94db68a:group-9D273EF9328C:LeaderElection87: Election REJECTED; received 0 response(s) [] and 2 exception(s); f4b96d6d-5834-4237-9c77-9d8fb94db68a:t2, leader=null, voted=f4b96d6d-5834-4237-9c77-9d8fb94db68a, raftlog=f4b96d6d-5834-4237-9c77-9d8fb94db68a-SegmentedRaftLog:OPENED:c24,f24,i24, conf=0: [f4b96d6d-5834-4237-9c77-9d8fb94db68a:192.168.34.23:40742, 0fe68b61-2b3a-4f4f-aa8a-648d7c166cbb:192.168.34.23:46762, c596a87a-a2b8-4d47-9c90-b83d93b27bce:192.168.34.23:41767], old=null
2019-08-21 11:14:48,531 [f4b96d6d-5834-4237-9c77-9d8fb94db68a:group-9D273EF9328C:LeaderElection87] INFO  impl.LeaderElection (LogUtils.java:infoOrTrace(149)) -   Exception 0: {}
java.util.concurrent.ExecutionException: org.apache.ratis.thirdparty.io.grpc.StatusRuntimeException: UNAVAILABLE: io exception
	at java.util.concurrent.FutureTask.report(FutureTask.java:122)
	at java.util.concurrent.FutureTask.get(FutureTask.java:192)
	at org.apache.ratis.server.impl.LeaderElection.waitForResults(LeaderElection.java:262)
	at org.apache.ratis.server.impl.LeaderElection.askForVotes(LeaderElection.java:200)
	at org.apache.ratis.server.impl.LeaderElection.run(LeaderElection.java:130)
	at java.lang.Thread.run(Thread.java:748)
Caused by: org.apache.ratis.thirdparty.io.grpc.StatusRuntimeException: UNAVAILABLE: io exception
	at org.apache.ratis.thirdparty.io.grpc.stub.ClientCalls.toStatusRuntimeException(ClientCalls.java:233)
	at org.apache.ratis.thirdparty.io.grpc.stub.ClientCalls.getUnchecked(ClientCalls.java:214)
	at org.apache.ratis.thirdparty.io.grpc.stub.ClientCalls.blockingUnaryCall(ClientCalls.java:139)
	at org.apache.ratis.proto.grpc.RaftServerProtocolServiceGrpc$RaftServerProtocolServiceBlockingStub.requestVote(RaftServerProtocolServiceGrpc.java:265)
	at org.apache.ratis.grpc.server.GrpcServerProtocolClient.requestVote(GrpcServerProtocolClient.java:83)
	at org.apache.ratis.grpc.server.GrpcService.requestVote(GrpcService.java:195)
	at org.apache.ratis.server.impl.LeaderElection.lambda$submitRequests$1(LeaderElection.java:237)
	at java.util.concurrent.FutureTask.run(FutureTask.java:266)
	at java.util.concurrent.Executors$RunnableAdapter.call(Executors.java:511)
	at java.util.concurrent.FutureTask.run(FutureTask.java:266)
	at java.util.concurrent.ThreadPoolExecutor.runWorker(ThreadPoolExecutor.java:1149)
	at java.util.concurrent.ThreadPoolExecutor$Worker.run(ThreadPoolExecutor.java:624)
	... 1 more
Caused by: org.apache.ratis.thirdparty.io.netty.channel.AbstractChannel$AnnotatedConnectException: Connection refused: /192.168.34.23:41767
	at sun.nio.ch.SocketChannelImpl.checkConnect(Native Method)
	at sun.nio.ch.SocketChannelImpl.finishConnect(SocketChannelImpl.java:717)
	at org.apache.ratis.thirdparty.io.netty.channel.socket.nio.NioSocketChannel.doFinishConnect(NioSocketChannel.java:327)
	at org.apache.ratis.thirdparty.io.netty.channel.nio.AbstractNioChannel$AbstractNioUnsafe.finishConnect(AbstractNioChannel.java:340)
	at org.apache.ratis.thirdparty.io.netty.channel.nio.NioEventLoop.processSelectedKey(NioEventLoop.java:632)
	at org.apache.ratis.thirdparty.io.netty.channel.nio.NioEventLoop.processSelectedKeysOptimized(NioEventLoop.java:579)
	at org.apache.ratis.thirdparty.io.netty.channel.nio.NioEventLoop.processSelectedKeys(NioEventLoop.java:496)
	at org.apache.ratis.thirdparty.io.netty.channel.nio.NioEventLoop.run(NioEventLoop.java:458)
	at org.apache.ratis.thirdparty.io.netty.util.concurrent.SingleThreadEventExecutor$5.run(SingleThreadEventExecutor.java:897)
	at org.apache.ratis.thirdparty.io.netty.util.concurrent.FastThreadLocalRunnable.run(FastThreadLocalRunnable.java:30)
	... 1 more
Caused by: java.net.ConnectException: Connection refused
	... 11 more
2019-08-21 11:14:48,531 [f4b96d6d-5834-4237-9c77-9d8fb94db68a:group-9D273EF9328C:LeaderElection87] INFO  impl.LeaderElection (LogUtils.java:infoOrTrace(149)) -   Exception 1: {}
java.util.concurrent.ExecutionException: org.apache.ratis.thirdparty.io.grpc.StatusRuntimeException: UNAVAILABLE: io exception
	at java.util.concurrent.FutureTask.report(FutureTask.java:122)
	at java.util.concurrent.FutureTask.get(FutureTask.java:192)
	at org.apache.ratis.server.impl.LeaderElection.waitForResults(LeaderElection.java:262)
	at org.apache.ratis.server.impl.LeaderElection.askForVotes(LeaderElection.java:200)
	at org.apache.ratis.server.impl.LeaderElection.run(LeaderElection.java:130)
	at java.lang.Thread.run(Thread.java:748)
Caused by: org.apache.ratis.thirdparty.io.grpc.StatusRuntimeException: UNAVAILABLE: io exception
	at org.apache.ratis.thirdparty.io.grpc.stub.ClientCalls.toStatusRuntimeException(ClientCalls.java:233)
	at org.apache.ratis.thirdparty.io.grpc.stub.ClientCalls.getUnchecked(ClientCalls.java:214)
	at org.apache.ratis.thirdparty.io.grpc.stub.ClientCalls.blockingUnaryCall(ClientCalls.java:139)
	at org.apache.ratis.proto.grpc.RaftServerProtocolServiceGrpc$RaftServerProtocolServiceBlockingStub.requestVote(RaftServerProtocolServiceGrpc.java:265)
	at org.apache.ratis.grpc.server.GrpcServerProtocolClient.requestVote(GrpcServerProtocolClient.java:83)
	at org.apache.ratis.grpc.server.GrpcService.requestVote(GrpcService.java:195)
	at org.apache.ratis.server.impl.LeaderElection.lambda$submitRequests$1(LeaderElection.java:237)
	at java.util.concurrent.FutureTask.run(FutureTask.java:266)
	at java.util.concurrent.Executors$RunnableAdapter.call(Executors.java:511)
	at java.util.concurrent.FutureTask.run(FutureTask.java:266)
	at java.util.concurrent.ThreadPoolExecutor.runWorker(ThreadPoolExecutor.java:1149)
	at java.util.concurrent.ThreadPoolExecutor$Worker.run(ThreadPoolExecutor.java:624)
	... 1 more
Caused by: org.apache.ratis.thirdparty.io.netty.channel.AbstractChannel$AnnotatedConnectException: Connection refused: /192.168.34.23:46762
	at sun.nio.ch.SocketChannelImpl.checkConnect(Native Method)
	at sun.nio.ch.SocketChannelImpl.finishConnect(SocketChannelImpl.java:717)
	at org.apache.ratis.thirdparty.io.netty.channel.socket.nio.NioSocketChannel.doFinishConnect(NioSocketChannel.java:327)
	at org.apache.ratis.thirdparty.io.netty.channel.nio.AbstractNioChannel$AbstractNioUnsafe.finishConnect(AbstractNioChannel.java:340)
	at org.apache.ratis.thirdparty.io.netty.channel.nio.NioEventLoop.processSelectedKey(NioEventLoop.java:632)
	at org.apache.ratis.thirdparty.io.netty.channel.nio.NioEventLoop.processSelectedKeysOptimized(NioEventLoop.java:579)
	at org.apache.ratis.thirdparty.io.netty.channel.nio.NioEventLoop.processSelectedKeys(NioEventLoop.java:496)
	at org.apache.ratis.thirdparty.io.netty.channel.nio.NioEventLoop.run(NioEventLoop.java:458)
	at org.apache.ratis.thirdparty.io.netty.util.concurrent.SingleThreadEventExecutor$5.run(SingleThreadEventExecutor.java:897)
	at org.apache.ratis.thirdparty.io.netty.util.concurrent.FastThreadLocalRunnable.run(FastThreadLocalRunnable.java:30)
	... 1 more
Caused by: java.net.ConnectException: Connection refused
	... 11 more
2019-08-21 11:14:48,532 [f4b96d6d-5834-4237-9c77-9d8fb94db68a:group-9D273EF9328C:LeaderElection87] INFO  impl.RaftServerImpl (RaftServerImpl.java:setRole(171)) - f4b96d6d-5834-4237-9c77-9d8fb94db68a:group-9D273EF9328C changes role from CANDIDATE to FOLLOWER at term 2 for DISCOVERED_A_NEW_TERM
2019-08-21 11:14:48,532 [f4b96d6d-5834-4237-9c77-9d8fb94db68a:group-9D273EF9328C:LeaderElection87] INFO  impl.RoleInfo (RoleInfo.java:shutdownLeaderElection(134)) - f4b96d6d-5834-4237-9c77-9d8fb94db68a: shutdown LeaderElection
2019-08-21 11:14:48,532 [f4b96d6d-5834-4237-9c77-9d8fb94db68a:group-9D273EF9328C:LeaderElection87] INFO  impl.RoleInfo (RoleInfo.java:updateAndGet(143)) - f4b96d6d-5834-4237-9c77-9d8fb94db68a: start FollowerState
2019-08-21 11:14:49,125 [grpc-default-executor-16] WARN  server.GrpcLogAppender (LogUtils.java:warn(134)) - d07e18e0-48ec-475d-bbfd-6733e1200993->ed9e288c-0744-4497-940c-3846f34b2d6c: Failed appendEntries: org.apache.ratis.thirdparty.io.grpc.StatusRuntimeException: UNAVAILABLE: io exception
2019-08-21 11:14:49,125 [grpc-default-executor-14] WARN  server.GrpcLogAppender (LogUtils.java:warn(134)) - d07e18e0-48ec-475d-bbfd-6733e1200993->37412b49-a8cf-4c76-b1e5-6ab6fc3f2cc0: Failed appendEntries: org.apache.ratis.thirdparty.io.grpc.StatusRuntimeException: UNAVAILABLE: io exception
2019-08-21 11:14:49,125 [grpc-default-executor-16] INFO  impl.FollowerInfo (FollowerInfo.java:lambda$new$0(50)) - d07e18e0-48ec-475d-bbfd-6733e1200993->ed9e288c-0744-4497-940c-3846f34b2d6c: nextIndex: updateUnconditionally 14 -> 13
2019-08-21 11:14:49,126 [grpc-default-executor-14] INFO  impl.FollowerInfo (FollowerInfo.java:lambda$new$0(50)) - d07e18e0-48ec-475d-bbfd-6733e1200993->37412b49-a8cf-4c76-b1e5-6ab6fc3f2cc0: nextIndex: updateUnconditionally 17 -> 16
2019-08-21 11:14:50,676 [EventQueue-StaleNodeForStaleNodeHandler] INFO  node.StaleNodeHandler (StaleNodeHandler.java:onMessage(58)) - Datanode f4b96d6d-5834-4237-9c77-9d8fb94db68a{ip: 192.168.34.23, host: pr-hdds-1937-2b42m-2998290358, networkLocation: /default-rack, certSerialId: null} moved to stale state. Finalizing its pipelines [PipelineID=f7319299-3775-4530-9554-30b6b48b0cfc, PipelineID=4dd38366-85b3-4b4b-bf76-9d273ef9328c]
2019-08-21 11:14:50,676 [EventQueue-StaleNodeForStaleNodeHandler] INFO  pipeline.SCMPipelineManager (SCMPipelineManager.java:finalizeAndDestroyPipeline(309)) - destroying pipeline:Pipeline[ Id: f7319299-3775-4530-9554-30b6b48b0cfc, Nodes: f4b96d6d-5834-4237-9c77-9d8fb94db68a{ip: 192.168.34.23, host: pr-hdds-1937-2b42m-2998290358, networkLocation: /default-rack, certSerialId: null}, Type:RATIS, Factor:ONE, State:OPEN]
2019-08-21 11:14:50,676 [EventQueue-StaleNodeForStaleNodeHandler] INFO  pipeline.PipelineStateManager (PipelineStateManager.java:finalizePipeline(123)) - Pipeline Pipeline[ Id: f7319299-3775-4530-9554-30b6b48b0cfc, Nodes: f4b96d6d-5834-4237-9c77-9d8fb94db68a{ip: 192.168.34.23, host: pr-hdds-1937-2b42m-2998290358, networkLocation: /default-rack, certSerialId: null}, Type:RATIS, Factor:ONE, State:CLOSED] moved to CLOSED state
2019-08-21 11:14:50,677 [EventQueue-StaleNodeForStaleNodeHandler] INFO  pipeline.SCMPipelineManager (SCMPipelineManager.java:finalizeAndDestroyPipeline(309)) - destroying pipeline:Pipeline[ Id: 4dd38366-85b3-4b4b-bf76-9d273ef9328c, Nodes: c596a87a-a2b8-4d47-9c90-b83d93b27bce{ip: 192.168.34.23, host: pr-hdds-1937-2b42m-2998290358, networkLocation: /default-rack, certSerialId: null}0fe68b61-2b3a-4f4f-aa8a-648d7c166cbb{ip: 192.168.34.23, host: pr-hdds-1937-2b42m-2998290358, networkLocation: /default-rack, certSerialId: null}f4b96d6d-5834-4237-9c77-9d8fb94db68a{ip: 192.168.34.23, host: pr-hdds-1937-2b42m-2998290358, networkLocation: /default-rack, certSerialId: null}, Type:RATIS, Factor:THREE, State:CLOSED]
2019-08-21 11:14:51,176 [EventQueue-StaleNodeForStaleNodeHandler] INFO  node.StaleNodeHandler (StaleNodeHandler.java:onMessage(58)) - Datanode d07e18e0-48ec-475d-bbfd-6733e1200993{ip: 192.168.34.23, host: pr-hdds-1937-2b42m-2998290358, networkLocation: /default-rack, certSerialId: null} moved to stale state. Finalizing its pipelines [PipelineID=c6986d20-2aeb-4f7d-9191-993ca36b5328, PipelineID=f6e2ed8b-9aab-45f3-8ade-4167c9dab68e]
2019-08-21 11:14:51,177 [EventQueue-StaleNodeForStaleNodeHandler] INFO  pipeline.SCMPipelineManager (SCMPipelineManager.java:finalizeAndDestroyPipeline(309)) - destroying pipeline:Pipeline[ Id: c6986d20-2aeb-4f7d-9191-993ca36b5328, Nodes: d07e18e0-48ec-475d-bbfd-6733e1200993{ip: 192.168.34.23, host: pr-hdds-1937-2b42m-2998290358, networkLocation: /default-rack, certSerialId: null}, Type:RATIS, Factor:ONE, State:OPEN]
2019-08-21 11:14:51,177 [EventQueue-StaleNodeForStaleNodeHandler] INFO  pipeline.PipelineStateManager (PipelineStateManager.java:finalizePipeline(123)) - Pipeline Pipeline[ Id: c6986d20-2aeb-4f7d-9191-993ca36b5328, Nodes: d07e18e0-48ec-475d-bbfd-6733e1200993{ip: 192.168.34.23, host: pr-hdds-1937-2b42m-2998290358, networkLocation: /default-rack, certSerialId: null}, Type:RATIS, Factor:ONE, State:CLOSED] moved to CLOSED state
2019-08-21 11:14:51,177 [EventQueue-StaleNodeForStaleNodeHandler] INFO  pipeline.SCMPipelineManager (SCMPipelineManager.java:finalizeAndDestroyPipeline(309)) - destroying pipeline:Pipeline[ Id: f6e2ed8b-9aab-45f3-8ade-4167c9dab68e, Nodes: d07e18e0-48ec-475d-bbfd-6733e1200993{ip: 192.168.34.23, host: pr-hdds-1937-2b42m-2998290358, networkLocation: /default-rack, certSerialId: null}ed9e288c-0744-4497-940c-3846f34b2d6c{ip: 192.168.34.23, host: pr-hdds-1937-2b42m-2998290358, networkLocation: /default-rack, certSerialId: null}37412b49-a8cf-4c76-b1e5-6ab6fc3f2cc0{ip: 192.168.34.23, host: pr-hdds-1937-2b42m-2998290358, networkLocation: /default-rack, certSerialId: null}, Type:RATIS, Factor:THREE, State:CLOSED]
2019-08-21 11:14:51,435 [main] INFO  ozoneimpl.OzoneContainer (OzoneContainer.java:stop(199)) - Attempting to stop container services.
2019-08-21 11:14:51,436 [main] INFO  impl.RaftServerProxy (RaftServerProxy.java:lambda$close$4(314)) - f4b96d6d-5834-4237-9c77-9d8fb94db68a: close
2019-08-21 11:14:51,436 [main] INFO  impl.RaftServerImpl (RaftServerImpl.java:lambda$shutdown$3(245)) - f4b96d6d-5834-4237-9c77-9d8fb94db68a: shutdown group-30B6B48B0CFC
2019-08-21 11:14:51,437 [main] INFO  util.JmxRegister (JmxRegister.java:unregister(73)) - Successfully un-registered JMX Bean with object name Ratis:service=RaftServer,group=group-30B6B48B0CFC,id=f4b96d6d-5834-4237-9c77-9d8fb94db68a
2019-08-21 11:14:51,437 [main] INFO  impl.RoleInfo (RoleInfo.java:shutdownLeaderState(104)) - f4b96d6d-5834-4237-9c77-9d8fb94db68a: shutdown LeaderState
2019-08-21 11:14:51,438 [main] INFO  impl.PendingRequests (PendingRequests.java:sendNotLeaderResponses(202)) - f4b96d6d-5834-4237-9c77-9d8fb94db68a-PendingRequests: sendNotLeaderResponses
2019-08-21 11:14:51,438 [main] INFO  impl.StateMachineUpdater (StateMachineUpdater.java:stopAndJoin(115)) - StateMachineUpdater:f4b96d6d-5834-4237-9c77-9d8fb94db68a:group-30B6B48B0CFC: set stopIndex = 0
2019-08-21 11:14:51,439 [main] INFO  impl.RaftServerImpl (ServerState.java:close(394)) - f4b96d6d-5834-4237-9c77-9d8fb94db68a:group-30B6B48B0CFC closes. The last applied log index is 0
2019-08-21 11:14:51,440 [f4b96d6d-5834-4237-9c77-9d8fb94db68a-SegmentedRaftLogWorker:Storage Directory /workdir/hadoop-ozone/integration-test/target/test-dir/MiniOzoneClusterImpl-d193021e-39f1-4dac-9bda-16b6316a9a0a/datanode-5/data/ratis/f7319299-3775-4530-9554-30b6b48b0cfc] INFO  segmented.SegmentedRaftLogWorker (SegmentedRaftLogWorker.java:run(313)) - f4b96d6d-5834-4237-9c77-9d8fb94db68a-SegmentedRaftLogWorker:Storage Directory /workdir/hadoop-ozone/integration-test/target/test-dir/MiniOzoneClusterImpl-d193021e-39f1-4dac-9bda-16b6316a9a0a/datanode-5/data/ratis/f7319299-3775-4530-9554-30b6b48b0cfc was interrupted, exiting. There are 0 tasks remaining in the queue.
2019-08-21 11:14:51,442 [main] INFO  segmented.SegmentedRaftLogWorker (SegmentedRaftLogWorker.java:close(228)) - f4b96d6d-5834-4237-9c77-9d8fb94db68a-SegmentedRaftLogWorker:Storage Directory /workdir/hadoop-ozone/integration-test/target/test-dir/MiniOzoneClusterImpl-d193021e-39f1-4dac-9bda-16b6316a9a0a/datanode-5/data/ratis/f7319299-3775-4530-9554-30b6b48b0cfc close()
2019-08-21 11:14:51,450 [main] INFO  impl.RaftServerImpl (RaftServerImpl.java:lambda$shutdown$3(245)) - f4b96d6d-5834-4237-9c77-9d8fb94db68a: shutdown group-9D273EF9328C
2019-08-21 11:14:51,450 [main] INFO  util.JmxRegister (JmxRegister.java:unregister(73)) - Successfully un-registered JMX Bean with object name Ratis:service=RaftServer,group=group-9D273EF9328C,id=f4b96d6d-5834-4237-9c77-9d8fb94db68a
2019-08-21 11:14:51,451 [main] INFO  impl.RoleInfo (RoleInfo.java:shutdownFollowerState(121)) - f4b96d6d-5834-4237-9c77-9d8fb94db68a: shutdown FollowerState
2019-08-21 11:14:51,451 [main] INFO  impl.StateMachineUpdater (StateMachineUpdater.java:stopAndJoin(115)) - StateMachineUpdater:f4b96d6d-5834-4237-9c77-9d8fb94db68a:group-9D273EF9328C: set stopIndex = 24
2019-08-21 11:14:51,452 [Thread-3636] INFO  impl.FollowerState (FollowerState.java:run(114)) - f4b96d6d-5834-4237-9c77-9d8fb94db68a: FollowerState was interrupted: java.lang.InterruptedException: sleep interrupted
2019-08-21 11:14:51,452 [StateMachineUpdater:f4b96d6d-5834-4237-9c77-9d8fb94db68a:group-9D273EF9328C] INFO  ratis.ContainerStateMachine (ContainerStateMachine.java:takeSnapshot(283)) - group-9D273EF9328C: Taking a snapshot at:(t:1, i:24) file /workdir/hadoop-ozone/integration-test/target/test-dir/MiniOzoneClusterImpl-d193021e-39f1-4dac-9bda-16b6316a9a0a/datanode-5/data/ratis/4dd38366-85b3-4b4b-bf76-9d273ef9328c/sm/snapshot.1_24
2019-08-21 11:14:51,452 [ForkJoinPool.commonPool-worker-0] INFO  ozoneimpl.OzoneContainer (OzoneContainer.java:stop(199)) - Attempting to stop container services.
2019-08-21 11:14:51,454 [ForkJoinPool.commonPool-worker-0] INFO  impl.RaftServerProxy (RaftServerProxy.java:lambda$close$4(314)) - d07e18e0-48ec-475d-bbfd-6733e1200993: close
2019-08-21 11:14:51,454 [ForkJoinPool.commonPool-worker-0] INFO  impl.RaftServerImpl (RaftServerImpl.java:lambda$shutdown$3(245)) - d07e18e0-48ec-475d-bbfd-6733e1200993: shutdown group-993CA36B5328
2019-08-21 11:14:51,454 [ForkJoinPool.commonPool-worker-0] INFO  util.JmxRegister (JmxRegister.java:unregister(73)) - Successfully un-registered JMX Bean with object name Ratis:service=RaftServer,group=group-993CA36B5328,id=d07e18e0-48ec-475d-bbfd-6733e1200993
2019-08-21 11:14:51,455 [ForkJoinPool.commonPool-worker-0] INFO  impl.RoleInfo (RoleInfo.java:shutdownLeaderState(104)) - d07e18e0-48ec-475d-bbfd-6733e1200993: shutdown LeaderState
2019-08-21 11:14:51,455 [ForkJoinPool.commonPool-worker-0] INFO  impl.PendingRequests (PendingRequests.java:sendNotLeaderResponses(202)) - d07e18e0-48ec-475d-bbfd-6733e1200993-PendingRequests: sendNotLeaderResponses
2019-08-21 11:14:51,455 [ForkJoinPool.commonPool-worker-0] INFO  impl.StateMachineUpdater (StateMachineUpdater.java:stopAndJoin(115)) - StateMachineUpdater:d07e18e0-48ec-475d-bbfd-6733e1200993:group-993CA36B5328: set stopIndex = 0
2019-08-21 11:14:51,455 [ForkJoinPool.commonPool-worker-0] INFO  impl.RaftServerImpl (ServerState.java:close(394)) - d07e18e0-48ec-475d-bbfd-6733e1200993:group-993CA36B5328 closes. The last applied log index is 0
2019-08-21 11:14:51,456 [d07e18e0-48ec-475d-bbfd-6733e1200993-SegmentedRaftLogWorker:Storage Directory /workdir/hadoop-ozone/integration-test/target/test-dir/MiniOzoneClusterImpl-d193021e-39f1-4dac-9bda-16b6316a9a0a/datanode-0/data/ratis/c6986d20-2aeb-4f7d-9191-993ca36b5328] INFO  segmented.SegmentedRaftLogWorker (SegmentedRaftLogWorker.java:run(313)) - d07e18e0-48ec-475d-bbfd-6733e1200993-SegmentedRaftLogWorker:Storage Directory /workdir/hadoop-ozone/integration-test/target/test-dir/MiniOzoneClusterImpl-d193021e-39f1-4dac-9bda-16b6316a9a0a/datanode-0/data/ratis/c6986d20-2aeb-4f7d-9191-993ca36b5328 was interrupted, exiting. There are 0 tasks remaining in the queue.
2019-08-21 11:14:51,456 [ForkJoinPool.commonPool-worker-0] INFO  segmented.SegmentedRaftLogWorker (SegmentedRaftLogWorker.java:close(228)) - d07e18e0-48ec-475d-bbfd-6733e1200993-SegmentedRaftLogWorker:Storage Directory /workdir/hadoop-ozone/integration-test/target/test-dir/MiniOzoneClusterImpl-d193021e-39f1-4dac-9bda-16b6316a9a0a/datanode-0/data/ratis/c6986d20-2aeb-4f7d-9191-993ca36b5328 close()
2019-08-21 11:14:51,458 [ForkJoinPool.commonPool-worker-0] INFO  impl.RaftServerImpl (RaftServerImpl.java:lambda$shutdown$3(245)) - d07e18e0-48ec-475d-bbfd-6733e1200993: shutdown group-4167C9DAB68E
2019-08-21 11:14:51,458 [ForkJoinPool.commonPool-worker-0] INFO  util.JmxRegister (JmxRegister.java:unregister(73)) - Successfully un-registered JMX Bean with object name Ratis:service=RaftServer,group=group-4167C9DAB68E,id=d07e18e0-48ec-475d-bbfd-6733e1200993
2019-08-21 11:14:51,458 [ForkJoinPool.commonPool-worker-0] INFO  impl.RoleInfo (RoleInfo.java:shutdownLeaderState(104)) - d07e18e0-48ec-475d-bbfd-6733e1200993: shutdown LeaderState
2019-08-21 11:14:51,462 [org.apache.ratis.server.impl.LogAppender$AppenderDaemon$$Lambda$496/161977831@76069852] WARN  server.GrpcLogAppender (GrpcLogAppender.java:mayWait(143)) - GrpcLogAppender(d07e18e0-48ec-475d-bbfd-6733e1200993->ed9e288c-0744-4497-940c-3846f34b2d6c): Wait interrupted by java.lang.InterruptedException
2019-08-21 11:14:51,462 [org.apache.ratis.server.impl.LogAppender$AppenderDaemon$$Lambda$496/161977831@330418f6] WARN  server.GrpcLogAppender (GrpcLogAppender.java:mayWait(143)) - GrpcLogAppender(d07e18e0-48ec-475d-bbfd-6733e1200993->37412b49-a8cf-4c76-b1e5-6ab6fc3f2cc0): Wait interrupted by java.lang.InterruptedException
2019-08-21 11:14:51,462 [ForkJoinPool.commonPool-worker-0] INFO  impl.PendingRequests (PendingRequests.java:sendNotLeaderResponses(202)) - d07e18e0-48ec-475d-bbfd-6733e1200993-PendingRequests: sendNotLeaderResponses
2019-08-21 11:14:51,466 [ForkJoinPool.commonPool-worker-0] INFO  impl.StateMachineUpdater (StateMachineUpdater.java:stopAndJoin(115)) - StateMachineUpdater:d07e18e0-48ec-475d-bbfd-6733e1200993:group-4167C9DAB68E: set stopIndex = 18
2019-08-21 11:14:51,467 [StateMachineUpdater:d07e18e0-48ec-475d-bbfd-6733e1200993:group-4167C9DAB68E] INFO  ratis.ContainerStateMachine (ContainerStateMachine.java:takeSnapshot(283)) - group-4167C9DAB68E: Taking a snapshot at:(t:1, i:18) file /workdir/hadoop-ozone/integration-test/target/test-dir/MiniOzoneClusterImpl-d193021e-39f1-4dac-9bda-16b6316a9a0a/datanode-0/data/ratis/f6e2ed8b-9aab-45f3-8ade-4167c9dab68e/sm/snapshot.1_18
2019-08-21 11:14:51,468 [StateMachineUpdater:f4b96d6d-5834-4237-9c77-9d8fb94db68a:group-9D273EF9328C] INFO  ratis.ContainerStateMachine (ContainerStateMachine.java:takeSnapshot(294)) - group-9D273EF9328C: Finished taking a snapshot at:(t:1, i:24) file:/workdir/hadoop-ozone/integration-test/target/test-dir/MiniOzoneClusterImpl-d193021e-39f1-4dac-9bda-16b6316a9a0a/datanode-5/data/ratis/4dd38366-85b3-4b4b-bf76-9d273ef9328c/sm/snapshot.1_24 time:16
2019-08-21 11:14:51,468 [StateMachineUpdater:f4b96d6d-5834-4237-9c77-9d8fb94db68a:group-9D273EF9328C] INFO  impl.StateMachineUpdater (StateMachineUpdater.java:takeSnapshot(242)) - StateMachineUpdater:f4b96d6d-5834-4237-9c77-9d8fb94db68a:group-9D273EF9328C: Took a snapshot at index 24
2019-08-21 11:14:51,468 [StateMachineUpdater:f4b96d6d-5834-4237-9c77-9d8fb94db68a:group-9D273EF9328C] INFO  impl.StateMachineUpdater (StateMachineUpdater.java:lambda$new$0(80)) - StateMachineUpdater:f4b96d6d-5834-4237-9c77-9d8fb94db68a:group-9D273EF9328C: snapshotIndex: updateIncreasingly -1 -> 24
2019-08-21 11:14:51,469 [main] INFO  impl.RaftServerImpl (ServerState.java:close(394)) - f4b96d6d-5834-4237-9c77-9d8fb94db68a:group-9D273EF9328C closes. The last applied log index is 24
2019-08-21 11:14:51,469 [f4b96d6d-5834-4237-9c77-9d8fb94db68a-SegmentedRaftLogWorker:Storage Directory /workdir/hadoop-ozone/integration-test/target/test-dir/MiniOzoneClusterImpl-d193021e-39f1-4dac-9bda-16b6316a9a0a/datanode-5/data/ratis/4dd38366-85b3-4b4b-bf76-9d273ef9328c] INFO  segmented.SegmentedRaftLogWorker (SegmentedRaftLogWorker.java:run(313)) - f4b96d6d-5834-4237-9c77-9d8fb94db68a-SegmentedRaftLogWorker:Storage Directory /workdir/hadoop-ozone/integration-test/target/test-dir/MiniOzoneClusterImpl-d193021e-39f1-4dac-9bda-16b6316a9a0a/datanode-5/data/ratis/4dd38366-85b3-4b4b-bf76-9d273ef9328c was interrupted, exiting. There are 0 tasks remaining in the queue.
2019-08-21 11:14:51,469 [main] INFO  segmented.SegmentedRaftLogWorker (SegmentedRaftLogWorker.java:close(228)) - f4b96d6d-5834-4237-9c77-9d8fb94db68a-SegmentedRaftLogWorker:Storage Directory /workdir/hadoop-ozone/integration-test/target/test-dir/MiniOzoneClusterImpl-d193021e-39f1-4dac-9bda-16b6316a9a0a/datanode-5/data/ratis/4dd38366-85b3-4b4b-bf76-9d273ef9328c close()
2019-08-21 11:14:51,471 [StateMachineUpdater:d07e18e0-48ec-475d-bbfd-6733e1200993:group-4167C9DAB68E] INFO  ratis.ContainerStateMachine (ContainerStateMachine.java:takeSnapshot(294)) - group-4167C9DAB68E: Finished taking a snapshot at:(t:1, i:18) file:/workdir/hadoop-ozone/integration-test/target/test-dir/MiniOzoneClusterImpl-d193021e-39f1-4dac-9bda-16b6316a9a0a/datanode-0/data/ratis/f6e2ed8b-9aab-45f3-8ade-4167c9dab68e/sm/snapshot.1_18 time:4
2019-08-21 11:14:51,471 [main] INFO  server.GrpcService (GrpcService.java:closeImpl(155)) - f4b96d6d-5834-4237-9c77-9d8fb94db68a: shutdown server with port 40742 now
2019-08-21 11:14:51,471 [StateMachineUpdater:d07e18e0-48ec-475d-bbfd-6733e1200993:group-4167C9DAB68E] INFO  impl.StateMachineUpdater (StateMachineUpdater.java:takeSnapshot(242)) - StateMachineUpdater:d07e18e0-48ec-475d-bbfd-6733e1200993:group-4167C9DAB68E: Took a snapshot at index 18
2019-08-21 11:14:51,471 [StateMachineUpdater:d07e18e0-48ec-475d-bbfd-6733e1200993:group-4167C9DAB68E] INFO  impl.StateMachineUpdater (StateMachineUpdater.java:lambda$new$0(80)) - StateMachineUpdater:d07e18e0-48ec-475d-bbfd-6733e1200993:group-4167C9DAB68E: snapshotIndex: updateIncreasingly -1 -> 18
2019-08-21 11:14:51,471 [main] INFO  server.GrpcService (GrpcService.java:closeImpl(163)) - f4b96d6d-5834-4237-9c77-9d8fb94db68a: shutdown server with port 40742 successfully
2019-08-21 11:14:51,472 [ForkJoinPool.commonPool-worker-0] INFO  impl.RaftServerImpl (ServerState.java:close(394)) - d07e18e0-48ec-475d-bbfd-6733e1200993:group-4167C9DAB68E closes. The last applied log index is 18
2019-08-21 11:14:51,472 [d07e18e0-48ec-475d-bbfd-6733e1200993-SegmentedRaftLogWorker:Storage Directory /workdir/hadoop-ozone/integration-test/target/test-dir/MiniOzoneClusterImpl-d193021e-39f1-4dac-9bda-16b6316a9a0a/datanode-0/data/ratis/f6e2ed8b-9aab-45f3-8ade-4167c9dab68e] INFO  segmented.SegmentedRaftLogWorker (SegmentedRaftLogWorker.java:run(313)) - d07e18e0-48ec-475d-bbfd-6733e1200993-SegmentedRaftLogWorker:Storage Directory /workdir/hadoop-ozone/integration-test/target/test-dir/MiniOzoneClusterImpl-d193021e-39f1-4dac-9bda-16b6316a9a0a/datanode-0/data/ratis/f6e2ed8b-9aab-45f3-8ade-4167c9dab68e was interrupted, exiting. There are 0 tasks remaining in the queue.
2019-08-21 11:14:51,472 [ForkJoinPool.commonPool-worker-0] INFO  segmented.SegmentedRaftLogWorker (SegmentedRaftLogWorker.java:close(228)) - d07e18e0-48ec-475d-bbfd-6733e1200993-SegmentedRaftLogWorker:Storage Directory /workdir/hadoop-ozone/integration-test/target/test-dir/MiniOzoneClusterImpl-d193021e-39f1-4dac-9bda-16b6316a9a0a/datanode-0/data/ratis/f6e2ed8b-9aab-45f3-8ade-4167c9dab68e close()
2019-08-21 11:14:51,474 [ForkJoinPool.commonPool-worker-0] INFO  server.GrpcService (GrpcService.java:closeImpl(155)) - d07e18e0-48ec-475d-bbfd-6733e1200993: shutdown server with port 34024 now
2019-08-21 11:14:51,475 [grpc-default-executor-16] WARN  client.GrpcClientProtocolService (LogUtils.java:warn(134)) - 1-UnorderedRequestStreamObserver1: onError: org.apache.ratis.thirdparty.io.grpc.StatusRuntimeException: CANCELLED: cancelled before receiving half close
2019-08-21 11:14:51,475 [ForkJoinPool.commonPool-worker-0] INFO  server.GrpcService (GrpcService.java:closeImpl(163)) - d07e18e0-48ec-475d-bbfd-6733e1200993: shutdown server with port 34024 successfully
2019-08-21 11:14:51,475 [main] INFO  utils.BackgroundService (BackgroundService.java:shutdown(148)) - Shutting down service BlockDeletingService
2019-08-21 11:14:51,478 [ForkJoinPool.commonPool-worker-0] INFO  utils.BackgroundService (BackgroundService.java:shutdown(148)) - Shutting down service BlockDeletingService
2019-08-21 11:14:51,480 [refreshUsed-/workdir/hadoop-ozone/integration-test/target/test-dir/MiniOzoneClusterImpl-d193021e-39f1-4dac-9bda-16b6316a9a0a/datanode-5/data/containers] WARN  fs.CachingGetSpaceUsed (CachingGetSpaceUsed.java:run(183)) - Thread Interrupted waiting to refresh disk information: sleep interrupted
2019-08-21 11:14:51,482 [refreshUsed-/workdir/hadoop-ozone/integration-test/target/test-dir/MiniOzoneClusterImpl-d193021e-39f1-4dac-9bda-16b6316a9a0a/datanode-0/data/containers] WARN  fs.CachingGetSpaceUsed (CachingGetSpaceUsed.java:run(183)) - Thread Interrupted waiting to refresh disk information: sleep interrupted
2019-08-21 11:14:51,499 [ForkJoinPool.commonPool-worker-0] INFO  statemachine.DatanodeStateMachine (DatanodeStateMachine.java:stopDaemon(395)) - Ozone container server stopped.
2019-08-21 11:14:51,502 [ForkJoinPool.commonPool-worker-0] INFO  handler.ContextHandler (ContextHandler.java:doStop(910)) - Stopped o.e.j.w.WebAppContext@77eb0e47{/,null,UNAVAILABLE}{/hddsDatanode}
2019-08-21 11:14:51,503 [ForkJoinPool.commonPool-worker-0] INFO  server.AbstractConnector (AbstractConnector.java:doStop(318)) - Stopped ServerConnector@3a034950{HTTP/1.1,[http/1.1]}{0.0.0.0:0}
2019-08-21 11:14:51,506 [ForkJoinPool.commonPool-worker-0] INFO  handler.ContextHandler (ContextHandler.java:doStop(910)) - Stopped o.e.j.s.ServletContextHandler@f6b128b{/static,jar:file:/home/user/.m2/repository/org/apache/hadoop/hadoop-hdds-container-service/0.5.0-SNAPSHOT/hadoop-hdds-container-service-0.5.0-SNAPSHOT.jar!/webapps/static,UNAVAILABLE}
2019-08-21 11:14:51,506 [main] INFO  statemachine.DatanodeStateMachine (DatanodeStateMachine.java:stopDaemon(395)) - Ozone container server stopped.
2019-08-21 11:14:51,507 [ForkJoinPool.commonPool-worker-0] INFO  handler.ContextHandler (ContextHandler.java:doStop(910)) - Stopped o.e.j.s.ServletContextHandler@760b9444{/logs,file:///workdir/hadoop-ozone/integration-test/target/log,UNAVAILABLE}
2019-08-21 11:14:51,509 [main] INFO  handler.ContextHandler (ContextHandler.java:doStop(910)) - Stopped o.e.j.w.WebAppContext@616b2b2{/,null,UNAVAILABLE}{/hddsDatanode}
2019-08-21 11:14:51,509 [main] INFO  server.AbstractConnector (AbstractConnector.java:doStop(318)) - Stopped ServerConnector@65402e26{HTTP/1.1,[http/1.1]}{0.0.0.0:0}
2019-08-21 11:14:51,509 [main] INFO  handler.ContextHandler (ContextHandler.java:doStop(910)) - Stopped o.e.j.s.ServletContextHandler@1b9785aa{/static,jar:file:/home/user/.m2/repository/org/apache/hadoop/hadoop-hdds-container-service/0.5.0-SNAPSHOT/hadoop-hdds-container-service-0.5.0-SNAPSHOT.jar!/webapps/static,UNAVAILABLE}
2019-08-21 11:14:51,510 [main] INFO  handler.ContextHandler (ContextHandler.java:doStop(910)) - Stopped o.e.j.s.ServletContextHandler@648639f1{/logs,file:///workdir/hadoop-ozone/integration-test/target/log,UNAVAILABLE}
2019-08-21 11:14:51,511 [main] INFO  ozone.MiniOzoneClusterImpl (MiniOzoneClusterImpl.java:stop(353)) - Stopping the StorageContainerManager
2019-08-21 11:14:51,511 [main] INFO  server.StorageContainerManager (StorageContainerManager.java:stop(797)) - Stopping Replication Manager Service.
2019-08-21 11:14:51,511 [main] INFO  container.ReplicationManager (ReplicationManager.java:stop(193)) - Stopping Replication Monitor Thread.
2019-08-21 11:14:51,511 [main] INFO  server.StorageContainerManager (StorageContainerManager.java:stop(804)) - Stopping Lease Manager of the command watchers
2019-08-21 11:14:51,511 [main] INFO  server.StorageContainerManager (StorageContainerManager.java:stop(811)) - Stopping datanode service RPC server
2019-08-21 11:14:51,512 [main] INFO  server.SCMDatanodeProtocolServer (SCMDatanodeProtocolServer.java:stop(367)) - Stopping the RPC server for DataNodes
2019-08-21 11:14:51,512 [main] INFO  ipc.Server (Server.java:stop(3082)) - Stopping server on 42202
2019-08-21 11:14:51,514 [IPC Server listener on 42202] INFO  ipc.Server (Server.java:run(1185)) - Stopping IPC Server listener on 42202
2019-08-21 11:14:51,514 [IPC Server Responder] INFO  ipc.Server (Server.java:run(1319)) - Stopping IPC Server Responder
2019-08-21 11:14:51,578 [SCM Heartbeat Processing Thread - 0] WARN  node.NodeStateManager (NodeStateManager.java:scheduleNextHealthCheck(646)) - Current Thread is interrupted, shutting down HB processing thread for Node Manager.
2019-08-21 11:14:51,578 [main] INFO  server.StorageContainerManager (StorageContainerManager.java:stop(819)) - Stopping block service RPC server
2019-08-21 11:14:51,578 [main] INFO  server.SCMBlockProtocolServer (SCMBlockProtocolServer.java:stop(148)) - Stopping the RPC server for Block Protocol
2019-08-21 11:14:51,579 [main] INFO  ipc.Server (Server.java:stop(3082)) - Stopping server on 36859
2019-08-21 11:14:51,581 [IPC Server listener on 36859] INFO  ipc.Server (Server.java:run(1185)) - Stopping IPC Server listener on 36859
2019-08-21 11:14:51,581 [main] INFO  server.StorageContainerManager (StorageContainerManager.java:stop(826)) - Stopping the StorageContainerLocationProtocol RPC server
2019-08-21 11:14:51,582 [main] INFO  server.SCMClientProtocolServer (SCMClientProtocolServer.java:stop(159)) - Stopping the RPC server for Client Protocol
2019-08-21 11:14:51,583 [IPC Server Responder] INFO  ipc.Server (Server.java:run(1319)) - Stopping IPC Server Responder
2019-08-21 11:14:51,583 [main] INFO  ipc.Server (Server.java:stop(3082)) - Stopping server on 37505
2019-08-21 11:14:51,584 [IPC Server listener on 37505] INFO  ipc.Server (Server.java:run(1185)) - Stopping IPC Server listener on 37505
2019-08-21 11:14:51,584 [main] INFO  server.StorageContainerManager (StorageContainerManager.java:stop(833)) - Stopping Storage Container Manager HTTP server.
2019-08-21 11:14:51,586 [IPC Server Responder] INFO  ipc.Server (Server.java:run(1319)) - Stopping IPC Server Responder
2019-08-21 11:14:51,586 [main] INFO  handler.ContextHandler (ContextHandler.java:doStop(910)) - Stopped o.e.j.w.WebAppContext@3ed4c822{/,null,UNAVAILABLE}{/scm}
2019-08-21 11:14:51,587 [main] INFO  server.AbstractConnector (AbstractConnector.java:doStop(318)) - Stopped ServerConnector@7b6558aa{HTTP/1.1,[http/1.1]}{0.0.0.0:0}
2019-08-21 11:14:51,588 [main] INFO  handler.ContextHandler (ContextHandler.java:doStop(910)) - Stopped o.e.j.s.ServletContextHandler@46ee9cfd{/static,file:///workdir/hadoop-ozone/integration-test/target/test-classes/webapps/static,UNAVAILABLE}
2019-08-21 11:14:51,588 [main] INFO  handler.ContextHandler (ContextHandler.java:doStop(910)) - Stopped o.e.j.s.ServletContextHandler@14f08a97{/logs,file:///workdir/hadoop-ozone/integration-test/target/log,UNAVAILABLE}
2019-08-21 11:14:51,589 [main] INFO  server.StorageContainerManager (StorageContainerManager.java:stop(844)) - Stopping Block Manager Service.
2019-08-21 11:14:51,589 [main] INFO  utils.BackgroundService (BackgroundService.java:shutdown(148)) - Shutting down service SCMBlockDeletingService
2019-08-21 11:14:51,590 [main] INFO  utils.BackgroundService (BackgroundService.java:shutdown(148)) - Shutting down service SCMBlockDeletingService
2019-08-21 11:14:51,590 [main] INFO  server.StorageContainerManager (StorageContainerManager.java:stop(866)) - Stopping SCM Event Queue.
2019-08-21 11:14:51,594 [main] INFO  impl.MetricsSystemImpl (MetricsSystemImpl.java:stop(210)) - Stopping HddsDatanode metrics system...
2019-08-21 11:14:51,604 [main] INFO  impl.MetricsSystemImpl (MetricsSystemImpl.java:stop(216)) - HddsDatanode metrics system stopped.
]]></system-out>
    <system-err><![CDATA[Aug 21, 2019 11:14:17 AM com.sun.jersey.server.impl.application.WebApplicationImpl _initiate
INFO: Initiating Jersey application, version 'Jersey: 1.19 02/11/2015 03:25 AM'
Aug 21, 2019 11:14:17 AM com.sun.jersey.server.impl.application.WebApplicationImpl _initiate
INFO: Initiating Jersey application, version 'Jersey: 1.19 02/11/2015 03:25 AM'
Aug 21, 2019 11:14:18 AM com.sun.jersey.server.impl.application.WebApplicationImpl _initiate
INFO: Initiating Jersey application, version 'Jersey: 1.19 02/11/2015 03:25 AM'
Aug 21, 2019 11:14:18 AM com.sun.jersey.server.impl.application.WebApplicationImpl _initiate
INFO: Initiating Jersey application, version 'Jersey: 1.19 02/11/2015 03:25 AM'
Aug 21, 2019 11:14:18 AM com.sun.jersey.server.impl.application.WebApplicationImpl _initiate
INFO: Initiating Jersey application, version 'Jersey: 1.19 02/11/2015 03:25 AM'
Aug 21, 2019 11:14:19 AM com.sun.jersey.server.impl.application.WebApplicationImpl _initiate
INFO: Initiating Jersey application, version 'Jersey: 1.19 02/11/2015 03:25 AM'
Aug 21, 2019 11:14:19 AM com.sun.jersey.server.impl.application.WebApplicationImpl _initiate
INFO: Initiating Jersey application, version 'Jersey: 1.19 02/11/2015 03:25 AM'
Aug 21, 2019 11:14:21 AM org.apache.ratis.thirdparty.io.grpc.internal.ManagedChannelOrphanWrapper$ManagedChannelReference cleanQueue
SEVERE: *~*~*~ Channel ManagedChannelImpl{logId=2736, target=192.168.34.23:40506} was not shutdown properly!!! ~*~*~*
    Make sure to call shutdown()/shutdownNow() and wait until awaitTermination() returns true.
java.lang.RuntimeException: ManagedChannel allocation site
	at org.apache.ratis.thirdparty.io.grpc.internal.ManagedChannelOrphanWrapper$ManagedChannelReference.<init>(ManagedChannelOrphanWrapper.java:103)
	at org.apache.ratis.thirdparty.io.grpc.internal.ManagedChannelOrphanWrapper.<init>(ManagedChannelOrphanWrapper.java:53)
	at org.apache.ratis.thirdparty.io.grpc.internal.ManagedChannelOrphanWrapper.<init>(ManagedChannelOrphanWrapper.java:44)
	at org.apache.ratis.thirdparty.io.grpc.internal.AbstractManagedChannelImplBuilder.build(AbstractManagedChannelImplBuilder.java:411)
	at org.apache.hadoop.hdds.scm.XceiverClientGrpc.connectToDatanode(XceiverClientGrpc.java:174)
	at org.apache.hadoop.hdds.scm.XceiverClientGrpc.reconnect(XceiverClientGrpc.java:422)
	at org.apache.hadoop.hdds.scm.XceiverClientGrpc.sendCommandAsync(XceiverClientGrpc.java:371)
	at org.apache.hadoop.hdds.scm.XceiverClientGrpc.sendCommandWithRetry(XceiverClientGrpc.java:284)
	at org.apache.hadoop.hdds.scm.XceiverClientGrpc.sendCommandWithTraceIDAndRetry(XceiverClientGrpc.java:250)
	at org.apache.hadoop.hdds.scm.XceiverClientGrpc.sendCommand(XceiverClientGrpc.java:233)
	at org.apache.hadoop.hdds.scm.storage.ContainerProtocolCalls.getBlock(ContainerProtocolCalls.java:118)
	at org.apache.hadoop.hdds.scm.storage.BlockInputStream.getChunkInfos(BlockInputStream.java:167)
	at org.apache.hadoop.hdds.scm.storage.BlockInputStream.initialize(BlockInputStream.java:118)
	at org.apache.hadoop.hdds.scm.storage.BlockInputStream.read(BlockInputStream.java:222)
	at org.apache.hadoop.ozone.client.io.KeyInputStream.read(KeyInputStream.java:171)
	at org.apache.hadoop.ozone.client.io.OzoneInputStream.read(OzoneInputStream.java:47)
	at java.io.InputStream.read(InputStream.java:101)
	at org.apache.hadoop.ozone.container.ContainerTestHelper.validateData(ContainerTestHelper.java:713)
	at org.apache.hadoop.ozone.client.rpc.TestBlockOutputStreamWithFailures.validateData(TestBlockOutputStreamWithFailures.java:1216)
	at org.apache.hadoop.ozone.client.rpc.TestBlockOutputStreamWithFailures.testWatchForCommitWithSingleNodeRatis(TestBlockOutputStreamWithFailures.java:918)
	at sun.reflect.NativeMethodAccessorImpl.invoke0(Native Method)
	at sun.reflect.NativeMethodAccessorImpl.invoke(NativeMethodAccessorImpl.java:62)
	at sun.reflect.DelegatingMethodAccessorImpl.invoke(DelegatingMethodAccessorImpl.java:43)
	at java.lang.reflect.Method.invoke(Method.java:498)
	at org.junit.runners.model.FrameworkMethod$1.runReflectiveCall(FrameworkMethod.java:47)
	at org.junit.internal.runners.model.ReflectiveCallable.run(ReflectiveCallable.java:12)
	at org.junit.runners.model.FrameworkMethod.invokeExplosively(FrameworkMethod.java:44)
	at org.junit.internal.runners.statements.InvokeMethod.evaluate(InvokeMethod.java:17)
	at org.junit.internal.runners.statements.RunBefores.evaluate(RunBefores.java:26)
	at org.junit.internal.runners.statements.RunAfters.evaluate(RunAfters.java:27)
	at org.junit.runners.ParentRunner.runLeaf(ParentRunner.java:271)
	at org.junit.runners.BlockJUnit4ClassRunner.runChild(BlockJUnit4ClassRunner.java:70)
	at org.junit.runners.BlockJUnit4ClassRunner.runChild(BlockJUnit4ClassRunner.java:50)
	at org.junit.runners.ParentRunner$3.run(ParentRunner.java:238)
	at org.junit.runners.ParentRunner$1.schedule(ParentRunner.java:63)
	at org.junit.runners.ParentRunner.runChildren(ParentRunner.java:236)
	at org.junit.runners.ParentRunner.access$000(ParentRunner.java:53)
	at org.junit.runners.ParentRunner$2.evaluate(ParentRunner.java:229)
	at org.junit.runners.ParentRunner.run(ParentRunner.java:309)
	at org.apache.maven.surefire.junit4.JUnit4Provider.execute(JUnit4Provider.java:365)
	at org.apache.maven.surefire.junit4.JUnit4Provider.executeWithRerun(JUnit4Provider.java:273)
	at org.apache.maven.surefire.junit4.JUnit4Provider.executeTestSet(JUnit4Provider.java:238)
	at org.apache.maven.surefire.junit4.JUnit4Provider.invoke(JUnit4Provider.java:159)
	at org.apache.maven.surefire.booter.ForkedBooter.invokeProviderInSameClassLoader(ForkedBooter.java:384)
	at org.apache.maven.surefire.booter.ForkedBooter.runSuitesInProcess(ForkedBooter.java:345)
	at org.apache.maven.surefire.booter.ForkedBooter.execute(ForkedBooter.java:126)
	at org.apache.maven.surefire.booter.ForkedBooter.main(ForkedBooter.java:418)

Aug 21, 2019 11:14:21 AM org.apache.ratis.thirdparty.io.grpc.internal.ManagedChannelOrphanWrapper$ManagedChannelReference cleanQueue
SEVERE: *~*~*~ Channel ManagedChannelImpl{logId=2721, target=192.168.34.23:39765} was not shutdown properly!!! ~*~*~*
    Make sure to call shutdown()/shutdownNow() and wait until awaitTermination() returns true.
java.lang.RuntimeException: ManagedChannel allocation site
	at org.apache.ratis.thirdparty.io.grpc.internal.ManagedChannelOrphanWrapper$ManagedChannelReference.<init>(ManagedChannelOrphanWrapper.java:103)
	at org.apache.ratis.thirdparty.io.grpc.internal.ManagedChannelOrphanWrapper.<init>(ManagedChannelOrphanWrapper.java:53)
	at org.apache.ratis.thirdparty.io.grpc.internal.ManagedChannelOrphanWrapper.<init>(ManagedChannelOrphanWrapper.java:44)
	at org.apache.ratis.thirdparty.io.grpc.internal.AbstractManagedChannelImplBuilder.build(AbstractManagedChannelImplBuilder.java:411)
	at org.apache.ratis.grpc.client.GrpcClientProtocolClient.<init>(GrpcClientProtocolClient.java:119)
	at org.apache.ratis.grpc.client.GrpcClientRpc.lambda$new$0(GrpcClientRpc.java:55)
	at org.apache.ratis.util.PeerProxyMap$PeerAndProxy.lambda$getProxy$0(PeerProxyMap.java:61)
	at org.apache.ratis.util.LifeCycle.startAndTransition(LifeCycle.java:202)
	at org.apache.ratis.util.PeerProxyMap$PeerAndProxy.getProxy(PeerProxyMap.java:60)
	at org.apache.ratis.util.PeerProxyMap.getProxy(PeerProxyMap.java:107)
	at org.apache.ratis.grpc.client.GrpcClientRpc.sendRequestAsync(GrpcClientRpc.java:66)
	at org.apache.ratis.client.impl.OrderedAsync.sendRequest(OrderedAsync.java:208)
	at org.apache.ratis.client.impl.OrderedAsync.sendRequestWithRetry(OrderedAsync.java:169)
	at org.apache.ratis.util.SlidingWindow$Client.sendOrDelayRequest(SlidingWindow.java:278)
	at org.apache.ratis.util.SlidingWindow$Client.retry(SlidingWindow.java:294)
	at org.apache.ratis.client.impl.OrderedAsync.lambda$scheduleWithTimeout$7(OrderedAsync.java:195)
	at org.apache.ratis.util.TimeoutScheduler.lambda$onTimeout$0(TimeoutScheduler.java:85)
	at org.apache.ratis.util.TimeoutScheduler.lambda$onTimeout$1(TimeoutScheduler.java:104)
	at org.apache.ratis.util.LogUtils.runAndLog(LogUtils.java:50)
	at org.apache.ratis.util.LogUtils$1.run(LogUtils.java:91)
	at java.util.concurrent.Executors$RunnableAdapter.call(Executors.java:511)
	at java.util.concurrent.FutureTask.run(FutureTask.java:266)
	at java.util.concurrent.ScheduledThreadPoolExecutor$ScheduledFutureTask.access$201(ScheduledThreadPoolExecutor.java:180)
	at java.util.concurrent.ScheduledThreadPoolExecutor$ScheduledFutureTask.run(ScheduledThreadPoolExecutor.java:293)
	at java.util.concurrent.ThreadPoolExecutor.runWorker(ThreadPoolExecutor.java:1149)
	at java.util.concurrent.ThreadPoolExecutor$Worker.run(ThreadPoolExecutor.java:624)
	at java.lang.Thread.run(Thread.java:748)

Aug 21, 2019 11:14:21 AM org.apache.ratis.thirdparty.io.grpc.internal.ManagedChannelOrphanWrapper$ManagedChannelReference cleanQueue
SEVERE: *~*~*~ Channel ManagedChannelImpl{logId=2726, target=192.168.34.23:43255} was not shutdown properly!!! ~*~*~*
    Make sure to call shutdown()/shutdownNow() and wait until awaitTermination() returns true.
java.lang.RuntimeException: ManagedChannel allocation site
	at org.apache.ratis.thirdparty.io.grpc.internal.ManagedChannelOrphanWrapper$ManagedChannelReference.<init>(ManagedChannelOrphanWrapper.java:103)
	at org.apache.ratis.thirdparty.io.grpc.internal.ManagedChannelOrphanWrapper.<init>(ManagedChannelOrphanWrapper.java:53)
	at org.apache.ratis.thirdparty.io.grpc.internal.ManagedChannelOrphanWrapper.<init>(ManagedChannelOrphanWrapper.java:44)
	at org.apache.ratis.thirdparty.io.grpc.internal.AbstractManagedChannelImplBuilder.build(AbstractManagedChannelImplBuilder.java:411)
	at org.apache.ratis.grpc.client.GrpcClientProtocolClient.<init>(GrpcClientProtocolClient.java:119)
	at org.apache.ratis.grpc.client.GrpcClientRpc.lambda$new$0(GrpcClientRpc.java:55)
	at org.apache.ratis.util.PeerProxyMap$PeerAndProxy.lambda$getProxy$0(PeerProxyMap.java:61)
	at org.apache.ratis.util.LifeCycle.startAndTransition(LifeCycle.java:202)
	at org.apache.ratis.util.PeerProxyMap$PeerAndProxy.getProxy(PeerProxyMap.java:60)
	at org.apache.ratis.util.PeerProxyMap.getProxy(PeerProxyMap.java:107)
	at org.apache.ratis.grpc.client.GrpcClientRpc.sendRequestAsync(GrpcClientRpc.java:66)
	at org.apache.ratis.client.impl.OrderedAsync.sendRequest(OrderedAsync.java:208)
	at org.apache.ratis.client.impl.OrderedAsync.sendRequestWithRetry(OrderedAsync.java:169)
	at org.apache.ratis.util.SlidingWindow$Client.sendOrDelayRequest(SlidingWindow.java:278)
	at org.apache.ratis.util.SlidingWindow$Client.submitNewRequest(SlidingWindow.java:257)
	at org.apache.ratis.client.impl.OrderedAsync.send(OrderedAsync.java:155)
	at org.apache.ratis.client.impl.RaftClientImpl.sendAsync(RaftClientImpl.java:145)
	at org.apache.ratis.client.impl.RaftClientImpl.sendAsync(RaftClientImpl.java:125)
	at org.apache.hadoop.hdds.scm.XceiverClientRatis.sendRequestAsync(XceiverClientRatis.java:224)
	at org.apache.hadoop.hdds.scm.XceiverClientRatis.sendCommandAsync(XceiverClientRatis.java:302)
	at org.apache.hadoop.hdds.scm.storage.ContainerProtocolCalls.writeChunkAsync(ContainerProtocolCalls.java:310)
	at org.apache.hadoop.hdds.scm.storage.BlockOutputStream.writeChunkToContainer(BlockOutputStream.java:601)
	at org.apache.hadoop.hdds.scm.storage.BlockOutputStream.writeChunk(BlockOutputStream.java:459)
	at org.apache.hadoop.hdds.scm.storage.BlockOutputStream.writeOnRetry(BlockOutputStream.java:285)
	at org.apache.hadoop.ozone.client.io.BlockOutputStreamEntry.writeOnRetry(BlockOutputStreamEntry.java:200)
	at org.apache.hadoop.ozone.client.io.KeyOutputStream.handleWrite(KeyOutputStream.java:209)
	at org.apache.hadoop.ozone.client.io.KeyOutputStream.handleRetry(KeyOutputStream.java:376)
	at org.apache.hadoop.ozone.client.io.KeyOutputStream.handleException(KeyOutputStream.java:325)
	at org.apache.hadoop.ozone.client.io.KeyOutputStream.handleFlushOrClose(KeyOutputStream.java:448)
	at org.apache.hadoop.ozone.client.io.KeyOutputStream.handleWrite(KeyOutputStream.java:235)
	at org.apache.hadoop.ozone.client.io.KeyOutputStream.write(KeyOutputStream.java:193)
	at org.apache.hadoop.ozone.client.io.OzoneOutputStream.write(OzoneOutputStream.java:49)
	at java.io.OutputStream.write(OutputStream.java:75)
	at org.apache.hadoop.ozone.client.rpc.TestBlockOutputStreamWithFailures.testWatchForCommitWithSingleNodeRatis(TestBlockOutputStreamWithFailures.java:885)
	at sun.reflect.NativeMethodAccessorImpl.invoke0(Native Method)
	at sun.reflect.NativeMethodAccessorImpl.invoke(NativeMethodAccessorImpl.java:62)
	at sun.reflect.DelegatingMethodAccessorImpl.invoke(DelegatingMethodAccessorImpl.java:43)
	at java.lang.reflect.Method.invoke(Method.java:498)
	at org.junit.runners.model.FrameworkMethod$1.runReflectiveCall(FrameworkMethod.java:47)
	at org.junit.internal.runners.model.ReflectiveCallable.run(ReflectiveCallable.java:12)
	at org.junit.runners.model.FrameworkMethod.invokeExplosively(FrameworkMethod.java:44)
	at org.junit.internal.runners.statements.InvokeMethod.evaluate(InvokeMethod.java:17)
	at org.junit.internal.runners.statements.RunBefores.evaluate(RunBefores.java:26)
	at org.junit.internal.runners.statements.RunAfters.evaluate(RunAfters.java:27)
	at org.junit.runners.ParentRunner.runLeaf(ParentRunner.java:271)
	at org.junit.runners.BlockJUnit4ClassRunner.runChild(BlockJUnit4ClassRunner.java:70)
	at org.junit.runners.BlockJUnit4ClassRunner.runChild(BlockJUnit4ClassRunner.java:50)
	at org.junit.runners.ParentRunner$3.run(ParentRunner.java:238)
	at org.junit.runners.ParentRunner$1.schedule(ParentRunner.java:63)
	at org.junit.runners.ParentRunner.runChildren(ParentRunner.java:236)
	at org.junit.runners.ParentRunner.access$000(ParentRunner.java:53)
	at org.junit.runners.ParentRunner$2.evaluate(ParentRunner.java:229)
	at org.junit.runners.ParentRunner.run(ParentRunner.java:309)
	at org.apache.maven.surefire.junit4.JUnit4Provider.execute(JUnit4Provider.java:365)
	at org.apache.maven.surefire.junit4.JUnit4Provider.executeWithRerun(JUnit4Provider.java:273)
	at org.apache.maven.surefire.junit4.JUnit4Provider.executeTestSet(JUnit4Provider.java:238)
	at org.apache.maven.surefire.junit4.JUnit4Provider.invoke(JUnit4Provider.java:159)
	at org.apache.maven.surefire.booter.ForkedBooter.invokeProviderInSameClassLoader(ForkedBooter.java:384)
	at org.apache.maven.surefire.booter.ForkedBooter.runSuitesInProcess(ForkedBooter.java:345)
	at org.apache.maven.surefire.booter.ForkedBooter.execute(ForkedBooter.java:126)
	at org.apache.maven.surefire.booter.ForkedBooter.main(ForkedBooter.java:418)

Aug 21, 2019 11:14:21 AM org.apache.ratis.thirdparty.io.grpc.internal.ManagedChannelOrphanWrapper$ManagedChannelReference cleanQueue
SEVERE: *~*~*~ Channel ManagedChannelImpl{logId=2731, target=192.168.34.23:32909} was not shutdown properly!!! ~*~*~*
    Make sure to call shutdown()/shutdownNow() and wait until awaitTermination() returns true.
java.lang.RuntimeException: ManagedChannel allocation site
	at org.apache.ratis.thirdparty.io.grpc.internal.ManagedChannelOrphanWrapper$ManagedChannelReference.<init>(ManagedChannelOrphanWrapper.java:103)
	at org.apache.ratis.thirdparty.io.grpc.internal.ManagedChannelOrphanWrapper.<init>(ManagedChannelOrphanWrapper.java:53)
	at org.apache.ratis.thirdparty.io.grpc.internal.ManagedChannelOrphanWrapper.<init>(ManagedChannelOrphanWrapper.java:44)
	at org.apache.ratis.thirdparty.io.grpc.internal.AbstractManagedChannelImplBuilder.build(AbstractManagedChannelImplBuilder.java:411)
	at org.apache.hadoop.hdds.scm.XceiverClientGrpc.connectToDatanode(XceiverClientGrpc.java:174)
	at org.apache.hadoop.hdds.scm.XceiverClientGrpc.reconnect(XceiverClientGrpc.java:422)
	at org.apache.hadoop.hdds.scm.XceiverClientGrpc.sendCommandAsync(XceiverClientGrpc.java:371)
	at org.apache.hadoop.hdds.scm.XceiverClientGrpc.sendCommandWithRetry(XceiverClientGrpc.java:284)
	at org.apache.hadoop.hdds.scm.XceiverClientGrpc.sendCommandWithTraceIDAndRetry(XceiverClientGrpc.java:250)
	at org.apache.hadoop.hdds.scm.XceiverClientGrpc.sendCommand(XceiverClientGrpc.java:233)
	at org.apache.hadoop.hdds.scm.storage.ContainerProtocolCalls.getBlock(ContainerProtocolCalls.java:118)
	at org.apache.hadoop.hdds.scm.storage.BlockInputStream.getChunkInfos(BlockInputStream.java:167)
	at org.apache.hadoop.hdds.scm.storage.BlockInputStream.initialize(BlockInputStream.java:118)
	at org.apache.hadoop.hdds.scm.storage.BlockInputStream.read(BlockInputStream.java:222)
	at org.apache.hadoop.ozone.client.io.KeyInputStream.read(KeyInputStream.java:171)
	at org.apache.hadoop.ozone.client.io.OzoneInputStream.read(OzoneInputStream.java:47)
	at java.io.InputStream.read(InputStream.java:101)
	at org.apache.hadoop.ozone.container.ContainerTestHelper.validateData(ContainerTestHelper.java:713)
	at org.apache.hadoop.ozone.client.rpc.TestBlockOutputStreamWithFailures.validateData(TestBlockOutputStreamWithFailures.java:1216)
	at org.apache.hadoop.ozone.client.rpc.TestBlockOutputStreamWithFailures.testWatchForCommitWithSingleNodeRatis(TestBlockOutputStreamWithFailures.java:918)
	at sun.reflect.NativeMethodAccessorImpl.invoke0(Native Method)
	at sun.reflect.NativeMethodAccessorImpl.invoke(NativeMethodAccessorImpl.java:62)
	at sun.reflect.DelegatingMethodAccessorImpl.invoke(DelegatingMethodAccessorImpl.java:43)
	at java.lang.reflect.Method.invoke(Method.java:498)
	at org.junit.runners.model.FrameworkMethod$1.runReflectiveCall(FrameworkMethod.java:47)
	at org.junit.internal.runners.model.ReflectiveCallable.run(ReflectiveCallable.java:12)
	at org.junit.runners.model.FrameworkMethod.invokeExplosively(FrameworkMethod.java:44)
	at org.junit.internal.runners.statements.InvokeMethod.evaluate(InvokeMethod.java:17)
	at org.junit.internal.runners.statements.RunBefores.evaluate(RunBefores.java:26)
	at org.junit.internal.runners.statements.RunAfters.evaluate(RunAfters.java:27)
	at org.junit.runners.ParentRunner.runLeaf(ParentRunner.java:271)
	at org.junit.runners.BlockJUnit4ClassRunner.runChild(BlockJUnit4ClassRunner.java:70)
	at org.junit.runners.BlockJUnit4ClassRunner.runChild(BlockJUnit4ClassRunner.java:50)
	at org.junit.runners.ParentRunner$3.run(ParentRunner.java:238)
	at org.junit.runners.ParentRunner$1.schedule(ParentRunner.java:63)
	at org.junit.runners.ParentRunner.runChildren(ParentRunner.java:236)
	at org.junit.runners.ParentRunner.access$000(ParentRunner.java:53)
	at org.junit.runners.ParentRunner$2.evaluate(ParentRunner.java:229)
	at org.junit.runners.ParentRunner.run(ParentRunner.java:309)
	at org.apache.maven.surefire.junit4.JUnit4Provider.execute(JUnit4Provider.java:365)
	at org.apache.maven.surefire.junit4.JUnit4Provider.executeWithRerun(JUnit4Provider.java:273)
	at org.apache.maven.surefire.junit4.JUnit4Provider.executeTestSet(JUnit4Provider.java:238)
	at org.apache.maven.surefire.junit4.JUnit4Provider.invoke(JUnit4Provider.java:159)
	at org.apache.maven.surefire.booter.ForkedBooter.invokeProviderInSameClassLoader(ForkedBooter.java:384)
	at org.apache.maven.surefire.booter.ForkedBooter.runSuitesInProcess(ForkedBooter.java:345)
	at org.apache.maven.surefire.booter.ForkedBooter.execute(ForkedBooter.java:126)
	at org.apache.maven.surefire.booter.ForkedBooter.main(ForkedBooter.java:418)

]]></system-err>
  </testcase>
  <testcase name="testFailureWithPrimeSizedData" classname="org.apache.hadoop.ozone.client.rpc.TestBlockOutputStreamWithFailures" time="35.033"/>
  <testcase name="testWatchForCommitWithCloseContainerException" classname="org.apache.hadoop.ozone.client.rpc.TestBlockOutputStreamWithFailures" time="33.549"/>
  <testcase name="testExceptionDuringClose" classname="org.apache.hadoop.ozone.client.rpc.TestBlockOutputStreamWithFailures" time="35.222"/>
</testsuite>