<?xml version="1.0" encoding="UTF-8"?>
<testsuite xmlns:xsi="http://www.w3.org/2001/XMLSchema-instance" xsi:noNamespaceSchemaLocation="https://maven.apache.org/surefire/maven-surefire-plugin/xsd/surefire-test-report.xsd" name="org.apache.hadoop.ozone.client.rpc.TestMultiBlockWritesWithDnFailures" time="241.49" tests="2" errors="1" skipped="0" failures="0">
  <properties>
    <property name="awt.toolkit" value="sun.awt.X11.XToolkit"/>
    <property name="file.encoding.pkg" value="sun.io"/>
    <property name="java.specification.version" value="1.8"/>
    <property name="sun.cpu.isalist" value=""/>
    <property name="sun.jnu.encoding" value="UTF-8"/>
    <property name="java.class.path" value="/workdir/hadoop-ozone/integration-test/target/test-classes:/workdir/hadoop-ozone/integration-test/target/classes:/home/user/.m2/repository/org/apache/hadoop/hadoop-ozone-common/0.5.0-SNAPSHOT/hadoop-ozone-common-0.5.0-SNAPSHOT.jar:/home/user/.m2/repository/org/apache/commons/commons-compress/1.4.1/commons-compress-1.4.1.jar:/home/user/.m2/repository/org/tukaani/xz/1.0/xz-1.0.jar:/home/user/.m2/repository/org/apache/hadoop/hadoop-common/3.2.0/hadoop-common-3.2.0.jar:/home/user/.m2/repository/org/apache/hadoop/hadoop-hdfs/3.2.0/hadoop-hdfs-3.2.0.jar:/home/user/.m2/repository/org/apache/hadoop/hadoop-hdfs-client/3.2.0/hadoop-hdfs-client-3.2.0.jar:/home/user/.m2/repository/com/fasterxml/jackson/core/jackson-annotations/2.9.9/jackson-annotations-2.9.9.jar:/home/user/.m2/repository/org/apache/hadoop/hadoop-hdds-common/0.5.0-SNAPSHOT/hadoop-hdds-common-0.5.0-SNAPSHOT.jar:/home/user/.m2/repository/javax/annotation/javax.annotation-api/1.2/javax.annotation-api-1.2.jar:/home/user/.m2/repository/org/apache/ratis/ratis-server/0.4.0/ratis-server-0.4.0.jar:/home/user/.m2/repository/org/apache/ratis/ratis-thirdparty-misc/0.2.0/ratis-thirdparty-misc-0.2.0.jar:/home/user/.m2/repository/org/apache/ratis/ratis-proto/0.4.0/ratis-proto-0.4.0.jar:/home/user/.m2/repository/org/apache/ratis/ratis-common/0.4.0/ratis-common-0.4.0.jar:/home/user/.m2/repository/org/apache/ratis/ratis-client/0.4.0/ratis-client-0.4.0.jar:/home/user/.m2/repository/org/apache/ratis/ratis-metrics/0.4.0/ratis-metrics-0.4.0.jar:/home/user/.m2/repository/com/github/joshelser/dropwizard-metrics-hadoop-metrics2-reporter/0.1.2/dropwizard-metrics-hadoop-metrics2-reporter-0.1.2.jar:/home/user/.m2/repository/io/dropwizard/metrics/metrics-jvm/3.2.5/metrics-jvm-3.2.5.jar:/home/user/.m2/repository/io/dropwizard/metrics/metrics-ganglia/3.2.5/metrics-ganglia-3.2.5.jar:/home/user/.m2/repository/info/ganglia/gmetric4j/gmetric4j/1.0.7/gmetric4j-1.0.7.jar:/home/user/.m2/repository/org/apache/ratis/ratis-netty/0.4.0/ratis-netty-0.4.0.jar:/home/user/.m2/repository/org/apache/ratis/ratis-grpc/0.4.0/ratis-grpc-0.4.0.jar:/home/user/.m2/repository/org/rocksdb/rocksdbjni/6.0.1/rocksdbjni-6.0.1.jar:/home/user/.m2/repository/org/apache/logging/log4j/log4j-api/2.11.0/log4j-api-2.11.0.jar:/home/user/.m2/repository/org/apache/logging/log4j/log4j-core/2.11.0/log4j-core-2.11.0.jar:/home/user/.m2/repository/com/lmax/disruptor/3.4.2/disruptor-3.4.2.jar:/home/user/.m2/repository/org/apache/commons/commons-pool2/2.6.0/commons-pool2-2.6.0.jar:/home/user/.m2/repository/org/bouncycastle/bcpkix-jdk15on/1.60/bcpkix-jdk15on-1.60.jar:/home/user/.m2/repository/commons-validator/commons-validator/1.6/commons-validator-1.6.jar:/home/user/.m2/repository/commons-digester/commons-digester/1.8.1/commons-digester-1.8.1.jar:/home/user/.m2/repository/io/jaegertracing/jaeger-client/0.34.0/jaeger-client-0.34.0.jar:/home/user/.m2/repository/io/jaegertracing/jaeger-thrift/0.34.0/jaeger-thrift-0.34.0.jar:/home/user/.m2/repository/org/apache/thrift/libthrift/0.12.0/libthrift-0.12.0.jar:/home/user/.m2/repository/com/squareup/okhttp3/okhttp/3.9.0/okhttp-3.9.0.jar:/home/user/.m2/repository/com/squareup/okio/okio/1.13.0/okio-1.13.0.jar:/home/user/.m2/repository/io/jaegertracing/jaeger-core/0.34.0/jaeger-core-0.34.0.jar:/home/user/.m2/repository/io/jaegertracing/jaeger-tracerresolver/0.34.0/jaeger-tracerresolver-0.34.0.jar:/home/user/.m2/repository/io/opentracing/contrib/opentracing-tracerresolver/0.1.5/opentracing-tracerresolver-0.1.5.jar:/home/user/.m2/repository/io/opentracing/opentracing-util/0.31.0/opentracing-util-0.31.0.jar:/home/user/.m2/repository/io/opentracing/opentracing-api/0.31.0/opentracing-api-0.31.0.jar:/home/user/.m2/repository/io/opentracing/opentracing-noop/0.31.0/opentracing-noop-0.31.0.jar:/home/user/.m2/repository/org/apache/hadoop/hadoop-hdds-server-framework/0.5.0-SNAPSHOT/hadoop-hdds-server-framework-0.5.0-SNAPSHOT.jar:/home/user/.m2/repository/org/apache/hadoop/hadoop-hdds-container-service/0.5.0-SNAPSHOT/hadoop-hdds-container-service-0.5.0-SNAPSHOT.jar:/home/user/.m2/repository/org/apache/hadoop/hadoop-hdds-client/0.5.0-SNAPSHOT/hadoop-hdds-client-0.5.0-SNAPSHOT.jar:/home/user/.m2/repository/org/apache/hadoop/hadoop-hdds-tools/0.5.0-SNAPSHOT/hadoop-hdds-tools-0.5.0-SNAPSHOT.jar:/home/user/.m2/repository/org/apache/hadoop/hadoop-hdds-server-scm/0.5.0-SNAPSHOT/hadoop-hdds-server-scm-0.5.0-SNAPSHOT.jar:/home/user/.m2/repository/org/apache/hadoop/hadoop-hdds-docs/0.5.0-SNAPSHOT/hadoop-hdds-docs-0.5.0-SNAPSHOT.jar:/home/user/.m2/repository/io/dropwizard/metrics/metrics-core/3.2.4/metrics-core-3.2.4.jar:/home/user/.m2/repository/org/hamcrest/hamcrest-all/1.3/hamcrest-all-1.3.jar:/home/user/.m2/repository/org/bouncycastle/bcprov-jdk15on/1.60/bcprov-jdk15on-1.60.jar:/home/user/.m2/repository/info/picocli/picocli/3.9.6/picocli-3.9.6.jar:/home/user/.m2/repository/com/google/protobuf/protobuf-java/2.5.0/protobuf-java-2.5.0.jar:/home/user/.m2/repository/com/google/guava/guava/11.0.2/guava-11.0.2.jar:/home/user/.m2/repository/org/apache/hadoop/hadoop-ozone-ozone-manager/0.5.0-SNAPSHOT/hadoop-ozone-ozone-manager-0.5.0-SNAPSHOT.jar:/home/user/.m2/repository/org/apache/hadoop/hadoop-minikdc/3.2.0/hadoop-minikdc-3.2.0.jar:/home/user/.m2/repository/commons-io/commons-io/2.5/commons-io-2.5.jar:/home/user/.m2/repository/org/apache/kerby/kerb-simplekdc/1.0.1/kerb-simplekdc-1.0.1.jar:/home/user/.m2/repository/org/apache/kerby/kerb-client/1.0.1/kerb-client-1.0.1.jar:/home/user/.m2/repository/org/apache/kerby/kerby-config/1.0.1/kerby-config-1.0.1.jar:/home/user/.m2/repository/org/apache/kerby/kerb-core/1.0.1/kerb-core-1.0.1.jar:/home/user/.m2/repository/org/apache/kerby/kerby-pkix/1.0.1/kerby-pkix-1.0.1.jar:/home/user/.m2/repository/org/apache/kerby/kerby-asn1/1.0.1/kerby-asn1-1.0.1.jar:/home/user/.m2/repository/org/apache/kerby/kerby-util/1.0.1/kerby-util-1.0.1.jar:/home/user/.m2/repository/org/apache/kerby/kerb-common/1.0.1/kerb-common-1.0.1.jar:/home/user/.m2/repository/org/apache/kerby/kerb-crypto/1.0.1/kerb-crypto-1.0.1.jar:/home/user/.m2/repository/org/apache/kerby/kerb-util/1.0.1/kerb-util-1.0.1.jar:/home/user/.m2/repository/org/apache/kerby/token-provider/1.0.1/token-provider-1.0.1.jar:/home/user/.m2/repository/org/apache/kerby/kerb-admin/1.0.1/kerb-admin-1.0.1.jar:/home/user/.m2/repository/org/apache/kerby/kerb-server/1.0.1/kerb-server-1.0.1.jar:/home/user/.m2/repository/org/apache/kerby/kerb-identity/1.0.1/kerb-identity-1.0.1.jar:/home/user/.m2/repository/org/apache/kerby/kerby-xdr/1.0.1/kerby-xdr-1.0.1.jar:/home/user/.m2/repository/org/slf4j/slf4j-log4j12/1.7.25/slf4j-log4j12-1.7.25.jar:/home/user/.m2/repository/org/apache/hadoop/hadoop-ozone-s3gateway/0.5.0-SNAPSHOT/hadoop-ozone-s3gateway-0.5.0-SNAPSHOT.jar:/home/user/.m2/repository/org/jboss/weld/servlet/weld-servlet/2.4.7.Final/weld-servlet-2.4.7.Final.jar:/home/user/.m2/repository/org/glassfish/jersey/containers/jersey-container-servlet-core/2.27/jersey-container-servlet-core-2.27.jar:/home/user/.m2/repository/org/glassfish/hk2/external/javax.inject/2.5.0-b42/javax.inject-2.5.0-b42.jar:/home/user/.m2/repository/org/glassfish/jersey/core/jersey-common/2.27/jersey-common-2.27.jar:/home/user/.m2/repository/org/glassfish/hk2/osgi-resource-locator/1.0.1/osgi-resource-locator-1.0.1.jar:/home/user/.m2/repository/javax/ws/rs/javax.ws.rs-api/2.1/javax.ws.rs-api-2.1.jar:/home/user/.m2/repository/org/glassfish/jersey/ext/cdi/jersey-cdi1x/2.27/jersey-cdi1x-2.27.jar:/home/user/.m2/repository/org/glassfish/jersey/inject/jersey-hk2/2.27/jersey-hk2-2.27.jar:/home/user/.m2/repository/org/glassfish/hk2/hk2-locator/2.5.0-b42/hk2-locator-2.5.0-b42.jar:/home/user/.m2/repository/org/javassist/javassist/3.22.0-CR2/javassist-3.22.0-CR2.jar:/home/user/.m2/repository/org/glassfish/hk2/hk2-api/2.5.0/hk2-api-2.5.0.jar:/home/user/.m2/repository/org/glassfish/hk2/external/jakarta.inject/2.5.0/jakarta.inject-2.5.0.jar:/home/user/.m2/repository/org/glassfish/hk2/hk2-utils/2.5.0/hk2-utils-2.5.0.jar:/home/user/.m2/repository/jakarta/annotation/jakarta.annotation-api/1.3.4/jakarta.annotation-api-1.3.4.jar:/home/user/.m2/repository/org/glassfish/hk2/external/aopalliance-repackaged/2.5.0/aopalliance-repackaged-2.5.0.jar:/home/user/.m2/repository/com/fasterxml/jackson/dataformat/jackson-dataformat-xml/2.9.0/jackson-dataformat-xml-2.9.0.jar:/home/user/.m2/repository/com/fasterxml/jackson/core/jackson-core/2.9.9/jackson-core-2.9.9.jar:/home/user/.m2/repository/com/fasterxml/jackson/module/jackson-module-jaxb-annotations/2.9.9/jackson-module-jaxb-annotations-2.9.9.jar:/home/user/.m2/repository/javax/enterprise/cdi-api/1.2/cdi-api-1.2.jar:/home/user/.m2/repository/javax/el/javax.el-api/3.0.0/javax.el-api-3.0.0.jar:/home/user/.m2/repository/javax/interceptor/javax.interceptor-api/1.2/javax.interceptor-api-1.2.jar:/home/user/.m2/repository/javax/inject/javax.inject/1/javax.inject-1.jar:/home/user/.m2/repository/com/sun/xml/bind/jaxb-impl/2.3.0.1/jaxb-impl-2.3.0.1.jar:/home/user/.m2/repository/com/sun/xml/bind/jaxb-core/2.3.0.1/jaxb-core-2.3.0.1.jar:/home/user/.m2/repository/javax/xml/bind/jaxb-api/2.3.0/jaxb-api-2.3.0.jar:/home/user/.m2/repository/javax/activation/activation/1.1.1/activation-1.1.1.jar:/home/user/.m2/repository/org/apache/hadoop/hadoop-ozone-csi/0.5.0-SNAPSHOT/hadoop-ozone-csi-0.5.0-SNAPSHOT.jar:/home/user/.m2/repository/com/google/protobuf/protobuf-java-util/3.5.1/protobuf-java-util-3.5.1.jar:/home/user/.m2/repository/org/apache/hadoop/hadoop-hdds-config/0.5.0-SNAPSHOT/hadoop-hdds-config-0.5.0-SNAPSHOT.jar:/home/user/.m2/repository/io/grpc/grpc-netty/1.17.1/grpc-netty-1.17.1.jar:/home/user/.m2/repository/io/grpc/grpc-core/1.17.1/grpc-core-1.17.1.jar:/home/user/.m2/repository/io/grpc/grpc-context/1.17.1/grpc-context-1.17.1.jar:/home/user/.m2/repository/com/google/errorprone/error_prone_annotations/2.2.0/error_prone_annotations-2.2.0.jar:/home/user/.m2/repository/org/codehaus/mojo/animal-sniffer-annotations/1.17/animal-sniffer-annotations-1.17.jar:/home/user/.m2/repository/io/opencensus/opencensus-api/0.17.0/opencensus-api-0.17.0.jar:/home/user/.m2/repository/io/opencensus/opencensus-contrib-grpc-metrics/0.17.0/opencensus-contrib-grpc-metrics-0.17.0.jar:/home/user/.m2/repository/io/netty/netty-codec-http2/4.1.30.Final/netty-codec-http2-4.1.30.Final.jar:/home/user/.m2/repository/io/netty/netty-codec-http/4.1.30.Final/netty-codec-http-4.1.30.Final.jar:/home/user/.m2/repository/io/netty/netty-codec/4.1.30.Final/netty-codec-4.1.30.Final.jar:/home/user/.m2/repository/io/netty/netty-handler/4.1.30.Final/netty-handler-4.1.30.Final.jar:/home/user/.m2/repository/io/netty/netty-handler-proxy/4.1.30.Final/netty-handler-proxy-4.1.30.Final.jar:/home/user/.m2/repository/io/netty/netty-codec-socks/4.1.30.Final/netty-codec-socks-4.1.30.Final.jar:/home/user/.m2/repository/io/netty/netty-transport-native-epoll/4.1.30.Final/netty-transport-native-epoll-4.1.30.Final.jar:/home/user/.m2/repository/io/netty/netty-common/4.1.30.Final/netty-common-4.1.30.Final.jar:/home/user/.m2/repository/io/netty/netty-buffer/4.1.30.Final/netty-buffer-4.1.30.Final.jar:/home/user/.m2/repository/io/netty/netty-transport/4.1.30.Final/netty-transport-4.1.30.Final.jar:/home/user/.m2/repository/io/netty/netty-resolver/4.1.30.Final/netty-resolver-4.1.30.Final.jar:/home/user/.m2/repository/io/netty/netty-transport-native-unix-common/4.1.30.Final/netty-transport-native-unix-common-4.1.30.Final.jar:/home/user/.m2/repository/io/grpc/grpc-protobuf/1.17.1/grpc-protobuf-1.17.1.jar:/home/user/.m2/repository/com/google/api/grpc/proto-google-common-protos/1.0.0/proto-google-common-protos-1.0.0.jar:/home/user/.m2/repository/io/grpc/grpc-protobuf-lite/1.17.1/grpc-protobuf-lite-1.17.1.jar:/home/user/.m2/repository/io/grpc/grpc-stub/1.17.1/grpc-stub-1.17.1.jar:/home/user/.m2/repository/org/apache/hadoop/hadoop-ozone-recon/0.5.0-SNAPSHOT/hadoop-ozone-recon-0.5.0-SNAPSHOT.jar:/home/user/.m2/repository/org/apache/hadoop/hadoop-ozone-reconcodegen/0.5.0-SNAPSHOT/hadoop-ozone-reconcodegen-0.5.0-SNAPSHOT.jar:/home/user/.m2/repository/com/google/inject/extensions/guice-multibindings/4.0/guice-multibindings-4.0.jar:/home/user/.m2/repository/com/google/inject/guice/4.0/guice-4.0.jar:/home/user/.m2/repository/aopalliance/aopalliance/1.0/aopalliance-1.0.jar:/home/user/.m2/repository/com/google/inject/extensions/guice-servlet/4.0/guice-servlet-4.0.jar:/home/user/.m2/repository/org/glassfish/jersey/containers/jersey-container-servlet/2.27/jersey-container-servlet-2.27.jar:/home/user/.m2/repository/org/glassfish/hk2/guice-bridge/2.5.0/guice-bridge-2.5.0.jar:/home/user/.m2/repository/org/glassfish/jersey/core/jersey-server/2.27/jersey-server-2.27.jar:/home/user/.m2/repository/org/glassfish/jersey/core/jersey-client/2.27/jersey-client-2.27.jar:/home/user/.m2/repository/org/glassfish/jersey/media/jersey-media-jaxb/2.27/jersey-media-jaxb-2.27.jar:/home/user/.m2/repository/javax/validation/validation-api/1.1.0.Final/validation-api-1.1.0.Final.jar:/home/user/.m2/repository/org/glassfish/jersey/media/jersey-media-json-jackson/2.27/jersey-media-json-jackson-2.27.jar:/home/user/.m2/repository/org/glassfish/jersey/ext/jersey-entity-filtering/2.27/jersey-entity-filtering-2.27.jar:/home/user/.m2/repository/com/google/inject/extensions/guice-assistedinject/4.0/guice-assistedinject-4.0.jar:/home/user/.m2/repository/org/jooq/jooq/3.11.10/jooq-3.11.10.jar:/home/user/.m2/repository/org/jooq/jooq-meta/3.11.10/jooq-meta-3.11.10.jar:/home/user/.m2/repository/org/jooq/jooq-codegen/3.11.10/jooq-codegen-3.11.10.jar:/home/user/.m2/repository/com/jolbox/bonecp/0.8.0.RELEASE/bonecp-0.8.0.RELEASE.jar:/home/user/.m2/repository/org/xerial/sqlite-jdbc/3.25.2/sqlite-jdbc-3.25.2.jar:/home/user/.m2/repository/org/springframework/spring-jdbc/5.1.3.RELEASE/spring-jdbc-5.1.3.RELEASE.jar:/home/user/.m2/repository/org/springframework/spring-beans/5.1.3.RELEASE/spring-beans-5.1.3.RELEASE.jar:/home/user/.m2/repository/org/springframework/spring-core/5.1.3.RELEASE/spring-core-5.1.3.RELEASE.jar:/home/user/.m2/repository/org/springframework/spring-jcl/5.1.3.RELEASE/spring-jcl-5.1.3.RELEASE.jar:/home/user/.m2/repository/org/springframework/spring-tx/5.1.3.RELEASE/spring-tx-5.1.3.RELEASE.jar:/home/user/.m2/repository/org/apache/hadoop/hadoop-ozone-client/0.5.0-SNAPSHOT/hadoop-ozone-client-0.5.0-SNAPSHOT.jar:/home/user/.m2/repository/commons-lang/commons-lang/2.6/commons-lang-2.6.jar:/home/user/.m2/repository/org/apache/hadoop/hadoop-ozone-ozone-manager/0.5.0-SNAPSHOT/hadoop-ozone-ozone-manager-0.5.0-SNAPSHOT-tests.jar:/home/user/.m2/repository/junit/junit/4.11/junit-4.11.jar:/home/user/.m2/repository/org/hamcrest/hamcrest-core/1.3/hamcrest-core-1.3.jar:/home/user/.m2/repository/org/openjdk/jmh/jmh-core/1.19/jmh-core-1.19.jar:/home/user/.m2/repository/net/sf/jopt-simple/jopt-simple/4.6/jopt-simple-4.6.jar:/home/user/.m2/repository/org/apache/commons/commons-math3/3.1.1/commons-math3-3.1.1.jar:/home/user/.m2/repository/org/openjdk/jmh/jmh-generator-annprocess/1.19/jmh-generator-annprocess-1.19.jar:/home/user/.m2/repository/org/mockito/mockito-all/1.8.5/mockito-all-1.8.5.jar:/home/user/.m2/repository/org/apache/hadoop/hadoop-kms/3.2.0/hadoop-kms-3.2.0.jar:/home/user/.m2/repository/org/apache/hadoop/hadoop-auth/3.2.0/hadoop-auth-3.2.0.jar:/home/user/.m2/repository/com/nimbusds/nimbus-jose-jwt/4.41.1/nimbus-jose-jwt-4.41.1.jar:/home/user/.m2/repository/com/github/stephenc/jcip/jcip-annotations/1.0-1/jcip-annotations-1.0-1.jar:/home/user/.m2/repository/net/minidev/json-smart/2.3/json-smart-2.3.jar:/home/user/.m2/repository/net/minidev/accessors-smart/1.2/accessors-smart-1.2.jar:/home/user/.m2/repository/org/ow2/asm/asm/5.0.4/asm-5.0.4.jar:/home/user/.m2/repository/org/apache/curator/curator-framework/2.12.0/curator-framework-2.12.0.jar:/home/user/.m2/repository/com/sun/jersey/jersey-core/1.19/jersey-core-1.19.jar:/home/user/.m2/repository/javax/ws/rs/jsr311-api/1.1.1/jsr311-api-1.1.1.jar:/home/user/.m2/repository/com/sun/jersey/jersey-server/1.19/jersey-server-1.19.jar:/home/user/.m2/repository/javax/servlet/javax.servlet-api/3.1.0/javax.servlet-api-3.1.0.jar:/home/user/.m2/repository/org/eclipse/jetty/jetty-server/9.3.25.v20180904/jetty-server-9.3.25.v20180904.jar:/home/user/.m2/repository/org/eclipse/jetty/jetty-http/9.3.25.v20180904/jetty-http-9.3.25.v20180904.jar:/home/user/.m2/repository/org/eclipse/jetty/jetty-io/9.3.25.v20180904/jetty-io-9.3.25.v20180904.jar:/home/user/.m2/repository/org/eclipse/jetty/jetty-webapp/9.3.25.v20180904/jetty-webapp-9.3.25.v20180904.jar:/home/user/.m2/repository/org/eclipse/jetty/jetty-xml/9.3.25.v20180904/jetty-xml-9.3.25.v20180904.jar:/home/user/.m2/repository/log4j/log4j/1.2.17/log4j-1.2.17.jar:/home/user/.m2/repository/org/slf4j/slf4j-api/1.7.25/slf4j-api-1.7.25.jar:/home/user/.m2/repository/org/slf4j/jul-to-slf4j/1.7.25/jul-to-slf4j-1.7.25.jar:/home/user/.m2/repository/org/eclipse/jetty/jetty-util/9.3.25.v20180904/jetty-util-9.3.25.v20180904.jar:/home/user/.m2/repository/com/fasterxml/jackson/core/jackson-databind/2.9.9/jackson-databind-2.9.9.jar:/home/user/.m2/repository/org/apache/hadoop/hadoop-kms/3.2.0/hadoop-kms-3.2.0-tests.jar:/home/user/.m2/repository/org/apache/hadoop/hadoop-hdds-server-scm/0.5.0-SNAPSHOT/hadoop-hdds-server-scm-0.5.0-SNAPSHOT-tests.jar:/home/user/.m2/repository/org/apache/hadoop/hadoop-hdds-container-service/0.5.0-SNAPSHOT/hadoop-hdds-container-service-0.5.0-SNAPSHOT-tests.jar:/home/user/.m2/repository/org/yaml/snakeyaml/1.16/snakeyaml-1.16.jar:/home/user/.m2/repository/org/apache/hadoop/hadoop-common/3.2.0/hadoop-common-3.2.0-tests.jar:/home/user/.m2/repository/org/apache/hadoop/hadoop-annotations/3.2.0/hadoop-annotations-3.2.0.jar:/usr/lib/jvm/java-1.8-openjdk/jre/../lib/tools.jar:/home/user/.m2/repository/commons-cli/commons-cli/1.2/commons-cli-1.2.jar:/home/user/.m2/repository/org/apache/httpcomponents/httpclient/4.5.2/httpclient-4.5.2.jar:/home/user/.m2/repository/org/apache/httpcomponents/httpcore/4.4.4/httpcore-4.4.4.jar:/home/user/.m2/repository/commons-codec/commons-codec/1.11/commons-codec-1.11.jar:/home/user/.m2/repository/commons-net/commons-net/3.6/commons-net-3.6.jar:/home/user/.m2/repository/commons-collections/commons-collections/3.2.2/commons-collections-3.2.2.jar:/home/user/.m2/repository/org/eclipse/jetty/jetty-servlet/9.3.25.v20180904/jetty-servlet-9.3.25.v20180904.jar:/home/user/.m2/repository/org/eclipse/jetty/jetty-security/9.3.25.v20180904/jetty-security-9.3.25.v20180904.jar:/home/user/.m2/repository/javax/servlet/jsp/jsp-api/2.1/jsp-api-2.1.jar:/home/user/.m2/repository/com/sun/jersey/jersey-servlet/1.19/jersey-servlet-1.19.jar:/home/user/.m2/repository/com/sun/jersey/jersey-json/1.19/jersey-json-1.19.jar:/home/user/.m2/repository/org/codehaus/jettison/jettison/1.1/jettison-1.1.jar:/home/user/.m2/repository/org/codehaus/jackson/jackson-core-asl/1.9.13/jackson-core-asl-1.9.13.jar:/home/user/.m2/repository/org/codehaus/jackson/jackson-mapper-asl/1.9.13/jackson-mapper-asl-1.9.13.jar:/home/user/.m2/repository/org/codehaus/jackson/jackson-jaxrs/1.9.13/jackson-jaxrs-1.9.13.jar:/home/user/.m2/repository/org/codehaus/jackson/jackson-xc/1.9.13/jackson-xc-1.9.13.jar:/home/user/.m2/repository/commons-logging/commons-logging/1.1.3/commons-logging-1.1.3.jar:/home/user/.m2/repository/commons-beanutils/commons-beanutils/1.9.4/commons-beanutils-1.9.4.jar:/home/user/.m2/repository/org/apache/commons/commons-configuration2/2.1.1/commons-configuration2-2.1.1.jar:/home/user/.m2/repository/org/apache/commons/commons-lang3/3.7/commons-lang3-3.7.jar:/home/user/.m2/repository/org/apache/commons/commons-text/1.4/commons-text-1.4.jar:/home/user/.m2/repository/org/apache/avro/avro/1.7.7/avro-1.7.7.jar:/home/user/.m2/repository/com/thoughtworks/paranamer/paranamer/2.3/paranamer-2.3.jar:/home/user/.m2/repository/org/xerial/snappy/snappy-java/1.0.5/snappy-java-1.0.5.jar:/home/user/.m2/repository/com/google/re2j/re2j/1.1/re2j-1.1.jar:/home/user/.m2/repository/com/google/code/gson/gson/2.2.4/gson-2.2.4.jar:/home/user/.m2/repository/com/jcraft/jsch/0.1.54/jsch-0.1.54.jar:/home/user/.m2/repository/org/apache/curator/curator-client/2.12.0/curator-client-2.12.0.jar:/home/user/.m2/repository/org/apache/curator/curator-recipes/2.12.0/curator-recipes-2.12.0.jar:/home/user/.m2/repository/com/google/code/findbugs/jsr305/3.0.0/jsr305-3.0.0.jar:/home/user/.m2/repository/org/apache/htrace/htrace-core4/4.1.0-incubating/htrace-core4-4.1.0-incubating.jar:/home/user/.m2/repository/org/apache/zookeeper/zookeeper/3.4.13/zookeeper-3.4.13.jar:/home/user/.m2/repository/jline/jline/0.9.94/jline-0.9.94.jar:/home/user/.m2/repository/org/apache/yetus/audience-annotations/0.5.0/audience-annotations-0.5.0.jar:/home/user/.m2/repository/org/codehaus/woodstox/stax2-api/3.1.4/stax2-api-3.1.4.jar:/home/user/.m2/repository/com/fasterxml/woodstox/woodstox-core/5.0.3/woodstox-core-5.0.3.jar:/home/user/.m2/repository/dnsjava/dnsjava/2.1.7/dnsjava-2.1.7.jar:/home/user/.m2/repository/org/apache/hadoop/hadoop-hdfs/3.2.0/hadoop-hdfs-3.2.0-tests.jar:/home/user/.m2/repository/org/eclipse/jetty/jetty-util-ajax/9.3.25.v20180904/jetty-util-ajax-9.3.25.v20180904.jar:/home/user/.m2/repository/commons-daemon/commons-daemon/1.0.13/commons-daemon-1.0.13.jar:/home/user/.m2/repository/io/netty/netty/3.10.5.Final/netty-3.10.5.Final.jar:/home/user/.m2/repository/io/netty/netty-all/4.0.52.Final/netty-all-4.0.52.Final.jar:/home/user/.m2/repository/org/fusesource/leveldbjni/leveldbjni-all/1.8/leveldbjni-all-1.8.jar:"/>
    <property name="java.vm.vendor" value="IcedTea"/>
    <property name="sun.arch.data.model" value="64"/>
    <property name="test.build.dir" value="/workdir/hadoop-ozone/integration-test/target/test-dir"/>
    <property name="test.cache.data" value=""/>
    <property name="java.vendor.url" value="https://icedtea.classpath.org"/>
    <property name="user.timezone" value=""/>
    <property name="java.vm.specification.version" value="1.8"/>
    <property name="os.name" value="Linux"/>
    <property name="test.build.data" value="/workdir/hadoop-ozone/integration-test/target/test-dir"/>
    <property name="user.country" value="US"/>
    <property name="sun.java.launcher" value="SUN_STANDARD"/>
    <property name="sun.boot.library.path" value="/usr/lib/jvm/java-1.8-openjdk/jre/lib/amd64"/>
    <property name="sun.java.command" value="/workdir/hadoop-ozone/integration-test/target/surefire/surefirebooter587384227583722537.jar /workdir/hadoop-ozone/integration-test/target/surefire 2019-09-25T15-54-36_667-jvmRun1 surefire6045375743245899456tmp surefire_485899845282710021394tmp"/>
    <property name="test" value="!TestMiniChaosOzoneCluster"/>
    <property name="surefire.test.class.path" value="/workdir/hadoop-ozone/integration-test/target/test-classes:/workdir/hadoop-ozone/integration-test/target/classes:/home/user/.m2/repository/org/apache/hadoop/hadoop-ozone-common/0.5.0-SNAPSHOT/hadoop-ozone-common-0.5.0-SNAPSHOT.jar:/home/user/.m2/repository/org/apache/commons/commons-compress/1.4.1/commons-compress-1.4.1.jar:/home/user/.m2/repository/org/tukaani/xz/1.0/xz-1.0.jar:/home/user/.m2/repository/org/apache/hadoop/hadoop-common/3.2.0/hadoop-common-3.2.0.jar:/home/user/.m2/repository/org/apache/hadoop/hadoop-hdfs/3.2.0/hadoop-hdfs-3.2.0.jar:/home/user/.m2/repository/org/apache/hadoop/hadoop-hdfs-client/3.2.0/hadoop-hdfs-client-3.2.0.jar:/home/user/.m2/repository/com/fasterxml/jackson/core/jackson-annotations/2.9.9/jackson-annotations-2.9.9.jar:/home/user/.m2/repository/org/apache/hadoop/hadoop-hdds-common/0.5.0-SNAPSHOT/hadoop-hdds-common-0.5.0-SNAPSHOT.jar:/home/user/.m2/repository/javax/annotation/javax.annotation-api/1.2/javax.annotation-api-1.2.jar:/home/user/.m2/repository/org/apache/ratis/ratis-server/0.4.0/ratis-server-0.4.0.jar:/home/user/.m2/repository/org/apache/ratis/ratis-thirdparty-misc/0.2.0/ratis-thirdparty-misc-0.2.0.jar:/home/user/.m2/repository/org/apache/ratis/ratis-proto/0.4.0/ratis-proto-0.4.0.jar:/home/user/.m2/repository/org/apache/ratis/ratis-common/0.4.0/ratis-common-0.4.0.jar:/home/user/.m2/repository/org/apache/ratis/ratis-client/0.4.0/ratis-client-0.4.0.jar:/home/user/.m2/repository/org/apache/ratis/ratis-metrics/0.4.0/ratis-metrics-0.4.0.jar:/home/user/.m2/repository/com/github/joshelser/dropwizard-metrics-hadoop-metrics2-reporter/0.1.2/dropwizard-metrics-hadoop-metrics2-reporter-0.1.2.jar:/home/user/.m2/repository/io/dropwizard/metrics/metrics-jvm/3.2.5/metrics-jvm-3.2.5.jar:/home/user/.m2/repository/io/dropwizard/metrics/metrics-ganglia/3.2.5/metrics-ganglia-3.2.5.jar:/home/user/.m2/repository/info/ganglia/gmetric4j/gmetric4j/1.0.7/gmetric4j-1.0.7.jar:/home/user/.m2/repository/org/apache/ratis/ratis-netty/0.4.0/ratis-netty-0.4.0.jar:/home/user/.m2/repository/org/apache/ratis/ratis-grpc/0.4.0/ratis-grpc-0.4.0.jar:/home/user/.m2/repository/org/rocksdb/rocksdbjni/6.0.1/rocksdbjni-6.0.1.jar:/home/user/.m2/repository/org/apache/logging/log4j/log4j-api/2.11.0/log4j-api-2.11.0.jar:/home/user/.m2/repository/org/apache/logging/log4j/log4j-core/2.11.0/log4j-core-2.11.0.jar:/home/user/.m2/repository/com/lmax/disruptor/3.4.2/disruptor-3.4.2.jar:/home/user/.m2/repository/org/apache/commons/commons-pool2/2.6.0/commons-pool2-2.6.0.jar:/home/user/.m2/repository/org/bouncycastle/bcpkix-jdk15on/1.60/bcpkix-jdk15on-1.60.jar:/home/user/.m2/repository/commons-validator/commons-validator/1.6/commons-validator-1.6.jar:/home/user/.m2/repository/commons-digester/commons-digester/1.8.1/commons-digester-1.8.1.jar:/home/user/.m2/repository/io/jaegertracing/jaeger-client/0.34.0/jaeger-client-0.34.0.jar:/home/user/.m2/repository/io/jaegertracing/jaeger-thrift/0.34.0/jaeger-thrift-0.34.0.jar:/home/user/.m2/repository/org/apache/thrift/libthrift/0.12.0/libthrift-0.12.0.jar:/home/user/.m2/repository/com/squareup/okhttp3/okhttp/3.9.0/okhttp-3.9.0.jar:/home/user/.m2/repository/com/squareup/okio/okio/1.13.0/okio-1.13.0.jar:/home/user/.m2/repository/io/jaegertracing/jaeger-core/0.34.0/jaeger-core-0.34.0.jar:/home/user/.m2/repository/io/jaegertracing/jaeger-tracerresolver/0.34.0/jaeger-tracerresolver-0.34.0.jar:/home/user/.m2/repository/io/opentracing/contrib/opentracing-tracerresolver/0.1.5/opentracing-tracerresolver-0.1.5.jar:/home/user/.m2/repository/io/opentracing/opentracing-util/0.31.0/opentracing-util-0.31.0.jar:/home/user/.m2/repository/io/opentracing/opentracing-api/0.31.0/opentracing-api-0.31.0.jar:/home/user/.m2/repository/io/opentracing/opentracing-noop/0.31.0/opentracing-noop-0.31.0.jar:/home/user/.m2/repository/org/apache/hadoop/hadoop-hdds-server-framework/0.5.0-SNAPSHOT/hadoop-hdds-server-framework-0.5.0-SNAPSHOT.jar:/home/user/.m2/repository/org/apache/hadoop/hadoop-hdds-container-service/0.5.0-SNAPSHOT/hadoop-hdds-container-service-0.5.0-SNAPSHOT.jar:/home/user/.m2/repository/org/apache/hadoop/hadoop-hdds-client/0.5.0-SNAPSHOT/hadoop-hdds-client-0.5.0-SNAPSHOT.jar:/home/user/.m2/repository/org/apache/hadoop/hadoop-hdds-tools/0.5.0-SNAPSHOT/hadoop-hdds-tools-0.5.0-SNAPSHOT.jar:/home/user/.m2/repository/org/apache/hadoop/hadoop-hdds-server-scm/0.5.0-SNAPSHOT/hadoop-hdds-server-scm-0.5.0-SNAPSHOT.jar:/home/user/.m2/repository/org/apache/hadoop/hadoop-hdds-docs/0.5.0-SNAPSHOT/hadoop-hdds-docs-0.5.0-SNAPSHOT.jar:/home/user/.m2/repository/io/dropwizard/metrics/metrics-core/3.2.4/metrics-core-3.2.4.jar:/home/user/.m2/repository/org/hamcrest/hamcrest-all/1.3/hamcrest-all-1.3.jar:/home/user/.m2/repository/org/bouncycastle/bcprov-jdk15on/1.60/bcprov-jdk15on-1.60.jar:/home/user/.m2/repository/info/picocli/picocli/3.9.6/picocli-3.9.6.jar:/home/user/.m2/repository/com/google/protobuf/protobuf-java/2.5.0/protobuf-java-2.5.0.jar:/home/user/.m2/repository/com/google/guava/guava/11.0.2/guava-11.0.2.jar:/home/user/.m2/repository/org/apache/hadoop/hadoop-ozone-ozone-manager/0.5.0-SNAPSHOT/hadoop-ozone-ozone-manager-0.5.0-SNAPSHOT.jar:/home/user/.m2/repository/org/apache/hadoop/hadoop-minikdc/3.2.0/hadoop-minikdc-3.2.0.jar:/home/user/.m2/repository/commons-io/commons-io/2.5/commons-io-2.5.jar:/home/user/.m2/repository/org/apache/kerby/kerb-simplekdc/1.0.1/kerb-simplekdc-1.0.1.jar:/home/user/.m2/repository/org/apache/kerby/kerb-client/1.0.1/kerb-client-1.0.1.jar:/home/user/.m2/repository/org/apache/kerby/kerby-config/1.0.1/kerby-config-1.0.1.jar:/home/user/.m2/repository/org/apache/kerby/kerb-core/1.0.1/kerb-core-1.0.1.jar:/home/user/.m2/repository/org/apache/kerby/kerby-pkix/1.0.1/kerby-pkix-1.0.1.jar:/home/user/.m2/repository/org/apache/kerby/kerby-asn1/1.0.1/kerby-asn1-1.0.1.jar:/home/user/.m2/repository/org/apache/kerby/kerby-util/1.0.1/kerby-util-1.0.1.jar:/home/user/.m2/repository/org/apache/kerby/kerb-common/1.0.1/kerb-common-1.0.1.jar:/home/user/.m2/repository/org/apache/kerby/kerb-crypto/1.0.1/kerb-crypto-1.0.1.jar:/home/user/.m2/repository/org/apache/kerby/kerb-util/1.0.1/kerb-util-1.0.1.jar:/home/user/.m2/repository/org/apache/kerby/token-provider/1.0.1/token-provider-1.0.1.jar:/home/user/.m2/repository/org/apache/kerby/kerb-admin/1.0.1/kerb-admin-1.0.1.jar:/home/user/.m2/repository/org/apache/kerby/kerb-server/1.0.1/kerb-server-1.0.1.jar:/home/user/.m2/repository/org/apache/kerby/kerb-identity/1.0.1/kerb-identity-1.0.1.jar:/home/user/.m2/repository/org/apache/kerby/kerby-xdr/1.0.1/kerby-xdr-1.0.1.jar:/home/user/.m2/repository/org/slf4j/slf4j-log4j12/1.7.25/slf4j-log4j12-1.7.25.jar:/home/user/.m2/repository/org/apache/hadoop/hadoop-ozone-s3gateway/0.5.0-SNAPSHOT/hadoop-ozone-s3gateway-0.5.0-SNAPSHOT.jar:/home/user/.m2/repository/org/jboss/weld/servlet/weld-servlet/2.4.7.Final/weld-servlet-2.4.7.Final.jar:/home/user/.m2/repository/org/glassfish/jersey/containers/jersey-container-servlet-core/2.27/jersey-container-servlet-core-2.27.jar:/home/user/.m2/repository/org/glassfish/hk2/external/javax.inject/2.5.0-b42/javax.inject-2.5.0-b42.jar:/home/user/.m2/repository/org/glassfish/jersey/core/jersey-common/2.27/jersey-common-2.27.jar:/home/user/.m2/repository/org/glassfish/hk2/osgi-resource-locator/1.0.1/osgi-resource-locator-1.0.1.jar:/home/user/.m2/repository/javax/ws/rs/javax.ws.rs-api/2.1/javax.ws.rs-api-2.1.jar:/home/user/.m2/repository/org/glassfish/jersey/ext/cdi/jersey-cdi1x/2.27/jersey-cdi1x-2.27.jar:/home/user/.m2/repository/org/glassfish/jersey/inject/jersey-hk2/2.27/jersey-hk2-2.27.jar:/home/user/.m2/repository/org/glassfish/hk2/hk2-locator/2.5.0-b42/hk2-locator-2.5.0-b42.jar:/home/user/.m2/repository/org/javassist/javassist/3.22.0-CR2/javassist-3.22.0-CR2.jar:/home/user/.m2/repository/org/glassfish/hk2/hk2-api/2.5.0/hk2-api-2.5.0.jar:/home/user/.m2/repository/org/glassfish/hk2/external/jakarta.inject/2.5.0/jakarta.inject-2.5.0.jar:/home/user/.m2/repository/org/glassfish/hk2/hk2-utils/2.5.0/hk2-utils-2.5.0.jar:/home/user/.m2/repository/jakarta/annotation/jakarta.annotation-api/1.3.4/jakarta.annotation-api-1.3.4.jar:/home/user/.m2/repository/org/glassfish/hk2/external/aopalliance-repackaged/2.5.0/aopalliance-repackaged-2.5.0.jar:/home/user/.m2/repository/com/fasterxml/jackson/dataformat/jackson-dataformat-xml/2.9.0/jackson-dataformat-xml-2.9.0.jar:/home/user/.m2/repository/com/fasterxml/jackson/core/jackson-core/2.9.9/jackson-core-2.9.9.jar:/home/user/.m2/repository/com/fasterxml/jackson/module/jackson-module-jaxb-annotations/2.9.9/jackson-module-jaxb-annotations-2.9.9.jar:/home/user/.m2/repository/javax/enterprise/cdi-api/1.2/cdi-api-1.2.jar:/home/user/.m2/repository/javax/el/javax.el-api/3.0.0/javax.el-api-3.0.0.jar:/home/user/.m2/repository/javax/interceptor/javax.interceptor-api/1.2/javax.interceptor-api-1.2.jar:/home/user/.m2/repository/javax/inject/javax.inject/1/javax.inject-1.jar:/home/user/.m2/repository/com/sun/xml/bind/jaxb-impl/2.3.0.1/jaxb-impl-2.3.0.1.jar:/home/user/.m2/repository/com/sun/xml/bind/jaxb-core/2.3.0.1/jaxb-core-2.3.0.1.jar:/home/user/.m2/repository/javax/xml/bind/jaxb-api/2.3.0/jaxb-api-2.3.0.jar:/home/user/.m2/repository/javax/activation/activation/1.1.1/activation-1.1.1.jar:/home/user/.m2/repository/org/apache/hadoop/hadoop-ozone-csi/0.5.0-SNAPSHOT/hadoop-ozone-csi-0.5.0-SNAPSHOT.jar:/home/user/.m2/repository/com/google/protobuf/protobuf-java-util/3.5.1/protobuf-java-util-3.5.1.jar:/home/user/.m2/repository/org/apache/hadoop/hadoop-hdds-config/0.5.0-SNAPSHOT/hadoop-hdds-config-0.5.0-SNAPSHOT.jar:/home/user/.m2/repository/io/grpc/grpc-netty/1.17.1/grpc-netty-1.17.1.jar:/home/user/.m2/repository/io/grpc/grpc-core/1.17.1/grpc-core-1.17.1.jar:/home/user/.m2/repository/io/grpc/grpc-context/1.17.1/grpc-context-1.17.1.jar:/home/user/.m2/repository/com/google/errorprone/error_prone_annotations/2.2.0/error_prone_annotations-2.2.0.jar:/home/user/.m2/repository/org/codehaus/mojo/animal-sniffer-annotations/1.17/animal-sniffer-annotations-1.17.jar:/home/user/.m2/repository/io/opencensus/opencensus-api/0.17.0/opencensus-api-0.17.0.jar:/home/user/.m2/repository/io/opencensus/opencensus-contrib-grpc-metrics/0.17.0/opencensus-contrib-grpc-metrics-0.17.0.jar:/home/user/.m2/repository/io/netty/netty-codec-http2/4.1.30.Final/netty-codec-http2-4.1.30.Final.jar:/home/user/.m2/repository/io/netty/netty-codec-http/4.1.30.Final/netty-codec-http-4.1.30.Final.jar:/home/user/.m2/repository/io/netty/netty-codec/4.1.30.Final/netty-codec-4.1.30.Final.jar:/home/user/.m2/repository/io/netty/netty-handler/4.1.30.Final/netty-handler-4.1.30.Final.jar:/home/user/.m2/repository/io/netty/netty-handler-proxy/4.1.30.Final/netty-handler-proxy-4.1.30.Final.jar:/home/user/.m2/repository/io/netty/netty-codec-socks/4.1.30.Final/netty-codec-socks-4.1.30.Final.jar:/home/user/.m2/repository/io/netty/netty-transport-native-epoll/4.1.30.Final/netty-transport-native-epoll-4.1.30.Final.jar:/home/user/.m2/repository/io/netty/netty-common/4.1.30.Final/netty-common-4.1.30.Final.jar:/home/user/.m2/repository/io/netty/netty-buffer/4.1.30.Final/netty-buffer-4.1.30.Final.jar:/home/user/.m2/repository/io/netty/netty-transport/4.1.30.Final/netty-transport-4.1.30.Final.jar:/home/user/.m2/repository/io/netty/netty-resolver/4.1.30.Final/netty-resolver-4.1.30.Final.jar:/home/user/.m2/repository/io/netty/netty-transport-native-unix-common/4.1.30.Final/netty-transport-native-unix-common-4.1.30.Final.jar:/home/user/.m2/repository/io/grpc/grpc-protobuf/1.17.1/grpc-protobuf-1.17.1.jar:/home/user/.m2/repository/com/google/api/grpc/proto-google-common-protos/1.0.0/proto-google-common-protos-1.0.0.jar:/home/user/.m2/repository/io/grpc/grpc-protobuf-lite/1.17.1/grpc-protobuf-lite-1.17.1.jar:/home/user/.m2/repository/io/grpc/grpc-stub/1.17.1/grpc-stub-1.17.1.jar:/home/user/.m2/repository/org/apache/hadoop/hadoop-ozone-recon/0.5.0-SNAPSHOT/hadoop-ozone-recon-0.5.0-SNAPSHOT.jar:/home/user/.m2/repository/org/apache/hadoop/hadoop-ozone-reconcodegen/0.5.0-SNAPSHOT/hadoop-ozone-reconcodegen-0.5.0-SNAPSHOT.jar:/home/user/.m2/repository/com/google/inject/extensions/guice-multibindings/4.0/guice-multibindings-4.0.jar:/home/user/.m2/repository/com/google/inject/guice/4.0/guice-4.0.jar:/home/user/.m2/repository/aopalliance/aopalliance/1.0/aopalliance-1.0.jar:/home/user/.m2/repository/com/google/inject/extensions/guice-servlet/4.0/guice-servlet-4.0.jar:/home/user/.m2/repository/org/glassfish/jersey/containers/jersey-container-servlet/2.27/jersey-container-servlet-2.27.jar:/home/user/.m2/repository/org/glassfish/hk2/guice-bridge/2.5.0/guice-bridge-2.5.0.jar:/home/user/.m2/repository/org/glassfish/jersey/core/jersey-server/2.27/jersey-server-2.27.jar:/home/user/.m2/repository/org/glassfish/jersey/core/jersey-client/2.27/jersey-client-2.27.jar:/home/user/.m2/repository/org/glassfish/jersey/media/jersey-media-jaxb/2.27/jersey-media-jaxb-2.27.jar:/home/user/.m2/repository/javax/validation/validation-api/1.1.0.Final/validation-api-1.1.0.Final.jar:/home/user/.m2/repository/org/glassfish/jersey/media/jersey-media-json-jackson/2.27/jersey-media-json-jackson-2.27.jar:/home/user/.m2/repository/org/glassfish/jersey/ext/jersey-entity-filtering/2.27/jersey-entity-filtering-2.27.jar:/home/user/.m2/repository/com/google/inject/extensions/guice-assistedinject/4.0/guice-assistedinject-4.0.jar:/home/user/.m2/repository/org/jooq/jooq/3.11.10/jooq-3.11.10.jar:/home/user/.m2/repository/org/jooq/jooq-meta/3.11.10/jooq-meta-3.11.10.jar:/home/user/.m2/repository/org/jooq/jooq-codegen/3.11.10/jooq-codegen-3.11.10.jar:/home/user/.m2/repository/com/jolbox/bonecp/0.8.0.RELEASE/bonecp-0.8.0.RELEASE.jar:/home/user/.m2/repository/org/xerial/sqlite-jdbc/3.25.2/sqlite-jdbc-3.25.2.jar:/home/user/.m2/repository/org/springframework/spring-jdbc/5.1.3.RELEASE/spring-jdbc-5.1.3.RELEASE.jar:/home/user/.m2/repository/org/springframework/spring-beans/5.1.3.RELEASE/spring-beans-5.1.3.RELEASE.jar:/home/user/.m2/repository/org/springframework/spring-core/5.1.3.RELEASE/spring-core-5.1.3.RELEASE.jar:/home/user/.m2/repository/org/springframework/spring-jcl/5.1.3.RELEASE/spring-jcl-5.1.3.RELEASE.jar:/home/user/.m2/repository/org/springframework/spring-tx/5.1.3.RELEASE/spring-tx-5.1.3.RELEASE.jar:/home/user/.m2/repository/org/apache/hadoop/hadoop-ozone-client/0.5.0-SNAPSHOT/hadoop-ozone-client-0.5.0-SNAPSHOT.jar:/home/user/.m2/repository/commons-lang/commons-lang/2.6/commons-lang-2.6.jar:/home/user/.m2/repository/org/apache/hadoop/hadoop-ozone-ozone-manager/0.5.0-SNAPSHOT/hadoop-ozone-ozone-manager-0.5.0-SNAPSHOT-tests.jar:/home/user/.m2/repository/junit/junit/4.11/junit-4.11.jar:/home/user/.m2/repository/org/hamcrest/hamcrest-core/1.3/hamcrest-core-1.3.jar:/home/user/.m2/repository/org/openjdk/jmh/jmh-core/1.19/jmh-core-1.19.jar:/home/user/.m2/repository/net/sf/jopt-simple/jopt-simple/4.6/jopt-simple-4.6.jar:/home/user/.m2/repository/org/apache/commons/commons-math3/3.1.1/commons-math3-3.1.1.jar:/home/user/.m2/repository/org/openjdk/jmh/jmh-generator-annprocess/1.19/jmh-generator-annprocess-1.19.jar:/home/user/.m2/repository/org/mockito/mockito-all/1.8.5/mockito-all-1.8.5.jar:/home/user/.m2/repository/org/apache/hadoop/hadoop-kms/3.2.0/hadoop-kms-3.2.0.jar:/home/user/.m2/repository/org/apache/hadoop/hadoop-auth/3.2.0/hadoop-auth-3.2.0.jar:/home/user/.m2/repository/com/nimbusds/nimbus-jose-jwt/4.41.1/nimbus-jose-jwt-4.41.1.jar:/home/user/.m2/repository/com/github/stephenc/jcip/jcip-annotations/1.0-1/jcip-annotations-1.0-1.jar:/home/user/.m2/repository/net/minidev/json-smart/2.3/json-smart-2.3.jar:/home/user/.m2/repository/net/minidev/accessors-smart/1.2/accessors-smart-1.2.jar:/home/user/.m2/repository/org/ow2/asm/asm/5.0.4/asm-5.0.4.jar:/home/user/.m2/repository/org/apache/curator/curator-framework/2.12.0/curator-framework-2.12.0.jar:/home/user/.m2/repository/com/sun/jersey/jersey-core/1.19/jersey-core-1.19.jar:/home/user/.m2/repository/javax/ws/rs/jsr311-api/1.1.1/jsr311-api-1.1.1.jar:/home/user/.m2/repository/com/sun/jersey/jersey-server/1.19/jersey-server-1.19.jar:/home/user/.m2/repository/javax/servlet/javax.servlet-api/3.1.0/javax.servlet-api-3.1.0.jar:/home/user/.m2/repository/org/eclipse/jetty/jetty-server/9.3.25.v20180904/jetty-server-9.3.25.v20180904.jar:/home/user/.m2/repository/org/eclipse/jetty/jetty-http/9.3.25.v20180904/jetty-http-9.3.25.v20180904.jar:/home/user/.m2/repository/org/eclipse/jetty/jetty-io/9.3.25.v20180904/jetty-io-9.3.25.v20180904.jar:/home/user/.m2/repository/org/eclipse/jetty/jetty-webapp/9.3.25.v20180904/jetty-webapp-9.3.25.v20180904.jar:/home/user/.m2/repository/org/eclipse/jetty/jetty-xml/9.3.25.v20180904/jetty-xml-9.3.25.v20180904.jar:/home/user/.m2/repository/log4j/log4j/1.2.17/log4j-1.2.17.jar:/home/user/.m2/repository/org/slf4j/slf4j-api/1.7.25/slf4j-api-1.7.25.jar:/home/user/.m2/repository/org/slf4j/jul-to-slf4j/1.7.25/jul-to-slf4j-1.7.25.jar:/home/user/.m2/repository/org/eclipse/jetty/jetty-util/9.3.25.v20180904/jetty-util-9.3.25.v20180904.jar:/home/user/.m2/repository/com/fasterxml/jackson/core/jackson-databind/2.9.9/jackson-databind-2.9.9.jar:/home/user/.m2/repository/org/apache/hadoop/hadoop-kms/3.2.0/hadoop-kms-3.2.0-tests.jar:/home/user/.m2/repository/org/apache/hadoop/hadoop-hdds-server-scm/0.5.0-SNAPSHOT/hadoop-hdds-server-scm-0.5.0-SNAPSHOT-tests.jar:/home/user/.m2/repository/org/apache/hadoop/hadoop-hdds-container-service/0.5.0-SNAPSHOT/hadoop-hdds-container-service-0.5.0-SNAPSHOT-tests.jar:/home/user/.m2/repository/org/yaml/snakeyaml/1.16/snakeyaml-1.16.jar:/home/user/.m2/repository/org/apache/hadoop/hadoop-common/3.2.0/hadoop-common-3.2.0-tests.jar:/home/user/.m2/repository/org/apache/hadoop/hadoop-annotations/3.2.0/hadoop-annotations-3.2.0.jar:/usr/lib/jvm/java-1.8-openjdk/jre/../lib/tools.jar:/home/user/.m2/repository/commons-cli/commons-cli/1.2/commons-cli-1.2.jar:/home/user/.m2/repository/org/apache/httpcomponents/httpclient/4.5.2/httpclient-4.5.2.jar:/home/user/.m2/repository/org/apache/httpcomponents/httpcore/4.4.4/httpcore-4.4.4.jar:/home/user/.m2/repository/commons-codec/commons-codec/1.11/commons-codec-1.11.jar:/home/user/.m2/repository/commons-net/commons-net/3.6/commons-net-3.6.jar:/home/user/.m2/repository/commons-collections/commons-collections/3.2.2/commons-collections-3.2.2.jar:/home/user/.m2/repository/org/eclipse/jetty/jetty-servlet/9.3.25.v20180904/jetty-servlet-9.3.25.v20180904.jar:/home/user/.m2/repository/org/eclipse/jetty/jetty-security/9.3.25.v20180904/jetty-security-9.3.25.v20180904.jar:/home/user/.m2/repository/javax/servlet/jsp/jsp-api/2.1/jsp-api-2.1.jar:/home/user/.m2/repository/com/sun/jersey/jersey-servlet/1.19/jersey-servlet-1.19.jar:/home/user/.m2/repository/com/sun/jersey/jersey-json/1.19/jersey-json-1.19.jar:/home/user/.m2/repository/org/codehaus/jettison/jettison/1.1/jettison-1.1.jar:/home/user/.m2/repository/org/codehaus/jackson/jackson-core-asl/1.9.13/jackson-core-asl-1.9.13.jar:/home/user/.m2/repository/org/codehaus/jackson/jackson-mapper-asl/1.9.13/jackson-mapper-asl-1.9.13.jar:/home/user/.m2/repository/org/codehaus/jackson/jackson-jaxrs/1.9.13/jackson-jaxrs-1.9.13.jar:/home/user/.m2/repository/org/codehaus/jackson/jackson-xc/1.9.13/jackson-xc-1.9.13.jar:/home/user/.m2/repository/commons-logging/commons-logging/1.1.3/commons-logging-1.1.3.jar:/home/user/.m2/repository/commons-beanutils/commons-beanutils/1.9.4/commons-beanutils-1.9.4.jar:/home/user/.m2/repository/org/apache/commons/commons-configuration2/2.1.1/commons-configuration2-2.1.1.jar:/home/user/.m2/repository/org/apache/commons/commons-lang3/3.7/commons-lang3-3.7.jar:/home/user/.m2/repository/org/apache/commons/commons-text/1.4/commons-text-1.4.jar:/home/user/.m2/repository/org/apache/avro/avro/1.7.7/avro-1.7.7.jar:/home/user/.m2/repository/com/thoughtworks/paranamer/paranamer/2.3/paranamer-2.3.jar:/home/user/.m2/repository/org/xerial/snappy/snappy-java/1.0.5/snappy-java-1.0.5.jar:/home/user/.m2/repository/com/google/re2j/re2j/1.1/re2j-1.1.jar:/home/user/.m2/repository/com/google/code/gson/gson/2.2.4/gson-2.2.4.jar:/home/user/.m2/repository/com/jcraft/jsch/0.1.54/jsch-0.1.54.jar:/home/user/.m2/repository/org/apache/curator/curator-client/2.12.0/curator-client-2.12.0.jar:/home/user/.m2/repository/org/apache/curator/curator-recipes/2.12.0/curator-recipes-2.12.0.jar:/home/user/.m2/repository/com/google/code/findbugs/jsr305/3.0.0/jsr305-3.0.0.jar:/home/user/.m2/repository/org/apache/htrace/htrace-core4/4.1.0-incubating/htrace-core4-4.1.0-incubating.jar:/home/user/.m2/repository/org/apache/zookeeper/zookeeper/3.4.13/zookeeper-3.4.13.jar:/home/user/.m2/repository/jline/jline/0.9.94/jline-0.9.94.jar:/home/user/.m2/repository/org/apache/yetus/audience-annotations/0.5.0/audience-annotations-0.5.0.jar:/home/user/.m2/repository/org/codehaus/woodstox/stax2-api/3.1.4/stax2-api-3.1.4.jar:/home/user/.m2/repository/com/fasterxml/woodstox/woodstox-core/5.0.3/woodstox-core-5.0.3.jar:/home/user/.m2/repository/dnsjava/dnsjava/2.1.7/dnsjava-2.1.7.jar:/home/user/.m2/repository/org/apache/hadoop/hadoop-hdfs/3.2.0/hadoop-hdfs-3.2.0-tests.jar:/home/user/.m2/repository/org/eclipse/jetty/jetty-util-ajax/9.3.25.v20180904/jetty-util-ajax-9.3.25.v20180904.jar:/home/user/.m2/repository/commons-daemon/commons-daemon/1.0.13/commons-daemon-1.0.13.jar:/home/user/.m2/repository/io/netty/netty/3.10.5.Final/netty-3.10.5.Final.jar:/home/user/.m2/repository/io/netty/netty-all/4.0.52.Final/netty-all-4.0.52.Final.jar:/home/user/.m2/repository/org/fusesource/leveldbjni/leveldbjni-all/1.8/leveldbjni-all-1.8.jar:"/>
    <property name="sun.cpu.endian" value="little"/>
    <property name="user.home" value="/home/user"/>
    <property name="user.language" value="en"/>
    <property name="java.specification.vendor" value="Oracle Corporation"/>
    <property name="java.home" value="/usr/lib/jvm/java-1.8-openjdk/jre"/>
    <property name="java.security.krb5.conf" value="/workdir/hadoop-ozone/integration-test/target/test-classes/krb5.conf"/>
    <property name="basedir" value="/workdir/hadoop-ozone/integration-test"/>
    <property name="file.separator" value="/"/>
    <property name="line.separator" value="&#10;"/>
    <property name="java.vm.specification.vendor" value="Oracle Corporation"/>
    <property name="java.specification.name" value="Java Platform API Specification"/>
    <property name="java.awt.graphicsenv" value="sun.awt.X11GraphicsEnvironment"/>
    <property name="surefire.real.class.path" value="/workdir/hadoop-ozone/integration-test/target/surefire/surefirebooter587384227583722537.jar"/>
    <property name="hadoop.log.dir" value="/workdir/hadoop-ozone/integration-test/target/log"/>
    <property name="sun.boot.class.path" value="/usr/lib/jvm/java-1.8-openjdk/jre/lib/resources.jar:/usr/lib/jvm/java-1.8-openjdk/jre/lib/rt.jar:/usr/lib/jvm/java-1.8-openjdk/jre/lib/sunrsasign.jar:/usr/lib/jvm/java-1.8-openjdk/jre/lib/jsse.jar:/usr/lib/jvm/java-1.8-openjdk/jre/lib/jce.jar:/usr/lib/jvm/java-1.8-openjdk/jre/lib/charsets.jar:/usr/lib/jvm/java-1.8-openjdk/jre/lib/jfr.jar:/usr/lib/jvm/java-1.8-openjdk/jre/classes"/>
    <property name="sun.management.compiler" value="HotSpot 64-Bit Tiered Compilers"/>
    <property name="java.runtime.version" value="1.8.0_212-b04"/>
    <property name="java.net.preferIPv4Stack" value="true"/>
    <property name="user.name" value="jenkins1000"/>
    <property name="path.separator" value=":"/>
    <property name="java.security.egd" value="file:///dev/urandom"/>
    <property name="os.version" value="3.10.0-957.12.2.el7.x86_64"/>
    <property name="java.endorsed.dirs" value="/usr/lib/jvm/java-1.8-openjdk/jre/lib/endorsed"/>
    <property name="java.runtime.name" value="OpenJDK Runtime Environment"/>
    <property name="file.encoding" value="UTF-8"/>
    <property name="java.vm.name" value="OpenJDK 64-Bit Server VM"/>
    <property name="test.build.webapps" value=""/>
    <property name="localRepository" value="/home/user/.m2/repository"/>
    <property name="java.vendor.url.bug" value="https://icedtea.classpath.org/bugzilla"/>
    <property name="java.io.tmpdir" value="/tmp"/>
    <property name="require.test.libhadoop" value=""/>
    <property name="java.version" value="1.8.0_212"/>
    <property name="user.dir" value="/workdir/hadoop-ozone/integration-test"/>
    <property name="os.arch" value="amd64"/>
    <property name="java.vm.specification.name" value="Java Virtual Machine Specification"/>
    <property name="test.build.classes" value="/workdir/hadoop-ozone/integration-test/target/test-classes"/>
    <property name="java.awt.printerjob" value="sun.print.PSPrinterJob"/>
    <property name="sun.os.patch.level" value="unknown"/>
    <property name="hadoop.tmp.dir" value="/workdir/hadoop-ozone/integration-test/target/tmp"/>
    <property name="java.library.path" value="/usr/lib/jvm/java-1.8-openjdk/jre/lib/amd64/server:/usr/lib/jvm/java-1.8-openjdk/jre/lib/amd64:/usr/lib/jvm/java-1.8-openjdk/jre/../lib/amd64:/workdir/hadoop-ozone/integration-test/target/native/target/usr/local/lib:/workdir/hadoop-ozone/integration-test/../../hadoop-common-project/hadoop-common/target/native/target/usr/local/lib:/usr/java/packages/lib/amd64:/usr/lib64:/lib64:/lib:/usr/lib"/>
    <property name="java.vm.info" value="mixed mode"/>
    <property name="java.vendor" value="IcedTea"/>
    <property name="java.vm.version" value="25.212-b04"/>
    <property name="java.ext.dirs" value="/usr/lib/jvm/java-1.8-openjdk/jre/lib/ext:/usr/java/packages/lib/ext"/>
    <property name="sun.io.unicode.encoding" value="UnicodeLittle"/>
    <property name="java.class.version" value="52.0"/>
  </properties>
  <testcase name="testMultiBlockWritesWithIntermittentDnFailures" classname="org.apache.hadoop.ozone.client.rpc.TestMultiBlockWritesWithDnFailures" time="168.571"/>
  <testcase name="testMultiBlockWritesWithDnFailures" classname="org.apache.hadoop.ozone.client.rpc.TestMultiBlockWritesWithDnFailures" time="72.842">
    <error message="Allocated 0 blocks. Requested 1 blocks" type="INTERNAL_ERROR org.apache.hadoop.ozone.om.exceptions.OMException">INTERNAL_ERROR org.apache.hadoop.ozone.om.exceptions.OMException: Allocated 0 blocks. Requested 1 blocks
	at org.apache.hadoop.ozone.om.protocolPB.OzoneManagerProtocolClientSideTranslatorPB.handleError(OzoneManagerProtocolClientSideTranslatorPB.java:732)
	at org.apache.hadoop.ozone.om.protocolPB.OzoneManagerProtocolClientSideTranslatorPB.allocateBlock(OzoneManagerProtocolClientSideTranslatorPB.java:764)
	at sun.reflect.NativeMethodAccessorImpl.invoke0(Native Method)
	at sun.reflect.NativeMethodAccessorImpl.invoke(NativeMethodAccessorImpl.java:62)
	at sun.reflect.DelegatingMethodAccessorImpl.invoke(DelegatingMethodAccessorImpl.java:43)
	at java.lang.reflect.Method.invoke(Method.java:498)
	at org.apache.hadoop.hdds.tracing.TraceAllMethod.invoke(TraceAllMethod.java:66)
	at com.sun.proxy.$Proxy36.allocateBlock(Unknown Source)
	at org.apache.hadoop.ozone.client.io.BlockOutputStreamEntryPool.allocateNewBlock(BlockOutputStreamEntryPool.java:248)
	at org.apache.hadoop.ozone.client.io.BlockOutputStreamEntryPool.allocateBlockIfNeeded(BlockOutputStreamEntryPool.java:296)
	at org.apache.hadoop.ozone.client.io.KeyOutputStream.handleWrite(KeyOutputStream.java:198)
	at org.apache.hadoop.ozone.client.io.KeyOutputStream.handleRetry(KeyOutputStream.java:375)
	at org.apache.hadoop.ozone.client.io.KeyOutputStream.handleException(KeyOutputStream.java:324)
	at org.apache.hadoop.ozone.client.io.KeyOutputStream.handleWrite(KeyOutputStream.java:228)
	at org.apache.hadoop.ozone.client.io.KeyOutputStream.write(KeyOutputStream.java:190)
	at org.apache.hadoop.ozone.client.io.OzoneOutputStream.write(OzoneOutputStream.java:49)
	at java.io.OutputStream.write(OutputStream.java:75)
	at org.apache.hadoop.ozone.client.rpc.TestMultiBlockWritesWithDnFailures.testMultiBlockWritesWithDnFailures(TestMultiBlockWritesWithDnFailures.java:145)
	at sun.reflect.NativeMethodAccessorImpl.invoke0(Native Method)
	at sun.reflect.NativeMethodAccessorImpl.invoke(NativeMethodAccessorImpl.java:62)
	at sun.reflect.DelegatingMethodAccessorImpl.invoke(DelegatingMethodAccessorImpl.java:43)
	at java.lang.reflect.Method.invoke(Method.java:498)
	at org.junit.runners.model.FrameworkMethod$1.runReflectiveCall(FrameworkMethod.java:47)
	at org.junit.internal.runners.model.ReflectiveCallable.run(ReflectiveCallable.java:12)
	at org.junit.runners.model.FrameworkMethod.invokeExplosively(FrameworkMethod.java:44)
	at org.junit.internal.runners.statements.InvokeMethod.evaluate(InvokeMethod.java:17)
	at org.junit.internal.runners.statements.RunAfters.evaluate(RunAfters.java:27)
	at org.junit.runners.ParentRunner.runLeaf(ParentRunner.java:271)
	at org.junit.runners.BlockJUnit4ClassRunner.runChild(BlockJUnit4ClassRunner.java:70)
	at org.junit.runners.BlockJUnit4ClassRunner.runChild(BlockJUnit4ClassRunner.java:50)
	at org.junit.runners.ParentRunner$3.run(ParentRunner.java:238)
	at org.junit.runners.ParentRunner$1.schedule(ParentRunner.java:63)
	at org.junit.runners.ParentRunner.runChildren(ParentRunner.java:236)
	at org.junit.runners.ParentRunner.access$000(ParentRunner.java:53)
	at org.junit.runners.ParentRunner$2.evaluate(ParentRunner.java:229)
	at org.junit.runners.ParentRunner.run(ParentRunner.java:309)
	at org.apache.maven.surefire.junit4.JUnit4Provider.execute(JUnit4Provider.java:365)
	at org.apache.maven.surefire.junit4.JUnit4Provider.executeWithRerun(JUnit4Provider.java:273)
	at org.apache.maven.surefire.junit4.JUnit4Provider.executeTestSet(JUnit4Provider.java:238)
	at org.apache.maven.surefire.junit4.JUnit4Provider.invoke(JUnit4Provider.java:159)
	at org.apache.maven.surefire.booter.ForkedBooter.invokeProviderInSameClassLoader(ForkedBooter.java:384)
	at org.apache.maven.surefire.booter.ForkedBooter.runSuitesInProcess(ForkedBooter.java:345)
	at org.apache.maven.surefire.booter.ForkedBooter.execute(ForkedBooter.java:126)
	at org.apache.maven.surefire.booter.ForkedBooter.main(ForkedBooter.java:418)
</error>
    <system-out><![CDATA[2019-09-25 17:14:32,751 [main] WARN  server.ServerUtils (ServerUtils.java:getScmDbDir(145)) - ozone.scm.db.dirs is not configured. We recommend adding this setting. Falling back to ozone.metadata.dirs instead.
2019-09-25 17:14:32,778 [main] WARN  server.ServerUtils (ServerUtils.java:getScmDbDir(145)) - ozone.scm.db.dirs is not configured. We recommend adding this setting. Falling back to ozone.metadata.dirs instead.
2019-09-25 17:14:32,778 [main] WARN  server.ServerUtils (ServerUtils.java:getScmDbDir(145)) - ozone.scm.db.dirs is not configured. We recommend adding this setting. Falling back to ozone.metadata.dirs instead.
2019-09-25 17:14:32,779 [main] INFO  db.DBStoreBuilder (DBStoreBuilder.java:addTable(110)) - using custom profile for table: deletedBlocks
2019-09-25 17:14:32,779 [main] INFO  db.DBStoreBuilder (DBStoreBuilder.java:processTables(161)) - Using default column profile:DBProfile.DISK for Table:deletedBlocks
2019-09-25 17:14:32,779 [main] INFO  db.DBStoreBuilder (DBStoreBuilder.java:addTable(110)) - using custom profile for table: validCerts
2019-09-25 17:14:32,779 [main] INFO  db.DBStoreBuilder (DBStoreBuilder.java:processTables(161)) - Using default column profile:DBProfile.DISK for Table:validCerts
2019-09-25 17:14:32,779 [main] INFO  db.DBStoreBuilder (DBStoreBuilder.java:addTable(110)) - using custom profile for table: revokedCerts
2019-09-25 17:14:32,780 [main] INFO  db.DBStoreBuilder (DBStoreBuilder.java:processTables(161)) - Using default column profile:DBProfile.DISK for Table:revokedCerts
2019-09-25 17:14:32,780 [main] INFO  db.DBStoreBuilder (DBStoreBuilder.java:addTable(110)) - using custom profile for table: default
2019-09-25 17:14:32,780 [main] INFO  db.DBStoreBuilder (DBStoreBuilder.java:processTables(167)) - Using default column profile:DBProfile.DISK for Table:default
2019-09-25 17:14:32,780 [main] INFO  db.DBStoreBuilder (DBStoreBuilder.java:getDbProfile(198)) - Using default options. DBProfile.DISK
2019-09-25 17:14:34,332 [main] INFO  net.NodeSchemaLoader (NodeSchemaLoader.java:loadSchemaFromFile(125)) - Loading file from sun.misc.CompoundEnumeration@6bcb12e6
2019-09-25 17:14:34,332 [main] INFO  net.NodeSchemaLoader (NodeSchemaLoader.java:loadSchema(171)) - Loading network topology layer schema file
2019-09-25 17:14:34,336 [main] INFO  node.SCMNodeManager (SCMNodeManager.java:<init>(114)) - Entering startup safe mode.
2019-09-25 17:14:34,337 [main] INFO  algorithms.ContainerPlacementPolicyFactory (ContainerPlacementPolicyFactory.java:getPolicy(57)) - Create container placement policy of type org.apache.hadoop.hdds.scm.container.placement.algorithms.SCMContainerPlacementRandom
2019-09-25 17:14:34,338 [main] WARN  server.ServerUtils (ServerUtils.java:getScmDbDir(145)) - ozone.scm.db.dirs is not configured. We recommend adding this setting. Falling back to ozone.metadata.dirs instead.
2019-09-25 17:14:34,469 [main] INFO  pipeline.SCMPipelineManager (SCMPipelineManager.java:initializePipelineState(132)) - No pipeline exists in current db
2019-09-25 17:14:34,470 [main] WARN  server.ServerUtils (ServerUtils.java:getScmDbDir(145)) - ozone.scm.db.dirs is not configured. We recommend adding this setting. Falling back to ozone.metadata.dirs instead.
2019-09-25 17:14:34,565 [main] WARN  events.EventQueue (EventQueue.java:fireEvent(183)) - No event handler registered for event TypedEvent{payloadType=SafeModeStatus, name='SafeModeStatus'}
2019-09-25 17:14:34,566 [main] INFO  ipc.CallQueueManager (CallQueueManager.java:<init>(84)) - Using callQueue: class java.util.concurrent.LinkedBlockingQueue, queueCapacity: 2000, scheduler: class org.apache.hadoop.ipc.DefaultRpcScheduler, ipcBackoff: false.
2019-09-25 17:14:34,567 [Socket Reader #1 for port 36083] INFO  ipc.Server (Server.java:run(1074)) - Starting Socket Reader #1 for port 36083
2019-09-25 17:14:34,569 [main] INFO  ipc.CallQueueManager (CallQueueManager.java:<init>(84)) - Using callQueue: class java.util.concurrent.LinkedBlockingQueue, queueCapacity: 2000, scheduler: class org.apache.hadoop.ipc.DefaultRpcScheduler, ipcBackoff: false.
2019-09-25 17:14:34,570 [Socket Reader #1 for port 37147] INFO  ipc.Server (Server.java:run(1074)) - Starting Socket Reader #1 for port 37147
2019-09-25 17:14:34,572 [main] INFO  ipc.CallQueueManager (CallQueueManager.java:<init>(84)) - Using callQueue: class java.util.concurrent.LinkedBlockingQueue, queueCapacity: 2000, scheduler: class org.apache.hadoop.ipc.DefaultRpcScheduler, ipcBackoff: false.
2019-09-25 17:14:34,573 [Socket Reader #1 for port 43178] INFO  ipc.Server (Server.java:run(1074)) - Starting Socket Reader #1 for port 43178
2019-09-25 17:14:34,576 [main] INFO  hdfs.DFSUtil (DFSUtil.java:httpServerTemplateForNNAndJN(1641)) - Starting Web-server for scm at: http://0.0.0.0:0
2019-09-25 17:14:34,578 [main] INFO  server.AuthenticationFilter (AuthenticationFilter.java:constructSecretProvider(240)) - Unable to initialize FileSignerSecretProvider, falling back to use random secrets.
2019-09-25 17:14:34,579 [main] WARN  http.HttpRequestLog (HttpRequestLog.java:getRequestLog(97)) - Jetty request log can only be enabled using Log4j
2019-09-25 17:14:34,581 [main] INFO  http.HttpServer2 (HttpServer2.java:addGlobalFilter(975)) - Added global filter 'safety' (class=org.apache.hadoop.http.HttpServer2$QuotingInputFilter)
2019-09-25 17:14:34,582 [main] INFO  http.HttpServer2 (HttpServer2.java:addFilter(948)) - Added filter static_user_filter (class=org.apache.hadoop.http.lib.StaticUserWebFilter$StaticUserFilter) to context scm
2019-09-25 17:14:34,582 [main] INFO  http.HttpServer2 (HttpServer2.java:addFilter(958)) - Added filter static_user_filter (class=org.apache.hadoop.http.lib.StaticUserWebFilter$StaticUserFilter) to context static
2019-09-25 17:14:34,582 [main] INFO  http.HttpServer2 (HttpServer2.java:addFilter(958)) - Added filter static_user_filter (class=org.apache.hadoop.http.lib.StaticUserWebFilter$StaticUserFilter) to context logs
2019-09-25 17:14:34,585 [main] INFO  server.StorageContainerManager (StorageContainerManager.java:start(770)) - StorageContainerLocationProtocol RPC server is listening at /0.0.0.0:43178
2019-09-25 17:14:34,587 [main] WARN  impl.MetricsConfig (MetricsConfig.java:loadFirst(134)) - Cannot locate configuration: tried hadoop-metrics2-storagecontainermanager.properties,hadoop-metrics2.properties
2019-09-25 17:14:34,588 [main] INFO  impl.MetricsSystemImpl (MetricsSystemImpl.java:startTimer(374)) - Scheduled Metric snapshot period at 10 second(s).
2019-09-25 17:14:34,589 [main] INFO  impl.MetricsSystemImpl (MetricsSystemImpl.java:start(191)) - StorageContainerManager metrics system started
2019-09-25 17:14:34,640 [main] WARN  impl.MetricsSystemImpl (MetricsSystemImpl.java:register(276)) - Sink prometheus already exists!
2019-09-25 17:14:34,644 [main] INFO  server.SCMClientProtocolServer (SCMClientProtocolServer.java:start(151)) - RPC server for Client  is listening at /0.0.0.0:43178
2019-09-25 17:14:34,645 [IPC Server Responder] INFO  ipc.Server (Server.java:run(1314)) - IPC Server Responder: starting
2019-09-25 17:14:34,645 [IPC Server listener on 43178] INFO  ipc.Server (Server.java:run(1153)) - IPC Server listener on 43178: starting
2019-09-25 17:14:34,649 [main] INFO  server.StorageContainerManager (StorageContainerManager.java:start(780)) - ScmBlockLocationProtocol RPC server is listening at /0.0.0.0:37147
2019-09-25 17:14:34,649 [main] INFO  server.SCMBlockProtocolServer (SCMBlockProtocolServer.java:start(146)) - RPC server for Block Protocol is listening at /0.0.0.0:37147
2019-09-25 17:14:34,650 [IPC Server Responder] INFO  ipc.Server (Server.java:run(1314)) - IPC Server Responder: starting
2019-09-25 17:14:34,650 [IPC Server listener on 37147] INFO  ipc.Server (Server.java:run(1153)) - IPC Server listener on 37147: starting
2019-09-25 17:14:34,653 [main] INFO  server.StorageContainerManager (StorageContainerManager.java:start(784)) - ScmDatanodeProtocl RPC server is listening at /0.0.0.0:36083
2019-09-25 17:14:34,653 [main] INFO  server.SCMDatanodeProtocolServer (SCMDatanodeProtocolServer.java:start(191)) - RPC server for DataNodes is listening at /0.0.0.0:36083
2019-09-25 17:14:34,654 [IPC Server listener on 36083] INFO  ipc.Server (Server.java:run(1153)) - IPC Server listener on 36083: starting
2019-09-25 17:14:34,654 [IPC Server Responder] INFO  ipc.Server (Server.java:run(1314)) - IPC Server Responder: starting
2019-09-25 17:14:34,657 [main] INFO  http.HttpServer2 (HttpServer2.java:bindListener(1191)) - Jetty bound to port 40647
2019-09-25 17:14:34,657 [main] INFO  server.Server (Server.java:doStart(351)) - jetty-9.3.25.v20180904, build timestamp: 2018-09-04T21:11:46Z, git hash: 3ce520221d0240229c862b122d2b06c12a625732
2019-09-25 17:14:34,660 [main] INFO  handler.ContextHandler (ContextHandler.java:doStart(781)) - Started o.e.j.s.ServletContextHandler@51b77cdf{/logs,file:///workdir/hadoop-ozone/integration-test/target/log,AVAILABLE}
2019-09-25 17:14:34,660 [main] INFO  handler.ContextHandler (ContextHandler.java:doStart(781)) - Started o.e.j.s.ServletContextHandler@6088451e{/static,file:///workdir/hadoop-ozone/integration-test/target/test-classes/webapps/static,AVAILABLE}
2019-09-25 17:14:34,666 [main] INFO  handler.ContextHandler (ContextHandler.java:doStart(781)) - Started o.e.j.w.WebAppContext@2404b5a{/,file:///workdir/hadoop-ozone/integration-test/target/test-classes/webapps/scm/,AVAILABLE}{/scm}
2019-09-25 17:14:34,667 [main] INFO  server.AbstractConnector (AbstractConnector.java:doStart(278)) - Started ServerConnector@3af58f76{HTTP/1.1,[http/1.1]}{0.0.0.0:40647}
2019-09-25 17:14:34,667 [main] INFO  server.Server (Server.java:doStart(419)) - Started @170916ms
2019-09-25 17:14:34,668 [main] WARN  impl.MetricsSystemImpl (MetricsSystemImpl.java:register(276)) - Sink prometheus already exists!
2019-09-25 17:14:34,670 [main] INFO  server.BaseHttpServer (BaseHttpServer.java:updateConnectorAddress(215)) - HTTP server of SCM is listening at http://0.0.0.0:40647
2019-09-25 17:14:34,671 [main] WARN  server.ServerUtils (ServerUtils.java:getDBPath(222)) - ozone.om.db.dirs is not configured. We recommend adding this setting. Falling back to ozone.metadata.dirs instead.
2019-09-25 17:14:34,671 [org.apache.hadoop.util.JvmPauseMonitor$Monitor@31a2a9fa] INFO  util.JvmPauseMonitor (JvmPauseMonitor.java:run(188)) - Starting JVM pause monitor
2019-09-25 17:14:34,685 [main] WARN  server.ServerUtils (ServerUtils.java:getDBPath(222)) - ozone.om.db.dirs is not configured. We recommend adding this setting. Falling back to ozone.metadata.dirs instead.
2019-09-25 17:14:34,686 [main] WARN  server.ServerUtils (ServerUtils.java:getDBPath(222)) - ozone.om.db.dirs is not configured. We recommend adding this setting. Falling back to ozone.metadata.dirs instead.
2019-09-25 17:14:34,686 [main] INFO  om.OzoneManager (OzoneManager.java:setOMNodeDetails(652)) - OM Service ID is not set. Setting it to the default ID: omServiceIdDefault
2019-09-25 17:14:34,686 [main] INFO  om.OzoneManager (OzoneManager.java:setOMNodeDetails(658)) - OM Node ID is not set. Setting it to the OmStorage's OmID: 546c3d11-a872-4890-ad7d-973c642ebf12
2019-09-25 17:14:34,687 [main] INFO  om.OzoneManager (OzoneManager.java:loadOMHAConfigs(609)) - Found matching OM address with OMServiceId: null, OMNodeId: null, RPC Address: localhost:0 and Ratis port: 9872
2019-09-25 17:14:34,692 [main] WARN  server.ServerUtils (ServerUtils.java:getDBPath(222)) - ozone.om.db.dirs is not configured. We recommend adding this setting. Falling back to ozone.metadata.dirs instead.
2019-09-25 17:14:34,693 [main] INFO  db.DBStoreBuilder (DBStoreBuilder.java:addTable(110)) - using custom profile for table: userTable
2019-09-25 17:14:34,693 [main] INFO  db.DBStoreBuilder (DBStoreBuilder.java:processTables(161)) - Using default column profile:DBProfile.DISK for Table:userTable
2019-09-25 17:14:34,693 [main] INFO  db.DBStoreBuilder (DBStoreBuilder.java:addTable(110)) - using custom profile for table: volumeTable
2019-09-25 17:14:34,693 [main] INFO  db.DBStoreBuilder (DBStoreBuilder.java:processTables(161)) - Using default column profile:DBProfile.DISK for Table:volumeTable
2019-09-25 17:14:34,694 [main] INFO  db.DBStoreBuilder (DBStoreBuilder.java:addTable(110)) - using custom profile for table: bucketTable
2019-09-25 17:14:34,694 [main] INFO  db.DBStoreBuilder (DBStoreBuilder.java:processTables(161)) - Using default column profile:DBProfile.DISK for Table:bucketTable
2019-09-25 17:14:34,694 [main] INFO  db.DBStoreBuilder (DBStoreBuilder.java:addTable(110)) - using custom profile for table: keyTable
2019-09-25 17:14:34,694 [main] INFO  db.DBStoreBuilder (DBStoreBuilder.java:processTables(161)) - Using default column profile:DBProfile.DISK for Table:keyTable
2019-09-25 17:14:34,695 [main] INFO  db.DBStoreBuilder (DBStoreBuilder.java:addTable(110)) - using custom profile for table: deletedTable
2019-09-25 17:14:34,695 [main] INFO  db.DBStoreBuilder (DBStoreBuilder.java:processTables(161)) - Using default column profile:DBProfile.DISK for Table:deletedTable
2019-09-25 17:14:34,695 [main] INFO  db.DBStoreBuilder (DBStoreBuilder.java:addTable(110)) - using custom profile for table: openKeyTable
2019-09-25 17:14:34,695 [main] INFO  db.DBStoreBuilder (DBStoreBuilder.java:processTables(161)) - Using default column profile:DBProfile.DISK for Table:openKeyTable
2019-09-25 17:14:34,695 [main] INFO  db.DBStoreBuilder (DBStoreBuilder.java:addTable(110)) - using custom profile for table: s3Table
2019-09-25 17:14:34,696 [main] INFO  db.DBStoreBuilder (DBStoreBuilder.java:processTables(161)) - Using default column profile:DBProfile.DISK for Table:s3Table
2019-09-25 17:14:34,696 [main] INFO  db.DBStoreBuilder (DBStoreBuilder.java:addTable(110)) - using custom profile for table: multipartInfoTable
2019-09-25 17:14:34,696 [main] INFO  db.DBStoreBuilder (DBStoreBuilder.java:processTables(161)) - Using default column profile:DBProfile.DISK for Table:multipartInfoTable
2019-09-25 17:14:34,696 [main] INFO  db.DBStoreBuilder (DBStoreBuilder.java:addTable(110)) - using custom profile for table: dTokenTable
2019-09-25 17:14:34,696 [main] INFO  db.DBStoreBuilder (DBStoreBuilder.java:processTables(161)) - Using default column profile:DBProfile.DISK for Table:dTokenTable
2019-09-25 17:14:34,697 [main] INFO  db.DBStoreBuilder (DBStoreBuilder.java:addTable(110)) - using custom profile for table: s3SecretTable
2019-09-25 17:14:34,697 [main] INFO  db.DBStoreBuilder (DBStoreBuilder.java:processTables(161)) - Using default column profile:DBProfile.DISK for Table:s3SecretTable
2019-09-25 17:14:34,697 [main] INFO  db.DBStoreBuilder (DBStoreBuilder.java:addTable(110)) - using custom profile for table: prefixTable
2019-09-25 17:14:34,697 [main] INFO  db.DBStoreBuilder (DBStoreBuilder.java:processTables(161)) - Using default column profile:DBProfile.DISK for Table:prefixTable
2019-09-25 17:14:34,698 [main] INFO  db.DBStoreBuilder (DBStoreBuilder.java:addTable(110)) - using custom profile for table: default
2019-09-25 17:14:34,698 [main] INFO  db.DBStoreBuilder (DBStoreBuilder.java:processTables(167)) - Using default column profile:DBProfile.DISK for Table:default
2019-09-25 17:14:34,698 [main] INFO  db.DBStoreBuilder (DBStoreBuilder.java:getDbProfile(198)) - Using default options. DBProfile.DISK
2019-09-25 17:14:35,279 [main] INFO  ipc.CallQueueManager (CallQueueManager.java:<init>(84)) - Using callQueue: class java.util.concurrent.LinkedBlockingQueue, queueCapacity: 2000, scheduler: class org.apache.hadoop.ipc.DefaultRpcScheduler, ipcBackoff: false.
2019-09-25 17:14:35,280 [Socket Reader #1 for port 43106] INFO  ipc.Server (Server.java:run(1074)) - Starting Socket Reader #1 for port 43106
2019-09-25 17:14:35,300 [main] INFO  om.OzoneManager (OzoneManager.java:start(1243)) - OzoneManager RPC server is listening at localhost/127.0.0.1:43106
2019-09-25 17:14:35,300 [main] INFO  impl.MetricsSystemImpl (MetricsSystemImpl.java:init(158)) - OzoneManager metrics system started (again)
2019-09-25 17:14:35,301 [IPC Server Responder] INFO  ipc.Server (Server.java:run(1314)) - IPC Server Responder: starting
2019-09-25 17:14:35,301 [IPC Server listener on 43106] INFO  ipc.Server (Server.java:run(1153)) - IPC Server listener on 43106: starting
2019-09-25 17:14:35,306 [main] INFO  hdfs.DFSUtil (DFSUtil.java:httpServerTemplateForNNAndJN(1641)) - Starting Web-server for ozoneManager at: http://0.0.0.0:0
2019-09-25 17:14:35,308 [main] INFO  server.AuthenticationFilter (AuthenticationFilter.java:constructSecretProvider(240)) - Unable to initialize FileSignerSecretProvider, falling back to use random secrets.
2019-09-25 17:14:35,309 [main] WARN  http.HttpRequestLog (HttpRequestLog.java:getRequestLog(97)) - Jetty request log can only be enabled using Log4j
2019-09-25 17:14:35,311 [main] INFO  http.HttpServer2 (HttpServer2.java:addGlobalFilter(975)) - Added global filter 'safety' (class=org.apache.hadoop.http.HttpServer2$QuotingInputFilter)
2019-09-25 17:14:35,311 [main] INFO  http.HttpServer2 (HttpServer2.java:addFilter(948)) - Added filter static_user_filter (class=org.apache.hadoop.http.lib.StaticUserWebFilter$StaticUserFilter) to context ozoneManager
2019-09-25 17:14:35,311 [main] INFO  http.HttpServer2 (HttpServer2.java:addFilter(958)) - Added filter static_user_filter (class=org.apache.hadoop.http.lib.StaticUserWebFilter$StaticUserFilter) to context logs
2019-09-25 17:14:35,312 [main] INFO  http.HttpServer2 (HttpServer2.java:addFilter(958)) - Added filter static_user_filter (class=org.apache.hadoop.http.lib.StaticUserWebFilter$StaticUserFilter) to context static
2019-09-25 17:14:35,313 [main] INFO  http.HttpServer2 (HttpServer2.java:bindListener(1191)) - Jetty bound to port 38837
2019-09-25 17:14:35,313 [main] INFO  server.Server (Server.java:doStart(351)) - jetty-9.3.25.v20180904, build timestamp: 2018-09-04T21:11:46Z, git hash: 3ce520221d0240229c862b122d2b06c12a625732
2019-09-25 17:14:35,315 [main] INFO  handler.ContextHandler (ContextHandler.java:doStart(781)) - Started o.e.j.s.ServletContextHandler@3965bdf9{/logs,file:///workdir/hadoop-ozone/integration-test/target/log,AVAILABLE}
2019-09-25 17:14:35,315 [main] INFO  handler.ContextHandler (ContextHandler.java:doStart(781)) - Started o.e.j.s.ServletContextHandler@1860f3be{/static,file:///workdir/hadoop-ozone/integration-test/target/test-classes/webapps/static,AVAILABLE}
2019-09-25 17:14:35,333 [main] INFO  handler.ContextHandler (ContextHandler.java:doStart(781)) - Started o.e.j.w.WebAppContext@6b6eae52{/,file:///workdir/hadoop-ozone/integration-test/target/test-classes/webapps/ozoneManager/,AVAILABLE}{/ozoneManager}
2019-09-25 17:14:35,335 [main] INFO  server.AbstractConnector (AbstractConnector.java:doStart(278)) - Started ServerConnector@d4df0e{HTTP/1.1,[http/1.1]}{0.0.0.0:38837}
2019-09-25 17:14:35,335 [main] INFO  server.Server (Server.java:doStart(419)) - Started @171584ms
2019-09-25 17:14:35,336 [main] WARN  impl.MetricsSystemImpl (MetricsSystemImpl.java:register(276)) - Sink prometheus already exists!
2019-09-25 17:14:35,337 [main] INFO  server.BaseHttpServer (BaseHttpServer.java:updateConnectorAddress(215)) - HTTP server of OZONEMANAGER is listening at http://0.0.0.0:38837
2019-09-25 17:14:35,360 [main] INFO  impl.MetricsSystemImpl (MetricsSystemImpl.java:init(158)) - HddsDatanode metrics system started (again)
2019-09-25 17:14:35,363 [main] INFO  ozone.HddsDatanodeService (HddsDatanodeService.java:start(184)) - HddsDatanodeService host:pr-hdds-2174-f48n4-3529231201 ip:192.168.164.231
2019-09-25 17:14:35,369 [main] INFO  volume.HddsVolume (HddsVolume.java:<init>(176)) - Creating Volume: /workdir/hadoop-ozone/integration-test/target/test-dir/MiniOzoneClusterImpl-ad082b7a-54ff-493a-8801-3708d76457e8/datanode-0/data/containers/hdds of  storage type : DISK and capacity : 1482555576320
2019-09-25 17:14:35,370 [main] INFO  volume.VolumeSet (VolumeSet.java:initializeVolumeSet(170)) - Added Volume : /workdir/hadoop-ozone/integration-test/target/test-dir/MiniOzoneClusterImpl-ad082b7a-54ff-493a-8801-3708d76457e8/datanode-0/data/containers/hdds to VolumeSet
2019-09-25 17:14:35,370 [main] INFO  volume.ThrottledAsyncChecker (ThrottledAsyncChecker.java:schedule(139)) - Scheduling a check for org.apache.hadoop.ozone.container.common.volume.HddsVolume@34d713a2
2019-09-25 17:14:35,372 [main] INFO  volume.HddsVolumeChecker (HddsVolumeChecker.java:checkAllVolumes(202)) - Scheduled health check for volume org.apache.hadoop.ozone.container.common.volume.HddsVolume@34d713a2
2019-09-25 17:14:35,390 [main] INFO  impl.RaftServerProxy (ConfUtils.java:logGet(43)) - raft.rpc.type = GRPC (default)
2019-09-25 17:14:35,390 [main] INFO  grpc.GrpcFactory (GrpcFactory.java:checkPooledByteBufAllocatorUseCacheForAllThreads(45)) - PERFORMANCE WARNING: useCacheForAllThreads is true that may cause Netty to create a lot garbage objects and, as a result, trigger GC.
	It is recommended to disable useCacheForAllThreads by setting -Dorg.apache.ratis.thirdparty.io.netty.allocator.useCacheForAllThreads=false in command line.
2019-09-25 17:14:35,391 [main] INFO  grpc.GrpcConfigKeys$Server (ConfUtils.java:logGet(43)) - raft.grpc.server.port = 0 (default)
2019-09-25 17:14:35,391 [main] INFO  server.GrpcService (ConfUtils.java:logGet(43)) - raft.grpc.message.size.max = 33570816 (custom)
2019-09-25 17:14:35,391 [main] INFO  server.RaftServerConfigKeys (ConfUtils.java:logGet(43)) - raft.server.log.appender.buffer.byte-limit = 33554432 (custom)
2019-09-25 17:14:35,392 [main] INFO  server.GrpcService (ConfUtils.java:logGet(43)) - raft.grpc.flow.control.window = 1MB (=1048576) (default)
2019-09-25 17:14:35,392 [main] INFO  server.RaftServerConfigKeys (ConfUtils.java:logGet(43)) - raft.server.rpc.request.timeout = 3000ms (default)
2019-09-25 17:14:35,393 [main] INFO  server.RaftServerConfigKeys (ConfUtils.java:logGet(43)) - raft.server.storage.dir = [/workdir/hadoop-ozone/integration-test/target/test-dir/MiniOzoneClusterImpl-ad082b7a-54ff-493a-8801-3708d76457e8/datanode-0/data/ratis] (custom)
2019-09-25 17:14:35,395 [main] INFO  hdfs.DFSUtil (DFSUtil.java:httpServerTemplateForNNAndJN(1641)) - Starting Web-server for hddsDatanode at: http://0.0.0.0:0
2019-09-25 17:14:35,397 [main] INFO  server.AuthenticationFilter (AuthenticationFilter.java:constructSecretProvider(240)) - Unable to initialize FileSignerSecretProvider, falling back to use random secrets.
2019-09-25 17:14:35,397 [main] WARN  http.HttpRequestLog (HttpRequestLog.java:getRequestLog(97)) - Jetty request log can only be enabled using Log4j
2019-09-25 17:14:35,399 [main] INFO  http.HttpServer2 (HttpServer2.java:addGlobalFilter(975)) - Added global filter 'safety' (class=org.apache.hadoop.http.HttpServer2$QuotingInputFilter)
2019-09-25 17:14:35,399 [main] INFO  http.HttpServer2 (HttpServer2.java:addFilter(948)) - Added filter static_user_filter (class=org.apache.hadoop.http.lib.StaticUserWebFilter$StaticUserFilter) to context hddsDatanode
2019-09-25 17:14:35,400 [main] INFO  http.HttpServer2 (HttpServer2.java:addFilter(958)) - Added filter static_user_filter (class=org.apache.hadoop.http.lib.StaticUserWebFilter$StaticUserFilter) to context logs
2019-09-25 17:14:35,400 [main] INFO  http.HttpServer2 (HttpServer2.java:addFilter(958)) - Added filter static_user_filter (class=org.apache.hadoop.http.lib.StaticUserWebFilter$StaticUserFilter) to context static
2019-09-25 17:14:35,400 [main] INFO  http.HttpServer2 (HttpServer2.java:bindListener(1191)) - Jetty bound to port 34104
2019-09-25 17:14:35,401 [main] INFO  server.Server (Server.java:doStart(351)) - jetty-9.3.25.v20180904, build timestamp: 2018-09-04T21:11:46Z, git hash: 3ce520221d0240229c862b122d2b06c12a625732
2019-09-25 17:14:35,402 [main] INFO  handler.ContextHandler (ContextHandler.java:doStart(781)) - Started o.e.j.s.ServletContextHandler@4a8ffd75{/logs,file:///workdir/hadoop-ozone/integration-test/target/log,AVAILABLE}
2019-09-25 17:14:35,403 [main] INFO  handler.ContextHandler (ContextHandler.java:doStart(781)) - Started o.e.j.s.ServletContextHandler@7f9e8421{/static,jar:file:/home/user/.m2/repository/org/apache/hadoop/hadoop-hdds-container-service/0.5.0-SNAPSHOT/hadoop-hdds-container-service-0.5.0-SNAPSHOT.jar!/webapps/static,AVAILABLE}
2019-09-25 17:14:35,433 [main] INFO  handler.ContextHandler (ContextHandler.java:doStart(781)) - Started o.e.j.w.WebAppContext@5e13f156{/,file:///tmp/jetty-0.0.0.0-34104-hddsDatanode-_-any-219164547971747481.dir/webapp/,AVAILABLE}{/hddsDatanode}
2019-09-25 17:14:35,434 [main] INFO  server.AbstractConnector (AbstractConnector.java:doStart(278)) - Started ServerConnector@310ed6b4{HTTP/1.1,[http/1.1]}{0.0.0.0:34104}
2019-09-25 17:14:35,436 [main] INFO  server.Server (Server.java:doStart(419)) - Started @171684ms
2019-09-25 17:14:35,436 [main] WARN  impl.MetricsSystemImpl (MetricsSystemImpl.java:register(276)) - Sink prometheus already exists!
2019-09-25 17:14:35,437 [main] INFO  server.BaseHttpServer (BaseHttpServer.java:updateConnectorAddress(215)) - HTTP server of HDDSDATANODE is listening at http://0.0.0.0:34104
2019-09-25 17:14:35,437 [main] INFO  impl.MetricsSystemImpl (MetricsSystemImpl.java:init(158)) - HddsDatanode metrics system started (again)
2019-09-25 17:14:35,440 [org.apache.hadoop.util.JvmPauseMonitor$Monitor@5838626a] INFO  util.JvmPauseMonitor (JvmPauseMonitor.java:run(188)) - Starting JVM pause monitor
2019-09-25 17:14:35,441 [main] INFO  ozone.HddsDatanodeService (HddsDatanodeService.java:start(184)) - HddsDatanodeService host:pr-hdds-2174-f48n4-3529231201 ip:192.168.164.231
2019-09-25 17:14:35,443 [Datanode State Machine Thread - 0] INFO  datanode.InitDatanodeState (InitDatanodeState.java:persistContainerDatanodeDetails(140)) - DatanodeDetails is persisted to /workdir/hadoop-ozone/integration-test/target/test-dir/MiniOzoneClusterImpl-ad082b7a-54ff-493a-8801-3708d76457e8/datanode-0/meta/datanode.id
2019-09-25 17:14:35,446 [main] INFO  volume.HddsVolume (HddsVolume.java:<init>(176)) - Creating Volume: /workdir/hadoop-ozone/integration-test/target/test-dir/MiniOzoneClusterImpl-ad082b7a-54ff-493a-8801-3708d76457e8/datanode-1/data/containers/hdds of  storage type : DISK and capacity : 1482555576320
2019-09-25 17:14:35,447 [main] INFO  volume.VolumeSet (VolumeSet.java:initializeVolumeSet(170)) - Added Volume : /workdir/hadoop-ozone/integration-test/target/test-dir/MiniOzoneClusterImpl-ad082b7a-54ff-493a-8801-3708d76457e8/datanode-1/data/containers/hdds to VolumeSet
2019-09-25 17:14:35,447 [main] INFO  volume.ThrottledAsyncChecker (ThrottledAsyncChecker.java:schedule(139)) - Scheduling a check for org.apache.hadoop.ozone.container.common.volume.HddsVolume@68b366e2
2019-09-25 17:14:35,447 [main] INFO  volume.HddsVolumeChecker (HddsVolumeChecker.java:checkAllVolumes(202)) - Scheduled health check for volume org.apache.hadoop.ozone.container.common.volume.HddsVolume@68b366e2
2019-09-25 17:14:35,463 [main] INFO  impl.RaftServerProxy (ConfUtils.java:logGet(43)) - raft.rpc.type = GRPC (default)
2019-09-25 17:14:35,463 [main] INFO  grpc.GrpcFactory (GrpcFactory.java:checkPooledByteBufAllocatorUseCacheForAllThreads(45)) - PERFORMANCE WARNING: useCacheForAllThreads is true that may cause Netty to create a lot garbage objects and, as a result, trigger GC.
	It is recommended to disable useCacheForAllThreads by setting -Dorg.apache.ratis.thirdparty.io.netty.allocator.useCacheForAllThreads=false in command line.
2019-09-25 17:14:35,463 [main] INFO  grpc.GrpcConfigKeys$Server (ConfUtils.java:logGet(43)) - raft.grpc.server.port = 0 (default)
2019-09-25 17:14:35,464 [main] INFO  server.GrpcService (ConfUtils.java:logGet(43)) - raft.grpc.message.size.max = 33570816 (custom)
2019-09-25 17:14:35,464 [main] INFO  server.RaftServerConfigKeys (ConfUtils.java:logGet(43)) - raft.server.log.appender.buffer.byte-limit = 33554432 (custom)
2019-09-25 17:14:35,464 [main] INFO  server.GrpcService (ConfUtils.java:logGet(43)) - raft.grpc.flow.control.window = 1MB (=1048576) (default)
2019-09-25 17:14:35,464 [main] INFO  server.RaftServerConfigKeys (ConfUtils.java:logGet(43)) - raft.server.rpc.request.timeout = 3000ms (default)
2019-09-25 17:14:35,465 [main] INFO  server.RaftServerConfigKeys (ConfUtils.java:logGet(43)) - raft.server.storage.dir = [/workdir/hadoop-ozone/integration-test/target/test-dir/MiniOzoneClusterImpl-ad082b7a-54ff-493a-8801-3708d76457e8/datanode-1/data/ratis] (custom)
2019-09-25 17:14:35,466 [main] INFO  hdfs.DFSUtil (DFSUtil.java:httpServerTemplateForNNAndJN(1641)) - Starting Web-server for hddsDatanode at: http://0.0.0.0:0
2019-09-25 17:14:35,467 [main] INFO  server.AuthenticationFilter (AuthenticationFilter.java:constructSecretProvider(240)) - Unable to initialize FileSignerSecretProvider, falling back to use random secrets.
2019-09-25 17:14:35,468 [main] WARN  http.HttpRequestLog (HttpRequestLog.java:getRequestLog(97)) - Jetty request log can only be enabled using Log4j
2019-09-25 17:14:35,469 [main] INFO  http.HttpServer2 (HttpServer2.java:addGlobalFilter(975)) - Added global filter 'safety' (class=org.apache.hadoop.http.HttpServer2$QuotingInputFilter)
2019-09-25 17:14:35,470 [main] INFO  http.HttpServer2 (HttpServer2.java:addFilter(948)) - Added filter static_user_filter (class=org.apache.hadoop.http.lib.StaticUserWebFilter$StaticUserFilter) to context hddsDatanode
2019-09-25 17:14:35,470 [main] INFO  http.HttpServer2 (HttpServer2.java:addFilter(958)) - Added filter static_user_filter (class=org.apache.hadoop.http.lib.StaticUserWebFilter$StaticUserFilter) to context logs
2019-09-25 17:14:35,470 [main] INFO  http.HttpServer2 (HttpServer2.java:addFilter(958)) - Added filter static_user_filter (class=org.apache.hadoop.http.lib.StaticUserWebFilter$StaticUserFilter) to context static
2019-09-25 17:14:35,471 [main] INFO  http.HttpServer2 (HttpServer2.java:bindListener(1191)) - Jetty bound to port 42305
2019-09-25 17:14:35,471 [main] INFO  server.Server (Server.java:doStart(351)) - jetty-9.3.25.v20180904, build timestamp: 2018-09-04T21:11:46Z, git hash: 3ce520221d0240229c862b122d2b06c12a625732
2019-09-25 17:14:35,473 [main] INFO  handler.ContextHandler (ContextHandler.java:doStart(781)) - Started o.e.j.s.ServletContextHandler@4519f676{/logs,file:///workdir/hadoop-ozone/integration-test/target/log,AVAILABLE}
2019-09-25 17:14:35,474 [main] INFO  handler.ContextHandler (ContextHandler.java:doStart(781)) - Started o.e.j.s.ServletContextHandler@3596b249{/static,jar:file:/home/user/.m2/repository/org/apache/hadoop/hadoop-hdds-container-service/0.5.0-SNAPSHOT/hadoop-hdds-container-service-0.5.0-SNAPSHOT.jar!/webapps/static,AVAILABLE}
2019-09-25 17:14:35,502 [main] INFO  handler.ContextHandler (ContextHandler.java:doStart(781)) - Started o.e.j.w.WebAppContext@3cd26422{/,file:///tmp/jetty-0.0.0.0-42305-hddsDatanode-_-any-8484830781668672637.dir/webapp/,AVAILABLE}{/hddsDatanode}
2019-09-25 17:14:35,502 [main] INFO  server.AbstractConnector (AbstractConnector.java:doStart(278)) - Started ServerConnector@2eda072{HTTP/1.1,[http/1.1]}{0.0.0.0:42305}
2019-09-25 17:14:35,504 [main] INFO  server.Server (Server.java:doStart(419)) - Started @171752ms
2019-09-25 17:14:35,504 [main] WARN  impl.MetricsSystemImpl (MetricsSystemImpl.java:register(276)) - Sink prometheus already exists!
2019-09-25 17:14:35,505 [main] INFO  server.BaseHttpServer (BaseHttpServer.java:updateConnectorAddress(215)) - HTTP server of HDDSDATANODE is listening at http://0.0.0.0:42305
2019-09-25 17:14:35,505 [main] INFO  impl.MetricsSystemImpl (MetricsSystemImpl.java:init(158)) - HddsDatanode metrics system started (again)
2019-09-25 17:14:35,507 [main] INFO  ozone.HddsDatanodeService (HddsDatanodeService.java:start(184)) - HddsDatanodeService host:pr-hdds-2174-f48n4-3529231201 ip:192.168.164.231
2019-09-25 17:14:35,508 [org.apache.hadoop.util.JvmPauseMonitor$Monitor@414e4ef2] INFO  util.JvmPauseMonitor (JvmPauseMonitor.java:run(188)) - Starting JVM pause monitor
2019-09-25 17:14:35,509 [Datanode State Machine Thread - 0] INFO  datanode.InitDatanodeState (InitDatanodeState.java:persistContainerDatanodeDetails(140)) - DatanodeDetails is persisted to /workdir/hadoop-ozone/integration-test/target/test-dir/MiniOzoneClusterImpl-ad082b7a-54ff-493a-8801-3708d76457e8/datanode-1/meta/datanode.id
2019-09-25 17:14:35,513 [main] INFO  volume.HddsVolume (HddsVolume.java:<init>(176)) - Creating Volume: /workdir/hadoop-ozone/integration-test/target/test-dir/MiniOzoneClusterImpl-ad082b7a-54ff-493a-8801-3708d76457e8/datanode-2/data/containers/hdds of  storage type : DISK and capacity : 1482555576320
2019-09-25 17:14:35,514 [main] INFO  volume.VolumeSet (VolumeSet.java:initializeVolumeSet(170)) - Added Volume : /workdir/hadoop-ozone/integration-test/target/test-dir/MiniOzoneClusterImpl-ad082b7a-54ff-493a-8801-3708d76457e8/datanode-2/data/containers/hdds to VolumeSet
2019-09-25 17:14:35,514 [main] INFO  volume.ThrottledAsyncChecker (ThrottledAsyncChecker.java:schedule(139)) - Scheduling a check for org.apache.hadoop.ozone.container.common.volume.HddsVolume@20580d4e
2019-09-25 17:14:35,514 [main] INFO  volume.HddsVolumeChecker (HddsVolumeChecker.java:checkAllVolumes(202)) - Scheduled health check for volume org.apache.hadoop.ozone.container.common.volume.HddsVolume@20580d4e
2019-09-25 17:14:35,527 [main] INFO  impl.RaftServerProxy (ConfUtils.java:logGet(43)) - raft.rpc.type = GRPC (default)
2019-09-25 17:14:35,528 [main] INFO  grpc.GrpcFactory (GrpcFactory.java:checkPooledByteBufAllocatorUseCacheForAllThreads(45)) - PERFORMANCE WARNING: useCacheForAllThreads is true that may cause Netty to create a lot garbage objects and, as a result, trigger GC.
	It is recommended to disable useCacheForAllThreads by setting -Dorg.apache.ratis.thirdparty.io.netty.allocator.useCacheForAllThreads=false in command line.
2019-09-25 17:14:35,528 [main] INFO  grpc.GrpcConfigKeys$Server (ConfUtils.java:logGet(43)) - raft.grpc.server.port = 0 (default)
2019-09-25 17:14:35,528 [main] INFO  server.GrpcService (ConfUtils.java:logGet(43)) - raft.grpc.message.size.max = 33570816 (custom)
2019-09-25 17:14:35,528 [main] INFO  server.RaftServerConfigKeys (ConfUtils.java:logGet(43)) - raft.server.log.appender.buffer.byte-limit = 33554432 (custom)
2019-09-25 17:14:35,528 [main] INFO  server.GrpcService (ConfUtils.java:logGet(43)) - raft.grpc.flow.control.window = 1MB (=1048576) (default)
2019-09-25 17:14:35,529 [main] INFO  server.RaftServerConfigKeys (ConfUtils.java:logGet(43)) - raft.server.rpc.request.timeout = 3000ms (default)
2019-09-25 17:14:35,529 [main] INFO  server.RaftServerConfigKeys (ConfUtils.java:logGet(43)) - raft.server.storage.dir = [/workdir/hadoop-ozone/integration-test/target/test-dir/MiniOzoneClusterImpl-ad082b7a-54ff-493a-8801-3708d76457e8/datanode-2/data/ratis] (custom)
2019-09-25 17:14:35,530 [main] INFO  hdfs.DFSUtil (DFSUtil.java:httpServerTemplateForNNAndJN(1641)) - Starting Web-server for hddsDatanode at: http://0.0.0.0:0
2019-09-25 17:14:35,531 [main] INFO  server.AuthenticationFilter (AuthenticationFilter.java:constructSecretProvider(240)) - Unable to initialize FileSignerSecretProvider, falling back to use random secrets.
2019-09-25 17:14:35,532 [main] WARN  http.HttpRequestLog (HttpRequestLog.java:getRequestLog(97)) - Jetty request log can only be enabled using Log4j
2019-09-25 17:14:35,533 [main] INFO  http.HttpServer2 (HttpServer2.java:addGlobalFilter(975)) - Added global filter 'safety' (class=org.apache.hadoop.http.HttpServer2$QuotingInputFilter)
2019-09-25 17:14:35,533 [main] INFO  http.HttpServer2 (HttpServer2.java:addFilter(948)) - Added filter static_user_filter (class=org.apache.hadoop.http.lib.StaticUserWebFilter$StaticUserFilter) to context hddsDatanode
2019-09-25 17:14:35,534 [main] INFO  http.HttpServer2 (HttpServer2.java:addFilter(958)) - Added filter static_user_filter (class=org.apache.hadoop.http.lib.StaticUserWebFilter$StaticUserFilter) to context logs
2019-09-25 17:14:35,534 [main] INFO  http.HttpServer2 (HttpServer2.java:addFilter(958)) - Added filter static_user_filter (class=org.apache.hadoop.http.lib.StaticUserWebFilter$StaticUserFilter) to context static
2019-09-25 17:14:35,534 [main] INFO  http.HttpServer2 (HttpServer2.java:bindListener(1191)) - Jetty bound to port 44518
2019-09-25 17:14:35,535 [main] INFO  server.Server (Server.java:doStart(351)) - jetty-9.3.25.v20180904, build timestamp: 2018-09-04T21:11:46Z, git hash: 3ce520221d0240229c862b122d2b06c12a625732
2019-09-25 17:14:35,536 [main] INFO  handler.ContextHandler (ContextHandler.java:doStart(781)) - Started o.e.j.s.ServletContextHandler@39c85c1a{/logs,file:///workdir/hadoop-ozone/integration-test/target/log,AVAILABLE}
2019-09-25 17:14:35,537 [main] INFO  handler.ContextHandler (ContextHandler.java:doStart(781)) - Started o.e.j.s.ServletContextHandler@62c72501{/static,jar:file:/home/user/.m2/repository/org/apache/hadoop/hadoop-hdds-container-service/0.5.0-SNAPSHOT/hadoop-hdds-container-service-0.5.0-SNAPSHOT.jar!/webapps/static,AVAILABLE}
2019-09-25 17:14:35,565 [main] INFO  handler.ContextHandler (ContextHandler.java:doStart(781)) - Started o.e.j.w.WebAppContext@6f3f0ae{/,file:///tmp/jetty-0.0.0.0-44518-hddsDatanode-_-any-1451173388104544281.dir/webapp/,AVAILABLE}{/hddsDatanode}
2019-09-25 17:14:35,565 [main] INFO  server.AbstractConnector (AbstractConnector.java:doStart(278)) - Started ServerConnector@6baf25d7{HTTP/1.1,[http/1.1]}{0.0.0.0:44518}
2019-09-25 17:14:35,567 [main] INFO  server.Server (Server.java:doStart(419)) - Started @171815ms
2019-09-25 17:14:35,567 [main] WARN  impl.MetricsSystemImpl (MetricsSystemImpl.java:register(276)) - Sink prometheus already exists!
2019-09-25 17:14:35,567 [main] INFO  server.BaseHttpServer (BaseHttpServer.java:updateConnectorAddress(215)) - HTTP server of HDDSDATANODE is listening at http://0.0.0.0:44518
2019-09-25 17:14:35,568 [main] INFO  impl.MetricsSystemImpl (MetricsSystemImpl.java:init(158)) - HddsDatanode metrics system started (again)
2019-09-25 17:14:35,570 [org.apache.hadoop.util.JvmPauseMonitor$Monitor@1965a5d7] INFO  util.JvmPauseMonitor (JvmPauseMonitor.java:run(188)) - Starting JVM pause monitor
2019-09-25 17:14:35,570 [main] INFO  ozone.HddsDatanodeService (HddsDatanodeService.java:start(184)) - HddsDatanodeService host:pr-hdds-2174-f48n4-3529231201 ip:192.168.164.231
2019-09-25 17:14:35,572 [Datanode State Machine Thread - 0] INFO  datanode.InitDatanodeState (InitDatanodeState.java:persistContainerDatanodeDetails(140)) - DatanodeDetails is persisted to /workdir/hadoop-ozone/integration-test/target/test-dir/MiniOzoneClusterImpl-ad082b7a-54ff-493a-8801-3708d76457e8/datanode-2/meta/datanode.id
2019-09-25 17:14:35,576 [main] INFO  volume.HddsVolume (HddsVolume.java:<init>(176)) - Creating Volume: /workdir/hadoop-ozone/integration-test/target/test-dir/MiniOzoneClusterImpl-ad082b7a-54ff-493a-8801-3708d76457e8/datanode-3/data/containers/hdds of  storage type : DISK and capacity : 1482555576320
2019-09-25 17:14:35,576 [main] INFO  volume.VolumeSet (VolumeSet.java:initializeVolumeSet(170)) - Added Volume : /workdir/hadoop-ozone/integration-test/target/test-dir/MiniOzoneClusterImpl-ad082b7a-54ff-493a-8801-3708d76457e8/datanode-3/data/containers/hdds to VolumeSet
2019-09-25 17:14:35,576 [main] INFO  volume.ThrottledAsyncChecker (ThrottledAsyncChecker.java:schedule(139)) - Scheduling a check for org.apache.hadoop.ozone.container.common.volume.HddsVolume@7b2ccba5
2019-09-25 17:14:35,576 [main] INFO  volume.HddsVolumeChecker (HddsVolumeChecker.java:checkAllVolumes(202)) - Scheduled health check for volume org.apache.hadoop.ozone.container.common.volume.HddsVolume@7b2ccba5
2019-09-25 17:14:35,589 [main] INFO  impl.RaftServerProxy (ConfUtils.java:logGet(43)) - raft.rpc.type = GRPC (default)
2019-09-25 17:14:35,589 [main] INFO  grpc.GrpcFactory (GrpcFactory.java:checkPooledByteBufAllocatorUseCacheForAllThreads(45)) - PERFORMANCE WARNING: useCacheForAllThreads is true that may cause Netty to create a lot garbage objects and, as a result, trigger GC.
	It is recommended to disable useCacheForAllThreads by setting -Dorg.apache.ratis.thirdparty.io.netty.allocator.useCacheForAllThreads=false in command line.
2019-09-25 17:14:35,589 [main] INFO  grpc.GrpcConfigKeys$Server (ConfUtils.java:logGet(43)) - raft.grpc.server.port = 0 (default)
2019-09-25 17:14:35,589 [main] INFO  server.GrpcService (ConfUtils.java:logGet(43)) - raft.grpc.message.size.max = 33570816 (custom)
2019-09-25 17:14:35,589 [main] INFO  server.RaftServerConfigKeys (ConfUtils.java:logGet(43)) - raft.server.log.appender.buffer.byte-limit = 33554432 (custom)
2019-09-25 17:14:35,590 [main] INFO  server.GrpcService (ConfUtils.java:logGet(43)) - raft.grpc.flow.control.window = 1MB (=1048576) (default)
2019-09-25 17:14:35,590 [main] INFO  server.RaftServerConfigKeys (ConfUtils.java:logGet(43)) - raft.server.rpc.request.timeout = 3000ms (default)
2019-09-25 17:14:35,590 [main] INFO  server.RaftServerConfigKeys (ConfUtils.java:logGet(43)) - raft.server.storage.dir = [/workdir/hadoop-ozone/integration-test/target/test-dir/MiniOzoneClusterImpl-ad082b7a-54ff-493a-8801-3708d76457e8/datanode-3/data/ratis] (custom)
2019-09-25 17:14:35,592 [main] INFO  hdfs.DFSUtil (DFSUtil.java:httpServerTemplateForNNAndJN(1641)) - Starting Web-server for hddsDatanode at: http://0.0.0.0:0
2019-09-25 17:14:35,593 [main] INFO  server.AuthenticationFilter (AuthenticationFilter.java:constructSecretProvider(240)) - Unable to initialize FileSignerSecretProvider, falling back to use random secrets.
2019-09-25 17:14:35,593 [main] WARN  http.HttpRequestLog (HttpRequestLog.java:getRequestLog(97)) - Jetty request log can only be enabled using Log4j
2019-09-25 17:14:35,595 [main] INFO  http.HttpServer2 (HttpServer2.java:addGlobalFilter(975)) - Added global filter 'safety' (class=org.apache.hadoop.http.HttpServer2$QuotingInputFilter)
2019-09-25 17:14:35,596 [main] INFO  http.HttpServer2 (HttpServer2.java:addFilter(948)) - Added filter static_user_filter (class=org.apache.hadoop.http.lib.StaticUserWebFilter$StaticUserFilter) to context hddsDatanode
2019-09-25 17:14:35,596 [main] INFO  http.HttpServer2 (HttpServer2.java:addFilter(958)) - Added filter static_user_filter (class=org.apache.hadoop.http.lib.StaticUserWebFilter$StaticUserFilter) to context logs
2019-09-25 17:14:35,596 [main] INFO  http.HttpServer2 (HttpServer2.java:addFilter(958)) - Added filter static_user_filter (class=org.apache.hadoop.http.lib.StaticUserWebFilter$StaticUserFilter) to context static
2019-09-25 17:14:35,597 [main] INFO  http.HttpServer2 (HttpServer2.java:bindListener(1191)) - Jetty bound to port 42015
2019-09-25 17:14:35,597 [main] INFO  server.Server (Server.java:doStart(351)) - jetty-9.3.25.v20180904, build timestamp: 2018-09-04T21:11:46Z, git hash: 3ce520221d0240229c862b122d2b06c12a625732
2019-09-25 17:14:35,599 [main] INFO  handler.ContextHandler (ContextHandler.java:doStart(781)) - Started o.e.j.s.ServletContextHandler@71b6172c{/logs,file:///workdir/hadoop-ozone/integration-test/target/log,AVAILABLE}
2019-09-25 17:14:35,599 [main] INFO  handler.ContextHandler (ContextHandler.java:doStart(781)) - Started o.e.j.s.ServletContextHandler@4fb56bea{/static,jar:file:/home/user/.m2/repository/org/apache/hadoop/hadoop-hdds-container-service/0.5.0-SNAPSHOT/hadoop-hdds-container-service-0.5.0-SNAPSHOT.jar!/webapps/static,AVAILABLE}
2019-09-25 17:14:35,628 [main] INFO  handler.ContextHandler (ContextHandler.java:doStart(781)) - Started o.e.j.w.WebAppContext@220c9a63{/,file:///tmp/jetty-0.0.0.0-42015-hddsDatanode-_-any-7020326454807625161.dir/webapp/,AVAILABLE}{/hddsDatanode}
2019-09-25 17:14:35,628 [main] INFO  server.AbstractConnector (AbstractConnector.java:doStart(278)) - Started ServerConnector@55b5cd2b{HTTP/1.1,[http/1.1]}{0.0.0.0:42015}
2019-09-25 17:14:35,629 [main] INFO  server.Server (Server.java:doStart(419)) - Started @171878ms
2019-09-25 17:14:35,630 [main] WARN  impl.MetricsSystemImpl (MetricsSystemImpl.java:register(276)) - Sink prometheus already exists!
2019-09-25 17:14:35,630 [main] INFO  server.BaseHttpServer (BaseHttpServer.java:updateConnectorAddress(215)) - HTTP server of HDDSDATANODE is listening at http://0.0.0.0:42015
2019-09-25 17:14:35,631 [main] INFO  impl.MetricsSystemImpl (MetricsSystemImpl.java:init(158)) - HddsDatanode metrics system started (again)
2019-09-25 17:14:35,633 [org.apache.hadoop.util.JvmPauseMonitor$Monitor@2fb20329] INFO  util.JvmPauseMonitor (JvmPauseMonitor.java:run(188)) - Starting JVM pause monitor
2019-09-25 17:14:35,633 [main] INFO  ozone.HddsDatanodeService (HddsDatanodeService.java:start(184)) - HddsDatanodeService host:pr-hdds-2174-f48n4-3529231201 ip:192.168.164.231
2019-09-25 17:14:35,634 [Datanode State Machine Thread - 0] INFO  datanode.InitDatanodeState (InitDatanodeState.java:persistContainerDatanodeDetails(140)) - DatanodeDetails is persisted to /workdir/hadoop-ozone/integration-test/target/test-dir/MiniOzoneClusterImpl-ad082b7a-54ff-493a-8801-3708d76457e8/datanode-3/meta/datanode.id
2019-09-25 17:14:35,638 [main] INFO  volume.HddsVolume (HddsVolume.java:<init>(176)) - Creating Volume: /workdir/hadoop-ozone/integration-test/target/test-dir/MiniOzoneClusterImpl-ad082b7a-54ff-493a-8801-3708d76457e8/datanode-4/data/containers/hdds of  storage type : DISK and capacity : 1482555576320
2019-09-25 17:14:35,639 [main] INFO  volume.VolumeSet (VolumeSet.java:initializeVolumeSet(170)) - Added Volume : /workdir/hadoop-ozone/integration-test/target/test-dir/MiniOzoneClusterImpl-ad082b7a-54ff-493a-8801-3708d76457e8/datanode-4/data/containers/hdds to VolumeSet
2019-09-25 17:14:35,639 [main] INFO  volume.ThrottledAsyncChecker (ThrottledAsyncChecker.java:schedule(139)) - Scheduling a check for org.apache.hadoop.ozone.container.common.volume.HddsVolume@3d299393
2019-09-25 17:14:35,640 [main] INFO  volume.HddsVolumeChecker (HddsVolumeChecker.java:checkAllVolumes(202)) - Scheduled health check for volume org.apache.hadoop.ozone.container.common.volume.HddsVolume@3d299393
2019-09-25 17:14:35,654 [main] INFO  impl.RaftServerProxy (ConfUtils.java:logGet(43)) - raft.rpc.type = GRPC (default)
2019-09-25 17:14:35,654 [main] INFO  grpc.GrpcFactory (GrpcFactory.java:checkPooledByteBufAllocatorUseCacheForAllThreads(45)) - PERFORMANCE WARNING: useCacheForAllThreads is true that may cause Netty to create a lot garbage objects and, as a result, trigger GC.
	It is recommended to disable useCacheForAllThreads by setting -Dorg.apache.ratis.thirdparty.io.netty.allocator.useCacheForAllThreads=false in command line.
2019-09-25 17:14:35,654 [main] INFO  grpc.GrpcConfigKeys$Server (ConfUtils.java:logGet(43)) - raft.grpc.server.port = 0 (default)
2019-09-25 17:14:35,655 [main] INFO  server.GrpcService (ConfUtils.java:logGet(43)) - raft.grpc.message.size.max = 33570816 (custom)
2019-09-25 17:14:35,655 [main] INFO  server.RaftServerConfigKeys (ConfUtils.java:logGet(43)) - raft.server.log.appender.buffer.byte-limit = 33554432 (custom)
2019-09-25 17:14:35,655 [main] INFO  server.GrpcService (ConfUtils.java:logGet(43)) - raft.grpc.flow.control.window = 1MB (=1048576) (default)
2019-09-25 17:14:35,655 [main] INFO  server.RaftServerConfigKeys (ConfUtils.java:logGet(43)) - raft.server.rpc.request.timeout = 3000ms (default)
2019-09-25 17:14:35,656 [main] INFO  server.RaftServerConfigKeys (ConfUtils.java:logGet(43)) - raft.server.storage.dir = [/workdir/hadoop-ozone/integration-test/target/test-dir/MiniOzoneClusterImpl-ad082b7a-54ff-493a-8801-3708d76457e8/datanode-4/data/ratis] (custom)
2019-09-25 17:14:35,657 [main] INFO  hdfs.DFSUtil (DFSUtil.java:httpServerTemplateForNNAndJN(1641)) - Starting Web-server for hddsDatanode at: http://0.0.0.0:0
2019-09-25 17:14:35,658 [main] INFO  server.AuthenticationFilter (AuthenticationFilter.java:constructSecretProvider(240)) - Unable to initialize FileSignerSecretProvider, falling back to use random secrets.
2019-09-25 17:14:35,659 [main] WARN  http.HttpRequestLog (HttpRequestLog.java:getRequestLog(97)) - Jetty request log can only be enabled using Log4j
2019-09-25 17:14:35,660 [main] INFO  http.HttpServer2 (HttpServer2.java:addGlobalFilter(975)) - Added global filter 'safety' (class=org.apache.hadoop.http.HttpServer2$QuotingInputFilter)
2019-09-25 17:14:35,660 [main] INFO  http.HttpServer2 (HttpServer2.java:addFilter(948)) - Added filter static_user_filter (class=org.apache.hadoop.http.lib.StaticUserWebFilter$StaticUserFilter) to context hddsDatanode
2019-09-25 17:14:35,661 [main] INFO  http.HttpServer2 (HttpServer2.java:addFilter(958)) - Added filter static_user_filter (class=org.apache.hadoop.http.lib.StaticUserWebFilter$StaticUserFilter) to context logs
2019-09-25 17:14:35,661 [main] INFO  http.HttpServer2 (HttpServer2.java:addFilter(958)) - Added filter static_user_filter (class=org.apache.hadoop.http.lib.StaticUserWebFilter$StaticUserFilter) to context static
2019-09-25 17:14:35,661 [main] INFO  http.HttpServer2 (HttpServer2.java:bindListener(1191)) - Jetty bound to port 36727
2019-09-25 17:14:35,662 [main] INFO  server.Server (Server.java:doStart(351)) - jetty-9.3.25.v20180904, build timestamp: 2018-09-04T21:11:46Z, git hash: 3ce520221d0240229c862b122d2b06c12a625732
2019-09-25 17:14:35,663 [main] INFO  handler.ContextHandler (ContextHandler.java:doStart(781)) - Started o.e.j.s.ServletContextHandler@5b40de43{/logs,file:///workdir/hadoop-ozone/integration-test/target/log,AVAILABLE}
2019-09-25 17:14:35,663 [main] INFO  handler.ContextHandler (ContextHandler.java:doStart(781)) - Started o.e.j.s.ServletContextHandler@5489b1f7{/static,jar:file:/home/user/.m2/repository/org/apache/hadoop/hadoop-hdds-container-service/0.5.0-SNAPSHOT/hadoop-hdds-container-service-0.5.0-SNAPSHOT.jar!/webapps/static,AVAILABLE}
2019-09-25 17:14:35,691 [main] INFO  handler.ContextHandler (ContextHandler.java:doStart(781)) - Started o.e.j.w.WebAppContext@662e682a{/,file:///tmp/jetty-0.0.0.0-36727-hddsDatanode-_-any-4061347291325492788.dir/webapp/,AVAILABLE}{/hddsDatanode}
2019-09-25 17:14:35,692 [main] INFO  server.AbstractConnector (AbstractConnector.java:doStart(278)) - Started ServerConnector@2e43c38d{HTTP/1.1,[http/1.1]}{0.0.0.0:36727}
2019-09-25 17:14:35,693 [main] INFO  server.Server (Server.java:doStart(419)) - Started @171941ms
2019-09-25 17:14:35,693 [main] WARN  impl.MetricsSystemImpl (MetricsSystemImpl.java:register(276)) - Sink prometheus already exists!
2019-09-25 17:14:35,694 [main] INFO  server.BaseHttpServer (BaseHttpServer.java:updateConnectorAddress(215)) - HTTP server of HDDSDATANODE is listening at http://0.0.0.0:36727
2019-09-25 17:14:35,694 [main] INFO  impl.MetricsSystemImpl (MetricsSystemImpl.java:init(158)) - HddsDatanode metrics system started (again)
2019-09-25 17:14:35,697 [org.apache.hadoop.util.JvmPauseMonitor$Monitor@46306fc9] INFO  util.JvmPauseMonitor (JvmPauseMonitor.java:run(188)) - Starting JVM pause monitor
2019-09-25 17:14:35,697 [main] INFO  ozone.HddsDatanodeService (HddsDatanodeService.java:start(184)) - HddsDatanodeService host:pr-hdds-2174-f48n4-3529231201 ip:192.168.164.231
2019-09-25 17:14:35,698 [Datanode State Machine Thread - 0] INFO  datanode.InitDatanodeState (InitDatanodeState.java:persistContainerDatanodeDetails(140)) - DatanodeDetails is persisted to /workdir/hadoop-ozone/integration-test/target/test-dir/MiniOzoneClusterImpl-ad082b7a-54ff-493a-8801-3708d76457e8/datanode-4/meta/datanode.id
2019-09-25 17:14:35,703 [main] INFO  volume.HddsVolume (HddsVolume.java:<init>(176)) - Creating Volume: /workdir/hadoop-ozone/integration-test/target/test-dir/MiniOzoneClusterImpl-ad082b7a-54ff-493a-8801-3708d76457e8/datanode-5/data/containers/hdds of  storage type : DISK and capacity : 1482555576320
2019-09-25 17:14:35,703 [main] INFO  volume.VolumeSet (VolumeSet.java:initializeVolumeSet(170)) - Added Volume : /workdir/hadoop-ozone/integration-test/target/test-dir/MiniOzoneClusterImpl-ad082b7a-54ff-493a-8801-3708d76457e8/datanode-5/data/containers/hdds to VolumeSet
2019-09-25 17:14:35,703 [main] INFO  volume.ThrottledAsyncChecker (ThrottledAsyncChecker.java:schedule(139)) - Scheduling a check for org.apache.hadoop.ozone.container.common.volume.HddsVolume@2f80cb79
2019-09-25 17:14:35,704 [main] INFO  volume.HddsVolumeChecker (HddsVolumeChecker.java:checkAllVolumes(202)) - Scheduled health check for volume org.apache.hadoop.ozone.container.common.volume.HddsVolume@2f80cb79
2019-09-25 17:14:35,716 [main] INFO  impl.RaftServerProxy (ConfUtils.java:logGet(43)) - raft.rpc.type = GRPC (default)
2019-09-25 17:14:35,717 [main] INFO  grpc.GrpcFactory (GrpcFactory.java:checkPooledByteBufAllocatorUseCacheForAllThreads(45)) - PERFORMANCE WARNING: useCacheForAllThreads is true that may cause Netty to create a lot garbage objects and, as a result, trigger GC.
	It is recommended to disable useCacheForAllThreads by setting -Dorg.apache.ratis.thirdparty.io.netty.allocator.useCacheForAllThreads=false in command line.
2019-09-25 17:14:35,717 [main] INFO  grpc.GrpcConfigKeys$Server (ConfUtils.java:logGet(43)) - raft.grpc.server.port = 0 (default)
2019-09-25 17:14:35,717 [main] INFO  server.GrpcService (ConfUtils.java:logGet(43)) - raft.grpc.message.size.max = 33570816 (custom)
2019-09-25 17:14:35,717 [main] INFO  server.RaftServerConfigKeys (ConfUtils.java:logGet(43)) - raft.server.log.appender.buffer.byte-limit = 33554432 (custom)
2019-09-25 17:14:35,717 [main] INFO  server.GrpcService (ConfUtils.java:logGet(43)) - raft.grpc.flow.control.window = 1MB (=1048576) (default)
2019-09-25 17:14:35,718 [main] INFO  server.RaftServerConfigKeys (ConfUtils.java:logGet(43)) - raft.server.rpc.request.timeout = 3000ms (default)
2019-09-25 17:14:35,718 [main] INFO  server.RaftServerConfigKeys (ConfUtils.java:logGet(43)) - raft.server.storage.dir = [/workdir/hadoop-ozone/integration-test/target/test-dir/MiniOzoneClusterImpl-ad082b7a-54ff-493a-8801-3708d76457e8/datanode-5/data/ratis] (custom)
2019-09-25 17:14:35,720 [main] INFO  hdfs.DFSUtil (DFSUtil.java:httpServerTemplateForNNAndJN(1641)) - Starting Web-server for hddsDatanode at: http://0.0.0.0:0
2019-09-25 17:14:35,725 [main] INFO  server.AuthenticationFilter (AuthenticationFilter.java:constructSecretProvider(240)) - Unable to initialize FileSignerSecretProvider, falling back to use random secrets.
2019-09-25 17:14:35,725 [main] WARN  http.HttpRequestLog (HttpRequestLog.java:getRequestLog(97)) - Jetty request log can only be enabled using Log4j
2019-09-25 17:14:35,726 [main] INFO  http.HttpServer2 (HttpServer2.java:addGlobalFilter(975)) - Added global filter 'safety' (class=org.apache.hadoop.http.HttpServer2$QuotingInputFilter)
2019-09-25 17:14:35,727 [main] INFO  http.HttpServer2 (HttpServer2.java:addFilter(948)) - Added filter static_user_filter (class=org.apache.hadoop.http.lib.StaticUserWebFilter$StaticUserFilter) to context hddsDatanode
2019-09-25 17:14:35,727 [main] INFO  http.HttpServer2 (HttpServer2.java:addFilter(958)) - Added filter static_user_filter (class=org.apache.hadoop.http.lib.StaticUserWebFilter$StaticUserFilter) to context logs
2019-09-25 17:14:35,727 [main] INFO  http.HttpServer2 (HttpServer2.java:addFilter(958)) - Added filter static_user_filter (class=org.apache.hadoop.http.lib.StaticUserWebFilter$StaticUserFilter) to context static
2019-09-25 17:14:35,728 [main] INFO  http.HttpServer2 (HttpServer2.java:bindListener(1191)) - Jetty bound to port 41011
2019-09-25 17:14:35,728 [main] INFO  server.Server (Server.java:doStart(351)) - jetty-9.3.25.v20180904, build timestamp: 2018-09-04T21:11:46Z, git hash: 3ce520221d0240229c862b122d2b06c12a625732
2019-09-25 17:14:35,729 [main] INFO  handler.ContextHandler (ContextHandler.java:doStart(781)) - Started o.e.j.s.ServletContextHandler@202ae86f{/logs,file:///workdir/hadoop-ozone/integration-test/target/log,AVAILABLE}
2019-09-25 17:14:35,730 [main] INFO  handler.ContextHandler (ContextHandler.java:doStart(781)) - Started o.e.j.s.ServletContextHandler@35c4697c{/static,jar:file:/home/user/.m2/repository/org/apache/hadoop/hadoop-hdds-container-service/0.5.0-SNAPSHOT/hadoop-hdds-container-service-0.5.0-SNAPSHOT.jar!/webapps/static,AVAILABLE}
2019-09-25 17:14:35,758 [main] INFO  handler.ContextHandler (ContextHandler.java:doStart(781)) - Started o.e.j.w.WebAppContext@839df62{/,file:///tmp/jetty-0.0.0.0-41011-hddsDatanode-_-any-4758031109825155686.dir/webapp/,AVAILABLE}{/hddsDatanode}
2019-09-25 17:14:35,758 [main] INFO  server.AbstractConnector (AbstractConnector.java:doStart(278)) - Started ServerConnector@76e90da5{HTTP/1.1,[http/1.1]}{0.0.0.0:41011}
2019-09-25 17:14:35,765 [main] INFO  server.Server (Server.java:doStart(419)) - Started @172013ms
2019-09-25 17:14:35,765 [main] WARN  impl.MetricsSystemImpl (MetricsSystemImpl.java:register(276)) - Sink prometheus already exists!
2019-09-25 17:14:35,765 [main] INFO  server.BaseHttpServer (BaseHttpServer.java:updateConnectorAddress(215)) - HTTP server of HDDSDATANODE is listening at http://0.0.0.0:41011
2019-09-25 17:14:35,766 [main] INFO  ozone.MiniOzoneClusterImpl (MiniOzoneClusterImpl.java:lambda$waitForClusterToBeReady$0(147)) - Waiting for cluster to be ready. Got 0 of 6 DN Heartbeats.
2019-09-25 17:14:35,767 [org.apache.hadoop.util.JvmPauseMonitor$Monitor@35fb8b69] INFO  util.JvmPauseMonitor (JvmPauseMonitor.java:run(188)) - Starting JVM pause monitor
2019-09-25 17:14:35,769 [Datanode State Machine Thread - 0] INFO  datanode.InitDatanodeState (InitDatanodeState.java:persistContainerDatanodeDetails(140)) - DatanodeDetails is persisted to /workdir/hadoop-ozone/integration-test/target/test-dir/MiniOzoneClusterImpl-ad082b7a-54ff-493a-8801-3708d76457e8/datanode-5/meta/datanode.id
2019-09-25 17:14:36,766 [main] INFO  ozone.MiniOzoneClusterImpl (MiniOzoneClusterImpl.java:lambda$waitForClusterToBeReady$0(147)) - Waiting for cluster to be ready. Got 0 of 6 DN Heartbeats.
2019-09-25 17:14:37,469 [Datanode State Machine Thread - 0] INFO  ozoneimpl.OzoneContainer (OzoneContainer.java:start(217)) - Attempting to start container services.
2019-09-25 17:14:37,469 [Datanode State Machine Thread - 0] INFO  ozoneimpl.OzoneContainer (OzoneContainer.java:startContainerScrub(179)) - Background container scanner has been disabled.
2019-09-25 17:14:37,470 [Datanode State Machine Thread - 0] INFO  ratis.XceiverServerRatis (XceiverServerRatis.java:start(411)) - Starting XceiverServerRatis 892b06a8-425f-4459-ba03-ed84a79f311f at port 0
2019-09-25 17:14:37,475 [Datanode State Machine Thread - 0] INFO  impl.RaftServerProxy (RaftServerProxy.java:lambda$start$3(299)) - 892b06a8-425f-4459-ba03-ed84a79f311f: start RPC server
2019-09-25 17:14:37,479 [Datanode State Machine Thread - 0] INFO  server.GrpcService (GrpcService.java:startImpl(158)) - 892b06a8-425f-4459-ba03-ed84a79f311f: GrpcService started, listening on 0.0.0.0/0.0.0.0:33740
2019-09-25 17:14:37,479 [Datanode State Machine Thread - 0] INFO  ratis.XceiverServerRatis (XceiverServerRatis.java:start(421)) - XceiverServerRatis 892b06a8-425f-4459-ba03-ed84a79f311f is started using port 33740
2019-09-25 17:14:37,481 [Datanode State Machine Thread - 0] INFO  server.XceiverServerGrpc (XceiverServerGrpc.java:start(149)) - XceiverServerGrpc 892b06a8-425f-4459-ba03-ed84a79f311f is started using port 33783
2019-09-25 17:14:37,525 [Datanode State Machine Thread - 0] INFO  ozoneimpl.OzoneContainer (OzoneContainer.java:start(217)) - Attempting to start container services.
2019-09-25 17:14:37,526 [Datanode State Machine Thread - 0] INFO  ozoneimpl.OzoneContainer (OzoneContainer.java:startContainerScrub(179)) - Background container scanner has been disabled.
2019-09-25 17:14:37,526 [Datanode State Machine Thread - 0] INFO  ratis.XceiverServerRatis (XceiverServerRatis.java:start(411)) - Starting XceiverServerRatis 358556f5-059f-4710-ae7d-5ccadbe23914 at port 0
2019-09-25 17:14:37,534 [Datanode State Machine Thread - 0] INFO  impl.RaftServerProxy (RaftServerProxy.java:lambda$start$3(299)) - 358556f5-059f-4710-ae7d-5ccadbe23914: start RPC server
2019-09-25 17:14:37,534 [Datanode State Machine Thread - 0] INFO  server.GrpcService (GrpcService.java:startImpl(158)) - 358556f5-059f-4710-ae7d-5ccadbe23914: GrpcService started, listening on 0.0.0.0/0.0.0.0:32908
2019-09-25 17:14:37,535 [Datanode State Machine Thread - 0] INFO  ratis.XceiverServerRatis (XceiverServerRatis.java:start(421)) - XceiverServerRatis 358556f5-059f-4710-ae7d-5ccadbe23914 is started using port 32908
2019-09-25 17:14:37,535 [Datanode State Machine Thread - 0] INFO  server.XceiverServerGrpc (XceiverServerGrpc.java:start(149)) - XceiverServerGrpc 358556f5-059f-4710-ae7d-5ccadbe23914 is started using port 34779
2019-09-25 17:14:37,585 [Datanode State Machine Thread - 0] INFO  ozoneimpl.OzoneContainer (OzoneContainer.java:start(217)) - Attempting to start container services.
2019-09-25 17:14:37,585 [Datanode State Machine Thread - 0] INFO  ozoneimpl.OzoneContainer (OzoneContainer.java:startContainerScrub(179)) - Background container scanner has been disabled.
2019-09-25 17:14:37,585 [Datanode State Machine Thread - 0] INFO  ratis.XceiverServerRatis (XceiverServerRatis.java:start(411)) - Starting XceiverServerRatis aff71a2d-89f3-4bc8-b768-2461c2911101 at port 0
2019-09-25 17:14:37,591 [Datanode State Machine Thread - 0] INFO  impl.RaftServerProxy (RaftServerProxy.java:lambda$start$3(299)) - aff71a2d-89f3-4bc8-b768-2461c2911101: start RPC server
2019-09-25 17:14:37,591 [Datanode State Machine Thread - 0] INFO  server.GrpcService (GrpcService.java:startImpl(158)) - aff71a2d-89f3-4bc8-b768-2461c2911101: GrpcService started, listening on 0.0.0.0/0.0.0.0:35356
2019-09-25 17:14:37,591 [Datanode State Machine Thread - 0] INFO  ratis.XceiverServerRatis (XceiverServerRatis.java:start(421)) - XceiverServerRatis aff71a2d-89f3-4bc8-b768-2461c2911101 is started using port 35356
2019-09-25 17:14:37,593 [Datanode State Machine Thread - 0] INFO  server.XceiverServerGrpc (XceiverServerGrpc.java:start(149)) - XceiverServerGrpc aff71a2d-89f3-4bc8-b768-2461c2911101 is started using port 41632
2019-09-25 17:14:37,647 [Datanode State Machine Thread - 0] INFO  ozoneimpl.OzoneContainer (OzoneContainer.java:start(217)) - Attempting to start container services.
2019-09-25 17:14:37,648 [Datanode State Machine Thread - 0] INFO  ozoneimpl.OzoneContainer (OzoneContainer.java:startContainerScrub(179)) - Background container scanner has been disabled.
2019-09-25 17:14:37,648 [Datanode State Machine Thread - 0] INFO  ratis.XceiverServerRatis (XceiverServerRatis.java:start(411)) - Starting XceiverServerRatis aac5cd58-9b02-4776-bc0c-2ffd417f3e9d at port 0
2019-09-25 17:14:37,656 [Datanode State Machine Thread - 0] INFO  impl.RaftServerProxy (RaftServerProxy.java:lambda$start$3(299)) - aac5cd58-9b02-4776-bc0c-2ffd417f3e9d: start RPC server
2019-09-25 17:14:37,656 [Datanode State Machine Thread - 0] INFO  server.GrpcService (GrpcService.java:startImpl(158)) - aac5cd58-9b02-4776-bc0c-2ffd417f3e9d: GrpcService started, listening on 0.0.0.0/0.0.0.0:45834
2019-09-25 17:14:37,657 [Datanode State Machine Thread - 0] INFO  ratis.XceiverServerRatis (XceiverServerRatis.java:start(421)) - XceiverServerRatis aac5cd58-9b02-4776-bc0c-2ffd417f3e9d is started using port 45834
2019-09-25 17:14:37,659 [Datanode State Machine Thread - 0] INFO  server.XceiverServerGrpc (XceiverServerGrpc.java:start(149)) - XceiverServerGrpc aac5cd58-9b02-4776-bc0c-2ffd417f3e9d is started using port 40993
2019-09-25 17:14:37,710 [Datanode State Machine Thread - 0] INFO  ozoneimpl.OzoneContainer (OzoneContainer.java:start(217)) - Attempting to start container services.
2019-09-25 17:14:37,710 [Datanode State Machine Thread - 0] INFO  ozoneimpl.OzoneContainer (OzoneContainer.java:startContainerScrub(179)) - Background container scanner has been disabled.
2019-09-25 17:14:37,711 [Datanode State Machine Thread - 0] INFO  ratis.XceiverServerRatis (XceiverServerRatis.java:start(411)) - Starting XceiverServerRatis 8591884e-632d-462e-b660-b3f7453a56d0 at port 0
2019-09-25 17:14:37,717 [Datanode State Machine Thread - 0] INFO  impl.RaftServerProxy (RaftServerProxy.java:lambda$start$3(299)) - 8591884e-632d-462e-b660-b3f7453a56d0: start RPC server
2019-09-25 17:14:37,720 [Datanode State Machine Thread - 0] INFO  server.GrpcService (GrpcService.java:startImpl(158)) - 8591884e-632d-462e-b660-b3f7453a56d0: GrpcService started, listening on 0.0.0.0/0.0.0.0:43661
2019-09-25 17:14:37,720 [Datanode State Machine Thread - 0] INFO  ratis.XceiverServerRatis (XceiverServerRatis.java:start(421)) - XceiverServerRatis 8591884e-632d-462e-b660-b3f7453a56d0 is started using port 43661
2019-09-25 17:14:37,720 [Datanode State Machine Thread - 0] INFO  server.XceiverServerGrpc (XceiverServerGrpc.java:start(149)) - XceiverServerGrpc 8591884e-632d-462e-b660-b3f7453a56d0 is started using port 40555
2019-09-25 17:14:37,768 [main] INFO  ozone.MiniOzoneClusterImpl (MiniOzoneClusterImpl.java:lambda$waitForClusterToBeReady$0(147)) - Waiting for cluster to be ready. Got 0 of 6 DN Heartbeats.
2019-09-25 17:14:37,796 [Datanode State Machine Thread - 0] INFO  ozoneimpl.OzoneContainer (OzoneContainer.java:start(217)) - Attempting to start container services.
2019-09-25 17:14:37,799 [Datanode State Machine Thread - 0] INFO  ozoneimpl.OzoneContainer (OzoneContainer.java:startContainerScrub(179)) - Background container scanner has been disabled.
2019-09-25 17:14:37,799 [Datanode State Machine Thread - 0] INFO  ratis.XceiverServerRatis (XceiverServerRatis.java:start(411)) - Starting XceiverServerRatis c3297815-3aa8-40d9-890f-fc612b5cc05d at port 0
2019-09-25 17:14:37,806 [Datanode State Machine Thread - 0] INFO  impl.RaftServerProxy (RaftServerProxy.java:lambda$start$3(299)) - c3297815-3aa8-40d9-890f-fc612b5cc05d: start RPC server
2019-09-25 17:14:37,807 [Datanode State Machine Thread - 0] INFO  server.GrpcService (GrpcService.java:startImpl(158)) - c3297815-3aa8-40d9-890f-fc612b5cc05d: GrpcService started, listening on 0.0.0.0/0.0.0.0:44201
2019-09-25 17:14:37,807 [Datanode State Machine Thread - 0] INFO  ratis.XceiverServerRatis (XceiverServerRatis.java:start(421)) - XceiverServerRatis c3297815-3aa8-40d9-890f-fc612b5cc05d is started using port 44201
2019-09-25 17:14:37,808 [Datanode State Machine Thread - 0] INFO  server.XceiverServerGrpc (XceiverServerGrpc.java:start(149)) - XceiverServerGrpc c3297815-3aa8-40d9-890f-fc612b5cc05d is started using port 36830
2019-09-25 17:14:38,768 [main] INFO  ozone.MiniOzoneClusterImpl (MiniOzoneClusterImpl.java:lambda$waitForClusterToBeReady$0(147)) - Waiting for cluster to be ready. Got 0 of 6 DN Heartbeats.
2019-09-25 17:14:39,445 [IPC Server handler 1 on 36083] INFO  net.NetworkTopology (NetworkTopologyImpl.java:add(111)) - Added a new node: /default-rack/892b06a8-425f-4459-ba03-ed84a79f311f
2019-09-25 17:14:39,448 [IPC Server handler 1 on 36083] INFO  node.SCMNodeManager (SCMNodeManager.java:register(266)) - Registered Data node : 892b06a8-425f-4459-ba03-ed84a79f311f{ip: 192.168.164.231, host: pr-hdds-2174-f48n4-3529231201, networkLocation: /default-rack, certSerialId: null}
2019-09-25 17:14:39,450 [EventQueue-NodeRegistrationContainerReportForDataNodeSafeModeRule] INFO  safemode.SCMSafeModeManager (DataNodeSafeModeRule.java:process(71)) - SCM in safe mode. 1 DataNodes registered, 1 required.
2019-09-25 17:14:39,452 [EventQueue-NodeRegistrationContainerReportForDataNodeSafeModeRule] INFO  safemode.SCMSafeModeManager (SCMSafeModeManager.java:validateSafeModeExitRules(177)) - ScmSafeModeManager, all rules are successfully validated
2019-09-25 17:14:39,452 [EventQueue-NodeRegistrationContainerReportForDataNodeSafeModeRule] INFO  safemode.SCMSafeModeManager (SCMSafeModeManager.java:exitSafeMode(193)) - SCM exiting safe mode.
2019-09-25 17:14:39,465 [grpc-default-executor-11] INFO  impl.RaftServerProxy (RaftServerProxy.java:addNew(89)) - 892b06a8-425f-4459-ba03-ed84a79f311f: addNew group-C3920417CAFA:[892b06a8-425f-4459-ba03-ed84a79f311f:192.168.164.231:33740] returns group-C3920417CAFA:java.util.concurrent.CompletableFuture@433741d4[Not completed]
2019-09-25 17:14:39,468 [pool-154-thread-1] INFO  impl.RaftServerImpl (RaftServerImpl.java:<init>(95)) - 892b06a8-425f-4459-ba03-ed84a79f311f: new RaftServerImpl for group-C3920417CAFA:[892b06a8-425f-4459-ba03-ed84a79f311f:192.168.164.231:33740] with ContainerStateMachine:uninitialized
2019-09-25 17:14:39,468 [pool-154-thread-1] INFO  server.RaftServerConfigKeys (ConfUtils.java:logGet(43)) - raft.server.rpc.timeout.min = 1s (custom)
2019-09-25 17:14:39,468 [pool-154-thread-1] INFO  server.RaftServerConfigKeys (ConfUtils.java:logGet(43)) - raft.server.rpc.timeout.max = 1200ms (custom)
2019-09-25 17:14:39,469 [pool-154-thread-1] INFO  server.RaftServerConfigKeys (ConfUtils.java:logGet(43)) - raft.server.rpcslowness.timeout = 120s (custom)
2019-09-25 17:14:39,469 [pool-154-thread-1] INFO  server.RaftServerConfigKeys (ConfUtils.java:logGet(43)) - raft.server.sleep.deviation.threshold = 300 (default)
2019-09-25 17:14:39,469 [pool-154-thread-1] INFO  server.RaftServerConfigKeys (ConfUtils.java:logGet(43)) - raft.server.log.appender.install.snapshot.enabled = false (custom)
2019-09-25 17:14:39,469 [pool-154-thread-1] INFO  impl.RaftServerImpl (ServerState.java:<init>(103)) - 892b06a8-425f-4459-ba03-ed84a79f311f@group-C3920417CAFA: ConfigurationManager, init=-1: [892b06a8-425f-4459-ba03-ed84a79f311f:192.168.164.231:33740], old=null, confs=<EMPTY_MAP>
2019-09-25 17:14:39,470 [pool-154-thread-1] INFO  server.RaftServerConfigKeys (ConfUtils.java:logGet(43)) - raft.server.storage.dir = [/workdir/hadoop-ozone/integration-test/target/test-dir/MiniOzoneClusterImpl-ad082b7a-54ff-493a-8801-3708d76457e8/datanode-0/data/ratis] (custom)
2019-09-25 17:14:39,470 [pool-154-thread-1] INFO  storage.RaftStorageDirectory (RaftStorageDirectory.java:analyzeStorage(246)) - The storage directory /workdir/hadoop-ozone/integration-test/target/test-dir/MiniOzoneClusterImpl-ad082b7a-54ff-493a-8801-3708d76457e8/datanode-0/data/ratis/27231467-6c1d-4e64-8d09-c3920417cafa does not exist. Creating ...
2019-09-25 17:14:39,484 [pool-154-thread-1] INFO  storage.RaftStorageDirectory (RaftStorageDirectory.java:tryLock(328)) - Lock on /workdir/hadoop-ozone/integration-test/target/test-dir/MiniOzoneClusterImpl-ad082b7a-54ff-493a-8801-3708d76457e8/datanode-0/data/ratis/27231467-6c1d-4e64-8d09-c3920417cafa/in_use.lock acquired by nodename 31084@pr-hdds-2174-f48n4-3529231201
2019-09-25 17:14:39,496 [pool-154-thread-1] INFO  storage.RaftStorage (RaftStorage.java:format(72)) - Storage directory /workdir/hadoop-ozone/integration-test/target/test-dir/MiniOzoneClusterImpl-ad082b7a-54ff-493a-8801-3708d76457e8/datanode-0/data/ratis/27231467-6c1d-4e64-8d09-c3920417cafa has been successfully formatted.
2019-09-25 17:14:39,497 [pool-154-thread-1] INFO  ratis.ContainerStateMachine (ContainerStateMachine.java:loadSnapshot(230)) - group-C3920417CAFA: The snapshot info is null. Setting the last applied indexto:(t:0, i:~)
2019-09-25 17:14:39,497 [pool-154-thread-1] INFO  server.RaftServerConfigKeys (ConfUtils.java:logGet(43)) - raft.server.notification.no-leader.timeout = 120s (custom)
2019-09-25 17:14:39,497 [pool-154-thread-1] INFO  server.RaftServerConfigKeys (ConfUtils.java:logGet(43)) - raft.server.log.use.memory = false (default)
2019-09-25 17:14:39,497 [pool-154-thread-1] INFO  server.RaftServerConfigKeys (ConfUtils.java:logGet(43)) - raft.server.log.purge.gap = 1000000 (custom)
2019-09-25 17:14:39,498 [pool-154-thread-1] INFO  server.RaftServerConfigKeys (ConfUtils.java:logGet(43)) - raft.server.log.appender.buffer.byte-limit = 33554432 (custom)
2019-09-25 17:14:39,498 [pool-154-thread-1] INFO  server.RaftServerConfigKeys (ConfUtils.java:logGet(43)) - raft.server.log.segment.size.max = 1048576 (custom)
2019-09-25 17:14:39,498 [pool-154-thread-1] INFO  server.RaftServerConfigKeys (ConfUtils.java:logGet(43)) - raft.server.log.segment.cache.num.max = 2 (custom)
2019-09-25 17:14:39,498 [pool-154-thread-1] INFO  segmented.SegmentedRaftLogWorker (SegmentedRaftLogWorker.java:<init>(172)) - new 892b06a8-425f-4459-ba03-ed84a79f311f@group-C3920417CAFA-SegmentedRaftLogWorker for RaftStorage:Storage Directory /workdir/hadoop-ozone/integration-test/target/test-dir/MiniOzoneClusterImpl-ad082b7a-54ff-493a-8801-3708d76457e8/datanode-0/data/ratis/27231467-6c1d-4e64-8d09-c3920417cafa
2019-09-25 17:14:39,502 [pool-154-thread-1] INFO  server.RaftServerConfigKeys (ConfUtils.java:logGet(43)) - raft.server.log.queue.byte-limit = 2147483647 (custom)
2019-09-25 17:14:39,502 [pool-154-thread-1] INFO  server.RaftServerConfigKeys (ConfUtils.java:logGet(43)) - raft.server.log.queue.element-limit = 1024 (custom)
2019-09-25 17:14:39,502 [pool-154-thread-1] INFO  server.RaftServerConfigKeys (ConfUtils.java:logGet(43)) - raft.server.log.segment.size.max = 1048576 (custom)
2019-09-25 17:14:39,502 [pool-154-thread-1] INFO  server.RaftServerConfigKeys (ConfUtils.java:logGet(43)) - raft.server.log.preallocated.size = 16384 (custom)
2019-09-25 17:14:39,502 [pool-154-thread-1] INFO  server.RaftServerConfigKeys (ConfUtils.java:logGet(43)) - raft.server.log.write.buffer.size = 33554432 (custom)
2019-09-25 17:14:39,503 [pool-154-thread-1] INFO  server.RaftServerConfigKeys (ConfUtils.java:logGet(43)) - raft.server.log.force.sync.num = 128 (default)
2019-09-25 17:14:39,503 [pool-154-thread-1] INFO  server.RaftServerConfigKeys (ConfUtils.java:logGet(43)) - raft.server.log.statemachine.data.sync = true (default)
2019-09-25 17:14:39,503 [pool-154-thread-1] INFO  server.RaftServerConfigKeys (ConfUtils.java:logGet(43)) - raft.server.log.statemachine.data.sync.timeout = 10s (default)
2019-09-25 17:14:39,503 [pool-154-thread-1] INFO  server.RaftServerConfigKeys (ConfUtils.java:logGet(43)) - raft.server.log.statemachine.data.sync.timeout.retry = -1 (default)
2019-09-25 17:14:39,503 [pool-154-thread-1] INFO  server.RaftServerConfigKeys (ConfUtils.java:logGet(43)) - raft.server.log.statemachine.data.caching.enabled = true (custom)
2019-09-25 17:14:39,504 [pool-154-thread-1] INFO  segmented.SegmentedRaftLogWorker (SegmentedRaftLogWorker.java:lambda$new$0(132)) - 892b06a8-425f-4459-ba03-ed84a79f311f@group-C3920417CAFA-SegmentedRaftLogWorker: flushIndex: setUnconditionally 0 -> -1
2019-09-25 17:14:39,504 [pool-154-thread-1] INFO  server.RaftServerConfigKeys (ConfUtils.java:logGet(43)) - raft.server.snapshot.auto.trigger.enabled = true (custom)
2019-09-25 17:14:39,505 [pool-154-thread-1] INFO  server.RaftServerConfigKeys (ConfUtils.java:logGet(43)) - raft.server.snapshot.auto.trigger.threshold = 10000 (custom)
2019-09-25 17:14:39,505 [pool-154-thread-1] INFO  server.RaftServerConfigKeys (ConfUtils.java:logGet(43)) - raft.server.snapshot.retention.num.files = 5 (custom)
2019-09-25 17:14:39,505 [pool-154-thread-1] INFO  server.RaftServerConfigKeys (ConfUtils.java:logGet(43)) - raft.server.retrycache.expirytime = 600000ms (custom)
2019-09-25 17:14:39,508 [pool-154-thread-1] INFO  impl.RaftServerImpl (RaftServerImpl.java:start(185)) - 892b06a8-425f-4459-ba03-ed84a79f311f@group-C3920417CAFA: start as a follower, conf=-1: [892b06a8-425f-4459-ba03-ed84a79f311f:192.168.164.231:33740], old=null
2019-09-25 17:14:39,508 [pool-154-thread-1] INFO  impl.RaftServerImpl (RaftServerImpl.java:setRole(174)) - 892b06a8-425f-4459-ba03-ed84a79f311f@group-C3920417CAFA: changes role from      null to FOLLOWER at term 0 for startAsFollower
2019-09-25 17:14:39,508 [pool-154-thread-1] INFO  impl.RoleInfo (RoleInfo.java:updateAndGet(143)) - 892b06a8-425f-4459-ba03-ed84a79f311f: start FollowerState
2019-09-25 17:14:39,509 [IPC Server handler 3 on 36083] INFO  net.NetworkTopology (NetworkTopologyImpl.java:add(111)) - Added a new node: /default-rack/358556f5-059f-4710-ae7d-5ccadbe23914
2019-09-25 17:14:39,518 [pool-154-thread-1] INFO  util.JmxRegister (JmxRegister.java:tryRegister(44)) - Successfully registered JMX Bean with object name Ratis:service=RaftServer,group=group-C3920417CAFA,id=892b06a8-425f-4459-ba03-ed84a79f311f
2019-09-25 17:14:39,518 [IPC Server handler 3 on 36083] INFO  node.SCMNodeManager (SCMNodeManager.java:register(266)) - Registered Data node : 358556f5-059f-4710-ae7d-5ccadbe23914{ip: 192.168.164.231, host: pr-hdds-2174-f48n4-3529231201, networkLocation: /default-rack, certSerialId: null}
2019-09-25 17:14:39,527 [RatisPipelineUtilsThread] INFO  pipeline.PipelineStateManager (PipelineStateManager.java:addPipeline(56)) - Created pipeline Pipeline[ Id: 27231467-6c1d-4e64-8d09-c3920417cafa, Nodes: 892b06a8-425f-4459-ba03-ed84a79f311f{ip: 192.168.164.231, host: pr-hdds-2174-f48n4-3529231201, networkLocation: /default-rack, certSerialId: null}, Type:RATIS, Factor:ONE, State:OPEN]
2019-09-25 17:14:39,535 [grpc-default-executor-11] INFO  impl.RaftServerProxy (RaftServerProxy.java:addNew(89)) - 358556f5-059f-4710-ae7d-5ccadbe23914: addNew group-802A2EB35E28:[358556f5-059f-4710-ae7d-5ccadbe23914:192.168.164.231:32908] returns group-802A2EB35E28:java.util.concurrent.CompletableFuture@4eaaca1[Not completed]
2019-09-25 17:14:39,536 [pool-164-thread-1] INFO  impl.RaftServerImpl (RaftServerImpl.java:<init>(95)) - 358556f5-059f-4710-ae7d-5ccadbe23914: new RaftServerImpl for group-802A2EB35E28:[358556f5-059f-4710-ae7d-5ccadbe23914:192.168.164.231:32908] with ContainerStateMachine:uninitialized
2019-09-25 17:14:39,536 [pool-164-thread-1] INFO  server.RaftServerConfigKeys (ConfUtils.java:logGet(43)) - raft.server.rpc.timeout.min = 1s (custom)
2019-09-25 17:14:39,536 [pool-164-thread-1] INFO  server.RaftServerConfigKeys (ConfUtils.java:logGet(43)) - raft.server.rpc.timeout.max = 1200ms (custom)
2019-09-25 17:14:39,536 [pool-164-thread-1] INFO  server.RaftServerConfigKeys (ConfUtils.java:logGet(43)) - raft.server.rpcslowness.timeout = 120s (custom)
2019-09-25 17:14:39,536 [pool-164-thread-1] INFO  server.RaftServerConfigKeys (ConfUtils.java:logGet(43)) - raft.server.sleep.deviation.threshold = 300 (default)
2019-09-25 17:14:39,537 [pool-164-thread-1] INFO  server.RaftServerConfigKeys (ConfUtils.java:logGet(43)) - raft.server.log.appender.install.snapshot.enabled = false (custom)
2019-09-25 17:14:39,537 [pool-164-thread-1] INFO  impl.RaftServerImpl (ServerState.java:<init>(103)) - 358556f5-059f-4710-ae7d-5ccadbe23914@group-802A2EB35E28: ConfigurationManager, init=-1: [358556f5-059f-4710-ae7d-5ccadbe23914:192.168.164.231:32908], old=null, confs=<EMPTY_MAP>
2019-09-25 17:14:39,537 [pool-164-thread-1] INFO  server.RaftServerConfigKeys (ConfUtils.java:logGet(43)) - raft.server.storage.dir = [/workdir/hadoop-ozone/integration-test/target/test-dir/MiniOzoneClusterImpl-ad082b7a-54ff-493a-8801-3708d76457e8/datanode-1/data/ratis] (custom)
2019-09-25 17:14:39,537 [pool-164-thread-1] INFO  storage.RaftStorageDirectory (RaftStorageDirectory.java:analyzeStorage(246)) - The storage directory /workdir/hadoop-ozone/integration-test/target/test-dir/MiniOzoneClusterImpl-ad082b7a-54ff-493a-8801-3708d76457e8/datanode-1/data/ratis/fed05b71-3cd3-42e2-821b-802a2eb35e28 does not exist. Creating ...
2019-09-25 17:14:39,550 [pool-164-thread-1] INFO  storage.RaftStorageDirectory (RaftStorageDirectory.java:tryLock(328)) - Lock on /workdir/hadoop-ozone/integration-test/target/test-dir/MiniOzoneClusterImpl-ad082b7a-54ff-493a-8801-3708d76457e8/datanode-1/data/ratis/fed05b71-3cd3-42e2-821b-802a2eb35e28/in_use.lock acquired by nodename 31084@pr-hdds-2174-f48n4-3529231201
2019-09-25 17:14:39,567 [pool-164-thread-1] INFO  storage.RaftStorage (RaftStorage.java:format(72)) - Storage directory /workdir/hadoop-ozone/integration-test/target/test-dir/MiniOzoneClusterImpl-ad082b7a-54ff-493a-8801-3708d76457e8/datanode-1/data/ratis/fed05b71-3cd3-42e2-821b-802a2eb35e28 has been successfully formatted.
2019-09-25 17:14:39,568 [pool-164-thread-1] INFO  ratis.ContainerStateMachine (ContainerStateMachine.java:loadSnapshot(230)) - group-802A2EB35E28: The snapshot info is null. Setting the last applied indexto:(t:0, i:~)
2019-09-25 17:14:39,568 [pool-164-thread-1] INFO  server.RaftServerConfigKeys (ConfUtils.java:logGet(43)) - raft.server.notification.no-leader.timeout = 120s (custom)
2019-09-25 17:14:39,568 [pool-164-thread-1] INFO  server.RaftServerConfigKeys (ConfUtils.java:logGet(43)) - raft.server.log.use.memory = false (default)
2019-09-25 17:14:39,568 [pool-164-thread-1] INFO  server.RaftServerConfigKeys (ConfUtils.java:logGet(43)) - raft.server.log.purge.gap = 1000000 (custom)
2019-09-25 17:14:39,568 [pool-164-thread-1] INFO  server.RaftServerConfigKeys (ConfUtils.java:logGet(43)) - raft.server.log.appender.buffer.byte-limit = 33554432 (custom)
2019-09-25 17:14:39,568 [pool-164-thread-1] INFO  server.RaftServerConfigKeys (ConfUtils.java:logGet(43)) - raft.server.log.segment.size.max = 1048576 (custom)
2019-09-25 17:14:39,569 [pool-164-thread-1] INFO  server.RaftServerConfigKeys (ConfUtils.java:logGet(43)) - raft.server.log.segment.cache.num.max = 2 (custom)
2019-09-25 17:14:39,569 [pool-164-thread-1] INFO  segmented.SegmentedRaftLogWorker (SegmentedRaftLogWorker.java:<init>(172)) - new 358556f5-059f-4710-ae7d-5ccadbe23914@group-802A2EB35E28-SegmentedRaftLogWorker for RaftStorage:Storage Directory /workdir/hadoop-ozone/integration-test/target/test-dir/MiniOzoneClusterImpl-ad082b7a-54ff-493a-8801-3708d76457e8/datanode-1/data/ratis/fed05b71-3cd3-42e2-821b-802a2eb35e28
2019-09-25 17:14:39,571 [pool-164-thread-1] INFO  server.RaftServerConfigKeys (ConfUtils.java:logGet(43)) - raft.server.log.queue.byte-limit = 2147483647 (custom)
2019-09-25 17:14:39,571 [IPC Server handler 4 on 36083] INFO  net.NetworkTopology (NetworkTopologyImpl.java:add(111)) - Added a new node: /default-rack/aff71a2d-89f3-4bc8-b768-2461c2911101
2019-09-25 17:14:39,571 [pool-164-thread-1] INFO  server.RaftServerConfigKeys (ConfUtils.java:logGet(43)) - raft.server.log.queue.element-limit = 1024 (custom)
2019-09-25 17:14:39,571 [IPC Server handler 4 on 36083] INFO  node.SCMNodeManager (SCMNodeManager.java:register(266)) - Registered Data node : aff71a2d-89f3-4bc8-b768-2461c2911101{ip: 192.168.164.231, host: pr-hdds-2174-f48n4-3529231201, networkLocation: /default-rack, certSerialId: null}
2019-09-25 17:14:39,571 [pool-164-thread-1] INFO  server.RaftServerConfigKeys (ConfUtils.java:logGet(43)) - raft.server.log.segment.size.max = 1048576 (custom)
2019-09-25 17:14:39,572 [pool-164-thread-1] INFO  server.RaftServerConfigKeys (ConfUtils.java:logGet(43)) - raft.server.log.preallocated.size = 16384 (custom)
2019-09-25 17:14:39,572 [pool-164-thread-1] INFO  server.RaftServerConfigKeys (ConfUtils.java:logGet(43)) - raft.server.log.write.buffer.size = 33554432 (custom)
2019-09-25 17:14:39,572 [pool-164-thread-1] INFO  server.RaftServerConfigKeys (ConfUtils.java:logGet(43)) - raft.server.log.force.sync.num = 128 (default)
2019-09-25 17:14:39,572 [pool-164-thread-1] INFO  server.RaftServerConfigKeys (ConfUtils.java:logGet(43)) - raft.server.log.statemachine.data.sync = true (default)
2019-09-25 17:14:39,572 [pool-164-thread-1] INFO  server.RaftServerConfigKeys (ConfUtils.java:logGet(43)) - raft.server.log.statemachine.data.sync.timeout = 10s (default)
2019-09-25 17:14:39,572 [pool-164-thread-1] INFO  server.RaftServerConfigKeys (ConfUtils.java:logGet(43)) - raft.server.log.statemachine.data.sync.timeout.retry = -1 (default)
2019-09-25 17:14:39,573 [pool-164-thread-1] INFO  server.RaftServerConfigKeys (ConfUtils.java:logGet(43)) - raft.server.log.statemachine.data.caching.enabled = true (custom)
2019-09-25 17:14:39,573 [pool-164-thread-1] INFO  segmented.SegmentedRaftLogWorker (SegmentedRaftLogWorker.java:lambda$new$0(132)) - 358556f5-059f-4710-ae7d-5ccadbe23914@group-802A2EB35E28-SegmentedRaftLogWorker: flushIndex: setUnconditionally 0 -> -1
2019-09-25 17:14:39,573 [pool-164-thread-1] INFO  server.RaftServerConfigKeys (ConfUtils.java:logGet(43)) - raft.server.snapshot.auto.trigger.enabled = true (custom)
2019-09-25 17:14:39,573 [pool-164-thread-1] INFO  server.RaftServerConfigKeys (ConfUtils.java:logGet(43)) - raft.server.snapshot.auto.trigger.threshold = 10000 (custom)
2019-09-25 17:14:39,573 [pool-164-thread-1] INFO  server.RaftServerConfigKeys (ConfUtils.java:logGet(43)) - raft.server.snapshot.retention.num.files = 5 (custom)
2019-09-25 17:14:39,574 [pool-164-thread-1] INFO  server.RaftServerConfigKeys (ConfUtils.java:logGet(43)) - raft.server.retrycache.expirytime = 600000ms (custom)
2019-09-25 17:14:39,576 [pool-164-thread-1] INFO  impl.RaftServerImpl (RaftServerImpl.java:start(185)) - 358556f5-059f-4710-ae7d-5ccadbe23914@group-802A2EB35E28: start as a follower, conf=-1: [358556f5-059f-4710-ae7d-5ccadbe23914:192.168.164.231:32908], old=null
2019-09-25 17:14:39,576 [pool-164-thread-1] INFO  impl.RaftServerImpl (RaftServerImpl.java:setRole(174)) - 358556f5-059f-4710-ae7d-5ccadbe23914@group-802A2EB35E28: changes role from      null to FOLLOWER at term 0 for startAsFollower
2019-09-25 17:14:39,576 [pool-164-thread-1] INFO  impl.RoleInfo (RoleInfo.java:updateAndGet(143)) - 358556f5-059f-4710-ae7d-5ccadbe23914: start FollowerState
2019-09-25 17:14:39,576 [pool-164-thread-1] INFO  util.JmxRegister (JmxRegister.java:tryRegister(44)) - Successfully registered JMX Bean with object name Ratis:service=RaftServer,group=group-802A2EB35E28,id=358556f5-059f-4710-ae7d-5ccadbe23914
2019-09-25 17:14:39,578 [RatisPipelineUtilsThread] INFO  pipeline.PipelineStateManager (PipelineStateManager.java:addPipeline(56)) - Created pipeline Pipeline[ Id: fed05b71-3cd3-42e2-821b-802a2eb35e28, Nodes: 358556f5-059f-4710-ae7d-5ccadbe23914{ip: 192.168.164.231, host: pr-hdds-2174-f48n4-3529231201, networkLocation: /default-rack, certSerialId: null}, Type:RATIS, Factor:ONE, State:OPEN]
2019-09-25 17:14:39,587 [grpc-default-executor-11] INFO  impl.RaftServerProxy (RaftServerProxy.java:addNew(89)) - aff71a2d-89f3-4bc8-b768-2461c2911101: addNew group-5ABCD20B5F64:[aff71a2d-89f3-4bc8-b768-2461c2911101:192.168.164.231:35356] returns group-5ABCD20B5F64:java.util.concurrent.CompletableFuture@643ecad7[Not completed]
2019-09-25 17:14:39,589 [pool-174-thread-1] INFO  impl.RaftServerImpl (RaftServerImpl.java:<init>(95)) - aff71a2d-89f3-4bc8-b768-2461c2911101: new RaftServerImpl for group-5ABCD20B5F64:[aff71a2d-89f3-4bc8-b768-2461c2911101:192.168.164.231:35356] with ContainerStateMachine:uninitialized
2019-09-25 17:14:39,589 [pool-174-thread-1] INFO  server.RaftServerConfigKeys (ConfUtils.java:logGet(43)) - raft.server.rpc.timeout.min = 1s (custom)
2019-09-25 17:14:39,589 [pool-174-thread-1] INFO  server.RaftServerConfigKeys (ConfUtils.java:logGet(43)) - raft.server.rpc.timeout.max = 1200ms (custom)
2019-09-25 17:14:39,589 [pool-174-thread-1] INFO  server.RaftServerConfigKeys (ConfUtils.java:logGet(43)) - raft.server.rpcslowness.timeout = 120s (custom)
2019-09-25 17:14:39,589 [pool-174-thread-1] INFO  server.RaftServerConfigKeys (ConfUtils.java:logGet(43)) - raft.server.sleep.deviation.threshold = 300 (default)
2019-09-25 17:14:39,589 [pool-174-thread-1] INFO  server.RaftServerConfigKeys (ConfUtils.java:logGet(43)) - raft.server.log.appender.install.snapshot.enabled = false (custom)
2019-09-25 17:14:39,589 [pool-174-thread-1] INFO  impl.RaftServerImpl (ServerState.java:<init>(103)) - aff71a2d-89f3-4bc8-b768-2461c2911101@group-5ABCD20B5F64: ConfigurationManager, init=-1: [aff71a2d-89f3-4bc8-b768-2461c2911101:192.168.164.231:35356], old=null, confs=<EMPTY_MAP>
2019-09-25 17:14:39,590 [pool-174-thread-1] INFO  server.RaftServerConfigKeys (ConfUtils.java:logGet(43)) - raft.server.storage.dir = [/workdir/hadoop-ozone/integration-test/target/test-dir/MiniOzoneClusterImpl-ad082b7a-54ff-493a-8801-3708d76457e8/datanode-2/data/ratis] (custom)
2019-09-25 17:14:39,590 [pool-174-thread-1] INFO  storage.RaftStorageDirectory (RaftStorageDirectory.java:analyzeStorage(246)) - The storage directory /workdir/hadoop-ozone/integration-test/target/test-dir/MiniOzoneClusterImpl-ad082b7a-54ff-493a-8801-3708d76457e8/datanode-2/data/ratis/f163ff14-602f-4518-b1d6-5abcd20b5f64 does not exist. Creating ...
2019-09-25 17:14:39,603 [pool-174-thread-1] INFO  storage.RaftStorageDirectory (RaftStorageDirectory.java:tryLock(328)) - Lock on /workdir/hadoop-ozone/integration-test/target/test-dir/MiniOzoneClusterImpl-ad082b7a-54ff-493a-8801-3708d76457e8/datanode-2/data/ratis/f163ff14-602f-4518-b1d6-5abcd20b5f64/in_use.lock acquired by nodename 31084@pr-hdds-2174-f48n4-3529231201
2019-09-25 17:14:39,616 [pool-174-thread-1] INFO  storage.RaftStorage (RaftStorage.java:format(72)) - Storage directory /workdir/hadoop-ozone/integration-test/target/test-dir/MiniOzoneClusterImpl-ad082b7a-54ff-493a-8801-3708d76457e8/datanode-2/data/ratis/f163ff14-602f-4518-b1d6-5abcd20b5f64 has been successfully formatted.
2019-09-25 17:14:39,616 [pool-174-thread-1] INFO  ratis.ContainerStateMachine (ContainerStateMachine.java:loadSnapshot(230)) - group-5ABCD20B5F64: The snapshot info is null. Setting the last applied indexto:(t:0, i:~)
2019-09-25 17:14:39,617 [pool-174-thread-1] INFO  server.RaftServerConfigKeys (ConfUtils.java:logGet(43)) - raft.server.notification.no-leader.timeout = 120s (custom)
2019-09-25 17:14:39,617 [pool-174-thread-1] INFO  server.RaftServerConfigKeys (ConfUtils.java:logGet(43)) - raft.server.log.use.memory = false (default)
2019-09-25 17:14:39,617 [pool-174-thread-1] INFO  server.RaftServerConfigKeys (ConfUtils.java:logGet(43)) - raft.server.log.purge.gap = 1000000 (custom)
2019-09-25 17:14:39,617 [pool-174-thread-1] INFO  server.RaftServerConfigKeys (ConfUtils.java:logGet(43)) - raft.server.log.appender.buffer.byte-limit = 33554432 (custom)
2019-09-25 17:14:39,617 [pool-174-thread-1] INFO  server.RaftServerConfigKeys (ConfUtils.java:logGet(43)) - raft.server.log.segment.size.max = 1048576 (custom)
2019-09-25 17:14:39,617 [pool-174-thread-1] INFO  server.RaftServerConfigKeys (ConfUtils.java:logGet(43)) - raft.server.log.segment.cache.num.max = 2 (custom)
2019-09-25 17:14:39,617 [pool-174-thread-1] INFO  segmented.SegmentedRaftLogWorker (SegmentedRaftLogWorker.java:<init>(172)) - new aff71a2d-89f3-4bc8-b768-2461c2911101@group-5ABCD20B5F64-SegmentedRaftLogWorker for RaftStorage:Storage Directory /workdir/hadoop-ozone/integration-test/target/test-dir/MiniOzoneClusterImpl-ad082b7a-54ff-493a-8801-3708d76457e8/datanode-2/data/ratis/f163ff14-602f-4518-b1d6-5abcd20b5f64
2019-09-25 17:14:39,620 [pool-174-thread-1] INFO  server.RaftServerConfigKeys (ConfUtils.java:logGet(43)) - raft.server.log.queue.byte-limit = 2147483647 (custom)
2019-09-25 17:14:39,620 [pool-174-thread-1] INFO  server.RaftServerConfigKeys (ConfUtils.java:logGet(43)) - raft.server.log.queue.element-limit = 1024 (custom)
2019-09-25 17:14:39,620 [pool-174-thread-1] INFO  server.RaftServerConfigKeys (ConfUtils.java:logGet(43)) - raft.server.log.segment.size.max = 1048576 (custom)
2019-09-25 17:14:39,620 [pool-174-thread-1] INFO  server.RaftServerConfigKeys (ConfUtils.java:logGet(43)) - raft.server.log.preallocated.size = 16384 (custom)
2019-09-25 17:14:39,620 [pool-174-thread-1] INFO  server.RaftServerConfigKeys (ConfUtils.java:logGet(43)) - raft.server.log.write.buffer.size = 33554432 (custom)
2019-09-25 17:14:39,620 [pool-174-thread-1] INFO  server.RaftServerConfigKeys (ConfUtils.java:logGet(43)) - raft.server.log.force.sync.num = 128 (default)
2019-09-25 17:14:39,620 [pool-174-thread-1] INFO  server.RaftServerConfigKeys (ConfUtils.java:logGet(43)) - raft.server.log.statemachine.data.sync = true (default)
2019-09-25 17:14:39,620 [pool-174-thread-1] INFO  server.RaftServerConfigKeys (ConfUtils.java:logGet(43)) - raft.server.log.statemachine.data.sync.timeout = 10s (default)
2019-09-25 17:14:39,620 [pool-174-thread-1] INFO  server.RaftServerConfigKeys (ConfUtils.java:logGet(43)) - raft.server.log.statemachine.data.sync.timeout.retry = -1 (default)
2019-09-25 17:14:39,621 [pool-174-thread-1] INFO  server.RaftServerConfigKeys (ConfUtils.java:logGet(43)) - raft.server.log.statemachine.data.caching.enabled = true (custom)
2019-09-25 17:14:39,621 [pool-174-thread-1] INFO  segmented.SegmentedRaftLogWorker (SegmentedRaftLogWorker.java:lambda$new$0(132)) - aff71a2d-89f3-4bc8-b768-2461c2911101@group-5ABCD20B5F64-SegmentedRaftLogWorker: flushIndex: setUnconditionally 0 -> -1
2019-09-25 17:14:39,621 [pool-174-thread-1] INFO  server.RaftServerConfigKeys (ConfUtils.java:logGet(43)) - raft.server.snapshot.auto.trigger.enabled = true (custom)
2019-09-25 17:14:39,621 [pool-174-thread-1] INFO  server.RaftServerConfigKeys (ConfUtils.java:logGet(43)) - raft.server.snapshot.auto.trigger.threshold = 10000 (custom)
2019-09-25 17:14:39,621 [pool-174-thread-1] INFO  server.RaftServerConfigKeys (ConfUtils.java:logGet(43)) - raft.server.snapshot.retention.num.files = 5 (custom)
2019-09-25 17:14:39,622 [pool-174-thread-1] INFO  server.RaftServerConfigKeys (ConfUtils.java:logGet(43)) - raft.server.retrycache.expirytime = 600000ms (custom)
2019-09-25 17:14:39,624 [pool-174-thread-1] INFO  impl.RaftServerImpl (RaftServerImpl.java:start(185)) - aff71a2d-89f3-4bc8-b768-2461c2911101@group-5ABCD20B5F64: start as a follower, conf=-1: [aff71a2d-89f3-4bc8-b768-2461c2911101:192.168.164.231:35356], old=null
2019-09-25 17:14:39,624 [pool-174-thread-1] INFO  impl.RaftServerImpl (RaftServerImpl.java:setRole(174)) - aff71a2d-89f3-4bc8-b768-2461c2911101@group-5ABCD20B5F64: changes role from      null to FOLLOWER at term 0 for startAsFollower
2019-09-25 17:14:39,624 [pool-174-thread-1] INFO  impl.RoleInfo (RoleInfo.java:updateAndGet(143)) - aff71a2d-89f3-4bc8-b768-2461c2911101: start FollowerState
2019-09-25 17:14:39,624 [pool-174-thread-1] INFO  util.JmxRegister (JmxRegister.java:tryRegister(44)) - Successfully registered JMX Bean with object name Ratis:service=RaftServer,group=group-5ABCD20B5F64,id=aff71a2d-89f3-4bc8-b768-2461c2911101
2019-09-25 17:14:39,627 [RatisPipelineUtilsThread] INFO  pipeline.PipelineStateManager (PipelineStateManager.java:addPipeline(56)) - Created pipeline Pipeline[ Id: f163ff14-602f-4518-b1d6-5abcd20b5f64, Nodes: aff71a2d-89f3-4bc8-b768-2461c2911101{ip: 192.168.164.231, host: pr-hdds-2174-f48n4-3529231201, networkLocation: /default-rack, certSerialId: null}, Type:RATIS, Factor:ONE, State:OPEN]
2019-09-25 17:14:39,638 [IPC Server handler 5 on 36083] INFO  net.NetworkTopology (NetworkTopologyImpl.java:add(111)) - Added a new node: /default-rack/aac5cd58-9b02-4776-bc0c-2ffd417f3e9d
2019-09-25 17:14:39,638 [IPC Server handler 5 on 36083] INFO  node.SCMNodeManager (SCMNodeManager.java:register(266)) - Registered Data node : aac5cd58-9b02-4776-bc0c-2ffd417f3e9d{ip: 192.168.164.231, host: pr-hdds-2174-f48n4-3529231201, networkLocation: /default-rack, certSerialId: null}
2019-09-25 17:14:39,639 [grpc-default-executor-11] INFO  impl.RaftServerProxy (RaftServerProxy.java:addNew(89)) - 358556f5-059f-4710-ae7d-5ccadbe23914: addNew group-DB1D162FA1C1:[892b06a8-425f-4459-ba03-ed84a79f311f:192.168.164.231:33740, 358556f5-059f-4710-ae7d-5ccadbe23914:192.168.164.231:32908, aff71a2d-89f3-4bc8-b768-2461c2911101:192.168.164.231:35356] returns group-DB1D162FA1C1:java.util.concurrent.CompletableFuture@1bc45ddc[Not completed]
2019-09-25 17:14:39,639 [grpc-default-executor-3] INFO  impl.RaftServerProxy (RaftServerProxy.java:addNew(89)) - 892b06a8-425f-4459-ba03-ed84a79f311f: addNew group-DB1D162FA1C1:[892b06a8-425f-4459-ba03-ed84a79f311f:192.168.164.231:33740, 358556f5-059f-4710-ae7d-5ccadbe23914:192.168.164.231:32908, aff71a2d-89f3-4bc8-b768-2461c2911101:192.168.164.231:35356] returns group-DB1D162FA1C1:java.util.concurrent.CompletableFuture@14444fe9[Not completed]
2019-09-25 17:14:39,639 [grpc-default-executor-12] INFO  impl.RaftServerProxy (RaftServerProxy.java:addNew(89)) - aff71a2d-89f3-4bc8-b768-2461c2911101: addNew group-DB1D162FA1C1:[892b06a8-425f-4459-ba03-ed84a79f311f:192.168.164.231:33740, 358556f5-059f-4710-ae7d-5ccadbe23914:192.168.164.231:32908, aff71a2d-89f3-4bc8-b768-2461c2911101:192.168.164.231:35356] returns group-DB1D162FA1C1:java.util.concurrent.CompletableFuture@6141caef[Not completed]
2019-09-25 17:14:39,642 [pool-164-thread-1] INFO  impl.RaftServerImpl (RaftServerImpl.java:<init>(95)) - 358556f5-059f-4710-ae7d-5ccadbe23914: new RaftServerImpl for group-DB1D162FA1C1:[892b06a8-425f-4459-ba03-ed84a79f311f:192.168.164.231:33740, 358556f5-059f-4710-ae7d-5ccadbe23914:192.168.164.231:32908, aff71a2d-89f3-4bc8-b768-2461c2911101:192.168.164.231:35356] with ContainerStateMachine:uninitialized
2019-09-25 17:14:39,642 [pool-164-thread-1] INFO  server.RaftServerConfigKeys (ConfUtils.java:logGet(43)) - raft.server.rpc.timeout.min = 1s (custom)
2019-09-25 17:14:39,643 [pool-164-thread-1] INFO  server.RaftServerConfigKeys (ConfUtils.java:logGet(43)) - raft.server.rpc.timeout.max = 1200ms (custom)
2019-09-25 17:14:39,643 [pool-164-thread-1] INFO  server.RaftServerConfigKeys (ConfUtils.java:logGet(43)) - raft.server.rpcslowness.timeout = 120s (custom)
2019-09-25 17:14:39,643 [pool-164-thread-1] INFO  server.RaftServerConfigKeys (ConfUtils.java:logGet(43)) - raft.server.sleep.deviation.threshold = 300 (default)
2019-09-25 17:14:39,643 [pool-164-thread-1] INFO  server.RaftServerConfigKeys (ConfUtils.java:logGet(43)) - raft.server.log.appender.install.snapshot.enabled = false (custom)
2019-09-25 17:14:39,643 [pool-164-thread-1] INFO  impl.RaftServerImpl (ServerState.java:<init>(103)) - 358556f5-059f-4710-ae7d-5ccadbe23914@group-DB1D162FA1C1: ConfigurationManager, init=-1: [892b06a8-425f-4459-ba03-ed84a79f311f:192.168.164.231:33740, 358556f5-059f-4710-ae7d-5ccadbe23914:192.168.164.231:32908, aff71a2d-89f3-4bc8-b768-2461c2911101:192.168.164.231:35356], old=null, confs=<EMPTY_MAP>
2019-09-25 17:14:39,643 [pool-164-thread-1] INFO  server.RaftServerConfigKeys (ConfUtils.java:logGet(43)) - raft.server.storage.dir = [/workdir/hadoop-ozone/integration-test/target/test-dir/MiniOzoneClusterImpl-ad082b7a-54ff-493a-8801-3708d76457e8/datanode-1/data/ratis] (custom)
2019-09-25 17:14:39,644 [pool-174-thread-1] INFO  impl.RaftServerImpl (RaftServerImpl.java:<init>(95)) - aff71a2d-89f3-4bc8-b768-2461c2911101: new RaftServerImpl for group-DB1D162FA1C1:[892b06a8-425f-4459-ba03-ed84a79f311f:192.168.164.231:33740, 358556f5-059f-4710-ae7d-5ccadbe23914:192.168.164.231:32908, aff71a2d-89f3-4bc8-b768-2461c2911101:192.168.164.231:35356] with ContainerStateMachine:uninitialized
2019-09-25 17:14:39,644 [pool-174-thread-1] INFO  server.RaftServerConfigKeys (ConfUtils.java:logGet(43)) - raft.server.rpc.timeout.min = 1s (custom)
2019-09-25 17:14:39,644 [pool-164-thread-1] INFO  storage.RaftStorageDirectory (RaftStorageDirectory.java:analyzeStorage(246)) - The storage directory /workdir/hadoop-ozone/integration-test/target/test-dir/MiniOzoneClusterImpl-ad082b7a-54ff-493a-8801-3708d76457e8/datanode-1/data/ratis/f09757d8-4fe7-4883-8e97-db1d162fa1c1 does not exist. Creating ...
2019-09-25 17:14:39,644 [pool-174-thread-1] INFO  server.RaftServerConfigKeys (ConfUtils.java:logGet(43)) - raft.server.rpc.timeout.max = 1200ms (custom)
2019-09-25 17:14:39,644 [pool-174-thread-1] INFO  server.RaftServerConfigKeys (ConfUtils.java:logGet(43)) - raft.server.rpcslowness.timeout = 120s (custom)
2019-09-25 17:14:39,644 [pool-174-thread-1] INFO  server.RaftServerConfigKeys (ConfUtils.java:logGet(43)) - raft.server.sleep.deviation.threshold = 300 (default)
2019-09-25 17:14:39,645 [pool-174-thread-1] INFO  server.RaftServerConfigKeys (ConfUtils.java:logGet(43)) - raft.server.log.appender.install.snapshot.enabled = false (custom)
2019-09-25 17:14:39,645 [pool-154-thread-1] INFO  impl.RaftServerImpl (RaftServerImpl.java:<init>(95)) - 892b06a8-425f-4459-ba03-ed84a79f311f: new RaftServerImpl for group-DB1D162FA1C1:[892b06a8-425f-4459-ba03-ed84a79f311f:192.168.164.231:33740, 358556f5-059f-4710-ae7d-5ccadbe23914:192.168.164.231:32908, aff71a2d-89f3-4bc8-b768-2461c2911101:192.168.164.231:35356] with ContainerStateMachine:uninitialized
2019-09-25 17:14:39,645 [pool-174-thread-1] INFO  impl.RaftServerImpl (ServerState.java:<init>(103)) - aff71a2d-89f3-4bc8-b768-2461c2911101@group-DB1D162FA1C1: ConfigurationManager, init=-1: [892b06a8-425f-4459-ba03-ed84a79f311f:192.168.164.231:33740, 358556f5-059f-4710-ae7d-5ccadbe23914:192.168.164.231:32908, aff71a2d-89f3-4bc8-b768-2461c2911101:192.168.164.231:35356], old=null, confs=<EMPTY_MAP>
2019-09-25 17:14:39,645 [pool-154-thread-1] INFO  server.RaftServerConfigKeys (ConfUtils.java:logGet(43)) - raft.server.rpc.timeout.min = 1s (custom)
2019-09-25 17:14:39,645 [pool-174-thread-1] INFO  server.RaftServerConfigKeys (ConfUtils.java:logGet(43)) - raft.server.storage.dir = [/workdir/hadoop-ozone/integration-test/target/test-dir/MiniOzoneClusterImpl-ad082b7a-54ff-493a-8801-3708d76457e8/datanode-2/data/ratis] (custom)
2019-09-25 17:14:39,645 [pool-154-thread-1] INFO  server.RaftServerConfigKeys (ConfUtils.java:logGet(43)) - raft.server.rpc.timeout.max = 1200ms (custom)
2019-09-25 17:14:39,645 [pool-154-thread-1] INFO  server.RaftServerConfigKeys (ConfUtils.java:logGet(43)) - raft.server.rpcslowness.timeout = 120s (custom)
2019-09-25 17:14:39,645 [pool-154-thread-1] INFO  server.RaftServerConfigKeys (ConfUtils.java:logGet(43)) - raft.server.sleep.deviation.threshold = 300 (default)
2019-09-25 17:14:39,645 [pool-174-thread-1] INFO  storage.RaftStorageDirectory (RaftStorageDirectory.java:analyzeStorage(246)) - The storage directory /workdir/hadoop-ozone/integration-test/target/test-dir/MiniOzoneClusterImpl-ad082b7a-54ff-493a-8801-3708d76457e8/datanode-2/data/ratis/f09757d8-4fe7-4883-8e97-db1d162fa1c1 does not exist. Creating ...
2019-09-25 17:14:39,646 [pool-154-thread-1] INFO  server.RaftServerConfigKeys (ConfUtils.java:logGet(43)) - raft.server.log.appender.install.snapshot.enabled = false (custom)
2019-09-25 17:14:39,646 [pool-154-thread-1] INFO  impl.RaftServerImpl (ServerState.java:<init>(103)) - 892b06a8-425f-4459-ba03-ed84a79f311f@group-DB1D162FA1C1: ConfigurationManager, init=-1: [892b06a8-425f-4459-ba03-ed84a79f311f:192.168.164.231:33740, 358556f5-059f-4710-ae7d-5ccadbe23914:192.168.164.231:32908, aff71a2d-89f3-4bc8-b768-2461c2911101:192.168.164.231:35356], old=null, confs=<EMPTY_MAP>
2019-09-25 17:14:39,646 [pool-154-thread-1] INFO  server.RaftServerConfigKeys (ConfUtils.java:logGet(43)) - raft.server.storage.dir = [/workdir/hadoop-ozone/integration-test/target/test-dir/MiniOzoneClusterImpl-ad082b7a-54ff-493a-8801-3708d76457e8/datanode-0/data/ratis] (custom)
2019-09-25 17:14:39,646 [pool-154-thread-1] INFO  storage.RaftStorageDirectory (RaftStorageDirectory.java:analyzeStorage(246)) - The storage directory /workdir/hadoop-ozone/integration-test/target/test-dir/MiniOzoneClusterImpl-ad082b7a-54ff-493a-8801-3708d76457e8/datanode-0/data/ratis/f09757d8-4fe7-4883-8e97-db1d162fa1c1 does not exist. Creating ...
2019-09-25 17:14:39,658 [pool-154-thread-1] INFO  storage.RaftStorageDirectory (RaftStorageDirectory.java:tryLock(328)) - Lock on /workdir/hadoop-ozone/integration-test/target/test-dir/MiniOzoneClusterImpl-ad082b7a-54ff-493a-8801-3708d76457e8/datanode-0/data/ratis/f09757d8-4fe7-4883-8e97-db1d162fa1c1/in_use.lock acquired by nodename 31084@pr-hdds-2174-f48n4-3529231201
2019-09-25 17:14:39,658 [pool-164-thread-1] INFO  storage.RaftStorageDirectory (RaftStorageDirectory.java:tryLock(328)) - Lock on /workdir/hadoop-ozone/integration-test/target/test-dir/MiniOzoneClusterImpl-ad082b7a-54ff-493a-8801-3708d76457e8/datanode-1/data/ratis/f09757d8-4fe7-4883-8e97-db1d162fa1c1/in_use.lock acquired by nodename 31084@pr-hdds-2174-f48n4-3529231201
2019-09-25 17:14:39,658 [pool-174-thread-1] INFO  storage.RaftStorageDirectory (RaftStorageDirectory.java:tryLock(328)) - Lock on /workdir/hadoop-ozone/integration-test/target/test-dir/MiniOzoneClusterImpl-ad082b7a-54ff-493a-8801-3708d76457e8/datanode-2/data/ratis/f09757d8-4fe7-4883-8e97-db1d162fa1c1/in_use.lock acquired by nodename 31084@pr-hdds-2174-f48n4-3529231201
2019-09-25 17:14:39,672 [pool-154-thread-1] INFO  storage.RaftStorage (RaftStorage.java:format(72)) - Storage directory /workdir/hadoop-ozone/integration-test/target/test-dir/MiniOzoneClusterImpl-ad082b7a-54ff-493a-8801-3708d76457e8/datanode-0/data/ratis/f09757d8-4fe7-4883-8e97-db1d162fa1c1 has been successfully formatted.
2019-09-25 17:14:39,672 [pool-174-thread-1] INFO  storage.RaftStorage (RaftStorage.java:format(72)) - Storage directory /workdir/hadoop-ozone/integration-test/target/test-dir/MiniOzoneClusterImpl-ad082b7a-54ff-493a-8801-3708d76457e8/datanode-2/data/ratis/f09757d8-4fe7-4883-8e97-db1d162fa1c1 has been successfully formatted.
2019-09-25 17:14:39,672 [pool-164-thread-1] INFO  storage.RaftStorage (RaftStorage.java:format(72)) - Storage directory /workdir/hadoop-ozone/integration-test/target/test-dir/MiniOzoneClusterImpl-ad082b7a-54ff-493a-8801-3708d76457e8/datanode-1/data/ratis/f09757d8-4fe7-4883-8e97-db1d162fa1c1 has been successfully formatted.
2019-09-25 17:14:39,673 [pool-174-thread-1] INFO  ratis.ContainerStateMachine (ContainerStateMachine.java:loadSnapshot(230)) - group-DB1D162FA1C1: The snapshot info is null. Setting the last applied indexto:(t:0, i:~)
2019-09-25 17:14:39,672 [pool-154-thread-1] INFO  ratis.ContainerStateMachine (ContainerStateMachine.java:loadSnapshot(230)) - group-DB1D162FA1C1: The snapshot info is null. Setting the last applied indexto:(t:0, i:~)
2019-09-25 17:14:39,673 [pool-174-thread-1] INFO  server.RaftServerConfigKeys (ConfUtils.java:logGet(43)) - raft.server.notification.no-leader.timeout = 120s (custom)
2019-09-25 17:14:39,673 [pool-164-thread-1] INFO  ratis.ContainerStateMachine (ContainerStateMachine.java:loadSnapshot(230)) - group-DB1D162FA1C1: The snapshot info is null. Setting the last applied indexto:(t:0, i:~)
2019-09-25 17:14:39,673 [pool-174-thread-1] INFO  server.RaftServerConfigKeys (ConfUtils.java:logGet(43)) - raft.server.log.use.memory = false (default)
2019-09-25 17:14:39,673 [pool-154-thread-1] INFO  server.RaftServerConfigKeys (ConfUtils.java:logGet(43)) - raft.server.notification.no-leader.timeout = 120s (custom)
2019-09-25 17:14:39,673 [pool-174-thread-1] INFO  server.RaftServerConfigKeys (ConfUtils.java:logGet(43)) - raft.server.log.purge.gap = 1000000 (custom)
2019-09-25 17:14:39,673 [pool-164-thread-1] INFO  server.RaftServerConfigKeys (ConfUtils.java:logGet(43)) - raft.server.notification.no-leader.timeout = 120s (custom)
2019-09-25 17:14:39,673 [pool-174-thread-1] INFO  server.RaftServerConfigKeys (ConfUtils.java:logGet(43)) - raft.server.log.appender.buffer.byte-limit = 33554432 (custom)
2019-09-25 17:14:39,673 [pool-154-thread-1] INFO  server.RaftServerConfigKeys (ConfUtils.java:logGet(43)) - raft.server.log.use.memory = false (default)
2019-09-25 17:14:39,674 [pool-174-thread-1] INFO  server.RaftServerConfigKeys (ConfUtils.java:logGet(43)) - raft.server.log.segment.size.max = 1048576 (custom)
2019-09-25 17:14:39,673 [pool-164-thread-1] INFO  server.RaftServerConfigKeys (ConfUtils.java:logGet(43)) - raft.server.log.use.memory = false (default)
2019-09-25 17:14:39,674 [pool-174-thread-1] INFO  server.RaftServerConfigKeys (ConfUtils.java:logGet(43)) - raft.server.log.segment.cache.num.max = 2 (custom)
2019-09-25 17:14:39,674 [pool-154-thread-1] INFO  server.RaftServerConfigKeys (ConfUtils.java:logGet(43)) - raft.server.log.purge.gap = 1000000 (custom)
2019-09-25 17:14:39,674 [pool-174-thread-1] INFO  segmented.SegmentedRaftLogWorker (SegmentedRaftLogWorker.java:<init>(172)) - new aff71a2d-89f3-4bc8-b768-2461c2911101@group-DB1D162FA1C1-SegmentedRaftLogWorker for RaftStorage:Storage Directory /workdir/hadoop-ozone/integration-test/target/test-dir/MiniOzoneClusterImpl-ad082b7a-54ff-493a-8801-3708d76457e8/datanode-2/data/ratis/f09757d8-4fe7-4883-8e97-db1d162fa1c1
2019-09-25 17:14:39,674 [pool-164-thread-1] INFO  server.RaftServerConfigKeys (ConfUtils.java:logGet(43)) - raft.server.log.purge.gap = 1000000 (custom)
2019-09-25 17:14:39,674 [pool-174-thread-1] INFO  server.RaftServerConfigKeys (ConfUtils.java:logGet(43)) - raft.server.log.queue.byte-limit = 2147483647 (custom)
2019-09-25 17:14:39,675 [pool-174-thread-1] INFO  server.RaftServerConfigKeys (ConfUtils.java:logGet(43)) - raft.server.log.queue.element-limit = 1024 (custom)
2019-09-25 17:14:39,674 [pool-154-thread-1] INFO  server.RaftServerConfigKeys (ConfUtils.java:logGet(43)) - raft.server.log.appender.buffer.byte-limit = 33554432 (custom)
2019-09-25 17:14:39,675 [pool-174-thread-1] INFO  server.RaftServerConfigKeys (ConfUtils.java:logGet(43)) - raft.server.log.segment.size.max = 1048576 (custom)
2019-09-25 17:14:39,674 [pool-164-thread-1] INFO  server.RaftServerConfigKeys (ConfUtils.java:logGet(43)) - raft.server.log.appender.buffer.byte-limit = 33554432 (custom)
2019-09-25 17:14:39,675 [pool-174-thread-1] INFO  server.RaftServerConfigKeys (ConfUtils.java:logGet(43)) - raft.server.log.preallocated.size = 16384 (custom)
2019-09-25 17:14:39,675 [pool-154-thread-1] INFO  server.RaftServerConfigKeys (ConfUtils.java:logGet(43)) - raft.server.log.segment.size.max = 1048576 (custom)
2019-09-25 17:14:39,675 [pool-174-thread-1] INFO  server.RaftServerConfigKeys (ConfUtils.java:logGet(43)) - raft.server.log.write.buffer.size = 33554432 (custom)
2019-09-25 17:14:39,675 [pool-164-thread-1] INFO  server.RaftServerConfigKeys (ConfUtils.java:logGet(43)) - raft.server.log.segment.size.max = 1048576 (custom)
2019-09-25 17:14:39,675 [pool-174-thread-1] INFO  server.RaftServerConfigKeys (ConfUtils.java:logGet(43)) - raft.server.log.force.sync.num = 128 (default)
2019-09-25 17:14:39,675 [pool-154-thread-1] INFO  server.RaftServerConfigKeys (ConfUtils.java:logGet(43)) - raft.server.log.segment.cache.num.max = 2 (custom)
2019-09-25 17:14:39,676 [pool-174-thread-1] INFO  server.RaftServerConfigKeys (ConfUtils.java:logGet(43)) - raft.server.log.statemachine.data.sync = true (default)
2019-09-25 17:14:39,676 [pool-164-thread-1] INFO  server.RaftServerConfigKeys (ConfUtils.java:logGet(43)) - raft.server.log.segment.cache.num.max = 2 (custom)
2019-09-25 17:14:39,676 [pool-174-thread-1] INFO  server.RaftServerConfigKeys (ConfUtils.java:logGet(43)) - raft.server.log.statemachine.data.sync.timeout = 10s (default)
2019-09-25 17:14:39,676 [pool-154-thread-1] INFO  segmented.SegmentedRaftLogWorker (SegmentedRaftLogWorker.java:<init>(172)) - new 892b06a8-425f-4459-ba03-ed84a79f311f@group-DB1D162FA1C1-SegmentedRaftLogWorker for RaftStorage:Storage Directory /workdir/hadoop-ozone/integration-test/target/test-dir/MiniOzoneClusterImpl-ad082b7a-54ff-493a-8801-3708d76457e8/datanode-0/data/ratis/f09757d8-4fe7-4883-8e97-db1d162fa1c1
2019-09-25 17:14:39,676 [pool-174-thread-1] INFO  server.RaftServerConfigKeys (ConfUtils.java:logGet(43)) - raft.server.log.statemachine.data.sync.timeout.retry = -1 (default)
2019-09-25 17:14:39,676 [pool-164-thread-1] INFO  segmented.SegmentedRaftLogWorker (SegmentedRaftLogWorker.java:<init>(172)) - new 358556f5-059f-4710-ae7d-5ccadbe23914@group-DB1D162FA1C1-SegmentedRaftLogWorker for RaftStorage:Storage Directory /workdir/hadoop-ozone/integration-test/target/test-dir/MiniOzoneClusterImpl-ad082b7a-54ff-493a-8801-3708d76457e8/datanode-1/data/ratis/f09757d8-4fe7-4883-8e97-db1d162fa1c1
2019-09-25 17:14:39,676 [pool-174-thread-1] INFO  server.RaftServerConfigKeys (ConfUtils.java:logGet(43)) - raft.server.log.statemachine.data.caching.enabled = true (custom)
2019-09-25 17:14:39,676 [pool-154-thread-1] INFO  server.RaftServerConfigKeys (ConfUtils.java:logGet(43)) - raft.server.log.queue.byte-limit = 2147483647 (custom)
2019-09-25 17:14:39,676 [pool-164-thread-1] INFO  server.RaftServerConfigKeys (ConfUtils.java:logGet(43)) - raft.server.log.queue.byte-limit = 2147483647 (custom)
2019-09-25 17:14:39,677 [pool-174-thread-1] INFO  segmented.SegmentedRaftLogWorker (SegmentedRaftLogWorker.java:lambda$new$0(132)) - aff71a2d-89f3-4bc8-b768-2461c2911101@group-DB1D162FA1C1-SegmentedRaftLogWorker: flushIndex: setUnconditionally 0 -> -1
2019-09-25 17:14:39,677 [pool-164-thread-1] INFO  server.RaftServerConfigKeys (ConfUtils.java:logGet(43)) - raft.server.log.queue.element-limit = 1024 (custom)
2019-09-25 17:14:39,677 [pool-154-thread-1] INFO  server.RaftServerConfigKeys (ConfUtils.java:logGet(43)) - raft.server.log.queue.element-limit = 1024 (custom)
2019-09-25 17:14:39,677 [pool-174-thread-1] INFO  server.RaftServerConfigKeys (ConfUtils.java:logGet(43)) - raft.server.snapshot.auto.trigger.enabled = true (custom)
2019-09-25 17:14:39,677 [pool-164-thread-1] INFO  server.RaftServerConfigKeys (ConfUtils.java:logGet(43)) - raft.server.log.segment.size.max = 1048576 (custom)
2019-09-25 17:14:39,677 [pool-174-thread-1] INFO  server.RaftServerConfigKeys (ConfUtils.java:logGet(43)) - raft.server.snapshot.auto.trigger.threshold = 10000 (custom)
2019-09-25 17:14:39,677 [pool-154-thread-1] INFO  server.RaftServerConfigKeys (ConfUtils.java:logGet(43)) - raft.server.log.segment.size.max = 1048576 (custom)
2019-09-25 17:14:39,677 [pool-174-thread-1] INFO  server.RaftServerConfigKeys (ConfUtils.java:logGet(43)) - raft.server.snapshot.retention.num.files = 5 (custom)
2019-09-25 17:14:39,677 [pool-164-thread-1] INFO  server.RaftServerConfigKeys (ConfUtils.java:logGet(43)) - raft.server.log.preallocated.size = 16384 (custom)
2019-09-25 17:14:39,678 [pool-154-thread-1] INFO  server.RaftServerConfigKeys (ConfUtils.java:logGet(43)) - raft.server.log.preallocated.size = 16384 (custom)
2019-09-25 17:14:39,678 [pool-174-thread-1] INFO  server.RaftServerConfigKeys (ConfUtils.java:logGet(43)) - raft.server.retrycache.expirytime = 600000ms (custom)
2019-09-25 17:14:39,678 [pool-154-thread-1] INFO  server.RaftServerConfigKeys (ConfUtils.java:logGet(43)) - raft.server.log.write.buffer.size = 33554432 (custom)
2019-09-25 17:14:39,678 [pool-164-thread-1] INFO  server.RaftServerConfigKeys (ConfUtils.java:logGet(43)) - raft.server.log.write.buffer.size = 33554432 (custom)
2019-09-25 17:14:39,678 [pool-154-thread-1] INFO  server.RaftServerConfigKeys (ConfUtils.java:logGet(43)) - raft.server.log.force.sync.num = 128 (default)
2019-09-25 17:14:39,678 [pool-164-thread-1] INFO  server.RaftServerConfigKeys (ConfUtils.java:logGet(43)) - raft.server.log.force.sync.num = 128 (default)
2019-09-25 17:14:39,678 [pool-154-thread-1] INFO  server.RaftServerConfigKeys (ConfUtils.java:logGet(43)) - raft.server.log.statemachine.data.sync = true (default)
2019-09-25 17:14:39,678 [pool-164-thread-1] INFO  server.RaftServerConfigKeys (ConfUtils.java:logGet(43)) - raft.server.log.statemachine.data.sync = true (default)
2019-09-25 17:14:39,679 [pool-154-thread-1] INFO  server.RaftServerConfigKeys (ConfUtils.java:logGet(43)) - raft.server.log.statemachine.data.sync.timeout = 10s (default)
2019-09-25 17:14:39,679 [pool-164-thread-1] INFO  server.RaftServerConfigKeys (ConfUtils.java:logGet(43)) - raft.server.log.statemachine.data.sync.timeout = 10s (default)
2019-09-25 17:14:39,679 [pool-154-thread-1] INFO  server.RaftServerConfigKeys (ConfUtils.java:logGet(43)) - raft.server.log.statemachine.data.sync.timeout.retry = -1 (default)
2019-09-25 17:14:39,679 [pool-164-thread-1] INFO  server.RaftServerConfigKeys (ConfUtils.java:logGet(43)) - raft.server.log.statemachine.data.sync.timeout.retry = -1 (default)
2019-09-25 17:14:39,679 [pool-154-thread-1] INFO  server.RaftServerConfigKeys (ConfUtils.java:logGet(43)) - raft.server.log.statemachine.data.caching.enabled = true (custom)
2019-09-25 17:14:39,679 [pool-164-thread-1] INFO  server.RaftServerConfigKeys (ConfUtils.java:logGet(43)) - raft.server.log.statemachine.data.caching.enabled = true (custom)
2019-09-25 17:14:39,679 [pool-154-thread-1] INFO  segmented.SegmentedRaftLogWorker (SegmentedRaftLogWorker.java:lambda$new$0(132)) - 892b06a8-425f-4459-ba03-ed84a79f311f@group-DB1D162FA1C1-SegmentedRaftLogWorker: flushIndex: setUnconditionally 0 -> -1
2019-09-25 17:14:39,679 [pool-164-thread-1] INFO  segmented.SegmentedRaftLogWorker (SegmentedRaftLogWorker.java:lambda$new$0(132)) - 358556f5-059f-4710-ae7d-5ccadbe23914@group-DB1D162FA1C1-SegmentedRaftLogWorker: flushIndex: setUnconditionally 0 -> -1
2019-09-25 17:14:39,680 [pool-154-thread-1] INFO  server.RaftServerConfigKeys (ConfUtils.java:logGet(43)) - raft.server.snapshot.auto.trigger.enabled = true (custom)
2019-09-25 17:14:39,680 [pool-164-thread-1] INFO  server.RaftServerConfigKeys (ConfUtils.java:logGet(43)) - raft.server.snapshot.auto.trigger.enabled = true (custom)
2019-09-25 17:14:39,680 [pool-154-thread-1] INFO  server.RaftServerConfigKeys (ConfUtils.java:logGet(43)) - raft.server.snapshot.auto.trigger.threshold = 10000 (custom)
2019-09-25 17:14:39,680 [pool-174-thread-1] INFO  impl.RaftServerImpl (RaftServerImpl.java:start(185)) - aff71a2d-89f3-4bc8-b768-2461c2911101@group-DB1D162FA1C1: start as a follower, conf=-1: [892b06a8-425f-4459-ba03-ed84a79f311f:192.168.164.231:33740, 358556f5-059f-4710-ae7d-5ccadbe23914:192.168.164.231:32908, aff71a2d-89f3-4bc8-b768-2461c2911101:192.168.164.231:35356], old=null
2019-09-25 17:14:39,680 [pool-164-thread-1] INFO  server.RaftServerConfigKeys (ConfUtils.java:logGet(43)) - raft.server.snapshot.auto.trigger.threshold = 10000 (custom)
2019-09-25 17:14:39,680 [pool-174-thread-1] INFO  impl.RaftServerImpl (RaftServerImpl.java:setRole(174)) - aff71a2d-89f3-4bc8-b768-2461c2911101@group-DB1D162FA1C1: changes role from      null to FOLLOWER at term 0 for startAsFollower
2019-09-25 17:14:39,680 [pool-154-thread-1] INFO  server.RaftServerConfigKeys (ConfUtils.java:logGet(43)) - raft.server.snapshot.retention.num.files = 5 (custom)
2019-09-25 17:14:39,680 [pool-174-thread-1] INFO  impl.RoleInfo (RoleInfo.java:updateAndGet(143)) - aff71a2d-89f3-4bc8-b768-2461c2911101: start FollowerState
2019-09-25 17:14:39,680 [pool-164-thread-1] INFO  server.RaftServerConfigKeys (ConfUtils.java:logGet(43)) - raft.server.snapshot.retention.num.files = 5 (custom)
2019-09-25 17:14:39,680 [pool-154-thread-1] INFO  server.RaftServerConfigKeys (ConfUtils.java:logGet(43)) - raft.server.retrycache.expirytime = 600000ms (custom)
2019-09-25 17:14:39,681 [pool-164-thread-1] INFO  server.RaftServerConfigKeys (ConfUtils.java:logGet(43)) - raft.server.retrycache.expirytime = 600000ms (custom)
2019-09-25 17:14:39,681 [pool-174-thread-1] INFO  util.JmxRegister (JmxRegister.java:tryRegister(44)) - Successfully registered JMX Bean with object name Ratis:service=RaftServer,group=group-DB1D162FA1C1,id=aff71a2d-89f3-4bc8-b768-2461c2911101
2019-09-25 17:14:39,683 [pool-154-thread-1] INFO  impl.RaftServerImpl (RaftServerImpl.java:start(185)) - 892b06a8-425f-4459-ba03-ed84a79f311f@group-DB1D162FA1C1: start as a follower, conf=-1: [892b06a8-425f-4459-ba03-ed84a79f311f:192.168.164.231:33740, 358556f5-059f-4710-ae7d-5ccadbe23914:192.168.164.231:32908, aff71a2d-89f3-4bc8-b768-2461c2911101:192.168.164.231:35356], old=null
2019-09-25 17:14:39,683 [pool-154-thread-1] INFO  impl.RaftServerImpl (RaftServerImpl.java:setRole(174)) - 892b06a8-425f-4459-ba03-ed84a79f311f@group-DB1D162FA1C1: changes role from      null to FOLLOWER at term 0 for startAsFollower
2019-09-25 17:14:39,683 [pool-164-thread-1] INFO  impl.RaftServerImpl (RaftServerImpl.java:start(185)) - 358556f5-059f-4710-ae7d-5ccadbe23914@group-DB1D162FA1C1: start as a follower, conf=-1: [892b06a8-425f-4459-ba03-ed84a79f311f:192.168.164.231:33740, 358556f5-059f-4710-ae7d-5ccadbe23914:192.168.164.231:32908, aff71a2d-89f3-4bc8-b768-2461c2911101:192.168.164.231:35356], old=null
2019-09-25 17:14:39,683 [pool-154-thread-1] INFO  impl.RoleInfo (RoleInfo.java:updateAndGet(143)) - 892b06a8-425f-4459-ba03-ed84a79f311f: start FollowerState
2019-09-25 17:14:39,684 [pool-164-thread-1] INFO  impl.RaftServerImpl (RaftServerImpl.java:setRole(174)) - 358556f5-059f-4710-ae7d-5ccadbe23914@group-DB1D162FA1C1: changes role from      null to FOLLOWER at term 0 for startAsFollower
2019-09-25 17:14:39,684 [pool-164-thread-1] INFO  impl.RoleInfo (RoleInfo.java:updateAndGet(143)) - 358556f5-059f-4710-ae7d-5ccadbe23914: start FollowerState
2019-09-25 17:14:39,684 [pool-154-thread-1] INFO  util.JmxRegister (JmxRegister.java:tryRegister(44)) - Successfully registered JMX Bean with object name Ratis:service=RaftServer,group=group-DB1D162FA1C1,id=892b06a8-425f-4459-ba03-ed84a79f311f
2019-09-25 17:14:39,684 [pool-164-thread-1] INFO  util.JmxRegister (JmxRegister.java:tryRegister(44)) - Successfully registered JMX Bean with object name Ratis:service=RaftServer,group=group-DB1D162FA1C1,id=358556f5-059f-4710-ae7d-5ccadbe23914
2019-09-25 17:14:39,686 [RatisPipelineUtilsThread] INFO  pipeline.PipelineStateManager (PipelineStateManager.java:addPipeline(56)) - Created pipeline Pipeline[ Id: f09757d8-4fe7-4883-8e97-db1d162fa1c1, Nodes: 892b06a8-425f-4459-ba03-ed84a79f311f{ip: 192.168.164.231, host: pr-hdds-2174-f48n4-3529231201, networkLocation: /default-rack, certSerialId: null}aff71a2d-89f3-4bc8-b768-2461c2911101{ip: 192.168.164.231, host: pr-hdds-2174-f48n4-3529231201, networkLocation: /default-rack, certSerialId: null}358556f5-059f-4710-ae7d-5ccadbe23914{ip: 192.168.164.231, host: pr-hdds-2174-f48n4-3529231201, networkLocation: /default-rack, certSerialId: null}, Type:RATIS, Factor:THREE, State:OPEN]
2019-09-25 17:14:39,693 [grpc-default-executor-12] INFO  impl.RaftServerProxy (RaftServerProxy.java:addNew(89)) - aac5cd58-9b02-4776-bc0c-2ffd417f3e9d: addNew group-EDBF9C931462:[aac5cd58-9b02-4776-bc0c-2ffd417f3e9d:192.168.164.231:45834] returns group-EDBF9C931462:java.util.concurrent.CompletableFuture@65d41444[Not completed]
2019-09-25 17:14:39,694 [pool-184-thread-1] INFO  impl.RaftServerImpl (RaftServerImpl.java:<init>(95)) - aac5cd58-9b02-4776-bc0c-2ffd417f3e9d: new RaftServerImpl for group-EDBF9C931462:[aac5cd58-9b02-4776-bc0c-2ffd417f3e9d:192.168.164.231:45834] with ContainerStateMachine:uninitialized
2019-09-25 17:14:39,696 [pool-184-thread-1] INFO  server.RaftServerConfigKeys (ConfUtils.java:logGet(43)) - raft.server.rpc.timeout.min = 1s (custom)
2019-09-25 17:14:39,696 [pool-184-thread-1] INFO  server.RaftServerConfigKeys (ConfUtils.java:logGet(43)) - raft.server.rpc.timeout.max = 1200ms (custom)
2019-09-25 17:14:39,696 [pool-184-thread-1] INFO  server.RaftServerConfigKeys (ConfUtils.java:logGet(43)) - raft.server.rpcslowness.timeout = 120s (custom)
2019-09-25 17:14:39,696 [pool-184-thread-1] INFO  server.RaftServerConfigKeys (ConfUtils.java:logGet(43)) - raft.server.sleep.deviation.threshold = 300 (default)
2019-09-25 17:14:39,696 [pool-184-thread-1] INFO  server.RaftServerConfigKeys (ConfUtils.java:logGet(43)) - raft.server.log.appender.install.snapshot.enabled = false (custom)
2019-09-25 17:14:39,696 [pool-184-thread-1] INFO  impl.RaftServerImpl (ServerState.java:<init>(103)) - aac5cd58-9b02-4776-bc0c-2ffd417f3e9d@group-EDBF9C931462: ConfigurationManager, init=-1: [aac5cd58-9b02-4776-bc0c-2ffd417f3e9d:192.168.164.231:45834], old=null, confs=<EMPTY_MAP>
2019-09-25 17:14:39,697 [pool-184-thread-1] INFO  server.RaftServerConfigKeys (ConfUtils.java:logGet(43)) - raft.server.storage.dir = [/workdir/hadoop-ozone/integration-test/target/test-dir/MiniOzoneClusterImpl-ad082b7a-54ff-493a-8801-3708d76457e8/datanode-3/data/ratis] (custom)
2019-09-25 17:14:39,697 [pool-184-thread-1] INFO  storage.RaftStorageDirectory (RaftStorageDirectory.java:analyzeStorage(246)) - The storage directory /workdir/hadoop-ozone/integration-test/target/test-dir/MiniOzoneClusterImpl-ad082b7a-54ff-493a-8801-3708d76457e8/datanode-3/data/ratis/38a5b54a-cb07-4507-9892-edbf9c931462 does not exist. Creating ...
2019-09-25 17:14:39,698 [IPC Server handler 0 on 36083] INFO  net.NetworkTopology (NetworkTopologyImpl.java:add(111)) - Added a new node: /default-rack/8591884e-632d-462e-b660-b3f7453a56d0
2019-09-25 17:14:39,698 [IPC Server handler 0 on 36083] INFO  node.SCMNodeManager (SCMNodeManager.java:register(266)) - Registered Data node : 8591884e-632d-462e-b660-b3f7453a56d0{ip: 192.168.164.231, host: pr-hdds-2174-f48n4-3529231201, networkLocation: /default-rack, certSerialId: null}
2019-09-25 17:14:39,710 [pool-184-thread-1] INFO  storage.RaftStorageDirectory (RaftStorageDirectory.java:tryLock(328)) - Lock on /workdir/hadoop-ozone/integration-test/target/test-dir/MiniOzoneClusterImpl-ad082b7a-54ff-493a-8801-3708d76457e8/datanode-3/data/ratis/38a5b54a-cb07-4507-9892-edbf9c931462/in_use.lock acquired by nodename 31084@pr-hdds-2174-f48n4-3529231201
2019-09-25 17:14:39,736 [pool-184-thread-1] INFO  storage.RaftStorage (RaftStorage.java:format(72)) - Storage directory /workdir/hadoop-ozone/integration-test/target/test-dir/MiniOzoneClusterImpl-ad082b7a-54ff-493a-8801-3708d76457e8/datanode-3/data/ratis/38a5b54a-cb07-4507-9892-edbf9c931462 has been successfully formatted.
2019-09-25 17:14:39,737 [pool-184-thread-1] INFO  ratis.ContainerStateMachine (ContainerStateMachine.java:loadSnapshot(230)) - group-EDBF9C931462: The snapshot info is null. Setting the last applied indexto:(t:0, i:~)
2019-09-25 17:14:39,737 [pool-184-thread-1] INFO  server.RaftServerConfigKeys (ConfUtils.java:logGet(43)) - raft.server.notification.no-leader.timeout = 120s (custom)
2019-09-25 17:14:39,737 [pool-184-thread-1] INFO  server.RaftServerConfigKeys (ConfUtils.java:logGet(43)) - raft.server.log.use.memory = false (default)
2019-09-25 17:14:39,737 [pool-184-thread-1] INFO  server.RaftServerConfigKeys (ConfUtils.java:logGet(43)) - raft.server.log.purge.gap = 1000000 (custom)
2019-09-25 17:14:39,737 [pool-184-thread-1] INFO  server.RaftServerConfigKeys (ConfUtils.java:logGet(43)) - raft.server.log.appender.buffer.byte-limit = 33554432 (custom)
2019-09-25 17:14:39,738 [pool-184-thread-1] INFO  server.RaftServerConfigKeys (ConfUtils.java:logGet(43)) - raft.server.log.segment.size.max = 1048576 (custom)
2019-09-25 17:14:39,738 [pool-184-thread-1] INFO  server.RaftServerConfigKeys (ConfUtils.java:logGet(43)) - raft.server.log.segment.cache.num.max = 2 (custom)
2019-09-25 17:14:39,738 [pool-184-thread-1] INFO  segmented.SegmentedRaftLogWorker (SegmentedRaftLogWorker.java:<init>(172)) - new aac5cd58-9b02-4776-bc0c-2ffd417f3e9d@group-EDBF9C931462-SegmentedRaftLogWorker for RaftStorage:Storage Directory /workdir/hadoop-ozone/integration-test/target/test-dir/MiniOzoneClusterImpl-ad082b7a-54ff-493a-8801-3708d76457e8/datanode-3/data/ratis/38a5b54a-cb07-4507-9892-edbf9c931462
2019-09-25 17:14:39,741 [pool-184-thread-1] INFO  server.RaftServerConfigKeys (ConfUtils.java:logGet(43)) - raft.server.log.queue.byte-limit = 2147483647 (custom)
2019-09-25 17:14:39,741 [pool-184-thread-1] INFO  server.RaftServerConfigKeys (ConfUtils.java:logGet(43)) - raft.server.log.queue.element-limit = 1024 (custom)
2019-09-25 17:14:39,741 [pool-184-thread-1] INFO  server.RaftServerConfigKeys (ConfUtils.java:logGet(43)) - raft.server.log.segment.size.max = 1048576 (custom)
2019-09-25 17:14:39,741 [pool-184-thread-1] INFO  server.RaftServerConfigKeys (ConfUtils.java:logGet(43)) - raft.server.log.preallocated.size = 16384 (custom)
2019-09-25 17:14:39,741 [pool-184-thread-1] INFO  server.RaftServerConfigKeys (ConfUtils.java:logGet(43)) - raft.server.log.write.buffer.size = 33554432 (custom)
2019-09-25 17:14:39,742 [pool-184-thread-1] INFO  server.RaftServerConfigKeys (ConfUtils.java:logGet(43)) - raft.server.log.force.sync.num = 128 (default)
2019-09-25 17:14:39,742 [pool-184-thread-1] INFO  server.RaftServerConfigKeys (ConfUtils.java:logGet(43)) - raft.server.log.statemachine.data.sync = true (default)
2019-09-25 17:14:39,742 [pool-184-thread-1] INFO  server.RaftServerConfigKeys (ConfUtils.java:logGet(43)) - raft.server.log.statemachine.data.sync.timeout = 10s (default)
2019-09-25 17:14:39,742 [pool-184-thread-1] INFO  server.RaftServerConfigKeys (ConfUtils.java:logGet(43)) - raft.server.log.statemachine.data.sync.timeout.retry = -1 (default)
2019-09-25 17:14:39,742 [pool-184-thread-1] INFO  server.RaftServerConfigKeys (ConfUtils.java:logGet(43)) - raft.server.log.statemachine.data.caching.enabled = true (custom)
2019-09-25 17:14:39,743 [pool-184-thread-1] INFO  segmented.SegmentedRaftLogWorker (SegmentedRaftLogWorker.java:lambda$new$0(132)) - aac5cd58-9b02-4776-bc0c-2ffd417f3e9d@group-EDBF9C931462-SegmentedRaftLogWorker: flushIndex: setUnconditionally 0 -> -1
2019-09-25 17:14:39,743 [pool-184-thread-1] INFO  server.RaftServerConfigKeys (ConfUtils.java:logGet(43)) - raft.server.snapshot.auto.trigger.enabled = true (custom)
2019-09-25 17:14:39,743 [pool-184-thread-1] INFO  server.RaftServerConfigKeys (ConfUtils.java:logGet(43)) - raft.server.snapshot.auto.trigger.threshold = 10000 (custom)
2019-09-25 17:14:39,743 [pool-184-thread-1] INFO  server.RaftServerConfigKeys (ConfUtils.java:logGet(43)) - raft.server.snapshot.retention.num.files = 5 (custom)
2019-09-25 17:14:39,743 [pool-184-thread-1] INFO  server.RaftServerConfigKeys (ConfUtils.java:logGet(43)) - raft.server.retrycache.expirytime = 600000ms (custom)
2019-09-25 17:14:39,746 [pool-184-thread-1] INFO  impl.RaftServerImpl (RaftServerImpl.java:start(185)) - aac5cd58-9b02-4776-bc0c-2ffd417f3e9d@group-EDBF9C931462: start as a follower, conf=-1: [aac5cd58-9b02-4776-bc0c-2ffd417f3e9d:192.168.164.231:45834], old=null
2019-09-25 17:14:39,746 [pool-184-thread-1] INFO  impl.RaftServerImpl (RaftServerImpl.java:setRole(174)) - aac5cd58-9b02-4776-bc0c-2ffd417f3e9d@group-EDBF9C931462: changes role from      null to FOLLOWER at term 0 for startAsFollower
2019-09-25 17:14:39,746 [pool-184-thread-1] INFO  impl.RoleInfo (RoleInfo.java:updateAndGet(143)) - aac5cd58-9b02-4776-bc0c-2ffd417f3e9d: start FollowerState
2019-09-25 17:14:39,746 [pool-184-thread-1] INFO  util.JmxRegister (JmxRegister.java:tryRegister(44)) - Successfully registered JMX Bean with object name Ratis:service=RaftServer,group=group-EDBF9C931462,id=aac5cd58-9b02-4776-bc0c-2ffd417f3e9d
2019-09-25 17:14:39,748 [RatisPipelineUtilsThread] INFO  pipeline.PipelineStateManager (PipelineStateManager.java:addPipeline(56)) - Created pipeline Pipeline[ Id: 38a5b54a-cb07-4507-9892-edbf9c931462, Nodes: aac5cd58-9b02-4776-bc0c-2ffd417f3e9d{ip: 192.168.164.231, host: pr-hdds-2174-f48n4-3529231201, networkLocation: /default-rack, certSerialId: null}, Type:RATIS, Factor:ONE, State:OPEN]
2019-09-25 17:14:39,761 [grpc-default-executor-12] INFO  impl.RaftServerProxy (RaftServerProxy.java:addNew(89)) - 8591884e-632d-462e-b660-b3f7453a56d0: addNew group-171D1E71DFDB:[8591884e-632d-462e-b660-b3f7453a56d0:192.168.164.231:43661] returns group-171D1E71DFDB:java.util.concurrent.CompletableFuture@47139838[Not completed]
2019-09-25 17:14:39,762 [pool-194-thread-1] INFO  impl.RaftServerImpl (RaftServerImpl.java:<init>(95)) - 8591884e-632d-462e-b660-b3f7453a56d0: new RaftServerImpl for group-171D1E71DFDB:[8591884e-632d-462e-b660-b3f7453a56d0:192.168.164.231:43661] with ContainerStateMachine:uninitialized
2019-09-25 17:14:39,762 [pool-194-thread-1] INFO  server.RaftServerConfigKeys (ConfUtils.java:logGet(43)) - raft.server.rpc.timeout.min = 1s (custom)
2019-09-25 17:14:39,762 [pool-194-thread-1] INFO  server.RaftServerConfigKeys (ConfUtils.java:logGet(43)) - raft.server.rpc.timeout.max = 1200ms (custom)
2019-09-25 17:14:39,762 [pool-194-thread-1] INFO  server.RaftServerConfigKeys (ConfUtils.java:logGet(43)) - raft.server.rpcslowness.timeout = 120s (custom)
2019-09-25 17:14:39,762 [pool-194-thread-1] INFO  server.RaftServerConfigKeys (ConfUtils.java:logGet(43)) - raft.server.sleep.deviation.threshold = 300 (default)
2019-09-25 17:14:39,762 [pool-194-thread-1] INFO  server.RaftServerConfigKeys (ConfUtils.java:logGet(43)) - raft.server.log.appender.install.snapshot.enabled = false (custom)
2019-09-25 17:14:39,762 [pool-194-thread-1] INFO  impl.RaftServerImpl (ServerState.java:<init>(103)) - 8591884e-632d-462e-b660-b3f7453a56d0@group-171D1E71DFDB: ConfigurationManager, init=-1: [8591884e-632d-462e-b660-b3f7453a56d0:192.168.164.231:43661], old=null, confs=<EMPTY_MAP>
2019-09-25 17:14:39,763 [pool-194-thread-1] INFO  server.RaftServerConfigKeys (ConfUtils.java:logGet(43)) - raft.server.storage.dir = [/workdir/hadoop-ozone/integration-test/target/test-dir/MiniOzoneClusterImpl-ad082b7a-54ff-493a-8801-3708d76457e8/datanode-4/data/ratis] (custom)
2019-09-25 17:14:39,763 [pool-194-thread-1] INFO  storage.RaftStorageDirectory (RaftStorageDirectory.java:analyzeStorage(246)) - The storage directory /workdir/hadoop-ozone/integration-test/target/test-dir/MiniOzoneClusterImpl-ad082b7a-54ff-493a-8801-3708d76457e8/datanode-4/data/ratis/4fb81d96-f072-4328-859d-171d1e71dfdb does not exist. Creating ...
2019-09-25 17:14:39,768 [pool-194-thread-1] INFO  storage.RaftStorageDirectory (RaftStorageDirectory.java:tryLock(328)) - Lock on /workdir/hadoop-ozone/integration-test/target/test-dir/MiniOzoneClusterImpl-ad082b7a-54ff-493a-8801-3708d76457e8/datanode-4/data/ratis/4fb81d96-f072-4328-859d-171d1e71dfdb/in_use.lock acquired by nodename 31084@pr-hdds-2174-f48n4-3529231201
2019-09-25 17:14:39,768 [IPC Server handler 2 on 36083] INFO  net.NetworkTopology (NetworkTopologyImpl.java:add(111)) - Added a new node: /default-rack/c3297815-3aa8-40d9-890f-fc612b5cc05d
2019-09-25 17:14:39,768 [IPC Server handler 2 on 36083] INFO  node.SCMNodeManager (SCMNodeManager.java:register(266)) - Registered Data node : c3297815-3aa8-40d9-890f-fc612b5cc05d{ip: 192.168.164.231, host: pr-hdds-2174-f48n4-3529231201, networkLocation: /default-rack, certSerialId: null}
2019-09-25 17:14:39,769 [main] INFO  ozone.MiniOzoneClusterImpl (MiniOzoneClusterImpl.java:lambda$waitForClusterToBeReady$0(147)) - Cluster is ready. Got 6 of 6 DN Heartbeats.
2019-09-25 17:14:39,801 [main] INFO  rpc.RpcClient (RpcClient.java:createVolume(276)) - Creating Volume: datanodefailurehandlingtest, with jenkins1000 as owner.
2019-09-25 17:14:39,804 [IPC Server handler 2 on 43106] INFO  volume.OMVolumeCreateRequest (OMVolumeCreateRequest.java:validateAndUpdateCache(194)) - created volume:datanodefailurehandlingtest for user:jenkins1000
2019-09-25 17:14:39,817 [main] INFO  rpc.RpcClient (RpcClient.java:createBucket(415)) - Creating Bucket: datanodefailurehandlingtest/datanodefailurehandlingtest, with Versioning false and Storage Type set to DISK and Encryption set to false 
2019-09-25 17:14:39,992 [pool-194-thread-1] INFO  storage.RaftStorage (RaftStorage.java:format(72)) - Storage directory /workdir/hadoop-ozone/integration-test/target/test-dir/MiniOzoneClusterImpl-ad082b7a-54ff-493a-8801-3708d76457e8/datanode-4/data/ratis/4fb81d96-f072-4328-859d-171d1e71dfdb has been successfully formatted.
2019-09-25 17:14:39,992 [pool-194-thread-1] INFO  ratis.ContainerStateMachine (ContainerStateMachine.java:loadSnapshot(230)) - group-171D1E71DFDB: The snapshot info is null. Setting the last applied indexto:(t:0, i:~)
2019-09-25 17:14:39,992 [pool-194-thread-1] INFO  server.RaftServerConfigKeys (ConfUtils.java:logGet(43)) - raft.server.notification.no-leader.timeout = 120s (custom)
2019-09-25 17:14:39,993 [pool-194-thread-1] INFO  server.RaftServerConfigKeys (ConfUtils.java:logGet(43)) - raft.server.log.use.memory = false (default)
2019-09-25 17:14:39,993 [pool-194-thread-1] INFO  server.RaftServerConfigKeys (ConfUtils.java:logGet(43)) - raft.server.log.purge.gap = 1000000 (custom)
2019-09-25 17:14:39,993 [pool-194-thread-1] INFO  server.RaftServerConfigKeys (ConfUtils.java:logGet(43)) - raft.server.log.appender.buffer.byte-limit = 33554432 (custom)
2019-09-25 17:14:39,993 [pool-194-thread-1] INFO  server.RaftServerConfigKeys (ConfUtils.java:logGet(43)) - raft.server.log.segment.size.max = 1048576 (custom)
2019-09-25 17:14:39,993 [pool-194-thread-1] INFO  server.RaftServerConfigKeys (ConfUtils.java:logGet(43)) - raft.server.log.segment.cache.num.max = 2 (custom)
2019-09-25 17:14:39,993 [pool-194-thread-1] INFO  segmented.SegmentedRaftLogWorker (SegmentedRaftLogWorker.java:<init>(172)) - new 8591884e-632d-462e-b660-b3f7453a56d0@group-171D1E71DFDB-SegmentedRaftLogWorker for RaftStorage:Storage Directory /workdir/hadoop-ozone/integration-test/target/test-dir/MiniOzoneClusterImpl-ad082b7a-54ff-493a-8801-3708d76457e8/datanode-4/data/ratis/4fb81d96-f072-4328-859d-171d1e71dfdb
2019-09-25 17:14:39,996 [pool-194-thread-1] INFO  server.RaftServerConfigKeys (ConfUtils.java:logGet(43)) - raft.server.log.queue.byte-limit = 2147483647 (custom)
2019-09-25 17:14:39,996 [pool-194-thread-1] INFO  server.RaftServerConfigKeys (ConfUtils.java:logGet(43)) - raft.server.log.queue.element-limit = 1024 (custom)
2019-09-25 17:14:39,996 [pool-194-thread-1] INFO  server.RaftServerConfigKeys (ConfUtils.java:logGet(43)) - raft.server.log.segment.size.max = 1048576 (custom)
2019-09-25 17:14:39,996 [pool-194-thread-1] INFO  server.RaftServerConfigKeys (ConfUtils.java:logGet(43)) - raft.server.log.preallocated.size = 16384 (custom)
2019-09-25 17:14:39,996 [pool-194-thread-1] INFO  server.RaftServerConfigKeys (ConfUtils.java:logGet(43)) - raft.server.log.write.buffer.size = 33554432 (custom)
2019-09-25 17:14:39,996 [pool-194-thread-1] INFO  server.RaftServerConfigKeys (ConfUtils.java:logGet(43)) - raft.server.log.force.sync.num = 128 (default)
2019-09-25 17:14:39,997 [pool-194-thread-1] INFO  server.RaftServerConfigKeys (ConfUtils.java:logGet(43)) - raft.server.log.statemachine.data.sync = true (default)
2019-09-25 17:14:39,997 [pool-194-thread-1] INFO  server.RaftServerConfigKeys (ConfUtils.java:logGet(43)) - raft.server.log.statemachine.data.sync.timeout = 10s (default)
2019-09-25 17:14:39,997 [pool-194-thread-1] INFO  server.RaftServerConfigKeys (ConfUtils.java:logGet(43)) - raft.server.log.statemachine.data.sync.timeout.retry = -1 (default)
2019-09-25 17:14:39,997 [pool-194-thread-1] INFO  server.RaftServerConfigKeys (ConfUtils.java:logGet(43)) - raft.server.log.statemachine.data.caching.enabled = true (custom)
2019-09-25 17:14:39,997 [pool-194-thread-1] INFO  segmented.SegmentedRaftLogWorker (SegmentedRaftLogWorker.java:lambda$new$0(132)) - 8591884e-632d-462e-b660-b3f7453a56d0@group-171D1E71DFDB-SegmentedRaftLogWorker: flushIndex: setUnconditionally 0 -> -1
2019-09-25 17:14:39,998 [pool-194-thread-1] INFO  server.RaftServerConfigKeys (ConfUtils.java:logGet(43)) - raft.server.snapshot.auto.trigger.enabled = true (custom)
2019-09-25 17:14:39,998 [pool-194-thread-1] INFO  server.RaftServerConfigKeys (ConfUtils.java:logGet(43)) - raft.server.snapshot.auto.trigger.threshold = 10000 (custom)
2019-09-25 17:14:39,998 [pool-194-thread-1] INFO  server.RaftServerConfigKeys (ConfUtils.java:logGet(43)) - raft.server.snapshot.retention.num.files = 5 (custom)
2019-09-25 17:14:39,998 [pool-194-thread-1] INFO  server.RaftServerConfigKeys (ConfUtils.java:logGet(43)) - raft.server.retrycache.expirytime = 600000ms (custom)
2019-09-25 17:14:40,001 [pool-194-thread-1] INFO  impl.RaftServerImpl (RaftServerImpl.java:start(185)) - 8591884e-632d-462e-b660-b3f7453a56d0@group-171D1E71DFDB: start as a follower, conf=-1: [8591884e-632d-462e-b660-b3f7453a56d0:192.168.164.231:43661], old=null
2019-09-25 17:14:40,001 [pool-194-thread-1] INFO  impl.RaftServerImpl (RaftServerImpl.java:setRole(174)) - 8591884e-632d-462e-b660-b3f7453a56d0@group-171D1E71DFDB: changes role from      null to FOLLOWER at term 0 for startAsFollower
2019-09-25 17:14:40,001 [pool-194-thread-1] INFO  impl.RoleInfo (RoleInfo.java:updateAndGet(143)) - 8591884e-632d-462e-b660-b3f7453a56d0: start FollowerState
2019-09-25 17:14:40,001 [pool-194-thread-1] INFO  util.JmxRegister (JmxRegister.java:tryRegister(44)) - Successfully registered JMX Bean with object name Ratis:service=RaftServer,group=group-171D1E71DFDB,id=8591884e-632d-462e-b660-b3f7453a56d0
2019-09-25 17:14:40,004 [RatisPipelineUtilsThread] INFO  pipeline.PipelineStateManager (PipelineStateManager.java:addPipeline(56)) - Created pipeline Pipeline[ Id: 4fb81d96-f072-4328-859d-171d1e71dfdb, Nodes: 8591884e-632d-462e-b660-b3f7453a56d0{ip: 192.168.164.231, host: pr-hdds-2174-f48n4-3529231201, networkLocation: /default-rack, certSerialId: null}, Type:RATIS, Factor:ONE, State:OPEN]
2019-09-25 17:14:40,013 [grpc-default-executor-12] INFO  impl.RaftServerProxy (RaftServerProxy.java:addNew(89)) - c3297815-3aa8-40d9-890f-fc612b5cc05d: addNew group-CADCDE8316FB:[c3297815-3aa8-40d9-890f-fc612b5cc05d:192.168.164.231:44201] returns group-CADCDE8316FB:java.util.concurrent.CompletableFuture@3bedd107[Not completed]
2019-09-25 17:14:40,015 [pool-204-thread-1] INFO  impl.RaftServerImpl (RaftServerImpl.java:<init>(95)) - c3297815-3aa8-40d9-890f-fc612b5cc05d: new RaftServerImpl for group-CADCDE8316FB:[c3297815-3aa8-40d9-890f-fc612b5cc05d:192.168.164.231:44201] with ContainerStateMachine:uninitialized
2019-09-25 17:14:40,015 [pool-204-thread-1] INFO  server.RaftServerConfigKeys (ConfUtils.java:logGet(43)) - raft.server.rpc.timeout.min = 1s (custom)
2019-09-25 17:14:40,015 [pool-204-thread-1] INFO  server.RaftServerConfigKeys (ConfUtils.java:logGet(43)) - raft.server.rpc.timeout.max = 1200ms (custom)
2019-09-25 17:14:40,015 [pool-204-thread-1] INFO  server.RaftServerConfigKeys (ConfUtils.java:logGet(43)) - raft.server.rpcslowness.timeout = 120s (custom)
2019-09-25 17:14:40,015 [pool-204-thread-1] INFO  server.RaftServerConfigKeys (ConfUtils.java:logGet(43)) - raft.server.sleep.deviation.threshold = 300 (default)
2019-09-25 17:14:40,015 [pool-204-thread-1] INFO  server.RaftServerConfigKeys (ConfUtils.java:logGet(43)) - raft.server.log.appender.install.snapshot.enabled = false (custom)
2019-09-25 17:14:40,015 [pool-204-thread-1] INFO  impl.RaftServerImpl (ServerState.java:<init>(103)) - c3297815-3aa8-40d9-890f-fc612b5cc05d@group-CADCDE8316FB: ConfigurationManager, init=-1: [c3297815-3aa8-40d9-890f-fc612b5cc05d:192.168.164.231:44201], old=null, confs=<EMPTY_MAP>
2019-09-25 17:14:40,016 [pool-204-thread-1] INFO  server.RaftServerConfigKeys (ConfUtils.java:logGet(43)) - raft.server.storage.dir = [/workdir/hadoop-ozone/integration-test/target/test-dir/MiniOzoneClusterImpl-ad082b7a-54ff-493a-8801-3708d76457e8/datanode-5/data/ratis] (custom)
2019-09-25 17:14:40,016 [pool-204-thread-1] INFO  storage.RaftStorageDirectory (RaftStorageDirectory.java:analyzeStorage(246)) - The storage directory /workdir/hadoop-ozone/integration-test/target/test-dir/MiniOzoneClusterImpl-ad082b7a-54ff-493a-8801-3708d76457e8/datanode-5/data/ratis/99c8e07e-5575-4282-865d-cadcde8316fb does not exist. Creating ...
2019-09-25 17:14:40,020 [pool-204-thread-1] INFO  storage.RaftStorageDirectory (RaftStorageDirectory.java:tryLock(328)) - Lock on /workdir/hadoop-ozone/integration-test/target/test-dir/MiniOzoneClusterImpl-ad082b7a-54ff-493a-8801-3708d76457e8/datanode-5/data/ratis/99c8e07e-5575-4282-865d-cadcde8316fb/in_use.lock acquired by nodename 31084@pr-hdds-2174-f48n4-3529231201
2019-09-25 17:14:40,036 [pool-204-thread-1] INFO  storage.RaftStorage (RaftStorage.java:format(72)) - Storage directory /workdir/hadoop-ozone/integration-test/target/test-dir/MiniOzoneClusterImpl-ad082b7a-54ff-493a-8801-3708d76457e8/datanode-5/data/ratis/99c8e07e-5575-4282-865d-cadcde8316fb has been successfully formatted.
2019-09-25 17:14:40,036 [pool-204-thread-1] INFO  ratis.ContainerStateMachine (ContainerStateMachine.java:loadSnapshot(230)) - group-CADCDE8316FB: The snapshot info is null. Setting the last applied indexto:(t:0, i:~)
2019-09-25 17:14:40,036 [pool-204-thread-1] INFO  server.RaftServerConfigKeys (ConfUtils.java:logGet(43)) - raft.server.notification.no-leader.timeout = 120s (custom)
2019-09-25 17:14:40,037 [pool-204-thread-1] INFO  server.RaftServerConfigKeys (ConfUtils.java:logGet(43)) - raft.server.log.use.memory = false (default)
2019-09-25 17:14:40,037 [pool-204-thread-1] INFO  server.RaftServerConfigKeys (ConfUtils.java:logGet(43)) - raft.server.log.purge.gap = 1000000 (custom)
2019-09-25 17:14:40,037 [pool-204-thread-1] INFO  server.RaftServerConfigKeys (ConfUtils.java:logGet(43)) - raft.server.log.appender.buffer.byte-limit = 33554432 (custom)
2019-09-25 17:14:40,037 [pool-204-thread-1] INFO  server.RaftServerConfigKeys (ConfUtils.java:logGet(43)) - raft.server.log.segment.size.max = 1048576 (custom)
2019-09-25 17:14:40,037 [pool-204-thread-1] INFO  server.RaftServerConfigKeys (ConfUtils.java:logGet(43)) - raft.server.log.segment.cache.num.max = 2 (custom)
2019-09-25 17:14:40,037 [pool-204-thread-1] INFO  segmented.SegmentedRaftLogWorker (SegmentedRaftLogWorker.java:<init>(172)) - new c3297815-3aa8-40d9-890f-fc612b5cc05d@group-CADCDE8316FB-SegmentedRaftLogWorker for RaftStorage:Storage Directory /workdir/hadoop-ozone/integration-test/target/test-dir/MiniOzoneClusterImpl-ad082b7a-54ff-493a-8801-3708d76457e8/datanode-5/data/ratis/99c8e07e-5575-4282-865d-cadcde8316fb
2019-09-25 17:14:40,040 [pool-204-thread-1] INFO  server.RaftServerConfigKeys (ConfUtils.java:logGet(43)) - raft.server.log.queue.byte-limit = 2147483647 (custom)
2019-09-25 17:14:40,040 [pool-204-thread-1] INFO  server.RaftServerConfigKeys (ConfUtils.java:logGet(43)) - raft.server.log.queue.element-limit = 1024 (custom)
2019-09-25 17:14:40,040 [pool-204-thread-1] INFO  server.RaftServerConfigKeys (ConfUtils.java:logGet(43)) - raft.server.log.segment.size.max = 1048576 (custom)
2019-09-25 17:14:40,040 [pool-204-thread-1] INFO  server.RaftServerConfigKeys (ConfUtils.java:logGet(43)) - raft.server.log.preallocated.size = 16384 (custom)
2019-09-25 17:14:40,040 [pool-204-thread-1] INFO  server.RaftServerConfigKeys (ConfUtils.java:logGet(43)) - raft.server.log.write.buffer.size = 33554432 (custom)
2019-09-25 17:14:40,041 [pool-204-thread-1] INFO  server.RaftServerConfigKeys (ConfUtils.java:logGet(43)) - raft.server.log.force.sync.num = 128 (default)
2019-09-25 17:14:40,041 [pool-204-thread-1] INFO  server.RaftServerConfigKeys (ConfUtils.java:logGet(43)) - raft.server.log.statemachine.data.sync = true (default)
2019-09-25 17:14:40,041 [pool-204-thread-1] INFO  server.RaftServerConfigKeys (ConfUtils.java:logGet(43)) - raft.server.log.statemachine.data.sync.timeout = 10s (default)
2019-09-25 17:14:40,041 [pool-204-thread-1] INFO  server.RaftServerConfigKeys (ConfUtils.java:logGet(43)) - raft.server.log.statemachine.data.sync.timeout.retry = -1 (default)
2019-09-25 17:14:40,041 [pool-204-thread-1] INFO  server.RaftServerConfigKeys (ConfUtils.java:logGet(43)) - raft.server.log.statemachine.data.caching.enabled = true (custom)
2019-09-25 17:14:40,042 [pool-204-thread-1] INFO  segmented.SegmentedRaftLogWorker (SegmentedRaftLogWorker.java:lambda$new$0(132)) - c3297815-3aa8-40d9-890f-fc612b5cc05d@group-CADCDE8316FB-SegmentedRaftLogWorker: flushIndex: setUnconditionally 0 -> -1
2019-09-25 17:14:40,042 [pool-204-thread-1] INFO  server.RaftServerConfigKeys (ConfUtils.java:logGet(43)) - raft.server.snapshot.auto.trigger.enabled = true (custom)
2019-09-25 17:14:40,042 [pool-204-thread-1] INFO  server.RaftServerConfigKeys (ConfUtils.java:logGet(43)) - raft.server.snapshot.auto.trigger.threshold = 10000 (custom)
2019-09-25 17:14:40,042 [pool-204-thread-1] INFO  server.RaftServerConfigKeys (ConfUtils.java:logGet(43)) - raft.server.snapshot.retention.num.files = 5 (custom)
2019-09-25 17:14:40,042 [pool-204-thread-1] INFO  server.RaftServerConfigKeys (ConfUtils.java:logGet(43)) - raft.server.retrycache.expirytime = 600000ms (custom)
2019-09-25 17:14:40,044 [pool-204-thread-1] INFO  impl.RaftServerImpl (RaftServerImpl.java:start(185)) - c3297815-3aa8-40d9-890f-fc612b5cc05d@group-CADCDE8316FB: start as a follower, conf=-1: [c3297815-3aa8-40d9-890f-fc612b5cc05d:192.168.164.231:44201], old=null
2019-09-25 17:14:40,045 [pool-204-thread-1] INFO  impl.RaftServerImpl (RaftServerImpl.java:setRole(174)) - c3297815-3aa8-40d9-890f-fc612b5cc05d@group-CADCDE8316FB: changes role from      null to FOLLOWER at term 0 for startAsFollower
2019-09-25 17:14:40,045 [pool-204-thread-1] INFO  impl.RoleInfo (RoleInfo.java:updateAndGet(143)) - c3297815-3aa8-40d9-890f-fc612b5cc05d: start FollowerState
2019-09-25 17:14:40,045 [pool-204-thread-1] INFO  util.JmxRegister (JmxRegister.java:tryRegister(44)) - Successfully registered JMX Bean with object name Ratis:service=RaftServer,group=group-CADCDE8316FB,id=c3297815-3aa8-40d9-890f-fc612b5cc05d
2019-09-25 17:14:40,047 [RatisPipelineUtilsThread] INFO  pipeline.PipelineStateManager (PipelineStateManager.java:addPipeline(56)) - Created pipeline Pipeline[ Id: 99c8e07e-5575-4282-865d-cadcde8316fb, Nodes: c3297815-3aa8-40d9-890f-fc612b5cc05d{ip: 192.168.164.231, host: pr-hdds-2174-f48n4-3529231201, networkLocation: /default-rack, certSerialId: null}, Type:RATIS, Factor:ONE, State:OPEN]
2019-09-25 17:14:40,078 [grpc-default-executor-11] INFO  impl.RaftServerProxy (RaftServerProxy.java:addNew(89)) - 8591884e-632d-462e-b660-b3f7453a56d0: addNew group-5380CF8AFA8F:[8591884e-632d-462e-b660-b3f7453a56d0:192.168.164.231:43661, c3297815-3aa8-40d9-890f-fc612b5cc05d:192.168.164.231:44201, aac5cd58-9b02-4776-bc0c-2ffd417f3e9d:192.168.164.231:45834] returns group-5380CF8AFA8F:java.util.concurrent.CompletableFuture@2c11cec3[Not completed]
2019-09-25 17:14:40,078 [grpc-default-executor-3] INFO  impl.RaftServerProxy (RaftServerProxy.java:addNew(89)) - c3297815-3aa8-40d9-890f-fc612b5cc05d: addNew group-5380CF8AFA8F:[8591884e-632d-462e-b660-b3f7453a56d0:192.168.164.231:43661, c3297815-3aa8-40d9-890f-fc612b5cc05d:192.168.164.231:44201, aac5cd58-9b02-4776-bc0c-2ffd417f3e9d:192.168.164.231:45834] returns group-5380CF8AFA8F:java.util.concurrent.CompletableFuture@66148719[Not completed]
2019-09-25 17:14:40,078 [grpc-default-executor-12] INFO  impl.RaftServerProxy (RaftServerProxy.java:addNew(89)) - aac5cd58-9b02-4776-bc0c-2ffd417f3e9d: addNew group-5380CF8AFA8F:[8591884e-632d-462e-b660-b3f7453a56d0:192.168.164.231:43661, c3297815-3aa8-40d9-890f-fc612b5cc05d:192.168.164.231:44201, aac5cd58-9b02-4776-bc0c-2ffd417f3e9d:192.168.164.231:45834] returns group-5380CF8AFA8F:java.util.concurrent.CompletableFuture@64d5f72e[Not completed]
2019-09-25 17:14:40,079 [pool-204-thread-1] INFO  impl.RaftServerImpl (RaftServerImpl.java:<init>(95)) - c3297815-3aa8-40d9-890f-fc612b5cc05d: new RaftServerImpl for group-5380CF8AFA8F:[8591884e-632d-462e-b660-b3f7453a56d0:192.168.164.231:43661, c3297815-3aa8-40d9-890f-fc612b5cc05d:192.168.164.231:44201, aac5cd58-9b02-4776-bc0c-2ffd417f3e9d:192.168.164.231:45834] with ContainerStateMachine:uninitialized
2019-09-25 17:14:40,079 [pool-204-thread-1] INFO  server.RaftServerConfigKeys (ConfUtils.java:logGet(43)) - raft.server.rpc.timeout.min = 1s (custom)
2019-09-25 17:14:40,080 [pool-204-thread-1] INFO  server.RaftServerConfigKeys (ConfUtils.java:logGet(43)) - raft.server.rpc.timeout.max = 1200ms (custom)
2019-09-25 17:14:40,080 [pool-204-thread-1] INFO  server.RaftServerConfigKeys (ConfUtils.java:logGet(43)) - raft.server.rpcslowness.timeout = 120s (custom)
2019-09-25 17:14:40,080 [pool-204-thread-1] INFO  server.RaftServerConfigKeys (ConfUtils.java:logGet(43)) - raft.server.sleep.deviation.threshold = 300 (default)
2019-09-25 17:14:40,080 [pool-204-thread-1] INFO  server.RaftServerConfigKeys (ConfUtils.java:logGet(43)) - raft.server.log.appender.install.snapshot.enabled = false (custom)
2019-09-25 17:14:40,080 [pool-194-thread-1] INFO  impl.RaftServerImpl (RaftServerImpl.java:<init>(95)) - 8591884e-632d-462e-b660-b3f7453a56d0: new RaftServerImpl for group-5380CF8AFA8F:[8591884e-632d-462e-b660-b3f7453a56d0:192.168.164.231:43661, c3297815-3aa8-40d9-890f-fc612b5cc05d:192.168.164.231:44201, aac5cd58-9b02-4776-bc0c-2ffd417f3e9d:192.168.164.231:45834] with ContainerStateMachine:uninitialized
2019-09-25 17:14:40,080 [pool-204-thread-1] INFO  impl.RaftServerImpl (ServerState.java:<init>(103)) - c3297815-3aa8-40d9-890f-fc612b5cc05d@group-5380CF8AFA8F: ConfigurationManager, init=-1: [8591884e-632d-462e-b660-b3f7453a56d0:192.168.164.231:43661, c3297815-3aa8-40d9-890f-fc612b5cc05d:192.168.164.231:44201, aac5cd58-9b02-4776-bc0c-2ffd417f3e9d:192.168.164.231:45834], old=null, confs=<EMPTY_MAP>
2019-09-25 17:14:40,080 [pool-194-thread-1] INFO  server.RaftServerConfigKeys (ConfUtils.java:logGet(43)) - raft.server.rpc.timeout.min = 1s (custom)
2019-09-25 17:14:40,080 [pool-204-thread-1] INFO  server.RaftServerConfigKeys (ConfUtils.java:logGet(43)) - raft.server.storage.dir = [/workdir/hadoop-ozone/integration-test/target/test-dir/MiniOzoneClusterImpl-ad082b7a-54ff-493a-8801-3708d76457e8/datanode-5/data/ratis] (custom)
2019-09-25 17:14:40,080 [pool-194-thread-1] INFO  server.RaftServerConfigKeys (ConfUtils.java:logGet(43)) - raft.server.rpc.timeout.max = 1200ms (custom)
2019-09-25 17:14:40,080 [pool-184-thread-1] INFO  impl.RaftServerImpl (RaftServerImpl.java:<init>(95)) - aac5cd58-9b02-4776-bc0c-2ffd417f3e9d: new RaftServerImpl for group-5380CF8AFA8F:[8591884e-632d-462e-b660-b3f7453a56d0:192.168.164.231:43661, c3297815-3aa8-40d9-890f-fc612b5cc05d:192.168.164.231:44201, aac5cd58-9b02-4776-bc0c-2ffd417f3e9d:192.168.164.231:45834] with ContainerStateMachine:uninitialized
2019-09-25 17:14:40,081 [pool-194-thread-1] INFO  server.RaftServerConfigKeys (ConfUtils.java:logGet(43)) - raft.server.rpcslowness.timeout = 120s (custom)
2019-09-25 17:14:40,081 [pool-204-thread-1] INFO  storage.RaftStorageDirectory (RaftStorageDirectory.java:analyzeStorage(246)) - The storage directory /workdir/hadoop-ozone/integration-test/target/test-dir/MiniOzoneClusterImpl-ad082b7a-54ff-493a-8801-3708d76457e8/datanode-5/data/ratis/0d1c830a-7918-473d-beff-5380cf8afa8f does not exist. Creating ...
2019-09-25 17:14:40,081 [pool-184-thread-1] INFO  server.RaftServerConfigKeys (ConfUtils.java:logGet(43)) - raft.server.rpc.timeout.min = 1s (custom)
2019-09-25 17:14:40,081 [pool-194-thread-1] INFO  server.RaftServerConfigKeys (ConfUtils.java:logGet(43)) - raft.server.sleep.deviation.threshold = 300 (default)
2019-09-25 17:14:40,081 [pool-184-thread-1] INFO  server.RaftServerConfigKeys (ConfUtils.java:logGet(43)) - raft.server.rpc.timeout.max = 1200ms (custom)
2019-09-25 17:14:40,081 [pool-194-thread-1] INFO  server.RaftServerConfigKeys (ConfUtils.java:logGet(43)) - raft.server.log.appender.install.snapshot.enabled = false (custom)
2019-09-25 17:14:40,081 [pool-184-thread-1] INFO  server.RaftServerConfigKeys (ConfUtils.java:logGet(43)) - raft.server.rpcslowness.timeout = 120s (custom)
2019-09-25 17:14:40,081 [pool-194-thread-1] INFO  impl.RaftServerImpl (ServerState.java:<init>(103)) - 8591884e-632d-462e-b660-b3f7453a56d0@group-5380CF8AFA8F: ConfigurationManager, init=-1: [8591884e-632d-462e-b660-b3f7453a56d0:192.168.164.231:43661, c3297815-3aa8-40d9-890f-fc612b5cc05d:192.168.164.231:44201, aac5cd58-9b02-4776-bc0c-2ffd417f3e9d:192.168.164.231:45834], old=null, confs=<EMPTY_MAP>
2019-09-25 17:14:40,081 [pool-184-thread-1] INFO  server.RaftServerConfigKeys (ConfUtils.java:logGet(43)) - raft.server.sleep.deviation.threshold = 300 (default)
2019-09-25 17:14:40,081 [pool-194-thread-1] INFO  server.RaftServerConfigKeys (ConfUtils.java:logGet(43)) - raft.server.storage.dir = [/workdir/hadoop-ozone/integration-test/target/test-dir/MiniOzoneClusterImpl-ad082b7a-54ff-493a-8801-3708d76457e8/datanode-4/data/ratis] (custom)
2019-09-25 17:14:40,082 [pool-184-thread-1] INFO  server.RaftServerConfigKeys (ConfUtils.java:logGet(43)) - raft.server.log.appender.install.snapshot.enabled = false (custom)
2019-09-25 17:14:40,082 [pool-184-thread-1] INFO  impl.RaftServerImpl (ServerState.java:<init>(103)) - aac5cd58-9b02-4776-bc0c-2ffd417f3e9d@group-5380CF8AFA8F: ConfigurationManager, init=-1: [8591884e-632d-462e-b660-b3f7453a56d0:192.168.164.231:43661, c3297815-3aa8-40d9-890f-fc612b5cc05d:192.168.164.231:44201, aac5cd58-9b02-4776-bc0c-2ffd417f3e9d:192.168.164.231:45834], old=null, confs=<EMPTY_MAP>
2019-09-25 17:14:40,082 [pool-184-thread-1] INFO  server.RaftServerConfigKeys (ConfUtils.java:logGet(43)) - raft.server.storage.dir = [/workdir/hadoop-ozone/integration-test/target/test-dir/MiniOzoneClusterImpl-ad082b7a-54ff-493a-8801-3708d76457e8/datanode-3/data/ratis] (custom)
2019-09-25 17:14:40,082 [pool-194-thread-1] INFO  storage.RaftStorageDirectory (RaftStorageDirectory.java:analyzeStorage(246)) - The storage directory /workdir/hadoop-ozone/integration-test/target/test-dir/MiniOzoneClusterImpl-ad082b7a-54ff-493a-8801-3708d76457e8/datanode-4/data/ratis/0d1c830a-7918-473d-beff-5380cf8afa8f does not exist. Creating ...
2019-09-25 17:14:40,082 [pool-184-thread-1] INFO  storage.RaftStorageDirectory (RaftStorageDirectory.java:analyzeStorage(246)) - The storage directory /workdir/hadoop-ozone/integration-test/target/test-dir/MiniOzoneClusterImpl-ad082b7a-54ff-493a-8801-3708d76457e8/datanode-3/data/ratis/0d1c830a-7918-473d-beff-5380cf8afa8f does not exist. Creating ...
2019-09-25 17:14:40,094 [pool-184-thread-1] INFO  storage.RaftStorageDirectory (RaftStorageDirectory.java:tryLock(328)) - Lock on /workdir/hadoop-ozone/integration-test/target/test-dir/MiniOzoneClusterImpl-ad082b7a-54ff-493a-8801-3708d76457e8/datanode-3/data/ratis/0d1c830a-7918-473d-beff-5380cf8afa8f/in_use.lock acquired by nodename 31084@pr-hdds-2174-f48n4-3529231201
2019-09-25 17:14:40,094 [pool-204-thread-1] INFO  storage.RaftStorageDirectory (RaftStorageDirectory.java:tryLock(328)) - Lock on /workdir/hadoop-ozone/integration-test/target/test-dir/MiniOzoneClusterImpl-ad082b7a-54ff-493a-8801-3708d76457e8/datanode-5/data/ratis/0d1c830a-7918-473d-beff-5380cf8afa8f/in_use.lock acquired by nodename 31084@pr-hdds-2174-f48n4-3529231201
2019-09-25 17:14:40,094 [pool-194-thread-1] INFO  storage.RaftStorageDirectory (RaftStorageDirectory.java:tryLock(328)) - Lock on /workdir/hadoop-ozone/integration-test/target/test-dir/MiniOzoneClusterImpl-ad082b7a-54ff-493a-8801-3708d76457e8/datanode-4/data/ratis/0d1c830a-7918-473d-beff-5380cf8afa8f/in_use.lock acquired by nodename 31084@pr-hdds-2174-f48n4-3529231201
2019-09-25 17:14:40,108 [pool-184-thread-1] INFO  storage.RaftStorage (RaftStorage.java:format(72)) - Storage directory /workdir/hadoop-ozone/integration-test/target/test-dir/MiniOzoneClusterImpl-ad082b7a-54ff-493a-8801-3708d76457e8/datanode-3/data/ratis/0d1c830a-7918-473d-beff-5380cf8afa8f has been successfully formatted.
2019-09-25 17:14:40,108 [pool-204-thread-1] INFO  storage.RaftStorage (RaftStorage.java:format(72)) - Storage directory /workdir/hadoop-ozone/integration-test/target/test-dir/MiniOzoneClusterImpl-ad082b7a-54ff-493a-8801-3708d76457e8/datanode-5/data/ratis/0d1c830a-7918-473d-beff-5380cf8afa8f has been successfully formatted.
2019-09-25 17:14:40,108 [pool-184-thread-1] INFO  ratis.ContainerStateMachine (ContainerStateMachine.java:loadSnapshot(230)) - group-5380CF8AFA8F: The snapshot info is null. Setting the last applied indexto:(t:0, i:~)
2019-09-25 17:14:40,108 [pool-194-thread-1] INFO  storage.RaftStorage (RaftStorage.java:format(72)) - Storage directory /workdir/hadoop-ozone/integration-test/target/test-dir/MiniOzoneClusterImpl-ad082b7a-54ff-493a-8801-3708d76457e8/datanode-4/data/ratis/0d1c830a-7918-473d-beff-5380cf8afa8f has been successfully formatted.
2019-09-25 17:14:40,109 [pool-204-thread-1] INFO  ratis.ContainerStateMachine (ContainerStateMachine.java:loadSnapshot(230)) - group-5380CF8AFA8F: The snapshot info is null. Setting the last applied indexto:(t:0, i:~)
2019-09-25 17:14:40,109 [pool-184-thread-1] INFO  server.RaftServerConfigKeys (ConfUtils.java:logGet(43)) - raft.server.notification.no-leader.timeout = 120s (custom)
2019-09-25 17:14:40,109 [pool-204-thread-1] INFO  server.RaftServerConfigKeys (ConfUtils.java:logGet(43)) - raft.server.notification.no-leader.timeout = 120s (custom)
2019-09-25 17:14:40,109 [pool-194-thread-1] INFO  ratis.ContainerStateMachine (ContainerStateMachine.java:loadSnapshot(230)) - group-5380CF8AFA8F: The snapshot info is null. Setting the last applied indexto:(t:0, i:~)
2019-09-25 17:14:40,109 [pool-204-thread-1] INFO  server.RaftServerConfigKeys (ConfUtils.java:logGet(43)) - raft.server.log.use.memory = false (default)
2019-09-25 17:14:40,109 [pool-184-thread-1] INFO  server.RaftServerConfigKeys (ConfUtils.java:logGet(43)) - raft.server.log.use.memory = false (default)
2019-09-25 17:14:40,109 [pool-204-thread-1] INFO  server.RaftServerConfigKeys (ConfUtils.java:logGet(43)) - raft.server.log.purge.gap = 1000000 (custom)
2019-09-25 17:14:40,109 [pool-194-thread-1] INFO  server.RaftServerConfigKeys (ConfUtils.java:logGet(43)) - raft.server.notification.no-leader.timeout = 120s (custom)
2019-09-25 17:14:40,109 [pool-204-thread-1] INFO  server.RaftServerConfigKeys (ConfUtils.java:logGet(43)) - raft.server.log.appender.buffer.byte-limit = 33554432 (custom)
2019-09-25 17:14:40,109 [pool-184-thread-1] INFO  server.RaftServerConfigKeys (ConfUtils.java:logGet(43)) - raft.server.log.purge.gap = 1000000 (custom)
2019-09-25 17:14:40,110 [pool-204-thread-1] INFO  server.RaftServerConfigKeys (ConfUtils.java:logGet(43)) - raft.server.log.segment.size.max = 1048576 (custom)
2019-09-25 17:14:40,110 [pool-194-thread-1] INFO  server.RaftServerConfigKeys (ConfUtils.java:logGet(43)) - raft.server.log.use.memory = false (default)
2019-09-25 17:14:40,110 [pool-204-thread-1] INFO  server.RaftServerConfigKeys (ConfUtils.java:logGet(43)) - raft.server.log.segment.cache.num.max = 2 (custom)
2019-09-25 17:14:40,110 [pool-184-thread-1] INFO  server.RaftServerConfigKeys (ConfUtils.java:logGet(43)) - raft.server.log.appender.buffer.byte-limit = 33554432 (custom)
2019-09-25 17:14:40,110 [pool-204-thread-1] INFO  segmented.SegmentedRaftLogWorker (SegmentedRaftLogWorker.java:<init>(172)) - new c3297815-3aa8-40d9-890f-fc612b5cc05d@group-5380CF8AFA8F-SegmentedRaftLogWorker for RaftStorage:Storage Directory /workdir/hadoop-ozone/integration-test/target/test-dir/MiniOzoneClusterImpl-ad082b7a-54ff-493a-8801-3708d76457e8/datanode-5/data/ratis/0d1c830a-7918-473d-beff-5380cf8afa8f
2019-09-25 17:14:40,110 [pool-194-thread-1] INFO  server.RaftServerConfigKeys (ConfUtils.java:logGet(43)) - raft.server.log.purge.gap = 1000000 (custom)
2019-09-25 17:14:40,111 [pool-204-thread-1] INFO  server.RaftServerConfigKeys (ConfUtils.java:logGet(43)) - raft.server.log.queue.byte-limit = 2147483647 (custom)
2019-09-25 17:14:40,110 [pool-184-thread-1] INFO  server.RaftServerConfigKeys (ConfUtils.java:logGet(43)) - raft.server.log.segment.size.max = 1048576 (custom)
2019-09-25 17:14:40,111 [pool-204-thread-1] INFO  server.RaftServerConfigKeys (ConfUtils.java:logGet(43)) - raft.server.log.queue.element-limit = 1024 (custom)
2019-09-25 17:14:40,111 [pool-194-thread-1] INFO  server.RaftServerConfigKeys (ConfUtils.java:logGet(43)) - raft.server.log.appender.buffer.byte-limit = 33554432 (custom)
2019-09-25 17:14:40,111 [pool-204-thread-1] INFO  server.RaftServerConfigKeys (ConfUtils.java:logGet(43)) - raft.server.log.segment.size.max = 1048576 (custom)
2019-09-25 17:14:40,111 [pool-184-thread-1] INFO  server.RaftServerConfigKeys (ConfUtils.java:logGet(43)) - raft.server.log.segment.cache.num.max = 2 (custom)
2019-09-25 17:14:40,111 [pool-204-thread-1] INFO  server.RaftServerConfigKeys (ConfUtils.java:logGet(43)) - raft.server.log.preallocated.size = 16384 (custom)
2019-09-25 17:14:40,111 [pool-194-thread-1] INFO  server.RaftServerConfigKeys (ConfUtils.java:logGet(43)) - raft.server.log.segment.size.max = 1048576 (custom)
2019-09-25 17:14:40,111 [pool-204-thread-1] INFO  server.RaftServerConfigKeys (ConfUtils.java:logGet(43)) - raft.server.log.write.buffer.size = 33554432 (custom)
2019-09-25 17:14:40,112 [pool-204-thread-1] INFO  server.RaftServerConfigKeys (ConfUtils.java:logGet(43)) - raft.server.log.force.sync.num = 128 (default)
2019-09-25 17:14:40,111 [pool-184-thread-1] INFO  segmented.SegmentedRaftLogWorker (SegmentedRaftLogWorker.java:<init>(172)) - new aac5cd58-9b02-4776-bc0c-2ffd417f3e9d@group-5380CF8AFA8F-SegmentedRaftLogWorker for RaftStorage:Storage Directory /workdir/hadoop-ozone/integration-test/target/test-dir/MiniOzoneClusterImpl-ad082b7a-54ff-493a-8801-3708d76457e8/datanode-3/data/ratis/0d1c830a-7918-473d-beff-5380cf8afa8f
2019-09-25 17:14:40,112 [pool-204-thread-1] INFO  server.RaftServerConfigKeys (ConfUtils.java:logGet(43)) - raft.server.log.statemachine.data.sync = true (default)
2019-09-25 17:14:40,112 [pool-194-thread-1] INFO  server.RaftServerConfigKeys (ConfUtils.java:logGet(43)) - raft.server.log.segment.cache.num.max = 2 (custom)
2019-09-25 17:14:40,112 [pool-204-thread-1] INFO  server.RaftServerConfigKeys (ConfUtils.java:logGet(43)) - raft.server.log.statemachine.data.sync.timeout = 10s (default)
2019-09-25 17:14:40,112 [pool-184-thread-1] INFO  server.RaftServerConfigKeys (ConfUtils.java:logGet(43)) - raft.server.log.queue.byte-limit = 2147483647 (custom)
2019-09-25 17:14:40,112 [pool-204-thread-1] INFO  server.RaftServerConfigKeys (ConfUtils.java:logGet(43)) - raft.server.log.statemachine.data.sync.timeout.retry = -1 (default)
2019-09-25 17:14:40,112 [pool-194-thread-1] INFO  segmented.SegmentedRaftLogWorker (SegmentedRaftLogWorker.java:<init>(172)) - new 8591884e-632d-462e-b660-b3f7453a56d0@group-5380CF8AFA8F-SegmentedRaftLogWorker for RaftStorage:Storage Directory /workdir/hadoop-ozone/integration-test/target/test-dir/MiniOzoneClusterImpl-ad082b7a-54ff-493a-8801-3708d76457e8/datanode-4/data/ratis/0d1c830a-7918-473d-beff-5380cf8afa8f
2019-09-25 17:14:40,113 [pool-204-thread-1] INFO  server.RaftServerConfigKeys (ConfUtils.java:logGet(43)) - raft.server.log.statemachine.data.caching.enabled = true (custom)
2019-09-25 17:14:40,112 [pool-184-thread-1] INFO  server.RaftServerConfigKeys (ConfUtils.java:logGet(43)) - raft.server.log.queue.element-limit = 1024 (custom)
2019-09-25 17:14:40,113 [pool-194-thread-1] INFO  server.RaftServerConfigKeys (ConfUtils.java:logGet(43)) - raft.server.log.queue.byte-limit = 2147483647 (custom)
2019-09-25 17:14:40,113 [pool-204-thread-1] INFO  segmented.SegmentedRaftLogWorker (SegmentedRaftLogWorker.java:lambda$new$0(132)) - c3297815-3aa8-40d9-890f-fc612b5cc05d@group-5380CF8AFA8F-SegmentedRaftLogWorker: flushIndex: setUnconditionally 0 -> -1
2019-09-25 17:14:40,113 [pool-184-thread-1] INFO  server.RaftServerConfigKeys (ConfUtils.java:logGet(43)) - raft.server.log.segment.size.max = 1048576 (custom)
2019-09-25 17:14:40,113 [pool-194-thread-1] INFO  server.RaftServerConfigKeys (ConfUtils.java:logGet(43)) - raft.server.log.queue.element-limit = 1024 (custom)
2019-09-25 17:14:40,113 [pool-204-thread-1] INFO  server.RaftServerConfigKeys (ConfUtils.java:logGet(43)) - raft.server.snapshot.auto.trigger.enabled = true (custom)
2019-09-25 17:14:40,113 [pool-184-thread-1] INFO  server.RaftServerConfigKeys (ConfUtils.java:logGet(43)) - raft.server.log.preallocated.size = 16384 (custom)
2019-09-25 17:14:40,113 [pool-204-thread-1] INFO  server.RaftServerConfigKeys (ConfUtils.java:logGet(43)) - raft.server.snapshot.auto.trigger.threshold = 10000 (custom)
2019-09-25 17:14:40,113 [pool-194-thread-1] INFO  server.RaftServerConfigKeys (ConfUtils.java:logGet(43)) - raft.server.log.segment.size.max = 1048576 (custom)
2019-09-25 17:14:40,114 [pool-204-thread-1] INFO  server.RaftServerConfigKeys (ConfUtils.java:logGet(43)) - raft.server.snapshot.retention.num.files = 5 (custom)
2019-09-25 17:14:40,114 [pool-184-thread-1] INFO  server.RaftServerConfigKeys (ConfUtils.java:logGet(43)) - raft.server.log.write.buffer.size = 33554432 (custom)
2019-09-25 17:14:40,114 [pool-204-thread-1] INFO  server.RaftServerConfigKeys (ConfUtils.java:logGet(43)) - raft.server.retrycache.expirytime = 600000ms (custom)
2019-09-25 17:14:40,114 [pool-194-thread-1] INFO  server.RaftServerConfigKeys (ConfUtils.java:logGet(43)) - raft.server.log.preallocated.size = 16384 (custom)
2019-09-25 17:14:40,114 [pool-184-thread-1] INFO  server.RaftServerConfigKeys (ConfUtils.java:logGet(43)) - raft.server.log.force.sync.num = 128 (default)
2019-09-25 17:14:40,114 [pool-194-thread-1] INFO  server.RaftServerConfigKeys (ConfUtils.java:logGet(43)) - raft.server.log.write.buffer.size = 33554432 (custom)
2019-09-25 17:14:40,114 [pool-184-thread-1] INFO  server.RaftServerConfigKeys (ConfUtils.java:logGet(43)) - raft.server.log.statemachine.data.sync = true (default)
2019-09-25 17:14:40,115 [pool-194-thread-1] INFO  server.RaftServerConfigKeys (ConfUtils.java:logGet(43)) - raft.server.log.force.sync.num = 128 (default)
2019-09-25 17:14:40,115 [pool-184-thread-1] INFO  server.RaftServerConfigKeys (ConfUtils.java:logGet(43)) - raft.server.log.statemachine.data.sync.timeout = 10s (default)
2019-09-25 17:14:40,115 [pool-194-thread-1] INFO  server.RaftServerConfigKeys (ConfUtils.java:logGet(43)) - raft.server.log.statemachine.data.sync = true (default)
2019-09-25 17:14:40,115 [pool-184-thread-1] INFO  server.RaftServerConfigKeys (ConfUtils.java:logGet(43)) - raft.server.log.statemachine.data.sync.timeout.retry = -1 (default)
2019-09-25 17:14:40,115 [pool-194-thread-1] INFO  server.RaftServerConfigKeys (ConfUtils.java:logGet(43)) - raft.server.log.statemachine.data.sync.timeout = 10s (default)
2019-09-25 17:14:40,115 [pool-184-thread-1] INFO  server.RaftServerConfigKeys (ConfUtils.java:logGet(43)) - raft.server.log.statemachine.data.caching.enabled = true (custom)
2019-09-25 17:14:40,115 [pool-194-thread-1] INFO  server.RaftServerConfigKeys (ConfUtils.java:logGet(43)) - raft.server.log.statemachine.data.sync.timeout.retry = -1 (default)
2019-09-25 17:14:40,115 [pool-194-thread-1] INFO  server.RaftServerConfigKeys (ConfUtils.java:logGet(43)) - raft.server.log.statemachine.data.caching.enabled = true (custom)
2019-09-25 17:14:40,115 [pool-184-thread-1] INFO  segmented.SegmentedRaftLogWorker (SegmentedRaftLogWorker.java:lambda$new$0(132)) - aac5cd58-9b02-4776-bc0c-2ffd417f3e9d@group-5380CF8AFA8F-SegmentedRaftLogWorker: flushIndex: setUnconditionally 0 -> -1
2019-09-25 17:14:40,116 [pool-194-thread-1] INFO  segmented.SegmentedRaftLogWorker (SegmentedRaftLogWorker.java:lambda$new$0(132)) - 8591884e-632d-462e-b660-b3f7453a56d0@group-5380CF8AFA8F-SegmentedRaftLogWorker: flushIndex: setUnconditionally 0 -> -1
2019-09-25 17:14:40,116 [pool-184-thread-1] INFO  server.RaftServerConfigKeys (ConfUtils.java:logGet(43)) - raft.server.snapshot.auto.trigger.enabled = true (custom)
2019-09-25 17:14:40,116 [pool-184-thread-1] INFO  server.RaftServerConfigKeys (ConfUtils.java:logGet(43)) - raft.server.snapshot.auto.trigger.threshold = 10000 (custom)
2019-09-25 17:14:40,116 [pool-194-thread-1] INFO  server.RaftServerConfigKeys (ConfUtils.java:logGet(43)) - raft.server.snapshot.auto.trigger.enabled = true (custom)
2019-09-25 17:14:40,116 [pool-184-thread-1] INFO  server.RaftServerConfigKeys (ConfUtils.java:logGet(43)) - raft.server.snapshot.retention.num.files = 5 (custom)
2019-09-25 17:14:40,116 [pool-194-thread-1] INFO  server.RaftServerConfigKeys (ConfUtils.java:logGet(43)) - raft.server.snapshot.auto.trigger.threshold = 10000 (custom)
2019-09-25 17:14:40,116 [pool-184-thread-1] INFO  server.RaftServerConfigKeys (ConfUtils.java:logGet(43)) - raft.server.retrycache.expirytime = 600000ms (custom)
2019-09-25 17:14:40,116 [pool-194-thread-1] INFO  server.RaftServerConfigKeys (ConfUtils.java:logGet(43)) - raft.server.snapshot.retention.num.files = 5 (custom)
2019-09-25 17:14:40,116 [pool-204-thread-1] INFO  impl.RaftServerImpl (RaftServerImpl.java:start(185)) - c3297815-3aa8-40d9-890f-fc612b5cc05d@group-5380CF8AFA8F: start as a follower, conf=-1: [8591884e-632d-462e-b660-b3f7453a56d0:192.168.164.231:43661, c3297815-3aa8-40d9-890f-fc612b5cc05d:192.168.164.231:44201, aac5cd58-9b02-4776-bc0c-2ffd417f3e9d:192.168.164.231:45834], old=null
2019-09-25 17:14:40,116 [pool-194-thread-1] INFO  server.RaftServerConfigKeys (ConfUtils.java:logGet(43)) - raft.server.retrycache.expirytime = 600000ms (custom)
2019-09-25 17:14:40,116 [pool-204-thread-1] INFO  impl.RaftServerImpl (RaftServerImpl.java:setRole(174)) - c3297815-3aa8-40d9-890f-fc612b5cc05d@group-5380CF8AFA8F: changes role from      null to FOLLOWER at term 0 for startAsFollower
2019-09-25 17:14:40,117 [pool-204-thread-1] INFO  impl.RoleInfo (RoleInfo.java:updateAndGet(143)) - c3297815-3aa8-40d9-890f-fc612b5cc05d: start FollowerState
2019-09-25 17:14:40,117 [pool-204-thread-1] INFO  util.JmxRegister (JmxRegister.java:tryRegister(44)) - Successfully registered JMX Bean with object name Ratis:service=RaftServer,group=group-5380CF8AFA8F,id=c3297815-3aa8-40d9-890f-fc612b5cc05d
2019-09-25 17:14:40,118 [pool-184-thread-1] INFO  impl.RaftServerImpl (RaftServerImpl.java:start(185)) - aac5cd58-9b02-4776-bc0c-2ffd417f3e9d@group-5380CF8AFA8F: start as a follower, conf=-1: [8591884e-632d-462e-b660-b3f7453a56d0:192.168.164.231:43661, c3297815-3aa8-40d9-890f-fc612b5cc05d:192.168.164.231:44201, aac5cd58-9b02-4776-bc0c-2ffd417f3e9d:192.168.164.231:45834], old=null
2019-09-25 17:14:40,118 [pool-184-thread-1] INFO  impl.RaftServerImpl (RaftServerImpl.java:setRole(174)) - aac5cd58-9b02-4776-bc0c-2ffd417f3e9d@group-5380CF8AFA8F: changes role from      null to FOLLOWER at term 0 for startAsFollower
2019-09-25 17:14:40,118 [pool-194-thread-1] INFO  impl.RaftServerImpl (RaftServerImpl.java:start(185)) - 8591884e-632d-462e-b660-b3f7453a56d0@group-5380CF8AFA8F: start as a follower, conf=-1: [8591884e-632d-462e-b660-b3f7453a56d0:192.168.164.231:43661, c3297815-3aa8-40d9-890f-fc612b5cc05d:192.168.164.231:44201, aac5cd58-9b02-4776-bc0c-2ffd417f3e9d:192.168.164.231:45834], old=null
2019-09-25 17:14:40,118 [pool-184-thread-1] INFO  impl.RoleInfo (RoleInfo.java:updateAndGet(143)) - aac5cd58-9b02-4776-bc0c-2ffd417f3e9d: start FollowerState
2019-09-25 17:14:40,119 [pool-194-thread-1] INFO  impl.RaftServerImpl (RaftServerImpl.java:setRole(174)) - 8591884e-632d-462e-b660-b3f7453a56d0@group-5380CF8AFA8F: changes role from      null to FOLLOWER at term 0 for startAsFollower
2019-09-25 17:14:40,119 [pool-194-thread-1] INFO  impl.RoleInfo (RoleInfo.java:updateAndGet(143)) - 8591884e-632d-462e-b660-b3f7453a56d0: start FollowerState
2019-09-25 17:14:40,119 [pool-184-thread-1] INFO  util.JmxRegister (JmxRegister.java:tryRegister(44)) - Successfully registered JMX Bean with object name Ratis:service=RaftServer,group=group-5380CF8AFA8F,id=aac5cd58-9b02-4776-bc0c-2ffd417f3e9d
2019-09-25 17:14:40,119 [pool-194-thread-1] INFO  util.JmxRegister (JmxRegister.java:tryRegister(44)) - Successfully registered JMX Bean with object name Ratis:service=RaftServer,group=group-5380CF8AFA8F,id=8591884e-632d-462e-b660-b3f7453a56d0
2019-09-25 17:14:40,121 [RatisPipelineUtilsThread] INFO  pipeline.PipelineStateManager (PipelineStateManager.java:addPipeline(56)) - Created pipeline Pipeline[ Id: 0d1c830a-7918-473d-beff-5380cf8afa8f, Nodes: 8591884e-632d-462e-b660-b3f7453a56d0{ip: 192.168.164.231, host: pr-hdds-2174-f48n4-3529231201, networkLocation: /default-rack, certSerialId: null}c3297815-3aa8-40d9-890f-fc612b5cc05d{ip: 192.168.164.231, host: pr-hdds-2174-f48n4-3529231201, networkLocation: /default-rack, certSerialId: null}aac5cd58-9b02-4776-bc0c-2ffd417f3e9d{ip: 192.168.164.231, host: pr-hdds-2174-f48n4-3529231201, networkLocation: /default-rack, certSerialId: null}, Type:RATIS, Factor:THREE, State:OPEN]
2019-09-25 17:14:40,671 [Thread-1990] INFO  impl.FollowerState (FollowerState.java:run(106)) - 358556f5-059f-4710-ae7d-5ccadbe23914:group-802A2EB35E28 changes to CANDIDATE, lastRpcTime:1095, electionTimeout:1095ms
2019-09-25 17:14:40,672 [Thread-1990] INFO  impl.RoleInfo (RoleInfo.java:shutdownFollowerState(121)) - 358556f5-059f-4710-ae7d-5ccadbe23914: shutdown FollowerState
2019-09-25 17:14:40,672 [Thread-1990] INFO  impl.RaftServerImpl (RaftServerImpl.java:setRole(174)) - 358556f5-059f-4710-ae7d-5ccadbe23914@group-802A2EB35E28: changes role from  FOLLOWER to CANDIDATE at term 0 for changeToCandidate
2019-09-25 17:14:40,672 [Thread-1990] INFO  impl.RoleInfo (RoleInfo.java:updateAndGet(143)) - 358556f5-059f-4710-ae7d-5ccadbe23914: start LeaderElection
2019-09-25 17:14:40,680 [Thread-1987] INFO  impl.FollowerState (FollowerState.java:run(106)) - 892b06a8-425f-4459-ba03-ed84a79f311f:group-C3920417CAFA changes to CANDIDATE, lastRpcTime:1171, electionTimeout:1171ms
2019-09-25 17:14:40,682 [Thread-1987] INFO  impl.RoleInfo (RoleInfo.java:shutdownFollowerState(121)) - 892b06a8-425f-4459-ba03-ed84a79f311f: shutdown FollowerState
2019-09-25 17:14:40,682 [Thread-1987] INFO  impl.RaftServerImpl (RaftServerImpl.java:setRole(174)) - 892b06a8-425f-4459-ba03-ed84a79f311f@group-C3920417CAFA: changes role from  FOLLOWER to CANDIDATE at term 0 for changeToCandidate
2019-09-25 17:14:40,682 [Thread-1987] INFO  impl.RoleInfo (RoleInfo.java:updateAndGet(143)) - 892b06a8-425f-4459-ba03-ed84a79f311f: start LeaderElection
2019-09-25 17:14:40,688 [Thread-1993] INFO  impl.FollowerState (FollowerState.java:run(106)) - aff71a2d-89f3-4bc8-b768-2461c2911101:group-5ABCD20B5F64 changes to CANDIDATE, lastRpcTime:1063, electionTimeout:1063ms
2019-09-25 17:14:40,688 [Thread-1993] INFO  impl.RoleInfo (RoleInfo.java:shutdownFollowerState(121)) - aff71a2d-89f3-4bc8-b768-2461c2911101: shutdown FollowerState
2019-09-25 17:14:40,688 [Thread-1993] INFO  impl.RaftServerImpl (RaftServerImpl.java:setRole(174)) - aff71a2d-89f3-4bc8-b768-2461c2911101@group-5ABCD20B5F64: changes role from  FOLLOWER to CANDIDATE at term 0 for changeToCandidate
2019-09-25 17:14:40,688 [Thread-1993] INFO  impl.RoleInfo (RoleInfo.java:updateAndGet(143)) - aff71a2d-89f3-4bc8-b768-2461c2911101: start LeaderElection
2019-09-25 17:14:40,763 [Thread-2000] INFO  impl.FollowerState (FollowerState.java:run(106)) - 892b06a8-425f-4459-ba03-ed84a79f311f:group-DB1D162FA1C1 changes to CANDIDATE, lastRpcTime:1079, electionTimeout:1079ms
2019-09-25 17:14:40,763 [Thread-2000] INFO  impl.RoleInfo (RoleInfo.java:shutdownFollowerState(121)) - 892b06a8-425f-4459-ba03-ed84a79f311f: shutdown FollowerState
2019-09-25 17:14:40,763 [Thread-2000] INFO  impl.RaftServerImpl (RaftServerImpl.java:setRole(174)) - 892b06a8-425f-4459-ba03-ed84a79f311f@group-DB1D162FA1C1: changes role from  FOLLOWER to CANDIDATE at term 0 for changeToCandidate
2019-09-25 17:14:40,764 [Thread-2000] INFO  impl.RoleInfo (RoleInfo.java:updateAndGet(143)) - 892b06a8-425f-4459-ba03-ed84a79f311f: start LeaderElection
2019-09-25 17:14:40,851 [Thread-1996] INFO  impl.FollowerState (FollowerState.java:run(106)) - aff71a2d-89f3-4bc8-b768-2461c2911101:group-DB1D162FA1C1 changes to CANDIDATE, lastRpcTime:1170, electionTimeout:1170ms
2019-09-25 17:14:40,851 [Thread-1996] INFO  impl.RoleInfo (RoleInfo.java:shutdownFollowerState(121)) - aff71a2d-89f3-4bc8-b768-2461c2911101: shutdown FollowerState
2019-09-25 17:14:40,851 [Thread-1996] INFO  impl.RaftServerImpl (RaftServerImpl.java:setRole(174)) - aff71a2d-89f3-4bc8-b768-2461c2911101@group-DB1D162FA1C1: changes role from  FOLLOWER to CANDIDATE at term 0 for changeToCandidate
2019-09-25 17:14:40,851 [Thread-1996] INFO  impl.RoleInfo (RoleInfo.java:updateAndGet(143)) - aff71a2d-89f3-4bc8-b768-2461c2911101: start LeaderElection
2019-09-25 17:14:40,862 [Thread-2001] INFO  impl.FollowerState (FollowerState.java:run(106)) - 358556f5-059f-4710-ae7d-5ccadbe23914:group-DB1D162FA1C1 changes to CANDIDATE, lastRpcTime:1178, electionTimeout:1178ms
2019-09-25 17:14:40,862 [Thread-2001] INFO  impl.RoleInfo (RoleInfo.java:shutdownFollowerState(121)) - 358556f5-059f-4710-ae7d-5ccadbe23914: shutdown FollowerState
2019-09-25 17:14:40,863 [Thread-2001] INFO  impl.RaftServerImpl (RaftServerImpl.java:setRole(174)) - 358556f5-059f-4710-ae7d-5ccadbe23914@group-DB1D162FA1C1: changes role from  FOLLOWER to CANDIDATE at term 0 for changeToCandidate
2019-09-25 17:14:40,863 [Thread-2001] INFO  impl.RoleInfo (RoleInfo.java:updateAndGet(143)) - 358556f5-059f-4710-ae7d-5ccadbe23914: start LeaderElection
2019-09-25 17:14:40,884 [Thread-2005] INFO  impl.FollowerState (FollowerState.java:run(106)) - aac5cd58-9b02-4776-bc0c-2ffd417f3e9d:group-EDBF9C931462 changes to CANDIDATE, lastRpcTime:1138, electionTimeout:1138ms
2019-09-25 17:14:40,885 [Thread-2005] INFO  impl.RoleInfo (RoleInfo.java:shutdownFollowerState(121)) - aac5cd58-9b02-4776-bc0c-2ffd417f3e9d: shutdown FollowerState
2019-09-25 17:14:40,885 [Thread-2005] INFO  impl.RaftServerImpl (RaftServerImpl.java:setRole(174)) - aac5cd58-9b02-4776-bc0c-2ffd417f3e9d@group-EDBF9C931462: changes role from  FOLLOWER to CANDIDATE at term 0 for changeToCandidate
2019-09-25 17:14:40,885 [Thread-2005] INFO  impl.RoleInfo (RoleInfo.java:updateAndGet(143)) - aac5cd58-9b02-4776-bc0c-2ffd417f3e9d: start LeaderElection
2019-09-25 17:14:41,004 [358556f5-059f-4710-ae7d-5ccadbe23914@group-802A2EB35E28:LeaderElection30] INFO  impl.LeaderElection (LeaderElection.java:askForVotes(182)) - 358556f5-059f-4710-ae7d-5ccadbe23914@group-802A2EB35E28:LeaderElection30: begin an election at term 1 for -1: [358556f5-059f-4710-ae7d-5ccadbe23914:192.168.164.231:32908], old=null
2019-09-25 17:14:41,004 [aff71a2d-89f3-4bc8-b768-2461c2911101@group-5ABCD20B5F64:LeaderElection32] INFO  impl.LeaderElection (LeaderElection.java:askForVotes(182)) - aff71a2d-89f3-4bc8-b768-2461c2911101@group-5ABCD20B5F64:LeaderElection32: begin an election at term 1 for -1: [aff71a2d-89f3-4bc8-b768-2461c2911101:192.168.164.231:35356], old=null
2019-09-25 17:14:41,004 [892b06a8-425f-4459-ba03-ed84a79f311f@group-C3920417CAFA:LeaderElection31] INFO  impl.LeaderElection (LeaderElection.java:askForVotes(182)) - 892b06a8-425f-4459-ba03-ed84a79f311f@group-C3920417CAFA:LeaderElection31: begin an election at term 1 for -1: [892b06a8-425f-4459-ba03-ed84a79f311f:192.168.164.231:33740], old=null
2019-09-25 17:14:41,004 [aff71a2d-89f3-4bc8-b768-2461c2911101@group-5ABCD20B5F64:LeaderElection32] INFO  impl.RoleInfo (RoleInfo.java:shutdownLeaderElection(134)) - aff71a2d-89f3-4bc8-b768-2461c2911101: shutdown LeaderElection
2019-09-25 17:14:41,004 [358556f5-059f-4710-ae7d-5ccadbe23914@group-802A2EB35E28:LeaderElection30] INFO  impl.RoleInfo (RoleInfo.java:shutdownLeaderElection(134)) - 358556f5-059f-4710-ae7d-5ccadbe23914: shutdown LeaderElection
2019-09-25 17:14:41,004 [892b06a8-425f-4459-ba03-ed84a79f311f@group-C3920417CAFA:LeaderElection31] INFO  impl.RoleInfo (RoleInfo.java:shutdownLeaderElection(134)) - 892b06a8-425f-4459-ba03-ed84a79f311f: shutdown LeaderElection
2019-09-25 17:14:41,005 [aff71a2d-89f3-4bc8-b768-2461c2911101@group-DB1D162FA1C1:LeaderElection34] INFO  impl.LeaderElection (LeaderElection.java:askForVotes(182)) - aff71a2d-89f3-4bc8-b768-2461c2911101@group-DB1D162FA1C1:LeaderElection34: begin an election at term 1 for -1: [892b06a8-425f-4459-ba03-ed84a79f311f:192.168.164.231:33740, 358556f5-059f-4710-ae7d-5ccadbe23914:192.168.164.231:32908, aff71a2d-89f3-4bc8-b768-2461c2911101:192.168.164.231:35356], old=null
2019-09-25 17:14:41,005 [aff71a2d-89f3-4bc8-b768-2461c2911101@group-5ABCD20B5F64:LeaderElection32] INFO  impl.RaftServerImpl (RaftServerImpl.java:setRole(174)) - aff71a2d-89f3-4bc8-b768-2461c2911101@group-5ABCD20B5F64: changes role from CANDIDATE to LEADER at term 1 for changeToLeader
2019-09-25 17:14:41,005 [358556f5-059f-4710-ae7d-5ccadbe23914@group-802A2EB35E28:LeaderElection30] INFO  impl.RaftServerImpl (RaftServerImpl.java:setRole(174)) - 358556f5-059f-4710-ae7d-5ccadbe23914@group-802A2EB35E28: changes role from CANDIDATE to LEADER at term 1 for changeToLeader
2019-09-25 17:14:41,005 [aff71a2d-89f3-4bc8-b768-2461c2911101@group-5ABCD20B5F64:LeaderElection32] INFO  impl.RaftServerImpl (ServerState.java:setLeader(253)) - aff71a2d-89f3-4bc8-b768-2461c2911101@group-5ABCD20B5F64: change Leader from null to aff71a2d-89f3-4bc8-b768-2461c2911101 at term 1 for becomeLeader, leader elected after 1388ms
2019-09-25 17:14:41,005 [358556f5-059f-4710-ae7d-5ccadbe23914@group-DB1D162FA1C1:LeaderElection35] INFO  impl.LeaderElection (LeaderElection.java:askForVotes(182)) - 358556f5-059f-4710-ae7d-5ccadbe23914@group-DB1D162FA1C1:LeaderElection35: begin an election at term 1 for -1: [892b06a8-425f-4459-ba03-ed84a79f311f:192.168.164.231:33740, 358556f5-059f-4710-ae7d-5ccadbe23914:192.168.164.231:32908, aff71a2d-89f3-4bc8-b768-2461c2911101:192.168.164.231:35356], old=null
2019-09-25 17:14:41,005 [892b06a8-425f-4459-ba03-ed84a79f311f@group-DB1D162FA1C1:LeaderElection33] INFO  impl.LeaderElection (LeaderElection.java:askForVotes(182)) - 892b06a8-425f-4459-ba03-ed84a79f311f@group-DB1D162FA1C1:LeaderElection33: begin an election at term 1 for -1: [892b06a8-425f-4459-ba03-ed84a79f311f:192.168.164.231:33740, 358556f5-059f-4710-ae7d-5ccadbe23914:192.168.164.231:32908, aff71a2d-89f3-4bc8-b768-2461c2911101:192.168.164.231:35356], old=null
2019-09-25 17:14:41,005 [892b06a8-425f-4459-ba03-ed84a79f311f@group-C3920417CAFA:LeaderElection31] INFO  impl.RaftServerImpl (RaftServerImpl.java:setRole(174)) - 892b06a8-425f-4459-ba03-ed84a79f311f@group-C3920417CAFA: changes role from CANDIDATE to LEADER at term 1 for changeToLeader
2019-09-25 17:14:41,005 [aac5cd58-9b02-4776-bc0c-2ffd417f3e9d@group-EDBF9C931462:LeaderElection36] INFO  impl.LeaderElection (LeaderElection.java:askForVotes(182)) - aac5cd58-9b02-4776-bc0c-2ffd417f3e9d@group-EDBF9C931462:LeaderElection36: begin an election at term 1 for -1: [aac5cd58-9b02-4776-bc0c-2ffd417f3e9d:192.168.164.231:45834], old=null
2019-09-25 17:14:41,005 [892b06a8-425f-4459-ba03-ed84a79f311f@group-C3920417CAFA:LeaderElection31] INFO  impl.RaftServerImpl (ServerState.java:setLeader(253)) - 892b06a8-425f-4459-ba03-ed84a79f311f@group-C3920417CAFA: change Leader from null to 892b06a8-425f-4459-ba03-ed84a79f311f at term 1 for becomeLeader, leader elected after 1508ms
2019-09-25 17:14:41,005 [aff71a2d-89f3-4bc8-b768-2461c2911101@group-5ABCD20B5F64:LeaderElection32] INFO  server.RaftServerConfigKeys (ConfUtils.java:logGet(43)) - raft.server.staging.catchup.gap = 1000 (default)
2019-09-25 17:14:41,005 [358556f5-059f-4710-ae7d-5ccadbe23914@group-802A2EB35E28:LeaderElection30] INFO  impl.RaftServerImpl (ServerState.java:setLeader(253)) - 358556f5-059f-4710-ae7d-5ccadbe23914@group-802A2EB35E28: change Leader from null to 358556f5-059f-4710-ae7d-5ccadbe23914 at term 1 for becomeLeader, leader elected after 1437ms
2019-09-25 17:14:41,006 [aff71a2d-89f3-4bc8-b768-2461c2911101@group-5ABCD20B5F64:LeaderElection32] INFO  server.RaftServerConfigKeys (ConfUtils.java:logGet(43)) - raft.server.rpc.sleep.time = 25ms (default)
2019-09-25 17:14:41,006 [892b06a8-425f-4459-ba03-ed84a79f311f@group-C3920417CAFA:LeaderElection31] INFO  server.RaftServerConfigKeys (ConfUtils.java:logGet(43)) - raft.server.staging.catchup.gap = 1000 (default)
2019-09-25 17:14:41,006 [aac5cd58-9b02-4776-bc0c-2ffd417f3e9d@group-EDBF9C931462:LeaderElection36] INFO  impl.RoleInfo (RoleInfo.java:shutdownLeaderElection(134)) - aac5cd58-9b02-4776-bc0c-2ffd417f3e9d: shutdown LeaderElection
2019-09-25 17:14:41,007 [892b06a8-425f-4459-ba03-ed84a79f311f@group-C3920417CAFA:LeaderElection31] INFO  server.RaftServerConfigKeys (ConfUtils.java:logGet(43)) - raft.server.rpc.sleep.time = 25ms (default)
2019-09-25 17:14:41,006 [aff71a2d-89f3-4bc8-b768-2461c2911101@group-5ABCD20B5F64:LeaderElection32] INFO  server.RaftServerConfigKeys (ConfUtils.java:logGet(43)) - raft.server.write.element-limit = 4096 (default)
2019-09-25 17:14:41,006 [358556f5-059f-4710-ae7d-5ccadbe23914@group-802A2EB35E28:LeaderElection30] INFO  server.RaftServerConfigKeys (ConfUtils.java:logGet(43)) - raft.server.staging.catchup.gap = 1000 (default)
2019-09-25 17:14:41,007 [aff71a2d-89f3-4bc8-b768-2461c2911101@group-5ABCD20B5F64:LeaderElection32] INFO  server.RaftServerConfigKeys (ConfUtils.java:logGet(43)) - raft.server.watch.timeout = 10s (default)
2019-09-25 17:14:41,007 [892b06a8-425f-4459-ba03-ed84a79f311f@group-C3920417CAFA:LeaderElection31] INFO  server.RaftServerConfigKeys (ConfUtils.java:logGet(43)) - raft.server.write.element-limit = 4096 (default)
2019-09-25 17:14:41,007 [aac5cd58-9b02-4776-bc0c-2ffd417f3e9d@group-EDBF9C931462:LeaderElection36] INFO  impl.RaftServerImpl (RaftServerImpl.java:setRole(174)) - aac5cd58-9b02-4776-bc0c-2ffd417f3e9d@group-EDBF9C931462: changes role from CANDIDATE to LEADER at term 1 for changeToLeader
2019-09-25 17:14:41,007 [892b06a8-425f-4459-ba03-ed84a79f311f@group-C3920417CAFA:LeaderElection31] INFO  server.RaftServerConfigKeys (ConfUtils.java:logGet(43)) - raft.server.watch.timeout = 10s (default)
2019-09-25 17:14:41,007 [aff71a2d-89f3-4bc8-b768-2461c2911101@group-5ABCD20B5F64:LeaderElection32] INFO  server.RaftServerConfigKeys (ConfUtils.java:logGet(43)) - raft.server.watch.timeout.denomination = 1s (default)
2019-09-25 17:14:41,007 [358556f5-059f-4710-ae7d-5ccadbe23914@group-802A2EB35E28:LeaderElection30] INFO  server.RaftServerConfigKeys (ConfUtils.java:logGet(43)) - raft.server.rpc.sleep.time = 25ms (default)
2019-09-25 17:14:41,008 [aff71a2d-89f3-4bc8-b768-2461c2911101@group-5ABCD20B5F64:LeaderElection32] INFO  server.RaftServerConfigKeys (ConfUtils.java:logGet(43)) - raft.server.watch.element-limit = 65536 (default)
2019-09-25 17:14:41,008 [892b06a8-425f-4459-ba03-ed84a79f311f@group-C3920417CAFA:LeaderElection31] INFO  server.RaftServerConfigKeys (ConfUtils.java:logGet(43)) - raft.server.watch.timeout.denomination = 1s (default)
2019-09-25 17:14:41,008 [aac5cd58-9b02-4776-bc0c-2ffd417f3e9d@group-EDBF9C931462:LeaderElection36] INFO  impl.RaftServerImpl (ServerState.java:setLeader(253)) - aac5cd58-9b02-4776-bc0c-2ffd417f3e9d@group-EDBF9C931462: change Leader from null to aac5cd58-9b02-4776-bc0c-2ffd417f3e9d at term 1 for becomeLeader, leader elected after 1270ms
2019-09-25 17:14:41,012 [892b06a8-425f-4459-ba03-ed84a79f311f@group-C3920417CAFA:LeaderElection31] INFO  server.RaftServerConfigKeys (ConfUtils.java:logGet(43)) - raft.server.watch.element-limit = 65536 (default)
2019-09-25 17:14:41,008 [358556f5-059f-4710-ae7d-5ccadbe23914@group-802A2EB35E28:LeaderElection30] INFO  server.RaftServerConfigKeys (ConfUtils.java:logGet(43)) - raft.server.write.element-limit = 4096 (default)
2019-09-25 17:14:41,012 [aac5cd58-9b02-4776-bc0c-2ffd417f3e9d@group-EDBF9C931462:LeaderElection36] INFO  server.RaftServerConfigKeys (ConfUtils.java:logGet(43)) - raft.server.staging.catchup.gap = 1000 (default)
2019-09-25 17:14:41,012 [358556f5-059f-4710-ae7d-5ccadbe23914@group-802A2EB35E28:LeaderElection30] INFO  server.RaftServerConfigKeys (ConfUtils.java:logGet(43)) - raft.server.watch.timeout = 10s (default)
2019-09-25 17:14:41,013 [aac5cd58-9b02-4776-bc0c-2ffd417f3e9d@group-EDBF9C931462:LeaderElection36] INFO  server.RaftServerConfigKeys (ConfUtils.java:logGet(43)) - raft.server.rpc.sleep.time = 25ms (default)
2019-09-25 17:14:41,013 [358556f5-059f-4710-ae7d-5ccadbe23914@group-802A2EB35E28:LeaderElection30] INFO  server.RaftServerConfigKeys (ConfUtils.java:logGet(43)) - raft.server.watch.timeout.denomination = 1s (default)
2019-09-25 17:14:41,013 [aac5cd58-9b02-4776-bc0c-2ffd417f3e9d@group-EDBF9C931462:LeaderElection36] INFO  server.RaftServerConfigKeys (ConfUtils.java:logGet(43)) - raft.server.write.element-limit = 4096 (default)
2019-09-25 17:14:41,013 [358556f5-059f-4710-ae7d-5ccadbe23914@group-802A2EB35E28:LeaderElection30] INFO  server.RaftServerConfigKeys (ConfUtils.java:logGet(43)) - raft.server.watch.element-limit = 65536 (default)
2019-09-25 17:14:41,013 [aac5cd58-9b02-4776-bc0c-2ffd417f3e9d@group-EDBF9C931462:LeaderElection36] INFO  server.RaftServerConfigKeys (ConfUtils.java:logGet(43)) - raft.server.watch.timeout = 10s (default)
2019-09-25 17:14:41,018 [aac5cd58-9b02-4776-bc0c-2ffd417f3e9d@group-EDBF9C931462:LeaderElection36] INFO  server.RaftServerConfigKeys (ConfUtils.java:logGet(43)) - raft.server.watch.timeout.denomination = 1s (default)
2019-09-25 17:14:41,018 [aac5cd58-9b02-4776-bc0c-2ffd417f3e9d@group-EDBF9C931462:LeaderElection36] INFO  server.RaftServerConfigKeys (ConfUtils.java:logGet(43)) - raft.server.watch.element-limit = 65536 (default)
2019-09-25 17:14:41,019 [358556f5-059f-4710-ae7d-5ccadbe23914@group-DB1D162FA1C1:LeaderElection35] INFO  impl.LeaderElection (LeaderElection.java:logAndReturn(56)) - 358556f5-059f-4710-ae7d-5ccadbe23914@group-DB1D162FA1C1:LeaderElection35: Election REJECTED; received 2 response(s) [358556f5-059f-4710-ae7d-5ccadbe23914<-892b06a8-425f-4459-ba03-ed84a79f311f#0:FAIL-t1, 358556f5-059f-4710-ae7d-5ccadbe23914<-aff71a2d-89f3-4bc8-b768-2461c2911101#0:FAIL-t1] and 0 exception(s); 358556f5-059f-4710-ae7d-5ccadbe23914@group-DB1D162FA1C1:t1, leader=null, voted=358556f5-059f-4710-ae7d-5ccadbe23914, raftlog=358556f5-059f-4710-ae7d-5ccadbe23914@group-DB1D162FA1C1-SegmentedRaftLog:OPENED:c-1,f-1,i0, conf=-1: [892b06a8-425f-4459-ba03-ed84a79f311f:192.168.164.231:33740, 358556f5-059f-4710-ae7d-5ccadbe23914:192.168.164.231:32908, aff71a2d-89f3-4bc8-b768-2461c2911101:192.168.164.231:35356], old=null
2019-09-25 17:14:41,019 [358556f5-059f-4710-ae7d-5ccadbe23914@group-DB1D162FA1C1:LeaderElection35] INFO  impl.RaftServerImpl (RaftServerImpl.java:setRole(174)) - 358556f5-059f-4710-ae7d-5ccadbe23914@group-DB1D162FA1C1: changes role from CANDIDATE to FOLLOWER at term 1 for DISCOVERED_A_NEW_TERM
2019-09-25 17:14:41,019 [358556f5-059f-4710-ae7d-5ccadbe23914@group-DB1D162FA1C1:LeaderElection35] INFO  impl.RoleInfo (RoleInfo.java:shutdownLeaderElection(134)) - 358556f5-059f-4710-ae7d-5ccadbe23914: shutdown LeaderElection
2019-09-25 17:14:41,019 [892b06a8-425f-4459-ba03-ed84a79f311f@group-DB1D162FA1C1:LeaderElection33] INFO  impl.LeaderElection (LeaderElection.java:logAndReturn(56)) - 892b06a8-425f-4459-ba03-ed84a79f311f@group-DB1D162FA1C1:LeaderElection33: Election REJECTED; received 2 response(s) [892b06a8-425f-4459-ba03-ed84a79f311f<-358556f5-059f-4710-ae7d-5ccadbe23914#0:FAIL-t1, 892b06a8-425f-4459-ba03-ed84a79f311f<-aff71a2d-89f3-4bc8-b768-2461c2911101#0:FAIL-t1] and 0 exception(s); 892b06a8-425f-4459-ba03-ed84a79f311f@group-DB1D162FA1C1:t1, leader=null, voted=892b06a8-425f-4459-ba03-ed84a79f311f, raftlog=892b06a8-425f-4459-ba03-ed84a79f311f@group-DB1D162FA1C1-SegmentedRaftLog:OPENED:c-1,f-1,i0, conf=-1: [892b06a8-425f-4459-ba03-ed84a79f311f:192.168.164.231:33740, 358556f5-059f-4710-ae7d-5ccadbe23914:192.168.164.231:32908, aff71a2d-89f3-4bc8-b768-2461c2911101:192.168.164.231:35356], old=null
2019-09-25 17:14:41,021 [358556f5-059f-4710-ae7d-5ccadbe23914@group-DB1D162FA1C1:LeaderElection35] INFO  impl.RoleInfo (RoleInfo.java:updateAndGet(143)) - 358556f5-059f-4710-ae7d-5ccadbe23914: start FollowerState
2019-09-25 17:14:41,021 [892b06a8-425f-4459-ba03-ed84a79f311f@group-DB1D162FA1C1:LeaderElection33] INFO  impl.RaftServerImpl (RaftServerImpl.java:setRole(174)) - 892b06a8-425f-4459-ba03-ed84a79f311f@group-DB1D162FA1C1: changes role from CANDIDATE to FOLLOWER at term 1 for DISCOVERED_A_NEW_TERM
2019-09-25 17:14:41,023 [892b06a8-425f-4459-ba03-ed84a79f311f@group-DB1D162FA1C1:LeaderElection33] INFO  impl.RoleInfo (RoleInfo.java:shutdownLeaderElection(134)) - 892b06a8-425f-4459-ba03-ed84a79f311f: shutdown LeaderElection
2019-09-25 17:14:41,023 [892b06a8-425f-4459-ba03-ed84a79f311f@group-DB1D162FA1C1:LeaderElection33] INFO  impl.RoleInfo (RoleInfo.java:updateAndGet(143)) - 892b06a8-425f-4459-ba03-ed84a79f311f: start FollowerState
2019-09-25 17:14:41,024 [aff71a2d-89f3-4bc8-b768-2461c2911101@group-DB1D162FA1C1:LeaderElection34] INFO  impl.LeaderElection (LeaderElection.java:logAndReturn(56)) - aff71a2d-89f3-4bc8-b768-2461c2911101@group-DB1D162FA1C1:LeaderElection34: Election REJECTED; received 2 response(s) [aff71a2d-89f3-4bc8-b768-2461c2911101<-892b06a8-425f-4459-ba03-ed84a79f311f#0:FAIL-t1, aff71a2d-89f3-4bc8-b768-2461c2911101<-358556f5-059f-4710-ae7d-5ccadbe23914#0:FAIL-t1] and 0 exception(s); aff71a2d-89f3-4bc8-b768-2461c2911101@group-DB1D162FA1C1:t1, leader=null, voted=aff71a2d-89f3-4bc8-b768-2461c2911101, raftlog=aff71a2d-89f3-4bc8-b768-2461c2911101@group-DB1D162FA1C1-SegmentedRaftLog:OPENED:c-1,f-1,i0, conf=-1: [892b06a8-425f-4459-ba03-ed84a79f311f:192.168.164.231:33740, 358556f5-059f-4710-ae7d-5ccadbe23914:192.168.164.231:32908, aff71a2d-89f3-4bc8-b768-2461c2911101:192.168.164.231:35356], old=null
2019-09-25 17:14:41,024 [aff71a2d-89f3-4bc8-b768-2461c2911101@group-DB1D162FA1C1:LeaderElection34] INFO  impl.RaftServerImpl (RaftServerImpl.java:setRole(174)) - aff71a2d-89f3-4bc8-b768-2461c2911101@group-DB1D162FA1C1: changes role from CANDIDATE to FOLLOWER at term 1 for DISCOVERED_A_NEW_TERM
2019-09-25 17:14:41,024 [aff71a2d-89f3-4bc8-b768-2461c2911101@group-DB1D162FA1C1:LeaderElection34] INFO  impl.RoleInfo (RoleInfo.java:shutdownLeaderElection(134)) - aff71a2d-89f3-4bc8-b768-2461c2911101: shutdown LeaderElection
2019-09-25 17:14:41,024 [aff71a2d-89f3-4bc8-b768-2461c2911101@group-DB1D162FA1C1:LeaderElection34] INFO  impl.RoleInfo (RoleInfo.java:updateAndGet(143)) - aff71a2d-89f3-4bc8-b768-2461c2911101: start FollowerState
2019-09-25 17:14:41,025 [aff71a2d-89f3-4bc8-b768-2461c2911101@group-5ABCD20B5F64:LeaderElection32] INFO  impl.RoleInfo (RoleInfo.java:updateAndGet(143)) - aff71a2d-89f3-4bc8-b768-2461c2911101: start LeaderState
2019-09-25 17:14:41,026 [aff71a2d-89f3-4bc8-b768-2461c2911101@group-5ABCD20B5F64:LeaderElection32] INFO  segmented.SegmentedRaftLogWorker (SegmentedRaftLogWorker.java:startLogSegment(380)) - aff71a2d-89f3-4bc8-b768-2461c2911101@group-5ABCD20B5F64-SegmentedRaftLogWorker: Starting segment from index:0
2019-09-25 17:14:41,027 [892b06a8-425f-4459-ba03-ed84a79f311f@group-C3920417CAFA:LeaderElection31] INFO  impl.RoleInfo (RoleInfo.java:updateAndGet(143)) - 892b06a8-425f-4459-ba03-ed84a79f311f: start LeaderState
2019-09-25 17:14:41,027 [892b06a8-425f-4459-ba03-ed84a79f311f@group-C3920417CAFA:LeaderElection31] INFO  segmented.SegmentedRaftLogWorker (SegmentedRaftLogWorker.java:startLogSegment(380)) - 892b06a8-425f-4459-ba03-ed84a79f311f@group-C3920417CAFA-SegmentedRaftLogWorker: Starting segment from index:0
2019-09-25 17:14:41,027 [aff71a2d-89f3-4bc8-b768-2461c2911101@group-5ABCD20B5F64:LeaderElection32] INFO  impl.RaftServerImpl (ServerState.java:setRaftConf(354)) - aff71a2d-89f3-4bc8-b768-2461c2911101@group-5ABCD20B5F64: set configuration 0: [aff71a2d-89f3-4bc8-b768-2461c2911101:192.168.164.231:35356], old=null at 0
2019-09-25 17:14:41,027 [358556f5-059f-4710-ae7d-5ccadbe23914@group-802A2EB35E28:LeaderElection30] INFO  impl.RoleInfo (RoleInfo.java:updateAndGet(143)) - 358556f5-059f-4710-ae7d-5ccadbe23914: start LeaderState
2019-09-25 17:14:41,060 [892b06a8-425f-4459-ba03-ed84a79f311f@group-C3920417CAFA:LeaderElection31] INFO  impl.RaftServerImpl (ServerState.java:setRaftConf(354)) - 892b06a8-425f-4459-ba03-ed84a79f311f@group-C3920417CAFA: set configuration 0: [892b06a8-425f-4459-ba03-ed84a79f311f:192.168.164.231:33740], old=null at 0
2019-09-25 17:14:41,060 [358556f5-059f-4710-ae7d-5ccadbe23914@group-802A2EB35E28:LeaderElection30] INFO  segmented.SegmentedRaftLogWorker (SegmentedRaftLogWorker.java:startLogSegment(380)) - 358556f5-059f-4710-ae7d-5ccadbe23914@group-802A2EB35E28-SegmentedRaftLogWorker: Starting segment from index:0
2019-09-25 17:14:41,092 [358556f5-059f-4710-ae7d-5ccadbe23914@group-802A2EB35E28:LeaderElection30] INFO  impl.RaftServerImpl (ServerState.java:setRaftConf(354)) - 358556f5-059f-4710-ae7d-5ccadbe23914@group-802A2EB35E28: set configuration 0: [358556f5-059f-4710-ae7d-5ccadbe23914:192.168.164.231:32908], old=null at 0
2019-09-25 17:14:41,092 [aac5cd58-9b02-4776-bc0c-2ffd417f3e9d@group-EDBF9C931462:LeaderElection36] INFO  impl.RoleInfo (RoleInfo.java:updateAndGet(143)) - aac5cd58-9b02-4776-bc0c-2ffd417f3e9d: start LeaderState
2019-09-25 17:14:41,094 [aac5cd58-9b02-4776-bc0c-2ffd417f3e9d@group-EDBF9C931462:LeaderElection36] INFO  segmented.SegmentedRaftLogWorker (SegmentedRaftLogWorker.java:startLogSegment(380)) - aac5cd58-9b02-4776-bc0c-2ffd417f3e9d@group-EDBF9C931462-SegmentedRaftLogWorker: Starting segment from index:0
2019-09-25 17:14:41,095 [aac5cd58-9b02-4776-bc0c-2ffd417f3e9d@group-EDBF9C931462:LeaderElection36] INFO  impl.RaftServerImpl (ServerState.java:setRaftConf(354)) - aac5cd58-9b02-4776-bc0c-2ffd417f3e9d@group-EDBF9C931462: set configuration 0: [aac5cd58-9b02-4776-bc0c-2ffd417f3e9d:192.168.164.231:45834], old=null at 0
2019-09-25 17:14:41,134 [aac5cd58-9b02-4776-bc0c-2ffd417f3e9d@group-EDBF9C931462-SegmentedRaftLogWorker] INFO  segmented.SegmentedRaftLogWorker (SegmentedRaftLogWorker.java:execute(569)) - aac5cd58-9b02-4776-bc0c-2ffd417f3e9d@group-EDBF9C931462-SegmentedRaftLogWorker: created new log segment /workdir/hadoop-ozone/integration-test/target/test-dir/MiniOzoneClusterImpl-ad082b7a-54ff-493a-8801-3708d76457e8/datanode-3/data/ratis/38a5b54a-cb07-4507-9892-edbf9c931462/current/log_inprogress_0
2019-09-25 17:14:41,134 [892b06a8-425f-4459-ba03-ed84a79f311f@group-C3920417CAFA-SegmentedRaftLogWorker] INFO  segmented.SegmentedRaftLogWorker (SegmentedRaftLogWorker.java:execute(569)) - 892b06a8-425f-4459-ba03-ed84a79f311f@group-C3920417CAFA-SegmentedRaftLogWorker: created new log segment /workdir/hadoop-ozone/integration-test/target/test-dir/MiniOzoneClusterImpl-ad082b7a-54ff-493a-8801-3708d76457e8/datanode-0/data/ratis/27231467-6c1d-4e64-8d09-c3920417cafa/current/log_inprogress_0
2019-09-25 17:14:41,134 [aff71a2d-89f3-4bc8-b768-2461c2911101@group-5ABCD20B5F64-SegmentedRaftLogWorker] INFO  segmented.SegmentedRaftLogWorker (SegmentedRaftLogWorker.java:execute(569)) - aff71a2d-89f3-4bc8-b768-2461c2911101@group-5ABCD20B5F64-SegmentedRaftLogWorker: created new log segment /workdir/hadoop-ozone/integration-test/target/test-dir/MiniOzoneClusterImpl-ad082b7a-54ff-493a-8801-3708d76457e8/datanode-2/data/ratis/f163ff14-602f-4518-b1d6-5abcd20b5f64/current/log_inprogress_0
2019-09-25 17:14:41,134 [358556f5-059f-4710-ae7d-5ccadbe23914@group-802A2EB35E28-SegmentedRaftLogWorker] INFO  segmented.SegmentedRaftLogWorker (SegmentedRaftLogWorker.java:execute(569)) - 358556f5-059f-4710-ae7d-5ccadbe23914@group-802A2EB35E28-SegmentedRaftLogWorker: created new log segment /workdir/hadoop-ozone/integration-test/target/test-dir/MiniOzoneClusterImpl-ad082b7a-54ff-493a-8801-3708d76457e8/datanode-1/data/ratis/fed05b71-3cd3-42e2-821b-802a2eb35e28/current/log_inprogress_0
2019-09-25 17:14:41,160 [Thread-2013] INFO  impl.FollowerState (FollowerState.java:run(106)) - c3297815-3aa8-40d9-890f-fc612b5cc05d:group-CADCDE8316FB changes to CANDIDATE, lastRpcTime:1115, electionTimeout:1115ms
2019-09-25 17:14:41,161 [Thread-2013] INFO  impl.RoleInfo (RoleInfo.java:shutdownFollowerState(121)) - c3297815-3aa8-40d9-890f-fc612b5cc05d: shutdown FollowerState
2019-09-25 17:14:41,161 [Thread-2013] INFO  impl.RaftServerImpl (RaftServerImpl.java:setRole(174)) - c3297815-3aa8-40d9-890f-fc612b5cc05d@group-CADCDE8316FB: changes role from  FOLLOWER to CANDIDATE at term 0 for changeToCandidate
2019-09-25 17:14:41,161 [Thread-2013] INFO  impl.RoleInfo (RoleInfo.java:updateAndGet(143)) - c3297815-3aa8-40d9-890f-fc612b5cc05d: start LeaderElection
2019-09-25 17:14:41,171 [Thread-2010] INFO  impl.FollowerState (FollowerState.java:run(106)) - 8591884e-632d-462e-b660-b3f7453a56d0:group-171D1E71DFDB changes to CANDIDATE, lastRpcTime:1170, electionTimeout:1170ms
2019-09-25 17:14:41,172 [Thread-2010] INFO  impl.RoleInfo (RoleInfo.java:shutdownFollowerState(121)) - 8591884e-632d-462e-b660-b3f7453a56d0: shutdown FollowerState
2019-09-25 17:14:41,172 [Thread-2010] INFO  impl.RaftServerImpl (RaftServerImpl.java:setRole(174)) - 8591884e-632d-462e-b660-b3f7453a56d0@group-171D1E71DFDB: changes role from  FOLLOWER to CANDIDATE at term 0 for changeToCandidate
2019-09-25 17:14:41,172 [Thread-2010] INFO  impl.RoleInfo (RoleInfo.java:updateAndGet(143)) - 8591884e-632d-462e-b660-b3f7453a56d0: start LeaderElection
2019-09-25 17:14:41,175 [c3297815-3aa8-40d9-890f-fc612b5cc05d@group-CADCDE8316FB:LeaderElection37] INFO  impl.LeaderElection (LeaderElection.java:askForVotes(182)) - c3297815-3aa8-40d9-890f-fc612b5cc05d@group-CADCDE8316FB:LeaderElection37: begin an election at term 1 for -1: [c3297815-3aa8-40d9-890f-fc612b5cc05d:192.168.164.231:44201], old=null
2019-09-25 17:14:41,175 [c3297815-3aa8-40d9-890f-fc612b5cc05d@group-CADCDE8316FB:LeaderElection37] INFO  impl.RoleInfo (RoleInfo.java:shutdownLeaderElection(134)) - c3297815-3aa8-40d9-890f-fc612b5cc05d: shutdown LeaderElection
2019-09-25 17:14:41,175 [c3297815-3aa8-40d9-890f-fc612b5cc05d@group-CADCDE8316FB:LeaderElection37] INFO  impl.RaftServerImpl (RaftServerImpl.java:setRole(174)) - c3297815-3aa8-40d9-890f-fc612b5cc05d@group-CADCDE8316FB: changes role from CANDIDATE to LEADER at term 1 for changeToLeader
2019-09-25 17:14:41,175 [c3297815-3aa8-40d9-890f-fc612b5cc05d@group-CADCDE8316FB:LeaderElection37] INFO  impl.RaftServerImpl (ServerState.java:setLeader(253)) - c3297815-3aa8-40d9-890f-fc612b5cc05d@group-CADCDE8316FB: change Leader from null to c3297815-3aa8-40d9-890f-fc612b5cc05d at term 1 for becomeLeader, leader elected after 1138ms
2019-09-25 17:14:41,175 [c3297815-3aa8-40d9-890f-fc612b5cc05d@group-CADCDE8316FB:LeaderElection37] INFO  server.RaftServerConfigKeys (ConfUtils.java:logGet(43)) - raft.server.staging.catchup.gap = 1000 (default)
2019-09-25 17:14:41,175 [c3297815-3aa8-40d9-890f-fc612b5cc05d@group-CADCDE8316FB:LeaderElection37] INFO  server.RaftServerConfigKeys (ConfUtils.java:logGet(43)) - raft.server.rpc.sleep.time = 25ms (default)
2019-09-25 17:14:41,175 [c3297815-3aa8-40d9-890f-fc612b5cc05d@group-CADCDE8316FB:LeaderElection37] INFO  server.RaftServerConfigKeys (ConfUtils.java:logGet(43)) - raft.server.write.element-limit = 4096 (default)
2019-09-25 17:14:41,176 [c3297815-3aa8-40d9-890f-fc612b5cc05d@group-CADCDE8316FB:LeaderElection37] INFO  server.RaftServerConfigKeys (ConfUtils.java:logGet(43)) - raft.server.watch.timeout = 10s (default)
2019-09-25 17:14:41,176 [c3297815-3aa8-40d9-890f-fc612b5cc05d@group-CADCDE8316FB:LeaderElection37] INFO  server.RaftServerConfigKeys (ConfUtils.java:logGet(43)) - raft.server.watch.timeout.denomination = 1s (default)
2019-09-25 17:14:41,176 [c3297815-3aa8-40d9-890f-fc612b5cc05d@group-CADCDE8316FB:LeaderElection37] INFO  server.RaftServerConfigKeys (ConfUtils.java:logGet(43)) - raft.server.watch.element-limit = 65536 (default)
2019-09-25 17:14:41,177 [c3297815-3aa8-40d9-890f-fc612b5cc05d@group-CADCDE8316FB:LeaderElection37] INFO  impl.RoleInfo (RoleInfo.java:updateAndGet(143)) - c3297815-3aa8-40d9-890f-fc612b5cc05d: start LeaderState
2019-09-25 17:14:41,177 [c3297815-3aa8-40d9-890f-fc612b5cc05d@group-CADCDE8316FB:LeaderElection37] INFO  segmented.SegmentedRaftLogWorker (SegmentedRaftLogWorker.java:startLogSegment(380)) - c3297815-3aa8-40d9-890f-fc612b5cc05d@group-CADCDE8316FB-SegmentedRaftLogWorker: Starting segment from index:0
2019-09-25 17:14:41,178 [c3297815-3aa8-40d9-890f-fc612b5cc05d@group-CADCDE8316FB:LeaderElection37] INFO  impl.RaftServerImpl (ServerState.java:setRaftConf(354)) - c3297815-3aa8-40d9-890f-fc612b5cc05d@group-CADCDE8316FB: set configuration 0: [c3297815-3aa8-40d9-890f-fc612b5cc05d:192.168.164.231:44201], old=null at 0
2019-09-25 17:14:41,188 [8591884e-632d-462e-b660-b3f7453a56d0@group-171D1E71DFDB:LeaderElection38] INFO  impl.LeaderElection (LeaderElection.java:askForVotes(182)) - 8591884e-632d-462e-b660-b3f7453a56d0@group-171D1E71DFDB:LeaderElection38: begin an election at term 1 for -1: [8591884e-632d-462e-b660-b3f7453a56d0:192.168.164.231:43661], old=null
2019-09-25 17:14:41,188 [8591884e-632d-462e-b660-b3f7453a56d0@group-171D1E71DFDB:LeaderElection38] INFO  impl.RoleInfo (RoleInfo.java:shutdownLeaderElection(134)) - 8591884e-632d-462e-b660-b3f7453a56d0: shutdown LeaderElection
2019-09-25 17:14:41,188 [8591884e-632d-462e-b660-b3f7453a56d0@group-171D1E71DFDB:LeaderElection38] INFO  impl.RaftServerImpl (RaftServerImpl.java:setRole(174)) - 8591884e-632d-462e-b660-b3f7453a56d0@group-171D1E71DFDB: changes role from CANDIDATE to LEADER at term 1 for changeToLeader
2019-09-25 17:14:41,188 [8591884e-632d-462e-b660-b3f7453a56d0@group-171D1E71DFDB:LeaderElection38] INFO  impl.RaftServerImpl (ServerState.java:setLeader(253)) - 8591884e-632d-462e-b660-b3f7453a56d0@group-171D1E71DFDB: change Leader from null to 8591884e-632d-462e-b660-b3f7453a56d0 at term 1 for becomeLeader, leader elected after 1195ms
2019-09-25 17:14:41,188 [8591884e-632d-462e-b660-b3f7453a56d0@group-171D1E71DFDB:LeaderElection38] INFO  server.RaftServerConfigKeys (ConfUtils.java:logGet(43)) - raft.server.staging.catchup.gap = 1000 (default)
2019-09-25 17:14:41,189 [8591884e-632d-462e-b660-b3f7453a56d0@group-171D1E71DFDB:LeaderElection38] INFO  server.RaftServerConfigKeys (ConfUtils.java:logGet(43)) - raft.server.rpc.sleep.time = 25ms (default)
2019-09-25 17:14:41,189 [8591884e-632d-462e-b660-b3f7453a56d0@group-171D1E71DFDB:LeaderElection38] INFO  server.RaftServerConfigKeys (ConfUtils.java:logGet(43)) - raft.server.write.element-limit = 4096 (default)
2019-09-25 17:14:41,189 [8591884e-632d-462e-b660-b3f7453a56d0@group-171D1E71DFDB:LeaderElection38] INFO  server.RaftServerConfigKeys (ConfUtils.java:logGet(43)) - raft.server.watch.timeout = 10s (default)
2019-09-25 17:14:41,189 [8591884e-632d-462e-b660-b3f7453a56d0@group-171D1E71DFDB:LeaderElection38] INFO  server.RaftServerConfigKeys (ConfUtils.java:logGet(43)) - raft.server.watch.timeout.denomination = 1s (default)
2019-09-25 17:14:41,189 [8591884e-632d-462e-b660-b3f7453a56d0@group-171D1E71DFDB:LeaderElection38] INFO  server.RaftServerConfigKeys (ConfUtils.java:logGet(43)) - raft.server.watch.element-limit = 65536 (default)
2019-09-25 17:14:41,192 [8591884e-632d-462e-b660-b3f7453a56d0@group-171D1E71DFDB:LeaderElection38] INFO  impl.RoleInfo (RoleInfo.java:updateAndGet(143)) - 8591884e-632d-462e-b660-b3f7453a56d0: start LeaderState
2019-09-25 17:14:41,192 [8591884e-632d-462e-b660-b3f7453a56d0@group-171D1E71DFDB:LeaderElection38] INFO  segmented.SegmentedRaftLogWorker (SegmentedRaftLogWorker.java:startLogSegment(380)) - 8591884e-632d-462e-b660-b3f7453a56d0@group-171D1E71DFDB-SegmentedRaftLogWorker: Starting segment from index:0
2019-09-25 17:14:41,192 [8591884e-632d-462e-b660-b3f7453a56d0@group-171D1E71DFDB:LeaderElection38] INFO  impl.RaftServerImpl (ServerState.java:setRaftConf(354)) - 8591884e-632d-462e-b660-b3f7453a56d0@group-171D1E71DFDB: set configuration 0: [8591884e-632d-462e-b660-b3f7453a56d0:192.168.164.231:43661], old=null at 0
2019-09-25 17:14:41,217 [Thread-2020] INFO  impl.FollowerState (FollowerState.java:run(106)) - aac5cd58-9b02-4776-bc0c-2ffd417f3e9d:group-5380CF8AFA8F changes to CANDIDATE, lastRpcTime:1098, electionTimeout:1096ms
2019-09-25 17:14:41,217 [Thread-2021] INFO  impl.FollowerState (FollowerState.java:run(106)) - 8591884e-632d-462e-b660-b3f7453a56d0:group-5380CF8AFA8F changes to CANDIDATE, lastRpcTime:1098, electionTimeout:1085ms
2019-09-25 17:14:41,218 [Thread-2020] INFO  impl.RoleInfo (RoleInfo.java:shutdownFollowerState(121)) - aac5cd58-9b02-4776-bc0c-2ffd417f3e9d: shutdown FollowerState
2019-09-25 17:14:41,218 [Thread-2021] INFO  impl.RoleInfo (RoleInfo.java:shutdownFollowerState(121)) - 8591884e-632d-462e-b660-b3f7453a56d0: shutdown FollowerState
2019-09-25 17:14:41,218 [Thread-2020] INFO  impl.RaftServerImpl (RaftServerImpl.java:setRole(174)) - aac5cd58-9b02-4776-bc0c-2ffd417f3e9d@group-5380CF8AFA8F: changes role from  FOLLOWER to CANDIDATE at term 0 for changeToCandidate
2019-09-25 17:14:41,218 [Thread-2021] INFO  impl.RaftServerImpl (RaftServerImpl.java:setRole(174)) - 8591884e-632d-462e-b660-b3f7453a56d0@group-5380CF8AFA8F: changes role from  FOLLOWER to CANDIDATE at term 0 for changeToCandidate
2019-09-25 17:14:41,218 [Thread-2020] INFO  impl.RoleInfo (RoleInfo.java:updateAndGet(143)) - aac5cd58-9b02-4776-bc0c-2ffd417f3e9d: start LeaderElection
2019-09-25 17:14:41,218 [Thread-2021] INFO  impl.RoleInfo (RoleInfo.java:updateAndGet(143)) - 8591884e-632d-462e-b660-b3f7453a56d0: start LeaderElection
2019-09-25 17:14:41,231 [c3297815-3aa8-40d9-890f-fc612b5cc05d@group-CADCDE8316FB-SegmentedRaftLogWorker] INFO  segmented.SegmentedRaftLogWorker (SegmentedRaftLogWorker.java:execute(569)) - c3297815-3aa8-40d9-890f-fc612b5cc05d@group-CADCDE8316FB-SegmentedRaftLogWorker: created new log segment /workdir/hadoop-ozone/integration-test/target/test-dir/MiniOzoneClusterImpl-ad082b7a-54ff-493a-8801-3708d76457e8/datanode-5/data/ratis/99c8e07e-5575-4282-865d-cadcde8316fb/current/log_inprogress_0
2019-09-25 17:14:41,231 [8591884e-632d-462e-b660-b3f7453a56d0@group-171D1E71DFDB-SegmentedRaftLogWorker] INFO  segmented.SegmentedRaftLogWorker (SegmentedRaftLogWorker.java:execute(569)) - 8591884e-632d-462e-b660-b3f7453a56d0@group-171D1E71DFDB-SegmentedRaftLogWorker: created new log segment /workdir/hadoop-ozone/integration-test/target/test-dir/MiniOzoneClusterImpl-ad082b7a-54ff-493a-8801-3708d76457e8/datanode-4/data/ratis/4fb81d96-f072-4328-859d-171d1e71dfdb/current/log_inprogress_0
2019-09-25 17:14:41,231 [8591884e-632d-462e-b660-b3f7453a56d0@group-5380CF8AFA8F:LeaderElection40] INFO  impl.LeaderElection (LeaderElection.java:askForVotes(182)) - 8591884e-632d-462e-b660-b3f7453a56d0@group-5380CF8AFA8F:LeaderElection40: begin an election at term 1 for -1: [8591884e-632d-462e-b660-b3f7453a56d0:192.168.164.231:43661, c3297815-3aa8-40d9-890f-fc612b5cc05d:192.168.164.231:44201, aac5cd58-9b02-4776-bc0c-2ffd417f3e9d:192.168.164.231:45834], old=null
2019-09-25 17:14:41,231 [aac5cd58-9b02-4776-bc0c-2ffd417f3e9d@group-5380CF8AFA8F:LeaderElection39] INFO  impl.LeaderElection (LeaderElection.java:askForVotes(182)) - aac5cd58-9b02-4776-bc0c-2ffd417f3e9d@group-5380CF8AFA8F:LeaderElection39: begin an election at term 1 for -1: [8591884e-632d-462e-b660-b3f7453a56d0:192.168.164.231:43661, c3297815-3aa8-40d9-890f-fc612b5cc05d:192.168.164.231:44201, aac5cd58-9b02-4776-bc0c-2ffd417f3e9d:192.168.164.231:45834], old=null
2019-09-25 17:14:41,238 [grpc-default-executor-11] INFO  impl.RaftServerImpl (RaftServerImpl.java:setRole(174)) - c3297815-3aa8-40d9-890f-fc612b5cc05d@group-5380CF8AFA8F: changes role from  FOLLOWER to FOLLOWER at term 1 for recognizeCandidate:aac5cd58-9b02-4776-bc0c-2ffd417f3e9d
2019-09-25 17:14:41,240 [grpc-default-executor-11] INFO  impl.RoleInfo (RoleInfo.java:shutdownFollowerState(121)) - c3297815-3aa8-40d9-890f-fc612b5cc05d: shutdown FollowerState
2019-09-25 17:14:41,241 [grpc-default-executor-11] INFO  impl.RoleInfo (RoleInfo.java:updateAndGet(143)) - c3297815-3aa8-40d9-890f-fc612b5cc05d: start FollowerState
2019-09-25 17:14:41,241 [Thread-2018] INFO  impl.FollowerState (FollowerState.java:run(115)) - c3297815-3aa8-40d9-890f-fc612b5cc05d: FollowerState was interrupted: java.lang.InterruptedException: sleep interrupted
2019-09-25 17:14:41,249 [8591884e-632d-462e-b660-b3f7453a56d0@group-5380CF8AFA8F:LeaderElection40] INFO  impl.LeaderElection (LeaderElection.java:logAndReturn(56)) - 8591884e-632d-462e-b660-b3f7453a56d0@group-5380CF8AFA8F:LeaderElection40: Election REJECTED; received 2 response(s) [8591884e-632d-462e-b660-b3f7453a56d0<-c3297815-3aa8-40d9-890f-fc612b5cc05d#0:FAIL-t1, 8591884e-632d-462e-b660-b3f7453a56d0<-aac5cd58-9b02-4776-bc0c-2ffd417f3e9d#0:FAIL-t1] and 0 exception(s); 8591884e-632d-462e-b660-b3f7453a56d0@group-5380CF8AFA8F:t1, leader=null, voted=8591884e-632d-462e-b660-b3f7453a56d0, raftlog=8591884e-632d-462e-b660-b3f7453a56d0@group-5380CF8AFA8F-SegmentedRaftLog:OPENED:c-1,f-1,i0, conf=-1: [8591884e-632d-462e-b660-b3f7453a56d0:192.168.164.231:43661, c3297815-3aa8-40d9-890f-fc612b5cc05d:192.168.164.231:44201, aac5cd58-9b02-4776-bc0c-2ffd417f3e9d:192.168.164.231:45834], old=null
2019-09-25 17:14:41,249 [aac5cd58-9b02-4776-bc0c-2ffd417f3e9d@group-5380CF8AFA8F:LeaderElection39] INFO  impl.LeaderElection (LeaderElection.java:logAndReturn(56)) - aac5cd58-9b02-4776-bc0c-2ffd417f3e9d@group-5380CF8AFA8F:LeaderElection39: Election PASSED; received 2 response(s) [aac5cd58-9b02-4776-bc0c-2ffd417f3e9d<-8591884e-632d-462e-b660-b3f7453a56d0#0:FAIL-t1, aac5cd58-9b02-4776-bc0c-2ffd417f3e9d<-c3297815-3aa8-40d9-890f-fc612b5cc05d#0:OK-t1] and 0 exception(s); aac5cd58-9b02-4776-bc0c-2ffd417f3e9d@group-5380CF8AFA8F:t1, leader=null, voted=aac5cd58-9b02-4776-bc0c-2ffd417f3e9d, raftlog=aac5cd58-9b02-4776-bc0c-2ffd417f3e9d@group-5380CF8AFA8F-SegmentedRaftLog:OPENED:c-1,f-1,i0, conf=-1: [8591884e-632d-462e-b660-b3f7453a56d0:192.168.164.231:43661, c3297815-3aa8-40d9-890f-fc612b5cc05d:192.168.164.231:44201, aac5cd58-9b02-4776-bc0c-2ffd417f3e9d:192.168.164.231:45834], old=null
2019-09-25 17:14:41,249 [8591884e-632d-462e-b660-b3f7453a56d0@group-5380CF8AFA8F:LeaderElection40] INFO  impl.RaftServerImpl (RaftServerImpl.java:setRole(174)) - 8591884e-632d-462e-b660-b3f7453a56d0@group-5380CF8AFA8F: changes role from CANDIDATE to FOLLOWER at term 1 for DISCOVERED_A_NEW_TERM
2019-09-25 17:14:41,257 [aac5cd58-9b02-4776-bc0c-2ffd417f3e9d@group-5380CF8AFA8F:LeaderElection39] INFO  impl.RoleInfo (RoleInfo.java:shutdownLeaderElection(134)) - aac5cd58-9b02-4776-bc0c-2ffd417f3e9d: shutdown LeaderElection
2019-09-25 17:14:41,257 [8591884e-632d-462e-b660-b3f7453a56d0@group-5380CF8AFA8F:LeaderElection40] INFO  impl.RoleInfo (RoleInfo.java:shutdownLeaderElection(134)) - 8591884e-632d-462e-b660-b3f7453a56d0: shutdown LeaderElection
2019-09-25 17:14:41,259 [aac5cd58-9b02-4776-bc0c-2ffd417f3e9d@group-5380CF8AFA8F:LeaderElection39] INFO  impl.RaftServerImpl (RaftServerImpl.java:setRole(174)) - aac5cd58-9b02-4776-bc0c-2ffd417f3e9d@group-5380CF8AFA8F: changes role from CANDIDATE to LEADER at term 1 for changeToLeader
2019-09-25 17:14:41,259 [8591884e-632d-462e-b660-b3f7453a56d0@group-5380CF8AFA8F:LeaderElection40] INFO  impl.RoleInfo (RoleInfo.java:updateAndGet(143)) - 8591884e-632d-462e-b660-b3f7453a56d0: start FollowerState
2019-09-25 17:14:41,259 [aac5cd58-9b02-4776-bc0c-2ffd417f3e9d@group-5380CF8AFA8F:LeaderElection39] INFO  impl.RaftServerImpl (ServerState.java:setLeader(253)) - aac5cd58-9b02-4776-bc0c-2ffd417f3e9d@group-5380CF8AFA8F: change Leader from null to aac5cd58-9b02-4776-bc0c-2ffd417f3e9d at term 1 for becomeLeader, leader elected after 1150ms
2019-09-25 17:14:41,260 [aac5cd58-9b02-4776-bc0c-2ffd417f3e9d@group-5380CF8AFA8F:LeaderElection39] INFO  server.RaftServerConfigKeys (ConfUtils.java:logGet(43)) - raft.server.staging.catchup.gap = 1000 (default)
2019-09-25 17:14:41,260 [aac5cd58-9b02-4776-bc0c-2ffd417f3e9d@group-5380CF8AFA8F:LeaderElection39] INFO  server.RaftServerConfigKeys (ConfUtils.java:logGet(43)) - raft.server.rpc.sleep.time = 25ms (default)
2019-09-25 17:14:41,260 [aac5cd58-9b02-4776-bc0c-2ffd417f3e9d@group-5380CF8AFA8F:LeaderElection39] INFO  server.RaftServerConfigKeys (ConfUtils.java:logGet(43)) - raft.server.write.element-limit = 4096 (default)
2019-09-25 17:14:41,260 [aac5cd58-9b02-4776-bc0c-2ffd417f3e9d@group-5380CF8AFA8F:LeaderElection39] INFO  server.RaftServerConfigKeys (ConfUtils.java:logGet(43)) - raft.server.watch.timeout = 10s (default)
2019-09-25 17:14:41,260 [aac5cd58-9b02-4776-bc0c-2ffd417f3e9d@group-5380CF8AFA8F:LeaderElection39] INFO  server.RaftServerConfigKeys (ConfUtils.java:logGet(43)) - raft.server.watch.timeout.denomination = 1s (default)
2019-09-25 17:14:41,260 [aac5cd58-9b02-4776-bc0c-2ffd417f3e9d@group-5380CF8AFA8F:LeaderElection39] INFO  server.RaftServerConfigKeys (ConfUtils.java:logGet(43)) - raft.server.watch.element-limit = 65536 (default)
2019-09-25 17:14:41,262 [aac5cd58-9b02-4776-bc0c-2ffd417f3e9d@group-5380CF8AFA8F:LeaderElection39] INFO  server.RaftServerConfigKeys (ConfUtils.java:logGet(43)) - raft.server.log.appender.snapshot.chunk.size.max = 16MB (=16777216) (default)
2019-09-25 17:14:41,262 [aac5cd58-9b02-4776-bc0c-2ffd417f3e9d@group-5380CF8AFA8F:LeaderElection39] INFO  server.RaftServerConfigKeys (ConfUtils.java:logGet(43)) - raft.server.log.appender.buffer.byte-limit = 33554432 (custom)
2019-09-25 17:14:41,262 [aac5cd58-9b02-4776-bc0c-2ffd417f3e9d@group-5380CF8AFA8F:LeaderElection39] INFO  server.RaftServerConfigKeys (ConfUtils.java:logGet(43)) - raft.server.log.appender.buffer.element-limit = 1 (custom)
2019-09-25 17:14:41,263 [aac5cd58-9b02-4776-bc0c-2ffd417f3e9d@group-5380CF8AFA8F:LeaderElection39] INFO  grpc.GrpcConfigKeys$Server (ConfUtils.java:logGet(43)) - raft.grpc.server.leader.outstanding.appends.max = 128 (default)
2019-09-25 17:14:41,263 [aac5cd58-9b02-4776-bc0c-2ffd417f3e9d@group-5380CF8AFA8F:LeaderElection39] INFO  server.RaftServerConfigKeys (ConfUtils.java:logGet(43)) - raft.server.rpc.request.timeout = 3000ms (default)
2019-09-25 17:14:41,263 [aac5cd58-9b02-4776-bc0c-2ffd417f3e9d@group-5380CF8AFA8F:LeaderElection39] INFO  server.RaftServerConfigKeys (ConfUtils.java:logGet(43)) - raft.server.log.appender.install.snapshot.enabled = false (custom)
2019-09-25 17:14:41,263 [aac5cd58-9b02-4776-bc0c-2ffd417f3e9d@group-5380CF8AFA8F:LeaderElection39] INFO  server.RaftServerConfigKeys (ConfUtils.java:logGet(43)) - raft.server.log.appender.snapshot.chunk.size.max = 16MB (=16777216) (default)
2019-09-25 17:14:41,263 [aac5cd58-9b02-4776-bc0c-2ffd417f3e9d@group-5380CF8AFA8F:LeaderElection39] INFO  server.RaftServerConfigKeys (ConfUtils.java:logGet(43)) - raft.server.log.appender.buffer.byte-limit = 33554432 (custom)
2019-09-25 17:14:41,263 [aac5cd58-9b02-4776-bc0c-2ffd417f3e9d@group-5380CF8AFA8F:LeaderElection39] INFO  server.RaftServerConfigKeys (ConfUtils.java:logGet(43)) - raft.server.log.appender.buffer.element-limit = 1 (custom)
2019-09-25 17:14:41,263 [aac5cd58-9b02-4776-bc0c-2ffd417f3e9d@group-5380CF8AFA8F:LeaderElection39] INFO  grpc.GrpcConfigKeys$Server (ConfUtils.java:logGet(43)) - raft.grpc.server.leader.outstanding.appends.max = 128 (default)
2019-09-25 17:14:41,263 [aac5cd58-9b02-4776-bc0c-2ffd417f3e9d@group-5380CF8AFA8F:LeaderElection39] INFO  server.RaftServerConfigKeys (ConfUtils.java:logGet(43)) - raft.server.rpc.request.timeout = 3000ms (default)
2019-09-25 17:14:41,264 [aac5cd58-9b02-4776-bc0c-2ffd417f3e9d@group-5380CF8AFA8F:LeaderElection39] INFO  server.RaftServerConfigKeys (ConfUtils.java:logGet(43)) - raft.server.log.appender.install.snapshot.enabled = false (custom)
2019-09-25 17:14:41,264 [aac5cd58-9b02-4776-bc0c-2ffd417f3e9d@group-5380CF8AFA8F:LeaderElection39] INFO  impl.RoleInfo (RoleInfo.java:updateAndGet(143)) - aac5cd58-9b02-4776-bc0c-2ffd417f3e9d: start LeaderState
2019-09-25 17:14:41,264 [aac5cd58-9b02-4776-bc0c-2ffd417f3e9d@group-5380CF8AFA8F:LeaderElection39] INFO  segmented.SegmentedRaftLogWorker (SegmentedRaftLogWorker.java:startLogSegment(380)) - aac5cd58-9b02-4776-bc0c-2ffd417f3e9d@group-5380CF8AFA8F-SegmentedRaftLogWorker: Starting segment from index:0
2019-09-25 17:14:41,265 [aac5cd58-9b02-4776-bc0c-2ffd417f3e9d@group-5380CF8AFA8F:LeaderElection39] INFO  impl.RaftServerImpl (ServerState.java:setRaftConf(354)) - aac5cd58-9b02-4776-bc0c-2ffd417f3e9d@group-5380CF8AFA8F: set configuration 0: [8591884e-632d-462e-b660-b3f7453a56d0:192.168.164.231:43661, c3297815-3aa8-40d9-890f-fc612b5cc05d:192.168.164.231:44201, aac5cd58-9b02-4776-bc0c-2ffd417f3e9d:192.168.164.231:45834], old=null at 0
2019-09-25 17:14:41,295 [grpc-default-executor-12] INFO  impl.RaftServerImpl (ServerState.java:setLeader(253)) - c3297815-3aa8-40d9-890f-fc612b5cc05d@group-5380CF8AFA8F: change Leader from null to aac5cd58-9b02-4776-bc0c-2ffd417f3e9d at term 1 for appendEntries, leader elected after 1186ms
2019-09-25 17:14:41,295 [grpc-default-executor-11] INFO  impl.RaftServerImpl (ServerState.java:setLeader(253)) - 8591884e-632d-462e-b660-b3f7453a56d0@group-5380CF8AFA8F: change Leader from null to aac5cd58-9b02-4776-bc0c-2ffd417f3e9d at term 1 for appendEntries, leader elected after 1185ms
2019-09-25 17:14:41,297 [grpc-default-executor-11] INFO  impl.RaftServerImpl (ServerState.java:setRaftConf(354)) - c3297815-3aa8-40d9-890f-fc612b5cc05d@group-5380CF8AFA8F: set configuration 0: [8591884e-632d-462e-b660-b3f7453a56d0:192.168.164.231:43661, c3297815-3aa8-40d9-890f-fc612b5cc05d:192.168.164.231:44201, aac5cd58-9b02-4776-bc0c-2ffd417f3e9d:192.168.164.231:45834], old=null at 0
2019-09-25 17:14:41,297 [grpc-default-executor-12] INFO  impl.RaftServerImpl (ServerState.java:setRaftConf(354)) - 8591884e-632d-462e-b660-b3f7453a56d0@group-5380CF8AFA8F: set configuration 0: [8591884e-632d-462e-b660-b3f7453a56d0:192.168.164.231:43661, c3297815-3aa8-40d9-890f-fc612b5cc05d:192.168.164.231:44201, aac5cd58-9b02-4776-bc0c-2ffd417f3e9d:192.168.164.231:45834], old=null at 0
2019-09-25 17:14:41,297 [grpc-default-executor-11] INFO  segmented.SegmentedRaftLogWorker (SegmentedRaftLogWorker.java:startLogSegment(380)) - c3297815-3aa8-40d9-890f-fc612b5cc05d@group-5380CF8AFA8F-SegmentedRaftLogWorker: Starting segment from index:0
2019-09-25 17:14:41,297 [grpc-default-executor-12] INFO  segmented.SegmentedRaftLogWorker (SegmentedRaftLogWorker.java:startLogSegment(380)) - 8591884e-632d-462e-b660-b3f7453a56d0@group-5380CF8AFA8F-SegmentedRaftLogWorker: Starting segment from index:0
2019-09-25 17:14:42,040 [Thread-2044] INFO  impl.FollowerState (FollowerState.java:run(106)) - 358556f5-059f-4710-ae7d-5ccadbe23914:group-DB1D162FA1C1 changes to CANDIDATE, lastRpcTime:1020, electionTimeout:1017ms
2019-09-25 17:14:42,040 [Thread-2044] INFO  impl.RoleInfo (RoleInfo.java:shutdownFollowerState(121)) - 358556f5-059f-4710-ae7d-5ccadbe23914: shutdown FollowerState
2019-09-25 17:14:42,041 [Thread-2044] INFO  impl.RaftServerImpl (RaftServerImpl.java:setRole(174)) - 358556f5-059f-4710-ae7d-5ccadbe23914@group-DB1D162FA1C1: changes role from  FOLLOWER to CANDIDATE at term 1 for changeToCandidate
2019-09-25 17:14:42,041 [Thread-2044] INFO  impl.RoleInfo (RoleInfo.java:updateAndGet(143)) - 358556f5-059f-4710-ae7d-5ccadbe23914: start LeaderElection
2019-09-25 17:14:42,069 [Thread-2046] INFO  impl.FollowerState (FollowerState.java:run(106)) - aff71a2d-89f3-4bc8-b768-2461c2911101:group-DB1D162FA1C1 changes to CANDIDATE, lastRpcTime:1044, electionTimeout:1044ms
2019-09-25 17:14:42,069 [Thread-2046] INFO  impl.RoleInfo (RoleInfo.java:shutdownFollowerState(121)) - aff71a2d-89f3-4bc8-b768-2461c2911101: shutdown FollowerState
2019-09-25 17:14:42,069 [Thread-2046] INFO  impl.RaftServerImpl (RaftServerImpl.java:setRole(174)) - aff71a2d-89f3-4bc8-b768-2461c2911101@group-DB1D162FA1C1: changes role from  FOLLOWER to CANDIDATE at term 1 for changeToCandidate
2019-09-25 17:14:42,069 [Thread-2046] INFO  impl.RoleInfo (RoleInfo.java:updateAndGet(143)) - aff71a2d-89f3-4bc8-b768-2461c2911101: start LeaderElection
2019-09-25 17:14:42,146 [Thread-2045] INFO  impl.FollowerState (FollowerState.java:run(106)) - 892b06a8-425f-4459-ba03-ed84a79f311f:group-DB1D162FA1C1 changes to CANDIDATE, lastRpcTime:1122, electionTimeout:1122ms
2019-09-25 17:14:42,146 [Thread-2045] INFO  impl.RoleInfo (RoleInfo.java:shutdownFollowerState(121)) - 892b06a8-425f-4459-ba03-ed84a79f311f: shutdown FollowerState
2019-09-25 17:14:42,146 [Thread-2045] INFO  impl.RaftServerImpl (RaftServerImpl.java:setRole(174)) - 892b06a8-425f-4459-ba03-ed84a79f311f@group-DB1D162FA1C1: changes role from  FOLLOWER to CANDIDATE at term 1 for changeToCandidate
2019-09-25 17:14:42,146 [Thread-2045] INFO  impl.RoleInfo (RoleInfo.java:updateAndGet(143)) - 892b06a8-425f-4459-ba03-ed84a79f311f: start LeaderElection
2019-09-25 17:14:42,455 [Thread-1985] INFO  container.ReplicationManager (ReplicationManager.java:start(162)) - Starting Replication Monitor Thread.
2019-09-25 17:14:42,460 [ReplicationMonitor] INFO  container.ReplicationManager (ReplicationManager.java:run(225)) - Replication Monitor Thread took 1 milliseconds for processing 1 containers.
2019-09-25 17:14:44,300 [java.util.concurrent.ThreadPoolExecutor$Worker@4d38dddf[State = -1, empty queue]] WARN  server.GrpcLogAppender (GrpcLogAppender.java:timeoutAppendRequest(200)) - aac5cd58-9b02-4776-bc0c-2ffd417f3e9d@group-5380CF8AFA8F->8591884e-632d-462e-b660-b3f7453a56d0-GrpcLogAppender: appendEntries Timeout, request=aac5cd58-9b02-4776-bc0c-2ffd417f3e9d->8591884e-632d-462e-b660-b3f7453a56d0#1-t1, previous=(t:0, i:0), leaderCommit=-1, initializing? false, entries: size=1, first=(t:1, i:0), CONFIGURATIONENTRY
2019-09-25 17:14:44,300 [java.util.concurrent.ThreadPoolExecutor$Worker@7f903a69[State = -1, empty queue]] WARN  server.GrpcLogAppender (GrpcLogAppender.java:timeoutAppendRequest(200)) - aac5cd58-9b02-4776-bc0c-2ffd417f3e9d@group-5380CF8AFA8F->c3297815-3aa8-40d9-890f-fc612b5cc05d-GrpcLogAppender: appendEntries Timeout, request=aac5cd58-9b02-4776-bc0c-2ffd417f3e9d->c3297815-3aa8-40d9-890f-fc612b5cc05d#1-t1, previous=(t:0, i:0), leaderCommit=-1, initializing? false, entries: size=1, first=(t:1, i:0), CONFIGURATIONENTRY
2019-09-25 17:14:44,797 [java.util.concurrent.ThreadPoolExecutor$Worker@4d38dddf[State = -1, empty queue]] WARN  server.GrpcLogAppender (GrpcLogAppender.java:timeoutAppendRequest(200)) - aac5cd58-9b02-4776-bc0c-2ffd417f3e9d@group-5380CF8AFA8F->8591884e-632d-462e-b660-b3f7453a56d0-GrpcLogAppender: appendEntries Timeout, request=aac5cd58-9b02-4776-bc0c-2ffd417f3e9d->8591884e-632d-462e-b660-b3f7453a56d0#2-t1, previous=(t:1, i:0), leaderCommit=-1, initializing? false, entries: <empty>
2019-09-25 17:14:44,800 [java.util.concurrent.ThreadPoolExecutor$Worker@7f903a69[State = -1, empty queue]] WARN  server.GrpcLogAppender (GrpcLogAppender.java:timeoutAppendRequest(200)) - aac5cd58-9b02-4776-bc0c-2ffd417f3e9d@group-5380CF8AFA8F->c3297815-3aa8-40d9-890f-fc612b5cc05d-GrpcLogAppender: appendEntries Timeout, request=aac5cd58-9b02-4776-bc0c-2ffd417f3e9d->c3297815-3aa8-40d9-890f-fc612b5cc05d#2-t1, previous=(t:1, i:0), leaderCommit=-1, initializing? false, entries: <empty>
2019-09-25 17:14:45,298 [java.util.concurrent.ThreadPoolExecutor$Worker@4d38dddf[State = -1, empty queue]] WARN  server.GrpcLogAppender (GrpcLogAppender.java:timeoutAppendRequest(200)) - aac5cd58-9b02-4776-bc0c-2ffd417f3e9d@group-5380CF8AFA8F->8591884e-632d-462e-b660-b3f7453a56d0-GrpcLogAppender: appendEntries Timeout, request=aac5cd58-9b02-4776-bc0c-2ffd417f3e9d->8591884e-632d-462e-b660-b3f7453a56d0#3-t1, previous=(t:1, i:0), leaderCommit=-1, initializing? false, entries: <empty>
2019-09-25 17:14:45,298 [java.util.concurrent.ThreadPoolExecutor$Worker@7f903a69[State = -1, empty queue]] WARN  server.GrpcLogAppender (GrpcLogAppender.java:timeoutAppendRequest(200)) - aac5cd58-9b02-4776-bc0c-2ffd417f3e9d@group-5380CF8AFA8F->c3297815-3aa8-40d9-890f-fc612b5cc05d-GrpcLogAppender: appendEntries Timeout, request=aac5cd58-9b02-4776-bc0c-2ffd417f3e9d->c3297815-3aa8-40d9-890f-fc612b5cc05d#3-t1, previous=(t:1, i:0), leaderCommit=-1, initializing? false, entries: <empty>
2019-09-25 17:14:45,798 [java.util.concurrent.ThreadPoolExecutor$Worker@4d38dddf[State = -1, empty queue]] WARN  server.GrpcLogAppender (GrpcLogAppender.java:timeoutAppendRequest(200)) - aac5cd58-9b02-4776-bc0c-2ffd417f3e9d@group-5380CF8AFA8F->8591884e-632d-462e-b660-b3f7453a56d0-GrpcLogAppender: appendEntries Timeout, request=aac5cd58-9b02-4776-bc0c-2ffd417f3e9d->8591884e-632d-462e-b660-b3f7453a56d0#4-t1, previous=(t:1, i:0), leaderCommit=-1, initializing? false, entries: <empty>
2019-09-25 17:14:45,799 [java.util.concurrent.ThreadPoolExecutor$Worker@7f903a69[State = -1, empty queue]] WARN  server.GrpcLogAppender (GrpcLogAppender.java:timeoutAppendRequest(200)) - aac5cd58-9b02-4776-bc0c-2ffd417f3e9d@group-5380CF8AFA8F->c3297815-3aa8-40d9-890f-fc612b5cc05d-GrpcLogAppender: appendEntries Timeout, request=aac5cd58-9b02-4776-bc0c-2ffd417f3e9d->c3297815-3aa8-40d9-890f-fc612b5cc05d#4-t1, previous=(t:1, i:0), leaderCommit=-1, initializing? false, entries: <empty>
2019-09-25 17:14:46,299 [java.util.concurrent.ThreadPoolExecutor$Worker@4d38dddf[State = -1, empty queue]] WARN  server.GrpcLogAppender (GrpcLogAppender.java:timeoutAppendRequest(200)) - aac5cd58-9b02-4776-bc0c-2ffd417f3e9d@group-5380CF8AFA8F->8591884e-632d-462e-b660-b3f7453a56d0-GrpcLogAppender: appendEntries Timeout, request=aac5cd58-9b02-4776-bc0c-2ffd417f3e9d->8591884e-632d-462e-b660-b3f7453a56d0#5-t1, previous=(t:1, i:0), leaderCommit=-1, initializing? false, entries: <empty>
2019-09-25 17:14:46,299 [java.util.concurrent.ThreadPoolExecutor$Worker@7f903a69[State = -1, empty queue]] WARN  server.GrpcLogAppender (GrpcLogAppender.java:timeoutAppendRequest(200)) - aac5cd58-9b02-4776-bc0c-2ffd417f3e9d@group-5380CF8AFA8F->c3297815-3aa8-40d9-890f-fc612b5cc05d-GrpcLogAppender: appendEntries Timeout, request=aac5cd58-9b02-4776-bc0c-2ffd417f3e9d->c3297815-3aa8-40d9-890f-fc612b5cc05d#5-t1, previous=(t:1, i:0), leaderCommit=-1, initializing? false, entries: <empty>
2019-09-25 17:14:46,317 [aac5cd58-9b02-4776-bc0c-2ffd417f3e9d@group-5380CF8AFA8F-SegmentedRaftLogWorker] INFO  segmented.SegmentedRaftLogWorker (SegmentedRaftLogWorker.java:execute(569)) - aac5cd58-9b02-4776-bc0c-2ffd417f3e9d@group-5380CF8AFA8F-SegmentedRaftLogWorker: created new log segment /workdir/hadoop-ozone/integration-test/target/test-dir/MiniOzoneClusterImpl-ad082b7a-54ff-493a-8801-3708d76457e8/datanode-3/data/ratis/0d1c830a-7918-473d-beff-5380cf8afa8f/current/log_inprogress_0
2019-09-25 17:14:46,799 [java.util.concurrent.ThreadPoolExecutor$Worker@4d38dddf[State = -1, empty queue]] WARN  server.GrpcLogAppender (GrpcLogAppender.java:timeoutAppendRequest(200)) - aac5cd58-9b02-4776-bc0c-2ffd417f3e9d@group-5380CF8AFA8F->8591884e-632d-462e-b660-b3f7453a56d0-GrpcLogAppender: appendEntries Timeout, request=aac5cd58-9b02-4776-bc0c-2ffd417f3e9d->8591884e-632d-462e-b660-b3f7453a56d0#6-t1, previous=(t:1, i:0), leaderCommit=-1, initializing? false, entries: <empty>
2019-09-25 17:14:46,799 [java.util.concurrent.ThreadPoolExecutor$Worker@7f903a69[State = -1, empty queue]] WARN  server.GrpcLogAppender (GrpcLogAppender.java:timeoutAppendRequest(200)) - aac5cd58-9b02-4776-bc0c-2ffd417f3e9d@group-5380CF8AFA8F->c3297815-3aa8-40d9-890f-fc612b5cc05d-GrpcLogAppender: appendEntries Timeout, request=aac5cd58-9b02-4776-bc0c-2ffd417f3e9d->c3297815-3aa8-40d9-890f-fc612b5cc05d#6-t1, previous=(t:1, i:0), leaderCommit=-1, initializing? false, entries: <empty>
2019-09-25 17:14:47,301 [java.util.concurrent.ThreadPoolExecutor$Worker@4d38dddf[State = -1, empty queue]] WARN  server.GrpcLogAppender (GrpcLogAppender.java:timeoutAppendRequest(200)) - aac5cd58-9b02-4776-bc0c-2ffd417f3e9d@group-5380CF8AFA8F->8591884e-632d-462e-b660-b3f7453a56d0-GrpcLogAppender: appendEntries Timeout, request=aac5cd58-9b02-4776-bc0c-2ffd417f3e9d->8591884e-632d-462e-b660-b3f7453a56d0#7-t1, previous=(t:1, i:0), leaderCommit=-1, initializing? false, entries: <empty>
2019-09-25 17:14:47,301 [java.util.concurrent.ThreadPoolExecutor$Worker@7f903a69[State = -1, empty queue]] WARN  server.GrpcLogAppender (GrpcLogAppender.java:timeoutAppendRequest(200)) - aac5cd58-9b02-4776-bc0c-2ffd417f3e9d@group-5380CF8AFA8F->c3297815-3aa8-40d9-890f-fc612b5cc05d-GrpcLogAppender: appendEntries Timeout, request=aac5cd58-9b02-4776-bc0c-2ffd417f3e9d->c3297815-3aa8-40d9-890f-fc612b5cc05d#7-t1, previous=(t:1, i:0), leaderCommit=-1, initializing? false, entries: <empty>
2019-09-25 17:14:47,802 [java.util.concurrent.ThreadPoolExecutor$Worker@7f903a69[State = -1, empty queue]] WARN  server.GrpcLogAppender (GrpcLogAppender.java:timeoutAppendRequest(200)) - aac5cd58-9b02-4776-bc0c-2ffd417f3e9d@group-5380CF8AFA8F->c3297815-3aa8-40d9-890f-fc612b5cc05d-GrpcLogAppender: appendEntries Timeout, request=aac5cd58-9b02-4776-bc0c-2ffd417f3e9d->c3297815-3aa8-40d9-890f-fc612b5cc05d#8-t1, previous=(t:1, i:0), leaderCommit=-1, initializing? false, entries: <empty>
2019-09-25 17:14:47,802 [java.util.concurrent.ThreadPoolExecutor$Worker@4d38dddf[State = -1, empty queue]] WARN  server.GrpcLogAppender (GrpcLogAppender.java:timeoutAppendRequest(200)) - aac5cd58-9b02-4776-bc0c-2ffd417f3e9d@group-5380CF8AFA8F->8591884e-632d-462e-b660-b3f7453a56d0-GrpcLogAppender: appendEntries Timeout, request=aac5cd58-9b02-4776-bc0c-2ffd417f3e9d->8591884e-632d-462e-b660-b3f7453a56d0#8-t1, previous=(t:1, i:0), leaderCommit=-1, initializing? false, entries: <empty>
2019-09-25 17:14:48,302 [java.util.concurrent.ThreadPoolExecutor$Worker@7f903a69[State = -1, empty queue]] WARN  server.GrpcLogAppender (GrpcLogAppender.java:timeoutAppendRequest(200)) - aac5cd58-9b02-4776-bc0c-2ffd417f3e9d@group-5380CF8AFA8F->c3297815-3aa8-40d9-890f-fc612b5cc05d-GrpcLogAppender: appendEntries Timeout, request=aac5cd58-9b02-4776-bc0c-2ffd417f3e9d->c3297815-3aa8-40d9-890f-fc612b5cc05d#9-t1, previous=(t:1, i:0), leaderCommit=-1, initializing? false, entries: <empty>
2019-09-25 17:14:48,302 [java.util.concurrent.ThreadPoolExecutor$Worker@4d38dddf[State = -1, empty queue]] WARN  server.GrpcLogAppender (GrpcLogAppender.java:timeoutAppendRequest(200)) - aac5cd58-9b02-4776-bc0c-2ffd417f3e9d@group-5380CF8AFA8F->8591884e-632d-462e-b660-b3f7453a56d0-GrpcLogAppender: appendEntries Timeout, request=aac5cd58-9b02-4776-bc0c-2ffd417f3e9d->8591884e-632d-462e-b660-b3f7453a56d0#9-t1, previous=(t:1, i:0), leaderCommit=-1, initializing? false, entries: <empty>
2019-09-25 17:14:48,803 [java.util.concurrent.ThreadPoolExecutor$Worker@7f903a69[State = -1, empty queue]] WARN  server.GrpcLogAppender (GrpcLogAppender.java:timeoutAppendRequest(200)) - aac5cd58-9b02-4776-bc0c-2ffd417f3e9d@group-5380CF8AFA8F->c3297815-3aa8-40d9-890f-fc612b5cc05d-GrpcLogAppender: appendEntries Timeout, request=aac5cd58-9b02-4776-bc0c-2ffd417f3e9d->c3297815-3aa8-40d9-890f-fc612b5cc05d#10-t1, previous=(t:1, i:0), leaderCommit=-1, initializing? false, entries: <empty>
2019-09-25 17:14:48,803 [java.util.concurrent.ThreadPoolExecutor$Worker@4d38dddf[State = -1, empty queue]] WARN  server.GrpcLogAppender (GrpcLogAppender.java:timeoutAppendRequest(200)) - aac5cd58-9b02-4776-bc0c-2ffd417f3e9d@group-5380CF8AFA8F->8591884e-632d-462e-b660-b3f7453a56d0-GrpcLogAppender: appendEntries Timeout, request=aac5cd58-9b02-4776-bc0c-2ffd417f3e9d->8591884e-632d-462e-b660-b3f7453a56d0#10-t1, previous=(t:1, i:0), leaderCommit=-1, initializing? false, entries: <empty>
2019-09-25 17:14:49,238 [c3297815-3aa8-40d9-890f-fc612b5cc05d@group-5380CF8AFA8F-SegmentedRaftLogWorker] INFO  segmented.SegmentedRaftLogWorker (SegmentedRaftLogWorker.java:execute(569)) - c3297815-3aa8-40d9-890f-fc612b5cc05d@group-5380CF8AFA8F-SegmentedRaftLogWorker: created new log segment /workdir/hadoop-ozone/integration-test/target/test-dir/MiniOzoneClusterImpl-ad082b7a-54ff-493a-8801-3708d76457e8/datanode-5/data/ratis/0d1c830a-7918-473d-beff-5380cf8afa8f/current/log_inprogress_0
2019-09-25 17:14:49,238 [8591884e-632d-462e-b660-b3f7453a56d0@group-5380CF8AFA8F-SegmentedRaftLogWorker] INFO  segmented.SegmentedRaftLogWorker (SegmentedRaftLogWorker.java:execute(569)) - 8591884e-632d-462e-b660-b3f7453a56d0@group-5380CF8AFA8F-SegmentedRaftLogWorker: created new log segment /workdir/hadoop-ozone/integration-test/target/test-dir/MiniOzoneClusterImpl-ad082b7a-54ff-493a-8801-3708d76457e8/datanode-4/data/ratis/0d1c830a-7918-473d-beff-5380cf8afa8f/current/log_inprogress_0
2019-09-25 17:14:49,240 [892b06a8-425f-4459-ba03-ed84a79f311f@group-DB1D162FA1C1:LeaderElection43] INFO  impl.LeaderElection (LeaderElection.java:askForVotes(182)) - 892b06a8-425f-4459-ba03-ed84a79f311f@group-DB1D162FA1C1:LeaderElection43: begin an election at term 2 for -1: [892b06a8-425f-4459-ba03-ed84a79f311f:192.168.164.231:33740, 358556f5-059f-4710-ae7d-5ccadbe23914:192.168.164.231:32908, aff71a2d-89f3-4bc8-b768-2461c2911101:192.168.164.231:35356], old=null
2019-09-25 17:14:49,240 [358556f5-059f-4710-ae7d-5ccadbe23914@group-DB1D162FA1C1:LeaderElection41] INFO  impl.LeaderElection (LeaderElection.java:askForVotes(182)) - 358556f5-059f-4710-ae7d-5ccadbe23914@group-DB1D162FA1C1:LeaderElection41: begin an election at term 2 for -1: [892b06a8-425f-4459-ba03-ed84a79f311f:192.168.164.231:33740, 358556f5-059f-4710-ae7d-5ccadbe23914:192.168.164.231:32908, aff71a2d-89f3-4bc8-b768-2461c2911101:192.168.164.231:35356], old=null
2019-09-25 17:14:49,240 [aff71a2d-89f3-4bc8-b768-2461c2911101@group-DB1D162FA1C1:LeaderElection42] INFO  impl.LeaderElection (LeaderElection.java:askForVotes(182)) - aff71a2d-89f3-4bc8-b768-2461c2911101@group-DB1D162FA1C1:LeaderElection42: begin an election at term 2 for -1: [892b06a8-425f-4459-ba03-ed84a79f311f:192.168.164.231:33740, 358556f5-059f-4710-ae7d-5ccadbe23914:192.168.164.231:32908, aff71a2d-89f3-4bc8-b768-2461c2911101:192.168.164.231:35356], old=null
2019-09-25 17:14:49,246 [aff71a2d-89f3-4bc8-b768-2461c2911101@group-DB1D162FA1C1:LeaderElection42] INFO  impl.LeaderElection (LeaderElection.java:logAndReturn(56)) - aff71a2d-89f3-4bc8-b768-2461c2911101@group-DB1D162FA1C1:LeaderElection42: Election REJECTED; received 2 response(s) [aff71a2d-89f3-4bc8-b768-2461c2911101<-892b06a8-425f-4459-ba03-ed84a79f311f#0:FAIL-t2, aff71a2d-89f3-4bc8-b768-2461c2911101<-358556f5-059f-4710-ae7d-5ccadbe23914#0:FAIL-t2] and 0 exception(s); aff71a2d-89f3-4bc8-b768-2461c2911101@group-DB1D162FA1C1:t2, leader=null, voted=aff71a2d-89f3-4bc8-b768-2461c2911101, raftlog=aff71a2d-89f3-4bc8-b768-2461c2911101@group-DB1D162FA1C1-SegmentedRaftLog:OPENED:c-1,f-1,i0, conf=-1: [892b06a8-425f-4459-ba03-ed84a79f311f:192.168.164.231:33740, 358556f5-059f-4710-ae7d-5ccadbe23914:192.168.164.231:32908, aff71a2d-89f3-4bc8-b768-2461c2911101:192.168.164.231:35356], old=null
2019-09-25 17:14:49,246 [358556f5-059f-4710-ae7d-5ccadbe23914@group-DB1D162FA1C1:LeaderElection41] INFO  impl.LeaderElection (LeaderElection.java:logAndReturn(56)) - 358556f5-059f-4710-ae7d-5ccadbe23914@group-DB1D162FA1C1:LeaderElection41: Election REJECTED; received 2 response(s) [358556f5-059f-4710-ae7d-5ccadbe23914<-892b06a8-425f-4459-ba03-ed84a79f311f#0:FAIL-t2, 358556f5-059f-4710-ae7d-5ccadbe23914<-aff71a2d-89f3-4bc8-b768-2461c2911101#0:FAIL-t2] and 0 exception(s); 358556f5-059f-4710-ae7d-5ccadbe23914@group-DB1D162FA1C1:t2, leader=null, voted=358556f5-059f-4710-ae7d-5ccadbe23914, raftlog=358556f5-059f-4710-ae7d-5ccadbe23914@group-DB1D162FA1C1-SegmentedRaftLog:OPENED:c-1,f-1,i0, conf=-1: [892b06a8-425f-4459-ba03-ed84a79f311f:192.168.164.231:33740, 358556f5-059f-4710-ae7d-5ccadbe23914:192.168.164.231:32908, aff71a2d-89f3-4bc8-b768-2461c2911101:192.168.164.231:35356], old=null
2019-09-25 17:14:49,246 [aff71a2d-89f3-4bc8-b768-2461c2911101@group-DB1D162FA1C1:LeaderElection42] INFO  impl.RaftServerImpl (RaftServerImpl.java:setRole(174)) - aff71a2d-89f3-4bc8-b768-2461c2911101@group-DB1D162FA1C1: changes role from CANDIDATE to FOLLOWER at term 2 for DISCOVERED_A_NEW_TERM
2019-09-25 17:14:49,246 [892b06a8-425f-4459-ba03-ed84a79f311f@group-DB1D162FA1C1:LeaderElection43] INFO  impl.LeaderElection (LeaderElection.java:logAndReturn(56)) - 892b06a8-425f-4459-ba03-ed84a79f311f@group-DB1D162FA1C1:LeaderElection43: Election REJECTED; received 2 response(s) [892b06a8-425f-4459-ba03-ed84a79f311f<-358556f5-059f-4710-ae7d-5ccadbe23914#0:FAIL-t2, 892b06a8-425f-4459-ba03-ed84a79f311f<-aff71a2d-89f3-4bc8-b768-2461c2911101#0:FAIL-t2] and 0 exception(s); 892b06a8-425f-4459-ba03-ed84a79f311f@group-DB1D162FA1C1:t2, leader=null, voted=892b06a8-425f-4459-ba03-ed84a79f311f, raftlog=892b06a8-425f-4459-ba03-ed84a79f311f@group-DB1D162FA1C1-SegmentedRaftLog:OPENED:c-1,f-1,i0, conf=-1: [892b06a8-425f-4459-ba03-ed84a79f311f:192.168.164.231:33740, 358556f5-059f-4710-ae7d-5ccadbe23914:192.168.164.231:32908, aff71a2d-89f3-4bc8-b768-2461c2911101:192.168.164.231:35356], old=null
2019-09-25 17:14:49,251 [358556f5-059f-4710-ae7d-5ccadbe23914@group-DB1D162FA1C1:LeaderElection41] INFO  impl.RaftServerImpl (RaftServerImpl.java:setRole(174)) - 358556f5-059f-4710-ae7d-5ccadbe23914@group-DB1D162FA1C1: changes role from CANDIDATE to FOLLOWER at term 2 for DISCOVERED_A_NEW_TERM
2019-09-25 17:14:49,253 [aff71a2d-89f3-4bc8-b768-2461c2911101@group-DB1D162FA1C1:LeaderElection42] INFO  impl.RoleInfo (RoleInfo.java:shutdownLeaderElection(134)) - aff71a2d-89f3-4bc8-b768-2461c2911101: shutdown LeaderElection
2019-09-25 17:14:49,253 [892b06a8-425f-4459-ba03-ed84a79f311f@group-DB1D162FA1C1:LeaderElection43] INFO  impl.RaftServerImpl (RaftServerImpl.java:setRole(174)) - 892b06a8-425f-4459-ba03-ed84a79f311f@group-DB1D162FA1C1: changes role from CANDIDATE to FOLLOWER at term 2 for DISCOVERED_A_NEW_TERM
2019-09-25 17:14:49,253 [358556f5-059f-4710-ae7d-5ccadbe23914@group-DB1D162FA1C1:LeaderElection41] INFO  impl.RoleInfo (RoleInfo.java:shutdownLeaderElection(134)) - 358556f5-059f-4710-ae7d-5ccadbe23914: shutdown LeaderElection
2019-09-25 17:14:49,256 [aff71a2d-89f3-4bc8-b768-2461c2911101@group-DB1D162FA1C1:LeaderElection42] INFO  impl.RoleInfo (RoleInfo.java:updateAndGet(143)) - aff71a2d-89f3-4bc8-b768-2461c2911101: start FollowerState
2019-09-25 17:14:49,255 [892b06a8-425f-4459-ba03-ed84a79f311f@group-DB1D162FA1C1:LeaderElection43] INFO  impl.RoleInfo (RoleInfo.java:shutdownLeaderElection(134)) - 892b06a8-425f-4459-ba03-ed84a79f311f: shutdown LeaderElection
2019-09-25 17:14:49,256 [358556f5-059f-4710-ae7d-5ccadbe23914@group-DB1D162FA1C1:LeaderElection41] INFO  impl.RoleInfo (RoleInfo.java:updateAndGet(143)) - 358556f5-059f-4710-ae7d-5ccadbe23914: start FollowerState
2019-09-25 17:14:49,256 [892b06a8-425f-4459-ba03-ed84a79f311f@group-DB1D162FA1C1:LeaderElection43] INFO  impl.RoleInfo (RoleInfo.java:updateAndGet(143)) - 892b06a8-425f-4459-ba03-ed84a79f311f: start FollowerState
2019-09-25 17:14:49,257 [grpc-default-executor-13] WARN  server.GrpcLogAppender (GrpcLogAppender.java:onNextImpl(251)) - aac5cd58-9b02-4776-bc0c-2ffd417f3e9d@group-5380CF8AFA8F->8591884e-632d-462e-b660-b3f7453a56d0-AppendLogResponseHandler: Request not found, ignoring reply: aac5cd58-9b02-4776-bc0c-2ffd417f3e9d<-8591884e-632d-462e-b660-b3f7453a56d0#1:OK,SUCCESS,nextIndex:1,term:1,followerCommit:-1
2019-09-25 17:14:49,257 [grpc-default-executor-3] WARN  server.GrpcLogAppender (GrpcLogAppender.java:onNextImpl(251)) - aac5cd58-9b02-4776-bc0c-2ffd417f3e9d@group-5380CF8AFA8F->c3297815-3aa8-40d9-890f-fc612b5cc05d-AppendLogResponseHandler: Request not found, ignoring reply: aac5cd58-9b02-4776-bc0c-2ffd417f3e9d<-c3297815-3aa8-40d9-890f-fc612b5cc05d#1:OK,SUCCESS,nextIndex:1,term:1,followerCommit:-1
2019-09-25 17:14:49,257 [grpc-default-executor-13] WARN  server.GrpcLogAppender (GrpcLogAppender.java:onNextImpl(251)) - aac5cd58-9b02-4776-bc0c-2ffd417f3e9d@group-5380CF8AFA8F->8591884e-632d-462e-b660-b3f7453a56d0-AppendLogResponseHandler: Request not found, ignoring reply: aac5cd58-9b02-4776-bc0c-2ffd417f3e9d<-8591884e-632d-462e-b660-b3f7453a56d0#2:OK,SUCCESS,nextIndex:1,term:1,followerCommit:-1
2019-09-25 17:14:49,258 [grpc-default-executor-3] WARN  server.GrpcLogAppender (GrpcLogAppender.java:onNextImpl(251)) - aac5cd58-9b02-4776-bc0c-2ffd417f3e9d@group-5380CF8AFA8F->c3297815-3aa8-40d9-890f-fc612b5cc05d-AppendLogResponseHandler: Request not found, ignoring reply: aac5cd58-9b02-4776-bc0c-2ffd417f3e9d<-c3297815-3aa8-40d9-890f-fc612b5cc05d#2:OK,SUCCESS,nextIndex:1,term:1,followerCommit:-1
2019-09-25 17:14:49,258 [grpc-default-executor-13] WARN  server.GrpcLogAppender (GrpcLogAppender.java:onNextImpl(251)) - aac5cd58-9b02-4776-bc0c-2ffd417f3e9d@group-5380CF8AFA8F->8591884e-632d-462e-b660-b3f7453a56d0-AppendLogResponseHandler: Request not found, ignoring reply: aac5cd58-9b02-4776-bc0c-2ffd417f3e9d<-8591884e-632d-462e-b660-b3f7453a56d0#3:OK,SUCCESS,nextIndex:1,term:1,followerCommit:-1
2019-09-25 17:14:49,258 [grpc-default-executor-3] WARN  server.GrpcLogAppender (GrpcLogAppender.java:onNextImpl(251)) - aac5cd58-9b02-4776-bc0c-2ffd417f3e9d@group-5380CF8AFA8F->c3297815-3aa8-40d9-890f-fc612b5cc05d-AppendLogResponseHandler: Request not found, ignoring reply: aac5cd58-9b02-4776-bc0c-2ffd417f3e9d<-c3297815-3aa8-40d9-890f-fc612b5cc05d#3:OK,SUCCESS,nextIndex:1,term:1,followerCommit:-1
2019-09-25 17:14:49,258 [grpc-default-executor-13] WARN  server.GrpcLogAppender (GrpcLogAppender.java:onNextImpl(251)) - aac5cd58-9b02-4776-bc0c-2ffd417f3e9d@group-5380CF8AFA8F->8591884e-632d-462e-b660-b3f7453a56d0-AppendLogResponseHandler: Request not found, ignoring reply: aac5cd58-9b02-4776-bc0c-2ffd417f3e9d<-8591884e-632d-462e-b660-b3f7453a56d0#4:OK,SUCCESS,nextIndex:1,term:1,followerCommit:-1
2019-09-25 17:14:49,259 [grpc-default-executor-3] WARN  server.GrpcLogAppender (GrpcLogAppender.java:onNextImpl(251)) - aac5cd58-9b02-4776-bc0c-2ffd417f3e9d@group-5380CF8AFA8F->c3297815-3aa8-40d9-890f-fc612b5cc05d-AppendLogResponseHandler: Request not found, ignoring reply: aac5cd58-9b02-4776-bc0c-2ffd417f3e9d<-c3297815-3aa8-40d9-890f-fc612b5cc05d#4:OK,SUCCESS,nextIndex:1,term:1,followerCommit:-1
2019-09-25 17:14:49,259 [grpc-default-executor-13] WARN  server.GrpcLogAppender (GrpcLogAppender.java:onNextImpl(251)) - aac5cd58-9b02-4776-bc0c-2ffd417f3e9d@group-5380CF8AFA8F->8591884e-632d-462e-b660-b3f7453a56d0-AppendLogResponseHandler: Request not found, ignoring reply: aac5cd58-9b02-4776-bc0c-2ffd417f3e9d<-8591884e-632d-462e-b660-b3f7453a56d0#5:OK,SUCCESS,nextIndex:1,term:1,followerCommit:-1
2019-09-25 17:14:49,259 [grpc-default-executor-3] WARN  server.GrpcLogAppender (GrpcLogAppender.java:onNextImpl(251)) - aac5cd58-9b02-4776-bc0c-2ffd417f3e9d@group-5380CF8AFA8F->c3297815-3aa8-40d9-890f-fc612b5cc05d-AppendLogResponseHandler: Request not found, ignoring reply: aac5cd58-9b02-4776-bc0c-2ffd417f3e9d<-c3297815-3aa8-40d9-890f-fc612b5cc05d#5:OK,SUCCESS,nextIndex:1,term:1,followerCommit:-1
2019-09-25 17:14:49,259 [grpc-default-executor-13] WARN  server.GrpcLogAppender (GrpcLogAppender.java:onNextImpl(251)) - aac5cd58-9b02-4776-bc0c-2ffd417f3e9d@group-5380CF8AFA8F->8591884e-632d-462e-b660-b3f7453a56d0-AppendLogResponseHandler: Request not found, ignoring reply: aac5cd58-9b02-4776-bc0c-2ffd417f3e9d<-8591884e-632d-462e-b660-b3f7453a56d0#6:OK,SUCCESS,nextIndex:1,term:1,followerCommit:-1
2019-09-25 17:14:49,260 [grpc-default-executor-3] WARN  server.GrpcLogAppender (GrpcLogAppender.java:onNextImpl(251)) - aac5cd58-9b02-4776-bc0c-2ffd417f3e9d@group-5380CF8AFA8F->c3297815-3aa8-40d9-890f-fc612b5cc05d-AppendLogResponseHandler: Request not found, ignoring reply: aac5cd58-9b02-4776-bc0c-2ffd417f3e9d<-c3297815-3aa8-40d9-890f-fc612b5cc05d#6:OK,SUCCESS,nextIndex:1,term:1,followerCommit:-1
2019-09-25 17:14:49,260 [grpc-default-executor-13] WARN  server.GrpcLogAppender (GrpcLogAppender.java:onNextImpl(251)) - aac5cd58-9b02-4776-bc0c-2ffd417f3e9d@group-5380CF8AFA8F->8591884e-632d-462e-b660-b3f7453a56d0-AppendLogResponseHandler: Request not found, ignoring reply: aac5cd58-9b02-4776-bc0c-2ffd417f3e9d<-8591884e-632d-462e-b660-b3f7453a56d0#7:OK,SUCCESS,nextIndex:1,term:1,followerCommit:-1
2019-09-25 17:14:49,260 [grpc-default-executor-3] WARN  server.GrpcLogAppender (GrpcLogAppender.java:onNextImpl(251)) - aac5cd58-9b02-4776-bc0c-2ffd417f3e9d@group-5380CF8AFA8F->c3297815-3aa8-40d9-890f-fc612b5cc05d-AppendLogResponseHandler: Request not found, ignoring reply: aac5cd58-9b02-4776-bc0c-2ffd417f3e9d<-c3297815-3aa8-40d9-890f-fc612b5cc05d#7:OK,SUCCESS,nextIndex:1,term:1,followerCommit:-1
2019-09-25 17:14:49,260 [grpc-default-executor-13] WARN  server.GrpcLogAppender (GrpcLogAppender.java:onNextImpl(251)) - aac5cd58-9b02-4776-bc0c-2ffd417f3e9d@group-5380CF8AFA8F->8591884e-632d-462e-b660-b3f7453a56d0-AppendLogResponseHandler: Request not found, ignoring reply: aac5cd58-9b02-4776-bc0c-2ffd417f3e9d<-8591884e-632d-462e-b660-b3f7453a56d0#8:OK,SUCCESS,nextIndex:1,term:1,followerCommit:-1
2019-09-25 17:14:49,261 [grpc-default-executor-3] WARN  server.GrpcLogAppender (GrpcLogAppender.java:onNextImpl(251)) - aac5cd58-9b02-4776-bc0c-2ffd417f3e9d@group-5380CF8AFA8F->c3297815-3aa8-40d9-890f-fc612b5cc05d-AppendLogResponseHandler: Request not found, ignoring reply: aac5cd58-9b02-4776-bc0c-2ffd417f3e9d<-c3297815-3aa8-40d9-890f-fc612b5cc05d#8:OK,SUCCESS,nextIndex:1,term:1,followerCommit:-1
2019-09-25 17:14:49,261 [grpc-default-executor-13] WARN  server.GrpcLogAppender (GrpcLogAppender.java:onNextImpl(251)) - aac5cd58-9b02-4776-bc0c-2ffd417f3e9d@group-5380CF8AFA8F->8591884e-632d-462e-b660-b3f7453a56d0-AppendLogResponseHandler: Request not found, ignoring reply: aac5cd58-9b02-4776-bc0c-2ffd417f3e9d<-8591884e-632d-462e-b660-b3f7453a56d0#9:OK,SUCCESS,nextIndex:1,term:1,followerCommit:-1
2019-09-25 17:14:49,261 [grpc-default-executor-3] WARN  server.GrpcLogAppender (GrpcLogAppender.java:onNextImpl(251)) - aac5cd58-9b02-4776-bc0c-2ffd417f3e9d@group-5380CF8AFA8F->c3297815-3aa8-40d9-890f-fc612b5cc05d-AppendLogResponseHandler: Request not found, ignoring reply: aac5cd58-9b02-4776-bc0c-2ffd417f3e9d<-c3297815-3aa8-40d9-890f-fc612b5cc05d#9:OK,SUCCESS,nextIndex:1,term:1,followerCommit:-1
2019-09-25 17:14:49,261 [grpc-default-executor-13] WARN  server.GrpcLogAppender (GrpcLogAppender.java:onNextImpl(251)) - aac5cd58-9b02-4776-bc0c-2ffd417f3e9d@group-5380CF8AFA8F->8591884e-632d-462e-b660-b3f7453a56d0-AppendLogResponseHandler: Request not found, ignoring reply: aac5cd58-9b02-4776-bc0c-2ffd417f3e9d<-8591884e-632d-462e-b660-b3f7453a56d0#10:OK,SUCCESS,nextIndex:1,term:1,followerCommit:-1
2019-09-25 17:14:49,262 [grpc-default-executor-3] WARN  server.GrpcLogAppender (GrpcLogAppender.java:onNextImpl(251)) - aac5cd58-9b02-4776-bc0c-2ffd417f3e9d@group-5380CF8AFA8F->c3297815-3aa8-40d9-890f-fc612b5cc05d-AppendLogResponseHandler: Request not found, ignoring reply: aac5cd58-9b02-4776-bc0c-2ffd417f3e9d<-c3297815-3aa8-40d9-890f-fc612b5cc05d#10:OK,SUCCESS,nextIndex:1,term:1,followerCommit:-1
2019-09-25 17:14:49,672 [main] WARN  io.KeyOutputStream (KeyOutputStream.java:handleException(274)) - Encountered exception java.io.IOException: Unexpected Storage Container Exception: java.util.concurrent.CompletionException: java.util.concurrent.CompletionException: org.apache.ratis.protocol.RaftRetryFailureException: Failed RaftClientRequest:client-CE1328EBD71B->358556f5-059f-4710-ae7d-5ccadbe23914@group-DB1D162FA1C1, cid=89, seq=1*, RW, org.apache.hadoop.hdds.scm.XceiverClientRatis$$Lambda$430/1779378259@2d780763 for 10 attempts with RetryLimited(maxAttempts=10, sleepTime=1000ms) on the pipeline Pipeline[ Id: f09757d8-4fe7-4883-8e97-db1d162fa1c1, Nodes: 892b06a8-425f-4459-ba03-ed84a79f311f{ip: 192.168.164.231, host: pr-hdds-2174-f48n4-3529231201, networkLocation: /default-rack, certSerialId: null}aff71a2d-89f3-4bc8-b768-2461c2911101{ip: 192.168.164.231, host: pr-hdds-2174-f48n4-3529231201, networkLocation: /default-rack, certSerialId: null}358556f5-059f-4710-ae7d-5ccadbe23914{ip: 192.168.164.231, host: pr-hdds-2174-f48n4-3529231201, networkLocation: /default-rack, certSerialId: null}, Type:RATIS, Factor:THREE, State:OPEN]. The last committed block length is 0, uncommitted data length is 2097152 retry count 0
2019-09-25 17:14:50,319 [Thread-2126] INFO  impl.FollowerState (FollowerState.java:run(106)) - 892b06a8-425f-4459-ba03-ed84a79f311f:group-DB1D162FA1C1 changes to CANDIDATE, lastRpcTime:1063, electionTimeout:1062ms
2019-09-25 17:14:50,319 [Thread-2126] INFO  impl.RoleInfo (RoleInfo.java:shutdownFollowerState(121)) - 892b06a8-425f-4459-ba03-ed84a79f311f: shutdown FollowerState
2019-09-25 17:14:50,320 [Thread-2126] INFO  impl.RaftServerImpl (RaftServerImpl.java:setRole(174)) - 892b06a8-425f-4459-ba03-ed84a79f311f@group-DB1D162FA1C1: changes role from  FOLLOWER to CANDIDATE at term 2 for changeToCandidate
2019-09-25 17:14:50,320 [Thread-2126] INFO  impl.RoleInfo (RoleInfo.java:updateAndGet(143)) - 892b06a8-425f-4459-ba03-ed84a79f311f: start LeaderElection
2019-09-25 17:14:50,356 [Thread-2125] INFO  impl.FollowerState (FollowerState.java:run(106)) - 358556f5-059f-4710-ae7d-5ccadbe23914:group-DB1D162FA1C1 changes to CANDIDATE, lastRpcTime:1100, electionTimeout:1099ms
2019-09-25 17:14:50,361 [Thread-2124] INFO  impl.FollowerState (FollowerState.java:run(106)) - aff71a2d-89f3-4bc8-b768-2461c2911101:group-DB1D162FA1C1 changes to CANDIDATE, lastRpcTime:1105, electionTimeout:1103ms
2019-09-25 17:14:50,361 [Thread-2124] INFO  impl.RoleInfo (RoleInfo.java:shutdownFollowerState(121)) - aff71a2d-89f3-4bc8-b768-2461c2911101: shutdown FollowerState
2019-09-25 17:14:50,361 [Thread-2125] INFO  impl.RoleInfo (RoleInfo.java:shutdownFollowerState(121)) - 358556f5-059f-4710-ae7d-5ccadbe23914: shutdown FollowerState
2019-09-25 17:14:50,361 [Thread-2124] INFO  impl.RaftServerImpl (RaftServerImpl.java:setRole(174)) - aff71a2d-89f3-4bc8-b768-2461c2911101@group-DB1D162FA1C1: changes role from  FOLLOWER to CANDIDATE at term 2 for changeToCandidate
2019-09-25 17:14:50,361 [Thread-2125] INFO  impl.RaftServerImpl (RaftServerImpl.java:setRole(174)) - 358556f5-059f-4710-ae7d-5ccadbe23914@group-DB1D162FA1C1: changes role from  FOLLOWER to CANDIDATE at term 2 for changeToCandidate
2019-09-25 17:14:50,362 [Thread-2124] INFO  impl.RoleInfo (RoleInfo.java:updateAndGet(143)) - aff71a2d-89f3-4bc8-b768-2461c2911101: start LeaderElection
2019-09-25 17:14:50,362 [Thread-2125] INFO  impl.RoleInfo (RoleInfo.java:updateAndGet(143)) - 358556f5-059f-4710-ae7d-5ccadbe23914: start LeaderElection
2019-09-25 17:14:52,052 [892b06a8-425f-4459-ba03-ed84a79f311f@group-DB1D162FA1C1:LeaderElection44] INFO  impl.LeaderElection (LeaderElection.java:askForVotes(182)) - 892b06a8-425f-4459-ba03-ed84a79f311f@group-DB1D162FA1C1:LeaderElection44: begin an election at term 3 for -1: [892b06a8-425f-4459-ba03-ed84a79f311f:192.168.164.231:33740, 358556f5-059f-4710-ae7d-5ccadbe23914:192.168.164.231:32908, aff71a2d-89f3-4bc8-b768-2461c2911101:192.168.164.231:35356], old=null
2019-09-25 17:14:52,052 [358556f5-059f-4710-ae7d-5ccadbe23914@group-DB1D162FA1C1:LeaderElection46] INFO  impl.LeaderElection (LeaderElection.java:askForVotes(182)) - 358556f5-059f-4710-ae7d-5ccadbe23914@group-DB1D162FA1C1:LeaderElection46: begin an election at term 3 for -1: [892b06a8-425f-4459-ba03-ed84a79f311f:192.168.164.231:33740, 358556f5-059f-4710-ae7d-5ccadbe23914:192.168.164.231:32908, aff71a2d-89f3-4bc8-b768-2461c2911101:192.168.164.231:35356], old=null
2019-09-25 17:14:52,052 [aff71a2d-89f3-4bc8-b768-2461c2911101@group-DB1D162FA1C1:LeaderElection45] INFO  impl.LeaderElection (LeaderElection.java:askForVotes(182)) - aff71a2d-89f3-4bc8-b768-2461c2911101@group-DB1D162FA1C1:LeaderElection45: begin an election at term 3 for -1: [892b06a8-425f-4459-ba03-ed84a79f311f:192.168.164.231:33740, 358556f5-059f-4710-ae7d-5ccadbe23914:192.168.164.231:32908, aff71a2d-89f3-4bc8-b768-2461c2911101:192.168.164.231:35356], old=null
2019-09-25 17:14:52,058 [892b06a8-425f-4459-ba03-ed84a79f311f@group-DB1D162FA1C1:LeaderElection44] INFO  impl.LeaderElection (LeaderElection.java:logAndReturn(56)) - 892b06a8-425f-4459-ba03-ed84a79f311f@group-DB1D162FA1C1:LeaderElection44: Election REJECTED; received 2 response(s) [892b06a8-425f-4459-ba03-ed84a79f311f<-358556f5-059f-4710-ae7d-5ccadbe23914#0:FAIL-t3, 892b06a8-425f-4459-ba03-ed84a79f311f<-aff71a2d-89f3-4bc8-b768-2461c2911101#0:FAIL-t3] and 0 exception(s); 892b06a8-425f-4459-ba03-ed84a79f311f@group-DB1D162FA1C1:t3, leader=null, voted=892b06a8-425f-4459-ba03-ed84a79f311f, raftlog=892b06a8-425f-4459-ba03-ed84a79f311f@group-DB1D162FA1C1-SegmentedRaftLog:OPENED:c-1,f-1,i0, conf=-1: [892b06a8-425f-4459-ba03-ed84a79f311f:192.168.164.231:33740, 358556f5-059f-4710-ae7d-5ccadbe23914:192.168.164.231:32908, aff71a2d-89f3-4bc8-b768-2461c2911101:192.168.164.231:35356], old=null
2019-09-25 17:14:52,058 [892b06a8-425f-4459-ba03-ed84a79f311f@group-DB1D162FA1C1:LeaderElection44] INFO  impl.RaftServerImpl (RaftServerImpl.java:setRole(174)) - 892b06a8-425f-4459-ba03-ed84a79f311f@group-DB1D162FA1C1: changes role from CANDIDATE to FOLLOWER at term 3 for DISCOVERED_A_NEW_TERM
2019-09-25 17:14:52,058 [892b06a8-425f-4459-ba03-ed84a79f311f@group-DB1D162FA1C1:LeaderElection44] INFO  impl.RoleInfo (RoleInfo.java:shutdownLeaderElection(134)) - 892b06a8-425f-4459-ba03-ed84a79f311f: shutdown LeaderElection
2019-09-25 17:14:52,058 [358556f5-059f-4710-ae7d-5ccadbe23914@group-DB1D162FA1C1:LeaderElection46] INFO  impl.LeaderElection (LeaderElection.java:logAndReturn(56)) - 358556f5-059f-4710-ae7d-5ccadbe23914@group-DB1D162FA1C1:LeaderElection46: Election REJECTED; received 2 response(s) [358556f5-059f-4710-ae7d-5ccadbe23914<-892b06a8-425f-4459-ba03-ed84a79f311f#0:FAIL-t3, 358556f5-059f-4710-ae7d-5ccadbe23914<-aff71a2d-89f3-4bc8-b768-2461c2911101#0:FAIL-t3] and 0 exception(s); 358556f5-059f-4710-ae7d-5ccadbe23914@group-DB1D162FA1C1:t3, leader=null, voted=358556f5-059f-4710-ae7d-5ccadbe23914, raftlog=358556f5-059f-4710-ae7d-5ccadbe23914@group-DB1D162FA1C1-SegmentedRaftLog:OPENED:c-1,f-1,i0, conf=-1: [892b06a8-425f-4459-ba03-ed84a79f311f:192.168.164.231:33740, 358556f5-059f-4710-ae7d-5ccadbe23914:192.168.164.231:32908, aff71a2d-89f3-4bc8-b768-2461c2911101:192.168.164.231:35356], old=null
2019-09-25 17:14:52,058 [aff71a2d-89f3-4bc8-b768-2461c2911101@group-DB1D162FA1C1:LeaderElection45] INFO  impl.LeaderElection (LeaderElection.java:logAndReturn(56)) - aff71a2d-89f3-4bc8-b768-2461c2911101@group-DB1D162FA1C1:LeaderElection45: Election REJECTED; received 2 response(s) [aff71a2d-89f3-4bc8-b768-2461c2911101<-892b06a8-425f-4459-ba03-ed84a79f311f#0:FAIL-t3, aff71a2d-89f3-4bc8-b768-2461c2911101<-358556f5-059f-4710-ae7d-5ccadbe23914#0:FAIL-t3] and 0 exception(s); aff71a2d-89f3-4bc8-b768-2461c2911101@group-DB1D162FA1C1:t3, leader=null, voted=aff71a2d-89f3-4bc8-b768-2461c2911101, raftlog=aff71a2d-89f3-4bc8-b768-2461c2911101@group-DB1D162FA1C1-SegmentedRaftLog:OPENED:c-1,f-1,i0, conf=-1: [892b06a8-425f-4459-ba03-ed84a79f311f:192.168.164.231:33740, 358556f5-059f-4710-ae7d-5ccadbe23914:192.168.164.231:32908, aff71a2d-89f3-4bc8-b768-2461c2911101:192.168.164.231:35356], old=null
2019-09-25 17:14:52,066 [892b06a8-425f-4459-ba03-ed84a79f311f@group-DB1D162FA1C1:LeaderElection44] INFO  impl.RoleInfo (RoleInfo.java:updateAndGet(143)) - 892b06a8-425f-4459-ba03-ed84a79f311f: start FollowerState
2019-09-25 17:14:52,068 [aff71a2d-89f3-4bc8-b768-2461c2911101@group-DB1D162FA1C1:LeaderElection45] INFO  impl.RaftServerImpl (RaftServerImpl.java:setRole(174)) - aff71a2d-89f3-4bc8-b768-2461c2911101@group-DB1D162FA1C1: changes role from CANDIDATE to FOLLOWER at term 3 for DISCOVERED_A_NEW_TERM
2019-09-25 17:14:52,066 [358556f5-059f-4710-ae7d-5ccadbe23914@group-DB1D162FA1C1:LeaderElection46] INFO  impl.RaftServerImpl (RaftServerImpl.java:setRole(174)) - 358556f5-059f-4710-ae7d-5ccadbe23914@group-DB1D162FA1C1: changes role from CANDIDATE to FOLLOWER at term 3 for DISCOVERED_A_NEW_TERM
2019-09-25 17:14:52,071 [aff71a2d-89f3-4bc8-b768-2461c2911101@group-DB1D162FA1C1:LeaderElection45] INFO  impl.RoleInfo (RoleInfo.java:shutdownLeaderElection(134)) - aff71a2d-89f3-4bc8-b768-2461c2911101: shutdown LeaderElection
2019-09-25 17:14:52,071 [358556f5-059f-4710-ae7d-5ccadbe23914@group-DB1D162FA1C1:LeaderElection46] INFO  impl.RoleInfo (RoleInfo.java:shutdownLeaderElection(134)) - 358556f5-059f-4710-ae7d-5ccadbe23914: shutdown LeaderElection
2019-09-25 17:14:52,071 [aff71a2d-89f3-4bc8-b768-2461c2911101@group-DB1D162FA1C1:LeaderElection45] INFO  impl.RoleInfo (RoleInfo.java:updateAndGet(143)) - aff71a2d-89f3-4bc8-b768-2461c2911101: start FollowerState
2019-09-25 17:14:52,071 [358556f5-059f-4710-ae7d-5ccadbe23914@group-DB1D162FA1C1:LeaderElection46] INFO  impl.RoleInfo (RoleInfo.java:updateAndGet(143)) - 358556f5-059f-4710-ae7d-5ccadbe23914: start FollowerState
2019-09-25 17:14:52,730 [java.util.concurrent.ThreadPoolExecutor$Worker@4d38dddf[State = -1, empty queue]] WARN  server.GrpcLogAppender (GrpcLogAppender.java:timeoutAppendRequest(200)) - aac5cd58-9b02-4776-bc0c-2ffd417f3e9d@group-5380CF8AFA8F->8591884e-632d-462e-b660-b3f7453a56d0-GrpcLogAppender: appendEntries Timeout, request=aac5cd58-9b02-4776-bc0c-2ffd417f3e9d->8591884e-632d-462e-b660-b3f7453a56d0#17-t1, previous=(t:1, i:0), leaderCommit=0, initializing? false, entries: size=1, first=(t:1, i:1), STATEMACHINELOGENTRY, client-FC9823334F76, cid=93
2019-09-25 17:14:52,730 [java.util.concurrent.ThreadPoolExecutor$Worker@7f903a69[State = -1, empty queue]] WARN  server.GrpcLogAppender (GrpcLogAppender.java:timeoutAppendRequest(200)) - aac5cd58-9b02-4776-bc0c-2ffd417f3e9d@group-5380CF8AFA8F->c3297815-3aa8-40d9-890f-fc612b5cc05d-GrpcLogAppender: appendEntries Timeout, request=aac5cd58-9b02-4776-bc0c-2ffd417f3e9d->c3297815-3aa8-40d9-890f-fc612b5cc05d#17-t1, previous=(t:1, i:0), leaderCommit=0, initializing? false, entries: size=1, first=(t:1, i:1), STATEMACHINELOGENTRY, client-FC9823334F76, cid=93
2019-09-25 17:14:53,083 [Thread-2150] INFO  impl.FollowerState (FollowerState.java:run(106)) - 892b06a8-425f-4459-ba03-ed84a79f311f:group-DB1D162FA1C1 changes to CANDIDATE, lastRpcTime:1016, electionTimeout:1012ms
2019-09-25 17:14:53,090 [Thread-2150] INFO  impl.RoleInfo (RoleInfo.java:shutdownFollowerState(121)) - 892b06a8-425f-4459-ba03-ed84a79f311f: shutdown FollowerState
2019-09-25 17:14:53,090 [Thread-2150] INFO  impl.RaftServerImpl (RaftServerImpl.java:setRole(174)) - 892b06a8-425f-4459-ba03-ed84a79f311f@group-DB1D162FA1C1: changes role from  FOLLOWER to CANDIDATE at term 3 for changeToCandidate
2019-09-25 17:14:53,091 [Thread-2150] INFO  impl.RoleInfo (RoleInfo.java:updateAndGet(143)) - 892b06a8-425f-4459-ba03-ed84a79f311f: start LeaderElection
2019-09-25 17:14:53,174 [Thread-2151] INFO  impl.FollowerState (FollowerState.java:run(106)) - aff71a2d-89f3-4bc8-b768-2461c2911101:group-DB1D162FA1C1 changes to CANDIDATE, lastRpcTime:1102, electionTimeout:1102ms
2019-09-25 17:14:53,175 [Thread-2151] INFO  impl.RoleInfo (RoleInfo.java:shutdownFollowerState(121)) - aff71a2d-89f3-4bc8-b768-2461c2911101: shutdown FollowerState
2019-09-25 17:14:53,175 [Thread-2151] INFO  impl.RaftServerImpl (RaftServerImpl.java:setRole(174)) - aff71a2d-89f3-4bc8-b768-2461c2911101@group-DB1D162FA1C1: changes role from  FOLLOWER to CANDIDATE at term 3 for changeToCandidate
2019-09-25 17:14:53,176 [Thread-2151] INFO  impl.RoleInfo (RoleInfo.java:updateAndGet(143)) - aff71a2d-89f3-4bc8-b768-2461c2911101: start LeaderElection
2019-09-25 17:14:53,222 [Thread-2152] INFO  impl.FollowerState (FollowerState.java:run(106)) - 358556f5-059f-4710-ae7d-5ccadbe23914:group-DB1D162FA1C1 changes to CANDIDATE, lastRpcTime:1150, electionTimeout:1150ms
2019-09-25 17:14:53,222 [Thread-2152] INFO  impl.RoleInfo (RoleInfo.java:shutdownFollowerState(121)) - 358556f5-059f-4710-ae7d-5ccadbe23914: shutdown FollowerState
2019-09-25 17:14:53,222 [Thread-2152] INFO  impl.RaftServerImpl (RaftServerImpl.java:setRole(174)) - 358556f5-059f-4710-ae7d-5ccadbe23914@group-DB1D162FA1C1: changes role from  FOLLOWER to CANDIDATE at term 3 for changeToCandidate
2019-09-25 17:14:53,222 [Thread-2152] INFO  impl.RoleInfo (RoleInfo.java:updateAndGet(143)) - 358556f5-059f-4710-ae7d-5ccadbe23914: start LeaderElection
2019-09-25 17:14:53,230 [java.util.concurrent.ThreadPoolExecutor$Worker@7f903a69[State = -1, empty queue]] WARN  server.GrpcLogAppender (GrpcLogAppender.java:timeoutAppendRequest(200)) - aac5cd58-9b02-4776-bc0c-2ffd417f3e9d@group-5380CF8AFA8F->c3297815-3aa8-40d9-890f-fc612b5cc05d-GrpcLogAppender: appendEntries Timeout, request=aac5cd58-9b02-4776-bc0c-2ffd417f3e9d->c3297815-3aa8-40d9-890f-fc612b5cc05d#18-t1, previous=(t:1, i:1), leaderCommit=0, initializing? false, entries: <empty>
2019-09-25 17:14:53,230 [java.util.concurrent.ThreadPoolExecutor$Worker@4d38dddf[State = -1, empty queue]] WARN  server.GrpcLogAppender (GrpcLogAppender.java:timeoutAppendRequest(200)) - aac5cd58-9b02-4776-bc0c-2ffd417f3e9d@group-5380CF8AFA8F->8591884e-632d-462e-b660-b3f7453a56d0-GrpcLogAppender: appendEntries Timeout, request=aac5cd58-9b02-4776-bc0c-2ffd417f3e9d->8591884e-632d-462e-b660-b3f7453a56d0#18-t1, previous=(t:1, i:1), leaderCommit=0, initializing? false, entries: <empty>
2019-09-25 17:14:53,731 [java.util.concurrent.ThreadPoolExecutor$Worker@4d38dddf[State = -1, empty queue]] WARN  server.GrpcLogAppender (GrpcLogAppender.java:timeoutAppendRequest(200)) - aac5cd58-9b02-4776-bc0c-2ffd417f3e9d@group-5380CF8AFA8F->8591884e-632d-462e-b660-b3f7453a56d0-GrpcLogAppender: appendEntries Timeout, request=aac5cd58-9b02-4776-bc0c-2ffd417f3e9d->8591884e-632d-462e-b660-b3f7453a56d0#19-t1, previous=(t:1, i:1), leaderCommit=0, initializing? false, entries: <empty>
2019-09-25 17:14:53,731 [java.util.concurrent.ThreadPoolExecutor$Worker@7f903a69[State = -1, empty queue]] WARN  server.GrpcLogAppender (GrpcLogAppender.java:timeoutAppendRequest(200)) - aac5cd58-9b02-4776-bc0c-2ffd417f3e9d@group-5380CF8AFA8F->c3297815-3aa8-40d9-890f-fc612b5cc05d-GrpcLogAppender: appendEntries Timeout, request=aac5cd58-9b02-4776-bc0c-2ffd417f3e9d->c3297815-3aa8-40d9-890f-fc612b5cc05d#19-t1, previous=(t:1, i:1), leaderCommit=0, initializing? false, entries: <empty>
2019-09-25 17:14:54,231 [java.util.concurrent.ThreadPoolExecutor$Worker@4d38dddf[State = -1, empty queue]] WARN  server.GrpcLogAppender (GrpcLogAppender.java:timeoutAppendRequest(200)) - aac5cd58-9b02-4776-bc0c-2ffd417f3e9d@group-5380CF8AFA8F->8591884e-632d-462e-b660-b3f7453a56d0-GrpcLogAppender: appendEntries Timeout, request=aac5cd58-9b02-4776-bc0c-2ffd417f3e9d->8591884e-632d-462e-b660-b3f7453a56d0#20-t1, previous=(t:1, i:1), leaderCommit=0, initializing? false, entries: <empty>
2019-09-25 17:14:54,231 [java.util.concurrent.ThreadPoolExecutor$Worker@7f903a69[State = -1, empty queue]] WARN  server.GrpcLogAppender (GrpcLogAppender.java:timeoutAppendRequest(200)) - aac5cd58-9b02-4776-bc0c-2ffd417f3e9d@group-5380CF8AFA8F->c3297815-3aa8-40d9-890f-fc612b5cc05d-GrpcLogAppender: appendEntries Timeout, request=aac5cd58-9b02-4776-bc0c-2ffd417f3e9d->c3297815-3aa8-40d9-890f-fc612b5cc05d#20-t1, previous=(t:1, i:1), leaderCommit=0, initializing? false, entries: <empty>
2019-09-25 17:14:54,731 [java.util.concurrent.ThreadPoolExecutor$Worker@7f903a69[State = -1, empty queue]] WARN  server.GrpcLogAppender (GrpcLogAppender.java:timeoutAppendRequest(200)) - aac5cd58-9b02-4776-bc0c-2ffd417f3e9d@group-5380CF8AFA8F->c3297815-3aa8-40d9-890f-fc612b5cc05d-GrpcLogAppender: appendEntries Timeout, request=aac5cd58-9b02-4776-bc0c-2ffd417f3e9d->c3297815-3aa8-40d9-890f-fc612b5cc05d#21-t1, previous=(t:1, i:1), leaderCommit=0, initializing? false, entries: <empty>
2019-09-25 17:14:54,731 [java.util.concurrent.ThreadPoolExecutor$Worker@4d38dddf[State = -1, empty queue]] WARN  server.GrpcLogAppender (GrpcLogAppender.java:timeoutAppendRequest(200)) - aac5cd58-9b02-4776-bc0c-2ffd417f3e9d@group-5380CF8AFA8F->8591884e-632d-462e-b660-b3f7453a56d0-GrpcLogAppender: appendEntries Timeout, request=aac5cd58-9b02-4776-bc0c-2ffd417f3e9d->8591884e-632d-462e-b660-b3f7453a56d0#21-t1, previous=(t:1, i:1), leaderCommit=0, initializing? false, entries: <empty>
2019-09-25 17:14:55,232 [java.util.concurrent.ThreadPoolExecutor$Worker@7f903a69[State = -1, empty queue]] WARN  server.GrpcLogAppender (GrpcLogAppender.java:timeoutAppendRequest(200)) - aac5cd58-9b02-4776-bc0c-2ffd417f3e9d@group-5380CF8AFA8F->c3297815-3aa8-40d9-890f-fc612b5cc05d-GrpcLogAppender: appendEntries Timeout, request=aac5cd58-9b02-4776-bc0c-2ffd417f3e9d->c3297815-3aa8-40d9-890f-fc612b5cc05d#22-t1, previous=(t:1, i:1), leaderCommit=0, initializing? false, entries: <empty>
2019-09-25 17:14:55,232 [java.util.concurrent.ThreadPoolExecutor$Worker@4d38dddf[State = -1, empty queue]] WARN  server.GrpcLogAppender (GrpcLogAppender.java:timeoutAppendRequest(200)) - aac5cd58-9b02-4776-bc0c-2ffd417f3e9d@group-5380CF8AFA8F->8591884e-632d-462e-b660-b3f7453a56d0-GrpcLogAppender: appendEntries Timeout, request=aac5cd58-9b02-4776-bc0c-2ffd417f3e9d->8591884e-632d-462e-b660-b3f7453a56d0#22-t1, previous=(t:1, i:1), leaderCommit=0, initializing? false, entries: <empty>
2019-09-25 17:14:55,732 [java.util.concurrent.ThreadPoolExecutor$Worker@4d38dddf[State = -1, empty queue]] WARN  server.GrpcLogAppender (GrpcLogAppender.java:timeoutAppendRequest(200)) - aac5cd58-9b02-4776-bc0c-2ffd417f3e9d@group-5380CF8AFA8F->8591884e-632d-462e-b660-b3f7453a56d0-GrpcLogAppender: appendEntries Timeout, request=aac5cd58-9b02-4776-bc0c-2ffd417f3e9d->8591884e-632d-462e-b660-b3f7453a56d0#23-t1, previous=(t:1, i:1), leaderCommit=0, initializing? false, entries: <empty>
2019-09-25 17:14:55,732 [java.util.concurrent.ThreadPoolExecutor$Worker@7f903a69[State = -1, empty queue]] WARN  server.GrpcLogAppender (GrpcLogAppender.java:timeoutAppendRequest(200)) - aac5cd58-9b02-4776-bc0c-2ffd417f3e9d@group-5380CF8AFA8F->c3297815-3aa8-40d9-890f-fc612b5cc05d-GrpcLogAppender: appendEntries Timeout, request=aac5cd58-9b02-4776-bc0c-2ffd417f3e9d->c3297815-3aa8-40d9-890f-fc612b5cc05d#23-t1, previous=(t:1, i:1), leaderCommit=0, initializing? false, entries: <empty>
2019-09-25 17:14:56,233 [java.util.concurrent.ThreadPoolExecutor$Worker@7f903a69[State = -1, empty queue]] WARN  server.GrpcLogAppender (GrpcLogAppender.java:timeoutAppendRequest(200)) - aac5cd58-9b02-4776-bc0c-2ffd417f3e9d@group-5380CF8AFA8F->c3297815-3aa8-40d9-890f-fc612b5cc05d-GrpcLogAppender: appendEntries Timeout, request=aac5cd58-9b02-4776-bc0c-2ffd417f3e9d->c3297815-3aa8-40d9-890f-fc612b5cc05d#24-t1, previous=(t:1, i:1), leaderCommit=0, initializing? false, entries: <empty>
2019-09-25 17:14:56,233 [java.util.concurrent.ThreadPoolExecutor$Worker@4d38dddf[State = -1, empty queue]] WARN  server.GrpcLogAppender (GrpcLogAppender.java:timeoutAppendRequest(200)) - aac5cd58-9b02-4776-bc0c-2ffd417f3e9d@group-5380CF8AFA8F->8591884e-632d-462e-b660-b3f7453a56d0-GrpcLogAppender: appendEntries Timeout, request=aac5cd58-9b02-4776-bc0c-2ffd417f3e9d->8591884e-632d-462e-b660-b3f7453a56d0#24-t1, previous=(t:1, i:1), leaderCommit=0, initializing? false, entries: <empty>
2019-09-25 17:14:56,523 [358556f5-059f-4710-ae7d-5ccadbe23914@group-DB1D162FA1C1:LeaderElection49] INFO  impl.LeaderElection (LeaderElection.java:askForVotes(182)) - 358556f5-059f-4710-ae7d-5ccadbe23914@group-DB1D162FA1C1:LeaderElection49: begin an election at term 4 for -1: [892b06a8-425f-4459-ba03-ed84a79f311f:192.168.164.231:33740, 358556f5-059f-4710-ae7d-5ccadbe23914:192.168.164.231:32908, aff71a2d-89f3-4bc8-b768-2461c2911101:192.168.164.231:35356], old=null
2019-09-25 17:14:56,523 [892b06a8-425f-4459-ba03-ed84a79f311f@group-DB1D162FA1C1:LeaderElection47] INFO  impl.LeaderElection (LeaderElection.java:askForVotes(182)) - 892b06a8-425f-4459-ba03-ed84a79f311f@group-DB1D162FA1C1:LeaderElection47: begin an election at term 4 for -1: [892b06a8-425f-4459-ba03-ed84a79f311f:192.168.164.231:33740, 358556f5-059f-4710-ae7d-5ccadbe23914:192.168.164.231:32908, aff71a2d-89f3-4bc8-b768-2461c2911101:192.168.164.231:35356], old=null
2019-09-25 17:14:56,523 [aff71a2d-89f3-4bc8-b768-2461c2911101@group-DB1D162FA1C1:LeaderElection48] INFO  impl.LeaderElection (LeaderElection.java:askForVotes(182)) - aff71a2d-89f3-4bc8-b768-2461c2911101@group-DB1D162FA1C1:LeaderElection48: begin an election at term 4 for -1: [892b06a8-425f-4459-ba03-ed84a79f311f:192.168.164.231:33740, 358556f5-059f-4710-ae7d-5ccadbe23914:192.168.164.231:32908, aff71a2d-89f3-4bc8-b768-2461c2911101:192.168.164.231:35356], old=null
2019-09-25 17:14:56,531 [aff71a2d-89f3-4bc8-b768-2461c2911101@group-DB1D162FA1C1:LeaderElection48] INFO  impl.LeaderElection (LeaderElection.java:logAndReturn(56)) - aff71a2d-89f3-4bc8-b768-2461c2911101@group-DB1D162FA1C1:LeaderElection48: Election REJECTED; received 2 response(s) [aff71a2d-89f3-4bc8-b768-2461c2911101<-892b06a8-425f-4459-ba03-ed84a79f311f#0:FAIL-t4, aff71a2d-89f3-4bc8-b768-2461c2911101<-358556f5-059f-4710-ae7d-5ccadbe23914#0:FAIL-t4] and 0 exception(s); aff71a2d-89f3-4bc8-b768-2461c2911101@group-DB1D162FA1C1:t4, leader=null, voted=aff71a2d-89f3-4bc8-b768-2461c2911101, raftlog=aff71a2d-89f3-4bc8-b768-2461c2911101@group-DB1D162FA1C1-SegmentedRaftLog:OPENED:c-1,f-1,i0, conf=-1: [892b06a8-425f-4459-ba03-ed84a79f311f:192.168.164.231:33740, 358556f5-059f-4710-ae7d-5ccadbe23914:192.168.164.231:32908, aff71a2d-89f3-4bc8-b768-2461c2911101:192.168.164.231:35356], old=null
2019-09-25 17:14:56,531 [358556f5-059f-4710-ae7d-5ccadbe23914@group-DB1D162FA1C1:LeaderElection49] INFO  impl.LeaderElection (LeaderElection.java:logAndReturn(56)) - 358556f5-059f-4710-ae7d-5ccadbe23914@group-DB1D162FA1C1:LeaderElection49: Election REJECTED; received 2 response(s) [358556f5-059f-4710-ae7d-5ccadbe23914<-892b06a8-425f-4459-ba03-ed84a79f311f#0:FAIL-t4, 358556f5-059f-4710-ae7d-5ccadbe23914<-aff71a2d-89f3-4bc8-b768-2461c2911101#0:FAIL-t4] and 0 exception(s); 358556f5-059f-4710-ae7d-5ccadbe23914@group-DB1D162FA1C1:t4, leader=null, voted=358556f5-059f-4710-ae7d-5ccadbe23914, raftlog=358556f5-059f-4710-ae7d-5ccadbe23914@group-DB1D162FA1C1-SegmentedRaftLog:OPENED:c-1,f-1,i0, conf=-1: [892b06a8-425f-4459-ba03-ed84a79f311f:192.168.164.231:33740, 358556f5-059f-4710-ae7d-5ccadbe23914:192.168.164.231:32908, aff71a2d-89f3-4bc8-b768-2461c2911101:192.168.164.231:35356], old=null
2019-09-25 17:14:56,531 [892b06a8-425f-4459-ba03-ed84a79f311f@group-DB1D162FA1C1:LeaderElection47] INFO  impl.LeaderElection (LeaderElection.java:logAndReturn(56)) - 892b06a8-425f-4459-ba03-ed84a79f311f@group-DB1D162FA1C1:LeaderElection47: Election REJECTED; received 2 response(s) [892b06a8-425f-4459-ba03-ed84a79f311f<-358556f5-059f-4710-ae7d-5ccadbe23914#0:FAIL-t4, 892b06a8-425f-4459-ba03-ed84a79f311f<-aff71a2d-89f3-4bc8-b768-2461c2911101#0:FAIL-t4] and 0 exception(s); 892b06a8-425f-4459-ba03-ed84a79f311f@group-DB1D162FA1C1:t4, leader=null, voted=892b06a8-425f-4459-ba03-ed84a79f311f, raftlog=892b06a8-425f-4459-ba03-ed84a79f311f@group-DB1D162FA1C1-SegmentedRaftLog:OPENED:c-1,f-1,i0, conf=-1: [892b06a8-425f-4459-ba03-ed84a79f311f:192.168.164.231:33740, 358556f5-059f-4710-ae7d-5ccadbe23914:192.168.164.231:32908, aff71a2d-89f3-4bc8-b768-2461c2911101:192.168.164.231:35356], old=null
2019-09-25 17:14:56,531 [aff71a2d-89f3-4bc8-b768-2461c2911101@group-DB1D162FA1C1:LeaderElection48] INFO  impl.RaftServerImpl (RaftServerImpl.java:setRole(174)) - aff71a2d-89f3-4bc8-b768-2461c2911101@group-DB1D162FA1C1: changes role from CANDIDATE to FOLLOWER at term 4 for DISCOVERED_A_NEW_TERM
2019-09-25 17:14:56,537 [892b06a8-425f-4459-ba03-ed84a79f311f@group-DB1D162FA1C1:LeaderElection47] INFO  impl.RaftServerImpl (RaftServerImpl.java:setRole(174)) - 892b06a8-425f-4459-ba03-ed84a79f311f@group-DB1D162FA1C1: changes role from CANDIDATE to FOLLOWER at term 4 for DISCOVERED_A_NEW_TERM
2019-09-25 17:14:56,537 [358556f5-059f-4710-ae7d-5ccadbe23914@group-DB1D162FA1C1:LeaderElection49] INFO  impl.RaftServerImpl (RaftServerImpl.java:setRole(174)) - 358556f5-059f-4710-ae7d-5ccadbe23914@group-DB1D162FA1C1: changes role from CANDIDATE to FOLLOWER at term 4 for DISCOVERED_A_NEW_TERM
2019-09-25 17:14:56,540 [aff71a2d-89f3-4bc8-b768-2461c2911101@group-DB1D162FA1C1:LeaderElection48] INFO  impl.RoleInfo (RoleInfo.java:shutdownLeaderElection(134)) - aff71a2d-89f3-4bc8-b768-2461c2911101: shutdown LeaderElection
2019-09-25 17:14:56,540 [892b06a8-425f-4459-ba03-ed84a79f311f@group-DB1D162FA1C1:LeaderElection47] INFO  impl.RoleInfo (RoleInfo.java:shutdownLeaderElection(134)) - 892b06a8-425f-4459-ba03-ed84a79f311f: shutdown LeaderElection
2019-09-25 17:14:56,540 [aff71a2d-89f3-4bc8-b768-2461c2911101@group-DB1D162FA1C1:LeaderElection48] INFO  impl.RoleInfo (RoleInfo.java:updateAndGet(143)) - aff71a2d-89f3-4bc8-b768-2461c2911101: start FollowerState
2019-09-25 17:14:56,540 [358556f5-059f-4710-ae7d-5ccadbe23914@group-DB1D162FA1C1:LeaderElection49] INFO  impl.RoleInfo (RoleInfo.java:shutdownLeaderElection(134)) - 358556f5-059f-4710-ae7d-5ccadbe23914: shutdown LeaderElection
2019-09-25 17:14:56,540 [892b06a8-425f-4459-ba03-ed84a79f311f@group-DB1D162FA1C1:LeaderElection47] INFO  impl.RoleInfo (RoleInfo.java:updateAndGet(143)) - 892b06a8-425f-4459-ba03-ed84a79f311f: start FollowerState
2019-09-25 17:14:56,541 [358556f5-059f-4710-ae7d-5ccadbe23914@group-DB1D162FA1C1:LeaderElection49] INFO  impl.RoleInfo (RoleInfo.java:updateAndGet(143)) - 358556f5-059f-4710-ae7d-5ccadbe23914: start FollowerState
2019-09-25 17:14:56,642 [grpc-default-executor-11] WARN  server.GrpcLogAppender (GrpcLogAppender.java:onNextImpl(251)) - aac5cd58-9b02-4776-bc0c-2ffd417f3e9d@group-5380CF8AFA8F->8591884e-632d-462e-b660-b3f7453a56d0-AppendLogResponseHandler: Request not found, ignoring reply: aac5cd58-9b02-4776-bc0c-2ffd417f3e9d<-8591884e-632d-462e-b660-b3f7453a56d0#17:OK,SUCCESS,nextIndex:2,term:1,followerCommit:0
2019-09-25 17:14:56,642 [grpc-default-executor-10] WARN  server.GrpcLogAppender (GrpcLogAppender.java:onNextImpl(251)) - aac5cd58-9b02-4776-bc0c-2ffd417f3e9d@group-5380CF8AFA8F->c3297815-3aa8-40d9-890f-fc612b5cc05d-AppendLogResponseHandler: Request not found, ignoring reply: aac5cd58-9b02-4776-bc0c-2ffd417f3e9d<-c3297815-3aa8-40d9-890f-fc612b5cc05d#17:OK,SUCCESS,nextIndex:2,term:1,followerCommit:0
2019-09-25 17:14:56,642 [grpc-default-executor-11] WARN  server.GrpcLogAppender (GrpcLogAppender.java:onNextImpl(251)) - aac5cd58-9b02-4776-bc0c-2ffd417f3e9d@group-5380CF8AFA8F->8591884e-632d-462e-b660-b3f7453a56d0-AppendLogResponseHandler: Request not found, ignoring reply: aac5cd58-9b02-4776-bc0c-2ffd417f3e9d<-8591884e-632d-462e-b660-b3f7453a56d0#18:OK,SUCCESS,nextIndex:2,term:1,followerCommit:0
2019-09-25 17:14:56,642 [grpc-default-executor-10] WARN  server.GrpcLogAppender (GrpcLogAppender.java:onNextImpl(251)) - aac5cd58-9b02-4776-bc0c-2ffd417f3e9d@group-5380CF8AFA8F->c3297815-3aa8-40d9-890f-fc612b5cc05d-AppendLogResponseHandler: Request not found, ignoring reply: aac5cd58-9b02-4776-bc0c-2ffd417f3e9d<-c3297815-3aa8-40d9-890f-fc612b5cc05d#18:OK,SUCCESS,nextIndex:2,term:1,followerCommit:0
2019-09-25 17:14:56,643 [grpc-default-executor-11] WARN  server.GrpcLogAppender (GrpcLogAppender.java:onNextImpl(251)) - aac5cd58-9b02-4776-bc0c-2ffd417f3e9d@group-5380CF8AFA8F->8591884e-632d-462e-b660-b3f7453a56d0-AppendLogResponseHandler: Request not found, ignoring reply: aac5cd58-9b02-4776-bc0c-2ffd417f3e9d<-8591884e-632d-462e-b660-b3f7453a56d0#19:OK,SUCCESS,nextIndex:2,term:1,followerCommit:0
2019-09-25 17:14:56,643 [grpc-default-executor-10] WARN  server.GrpcLogAppender (GrpcLogAppender.java:onNextImpl(251)) - aac5cd58-9b02-4776-bc0c-2ffd417f3e9d@group-5380CF8AFA8F->c3297815-3aa8-40d9-890f-fc612b5cc05d-AppendLogResponseHandler: Request not found, ignoring reply: aac5cd58-9b02-4776-bc0c-2ffd417f3e9d<-c3297815-3aa8-40d9-890f-fc612b5cc05d#19:OK,SUCCESS,nextIndex:2,term:1,followerCommit:0
2019-09-25 17:14:56,643 [grpc-default-executor-11] WARN  server.GrpcLogAppender (GrpcLogAppender.java:onNextImpl(251)) - aac5cd58-9b02-4776-bc0c-2ffd417f3e9d@group-5380CF8AFA8F->8591884e-632d-462e-b660-b3f7453a56d0-AppendLogResponseHandler: Request not found, ignoring reply: aac5cd58-9b02-4776-bc0c-2ffd417f3e9d<-8591884e-632d-462e-b660-b3f7453a56d0#20:OK,SUCCESS,nextIndex:2,term:1,followerCommit:0
2019-09-25 17:14:56,643 [grpc-default-executor-10] WARN  server.GrpcLogAppender (GrpcLogAppender.java:onNextImpl(251)) - aac5cd58-9b02-4776-bc0c-2ffd417f3e9d@group-5380CF8AFA8F->c3297815-3aa8-40d9-890f-fc612b5cc05d-AppendLogResponseHandler: Request not found, ignoring reply: aac5cd58-9b02-4776-bc0c-2ffd417f3e9d<-c3297815-3aa8-40d9-890f-fc612b5cc05d#20:OK,SUCCESS,nextIndex:2,term:1,followerCommit:0
2019-09-25 17:14:56,643 [grpc-default-executor-11] WARN  server.GrpcLogAppender (GrpcLogAppender.java:onNextImpl(251)) - aac5cd58-9b02-4776-bc0c-2ffd417f3e9d@group-5380CF8AFA8F->8591884e-632d-462e-b660-b3f7453a56d0-AppendLogResponseHandler: Request not found, ignoring reply: aac5cd58-9b02-4776-bc0c-2ffd417f3e9d<-8591884e-632d-462e-b660-b3f7453a56d0#21:OK,SUCCESS,nextIndex:2,term:1,followerCommit:0
2019-09-25 17:14:56,643 [grpc-default-executor-10] WARN  server.GrpcLogAppender (GrpcLogAppender.java:onNextImpl(251)) - aac5cd58-9b02-4776-bc0c-2ffd417f3e9d@group-5380CF8AFA8F->c3297815-3aa8-40d9-890f-fc612b5cc05d-AppendLogResponseHandler: Request not found, ignoring reply: aac5cd58-9b02-4776-bc0c-2ffd417f3e9d<-c3297815-3aa8-40d9-890f-fc612b5cc05d#21:OK,SUCCESS,nextIndex:2,term:1,followerCommit:0
2019-09-25 17:14:56,643 [grpc-default-executor-11] WARN  server.GrpcLogAppender (GrpcLogAppender.java:onNextImpl(251)) - aac5cd58-9b02-4776-bc0c-2ffd417f3e9d@group-5380CF8AFA8F->8591884e-632d-462e-b660-b3f7453a56d0-AppendLogResponseHandler: Request not found, ignoring reply: aac5cd58-9b02-4776-bc0c-2ffd417f3e9d<-8591884e-632d-462e-b660-b3f7453a56d0#22:OK,SUCCESS,nextIndex:2,term:1,followerCommit:0
2019-09-25 17:14:56,643 [grpc-default-executor-10] WARN  server.GrpcLogAppender (GrpcLogAppender.java:onNextImpl(251)) - aac5cd58-9b02-4776-bc0c-2ffd417f3e9d@group-5380CF8AFA8F->c3297815-3aa8-40d9-890f-fc612b5cc05d-AppendLogResponseHandler: Request not found, ignoring reply: aac5cd58-9b02-4776-bc0c-2ffd417f3e9d<-c3297815-3aa8-40d9-890f-fc612b5cc05d#22:OK,SUCCESS,nextIndex:2,term:1,followerCommit:0
2019-09-25 17:14:56,643 [grpc-default-executor-11] WARN  server.GrpcLogAppender (GrpcLogAppender.java:onNextImpl(251)) - aac5cd58-9b02-4776-bc0c-2ffd417f3e9d@group-5380CF8AFA8F->8591884e-632d-462e-b660-b3f7453a56d0-AppendLogResponseHandler: Request not found, ignoring reply: aac5cd58-9b02-4776-bc0c-2ffd417f3e9d<-8591884e-632d-462e-b660-b3f7453a56d0#23:OK,SUCCESS,nextIndex:2,term:1,followerCommit:0
2019-09-25 17:14:56,644 [grpc-default-executor-10] WARN  server.GrpcLogAppender (GrpcLogAppender.java:onNextImpl(251)) - aac5cd58-9b02-4776-bc0c-2ffd417f3e9d@group-5380CF8AFA8F->c3297815-3aa8-40d9-890f-fc612b5cc05d-AppendLogResponseHandler: Request not found, ignoring reply: aac5cd58-9b02-4776-bc0c-2ffd417f3e9d<-c3297815-3aa8-40d9-890f-fc612b5cc05d#23:OK,SUCCESS,nextIndex:2,term:1,followerCommit:0
2019-09-25 17:14:56,644 [grpc-default-executor-11] WARN  server.GrpcLogAppender (GrpcLogAppender.java:onNextImpl(251)) - aac5cd58-9b02-4776-bc0c-2ffd417f3e9d@group-5380CF8AFA8F->8591884e-632d-462e-b660-b3f7453a56d0-AppendLogResponseHandler: Request not found, ignoring reply: aac5cd58-9b02-4776-bc0c-2ffd417f3e9d<-8591884e-632d-462e-b660-b3f7453a56d0#24:OK,SUCCESS,nextIndex:2,term:1,followerCommit:0
2019-09-25 17:14:56,644 [grpc-default-executor-10] WARN  server.GrpcLogAppender (GrpcLogAppender.java:onNextImpl(251)) - aac5cd58-9b02-4776-bc0c-2ffd417f3e9d@group-5380CF8AFA8F->c3297815-3aa8-40d9-890f-fc612b5cc05d-AppendLogResponseHandler: Request not found, ignoring reply: aac5cd58-9b02-4776-bc0c-2ffd417f3e9d<-c3297815-3aa8-40d9-890f-fc612b5cc05d#24:OK,SUCCESS,nextIndex:2,term:1,followerCommit:0
2019-09-25 17:14:57,634 [Thread-2184] INFO  impl.FollowerState (FollowerState.java:run(106)) - 892b06a8-425f-4459-ba03-ed84a79f311f:group-DB1D162FA1C1 changes to CANDIDATE, lastRpcTime:1093, electionTimeout:1093ms
2019-09-25 17:14:57,635 [Thread-2184] INFO  impl.RoleInfo (RoleInfo.java:shutdownFollowerState(121)) - 892b06a8-425f-4459-ba03-ed84a79f311f: shutdown FollowerState
2019-09-25 17:14:57,635 [Thread-2184] INFO  impl.RaftServerImpl (RaftServerImpl.java:setRole(174)) - 892b06a8-425f-4459-ba03-ed84a79f311f@group-DB1D162FA1C1: changes role from  FOLLOWER to CANDIDATE at term 4 for changeToCandidate
2019-09-25 17:14:57,635 [Thread-2184] INFO  impl.RoleInfo (RoleInfo.java:updateAndGet(143)) - 892b06a8-425f-4459-ba03-ed84a79f311f: start LeaderElection
2019-09-25 17:14:57,664 [Thread-2183] INFO  impl.FollowerState (FollowerState.java:run(106)) - aff71a2d-89f3-4bc8-b768-2461c2911101:group-DB1D162FA1C1 changes to CANDIDATE, lastRpcTime:1123, electionTimeout:1123ms
2019-09-25 17:14:57,664 [Thread-2183] INFO  impl.RoleInfo (RoleInfo.java:shutdownFollowerState(121)) - aff71a2d-89f3-4bc8-b768-2461c2911101: shutdown FollowerState
2019-09-25 17:14:57,664 [Thread-2183] INFO  impl.RaftServerImpl (RaftServerImpl.java:setRole(174)) - aff71a2d-89f3-4bc8-b768-2461c2911101@group-DB1D162FA1C1: changes role from  FOLLOWER to CANDIDATE at term 4 for changeToCandidate
2019-09-25 17:14:57,664 [Thread-2183] INFO  impl.RoleInfo (RoleInfo.java:updateAndGet(143)) - aff71a2d-89f3-4bc8-b768-2461c2911101: start LeaderElection
2019-09-25 17:14:57,679 [892b06a8-425f-4459-ba03-ed84a79f311f@group-DB1D162FA1C1:LeaderElection50] INFO  impl.LeaderElection (LeaderElection.java:askForVotes(182)) - 892b06a8-425f-4459-ba03-ed84a79f311f@group-DB1D162FA1C1:LeaderElection50: begin an election at term 5 for -1: [892b06a8-425f-4459-ba03-ed84a79f311f:192.168.164.231:33740, 358556f5-059f-4710-ae7d-5ccadbe23914:192.168.164.231:32908, aff71a2d-89f3-4bc8-b768-2461c2911101:192.168.164.231:35356], old=null
2019-09-25 17:14:57,683 [grpc-default-executor-12] INFO  impl.RaftServerImpl (RaftServerImpl.java:setRole(174)) - 358556f5-059f-4710-ae7d-5ccadbe23914@group-DB1D162FA1C1: changes role from  FOLLOWER to FOLLOWER at term 5 for recognizeCandidate:892b06a8-425f-4459-ba03-ed84a79f311f
2019-09-25 17:14:57,683 [grpc-default-executor-12] INFO  impl.RoleInfo (RoleInfo.java:shutdownFollowerState(121)) - 358556f5-059f-4710-ae7d-5ccadbe23914: shutdown FollowerState
2019-09-25 17:14:57,683 [grpc-default-executor-12] INFO  impl.RoleInfo (RoleInfo.java:updateAndGet(143)) - 358556f5-059f-4710-ae7d-5ccadbe23914: start FollowerState
2019-09-25 17:14:57,684 [Thread-2185] INFO  impl.FollowerState (FollowerState.java:run(115)) - 358556f5-059f-4710-ae7d-5ccadbe23914: FollowerState was interrupted: java.lang.InterruptedException: sleep interrupted
2019-09-25 17:14:57,693 [aff71a2d-89f3-4bc8-b768-2461c2911101@group-DB1D162FA1C1:LeaderElection51] INFO  impl.LeaderElection (LeaderElection.java:askForVotes(182)) - aff71a2d-89f3-4bc8-b768-2461c2911101@group-DB1D162FA1C1:LeaderElection51: begin an election at term 5 for -1: [892b06a8-425f-4459-ba03-ed84a79f311f:192.168.164.231:33740, 358556f5-059f-4710-ae7d-5ccadbe23914:192.168.164.231:32908, aff71a2d-89f3-4bc8-b768-2461c2911101:192.168.164.231:35356], old=null
2019-09-25 17:14:57,697 [892b06a8-425f-4459-ba03-ed84a79f311f@group-DB1D162FA1C1:LeaderElection50] INFO  impl.LeaderElection (LeaderElection.java:logAndReturn(56)) - 892b06a8-425f-4459-ba03-ed84a79f311f@group-DB1D162FA1C1:LeaderElection50: Election PASSED; received 2 response(s) [892b06a8-425f-4459-ba03-ed84a79f311f<-358556f5-059f-4710-ae7d-5ccadbe23914#0:OK-t5, 892b06a8-425f-4459-ba03-ed84a79f311f<-aff71a2d-89f3-4bc8-b768-2461c2911101#0:FAIL-t5] and 0 exception(s); 892b06a8-425f-4459-ba03-ed84a79f311f@group-DB1D162FA1C1:t5, leader=null, voted=892b06a8-425f-4459-ba03-ed84a79f311f, raftlog=892b06a8-425f-4459-ba03-ed84a79f311f@group-DB1D162FA1C1-SegmentedRaftLog:OPENED:c-1,f-1,i0, conf=-1: [892b06a8-425f-4459-ba03-ed84a79f311f:192.168.164.231:33740, 358556f5-059f-4710-ae7d-5ccadbe23914:192.168.164.231:32908, aff71a2d-89f3-4bc8-b768-2461c2911101:192.168.164.231:35356], old=null
2019-09-25 17:14:57,697 [aff71a2d-89f3-4bc8-b768-2461c2911101@group-DB1D162FA1C1:LeaderElection51] INFO  impl.LeaderElection (LeaderElection.java:logAndReturn(56)) - aff71a2d-89f3-4bc8-b768-2461c2911101@group-DB1D162FA1C1:LeaderElection51: Election REJECTED; received 2 response(s) [aff71a2d-89f3-4bc8-b768-2461c2911101<-892b06a8-425f-4459-ba03-ed84a79f311f#0:FAIL-t5, aff71a2d-89f3-4bc8-b768-2461c2911101<-358556f5-059f-4710-ae7d-5ccadbe23914#0:FAIL-t5] and 0 exception(s); aff71a2d-89f3-4bc8-b768-2461c2911101@group-DB1D162FA1C1:t5, leader=null, voted=aff71a2d-89f3-4bc8-b768-2461c2911101, raftlog=aff71a2d-89f3-4bc8-b768-2461c2911101@group-DB1D162FA1C1-SegmentedRaftLog:OPENED:c-1,f-1,i0, conf=-1: [892b06a8-425f-4459-ba03-ed84a79f311f:192.168.164.231:33740, 358556f5-059f-4710-ae7d-5ccadbe23914:192.168.164.231:32908, aff71a2d-89f3-4bc8-b768-2461c2911101:192.168.164.231:35356], old=null
2019-09-25 17:14:57,697 [892b06a8-425f-4459-ba03-ed84a79f311f@group-DB1D162FA1C1:LeaderElection50] INFO  impl.RoleInfo (RoleInfo.java:shutdownLeaderElection(134)) - 892b06a8-425f-4459-ba03-ed84a79f311f: shutdown LeaderElection
2019-09-25 17:14:57,699 [892b06a8-425f-4459-ba03-ed84a79f311f@group-DB1D162FA1C1:LeaderElection50] INFO  impl.RaftServerImpl (RaftServerImpl.java:setRole(174)) - 892b06a8-425f-4459-ba03-ed84a79f311f@group-DB1D162FA1C1: changes role from CANDIDATE to LEADER at term 5 for changeToLeader
2019-09-25 17:14:57,699 [892b06a8-425f-4459-ba03-ed84a79f311f@group-DB1D162FA1C1:LeaderElection50] INFO  impl.RaftServerImpl (ServerState.java:setLeader(253)) - 892b06a8-425f-4459-ba03-ed84a79f311f@group-DB1D162FA1C1: change Leader from null to 892b06a8-425f-4459-ba03-ed84a79f311f at term 5 for becomeLeader, leader elected after 18026ms
2019-09-25 17:14:57,699 [aff71a2d-89f3-4bc8-b768-2461c2911101@group-DB1D162FA1C1:LeaderElection51] INFO  impl.RaftServerImpl (RaftServerImpl.java:setRole(174)) - aff71a2d-89f3-4bc8-b768-2461c2911101@group-DB1D162FA1C1: changes role from CANDIDATE to FOLLOWER at term 5 for DISCOVERED_A_NEW_TERM
2019-09-25 17:14:57,701 [892b06a8-425f-4459-ba03-ed84a79f311f@group-DB1D162FA1C1:LeaderElection50] INFO  server.RaftServerConfigKeys (ConfUtils.java:logGet(43)) - raft.server.staging.catchup.gap = 1000 (default)
2019-09-25 17:14:57,701 [aff71a2d-89f3-4bc8-b768-2461c2911101@group-DB1D162FA1C1:LeaderElection51] INFO  impl.RoleInfo (RoleInfo.java:shutdownLeaderElection(134)) - aff71a2d-89f3-4bc8-b768-2461c2911101: shutdown LeaderElection
2019-09-25 17:14:57,701 [892b06a8-425f-4459-ba03-ed84a79f311f@group-DB1D162FA1C1:LeaderElection50] INFO  server.RaftServerConfigKeys (ConfUtils.java:logGet(43)) - raft.server.rpc.sleep.time = 25ms (default)
2019-09-25 17:14:57,701 [aff71a2d-89f3-4bc8-b768-2461c2911101@group-DB1D162FA1C1:LeaderElection51] INFO  impl.RoleInfo (RoleInfo.java:updateAndGet(143)) - aff71a2d-89f3-4bc8-b768-2461c2911101: start FollowerState
2019-09-25 17:14:57,701 [892b06a8-425f-4459-ba03-ed84a79f311f@group-DB1D162FA1C1:LeaderElection50] INFO  server.RaftServerConfigKeys (ConfUtils.java:logGet(43)) - raft.server.write.element-limit = 4096 (default)
2019-09-25 17:14:57,701 [892b06a8-425f-4459-ba03-ed84a79f311f@group-DB1D162FA1C1:LeaderElection50] INFO  server.RaftServerConfigKeys (ConfUtils.java:logGet(43)) - raft.server.watch.timeout = 10s (default)
2019-09-25 17:14:57,702 [892b06a8-425f-4459-ba03-ed84a79f311f@group-DB1D162FA1C1:LeaderElection50] INFO  server.RaftServerConfigKeys (ConfUtils.java:logGet(43)) - raft.server.watch.timeout.denomination = 1s (default)
2019-09-25 17:14:57,702 [892b06a8-425f-4459-ba03-ed84a79f311f@group-DB1D162FA1C1:LeaderElection50] INFO  server.RaftServerConfigKeys (ConfUtils.java:logGet(43)) - raft.server.watch.element-limit = 65536 (default)
2019-09-25 17:14:57,704 [892b06a8-425f-4459-ba03-ed84a79f311f@group-DB1D162FA1C1:LeaderElection50] INFO  server.RaftServerConfigKeys (ConfUtils.java:logGet(43)) - raft.server.log.appender.snapshot.chunk.size.max = 16MB (=16777216) (default)
2019-09-25 17:14:57,704 [892b06a8-425f-4459-ba03-ed84a79f311f@group-DB1D162FA1C1:LeaderElection50] INFO  server.RaftServerConfigKeys (ConfUtils.java:logGet(43)) - raft.server.log.appender.buffer.byte-limit = 33554432 (custom)
2019-09-25 17:14:57,705 [892b06a8-425f-4459-ba03-ed84a79f311f@group-DB1D162FA1C1:LeaderElection50] INFO  server.RaftServerConfigKeys (ConfUtils.java:logGet(43)) - raft.server.log.appender.buffer.element-limit = 1 (custom)
2019-09-25 17:14:57,705 [892b06a8-425f-4459-ba03-ed84a79f311f@group-DB1D162FA1C1:LeaderElection50] INFO  grpc.GrpcConfigKeys$Server (ConfUtils.java:logGet(43)) - raft.grpc.server.leader.outstanding.appends.max = 128 (default)
2019-09-25 17:14:57,705 [892b06a8-425f-4459-ba03-ed84a79f311f@group-DB1D162FA1C1:LeaderElection50] INFO  server.RaftServerConfigKeys (ConfUtils.java:logGet(43)) - raft.server.rpc.request.timeout = 3000ms (default)
2019-09-25 17:14:57,705 [892b06a8-425f-4459-ba03-ed84a79f311f@group-DB1D162FA1C1:LeaderElection50] INFO  server.RaftServerConfigKeys (ConfUtils.java:logGet(43)) - raft.server.log.appender.install.snapshot.enabled = false (custom)
2019-09-25 17:14:57,705 [892b06a8-425f-4459-ba03-ed84a79f311f@group-DB1D162FA1C1:LeaderElection50] INFO  server.RaftServerConfigKeys (ConfUtils.java:logGet(43)) - raft.server.log.appender.snapshot.chunk.size.max = 16MB (=16777216) (default)
2019-09-25 17:14:57,705 [892b06a8-425f-4459-ba03-ed84a79f311f@group-DB1D162FA1C1:LeaderElection50] INFO  server.RaftServerConfigKeys (ConfUtils.java:logGet(43)) - raft.server.log.appender.buffer.byte-limit = 33554432 (custom)
2019-09-25 17:14:57,705 [892b06a8-425f-4459-ba03-ed84a79f311f@group-DB1D162FA1C1:LeaderElection50] INFO  server.RaftServerConfigKeys (ConfUtils.java:logGet(43)) - raft.server.log.appender.buffer.element-limit = 1 (custom)
2019-09-25 17:14:57,706 [892b06a8-425f-4459-ba03-ed84a79f311f@group-DB1D162FA1C1:LeaderElection50] INFO  grpc.GrpcConfigKeys$Server (ConfUtils.java:logGet(43)) - raft.grpc.server.leader.outstanding.appends.max = 128 (default)
2019-09-25 17:14:57,706 [892b06a8-425f-4459-ba03-ed84a79f311f@group-DB1D162FA1C1:LeaderElection50] INFO  server.RaftServerConfigKeys (ConfUtils.java:logGet(43)) - raft.server.rpc.request.timeout = 3000ms (default)
2019-09-25 17:14:57,706 [892b06a8-425f-4459-ba03-ed84a79f311f@group-DB1D162FA1C1:LeaderElection50] INFO  server.RaftServerConfigKeys (ConfUtils.java:logGet(43)) - raft.server.log.appender.install.snapshot.enabled = false (custom)
2019-09-25 17:14:57,706 [892b06a8-425f-4459-ba03-ed84a79f311f@group-DB1D162FA1C1:LeaderElection50] INFO  impl.RoleInfo (RoleInfo.java:updateAndGet(143)) - 892b06a8-425f-4459-ba03-ed84a79f311f: start LeaderState
2019-09-25 17:14:57,706 [892b06a8-425f-4459-ba03-ed84a79f311f@group-DB1D162FA1C1:LeaderElection50] INFO  segmented.SegmentedRaftLogWorker (SegmentedRaftLogWorker.java:startLogSegment(380)) - 892b06a8-425f-4459-ba03-ed84a79f311f@group-DB1D162FA1C1-SegmentedRaftLogWorker: Starting segment from index:0
2019-09-25 17:14:57,707 [892b06a8-425f-4459-ba03-ed84a79f311f@group-DB1D162FA1C1:LeaderElection50] INFO  impl.RaftServerImpl (ServerState.java:setRaftConf(354)) - 892b06a8-425f-4459-ba03-ed84a79f311f@group-DB1D162FA1C1: set configuration 0: [892b06a8-425f-4459-ba03-ed84a79f311f:192.168.164.231:33740, 358556f5-059f-4710-ae7d-5ccadbe23914:192.168.164.231:32908, aff71a2d-89f3-4bc8-b768-2461c2911101:192.168.164.231:35356], old=null at 0
2019-09-25 17:14:57,709 [grpc-default-executor-10] INFO  impl.RaftServerImpl (ServerState.java:setLeader(253)) - aff71a2d-89f3-4bc8-b768-2461c2911101@group-DB1D162FA1C1: change Leader from null to 892b06a8-425f-4459-ba03-ed84a79f311f at term 5 for appendEntries, leader elected after 18036ms
2019-09-25 17:14:57,709 [grpc-default-executor-12] INFO  impl.RaftServerImpl (ServerState.java:setLeader(253)) - 358556f5-059f-4710-ae7d-5ccadbe23914@group-DB1D162FA1C1: change Leader from null to 892b06a8-425f-4459-ba03-ed84a79f311f at term 5 for appendEntries, leader elected after 18036ms
2019-09-25 17:14:57,710 [grpc-default-executor-10] INFO  impl.RaftServerImpl (ServerState.java:setRaftConf(354)) - aff71a2d-89f3-4bc8-b768-2461c2911101@group-DB1D162FA1C1: set configuration 0: [892b06a8-425f-4459-ba03-ed84a79f311f:192.168.164.231:33740, 358556f5-059f-4710-ae7d-5ccadbe23914:192.168.164.231:32908, aff71a2d-89f3-4bc8-b768-2461c2911101:192.168.164.231:35356], old=null at 0
2019-09-25 17:14:57,711 [grpc-default-executor-10] INFO  segmented.SegmentedRaftLogWorker (SegmentedRaftLogWorker.java:startLogSegment(380)) - aff71a2d-89f3-4bc8-b768-2461c2911101@group-DB1D162FA1C1-SegmentedRaftLogWorker: Starting segment from index:0
2019-09-25 17:14:57,711 [grpc-default-executor-12] INFO  impl.RaftServerImpl (ServerState.java:setRaftConf(354)) - 358556f5-059f-4710-ae7d-5ccadbe23914@group-DB1D162FA1C1: set configuration 0: [892b06a8-425f-4459-ba03-ed84a79f311f:192.168.164.231:33740, 358556f5-059f-4710-ae7d-5ccadbe23914:192.168.164.231:32908, aff71a2d-89f3-4bc8-b768-2461c2911101:192.168.164.231:35356], old=null at 0
2019-09-25 17:14:57,711 [grpc-default-executor-12] INFO  segmented.SegmentedRaftLogWorker (SegmentedRaftLogWorker.java:startLogSegment(380)) - 358556f5-059f-4710-ae7d-5ccadbe23914@group-DB1D162FA1C1-SegmentedRaftLogWorker: Starting segment from index:0
2019-09-25 17:15:00,726 [java.util.concurrent.ThreadPoolExecutor$Worker@555c1304[State = -1, empty queue]] WARN  server.GrpcLogAppender (GrpcLogAppender.java:timeoutAppendRequest(200)) - 892b06a8-425f-4459-ba03-ed84a79f311f@group-DB1D162FA1C1->358556f5-059f-4710-ae7d-5ccadbe23914-GrpcLogAppender: appendEntries Timeout, request=892b06a8-425f-4459-ba03-ed84a79f311f->358556f5-059f-4710-ae7d-5ccadbe23914#1-t5, previous=(t:0, i:0), leaderCommit=-1, initializing? false, entries: size=1, first=(t:5, i:0), CONFIGURATIONENTRY
2019-09-25 17:15:00,726 [java.util.concurrent.ThreadPoolExecutor$Worker@f13f4a9[State = -1, empty queue]] WARN  server.GrpcLogAppender (GrpcLogAppender.java:timeoutAppendRequest(200)) - 892b06a8-425f-4459-ba03-ed84a79f311f@group-DB1D162FA1C1->aff71a2d-89f3-4bc8-b768-2461c2911101-GrpcLogAppender: appendEntries Timeout, request=892b06a8-425f-4459-ba03-ed84a79f311f->aff71a2d-89f3-4bc8-b768-2461c2911101#1-t5, previous=(t:0, i:0), leaderCommit=-1, initializing? false, entries: size=1, first=(t:5, i:0), CONFIGURATIONENTRY
2019-09-25 17:15:01,211 [java.util.concurrent.ThreadPoolExecutor$Worker@f13f4a9[State = -1, empty queue]] WARN  server.GrpcLogAppender (GrpcLogAppender.java:timeoutAppendRequest(200)) - 892b06a8-425f-4459-ba03-ed84a79f311f@group-DB1D162FA1C1->aff71a2d-89f3-4bc8-b768-2461c2911101-GrpcLogAppender: appendEntries Timeout, request=892b06a8-425f-4459-ba03-ed84a79f311f->aff71a2d-89f3-4bc8-b768-2461c2911101#2-t5, previous=(t:5, i:0), leaderCommit=-1, initializing? false, entries: <empty>
2019-09-25 17:15:01,211 [java.util.concurrent.ThreadPoolExecutor$Worker@555c1304[State = -1, empty queue]] WARN  server.GrpcLogAppender (GrpcLogAppender.java:timeoutAppendRequest(200)) - 892b06a8-425f-4459-ba03-ed84a79f311f@group-DB1D162FA1C1->358556f5-059f-4710-ae7d-5ccadbe23914-GrpcLogAppender: appendEntries Timeout, request=892b06a8-425f-4459-ba03-ed84a79f311f->358556f5-059f-4710-ae7d-5ccadbe23914#2-t5, previous=(t:5, i:0), leaderCommit=-1, initializing? false, entries: <empty>
2019-09-25 17:15:01,711 [java.util.concurrent.ThreadPoolExecutor$Worker@f13f4a9[State = -1, empty queue]] WARN  server.GrpcLogAppender (GrpcLogAppender.java:timeoutAppendRequest(200)) - 892b06a8-425f-4459-ba03-ed84a79f311f@group-DB1D162FA1C1->aff71a2d-89f3-4bc8-b768-2461c2911101-GrpcLogAppender: appendEntries Timeout, request=892b06a8-425f-4459-ba03-ed84a79f311f->aff71a2d-89f3-4bc8-b768-2461c2911101#3-t5, previous=(t:5, i:0), leaderCommit=-1, initializing? false, entries: <empty>
2019-09-25 17:15:01,711 [java.util.concurrent.ThreadPoolExecutor$Worker@555c1304[State = -1, empty queue]] WARN  server.GrpcLogAppender (GrpcLogAppender.java:timeoutAppendRequest(200)) - 892b06a8-425f-4459-ba03-ed84a79f311f@group-DB1D162FA1C1->358556f5-059f-4710-ae7d-5ccadbe23914-GrpcLogAppender: appendEntries Timeout, request=892b06a8-425f-4459-ba03-ed84a79f311f->358556f5-059f-4710-ae7d-5ccadbe23914#3-t5, previous=(t:5, i:0), leaderCommit=-1, initializing? false, entries: <empty>
2019-09-25 17:15:02,211 [java.util.concurrent.ThreadPoolExecutor$Worker@f13f4a9[State = -1, empty queue]] WARN  server.GrpcLogAppender (GrpcLogAppender.java:timeoutAppendRequest(200)) - 892b06a8-425f-4459-ba03-ed84a79f311f@group-DB1D162FA1C1->aff71a2d-89f3-4bc8-b768-2461c2911101-GrpcLogAppender: appendEntries Timeout, request=892b06a8-425f-4459-ba03-ed84a79f311f->aff71a2d-89f3-4bc8-b768-2461c2911101#4-t5, previous=(t:5, i:0), leaderCommit=-1, initializing? false, entries: <empty>
2019-09-25 17:15:02,211 [java.util.concurrent.ThreadPoolExecutor$Worker@555c1304[State = -1, empty queue]] WARN  server.GrpcLogAppender (GrpcLogAppender.java:timeoutAppendRequest(200)) - 892b06a8-425f-4459-ba03-ed84a79f311f@group-DB1D162FA1C1->358556f5-059f-4710-ae7d-5ccadbe23914-GrpcLogAppender: appendEntries Timeout, request=892b06a8-425f-4459-ba03-ed84a79f311f->358556f5-059f-4710-ae7d-5ccadbe23914#4-t5, previous=(t:5, i:0), leaderCommit=-1, initializing? false, entries: <empty>
2019-09-25 17:15:02,715 [java.util.concurrent.ThreadPoolExecutor$Worker@555c1304[State = -1, empty queue]] WARN  server.GrpcLogAppender (GrpcLogAppender.java:timeoutAppendRequest(200)) - 892b06a8-425f-4459-ba03-ed84a79f311f@group-DB1D162FA1C1->358556f5-059f-4710-ae7d-5ccadbe23914-GrpcLogAppender: appendEntries Timeout, request=892b06a8-425f-4459-ba03-ed84a79f311f->358556f5-059f-4710-ae7d-5ccadbe23914#5-t5, previous=(t:5, i:0), leaderCommit=-1, initializing? false, entries: <empty>
2019-09-25 17:15:02,715 [java.util.concurrent.ThreadPoolExecutor$Worker@f13f4a9[State = -1, empty queue]] WARN  server.GrpcLogAppender (GrpcLogAppender.java:timeoutAppendRequest(200)) - 892b06a8-425f-4459-ba03-ed84a79f311f@group-DB1D162FA1C1->aff71a2d-89f3-4bc8-b768-2461c2911101-GrpcLogAppender: appendEntries Timeout, request=892b06a8-425f-4459-ba03-ed84a79f311f->aff71a2d-89f3-4bc8-b768-2461c2911101#5-t5, previous=(t:5, i:0), leaderCommit=-1, initializing? false, entries: <empty>
2019-09-25 17:15:02,872 [358556f5-059f-4710-ae7d-5ccadbe23914@group-DB1D162FA1C1-SegmentedRaftLogWorker] INFO  segmented.SegmentedRaftLogWorker (SegmentedRaftLogWorker.java:execute(569)) - 358556f5-059f-4710-ae7d-5ccadbe23914@group-DB1D162FA1C1-SegmentedRaftLogWorker: created new log segment /workdir/hadoop-ozone/integration-test/target/test-dir/MiniOzoneClusterImpl-ad082b7a-54ff-493a-8801-3708d76457e8/datanode-1/data/ratis/f09757d8-4fe7-4883-8e97-db1d162fa1c1/current/log_inprogress_0
2019-09-25 17:15:02,872 [892b06a8-425f-4459-ba03-ed84a79f311f@group-DB1D162FA1C1-SegmentedRaftLogWorker] INFO  segmented.SegmentedRaftLogWorker (SegmentedRaftLogWorker.java:execute(569)) - 892b06a8-425f-4459-ba03-ed84a79f311f@group-DB1D162FA1C1-SegmentedRaftLogWorker: created new log segment /workdir/hadoop-ozone/integration-test/target/test-dir/MiniOzoneClusterImpl-ad082b7a-54ff-493a-8801-3708d76457e8/datanode-0/data/ratis/f09757d8-4fe7-4883-8e97-db1d162fa1c1/current/log_inprogress_0
2019-09-25 17:15:02,872 [aff71a2d-89f3-4bc8-b768-2461c2911101@group-DB1D162FA1C1-SegmentedRaftLogWorker] INFO  segmented.SegmentedRaftLogWorker (SegmentedRaftLogWorker.java:execute(569)) - aff71a2d-89f3-4bc8-b768-2461c2911101@group-DB1D162FA1C1-SegmentedRaftLogWorker: created new log segment /workdir/hadoop-ozone/integration-test/target/test-dir/MiniOzoneClusterImpl-ad082b7a-54ff-493a-8801-3708d76457e8/datanode-2/data/ratis/f09757d8-4fe7-4883-8e97-db1d162fa1c1/current/log_inprogress_0
2019-09-25 17:15:02,896 [grpc-default-executor-12] WARN  server.GrpcLogAppender (GrpcLogAppender.java:onNextImpl(251)) - 892b06a8-425f-4459-ba03-ed84a79f311f@group-DB1D162FA1C1->358556f5-059f-4710-ae7d-5ccadbe23914-AppendLogResponseHandler: Request not found, ignoring reply: 892b06a8-425f-4459-ba03-ed84a79f311f<-358556f5-059f-4710-ae7d-5ccadbe23914#1:OK,SUCCESS,nextIndex:1,term:5,followerCommit:-1
2019-09-25 17:15:02,896 [grpc-default-executor-12] WARN  server.GrpcLogAppender (GrpcLogAppender.java:onNextImpl(251)) - 892b06a8-425f-4459-ba03-ed84a79f311f@group-DB1D162FA1C1->aff71a2d-89f3-4bc8-b768-2461c2911101-AppendLogResponseHandler: Request not found, ignoring reply: 892b06a8-425f-4459-ba03-ed84a79f311f<-aff71a2d-89f3-4bc8-b768-2461c2911101#1:OK,SUCCESS,nextIndex:1,term:5,followerCommit:-1
2019-09-25 17:15:02,896 [grpc-default-executor-10] WARN  server.GrpcLogAppender (GrpcLogAppender.java:onNextImpl(251)) - 892b06a8-425f-4459-ba03-ed84a79f311f@group-DB1D162FA1C1->358556f5-059f-4710-ae7d-5ccadbe23914-AppendLogResponseHandler: Request not found, ignoring reply: 892b06a8-425f-4459-ba03-ed84a79f311f<-358556f5-059f-4710-ae7d-5ccadbe23914#2:OK,SUCCESS,nextIndex:1,term:5,followerCommit:-1
2019-09-25 17:15:02,897 [grpc-default-executor-12] WARN  server.GrpcLogAppender (GrpcLogAppender.java:onNextImpl(251)) - 892b06a8-425f-4459-ba03-ed84a79f311f@group-DB1D162FA1C1->aff71a2d-89f3-4bc8-b768-2461c2911101-AppendLogResponseHandler: Request not found, ignoring reply: 892b06a8-425f-4459-ba03-ed84a79f311f<-aff71a2d-89f3-4bc8-b768-2461c2911101#2:OK,SUCCESS,nextIndex:1,term:5,followerCommit:-1
2019-09-25 17:15:02,897 [grpc-default-executor-10] WARN  server.GrpcLogAppender (GrpcLogAppender.java:onNextImpl(251)) - 892b06a8-425f-4459-ba03-ed84a79f311f@group-DB1D162FA1C1->358556f5-059f-4710-ae7d-5ccadbe23914-AppendLogResponseHandler: Request not found, ignoring reply: 892b06a8-425f-4459-ba03-ed84a79f311f<-358556f5-059f-4710-ae7d-5ccadbe23914#3:OK,SUCCESS,nextIndex:1,term:5,followerCommit:-1
2019-09-25 17:15:02,897 [grpc-default-executor-12] WARN  server.GrpcLogAppender (GrpcLogAppender.java:onNextImpl(251)) - 892b06a8-425f-4459-ba03-ed84a79f311f@group-DB1D162FA1C1->aff71a2d-89f3-4bc8-b768-2461c2911101-AppendLogResponseHandler: Request not found, ignoring reply: 892b06a8-425f-4459-ba03-ed84a79f311f<-aff71a2d-89f3-4bc8-b768-2461c2911101#3:OK,SUCCESS,nextIndex:1,term:5,followerCommit:-1
2019-09-25 17:15:02,897 [grpc-default-executor-10] WARN  server.GrpcLogAppender (GrpcLogAppender.java:onNextImpl(251)) - 892b06a8-425f-4459-ba03-ed84a79f311f@group-DB1D162FA1C1->358556f5-059f-4710-ae7d-5ccadbe23914-AppendLogResponseHandler: Request not found, ignoring reply: 892b06a8-425f-4459-ba03-ed84a79f311f<-358556f5-059f-4710-ae7d-5ccadbe23914#4:OK,SUCCESS,nextIndex:1,term:5,followerCommit:-1
2019-09-25 17:15:02,897 [grpc-default-executor-12] WARN  server.GrpcLogAppender (GrpcLogAppender.java:onNextImpl(251)) - 892b06a8-425f-4459-ba03-ed84a79f311f@group-DB1D162FA1C1->aff71a2d-89f3-4bc8-b768-2461c2911101-AppendLogResponseHandler: Request not found, ignoring reply: 892b06a8-425f-4459-ba03-ed84a79f311f<-aff71a2d-89f3-4bc8-b768-2461c2911101#4:OK,SUCCESS,nextIndex:1,term:5,followerCommit:-1
2019-09-25 17:15:02,897 [grpc-default-executor-10] WARN  server.GrpcLogAppender (GrpcLogAppender.java:onNextImpl(251)) - 892b06a8-425f-4459-ba03-ed84a79f311f@group-DB1D162FA1C1->358556f5-059f-4710-ae7d-5ccadbe23914-AppendLogResponseHandler: Request not found, ignoring reply: 892b06a8-425f-4459-ba03-ed84a79f311f<-358556f5-059f-4710-ae7d-5ccadbe23914#5:OK,SUCCESS,nextIndex:1,term:5,followerCommit:-1
2019-09-25 17:15:02,898 [grpc-default-executor-12] WARN  server.GrpcLogAppender (GrpcLogAppender.java:onNextImpl(251)) - 892b06a8-425f-4459-ba03-ed84a79f311f@group-DB1D162FA1C1->aff71a2d-89f3-4bc8-b768-2461c2911101-AppendLogResponseHandler: Request not found, ignoring reply: 892b06a8-425f-4459-ba03-ed84a79f311f<-aff71a2d-89f3-4bc8-b768-2461c2911101#5:OK,SUCCESS,nextIndex:1,term:5,followerCommit:-1
2019-09-25 17:15:04,622 [Datanode State Machine Thread - 0] INFO  statemachine.DatanodeStateMachine (DatanodeStateMachine.java:lambda$startDaemon$0(350)) - Ozone container server started.
2019-09-25 17:15:07,454 [java.util.concurrent.ThreadPoolExecutor$Worker@4d38dddf[State = -1, empty queue]] WARN  server.GrpcLogAppender (GrpcLogAppender.java:timeoutAppendRequest(200)) - aac5cd58-9b02-4776-bc0c-2ffd417f3e9d@group-5380CF8AFA8F->8591884e-632d-462e-b660-b3f7453a56d0-GrpcLogAppender: appendEntries Timeout, request=aac5cd58-9b02-4776-bc0c-2ffd417f3e9d->8591884e-632d-462e-b660-b3f7453a56d0#59-t1, previous=(t:1, i:14), leaderCommit=14, initializing? false, entries: size=1, first=(t:1, i:15), STATEMACHINELOGENTRY, client-812F470FCDC8, cid=103
2019-09-25 17:15:07,454 [java.util.concurrent.ThreadPoolExecutor$Worker@7f903a69[State = -1, empty queue]] WARN  server.GrpcLogAppender (GrpcLogAppender.java:timeoutAppendRequest(200)) - aac5cd58-9b02-4776-bc0c-2ffd417f3e9d@group-5380CF8AFA8F->c3297815-3aa8-40d9-890f-fc612b5cc05d-GrpcLogAppender: appendEntries Timeout, request=aac5cd58-9b02-4776-bc0c-2ffd417f3e9d->c3297815-3aa8-40d9-890f-fc612b5cc05d#59-t1, previous=(t:1, i:14), leaderCommit=14, initializing? false, entries: size=1, first=(t:1, i:15), STATEMACHINELOGENTRY, client-812F470FCDC8, cid=103
2019-09-25 17:15:07,954 [java.util.concurrent.ThreadPoolExecutor$Worker@4d38dddf[State = -1, empty queue]] WARN  server.GrpcLogAppender (GrpcLogAppender.java:timeoutAppendRequest(200)) - aac5cd58-9b02-4776-bc0c-2ffd417f3e9d@group-5380CF8AFA8F->8591884e-632d-462e-b660-b3f7453a56d0-GrpcLogAppender: appendEntries Timeout, request=aac5cd58-9b02-4776-bc0c-2ffd417f3e9d->8591884e-632d-462e-b660-b3f7453a56d0#60-t1, previous=(t:1, i:15), leaderCommit=14, initializing? false, entries: <empty>
2019-09-25 17:15:07,954 [java.util.concurrent.ThreadPoolExecutor$Worker@7f903a69[State = -1, empty queue]] WARN  server.GrpcLogAppender (GrpcLogAppender.java:timeoutAppendRequest(200)) - aac5cd58-9b02-4776-bc0c-2ffd417f3e9d@group-5380CF8AFA8F->c3297815-3aa8-40d9-890f-fc612b5cc05d-GrpcLogAppender: appendEntries Timeout, request=aac5cd58-9b02-4776-bc0c-2ffd417f3e9d->c3297815-3aa8-40d9-890f-fc612b5cc05d#60-t1, previous=(t:1, i:15), leaderCommit=14, initializing? false, entries: <empty>
2019-09-25 17:15:08,454 [java.util.concurrent.ThreadPoolExecutor$Worker@7f903a69[State = -1, empty queue]] WARN  server.GrpcLogAppender (GrpcLogAppender.java:timeoutAppendRequest(200)) - aac5cd58-9b02-4776-bc0c-2ffd417f3e9d@group-5380CF8AFA8F->c3297815-3aa8-40d9-890f-fc612b5cc05d-GrpcLogAppender: appendEntries Timeout, request=aac5cd58-9b02-4776-bc0c-2ffd417f3e9d->c3297815-3aa8-40d9-890f-fc612b5cc05d#61-t1, previous=(t:1, i:15), leaderCommit=14, initializing? false, entries: <empty>
2019-09-25 17:15:08,454 [java.util.concurrent.ThreadPoolExecutor$Worker@4d38dddf[State = -1, empty queue]] WARN  server.GrpcLogAppender (GrpcLogAppender.java:timeoutAppendRequest(200)) - aac5cd58-9b02-4776-bc0c-2ffd417f3e9d@group-5380CF8AFA8F->8591884e-632d-462e-b660-b3f7453a56d0-GrpcLogAppender: appendEntries Timeout, request=aac5cd58-9b02-4776-bc0c-2ffd417f3e9d->8591884e-632d-462e-b660-b3f7453a56d0#61-t1, previous=(t:1, i:15), leaderCommit=14, initializing? false, entries: <empty>
2019-09-25 17:15:08,954 [java.util.concurrent.ThreadPoolExecutor$Worker@4d38dddf[State = -1, empty queue]] WARN  server.GrpcLogAppender (GrpcLogAppender.java:timeoutAppendRequest(200)) - aac5cd58-9b02-4776-bc0c-2ffd417f3e9d@group-5380CF8AFA8F->8591884e-632d-462e-b660-b3f7453a56d0-GrpcLogAppender: appendEntries Timeout, request=aac5cd58-9b02-4776-bc0c-2ffd417f3e9d->8591884e-632d-462e-b660-b3f7453a56d0#62-t1, previous=(t:1, i:15), leaderCommit=14, initializing? false, entries: <empty>
2019-09-25 17:15:08,954 [java.util.concurrent.ThreadPoolExecutor$Worker@7f903a69[State = -1, empty queue]] WARN  server.GrpcLogAppender (GrpcLogAppender.java:timeoutAppendRequest(200)) - aac5cd58-9b02-4776-bc0c-2ffd417f3e9d@group-5380CF8AFA8F->c3297815-3aa8-40d9-890f-fc612b5cc05d-GrpcLogAppender: appendEntries Timeout, request=aac5cd58-9b02-4776-bc0c-2ffd417f3e9d->c3297815-3aa8-40d9-890f-fc612b5cc05d#62-t1, previous=(t:1, i:15), leaderCommit=14, initializing? false, entries: <empty>
2019-09-25 17:15:09,435 [main] INFO  ozoneimpl.OzoneContainer (OzoneContainer.java:stop(231)) - Attempting to stop container services.
2019-09-25 17:15:09,437 [main] INFO  impl.RaftServerProxy (RaftServerProxy.java:lambda$close$4(314)) - 8591884e-632d-462e-b660-b3f7453a56d0: close
2019-09-25 17:15:09,438 [main] INFO  impl.RaftServerImpl (RaftServerImpl.java:lambda$shutdown$3(251)) - 8591884e-632d-462e-b660-b3f7453a56d0@group-5380CF8AFA8F: shutdown
2019-09-25 17:15:09,438 [main] INFO  util.JmxRegister (JmxRegister.java:unregister(73)) - Successfully un-registered JMX Bean with object name Ratis:service=RaftServer,group=group-5380CF8AFA8F,id=8591884e-632d-462e-b660-b3f7453a56d0
2019-09-25 17:15:09,438 [main] INFO  impl.RoleInfo (RoleInfo.java:shutdownFollowerState(121)) - 8591884e-632d-462e-b660-b3f7453a56d0: shutdown FollowerState
2019-09-25 17:15:09,439 [main] INFO  impl.StateMachineUpdater (StateMachineUpdater.java:stopAndJoin(125)) - 8591884e-632d-462e-b660-b3f7453a56d0@group-5380CF8AFA8F-StateMachineUpdater: set stopIndex = 14
2019-09-25 17:15:09,439 [Thread-2058] INFO  impl.FollowerState (FollowerState.java:run(115)) - 8591884e-632d-462e-b660-b3f7453a56d0: FollowerState was interrupted: java.lang.InterruptedException: sleep interrupted
2019-09-25 17:15:09,440 [8591884e-632d-462e-b660-b3f7453a56d0@group-5380CF8AFA8F-StateMachineUpdater] INFO  ratis.ContainerStateMachine (ContainerStateMachine.java:takeSnapshot(289)) - group-5380CF8AFA8F: Taking a snapshot at:(t:1, i:14) file /workdir/hadoop-ozone/integration-test/target/test-dir/MiniOzoneClusterImpl-ad082b7a-54ff-493a-8801-3708d76457e8/datanode-4/data/ratis/0d1c830a-7918-473d-beff-5380cf8afa8f/sm/snapshot.1_14
2019-09-25 17:15:09,454 [java.util.concurrent.ThreadPoolExecutor$Worker@4d38dddf[State = -1, empty queue]] WARN  server.GrpcLogAppender (GrpcLogAppender.java:timeoutAppendRequest(200)) - aac5cd58-9b02-4776-bc0c-2ffd417f3e9d@group-5380CF8AFA8F->8591884e-632d-462e-b660-b3f7453a56d0-GrpcLogAppender: appendEntries Timeout, request=aac5cd58-9b02-4776-bc0c-2ffd417f3e9d->8591884e-632d-462e-b660-b3f7453a56d0#63-t1, previous=(t:1, i:15), leaderCommit=14, initializing? false, entries: <empty>
2019-09-25 17:15:09,454 [java.util.concurrent.ThreadPoolExecutor$Worker@7f903a69[State = -1, empty queue]] WARN  server.GrpcLogAppender (GrpcLogAppender.java:timeoutAppendRequest(200)) - aac5cd58-9b02-4776-bc0c-2ffd417f3e9d@group-5380CF8AFA8F->c3297815-3aa8-40d9-890f-fc612b5cc05d-GrpcLogAppender: appendEntries Timeout, request=aac5cd58-9b02-4776-bc0c-2ffd417f3e9d->c3297815-3aa8-40d9-890f-fc612b5cc05d#63-t1, previous=(t:1, i:15), leaderCommit=14, initializing? false, entries: <empty>
2019-09-25 17:15:09,954 [java.util.concurrent.ThreadPoolExecutor$Worker@4d38dddf[State = -1, empty queue]] WARN  server.GrpcLogAppender (GrpcLogAppender.java:timeoutAppendRequest(200)) - aac5cd58-9b02-4776-bc0c-2ffd417f3e9d@group-5380CF8AFA8F->8591884e-632d-462e-b660-b3f7453a56d0-GrpcLogAppender: appendEntries Timeout, request=aac5cd58-9b02-4776-bc0c-2ffd417f3e9d->8591884e-632d-462e-b660-b3f7453a56d0#64-t1, previous=(t:1, i:15), leaderCommit=14, initializing? false, entries: <empty>
2019-09-25 17:15:09,955 [java.util.concurrent.ThreadPoolExecutor$Worker@7f903a69[State = -1, empty queue]] WARN  server.GrpcLogAppender (GrpcLogAppender.java:timeoutAppendRequest(200)) - aac5cd58-9b02-4776-bc0c-2ffd417f3e9d@group-5380CF8AFA8F->c3297815-3aa8-40d9-890f-fc612b5cc05d-GrpcLogAppender: appendEntries Timeout, request=aac5cd58-9b02-4776-bc0c-2ffd417f3e9d->c3297815-3aa8-40d9-890f-fc612b5cc05d#64-t1, previous=(t:1, i:15), leaderCommit=14, initializing? false, entries: <empty>
2019-09-25 17:15:10,455 [java.util.concurrent.ThreadPoolExecutor$Worker@4d38dddf[State = -1, empty queue]] WARN  server.GrpcLogAppender (GrpcLogAppender.java:timeoutAppendRequest(200)) - aac5cd58-9b02-4776-bc0c-2ffd417f3e9d@group-5380CF8AFA8F->8591884e-632d-462e-b660-b3f7453a56d0-GrpcLogAppender: appendEntries Timeout, request=aac5cd58-9b02-4776-bc0c-2ffd417f3e9d->8591884e-632d-462e-b660-b3f7453a56d0#65-t1, previous=(t:1, i:15), leaderCommit=14, initializing? false, entries: <empty>
2019-09-25 17:15:10,455 [java.util.concurrent.ThreadPoolExecutor$Worker@7f903a69[State = -1, empty queue]] WARN  server.GrpcLogAppender (GrpcLogAppender.java:timeoutAppendRequest(200)) - aac5cd58-9b02-4776-bc0c-2ffd417f3e9d@group-5380CF8AFA8F->c3297815-3aa8-40d9-890f-fc612b5cc05d-GrpcLogAppender: appendEntries Timeout, request=aac5cd58-9b02-4776-bc0c-2ffd417f3e9d->c3297815-3aa8-40d9-890f-fc612b5cc05d#65-t1, previous=(t:1, i:15), leaderCommit=14, initializing? false, entries: <empty>
2019-09-25 17:15:10,957 [java.util.concurrent.ThreadPoolExecutor$Worker@7f903a69[State = -1, empty queue]] WARN  server.GrpcLogAppender (GrpcLogAppender.java:timeoutAppendRequest(200)) - aac5cd58-9b02-4776-bc0c-2ffd417f3e9d@group-5380CF8AFA8F->c3297815-3aa8-40d9-890f-fc612b5cc05d-GrpcLogAppender: appendEntries Timeout, request=aac5cd58-9b02-4776-bc0c-2ffd417f3e9d->c3297815-3aa8-40d9-890f-fc612b5cc05d#66-t1, previous=(t:1, i:15), leaderCommit=14, initializing? false, entries: <empty>
2019-09-25 17:15:10,958 [java.util.concurrent.ThreadPoolExecutor$Worker@4d38dddf[State = -1, empty queue]] WARN  server.GrpcLogAppender (GrpcLogAppender.java:timeoutAppendRequest(200)) - aac5cd58-9b02-4776-bc0c-2ffd417f3e9d@group-5380CF8AFA8F->8591884e-632d-462e-b660-b3f7453a56d0-GrpcLogAppender: appendEntries Timeout, request=aac5cd58-9b02-4776-bc0c-2ffd417f3e9d->8591884e-632d-462e-b660-b3f7453a56d0#66-t1, previous=(t:1, i:15), leaderCommit=14, initializing? false, entries: <empty>
2019-09-25 17:15:11,458 [java.util.concurrent.ThreadPoolExecutor$Worker@4d38dddf[State = -1, empty queue]] WARN  server.GrpcLogAppender (GrpcLogAppender.java:timeoutAppendRequest(200)) - aac5cd58-9b02-4776-bc0c-2ffd417f3e9d@group-5380CF8AFA8F->8591884e-632d-462e-b660-b3f7453a56d0-GrpcLogAppender: appendEntries Timeout, request=aac5cd58-9b02-4776-bc0c-2ffd417f3e9d->8591884e-632d-462e-b660-b3f7453a56d0#67-t1, previous=(t:1, i:15), leaderCommit=14, initializing? false, entries: <empty>
2019-09-25 17:15:11,458 [java.util.concurrent.ThreadPoolExecutor$Worker@7f903a69[State = -1, empty queue]] WARN  server.GrpcLogAppender (GrpcLogAppender.java:timeoutAppendRequest(200)) - aac5cd58-9b02-4776-bc0c-2ffd417f3e9d@group-5380CF8AFA8F->c3297815-3aa8-40d9-890f-fc612b5cc05d-GrpcLogAppender: appendEntries Timeout, request=aac5cd58-9b02-4776-bc0c-2ffd417f3e9d->c3297815-3aa8-40d9-890f-fc612b5cc05d#67-t1, previous=(t:1, i:15), leaderCommit=14, initializing? false, entries: <empty>
2019-09-25 17:15:11,958 [java.util.concurrent.ThreadPoolExecutor$Worker@7f903a69[State = -1, empty queue]] WARN  server.GrpcLogAppender (GrpcLogAppender.java:timeoutAppendRequest(200)) - aac5cd58-9b02-4776-bc0c-2ffd417f3e9d@group-5380CF8AFA8F->c3297815-3aa8-40d9-890f-fc612b5cc05d-GrpcLogAppender: appendEntries Timeout, request=aac5cd58-9b02-4776-bc0c-2ffd417f3e9d->c3297815-3aa8-40d9-890f-fc612b5cc05d#68-t1, previous=(t:1, i:15), leaderCommit=14, initializing? false, entries: <empty>
2019-09-25 17:15:11,958 [java.util.concurrent.ThreadPoolExecutor$Worker@4d38dddf[State = -1, empty queue]] WARN  server.GrpcLogAppender (GrpcLogAppender.java:timeoutAppendRequest(200)) - aac5cd58-9b02-4776-bc0c-2ffd417f3e9d@group-5380CF8AFA8F->8591884e-632d-462e-b660-b3f7453a56d0-GrpcLogAppender: appendEntries Timeout, request=aac5cd58-9b02-4776-bc0c-2ffd417f3e9d->8591884e-632d-462e-b660-b3f7453a56d0#68-t1, previous=(t:1, i:15), leaderCommit=14, initializing? false, entries: <empty>
2019-09-25 17:15:12,458 [java.util.concurrent.ThreadPoolExecutor$Worker@4d38dddf[State = -1, empty queue]] WARN  server.GrpcLogAppender (GrpcLogAppender.java:timeoutAppendRequest(200)) - aac5cd58-9b02-4776-bc0c-2ffd417f3e9d@group-5380CF8AFA8F->8591884e-632d-462e-b660-b3f7453a56d0-GrpcLogAppender: appendEntries Timeout, request=aac5cd58-9b02-4776-bc0c-2ffd417f3e9d->8591884e-632d-462e-b660-b3f7453a56d0#69-t1, previous=(t:1, i:15), leaderCommit=14, initializing? false, entries: <empty>
2019-09-25 17:15:12,458 [java.util.concurrent.ThreadPoolExecutor$Worker@7f903a69[State = -1, empty queue]] WARN  server.GrpcLogAppender (GrpcLogAppender.java:timeoutAppendRequest(200)) - aac5cd58-9b02-4776-bc0c-2ffd417f3e9d@group-5380CF8AFA8F->c3297815-3aa8-40d9-890f-fc612b5cc05d-GrpcLogAppender: appendEntries Timeout, request=aac5cd58-9b02-4776-bc0c-2ffd417f3e9d->c3297815-3aa8-40d9-890f-fc612b5cc05d#69-t1, previous=(t:1, i:15), leaderCommit=14, initializing? false, entries: <empty>
2019-09-25 17:15:12,958 [java.util.concurrent.ThreadPoolExecutor$Worker@7f903a69[State = -1, empty queue]] WARN  server.GrpcLogAppender (GrpcLogAppender.java:timeoutAppendRequest(200)) - aac5cd58-9b02-4776-bc0c-2ffd417f3e9d@group-5380CF8AFA8F->c3297815-3aa8-40d9-890f-fc612b5cc05d-GrpcLogAppender: appendEntries Timeout, request=aac5cd58-9b02-4776-bc0c-2ffd417f3e9d->c3297815-3aa8-40d9-890f-fc612b5cc05d#70-t1, previous=(t:1, i:15), leaderCommit=14, initializing? false, entries: <empty>
2019-09-25 17:15:12,958 [java.util.concurrent.ThreadPoolExecutor$Worker@4d38dddf[State = -1, empty queue]] WARN  server.GrpcLogAppender (GrpcLogAppender.java:timeoutAppendRequest(200)) - aac5cd58-9b02-4776-bc0c-2ffd417f3e9d@group-5380CF8AFA8F->8591884e-632d-462e-b660-b3f7453a56d0-GrpcLogAppender: appendEntries Timeout, request=aac5cd58-9b02-4776-bc0c-2ffd417f3e9d->8591884e-632d-462e-b660-b3f7453a56d0#70-t1, previous=(t:1, i:15), leaderCommit=14, initializing? false, entries: <empty>
2019-09-25 17:15:13,459 [java.util.concurrent.ThreadPoolExecutor$Worker@7f903a69[State = -1, empty queue]] WARN  server.GrpcLogAppender (GrpcLogAppender.java:timeoutAppendRequest(200)) - aac5cd58-9b02-4776-bc0c-2ffd417f3e9d@group-5380CF8AFA8F->c3297815-3aa8-40d9-890f-fc612b5cc05d-GrpcLogAppender: appendEntries Timeout, request=aac5cd58-9b02-4776-bc0c-2ffd417f3e9d->c3297815-3aa8-40d9-890f-fc612b5cc05d#71-t1, previous=(t:1, i:15), leaderCommit=14, initializing? false, entries: <empty>
2019-09-25 17:15:13,459 [java.util.concurrent.ThreadPoolExecutor$Worker@4d38dddf[State = -1, empty queue]] WARN  server.GrpcLogAppender (GrpcLogAppender.java:timeoutAppendRequest(200)) - aac5cd58-9b02-4776-bc0c-2ffd417f3e9d@group-5380CF8AFA8F->8591884e-632d-462e-b660-b3f7453a56d0-GrpcLogAppender: appendEntries Timeout, request=aac5cd58-9b02-4776-bc0c-2ffd417f3e9d->8591884e-632d-462e-b660-b3f7453a56d0#71-t1, previous=(t:1, i:15), leaderCommit=14, initializing? false, entries: <empty>
2019-09-25 17:15:13,959 [java.util.concurrent.ThreadPoolExecutor$Worker@7f903a69[State = -1, empty queue]] WARN  server.GrpcLogAppender (GrpcLogAppender.java:timeoutAppendRequest(200)) - aac5cd58-9b02-4776-bc0c-2ffd417f3e9d@group-5380CF8AFA8F->c3297815-3aa8-40d9-890f-fc612b5cc05d-GrpcLogAppender: appendEntries Timeout, request=aac5cd58-9b02-4776-bc0c-2ffd417f3e9d->c3297815-3aa8-40d9-890f-fc612b5cc05d#72-t1, previous=(t:1, i:15), leaderCommit=14, initializing? false, entries: <empty>
2019-09-25 17:15:13,959 [java.util.concurrent.ThreadPoolExecutor$Worker@4d38dddf[State = -1, empty queue]] WARN  server.GrpcLogAppender (GrpcLogAppender.java:timeoutAppendRequest(200)) - aac5cd58-9b02-4776-bc0c-2ffd417f3e9d@group-5380CF8AFA8F->8591884e-632d-462e-b660-b3f7453a56d0-GrpcLogAppender: appendEntries Timeout, request=aac5cd58-9b02-4776-bc0c-2ffd417f3e9d->8591884e-632d-462e-b660-b3f7453a56d0#72-t1, previous=(t:1, i:15), leaderCommit=14, initializing? false, entries: <empty>
2019-09-25 17:15:14,454 [aac5cd58-9b02-4776-bc0c-2ffd417f3e9d@group-5380CF8AFA8F-SegmentedRaftLogWorker] WARN  segmented.SegmentedRaftLogWorker (SegmentedRaftLogWorker.java:getFromFuture(90)) - Timeout 0/~
org.apache.ratis.protocol.TimeoutIOException: Timeout 10s: WriteLog:15: (t:1, i:15), STATEMACHINELOGENTRY, client-812F470FCDC8, cid=103-writeStateMachineData
	at org.apache.ratis.util.IOUtils.getFromFuture(IOUtils.java:87)
	at org.apache.ratis.server.raftlog.segmented.SegmentedRaftLogWorker$StateMachineDataPolicy.getFromFuture(SegmentedRaftLogWorker.java:87)
	at org.apache.ratis.server.raftlog.segmented.SegmentedRaftLogWorker$WriteLog.execute(SegmentedRaftLogWorker.java:477)
	at org.apache.ratis.server.raftlog.segmented.SegmentedRaftLogWorker.run(SegmentedRaftLogWorker.java:289)
	at java.lang.Thread.run(Thread.java:748)
Caused by: java.util.concurrent.TimeoutException
	at java.util.concurrent.CompletableFuture.timedGet(CompletableFuture.java:1771)
	at java.util.concurrent.CompletableFuture.get(CompletableFuture.java:1915)
	at org.apache.ratis.util.IOUtils.getFromFuture(IOUtils.java:79)
	... 4 more
2019-09-25 17:15:14,458 [c3297815-3aa8-40d9-890f-fc612b5cc05d@group-5380CF8AFA8F-SegmentedRaftLogWorker] WARN  segmented.SegmentedRaftLogWorker (SegmentedRaftLogWorker.java:getFromFuture(90)) - Timeout 0/~
org.apache.ratis.protocol.TimeoutIOException: Timeout 10s: WriteLog:15: (t:1, i:15), STATEMACHINELOGENTRY, client-812F470FCDC8, cid=103-writeStateMachineData
	at org.apache.ratis.util.IOUtils.getFromFuture(IOUtils.java:87)
	at org.apache.ratis.server.raftlog.segmented.SegmentedRaftLogWorker$StateMachineDataPolicy.getFromFuture(SegmentedRaftLogWorker.java:87)
	at org.apache.ratis.server.raftlog.segmented.SegmentedRaftLogWorker$WriteLog.execute(SegmentedRaftLogWorker.java:477)
	at org.apache.ratis.server.raftlog.segmented.SegmentedRaftLogWorker.run(SegmentedRaftLogWorker.java:289)
	at java.lang.Thread.run(Thread.java:748)
Caused by: java.util.concurrent.TimeoutException
	at java.util.concurrent.CompletableFuture.timedGet(CompletableFuture.java:1771)
	at java.util.concurrent.CompletableFuture.get(CompletableFuture.java:1915)
	at org.apache.ratis.util.IOUtils.getFromFuture(IOUtils.java:79)
	... 4 more
2019-09-25 17:15:14,458 [8591884e-632d-462e-b660-b3f7453a56d0@group-5380CF8AFA8F-SegmentedRaftLogWorker] WARN  segmented.SegmentedRaftLogWorker (SegmentedRaftLogWorker.java:getFromFuture(90)) - Timeout 0/~
org.apache.ratis.protocol.TimeoutIOException: Timeout 10s: WriteLog:15: (t:1, i:15), STATEMACHINELOGENTRY, client-812F470FCDC8, cid=103-writeStateMachineData
	at org.apache.ratis.util.IOUtils.getFromFuture(IOUtils.java:87)
	at org.apache.ratis.server.raftlog.segmented.SegmentedRaftLogWorker$StateMachineDataPolicy.getFromFuture(SegmentedRaftLogWorker.java:87)
	at org.apache.ratis.server.raftlog.segmented.SegmentedRaftLogWorker$WriteLog.execute(SegmentedRaftLogWorker.java:477)
	at org.apache.ratis.server.raftlog.segmented.SegmentedRaftLogWorker.run(SegmentedRaftLogWorker.java:289)
	at java.lang.Thread.run(Thread.java:748)
Caused by: java.util.concurrent.TimeoutException
	at java.util.concurrent.CompletableFuture.timedGet(CompletableFuture.java:1771)
	at java.util.concurrent.CompletableFuture.get(CompletableFuture.java:1915)
	at org.apache.ratis.util.IOUtils.getFromFuture(IOUtils.java:79)
	... 4 more
2019-09-25 17:15:14,459 [java.util.concurrent.ThreadPoolExecutor$Worker@4d38dddf[State = -1, empty queue]] WARN  server.GrpcLogAppender (GrpcLogAppender.java:timeoutAppendRequest(200)) - aac5cd58-9b02-4776-bc0c-2ffd417f3e9d@group-5380CF8AFA8F->8591884e-632d-462e-b660-b3f7453a56d0-GrpcLogAppender: appendEntries Timeout, request=aac5cd58-9b02-4776-bc0c-2ffd417f3e9d->8591884e-632d-462e-b660-b3f7453a56d0#73-t1, previous=(t:1, i:15), leaderCommit=14, initializing? false, entries: <empty>
2019-09-25 17:15:14,459 [java.util.concurrent.ThreadPoolExecutor$Worker@7f903a69[State = -1, empty queue]] WARN  server.GrpcLogAppender (GrpcLogAppender.java:timeoutAppendRequest(200)) - aac5cd58-9b02-4776-bc0c-2ffd417f3e9d@group-5380CF8AFA8F->c3297815-3aa8-40d9-890f-fc612b5cc05d-GrpcLogAppender: appendEntries Timeout, request=aac5cd58-9b02-4776-bc0c-2ffd417f3e9d->c3297815-3aa8-40d9-890f-fc612b5cc05d#73-t1, previous=(t:1, i:15), leaderCommit=14, initializing? false, entries: <empty>
2019-09-25 17:15:14,959 [java.util.concurrent.ThreadPoolExecutor$Worker@7f903a69[State = -1, empty queue]] WARN  server.GrpcLogAppender (GrpcLogAppender.java:timeoutAppendRequest(200)) - aac5cd58-9b02-4776-bc0c-2ffd417f3e9d@group-5380CF8AFA8F->c3297815-3aa8-40d9-890f-fc612b5cc05d-GrpcLogAppender: appendEntries Timeout, request=aac5cd58-9b02-4776-bc0c-2ffd417f3e9d->c3297815-3aa8-40d9-890f-fc612b5cc05d#74-t1, previous=(t:1, i:15), leaderCommit=14, initializing? false, entries: <empty>
2019-09-25 17:15:14,959 [java.util.concurrent.ThreadPoolExecutor$Worker@4d38dddf[State = -1, empty queue]] WARN  server.GrpcLogAppender (GrpcLogAppender.java:timeoutAppendRequest(200)) - aac5cd58-9b02-4776-bc0c-2ffd417f3e9d@group-5380CF8AFA8F->8591884e-632d-462e-b660-b3f7453a56d0-GrpcLogAppender: appendEntries Timeout, request=aac5cd58-9b02-4776-bc0c-2ffd417f3e9d->8591884e-632d-462e-b660-b3f7453a56d0#74-t1, previous=(t:1, i:15), leaderCommit=14, initializing? false, entries: <empty>
2019-09-25 17:15:15,459 [java.util.concurrent.ThreadPoolExecutor$Worker@7f903a69[State = -1, empty queue]] WARN  server.GrpcLogAppender (GrpcLogAppender.java:timeoutAppendRequest(200)) - aac5cd58-9b02-4776-bc0c-2ffd417f3e9d@group-5380CF8AFA8F->c3297815-3aa8-40d9-890f-fc612b5cc05d-GrpcLogAppender: appendEntries Timeout, request=aac5cd58-9b02-4776-bc0c-2ffd417f3e9d->c3297815-3aa8-40d9-890f-fc612b5cc05d#75-t1, previous=(t:1, i:15), leaderCommit=14, initializing? false, entries: <empty>
2019-09-25 17:15:15,460 [java.util.concurrent.ThreadPoolExecutor$Worker@4d38dddf[State = -1, empty queue]] WARN  server.GrpcLogAppender (GrpcLogAppender.java:timeoutAppendRequest(200)) - aac5cd58-9b02-4776-bc0c-2ffd417f3e9d@group-5380CF8AFA8F->8591884e-632d-462e-b660-b3f7453a56d0-GrpcLogAppender: appendEntries Timeout, request=aac5cd58-9b02-4776-bc0c-2ffd417f3e9d->8591884e-632d-462e-b660-b3f7453a56d0#75-t1, previous=(t:1, i:15), leaderCommit=14, initializing? false, entries: <empty>
2019-09-25 17:15:15,960 [java.util.concurrent.ThreadPoolExecutor$Worker@4d38dddf[State = -1, empty queue]] WARN  server.GrpcLogAppender (GrpcLogAppender.java:timeoutAppendRequest(200)) - aac5cd58-9b02-4776-bc0c-2ffd417f3e9d@group-5380CF8AFA8F->8591884e-632d-462e-b660-b3f7453a56d0-GrpcLogAppender: appendEntries Timeout, request=aac5cd58-9b02-4776-bc0c-2ffd417f3e9d->8591884e-632d-462e-b660-b3f7453a56d0#76-t1, previous=(t:1, i:15), leaderCommit=14, initializing? false, entries: <empty>
2019-09-25 17:15:15,960 [java.util.concurrent.ThreadPoolExecutor$Worker@7f903a69[State = -1, empty queue]] WARN  server.GrpcLogAppender (GrpcLogAppender.java:timeoutAppendRequest(200)) - aac5cd58-9b02-4776-bc0c-2ffd417f3e9d@group-5380CF8AFA8F->c3297815-3aa8-40d9-890f-fc612b5cc05d-GrpcLogAppender: appendEntries Timeout, request=aac5cd58-9b02-4776-bc0c-2ffd417f3e9d->c3297815-3aa8-40d9-890f-fc612b5cc05d#76-t1, previous=(t:1, i:15), leaderCommit=14, initializing? false, entries: <empty>
2019-09-25 17:15:16,460 [java.util.concurrent.ThreadPoolExecutor$Worker@4d38dddf[State = -1, empty queue]] WARN  server.GrpcLogAppender (GrpcLogAppender.java:timeoutAppendRequest(200)) - aac5cd58-9b02-4776-bc0c-2ffd417f3e9d@group-5380CF8AFA8F->8591884e-632d-462e-b660-b3f7453a56d0-GrpcLogAppender: appendEntries Timeout, request=aac5cd58-9b02-4776-bc0c-2ffd417f3e9d->8591884e-632d-462e-b660-b3f7453a56d0#77-t1, previous=(t:1, i:15), leaderCommit=14, initializing? false, entries: <empty>
2019-09-25 17:15:16,460 [java.util.concurrent.ThreadPoolExecutor$Worker@7f903a69[State = -1, empty queue]] WARN  server.GrpcLogAppender (GrpcLogAppender.java:timeoutAppendRequest(200)) - aac5cd58-9b02-4776-bc0c-2ffd417f3e9d@group-5380CF8AFA8F->c3297815-3aa8-40d9-890f-fc612b5cc05d-GrpcLogAppender: appendEntries Timeout, request=aac5cd58-9b02-4776-bc0c-2ffd417f3e9d->c3297815-3aa8-40d9-890f-fc612b5cc05d#77-t1, previous=(t:1, i:15), leaderCommit=14, initializing? false, entries: <empty>
2019-09-25 17:15:16,960 [java.util.concurrent.ThreadPoolExecutor$Worker@4d38dddf[State = -1, empty queue]] WARN  server.GrpcLogAppender (GrpcLogAppender.java:timeoutAppendRequest(200)) - aac5cd58-9b02-4776-bc0c-2ffd417f3e9d@group-5380CF8AFA8F->8591884e-632d-462e-b660-b3f7453a56d0-GrpcLogAppender: appendEntries Timeout, request=aac5cd58-9b02-4776-bc0c-2ffd417f3e9d->8591884e-632d-462e-b660-b3f7453a56d0#78-t1, previous=(t:1, i:15), leaderCommit=14, initializing? false, entries: <empty>
2019-09-25 17:15:16,960 [java.util.concurrent.ThreadPoolExecutor$Worker@7f903a69[State = -1, empty queue]] WARN  server.GrpcLogAppender (GrpcLogAppender.java:timeoutAppendRequest(200)) - aac5cd58-9b02-4776-bc0c-2ffd417f3e9d@group-5380CF8AFA8F->c3297815-3aa8-40d9-890f-fc612b5cc05d-GrpcLogAppender: appendEntries Timeout, request=aac5cd58-9b02-4776-bc0c-2ffd417f3e9d->c3297815-3aa8-40d9-890f-fc612b5cc05d#78-t1, previous=(t:1, i:15), leaderCommit=14, initializing? false, entries: <empty>
2019-09-25 17:15:17,460 [java.util.concurrent.ThreadPoolExecutor$Worker@7f903a69[State = -1, empty queue]] WARN  server.GrpcLogAppender (GrpcLogAppender.java:timeoutAppendRequest(200)) - aac5cd58-9b02-4776-bc0c-2ffd417f3e9d@group-5380CF8AFA8F->c3297815-3aa8-40d9-890f-fc612b5cc05d-GrpcLogAppender: appendEntries Timeout, request=aac5cd58-9b02-4776-bc0c-2ffd417f3e9d->c3297815-3aa8-40d9-890f-fc612b5cc05d#79-t1, previous=(t:1, i:15), leaderCommit=14, initializing? false, entries: <empty>
2019-09-25 17:15:17,460 [java.util.concurrent.ThreadPoolExecutor$Worker@4d38dddf[State = -1, empty queue]] WARN  server.GrpcLogAppender (GrpcLogAppender.java:timeoutAppendRequest(200)) - aac5cd58-9b02-4776-bc0c-2ffd417f3e9d@group-5380CF8AFA8F->8591884e-632d-462e-b660-b3f7453a56d0-GrpcLogAppender: appendEntries Timeout, request=aac5cd58-9b02-4776-bc0c-2ffd417f3e9d->8591884e-632d-462e-b660-b3f7453a56d0#79-t1, previous=(t:1, i:15), leaderCommit=14, initializing? false, entries: <empty>
2019-09-25 17:15:17,961 [java.util.concurrent.ThreadPoolExecutor$Worker@7f903a69[State = -1, empty queue]] WARN  server.GrpcLogAppender (GrpcLogAppender.java:timeoutAppendRequest(200)) - aac5cd58-9b02-4776-bc0c-2ffd417f3e9d@group-5380CF8AFA8F->c3297815-3aa8-40d9-890f-fc612b5cc05d-GrpcLogAppender: appendEntries Timeout, request=aac5cd58-9b02-4776-bc0c-2ffd417f3e9d->c3297815-3aa8-40d9-890f-fc612b5cc05d#80-t1, previous=(t:1, i:15), leaderCommit=14, initializing? false, entries: <empty>
2019-09-25 17:15:17,961 [java.util.concurrent.ThreadPoolExecutor$Worker@4d38dddf[State = -1, empty queue]] WARN  server.GrpcLogAppender (GrpcLogAppender.java:timeoutAppendRequest(200)) - aac5cd58-9b02-4776-bc0c-2ffd417f3e9d@group-5380CF8AFA8F->8591884e-632d-462e-b660-b3f7453a56d0-GrpcLogAppender: appendEntries Timeout, request=aac5cd58-9b02-4776-bc0c-2ffd417f3e9d->8591884e-632d-462e-b660-b3f7453a56d0#80-t1, previous=(t:1, i:15), leaderCommit=14, initializing? false, entries: <empty>
2019-09-25 17:15:18,461 [java.util.concurrent.ThreadPoolExecutor$Worker@4d38dddf[State = -1, empty queue]] WARN  server.GrpcLogAppender (GrpcLogAppender.java:timeoutAppendRequest(200)) - aac5cd58-9b02-4776-bc0c-2ffd417f3e9d@group-5380CF8AFA8F->8591884e-632d-462e-b660-b3f7453a56d0-GrpcLogAppender: appendEntries Timeout, request=aac5cd58-9b02-4776-bc0c-2ffd417f3e9d->8591884e-632d-462e-b660-b3f7453a56d0#81-t1, previous=(t:1, i:15), leaderCommit=14, initializing? false, entries: <empty>
2019-09-25 17:15:18,461 [java.util.concurrent.ThreadPoolExecutor$Worker@7f903a69[State = -1, empty queue]] WARN  server.GrpcLogAppender (GrpcLogAppender.java:timeoutAppendRequest(200)) - aac5cd58-9b02-4776-bc0c-2ffd417f3e9d@group-5380CF8AFA8F->c3297815-3aa8-40d9-890f-fc612b5cc05d-GrpcLogAppender: appendEntries Timeout, request=aac5cd58-9b02-4776-bc0c-2ffd417f3e9d->c3297815-3aa8-40d9-890f-fc612b5cc05d#81-t1, previous=(t:1, i:15), leaderCommit=14, initializing? false, entries: <empty>
2019-09-25 17:15:18,962 [java.util.concurrent.ThreadPoolExecutor$Worker@7f903a69[State = -1, empty queue]] WARN  server.GrpcLogAppender (GrpcLogAppender.java:timeoutAppendRequest(200)) - aac5cd58-9b02-4776-bc0c-2ffd417f3e9d@group-5380CF8AFA8F->c3297815-3aa8-40d9-890f-fc612b5cc05d-GrpcLogAppender: appendEntries Timeout, request=aac5cd58-9b02-4776-bc0c-2ffd417f3e9d->c3297815-3aa8-40d9-890f-fc612b5cc05d#82-t1, previous=(t:1, i:15), leaderCommit=14, initializing? false, entries: <empty>
2019-09-25 17:15:18,962 [java.util.concurrent.ThreadPoolExecutor$Worker@4d38dddf[State = -1, empty queue]] WARN  server.GrpcLogAppender (GrpcLogAppender.java:timeoutAppendRequest(200)) - aac5cd58-9b02-4776-bc0c-2ffd417f3e9d@group-5380CF8AFA8F->8591884e-632d-462e-b660-b3f7453a56d0-GrpcLogAppender: appendEntries Timeout, request=aac5cd58-9b02-4776-bc0c-2ffd417f3e9d->8591884e-632d-462e-b660-b3f7453a56d0#82-t1, previous=(t:1, i:15), leaderCommit=14, initializing? false, entries: <empty>
2019-09-25 17:15:19,462 [java.util.concurrent.ThreadPoolExecutor$Worker@7f903a69[State = -1, empty queue]] WARN  server.GrpcLogAppender (GrpcLogAppender.java:timeoutAppendRequest(200)) - aac5cd58-9b02-4776-bc0c-2ffd417f3e9d@group-5380CF8AFA8F->c3297815-3aa8-40d9-890f-fc612b5cc05d-GrpcLogAppender: appendEntries Timeout, request=aac5cd58-9b02-4776-bc0c-2ffd417f3e9d->c3297815-3aa8-40d9-890f-fc612b5cc05d#83-t1, previous=(t:1, i:15), leaderCommit=14, initializing? false, entries: <empty>
2019-09-25 17:15:19,462 [java.util.concurrent.ThreadPoolExecutor$Worker@4d38dddf[State = -1, empty queue]] WARN  server.GrpcLogAppender (GrpcLogAppender.java:timeoutAppendRequest(200)) - aac5cd58-9b02-4776-bc0c-2ffd417f3e9d@group-5380CF8AFA8F->8591884e-632d-462e-b660-b3f7453a56d0-GrpcLogAppender: appendEntries Timeout, request=aac5cd58-9b02-4776-bc0c-2ffd417f3e9d->8591884e-632d-462e-b660-b3f7453a56d0#83-t1, previous=(t:1, i:15), leaderCommit=14, initializing? false, entries: <empty>
2019-09-25 17:15:19,963 [java.util.concurrent.ThreadPoolExecutor$Worker@7f903a69[State = -1, empty queue]] WARN  server.GrpcLogAppender (GrpcLogAppender.java:timeoutAppendRequest(200)) - aac5cd58-9b02-4776-bc0c-2ffd417f3e9d@group-5380CF8AFA8F->c3297815-3aa8-40d9-890f-fc612b5cc05d-GrpcLogAppender: appendEntries Timeout, request=aac5cd58-9b02-4776-bc0c-2ffd417f3e9d->c3297815-3aa8-40d9-890f-fc612b5cc05d#84-t1, previous=(t:1, i:15), leaderCommit=14, initializing? false, entries: <empty>
2019-09-25 17:15:19,963 [java.util.concurrent.ThreadPoolExecutor$Worker@4d38dddf[State = -1, empty queue]] WARN  server.GrpcLogAppender (GrpcLogAppender.java:timeoutAppendRequest(200)) - aac5cd58-9b02-4776-bc0c-2ffd417f3e9d@group-5380CF8AFA8F->8591884e-632d-462e-b660-b3f7453a56d0-GrpcLogAppender: appendEntries Timeout, request=aac5cd58-9b02-4776-bc0c-2ffd417f3e9d->8591884e-632d-462e-b660-b3f7453a56d0#84-t1, previous=(t:1, i:15), leaderCommit=14, initializing? false, entries: <empty>
2019-09-25 17:15:20,463 [java.util.concurrent.ThreadPoolExecutor$Worker@4d38dddf[State = -1, empty queue]] WARN  server.GrpcLogAppender (GrpcLogAppender.java:timeoutAppendRequest(200)) - aac5cd58-9b02-4776-bc0c-2ffd417f3e9d@group-5380CF8AFA8F->8591884e-632d-462e-b660-b3f7453a56d0-GrpcLogAppender: appendEntries Timeout, request=aac5cd58-9b02-4776-bc0c-2ffd417f3e9d->8591884e-632d-462e-b660-b3f7453a56d0#85-t1, previous=(t:1, i:15), leaderCommit=14, initializing? false, entries: <empty>
2019-09-25 17:15:20,463 [java.util.concurrent.ThreadPoolExecutor$Worker@7f903a69[State = -1, empty queue]] WARN  server.GrpcLogAppender (GrpcLogAppender.java:timeoutAppendRequest(200)) - aac5cd58-9b02-4776-bc0c-2ffd417f3e9d@group-5380CF8AFA8F->c3297815-3aa8-40d9-890f-fc612b5cc05d-GrpcLogAppender: appendEntries Timeout, request=aac5cd58-9b02-4776-bc0c-2ffd417f3e9d->c3297815-3aa8-40d9-890f-fc612b5cc05d#85-t1, previous=(t:1, i:15), leaderCommit=14, initializing? false, entries: <empty>
2019-09-25 17:15:20,964 [java.util.concurrent.ThreadPoolExecutor$Worker@7f903a69[State = -1, empty queue]] WARN  server.GrpcLogAppender (GrpcLogAppender.java:timeoutAppendRequest(200)) - aac5cd58-9b02-4776-bc0c-2ffd417f3e9d@group-5380CF8AFA8F->c3297815-3aa8-40d9-890f-fc612b5cc05d-GrpcLogAppender: appendEntries Timeout, request=aac5cd58-9b02-4776-bc0c-2ffd417f3e9d->c3297815-3aa8-40d9-890f-fc612b5cc05d#86-t1, previous=(t:1, i:15), leaderCommit=14, initializing? false, entries: <empty>
2019-09-25 17:15:20,964 [java.util.concurrent.ThreadPoolExecutor$Worker@4d38dddf[State = -1, empty queue]] WARN  server.GrpcLogAppender (GrpcLogAppender.java:timeoutAppendRequest(200)) - aac5cd58-9b02-4776-bc0c-2ffd417f3e9d@group-5380CF8AFA8F->8591884e-632d-462e-b660-b3f7453a56d0-GrpcLogAppender: appendEntries Timeout, request=aac5cd58-9b02-4776-bc0c-2ffd417f3e9d->8591884e-632d-462e-b660-b3f7453a56d0#86-t1, previous=(t:1, i:15), leaderCommit=14, initializing? false, entries: <empty>
2019-09-25 17:15:21,464 [java.util.concurrent.ThreadPoolExecutor$Worker@4d38dddf[State = -1, empty queue]] WARN  server.GrpcLogAppender (GrpcLogAppender.java:timeoutAppendRequest(200)) - aac5cd58-9b02-4776-bc0c-2ffd417f3e9d@group-5380CF8AFA8F->8591884e-632d-462e-b660-b3f7453a56d0-GrpcLogAppender: appendEntries Timeout, request=aac5cd58-9b02-4776-bc0c-2ffd417f3e9d->8591884e-632d-462e-b660-b3f7453a56d0#87-t1, previous=(t:1, i:15), leaderCommit=14, initializing? false, entries: <empty>
2019-09-25 17:15:21,464 [java.util.concurrent.ThreadPoolExecutor$Worker@7f903a69[State = -1, empty queue]] WARN  server.GrpcLogAppender (GrpcLogAppender.java:timeoutAppendRequest(200)) - aac5cd58-9b02-4776-bc0c-2ffd417f3e9d@group-5380CF8AFA8F->c3297815-3aa8-40d9-890f-fc612b5cc05d-GrpcLogAppender: appendEntries Timeout, request=aac5cd58-9b02-4776-bc0c-2ffd417f3e9d->c3297815-3aa8-40d9-890f-fc612b5cc05d#87-t1, previous=(t:1, i:15), leaderCommit=14, initializing? false, entries: <empty>
2019-09-25 17:15:21,965 [java.util.concurrent.ThreadPoolExecutor$Worker@4d38dddf[State = -1, empty queue]] WARN  server.GrpcLogAppender (GrpcLogAppender.java:timeoutAppendRequest(200)) - aac5cd58-9b02-4776-bc0c-2ffd417f3e9d@group-5380CF8AFA8F->8591884e-632d-462e-b660-b3f7453a56d0-GrpcLogAppender: appendEntries Timeout, request=aac5cd58-9b02-4776-bc0c-2ffd417f3e9d->8591884e-632d-462e-b660-b3f7453a56d0#88-t1, previous=(t:1, i:15), leaderCommit=14, initializing? false, entries: <empty>
2019-09-25 17:15:21,965 [java.util.concurrent.ThreadPoolExecutor$Worker@7f903a69[State = -1, empty queue]] WARN  server.GrpcLogAppender (GrpcLogAppender.java:timeoutAppendRequest(200)) - aac5cd58-9b02-4776-bc0c-2ffd417f3e9d@group-5380CF8AFA8F->c3297815-3aa8-40d9-890f-fc612b5cc05d-GrpcLogAppender: appendEntries Timeout, request=aac5cd58-9b02-4776-bc0c-2ffd417f3e9d->c3297815-3aa8-40d9-890f-fc612b5cc05d#88-t1, previous=(t:1, i:15), leaderCommit=14, initializing? false, entries: <empty>
2019-09-25 17:15:22,465 [java.util.concurrent.ThreadPoolExecutor$Worker@7f903a69[State = -1, empty queue]] WARN  server.GrpcLogAppender (GrpcLogAppender.java:timeoutAppendRequest(200)) - aac5cd58-9b02-4776-bc0c-2ffd417f3e9d@group-5380CF8AFA8F->c3297815-3aa8-40d9-890f-fc612b5cc05d-GrpcLogAppender: appendEntries Timeout, request=aac5cd58-9b02-4776-bc0c-2ffd417f3e9d->c3297815-3aa8-40d9-890f-fc612b5cc05d#89-t1, previous=(t:1, i:15), leaderCommit=14, initializing? false, entries: <empty>
2019-09-25 17:15:22,465 [java.util.concurrent.ThreadPoolExecutor$Worker@4d38dddf[State = -1, empty queue]] WARN  server.GrpcLogAppender (GrpcLogAppender.java:timeoutAppendRequest(200)) - aac5cd58-9b02-4776-bc0c-2ffd417f3e9d@group-5380CF8AFA8F->8591884e-632d-462e-b660-b3f7453a56d0-GrpcLogAppender: appendEntries Timeout, request=aac5cd58-9b02-4776-bc0c-2ffd417f3e9d->8591884e-632d-462e-b660-b3f7453a56d0#89-t1, previous=(t:1, i:15), leaderCommit=14, initializing? false, entries: <empty>
2019-09-25 17:15:22,965 [java.util.concurrent.ThreadPoolExecutor$Worker@7f903a69[State = -1, empty queue]] WARN  server.GrpcLogAppender (GrpcLogAppender.java:timeoutAppendRequest(200)) - aac5cd58-9b02-4776-bc0c-2ffd417f3e9d@group-5380CF8AFA8F->c3297815-3aa8-40d9-890f-fc612b5cc05d-GrpcLogAppender: appendEntries Timeout, request=aac5cd58-9b02-4776-bc0c-2ffd417f3e9d->c3297815-3aa8-40d9-890f-fc612b5cc05d#90-t1, previous=(t:1, i:15), leaderCommit=14, initializing? false, entries: <empty>
2019-09-25 17:15:22,965 [java.util.concurrent.ThreadPoolExecutor$Worker@4d38dddf[State = -1, empty queue]] WARN  server.GrpcLogAppender (GrpcLogAppender.java:timeoutAppendRequest(200)) - aac5cd58-9b02-4776-bc0c-2ffd417f3e9d@group-5380CF8AFA8F->8591884e-632d-462e-b660-b3f7453a56d0-GrpcLogAppender: appendEntries Timeout, request=aac5cd58-9b02-4776-bc0c-2ffd417f3e9d->8591884e-632d-462e-b660-b3f7453a56d0#90-t1, previous=(t:1, i:15), leaderCommit=14, initializing? false, entries: <empty>
2019-09-25 17:15:23,465 [java.util.concurrent.ThreadPoolExecutor$Worker@7f903a69[State = -1, empty queue]] WARN  server.GrpcLogAppender (GrpcLogAppender.java:timeoutAppendRequest(200)) - aac5cd58-9b02-4776-bc0c-2ffd417f3e9d@group-5380CF8AFA8F->c3297815-3aa8-40d9-890f-fc612b5cc05d-GrpcLogAppender: appendEntries Timeout, request=aac5cd58-9b02-4776-bc0c-2ffd417f3e9d->c3297815-3aa8-40d9-890f-fc612b5cc05d#91-t1, previous=(t:1, i:15), leaderCommit=14, initializing? false, entries: <empty>
2019-09-25 17:15:23,465 [java.util.concurrent.ThreadPoolExecutor$Worker@4d38dddf[State = -1, empty queue]] WARN  server.GrpcLogAppender (GrpcLogAppender.java:timeoutAppendRequest(200)) - aac5cd58-9b02-4776-bc0c-2ffd417f3e9d@group-5380CF8AFA8F->8591884e-632d-462e-b660-b3f7453a56d0-GrpcLogAppender: appendEntries Timeout, request=aac5cd58-9b02-4776-bc0c-2ffd417f3e9d->8591884e-632d-462e-b660-b3f7453a56d0#91-t1, previous=(t:1, i:15), leaderCommit=14, initializing? false, entries: <empty>
2019-09-25 17:15:23,966 [java.util.concurrent.ThreadPoolExecutor$Worker@4d38dddf[State = -1, empty queue]] WARN  server.GrpcLogAppender (GrpcLogAppender.java:timeoutAppendRequest(200)) - aac5cd58-9b02-4776-bc0c-2ffd417f3e9d@group-5380CF8AFA8F->8591884e-632d-462e-b660-b3f7453a56d0-GrpcLogAppender: appendEntries Timeout, request=aac5cd58-9b02-4776-bc0c-2ffd417f3e9d->8591884e-632d-462e-b660-b3f7453a56d0#92-t1, previous=(t:1, i:15), leaderCommit=14, initializing? false, entries: <empty>
2019-09-25 17:15:23,966 [java.util.concurrent.ThreadPoolExecutor$Worker@7f903a69[State = -1, empty queue]] WARN  server.GrpcLogAppender (GrpcLogAppender.java:timeoutAppendRequest(200)) - aac5cd58-9b02-4776-bc0c-2ffd417f3e9d@group-5380CF8AFA8F->c3297815-3aa8-40d9-890f-fc612b5cc05d-GrpcLogAppender: appendEntries Timeout, request=aac5cd58-9b02-4776-bc0c-2ffd417f3e9d->c3297815-3aa8-40d9-890f-fc612b5cc05d#92-t1, previous=(t:1, i:15), leaderCommit=14, initializing? false, entries: <empty>
2019-09-25 17:15:24,455 [aac5cd58-9b02-4776-bc0c-2ffd417f3e9d@group-5380CF8AFA8F-SegmentedRaftLogWorker] WARN  segmented.SegmentedRaftLogWorker (SegmentedRaftLogWorker.java:getFromFuture(90)) - Timeout 1/~
org.apache.ratis.protocol.TimeoutIOException: Timeout 10s: WriteLog:15: (t:1, i:15), STATEMACHINELOGENTRY, client-812F470FCDC8, cid=103-writeStateMachineData
	at org.apache.ratis.util.IOUtils.getFromFuture(IOUtils.java:87)
	at org.apache.ratis.server.raftlog.segmented.SegmentedRaftLogWorker$StateMachineDataPolicy.getFromFuture(SegmentedRaftLogWorker.java:87)
	at org.apache.ratis.server.raftlog.segmented.SegmentedRaftLogWorker$WriteLog.execute(SegmentedRaftLogWorker.java:477)
	at org.apache.ratis.server.raftlog.segmented.SegmentedRaftLogWorker.run(SegmentedRaftLogWorker.java:289)
	at java.lang.Thread.run(Thread.java:748)
Caused by: java.util.concurrent.TimeoutException
	at java.util.concurrent.CompletableFuture.timedGet(CompletableFuture.java:1771)
	at java.util.concurrent.CompletableFuture.get(CompletableFuture.java:1915)
	at org.apache.ratis.util.IOUtils.getFromFuture(IOUtils.java:79)
	... 4 more
2019-09-25 17:15:24,458 [c3297815-3aa8-40d9-890f-fc612b5cc05d@group-5380CF8AFA8F-SegmentedRaftLogWorker] WARN  segmented.SegmentedRaftLogWorker (SegmentedRaftLogWorker.java:getFromFuture(90)) - Timeout 1/~
org.apache.ratis.protocol.TimeoutIOException: Timeout 10s: WriteLog:15: (t:1, i:15), STATEMACHINELOGENTRY, client-812F470FCDC8, cid=103-writeStateMachineData
	at org.apache.ratis.util.IOUtils.getFromFuture(IOUtils.java:87)
	at org.apache.ratis.server.raftlog.segmented.SegmentedRaftLogWorker$StateMachineDataPolicy.getFromFuture(SegmentedRaftLogWorker.java:87)
	at org.apache.ratis.server.raftlog.segmented.SegmentedRaftLogWorker$WriteLog.execute(SegmentedRaftLogWorker.java:477)
	at org.apache.ratis.server.raftlog.segmented.SegmentedRaftLogWorker.run(SegmentedRaftLogWorker.java:289)
	at java.lang.Thread.run(Thread.java:748)
Caused by: java.util.concurrent.TimeoutException
	at java.util.concurrent.CompletableFuture.timedGet(CompletableFuture.java:1771)
	at java.util.concurrent.CompletableFuture.get(CompletableFuture.java:1915)
	at org.apache.ratis.util.IOUtils.getFromFuture(IOUtils.java:79)
	... 4 more
2019-09-25 17:15:24,458 [8591884e-632d-462e-b660-b3f7453a56d0@group-5380CF8AFA8F-SegmentedRaftLogWorker] WARN  segmented.SegmentedRaftLogWorker (SegmentedRaftLogWorker.java:getFromFuture(90)) - Timeout 1/~
org.apache.ratis.protocol.TimeoutIOException: Timeout 10s: WriteLog:15: (t:1, i:15), STATEMACHINELOGENTRY, client-812F470FCDC8, cid=103-writeStateMachineData
	at org.apache.ratis.util.IOUtils.getFromFuture(IOUtils.java:87)
	at org.apache.ratis.server.raftlog.segmented.SegmentedRaftLogWorker$StateMachineDataPolicy.getFromFuture(SegmentedRaftLogWorker.java:87)
	at org.apache.ratis.server.raftlog.segmented.SegmentedRaftLogWorker$WriteLog.execute(SegmentedRaftLogWorker.java:477)
	at org.apache.ratis.server.raftlog.segmented.SegmentedRaftLogWorker.run(SegmentedRaftLogWorker.java:289)
	at java.lang.Thread.run(Thread.java:748)
Caused by: java.util.concurrent.TimeoutException
	at java.util.concurrent.CompletableFuture.timedGet(CompletableFuture.java:1771)
	at java.util.concurrent.CompletableFuture.get(CompletableFuture.java:1915)
	at org.apache.ratis.util.IOUtils.getFromFuture(IOUtils.java:79)
	... 4 more
2019-09-25 17:15:24,466 [java.util.concurrent.ThreadPoolExecutor$Worker@7f903a69[State = -1, empty queue]] WARN  server.GrpcLogAppender (GrpcLogAppender.java:timeoutAppendRequest(200)) - aac5cd58-9b02-4776-bc0c-2ffd417f3e9d@group-5380CF8AFA8F->c3297815-3aa8-40d9-890f-fc612b5cc05d-GrpcLogAppender: appendEntries Timeout, request=aac5cd58-9b02-4776-bc0c-2ffd417f3e9d->c3297815-3aa8-40d9-890f-fc612b5cc05d#93-t1, previous=(t:1, i:15), leaderCommit=14, initializing? false, entries: <empty>
2019-09-25 17:15:24,466 [java.util.concurrent.ThreadPoolExecutor$Worker@4d38dddf[State = -1, empty queue]] WARN  server.GrpcLogAppender (GrpcLogAppender.java:timeoutAppendRequest(200)) - aac5cd58-9b02-4776-bc0c-2ffd417f3e9d@group-5380CF8AFA8F->8591884e-632d-462e-b660-b3f7453a56d0-GrpcLogAppender: appendEntries Timeout, request=aac5cd58-9b02-4776-bc0c-2ffd417f3e9d->8591884e-632d-462e-b660-b3f7453a56d0#93-t1, previous=(t:1, i:15), leaderCommit=14, initializing? false, entries: <empty>
2019-09-25 17:15:24,732 [8591884e-632d-462e-b660-b3f7453a56d0@group-5380CF8AFA8F-StateMachineUpdater] INFO  ratis.ContainerStateMachine (ContainerStateMachine.java:takeSnapshot(300)) - group-5380CF8AFA8F: Finished taking a snapshot at:(t:1, i:14) file:/workdir/hadoop-ozone/integration-test/target/test-dir/MiniOzoneClusterImpl-ad082b7a-54ff-493a-8801-3708d76457e8/datanode-4/data/ratis/0d1c830a-7918-473d-beff-5380cf8afa8f/sm/snapshot.1_14 time:15292
2019-09-25 17:15:24,733 [8591884e-632d-462e-b660-b3f7453a56d0@group-5380CF8AFA8F-StateMachineUpdater] INFO  impl.StateMachineUpdater (StateMachineUpdater.java:takeSnapshot(258)) - 8591884e-632d-462e-b660-b3f7453a56d0@group-5380CF8AFA8F-StateMachineUpdater: Took a snapshot at index 14
2019-09-25 17:15:24,733 [8591884e-632d-462e-b660-b3f7453a56d0@group-5380CF8AFA8F-StateMachineUpdater] INFO  impl.StateMachineUpdater (StateMachineUpdater.java:lambda$new$0(83)) - 8591884e-632d-462e-b660-b3f7453a56d0@group-5380CF8AFA8F-StateMachineUpdater: snapshotIndex: updateIncreasingly -1 -> 14
2019-09-25 17:15:24,734 [main] INFO  impl.RaftServerImpl (ServerState.java:close(385)) - 8591884e-632d-462e-b660-b3f7453a56d0@group-5380CF8AFA8F: closes. applyIndex: 14
2019-09-25 17:15:24,758 [8591884e-632d-462e-b660-b3f7453a56d0@group-5380CF8AFA8F-SegmentedRaftLogWorker] ERROR ratis.XceiverServerRatis (XceiverServerRatis.java:triggerPipelineClose(575)) - pipeline Action CLOSE  on pipeline PipelineID=0d1c830a-7918-473d-beff-5380cf8afa8f.Reason : WriteLog:15: (t:1, i:15), STATEMACHINELOGENTRY, client-812F470FCDC8, cid=103-writeStateMachineData interrupted.
2019-09-25 17:15:24,761 [main] INFO  segmented.SegmentedRaftLogWorker (SegmentedRaftLogWorker.java:close(228)) - 8591884e-632d-462e-b660-b3f7453a56d0@group-5380CF8AFA8F-SegmentedRaftLogWorker close()
2019-09-25 17:15:24,764 [main] INFO  impl.RaftServerImpl (RaftServerImpl.java:lambda$shutdown$3(251)) - 8591884e-632d-462e-b660-b3f7453a56d0@group-171D1E71DFDB: shutdown
2019-09-25 17:15:24,765 [main] INFO  util.JmxRegister (JmxRegister.java:unregister(73)) - Successfully un-registered JMX Bean with object name Ratis:service=RaftServer,group=group-171D1E71DFDB,id=8591884e-632d-462e-b660-b3f7453a56d0
2019-09-25 17:15:24,765 [main] INFO  impl.RoleInfo (RoleInfo.java:shutdownLeaderState(104)) - 8591884e-632d-462e-b660-b3f7453a56d0: shutdown LeaderState
2019-09-25 17:15:24,765 [main] INFO  impl.PendingRequests (PendingRequests.java:sendNotLeaderResponses(202)) - 8591884e-632d-462e-b660-b3f7453a56d0-PendingRequests: sendNotLeaderResponses
2019-09-25 17:15:24,766 [main] INFO  impl.StateMachineUpdater (StateMachineUpdater.java:stopAndJoin(125)) - 8591884e-632d-462e-b660-b3f7453a56d0@group-171D1E71DFDB-StateMachineUpdater: set stopIndex = 0
2019-09-25 17:15:24,766 [main] INFO  impl.RaftServerImpl (ServerState.java:close(385)) - 8591884e-632d-462e-b660-b3f7453a56d0@group-171D1E71DFDB: closes. applyIndex: 0
2019-09-25 17:15:24,766 [8591884e-632d-462e-b660-b3f7453a56d0@group-171D1E71DFDB-SegmentedRaftLogWorker] INFO  segmented.SegmentedRaftLogWorker (SegmentedRaftLogWorker.java:run(313)) - 8591884e-632d-462e-b660-b3f7453a56d0@group-171D1E71DFDB-SegmentedRaftLogWorker was interrupted, exiting. There are 0 tasks remaining in the queue.
2019-09-25 17:15:24,769 [main] INFO  segmented.SegmentedRaftLogWorker (SegmentedRaftLogWorker.java:close(228)) - 8591884e-632d-462e-b660-b3f7453a56d0@group-171D1E71DFDB-SegmentedRaftLogWorker close()
2019-09-25 17:15:24,777 [main] INFO  server.GrpcService (GrpcService.java:closeImpl(164)) - 8591884e-632d-462e-b660-b3f7453a56d0: shutdown server with port 43661 now
2019-09-25 17:15:24,778 [grpc-default-executor-13] WARN  server.GrpcServerProtocolService (LogUtils.java:warn(134)) - 8591884e-632d-462e-b660-b3f7453a56d0: installSnapshot onError, lastRequest: aac5cd58-9b02-4776-bc0c-2ffd417f3e9d->8591884e-632d-462e-b660-b3f7453a56d0#99-t1, previous=(t:1, i:15), leaderCommit=14, initializing? false, entries: <empty>: org.apache.ratis.thirdparty.io.grpc.StatusRuntimeException: CANCELLED: cancelled before receiving half close
2019-09-25 17:15:24,778 [grpc-default-executor-10] WARN  server.GrpcLogAppender (LogUtils.java:warn(134)) - aac5cd58-9b02-4776-bc0c-2ffd417f3e9d@group-5380CF8AFA8F->8591884e-632d-462e-b660-b3f7453a56d0-AppendLogResponseHandler: Failed appendEntries: org.apache.ratis.thirdparty.io.grpc.StatusRuntimeException: CANCELLED: HTTP/2 error code: CANCEL
Received Rst Stream
2019-09-25 17:15:24,778 [main] INFO  server.GrpcService (GrpcService.java:closeImpl(172)) - 8591884e-632d-462e-b660-b3f7453a56d0: shutdown server with port 43661 successfully
2019-09-25 17:15:24,778 [grpc-default-executor-10] INFO  impl.FollowerInfo (FollowerInfo.java:lambda$new$0(51)) - aac5cd58-9b02-4776-bc0c-2ffd417f3e9d@group-5380CF8AFA8F->8591884e-632d-462e-b660-b3f7453a56d0: nextIndex: updateUnconditionally 16 -> 15
2019-09-25 17:15:24,780 [refreshUsed-/workdir/hadoop-ozone/integration-test/target/test-dir/MiniOzoneClusterImpl-ad082b7a-54ff-493a-8801-3708d76457e8/datanode-4/data/containers] WARN  fs.CachingGetSpaceUsed (CachingGetSpaceUsed.java:run(183)) - Thread Interrupted waiting to refresh disk information: sleep interrupted
2019-09-25 17:15:24,798 [main] INFO  utils.BackgroundService (BackgroundService.java:shutdown(148)) - Shutting down service BlockDeletingService
2019-09-25 17:15:24,802 [main] INFO  statemachine.DatanodeStateMachine (DatanodeStateMachine.java:stopDaemon(395)) - Ozone container server stopped.
2019-09-25 17:15:24,815 [main] INFO  handler.ContextHandler (ContextHandler.java:doStop(910)) - Stopped o.e.j.w.WebAppContext@662e682a{/,null,UNAVAILABLE}{/hddsDatanode}
2019-09-25 17:15:24,816 [main] INFO  server.AbstractConnector (AbstractConnector.java:doStop(318)) - Stopped ServerConnector@2e43c38d{HTTP/1.1,[http/1.1]}{0.0.0.0:0}
2019-09-25 17:15:24,816 [main] INFO  handler.ContextHandler (ContextHandler.java:doStop(910)) - Stopped o.e.j.s.ServletContextHandler@5489b1f7{/static,jar:file:/home/user/.m2/repository/org/apache/hadoop/hadoop-hdds-container-service/0.5.0-SNAPSHOT/hadoop-hdds-container-service-0.5.0-SNAPSHOT.jar!/webapps/static,UNAVAILABLE}
2019-09-25 17:15:24,817 [main] INFO  handler.ContextHandler (ContextHandler.java:doStop(910)) - Stopped o.e.j.s.ServletContextHandler@5b40de43{/logs,file:///workdir/hadoop-ozone/integration-test/target/log,UNAVAILABLE}
2019-09-25 17:15:24,966 [java.util.concurrent.ThreadPoolExecutor$Worker@7f903a69[State = -1, empty queue]] WARN  server.GrpcLogAppender (GrpcLogAppender.java:timeoutAppendRequest(200)) - aac5cd58-9b02-4776-bc0c-2ffd417f3e9d@group-5380CF8AFA8F->c3297815-3aa8-40d9-890f-fc612b5cc05d-GrpcLogAppender: appendEntries Timeout, request=aac5cd58-9b02-4776-bc0c-2ffd417f3e9d->c3297815-3aa8-40d9-890f-fc612b5cc05d#94-t1, previous=(t:1, i:15), leaderCommit=14, initializing? false, entries: <empty>
2019-09-25 17:15:24,969 [grpc-default-executor-13] WARN  server.GrpcLogAppender (LogUtils.java:warn(134)) - aac5cd58-9b02-4776-bc0c-2ffd417f3e9d@group-5380CF8AFA8F->8591884e-632d-462e-b660-b3f7453a56d0-AppendLogResponseHandler: Failed appendEntries: org.apache.ratis.thirdparty.io.grpc.StatusRuntimeException: UNAVAILABLE: io exception
2019-09-25 17:15:24,970 [grpc-default-executor-13] INFO  impl.FollowerInfo (FollowerInfo.java:lambda$new$0(51)) - aac5cd58-9b02-4776-bc0c-2ffd417f3e9d@group-5380CF8AFA8F->8591884e-632d-462e-b660-b3f7453a56d0: nextIndex: updateUnconditionally 15 -> 14
2019-09-25 17:15:25,466 [java.util.concurrent.ThreadPoolExecutor$Worker@7f903a69[State = -1, empty queue]] WARN  server.GrpcLogAppender (GrpcLogAppender.java:timeoutAppendRequest(200)) - aac5cd58-9b02-4776-bc0c-2ffd417f3e9d@group-5380CF8AFA8F->c3297815-3aa8-40d9-890f-fc612b5cc05d-GrpcLogAppender: appendEntries Timeout, request=aac5cd58-9b02-4776-bc0c-2ffd417f3e9d->c3297815-3aa8-40d9-890f-fc612b5cc05d#95-t1, previous=(t:1, i:15), leaderCommit=14, initializing? false, entries: <empty>
2019-09-25 17:15:25,469 [grpc-default-executor-12] WARN  server.GrpcLogAppender (LogUtils.java:warn(134)) - aac5cd58-9b02-4776-bc0c-2ffd417f3e9d@group-5380CF8AFA8F->8591884e-632d-462e-b660-b3f7453a56d0-AppendLogResponseHandler: Failed appendEntries: org.apache.ratis.thirdparty.io.grpc.StatusRuntimeException: UNAVAILABLE: io exception
2019-09-25 17:15:25,470 [grpc-default-executor-12] INFO  impl.FollowerInfo (FollowerInfo.java:lambda$new$0(51)) - aac5cd58-9b02-4776-bc0c-2ffd417f3e9d@group-5380CF8AFA8F->8591884e-632d-462e-b660-b3f7453a56d0: nextIndex: updateUnconditionally 14 -> 13
2019-09-25 17:15:25,633 [Datanode State Machine Thread - 0] INFO  statemachine.DatanodeStateMachine (DatanodeStateMachine.java:lambda$startDaemon$0(350)) - Ozone container server started.
2019-09-25 17:15:25,967 [java.util.concurrent.ThreadPoolExecutor$Worker@7f903a69[State = -1, empty queue]] WARN  server.GrpcLogAppender (GrpcLogAppender.java:timeoutAppendRequest(200)) - aac5cd58-9b02-4776-bc0c-2ffd417f3e9d@group-5380CF8AFA8F->c3297815-3aa8-40d9-890f-fc612b5cc05d-GrpcLogAppender: appendEntries Timeout, request=aac5cd58-9b02-4776-bc0c-2ffd417f3e9d->c3297815-3aa8-40d9-890f-fc612b5cc05d#96-t1, previous=(t:1, i:15), leaderCommit=14, initializing? false, entries: <empty>
2019-09-25 17:15:25,970 [grpc-default-executor-10] WARN  server.GrpcLogAppender (LogUtils.java:warn(134)) - aac5cd58-9b02-4776-bc0c-2ffd417f3e9d@group-5380CF8AFA8F->8591884e-632d-462e-b660-b3f7453a56d0-AppendLogResponseHandler: Failed appendEntries: org.apache.ratis.thirdparty.io.grpc.StatusRuntimeException: UNAVAILABLE: io exception
2019-09-25 17:15:25,970 [grpc-default-executor-10] INFO  impl.FollowerInfo (FollowerInfo.java:lambda$new$0(51)) - aac5cd58-9b02-4776-bc0c-2ffd417f3e9d@group-5380CF8AFA8F->8591884e-632d-462e-b660-b3f7453a56d0: nextIndex: updateUnconditionally 13 -> 12
2019-09-25 17:15:26,467 [java.util.concurrent.ThreadPoolExecutor$Worker@7f903a69[State = -1, empty queue]] WARN  server.GrpcLogAppender (GrpcLogAppender.java:timeoutAppendRequest(200)) - aac5cd58-9b02-4776-bc0c-2ffd417f3e9d@group-5380CF8AFA8F->c3297815-3aa8-40d9-890f-fc612b5cc05d-GrpcLogAppender: appendEntries Timeout, request=aac5cd58-9b02-4776-bc0c-2ffd417f3e9d->c3297815-3aa8-40d9-890f-fc612b5cc05d#97-t1, previous=(t:1, i:15), leaderCommit=14, initializing? false, entries: <empty>
2019-09-25 17:15:26,470 [grpc-default-executor-12] WARN  server.GrpcLogAppender (LogUtils.java:warn(134)) - aac5cd58-9b02-4776-bc0c-2ffd417f3e9d@group-5380CF8AFA8F->8591884e-632d-462e-b660-b3f7453a56d0-AppendLogResponseHandler: Failed appendEntries: org.apache.ratis.thirdparty.io.grpc.StatusRuntimeException: UNAVAILABLE: io exception
2019-09-25 17:15:26,471 [grpc-default-executor-12] INFO  impl.FollowerInfo (FollowerInfo.java:lambda$new$0(51)) - aac5cd58-9b02-4776-bc0c-2ffd417f3e9d@group-5380CF8AFA8F->8591884e-632d-462e-b660-b3f7453a56d0: nextIndex: updateUnconditionally 12 -> 11
2019-09-25 17:15:26,967 [java.util.concurrent.ThreadPoolExecutor$Worker@7f903a69[State = -1, empty queue]] WARN  server.GrpcLogAppender (GrpcLogAppender.java:timeoutAppendRequest(200)) - aac5cd58-9b02-4776-bc0c-2ffd417f3e9d@group-5380CF8AFA8F->c3297815-3aa8-40d9-890f-fc612b5cc05d-GrpcLogAppender: appendEntries Timeout, request=aac5cd58-9b02-4776-bc0c-2ffd417f3e9d->c3297815-3aa8-40d9-890f-fc612b5cc05d#98-t1, previous=(t:1, i:15), leaderCommit=14, initializing? false, entries: <empty>
2019-09-25 17:15:26,971 [grpc-default-executor-10] WARN  server.GrpcLogAppender (LogUtils.java:warn(134)) - aac5cd58-9b02-4776-bc0c-2ffd417f3e9d@group-5380CF8AFA8F->8591884e-632d-462e-b660-b3f7453a56d0-AppendLogResponseHandler: Failed appendEntries: org.apache.ratis.thirdparty.io.grpc.StatusRuntimeException: UNAVAILABLE: io exception
2019-09-25 17:15:26,971 [grpc-default-executor-10] INFO  impl.FollowerInfo (FollowerInfo.java:lambda$new$0(51)) - aac5cd58-9b02-4776-bc0c-2ffd417f3e9d@group-5380CF8AFA8F->8591884e-632d-462e-b660-b3f7453a56d0: nextIndex: updateUnconditionally 11 -> 10
2019-09-25 17:15:27,467 [java.util.concurrent.ThreadPoolExecutor$Worker@7f903a69[State = -1, empty queue]] WARN  server.GrpcLogAppender (GrpcLogAppender.java:timeoutAppendRequest(200)) - aac5cd58-9b02-4776-bc0c-2ffd417f3e9d@group-5380CF8AFA8F->c3297815-3aa8-40d9-890f-fc612b5cc05d-GrpcLogAppender: appendEntries Timeout, request=aac5cd58-9b02-4776-bc0c-2ffd417f3e9d->c3297815-3aa8-40d9-890f-fc612b5cc05d#99-t1, previous=(t:1, i:15), leaderCommit=14, initializing? false, entries: <empty>
2019-09-25 17:15:27,472 [grpc-default-executor-12] WARN  server.GrpcLogAppender (LogUtils.java:warn(134)) - aac5cd58-9b02-4776-bc0c-2ffd417f3e9d@group-5380CF8AFA8F->8591884e-632d-462e-b660-b3f7453a56d0-AppendLogResponseHandler: Failed appendEntries: org.apache.ratis.thirdparty.io.grpc.StatusRuntimeException: UNAVAILABLE: io exception
2019-09-25 17:15:27,472 [grpc-default-executor-12] INFO  impl.FollowerInfo (FollowerInfo.java:lambda$new$0(51)) - aac5cd58-9b02-4776-bc0c-2ffd417f3e9d@group-5380CF8AFA8F->8591884e-632d-462e-b660-b3f7453a56d0: nextIndex: updateUnconditionally 10 -> 9
2019-09-25 17:15:27,968 [java.util.concurrent.ThreadPoolExecutor$Worker@7f903a69[State = -1, empty queue]] WARN  server.GrpcLogAppender (GrpcLogAppender.java:timeoutAppendRequest(200)) - aac5cd58-9b02-4776-bc0c-2ffd417f3e9d@group-5380CF8AFA8F->c3297815-3aa8-40d9-890f-fc612b5cc05d-GrpcLogAppender: appendEntries Timeout, request=aac5cd58-9b02-4776-bc0c-2ffd417f3e9d->c3297815-3aa8-40d9-890f-fc612b5cc05d#100-t1, previous=(t:1, i:15), leaderCommit=14, initializing? false, entries: <empty>
2019-09-25 17:15:27,972 [grpc-default-executor-12] WARN  server.GrpcLogAppender (LogUtils.java:warn(134)) - aac5cd58-9b02-4776-bc0c-2ffd417f3e9d@group-5380CF8AFA8F->8591884e-632d-462e-b660-b3f7453a56d0-AppendLogResponseHandler: Failed appendEntries: org.apache.ratis.thirdparty.io.grpc.StatusRuntimeException: UNAVAILABLE: io exception
2019-09-25 17:15:27,972 [grpc-default-executor-12] INFO  impl.FollowerInfo (FollowerInfo.java:lambda$new$0(51)) - aac5cd58-9b02-4776-bc0c-2ffd417f3e9d@group-5380CF8AFA8F->8591884e-632d-462e-b660-b3f7453a56d0: nextIndex: updateUnconditionally 9 -> 8
2019-09-25 17:15:28,468 [java.util.concurrent.ThreadPoolExecutor$Worker@7f903a69[State = -1, empty queue]] WARN  server.GrpcLogAppender (GrpcLogAppender.java:timeoutAppendRequest(200)) - aac5cd58-9b02-4776-bc0c-2ffd417f3e9d@group-5380CF8AFA8F->c3297815-3aa8-40d9-890f-fc612b5cc05d-GrpcLogAppender: appendEntries Timeout, request=aac5cd58-9b02-4776-bc0c-2ffd417f3e9d->c3297815-3aa8-40d9-890f-fc612b5cc05d#101-t1, previous=(t:1, i:15), leaderCommit=14, initializing? false, entries: <empty>
2019-09-25 17:15:28,473 [grpc-default-executor-10] WARN  server.GrpcLogAppender (LogUtils.java:warn(134)) - aac5cd58-9b02-4776-bc0c-2ffd417f3e9d@group-5380CF8AFA8F->8591884e-632d-462e-b660-b3f7453a56d0-AppendLogResponseHandler: Failed appendEntries: org.apache.ratis.thirdparty.io.grpc.StatusRuntimeException: UNAVAILABLE: io exception
2019-09-25 17:15:28,474 [grpc-default-executor-10] INFO  impl.FollowerInfo (FollowerInfo.java:lambda$new$0(51)) - aac5cd58-9b02-4776-bc0c-2ffd417f3e9d@group-5380CF8AFA8F->8591884e-632d-462e-b660-b3f7453a56d0: nextIndex: updateUnconditionally 8 -> 7
2019-09-25 17:15:28,968 [java.util.concurrent.ThreadPoolExecutor$Worker@7f903a69[State = -1, empty queue]] WARN  server.GrpcLogAppender (GrpcLogAppender.java:timeoutAppendRequest(200)) - aac5cd58-9b02-4776-bc0c-2ffd417f3e9d@group-5380CF8AFA8F->c3297815-3aa8-40d9-890f-fc612b5cc05d-GrpcLogAppender: appendEntries Timeout, request=aac5cd58-9b02-4776-bc0c-2ffd417f3e9d->c3297815-3aa8-40d9-890f-fc612b5cc05d#102-t1, previous=(t:1, i:15), leaderCommit=14, initializing? false, entries: <empty>
2019-09-25 17:15:28,974 [grpc-default-executor-10] WARN  server.GrpcLogAppender (LogUtils.java:warn(134)) - aac5cd58-9b02-4776-bc0c-2ffd417f3e9d@group-5380CF8AFA8F->8591884e-632d-462e-b660-b3f7453a56d0-AppendLogResponseHandler: Failed appendEntries: org.apache.ratis.thirdparty.io.grpc.StatusRuntimeException: UNAVAILABLE: io exception
2019-09-25 17:15:28,975 [grpc-default-executor-10] INFO  impl.FollowerInfo (FollowerInfo.java:lambda$new$0(51)) - aac5cd58-9b02-4776-bc0c-2ffd417f3e9d@group-5380CF8AFA8F->8591884e-632d-462e-b660-b3f7453a56d0: nextIndex: updateUnconditionally 7 -> 6
2019-09-25 17:15:28,988 [grpc-default-executor-10] WARN  server.GrpcLogAppender (GrpcLogAppender.java:onNextImpl(251)) - aac5cd58-9b02-4776-bc0c-2ffd417f3e9d@group-5380CF8AFA8F->c3297815-3aa8-40d9-890f-fc612b5cc05d-AppendLogResponseHandler: Request not found, ignoring reply: aac5cd58-9b02-4776-bc0c-2ffd417f3e9d<-c3297815-3aa8-40d9-890f-fc612b5cc05d#59:OK,SUCCESS,nextIndex:16,term:1,followerCommit:14
2019-09-25 17:15:28,989 [grpc-default-executor-10] WARN  server.GrpcLogAppender (GrpcLogAppender.java:onNextImpl(251)) - aac5cd58-9b02-4776-bc0c-2ffd417f3e9d@group-5380CF8AFA8F->c3297815-3aa8-40d9-890f-fc612b5cc05d-AppendLogResponseHandler: Request not found, ignoring reply: aac5cd58-9b02-4776-bc0c-2ffd417f3e9d<-c3297815-3aa8-40d9-890f-fc612b5cc05d#60:OK,SUCCESS,nextIndex:16,term:1,followerCommit:14
2019-09-25 17:15:28,989 [grpc-default-executor-10] WARN  server.GrpcLogAppender (GrpcLogAppender.java:onNextImpl(251)) - aac5cd58-9b02-4776-bc0c-2ffd417f3e9d@group-5380CF8AFA8F->c3297815-3aa8-40d9-890f-fc612b5cc05d-AppendLogResponseHandler: Request not found, ignoring reply: aac5cd58-9b02-4776-bc0c-2ffd417f3e9d<-c3297815-3aa8-40d9-890f-fc612b5cc05d#61:OK,SUCCESS,nextIndex:16,term:1,followerCommit:14
2019-09-25 17:15:28,989 [grpc-default-executor-10] WARN  server.GrpcLogAppender (GrpcLogAppender.java:onNextImpl(251)) - aac5cd58-9b02-4776-bc0c-2ffd417f3e9d@group-5380CF8AFA8F->c3297815-3aa8-40d9-890f-fc612b5cc05d-AppendLogResponseHandler: Request not found, ignoring reply: aac5cd58-9b02-4776-bc0c-2ffd417f3e9d<-c3297815-3aa8-40d9-890f-fc612b5cc05d#62:OK,SUCCESS,nextIndex:16,term:1,followerCommit:14
2019-09-25 17:15:28,989 [grpc-default-executor-10] WARN  server.GrpcLogAppender (GrpcLogAppender.java:onNextImpl(251)) - aac5cd58-9b02-4776-bc0c-2ffd417f3e9d@group-5380CF8AFA8F->c3297815-3aa8-40d9-890f-fc612b5cc05d-AppendLogResponseHandler: Request not found, ignoring reply: aac5cd58-9b02-4776-bc0c-2ffd417f3e9d<-c3297815-3aa8-40d9-890f-fc612b5cc05d#63:OK,SUCCESS,nextIndex:16,term:1,followerCommit:14
2019-09-25 17:15:28,989 [grpc-default-executor-10] WARN  server.GrpcLogAppender (GrpcLogAppender.java:onNextImpl(251)) - aac5cd58-9b02-4776-bc0c-2ffd417f3e9d@group-5380CF8AFA8F->c3297815-3aa8-40d9-890f-fc612b5cc05d-AppendLogResponseHandler: Request not found, ignoring reply: aac5cd58-9b02-4776-bc0c-2ffd417f3e9d<-c3297815-3aa8-40d9-890f-fc612b5cc05d#64:OK,SUCCESS,nextIndex:16,term:1,followerCommit:14
2019-09-25 17:15:28,990 [grpc-default-executor-10] WARN  server.GrpcLogAppender (GrpcLogAppender.java:onNextImpl(251)) - aac5cd58-9b02-4776-bc0c-2ffd417f3e9d@group-5380CF8AFA8F->c3297815-3aa8-40d9-890f-fc612b5cc05d-AppendLogResponseHandler: Request not found, ignoring reply: aac5cd58-9b02-4776-bc0c-2ffd417f3e9d<-c3297815-3aa8-40d9-890f-fc612b5cc05d#65:OK,SUCCESS,nextIndex:16,term:1,followerCommit:14
2019-09-25 17:15:28,990 [grpc-default-executor-10] WARN  server.GrpcLogAppender (GrpcLogAppender.java:onNextImpl(251)) - aac5cd58-9b02-4776-bc0c-2ffd417f3e9d@group-5380CF8AFA8F->c3297815-3aa8-40d9-890f-fc612b5cc05d-AppendLogResponseHandler: Request not found, ignoring reply: aac5cd58-9b02-4776-bc0c-2ffd417f3e9d<-c3297815-3aa8-40d9-890f-fc612b5cc05d#66:OK,SUCCESS,nextIndex:16,term:1,followerCommit:14
2019-09-25 17:15:28,990 [grpc-default-executor-10] WARN  server.GrpcLogAppender (GrpcLogAppender.java:onNextImpl(251)) - aac5cd58-9b02-4776-bc0c-2ffd417f3e9d@group-5380CF8AFA8F->c3297815-3aa8-40d9-890f-fc612b5cc05d-AppendLogResponseHandler: Request not found, ignoring reply: aac5cd58-9b02-4776-bc0c-2ffd417f3e9d<-c3297815-3aa8-40d9-890f-fc612b5cc05d#67:OK,SUCCESS,nextIndex:16,term:1,followerCommit:14
2019-09-25 17:15:28,990 [grpc-default-executor-10] WARN  server.GrpcLogAppender (GrpcLogAppender.java:onNextImpl(251)) - aac5cd58-9b02-4776-bc0c-2ffd417f3e9d@group-5380CF8AFA8F->c3297815-3aa8-40d9-890f-fc612b5cc05d-AppendLogResponseHandler: Request not found, ignoring reply: aac5cd58-9b02-4776-bc0c-2ffd417f3e9d<-c3297815-3aa8-40d9-890f-fc612b5cc05d#68:OK,SUCCESS,nextIndex:16,term:1,followerCommit:14
2019-09-25 17:15:28,991 [grpc-default-executor-10] WARN  server.GrpcLogAppender (GrpcLogAppender.java:onNextImpl(251)) - aac5cd58-9b02-4776-bc0c-2ffd417f3e9d@group-5380CF8AFA8F->c3297815-3aa8-40d9-890f-fc612b5cc05d-AppendLogResponseHandler: Request not found, ignoring reply: aac5cd58-9b02-4776-bc0c-2ffd417f3e9d<-c3297815-3aa8-40d9-890f-fc612b5cc05d#69:OK,SUCCESS,nextIndex:16,term:1,followerCommit:14
2019-09-25 17:15:28,991 [grpc-default-executor-10] WARN  server.GrpcLogAppender (GrpcLogAppender.java:onNextImpl(251)) - aac5cd58-9b02-4776-bc0c-2ffd417f3e9d@group-5380CF8AFA8F->c3297815-3aa8-40d9-890f-fc612b5cc05d-AppendLogResponseHandler: Request not found, ignoring reply: aac5cd58-9b02-4776-bc0c-2ffd417f3e9d<-c3297815-3aa8-40d9-890f-fc612b5cc05d#70:OK,SUCCESS,nextIndex:16,term:1,followerCommit:14
2019-09-25 17:15:28,991 [grpc-default-executor-10] WARN  server.GrpcLogAppender (GrpcLogAppender.java:onNextImpl(251)) - aac5cd58-9b02-4776-bc0c-2ffd417f3e9d@group-5380CF8AFA8F->c3297815-3aa8-40d9-890f-fc612b5cc05d-AppendLogResponseHandler: Request not found, ignoring reply: aac5cd58-9b02-4776-bc0c-2ffd417f3e9d<-c3297815-3aa8-40d9-890f-fc612b5cc05d#71:OK,SUCCESS,nextIndex:16,term:1,followerCommit:14
2019-09-25 17:15:28,991 [grpc-default-executor-10] WARN  server.GrpcLogAppender (GrpcLogAppender.java:onNextImpl(251)) - aac5cd58-9b02-4776-bc0c-2ffd417f3e9d@group-5380CF8AFA8F->c3297815-3aa8-40d9-890f-fc612b5cc05d-AppendLogResponseHandler: Request not found, ignoring reply: aac5cd58-9b02-4776-bc0c-2ffd417f3e9d<-c3297815-3aa8-40d9-890f-fc612b5cc05d#72:OK,SUCCESS,nextIndex:16,term:1,followerCommit:14
2019-09-25 17:15:28,992 [grpc-default-executor-10] WARN  server.GrpcLogAppender (GrpcLogAppender.java:onNextImpl(251)) - aac5cd58-9b02-4776-bc0c-2ffd417f3e9d@group-5380CF8AFA8F->c3297815-3aa8-40d9-890f-fc612b5cc05d-AppendLogResponseHandler: Request not found, ignoring reply: aac5cd58-9b02-4776-bc0c-2ffd417f3e9d<-c3297815-3aa8-40d9-890f-fc612b5cc05d#73:OK,SUCCESS,nextIndex:16,term:1,followerCommit:14
2019-09-25 17:15:28,992 [grpc-default-executor-10] WARN  server.GrpcLogAppender (GrpcLogAppender.java:onNextImpl(251)) - aac5cd58-9b02-4776-bc0c-2ffd417f3e9d@group-5380CF8AFA8F->c3297815-3aa8-40d9-890f-fc612b5cc05d-AppendLogResponseHandler: Request not found, ignoring reply: aac5cd58-9b02-4776-bc0c-2ffd417f3e9d<-c3297815-3aa8-40d9-890f-fc612b5cc05d#74:OK,SUCCESS,nextIndex:16,term:1,followerCommit:14
2019-09-25 17:15:28,992 [grpc-default-executor-10] WARN  server.GrpcLogAppender (GrpcLogAppender.java:onNextImpl(251)) - aac5cd58-9b02-4776-bc0c-2ffd417f3e9d@group-5380CF8AFA8F->c3297815-3aa8-40d9-890f-fc612b5cc05d-AppendLogResponseHandler: Request not found, ignoring reply: aac5cd58-9b02-4776-bc0c-2ffd417f3e9d<-c3297815-3aa8-40d9-890f-fc612b5cc05d#75:OK,SUCCESS,nextIndex:16,term:1,followerCommit:14
2019-09-25 17:15:28,992 [grpc-default-executor-10] WARN  server.GrpcLogAppender (GrpcLogAppender.java:onNextImpl(251)) - aac5cd58-9b02-4776-bc0c-2ffd417f3e9d@group-5380CF8AFA8F->c3297815-3aa8-40d9-890f-fc612b5cc05d-AppendLogResponseHandler: Request not found, ignoring reply: aac5cd58-9b02-4776-bc0c-2ffd417f3e9d<-c3297815-3aa8-40d9-890f-fc612b5cc05d#76:OK,SUCCESS,nextIndex:16,term:1,followerCommit:14
2019-09-25 17:15:28,992 [grpc-default-executor-10] WARN  server.GrpcLogAppender (GrpcLogAppender.java:onNextImpl(251)) - aac5cd58-9b02-4776-bc0c-2ffd417f3e9d@group-5380CF8AFA8F->c3297815-3aa8-40d9-890f-fc612b5cc05d-AppendLogResponseHandler: Request not found, ignoring reply: aac5cd58-9b02-4776-bc0c-2ffd417f3e9d<-c3297815-3aa8-40d9-890f-fc612b5cc05d#77:OK,SUCCESS,nextIndex:16,term:1,followerCommit:14
2019-09-25 17:15:28,993 [grpc-default-executor-10] WARN  server.GrpcLogAppender (GrpcLogAppender.java:onNextImpl(251)) - aac5cd58-9b02-4776-bc0c-2ffd417f3e9d@group-5380CF8AFA8F->c3297815-3aa8-40d9-890f-fc612b5cc05d-AppendLogResponseHandler: Request not found, ignoring reply: aac5cd58-9b02-4776-bc0c-2ffd417f3e9d<-c3297815-3aa8-40d9-890f-fc612b5cc05d#78:OK,SUCCESS,nextIndex:16,term:1,followerCommit:14
2019-09-25 17:15:28,993 [grpc-default-executor-10] WARN  server.GrpcLogAppender (GrpcLogAppender.java:onNextImpl(251)) - aac5cd58-9b02-4776-bc0c-2ffd417f3e9d@group-5380CF8AFA8F->c3297815-3aa8-40d9-890f-fc612b5cc05d-AppendLogResponseHandler: Request not found, ignoring reply: aac5cd58-9b02-4776-bc0c-2ffd417f3e9d<-c3297815-3aa8-40d9-890f-fc612b5cc05d#79:OK,SUCCESS,nextIndex:16,term:1,followerCommit:14
2019-09-25 17:15:28,993 [grpc-default-executor-10] WARN  server.GrpcLogAppender (GrpcLogAppender.java:onNextImpl(251)) - aac5cd58-9b02-4776-bc0c-2ffd417f3e9d@group-5380CF8AFA8F->c3297815-3aa8-40d9-890f-fc612b5cc05d-AppendLogResponseHandler: Request not found, ignoring reply: aac5cd58-9b02-4776-bc0c-2ffd417f3e9d<-c3297815-3aa8-40d9-890f-fc612b5cc05d#80:OK,SUCCESS,nextIndex:16,term:1,followerCommit:14
2019-09-25 17:15:28,994 [grpc-default-executor-10] WARN  server.GrpcLogAppender (GrpcLogAppender.java:onNextImpl(251)) - aac5cd58-9b02-4776-bc0c-2ffd417f3e9d@group-5380CF8AFA8F->c3297815-3aa8-40d9-890f-fc612b5cc05d-AppendLogResponseHandler: Request not found, ignoring reply: aac5cd58-9b02-4776-bc0c-2ffd417f3e9d<-c3297815-3aa8-40d9-890f-fc612b5cc05d#81:OK,SUCCESS,nextIndex:16,term:1,followerCommit:14
2019-09-25 17:15:28,994 [grpc-default-executor-10] WARN  server.GrpcLogAppender (GrpcLogAppender.java:onNextImpl(251)) - aac5cd58-9b02-4776-bc0c-2ffd417f3e9d@group-5380CF8AFA8F->c3297815-3aa8-40d9-890f-fc612b5cc05d-AppendLogResponseHandler: Request not found, ignoring reply: aac5cd58-9b02-4776-bc0c-2ffd417f3e9d<-c3297815-3aa8-40d9-890f-fc612b5cc05d#82:OK,SUCCESS,nextIndex:16,term:1,followerCommit:14
2019-09-25 17:15:28,994 [grpc-default-executor-10] WARN  server.GrpcLogAppender (GrpcLogAppender.java:onNextImpl(251)) - aac5cd58-9b02-4776-bc0c-2ffd417f3e9d@group-5380CF8AFA8F->c3297815-3aa8-40d9-890f-fc612b5cc05d-AppendLogResponseHandler: Request not found, ignoring reply: aac5cd58-9b02-4776-bc0c-2ffd417f3e9d<-c3297815-3aa8-40d9-890f-fc612b5cc05d#83:OK,SUCCESS,nextIndex:16,term:1,followerCommit:14
2019-09-25 17:15:28,994 [grpc-default-executor-10] WARN  server.GrpcLogAppender (GrpcLogAppender.java:onNextImpl(251)) - aac5cd58-9b02-4776-bc0c-2ffd417f3e9d@group-5380CF8AFA8F->c3297815-3aa8-40d9-890f-fc612b5cc05d-AppendLogResponseHandler: Request not found, ignoring reply: aac5cd58-9b02-4776-bc0c-2ffd417f3e9d<-c3297815-3aa8-40d9-890f-fc612b5cc05d#84:OK,SUCCESS,nextIndex:16,term:1,followerCommit:14
2019-09-25 17:15:28,995 [grpc-default-executor-10] WARN  server.GrpcLogAppender (GrpcLogAppender.java:onNextImpl(251)) - aac5cd58-9b02-4776-bc0c-2ffd417f3e9d@group-5380CF8AFA8F->c3297815-3aa8-40d9-890f-fc612b5cc05d-AppendLogResponseHandler: Request not found, ignoring reply: aac5cd58-9b02-4776-bc0c-2ffd417f3e9d<-c3297815-3aa8-40d9-890f-fc612b5cc05d#85:OK,SUCCESS,nextIndex:16,term:1,followerCommit:14
2019-09-25 17:15:28,995 [grpc-default-executor-10] WARN  server.GrpcLogAppender (GrpcLogAppender.java:onNextImpl(251)) - aac5cd58-9b02-4776-bc0c-2ffd417f3e9d@group-5380CF8AFA8F->c3297815-3aa8-40d9-890f-fc612b5cc05d-AppendLogResponseHandler: Request not found, ignoring reply: aac5cd58-9b02-4776-bc0c-2ffd417f3e9d<-c3297815-3aa8-40d9-890f-fc612b5cc05d#86:OK,SUCCESS,nextIndex:16,term:1,followerCommit:14
2019-09-25 17:15:28,995 [grpc-default-executor-10] WARN  server.GrpcLogAppender (GrpcLogAppender.java:onNextImpl(251)) - aac5cd58-9b02-4776-bc0c-2ffd417f3e9d@group-5380CF8AFA8F->c3297815-3aa8-40d9-890f-fc612b5cc05d-AppendLogResponseHandler: Request not found, ignoring reply: aac5cd58-9b02-4776-bc0c-2ffd417f3e9d<-c3297815-3aa8-40d9-890f-fc612b5cc05d#87:OK,SUCCESS,nextIndex:16,term:1,followerCommit:14
2019-09-25 17:15:28,995 [grpc-default-executor-10] WARN  server.GrpcLogAppender (GrpcLogAppender.java:onNextImpl(251)) - aac5cd58-9b02-4776-bc0c-2ffd417f3e9d@group-5380CF8AFA8F->c3297815-3aa8-40d9-890f-fc612b5cc05d-AppendLogResponseHandler: Request not found, ignoring reply: aac5cd58-9b02-4776-bc0c-2ffd417f3e9d<-c3297815-3aa8-40d9-890f-fc612b5cc05d#88:OK,SUCCESS,nextIndex:16,term:1,followerCommit:14
2019-09-25 17:15:28,996 [grpc-default-executor-10] WARN  server.GrpcLogAppender (GrpcLogAppender.java:onNextImpl(251)) - aac5cd58-9b02-4776-bc0c-2ffd417f3e9d@group-5380CF8AFA8F->c3297815-3aa8-40d9-890f-fc612b5cc05d-AppendLogResponseHandler: Request not found, ignoring reply: aac5cd58-9b02-4776-bc0c-2ffd417f3e9d<-c3297815-3aa8-40d9-890f-fc612b5cc05d#89:OK,SUCCESS,nextIndex:16,term:1,followerCommit:14
2019-09-25 17:15:28,996 [grpc-default-executor-10] WARN  server.GrpcLogAppender (GrpcLogAppender.java:onNextImpl(251)) - aac5cd58-9b02-4776-bc0c-2ffd417f3e9d@group-5380CF8AFA8F->c3297815-3aa8-40d9-890f-fc612b5cc05d-AppendLogResponseHandler: Request not found, ignoring reply: aac5cd58-9b02-4776-bc0c-2ffd417f3e9d<-c3297815-3aa8-40d9-890f-fc612b5cc05d#90:OK,SUCCESS,nextIndex:16,term:1,followerCommit:14
2019-09-25 17:15:28,996 [grpc-default-executor-10] WARN  server.GrpcLogAppender (GrpcLogAppender.java:onNextImpl(251)) - aac5cd58-9b02-4776-bc0c-2ffd417f3e9d@group-5380CF8AFA8F->c3297815-3aa8-40d9-890f-fc612b5cc05d-AppendLogResponseHandler: Request not found, ignoring reply: aac5cd58-9b02-4776-bc0c-2ffd417f3e9d<-c3297815-3aa8-40d9-890f-fc612b5cc05d#91:OK,SUCCESS,nextIndex:16,term:1,followerCommit:14
2019-09-25 17:15:28,996 [grpc-default-executor-10] WARN  server.GrpcLogAppender (GrpcLogAppender.java:onNextImpl(251)) - aac5cd58-9b02-4776-bc0c-2ffd417f3e9d@group-5380CF8AFA8F->c3297815-3aa8-40d9-890f-fc612b5cc05d-AppendLogResponseHandler: Request not found, ignoring reply: aac5cd58-9b02-4776-bc0c-2ffd417f3e9d<-c3297815-3aa8-40d9-890f-fc612b5cc05d#92:OK,SUCCESS,nextIndex:16,term:1,followerCommit:14
2019-09-25 17:15:28,996 [grpc-default-executor-10] WARN  server.GrpcLogAppender (GrpcLogAppender.java:onNextImpl(251)) - aac5cd58-9b02-4776-bc0c-2ffd417f3e9d@group-5380CF8AFA8F->c3297815-3aa8-40d9-890f-fc612b5cc05d-AppendLogResponseHandler: Request not found, ignoring reply: aac5cd58-9b02-4776-bc0c-2ffd417f3e9d<-c3297815-3aa8-40d9-890f-fc612b5cc05d#93:OK,SUCCESS,nextIndex:16,term:1,followerCommit:14
2019-09-25 17:15:28,997 [grpc-default-executor-10] WARN  server.GrpcLogAppender (GrpcLogAppender.java:onNextImpl(251)) - aac5cd58-9b02-4776-bc0c-2ffd417f3e9d@group-5380CF8AFA8F->c3297815-3aa8-40d9-890f-fc612b5cc05d-AppendLogResponseHandler: Request not found, ignoring reply: aac5cd58-9b02-4776-bc0c-2ffd417f3e9d<-c3297815-3aa8-40d9-890f-fc612b5cc05d#94:OK,SUCCESS,nextIndex:16,term:1,followerCommit:14
2019-09-25 17:15:28,997 [grpc-default-executor-10] WARN  server.GrpcLogAppender (GrpcLogAppender.java:onNextImpl(251)) - aac5cd58-9b02-4776-bc0c-2ffd417f3e9d@group-5380CF8AFA8F->c3297815-3aa8-40d9-890f-fc612b5cc05d-AppendLogResponseHandler: Request not found, ignoring reply: aac5cd58-9b02-4776-bc0c-2ffd417f3e9d<-c3297815-3aa8-40d9-890f-fc612b5cc05d#95:OK,SUCCESS,nextIndex:16,term:1,followerCommit:14
2019-09-25 17:15:28,997 [grpc-default-executor-10] WARN  server.GrpcLogAppender (GrpcLogAppender.java:onNextImpl(251)) - aac5cd58-9b02-4776-bc0c-2ffd417f3e9d@group-5380CF8AFA8F->c3297815-3aa8-40d9-890f-fc612b5cc05d-AppendLogResponseHandler: Request not found, ignoring reply: aac5cd58-9b02-4776-bc0c-2ffd417f3e9d<-c3297815-3aa8-40d9-890f-fc612b5cc05d#96:OK,SUCCESS,nextIndex:16,term:1,followerCommit:14
2019-09-25 17:15:28,997 [grpc-default-executor-10] WARN  server.GrpcLogAppender (GrpcLogAppender.java:onNextImpl(251)) - aac5cd58-9b02-4776-bc0c-2ffd417f3e9d@group-5380CF8AFA8F->c3297815-3aa8-40d9-890f-fc612b5cc05d-AppendLogResponseHandler: Request not found, ignoring reply: aac5cd58-9b02-4776-bc0c-2ffd417f3e9d<-c3297815-3aa8-40d9-890f-fc612b5cc05d#97:OK,SUCCESS,nextIndex:16,term:1,followerCommit:14
2019-09-25 17:15:28,997 [grpc-default-executor-10] WARN  server.GrpcLogAppender (GrpcLogAppender.java:onNextImpl(251)) - aac5cd58-9b02-4776-bc0c-2ffd417f3e9d@group-5380CF8AFA8F->c3297815-3aa8-40d9-890f-fc612b5cc05d-AppendLogResponseHandler: Request not found, ignoring reply: aac5cd58-9b02-4776-bc0c-2ffd417f3e9d<-c3297815-3aa8-40d9-890f-fc612b5cc05d#98:OK,SUCCESS,nextIndex:16,term:1,followerCommit:14
2019-09-25 17:15:28,997 [grpc-default-executor-10] WARN  server.GrpcLogAppender (GrpcLogAppender.java:onNextImpl(251)) - aac5cd58-9b02-4776-bc0c-2ffd417f3e9d@group-5380CF8AFA8F->c3297815-3aa8-40d9-890f-fc612b5cc05d-AppendLogResponseHandler: Request not found, ignoring reply: aac5cd58-9b02-4776-bc0c-2ffd417f3e9d<-c3297815-3aa8-40d9-890f-fc612b5cc05d#99:OK,SUCCESS,nextIndex:16,term:1,followerCommit:14
2019-09-25 17:15:28,998 [grpc-default-executor-10] WARN  server.GrpcLogAppender (GrpcLogAppender.java:onNextImpl(251)) - aac5cd58-9b02-4776-bc0c-2ffd417f3e9d@group-5380CF8AFA8F->c3297815-3aa8-40d9-890f-fc612b5cc05d-AppendLogResponseHandler: Request not found, ignoring reply: aac5cd58-9b02-4776-bc0c-2ffd417f3e9d<-c3297815-3aa8-40d9-890f-fc612b5cc05d#100:OK,SUCCESS,nextIndex:16,term:1,followerCommit:14
2019-09-25 17:15:28,998 [grpc-default-executor-10] WARN  server.GrpcLogAppender (GrpcLogAppender.java:onNextImpl(251)) - aac5cd58-9b02-4776-bc0c-2ffd417f3e9d@group-5380CF8AFA8F->c3297815-3aa8-40d9-890f-fc612b5cc05d-AppendLogResponseHandler: Request not found, ignoring reply: aac5cd58-9b02-4776-bc0c-2ffd417f3e9d<-c3297815-3aa8-40d9-890f-fc612b5cc05d#101:OK,SUCCESS,nextIndex:16,term:1,followerCommit:14
2019-09-25 17:15:28,998 [grpc-default-executor-10] WARN  server.GrpcLogAppender (GrpcLogAppender.java:onNextImpl(251)) - aac5cd58-9b02-4776-bc0c-2ffd417f3e9d@group-5380CF8AFA8F->c3297815-3aa8-40d9-890f-fc612b5cc05d-AppendLogResponseHandler: Request not found, ignoring reply: aac5cd58-9b02-4776-bc0c-2ffd417f3e9d<-c3297815-3aa8-40d9-890f-fc612b5cc05d#102:OK,SUCCESS,nextIndex:16,term:1,followerCommit:14
2019-09-25 17:15:29,000 [grpc-default-executor-13] WARN  server.GrpcLogAppender (LogUtils.java:warn(134)) - aac5cd58-9b02-4776-bc0c-2ffd417f3e9d@group-5380CF8AFA8F->8591884e-632d-462e-b660-b3f7453a56d0-AppendLogResponseHandler: Failed appendEntries: org.apache.ratis.thirdparty.io.grpc.StatusRuntimeException: UNAVAILABLE: io exception
2019-09-25 17:15:29,005 [grpc-default-executor-13] INFO  impl.FollowerInfo (FollowerInfo.java:lambda$new$0(51)) - aac5cd58-9b02-4776-bc0c-2ffd417f3e9d@group-5380CF8AFA8F->8591884e-632d-462e-b660-b3f7453a56d0: nextIndex: updateUnconditionally 7 -> 6
2019-09-25 17:15:29,010 [grpc-default-executor-10] WARN  server.GrpcLogAppender (LogUtils.java:warn(134)) - aac5cd58-9b02-4776-bc0c-2ffd417f3e9d@group-5380CF8AFA8F->8591884e-632d-462e-b660-b3f7453a56d0-AppendLogResponseHandler: Failed appendEntries: org.apache.ratis.thirdparty.io.grpc.StatusRuntimeException: UNAVAILABLE: io exception
2019-09-25 17:15:29,010 [grpc-default-executor-10] INFO  impl.FollowerInfo (FollowerInfo.java:lambda$new$0(51)) - aac5cd58-9b02-4776-bc0c-2ffd417f3e9d@group-5380CF8AFA8F->8591884e-632d-462e-b660-b3f7453a56d0: nextIndex: updateUnconditionally 7 -> 6
2019-09-25 17:15:29,509 [grpc-default-executor-13] WARN  server.GrpcLogAppender (LogUtils.java:warn(134)) - aac5cd58-9b02-4776-bc0c-2ffd417f3e9d@group-5380CF8AFA8F->8591884e-632d-462e-b660-b3f7453a56d0-AppendLogResponseHandler: Failed appendEntries: org.apache.ratis.thirdparty.io.grpc.StatusRuntimeException: UNAVAILABLE: io exception
2019-09-25 17:15:29,509 [grpc-default-executor-13] INFO  impl.FollowerInfo (FollowerInfo.java:lambda$new$0(51)) - aac5cd58-9b02-4776-bc0c-2ffd417f3e9d@group-5380CF8AFA8F->8591884e-632d-462e-b660-b3f7453a56d0: nextIndex: updateUnconditionally 6 -> 5
2019-09-25 17:15:29,819 [main] INFO  ozoneimpl.OzoneContainer (OzoneContainer.java:stop(231)) - Attempting to stop container services.
2019-09-25 17:15:29,820 [main] INFO  impl.RaftServerProxy (RaftServerProxy.java:lambda$close$4(314)) - c3297815-3aa8-40d9-890f-fc612b5cc05d: close
2019-09-25 17:15:29,821 [main] INFO  impl.RaftServerImpl (RaftServerImpl.java:lambda$shutdown$3(251)) - c3297815-3aa8-40d9-890f-fc612b5cc05d@group-CADCDE8316FB: shutdown
2019-09-25 17:15:29,821 [main] INFO  util.JmxRegister (JmxRegister.java:unregister(73)) - Successfully un-registered JMX Bean with object name Ratis:service=RaftServer,group=group-CADCDE8316FB,id=c3297815-3aa8-40d9-890f-fc612b5cc05d
2019-09-25 17:15:29,822 [main] INFO  impl.RoleInfo (RoleInfo.java:shutdownLeaderState(104)) - c3297815-3aa8-40d9-890f-fc612b5cc05d: shutdown LeaderState
2019-09-25 17:15:29,822 [main] INFO  impl.PendingRequests (PendingRequests.java:sendNotLeaderResponses(202)) - c3297815-3aa8-40d9-890f-fc612b5cc05d-PendingRequests: sendNotLeaderResponses
2019-09-25 17:15:29,823 [main] INFO  impl.StateMachineUpdater (StateMachineUpdater.java:stopAndJoin(125)) - c3297815-3aa8-40d9-890f-fc612b5cc05d@group-CADCDE8316FB-StateMachineUpdater: set stopIndex = 0
2019-09-25 17:15:29,824 [main] INFO  impl.RaftServerImpl (ServerState.java:close(385)) - c3297815-3aa8-40d9-890f-fc612b5cc05d@group-CADCDE8316FB: closes. applyIndex: 0
2019-09-25 17:15:29,824 [c3297815-3aa8-40d9-890f-fc612b5cc05d@group-CADCDE8316FB-SegmentedRaftLogWorker] INFO  segmented.SegmentedRaftLogWorker (SegmentedRaftLogWorker.java:run(313)) - c3297815-3aa8-40d9-890f-fc612b5cc05d@group-CADCDE8316FB-SegmentedRaftLogWorker was interrupted, exiting. There are 0 tasks remaining in the queue.
2019-09-25 17:15:29,827 [main] INFO  segmented.SegmentedRaftLogWorker (SegmentedRaftLogWorker.java:close(228)) - c3297815-3aa8-40d9-890f-fc612b5cc05d@group-CADCDE8316FB-SegmentedRaftLogWorker close()
2019-09-25 17:15:29,828 [main] INFO  impl.RaftServerImpl (RaftServerImpl.java:lambda$shutdown$3(251)) - c3297815-3aa8-40d9-890f-fc612b5cc05d@group-5380CF8AFA8F: shutdown
2019-09-25 17:15:29,829 [main] INFO  util.JmxRegister (JmxRegister.java:unregister(73)) - Successfully un-registered JMX Bean with object name Ratis:service=RaftServer,group=group-5380CF8AFA8F,id=c3297815-3aa8-40d9-890f-fc612b5cc05d
2019-09-25 17:15:29,829 [main] INFO  impl.RoleInfo (RoleInfo.java:shutdownFollowerState(121)) - c3297815-3aa8-40d9-890f-fc612b5cc05d: shutdown FollowerState
2019-09-25 17:15:29,829 [main] INFO  impl.StateMachineUpdater (StateMachineUpdater.java:stopAndJoin(125)) - c3297815-3aa8-40d9-890f-fc612b5cc05d@group-5380CF8AFA8F-StateMachineUpdater: set stopIndex = 16
2019-09-25 17:15:29,829 [Thread-2057] INFO  impl.FollowerState (FollowerState.java:run(115)) - c3297815-3aa8-40d9-890f-fc612b5cc05d: FollowerState was interrupted: java.lang.InterruptedException: sleep interrupted
2019-09-25 17:15:29,829 [c3297815-3aa8-40d9-890f-fc612b5cc05d@group-5380CF8AFA8F-StateMachineUpdater] INFO  ratis.ContainerStateMachine (ContainerStateMachine.java:takeSnapshot(289)) - group-5380CF8AFA8F: Taking a snapshot at:(t:1, i:15) file /workdir/hadoop-ozone/integration-test/target/test-dir/MiniOzoneClusterImpl-ad082b7a-54ff-493a-8801-3708d76457e8/datanode-5/data/ratis/0d1c830a-7918-473d-beff-5380cf8afa8f/sm/snapshot.1_15
2019-09-25 17:15:29,934 [c3297815-3aa8-40d9-890f-fc612b5cc05d@group-5380CF8AFA8F-StateMachineUpdater] INFO  ratis.ContainerStateMachine (ContainerStateMachine.java:takeSnapshot(300)) - group-5380CF8AFA8F: Finished taking a snapshot at:(t:1, i:15) file:/workdir/hadoop-ozone/integration-test/target/test-dir/MiniOzoneClusterImpl-ad082b7a-54ff-493a-8801-3708d76457e8/datanode-5/data/ratis/0d1c830a-7918-473d-beff-5380cf8afa8f/sm/snapshot.1_15 time:105
2019-09-25 17:15:29,934 [c3297815-3aa8-40d9-890f-fc612b5cc05d@group-5380CF8AFA8F-StateMachineUpdater] INFO  impl.StateMachineUpdater (StateMachineUpdater.java:takeSnapshot(258)) - c3297815-3aa8-40d9-890f-fc612b5cc05d@group-5380CF8AFA8F-StateMachineUpdater: Took a snapshot at index 15
2019-09-25 17:15:29,934 [c3297815-3aa8-40d9-890f-fc612b5cc05d@group-5380CF8AFA8F-StateMachineUpdater] INFO  impl.StateMachineUpdater (StateMachineUpdater.java:lambda$new$0(83)) - c3297815-3aa8-40d9-890f-fc612b5cc05d@group-5380CF8AFA8F-StateMachineUpdater: snapshotIndex: updateIncreasingly -1 -> 15
2019-09-25 17:15:29,935 [c3297815-3aa8-40d9-890f-fc612b5cc05d@group-5380CF8AFA8F-StateMachineUpdater] INFO  ratis.ContainerStateMachine (ContainerStateMachine.java:takeSnapshot(289)) - group-5380CF8AFA8F: Taking a snapshot at:(t:1, i:15) file /workdir/hadoop-ozone/integration-test/target/test-dir/MiniOzoneClusterImpl-ad082b7a-54ff-493a-8801-3708d76457e8/datanode-5/data/ratis/0d1c830a-7918-473d-beff-5380cf8afa8f/sm/snapshot.1_15
2019-09-25 17:15:29,937 [c3297815-3aa8-40d9-890f-fc612b5cc05d@group-5380CF8AFA8F-StateMachineUpdater] INFO  ratis.ContainerStateMachine (ContainerStateMachine.java:takeSnapshot(300)) - group-5380CF8AFA8F: Finished taking a snapshot at:(t:1, i:15) file:/workdir/hadoop-ozone/integration-test/target/test-dir/MiniOzoneClusterImpl-ad082b7a-54ff-493a-8801-3708d76457e8/datanode-5/data/ratis/0d1c830a-7918-473d-beff-5380cf8afa8f/sm/snapshot.1_15 time:3
2019-09-25 17:15:29,938 [c3297815-3aa8-40d9-890f-fc612b5cc05d@group-5380CF8AFA8F-StateMachineUpdater] INFO  impl.StateMachineUpdater (StateMachineUpdater.java:takeSnapshot(258)) - c3297815-3aa8-40d9-890f-fc612b5cc05d@group-5380CF8AFA8F-StateMachineUpdater: Took a snapshot at index 15
2019-09-25 17:15:29,938 [c3297815-3aa8-40d9-890f-fc612b5cc05d@group-5380CF8AFA8F-StateMachineUpdater] INFO  impl.StateMachineUpdater (StateMachineUpdater.java:lambda$new$0(83)) - c3297815-3aa8-40d9-890f-fc612b5cc05d@group-5380CF8AFA8F-StateMachineUpdater: snapshotIndex: updateIncreasingly 15 -> 15
2019-09-25 17:15:29,938 [main] INFO  impl.RaftServerImpl (ServerState.java:close(385)) - c3297815-3aa8-40d9-890f-fc612b5cc05d@group-5380CF8AFA8F: closes. applyIndex: 16
2019-09-25 17:15:29,939 [c3297815-3aa8-40d9-890f-fc612b5cc05d@group-5380CF8AFA8F-SegmentedRaftLogWorker] INFO  segmented.SegmentedRaftLogWorker (SegmentedRaftLogWorker.java:run(313)) - c3297815-3aa8-40d9-890f-fc612b5cc05d@group-5380CF8AFA8F-SegmentedRaftLogWorker was interrupted, exiting. There are 0 tasks remaining in the queue.
2019-09-25 17:15:29,949 [main] INFO  segmented.SegmentedRaftLogWorker (SegmentedRaftLogWorker.java:close(228)) - c3297815-3aa8-40d9-890f-fc612b5cc05d@group-5380CF8AFA8F-SegmentedRaftLogWorker close()
2019-09-25 17:15:29,951 [main] INFO  server.GrpcService (GrpcService.java:closeImpl(164)) - c3297815-3aa8-40d9-890f-fc612b5cc05d: shutdown server with port 44201 now
2019-09-25 17:15:29,953 [grpc-default-executor-13] WARN  server.GrpcServerProtocolService (LogUtils.java:warn(134)) - c3297815-3aa8-40d9-890f-fc612b5cc05d: installSnapshot onError, lastRequest: aac5cd58-9b02-4776-bc0c-2ffd417f3e9d->c3297815-3aa8-40d9-890f-fc612b5cc05d#110-t1, previous=(t:1, i:16), leaderCommit=16, initializing? false, entries: <empty>: org.apache.ratis.thirdparty.io.grpc.StatusRuntimeException: CANCELLED: cancelled before receiving half close
2019-09-25 17:15:29,953 [grpc-default-executor-11] WARN  server.GrpcLogAppender (LogUtils.java:warn(134)) - aac5cd58-9b02-4776-bc0c-2ffd417f3e9d@group-5380CF8AFA8F->c3297815-3aa8-40d9-890f-fc612b5cc05d-AppendLogResponseHandler: Failed appendEntries: org.apache.ratis.thirdparty.io.grpc.StatusRuntimeException: CANCELLED: HTTP/2 error code: CANCEL
Received Rst Stream
2019-09-25 17:15:29,953 [main] INFO  server.GrpcService (GrpcService.java:closeImpl(172)) - c3297815-3aa8-40d9-890f-fc612b5cc05d: shutdown server with port 44201 successfully
2019-09-25 17:15:29,953 [grpc-default-executor-11] INFO  impl.FollowerInfo (FollowerInfo.java:lambda$new$0(51)) - aac5cd58-9b02-4776-bc0c-2ffd417f3e9d@group-5380CF8AFA8F->c3297815-3aa8-40d9-890f-fc612b5cc05d: nextIndex: updateUnconditionally 17 -> 16
2019-09-25 17:15:29,955 [refreshUsed-/workdir/hadoop-ozone/integration-test/target/test-dir/MiniOzoneClusterImpl-ad082b7a-54ff-493a-8801-3708d76457e8/datanode-5/data/containers] WARN  fs.CachingGetSpaceUsed (CachingGetSpaceUsed.java:run(183)) - Thread Interrupted waiting to refresh disk information: sleep interrupted
2019-09-25 17:15:29,973 [main] INFO  utils.BackgroundService (BackgroundService.java:shutdown(148)) - Shutting down service BlockDeletingService
2019-09-25 17:15:29,980 [main] INFO  statemachine.DatanodeStateMachine (DatanodeStateMachine.java:stopDaemon(395)) - Ozone container server stopped.
2019-09-25 17:15:29,982 [main] INFO  handler.ContextHandler (ContextHandler.java:doStop(910)) - Stopped o.e.j.w.WebAppContext@839df62{/,null,UNAVAILABLE}{/hddsDatanode}
2019-09-25 17:15:29,984 [main] INFO  server.AbstractConnector (AbstractConnector.java:doStop(318)) - Stopped ServerConnector@76e90da5{HTTP/1.1,[http/1.1]}{0.0.0.0:0}
2019-09-25 17:15:29,984 [main] INFO  handler.ContextHandler (ContextHandler.java:doStop(910)) - Stopped o.e.j.s.ServletContextHandler@35c4697c{/static,jar:file:/home/user/.m2/repository/org/apache/hadoop/hadoop-hdds-container-service/0.5.0-SNAPSHOT/hadoop-hdds-container-service-0.5.0-SNAPSHOT.jar!/webapps/static,UNAVAILABLE}
2019-09-25 17:15:29,985 [main] INFO  handler.ContextHandler (ContextHandler.java:doStop(910)) - Stopped o.e.j.s.ServletContextHandler@202ae86f{/logs,file:///workdir/hadoop-ozone/integration-test/target/log,UNAVAILABLE}
2019-09-25 17:15:30,009 [grpc-default-executor-13] WARN  server.GrpcLogAppender (LogUtils.java:warn(134)) - aac5cd58-9b02-4776-bc0c-2ffd417f3e9d@group-5380CF8AFA8F->8591884e-632d-462e-b660-b3f7453a56d0-AppendLogResponseHandler: Failed appendEntries: org.apache.ratis.thirdparty.io.grpc.StatusRuntimeException: UNAVAILABLE: io exception
2019-09-25 17:15:30,009 [grpc-default-executor-13] INFO  impl.FollowerInfo (FollowerInfo.java:lambda$new$0(51)) - aac5cd58-9b02-4776-bc0c-2ffd417f3e9d@group-5380CF8AFA8F->8591884e-632d-462e-b660-b3f7453a56d0: nextIndex: updateUnconditionally 5 -> 4
2019-09-25 17:15:30,010 [grpc-default-executor-13] WARN  server.GrpcLogAppender (LogUtils.java:warn(134)) - aac5cd58-9b02-4776-bc0c-2ffd417f3e9d@group-5380CF8AFA8F->c3297815-3aa8-40d9-890f-fc612b5cc05d-AppendLogResponseHandler: Failed appendEntries: org.apache.ratis.thirdparty.io.grpc.StatusRuntimeException: UNAVAILABLE: io exception
2019-09-25 17:15:30,011 [grpc-default-executor-13] INFO  impl.FollowerInfo (FollowerInfo.java:lambda$new$0(51)) - aac5cd58-9b02-4776-bc0c-2ffd417f3e9d@group-5380CF8AFA8F->c3297815-3aa8-40d9-890f-fc612b5cc05d: nextIndex: updateUnconditionally 16 -> 15
2019-09-25 17:15:30,016 [main] WARN  io.KeyOutputStream (KeyOutputStream.java:handleException(274)) - Encountered exception java.io.IOException: Unexpected Storage Container Exception: java.util.concurrent.CompletionException: java.util.concurrent.CompletionException: org.apache.ratis.protocol.RaftRetryFailureException: Failed RaftClientRequest:client-812F470FCDC8->aac5cd58-9b02-4776-bc0c-2ffd417f3e9d@group-5380CF8AFA8F, cid=103, seq=1*, RW, org.apache.hadoop.hdds.scm.XceiverClientRatis$$Lambda$430/1779378259@76f70203 for 10 attempts with RetryLimited(maxAttempts=10, sleepTime=1000ms) on the pipeline Pipeline[ Id: 0d1c830a-7918-473d-beff-5380cf8afa8f, Nodes: 8591884e-632d-462e-b660-b3f7453a56d0{ip: 192.168.164.231, host: pr-hdds-2174-f48n4-3529231201, networkLocation: /default-rack, certSerialId: null}c3297815-3aa8-40d9-890f-fc612b5cc05d{ip: 192.168.164.231, host: pr-hdds-2174-f48n4-3529231201, networkLocation: /default-rack, certSerialId: null}aac5cd58-9b02-4776-bc0c-2ffd417f3e9d{ip: 192.168.164.231, host: pr-hdds-2174-f48n4-3529231201, networkLocation: /default-rack, certSerialId: null}, Type:RATIS, Factor:THREE, State:OPEN]. The last committed block length is 0, uncommitted data length is 1048576 retry count 0
2019-09-25 17:15:30,037 [IPC Server handler 1 on 37147] WARN  block.BlockManagerImpl (BlockManagerImpl.java:allocateBlock(192)) - Pipeline creation failed for type:RATIS factor:THREE. Retrying get pipelines call once.
org.apache.hadoop.hdds.scm.pipeline.InsufficientDatanodesException: Cannot create pipeline of factor 3 using 0 nodes.
	at org.apache.hadoop.hdds.scm.pipeline.RatisPipelineProvider.create(RatisPipelineProvider.java:153)
	at org.apache.hadoop.hdds.scm.pipeline.PipelineFactory.create(PipelineFactory.java:58)
	at org.apache.hadoop.hdds.scm.pipeline.SCMPipelineManager.createPipeline(SCMPipelineManager.java:155)
	at org.apache.hadoop.hdds.scm.block.BlockManagerImpl.allocateBlock(BlockManagerImpl.java:190)
	at org.apache.hadoop.hdds.scm.server.SCMBlockProtocolServer.allocateBlock(SCMBlockProtocolServer.java:182)
	at org.apache.hadoop.ozone.protocolPB.ScmBlockLocationProtocolServerSideTranslatorPB.allocateScmBlock(ScmBlockLocationProtocolServerSideTranslatorPB.java:183)
	at org.apache.hadoop.ozone.protocolPB.ScmBlockLocationProtocolServerSideTranslatorPB.processMessage(ScmBlockLocationProtocolServerSideTranslatorPB.java:141)
	at org.apache.hadoop.ozone.protocolPB.ScmBlockLocationProtocolServerSideTranslatorPB.send(ScmBlockLocationProtocolServerSideTranslatorPB.java:116)
	at org.apache.hadoop.hdds.protocol.proto.ScmBlockLocationProtocolProtos$ScmBlockLocationProtocolService$2.callBlockingMethod(ScmBlockLocationProtocolProtos.java:13157)
	at org.apache.hadoop.ipc.ProtobufRpcEngine$Server$ProtoBufRpcInvoker.call(ProtobufRpcEngine.java:524)
	at org.apache.hadoop.ipc.RPC$Server.call(RPC.java:1025)
	at org.apache.hadoop.ipc.Server$RpcCall.run(Server.java:876)
	at org.apache.hadoop.ipc.Server$RpcCall.run(Server.java:822)
	at java.security.AccessController.doPrivileged(Native Method)
	at javax.security.auth.Subject.doAs(Subject.java:422)
	at org.apache.hadoop.security.UserGroupInformation.doAs(UserGroupInformation.java:1730)
	at org.apache.hadoop.ipc.Server$Handler.run(Server.java:2682)
2019-09-25 17:15:30,039 [IPC Server handler 1 on 37147] INFO  block.BlockManagerImpl (BlockManagerImpl.java:allocateBlock(198)) - Could not find available pipeline of type:RATIS and factor:THREE even after retrying
2019-09-25 17:15:30,039 [IPC Server handler 1 on 37147] ERROR block.BlockManagerImpl (BlockManagerImpl.java:allocateBlock(222)) - Unable to allocate a block for the size: 4194304, type: RATIS, factor: THREE
2019-09-25 17:15:30,044 [main] ERROR io.BlockOutputStreamEntryPool (BlockOutputStreamEntryPool.java:allocateBlockIfNeeded(299)) - Try to allocate more blocks for write failed, already allocated 0 blocks for this write.
INTERNAL_ERROR org.apache.hadoop.ozone.om.exceptions.OMException: Allocated 0 blocks. Requested 1 blocks
	at org.apache.hadoop.ozone.om.protocolPB.OzoneManagerProtocolClientSideTranslatorPB.handleError(OzoneManagerProtocolClientSideTranslatorPB.java:732)
	at org.apache.hadoop.ozone.om.protocolPB.OzoneManagerProtocolClientSideTranslatorPB.allocateBlock(OzoneManagerProtocolClientSideTranslatorPB.java:764)
	at sun.reflect.NativeMethodAccessorImpl.invoke0(Native Method)
	at sun.reflect.NativeMethodAccessorImpl.invoke(NativeMethodAccessorImpl.java:62)
	at sun.reflect.DelegatingMethodAccessorImpl.invoke(DelegatingMethodAccessorImpl.java:43)
	at java.lang.reflect.Method.invoke(Method.java:498)
	at org.apache.hadoop.hdds.tracing.TraceAllMethod.invoke(TraceAllMethod.java:66)
	at com.sun.proxy.$Proxy36.allocateBlock(Unknown Source)
	at org.apache.hadoop.ozone.client.io.BlockOutputStreamEntryPool.allocateNewBlock(BlockOutputStreamEntryPool.java:248)
	at org.apache.hadoop.ozone.client.io.BlockOutputStreamEntryPool.allocateBlockIfNeeded(BlockOutputStreamEntryPool.java:296)
	at org.apache.hadoop.ozone.client.io.KeyOutputStream.handleWrite(KeyOutputStream.java:198)
	at org.apache.hadoop.ozone.client.io.KeyOutputStream.handleRetry(KeyOutputStream.java:375)
	at org.apache.hadoop.ozone.client.io.KeyOutputStream.handleException(KeyOutputStream.java:324)
	at org.apache.hadoop.ozone.client.io.KeyOutputStream.handleWrite(KeyOutputStream.java:228)
	at org.apache.hadoop.ozone.client.io.KeyOutputStream.write(KeyOutputStream.java:190)
	at org.apache.hadoop.ozone.client.io.OzoneOutputStream.write(OzoneOutputStream.java:49)
	at java.io.OutputStream.write(OutputStream.java:75)
	at org.apache.hadoop.ozone.client.rpc.TestMultiBlockWritesWithDnFailures.testMultiBlockWritesWithDnFailures(TestMultiBlockWritesWithDnFailures.java:145)
	at sun.reflect.NativeMethodAccessorImpl.invoke0(Native Method)
	at sun.reflect.NativeMethodAccessorImpl.invoke(NativeMethodAccessorImpl.java:62)
	at sun.reflect.DelegatingMethodAccessorImpl.invoke(DelegatingMethodAccessorImpl.java:43)
	at java.lang.reflect.Method.invoke(Method.java:498)
	at org.junit.runners.model.FrameworkMethod$1.runReflectiveCall(FrameworkMethod.java:47)
	at org.junit.internal.runners.model.ReflectiveCallable.run(ReflectiveCallable.java:12)
	at org.junit.runners.model.FrameworkMethod.invokeExplosively(FrameworkMethod.java:44)
	at org.junit.internal.runners.statements.InvokeMethod.evaluate(InvokeMethod.java:17)
	at org.junit.internal.runners.statements.RunAfters.evaluate(RunAfters.java:27)
	at org.junit.runners.ParentRunner.runLeaf(ParentRunner.java:271)
	at org.junit.runners.BlockJUnit4ClassRunner.runChild(BlockJUnit4ClassRunner.java:70)
	at org.junit.runners.BlockJUnit4ClassRunner.runChild(BlockJUnit4ClassRunner.java:50)
	at org.junit.runners.ParentRunner$3.run(ParentRunner.java:238)
	at org.junit.runners.ParentRunner$1.schedule(ParentRunner.java:63)
	at org.junit.runners.ParentRunner.runChildren(ParentRunner.java:236)
	at org.junit.runners.ParentRunner.access$000(ParentRunner.java:53)
	at org.junit.runners.ParentRunner$2.evaluate(ParentRunner.java:229)
	at org.junit.runners.ParentRunner.run(ParentRunner.java:309)
	at org.apache.maven.surefire.junit4.JUnit4Provider.execute(JUnit4Provider.java:365)
	at org.apache.maven.surefire.junit4.JUnit4Provider.executeWithRerun(JUnit4Provider.java:273)
	at org.apache.maven.surefire.junit4.JUnit4Provider.executeTestSet(JUnit4Provider.java:238)
	at org.apache.maven.surefire.junit4.JUnit4Provider.invoke(JUnit4Provider.java:159)
	at org.apache.maven.surefire.booter.ForkedBooter.invokeProviderInSameClassLoader(ForkedBooter.java:384)
	at org.apache.maven.surefire.booter.ForkedBooter.runSuitesInProcess(ForkedBooter.java:345)
	at org.apache.maven.surefire.booter.ForkedBooter.execute(ForkedBooter.java:126)
	at org.apache.maven.surefire.booter.ForkedBooter.main(ForkedBooter.java:418)
2019-09-25 17:15:30,046 [main] INFO  ozone.MiniOzoneClusterImpl (MiniOzoneClusterImpl.java:shutdown(314)) - Shutting down the Mini Ozone Cluster
2019-09-25 17:15:30,046 [main] INFO  ozone.MiniOzoneClusterImpl (MiniOzoneClusterImpl.java:stop(330)) - Stopping the Mini Ozone Cluster
2019-09-25 17:15:30,046 [main] INFO  ozone.MiniOzoneClusterImpl (MiniOzoneClusterImpl.java:stopOM(400)) - Stopping the OzoneManager
2019-09-25 17:15:30,046 [main] INFO  ipc.Server (Server.java:stop(3082)) - Stopping server on 43106
2019-09-25 17:15:30,053 [IPC Server listener on 43106] INFO  ipc.Server (Server.java:run(1185)) - Stopping IPC Server listener on 43106
2019-09-25 17:15:30,054 [main] INFO  ratis.OzoneManagerDoubleBuffer (OzoneManagerDoubleBuffer.java:stop(248)) - Stopping OMDoubleBuffer flush thread
2019-09-25 17:15:30,057 [IPC Server Responder] INFO  ipc.Server (Server.java:run(1319)) - Stopping IPC Server Responder
2019-09-25 17:15:30,059 [OMDoubleBufferFlushThread] INFO  ratis.OzoneManagerDoubleBuffer (OzoneManagerDoubleBuffer.java:flushTransactions(191)) - OMDoubleBuffer flush thread OMDoubleBufferFlushThread is interrupted and will exit. OMDoubleBufferFlushThread
2019-09-25 17:15:30,069 [main] INFO  utils.BackgroundService (BackgroundService.java:shutdown(148)) - Shutting down service KeyDeletingService
2019-09-25 17:15:30,079 [main] INFO  handler.ContextHandler (ContextHandler.java:doStop(910)) - Stopped o.e.j.w.WebAppContext@6b6eae52{/,null,UNAVAILABLE}{/ozoneManager}
2019-09-25 17:15:30,079 [main] INFO  server.AbstractConnector (AbstractConnector.java:doStop(318)) - Stopped ServerConnector@d4df0e{HTTP/1.1,[http/1.1]}{0.0.0.0:0}
2019-09-25 17:15:30,079 [main] INFO  handler.ContextHandler (ContextHandler.java:doStop(910)) - Stopped o.e.j.s.ServletContextHandler@1860f3be{/static,file:///workdir/hadoop-ozone/integration-test/target/test-classes/webapps/static,UNAVAILABLE}
2019-09-25 17:15:30,080 [main] INFO  handler.ContextHandler (ContextHandler.java:doStop(910)) - Stopped o.e.j.s.ServletContextHandler@3965bdf9{/logs,file:///workdir/hadoop-ozone/integration-test/target/log,UNAVAILABLE}
2019-09-25 17:15:30,083 [main] INFO  ozone.MiniOzoneClusterImpl (MiniOzoneClusterImpl.java:stopDatanodes(377)) - Stopping the HddsDatanodes
2019-09-25 17:15:30,510 [grpc-default-executor-11] WARN  server.GrpcLogAppender (LogUtils.java:warn(134)) - aac5cd58-9b02-4776-bc0c-2ffd417f3e9d@group-5380CF8AFA8F->8591884e-632d-462e-b660-b3f7453a56d0-AppendLogResponseHandler: Failed appendEntries: org.apache.ratis.thirdparty.io.grpc.StatusRuntimeException: UNAVAILABLE: io exception
2019-09-25 17:15:30,510 [grpc-default-executor-11] INFO  impl.FollowerInfo (FollowerInfo.java:lambda$new$0(51)) - aac5cd58-9b02-4776-bc0c-2ffd417f3e9d@group-5380CF8AFA8F->8591884e-632d-462e-b660-b3f7453a56d0: nextIndex: updateUnconditionally 4 -> 3
2019-09-25 17:15:30,511 [grpc-default-executor-13] WARN  server.GrpcLogAppender (LogUtils.java:warn(134)) - aac5cd58-9b02-4776-bc0c-2ffd417f3e9d@group-5380CF8AFA8F->c3297815-3aa8-40d9-890f-fc612b5cc05d-AppendLogResponseHandler: Failed appendEntries: org.apache.ratis.thirdparty.io.grpc.StatusRuntimeException: UNAVAILABLE: io exception
2019-09-25 17:15:30,511 [grpc-default-executor-13] INFO  impl.FollowerInfo (FollowerInfo.java:lambda$new$0(51)) - aac5cd58-9b02-4776-bc0c-2ffd417f3e9d@group-5380CF8AFA8F->c3297815-3aa8-40d9-890f-fc612b5cc05d: nextIndex: updateUnconditionally 15 -> 14
2019-09-25 17:15:30,522 [Datanode State Machine Thread - 0] INFO  statemachine.DatanodeStateMachine (DatanodeStateMachine.java:lambda$startDaemon$0(350)) - Ozone container server started.
2019-09-25 17:15:30,971 [Datanode State Machine Thread - 0] INFO  statemachine.DatanodeStateMachine (DatanodeStateMachine.java:lambda$startDaemon$0(350)) - Ozone container server started.
2019-09-25 17:15:31,011 [grpc-default-executor-12] WARN  server.GrpcLogAppender (LogUtils.java:warn(134)) - aac5cd58-9b02-4776-bc0c-2ffd417f3e9d@group-5380CF8AFA8F->8591884e-632d-462e-b660-b3f7453a56d0-AppendLogResponseHandler: Failed appendEntries: org.apache.ratis.thirdparty.io.grpc.StatusRuntimeException: UNAVAILABLE: io exception
2019-09-25 17:15:31,011 [grpc-default-executor-12] INFO  impl.FollowerInfo (FollowerInfo.java:lambda$new$0(51)) - aac5cd58-9b02-4776-bc0c-2ffd417f3e9d@group-5380CF8AFA8F->8591884e-632d-462e-b660-b3f7453a56d0: nextIndex: updateUnconditionally 3 -> 2
2019-09-25 17:15:31,011 [grpc-default-executor-10] WARN  server.GrpcLogAppender (LogUtils.java:warn(134)) - aac5cd58-9b02-4776-bc0c-2ffd417f3e9d@group-5380CF8AFA8F->c3297815-3aa8-40d9-890f-fc612b5cc05d-AppendLogResponseHandler: Failed appendEntries: org.apache.ratis.thirdparty.io.grpc.StatusRuntimeException: UNAVAILABLE: io exception
2019-09-25 17:15:31,012 [grpc-default-executor-10] INFO  impl.FollowerInfo (FollowerInfo.java:lambda$new$0(51)) - aac5cd58-9b02-4776-bc0c-2ffd417f3e9d@group-5380CF8AFA8F->c3297815-3aa8-40d9-890f-fc612b5cc05d: nextIndex: updateUnconditionally 14 -> 13
2019-09-25 17:15:31,511 [grpc-default-executor-12] WARN  server.GrpcLogAppender (LogUtils.java:warn(134)) - aac5cd58-9b02-4776-bc0c-2ffd417f3e9d@group-5380CF8AFA8F->8591884e-632d-462e-b660-b3f7453a56d0-AppendLogResponseHandler: Failed appendEntries: org.apache.ratis.thirdparty.io.grpc.StatusRuntimeException: UNAVAILABLE: io exception
2019-09-25 17:15:31,512 [grpc-default-executor-11] WARN  server.GrpcLogAppender (LogUtils.java:warn(134)) - aac5cd58-9b02-4776-bc0c-2ffd417f3e9d@group-5380CF8AFA8F->c3297815-3aa8-40d9-890f-fc612b5cc05d-AppendLogResponseHandler: Failed appendEntries: org.apache.ratis.thirdparty.io.grpc.StatusRuntimeException: UNAVAILABLE: io exception
2019-09-25 17:15:31,512 [grpc-default-executor-12] INFO  impl.FollowerInfo (FollowerInfo.java:lambda$new$0(51)) - aac5cd58-9b02-4776-bc0c-2ffd417f3e9d@group-5380CF8AFA8F->8591884e-632d-462e-b660-b3f7453a56d0: nextIndex: updateUnconditionally 2 -> 1
2019-09-25 17:15:31,512 [grpc-default-executor-11] INFO  impl.FollowerInfo (FollowerInfo.java:lambda$new$0(51)) - aac5cd58-9b02-4776-bc0c-2ffd417f3e9d@group-5380CF8AFA8F->c3297815-3aa8-40d9-890f-fc612b5cc05d: nextIndex: updateUnconditionally 13 -> 12
2019-09-25 17:15:32,011 [grpc-default-executor-12] WARN  server.GrpcLogAppender (LogUtils.java:warn(134)) - aac5cd58-9b02-4776-bc0c-2ffd417f3e9d@group-5380CF8AFA8F->8591884e-632d-462e-b660-b3f7453a56d0-AppendLogResponseHandler: Failed appendEntries: org.apache.ratis.thirdparty.io.grpc.StatusRuntimeException: UNAVAILABLE: io exception
2019-09-25 17:15:32,012 [grpc-default-executor-13] WARN  server.GrpcLogAppender (LogUtils.java:warn(134)) - aac5cd58-9b02-4776-bc0c-2ffd417f3e9d@group-5380CF8AFA8F->c3297815-3aa8-40d9-890f-fc612b5cc05d-AppendLogResponseHandler: Failed appendEntries: org.apache.ratis.thirdparty.io.grpc.StatusRuntimeException: UNAVAILABLE: io exception
2019-09-25 17:15:32,012 [grpc-default-executor-12] INFO  impl.FollowerInfo (FollowerInfo.java:lambda$new$0(51)) - aac5cd58-9b02-4776-bc0c-2ffd417f3e9d@group-5380CF8AFA8F->8591884e-632d-462e-b660-b3f7453a56d0: nextIndex: updateUnconditionally 1 -> 0
2019-09-25 17:15:32,012 [grpc-default-executor-13] INFO  impl.FollowerInfo (FollowerInfo.java:lambda$new$0(51)) - aac5cd58-9b02-4776-bc0c-2ffd417f3e9d@group-5380CF8AFA8F->c3297815-3aa8-40d9-890f-fc612b5cc05d: nextIndex: updateUnconditionally 12 -> 11
2019-09-25 17:15:32,514 [grpc-default-executor-14] WARN  server.GrpcLogAppender (LogUtils.java:warn(134)) - aac5cd58-9b02-4776-bc0c-2ffd417f3e9d@group-5380CF8AFA8F->c3297815-3aa8-40d9-890f-fc612b5cc05d-AppendLogResponseHandler: Failed appendEntries: org.apache.ratis.thirdparty.io.grpc.StatusRuntimeException: UNAVAILABLE: io exception
2019-09-25 17:15:32,514 [grpc-default-executor-12] WARN  server.GrpcLogAppender (LogUtils.java:warn(134)) - aac5cd58-9b02-4776-bc0c-2ffd417f3e9d@group-5380CF8AFA8F->8591884e-632d-462e-b660-b3f7453a56d0-AppendLogResponseHandler: Failed appendEntries: org.apache.ratis.thirdparty.io.grpc.StatusRuntimeException: UNAVAILABLE: io exception
2019-09-25 17:15:32,515 [grpc-default-executor-14] INFO  impl.FollowerInfo (FollowerInfo.java:lambda$new$0(51)) - aac5cd58-9b02-4776-bc0c-2ffd417f3e9d@group-5380CF8AFA8F->c3297815-3aa8-40d9-890f-fc612b5cc05d: nextIndex: updateUnconditionally 11 -> 10
2019-09-25 17:15:32,515 [grpc-default-executor-12] INFO  impl.FollowerInfo (FollowerInfo.java:lambda$new$0(51)) - aac5cd58-9b02-4776-bc0c-2ffd417f3e9d@group-5380CF8AFA8F->8591884e-632d-462e-b660-b3f7453a56d0: nextIndex: updateUnconditionally 0 -> 0
2019-09-25 17:15:33,014 [grpc-default-executor-14] WARN  server.GrpcLogAppender (LogUtils.java:warn(134)) - aac5cd58-9b02-4776-bc0c-2ffd417f3e9d@group-5380CF8AFA8F->c3297815-3aa8-40d9-890f-fc612b5cc05d-AppendLogResponseHandler: Failed appendEntries: org.apache.ratis.thirdparty.io.grpc.StatusRuntimeException: UNAVAILABLE: io exception
2019-09-25 17:15:33,014 [grpc-default-executor-11] WARN  server.GrpcLogAppender (LogUtils.java:warn(134)) - aac5cd58-9b02-4776-bc0c-2ffd417f3e9d@group-5380CF8AFA8F->8591884e-632d-462e-b660-b3f7453a56d0-AppendLogResponseHandler: Failed appendEntries: org.apache.ratis.thirdparty.io.grpc.StatusRuntimeException: UNAVAILABLE: io exception
2019-09-25 17:15:33,014 [grpc-default-executor-14] INFO  impl.FollowerInfo (FollowerInfo.java:lambda$new$0(51)) - aac5cd58-9b02-4776-bc0c-2ffd417f3e9d@group-5380CF8AFA8F->c3297815-3aa8-40d9-890f-fc612b5cc05d: nextIndex: updateUnconditionally 10 -> 9
2019-09-25 17:15:33,015 [grpc-default-executor-11] INFO  impl.FollowerInfo (FollowerInfo.java:lambda$new$0(51)) - aac5cd58-9b02-4776-bc0c-2ffd417f3e9d@group-5380CF8AFA8F->8591884e-632d-462e-b660-b3f7453a56d0: nextIndex: updateUnconditionally 0 -> 0
2019-09-25 17:15:33,515 [grpc-default-executor-13] WARN  server.GrpcLogAppender (LogUtils.java:warn(134)) - aac5cd58-9b02-4776-bc0c-2ffd417f3e9d@group-5380CF8AFA8F->c3297815-3aa8-40d9-890f-fc612b5cc05d-AppendLogResponseHandler: Failed appendEntries: org.apache.ratis.thirdparty.io.grpc.StatusRuntimeException: UNAVAILABLE: io exception
2019-09-25 17:15:33,515 [grpc-default-executor-3] WARN  server.GrpcLogAppender (LogUtils.java:warn(134)) - aac5cd58-9b02-4776-bc0c-2ffd417f3e9d@group-5380CF8AFA8F->8591884e-632d-462e-b660-b3f7453a56d0-AppendLogResponseHandler: Failed appendEntries: org.apache.ratis.thirdparty.io.grpc.StatusRuntimeException: UNAVAILABLE: io exception
2019-09-25 17:15:33,516 [grpc-default-executor-13] INFO  impl.FollowerInfo (FollowerInfo.java:lambda$new$0(51)) - aac5cd58-9b02-4776-bc0c-2ffd417f3e9d@group-5380CF8AFA8F->c3297815-3aa8-40d9-890f-fc612b5cc05d: nextIndex: updateUnconditionally 9 -> 8
2019-09-25 17:15:33,516 [grpc-default-executor-3] INFO  impl.FollowerInfo (FollowerInfo.java:lambda$new$0(51)) - aac5cd58-9b02-4776-bc0c-2ffd417f3e9d@group-5380CF8AFA8F->8591884e-632d-462e-b660-b3f7453a56d0: nextIndex: updateUnconditionally 0 -> 0
2019-09-25 17:15:34,016 [grpc-default-executor-13] WARN  server.GrpcLogAppender (LogUtils.java:warn(134)) - aac5cd58-9b02-4776-bc0c-2ffd417f3e9d@group-5380CF8AFA8F->8591884e-632d-462e-b660-b3f7453a56d0-AppendLogResponseHandler: Failed appendEntries: org.apache.ratis.thirdparty.io.grpc.StatusRuntimeException: UNAVAILABLE: io exception
2019-09-25 17:15:34,016 [grpc-default-executor-14] WARN  server.GrpcLogAppender (LogUtils.java:warn(134)) - aac5cd58-9b02-4776-bc0c-2ffd417f3e9d@group-5380CF8AFA8F->c3297815-3aa8-40d9-890f-fc612b5cc05d-AppendLogResponseHandler: Failed appendEntries: org.apache.ratis.thirdparty.io.grpc.StatusRuntimeException: UNAVAILABLE: io exception
2019-09-25 17:15:34,016 [grpc-default-executor-13] INFO  impl.FollowerInfo (FollowerInfo.java:lambda$new$0(51)) - aac5cd58-9b02-4776-bc0c-2ffd417f3e9d@group-5380CF8AFA8F->8591884e-632d-462e-b660-b3f7453a56d0: nextIndex: updateUnconditionally 0 -> 0
2019-09-25 17:15:34,017 [grpc-default-executor-14] INFO  impl.FollowerInfo (FollowerInfo.java:lambda$new$0(51)) - aac5cd58-9b02-4776-bc0c-2ffd417f3e9d@group-5380CF8AFA8F->c3297815-3aa8-40d9-890f-fc612b5cc05d: nextIndex: updateUnconditionally 8 -> 7
2019-09-25 17:15:34,518 [grpc-default-executor-11] WARN  server.GrpcLogAppender (LogUtils.java:warn(134)) - aac5cd58-9b02-4776-bc0c-2ffd417f3e9d@group-5380CF8AFA8F->c3297815-3aa8-40d9-890f-fc612b5cc05d-AppendLogResponseHandler: Failed appendEntries: org.apache.ratis.thirdparty.io.grpc.StatusRuntimeException: UNAVAILABLE: io exception
2019-09-25 17:15:34,518 [grpc-default-executor-12] WARN  server.GrpcLogAppender (LogUtils.java:warn(134)) - aac5cd58-9b02-4776-bc0c-2ffd417f3e9d@group-5380CF8AFA8F->8591884e-632d-462e-b660-b3f7453a56d0-AppendLogResponseHandler: Failed appendEntries: org.apache.ratis.thirdparty.io.grpc.StatusRuntimeException: UNAVAILABLE: io exception
2019-09-25 17:15:34,519 [grpc-default-executor-11] INFO  impl.FollowerInfo (FollowerInfo.java:lambda$new$0(51)) - aac5cd58-9b02-4776-bc0c-2ffd417f3e9d@group-5380CF8AFA8F->c3297815-3aa8-40d9-890f-fc612b5cc05d: nextIndex: updateUnconditionally 7 -> 6
2019-09-25 17:15:34,519 [grpc-default-executor-12] INFO  impl.FollowerInfo (FollowerInfo.java:lambda$new$0(51)) - aac5cd58-9b02-4776-bc0c-2ffd417f3e9d@group-5380CF8AFA8F->8591884e-632d-462e-b660-b3f7453a56d0: nextIndex: updateUnconditionally 0 -> 0
2019-09-25 17:15:35,019 [grpc-default-executor-11] WARN  server.GrpcLogAppender (LogUtils.java:warn(134)) - aac5cd58-9b02-4776-bc0c-2ffd417f3e9d@group-5380CF8AFA8F->c3297815-3aa8-40d9-890f-fc612b5cc05d-AppendLogResponseHandler: Failed appendEntries: org.apache.ratis.thirdparty.io.grpc.StatusRuntimeException: UNAVAILABLE: io exception
2019-09-25 17:15:35,019 [grpc-default-executor-12] WARN  server.GrpcLogAppender (LogUtils.java:warn(134)) - aac5cd58-9b02-4776-bc0c-2ffd417f3e9d@group-5380CF8AFA8F->8591884e-632d-462e-b660-b3f7453a56d0-AppendLogResponseHandler: Failed appendEntries: org.apache.ratis.thirdparty.io.grpc.StatusRuntimeException: UNAVAILABLE: io exception
2019-09-25 17:15:35,019 [grpc-default-executor-11] INFO  impl.FollowerInfo (FollowerInfo.java:lambda$new$0(51)) - aac5cd58-9b02-4776-bc0c-2ffd417f3e9d@group-5380CF8AFA8F->c3297815-3aa8-40d9-890f-fc612b5cc05d: nextIndex: updateUnconditionally 6 -> 5
2019-09-25 17:15:35,019 [grpc-default-executor-12] INFO  impl.FollowerInfo (FollowerInfo.java:lambda$new$0(51)) - aac5cd58-9b02-4776-bc0c-2ffd417f3e9d@group-5380CF8AFA8F->8591884e-632d-462e-b660-b3f7453a56d0: nextIndex: updateUnconditionally 0 -> 0
2019-09-25 17:15:35,084 [main] INFO  ozoneimpl.OzoneContainer (OzoneContainer.java:stop(231)) - Attempting to stop container services.
2019-09-25 17:15:35,084 [ForkJoinPool.commonPool-worker-0] INFO  ozoneimpl.OzoneContainer (OzoneContainer.java:stop(231)) - Attempting to stop container services.
2019-09-25 17:15:35,085 [main] INFO  impl.RaftServerProxy (RaftServerProxy.java:lambda$close$4(314)) - aac5cd58-9b02-4776-bc0c-2ffd417f3e9d: close
2019-09-25 17:15:35,085 [ForkJoinPool.commonPool-worker-0] INFO  impl.RaftServerProxy (RaftServerProxy.java:lambda$close$4(314)) - 358556f5-059f-4710-ae7d-5ccadbe23914: close
2019-09-25 17:15:35,086 [main] INFO  impl.RaftServerImpl (RaftServerImpl.java:lambda$shutdown$3(251)) - aac5cd58-9b02-4776-bc0c-2ffd417f3e9d@group-EDBF9C931462: shutdown
2019-09-25 17:15:35,086 [ForkJoinPool.commonPool-worker-0] INFO  impl.RaftServerImpl (RaftServerImpl.java:lambda$shutdown$3(251)) - 358556f5-059f-4710-ae7d-5ccadbe23914@group-802A2EB35E28: shutdown
2019-09-25 17:15:35,086 [main] INFO  util.JmxRegister (JmxRegister.java:unregister(73)) - Successfully un-registered JMX Bean with object name Ratis:service=RaftServer,group=group-EDBF9C931462,id=aac5cd58-9b02-4776-bc0c-2ffd417f3e9d
2019-09-25 17:15:35,086 [ForkJoinPool.commonPool-worker-0] INFO  util.JmxRegister (JmxRegister.java:unregister(73)) - Successfully un-registered JMX Bean with object name Ratis:service=RaftServer,group=group-802A2EB35E28,id=358556f5-059f-4710-ae7d-5ccadbe23914
2019-09-25 17:15:35,087 [main] INFO  impl.RoleInfo (RoleInfo.java:shutdownLeaderState(104)) - aac5cd58-9b02-4776-bc0c-2ffd417f3e9d: shutdown LeaderState
2019-09-25 17:15:35,087 [ForkJoinPool.commonPool-worker-0] INFO  impl.RoleInfo (RoleInfo.java:shutdownLeaderState(104)) - 358556f5-059f-4710-ae7d-5ccadbe23914: shutdown LeaderState
2019-09-25 17:15:35,087 [main] INFO  impl.PendingRequests (PendingRequests.java:sendNotLeaderResponses(202)) - aac5cd58-9b02-4776-bc0c-2ffd417f3e9d-PendingRequests: sendNotLeaderResponses
2019-09-25 17:15:35,087 [ForkJoinPool.commonPool-worker-0] INFO  impl.PendingRequests (PendingRequests.java:sendNotLeaderResponses(202)) - 358556f5-059f-4710-ae7d-5ccadbe23914-PendingRequests: sendNotLeaderResponses
2019-09-25 17:15:35,088 [main] INFO  impl.StateMachineUpdater (StateMachineUpdater.java:stopAndJoin(125)) - aac5cd58-9b02-4776-bc0c-2ffd417f3e9d@group-EDBF9C931462-StateMachineUpdater: set stopIndex = 0
2019-09-25 17:15:35,088 [ForkJoinPool.commonPool-worker-0] INFO  impl.StateMachineUpdater (StateMachineUpdater.java:stopAndJoin(125)) - 358556f5-059f-4710-ae7d-5ccadbe23914@group-802A2EB35E28-StateMachineUpdater: set stopIndex = 0
2019-09-25 17:15:35,088 [ForkJoinPool.commonPool-worker-0] INFO  impl.RaftServerImpl (ServerState.java:close(385)) - 358556f5-059f-4710-ae7d-5ccadbe23914@group-802A2EB35E28: closes. applyIndex: 0
2019-09-25 17:15:35,088 [main] INFO  impl.RaftServerImpl (ServerState.java:close(385)) - aac5cd58-9b02-4776-bc0c-2ffd417f3e9d@group-EDBF9C931462: closes. applyIndex: 0
2019-09-25 17:15:35,089 [358556f5-059f-4710-ae7d-5ccadbe23914@group-802A2EB35E28-SegmentedRaftLogWorker] INFO  segmented.SegmentedRaftLogWorker (SegmentedRaftLogWorker.java:run(313)) - 358556f5-059f-4710-ae7d-5ccadbe23914@group-802A2EB35E28-SegmentedRaftLogWorker was interrupted, exiting. There are 0 tasks remaining in the queue.
2019-09-25 17:15:35,089 [aac5cd58-9b02-4776-bc0c-2ffd417f3e9d@group-EDBF9C931462-SegmentedRaftLogWorker] INFO  segmented.SegmentedRaftLogWorker (SegmentedRaftLogWorker.java:run(313)) - aac5cd58-9b02-4776-bc0c-2ffd417f3e9d@group-EDBF9C931462-SegmentedRaftLogWorker was interrupted, exiting. There are 0 tasks remaining in the queue.
2019-09-25 17:15:35,096 [main] INFO  segmented.SegmentedRaftLogWorker (SegmentedRaftLogWorker.java:close(228)) - aac5cd58-9b02-4776-bc0c-2ffd417f3e9d@group-EDBF9C931462-SegmentedRaftLogWorker close()
2019-09-25 17:15:35,096 [ForkJoinPool.commonPool-worker-0] INFO  segmented.SegmentedRaftLogWorker (SegmentedRaftLogWorker.java:close(228)) - 358556f5-059f-4710-ae7d-5ccadbe23914@group-802A2EB35E28-SegmentedRaftLogWorker close()
2019-09-25 17:15:35,098 [main] INFO  impl.RaftServerImpl (RaftServerImpl.java:lambda$shutdown$3(251)) - aac5cd58-9b02-4776-bc0c-2ffd417f3e9d@group-5380CF8AFA8F: shutdown
2019-09-25 17:15:35,100 [ForkJoinPool.commonPool-worker-0] INFO  impl.RaftServerImpl (RaftServerImpl.java:lambda$shutdown$3(251)) - 358556f5-059f-4710-ae7d-5ccadbe23914@group-DB1D162FA1C1: shutdown
2019-09-25 17:15:35,100 [main] INFO  util.JmxRegister (JmxRegister.java:unregister(73)) - Successfully un-registered JMX Bean with object name Ratis:service=RaftServer,group=group-5380CF8AFA8F,id=aac5cd58-9b02-4776-bc0c-2ffd417f3e9d
2019-09-25 17:15:35,101 [main] INFO  impl.RoleInfo (RoleInfo.java:shutdownLeaderState(104)) - aac5cd58-9b02-4776-bc0c-2ffd417f3e9d: shutdown LeaderState
2019-09-25 17:15:35,100 [ForkJoinPool.commonPool-worker-0] INFO  util.JmxRegister (JmxRegister.java:unregister(73)) - Successfully un-registered JMX Bean with object name Ratis:service=RaftServer,group=group-DB1D162FA1C1,id=358556f5-059f-4710-ae7d-5ccadbe23914
2019-09-25 17:15:35,104 [org.apache.ratis.server.impl.LogAppender$AppenderDaemon$$Lambda$512/2003330096@1fc35d31] WARN  server.GrpcLogAppender (GrpcLogAppender.java:mayWait(143)) - aac5cd58-9b02-4776-bc0c-2ffd417f3e9d@group-5380CF8AFA8F->8591884e-632d-462e-b660-b3f7453a56d0-GrpcLogAppender: Wait interrupted by java.lang.InterruptedException
2019-09-25 17:15:35,104 [org.apache.ratis.server.impl.LogAppender$AppenderDaemon$$Lambda$512/2003330096@27c27ff] WARN  server.GrpcLogAppender (GrpcLogAppender.java:mayWait(143)) - aac5cd58-9b02-4776-bc0c-2ffd417f3e9d@group-5380CF8AFA8F->c3297815-3aa8-40d9-890f-fc612b5cc05d-GrpcLogAppender: Wait interrupted by java.lang.InterruptedException
2019-09-25 17:15:35,104 [main] INFO  impl.PendingRequests (PendingRequests.java:sendNotLeaderResponses(202)) - aac5cd58-9b02-4776-bc0c-2ffd417f3e9d-PendingRequests: sendNotLeaderResponses
2019-09-25 17:15:35,104 [ForkJoinPool.commonPool-worker-0] INFO  impl.RoleInfo (RoleInfo.java:shutdownFollowerState(121)) - 358556f5-059f-4710-ae7d-5ccadbe23914: shutdown FollowerState
2019-09-25 17:15:35,107 [main] INFO  impl.StateMachineUpdater (StateMachineUpdater.java:stopAndJoin(125)) - aac5cd58-9b02-4776-bc0c-2ffd417f3e9d@group-5380CF8AFA8F-StateMachineUpdater: set stopIndex = 16
2019-09-25 17:15:35,108 [Thread-2216] INFO  impl.FollowerState (FollowerState.java:run(115)) - 358556f5-059f-4710-ae7d-5ccadbe23914: FollowerState was interrupted: java.lang.InterruptedException: sleep interrupted
2019-09-25 17:15:35,108 [aac5cd58-9b02-4776-bc0c-2ffd417f3e9d@group-5380CF8AFA8F-StateMachineUpdater] INFO  ratis.ContainerStateMachine (ContainerStateMachine.java:takeSnapshot(289)) - group-5380CF8AFA8F: Taking a snapshot at:(t:1, i:15) file /workdir/hadoop-ozone/integration-test/target/test-dir/MiniOzoneClusterImpl-ad082b7a-54ff-493a-8801-3708d76457e8/datanode-3/data/ratis/0d1c830a-7918-473d-beff-5380cf8afa8f/sm/snapshot.1_15
2019-09-25 17:15:35,108 [ForkJoinPool.commonPool-worker-0] INFO  impl.StateMachineUpdater (StateMachineUpdater.java:stopAndJoin(125)) - 358556f5-059f-4710-ae7d-5ccadbe23914@group-DB1D162FA1C1-StateMachineUpdater: set stopIndex = 0
2019-09-25 17:15:35,110 [ForkJoinPool.commonPool-worker-0] INFO  impl.RaftServerImpl (ServerState.java:close(385)) - 358556f5-059f-4710-ae7d-5ccadbe23914@group-DB1D162FA1C1: closes. applyIndex: 0
2019-09-25 17:15:35,110 [358556f5-059f-4710-ae7d-5ccadbe23914@group-DB1D162FA1C1-SegmentedRaftLogWorker] INFO  segmented.SegmentedRaftLogWorker (SegmentedRaftLogWorker.java:run(313)) - 358556f5-059f-4710-ae7d-5ccadbe23914@group-DB1D162FA1C1-SegmentedRaftLogWorker was interrupted, exiting. There are 0 tasks remaining in the queue.
2019-09-25 17:15:35,112 [ForkJoinPool.commonPool-worker-0] INFO  segmented.SegmentedRaftLogWorker (SegmentedRaftLogWorker.java:close(228)) - 358556f5-059f-4710-ae7d-5ccadbe23914@group-DB1D162FA1C1-SegmentedRaftLogWorker close()
2019-09-25 17:15:35,114 [ForkJoinPool.commonPool-worker-0] INFO  server.GrpcService (GrpcService.java:closeImpl(164)) - 358556f5-059f-4710-ae7d-5ccadbe23914: shutdown server with port 32908 now
2019-09-25 17:15:35,115 [ForkJoinPool.commonPool-worker-0] INFO  server.GrpcService (GrpcService.java:closeImpl(172)) - 358556f5-059f-4710-ae7d-5ccadbe23914: shutdown server with port 32908 successfully
2019-09-25 17:15:35,115 [grpc-default-executor-11] WARN  server.GrpcServerProtocolService (LogUtils.java:warn(134)) - 358556f5-059f-4710-ae7d-5ccadbe23914: installSnapshot onError, lastRequest: 892b06a8-425f-4459-ba03-ed84a79f311f->358556f5-059f-4710-ae7d-5ccadbe23914#75-t5, previous=(t:5, i:0), leaderCommit=0, initializing? false, entries: <empty>: org.apache.ratis.thirdparty.io.grpc.StatusRuntimeException: CANCELLED: cancelled before receiving half close
2019-09-25 17:15:35,116 [grpc-default-executor-13] WARN  server.GrpcLogAppender (LogUtils.java:warn(134)) - 892b06a8-425f-4459-ba03-ed84a79f311f@group-DB1D162FA1C1->358556f5-059f-4710-ae7d-5ccadbe23914-AppendLogResponseHandler: Failed appendEntries: org.apache.ratis.thirdparty.io.grpc.StatusRuntimeException: CANCELLED: HTTP/2 error code: CANCEL
Received Rst Stream
2019-09-25 17:15:35,116 [grpc-default-executor-13] INFO  impl.FollowerInfo (FollowerInfo.java:lambda$new$0(51)) - 892b06a8-425f-4459-ba03-ed84a79f311f@group-DB1D162FA1C1->358556f5-059f-4710-ae7d-5ccadbe23914: nextIndex: updateUnconditionally 1 -> 0
2019-09-25 17:15:35,117 [refreshUsed-/workdir/hadoop-ozone/integration-test/target/test-dir/MiniOzoneClusterImpl-ad082b7a-54ff-493a-8801-3708d76457e8/datanode-1/data/containers] WARN  fs.CachingGetSpaceUsed (CachingGetSpaceUsed.java:run(183)) - Thread Interrupted waiting to refresh disk information: sleep interrupted
2019-09-25 17:15:35,131 [ForkJoinPool.commonPool-worker-0] INFO  utils.BackgroundService (BackgroundService.java:shutdown(148)) - Shutting down service BlockDeletingService
2019-09-25 17:15:35,136 [ForkJoinPool.commonPool-worker-0] INFO  statemachine.DatanodeStateMachine (DatanodeStateMachine.java:stopDaemon(395)) - Ozone container server stopped.
2019-09-25 17:15:35,144 [ForkJoinPool.commonPool-worker-0] INFO  handler.ContextHandler (ContextHandler.java:doStop(910)) - Stopped o.e.j.w.WebAppContext@3cd26422{/,null,UNAVAILABLE}{/hddsDatanode}
2019-09-25 17:15:35,145 [ForkJoinPool.commonPool-worker-0] INFO  server.AbstractConnector (AbstractConnector.java:doStop(318)) - Stopped ServerConnector@2eda072{HTTP/1.1,[http/1.1]}{0.0.0.0:0}
2019-09-25 17:15:35,146 [ForkJoinPool.commonPool-worker-0] INFO  handler.ContextHandler (ContextHandler.java:doStop(910)) - Stopped o.e.j.s.ServletContextHandler@3596b249{/static,jar:file:/home/user/.m2/repository/org/apache/hadoop/hadoop-hdds-container-service/0.5.0-SNAPSHOT/hadoop-hdds-container-service-0.5.0-SNAPSHOT.jar!/webapps/static,UNAVAILABLE}
2019-09-25 17:15:35,148 [ForkJoinPool.commonPool-worker-0] INFO  handler.ContextHandler (ContextHandler.java:doStop(910)) - Stopped o.e.j.s.ServletContextHandler@4519f676{/logs,file:///workdir/hadoop-ozone/integration-test/target/log,UNAVAILABLE}
2019-09-25 17:15:35,530 [grpc-default-executor-10] WARN  server.GrpcLogAppender (LogUtils.java:warn(134)) - 892b06a8-425f-4459-ba03-ed84a79f311f@group-DB1D162FA1C1->358556f5-059f-4710-ae7d-5ccadbe23914-AppendLogResponseHandler: Failed appendEntries: org.apache.ratis.thirdparty.io.grpc.StatusRuntimeException: UNAVAILABLE: io exception
2019-09-25 17:15:35,531 [grpc-default-executor-10] INFO  impl.FollowerInfo (FollowerInfo.java:lambda$new$0(51)) - 892b06a8-425f-4459-ba03-ed84a79f311f@group-DB1D162FA1C1->358556f5-059f-4710-ae7d-5ccadbe23914: nextIndex: updateUnconditionally 0 -> 0
2019-09-25 17:15:35,584 [Datanode State Machine Thread - 0] INFO  statemachine.DatanodeStateMachine (DatanodeStateMachine.java:lambda$startDaemon$0(350)) - Ozone container server started.
2019-09-25 17:15:36,031 [grpc-default-executor-13] WARN  server.GrpcLogAppender (LogUtils.java:warn(134)) - 892b06a8-425f-4459-ba03-ed84a79f311f@group-DB1D162FA1C1->358556f5-059f-4710-ae7d-5ccadbe23914-AppendLogResponseHandler: Failed appendEntries: org.apache.ratis.thirdparty.io.grpc.StatusRuntimeException: UNAVAILABLE: io exception
2019-09-25 17:15:36,032 [grpc-default-executor-13] INFO  impl.FollowerInfo (FollowerInfo.java:lambda$new$0(51)) - 892b06a8-425f-4459-ba03-ed84a79f311f@group-DB1D162FA1C1->358556f5-059f-4710-ae7d-5ccadbe23914: nextIndex: updateUnconditionally 0 -> 0
2019-09-25 17:15:36,532 [grpc-default-executor-11] WARN  server.GrpcLogAppender (LogUtils.java:warn(134)) - 892b06a8-425f-4459-ba03-ed84a79f311f@group-DB1D162FA1C1->358556f5-059f-4710-ae7d-5ccadbe23914-AppendLogResponseHandler: Failed appendEntries: org.apache.ratis.thirdparty.io.grpc.StatusRuntimeException: UNAVAILABLE: io exception
2019-09-25 17:15:36,532 [grpc-default-executor-11] INFO  impl.FollowerInfo (FollowerInfo.java:lambda$new$0(51)) - 892b06a8-425f-4459-ba03-ed84a79f311f@group-DB1D162FA1C1->358556f5-059f-4710-ae7d-5ccadbe23914: nextIndex: updateUnconditionally 0 -> 0
2019-09-25 17:15:37,033 [grpc-default-executor-11] WARN  server.GrpcLogAppender (LogUtils.java:warn(134)) - 892b06a8-425f-4459-ba03-ed84a79f311f@group-DB1D162FA1C1->358556f5-059f-4710-ae7d-5ccadbe23914-AppendLogResponseHandler: Failed appendEntries: org.apache.ratis.thirdparty.io.grpc.StatusRuntimeException: UNAVAILABLE: io exception
2019-09-25 17:15:37,034 [grpc-default-executor-11] INFO  impl.FollowerInfo (FollowerInfo.java:lambda$new$0(51)) - 892b06a8-425f-4459-ba03-ed84a79f311f@group-DB1D162FA1C1->358556f5-059f-4710-ae7d-5ccadbe23914: nextIndex: updateUnconditionally 0 -> 0
2019-09-25 17:15:37,534 [grpc-default-executor-11] WARN  server.GrpcLogAppender (LogUtils.java:warn(134)) - 892b06a8-425f-4459-ba03-ed84a79f311f@group-DB1D162FA1C1->358556f5-059f-4710-ae7d-5ccadbe23914-AppendLogResponseHandler: Failed appendEntries: org.apache.ratis.thirdparty.io.grpc.StatusRuntimeException: UNAVAILABLE: io exception
2019-09-25 17:15:37,535 [grpc-default-executor-11] INFO  impl.FollowerInfo (FollowerInfo.java:lambda$new$0(51)) - 892b06a8-425f-4459-ba03-ed84a79f311f@group-DB1D162FA1C1->358556f5-059f-4710-ae7d-5ccadbe23914: nextIndex: updateUnconditionally 0 -> 0
2019-09-25 17:15:38,036 [grpc-default-executor-10] WARN  server.GrpcLogAppender (LogUtils.java:warn(134)) - 892b06a8-425f-4459-ba03-ed84a79f311f@group-DB1D162FA1C1->358556f5-059f-4710-ae7d-5ccadbe23914-AppendLogResponseHandler: Failed appendEntries: org.apache.ratis.thirdparty.io.grpc.StatusRuntimeException: UNAVAILABLE: io exception
2019-09-25 17:15:38,037 [grpc-default-executor-10] INFO  impl.FollowerInfo (FollowerInfo.java:lambda$new$0(51)) - 892b06a8-425f-4459-ba03-ed84a79f311f@group-DB1D162FA1C1->358556f5-059f-4710-ae7d-5ccadbe23914: nextIndex: updateUnconditionally 0 -> 0
2019-09-25 17:15:38,538 [grpc-default-executor-10] WARN  server.GrpcLogAppender (LogUtils.java:warn(134)) - 892b06a8-425f-4459-ba03-ed84a79f311f@group-DB1D162FA1C1->358556f5-059f-4710-ae7d-5ccadbe23914-AppendLogResponseHandler: Failed appendEntries: org.apache.ratis.thirdparty.io.grpc.StatusRuntimeException: UNAVAILABLE: io exception
2019-09-25 17:15:38,538 [grpc-default-executor-10] INFO  impl.FollowerInfo (FollowerInfo.java:lambda$new$0(51)) - 892b06a8-425f-4459-ba03-ed84a79f311f@group-DB1D162FA1C1->358556f5-059f-4710-ae7d-5ccadbe23914: nextIndex: updateUnconditionally 0 -> 0
2019-09-25 17:15:39,037 [grpc-default-executor-11] WARN  server.GrpcLogAppender (LogUtils.java:warn(134)) - 892b06a8-425f-4459-ba03-ed84a79f311f@group-DB1D162FA1C1->358556f5-059f-4710-ae7d-5ccadbe23914-AppendLogResponseHandler: Failed appendEntries: org.apache.ratis.thirdparty.io.grpc.StatusRuntimeException: UNAVAILABLE: io exception
2019-09-25 17:15:39,038 [grpc-default-executor-11] INFO  impl.FollowerInfo (FollowerInfo.java:lambda$new$0(51)) - 892b06a8-425f-4459-ba03-ed84a79f311f@group-DB1D162FA1C1->358556f5-059f-4710-ae7d-5ccadbe23914: nextIndex: updateUnconditionally 0 -> 0
2019-09-25 17:15:39,538 [grpc-default-executor-10] WARN  server.GrpcLogAppender (LogUtils.java:warn(134)) - 892b06a8-425f-4459-ba03-ed84a79f311f@group-DB1D162FA1C1->358556f5-059f-4710-ae7d-5ccadbe23914-AppendLogResponseHandler: Failed appendEntries: org.apache.ratis.thirdparty.io.grpc.StatusRuntimeException: UNAVAILABLE: io exception
2019-09-25 17:15:39,538 [grpc-default-executor-10] INFO  impl.FollowerInfo (FollowerInfo.java:lambda$new$0(51)) - 892b06a8-425f-4459-ba03-ed84a79f311f@group-DB1D162FA1C1->358556f5-059f-4710-ae7d-5ccadbe23914: nextIndex: updateUnconditionally 0 -> 0
2019-09-25 17:15:40,038 [grpc-default-executor-13] WARN  server.GrpcLogAppender (LogUtils.java:warn(134)) - 892b06a8-425f-4459-ba03-ed84a79f311f@group-DB1D162FA1C1->358556f5-059f-4710-ae7d-5ccadbe23914-AppendLogResponseHandler: Failed appendEntries: org.apache.ratis.thirdparty.io.grpc.StatusRuntimeException: UNAVAILABLE: io exception
2019-09-25 17:15:40,039 [grpc-default-executor-13] INFO  impl.FollowerInfo (FollowerInfo.java:lambda$new$0(51)) - 892b06a8-425f-4459-ba03-ed84a79f311f@group-DB1D162FA1C1->358556f5-059f-4710-ae7d-5ccadbe23914: nextIndex: updateUnconditionally 0 -> 0
2019-09-25 17:15:40,151 [ForkJoinPool.commonPool-worker-0] INFO  ozoneimpl.OzoneContainer (OzoneContainer.java:stop(231)) - Attempting to stop container services.
2019-09-25 17:15:40,151 [ForkJoinPool.commonPool-worker-0] INFO  impl.RaftServerProxy (RaftServerProxy.java:lambda$close$4(314)) - aff71a2d-89f3-4bc8-b768-2461c2911101: close
2019-09-25 17:15:40,152 [ForkJoinPool.commonPool-worker-0] INFO  impl.RaftServerImpl (RaftServerImpl.java:lambda$shutdown$3(251)) - aff71a2d-89f3-4bc8-b768-2461c2911101@group-5ABCD20B5F64: shutdown
2019-09-25 17:15:40,152 [ForkJoinPool.commonPool-worker-0] INFO  util.JmxRegister (JmxRegister.java:unregister(73)) - Successfully un-registered JMX Bean with object name Ratis:service=RaftServer,group=group-5ABCD20B5F64,id=aff71a2d-89f3-4bc8-b768-2461c2911101
2019-09-25 17:15:40,153 [ForkJoinPool.commonPool-worker-0] INFO  impl.RoleInfo (RoleInfo.java:shutdownLeaderState(104)) - aff71a2d-89f3-4bc8-b768-2461c2911101: shutdown LeaderState
2019-09-25 17:15:40,153 [ForkJoinPool.commonPool-worker-0] INFO  impl.PendingRequests (PendingRequests.java:sendNotLeaderResponses(202)) - aff71a2d-89f3-4bc8-b768-2461c2911101-PendingRequests: sendNotLeaderResponses
2019-09-25 17:15:40,154 [ForkJoinPool.commonPool-worker-0] INFO  impl.StateMachineUpdater (StateMachineUpdater.java:stopAndJoin(125)) - aff71a2d-89f3-4bc8-b768-2461c2911101@group-5ABCD20B5F64-StateMachineUpdater: set stopIndex = 0
2019-09-25 17:15:40,155 [ForkJoinPool.commonPool-worker-0] INFO  impl.RaftServerImpl (ServerState.java:close(385)) - aff71a2d-89f3-4bc8-b768-2461c2911101@group-5ABCD20B5F64: closes. applyIndex: 0
2019-09-25 17:15:40,155 [aff71a2d-89f3-4bc8-b768-2461c2911101@group-5ABCD20B5F64-SegmentedRaftLogWorker] INFO  segmented.SegmentedRaftLogWorker (SegmentedRaftLogWorker.java:run(313)) - aff71a2d-89f3-4bc8-b768-2461c2911101@group-5ABCD20B5F64-SegmentedRaftLogWorker was interrupted, exiting. There are 0 tasks remaining in the queue.
2019-09-25 17:15:40,161 [ForkJoinPool.commonPool-worker-0] INFO  segmented.SegmentedRaftLogWorker (SegmentedRaftLogWorker.java:close(228)) - aff71a2d-89f3-4bc8-b768-2461c2911101@group-5ABCD20B5F64-SegmentedRaftLogWorker close()
2019-09-25 17:15:40,163 [ForkJoinPool.commonPool-worker-0] INFO  impl.RaftServerImpl (RaftServerImpl.java:lambda$shutdown$3(251)) - aff71a2d-89f3-4bc8-b768-2461c2911101@group-DB1D162FA1C1: shutdown
2019-09-25 17:15:40,163 [ForkJoinPool.commonPool-worker-0] INFO  util.JmxRegister (JmxRegister.java:unregister(73)) - Successfully un-registered JMX Bean with object name Ratis:service=RaftServer,group=group-DB1D162FA1C1,id=aff71a2d-89f3-4bc8-b768-2461c2911101
2019-09-25 17:15:40,163 [ForkJoinPool.commonPool-worker-0] INFO  impl.RoleInfo (RoleInfo.java:shutdownFollowerState(121)) - aff71a2d-89f3-4bc8-b768-2461c2911101: shutdown FollowerState
2019-09-25 17:15:40,164 [ForkJoinPool.commonPool-worker-0] INFO  impl.StateMachineUpdater (StateMachineUpdater.java:stopAndJoin(125)) - aff71a2d-89f3-4bc8-b768-2461c2911101@group-DB1D162FA1C1-StateMachineUpdater: set stopIndex = 0
2019-09-25 17:15:40,164 [Thread-2219] INFO  impl.FollowerState (FollowerState.java:run(115)) - aff71a2d-89f3-4bc8-b768-2461c2911101: FollowerState was interrupted: java.lang.InterruptedException: sleep interrupted
2019-09-25 17:15:40,164 [ForkJoinPool.commonPool-worker-0] INFO  impl.RaftServerImpl (ServerState.java:close(385)) - aff71a2d-89f3-4bc8-b768-2461c2911101@group-DB1D162FA1C1: closes. applyIndex: 0
2019-09-25 17:15:40,166 [aff71a2d-89f3-4bc8-b768-2461c2911101@group-DB1D162FA1C1-SegmentedRaftLogWorker] INFO  segmented.SegmentedRaftLogWorker (SegmentedRaftLogWorker.java:run(313)) - aff71a2d-89f3-4bc8-b768-2461c2911101@group-DB1D162FA1C1-SegmentedRaftLogWorker was interrupted, exiting. There are 0 tasks remaining in the queue.
2019-09-25 17:15:40,167 [ForkJoinPool.commonPool-worker-0] INFO  segmented.SegmentedRaftLogWorker (SegmentedRaftLogWorker.java:close(228)) - aff71a2d-89f3-4bc8-b768-2461c2911101@group-DB1D162FA1C1-SegmentedRaftLogWorker close()
2019-09-25 17:15:40,169 [ForkJoinPool.commonPool-worker-0] INFO  server.GrpcService (GrpcService.java:closeImpl(164)) - aff71a2d-89f3-4bc8-b768-2461c2911101: shutdown server with port 35356 now
2019-09-25 17:15:40,170 [grpc-default-executor-10] WARN  server.GrpcServerProtocolService (LogUtils.java:warn(134)) - aff71a2d-89f3-4bc8-b768-2461c2911101: installSnapshot onError, lastRequest: 892b06a8-425f-4459-ba03-ed84a79f311f->aff71a2d-89f3-4bc8-b768-2461c2911101#85-t5, previous=(t:5, i:0), leaderCommit=0, initializing? false, entries: <empty>: org.apache.ratis.thirdparty.io.grpc.StatusRuntimeException: CANCELLED: cancelled before receiving half close
2019-09-25 17:15:40,170 [ForkJoinPool.commonPool-worker-0] INFO  server.GrpcService (GrpcService.java:closeImpl(172)) - aff71a2d-89f3-4bc8-b768-2461c2911101: shutdown server with port 35356 successfully
2019-09-25 17:15:40,171 [grpc-default-executor-13] WARN  server.GrpcLogAppender (LogUtils.java:warn(134)) - 892b06a8-425f-4459-ba03-ed84a79f311f@group-DB1D162FA1C1->aff71a2d-89f3-4bc8-b768-2461c2911101-AppendLogResponseHandler: Failed appendEntries: org.apache.ratis.thirdparty.io.grpc.StatusRuntimeException: CANCELLED: HTTP/2 error code: CANCEL
Received Rst Stream
2019-09-25 17:15:40,171 [grpc-default-executor-13] INFO  impl.FollowerInfo (FollowerInfo.java:lambda$new$0(51)) - 892b06a8-425f-4459-ba03-ed84a79f311f@group-DB1D162FA1C1->aff71a2d-89f3-4bc8-b768-2461c2911101: nextIndex: updateUnconditionally 1 -> 0
2019-09-25 17:15:40,172 [refreshUsed-/workdir/hadoop-ozone/integration-test/target/test-dir/MiniOzoneClusterImpl-ad082b7a-54ff-493a-8801-3708d76457e8/datanode-2/data/containers] WARN  fs.CachingGetSpaceUsed (CachingGetSpaceUsed.java:run(183)) - Thread Interrupted waiting to refresh disk information: sleep interrupted
2019-09-25 17:15:40,193 [ForkJoinPool.commonPool-worker-0] INFO  utils.BackgroundService (BackgroundService.java:shutdown(148)) - Shutting down service BlockDeletingService
2019-09-25 17:15:40,198 [ForkJoinPool.commonPool-worker-0] INFO  statemachine.DatanodeStateMachine (DatanodeStateMachine.java:stopDaemon(395)) - Ozone container server stopped.
2019-09-25 17:15:40,214 [ForkJoinPool.commonPool-worker-0] INFO  handler.ContextHandler (ContextHandler.java:doStop(910)) - Stopped o.e.j.w.WebAppContext@6f3f0ae{/,null,UNAVAILABLE}{/hddsDatanode}
2019-09-25 17:15:40,215 [ForkJoinPool.commonPool-worker-0] INFO  server.AbstractConnector (AbstractConnector.java:doStop(318)) - Stopped ServerConnector@6baf25d7{HTTP/1.1,[http/1.1]}{0.0.0.0:0}
2019-09-25 17:15:40,216 [ForkJoinPool.commonPool-worker-0] INFO  handler.ContextHandler (ContextHandler.java:doStop(910)) - Stopped o.e.j.s.ServletContextHandler@62c72501{/static,jar:file:/home/user/.m2/repository/org/apache/hadoop/hadoop-hdds-container-service/0.5.0-SNAPSHOT/hadoop-hdds-container-service-0.5.0-SNAPSHOT.jar!/webapps/static,UNAVAILABLE}
2019-09-25 17:15:40,218 [ForkJoinPool.commonPool-worker-0] INFO  handler.ContextHandler (ContextHandler.java:doStop(910)) - Stopped o.e.j.s.ServletContextHandler@39c85c1a{/logs,file:///workdir/hadoop-ozone/integration-test/target/log,UNAVAILABLE}
2019-09-25 17:15:40,454 [Datanode State Machine Thread - 0] INFO  statemachine.DatanodeStateMachine (DatanodeStateMachine.java:lambda$startDaemon$0(350)) - Ozone container server started.
2019-09-25 17:15:40,539 [grpc-default-executor-11] WARN  server.GrpcLogAppender (LogUtils.java:warn(134)) - 892b06a8-425f-4459-ba03-ed84a79f311f@group-DB1D162FA1C1->358556f5-059f-4710-ae7d-5ccadbe23914-AppendLogResponseHandler: Failed appendEntries: org.apache.ratis.thirdparty.io.grpc.StatusRuntimeException: UNAVAILABLE: io exception
2019-09-25 17:15:40,540 [grpc-default-executor-11] INFO  impl.FollowerInfo (FollowerInfo.java:lambda$new$0(51)) - 892b06a8-425f-4459-ba03-ed84a79f311f@group-DB1D162FA1C1->358556f5-059f-4710-ae7d-5ccadbe23914: nextIndex: updateUnconditionally 0 -> 0
2019-09-25 17:15:40,549 [grpc-default-executor-13] WARN  server.GrpcLogAppender (LogUtils.java:warn(134)) - 892b06a8-425f-4459-ba03-ed84a79f311f@group-DB1D162FA1C1->aff71a2d-89f3-4bc8-b768-2461c2911101-AppendLogResponseHandler: Failed appendEntries: org.apache.ratis.thirdparty.io.grpc.StatusRuntimeException: UNAVAILABLE: io exception
2019-09-25 17:15:40,549 [grpc-default-executor-13] INFO  impl.FollowerInfo (FollowerInfo.java:lambda$new$0(51)) - 892b06a8-425f-4459-ba03-ed84a79f311f@group-DB1D162FA1C1->aff71a2d-89f3-4bc8-b768-2461c2911101: nextIndex: updateUnconditionally 0 -> 0
2019-09-25 17:15:41,039 [grpc-default-executor-10] WARN  server.GrpcLogAppender (LogUtils.java:warn(134)) - 892b06a8-425f-4459-ba03-ed84a79f311f@group-DB1D162FA1C1->358556f5-059f-4710-ae7d-5ccadbe23914-AppendLogResponseHandler: Failed appendEntries: org.apache.ratis.thirdparty.io.grpc.StatusRuntimeException: UNAVAILABLE: io exception
2019-09-25 17:15:41,040 [grpc-default-executor-10] INFO  impl.FollowerInfo (FollowerInfo.java:lambda$new$0(51)) - 892b06a8-425f-4459-ba03-ed84a79f311f@group-DB1D162FA1C1->358556f5-059f-4710-ae7d-5ccadbe23914: nextIndex: updateUnconditionally 0 -> 0
2019-09-25 17:15:41,049 [grpc-default-executor-10] WARN  server.GrpcLogAppender (LogUtils.java:warn(134)) - 892b06a8-425f-4459-ba03-ed84a79f311f@group-DB1D162FA1C1->aff71a2d-89f3-4bc8-b768-2461c2911101-AppendLogResponseHandler: Failed appendEntries: org.apache.ratis.thirdparty.io.grpc.StatusRuntimeException: UNAVAILABLE: io exception
2019-09-25 17:15:41,049 [grpc-default-executor-10] INFO  impl.FollowerInfo (FollowerInfo.java:lambda$new$0(51)) - 892b06a8-425f-4459-ba03-ed84a79f311f@group-DB1D162FA1C1->aff71a2d-89f3-4bc8-b768-2461c2911101: nextIndex: updateUnconditionally 0 -> 0
2019-09-25 17:15:41,540 [grpc-default-executor-11] WARN  server.GrpcLogAppender (LogUtils.java:warn(134)) - 892b06a8-425f-4459-ba03-ed84a79f311f@group-DB1D162FA1C1->358556f5-059f-4710-ae7d-5ccadbe23914-AppendLogResponseHandler: Failed appendEntries: org.apache.ratis.thirdparty.io.grpc.StatusRuntimeException: UNAVAILABLE: io exception
2019-09-25 17:15:41,540 [grpc-default-executor-11] INFO  impl.FollowerInfo (FollowerInfo.java:lambda$new$0(51)) - 892b06a8-425f-4459-ba03-ed84a79f311f@group-DB1D162FA1C1->358556f5-059f-4710-ae7d-5ccadbe23914: nextIndex: updateUnconditionally 0 -> 0
2019-09-25 17:15:41,549 [grpc-default-executor-13] WARN  server.GrpcLogAppender (LogUtils.java:warn(134)) - 892b06a8-425f-4459-ba03-ed84a79f311f@group-DB1D162FA1C1->aff71a2d-89f3-4bc8-b768-2461c2911101-AppendLogResponseHandler: Failed appendEntries: org.apache.ratis.thirdparty.io.grpc.StatusRuntimeException: UNAVAILABLE: io exception
2019-09-25 17:15:41,550 [grpc-default-executor-13] INFO  impl.FollowerInfo (FollowerInfo.java:lambda$new$0(51)) - 892b06a8-425f-4459-ba03-ed84a79f311f@group-DB1D162FA1C1->aff71a2d-89f3-4bc8-b768-2461c2911101: nextIndex: updateUnconditionally 0 -> 0
2019-09-25 17:15:42,041 [grpc-default-executor-10] WARN  server.GrpcLogAppender (LogUtils.java:warn(134)) - 892b06a8-425f-4459-ba03-ed84a79f311f@group-DB1D162FA1C1->358556f5-059f-4710-ae7d-5ccadbe23914-AppendLogResponseHandler: Failed appendEntries: org.apache.ratis.thirdparty.io.grpc.StatusRuntimeException: UNAVAILABLE: io exception
2019-09-25 17:15:42,041 [grpc-default-executor-10] INFO  impl.FollowerInfo (FollowerInfo.java:lambda$new$0(51)) - 892b06a8-425f-4459-ba03-ed84a79f311f@group-DB1D162FA1C1->358556f5-059f-4710-ae7d-5ccadbe23914: nextIndex: updateUnconditionally 0 -> 0
2019-09-25 17:15:42,050 [grpc-default-executor-10] WARN  server.GrpcLogAppender (LogUtils.java:warn(134)) - 892b06a8-425f-4459-ba03-ed84a79f311f@group-DB1D162FA1C1->aff71a2d-89f3-4bc8-b768-2461c2911101-AppendLogResponseHandler: Failed appendEntries: org.apache.ratis.thirdparty.io.grpc.StatusRuntimeException: UNAVAILABLE: io exception
2019-09-25 17:15:42,050 [grpc-default-executor-10] INFO  impl.FollowerInfo (FollowerInfo.java:lambda$new$0(51)) - 892b06a8-425f-4459-ba03-ed84a79f311f@group-DB1D162FA1C1->aff71a2d-89f3-4bc8-b768-2461c2911101: nextIndex: updateUnconditionally 0 -> 0
2019-09-25 17:15:42,542 [grpc-default-executor-10] WARN  server.GrpcLogAppender (LogUtils.java:warn(134)) - 892b06a8-425f-4459-ba03-ed84a79f311f@group-DB1D162FA1C1->358556f5-059f-4710-ae7d-5ccadbe23914-AppendLogResponseHandler: Failed appendEntries: org.apache.ratis.thirdparty.io.grpc.StatusRuntimeException: UNAVAILABLE: io exception
2019-09-25 17:15:42,543 [grpc-default-executor-10] INFO  impl.FollowerInfo (FollowerInfo.java:lambda$new$0(51)) - 892b06a8-425f-4459-ba03-ed84a79f311f@group-DB1D162FA1C1->358556f5-059f-4710-ae7d-5ccadbe23914: nextIndex: updateUnconditionally 0 -> 0
2019-09-25 17:15:42,550 [grpc-default-executor-11] WARN  server.GrpcLogAppender (LogUtils.java:warn(134)) - 892b06a8-425f-4459-ba03-ed84a79f311f@group-DB1D162FA1C1->aff71a2d-89f3-4bc8-b768-2461c2911101-AppendLogResponseHandler: Failed appendEntries: org.apache.ratis.thirdparty.io.grpc.StatusRuntimeException: UNAVAILABLE: io exception
2019-09-25 17:15:42,551 [grpc-default-executor-11] INFO  impl.FollowerInfo (FollowerInfo.java:lambda$new$0(51)) - 892b06a8-425f-4459-ba03-ed84a79f311f@group-DB1D162FA1C1->aff71a2d-89f3-4bc8-b768-2461c2911101: nextIndex: updateUnconditionally 0 -> 0
2019-09-25 17:15:43,043 [grpc-default-executor-11] WARN  server.GrpcLogAppender (LogUtils.java:warn(134)) - 892b06a8-425f-4459-ba03-ed84a79f311f@group-DB1D162FA1C1->358556f5-059f-4710-ae7d-5ccadbe23914-AppendLogResponseHandler: Failed appendEntries: org.apache.ratis.thirdparty.io.grpc.StatusRuntimeException: UNAVAILABLE: io exception
2019-09-25 17:15:43,044 [grpc-default-executor-11] INFO  impl.FollowerInfo (FollowerInfo.java:lambda$new$0(51)) - 892b06a8-425f-4459-ba03-ed84a79f311f@group-DB1D162FA1C1->358556f5-059f-4710-ae7d-5ccadbe23914: nextIndex: updateUnconditionally 0 -> 0
2019-09-25 17:15:43,051 [grpc-default-executor-13] WARN  server.GrpcLogAppender (LogUtils.java:warn(134)) - 892b06a8-425f-4459-ba03-ed84a79f311f@group-DB1D162FA1C1->aff71a2d-89f3-4bc8-b768-2461c2911101-AppendLogResponseHandler: Failed appendEntries: org.apache.ratis.thirdparty.io.grpc.StatusRuntimeException: UNAVAILABLE: io exception
2019-09-25 17:15:43,051 [grpc-default-executor-13] INFO  impl.FollowerInfo (FollowerInfo.java:lambda$new$0(51)) - 892b06a8-425f-4459-ba03-ed84a79f311f@group-DB1D162FA1C1->aff71a2d-89f3-4bc8-b768-2461c2911101: nextIndex: updateUnconditionally 0 -> 0
2019-09-25 17:15:43,546 [grpc-default-executor-13] WARN  server.GrpcLogAppender (LogUtils.java:warn(134)) - 892b06a8-425f-4459-ba03-ed84a79f311f@group-DB1D162FA1C1->358556f5-059f-4710-ae7d-5ccadbe23914-AppendLogResponseHandler: Failed appendEntries: org.apache.ratis.thirdparty.io.grpc.StatusRuntimeException: UNAVAILABLE: io exception
2019-09-25 17:15:43,548 [grpc-default-executor-13] INFO  impl.FollowerInfo (FollowerInfo.java:lambda$new$0(51)) - 892b06a8-425f-4459-ba03-ed84a79f311f@group-DB1D162FA1C1->358556f5-059f-4710-ae7d-5ccadbe23914: nextIndex: updateUnconditionally 0 -> 0
2019-09-25 17:15:43,551 [grpc-default-executor-13] WARN  server.GrpcLogAppender (LogUtils.java:warn(134)) - 892b06a8-425f-4459-ba03-ed84a79f311f@group-DB1D162FA1C1->aff71a2d-89f3-4bc8-b768-2461c2911101-AppendLogResponseHandler: Failed appendEntries: org.apache.ratis.thirdparty.io.grpc.StatusRuntimeException: UNAVAILABLE: io exception
2019-09-25 17:15:43,551 [grpc-default-executor-13] INFO  impl.FollowerInfo (FollowerInfo.java:lambda$new$0(51)) - 892b06a8-425f-4459-ba03-ed84a79f311f@group-DB1D162FA1C1->aff71a2d-89f3-4bc8-b768-2461c2911101: nextIndex: updateUnconditionally 0 -> 0
2019-09-25 17:15:44,046 [grpc-default-executor-13] WARN  server.GrpcLogAppender (LogUtils.java:warn(134)) - 892b06a8-425f-4459-ba03-ed84a79f311f@group-DB1D162FA1C1->358556f5-059f-4710-ae7d-5ccadbe23914-AppendLogResponseHandler: Failed appendEntries: org.apache.ratis.thirdparty.io.grpc.StatusRuntimeException: UNAVAILABLE: io exception
2019-09-25 17:15:44,046 [grpc-default-executor-13] INFO  impl.FollowerInfo (FollowerInfo.java:lambda$new$0(51)) - 892b06a8-425f-4459-ba03-ed84a79f311f@group-DB1D162FA1C1->358556f5-059f-4710-ae7d-5ccadbe23914: nextIndex: updateUnconditionally 0 -> 0
2019-09-25 17:15:44,051 [grpc-default-executor-11] WARN  server.GrpcLogAppender (LogUtils.java:warn(134)) - 892b06a8-425f-4459-ba03-ed84a79f311f@group-DB1D162FA1C1->aff71a2d-89f3-4bc8-b768-2461c2911101-AppendLogResponseHandler: Failed appendEntries: org.apache.ratis.thirdparty.io.grpc.StatusRuntimeException: UNAVAILABLE: io exception
2019-09-25 17:15:44,051 [grpc-default-executor-11] INFO  impl.FollowerInfo (FollowerInfo.java:lambda$new$0(51)) - 892b06a8-425f-4459-ba03-ed84a79f311f@group-DB1D162FA1C1->aff71a2d-89f3-4bc8-b768-2461c2911101: nextIndex: updateUnconditionally 0 -> 0
2019-09-25 17:15:44,546 [grpc-default-executor-11] WARN  server.GrpcLogAppender (LogUtils.java:warn(134)) - 892b06a8-425f-4459-ba03-ed84a79f311f@group-DB1D162FA1C1->358556f5-059f-4710-ae7d-5ccadbe23914-AppendLogResponseHandler: Failed appendEntries: org.apache.ratis.thirdparty.io.grpc.StatusRuntimeException: UNAVAILABLE: io exception
2019-09-25 17:15:44,546 [grpc-default-executor-11] INFO  impl.FollowerInfo (FollowerInfo.java:lambda$new$0(51)) - 892b06a8-425f-4459-ba03-ed84a79f311f@group-DB1D162FA1C1->358556f5-059f-4710-ae7d-5ccadbe23914: nextIndex: updateUnconditionally 0 -> 0
2019-09-25 17:15:44,551 [grpc-default-executor-10] WARN  server.GrpcLogAppender (LogUtils.java:warn(134)) - 892b06a8-425f-4459-ba03-ed84a79f311f@group-DB1D162FA1C1->aff71a2d-89f3-4bc8-b768-2461c2911101-AppendLogResponseHandler: Failed appendEntries: org.apache.ratis.thirdparty.io.grpc.StatusRuntimeException: UNAVAILABLE: io exception
2019-09-25 17:15:44,551 [grpc-default-executor-10] INFO  impl.FollowerInfo (FollowerInfo.java:lambda$new$0(51)) - 892b06a8-425f-4459-ba03-ed84a79f311f@group-DB1D162FA1C1->aff71a2d-89f3-4bc8-b768-2461c2911101: nextIndex: updateUnconditionally 0 -> 0
2019-09-25 17:15:45,046 [grpc-default-executor-13] WARN  server.GrpcLogAppender (LogUtils.java:warn(134)) - 892b06a8-425f-4459-ba03-ed84a79f311f@group-DB1D162FA1C1->358556f5-059f-4710-ae7d-5ccadbe23914-AppendLogResponseHandler: Failed appendEntries: org.apache.ratis.thirdparty.io.grpc.StatusRuntimeException: UNAVAILABLE: io exception
2019-09-25 17:15:45,047 [grpc-default-executor-13] INFO  impl.FollowerInfo (FollowerInfo.java:lambda$new$0(51)) - 892b06a8-425f-4459-ba03-ed84a79f311f@group-DB1D162FA1C1->358556f5-059f-4710-ae7d-5ccadbe23914: nextIndex: updateUnconditionally 0 -> 0
2019-09-25 17:15:45,052 [grpc-default-executor-11] WARN  server.GrpcLogAppender (LogUtils.java:warn(134)) - 892b06a8-425f-4459-ba03-ed84a79f311f@group-DB1D162FA1C1->aff71a2d-89f3-4bc8-b768-2461c2911101-AppendLogResponseHandler: Failed appendEntries: org.apache.ratis.thirdparty.io.grpc.StatusRuntimeException: UNAVAILABLE: io exception
2019-09-25 17:15:45,052 [grpc-default-executor-11] INFO  impl.FollowerInfo (FollowerInfo.java:lambda$new$0(51)) - 892b06a8-425f-4459-ba03-ed84a79f311f@group-DB1D162FA1C1->aff71a2d-89f3-4bc8-b768-2461c2911101: nextIndex: updateUnconditionally 0 -> 0
2019-09-25 17:15:45,221 [ForkJoinPool.commonPool-worker-0] INFO  ozoneimpl.OzoneContainer (OzoneContainer.java:stop(231)) - Attempting to stop container services.
2019-09-25 17:15:45,221 [ForkJoinPool.commonPool-worker-0] INFO  impl.RaftServerProxy (RaftServerProxy.java:lambda$close$4(314)) - 892b06a8-425f-4459-ba03-ed84a79f311f: close
2019-09-25 17:15:45,222 [ForkJoinPool.commonPool-worker-0] INFO  impl.RaftServerImpl (RaftServerImpl.java:lambda$shutdown$3(251)) - 892b06a8-425f-4459-ba03-ed84a79f311f@group-C3920417CAFA: shutdown
2019-09-25 17:15:45,222 [ForkJoinPool.commonPool-worker-0] INFO  util.JmxRegister (JmxRegister.java:unregister(73)) - Successfully un-registered JMX Bean with object name Ratis:service=RaftServer,group=group-C3920417CAFA,id=892b06a8-425f-4459-ba03-ed84a79f311f
2019-09-25 17:15:45,223 [ForkJoinPool.commonPool-worker-0] INFO  impl.RoleInfo (RoleInfo.java:shutdownLeaderState(104)) - 892b06a8-425f-4459-ba03-ed84a79f311f: shutdown LeaderState
2019-09-25 17:15:45,223 [ForkJoinPool.commonPool-worker-0] INFO  impl.PendingRequests (PendingRequests.java:sendNotLeaderResponses(202)) - 892b06a8-425f-4459-ba03-ed84a79f311f-PendingRequests: sendNotLeaderResponses
2019-09-25 17:15:45,224 [ForkJoinPool.commonPool-worker-0] INFO  impl.StateMachineUpdater (StateMachineUpdater.java:stopAndJoin(125)) - 892b06a8-425f-4459-ba03-ed84a79f311f@group-C3920417CAFA-StateMachineUpdater: set stopIndex = 0
2019-09-25 17:15:45,224 [ForkJoinPool.commonPool-worker-0] INFO  impl.RaftServerImpl (ServerState.java:close(385)) - 892b06a8-425f-4459-ba03-ed84a79f311f@group-C3920417CAFA: closes. applyIndex: 0
2019-09-25 17:15:45,225 [892b06a8-425f-4459-ba03-ed84a79f311f@group-C3920417CAFA-SegmentedRaftLogWorker] INFO  segmented.SegmentedRaftLogWorker (SegmentedRaftLogWorker.java:run(313)) - 892b06a8-425f-4459-ba03-ed84a79f311f@group-C3920417CAFA-SegmentedRaftLogWorker was interrupted, exiting. There are 0 tasks remaining in the queue.
2019-09-25 17:15:45,227 [ForkJoinPool.commonPool-worker-0] INFO  segmented.SegmentedRaftLogWorker (SegmentedRaftLogWorker.java:close(228)) - 892b06a8-425f-4459-ba03-ed84a79f311f@group-C3920417CAFA-SegmentedRaftLogWorker close()
2019-09-25 17:15:45,233 [ForkJoinPool.commonPool-worker-0] INFO  impl.RaftServerImpl (RaftServerImpl.java:lambda$shutdown$3(251)) - 892b06a8-425f-4459-ba03-ed84a79f311f@group-DB1D162FA1C1: shutdown
2019-09-25 17:15:45,233 [ForkJoinPool.commonPool-worker-0] INFO  util.JmxRegister (JmxRegister.java:unregister(73)) - Successfully un-registered JMX Bean with object name Ratis:service=RaftServer,group=group-DB1D162FA1C1,id=892b06a8-425f-4459-ba03-ed84a79f311f
2019-09-25 17:15:45,234 [ForkJoinPool.commonPool-worker-0] INFO  impl.RoleInfo (RoleInfo.java:shutdownLeaderState(104)) - 892b06a8-425f-4459-ba03-ed84a79f311f: shutdown LeaderState
2019-09-25 17:15:45,236 [ForkJoinPool.commonPool-worker-0] INFO  impl.PendingRequests (PendingRequests.java:sendNotLeaderResponses(202)) - 892b06a8-425f-4459-ba03-ed84a79f311f-PendingRequests: sendNotLeaderResponses
2019-09-25 17:15:45,237 [org.apache.ratis.server.impl.LogAppender$AppenderDaemon$$Lambda$512/2003330096@62c6c062] WARN  server.GrpcLogAppender (GrpcLogAppender.java:mayWait(143)) - 892b06a8-425f-4459-ba03-ed84a79f311f@group-DB1D162FA1C1->aff71a2d-89f3-4bc8-b768-2461c2911101-GrpcLogAppender: Wait interrupted by java.lang.InterruptedException
2019-09-25 17:15:45,236 [org.apache.ratis.server.impl.LogAppender$AppenderDaemon$$Lambda$512/2003330096@2edf5660] WARN  server.GrpcLogAppender (GrpcLogAppender.java:mayWait(143)) - 892b06a8-425f-4459-ba03-ed84a79f311f@group-DB1D162FA1C1->358556f5-059f-4710-ae7d-5ccadbe23914-GrpcLogAppender: Wait interrupted by java.lang.InterruptedException
2019-09-25 17:15:45,237 [ForkJoinPool.commonPool-worker-0] INFO  impl.StateMachineUpdater (StateMachineUpdater.java:stopAndJoin(125)) - 892b06a8-425f-4459-ba03-ed84a79f311f@group-DB1D162FA1C1-StateMachineUpdater: set stopIndex = 0
2019-09-25 17:15:45,237 [ForkJoinPool.commonPool-worker-0] INFO  impl.RaftServerImpl (ServerState.java:close(385)) - 892b06a8-425f-4459-ba03-ed84a79f311f@group-DB1D162FA1C1: closes. applyIndex: 0
2019-09-25 17:15:45,238 [892b06a8-425f-4459-ba03-ed84a79f311f@group-DB1D162FA1C1-SegmentedRaftLogWorker] INFO  segmented.SegmentedRaftLogWorker (SegmentedRaftLogWorker.java:run(313)) - 892b06a8-425f-4459-ba03-ed84a79f311f@group-DB1D162FA1C1-SegmentedRaftLogWorker was interrupted, exiting. There are 0 tasks remaining in the queue.
2019-09-25 17:15:45,238 [ForkJoinPool.commonPool-worker-0] INFO  segmented.SegmentedRaftLogWorker (SegmentedRaftLogWorker.java:close(228)) - 892b06a8-425f-4459-ba03-ed84a79f311f@group-DB1D162FA1C1-SegmentedRaftLogWorker close()
2019-09-25 17:15:45,239 [ForkJoinPool.commonPool-worker-0] INFO  server.GrpcService (GrpcService.java:closeImpl(164)) - 892b06a8-425f-4459-ba03-ed84a79f311f: shutdown server with port 33740 now
2019-09-25 17:15:45,239 [ForkJoinPool.commonPool-worker-0] INFO  server.GrpcService (GrpcService.java:closeImpl(172)) - 892b06a8-425f-4459-ba03-ed84a79f311f: shutdown server with port 33740 successfully
2019-09-25 17:15:45,241 [refreshUsed-/workdir/hadoop-ozone/integration-test/target/test-dir/MiniOzoneClusterImpl-ad082b7a-54ff-493a-8801-3708d76457e8/datanode-0/data/containers] WARN  fs.CachingGetSpaceUsed (CachingGetSpaceUsed.java:run(183)) - Thread Interrupted waiting to refresh disk information: sleep interrupted
2019-09-25 17:15:45,262 [ForkJoinPool.commonPool-worker-0] INFO  utils.BackgroundService (BackgroundService.java:shutdown(148)) - Shutting down service BlockDeletingService
2019-09-25 17:15:45,266 [ForkJoinPool.commonPool-worker-0] INFO  statemachine.DatanodeStateMachine (DatanodeStateMachine.java:stopDaemon(395)) - Ozone container server stopped.
2019-09-25 17:15:45,282 [ForkJoinPool.commonPool-worker-0] INFO  handler.ContextHandler (ContextHandler.java:doStop(910)) - Stopped o.e.j.w.WebAppContext@5e13f156{/,null,UNAVAILABLE}{/hddsDatanode}
2019-09-25 17:15:45,283 [ForkJoinPool.commonPool-worker-0] INFO  server.AbstractConnector (AbstractConnector.java:doStop(318)) - Stopped ServerConnector@310ed6b4{HTTP/1.1,[http/1.1]}{0.0.0.0:0}
2019-09-25 17:15:45,286 [ForkJoinPool.commonPool-worker-0] INFO  handler.ContextHandler (ContextHandler.java:doStop(910)) - Stopped o.e.j.s.ServletContextHandler@7f9e8421{/static,jar:file:/home/user/.m2/repository/org/apache/hadoop/hadoop-hdds-container-service/0.5.0-SNAPSHOT/hadoop-hdds-container-service-0.5.0-SNAPSHOT.jar!/webapps/static,UNAVAILABLE}
2019-09-25 17:15:45,287 [ForkJoinPool.commonPool-worker-0] INFO  handler.ContextHandler (ContextHandler.java:doStop(910)) - Stopped o.e.j.s.ServletContextHandler@4a8ffd75{/logs,file:///workdir/hadoop-ozone/integration-test/target/log,UNAVAILABLE}
2019-09-25 17:15:45,370 [aac5cd58-9b02-4776-bc0c-2ffd417f3e9d@group-5380CF8AFA8F-StateMachineUpdater] INFO  ratis.ContainerStateMachine (ContainerStateMachine.java:takeSnapshot(300)) - group-5380CF8AFA8F: Finished taking a snapshot at:(t:1, i:15) file:/workdir/hadoop-ozone/integration-test/target/test-dir/MiniOzoneClusterImpl-ad082b7a-54ff-493a-8801-3708d76457e8/datanode-3/data/ratis/0d1c830a-7918-473d-beff-5380cf8afa8f/sm/snapshot.1_15 time:10262
2019-09-25 17:15:45,370 [aac5cd58-9b02-4776-bc0c-2ffd417f3e9d@group-5380CF8AFA8F-StateMachineUpdater] INFO  impl.StateMachineUpdater (StateMachineUpdater.java:takeSnapshot(258)) - aac5cd58-9b02-4776-bc0c-2ffd417f3e9d@group-5380CF8AFA8F-StateMachineUpdater: Took a snapshot at index 15
2019-09-25 17:15:45,370 [aac5cd58-9b02-4776-bc0c-2ffd417f3e9d@group-5380CF8AFA8F-StateMachineUpdater] INFO  impl.StateMachineUpdater (StateMachineUpdater.java:lambda$new$0(83)) - aac5cd58-9b02-4776-bc0c-2ffd417f3e9d@group-5380CF8AFA8F-StateMachineUpdater: snapshotIndex: updateIncreasingly -1 -> 15
2019-09-25 17:15:45,371 [aac5cd58-9b02-4776-bc0c-2ffd417f3e9d@group-5380CF8AFA8F-StateMachineUpdater] INFO  ratis.ContainerStateMachine (ContainerStateMachine.java:takeSnapshot(289)) - group-5380CF8AFA8F: Taking a snapshot at:(t:1, i:15) file /workdir/hadoop-ozone/integration-test/target/test-dir/MiniOzoneClusterImpl-ad082b7a-54ff-493a-8801-3708d76457e8/datanode-3/data/ratis/0d1c830a-7918-473d-beff-5380cf8afa8f/sm/snapshot.1_15
2019-09-25 17:15:45,386 [aac5cd58-9b02-4776-bc0c-2ffd417f3e9d@group-5380CF8AFA8F-StateMachineUpdater] INFO  ratis.ContainerStateMachine (ContainerStateMachine.java:takeSnapshot(300)) - group-5380CF8AFA8F: Finished taking a snapshot at:(t:1, i:15) file:/workdir/hadoop-ozone/integration-test/target/test-dir/MiniOzoneClusterImpl-ad082b7a-54ff-493a-8801-3708d76457e8/datanode-3/data/ratis/0d1c830a-7918-473d-beff-5380cf8afa8f/sm/snapshot.1_15 time:15
2019-09-25 17:15:45,386 [aac5cd58-9b02-4776-bc0c-2ffd417f3e9d@group-5380CF8AFA8F-StateMachineUpdater] INFO  impl.StateMachineUpdater (StateMachineUpdater.java:takeSnapshot(258)) - aac5cd58-9b02-4776-bc0c-2ffd417f3e9d@group-5380CF8AFA8F-StateMachineUpdater: Took a snapshot at index 15
2019-09-25 17:15:45,386 [aac5cd58-9b02-4776-bc0c-2ffd417f3e9d@group-5380CF8AFA8F-StateMachineUpdater] INFO  impl.StateMachineUpdater (StateMachineUpdater.java:lambda$new$0(83)) - aac5cd58-9b02-4776-bc0c-2ffd417f3e9d@group-5380CF8AFA8F-StateMachineUpdater: snapshotIndex: updateIncreasingly 15 -> 15
2019-09-25 17:15:45,387 [main] INFO  impl.RaftServerImpl (ServerState.java:close(385)) - aac5cd58-9b02-4776-bc0c-2ffd417f3e9d@group-5380CF8AFA8F: closes. applyIndex: 16
2019-09-25 17:15:45,387 [aac5cd58-9b02-4776-bc0c-2ffd417f3e9d@group-5380CF8AFA8F-SegmentedRaftLogWorker] INFO  segmented.SegmentedRaftLogWorker (SegmentedRaftLogWorker.java:run(313)) - aac5cd58-9b02-4776-bc0c-2ffd417f3e9d@group-5380CF8AFA8F-SegmentedRaftLogWorker was interrupted, exiting. There are 0 tasks remaining in the queue.
2019-09-25 17:15:45,388 [main] INFO  segmented.SegmentedRaftLogWorker (SegmentedRaftLogWorker.java:close(228)) - aac5cd58-9b02-4776-bc0c-2ffd417f3e9d@group-5380CF8AFA8F-SegmentedRaftLogWorker close()
2019-09-25 17:15:45,388 [main] INFO  server.GrpcService (GrpcService.java:closeImpl(164)) - aac5cd58-9b02-4776-bc0c-2ffd417f3e9d: shutdown server with port 45834 now
2019-09-25 17:15:45,389 [main] INFO  server.GrpcService (GrpcService.java:closeImpl(172)) - aac5cd58-9b02-4776-bc0c-2ffd417f3e9d: shutdown server with port 45834 successfully
2019-09-25 17:15:45,390 [refreshUsed-/workdir/hadoop-ozone/integration-test/target/test-dir/MiniOzoneClusterImpl-ad082b7a-54ff-493a-8801-3708d76457e8/datanode-3/data/containers] WARN  fs.CachingGetSpaceUsed (CachingGetSpaceUsed.java:run(183)) - Thread Interrupted waiting to refresh disk information: sleep interrupted
2019-09-25 17:15:45,409 [main] INFO  utils.BackgroundService (BackgroundService.java:shutdown(148)) - Shutting down service BlockDeletingService
2019-09-25 17:15:45,413 [main] INFO  statemachine.DatanodeStateMachine (DatanodeStateMachine.java:stopDaemon(395)) - Ozone container server stopped.
2019-09-25 17:15:45,414 [main] INFO  handler.ContextHandler (ContextHandler.java:doStop(910)) - Stopped o.e.j.w.WebAppContext@220c9a63{/,null,UNAVAILABLE}{/hddsDatanode}
2019-09-25 17:15:45,414 [main] INFO  server.AbstractConnector (AbstractConnector.java:doStop(318)) - Stopped ServerConnector@55b5cd2b{HTTP/1.1,[http/1.1]}{0.0.0.0:0}
2019-09-25 17:15:45,415 [main] INFO  handler.ContextHandler (ContextHandler.java:doStop(910)) - Stopped o.e.j.s.ServletContextHandler@4fb56bea{/static,jar:file:/home/user/.m2/repository/org/apache/hadoop/hadoop-hdds-container-service/0.5.0-SNAPSHOT/hadoop-hdds-container-service-0.5.0-SNAPSHOT.jar!/webapps/static,UNAVAILABLE}
2019-09-25 17:15:45,415 [main] INFO  handler.ContextHandler (ContextHandler.java:doStop(910)) - Stopped o.e.j.s.ServletContextHandler@71b6172c{/logs,file:///workdir/hadoop-ozone/integration-test/target/log,UNAVAILABLE}
2019-09-25 17:15:45,416 [main] INFO  ozone.MiniOzoneClusterImpl (MiniOzoneClusterImpl.java:stopSCM(392)) - Stopping the StorageContainerManager
2019-09-25 17:15:45,417 [main] INFO  server.StorageContainerManager (StorageContainerManager.java:stop(808)) - Stopping Replication Manager Service.
2019-09-25 17:15:45,417 [main] INFO  container.ReplicationManager (ReplicationManager.java:stop(203)) - Stopping Replication Monitor Thread.
2019-09-25 17:15:45,417 [main] INFO  server.StorageContainerManager (StorageContainerManager.java:stop(815)) - Stopping Lease Manager of the command watchers
2019-09-25 17:15:45,417 [main] INFO  server.StorageContainerManager (StorageContainerManager.java:stop(822)) - Stopping datanode service RPC server
2019-09-25 17:15:45,417 [main] INFO  server.SCMDatanodeProtocolServer (SCMDatanodeProtocolServer.java:stop(367)) - Stopping the RPC server for DataNodes
2019-09-25 17:15:45,418 [main] INFO  ipc.Server (Server.java:stop(3082)) - Stopping server on 36083
2019-09-25 17:15:45,420 [IPC Server listener on 36083] INFO  ipc.Server (Server.java:run(1185)) - Stopping IPC Server listener on 36083
2019-09-25 17:15:45,420 [IPC Server Responder] INFO  ipc.Server (Server.java:run(1319)) - Stopping IPC Server Responder
2019-09-25 17:15:45,513 [SCM Heartbeat Processing Thread - 0] WARN  node.NodeStateManager (NodeStateManager.java:scheduleNextHealthCheck(646)) - Current Thread is interrupted, shutting down HB processing thread for Node Manager.
2019-09-25 17:15:45,514 [main] INFO  server.StorageContainerManager (StorageContainerManager.java:stop(830)) - Stopping block service RPC server
2019-09-25 17:15:45,514 [main] INFO  server.SCMBlockProtocolServer (SCMBlockProtocolServer.java:stop(155)) - Stopping the RPC server for Block Protocol
2019-09-25 17:15:45,514 [main] INFO  ipc.Server (Server.java:stop(3082)) - Stopping server on 37147
2019-09-25 17:15:45,516 [IPC Server listener on 37147] INFO  ipc.Server (Server.java:run(1185)) - Stopping IPC Server listener on 37147
2019-09-25 17:15:45,517 [IPC Server Responder] INFO  ipc.Server (Server.java:run(1319)) - Stopping IPC Server Responder
2019-09-25 17:15:45,516 [main] INFO  server.StorageContainerManager (StorageContainerManager.java:stop(837)) - Stopping the StorageContainerLocationProtocol RPC server
2019-09-25 17:15:45,518 [main] INFO  server.SCMClientProtocolServer (SCMClientProtocolServer.java:stop(159)) - Stopping the RPC server for Client Protocol
2019-09-25 17:15:45,518 [main] INFO  ipc.Server (Server.java:stop(3082)) - Stopping server on 43178
2019-09-25 17:15:45,520 [IPC Server listener on 43178] INFO  ipc.Server (Server.java:run(1185)) - Stopping IPC Server listener on 43178
2019-09-25 17:15:45,520 [main] INFO  server.StorageContainerManager (StorageContainerManager.java:stop(844)) - Stopping Storage Container Manager HTTP server.
2019-09-25 17:15:45,521 [IPC Server Responder] INFO  ipc.Server (Server.java:run(1319)) - Stopping IPC Server Responder
2019-09-25 17:15:45,522 [main] INFO  handler.ContextHandler (ContextHandler.java:doStop(910)) - Stopped o.e.j.w.WebAppContext@2404b5a{/,null,UNAVAILABLE}{/scm}
2019-09-25 17:15:45,522 [main] INFO  server.AbstractConnector (AbstractConnector.java:doStop(318)) - Stopped ServerConnector@3af58f76{HTTP/1.1,[http/1.1]}{0.0.0.0:0}
2019-09-25 17:15:45,523 [main] INFO  handler.ContextHandler (ContextHandler.java:doStop(910)) - Stopped o.e.j.s.ServletContextHandler@6088451e{/static,file:///workdir/hadoop-ozone/integration-test/target/test-classes/webapps/static,UNAVAILABLE}
2019-09-25 17:15:45,523 [main] INFO  handler.ContextHandler (ContextHandler.java:doStop(910)) - Stopped o.e.j.s.ServletContextHandler@51b77cdf{/logs,file:///workdir/hadoop-ozone/integration-test/target/log,UNAVAILABLE}
2019-09-25 17:15:45,524 [main] INFO  server.StorageContainerManager (StorageContainerManager.java:stop(855)) - Stopping Block Manager Service.
2019-09-25 17:15:45,524 [main] INFO  utils.BackgroundService (BackgroundService.java:shutdown(148)) - Shutting down service SCMBlockDeletingService
2019-09-25 17:15:45,525 [main] INFO  utils.BackgroundService (BackgroundService.java:shutdown(148)) - Shutting down service SCMBlockDeletingService
2019-09-25 17:15:45,525 [main] INFO  server.StorageContainerManager (StorageContainerManager.java:stop(877)) - Stopping SCM Event Queue.
2019-09-25 17:15:45,530 [main] INFO  impl.MetricsSystemImpl (MetricsSystemImpl.java:stop(210)) - Stopping HddsDatanode metrics system...
2019-09-25 17:15:45,550 [main] INFO  impl.MetricsSystemImpl (MetricsSystemImpl.java:stop(216)) - HddsDatanode metrics system stopped.
]]></system-out>
    <system-err><![CDATA[Sep 25, 2019 5:15:24 PM org.apache.ratis.thirdparty.io.grpc.internal.SerializingExecutor run
SEVERE: Exception while executing runnable org.apache.ratis.thirdparty.io.grpc.internal.ServerImpl$JumpToApplicationThreadServerStreamListener$1Closed@100f4203
org.apache.ratis.thirdparty.io.grpc.StatusRuntimeException: CANCELLED: call already cancelled
	at org.apache.ratis.thirdparty.io.grpc.Status.asRuntimeException(Status.java:517)
	at org.apache.ratis.thirdparty.io.grpc.stub.ServerCalls$ServerCallStreamObserverImpl.onCompleted(ServerCalls.java:356)
	at org.apache.ratis.grpc.server.GrpcServerProtocolService$ServerRequestStreamObserver.onError(GrpcServerProtocolService.java:121)
	at org.apache.ratis.thirdparty.io.grpc.stub.ServerCalls$StreamingServerCallHandler$StreamingServerCallListener.onCancel(ServerCalls.java:269)
	at org.apache.ratis.thirdparty.io.grpc.internal.ServerCallImpl$ServerStreamListenerImpl.closed(ServerCallImpl.java:293)
	at org.apache.ratis.thirdparty.io.grpc.internal.ServerImpl$JumpToApplicationThreadServerStreamListener$1Closed.runInContext(ServerImpl.java:741)
	at org.apache.ratis.thirdparty.io.grpc.internal.ContextRunnable.run(ContextRunnable.java:37)
	at org.apache.ratis.thirdparty.io.grpc.internal.SerializingExecutor.run(SerializingExecutor.java:123)
	at java.util.concurrent.ThreadPoolExecutor.runWorker(ThreadPoolExecutor.java:1149)
	at java.util.concurrent.ThreadPoolExecutor$Worker.run(ThreadPoolExecutor.java:624)
	at java.lang.Thread.run(Thread.java:748)

Sep 25, 2019 5:15:29 PM org.apache.ratis.thirdparty.io.grpc.internal.SerializingExecutor run
SEVERE: Exception while executing runnable org.apache.ratis.thirdparty.io.grpc.internal.ServerImpl$JumpToApplicationThreadServerStreamListener$1Closed@13acdfb0
org.apache.ratis.thirdparty.io.grpc.StatusRuntimeException: CANCELLED: call already cancelled
	at org.apache.ratis.thirdparty.io.grpc.Status.asRuntimeException(Status.java:517)
	at org.apache.ratis.thirdparty.io.grpc.stub.ServerCalls$ServerCallStreamObserverImpl.onCompleted(ServerCalls.java:356)
	at org.apache.ratis.grpc.server.GrpcServerProtocolService$ServerRequestStreamObserver.onError(GrpcServerProtocolService.java:121)
	at org.apache.ratis.thirdparty.io.grpc.stub.ServerCalls$StreamingServerCallHandler$StreamingServerCallListener.onCancel(ServerCalls.java:269)
	at org.apache.ratis.thirdparty.io.grpc.internal.ServerCallImpl$ServerStreamListenerImpl.closed(ServerCallImpl.java:293)
	at org.apache.ratis.thirdparty.io.grpc.internal.ServerImpl$JumpToApplicationThreadServerStreamListener$1Closed.runInContext(ServerImpl.java:741)
	at org.apache.ratis.thirdparty.io.grpc.internal.ContextRunnable.run(ContextRunnable.java:37)
	at org.apache.ratis.thirdparty.io.grpc.internal.SerializingExecutor.run(SerializingExecutor.java:123)
	at java.util.concurrent.ThreadPoolExecutor.runWorker(ThreadPoolExecutor.java:1149)
	at java.util.concurrent.ThreadPoolExecutor$Worker.run(ThreadPoolExecutor.java:624)
	at java.lang.Thread.run(Thread.java:748)

Sep 25, 2019 5:15:35 PM org.apache.ratis.thirdparty.io.grpc.internal.SerializingExecutor run
SEVERE: Exception while executing runnable org.apache.ratis.thirdparty.io.grpc.internal.ServerImpl$JumpToApplicationThreadServerStreamListener$1Closed@764c016b
org.apache.ratis.thirdparty.io.grpc.StatusRuntimeException: CANCELLED: call already cancelled
	at org.apache.ratis.thirdparty.io.grpc.Status.asRuntimeException(Status.java:517)
	at org.apache.ratis.thirdparty.io.grpc.stub.ServerCalls$ServerCallStreamObserverImpl.onCompleted(ServerCalls.java:356)
	at org.apache.ratis.grpc.server.GrpcServerProtocolService$ServerRequestStreamObserver.onError(GrpcServerProtocolService.java:121)
	at org.apache.ratis.thirdparty.io.grpc.stub.ServerCalls$StreamingServerCallHandler$StreamingServerCallListener.onCancel(ServerCalls.java:269)
	at org.apache.ratis.thirdparty.io.grpc.internal.ServerCallImpl$ServerStreamListenerImpl.closed(ServerCallImpl.java:293)
	at org.apache.ratis.thirdparty.io.grpc.internal.ServerImpl$JumpToApplicationThreadServerStreamListener$1Closed.runInContext(ServerImpl.java:741)
	at org.apache.ratis.thirdparty.io.grpc.internal.ContextRunnable.run(ContextRunnable.java:37)
	at org.apache.ratis.thirdparty.io.grpc.internal.SerializingExecutor.run(SerializingExecutor.java:123)
	at java.util.concurrent.ThreadPoolExecutor.runWorker(ThreadPoolExecutor.java:1149)
	at java.util.concurrent.ThreadPoolExecutor$Worker.run(ThreadPoolExecutor.java:624)
	at java.lang.Thread.run(Thread.java:748)

Sep 25, 2019 5:15:40 PM org.apache.ratis.thirdparty.io.grpc.internal.SerializingExecutor run
SEVERE: Exception while executing runnable org.apache.ratis.thirdparty.io.grpc.internal.ServerImpl$JumpToApplicationThreadServerStreamListener$1Closed@78a29d61
org.apache.ratis.thirdparty.io.grpc.StatusRuntimeException: CANCELLED: call already cancelled
	at org.apache.ratis.thirdparty.io.grpc.Status.asRuntimeException(Status.java:517)
	at org.apache.ratis.thirdparty.io.grpc.stub.ServerCalls$ServerCallStreamObserverImpl.onCompleted(ServerCalls.java:356)
	at org.apache.ratis.grpc.server.GrpcServerProtocolService$ServerRequestStreamObserver.onError(GrpcServerProtocolService.java:121)
	at org.apache.ratis.thirdparty.io.grpc.stub.ServerCalls$StreamingServerCallHandler$StreamingServerCallListener.onCancel(ServerCalls.java:269)
	at org.apache.ratis.thirdparty.io.grpc.internal.ServerCallImpl$ServerStreamListenerImpl.closed(ServerCallImpl.java:293)
	at org.apache.ratis.thirdparty.io.grpc.internal.ServerImpl$JumpToApplicationThreadServerStreamListener$1Closed.runInContext(ServerImpl.java:741)
	at org.apache.ratis.thirdparty.io.grpc.internal.ContextRunnable.run(ContextRunnable.java:37)
	at org.apache.ratis.thirdparty.io.grpc.internal.SerializingExecutor.run(SerializingExecutor.java:123)
	at java.util.concurrent.ThreadPoolExecutor.runWorker(ThreadPoolExecutor.java:1149)
	at java.util.concurrent.ThreadPoolExecutor$Worker.run(ThreadPoolExecutor.java:624)
	at java.lang.Thread.run(Thread.java:748)

]]></system-err>
  </testcase>
</testsuite>