<?xml version="1.0" encoding="UTF-8"?>
<testsuite xmlns:xsi="http://www.w3.org/2001/XMLSchema-instance" xsi:noNamespaceSchemaLocation="https://maven.apache.org/surefire/maven-surefire-plugin/xsd/surefire-test-report.xsd" name="org.apache.hadoop.ozone.client.rpc.TestCommitWatcher" time="61.08" tests="2" errors="0" skipped="0" failures="1">
  <properties>
    <property name="awt.toolkit" value="sun.awt.X11.XToolkit"/>
    <property name="file.encoding.pkg" value="sun.io"/>
    <property name="java.specification.version" value="1.8"/>
    <property name="sun.cpu.isalist" value=""/>
    <property name="sun.jnu.encoding" value="UTF-8"/>
    <property name="java.class.path" value="/workdir/hadoop-ozone/integration-test/target/test-classes:/workdir/hadoop-ozone/integration-test/target/classes:/home/user/.m2/repository/org/apache/hadoop/hadoop-ozone-common/0.5.0-SNAPSHOT/hadoop-ozone-common-0.5.0-SNAPSHOT.jar:/home/user/.m2/repository/org/apache/commons/commons-compress/1.4.1/commons-compress-1.4.1.jar:/home/user/.m2/repository/org/tukaani/xz/1.0/xz-1.0.jar:/home/user/.m2/repository/org/apache/hadoop/hadoop-common/3.2.0/hadoop-common-3.2.0.jar:/home/user/.m2/repository/org/apache/hadoop/hadoop-hdfs/3.2.0/hadoop-hdfs-3.2.0.jar:/home/user/.m2/repository/org/apache/hadoop/hadoop-hdfs-client/3.2.0/hadoop-hdfs-client-3.2.0.jar:/home/user/.m2/repository/com/fasterxml/jackson/core/jackson-annotations/2.9.5/jackson-annotations-2.9.5.jar:/home/user/.m2/repository/org/apache/hadoop/hadoop-hdds-common/0.5.0-SNAPSHOT/hadoop-hdds-common-0.5.0-SNAPSHOT.jar:/home/user/.m2/repository/javax/annotation/javax.annotation-api/1.2/javax.annotation-api-1.2.jar:/home/user/.m2/repository/org/apache/ratis/ratis-server/0.4.0-2337318-SNAPSHOT/ratis-server-0.4.0-2337318-SNAPSHOT.jar:/home/user/.m2/repository/org/apache/ratis/ratis-thirdparty-misc/0.2.0/ratis-thirdparty-misc-0.2.0.jar:/home/user/.m2/repository/org/apache/ratis/ratis-proto/0.4.0-2337318-SNAPSHOT/ratis-proto-0.4.0-2337318-SNAPSHOT.jar:/home/user/.m2/repository/org/apache/ratis/ratis-common/0.4.0-2337318-SNAPSHOT/ratis-common-0.4.0-2337318-SNAPSHOT.jar:/home/user/.m2/repository/org/apache/ratis/ratis-client/0.4.0-2337318-SNAPSHOT/ratis-client-0.4.0-2337318-SNAPSHOT.jar:/home/user/.m2/repository/org/apache/ratis/ratis-metrics/0.4.0-2337318-SNAPSHOT/ratis-metrics-0.4.0-2337318-SNAPSHOT.jar:/home/user/.m2/repository/org/apache/ratis/ratis-netty/0.4.0-2337318-SNAPSHOT/ratis-netty-0.4.0-2337318-SNAPSHOT.jar:/home/user/.m2/repository/org/apache/ratis/ratis-grpc/0.4.0-2337318-SNAPSHOT/ratis-grpc-0.4.0-2337318-SNAPSHOT.jar:/home/user/.m2/repository/org/rocksdb/rocksdbjni/6.0.1/rocksdbjni-6.0.1.jar:/home/user/.m2/repository/org/apache/logging/log4j/log4j-api/2.11.0/log4j-api-2.11.0.jar:/home/user/.m2/repository/org/apache/logging/log4j/log4j-core/2.11.0/log4j-core-2.11.0.jar:/home/user/.m2/repository/com/lmax/disruptor/3.4.2/disruptor-3.4.2.jar:/home/user/.m2/repository/org/apache/commons/commons-pool2/2.6.0/commons-pool2-2.6.0.jar:/home/user/.m2/repository/org/bouncycastle/bcpkix-jdk15on/1.60/bcpkix-jdk15on-1.60.jar:/home/user/.m2/repository/commons-validator/commons-validator/1.6/commons-validator-1.6.jar:/home/user/.m2/repository/commons-digester/commons-digester/1.8.1/commons-digester-1.8.1.jar:/home/user/.m2/repository/io/jaegertracing/jaeger-client/0.33.1/jaeger-client-0.33.1.jar:/home/user/.m2/repository/io/jaegertracing/jaeger-thrift/0.33.1/jaeger-thrift-0.33.1.jar:/home/user/.m2/repository/org/apache/thrift/libthrift/0.11.0/libthrift-0.11.0.jar:/home/user/.m2/repository/com/squareup/okhttp3/okhttp/3.9.0/okhttp-3.9.0.jar:/home/user/.m2/repository/com/squareup/okio/okio/1.13.0/okio-1.13.0.jar:/home/user/.m2/repository/io/jaegertracing/jaeger-core/0.33.1/jaeger-core-0.33.1.jar:/home/user/.m2/repository/io/jaegertracing/jaeger-tracerresolver/0.33.1/jaeger-tracerresolver-0.33.1.jar:/home/user/.m2/repository/io/opentracing/contrib/opentracing-tracerresolver/0.1.5/opentracing-tracerresolver-0.1.5.jar:/home/user/.m2/repository/io/opentracing/opentracing-util/0.31.0/opentracing-util-0.31.0.jar:/home/user/.m2/repository/io/opentracing/opentracing-api/0.31.0/opentracing-api-0.31.0.jar:/home/user/.m2/repository/io/opentracing/opentracing-noop/0.31.0/opentracing-noop-0.31.0.jar:/home/user/.m2/repository/org/apache/hadoop/hadoop-hdds-server-framework/0.5.0-SNAPSHOT/hadoop-hdds-server-framework-0.5.0-SNAPSHOT.jar:/home/user/.m2/repository/org/apache/hadoop/hadoop-hdds-container-service/0.5.0-SNAPSHOT/hadoop-hdds-container-service-0.5.0-SNAPSHOT.jar:/home/user/.m2/repository/org/apache/hadoop/hadoop-hdds-client/0.5.0-SNAPSHOT/hadoop-hdds-client-0.5.0-SNAPSHOT.jar:/home/user/.m2/repository/org/apache/hadoop/hadoop-hdds-tools/0.5.0-SNAPSHOT/hadoop-hdds-tools-0.5.0-SNAPSHOT.jar:/home/user/.m2/repository/org/apache/hadoop/hadoop-hdds-server-scm/0.5.0-SNAPSHOT/hadoop-hdds-server-scm-0.5.0-SNAPSHOT.jar:/home/user/.m2/repository/org/apache/hadoop/hadoop-hdds-docs/0.5.0-SNAPSHOT/hadoop-hdds-docs-0.5.0-SNAPSHOT.jar:/home/user/.m2/repository/io/dropwizard/metrics/metrics-core/3.2.4/metrics-core-3.2.4.jar:/home/user/.m2/repository/org/hamcrest/hamcrest-all/1.3/hamcrest-all-1.3.jar:/home/user/.m2/repository/org/bouncycastle/bcprov-jdk15on/1.60/bcprov-jdk15on-1.60.jar:/home/user/.m2/repository/info/picocli/picocli/3.9.6/picocli-3.9.6.jar:/home/user/.m2/repository/com/google/protobuf/protobuf-java/2.5.0/protobuf-java-2.5.0.jar:/home/user/.m2/repository/com/google/guava/guava/11.0.2/guava-11.0.2.jar:/home/user/.m2/repository/org/apache/hadoop/hadoop-ozone-ozone-manager/0.5.0-SNAPSHOT/hadoop-ozone-ozone-manager-0.5.0-SNAPSHOT.jar:/home/user/.m2/repository/org/apache/hadoop/hadoop-minikdc/3.2.0/hadoop-minikdc-3.2.0.jar:/home/user/.m2/repository/commons-io/commons-io/2.5/commons-io-2.5.jar:/home/user/.m2/repository/org/apache/kerby/kerb-simplekdc/1.0.1/kerb-simplekdc-1.0.1.jar:/home/user/.m2/repository/org/apache/kerby/kerb-client/1.0.1/kerb-client-1.0.1.jar:/home/user/.m2/repository/org/apache/kerby/kerby-config/1.0.1/kerby-config-1.0.1.jar:/home/user/.m2/repository/org/apache/kerby/kerb-core/1.0.1/kerb-core-1.0.1.jar:/home/user/.m2/repository/org/apache/kerby/kerby-pkix/1.0.1/kerby-pkix-1.0.1.jar:/home/user/.m2/repository/org/apache/kerby/kerby-asn1/1.0.1/kerby-asn1-1.0.1.jar:/home/user/.m2/repository/org/apache/kerby/kerby-util/1.0.1/kerby-util-1.0.1.jar:/home/user/.m2/repository/org/apache/kerby/kerb-common/1.0.1/kerb-common-1.0.1.jar:/home/user/.m2/repository/org/apache/kerby/kerb-crypto/1.0.1/kerb-crypto-1.0.1.jar:/home/user/.m2/repository/org/apache/kerby/kerb-util/1.0.1/kerb-util-1.0.1.jar:/home/user/.m2/repository/org/apache/kerby/token-provider/1.0.1/token-provider-1.0.1.jar:/home/user/.m2/repository/org/apache/kerby/kerb-admin/1.0.1/kerb-admin-1.0.1.jar:/home/user/.m2/repository/org/apache/kerby/kerb-server/1.0.1/kerb-server-1.0.1.jar:/home/user/.m2/repository/org/apache/kerby/kerb-identity/1.0.1/kerb-identity-1.0.1.jar:/home/user/.m2/repository/org/apache/kerby/kerby-xdr/1.0.1/kerby-xdr-1.0.1.jar:/home/user/.m2/repository/org/slf4j/slf4j-log4j12/1.7.25/slf4j-log4j12-1.7.25.jar:/home/user/.m2/repository/org/apache/hadoop/hadoop-ozone-objectstore-service/0.5.0-SNAPSHOT/hadoop-ozone-objectstore-service-0.5.0-SNAPSHOT.jar:/home/user/.m2/repository/org/apache/hadoop/hadoop-ozone-s3gateway/0.5.0-SNAPSHOT/hadoop-ozone-s3gateway-0.5.0-SNAPSHOT.jar:/home/user/.m2/repository/org/jboss/weld/servlet/weld-servlet/2.4.7.Final/weld-servlet-2.4.7.Final.jar:/home/user/.m2/repository/org/glassfish/jersey/containers/jersey-container-servlet-core/2.27/jersey-container-servlet-core-2.27.jar:/home/user/.m2/repository/org/glassfish/hk2/external/javax.inject/2.5.0-b42/javax.inject-2.5.0-b42.jar:/home/user/.m2/repository/org/glassfish/jersey/core/jersey-common/2.27/jersey-common-2.27.jar:/home/user/.m2/repository/org/glassfish/hk2/osgi-resource-locator/1.0.1/osgi-resource-locator-1.0.1.jar:/home/user/.m2/repository/javax/ws/rs/javax.ws.rs-api/2.1/javax.ws.rs-api-2.1.jar:/home/user/.m2/repository/org/glassfish/jersey/ext/cdi/jersey-cdi1x/2.27/jersey-cdi1x-2.27.jar:/home/user/.m2/repository/org/glassfish/jersey/inject/jersey-hk2/2.27/jersey-hk2-2.27.jar:/home/user/.m2/repository/org/glassfish/hk2/hk2-locator/2.5.0-b42/hk2-locator-2.5.0-b42.jar:/home/user/.m2/repository/org/javassist/javassist/3.22.0-CR2/javassist-3.22.0-CR2.jar:/home/user/.m2/repository/org/glassfish/hk2/hk2-api/2.5.0/hk2-api-2.5.0.jar:/home/user/.m2/repository/org/glassfish/hk2/external/jakarta.inject/2.5.0/jakarta.inject-2.5.0.jar:/home/user/.m2/repository/org/glassfish/hk2/hk2-utils/2.5.0/hk2-utils-2.5.0.jar:/home/user/.m2/repository/jakarta/annotation/jakarta.annotation-api/1.3.4/jakarta.annotation-api-1.3.4.jar:/home/user/.m2/repository/org/glassfish/hk2/external/aopalliance-repackaged/2.5.0/aopalliance-repackaged-2.5.0.jar:/home/user/.m2/repository/com/fasterxml/jackson/dataformat/jackson-dataformat-xml/2.9.0/jackson-dataformat-xml-2.9.0.jar:/home/user/.m2/repository/com/fasterxml/jackson/core/jackson-core/2.9.5/jackson-core-2.9.5.jar:/home/user/.m2/repository/com/fasterxml/jackson/module/jackson-module-jaxb-annotations/2.9.5/jackson-module-jaxb-annotations-2.9.5.jar:/home/user/.m2/repository/javax/enterprise/cdi-api/1.2/cdi-api-1.2.jar:/home/user/.m2/repository/javax/el/javax.el-api/3.0.0/javax.el-api-3.0.0.jar:/home/user/.m2/repository/javax/interceptor/javax.interceptor-api/1.2/javax.interceptor-api-1.2.jar:/home/user/.m2/repository/javax/inject/javax.inject/1/javax.inject-1.jar:/home/user/.m2/repository/com/sun/xml/bind/jaxb-impl/2.3.0.1/jaxb-impl-2.3.0.1.jar:/home/user/.m2/repository/com/sun/xml/bind/jaxb-core/2.3.0.1/jaxb-core-2.3.0.1.jar:/home/user/.m2/repository/javax/xml/bind/jaxb-api/2.3.0/jaxb-api-2.3.0.jar:/home/user/.m2/repository/javax/activation/activation/1.1.1/activation-1.1.1.jar:/home/user/.m2/repository/org/apache/hadoop/hadoop-ozone-csi/0.5.0-SNAPSHOT/hadoop-ozone-csi-0.5.0-SNAPSHOT.jar:/home/user/.m2/repository/com/google/protobuf/protobuf-java-util/3.5.1/protobuf-java-util-3.5.1.jar:/home/user/.m2/repository/org/apache/hadoop/hadoop-hdds-config/0.5.0-SNAPSHOT/hadoop-hdds-config-0.5.0-SNAPSHOT.jar:/home/user/.m2/repository/io/grpc/grpc-netty/1.17.1/grpc-netty-1.17.1.jar:/home/user/.m2/repository/io/grpc/grpc-core/1.17.1/grpc-core-1.17.1.jar:/home/user/.m2/repository/io/grpc/grpc-context/1.17.1/grpc-context-1.17.1.jar:/home/user/.m2/repository/com/google/errorprone/error_prone_annotations/2.2.0/error_prone_annotations-2.2.0.jar:/home/user/.m2/repository/org/codehaus/mojo/animal-sniffer-annotations/1.17/animal-sniffer-annotations-1.17.jar:/home/user/.m2/repository/io/opencensus/opencensus-api/0.17.0/opencensus-api-0.17.0.jar:/home/user/.m2/repository/io/opencensus/opencensus-contrib-grpc-metrics/0.17.0/opencensus-contrib-grpc-metrics-0.17.0.jar:/home/user/.m2/repository/io/netty/netty-codec-http2/4.1.30.Final/netty-codec-http2-4.1.30.Final.jar:/home/user/.m2/repository/io/netty/netty-codec-http/4.1.30.Final/netty-codec-http-4.1.30.Final.jar:/home/user/.m2/repository/io/netty/netty-codec/4.1.30.Final/netty-codec-4.1.30.Final.jar:/home/user/.m2/repository/io/netty/netty-handler/4.1.30.Final/netty-handler-4.1.30.Final.jar:/home/user/.m2/repository/io/netty/netty-handler-proxy/4.1.30.Final/netty-handler-proxy-4.1.30.Final.jar:/home/user/.m2/repository/io/netty/netty-codec-socks/4.1.30.Final/netty-codec-socks-4.1.30.Final.jar:/home/user/.m2/repository/io/netty/netty-transport-native-epoll/4.1.30.Final/netty-transport-native-epoll-4.1.30.Final.jar:/home/user/.m2/repository/io/netty/netty-common/4.1.30.Final/netty-common-4.1.30.Final.jar:/home/user/.m2/repository/io/netty/netty-buffer/4.1.30.Final/netty-buffer-4.1.30.Final.jar:/home/user/.m2/repository/io/netty/netty-transport/4.1.30.Final/netty-transport-4.1.30.Final.jar:/home/user/.m2/repository/io/netty/netty-resolver/4.1.30.Final/netty-resolver-4.1.30.Final.jar:/home/user/.m2/repository/io/netty/netty-transport-native-unix-common/4.1.30.Final/netty-transport-native-unix-common-4.1.30.Final.jar:/home/user/.m2/repository/io/grpc/grpc-protobuf/1.17.1/grpc-protobuf-1.17.1.jar:/home/user/.m2/repository/com/google/api/grpc/proto-google-common-protos/1.0.0/proto-google-common-protos-1.0.0.jar:/home/user/.m2/repository/io/grpc/grpc-protobuf-lite/1.17.1/grpc-protobuf-lite-1.17.1.jar:/home/user/.m2/repository/io/grpc/grpc-stub/1.17.1/grpc-stub-1.17.1.jar:/home/user/.m2/repository/org/apache/hadoop/hadoop-ozone-recon/0.5.0-SNAPSHOT/hadoop-ozone-recon-0.5.0-SNAPSHOT.jar:/home/user/.m2/repository/org/apache/hadoop/hadoop-ozone-reconcodegen/0.5.0-SNAPSHOT/hadoop-ozone-reconcodegen-0.5.0-SNAPSHOT.jar:/home/user/.m2/repository/com/google/inject/extensions/guice-multibindings/4.0/guice-multibindings-4.0.jar:/home/user/.m2/repository/com/google/inject/guice/4.0/guice-4.0.jar:/home/user/.m2/repository/aopalliance/aopalliance/1.0/aopalliance-1.0.jar:/home/user/.m2/repository/com/google/inject/extensions/guice-servlet/4.0/guice-servlet-4.0.jar:/home/user/.m2/repository/org/glassfish/jersey/containers/jersey-container-servlet/2.27/jersey-container-servlet-2.27.jar:/home/user/.m2/repository/org/glassfish/hk2/guice-bridge/2.5.0/guice-bridge-2.5.0.jar:/home/user/.m2/repository/org/glassfish/jersey/core/jersey-server/2.27/jersey-server-2.27.jar:/home/user/.m2/repository/org/glassfish/jersey/core/jersey-client/2.27/jersey-client-2.27.jar:/home/user/.m2/repository/org/glassfish/jersey/media/jersey-media-jaxb/2.27/jersey-media-jaxb-2.27.jar:/home/user/.m2/repository/javax/validation/validation-api/1.1.0.Final/validation-api-1.1.0.Final.jar:/home/user/.m2/repository/org/glassfish/jersey/media/jersey-media-json-jackson/2.27/jersey-media-json-jackson-2.27.jar:/home/user/.m2/repository/org/glassfish/jersey/ext/jersey-entity-filtering/2.27/jersey-entity-filtering-2.27.jar:/home/user/.m2/repository/com/google/inject/extensions/guice-assistedinject/4.0/guice-assistedinject-4.0.jar:/home/user/.m2/repository/org/jooq/jooq/3.11.10/jooq-3.11.10.jar:/home/user/.m2/repository/org/jooq/jooq-meta/3.11.10/jooq-meta-3.11.10.jar:/home/user/.m2/repository/org/jooq/jooq-codegen/3.11.10/jooq-codegen-3.11.10.jar:/home/user/.m2/repository/com/jolbox/bonecp/0.8.0.RELEASE/bonecp-0.8.0.RELEASE.jar:/home/user/.m2/repository/org/xerial/sqlite-jdbc/3.25.2/sqlite-jdbc-3.25.2.jar:/home/user/.m2/repository/org/springframework/spring-jdbc/5.1.3.RELEASE/spring-jdbc-5.1.3.RELEASE.jar:/home/user/.m2/repository/org/springframework/spring-beans/5.1.3.RELEASE/spring-beans-5.1.3.RELEASE.jar:/home/user/.m2/repository/org/springframework/spring-core/5.1.3.RELEASE/spring-core-5.1.3.RELEASE.jar:/home/user/.m2/repository/org/springframework/spring-jcl/5.1.3.RELEASE/spring-jcl-5.1.3.RELEASE.jar:/home/user/.m2/repository/org/springframework/spring-tx/5.1.3.RELEASE/spring-tx-5.1.3.RELEASE.jar:/home/user/.m2/repository/org/apache/hadoop/hadoop-ozone-client/0.5.0-SNAPSHOT/hadoop-ozone-client-0.5.0-SNAPSHOT.jar:/home/user/.m2/repository/commons-lang/commons-lang/2.6/commons-lang-2.6.jar:/home/user/.m2/repository/org/apache/hadoop/hadoop-ozone-ozone-manager/0.5.0-SNAPSHOT/hadoop-ozone-ozone-manager-0.5.0-SNAPSHOT-tests.jar:/home/user/.m2/repository/junit/junit/4.11/junit-4.11.jar:/home/user/.m2/repository/org/hamcrest/hamcrest-core/1.3/hamcrest-core-1.3.jar:/home/user/.m2/repository/org/openjdk/jmh/jmh-core/1.19/jmh-core-1.19.jar:/home/user/.m2/repository/net/sf/jopt-simple/jopt-simple/4.6/jopt-simple-4.6.jar:/home/user/.m2/repository/org/apache/commons/commons-math3/3.1.1/commons-math3-3.1.1.jar:/home/user/.m2/repository/org/openjdk/jmh/jmh-generator-annprocess/1.19/jmh-generator-annprocess-1.19.jar:/home/user/.m2/repository/org/mockito/mockito-all/1.8.5/mockito-all-1.8.5.jar:/home/user/.m2/repository/org/apache/hadoop/hadoop-kms/3.2.0/hadoop-kms-3.2.0.jar:/home/user/.m2/repository/org/apache/hadoop/hadoop-auth/3.2.0/hadoop-auth-3.2.0.jar:/home/user/.m2/repository/com/nimbusds/nimbus-jose-jwt/4.41.1/nimbus-jose-jwt-4.41.1.jar:/home/user/.m2/repository/com/github/stephenc/jcip/jcip-annotations/1.0-1/jcip-annotations-1.0-1.jar:/home/user/.m2/repository/net/minidev/json-smart/2.3/json-smart-2.3.jar:/home/user/.m2/repository/net/minidev/accessors-smart/1.2/accessors-smart-1.2.jar:/home/user/.m2/repository/org/ow2/asm/asm/5.0.4/asm-5.0.4.jar:/home/user/.m2/repository/org/apache/curator/curator-framework/2.12.0/curator-framework-2.12.0.jar:/home/user/.m2/repository/com/sun/jersey/jersey-core/1.19/jersey-core-1.19.jar:/home/user/.m2/repository/javax/ws/rs/jsr311-api/1.1.1/jsr311-api-1.1.1.jar:/home/user/.m2/repository/com/sun/jersey/jersey-server/1.19/jersey-server-1.19.jar:/home/user/.m2/repository/javax/servlet/javax.servlet-api/3.1.0/javax.servlet-api-3.1.0.jar:/home/user/.m2/repository/org/eclipse/jetty/jetty-server/9.3.24.v20180605/jetty-server-9.3.24.v20180605.jar:/home/user/.m2/repository/org/eclipse/jetty/jetty-http/9.3.24.v20180605/jetty-http-9.3.24.v20180605.jar:/home/user/.m2/repository/org/eclipse/jetty/jetty-io/9.3.24.v20180605/jetty-io-9.3.24.v20180605.jar:/home/user/.m2/repository/org/eclipse/jetty/jetty-webapp/9.3.24.v20180605/jetty-webapp-9.3.24.v20180605.jar:/home/user/.m2/repository/org/eclipse/jetty/jetty-xml/9.3.24.v20180605/jetty-xml-9.3.24.v20180605.jar:/home/user/.m2/repository/log4j/log4j/1.2.17/log4j-1.2.17.jar:/home/user/.m2/repository/org/slf4j/slf4j-api/1.7.25/slf4j-api-1.7.25.jar:/home/user/.m2/repository/org/slf4j/jul-to-slf4j/1.7.25/jul-to-slf4j-1.7.25.jar:/home/user/.m2/repository/org/eclipse/jetty/jetty-util/9.3.24.v20180605/jetty-util-9.3.24.v20180605.jar:/home/user/.m2/repository/com/fasterxml/jackson/core/jackson-databind/2.9.5/jackson-databind-2.9.5.jar:/home/user/.m2/repository/org/apache/hadoop/hadoop-kms/3.2.0/hadoop-kms-3.2.0-tests.jar:/home/user/.m2/repository/org/apache/hadoop/hadoop-hdds-server-scm/0.5.0-SNAPSHOT/hadoop-hdds-server-scm-0.5.0-SNAPSHOT-tests.jar:/home/user/.m2/repository/org/apache/hadoop/hadoop-hdds-container-service/0.5.0-SNAPSHOT/hadoop-hdds-container-service-0.5.0-SNAPSHOT-tests.jar:/home/user/.m2/repository/org/yaml/snakeyaml/1.16/snakeyaml-1.16.jar:/home/user/.m2/repository/org/apache/hadoop/hadoop-common/3.2.0/hadoop-common-3.2.0-tests.jar:/home/user/.m2/repository/org/apache/hadoop/hadoop-annotations/3.2.0/hadoop-annotations-3.2.0.jar:/usr/lib/jvm/java-1.8-openjdk/jre/../lib/tools.jar:/home/user/.m2/repository/commons-cli/commons-cli/1.2/commons-cli-1.2.jar:/home/user/.m2/repository/org/apache/httpcomponents/httpclient/4.5.2/httpclient-4.5.2.jar:/home/user/.m2/repository/org/apache/httpcomponents/httpcore/4.4.4/httpcore-4.4.4.jar:/home/user/.m2/repository/commons-codec/commons-codec/1.11/commons-codec-1.11.jar:/home/user/.m2/repository/commons-net/commons-net/3.6/commons-net-3.6.jar:/home/user/.m2/repository/commons-collections/commons-collections/3.2.2/commons-collections-3.2.2.jar:/home/user/.m2/repository/org/eclipse/jetty/jetty-servlet/9.3.24.v20180605/jetty-servlet-9.3.24.v20180605.jar:/home/user/.m2/repository/org/eclipse/jetty/jetty-security/9.3.24.v20180605/jetty-security-9.3.24.v20180605.jar:/home/user/.m2/repository/javax/servlet/jsp/jsp-api/2.1/jsp-api-2.1.jar:/home/user/.m2/repository/com/sun/jersey/jersey-servlet/1.19/jersey-servlet-1.19.jar:/home/user/.m2/repository/com/sun/jersey/jersey-json/1.19/jersey-json-1.19.jar:/home/user/.m2/repository/org/codehaus/jettison/jettison/1.1/jettison-1.1.jar:/home/user/.m2/repository/org/codehaus/jackson/jackson-core-asl/1.9.13/jackson-core-asl-1.9.13.jar:/home/user/.m2/repository/org/codehaus/jackson/jackson-mapper-asl/1.9.13/jackson-mapper-asl-1.9.13.jar:/home/user/.m2/repository/org/codehaus/jackson/jackson-jaxrs/1.9.13/jackson-jaxrs-1.9.13.jar:/home/user/.m2/repository/org/codehaus/jackson/jackson-xc/1.9.13/jackson-xc-1.9.13.jar:/home/user/.m2/repository/commons-logging/commons-logging/1.1.3/commons-logging-1.1.3.jar:/home/user/.m2/repository/commons-beanutils/commons-beanutils/1.9.3/commons-beanutils-1.9.3.jar:/home/user/.m2/repository/org/apache/commons/commons-configuration2/2.1.1/commons-configuration2-2.1.1.jar:/home/user/.m2/repository/org/apache/commons/commons-lang3/3.7/commons-lang3-3.7.jar:/home/user/.m2/repository/org/apache/commons/commons-text/1.4/commons-text-1.4.jar:/home/user/.m2/repository/org/apache/avro/avro/1.7.7/avro-1.7.7.jar:/home/user/.m2/repository/com/thoughtworks/paranamer/paranamer/2.3/paranamer-2.3.jar:/home/user/.m2/repository/org/xerial/snappy/snappy-java/1.0.5/snappy-java-1.0.5.jar:/home/user/.m2/repository/com/google/re2j/re2j/1.1/re2j-1.1.jar:/home/user/.m2/repository/com/google/code/gson/gson/2.2.4/gson-2.2.4.jar:/home/user/.m2/repository/com/jcraft/jsch/0.1.54/jsch-0.1.54.jar:/home/user/.m2/repository/org/apache/curator/curator-client/2.12.0/curator-client-2.12.0.jar:/home/user/.m2/repository/org/apache/curator/curator-recipes/2.12.0/curator-recipes-2.12.0.jar:/home/user/.m2/repository/com/google/code/findbugs/jsr305/3.0.0/jsr305-3.0.0.jar:/home/user/.m2/repository/org/apache/htrace/htrace-core4/4.1.0-incubating/htrace-core4-4.1.0-incubating.jar:/home/user/.m2/repository/org/apache/zookeeper/zookeeper/3.4.13/zookeeper-3.4.13.jar:/home/user/.m2/repository/org/apache/yetus/audience-annotations/0.5.0/audience-annotations-0.5.0.jar:/home/user/.m2/repository/org/codehaus/woodstox/stax2-api/3.1.4/stax2-api-3.1.4.jar:/home/user/.m2/repository/com/fasterxml/woodstox/woodstox-core/5.0.3/woodstox-core-5.0.3.jar:/home/user/.m2/repository/dnsjava/dnsjava/2.1.7/dnsjava-2.1.7.jar:/home/user/.m2/repository/org/apache/hadoop/hadoop-hdfs/3.2.0/hadoop-hdfs-3.2.0-tests.jar:/home/user/.m2/repository/org/eclipse/jetty/jetty-util-ajax/9.3.24.v20180605/jetty-util-ajax-9.3.24.v20180605.jar:/home/user/.m2/repository/commons-daemon/commons-daemon/1.0.13/commons-daemon-1.0.13.jar:/home/user/.m2/repository/io/netty/netty/3.10.5.Final/netty-3.10.5.Final.jar:/home/user/.m2/repository/io/netty/netty-all/4.0.52.Final/netty-all-4.0.52.Final.jar:/home/user/.m2/repository/org/fusesource/leveldbjni/leveldbjni-all/1.8/leveldbjni-all-1.8.jar:"/>
    <property name="java.vm.vendor" value="IcedTea"/>
    <property name="sun.arch.data.model" value="64"/>
    <property name="test.build.dir" value="/workdir/hadoop-ozone/integration-test/target/test-dir"/>
    <property name="test.cache.data" value=""/>
    <property name="java.vendor.url" value="https://icedtea.classpath.org"/>
    <property name="user.timezone" value=""/>
    <property name="java.vm.specification.version" value="1.8"/>
    <property name="os.name" value="Linux"/>
    <property name="test.build.data" value="/workdir/hadoop-ozone/integration-test/target/test-dir"/>
    <property name="user.country" value="US"/>
    <property name="sun.java.launcher" value="SUN_STANDARD"/>
    <property name="sun.boot.library.path" value="/usr/lib/jvm/java-1.8-openjdk/jre/lib/amd64"/>
    <property name="sun.java.command" value="/workdir/hadoop-ozone/integration-test/target/surefire/surefirebooter7837437112141425904.jar /workdir/hadoop-ozone/integration-test/target/surefire 2019-08-29T10-06-41_304-jvmRun1 surefire2693244880254147930tmp surefire_218615894586338554278tmp"/>
    <property name="test" value="!TestMiniChaosOzoneCluster"/>
    <property name="surefire.test.class.path" value="/workdir/hadoop-ozone/integration-test/target/test-classes:/workdir/hadoop-ozone/integration-test/target/classes:/home/user/.m2/repository/org/apache/hadoop/hadoop-ozone-common/0.5.0-SNAPSHOT/hadoop-ozone-common-0.5.0-SNAPSHOT.jar:/home/user/.m2/repository/org/apache/commons/commons-compress/1.4.1/commons-compress-1.4.1.jar:/home/user/.m2/repository/org/tukaani/xz/1.0/xz-1.0.jar:/home/user/.m2/repository/org/apache/hadoop/hadoop-common/3.2.0/hadoop-common-3.2.0.jar:/home/user/.m2/repository/org/apache/hadoop/hadoop-hdfs/3.2.0/hadoop-hdfs-3.2.0.jar:/home/user/.m2/repository/org/apache/hadoop/hadoop-hdfs-client/3.2.0/hadoop-hdfs-client-3.2.0.jar:/home/user/.m2/repository/com/fasterxml/jackson/core/jackson-annotations/2.9.5/jackson-annotations-2.9.5.jar:/home/user/.m2/repository/org/apache/hadoop/hadoop-hdds-common/0.5.0-SNAPSHOT/hadoop-hdds-common-0.5.0-SNAPSHOT.jar:/home/user/.m2/repository/javax/annotation/javax.annotation-api/1.2/javax.annotation-api-1.2.jar:/home/user/.m2/repository/org/apache/ratis/ratis-server/0.4.0-2337318-SNAPSHOT/ratis-server-0.4.0-2337318-SNAPSHOT.jar:/home/user/.m2/repository/org/apache/ratis/ratis-thirdparty-misc/0.2.0/ratis-thirdparty-misc-0.2.0.jar:/home/user/.m2/repository/org/apache/ratis/ratis-proto/0.4.0-2337318-SNAPSHOT/ratis-proto-0.4.0-2337318-SNAPSHOT.jar:/home/user/.m2/repository/org/apache/ratis/ratis-common/0.4.0-2337318-SNAPSHOT/ratis-common-0.4.0-2337318-SNAPSHOT.jar:/home/user/.m2/repository/org/apache/ratis/ratis-client/0.4.0-2337318-SNAPSHOT/ratis-client-0.4.0-2337318-SNAPSHOT.jar:/home/user/.m2/repository/org/apache/ratis/ratis-metrics/0.4.0-2337318-SNAPSHOT/ratis-metrics-0.4.0-2337318-SNAPSHOT.jar:/home/user/.m2/repository/org/apache/ratis/ratis-netty/0.4.0-2337318-SNAPSHOT/ratis-netty-0.4.0-2337318-SNAPSHOT.jar:/home/user/.m2/repository/org/apache/ratis/ratis-grpc/0.4.0-2337318-SNAPSHOT/ratis-grpc-0.4.0-2337318-SNAPSHOT.jar:/home/user/.m2/repository/org/rocksdb/rocksdbjni/6.0.1/rocksdbjni-6.0.1.jar:/home/user/.m2/repository/org/apache/logging/log4j/log4j-api/2.11.0/log4j-api-2.11.0.jar:/home/user/.m2/repository/org/apache/logging/log4j/log4j-core/2.11.0/log4j-core-2.11.0.jar:/home/user/.m2/repository/com/lmax/disruptor/3.4.2/disruptor-3.4.2.jar:/home/user/.m2/repository/org/apache/commons/commons-pool2/2.6.0/commons-pool2-2.6.0.jar:/home/user/.m2/repository/org/bouncycastle/bcpkix-jdk15on/1.60/bcpkix-jdk15on-1.60.jar:/home/user/.m2/repository/commons-validator/commons-validator/1.6/commons-validator-1.6.jar:/home/user/.m2/repository/commons-digester/commons-digester/1.8.1/commons-digester-1.8.1.jar:/home/user/.m2/repository/io/jaegertracing/jaeger-client/0.33.1/jaeger-client-0.33.1.jar:/home/user/.m2/repository/io/jaegertracing/jaeger-thrift/0.33.1/jaeger-thrift-0.33.1.jar:/home/user/.m2/repository/org/apache/thrift/libthrift/0.11.0/libthrift-0.11.0.jar:/home/user/.m2/repository/com/squareup/okhttp3/okhttp/3.9.0/okhttp-3.9.0.jar:/home/user/.m2/repository/com/squareup/okio/okio/1.13.0/okio-1.13.0.jar:/home/user/.m2/repository/io/jaegertracing/jaeger-core/0.33.1/jaeger-core-0.33.1.jar:/home/user/.m2/repository/io/jaegertracing/jaeger-tracerresolver/0.33.1/jaeger-tracerresolver-0.33.1.jar:/home/user/.m2/repository/io/opentracing/contrib/opentracing-tracerresolver/0.1.5/opentracing-tracerresolver-0.1.5.jar:/home/user/.m2/repository/io/opentracing/opentracing-util/0.31.0/opentracing-util-0.31.0.jar:/home/user/.m2/repository/io/opentracing/opentracing-api/0.31.0/opentracing-api-0.31.0.jar:/home/user/.m2/repository/io/opentracing/opentracing-noop/0.31.0/opentracing-noop-0.31.0.jar:/home/user/.m2/repository/org/apache/hadoop/hadoop-hdds-server-framework/0.5.0-SNAPSHOT/hadoop-hdds-server-framework-0.5.0-SNAPSHOT.jar:/home/user/.m2/repository/org/apache/hadoop/hadoop-hdds-container-service/0.5.0-SNAPSHOT/hadoop-hdds-container-service-0.5.0-SNAPSHOT.jar:/home/user/.m2/repository/org/apache/hadoop/hadoop-hdds-client/0.5.0-SNAPSHOT/hadoop-hdds-client-0.5.0-SNAPSHOT.jar:/home/user/.m2/repository/org/apache/hadoop/hadoop-hdds-tools/0.5.0-SNAPSHOT/hadoop-hdds-tools-0.5.0-SNAPSHOT.jar:/home/user/.m2/repository/org/apache/hadoop/hadoop-hdds-server-scm/0.5.0-SNAPSHOT/hadoop-hdds-server-scm-0.5.0-SNAPSHOT.jar:/home/user/.m2/repository/org/apache/hadoop/hadoop-hdds-docs/0.5.0-SNAPSHOT/hadoop-hdds-docs-0.5.0-SNAPSHOT.jar:/home/user/.m2/repository/io/dropwizard/metrics/metrics-core/3.2.4/metrics-core-3.2.4.jar:/home/user/.m2/repository/org/hamcrest/hamcrest-all/1.3/hamcrest-all-1.3.jar:/home/user/.m2/repository/org/bouncycastle/bcprov-jdk15on/1.60/bcprov-jdk15on-1.60.jar:/home/user/.m2/repository/info/picocli/picocli/3.9.6/picocli-3.9.6.jar:/home/user/.m2/repository/com/google/protobuf/protobuf-java/2.5.0/protobuf-java-2.5.0.jar:/home/user/.m2/repository/com/google/guava/guava/11.0.2/guava-11.0.2.jar:/home/user/.m2/repository/org/apache/hadoop/hadoop-ozone-ozone-manager/0.5.0-SNAPSHOT/hadoop-ozone-ozone-manager-0.5.0-SNAPSHOT.jar:/home/user/.m2/repository/org/apache/hadoop/hadoop-minikdc/3.2.0/hadoop-minikdc-3.2.0.jar:/home/user/.m2/repository/commons-io/commons-io/2.5/commons-io-2.5.jar:/home/user/.m2/repository/org/apache/kerby/kerb-simplekdc/1.0.1/kerb-simplekdc-1.0.1.jar:/home/user/.m2/repository/org/apache/kerby/kerb-client/1.0.1/kerb-client-1.0.1.jar:/home/user/.m2/repository/org/apache/kerby/kerby-config/1.0.1/kerby-config-1.0.1.jar:/home/user/.m2/repository/org/apache/kerby/kerb-core/1.0.1/kerb-core-1.0.1.jar:/home/user/.m2/repository/org/apache/kerby/kerby-pkix/1.0.1/kerby-pkix-1.0.1.jar:/home/user/.m2/repository/org/apache/kerby/kerby-asn1/1.0.1/kerby-asn1-1.0.1.jar:/home/user/.m2/repository/org/apache/kerby/kerby-util/1.0.1/kerby-util-1.0.1.jar:/home/user/.m2/repository/org/apache/kerby/kerb-common/1.0.1/kerb-common-1.0.1.jar:/home/user/.m2/repository/org/apache/kerby/kerb-crypto/1.0.1/kerb-crypto-1.0.1.jar:/home/user/.m2/repository/org/apache/kerby/kerb-util/1.0.1/kerb-util-1.0.1.jar:/home/user/.m2/repository/org/apache/kerby/token-provider/1.0.1/token-provider-1.0.1.jar:/home/user/.m2/repository/org/apache/kerby/kerb-admin/1.0.1/kerb-admin-1.0.1.jar:/home/user/.m2/repository/org/apache/kerby/kerb-server/1.0.1/kerb-server-1.0.1.jar:/home/user/.m2/repository/org/apache/kerby/kerb-identity/1.0.1/kerb-identity-1.0.1.jar:/home/user/.m2/repository/org/apache/kerby/kerby-xdr/1.0.1/kerby-xdr-1.0.1.jar:/home/user/.m2/repository/org/slf4j/slf4j-log4j12/1.7.25/slf4j-log4j12-1.7.25.jar:/home/user/.m2/repository/org/apache/hadoop/hadoop-ozone-objectstore-service/0.5.0-SNAPSHOT/hadoop-ozone-objectstore-service-0.5.0-SNAPSHOT.jar:/home/user/.m2/repository/org/apache/hadoop/hadoop-ozone-s3gateway/0.5.0-SNAPSHOT/hadoop-ozone-s3gateway-0.5.0-SNAPSHOT.jar:/home/user/.m2/repository/org/jboss/weld/servlet/weld-servlet/2.4.7.Final/weld-servlet-2.4.7.Final.jar:/home/user/.m2/repository/org/glassfish/jersey/containers/jersey-container-servlet-core/2.27/jersey-container-servlet-core-2.27.jar:/home/user/.m2/repository/org/glassfish/hk2/external/javax.inject/2.5.0-b42/javax.inject-2.5.0-b42.jar:/home/user/.m2/repository/org/glassfish/jersey/core/jersey-common/2.27/jersey-common-2.27.jar:/home/user/.m2/repository/org/glassfish/hk2/osgi-resource-locator/1.0.1/osgi-resource-locator-1.0.1.jar:/home/user/.m2/repository/javax/ws/rs/javax.ws.rs-api/2.1/javax.ws.rs-api-2.1.jar:/home/user/.m2/repository/org/glassfish/jersey/ext/cdi/jersey-cdi1x/2.27/jersey-cdi1x-2.27.jar:/home/user/.m2/repository/org/glassfish/jersey/inject/jersey-hk2/2.27/jersey-hk2-2.27.jar:/home/user/.m2/repository/org/glassfish/hk2/hk2-locator/2.5.0-b42/hk2-locator-2.5.0-b42.jar:/home/user/.m2/repository/org/javassist/javassist/3.22.0-CR2/javassist-3.22.0-CR2.jar:/home/user/.m2/repository/org/glassfish/hk2/hk2-api/2.5.0/hk2-api-2.5.0.jar:/home/user/.m2/repository/org/glassfish/hk2/external/jakarta.inject/2.5.0/jakarta.inject-2.5.0.jar:/home/user/.m2/repository/org/glassfish/hk2/hk2-utils/2.5.0/hk2-utils-2.5.0.jar:/home/user/.m2/repository/jakarta/annotation/jakarta.annotation-api/1.3.4/jakarta.annotation-api-1.3.4.jar:/home/user/.m2/repository/org/glassfish/hk2/external/aopalliance-repackaged/2.5.0/aopalliance-repackaged-2.5.0.jar:/home/user/.m2/repository/com/fasterxml/jackson/dataformat/jackson-dataformat-xml/2.9.0/jackson-dataformat-xml-2.9.0.jar:/home/user/.m2/repository/com/fasterxml/jackson/core/jackson-core/2.9.5/jackson-core-2.9.5.jar:/home/user/.m2/repository/com/fasterxml/jackson/module/jackson-module-jaxb-annotations/2.9.5/jackson-module-jaxb-annotations-2.9.5.jar:/home/user/.m2/repository/javax/enterprise/cdi-api/1.2/cdi-api-1.2.jar:/home/user/.m2/repository/javax/el/javax.el-api/3.0.0/javax.el-api-3.0.0.jar:/home/user/.m2/repository/javax/interceptor/javax.interceptor-api/1.2/javax.interceptor-api-1.2.jar:/home/user/.m2/repository/javax/inject/javax.inject/1/javax.inject-1.jar:/home/user/.m2/repository/com/sun/xml/bind/jaxb-impl/2.3.0.1/jaxb-impl-2.3.0.1.jar:/home/user/.m2/repository/com/sun/xml/bind/jaxb-core/2.3.0.1/jaxb-core-2.3.0.1.jar:/home/user/.m2/repository/javax/xml/bind/jaxb-api/2.3.0/jaxb-api-2.3.0.jar:/home/user/.m2/repository/javax/activation/activation/1.1.1/activation-1.1.1.jar:/home/user/.m2/repository/org/apache/hadoop/hadoop-ozone-csi/0.5.0-SNAPSHOT/hadoop-ozone-csi-0.5.0-SNAPSHOT.jar:/home/user/.m2/repository/com/google/protobuf/protobuf-java-util/3.5.1/protobuf-java-util-3.5.1.jar:/home/user/.m2/repository/org/apache/hadoop/hadoop-hdds-config/0.5.0-SNAPSHOT/hadoop-hdds-config-0.5.0-SNAPSHOT.jar:/home/user/.m2/repository/io/grpc/grpc-netty/1.17.1/grpc-netty-1.17.1.jar:/home/user/.m2/repository/io/grpc/grpc-core/1.17.1/grpc-core-1.17.1.jar:/home/user/.m2/repository/io/grpc/grpc-context/1.17.1/grpc-context-1.17.1.jar:/home/user/.m2/repository/com/google/errorprone/error_prone_annotations/2.2.0/error_prone_annotations-2.2.0.jar:/home/user/.m2/repository/org/codehaus/mojo/animal-sniffer-annotations/1.17/animal-sniffer-annotations-1.17.jar:/home/user/.m2/repository/io/opencensus/opencensus-api/0.17.0/opencensus-api-0.17.0.jar:/home/user/.m2/repository/io/opencensus/opencensus-contrib-grpc-metrics/0.17.0/opencensus-contrib-grpc-metrics-0.17.0.jar:/home/user/.m2/repository/io/netty/netty-codec-http2/4.1.30.Final/netty-codec-http2-4.1.30.Final.jar:/home/user/.m2/repository/io/netty/netty-codec-http/4.1.30.Final/netty-codec-http-4.1.30.Final.jar:/home/user/.m2/repository/io/netty/netty-codec/4.1.30.Final/netty-codec-4.1.30.Final.jar:/home/user/.m2/repository/io/netty/netty-handler/4.1.30.Final/netty-handler-4.1.30.Final.jar:/home/user/.m2/repository/io/netty/netty-handler-proxy/4.1.30.Final/netty-handler-proxy-4.1.30.Final.jar:/home/user/.m2/repository/io/netty/netty-codec-socks/4.1.30.Final/netty-codec-socks-4.1.30.Final.jar:/home/user/.m2/repository/io/netty/netty-transport-native-epoll/4.1.30.Final/netty-transport-native-epoll-4.1.30.Final.jar:/home/user/.m2/repository/io/netty/netty-common/4.1.30.Final/netty-common-4.1.30.Final.jar:/home/user/.m2/repository/io/netty/netty-buffer/4.1.30.Final/netty-buffer-4.1.30.Final.jar:/home/user/.m2/repository/io/netty/netty-transport/4.1.30.Final/netty-transport-4.1.30.Final.jar:/home/user/.m2/repository/io/netty/netty-resolver/4.1.30.Final/netty-resolver-4.1.30.Final.jar:/home/user/.m2/repository/io/netty/netty-transport-native-unix-common/4.1.30.Final/netty-transport-native-unix-common-4.1.30.Final.jar:/home/user/.m2/repository/io/grpc/grpc-protobuf/1.17.1/grpc-protobuf-1.17.1.jar:/home/user/.m2/repository/com/google/api/grpc/proto-google-common-protos/1.0.0/proto-google-common-protos-1.0.0.jar:/home/user/.m2/repository/io/grpc/grpc-protobuf-lite/1.17.1/grpc-protobuf-lite-1.17.1.jar:/home/user/.m2/repository/io/grpc/grpc-stub/1.17.1/grpc-stub-1.17.1.jar:/home/user/.m2/repository/org/apache/hadoop/hadoop-ozone-recon/0.5.0-SNAPSHOT/hadoop-ozone-recon-0.5.0-SNAPSHOT.jar:/home/user/.m2/repository/org/apache/hadoop/hadoop-ozone-reconcodegen/0.5.0-SNAPSHOT/hadoop-ozone-reconcodegen-0.5.0-SNAPSHOT.jar:/home/user/.m2/repository/com/google/inject/extensions/guice-multibindings/4.0/guice-multibindings-4.0.jar:/home/user/.m2/repository/com/google/inject/guice/4.0/guice-4.0.jar:/home/user/.m2/repository/aopalliance/aopalliance/1.0/aopalliance-1.0.jar:/home/user/.m2/repository/com/google/inject/extensions/guice-servlet/4.0/guice-servlet-4.0.jar:/home/user/.m2/repository/org/glassfish/jersey/containers/jersey-container-servlet/2.27/jersey-container-servlet-2.27.jar:/home/user/.m2/repository/org/glassfish/hk2/guice-bridge/2.5.0/guice-bridge-2.5.0.jar:/home/user/.m2/repository/org/glassfish/jersey/core/jersey-server/2.27/jersey-server-2.27.jar:/home/user/.m2/repository/org/glassfish/jersey/core/jersey-client/2.27/jersey-client-2.27.jar:/home/user/.m2/repository/org/glassfish/jersey/media/jersey-media-jaxb/2.27/jersey-media-jaxb-2.27.jar:/home/user/.m2/repository/javax/validation/validation-api/1.1.0.Final/validation-api-1.1.0.Final.jar:/home/user/.m2/repository/org/glassfish/jersey/media/jersey-media-json-jackson/2.27/jersey-media-json-jackson-2.27.jar:/home/user/.m2/repository/org/glassfish/jersey/ext/jersey-entity-filtering/2.27/jersey-entity-filtering-2.27.jar:/home/user/.m2/repository/com/google/inject/extensions/guice-assistedinject/4.0/guice-assistedinject-4.0.jar:/home/user/.m2/repository/org/jooq/jooq/3.11.10/jooq-3.11.10.jar:/home/user/.m2/repository/org/jooq/jooq-meta/3.11.10/jooq-meta-3.11.10.jar:/home/user/.m2/repository/org/jooq/jooq-codegen/3.11.10/jooq-codegen-3.11.10.jar:/home/user/.m2/repository/com/jolbox/bonecp/0.8.0.RELEASE/bonecp-0.8.0.RELEASE.jar:/home/user/.m2/repository/org/xerial/sqlite-jdbc/3.25.2/sqlite-jdbc-3.25.2.jar:/home/user/.m2/repository/org/springframework/spring-jdbc/5.1.3.RELEASE/spring-jdbc-5.1.3.RELEASE.jar:/home/user/.m2/repository/org/springframework/spring-beans/5.1.3.RELEASE/spring-beans-5.1.3.RELEASE.jar:/home/user/.m2/repository/org/springframework/spring-core/5.1.3.RELEASE/spring-core-5.1.3.RELEASE.jar:/home/user/.m2/repository/org/springframework/spring-jcl/5.1.3.RELEASE/spring-jcl-5.1.3.RELEASE.jar:/home/user/.m2/repository/org/springframework/spring-tx/5.1.3.RELEASE/spring-tx-5.1.3.RELEASE.jar:/home/user/.m2/repository/org/apache/hadoop/hadoop-ozone-client/0.5.0-SNAPSHOT/hadoop-ozone-client-0.5.0-SNAPSHOT.jar:/home/user/.m2/repository/commons-lang/commons-lang/2.6/commons-lang-2.6.jar:/home/user/.m2/repository/org/apache/hadoop/hadoop-ozone-ozone-manager/0.5.0-SNAPSHOT/hadoop-ozone-ozone-manager-0.5.0-SNAPSHOT-tests.jar:/home/user/.m2/repository/junit/junit/4.11/junit-4.11.jar:/home/user/.m2/repository/org/hamcrest/hamcrest-core/1.3/hamcrest-core-1.3.jar:/home/user/.m2/repository/org/openjdk/jmh/jmh-core/1.19/jmh-core-1.19.jar:/home/user/.m2/repository/net/sf/jopt-simple/jopt-simple/4.6/jopt-simple-4.6.jar:/home/user/.m2/repository/org/apache/commons/commons-math3/3.1.1/commons-math3-3.1.1.jar:/home/user/.m2/repository/org/openjdk/jmh/jmh-generator-annprocess/1.19/jmh-generator-annprocess-1.19.jar:/home/user/.m2/repository/org/mockito/mockito-all/1.8.5/mockito-all-1.8.5.jar:/home/user/.m2/repository/org/apache/hadoop/hadoop-kms/3.2.0/hadoop-kms-3.2.0.jar:/home/user/.m2/repository/org/apache/hadoop/hadoop-auth/3.2.0/hadoop-auth-3.2.0.jar:/home/user/.m2/repository/com/nimbusds/nimbus-jose-jwt/4.41.1/nimbus-jose-jwt-4.41.1.jar:/home/user/.m2/repository/com/github/stephenc/jcip/jcip-annotations/1.0-1/jcip-annotations-1.0-1.jar:/home/user/.m2/repository/net/minidev/json-smart/2.3/json-smart-2.3.jar:/home/user/.m2/repository/net/minidev/accessors-smart/1.2/accessors-smart-1.2.jar:/home/user/.m2/repository/org/ow2/asm/asm/5.0.4/asm-5.0.4.jar:/home/user/.m2/repository/org/apache/curator/curator-framework/2.12.0/curator-framework-2.12.0.jar:/home/user/.m2/repository/com/sun/jersey/jersey-core/1.19/jersey-core-1.19.jar:/home/user/.m2/repository/javax/ws/rs/jsr311-api/1.1.1/jsr311-api-1.1.1.jar:/home/user/.m2/repository/com/sun/jersey/jersey-server/1.19/jersey-server-1.19.jar:/home/user/.m2/repository/javax/servlet/javax.servlet-api/3.1.0/javax.servlet-api-3.1.0.jar:/home/user/.m2/repository/org/eclipse/jetty/jetty-server/9.3.24.v20180605/jetty-server-9.3.24.v20180605.jar:/home/user/.m2/repository/org/eclipse/jetty/jetty-http/9.3.24.v20180605/jetty-http-9.3.24.v20180605.jar:/home/user/.m2/repository/org/eclipse/jetty/jetty-io/9.3.24.v20180605/jetty-io-9.3.24.v20180605.jar:/home/user/.m2/repository/org/eclipse/jetty/jetty-webapp/9.3.24.v20180605/jetty-webapp-9.3.24.v20180605.jar:/home/user/.m2/repository/org/eclipse/jetty/jetty-xml/9.3.24.v20180605/jetty-xml-9.3.24.v20180605.jar:/home/user/.m2/repository/log4j/log4j/1.2.17/log4j-1.2.17.jar:/home/user/.m2/repository/org/slf4j/slf4j-api/1.7.25/slf4j-api-1.7.25.jar:/home/user/.m2/repository/org/slf4j/jul-to-slf4j/1.7.25/jul-to-slf4j-1.7.25.jar:/home/user/.m2/repository/org/eclipse/jetty/jetty-util/9.3.24.v20180605/jetty-util-9.3.24.v20180605.jar:/home/user/.m2/repository/com/fasterxml/jackson/core/jackson-databind/2.9.5/jackson-databind-2.9.5.jar:/home/user/.m2/repository/org/apache/hadoop/hadoop-kms/3.2.0/hadoop-kms-3.2.0-tests.jar:/home/user/.m2/repository/org/apache/hadoop/hadoop-hdds-server-scm/0.5.0-SNAPSHOT/hadoop-hdds-server-scm-0.5.0-SNAPSHOT-tests.jar:/home/user/.m2/repository/org/apache/hadoop/hadoop-hdds-container-service/0.5.0-SNAPSHOT/hadoop-hdds-container-service-0.5.0-SNAPSHOT-tests.jar:/home/user/.m2/repository/org/yaml/snakeyaml/1.16/snakeyaml-1.16.jar:/home/user/.m2/repository/org/apache/hadoop/hadoop-common/3.2.0/hadoop-common-3.2.0-tests.jar:/home/user/.m2/repository/org/apache/hadoop/hadoop-annotations/3.2.0/hadoop-annotations-3.2.0.jar:/usr/lib/jvm/java-1.8-openjdk/jre/../lib/tools.jar:/home/user/.m2/repository/commons-cli/commons-cli/1.2/commons-cli-1.2.jar:/home/user/.m2/repository/org/apache/httpcomponents/httpclient/4.5.2/httpclient-4.5.2.jar:/home/user/.m2/repository/org/apache/httpcomponents/httpcore/4.4.4/httpcore-4.4.4.jar:/home/user/.m2/repository/commons-codec/commons-codec/1.11/commons-codec-1.11.jar:/home/user/.m2/repository/commons-net/commons-net/3.6/commons-net-3.6.jar:/home/user/.m2/repository/commons-collections/commons-collections/3.2.2/commons-collections-3.2.2.jar:/home/user/.m2/repository/org/eclipse/jetty/jetty-servlet/9.3.24.v20180605/jetty-servlet-9.3.24.v20180605.jar:/home/user/.m2/repository/org/eclipse/jetty/jetty-security/9.3.24.v20180605/jetty-security-9.3.24.v20180605.jar:/home/user/.m2/repository/javax/servlet/jsp/jsp-api/2.1/jsp-api-2.1.jar:/home/user/.m2/repository/com/sun/jersey/jersey-servlet/1.19/jersey-servlet-1.19.jar:/home/user/.m2/repository/com/sun/jersey/jersey-json/1.19/jersey-json-1.19.jar:/home/user/.m2/repository/org/codehaus/jettison/jettison/1.1/jettison-1.1.jar:/home/user/.m2/repository/org/codehaus/jackson/jackson-core-asl/1.9.13/jackson-core-asl-1.9.13.jar:/home/user/.m2/repository/org/codehaus/jackson/jackson-mapper-asl/1.9.13/jackson-mapper-asl-1.9.13.jar:/home/user/.m2/repository/org/codehaus/jackson/jackson-jaxrs/1.9.13/jackson-jaxrs-1.9.13.jar:/home/user/.m2/repository/org/codehaus/jackson/jackson-xc/1.9.13/jackson-xc-1.9.13.jar:/home/user/.m2/repository/commons-logging/commons-logging/1.1.3/commons-logging-1.1.3.jar:/home/user/.m2/repository/commons-beanutils/commons-beanutils/1.9.3/commons-beanutils-1.9.3.jar:/home/user/.m2/repository/org/apache/commons/commons-configuration2/2.1.1/commons-configuration2-2.1.1.jar:/home/user/.m2/repository/org/apache/commons/commons-lang3/3.7/commons-lang3-3.7.jar:/home/user/.m2/repository/org/apache/commons/commons-text/1.4/commons-text-1.4.jar:/home/user/.m2/repository/org/apache/avro/avro/1.7.7/avro-1.7.7.jar:/home/user/.m2/repository/com/thoughtworks/paranamer/paranamer/2.3/paranamer-2.3.jar:/home/user/.m2/repository/org/xerial/snappy/snappy-java/1.0.5/snappy-java-1.0.5.jar:/home/user/.m2/repository/com/google/re2j/re2j/1.1/re2j-1.1.jar:/home/user/.m2/repository/com/google/code/gson/gson/2.2.4/gson-2.2.4.jar:/home/user/.m2/repository/com/jcraft/jsch/0.1.54/jsch-0.1.54.jar:/home/user/.m2/repository/org/apache/curator/curator-client/2.12.0/curator-client-2.12.0.jar:/home/user/.m2/repository/org/apache/curator/curator-recipes/2.12.0/curator-recipes-2.12.0.jar:/home/user/.m2/repository/com/google/code/findbugs/jsr305/3.0.0/jsr305-3.0.0.jar:/home/user/.m2/repository/org/apache/htrace/htrace-core4/4.1.0-incubating/htrace-core4-4.1.0-incubating.jar:/home/user/.m2/repository/org/apache/zookeeper/zookeeper/3.4.13/zookeeper-3.4.13.jar:/home/user/.m2/repository/org/apache/yetus/audience-annotations/0.5.0/audience-annotations-0.5.0.jar:/home/user/.m2/repository/org/codehaus/woodstox/stax2-api/3.1.4/stax2-api-3.1.4.jar:/home/user/.m2/repository/com/fasterxml/woodstox/woodstox-core/5.0.3/woodstox-core-5.0.3.jar:/home/user/.m2/repository/dnsjava/dnsjava/2.1.7/dnsjava-2.1.7.jar:/home/user/.m2/repository/org/apache/hadoop/hadoop-hdfs/3.2.0/hadoop-hdfs-3.2.0-tests.jar:/home/user/.m2/repository/org/eclipse/jetty/jetty-util-ajax/9.3.24.v20180605/jetty-util-ajax-9.3.24.v20180605.jar:/home/user/.m2/repository/commons-daemon/commons-daemon/1.0.13/commons-daemon-1.0.13.jar:/home/user/.m2/repository/io/netty/netty/3.10.5.Final/netty-3.10.5.Final.jar:/home/user/.m2/repository/io/netty/netty-all/4.0.52.Final/netty-all-4.0.52.Final.jar:/home/user/.m2/repository/org/fusesource/leveldbjni/leveldbjni-all/1.8/leveldbjni-all-1.8.jar:"/>
    <property name="sun.cpu.endian" value="little"/>
    <property name="user.home" value="/home/user"/>
    <property name="user.language" value="en"/>
    <property name="java.specification.vendor" value="Oracle Corporation"/>
    <property name="java.home" value="/usr/lib/jvm/java-1.8-openjdk/jre"/>
    <property name="java.security.krb5.conf" value="/workdir/hadoop-ozone/integration-test/target/test-classes/krb5.conf"/>
    <property name="basedir" value="/workdir/hadoop-ozone/integration-test"/>
    <property name="file.separator" value="/"/>
    <property name="line.separator" value="&#10;"/>
    <property name="java.vm.specification.vendor" value="Oracle Corporation"/>
    <property name="java.specification.name" value="Java Platform API Specification"/>
    <property name="java.awt.graphicsenv" value="sun.awt.X11GraphicsEnvironment"/>
    <property name="surefire.real.class.path" value="/workdir/hadoop-ozone/integration-test/target/surefire/surefirebooter7837437112141425904.jar"/>
    <property name="hadoop.log.dir" value="/workdir/hadoop-ozone/integration-test/target/log"/>
    <property name="sun.boot.class.path" value="/usr/lib/jvm/java-1.8-openjdk/jre/lib/resources.jar:/usr/lib/jvm/java-1.8-openjdk/jre/lib/rt.jar:/usr/lib/jvm/java-1.8-openjdk/jre/lib/sunrsasign.jar:/usr/lib/jvm/java-1.8-openjdk/jre/lib/jsse.jar:/usr/lib/jvm/java-1.8-openjdk/jre/lib/jce.jar:/usr/lib/jvm/java-1.8-openjdk/jre/lib/charsets.jar:/usr/lib/jvm/java-1.8-openjdk/jre/lib/jfr.jar:/usr/lib/jvm/java-1.8-openjdk/jre/classes"/>
    <property name="sun.management.compiler" value="HotSpot 64-Bit Tiered Compilers"/>
    <property name="java.runtime.version" value="1.8.0_212-b04"/>
    <property name="java.net.preferIPv4Stack" value="true"/>
    <property name="user.name" value="jenkins1000"/>
    <property name="path.separator" value=":"/>
    <property name="java.security.egd" value="file:///dev/urandom"/>
    <property name="os.version" value="3.10.0-957.12.2.el7.x86_64"/>
    <property name="java.endorsed.dirs" value="/usr/lib/jvm/java-1.8-openjdk/jre/lib/endorsed"/>
    <property name="java.runtime.name" value="OpenJDK Runtime Environment"/>
    <property name="file.encoding" value="UTF-8"/>
    <property name="java.vm.name" value="OpenJDK 64-Bit Server VM"/>
    <property name="test.build.webapps" value=""/>
    <property name="localRepository" value="/home/user/.m2/repository"/>
    <property name="java.vendor.url.bug" value="https://icedtea.classpath.org/bugzilla"/>
    <property name="java.io.tmpdir" value="/tmp"/>
    <property name="require.test.libhadoop" value=""/>
    <property name="java.version" value="1.8.0_212"/>
    <property name="user.dir" value="/workdir/hadoop-ozone/integration-test"/>
    <property name="os.arch" value="amd64"/>
    <property name="java.vm.specification.name" value="Java Virtual Machine Specification"/>
    <property name="test.build.classes" value="/workdir/hadoop-ozone/integration-test/target/test-classes"/>
    <property name="java.awt.printerjob" value="sun.print.PSPrinterJob"/>
    <property name="sun.os.patch.level" value="unknown"/>
    <property name="hadoop.tmp.dir" value="/workdir/hadoop-ozone/integration-test/target/tmp"/>
    <property name="java.library.path" value="/usr/lib/jvm/java-1.8-openjdk/jre/lib/amd64/server:/usr/lib/jvm/java-1.8-openjdk/jre/lib/amd64:/usr/lib/jvm/java-1.8-openjdk/jre/../lib/amd64:/workdir/hadoop-ozone/integration-test/target/native/target/usr/local/lib:/workdir/hadoop-ozone/integration-test/../../hadoop-common-project/hadoop-common/target/native/target/usr/local/lib:/usr/java/packages/lib/amd64:/usr/lib64:/lib64:/lib:/usr/lib"/>
    <property name="java.vm.info" value="mixed mode"/>
    <property name="java.vendor" value="IcedTea"/>
    <property name="java.vm.version" value="25.212-b04"/>
    <property name="java.ext.dirs" value="/usr/lib/jvm/java-1.8-openjdk/jre/lib/ext:/usr/java/packages/lib/ext"/>
    <property name="sun.io.unicode.encoding" value="UnicodeLittle"/>
    <property name="java.class.version" value="52.0"/>
  </properties>
  <testcase name="testReleaseBuffers" classname="org.apache.hadoop.ozone.client.rpc.TestCommitWatcher" time="6.059"/>
  <testcase name="testReleaseBuffersOnException" classname="org.apache.hadoop.ozone.client.rpc.TestCommitWatcher" time="15.003">
    <failure type="java.lang.AssertionError">java.lang.AssertionError
	at org.junit.Assert.fail(Assert.java:86)
	at org.junit.Assert.assertTrue(Assert.java:41)
	at org.junit.Assert.assertTrue(Assert.java:52)
	at org.apache.hadoop.ozone.client.rpc.TestCommitWatcher.testReleaseBuffersOnException(TestCommitWatcher.java:284)
	at sun.reflect.NativeMethodAccessorImpl.invoke0(Native Method)
	at sun.reflect.NativeMethodAccessorImpl.invoke(NativeMethodAccessorImpl.java:62)
	at sun.reflect.DelegatingMethodAccessorImpl.invoke(DelegatingMethodAccessorImpl.java:43)
	at java.lang.reflect.Method.invoke(Method.java:498)
	at org.junit.runners.model.FrameworkMethod$1.runReflectiveCall(FrameworkMethod.java:47)
	at org.junit.internal.runners.model.ReflectiveCallable.run(ReflectiveCallable.java:12)
	at org.junit.runners.model.FrameworkMethod.invokeExplosively(FrameworkMethod.java:44)
	at org.junit.internal.runners.statements.InvokeMethod.evaluate(InvokeMethod.java:17)
	at org.junit.runners.ParentRunner.runLeaf(ParentRunner.java:271)
	at org.junit.runners.BlockJUnit4ClassRunner.runChild(BlockJUnit4ClassRunner.java:70)
	at org.junit.runners.BlockJUnit4ClassRunner.runChild(BlockJUnit4ClassRunner.java:50)
	at org.junit.runners.ParentRunner$3.run(ParentRunner.java:238)
	at org.junit.runners.ParentRunner$1.schedule(ParentRunner.java:63)
	at org.junit.runners.ParentRunner.runChildren(ParentRunner.java:236)
	at org.junit.runners.ParentRunner.access$000(ParentRunner.java:53)
	at org.junit.runners.ParentRunner$2.evaluate(ParentRunner.java:229)
	at org.junit.internal.runners.statements.RunBefores.evaluate(RunBefores.java:26)
	at org.junit.internal.runners.statements.RunAfters.evaluate(RunAfters.java:27)
	at org.junit.runners.ParentRunner.run(ParentRunner.java:309)
	at org.apache.maven.surefire.junit4.JUnit4Provider.execute(JUnit4Provider.java:365)
	at org.apache.maven.surefire.junit4.JUnit4Provider.executeWithRerun(JUnit4Provider.java:273)
	at org.apache.maven.surefire.junit4.JUnit4Provider.executeTestSet(JUnit4Provider.java:238)
	at org.apache.maven.surefire.junit4.JUnit4Provider.invoke(JUnit4Provider.java:159)
	at org.apache.maven.surefire.booter.ForkedBooter.invokeProviderInSameClassLoader(ForkedBooter.java:384)
	at org.apache.maven.surefire.booter.ForkedBooter.runSuitesInProcess(ForkedBooter.java:345)
	at org.apache.maven.surefire.booter.ForkedBooter.execute(ForkedBooter.java:126)
	at org.apache.maven.surefire.booter.ForkedBooter.main(ForkedBooter.java:418)
</failure>
    <system-out><![CDATA[2019-08-29 10:40:19,382 [grpc-default-executor-2] INFO  client.GrpcClientProtocolClient (GrpcClientProtocolClient.java:onNext(255)) - client-101D25795BA1->1855e8b4-a9bd-4f85-8e91-014fc8b1d06e: receive RaftClientReply:client-101D25795BA1->1855e8b4-a9bd-4f85-8e91-014fc8b1d06e@group-153DFC5FFB20, cid=17, FAILED org.apache.ratis.protocol.NotLeaderException: Server 1855e8b4-a9bd-4f85-8e91-014fc8b1d06e is not the leader (null). Request must be sent to leader., logIndex=0, commits[1855e8b4-a9bd-4f85-8e91-014fc8b1d06e:c-1]
2019-08-29 10:40:19,436 | INFO  | DNAudit | user=null | ip=null | op=PUT_BLOCK {blockData=[blockId=conID: 1 locID: 1567075213349 bcsId: 0,size=1048576]} | ret=SUCCESS |  
2019-08-29 10:40:19,437 | INFO  | DNAudit | user=null | ip=null | op=WRITE_CHUNK {blockData=conID: 1 locID: 1567075213349 bcsId: 0} | ret=SUCCESS |  
2019-08-29 10:40:19,438 | INFO  | DNAudit | user=null | ip=null | op=PUT_BLOCK {blockData=[blockId=conID: 1 locID: 1567075213349 bcsId: 0,size=1048576]} | ret=SUCCESS |  
2019-08-29 10:40:19,849 | INFO  | SCMAudit | user=jenkins1000 | ip=192.168.36.85 | op=SEND_HEARTBEAT {datanodeUUID=f735bca4-7d54-4d9c-98f6-0865f198a97e, command=[]} | ret=SUCCESS |  
2019-08-29 10:40:19,925 | INFO  | SCMAudit | user=jenkins1000 | ip=192.168.36.85 | op=SEND_HEARTBEAT {datanodeUUID=3c5e1993-5d9c-4a62-8eec-bcc5ea1da144, command=[]} | ret=SUCCESS |  
2019-08-29 10:40:19,973 | INFO  | SCMAudit | user=jenkins1000 | ip=192.168.36.85 | op=SEND_HEARTBEAT {datanodeUUID=cc7ea0fd-1792-4e1b-ad05-6dc2e4317dc6, command=[]} | ret=SUCCESS |  
2019-08-29 10:40:19,977 | INFO  | SCMAudit | user=jenkins1000 | ip=192.168.36.85 | op=SEND_HEARTBEAT {datanodeUUID=8a6508e2-5645-4a1e-9da7-1ef1efcd4444, command=[]} | ret=SUCCESS |  
2019-08-29 10:40:19,978 | INFO  | SCMAudit | user=jenkins1000 | ip=192.168.36.85 | op=SEND_HEARTBEAT {datanodeUUID=a170112d-9c23-4c7b-aee0-69d5a49805cc, command=[]} | ret=SUCCESS |  
2019-08-29 10:40:20,077 | INFO  | SCMAudit | user=jenkins1000 | ip=192.168.36.85 | op=SEND_HEARTBEAT {datanodeUUID=1855e8b4-a9bd-4f85-8e91-014fc8b1d06e, command=[]} | ret=SUCCESS |  
2019-08-29 10:40:20,312 | INFO  | SCMAudit | user=jenkins1000 | ip=192.168.36.85 | op=SEND_HEARTBEAT {datanodeUUID=7545bce7-93ef-4f06-9770-62cfbfc2351f, command=[]} | ret=SUCCESS |  
2019-08-29 10:40:20,420 [grpc-default-executor-2] INFO  client.GrpcClientProtocolClient (GrpcClientProtocolClient.java:onNext(255)) - client-101D25795BA1->7545bce7-93ef-4f06-9770-62cfbfc2351f: receive RaftClientReply:client-101D25795BA1->7545bce7-93ef-4f06-9770-62cfbfc2351f@group-153DFC5FFB20, cid=17, FAILED org.apache.ratis.protocol.NotLeaderException: Server 7545bce7-93ef-4f06-9770-62cfbfc2351f is not the leader (null). Request must be sent to leader., logIndex=0, commits[7545bce7-93ef-4f06-9770-62cfbfc2351f:c-1]
2019-08-29 10:40:20,849 | INFO  | SCMAudit | user=jenkins1000 | ip=192.168.36.85 | op=SEND_HEARTBEAT {datanodeUUID=f735bca4-7d54-4d9c-98f6-0865f198a97e, command=[]} | ret=SUCCESS |  
2019-08-29 10:40:20,925 | INFO  | SCMAudit | user=jenkins1000 | ip=192.168.36.85 | op=SEND_HEARTBEAT {datanodeUUID=3c5e1993-5d9c-4a62-8eec-bcc5ea1da144, command=[]} | ret=SUCCESS |  
2019-08-29 10:40:20,971 | INFO  | SCMAudit | user=jenkins1000 | ip=192.168.36.85 | op=SEND_HEARTBEAT {datanodeUUID=cc7ea0fd-1792-4e1b-ad05-6dc2e4317dc6, command=[]} | ret=SUCCESS |  
2019-08-29 10:40:20,978 | INFO  | SCMAudit | user=jenkins1000 | ip=192.168.36.85 | op=SEND_HEARTBEAT {datanodeUUID=8a6508e2-5645-4a1e-9da7-1ef1efcd4444, command=[]} | ret=SUCCESS |  
2019-08-29 10:40:20,979 | INFO  | SCMAudit | user=jenkins1000 | ip=192.168.36.85 | op=SEND_HEARTBEAT {datanodeUUID=a170112d-9c23-4c7b-aee0-69d5a49805cc, command=[]} | ret=SUCCESS |  
2019-08-29 10:40:21,077 | INFO  | SCMAudit | user=jenkins1000 | ip=192.168.36.85 | op=SEND_HEARTBEAT {datanodeUUID=1855e8b4-a9bd-4f85-8e91-014fc8b1d06e, command=[]} | ret=SUCCESS |  
2019-08-29 10:40:21,311 | INFO  | SCMAudit | user=jenkins1000 | ip=192.168.36.85 | op=SEND_HEARTBEAT {datanodeUUID=7545bce7-93ef-4f06-9770-62cfbfc2351f, command=[]} | ret=SUCCESS |  
2019-08-29 10:40:21,452 [grpc-default-executor-2] INFO  client.GrpcClientProtocolClient (GrpcClientProtocolClient.java:onNext(255)) - client-101D25795BA1->1855e8b4-a9bd-4f85-8e91-014fc8b1d06e: receive RaftClientReply:client-101D25795BA1->1855e8b4-a9bd-4f85-8e91-014fc8b1d06e@group-153DFC5FFB20, cid=17, FAILED org.apache.ratis.protocol.NotLeaderException: Server 1855e8b4-a9bd-4f85-8e91-014fc8b1d06e is not the leader (null). Request must be sent to leader., logIndex=0, commits[1855e8b4-a9bd-4f85-8e91-014fc8b1d06e:c-1]
2019-08-29 10:40:21,848 | INFO  | SCMAudit | user=jenkins1000 | ip=192.168.36.85 | op=SEND_HEARTBEAT {datanodeUUID=f735bca4-7d54-4d9c-98f6-0865f198a97e, command=[]} | ret=SUCCESS |  
2019-08-29 10:40:21,926 | INFO  | SCMAudit | user=jenkins1000 | ip=192.168.36.85 | op=SEND_HEARTBEAT {datanodeUUID=3c5e1993-5d9c-4a62-8eec-bcc5ea1da144, command=[]} | ret=SUCCESS |  
2019-08-29 10:40:21,971 | INFO  | SCMAudit | user=jenkins1000 | ip=192.168.36.85 | op=SEND_HEARTBEAT {datanodeUUID=cc7ea0fd-1792-4e1b-ad05-6dc2e4317dc6, command=[]} | ret=SUCCESS |  
2019-08-29 10:40:21,979 | INFO  | SCMAudit | user=jenkins1000 | ip=192.168.36.85 | op=SEND_HEARTBEAT {datanodeUUID=a170112d-9c23-4c7b-aee0-69d5a49805cc, command=[]} | ret=SUCCESS |  
2019-08-29 10:40:21,979 | INFO  | SCMAudit | user=jenkins1000 | ip=192.168.36.85 | op=SEND_HEARTBEAT {datanodeUUID=8a6508e2-5645-4a1e-9da7-1ef1efcd4444, command=[]} | ret=SUCCESS |  
2019-08-29 10:40:22,078 | INFO  | SCMAudit | user=jenkins1000 | ip=192.168.36.85 | op=SEND_HEARTBEAT {datanodeUUID=1855e8b4-a9bd-4f85-8e91-014fc8b1d06e, command=[]} | ret=SUCCESS |  
2019-08-29 10:40:22,312 | INFO  | SCMAudit | user=jenkins1000 | ip=192.168.36.85 | op=SEND_HEARTBEAT {datanodeUUID=7545bce7-93ef-4f06-9770-62cfbfc2351f, command=[]} | ret=SUCCESS |  
2019-08-29 10:40:22,484 [grpc-default-executor-0] INFO  client.GrpcClientProtocolClient (GrpcClientProtocolClient.java:onNext(255)) - client-101D25795BA1->7545bce7-93ef-4f06-9770-62cfbfc2351f: receive RaftClientReply:client-101D25795BA1->7545bce7-93ef-4f06-9770-62cfbfc2351f@group-153DFC5FFB20, cid=17, FAILED org.apache.ratis.protocol.NotLeaderException: Server 7545bce7-93ef-4f06-9770-62cfbfc2351f is not the leader (null). Request must be sent to leader., logIndex=0, commits[7545bce7-93ef-4f06-9770-62cfbfc2351f:c-1]
2019-08-29 10:40:22,849 | INFO  | SCMAudit | user=jenkins1000 | ip=192.168.36.85 | op=SEND_HEARTBEAT {datanodeUUID=f735bca4-7d54-4d9c-98f6-0865f198a97e, command=[]} | ret=SUCCESS |  
2019-08-29 10:40:22,926 | INFO  | SCMAudit | user=jenkins1000 | ip=192.168.36.85 | op=SEND_HEARTBEAT {datanodeUUID=3c5e1993-5d9c-4a62-8eec-bcc5ea1da144, command=[]} | ret=SUCCESS |  
2019-08-29 10:40:22,971 | INFO  | SCMAudit | user=jenkins1000 | ip=192.168.36.85 | op=SEND_HEARTBEAT {datanodeUUID=cc7ea0fd-1792-4e1b-ad05-6dc2e4317dc6, command=[]} | ret=SUCCESS |  
2019-08-29 10:40:22,978 | INFO  | SCMAudit | user=jenkins1000 | ip=192.168.36.85 | op=SEND_HEARTBEAT {datanodeUUID=8a6508e2-5645-4a1e-9da7-1ef1efcd4444, command=[]} | ret=SUCCESS |  
2019-08-29 10:40:22,979 | INFO  | SCMAudit | user=jenkins1000 | ip=192.168.36.85 | op=SEND_HEARTBEAT {datanodeUUID=a170112d-9c23-4c7b-aee0-69d5a49805cc, command=[]} | ret=SUCCESS |  
2019-08-29 10:40:23,077 | INFO  | SCMAudit | user=jenkins1000 | ip=192.168.36.85 | op=SEND_HEARTBEAT {datanodeUUID=1855e8b4-a9bd-4f85-8e91-014fc8b1d06e, command=[]} | ret=SUCCESS |  
2019-08-29 10:40:23,114 [Thread-327] INFO  impl.FollowerState (FollowerState.java:run(106)) - 1855e8b4-a9bd-4f85-8e91-014fc8b1d06e:group-153DFC5FFB20 changes to CANDIDATE, lastRpcTime:5023, electionTimeout:5022ms
2019-08-29 10:40:23,117 [Thread-327] INFO  impl.RoleInfo (RoleInfo.java:shutdownFollowerState(121)) - 1855e8b4-a9bd-4f85-8e91-014fc8b1d06e: shutdown FollowerState
2019-08-29 10:40:23,117 [Thread-327] INFO  impl.RaftServerImpl (RaftServerImpl.java:setRole(171)) - 1855e8b4-a9bd-4f85-8e91-014fc8b1d06e:group-153DFC5FFB20 changes role from FOLLOWER to CANDIDATE at term 1 for changeToCandidate
2019-08-29 10:40:23,117 [Thread-327] INFO  impl.RoleInfo (RoleInfo.java:updateAndGet(143)) - 1855e8b4-a9bd-4f85-8e91-014fc8b1d06e: start LeaderElection
2019-08-29 10:40:23,122 [1855e8b4-a9bd-4f85-8e91-014fc8b1d06e:group-153DFC5FFB20:LeaderElection12] INFO  impl.LeaderElection (LeaderElection.java:askForVotes(181)) - 1855e8b4-a9bd-4f85-8e91-014fc8b1d06e:group-153DFC5FFB20:LeaderElection12: begin an election at term 2 for -1: [1855e8b4-a9bd-4f85-8e91-014fc8b1d06e:192.168.36.85:45497, 7545bce7-93ef-4f06-9770-62cfbfc2351f:192.168.36.85:35286, cc7ea0fd-1792-4e1b-ad05-6dc2e4317dc6:192.168.36.85:44333], old=null
2019-08-29 10:40:23,132 [grpc-default-executor-0] INFO  impl.RaftServerImpl (RaftServerImpl.java:setRole(171)) - cc7ea0fd-1792-4e1b-ad05-6dc2e4317dc6:group-153DFC5FFB20 changes role from FOLLOWER to FOLLOWER at term 2 for recognizeCandidate:1855e8b4-a9bd-4f85-8e91-014fc8b1d06e
2019-08-29 10:40:23,132 [grpc-default-executor-0] INFO  impl.RoleInfo (RoleInfo.java:shutdownFollowerState(121)) - cc7ea0fd-1792-4e1b-ad05-6dc2e4317dc6: shutdown FollowerState
2019-08-29 10:40:23,134 [grpc-default-executor-0] INFO  impl.RoleInfo (RoleInfo.java:updateAndGet(143)) - cc7ea0fd-1792-4e1b-ad05-6dc2e4317dc6: start FollowerState
2019-08-29 10:40:23,134 [Thread-326] INFO  impl.FollowerState (FollowerState.java:run(114)) - cc7ea0fd-1792-4e1b-ad05-6dc2e4317dc6: FollowerState was interrupted: java.lang.InterruptedException: sleep interrupted
2019-08-29 10:40:23,137 [grpc-default-executor-4] INFO  impl.RaftServerImpl (RaftServerImpl.java:setRole(171)) - 7545bce7-93ef-4f06-9770-62cfbfc2351f:group-153DFC5FFB20 changes role from FOLLOWER to FOLLOWER at term 2 for recognizeCandidate:1855e8b4-a9bd-4f85-8e91-014fc8b1d06e
2019-08-29 10:40:23,137 [grpc-default-executor-4] INFO  impl.RoleInfo (RoleInfo.java:shutdownFollowerState(121)) - 7545bce7-93ef-4f06-9770-62cfbfc2351f: shutdown FollowerState
2019-08-29 10:40:23,137 [grpc-default-executor-4] INFO  impl.RoleInfo (RoleInfo.java:updateAndGet(143)) - 7545bce7-93ef-4f06-9770-62cfbfc2351f: start FollowerState
2019-08-29 10:40:23,137 [Thread-325] INFO  impl.FollowerState (FollowerState.java:run(114)) - 7545bce7-93ef-4f06-9770-62cfbfc2351f: FollowerState was interrupted: java.lang.InterruptedException: sleep interrupted
2019-08-29 10:40:23,152 [1855e8b4-a9bd-4f85-8e91-014fc8b1d06e:group-153DFC5FFB20:LeaderElection12] INFO  impl.LeaderElection (LeaderElection.java:logAndReturn(56)) - 1855e8b4-a9bd-4f85-8e91-014fc8b1d06e:group-153DFC5FFB20:LeaderElection12: Election PASSED; received 1 response(s) [1855e8b4-a9bd-4f85-8e91-014fc8b1d06e<-7545bce7-93ef-4f06-9770-62cfbfc2351f#0:OK-t2] and 0 exception(s); 1855e8b4-a9bd-4f85-8e91-014fc8b1d06e:t2, leader=null, voted=1855e8b4-a9bd-4f85-8e91-014fc8b1d06e, raftlog=1855e8b4-a9bd-4f85-8e91-014fc8b1d06e-SegmentedRaftLog:OPENED:c-1,f-1,i0, conf=-1: [1855e8b4-a9bd-4f85-8e91-014fc8b1d06e:192.168.36.85:45497, 7545bce7-93ef-4f06-9770-62cfbfc2351f:192.168.36.85:35286, cc7ea0fd-1792-4e1b-ad05-6dc2e4317dc6:192.168.36.85:44333], old=null
2019-08-29 10:40:23,152 [1855e8b4-a9bd-4f85-8e91-014fc8b1d06e:group-153DFC5FFB20:LeaderElection12] INFO  impl.RoleInfo (RoleInfo.java:shutdownLeaderElection(134)) - 1855e8b4-a9bd-4f85-8e91-014fc8b1d06e: shutdown LeaderElection
2019-08-29 10:40:23,160 [1855e8b4-a9bd-4f85-8e91-014fc8b1d06e:group-153DFC5FFB20:LeaderElection12] INFO  impl.RaftServerImpl (RaftServerImpl.java:setRole(171)) - 1855e8b4-a9bd-4f85-8e91-014fc8b1d06e:group-153DFC5FFB20 changes role from CANDIDATE to LEADER at term 2 for changeToLeader
2019-08-29 10:40:23,160 [1855e8b4-a9bd-4f85-8e91-014fc8b1d06e:group-153DFC5FFB20:LeaderElection12] INFO  impl.RaftServerImpl (ServerState.java:setLeader(263)) - 1855e8b4-a9bd-4f85-8e91-014fc8b1d06e:group-153DFC5FFB20 change Leader from null to 1855e8b4-a9bd-4f85-8e91-014fc8b1d06e at term 2 for becomeLeader, leader elected after 10219ms
2019-08-29 10:40:23,160 [1855e8b4-a9bd-4f85-8e91-014fc8b1d06e:group-153DFC5FFB20:LeaderElection12] INFO  server.RaftServerConfigKeys (ConfUtils.java:logGet(43)) - raft.server.staging.catchup.gap = 1000 (default)
2019-08-29 10:40:23,160 [1855e8b4-a9bd-4f85-8e91-014fc8b1d06e:group-153DFC5FFB20:LeaderElection12] INFO  server.RaftServerConfigKeys (ConfUtils.java:logGet(43)) - raft.server.rpc.sleep.time = 25ms (default)
2019-08-29 10:40:23,161 [1855e8b4-a9bd-4f85-8e91-014fc8b1d06e:group-153DFC5FFB20:LeaderElection12] INFO  server.RaftServerConfigKeys (ConfUtils.java:logGet(43)) - raft.server.write.element-limit = 4096 (default)
2019-08-29 10:40:23,161 [1855e8b4-a9bd-4f85-8e91-014fc8b1d06e:group-153DFC5FFB20:LeaderElection12] INFO  server.RaftServerConfigKeys (ConfUtils.java:logGet(43)) - raft.server.watch.timeout = 10s (default)
2019-08-29 10:40:23,161 [1855e8b4-a9bd-4f85-8e91-014fc8b1d06e:group-153DFC5FFB20:LeaderElection12] INFO  server.RaftServerConfigKeys (ConfUtils.java:logGet(43)) - raft.server.watch.timeout.denomination = 1s (default)
2019-08-29 10:40:23,161 [1855e8b4-a9bd-4f85-8e91-014fc8b1d06e:group-153DFC5FFB20:LeaderElection12] INFO  server.RaftServerConfigKeys (ConfUtils.java:logGet(43)) - raft.server.watch.element-limit = 65536 (default)
2019-08-29 10:40:23,162 [1855e8b4-a9bd-4f85-8e91-014fc8b1d06e:group-153DFC5FFB20:LeaderElection12] INFO  server.RaftServerConfigKeys (ConfUtils.java:logGet(43)) - raft.server.log.appender.snapshot.chunk.size.max = 16MB (=16777216) (default)
2019-08-29 10:40:23,162 [1855e8b4-a9bd-4f85-8e91-014fc8b1d06e:group-153DFC5FFB20:LeaderElection12] INFO  server.RaftServerConfigKeys (ConfUtils.java:logGet(43)) - raft.server.log.appender.buffer.byte-limit = 33554432 (custom)
2019-08-29 10:40:23,162 [1855e8b4-a9bd-4f85-8e91-014fc8b1d06e:group-153DFC5FFB20:LeaderElection12] INFO  server.RaftServerConfigKeys (ConfUtils.java:logGet(43)) - raft.server.log.appender.buffer.element-limit = 1 (custom)
2019-08-29 10:40:23,162 [1855e8b4-a9bd-4f85-8e91-014fc8b1d06e:group-153DFC5FFB20:LeaderElection12] INFO  grpc.GrpcConfigKeys$Server (ConfUtils.java:logGet(43)) - raft.grpc.server.leader.outstanding.appends.max = 128 (default)
2019-08-29 10:40:23,162 [1855e8b4-a9bd-4f85-8e91-014fc8b1d06e:group-153DFC5FFB20:LeaderElection12] INFO  server.RaftServerConfigKeys (ConfUtils.java:logGet(43)) - raft.server.rpc.request.timeout = 3000ms (default)
2019-08-29 10:40:23,163 [1855e8b4-a9bd-4f85-8e91-014fc8b1d06e:group-153DFC5FFB20:LeaderElection12] INFO  server.RaftServerConfigKeys (ConfUtils.java:logGet(43)) - raft.server.log.appender.install.snapshot.enabled = false (custom)
2019-08-29 10:40:23,163 [1855e8b4-a9bd-4f85-8e91-014fc8b1d06e:group-153DFC5FFB20:LeaderElection12] INFO  server.RaftServerConfigKeys (ConfUtils.java:logGet(43)) - raft.server.log.appender.snapshot.chunk.size.max = 16MB (=16777216) (default)
2019-08-29 10:40:23,163 [1855e8b4-a9bd-4f85-8e91-014fc8b1d06e:group-153DFC5FFB20:LeaderElection12] INFO  server.RaftServerConfigKeys (ConfUtils.java:logGet(43)) - raft.server.log.appender.buffer.byte-limit = 33554432 (custom)
2019-08-29 10:40:23,163 [1855e8b4-a9bd-4f85-8e91-014fc8b1d06e:group-153DFC5FFB20:LeaderElection12] INFO  server.RaftServerConfigKeys (ConfUtils.java:logGet(43)) - raft.server.log.appender.buffer.element-limit = 1 (custom)
2019-08-29 10:40:23,163 [1855e8b4-a9bd-4f85-8e91-014fc8b1d06e:group-153DFC5FFB20:LeaderElection12] INFO  grpc.GrpcConfigKeys$Server (ConfUtils.java:logGet(43)) - raft.grpc.server.leader.outstanding.appends.max = 128 (default)
2019-08-29 10:40:23,163 [1855e8b4-a9bd-4f85-8e91-014fc8b1d06e:group-153DFC5FFB20:LeaderElection12] INFO  server.RaftServerConfigKeys (ConfUtils.java:logGet(43)) - raft.server.rpc.request.timeout = 3000ms (default)
2019-08-29 10:40:23,163 [1855e8b4-a9bd-4f85-8e91-014fc8b1d06e:group-153DFC5FFB20:LeaderElection12] INFO  server.RaftServerConfigKeys (ConfUtils.java:logGet(43)) - raft.server.log.appender.install.snapshot.enabled = false (custom)
2019-08-29 10:40:23,164 [1855e8b4-a9bd-4f85-8e91-014fc8b1d06e:group-153DFC5FFB20:LeaderElection12] INFO  impl.RoleInfo (RoleInfo.java:updateAndGet(143)) - 1855e8b4-a9bd-4f85-8e91-014fc8b1d06e: start LeaderState
2019-08-29 10:40:23,164 [1855e8b4-a9bd-4f85-8e91-014fc8b1d06e:group-153DFC5FFB20:LeaderElection12] INFO  segmented.SegmentedRaftLogWorker (SegmentedRaftLogWorker.java:startLogSegment(380)) - 1855e8b4-a9bd-4f85-8e91-014fc8b1d06e-SegmentedRaftLogWorker:Storage Directory /workdir/hadoop-ozone/integration-test/target/test-dir/MiniOzoneClusterImpl-eeb9007c-4ead-46a3-8fbd-d0b93e736302/datanode-0/data/ratis/e7ad2bd7-e3e6-451a-8241-153dfc5ffb20: Starting segment from index:0
2019-08-29 10:40:23,165 [1855e8b4-a9bd-4f85-8e91-014fc8b1d06e:group-153DFC5FFB20:LeaderElection12] INFO  impl.RaftServerImpl (ServerState.java:setRaftConf(361)) - 1855e8b4-a9bd-4f85-8e91-014fc8b1d06e:group-153DFC5FFB20 set configuration 0: [1855e8b4-a9bd-4f85-8e91-014fc8b1d06e:192.168.36.85:45497, 7545bce7-93ef-4f06-9770-62cfbfc2351f:192.168.36.85:35286, cc7ea0fd-1792-4e1b-ad05-6dc2e4317dc6:192.168.36.85:44333], old=null at 0
2019-08-29 10:40:23,193 [grpc-default-executor-0] INFO  impl.RaftServerImpl (ServerState.java:setLeader(263)) - 7545bce7-93ef-4f06-9770-62cfbfc2351f:group-153DFC5FFB20 change Leader from null to 1855e8b4-a9bd-4f85-8e91-014fc8b1d06e at term 2 for appendEntries, leader elected after 10252ms
2019-08-29 10:40:23,193 [grpc-default-executor-4] INFO  impl.RaftServerImpl (ServerState.java:setLeader(263)) - cc7ea0fd-1792-4e1b-ad05-6dc2e4317dc6:group-153DFC5FFB20 change Leader from null to 1855e8b4-a9bd-4f85-8e91-014fc8b1d06e at term 2 for appendEntries, leader elected after 10252ms
2019-08-29 10:40:23,196 [1855e8b4-a9bd-4f85-8e91-014fc8b1d06e-SegmentedRaftLogWorker:Storage Directory /workdir/hadoop-ozone/integration-test/target/test-dir/MiniOzoneClusterImpl-eeb9007c-4ead-46a3-8fbd-d0b93e736302/datanode-0/data/ratis/e7ad2bd7-e3e6-451a-8241-153dfc5ffb20] INFO  segmented.SegmentedRaftLogWorker (SegmentedRaftLogWorker.java:execute(569)) - 1855e8b4-a9bd-4f85-8e91-014fc8b1d06e-SegmentedRaftLogWorker:Storage Directory /workdir/hadoop-ozone/integration-test/target/test-dir/MiniOzoneClusterImpl-eeb9007c-4ead-46a3-8fbd-d0b93e736302/datanode-0/data/ratis/e7ad2bd7-e3e6-451a-8241-153dfc5ffb20: created new log segment /workdir/hadoop-ozone/integration-test/target/test-dir/MiniOzoneClusterImpl-eeb9007c-4ead-46a3-8fbd-d0b93e736302/datanode-0/data/ratis/e7ad2bd7-e3e6-451a-8241-153dfc5ffb20/current/log_inprogress_0
2019-08-29 10:40:23,199 [grpc-default-executor-4] INFO  impl.RaftServerImpl (ServerState.java:setRaftConf(361)) - cc7ea0fd-1792-4e1b-ad05-6dc2e4317dc6:group-153DFC5FFB20 set configuration 0: [1855e8b4-a9bd-4f85-8e91-014fc8b1d06e:192.168.36.85:45497, 7545bce7-93ef-4f06-9770-62cfbfc2351f:192.168.36.85:35286, cc7ea0fd-1792-4e1b-ad05-6dc2e4317dc6:192.168.36.85:44333], old=null at 0
2019-08-29 10:40:23,199 [grpc-default-executor-0] INFO  impl.RaftServerImpl (ServerState.java:setRaftConf(361)) - 7545bce7-93ef-4f06-9770-62cfbfc2351f:group-153DFC5FFB20 set configuration 0: [1855e8b4-a9bd-4f85-8e91-014fc8b1d06e:192.168.36.85:45497, 7545bce7-93ef-4f06-9770-62cfbfc2351f:192.168.36.85:35286, cc7ea0fd-1792-4e1b-ad05-6dc2e4317dc6:192.168.36.85:44333], old=null at 0
2019-08-29 10:40:23,201 [grpc-default-executor-4] INFO  segmented.SegmentedRaftLogWorker (SegmentedRaftLogWorker.java:startLogSegment(380)) - cc7ea0fd-1792-4e1b-ad05-6dc2e4317dc6-SegmentedRaftLogWorker:Storage Directory /workdir/hadoop-ozone/integration-test/target/test-dir/MiniOzoneClusterImpl-eeb9007c-4ead-46a3-8fbd-d0b93e736302/datanode-4/data/ratis/e7ad2bd7-e3e6-451a-8241-153dfc5ffb20: Starting segment from index:0
2019-08-29 10:40:23,201 [grpc-default-executor-0] INFO  segmented.SegmentedRaftLogWorker (SegmentedRaftLogWorker.java:startLogSegment(380)) - 7545bce7-93ef-4f06-9770-62cfbfc2351f-SegmentedRaftLogWorker:Storage Directory /workdir/hadoop-ozone/integration-test/target/test-dir/MiniOzoneClusterImpl-eeb9007c-4ead-46a3-8fbd-d0b93e736302/datanode-1/data/ratis/e7ad2bd7-e3e6-451a-8241-153dfc5ffb20: Starting segment from index:0
2019-08-29 10:40:23,241 [cc7ea0fd-1792-4e1b-ad05-6dc2e4317dc6-SegmentedRaftLogWorker:Storage Directory /workdir/hadoop-ozone/integration-test/target/test-dir/MiniOzoneClusterImpl-eeb9007c-4ead-46a3-8fbd-d0b93e736302/datanode-4/data/ratis/e7ad2bd7-e3e6-451a-8241-153dfc5ffb20] INFO  segmented.SegmentedRaftLogWorker (SegmentedRaftLogWorker.java:execute(569)) - cc7ea0fd-1792-4e1b-ad05-6dc2e4317dc6-SegmentedRaftLogWorker:Storage Directory /workdir/hadoop-ozone/integration-test/target/test-dir/MiniOzoneClusterImpl-eeb9007c-4ead-46a3-8fbd-d0b93e736302/datanode-4/data/ratis/e7ad2bd7-e3e6-451a-8241-153dfc5ffb20: created new log segment /workdir/hadoop-ozone/integration-test/target/test-dir/MiniOzoneClusterImpl-eeb9007c-4ead-46a3-8fbd-d0b93e736302/datanode-4/data/ratis/e7ad2bd7-e3e6-451a-8241-153dfc5ffb20/current/log_inprogress_0
2019-08-29 10:40:23,241 [7545bce7-93ef-4f06-9770-62cfbfc2351f-SegmentedRaftLogWorker:Storage Directory /workdir/hadoop-ozone/integration-test/target/test-dir/MiniOzoneClusterImpl-eeb9007c-4ead-46a3-8fbd-d0b93e736302/datanode-1/data/ratis/e7ad2bd7-e3e6-451a-8241-153dfc5ffb20] INFO  segmented.SegmentedRaftLogWorker (SegmentedRaftLogWorker.java:execute(569)) - 7545bce7-93ef-4f06-9770-62cfbfc2351f-SegmentedRaftLogWorker:Storage Directory /workdir/hadoop-ozone/integration-test/target/test-dir/MiniOzoneClusterImpl-eeb9007c-4ead-46a3-8fbd-d0b93e736302/datanode-1/data/ratis/e7ad2bd7-e3e6-451a-8241-153dfc5ffb20: created new log segment /workdir/hadoop-ozone/integration-test/target/test-dir/MiniOzoneClusterImpl-eeb9007c-4ead-46a3-8fbd-d0b93e736302/datanode-1/data/ratis/e7ad2bd7-e3e6-451a-8241-153dfc5ffb20/current/log_inprogress_0
2019-08-29 10:40:23,312 | INFO  | SCMAudit | user=jenkins1000 | ip=192.168.36.85 | op=SEND_HEARTBEAT {datanodeUUID=7545bce7-93ef-4f06-9770-62cfbfc2351f, command=[]} | ret=SUCCESS |  
2019-08-29 10:40:23,516 [grpc-default-executor-4] INFO  client.GrpcClientProtocolClient (GrpcClientProtocolClient.java:onNext(255)) - client-101D25795BA1->cc7ea0fd-1792-4e1b-ad05-6dc2e4317dc6: receive RaftClientReply:client-101D25795BA1->cc7ea0fd-1792-4e1b-ad05-6dc2e4317dc6@group-153DFC5FFB20, cid=17, FAILED org.apache.ratis.protocol.NotLeaderException: Server cc7ea0fd-1792-4e1b-ad05-6dc2e4317dc6 is not the leader (1855e8b4-a9bd-4f85-8e91-014fc8b1d06e:192.168.36.85:45497). Request must be sent to leader., logIndex=0, commits[cc7ea0fd-1792-4e1b-ad05-6dc2e4317dc6:c-1, 1855e8b4-a9bd-4f85-8e91-014fc8b1d06e:c-1, 7545bce7-93ef-4f06-9770-62cfbfc2351f:c-1]
2019-08-29 10:40:23,779 | INFO  | SCMAudit | user=jenkins1000 | ip=192.168.36.85 | op=SEND_HEARTBEAT {datanodeUUID=1855e8b4-a9bd-4f85-8e91-014fc8b1d06e, command=[]} | ret=SUCCESS |  
2019-08-29 10:40:23,783 | INFO  | DNAudit | user=null | ip=null | op=WRITE_CHUNK {blockData=conID: 2 locID: 1567075219350 bcsId: 0} | ret=SUCCESS |  
2019-08-29 10:40:23,799 | INFO  | SCMAudit | user=jenkins1000 | ip=192.168.36.85 | op=SEND_HEARTBEAT {datanodeUUID=cc7ea0fd-1792-4e1b-ad05-6dc2e4317dc6, command=[]} | ret=SUCCESS |  
2019-08-29 10:40:23,800 | INFO  | SCMAudit | user=jenkins1000 | ip=192.168.36.85 | op=SEND_HEARTBEAT {datanodeUUID=7545bce7-93ef-4f06-9770-62cfbfc2351f, command=[]} | ret=SUCCESS |  
2019-08-29 10:40:23,803 | INFO  | DNAudit | user=null | ip=null | op=WRITE_CHUNK {blockData=conID: 2 locID: 1567075219350 bcsId: 0} | ret=SUCCESS |  
2019-08-29 10:40:23,805 | INFO  | DNAudit | user=null | ip=null | op=WRITE_CHUNK {blockData=conID: 2 locID: 1567075219350 bcsId: 0} | ret=SUCCESS |  
2019-08-29 10:40:23,821 | INFO  | DNAudit | user=null | ip=null | op=WRITE_CHUNK {blockData=conID: 2 locID: 1567075219350 bcsId: 0} | ret=SUCCESS |  
2019-08-29 10:40:23,833 [grpc-default-executor-0] INFO  client.GrpcClientProtocolClient (GrpcClientProtocolClient.java:onNext(255)) - client-101D25795BA1->1855e8b4-a9bd-4f85-8e91-014fc8b1d06e: receive RaftClientReply:client-101D25795BA1->1855e8b4-a9bd-4f85-8e91-014fc8b1d06e@group-153DFC5FFB20, cid=17, SUCCESS, logIndex=1, commits[1855e8b4-a9bd-4f85-8e91-014fc8b1d06e:c1, 7545bce7-93ef-4f06-9770-62cfbfc2351f:c0, cc7ea0fd-1792-4e1b-ad05-6dc2e4317dc6:c0]
2019-08-29 10:40:23,833 | INFO  | DNAudit | user=null | ip=null | op=WRITE_CHUNK {blockData=conID: 2 locID: 1567075219350 bcsId: 0} | ret=SUCCESS |  
2019-08-29 10:40:23,836 | INFO  | DNAudit | user=null | ip=null | op=WRITE_CHUNK {blockData=conID: 2 locID: 1567075219350 bcsId: 0} | ret=SUCCESS |  
2019-08-29 10:40:23,849 | INFO  | SCMAudit | user=jenkins1000 | ip=192.168.36.85 | op=SEND_HEARTBEAT {datanodeUUID=f735bca4-7d54-4d9c-98f6-0865f198a97e, command=[]} | ret=SUCCESS |  
2019-08-29 10:40:23,855 [pool-26-thread-5] WARN  impl.ChunkManagerImpl (ChunkUtils.java:validateChunkForOverwrite(218)) - Duplicate write chunk request. Chunk overwrite without explicit request. ChunkInfo{chunkName='1567075219350.data.0, offset=0, len=1048576}
2019-08-29 10:40:23,855 [pool-26-thread-5] WARN  impl.ChunkManagerImpl (ChunkManagerImpl.java:writeChunk(111)) - ChunkFile already exists/workdir/hadoop-ozone/integration-test/target/test-dir/MiniOzoneClusterImpl-eeb9007c-4ead-46a3-8fbd-d0b93e736302/datanode-0/data/containers/hdds/3475b5aa-d390-4602-af4b-af2a96208a6b/current/containerDir0/2/chunks/1567075219350.data.0.Deleting it.
2019-08-29 10:40:23,858 | INFO  | DNAudit | user=null | ip=null | op=WRITE_CHUNK {blockData=conID: 2 locID: 1567075219350 bcsId: 0} | ret=SUCCESS |  
2019-08-29 10:40:23,871 [pool-37-thread-2] WARN  impl.ChunkManagerImpl (ChunkUtils.java:validateChunkForOverwrite(218)) - Duplicate write chunk request. Chunk overwrite without explicit request. ChunkInfo{chunkName='1567075219350.data.0, offset=0, len=1048576}
2019-08-29 10:40:23,871 [pool-37-thread-2] WARN  impl.ChunkManagerImpl (ChunkManagerImpl.java:writeChunk(111)) - ChunkFile already exists/workdir/hadoop-ozone/integration-test/target/test-dir/MiniOzoneClusterImpl-eeb9007c-4ead-46a3-8fbd-d0b93e736302/datanode-1/data/containers/hdds/3475b5aa-d390-4602-af4b-af2a96208a6b/current/containerDir0/2/chunks/1567075219350.data.0.Deleting it.
2019-08-29 10:40:23,871 [pool-70-thread-2] WARN  impl.ChunkManagerImpl (ChunkUtils.java:validateChunkForOverwrite(218)) - Duplicate write chunk request. Chunk overwrite without explicit request. ChunkInfo{chunkName='1567075219350.data.0, offset=0, len=1048576}
2019-08-29 10:40:23,872 [pool-70-thread-2] WARN  impl.ChunkManagerImpl (ChunkManagerImpl.java:writeChunk(111)) - ChunkFile already exists/workdir/hadoop-ozone/integration-test/target/test-dir/MiniOzoneClusterImpl-eeb9007c-4ead-46a3-8fbd-d0b93e736302/datanode-4/data/containers/hdds/3475b5aa-d390-4602-af4b-af2a96208a6b/current/containerDir0/2/chunks/1567075219350.data.0.Deleting it.
2019-08-29 10:40:23,875 | INFO  | DNAudit | user=null | ip=null | op=WRITE_CHUNK {blockData=conID: 2 locID: 1567075219350 bcsId: 0} | ret=SUCCESS |  
2019-08-29 10:40:23,876 | INFO  | DNAudit | user=null | ip=null | op=WRITE_CHUNK {blockData=conID: 2 locID: 1567075219350 bcsId: 0} | ret=SUCCESS |  
2019-08-29 10:40:23,926 | INFO  | SCMAudit | user=jenkins1000 | ip=192.168.36.85 | op=SEND_HEARTBEAT {datanodeUUID=3c5e1993-5d9c-4a62-8eec-bcc5ea1da144, command=[]} | ret=SUCCESS |  
2019-08-29 10:40:23,949 | INFO  | DNAudit | user=null | ip=null | op=PUT_BLOCK {blockData=[blockId=conID: 2 locID: 1567075219350 bcsId: 0,size=1048576]} | ret=SUCCESS |  
2019-08-29 10:40:23,960 | INFO  | DNAudit | user=null | ip=null | op=WRITE_CHUNK {blockData=conID: 2 locID: 1567075219350 bcsId: 0} | ret=SUCCESS |  
2019-08-29 10:40:23,961 [grpc-default-executor-4] INFO  client.GrpcClientProtocolClient (GrpcClientProtocolClient.java:onNext(255)) - client-101D25795BA1->1855e8b4-a9bd-4f85-8e91-014fc8b1d06e: receive RaftClientReply:client-101D25795BA1->1855e8b4-a9bd-4f85-8e91-014fc8b1d06e@group-153DFC5FFB20, cid=18, SUCCESS, logIndex=3, commits[1855e8b4-a9bd-4f85-8e91-014fc8b1d06e:c8, 7545bce7-93ef-4f06-9770-62cfbfc2351f:c6, cc7ea0fd-1792-4e1b-ad05-6dc2e4317dc6:c6]
2019-08-29 10:40:23,963 [grpc-default-executor-4] INFO  client.GrpcClientProtocolClient (GrpcClientProtocolClient.java:onNext(255)) - client-101D25795BA1->1855e8b4-a9bd-4f85-8e91-014fc8b1d06e: receive RaftClientReply:client-101D25795BA1->1855e8b4-a9bd-4f85-8e91-014fc8b1d06e@group-153DFC5FFB20, cid=19, SUCCESS, logIndex=4, commits[1855e8b4-a9bd-4f85-8e91-014fc8b1d06e:c8, 7545bce7-93ef-4f06-9770-62cfbfc2351f:c6, cc7ea0fd-1792-4e1b-ad05-6dc2e4317dc6:c6]
2019-08-29 10:40:23,979 | INFO  | SCMAudit | user=jenkins1000 | ip=192.168.36.85 | op=SEND_HEARTBEAT {datanodeUUID=a170112d-9c23-4c7b-aee0-69d5a49805cc, command=[]} | ret=SUCCESS |  
2019-08-29 10:40:23,979 | INFO  | SCMAudit | user=jenkins1000 | ip=192.168.36.85 | op=SEND_HEARTBEAT {datanodeUUID=8a6508e2-5645-4a1e-9da7-1ef1efcd4444, command=[]} | ret=SUCCESS |  
2019-08-29 10:40:24,055 | INFO  | DNAudit | user=null | ip=null | op=PUT_BLOCK {blockData=[blockId=conID: 2 locID: 1567075219350 bcsId: 0,size=1048576]} | ret=SUCCESS |  
2019-08-29 10:40:24,056 | INFO  | DNAudit | user=null | ip=null | op=WRITE_CHUNK {blockData=conID: 2 locID: 1567075219350 bcsId: 0} | ret=SUCCESS |  
2019-08-29 10:40:24,121 | INFO  | DNAudit | user=null | ip=null | op=PUT_BLOCK {blockData=[blockId=conID: 2 locID: 1567075219350 bcsId: 0,size=1048576]} | ret=SUCCESS |  
2019-08-29 10:40:24,121 | INFO  | DNAudit | user=null | ip=null | op=PUT_BLOCK {blockData=[blockId=conID: 2 locID: 1567075219350 bcsId: 0,size=1048576]} | ret=SUCCESS |  
2019-08-29 10:40:24,125 [grpc-default-executor-4] INFO  client.GrpcClientProtocolClient (GrpcClientProtocolClient.java:onNext(255)) - client-101D25795BA1->1855e8b4-a9bd-4f85-8e91-014fc8b1d06e: receive RaftClientReply:client-101D25795BA1->1855e8b4-a9bd-4f85-8e91-014fc8b1d06e@group-153DFC5FFB20, cid=20, SUCCESS, logIndex=5, commits[1855e8b4-a9bd-4f85-8e91-014fc8b1d06e:c8, 7545bce7-93ef-4f06-9770-62cfbfc2351f:c6, cc7ea0fd-1792-4e1b-ad05-6dc2e4317dc6:c6]
2019-08-29 10:40:24,126 [main] INFO  datanode.ObjectStoreHandler (ObjectStoreHandler.java:close(155)) - Closing ObjectStoreHandler.
2019-08-29 10:40:24,127 [main] INFO  ozone.HddsDatanodeService (HddsDatanodeService.java:stop(451)) - Stopped plug-in org.apache.hadoop.ozone.web.OzoneHddsDatanodeService@6e8fdd19
2019-08-29 10:40:24,130 | INFO  | DNAudit | user=null | ip=null | op=PUT_BLOCK {blockData=[blockId=conID: 2 locID: 1567075219350 bcsId: 0,size=1048576]} | ret=SUCCESS |  
2019-08-29 10:40:24,131 | INFO  | DNAudit | user=null | ip=null | op=WRITE_CHUNK {blockData=conID: 2 locID: 1567075219350 bcsId: 0} | ret=SUCCESS |  
2019-08-29 10:40:24,132 | INFO  | DNAudit | user=null | ip=null | op=PUT_BLOCK {blockData=[blockId=conID: 2 locID: 1567075219350 bcsId: 0,size=1048576]} | ret=SUCCESS |  
2019-08-29 10:40:24,777 [Datanode State Machine Thread - 0] INFO  statemachine.DatanodeStateMachine (DatanodeStateMachine.java:lambda$startDaemon$0(350)) - Ozone container server started.
2019-08-29 10:40:24,799 | INFO  | SCMAudit | user=jenkins1000 | ip=192.168.36.85 | op=SEND_HEARTBEAT {datanodeUUID=7545bce7-93ef-4f06-9770-62cfbfc2351f, command=[]} | ret=SUCCESS |  
2019-08-29 10:40:24,799 | INFO  | SCMAudit | user=jenkins1000 | ip=192.168.36.85 | op=SEND_HEARTBEAT {datanodeUUID=cc7ea0fd-1792-4e1b-ad05-6dc2e4317dc6, command=[]} | ret=SUCCESS |  
2019-08-29 10:40:24,849 | INFO  | SCMAudit | user=jenkins1000 | ip=192.168.36.85 | op=SEND_HEARTBEAT {datanodeUUID=f735bca4-7d54-4d9c-98f6-0865f198a97e, command=[]} | ret=SUCCESS |  
2019-08-29 10:40:24,926 | INFO  | SCMAudit | user=jenkins1000 | ip=192.168.36.85 | op=SEND_HEARTBEAT {datanodeUUID=3c5e1993-5d9c-4a62-8eec-bcc5ea1da144, command=[]} | ret=SUCCESS |  
2019-08-29 10:40:24,982 | INFO  | SCMAudit | user=jenkins1000 | ip=192.168.36.85 | op=SEND_HEARTBEAT {datanodeUUID=a170112d-9c23-4c7b-aee0-69d5a49805cc, command=[]} | ret=SUCCESS |  
2019-08-29 10:40:24,983 | INFO  | SCMAudit | user=jenkins1000 | ip=192.168.36.85 | op=SEND_HEARTBEAT {datanodeUUID=8a6508e2-5645-4a1e-9da7-1ef1efcd4444, command=[]} | ret=SUCCESS |  
2019-08-29 10:40:25,800 | INFO  | SCMAudit | user=jenkins1000 | ip=192.168.36.85 | op=SEND_HEARTBEAT {datanodeUUID=cc7ea0fd-1792-4e1b-ad05-6dc2e4317dc6, command=[]} | ret=SUCCESS |  
2019-08-29 10:40:25,800 | INFO  | SCMAudit | user=jenkins1000 | ip=192.168.36.85 | op=SEND_HEARTBEAT {datanodeUUID=7545bce7-93ef-4f06-9770-62cfbfc2351f, command=[]} | ret=SUCCESS |  
2019-08-29 10:40:25,850 | INFO  | SCMAudit | user=jenkins1000 | ip=192.168.36.85 | op=SEND_HEARTBEAT {datanodeUUID=f735bca4-7d54-4d9c-98f6-0865f198a97e, command=[]} | ret=SUCCESS |  
2019-08-29 10:40:25,927 | INFO  | SCMAudit | user=jenkins1000 | ip=192.168.36.85 | op=SEND_HEARTBEAT {datanodeUUID=3c5e1993-5d9c-4a62-8eec-bcc5ea1da144, command=[]} | ret=SUCCESS |  
2019-08-29 10:40:25,982 | INFO  | SCMAudit | user=jenkins1000 | ip=192.168.36.85 | op=SEND_HEARTBEAT {datanodeUUID=a170112d-9c23-4c7b-aee0-69d5a49805cc, command=[]} | ret=SUCCESS |  
2019-08-29 10:40:25,983 | INFO  | SCMAudit | user=jenkins1000 | ip=192.168.36.85 | op=SEND_HEARTBEAT {datanodeUUID=8a6508e2-5645-4a1e-9da7-1ef1efcd4444, command=[]} | ret=SUCCESS |  
2019-08-29 10:40:26,800 | INFO  | SCMAudit | user=jenkins1000 | ip=192.168.36.85 | op=SEND_HEARTBEAT {datanodeUUID=7545bce7-93ef-4f06-9770-62cfbfc2351f, command=[]} | ret=SUCCESS |  
2019-08-29 10:40:26,800 | INFO  | SCMAudit | user=jenkins1000 | ip=192.168.36.85 | op=SEND_HEARTBEAT {datanodeUUID=cc7ea0fd-1792-4e1b-ad05-6dc2e4317dc6, command=[]} | ret=SUCCESS |  
2019-08-29 10:40:26,849 | INFO  | SCMAudit | user=jenkins1000 | ip=192.168.36.85 | op=SEND_HEARTBEAT {datanodeUUID=f735bca4-7d54-4d9c-98f6-0865f198a97e, command=[]} | ret=SUCCESS |  
2019-08-29 10:40:26,852 [EventQueue-StaleNodeForStaleNodeHandler] INFO  node.StaleNodeHandler (StaleNodeHandler.java:onMessage(58)) - Datanode 1855e8b4-a9bd-4f85-8e91-014fc8b1d06e{ip: 192.168.36.85, host: pr-hdds-2030-qphh4-572463921, networkLocation: /default-rack, certSerialId: null} moved to stale state. Finalizing its pipelines [PipelineID=5fadbfe3-7106-4e26-83ee-f0ce86efe031, PipelineID=e7ad2bd7-e3e6-451a-8241-153dfc5ffb20]
2019-08-29 10:40:26,853 [EventQueue-StaleNodeForStaleNodeHandler] INFO  pipeline.SCMPipelineManager (SCMPipelineManager.java:finalizeAndDestroyPipeline(309)) - destroying pipeline:Pipeline[ Id: 5fadbfe3-7106-4e26-83ee-f0ce86efe031, Nodes: 1855e8b4-a9bd-4f85-8e91-014fc8b1d06e{ip: 192.168.36.85, host: pr-hdds-2030-qphh4-572463921, networkLocation: /default-rack, certSerialId: null}, Type:RATIS, Factor:ONE, State:OPEN]
2019-08-29 10:40:26,855 [EventQueue-StaleNodeForStaleNodeHandler] INFO  pipeline.PipelineStateManager (PipelineStateManager.java:finalizePipeline(123)) - Pipeline Pipeline[ Id: 5fadbfe3-7106-4e26-83ee-f0ce86efe031, Nodes: 1855e8b4-a9bd-4f85-8e91-014fc8b1d06e{ip: 192.168.36.85, host: pr-hdds-2030-qphh4-572463921, networkLocation: /default-rack, certSerialId: null}, Type:RATIS, Factor:ONE, State:CLOSED] moved to CLOSED state
2019-08-29 10:40:26,857 [EventQueue-StaleNodeForStaleNodeHandler] INFO  pipeline.SCMPipelineManager (SCMPipelineManager.java:finalizeAndDestroyPipeline(309)) - destroying pipeline:Pipeline[ Id: e7ad2bd7-e3e6-451a-8241-153dfc5ffb20, Nodes: 1855e8b4-a9bd-4f85-8e91-014fc8b1d06e{ip: 192.168.36.85, host: pr-hdds-2030-qphh4-572463921, networkLocation: /default-rack, certSerialId: null}7545bce7-93ef-4f06-9770-62cfbfc2351f{ip: 192.168.36.85, host: pr-hdds-2030-qphh4-572463921, networkLocation: /default-rack, certSerialId: null}cc7ea0fd-1792-4e1b-ad05-6dc2e4317dc6{ip: 192.168.36.85, host: pr-hdds-2030-qphh4-572463921, networkLocation: /default-rack, certSerialId: null}, Type:RATIS, Factor:THREE, State:OPEN]
2019-08-29 10:40:26,857 [EventQueue-StaleNodeForStaleNodeHandler] INFO  pipeline.PipelineStateManager (PipelineStateManager.java:finalizePipeline(123)) - Pipeline Pipeline[ Id: e7ad2bd7-e3e6-451a-8241-153dfc5ffb20, Nodes: 1855e8b4-a9bd-4f85-8e91-014fc8b1d06e{ip: 192.168.36.85, host: pr-hdds-2030-qphh4-572463921, networkLocation: /default-rack, certSerialId: null}7545bce7-93ef-4f06-9770-62cfbfc2351f{ip: 192.168.36.85, host: pr-hdds-2030-qphh4-572463921, networkLocation: /default-rack, certSerialId: null}cc7ea0fd-1792-4e1b-ad05-6dc2e4317dc6{ip: 192.168.36.85, host: pr-hdds-2030-qphh4-572463921, networkLocation: /default-rack, certSerialId: null}, Type:RATIS, Factor:THREE, State:CLOSED] moved to CLOSED state
2019-08-29 10:40:26,858 [EventQueue-CloseContainerForCloseContainerEventHandler] INFO  container.CloseContainerEventHandler (CloseContainerEventHandler.java:onMessage(61)) - Close container Event triggered for container : #2
2019-08-29 10:40:26,926 | INFO  | SCMAudit | user=jenkins1000 | ip=192.168.36.85 | op=SEND_HEARTBEAT {datanodeUUID=3c5e1993-5d9c-4a62-8eec-bcc5ea1da144, command=[]} | ret=SUCCESS |  
2019-08-29 10:40:26,983 | INFO  | SCMAudit | user=jenkins1000 | ip=192.168.36.85 | op=SEND_HEARTBEAT {datanodeUUID=8a6508e2-5645-4a1e-9da7-1ef1efcd4444, command=[]} | ret=SUCCESS |  
2019-08-29 10:40:26,983 | INFO  | SCMAudit | user=jenkins1000 | ip=192.168.36.85 | op=SEND_HEARTBEAT {datanodeUUID=a170112d-9c23-4c7b-aee0-69d5a49805cc, command=[]} | ret=SUCCESS |  
2019-08-29 10:40:27,837 | INFO  | SCMAudit | user=jenkins1000 | ip=192.168.36.85 | op=SEND_HEARTBEAT {datanodeUUID=cc7ea0fd-1792-4e1b-ad05-6dc2e4317dc6, command=[commandType: closeContainerCommand closeContainerCommandProto { containerID: 2 pipelineID { id: "e7ad2bd7-e3e6-451a-8241-153dfc5ffb20" } cmdId: 2 force: false } ]} | ret=SUCCESS |  
2019-08-29 10:40:27,837 | INFO  | SCMAudit | user=jenkins1000 | ip=192.168.36.85 | op=SEND_HEARTBEAT {datanodeUUID=7545bce7-93ef-4f06-9770-62cfbfc2351f, command=[commandType: closeContainerCommand closeContainerCommandProto { containerID: 2 pipelineID { id: "e7ad2bd7-e3e6-451a-8241-153dfc5ffb20" } cmdId: 2 force: false } ]} | ret=SUCCESS |  
2019-08-29 10:40:27,850 | INFO  | SCMAudit | user=jenkins1000 | ip=192.168.36.85 | op=SEND_HEARTBEAT {datanodeUUID=f735bca4-7d54-4d9c-98f6-0865f198a97e, command=[]} | ret=SUCCESS |  
2019-08-29 10:40:27,927 | INFO  | SCMAudit | user=jenkins1000 | ip=192.168.36.85 | op=SEND_HEARTBEAT {datanodeUUID=3c5e1993-5d9c-4a62-8eec-bcc5ea1da144, command=[]} | ret=SUCCESS |  
2019-08-29 10:40:27,983 | INFO  | SCMAudit | user=jenkins1000 | ip=192.168.36.85 | op=SEND_HEARTBEAT {datanodeUUID=a170112d-9c23-4c7b-aee0-69d5a49805cc, command=[]} | ret=SUCCESS |  
2019-08-29 10:40:27,984 | INFO  | SCMAudit | user=jenkins1000 | ip=192.168.36.85 | op=SEND_HEARTBEAT {datanodeUUID=8a6508e2-5645-4a1e-9da7-1ef1efcd4444, command=[]} | ret=SUCCESS |  
2019-08-29 10:40:28,800 | INFO  | SCMAudit | user=jenkins1000 | ip=192.168.36.85 | op=SEND_HEARTBEAT {datanodeUUID=cc7ea0fd-1792-4e1b-ad05-6dc2e4317dc6, command=[]} | ret=SUCCESS |  
2019-08-29 10:40:28,800 | INFO  | SCMAudit | user=jenkins1000 | ip=192.168.36.85 | op=SEND_HEARTBEAT {datanodeUUID=7545bce7-93ef-4f06-9770-62cfbfc2351f, command=[]} | ret=SUCCESS |  
2019-08-29 10:40:28,850 | INFO  | SCMAudit | user=jenkins1000 | ip=192.168.36.85 | op=SEND_HEARTBEAT {datanodeUUID=f735bca4-7d54-4d9c-98f6-0865f198a97e, command=[]} | ret=SUCCESS |  
2019-08-29 10:40:28,926 | INFO  | SCMAudit | user=jenkins1000 | ip=192.168.36.85 | op=SEND_HEARTBEAT {datanodeUUID=3c5e1993-5d9c-4a62-8eec-bcc5ea1da144, command=[]} | ret=SUCCESS |  
2019-08-29 10:40:28,983 | INFO  | SCMAudit | user=jenkins1000 | ip=192.168.36.85 | op=SEND_HEARTBEAT {datanodeUUID=a170112d-9c23-4c7b-aee0-69d5a49805cc, command=[]} | ret=SUCCESS |  
2019-08-29 10:40:28,984 | INFO  | SCMAudit | user=jenkins1000 | ip=192.168.36.85 | op=SEND_HEARTBEAT {datanodeUUID=8a6508e2-5645-4a1e-9da7-1ef1efcd4444, command=[]} | ret=SUCCESS |  
2019-08-29 10:40:29,130 [main] INFO  ozoneimpl.OzoneContainer (OzoneContainer.java:stop(199)) - Attempting to stop container services.
2019-08-29 10:40:29,131 [main] INFO  impl.RaftServerProxy (RaftServerProxy.java:lambda$close$4(314)) - 1855e8b4-a9bd-4f85-8e91-014fc8b1d06e: close
2019-08-29 10:40:29,133 [main] INFO  impl.RaftServerImpl (RaftServerImpl.java:lambda$shutdown$3(245)) - 1855e8b4-a9bd-4f85-8e91-014fc8b1d06e: shutdown group-F0CE86EFE031
2019-08-29 10:40:29,133 [main] INFO  util.JmxRegister (JmxRegister.java:unregister(73)) - Successfully un-registered JMX Bean with object name Ratis:service=RaftServer,group=group-F0CE86EFE031,id=1855e8b4-a9bd-4f85-8e91-014fc8b1d06e
2019-08-29 10:40:29,133 [main] INFO  impl.RoleInfo (RoleInfo.java:shutdownLeaderState(104)) - 1855e8b4-a9bd-4f85-8e91-014fc8b1d06e: shutdown LeaderState
2019-08-29 10:40:29,134 [main] INFO  impl.PendingRequests (PendingRequests.java:sendNotLeaderResponses(202)) - 1855e8b4-a9bd-4f85-8e91-014fc8b1d06e-PendingRequests: sendNotLeaderResponses
2019-08-29 10:40:29,136 [main] INFO  impl.StateMachineUpdater (StateMachineUpdater.java:stopAndJoin(115)) - StateMachineUpdater:1855e8b4-a9bd-4f85-8e91-014fc8b1d06e:group-F0CE86EFE031: set stopIndex = 0
2019-08-29 10:40:29,140 [main] INFO  impl.RaftServerImpl (ServerState.java:close(394)) - 1855e8b4-a9bd-4f85-8e91-014fc8b1d06e:group-F0CE86EFE031 closes. The last applied log index is 0
2019-08-29 10:40:29,142 [1855e8b4-a9bd-4f85-8e91-014fc8b1d06e-SegmentedRaftLogWorker:Storage Directory /workdir/hadoop-ozone/integration-test/target/test-dir/MiniOzoneClusterImpl-eeb9007c-4ead-46a3-8fbd-d0b93e736302/datanode-0/data/ratis/5fadbfe3-7106-4e26-83ee-f0ce86efe031] INFO  segmented.SegmentedRaftLogWorker (SegmentedRaftLogWorker.java:run(313)) - 1855e8b4-a9bd-4f85-8e91-014fc8b1d06e-SegmentedRaftLogWorker:Storage Directory /workdir/hadoop-ozone/integration-test/target/test-dir/MiniOzoneClusterImpl-eeb9007c-4ead-46a3-8fbd-d0b93e736302/datanode-0/data/ratis/5fadbfe3-7106-4e26-83ee-f0ce86efe031 was interrupted, exiting. There are 0 tasks remaining in the queue.
2019-08-29 10:40:29,144 [main] INFO  segmented.SegmentedRaftLogWorker (SegmentedRaftLogWorker.java:close(228)) - 1855e8b4-a9bd-4f85-8e91-014fc8b1d06e-SegmentedRaftLogWorker:Storage Directory /workdir/hadoop-ozone/integration-test/target/test-dir/MiniOzoneClusterImpl-eeb9007c-4ead-46a3-8fbd-d0b93e736302/datanode-0/data/ratis/5fadbfe3-7106-4e26-83ee-f0ce86efe031 close()
2019-08-29 10:40:29,148 [main] INFO  impl.RaftServerImpl (RaftServerImpl.java:lambda$shutdown$3(245)) - 1855e8b4-a9bd-4f85-8e91-014fc8b1d06e: shutdown group-153DFC5FFB20
2019-08-29 10:40:29,148 [main] INFO  util.JmxRegister (JmxRegister.java:unregister(73)) - Successfully un-registered JMX Bean with object name Ratis:service=RaftServer,group=group-153DFC5FFB20,id=1855e8b4-a9bd-4f85-8e91-014fc8b1d06e
2019-08-29 10:40:29,149 [main] INFO  impl.RoleInfo (RoleInfo.java:shutdownLeaderState(104)) - 1855e8b4-a9bd-4f85-8e91-014fc8b1d06e: shutdown LeaderState
2019-08-29 10:40:29,152 [main] INFO  impl.PendingRequests (PendingRequests.java:sendNotLeaderResponses(202)) - 1855e8b4-a9bd-4f85-8e91-014fc8b1d06e-PendingRequests: sendNotLeaderResponses
2019-08-29 10:40:29,152 [org.apache.ratis.server.impl.LogAppender$AppenderDaemon$$Lambda$461/561633867@7e5e0f92] WARN  server.GrpcLogAppender (GrpcLogAppender.java:mayWait(143)) - GrpcLogAppender(1855e8b4-a9bd-4f85-8e91-014fc8b1d06e->7545bce7-93ef-4f06-9770-62cfbfc2351f): Wait interrupted by java.lang.InterruptedException
2019-08-29 10:40:29,152 [org.apache.ratis.server.impl.LogAppender$AppenderDaemon$$Lambda$461/561633867@3b5c8e3d] WARN  server.GrpcLogAppender (GrpcLogAppender.java:mayWait(143)) - GrpcLogAppender(1855e8b4-a9bd-4f85-8e91-014fc8b1d06e->cc7ea0fd-1792-4e1b-ad05-6dc2e4317dc6): Wait interrupted by java.lang.InterruptedException
2019-08-29 10:40:29,167 [grpc-default-executor-4] INFO  server.GrpcServerProtocolService (GrpcServerProtocolService.java:onCompleted(104)) - 7545bce7-93ef-4f06-9770-62cfbfc2351f: appendEntries completed
2019-08-29 10:40:29,167 [grpc-default-executor-2] INFO  server.GrpcServerProtocolService (GrpcServerProtocolService.java:onCompleted(104)) - cc7ea0fd-1792-4e1b-ad05-6dc2e4317dc6: appendEntries completed
2019-08-29 10:40:29,172 [grpc-default-executor-4] INFO  server.GrpcLogAppender (GrpcLogAppender.java:onCompleted(292)) - 1855e8b4-a9bd-4f85-8e91-014fc8b1d06e->cc7ea0fd-1792-4e1b-ad05-6dc2e4317dc6: follower responses appendEntries COMPLETED
2019-08-29 10:40:29,174 [grpc-default-executor-2] INFO  server.GrpcLogAppender (GrpcLogAppender.java:onCompleted(292)) - 1855e8b4-a9bd-4f85-8e91-014fc8b1d06e->7545bce7-93ef-4f06-9770-62cfbfc2351f: follower responses appendEntries COMPLETED
2019-08-29 10:40:29,181 [main] INFO  impl.StateMachineUpdater (StateMachineUpdater.java:stopAndJoin(115)) - StateMachineUpdater:1855e8b4-a9bd-4f85-8e91-014fc8b1d06e:group-153DFC5FFB20: set stopIndex = 8
2019-08-29 10:40:29,181 [StateMachineUpdater:1855e8b4-a9bd-4f85-8e91-014fc8b1d06e:group-153DFC5FFB20] INFO  ratis.ContainerStateMachine (ContainerStateMachine.java:takeSnapshot(283)) - group-153DFC5FFB20: Taking a snapshot at:(t:2, i:8) file /workdir/hadoop-ozone/integration-test/target/test-dir/MiniOzoneClusterImpl-eeb9007c-4ead-46a3-8fbd-d0b93e736302/datanode-0/data/ratis/e7ad2bd7-e3e6-451a-8241-153dfc5ffb20/sm/snapshot.2_8
2019-08-29 10:40:29,181 [grpc-default-executor-2] INFO  impl.FollowerInfo (FollowerInfo.java:lambda$new$0(50)) - 1855e8b4-a9bd-4f85-8e91-014fc8b1d06e->7545bce7-93ef-4f06-9770-62cfbfc2351f: nextIndex: updateUnconditionally 9 -> 8
2019-08-29 10:40:29,181 [grpc-default-executor-4] INFO  impl.FollowerInfo (FollowerInfo.java:lambda$new$0(50)) - 1855e8b4-a9bd-4f85-8e91-014fc8b1d06e->cc7ea0fd-1792-4e1b-ad05-6dc2e4317dc6: nextIndex: updateUnconditionally 9 -> 8
2019-08-29 10:40:29,213 [StateMachineUpdater:1855e8b4-a9bd-4f85-8e91-014fc8b1d06e:group-153DFC5FFB20] INFO  ratis.ContainerStateMachine (ContainerStateMachine.java:takeSnapshot(294)) - group-153DFC5FFB20: Finished taking a snapshot at:(t:2, i:8) file:/workdir/hadoop-ozone/integration-test/target/test-dir/MiniOzoneClusterImpl-eeb9007c-4ead-46a3-8fbd-d0b93e736302/datanode-0/data/ratis/e7ad2bd7-e3e6-451a-8241-153dfc5ffb20/sm/snapshot.2_8 time:32
2019-08-29 10:40:29,214 [StateMachineUpdater:1855e8b4-a9bd-4f85-8e91-014fc8b1d06e:group-153DFC5FFB20] INFO  impl.StateMachineUpdater (StateMachineUpdater.java:takeSnapshot(242)) - StateMachineUpdater:1855e8b4-a9bd-4f85-8e91-014fc8b1d06e:group-153DFC5FFB20: Took a snapshot at index 8
2019-08-29 10:40:29,217 [StateMachineUpdater:1855e8b4-a9bd-4f85-8e91-014fc8b1d06e:group-153DFC5FFB20] INFO  impl.StateMachineUpdater (StateMachineUpdater.java:lambda$new$0(80)) - StateMachineUpdater:1855e8b4-a9bd-4f85-8e91-014fc8b1d06e:group-153DFC5FFB20: snapshotIndex: updateIncreasingly -1 -> 8
2019-08-29 10:40:29,222 [main] INFO  impl.RaftServerImpl (ServerState.java:close(394)) - 1855e8b4-a9bd-4f85-8e91-014fc8b1d06e:group-153DFC5FFB20 closes. The last applied log index is 8
2019-08-29 10:40:29,223 [1855e8b4-a9bd-4f85-8e91-014fc8b1d06e-SegmentedRaftLogWorker:Storage Directory /workdir/hadoop-ozone/integration-test/target/test-dir/MiniOzoneClusterImpl-eeb9007c-4ead-46a3-8fbd-d0b93e736302/datanode-0/data/ratis/e7ad2bd7-e3e6-451a-8241-153dfc5ffb20] INFO  segmented.SegmentedRaftLogWorker (SegmentedRaftLogWorker.java:run(313)) - 1855e8b4-a9bd-4f85-8e91-014fc8b1d06e-SegmentedRaftLogWorker:Storage Directory /workdir/hadoop-ozone/integration-test/target/test-dir/MiniOzoneClusterImpl-eeb9007c-4ead-46a3-8fbd-d0b93e736302/datanode-0/data/ratis/e7ad2bd7-e3e6-451a-8241-153dfc5ffb20 was interrupted, exiting. There are 0 tasks remaining in the queue.
2019-08-29 10:40:29,224 [main] INFO  segmented.SegmentedRaftLogWorker (SegmentedRaftLogWorker.java:close(228)) - 1855e8b4-a9bd-4f85-8e91-014fc8b1d06e-SegmentedRaftLogWorker:Storage Directory /workdir/hadoop-ozone/integration-test/target/test-dir/MiniOzoneClusterImpl-eeb9007c-4ead-46a3-8fbd-d0b93e736302/datanode-0/data/ratis/e7ad2bd7-e3e6-451a-8241-153dfc5ffb20 close()
2019-08-29 10:40:29,228 [main] INFO  server.GrpcService (GrpcService.java:closeImpl(155)) - 1855e8b4-a9bd-4f85-8e91-014fc8b1d06e: shutdown server with port 45497 now
2019-08-29 10:40:29,232 [main] INFO  server.GrpcService (GrpcService.java:closeImpl(163)) - 1855e8b4-a9bd-4f85-8e91-014fc8b1d06e: shutdown server with port 45497 successfully
2019-08-29 10:40:29,235 [main] INFO  utils.BackgroundService (BackgroundService.java:shutdown(148)) - Shutting down service BlockDeletingService
2019-08-29 10:40:29,237 [refreshUsed-/workdir/hadoop-ozone/integration-test/target/test-dir/MiniOzoneClusterImpl-eeb9007c-4ead-46a3-8fbd-d0b93e736302/datanode-0/data/containers] WARN  fs.CachingGetSpaceUsed (CachingGetSpaceUsed.java:run(183)) - Thread Interrupted waiting to refresh disk information: sleep interrupted
2019-08-29 10:40:29,258 [main] INFO  statemachine.DatanodeStateMachine (DatanodeStateMachine.java:stopDaemon(395)) - Ozone container server stopped.
2019-08-29 10:40:29,261 [main] INFO  handler.ContextHandler (ContextHandler.java:doStop(910)) - Stopped o.e.j.w.WebAppContext@4dba773d{/,null,UNAVAILABLE}{/hddsDatanode}
2019-08-29 10:40:29,267 [main] INFO  server.AbstractConnector (AbstractConnector.java:doStop(318)) - Stopped ServerConnector@1d9bd4da{HTTP/1.1,[http/1.1]}{0.0.0.0:0}
2019-08-29 10:40:29,267 [main] INFO  handler.ContextHandler (ContextHandler.java:doStop(910)) - Stopped o.e.j.s.ServletContextHandler@6a1d3225{/static,jar:file:/home/user/.m2/repository/org/apache/hadoop/hadoop-hdds-container-service/0.5.0-SNAPSHOT/hadoop-hdds-container-service-0.5.0-SNAPSHOT.jar!/webapps/static,UNAVAILABLE}
2019-08-29 10:40:29,267 [main] INFO  handler.ContextHandler (ContextHandler.java:doStop(910)) - Stopped o.e.j.s.ServletContextHandler@1cc680e{/logs,file:///workdir/hadoop-ozone/integration-test/target/log,UNAVAILABLE}
2019-08-29 10:40:29,269 [main] INFO  datanode.ObjectStoreHandler (ObjectStoreHandler.java:close(155)) - Closing ObjectStoreHandler.
2019-08-29 10:40:29,270 [main] INFO  ozone.HddsDatanodeService (HddsDatanodeService.java:stop(451)) - Stopped plug-in org.apache.hadoop.ozone.web.OzoneHddsDatanodeService@7558c24b
2019-08-29 10:40:29,798 [Datanode State Machine Thread - 0] INFO  statemachine.DatanodeStateMachine (DatanodeStateMachine.java:lambda$startDaemon$0(350)) - Ozone container server started.
2019-08-29 10:40:29,803 | INFO  | SCMAudit | user=jenkins1000 | ip=192.168.36.85 | op=SEND_HEARTBEAT {datanodeUUID=cc7ea0fd-1792-4e1b-ad05-6dc2e4317dc6, command=[]} | ret=SUCCESS |  
2019-08-29 10:40:29,822 | INFO  | SCMAudit | user=jenkins1000 | ip=192.168.36.85 | op=SEND_HEARTBEAT {datanodeUUID=cc7ea0fd-1792-4e1b-ad05-6dc2e4317dc6, command=[]} | ret=SUCCESS |  
2019-08-29 10:40:29,850 | INFO  | SCMAudit | user=jenkins1000 | ip=192.168.36.85 | op=SEND_HEARTBEAT {datanodeUUID=f735bca4-7d54-4d9c-98f6-0865f198a97e, command=[]} | ret=SUCCESS |  
2019-08-29 10:40:29,927 | INFO  | SCMAudit | user=jenkins1000 | ip=192.168.36.85 | op=SEND_HEARTBEAT {datanodeUUID=3c5e1993-5d9c-4a62-8eec-bcc5ea1da144, command=[]} | ret=SUCCESS |  
2019-08-29 10:40:29,983 | INFO  | SCMAudit | user=jenkins1000 | ip=192.168.36.85 | op=SEND_HEARTBEAT {datanodeUUID=a170112d-9c23-4c7b-aee0-69d5a49805cc, command=[]} | ret=SUCCESS |  
2019-08-29 10:40:29,985 | INFO  | SCMAudit | user=jenkins1000 | ip=192.168.36.85 | op=SEND_HEARTBEAT {datanodeUUID=8a6508e2-5645-4a1e-9da7-1ef1efcd4444, command=[]} | ret=SUCCESS |  
2019-08-29 10:40:30,822 | INFO  | SCMAudit | user=jenkins1000 | ip=192.168.36.85 | op=SEND_HEARTBEAT {datanodeUUID=cc7ea0fd-1792-4e1b-ad05-6dc2e4317dc6, command=[]} | ret=SUCCESS |  
2019-08-29 10:40:30,850 | INFO  | SCMAudit | user=jenkins1000 | ip=192.168.36.85 | op=SEND_HEARTBEAT {datanodeUUID=f735bca4-7d54-4d9c-98f6-0865f198a97e, command=[]} | ret=SUCCESS |  
2019-08-29 10:40:30,926 | INFO  | SCMAudit | user=jenkins1000 | ip=192.168.36.85 | op=SEND_HEARTBEAT {datanodeUUID=3c5e1993-5d9c-4a62-8eec-bcc5ea1da144, command=[]} | ret=SUCCESS |  
2019-08-29 10:40:30,983 | INFO  | SCMAudit | user=jenkins1000 | ip=192.168.36.85 | op=SEND_HEARTBEAT {datanodeUUID=a170112d-9c23-4c7b-aee0-69d5a49805cc, command=[]} | ret=SUCCESS |  
2019-08-29 10:40:30,985 | INFO  | SCMAudit | user=jenkins1000 | ip=192.168.36.85 | op=SEND_HEARTBEAT {datanodeUUID=8a6508e2-5645-4a1e-9da7-1ef1efcd4444, command=[]} | ret=SUCCESS |  
2019-08-29 10:40:31,822 | INFO  | SCMAudit | user=jenkins1000 | ip=192.168.36.85 | op=SEND_HEARTBEAT {datanodeUUID=cc7ea0fd-1792-4e1b-ad05-6dc2e4317dc6, command=[]} | ret=SUCCESS |  
2019-08-29 10:40:31,850 | INFO  | SCMAudit | user=jenkins1000 | ip=192.168.36.85 | op=SEND_HEARTBEAT {datanodeUUID=f735bca4-7d54-4d9c-98f6-0865f198a97e, command=[]} | ret=SUCCESS |  
2019-08-29 10:40:31,866 [EventQueue-StaleNodeForStaleNodeHandler] INFO  node.StaleNodeHandler (StaleNodeHandler.java:onMessage(58)) - Datanode 7545bce7-93ef-4f06-9770-62cfbfc2351f{ip: 192.168.36.85, host: pr-hdds-2030-qphh4-572463921, networkLocation: /default-rack, certSerialId: null} moved to stale state. Finalizing its pipelines [PipelineID=e7ad2bd7-e3e6-451a-8241-153dfc5ffb20, PipelineID=78ae623d-d32c-40d8-996d-7cd27674f221]
2019-08-29 10:40:31,866 [EventQueue-StaleNodeForStaleNodeHandler] INFO  pipeline.SCMPipelineManager (SCMPipelineManager.java:finalizeAndDestroyPipeline(309)) - destroying pipeline:Pipeline[ Id: e7ad2bd7-e3e6-451a-8241-153dfc5ffb20, Nodes: 1855e8b4-a9bd-4f85-8e91-014fc8b1d06e{ip: 192.168.36.85, host: pr-hdds-2030-qphh4-572463921, networkLocation: /default-rack, certSerialId: null}7545bce7-93ef-4f06-9770-62cfbfc2351f{ip: 192.168.36.85, host: pr-hdds-2030-qphh4-572463921, networkLocation: /default-rack, certSerialId: null}cc7ea0fd-1792-4e1b-ad05-6dc2e4317dc6{ip: 192.168.36.85, host: pr-hdds-2030-qphh4-572463921, networkLocation: /default-rack, certSerialId: null}, Type:RATIS, Factor:THREE, State:CLOSED]
2019-08-29 10:40:31,866 [EventQueue-StaleNodeForStaleNodeHandler] INFO  pipeline.SCMPipelineManager (SCMPipelineManager.java:finalizeAndDestroyPipeline(309)) - destroying pipeline:Pipeline[ Id: 78ae623d-d32c-40d8-996d-7cd27674f221, Nodes: 7545bce7-93ef-4f06-9770-62cfbfc2351f{ip: 192.168.36.85, host: pr-hdds-2030-qphh4-572463921, networkLocation: /default-rack, certSerialId: null}, Type:RATIS, Factor:ONE, State:OPEN]
2019-08-29 10:40:31,866 [EventQueue-StaleNodeForStaleNodeHandler] INFO  pipeline.PipelineStateManager (PipelineStateManager.java:finalizePipeline(123)) - Pipeline Pipeline[ Id: 78ae623d-d32c-40d8-996d-7cd27674f221, Nodes: 7545bce7-93ef-4f06-9770-62cfbfc2351f{ip: 192.168.36.85, host: pr-hdds-2030-qphh4-572463921, networkLocation: /default-rack, certSerialId: null}, Type:RATIS, Factor:ONE, State:CLOSED] moved to CLOSED state
2019-08-29 10:40:31,926 | INFO  | SCMAudit | user=jenkins1000 | ip=192.168.36.85 | op=SEND_HEARTBEAT {datanodeUUID=3c5e1993-5d9c-4a62-8eec-bcc5ea1da144, command=[]} | ret=SUCCESS |  
2019-08-29 10:40:31,983 | INFO  | SCMAudit | user=jenkins1000 | ip=192.168.36.85 | op=SEND_HEARTBEAT {datanodeUUID=a170112d-9c23-4c7b-aee0-69d5a49805cc, command=[]} | ret=SUCCESS |  
2019-08-29 10:40:31,985 | INFO  | SCMAudit | user=jenkins1000 | ip=192.168.36.85 | op=SEND_HEARTBEAT {datanodeUUID=8a6508e2-5645-4a1e-9da7-1ef1efcd4444, command=[]} | ret=SUCCESS |  
2019-08-29 10:40:32,823 | INFO  | SCMAudit | user=jenkins1000 | ip=192.168.36.85 | op=SEND_HEARTBEAT {datanodeUUID=cc7ea0fd-1792-4e1b-ad05-6dc2e4317dc6, command=[]} | ret=SUCCESS |  
2019-08-29 10:40:32,850 | INFO  | SCMAudit | user=jenkins1000 | ip=192.168.36.85 | op=SEND_HEARTBEAT {datanodeUUID=f735bca4-7d54-4d9c-98f6-0865f198a97e, command=[]} | ret=SUCCESS |  
2019-08-29 10:40:32,927 | INFO  | SCMAudit | user=jenkins1000 | ip=192.168.36.85 | op=SEND_HEARTBEAT {datanodeUUID=3c5e1993-5d9c-4a62-8eec-bcc5ea1da144, command=[]} | ret=SUCCESS |  
2019-08-29 10:40:32,985 | INFO  | SCMAudit | user=jenkins1000 | ip=192.168.36.85 | op=SEND_HEARTBEAT {datanodeUUID=8a6508e2-5645-4a1e-9da7-1ef1efcd4444, command=[]} | ret=SUCCESS |  
2019-08-29 10:40:32,985 | INFO  | SCMAudit | user=jenkins1000 | ip=192.168.36.85 | op=SEND_HEARTBEAT {datanodeUUID=a170112d-9c23-4c7b-aee0-69d5a49805cc, command=[]} | ret=SUCCESS |  
2019-08-29 10:40:33,823 | INFO  | SCMAudit | user=jenkins1000 | ip=192.168.36.85 | op=SEND_HEARTBEAT {datanodeUUID=cc7ea0fd-1792-4e1b-ad05-6dc2e4317dc6, command=[]} | ret=SUCCESS |  
2019-08-29 10:40:33,850 | INFO  | SCMAudit | user=jenkins1000 | ip=192.168.36.85 | op=SEND_HEARTBEAT {datanodeUUID=f735bca4-7d54-4d9c-98f6-0865f198a97e, command=[]} | ret=SUCCESS |  
2019-08-29 10:40:33,927 | INFO  | SCMAudit | user=jenkins1000 | ip=192.168.36.85 | op=SEND_HEARTBEAT {datanodeUUID=3c5e1993-5d9c-4a62-8eec-bcc5ea1da144, command=[]} | ret=SUCCESS |  
2019-08-29 10:40:33,984 | INFO  | SCMAudit | user=jenkins1000 | ip=192.168.36.85 | op=SEND_HEARTBEAT {datanodeUUID=a170112d-9c23-4c7b-aee0-69d5a49805cc, command=[]} | ret=SUCCESS |  
2019-08-29 10:40:33,984 | INFO  | SCMAudit | user=jenkins1000 | ip=192.168.36.85 | op=SEND_HEARTBEAT {datanodeUUID=8a6508e2-5645-4a1e-9da7-1ef1efcd4444, command=[]} | ret=SUCCESS |  
2019-08-29 10:40:34,271 [main] INFO  ozoneimpl.OzoneContainer (OzoneContainer.java:stop(199)) - Attempting to stop container services.
2019-08-29 10:40:34,271 [main] INFO  impl.RaftServerProxy (RaftServerProxy.java:lambda$close$4(314)) - 7545bce7-93ef-4f06-9770-62cfbfc2351f: close
2019-08-29 10:40:34,272 [main] INFO  impl.RaftServerImpl (RaftServerImpl.java:lambda$shutdown$3(245)) - 7545bce7-93ef-4f06-9770-62cfbfc2351f: shutdown group-153DFC5FFB20
2019-08-29 10:40:34,272 [ForkJoinPool.commonPool-worker-1] INFO  impl.RaftServerImpl (RaftServerImpl.java:lambda$shutdown$3(245)) - 7545bce7-93ef-4f06-9770-62cfbfc2351f: shutdown group-7CD27674F221
2019-08-29 10:40:34,272 [main] INFO  util.JmxRegister (JmxRegister.java:unregister(73)) - Successfully un-registered JMX Bean with object name Ratis:service=RaftServer,group=group-153DFC5FFB20,id=7545bce7-93ef-4f06-9770-62cfbfc2351f
2019-08-29 10:40:34,273 [ForkJoinPool.commonPool-worker-1] INFO  util.JmxRegister (JmxRegister.java:unregister(73)) - Successfully un-registered JMX Bean with object name Ratis:service=RaftServer,group=group-7CD27674F221,id=7545bce7-93ef-4f06-9770-62cfbfc2351f
2019-08-29 10:40:34,273 [main] INFO  impl.RoleInfo (RoleInfo.java:shutdownFollowerState(121)) - 7545bce7-93ef-4f06-9770-62cfbfc2351f: shutdown FollowerState
2019-08-29 10:40:34,273 [ForkJoinPool.commonPool-worker-1] INFO  impl.RoleInfo (RoleInfo.java:shutdownLeaderState(104)) - 7545bce7-93ef-4f06-9770-62cfbfc2351f: shutdown LeaderState
2019-08-29 10:40:34,274 [StateMachineUpdater:7545bce7-93ef-4f06-9770-62cfbfc2351f:group-153DFC5FFB20] INFO  ratis.ContainerStateMachine (ContainerStateMachine.java:takeSnapshot(283)) - group-153DFC5FFB20: Taking a snapshot at:(t:2, i:6) file /workdir/hadoop-ozone/integration-test/target/test-dir/MiniOzoneClusterImpl-eeb9007c-4ead-46a3-8fbd-d0b93e736302/datanode-1/data/ratis/e7ad2bd7-e3e6-451a-8241-153dfc5ffb20/sm/snapshot.2_6
2019-08-29 10:40:34,274 [Thread-387] INFO  impl.FollowerState (FollowerState.java:run(114)) - 7545bce7-93ef-4f06-9770-62cfbfc2351f: FollowerState was interrupted: java.lang.InterruptedException: sleep interrupted
2019-08-29 10:40:34,273 [main] INFO  impl.StateMachineUpdater (StateMachineUpdater.java:stopAndJoin(115)) - StateMachineUpdater:7545bce7-93ef-4f06-9770-62cfbfc2351f:group-153DFC5FFB20: set stopIndex = 8
2019-08-29 10:40:34,274 [ForkJoinPool.commonPool-worker-1] INFO  impl.PendingRequests (PendingRequests.java:sendNotLeaderResponses(202)) - 7545bce7-93ef-4f06-9770-62cfbfc2351f-PendingRequests: sendNotLeaderResponses
2019-08-29 10:40:34,278 [ForkJoinPool.commonPool-worker-1] INFO  impl.StateMachineUpdater (StateMachineUpdater.java:stopAndJoin(115)) - StateMachineUpdater:7545bce7-93ef-4f06-9770-62cfbfc2351f:group-7CD27674F221: set stopIndex = 0
2019-08-29 10:40:34,279 [ForkJoinPool.commonPool-worker-1] INFO  impl.RaftServerImpl (ServerState.java:close(394)) - 7545bce7-93ef-4f06-9770-62cfbfc2351f:group-7CD27674F221 closes. The last applied log index is 0
2019-08-29 10:40:34,279 [7545bce7-93ef-4f06-9770-62cfbfc2351f-SegmentedRaftLogWorker:Storage Directory /workdir/hadoop-ozone/integration-test/target/test-dir/MiniOzoneClusterImpl-eeb9007c-4ead-46a3-8fbd-d0b93e736302/datanode-1/data/ratis/78ae623d-d32c-40d8-996d-7cd27674f221] INFO  segmented.SegmentedRaftLogWorker (SegmentedRaftLogWorker.java:run(313)) - 7545bce7-93ef-4f06-9770-62cfbfc2351f-SegmentedRaftLogWorker:Storage Directory /workdir/hadoop-ozone/integration-test/target/test-dir/MiniOzoneClusterImpl-eeb9007c-4ead-46a3-8fbd-d0b93e736302/datanode-1/data/ratis/78ae623d-d32c-40d8-996d-7cd27674f221 was interrupted, exiting. There are 0 tasks remaining in the queue.
2019-08-29 10:40:34,282 [ForkJoinPool.commonPool-worker-1] INFO  segmented.SegmentedRaftLogWorker (SegmentedRaftLogWorker.java:close(228)) - 7545bce7-93ef-4f06-9770-62cfbfc2351f-SegmentedRaftLogWorker:Storage Directory /workdir/hadoop-ozone/integration-test/target/test-dir/MiniOzoneClusterImpl-eeb9007c-4ead-46a3-8fbd-d0b93e736302/datanode-1/data/ratis/78ae623d-d32c-40d8-996d-7cd27674f221 close()
2019-08-29 10:40:34,286 [StateMachineUpdater:7545bce7-93ef-4f06-9770-62cfbfc2351f:group-153DFC5FFB20] INFO  ratis.ContainerStateMachine (ContainerStateMachine.java:takeSnapshot(294)) - group-153DFC5FFB20: Finished taking a snapshot at:(t:2, i:6) file:/workdir/hadoop-ozone/integration-test/target/test-dir/MiniOzoneClusterImpl-eeb9007c-4ead-46a3-8fbd-d0b93e736302/datanode-1/data/ratis/e7ad2bd7-e3e6-451a-8241-153dfc5ffb20/sm/snapshot.2_6 time:12
2019-08-29 10:40:34,286 [StateMachineUpdater:7545bce7-93ef-4f06-9770-62cfbfc2351f:group-153DFC5FFB20] INFO  impl.StateMachineUpdater (StateMachineUpdater.java:takeSnapshot(242)) - StateMachineUpdater:7545bce7-93ef-4f06-9770-62cfbfc2351f:group-153DFC5FFB20: Took a snapshot at index 6
2019-08-29 10:40:34,286 [StateMachineUpdater:7545bce7-93ef-4f06-9770-62cfbfc2351f:group-153DFC5FFB20] INFO  impl.StateMachineUpdater (StateMachineUpdater.java:lambda$new$0(80)) - StateMachineUpdater:7545bce7-93ef-4f06-9770-62cfbfc2351f:group-153DFC5FFB20: snapshotIndex: updateIncreasingly -1 -> 6
2019-08-29 10:40:34,287 [main] INFO  impl.RaftServerImpl (ServerState.java:close(394)) - 7545bce7-93ef-4f06-9770-62cfbfc2351f:group-153DFC5FFB20 closes. The last applied log index is 8
2019-08-29 10:40:34,287 [7545bce7-93ef-4f06-9770-62cfbfc2351f-SegmentedRaftLogWorker:Storage Directory /workdir/hadoop-ozone/integration-test/target/test-dir/MiniOzoneClusterImpl-eeb9007c-4ead-46a3-8fbd-d0b93e736302/datanode-1/data/ratis/e7ad2bd7-e3e6-451a-8241-153dfc5ffb20] INFO  segmented.SegmentedRaftLogWorker (SegmentedRaftLogWorker.java:run(313)) - 7545bce7-93ef-4f06-9770-62cfbfc2351f-SegmentedRaftLogWorker:Storage Directory /workdir/hadoop-ozone/integration-test/target/test-dir/MiniOzoneClusterImpl-eeb9007c-4ead-46a3-8fbd-d0b93e736302/datanode-1/data/ratis/e7ad2bd7-e3e6-451a-8241-153dfc5ffb20 was interrupted, exiting. There are 0 tasks remaining in the queue.
2019-08-29 10:40:34,290 [main] INFO  segmented.SegmentedRaftLogWorker (SegmentedRaftLogWorker.java:close(228)) - 7545bce7-93ef-4f06-9770-62cfbfc2351f-SegmentedRaftLogWorker:Storage Directory /workdir/hadoop-ozone/integration-test/target/test-dir/MiniOzoneClusterImpl-eeb9007c-4ead-46a3-8fbd-d0b93e736302/datanode-1/data/ratis/e7ad2bd7-e3e6-451a-8241-153dfc5ffb20 close()
2019-08-29 10:40:34,293 [main] INFO  server.GrpcService (GrpcService.java:closeImpl(155)) - 7545bce7-93ef-4f06-9770-62cfbfc2351f: shutdown server with port 35286 now
2019-08-29 10:40:34,298 [main] INFO  server.GrpcService (GrpcService.java:closeImpl(163)) - 7545bce7-93ef-4f06-9770-62cfbfc2351f: shutdown server with port 35286 successfully
2019-08-29 10:40:34,299 [main] INFO  utils.BackgroundService (BackgroundService.java:shutdown(148)) - Shutting down service BlockDeletingService
2019-08-29 10:40:34,300 [refreshUsed-/workdir/hadoop-ozone/integration-test/target/test-dir/MiniOzoneClusterImpl-eeb9007c-4ead-46a3-8fbd-d0b93e736302/datanode-1/data/containers] WARN  fs.CachingGetSpaceUsed (CachingGetSpaceUsed.java:run(183)) - Thread Interrupted waiting to refresh disk information: sleep interrupted
2019-08-29 10:40:34,323 [main] INFO  statemachine.DatanodeStateMachine (DatanodeStateMachine.java:stopDaemon(395)) - Ozone container server stopped.
2019-08-29 10:40:34,324 [main] INFO  handler.ContextHandler (ContextHandler.java:doStop(910)) - Stopped o.e.j.w.WebAppContext@4b41587d{/,null,UNAVAILABLE}{/hddsDatanode}
2019-08-29 10:40:34,325 [main] INFO  server.AbstractConnector (AbstractConnector.java:doStop(318)) - Stopped ServerConnector@4aebee4b{HTTP/1.1,[http/1.1]}{0.0.0.0:0}
2019-08-29 10:40:34,325 [main] INFO  handler.ContextHandler (ContextHandler.java:doStop(910)) - Stopped o.e.j.s.ServletContextHandler@46a795de{/static,jar:file:/home/user/.m2/repository/org/apache/hadoop/hadoop-hdds-container-service/0.5.0-SNAPSHOT/hadoop-hdds-container-service-0.5.0-SNAPSHOT.jar!/webapps/static,UNAVAILABLE}
2019-08-29 10:40:34,325 [main] INFO  handler.ContextHandler (ContextHandler.java:doStop(910)) - Stopped o.e.j.s.ServletContextHandler@5e1a986c{/logs,file:///workdir/hadoop-ozone/integration-test/target/log,UNAVAILABLE}
]]></system-out>
  </testcase>
</testsuite>