<?xml version="1.0" encoding="UTF-8"?>
<testsuite xmlns:xsi="http://www.w3.org/2001/XMLSchema-instance" xsi:noNamespaceSchemaLocation="https://maven.apache.org/surefire/maven-surefire-plugin/xsd/surefire-test-report.xsd" name="org.apache.hadoop.ozone.client.rpc.TestOzoneClientRetriesOnException" time="382.894" tests="2" errors="1" skipped="0" failures="0">
  <properties>
    <property name="awt.toolkit" value="sun.awt.X11.XToolkit"/>
    <property name="file.encoding.pkg" value="sun.io"/>
    <property name="java.specification.version" value="1.8"/>
    <property name="sun.cpu.isalist" value=""/>
    <property name="sun.jnu.encoding" value="UTF-8"/>
    <property name="java.class.path" value="/workdir/hadoop-ozone/integration-test/target/test-classes:/workdir/hadoop-ozone/integration-test/target/classes:/home/user/.m2/repository/org/apache/hadoop/hadoop-ozone-common/0.5.0-SNAPSHOT/hadoop-ozone-common-0.5.0-SNAPSHOT.jar:/home/user/.m2/repository/org/apache/commons/commons-compress/1.4.1/commons-compress-1.4.1.jar:/home/user/.m2/repository/org/tukaani/xz/1.0/xz-1.0.jar:/home/user/.m2/repository/org/apache/hadoop/hadoop-common/3.2.0/hadoop-common-3.2.0.jar:/home/user/.m2/repository/org/apache/hadoop/hadoop-hdfs/3.2.0/hadoop-hdfs-3.2.0.jar:/home/user/.m2/repository/org/apache/hadoop/hadoop-hdfs-client/3.2.0/hadoop-hdfs-client-3.2.0.jar:/home/user/.m2/repository/com/fasterxml/jackson/core/jackson-annotations/2.9.5/jackson-annotations-2.9.5.jar:/home/user/.m2/repository/org/apache/hadoop/hadoop-hdds-common/0.5.0-SNAPSHOT/hadoop-hdds-common-0.5.0-SNAPSHOT.jar:/home/user/.m2/repository/javax/annotation/javax.annotation-api/1.2/javax.annotation-api-1.2.jar:/home/user/.m2/repository/org/apache/ratis/ratis-server/0.4.0-2337318-SNAPSHOT/ratis-server-0.4.0-2337318-SNAPSHOT.jar:/home/user/.m2/repository/org/apache/ratis/ratis-thirdparty-misc/0.2.0/ratis-thirdparty-misc-0.2.0.jar:/home/user/.m2/repository/org/apache/ratis/ratis-proto/0.4.0-2337318-SNAPSHOT/ratis-proto-0.4.0-2337318-SNAPSHOT.jar:/home/user/.m2/repository/org/apache/ratis/ratis-common/0.4.0-2337318-SNAPSHOT/ratis-common-0.4.0-2337318-SNAPSHOT.jar:/home/user/.m2/repository/org/apache/ratis/ratis-client/0.4.0-2337318-SNAPSHOT/ratis-client-0.4.0-2337318-SNAPSHOT.jar:/home/user/.m2/repository/org/apache/ratis/ratis-metrics/0.4.0-2337318-SNAPSHOT/ratis-metrics-0.4.0-2337318-SNAPSHOT.jar:/home/user/.m2/repository/org/apache/ratis/ratis-netty/0.4.0-2337318-SNAPSHOT/ratis-netty-0.4.0-2337318-SNAPSHOT.jar:/home/user/.m2/repository/org/apache/ratis/ratis-grpc/0.4.0-2337318-SNAPSHOT/ratis-grpc-0.4.0-2337318-SNAPSHOT.jar:/home/user/.m2/repository/org/rocksdb/rocksdbjni/6.0.1/rocksdbjni-6.0.1.jar:/home/user/.m2/repository/org/apache/logging/log4j/log4j-api/2.11.0/log4j-api-2.11.0.jar:/home/user/.m2/repository/org/apache/logging/log4j/log4j-core/2.11.0/log4j-core-2.11.0.jar:/home/user/.m2/repository/com/lmax/disruptor/3.4.2/disruptor-3.4.2.jar:/home/user/.m2/repository/org/apache/commons/commons-pool2/2.6.0/commons-pool2-2.6.0.jar:/home/user/.m2/repository/org/bouncycastle/bcpkix-jdk15on/1.60/bcpkix-jdk15on-1.60.jar:/home/user/.m2/repository/commons-validator/commons-validator/1.6/commons-validator-1.6.jar:/home/user/.m2/repository/commons-digester/commons-digester/1.8.1/commons-digester-1.8.1.jar:/home/user/.m2/repository/io/jaegertracing/jaeger-client/0.33.1/jaeger-client-0.33.1.jar:/home/user/.m2/repository/io/jaegertracing/jaeger-thrift/0.33.1/jaeger-thrift-0.33.1.jar:/home/user/.m2/repository/org/apache/thrift/libthrift/0.11.0/libthrift-0.11.0.jar:/home/user/.m2/repository/com/squareup/okhttp3/okhttp/3.9.0/okhttp-3.9.0.jar:/home/user/.m2/repository/com/squareup/okio/okio/1.13.0/okio-1.13.0.jar:/home/user/.m2/repository/io/jaegertracing/jaeger-core/0.33.1/jaeger-core-0.33.1.jar:/home/user/.m2/repository/io/jaegertracing/jaeger-tracerresolver/0.33.1/jaeger-tracerresolver-0.33.1.jar:/home/user/.m2/repository/io/opentracing/contrib/opentracing-tracerresolver/0.1.5/opentracing-tracerresolver-0.1.5.jar:/home/user/.m2/repository/io/opentracing/opentracing-util/0.31.0/opentracing-util-0.31.0.jar:/home/user/.m2/repository/io/opentracing/opentracing-api/0.31.0/opentracing-api-0.31.0.jar:/home/user/.m2/repository/io/opentracing/opentracing-noop/0.31.0/opentracing-noop-0.31.0.jar:/home/user/.m2/repository/org/apache/hadoop/hadoop-hdds-server-framework/0.5.0-SNAPSHOT/hadoop-hdds-server-framework-0.5.0-SNAPSHOT.jar:/home/user/.m2/repository/org/apache/hadoop/hadoop-hdds-container-service/0.5.0-SNAPSHOT/hadoop-hdds-container-service-0.5.0-SNAPSHOT.jar:/home/user/.m2/repository/org/apache/hadoop/hadoop-hdds-client/0.5.0-SNAPSHOT/hadoop-hdds-client-0.5.0-SNAPSHOT.jar:/home/user/.m2/repository/org/apache/hadoop/hadoop-hdds-tools/0.5.0-SNAPSHOT/hadoop-hdds-tools-0.5.0-SNAPSHOT.jar:/home/user/.m2/repository/org/apache/hadoop/hadoop-hdds-server-scm/0.5.0-SNAPSHOT/hadoop-hdds-server-scm-0.5.0-SNAPSHOT.jar:/home/user/.m2/repository/org/apache/hadoop/hadoop-hdds-docs/0.5.0-SNAPSHOT/hadoop-hdds-docs-0.5.0-SNAPSHOT.jar:/home/user/.m2/repository/io/dropwizard/metrics/metrics-core/3.2.4/metrics-core-3.2.4.jar:/home/user/.m2/repository/org/hamcrest/hamcrest-all/1.3/hamcrest-all-1.3.jar:/home/user/.m2/repository/org/bouncycastle/bcprov-jdk15on/1.60/bcprov-jdk15on-1.60.jar:/home/user/.m2/repository/info/picocli/picocli/3.9.6/picocli-3.9.6.jar:/home/user/.m2/repository/com/google/protobuf/protobuf-java/2.5.0/protobuf-java-2.5.0.jar:/home/user/.m2/repository/com/google/guava/guava/11.0.2/guava-11.0.2.jar:/home/user/.m2/repository/org/apache/hadoop/hadoop-ozone-ozone-manager/0.5.0-SNAPSHOT/hadoop-ozone-ozone-manager-0.5.0-SNAPSHOT.jar:/home/user/.m2/repository/org/apache/hadoop/hadoop-minikdc/3.2.0/hadoop-minikdc-3.2.0.jar:/home/user/.m2/repository/commons-io/commons-io/2.5/commons-io-2.5.jar:/home/user/.m2/repository/org/apache/kerby/kerb-simplekdc/1.0.1/kerb-simplekdc-1.0.1.jar:/home/user/.m2/repository/org/apache/kerby/kerb-client/1.0.1/kerb-client-1.0.1.jar:/home/user/.m2/repository/org/apache/kerby/kerby-config/1.0.1/kerby-config-1.0.1.jar:/home/user/.m2/repository/org/apache/kerby/kerb-core/1.0.1/kerb-core-1.0.1.jar:/home/user/.m2/repository/org/apache/kerby/kerby-pkix/1.0.1/kerby-pkix-1.0.1.jar:/home/user/.m2/repository/org/apache/kerby/kerby-asn1/1.0.1/kerby-asn1-1.0.1.jar:/home/user/.m2/repository/org/apache/kerby/kerby-util/1.0.1/kerby-util-1.0.1.jar:/home/user/.m2/repository/org/apache/kerby/kerb-common/1.0.1/kerb-common-1.0.1.jar:/home/user/.m2/repository/org/apache/kerby/kerb-crypto/1.0.1/kerb-crypto-1.0.1.jar:/home/user/.m2/repository/org/apache/kerby/kerb-util/1.0.1/kerb-util-1.0.1.jar:/home/user/.m2/repository/org/apache/kerby/token-provider/1.0.1/token-provider-1.0.1.jar:/home/user/.m2/repository/org/apache/kerby/kerb-admin/1.0.1/kerb-admin-1.0.1.jar:/home/user/.m2/repository/org/apache/kerby/kerb-server/1.0.1/kerb-server-1.0.1.jar:/home/user/.m2/repository/org/apache/kerby/kerb-identity/1.0.1/kerb-identity-1.0.1.jar:/home/user/.m2/repository/org/apache/kerby/kerby-xdr/1.0.1/kerby-xdr-1.0.1.jar:/home/user/.m2/repository/org/slf4j/slf4j-log4j12/1.7.25/slf4j-log4j12-1.7.25.jar:/home/user/.m2/repository/org/apache/hadoop/hadoop-ozone-s3gateway/0.5.0-SNAPSHOT/hadoop-ozone-s3gateway-0.5.0-SNAPSHOT.jar:/home/user/.m2/repository/org/jboss/weld/servlet/weld-servlet/2.4.7.Final/weld-servlet-2.4.7.Final.jar:/home/user/.m2/repository/org/glassfish/jersey/containers/jersey-container-servlet-core/2.27/jersey-container-servlet-core-2.27.jar:/home/user/.m2/repository/org/glassfish/hk2/external/javax.inject/2.5.0-b42/javax.inject-2.5.0-b42.jar:/home/user/.m2/repository/org/glassfish/jersey/core/jersey-common/2.27/jersey-common-2.27.jar:/home/user/.m2/repository/org/glassfish/hk2/osgi-resource-locator/1.0.1/osgi-resource-locator-1.0.1.jar:/home/user/.m2/repository/javax/ws/rs/javax.ws.rs-api/2.1/javax.ws.rs-api-2.1.jar:/home/user/.m2/repository/org/glassfish/jersey/ext/cdi/jersey-cdi1x/2.27/jersey-cdi1x-2.27.jar:/home/user/.m2/repository/org/glassfish/jersey/inject/jersey-hk2/2.27/jersey-hk2-2.27.jar:/home/user/.m2/repository/org/glassfish/hk2/hk2-locator/2.5.0-b42/hk2-locator-2.5.0-b42.jar:/home/user/.m2/repository/org/javassist/javassist/3.22.0-CR2/javassist-3.22.0-CR2.jar:/home/user/.m2/repository/org/glassfish/hk2/hk2-api/2.5.0/hk2-api-2.5.0.jar:/home/user/.m2/repository/org/glassfish/hk2/external/jakarta.inject/2.5.0/jakarta.inject-2.5.0.jar:/home/user/.m2/repository/org/glassfish/hk2/hk2-utils/2.5.0/hk2-utils-2.5.0.jar:/home/user/.m2/repository/jakarta/annotation/jakarta.annotation-api/1.3.4/jakarta.annotation-api-1.3.4.jar:/home/user/.m2/repository/org/glassfish/hk2/external/aopalliance-repackaged/2.5.0/aopalliance-repackaged-2.5.0.jar:/home/user/.m2/repository/com/fasterxml/jackson/dataformat/jackson-dataformat-xml/2.9.0/jackson-dataformat-xml-2.9.0.jar:/home/user/.m2/repository/com/fasterxml/jackson/core/jackson-core/2.9.5/jackson-core-2.9.5.jar:/home/user/.m2/repository/com/fasterxml/jackson/module/jackson-module-jaxb-annotations/2.9.5/jackson-module-jaxb-annotations-2.9.5.jar:/home/user/.m2/repository/javax/enterprise/cdi-api/1.2/cdi-api-1.2.jar:/home/user/.m2/repository/javax/el/javax.el-api/3.0.0/javax.el-api-3.0.0.jar:/home/user/.m2/repository/javax/interceptor/javax.interceptor-api/1.2/javax.interceptor-api-1.2.jar:/home/user/.m2/repository/javax/inject/javax.inject/1/javax.inject-1.jar:/home/user/.m2/repository/com/sun/xml/bind/jaxb-impl/2.3.0.1/jaxb-impl-2.3.0.1.jar:/home/user/.m2/repository/com/sun/xml/bind/jaxb-core/2.3.0.1/jaxb-core-2.3.0.1.jar:/home/user/.m2/repository/javax/xml/bind/jaxb-api/2.3.0/jaxb-api-2.3.0.jar:/home/user/.m2/repository/javax/activation/activation/1.1.1/activation-1.1.1.jar:/home/user/.m2/repository/org/apache/hadoop/hadoop-ozone-csi/0.5.0-SNAPSHOT/hadoop-ozone-csi-0.5.0-SNAPSHOT.jar:/home/user/.m2/repository/com/google/protobuf/protobuf-java-util/3.5.1/protobuf-java-util-3.5.1.jar:/home/user/.m2/repository/org/apache/hadoop/hadoop-hdds-config/0.5.0-SNAPSHOT/hadoop-hdds-config-0.5.0-SNAPSHOT.jar:/home/user/.m2/repository/io/grpc/grpc-netty/1.17.1/grpc-netty-1.17.1.jar:/home/user/.m2/repository/io/grpc/grpc-core/1.17.1/grpc-core-1.17.1.jar:/home/user/.m2/repository/io/grpc/grpc-context/1.17.1/grpc-context-1.17.1.jar:/home/user/.m2/repository/com/google/errorprone/error_prone_annotations/2.2.0/error_prone_annotations-2.2.0.jar:/home/user/.m2/repository/org/codehaus/mojo/animal-sniffer-annotations/1.17/animal-sniffer-annotations-1.17.jar:/home/user/.m2/repository/io/opencensus/opencensus-api/0.17.0/opencensus-api-0.17.0.jar:/home/user/.m2/repository/io/opencensus/opencensus-contrib-grpc-metrics/0.17.0/opencensus-contrib-grpc-metrics-0.17.0.jar:/home/user/.m2/repository/io/netty/netty-codec-http2/4.1.30.Final/netty-codec-http2-4.1.30.Final.jar:/home/user/.m2/repository/io/netty/netty-codec-http/4.1.30.Final/netty-codec-http-4.1.30.Final.jar:/home/user/.m2/repository/io/netty/netty-codec/4.1.30.Final/netty-codec-4.1.30.Final.jar:/home/user/.m2/repository/io/netty/netty-handler/4.1.30.Final/netty-handler-4.1.30.Final.jar:/home/user/.m2/repository/io/netty/netty-handler-proxy/4.1.30.Final/netty-handler-proxy-4.1.30.Final.jar:/home/user/.m2/repository/io/netty/netty-codec-socks/4.1.30.Final/netty-codec-socks-4.1.30.Final.jar:/home/user/.m2/repository/io/netty/netty-transport-native-epoll/4.1.30.Final/netty-transport-native-epoll-4.1.30.Final.jar:/home/user/.m2/repository/io/netty/netty-common/4.1.30.Final/netty-common-4.1.30.Final.jar:/home/user/.m2/repository/io/netty/netty-buffer/4.1.30.Final/netty-buffer-4.1.30.Final.jar:/home/user/.m2/repository/io/netty/netty-transport/4.1.30.Final/netty-transport-4.1.30.Final.jar:/home/user/.m2/repository/io/netty/netty-resolver/4.1.30.Final/netty-resolver-4.1.30.Final.jar:/home/user/.m2/repository/io/netty/netty-transport-native-unix-common/4.1.30.Final/netty-transport-native-unix-common-4.1.30.Final.jar:/home/user/.m2/repository/io/grpc/grpc-protobuf/1.17.1/grpc-protobuf-1.17.1.jar:/home/user/.m2/repository/com/google/api/grpc/proto-google-common-protos/1.0.0/proto-google-common-protos-1.0.0.jar:/home/user/.m2/repository/io/grpc/grpc-protobuf-lite/1.17.1/grpc-protobuf-lite-1.17.1.jar:/home/user/.m2/repository/io/grpc/grpc-stub/1.17.1/grpc-stub-1.17.1.jar:/home/user/.m2/repository/org/apache/hadoop/hadoop-ozone-recon/0.5.0-SNAPSHOT/hadoop-ozone-recon-0.5.0-SNAPSHOT.jar:/home/user/.m2/repository/org/apache/hadoop/hadoop-ozone-reconcodegen/0.5.0-SNAPSHOT/hadoop-ozone-reconcodegen-0.5.0-SNAPSHOT.jar:/home/user/.m2/repository/com/google/inject/extensions/guice-multibindings/4.0/guice-multibindings-4.0.jar:/home/user/.m2/repository/com/google/inject/guice/4.0/guice-4.0.jar:/home/user/.m2/repository/aopalliance/aopalliance/1.0/aopalliance-1.0.jar:/home/user/.m2/repository/com/google/inject/extensions/guice-servlet/4.0/guice-servlet-4.0.jar:/home/user/.m2/repository/org/glassfish/jersey/containers/jersey-container-servlet/2.27/jersey-container-servlet-2.27.jar:/home/user/.m2/repository/org/glassfish/hk2/guice-bridge/2.5.0/guice-bridge-2.5.0.jar:/home/user/.m2/repository/org/glassfish/jersey/core/jersey-server/2.27/jersey-server-2.27.jar:/home/user/.m2/repository/org/glassfish/jersey/core/jersey-client/2.27/jersey-client-2.27.jar:/home/user/.m2/repository/org/glassfish/jersey/media/jersey-media-jaxb/2.27/jersey-media-jaxb-2.27.jar:/home/user/.m2/repository/javax/validation/validation-api/1.1.0.Final/validation-api-1.1.0.Final.jar:/home/user/.m2/repository/org/glassfish/jersey/media/jersey-media-json-jackson/2.27/jersey-media-json-jackson-2.27.jar:/home/user/.m2/repository/org/glassfish/jersey/ext/jersey-entity-filtering/2.27/jersey-entity-filtering-2.27.jar:/home/user/.m2/repository/com/google/inject/extensions/guice-assistedinject/4.0/guice-assistedinject-4.0.jar:/home/user/.m2/repository/org/jooq/jooq/3.11.10/jooq-3.11.10.jar:/home/user/.m2/repository/org/jooq/jooq-meta/3.11.10/jooq-meta-3.11.10.jar:/home/user/.m2/repository/org/jooq/jooq-codegen/3.11.10/jooq-codegen-3.11.10.jar:/home/user/.m2/repository/com/jolbox/bonecp/0.8.0.RELEASE/bonecp-0.8.0.RELEASE.jar:/home/user/.m2/repository/org/xerial/sqlite-jdbc/3.25.2/sqlite-jdbc-3.25.2.jar:/home/user/.m2/repository/org/springframework/spring-jdbc/5.1.3.RELEASE/spring-jdbc-5.1.3.RELEASE.jar:/home/user/.m2/repository/org/springframework/spring-beans/5.1.3.RELEASE/spring-beans-5.1.3.RELEASE.jar:/home/user/.m2/repository/org/springframework/spring-core/5.1.3.RELEASE/spring-core-5.1.3.RELEASE.jar:/home/user/.m2/repository/org/springframework/spring-jcl/5.1.3.RELEASE/spring-jcl-5.1.3.RELEASE.jar:/home/user/.m2/repository/org/springframework/spring-tx/5.1.3.RELEASE/spring-tx-5.1.3.RELEASE.jar:/home/user/.m2/repository/org/apache/hadoop/hadoop-ozone-client/0.5.0-SNAPSHOT/hadoop-ozone-client-0.5.0-SNAPSHOT.jar:/home/user/.m2/repository/commons-lang/commons-lang/2.6/commons-lang-2.6.jar:/home/user/.m2/repository/org/apache/hadoop/hadoop-ozone-ozone-manager/0.5.0-SNAPSHOT/hadoop-ozone-ozone-manager-0.5.0-SNAPSHOT-tests.jar:/home/user/.m2/repository/junit/junit/4.11/junit-4.11.jar:/home/user/.m2/repository/org/hamcrest/hamcrest-core/1.3/hamcrest-core-1.3.jar:/home/user/.m2/repository/org/openjdk/jmh/jmh-core/1.19/jmh-core-1.19.jar:/home/user/.m2/repository/net/sf/jopt-simple/jopt-simple/4.6/jopt-simple-4.6.jar:/home/user/.m2/repository/org/apache/commons/commons-math3/3.1.1/commons-math3-3.1.1.jar:/home/user/.m2/repository/org/openjdk/jmh/jmh-generator-annprocess/1.19/jmh-generator-annprocess-1.19.jar:/home/user/.m2/repository/org/mockito/mockito-all/1.8.5/mockito-all-1.8.5.jar:/home/user/.m2/repository/org/apache/hadoop/hadoop-kms/3.2.0/hadoop-kms-3.2.0.jar:/home/user/.m2/repository/org/apache/hadoop/hadoop-auth/3.2.0/hadoop-auth-3.2.0.jar:/home/user/.m2/repository/com/nimbusds/nimbus-jose-jwt/4.41.1/nimbus-jose-jwt-4.41.1.jar:/home/user/.m2/repository/com/github/stephenc/jcip/jcip-annotations/1.0-1/jcip-annotations-1.0-1.jar:/home/user/.m2/repository/net/minidev/json-smart/2.3/json-smart-2.3.jar:/home/user/.m2/repository/net/minidev/accessors-smart/1.2/accessors-smart-1.2.jar:/home/user/.m2/repository/org/ow2/asm/asm/5.0.4/asm-5.0.4.jar:/home/user/.m2/repository/org/apache/curator/curator-framework/2.12.0/curator-framework-2.12.0.jar:/home/user/.m2/repository/com/sun/jersey/jersey-core/1.19/jersey-core-1.19.jar:/home/user/.m2/repository/javax/ws/rs/jsr311-api/1.1.1/jsr311-api-1.1.1.jar:/home/user/.m2/repository/com/sun/jersey/jersey-server/1.19/jersey-server-1.19.jar:/home/user/.m2/repository/javax/servlet/javax.servlet-api/3.1.0/javax.servlet-api-3.1.0.jar:/home/user/.m2/repository/org/eclipse/jetty/jetty-server/9.3.24.v20180605/jetty-server-9.3.24.v20180605.jar:/home/user/.m2/repository/org/eclipse/jetty/jetty-http/9.3.24.v20180605/jetty-http-9.3.24.v20180605.jar:/home/user/.m2/repository/org/eclipse/jetty/jetty-io/9.3.24.v20180605/jetty-io-9.3.24.v20180605.jar:/home/user/.m2/repository/org/eclipse/jetty/jetty-webapp/9.3.24.v20180605/jetty-webapp-9.3.24.v20180605.jar:/home/user/.m2/repository/org/eclipse/jetty/jetty-xml/9.3.24.v20180605/jetty-xml-9.3.24.v20180605.jar:/home/user/.m2/repository/log4j/log4j/1.2.17/log4j-1.2.17.jar:/home/user/.m2/repository/org/slf4j/slf4j-api/1.7.25/slf4j-api-1.7.25.jar:/home/user/.m2/repository/org/slf4j/jul-to-slf4j/1.7.25/jul-to-slf4j-1.7.25.jar:/home/user/.m2/repository/org/eclipse/jetty/jetty-util/9.3.24.v20180605/jetty-util-9.3.24.v20180605.jar:/home/user/.m2/repository/com/fasterxml/jackson/core/jackson-databind/2.9.5/jackson-databind-2.9.5.jar:/home/user/.m2/repository/org/apache/hadoop/hadoop-kms/3.2.0/hadoop-kms-3.2.0-tests.jar:/home/user/.m2/repository/org/apache/hadoop/hadoop-hdds-server-scm/0.5.0-SNAPSHOT/hadoop-hdds-server-scm-0.5.0-SNAPSHOT-tests.jar:/home/user/.m2/repository/org/apache/hadoop/hadoop-hdds-container-service/0.5.0-SNAPSHOT/hadoop-hdds-container-service-0.5.0-SNAPSHOT-tests.jar:/home/user/.m2/repository/org/yaml/snakeyaml/1.16/snakeyaml-1.16.jar:/home/user/.m2/repository/org/apache/hadoop/hadoop-common/3.2.0/hadoop-common-3.2.0-tests.jar:/home/user/.m2/repository/org/apache/hadoop/hadoop-annotations/3.2.0/hadoop-annotations-3.2.0.jar:/usr/lib/jvm/java-1.8-openjdk/jre/../lib/tools.jar:/home/user/.m2/repository/commons-cli/commons-cli/1.2/commons-cli-1.2.jar:/home/user/.m2/repository/org/apache/httpcomponents/httpclient/4.5.2/httpclient-4.5.2.jar:/home/user/.m2/repository/org/apache/httpcomponents/httpcore/4.4.4/httpcore-4.4.4.jar:/home/user/.m2/repository/commons-codec/commons-codec/1.11/commons-codec-1.11.jar:/home/user/.m2/repository/commons-net/commons-net/3.6/commons-net-3.6.jar:/home/user/.m2/repository/commons-collections/commons-collections/3.2.2/commons-collections-3.2.2.jar:/home/user/.m2/repository/org/eclipse/jetty/jetty-servlet/9.3.24.v20180605/jetty-servlet-9.3.24.v20180605.jar:/home/user/.m2/repository/org/eclipse/jetty/jetty-security/9.3.24.v20180605/jetty-security-9.3.24.v20180605.jar:/home/user/.m2/repository/javax/servlet/jsp/jsp-api/2.1/jsp-api-2.1.jar:/home/user/.m2/repository/com/sun/jersey/jersey-servlet/1.19/jersey-servlet-1.19.jar:/home/user/.m2/repository/com/sun/jersey/jersey-json/1.19/jersey-json-1.19.jar:/home/user/.m2/repository/org/codehaus/jettison/jettison/1.1/jettison-1.1.jar:/home/user/.m2/repository/org/codehaus/jackson/jackson-core-asl/1.9.13/jackson-core-asl-1.9.13.jar:/home/user/.m2/repository/org/codehaus/jackson/jackson-mapper-asl/1.9.13/jackson-mapper-asl-1.9.13.jar:/home/user/.m2/repository/org/codehaus/jackson/jackson-jaxrs/1.9.13/jackson-jaxrs-1.9.13.jar:/home/user/.m2/repository/org/codehaus/jackson/jackson-xc/1.9.13/jackson-xc-1.9.13.jar:/home/user/.m2/repository/commons-logging/commons-logging/1.1.3/commons-logging-1.1.3.jar:/home/user/.m2/repository/commons-beanutils/commons-beanutils/1.9.3/commons-beanutils-1.9.3.jar:/home/user/.m2/repository/org/apache/commons/commons-configuration2/2.1.1/commons-configuration2-2.1.1.jar:/home/user/.m2/repository/org/apache/commons/commons-lang3/3.7/commons-lang3-3.7.jar:/home/user/.m2/repository/org/apache/commons/commons-text/1.4/commons-text-1.4.jar:/home/user/.m2/repository/org/apache/avro/avro/1.7.7/avro-1.7.7.jar:/home/user/.m2/repository/com/thoughtworks/paranamer/paranamer/2.3/paranamer-2.3.jar:/home/user/.m2/repository/org/xerial/snappy/snappy-java/1.0.5/snappy-java-1.0.5.jar:/home/user/.m2/repository/com/google/re2j/re2j/1.1/re2j-1.1.jar:/home/user/.m2/repository/com/google/code/gson/gson/2.2.4/gson-2.2.4.jar:/home/user/.m2/repository/com/jcraft/jsch/0.1.54/jsch-0.1.54.jar:/home/user/.m2/repository/org/apache/curator/curator-client/2.12.0/curator-client-2.12.0.jar:/home/user/.m2/repository/org/apache/curator/curator-recipes/2.12.0/curator-recipes-2.12.0.jar:/home/user/.m2/repository/com/google/code/findbugs/jsr305/3.0.0/jsr305-3.0.0.jar:/home/user/.m2/repository/org/apache/htrace/htrace-core4/4.1.0-incubating/htrace-core4-4.1.0-incubating.jar:/home/user/.m2/repository/org/apache/zookeeper/zookeeper/3.4.13/zookeeper-3.4.13.jar:/home/user/.m2/repository/org/apache/yetus/audience-annotations/0.5.0/audience-annotations-0.5.0.jar:/home/user/.m2/repository/org/codehaus/woodstox/stax2-api/3.1.4/stax2-api-3.1.4.jar:/home/user/.m2/repository/com/fasterxml/woodstox/woodstox-core/5.0.3/woodstox-core-5.0.3.jar:/home/user/.m2/repository/dnsjava/dnsjava/2.1.7/dnsjava-2.1.7.jar:/home/user/.m2/repository/org/apache/hadoop/hadoop-hdfs/3.2.0/hadoop-hdfs-3.2.0-tests.jar:/home/user/.m2/repository/org/eclipse/jetty/jetty-util-ajax/9.3.24.v20180605/jetty-util-ajax-9.3.24.v20180605.jar:/home/user/.m2/repository/commons-daemon/commons-daemon/1.0.13/commons-daemon-1.0.13.jar:/home/user/.m2/repository/io/netty/netty/3.10.5.Final/netty-3.10.5.Final.jar:/home/user/.m2/repository/io/netty/netty-all/4.0.52.Final/netty-all-4.0.52.Final.jar:/home/user/.m2/repository/org/fusesource/leveldbjni/leveldbjni-all/1.8/leveldbjni-all-1.8.jar:"/>
    <property name="java.vm.vendor" value="IcedTea"/>
    <property name="sun.arch.data.model" value="64"/>
    <property name="test.build.dir" value="/workdir/hadoop-ozone/integration-test/target/test-dir"/>
    <property name="test.cache.data" value=""/>
    <property name="java.vendor.url" value="https://icedtea.classpath.org"/>
    <property name="user.timezone" value=""/>
    <property name="java.vm.specification.version" value="1.8"/>
    <property name="os.name" value="Linux"/>
    <property name="test.build.data" value="/workdir/hadoop-ozone/integration-test/target/test-dir"/>
    <property name="user.country" value="US"/>
    <property name="sun.java.launcher" value="SUN_STANDARD"/>
    <property name="sun.boot.library.path" value="/usr/lib/jvm/java-1.8-openjdk/jre/lib/amd64"/>
    <property name="sun.java.command" value="/workdir/hadoop-ozone/integration-test/target/surefire/surefirebooter2913631451828062366.jar /workdir/hadoop-ozone/integration-test/target/surefire 2019-09-03T12-31-51_680-jvmRun1 surefire8522769772015632578tmp surefire_532574552208201283132tmp"/>
    <property name="test" value="!TestMiniChaosOzoneCluster"/>
    <property name="surefire.test.class.path" value="/workdir/hadoop-ozone/integration-test/target/test-classes:/workdir/hadoop-ozone/integration-test/target/classes:/home/user/.m2/repository/org/apache/hadoop/hadoop-ozone-common/0.5.0-SNAPSHOT/hadoop-ozone-common-0.5.0-SNAPSHOT.jar:/home/user/.m2/repository/org/apache/commons/commons-compress/1.4.1/commons-compress-1.4.1.jar:/home/user/.m2/repository/org/tukaani/xz/1.0/xz-1.0.jar:/home/user/.m2/repository/org/apache/hadoop/hadoop-common/3.2.0/hadoop-common-3.2.0.jar:/home/user/.m2/repository/org/apache/hadoop/hadoop-hdfs/3.2.0/hadoop-hdfs-3.2.0.jar:/home/user/.m2/repository/org/apache/hadoop/hadoop-hdfs-client/3.2.0/hadoop-hdfs-client-3.2.0.jar:/home/user/.m2/repository/com/fasterxml/jackson/core/jackson-annotations/2.9.5/jackson-annotations-2.9.5.jar:/home/user/.m2/repository/org/apache/hadoop/hadoop-hdds-common/0.5.0-SNAPSHOT/hadoop-hdds-common-0.5.0-SNAPSHOT.jar:/home/user/.m2/repository/javax/annotation/javax.annotation-api/1.2/javax.annotation-api-1.2.jar:/home/user/.m2/repository/org/apache/ratis/ratis-server/0.4.0-2337318-SNAPSHOT/ratis-server-0.4.0-2337318-SNAPSHOT.jar:/home/user/.m2/repository/org/apache/ratis/ratis-thirdparty-misc/0.2.0/ratis-thirdparty-misc-0.2.0.jar:/home/user/.m2/repository/org/apache/ratis/ratis-proto/0.4.0-2337318-SNAPSHOT/ratis-proto-0.4.0-2337318-SNAPSHOT.jar:/home/user/.m2/repository/org/apache/ratis/ratis-common/0.4.0-2337318-SNAPSHOT/ratis-common-0.4.0-2337318-SNAPSHOT.jar:/home/user/.m2/repository/org/apache/ratis/ratis-client/0.4.0-2337318-SNAPSHOT/ratis-client-0.4.0-2337318-SNAPSHOT.jar:/home/user/.m2/repository/org/apache/ratis/ratis-metrics/0.4.0-2337318-SNAPSHOT/ratis-metrics-0.4.0-2337318-SNAPSHOT.jar:/home/user/.m2/repository/org/apache/ratis/ratis-netty/0.4.0-2337318-SNAPSHOT/ratis-netty-0.4.0-2337318-SNAPSHOT.jar:/home/user/.m2/repository/org/apache/ratis/ratis-grpc/0.4.0-2337318-SNAPSHOT/ratis-grpc-0.4.0-2337318-SNAPSHOT.jar:/home/user/.m2/repository/org/rocksdb/rocksdbjni/6.0.1/rocksdbjni-6.0.1.jar:/home/user/.m2/repository/org/apache/logging/log4j/log4j-api/2.11.0/log4j-api-2.11.0.jar:/home/user/.m2/repository/org/apache/logging/log4j/log4j-core/2.11.0/log4j-core-2.11.0.jar:/home/user/.m2/repository/com/lmax/disruptor/3.4.2/disruptor-3.4.2.jar:/home/user/.m2/repository/org/apache/commons/commons-pool2/2.6.0/commons-pool2-2.6.0.jar:/home/user/.m2/repository/org/bouncycastle/bcpkix-jdk15on/1.60/bcpkix-jdk15on-1.60.jar:/home/user/.m2/repository/commons-validator/commons-validator/1.6/commons-validator-1.6.jar:/home/user/.m2/repository/commons-digester/commons-digester/1.8.1/commons-digester-1.8.1.jar:/home/user/.m2/repository/io/jaegertracing/jaeger-client/0.33.1/jaeger-client-0.33.1.jar:/home/user/.m2/repository/io/jaegertracing/jaeger-thrift/0.33.1/jaeger-thrift-0.33.1.jar:/home/user/.m2/repository/org/apache/thrift/libthrift/0.11.0/libthrift-0.11.0.jar:/home/user/.m2/repository/com/squareup/okhttp3/okhttp/3.9.0/okhttp-3.9.0.jar:/home/user/.m2/repository/com/squareup/okio/okio/1.13.0/okio-1.13.0.jar:/home/user/.m2/repository/io/jaegertracing/jaeger-core/0.33.1/jaeger-core-0.33.1.jar:/home/user/.m2/repository/io/jaegertracing/jaeger-tracerresolver/0.33.1/jaeger-tracerresolver-0.33.1.jar:/home/user/.m2/repository/io/opentracing/contrib/opentracing-tracerresolver/0.1.5/opentracing-tracerresolver-0.1.5.jar:/home/user/.m2/repository/io/opentracing/opentracing-util/0.31.0/opentracing-util-0.31.0.jar:/home/user/.m2/repository/io/opentracing/opentracing-api/0.31.0/opentracing-api-0.31.0.jar:/home/user/.m2/repository/io/opentracing/opentracing-noop/0.31.0/opentracing-noop-0.31.0.jar:/home/user/.m2/repository/org/apache/hadoop/hadoop-hdds-server-framework/0.5.0-SNAPSHOT/hadoop-hdds-server-framework-0.5.0-SNAPSHOT.jar:/home/user/.m2/repository/org/apache/hadoop/hadoop-hdds-container-service/0.5.0-SNAPSHOT/hadoop-hdds-container-service-0.5.0-SNAPSHOT.jar:/home/user/.m2/repository/org/apache/hadoop/hadoop-hdds-client/0.5.0-SNAPSHOT/hadoop-hdds-client-0.5.0-SNAPSHOT.jar:/home/user/.m2/repository/org/apache/hadoop/hadoop-hdds-tools/0.5.0-SNAPSHOT/hadoop-hdds-tools-0.5.0-SNAPSHOT.jar:/home/user/.m2/repository/org/apache/hadoop/hadoop-hdds-server-scm/0.5.0-SNAPSHOT/hadoop-hdds-server-scm-0.5.0-SNAPSHOT.jar:/home/user/.m2/repository/org/apache/hadoop/hadoop-hdds-docs/0.5.0-SNAPSHOT/hadoop-hdds-docs-0.5.0-SNAPSHOT.jar:/home/user/.m2/repository/io/dropwizard/metrics/metrics-core/3.2.4/metrics-core-3.2.4.jar:/home/user/.m2/repository/org/hamcrest/hamcrest-all/1.3/hamcrest-all-1.3.jar:/home/user/.m2/repository/org/bouncycastle/bcprov-jdk15on/1.60/bcprov-jdk15on-1.60.jar:/home/user/.m2/repository/info/picocli/picocli/3.9.6/picocli-3.9.6.jar:/home/user/.m2/repository/com/google/protobuf/protobuf-java/2.5.0/protobuf-java-2.5.0.jar:/home/user/.m2/repository/com/google/guava/guava/11.0.2/guava-11.0.2.jar:/home/user/.m2/repository/org/apache/hadoop/hadoop-ozone-ozone-manager/0.5.0-SNAPSHOT/hadoop-ozone-ozone-manager-0.5.0-SNAPSHOT.jar:/home/user/.m2/repository/org/apache/hadoop/hadoop-minikdc/3.2.0/hadoop-minikdc-3.2.0.jar:/home/user/.m2/repository/commons-io/commons-io/2.5/commons-io-2.5.jar:/home/user/.m2/repository/org/apache/kerby/kerb-simplekdc/1.0.1/kerb-simplekdc-1.0.1.jar:/home/user/.m2/repository/org/apache/kerby/kerb-client/1.0.1/kerb-client-1.0.1.jar:/home/user/.m2/repository/org/apache/kerby/kerby-config/1.0.1/kerby-config-1.0.1.jar:/home/user/.m2/repository/org/apache/kerby/kerb-core/1.0.1/kerb-core-1.0.1.jar:/home/user/.m2/repository/org/apache/kerby/kerby-pkix/1.0.1/kerby-pkix-1.0.1.jar:/home/user/.m2/repository/org/apache/kerby/kerby-asn1/1.0.1/kerby-asn1-1.0.1.jar:/home/user/.m2/repository/org/apache/kerby/kerby-util/1.0.1/kerby-util-1.0.1.jar:/home/user/.m2/repository/org/apache/kerby/kerb-common/1.0.1/kerb-common-1.0.1.jar:/home/user/.m2/repository/org/apache/kerby/kerb-crypto/1.0.1/kerb-crypto-1.0.1.jar:/home/user/.m2/repository/org/apache/kerby/kerb-util/1.0.1/kerb-util-1.0.1.jar:/home/user/.m2/repository/org/apache/kerby/token-provider/1.0.1/token-provider-1.0.1.jar:/home/user/.m2/repository/org/apache/kerby/kerb-admin/1.0.1/kerb-admin-1.0.1.jar:/home/user/.m2/repository/org/apache/kerby/kerb-server/1.0.1/kerb-server-1.0.1.jar:/home/user/.m2/repository/org/apache/kerby/kerb-identity/1.0.1/kerb-identity-1.0.1.jar:/home/user/.m2/repository/org/apache/kerby/kerby-xdr/1.0.1/kerby-xdr-1.0.1.jar:/home/user/.m2/repository/org/slf4j/slf4j-log4j12/1.7.25/slf4j-log4j12-1.7.25.jar:/home/user/.m2/repository/org/apache/hadoop/hadoop-ozone-s3gateway/0.5.0-SNAPSHOT/hadoop-ozone-s3gateway-0.5.0-SNAPSHOT.jar:/home/user/.m2/repository/org/jboss/weld/servlet/weld-servlet/2.4.7.Final/weld-servlet-2.4.7.Final.jar:/home/user/.m2/repository/org/glassfish/jersey/containers/jersey-container-servlet-core/2.27/jersey-container-servlet-core-2.27.jar:/home/user/.m2/repository/org/glassfish/hk2/external/javax.inject/2.5.0-b42/javax.inject-2.5.0-b42.jar:/home/user/.m2/repository/org/glassfish/jersey/core/jersey-common/2.27/jersey-common-2.27.jar:/home/user/.m2/repository/org/glassfish/hk2/osgi-resource-locator/1.0.1/osgi-resource-locator-1.0.1.jar:/home/user/.m2/repository/javax/ws/rs/javax.ws.rs-api/2.1/javax.ws.rs-api-2.1.jar:/home/user/.m2/repository/org/glassfish/jersey/ext/cdi/jersey-cdi1x/2.27/jersey-cdi1x-2.27.jar:/home/user/.m2/repository/org/glassfish/jersey/inject/jersey-hk2/2.27/jersey-hk2-2.27.jar:/home/user/.m2/repository/org/glassfish/hk2/hk2-locator/2.5.0-b42/hk2-locator-2.5.0-b42.jar:/home/user/.m2/repository/org/javassist/javassist/3.22.0-CR2/javassist-3.22.0-CR2.jar:/home/user/.m2/repository/org/glassfish/hk2/hk2-api/2.5.0/hk2-api-2.5.0.jar:/home/user/.m2/repository/org/glassfish/hk2/external/jakarta.inject/2.5.0/jakarta.inject-2.5.0.jar:/home/user/.m2/repository/org/glassfish/hk2/hk2-utils/2.5.0/hk2-utils-2.5.0.jar:/home/user/.m2/repository/jakarta/annotation/jakarta.annotation-api/1.3.4/jakarta.annotation-api-1.3.4.jar:/home/user/.m2/repository/org/glassfish/hk2/external/aopalliance-repackaged/2.5.0/aopalliance-repackaged-2.5.0.jar:/home/user/.m2/repository/com/fasterxml/jackson/dataformat/jackson-dataformat-xml/2.9.0/jackson-dataformat-xml-2.9.0.jar:/home/user/.m2/repository/com/fasterxml/jackson/core/jackson-core/2.9.5/jackson-core-2.9.5.jar:/home/user/.m2/repository/com/fasterxml/jackson/module/jackson-module-jaxb-annotations/2.9.5/jackson-module-jaxb-annotations-2.9.5.jar:/home/user/.m2/repository/javax/enterprise/cdi-api/1.2/cdi-api-1.2.jar:/home/user/.m2/repository/javax/el/javax.el-api/3.0.0/javax.el-api-3.0.0.jar:/home/user/.m2/repository/javax/interceptor/javax.interceptor-api/1.2/javax.interceptor-api-1.2.jar:/home/user/.m2/repository/javax/inject/javax.inject/1/javax.inject-1.jar:/home/user/.m2/repository/com/sun/xml/bind/jaxb-impl/2.3.0.1/jaxb-impl-2.3.0.1.jar:/home/user/.m2/repository/com/sun/xml/bind/jaxb-core/2.3.0.1/jaxb-core-2.3.0.1.jar:/home/user/.m2/repository/javax/xml/bind/jaxb-api/2.3.0/jaxb-api-2.3.0.jar:/home/user/.m2/repository/javax/activation/activation/1.1.1/activation-1.1.1.jar:/home/user/.m2/repository/org/apache/hadoop/hadoop-ozone-csi/0.5.0-SNAPSHOT/hadoop-ozone-csi-0.5.0-SNAPSHOT.jar:/home/user/.m2/repository/com/google/protobuf/protobuf-java-util/3.5.1/protobuf-java-util-3.5.1.jar:/home/user/.m2/repository/org/apache/hadoop/hadoop-hdds-config/0.5.0-SNAPSHOT/hadoop-hdds-config-0.5.0-SNAPSHOT.jar:/home/user/.m2/repository/io/grpc/grpc-netty/1.17.1/grpc-netty-1.17.1.jar:/home/user/.m2/repository/io/grpc/grpc-core/1.17.1/grpc-core-1.17.1.jar:/home/user/.m2/repository/io/grpc/grpc-context/1.17.1/grpc-context-1.17.1.jar:/home/user/.m2/repository/com/google/errorprone/error_prone_annotations/2.2.0/error_prone_annotations-2.2.0.jar:/home/user/.m2/repository/org/codehaus/mojo/animal-sniffer-annotations/1.17/animal-sniffer-annotations-1.17.jar:/home/user/.m2/repository/io/opencensus/opencensus-api/0.17.0/opencensus-api-0.17.0.jar:/home/user/.m2/repository/io/opencensus/opencensus-contrib-grpc-metrics/0.17.0/opencensus-contrib-grpc-metrics-0.17.0.jar:/home/user/.m2/repository/io/netty/netty-codec-http2/4.1.30.Final/netty-codec-http2-4.1.30.Final.jar:/home/user/.m2/repository/io/netty/netty-codec-http/4.1.30.Final/netty-codec-http-4.1.30.Final.jar:/home/user/.m2/repository/io/netty/netty-codec/4.1.30.Final/netty-codec-4.1.30.Final.jar:/home/user/.m2/repository/io/netty/netty-handler/4.1.30.Final/netty-handler-4.1.30.Final.jar:/home/user/.m2/repository/io/netty/netty-handler-proxy/4.1.30.Final/netty-handler-proxy-4.1.30.Final.jar:/home/user/.m2/repository/io/netty/netty-codec-socks/4.1.30.Final/netty-codec-socks-4.1.30.Final.jar:/home/user/.m2/repository/io/netty/netty-transport-native-epoll/4.1.30.Final/netty-transport-native-epoll-4.1.30.Final.jar:/home/user/.m2/repository/io/netty/netty-common/4.1.30.Final/netty-common-4.1.30.Final.jar:/home/user/.m2/repository/io/netty/netty-buffer/4.1.30.Final/netty-buffer-4.1.30.Final.jar:/home/user/.m2/repository/io/netty/netty-transport/4.1.30.Final/netty-transport-4.1.30.Final.jar:/home/user/.m2/repository/io/netty/netty-resolver/4.1.30.Final/netty-resolver-4.1.30.Final.jar:/home/user/.m2/repository/io/netty/netty-transport-native-unix-common/4.1.30.Final/netty-transport-native-unix-common-4.1.30.Final.jar:/home/user/.m2/repository/io/grpc/grpc-protobuf/1.17.1/grpc-protobuf-1.17.1.jar:/home/user/.m2/repository/com/google/api/grpc/proto-google-common-protos/1.0.0/proto-google-common-protos-1.0.0.jar:/home/user/.m2/repository/io/grpc/grpc-protobuf-lite/1.17.1/grpc-protobuf-lite-1.17.1.jar:/home/user/.m2/repository/io/grpc/grpc-stub/1.17.1/grpc-stub-1.17.1.jar:/home/user/.m2/repository/org/apache/hadoop/hadoop-ozone-recon/0.5.0-SNAPSHOT/hadoop-ozone-recon-0.5.0-SNAPSHOT.jar:/home/user/.m2/repository/org/apache/hadoop/hadoop-ozone-reconcodegen/0.5.0-SNAPSHOT/hadoop-ozone-reconcodegen-0.5.0-SNAPSHOT.jar:/home/user/.m2/repository/com/google/inject/extensions/guice-multibindings/4.0/guice-multibindings-4.0.jar:/home/user/.m2/repository/com/google/inject/guice/4.0/guice-4.0.jar:/home/user/.m2/repository/aopalliance/aopalliance/1.0/aopalliance-1.0.jar:/home/user/.m2/repository/com/google/inject/extensions/guice-servlet/4.0/guice-servlet-4.0.jar:/home/user/.m2/repository/org/glassfish/jersey/containers/jersey-container-servlet/2.27/jersey-container-servlet-2.27.jar:/home/user/.m2/repository/org/glassfish/hk2/guice-bridge/2.5.0/guice-bridge-2.5.0.jar:/home/user/.m2/repository/org/glassfish/jersey/core/jersey-server/2.27/jersey-server-2.27.jar:/home/user/.m2/repository/org/glassfish/jersey/core/jersey-client/2.27/jersey-client-2.27.jar:/home/user/.m2/repository/org/glassfish/jersey/media/jersey-media-jaxb/2.27/jersey-media-jaxb-2.27.jar:/home/user/.m2/repository/javax/validation/validation-api/1.1.0.Final/validation-api-1.1.0.Final.jar:/home/user/.m2/repository/org/glassfish/jersey/media/jersey-media-json-jackson/2.27/jersey-media-json-jackson-2.27.jar:/home/user/.m2/repository/org/glassfish/jersey/ext/jersey-entity-filtering/2.27/jersey-entity-filtering-2.27.jar:/home/user/.m2/repository/com/google/inject/extensions/guice-assistedinject/4.0/guice-assistedinject-4.0.jar:/home/user/.m2/repository/org/jooq/jooq/3.11.10/jooq-3.11.10.jar:/home/user/.m2/repository/org/jooq/jooq-meta/3.11.10/jooq-meta-3.11.10.jar:/home/user/.m2/repository/org/jooq/jooq-codegen/3.11.10/jooq-codegen-3.11.10.jar:/home/user/.m2/repository/com/jolbox/bonecp/0.8.0.RELEASE/bonecp-0.8.0.RELEASE.jar:/home/user/.m2/repository/org/xerial/sqlite-jdbc/3.25.2/sqlite-jdbc-3.25.2.jar:/home/user/.m2/repository/org/springframework/spring-jdbc/5.1.3.RELEASE/spring-jdbc-5.1.3.RELEASE.jar:/home/user/.m2/repository/org/springframework/spring-beans/5.1.3.RELEASE/spring-beans-5.1.3.RELEASE.jar:/home/user/.m2/repository/org/springframework/spring-core/5.1.3.RELEASE/spring-core-5.1.3.RELEASE.jar:/home/user/.m2/repository/org/springframework/spring-jcl/5.1.3.RELEASE/spring-jcl-5.1.3.RELEASE.jar:/home/user/.m2/repository/org/springframework/spring-tx/5.1.3.RELEASE/spring-tx-5.1.3.RELEASE.jar:/home/user/.m2/repository/org/apache/hadoop/hadoop-ozone-client/0.5.0-SNAPSHOT/hadoop-ozone-client-0.5.0-SNAPSHOT.jar:/home/user/.m2/repository/commons-lang/commons-lang/2.6/commons-lang-2.6.jar:/home/user/.m2/repository/org/apache/hadoop/hadoop-ozone-ozone-manager/0.5.0-SNAPSHOT/hadoop-ozone-ozone-manager-0.5.0-SNAPSHOT-tests.jar:/home/user/.m2/repository/junit/junit/4.11/junit-4.11.jar:/home/user/.m2/repository/org/hamcrest/hamcrest-core/1.3/hamcrest-core-1.3.jar:/home/user/.m2/repository/org/openjdk/jmh/jmh-core/1.19/jmh-core-1.19.jar:/home/user/.m2/repository/net/sf/jopt-simple/jopt-simple/4.6/jopt-simple-4.6.jar:/home/user/.m2/repository/org/apache/commons/commons-math3/3.1.1/commons-math3-3.1.1.jar:/home/user/.m2/repository/org/openjdk/jmh/jmh-generator-annprocess/1.19/jmh-generator-annprocess-1.19.jar:/home/user/.m2/repository/org/mockito/mockito-all/1.8.5/mockito-all-1.8.5.jar:/home/user/.m2/repository/org/apache/hadoop/hadoop-kms/3.2.0/hadoop-kms-3.2.0.jar:/home/user/.m2/repository/org/apache/hadoop/hadoop-auth/3.2.0/hadoop-auth-3.2.0.jar:/home/user/.m2/repository/com/nimbusds/nimbus-jose-jwt/4.41.1/nimbus-jose-jwt-4.41.1.jar:/home/user/.m2/repository/com/github/stephenc/jcip/jcip-annotations/1.0-1/jcip-annotations-1.0-1.jar:/home/user/.m2/repository/net/minidev/json-smart/2.3/json-smart-2.3.jar:/home/user/.m2/repository/net/minidev/accessors-smart/1.2/accessors-smart-1.2.jar:/home/user/.m2/repository/org/ow2/asm/asm/5.0.4/asm-5.0.4.jar:/home/user/.m2/repository/org/apache/curator/curator-framework/2.12.0/curator-framework-2.12.0.jar:/home/user/.m2/repository/com/sun/jersey/jersey-core/1.19/jersey-core-1.19.jar:/home/user/.m2/repository/javax/ws/rs/jsr311-api/1.1.1/jsr311-api-1.1.1.jar:/home/user/.m2/repository/com/sun/jersey/jersey-server/1.19/jersey-server-1.19.jar:/home/user/.m2/repository/javax/servlet/javax.servlet-api/3.1.0/javax.servlet-api-3.1.0.jar:/home/user/.m2/repository/org/eclipse/jetty/jetty-server/9.3.24.v20180605/jetty-server-9.3.24.v20180605.jar:/home/user/.m2/repository/org/eclipse/jetty/jetty-http/9.3.24.v20180605/jetty-http-9.3.24.v20180605.jar:/home/user/.m2/repository/org/eclipse/jetty/jetty-io/9.3.24.v20180605/jetty-io-9.3.24.v20180605.jar:/home/user/.m2/repository/org/eclipse/jetty/jetty-webapp/9.3.24.v20180605/jetty-webapp-9.3.24.v20180605.jar:/home/user/.m2/repository/org/eclipse/jetty/jetty-xml/9.3.24.v20180605/jetty-xml-9.3.24.v20180605.jar:/home/user/.m2/repository/log4j/log4j/1.2.17/log4j-1.2.17.jar:/home/user/.m2/repository/org/slf4j/slf4j-api/1.7.25/slf4j-api-1.7.25.jar:/home/user/.m2/repository/org/slf4j/jul-to-slf4j/1.7.25/jul-to-slf4j-1.7.25.jar:/home/user/.m2/repository/org/eclipse/jetty/jetty-util/9.3.24.v20180605/jetty-util-9.3.24.v20180605.jar:/home/user/.m2/repository/com/fasterxml/jackson/core/jackson-databind/2.9.5/jackson-databind-2.9.5.jar:/home/user/.m2/repository/org/apache/hadoop/hadoop-kms/3.2.0/hadoop-kms-3.2.0-tests.jar:/home/user/.m2/repository/org/apache/hadoop/hadoop-hdds-server-scm/0.5.0-SNAPSHOT/hadoop-hdds-server-scm-0.5.0-SNAPSHOT-tests.jar:/home/user/.m2/repository/org/apache/hadoop/hadoop-hdds-container-service/0.5.0-SNAPSHOT/hadoop-hdds-container-service-0.5.0-SNAPSHOT-tests.jar:/home/user/.m2/repository/org/yaml/snakeyaml/1.16/snakeyaml-1.16.jar:/home/user/.m2/repository/org/apache/hadoop/hadoop-common/3.2.0/hadoop-common-3.2.0-tests.jar:/home/user/.m2/repository/org/apache/hadoop/hadoop-annotations/3.2.0/hadoop-annotations-3.2.0.jar:/usr/lib/jvm/java-1.8-openjdk/jre/../lib/tools.jar:/home/user/.m2/repository/commons-cli/commons-cli/1.2/commons-cli-1.2.jar:/home/user/.m2/repository/org/apache/httpcomponents/httpclient/4.5.2/httpclient-4.5.2.jar:/home/user/.m2/repository/org/apache/httpcomponents/httpcore/4.4.4/httpcore-4.4.4.jar:/home/user/.m2/repository/commons-codec/commons-codec/1.11/commons-codec-1.11.jar:/home/user/.m2/repository/commons-net/commons-net/3.6/commons-net-3.6.jar:/home/user/.m2/repository/commons-collections/commons-collections/3.2.2/commons-collections-3.2.2.jar:/home/user/.m2/repository/org/eclipse/jetty/jetty-servlet/9.3.24.v20180605/jetty-servlet-9.3.24.v20180605.jar:/home/user/.m2/repository/org/eclipse/jetty/jetty-security/9.3.24.v20180605/jetty-security-9.3.24.v20180605.jar:/home/user/.m2/repository/javax/servlet/jsp/jsp-api/2.1/jsp-api-2.1.jar:/home/user/.m2/repository/com/sun/jersey/jersey-servlet/1.19/jersey-servlet-1.19.jar:/home/user/.m2/repository/com/sun/jersey/jersey-json/1.19/jersey-json-1.19.jar:/home/user/.m2/repository/org/codehaus/jettison/jettison/1.1/jettison-1.1.jar:/home/user/.m2/repository/org/codehaus/jackson/jackson-core-asl/1.9.13/jackson-core-asl-1.9.13.jar:/home/user/.m2/repository/org/codehaus/jackson/jackson-mapper-asl/1.9.13/jackson-mapper-asl-1.9.13.jar:/home/user/.m2/repository/org/codehaus/jackson/jackson-jaxrs/1.9.13/jackson-jaxrs-1.9.13.jar:/home/user/.m2/repository/org/codehaus/jackson/jackson-xc/1.9.13/jackson-xc-1.9.13.jar:/home/user/.m2/repository/commons-logging/commons-logging/1.1.3/commons-logging-1.1.3.jar:/home/user/.m2/repository/commons-beanutils/commons-beanutils/1.9.3/commons-beanutils-1.9.3.jar:/home/user/.m2/repository/org/apache/commons/commons-configuration2/2.1.1/commons-configuration2-2.1.1.jar:/home/user/.m2/repository/org/apache/commons/commons-lang3/3.7/commons-lang3-3.7.jar:/home/user/.m2/repository/org/apache/commons/commons-text/1.4/commons-text-1.4.jar:/home/user/.m2/repository/org/apache/avro/avro/1.7.7/avro-1.7.7.jar:/home/user/.m2/repository/com/thoughtworks/paranamer/paranamer/2.3/paranamer-2.3.jar:/home/user/.m2/repository/org/xerial/snappy/snappy-java/1.0.5/snappy-java-1.0.5.jar:/home/user/.m2/repository/com/google/re2j/re2j/1.1/re2j-1.1.jar:/home/user/.m2/repository/com/google/code/gson/gson/2.2.4/gson-2.2.4.jar:/home/user/.m2/repository/com/jcraft/jsch/0.1.54/jsch-0.1.54.jar:/home/user/.m2/repository/org/apache/curator/curator-client/2.12.0/curator-client-2.12.0.jar:/home/user/.m2/repository/org/apache/curator/curator-recipes/2.12.0/curator-recipes-2.12.0.jar:/home/user/.m2/repository/com/google/code/findbugs/jsr305/3.0.0/jsr305-3.0.0.jar:/home/user/.m2/repository/org/apache/htrace/htrace-core4/4.1.0-incubating/htrace-core4-4.1.0-incubating.jar:/home/user/.m2/repository/org/apache/zookeeper/zookeeper/3.4.13/zookeeper-3.4.13.jar:/home/user/.m2/repository/org/apache/yetus/audience-annotations/0.5.0/audience-annotations-0.5.0.jar:/home/user/.m2/repository/org/codehaus/woodstox/stax2-api/3.1.4/stax2-api-3.1.4.jar:/home/user/.m2/repository/com/fasterxml/woodstox/woodstox-core/5.0.3/woodstox-core-5.0.3.jar:/home/user/.m2/repository/dnsjava/dnsjava/2.1.7/dnsjava-2.1.7.jar:/home/user/.m2/repository/org/apache/hadoop/hadoop-hdfs/3.2.0/hadoop-hdfs-3.2.0-tests.jar:/home/user/.m2/repository/org/eclipse/jetty/jetty-util-ajax/9.3.24.v20180605/jetty-util-ajax-9.3.24.v20180605.jar:/home/user/.m2/repository/commons-daemon/commons-daemon/1.0.13/commons-daemon-1.0.13.jar:/home/user/.m2/repository/io/netty/netty/3.10.5.Final/netty-3.10.5.Final.jar:/home/user/.m2/repository/io/netty/netty-all/4.0.52.Final/netty-all-4.0.52.Final.jar:/home/user/.m2/repository/org/fusesource/leveldbjni/leveldbjni-all/1.8/leveldbjni-all-1.8.jar:"/>
    <property name="sun.cpu.endian" value="little"/>
    <property name="user.home" value="/home/user"/>
    <property name="user.language" value="en"/>
    <property name="java.specification.vendor" value="Oracle Corporation"/>
    <property name="java.home" value="/usr/lib/jvm/java-1.8-openjdk/jre"/>
    <property name="java.security.krb5.conf" value="/workdir/hadoop-ozone/integration-test/target/test-classes/krb5.conf"/>
    <property name="basedir" value="/workdir/hadoop-ozone/integration-test"/>
    <property name="file.separator" value="/"/>
    <property name="line.separator" value="&#10;"/>
    <property name="java.vm.specification.vendor" value="Oracle Corporation"/>
    <property name="java.specification.name" value="Java Platform API Specification"/>
    <property name="java.awt.graphicsenv" value="sun.awt.X11GraphicsEnvironment"/>
    <property name="surefire.real.class.path" value="/workdir/hadoop-ozone/integration-test/target/surefire/surefirebooter2913631451828062366.jar"/>
    <property name="hadoop.log.dir" value="/workdir/hadoop-ozone/integration-test/target/log"/>
    <property name="sun.boot.class.path" value="/usr/lib/jvm/java-1.8-openjdk/jre/lib/resources.jar:/usr/lib/jvm/java-1.8-openjdk/jre/lib/rt.jar:/usr/lib/jvm/java-1.8-openjdk/jre/lib/sunrsasign.jar:/usr/lib/jvm/java-1.8-openjdk/jre/lib/jsse.jar:/usr/lib/jvm/java-1.8-openjdk/jre/lib/jce.jar:/usr/lib/jvm/java-1.8-openjdk/jre/lib/charsets.jar:/usr/lib/jvm/java-1.8-openjdk/jre/lib/jfr.jar:/usr/lib/jvm/java-1.8-openjdk/jre/classes"/>
    <property name="sun.management.compiler" value="HotSpot 64-Bit Tiered Compilers"/>
    <property name="java.runtime.version" value="1.8.0_212-b04"/>
    <property name="java.net.preferIPv4Stack" value="true"/>
    <property name="user.name" value="jenkins1000"/>
    <property name="path.separator" value=":"/>
    <property name="java.security.egd" value="file:///dev/urandom"/>
    <property name="os.version" value="3.10.0-957.12.2.el7.x86_64"/>
    <property name="java.endorsed.dirs" value="/usr/lib/jvm/java-1.8-openjdk/jre/lib/endorsed"/>
    <property name="java.runtime.name" value="OpenJDK Runtime Environment"/>
    <property name="file.encoding" value="UTF-8"/>
    <property name="java.vm.name" value="OpenJDK 64-Bit Server VM"/>
    <property name="test.build.webapps" value=""/>
    <property name="localRepository" value="/home/user/.m2/repository"/>
    <property name="java.vendor.url.bug" value="https://icedtea.classpath.org/bugzilla"/>
    <property name="java.io.tmpdir" value="/tmp"/>
    <property name="require.test.libhadoop" value=""/>
    <property name="java.version" value="1.8.0_212"/>
    <property name="user.dir" value="/workdir/hadoop-ozone/integration-test"/>
    <property name="os.arch" value="amd64"/>
    <property name="java.vm.specification.name" value="Java Virtual Machine Specification"/>
    <property name="test.build.classes" value="/workdir/hadoop-ozone/integration-test/target/test-classes"/>
    <property name="java.awt.printerjob" value="sun.print.PSPrinterJob"/>
    <property name="sun.os.patch.level" value="unknown"/>
    <property name="hadoop.tmp.dir" value="/workdir/hadoop-ozone/integration-test/target/tmp"/>
    <property name="java.library.path" value="/usr/lib/jvm/java-1.8-openjdk/jre/lib/amd64/server:/usr/lib/jvm/java-1.8-openjdk/jre/lib/amd64:/usr/lib/jvm/java-1.8-openjdk/jre/../lib/amd64:/workdir/hadoop-ozone/integration-test/target/native/target/usr/local/lib:/workdir/hadoop-ozone/integration-test/../../hadoop-common-project/hadoop-common/target/native/target/usr/local/lib:/usr/java/packages/lib/amd64:/usr/lib64:/lib64:/lib:/usr/lib"/>
    <property name="java.vm.info" value="mixed mode"/>
    <property name="java.vendor" value="IcedTea"/>
    <property name="java.vm.version" value="25.212-b04"/>
    <property name="java.ext.dirs" value="/usr/lib/jvm/java-1.8-openjdk/jre/lib/ext:/usr/java/packages/lib/ext"/>
    <property name="sun.io.unicode.encoding" value="UnicodeLittle"/>
    <property name="java.class.version" value="52.0"/>
  </properties>
  <testcase name="testGroupMismatchExceptionHandling" classname="org.apache.hadoop.ozone.client.rpc.TestOzoneClientRetriesOnException" time="43.297"/>
  <testcase name="testMaxRetriesByOzoneClient" classname="org.apache.hadoop.ozone.client.rpc.TestOzoneClientRetriesOnException" time="339.331">
    <error message="Failed to command cmdType: CreateContainer&#10;containerID: 1&#10;datanodeUuid: &quot;64eb636b-e622-44a3-83bf-2cb002fcd160&quot;&#10;createContainer {&#10;}&#10;" type="java.io.IOException">java.io.IOException: 
Failed to command cmdType: CreateContainer
containerID: 1
datanodeUuid: "64eb636b-e622-44a3-83bf-2cb002fcd160"
createContainer {
}

	at org.apache.hadoop.hdds.scm.XceiverClientSpi.sendCommand(XceiverClientSpi.java:113)
	at org.apache.hadoop.ozone.client.rpc.TestOzoneClientRetriesOnException.testMaxRetriesByOzoneClient(TestOzoneClientRetriesOnException.java:190)
	at sun.reflect.NativeMethodAccessorImpl.invoke0(Native Method)
	at sun.reflect.NativeMethodAccessorImpl.invoke(NativeMethodAccessorImpl.java:62)
	at sun.reflect.DelegatingMethodAccessorImpl.invoke(DelegatingMethodAccessorImpl.java:43)
	at java.lang.reflect.Method.invoke(Method.java:498)
	at org.junit.runners.model.FrameworkMethod$1.runReflectiveCall(FrameworkMethod.java:47)
	at org.junit.internal.runners.model.ReflectiveCallable.run(ReflectiveCallable.java:12)
	at org.junit.runners.model.FrameworkMethod.invokeExplosively(FrameworkMethod.java:44)
	at org.junit.internal.runners.statements.InvokeMethod.evaluate(InvokeMethod.java:17)
	at org.junit.internal.runners.statements.RunBefores.evaluate(RunBefores.java:26)
	at org.junit.internal.runners.statements.RunAfters.evaluate(RunAfters.java:27)
	at org.junit.runners.ParentRunner.runLeaf(ParentRunner.java:271)
	at org.junit.runners.BlockJUnit4ClassRunner.runChild(BlockJUnit4ClassRunner.java:70)
	at org.junit.runners.BlockJUnit4ClassRunner.runChild(BlockJUnit4ClassRunner.java:50)
	at org.junit.runners.ParentRunner$3.run(ParentRunner.java:238)
	at org.junit.runners.ParentRunner$1.schedule(ParentRunner.java:63)
	at org.junit.runners.ParentRunner.runChildren(ParentRunner.java:236)
	at org.junit.runners.ParentRunner.access$000(ParentRunner.java:53)
	at org.junit.runners.ParentRunner$2.evaluate(ParentRunner.java:229)
	at org.junit.runners.ParentRunner.run(ParentRunner.java:309)
	at org.apache.maven.surefire.junit4.JUnit4Provider.execute(JUnit4Provider.java:365)
	at org.apache.maven.surefire.junit4.JUnit4Provider.executeWithRerun(JUnit4Provider.java:273)
	at org.apache.maven.surefire.junit4.JUnit4Provider.executeTestSet(JUnit4Provider.java:238)
	at org.apache.maven.surefire.junit4.JUnit4Provider.invoke(JUnit4Provider.java:159)
	at org.apache.maven.surefire.booter.ForkedBooter.invokeProviderInSameClassLoader(ForkedBooter.java:384)
	at org.apache.maven.surefire.booter.ForkedBooter.runSuitesInProcess(ForkedBooter.java:345)
	at org.apache.maven.surefire.booter.ForkedBooter.execute(ForkedBooter.java:126)
	at org.apache.maven.surefire.booter.ForkedBooter.main(ForkedBooter.java:418)
Caused by: java.util.concurrent.ExecutionException: org.apache.ratis.protocol.RaftRetryFailureException: Failed RaftClientRequest:client-40679B204B1E->97533b1c-7c0e-4acf-a6c1-8f7ac298e9a8@group-6A547D266DB7, cid=45, seq=4*, RW, org.apache.hadoop.hdds.scm.XceiverClientRatis$$Lambda$328/1492801385@2192d0b8 for 180 attempts with RetryLimited(maxAttempts=180, sleepTime=1000ms)
	at java.util.concurrent.CompletableFuture.reportGet(CompletableFuture.java:357)
	at java.util.concurrent.CompletableFuture.get(CompletableFuture.java:1895)
	at org.apache.hadoop.hdds.scm.XceiverClientSpi.sendCommand(XceiverClientSpi.java:110)
	... 28 more
Caused by: org.apache.ratis.protocol.RaftRetryFailureException: Failed RaftClientRequest:client-40679B204B1E->97533b1c-7c0e-4acf-a6c1-8f7ac298e9a8@group-6A547D266DB7, cid=45, seq=4*, RW, org.apache.hadoop.hdds.scm.XceiverClientRatis$$Lambda$328/1492801385@2192d0b8 for 180 attempts with RetryLimited(maxAttempts=180, sleepTime=1000ms)
	at org.apache.ratis.client.impl.RaftClientImpl.noMoreRetries(RaftClientImpl.java:272)
	at org.apache.ratis.client.impl.OrderedAsync.handleAsyncRetryFailure(OrderedAsync.java:138)
	at org.apache.ratis.client.impl.OrderedAsync.lambda$sendRequest$10(OrderedAsync.java:230)
	at java.util.concurrent.CompletableFuture.uniExceptionally(CompletableFuture.java:870)
	at java.util.concurrent.CompletableFuture$UniExceptionally.tryFire(CompletableFuture.java:852)
	at java.util.concurrent.CompletableFuture.postComplete(CompletableFuture.java:474)
	at java.util.concurrent.CompletableFuture.completeExceptionally(CompletableFuture.java:1977)
	at org.apache.ratis.grpc.client.GrpcClientProtocolClient$AsyncStreamObservers.completeReplyExceptionally(GrpcClientProtocolClient.java:330)
	at org.apache.ratis.grpc.client.GrpcClientProtocolClient$AsyncStreamObservers.access$000(GrpcClientProtocolClient.java:246)
	at org.apache.ratis.grpc.client.GrpcClientProtocolClient$AsyncStreamObservers$1.onNext(GrpcClientProtocolClient.java:258)
	at org.apache.ratis.grpc.client.GrpcClientProtocolClient$AsyncStreamObservers$1.onNext(GrpcClientProtocolClient.java:249)
	at org.apache.ratis.thirdparty.io.grpc.stub.ClientCalls$StreamObserverToCallListenerAdapter.onMessage(ClientCalls.java:421)
	at org.apache.ratis.thirdparty.io.grpc.ForwardingClientCallListener.onMessage(ForwardingClientCallListener.java:33)
	at org.apache.ratis.thirdparty.io.grpc.ForwardingClientCallListener.onMessage(ForwardingClientCallListener.java:33)
	at org.apache.ratis.thirdparty.io.grpc.internal.ClientCallImpl$ClientStreamListenerImpl$1MessagesAvailable.runInContext(ClientCallImpl.java:519)
	at org.apache.ratis.thirdparty.io.grpc.internal.ContextRunnable.run(ContextRunnable.java:37)
	at org.apache.ratis.thirdparty.io.grpc.internal.SerializingExecutor.run(SerializingExecutor.java:123)
	at java.util.concurrent.ThreadPoolExecutor.runWorker(ThreadPoolExecutor.java:1149)
	at java.util.concurrent.ThreadPoolExecutor$Worker.run(ThreadPoolExecutor.java:624)
	at java.lang.Thread.run(Thread.java:748)
Caused by: org.apache.ratis.protocol.NotLeaderException: Server 97533b1c-7c0e-4acf-a6c1-8f7ac298e9a8 is not the leader (64eb636b-e622-44a3-83bf-2cb002fcd160:192.168.34.13:41623). Request must be sent to leader.
	at org.apache.ratis.client.impl.ClientProtoUtils.toRaftClientReply(ClientProtoUtils.java:242)
	at org.apache.ratis.grpc.client.GrpcClientProtocolClient$AsyncStreamObservers$1.onNext(GrpcClientProtocolClient.java:254)
	... 10 more
</error>
    <system-out><![CDATA[2019-09-03 13:21:39,877 [main] WARN  server.ServerUtils (ServerUtils.java:getScmDbDir(145)) - ozone.scm.db.dirs is not configured. We recommend adding this setting. Falling back to ozone.metadata.dirs instead.
2019-09-03 13:21:39,894 [main] WARN  server.ServerUtils (ServerUtils.java:getScmDbDir(145)) - ozone.scm.db.dirs is not configured. We recommend adding this setting. Falling back to ozone.metadata.dirs instead.
2019-09-03 13:21:39,895 [main] WARN  server.ServerUtils (ServerUtils.java:getScmDbDir(145)) - ozone.scm.db.dirs is not configured. We recommend adding this setting. Falling back to ozone.metadata.dirs instead.
2019-09-03 13:21:39,895 [main] INFO  db.DBStoreBuilder (DBStoreBuilder.java:addTable(110)) - using custom profile for table: deletedBlocks
2019-09-03 13:21:39,895 [main] INFO  db.DBStoreBuilder (DBStoreBuilder.java:processTables(161)) - Using default column profile:DBProfile.DISK for Table:deletedBlocks
2019-09-03 13:21:39,896 [main] INFO  db.DBStoreBuilder (DBStoreBuilder.java:addTable(110)) - using custom profile for table: validCerts
2019-09-03 13:21:39,896 [main] INFO  db.DBStoreBuilder (DBStoreBuilder.java:processTables(161)) - Using default column profile:DBProfile.DISK for Table:validCerts
2019-09-03 13:21:39,896 [main] INFO  db.DBStoreBuilder (DBStoreBuilder.java:addTable(110)) - using custom profile for table: revokedCerts
2019-09-03 13:21:39,896 [main] INFO  db.DBStoreBuilder (DBStoreBuilder.java:processTables(161)) - Using default column profile:DBProfile.DISK for Table:revokedCerts
2019-09-03 13:21:39,896 [main] INFO  db.DBStoreBuilder (DBStoreBuilder.java:addTable(110)) - using custom profile for table: default
2019-09-03 13:21:39,897 [main] INFO  db.DBStoreBuilder (DBStoreBuilder.java:processTables(167)) - Using default column profile:DBProfile.DISK for Table:default
2019-09-03 13:21:39,897 [main] INFO  db.DBStoreBuilder (DBStoreBuilder.java:getDbProfile(198)) - Using default options. DBProfile.DISK
2019-09-03 13:21:40,057 [main] INFO  net.NodeSchemaLoader (NodeSchemaLoader.java:loadSchemaFromFile(125)) - Loading file from sun.misc.CompoundEnumeration@6a916402
2019-09-03 13:21:40,058 [main] INFO  net.NodeSchemaLoader (NodeSchemaLoader.java:loadSchema(171)) - Loading network topology layer schema file
2019-09-03 13:21:40,063 [main] WARN  server.ServerUtils (ServerUtils.java:sanitizeUserArgs(70)) - ozone.scm.stale.node.interval value = 300000 is larger than max = 100000 based on the key value of ozone.scm.heartbeat.thread.interval, reset to the max value 100000.
2019-09-03 13:21:40,063 [main] WARN  server.ServerUtils (ServerUtils.java:sanitizeUserArgs(70)) - ozone.scm.stale.node.interval value = 300000 is larger than max = 100000 based on the key value of ozone.scm.heartbeat.thread.interval, reset to the max value 100000.
2019-09-03 13:21:40,063 [main] INFO  node.SCMNodeManager (SCMNodeManager.java:<init>(114)) - Entering startup safe mode.
2019-09-03 13:21:40,064 [main] INFO  algorithms.ContainerPlacementPolicyFactory (ContainerPlacementPolicyFactory.java:getPolicy(55)) - Create container placement policy of type org.apache.hadoop.hdds.scm.container.placement.algorithms.SCMContainerPlacementRandom
2019-09-03 13:21:40,065 [main] WARN  server.ServerUtils (ServerUtils.java:getScmDbDir(145)) - ozone.scm.db.dirs is not configured. We recommend adding this setting. Falling back to ozone.metadata.dirs instead.
2019-09-03 13:21:40,090 [main] INFO  pipeline.SCMPipelineManager (SCMPipelineManager.java:initializePipelineState(128)) - No pipeline exists in current db
2019-09-03 13:21:40,091 [main] WARN  server.ServerUtils (ServerUtils.java:getScmDbDir(145)) - ozone.scm.db.dirs is not configured. We recommend adding this setting. Falling back to ozone.metadata.dirs instead.
2019-09-03 13:21:40,128 [main] WARN  events.EventQueue (EventQueue.java:fireEvent(183)) - No event handler registered for event TypedEvent{payloadType=SafeModeStatus, name='SafeModeStatus'}
2019-09-03 13:21:40,130 [main] INFO  ipc.CallQueueManager (CallQueueManager.java:<init>(84)) - Using callQueue: class java.util.concurrent.LinkedBlockingQueue, queueCapacity: 2000, scheduler: class org.apache.hadoop.ipc.DefaultRpcScheduler, ipcBackoff: false.
2019-09-03 13:21:40,131 [Socket Reader #1 for port 45848] INFO  ipc.Server (Server.java:run(1074)) - Starting Socket Reader #1 for port 45848
2019-09-03 13:21:40,133 [main] INFO  ipc.CallQueueManager (CallQueueManager.java:<init>(84)) - Using callQueue: class java.util.concurrent.LinkedBlockingQueue, queueCapacity: 2000, scheduler: class org.apache.hadoop.ipc.DefaultRpcScheduler, ipcBackoff: false.
2019-09-03 13:21:40,134 [Socket Reader #1 for port 39990] INFO  ipc.Server (Server.java:run(1074)) - Starting Socket Reader #1 for port 39990
2019-09-03 13:21:40,136 [main] INFO  ipc.CallQueueManager (CallQueueManager.java:<init>(84)) - Using callQueue: class java.util.concurrent.LinkedBlockingQueue, queueCapacity: 2000, scheduler: class org.apache.hadoop.ipc.DefaultRpcScheduler, ipcBackoff: false.
2019-09-03 13:21:40,136 [Socket Reader #1 for port 44001] INFO  ipc.Server (Server.java:run(1074)) - Starting Socket Reader #1 for port 44001
2019-09-03 13:21:40,138 [main] INFO  hdfs.DFSUtil (DFSUtil.java:httpServerTemplateForNNAndJN(1641)) - Starting Web-server for scm at: http://0.0.0.0:0
2019-09-03 13:21:40,141 [main] INFO  server.AuthenticationFilter (AuthenticationFilter.java:constructSecretProvider(240)) - Unable to initialize FileSignerSecretProvider, falling back to use random secrets.
2019-09-03 13:21:40,142 [main] WARN  http.HttpRequestLog (HttpRequestLog.java:getRequestLog(97)) - Jetty request log can only be enabled using Log4j
2019-09-03 13:21:40,145 [main] INFO  http.HttpServer2 (HttpServer2.java:addGlobalFilter(975)) - Added global filter 'safety' (class=org.apache.hadoop.http.HttpServer2$QuotingInputFilter)
2019-09-03 13:21:40,146 [main] INFO  http.HttpServer2 (HttpServer2.java:addFilter(948)) - Added filter static_user_filter (class=org.apache.hadoop.http.lib.StaticUserWebFilter$StaticUserFilter) to context scm
2019-09-03 13:21:40,146 [main] INFO  http.HttpServer2 (HttpServer2.java:addFilter(958)) - Added filter static_user_filter (class=org.apache.hadoop.http.lib.StaticUserWebFilter$StaticUserFilter) to context logs
2019-09-03 13:21:40,147 [main] INFO  http.HttpServer2 (HttpServer2.java:addFilter(958)) - Added filter static_user_filter (class=org.apache.hadoop.http.lib.StaticUserWebFilter$StaticUserFilter) to context static
2019-09-03 13:21:40,150 [main] INFO  server.StorageContainerManager (StorageContainerManager.java:start(759)) - StorageContainerLocationProtocol RPC server is listening at /0.0.0.0:44001
2019-09-03 13:21:40,153 [main] WARN  impl.MetricsConfig (MetricsConfig.java:loadFirst(134)) - Cannot locate configuration: tried hadoop-metrics2-storagecontainermanager.properties,hadoop-metrics2.properties
2019-09-03 13:21:40,155 [main] INFO  impl.MetricsSystemImpl (MetricsSystemImpl.java:startTimer(374)) - Scheduled Metric snapshot period at 10 second(s).
2019-09-03 13:21:40,155 [main] INFO  impl.MetricsSystemImpl (MetricsSystemImpl.java:start(191)) - StorageContainerManager metrics system started
2019-09-03 13:21:40,174 [main] WARN  impl.MetricsSystemImpl (MetricsSystemImpl.java:register(276)) - Sink prometheus already exists!
2019-09-03 13:21:40,186 [main] INFO  server.SCMClientProtocolServer (SCMClientProtocolServer.java:start(151)) - RPC server for Client  is listening at /0.0.0.0:44001
2019-09-03 13:21:40,186 [IPC Server Responder] INFO  ipc.Server (Server.java:run(1314)) - IPC Server Responder: starting
2019-09-03 13:21:40,186 [IPC Server listener on 44001] INFO  ipc.Server (Server.java:run(1153)) - IPC Server listener on 44001: starting
2019-09-03 13:21:40,190 [main] INFO  server.StorageContainerManager (StorageContainerManager.java:start(769)) - ScmBlockLocationProtocol RPC server is listening at /0.0.0.0:39990
2019-09-03 13:21:40,190 [main] INFO  server.SCMBlockProtocolServer (SCMBlockProtocolServer.java:start(146)) - RPC server for Block Protocol is listening at /0.0.0.0:39990
2019-09-03 13:21:40,191 [IPC Server Responder] INFO  ipc.Server (Server.java:run(1314)) - IPC Server Responder: starting
2019-09-03 13:21:40,191 [IPC Server listener on 39990] INFO  ipc.Server (Server.java:run(1153)) - IPC Server listener on 39990: starting
2019-09-03 13:21:40,194 [main] INFO  server.StorageContainerManager (StorageContainerManager.java:start(773)) - ScmDatanodeProtocl RPC server is listening at /0.0.0.0:45848
2019-09-03 13:21:40,194 [main] INFO  server.SCMDatanodeProtocolServer (SCMDatanodeProtocolServer.java:start(191)) - RPC server for DataNodes is listening at /0.0.0.0:45848
2019-09-03 13:21:40,195 [IPC Server Responder] INFO  ipc.Server (Server.java:run(1314)) - IPC Server Responder: starting
2019-09-03 13:21:40,195 [IPC Server listener on 45848] INFO  ipc.Server (Server.java:run(1153)) - IPC Server listener on 45848: starting
2019-09-03 13:21:40,198 [main] INFO  http.HttpServer2 (HttpServer2.java:bindListener(1191)) - Jetty bound to port 37309
2019-09-03 13:21:40,198 [main] INFO  server.Server (Server.java:doStart(351)) - jetty-9.3.24.v20180605, build timestamp: 2018-06-05T17:11:56Z, git hash: 84205aa28f11a4f31f2a3b86d1bba2cc8ab69827
2019-09-03 13:21:40,200 [main] INFO  handler.ContextHandler (ContextHandler.java:doStart(781)) - Started o.e.j.s.ServletContextHandler@2e26173{/logs,file:///workdir/hadoop-ozone/integration-test/target/log,AVAILABLE}
2019-09-03 13:21:40,201 [main] INFO  handler.ContextHandler (ContextHandler.java:doStart(781)) - Started o.e.j.s.ServletContextHandler@2c413ffc{/static,file:///workdir/hadoop-ozone/integration-test/target/test-classes/webapps/static,AVAILABLE}
2019-09-03 13:21:40,206 [main] INFO  handler.ContextHandler (ContextHandler.java:doStart(781)) - Started o.e.j.w.WebAppContext@30893e08{/,file:///workdir/hadoop-ozone/integration-test/target/test-classes/webapps/scm/,AVAILABLE}{/scm}
2019-09-03 13:21:40,206 [main] INFO  server.AbstractConnector (AbstractConnector.java:doStart(278)) - Started ServerConnector@2e86807a{HTTP/1.1,[http/1.1]}{0.0.0.0:37309}
2019-09-03 13:21:40,207 [main] INFO  server.Server (Server.java:doStart(419)) - Started @44251ms
2019-09-03 13:21:40,207 [main] WARN  impl.MetricsSystemImpl (MetricsSystemImpl.java:register(276)) - Sink prometheus already exists!
2019-09-03 13:21:40,208 [main] INFO  server.BaseHttpServer (BaseHttpServer.java:updateConnectorAddress(215)) - HTTP server of SCM is listening at http://0.0.0.0:37309
2019-09-03 13:21:40,208 [main] WARN  server.ServerUtils (ServerUtils.java:getDBPath(222)) - ozone.om.db.dirs is not configured. We recommend adding this setting. Falling back to ozone.metadata.dirs instead.
2019-09-03 13:21:40,209 [org.apache.hadoop.util.JvmPauseMonitor$Monitor@590f0c50] INFO  util.JvmPauseMonitor (JvmPauseMonitor.java:run(188)) - Starting JVM pause monitor
2019-09-03 13:21:40,223 [main] WARN  server.ServerUtils (ServerUtils.java:getDBPath(222)) - ozone.om.db.dirs is not configured. We recommend adding this setting. Falling back to ozone.metadata.dirs instead.
2019-09-03 13:21:40,224 [main] WARN  server.ServerUtils (ServerUtils.java:getDBPath(222)) - ozone.om.db.dirs is not configured. We recommend adding this setting. Falling back to ozone.metadata.dirs instead.
2019-09-03 13:21:40,224 [main] INFO  om.OzoneManager (OzoneManager.java:setOMNodeDetails(649)) - OM Service ID is not set. Setting it to the default ID: omServiceIdDefault
2019-09-03 13:21:40,224 [main] INFO  om.OzoneManager (OzoneManager.java:setOMNodeDetails(655)) - OM Node ID is not set. Setting it to the OmStorage's OmID: 9fd8b966-4550-41b7-9829-d8129859da1e
2019-09-03 13:21:40,225 [main] INFO  om.OzoneManager (OzoneManager.java:loadOMHAConfigs(606)) - Found matching OM address with OMServiceId: null, OMNodeId: null, RPC Address: localhost:0 and Ratis port: 9872
2019-09-03 13:21:40,231 [main] WARN  server.ServerUtils (ServerUtils.java:getDBPath(222)) - ozone.om.db.dirs is not configured. We recommend adding this setting. Falling back to ozone.metadata.dirs instead.
2019-09-03 13:21:40,232 [main] INFO  db.DBStoreBuilder (DBStoreBuilder.java:addTable(110)) - using custom profile for table: userTable
2019-09-03 13:21:40,232 [main] INFO  db.DBStoreBuilder (DBStoreBuilder.java:processTables(161)) - Using default column profile:DBProfile.DISK for Table:userTable
2019-09-03 13:21:40,233 [main] INFO  db.DBStoreBuilder (DBStoreBuilder.java:addTable(110)) - using custom profile for table: volumeTable
2019-09-03 13:21:40,233 [main] INFO  db.DBStoreBuilder (DBStoreBuilder.java:processTables(161)) - Using default column profile:DBProfile.DISK for Table:volumeTable
2019-09-03 13:21:40,233 [main] INFO  db.DBStoreBuilder (DBStoreBuilder.java:addTable(110)) - using custom profile for table: bucketTable
2019-09-03 13:21:40,233 [main] INFO  db.DBStoreBuilder (DBStoreBuilder.java:processTables(161)) - Using default column profile:DBProfile.DISK for Table:bucketTable
2019-09-03 13:21:40,234 [main] INFO  db.DBStoreBuilder (DBStoreBuilder.java:addTable(110)) - using custom profile for table: keyTable
2019-09-03 13:21:40,234 [main] INFO  db.DBStoreBuilder (DBStoreBuilder.java:processTables(161)) - Using default column profile:DBProfile.DISK for Table:keyTable
2019-09-03 13:21:40,234 [main] INFO  db.DBStoreBuilder (DBStoreBuilder.java:addTable(110)) - using custom profile for table: deletedTable
2019-09-03 13:21:40,234 [main] INFO  db.DBStoreBuilder (DBStoreBuilder.java:processTables(161)) - Using default column profile:DBProfile.DISK for Table:deletedTable
2019-09-03 13:21:40,235 [main] INFO  db.DBStoreBuilder (DBStoreBuilder.java:addTable(110)) - using custom profile for table: openKeyTable
2019-09-03 13:21:40,235 [main] INFO  db.DBStoreBuilder (DBStoreBuilder.java:processTables(161)) - Using default column profile:DBProfile.DISK for Table:openKeyTable
2019-09-03 13:21:40,235 [main] INFO  db.DBStoreBuilder (DBStoreBuilder.java:addTable(110)) - using custom profile for table: s3Table
2019-09-03 13:21:40,236 [main] INFO  db.DBStoreBuilder (DBStoreBuilder.java:processTables(161)) - Using default column profile:DBProfile.DISK for Table:s3Table
2019-09-03 13:21:40,236 [main] INFO  db.DBStoreBuilder (DBStoreBuilder.java:addTable(110)) - using custom profile for table: multipartInfoTable
2019-09-03 13:21:40,236 [main] INFO  db.DBStoreBuilder (DBStoreBuilder.java:processTables(161)) - Using default column profile:DBProfile.DISK for Table:multipartInfoTable
2019-09-03 13:21:40,236 [main] INFO  db.DBStoreBuilder (DBStoreBuilder.java:addTable(110)) - using custom profile for table: dTokenTable
2019-09-03 13:21:40,237 [main] INFO  db.DBStoreBuilder (DBStoreBuilder.java:processTables(161)) - Using default column profile:DBProfile.DISK for Table:dTokenTable
2019-09-03 13:21:40,237 [main] INFO  db.DBStoreBuilder (DBStoreBuilder.java:addTable(110)) - using custom profile for table: s3SecretTable
2019-09-03 13:21:40,237 [main] INFO  db.DBStoreBuilder (DBStoreBuilder.java:processTables(161)) - Using default column profile:DBProfile.DISK for Table:s3SecretTable
2019-09-03 13:21:40,237 [main] INFO  db.DBStoreBuilder (DBStoreBuilder.java:addTable(110)) - using custom profile for table: prefixTable
2019-09-03 13:21:40,238 [main] INFO  db.DBStoreBuilder (DBStoreBuilder.java:processTables(161)) - Using default column profile:DBProfile.DISK for Table:prefixTable
2019-09-03 13:21:40,238 [main] INFO  db.DBStoreBuilder (DBStoreBuilder.java:addTable(110)) - using custom profile for table: default
2019-09-03 13:21:40,238 [main] INFO  db.DBStoreBuilder (DBStoreBuilder.java:processTables(167)) - Using default column profile:DBProfile.DISK for Table:default
2019-09-03 13:21:40,238 [main] INFO  db.DBStoreBuilder (DBStoreBuilder.java:getDbProfile(198)) - Using default options. DBProfile.DISK
2019-09-03 13:21:40,753 [main] INFO  ipc.CallQueueManager (CallQueueManager.java:<init>(84)) - Using callQueue: class java.util.concurrent.LinkedBlockingQueue, queueCapacity: 2000, scheduler: class org.apache.hadoop.ipc.DefaultRpcScheduler, ipcBackoff: false.
2019-09-03 13:21:40,754 [Socket Reader #1 for port 46459] INFO  ipc.Server (Server.java:run(1074)) - Starting Socket Reader #1 for port 46459
2019-09-03 13:21:40,775 [main] INFO  om.OzoneManager (OzoneManager.java:start(1240)) - OzoneManager RPC server is listening at localhost/127.0.0.1:46459
2019-09-03 13:21:40,775 [main] INFO  impl.MetricsSystemImpl (MetricsSystemImpl.java:init(158)) - OzoneManager metrics system started (again)
2019-09-03 13:21:40,776 [IPC Server Responder] INFO  ipc.Server (Server.java:run(1314)) - IPC Server Responder: starting
2019-09-03 13:21:40,777 [IPC Server listener on 46459] INFO  ipc.Server (Server.java:run(1153)) - IPC Server listener on 46459: starting
2019-09-03 13:21:40,782 [main] INFO  hdfs.DFSUtil (DFSUtil.java:httpServerTemplateForNNAndJN(1641)) - Starting Web-server for ozoneManager at: http://0.0.0.0:0
2019-09-03 13:21:40,784 [main] INFO  server.AuthenticationFilter (AuthenticationFilter.java:constructSecretProvider(240)) - Unable to initialize FileSignerSecretProvider, falling back to use random secrets.
2019-09-03 13:21:40,784 [main] WARN  http.HttpRequestLog (HttpRequestLog.java:getRequestLog(97)) - Jetty request log can only be enabled using Log4j
2019-09-03 13:21:40,787 [main] INFO  http.HttpServer2 (HttpServer2.java:addGlobalFilter(975)) - Added global filter 'safety' (class=org.apache.hadoop.http.HttpServer2$QuotingInputFilter)
2019-09-03 13:21:40,788 [main] INFO  http.HttpServer2 (HttpServer2.java:addFilter(948)) - Added filter static_user_filter (class=org.apache.hadoop.http.lib.StaticUserWebFilter$StaticUserFilter) to context ozoneManager
2019-09-03 13:21:40,788 [main] INFO  http.HttpServer2 (HttpServer2.java:addFilter(958)) - Added filter static_user_filter (class=org.apache.hadoop.http.lib.StaticUserWebFilter$StaticUserFilter) to context logs
2019-09-03 13:21:40,788 [main] INFO  http.HttpServer2 (HttpServer2.java:addFilter(958)) - Added filter static_user_filter (class=org.apache.hadoop.http.lib.StaticUserWebFilter$StaticUserFilter) to context static
2019-09-03 13:21:40,789 [main] INFO  http.HttpServer2 (HttpServer2.java:bindListener(1191)) - Jetty bound to port 36049
2019-09-03 13:21:40,789 [main] INFO  server.Server (Server.java:doStart(351)) - jetty-9.3.24.v20180605, build timestamp: 2018-06-05T17:11:56Z, git hash: 84205aa28f11a4f31f2a3b86d1bba2cc8ab69827
2019-09-03 13:21:40,792 [main] INFO  handler.ContextHandler (ContextHandler.java:doStart(781)) - Started o.e.j.s.ServletContextHandler@3138953b{/logs,file:///workdir/hadoop-ozone/integration-test/target/log,AVAILABLE}
2019-09-03 13:21:40,792 [main] INFO  handler.ContextHandler (ContextHandler.java:doStart(781)) - Started o.e.j.s.ServletContextHandler@b46e103{/static,file:///workdir/hadoop-ozone/integration-test/target/test-classes/webapps/static,AVAILABLE}
2019-09-03 13:21:40,798 [main] INFO  handler.ContextHandler (ContextHandler.java:doStart(781)) - Started o.e.j.w.WebAppContext@d257579{/,file:///workdir/hadoop-ozone/integration-test/target/test-classes/webapps/ozoneManager/,AVAILABLE}{/ozoneManager}
2019-09-03 13:21:40,799 [main] INFO  server.AbstractConnector (AbstractConnector.java:doStart(278)) - Started ServerConnector@518ddd3b{HTTP/1.1,[http/1.1]}{0.0.0.0:36049}
2019-09-03 13:21:40,799 [main] INFO  server.Server (Server.java:doStart(419)) - Started @44844ms
2019-09-03 13:21:40,800 [main] WARN  impl.MetricsSystemImpl (MetricsSystemImpl.java:register(276)) - Sink prometheus already exists!
2019-09-03 13:21:40,800 [main] INFO  server.BaseHttpServer (BaseHttpServer.java:updateConnectorAddress(215)) - HTTP server of OZONEMANAGER is listening at http://0.0.0.0:36049
2019-09-03 13:21:40,821 [main] INFO  impl.MetricsSystemImpl (MetricsSystemImpl.java:init(158)) - HddsDatanode metrics system started (again)
2019-09-03 13:21:40,823 [main] INFO  ozone.HddsDatanodeService (HddsDatanodeService.java:start(184)) - HddsDatanodeService host:pr-hdds-2077-v5qkp-697056684 ip:192.168.34.13
2019-09-03 13:21:40,829 [main] INFO  volume.HddsVolume (HddsVolume.java:<init>(176)) - Creating Volume: /workdir/hadoop-ozone/integration-test/target/test-dir/MiniOzoneClusterImpl-5ccca07a-eefb-4de6-a136-ad00c66ed42b/datanode-0/data/containers/hdds of  storage type : DISK and capacity : 1482555576320
2019-09-03 13:21:40,830 [main] INFO  volume.VolumeSet (VolumeSet.java:initializeVolumeSet(170)) - Added Volume : /workdir/hadoop-ozone/integration-test/target/test-dir/MiniOzoneClusterImpl-5ccca07a-eefb-4de6-a136-ad00c66ed42b/datanode-0/data/containers/hdds to VolumeSet
2019-09-03 13:21:40,830 [main] INFO  volume.ThrottledAsyncChecker (ThrottledAsyncChecker.java:schedule(140)) - Scheduling a check for org.apache.hadoop.ozone.container.common.volume.HddsVolume@6d08b4e6
2019-09-03 13:21:40,831 [main] INFO  volume.HddsVolumeChecker (HddsVolumeChecker.java:checkAllVolumes(203)) - Scheduled health check for volume org.apache.hadoop.ozone.container.common.volume.HddsVolume@6d08b4e6
2019-09-03 13:21:40,853 [main] INFO  impl.RaftServerProxy (ConfUtils.java:logGet(43)) - raft.rpc.type = GRPC (default)
2019-09-03 13:21:40,854 [main] INFO  grpc.GrpcFactory (GrpcFactory.java:checkPooledByteBufAllocatorUseCacheForAllThreads(45)) - PERFORMANCE WARNING: useCacheForAllThreads is true that may cause Netty to create a lot garbage objects and, as a result, trigger GC.
	It is recommended to disable useCacheForAllThreads by setting -Dorg.apache.ratis.thirdparty.io.netty.allocator.useCacheForAllThreads=false in command line.
2019-09-03 13:21:40,854 [main] INFO  grpc.GrpcConfigKeys$Server (ConfUtils.java:logGet(43)) - raft.grpc.server.port = 0 (default)
2019-09-03 13:21:40,854 [main] INFO  server.GrpcService (ConfUtils.java:logGet(43)) - raft.grpc.message.size.max = 33570816 (custom)
2019-09-03 13:21:40,855 [main] INFO  server.RaftServerConfigKeys (ConfUtils.java:logGet(43)) - raft.server.log.appender.buffer.byte-limit = 33554432 (custom)
2019-09-03 13:21:40,855 [main] INFO  server.GrpcService (ConfUtils.java:logGet(43)) - raft.grpc.flow.control.window = 1MB (=1048576) (default)
2019-09-03 13:21:40,855 [main] INFO  server.RaftServerConfigKeys (ConfUtils.java:logGet(43)) - raft.server.rpc.request.timeout = 3000ms (default)
2019-09-03 13:21:40,856 [main] INFO  server.RaftServerConfigKeys (ConfUtils.java:logGet(43)) - raft.server.storage.dir = [/workdir/hadoop-ozone/integration-test/target/test-dir/MiniOzoneClusterImpl-5ccca07a-eefb-4de6-a136-ad00c66ed42b/datanode-0/data/ratis] (custom)
2019-09-03 13:21:40,858 [main] INFO  hdfs.DFSUtil (DFSUtil.java:httpServerTemplateForNNAndJN(1641)) - Starting Web-server for hddsDatanode at: http://0.0.0.0:0
2019-09-03 13:21:40,860 [main] INFO  server.AuthenticationFilter (AuthenticationFilter.java:constructSecretProvider(240)) - Unable to initialize FileSignerSecretProvider, falling back to use random secrets.
2019-09-03 13:21:40,861 [main] WARN  http.HttpRequestLog (HttpRequestLog.java:getRequestLog(97)) - Jetty request log can only be enabled using Log4j
2019-09-03 13:21:40,863 [main] INFO  http.HttpServer2 (HttpServer2.java:addGlobalFilter(975)) - Added global filter 'safety' (class=org.apache.hadoop.http.HttpServer2$QuotingInputFilter)
2019-09-03 13:21:40,864 [main] INFO  http.HttpServer2 (HttpServer2.java:addFilter(948)) - Added filter static_user_filter (class=org.apache.hadoop.http.lib.StaticUserWebFilter$StaticUserFilter) to context hddsDatanode
2019-09-03 13:21:40,864 [main] INFO  http.HttpServer2 (HttpServer2.java:addFilter(958)) - Added filter static_user_filter (class=org.apache.hadoop.http.lib.StaticUserWebFilter$StaticUserFilter) to context static
2019-09-03 13:21:40,864 [main] INFO  http.HttpServer2 (HttpServer2.java:addFilter(958)) - Added filter static_user_filter (class=org.apache.hadoop.http.lib.StaticUserWebFilter$StaticUserFilter) to context logs
2019-09-03 13:21:40,865 [main] INFO  http.HttpServer2 (HttpServer2.java:bindListener(1191)) - Jetty bound to port 37983
2019-09-03 13:21:40,866 [main] INFO  server.Server (Server.java:doStart(351)) - jetty-9.3.24.v20180605, build timestamp: 2018-06-05T17:11:56Z, git hash: 84205aa28f11a4f31f2a3b86d1bba2cc8ab69827
2019-09-03 13:21:40,868 [main] INFO  handler.ContextHandler (ContextHandler.java:doStart(781)) - Started o.e.j.s.ServletContextHandler@4364863{/logs,file:///workdir/hadoop-ozone/integration-test/target/log,AVAILABLE}
2019-09-03 13:21:40,869 [main] INFO  handler.ContextHandler (ContextHandler.java:doStart(781)) - Started o.e.j.s.ServletContextHandler@267cde2e{/static,jar:file:/home/user/.m2/repository/org/apache/hadoop/hadoop-hdds-container-service/0.5.0-SNAPSHOT/hadoop-hdds-container-service-0.5.0-SNAPSHOT.jar!/webapps/static,AVAILABLE}
2019-09-03 13:21:40,906 [main] INFO  handler.ContextHandler (ContextHandler.java:doStart(781)) - Started o.e.j.w.WebAppContext@2b1cd7bc{/,file:///tmp/jetty-0.0.0.0-37983-hddsDatanode-_-any-7268346197250853463.dir/webapp/,AVAILABLE}{/hddsDatanode}
2019-09-03 13:21:40,906 [main] INFO  server.AbstractConnector (AbstractConnector.java:doStart(278)) - Started ServerConnector@33379242{HTTP/1.1,[http/1.1]}{0.0.0.0:37983}
2019-09-03 13:21:40,907 [main] INFO  server.Server (Server.java:doStart(419)) - Started @44952ms
2019-09-03 13:21:40,907 [main] WARN  impl.MetricsSystemImpl (MetricsSystemImpl.java:register(276)) - Sink prometheus already exists!
2019-09-03 13:21:40,908 [main] INFO  server.BaseHttpServer (BaseHttpServer.java:updateConnectorAddress(215)) - HTTP server of HDDSDATANODE is listening at http://0.0.0.0:37983
2019-09-03 13:21:40,909 [main] INFO  impl.MetricsSystemImpl (MetricsSystemImpl.java:init(158)) - HddsDatanode metrics system started (again)
2019-09-03 13:21:40,913 [main] INFO  ozone.HddsDatanodeService (HddsDatanodeService.java:start(184)) - HddsDatanodeService host:pr-hdds-2077-v5qkp-697056684 ip:192.168.34.13
2019-09-03 13:21:40,913 [org.apache.hadoop.util.JvmPauseMonitor$Monitor@6f7c4374] INFO  util.JvmPauseMonitor (JvmPauseMonitor.java:run(188)) - Starting JVM pause monitor
2019-09-03 13:21:40,916 [Datanode State Machine Thread - 0] INFO  datanode.InitDatanodeState (InitDatanodeState.java:persistContainerDatanodeDetails(140)) - DatanodeDetails is persisted to /workdir/hadoop-ozone/integration-test/target/test-dir/MiniOzoneClusterImpl-5ccca07a-eefb-4de6-a136-ad00c66ed42b/datanode-0/meta/datanode.id
2019-09-03 13:21:40,920 [main] INFO  volume.HddsVolume (HddsVolume.java:<init>(176)) - Creating Volume: /workdir/hadoop-ozone/integration-test/target/test-dir/MiniOzoneClusterImpl-5ccca07a-eefb-4de6-a136-ad00c66ed42b/datanode-1/data/containers/hdds of  storage type : DISK and capacity : 1482555576320
2019-09-03 13:21:40,920 [main] INFO  volume.VolumeSet (VolumeSet.java:initializeVolumeSet(170)) - Added Volume : /workdir/hadoop-ozone/integration-test/target/test-dir/MiniOzoneClusterImpl-5ccca07a-eefb-4de6-a136-ad00c66ed42b/datanode-1/data/containers/hdds to VolumeSet
2019-09-03 13:21:40,920 [main] INFO  volume.ThrottledAsyncChecker (ThrottledAsyncChecker.java:schedule(140)) - Scheduling a check for org.apache.hadoop.ozone.container.common.volume.HddsVolume@ffd4cba
2019-09-03 13:21:40,921 [main] INFO  volume.HddsVolumeChecker (HddsVolumeChecker.java:checkAllVolumes(203)) - Scheduled health check for volume org.apache.hadoop.ozone.container.common.volume.HddsVolume@ffd4cba
2019-09-03 13:21:40,936 [main] INFO  impl.RaftServerProxy (ConfUtils.java:logGet(43)) - raft.rpc.type = GRPC (default)
2019-09-03 13:21:40,937 [main] INFO  grpc.GrpcFactory (GrpcFactory.java:checkPooledByteBufAllocatorUseCacheForAllThreads(45)) - PERFORMANCE WARNING: useCacheForAllThreads is true that may cause Netty to create a lot garbage objects and, as a result, trigger GC.
	It is recommended to disable useCacheForAllThreads by setting -Dorg.apache.ratis.thirdparty.io.netty.allocator.useCacheForAllThreads=false in command line.
2019-09-03 13:21:40,937 [main] INFO  grpc.GrpcConfigKeys$Server (ConfUtils.java:logGet(43)) - raft.grpc.server.port = 0 (default)
2019-09-03 13:21:40,937 [main] INFO  server.GrpcService (ConfUtils.java:logGet(43)) - raft.grpc.message.size.max = 33570816 (custom)
2019-09-03 13:21:40,937 [main] INFO  server.RaftServerConfigKeys (ConfUtils.java:logGet(43)) - raft.server.log.appender.buffer.byte-limit = 33554432 (custom)
2019-09-03 13:21:40,937 [main] INFO  server.GrpcService (ConfUtils.java:logGet(43)) - raft.grpc.flow.control.window = 1MB (=1048576) (default)
2019-09-03 13:21:40,938 [main] INFO  server.RaftServerConfigKeys (ConfUtils.java:logGet(43)) - raft.server.rpc.request.timeout = 3000ms (default)
2019-09-03 13:21:40,938 [main] INFO  server.RaftServerConfigKeys (ConfUtils.java:logGet(43)) - raft.server.storage.dir = [/workdir/hadoop-ozone/integration-test/target/test-dir/MiniOzoneClusterImpl-5ccca07a-eefb-4de6-a136-ad00c66ed42b/datanode-1/data/ratis] (custom)
2019-09-03 13:21:40,940 [main] INFO  hdfs.DFSUtil (DFSUtil.java:httpServerTemplateForNNAndJN(1641)) - Starting Web-server for hddsDatanode at: http://0.0.0.0:0
2019-09-03 13:21:40,941 [main] INFO  server.AuthenticationFilter (AuthenticationFilter.java:constructSecretProvider(240)) - Unable to initialize FileSignerSecretProvider, falling back to use random secrets.
2019-09-03 13:21:40,942 [main] WARN  http.HttpRequestLog (HttpRequestLog.java:getRequestLog(97)) - Jetty request log can only be enabled using Log4j
2019-09-03 13:21:40,943 [main] INFO  http.HttpServer2 (HttpServer2.java:addGlobalFilter(975)) - Added global filter 'safety' (class=org.apache.hadoop.http.HttpServer2$QuotingInputFilter)
2019-09-03 13:21:40,944 [main] INFO  http.HttpServer2 (HttpServer2.java:addFilter(948)) - Added filter static_user_filter (class=org.apache.hadoop.http.lib.StaticUserWebFilter$StaticUserFilter) to context hddsDatanode
2019-09-03 13:21:40,944 [main] INFO  http.HttpServer2 (HttpServer2.java:addFilter(958)) - Added filter static_user_filter (class=org.apache.hadoop.http.lib.StaticUserWebFilter$StaticUserFilter) to context logs
2019-09-03 13:21:40,944 [main] INFO  http.HttpServer2 (HttpServer2.java:addFilter(958)) - Added filter static_user_filter (class=org.apache.hadoop.http.lib.StaticUserWebFilter$StaticUserFilter) to context static
2019-09-03 13:21:40,945 [main] INFO  http.HttpServer2 (HttpServer2.java:bindListener(1191)) - Jetty bound to port 43249
2019-09-03 13:21:40,945 [main] INFO  server.Server (Server.java:doStart(351)) - jetty-9.3.24.v20180605, build timestamp: 2018-06-05T17:11:56Z, git hash: 84205aa28f11a4f31f2a3b86d1bba2cc8ab69827
2019-09-03 13:21:40,947 [main] INFO  handler.ContextHandler (ContextHandler.java:doStart(781)) - Started o.e.j.s.ServletContextHandler@68699afc{/logs,file:///workdir/hadoop-ozone/integration-test/target/log,AVAILABLE}
2019-09-03 13:21:40,948 [main] INFO  handler.ContextHandler (ContextHandler.java:doStart(781)) - Started o.e.j.s.ServletContextHandler@1823b9c4{/static,jar:file:/home/user/.m2/repository/org/apache/hadoop/hadoop-hdds-container-service/0.5.0-SNAPSHOT/hadoop-hdds-container-service-0.5.0-SNAPSHOT.jar!/webapps/static,AVAILABLE}
2019-09-03 13:21:40,976 [main] INFO  handler.ContextHandler (ContextHandler.java:doStart(781)) - Started o.e.j.w.WebAppContext@5f36c8e3{/,file:///tmp/jetty-0.0.0.0-43249-hddsDatanode-_-any-7935343352077048782.dir/webapp/,AVAILABLE}{/hddsDatanode}
2019-09-03 13:21:40,976 [main] INFO  server.AbstractConnector (AbstractConnector.java:doStart(278)) - Started ServerConnector@4da39ca9{HTTP/1.1,[http/1.1]}{0.0.0.0:43249}
2019-09-03 13:21:40,978 [main] INFO  server.Server (Server.java:doStart(419)) - Started @45023ms
2019-09-03 13:21:40,978 [main] WARN  impl.MetricsSystemImpl (MetricsSystemImpl.java:register(276)) - Sink prometheus already exists!
2019-09-03 13:21:40,979 [main] INFO  server.BaseHttpServer (BaseHttpServer.java:updateConnectorAddress(215)) - HTTP server of HDDSDATANODE is listening at http://0.0.0.0:43249
2019-09-03 13:21:40,979 [main] INFO  impl.MetricsSystemImpl (MetricsSystemImpl.java:init(158)) - HddsDatanode metrics system started (again)
2019-09-03 13:21:40,989 [org.apache.hadoop.util.JvmPauseMonitor$Monitor@1c501d9] INFO  util.JvmPauseMonitor (JvmPauseMonitor.java:run(188)) - Starting JVM pause monitor
2019-09-03 13:21:40,989 [main] INFO  ozone.HddsDatanodeService (HddsDatanodeService.java:start(184)) - HddsDatanodeService host:pr-hdds-2077-v5qkp-697056684 ip:192.168.34.13
2019-09-03 13:21:40,992 [Datanode State Machine Thread - 0] INFO  datanode.InitDatanodeState (InitDatanodeState.java:persistContainerDatanodeDetails(140)) - DatanodeDetails is persisted to /workdir/hadoop-ozone/integration-test/target/test-dir/MiniOzoneClusterImpl-5ccca07a-eefb-4de6-a136-ad00c66ed42b/datanode-1/meta/datanode.id
2019-09-03 13:21:40,998 [main] INFO  volume.HddsVolume (HddsVolume.java:<init>(176)) - Creating Volume: /workdir/hadoop-ozone/integration-test/target/test-dir/MiniOzoneClusterImpl-5ccca07a-eefb-4de6-a136-ad00c66ed42b/datanode-2/data/containers/hdds of  storage type : DISK and capacity : 1482555576320
2019-09-03 13:21:40,999 [main] INFO  volume.VolumeSet (VolumeSet.java:initializeVolumeSet(170)) - Added Volume : /workdir/hadoop-ozone/integration-test/target/test-dir/MiniOzoneClusterImpl-5ccca07a-eefb-4de6-a136-ad00c66ed42b/datanode-2/data/containers/hdds to VolumeSet
2019-09-03 13:21:40,999 [main] INFO  volume.ThrottledAsyncChecker (ThrottledAsyncChecker.java:schedule(140)) - Scheduling a check for org.apache.hadoop.ozone.container.common.volume.HddsVolume@4130955c
2019-09-03 13:21:40,999 [main] INFO  volume.HddsVolumeChecker (HddsVolumeChecker.java:checkAllVolumes(203)) - Scheduled health check for volume org.apache.hadoop.ozone.container.common.volume.HddsVolume@4130955c
2019-09-03 13:21:41,019 [main] INFO  impl.RaftServerProxy (ConfUtils.java:logGet(43)) - raft.rpc.type = GRPC (default)
2019-09-03 13:21:41,020 [main] INFO  grpc.GrpcFactory (GrpcFactory.java:checkPooledByteBufAllocatorUseCacheForAllThreads(45)) - PERFORMANCE WARNING: useCacheForAllThreads is true that may cause Netty to create a lot garbage objects and, as a result, trigger GC.
	It is recommended to disable useCacheForAllThreads by setting -Dorg.apache.ratis.thirdparty.io.netty.allocator.useCacheForAllThreads=false in command line.
2019-09-03 13:21:41,020 [main] INFO  grpc.GrpcConfigKeys$Server (ConfUtils.java:logGet(43)) - raft.grpc.server.port = 0 (default)
2019-09-03 13:21:41,020 [main] INFO  server.GrpcService (ConfUtils.java:logGet(43)) - raft.grpc.message.size.max = 33570816 (custom)
2019-09-03 13:21:41,021 [main] INFO  server.RaftServerConfigKeys (ConfUtils.java:logGet(43)) - raft.server.log.appender.buffer.byte-limit = 33554432 (custom)
2019-09-03 13:21:41,021 [main] INFO  server.GrpcService (ConfUtils.java:logGet(43)) - raft.grpc.flow.control.window = 1MB (=1048576) (default)
2019-09-03 13:21:41,021 [main] INFO  server.RaftServerConfigKeys (ConfUtils.java:logGet(43)) - raft.server.rpc.request.timeout = 3000ms (default)
2019-09-03 13:21:41,022 [main] INFO  server.RaftServerConfigKeys (ConfUtils.java:logGet(43)) - raft.server.storage.dir = [/workdir/hadoop-ozone/integration-test/target/test-dir/MiniOzoneClusterImpl-5ccca07a-eefb-4de6-a136-ad00c66ed42b/datanode-2/data/ratis] (custom)
2019-09-03 13:21:41,024 [main] INFO  hdfs.DFSUtil (DFSUtil.java:httpServerTemplateForNNAndJN(1641)) - Starting Web-server for hddsDatanode at: http://0.0.0.0:0
2019-09-03 13:21:41,025 [main] INFO  server.AuthenticationFilter (AuthenticationFilter.java:constructSecretProvider(240)) - Unable to initialize FileSignerSecretProvider, falling back to use random secrets.
2019-09-03 13:21:41,025 [main] WARN  http.HttpRequestLog (HttpRequestLog.java:getRequestLog(97)) - Jetty request log can only be enabled using Log4j
2019-09-03 13:21:41,027 [main] INFO  http.HttpServer2 (HttpServer2.java:addGlobalFilter(975)) - Added global filter 'safety' (class=org.apache.hadoop.http.HttpServer2$QuotingInputFilter)
2019-09-03 13:21:41,029 [main] INFO  http.HttpServer2 (HttpServer2.java:addFilter(948)) - Added filter static_user_filter (class=org.apache.hadoop.http.lib.StaticUserWebFilter$StaticUserFilter) to context hddsDatanode
2019-09-03 13:21:41,029 [main] INFO  http.HttpServer2 (HttpServer2.java:addFilter(958)) - Added filter static_user_filter (class=org.apache.hadoop.http.lib.StaticUserWebFilter$StaticUserFilter) to context static
2019-09-03 13:21:41,029 [main] INFO  http.HttpServer2 (HttpServer2.java:addFilter(958)) - Added filter static_user_filter (class=org.apache.hadoop.http.lib.StaticUserWebFilter$StaticUserFilter) to context logs
2019-09-03 13:21:41,030 [main] INFO  http.HttpServer2 (HttpServer2.java:bindListener(1191)) - Jetty bound to port 37915
2019-09-03 13:21:41,030 [main] INFO  server.Server (Server.java:doStart(351)) - jetty-9.3.24.v20180605, build timestamp: 2018-06-05T17:11:56Z, git hash: 84205aa28f11a4f31f2a3b86d1bba2cc8ab69827
2019-09-03 13:21:41,032 [main] INFO  handler.ContextHandler (ContextHandler.java:doStart(781)) - Started o.e.j.s.ServletContextHandler@3b4a1a75{/logs,file:///workdir/hadoop-ozone/integration-test/target/log,AVAILABLE}
2019-09-03 13:21:41,032 [main] INFO  handler.ContextHandler (ContextHandler.java:doStart(781)) - Started o.e.j.s.ServletContextHandler@276cc8dc{/static,jar:file:/home/user/.m2/repository/org/apache/hadoop/hadoop-hdds-container-service/0.5.0-SNAPSHOT/hadoop-hdds-container-service-0.5.0-SNAPSHOT.jar!/webapps/static,AVAILABLE}
2019-09-03 13:21:41,060 [main] INFO  handler.ContextHandler (ContextHandler.java:doStart(781)) - Started o.e.j.w.WebAppContext@1e1eeedd{/,file:///tmp/jetty-0.0.0.0-37915-hddsDatanode-_-any-3349886619026675388.dir/webapp/,AVAILABLE}{/hddsDatanode}
2019-09-03 13:21:41,061 [main] INFO  server.AbstractConnector (AbstractConnector.java:doStart(278)) - Started ServerConnector@798256c5{HTTP/1.1,[http/1.1]}{0.0.0.0:37915}
2019-09-03 13:21:41,062 [main] INFO  server.Server (Server.java:doStart(419)) - Started @45107ms
2019-09-03 13:21:41,062 [main] WARN  impl.MetricsSystemImpl (MetricsSystemImpl.java:register(276)) - Sink prometheus already exists!
2019-09-03 13:21:41,063 [main] INFO  server.BaseHttpServer (BaseHttpServer.java:updateConnectorAddress(215)) - HTTP server of HDDSDATANODE is listening at http://0.0.0.0:37915
2019-09-03 13:21:41,064 [main] INFO  impl.MetricsSystemImpl (MetricsSystemImpl.java:init(158)) - HddsDatanode metrics system started (again)
2019-09-03 13:21:41,067 [org.apache.hadoop.util.JvmPauseMonitor$Monitor@66a78ecf] INFO  util.JvmPauseMonitor (JvmPauseMonitor.java:run(188)) - Starting JVM pause monitor
2019-09-03 13:21:41,067 [main] INFO  ozone.HddsDatanodeService (HddsDatanodeService.java:start(184)) - HddsDatanodeService host:pr-hdds-2077-v5qkp-697056684 ip:192.168.34.13
2019-09-03 13:21:41,071 [Datanode State Machine Thread - 0] INFO  datanode.InitDatanodeState (InitDatanodeState.java:persistContainerDatanodeDetails(140)) - DatanodeDetails is persisted to /workdir/hadoop-ozone/integration-test/target/test-dir/MiniOzoneClusterImpl-5ccca07a-eefb-4de6-a136-ad00c66ed42b/datanode-2/meta/datanode.id
2019-09-03 13:21:41,074 [main] INFO  volume.HddsVolume (HddsVolume.java:<init>(176)) - Creating Volume: /workdir/hadoop-ozone/integration-test/target/test-dir/MiniOzoneClusterImpl-5ccca07a-eefb-4de6-a136-ad00c66ed42b/datanode-3/data/containers/hdds of  storage type : DISK and capacity : 1482555576320
2019-09-03 13:21:41,074 [main] INFO  volume.VolumeSet (VolumeSet.java:initializeVolumeSet(170)) - Added Volume : /workdir/hadoop-ozone/integration-test/target/test-dir/MiniOzoneClusterImpl-5ccca07a-eefb-4de6-a136-ad00c66ed42b/datanode-3/data/containers/hdds to VolumeSet
2019-09-03 13:21:41,075 [main] INFO  volume.ThrottledAsyncChecker (ThrottledAsyncChecker.java:schedule(140)) - Scheduling a check for org.apache.hadoop.ozone.container.common.volume.HddsVolume@2db1b657
2019-09-03 13:21:41,075 [main] INFO  volume.HddsVolumeChecker (HddsVolumeChecker.java:checkAllVolumes(203)) - Scheduled health check for volume org.apache.hadoop.ozone.container.common.volume.HddsVolume@2db1b657
2019-09-03 13:21:41,089 [main] INFO  impl.RaftServerProxy (ConfUtils.java:logGet(43)) - raft.rpc.type = GRPC (default)
2019-09-03 13:21:41,090 [main] INFO  grpc.GrpcFactory (GrpcFactory.java:checkPooledByteBufAllocatorUseCacheForAllThreads(45)) - PERFORMANCE WARNING: useCacheForAllThreads is true that may cause Netty to create a lot garbage objects and, as a result, trigger GC.
	It is recommended to disable useCacheForAllThreads by setting -Dorg.apache.ratis.thirdparty.io.netty.allocator.useCacheForAllThreads=false in command line.
2019-09-03 13:21:41,090 [main] INFO  grpc.GrpcConfigKeys$Server (ConfUtils.java:logGet(43)) - raft.grpc.server.port = 0 (default)
2019-09-03 13:21:41,090 [main] INFO  server.GrpcService (ConfUtils.java:logGet(43)) - raft.grpc.message.size.max = 33570816 (custom)
2019-09-03 13:21:41,090 [main] INFO  server.RaftServerConfigKeys (ConfUtils.java:logGet(43)) - raft.server.log.appender.buffer.byte-limit = 33554432 (custom)
2019-09-03 13:21:41,091 [main] INFO  server.GrpcService (ConfUtils.java:logGet(43)) - raft.grpc.flow.control.window = 1MB (=1048576) (default)
2019-09-03 13:21:41,091 [main] INFO  server.RaftServerConfigKeys (ConfUtils.java:logGet(43)) - raft.server.rpc.request.timeout = 3000ms (default)
2019-09-03 13:21:41,091 [main] INFO  server.RaftServerConfigKeys (ConfUtils.java:logGet(43)) - raft.server.storage.dir = [/workdir/hadoop-ozone/integration-test/target/test-dir/MiniOzoneClusterImpl-5ccca07a-eefb-4de6-a136-ad00c66ed42b/datanode-3/data/ratis] (custom)
2019-09-03 13:21:41,093 [main] INFO  hdfs.DFSUtil (DFSUtil.java:httpServerTemplateForNNAndJN(1641)) - Starting Web-server for hddsDatanode at: http://0.0.0.0:0
2019-09-03 13:21:41,094 [main] INFO  server.AuthenticationFilter (AuthenticationFilter.java:constructSecretProvider(240)) - Unable to initialize FileSignerSecretProvider, falling back to use random secrets.
2019-09-03 13:21:41,094 [main] WARN  http.HttpRequestLog (HttpRequestLog.java:getRequestLog(97)) - Jetty request log can only be enabled using Log4j
2019-09-03 13:21:41,095 [main] INFO  http.HttpServer2 (HttpServer2.java:addGlobalFilter(975)) - Added global filter 'safety' (class=org.apache.hadoop.http.HttpServer2$QuotingInputFilter)
2019-09-03 13:21:41,096 [main] INFO  http.HttpServer2 (HttpServer2.java:addFilter(948)) - Added filter static_user_filter (class=org.apache.hadoop.http.lib.StaticUserWebFilter$StaticUserFilter) to context hddsDatanode
2019-09-03 13:21:41,096 [main] INFO  http.HttpServer2 (HttpServer2.java:addFilter(958)) - Added filter static_user_filter (class=org.apache.hadoop.http.lib.StaticUserWebFilter$StaticUserFilter) to context logs
2019-09-03 13:21:41,096 [main] INFO  http.HttpServer2 (HttpServer2.java:addFilter(958)) - Added filter static_user_filter (class=org.apache.hadoop.http.lib.StaticUserWebFilter$StaticUserFilter) to context static
2019-09-03 13:21:41,097 [main] INFO  http.HttpServer2 (HttpServer2.java:bindListener(1191)) - Jetty bound to port 41013
2019-09-03 13:21:41,097 [main] INFO  server.Server (Server.java:doStart(351)) - jetty-9.3.24.v20180605, build timestamp: 2018-06-05T17:11:56Z, git hash: 84205aa28f11a4f31f2a3b86d1bba2cc8ab69827
2019-09-03 13:21:41,099 [main] INFO  handler.ContextHandler (ContextHandler.java:doStart(781)) - Started o.e.j.s.ServletContextHandler@71ed560f{/logs,file:///workdir/hadoop-ozone/integration-test/target/log,AVAILABLE}
2019-09-03 13:21:41,099 [main] INFO  handler.ContextHandler (ContextHandler.java:doStart(781)) - Started o.e.j.s.ServletContextHandler@58253c57{/static,jar:file:/home/user/.m2/repository/org/apache/hadoop/hadoop-hdds-container-service/0.5.0-SNAPSHOT/hadoop-hdds-container-service-0.5.0-SNAPSHOT.jar!/webapps/static,AVAILABLE}
2019-09-03 13:21:41,127 [main] INFO  handler.ContextHandler (ContextHandler.java:doStart(781)) - Started o.e.j.w.WebAppContext@7112ce6{/,file:///tmp/jetty-0.0.0.0-41013-hddsDatanode-_-any-4208101807547637578.dir/webapp/,AVAILABLE}{/hddsDatanode}
2019-09-03 13:21:41,127 [main] INFO  server.AbstractConnector (AbstractConnector.java:doStart(278)) - Started ServerConnector@558b4942{HTTP/1.1,[http/1.1]}{0.0.0.0:41013}
2019-09-03 13:21:41,129 [main] INFO  server.Server (Server.java:doStart(419)) - Started @45173ms
2019-09-03 13:21:41,129 [main] WARN  impl.MetricsSystemImpl (MetricsSystemImpl.java:register(276)) - Sink prometheus already exists!
2019-09-03 13:21:41,130 [main] INFO  server.BaseHttpServer (BaseHttpServer.java:updateConnectorAddress(215)) - HTTP server of HDDSDATANODE is listening at http://0.0.0.0:41013
2019-09-03 13:21:41,130 [main] INFO  impl.MetricsSystemImpl (MetricsSystemImpl.java:init(158)) - HddsDatanode metrics system started (again)
2019-09-03 13:21:41,134 [org.apache.hadoop.util.JvmPauseMonitor$Monitor@7eb8920c] INFO  util.JvmPauseMonitor (JvmPauseMonitor.java:run(188)) - Starting JVM pause monitor
2019-09-03 13:21:41,134 [main] INFO  ozone.HddsDatanodeService (HddsDatanodeService.java:start(184)) - HddsDatanodeService host:pr-hdds-2077-v5qkp-697056684 ip:192.168.34.13
2019-09-03 13:21:41,135 [Datanode State Machine Thread - 0] INFO  datanode.InitDatanodeState (InitDatanodeState.java:persistContainerDatanodeDetails(140)) - DatanodeDetails is persisted to /workdir/hadoop-ozone/integration-test/target/test-dir/MiniOzoneClusterImpl-5ccca07a-eefb-4de6-a136-ad00c66ed42b/datanode-3/meta/datanode.id
2019-09-03 13:21:41,140 [main] INFO  volume.HddsVolume (HddsVolume.java:<init>(176)) - Creating Volume: /workdir/hadoop-ozone/integration-test/target/test-dir/MiniOzoneClusterImpl-5ccca07a-eefb-4de6-a136-ad00c66ed42b/datanode-4/data/containers/hdds of  storage type : DISK and capacity : 1482555576320
2019-09-03 13:21:41,140 [main] INFO  volume.VolumeSet (VolumeSet.java:initializeVolumeSet(170)) - Added Volume : /workdir/hadoop-ozone/integration-test/target/test-dir/MiniOzoneClusterImpl-5ccca07a-eefb-4de6-a136-ad00c66ed42b/datanode-4/data/containers/hdds to VolumeSet
2019-09-03 13:21:41,140 [main] INFO  volume.ThrottledAsyncChecker (ThrottledAsyncChecker.java:schedule(140)) - Scheduling a check for org.apache.hadoop.ozone.container.common.volume.HddsVolume@3440e9cd
2019-09-03 13:21:41,141 [main] INFO  volume.HddsVolumeChecker (HddsVolumeChecker.java:checkAllVolumes(203)) - Scheduled health check for volume org.apache.hadoop.ozone.container.common.volume.HddsVolume@3440e9cd
2019-09-03 13:21:41,154 [main] INFO  impl.RaftServerProxy (ConfUtils.java:logGet(43)) - raft.rpc.type = GRPC (default)
2019-09-03 13:21:41,154 [main] INFO  grpc.GrpcFactory (GrpcFactory.java:checkPooledByteBufAllocatorUseCacheForAllThreads(45)) - PERFORMANCE WARNING: useCacheForAllThreads is true that may cause Netty to create a lot garbage objects and, as a result, trigger GC.
	It is recommended to disable useCacheForAllThreads by setting -Dorg.apache.ratis.thirdparty.io.netty.allocator.useCacheForAllThreads=false in command line.
2019-09-03 13:21:41,154 [main] INFO  grpc.GrpcConfigKeys$Server (ConfUtils.java:logGet(43)) - raft.grpc.server.port = 0 (default)
2019-09-03 13:21:41,154 [main] INFO  server.GrpcService (ConfUtils.java:logGet(43)) - raft.grpc.message.size.max = 33570816 (custom)
2019-09-03 13:21:41,154 [main] INFO  server.RaftServerConfigKeys (ConfUtils.java:logGet(43)) - raft.server.log.appender.buffer.byte-limit = 33554432 (custom)
2019-09-03 13:21:41,155 [main] INFO  server.GrpcService (ConfUtils.java:logGet(43)) - raft.grpc.flow.control.window = 1MB (=1048576) (default)
2019-09-03 13:21:41,155 [main] INFO  server.RaftServerConfigKeys (ConfUtils.java:logGet(43)) - raft.server.rpc.request.timeout = 3000ms (default)
2019-09-03 13:21:41,155 [main] INFO  server.RaftServerConfigKeys (ConfUtils.java:logGet(43)) - raft.server.storage.dir = [/workdir/hadoop-ozone/integration-test/target/test-dir/MiniOzoneClusterImpl-5ccca07a-eefb-4de6-a136-ad00c66ed42b/datanode-4/data/ratis] (custom)
2019-09-03 13:21:41,157 [main] INFO  hdfs.DFSUtil (DFSUtil.java:httpServerTemplateForNNAndJN(1641)) - Starting Web-server for hddsDatanode at: http://0.0.0.0:0
2019-09-03 13:21:41,158 [main] INFO  server.AuthenticationFilter (AuthenticationFilter.java:constructSecretProvider(240)) - Unable to initialize FileSignerSecretProvider, falling back to use random secrets.
2019-09-03 13:21:41,159 [main] WARN  http.HttpRequestLog (HttpRequestLog.java:getRequestLog(97)) - Jetty request log can only be enabled using Log4j
2019-09-03 13:21:41,160 [main] INFO  http.HttpServer2 (HttpServer2.java:addGlobalFilter(975)) - Added global filter 'safety' (class=org.apache.hadoop.http.HttpServer2$QuotingInputFilter)
2019-09-03 13:21:41,160 [main] INFO  http.HttpServer2 (HttpServer2.java:addFilter(948)) - Added filter static_user_filter (class=org.apache.hadoop.http.lib.StaticUserWebFilter$StaticUserFilter) to context hddsDatanode
2019-09-03 13:21:41,161 [main] INFO  http.HttpServer2 (HttpServer2.java:addFilter(958)) - Added filter static_user_filter (class=org.apache.hadoop.http.lib.StaticUserWebFilter$StaticUserFilter) to context logs
2019-09-03 13:21:41,161 [main] INFO  http.HttpServer2 (HttpServer2.java:addFilter(958)) - Added filter static_user_filter (class=org.apache.hadoop.http.lib.StaticUserWebFilter$StaticUserFilter) to context static
2019-09-03 13:21:41,161 [main] INFO  http.HttpServer2 (HttpServer2.java:bindListener(1191)) - Jetty bound to port 41712
2019-09-03 13:21:41,162 [main] INFO  server.Server (Server.java:doStart(351)) - jetty-9.3.24.v20180605, build timestamp: 2018-06-05T17:11:56Z, git hash: 84205aa28f11a4f31f2a3b86d1bba2cc8ab69827
2019-09-03 13:21:41,163 [main] INFO  handler.ContextHandler (ContextHandler.java:doStart(781)) - Started o.e.j.s.ServletContextHandler@77f991c{/logs,file:///workdir/hadoop-ozone/integration-test/target/log,AVAILABLE}
2019-09-03 13:21:41,164 [main] INFO  handler.ContextHandler (ContextHandler.java:doStart(781)) - Started o.e.j.s.ServletContextHandler@2ceee4b6{/static,jar:file:/home/user/.m2/repository/org/apache/hadoop/hadoop-hdds-container-service/0.5.0-SNAPSHOT/hadoop-hdds-container-service-0.5.0-SNAPSHOT.jar!/webapps/static,AVAILABLE}
2019-09-03 13:21:41,192 [main] INFO  handler.ContextHandler (ContextHandler.java:doStart(781)) - Started o.e.j.w.WebAppContext@36e43829{/,file:///tmp/jetty-0.0.0.0-41712-hddsDatanode-_-any-6731061429225736597.dir/webapp/,AVAILABLE}{/hddsDatanode}
2019-09-03 13:21:41,192 [main] INFO  server.AbstractConnector (AbstractConnector.java:doStart(278)) - Started ServerConnector@152c4495{HTTP/1.1,[http/1.1]}{0.0.0.0:41712}
2019-09-03 13:21:41,194 [main] INFO  server.Server (Server.java:doStart(419)) - Started @45239ms
2019-09-03 13:21:41,194 [main] WARN  impl.MetricsSystemImpl (MetricsSystemImpl.java:register(276)) - Sink prometheus already exists!
2019-09-03 13:21:41,195 [main] INFO  server.BaseHttpServer (BaseHttpServer.java:updateConnectorAddress(215)) - HTTP server of HDDSDATANODE is listening at http://0.0.0.0:41712
2019-09-03 13:21:41,195 [main] INFO  impl.MetricsSystemImpl (MetricsSystemImpl.java:init(158)) - HddsDatanode metrics system started (again)
2019-09-03 13:21:41,200 [main] INFO  ozone.HddsDatanodeService (HddsDatanodeService.java:start(184)) - HddsDatanodeService host:pr-hdds-2077-v5qkp-697056684 ip:192.168.34.13
2019-09-03 13:21:41,200 [org.apache.hadoop.util.JvmPauseMonitor$Monitor@302bcbbd] INFO  util.JvmPauseMonitor (JvmPauseMonitor.java:run(188)) - Starting JVM pause monitor
2019-09-03 13:21:41,202 [Datanode State Machine Thread - 0] INFO  datanode.InitDatanodeState (InitDatanodeState.java:persistContainerDatanodeDetails(140)) - DatanodeDetails is persisted to /workdir/hadoop-ozone/integration-test/target/test-dir/MiniOzoneClusterImpl-5ccca07a-eefb-4de6-a136-ad00c66ed42b/datanode-4/meta/datanode.id
2019-09-03 13:21:41,206 [main] INFO  volume.HddsVolume (HddsVolume.java:<init>(176)) - Creating Volume: /workdir/hadoop-ozone/integration-test/target/test-dir/MiniOzoneClusterImpl-5ccca07a-eefb-4de6-a136-ad00c66ed42b/datanode-5/data/containers/hdds of  storage type : DISK and capacity : 1482555576320
2019-09-03 13:21:41,207 [main] INFO  volume.VolumeSet (VolumeSet.java:initializeVolumeSet(170)) - Added Volume : /workdir/hadoop-ozone/integration-test/target/test-dir/MiniOzoneClusterImpl-5ccca07a-eefb-4de6-a136-ad00c66ed42b/datanode-5/data/containers/hdds to VolumeSet
2019-09-03 13:21:41,207 [main] INFO  volume.ThrottledAsyncChecker (ThrottledAsyncChecker.java:schedule(140)) - Scheduling a check for org.apache.hadoop.ozone.container.common.volume.HddsVolume@36d33f4
2019-09-03 13:21:41,207 [main] INFO  volume.HddsVolumeChecker (HddsVolumeChecker.java:checkAllVolumes(203)) - Scheduled health check for volume org.apache.hadoop.ozone.container.common.volume.HddsVolume@36d33f4
2019-09-03 13:21:41,225 [main] INFO  impl.RaftServerProxy (ConfUtils.java:logGet(43)) - raft.rpc.type = GRPC (default)
2019-09-03 13:21:41,225 [main] INFO  grpc.GrpcFactory (GrpcFactory.java:checkPooledByteBufAllocatorUseCacheForAllThreads(45)) - PERFORMANCE WARNING: useCacheForAllThreads is true that may cause Netty to create a lot garbage objects and, as a result, trigger GC.
	It is recommended to disable useCacheForAllThreads by setting -Dorg.apache.ratis.thirdparty.io.netty.allocator.useCacheForAllThreads=false in command line.
2019-09-03 13:21:41,225 [main] INFO  grpc.GrpcConfigKeys$Server (ConfUtils.java:logGet(43)) - raft.grpc.server.port = 0 (default)
2019-09-03 13:21:41,225 [main] INFO  server.GrpcService (ConfUtils.java:logGet(43)) - raft.grpc.message.size.max = 33570816 (custom)
2019-09-03 13:21:41,226 [main] INFO  server.RaftServerConfigKeys (ConfUtils.java:logGet(43)) - raft.server.log.appender.buffer.byte-limit = 33554432 (custom)
2019-09-03 13:21:41,226 [main] INFO  server.GrpcService (ConfUtils.java:logGet(43)) - raft.grpc.flow.control.window = 1MB (=1048576) (default)
2019-09-03 13:21:41,226 [main] INFO  server.RaftServerConfigKeys (ConfUtils.java:logGet(43)) - raft.server.rpc.request.timeout = 3000ms (default)
2019-09-03 13:21:41,227 [main] INFO  server.RaftServerConfigKeys (ConfUtils.java:logGet(43)) - raft.server.storage.dir = [/workdir/hadoop-ozone/integration-test/target/test-dir/MiniOzoneClusterImpl-5ccca07a-eefb-4de6-a136-ad00c66ed42b/datanode-5/data/ratis] (custom)
2019-09-03 13:21:41,228 [main] INFO  hdfs.DFSUtil (DFSUtil.java:httpServerTemplateForNNAndJN(1641)) - Starting Web-server for hddsDatanode at: http://0.0.0.0:0
2019-09-03 13:21:41,229 [main] INFO  server.AuthenticationFilter (AuthenticationFilter.java:constructSecretProvider(240)) - Unable to initialize FileSignerSecretProvider, falling back to use random secrets.
2019-09-03 13:21:41,229 [main] WARN  http.HttpRequestLog (HttpRequestLog.java:getRequestLog(97)) - Jetty request log can only be enabled using Log4j
2019-09-03 13:21:41,231 [main] INFO  http.HttpServer2 (HttpServer2.java:addGlobalFilter(975)) - Added global filter 'safety' (class=org.apache.hadoop.http.HttpServer2$QuotingInputFilter)
2019-09-03 13:21:41,231 [main] INFO  http.HttpServer2 (HttpServer2.java:addFilter(948)) - Added filter static_user_filter (class=org.apache.hadoop.http.lib.StaticUserWebFilter$StaticUserFilter) to context hddsDatanode
2019-09-03 13:21:41,231 [main] INFO  http.HttpServer2 (HttpServer2.java:addFilter(958)) - Added filter static_user_filter (class=org.apache.hadoop.http.lib.StaticUserWebFilter$StaticUserFilter) to context logs
2019-09-03 13:21:41,231 [main] INFO  http.HttpServer2 (HttpServer2.java:addFilter(958)) - Added filter static_user_filter (class=org.apache.hadoop.http.lib.StaticUserWebFilter$StaticUserFilter) to context static
2019-09-03 13:21:41,232 [main] INFO  http.HttpServer2 (HttpServer2.java:bindListener(1191)) - Jetty bound to port 38921
2019-09-03 13:21:41,232 [main] INFO  server.Server (Server.java:doStart(351)) - jetty-9.3.24.v20180605, build timestamp: 2018-06-05T17:11:56Z, git hash: 84205aa28f11a4f31f2a3b86d1bba2cc8ab69827
2019-09-03 13:21:41,234 [main] INFO  handler.ContextHandler (ContextHandler.java:doStart(781)) - Started o.e.j.s.ServletContextHandler@771a7d53{/logs,file:///workdir/hadoop-ozone/integration-test/target/log,AVAILABLE}
2019-09-03 13:21:41,235 [main] INFO  handler.ContextHandler (ContextHandler.java:doStart(781)) - Started o.e.j.s.ServletContextHandler@e95595b{/static,jar:file:/home/user/.m2/repository/org/apache/hadoop/hadoop-hdds-container-service/0.5.0-SNAPSHOT/hadoop-hdds-container-service-0.5.0-SNAPSHOT.jar!/webapps/static,AVAILABLE}
2019-09-03 13:21:41,262 [main] INFO  handler.ContextHandler (ContextHandler.java:doStart(781)) - Started o.e.j.w.WebAppContext@4887de2b{/,file:///tmp/jetty-0.0.0.0-38921-hddsDatanode-_-any-4539878035998116221.dir/webapp/,AVAILABLE}{/hddsDatanode}
2019-09-03 13:21:41,262 [main] INFO  server.AbstractConnector (AbstractConnector.java:doStart(278)) - Started ServerConnector@3b4825f0{HTTP/1.1,[http/1.1]}{0.0.0.0:38921}
2019-09-03 13:21:41,263 [main] INFO  server.Server (Server.java:doStart(419)) - Started @45308ms
2019-09-03 13:21:41,264 [main] WARN  impl.MetricsSystemImpl (MetricsSystemImpl.java:register(276)) - Sink prometheus already exists!
2019-09-03 13:21:41,264 [main] INFO  server.BaseHttpServer (BaseHttpServer.java:updateConnectorAddress(215)) - HTTP server of HDDSDATANODE is listening at http://0.0.0.0:38921
2019-09-03 13:21:41,264 [main] INFO  impl.MetricsSystemImpl (MetricsSystemImpl.java:init(158)) - HddsDatanode metrics system started (again)
2019-09-03 13:21:41,269 [main] INFO  ozone.HddsDatanodeService (HddsDatanodeService.java:start(184)) - HddsDatanodeService host:pr-hdds-2077-v5qkp-697056684 ip:192.168.34.13
2019-09-03 13:21:41,270 [org.apache.hadoop.util.JvmPauseMonitor$Monitor@6b14c83b] INFO  util.JvmPauseMonitor (JvmPauseMonitor.java:run(188)) - Starting JVM pause monitor
2019-09-03 13:21:41,271 [Datanode State Machine Thread - 0] INFO  datanode.InitDatanodeState (InitDatanodeState.java:persistContainerDatanodeDetails(140)) - DatanodeDetails is persisted to /workdir/hadoop-ozone/integration-test/target/test-dir/MiniOzoneClusterImpl-5ccca07a-eefb-4de6-a136-ad00c66ed42b/datanode-5/meta/datanode.id
2019-09-03 13:21:41,276 [main] INFO  volume.HddsVolume (HddsVolume.java:<init>(176)) - Creating Volume: /workdir/hadoop-ozone/integration-test/target/test-dir/MiniOzoneClusterImpl-5ccca07a-eefb-4de6-a136-ad00c66ed42b/datanode-6/data/containers/hdds of  storage type : DISK and capacity : 1482555576320
2019-09-03 13:21:41,276 [main] INFO  volume.VolumeSet (VolumeSet.java:initializeVolumeSet(170)) - Added Volume : /workdir/hadoop-ozone/integration-test/target/test-dir/MiniOzoneClusterImpl-5ccca07a-eefb-4de6-a136-ad00c66ed42b/datanode-6/data/containers/hdds to VolumeSet
2019-09-03 13:21:41,277 [main] INFO  volume.ThrottledAsyncChecker (ThrottledAsyncChecker.java:schedule(140)) - Scheduling a check for org.apache.hadoop.ozone.container.common.volume.HddsVolume@1d858300
2019-09-03 13:21:41,277 [main] INFO  volume.HddsVolumeChecker (HddsVolumeChecker.java:checkAllVolumes(203)) - Scheduled health check for volume org.apache.hadoop.ozone.container.common.volume.HddsVolume@1d858300
2019-09-03 13:21:41,293 [main] INFO  impl.RaftServerProxy (ConfUtils.java:logGet(43)) - raft.rpc.type = GRPC (default)
2019-09-03 13:21:41,293 [main] INFO  grpc.GrpcFactory (GrpcFactory.java:checkPooledByteBufAllocatorUseCacheForAllThreads(45)) - PERFORMANCE WARNING: useCacheForAllThreads is true that may cause Netty to create a lot garbage objects and, as a result, trigger GC.
	It is recommended to disable useCacheForAllThreads by setting -Dorg.apache.ratis.thirdparty.io.netty.allocator.useCacheForAllThreads=false in command line.
2019-09-03 13:21:41,293 [main] INFO  grpc.GrpcConfigKeys$Server (ConfUtils.java:logGet(43)) - raft.grpc.server.port = 0 (default)
2019-09-03 13:21:41,294 [main] INFO  server.GrpcService (ConfUtils.java:logGet(43)) - raft.grpc.message.size.max = 33570816 (custom)
2019-09-03 13:21:41,294 [main] INFO  server.RaftServerConfigKeys (ConfUtils.java:logGet(43)) - raft.server.log.appender.buffer.byte-limit = 33554432 (custom)
2019-09-03 13:21:41,294 [main] INFO  server.GrpcService (ConfUtils.java:logGet(43)) - raft.grpc.flow.control.window = 1MB (=1048576) (default)
2019-09-03 13:21:41,294 [main] INFO  server.RaftServerConfigKeys (ConfUtils.java:logGet(43)) - raft.server.rpc.request.timeout = 3000ms (default)
2019-09-03 13:21:41,295 [main] INFO  server.RaftServerConfigKeys (ConfUtils.java:logGet(43)) - raft.server.storage.dir = [/workdir/hadoop-ozone/integration-test/target/test-dir/MiniOzoneClusterImpl-5ccca07a-eefb-4de6-a136-ad00c66ed42b/datanode-6/data/ratis] (custom)
2019-09-03 13:21:41,296 [main] INFO  hdfs.DFSUtil (DFSUtil.java:httpServerTemplateForNNAndJN(1641)) - Starting Web-server for hddsDatanode at: http://0.0.0.0:0
2019-09-03 13:21:41,297 [main] INFO  server.AuthenticationFilter (AuthenticationFilter.java:constructSecretProvider(240)) - Unable to initialize FileSignerSecretProvider, falling back to use random secrets.
2019-09-03 13:21:41,298 [main] WARN  http.HttpRequestLog (HttpRequestLog.java:getRequestLog(97)) - Jetty request log can only be enabled using Log4j
2019-09-03 13:21:41,299 [main] INFO  http.HttpServer2 (HttpServer2.java:addGlobalFilter(975)) - Added global filter 'safety' (class=org.apache.hadoop.http.HttpServer2$QuotingInputFilter)
2019-09-03 13:21:41,299 [main] INFO  http.HttpServer2 (HttpServer2.java:addFilter(948)) - Added filter static_user_filter (class=org.apache.hadoop.http.lib.StaticUserWebFilter$StaticUserFilter) to context hddsDatanode
2019-09-03 13:21:41,300 [main] INFO  http.HttpServer2 (HttpServer2.java:addFilter(958)) - Added filter static_user_filter (class=org.apache.hadoop.http.lib.StaticUserWebFilter$StaticUserFilter) to context logs
2019-09-03 13:21:41,300 [main] INFO  http.HttpServer2 (HttpServer2.java:addFilter(958)) - Added filter static_user_filter (class=org.apache.hadoop.http.lib.StaticUserWebFilter$StaticUserFilter) to context static
2019-09-03 13:21:41,301 [main] INFO  http.HttpServer2 (HttpServer2.java:bindListener(1191)) - Jetty bound to port 45004
2019-09-03 13:21:41,301 [main] INFO  server.Server (Server.java:doStart(351)) - jetty-9.3.24.v20180605, build timestamp: 2018-06-05T17:11:56Z, git hash: 84205aa28f11a4f31f2a3b86d1bba2cc8ab69827
2019-09-03 13:21:41,303 [main] INFO  handler.ContextHandler (ContextHandler.java:doStart(781)) - Started o.e.j.s.ServletContextHandler@77c1e611{/logs,file:///workdir/hadoop-ozone/integration-test/target/log,AVAILABLE}
2019-09-03 13:21:41,303 [main] INFO  handler.ContextHandler (ContextHandler.java:doStart(781)) - Started o.e.j.s.ServletContextHandler@5a97b17c{/static,jar:file:/home/user/.m2/repository/org/apache/hadoop/hadoop-hdds-container-service/0.5.0-SNAPSHOT/hadoop-hdds-container-service-0.5.0-SNAPSHOT.jar!/webapps/static,AVAILABLE}
2019-09-03 13:21:41,330 [main] INFO  handler.ContextHandler (ContextHandler.java:doStart(781)) - Started o.e.j.w.WebAppContext@1b9d9a2b{/,file:///tmp/jetty-0.0.0.0-45004-hddsDatanode-_-any-4299736646407246552.dir/webapp/,AVAILABLE}{/hddsDatanode}
2019-09-03 13:21:41,330 [main] INFO  server.AbstractConnector (AbstractConnector.java:doStart(278)) - Started ServerConnector@d919544{HTTP/1.1,[http/1.1]}{0.0.0.0:45004}
2019-09-03 13:21:41,332 [main] INFO  server.Server (Server.java:doStart(419)) - Started @45377ms
2019-09-03 13:21:41,332 [main] WARN  impl.MetricsSystemImpl (MetricsSystemImpl.java:register(276)) - Sink prometheus already exists!
2019-09-03 13:21:41,333 [main] INFO  server.BaseHttpServer (BaseHttpServer.java:updateConnectorAddress(215)) - HTTP server of HDDSDATANODE is listening at http://0.0.0.0:45004
2019-09-03 13:21:41,333 [main] INFO  ozone.MiniOzoneClusterImpl (MiniOzoneClusterImpl.java:lambda$waitForClusterToBeReady$0(140)) - Waiting for cluster to be ready. Got 0 of 7 DN Heartbeats.
2019-09-03 13:21:41,338 [org.apache.hadoop.util.JvmPauseMonitor$Monitor@518a8c02] INFO  util.JvmPauseMonitor (JvmPauseMonitor.java:run(188)) - Starting JVM pause monitor
2019-09-03 13:21:41,339 [Datanode State Machine Thread - 0] INFO  datanode.InitDatanodeState (InitDatanodeState.java:persistContainerDatanodeDetails(140)) - DatanodeDetails is persisted to /workdir/hadoop-ozone/integration-test/target/test-dir/MiniOzoneClusterImpl-5ccca07a-eefb-4de6-a136-ad00c66ed42b/datanode-6/meta/datanode.id
2019-09-03 13:21:42,335 [main] INFO  ozone.MiniOzoneClusterImpl (MiniOzoneClusterImpl.java:lambda$waitForClusterToBeReady$0(140)) - Waiting for cluster to be ready. Got 0 of 7 DN Heartbeats.
2019-09-03 13:21:42,971 [Datanode State Machine Thread - 0] INFO  ozoneimpl.OzoneContainer (OzoneContainer.java:start(201)) - Attempting to start container services.
2019-09-03 13:21:42,974 [Datanode State Machine Thread - 0] INFO  ozoneimpl.OzoneContainer (OzoneContainer.java:startContainerScrub(175)) - Background container scrubber has been disabled by hdds.containerscrub.enabled
2019-09-03 13:21:42,974 [Datanode State Machine Thread - 0] INFO  ratis.XceiverServerRatis (XceiverServerRatis.java:start(393)) - Starting XceiverServerRatis 64eb636b-e622-44a3-83bf-2cb002fcd160 at port 0
2019-09-03 13:21:42,980 [Datanode State Machine Thread - 0] INFO  impl.RaftServerProxy (RaftServerProxy.java:lambda$start$3(299)) - 64eb636b-e622-44a3-83bf-2cb002fcd160: start RPC server
2019-09-03 13:21:42,982 [Datanode State Machine Thread - 0] INFO  server.GrpcService (GrpcService.java:startImpl(149)) - 64eb636b-e622-44a3-83bf-2cb002fcd160: GrpcService started, listening on 0.0.0.0/0.0.0.0:41623
2019-09-03 13:21:42,982 [Datanode State Machine Thread - 0] INFO  ratis.XceiverServerRatis (XceiverServerRatis.java:start(403)) - XceiverServerRatis 64eb636b-e622-44a3-83bf-2cb002fcd160 is started using port 41623
2019-09-03 13:21:42,987 [Datanode State Machine Thread - 0] INFO  server.XceiverServerGrpc (XceiverServerGrpc.java:start(163)) - XceiverServerGrpc 64eb636b-e622-44a3-83bf-2cb002fcd160 is started using port 46825
2019-09-03 13:21:43,019 [Datanode State Machine Thread - 0] INFO  ozoneimpl.OzoneContainer (OzoneContainer.java:start(201)) - Attempting to start container services.
2019-09-03 13:21:43,022 [Datanode State Machine Thread - 0] INFO  ozoneimpl.OzoneContainer (OzoneContainer.java:startContainerScrub(175)) - Background container scrubber has been disabled by hdds.containerscrub.enabled
2019-09-03 13:21:43,022 [Datanode State Machine Thread - 0] INFO  ratis.XceiverServerRatis (XceiverServerRatis.java:start(393)) - Starting XceiverServerRatis 97533b1c-7c0e-4acf-a6c1-8f7ac298e9a8 at port 0
2019-09-03 13:21:43,028 [Datanode State Machine Thread - 0] INFO  impl.RaftServerProxy (RaftServerProxy.java:lambda$start$3(299)) - 97533b1c-7c0e-4acf-a6c1-8f7ac298e9a8: start RPC server
2019-09-03 13:21:43,030 [Datanode State Machine Thread - 0] INFO  server.GrpcService (GrpcService.java:startImpl(149)) - 97533b1c-7c0e-4acf-a6c1-8f7ac298e9a8: GrpcService started, listening on 0.0.0.0/0.0.0.0:40465
2019-09-03 13:21:43,030 [Datanode State Machine Thread - 0] INFO  ratis.XceiverServerRatis (XceiverServerRatis.java:start(403)) - XceiverServerRatis 97533b1c-7c0e-4acf-a6c1-8f7ac298e9a8 is started using port 40465
2019-09-03 13:21:43,031 [Datanode State Machine Thread - 0] INFO  server.XceiverServerGrpc (XceiverServerGrpc.java:start(163)) - XceiverServerGrpc 97533b1c-7c0e-4acf-a6c1-8f7ac298e9a8 is started using port 37615
2019-09-03 13:21:43,081 [Datanode State Machine Thread - 0] INFO  ozoneimpl.OzoneContainer (OzoneContainer.java:start(201)) - Attempting to start container services.
2019-09-03 13:21:43,087 [Datanode State Machine Thread - 0] INFO  ozoneimpl.OzoneContainer (OzoneContainer.java:startContainerScrub(175)) - Background container scrubber has been disabled by hdds.containerscrub.enabled
2019-09-03 13:21:43,087 [Datanode State Machine Thread - 0] INFO  ratis.XceiverServerRatis (XceiverServerRatis.java:start(393)) - Starting XceiverServerRatis 93b11029-f257-4e92-bdcf-d2536ff5e681 at port 0
2019-09-03 13:21:43,092 [Datanode State Machine Thread - 0] INFO  impl.RaftServerProxy (RaftServerProxy.java:lambda$start$3(299)) - 93b11029-f257-4e92-bdcf-d2536ff5e681: start RPC server
2019-09-03 13:21:43,093 [Datanode State Machine Thread - 0] INFO  server.GrpcService (GrpcService.java:startImpl(149)) - 93b11029-f257-4e92-bdcf-d2536ff5e681: GrpcService started, listening on 0.0.0.0/0.0.0.0:44576
2019-09-03 13:21:43,093 [Datanode State Machine Thread - 0] INFO  ratis.XceiverServerRatis (XceiverServerRatis.java:start(403)) - XceiverServerRatis 93b11029-f257-4e92-bdcf-d2536ff5e681 is started using port 44576
2019-09-03 13:21:43,099 [Datanode State Machine Thread - 0] INFO  server.XceiverServerGrpc (XceiverServerGrpc.java:start(163)) - XceiverServerGrpc 93b11029-f257-4e92-bdcf-d2536ff5e681 is started using port 38406
2019-09-03 13:21:43,150 [Datanode State Machine Thread - 0] INFO  ozoneimpl.OzoneContainer (OzoneContainer.java:start(201)) - Attempting to start container services.
2019-09-03 13:21:43,150 [Datanode State Machine Thread - 0] INFO  ozoneimpl.OzoneContainer (OzoneContainer.java:startContainerScrub(175)) - Background container scrubber has been disabled by hdds.containerscrub.enabled
2019-09-03 13:21:43,150 [Datanode State Machine Thread - 0] INFO  ratis.XceiverServerRatis (XceiverServerRatis.java:start(393)) - Starting XceiverServerRatis 6a8167cd-c22a-4fc4-a15e-fd6bf639f419 at port 0
2019-09-03 13:21:43,156 [Datanode State Machine Thread - 0] INFO  impl.RaftServerProxy (RaftServerProxy.java:lambda$start$3(299)) - 6a8167cd-c22a-4fc4-a15e-fd6bf639f419: start RPC server
2019-09-03 13:21:43,157 [Datanode State Machine Thread - 0] INFO  server.GrpcService (GrpcService.java:startImpl(149)) - 6a8167cd-c22a-4fc4-a15e-fd6bf639f419: GrpcService started, listening on 0.0.0.0/0.0.0.0:34640
2019-09-03 13:21:43,158 [Datanode State Machine Thread - 0] INFO  ratis.XceiverServerRatis (XceiverServerRatis.java:start(403)) - XceiverServerRatis 6a8167cd-c22a-4fc4-a15e-fd6bf639f419 is started using port 34640
2019-09-03 13:21:43,159 [Datanode State Machine Thread - 0] INFO  server.XceiverServerGrpc (XceiverServerGrpc.java:start(163)) - XceiverServerGrpc 6a8167cd-c22a-4fc4-a15e-fd6bf639f419 is started using port 44129
2019-09-03 13:21:43,213 [Datanode State Machine Thread - 0] INFO  ozoneimpl.OzoneContainer (OzoneContainer.java:start(201)) - Attempting to start container services.
2019-09-03 13:21:43,214 [Datanode State Machine Thread - 0] INFO  ozoneimpl.OzoneContainer (OzoneContainer.java:startContainerScrub(175)) - Background container scrubber has been disabled by hdds.containerscrub.enabled
2019-09-03 13:21:43,214 [Datanode State Machine Thread - 0] INFO  ratis.XceiverServerRatis (XceiverServerRatis.java:start(393)) - Starting XceiverServerRatis 77e0a80b-8a2d-4a4d-80e4-5c2088ef816c at port 0
2019-09-03 13:21:43,219 [Datanode State Machine Thread - 0] INFO  impl.RaftServerProxy (RaftServerProxy.java:lambda$start$3(299)) - 77e0a80b-8a2d-4a4d-80e4-5c2088ef816c: start RPC server
2019-09-03 13:21:43,220 [Datanode State Machine Thread - 0] INFO  server.GrpcService (GrpcService.java:startImpl(149)) - 77e0a80b-8a2d-4a4d-80e4-5c2088ef816c: GrpcService started, listening on 0.0.0.0/0.0.0.0:43898
2019-09-03 13:21:43,220 [Datanode State Machine Thread - 0] INFO  ratis.XceiverServerRatis (XceiverServerRatis.java:start(403)) - XceiverServerRatis 77e0a80b-8a2d-4a4d-80e4-5c2088ef816c is started using port 43898
2019-09-03 13:21:43,221 [Datanode State Machine Thread - 0] INFO  server.XceiverServerGrpc (XceiverServerGrpc.java:start(163)) - XceiverServerGrpc 77e0a80b-8a2d-4a4d-80e4-5c2088ef816c is started using port 37428
2019-09-03 13:21:43,284 [Datanode State Machine Thread - 0] INFO  ozoneimpl.OzoneContainer (OzoneContainer.java:start(201)) - Attempting to start container services.
2019-09-03 13:21:43,285 [Datanode State Machine Thread - 0] INFO  ozoneimpl.OzoneContainer (OzoneContainer.java:startContainerScrub(175)) - Background container scrubber has been disabled by hdds.containerscrub.enabled
2019-09-03 13:21:43,285 [Datanode State Machine Thread - 0] INFO  ratis.XceiverServerRatis (XceiverServerRatis.java:start(393)) - Starting XceiverServerRatis 9fd2e8bf-6fc9-4e37-b01d-233d0c9c394e at port 0
2019-09-03 13:21:43,291 [Datanode State Machine Thread - 0] INFO  impl.RaftServerProxy (RaftServerProxy.java:lambda$start$3(299)) - 9fd2e8bf-6fc9-4e37-b01d-233d0c9c394e: start RPC server
2019-09-03 13:21:43,292 [Datanode State Machine Thread - 0] INFO  server.GrpcService (GrpcService.java:startImpl(149)) - 9fd2e8bf-6fc9-4e37-b01d-233d0c9c394e: GrpcService started, listening on 0.0.0.0/0.0.0.0:44076
2019-09-03 13:21:43,292 [Datanode State Machine Thread - 0] INFO  ratis.XceiverServerRatis (XceiverServerRatis.java:start(403)) - XceiverServerRatis 9fd2e8bf-6fc9-4e37-b01d-233d0c9c394e is started using port 44076
2019-09-03 13:21:43,294 [Datanode State Machine Thread - 0] INFO  server.XceiverServerGrpc (XceiverServerGrpc.java:start(163)) - XceiverServerGrpc 9fd2e8bf-6fc9-4e37-b01d-233d0c9c394e is started using port 44271
2019-09-03 13:21:43,336 [main] INFO  ozone.MiniOzoneClusterImpl (MiniOzoneClusterImpl.java:lambda$waitForClusterToBeReady$0(140)) - Waiting for cluster to be ready. Got 0 of 7 DN Heartbeats.
2019-09-03 13:21:43,352 [Datanode State Machine Thread - 0] INFO  ozoneimpl.OzoneContainer (OzoneContainer.java:start(201)) - Attempting to start container services.
2019-09-03 13:21:43,352 [Datanode State Machine Thread - 0] INFO  ozoneimpl.OzoneContainer (OzoneContainer.java:startContainerScrub(175)) - Background container scrubber has been disabled by hdds.containerscrub.enabled
2019-09-03 13:21:43,352 [Datanode State Machine Thread - 0] INFO  ratis.XceiverServerRatis (XceiverServerRatis.java:start(393)) - Starting XceiverServerRatis c457019c-a5f1-4607-8867-a3c94525b4a3 at port 0
2019-09-03 13:21:43,358 [Datanode State Machine Thread - 0] INFO  impl.RaftServerProxy (RaftServerProxy.java:lambda$start$3(299)) - c457019c-a5f1-4607-8867-a3c94525b4a3: start RPC server
2019-09-03 13:21:43,359 [Datanode State Machine Thread - 0] INFO  server.GrpcService (GrpcService.java:startImpl(149)) - c457019c-a5f1-4607-8867-a3c94525b4a3: GrpcService started, listening on 0.0.0.0/0.0.0.0:45616
2019-09-03 13:21:43,359 [Datanode State Machine Thread - 0] INFO  ratis.XceiverServerRatis (XceiverServerRatis.java:start(403)) - XceiverServerRatis c457019c-a5f1-4607-8867-a3c94525b4a3 is started using port 45616
2019-09-03 13:21:43,360 [Datanode State Machine Thread - 0] INFO  server.XceiverServerGrpc (XceiverServerGrpc.java:start(163)) - XceiverServerGrpc c457019c-a5f1-4607-8867-a3c94525b4a3 is started using port 41793
2019-09-03 13:21:44,336 [main] INFO  ozone.MiniOzoneClusterImpl (MiniOzoneClusterImpl.java:lambda$waitForClusterToBeReady$0(140)) - Waiting for cluster to be ready. Got 0 of 7 DN Heartbeats.
2019-09-03 13:21:44,920 [IPC Server handler 5 on 45848] INFO  net.NetworkTopology (NetworkTopologyImpl.java:add(110)) - Added a new node: /default-rack/64eb636b-e622-44a3-83bf-2cb002fcd160
2019-09-03 13:21:44,924 [IPC Server handler 5 on 45848] INFO  node.SCMNodeManager (SCMNodeManager.java:register(266)) - Registered Data node : 64eb636b-e622-44a3-83bf-2cb002fcd160{ip: 192.168.34.13, host: pr-hdds-2077-v5qkp-697056684, networkLocation: /default-rack, certSerialId: null}
2019-09-03 13:21:44,925 [EventQueue-NodeRegistrationContainerReportForDataNodeSafeModeRule] INFO  safemode.SCMSafeModeManager (DataNodeSafeModeRule.java:process(71)) - SCM in safe mode. 1 DataNodes registered, 1 required.
2019-09-03 13:21:44,928 [EventQueue-NodeRegistrationContainerReportForDataNodeSafeModeRule] INFO  safemode.SCMSafeModeManager (SCMSafeModeManager.java:validateSafeModeExitRules(177)) - ScmSafeModeManager, all rules are successfully validated
2019-09-03 13:21:44,928 [EventQueue-NodeRegistrationContainerReportForDataNodeSafeModeRule] INFO  safemode.SCMSafeModeManager (SCMSafeModeManager.java:exitSafeMode(193)) - SCM exiting safe mode.
2019-09-03 13:21:44,947 [grpc-default-executor-3] INFO  impl.RaftServerProxy (RaftServerProxy.java:addNew(89)) - 64eb636b-e622-44a3-83bf-2cb002fcd160: addNew group-9E8F8AA7F63A:[64eb636b-e622-44a3-83bf-2cb002fcd160:192.168.34.13:41623] returns group-9E8F8AA7F63A:java.util.concurrent.CompletableFuture@f5a9fe6[Not completed]
2019-09-03 13:21:44,949 [pool-119-thread-1] INFO  impl.RaftServerImpl (RaftServerImpl.java:<init>(93)) - 64eb636b-e622-44a3-83bf-2cb002fcd160: new RaftServerImpl for group-9E8F8AA7F63A:[64eb636b-e622-44a3-83bf-2cb002fcd160:192.168.34.13:41623] with ContainerStateMachine:uninitialized
2019-09-03 13:21:44,949 [pool-119-thread-1] INFO  server.RaftServerConfigKeys (ConfUtils.java:logGet(43)) - raft.server.rpc.timeout.min = 5s (custom)
2019-09-03 13:21:44,949 [pool-119-thread-1] INFO  server.RaftServerConfigKeys (ConfUtils.java:logGet(43)) - raft.server.rpc.timeout.max = 5200ms (custom)
2019-09-03 13:21:44,949 [pool-119-thread-1] INFO  server.RaftServerConfigKeys (ConfUtils.java:logGet(43)) - raft.server.rpcslowness.timeout = 120s (custom)
2019-09-03 13:21:44,950 [pool-119-thread-1] INFO  server.RaftServerConfigKeys (ConfUtils.java:logGet(43)) - raft.server.sleep.deviation.threshold = 300 (default)
2019-09-03 13:21:44,950 [pool-119-thread-1] INFO  server.RaftServerConfigKeys (ConfUtils.java:logGet(43)) - raft.server.log.appender.install.snapshot.enabled = false (custom)
2019-09-03 13:21:44,950 [pool-119-thread-1] INFO  impl.RaftServerImpl (ServerState.java:<init>(105)) - 64eb636b-e622-44a3-83bf-2cb002fcd160:group-9E8F8AA7F63A ConfigurationManager, init=-1: [64eb636b-e622-44a3-83bf-2cb002fcd160:192.168.34.13:41623], old=null, confs=<EMPTY_MAP>
2019-09-03 13:21:44,950 [pool-119-thread-1] INFO  server.RaftServerConfigKeys (ConfUtils.java:logGet(43)) - raft.server.storage.dir = [/workdir/hadoop-ozone/integration-test/target/test-dir/MiniOzoneClusterImpl-5ccca07a-eefb-4de6-a136-ad00c66ed42b/datanode-0/data/ratis] (custom)
2019-09-03 13:21:44,951 [pool-119-thread-1] INFO  storage.RaftStorageDirectory (RaftStorageDirectory.java:analyzeStorage(246)) - The storage directory /workdir/hadoop-ozone/integration-test/target/test-dir/MiniOzoneClusterImpl-5ccca07a-eefb-4de6-a136-ad00c66ed42b/datanode-0/data/ratis/18a2ba39-58e9-46c8-bf96-9e8f8aa7f63a does not exist. Creating ...
2019-09-03 13:21:44,964 [pool-119-thread-1] INFO  storage.RaftStorageDirectory (RaftStorageDirectory.java:tryLock(328)) - Lock on /workdir/hadoop-ozone/integration-test/target/test-dir/MiniOzoneClusterImpl-5ccca07a-eefb-4de6-a136-ad00c66ed42b/datanode-0/data/ratis/18a2ba39-58e9-46c8-bf96-9e8f8aa7f63a/in_use.lock acquired by nodename 15961@pr-hdds-2077-v5qkp-697056684
2019-09-03 13:21:44,978 [pool-119-thread-1] INFO  storage.RaftStorage (RaftStorage.java:format(72)) - Storage directory /workdir/hadoop-ozone/integration-test/target/test-dir/MiniOzoneClusterImpl-5ccca07a-eefb-4de6-a136-ad00c66ed42b/datanode-0/data/ratis/18a2ba39-58e9-46c8-bf96-9e8f8aa7f63a has been successfully formatted.
2019-09-03 13:21:44,978 [pool-119-thread-1] INFO  ratis.ContainerStateMachine (ContainerStateMachine.java:loadSnapshot(227)) - group-9E8F8AA7F63A: The snapshot info is null. Setting the last applied indexto:(t:0, i:~)
2019-09-03 13:21:44,978 [pool-119-thread-1] INFO  server.RaftServerConfigKeys (ConfUtils.java:logGet(43)) - raft.server.leader.election.timeout = 120s (custom)
2019-09-03 13:21:44,978 [pool-119-thread-1] INFO  server.RaftServerConfigKeys (ConfUtils.java:logGet(43)) - raft.server.log.use.memory = false (default)
2019-09-03 13:21:44,979 [pool-119-thread-1] INFO  server.RaftServerConfigKeys (ConfUtils.java:logGet(43)) - raft.server.log.purge.gap = 1000000 (custom)
2019-09-03 13:21:44,979 [pool-119-thread-1] INFO  server.RaftServerConfigKeys (ConfUtils.java:logGet(43)) - raft.server.log.appender.buffer.byte-limit = 33554432 (custom)
2019-09-03 13:21:44,979 [pool-119-thread-1] INFO  server.RaftServerConfigKeys (ConfUtils.java:logGet(43)) - raft.server.log.segment.size.max = 1048576 (custom)
2019-09-03 13:21:44,979 [pool-119-thread-1] INFO  server.RaftServerConfigKeys (ConfUtils.java:logGet(43)) - raft.server.log.segment.cache.num.max = 2 (custom)
2019-09-03 13:21:44,979 [pool-119-thread-1] INFO  segmented.SegmentedRaftLogWorker (SegmentedRaftLogWorker.java:<init>(172)) - new 64eb636b-e622-44a3-83bf-2cb002fcd160-SegmentedRaftLogWorker:Storage Directory /workdir/hadoop-ozone/integration-test/target/test-dir/MiniOzoneClusterImpl-5ccca07a-eefb-4de6-a136-ad00c66ed42b/datanode-0/data/ratis/18a2ba39-58e9-46c8-bf96-9e8f8aa7f63a for RaftStorage:Storage Directory /workdir/hadoop-ozone/integration-test/target/test-dir/MiniOzoneClusterImpl-5ccca07a-eefb-4de6-a136-ad00c66ed42b/datanode-0/data/ratis/18a2ba39-58e9-46c8-bf96-9e8f8aa7f63a
2019-09-03 13:21:44,979 [pool-119-thread-1] INFO  server.RaftServerConfigKeys (ConfUtils.java:logGet(43)) - raft.server.log.queue.byte-limit = 2147483647 (custom)
2019-09-03 13:21:44,980 [pool-119-thread-1] INFO  server.RaftServerConfigKeys (ConfUtils.java:logGet(43)) - raft.server.log.queue.element-limit = 1024 (custom)
2019-09-03 13:21:44,980 [pool-119-thread-1] INFO  server.RaftServerConfigKeys (ConfUtils.java:logGet(43)) - raft.server.log.segment.size.max = 1048576 (custom)
2019-09-03 13:21:44,980 [pool-119-thread-1] INFO  server.RaftServerConfigKeys (ConfUtils.java:logGet(43)) - raft.server.log.preallocated.size = 16384 (custom)
2019-09-03 13:21:44,980 [pool-119-thread-1] INFO  server.RaftServerConfigKeys (ConfUtils.java:logGet(43)) - raft.server.log.write.buffer.size = 33554432 (custom)
2019-09-03 13:21:44,980 [pool-119-thread-1] INFO  server.RaftServerConfigKeys (ConfUtils.java:logGet(43)) - raft.server.log.force.sync.num = 128 (default)
2019-09-03 13:21:44,980 [pool-119-thread-1] INFO  server.RaftServerConfigKeys (ConfUtils.java:logGet(43)) - raft.server.log.statemachine.data.sync = true (default)
2019-09-03 13:21:44,981 [pool-119-thread-1] INFO  server.RaftServerConfigKeys (ConfUtils.java:logGet(43)) - raft.server.log.statemachine.data.sync.timeout = 10s (default)
2019-09-03 13:21:44,981 [pool-119-thread-1] INFO  server.RaftServerConfigKeys (ConfUtils.java:logGet(43)) - raft.server.log.statemachine.data.sync.timeout.retry = -1 (default)
2019-09-03 13:21:44,981 [pool-119-thread-1] INFO  server.RaftServerConfigKeys (ConfUtils.java:logGet(43)) - raft.server.log.statemachine.data.caching.enabled = true (custom)
2019-09-03 13:21:44,981 [pool-119-thread-1] INFO  segmented.SegmentedRaftLogWorker (SegmentedRaftLogWorker.java:lambda$new$0(132)) - 64eb636b-e622-44a3-83bf-2cb002fcd160-SegmentedRaftLogWorker:Storage Directory /workdir/hadoop-ozone/integration-test/target/test-dir/MiniOzoneClusterImpl-5ccca07a-eefb-4de6-a136-ad00c66ed42b/datanode-0/data/ratis/18a2ba39-58e9-46c8-bf96-9e8f8aa7f63a: flushIndex: setUnconditionally 0 -> -1
2019-09-03 13:21:44,982 [pool-119-thread-1] INFO  server.RaftServerConfigKeys (ConfUtils.java:logGet(43)) - raft.server.snapshot.auto.trigger.enabled = true (custom)
2019-09-03 13:21:44,982 [pool-119-thread-1] INFO  server.RaftServerConfigKeys (ConfUtils.java:logGet(43)) - raft.server.snapshot.auto.trigger.threshold = 10000 (custom)
2019-09-03 13:21:44,982 [pool-119-thread-1] INFO  server.RaftServerConfigKeys (ConfUtils.java:logGet(43)) - raft.server.retrycache.expirytime = 600000ms (custom)
2019-09-03 13:21:44,982 [pool-119-thread-1] INFO  impl.RaftServerImpl (RaftServerImpl.java:start(180)) - 64eb636b-e622-44a3-83bf-2cb002fcd160: start group-9E8F8AA7F63A
2019-09-03 13:21:44,982 [pool-119-thread-1] INFO  impl.RaftServerImpl (RaftServerImpl.java:setRole(171)) - 64eb636b-e622-44a3-83bf-2cb002fcd160:group-9E8F8AA7F63A changes role from null to FOLLOWER at term 0 for startAsFollower
2019-09-03 13:21:44,983 [pool-119-thread-1] INFO  impl.RoleInfo (RoleInfo.java:updateAndGet(143)) - 64eb636b-e622-44a3-83bf-2cb002fcd160: start FollowerState
2019-09-03 13:21:44,983 [pool-119-thread-1] INFO  util.JmxRegister (JmxRegister.java:tryRegister(44)) - Successfully registered JMX Bean with object name Ratis:service=RaftServer,group=group-9E8F8AA7F63A,id=64eb636b-e622-44a3-83bf-2cb002fcd160
2019-09-03 13:21:44,987 [RatisPipelineUtilsThread] INFO  pipeline.PipelineStateManager (PipelineStateManager.java:addPipeline(56)) - Created pipeline Pipeline[ Id: 18a2ba39-58e9-46c8-bf96-9e8f8aa7f63a, Nodes: 64eb636b-e622-44a3-83bf-2cb002fcd160{ip: 192.168.34.13, host: pr-hdds-2077-v5qkp-697056684, networkLocation: /default-rack, certSerialId: null}, Type:RATIS, Factor:ONE, State:OPEN]
2019-09-03 13:21:44,991 [IPC Server handler 3 on 45848] INFO  net.NetworkTopology (NetworkTopologyImpl.java:add(110)) - Added a new node: /default-rack/97533b1c-7c0e-4acf-a6c1-8f7ac298e9a8
2019-09-03 13:21:44,991 [IPC Server handler 3 on 45848] INFO  node.SCMNodeManager (SCMNodeManager.java:register(266)) - Registered Data node : 97533b1c-7c0e-4acf-a6c1-8f7ac298e9a8{ip: 192.168.34.13, host: pr-hdds-2077-v5qkp-697056684, networkLocation: /default-rack, certSerialId: null}
2019-09-03 13:21:45,002 [grpc-default-executor-3] INFO  impl.RaftServerProxy (RaftServerProxy.java:addNew(89)) - 97533b1c-7c0e-4acf-a6c1-8f7ac298e9a8: addNew group-8DB154367C02:[97533b1c-7c0e-4acf-a6c1-8f7ac298e9a8:192.168.34.13:40465] returns group-8DB154367C02:java.util.concurrent.CompletableFuture@629770bf[Not completed]
2019-09-03 13:21:45,003 [pool-129-thread-1] INFO  impl.RaftServerImpl (RaftServerImpl.java:<init>(93)) - 97533b1c-7c0e-4acf-a6c1-8f7ac298e9a8: new RaftServerImpl for group-8DB154367C02:[97533b1c-7c0e-4acf-a6c1-8f7ac298e9a8:192.168.34.13:40465] with ContainerStateMachine:uninitialized
2019-09-03 13:21:45,003 [pool-129-thread-1] INFO  server.RaftServerConfigKeys (ConfUtils.java:logGet(43)) - raft.server.rpc.timeout.min = 5s (custom)
2019-09-03 13:21:45,003 [pool-129-thread-1] INFO  server.RaftServerConfigKeys (ConfUtils.java:logGet(43)) - raft.server.rpc.timeout.max = 5200ms (custom)
2019-09-03 13:21:45,003 [pool-129-thread-1] INFO  server.RaftServerConfigKeys (ConfUtils.java:logGet(43)) - raft.server.rpcslowness.timeout = 120s (custom)
2019-09-03 13:21:45,004 [pool-129-thread-1] INFO  server.RaftServerConfigKeys (ConfUtils.java:logGet(43)) - raft.server.sleep.deviation.threshold = 300 (default)
2019-09-03 13:21:45,004 [pool-129-thread-1] INFO  server.RaftServerConfigKeys (ConfUtils.java:logGet(43)) - raft.server.log.appender.install.snapshot.enabled = false (custom)
2019-09-03 13:21:45,004 [pool-129-thread-1] INFO  impl.RaftServerImpl (ServerState.java:<init>(105)) - 97533b1c-7c0e-4acf-a6c1-8f7ac298e9a8:group-8DB154367C02 ConfigurationManager, init=-1: [97533b1c-7c0e-4acf-a6c1-8f7ac298e9a8:192.168.34.13:40465], old=null, confs=<EMPTY_MAP>
2019-09-03 13:21:45,004 [pool-129-thread-1] INFO  server.RaftServerConfigKeys (ConfUtils.java:logGet(43)) - raft.server.storage.dir = [/workdir/hadoop-ozone/integration-test/target/test-dir/MiniOzoneClusterImpl-5ccca07a-eefb-4de6-a136-ad00c66ed42b/datanode-1/data/ratis] (custom)
2019-09-03 13:21:45,004 [pool-129-thread-1] INFO  storage.RaftStorageDirectory (RaftStorageDirectory.java:analyzeStorage(246)) - The storage directory /workdir/hadoop-ozone/integration-test/target/test-dir/MiniOzoneClusterImpl-5ccca07a-eefb-4de6-a136-ad00c66ed42b/datanode-1/data/ratis/6d924c89-bef2-44d2-afb4-8db154367c02 does not exist. Creating ...
2019-09-03 13:21:45,017 [pool-129-thread-1] INFO  storage.RaftStorageDirectory (RaftStorageDirectory.java:tryLock(328)) - Lock on /workdir/hadoop-ozone/integration-test/target/test-dir/MiniOzoneClusterImpl-5ccca07a-eefb-4de6-a136-ad00c66ed42b/datanode-1/data/ratis/6d924c89-bef2-44d2-afb4-8db154367c02/in_use.lock acquired by nodename 15961@pr-hdds-2077-v5qkp-697056684
2019-09-03 13:21:45,031 [pool-129-thread-1] INFO  storage.RaftStorage (RaftStorage.java:format(72)) - Storage directory /workdir/hadoop-ozone/integration-test/target/test-dir/MiniOzoneClusterImpl-5ccca07a-eefb-4de6-a136-ad00c66ed42b/datanode-1/data/ratis/6d924c89-bef2-44d2-afb4-8db154367c02 has been successfully formatted.
2019-09-03 13:21:45,031 [pool-129-thread-1] INFO  ratis.ContainerStateMachine (ContainerStateMachine.java:loadSnapshot(227)) - group-8DB154367C02: The snapshot info is null. Setting the last applied indexto:(t:0, i:~)
2019-09-03 13:21:45,032 [pool-129-thread-1] INFO  server.RaftServerConfigKeys (ConfUtils.java:logGet(43)) - raft.server.leader.election.timeout = 120s (custom)
2019-09-03 13:21:45,032 [pool-129-thread-1] INFO  server.RaftServerConfigKeys (ConfUtils.java:logGet(43)) - raft.server.log.use.memory = false (default)
2019-09-03 13:21:45,032 [pool-129-thread-1] INFO  server.RaftServerConfigKeys (ConfUtils.java:logGet(43)) - raft.server.log.purge.gap = 1000000 (custom)
2019-09-03 13:21:45,032 [pool-129-thread-1] INFO  server.RaftServerConfigKeys (ConfUtils.java:logGet(43)) - raft.server.log.appender.buffer.byte-limit = 33554432 (custom)
2019-09-03 13:21:45,032 [pool-129-thread-1] INFO  server.RaftServerConfigKeys (ConfUtils.java:logGet(43)) - raft.server.log.segment.size.max = 1048576 (custom)
2019-09-03 13:21:45,032 [pool-129-thread-1] INFO  server.RaftServerConfigKeys (ConfUtils.java:logGet(43)) - raft.server.log.segment.cache.num.max = 2 (custom)
2019-09-03 13:21:45,033 [pool-129-thread-1] INFO  segmented.SegmentedRaftLogWorker (SegmentedRaftLogWorker.java:<init>(172)) - new 97533b1c-7c0e-4acf-a6c1-8f7ac298e9a8-SegmentedRaftLogWorker:Storage Directory /workdir/hadoop-ozone/integration-test/target/test-dir/MiniOzoneClusterImpl-5ccca07a-eefb-4de6-a136-ad00c66ed42b/datanode-1/data/ratis/6d924c89-bef2-44d2-afb4-8db154367c02 for RaftStorage:Storage Directory /workdir/hadoop-ozone/integration-test/target/test-dir/MiniOzoneClusterImpl-5ccca07a-eefb-4de6-a136-ad00c66ed42b/datanode-1/data/ratis/6d924c89-bef2-44d2-afb4-8db154367c02
2019-09-03 13:21:45,033 [pool-129-thread-1] INFO  server.RaftServerConfigKeys (ConfUtils.java:logGet(43)) - raft.server.log.queue.byte-limit = 2147483647 (custom)
2019-09-03 13:21:45,033 [pool-129-thread-1] INFO  server.RaftServerConfigKeys (ConfUtils.java:logGet(43)) - raft.server.log.queue.element-limit = 1024 (custom)
2019-09-03 13:21:45,033 [pool-129-thread-1] INFO  server.RaftServerConfigKeys (ConfUtils.java:logGet(43)) - raft.server.log.segment.size.max = 1048576 (custom)
2019-09-03 13:21:45,033 [pool-129-thread-1] INFO  server.RaftServerConfigKeys (ConfUtils.java:logGet(43)) - raft.server.log.preallocated.size = 16384 (custom)
2019-09-03 13:21:45,034 [pool-129-thread-1] INFO  server.RaftServerConfigKeys (ConfUtils.java:logGet(43)) - raft.server.log.write.buffer.size = 33554432 (custom)
2019-09-03 13:21:45,034 [pool-129-thread-1] INFO  server.RaftServerConfigKeys (ConfUtils.java:logGet(43)) - raft.server.log.force.sync.num = 128 (default)
2019-09-03 13:21:45,034 [pool-129-thread-1] INFO  server.RaftServerConfigKeys (ConfUtils.java:logGet(43)) - raft.server.log.statemachine.data.sync = true (default)
2019-09-03 13:21:45,034 [pool-129-thread-1] INFO  server.RaftServerConfigKeys (ConfUtils.java:logGet(43)) - raft.server.log.statemachine.data.sync.timeout = 10s (default)
2019-09-03 13:21:45,034 [pool-129-thread-1] INFO  server.RaftServerConfigKeys (ConfUtils.java:logGet(43)) - raft.server.log.statemachine.data.sync.timeout.retry = -1 (default)
2019-09-03 13:21:45,034 [pool-129-thread-1] INFO  server.RaftServerConfigKeys (ConfUtils.java:logGet(43)) - raft.server.log.statemachine.data.caching.enabled = true (custom)
2019-09-03 13:21:45,035 [pool-129-thread-1] INFO  segmented.SegmentedRaftLogWorker (SegmentedRaftLogWorker.java:lambda$new$0(132)) - 97533b1c-7c0e-4acf-a6c1-8f7ac298e9a8-SegmentedRaftLogWorker:Storage Directory /workdir/hadoop-ozone/integration-test/target/test-dir/MiniOzoneClusterImpl-5ccca07a-eefb-4de6-a136-ad00c66ed42b/datanode-1/data/ratis/6d924c89-bef2-44d2-afb4-8db154367c02: flushIndex: setUnconditionally 0 -> -1
2019-09-03 13:21:45,035 [pool-129-thread-1] INFO  server.RaftServerConfigKeys (ConfUtils.java:logGet(43)) - raft.server.snapshot.auto.trigger.enabled = true (custom)
2019-09-03 13:21:45,035 [pool-129-thread-1] INFO  server.RaftServerConfigKeys (ConfUtils.java:logGet(43)) - raft.server.snapshot.auto.trigger.threshold = 10000 (custom)
2019-09-03 13:21:45,036 [pool-129-thread-1] INFO  server.RaftServerConfigKeys (ConfUtils.java:logGet(43)) - raft.server.retrycache.expirytime = 600000ms (custom)
2019-09-03 13:21:45,036 [pool-129-thread-1] INFO  impl.RaftServerImpl (RaftServerImpl.java:start(180)) - 97533b1c-7c0e-4acf-a6c1-8f7ac298e9a8: start group-8DB154367C02
2019-09-03 13:21:45,036 [pool-129-thread-1] INFO  impl.RaftServerImpl (RaftServerImpl.java:setRole(171)) - 97533b1c-7c0e-4acf-a6c1-8f7ac298e9a8:group-8DB154367C02 changes role from null to FOLLOWER at term 0 for startAsFollower
2019-09-03 13:21:45,036 [pool-129-thread-1] INFO  impl.RoleInfo (RoleInfo.java:updateAndGet(143)) - 97533b1c-7c0e-4acf-a6c1-8f7ac298e9a8: start FollowerState
2019-09-03 13:21:45,036 [pool-129-thread-1] INFO  util.JmxRegister (JmxRegister.java:tryRegister(44)) - Successfully registered JMX Bean with object name Ratis:service=RaftServer,group=group-8DB154367C02,id=97533b1c-7c0e-4acf-a6c1-8f7ac298e9a8
2019-09-03 13:21:45,039 [RatisPipelineUtilsThread] INFO  pipeline.PipelineStateManager (PipelineStateManager.java:addPipeline(56)) - Created pipeline Pipeline[ Id: 6d924c89-bef2-44d2-afb4-8db154367c02, Nodes: 97533b1c-7c0e-4acf-a6c1-8f7ac298e9a8{ip: 192.168.34.13, host: pr-hdds-2077-v5qkp-697056684, networkLocation: /default-rack, certSerialId: null}, Type:RATIS, Factor:ONE, State:OPEN]
2019-09-03 13:21:45,068 [IPC Server handler 1 on 45848] INFO  net.NetworkTopology (NetworkTopologyImpl.java:add(110)) - Added a new node: /default-rack/93b11029-f257-4e92-bdcf-d2536ff5e681
2019-09-03 13:21:45,068 [IPC Server handler 1 on 45848] INFO  node.SCMNodeManager (SCMNodeManager.java:register(266)) - Registered Data node : 93b11029-f257-4e92-bdcf-d2536ff5e681{ip: 192.168.34.13, host: pr-hdds-2077-v5qkp-697056684, networkLocation: /default-rack, certSerialId: null}
2019-09-03 13:21:45,078 [grpc-default-executor-3] INFO  impl.RaftServerProxy (RaftServerProxy.java:addNew(89)) - 93b11029-f257-4e92-bdcf-d2536ff5e681: addNew group-20B15A7549B9:[93b11029-f257-4e92-bdcf-d2536ff5e681:192.168.34.13:44576] returns group-20B15A7549B9:java.util.concurrent.CompletableFuture@1528aa00[Not completed]
2019-09-03 13:21:45,083 [pool-139-thread-1] INFO  impl.RaftServerImpl (RaftServerImpl.java:<init>(93)) - 93b11029-f257-4e92-bdcf-d2536ff5e681: new RaftServerImpl for group-20B15A7549B9:[93b11029-f257-4e92-bdcf-d2536ff5e681:192.168.34.13:44576] with ContainerStateMachine:uninitialized
2019-09-03 13:21:45,083 [pool-139-thread-1] INFO  server.RaftServerConfigKeys (ConfUtils.java:logGet(43)) - raft.server.rpc.timeout.min = 5s (custom)
2019-09-03 13:21:45,083 [pool-139-thread-1] INFO  server.RaftServerConfigKeys (ConfUtils.java:logGet(43)) - raft.server.rpc.timeout.max = 5200ms (custom)
2019-09-03 13:21:45,083 [pool-139-thread-1] INFO  server.RaftServerConfigKeys (ConfUtils.java:logGet(43)) - raft.server.rpcslowness.timeout = 120s (custom)
2019-09-03 13:21:45,083 [pool-139-thread-1] INFO  server.RaftServerConfigKeys (ConfUtils.java:logGet(43)) - raft.server.sleep.deviation.threshold = 300 (default)
2019-09-03 13:21:45,083 [pool-139-thread-1] INFO  server.RaftServerConfigKeys (ConfUtils.java:logGet(43)) - raft.server.log.appender.install.snapshot.enabled = false (custom)
2019-09-03 13:21:45,083 [pool-139-thread-1] INFO  impl.RaftServerImpl (ServerState.java:<init>(105)) - 93b11029-f257-4e92-bdcf-d2536ff5e681:group-20B15A7549B9 ConfigurationManager, init=-1: [93b11029-f257-4e92-bdcf-d2536ff5e681:192.168.34.13:44576], old=null, confs=<EMPTY_MAP>
2019-09-03 13:21:45,083 [pool-139-thread-1] INFO  server.RaftServerConfigKeys (ConfUtils.java:logGet(43)) - raft.server.storage.dir = [/workdir/hadoop-ozone/integration-test/target/test-dir/MiniOzoneClusterImpl-5ccca07a-eefb-4de6-a136-ad00c66ed42b/datanode-2/data/ratis] (custom)
2019-09-03 13:21:45,084 [pool-139-thread-1] INFO  storage.RaftStorageDirectory (RaftStorageDirectory.java:analyzeStorage(246)) - The storage directory /workdir/hadoop-ozone/integration-test/target/test-dir/MiniOzoneClusterImpl-5ccca07a-eefb-4de6-a136-ad00c66ed42b/datanode-2/data/ratis/c0c09184-14b0-4d26-9573-20b15a7549b9 does not exist. Creating ...
2019-09-03 13:21:45,096 [pool-139-thread-1] INFO  storage.RaftStorageDirectory (RaftStorageDirectory.java:tryLock(328)) - Lock on /workdir/hadoop-ozone/integration-test/target/test-dir/MiniOzoneClusterImpl-5ccca07a-eefb-4de6-a136-ad00c66ed42b/datanode-2/data/ratis/c0c09184-14b0-4d26-9573-20b15a7549b9/in_use.lock acquired by nodename 15961@pr-hdds-2077-v5qkp-697056684
2019-09-03 13:21:45,109 [pool-139-thread-1] INFO  storage.RaftStorage (RaftStorage.java:format(72)) - Storage directory /workdir/hadoop-ozone/integration-test/target/test-dir/MiniOzoneClusterImpl-5ccca07a-eefb-4de6-a136-ad00c66ed42b/datanode-2/data/ratis/c0c09184-14b0-4d26-9573-20b15a7549b9 has been successfully formatted.
2019-09-03 13:21:45,109 [pool-139-thread-1] INFO  ratis.ContainerStateMachine (ContainerStateMachine.java:loadSnapshot(227)) - group-20B15A7549B9: The snapshot info is null. Setting the last applied indexto:(t:0, i:~)
2019-09-03 13:21:45,110 [pool-139-thread-1] INFO  server.RaftServerConfigKeys (ConfUtils.java:logGet(43)) - raft.server.leader.election.timeout = 120s (custom)
2019-09-03 13:21:45,110 [pool-139-thread-1] INFO  server.RaftServerConfigKeys (ConfUtils.java:logGet(43)) - raft.server.log.use.memory = false (default)
2019-09-03 13:21:45,110 [pool-139-thread-1] INFO  server.RaftServerConfigKeys (ConfUtils.java:logGet(43)) - raft.server.log.purge.gap = 1000000 (custom)
2019-09-03 13:21:45,110 [pool-139-thread-1] INFO  server.RaftServerConfigKeys (ConfUtils.java:logGet(43)) - raft.server.log.appender.buffer.byte-limit = 33554432 (custom)
2019-09-03 13:21:45,110 [pool-139-thread-1] INFO  server.RaftServerConfigKeys (ConfUtils.java:logGet(43)) - raft.server.log.segment.size.max = 1048576 (custom)
2019-09-03 13:21:45,110 [pool-139-thread-1] INFO  server.RaftServerConfigKeys (ConfUtils.java:logGet(43)) - raft.server.log.segment.cache.num.max = 2 (custom)
2019-09-03 13:21:45,110 [pool-139-thread-1] INFO  segmented.SegmentedRaftLogWorker (SegmentedRaftLogWorker.java:<init>(172)) - new 93b11029-f257-4e92-bdcf-d2536ff5e681-SegmentedRaftLogWorker:Storage Directory /workdir/hadoop-ozone/integration-test/target/test-dir/MiniOzoneClusterImpl-5ccca07a-eefb-4de6-a136-ad00c66ed42b/datanode-2/data/ratis/c0c09184-14b0-4d26-9573-20b15a7549b9 for RaftStorage:Storage Directory /workdir/hadoop-ozone/integration-test/target/test-dir/MiniOzoneClusterImpl-5ccca07a-eefb-4de6-a136-ad00c66ed42b/datanode-2/data/ratis/c0c09184-14b0-4d26-9573-20b15a7549b9
2019-09-03 13:21:45,111 [pool-139-thread-1] INFO  server.RaftServerConfigKeys (ConfUtils.java:logGet(43)) - raft.server.log.queue.byte-limit = 2147483647 (custom)
2019-09-03 13:21:45,111 [pool-139-thread-1] INFO  server.RaftServerConfigKeys (ConfUtils.java:logGet(43)) - raft.server.log.queue.element-limit = 1024 (custom)
2019-09-03 13:21:45,111 [pool-139-thread-1] INFO  server.RaftServerConfigKeys (ConfUtils.java:logGet(43)) - raft.server.log.segment.size.max = 1048576 (custom)
2019-09-03 13:21:45,111 [pool-139-thread-1] INFO  server.RaftServerConfigKeys (ConfUtils.java:logGet(43)) - raft.server.log.preallocated.size = 16384 (custom)
2019-09-03 13:21:45,111 [pool-139-thread-1] INFO  server.RaftServerConfigKeys (ConfUtils.java:logGet(43)) - raft.server.log.write.buffer.size = 33554432 (custom)
2019-09-03 13:21:45,111 [pool-139-thread-1] INFO  server.RaftServerConfigKeys (ConfUtils.java:logGet(43)) - raft.server.log.force.sync.num = 128 (default)
2019-09-03 13:21:45,112 [pool-139-thread-1] INFO  server.RaftServerConfigKeys (ConfUtils.java:logGet(43)) - raft.server.log.statemachine.data.sync = true (default)
2019-09-03 13:21:45,112 [pool-139-thread-1] INFO  server.RaftServerConfigKeys (ConfUtils.java:logGet(43)) - raft.server.log.statemachine.data.sync.timeout = 10s (default)
2019-09-03 13:21:45,112 [pool-139-thread-1] INFO  server.RaftServerConfigKeys (ConfUtils.java:logGet(43)) - raft.server.log.statemachine.data.sync.timeout.retry = -1 (default)
2019-09-03 13:21:45,112 [pool-139-thread-1] INFO  server.RaftServerConfigKeys (ConfUtils.java:logGet(43)) - raft.server.log.statemachine.data.caching.enabled = true (custom)
2019-09-03 13:21:45,113 [pool-139-thread-1] INFO  segmented.SegmentedRaftLogWorker (SegmentedRaftLogWorker.java:lambda$new$0(132)) - 93b11029-f257-4e92-bdcf-d2536ff5e681-SegmentedRaftLogWorker:Storage Directory /workdir/hadoop-ozone/integration-test/target/test-dir/MiniOzoneClusterImpl-5ccca07a-eefb-4de6-a136-ad00c66ed42b/datanode-2/data/ratis/c0c09184-14b0-4d26-9573-20b15a7549b9: flushIndex: setUnconditionally 0 -> -1
2019-09-03 13:21:45,113 [pool-139-thread-1] INFO  server.RaftServerConfigKeys (ConfUtils.java:logGet(43)) - raft.server.snapshot.auto.trigger.enabled = true (custom)
2019-09-03 13:21:45,113 [pool-139-thread-1] INFO  server.RaftServerConfigKeys (ConfUtils.java:logGet(43)) - raft.server.snapshot.auto.trigger.threshold = 10000 (custom)
2019-09-03 13:21:45,113 [pool-139-thread-1] INFO  server.RaftServerConfigKeys (ConfUtils.java:logGet(43)) - raft.server.retrycache.expirytime = 600000ms (custom)
2019-09-03 13:21:45,113 [pool-139-thread-1] INFO  impl.RaftServerImpl (RaftServerImpl.java:start(180)) - 93b11029-f257-4e92-bdcf-d2536ff5e681: start group-20B15A7549B9
2019-09-03 13:21:45,113 [pool-139-thread-1] INFO  impl.RaftServerImpl (RaftServerImpl.java:setRole(171)) - 93b11029-f257-4e92-bdcf-d2536ff5e681:group-20B15A7549B9 changes role from null to FOLLOWER at term 0 for startAsFollower
2019-09-03 13:21:45,114 [pool-139-thread-1] INFO  impl.RoleInfo (RoleInfo.java:updateAndGet(143)) - 93b11029-f257-4e92-bdcf-d2536ff5e681: start FollowerState
2019-09-03 13:21:45,114 [pool-139-thread-1] INFO  util.JmxRegister (JmxRegister.java:tryRegister(44)) - Successfully registered JMX Bean with object name Ratis:service=RaftServer,group=group-20B15A7549B9,id=93b11029-f257-4e92-bdcf-d2536ff5e681
2019-09-03 13:21:45,117 [RatisPipelineUtilsThread] INFO  pipeline.PipelineStateManager (PipelineStateManager.java:addPipeline(56)) - Created pipeline Pipeline[ Id: c0c09184-14b0-4d26-9573-20b15a7549b9, Nodes: 93b11029-f257-4e92-bdcf-d2536ff5e681{ip: 192.168.34.13, host: pr-hdds-2077-v5qkp-697056684, networkLocation: /default-rack, certSerialId: null}, Type:RATIS, Factor:ONE, State:OPEN]
2019-09-03 13:21:45,140 [IPC Server handler 2 on 45848] INFO  net.NetworkTopology (NetworkTopologyImpl.java:add(110)) - Added a new node: /default-rack/6a8167cd-c22a-4fc4-a15e-fd6bf639f419
2019-09-03 13:21:45,140 [IPC Server handler 2 on 45848] INFO  node.SCMNodeManager (SCMNodeManager.java:register(266)) - Registered Data node : 6a8167cd-c22a-4fc4-a15e-fd6bf639f419{ip: 192.168.34.13, host: pr-hdds-2077-v5qkp-697056684, networkLocation: /default-rack, certSerialId: null}
2019-09-03 13:21:45,141 [grpc-default-executor-1] INFO  impl.RaftServerProxy (RaftServerProxy.java:addNew(89)) - 64eb636b-e622-44a3-83bf-2cb002fcd160: addNew group-6A547D266DB7:[93b11029-f257-4e92-bdcf-d2536ff5e681:192.168.34.13:44576, 97533b1c-7c0e-4acf-a6c1-8f7ac298e9a8:192.168.34.13:40465, 64eb636b-e622-44a3-83bf-2cb002fcd160:192.168.34.13:41623] returns group-6A547D266DB7:java.util.concurrent.CompletableFuture@55a3dd7e[Not completed]
2019-09-03 13:21:45,141 [grpc-default-executor-4] INFO  impl.RaftServerProxy (RaftServerProxy.java:addNew(89)) - 93b11029-f257-4e92-bdcf-d2536ff5e681: addNew group-6A547D266DB7:[93b11029-f257-4e92-bdcf-d2536ff5e681:192.168.34.13:44576, 97533b1c-7c0e-4acf-a6c1-8f7ac298e9a8:192.168.34.13:40465, 64eb636b-e622-44a3-83bf-2cb002fcd160:192.168.34.13:41623] returns group-6A547D266DB7:java.util.concurrent.CompletableFuture@2ea46bcf[Not completed]
2019-09-03 13:21:45,142 [grpc-default-executor-3] INFO  impl.RaftServerProxy (RaftServerProxy.java:addNew(89)) - 97533b1c-7c0e-4acf-a6c1-8f7ac298e9a8: addNew group-6A547D266DB7:[93b11029-f257-4e92-bdcf-d2536ff5e681:192.168.34.13:44576, 97533b1c-7c0e-4acf-a6c1-8f7ac298e9a8:192.168.34.13:40465, 64eb636b-e622-44a3-83bf-2cb002fcd160:192.168.34.13:41623] returns group-6A547D266DB7:java.util.concurrent.CompletableFuture@3e4da1fc[Not completed]
2019-09-03 13:21:45,143 [pool-119-thread-1] INFO  impl.RaftServerImpl (RaftServerImpl.java:<init>(93)) - 64eb636b-e622-44a3-83bf-2cb002fcd160: new RaftServerImpl for group-6A547D266DB7:[93b11029-f257-4e92-bdcf-d2536ff5e681:192.168.34.13:44576, 97533b1c-7c0e-4acf-a6c1-8f7ac298e9a8:192.168.34.13:40465, 64eb636b-e622-44a3-83bf-2cb002fcd160:192.168.34.13:41623] with ContainerStateMachine:uninitialized
2019-09-03 13:21:45,143 [pool-119-thread-1] INFO  server.RaftServerConfigKeys (ConfUtils.java:logGet(43)) - raft.server.rpc.timeout.min = 5s (custom)
2019-09-03 13:21:45,143 [pool-119-thread-1] INFO  server.RaftServerConfigKeys (ConfUtils.java:logGet(43)) - raft.server.rpc.timeout.max = 5200ms (custom)
2019-09-03 13:21:45,143 [pool-119-thread-1] INFO  server.RaftServerConfigKeys (ConfUtils.java:logGet(43)) - raft.server.rpcslowness.timeout = 120s (custom)
2019-09-03 13:21:45,143 [pool-129-thread-1] INFO  impl.RaftServerImpl (RaftServerImpl.java:<init>(93)) - 97533b1c-7c0e-4acf-a6c1-8f7ac298e9a8: new RaftServerImpl for group-6A547D266DB7:[93b11029-f257-4e92-bdcf-d2536ff5e681:192.168.34.13:44576, 97533b1c-7c0e-4acf-a6c1-8f7ac298e9a8:192.168.34.13:40465, 64eb636b-e622-44a3-83bf-2cb002fcd160:192.168.34.13:41623] with ContainerStateMachine:uninitialized
2019-09-03 13:21:45,143 [pool-119-thread-1] INFO  server.RaftServerConfigKeys (ConfUtils.java:logGet(43)) - raft.server.sleep.deviation.threshold = 300 (default)
2019-09-03 13:21:45,144 [pool-129-thread-1] INFO  server.RaftServerConfigKeys (ConfUtils.java:logGet(43)) - raft.server.rpc.timeout.min = 5s (custom)
2019-09-03 13:21:45,144 [pool-119-thread-1] INFO  server.RaftServerConfigKeys (ConfUtils.java:logGet(43)) - raft.server.log.appender.install.snapshot.enabled = false (custom)
2019-09-03 13:21:45,144 [pool-139-thread-1] INFO  impl.RaftServerImpl (RaftServerImpl.java:<init>(93)) - 93b11029-f257-4e92-bdcf-d2536ff5e681: new RaftServerImpl for group-6A547D266DB7:[93b11029-f257-4e92-bdcf-d2536ff5e681:192.168.34.13:44576, 97533b1c-7c0e-4acf-a6c1-8f7ac298e9a8:192.168.34.13:40465, 64eb636b-e622-44a3-83bf-2cb002fcd160:192.168.34.13:41623] with ContainerStateMachine:uninitialized
2019-09-03 13:21:45,144 [pool-119-thread-1] INFO  impl.RaftServerImpl (ServerState.java:<init>(105)) - 64eb636b-e622-44a3-83bf-2cb002fcd160:group-6A547D266DB7 ConfigurationManager, init=-1: [93b11029-f257-4e92-bdcf-d2536ff5e681:192.168.34.13:44576, 97533b1c-7c0e-4acf-a6c1-8f7ac298e9a8:192.168.34.13:40465, 64eb636b-e622-44a3-83bf-2cb002fcd160:192.168.34.13:41623], old=null, confs=<EMPTY_MAP>
2019-09-03 13:21:45,144 [pool-129-thread-1] INFO  server.RaftServerConfigKeys (ConfUtils.java:logGet(43)) - raft.server.rpc.timeout.max = 5200ms (custom)
2019-09-03 13:21:45,144 [pool-119-thread-1] INFO  server.RaftServerConfigKeys (ConfUtils.java:logGet(43)) - raft.server.storage.dir = [/workdir/hadoop-ozone/integration-test/target/test-dir/MiniOzoneClusterImpl-5ccca07a-eefb-4de6-a136-ad00c66ed42b/datanode-0/data/ratis] (custom)
2019-09-03 13:21:45,144 [pool-139-thread-1] INFO  server.RaftServerConfigKeys (ConfUtils.java:logGet(43)) - raft.server.rpc.timeout.min = 5s (custom)
2019-09-03 13:21:45,144 [pool-129-thread-1] INFO  server.RaftServerConfigKeys (ConfUtils.java:logGet(43)) - raft.server.rpcslowness.timeout = 120s (custom)
2019-09-03 13:21:45,144 [pool-139-thread-1] INFO  server.RaftServerConfigKeys (ConfUtils.java:logGet(43)) - raft.server.rpc.timeout.max = 5200ms (custom)
2019-09-03 13:21:45,145 [pool-119-thread-1] INFO  storage.RaftStorageDirectory (RaftStorageDirectory.java:analyzeStorage(246)) - The storage directory /workdir/hadoop-ozone/integration-test/target/test-dir/MiniOzoneClusterImpl-5ccca07a-eefb-4de6-a136-ad00c66ed42b/datanode-0/data/ratis/492c6e13-f2d0-4acd-b16f-6a547d266db7 does not exist. Creating ...
2019-09-03 13:21:45,145 [pool-129-thread-1] INFO  server.RaftServerConfigKeys (ConfUtils.java:logGet(43)) - raft.server.sleep.deviation.threshold = 300 (default)
2019-09-03 13:21:45,145 [pool-139-thread-1] INFO  server.RaftServerConfigKeys (ConfUtils.java:logGet(43)) - raft.server.rpcslowness.timeout = 120s (custom)
2019-09-03 13:21:45,145 [pool-129-thread-1] INFO  server.RaftServerConfigKeys (ConfUtils.java:logGet(43)) - raft.server.log.appender.install.snapshot.enabled = false (custom)
2019-09-03 13:21:45,145 [pool-139-thread-1] INFO  server.RaftServerConfigKeys (ConfUtils.java:logGet(43)) - raft.server.sleep.deviation.threshold = 300 (default)
2019-09-03 13:21:45,145 [pool-129-thread-1] INFO  impl.RaftServerImpl (ServerState.java:<init>(105)) - 97533b1c-7c0e-4acf-a6c1-8f7ac298e9a8:group-6A547D266DB7 ConfigurationManager, init=-1: [93b11029-f257-4e92-bdcf-d2536ff5e681:192.168.34.13:44576, 97533b1c-7c0e-4acf-a6c1-8f7ac298e9a8:192.168.34.13:40465, 64eb636b-e622-44a3-83bf-2cb002fcd160:192.168.34.13:41623], old=null, confs=<EMPTY_MAP>
2019-09-03 13:21:45,145 [pool-139-thread-1] INFO  server.RaftServerConfigKeys (ConfUtils.java:logGet(43)) - raft.server.log.appender.install.snapshot.enabled = false (custom)
2019-09-03 13:21:45,145 [pool-129-thread-1] INFO  server.RaftServerConfigKeys (ConfUtils.java:logGet(43)) - raft.server.storage.dir = [/workdir/hadoop-ozone/integration-test/target/test-dir/MiniOzoneClusterImpl-5ccca07a-eefb-4de6-a136-ad00c66ed42b/datanode-1/data/ratis] (custom)
2019-09-03 13:21:45,145 [pool-139-thread-1] INFO  impl.RaftServerImpl (ServerState.java:<init>(105)) - 93b11029-f257-4e92-bdcf-d2536ff5e681:group-6A547D266DB7 ConfigurationManager, init=-1: [93b11029-f257-4e92-bdcf-d2536ff5e681:192.168.34.13:44576, 97533b1c-7c0e-4acf-a6c1-8f7ac298e9a8:192.168.34.13:40465, 64eb636b-e622-44a3-83bf-2cb002fcd160:192.168.34.13:41623], old=null, confs=<EMPTY_MAP>
2019-09-03 13:21:45,146 [pool-139-thread-1] INFO  server.RaftServerConfigKeys (ConfUtils.java:logGet(43)) - raft.server.storage.dir = [/workdir/hadoop-ozone/integration-test/target/test-dir/MiniOzoneClusterImpl-5ccca07a-eefb-4de6-a136-ad00c66ed42b/datanode-2/data/ratis] (custom)
2019-09-03 13:21:45,146 [pool-129-thread-1] INFO  storage.RaftStorageDirectory (RaftStorageDirectory.java:analyzeStorage(246)) - The storage directory /workdir/hadoop-ozone/integration-test/target/test-dir/MiniOzoneClusterImpl-5ccca07a-eefb-4de6-a136-ad00c66ed42b/datanode-1/data/ratis/492c6e13-f2d0-4acd-b16f-6a547d266db7 does not exist. Creating ...
2019-09-03 13:21:45,146 [pool-139-thread-1] INFO  storage.RaftStorageDirectory (RaftStorageDirectory.java:analyzeStorage(246)) - The storage directory /workdir/hadoop-ozone/integration-test/target/test-dir/MiniOzoneClusterImpl-5ccca07a-eefb-4de6-a136-ad00c66ed42b/datanode-2/data/ratis/492c6e13-f2d0-4acd-b16f-6a547d266db7 does not exist. Creating ...
2019-09-03 13:21:45,158 [pool-129-thread-1] INFO  storage.RaftStorageDirectory (RaftStorageDirectory.java:tryLock(328)) - Lock on /workdir/hadoop-ozone/integration-test/target/test-dir/MiniOzoneClusterImpl-5ccca07a-eefb-4de6-a136-ad00c66ed42b/datanode-1/data/ratis/492c6e13-f2d0-4acd-b16f-6a547d266db7/in_use.lock acquired by nodename 15961@pr-hdds-2077-v5qkp-697056684
2019-09-03 13:21:45,158 [pool-139-thread-1] INFO  storage.RaftStorageDirectory (RaftStorageDirectory.java:tryLock(328)) - Lock on /workdir/hadoop-ozone/integration-test/target/test-dir/MiniOzoneClusterImpl-5ccca07a-eefb-4de6-a136-ad00c66ed42b/datanode-2/data/ratis/492c6e13-f2d0-4acd-b16f-6a547d266db7/in_use.lock acquired by nodename 15961@pr-hdds-2077-v5qkp-697056684
2019-09-03 13:21:45,158 [pool-119-thread-1] INFO  storage.RaftStorageDirectory (RaftStorageDirectory.java:tryLock(328)) - Lock on /workdir/hadoop-ozone/integration-test/target/test-dir/MiniOzoneClusterImpl-5ccca07a-eefb-4de6-a136-ad00c66ed42b/datanode-0/data/ratis/492c6e13-f2d0-4acd-b16f-6a547d266db7/in_use.lock acquired by nodename 15961@pr-hdds-2077-v5qkp-697056684
2019-09-03 13:21:45,172 [pool-139-thread-1] INFO  storage.RaftStorage (RaftStorage.java:format(72)) - Storage directory /workdir/hadoop-ozone/integration-test/target/test-dir/MiniOzoneClusterImpl-5ccca07a-eefb-4de6-a136-ad00c66ed42b/datanode-2/data/ratis/492c6e13-f2d0-4acd-b16f-6a547d266db7 has been successfully formatted.
2019-09-03 13:21:45,172 [pool-119-thread-1] INFO  storage.RaftStorage (RaftStorage.java:format(72)) - Storage directory /workdir/hadoop-ozone/integration-test/target/test-dir/MiniOzoneClusterImpl-5ccca07a-eefb-4de6-a136-ad00c66ed42b/datanode-0/data/ratis/492c6e13-f2d0-4acd-b16f-6a547d266db7 has been successfully formatted.
2019-09-03 13:21:45,172 [pool-129-thread-1] INFO  storage.RaftStorage (RaftStorage.java:format(72)) - Storage directory /workdir/hadoop-ozone/integration-test/target/test-dir/MiniOzoneClusterImpl-5ccca07a-eefb-4de6-a136-ad00c66ed42b/datanode-1/data/ratis/492c6e13-f2d0-4acd-b16f-6a547d266db7 has been successfully formatted.
2019-09-03 13:21:45,172 [pool-139-thread-1] INFO  ratis.ContainerStateMachine (ContainerStateMachine.java:loadSnapshot(227)) - group-6A547D266DB7: The snapshot info is null. Setting the last applied indexto:(t:0, i:~)
2019-09-03 13:21:45,173 [pool-129-thread-1] INFO  ratis.ContainerStateMachine (ContainerStateMachine.java:loadSnapshot(227)) - group-6A547D266DB7: The snapshot info is null. Setting the last applied indexto:(t:0, i:~)
2019-09-03 13:21:45,172 [pool-119-thread-1] INFO  ratis.ContainerStateMachine (ContainerStateMachine.java:loadSnapshot(227)) - group-6A547D266DB7: The snapshot info is null. Setting the last applied indexto:(t:0, i:~)
2019-09-03 13:21:45,173 [pool-129-thread-1] INFO  server.RaftServerConfigKeys (ConfUtils.java:logGet(43)) - raft.server.leader.election.timeout = 120s (custom)
2019-09-03 13:21:45,173 [pool-139-thread-1] INFO  server.RaftServerConfigKeys (ConfUtils.java:logGet(43)) - raft.server.leader.election.timeout = 120s (custom)
2019-09-03 13:21:45,173 [pool-129-thread-1] INFO  server.RaftServerConfigKeys (ConfUtils.java:logGet(43)) - raft.server.log.use.memory = false (default)
2019-09-03 13:21:45,173 [pool-119-thread-1] INFO  server.RaftServerConfigKeys (ConfUtils.java:logGet(43)) - raft.server.leader.election.timeout = 120s (custom)
2019-09-03 13:21:45,173 [pool-129-thread-1] INFO  server.RaftServerConfigKeys (ConfUtils.java:logGet(43)) - raft.server.log.purge.gap = 1000000 (custom)
2019-09-03 13:21:45,173 [pool-139-thread-1] INFO  server.RaftServerConfigKeys (ConfUtils.java:logGet(43)) - raft.server.log.use.memory = false (default)
2019-09-03 13:21:45,174 [pool-129-thread-1] INFO  server.RaftServerConfigKeys (ConfUtils.java:logGet(43)) - raft.server.log.appender.buffer.byte-limit = 33554432 (custom)
2019-09-03 13:21:45,174 [pool-119-thread-1] INFO  server.RaftServerConfigKeys (ConfUtils.java:logGet(43)) - raft.server.log.use.memory = false (default)
2019-09-03 13:21:45,174 [pool-129-thread-1] INFO  server.RaftServerConfigKeys (ConfUtils.java:logGet(43)) - raft.server.log.segment.size.max = 1048576 (custom)
2019-09-03 13:21:45,174 [pool-139-thread-1] INFO  server.RaftServerConfigKeys (ConfUtils.java:logGet(43)) - raft.server.log.purge.gap = 1000000 (custom)
2019-09-03 13:21:45,174 [pool-129-thread-1] INFO  server.RaftServerConfigKeys (ConfUtils.java:logGet(43)) - raft.server.log.segment.cache.num.max = 2 (custom)
2019-09-03 13:21:45,174 [pool-119-thread-1] INFO  server.RaftServerConfigKeys (ConfUtils.java:logGet(43)) - raft.server.log.purge.gap = 1000000 (custom)
2019-09-03 13:21:45,175 [pool-129-thread-1] INFO  segmented.SegmentedRaftLogWorker (SegmentedRaftLogWorker.java:<init>(172)) - new 97533b1c-7c0e-4acf-a6c1-8f7ac298e9a8-SegmentedRaftLogWorker:Storage Directory /workdir/hadoop-ozone/integration-test/target/test-dir/MiniOzoneClusterImpl-5ccca07a-eefb-4de6-a136-ad00c66ed42b/datanode-1/data/ratis/492c6e13-f2d0-4acd-b16f-6a547d266db7 for RaftStorage:Storage Directory /workdir/hadoop-ozone/integration-test/target/test-dir/MiniOzoneClusterImpl-5ccca07a-eefb-4de6-a136-ad00c66ed42b/datanode-1/data/ratis/492c6e13-f2d0-4acd-b16f-6a547d266db7
2019-09-03 13:21:45,174 [pool-139-thread-1] INFO  server.RaftServerConfigKeys (ConfUtils.java:logGet(43)) - raft.server.log.appender.buffer.byte-limit = 33554432 (custom)
2019-09-03 13:21:45,175 [pool-129-thread-1] INFO  server.RaftServerConfigKeys (ConfUtils.java:logGet(43)) - raft.server.log.queue.byte-limit = 2147483647 (custom)
2019-09-03 13:21:45,175 [pool-119-thread-1] INFO  server.RaftServerConfigKeys (ConfUtils.java:logGet(43)) - raft.server.log.appender.buffer.byte-limit = 33554432 (custom)
2019-09-03 13:21:45,175 [pool-129-thread-1] INFO  server.RaftServerConfigKeys (ConfUtils.java:logGet(43)) - raft.server.log.queue.element-limit = 1024 (custom)
2019-09-03 13:21:45,175 [pool-139-thread-1] INFO  server.RaftServerConfigKeys (ConfUtils.java:logGet(43)) - raft.server.log.segment.size.max = 1048576 (custom)
2019-09-03 13:21:45,176 [pool-129-thread-1] INFO  server.RaftServerConfigKeys (ConfUtils.java:logGet(43)) - raft.server.log.segment.size.max = 1048576 (custom)
2019-09-03 13:21:45,175 [pool-119-thread-1] INFO  server.RaftServerConfigKeys (ConfUtils.java:logGet(43)) - raft.server.log.segment.size.max = 1048576 (custom)
2019-09-03 13:21:45,176 [pool-129-thread-1] INFO  server.RaftServerConfigKeys (ConfUtils.java:logGet(43)) - raft.server.log.preallocated.size = 16384 (custom)
2019-09-03 13:21:45,176 [pool-139-thread-1] INFO  server.RaftServerConfigKeys (ConfUtils.java:logGet(43)) - raft.server.log.segment.cache.num.max = 2 (custom)
2019-09-03 13:21:45,176 [pool-129-thread-1] INFO  server.RaftServerConfigKeys (ConfUtils.java:logGet(43)) - raft.server.log.write.buffer.size = 33554432 (custom)
2019-09-03 13:21:45,176 [pool-119-thread-1] INFO  server.RaftServerConfigKeys (ConfUtils.java:logGet(43)) - raft.server.log.segment.cache.num.max = 2 (custom)
2019-09-03 13:21:45,176 [pool-129-thread-1] INFO  server.RaftServerConfigKeys (ConfUtils.java:logGet(43)) - raft.server.log.force.sync.num = 128 (default)
2019-09-03 13:21:45,176 [pool-139-thread-1] INFO  segmented.SegmentedRaftLogWorker (SegmentedRaftLogWorker.java:<init>(172)) - new 93b11029-f257-4e92-bdcf-d2536ff5e681-SegmentedRaftLogWorker:Storage Directory /workdir/hadoop-ozone/integration-test/target/test-dir/MiniOzoneClusterImpl-5ccca07a-eefb-4de6-a136-ad00c66ed42b/datanode-2/data/ratis/492c6e13-f2d0-4acd-b16f-6a547d266db7 for RaftStorage:Storage Directory /workdir/hadoop-ozone/integration-test/target/test-dir/MiniOzoneClusterImpl-5ccca07a-eefb-4de6-a136-ad00c66ed42b/datanode-2/data/ratis/492c6e13-f2d0-4acd-b16f-6a547d266db7
2019-09-03 13:21:45,177 [pool-129-thread-1] INFO  server.RaftServerConfigKeys (ConfUtils.java:logGet(43)) - raft.server.log.statemachine.data.sync = true (default)
2019-09-03 13:21:45,176 [pool-119-thread-1] INFO  segmented.SegmentedRaftLogWorker (SegmentedRaftLogWorker.java:<init>(172)) - new 64eb636b-e622-44a3-83bf-2cb002fcd160-SegmentedRaftLogWorker:Storage Directory /workdir/hadoop-ozone/integration-test/target/test-dir/MiniOzoneClusterImpl-5ccca07a-eefb-4de6-a136-ad00c66ed42b/datanode-0/data/ratis/492c6e13-f2d0-4acd-b16f-6a547d266db7 for RaftStorage:Storage Directory /workdir/hadoop-ozone/integration-test/target/test-dir/MiniOzoneClusterImpl-5ccca07a-eefb-4de6-a136-ad00c66ed42b/datanode-0/data/ratis/492c6e13-f2d0-4acd-b16f-6a547d266db7
2019-09-03 13:21:45,177 [pool-129-thread-1] INFO  server.RaftServerConfigKeys (ConfUtils.java:logGet(43)) - raft.server.log.statemachine.data.sync.timeout = 10s (default)
2019-09-03 13:21:45,177 [pool-139-thread-1] INFO  server.RaftServerConfigKeys (ConfUtils.java:logGet(43)) - raft.server.log.queue.byte-limit = 2147483647 (custom)
2019-09-03 13:21:45,177 [pool-129-thread-1] INFO  server.RaftServerConfigKeys (ConfUtils.java:logGet(43)) - raft.server.log.statemachine.data.sync.timeout.retry = -1 (default)
2019-09-03 13:21:45,177 [pool-119-thread-1] INFO  server.RaftServerConfigKeys (ConfUtils.java:logGet(43)) - raft.server.log.queue.byte-limit = 2147483647 (custom)
2019-09-03 13:21:45,177 [pool-139-thread-1] INFO  server.RaftServerConfigKeys (ConfUtils.java:logGet(43)) - raft.server.log.queue.element-limit = 1024 (custom)
2019-09-03 13:21:45,177 [pool-119-thread-1] INFO  server.RaftServerConfigKeys (ConfUtils.java:logGet(43)) - raft.server.log.queue.element-limit = 1024 (custom)
2019-09-03 13:21:45,177 [pool-129-thread-1] INFO  server.RaftServerConfigKeys (ConfUtils.java:logGet(43)) - raft.server.log.statemachine.data.caching.enabled = true (custom)
2019-09-03 13:21:45,178 [pool-119-thread-1] INFO  server.RaftServerConfigKeys (ConfUtils.java:logGet(43)) - raft.server.log.segment.size.max = 1048576 (custom)
2019-09-03 13:21:45,178 [pool-139-thread-1] INFO  server.RaftServerConfigKeys (ConfUtils.java:logGet(43)) - raft.server.log.segment.size.max = 1048576 (custom)
2019-09-03 13:21:45,178 [pool-119-thread-1] INFO  server.RaftServerConfigKeys (ConfUtils.java:logGet(43)) - raft.server.log.preallocated.size = 16384 (custom)
2019-09-03 13:21:45,178 [pool-139-thread-1] INFO  server.RaftServerConfigKeys (ConfUtils.java:logGet(43)) - raft.server.log.preallocated.size = 16384 (custom)
2019-09-03 13:21:45,178 [pool-129-thread-1] INFO  segmented.SegmentedRaftLogWorker (SegmentedRaftLogWorker.java:lambda$new$0(132)) - 97533b1c-7c0e-4acf-a6c1-8f7ac298e9a8-SegmentedRaftLogWorker:Storage Directory /workdir/hadoop-ozone/integration-test/target/test-dir/MiniOzoneClusterImpl-5ccca07a-eefb-4de6-a136-ad00c66ed42b/datanode-1/data/ratis/492c6e13-f2d0-4acd-b16f-6a547d266db7: flushIndex: setUnconditionally 0 -> -1
2019-09-03 13:21:45,178 [pool-139-thread-1] INFO  server.RaftServerConfigKeys (ConfUtils.java:logGet(43)) - raft.server.log.write.buffer.size = 33554432 (custom)
2019-09-03 13:21:45,178 [pool-119-thread-1] INFO  server.RaftServerConfigKeys (ConfUtils.java:logGet(43)) - raft.server.log.write.buffer.size = 33554432 (custom)
2019-09-03 13:21:45,179 [pool-129-thread-1] INFO  server.RaftServerConfigKeys (ConfUtils.java:logGet(43)) - raft.server.snapshot.auto.trigger.enabled = true (custom)
2019-09-03 13:21:45,179 [pool-139-thread-1] INFO  server.RaftServerConfigKeys (ConfUtils.java:logGet(43)) - raft.server.log.force.sync.num = 128 (default)
2019-09-03 13:21:45,179 [pool-129-thread-1] INFO  server.RaftServerConfigKeys (ConfUtils.java:logGet(43)) - raft.server.snapshot.auto.trigger.threshold = 10000 (custom)
2019-09-03 13:21:45,179 [pool-119-thread-1] INFO  server.RaftServerConfigKeys (ConfUtils.java:logGet(43)) - raft.server.log.force.sync.num = 128 (default)
2019-09-03 13:21:45,179 [pool-139-thread-1] INFO  server.RaftServerConfigKeys (ConfUtils.java:logGet(43)) - raft.server.log.statemachine.data.sync = true (default)
2019-09-03 13:21:45,179 [pool-129-thread-1] INFO  server.RaftServerConfigKeys (ConfUtils.java:logGet(43)) - raft.server.retrycache.expirytime = 600000ms (custom)
2019-09-03 13:21:45,179 [pool-119-thread-1] INFO  server.RaftServerConfigKeys (ConfUtils.java:logGet(43)) - raft.server.log.statemachine.data.sync = true (default)
2019-09-03 13:21:45,179 [pool-139-thread-1] INFO  server.RaftServerConfigKeys (ConfUtils.java:logGet(43)) - raft.server.log.statemachine.data.sync.timeout = 10s (default)
2019-09-03 13:21:45,179 [pool-129-thread-1] INFO  impl.RaftServerImpl (RaftServerImpl.java:start(180)) - 97533b1c-7c0e-4acf-a6c1-8f7ac298e9a8: start group-6A547D266DB7
2019-09-03 13:21:45,179 [pool-119-thread-1] INFO  server.RaftServerConfigKeys (ConfUtils.java:logGet(43)) - raft.server.log.statemachine.data.sync.timeout = 10s (default)
2019-09-03 13:21:45,180 [pool-129-thread-1] INFO  impl.RaftServerImpl (RaftServerImpl.java:setRole(171)) - 97533b1c-7c0e-4acf-a6c1-8f7ac298e9a8:group-6A547D266DB7 changes role from null to FOLLOWER at term 0 for startAsFollower
2019-09-03 13:21:45,180 [pool-139-thread-1] INFO  server.RaftServerConfigKeys (ConfUtils.java:logGet(43)) - raft.server.log.statemachine.data.sync.timeout.retry = -1 (default)
2019-09-03 13:21:45,180 [pool-129-thread-1] INFO  impl.RoleInfo (RoleInfo.java:updateAndGet(143)) - 97533b1c-7c0e-4acf-a6c1-8f7ac298e9a8: start FollowerState
2019-09-03 13:21:45,180 [pool-119-thread-1] INFO  server.RaftServerConfigKeys (ConfUtils.java:logGet(43)) - raft.server.log.statemachine.data.sync.timeout.retry = -1 (default)
2019-09-03 13:21:45,180 [pool-139-thread-1] INFO  server.RaftServerConfigKeys (ConfUtils.java:logGet(43)) - raft.server.log.statemachine.data.caching.enabled = true (custom)
2019-09-03 13:21:45,180 [pool-119-thread-1] INFO  server.RaftServerConfigKeys (ConfUtils.java:logGet(43)) - raft.server.log.statemachine.data.caching.enabled = true (custom)
2019-09-03 13:21:45,188 [pool-129-thread-1] INFO  util.JmxRegister (JmxRegister.java:tryRegister(44)) - Successfully registered JMX Bean with object name Ratis:service=RaftServer,group=group-6A547D266DB7,id=97533b1c-7c0e-4acf-a6c1-8f7ac298e9a8
2019-09-03 13:21:45,189 [pool-139-thread-1] INFO  segmented.SegmentedRaftLogWorker (SegmentedRaftLogWorker.java:lambda$new$0(132)) - 93b11029-f257-4e92-bdcf-d2536ff5e681-SegmentedRaftLogWorker:Storage Directory /workdir/hadoop-ozone/integration-test/target/test-dir/MiniOzoneClusterImpl-5ccca07a-eefb-4de6-a136-ad00c66ed42b/datanode-2/data/ratis/492c6e13-f2d0-4acd-b16f-6a547d266db7: flushIndex: setUnconditionally 0 -> -1
2019-09-03 13:21:45,189 [pool-119-thread-1] INFO  segmented.SegmentedRaftLogWorker (SegmentedRaftLogWorker.java:lambda$new$0(132)) - 64eb636b-e622-44a3-83bf-2cb002fcd160-SegmentedRaftLogWorker:Storage Directory /workdir/hadoop-ozone/integration-test/target/test-dir/MiniOzoneClusterImpl-5ccca07a-eefb-4de6-a136-ad00c66ed42b/datanode-0/data/ratis/492c6e13-f2d0-4acd-b16f-6a547d266db7: flushIndex: setUnconditionally 0 -> -1
2019-09-03 13:21:45,189 [pool-139-thread-1] INFO  server.RaftServerConfigKeys (ConfUtils.java:logGet(43)) - raft.server.snapshot.auto.trigger.enabled = true (custom)
2019-09-03 13:21:45,194 [pool-119-thread-1] INFO  server.RaftServerConfigKeys (ConfUtils.java:logGet(43)) - raft.server.snapshot.auto.trigger.enabled = true (custom)
2019-09-03 13:21:45,195 [pool-139-thread-1] INFO  server.RaftServerConfigKeys (ConfUtils.java:logGet(43)) - raft.server.snapshot.auto.trigger.threshold = 10000 (custom)
2019-09-03 13:21:45,195 [pool-119-thread-1] INFO  server.RaftServerConfigKeys (ConfUtils.java:logGet(43)) - raft.server.snapshot.auto.trigger.threshold = 10000 (custom)
2019-09-03 13:21:45,195 [pool-119-thread-1] INFO  server.RaftServerConfigKeys (ConfUtils.java:logGet(43)) - raft.server.retrycache.expirytime = 600000ms (custom)
2019-09-03 13:21:45,195 [pool-139-thread-1] INFO  server.RaftServerConfigKeys (ConfUtils.java:logGet(43)) - raft.server.retrycache.expirytime = 600000ms (custom)
2019-09-03 13:21:45,195 [pool-119-thread-1] INFO  impl.RaftServerImpl (RaftServerImpl.java:start(180)) - 64eb636b-e622-44a3-83bf-2cb002fcd160: start group-6A547D266DB7
2019-09-03 13:21:45,195 [pool-139-thread-1] INFO  impl.RaftServerImpl (RaftServerImpl.java:start(180)) - 93b11029-f257-4e92-bdcf-d2536ff5e681: start group-6A547D266DB7
2019-09-03 13:21:45,195 [pool-119-thread-1] INFO  impl.RaftServerImpl (RaftServerImpl.java:setRole(171)) - 64eb636b-e622-44a3-83bf-2cb002fcd160:group-6A547D266DB7 changes role from null to FOLLOWER at term 0 for startAsFollower
2019-09-03 13:21:45,196 [pool-139-thread-1] INFO  impl.RaftServerImpl (RaftServerImpl.java:setRole(171)) - 93b11029-f257-4e92-bdcf-d2536ff5e681:group-6A547D266DB7 changes role from null to FOLLOWER at term 0 for startAsFollower
2019-09-03 13:21:45,196 [pool-119-thread-1] INFO  impl.RoleInfo (RoleInfo.java:updateAndGet(143)) - 64eb636b-e622-44a3-83bf-2cb002fcd160: start FollowerState
2019-09-03 13:21:45,196 [pool-139-thread-1] INFO  impl.RoleInfo (RoleInfo.java:updateAndGet(143)) - 93b11029-f257-4e92-bdcf-d2536ff5e681: start FollowerState
2019-09-03 13:21:45,196 [pool-119-thread-1] INFO  util.JmxRegister (JmxRegister.java:tryRegister(44)) - Successfully registered JMX Bean with object name Ratis:service=RaftServer,group=group-6A547D266DB7,id=64eb636b-e622-44a3-83bf-2cb002fcd160
2019-09-03 13:21:45,196 [pool-139-thread-1] INFO  util.JmxRegister (JmxRegister.java:tryRegister(44)) - Successfully registered JMX Bean with object name Ratis:service=RaftServer,group=group-6A547D266DB7,id=93b11029-f257-4e92-bdcf-d2536ff5e681
2019-09-03 13:21:45,199 [RatisPipelineUtilsThread] INFO  pipeline.PipelineStateManager (PipelineStateManager.java:addPipeline(56)) - Created pipeline Pipeline[ Id: 492c6e13-f2d0-4acd-b16f-6a547d266db7, Nodes: 64eb636b-e622-44a3-83bf-2cb002fcd160{ip: 192.168.34.13, host: pr-hdds-2077-v5qkp-697056684, networkLocation: /default-rack, certSerialId: null}97533b1c-7c0e-4acf-a6c1-8f7ac298e9a8{ip: 192.168.34.13, host: pr-hdds-2077-v5qkp-697056684, networkLocation: /default-rack, certSerialId: null}93b11029-f257-4e92-bdcf-d2536ff5e681{ip: 192.168.34.13, host: pr-hdds-2077-v5qkp-697056684, networkLocation: /default-rack, certSerialId: null}, Type:RATIS, Factor:THREE, State:OPEN]
2019-09-03 13:21:45,201 [IPC Server handler 4 on 45848] INFO  net.NetworkTopology (NetworkTopologyImpl.java:add(110)) - Added a new node: /default-rack/77e0a80b-8a2d-4a4d-80e4-5c2088ef816c
2019-09-03 13:21:45,201 [IPC Server handler 4 on 45848] INFO  node.SCMNodeManager (SCMNodeManager.java:register(266)) - Registered Data node : 77e0a80b-8a2d-4a4d-80e4-5c2088ef816c{ip: 192.168.34.13, host: pr-hdds-2077-v5qkp-697056684, networkLocation: /default-rack, certSerialId: null}
2019-09-03 13:21:45,209 [grpc-default-executor-3] INFO  impl.RaftServerProxy (RaftServerProxy.java:addNew(89)) - 6a8167cd-c22a-4fc4-a15e-fd6bf639f419: addNew group-FD4180FCB994:[6a8167cd-c22a-4fc4-a15e-fd6bf639f419:192.168.34.13:34640] returns group-FD4180FCB994:java.util.concurrent.CompletableFuture@3e3da069[Not completed]
2019-09-03 13:21:45,213 [pool-149-thread-1] INFO  impl.RaftServerImpl (RaftServerImpl.java:<init>(93)) - 6a8167cd-c22a-4fc4-a15e-fd6bf639f419: new RaftServerImpl for group-FD4180FCB994:[6a8167cd-c22a-4fc4-a15e-fd6bf639f419:192.168.34.13:34640] with ContainerStateMachine:uninitialized
2019-09-03 13:21:45,213 [pool-149-thread-1] INFO  server.RaftServerConfigKeys (ConfUtils.java:logGet(43)) - raft.server.rpc.timeout.min = 5s (custom)
2019-09-03 13:21:45,213 [pool-149-thread-1] INFO  server.RaftServerConfigKeys (ConfUtils.java:logGet(43)) - raft.server.rpc.timeout.max = 5200ms (custom)
2019-09-03 13:21:45,213 [pool-149-thread-1] INFO  server.RaftServerConfigKeys (ConfUtils.java:logGet(43)) - raft.server.rpcslowness.timeout = 120s (custom)
2019-09-03 13:21:45,213 [pool-149-thread-1] INFO  server.RaftServerConfigKeys (ConfUtils.java:logGet(43)) - raft.server.sleep.deviation.threshold = 300 (default)
2019-09-03 13:21:45,213 [pool-149-thread-1] INFO  server.RaftServerConfigKeys (ConfUtils.java:logGet(43)) - raft.server.log.appender.install.snapshot.enabled = false (custom)
2019-09-03 13:21:45,213 [pool-149-thread-1] INFO  impl.RaftServerImpl (ServerState.java:<init>(105)) - 6a8167cd-c22a-4fc4-a15e-fd6bf639f419:group-FD4180FCB994 ConfigurationManager, init=-1: [6a8167cd-c22a-4fc4-a15e-fd6bf639f419:192.168.34.13:34640], old=null, confs=<EMPTY_MAP>
2019-09-03 13:21:45,214 [pool-149-thread-1] INFO  server.RaftServerConfigKeys (ConfUtils.java:logGet(43)) - raft.server.storage.dir = [/workdir/hadoop-ozone/integration-test/target/test-dir/MiniOzoneClusterImpl-5ccca07a-eefb-4de6-a136-ad00c66ed42b/datanode-3/data/ratis] (custom)
2019-09-03 13:21:45,214 [pool-149-thread-1] INFO  storage.RaftStorageDirectory (RaftStorageDirectory.java:analyzeStorage(246)) - The storage directory /workdir/hadoop-ozone/integration-test/target/test-dir/MiniOzoneClusterImpl-5ccca07a-eefb-4de6-a136-ad00c66ed42b/datanode-3/data/ratis/e960dfc0-5918-4454-a2af-fd4180fcb994 does not exist. Creating ...
2019-09-03 13:21:45,227 [pool-149-thread-1] INFO  storage.RaftStorageDirectory (RaftStorageDirectory.java:tryLock(328)) - Lock on /workdir/hadoop-ozone/integration-test/target/test-dir/MiniOzoneClusterImpl-5ccca07a-eefb-4de6-a136-ad00c66ed42b/datanode-3/data/ratis/e960dfc0-5918-4454-a2af-fd4180fcb994/in_use.lock acquired by nodename 15961@pr-hdds-2077-v5qkp-697056684
2019-09-03 13:21:45,240 [pool-149-thread-1] INFO  storage.RaftStorage (RaftStorage.java:format(72)) - Storage directory /workdir/hadoop-ozone/integration-test/target/test-dir/MiniOzoneClusterImpl-5ccca07a-eefb-4de6-a136-ad00c66ed42b/datanode-3/data/ratis/e960dfc0-5918-4454-a2af-fd4180fcb994 has been successfully formatted.
2019-09-03 13:21:45,240 [pool-149-thread-1] INFO  ratis.ContainerStateMachine (ContainerStateMachine.java:loadSnapshot(227)) - group-FD4180FCB994: The snapshot info is null. Setting the last applied indexto:(t:0, i:~)
2019-09-03 13:21:45,240 [pool-149-thread-1] INFO  server.RaftServerConfigKeys (ConfUtils.java:logGet(43)) - raft.server.leader.election.timeout = 120s (custom)
2019-09-03 13:21:45,240 [pool-149-thread-1] INFO  server.RaftServerConfigKeys (ConfUtils.java:logGet(43)) - raft.server.log.use.memory = false (default)
2019-09-03 13:21:45,240 [pool-149-thread-1] INFO  server.RaftServerConfigKeys (ConfUtils.java:logGet(43)) - raft.server.log.purge.gap = 1000000 (custom)
2019-09-03 13:21:45,241 [pool-149-thread-1] INFO  server.RaftServerConfigKeys (ConfUtils.java:logGet(43)) - raft.server.log.appender.buffer.byte-limit = 33554432 (custom)
2019-09-03 13:21:45,241 [pool-149-thread-1] INFO  server.RaftServerConfigKeys (ConfUtils.java:logGet(43)) - raft.server.log.segment.size.max = 1048576 (custom)
2019-09-03 13:21:45,241 [pool-149-thread-1] INFO  server.RaftServerConfigKeys (ConfUtils.java:logGet(43)) - raft.server.log.segment.cache.num.max = 2 (custom)
2019-09-03 13:21:45,241 [pool-149-thread-1] INFO  segmented.SegmentedRaftLogWorker (SegmentedRaftLogWorker.java:<init>(172)) - new 6a8167cd-c22a-4fc4-a15e-fd6bf639f419-SegmentedRaftLogWorker:Storage Directory /workdir/hadoop-ozone/integration-test/target/test-dir/MiniOzoneClusterImpl-5ccca07a-eefb-4de6-a136-ad00c66ed42b/datanode-3/data/ratis/e960dfc0-5918-4454-a2af-fd4180fcb994 for RaftStorage:Storage Directory /workdir/hadoop-ozone/integration-test/target/test-dir/MiniOzoneClusterImpl-5ccca07a-eefb-4de6-a136-ad00c66ed42b/datanode-3/data/ratis/e960dfc0-5918-4454-a2af-fd4180fcb994
2019-09-03 13:21:45,241 [pool-149-thread-1] INFO  server.RaftServerConfigKeys (ConfUtils.java:logGet(43)) - raft.server.log.queue.byte-limit = 2147483647 (custom)
2019-09-03 13:21:45,241 [pool-149-thread-1] INFO  server.RaftServerConfigKeys (ConfUtils.java:logGet(43)) - raft.server.log.queue.element-limit = 1024 (custom)
2019-09-03 13:21:45,241 [pool-149-thread-1] INFO  server.RaftServerConfigKeys (ConfUtils.java:logGet(43)) - raft.server.log.segment.size.max = 1048576 (custom)
2019-09-03 13:21:45,241 [pool-149-thread-1] INFO  server.RaftServerConfigKeys (ConfUtils.java:logGet(43)) - raft.server.log.preallocated.size = 16384 (custom)
2019-09-03 13:21:45,242 [pool-149-thread-1] INFO  server.RaftServerConfigKeys (ConfUtils.java:logGet(43)) - raft.server.log.write.buffer.size = 33554432 (custom)
2019-09-03 13:21:45,242 [pool-149-thread-1] INFO  server.RaftServerConfigKeys (ConfUtils.java:logGet(43)) - raft.server.log.force.sync.num = 128 (default)
2019-09-03 13:21:45,242 [pool-149-thread-1] INFO  server.RaftServerConfigKeys (ConfUtils.java:logGet(43)) - raft.server.log.statemachine.data.sync = true (default)
2019-09-03 13:21:45,242 [pool-149-thread-1] INFO  server.RaftServerConfigKeys (ConfUtils.java:logGet(43)) - raft.server.log.statemachine.data.sync.timeout = 10s (default)
2019-09-03 13:21:45,242 [pool-149-thread-1] INFO  server.RaftServerConfigKeys (ConfUtils.java:logGet(43)) - raft.server.log.statemachine.data.sync.timeout.retry = -1 (default)
2019-09-03 13:21:45,242 [pool-149-thread-1] INFO  server.RaftServerConfigKeys (ConfUtils.java:logGet(43)) - raft.server.log.statemachine.data.caching.enabled = true (custom)
2019-09-03 13:21:45,242 [pool-149-thread-1] INFO  segmented.SegmentedRaftLogWorker (SegmentedRaftLogWorker.java:lambda$new$0(132)) - 6a8167cd-c22a-4fc4-a15e-fd6bf639f419-SegmentedRaftLogWorker:Storage Directory /workdir/hadoop-ozone/integration-test/target/test-dir/MiniOzoneClusterImpl-5ccca07a-eefb-4de6-a136-ad00c66ed42b/datanode-3/data/ratis/e960dfc0-5918-4454-a2af-fd4180fcb994: flushIndex: setUnconditionally 0 -> -1
2019-09-03 13:21:45,243 [pool-149-thread-1] INFO  server.RaftServerConfigKeys (ConfUtils.java:logGet(43)) - raft.server.snapshot.auto.trigger.enabled = true (custom)
2019-09-03 13:21:45,243 [pool-149-thread-1] INFO  server.RaftServerConfigKeys (ConfUtils.java:logGet(43)) - raft.server.snapshot.auto.trigger.threshold = 10000 (custom)
2019-09-03 13:21:45,243 [pool-149-thread-1] INFO  server.RaftServerConfigKeys (ConfUtils.java:logGet(43)) - raft.server.retrycache.expirytime = 600000ms (custom)
2019-09-03 13:21:45,243 [pool-149-thread-1] INFO  impl.RaftServerImpl (RaftServerImpl.java:start(180)) - 6a8167cd-c22a-4fc4-a15e-fd6bf639f419: start group-FD4180FCB994
2019-09-03 13:21:45,243 [pool-149-thread-1] INFO  impl.RaftServerImpl (RaftServerImpl.java:setRole(171)) - 6a8167cd-c22a-4fc4-a15e-fd6bf639f419:group-FD4180FCB994 changes role from null to FOLLOWER at term 0 for startAsFollower
2019-09-03 13:21:45,243 [pool-149-thread-1] INFO  impl.RoleInfo (RoleInfo.java:updateAndGet(143)) - 6a8167cd-c22a-4fc4-a15e-fd6bf639f419: start FollowerState
2019-09-03 13:21:45,244 [pool-149-thread-1] INFO  util.JmxRegister (JmxRegister.java:tryRegister(44)) - Successfully registered JMX Bean with object name Ratis:service=RaftServer,group=group-FD4180FCB994,id=6a8167cd-c22a-4fc4-a15e-fd6bf639f419
2019-09-03 13:21:45,246 [RatisPipelineUtilsThread] INFO  pipeline.PipelineStateManager (PipelineStateManager.java:addPipeline(56)) - Created pipeline Pipeline[ Id: e960dfc0-5918-4454-a2af-fd4180fcb994, Nodes: 6a8167cd-c22a-4fc4-a15e-fd6bf639f419{ip: 192.168.34.13, host: pr-hdds-2077-v5qkp-697056684, networkLocation: /default-rack, certSerialId: null}, Type:RATIS, Factor:ONE, State:OPEN]
2019-09-03 13:21:45,257 [grpc-default-executor-3] INFO  impl.RaftServerProxy (RaftServerProxy.java:addNew(89)) - 77e0a80b-8a2d-4a4d-80e4-5c2088ef816c: addNew group-94F965CA4C11:[77e0a80b-8a2d-4a4d-80e4-5c2088ef816c:192.168.34.13:43898] returns group-94F965CA4C11:java.util.concurrent.CompletableFuture@7b3c1731[Not completed]
2019-09-03 13:21:45,263 [pool-159-thread-1] INFO  impl.RaftServerImpl (RaftServerImpl.java:<init>(93)) - 77e0a80b-8a2d-4a4d-80e4-5c2088ef816c: new RaftServerImpl for group-94F965CA4C11:[77e0a80b-8a2d-4a4d-80e4-5c2088ef816c:192.168.34.13:43898] with ContainerStateMachine:uninitialized
2019-09-03 13:21:45,263 [pool-159-thread-1] INFO  server.RaftServerConfigKeys (ConfUtils.java:logGet(43)) - raft.server.rpc.timeout.min = 5s (custom)
2019-09-03 13:21:45,263 [pool-159-thread-1] INFO  server.RaftServerConfigKeys (ConfUtils.java:logGet(43)) - raft.server.rpc.timeout.max = 5200ms (custom)
2019-09-03 13:21:45,263 [pool-159-thread-1] INFO  server.RaftServerConfigKeys (ConfUtils.java:logGet(43)) - raft.server.rpcslowness.timeout = 120s (custom)
2019-09-03 13:21:45,263 [pool-159-thread-1] INFO  server.RaftServerConfigKeys (ConfUtils.java:logGet(43)) - raft.server.sleep.deviation.threshold = 300 (default)
2019-09-03 13:21:45,264 [pool-159-thread-1] INFO  server.RaftServerConfigKeys (ConfUtils.java:logGet(43)) - raft.server.log.appender.install.snapshot.enabled = false (custom)
2019-09-03 13:21:45,264 [pool-159-thread-1] INFO  impl.RaftServerImpl (ServerState.java:<init>(105)) - 77e0a80b-8a2d-4a4d-80e4-5c2088ef816c:group-94F965CA4C11 ConfigurationManager, init=-1: [77e0a80b-8a2d-4a4d-80e4-5c2088ef816c:192.168.34.13:43898], old=null, confs=<EMPTY_MAP>
2019-09-03 13:21:45,264 [pool-159-thread-1] INFO  server.RaftServerConfigKeys (ConfUtils.java:logGet(43)) - raft.server.storage.dir = [/workdir/hadoop-ozone/integration-test/target/test-dir/MiniOzoneClusterImpl-5ccca07a-eefb-4de6-a136-ad00c66ed42b/datanode-4/data/ratis] (custom)
2019-09-03 13:21:45,264 [pool-159-thread-1] INFO  storage.RaftStorageDirectory (RaftStorageDirectory.java:analyzeStorage(246)) - The storage directory /workdir/hadoop-ozone/integration-test/target/test-dir/MiniOzoneClusterImpl-5ccca07a-eefb-4de6-a136-ad00c66ed42b/datanode-4/data/ratis/bcb98dde-d48d-4db5-a459-94f965ca4c11 does not exist. Creating ...
2019-09-03 13:21:45,271 [IPC Server handler 6 on 45848] INFO  net.NetworkTopology (NetworkTopologyImpl.java:add(110)) - Added a new node: /default-rack/9fd2e8bf-6fc9-4e37-b01d-233d0c9c394e
2019-09-03 13:21:45,272 [IPC Server handler 6 on 45848] INFO  node.SCMNodeManager (SCMNodeManager.java:register(266)) - Registered Data node : 9fd2e8bf-6fc9-4e37-b01d-233d0c9c394e{ip: 192.168.34.13, host: pr-hdds-2077-v5qkp-697056684, networkLocation: /default-rack, certSerialId: null}
2019-09-03 13:21:45,278 [pool-159-thread-1] INFO  storage.RaftStorageDirectory (RaftStorageDirectory.java:tryLock(328)) - Lock on /workdir/hadoop-ozone/integration-test/target/test-dir/MiniOzoneClusterImpl-5ccca07a-eefb-4de6-a136-ad00c66ed42b/datanode-4/data/ratis/bcb98dde-d48d-4db5-a459-94f965ca4c11/in_use.lock acquired by nodename 15961@pr-hdds-2077-v5qkp-697056684
2019-09-03 13:21:45,291 [pool-159-thread-1] INFO  storage.RaftStorage (RaftStorage.java:format(72)) - Storage directory /workdir/hadoop-ozone/integration-test/target/test-dir/MiniOzoneClusterImpl-5ccca07a-eefb-4de6-a136-ad00c66ed42b/datanode-4/data/ratis/bcb98dde-d48d-4db5-a459-94f965ca4c11 has been successfully formatted.
2019-09-03 13:21:45,291 [pool-159-thread-1] INFO  ratis.ContainerStateMachine (ContainerStateMachine.java:loadSnapshot(227)) - group-94F965CA4C11: The snapshot info is null. Setting the last applied indexto:(t:0, i:~)
2019-09-03 13:21:45,291 [pool-159-thread-1] INFO  server.RaftServerConfigKeys (ConfUtils.java:logGet(43)) - raft.server.leader.election.timeout = 120s (custom)
2019-09-03 13:21:45,291 [pool-159-thread-1] INFO  server.RaftServerConfigKeys (ConfUtils.java:logGet(43)) - raft.server.log.use.memory = false (default)
2019-09-03 13:21:45,291 [pool-159-thread-1] INFO  server.RaftServerConfigKeys (ConfUtils.java:logGet(43)) - raft.server.log.purge.gap = 1000000 (custom)
2019-09-03 13:21:45,292 [pool-159-thread-1] INFO  server.RaftServerConfigKeys (ConfUtils.java:logGet(43)) - raft.server.log.appender.buffer.byte-limit = 33554432 (custom)
2019-09-03 13:21:45,292 [pool-159-thread-1] INFO  server.RaftServerConfigKeys (ConfUtils.java:logGet(43)) - raft.server.log.segment.size.max = 1048576 (custom)
2019-09-03 13:21:45,292 [pool-159-thread-1] INFO  server.RaftServerConfigKeys (ConfUtils.java:logGet(43)) - raft.server.log.segment.cache.num.max = 2 (custom)
2019-09-03 13:21:45,292 [pool-159-thread-1] INFO  segmented.SegmentedRaftLogWorker (SegmentedRaftLogWorker.java:<init>(172)) - new 77e0a80b-8a2d-4a4d-80e4-5c2088ef816c-SegmentedRaftLogWorker:Storage Directory /workdir/hadoop-ozone/integration-test/target/test-dir/MiniOzoneClusterImpl-5ccca07a-eefb-4de6-a136-ad00c66ed42b/datanode-4/data/ratis/bcb98dde-d48d-4db5-a459-94f965ca4c11 for RaftStorage:Storage Directory /workdir/hadoop-ozone/integration-test/target/test-dir/MiniOzoneClusterImpl-5ccca07a-eefb-4de6-a136-ad00c66ed42b/datanode-4/data/ratis/bcb98dde-d48d-4db5-a459-94f965ca4c11
2019-09-03 13:21:45,292 [pool-159-thread-1] INFO  server.RaftServerConfigKeys (ConfUtils.java:logGet(43)) - raft.server.log.queue.byte-limit = 2147483647 (custom)
2019-09-03 13:21:45,292 [pool-159-thread-1] INFO  server.RaftServerConfigKeys (ConfUtils.java:logGet(43)) - raft.server.log.queue.element-limit = 1024 (custom)
2019-09-03 13:21:45,292 [pool-159-thread-1] INFO  server.RaftServerConfigKeys (ConfUtils.java:logGet(43)) - raft.server.log.segment.size.max = 1048576 (custom)
2019-09-03 13:21:45,293 [pool-159-thread-1] INFO  server.RaftServerConfigKeys (ConfUtils.java:logGet(43)) - raft.server.log.preallocated.size = 16384 (custom)
2019-09-03 13:21:45,293 [pool-159-thread-1] INFO  server.RaftServerConfigKeys (ConfUtils.java:logGet(43)) - raft.server.log.write.buffer.size = 33554432 (custom)
2019-09-03 13:21:45,293 [pool-159-thread-1] INFO  server.RaftServerConfigKeys (ConfUtils.java:logGet(43)) - raft.server.log.force.sync.num = 128 (default)
2019-09-03 13:21:45,293 [pool-159-thread-1] INFO  server.RaftServerConfigKeys (ConfUtils.java:logGet(43)) - raft.server.log.statemachine.data.sync = true (default)
2019-09-03 13:21:45,293 [pool-159-thread-1] INFO  server.RaftServerConfigKeys (ConfUtils.java:logGet(43)) - raft.server.log.statemachine.data.sync.timeout = 10s (default)
2019-09-03 13:21:45,293 [pool-159-thread-1] INFO  server.RaftServerConfigKeys (ConfUtils.java:logGet(43)) - raft.server.log.statemachine.data.sync.timeout.retry = -1 (default)
2019-09-03 13:21:45,293 [pool-159-thread-1] INFO  server.RaftServerConfigKeys (ConfUtils.java:logGet(43)) - raft.server.log.statemachine.data.caching.enabled = true (custom)
2019-09-03 13:21:45,294 [pool-159-thread-1] INFO  segmented.SegmentedRaftLogWorker (SegmentedRaftLogWorker.java:lambda$new$0(132)) - 77e0a80b-8a2d-4a4d-80e4-5c2088ef816c-SegmentedRaftLogWorker:Storage Directory /workdir/hadoop-ozone/integration-test/target/test-dir/MiniOzoneClusterImpl-5ccca07a-eefb-4de6-a136-ad00c66ed42b/datanode-4/data/ratis/bcb98dde-d48d-4db5-a459-94f965ca4c11: flushIndex: setUnconditionally 0 -> -1
2019-09-03 13:21:45,294 [pool-159-thread-1] INFO  server.RaftServerConfigKeys (ConfUtils.java:logGet(43)) - raft.server.snapshot.auto.trigger.enabled = true (custom)
2019-09-03 13:21:45,294 [pool-159-thread-1] INFO  server.RaftServerConfigKeys (ConfUtils.java:logGet(43)) - raft.server.snapshot.auto.trigger.threshold = 10000 (custom)
2019-09-03 13:21:45,294 [pool-159-thread-1] INFO  server.RaftServerConfigKeys (ConfUtils.java:logGet(43)) - raft.server.retrycache.expirytime = 600000ms (custom)
2019-09-03 13:21:45,294 [pool-159-thread-1] INFO  impl.RaftServerImpl (RaftServerImpl.java:start(180)) - 77e0a80b-8a2d-4a4d-80e4-5c2088ef816c: start group-94F965CA4C11
2019-09-03 13:21:45,295 [pool-159-thread-1] INFO  impl.RaftServerImpl (RaftServerImpl.java:setRole(171)) - 77e0a80b-8a2d-4a4d-80e4-5c2088ef816c:group-94F965CA4C11 changes role from null to FOLLOWER at term 0 for startAsFollower
2019-09-03 13:21:45,295 [pool-159-thread-1] INFO  impl.RoleInfo (RoleInfo.java:updateAndGet(143)) - 77e0a80b-8a2d-4a4d-80e4-5c2088ef816c: start FollowerState
2019-09-03 13:21:45,295 [pool-159-thread-1] INFO  util.JmxRegister (JmxRegister.java:tryRegister(44)) - Successfully registered JMX Bean with object name Ratis:service=RaftServer,group=group-94F965CA4C11,id=77e0a80b-8a2d-4a4d-80e4-5c2088ef816c
2019-09-03 13:21:45,298 [RatisPipelineUtilsThread] INFO  pipeline.PipelineStateManager (PipelineStateManager.java:addPipeline(56)) - Created pipeline Pipeline[ Id: bcb98dde-d48d-4db5-a459-94f965ca4c11, Nodes: 77e0a80b-8a2d-4a4d-80e4-5c2088ef816c{ip: 192.168.34.13, host: pr-hdds-2077-v5qkp-697056684, networkLocation: /default-rack, certSerialId: null}, Type:RATIS, Factor:ONE, State:OPEN]
2019-09-03 13:21:45,309 [grpc-default-executor-3] INFO  impl.RaftServerProxy (RaftServerProxy.java:addNew(89)) - 9fd2e8bf-6fc9-4e37-b01d-233d0c9c394e: addNew group-20DC2A7C5D69:[9fd2e8bf-6fc9-4e37-b01d-233d0c9c394e:192.168.34.13:44076] returns group-20DC2A7C5D69:java.util.concurrent.CompletableFuture@583debb1[Not completed]
2019-09-03 13:21:45,315 [pool-169-thread-1] INFO  impl.RaftServerImpl (RaftServerImpl.java:<init>(93)) - 9fd2e8bf-6fc9-4e37-b01d-233d0c9c394e: new RaftServerImpl for group-20DC2A7C5D69:[9fd2e8bf-6fc9-4e37-b01d-233d0c9c394e:192.168.34.13:44076] with ContainerStateMachine:uninitialized
2019-09-03 13:21:45,315 [pool-169-thread-1] INFO  server.RaftServerConfigKeys (ConfUtils.java:logGet(43)) - raft.server.rpc.timeout.min = 5s (custom)
2019-09-03 13:21:45,316 [pool-169-thread-1] INFO  server.RaftServerConfigKeys (ConfUtils.java:logGet(43)) - raft.server.rpc.timeout.max = 5200ms (custom)
2019-09-03 13:21:45,316 [pool-169-thread-1] INFO  server.RaftServerConfigKeys (ConfUtils.java:logGet(43)) - raft.server.rpcslowness.timeout = 120s (custom)
2019-09-03 13:21:45,316 [pool-169-thread-1] INFO  server.RaftServerConfigKeys (ConfUtils.java:logGet(43)) - raft.server.sleep.deviation.threshold = 300 (default)
2019-09-03 13:21:45,316 [pool-169-thread-1] INFO  server.RaftServerConfigKeys (ConfUtils.java:logGet(43)) - raft.server.log.appender.install.snapshot.enabled = false (custom)
2019-09-03 13:21:45,316 [pool-169-thread-1] INFO  impl.RaftServerImpl (ServerState.java:<init>(105)) - 9fd2e8bf-6fc9-4e37-b01d-233d0c9c394e:group-20DC2A7C5D69 ConfigurationManager, init=-1: [9fd2e8bf-6fc9-4e37-b01d-233d0c9c394e:192.168.34.13:44076], old=null, confs=<EMPTY_MAP>
2019-09-03 13:21:45,316 [pool-169-thread-1] INFO  server.RaftServerConfigKeys (ConfUtils.java:logGet(43)) - raft.server.storage.dir = [/workdir/hadoop-ozone/integration-test/target/test-dir/MiniOzoneClusterImpl-5ccca07a-eefb-4de6-a136-ad00c66ed42b/datanode-5/data/ratis] (custom)
2019-09-03 13:21:45,317 [pool-169-thread-1] INFO  storage.RaftStorageDirectory (RaftStorageDirectory.java:analyzeStorage(246)) - The storage directory /workdir/hadoop-ozone/integration-test/target/test-dir/MiniOzoneClusterImpl-5ccca07a-eefb-4de6-a136-ad00c66ed42b/datanode-5/data/ratis/8de51731-b62d-4e23-b438-20dc2a7c5d69 does not exist. Creating ...
2019-09-03 13:21:45,330 [pool-169-thread-1] INFO  storage.RaftStorageDirectory (RaftStorageDirectory.java:tryLock(328)) - Lock on /workdir/hadoop-ozone/integration-test/target/test-dir/MiniOzoneClusterImpl-5ccca07a-eefb-4de6-a136-ad00c66ed42b/datanode-5/data/ratis/8de51731-b62d-4e23-b438-20dc2a7c5d69/in_use.lock acquired by nodename 15961@pr-hdds-2077-v5qkp-697056684
2019-09-03 13:21:45,337 [main] INFO  ozone.MiniOzoneClusterImpl (MiniOzoneClusterImpl.java:lambda$waitForClusterToBeReady$0(140)) - Waiting for cluster to be ready. Got 6 of 7 DN Heartbeats.
2019-09-03 13:21:45,339 [IPC Server handler 5 on 45848] INFO  net.NetworkTopology (NetworkTopologyImpl.java:add(110)) - Added a new node: /default-rack/c457019c-a5f1-4607-8867-a3c94525b4a3
2019-09-03 13:21:45,339 [IPC Server handler 5 on 45848] INFO  node.SCMNodeManager (SCMNodeManager.java:register(266)) - Registered Data node : c457019c-a5f1-4607-8867-a3c94525b4a3{ip: 192.168.34.13, host: pr-hdds-2077-v5qkp-697056684, networkLocation: /default-rack, certSerialId: null}
2019-09-03 13:21:45,343 [pool-169-thread-1] INFO  storage.RaftStorage (RaftStorage.java:format(72)) - Storage directory /workdir/hadoop-ozone/integration-test/target/test-dir/MiniOzoneClusterImpl-5ccca07a-eefb-4de6-a136-ad00c66ed42b/datanode-5/data/ratis/8de51731-b62d-4e23-b438-20dc2a7c5d69 has been successfully formatted.
2019-09-03 13:21:45,344 [pool-169-thread-1] INFO  ratis.ContainerStateMachine (ContainerStateMachine.java:loadSnapshot(227)) - group-20DC2A7C5D69: The snapshot info is null. Setting the last applied indexto:(t:0, i:~)
2019-09-03 13:21:45,344 [pool-169-thread-1] INFO  server.RaftServerConfigKeys (ConfUtils.java:logGet(43)) - raft.server.leader.election.timeout = 120s (custom)
2019-09-03 13:21:45,344 [pool-169-thread-1] INFO  server.RaftServerConfigKeys (ConfUtils.java:logGet(43)) - raft.server.log.use.memory = false (default)
2019-09-03 13:21:45,344 [pool-169-thread-1] INFO  server.RaftServerConfigKeys (ConfUtils.java:logGet(43)) - raft.server.log.purge.gap = 1000000 (custom)
2019-09-03 13:21:45,344 [pool-169-thread-1] INFO  server.RaftServerConfigKeys (ConfUtils.java:logGet(43)) - raft.server.log.appender.buffer.byte-limit = 33554432 (custom)
2019-09-03 13:21:45,345 [pool-169-thread-1] INFO  server.RaftServerConfigKeys (ConfUtils.java:logGet(43)) - raft.server.log.segment.size.max = 1048576 (custom)
2019-09-03 13:21:45,345 [pool-169-thread-1] INFO  server.RaftServerConfigKeys (ConfUtils.java:logGet(43)) - raft.server.log.segment.cache.num.max = 2 (custom)
2019-09-03 13:21:45,345 [pool-169-thread-1] INFO  segmented.SegmentedRaftLogWorker (SegmentedRaftLogWorker.java:<init>(172)) - new 9fd2e8bf-6fc9-4e37-b01d-233d0c9c394e-SegmentedRaftLogWorker:Storage Directory /workdir/hadoop-ozone/integration-test/target/test-dir/MiniOzoneClusterImpl-5ccca07a-eefb-4de6-a136-ad00c66ed42b/datanode-5/data/ratis/8de51731-b62d-4e23-b438-20dc2a7c5d69 for RaftStorage:Storage Directory /workdir/hadoop-ozone/integration-test/target/test-dir/MiniOzoneClusterImpl-5ccca07a-eefb-4de6-a136-ad00c66ed42b/datanode-5/data/ratis/8de51731-b62d-4e23-b438-20dc2a7c5d69
2019-09-03 13:21:45,345 [pool-169-thread-1] INFO  server.RaftServerConfigKeys (ConfUtils.java:logGet(43)) - raft.server.log.queue.byte-limit = 2147483647 (custom)
2019-09-03 13:21:45,345 [pool-169-thread-1] INFO  server.RaftServerConfigKeys (ConfUtils.java:logGet(43)) - raft.server.log.queue.element-limit = 1024 (custom)
2019-09-03 13:21:45,346 [pool-169-thread-1] INFO  server.RaftServerConfigKeys (ConfUtils.java:logGet(43)) - raft.server.log.segment.size.max = 1048576 (custom)
2019-09-03 13:21:45,346 [pool-169-thread-1] INFO  server.RaftServerConfigKeys (ConfUtils.java:logGet(43)) - raft.server.log.preallocated.size = 16384 (custom)
2019-09-03 13:21:45,346 [pool-169-thread-1] INFO  server.RaftServerConfigKeys (ConfUtils.java:logGet(43)) - raft.server.log.write.buffer.size = 33554432 (custom)
2019-09-03 13:21:45,346 [pool-169-thread-1] INFO  server.RaftServerConfigKeys (ConfUtils.java:logGet(43)) - raft.server.log.force.sync.num = 128 (default)
2019-09-03 13:21:45,346 [pool-169-thread-1] INFO  server.RaftServerConfigKeys (ConfUtils.java:logGet(43)) - raft.server.log.statemachine.data.sync = true (default)
2019-09-03 13:21:45,346 [pool-169-thread-1] INFO  server.RaftServerConfigKeys (ConfUtils.java:logGet(43)) - raft.server.log.statemachine.data.sync.timeout = 10s (default)
2019-09-03 13:21:45,346 [pool-169-thread-1] INFO  server.RaftServerConfigKeys (ConfUtils.java:logGet(43)) - raft.server.log.statemachine.data.sync.timeout.retry = -1 (default)
2019-09-03 13:21:45,347 [pool-169-thread-1] INFO  server.RaftServerConfigKeys (ConfUtils.java:logGet(43)) - raft.server.log.statemachine.data.caching.enabled = true (custom)
2019-09-03 13:21:45,347 [pool-169-thread-1] INFO  segmented.SegmentedRaftLogWorker (SegmentedRaftLogWorker.java:lambda$new$0(132)) - 9fd2e8bf-6fc9-4e37-b01d-233d0c9c394e-SegmentedRaftLogWorker:Storage Directory /workdir/hadoop-ozone/integration-test/target/test-dir/MiniOzoneClusterImpl-5ccca07a-eefb-4de6-a136-ad00c66ed42b/datanode-5/data/ratis/8de51731-b62d-4e23-b438-20dc2a7c5d69: flushIndex: setUnconditionally 0 -> -1
2019-09-03 13:21:45,347 [pool-169-thread-1] INFO  server.RaftServerConfigKeys (ConfUtils.java:logGet(43)) - raft.server.snapshot.auto.trigger.enabled = true (custom)
2019-09-03 13:21:45,348 [pool-169-thread-1] INFO  server.RaftServerConfigKeys (ConfUtils.java:logGet(43)) - raft.server.snapshot.auto.trigger.threshold = 10000 (custom)
2019-09-03 13:21:45,348 [pool-169-thread-1] INFO  server.RaftServerConfigKeys (ConfUtils.java:logGet(43)) - raft.server.retrycache.expirytime = 600000ms (custom)
2019-09-03 13:21:45,348 [pool-169-thread-1] INFO  impl.RaftServerImpl (RaftServerImpl.java:start(180)) - 9fd2e8bf-6fc9-4e37-b01d-233d0c9c394e: start group-20DC2A7C5D69
2019-09-03 13:21:45,348 [pool-169-thread-1] INFO  impl.RaftServerImpl (RaftServerImpl.java:setRole(171)) - 9fd2e8bf-6fc9-4e37-b01d-233d0c9c394e:group-20DC2A7C5D69 changes role from null to FOLLOWER at term 0 for startAsFollower
2019-09-03 13:21:45,348 [pool-169-thread-1] INFO  impl.RoleInfo (RoleInfo.java:updateAndGet(143)) - 9fd2e8bf-6fc9-4e37-b01d-233d0c9c394e: start FollowerState
2019-09-03 13:21:45,349 [pool-169-thread-1] INFO  util.JmxRegister (JmxRegister.java:tryRegister(44)) - Successfully registered JMX Bean with object name Ratis:service=RaftServer,group=group-20DC2A7C5D69,id=9fd2e8bf-6fc9-4e37-b01d-233d0c9c394e
2019-09-03 13:21:45,351 [RatisPipelineUtilsThread] INFO  pipeline.PipelineStateManager (PipelineStateManager.java:addPipeline(56)) - Created pipeline Pipeline[ Id: 8de51731-b62d-4e23-b438-20dc2a7c5d69, Nodes: 9fd2e8bf-6fc9-4e37-b01d-233d0c9c394e{ip: 192.168.34.13, host: pr-hdds-2077-v5qkp-697056684, networkLocation: /default-rack, certSerialId: null}, Type:RATIS, Factor:ONE, State:OPEN]
2019-09-03 13:21:45,361 [grpc-default-executor-3] INFO  impl.RaftServerProxy (RaftServerProxy.java:addNew(89)) - c457019c-a5f1-4607-8867-a3c94525b4a3: addNew group-598893515C23:[c457019c-a5f1-4607-8867-a3c94525b4a3:192.168.34.13:45616] returns group-598893515C23:java.util.concurrent.CompletableFuture@6a274e70[Not completed]
2019-09-03 13:21:45,365 [pool-179-thread-1] INFO  impl.RaftServerImpl (RaftServerImpl.java:<init>(93)) - c457019c-a5f1-4607-8867-a3c94525b4a3: new RaftServerImpl for group-598893515C23:[c457019c-a5f1-4607-8867-a3c94525b4a3:192.168.34.13:45616] with ContainerStateMachine:uninitialized
2019-09-03 13:21:45,366 [pool-179-thread-1] INFO  server.RaftServerConfigKeys (ConfUtils.java:logGet(43)) - raft.server.rpc.timeout.min = 5s (custom)
2019-09-03 13:21:45,366 [pool-179-thread-1] INFO  server.RaftServerConfigKeys (ConfUtils.java:logGet(43)) - raft.server.rpc.timeout.max = 5200ms (custom)
2019-09-03 13:21:45,366 [pool-179-thread-1] INFO  server.RaftServerConfigKeys (ConfUtils.java:logGet(43)) - raft.server.rpcslowness.timeout = 120s (custom)
2019-09-03 13:21:45,366 [pool-179-thread-1] INFO  server.RaftServerConfigKeys (ConfUtils.java:logGet(43)) - raft.server.sleep.deviation.threshold = 300 (default)
2019-09-03 13:21:45,366 [pool-179-thread-1] INFO  server.RaftServerConfigKeys (ConfUtils.java:logGet(43)) - raft.server.log.appender.install.snapshot.enabled = false (custom)
2019-09-03 13:21:45,366 [pool-179-thread-1] INFO  impl.RaftServerImpl (ServerState.java:<init>(105)) - c457019c-a5f1-4607-8867-a3c94525b4a3:group-598893515C23 ConfigurationManager, init=-1: [c457019c-a5f1-4607-8867-a3c94525b4a3:192.168.34.13:45616], old=null, confs=<EMPTY_MAP>
2019-09-03 13:21:45,366 [pool-179-thread-1] INFO  server.RaftServerConfigKeys (ConfUtils.java:logGet(43)) - raft.server.storage.dir = [/workdir/hadoop-ozone/integration-test/target/test-dir/MiniOzoneClusterImpl-5ccca07a-eefb-4de6-a136-ad00c66ed42b/datanode-6/data/ratis] (custom)
2019-09-03 13:21:45,367 [pool-179-thread-1] INFO  storage.RaftStorageDirectory (RaftStorageDirectory.java:analyzeStorage(246)) - The storage directory /workdir/hadoop-ozone/integration-test/target/test-dir/MiniOzoneClusterImpl-5ccca07a-eefb-4de6-a136-ad00c66ed42b/datanode-6/data/ratis/7d7ff0bd-32fa-4d28-b092-598893515c23 does not exist. Creating ...
2019-09-03 13:21:45,379 [pool-179-thread-1] INFO  storage.RaftStorageDirectory (RaftStorageDirectory.java:tryLock(328)) - Lock on /workdir/hadoop-ozone/integration-test/target/test-dir/MiniOzoneClusterImpl-5ccca07a-eefb-4de6-a136-ad00c66ed42b/datanode-6/data/ratis/7d7ff0bd-32fa-4d28-b092-598893515c23/in_use.lock acquired by nodename 15961@pr-hdds-2077-v5qkp-697056684
2019-09-03 13:21:45,392 [pool-179-thread-1] INFO  storage.RaftStorage (RaftStorage.java:format(72)) - Storage directory /workdir/hadoop-ozone/integration-test/target/test-dir/MiniOzoneClusterImpl-5ccca07a-eefb-4de6-a136-ad00c66ed42b/datanode-6/data/ratis/7d7ff0bd-32fa-4d28-b092-598893515c23 has been successfully formatted.
2019-09-03 13:21:45,393 [pool-179-thread-1] INFO  ratis.ContainerStateMachine (ContainerStateMachine.java:loadSnapshot(227)) - group-598893515C23: The snapshot info is null. Setting the last applied indexto:(t:0, i:~)
2019-09-03 13:21:45,393 [pool-179-thread-1] INFO  server.RaftServerConfigKeys (ConfUtils.java:logGet(43)) - raft.server.leader.election.timeout = 120s (custom)
2019-09-03 13:21:45,393 [pool-179-thread-1] INFO  server.RaftServerConfigKeys (ConfUtils.java:logGet(43)) - raft.server.log.use.memory = false (default)
2019-09-03 13:21:45,393 [pool-179-thread-1] INFO  server.RaftServerConfigKeys (ConfUtils.java:logGet(43)) - raft.server.log.purge.gap = 1000000 (custom)
2019-09-03 13:21:45,393 [pool-179-thread-1] INFO  server.RaftServerConfigKeys (ConfUtils.java:logGet(43)) - raft.server.log.appender.buffer.byte-limit = 33554432 (custom)
2019-09-03 13:21:45,393 [pool-179-thread-1] INFO  server.RaftServerConfigKeys (ConfUtils.java:logGet(43)) - raft.server.log.segment.size.max = 1048576 (custom)
2019-09-03 13:21:45,393 [pool-179-thread-1] INFO  server.RaftServerConfigKeys (ConfUtils.java:logGet(43)) - raft.server.log.segment.cache.num.max = 2 (custom)
2019-09-03 13:21:45,394 [pool-179-thread-1] INFO  segmented.SegmentedRaftLogWorker (SegmentedRaftLogWorker.java:<init>(172)) - new c457019c-a5f1-4607-8867-a3c94525b4a3-SegmentedRaftLogWorker:Storage Directory /workdir/hadoop-ozone/integration-test/target/test-dir/MiniOzoneClusterImpl-5ccca07a-eefb-4de6-a136-ad00c66ed42b/datanode-6/data/ratis/7d7ff0bd-32fa-4d28-b092-598893515c23 for RaftStorage:Storage Directory /workdir/hadoop-ozone/integration-test/target/test-dir/MiniOzoneClusterImpl-5ccca07a-eefb-4de6-a136-ad00c66ed42b/datanode-6/data/ratis/7d7ff0bd-32fa-4d28-b092-598893515c23
2019-09-03 13:21:45,394 [pool-179-thread-1] INFO  server.RaftServerConfigKeys (ConfUtils.java:logGet(43)) - raft.server.log.queue.byte-limit = 2147483647 (custom)
2019-09-03 13:21:45,394 [pool-179-thread-1] INFO  server.RaftServerConfigKeys (ConfUtils.java:logGet(43)) - raft.server.log.queue.element-limit = 1024 (custom)
2019-09-03 13:21:45,394 [pool-179-thread-1] INFO  server.RaftServerConfigKeys (ConfUtils.java:logGet(43)) - raft.server.log.segment.size.max = 1048576 (custom)
2019-09-03 13:21:45,394 [pool-179-thread-1] INFO  server.RaftServerConfigKeys (ConfUtils.java:logGet(43)) - raft.server.log.preallocated.size = 16384 (custom)
2019-09-03 13:21:45,394 [pool-179-thread-1] INFO  server.RaftServerConfigKeys (ConfUtils.java:logGet(43)) - raft.server.log.write.buffer.size = 33554432 (custom)
2019-09-03 13:21:45,394 [pool-179-thread-1] INFO  server.RaftServerConfigKeys (ConfUtils.java:logGet(43)) - raft.server.log.force.sync.num = 128 (default)
2019-09-03 13:21:45,394 [pool-179-thread-1] INFO  server.RaftServerConfigKeys (ConfUtils.java:logGet(43)) - raft.server.log.statemachine.data.sync = true (default)
2019-09-03 13:21:45,395 [pool-179-thread-1] INFO  server.RaftServerConfigKeys (ConfUtils.java:logGet(43)) - raft.server.log.statemachine.data.sync.timeout = 10s (default)
2019-09-03 13:21:45,395 [pool-179-thread-1] INFO  server.RaftServerConfigKeys (ConfUtils.java:logGet(43)) - raft.server.log.statemachine.data.sync.timeout.retry = -1 (default)
2019-09-03 13:21:45,395 [pool-179-thread-1] INFO  server.RaftServerConfigKeys (ConfUtils.java:logGet(43)) - raft.server.log.statemachine.data.caching.enabled = true (custom)
2019-09-03 13:21:45,395 [pool-179-thread-1] INFO  segmented.SegmentedRaftLogWorker (SegmentedRaftLogWorker.java:lambda$new$0(132)) - c457019c-a5f1-4607-8867-a3c94525b4a3-SegmentedRaftLogWorker:Storage Directory /workdir/hadoop-ozone/integration-test/target/test-dir/MiniOzoneClusterImpl-5ccca07a-eefb-4de6-a136-ad00c66ed42b/datanode-6/data/ratis/7d7ff0bd-32fa-4d28-b092-598893515c23: flushIndex: setUnconditionally 0 -> -1
2019-09-03 13:21:45,396 [pool-179-thread-1] INFO  server.RaftServerConfigKeys (ConfUtils.java:logGet(43)) - raft.server.snapshot.auto.trigger.enabled = true (custom)
2019-09-03 13:21:45,396 [pool-179-thread-1] INFO  server.RaftServerConfigKeys (ConfUtils.java:logGet(43)) - raft.server.snapshot.auto.trigger.threshold = 10000 (custom)
2019-09-03 13:21:45,396 [pool-179-thread-1] INFO  server.RaftServerConfigKeys (ConfUtils.java:logGet(43)) - raft.server.retrycache.expirytime = 600000ms (custom)
2019-09-03 13:21:45,396 [pool-179-thread-1] INFO  impl.RaftServerImpl (RaftServerImpl.java:start(180)) - c457019c-a5f1-4607-8867-a3c94525b4a3: start group-598893515C23
2019-09-03 13:21:45,396 [pool-179-thread-1] INFO  impl.RaftServerImpl (RaftServerImpl.java:setRole(171)) - c457019c-a5f1-4607-8867-a3c94525b4a3:group-598893515C23 changes role from null to FOLLOWER at term 0 for startAsFollower
2019-09-03 13:21:45,396 [pool-179-thread-1] INFO  impl.RoleInfo (RoleInfo.java:updateAndGet(143)) - c457019c-a5f1-4607-8867-a3c94525b4a3: start FollowerState
2019-09-03 13:21:45,397 [pool-179-thread-1] INFO  util.JmxRegister (JmxRegister.java:tryRegister(44)) - Successfully registered JMX Bean with object name Ratis:service=RaftServer,group=group-598893515C23,id=c457019c-a5f1-4607-8867-a3c94525b4a3
2019-09-03 13:21:45,399 [RatisPipelineUtilsThread] INFO  pipeline.PipelineStateManager (PipelineStateManager.java:addPipeline(56)) - Created pipeline Pipeline[ Id: 7d7ff0bd-32fa-4d28-b092-598893515c23, Nodes: c457019c-a5f1-4607-8867-a3c94525b4a3{ip: 192.168.34.13, host: pr-hdds-2077-v5qkp-697056684, networkLocation: /default-rack, certSerialId: null}, Type:RATIS, Factor:ONE, State:OPEN]
2019-09-03 13:21:45,415 [grpc-default-executor-4] INFO  impl.RaftServerProxy (RaftServerProxy.java:addNew(89)) - c457019c-a5f1-4607-8867-a3c94525b4a3: addNew group-58C057831B68:[9fd2e8bf-6fc9-4e37-b01d-233d0c9c394e:192.168.34.13:44076, c457019c-a5f1-4607-8867-a3c94525b4a3:192.168.34.13:45616, 6a8167cd-c22a-4fc4-a15e-fd6bf639f419:192.168.34.13:34640] returns group-58C057831B68:java.util.concurrent.CompletableFuture@7cc9e67b[Not completed]
2019-09-03 13:21:45,415 [grpc-default-executor-3] INFO  impl.RaftServerProxy (RaftServerProxy.java:addNew(89)) - 6a8167cd-c22a-4fc4-a15e-fd6bf639f419: addNew group-58C057831B68:[9fd2e8bf-6fc9-4e37-b01d-233d0c9c394e:192.168.34.13:44076, c457019c-a5f1-4607-8867-a3c94525b4a3:192.168.34.13:45616, 6a8167cd-c22a-4fc4-a15e-fd6bf639f419:192.168.34.13:34640] returns group-58C057831B68:java.util.concurrent.CompletableFuture@1df927a[Not completed]
2019-09-03 13:21:45,415 [grpc-default-executor-1] INFO  impl.RaftServerProxy (RaftServerProxy.java:addNew(89)) - 9fd2e8bf-6fc9-4e37-b01d-233d0c9c394e: addNew group-58C057831B68:[9fd2e8bf-6fc9-4e37-b01d-233d0c9c394e:192.168.34.13:44076, c457019c-a5f1-4607-8867-a3c94525b4a3:192.168.34.13:45616, 6a8167cd-c22a-4fc4-a15e-fd6bf639f419:192.168.34.13:34640] returns group-58C057831B68:java.util.concurrent.CompletableFuture@60f9140a[Not completed]
2019-09-03 13:21:45,416 [pool-169-thread-1] INFO  impl.RaftServerImpl (RaftServerImpl.java:<init>(93)) - 9fd2e8bf-6fc9-4e37-b01d-233d0c9c394e: new RaftServerImpl for group-58C057831B68:[9fd2e8bf-6fc9-4e37-b01d-233d0c9c394e:192.168.34.13:44076, c457019c-a5f1-4607-8867-a3c94525b4a3:192.168.34.13:45616, 6a8167cd-c22a-4fc4-a15e-fd6bf639f419:192.168.34.13:34640] with ContainerStateMachine:uninitialized
2019-09-03 13:21:45,416 [pool-169-thread-1] INFO  server.RaftServerConfigKeys (ConfUtils.java:logGet(43)) - raft.server.rpc.timeout.min = 5s (custom)
2019-09-03 13:21:45,416 [pool-169-thread-1] INFO  server.RaftServerConfigKeys (ConfUtils.java:logGet(43)) - raft.server.rpc.timeout.max = 5200ms (custom)
2019-09-03 13:21:45,417 [pool-169-thread-1] INFO  server.RaftServerConfigKeys (ConfUtils.java:logGet(43)) - raft.server.rpcslowness.timeout = 120s (custom)
2019-09-03 13:21:45,417 [pool-149-thread-1] INFO  impl.RaftServerImpl (RaftServerImpl.java:<init>(93)) - 6a8167cd-c22a-4fc4-a15e-fd6bf639f419: new RaftServerImpl for group-58C057831B68:[9fd2e8bf-6fc9-4e37-b01d-233d0c9c394e:192.168.34.13:44076, c457019c-a5f1-4607-8867-a3c94525b4a3:192.168.34.13:45616, 6a8167cd-c22a-4fc4-a15e-fd6bf639f419:192.168.34.13:34640] with ContainerStateMachine:uninitialized
2019-09-03 13:21:45,417 [pool-169-thread-1] INFO  server.RaftServerConfigKeys (ConfUtils.java:logGet(43)) - raft.server.sleep.deviation.threshold = 300 (default)
2019-09-03 13:21:45,417 [pool-149-thread-1] INFO  server.RaftServerConfigKeys (ConfUtils.java:logGet(43)) - raft.server.rpc.timeout.min = 5s (custom)
2019-09-03 13:21:45,417 [pool-169-thread-1] INFO  server.RaftServerConfigKeys (ConfUtils.java:logGet(43)) - raft.server.log.appender.install.snapshot.enabled = false (custom)
2019-09-03 13:21:45,417 [pool-149-thread-1] INFO  server.RaftServerConfigKeys (ConfUtils.java:logGet(43)) - raft.server.rpc.timeout.max = 5200ms (custom)
2019-09-03 13:21:45,417 [pool-169-thread-1] INFO  impl.RaftServerImpl (ServerState.java:<init>(105)) - 9fd2e8bf-6fc9-4e37-b01d-233d0c9c394e:group-58C057831B68 ConfigurationManager, init=-1: [9fd2e8bf-6fc9-4e37-b01d-233d0c9c394e:192.168.34.13:44076, c457019c-a5f1-4607-8867-a3c94525b4a3:192.168.34.13:45616, 6a8167cd-c22a-4fc4-a15e-fd6bf639f419:192.168.34.13:34640], old=null, confs=<EMPTY_MAP>
2019-09-03 13:21:45,417 [pool-179-thread-1] INFO  impl.RaftServerImpl (RaftServerImpl.java:<init>(93)) - c457019c-a5f1-4607-8867-a3c94525b4a3: new RaftServerImpl for group-58C057831B68:[9fd2e8bf-6fc9-4e37-b01d-233d0c9c394e:192.168.34.13:44076, c457019c-a5f1-4607-8867-a3c94525b4a3:192.168.34.13:45616, 6a8167cd-c22a-4fc4-a15e-fd6bf639f419:192.168.34.13:34640] with ContainerStateMachine:uninitialized
2019-09-03 13:21:45,418 [pool-169-thread-1] INFO  server.RaftServerConfigKeys (ConfUtils.java:logGet(43)) - raft.server.storage.dir = [/workdir/hadoop-ozone/integration-test/target/test-dir/MiniOzoneClusterImpl-5ccca07a-eefb-4de6-a136-ad00c66ed42b/datanode-5/data/ratis] (custom)
2019-09-03 13:21:45,417 [pool-149-thread-1] INFO  server.RaftServerConfigKeys (ConfUtils.java:logGet(43)) - raft.server.rpcslowness.timeout = 120s (custom)
2019-09-03 13:21:45,418 [pool-179-thread-1] INFO  server.RaftServerConfigKeys (ConfUtils.java:logGet(43)) - raft.server.rpc.timeout.min = 5s (custom)
2019-09-03 13:21:45,418 [pool-149-thread-1] INFO  server.RaftServerConfigKeys (ConfUtils.java:logGet(43)) - raft.server.sleep.deviation.threshold = 300 (default)
2019-09-03 13:21:45,418 [pool-179-thread-1] INFO  server.RaftServerConfigKeys (ConfUtils.java:logGet(43)) - raft.server.rpc.timeout.max = 5200ms (custom)
2019-09-03 13:21:45,418 [pool-149-thread-1] INFO  server.RaftServerConfigKeys (ConfUtils.java:logGet(43)) - raft.server.log.appender.install.snapshot.enabled = false (custom)
2019-09-03 13:21:45,418 [pool-179-thread-1] INFO  server.RaftServerConfigKeys (ConfUtils.java:logGet(43)) - raft.server.rpcslowness.timeout = 120s (custom)
2019-09-03 13:21:45,418 [pool-149-thread-1] INFO  impl.RaftServerImpl (ServerState.java:<init>(105)) - 6a8167cd-c22a-4fc4-a15e-fd6bf639f419:group-58C057831B68 ConfigurationManager, init=-1: [9fd2e8bf-6fc9-4e37-b01d-233d0c9c394e:192.168.34.13:44076, c457019c-a5f1-4607-8867-a3c94525b4a3:192.168.34.13:45616, 6a8167cd-c22a-4fc4-a15e-fd6bf639f419:192.168.34.13:34640], old=null, confs=<EMPTY_MAP>
2019-09-03 13:21:45,418 [pool-179-thread-1] INFO  server.RaftServerConfigKeys (ConfUtils.java:logGet(43)) - raft.server.sleep.deviation.threshold = 300 (default)
2019-09-03 13:21:45,419 [pool-149-thread-1] INFO  server.RaftServerConfigKeys (ConfUtils.java:logGet(43)) - raft.server.storage.dir = [/workdir/hadoop-ozone/integration-test/target/test-dir/MiniOzoneClusterImpl-5ccca07a-eefb-4de6-a136-ad00c66ed42b/datanode-3/data/ratis] (custom)
2019-09-03 13:21:45,419 [pool-179-thread-1] INFO  server.RaftServerConfigKeys (ConfUtils.java:logGet(43)) - raft.server.log.appender.install.snapshot.enabled = false (custom)
2019-09-03 13:21:45,419 [pool-179-thread-1] INFO  impl.RaftServerImpl (ServerState.java:<init>(105)) - c457019c-a5f1-4607-8867-a3c94525b4a3:group-58C057831B68 ConfigurationManager, init=-1: [9fd2e8bf-6fc9-4e37-b01d-233d0c9c394e:192.168.34.13:44076, c457019c-a5f1-4607-8867-a3c94525b4a3:192.168.34.13:45616, 6a8167cd-c22a-4fc4-a15e-fd6bf639f419:192.168.34.13:34640], old=null, confs=<EMPTY_MAP>
2019-09-03 13:21:45,419 [pool-179-thread-1] INFO  server.RaftServerConfigKeys (ConfUtils.java:logGet(43)) - raft.server.storage.dir = [/workdir/hadoop-ozone/integration-test/target/test-dir/MiniOzoneClusterImpl-5ccca07a-eefb-4de6-a136-ad00c66ed42b/datanode-6/data/ratis] (custom)
2019-09-03 13:21:45,419 [pool-169-thread-1] INFO  storage.RaftStorageDirectory (RaftStorageDirectory.java:analyzeStorage(246)) - The storage directory /workdir/hadoop-ozone/integration-test/target/test-dir/MiniOzoneClusterImpl-5ccca07a-eefb-4de6-a136-ad00c66ed42b/datanode-5/data/ratis/e19147a1-749b-483c-a298-58c057831b68 does not exist. Creating ...
2019-09-03 13:21:45,419 [pool-149-thread-1] INFO  storage.RaftStorageDirectory (RaftStorageDirectory.java:analyzeStorage(246)) - The storage directory /workdir/hadoop-ozone/integration-test/target/test-dir/MiniOzoneClusterImpl-5ccca07a-eefb-4de6-a136-ad00c66ed42b/datanode-3/data/ratis/e19147a1-749b-483c-a298-58c057831b68 does not exist. Creating ...
2019-09-03 13:21:45,419 [pool-179-thread-1] INFO  storage.RaftStorageDirectory (RaftStorageDirectory.java:analyzeStorage(246)) - The storage directory /workdir/hadoop-ozone/integration-test/target/test-dir/MiniOzoneClusterImpl-5ccca07a-eefb-4de6-a136-ad00c66ed42b/datanode-6/data/ratis/e19147a1-749b-483c-a298-58c057831b68 does not exist. Creating ...
2019-09-03 13:21:45,433 [pool-169-thread-1] INFO  storage.RaftStorageDirectory (RaftStorageDirectory.java:tryLock(328)) - Lock on /workdir/hadoop-ozone/integration-test/target/test-dir/MiniOzoneClusterImpl-5ccca07a-eefb-4de6-a136-ad00c66ed42b/datanode-5/data/ratis/e19147a1-749b-483c-a298-58c057831b68/in_use.lock acquired by nodename 15961@pr-hdds-2077-v5qkp-697056684
2019-09-03 13:21:45,433 [pool-149-thread-1] INFO  storage.RaftStorageDirectory (RaftStorageDirectory.java:tryLock(328)) - Lock on /workdir/hadoop-ozone/integration-test/target/test-dir/MiniOzoneClusterImpl-5ccca07a-eefb-4de6-a136-ad00c66ed42b/datanode-3/data/ratis/e19147a1-749b-483c-a298-58c057831b68/in_use.lock acquired by nodename 15961@pr-hdds-2077-v5qkp-697056684
2019-09-03 13:21:45,433 [pool-179-thread-1] INFO  storage.RaftStorageDirectory (RaftStorageDirectory.java:tryLock(328)) - Lock on /workdir/hadoop-ozone/integration-test/target/test-dir/MiniOzoneClusterImpl-5ccca07a-eefb-4de6-a136-ad00c66ed42b/datanode-6/data/ratis/e19147a1-749b-483c-a298-58c057831b68/in_use.lock acquired by nodename 15961@pr-hdds-2077-v5qkp-697056684
2019-09-03 13:21:45,446 [pool-149-thread-1] INFO  storage.RaftStorage (RaftStorage.java:format(72)) - Storage directory /workdir/hadoop-ozone/integration-test/target/test-dir/MiniOzoneClusterImpl-5ccca07a-eefb-4de6-a136-ad00c66ed42b/datanode-3/data/ratis/e19147a1-749b-483c-a298-58c057831b68 has been successfully formatted.
2019-09-03 13:21:45,447 [pool-179-thread-1] INFO  storage.RaftStorage (RaftStorage.java:format(72)) - Storage directory /workdir/hadoop-ozone/integration-test/target/test-dir/MiniOzoneClusterImpl-5ccca07a-eefb-4de6-a136-ad00c66ed42b/datanode-6/data/ratis/e19147a1-749b-483c-a298-58c057831b68 has been successfully formatted.
2019-09-03 13:21:45,446 [pool-169-thread-1] INFO  storage.RaftStorage (RaftStorage.java:format(72)) - Storage directory /workdir/hadoop-ozone/integration-test/target/test-dir/MiniOzoneClusterImpl-5ccca07a-eefb-4de6-a136-ad00c66ed42b/datanode-5/data/ratis/e19147a1-749b-483c-a298-58c057831b68 has been successfully formatted.
2019-09-03 13:21:45,447 [pool-179-thread-1] INFO  ratis.ContainerStateMachine (ContainerStateMachine.java:loadSnapshot(227)) - group-58C057831B68: The snapshot info is null. Setting the last applied indexto:(t:0, i:~)
2019-09-03 13:21:45,447 [pool-149-thread-1] INFO  ratis.ContainerStateMachine (ContainerStateMachine.java:loadSnapshot(227)) - group-58C057831B68: The snapshot info is null. Setting the last applied indexto:(t:0, i:~)
2019-09-03 13:21:45,447 [pool-179-thread-1] INFO  server.RaftServerConfigKeys (ConfUtils.java:logGet(43)) - raft.server.leader.election.timeout = 120s (custom)
2019-09-03 13:21:45,447 [pool-169-thread-1] INFO  ratis.ContainerStateMachine (ContainerStateMachine.java:loadSnapshot(227)) - group-58C057831B68: The snapshot info is null. Setting the last applied indexto:(t:0, i:~)
2019-09-03 13:21:45,447 [pool-179-thread-1] INFO  server.RaftServerConfigKeys (ConfUtils.java:logGet(43)) - raft.server.log.use.memory = false (default)
2019-09-03 13:21:45,447 [pool-149-thread-1] INFO  server.RaftServerConfigKeys (ConfUtils.java:logGet(43)) - raft.server.leader.election.timeout = 120s (custom)
2019-09-03 13:21:45,447 [pool-179-thread-1] INFO  server.RaftServerConfigKeys (ConfUtils.java:logGet(43)) - raft.server.log.purge.gap = 1000000 (custom)
2019-09-03 13:21:45,447 [pool-169-thread-1] INFO  server.RaftServerConfigKeys (ConfUtils.java:logGet(43)) - raft.server.leader.election.timeout = 120s (custom)
2019-09-03 13:21:45,448 [pool-179-thread-1] INFO  server.RaftServerConfigKeys (ConfUtils.java:logGet(43)) - raft.server.log.appender.buffer.byte-limit = 33554432 (custom)
2019-09-03 13:21:45,447 [pool-149-thread-1] INFO  server.RaftServerConfigKeys (ConfUtils.java:logGet(43)) - raft.server.log.use.memory = false (default)
2019-09-03 13:21:45,448 [pool-179-thread-1] INFO  server.RaftServerConfigKeys (ConfUtils.java:logGet(43)) - raft.server.log.segment.size.max = 1048576 (custom)
2019-09-03 13:21:45,448 [pool-169-thread-1] INFO  server.RaftServerConfigKeys (ConfUtils.java:logGet(43)) - raft.server.log.use.memory = false (default)
2019-09-03 13:21:45,448 [pool-179-thread-1] INFO  server.RaftServerConfigKeys (ConfUtils.java:logGet(43)) - raft.server.log.segment.cache.num.max = 2 (custom)
2019-09-03 13:21:45,448 [pool-149-thread-1] INFO  server.RaftServerConfigKeys (ConfUtils.java:logGet(43)) - raft.server.log.purge.gap = 1000000 (custom)
2019-09-03 13:21:45,448 [pool-179-thread-1] INFO  segmented.SegmentedRaftLogWorker (SegmentedRaftLogWorker.java:<init>(172)) - new c457019c-a5f1-4607-8867-a3c94525b4a3-SegmentedRaftLogWorker:Storage Directory /workdir/hadoop-ozone/integration-test/target/test-dir/MiniOzoneClusterImpl-5ccca07a-eefb-4de6-a136-ad00c66ed42b/datanode-6/data/ratis/e19147a1-749b-483c-a298-58c057831b68 for RaftStorage:Storage Directory /workdir/hadoop-ozone/integration-test/target/test-dir/MiniOzoneClusterImpl-5ccca07a-eefb-4de6-a136-ad00c66ed42b/datanode-6/data/ratis/e19147a1-749b-483c-a298-58c057831b68
2019-09-03 13:21:45,448 [pool-169-thread-1] INFO  server.RaftServerConfigKeys (ConfUtils.java:logGet(43)) - raft.server.log.purge.gap = 1000000 (custom)
2019-09-03 13:21:45,448 [pool-179-thread-1] INFO  server.RaftServerConfigKeys (ConfUtils.java:logGet(43)) - raft.server.log.queue.byte-limit = 2147483647 (custom)
2019-09-03 13:21:45,448 [pool-149-thread-1] INFO  server.RaftServerConfigKeys (ConfUtils.java:logGet(43)) - raft.server.log.appender.buffer.byte-limit = 33554432 (custom)
2019-09-03 13:21:45,449 [pool-179-thread-1] INFO  server.RaftServerConfigKeys (ConfUtils.java:logGet(43)) - raft.server.log.queue.element-limit = 1024 (custom)
2019-09-03 13:21:45,449 [pool-169-thread-1] INFO  server.RaftServerConfigKeys (ConfUtils.java:logGet(43)) - raft.server.log.appender.buffer.byte-limit = 33554432 (custom)
2019-09-03 13:21:45,449 [pool-179-thread-1] INFO  server.RaftServerConfigKeys (ConfUtils.java:logGet(43)) - raft.server.log.segment.size.max = 1048576 (custom)
2019-09-03 13:21:45,449 [pool-149-thread-1] INFO  server.RaftServerConfigKeys (ConfUtils.java:logGet(43)) - raft.server.log.segment.size.max = 1048576 (custom)
2019-09-03 13:21:45,449 [pool-179-thread-1] INFO  server.RaftServerConfigKeys (ConfUtils.java:logGet(43)) - raft.server.log.preallocated.size = 16384 (custom)
2019-09-03 13:21:45,449 [pool-169-thread-1] INFO  server.RaftServerConfigKeys (ConfUtils.java:logGet(43)) - raft.server.log.segment.size.max = 1048576 (custom)
2019-09-03 13:21:45,449 [pool-179-thread-1] INFO  server.RaftServerConfigKeys (ConfUtils.java:logGet(43)) - raft.server.log.write.buffer.size = 33554432 (custom)
2019-09-03 13:21:45,449 [pool-149-thread-1] INFO  server.RaftServerConfigKeys (ConfUtils.java:logGet(43)) - raft.server.log.segment.cache.num.max = 2 (custom)
2019-09-03 13:21:45,449 [pool-179-thread-1] INFO  server.RaftServerConfigKeys (ConfUtils.java:logGet(43)) - raft.server.log.force.sync.num = 128 (default)
2019-09-03 13:21:45,449 [pool-169-thread-1] INFO  server.RaftServerConfigKeys (ConfUtils.java:logGet(43)) - raft.server.log.segment.cache.num.max = 2 (custom)
2019-09-03 13:21:45,450 [pool-179-thread-1] INFO  server.RaftServerConfigKeys (ConfUtils.java:logGet(43)) - raft.server.log.statemachine.data.sync = true (default)
2019-09-03 13:21:45,450 [pool-149-thread-1] INFO  segmented.SegmentedRaftLogWorker (SegmentedRaftLogWorker.java:<init>(172)) - new 6a8167cd-c22a-4fc4-a15e-fd6bf639f419-SegmentedRaftLogWorker:Storage Directory /workdir/hadoop-ozone/integration-test/target/test-dir/MiniOzoneClusterImpl-5ccca07a-eefb-4de6-a136-ad00c66ed42b/datanode-3/data/ratis/e19147a1-749b-483c-a298-58c057831b68 for RaftStorage:Storage Directory /workdir/hadoop-ozone/integration-test/target/test-dir/MiniOzoneClusterImpl-5ccca07a-eefb-4de6-a136-ad00c66ed42b/datanode-3/data/ratis/e19147a1-749b-483c-a298-58c057831b68
2019-09-03 13:21:45,450 [pool-179-thread-1] INFO  server.RaftServerConfigKeys (ConfUtils.java:logGet(43)) - raft.server.log.statemachine.data.sync.timeout = 10s (default)
2019-09-03 13:21:45,450 [pool-169-thread-1] INFO  segmented.SegmentedRaftLogWorker (SegmentedRaftLogWorker.java:<init>(172)) - new 9fd2e8bf-6fc9-4e37-b01d-233d0c9c394e-SegmentedRaftLogWorker:Storage Directory /workdir/hadoop-ozone/integration-test/target/test-dir/MiniOzoneClusterImpl-5ccca07a-eefb-4de6-a136-ad00c66ed42b/datanode-5/data/ratis/e19147a1-749b-483c-a298-58c057831b68 for RaftStorage:Storage Directory /workdir/hadoop-ozone/integration-test/target/test-dir/MiniOzoneClusterImpl-5ccca07a-eefb-4de6-a136-ad00c66ed42b/datanode-5/data/ratis/e19147a1-749b-483c-a298-58c057831b68
2019-09-03 13:21:45,450 [pool-179-thread-1] INFO  server.RaftServerConfigKeys (ConfUtils.java:logGet(43)) - raft.server.log.statemachine.data.sync.timeout.retry = -1 (default)
2019-09-03 13:21:45,450 [pool-149-thread-1] INFO  server.RaftServerConfigKeys (ConfUtils.java:logGet(43)) - raft.server.log.queue.byte-limit = 2147483647 (custom)
2019-09-03 13:21:45,450 [pool-179-thread-1] INFO  server.RaftServerConfigKeys (ConfUtils.java:logGet(43)) - raft.server.log.statemachine.data.caching.enabled = true (custom)
2019-09-03 13:21:45,450 [pool-169-thread-1] INFO  server.RaftServerConfigKeys (ConfUtils.java:logGet(43)) - raft.server.log.queue.byte-limit = 2147483647 (custom)
2019-09-03 13:21:45,450 [pool-149-thread-1] INFO  server.RaftServerConfigKeys (ConfUtils.java:logGet(43)) - raft.server.log.queue.element-limit = 1024 (custom)
2019-09-03 13:21:45,451 [pool-179-thread-1] INFO  segmented.SegmentedRaftLogWorker (SegmentedRaftLogWorker.java:lambda$new$0(132)) - c457019c-a5f1-4607-8867-a3c94525b4a3-SegmentedRaftLogWorker:Storage Directory /workdir/hadoop-ozone/integration-test/target/test-dir/MiniOzoneClusterImpl-5ccca07a-eefb-4de6-a136-ad00c66ed42b/datanode-6/data/ratis/e19147a1-749b-483c-a298-58c057831b68: flushIndex: setUnconditionally 0 -> -1
2019-09-03 13:21:45,451 [pool-169-thread-1] INFO  server.RaftServerConfigKeys (ConfUtils.java:logGet(43)) - raft.server.log.queue.element-limit = 1024 (custom)
2019-09-03 13:21:45,451 [pool-149-thread-1] INFO  server.RaftServerConfigKeys (ConfUtils.java:logGet(43)) - raft.server.log.segment.size.max = 1048576 (custom)
2019-09-03 13:21:45,451 [pool-179-thread-1] INFO  server.RaftServerConfigKeys (ConfUtils.java:logGet(43)) - raft.server.snapshot.auto.trigger.enabled = true (custom)
2019-09-03 13:21:45,451 [pool-169-thread-1] INFO  server.RaftServerConfigKeys (ConfUtils.java:logGet(43)) - raft.server.log.segment.size.max = 1048576 (custom)
2019-09-03 13:21:45,451 [pool-179-thread-1] INFO  server.RaftServerConfigKeys (ConfUtils.java:logGet(43)) - raft.server.snapshot.auto.trigger.threshold = 10000 (custom)
2019-09-03 13:21:45,451 [pool-149-thread-1] INFO  server.RaftServerConfigKeys (ConfUtils.java:logGet(43)) - raft.server.log.preallocated.size = 16384 (custom)
2019-09-03 13:21:45,451 [pool-179-thread-1] INFO  server.RaftServerConfigKeys (ConfUtils.java:logGet(43)) - raft.server.retrycache.expirytime = 600000ms (custom)
2019-09-03 13:21:45,451 [pool-169-thread-1] INFO  server.RaftServerConfigKeys (ConfUtils.java:logGet(43)) - raft.server.log.preallocated.size = 16384 (custom)
2019-09-03 13:21:45,452 [pool-179-thread-1] INFO  impl.RaftServerImpl (RaftServerImpl.java:start(180)) - c457019c-a5f1-4607-8867-a3c94525b4a3: start group-58C057831B68
2019-09-03 13:21:45,451 [pool-149-thread-1] INFO  server.RaftServerConfigKeys (ConfUtils.java:logGet(43)) - raft.server.log.write.buffer.size = 33554432 (custom)
2019-09-03 13:21:45,452 [pool-179-thread-1] INFO  impl.RaftServerImpl (RaftServerImpl.java:setRole(171)) - c457019c-a5f1-4607-8867-a3c94525b4a3:group-58C057831B68 changes role from null to FOLLOWER at term 0 for startAsFollower
2019-09-03 13:21:45,452 [pool-169-thread-1] INFO  server.RaftServerConfigKeys (ConfUtils.java:logGet(43)) - raft.server.log.write.buffer.size = 33554432 (custom)
2019-09-03 13:21:45,452 [pool-179-thread-1] INFO  impl.RoleInfo (RoleInfo.java:updateAndGet(143)) - c457019c-a5f1-4607-8867-a3c94525b4a3: start FollowerState
2019-09-03 13:21:45,452 [pool-149-thread-1] INFO  server.RaftServerConfigKeys (ConfUtils.java:logGet(43)) - raft.server.log.force.sync.num = 128 (default)
2019-09-03 13:21:45,452 [pool-169-thread-1] INFO  server.RaftServerConfigKeys (ConfUtils.java:logGet(43)) - raft.server.log.force.sync.num = 128 (default)
2019-09-03 13:21:45,452 [pool-179-thread-1] INFO  util.JmxRegister (JmxRegister.java:tryRegister(44)) - Successfully registered JMX Bean with object name Ratis:service=RaftServer,group=group-58C057831B68,id=c457019c-a5f1-4607-8867-a3c94525b4a3
2019-09-03 13:21:45,452 [pool-149-thread-1] INFO  server.RaftServerConfigKeys (ConfUtils.java:logGet(43)) - raft.server.log.statemachine.data.sync = true (default)
2019-09-03 13:21:45,452 [pool-169-thread-1] INFO  server.RaftServerConfigKeys (ConfUtils.java:logGet(43)) - raft.server.log.statemachine.data.sync = true (default)
2019-09-03 13:21:45,453 [pool-149-thread-1] INFO  server.RaftServerConfigKeys (ConfUtils.java:logGet(43)) - raft.server.log.statemachine.data.sync.timeout = 10s (default)
2019-09-03 13:21:45,453 [pool-169-thread-1] INFO  server.RaftServerConfigKeys (ConfUtils.java:logGet(43)) - raft.server.log.statemachine.data.sync.timeout = 10s (default)
2019-09-03 13:21:45,453 [pool-149-thread-1] INFO  server.RaftServerConfigKeys (ConfUtils.java:logGet(43)) - raft.server.log.statemachine.data.sync.timeout.retry = -1 (default)
2019-09-03 13:21:45,453 [pool-169-thread-1] INFO  server.RaftServerConfigKeys (ConfUtils.java:logGet(43)) - raft.server.log.statemachine.data.sync.timeout.retry = -1 (default)
2019-09-03 13:21:45,453 [pool-149-thread-1] INFO  server.RaftServerConfigKeys (ConfUtils.java:logGet(43)) - raft.server.log.statemachine.data.caching.enabled = true (custom)
2019-09-03 13:21:45,453 [pool-169-thread-1] INFO  server.RaftServerConfigKeys (ConfUtils.java:logGet(43)) - raft.server.log.statemachine.data.caching.enabled = true (custom)
2019-09-03 13:21:45,454 [pool-149-thread-1] INFO  segmented.SegmentedRaftLogWorker (SegmentedRaftLogWorker.java:lambda$new$0(132)) - 6a8167cd-c22a-4fc4-a15e-fd6bf639f419-SegmentedRaftLogWorker:Storage Directory /workdir/hadoop-ozone/integration-test/target/test-dir/MiniOzoneClusterImpl-5ccca07a-eefb-4de6-a136-ad00c66ed42b/datanode-3/data/ratis/e19147a1-749b-483c-a298-58c057831b68: flushIndex: setUnconditionally 0 -> -1
2019-09-03 13:21:45,454 [pool-169-thread-1] INFO  segmented.SegmentedRaftLogWorker (SegmentedRaftLogWorker.java:lambda$new$0(132)) - 9fd2e8bf-6fc9-4e37-b01d-233d0c9c394e-SegmentedRaftLogWorker:Storage Directory /workdir/hadoop-ozone/integration-test/target/test-dir/MiniOzoneClusterImpl-5ccca07a-eefb-4de6-a136-ad00c66ed42b/datanode-5/data/ratis/e19147a1-749b-483c-a298-58c057831b68: flushIndex: setUnconditionally 0 -> -1
2019-09-03 13:21:45,454 [pool-149-thread-1] INFO  server.RaftServerConfigKeys (ConfUtils.java:logGet(43)) - raft.server.snapshot.auto.trigger.enabled = true (custom)
2019-09-03 13:21:45,454 [pool-149-thread-1] INFO  server.RaftServerConfigKeys (ConfUtils.java:logGet(43)) - raft.server.snapshot.auto.trigger.threshold = 10000 (custom)
2019-09-03 13:21:45,454 [pool-169-thread-1] INFO  server.RaftServerConfigKeys (ConfUtils.java:logGet(43)) - raft.server.snapshot.auto.trigger.enabled = true (custom)
2019-09-03 13:21:45,454 [pool-149-thread-1] INFO  server.RaftServerConfigKeys (ConfUtils.java:logGet(43)) - raft.server.retrycache.expirytime = 600000ms (custom)
2019-09-03 13:21:45,454 [pool-169-thread-1] INFO  server.RaftServerConfigKeys (ConfUtils.java:logGet(43)) - raft.server.snapshot.auto.trigger.threshold = 10000 (custom)
2019-09-03 13:21:45,454 [pool-149-thread-1] INFO  impl.RaftServerImpl (RaftServerImpl.java:start(180)) - 6a8167cd-c22a-4fc4-a15e-fd6bf639f419: start group-58C057831B68
2019-09-03 13:21:45,455 [pool-169-thread-1] INFO  server.RaftServerConfigKeys (ConfUtils.java:logGet(43)) - raft.server.retrycache.expirytime = 600000ms (custom)
2019-09-03 13:21:45,455 [pool-149-thread-1] INFO  impl.RaftServerImpl (RaftServerImpl.java:setRole(171)) - 6a8167cd-c22a-4fc4-a15e-fd6bf639f419:group-58C057831B68 changes role from null to FOLLOWER at term 0 for startAsFollower
2019-09-03 13:21:45,455 [pool-169-thread-1] INFO  impl.RaftServerImpl (RaftServerImpl.java:start(180)) - 9fd2e8bf-6fc9-4e37-b01d-233d0c9c394e: start group-58C057831B68
2019-09-03 13:21:45,455 [pool-149-thread-1] INFO  impl.RoleInfo (RoleInfo.java:updateAndGet(143)) - 6a8167cd-c22a-4fc4-a15e-fd6bf639f419: start FollowerState
2019-09-03 13:21:45,455 [pool-169-thread-1] INFO  impl.RaftServerImpl (RaftServerImpl.java:setRole(171)) - 9fd2e8bf-6fc9-4e37-b01d-233d0c9c394e:group-58C057831B68 changes role from null to FOLLOWER at term 0 for startAsFollower
2019-09-03 13:21:45,455 [pool-169-thread-1] INFO  impl.RoleInfo (RoleInfo.java:updateAndGet(143)) - 9fd2e8bf-6fc9-4e37-b01d-233d0c9c394e: start FollowerState
2019-09-03 13:21:45,455 [pool-149-thread-1] INFO  util.JmxRegister (JmxRegister.java:tryRegister(44)) - Successfully registered JMX Bean with object name Ratis:service=RaftServer,group=group-58C057831B68,id=6a8167cd-c22a-4fc4-a15e-fd6bf639f419
2019-09-03 13:21:45,456 [pool-169-thread-1] INFO  util.JmxRegister (JmxRegister.java:tryRegister(44)) - Successfully registered JMX Bean with object name Ratis:service=RaftServer,group=group-58C057831B68,id=9fd2e8bf-6fc9-4e37-b01d-233d0c9c394e
2019-09-03 13:21:45,458 [RatisPipelineUtilsThread] INFO  pipeline.PipelineStateManager (PipelineStateManager.java:addPipeline(56)) - Created pipeline Pipeline[ Id: e19147a1-749b-483c-a298-58c057831b68, Nodes: 9fd2e8bf-6fc9-4e37-b01d-233d0c9c394e{ip: 192.168.34.13, host: pr-hdds-2077-v5qkp-697056684, networkLocation: /default-rack, certSerialId: null}c457019c-a5f1-4607-8867-a3c94525b4a3{ip: 192.168.34.13, host: pr-hdds-2077-v5qkp-697056684, networkLocation: /default-rack, certSerialId: null}6a8167cd-c22a-4fc4-a15e-fd6bf639f419{ip: 192.168.34.13, host: pr-hdds-2077-v5qkp-697056684, networkLocation: /default-rack, certSerialId: null}, Type:RATIS, Factor:THREE, State:OPEN]
2019-09-03 13:21:46,337 [main] INFO  ozone.MiniOzoneClusterImpl (MiniOzoneClusterImpl.java:lambda$waitForClusterToBeReady$0(140)) - Cluster is ready. Got 7 of 7 DN Heartbeats.
2019-09-03 13:21:46,370 [main] INFO  rpc.RpcClient (RpcClient.java:createVolume(293)) - Creating Volume: testblockoutputstreamwithretries, with jenkins1000 as owner.
2019-09-03 13:21:46,385 [main] INFO  rpc.RpcClient (RpcClient.java:createBucket(432)) - Creating Bucket: testblockoutputstreamwithretries/testblockoutputstreamwithretries, with Versioning false and Storage Type set to DISK and Encryption set to false 
2019-09-03 13:21:46,416 [grpc-default-executor-3] INFO  client.GrpcClientProtocolClient (GrpcClientProtocolClient.java:onNext(255)) - client-40679B204B1E->64eb636b-e622-44a3-83bf-2cb002fcd160: receive RaftClientReply:client-40679B204B1E->64eb636b-e622-44a3-83bf-2cb002fcd160@group-6A547D266DB7, cid=42, FAILED org.apache.ratis.protocol.NotLeaderException: Server 64eb636b-e622-44a3-83bf-2cb002fcd160 is not the leader (null). Request must be sent to leader., logIndex=0, commits[64eb636b-e622-44a3-83bf-2cb002fcd160:c-1]
2019-09-03 13:21:47,445 [grpc-default-executor-1] INFO  client.GrpcClientProtocolClient (GrpcClientProtocolClient.java:onNext(255)) - client-40679B204B1E->97533b1c-7c0e-4acf-a6c1-8f7ac298e9a8: receive RaftClientReply:client-40679B204B1E->97533b1c-7c0e-4acf-a6c1-8f7ac298e9a8@group-6A547D266DB7, cid=42, FAILED org.apache.ratis.protocol.NotLeaderException: Server 97533b1c-7c0e-4acf-a6c1-8f7ac298e9a8 is not the leader (null). Request must be sent to leader., logIndex=0, commits[97533b1c-7c0e-4acf-a6c1-8f7ac298e9a8:c-1]
2019-09-03 13:21:47,981 [Thread-696] INFO  container.ReplicationManager (ReplicationManager.java:start(162)) - Starting Replication Monitor Thread.
2019-09-03 13:21:47,983 [ReplicationMonitor] INFO  container.ReplicationManager (ReplicationManager.java:run(225)) - Replication Monitor Thread took 0 milliseconds for processing 3 containers.
2019-09-03 13:21:48,467 [grpc-default-executor-1] INFO  client.GrpcClientProtocolClient (GrpcClientProtocolClient.java:onNext(255)) - client-40679B204B1E->93b11029-f257-4e92-bdcf-d2536ff5e681: receive RaftClientReply:client-40679B204B1E->93b11029-f257-4e92-bdcf-d2536ff5e681@group-6A547D266DB7, cid=42, FAILED org.apache.ratis.protocol.NotLeaderException: Server 93b11029-f257-4e92-bdcf-d2536ff5e681 is not the leader (null). Request must be sent to leader., logIndex=0, commits[93b11029-f257-4e92-bdcf-d2536ff5e681:c-1]
2019-09-03 13:21:49,485 [grpc-default-executor-3] INFO  client.GrpcClientProtocolClient (GrpcClientProtocolClient.java:onNext(255)) - client-40679B204B1E->97533b1c-7c0e-4acf-a6c1-8f7ac298e9a8: receive RaftClientReply:client-40679B204B1E->97533b1c-7c0e-4acf-a6c1-8f7ac298e9a8@group-6A547D266DB7, cid=42, FAILED org.apache.ratis.protocol.NotLeaderException: Server 97533b1c-7c0e-4acf-a6c1-8f7ac298e9a8 is not the leader (null). Request must be sent to leader., logIndex=0, commits[97533b1c-7c0e-4acf-a6c1-8f7ac298e9a8:c-1]
2019-09-03 13:21:50,139 [Thread-698] INFO  impl.FollowerState (FollowerState.java:run(106)) - 64eb636b-e622-44a3-83bf-2cb002fcd160:group-9E8F8AA7F63A changes to CANDIDATE, lastRpcTime:5156, electionTimeout:5156ms
2019-09-03 13:21:50,139 [Thread-698] INFO  impl.RoleInfo (RoleInfo.java:shutdownFollowerState(121)) - 64eb636b-e622-44a3-83bf-2cb002fcd160: shutdown FollowerState
2019-09-03 13:21:50,139 [Thread-698] INFO  impl.RaftServerImpl (RaftServerImpl.java:setRole(171)) - 64eb636b-e622-44a3-83bf-2cb002fcd160:group-9E8F8AA7F63A changes role from FOLLOWER to CANDIDATE at term 0 for changeToCandidate
2019-09-03 13:21:50,140 [Thread-698] INFO  impl.RoleInfo (RoleInfo.java:updateAndGet(143)) - 64eb636b-e622-44a3-83bf-2cb002fcd160: start LeaderElection
2019-09-03 13:21:50,164 [Thread-704] INFO  impl.FollowerState (FollowerState.java:run(106)) - 93b11029-f257-4e92-bdcf-d2536ff5e681:group-20B15A7549B9 changes to CANDIDATE, lastRpcTime:5050, electionTimeout:5050ms
2019-09-03 13:21:50,164 [Thread-704] INFO  impl.RoleInfo (RoleInfo.java:shutdownFollowerState(121)) - 93b11029-f257-4e92-bdcf-d2536ff5e681: shutdown FollowerState
2019-09-03 13:21:50,164 [Thread-704] INFO  impl.RaftServerImpl (RaftServerImpl.java:setRole(171)) - 93b11029-f257-4e92-bdcf-d2536ff5e681:group-20B15A7549B9 changes role from FOLLOWER to CANDIDATE at term 0 for changeToCandidate
2019-09-03 13:21:50,165 [Thread-704] INFO  impl.RoleInfo (RoleInfo.java:updateAndGet(143)) - 93b11029-f257-4e92-bdcf-d2536ff5e681: start LeaderElection
2019-09-03 13:21:50,170 [64eb636b-e622-44a3-83bf-2cb002fcd160:group-9E8F8AA7F63A:LeaderElection12] INFO  impl.LeaderElection (LeaderElection.java:askForVotes(181)) - 64eb636b-e622-44a3-83bf-2cb002fcd160:group-9E8F8AA7F63A:LeaderElection12: begin an election at term 1 for -1: [64eb636b-e622-44a3-83bf-2cb002fcd160:192.168.34.13:41623], old=null
2019-09-03 13:21:50,170 [64eb636b-e622-44a3-83bf-2cb002fcd160:group-9E8F8AA7F63A:LeaderElection12] INFO  impl.RoleInfo (RoleInfo.java:shutdownLeaderElection(134)) - 64eb636b-e622-44a3-83bf-2cb002fcd160: shutdown LeaderElection
2019-09-03 13:21:50,170 [64eb636b-e622-44a3-83bf-2cb002fcd160:group-9E8F8AA7F63A:LeaderElection12] INFO  impl.RaftServerImpl (RaftServerImpl.java:setRole(171)) - 64eb636b-e622-44a3-83bf-2cb002fcd160:group-9E8F8AA7F63A changes role from CANDIDATE to LEADER at term 1 for changeToLeader
2019-09-03 13:21:50,170 [64eb636b-e622-44a3-83bf-2cb002fcd160:group-9E8F8AA7F63A:LeaderElection12] INFO  impl.RaftServerImpl (ServerState.java:setLeader(263)) - 64eb636b-e622-44a3-83bf-2cb002fcd160:group-9E8F8AA7F63A change Leader from null to 64eb636b-e622-44a3-83bf-2cb002fcd160 at term 1 for becomeLeader, leader elected after 5192ms
2019-09-03 13:21:50,172 [64eb636b-e622-44a3-83bf-2cb002fcd160:group-9E8F8AA7F63A:LeaderElection12] INFO  server.RaftServerConfigKeys (ConfUtils.java:logGet(43)) - raft.server.staging.catchup.gap = 1000 (default)
2019-09-03 13:21:50,172 [64eb636b-e622-44a3-83bf-2cb002fcd160:group-9E8F8AA7F63A:LeaderElection12] INFO  server.RaftServerConfigKeys (ConfUtils.java:logGet(43)) - raft.server.rpc.sleep.time = 25ms (default)
2019-09-03 13:21:50,173 [64eb636b-e622-44a3-83bf-2cb002fcd160:group-9E8F8AA7F63A:LeaderElection12] INFO  server.RaftServerConfigKeys (ConfUtils.java:logGet(43)) - raft.server.write.element-limit = 4096 (default)
2019-09-03 13:21:50,173 [64eb636b-e622-44a3-83bf-2cb002fcd160:group-9E8F8AA7F63A:LeaderElection12] INFO  server.RaftServerConfigKeys (ConfUtils.java:logGet(43)) - raft.server.watch.timeout = 10s (default)
2019-09-03 13:21:50,173 [64eb636b-e622-44a3-83bf-2cb002fcd160:group-9E8F8AA7F63A:LeaderElection12] INFO  server.RaftServerConfigKeys (ConfUtils.java:logGet(43)) - raft.server.watch.timeout.denomination = 1s (default)
2019-09-03 13:21:50,173 [64eb636b-e622-44a3-83bf-2cb002fcd160:group-9E8F8AA7F63A:LeaderElection12] INFO  server.RaftServerConfigKeys (ConfUtils.java:logGet(43)) - raft.server.watch.element-limit = 65536 (default)
2019-09-03 13:21:50,174 [64eb636b-e622-44a3-83bf-2cb002fcd160:group-9E8F8AA7F63A:LeaderElection12] INFO  impl.RoleInfo (RoleInfo.java:updateAndGet(143)) - 64eb636b-e622-44a3-83bf-2cb002fcd160: start LeaderState
2019-09-03 13:21:50,174 [64eb636b-e622-44a3-83bf-2cb002fcd160:group-9E8F8AA7F63A:LeaderElection12] INFO  segmented.SegmentedRaftLogWorker (SegmentedRaftLogWorker.java:startLogSegment(380)) - 64eb636b-e622-44a3-83bf-2cb002fcd160-SegmentedRaftLogWorker:Storage Directory /workdir/hadoop-ozone/integration-test/target/test-dir/MiniOzoneClusterImpl-5ccca07a-eefb-4de6-a136-ad00c66ed42b/datanode-0/data/ratis/18a2ba39-58e9-46c8-bf96-9e8f8aa7f63a: Starting segment from index:0
2019-09-03 13:21:50,174 [Thread-701] INFO  impl.FollowerState (FollowerState.java:run(106)) - 97533b1c-7c0e-4acf-a6c1-8f7ac298e9a8:group-8DB154367C02 changes to CANDIDATE, lastRpcTime:5138, electionTimeout:5138ms
2019-09-03 13:21:50,174 [Thread-701] INFO  impl.RoleInfo (RoleInfo.java:shutdownFollowerState(121)) - 97533b1c-7c0e-4acf-a6c1-8f7ac298e9a8: shutdown FollowerState
2019-09-03 13:21:50,175 [Thread-701] INFO  impl.RaftServerImpl (RaftServerImpl.java:setRole(171)) - 97533b1c-7c0e-4acf-a6c1-8f7ac298e9a8:group-8DB154367C02 changes role from FOLLOWER to CANDIDATE at term 0 for changeToCandidate
2019-09-03 13:21:50,175 [Thread-701] INFO  impl.RoleInfo (RoleInfo.java:updateAndGet(143)) - 97533b1c-7c0e-4acf-a6c1-8f7ac298e9a8: start LeaderElection
2019-09-03 13:21:50,175 [64eb636b-e622-44a3-83bf-2cb002fcd160:group-9E8F8AA7F63A:LeaderElection12] INFO  impl.RaftServerImpl (ServerState.java:setRaftConf(361)) - 64eb636b-e622-44a3-83bf-2cb002fcd160:group-9E8F8AA7F63A set configuration 0: [64eb636b-e622-44a3-83bf-2cb002fcd160:192.168.34.13:41623], old=null at 0
2019-09-03 13:21:50,208 [Thread-707] INFO  impl.FollowerState (FollowerState.java:run(106)) - 97533b1c-7c0e-4acf-a6c1-8f7ac298e9a8:group-6A547D266DB7 changes to CANDIDATE, lastRpcTime:5028, electionTimeout:5026ms
2019-09-03 13:21:50,210 [93b11029-f257-4e92-bdcf-d2536ff5e681:group-20B15A7549B9:LeaderElection13] INFO  impl.LeaderElection (LeaderElection.java:askForVotes(181)) - 93b11029-f257-4e92-bdcf-d2536ff5e681:group-20B15A7549B9:LeaderElection13: begin an election at term 1 for -1: [93b11029-f257-4e92-bdcf-d2536ff5e681:192.168.34.13:44576], old=null
2019-09-03 13:21:50,212 [Thread-707] INFO  impl.RoleInfo (RoleInfo.java:shutdownFollowerState(121)) - 97533b1c-7c0e-4acf-a6c1-8f7ac298e9a8: shutdown FollowerState
2019-09-03 13:21:50,212 [93b11029-f257-4e92-bdcf-d2536ff5e681:group-20B15A7549B9:LeaderElection13] INFO  impl.RoleInfo (RoleInfo.java:shutdownLeaderElection(134)) - 93b11029-f257-4e92-bdcf-d2536ff5e681: shutdown LeaderElection
2019-09-03 13:21:50,212 [Thread-707] INFO  impl.RaftServerImpl (RaftServerImpl.java:setRole(171)) - 97533b1c-7c0e-4acf-a6c1-8f7ac298e9a8:group-6A547D266DB7 changes role from FOLLOWER to CANDIDATE at term 0 for changeToCandidate
2019-09-03 13:21:50,212 [93b11029-f257-4e92-bdcf-d2536ff5e681:group-20B15A7549B9:LeaderElection13] INFO  impl.RaftServerImpl (RaftServerImpl.java:setRole(171)) - 93b11029-f257-4e92-bdcf-d2536ff5e681:group-20B15A7549B9 changes role from CANDIDATE to LEADER at term 1 for changeToLeader
2019-09-03 13:21:50,213 [Thread-707] INFO  impl.RoleInfo (RoleInfo.java:updateAndGet(143)) - 97533b1c-7c0e-4acf-a6c1-8f7ac298e9a8: start LeaderElection
2019-09-03 13:21:50,213 [93b11029-f257-4e92-bdcf-d2536ff5e681:group-20B15A7549B9:LeaderElection13] INFO  impl.RaftServerImpl (ServerState.java:setLeader(263)) - 93b11029-f257-4e92-bdcf-d2536ff5e681:group-20B15A7549B9 change Leader from null to 93b11029-f257-4e92-bdcf-d2536ff5e681 at term 1 for becomeLeader, leader elected after 5102ms
2019-09-03 13:21:50,216 [93b11029-f257-4e92-bdcf-d2536ff5e681:group-20B15A7549B9:LeaderElection13] INFO  server.RaftServerConfigKeys (ConfUtils.java:logGet(43)) - raft.server.staging.catchup.gap = 1000 (default)
2019-09-03 13:21:50,223 [64eb636b-e622-44a3-83bf-2cb002fcd160-SegmentedRaftLogWorker:Storage Directory /workdir/hadoop-ozone/integration-test/target/test-dir/MiniOzoneClusterImpl-5ccca07a-eefb-4de6-a136-ad00c66ed42b/datanode-0/data/ratis/18a2ba39-58e9-46c8-bf96-9e8f8aa7f63a] INFO  segmented.SegmentedRaftLogWorker (SegmentedRaftLogWorker.java:execute(569)) - 64eb636b-e622-44a3-83bf-2cb002fcd160-SegmentedRaftLogWorker:Storage Directory /workdir/hadoop-ozone/integration-test/target/test-dir/MiniOzoneClusterImpl-5ccca07a-eefb-4de6-a136-ad00c66ed42b/datanode-0/data/ratis/18a2ba39-58e9-46c8-bf96-9e8f8aa7f63a: created new log segment /workdir/hadoop-ozone/integration-test/target/test-dir/MiniOzoneClusterImpl-5ccca07a-eefb-4de6-a136-ad00c66ed42b/datanode-0/data/ratis/18a2ba39-58e9-46c8-bf96-9e8f8aa7f63a/current/log_inprogress_0
2019-09-03 13:21:50,223 [93b11029-f257-4e92-bdcf-d2536ff5e681:group-20B15A7549B9:LeaderElection13] INFO  server.RaftServerConfigKeys (ConfUtils.java:logGet(43)) - raft.server.rpc.sleep.time = 25ms (default)
2019-09-03 13:21:50,223 [97533b1c-7c0e-4acf-a6c1-8f7ac298e9a8:group-8DB154367C02:LeaderElection14] INFO  impl.LeaderElection (LeaderElection.java:askForVotes(181)) - 97533b1c-7c0e-4acf-a6c1-8f7ac298e9a8:group-8DB154367C02:LeaderElection14: begin an election at term 1 for -1: [97533b1c-7c0e-4acf-a6c1-8f7ac298e9a8:192.168.34.13:40465], old=null
2019-09-03 13:21:50,224 [93b11029-f257-4e92-bdcf-d2536ff5e681:group-20B15A7549B9:LeaderElection13] INFO  server.RaftServerConfigKeys (ConfUtils.java:logGet(43)) - raft.server.write.element-limit = 4096 (default)
2019-09-03 13:21:50,224 [97533b1c-7c0e-4acf-a6c1-8f7ac298e9a8:group-8DB154367C02:LeaderElection14] INFO  impl.RoleInfo (RoleInfo.java:shutdownLeaderElection(134)) - 97533b1c-7c0e-4acf-a6c1-8f7ac298e9a8: shutdown LeaderElection
2019-09-03 13:21:50,224 [93b11029-f257-4e92-bdcf-d2536ff5e681:group-20B15A7549B9:LeaderElection13] INFO  server.RaftServerConfigKeys (ConfUtils.java:logGet(43)) - raft.server.watch.timeout = 10s (default)
2019-09-03 13:21:50,224 [97533b1c-7c0e-4acf-a6c1-8f7ac298e9a8:group-8DB154367C02:LeaderElection14] INFO  impl.RaftServerImpl (RaftServerImpl.java:setRole(171)) - 97533b1c-7c0e-4acf-a6c1-8f7ac298e9a8:group-8DB154367C02 changes role from CANDIDATE to LEADER at term 1 for changeToLeader
2019-09-03 13:21:50,224 [93b11029-f257-4e92-bdcf-d2536ff5e681:group-20B15A7549B9:LeaderElection13] INFO  server.RaftServerConfigKeys (ConfUtils.java:logGet(43)) - raft.server.watch.timeout.denomination = 1s (default)
2019-09-03 13:21:50,224 [97533b1c-7c0e-4acf-a6c1-8f7ac298e9a8:group-8DB154367C02:LeaderElection14] INFO  impl.RaftServerImpl (ServerState.java:setLeader(263)) - 97533b1c-7c0e-4acf-a6c1-8f7ac298e9a8:group-8DB154367C02 change Leader from null to 97533b1c-7c0e-4acf-a6c1-8f7ac298e9a8 at term 1 for becomeLeader, leader elected after 5192ms
2019-09-03 13:21:50,225 [93b11029-f257-4e92-bdcf-d2536ff5e681:group-20B15A7549B9:LeaderElection13] INFO  server.RaftServerConfigKeys (ConfUtils.java:logGet(43)) - raft.server.watch.element-limit = 65536 (default)
2019-09-03 13:21:50,226 [97533b1c-7c0e-4acf-a6c1-8f7ac298e9a8:group-8DB154367C02:LeaderElection14] INFO  server.RaftServerConfigKeys (ConfUtils.java:logGet(43)) - raft.server.staging.catchup.gap = 1000 (default)
2019-09-03 13:21:50,226 [93b11029-f257-4e92-bdcf-d2536ff5e681:group-20B15A7549B9:LeaderElection13] INFO  impl.RoleInfo (RoleInfo.java:updateAndGet(143)) - 93b11029-f257-4e92-bdcf-d2536ff5e681: start LeaderState
2019-09-03 13:21:50,226 [97533b1c-7c0e-4acf-a6c1-8f7ac298e9a8:group-8DB154367C02:LeaderElection14] INFO  server.RaftServerConfigKeys (ConfUtils.java:logGet(43)) - raft.server.rpc.sleep.time = 25ms (default)
2019-09-03 13:21:50,227 [93b11029-f257-4e92-bdcf-d2536ff5e681:group-20B15A7549B9:LeaderElection13] INFO  segmented.SegmentedRaftLogWorker (SegmentedRaftLogWorker.java:startLogSegment(380)) - 93b11029-f257-4e92-bdcf-d2536ff5e681-SegmentedRaftLogWorker:Storage Directory /workdir/hadoop-ozone/integration-test/target/test-dir/MiniOzoneClusterImpl-5ccca07a-eefb-4de6-a136-ad00c66ed42b/datanode-2/data/ratis/c0c09184-14b0-4d26-9573-20b15a7549b9: Starting segment from index:0
2019-09-03 13:21:50,227 [97533b1c-7c0e-4acf-a6c1-8f7ac298e9a8:group-8DB154367C02:LeaderElection14] INFO  server.RaftServerConfigKeys (ConfUtils.java:logGet(43)) - raft.server.write.element-limit = 4096 (default)
2019-09-03 13:21:50,227 [97533b1c-7c0e-4acf-a6c1-8f7ac298e9a8:group-8DB154367C02:LeaderElection14] INFO  server.RaftServerConfigKeys (ConfUtils.java:logGet(43)) - raft.server.watch.timeout = 10s (default)
2019-09-03 13:21:50,227 [97533b1c-7c0e-4acf-a6c1-8f7ac298e9a8:group-8DB154367C02:LeaderElection14] INFO  server.RaftServerConfigKeys (ConfUtils.java:logGet(43)) - raft.server.watch.timeout.denomination = 1s (default)
2019-09-03 13:21:50,227 [93b11029-f257-4e92-bdcf-d2536ff5e681:group-20B15A7549B9:LeaderElection13] INFO  impl.RaftServerImpl (ServerState.java:setRaftConf(361)) - 93b11029-f257-4e92-bdcf-d2536ff5e681:group-20B15A7549B9 set configuration 0: [93b11029-f257-4e92-bdcf-d2536ff5e681:192.168.34.13:44576], old=null at 0
2019-09-03 13:21:50,227 [97533b1c-7c0e-4acf-a6c1-8f7ac298e9a8:group-8DB154367C02:LeaderElection14] INFO  server.RaftServerConfigKeys (ConfUtils.java:logGet(43)) - raft.server.watch.element-limit = 65536 (default)
2019-09-03 13:21:50,264 [Thread-712] INFO  impl.FollowerState (FollowerState.java:run(106)) - 93b11029-f257-4e92-bdcf-d2536ff5e681:group-6A547D266DB7 changes to CANDIDATE, lastRpcTime:5068, electionTimeout:5036ms
2019-09-03 13:21:50,264 [97533b1c-7c0e-4acf-a6c1-8f7ac298e9a8:group-6A547D266DB7:LeaderElection15] INFO  impl.LeaderElection (LeaderElection.java:askForVotes(181)) - 97533b1c-7c0e-4acf-a6c1-8f7ac298e9a8:group-6A547D266DB7:LeaderElection15: begin an election at term 1 for -1: [93b11029-f257-4e92-bdcf-d2536ff5e681:192.168.34.13:44576, 97533b1c-7c0e-4acf-a6c1-8f7ac298e9a8:192.168.34.13:40465, 64eb636b-e622-44a3-83bf-2cb002fcd160:192.168.34.13:41623], old=null
2019-09-03 13:21:50,264 [Thread-712] INFO  impl.RoleInfo (RoleInfo.java:shutdownFollowerState(121)) - 93b11029-f257-4e92-bdcf-d2536ff5e681: shutdown FollowerState
2019-09-03 13:21:50,265 [Thread-712] INFO  impl.RaftServerImpl (RaftServerImpl.java:setRole(171)) - 93b11029-f257-4e92-bdcf-d2536ff5e681:group-6A547D266DB7 changes role from FOLLOWER to CANDIDATE at term 0 for changeToCandidate
2019-09-03 13:21:50,264 [97533b1c-7c0e-4acf-a6c1-8f7ac298e9a8:group-8DB154367C02:LeaderElection14] INFO  impl.RoleInfo (RoleInfo.java:updateAndGet(143)) - 97533b1c-7c0e-4acf-a6c1-8f7ac298e9a8: start LeaderState
2019-09-03 13:21:50,265 [Thread-712] INFO  impl.RoleInfo (RoleInfo.java:updateAndGet(143)) - 93b11029-f257-4e92-bdcf-d2536ff5e681: start LeaderElection
2019-09-03 13:21:50,265 [97533b1c-7c0e-4acf-a6c1-8f7ac298e9a8:group-8DB154367C02:LeaderElection14] INFO  segmented.SegmentedRaftLogWorker (SegmentedRaftLogWorker.java:startLogSegment(380)) - 97533b1c-7c0e-4acf-a6c1-8f7ac298e9a8-SegmentedRaftLogWorker:Storage Directory /workdir/hadoop-ozone/integration-test/target/test-dir/MiniOzoneClusterImpl-5ccca07a-eefb-4de6-a136-ad00c66ed42b/datanode-1/data/ratis/6d924c89-bef2-44d2-afb4-8db154367c02: Starting segment from index:0
2019-09-03 13:21:50,267 [Thread-711] INFO  impl.FollowerState (FollowerState.java:run(106)) - 64eb636b-e622-44a3-83bf-2cb002fcd160:group-6A547D266DB7 changes to CANDIDATE, lastRpcTime:5071, electionTimeout:5071ms
2019-09-03 13:21:50,267 [Thread-711] INFO  impl.RoleInfo (RoleInfo.java:shutdownFollowerState(121)) - 64eb636b-e622-44a3-83bf-2cb002fcd160: shutdown FollowerState
2019-09-03 13:21:50,270 [Thread-711] INFO  impl.RaftServerImpl (RaftServerImpl.java:setRole(171)) - 64eb636b-e622-44a3-83bf-2cb002fcd160:group-6A547D266DB7 changes role from FOLLOWER to CANDIDATE at term 0 for changeToCandidate
2019-09-03 13:21:50,270 [97533b1c-7c0e-4acf-a6c1-8f7ac298e9a8:group-8DB154367C02:LeaderElection14] INFO  impl.RaftServerImpl (ServerState.java:setRaftConf(361)) - 97533b1c-7c0e-4acf-a6c1-8f7ac298e9a8:group-8DB154367C02 set configuration 0: [97533b1c-7c0e-4acf-a6c1-8f7ac298e9a8:192.168.34.13:40465], old=null at 0
2019-09-03 13:21:50,271 [Thread-711] INFO  impl.RoleInfo (RoleInfo.java:updateAndGet(143)) - 64eb636b-e622-44a3-83bf-2cb002fcd160: start LeaderElection
2019-09-03 13:21:50,301 [93b11029-f257-4e92-bdcf-d2536ff5e681-SegmentedRaftLogWorker:Storage Directory /workdir/hadoop-ozone/integration-test/target/test-dir/MiniOzoneClusterImpl-5ccca07a-eefb-4de6-a136-ad00c66ed42b/datanode-2/data/ratis/c0c09184-14b0-4d26-9573-20b15a7549b9] INFO  segmented.SegmentedRaftLogWorker (SegmentedRaftLogWorker.java:execute(569)) - 93b11029-f257-4e92-bdcf-d2536ff5e681-SegmentedRaftLogWorker:Storage Directory /workdir/hadoop-ozone/integration-test/target/test-dir/MiniOzoneClusterImpl-5ccca07a-eefb-4de6-a136-ad00c66ed42b/datanode-2/data/ratis/c0c09184-14b0-4d26-9573-20b15a7549b9: created new log segment /workdir/hadoop-ozone/integration-test/target/test-dir/MiniOzoneClusterImpl-5ccca07a-eefb-4de6-a136-ad00c66ed42b/datanode-2/data/ratis/c0c09184-14b0-4d26-9573-20b15a7549b9/current/log_inprogress_0
2019-09-03 13:21:50,301 [Thread-716] INFO  impl.FollowerState (FollowerState.java:run(106)) - 6a8167cd-c22a-4fc4-a15e-fd6bf639f419:group-FD4180FCB994 changes to CANDIDATE, lastRpcTime:5057, electionTimeout:5040ms
2019-09-03 13:21:50,303 [Thread-716] INFO  impl.RoleInfo (RoleInfo.java:shutdownFollowerState(121)) - 6a8167cd-c22a-4fc4-a15e-fd6bf639f419: shutdown FollowerState
2019-09-03 13:21:50,306 [Thread-716] INFO  impl.RaftServerImpl (RaftServerImpl.java:setRole(171)) - 6a8167cd-c22a-4fc4-a15e-fd6bf639f419:group-FD4180FCB994 changes role from FOLLOWER to CANDIDATE at term 0 for changeToCandidate
2019-09-03 13:21:50,306 [Thread-716] INFO  impl.RoleInfo (RoleInfo.java:updateAndGet(143)) - 6a8167cd-c22a-4fc4-a15e-fd6bf639f419: start LeaderElection
2019-09-03 13:21:50,314 [97533b1c-7c0e-4acf-a6c1-8f7ac298e9a8-SegmentedRaftLogWorker:Storage Directory /workdir/hadoop-ozone/integration-test/target/test-dir/MiniOzoneClusterImpl-5ccca07a-eefb-4de6-a136-ad00c66ed42b/datanode-1/data/ratis/6d924c89-bef2-44d2-afb4-8db154367c02] INFO  segmented.SegmentedRaftLogWorker (SegmentedRaftLogWorker.java:execute(569)) - 97533b1c-7c0e-4acf-a6c1-8f7ac298e9a8-SegmentedRaftLogWorker:Storage Directory /workdir/hadoop-ozone/integration-test/target/test-dir/MiniOzoneClusterImpl-5ccca07a-eefb-4de6-a136-ad00c66ed42b/datanode-1/data/ratis/6d924c89-bef2-44d2-afb4-8db154367c02: created new log segment /workdir/hadoop-ozone/integration-test/target/test-dir/MiniOzoneClusterImpl-5ccca07a-eefb-4de6-a136-ad00c66ed42b/datanode-1/data/ratis/6d924c89-bef2-44d2-afb4-8db154367c02/current/log_inprogress_0
2019-09-03 13:21:50,314 [6a8167cd-c22a-4fc4-a15e-fd6bf639f419:group-FD4180FCB994:LeaderElection18] INFO  impl.LeaderElection (LeaderElection.java:askForVotes(181)) - 6a8167cd-c22a-4fc4-a15e-fd6bf639f419:group-FD4180FCB994:LeaderElection18: begin an election at term 1 for -1: [6a8167cd-c22a-4fc4-a15e-fd6bf639f419:192.168.34.13:34640], old=null
2019-09-03 13:21:50,314 [93b11029-f257-4e92-bdcf-d2536ff5e681:group-6A547D266DB7:LeaderElection16] INFO  impl.LeaderElection (LeaderElection.java:askForVotes(181)) - 93b11029-f257-4e92-bdcf-d2536ff5e681:group-6A547D266DB7:LeaderElection16: begin an election at term 1 for -1: [93b11029-f257-4e92-bdcf-d2536ff5e681:192.168.34.13:44576, 97533b1c-7c0e-4acf-a6c1-8f7ac298e9a8:192.168.34.13:40465, 64eb636b-e622-44a3-83bf-2cb002fcd160:192.168.34.13:41623], old=null
2019-09-03 13:21:50,314 [64eb636b-e622-44a3-83bf-2cb002fcd160:group-6A547D266DB7:LeaderElection17] INFO  impl.LeaderElection (LeaderElection.java:askForVotes(181)) - 64eb636b-e622-44a3-83bf-2cb002fcd160:group-6A547D266DB7:LeaderElection17: begin an election at term 1 for -1: [93b11029-f257-4e92-bdcf-d2536ff5e681:192.168.34.13:44576, 97533b1c-7c0e-4acf-a6c1-8f7ac298e9a8:192.168.34.13:40465, 64eb636b-e622-44a3-83bf-2cb002fcd160:192.168.34.13:41623], old=null
2019-09-03 13:21:50,314 [6a8167cd-c22a-4fc4-a15e-fd6bf639f419:group-FD4180FCB994:LeaderElection18] INFO  impl.RoleInfo (RoleInfo.java:shutdownLeaderElection(134)) - 6a8167cd-c22a-4fc4-a15e-fd6bf639f419: shutdown LeaderElection
2019-09-03 13:21:50,314 [6a8167cd-c22a-4fc4-a15e-fd6bf639f419:group-FD4180FCB994:LeaderElection18] INFO  impl.RaftServerImpl (RaftServerImpl.java:setRole(171)) - 6a8167cd-c22a-4fc4-a15e-fd6bf639f419:group-FD4180FCB994 changes role from CANDIDATE to LEADER at term 1 for changeToLeader
2019-09-03 13:21:50,314 [6a8167cd-c22a-4fc4-a15e-fd6bf639f419:group-FD4180FCB994:LeaderElection18] INFO  impl.RaftServerImpl (ServerState.java:setLeader(263)) - 6a8167cd-c22a-4fc4-a15e-fd6bf639f419:group-FD4180FCB994 change Leader from null to 6a8167cd-c22a-4fc4-a15e-fd6bf639f419 at term 1 for becomeLeader, leader elected after 5074ms
2019-09-03 13:21:50,317 [6a8167cd-c22a-4fc4-a15e-fd6bf639f419:group-FD4180FCB994:LeaderElection18] INFO  server.RaftServerConfigKeys (ConfUtils.java:logGet(43)) - raft.server.staging.catchup.gap = 1000 (default)
2019-09-03 13:21:50,317 [6a8167cd-c22a-4fc4-a15e-fd6bf639f419:group-FD4180FCB994:LeaderElection18] INFO  server.RaftServerConfigKeys (ConfUtils.java:logGet(43)) - raft.server.rpc.sleep.time = 25ms (default)
2019-09-03 13:21:50,318 [6a8167cd-c22a-4fc4-a15e-fd6bf639f419:group-FD4180FCB994:LeaderElection18] INFO  server.RaftServerConfigKeys (ConfUtils.java:logGet(43)) - raft.server.write.element-limit = 4096 (default)
2019-09-03 13:21:50,318 [6a8167cd-c22a-4fc4-a15e-fd6bf639f419:group-FD4180FCB994:LeaderElection18] INFO  server.RaftServerConfigKeys (ConfUtils.java:logGet(43)) - raft.server.watch.timeout = 10s (default)
2019-09-03 13:21:50,318 [6a8167cd-c22a-4fc4-a15e-fd6bf639f419:group-FD4180FCB994:LeaderElection18] INFO  server.RaftServerConfigKeys (ConfUtils.java:logGet(43)) - raft.server.watch.timeout.denomination = 1s (default)
2019-09-03 13:21:50,318 [97533b1c-7c0e-4acf-a6c1-8f7ac298e9a8:group-6A547D266DB7:LeaderElection15] INFO  impl.LeaderElection (LeaderElection.java:logAndReturn(56)) - 97533b1c-7c0e-4acf-a6c1-8f7ac298e9a8:group-6A547D266DB7:LeaderElection15: Election REJECTED; received 2 response(s) [97533b1c-7c0e-4acf-a6c1-8f7ac298e9a8<-93b11029-f257-4e92-bdcf-d2536ff5e681#0:FAIL-t1, 97533b1c-7c0e-4acf-a6c1-8f7ac298e9a8<-64eb636b-e622-44a3-83bf-2cb002fcd160#0:FAIL-t1] and 0 exception(s); 97533b1c-7c0e-4acf-a6c1-8f7ac298e9a8:t1, leader=null, voted=97533b1c-7c0e-4acf-a6c1-8f7ac298e9a8, raftlog=97533b1c-7c0e-4acf-a6c1-8f7ac298e9a8-SegmentedRaftLog:OPENED:c-1,f-1,i0, conf=-1: [93b11029-f257-4e92-bdcf-d2536ff5e681:192.168.34.13:44576, 97533b1c-7c0e-4acf-a6c1-8f7ac298e9a8:192.168.34.13:40465, 64eb636b-e622-44a3-83bf-2cb002fcd160:192.168.34.13:41623], old=null
2019-09-03 13:21:50,318 [6a8167cd-c22a-4fc4-a15e-fd6bf639f419:group-FD4180FCB994:LeaderElection18] INFO  server.RaftServerConfigKeys (ConfUtils.java:logGet(43)) - raft.server.watch.element-limit = 65536 (default)
2019-09-03 13:21:50,318 [97533b1c-7c0e-4acf-a6c1-8f7ac298e9a8:group-6A547D266DB7:LeaderElection15] INFO  impl.RaftServerImpl (RaftServerImpl.java:setRole(171)) - 97533b1c-7c0e-4acf-a6c1-8f7ac298e9a8:group-6A547D266DB7 changes role from CANDIDATE to FOLLOWER at term 1 for DISCOVERED_A_NEW_TERM
2019-09-03 13:21:50,321 [97533b1c-7c0e-4acf-a6c1-8f7ac298e9a8:group-6A547D266DB7:LeaderElection15] INFO  impl.RoleInfo (RoleInfo.java:shutdownLeaderElection(134)) - 97533b1c-7c0e-4acf-a6c1-8f7ac298e9a8: shutdown LeaderElection
2019-09-03 13:21:50,321 [6a8167cd-c22a-4fc4-a15e-fd6bf639f419:group-FD4180FCB994:LeaderElection18] INFO  impl.RoleInfo (RoleInfo.java:updateAndGet(143)) - 6a8167cd-c22a-4fc4-a15e-fd6bf639f419: start LeaderState
2019-09-03 13:21:50,321 [97533b1c-7c0e-4acf-a6c1-8f7ac298e9a8:group-6A547D266DB7:LeaderElection15] INFO  impl.RoleInfo (RoleInfo.java:updateAndGet(143)) - 97533b1c-7c0e-4acf-a6c1-8f7ac298e9a8: start FollowerState
2019-09-03 13:21:50,322 [6a8167cd-c22a-4fc4-a15e-fd6bf639f419:group-FD4180FCB994:LeaderElection18] INFO  segmented.SegmentedRaftLogWorker (SegmentedRaftLogWorker.java:startLogSegment(380)) - 6a8167cd-c22a-4fc4-a15e-fd6bf639f419-SegmentedRaftLogWorker:Storage Directory /workdir/hadoop-ozone/integration-test/target/test-dir/MiniOzoneClusterImpl-5ccca07a-eefb-4de6-a136-ad00c66ed42b/datanode-3/data/ratis/e960dfc0-5918-4454-a2af-fd4180fcb994: Starting segment from index:0
2019-09-03 13:21:50,324 [6a8167cd-c22a-4fc4-a15e-fd6bf639f419:group-FD4180FCB994:LeaderElection18] INFO  impl.RaftServerImpl (ServerState.java:setRaftConf(361)) - 6a8167cd-c22a-4fc4-a15e-fd6bf639f419:group-FD4180FCB994 set configuration 0: [6a8167cd-c22a-4fc4-a15e-fd6bf639f419:192.168.34.13:34640], old=null at 0
2019-09-03 13:21:50,365 [93b11029-f257-4e92-bdcf-d2536ff5e681:group-6A547D266DB7:LeaderElection16] INFO  impl.LeaderElection (LeaderElection.java:logAndReturn(56)) - 93b11029-f257-4e92-bdcf-d2536ff5e681:group-6A547D266DB7:LeaderElection16: Election REJECTED; received 2 response(s) [93b11029-f257-4e92-bdcf-d2536ff5e681<-97533b1c-7c0e-4acf-a6c1-8f7ac298e9a8#0:FAIL-t1, 93b11029-f257-4e92-bdcf-d2536ff5e681<-64eb636b-e622-44a3-83bf-2cb002fcd160#0:FAIL-t1] and 0 exception(s); 93b11029-f257-4e92-bdcf-d2536ff5e681:t1, leader=null, voted=93b11029-f257-4e92-bdcf-d2536ff5e681, raftlog=93b11029-f257-4e92-bdcf-d2536ff5e681-SegmentedRaftLog:OPENED:c-1,f-1,i0, conf=-1: [93b11029-f257-4e92-bdcf-d2536ff5e681:192.168.34.13:44576, 97533b1c-7c0e-4acf-a6c1-8f7ac298e9a8:192.168.34.13:40465, 64eb636b-e622-44a3-83bf-2cb002fcd160:192.168.34.13:41623], old=null
2019-09-03 13:21:50,365 [64eb636b-e622-44a3-83bf-2cb002fcd160:group-6A547D266DB7:LeaderElection17] INFO  impl.LeaderElection (LeaderElection.java:logAndReturn(56)) - 64eb636b-e622-44a3-83bf-2cb002fcd160:group-6A547D266DB7:LeaderElection17: Election REJECTED; received 2 response(s) [64eb636b-e622-44a3-83bf-2cb002fcd160<-93b11029-f257-4e92-bdcf-d2536ff5e681#0:FAIL-t1, 64eb636b-e622-44a3-83bf-2cb002fcd160<-97533b1c-7c0e-4acf-a6c1-8f7ac298e9a8#0:FAIL-t1] and 0 exception(s); 64eb636b-e622-44a3-83bf-2cb002fcd160:t1, leader=null, voted=64eb636b-e622-44a3-83bf-2cb002fcd160, raftlog=64eb636b-e622-44a3-83bf-2cb002fcd160-SegmentedRaftLog:OPENED:c-1,f-1,i0, conf=-1: [93b11029-f257-4e92-bdcf-d2536ff5e681:192.168.34.13:44576, 97533b1c-7c0e-4acf-a6c1-8f7ac298e9a8:192.168.34.13:40465, 64eb636b-e622-44a3-83bf-2cb002fcd160:192.168.34.13:41623], old=null
2019-09-03 13:21:50,365 [93b11029-f257-4e92-bdcf-d2536ff5e681:group-6A547D266DB7:LeaderElection16] INFO  impl.RaftServerImpl (RaftServerImpl.java:setRole(171)) - 93b11029-f257-4e92-bdcf-d2536ff5e681:group-6A547D266DB7 changes role from CANDIDATE to FOLLOWER at term 1 for DISCOVERED_A_NEW_TERM
2019-09-03 13:21:50,373 [93b11029-f257-4e92-bdcf-d2536ff5e681:group-6A547D266DB7:LeaderElection16] INFO  impl.RoleInfo (RoleInfo.java:shutdownLeaderElection(134)) - 93b11029-f257-4e92-bdcf-d2536ff5e681: shutdown LeaderElection
2019-09-03 13:21:50,367 [64eb636b-e622-44a3-83bf-2cb002fcd160:group-6A547D266DB7:LeaderElection17] INFO  impl.RaftServerImpl (RaftServerImpl.java:setRole(171)) - 64eb636b-e622-44a3-83bf-2cb002fcd160:group-6A547D266DB7 changes role from CANDIDATE to FOLLOWER at term 1 for DISCOVERED_A_NEW_TERM
2019-09-03 13:21:50,373 [93b11029-f257-4e92-bdcf-d2536ff5e681:group-6A547D266DB7:LeaderElection16] INFO  impl.RoleInfo (RoleInfo.java:updateAndGet(143)) - 93b11029-f257-4e92-bdcf-d2536ff5e681: start FollowerState
2019-09-03 13:21:50,373 [6a8167cd-c22a-4fc4-a15e-fd6bf639f419-SegmentedRaftLogWorker:Storage Directory /workdir/hadoop-ozone/integration-test/target/test-dir/MiniOzoneClusterImpl-5ccca07a-eefb-4de6-a136-ad00c66ed42b/datanode-3/data/ratis/e960dfc0-5918-4454-a2af-fd4180fcb994] INFO  segmented.SegmentedRaftLogWorker (SegmentedRaftLogWorker.java:execute(569)) - 6a8167cd-c22a-4fc4-a15e-fd6bf639f419-SegmentedRaftLogWorker:Storage Directory /workdir/hadoop-ozone/integration-test/target/test-dir/MiniOzoneClusterImpl-5ccca07a-eefb-4de6-a136-ad00c66ed42b/datanode-3/data/ratis/e960dfc0-5918-4454-a2af-fd4180fcb994: created new log segment /workdir/hadoop-ozone/integration-test/target/test-dir/MiniOzoneClusterImpl-5ccca07a-eefb-4de6-a136-ad00c66ed42b/datanode-3/data/ratis/e960dfc0-5918-4454-a2af-fd4180fcb994/current/log_inprogress_0
2019-09-03 13:21:50,373 [64eb636b-e622-44a3-83bf-2cb002fcd160:group-6A547D266DB7:LeaderElection17] INFO  impl.RoleInfo (RoleInfo.java:shutdownLeaderElection(134)) - 64eb636b-e622-44a3-83bf-2cb002fcd160: shutdown LeaderElection
2019-09-03 13:21:50,376 [64eb636b-e622-44a3-83bf-2cb002fcd160:group-6A547D266DB7:LeaderElection17] INFO  impl.RoleInfo (RoleInfo.java:updateAndGet(143)) - 64eb636b-e622-44a3-83bf-2cb002fcd160: start FollowerState
2019-09-03 13:21:50,406 [Thread-722] INFO  impl.FollowerState (FollowerState.java:run(106)) - 9fd2e8bf-6fc9-4e37-b01d-233d0c9c394e:group-20DC2A7C5D69 changes to CANDIDATE, lastRpcTime:5057, electionTimeout:5057ms
2019-09-03 13:21:50,406 [Thread-722] INFO  impl.RoleInfo (RoleInfo.java:shutdownFollowerState(121)) - 9fd2e8bf-6fc9-4e37-b01d-233d0c9c394e: shutdown FollowerState
2019-09-03 13:21:50,406 [Thread-722] INFO  impl.RaftServerImpl (RaftServerImpl.java:setRole(171)) - 9fd2e8bf-6fc9-4e37-b01d-233d0c9c394e:group-20DC2A7C5D69 changes role from FOLLOWER to CANDIDATE at term 0 for changeToCandidate
2019-09-03 13:21:50,406 [Thread-722] INFO  impl.RoleInfo (RoleInfo.java:updateAndGet(143)) - 9fd2e8bf-6fc9-4e37-b01d-233d0c9c394e: start LeaderElection
2019-09-03 13:21:50,416 [9fd2e8bf-6fc9-4e37-b01d-233d0c9c394e:group-20DC2A7C5D69:LeaderElection19] INFO  impl.LeaderElection (LeaderElection.java:askForVotes(181)) - 9fd2e8bf-6fc9-4e37-b01d-233d0c9c394e:group-20DC2A7C5D69:LeaderElection19: begin an election at term 1 for -1: [9fd2e8bf-6fc9-4e37-b01d-233d0c9c394e:192.168.34.13:44076], old=null
2019-09-03 13:21:50,416 [9fd2e8bf-6fc9-4e37-b01d-233d0c9c394e:group-20DC2A7C5D69:LeaderElection19] INFO  impl.RoleInfo (RoleInfo.java:shutdownLeaderElection(134)) - 9fd2e8bf-6fc9-4e37-b01d-233d0c9c394e: shutdown LeaderElection
2019-09-03 13:21:50,416 [9fd2e8bf-6fc9-4e37-b01d-233d0c9c394e:group-20DC2A7C5D69:LeaderElection19] INFO  impl.RaftServerImpl (RaftServerImpl.java:setRole(171)) - 9fd2e8bf-6fc9-4e37-b01d-233d0c9c394e:group-20DC2A7C5D69 changes role from CANDIDATE to LEADER at term 1 for changeToLeader
2019-09-03 13:21:50,416 [9fd2e8bf-6fc9-4e37-b01d-233d0c9c394e:group-20DC2A7C5D69:LeaderElection19] INFO  impl.RaftServerImpl (ServerState.java:setLeader(263)) - 9fd2e8bf-6fc9-4e37-b01d-233d0c9c394e:group-20DC2A7C5D69 change Leader from null to 9fd2e8bf-6fc9-4e37-b01d-233d0c9c394e at term 1 for becomeLeader, leader elected after 5072ms
2019-09-03 13:21:50,418 [9fd2e8bf-6fc9-4e37-b01d-233d0c9c394e:group-20DC2A7C5D69:LeaderElection19] INFO  server.RaftServerConfigKeys (ConfUtils.java:logGet(43)) - raft.server.staging.catchup.gap = 1000 (default)
2019-09-03 13:21:50,419 [9fd2e8bf-6fc9-4e37-b01d-233d0c9c394e:group-20DC2A7C5D69:LeaderElection19] INFO  server.RaftServerConfigKeys (ConfUtils.java:logGet(43)) - raft.server.rpc.sleep.time = 25ms (default)
2019-09-03 13:21:50,419 [9fd2e8bf-6fc9-4e37-b01d-233d0c9c394e:group-20DC2A7C5D69:LeaderElection19] INFO  server.RaftServerConfigKeys (ConfUtils.java:logGet(43)) - raft.server.write.element-limit = 4096 (default)
2019-09-03 13:21:50,419 [9fd2e8bf-6fc9-4e37-b01d-233d0c9c394e:group-20DC2A7C5D69:LeaderElection19] INFO  server.RaftServerConfigKeys (ConfUtils.java:logGet(43)) - raft.server.watch.timeout = 10s (default)
2019-09-03 13:21:50,419 [9fd2e8bf-6fc9-4e37-b01d-233d0c9c394e:group-20DC2A7C5D69:LeaderElection19] INFO  server.RaftServerConfigKeys (ConfUtils.java:logGet(43)) - raft.server.watch.timeout.denomination = 1s (default)
2019-09-03 13:21:50,419 [9fd2e8bf-6fc9-4e37-b01d-233d0c9c394e:group-20DC2A7C5D69:LeaderElection19] INFO  server.RaftServerConfigKeys (ConfUtils.java:logGet(43)) - raft.server.watch.element-limit = 65536 (default)
2019-09-03 13:21:50,420 [9fd2e8bf-6fc9-4e37-b01d-233d0c9c394e:group-20DC2A7C5D69:LeaderElection19] INFO  impl.RoleInfo (RoleInfo.java:updateAndGet(143)) - 9fd2e8bf-6fc9-4e37-b01d-233d0c9c394e: start LeaderState
2019-09-03 13:21:50,420 [9fd2e8bf-6fc9-4e37-b01d-233d0c9c394e:group-20DC2A7C5D69:LeaderElection19] INFO  segmented.SegmentedRaftLogWorker (SegmentedRaftLogWorker.java:startLogSegment(380)) - 9fd2e8bf-6fc9-4e37-b01d-233d0c9c394e-SegmentedRaftLogWorker:Storage Directory /workdir/hadoop-ozone/integration-test/target/test-dir/MiniOzoneClusterImpl-5ccca07a-eefb-4de6-a136-ad00c66ed42b/datanode-5/data/ratis/8de51731-b62d-4e23-b438-20dc2a7c5d69: Starting segment from index:0
2019-09-03 13:21:50,421 [9fd2e8bf-6fc9-4e37-b01d-233d0c9c394e:group-20DC2A7C5D69:LeaderElection19] INFO  impl.RaftServerImpl (ServerState.java:setRaftConf(361)) - 9fd2e8bf-6fc9-4e37-b01d-233d0c9c394e:group-20DC2A7C5D69 set configuration 0: [9fd2e8bf-6fc9-4e37-b01d-233d0c9c394e:192.168.34.13:44076], old=null at 0
2019-09-03 13:21:50,454 [Thread-719] INFO  impl.FollowerState (FollowerState.java:run(106)) - 77e0a80b-8a2d-4a4d-80e4-5c2088ef816c:group-94F965CA4C11 changes to CANDIDATE, lastRpcTime:5158, electionTimeout:5156ms
2019-09-03 13:21:50,454 [Thread-719] INFO  impl.RoleInfo (RoleInfo.java:shutdownFollowerState(121)) - 77e0a80b-8a2d-4a4d-80e4-5c2088ef816c: shutdown FollowerState
2019-09-03 13:21:50,456 [Thread-719] INFO  impl.RaftServerImpl (RaftServerImpl.java:setRole(171)) - 77e0a80b-8a2d-4a4d-80e4-5c2088ef816c:group-94F965CA4C11 changes role from FOLLOWER to CANDIDATE at term 0 for changeToCandidate
2019-09-03 13:21:50,456 [Thread-719] INFO  impl.RoleInfo (RoleInfo.java:updateAndGet(143)) - 77e0a80b-8a2d-4a4d-80e4-5c2088ef816c: start LeaderElection
2019-09-03 13:21:50,466 [9fd2e8bf-6fc9-4e37-b01d-233d0c9c394e-SegmentedRaftLogWorker:Storage Directory /workdir/hadoop-ozone/integration-test/target/test-dir/MiniOzoneClusterImpl-5ccca07a-eefb-4de6-a136-ad00c66ed42b/datanode-5/data/ratis/8de51731-b62d-4e23-b438-20dc2a7c5d69] INFO  segmented.SegmentedRaftLogWorker (SegmentedRaftLogWorker.java:execute(569)) - 9fd2e8bf-6fc9-4e37-b01d-233d0c9c394e-SegmentedRaftLogWorker:Storage Directory /workdir/hadoop-ozone/integration-test/target/test-dir/MiniOzoneClusterImpl-5ccca07a-eefb-4de6-a136-ad00c66ed42b/datanode-5/data/ratis/8de51731-b62d-4e23-b438-20dc2a7c5d69: created new log segment /workdir/hadoop-ozone/integration-test/target/test-dir/MiniOzoneClusterImpl-5ccca07a-eefb-4de6-a136-ad00c66ed42b/datanode-5/data/ratis/8de51731-b62d-4e23-b438-20dc2a7c5d69/current/log_inprogress_0
2019-09-03 13:21:50,467 [77e0a80b-8a2d-4a4d-80e4-5c2088ef816c:group-94F965CA4C11:LeaderElection20] INFO  impl.LeaderElection (LeaderElection.java:askForVotes(181)) - 77e0a80b-8a2d-4a4d-80e4-5c2088ef816c:group-94F965CA4C11:LeaderElection20: begin an election at term 1 for -1: [77e0a80b-8a2d-4a4d-80e4-5c2088ef816c:192.168.34.13:43898], old=null
2019-09-03 13:21:50,467 [77e0a80b-8a2d-4a4d-80e4-5c2088ef816c:group-94F965CA4C11:LeaderElection20] INFO  impl.RoleInfo (RoleInfo.java:shutdownLeaderElection(134)) - 77e0a80b-8a2d-4a4d-80e4-5c2088ef816c: shutdown LeaderElection
2019-09-03 13:21:50,467 [77e0a80b-8a2d-4a4d-80e4-5c2088ef816c:group-94F965CA4C11:LeaderElection20] INFO  impl.RaftServerImpl (RaftServerImpl.java:setRole(171)) - 77e0a80b-8a2d-4a4d-80e4-5c2088ef816c:group-94F965CA4C11 changes role from CANDIDATE to LEADER at term 1 for changeToLeader
2019-09-03 13:21:50,467 [77e0a80b-8a2d-4a4d-80e4-5c2088ef816c:group-94F965CA4C11:LeaderElection20] INFO  impl.RaftServerImpl (ServerState.java:setLeader(263)) - 77e0a80b-8a2d-4a4d-80e4-5c2088ef816c:group-94F965CA4C11 change Leader from null to 77e0a80b-8a2d-4a4d-80e4-5c2088ef816c at term 1 for becomeLeader, leader elected after 5175ms
2019-09-03 13:21:50,469 [77e0a80b-8a2d-4a4d-80e4-5c2088ef816c:group-94F965CA4C11:LeaderElection20] INFO  server.RaftServerConfigKeys (ConfUtils.java:logGet(43)) - raft.server.staging.catchup.gap = 1000 (default)
2019-09-03 13:21:50,469 [77e0a80b-8a2d-4a4d-80e4-5c2088ef816c:group-94F965CA4C11:LeaderElection20] INFO  server.RaftServerConfigKeys (ConfUtils.java:logGet(43)) - raft.server.rpc.sleep.time = 25ms (default)
2019-09-03 13:21:50,469 [77e0a80b-8a2d-4a4d-80e4-5c2088ef816c:group-94F965CA4C11:LeaderElection20] INFO  server.RaftServerConfigKeys (ConfUtils.java:logGet(43)) - raft.server.write.element-limit = 4096 (default)
2019-09-03 13:21:50,469 [77e0a80b-8a2d-4a4d-80e4-5c2088ef816c:group-94F965CA4C11:LeaderElection20] INFO  server.RaftServerConfigKeys (ConfUtils.java:logGet(43)) - raft.server.watch.timeout = 10s (default)
2019-09-03 13:21:50,469 [77e0a80b-8a2d-4a4d-80e4-5c2088ef816c:group-94F965CA4C11:LeaderElection20] INFO  server.RaftServerConfigKeys (ConfUtils.java:logGet(43)) - raft.server.watch.timeout.denomination = 1s (default)
2019-09-03 13:21:50,470 [77e0a80b-8a2d-4a4d-80e4-5c2088ef816c:group-94F965CA4C11:LeaderElection20] INFO  server.RaftServerConfigKeys (ConfUtils.java:logGet(43)) - raft.server.watch.element-limit = 65536 (default)
2019-09-03 13:21:50,470 [77e0a80b-8a2d-4a4d-80e4-5c2088ef816c:group-94F965CA4C11:LeaderElection20] INFO  impl.RoleInfo (RoleInfo.java:updateAndGet(143)) - 77e0a80b-8a2d-4a4d-80e4-5c2088ef816c: start LeaderState
2019-09-03 13:21:50,470 [77e0a80b-8a2d-4a4d-80e4-5c2088ef816c:group-94F965CA4C11:LeaderElection20] INFO  segmented.SegmentedRaftLogWorker (SegmentedRaftLogWorker.java:startLogSegment(380)) - 77e0a80b-8a2d-4a4d-80e4-5c2088ef816c-SegmentedRaftLogWorker:Storage Directory /workdir/hadoop-ozone/integration-test/target/test-dir/MiniOzoneClusterImpl-5ccca07a-eefb-4de6-a136-ad00c66ed42b/datanode-4/data/ratis/bcb98dde-d48d-4db5-a459-94f965ca4c11: Starting segment from index:0
2019-09-03 13:21:50,471 [77e0a80b-8a2d-4a4d-80e4-5c2088ef816c:group-94F965CA4C11:LeaderElection20] INFO  impl.RaftServerImpl (ServerState.java:setRaftConf(361)) - 77e0a80b-8a2d-4a4d-80e4-5c2088ef816c:group-94F965CA4C11 set configuration 0: [77e0a80b-8a2d-4a4d-80e4-5c2088ef816c:192.168.34.13:43898], old=null at 0
2019-09-03 13:21:50,509 [Thread-725] INFO  impl.FollowerState (FollowerState.java:run(106)) - c457019c-a5f1-4607-8867-a3c94525b4a3:group-598893515C23 changes to CANDIDATE, lastRpcTime:5112, electionTimeout:5104ms
2019-09-03 13:21:50,509 [Thread-725] INFO  impl.RoleInfo (RoleInfo.java:shutdownFollowerState(121)) - c457019c-a5f1-4607-8867-a3c94525b4a3: shutdown FollowerState
2019-09-03 13:21:50,510 [Thread-725] INFO  impl.RaftServerImpl (RaftServerImpl.java:setRole(171)) - c457019c-a5f1-4607-8867-a3c94525b4a3:group-598893515C23 changes role from FOLLOWER to CANDIDATE at term 0 for changeToCandidate
2019-09-03 13:21:50,510 [Thread-725] INFO  impl.RoleInfo (RoleInfo.java:updateAndGet(143)) - c457019c-a5f1-4607-8867-a3c94525b4a3: start LeaderElection
2019-09-03 13:21:50,523 [77e0a80b-8a2d-4a4d-80e4-5c2088ef816c-SegmentedRaftLogWorker:Storage Directory /workdir/hadoop-ozone/integration-test/target/test-dir/MiniOzoneClusterImpl-5ccca07a-eefb-4de6-a136-ad00c66ed42b/datanode-4/data/ratis/bcb98dde-d48d-4db5-a459-94f965ca4c11] INFO  segmented.SegmentedRaftLogWorker (SegmentedRaftLogWorker.java:execute(569)) - 77e0a80b-8a2d-4a4d-80e4-5c2088ef816c-SegmentedRaftLogWorker:Storage Directory /workdir/hadoop-ozone/integration-test/target/test-dir/MiniOzoneClusterImpl-5ccca07a-eefb-4de6-a136-ad00c66ed42b/datanode-4/data/ratis/bcb98dde-d48d-4db5-a459-94f965ca4c11: created new log segment /workdir/hadoop-ozone/integration-test/target/test-dir/MiniOzoneClusterImpl-5ccca07a-eefb-4de6-a136-ad00c66ed42b/datanode-4/data/ratis/bcb98dde-d48d-4db5-a459-94f965ca4c11/current/log_inprogress_0
2019-09-03 13:21:50,523 [c457019c-a5f1-4607-8867-a3c94525b4a3:group-598893515C23:LeaderElection21] INFO  impl.LeaderElection (LeaderElection.java:askForVotes(181)) - c457019c-a5f1-4607-8867-a3c94525b4a3:group-598893515C23:LeaderElection21: begin an election at term 1 for -1: [c457019c-a5f1-4607-8867-a3c94525b4a3:192.168.34.13:45616], old=null
2019-09-03 13:21:50,523 [c457019c-a5f1-4607-8867-a3c94525b4a3:group-598893515C23:LeaderElection21] INFO  impl.RoleInfo (RoleInfo.java:shutdownLeaderElection(134)) - c457019c-a5f1-4607-8867-a3c94525b4a3: shutdown LeaderElection
2019-09-03 13:21:50,523 [c457019c-a5f1-4607-8867-a3c94525b4a3:group-598893515C23:LeaderElection21] INFO  impl.RaftServerImpl (RaftServerImpl.java:setRole(171)) - c457019c-a5f1-4607-8867-a3c94525b4a3:group-598893515C23 changes role from CANDIDATE to LEADER at term 1 for changeToLeader
2019-09-03 13:21:50,523 [c457019c-a5f1-4607-8867-a3c94525b4a3:group-598893515C23:LeaderElection21] INFO  impl.RaftServerImpl (ServerState.java:setLeader(263)) - c457019c-a5f1-4607-8867-a3c94525b4a3:group-598893515C23 change Leader from null to c457019c-a5f1-4607-8867-a3c94525b4a3 at term 1 for becomeLeader, leader elected after 5130ms
2019-09-03 13:21:50,537 [c457019c-a5f1-4607-8867-a3c94525b4a3:group-598893515C23:LeaderElection21] INFO  server.RaftServerConfigKeys (ConfUtils.java:logGet(43)) - raft.server.staging.catchup.gap = 1000 (default)
2019-09-03 13:21:50,537 [c457019c-a5f1-4607-8867-a3c94525b4a3:group-598893515C23:LeaderElection21] INFO  server.RaftServerConfigKeys (ConfUtils.java:logGet(43)) - raft.server.rpc.sleep.time = 25ms (default)
2019-09-03 13:21:50,537 [c457019c-a5f1-4607-8867-a3c94525b4a3:group-598893515C23:LeaderElection21] INFO  server.RaftServerConfigKeys (ConfUtils.java:logGet(43)) - raft.server.write.element-limit = 4096 (default)
2019-09-03 13:21:50,537 [grpc-default-executor-3] INFO  client.GrpcClientProtocolClient (GrpcClientProtocolClient.java:onNext(255)) - client-40679B204B1E->64eb636b-e622-44a3-83bf-2cb002fcd160: receive RaftClientReply:client-40679B204B1E->64eb636b-e622-44a3-83bf-2cb002fcd160@group-6A547D266DB7, cid=42, FAILED org.apache.ratis.protocol.NotLeaderException: Server 64eb636b-e622-44a3-83bf-2cb002fcd160 is not the leader (null). Request must be sent to leader., logIndex=0, commits[64eb636b-e622-44a3-83bf-2cb002fcd160:c-1]
2019-09-03 13:21:50,537 [c457019c-a5f1-4607-8867-a3c94525b4a3:group-598893515C23:LeaderElection21] INFO  server.RaftServerConfigKeys (ConfUtils.java:logGet(43)) - raft.server.watch.timeout = 10s (default)
2019-09-03 13:21:50,542 [c457019c-a5f1-4607-8867-a3c94525b4a3:group-598893515C23:LeaderElection21] INFO  server.RaftServerConfigKeys (ConfUtils.java:logGet(43)) - raft.server.watch.timeout.denomination = 1s (default)
2019-09-03 13:21:50,544 [c457019c-a5f1-4607-8867-a3c94525b4a3:group-598893515C23:LeaderElection21] INFO  server.RaftServerConfigKeys (ConfUtils.java:logGet(43)) - raft.server.watch.element-limit = 65536 (default)
2019-09-03 13:21:50,544 [c457019c-a5f1-4607-8867-a3c94525b4a3:group-598893515C23:LeaderElection21] INFO  impl.RoleInfo (RoleInfo.java:updateAndGet(143)) - c457019c-a5f1-4607-8867-a3c94525b4a3: start LeaderState
2019-09-03 13:21:50,546 [c457019c-a5f1-4607-8867-a3c94525b4a3:group-598893515C23:LeaderElection21] INFO  segmented.SegmentedRaftLogWorker (SegmentedRaftLogWorker.java:startLogSegment(380)) - c457019c-a5f1-4607-8867-a3c94525b4a3-SegmentedRaftLogWorker:Storage Directory /workdir/hadoop-ozone/integration-test/target/test-dir/MiniOzoneClusterImpl-5ccca07a-eefb-4de6-a136-ad00c66ed42b/datanode-6/data/ratis/7d7ff0bd-32fa-4d28-b092-598893515c23: Starting segment from index:0
2019-09-03 13:21:50,547 [c457019c-a5f1-4607-8867-a3c94525b4a3:group-598893515C23:LeaderElection21] INFO  impl.RaftServerImpl (ServerState.java:setRaftConf(361)) - c457019c-a5f1-4607-8867-a3c94525b4a3:group-598893515C23 set configuration 0: [c457019c-a5f1-4607-8867-a3c94525b4a3:192.168.34.13:45616], old=null at 0
2019-09-03 13:21:50,583 [Thread-732] INFO  impl.FollowerState (FollowerState.java:run(106)) - 6a8167cd-c22a-4fc4-a15e-fd6bf639f419:group-58C057831B68 changes to CANDIDATE, lastRpcTime:5127, electionTimeout:5127ms
2019-09-03 13:21:50,583 [Thread-732] INFO  impl.RoleInfo (RoleInfo.java:shutdownFollowerState(121)) - 6a8167cd-c22a-4fc4-a15e-fd6bf639f419: shutdown FollowerState
2019-09-03 13:21:50,583 [Thread-732] INFO  impl.RaftServerImpl (RaftServerImpl.java:setRole(171)) - 6a8167cd-c22a-4fc4-a15e-fd6bf639f419:group-58C057831B68 changes role from FOLLOWER to CANDIDATE at term 0 for changeToCandidate
2019-09-03 13:21:50,583 [Thread-732] INFO  impl.RoleInfo (RoleInfo.java:updateAndGet(143)) - 6a8167cd-c22a-4fc4-a15e-fd6bf639f419: start LeaderElection
2019-09-03 13:21:50,593 [c457019c-a5f1-4607-8867-a3c94525b4a3-SegmentedRaftLogWorker:Storage Directory /workdir/hadoop-ozone/integration-test/target/test-dir/MiniOzoneClusterImpl-5ccca07a-eefb-4de6-a136-ad00c66ed42b/datanode-6/data/ratis/7d7ff0bd-32fa-4d28-b092-598893515c23] INFO  segmented.SegmentedRaftLogWorker (SegmentedRaftLogWorker.java:execute(569)) - c457019c-a5f1-4607-8867-a3c94525b4a3-SegmentedRaftLogWorker:Storage Directory /workdir/hadoop-ozone/integration-test/target/test-dir/MiniOzoneClusterImpl-5ccca07a-eefb-4de6-a136-ad00c66ed42b/datanode-6/data/ratis/7d7ff0bd-32fa-4d28-b092-598893515c23: created new log segment /workdir/hadoop-ozone/integration-test/target/test-dir/MiniOzoneClusterImpl-5ccca07a-eefb-4de6-a136-ad00c66ed42b/datanode-6/data/ratis/7d7ff0bd-32fa-4d28-b092-598893515c23/current/log_inprogress_0
2019-09-03 13:21:50,593 [6a8167cd-c22a-4fc4-a15e-fd6bf639f419:group-58C057831B68:LeaderElection22] INFO  impl.LeaderElection (LeaderElection.java:askForVotes(181)) - 6a8167cd-c22a-4fc4-a15e-fd6bf639f419:group-58C057831B68:LeaderElection22: begin an election at term 1 for -1: [9fd2e8bf-6fc9-4e37-b01d-233d0c9c394e:192.168.34.13:44076, c457019c-a5f1-4607-8867-a3c94525b4a3:192.168.34.13:45616, 6a8167cd-c22a-4fc4-a15e-fd6bf639f419:192.168.34.13:34640], old=null
2019-09-03 13:21:50,599 [grpc-default-executor-3] INFO  impl.RaftServerImpl (RaftServerImpl.java:setRole(171)) - 9fd2e8bf-6fc9-4e37-b01d-233d0c9c394e:group-58C057831B68 changes role from FOLLOWER to FOLLOWER at term 1 for recognizeCandidate:6a8167cd-c22a-4fc4-a15e-fd6bf639f419
2019-09-03 13:21:50,600 [grpc-default-executor-3] INFO  impl.RoleInfo (RoleInfo.java:shutdownFollowerState(121)) - 9fd2e8bf-6fc9-4e37-b01d-233d0c9c394e: shutdown FollowerState
2019-09-03 13:21:50,600 [grpc-default-executor-4] INFO  impl.RaftServerImpl (RaftServerImpl.java:setRole(171)) - c457019c-a5f1-4607-8867-a3c94525b4a3:group-58C057831B68 changes role from FOLLOWER to FOLLOWER at term 1 for recognizeCandidate:6a8167cd-c22a-4fc4-a15e-fd6bf639f419
2019-09-03 13:21:50,600 [Thread-733] INFO  impl.FollowerState (FollowerState.java:run(114)) - 9fd2e8bf-6fc9-4e37-b01d-233d0c9c394e: FollowerState was interrupted: java.lang.InterruptedException: sleep interrupted
2019-09-03 13:21:50,600 [grpc-default-executor-3] INFO  impl.RoleInfo (RoleInfo.java:updateAndGet(143)) - 9fd2e8bf-6fc9-4e37-b01d-233d0c9c394e: start FollowerState
2019-09-03 13:21:50,600 [grpc-default-executor-4] INFO  impl.RoleInfo (RoleInfo.java:shutdownFollowerState(121)) - c457019c-a5f1-4607-8867-a3c94525b4a3: shutdown FollowerState
2019-09-03 13:21:50,603 [grpc-default-executor-4] INFO  impl.RoleInfo (RoleInfo.java:updateAndGet(143)) - c457019c-a5f1-4607-8867-a3c94525b4a3: start FollowerState
2019-09-03 13:21:50,603 [Thread-728] INFO  impl.FollowerState (FollowerState.java:run(114)) - c457019c-a5f1-4607-8867-a3c94525b4a3: FollowerState was interrupted: java.lang.InterruptedException: sleep interrupted
2019-09-03 13:21:50,620 [6a8167cd-c22a-4fc4-a15e-fd6bf639f419:group-58C057831B68:LeaderElection22] INFO  impl.LeaderElection (LeaderElection.java:logAndReturn(56)) - 6a8167cd-c22a-4fc4-a15e-fd6bf639f419:group-58C057831B68:LeaderElection22: Election PASSED; received 1 response(s) [6a8167cd-c22a-4fc4-a15e-fd6bf639f419<-c457019c-a5f1-4607-8867-a3c94525b4a3#0:OK-t1] and 0 exception(s); 6a8167cd-c22a-4fc4-a15e-fd6bf639f419:t1, leader=null, voted=6a8167cd-c22a-4fc4-a15e-fd6bf639f419, raftlog=6a8167cd-c22a-4fc4-a15e-fd6bf639f419-SegmentedRaftLog:OPENED:c-1,f-1,i0, conf=-1: [9fd2e8bf-6fc9-4e37-b01d-233d0c9c394e:192.168.34.13:44076, c457019c-a5f1-4607-8867-a3c94525b4a3:192.168.34.13:45616, 6a8167cd-c22a-4fc4-a15e-fd6bf639f419:192.168.34.13:34640], old=null
2019-09-03 13:21:50,620 [6a8167cd-c22a-4fc4-a15e-fd6bf639f419:group-58C057831B68:LeaderElection22] INFO  impl.RoleInfo (RoleInfo.java:shutdownLeaderElection(134)) - 6a8167cd-c22a-4fc4-a15e-fd6bf639f419: shutdown LeaderElection
2019-09-03 13:21:50,622 [6a8167cd-c22a-4fc4-a15e-fd6bf639f419:group-58C057831B68:LeaderElection22] INFO  impl.RaftServerImpl (RaftServerImpl.java:setRole(171)) - 6a8167cd-c22a-4fc4-a15e-fd6bf639f419:group-58C057831B68 changes role from CANDIDATE to LEADER at term 1 for changeToLeader
2019-09-03 13:21:50,623 [6a8167cd-c22a-4fc4-a15e-fd6bf639f419:group-58C057831B68:LeaderElection22] INFO  impl.RaftServerImpl (ServerState.java:setLeader(263)) - 6a8167cd-c22a-4fc4-a15e-fd6bf639f419:group-58C057831B68 change Leader from null to 6a8167cd-c22a-4fc4-a15e-fd6bf639f419 at term 1 for becomeLeader, leader elected after 5175ms
2019-09-03 13:21:50,623 [6a8167cd-c22a-4fc4-a15e-fd6bf639f419:group-58C057831B68:LeaderElection22] INFO  server.RaftServerConfigKeys (ConfUtils.java:logGet(43)) - raft.server.staging.catchup.gap = 1000 (default)
2019-09-03 13:21:50,623 [6a8167cd-c22a-4fc4-a15e-fd6bf639f419:group-58C057831B68:LeaderElection22] INFO  server.RaftServerConfigKeys (ConfUtils.java:logGet(43)) - raft.server.rpc.sleep.time = 25ms (default)
2019-09-03 13:21:50,623 [6a8167cd-c22a-4fc4-a15e-fd6bf639f419:group-58C057831B68:LeaderElection22] INFO  server.RaftServerConfigKeys (ConfUtils.java:logGet(43)) - raft.server.write.element-limit = 4096 (default)
2019-09-03 13:21:50,623 [6a8167cd-c22a-4fc4-a15e-fd6bf639f419:group-58C057831B68:LeaderElection22] INFO  server.RaftServerConfigKeys (ConfUtils.java:logGet(43)) - raft.server.watch.timeout = 10s (default)
2019-09-03 13:21:50,624 [6a8167cd-c22a-4fc4-a15e-fd6bf639f419:group-58C057831B68:LeaderElection22] INFO  server.RaftServerConfigKeys (ConfUtils.java:logGet(43)) - raft.server.watch.timeout.denomination = 1s (default)
2019-09-03 13:21:50,624 [6a8167cd-c22a-4fc4-a15e-fd6bf639f419:group-58C057831B68:LeaderElection22] INFO  server.RaftServerConfigKeys (ConfUtils.java:logGet(43)) - raft.server.watch.element-limit = 65536 (default)
2019-09-03 13:21:50,624 [6a8167cd-c22a-4fc4-a15e-fd6bf639f419:group-58C057831B68:LeaderElection22] INFO  server.RaftServerConfigKeys (ConfUtils.java:logGet(43)) - raft.server.log.appender.snapshot.chunk.size.max = 16MB (=16777216) (default)
2019-09-03 13:21:50,624 [6a8167cd-c22a-4fc4-a15e-fd6bf639f419:group-58C057831B68:LeaderElection22] INFO  server.RaftServerConfigKeys (ConfUtils.java:logGet(43)) - raft.server.log.appender.buffer.byte-limit = 33554432 (custom)
2019-09-03 13:21:50,625 [6a8167cd-c22a-4fc4-a15e-fd6bf639f419:group-58C057831B68:LeaderElection22] INFO  server.RaftServerConfigKeys (ConfUtils.java:logGet(43)) - raft.server.log.appender.buffer.element-limit = 1 (custom)
2019-09-03 13:21:50,625 [6a8167cd-c22a-4fc4-a15e-fd6bf639f419:group-58C057831B68:LeaderElection22] INFO  grpc.GrpcConfigKeys$Server (ConfUtils.java:logGet(43)) - raft.grpc.server.leader.outstanding.appends.max = 128 (default)
2019-09-03 13:21:50,625 [6a8167cd-c22a-4fc4-a15e-fd6bf639f419:group-58C057831B68:LeaderElection22] INFO  server.RaftServerConfigKeys (ConfUtils.java:logGet(43)) - raft.server.rpc.request.timeout = 3000ms (default)
2019-09-03 13:21:50,625 [6a8167cd-c22a-4fc4-a15e-fd6bf639f419:group-58C057831B68:LeaderElection22] INFO  server.RaftServerConfigKeys (ConfUtils.java:logGet(43)) - raft.server.log.appender.install.snapshot.enabled = false (custom)
2019-09-03 13:21:50,626 [6a8167cd-c22a-4fc4-a15e-fd6bf639f419:group-58C057831B68:LeaderElection22] INFO  server.RaftServerConfigKeys (ConfUtils.java:logGet(43)) - raft.server.log.appender.snapshot.chunk.size.max = 16MB (=16777216) (default)
2019-09-03 13:21:50,626 [6a8167cd-c22a-4fc4-a15e-fd6bf639f419:group-58C057831B68:LeaderElection22] INFO  server.RaftServerConfigKeys (ConfUtils.java:logGet(43)) - raft.server.log.appender.buffer.byte-limit = 33554432 (custom)
2019-09-03 13:21:50,626 [6a8167cd-c22a-4fc4-a15e-fd6bf639f419:group-58C057831B68:LeaderElection22] INFO  server.RaftServerConfigKeys (ConfUtils.java:logGet(43)) - raft.server.log.appender.buffer.element-limit = 1 (custom)
2019-09-03 13:21:50,626 [6a8167cd-c22a-4fc4-a15e-fd6bf639f419:group-58C057831B68:LeaderElection22] INFO  grpc.GrpcConfigKeys$Server (ConfUtils.java:logGet(43)) - raft.grpc.server.leader.outstanding.appends.max = 128 (default)
2019-09-03 13:21:50,626 [6a8167cd-c22a-4fc4-a15e-fd6bf639f419:group-58C057831B68:LeaderElection22] INFO  server.RaftServerConfigKeys (ConfUtils.java:logGet(43)) - raft.server.rpc.request.timeout = 3000ms (default)
2019-09-03 13:21:50,627 [6a8167cd-c22a-4fc4-a15e-fd6bf639f419:group-58C057831B68:LeaderElection22] INFO  server.RaftServerConfigKeys (ConfUtils.java:logGet(43)) - raft.server.log.appender.install.snapshot.enabled = false (custom)
2019-09-03 13:21:50,627 [6a8167cd-c22a-4fc4-a15e-fd6bf639f419:group-58C057831B68:LeaderElection22] INFO  impl.RoleInfo (RoleInfo.java:updateAndGet(143)) - 6a8167cd-c22a-4fc4-a15e-fd6bf639f419: start LeaderState
2019-09-03 13:21:50,627 [6a8167cd-c22a-4fc4-a15e-fd6bf639f419:group-58C057831B68:LeaderElection22] INFO  segmented.SegmentedRaftLogWorker (SegmentedRaftLogWorker.java:startLogSegment(380)) - 6a8167cd-c22a-4fc4-a15e-fd6bf639f419-SegmentedRaftLogWorker:Storage Directory /workdir/hadoop-ozone/integration-test/target/test-dir/MiniOzoneClusterImpl-5ccca07a-eefb-4de6-a136-ad00c66ed42b/datanode-3/data/ratis/e19147a1-749b-483c-a298-58c057831b68: Starting segment from index:0
2019-09-03 13:21:50,628 [6a8167cd-c22a-4fc4-a15e-fd6bf639f419:group-58C057831B68:LeaderElection22] INFO  impl.RaftServerImpl (ServerState.java:setRaftConf(361)) - 6a8167cd-c22a-4fc4-a15e-fd6bf639f419:group-58C057831B68 set configuration 0: [9fd2e8bf-6fc9-4e37-b01d-233d0c9c394e:192.168.34.13:44076, c457019c-a5f1-4607-8867-a3c94525b4a3:192.168.34.13:45616, 6a8167cd-c22a-4fc4-a15e-fd6bf639f419:192.168.34.13:34640], old=null at 0
2019-09-03 13:21:50,664 [grpc-default-executor-4] INFO  impl.RaftServerImpl (ServerState.java:setLeader(263)) - 9fd2e8bf-6fc9-4e37-b01d-233d0c9c394e:group-58C057831B68 change Leader from null to 6a8167cd-c22a-4fc4-a15e-fd6bf639f419 at term 1 for appendEntries, leader elected after 5217ms
2019-09-03 13:21:50,666 [grpc-default-executor-3] INFO  impl.RaftServerImpl (ServerState.java:setLeader(263)) - c457019c-a5f1-4607-8867-a3c94525b4a3:group-58C057831B68 change Leader from null to 6a8167cd-c22a-4fc4-a15e-fd6bf639f419 at term 1 for appendEntries, leader elected after 5219ms
2019-09-03 13:21:50,670 [grpc-default-executor-3] INFO  impl.RaftServerImpl (ServerState.java:setRaftConf(361)) - 9fd2e8bf-6fc9-4e37-b01d-233d0c9c394e:group-58C057831B68 set configuration 0: [9fd2e8bf-6fc9-4e37-b01d-233d0c9c394e:192.168.34.13:44076, c457019c-a5f1-4607-8867-a3c94525b4a3:192.168.34.13:45616, 6a8167cd-c22a-4fc4-a15e-fd6bf639f419:192.168.34.13:34640], old=null at 0
2019-09-03 13:21:50,670 [grpc-default-executor-4] INFO  impl.RaftServerImpl (ServerState.java:setRaftConf(361)) - c457019c-a5f1-4607-8867-a3c94525b4a3:group-58C057831B68 set configuration 0: [9fd2e8bf-6fc9-4e37-b01d-233d0c9c394e:192.168.34.13:44076, c457019c-a5f1-4607-8867-a3c94525b4a3:192.168.34.13:45616, 6a8167cd-c22a-4fc4-a15e-fd6bf639f419:192.168.34.13:34640], old=null at 0
2019-09-03 13:21:50,670 [grpc-default-executor-3] INFO  segmented.SegmentedRaftLogWorker (SegmentedRaftLogWorker.java:startLogSegment(380)) - 9fd2e8bf-6fc9-4e37-b01d-233d0c9c394e-SegmentedRaftLogWorker:Storage Directory /workdir/hadoop-ozone/integration-test/target/test-dir/MiniOzoneClusterImpl-5ccca07a-eefb-4de6-a136-ad00c66ed42b/datanode-5/data/ratis/e19147a1-749b-483c-a298-58c057831b68: Starting segment from index:0
2019-09-03 13:21:50,671 [grpc-default-executor-4] INFO  segmented.SegmentedRaftLogWorker (SegmentedRaftLogWorker.java:startLogSegment(380)) - c457019c-a5f1-4607-8867-a3c94525b4a3-SegmentedRaftLogWorker:Storage Directory /workdir/hadoop-ozone/integration-test/target/test-dir/MiniOzoneClusterImpl-5ccca07a-eefb-4de6-a136-ad00c66ed42b/datanode-6/data/ratis/e19147a1-749b-483c-a298-58c057831b68: Starting segment from index:0
2019-09-03 13:21:50,674 [6a8167cd-c22a-4fc4-a15e-fd6bf639f419-SegmentedRaftLogWorker:Storage Directory /workdir/hadoop-ozone/integration-test/target/test-dir/MiniOzoneClusterImpl-5ccca07a-eefb-4de6-a136-ad00c66ed42b/datanode-3/data/ratis/e19147a1-749b-483c-a298-58c057831b68] INFO  segmented.SegmentedRaftLogWorker (SegmentedRaftLogWorker.java:execute(569)) - 6a8167cd-c22a-4fc4-a15e-fd6bf639f419-SegmentedRaftLogWorker:Storage Directory /workdir/hadoop-ozone/integration-test/target/test-dir/MiniOzoneClusterImpl-5ccca07a-eefb-4de6-a136-ad00c66ed42b/datanode-3/data/ratis/e19147a1-749b-483c-a298-58c057831b68: created new log segment /workdir/hadoop-ozone/integration-test/target/test-dir/MiniOzoneClusterImpl-5ccca07a-eefb-4de6-a136-ad00c66ed42b/datanode-3/data/ratis/e19147a1-749b-483c-a298-58c057831b68/current/log_inprogress_0
2019-09-03 13:21:50,702 [9fd2e8bf-6fc9-4e37-b01d-233d0c9c394e-SegmentedRaftLogWorker:Storage Directory /workdir/hadoop-ozone/integration-test/target/test-dir/MiniOzoneClusterImpl-5ccca07a-eefb-4de6-a136-ad00c66ed42b/datanode-5/data/ratis/e19147a1-749b-483c-a298-58c057831b68] INFO  segmented.SegmentedRaftLogWorker (SegmentedRaftLogWorker.java:execute(569)) - 9fd2e8bf-6fc9-4e37-b01d-233d0c9c394e-SegmentedRaftLogWorker:Storage Directory /workdir/hadoop-ozone/integration-test/target/test-dir/MiniOzoneClusterImpl-5ccca07a-eefb-4de6-a136-ad00c66ed42b/datanode-5/data/ratis/e19147a1-749b-483c-a298-58c057831b68: created new log segment /workdir/hadoop-ozone/integration-test/target/test-dir/MiniOzoneClusterImpl-5ccca07a-eefb-4de6-a136-ad00c66ed42b/datanode-5/data/ratis/e19147a1-749b-483c-a298-58c057831b68/current/log_inprogress_0
2019-09-03 13:21:50,702 [c457019c-a5f1-4607-8867-a3c94525b4a3-SegmentedRaftLogWorker:Storage Directory /workdir/hadoop-ozone/integration-test/target/test-dir/MiniOzoneClusterImpl-5ccca07a-eefb-4de6-a136-ad00c66ed42b/datanode-6/data/ratis/e19147a1-749b-483c-a298-58c057831b68] INFO  segmented.SegmentedRaftLogWorker (SegmentedRaftLogWorker.java:execute(569)) - c457019c-a5f1-4607-8867-a3c94525b4a3-SegmentedRaftLogWorker:Storage Directory /workdir/hadoop-ozone/integration-test/target/test-dir/MiniOzoneClusterImpl-5ccca07a-eefb-4de6-a136-ad00c66ed42b/datanode-6/data/ratis/e19147a1-749b-483c-a298-58c057831b68: created new log segment /workdir/hadoop-ozone/integration-test/target/test-dir/MiniOzoneClusterImpl-5ccca07a-eefb-4de6-a136-ad00c66ed42b/datanode-6/data/ratis/e19147a1-749b-483c-a298-58c057831b68/current/log_inprogress_0
2019-09-03 13:21:51,555 [grpc-default-executor-4] INFO  client.GrpcClientProtocolClient (GrpcClientProtocolClient.java:onNext(255)) - client-40679B204B1E->93b11029-f257-4e92-bdcf-d2536ff5e681: receive RaftClientReply:client-40679B204B1E->93b11029-f257-4e92-bdcf-d2536ff5e681@group-6A547D266DB7, cid=42, FAILED org.apache.ratis.protocol.NotLeaderException: Server 93b11029-f257-4e92-bdcf-d2536ff5e681 is not the leader (null). Request must be sent to leader., logIndex=0, commits[93b11029-f257-4e92-bdcf-d2536ff5e681:c-1]
2019-09-03 13:21:52,577 [grpc-default-executor-3] INFO  client.GrpcClientProtocolClient (GrpcClientProtocolClient.java:onNext(255)) - client-40679B204B1E->64eb636b-e622-44a3-83bf-2cb002fcd160: receive RaftClientReply:client-40679B204B1E->64eb636b-e622-44a3-83bf-2cb002fcd160@group-6A547D266DB7, cid=42, FAILED org.apache.ratis.protocol.NotLeaderException: Server 64eb636b-e622-44a3-83bf-2cb002fcd160 is not the leader (null). Request must be sent to leader., logIndex=0, commits[64eb636b-e622-44a3-83bf-2cb002fcd160:c-1]
2019-09-03 13:21:53,621 [grpc-default-executor-4] INFO  client.GrpcClientProtocolClient (GrpcClientProtocolClient.java:onNext(255)) - client-40679B204B1E->93b11029-f257-4e92-bdcf-d2536ff5e681: receive RaftClientReply:client-40679B204B1E->93b11029-f257-4e92-bdcf-d2536ff5e681@group-6A547D266DB7, cid=42, FAILED org.apache.ratis.protocol.NotLeaderException: Server 93b11029-f257-4e92-bdcf-d2536ff5e681 is not the leader (null). Request must be sent to leader., logIndex=0, commits[93b11029-f257-4e92-bdcf-d2536ff5e681:c-1]
2019-09-03 13:21:54,649 [grpc-default-executor-3] INFO  client.GrpcClientProtocolClient (GrpcClientProtocolClient.java:onNext(255)) - client-40679B204B1E->97533b1c-7c0e-4acf-a6c1-8f7ac298e9a8: receive RaftClientReply:client-40679B204B1E->97533b1c-7c0e-4acf-a6c1-8f7ac298e9a8@group-6A547D266DB7, cid=42, FAILED org.apache.ratis.protocol.NotLeaderException: Server 97533b1c-7c0e-4acf-a6c1-8f7ac298e9a8 is not the leader (null). Request must be sent to leader., logIndex=0, commits[97533b1c-7c0e-4acf-a6c1-8f7ac298e9a8:c-1]
2019-09-03 13:21:55,410 [Thread-770] INFO  impl.FollowerState (FollowerState.java:run(106)) - 64eb636b-e622-44a3-83bf-2cb002fcd160:group-6A547D266DB7 changes to CANDIDATE, lastRpcTime:5033, electionTimeout:5031ms
2019-09-03 13:21:55,410 [Thread-770] INFO  impl.RoleInfo (RoleInfo.java:shutdownFollowerState(121)) - 64eb636b-e622-44a3-83bf-2cb002fcd160: shutdown FollowerState
2019-09-03 13:21:55,410 [Thread-770] INFO  impl.RaftServerImpl (RaftServerImpl.java:setRole(171)) - 64eb636b-e622-44a3-83bf-2cb002fcd160:group-6A547D266DB7 changes role from FOLLOWER to CANDIDATE at term 1 for changeToCandidate
2019-09-03 13:21:55,411 [Thread-770] INFO  impl.RoleInfo (RoleInfo.java:updateAndGet(143)) - 64eb636b-e622-44a3-83bf-2cb002fcd160: start LeaderElection
2019-09-03 13:21:55,427 [64eb636b-e622-44a3-83bf-2cb002fcd160:group-6A547D266DB7:LeaderElection23] INFO  impl.LeaderElection (LeaderElection.java:askForVotes(181)) - 64eb636b-e622-44a3-83bf-2cb002fcd160:group-6A547D266DB7:LeaderElection23: begin an election at term 2 for -1: [93b11029-f257-4e92-bdcf-d2536ff5e681:192.168.34.13:44576, 97533b1c-7c0e-4acf-a6c1-8f7ac298e9a8:192.168.34.13:40465, 64eb636b-e622-44a3-83bf-2cb002fcd160:192.168.34.13:41623], old=null
2019-09-03 13:21:55,431 [grpc-default-executor-4] INFO  impl.RaftServerImpl (RaftServerImpl.java:setRole(171)) - 97533b1c-7c0e-4acf-a6c1-8f7ac298e9a8:group-6A547D266DB7 changes role from FOLLOWER to FOLLOWER at term 2 for recognizeCandidate:64eb636b-e622-44a3-83bf-2cb002fcd160
2019-09-03 13:21:55,431 [grpc-default-executor-3] INFO  impl.RaftServerImpl (RaftServerImpl.java:setRole(171)) - 93b11029-f257-4e92-bdcf-d2536ff5e681:group-6A547D266DB7 changes role from FOLLOWER to FOLLOWER at term 2 for recognizeCandidate:64eb636b-e622-44a3-83bf-2cb002fcd160
2019-09-03 13:21:55,431 [grpc-default-executor-4] INFO  impl.RoleInfo (RoleInfo.java:shutdownFollowerState(121)) - 97533b1c-7c0e-4acf-a6c1-8f7ac298e9a8: shutdown FollowerState
2019-09-03 13:21:55,431 [grpc-default-executor-3] INFO  impl.RoleInfo (RoleInfo.java:shutdownFollowerState(121)) - 93b11029-f257-4e92-bdcf-d2536ff5e681: shutdown FollowerState
2019-09-03 13:21:55,432 [grpc-default-executor-4] INFO  impl.RoleInfo (RoleInfo.java:updateAndGet(143)) - 97533b1c-7c0e-4acf-a6c1-8f7ac298e9a8: start FollowerState
2019-09-03 13:21:55,432 [Thread-769] INFO  impl.FollowerState (FollowerState.java:run(114)) - 93b11029-f257-4e92-bdcf-d2536ff5e681: FollowerState was interrupted: java.lang.InterruptedException: sleep interrupted
2019-09-03 13:21:55,432 [grpc-default-executor-3] INFO  impl.RoleInfo (RoleInfo.java:updateAndGet(143)) - 93b11029-f257-4e92-bdcf-d2536ff5e681: start FollowerState
2019-09-03 13:21:55,432 [Thread-768] INFO  impl.FollowerState (FollowerState.java:run(114)) - 97533b1c-7c0e-4acf-a6c1-8f7ac298e9a8: FollowerState was interrupted: java.lang.InterruptedException: sleep interrupted
2019-09-03 13:21:55,443 [64eb636b-e622-44a3-83bf-2cb002fcd160:group-6A547D266DB7:LeaderElection23] INFO  impl.LeaderElection (LeaderElection.java:logAndReturn(56)) - 64eb636b-e622-44a3-83bf-2cb002fcd160:group-6A547D266DB7:LeaderElection23: Election PASSED; received 1 response(s) [64eb636b-e622-44a3-83bf-2cb002fcd160<-93b11029-f257-4e92-bdcf-d2536ff5e681#0:OK-t2] and 0 exception(s); 64eb636b-e622-44a3-83bf-2cb002fcd160:t2, leader=null, voted=64eb636b-e622-44a3-83bf-2cb002fcd160, raftlog=64eb636b-e622-44a3-83bf-2cb002fcd160-SegmentedRaftLog:OPENED:c-1,f-1,i0, conf=-1: [93b11029-f257-4e92-bdcf-d2536ff5e681:192.168.34.13:44576, 97533b1c-7c0e-4acf-a6c1-8f7ac298e9a8:192.168.34.13:40465, 64eb636b-e622-44a3-83bf-2cb002fcd160:192.168.34.13:41623], old=null
2019-09-03 13:21:55,444 [64eb636b-e622-44a3-83bf-2cb002fcd160:group-6A547D266DB7:LeaderElection23] INFO  impl.RoleInfo (RoleInfo.java:shutdownLeaderElection(134)) - 64eb636b-e622-44a3-83bf-2cb002fcd160: shutdown LeaderElection
2019-09-03 13:21:55,450 [64eb636b-e622-44a3-83bf-2cb002fcd160:group-6A547D266DB7:LeaderElection23] INFO  impl.RaftServerImpl (RaftServerImpl.java:setRole(171)) - 64eb636b-e622-44a3-83bf-2cb002fcd160:group-6A547D266DB7 changes role from CANDIDATE to LEADER at term 2 for changeToLeader
2019-09-03 13:21:55,451 [64eb636b-e622-44a3-83bf-2cb002fcd160:group-6A547D266DB7:LeaderElection23] INFO  impl.RaftServerImpl (ServerState.java:setLeader(263)) - 64eb636b-e622-44a3-83bf-2cb002fcd160:group-6A547D266DB7 change Leader from null to 64eb636b-e622-44a3-83bf-2cb002fcd160 at term 2 for becomeLeader, leader elected after 10277ms
2019-09-03 13:21:55,451 [64eb636b-e622-44a3-83bf-2cb002fcd160:group-6A547D266DB7:LeaderElection23] INFO  server.RaftServerConfigKeys (ConfUtils.java:logGet(43)) - raft.server.staging.catchup.gap = 1000 (default)
2019-09-03 13:21:55,451 [64eb636b-e622-44a3-83bf-2cb002fcd160:group-6A547D266DB7:LeaderElection23] INFO  server.RaftServerConfigKeys (ConfUtils.java:logGet(43)) - raft.server.rpc.sleep.time = 25ms (default)
2019-09-03 13:21:55,451 [64eb636b-e622-44a3-83bf-2cb002fcd160:group-6A547D266DB7:LeaderElection23] INFO  server.RaftServerConfigKeys (ConfUtils.java:logGet(43)) - raft.server.write.element-limit = 4096 (default)
2019-09-03 13:21:55,451 [64eb636b-e622-44a3-83bf-2cb002fcd160:group-6A547D266DB7:LeaderElection23] INFO  server.RaftServerConfigKeys (ConfUtils.java:logGet(43)) - raft.server.watch.timeout = 10s (default)
2019-09-03 13:21:55,451 [64eb636b-e622-44a3-83bf-2cb002fcd160:group-6A547D266DB7:LeaderElection23] INFO  server.RaftServerConfigKeys (ConfUtils.java:logGet(43)) - raft.server.watch.timeout.denomination = 1s (default)
2019-09-03 13:21:55,452 [64eb636b-e622-44a3-83bf-2cb002fcd160:group-6A547D266DB7:LeaderElection23] INFO  server.RaftServerConfigKeys (ConfUtils.java:logGet(43)) - raft.server.watch.element-limit = 65536 (default)
2019-09-03 13:21:55,452 [64eb636b-e622-44a3-83bf-2cb002fcd160:group-6A547D266DB7:LeaderElection23] INFO  server.RaftServerConfigKeys (ConfUtils.java:logGet(43)) - raft.server.log.appender.snapshot.chunk.size.max = 16MB (=16777216) (default)
2019-09-03 13:21:55,452 [64eb636b-e622-44a3-83bf-2cb002fcd160:group-6A547D266DB7:LeaderElection23] INFO  server.RaftServerConfigKeys (ConfUtils.java:logGet(43)) - raft.server.log.appender.buffer.byte-limit = 33554432 (custom)
2019-09-03 13:21:55,452 [64eb636b-e622-44a3-83bf-2cb002fcd160:group-6A547D266DB7:LeaderElection23] INFO  server.RaftServerConfigKeys (ConfUtils.java:logGet(43)) - raft.server.log.appender.buffer.element-limit = 1 (custom)
2019-09-03 13:21:55,453 [64eb636b-e622-44a3-83bf-2cb002fcd160:group-6A547D266DB7:LeaderElection23] INFO  grpc.GrpcConfigKeys$Server (ConfUtils.java:logGet(43)) - raft.grpc.server.leader.outstanding.appends.max = 128 (default)
2019-09-03 13:21:55,453 [64eb636b-e622-44a3-83bf-2cb002fcd160:group-6A547D266DB7:LeaderElection23] INFO  server.RaftServerConfigKeys (ConfUtils.java:logGet(43)) - raft.server.rpc.request.timeout = 3000ms (default)
2019-09-03 13:21:55,453 [64eb636b-e622-44a3-83bf-2cb002fcd160:group-6A547D266DB7:LeaderElection23] INFO  server.RaftServerConfigKeys (ConfUtils.java:logGet(43)) - raft.server.log.appender.install.snapshot.enabled = false (custom)
2019-09-03 13:21:55,453 [64eb636b-e622-44a3-83bf-2cb002fcd160:group-6A547D266DB7:LeaderElection23] INFO  server.RaftServerConfigKeys (ConfUtils.java:logGet(43)) - raft.server.log.appender.snapshot.chunk.size.max = 16MB (=16777216) (default)
2019-09-03 13:21:55,453 [64eb636b-e622-44a3-83bf-2cb002fcd160:group-6A547D266DB7:LeaderElection23] INFO  server.RaftServerConfigKeys (ConfUtils.java:logGet(43)) - raft.server.log.appender.buffer.byte-limit = 33554432 (custom)
2019-09-03 13:21:55,453 [64eb636b-e622-44a3-83bf-2cb002fcd160:group-6A547D266DB7:LeaderElection23] INFO  server.RaftServerConfigKeys (ConfUtils.java:logGet(43)) - raft.server.log.appender.buffer.element-limit = 1 (custom)
2019-09-03 13:21:55,454 [64eb636b-e622-44a3-83bf-2cb002fcd160:group-6A547D266DB7:LeaderElection23] INFO  grpc.GrpcConfigKeys$Server (ConfUtils.java:logGet(43)) - raft.grpc.server.leader.outstanding.appends.max = 128 (default)
2019-09-03 13:21:55,454 [64eb636b-e622-44a3-83bf-2cb002fcd160:group-6A547D266DB7:LeaderElection23] INFO  server.RaftServerConfigKeys (ConfUtils.java:logGet(43)) - raft.server.rpc.request.timeout = 3000ms (default)
2019-09-03 13:21:55,454 [64eb636b-e622-44a3-83bf-2cb002fcd160:group-6A547D266DB7:LeaderElection23] INFO  server.RaftServerConfigKeys (ConfUtils.java:logGet(43)) - raft.server.log.appender.install.snapshot.enabled = false (custom)
2019-09-03 13:21:55,454 [64eb636b-e622-44a3-83bf-2cb002fcd160:group-6A547D266DB7:LeaderElection23] INFO  impl.RoleInfo (RoleInfo.java:updateAndGet(143)) - 64eb636b-e622-44a3-83bf-2cb002fcd160: start LeaderState
2019-09-03 13:21:55,454 [64eb636b-e622-44a3-83bf-2cb002fcd160:group-6A547D266DB7:LeaderElection23] INFO  segmented.SegmentedRaftLogWorker (SegmentedRaftLogWorker.java:startLogSegment(380)) - 64eb636b-e622-44a3-83bf-2cb002fcd160-SegmentedRaftLogWorker:Storage Directory /workdir/hadoop-ozone/integration-test/target/test-dir/MiniOzoneClusterImpl-5ccca07a-eefb-4de6-a136-ad00c66ed42b/datanode-0/data/ratis/492c6e13-f2d0-4acd-b16f-6a547d266db7: Starting segment from index:0
2019-09-03 13:21:55,455 [64eb636b-e622-44a3-83bf-2cb002fcd160:group-6A547D266DB7:LeaderElection23] INFO  impl.RaftServerImpl (ServerState.java:setRaftConf(361)) - 64eb636b-e622-44a3-83bf-2cb002fcd160:group-6A547D266DB7 set configuration 0: [93b11029-f257-4e92-bdcf-d2536ff5e681:192.168.34.13:44576, 97533b1c-7c0e-4acf-a6c1-8f7ac298e9a8:192.168.34.13:40465, 64eb636b-e622-44a3-83bf-2cb002fcd160:192.168.34.13:41623], old=null at 0
2019-09-03 13:21:55,458 [grpc-default-executor-3] INFO  impl.RaftServerImpl (ServerState.java:setLeader(263)) - 93b11029-f257-4e92-bdcf-d2536ff5e681:group-6A547D266DB7 change Leader from null to 64eb636b-e622-44a3-83bf-2cb002fcd160 at term 2 for appendEntries, leader elected after 10285ms
2019-09-03 13:21:55,459 [grpc-default-executor-3] INFO  impl.RaftServerImpl (ServerState.java:setLeader(263)) - 97533b1c-7c0e-4acf-a6c1-8f7ac298e9a8:group-6A547D266DB7 change Leader from null to 64eb636b-e622-44a3-83bf-2cb002fcd160 at term 2 for appendEntries, leader elected after 10285ms
2019-09-03 13:21:55,461 [grpc-default-executor-3] INFO  impl.RaftServerImpl (ServerState.java:setRaftConf(361)) - 93b11029-f257-4e92-bdcf-d2536ff5e681:group-6A547D266DB7 set configuration 0: [93b11029-f257-4e92-bdcf-d2536ff5e681:192.168.34.13:44576, 97533b1c-7c0e-4acf-a6c1-8f7ac298e9a8:192.168.34.13:40465, 64eb636b-e622-44a3-83bf-2cb002fcd160:192.168.34.13:41623], old=null at 0
2019-09-03 13:21:55,461 [grpc-default-executor-3] INFO  segmented.SegmentedRaftLogWorker (SegmentedRaftLogWorker.java:startLogSegment(380)) - 93b11029-f257-4e92-bdcf-d2536ff5e681-SegmentedRaftLogWorker:Storage Directory /workdir/hadoop-ozone/integration-test/target/test-dir/MiniOzoneClusterImpl-5ccca07a-eefb-4de6-a136-ad00c66ed42b/datanode-2/data/ratis/492c6e13-f2d0-4acd-b16f-6a547d266db7: Starting segment from index:0
2019-09-03 13:21:55,463 [grpc-default-executor-3] INFO  impl.RaftServerImpl (ServerState.java:setRaftConf(361)) - 97533b1c-7c0e-4acf-a6c1-8f7ac298e9a8:group-6A547D266DB7 set configuration 0: [93b11029-f257-4e92-bdcf-d2536ff5e681:192.168.34.13:44576, 97533b1c-7c0e-4acf-a6c1-8f7ac298e9a8:192.168.34.13:40465, 64eb636b-e622-44a3-83bf-2cb002fcd160:192.168.34.13:41623], old=null at 0
2019-09-03 13:21:55,463 [grpc-default-executor-3] INFO  segmented.SegmentedRaftLogWorker (SegmentedRaftLogWorker.java:startLogSegment(380)) - 97533b1c-7c0e-4acf-a6c1-8f7ac298e9a8-SegmentedRaftLogWorker:Storage Directory /workdir/hadoop-ozone/integration-test/target/test-dir/MiniOzoneClusterImpl-5ccca07a-eefb-4de6-a136-ad00c66ed42b/datanode-1/data/ratis/492c6e13-f2d0-4acd-b16f-6a547d266db7: Starting segment from index:0
2019-09-03 13:21:55,507 [97533b1c-7c0e-4acf-a6c1-8f7ac298e9a8-SegmentedRaftLogWorker:Storage Directory /workdir/hadoop-ozone/integration-test/target/test-dir/MiniOzoneClusterImpl-5ccca07a-eefb-4de6-a136-ad00c66ed42b/datanode-1/data/ratis/492c6e13-f2d0-4acd-b16f-6a547d266db7] INFO  segmented.SegmentedRaftLogWorker (SegmentedRaftLogWorker.java:execute(569)) - 97533b1c-7c0e-4acf-a6c1-8f7ac298e9a8-SegmentedRaftLogWorker:Storage Directory /workdir/hadoop-ozone/integration-test/target/test-dir/MiniOzoneClusterImpl-5ccca07a-eefb-4de6-a136-ad00c66ed42b/datanode-1/data/ratis/492c6e13-f2d0-4acd-b16f-6a547d266db7: created new log segment /workdir/hadoop-ozone/integration-test/target/test-dir/MiniOzoneClusterImpl-5ccca07a-eefb-4de6-a136-ad00c66ed42b/datanode-1/data/ratis/492c6e13-f2d0-4acd-b16f-6a547d266db7/current/log_inprogress_0
2019-09-03 13:21:55,507 [93b11029-f257-4e92-bdcf-d2536ff5e681-SegmentedRaftLogWorker:Storage Directory /workdir/hadoop-ozone/integration-test/target/test-dir/MiniOzoneClusterImpl-5ccca07a-eefb-4de6-a136-ad00c66ed42b/datanode-2/data/ratis/492c6e13-f2d0-4acd-b16f-6a547d266db7] INFO  segmented.SegmentedRaftLogWorker (SegmentedRaftLogWorker.java:execute(569)) - 93b11029-f257-4e92-bdcf-d2536ff5e681-SegmentedRaftLogWorker:Storage Directory /workdir/hadoop-ozone/integration-test/target/test-dir/MiniOzoneClusterImpl-5ccca07a-eefb-4de6-a136-ad00c66ed42b/datanode-2/data/ratis/492c6e13-f2d0-4acd-b16f-6a547d266db7: created new log segment /workdir/hadoop-ozone/integration-test/target/test-dir/MiniOzoneClusterImpl-5ccca07a-eefb-4de6-a136-ad00c66ed42b/datanode-2/data/ratis/492c6e13-f2d0-4acd-b16f-6a547d266db7/current/log_inprogress_0
2019-09-03 13:21:55,507 [64eb636b-e622-44a3-83bf-2cb002fcd160-SegmentedRaftLogWorker:Storage Directory /workdir/hadoop-ozone/integration-test/target/test-dir/MiniOzoneClusterImpl-5ccca07a-eefb-4de6-a136-ad00c66ed42b/datanode-0/data/ratis/492c6e13-f2d0-4acd-b16f-6a547d266db7] INFO  segmented.SegmentedRaftLogWorker (SegmentedRaftLogWorker.java:execute(569)) - 64eb636b-e622-44a3-83bf-2cb002fcd160-SegmentedRaftLogWorker:Storage Directory /workdir/hadoop-ozone/integration-test/target/test-dir/MiniOzoneClusterImpl-5ccca07a-eefb-4de6-a136-ad00c66ed42b/datanode-0/data/ratis/492c6e13-f2d0-4acd-b16f-6a547d266db7: created new log segment /workdir/hadoop-ozone/integration-test/target/test-dir/MiniOzoneClusterImpl-5ccca07a-eefb-4de6-a136-ad00c66ed42b/datanode-0/data/ratis/492c6e13-f2d0-4acd-b16f-6a547d266db7/current/log_inprogress_0
2019-09-03 13:21:55,667 [grpc-default-executor-3] INFO  client.GrpcClientProtocolClient (GrpcClientProtocolClient.java:onNext(255)) - client-40679B204B1E->93b11029-f257-4e92-bdcf-d2536ff5e681: receive RaftClientReply:client-40679B204B1E->93b11029-f257-4e92-bdcf-d2536ff5e681@group-6A547D266DB7, cid=42, FAILED org.apache.ratis.protocol.NotLeaderException: Server 93b11029-f257-4e92-bdcf-d2536ff5e681 is not the leader (64eb636b-e622-44a3-83bf-2cb002fcd160:192.168.34.13:41623). Request must be sent to leader., logIndex=0, commits[93b11029-f257-4e92-bdcf-d2536ff5e681:c-1, 97533b1c-7c0e-4acf-a6c1-8f7ac298e9a8:c-1, 64eb636b-e622-44a3-83bf-2cb002fcd160:c-1]
2019-09-03 13:21:55,781 [grpc-default-executor-3] INFO  client.GrpcClientProtocolClient (GrpcClientProtocolClient.java:onNext(255)) - client-40679B204B1E->64eb636b-e622-44a3-83bf-2cb002fcd160: receive RaftClientReply:client-40679B204B1E->64eb636b-e622-44a3-83bf-2cb002fcd160@group-6A547D266DB7, cid=42, SUCCESS, logIndex=1, commits[64eb636b-e622-44a3-83bf-2cb002fcd160:c2, 93b11029-f257-4e92-bdcf-d2536ff5e681:c1, 97533b1c-7c0e-4acf-a6c1-8f7ac298e9a8:c1]
2019-09-03 13:21:55,913 [grpc-default-executor-4] INFO  client.GrpcClientProtocolClient (GrpcClientProtocolClient.java:onNext(255)) - client-40679B204B1E->64eb636b-e622-44a3-83bf-2cb002fcd160: receive RaftClientReply:client-40679B204B1E->64eb636b-e622-44a3-83bf-2cb002fcd160@group-6A547D266DB7, cid=43, SUCCESS, logIndex=3, commits[64eb636b-e622-44a3-83bf-2cb002fcd160:c4, 93b11029-f257-4e92-bdcf-d2536ff5e681:c3, 97533b1c-7c0e-4acf-a6c1-8f7ac298e9a8:c3]
2019-09-03 13:21:56,009 [grpc-default-executor-3] INFO  client.GrpcClientProtocolClient (GrpcClientProtocolClient.java:onNext(255)) - client-40679B204B1E->64eb636b-e622-44a3-83bf-2cb002fcd160: receive RaftClientReply:client-40679B204B1E->64eb636b-e622-44a3-83bf-2cb002fcd160@group-6A547D266DB7, cid=44, SUCCESS, logIndex=5, commits[64eb636b-e622-44a3-83bf-2cb002fcd160:c6, 93b11029-f257-4e92-bdcf-d2536ff5e681:c5, 97533b1c-7c0e-4acf-a6c1-8f7ac298e9a8:c5]
2019-09-03 13:22:01,053 [grpc-default-executor-0] INFO  client.GrpcClientProtocolClient (GrpcClientProtocolClient.java:onNext(255)) - client-40679B204B1E->93b11029-f257-4e92-bdcf-d2536ff5e681: receive RaftClientReply:client-40679B204B1E->93b11029-f257-4e92-bdcf-d2536ff5e681@group-6A547D266DB7, cid=45, FAILED org.apache.ratis.protocol.NotLeaderException: Server 93b11029-f257-4e92-bdcf-d2536ff5e681 is not the leader (64eb636b-e622-44a3-83bf-2cb002fcd160:192.168.34.13:41623). Request must be sent to leader., logIndex=0, commits[93b11029-f257-4e92-bdcf-d2536ff5e681:c8, 97533b1c-7c0e-4acf-a6c1-8f7ac298e9a8:c8, 64eb636b-e622-44a3-83bf-2cb002fcd160:c8]
2019-09-03 13:22:06,088 [grpc-default-executor-3] INFO  client.GrpcClientProtocolClient (GrpcClientProtocolClient.java:onNext(255)) - client-40679B204B1E->93b11029-f257-4e92-bdcf-d2536ff5e681: receive RaftClientReply:client-40679B204B1E->93b11029-f257-4e92-bdcf-d2536ff5e681@group-6A547D266DB7, cid=45, FAILED org.apache.ratis.protocol.NotLeaderException: Server 93b11029-f257-4e92-bdcf-d2536ff5e681 is not the leader (64eb636b-e622-44a3-83bf-2cb002fcd160:192.168.34.13:41623). Request must be sent to leader., logIndex=0, commits[93b11029-f257-4e92-bdcf-d2536ff5e681:c8, 97533b1c-7c0e-4acf-a6c1-8f7ac298e9a8:c8, 64eb636b-e622-44a3-83bf-2cb002fcd160:c8]
2019-09-03 13:22:11,138 [grpc-default-executor-0] INFO  client.GrpcClientProtocolClient (GrpcClientProtocolClient.java:onNext(255)) - client-40679B204B1E->97533b1c-7c0e-4acf-a6c1-8f7ac298e9a8: receive RaftClientReply:client-40679B204B1E->97533b1c-7c0e-4acf-a6c1-8f7ac298e9a8@group-6A547D266DB7, cid=45, FAILED org.apache.ratis.protocol.NotLeaderException: Server 97533b1c-7c0e-4acf-a6c1-8f7ac298e9a8 is not the leader (64eb636b-e622-44a3-83bf-2cb002fcd160:192.168.34.13:41623). Request must be sent to leader., logIndex=0, commits[97533b1c-7c0e-4acf-a6c1-8f7ac298e9a8:c8, 93b11029-f257-4e92-bdcf-d2536ff5e681:c8, 64eb636b-e622-44a3-83bf-2cb002fcd160:c8]
2019-09-03 13:22:16,178 [grpc-default-executor-0] INFO  client.GrpcClientProtocolClient (GrpcClientProtocolClient.java:onNext(255)) - client-40679B204B1E->97533b1c-7c0e-4acf-a6c1-8f7ac298e9a8: receive RaftClientReply:client-40679B204B1E->97533b1c-7c0e-4acf-a6c1-8f7ac298e9a8@group-6A547D266DB7, cid=45, FAILED org.apache.ratis.protocol.NotLeaderException: Server 97533b1c-7c0e-4acf-a6c1-8f7ac298e9a8 is not the leader (64eb636b-e622-44a3-83bf-2cb002fcd160:192.168.34.13:41623). Request must be sent to leader., logIndex=0, commits[97533b1c-7c0e-4acf-a6c1-8f7ac298e9a8:c8, 93b11029-f257-4e92-bdcf-d2536ff5e681:c8, 64eb636b-e622-44a3-83bf-2cb002fcd160:c8]
2019-09-03 13:22:21,222 [grpc-default-executor-0] INFO  client.GrpcClientProtocolClient (GrpcClientProtocolClient.java:onNext(255)) - client-40679B204B1E->93b11029-f257-4e92-bdcf-d2536ff5e681: receive RaftClientReply:client-40679B204B1E->93b11029-f257-4e92-bdcf-d2536ff5e681@group-6A547D266DB7, cid=45, FAILED org.apache.ratis.protocol.NotLeaderException: Server 93b11029-f257-4e92-bdcf-d2536ff5e681 is not the leader (64eb636b-e622-44a3-83bf-2cb002fcd160:192.168.34.13:41623). Request must be sent to leader., logIndex=0, commits[93b11029-f257-4e92-bdcf-d2536ff5e681:c8, 97533b1c-7c0e-4acf-a6c1-8f7ac298e9a8:c8, 64eb636b-e622-44a3-83bf-2cb002fcd160:c8]
2019-09-03 13:22:26,267 [grpc-default-executor-3] INFO  client.GrpcClientProtocolClient (GrpcClientProtocolClient.java:onNext(255)) - client-40679B204B1E->93b11029-f257-4e92-bdcf-d2536ff5e681: receive RaftClientReply:client-40679B204B1E->93b11029-f257-4e92-bdcf-d2536ff5e681@group-6A547D266DB7, cid=45, FAILED org.apache.ratis.protocol.NotLeaderException: Server 93b11029-f257-4e92-bdcf-d2536ff5e681 is not the leader (64eb636b-e622-44a3-83bf-2cb002fcd160:192.168.34.13:41623). Request must be sent to leader., logIndex=0, commits[93b11029-f257-4e92-bdcf-d2536ff5e681:c8, 97533b1c-7c0e-4acf-a6c1-8f7ac298e9a8:c8, 64eb636b-e622-44a3-83bf-2cb002fcd160:c8]
2019-09-03 13:22:31,311 [grpc-default-executor-0] INFO  client.GrpcClientProtocolClient (GrpcClientProtocolClient.java:onNext(255)) - client-40679B204B1E->97533b1c-7c0e-4acf-a6c1-8f7ac298e9a8: receive RaftClientReply:client-40679B204B1E->97533b1c-7c0e-4acf-a6c1-8f7ac298e9a8@group-6A547D266DB7, cid=45, FAILED org.apache.ratis.protocol.NotLeaderException: Server 97533b1c-7c0e-4acf-a6c1-8f7ac298e9a8 is not the leader (64eb636b-e622-44a3-83bf-2cb002fcd160:192.168.34.13:41623). Request must be sent to leader., logIndex=0, commits[97533b1c-7c0e-4acf-a6c1-8f7ac298e9a8:c8, 93b11029-f257-4e92-bdcf-d2536ff5e681:c8, 64eb636b-e622-44a3-83bf-2cb002fcd160:c8]
2019-09-03 13:22:36,347 [grpc-default-executor-0] INFO  client.GrpcClientProtocolClient (GrpcClientProtocolClient.java:onNext(255)) - client-40679B204B1E->97533b1c-7c0e-4acf-a6c1-8f7ac298e9a8: receive RaftClientReply:client-40679B204B1E->97533b1c-7c0e-4acf-a6c1-8f7ac298e9a8@group-6A547D266DB7, cid=45, FAILED org.apache.ratis.protocol.NotLeaderException: Server 97533b1c-7c0e-4acf-a6c1-8f7ac298e9a8 is not the leader (64eb636b-e622-44a3-83bf-2cb002fcd160:192.168.34.13:41623). Request must be sent to leader., logIndex=0, commits[97533b1c-7c0e-4acf-a6c1-8f7ac298e9a8:c8, 93b11029-f257-4e92-bdcf-d2536ff5e681:c8, 64eb636b-e622-44a3-83bf-2cb002fcd160:c8]
2019-09-03 13:22:41,392 [grpc-default-executor-0] INFO  client.GrpcClientProtocolClient (GrpcClientProtocolClient.java:onNext(255)) - client-40679B204B1E->97533b1c-7c0e-4acf-a6c1-8f7ac298e9a8: receive RaftClientReply:client-40679B204B1E->97533b1c-7c0e-4acf-a6c1-8f7ac298e9a8@group-6A547D266DB7, cid=45, FAILED org.apache.ratis.protocol.NotLeaderException: Server 97533b1c-7c0e-4acf-a6c1-8f7ac298e9a8 is not the leader (64eb636b-e622-44a3-83bf-2cb002fcd160:192.168.34.13:41623). Request must be sent to leader., logIndex=0, commits[97533b1c-7c0e-4acf-a6c1-8f7ac298e9a8:c8, 93b11029-f257-4e92-bdcf-d2536ff5e681:c8, 64eb636b-e622-44a3-83bf-2cb002fcd160:c8]
2019-09-03 13:22:46,449 [grpc-default-executor-0] INFO  client.GrpcClientProtocolClient (GrpcClientProtocolClient.java:onNext(255)) - client-40679B204B1E->93b11029-f257-4e92-bdcf-d2536ff5e681: receive RaftClientReply:client-40679B204B1E->93b11029-f257-4e92-bdcf-d2536ff5e681@group-6A547D266DB7, cid=45, FAILED org.apache.ratis.protocol.NotLeaderException: Server 93b11029-f257-4e92-bdcf-d2536ff5e681 is not the leader (64eb636b-e622-44a3-83bf-2cb002fcd160:192.168.34.13:41623). Request must be sent to leader., logIndex=0, commits[93b11029-f257-4e92-bdcf-d2536ff5e681:c8, 97533b1c-7c0e-4acf-a6c1-8f7ac298e9a8:c8, 64eb636b-e622-44a3-83bf-2cb002fcd160:c8]
2019-09-03 13:22:51,485 [grpc-default-executor-0] INFO  client.GrpcClientProtocolClient (GrpcClientProtocolClient.java:onNext(255)) - client-40679B204B1E->97533b1c-7c0e-4acf-a6c1-8f7ac298e9a8: receive RaftClientReply:client-40679B204B1E->97533b1c-7c0e-4acf-a6c1-8f7ac298e9a8@group-6A547D266DB7, cid=45, FAILED org.apache.ratis.protocol.NotLeaderException: Server 97533b1c-7c0e-4acf-a6c1-8f7ac298e9a8 is not the leader (64eb636b-e622-44a3-83bf-2cb002fcd160:192.168.34.13:41623). Request must be sent to leader., logIndex=0, commits[97533b1c-7c0e-4acf-a6c1-8f7ac298e9a8:c8, 93b11029-f257-4e92-bdcf-d2536ff5e681:c8, 64eb636b-e622-44a3-83bf-2cb002fcd160:c8]
2019-09-03 13:22:56,519 [grpc-default-executor-3] INFO  client.GrpcClientProtocolClient (GrpcClientProtocolClient.java:onNext(255)) - client-40679B204B1E->93b11029-f257-4e92-bdcf-d2536ff5e681: receive RaftClientReply:client-40679B204B1E->93b11029-f257-4e92-bdcf-d2536ff5e681@group-6A547D266DB7, cid=45, FAILED org.apache.ratis.protocol.NotLeaderException: Server 93b11029-f257-4e92-bdcf-d2536ff5e681 is not the leader (64eb636b-e622-44a3-83bf-2cb002fcd160:192.168.34.13:41623). Request must be sent to leader., logIndex=0, commits[93b11029-f257-4e92-bdcf-d2536ff5e681:c8, 97533b1c-7c0e-4acf-a6c1-8f7ac298e9a8:c8, 64eb636b-e622-44a3-83bf-2cb002fcd160:c8]
2019-09-03 13:23:01,558 [grpc-default-executor-0] INFO  client.GrpcClientProtocolClient (GrpcClientProtocolClient.java:onNext(255)) - client-40679B204B1E->93b11029-f257-4e92-bdcf-d2536ff5e681: receive RaftClientReply:client-40679B204B1E->93b11029-f257-4e92-bdcf-d2536ff5e681@group-6A547D266DB7, cid=45, FAILED org.apache.ratis.protocol.NotLeaderException: Server 93b11029-f257-4e92-bdcf-d2536ff5e681 is not the leader (64eb636b-e622-44a3-83bf-2cb002fcd160:192.168.34.13:41623). Request must be sent to leader., logIndex=0, commits[93b11029-f257-4e92-bdcf-d2536ff5e681:c8, 97533b1c-7c0e-4acf-a6c1-8f7ac298e9a8:c8, 64eb636b-e622-44a3-83bf-2cb002fcd160:c8]
2019-09-03 13:23:06,600 [grpc-default-executor-0] INFO  client.GrpcClientProtocolClient (GrpcClientProtocolClient.java:onNext(255)) - client-40679B204B1E->97533b1c-7c0e-4acf-a6c1-8f7ac298e9a8: receive RaftClientReply:client-40679B204B1E->97533b1c-7c0e-4acf-a6c1-8f7ac298e9a8@group-6A547D266DB7, cid=45, FAILED org.apache.ratis.protocol.NotLeaderException: Server 97533b1c-7c0e-4acf-a6c1-8f7ac298e9a8 is not the leader (64eb636b-e622-44a3-83bf-2cb002fcd160:192.168.34.13:41623). Request must be sent to leader., logIndex=0, commits[97533b1c-7c0e-4acf-a6c1-8f7ac298e9a8:c8, 93b11029-f257-4e92-bdcf-d2536ff5e681:c8, 64eb636b-e622-44a3-83bf-2cb002fcd160:c8]
2019-09-03 13:23:11,670 [grpc-default-executor-0] INFO  client.GrpcClientProtocolClient (GrpcClientProtocolClient.java:onNext(255)) - client-40679B204B1E->93b11029-f257-4e92-bdcf-d2536ff5e681: receive RaftClientReply:client-40679B204B1E->93b11029-f257-4e92-bdcf-d2536ff5e681@group-6A547D266DB7, cid=45, FAILED org.apache.ratis.protocol.NotLeaderException: Server 93b11029-f257-4e92-bdcf-d2536ff5e681 is not the leader (64eb636b-e622-44a3-83bf-2cb002fcd160:192.168.34.13:41623). Request must be sent to leader., logIndex=0, commits[93b11029-f257-4e92-bdcf-d2536ff5e681:c8, 97533b1c-7c0e-4acf-a6c1-8f7ac298e9a8:c8, 64eb636b-e622-44a3-83bf-2cb002fcd160:c8]
2019-09-03 13:23:16,708 [grpc-default-executor-0] INFO  client.GrpcClientProtocolClient (GrpcClientProtocolClient.java:onNext(255)) - client-40679B204B1E->93b11029-f257-4e92-bdcf-d2536ff5e681: receive RaftClientReply:client-40679B204B1E->93b11029-f257-4e92-bdcf-d2536ff5e681@group-6A547D266DB7, cid=45, FAILED org.apache.ratis.protocol.NotLeaderException: Server 93b11029-f257-4e92-bdcf-d2536ff5e681 is not the leader (64eb636b-e622-44a3-83bf-2cb002fcd160:192.168.34.13:41623). Request must be sent to leader., logIndex=0, commits[93b11029-f257-4e92-bdcf-d2536ff5e681:c8, 97533b1c-7c0e-4acf-a6c1-8f7ac298e9a8:c8, 64eb636b-e622-44a3-83bf-2cb002fcd160:c8]
2019-09-03 13:23:21,768 [grpc-default-executor-0] INFO  client.GrpcClientProtocolClient (GrpcClientProtocolClient.java:onNext(255)) - client-40679B204B1E->97533b1c-7c0e-4acf-a6c1-8f7ac298e9a8: receive RaftClientReply:client-40679B204B1E->97533b1c-7c0e-4acf-a6c1-8f7ac298e9a8@group-6A547D266DB7, cid=45, FAILED org.apache.ratis.protocol.NotLeaderException: Server 97533b1c-7c0e-4acf-a6c1-8f7ac298e9a8 is not the leader (64eb636b-e622-44a3-83bf-2cb002fcd160:192.168.34.13:41623). Request must be sent to leader., logIndex=0, commits[97533b1c-7c0e-4acf-a6c1-8f7ac298e9a8:c8, 93b11029-f257-4e92-bdcf-d2536ff5e681:c8, 64eb636b-e622-44a3-83bf-2cb002fcd160:c8]
2019-09-03 13:23:26,815 [grpc-default-executor-3] INFO  client.GrpcClientProtocolClient (GrpcClientProtocolClient.java:onNext(255)) - client-40679B204B1E->93b11029-f257-4e92-bdcf-d2536ff5e681: receive RaftClientReply:client-40679B204B1E->93b11029-f257-4e92-bdcf-d2536ff5e681@group-6A547D266DB7, cid=45, FAILED org.apache.ratis.protocol.NotLeaderException: Server 93b11029-f257-4e92-bdcf-d2536ff5e681 is not the leader (64eb636b-e622-44a3-83bf-2cb002fcd160:192.168.34.13:41623). Request must be sent to leader., logIndex=0, commits[93b11029-f257-4e92-bdcf-d2536ff5e681:c8, 97533b1c-7c0e-4acf-a6c1-8f7ac298e9a8:c8, 64eb636b-e622-44a3-83bf-2cb002fcd160:c8]
2019-09-03 13:23:31,858 [grpc-default-executor-3] INFO  client.GrpcClientProtocolClient (GrpcClientProtocolClient.java:onNext(255)) - client-40679B204B1E->93b11029-f257-4e92-bdcf-d2536ff5e681: receive RaftClientReply:client-40679B204B1E->93b11029-f257-4e92-bdcf-d2536ff5e681@group-6A547D266DB7, cid=45, FAILED org.apache.ratis.protocol.NotLeaderException: Server 93b11029-f257-4e92-bdcf-d2536ff5e681 is not the leader (64eb636b-e622-44a3-83bf-2cb002fcd160:192.168.34.13:41623). Request must be sent to leader., logIndex=0, commits[93b11029-f257-4e92-bdcf-d2536ff5e681:c8, 97533b1c-7c0e-4acf-a6c1-8f7ac298e9a8:c8, 64eb636b-e622-44a3-83bf-2cb002fcd160:c8]
2019-09-03 13:23:36,912 [grpc-default-executor-3] INFO  client.GrpcClientProtocolClient (GrpcClientProtocolClient.java:onNext(255)) - client-40679B204B1E->93b11029-f257-4e92-bdcf-d2536ff5e681: receive RaftClientReply:client-40679B204B1E->93b11029-f257-4e92-bdcf-d2536ff5e681@group-6A547D266DB7, cid=45, FAILED org.apache.ratis.protocol.NotLeaderException: Server 93b11029-f257-4e92-bdcf-d2536ff5e681 is not the leader (64eb636b-e622-44a3-83bf-2cb002fcd160:192.168.34.13:41623). Request must be sent to leader., logIndex=0, commits[93b11029-f257-4e92-bdcf-d2536ff5e681:c8, 97533b1c-7c0e-4acf-a6c1-8f7ac298e9a8:c8, 64eb636b-e622-44a3-83bf-2cb002fcd160:c8]
2019-09-03 13:23:41,956 [grpc-default-executor-3] INFO  client.GrpcClientProtocolClient (GrpcClientProtocolClient.java:onNext(255)) - client-40679B204B1E->93b11029-f257-4e92-bdcf-d2536ff5e681: receive RaftClientReply:client-40679B204B1E->93b11029-f257-4e92-bdcf-d2536ff5e681@group-6A547D266DB7, cid=45, FAILED org.apache.ratis.protocol.NotLeaderException: Server 93b11029-f257-4e92-bdcf-d2536ff5e681 is not the leader (64eb636b-e622-44a3-83bf-2cb002fcd160:192.168.34.13:41623). Request must be sent to leader., logIndex=0, commits[93b11029-f257-4e92-bdcf-d2536ff5e681:c8, 97533b1c-7c0e-4acf-a6c1-8f7ac298e9a8:c8, 64eb636b-e622-44a3-83bf-2cb002fcd160:c8]
2019-09-03 13:23:47,002 [grpc-default-executor-0] INFO  client.GrpcClientProtocolClient (GrpcClientProtocolClient.java:onNext(255)) - client-40679B204B1E->93b11029-f257-4e92-bdcf-d2536ff5e681: receive RaftClientReply:client-40679B204B1E->93b11029-f257-4e92-bdcf-d2536ff5e681@group-6A547D266DB7, cid=45, FAILED org.apache.ratis.protocol.NotLeaderException: Server 93b11029-f257-4e92-bdcf-d2536ff5e681 is not the leader (64eb636b-e622-44a3-83bf-2cb002fcd160:192.168.34.13:41623). Request must be sent to leader., logIndex=0, commits[93b11029-f257-4e92-bdcf-d2536ff5e681:c8, 97533b1c-7c0e-4acf-a6c1-8f7ac298e9a8:c8, 64eb636b-e622-44a3-83bf-2cb002fcd160:c8]
2019-09-03 13:23:52,051 [grpc-default-executor-3] INFO  client.GrpcClientProtocolClient (GrpcClientProtocolClient.java:onNext(255)) - client-40679B204B1E->93b11029-f257-4e92-bdcf-d2536ff5e681: receive RaftClientReply:client-40679B204B1E->93b11029-f257-4e92-bdcf-d2536ff5e681@group-6A547D266DB7, cid=45, FAILED org.apache.ratis.protocol.NotLeaderException: Server 93b11029-f257-4e92-bdcf-d2536ff5e681 is not the leader (64eb636b-e622-44a3-83bf-2cb002fcd160:192.168.34.13:41623). Request must be sent to leader., logIndex=0, commits[93b11029-f257-4e92-bdcf-d2536ff5e681:c8, 97533b1c-7c0e-4acf-a6c1-8f7ac298e9a8:c8, 64eb636b-e622-44a3-83bf-2cb002fcd160:c8]
2019-09-03 13:23:57,106 [grpc-default-executor-3] INFO  client.GrpcClientProtocolClient (GrpcClientProtocolClient.java:onNext(255)) - client-40679B204B1E->93b11029-f257-4e92-bdcf-d2536ff5e681: receive RaftClientReply:client-40679B204B1E->93b11029-f257-4e92-bdcf-d2536ff5e681@group-6A547D266DB7, cid=45, FAILED org.apache.ratis.protocol.NotLeaderException: Server 93b11029-f257-4e92-bdcf-d2536ff5e681 is not the leader (64eb636b-e622-44a3-83bf-2cb002fcd160:192.168.34.13:41623). Request must be sent to leader., logIndex=0, commits[93b11029-f257-4e92-bdcf-d2536ff5e681:c8, 97533b1c-7c0e-4acf-a6c1-8f7ac298e9a8:c8, 64eb636b-e622-44a3-83bf-2cb002fcd160:c8]
2019-09-03 13:24:02,155 [grpc-default-executor-3] INFO  client.GrpcClientProtocolClient (GrpcClientProtocolClient.java:onNext(255)) - client-40679B204B1E->93b11029-f257-4e92-bdcf-d2536ff5e681: receive RaftClientReply:client-40679B204B1E->93b11029-f257-4e92-bdcf-d2536ff5e681@group-6A547D266DB7, cid=45, FAILED org.apache.ratis.protocol.NotLeaderException: Server 93b11029-f257-4e92-bdcf-d2536ff5e681 is not the leader (64eb636b-e622-44a3-83bf-2cb002fcd160:192.168.34.13:41623). Request must be sent to leader., logIndex=0, commits[93b11029-f257-4e92-bdcf-d2536ff5e681:c8, 97533b1c-7c0e-4acf-a6c1-8f7ac298e9a8:c8, 64eb636b-e622-44a3-83bf-2cb002fcd160:c8]
2019-09-03 13:24:07,193 [grpc-default-executor-3] INFO  client.GrpcClientProtocolClient (GrpcClientProtocolClient.java:onNext(255)) - client-40679B204B1E->93b11029-f257-4e92-bdcf-d2536ff5e681: receive RaftClientReply:client-40679B204B1E->93b11029-f257-4e92-bdcf-d2536ff5e681@group-6A547D266DB7, cid=45, FAILED org.apache.ratis.protocol.NotLeaderException: Server 93b11029-f257-4e92-bdcf-d2536ff5e681 is not the leader (64eb636b-e622-44a3-83bf-2cb002fcd160:192.168.34.13:41623). Request must be sent to leader., logIndex=0, commits[93b11029-f257-4e92-bdcf-d2536ff5e681:c8, 97533b1c-7c0e-4acf-a6c1-8f7ac298e9a8:c8, 64eb636b-e622-44a3-83bf-2cb002fcd160:c8]
2019-09-03 13:24:12,229 [grpc-default-executor-3] INFO  client.GrpcClientProtocolClient (GrpcClientProtocolClient.java:onNext(255)) - client-40679B204B1E->97533b1c-7c0e-4acf-a6c1-8f7ac298e9a8: receive RaftClientReply:client-40679B204B1E->97533b1c-7c0e-4acf-a6c1-8f7ac298e9a8@group-6A547D266DB7, cid=45, FAILED org.apache.ratis.protocol.NotLeaderException: Server 97533b1c-7c0e-4acf-a6c1-8f7ac298e9a8 is not the leader (64eb636b-e622-44a3-83bf-2cb002fcd160:192.168.34.13:41623). Request must be sent to leader., logIndex=0, commits[97533b1c-7c0e-4acf-a6c1-8f7ac298e9a8:c8, 93b11029-f257-4e92-bdcf-d2536ff5e681:c8, 64eb636b-e622-44a3-83bf-2cb002fcd160:c8]
2019-09-03 13:24:17,275 [grpc-default-executor-0] INFO  client.GrpcClientProtocolClient (GrpcClientProtocolClient.java:onNext(255)) - client-40679B204B1E->97533b1c-7c0e-4acf-a6c1-8f7ac298e9a8: receive RaftClientReply:client-40679B204B1E->97533b1c-7c0e-4acf-a6c1-8f7ac298e9a8@group-6A547D266DB7, cid=45, FAILED org.apache.ratis.protocol.NotLeaderException: Server 97533b1c-7c0e-4acf-a6c1-8f7ac298e9a8 is not the leader (64eb636b-e622-44a3-83bf-2cb002fcd160:192.168.34.13:41623). Request must be sent to leader., logIndex=0, commits[97533b1c-7c0e-4acf-a6c1-8f7ac298e9a8:c8, 93b11029-f257-4e92-bdcf-d2536ff5e681:c8, 64eb636b-e622-44a3-83bf-2cb002fcd160:c8]
2019-09-03 13:24:22,335 [grpc-default-executor-0] INFO  client.GrpcClientProtocolClient (GrpcClientProtocolClient.java:onNext(255)) - client-40679B204B1E->93b11029-f257-4e92-bdcf-d2536ff5e681: receive RaftClientReply:client-40679B204B1E->93b11029-f257-4e92-bdcf-d2536ff5e681@group-6A547D266DB7, cid=45, FAILED org.apache.ratis.protocol.NotLeaderException: Server 93b11029-f257-4e92-bdcf-d2536ff5e681 is not the leader (64eb636b-e622-44a3-83bf-2cb002fcd160:192.168.34.13:41623). Request must be sent to leader., logIndex=0, commits[93b11029-f257-4e92-bdcf-d2536ff5e681:c8, 97533b1c-7c0e-4acf-a6c1-8f7ac298e9a8:c8, 64eb636b-e622-44a3-83bf-2cb002fcd160:c8]
2019-09-03 13:24:27,377 [grpc-default-executor-0] INFO  client.GrpcClientProtocolClient (GrpcClientProtocolClient.java:onNext(255)) - client-40679B204B1E->93b11029-f257-4e92-bdcf-d2536ff5e681: receive RaftClientReply:client-40679B204B1E->93b11029-f257-4e92-bdcf-d2536ff5e681@group-6A547D266DB7, cid=45, FAILED org.apache.ratis.protocol.NotLeaderException: Server 93b11029-f257-4e92-bdcf-d2536ff5e681 is not the leader (64eb636b-e622-44a3-83bf-2cb002fcd160:192.168.34.13:41623). Request must be sent to leader., logIndex=0, commits[93b11029-f257-4e92-bdcf-d2536ff5e681:c8, 97533b1c-7c0e-4acf-a6c1-8f7ac298e9a8:c8, 64eb636b-e622-44a3-83bf-2cb002fcd160:c8]
2019-09-03 13:24:32,417 [grpc-default-executor-3] INFO  client.GrpcClientProtocolClient (GrpcClientProtocolClient.java:onNext(255)) - client-40679B204B1E->97533b1c-7c0e-4acf-a6c1-8f7ac298e9a8: receive RaftClientReply:client-40679B204B1E->97533b1c-7c0e-4acf-a6c1-8f7ac298e9a8@group-6A547D266DB7, cid=45, FAILED org.apache.ratis.protocol.NotLeaderException: Server 97533b1c-7c0e-4acf-a6c1-8f7ac298e9a8 is not the leader (64eb636b-e622-44a3-83bf-2cb002fcd160:192.168.34.13:41623). Request must be sent to leader., logIndex=0, commits[97533b1c-7c0e-4acf-a6c1-8f7ac298e9a8:c8, 93b11029-f257-4e92-bdcf-d2536ff5e681:c8, 64eb636b-e622-44a3-83bf-2cb002fcd160:c8]
2019-09-03 13:24:37,455 [grpc-default-executor-3] INFO  client.GrpcClientProtocolClient (GrpcClientProtocolClient.java:onNext(255)) - client-40679B204B1E->93b11029-f257-4e92-bdcf-d2536ff5e681: receive RaftClientReply:client-40679B204B1E->93b11029-f257-4e92-bdcf-d2536ff5e681@group-6A547D266DB7, cid=45, FAILED org.apache.ratis.protocol.NotLeaderException: Server 93b11029-f257-4e92-bdcf-d2536ff5e681 is not the leader (64eb636b-e622-44a3-83bf-2cb002fcd160:192.168.34.13:41623). Request must be sent to leader., logIndex=0, commits[93b11029-f257-4e92-bdcf-d2536ff5e681:c8, 97533b1c-7c0e-4acf-a6c1-8f7ac298e9a8:c8, 64eb636b-e622-44a3-83bf-2cb002fcd160:c8]
2019-09-03 13:24:42,488 [grpc-default-executor-0] INFO  client.GrpcClientProtocolClient (GrpcClientProtocolClient.java:onNext(255)) - client-40679B204B1E->93b11029-f257-4e92-bdcf-d2536ff5e681: receive RaftClientReply:client-40679B204B1E->93b11029-f257-4e92-bdcf-d2536ff5e681@group-6A547D266DB7, cid=45, FAILED org.apache.ratis.protocol.NotLeaderException: Server 93b11029-f257-4e92-bdcf-d2536ff5e681 is not the leader (64eb636b-e622-44a3-83bf-2cb002fcd160:192.168.34.13:41623). Request must be sent to leader., logIndex=0, commits[93b11029-f257-4e92-bdcf-d2536ff5e681:c8, 97533b1c-7c0e-4acf-a6c1-8f7ac298e9a8:c8, 64eb636b-e622-44a3-83bf-2cb002fcd160:c8]
2019-09-03 13:24:47,560 [grpc-default-executor-0] INFO  client.GrpcClientProtocolClient (GrpcClientProtocolClient.java:onNext(255)) - client-40679B204B1E->97533b1c-7c0e-4acf-a6c1-8f7ac298e9a8: receive RaftClientReply:client-40679B204B1E->97533b1c-7c0e-4acf-a6c1-8f7ac298e9a8@group-6A547D266DB7, cid=45, FAILED org.apache.ratis.protocol.NotLeaderException: Server 97533b1c-7c0e-4acf-a6c1-8f7ac298e9a8 is not the leader (64eb636b-e622-44a3-83bf-2cb002fcd160:192.168.34.13:41623). Request must be sent to leader., logIndex=0, commits[97533b1c-7c0e-4acf-a6c1-8f7ac298e9a8:c8, 93b11029-f257-4e92-bdcf-d2536ff5e681:c8, 64eb636b-e622-44a3-83bf-2cb002fcd160:c8]
2019-09-03 13:24:52,602 [grpc-default-executor-0] INFO  client.GrpcClientProtocolClient (GrpcClientProtocolClient.java:onNext(255)) - client-40679B204B1E->97533b1c-7c0e-4acf-a6c1-8f7ac298e9a8: receive RaftClientReply:client-40679B204B1E->97533b1c-7c0e-4acf-a6c1-8f7ac298e9a8@group-6A547D266DB7, cid=45, FAILED org.apache.ratis.protocol.NotLeaderException: Server 97533b1c-7c0e-4acf-a6c1-8f7ac298e9a8 is not the leader (64eb636b-e622-44a3-83bf-2cb002fcd160:192.168.34.13:41623). Request must be sent to leader., logIndex=0, commits[97533b1c-7c0e-4acf-a6c1-8f7ac298e9a8:c8, 93b11029-f257-4e92-bdcf-d2536ff5e681:c8, 64eb636b-e622-44a3-83bf-2cb002fcd160:c8]
2019-09-03 13:24:57,634 [grpc-default-executor-3] INFO  client.GrpcClientProtocolClient (GrpcClientProtocolClient.java:onNext(255)) - client-40679B204B1E->93b11029-f257-4e92-bdcf-d2536ff5e681: receive RaftClientReply:client-40679B204B1E->93b11029-f257-4e92-bdcf-d2536ff5e681@group-6A547D266DB7, cid=45, FAILED org.apache.ratis.protocol.NotLeaderException: Server 93b11029-f257-4e92-bdcf-d2536ff5e681 is not the leader (64eb636b-e622-44a3-83bf-2cb002fcd160:192.168.34.13:41623). Request must be sent to leader., logIndex=0, commits[93b11029-f257-4e92-bdcf-d2536ff5e681:c8, 97533b1c-7c0e-4acf-a6c1-8f7ac298e9a8:c8, 64eb636b-e622-44a3-83bf-2cb002fcd160:c8]
2019-09-03 13:25:02,677 [grpc-default-executor-3] INFO  client.GrpcClientProtocolClient (GrpcClientProtocolClient.java:onNext(255)) - client-40679B204B1E->97533b1c-7c0e-4acf-a6c1-8f7ac298e9a8: receive RaftClientReply:client-40679B204B1E->97533b1c-7c0e-4acf-a6c1-8f7ac298e9a8@group-6A547D266DB7, cid=45, FAILED org.apache.ratis.protocol.NotLeaderException: Server 97533b1c-7c0e-4acf-a6c1-8f7ac298e9a8 is not the leader (64eb636b-e622-44a3-83bf-2cb002fcd160:192.168.34.13:41623). Request must be sent to leader., logIndex=0, commits[97533b1c-7c0e-4acf-a6c1-8f7ac298e9a8:c8, 93b11029-f257-4e92-bdcf-d2536ff5e681:c8, 64eb636b-e622-44a3-83bf-2cb002fcd160:c8]
2019-09-03 13:25:07,729 [grpc-default-executor-3] INFO  client.GrpcClientProtocolClient (GrpcClientProtocolClient.java:onNext(255)) - client-40679B204B1E->97533b1c-7c0e-4acf-a6c1-8f7ac298e9a8: receive RaftClientReply:client-40679B204B1E->97533b1c-7c0e-4acf-a6c1-8f7ac298e9a8@group-6A547D266DB7, cid=45, FAILED org.apache.ratis.protocol.NotLeaderException: Server 97533b1c-7c0e-4acf-a6c1-8f7ac298e9a8 is not the leader (64eb636b-e622-44a3-83bf-2cb002fcd160:192.168.34.13:41623). Request must be sent to leader., logIndex=0, commits[97533b1c-7c0e-4acf-a6c1-8f7ac298e9a8:c8, 93b11029-f257-4e92-bdcf-d2536ff5e681:c8, 64eb636b-e622-44a3-83bf-2cb002fcd160:c8]
2019-09-03 13:25:12,781 [grpc-default-executor-3] INFO  client.GrpcClientProtocolClient (GrpcClientProtocolClient.java:onNext(255)) - client-40679B204B1E->97533b1c-7c0e-4acf-a6c1-8f7ac298e9a8: receive RaftClientReply:client-40679B204B1E->97533b1c-7c0e-4acf-a6c1-8f7ac298e9a8@group-6A547D266DB7, cid=45, FAILED org.apache.ratis.protocol.NotLeaderException: Server 97533b1c-7c0e-4acf-a6c1-8f7ac298e9a8 is not the leader (64eb636b-e622-44a3-83bf-2cb002fcd160:192.168.34.13:41623). Request must be sent to leader., logIndex=0, commits[97533b1c-7c0e-4acf-a6c1-8f7ac298e9a8:c8, 93b11029-f257-4e92-bdcf-d2536ff5e681:c8, 64eb636b-e622-44a3-83bf-2cb002fcd160:c8]
2019-09-03 13:25:17,814 [grpc-default-executor-0] INFO  client.GrpcClientProtocolClient (GrpcClientProtocolClient.java:onNext(255)) - client-40679B204B1E->97533b1c-7c0e-4acf-a6c1-8f7ac298e9a8: receive RaftClientReply:client-40679B204B1E->97533b1c-7c0e-4acf-a6c1-8f7ac298e9a8@group-6A547D266DB7, cid=45, FAILED org.apache.ratis.protocol.NotLeaderException: Server 97533b1c-7c0e-4acf-a6c1-8f7ac298e9a8 is not the leader (64eb636b-e622-44a3-83bf-2cb002fcd160:192.168.34.13:41623). Request must be sent to leader., logIndex=0, commits[97533b1c-7c0e-4acf-a6c1-8f7ac298e9a8:c8, 93b11029-f257-4e92-bdcf-d2536ff5e681:c8, 64eb636b-e622-44a3-83bf-2cb002fcd160:c8]
2019-09-03 13:25:22,854 [grpc-default-executor-3] INFO  client.GrpcClientProtocolClient (GrpcClientProtocolClient.java:onNext(255)) - client-40679B204B1E->93b11029-f257-4e92-bdcf-d2536ff5e681: receive RaftClientReply:client-40679B204B1E->93b11029-f257-4e92-bdcf-d2536ff5e681@group-6A547D266DB7, cid=45, FAILED org.apache.ratis.protocol.NotLeaderException: Server 93b11029-f257-4e92-bdcf-d2536ff5e681 is not the leader (64eb636b-e622-44a3-83bf-2cb002fcd160:192.168.34.13:41623). Request must be sent to leader., logIndex=0, commits[93b11029-f257-4e92-bdcf-d2536ff5e681:c8, 97533b1c-7c0e-4acf-a6c1-8f7ac298e9a8:c8, 64eb636b-e622-44a3-83bf-2cb002fcd160:c8]
2019-09-03 13:25:27,889 [grpc-default-executor-0] INFO  client.GrpcClientProtocolClient (GrpcClientProtocolClient.java:onNext(255)) - client-40679B204B1E->93b11029-f257-4e92-bdcf-d2536ff5e681: receive RaftClientReply:client-40679B204B1E->93b11029-f257-4e92-bdcf-d2536ff5e681@group-6A547D266DB7, cid=45, FAILED org.apache.ratis.protocol.NotLeaderException: Server 93b11029-f257-4e92-bdcf-d2536ff5e681 is not the leader (64eb636b-e622-44a3-83bf-2cb002fcd160:192.168.34.13:41623). Request must be sent to leader., logIndex=0, commits[93b11029-f257-4e92-bdcf-d2536ff5e681:c8, 97533b1c-7c0e-4acf-a6c1-8f7ac298e9a8:c8, 64eb636b-e622-44a3-83bf-2cb002fcd160:c8]
2019-09-03 13:25:32,926 [grpc-default-executor-3] INFO  client.GrpcClientProtocolClient (GrpcClientProtocolClient.java:onNext(255)) - client-40679B204B1E->93b11029-f257-4e92-bdcf-d2536ff5e681: receive RaftClientReply:client-40679B204B1E->93b11029-f257-4e92-bdcf-d2536ff5e681@group-6A547D266DB7, cid=45, FAILED org.apache.ratis.protocol.NotLeaderException: Server 93b11029-f257-4e92-bdcf-d2536ff5e681 is not the leader (64eb636b-e622-44a3-83bf-2cb002fcd160:192.168.34.13:41623). Request must be sent to leader., logIndex=0, commits[93b11029-f257-4e92-bdcf-d2536ff5e681:c8, 97533b1c-7c0e-4acf-a6c1-8f7ac298e9a8:c8, 64eb636b-e622-44a3-83bf-2cb002fcd160:c8]
2019-09-03 13:25:38,001 [grpc-default-executor-3] INFO  client.GrpcClientProtocolClient (GrpcClientProtocolClient.java:onNext(255)) - client-40679B204B1E->97533b1c-7c0e-4acf-a6c1-8f7ac298e9a8: receive RaftClientReply:client-40679B204B1E->97533b1c-7c0e-4acf-a6c1-8f7ac298e9a8@group-6A547D266DB7, cid=45, FAILED org.apache.ratis.protocol.NotLeaderException: Server 97533b1c-7c0e-4acf-a6c1-8f7ac298e9a8 is not the leader (64eb636b-e622-44a3-83bf-2cb002fcd160:192.168.34.13:41623). Request must be sent to leader., logIndex=0, commits[97533b1c-7c0e-4acf-a6c1-8f7ac298e9a8:c8, 93b11029-f257-4e92-bdcf-d2536ff5e681:c8, 64eb636b-e622-44a3-83bf-2cb002fcd160:c8]
2019-09-03 13:25:43,038 [grpc-default-executor-0] INFO  client.GrpcClientProtocolClient (GrpcClientProtocolClient.java:onNext(255)) - client-40679B204B1E->97533b1c-7c0e-4acf-a6c1-8f7ac298e9a8: receive RaftClientReply:client-40679B204B1E->97533b1c-7c0e-4acf-a6c1-8f7ac298e9a8@group-6A547D266DB7, cid=45, FAILED org.apache.ratis.protocol.NotLeaderException: Server 97533b1c-7c0e-4acf-a6c1-8f7ac298e9a8 is not the leader (64eb636b-e622-44a3-83bf-2cb002fcd160:192.168.34.13:41623). Request must be sent to leader., logIndex=0, commits[97533b1c-7c0e-4acf-a6c1-8f7ac298e9a8:c8, 93b11029-f257-4e92-bdcf-d2536ff5e681:c8, 64eb636b-e622-44a3-83bf-2cb002fcd160:c8]
2019-09-03 13:25:48,073 [grpc-default-executor-3] INFO  client.GrpcClientProtocolClient (GrpcClientProtocolClient.java:onNext(255)) - client-40679B204B1E->97533b1c-7c0e-4acf-a6c1-8f7ac298e9a8: receive RaftClientReply:client-40679B204B1E->97533b1c-7c0e-4acf-a6c1-8f7ac298e9a8@group-6A547D266DB7, cid=45, FAILED org.apache.ratis.protocol.NotLeaderException: Server 97533b1c-7c0e-4acf-a6c1-8f7ac298e9a8 is not the leader (64eb636b-e622-44a3-83bf-2cb002fcd160:192.168.34.13:41623). Request must be sent to leader., logIndex=0, commits[97533b1c-7c0e-4acf-a6c1-8f7ac298e9a8:c8, 93b11029-f257-4e92-bdcf-d2536ff5e681:c8, 64eb636b-e622-44a3-83bf-2cb002fcd160:c8]
2019-09-03 13:25:53,108 [grpc-default-executor-3] INFO  client.GrpcClientProtocolClient (GrpcClientProtocolClient.java:onNext(255)) - client-40679B204B1E->97533b1c-7c0e-4acf-a6c1-8f7ac298e9a8: receive RaftClientReply:client-40679B204B1E->97533b1c-7c0e-4acf-a6c1-8f7ac298e9a8@group-6A547D266DB7, cid=45, FAILED org.apache.ratis.protocol.NotLeaderException: Server 97533b1c-7c0e-4acf-a6c1-8f7ac298e9a8 is not the leader (64eb636b-e622-44a3-83bf-2cb002fcd160:192.168.34.13:41623). Request must be sent to leader., logIndex=0, commits[97533b1c-7c0e-4acf-a6c1-8f7ac298e9a8:c8, 93b11029-f257-4e92-bdcf-d2536ff5e681:c8, 64eb636b-e622-44a3-83bf-2cb002fcd160:c8]
2019-09-03 13:25:58,142 [grpc-default-executor-0] INFO  client.GrpcClientProtocolClient (GrpcClientProtocolClient.java:onNext(255)) - client-40679B204B1E->93b11029-f257-4e92-bdcf-d2536ff5e681: receive RaftClientReply:client-40679B204B1E->93b11029-f257-4e92-bdcf-d2536ff5e681@group-6A547D266DB7, cid=45, FAILED org.apache.ratis.protocol.NotLeaderException: Server 93b11029-f257-4e92-bdcf-d2536ff5e681 is not the leader (64eb636b-e622-44a3-83bf-2cb002fcd160:192.168.34.13:41623). Request must be sent to leader., logIndex=0, commits[93b11029-f257-4e92-bdcf-d2536ff5e681:c8, 97533b1c-7c0e-4acf-a6c1-8f7ac298e9a8:c8, 64eb636b-e622-44a3-83bf-2cb002fcd160:c8]
2019-09-03 13:26:03,205 [grpc-default-executor-3] INFO  client.GrpcClientProtocolClient (GrpcClientProtocolClient.java:onNext(255)) - client-40679B204B1E->93b11029-f257-4e92-bdcf-d2536ff5e681: receive RaftClientReply:client-40679B204B1E->93b11029-f257-4e92-bdcf-d2536ff5e681@group-6A547D266DB7, cid=45, FAILED org.apache.ratis.protocol.NotLeaderException: Server 93b11029-f257-4e92-bdcf-d2536ff5e681 is not the leader (64eb636b-e622-44a3-83bf-2cb002fcd160:192.168.34.13:41623). Request must be sent to leader., logIndex=0, commits[93b11029-f257-4e92-bdcf-d2536ff5e681:c8, 97533b1c-7c0e-4acf-a6c1-8f7ac298e9a8:c8, 64eb636b-e622-44a3-83bf-2cb002fcd160:c8]
2019-09-03 13:26:08,240 [grpc-default-executor-3] INFO  client.GrpcClientProtocolClient (GrpcClientProtocolClient.java:onNext(255)) - client-40679B204B1E->93b11029-f257-4e92-bdcf-d2536ff5e681: receive RaftClientReply:client-40679B204B1E->93b11029-f257-4e92-bdcf-d2536ff5e681@group-6A547D266DB7, cid=45, FAILED org.apache.ratis.protocol.NotLeaderException: Server 93b11029-f257-4e92-bdcf-d2536ff5e681 is not the leader (64eb636b-e622-44a3-83bf-2cb002fcd160:192.168.34.13:41623). Request must be sent to leader., logIndex=0, commits[93b11029-f257-4e92-bdcf-d2536ff5e681:c8, 97533b1c-7c0e-4acf-a6c1-8f7ac298e9a8:c8, 64eb636b-e622-44a3-83bf-2cb002fcd160:c8]
2019-09-03 13:26:13,279 [grpc-default-executor-0] INFO  client.GrpcClientProtocolClient (GrpcClientProtocolClient.java:onNext(255)) - client-40679B204B1E->97533b1c-7c0e-4acf-a6c1-8f7ac298e9a8: receive RaftClientReply:client-40679B204B1E->97533b1c-7c0e-4acf-a6c1-8f7ac298e9a8@group-6A547D266DB7, cid=45, FAILED org.apache.ratis.protocol.NotLeaderException: Server 97533b1c-7c0e-4acf-a6c1-8f7ac298e9a8 is not the leader (64eb636b-e622-44a3-83bf-2cb002fcd160:192.168.34.13:41623). Request must be sent to leader., logIndex=0, commits[97533b1c-7c0e-4acf-a6c1-8f7ac298e9a8:c8, 93b11029-f257-4e92-bdcf-d2536ff5e681:c8, 64eb636b-e622-44a3-83bf-2cb002fcd160:c8]
2019-09-03 13:26:18,315 [grpc-default-executor-0] INFO  client.GrpcClientProtocolClient (GrpcClientProtocolClient.java:onNext(255)) - client-40679B204B1E->93b11029-f257-4e92-bdcf-d2536ff5e681: receive RaftClientReply:client-40679B204B1E->93b11029-f257-4e92-bdcf-d2536ff5e681@group-6A547D266DB7, cid=45, FAILED org.apache.ratis.protocol.NotLeaderException: Server 93b11029-f257-4e92-bdcf-d2536ff5e681 is not the leader (64eb636b-e622-44a3-83bf-2cb002fcd160:192.168.34.13:41623). Request must be sent to leader., logIndex=0, commits[93b11029-f257-4e92-bdcf-d2536ff5e681:c8, 97533b1c-7c0e-4acf-a6c1-8f7ac298e9a8:c8, 64eb636b-e622-44a3-83bf-2cb002fcd160:c8]
2019-09-03 13:26:23,367 [grpc-default-executor-3] INFO  client.GrpcClientProtocolClient (GrpcClientProtocolClient.java:onNext(255)) - client-40679B204B1E->93b11029-f257-4e92-bdcf-d2536ff5e681: receive RaftClientReply:client-40679B204B1E->93b11029-f257-4e92-bdcf-d2536ff5e681@group-6A547D266DB7, cid=45, FAILED org.apache.ratis.protocol.NotLeaderException: Server 93b11029-f257-4e92-bdcf-d2536ff5e681 is not the leader (64eb636b-e622-44a3-83bf-2cb002fcd160:192.168.34.13:41623). Request must be sent to leader., logIndex=0, commits[93b11029-f257-4e92-bdcf-d2536ff5e681:c8, 97533b1c-7c0e-4acf-a6c1-8f7ac298e9a8:c8, 64eb636b-e622-44a3-83bf-2cb002fcd160:c8]
2019-09-03 13:26:28,402 [grpc-default-executor-0] INFO  client.GrpcClientProtocolClient (GrpcClientProtocolClient.java:onNext(255)) - client-40679B204B1E->93b11029-f257-4e92-bdcf-d2536ff5e681: receive RaftClientReply:client-40679B204B1E->93b11029-f257-4e92-bdcf-d2536ff5e681@group-6A547D266DB7, cid=45, FAILED org.apache.ratis.protocol.NotLeaderException: Server 93b11029-f257-4e92-bdcf-d2536ff5e681 is not the leader (64eb636b-e622-44a3-83bf-2cb002fcd160:192.168.34.13:41623). Request must be sent to leader., logIndex=0, commits[93b11029-f257-4e92-bdcf-d2536ff5e681:c8, 97533b1c-7c0e-4acf-a6c1-8f7ac298e9a8:c8, 64eb636b-e622-44a3-83bf-2cb002fcd160:c8]
2019-09-03 13:26:33,445 [grpc-default-executor-0] INFO  client.GrpcClientProtocolClient (GrpcClientProtocolClient.java:onNext(255)) - client-40679B204B1E->97533b1c-7c0e-4acf-a6c1-8f7ac298e9a8: receive RaftClientReply:client-40679B204B1E->97533b1c-7c0e-4acf-a6c1-8f7ac298e9a8@group-6A547D266DB7, cid=45, FAILED org.apache.ratis.protocol.NotLeaderException: Server 97533b1c-7c0e-4acf-a6c1-8f7ac298e9a8 is not the leader (64eb636b-e622-44a3-83bf-2cb002fcd160:192.168.34.13:41623). Request must be sent to leader., logIndex=0, commits[97533b1c-7c0e-4acf-a6c1-8f7ac298e9a8:c8, 93b11029-f257-4e92-bdcf-d2536ff5e681:c8, 64eb636b-e622-44a3-83bf-2cb002fcd160:c8]
2019-09-03 13:26:38,481 [grpc-default-executor-3] INFO  client.GrpcClientProtocolClient (GrpcClientProtocolClient.java:onNext(255)) - client-40679B204B1E->93b11029-f257-4e92-bdcf-d2536ff5e681: receive RaftClientReply:client-40679B204B1E->93b11029-f257-4e92-bdcf-d2536ff5e681@group-6A547D266DB7, cid=45, FAILED org.apache.ratis.protocol.NotLeaderException: Server 93b11029-f257-4e92-bdcf-d2536ff5e681 is not the leader (64eb636b-e622-44a3-83bf-2cb002fcd160:192.168.34.13:41623). Request must be sent to leader., logIndex=0, commits[93b11029-f257-4e92-bdcf-d2536ff5e681:c8, 97533b1c-7c0e-4acf-a6c1-8f7ac298e9a8:c8, 64eb636b-e622-44a3-83bf-2cb002fcd160:c8]
2019-09-03 13:26:43,525 [grpc-default-executor-0] INFO  client.GrpcClientProtocolClient (GrpcClientProtocolClient.java:onNext(255)) - client-40679B204B1E->93b11029-f257-4e92-bdcf-d2536ff5e681: receive RaftClientReply:client-40679B204B1E->93b11029-f257-4e92-bdcf-d2536ff5e681@group-6A547D266DB7, cid=45, FAILED org.apache.ratis.protocol.NotLeaderException: Server 93b11029-f257-4e92-bdcf-d2536ff5e681 is not the leader (64eb636b-e622-44a3-83bf-2cb002fcd160:192.168.34.13:41623). Request must be sent to leader., logIndex=0, commits[93b11029-f257-4e92-bdcf-d2536ff5e681:c8, 97533b1c-7c0e-4acf-a6c1-8f7ac298e9a8:c8, 64eb636b-e622-44a3-83bf-2cb002fcd160:c8]
2019-09-03 13:26:47,984 [ReplicationMonitor] INFO  container.ReplicationManager (ReplicationManager.java:run(225)) - Replication Monitor Thread took 1 milliseconds for processing 3 containers.
2019-09-03 13:26:48,584 [grpc-default-executor-3] INFO  client.GrpcClientProtocolClient (GrpcClientProtocolClient.java:onNext(255)) - client-40679B204B1E->97533b1c-7c0e-4acf-a6c1-8f7ac298e9a8: receive RaftClientReply:client-40679B204B1E->97533b1c-7c0e-4acf-a6c1-8f7ac298e9a8@group-6A547D266DB7, cid=45, FAILED org.apache.ratis.protocol.NotLeaderException: Server 97533b1c-7c0e-4acf-a6c1-8f7ac298e9a8 is not the leader (64eb636b-e622-44a3-83bf-2cb002fcd160:192.168.34.13:41623). Request must be sent to leader., logIndex=0, commits[97533b1c-7c0e-4acf-a6c1-8f7ac298e9a8:c8, 93b11029-f257-4e92-bdcf-d2536ff5e681:c8, 64eb636b-e622-44a3-83bf-2cb002fcd160:c8]
2019-09-03 13:26:53,619 [grpc-default-executor-0] INFO  client.GrpcClientProtocolClient (GrpcClientProtocolClient.java:onNext(255)) - client-40679B204B1E->93b11029-f257-4e92-bdcf-d2536ff5e681: receive RaftClientReply:client-40679B204B1E->93b11029-f257-4e92-bdcf-d2536ff5e681@group-6A547D266DB7, cid=45, FAILED org.apache.ratis.protocol.NotLeaderException: Server 93b11029-f257-4e92-bdcf-d2536ff5e681 is not the leader (64eb636b-e622-44a3-83bf-2cb002fcd160:192.168.34.13:41623). Request must be sent to leader., logIndex=0, commits[93b11029-f257-4e92-bdcf-d2536ff5e681:c8, 97533b1c-7c0e-4acf-a6c1-8f7ac298e9a8:c8, 64eb636b-e622-44a3-83bf-2cb002fcd160:c8]
2019-09-03 13:26:58,656 [grpc-default-executor-3] INFO  client.GrpcClientProtocolClient (GrpcClientProtocolClient.java:onNext(255)) - client-40679B204B1E->97533b1c-7c0e-4acf-a6c1-8f7ac298e9a8: receive RaftClientReply:client-40679B204B1E->97533b1c-7c0e-4acf-a6c1-8f7ac298e9a8@group-6A547D266DB7, cid=45, FAILED org.apache.ratis.protocol.NotLeaderException: Server 97533b1c-7c0e-4acf-a6c1-8f7ac298e9a8 is not the leader (64eb636b-e622-44a3-83bf-2cb002fcd160:192.168.34.13:41623). Request must be sent to leader., logIndex=0, commits[97533b1c-7c0e-4acf-a6c1-8f7ac298e9a8:c8, 93b11029-f257-4e92-bdcf-d2536ff5e681:c8, 64eb636b-e622-44a3-83bf-2cb002fcd160:c8]
2019-09-03 13:26:58,667 [main] INFO  ozone.MiniOzoneClusterImpl (MiniOzoneClusterImpl.java:shutdown(307)) - Shutting down the Mini Ozone Cluster
2019-09-03 13:26:58,668 [main] INFO  ozone.MiniOzoneClusterImpl (MiniOzoneClusterImpl.java:stop(322)) - Stopping the Mini Ozone Cluster
2019-09-03 13:26:58,668 [main] INFO  ozone.MiniOzoneClusterImpl (MiniOzoneClusterImpl.java:stop(324)) - Stopping the OzoneManager
2019-09-03 13:26:58,668 [main] INFO  ipc.Server (Server.java:stop(3082)) - Stopping server on 46459
2019-09-03 13:26:58,692 [IPC Server listener on 46459] INFO  ipc.Server (Server.java:run(1185)) - Stopping IPC Server listener on 46459
2019-09-03 13:26:58,693 [main] INFO  ratis.OzoneManagerDoubleBuffer (OzoneManagerDoubleBuffer.java:stop(248)) - Stopping OMDoubleBuffer flush thread
2019-09-03 13:26:58,693 [IPC Server Responder] INFO  ipc.Server (Server.java:run(1319)) - Stopping IPC Server Responder
2019-09-03 13:26:58,711 [OMDoubleBufferFlushThread] INFO  ratis.OzoneManagerDoubleBuffer (OzoneManagerDoubleBuffer.java:flushTransactions(191)) - OMDoubleBuffer flush thread OMDoubleBufferFlushThread is interrupted and will exit. OMDoubleBufferFlushThread
2019-09-03 13:26:58,712 [main] INFO  utils.BackgroundService (BackgroundService.java:shutdown(148)) - Shutting down service KeyDeletingService
2019-09-03 13:26:58,714 [main] INFO  handler.ContextHandler (ContextHandler.java:doStop(910)) - Stopped o.e.j.w.WebAppContext@d257579{/,null,UNAVAILABLE}{/ozoneManager}
2019-09-03 13:26:58,715 [main] INFO  server.AbstractConnector (AbstractConnector.java:doStop(318)) - Stopped ServerConnector@518ddd3b{HTTP/1.1,[http/1.1]}{0.0.0.0:0}
2019-09-03 13:26:58,716 [main] INFO  handler.ContextHandler (ContextHandler.java:doStop(910)) - Stopped o.e.j.s.ServletContextHandler@b46e103{/static,file:///workdir/hadoop-ozone/integration-test/target/test-classes/webapps/static,UNAVAILABLE}
2019-09-03 13:26:58,716 [main] INFO  handler.ContextHandler (ContextHandler.java:doStop(910)) - Stopped o.e.j.s.ServletContextHandler@3138953b{/logs,file:///workdir/hadoop-ozone/integration-test/target/log,UNAVAILABLE}
2019-09-03 13:26:58,720 [main] INFO  ozone.MiniOzoneClusterImpl (MiniOzoneClusterImpl.java:stop(330)) - Shutting the HddsDatanodes
2019-09-03 13:26:59,077 [Datanode State Machine Thread - 0] INFO  statemachine.DatanodeStateMachine (DatanodeStateMachine.java:lambda$startDaemon$0(350)) - Ozone container server started.
2019-09-03 13:26:59,244 [Datanode State Machine Thread - 0] INFO  statemachine.DatanodeStateMachine (DatanodeStateMachine.java:lambda$startDaemon$0(350)) - Ozone container server started.
2019-09-03 13:27:03,722 [ForkJoinPool.commonPool-worker-0] INFO  ozoneimpl.OzoneContainer (OzoneContainer.java:stop(215)) - Attempting to stop container services.
2019-09-03 13:27:03,722 [main] INFO  ozoneimpl.OzoneContainer (OzoneContainer.java:stop(215)) - Attempting to stop container services.
2019-09-03 13:27:03,723 [ForkJoinPool.commonPool-worker-0] INFO  impl.RaftServerProxy (RaftServerProxy.java:lambda$close$4(314)) - 97533b1c-7c0e-4acf-a6c1-8f7ac298e9a8: close
2019-09-03 13:27:03,723 [main] INFO  impl.RaftServerProxy (RaftServerProxy.java:lambda$close$4(314)) - 77e0a80b-8a2d-4a4d-80e4-5c2088ef816c: close
2019-09-03 13:27:03,724 [ForkJoinPool.commonPool-worker-0] INFO  impl.RaftServerImpl (RaftServerImpl.java:lambda$shutdown$3(245)) - 97533b1c-7c0e-4acf-a6c1-8f7ac298e9a8: shutdown group-6A547D266DB7
2019-09-03 13:27:03,724 [main] INFO  impl.RaftServerImpl (RaftServerImpl.java:lambda$shutdown$3(245)) - 77e0a80b-8a2d-4a4d-80e4-5c2088ef816c: shutdown group-94F965CA4C11
2019-09-03 13:27:03,724 [ForkJoinPool.commonPool-worker-0] INFO  util.JmxRegister (JmxRegister.java:unregister(73)) - Successfully un-registered JMX Bean with object name Ratis:service=RaftServer,group=group-6A547D266DB7,id=97533b1c-7c0e-4acf-a6c1-8f7ac298e9a8
2019-09-03 13:27:03,725 [main] INFO  util.JmxRegister (JmxRegister.java:unregister(73)) - Successfully un-registered JMX Bean with object name Ratis:service=RaftServer,group=group-94F965CA4C11,id=77e0a80b-8a2d-4a4d-80e4-5c2088ef816c
2019-09-03 13:27:03,725 [ForkJoinPool.commonPool-worker-0] INFO  impl.RoleInfo (RoleInfo.java:shutdownFollowerState(121)) - 97533b1c-7c0e-4acf-a6c1-8f7ac298e9a8: shutdown FollowerState
2019-09-03 13:27:03,725 [main] INFO  impl.RoleInfo (RoleInfo.java:shutdownLeaderState(104)) - 77e0a80b-8a2d-4a4d-80e4-5c2088ef816c: shutdown LeaderState
2019-09-03 13:27:03,726 [StateMachineUpdater:97533b1c-7c0e-4acf-a6c1-8f7ac298e9a8:group-6A547D266DB7] INFO  ratis.ContainerStateMachine (ContainerStateMachine.java:takeSnapshot(284)) - group-6A547D266DB7: Taking a snapshot at:(t:2, i:6) file /workdir/hadoop-ozone/integration-test/target/test-dir/MiniOzoneClusterImpl-5ccca07a-eefb-4de6-a136-ad00c66ed42b/datanode-1/data/ratis/492c6e13-f2d0-4acd-b16f-6a547d266db7/sm/snapshot.2_6
2019-09-03 13:27:03,726 [Thread-811] INFO  impl.FollowerState (FollowerState.java:run(114)) - 97533b1c-7c0e-4acf-a6c1-8f7ac298e9a8: FollowerState was interrupted: java.lang.InterruptedException: sleep interrupted
2019-09-03 13:27:03,726 [ForkJoinPool.commonPool-worker-0] INFO  impl.StateMachineUpdater (StateMachineUpdater.java:stopAndJoin(115)) - StateMachineUpdater:97533b1c-7c0e-4acf-a6c1-8f7ac298e9a8:group-6A547D266DB7: set stopIndex = 8
2019-09-03 13:27:03,726 [main] INFO  impl.PendingRequests (PendingRequests.java:sendNotLeaderResponses(202)) - 77e0a80b-8a2d-4a4d-80e4-5c2088ef816c-PendingRequests: sendNotLeaderResponses
2019-09-03 13:27:03,733 [main] INFO  impl.StateMachineUpdater (StateMachineUpdater.java:stopAndJoin(115)) - StateMachineUpdater:77e0a80b-8a2d-4a4d-80e4-5c2088ef816c:group-94F965CA4C11: set stopIndex = 0
2019-09-03 13:27:03,736 [main] INFO  impl.RaftServerImpl (ServerState.java:close(394)) - 77e0a80b-8a2d-4a4d-80e4-5c2088ef816c:group-94F965CA4C11 closes. The last applied log index is 0
2019-09-03 13:27:03,737 [77e0a80b-8a2d-4a4d-80e4-5c2088ef816c-SegmentedRaftLogWorker:Storage Directory /workdir/hadoop-ozone/integration-test/target/test-dir/MiniOzoneClusterImpl-5ccca07a-eefb-4de6-a136-ad00c66ed42b/datanode-4/data/ratis/bcb98dde-d48d-4db5-a459-94f965ca4c11] INFO  segmented.SegmentedRaftLogWorker (SegmentedRaftLogWorker.java:run(313)) - 77e0a80b-8a2d-4a4d-80e4-5c2088ef816c-SegmentedRaftLogWorker:Storage Directory /workdir/hadoop-ozone/integration-test/target/test-dir/MiniOzoneClusterImpl-5ccca07a-eefb-4de6-a136-ad00c66ed42b/datanode-4/data/ratis/bcb98dde-d48d-4db5-a459-94f965ca4c11 was interrupted, exiting. There are 0 tasks remaining in the queue.
2019-09-03 13:27:03,742 [main] INFO  segmented.SegmentedRaftLogWorker (SegmentedRaftLogWorker.java:close(228)) - 77e0a80b-8a2d-4a4d-80e4-5c2088ef816c-SegmentedRaftLogWorker:Storage Directory /workdir/hadoop-ozone/integration-test/target/test-dir/MiniOzoneClusterImpl-5ccca07a-eefb-4de6-a136-ad00c66ed42b/datanode-4/data/ratis/bcb98dde-d48d-4db5-a459-94f965ca4c11 close()
2019-09-03 13:27:03,742 [StateMachineUpdater:97533b1c-7c0e-4acf-a6c1-8f7ac298e9a8:group-6A547D266DB7] INFO  ratis.ContainerStateMachine (ContainerStateMachine.java:takeSnapshot(295)) - group-6A547D266DB7: Finished taking a snapshot at:(t:2, i:6) file:/workdir/hadoop-ozone/integration-test/target/test-dir/MiniOzoneClusterImpl-5ccca07a-eefb-4de6-a136-ad00c66ed42b/datanode-1/data/ratis/492c6e13-f2d0-4acd-b16f-6a547d266db7/sm/snapshot.2_6 time:17
2019-09-03 13:27:03,747 [StateMachineUpdater:97533b1c-7c0e-4acf-a6c1-8f7ac298e9a8:group-6A547D266DB7] INFO  impl.StateMachineUpdater (StateMachineUpdater.java:takeSnapshot(242)) - StateMachineUpdater:97533b1c-7c0e-4acf-a6c1-8f7ac298e9a8:group-6A547D266DB7: Took a snapshot at index 6
2019-09-03 13:27:03,747 [main] INFO  server.GrpcService (GrpcService.java:closeImpl(155)) - 77e0a80b-8a2d-4a4d-80e4-5c2088ef816c: shutdown server with port 43898 now
2019-09-03 13:27:03,747 [StateMachineUpdater:97533b1c-7c0e-4acf-a6c1-8f7ac298e9a8:group-6A547D266DB7] INFO  impl.StateMachineUpdater (StateMachineUpdater.java:lambda$new$0(80)) - StateMachineUpdater:97533b1c-7c0e-4acf-a6c1-8f7ac298e9a8:group-6A547D266DB7: snapshotIndex: updateIncreasingly -1 -> 6
2019-09-03 13:27:03,750 [main] INFO  server.GrpcService (GrpcService.java:closeImpl(163)) - 77e0a80b-8a2d-4a4d-80e4-5c2088ef816c: shutdown server with port 43898 successfully
2019-09-03 13:27:03,750 [ForkJoinPool.commonPool-worker-0] INFO  impl.RaftServerImpl (ServerState.java:close(394)) - 97533b1c-7c0e-4acf-a6c1-8f7ac298e9a8:group-6A547D266DB7 closes. The last applied log index is 8
2019-09-03 13:27:03,751 [97533b1c-7c0e-4acf-a6c1-8f7ac298e9a8-SegmentedRaftLogWorker:Storage Directory /workdir/hadoop-ozone/integration-test/target/test-dir/MiniOzoneClusterImpl-5ccca07a-eefb-4de6-a136-ad00c66ed42b/datanode-1/data/ratis/492c6e13-f2d0-4acd-b16f-6a547d266db7] INFO  segmented.SegmentedRaftLogWorker (SegmentedRaftLogWorker.java:run(313)) - 97533b1c-7c0e-4acf-a6c1-8f7ac298e9a8-SegmentedRaftLogWorker:Storage Directory /workdir/hadoop-ozone/integration-test/target/test-dir/MiniOzoneClusterImpl-5ccca07a-eefb-4de6-a136-ad00c66ed42b/datanode-1/data/ratis/492c6e13-f2d0-4acd-b16f-6a547d266db7 was interrupted, exiting. There are 0 tasks remaining in the queue.
2019-09-03 13:27:03,755 [ForkJoinPool.commonPool-worker-0] INFO  segmented.SegmentedRaftLogWorker (SegmentedRaftLogWorker.java:close(228)) - 97533b1c-7c0e-4acf-a6c1-8f7ac298e9a8-SegmentedRaftLogWorker:Storage Directory /workdir/hadoop-ozone/integration-test/target/test-dir/MiniOzoneClusterImpl-5ccca07a-eefb-4de6-a136-ad00c66ed42b/datanode-1/data/ratis/492c6e13-f2d0-4acd-b16f-6a547d266db7 close()
2019-09-03 13:27:03,760 [ForkJoinPool.commonPool-worker-0] INFO  impl.RaftServerImpl (RaftServerImpl.java:lambda$shutdown$3(245)) - 97533b1c-7c0e-4acf-a6c1-8f7ac298e9a8: shutdown group-8DB154367C02
2019-09-03 13:27:03,760 [refreshUsed-/workdir/hadoop-ozone/integration-test/target/test-dir/MiniOzoneClusterImpl-5ccca07a-eefb-4de6-a136-ad00c66ed42b/datanode-4/data/containers] WARN  fs.CachingGetSpaceUsed (CachingGetSpaceUsed.java:run(183)) - Thread Interrupted waiting to refresh disk information: sleep interrupted
2019-09-03 13:27:03,760 [ForkJoinPool.commonPool-worker-0] INFO  util.JmxRegister (JmxRegister.java:unregister(73)) - Successfully un-registered JMX Bean with object name Ratis:service=RaftServer,group=group-8DB154367C02,id=97533b1c-7c0e-4acf-a6c1-8f7ac298e9a8
2019-09-03 13:27:03,760 [ForkJoinPool.commonPool-worker-0] INFO  impl.RoleInfo (RoleInfo.java:shutdownLeaderState(104)) - 97533b1c-7c0e-4acf-a6c1-8f7ac298e9a8: shutdown LeaderState
2019-09-03 13:27:03,761 [ForkJoinPool.commonPool-worker-0] INFO  impl.PendingRequests (PendingRequests.java:sendNotLeaderResponses(202)) - 97533b1c-7c0e-4acf-a6c1-8f7ac298e9a8-PendingRequests: sendNotLeaderResponses
2019-09-03 13:27:03,761 [ForkJoinPool.commonPool-worker-0] INFO  impl.StateMachineUpdater (StateMachineUpdater.java:stopAndJoin(115)) - StateMachineUpdater:97533b1c-7c0e-4acf-a6c1-8f7ac298e9a8:group-8DB154367C02: set stopIndex = 0
2019-09-03 13:27:03,763 [ForkJoinPool.commonPool-worker-0] INFO  impl.RaftServerImpl (ServerState.java:close(394)) - 97533b1c-7c0e-4acf-a6c1-8f7ac298e9a8:group-8DB154367C02 closes. The last applied log index is 0
2019-09-03 13:27:03,764 [97533b1c-7c0e-4acf-a6c1-8f7ac298e9a8-SegmentedRaftLogWorker:Storage Directory /workdir/hadoop-ozone/integration-test/target/test-dir/MiniOzoneClusterImpl-5ccca07a-eefb-4de6-a136-ad00c66ed42b/datanode-1/data/ratis/6d924c89-bef2-44d2-afb4-8db154367c02] INFO  segmented.SegmentedRaftLogWorker (SegmentedRaftLogWorker.java:run(313)) - 97533b1c-7c0e-4acf-a6c1-8f7ac298e9a8-SegmentedRaftLogWorker:Storage Directory /workdir/hadoop-ozone/integration-test/target/test-dir/MiniOzoneClusterImpl-5ccca07a-eefb-4de6-a136-ad00c66ed42b/datanode-1/data/ratis/6d924c89-bef2-44d2-afb4-8db154367c02 was interrupted, exiting. There are 0 tasks remaining in the queue.
2019-09-03 13:27:03,767 [ForkJoinPool.commonPool-worker-0] INFO  segmented.SegmentedRaftLogWorker (SegmentedRaftLogWorker.java:close(228)) - 97533b1c-7c0e-4acf-a6c1-8f7ac298e9a8-SegmentedRaftLogWorker:Storage Directory /workdir/hadoop-ozone/integration-test/target/test-dir/MiniOzoneClusterImpl-5ccca07a-eefb-4de6-a136-ad00c66ed42b/datanode-1/data/ratis/6d924c89-bef2-44d2-afb4-8db154367c02 close()
2019-09-03 13:27:03,771 [ForkJoinPool.commonPool-worker-0] INFO  server.GrpcService (GrpcService.java:closeImpl(155)) - 97533b1c-7c0e-4acf-a6c1-8f7ac298e9a8: shutdown server with port 40465 now
2019-09-03 13:27:03,777 [ForkJoinPool.commonPool-worker-0] INFO  server.GrpcService (GrpcService.java:closeImpl(163)) - 97533b1c-7c0e-4acf-a6c1-8f7ac298e9a8: shutdown server with port 40465 successfully
2019-09-03 13:27:03,778 [grpc-default-executor-7] WARN  server.GrpcServerProtocolService (LogUtils.java:warn(134)) - 97533b1c-7c0e-4acf-a6c1-8f7ac298e9a8: appendEntries onError: org.apache.ratis.thirdparty.io.grpc.StatusRuntimeException: CANCELLED: cancelled before receiving half close
2019-09-03 13:27:03,778 [grpc-default-executor-0] WARN  server.GrpcLogAppender (LogUtils.java:warn(134)) - 64eb636b-e622-44a3-83bf-2cb002fcd160->97533b1c-7c0e-4acf-a6c1-8f7ac298e9a8: Failed appendEntries: org.apache.ratis.thirdparty.io.grpc.StatusRuntimeException: CANCELLED: HTTP/2 error code: CANCEL
Received Rst Stream
2019-09-03 13:27:03,780 [grpc-default-executor-0] INFO  impl.FollowerInfo (FollowerInfo.java:lambda$new$0(50)) - 64eb636b-e622-44a3-83bf-2cb002fcd160->97533b1c-7c0e-4acf-a6c1-8f7ac298e9a8: nextIndex: updateUnconditionally 9 -> 8
2019-09-03 13:27:03,781 [grpc-default-executor-6] WARN  client.GrpcClientProtocolService (LogUtils.java:warn(134)) - 27-OrderedRequestStreamObserver27: onError: org.apache.ratis.thirdparty.io.grpc.StatusRuntimeException: CANCELLED: cancelled before receiving half close
2019-09-03 13:27:03,784 [refreshUsed-/workdir/hadoop-ozone/integration-test/target/test-dir/MiniOzoneClusterImpl-5ccca07a-eefb-4de6-a136-ad00c66ed42b/datanode-1/data/containers] WARN  fs.CachingGetSpaceUsed (CachingGetSpaceUsed.java:run(183)) - Thread Interrupted waiting to refresh disk information: sleep interrupted
2019-09-03 13:27:03,798 [ForkJoinPool.commonPool-worker-0] INFO  utils.BackgroundService (BackgroundService.java:shutdown(148)) - Shutting down service BlockDeletingService
2019-09-03 13:27:03,799 [main] INFO  utils.BackgroundService (BackgroundService.java:shutdown(148)) - Shutting down service BlockDeletingService
2019-09-03 13:27:03,806 [ForkJoinPool.commonPool-worker-0] INFO  statemachine.DatanodeStateMachine (DatanodeStateMachine.java:stopDaemon(395)) - Ozone container server stopped.
2019-09-03 13:27:03,807 [main] INFO  statemachine.DatanodeStateMachine (DatanodeStateMachine.java:stopDaemon(395)) - Ozone container server stopped.
2019-09-03 13:27:03,812 [main] INFO  handler.ContextHandler (ContextHandler.java:doStop(910)) - Stopped o.e.j.w.WebAppContext@36e43829{/,null,UNAVAILABLE}{/hddsDatanode}
2019-09-03 13:27:03,812 [ForkJoinPool.commonPool-worker-0] INFO  handler.ContextHandler (ContextHandler.java:doStop(910)) - Stopped o.e.j.w.WebAppContext@5f36c8e3{/,null,UNAVAILABLE}{/hddsDatanode}
2019-09-03 13:27:03,812 [main] INFO  server.AbstractConnector (AbstractConnector.java:doStop(318)) - Stopped ServerConnector@152c4495{HTTP/1.1,[http/1.1]}{0.0.0.0:0}
2019-09-03 13:27:03,812 [ForkJoinPool.commonPool-worker-0] INFO  server.AbstractConnector (AbstractConnector.java:doStop(318)) - Stopped ServerConnector@4da39ca9{HTTP/1.1,[http/1.1]}{0.0.0.0:0}
2019-09-03 13:27:03,813 [main] INFO  handler.ContextHandler (ContextHandler.java:doStop(910)) - Stopped o.e.j.s.ServletContextHandler@2ceee4b6{/static,jar:file:/home/user/.m2/repository/org/apache/hadoop/hadoop-hdds-container-service/0.5.0-SNAPSHOT/hadoop-hdds-container-service-0.5.0-SNAPSHOT.jar!/webapps/static,UNAVAILABLE}
2019-09-03 13:27:03,815 [ForkJoinPool.commonPool-worker-0] INFO  handler.ContextHandler (ContextHandler.java:doStop(910)) - Stopped o.e.j.s.ServletContextHandler@1823b9c4{/static,jar:file:/home/user/.m2/repository/org/apache/hadoop/hadoop-hdds-container-service/0.5.0-SNAPSHOT/hadoop-hdds-container-service-0.5.0-SNAPSHOT.jar!/webapps/static,UNAVAILABLE}
2019-09-03 13:27:03,815 [main] INFO  handler.ContextHandler (ContextHandler.java:doStop(910)) - Stopped o.e.j.s.ServletContextHandler@77f991c{/logs,file:///workdir/hadoop-ozone/integration-test/target/log,UNAVAILABLE}
2019-09-03 13:27:03,817 [ForkJoinPool.commonPool-worker-0] INFO  handler.ContextHandler (ContextHandler.java:doStop(910)) - Stopped o.e.j.s.ServletContextHandler@68699afc{/logs,file:///workdir/hadoop-ozone/integration-test/target/log,UNAVAILABLE}
2019-09-03 13:27:04,064 [Datanode State Machine Thread - 0] INFO  statemachine.DatanodeStateMachine (DatanodeStateMachine.java:lambda$startDaemon$0(350)) - Ozone container server started.
2019-09-03 13:27:04,189 [Datanode State Machine Thread - 0] INFO  statemachine.DatanodeStateMachine (DatanodeStateMachine.java:lambda$startDaemon$0(350)) - Ozone container server started.
2019-09-03 13:27:04,193 [grpc-default-executor-7] WARN  server.GrpcLogAppender (LogUtils.java:warn(134)) - 64eb636b-e622-44a3-83bf-2cb002fcd160->97533b1c-7c0e-4acf-a6c1-8f7ac298e9a8: Failed appendEntries: org.apache.ratis.thirdparty.io.grpc.StatusRuntimeException: UNAVAILABLE: io exception
2019-09-03 13:27:04,197 [grpc-default-executor-7] INFO  impl.FollowerInfo (FollowerInfo.java:lambda$new$0(50)) - 64eb636b-e622-44a3-83bf-2cb002fcd160->97533b1c-7c0e-4acf-a6c1-8f7ac298e9a8: nextIndex: updateUnconditionally 8 -> 7
2019-09-03 13:27:06,694 [grpc-default-executor-6] WARN  server.GrpcLogAppender (LogUtils.java:warn(134)) - 64eb636b-e622-44a3-83bf-2cb002fcd160->97533b1c-7c0e-4acf-a6c1-8f7ac298e9a8: Failed appendEntries: org.apache.ratis.thirdparty.io.grpc.StatusRuntimeException: UNAVAILABLE: io exception
2019-09-03 13:27:06,698 [grpc-default-executor-6] INFO  impl.FollowerInfo (FollowerInfo.java:lambda$new$0(50)) - 64eb636b-e622-44a3-83bf-2cb002fcd160->97533b1c-7c0e-4acf-a6c1-8f7ac298e9a8: nextIndex: updateUnconditionally 7 -> 6
2019-09-03 13:27:08,819 [main] INFO  ozoneimpl.OzoneContainer (OzoneContainer.java:stop(215)) - Attempting to stop container services.
2019-09-03 13:27:08,819 [ForkJoinPool.commonPool-worker-0] INFO  ozoneimpl.OzoneContainer (OzoneContainer.java:stop(215)) - Attempting to stop container services.
2019-09-03 13:27:08,821 [main] INFO  impl.RaftServerProxy (RaftServerProxy.java:lambda$close$4(314)) - 6a8167cd-c22a-4fc4-a15e-fd6bf639f419: close
2019-09-03 13:27:08,821 [ForkJoinPool.commonPool-worker-0] INFO  impl.RaftServerProxy (RaftServerProxy.java:lambda$close$4(314)) - 93b11029-f257-4e92-bdcf-d2536ff5e681: close
2019-09-03 13:27:08,821 [main] INFO  impl.RaftServerImpl (RaftServerImpl.java:lambda$shutdown$3(245)) - 6a8167cd-c22a-4fc4-a15e-fd6bf639f419: shutdown group-58C057831B68
2019-09-03 13:27:08,821 [ForkJoinPool.commonPool-worker-0] INFO  impl.RaftServerImpl (RaftServerImpl.java:lambda$shutdown$3(245)) - 93b11029-f257-4e92-bdcf-d2536ff5e681: shutdown group-6A547D266DB7
2019-09-03 13:27:08,822 [main] INFO  util.JmxRegister (JmxRegister.java:unregister(73)) - Successfully un-registered JMX Bean with object name Ratis:service=RaftServer,group=group-58C057831B68,id=6a8167cd-c22a-4fc4-a15e-fd6bf639f419
2019-09-03 13:27:08,822 [ForkJoinPool.commonPool-worker-0] INFO  util.JmxRegister (JmxRegister.java:unregister(73)) - Successfully un-registered JMX Bean with object name Ratis:service=RaftServer,group=group-6A547D266DB7,id=93b11029-f257-4e92-bdcf-d2536ff5e681
2019-09-03 13:27:08,823 [main] INFO  impl.RoleInfo (RoleInfo.java:shutdownLeaderState(104)) - 6a8167cd-c22a-4fc4-a15e-fd6bf639f419: shutdown LeaderState
2019-09-03 13:27:08,823 [ForkJoinPool.commonPool-worker-0] INFO  impl.RoleInfo (RoleInfo.java:shutdownFollowerState(121)) - 93b11029-f257-4e92-bdcf-d2536ff5e681: shutdown FollowerState
2019-09-03 13:27:08,829 [main] INFO  impl.PendingRequests (PendingRequests.java:sendNotLeaderResponses(202)) - 6a8167cd-c22a-4fc4-a15e-fd6bf639f419-PendingRequests: sendNotLeaderResponses
2019-09-03 13:27:08,829 [StateMachineUpdater:93b11029-f257-4e92-bdcf-d2536ff5e681:group-6A547D266DB7] INFO  ratis.ContainerStateMachine (ContainerStateMachine.java:takeSnapshot(284)) - group-6A547D266DB7: Taking a snapshot at:(t:2, i:6) file /workdir/hadoop-ozone/integration-test/target/test-dir/MiniOzoneClusterImpl-5ccca07a-eefb-4de6-a136-ad00c66ed42b/datanode-2/data/ratis/492c6e13-f2d0-4acd-b16f-6a547d266db7/sm/snapshot.2_6
2019-09-03 13:27:08,829 [Thread-812] INFO  impl.FollowerState (FollowerState.java:run(114)) - 93b11029-f257-4e92-bdcf-d2536ff5e681: FollowerState was interrupted: java.lang.InterruptedException: sleep interrupted
2019-09-03 13:27:08,829 [org.apache.ratis.server.impl.LogAppender$AppenderDaemon$$Lambda$512/2014357766@2415e111] WARN  server.GrpcLogAppender (GrpcLogAppender.java:mayWait(143)) - GrpcLogAppender(6a8167cd-c22a-4fc4-a15e-fd6bf639f419->9fd2e8bf-6fc9-4e37-b01d-233d0c9c394e): Wait interrupted by java.lang.InterruptedException
2019-09-03 13:27:08,829 [ForkJoinPool.commonPool-worker-0] INFO  impl.StateMachineUpdater (StateMachineUpdater.java:stopAndJoin(115)) - StateMachineUpdater:93b11029-f257-4e92-bdcf-d2536ff5e681:group-6A547D266DB7: set stopIndex = 8
2019-09-03 13:27:08,829 [org.apache.ratis.server.impl.LogAppender$AppenderDaemon$$Lambda$512/2014357766@61176bf7] WARN  server.GrpcLogAppender (GrpcLogAppender.java:mayWait(143)) - GrpcLogAppender(6a8167cd-c22a-4fc4-a15e-fd6bf639f419->c457019c-a5f1-4607-8867-a3c94525b4a3): Wait interrupted by java.lang.InterruptedException
2019-09-03 13:27:08,838 [grpc-default-executor-6] INFO  server.GrpcServerProtocolService (GrpcServerProtocolService.java:onCompleted(104)) - 9fd2e8bf-6fc9-4e37-b01d-233d0c9c394e: appendEntries completed
2019-09-03 13:27:08,830 [main] INFO  impl.StateMachineUpdater (StateMachineUpdater.java:stopAndJoin(115)) - StateMachineUpdater:6a8167cd-c22a-4fc4-a15e-fd6bf639f419:group-58C057831B68: set stopIndex = 0
2019-09-03 13:27:08,841 [grpc-default-executor-7] INFO  server.GrpcServerProtocolService (GrpcServerProtocolService.java:onCompleted(104)) - c457019c-a5f1-4607-8867-a3c94525b4a3: appendEntries completed
2019-09-03 13:27:08,841 [grpc-default-executor-6] INFO  server.GrpcLogAppender (GrpcLogAppender.java:onCompleted(292)) - 6a8167cd-c22a-4fc4-a15e-fd6bf639f419->9fd2e8bf-6fc9-4e37-b01d-233d0c9c394e: follower responses appendEntries COMPLETED
2019-09-03 13:27:08,841 [main] INFO  impl.RaftServerImpl (ServerState.java:close(394)) - 6a8167cd-c22a-4fc4-a15e-fd6bf639f419:group-58C057831B68 closes. The last applied log index is 0
2019-09-03 13:27:08,844 [grpc-default-executor-6] INFO  impl.FollowerInfo (FollowerInfo.java:lambda$new$0(50)) - 6a8167cd-c22a-4fc4-a15e-fd6bf639f419->9fd2e8bf-6fc9-4e37-b01d-233d0c9c394e: nextIndex: updateUnconditionally 1 -> 0
2019-09-03 13:27:08,845 [6a8167cd-c22a-4fc4-a15e-fd6bf639f419-SegmentedRaftLogWorker:Storage Directory /workdir/hadoop-ozone/integration-test/target/test-dir/MiniOzoneClusterImpl-5ccca07a-eefb-4de6-a136-ad00c66ed42b/datanode-3/data/ratis/e19147a1-749b-483c-a298-58c057831b68] INFO  segmented.SegmentedRaftLogWorker (SegmentedRaftLogWorker.java:run(313)) - 6a8167cd-c22a-4fc4-a15e-fd6bf639f419-SegmentedRaftLogWorker:Storage Directory /workdir/hadoop-ozone/integration-test/target/test-dir/MiniOzoneClusterImpl-5ccca07a-eefb-4de6-a136-ad00c66ed42b/datanode-3/data/ratis/e19147a1-749b-483c-a298-58c057831b68 was interrupted, exiting. There are 0 tasks remaining in the queue.
2019-09-03 13:27:08,844 [grpc-default-executor-7] INFO  server.GrpcLogAppender (GrpcLogAppender.java:onCompleted(292)) - 6a8167cd-c22a-4fc4-a15e-fd6bf639f419->c457019c-a5f1-4607-8867-a3c94525b4a3: follower responses appendEntries COMPLETED
2019-09-03 13:27:08,847 [main] INFO  segmented.SegmentedRaftLogWorker (SegmentedRaftLogWorker.java:close(228)) - 6a8167cd-c22a-4fc4-a15e-fd6bf639f419-SegmentedRaftLogWorker:Storage Directory /workdir/hadoop-ozone/integration-test/target/test-dir/MiniOzoneClusterImpl-5ccca07a-eefb-4de6-a136-ad00c66ed42b/datanode-3/data/ratis/e19147a1-749b-483c-a298-58c057831b68 close()
2019-09-03 13:27:08,847 [StateMachineUpdater:93b11029-f257-4e92-bdcf-d2536ff5e681:group-6A547D266DB7] INFO  ratis.ContainerStateMachine (ContainerStateMachine.java:takeSnapshot(295)) - group-6A547D266DB7: Finished taking a snapshot at:(t:2, i:6) file:/workdir/hadoop-ozone/integration-test/target/test-dir/MiniOzoneClusterImpl-5ccca07a-eefb-4de6-a136-ad00c66ed42b/datanode-2/data/ratis/492c6e13-f2d0-4acd-b16f-6a547d266db7/sm/snapshot.2_6 time:17
2019-09-03 13:27:08,862 [main] INFO  impl.RaftServerImpl (RaftServerImpl.java:lambda$shutdown$3(245)) - 6a8167cd-c22a-4fc4-a15e-fd6bf639f419: shutdown group-FD4180FCB994
2019-09-03 13:27:08,862 [grpc-default-executor-7] INFO  impl.FollowerInfo (FollowerInfo.java:lambda$new$0(50)) - 6a8167cd-c22a-4fc4-a15e-fd6bf639f419->c457019c-a5f1-4607-8867-a3c94525b4a3: nextIndex: updateUnconditionally 1 -> 0
2019-09-03 13:27:08,863 [main] INFO  util.JmxRegister (JmxRegister.java:unregister(73)) - Successfully un-registered JMX Bean with object name Ratis:service=RaftServer,group=group-FD4180FCB994,id=6a8167cd-c22a-4fc4-a15e-fd6bf639f419
2019-09-03 13:27:08,864 [main] INFO  impl.RoleInfo (RoleInfo.java:shutdownLeaderState(104)) - 6a8167cd-c22a-4fc4-a15e-fd6bf639f419: shutdown LeaderState
2019-09-03 13:27:08,862 [StateMachineUpdater:93b11029-f257-4e92-bdcf-d2536ff5e681:group-6A547D266DB7] INFO  impl.StateMachineUpdater (StateMachineUpdater.java:takeSnapshot(242)) - StateMachineUpdater:93b11029-f257-4e92-bdcf-d2536ff5e681:group-6A547D266DB7: Took a snapshot at index 6
2019-09-03 13:27:08,864 [main] INFO  impl.PendingRequests (PendingRequests.java:sendNotLeaderResponses(202)) - 6a8167cd-c22a-4fc4-a15e-fd6bf639f419-PendingRequests: sendNotLeaderResponses
2019-09-03 13:27:08,864 [StateMachineUpdater:93b11029-f257-4e92-bdcf-d2536ff5e681:group-6A547D266DB7] INFO  impl.StateMachineUpdater (StateMachineUpdater.java:lambda$new$0(80)) - StateMachineUpdater:93b11029-f257-4e92-bdcf-d2536ff5e681:group-6A547D266DB7: snapshotIndex: updateIncreasingly -1 -> 6
2019-09-03 13:27:08,865 [main] INFO  impl.StateMachineUpdater (StateMachineUpdater.java:stopAndJoin(115)) - StateMachineUpdater:6a8167cd-c22a-4fc4-a15e-fd6bf639f419:group-FD4180FCB994: set stopIndex = 0
2019-09-03 13:27:08,867 [ForkJoinPool.commonPool-worker-0] INFO  impl.RaftServerImpl (ServerState.java:close(394)) - 93b11029-f257-4e92-bdcf-d2536ff5e681:group-6A547D266DB7 closes. The last applied log index is 8
2019-09-03 13:27:08,868 [main] INFO  impl.RaftServerImpl (ServerState.java:close(394)) - 6a8167cd-c22a-4fc4-a15e-fd6bf639f419:group-FD4180FCB994 closes. The last applied log index is 0
2019-09-03 13:27:08,868 [93b11029-f257-4e92-bdcf-d2536ff5e681-SegmentedRaftLogWorker:Storage Directory /workdir/hadoop-ozone/integration-test/target/test-dir/MiniOzoneClusterImpl-5ccca07a-eefb-4de6-a136-ad00c66ed42b/datanode-2/data/ratis/492c6e13-f2d0-4acd-b16f-6a547d266db7] INFO  segmented.SegmentedRaftLogWorker (SegmentedRaftLogWorker.java:run(313)) - 93b11029-f257-4e92-bdcf-d2536ff5e681-SegmentedRaftLogWorker:Storage Directory /workdir/hadoop-ozone/integration-test/target/test-dir/MiniOzoneClusterImpl-5ccca07a-eefb-4de6-a136-ad00c66ed42b/datanode-2/data/ratis/492c6e13-f2d0-4acd-b16f-6a547d266db7 was interrupted, exiting. There are 0 tasks remaining in the queue.
2019-09-03 13:27:08,869 [6a8167cd-c22a-4fc4-a15e-fd6bf639f419-SegmentedRaftLogWorker:Storage Directory /workdir/hadoop-ozone/integration-test/target/test-dir/MiniOzoneClusterImpl-5ccca07a-eefb-4de6-a136-ad00c66ed42b/datanode-3/data/ratis/e960dfc0-5918-4454-a2af-fd4180fcb994] INFO  segmented.SegmentedRaftLogWorker (SegmentedRaftLogWorker.java:run(313)) - 6a8167cd-c22a-4fc4-a15e-fd6bf639f419-SegmentedRaftLogWorker:Storage Directory /workdir/hadoop-ozone/integration-test/target/test-dir/MiniOzoneClusterImpl-5ccca07a-eefb-4de6-a136-ad00c66ed42b/datanode-3/data/ratis/e960dfc0-5918-4454-a2af-fd4180fcb994 was interrupted, exiting. There are 0 tasks remaining in the queue.
2019-09-03 13:27:08,871 [ForkJoinPool.commonPool-worker-0] INFO  segmented.SegmentedRaftLogWorker (SegmentedRaftLogWorker.java:close(228)) - 93b11029-f257-4e92-bdcf-d2536ff5e681-SegmentedRaftLogWorker:Storage Directory /workdir/hadoop-ozone/integration-test/target/test-dir/MiniOzoneClusterImpl-5ccca07a-eefb-4de6-a136-ad00c66ed42b/datanode-2/data/ratis/492c6e13-f2d0-4acd-b16f-6a547d266db7 close()
2019-09-03 13:27:08,872 [main] INFO  segmented.SegmentedRaftLogWorker (SegmentedRaftLogWorker.java:close(228)) - 6a8167cd-c22a-4fc4-a15e-fd6bf639f419-SegmentedRaftLogWorker:Storage Directory /workdir/hadoop-ozone/integration-test/target/test-dir/MiniOzoneClusterImpl-5ccca07a-eefb-4de6-a136-ad00c66ed42b/datanode-3/data/ratis/e960dfc0-5918-4454-a2af-fd4180fcb994 close()
2019-09-03 13:27:08,875 [ForkJoinPool.commonPool-worker-0] INFO  impl.RaftServerImpl (RaftServerImpl.java:lambda$shutdown$3(245)) - 93b11029-f257-4e92-bdcf-d2536ff5e681: shutdown group-20B15A7549B9
2019-09-03 13:27:08,877 [main] INFO  server.GrpcService (GrpcService.java:closeImpl(155)) - 6a8167cd-c22a-4fc4-a15e-fd6bf639f419: shutdown server with port 34640 now
2019-09-03 13:27:08,877 [ForkJoinPool.commonPool-worker-0] INFO  util.JmxRegister (JmxRegister.java:unregister(73)) - Successfully un-registered JMX Bean with object name Ratis:service=RaftServer,group=group-20B15A7549B9,id=93b11029-f257-4e92-bdcf-d2536ff5e681
2019-09-03 13:27:08,880 [ForkJoinPool.commonPool-worker-0] INFO  impl.RoleInfo (RoleInfo.java:shutdownLeaderState(104)) - 93b11029-f257-4e92-bdcf-d2536ff5e681: shutdown LeaderState
2019-09-03 13:27:08,880 [main] INFO  server.GrpcService (GrpcService.java:closeImpl(163)) - 6a8167cd-c22a-4fc4-a15e-fd6bf639f419: shutdown server with port 34640 successfully
2019-09-03 13:27:08,880 [ForkJoinPool.commonPool-worker-0] INFO  impl.PendingRequests (PendingRequests.java:sendNotLeaderResponses(202)) - 93b11029-f257-4e92-bdcf-d2536ff5e681-PendingRequests: sendNotLeaderResponses
2019-09-03 13:27:08,881 [ForkJoinPool.commonPool-worker-0] INFO  impl.StateMachineUpdater (StateMachineUpdater.java:stopAndJoin(115)) - StateMachineUpdater:93b11029-f257-4e92-bdcf-d2536ff5e681:group-20B15A7549B9: set stopIndex = 0
2019-09-03 13:27:08,883 [ForkJoinPool.commonPool-worker-0] INFO  impl.RaftServerImpl (ServerState.java:close(394)) - 93b11029-f257-4e92-bdcf-d2536ff5e681:group-20B15A7549B9 closes. The last applied log index is 0
2019-09-03 13:27:08,884 [93b11029-f257-4e92-bdcf-d2536ff5e681-SegmentedRaftLogWorker:Storage Directory /workdir/hadoop-ozone/integration-test/target/test-dir/MiniOzoneClusterImpl-5ccca07a-eefb-4de6-a136-ad00c66ed42b/datanode-2/data/ratis/c0c09184-14b0-4d26-9573-20b15a7549b9] INFO  segmented.SegmentedRaftLogWorker (SegmentedRaftLogWorker.java:run(313)) - 93b11029-f257-4e92-bdcf-d2536ff5e681-SegmentedRaftLogWorker:Storage Directory /workdir/hadoop-ozone/integration-test/target/test-dir/MiniOzoneClusterImpl-5ccca07a-eefb-4de6-a136-ad00c66ed42b/datanode-2/data/ratis/c0c09184-14b0-4d26-9573-20b15a7549b9 was interrupted, exiting. There are 0 tasks remaining in the queue.
2019-09-03 13:27:08,886 [ForkJoinPool.commonPool-worker-0] INFO  segmented.SegmentedRaftLogWorker (SegmentedRaftLogWorker.java:close(228)) - 93b11029-f257-4e92-bdcf-d2536ff5e681-SegmentedRaftLogWorker:Storage Directory /workdir/hadoop-ozone/integration-test/target/test-dir/MiniOzoneClusterImpl-5ccca07a-eefb-4de6-a136-ad00c66ed42b/datanode-2/data/ratis/c0c09184-14b0-4d26-9573-20b15a7549b9 close()
2019-09-03 13:27:08,889 [ForkJoinPool.commonPool-worker-0] INFO  server.GrpcService (GrpcService.java:closeImpl(155)) - 93b11029-f257-4e92-bdcf-d2536ff5e681: shutdown server with port 44576 now
2019-09-03 13:27:08,893 [grpc-default-executor-6] WARN  server.GrpcServerProtocolService (LogUtils.java:warn(134)) - 93b11029-f257-4e92-bdcf-d2536ff5e681: appendEntries onError: org.apache.ratis.thirdparty.io.grpc.StatusRuntimeException: CANCELLED: cancelled before receiving half close
2019-09-03 13:27:08,893 [grpc-default-executor-0] WARN  server.GrpcLogAppender (LogUtils.java:warn(134)) - 64eb636b-e622-44a3-83bf-2cb002fcd160->93b11029-f257-4e92-bdcf-d2536ff5e681: Failed appendEntries: org.apache.ratis.thirdparty.io.grpc.StatusRuntimeException: CANCELLED: HTTP/2 error code: CANCEL
Received Rst Stream
2019-09-03 13:27:08,893 [ForkJoinPool.commonPool-worker-0] INFO  server.GrpcService (GrpcService.java:closeImpl(163)) - 93b11029-f257-4e92-bdcf-d2536ff5e681: shutdown server with port 44576 successfully
2019-09-03 13:27:08,896 [grpc-default-executor-0] INFO  impl.FollowerInfo (FollowerInfo.java:lambda$new$0(50)) - 64eb636b-e622-44a3-83bf-2cb002fcd160->93b11029-f257-4e92-bdcf-d2536ff5e681: nextIndex: updateUnconditionally 9 -> 8
2019-09-03 13:27:08,899 [refreshUsed-/workdir/hadoop-ozone/integration-test/target/test-dir/MiniOzoneClusterImpl-5ccca07a-eefb-4de6-a136-ad00c66ed42b/datanode-3/data/containers] WARN  fs.CachingGetSpaceUsed (CachingGetSpaceUsed.java:run(183)) - Thread Interrupted waiting to refresh disk information: sleep interrupted
2019-09-03 13:27:08,900 [refreshUsed-/workdir/hadoop-ozone/integration-test/target/test-dir/MiniOzoneClusterImpl-5ccca07a-eefb-4de6-a136-ad00c66ed42b/datanode-2/data/containers] WARN  fs.CachingGetSpaceUsed (CachingGetSpaceUsed.java:run(183)) - Thread Interrupted waiting to refresh disk information: sleep interrupted
2019-09-03 13:27:08,904 [grpc-default-executor-7] WARN  server.GrpcLogAppender (LogUtils.java:warn(134)) - 64eb636b-e622-44a3-83bf-2cb002fcd160->93b11029-f257-4e92-bdcf-d2536ff5e681: Failed appendEntries: org.apache.ratis.thirdparty.io.grpc.StatusRuntimeException: UNAVAILABLE: io exception
2019-09-03 13:27:08,906 [grpc-default-executor-7] INFO  impl.FollowerInfo (FollowerInfo.java:lambda$new$0(50)) - 64eb636b-e622-44a3-83bf-2cb002fcd160->93b11029-f257-4e92-bdcf-d2536ff5e681: nextIndex: updateUnconditionally 8 -> 7
2019-09-03 13:27:08,922 [ForkJoinPool.commonPool-worker-0] INFO  utils.BackgroundService (BackgroundService.java:shutdown(148)) - Shutting down service BlockDeletingService
2019-09-03 13:27:08,922 [main] INFO  utils.BackgroundService (BackgroundService.java:shutdown(148)) - Shutting down service BlockDeletingService
2019-09-03 13:27:08,928 [ForkJoinPool.commonPool-worker-0] INFO  statemachine.DatanodeStateMachine (DatanodeStateMachine.java:stopDaemon(395)) - Ozone container server stopped.
2019-09-03 13:27:08,934 [main] INFO  statemachine.DatanodeStateMachine (DatanodeStateMachine.java:stopDaemon(395)) - Ozone container server stopped.
2019-09-03 13:27:08,936 [ForkJoinPool.commonPool-worker-0] INFO  handler.ContextHandler (ContextHandler.java:doStop(910)) - Stopped o.e.j.w.WebAppContext@1e1eeedd{/,null,UNAVAILABLE}{/hddsDatanode}
2019-09-03 13:27:08,936 [main] INFO  handler.ContextHandler (ContextHandler.java:doStop(910)) - Stopped o.e.j.w.WebAppContext@7112ce6{/,null,UNAVAILABLE}{/hddsDatanode}
2019-09-03 13:27:08,937 [ForkJoinPool.commonPool-worker-0] INFO  server.AbstractConnector (AbstractConnector.java:doStop(318)) - Stopped ServerConnector@798256c5{HTTP/1.1,[http/1.1]}{0.0.0.0:0}
2019-09-03 13:27:08,937 [main] INFO  server.AbstractConnector (AbstractConnector.java:doStop(318)) - Stopped ServerConnector@558b4942{HTTP/1.1,[http/1.1]}{0.0.0.0:0}
2019-09-03 13:27:08,938 [ForkJoinPool.commonPool-worker-0] INFO  handler.ContextHandler (ContextHandler.java:doStop(910)) - Stopped o.e.j.s.ServletContextHandler@276cc8dc{/static,jar:file:/home/user/.m2/repository/org/apache/hadoop/hadoop-hdds-container-service/0.5.0-SNAPSHOT/hadoop-hdds-container-service-0.5.0-SNAPSHOT.jar!/webapps/static,UNAVAILABLE}
2019-09-03 13:27:08,939 [main] INFO  handler.ContextHandler (ContextHandler.java:doStop(910)) - Stopped o.e.j.s.ServletContextHandler@58253c57{/static,jar:file:/home/user/.m2/repository/org/apache/hadoop/hadoop-hdds-container-service/0.5.0-SNAPSHOT/hadoop-hdds-container-service-0.5.0-SNAPSHOT.jar!/webapps/static,UNAVAILABLE}
2019-09-03 13:27:08,940 [ForkJoinPool.commonPool-worker-0] INFO  handler.ContextHandler (ContextHandler.java:doStop(910)) - Stopped o.e.j.s.ServletContextHandler@3b4a1a75{/logs,file:///workdir/hadoop-ozone/integration-test/target/log,UNAVAILABLE}
2019-09-03 13:27:08,941 [main] INFO  handler.ContextHandler (ContextHandler.java:doStop(910)) - Stopped o.e.j.s.ServletContextHandler@71ed560f{/logs,file:///workdir/hadoop-ozone/integration-test/target/log,UNAVAILABLE}
2019-09-03 13:27:09,096 [Datanode State Machine Thread - 0] INFO  statemachine.DatanodeStateMachine (DatanodeStateMachine.java:lambda$startDaemon$0(350)) - Ozone container server started.
2019-09-03 13:27:09,195 [grpc-default-executor-7] WARN  server.GrpcLogAppender (LogUtils.java:warn(134)) - 64eb636b-e622-44a3-83bf-2cb002fcd160->97533b1c-7c0e-4acf-a6c1-8f7ac298e9a8: Failed appendEntries: org.apache.ratis.thirdparty.io.grpc.StatusRuntimeException: UNAVAILABLE: io exception
2019-09-03 13:27:09,198 [grpc-default-executor-7] INFO  impl.FollowerInfo (FollowerInfo.java:lambda$new$0(50)) - 64eb636b-e622-44a3-83bf-2cb002fcd160->97533b1c-7c0e-4acf-a6c1-8f7ac298e9a8: nextIndex: updateUnconditionally 6 -> 5
2019-09-03 13:27:09,389 [Datanode State Machine Thread - 0] INFO  statemachine.DatanodeStateMachine (DatanodeStateMachine.java:lambda$startDaemon$0(350)) - Ozone container server started.
2019-09-03 13:27:11,404 [grpc-default-executor-7] WARN  server.GrpcLogAppender (LogUtils.java:warn(134)) - 64eb636b-e622-44a3-83bf-2cb002fcd160->93b11029-f257-4e92-bdcf-d2536ff5e681: Failed appendEntries: org.apache.ratis.thirdparty.io.grpc.StatusRuntimeException: UNAVAILABLE: io exception
2019-09-03 13:27:11,407 [grpc-default-executor-7] INFO  impl.FollowerInfo (FollowerInfo.java:lambda$new$0(50)) - 64eb636b-e622-44a3-83bf-2cb002fcd160->93b11029-f257-4e92-bdcf-d2536ff5e681: nextIndex: updateUnconditionally 7 -> 6
2019-09-03 13:27:11,696 [grpc-default-executor-7] WARN  server.GrpcLogAppender (LogUtils.java:warn(134)) - 64eb636b-e622-44a3-83bf-2cb002fcd160->97533b1c-7c0e-4acf-a6c1-8f7ac298e9a8: Failed appendEntries: org.apache.ratis.thirdparty.io.grpc.StatusRuntimeException: UNAVAILABLE: io exception
2019-09-03 13:27:11,698 [grpc-default-executor-7] INFO  impl.FollowerInfo (FollowerInfo.java:lambda$new$0(50)) - 64eb636b-e622-44a3-83bf-2cb002fcd160->97533b1c-7c0e-4acf-a6c1-8f7ac298e9a8: nextIndex: updateUnconditionally 5 -> 4
2019-09-03 13:27:13,906 [grpc-default-executor-7] WARN  server.GrpcLogAppender (LogUtils.java:warn(134)) - 64eb636b-e622-44a3-83bf-2cb002fcd160->93b11029-f257-4e92-bdcf-d2536ff5e681: Failed appendEntries: org.apache.ratis.thirdparty.io.grpc.StatusRuntimeException: UNAVAILABLE: io exception
2019-09-03 13:27:13,914 [grpc-default-executor-7] INFO  impl.FollowerInfo (FollowerInfo.java:lambda$new$0(50)) - 64eb636b-e622-44a3-83bf-2cb002fcd160->93b11029-f257-4e92-bdcf-d2536ff5e681: nextIndex: updateUnconditionally 6 -> 5
2019-09-03 13:27:13,943 [ForkJoinPool.commonPool-worker-0] INFO  ozoneimpl.OzoneContainer (OzoneContainer.java:stop(215)) - Attempting to stop container services.
2019-09-03 13:27:13,943 [ForkJoinPool.commonPool-worker-0] INFO  impl.RaftServerProxy (RaftServerProxy.java:lambda$close$4(314)) - 64eb636b-e622-44a3-83bf-2cb002fcd160: close
2019-09-03 13:27:13,944 [main] INFO  ozoneimpl.OzoneContainer (OzoneContainer.java:stop(215)) - Attempting to stop container services.
2019-09-03 13:27:13,945 [ForkJoinPool.commonPool-worker-0] INFO  impl.RaftServerImpl (RaftServerImpl.java:lambda$shutdown$3(245)) - 64eb636b-e622-44a3-83bf-2cb002fcd160: shutdown group-6A547D266DB7
2019-09-03 13:27:13,945 [main] INFO  impl.RaftServerProxy (RaftServerProxy.java:lambda$close$4(314)) - c457019c-a5f1-4607-8867-a3c94525b4a3: close
2019-09-03 13:27:13,946 [ForkJoinPool.commonPool-worker-0] INFO  util.JmxRegister (JmxRegister.java:unregister(73)) - Successfully un-registered JMX Bean with object name Ratis:service=RaftServer,group=group-6A547D266DB7,id=64eb636b-e622-44a3-83bf-2cb002fcd160
2019-09-03 13:27:13,946 [main] INFO  impl.RaftServerImpl (RaftServerImpl.java:lambda$shutdown$3(245)) - c457019c-a5f1-4607-8867-a3c94525b4a3: shutdown group-58C057831B68
2019-09-03 13:27:13,947 [ForkJoinPool.commonPool-worker-0] INFO  impl.RoleInfo (RoleInfo.java:shutdownLeaderState(104)) - 64eb636b-e622-44a3-83bf-2cb002fcd160: shutdown LeaderState
2019-09-03 13:27:13,947 [main] INFO  util.JmxRegister (JmxRegister.java:unregister(73)) - Successfully un-registered JMX Bean with object name Ratis:service=RaftServer,group=group-58C057831B68,id=c457019c-a5f1-4607-8867-a3c94525b4a3
2019-09-03 13:27:13,951 [ForkJoinPool.commonPool-worker-0] INFO  impl.PendingRequests (PendingRequests.java:sendNotLeaderResponses(202)) - 64eb636b-e622-44a3-83bf-2cb002fcd160-PendingRequests: sendNotLeaderResponses
2019-09-03 13:27:13,951 [org.apache.ratis.server.impl.LogAppender$AppenderDaemon$$Lambda$512/2014357766@6188acfc] WARN  server.GrpcLogAppender (GrpcLogAppender.java:mayWait(143)) - GrpcLogAppender(64eb636b-e622-44a3-83bf-2cb002fcd160->93b11029-f257-4e92-bdcf-d2536ff5e681): Wait interrupted by java.lang.InterruptedException
2019-09-03 13:27:13,951 [org.apache.ratis.server.impl.LogAppender$AppenderDaemon$$Lambda$512/2014357766@248a3ea9] WARN  server.GrpcLogAppender (GrpcLogAppender.java:mayWait(143)) - GrpcLogAppender(64eb636b-e622-44a3-83bf-2cb002fcd160->97533b1c-7c0e-4acf-a6c1-8f7ac298e9a8): Wait interrupted by java.lang.InterruptedException
2019-09-03 13:27:13,951 [main] INFO  impl.RoleInfo (RoleInfo.java:shutdownFollowerState(121)) - c457019c-a5f1-4607-8867-a3c94525b4a3: shutdown FollowerState
2019-09-03 13:27:13,955 [main] INFO  impl.StateMachineUpdater (StateMachineUpdater.java:stopAndJoin(115)) - StateMachineUpdater:c457019c-a5f1-4607-8867-a3c94525b4a3:group-58C057831B68: set stopIndex = 0
2019-09-03 13:27:13,958 [ForkJoinPool.commonPool-worker-0] INFO  impl.StateMachineUpdater (StateMachineUpdater.java:stopAndJoin(115)) - StateMachineUpdater:64eb636b-e622-44a3-83bf-2cb002fcd160:group-6A547D266DB7: set stopIndex = 8
2019-09-03 13:27:13,958 [StateMachineUpdater:64eb636b-e622-44a3-83bf-2cb002fcd160:group-6A547D266DB7] INFO  ratis.ContainerStateMachine (ContainerStateMachine.java:takeSnapshot(284)) - group-6A547D266DB7: Taking a snapshot at:(t:2, i:6) file /workdir/hadoop-ozone/integration-test/target/test-dir/MiniOzoneClusterImpl-5ccca07a-eefb-4de6-a136-ad00c66ed42b/datanode-0/data/ratis/492c6e13-f2d0-4acd-b16f-6a547d266db7/sm/snapshot.2_6
2019-09-03 13:27:13,955 [Thread-784] INFO  impl.FollowerState (FollowerState.java:run(114)) - c457019c-a5f1-4607-8867-a3c94525b4a3: FollowerState was interrupted: java.lang.InterruptedException: sleep interrupted
2019-09-03 13:27:13,958 [main] INFO  impl.RaftServerImpl (ServerState.java:close(394)) - c457019c-a5f1-4607-8867-a3c94525b4a3:group-58C057831B68 closes. The last applied log index is 0
2019-09-03 13:27:13,960 [c457019c-a5f1-4607-8867-a3c94525b4a3-SegmentedRaftLogWorker:Storage Directory /workdir/hadoop-ozone/integration-test/target/test-dir/MiniOzoneClusterImpl-5ccca07a-eefb-4de6-a136-ad00c66ed42b/datanode-6/data/ratis/e19147a1-749b-483c-a298-58c057831b68] INFO  segmented.SegmentedRaftLogWorker (SegmentedRaftLogWorker.java:run(313)) - c457019c-a5f1-4607-8867-a3c94525b4a3-SegmentedRaftLogWorker:Storage Directory /workdir/hadoop-ozone/integration-test/target/test-dir/MiniOzoneClusterImpl-5ccca07a-eefb-4de6-a136-ad00c66ed42b/datanode-6/data/ratis/e19147a1-749b-483c-a298-58c057831b68 was interrupted, exiting. There are 0 tasks remaining in the queue.
2019-09-03 13:27:13,970 [main] INFO  segmented.SegmentedRaftLogWorker (SegmentedRaftLogWorker.java:close(228)) - c457019c-a5f1-4607-8867-a3c94525b4a3-SegmentedRaftLogWorker:Storage Directory /workdir/hadoop-ozone/integration-test/target/test-dir/MiniOzoneClusterImpl-5ccca07a-eefb-4de6-a136-ad00c66ed42b/datanode-6/data/ratis/e19147a1-749b-483c-a298-58c057831b68 close()
2019-09-03 13:27:13,972 [StateMachineUpdater:64eb636b-e622-44a3-83bf-2cb002fcd160:group-6A547D266DB7] INFO  ratis.ContainerStateMachine (ContainerStateMachine.java:takeSnapshot(295)) - group-6A547D266DB7: Finished taking a snapshot at:(t:2, i:6) file:/workdir/hadoop-ozone/integration-test/target/test-dir/MiniOzoneClusterImpl-5ccca07a-eefb-4de6-a136-ad00c66ed42b/datanode-0/data/ratis/492c6e13-f2d0-4acd-b16f-6a547d266db7/sm/snapshot.2_6 time:14
2019-09-03 13:27:13,972 [main] INFO  impl.RaftServerImpl (RaftServerImpl.java:lambda$shutdown$3(245)) - c457019c-a5f1-4607-8867-a3c94525b4a3: shutdown group-598893515C23
2019-09-03 13:27:13,972 [StateMachineUpdater:64eb636b-e622-44a3-83bf-2cb002fcd160:group-6A547D266DB7] INFO  impl.StateMachineUpdater (StateMachineUpdater.java:takeSnapshot(242)) - StateMachineUpdater:64eb636b-e622-44a3-83bf-2cb002fcd160:group-6A547D266DB7: Took a snapshot at index 6
2019-09-03 13:27:13,973 [main] INFO  util.JmxRegister (JmxRegister.java:unregister(73)) - Successfully un-registered JMX Bean with object name Ratis:service=RaftServer,group=group-598893515C23,id=c457019c-a5f1-4607-8867-a3c94525b4a3
2019-09-03 13:27:13,973 [StateMachineUpdater:64eb636b-e622-44a3-83bf-2cb002fcd160:group-6A547D266DB7] INFO  impl.StateMachineUpdater (StateMachineUpdater.java:lambda$new$0(80)) - StateMachineUpdater:64eb636b-e622-44a3-83bf-2cb002fcd160:group-6A547D266DB7: snapshotIndex: updateIncreasingly -1 -> 6
2019-09-03 13:27:13,973 [main] INFO  impl.RoleInfo (RoleInfo.java:shutdownLeaderState(104)) - c457019c-a5f1-4607-8867-a3c94525b4a3: shutdown LeaderState
2019-09-03 13:27:13,973 [ForkJoinPool.commonPool-worker-0] INFO  impl.RaftServerImpl (ServerState.java:close(394)) - 64eb636b-e622-44a3-83bf-2cb002fcd160:group-6A547D266DB7 closes. The last applied log index is 8
2019-09-03 13:27:13,973 [main] INFO  impl.PendingRequests (PendingRequests.java:sendNotLeaderResponses(202)) - c457019c-a5f1-4607-8867-a3c94525b4a3-PendingRequests: sendNotLeaderResponses
2019-09-03 13:27:13,974 [64eb636b-e622-44a3-83bf-2cb002fcd160-SegmentedRaftLogWorker:Storage Directory /workdir/hadoop-ozone/integration-test/target/test-dir/MiniOzoneClusterImpl-5ccca07a-eefb-4de6-a136-ad00c66ed42b/datanode-0/data/ratis/492c6e13-f2d0-4acd-b16f-6a547d266db7] INFO  segmented.SegmentedRaftLogWorker (SegmentedRaftLogWorker.java:run(313)) - 64eb636b-e622-44a3-83bf-2cb002fcd160-SegmentedRaftLogWorker:Storage Directory /workdir/hadoop-ozone/integration-test/target/test-dir/MiniOzoneClusterImpl-5ccca07a-eefb-4de6-a136-ad00c66ed42b/datanode-0/data/ratis/492c6e13-f2d0-4acd-b16f-6a547d266db7 was interrupted, exiting. There are 0 tasks remaining in the queue.
2019-09-03 13:27:13,976 [main] INFO  impl.StateMachineUpdater (StateMachineUpdater.java:stopAndJoin(115)) - StateMachineUpdater:c457019c-a5f1-4607-8867-a3c94525b4a3:group-598893515C23: set stopIndex = 0
2019-09-03 13:27:13,976 [ForkJoinPool.commonPool-worker-0] INFO  segmented.SegmentedRaftLogWorker (SegmentedRaftLogWorker.java:close(228)) - 64eb636b-e622-44a3-83bf-2cb002fcd160-SegmentedRaftLogWorker:Storage Directory /workdir/hadoop-ozone/integration-test/target/test-dir/MiniOzoneClusterImpl-5ccca07a-eefb-4de6-a136-ad00c66ed42b/datanode-0/data/ratis/492c6e13-f2d0-4acd-b16f-6a547d266db7 close()
2019-09-03 13:27:13,976 [main] INFO  impl.RaftServerImpl (ServerState.java:close(394)) - c457019c-a5f1-4607-8867-a3c94525b4a3:group-598893515C23 closes. The last applied log index is 0
2019-09-03 13:27:13,978 [ForkJoinPool.commonPool-worker-0] INFO  impl.RaftServerImpl (RaftServerImpl.java:lambda$shutdown$3(245)) - 64eb636b-e622-44a3-83bf-2cb002fcd160: shutdown group-9E8F8AA7F63A
2019-09-03 13:27:13,978 [c457019c-a5f1-4607-8867-a3c94525b4a3-SegmentedRaftLogWorker:Storage Directory /workdir/hadoop-ozone/integration-test/target/test-dir/MiniOzoneClusterImpl-5ccca07a-eefb-4de6-a136-ad00c66ed42b/datanode-6/data/ratis/7d7ff0bd-32fa-4d28-b092-598893515c23] INFO  segmented.SegmentedRaftLogWorker (SegmentedRaftLogWorker.java:run(313)) - c457019c-a5f1-4607-8867-a3c94525b4a3-SegmentedRaftLogWorker:Storage Directory /workdir/hadoop-ozone/integration-test/target/test-dir/MiniOzoneClusterImpl-5ccca07a-eefb-4de6-a136-ad00c66ed42b/datanode-6/data/ratis/7d7ff0bd-32fa-4d28-b092-598893515c23 was interrupted, exiting. There are 0 tasks remaining in the queue.
2019-09-03 13:27:13,978 [ForkJoinPool.commonPool-worker-0] INFO  util.JmxRegister (JmxRegister.java:unregister(73)) - Successfully un-registered JMX Bean with object name Ratis:service=RaftServer,group=group-9E8F8AA7F63A,id=64eb636b-e622-44a3-83bf-2cb002fcd160
2019-09-03 13:27:13,980 [main] INFO  segmented.SegmentedRaftLogWorker (SegmentedRaftLogWorker.java:close(228)) - c457019c-a5f1-4607-8867-a3c94525b4a3-SegmentedRaftLogWorker:Storage Directory /workdir/hadoop-ozone/integration-test/target/test-dir/MiniOzoneClusterImpl-5ccca07a-eefb-4de6-a136-ad00c66ed42b/datanode-6/data/ratis/7d7ff0bd-32fa-4d28-b092-598893515c23 close()
2019-09-03 13:27:13,980 [ForkJoinPool.commonPool-worker-0] INFO  impl.RoleInfo (RoleInfo.java:shutdownLeaderState(104)) - 64eb636b-e622-44a3-83bf-2cb002fcd160: shutdown LeaderState
2019-09-03 13:27:13,985 [main] INFO  server.GrpcService (GrpcService.java:closeImpl(155)) - c457019c-a5f1-4607-8867-a3c94525b4a3: shutdown server with port 45616 now
2019-09-03 13:27:13,985 [ForkJoinPool.commonPool-worker-0] INFO  impl.PendingRequests (PendingRequests.java:sendNotLeaderResponses(202)) - 64eb636b-e622-44a3-83bf-2cb002fcd160-PendingRequests: sendNotLeaderResponses
2019-09-03 13:27:13,986 [main] INFO  server.GrpcService (GrpcService.java:closeImpl(163)) - c457019c-a5f1-4607-8867-a3c94525b4a3: shutdown server with port 45616 successfully
2019-09-03 13:27:13,986 [ForkJoinPool.commonPool-worker-0] INFO  impl.StateMachineUpdater (StateMachineUpdater.java:stopAndJoin(115)) - StateMachineUpdater:64eb636b-e622-44a3-83bf-2cb002fcd160:group-9E8F8AA7F63A: set stopIndex = 0
2019-09-03 13:27:13,987 [ForkJoinPool.commonPool-worker-0] INFO  impl.RaftServerImpl (ServerState.java:close(394)) - 64eb636b-e622-44a3-83bf-2cb002fcd160:group-9E8F8AA7F63A closes. The last applied log index is 0
2019-09-03 13:27:13,987 [64eb636b-e622-44a3-83bf-2cb002fcd160-SegmentedRaftLogWorker:Storage Directory /workdir/hadoop-ozone/integration-test/target/test-dir/MiniOzoneClusterImpl-5ccca07a-eefb-4de6-a136-ad00c66ed42b/datanode-0/data/ratis/18a2ba39-58e9-46c8-bf96-9e8f8aa7f63a] INFO  segmented.SegmentedRaftLogWorker (SegmentedRaftLogWorker.java:run(313)) - 64eb636b-e622-44a3-83bf-2cb002fcd160-SegmentedRaftLogWorker:Storage Directory /workdir/hadoop-ozone/integration-test/target/test-dir/MiniOzoneClusterImpl-5ccca07a-eefb-4de6-a136-ad00c66ed42b/datanode-0/data/ratis/18a2ba39-58e9-46c8-bf96-9e8f8aa7f63a was interrupted, exiting. There are 0 tasks remaining in the queue.
2019-09-03 13:27:13,988 [ForkJoinPool.commonPool-worker-0] INFO  segmented.SegmentedRaftLogWorker (SegmentedRaftLogWorker.java:close(228)) - 64eb636b-e622-44a3-83bf-2cb002fcd160-SegmentedRaftLogWorker:Storage Directory /workdir/hadoop-ozone/integration-test/target/test-dir/MiniOzoneClusterImpl-5ccca07a-eefb-4de6-a136-ad00c66ed42b/datanode-0/data/ratis/18a2ba39-58e9-46c8-bf96-9e8f8aa7f63a close()
2019-09-03 13:27:13,989 [ForkJoinPool.commonPool-worker-0] INFO  server.GrpcService (GrpcService.java:closeImpl(155)) - 64eb636b-e622-44a3-83bf-2cb002fcd160: shutdown server with port 41623 now
2019-09-03 13:27:13,989 [ForkJoinPool.commonPool-worker-0] INFO  server.GrpcService (GrpcService.java:closeImpl(163)) - 64eb636b-e622-44a3-83bf-2cb002fcd160: shutdown server with port 41623 successfully
2019-09-03 13:27:13,989 [refreshUsed-/workdir/hadoop-ozone/integration-test/target/test-dir/MiniOzoneClusterImpl-5ccca07a-eefb-4de6-a136-ad00c66ed42b/datanode-6/data/containers] WARN  fs.CachingGetSpaceUsed (CachingGetSpaceUsed.java:run(183)) - Thread Interrupted waiting to refresh disk information: sleep interrupted
2019-09-03 13:27:13,997 [refreshUsed-/workdir/hadoop-ozone/integration-test/target/test-dir/MiniOzoneClusterImpl-5ccca07a-eefb-4de6-a136-ad00c66ed42b/datanode-0/data/containers] WARN  fs.CachingGetSpaceUsed (CachingGetSpaceUsed.java:run(183)) - Thread Interrupted waiting to refresh disk information: sleep interrupted
2019-09-03 13:27:14,013 [ForkJoinPool.commonPool-worker-0] INFO  utils.BackgroundService (BackgroundService.java:shutdown(148)) - Shutting down service BlockDeletingService
2019-09-03 13:27:14,016 [main] INFO  utils.BackgroundService (BackgroundService.java:shutdown(148)) - Shutting down service BlockDeletingService
2019-09-03 13:27:14,017 [ForkJoinPool.commonPool-worker-0] INFO  statemachine.DatanodeStateMachine (DatanodeStateMachine.java:stopDaemon(395)) - Ozone container server stopped.
2019-09-03 13:27:14,022 [main] INFO  statemachine.DatanodeStateMachine (DatanodeStateMachine.java:stopDaemon(395)) - Ozone container server stopped.
2019-09-03 13:27:14,023 [ForkJoinPool.commonPool-worker-0] INFO  handler.ContextHandler (ContextHandler.java:doStop(910)) - Stopped o.e.j.w.WebAppContext@2b1cd7bc{/,null,UNAVAILABLE}{/hddsDatanode}
2019-09-03 13:27:14,024 [main] INFO  handler.ContextHandler (ContextHandler.java:doStop(910)) - Stopped o.e.j.w.WebAppContext@1b9d9a2b{/,null,UNAVAILABLE}{/hddsDatanode}
2019-09-03 13:27:14,024 [ForkJoinPool.commonPool-worker-0] INFO  server.AbstractConnector (AbstractConnector.java:doStop(318)) - Stopped ServerConnector@33379242{HTTP/1.1,[http/1.1]}{0.0.0.0:0}
2019-09-03 13:27:14,027 [ForkJoinPool.commonPool-worker-0] INFO  handler.ContextHandler (ContextHandler.java:doStop(910)) - Stopped o.e.j.s.ServletContextHandler@267cde2e{/static,jar:file:/home/user/.m2/repository/org/apache/hadoop/hadoop-hdds-container-service/0.5.0-SNAPSHOT/hadoop-hdds-container-service-0.5.0-SNAPSHOT.jar!/webapps/static,UNAVAILABLE}
2019-09-03 13:27:14,027 [main] INFO  server.AbstractConnector (AbstractConnector.java:doStop(318)) - Stopped ServerConnector@d919544{HTTP/1.1,[http/1.1]}{0.0.0.0:0}
2019-09-03 13:27:14,027 [ForkJoinPool.commonPool-worker-0] INFO  handler.ContextHandler (ContextHandler.java:doStop(910)) - Stopped o.e.j.s.ServletContextHandler@4364863{/logs,file:///workdir/hadoop-ozone/integration-test/target/log,UNAVAILABLE}
2019-09-03 13:27:14,027 [main] INFO  handler.ContextHandler (ContextHandler.java:doStop(910)) - Stopped o.e.j.s.ServletContextHandler@5a97b17c{/static,jar:file:/home/user/.m2/repository/org/apache/hadoop/hadoop-hdds-container-service/0.5.0-SNAPSHOT/hadoop-hdds-container-service-0.5.0-SNAPSHOT.jar!/webapps/static,UNAVAILABLE}
2019-09-03 13:27:14,028 [main] INFO  handler.ContextHandler (ContextHandler.java:doStop(910)) - Stopped o.e.j.s.ServletContextHandler@77c1e611{/logs,file:///workdir/hadoop-ozone/integration-test/target/log,UNAVAILABLE}
2019-09-03 13:27:14,317 [Datanode State Machine Thread - 0] INFO  statemachine.DatanodeStateMachine (DatanodeStateMachine.java:lambda$startDaemon$0(350)) - Ozone container server started.
2019-09-03 13:27:17,197 [Thread-783] INFO  impl.FollowerState (FollowerState.java:run(106)) - 9fd2e8bf-6fc9-4e37-b01d-233d0c9c394e:group-58C057831B68 changes to CANDIDATE, lastRpcTime:8600, electionTimeout:5097ms
2019-09-03 13:27:17,197 [Thread-783] INFO  impl.RoleInfo (RoleInfo.java:shutdownFollowerState(121)) - 9fd2e8bf-6fc9-4e37-b01d-233d0c9c394e: shutdown FollowerState
2019-09-03 13:27:17,197 [Thread-783] INFO  impl.RaftServerImpl (RaftServerImpl.java:setRole(171)) - 9fd2e8bf-6fc9-4e37-b01d-233d0c9c394e:group-58C057831B68 changes role from FOLLOWER to CANDIDATE at term 1 for changeToCandidate
2019-09-03 13:27:17,197 [Thread-783] INFO  impl.RoleInfo (RoleInfo.java:updateAndGet(143)) - 9fd2e8bf-6fc9-4e37-b01d-233d0c9c394e: start LeaderElection
2019-09-03 13:27:17,202 [9fd2e8bf-6fc9-4e37-b01d-233d0c9c394e:group-58C057831B68:LeaderElection24] INFO  impl.RaftServerImpl (ServerState.java:setLeader(263)) - 9fd2e8bf-6fc9-4e37-b01d-233d0c9c394e:group-58C057831B68 change Leader from 6a8167cd-c22a-4fc4-a15e-fd6bf639f419 to null at term 1 for initElection
2019-09-03 13:27:17,216 [9fd2e8bf-6fc9-4e37-b01d-233d0c9c394e:group-58C057831B68:LeaderElection24] INFO  impl.LeaderElection (LeaderElection.java:askForVotes(181)) - 9fd2e8bf-6fc9-4e37-b01d-233d0c9c394e:group-58C057831B68:LeaderElection24: begin an election at term 2 for 0: [9fd2e8bf-6fc9-4e37-b01d-233d0c9c394e:192.168.34.13:44076, c457019c-a5f1-4607-8867-a3c94525b4a3:192.168.34.13:45616, 6a8167cd-c22a-4fc4-a15e-fd6bf639f419:192.168.34.13:34640], old=null
2019-09-03 13:27:17,225 [9fd2e8bf-6fc9-4e37-b01d-233d0c9c394e:group-58C057831B68:LeaderElection24] INFO  impl.LeaderElection (LogUtils.java:infoOrTrace(149)) - 9fd2e8bf-6fc9-4e37-b01d-233d0c9c394e:group-58C057831B68:LeaderElection24 got exception when requesting votes: {}
java.util.concurrent.ExecutionException: org.apache.ratis.thirdparty.io.grpc.StatusRuntimeException: UNAVAILABLE: io exception
	at java.util.concurrent.FutureTask.report(FutureTask.java:122)
	at java.util.concurrent.FutureTask.get(FutureTask.java:192)
	at org.apache.ratis.server.impl.LeaderElection.waitForResults(LeaderElection.java:262)
	at org.apache.ratis.server.impl.LeaderElection.askForVotes(LeaderElection.java:200)
	at org.apache.ratis.server.impl.LeaderElection.run(LeaderElection.java:130)
	at java.lang.Thread.run(Thread.java:748)
Caused by: org.apache.ratis.thirdparty.io.grpc.StatusRuntimeException: UNAVAILABLE: io exception
	at org.apache.ratis.thirdparty.io.grpc.stub.ClientCalls.toStatusRuntimeException(ClientCalls.java:233)
	at org.apache.ratis.thirdparty.io.grpc.stub.ClientCalls.getUnchecked(ClientCalls.java:214)
	at org.apache.ratis.thirdparty.io.grpc.stub.ClientCalls.blockingUnaryCall(ClientCalls.java:139)
	at org.apache.ratis.proto.grpc.RaftServerProtocolServiceGrpc$RaftServerProtocolServiceBlockingStub.requestVote(RaftServerProtocolServiceGrpc.java:265)
	at org.apache.ratis.grpc.server.GrpcServerProtocolClient.requestVote(GrpcServerProtocolClient.java:83)
	at org.apache.ratis.grpc.server.GrpcService.requestVote(GrpcService.java:195)
	at org.apache.ratis.server.impl.LeaderElection.lambda$submitRequests$1(LeaderElection.java:237)
	at java.util.concurrent.FutureTask.run(FutureTask.java:266)
	at java.util.concurrent.Executors$RunnableAdapter.call(Executors.java:511)
	at java.util.concurrent.FutureTask.run(FutureTask.java:266)
	at java.util.concurrent.ThreadPoolExecutor.runWorker(ThreadPoolExecutor.java:1149)
	at java.util.concurrent.ThreadPoolExecutor$Worker.run(ThreadPoolExecutor.java:624)
	... 1 more
Caused by: org.apache.ratis.thirdparty.io.netty.channel.AbstractChannel$AnnotatedConnectException: Connection refused: /192.168.34.13:45616
	at sun.nio.ch.SocketChannelImpl.checkConnect(Native Method)
	at sun.nio.ch.SocketChannelImpl.finishConnect(SocketChannelImpl.java:717)
	at org.apache.ratis.thirdparty.io.netty.channel.socket.nio.NioSocketChannel.doFinishConnect(NioSocketChannel.java:327)
	at org.apache.ratis.thirdparty.io.netty.channel.nio.AbstractNioChannel$AbstractNioUnsafe.finishConnect(AbstractNioChannel.java:340)
	at org.apache.ratis.thirdparty.io.netty.channel.nio.NioEventLoop.processSelectedKey(NioEventLoop.java:632)
	at org.apache.ratis.thirdparty.io.netty.channel.nio.NioEventLoop.processSelectedKeysOptimized(NioEventLoop.java:579)
	at org.apache.ratis.thirdparty.io.netty.channel.nio.NioEventLoop.processSelectedKeys(NioEventLoop.java:496)
	at org.apache.ratis.thirdparty.io.netty.channel.nio.NioEventLoop.run(NioEventLoop.java:458)
	at org.apache.ratis.thirdparty.io.netty.util.concurrent.SingleThreadEventExecutor$5.run(SingleThreadEventExecutor.java:897)
	at org.apache.ratis.thirdparty.io.netty.util.concurrent.FastThreadLocalRunnable.run(FastThreadLocalRunnable.java:30)
	... 1 more
Caused by: java.net.ConnectException: Connection refused
	... 11 more
2019-09-03 13:27:17,228 [9fd2e8bf-6fc9-4e37-b01d-233d0c9c394e:group-58C057831B68:LeaderElection24] INFO  impl.LeaderElection (LogUtils.java:infoOrTrace(149)) - 9fd2e8bf-6fc9-4e37-b01d-233d0c9c394e:group-58C057831B68:LeaderElection24 got exception when requesting votes: {}
java.util.concurrent.ExecutionException: org.apache.ratis.thirdparty.io.grpc.StatusRuntimeException: UNAVAILABLE: io exception
	at java.util.concurrent.FutureTask.report(FutureTask.java:122)
	at java.util.concurrent.FutureTask.get(FutureTask.java:192)
	at org.apache.ratis.server.impl.LeaderElection.waitForResults(LeaderElection.java:262)
	at org.apache.ratis.server.impl.LeaderElection.askForVotes(LeaderElection.java:200)
	at org.apache.ratis.server.impl.LeaderElection.run(LeaderElection.java:130)
	at java.lang.Thread.run(Thread.java:748)
Caused by: org.apache.ratis.thirdparty.io.grpc.StatusRuntimeException: UNAVAILABLE: io exception
	at org.apache.ratis.thirdparty.io.grpc.stub.ClientCalls.toStatusRuntimeException(ClientCalls.java:233)
	at org.apache.ratis.thirdparty.io.grpc.stub.ClientCalls.getUnchecked(ClientCalls.java:214)
	at org.apache.ratis.thirdparty.io.grpc.stub.ClientCalls.blockingUnaryCall(ClientCalls.java:139)
	at org.apache.ratis.proto.grpc.RaftServerProtocolServiceGrpc$RaftServerProtocolServiceBlockingStub.requestVote(RaftServerProtocolServiceGrpc.java:265)
	at org.apache.ratis.grpc.server.GrpcServerProtocolClient.requestVote(GrpcServerProtocolClient.java:83)
	at org.apache.ratis.grpc.server.GrpcService.requestVote(GrpcService.java:195)
	at org.apache.ratis.server.impl.LeaderElection.lambda$submitRequests$1(LeaderElection.java:237)
	at java.util.concurrent.FutureTask.run(FutureTask.java:266)
	at java.util.concurrent.Executors$RunnableAdapter.call(Executors.java:511)
	at java.util.concurrent.FutureTask.run(FutureTask.java:266)
	at java.util.concurrent.ThreadPoolExecutor.runWorker(ThreadPoolExecutor.java:1149)
	at java.util.concurrent.ThreadPoolExecutor$Worker.run(ThreadPoolExecutor.java:624)
	... 1 more
Caused by: org.apache.ratis.thirdparty.io.netty.channel.AbstractChannel$AnnotatedConnectException: Connection refused: /192.168.34.13:34640
	at sun.nio.ch.SocketChannelImpl.checkConnect(Native Method)
	at sun.nio.ch.SocketChannelImpl.finishConnect(SocketChannelImpl.java:717)
	at org.apache.ratis.thirdparty.io.netty.channel.socket.nio.NioSocketChannel.doFinishConnect(NioSocketChannel.java:327)
	at org.apache.ratis.thirdparty.io.netty.channel.nio.AbstractNioChannel$AbstractNioUnsafe.finishConnect(AbstractNioChannel.java:340)
	at org.apache.ratis.thirdparty.io.netty.channel.nio.NioEventLoop.processSelectedKey(NioEventLoop.java:632)
	at org.apache.ratis.thirdparty.io.netty.channel.nio.NioEventLoop.processSelectedKeysOptimized(NioEventLoop.java:579)
	at org.apache.ratis.thirdparty.io.netty.channel.nio.NioEventLoop.processSelectedKeys(NioEventLoop.java:496)
	at org.apache.ratis.thirdparty.io.netty.channel.nio.NioEventLoop.run(NioEventLoop.java:458)
	at org.apache.ratis.thirdparty.io.netty.util.concurrent.SingleThreadEventExecutor$5.run(SingleThreadEventExecutor.java:897)
	at org.apache.ratis.thirdparty.io.netty.util.concurrent.FastThreadLocalRunnable.run(FastThreadLocalRunnable.java:30)
	... 1 more
Caused by: java.net.ConnectException: Connection refused
	... 11 more
2019-09-03 13:27:17,229 [9fd2e8bf-6fc9-4e37-b01d-233d0c9c394e:group-58C057831B68:LeaderElection24] INFO  impl.LeaderElection (LeaderElection.java:logAndReturn(56)) - 9fd2e8bf-6fc9-4e37-b01d-233d0c9c394e:group-58C057831B68:LeaderElection24: Election REJECTED; received 0 response(s) [] and 2 exception(s); 9fd2e8bf-6fc9-4e37-b01d-233d0c9c394e:t2, leader=null, voted=9fd2e8bf-6fc9-4e37-b01d-233d0c9c394e, raftlog=9fd2e8bf-6fc9-4e37-b01d-233d0c9c394e-SegmentedRaftLog:OPENED:c0,f0,i0, conf=0: [9fd2e8bf-6fc9-4e37-b01d-233d0c9c394e:192.168.34.13:44076, c457019c-a5f1-4607-8867-a3c94525b4a3:192.168.34.13:45616, 6a8167cd-c22a-4fc4-a15e-fd6bf639f419:192.168.34.13:34640], old=null
2019-09-03 13:27:17,229 [9fd2e8bf-6fc9-4e37-b01d-233d0c9c394e:group-58C057831B68:LeaderElection24] INFO  impl.LeaderElection (LogUtils.java:infoOrTrace(149)) -   Exception 0: {}
java.util.concurrent.ExecutionException: org.apache.ratis.thirdparty.io.grpc.StatusRuntimeException: UNAVAILABLE: io exception
	at java.util.concurrent.FutureTask.report(FutureTask.java:122)
	at java.util.concurrent.FutureTask.get(FutureTask.java:192)
	at org.apache.ratis.server.impl.LeaderElection.waitForResults(LeaderElection.java:262)
	at org.apache.ratis.server.impl.LeaderElection.askForVotes(LeaderElection.java:200)
	at org.apache.ratis.server.impl.LeaderElection.run(LeaderElection.java:130)
	at java.lang.Thread.run(Thread.java:748)
Caused by: org.apache.ratis.thirdparty.io.grpc.StatusRuntimeException: UNAVAILABLE: io exception
	at org.apache.ratis.thirdparty.io.grpc.stub.ClientCalls.toStatusRuntimeException(ClientCalls.java:233)
	at org.apache.ratis.thirdparty.io.grpc.stub.ClientCalls.getUnchecked(ClientCalls.java:214)
	at org.apache.ratis.thirdparty.io.grpc.stub.ClientCalls.blockingUnaryCall(ClientCalls.java:139)
	at org.apache.ratis.proto.grpc.RaftServerProtocolServiceGrpc$RaftServerProtocolServiceBlockingStub.requestVote(RaftServerProtocolServiceGrpc.java:265)
	at org.apache.ratis.grpc.server.GrpcServerProtocolClient.requestVote(GrpcServerProtocolClient.java:83)
	at org.apache.ratis.grpc.server.GrpcService.requestVote(GrpcService.java:195)
	at org.apache.ratis.server.impl.LeaderElection.lambda$submitRequests$1(LeaderElection.java:237)
	at java.util.concurrent.FutureTask.run(FutureTask.java:266)
	at java.util.concurrent.Executors$RunnableAdapter.call(Executors.java:511)
	at java.util.concurrent.FutureTask.run(FutureTask.java:266)
	at java.util.concurrent.ThreadPoolExecutor.runWorker(ThreadPoolExecutor.java:1149)
	at java.util.concurrent.ThreadPoolExecutor$Worker.run(ThreadPoolExecutor.java:624)
	... 1 more
Caused by: org.apache.ratis.thirdparty.io.netty.channel.AbstractChannel$AnnotatedConnectException: Connection refused: /192.168.34.13:45616
	at sun.nio.ch.SocketChannelImpl.checkConnect(Native Method)
	at sun.nio.ch.SocketChannelImpl.finishConnect(SocketChannelImpl.java:717)
	at org.apache.ratis.thirdparty.io.netty.channel.socket.nio.NioSocketChannel.doFinishConnect(NioSocketChannel.java:327)
	at org.apache.ratis.thirdparty.io.netty.channel.nio.AbstractNioChannel$AbstractNioUnsafe.finishConnect(AbstractNioChannel.java:340)
	at org.apache.ratis.thirdparty.io.netty.channel.nio.NioEventLoop.processSelectedKey(NioEventLoop.java:632)
	at org.apache.ratis.thirdparty.io.netty.channel.nio.NioEventLoop.processSelectedKeysOptimized(NioEventLoop.java:579)
	at org.apache.ratis.thirdparty.io.netty.channel.nio.NioEventLoop.processSelectedKeys(NioEventLoop.java:496)
	at org.apache.ratis.thirdparty.io.netty.channel.nio.NioEventLoop.run(NioEventLoop.java:458)
	at org.apache.ratis.thirdparty.io.netty.util.concurrent.SingleThreadEventExecutor$5.run(SingleThreadEventExecutor.java:897)
	at org.apache.ratis.thirdparty.io.netty.util.concurrent.FastThreadLocalRunnable.run(FastThreadLocalRunnable.java:30)
	... 1 more
Caused by: java.net.ConnectException: Connection refused
	... 11 more
2019-09-03 13:27:17,229 [9fd2e8bf-6fc9-4e37-b01d-233d0c9c394e:group-58C057831B68:LeaderElection24] INFO  impl.LeaderElection (LogUtils.java:infoOrTrace(149)) -   Exception 1: {}
java.util.concurrent.ExecutionException: org.apache.ratis.thirdparty.io.grpc.StatusRuntimeException: UNAVAILABLE: io exception
	at java.util.concurrent.FutureTask.report(FutureTask.java:122)
	at java.util.concurrent.FutureTask.get(FutureTask.java:192)
	at org.apache.ratis.server.impl.LeaderElection.waitForResults(LeaderElection.java:262)
	at org.apache.ratis.server.impl.LeaderElection.askForVotes(LeaderElection.java:200)
	at org.apache.ratis.server.impl.LeaderElection.run(LeaderElection.java:130)
	at java.lang.Thread.run(Thread.java:748)
Caused by: org.apache.ratis.thirdparty.io.grpc.StatusRuntimeException: UNAVAILABLE: io exception
	at org.apache.ratis.thirdparty.io.grpc.stub.ClientCalls.toStatusRuntimeException(ClientCalls.java:233)
	at org.apache.ratis.thirdparty.io.grpc.stub.ClientCalls.getUnchecked(ClientCalls.java:214)
	at org.apache.ratis.thirdparty.io.grpc.stub.ClientCalls.blockingUnaryCall(ClientCalls.java:139)
	at org.apache.ratis.proto.grpc.RaftServerProtocolServiceGrpc$RaftServerProtocolServiceBlockingStub.requestVote(RaftServerProtocolServiceGrpc.java:265)
	at org.apache.ratis.grpc.server.GrpcServerProtocolClient.requestVote(GrpcServerProtocolClient.java:83)
	at org.apache.ratis.grpc.server.GrpcService.requestVote(GrpcService.java:195)
	at org.apache.ratis.server.impl.LeaderElection.lambda$submitRequests$1(LeaderElection.java:237)
	at java.util.concurrent.FutureTask.run(FutureTask.java:266)
	at java.util.concurrent.Executors$RunnableAdapter.call(Executors.java:511)
	at java.util.concurrent.FutureTask.run(FutureTask.java:266)
	at java.util.concurrent.ThreadPoolExecutor.runWorker(ThreadPoolExecutor.java:1149)
	at java.util.concurrent.ThreadPoolExecutor$Worker.run(ThreadPoolExecutor.java:624)
	... 1 more
Caused by: org.apache.ratis.thirdparty.io.netty.channel.AbstractChannel$AnnotatedConnectException: Connection refused: /192.168.34.13:34640
	at sun.nio.ch.SocketChannelImpl.checkConnect(Native Method)
	at sun.nio.ch.SocketChannelImpl.finishConnect(SocketChannelImpl.java:717)
	at org.apache.ratis.thirdparty.io.netty.channel.socket.nio.NioSocketChannel.doFinishConnect(NioSocketChannel.java:327)
	at org.apache.ratis.thirdparty.io.netty.channel.nio.AbstractNioChannel$AbstractNioUnsafe.finishConnect(AbstractNioChannel.java:340)
	at org.apache.ratis.thirdparty.io.netty.channel.nio.NioEventLoop.processSelectedKey(NioEventLoop.java:632)
	at org.apache.ratis.thirdparty.io.netty.channel.nio.NioEventLoop.processSelectedKeysOptimized(NioEventLoop.java:579)
	at org.apache.ratis.thirdparty.io.netty.channel.nio.NioEventLoop.processSelectedKeys(NioEventLoop.java:496)
	at org.apache.ratis.thirdparty.io.netty.channel.nio.NioEventLoop.run(NioEventLoop.java:458)
	at org.apache.ratis.thirdparty.io.netty.util.concurrent.SingleThreadEventExecutor$5.run(SingleThreadEventExecutor.java:897)
	at org.apache.ratis.thirdparty.io.netty.util.concurrent.FastThreadLocalRunnable.run(FastThreadLocalRunnable.java:30)
	... 1 more
Caused by: java.net.ConnectException: Connection refused
	... 11 more
2019-09-03 13:27:17,230 [9fd2e8bf-6fc9-4e37-b01d-233d0c9c394e:group-58C057831B68:LeaderElection24] INFO  impl.RaftServerImpl (RaftServerImpl.java:setRole(171)) - 9fd2e8bf-6fc9-4e37-b01d-233d0c9c394e:group-58C057831B68 changes role from CANDIDATE to FOLLOWER at term 2 for DISCOVERED_A_NEW_TERM
2019-09-03 13:27:17,231 [9fd2e8bf-6fc9-4e37-b01d-233d0c9c394e:group-58C057831B68:LeaderElection24] INFO  impl.RoleInfo (RoleInfo.java:shutdownLeaderElection(134)) - 9fd2e8bf-6fc9-4e37-b01d-233d0c9c394e: shutdown LeaderElection
2019-09-03 13:27:17,231 [9fd2e8bf-6fc9-4e37-b01d-233d0c9c394e:group-58C057831B68:LeaderElection24] INFO  impl.RoleInfo (RoleInfo.java:updateAndGet(143)) - 9fd2e8bf-6fc9-4e37-b01d-233d0c9c394e: start FollowerState
2019-09-03 13:27:19,029 [ForkJoinPool.commonPool-worker-0] INFO  ozoneimpl.OzoneContainer (OzoneContainer.java:stop(215)) - Attempting to stop container services.
2019-09-03 13:27:19,030 [ForkJoinPool.commonPool-worker-0] INFO  impl.RaftServerProxy (RaftServerProxy.java:lambda$close$4(314)) - 9fd2e8bf-6fc9-4e37-b01d-233d0c9c394e: close
2019-09-03 13:27:19,031 [ForkJoinPool.commonPool-worker-0] INFO  impl.RaftServerImpl (RaftServerImpl.java:lambda$shutdown$3(245)) - 9fd2e8bf-6fc9-4e37-b01d-233d0c9c394e: shutdown group-58C057831B68
2019-09-03 13:27:19,031 [ForkJoinPool.commonPool-worker-0] INFO  util.JmxRegister (JmxRegister.java:unregister(73)) - Successfully un-registered JMX Bean with object name Ratis:service=RaftServer,group=group-58C057831B68,id=9fd2e8bf-6fc9-4e37-b01d-233d0c9c394e
2019-09-03 13:27:19,031 [ForkJoinPool.commonPool-worker-0] INFO  impl.RoleInfo (RoleInfo.java:shutdownFollowerState(121)) - 9fd2e8bf-6fc9-4e37-b01d-233d0c9c394e: shutdown FollowerState
2019-09-03 13:27:19,032 [ForkJoinPool.commonPool-worker-0] INFO  impl.StateMachineUpdater (StateMachineUpdater.java:stopAndJoin(115)) - StateMachineUpdater:9fd2e8bf-6fc9-4e37-b01d-233d0c9c394e:group-58C057831B68: set stopIndex = 0
2019-09-03 13:27:19,032 [Thread-1755] INFO  impl.FollowerState (FollowerState.java:run(114)) - 9fd2e8bf-6fc9-4e37-b01d-233d0c9c394e: FollowerState was interrupted: java.lang.InterruptedException: sleep interrupted
2019-09-03 13:27:19,034 [ForkJoinPool.commonPool-worker-0] INFO  impl.RaftServerImpl (ServerState.java:close(394)) - 9fd2e8bf-6fc9-4e37-b01d-233d0c9c394e:group-58C057831B68 closes. The last applied log index is 0
2019-09-03 13:27:19,035 [9fd2e8bf-6fc9-4e37-b01d-233d0c9c394e-SegmentedRaftLogWorker:Storage Directory /workdir/hadoop-ozone/integration-test/target/test-dir/MiniOzoneClusterImpl-5ccca07a-eefb-4de6-a136-ad00c66ed42b/datanode-5/data/ratis/e19147a1-749b-483c-a298-58c057831b68] INFO  segmented.SegmentedRaftLogWorker (SegmentedRaftLogWorker.java:run(313)) - 9fd2e8bf-6fc9-4e37-b01d-233d0c9c394e-SegmentedRaftLogWorker:Storage Directory /workdir/hadoop-ozone/integration-test/target/test-dir/MiniOzoneClusterImpl-5ccca07a-eefb-4de6-a136-ad00c66ed42b/datanode-5/data/ratis/e19147a1-749b-483c-a298-58c057831b68 was interrupted, exiting. There are 0 tasks remaining in the queue.
2019-09-03 13:27:19,035 [ForkJoinPool.commonPool-worker-0] INFO  segmented.SegmentedRaftLogWorker (SegmentedRaftLogWorker.java:close(228)) - 9fd2e8bf-6fc9-4e37-b01d-233d0c9c394e-SegmentedRaftLogWorker:Storage Directory /workdir/hadoop-ozone/integration-test/target/test-dir/MiniOzoneClusterImpl-5ccca07a-eefb-4de6-a136-ad00c66ed42b/datanode-5/data/ratis/e19147a1-749b-483c-a298-58c057831b68 close()
2019-09-03 13:27:19,036 [ForkJoinPool.commonPool-worker-0] INFO  impl.RaftServerImpl (RaftServerImpl.java:lambda$shutdown$3(245)) - 9fd2e8bf-6fc9-4e37-b01d-233d0c9c394e: shutdown group-20DC2A7C5D69
2019-09-03 13:27:19,036 [ForkJoinPool.commonPool-worker-0] INFO  util.JmxRegister (JmxRegister.java:unregister(73)) - Successfully un-registered JMX Bean with object name Ratis:service=RaftServer,group=group-20DC2A7C5D69,id=9fd2e8bf-6fc9-4e37-b01d-233d0c9c394e
2019-09-03 13:27:19,037 [ForkJoinPool.commonPool-worker-0] INFO  impl.RoleInfo (RoleInfo.java:shutdownLeaderState(104)) - 9fd2e8bf-6fc9-4e37-b01d-233d0c9c394e: shutdown LeaderState
2019-09-03 13:27:19,037 [ForkJoinPool.commonPool-worker-0] INFO  impl.PendingRequests (PendingRequests.java:sendNotLeaderResponses(202)) - 9fd2e8bf-6fc9-4e37-b01d-233d0c9c394e-PendingRequests: sendNotLeaderResponses
2019-09-03 13:27:19,038 [ForkJoinPool.commonPool-worker-0] INFO  impl.StateMachineUpdater (StateMachineUpdater.java:stopAndJoin(115)) - StateMachineUpdater:9fd2e8bf-6fc9-4e37-b01d-233d0c9c394e:group-20DC2A7C5D69: set stopIndex = 0
2019-09-03 13:27:19,038 [ForkJoinPool.commonPool-worker-0] INFO  impl.RaftServerImpl (ServerState.java:close(394)) - 9fd2e8bf-6fc9-4e37-b01d-233d0c9c394e:group-20DC2A7C5D69 closes. The last applied log index is 0
2019-09-03 13:27:19,039 [9fd2e8bf-6fc9-4e37-b01d-233d0c9c394e-SegmentedRaftLogWorker:Storage Directory /workdir/hadoop-ozone/integration-test/target/test-dir/MiniOzoneClusterImpl-5ccca07a-eefb-4de6-a136-ad00c66ed42b/datanode-5/data/ratis/8de51731-b62d-4e23-b438-20dc2a7c5d69] INFO  segmented.SegmentedRaftLogWorker (SegmentedRaftLogWorker.java:run(313)) - 9fd2e8bf-6fc9-4e37-b01d-233d0c9c394e-SegmentedRaftLogWorker:Storage Directory /workdir/hadoop-ozone/integration-test/target/test-dir/MiniOzoneClusterImpl-5ccca07a-eefb-4de6-a136-ad00c66ed42b/datanode-5/data/ratis/8de51731-b62d-4e23-b438-20dc2a7c5d69 was interrupted, exiting. There are 0 tasks remaining in the queue.
2019-09-03 13:27:19,039 [ForkJoinPool.commonPool-worker-0] INFO  segmented.SegmentedRaftLogWorker (SegmentedRaftLogWorker.java:close(228)) - 9fd2e8bf-6fc9-4e37-b01d-233d0c9c394e-SegmentedRaftLogWorker:Storage Directory /workdir/hadoop-ozone/integration-test/target/test-dir/MiniOzoneClusterImpl-5ccca07a-eefb-4de6-a136-ad00c66ed42b/datanode-5/data/ratis/8de51731-b62d-4e23-b438-20dc2a7c5d69 close()
2019-09-03 13:27:19,040 [ForkJoinPool.commonPool-worker-0] INFO  server.GrpcService (GrpcService.java:closeImpl(155)) - 9fd2e8bf-6fc9-4e37-b01d-233d0c9c394e: shutdown server with port 44076 now
2019-09-03 13:27:19,043 [ForkJoinPool.commonPool-worker-0] INFO  server.GrpcService (GrpcService.java:closeImpl(163)) - 9fd2e8bf-6fc9-4e37-b01d-233d0c9c394e: shutdown server with port 44076 successfully
2019-09-03 13:27:19,045 [refreshUsed-/workdir/hadoop-ozone/integration-test/target/test-dir/MiniOzoneClusterImpl-5ccca07a-eefb-4de6-a136-ad00c66ed42b/datanode-5/data/containers] WARN  fs.CachingGetSpaceUsed (CachingGetSpaceUsed.java:run(183)) - Thread Interrupted waiting to refresh disk information: sleep interrupted
2019-09-03 13:27:19,062 [ForkJoinPool.commonPool-worker-0] INFO  utils.BackgroundService (BackgroundService.java:shutdown(148)) - Shutting down service BlockDeletingService
2019-09-03 13:27:19,064 [ForkJoinPool.commonPool-worker-0] INFO  statemachine.DatanodeStateMachine (DatanodeStateMachine.java:stopDaemon(395)) - Ozone container server stopped.
2019-09-03 13:27:19,066 [ForkJoinPool.commonPool-worker-0] INFO  handler.ContextHandler (ContextHandler.java:doStop(910)) - Stopped o.e.j.w.WebAppContext@4887de2b{/,null,UNAVAILABLE}{/hddsDatanode}
2019-09-03 13:27:19,067 [ForkJoinPool.commonPool-worker-0] INFO  server.AbstractConnector (AbstractConnector.java:doStop(318)) - Stopped ServerConnector@3b4825f0{HTTP/1.1,[http/1.1]}{0.0.0.0:0}
2019-09-03 13:27:19,067 [ForkJoinPool.commonPool-worker-0] INFO  handler.ContextHandler (ContextHandler.java:doStop(910)) - Stopped o.e.j.s.ServletContextHandler@e95595b{/static,jar:file:/home/user/.m2/repository/org/apache/hadoop/hadoop-hdds-container-service/0.5.0-SNAPSHOT/hadoop-hdds-container-service-0.5.0-SNAPSHOT.jar!/webapps/static,UNAVAILABLE}
2019-09-03 13:27:19,067 [ForkJoinPool.commonPool-worker-0] INFO  handler.ContextHandler (ContextHandler.java:doStop(910)) - Stopped o.e.j.s.ServletContextHandler@771a7d53{/logs,file:///workdir/hadoop-ozone/integration-test/target/log,UNAVAILABLE}
2019-09-03 13:27:19,068 [main] INFO  ozone.MiniOzoneClusterImpl (MiniOzoneClusterImpl.java:stop(339)) - Stopping the StorageContainerManager
2019-09-03 13:27:19,068 [main] INFO  server.StorageContainerManager (StorageContainerManager.java:stop(797)) - Stopping Replication Manager Service.
2019-09-03 13:27:19,069 [main] INFO  container.ReplicationManager (ReplicationManager.java:stop(203)) - Stopping Replication Monitor Thread.
2019-09-03 13:27:19,069 [main] INFO  server.StorageContainerManager (StorageContainerManager.java:stop(804)) - Stopping Lease Manager of the command watchers
2019-09-03 13:27:19,069 [main] INFO  server.StorageContainerManager (StorageContainerManager.java:stop(811)) - Stopping datanode service RPC server
2019-09-03 13:27:19,069 [main] INFO  server.SCMDatanodeProtocolServer (SCMDatanodeProtocolServer.java:stop(367)) - Stopping the RPC server for DataNodes
2019-09-03 13:27:19,069 [main] INFO  ipc.Server (Server.java:stop(3082)) - Stopping server on 45848
2019-09-03 13:27:19,072 [IPC Server listener on 45848] INFO  ipc.Server (Server.java:run(1185)) - Stopping IPC Server listener on 45848
2019-09-03 13:27:19,072 [IPC Server Responder] INFO  ipc.Server (Server.java:run(1319)) - Stopping IPC Server Responder
2019-09-03 13:27:19,142 [SCM Heartbeat Processing Thread - 0] WARN  node.NodeStateManager (NodeStateManager.java:scheduleNextHealthCheck(646)) - Current Thread is interrupted, shutting down HB processing thread for Node Manager.
2019-09-03 13:27:19,142 [main] INFO  server.StorageContainerManager (StorageContainerManager.java:stop(819)) - Stopping block service RPC server
2019-09-03 13:27:19,143 [main] INFO  server.SCMBlockProtocolServer (SCMBlockProtocolServer.java:stop(155)) - Stopping the RPC server for Block Protocol
2019-09-03 13:27:19,143 [main] INFO  ipc.Server (Server.java:stop(3082)) - Stopping server on 39990
2019-09-03 13:27:19,145 [IPC Server listener on 39990] INFO  ipc.Server (Server.java:run(1185)) - Stopping IPC Server listener on 39990
2019-09-03 13:27:19,145 [main] INFO  server.StorageContainerManager (StorageContainerManager.java:stop(826)) - Stopping the StorageContainerLocationProtocol RPC server
2019-09-03 13:27:19,146 [main] INFO  server.SCMClientProtocolServer (SCMClientProtocolServer.java:stop(159)) - Stopping the RPC server for Client Protocol
2019-09-03 13:27:19,147 [IPC Server Responder] INFO  ipc.Server (Server.java:run(1319)) - Stopping IPC Server Responder
2019-09-03 13:27:19,147 [main] INFO  ipc.Server (Server.java:stop(3082)) - Stopping server on 44001
2019-09-03 13:27:19,149 [IPC Server listener on 44001] INFO  ipc.Server (Server.java:run(1185)) - Stopping IPC Server listener on 44001
2019-09-03 13:27:19,149 [main] INFO  server.StorageContainerManager (StorageContainerManager.java:stop(833)) - Stopping Storage Container Manager HTTP server.
2019-09-03 13:27:19,149 [IPC Server Responder] INFO  ipc.Server (Server.java:run(1319)) - Stopping IPC Server Responder
2019-09-03 13:27:19,150 [main] INFO  handler.ContextHandler (ContextHandler.java:doStop(910)) - Stopped o.e.j.w.WebAppContext@30893e08{/,null,UNAVAILABLE}{/scm}
2019-09-03 13:27:19,151 [main] INFO  server.AbstractConnector (AbstractConnector.java:doStop(318)) - Stopped ServerConnector@2e86807a{HTTP/1.1,[http/1.1]}{0.0.0.0:0}
2019-09-03 13:27:19,151 [main] INFO  handler.ContextHandler (ContextHandler.java:doStop(910)) - Stopped o.e.j.s.ServletContextHandler@2c413ffc{/static,file:///workdir/hadoop-ozone/integration-test/target/test-classes/webapps/static,UNAVAILABLE}
2019-09-03 13:27:19,151 [main] INFO  handler.ContextHandler (ContextHandler.java:doStop(910)) - Stopped o.e.j.s.ServletContextHandler@2e26173{/logs,file:///workdir/hadoop-ozone/integration-test/target/log,UNAVAILABLE}
2019-09-03 13:27:19,152 [main] INFO  server.StorageContainerManager (StorageContainerManager.java:stop(844)) - Stopping Block Manager Service.
2019-09-03 13:27:19,153 [main] INFO  utils.BackgroundService (BackgroundService.java:shutdown(148)) - Shutting down service SCMBlockDeletingService
2019-09-03 13:27:19,153 [main] INFO  utils.BackgroundService (BackgroundService.java:shutdown(148)) - Shutting down service SCMBlockDeletingService
2019-09-03 13:27:19,153 [main] INFO  server.StorageContainerManager (StorageContainerManager.java:stop(866)) - Stopping SCM Event Queue.
2019-09-03 13:27:19,156 [main] INFO  impl.MetricsSystemImpl (MetricsSystemImpl.java:stop(210)) - Stopping HddsDatanode metrics system...
2019-09-03 13:27:19,160 [main] INFO  impl.MetricsSystemImpl (MetricsSystemImpl.java:stop(216)) - HddsDatanode metrics system stopped.
]]></system-out>
  </testcase>
</testsuite>